<?xml version="1.0" encoding="UTF-8"?>
<testsuite xmlns:xsi="http://www.w3.org/2001/XMLSchema-instance" xsi:noNamespaceSchemaLocation="https://maven.apache.org/surefire/maven-surefire-plugin/xsd/surefire-test-report-3.0.xsd" version="3.0" name="org.apache.hadoop.hive.ql.TestTxnCommandsWithSplitUpdateAndVectorization" time="259.499" tests="49" errors="17" skipped="2" failures="1">
  <properties>
    <property name="build.test.dir" value="/home/alex/Repositories/hive/ql/target/tmp"/>
    <property name="awt.toolkit" value="sun.awt.X11.XToolkit"/>
    <property name="test.tmp.dir.uri" value="file:///home/alex/Repositories/hive/ql/target/tmp"/>
    <property name="java.specification.version" value="1.8"/>
    <property name="qfile" value=""/>
    <property name="sun.cpu.isalist" value=""/>
    <property name="test.warehouse.dir" value="pfile:///home/alex/Repositories/hive/ql/target/warehouse"/>
    <property name="sun.jnu.encoding" value="UTF-8"/>
    <property name="run_disabled" value=""/>
    <property name="nondexPrintstack" value="false"/>
    <property name="sun.arch.data.model" value="64"/>
    <property name="java.vendor.url" value="http://java.oracle.com/"/>
    <property name="user.country.format" value="PT"/>
    <property name="test.tmp.dir" value="/home/alex/Repositories/hive/ql/target/tmp"/>
    <property name="sun.boot.library.path" value="/usr/lib/jvm/java-8-openjdk-amd64/jre/lib/amd64"/>
    <property name="sun.java.command" value="/home/alex/Repositories/hive/ql/target/surefire/surefirebooter3791776778453343667.jar /home/alex/Repositories/hive/ql/target/surefire 2024-04-23T21-59-46_173-jvmRun1 surefire4189484871270056384tmp surefire_23028586025571859823551tmp"/>
    <property name="nondexExecid" value="oUi5h03YaAsr1zYbyWcL7OlHtDlCKFQ0UmQw8pMP1CI="/>
    <property name="java.specification.vendor" value="Oracle Corporation"/>
    <property name="java.home" value="/usr/lib/jvm/java-8-openjdk-amd64/jre"/>
    <property name="file.separator" value="/"/>
    <property name="basedir" value="/home/alex/Repositories/hive/ql"/>
    <property name="line.separator" value="&#10;"/>
    <property name="nondexEnd" value="9223372036854775807"/>
    <property name="java.vm.specification.vendor" value="Oracle Corporation"/>
    <property name="derby.stream.error.file" value="/home/alex/Repositories/hive/ql/target/tmp/derby.log"/>
    <property name="java.specification.name" value="Java Platform API Specification"/>
    <property name="log4j.debug" value="true"/>
    <property name="sun.boot.class.path" value="/home/alex/Repositories/hive/ql/.nondex/nondex-instr.jar:/home/alex/.m2/repository/edu/illinois/nondex-common/2.1.7/nondex-common-2.1.7.jar:/home/alex/.m2/repository/edu/illinois/nondex-annotations/2.1.7/nondex-annotations-2.1.7.jar:/usr/lib/jvm/java-8-openjdk-amd64/jre/lib/resources.jar:/usr/lib/jvm/java-8-openjdk-amd64/jre/lib/rt.jar:/usr/lib/jvm/java-8-openjdk-amd64/jre/lib/sunrsasign.jar:/usr/lib/jvm/java-8-openjdk-amd64/jre/lib/jsse.jar:/usr/lib/jvm/java-8-openjdk-amd64/jre/lib/jce.jar:/usr/lib/jvm/java-8-openjdk-amd64/jre/lib/charsets.jar:/usr/lib/jvm/java-8-openjdk-amd64/jre/lib/jfr.jar:/usr/lib/jvm/java-8-openjdk-amd64/jre/classes"/>
    <property name="sun.management.compiler" value="HotSpot 64-Bit Tiered Compilers"/>
    <property name="spark.home" value=""/>
    <property name="java.runtime.version" value="1.8.0_402-8u402-ga-2ubuntu1~22.04-b06"/>
    <property name="user.name" value="alex"/>
    <property name="test.src.tables" value=""/>
    <property name="file.encoding" value="UTF-8"/>
    <property name="qfile_regex" value=""/>
    <property name="hadoop.bin.path" value="/home/alex/Repositories/hive/ql/../testutils/hadoop"/>
    <property name="localRepository" value="/home/alex/.m2/repository"/>
    <property name="build.dir" value="/home/alex/Repositories/hive/ql/target"/>
    <property name="nondexDir" value="/home/alex/Repositories/hive/ql/.nondex"/>
    <property name="nondexJarDir" value="/home/alex/Repositories/hive/ql/.nondex"/>
    <property name="mapred.job.tracker" value="local"/>
    <property name="java.io.tmpdir" value="/home/alex/Repositories/hive/ql/target/tmp"/>
    <property name="com.zaxxer.hikari.pool_number" value="3"/>
    <property name="java.version" value="1.8.0_402"/>
    <property name="hive.version" value="4.0.0-SNAPSHOT"/>
    <property name="java.vm.specification.name" value="Java Virtual Machine Specification"/>
    <property name="java.awt.printerjob" value="sun.print.PSPrinterJob"/>
    <property name="sun.os.patch.level" value="unknown"/>
    <property name="java.library.path" value="/usr/java/packages/lib/amd64:/usr/lib/x86_64-linux-gnu/jni:/lib/x86_64-linux-gnu:/usr/lib/x86_64-linux-gnu:/usr/lib/jni:/lib:/usr/lib"/>
    <property name="test.data.dir" value="/home/alex/Repositories/hive/ql/../data/files"/>
    <property name="java.vendor" value="Private Build"/>
    <property name="java.specification.maintenance.version" value="5"/>
    <property name="sun.io.unicode.encoding" value="UnicodeLittle"/>
    <property name="initScript" value=""/>
    <property name="sun.desktop" value="gnome"/>
    <property name="calcite.enable.rexnode.digest.normalize" value="false"/>
    <property name="nondexStart" value="0"/>
    <property name="file.encoding.pkg" value="sun.io"/>
    <property name="log4j.configurationFile" value="file:///home/alex/Repositories/hive/ql/target/testconf/hive-log4j2.properties"/>
    <property name="java.class.path" value="/home/alex/Repositories/hive/ql/target/test-classes:/home/alex/Repositories/hive/ql/target/classes:/home/alex/.m2/repository/org/apache/atlas/atlas-client-v2/2.1.0/atlas-client-v2-2.1.0.jar:/home/alex/.m2/repository/cglib/cglib/2.2.2/cglib-2.2.2.jar:/home/alex/.m2/repository/asm/asm/3.3.1/asm-3.3.1.jar:/home/alex/.m2/repository/org/apache/atlas/atlas-client-common/2.1.0/atlas-client-common-2.1.0.jar:/home/alex/.m2/repository/org/apache/httpcomponents/httpclient/4.5.13/httpclient-4.5.13.jar:/home/alex/.m2/repository/com/sun/jersey/jersey-client/1.19/jersey-client-1.19.jar:/home/alex/.m2/repository/org/apache/atlas/atlas-intg/2.1.0/atlas-intg-2.1.0.jar:/home/alex/.m2/repository/commons-collections/commons-collections/3.2.2/commons-collections-3.2.2.jar:/home/alex/.m2/repository/commons-validator/commons-validator/1.6/commons-validator-1.6.jar:/home/alex/.m2/repository/commons-digester/commons-digester/1.8.1/commons-digester-1.8.1.jar:/home/alex/.m2/repository/com/fasterxml/jackson/jaxrs/jackson-jaxrs-base/2.12.0/jackson-jaxrs-base-2.12.0.jar:/home/alex/.m2/repository/com/fasterxml/jackson/jaxrs/jackson-jaxrs-json-provider/2.12.0/jackson-jaxrs-json-provider-2.12.0.jar:/home/alex/.m2/repository/javax/inject/javax.inject/1/javax.inject-1.jar:/home/alex/.m2/repository/org/springframework/spring-context/4.3.20.RELEASE/spring-context-4.3.20.RELEASE.jar:/home/alex/.m2/repository/org/springframework/spring-aop/4.3.20.RELEASE/spring-aop-4.3.20.RELEASE.jar:/home/alex/.m2/repository/org/springframework/spring-beans/4.3.20.RELEASE/spring-beans-4.3.20.RELEASE.jar:/home/alex/.m2/repository/org/springframework/spring-core/4.3.20.RELEASE/spring-core-4.3.20.RELEASE.jar:/home/alex/.m2/repository/org/springframework/spring-expression/4.3.20.RELEASE/spring-expression-4.3.20.RELEASE.jar:/home/alex/.m2/repository/commons-configuration/commons-configuration/1.10/commons-configuration-1.10.jar:/home/alex/.m2/repository/commons-lang/commons-lang/2.6/commons-lang-2.6.jar:/home/alex/.m2/repository/commons-logging/commons-logging/1.1.1/commons-logging-1.1.1.jar:/home/alex/.m2/repository/org/apache/commons/commons-math3/3.6.1/commons-math3-3.6.1.jar:/home/alex/Repositories/hive/vector-code-gen/target/classes:/home/alex/.m2/repository/org/apache/velocity/velocity/1.5/velocity-1.5.jar:/home/alex/Repositories/hive/common/target/classes:/home/alex/Repositories/hive/classification/target/classes:/home/alex/Repositories/hive/standalone-metastore/metastore-common/target/classes:/home/alex/.m2/repository/commons-cli/commons-cli/1.4/commons-cli-1.4.jar:/home/alex/.m2/repository/org/apache/orc/orc-core/1.6.9/orc-core-1.6.9.jar:/home/alex/.m2/repository/org/apache/orc/orc-shims/1.6.9/orc-shims-1.6.9.jar:/home/alex/.m2/repository/io/airlift/aircompressor/0.19/aircompressor-0.19.jar:/home/alex/.m2/repository/org/jetbrains/annotations/17.0.0/annotations-17.0.0.jar:/home/alex/.m2/repository/org/threeten/threeten-extra/1.5.0/threeten-extra-1.5.0.jar:/home/alex/.m2/repository/jline/jline/2.14.6/jline-2.14.6.jar:/home/alex/.m2/repository/javax/servlet/javax.servlet-api/3.1.0/javax.servlet-api-3.1.0.jar:/home/alex/.m2/repository/org/eclipse/jetty/jetty-http/9.3.27.v20190418/jetty-http-9.3.27.v20190418.jar:/home/alex/.m2/repository/org/eclipse/jetty/jetty-rewrite/9.3.27.v20190418/jetty-rewrite-9.3.27.v20190418.jar:/home/alex/.m2/repository/org/eclipse/jetty/jetty-client/9.3.27.v20190418/jetty-client-9.3.27.v20190418.jar:/home/alex/.m2/repository/org/eclipse/jetty/jetty-server/9.3.27.v20190418/jetty-server-9.3.27.v20190418.jar:/home/alex/.m2/repository/org/eclipse/jetty/jetty-io/9.3.27.v20190418/jetty-io-9.3.27.v20190418.jar:/home/alex/.m2/repository/org/eclipse/jetty/jetty-servlet/9.3.27.v20190418/jetty-servlet-9.3.27.v20190418.jar:/home/alex/.m2/repository/org/eclipse/jetty/jetty-security/9.3.27.v20190418/jetty-security-9.3.27.v20190418.jar:/home/alex/.m2/repository/org/eclipse/jetty/jetty-webapp/9.3.27.v20190418/jetty-webapp-9.3.27.v20190418.jar:/home/alex/.m2/repository/org/eclipse/jetty/jetty-xml/9.3.27.v20190418/jetty-xml-9.3.27.v20190418.jar:/home/alex/.m2/repository/joda-time/joda-time/2.9.9/joda-time-2.9.9.jar:/home/alex/.m2/repository/org/apache/logging/log4j/log4j-web/2.13.2/log4j-web-2.13.2.jar:/home/alex/.m2/repository/net/sf/jpam/jpam/1.1/jpam-1.1.jar:/home/alex/.m2/repository/io/dropwizard/metrics/metrics-core/3.1.0/metrics-core-3.1.0.jar:/home/alex/.m2/repository/io/dropwizard/metrics/metrics-jvm/3.1.0/metrics-jvm-3.1.0.jar:/home/alex/.m2/repository/io/dropwizard/metrics/metrics-json/3.1.0/metrics-json-3.1.0.jar:/home/alex/.m2/repository/com/github/joshelser/dropwizard-metrics-hadoop-metrics2-reporter/0.1.2/dropwizard-metrics-hadoop-metrics2-reporter-0.1.2.jar:/home/alex/Repositories/hive/metastore/target/classes:/home/alex/.m2/repository/org/apache/derby/derby/10.14.1.0/derby-10.14.1.0.jar:/home/alex/Repositories/hive/serde/target/classes:/home/alex/.m2/repository/com/google/code/findbugs/jsr305/3.0.0/jsr305-3.0.0.jar:/home/alex/.m2/repository/org/apache/arrow/arrow-vector/0.15.1/arrow-vector-0.15.1.jar:/home/alex/.m2/repository/org/apache/arrow/arrow-format/0.15.1/arrow-format-0.15.1.jar:/home/alex/.m2/repository/org/apache/arrow/arrow-memory/0.15.1/arrow-memory-0.15.1.jar:/home/alex/.m2/repository/com/google/flatbuffers/flatbuffers-java/1.9.0/flatbuffers-java-1.9.0.jar:/home/alex/.m2/repository/com/carrotsearch/hppc/0.7.2/hppc-0.7.2.jar:/home/alex/.m2/repository/com/github/davidmoten/flatbuffers-java/1.6.0.1/flatbuffers-java-1.6.0.1.jar:/home/alex/Repositories/hive/parser/target/classes:/home/alex/Repositories/hive/udf/target/classes:/home/alex/Repositories/hive/service-rpc/target/classes:/home/alex/Repositories/hive/llap-client/target/classes:/home/alex/Repositories/hive/llap-common/target/classes:/home/alex/.m2/repository/io/jsonwebtoken/jjwt-api/0.10.5/jjwt-api-0.10.5.jar:/home/alex/.m2/repository/io/jsonwebtoken/jjwt-impl/0.10.5/jjwt-impl-0.10.5.jar:/home/alex/.m2/repository/io/jsonwebtoken/jjwt-jackson/0.10.5/jjwt-jackson-0.10.5.jar:/home/alex/Repositories/hive/llap-tez/target/classes:/home/alex/Repositories/hive/shims/aggregator/target/classes:/home/alex/Repositories/hive/shims/common/target/classes:/home/alex/Repositories/hive/shims/0.23/target/classes:/home/alex/.m2/repository/org/apache/hadoop/hadoop-yarn-server-resourcemanager/3.1.0/hadoop-yarn-server-resourcemanager-3.1.0.jar:/home/alex/.m2/repository/org/apache/hadoop/hadoop-yarn-server-applicationhistoryservice/3.1.0/hadoop-yarn-server-applicationhistoryservice-3.1.0.jar:/home/alex/.m2/repository/de/ruedigermoeller/fst/2.50/fst-2.50.jar:/home/alex/.m2/repository/com/cedarsoftware/java-util/1.9.0/java-util-1.9.0.jar:/home/alex/.m2/repository/com/cedarsoftware/json-io/2.5.1/json-io-2.5.1.jar:/home/alex/Repositories/hive/shims/scheduler/target/classes:/home/alex/Repositories/hive/spark-client/target/classes:/home/alex/.m2/repository/io/netty/netty-all/4.1.65.Final/netty-all-4.1.65.Final.jar:/home/alex/.m2/repository/com/fasterxml/jackson/module/jackson-module-scala_2.12/2.12.0/jackson-module-scala_2.12-2.12.0.jar:/home/alex/.m2/repository/org/apache/spark/spark-yarn_2.12/2.4.5/spark-yarn_2.12-2.4.5.jar:/home/alex/Repositories/hive/storage-api/target/classes:/home/alex/.m2/repository/com/amazonaws/aws-java-sdk-bundle/1.11.901/aws-java-sdk-bundle-1.11.901.jar:/home/alex/.m2/repository/com/amazonaws/secretsmanager/aws-secretsmanager-caching-java/1.0.1/aws-secretsmanager-caching-java-1.0.1.jar:/home/alex/.m2/repository/com/esotericsoftware/kryo/5.0.3/kryo-5.0.3.jar:/home/alex/.m2/repository/org/objenesis/objenesis/3.1/objenesis-3.1.jar:/home/alex/.m2/repository/com/esotericsoftware/minlog/1.3.1/minlog-1.3.1.jar:/home/alex/.m2/repository/com/esotericsoftware/reflectasm/1.11.9/reflectasm-1.11.9.jar:/home/alex/.m2/repository/com/google/protobuf/protobuf-java/2.5.0/protobuf-java-2.5.0.jar:/home/alex/.m2/repository/org/apache/hbase/hbase-common/2.0.0-alpha4/hbase-common-2.0.0-alpha4.jar:/home/alex/.m2/repository/org/apache/hbase/thirdparty/hbase-shaded-miscellaneous/1.0.1/hbase-shaded-miscellaneous-1.0.1.jar:/home/alex/.m2/repository/org/apache/htrace/htrace-core/3.2.0-incubating/htrace-core-3.2.0-incubating.jar:/home/alex/.m2/repository/org/apache/commons/commons-crypto/1.0.0/commons-crypto-1.0.0.jar:/home/alex/.m2/repository/com/github/stephenc/findbugs/findbugs-annotations/1.3.9-1/findbugs-annotations-1.3.9-1.jar:/home/alex/.m2/repository/log4j/log4j/1.2.17/log4j-1.2.17.jar:/home/alex/.m2/repository/org/apache/yetus/audience-annotations/0.5.0/audience-annotations-0.5.0.jar:/home/alex/.m2/repository/org/apache/parquet/parquet-hadoop-bundle/1.11.1/parquet-hadoop-bundle-1.11.1.jar:/home/alex/.m2/repository/commons-codec/commons-codec/1.15/commons-codec-1.15.jar:/home/alex/.m2/repository/commons-io/commons-io/2.6/commons-io-2.6.jar:/home/alex/.m2/repository/org/apache/commons/commons-collections4/4.1/commons-collections4-4.1.jar:/home/alex/.m2/repository/org/apache/commons/commons-lang3/3.9/commons-lang3-3.9.jar:/home/alex/.m2/repository/org/apache/commons/commons-text/1.8/commons-text-1.8.jar:/home/alex/.m2/repository/javolution/javolution/5.5.1/javolution-5.5.1.jar:/home/alex/.m2/repository/org/apache/logging/log4j/log4j-1.2-api/2.13.2/log4j-1.2-api-2.13.2.jar:/home/alex/.m2/repository/org/apache/logging/log4j/log4j-api/2.13.2/log4j-api-2.13.2.jar:/home/alex/.m2/repository/org/apache/logging/log4j/log4j-core/2.13.2/log4j-core-2.13.2.jar:/home/alex/.m2/repository/org/apache/logging/log4j/log4j-slf4j-impl/2.13.2/log4j-slf4j-impl-2.13.2.jar:/home/alex/.m2/repository/org/antlr/antlr-runtime/3.5.2/antlr-runtime-3.5.2.jar:/home/alex/.m2/repository/org/antlr/ST4/4.0.4/ST4-4.0.4.jar:/home/alex/.m2/repository/org/apache/avro/avro/1.8.2/avro-1.8.2.jar:/home/alex/.m2/repository/org/codehaus/jackson/jackson-core-asl/1.9.13/jackson-core-asl-1.9.13.jar:/home/alex/.m2/repository/org/codehaus/jackson/jackson-mapper-asl/1.9.13/jackson-mapper-asl-1.9.13.jar:/home/alex/.m2/repository/com/thoughtworks/paranamer/paranamer/2.8/paranamer-2.8.jar:/home/alex/.m2/repository/org/xerial/snappy/snappy-java/1.1.4/snappy-java-1.1.4.jar:/home/alex/.m2/repository/org/tukaani/xz/1.5/xz-1.5.jar:/home/alex/.m2/repository/org/apache/avro/avro-mapred/1.8.2/avro-mapred-1.8.2-hadoop2.jar:/home/alex/.m2/repository/org/apache/avro/avro-ipc/1.8.2/avro-ipc-1.8.2.jar:/home/alex/.m2/repository/org/mortbay/jetty/jetty/6.1.26/jetty-6.1.26.jar:/home/alex/.m2/repository/org/apache/ant/ant/1.9.1/ant-1.9.1.jar:/home/alex/.m2/repository/org/apache/ant/ant-launcher/1.9.1/ant-launcher-1.9.1.jar:/home/alex/.m2/repository/org/apache/commons/commons-compress/1.21/commons-compress-1.21.jar:/home/alex/.m2/repository/org/apache/thrift/libfb303/0.9.3/libfb303-0.9.3.jar:/home/alex/.m2/repository/org/apache/hadoop/hadoop-common/3.1.0/hadoop-common-3.1.0.jar:/home/alex/.m2/repository/org/apache/hadoop/hadoop-annotations/3.1.0/hadoop-annotations-3.1.0.jar:/home/alex/.m2/repository/commons-net/commons-net/3.6/commons-net-3.6.jar:/home/alex/.m2/repository/org/eclipse/jetty/jetty-util/9.3.27.v20190418/jetty-util-9.3.27.v20190418.jar:/home/alex/.m2/repository/javax/servlet/jsp/jsp-api/2.1/jsp-api-2.1.jar:/home/alex/.m2/repository/com/sun/jersey/jersey-core/1.19/jersey-core-1.19.jar:/home/alex/.m2/repository/javax/ws/rs/jsr311-api/1.1.1/jsr311-api-1.1.1.jar:/home/alex/.m2/repository/com/sun/jersey/jersey-json/1.19/jersey-json-1.19.jar:/home/alex/.m2/repository/com/sun/xml/bind/jaxb-impl/2.2.3-1/jaxb-impl-2.2.3-1.jar:/home/alex/.m2/repository/org/codehaus/jackson/jackson-jaxrs/1.9.2/jackson-jaxrs-1.9.2.jar:/home/alex/.m2/repository/org/codehaus/jackson/jackson-xc/1.9.2/jackson-xc-1.9.2.jar:/home/alex/.m2/repository/com/sun/jersey/jersey-server/1.19/jersey-server-1.19.jar:/home/alex/.m2/repository/org/apache/commons/commons-configuration2/2.1.1/commons-configuration2-2.1.1.jar:/home/alex/.m2/repository/org/apache/hadoop/hadoop-auth/3.1.0/hadoop-auth-3.1.0.jar:/home/alex/.m2/repository/com/nimbusds/nimbus-jose-jwt/4.41.1/nimbus-jose-jwt-4.41.1.jar:/home/alex/.m2/repository/com/github/stephenc/jcip/jcip-annotations/1.0-1/jcip-annotations-1.0-1.jar:/home/alex/.m2/repository/com/jcraft/jsch/0.1.54/jsch-0.1.54.jar:/home/alex/.m2/repository/org/apache/htrace/htrace-core4/4.1.0-incubating/htrace-core4-4.1.0-incubating.jar:/home/alex/.m2/repository/org/apache/kerby/kerb-simplekdc/1.0.1/kerb-simplekdc-1.0.1.jar:/home/alex/.m2/repository/org/apache/kerby/kerb-client/1.0.1/kerb-client-1.0.1.jar:/home/alex/.m2/repository/org/apache/kerby/kerby-config/1.0.1/kerby-config-1.0.1.jar:/home/alex/.m2/repository/org/apache/kerby/kerb-core/1.0.1/kerb-core-1.0.1.jar:/home/alex/.m2/repository/org/apache/kerby/kerby-pkix/1.0.1/kerby-pkix-1.0.1.jar:/home/alex/.m2/repository/org/apache/kerby/kerby-asn1/1.0.1/kerby-asn1-1.0.1.jar:/home/alex/.m2/repository/org/apache/kerby/kerby-util/1.0.1/kerby-util-1.0.1.jar:/home/alex/.m2/repository/org/apache/kerby/kerb-common/1.0.1/kerb-common-1.0.1.jar:/home/alex/.m2/repository/org/apache/kerby/kerb-crypto/1.0.1/kerb-crypto-1.0.1.jar:/home/alex/.m2/repository/org/apache/kerby/kerb-util/1.0.1/kerb-util-1.0.1.jar:/home/alex/.m2/repository/org/apache/kerby/token-provider/1.0.1/token-provider-1.0.1.jar:/home/alex/.m2/repository/org/apache/kerby/kerb-admin/1.0.1/kerb-admin-1.0.1.jar:/home/alex/.m2/repository/org/apache/kerby/kerb-server/1.0.1/kerb-server-1.0.1.jar:/home/alex/.m2/repository/org/apache/kerby/kerb-identity/1.0.1/kerb-identity-1.0.1.jar:/home/alex/.m2/repository/org/apache/kerby/kerby-xdr/1.0.1/kerby-xdr-1.0.1.jar:/home/alex/.m2/repository/org/codehaus/woodstox/stax2-api/3.1.4/stax2-api-3.1.4.jar:/home/alex/.m2/repository/com/fasterxml/woodstox/woodstox-core/5.0.3/woodstox-core-5.0.3.jar:/home/alex/.m2/repository/org/apache/hadoop/hadoop-archives/3.1.0/hadoop-archives-3.1.0.jar:/home/alex/.m2/repository/org/apache/hadoop/hadoop-yarn-registry/3.1.0/hadoop-yarn-registry-3.1.0.jar:/home/alex/.m2/repository/org/apache/curator/curator-client/4.2.0/curator-client-4.2.0.jar:/home/alex/.m2/repository/org/apache/curator/curator-recipes/4.2.0/curator-recipes-4.2.0.jar:/home/alex/.m2/repository/commons-daemon/commons-daemon/1.0.13/commons-daemon-1.0.13.jar:/home/alex/.m2/repository/dnsjava/dnsjava/2.1.7/dnsjava-2.1.7.jar:/home/alex/.m2/repository/org/apache/hadoop/hadoop-mapreduce-client-core/3.1.0/hadoop-mapreduce-client-core-3.1.0.jar:/home/alex/.m2/repository/org/apache/hadoop/hadoop-hdfs-client/3.1.0/hadoop-hdfs-client-3.1.0.jar:/home/alex/.m2/repository/com/squareup/okhttp/okhttp/2.7.5/okhttp-2.7.5.jar:/home/alex/.m2/repository/com/squareup/okio/okio/1.6.0/okio-1.6.0.jar:/home/alex/.m2/repository/com/google/inject/extensions/guice-servlet/4.0/guice-servlet-4.0.jar:/home/alex/.m2/repository/org/apache/hadoop/hadoop-mapreduce-client-common/3.1.0/hadoop-mapreduce-client-common-3.1.0.jar:/home/alex/.m2/repository/org/apache/hadoop/hadoop-hdfs/3.1.0/hadoop-hdfs-3.1.0.jar:/home/alex/.m2/repository/org/eclipse/jetty/jetty-util-ajax/9.3.19.v20170502/jetty-util-ajax-9.3.19.v20170502.jar:/home/alex/.m2/repository/org/fusesource/leveldbjni/leveldbjni-all/1.8/leveldbjni-all-1.8.jar:/home/alex/.m2/repository/org/apache/hadoop/hadoop-yarn-api/3.1.0/hadoop-yarn-api-3.1.0.jar:/home/alex/.m2/repository/javax/xml/bind/jaxb-api/2.2.11/jaxb-api-2.2.11.jar:/home/alex/.m2/repository/org/apache/hadoop/hadoop-yarn-common/3.1.0/hadoop-yarn-common-3.1.0.jar:/home/alex/.m2/repository/com/google/inject/guice/4.0/guice-4.0.jar:/home/alex/.m2/repository/aopalliance/aopalliance/1.0/aopalliance-1.0.jar:/home/alex/.m2/repository/com/sun/jersey/contribs/jersey-guice/1.19/jersey-guice-1.19.jar:/home/alex/.m2/repository/com/fasterxml/jackson/module/jackson-module-jaxb-annotations/2.12.0/jackson-module-jaxb-annotations-2.12.0.jar:/home/alex/.m2/repository/jakarta/xml/bind/jakarta.xml.bind-api/2.3.2/jakarta.xml.bind-api-2.3.2.jar:/home/alex/.m2/repository/jakarta/activation/jakarta.activation-api/1.2.1/jakarta.activation-api-1.2.1.jar:/home/alex/.m2/repository/org/apache/hadoop/hadoop-yarn-client/3.1.0/hadoop-yarn-client-3.1.0.jar:/home/alex/.m2/repository/org/apache/orc/orc-tools/1.6.9/orc-tools-1.6.9.jar:/home/alex/.m2/repository/com/opencsv/opencsv/3.9/opencsv-3.9.jar:/home/alex/.m2/repository/org/codehaus/jettison/jettison/1.1/jettison-1.1.jar:/home/alex/.m2/repository/org/threeten/threetenbp/1.3.5/threetenbp-1.3.5.jar:/home/alex/.m2/repository/org/apache/ivy/ivy/2.4.0/ivy-2.4.0.jar:/home/alex/.m2/repository/org/apache/thrift/libthrift/0.14.1/libthrift-0.14.1.jar:/home/alex/.m2/repository/org/apache/httpcomponents/httpcore/4.4.13/httpcore-4.4.13.jar:/home/alex/.m2/repository/org/apache/tomcat/embed/tomcat-embed-core/8.5.46/tomcat-embed-core-8.5.46.jar:/home/alex/.m2/repository/org/apache/tomcat/tomcat-annotations-api/8.5.46/tomcat-annotations-api-8.5.46.jar:/home/alex/.m2/repository/javax/annotation/javax.annotation-api/1.3.2/javax.annotation-api-1.3.2.jar:/home/alex/.m2/repository/org/apache/zookeeper/zookeeper/3.5.5/zookeeper-3.5.5.jar:/home/alex/.m2/repository/org/apache/zookeeper/zookeeper-jute/3.5.5/zookeeper-jute-3.5.5.jar:/home/alex/.m2/repository/org/apache/curator/curator-framework/4.2.0/curator-framework-4.2.0.jar:/home/alex/.m2/repository/org/apache/curator/curator-test/4.2.0/curator-test-4.2.0.jar:/home/alex/.m2/repository/org/apache/datasketches/datasketches-hive/1.1.0-incubating/datasketches-hive-1.1.0-incubating.jar:/home/alex/.m2/repository/org/apache/datasketches/datasketches-java/1.3.0-incubating/datasketches-java-1.3.0-incubating.jar:/home/alex/.m2/repository/org/apache/datasketches/datasketches-memory/1.2.0-incubating/datasketches-memory-1.2.0-incubating.jar:/home/alex/.m2/repository/org/slf4j/slf4j-simple/1.7.27/slf4j-simple-1.7.27.jar:/home/alex/.m2/repository/com/lmax/disruptor/3.3.7/disruptor-3.3.7.jar:/home/alex/.m2/repository/org/codehaus/groovy/groovy-all/2.4.11/groovy-all-2.4.11.jar:/home/alex/.m2/repository/org/jodd/jodd-util/6.0.0/jodd-util-6.0.0.jar:/home/alex/.m2/repository/com/fasterxml/jackson/core/jackson-annotations/2.12.0/jackson-annotations-2.12.0.jar:/home/alex/.m2/repository/com/fasterxml/jackson/core/jackson-core/2.12.0/jackson-core-2.12.0.jar:/home/alex/.m2/repository/com/fasterxml/jackson/core/jackson-databind/2.12.0/jackson-databind-2.12.0.jar:/home/alex/.m2/repository/com/fasterxml/jackson/dataformat/jackson-dataformat-yaml/2.12.0/jackson-dataformat-yaml-2.12.0.jar:/home/alex/.m2/repository/org/yaml/snakeyaml/1.27/snakeyaml-1.27.jar:/home/alex/.m2/repository/org/datanucleus/datanucleus-core/5.2.4/datanucleus-core-5.2.4.jar:/home/alex/.m2/repository/org/apache/calcite/calcite-core/1.25.0/calcite-core-1.25.0.jar:/home/alex/.m2/repository/org/apache/calcite/calcite-linq4j/1.25.0/calcite-linq4j-1.25.0.jar:/home/alex/.m2/repository/org/apiguardian/apiguardian-api/1.1.0/apiguardian-api-1.1.0.jar:/home/alex/.m2/repository/com/esri/geometry/esri-geometry-api/2.2.0/esri-geometry-api-2.2.0.jar:/home/alex/.m2/repository/com/yahoo/datasketches/sketches-core/0.9.0/sketches-core-0.9.0.jar:/home/alex/.m2/repository/com/yahoo/datasketches/memory/0.9.0/memory-0.9.0.jar:/home/alex/.m2/repository/org/apache/commons/commons-dbcp2/2.7.0/commons-dbcp2-2.7.0.jar:/home/alex/.m2/repository/org/apache/commons/commons-pool2/2.7.0/commons-pool2-2.7.0.jar:/home/alex/.m2/repository/org/apache/calcite/calcite-druid/1.25.0/calcite-druid-1.25.0.jar:/home/alex/.m2/repository/org/apache/calcite/avatica/avatica/1.12.0/avatica-1.12.0.jar:/home/alex/.m2/repository/com/google/guava/guava/19.0/guava-19.0.jar:/home/alex/.m2/repository/com/googlecode/javaewah/JavaEWAH/0.3.2/JavaEWAH-0.3.2.jar:/home/alex/.m2/repository/com/google/code/gson/gson/2.2.4/gson-2.2.4.jar:/home/alex/.m2/repository/com/tdunning/json/1.8/json-1.8.jar:/home/alex/.m2/repository/stax/stax-api/1.0.1/stax-api-1.0.1.jar:/home/alex/.m2/repository/net/sf/opencsv/opencsv/2.3/opencsv-2.3.jar:/home/alex/Repositories/hive/standalone-metastore/metastore-server/target/classes:/home/alex/.m2/repository/com/zaxxer/HikariCP/2.6.1/HikariCP-2.6.1.jar:/home/alex/.m2/repository/commons-beanutils/commons-beanutils/1.9.4/commons-beanutils-1.9.4.jar:/home/alex/.m2/repository/org/datanucleus/datanucleus-api-jdo/5.2.4/datanucleus-api-jdo-5.2.4.jar:/home/alex/.m2/repository/org/datanucleus/datanucleus-rdbms/5.2.4/datanucleus-rdbms-5.2.4.jar:/home/alex/.m2/repository/org/datanucleus/javax.jdo/3.2.0-release/javax.jdo-3.2.0-release.jar:/home/alex/.m2/repository/javax/transaction/javax.transaction-api/1.3/javax.transaction-api-1.3.jar:/home/alex/.m2/repository/org/glassfish/corba/glassfish-corba-omgapi/4.2.2/glassfish-corba-omgapi-4.2.2.jar:/home/alex/.m2/repository/sqlline/sqlline/1.9.0/sqlline-1.9.0.jar:/home/alex/.m2/repository/org/jline/jline-terminal/3.12.1/jline-terminal-3.12.1.jar:/home/alex/.m2/repository/org/jline/jline-reader/3.12.1/jline-reader-3.12.1.jar:/home/alex/.m2/repository/org/jline/jline-terminal-jansi/3.12.1/jline-terminal-jansi-3.12.1.jar:/home/alex/.m2/repository/org/fusesource/jansi/jansi/1.18/jansi-1.18.jar:/home/alex/.m2/repository/org/jline/jline-terminal-jna/3.12.1/jline-terminal-jna-3.12.1.jar:/home/alex/.m2/repository/net/java/dev/jna/jna/5.3.1/jna-5.3.1.jar:/home/alex/.m2/repository/org/jline/jline-builtins/3.12.1/jline-builtins-3.12.1.jar:/home/alex/.m2/repository/org/jline/jline-style/3.12.1/jline-style-3.12.1.jar:/home/alex/.m2/repository/com/cronutils/cron-utils/9.1.3/cron-utils-9.1.3.jar:/home/alex/.m2/repository/org/glassfish/javax.el/3.0.0/javax.el-3.0.0.jar:/home/alex/.m2/repository/com/oracle/database/jdbc/ojdbc8/21.3.0.0/ojdbc8-21.3.0.0.jar:/home/alex/.m2/repository/mysql/mysql-connector-java/8.0.27/mysql-connector-java-8.0.27.jar:/home/alex/.m2/repository/com/microsoft/sqlserver/mssql-jdbc/6.2.1.jre8/mssql-jdbc-6.2.1.jre8.jar:/home/alex/.m2/repository/org/postgresql/postgresql/42.2.14/postgresql-42.2.14.jar:/home/alex/Repositories/hive/common/target/test-classes:/home/alex/Repositories/hive/standalone-metastore/metastore-common/target/test-classes:/home/alex/.m2/repository/com/github/ben-manes/caffeine/caffeine/2.8.4/caffeine-2.8.4.jar:/home/alex/.m2/repository/org/checkerframework/checker-qual/3.4.0/checker-qual-3.4.0.jar:/home/alex/Repositories/hive/standalone-metastore/metastore-server/target/test-classes:/home/alex/.m2/repository/org/apache/parquet/parquet-column/1.11.1/parquet-column-1.11.1-tests.jar:/home/alex/.m2/repository/org/apache/parquet/parquet-common/1.11.1/parquet-common-1.11.1.jar:/home/alex/.m2/repository/org/apache/parquet/parquet-format-structures/1.11.1/parquet-format-structures-1.11.1.jar:/home/alex/.m2/repository/org/apache/parquet/parquet-encoding/1.11.1/parquet-encoding-1.11.1.jar:/home/alex/.m2/repository/junit/junit/4.13/junit-4.13.jar:/home/alex/.m2/repository/org/hamcrest/hamcrest-core/1.3/hamcrest-core-1.3.jar:/home/alex/.m2/repository/org/junit/jupiter/junit-jupiter-engine/5.6.2/junit-jupiter-engine-5.6.2.jar:/home/alex/.m2/repository/org/junit/platform/junit-platform-engine/1.6.2/junit-platform-engine-1.6.2.jar:/home/alex/.m2/repository/org/opentest4j/opentest4j/1.2.0/opentest4j-1.2.0.jar:/home/alex/.m2/repository/org/junit/platform/junit-platform-commons/1.6.2/junit-platform-commons-1.6.2.jar:/home/alex/.m2/repository/org/junit/jupiter/junit-jupiter-api/5.6.2/junit-jupiter-api-5.6.2.jar:/home/alex/.m2/repository/org/junit/jupiter/junit-jupiter-params/5.6.2/junit-jupiter-params-5.6.2.jar:/home/alex/.m2/repository/org/junit/vintage/junit-vintage-engine/5.6.2/junit-vintage-engine-5.6.2.jar:/home/alex/.m2/repository/org/apache/tez/tez-api/0.10.1/tez-api-0.10.1.jar:/usr/lib/jvm/java-8-openjdk-amd64/jre/../lib/tools.jar:/home/alex/.m2/repository/org/apache/tez/tez-runtime-library/0.10.1/tez-runtime-library-0.10.1.jar:/home/alex/.m2/repository/org/roaringbitmap/RoaringBitmap/0.5.21/RoaringBitmap-0.5.21.jar:/home/alex/.m2/repository/org/asynchttpclient/async-http-client/2.12.1/async-http-client-2.12.1.jar:/home/alex/.m2/repository/org/asynchttpclient/async-http-client-netty-utils/2.12.1/async-http-client-netty-utils-2.12.1.jar:/home/alex/.m2/repository/io/netty/netty-buffer/4.1.48.Final/netty-buffer-4.1.48.Final.jar:/home/alex/.m2/repository/io/netty/netty-codec-http/4.1.48.Final/netty-codec-http-4.1.48.Final.jar:/home/alex/.m2/repository/io/netty/netty-common/4.1.48.Final/netty-common-4.1.48.Final.jar:/home/alex/.m2/repository/io/netty/netty-transport/4.1.48.Final/netty-transport-4.1.48.Final.jar:/home/alex/.m2/repository/io/netty/netty-codec/4.1.48.Final/netty-codec-4.1.48.Final.jar:/home/alex/.m2/repository/io/netty/netty-handler/4.1.48.Final/netty-handler-4.1.48.Final.jar:/home/alex/.m2/repository/io/netty/netty-resolver/4.1.48.Final/netty-resolver-4.1.48.Final.jar:/home/alex/.m2/repository/io/netty/netty-codec-socks/4.1.48.Final/netty-codec-socks-4.1.48.Final.jar:/home/alex/.m2/repository/io/netty/netty-handler-proxy/4.1.48.Final/netty-handler-proxy-4.1.48.Final.jar:/home/alex/.m2/repository/io/netty/netty-transport-native-epoll/4.1.48.Final/netty-transport-native-epoll-4.1.48.Final-linux-x86_64.jar:/home/alex/.m2/repository/io/netty/netty-transport-native-unix-common/4.1.48.Final/netty-transport-native-unix-common-4.1.48.Final.jar:/home/alex/.m2/repository/io/netty/netty-transport-native-kqueue/4.1.48.Final/netty-transport-native-kqueue-4.1.48.Final-osx-x86_64.jar:/home/alex/.m2/repository/org/reactivestreams/reactive-streams/1.0.3/reactive-streams-1.0.3.jar:/home/alex/.m2/repository/com/typesafe/netty/netty-reactive-streams/2.0.4/netty-reactive-streams-2.0.4.jar:/home/alex/.m2/repository/com/sun/activation/javax.activation/1.2.0/javax.activation-1.2.0.jar:/home/alex/.m2/repository/org/apache/tez/tez-common/0.10.1/tez-common-0.10.1.jar:/home/alex/.m2/repository/org/apache/tez/tez-runtime-internals/0.10.1/tez-runtime-internals-0.10.1.jar:/home/alex/.m2/repository/org/apache/tez/hadoop-shim/0.10.1/hadoop-shim-0.10.1.jar:/home/alex/.m2/repository/org/apache/tez/tez-mapreduce/0.10.1/tez-mapreduce-0.10.1.jar:/home/alex/.m2/repository/org/apache/tez/tez-dag/0.10.1/tez-dag-0.10.1.jar:/home/alex/.m2/repository/org/apache/hadoop/hadoop-yarn-server-web-proxy/3.1.0/hadoop-yarn-server-web-proxy-3.1.0.jar:/home/alex/.m2/repository/org/apache/hadoop/hadoop-yarn-server-common/3.1.0/hadoop-yarn-server-common-3.1.0.jar:/home/alex/.m2/repository/org/apache/geronimo/specs/geronimo-jcache_1.0_spec/1.0-alpha-1/geronimo-jcache_1.0_spec-1.0-alpha-1.jar:/home/alex/.m2/repository/org/ehcache/ehcache/3.3.1/ehcache-3.3.1.jar:/home/alex/.m2/repository/com/zaxxer/HikariCP-java7/2.4.12/HikariCP-java7-2.4.12.jar:/home/alex/.m2/repository/org/apache/spark/spark-core_2.12/2.4.5/spark-core_2.12-2.4.5.jar:/home/alex/.m2/repository/com/twitter/chill_2.12/0.9.3/chill_2.12-0.9.3.jar:/home/alex/.m2/repository/com/twitter/chill-java/0.9.3/chill-java-0.9.3.jar:/home/alex/.m2/repository/org/apache/xbean/xbean-asm6-shaded/4.8/xbean-asm6-shaded-4.8.jar:/home/alex/.m2/repository/org/apache/hadoop/hadoop-client/3.1.0/hadoop-client-3.1.0.jar:/home/alex/.m2/repository/org/apache/hadoop/hadoop-mapreduce-client-jobclient/3.1.0/hadoop-mapreduce-client-jobclient-3.1.0.jar:/home/alex/.m2/repository/org/apache/spark/spark-launcher_2.12/2.4.5/spark-launcher_2.12-2.4.5.jar:/home/alex/.m2/repository/org/apache/spark/spark-kvstore_2.12/2.4.5/spark-kvstore_2.12-2.4.5.jar:/home/alex/.m2/repository/org/apache/spark/spark-network-common_2.12/2.4.5/spark-network-common_2.12-2.4.5.jar:/home/alex/.m2/repository/org/apache/spark/spark-network-shuffle_2.12/2.4.5/spark-network-shuffle_2.12-2.4.5.jar:/home/alex/.m2/repository/org/apache/spark/spark-unsafe_2.12/2.4.5/spark-unsafe_2.12-2.4.5.jar:/home/alex/.m2/repository/javax/activation/activation/1.1.1/activation-1.1.1.jar:/home/alex/.m2/repository/org/slf4j/jul-to-slf4j/1.7.16/jul-to-slf4j-1.7.16.jar:/home/alex/.m2/repository/org/slf4j/jcl-over-slf4j/1.7.16/jcl-over-slf4j-1.7.16.jar:/home/alex/.m2/repository/com/ning/compress-lzf/1.0.3/compress-lzf-1.0.3.jar:/home/alex/.m2/repository/org/lz4/lz4-java/1.4.0/lz4-java-1.4.0.jar:/home/alex/.m2/repository/com/github/luben/zstd-jni/1.3.2-2/zstd-jni-1.3.2-2.jar:/home/alex/.m2/repository/org/scala-lang/scala-library/2.12.10/scala-library-2.12.10.jar:/home/alex/.m2/repository/org/json4s/json4s-jackson_2.12/3.5.3/json4s-jackson_2.12-3.5.3.jar:/home/alex/.m2/repository/org/json4s/json4s-core_2.12/3.5.3/json4s-core_2.12-3.5.3.jar:/home/alex/.m2/repository/org/json4s/json4s-ast_2.12/3.5.3/json4s-ast_2.12-3.5.3.jar:/home/alex/.m2/repository/org/json4s/json4s-scalap_2.12/3.5.3/json4s-scalap_2.12-3.5.3.jar:/home/alex/.m2/repository/org/scala-lang/modules/scala-xml_2.12/1.0.6/scala-xml_2.12-1.0.6.jar:/home/alex/.m2/repository/com/clearspring/analytics/stream/2.7.0/stream-2.7.0.jar:/home/alex/.m2/repository/io/dropwizard/metrics/metrics-graphite/3.1.5/metrics-graphite-3.1.5.jar:/home/alex/.m2/repository/oro/oro/2.0.8/oro-2.0.8.jar:/home/alex/.m2/repository/net/razorvine/pyrolite/4.13/pyrolite-4.13.jar:/home/alex/.m2/repository/net/sf/py4j/py4j/0.10.7/py4j-0.10.7.jar:/home/alex/.m2/repository/org/apache/spark/spark-tags_2.12/2.4.5/spark-tags_2.12-2.4.5.jar:/home/alex/.m2/repository/org/spark-project/spark/unused/1.0.0/unused-1.0.0.jar:/home/alex/.m2/repository/com/sun/jersey/jersey-servlet/1.19/jersey-servlet-1.19.jar:/home/alex/.m2/repository/org/glassfish/jersey/core/jersey-server/2.22.2/jersey-server-2.22.2.jar:/home/alex/.m2/repository/org/glassfish/jersey/core/jersey-common/2.22.2/jersey-common-2.22.2.jar:/home/alex/.m2/repository/org/glassfish/jersey/bundles/repackaged/jersey-guava/2.22.2/jersey-guava-2.22.2.jar:/home/alex/.m2/repository/org/glassfish/hk2/osgi-resource-locator/1.0.1/osgi-resource-locator-1.0.1.jar:/home/alex/.m2/repository/org/glassfish/jersey/core/jersey-client/2.22.2/jersey-client-2.22.2.jar:/home/alex/.m2/repository/javax/ws/rs/javax.ws.rs-api/2.0.1/javax.ws.rs-api-2.0.1.jar:/home/alex/.m2/repository/org/glassfish/jersey/media/jersey-media-jaxb/2.22.2/jersey-media-jaxb-2.22.2.jar:/home/alex/.m2/repository/org/glassfish/hk2/hk2-api/2.4.0-b34/hk2-api-2.4.0-b34.jar:/home/alex/.m2/repository/org/glassfish/hk2/hk2-utils/2.4.0-b34/hk2-utils-2.4.0-b34.jar:/home/alex/.m2/repository/org/glassfish/hk2/external/aopalliance-repackaged/2.4.0-b34/aopalliance-repackaged-2.4.0-b34.jar:/home/alex/.m2/repository/org/glassfish/hk2/external/javax.inject/2.4.0-b34/javax.inject-2.4.0-b34.jar:/home/alex/.m2/repository/org/glassfish/hk2/hk2-locator/2.4.0-b34/hk2-locator-2.4.0-b34.jar:/home/alex/.m2/repository/javax/validation/validation-api/1.1.0.Final/validation-api-1.1.0.Final.jar:/home/alex/.m2/repository/org/glassfish/jersey/containers/jersey-container-servlet-core/2.22.2/jersey-container-servlet-core-2.22.2.jar:/home/alex/.m2/repository/org/hamcrest/hamcrest-all/1.3/hamcrest-all-1.3.jar:/home/alex/.m2/repository/org/powermock/powermock-module-junit4/2.0.2/powermock-module-junit4-2.0.2.jar:/home/alex/.m2/repository/org/powermock/powermock-module-junit4-common/2.0.2/powermock-module-junit4-common-2.0.2.jar:/home/alex/.m2/repository/org/powermock/powermock-reflect/2.0.2/powermock-reflect-2.0.2.jar:/home/alex/.m2/repository/org/powermock/powermock-core/2.0.2/powermock-core-2.0.2.jar:/home/alex/.m2/repository/org/powermock/powermock-api-mockito2/2.0.2/powermock-api-mockito2-2.0.2.jar:/home/alex/.m2/repository/org/powermock/powermock-api-support/2.0.2/powermock-api-support-2.0.2.jar:/home/alex/.m2/repository/com/google/guava/guava-testlib/19.0/guava-testlib-19.0.jar:/home/alex/.m2/repository/com/google/errorprone/error_prone_annotations/2.0.2/error_prone_annotations-2.0.2.jar:/home/alex/.m2/repository/com/google/re2j/re2j/1.2/re2j-1.2.jar:/home/alex/.m2/repository/org/reflections/reflections/0.9.10/reflections-0.9.10.jar:/home/alex/.m2/repository/org/javassist/javassist/3.19.0-GA/javassist-3.19.0-GA.jar:/home/alex/.m2/repository/com/jayway/jsonpath/json-path/2.4.0/json-path-2.4.0.jar:/home/alex/.m2/repository/net/minidev/json-smart/2.3/json-smart-2.3.jar:/home/alex/.m2/repository/net/minidev/accessors-smart/1.2/accessors-smart-1.2.jar:/home/alex/.m2/repository/org/ow2/asm/asm/5.0.4/asm-5.0.4.jar:/home/alex/.m2/repository/org/codehaus/janino/commons-compiler/3.0.11/commons-compiler-3.0.11.jar:/home/alex/.m2/repository/org/codehaus/janino/janino/3.0.11/janino-3.0.11.jar:/home/alex/.m2/repository/com/sun/jersey/contribs/jersey-multipart/1.19/jersey-multipart-1.19.jar:/home/alex/.m2/repository/org/jvnet/mimepull/mimepull/1.9.3/mimepull-1.9.3.jar:/home/alex/.m2/repository/org/apache/kafka/kafka-clients/2.5.0/kafka-clients-2.5.0.jar:/home/alex/.m2/repository/org/slf4j/slf4j-api/1.7.30/slf4j-api-1.7.30.jar:/home/alex/.m2/repository/org/mockito/mockito-core/3.4.4/mockito-core-3.4.4.jar:/home/alex/.m2/repository/net/bytebuddy/byte-buddy/1.10.13/byte-buddy-1.10.13.jar:/home/alex/.m2/repository/net/bytebuddy/byte-buddy-agent/1.10.13/byte-buddy-agent-1.10.13.jar:/home/alex/Repositories/hive/ql/target/testconf:/home/alex/Repositories/hive/ql/../conf:"/>
    <property name="java.vm.vendor" value="Private Build"/>
    <property name="hadoop.version" value="3.1.0"/>
    <property name="user.timezone" value="US/Pacific"/>
    <property name="test.local.warehouse.dir" value="pfile:///home/alex/Repositories/hive/ql/target/localfs/warehouse"/>
    <property name="java.vm.specification.version" value="1.8"/>
    <property name="os.name" value="Linux"/>
    <property name="test.build.data" value="/home/alex/Repositories/hive/ql/target/tmp"/>
    <property name="clustermode" value=""/>
    <property name="user.country" value="US"/>
    <property name="sun.java.launcher" value="SUN_STANDARD"/>
    <property name="test.data.files" value="/home/alex/Repositories/hive/ql/../data/files"/>
    <property name="nondexLogging" value="CONFIG"/>
    <property name="surefire.test.class.path" value="/home/alex/Repositories/hive/ql/target/test-classes:/home/alex/Repositories/hive/ql/target/classes:/home/alex/.m2/repository/org/apache/atlas/atlas-client-v2/2.1.0/atlas-client-v2-2.1.0.jar:/home/alex/.m2/repository/cglib/cglib/2.2.2/cglib-2.2.2.jar:/home/alex/.m2/repository/asm/asm/3.3.1/asm-3.3.1.jar:/home/alex/.m2/repository/org/apache/atlas/atlas-client-common/2.1.0/atlas-client-common-2.1.0.jar:/home/alex/.m2/repository/org/apache/httpcomponents/httpclient/4.5.13/httpclient-4.5.13.jar:/home/alex/.m2/repository/com/sun/jersey/jersey-client/1.19/jersey-client-1.19.jar:/home/alex/.m2/repository/org/apache/atlas/atlas-intg/2.1.0/atlas-intg-2.1.0.jar:/home/alex/.m2/repository/commons-collections/commons-collections/3.2.2/commons-collections-3.2.2.jar:/home/alex/.m2/repository/commons-validator/commons-validator/1.6/commons-validator-1.6.jar:/home/alex/.m2/repository/commons-digester/commons-digester/1.8.1/commons-digester-1.8.1.jar:/home/alex/.m2/repository/com/fasterxml/jackson/jaxrs/jackson-jaxrs-base/2.12.0/jackson-jaxrs-base-2.12.0.jar:/home/alex/.m2/repository/com/fasterxml/jackson/jaxrs/jackson-jaxrs-json-provider/2.12.0/jackson-jaxrs-json-provider-2.12.0.jar:/home/alex/.m2/repository/javax/inject/javax.inject/1/javax.inject-1.jar:/home/alex/.m2/repository/org/springframework/spring-context/4.3.20.RELEASE/spring-context-4.3.20.RELEASE.jar:/home/alex/.m2/repository/org/springframework/spring-aop/4.3.20.RELEASE/spring-aop-4.3.20.RELEASE.jar:/home/alex/.m2/repository/org/springframework/spring-beans/4.3.20.RELEASE/spring-beans-4.3.20.RELEASE.jar:/home/alex/.m2/repository/org/springframework/spring-core/4.3.20.RELEASE/spring-core-4.3.20.RELEASE.jar:/home/alex/.m2/repository/org/springframework/spring-expression/4.3.20.RELEASE/spring-expression-4.3.20.RELEASE.jar:/home/alex/.m2/repository/commons-configuration/commons-configuration/1.10/commons-configuration-1.10.jar:/home/alex/.m2/repository/commons-lang/commons-lang/2.6/commons-lang-2.6.jar:/home/alex/.m2/repository/commons-logging/commons-logging/1.1.1/commons-logging-1.1.1.jar:/home/alex/.m2/repository/org/apache/commons/commons-math3/3.6.1/commons-math3-3.6.1.jar:/home/alex/Repositories/hive/vector-code-gen/target/classes:/home/alex/.m2/repository/org/apache/velocity/velocity/1.5/velocity-1.5.jar:/home/alex/Repositories/hive/common/target/classes:/home/alex/Repositories/hive/classification/target/classes:/home/alex/Repositories/hive/standalone-metastore/metastore-common/target/classes:/home/alex/.m2/repository/commons-cli/commons-cli/1.4/commons-cli-1.4.jar:/home/alex/.m2/repository/org/apache/orc/orc-core/1.6.9/orc-core-1.6.9.jar:/home/alex/.m2/repository/org/apache/orc/orc-shims/1.6.9/orc-shims-1.6.9.jar:/home/alex/.m2/repository/io/airlift/aircompressor/0.19/aircompressor-0.19.jar:/home/alex/.m2/repository/org/jetbrains/annotations/17.0.0/annotations-17.0.0.jar:/home/alex/.m2/repository/org/threeten/threeten-extra/1.5.0/threeten-extra-1.5.0.jar:/home/alex/.m2/repository/jline/jline/2.14.6/jline-2.14.6.jar:/home/alex/.m2/repository/javax/servlet/javax.servlet-api/3.1.0/javax.servlet-api-3.1.0.jar:/home/alex/.m2/repository/org/eclipse/jetty/jetty-http/9.3.27.v20190418/jetty-http-9.3.27.v20190418.jar:/home/alex/.m2/repository/org/eclipse/jetty/jetty-rewrite/9.3.27.v20190418/jetty-rewrite-9.3.27.v20190418.jar:/home/alex/.m2/repository/org/eclipse/jetty/jetty-client/9.3.27.v20190418/jetty-client-9.3.27.v20190418.jar:/home/alex/.m2/repository/org/eclipse/jetty/jetty-server/9.3.27.v20190418/jetty-server-9.3.27.v20190418.jar:/home/alex/.m2/repository/org/eclipse/jetty/jetty-io/9.3.27.v20190418/jetty-io-9.3.27.v20190418.jar:/home/alex/.m2/repository/org/eclipse/jetty/jetty-servlet/9.3.27.v20190418/jetty-servlet-9.3.27.v20190418.jar:/home/alex/.m2/repository/org/eclipse/jetty/jetty-security/9.3.27.v20190418/jetty-security-9.3.27.v20190418.jar:/home/alex/.m2/repository/org/eclipse/jetty/jetty-webapp/9.3.27.v20190418/jetty-webapp-9.3.27.v20190418.jar:/home/alex/.m2/repository/org/eclipse/jetty/jetty-xml/9.3.27.v20190418/jetty-xml-9.3.27.v20190418.jar:/home/alex/.m2/repository/joda-time/joda-time/2.9.9/joda-time-2.9.9.jar:/home/alex/.m2/repository/org/apache/logging/log4j/log4j-web/2.13.2/log4j-web-2.13.2.jar:/home/alex/.m2/repository/net/sf/jpam/jpam/1.1/jpam-1.1.jar:/home/alex/.m2/repository/io/dropwizard/metrics/metrics-core/3.1.0/metrics-core-3.1.0.jar:/home/alex/.m2/repository/io/dropwizard/metrics/metrics-jvm/3.1.0/metrics-jvm-3.1.0.jar:/home/alex/.m2/repository/io/dropwizard/metrics/metrics-json/3.1.0/metrics-json-3.1.0.jar:/home/alex/.m2/repository/com/github/joshelser/dropwizard-metrics-hadoop-metrics2-reporter/0.1.2/dropwizard-metrics-hadoop-metrics2-reporter-0.1.2.jar:/home/alex/Repositories/hive/metastore/target/classes:/home/alex/.m2/repository/org/apache/derby/derby/10.14.1.0/derby-10.14.1.0.jar:/home/alex/Repositories/hive/serde/target/classes:/home/alex/.m2/repository/com/google/code/findbugs/jsr305/3.0.0/jsr305-3.0.0.jar:/home/alex/.m2/repository/org/apache/arrow/arrow-vector/0.15.1/arrow-vector-0.15.1.jar:/home/alex/.m2/repository/org/apache/arrow/arrow-format/0.15.1/arrow-format-0.15.1.jar:/home/alex/.m2/repository/org/apache/arrow/arrow-memory/0.15.1/arrow-memory-0.15.1.jar:/home/alex/.m2/repository/com/google/flatbuffers/flatbuffers-java/1.9.0/flatbuffers-java-1.9.0.jar:/home/alex/.m2/repository/com/carrotsearch/hppc/0.7.2/hppc-0.7.2.jar:/home/alex/.m2/repository/com/github/davidmoten/flatbuffers-java/1.6.0.1/flatbuffers-java-1.6.0.1.jar:/home/alex/Repositories/hive/parser/target/classes:/home/alex/Repositories/hive/udf/target/classes:/home/alex/Repositories/hive/service-rpc/target/classes:/home/alex/Repositories/hive/llap-client/target/classes:/home/alex/Repositories/hive/llap-common/target/classes:/home/alex/.m2/repository/io/jsonwebtoken/jjwt-api/0.10.5/jjwt-api-0.10.5.jar:/home/alex/.m2/repository/io/jsonwebtoken/jjwt-impl/0.10.5/jjwt-impl-0.10.5.jar:/home/alex/.m2/repository/io/jsonwebtoken/jjwt-jackson/0.10.5/jjwt-jackson-0.10.5.jar:/home/alex/Repositories/hive/llap-tez/target/classes:/home/alex/Repositories/hive/shims/aggregator/target/classes:/home/alex/Repositories/hive/shims/common/target/classes:/home/alex/Repositories/hive/shims/0.23/target/classes:/home/alex/.m2/repository/org/apache/hadoop/hadoop-yarn-server-resourcemanager/3.1.0/hadoop-yarn-server-resourcemanager-3.1.0.jar:/home/alex/.m2/repository/org/apache/hadoop/hadoop-yarn-server-applicationhistoryservice/3.1.0/hadoop-yarn-server-applicationhistoryservice-3.1.0.jar:/home/alex/.m2/repository/de/ruedigermoeller/fst/2.50/fst-2.50.jar:/home/alex/.m2/repository/com/cedarsoftware/java-util/1.9.0/java-util-1.9.0.jar:/home/alex/.m2/repository/com/cedarsoftware/json-io/2.5.1/json-io-2.5.1.jar:/home/alex/Repositories/hive/shims/scheduler/target/classes:/home/alex/Repositories/hive/spark-client/target/classes:/home/alex/.m2/repository/io/netty/netty-all/4.1.65.Final/netty-all-4.1.65.Final.jar:/home/alex/.m2/repository/com/fasterxml/jackson/module/jackson-module-scala_2.12/2.12.0/jackson-module-scala_2.12-2.12.0.jar:/home/alex/.m2/repository/org/apache/spark/spark-yarn_2.12/2.4.5/spark-yarn_2.12-2.4.5.jar:/home/alex/Repositories/hive/storage-api/target/classes:/home/alex/.m2/repository/com/amazonaws/aws-java-sdk-bundle/1.11.901/aws-java-sdk-bundle-1.11.901.jar:/home/alex/.m2/repository/com/amazonaws/secretsmanager/aws-secretsmanager-caching-java/1.0.1/aws-secretsmanager-caching-java-1.0.1.jar:/home/alex/.m2/repository/com/esotericsoftware/kryo/5.0.3/kryo-5.0.3.jar:/home/alex/.m2/repository/org/objenesis/objenesis/3.1/objenesis-3.1.jar:/home/alex/.m2/repository/com/esotericsoftware/minlog/1.3.1/minlog-1.3.1.jar:/home/alex/.m2/repository/com/esotericsoftware/reflectasm/1.11.9/reflectasm-1.11.9.jar:/home/alex/.m2/repository/com/google/protobuf/protobuf-java/2.5.0/protobuf-java-2.5.0.jar:/home/alex/.m2/repository/org/apache/hbase/hbase-common/2.0.0-alpha4/hbase-common-2.0.0-alpha4.jar:/home/alex/.m2/repository/org/apache/hbase/thirdparty/hbase-shaded-miscellaneous/1.0.1/hbase-shaded-miscellaneous-1.0.1.jar:/home/alex/.m2/repository/org/apache/htrace/htrace-core/3.2.0-incubating/htrace-core-3.2.0-incubating.jar:/home/alex/.m2/repository/org/apache/commons/commons-crypto/1.0.0/commons-crypto-1.0.0.jar:/home/alex/.m2/repository/com/github/stephenc/findbugs/findbugs-annotations/1.3.9-1/findbugs-annotations-1.3.9-1.jar:/home/alex/.m2/repository/log4j/log4j/1.2.17/log4j-1.2.17.jar:/home/alex/.m2/repository/org/apache/yetus/audience-annotations/0.5.0/audience-annotations-0.5.0.jar:/home/alex/.m2/repository/org/apache/parquet/parquet-hadoop-bundle/1.11.1/parquet-hadoop-bundle-1.11.1.jar:/home/alex/.m2/repository/commons-codec/commons-codec/1.15/commons-codec-1.15.jar:/home/alex/.m2/repository/commons-io/commons-io/2.6/commons-io-2.6.jar:/home/alex/.m2/repository/org/apache/commons/commons-collections4/4.1/commons-collections4-4.1.jar:/home/alex/.m2/repository/org/apache/commons/commons-lang3/3.9/commons-lang3-3.9.jar:/home/alex/.m2/repository/org/apache/commons/commons-text/1.8/commons-text-1.8.jar:/home/alex/.m2/repository/javolution/javolution/5.5.1/javolution-5.5.1.jar:/home/alex/.m2/repository/org/apache/logging/log4j/log4j-1.2-api/2.13.2/log4j-1.2-api-2.13.2.jar:/home/alex/.m2/repository/org/apache/logging/log4j/log4j-api/2.13.2/log4j-api-2.13.2.jar:/home/alex/.m2/repository/org/apache/logging/log4j/log4j-core/2.13.2/log4j-core-2.13.2.jar:/home/alex/.m2/repository/org/apache/logging/log4j/log4j-slf4j-impl/2.13.2/log4j-slf4j-impl-2.13.2.jar:/home/alex/.m2/repository/org/antlr/antlr-runtime/3.5.2/antlr-runtime-3.5.2.jar:/home/alex/.m2/repository/org/antlr/ST4/4.0.4/ST4-4.0.4.jar:/home/alex/.m2/repository/org/apache/avro/avro/1.8.2/avro-1.8.2.jar:/home/alex/.m2/repository/org/codehaus/jackson/jackson-core-asl/1.9.13/jackson-core-asl-1.9.13.jar:/home/alex/.m2/repository/org/codehaus/jackson/jackson-mapper-asl/1.9.13/jackson-mapper-asl-1.9.13.jar:/home/alex/.m2/repository/com/thoughtworks/paranamer/paranamer/2.8/paranamer-2.8.jar:/home/alex/.m2/repository/org/xerial/snappy/snappy-java/1.1.4/snappy-java-1.1.4.jar:/home/alex/.m2/repository/org/tukaani/xz/1.5/xz-1.5.jar:/home/alex/.m2/repository/org/apache/avro/avro-mapred/1.8.2/avro-mapred-1.8.2-hadoop2.jar:/home/alex/.m2/repository/org/apache/avro/avro-ipc/1.8.2/avro-ipc-1.8.2.jar:/home/alex/.m2/repository/org/mortbay/jetty/jetty/6.1.26/jetty-6.1.26.jar:/home/alex/.m2/repository/org/apache/ant/ant/1.9.1/ant-1.9.1.jar:/home/alex/.m2/repository/org/apache/ant/ant-launcher/1.9.1/ant-launcher-1.9.1.jar:/home/alex/.m2/repository/org/apache/commons/commons-compress/1.21/commons-compress-1.21.jar:/home/alex/.m2/repository/org/apache/thrift/libfb303/0.9.3/libfb303-0.9.3.jar:/home/alex/.m2/repository/org/apache/hadoop/hadoop-common/3.1.0/hadoop-common-3.1.0.jar:/home/alex/.m2/repository/org/apache/hadoop/hadoop-annotations/3.1.0/hadoop-annotations-3.1.0.jar:/home/alex/.m2/repository/commons-net/commons-net/3.6/commons-net-3.6.jar:/home/alex/.m2/repository/org/eclipse/jetty/jetty-util/9.3.27.v20190418/jetty-util-9.3.27.v20190418.jar:/home/alex/.m2/repository/javax/servlet/jsp/jsp-api/2.1/jsp-api-2.1.jar:/home/alex/.m2/repository/com/sun/jersey/jersey-core/1.19/jersey-core-1.19.jar:/home/alex/.m2/repository/javax/ws/rs/jsr311-api/1.1.1/jsr311-api-1.1.1.jar:/home/alex/.m2/repository/com/sun/jersey/jersey-json/1.19/jersey-json-1.19.jar:/home/alex/.m2/repository/com/sun/xml/bind/jaxb-impl/2.2.3-1/jaxb-impl-2.2.3-1.jar:/home/alex/.m2/repository/org/codehaus/jackson/jackson-jaxrs/1.9.2/jackson-jaxrs-1.9.2.jar:/home/alex/.m2/repository/org/codehaus/jackson/jackson-xc/1.9.2/jackson-xc-1.9.2.jar:/home/alex/.m2/repository/com/sun/jersey/jersey-server/1.19/jersey-server-1.19.jar:/home/alex/.m2/repository/org/apache/commons/commons-configuration2/2.1.1/commons-configuration2-2.1.1.jar:/home/alex/.m2/repository/org/apache/hadoop/hadoop-auth/3.1.0/hadoop-auth-3.1.0.jar:/home/alex/.m2/repository/com/nimbusds/nimbus-jose-jwt/4.41.1/nimbus-jose-jwt-4.41.1.jar:/home/alex/.m2/repository/com/github/stephenc/jcip/jcip-annotations/1.0-1/jcip-annotations-1.0-1.jar:/home/alex/.m2/repository/com/jcraft/jsch/0.1.54/jsch-0.1.54.jar:/home/alex/.m2/repository/org/apache/htrace/htrace-core4/4.1.0-incubating/htrace-core4-4.1.0-incubating.jar:/home/alex/.m2/repository/org/apache/kerby/kerb-simplekdc/1.0.1/kerb-simplekdc-1.0.1.jar:/home/alex/.m2/repository/org/apache/kerby/kerb-client/1.0.1/kerb-client-1.0.1.jar:/home/alex/.m2/repository/org/apache/kerby/kerby-config/1.0.1/kerby-config-1.0.1.jar:/home/alex/.m2/repository/org/apache/kerby/kerb-core/1.0.1/kerb-core-1.0.1.jar:/home/alex/.m2/repository/org/apache/kerby/kerby-pkix/1.0.1/kerby-pkix-1.0.1.jar:/home/alex/.m2/repository/org/apache/kerby/kerby-asn1/1.0.1/kerby-asn1-1.0.1.jar:/home/alex/.m2/repository/org/apache/kerby/kerby-util/1.0.1/kerby-util-1.0.1.jar:/home/alex/.m2/repository/org/apache/kerby/kerb-common/1.0.1/kerb-common-1.0.1.jar:/home/alex/.m2/repository/org/apache/kerby/kerb-crypto/1.0.1/kerb-crypto-1.0.1.jar:/home/alex/.m2/repository/org/apache/kerby/kerb-util/1.0.1/kerb-util-1.0.1.jar:/home/alex/.m2/repository/org/apache/kerby/token-provider/1.0.1/token-provider-1.0.1.jar:/home/alex/.m2/repository/org/apache/kerby/kerb-admin/1.0.1/kerb-admin-1.0.1.jar:/home/alex/.m2/repository/org/apache/kerby/kerb-server/1.0.1/kerb-server-1.0.1.jar:/home/alex/.m2/repository/org/apache/kerby/kerb-identity/1.0.1/kerb-identity-1.0.1.jar:/home/alex/.m2/repository/org/apache/kerby/kerby-xdr/1.0.1/kerby-xdr-1.0.1.jar:/home/alex/.m2/repository/org/codehaus/woodstox/stax2-api/3.1.4/stax2-api-3.1.4.jar:/home/alex/.m2/repository/com/fasterxml/woodstox/woodstox-core/5.0.3/woodstox-core-5.0.3.jar:/home/alex/.m2/repository/org/apache/hadoop/hadoop-archives/3.1.0/hadoop-archives-3.1.0.jar:/home/alex/.m2/repository/org/apache/hadoop/hadoop-yarn-registry/3.1.0/hadoop-yarn-registry-3.1.0.jar:/home/alex/.m2/repository/org/apache/curator/curator-client/4.2.0/curator-client-4.2.0.jar:/home/alex/.m2/repository/org/apache/curator/curator-recipes/4.2.0/curator-recipes-4.2.0.jar:/home/alex/.m2/repository/commons-daemon/commons-daemon/1.0.13/commons-daemon-1.0.13.jar:/home/alex/.m2/repository/dnsjava/dnsjava/2.1.7/dnsjava-2.1.7.jar:/home/alex/.m2/repository/org/apache/hadoop/hadoop-mapreduce-client-core/3.1.0/hadoop-mapreduce-client-core-3.1.0.jar:/home/alex/.m2/repository/org/apache/hadoop/hadoop-hdfs-client/3.1.0/hadoop-hdfs-client-3.1.0.jar:/home/alex/.m2/repository/com/squareup/okhttp/okhttp/2.7.5/okhttp-2.7.5.jar:/home/alex/.m2/repository/com/squareup/okio/okio/1.6.0/okio-1.6.0.jar:/home/alex/.m2/repository/com/google/inject/extensions/guice-servlet/4.0/guice-servlet-4.0.jar:/home/alex/.m2/repository/org/apache/hadoop/hadoop-mapreduce-client-common/3.1.0/hadoop-mapreduce-client-common-3.1.0.jar:/home/alex/.m2/repository/org/apache/hadoop/hadoop-hdfs/3.1.0/hadoop-hdfs-3.1.0.jar:/home/alex/.m2/repository/org/eclipse/jetty/jetty-util-ajax/9.3.19.v20170502/jetty-util-ajax-9.3.19.v20170502.jar:/home/alex/.m2/repository/org/fusesource/leveldbjni/leveldbjni-all/1.8/leveldbjni-all-1.8.jar:/home/alex/.m2/repository/org/apache/hadoop/hadoop-yarn-api/3.1.0/hadoop-yarn-api-3.1.0.jar:/home/alex/.m2/repository/javax/xml/bind/jaxb-api/2.2.11/jaxb-api-2.2.11.jar:/home/alex/.m2/repository/org/apache/hadoop/hadoop-yarn-common/3.1.0/hadoop-yarn-common-3.1.0.jar:/home/alex/.m2/repository/com/google/inject/guice/4.0/guice-4.0.jar:/home/alex/.m2/repository/aopalliance/aopalliance/1.0/aopalliance-1.0.jar:/home/alex/.m2/repository/com/sun/jersey/contribs/jersey-guice/1.19/jersey-guice-1.19.jar:/home/alex/.m2/repository/com/fasterxml/jackson/module/jackson-module-jaxb-annotations/2.12.0/jackson-module-jaxb-annotations-2.12.0.jar:/home/alex/.m2/repository/jakarta/xml/bind/jakarta.xml.bind-api/2.3.2/jakarta.xml.bind-api-2.3.2.jar:/home/alex/.m2/repository/jakarta/activation/jakarta.activation-api/1.2.1/jakarta.activation-api-1.2.1.jar:/home/alex/.m2/repository/org/apache/hadoop/hadoop-yarn-client/3.1.0/hadoop-yarn-client-3.1.0.jar:/home/alex/.m2/repository/org/apache/orc/orc-tools/1.6.9/orc-tools-1.6.9.jar:/home/alex/.m2/repository/com/opencsv/opencsv/3.9/opencsv-3.9.jar:/home/alex/.m2/repository/org/codehaus/jettison/jettison/1.1/jettison-1.1.jar:/home/alex/.m2/repository/org/threeten/threetenbp/1.3.5/threetenbp-1.3.5.jar:/home/alex/.m2/repository/org/apache/ivy/ivy/2.4.0/ivy-2.4.0.jar:/home/alex/.m2/repository/org/apache/thrift/libthrift/0.14.1/libthrift-0.14.1.jar:/home/alex/.m2/repository/org/apache/httpcomponents/httpcore/4.4.13/httpcore-4.4.13.jar:/home/alex/.m2/repository/org/apache/tomcat/embed/tomcat-embed-core/8.5.46/tomcat-embed-core-8.5.46.jar:/home/alex/.m2/repository/org/apache/tomcat/tomcat-annotations-api/8.5.46/tomcat-annotations-api-8.5.46.jar:/home/alex/.m2/repository/javax/annotation/javax.annotation-api/1.3.2/javax.annotation-api-1.3.2.jar:/home/alex/.m2/repository/org/apache/zookeeper/zookeeper/3.5.5/zookeeper-3.5.5.jar:/home/alex/.m2/repository/org/apache/zookeeper/zookeeper-jute/3.5.5/zookeeper-jute-3.5.5.jar:/home/alex/.m2/repository/org/apache/curator/curator-framework/4.2.0/curator-framework-4.2.0.jar:/home/alex/.m2/repository/org/apache/curator/curator-test/4.2.0/curator-test-4.2.0.jar:/home/alex/.m2/repository/org/apache/datasketches/datasketches-hive/1.1.0-incubating/datasketches-hive-1.1.0-incubating.jar:/home/alex/.m2/repository/org/apache/datasketches/datasketches-java/1.3.0-incubating/datasketches-java-1.3.0-incubating.jar:/home/alex/.m2/repository/org/apache/datasketches/datasketches-memory/1.2.0-incubating/datasketches-memory-1.2.0-incubating.jar:/home/alex/.m2/repository/org/slf4j/slf4j-simple/1.7.27/slf4j-simple-1.7.27.jar:/home/alex/.m2/repository/com/lmax/disruptor/3.3.7/disruptor-3.3.7.jar:/home/alex/.m2/repository/org/codehaus/groovy/groovy-all/2.4.11/groovy-all-2.4.11.jar:/home/alex/.m2/repository/org/jodd/jodd-util/6.0.0/jodd-util-6.0.0.jar:/home/alex/.m2/repository/com/fasterxml/jackson/core/jackson-annotations/2.12.0/jackson-annotations-2.12.0.jar:/home/alex/.m2/repository/com/fasterxml/jackson/core/jackson-core/2.12.0/jackson-core-2.12.0.jar:/home/alex/.m2/repository/com/fasterxml/jackson/core/jackson-databind/2.12.0/jackson-databind-2.12.0.jar:/home/alex/.m2/repository/com/fasterxml/jackson/dataformat/jackson-dataformat-yaml/2.12.0/jackson-dataformat-yaml-2.12.0.jar:/home/alex/.m2/repository/org/yaml/snakeyaml/1.27/snakeyaml-1.27.jar:/home/alex/.m2/repository/org/datanucleus/datanucleus-core/5.2.4/datanucleus-core-5.2.4.jar:/home/alex/.m2/repository/org/apache/calcite/calcite-core/1.25.0/calcite-core-1.25.0.jar:/home/alex/.m2/repository/org/apache/calcite/calcite-linq4j/1.25.0/calcite-linq4j-1.25.0.jar:/home/alex/.m2/repository/org/apiguardian/apiguardian-api/1.1.0/apiguardian-api-1.1.0.jar:/home/alex/.m2/repository/com/esri/geometry/esri-geometry-api/2.2.0/esri-geometry-api-2.2.0.jar:/home/alex/.m2/repository/com/yahoo/datasketches/sketches-core/0.9.0/sketches-core-0.9.0.jar:/home/alex/.m2/repository/com/yahoo/datasketches/memory/0.9.0/memory-0.9.0.jar:/home/alex/.m2/repository/org/apache/commons/commons-dbcp2/2.7.0/commons-dbcp2-2.7.0.jar:/home/alex/.m2/repository/org/apache/commons/commons-pool2/2.7.0/commons-pool2-2.7.0.jar:/home/alex/.m2/repository/org/apache/calcite/calcite-druid/1.25.0/calcite-druid-1.25.0.jar:/home/alex/.m2/repository/org/apache/calcite/avatica/avatica/1.12.0/avatica-1.12.0.jar:/home/alex/.m2/repository/com/google/guava/guava/19.0/guava-19.0.jar:/home/alex/.m2/repository/com/googlecode/javaewah/JavaEWAH/0.3.2/JavaEWAH-0.3.2.jar:/home/alex/.m2/repository/com/google/code/gson/gson/2.2.4/gson-2.2.4.jar:/home/alex/.m2/repository/com/tdunning/json/1.8/json-1.8.jar:/home/alex/.m2/repository/stax/stax-api/1.0.1/stax-api-1.0.1.jar:/home/alex/.m2/repository/net/sf/opencsv/opencsv/2.3/opencsv-2.3.jar:/home/alex/Repositories/hive/standalone-metastore/metastore-server/target/classes:/home/alex/.m2/repository/com/zaxxer/HikariCP/2.6.1/HikariCP-2.6.1.jar:/home/alex/.m2/repository/commons-beanutils/commons-beanutils/1.9.4/commons-beanutils-1.9.4.jar:/home/alex/.m2/repository/org/datanucleus/datanucleus-api-jdo/5.2.4/datanucleus-api-jdo-5.2.4.jar:/home/alex/.m2/repository/org/datanucleus/datanucleus-rdbms/5.2.4/datanucleus-rdbms-5.2.4.jar:/home/alex/.m2/repository/org/datanucleus/javax.jdo/3.2.0-release/javax.jdo-3.2.0-release.jar:/home/alex/.m2/repository/javax/transaction/javax.transaction-api/1.3/javax.transaction-api-1.3.jar:/home/alex/.m2/repository/org/glassfish/corba/glassfish-corba-omgapi/4.2.2/glassfish-corba-omgapi-4.2.2.jar:/home/alex/.m2/repository/sqlline/sqlline/1.9.0/sqlline-1.9.0.jar:/home/alex/.m2/repository/org/jline/jline-terminal/3.12.1/jline-terminal-3.12.1.jar:/home/alex/.m2/repository/org/jline/jline-reader/3.12.1/jline-reader-3.12.1.jar:/home/alex/.m2/repository/org/jline/jline-terminal-jansi/3.12.1/jline-terminal-jansi-3.12.1.jar:/home/alex/.m2/repository/org/fusesource/jansi/jansi/1.18/jansi-1.18.jar:/home/alex/.m2/repository/org/jline/jline-terminal-jna/3.12.1/jline-terminal-jna-3.12.1.jar:/home/alex/.m2/repository/net/java/dev/jna/jna/5.3.1/jna-5.3.1.jar:/home/alex/.m2/repository/org/jline/jline-builtins/3.12.1/jline-builtins-3.12.1.jar:/home/alex/.m2/repository/org/jline/jline-style/3.12.1/jline-style-3.12.1.jar:/home/alex/.m2/repository/com/cronutils/cron-utils/9.1.3/cron-utils-9.1.3.jar:/home/alex/.m2/repository/org/glassfish/javax.el/3.0.0/javax.el-3.0.0.jar:/home/alex/.m2/repository/com/oracle/database/jdbc/ojdbc8/21.3.0.0/ojdbc8-21.3.0.0.jar:/home/alex/.m2/repository/mysql/mysql-connector-java/8.0.27/mysql-connector-java-8.0.27.jar:/home/alex/.m2/repository/com/microsoft/sqlserver/mssql-jdbc/6.2.1.jre8/mssql-jdbc-6.2.1.jre8.jar:/home/alex/.m2/repository/org/postgresql/postgresql/42.2.14/postgresql-42.2.14.jar:/home/alex/Repositories/hive/common/target/test-classes:/home/alex/Repositories/hive/standalone-metastore/metastore-common/target/test-classes:/home/alex/.m2/repository/com/github/ben-manes/caffeine/caffeine/2.8.4/caffeine-2.8.4.jar:/home/alex/.m2/repository/org/checkerframework/checker-qual/3.4.0/checker-qual-3.4.0.jar:/home/alex/Repositories/hive/standalone-metastore/metastore-server/target/test-classes:/home/alex/.m2/repository/org/apache/parquet/parquet-column/1.11.1/parquet-column-1.11.1-tests.jar:/home/alex/.m2/repository/org/apache/parquet/parquet-common/1.11.1/parquet-common-1.11.1.jar:/home/alex/.m2/repository/org/apache/parquet/parquet-format-structures/1.11.1/parquet-format-structures-1.11.1.jar:/home/alex/.m2/repository/org/apache/parquet/parquet-encoding/1.11.1/parquet-encoding-1.11.1.jar:/home/alex/.m2/repository/junit/junit/4.13/junit-4.13.jar:/home/alex/.m2/repository/org/hamcrest/hamcrest-core/1.3/hamcrest-core-1.3.jar:/home/alex/.m2/repository/org/junit/jupiter/junit-jupiter-engine/5.6.2/junit-jupiter-engine-5.6.2.jar:/home/alex/.m2/repository/org/junit/platform/junit-platform-engine/1.6.2/junit-platform-engine-1.6.2.jar:/home/alex/.m2/repository/org/opentest4j/opentest4j/1.2.0/opentest4j-1.2.0.jar:/home/alex/.m2/repository/org/junit/platform/junit-platform-commons/1.6.2/junit-platform-commons-1.6.2.jar:/home/alex/.m2/repository/org/junit/jupiter/junit-jupiter-api/5.6.2/junit-jupiter-api-5.6.2.jar:/home/alex/.m2/repository/org/junit/jupiter/junit-jupiter-params/5.6.2/junit-jupiter-params-5.6.2.jar:/home/alex/.m2/repository/org/junit/vintage/junit-vintage-engine/5.6.2/junit-vintage-engine-5.6.2.jar:/home/alex/.m2/repository/org/apache/tez/tez-api/0.10.1/tez-api-0.10.1.jar:/usr/lib/jvm/java-8-openjdk-amd64/jre/../lib/tools.jar:/home/alex/.m2/repository/org/apache/tez/tez-runtime-library/0.10.1/tez-runtime-library-0.10.1.jar:/home/alex/.m2/repository/org/roaringbitmap/RoaringBitmap/0.5.21/RoaringBitmap-0.5.21.jar:/home/alex/.m2/repository/org/asynchttpclient/async-http-client/2.12.1/async-http-client-2.12.1.jar:/home/alex/.m2/repository/org/asynchttpclient/async-http-client-netty-utils/2.12.1/async-http-client-netty-utils-2.12.1.jar:/home/alex/.m2/repository/io/netty/netty-buffer/4.1.48.Final/netty-buffer-4.1.48.Final.jar:/home/alex/.m2/repository/io/netty/netty-codec-http/4.1.48.Final/netty-codec-http-4.1.48.Final.jar:/home/alex/.m2/repository/io/netty/netty-common/4.1.48.Final/netty-common-4.1.48.Final.jar:/home/alex/.m2/repository/io/netty/netty-transport/4.1.48.Final/netty-transport-4.1.48.Final.jar:/home/alex/.m2/repository/io/netty/netty-codec/4.1.48.Final/netty-codec-4.1.48.Final.jar:/home/alex/.m2/repository/io/netty/netty-handler/4.1.48.Final/netty-handler-4.1.48.Final.jar:/home/alex/.m2/repository/io/netty/netty-resolver/4.1.48.Final/netty-resolver-4.1.48.Final.jar:/home/alex/.m2/repository/io/netty/netty-codec-socks/4.1.48.Final/netty-codec-socks-4.1.48.Final.jar:/home/alex/.m2/repository/io/netty/netty-handler-proxy/4.1.48.Final/netty-handler-proxy-4.1.48.Final.jar:/home/alex/.m2/repository/io/netty/netty-transport-native-epoll/4.1.48.Final/netty-transport-native-epoll-4.1.48.Final-linux-x86_64.jar:/home/alex/.m2/repository/io/netty/netty-transport-native-unix-common/4.1.48.Final/netty-transport-native-unix-common-4.1.48.Final.jar:/home/alex/.m2/repository/io/netty/netty-transport-native-kqueue/4.1.48.Final/netty-transport-native-kqueue-4.1.48.Final-osx-x86_64.jar:/home/alex/.m2/repository/org/reactivestreams/reactive-streams/1.0.3/reactive-streams-1.0.3.jar:/home/alex/.m2/repository/com/typesafe/netty/netty-reactive-streams/2.0.4/netty-reactive-streams-2.0.4.jar:/home/alex/.m2/repository/com/sun/activation/javax.activation/1.2.0/javax.activation-1.2.0.jar:/home/alex/.m2/repository/org/apache/tez/tez-common/0.10.1/tez-common-0.10.1.jar:/home/alex/.m2/repository/org/apache/tez/tez-runtime-internals/0.10.1/tez-runtime-internals-0.10.1.jar:/home/alex/.m2/repository/org/apache/tez/hadoop-shim/0.10.1/hadoop-shim-0.10.1.jar:/home/alex/.m2/repository/org/apache/tez/tez-mapreduce/0.10.1/tez-mapreduce-0.10.1.jar:/home/alex/.m2/repository/org/apache/tez/tez-dag/0.10.1/tez-dag-0.10.1.jar:/home/alex/.m2/repository/org/apache/hadoop/hadoop-yarn-server-web-proxy/3.1.0/hadoop-yarn-server-web-proxy-3.1.0.jar:/home/alex/.m2/repository/org/apache/hadoop/hadoop-yarn-server-common/3.1.0/hadoop-yarn-server-common-3.1.0.jar:/home/alex/.m2/repository/org/apache/geronimo/specs/geronimo-jcache_1.0_spec/1.0-alpha-1/geronimo-jcache_1.0_spec-1.0-alpha-1.jar:/home/alex/.m2/repository/org/ehcache/ehcache/3.3.1/ehcache-3.3.1.jar:/home/alex/.m2/repository/com/zaxxer/HikariCP-java7/2.4.12/HikariCP-java7-2.4.12.jar:/home/alex/.m2/repository/org/apache/spark/spark-core_2.12/2.4.5/spark-core_2.12-2.4.5.jar:/home/alex/.m2/repository/com/twitter/chill_2.12/0.9.3/chill_2.12-0.9.3.jar:/home/alex/.m2/repository/com/twitter/chill-java/0.9.3/chill-java-0.9.3.jar:/home/alex/.m2/repository/org/apache/xbean/xbean-asm6-shaded/4.8/xbean-asm6-shaded-4.8.jar:/home/alex/.m2/repository/org/apache/hadoop/hadoop-client/3.1.0/hadoop-client-3.1.0.jar:/home/alex/.m2/repository/org/apache/hadoop/hadoop-mapreduce-client-jobclient/3.1.0/hadoop-mapreduce-client-jobclient-3.1.0.jar:/home/alex/.m2/repository/org/apache/spark/spark-launcher_2.12/2.4.5/spark-launcher_2.12-2.4.5.jar:/home/alex/.m2/repository/org/apache/spark/spark-kvstore_2.12/2.4.5/spark-kvstore_2.12-2.4.5.jar:/home/alex/.m2/repository/org/apache/spark/spark-network-common_2.12/2.4.5/spark-network-common_2.12-2.4.5.jar:/home/alex/.m2/repository/org/apache/spark/spark-network-shuffle_2.12/2.4.5/spark-network-shuffle_2.12-2.4.5.jar:/home/alex/.m2/repository/org/apache/spark/spark-unsafe_2.12/2.4.5/spark-unsafe_2.12-2.4.5.jar:/home/alex/.m2/repository/javax/activation/activation/1.1.1/activation-1.1.1.jar:/home/alex/.m2/repository/org/slf4j/jul-to-slf4j/1.7.16/jul-to-slf4j-1.7.16.jar:/home/alex/.m2/repository/org/slf4j/jcl-over-slf4j/1.7.16/jcl-over-slf4j-1.7.16.jar:/home/alex/.m2/repository/com/ning/compress-lzf/1.0.3/compress-lzf-1.0.3.jar:/home/alex/.m2/repository/org/lz4/lz4-java/1.4.0/lz4-java-1.4.0.jar:/home/alex/.m2/repository/com/github/luben/zstd-jni/1.3.2-2/zstd-jni-1.3.2-2.jar:/home/alex/.m2/repository/org/scala-lang/scala-library/2.12.10/scala-library-2.12.10.jar:/home/alex/.m2/repository/org/json4s/json4s-jackson_2.12/3.5.3/json4s-jackson_2.12-3.5.3.jar:/home/alex/.m2/repository/org/json4s/json4s-core_2.12/3.5.3/json4s-core_2.12-3.5.3.jar:/home/alex/.m2/repository/org/json4s/json4s-ast_2.12/3.5.3/json4s-ast_2.12-3.5.3.jar:/home/alex/.m2/repository/org/json4s/json4s-scalap_2.12/3.5.3/json4s-scalap_2.12-3.5.3.jar:/home/alex/.m2/repository/org/scala-lang/modules/scala-xml_2.12/1.0.6/scala-xml_2.12-1.0.6.jar:/home/alex/.m2/repository/com/clearspring/analytics/stream/2.7.0/stream-2.7.0.jar:/home/alex/.m2/repository/io/dropwizard/metrics/metrics-graphite/3.1.5/metrics-graphite-3.1.5.jar:/home/alex/.m2/repository/oro/oro/2.0.8/oro-2.0.8.jar:/home/alex/.m2/repository/net/razorvine/pyrolite/4.13/pyrolite-4.13.jar:/home/alex/.m2/repository/net/sf/py4j/py4j/0.10.7/py4j-0.10.7.jar:/home/alex/.m2/repository/org/apache/spark/spark-tags_2.12/2.4.5/spark-tags_2.12-2.4.5.jar:/home/alex/.m2/repository/org/spark-project/spark/unused/1.0.0/unused-1.0.0.jar:/home/alex/.m2/repository/com/sun/jersey/jersey-servlet/1.19/jersey-servlet-1.19.jar:/home/alex/.m2/repository/org/glassfish/jersey/core/jersey-server/2.22.2/jersey-server-2.22.2.jar:/home/alex/.m2/repository/org/glassfish/jersey/core/jersey-common/2.22.2/jersey-common-2.22.2.jar:/home/alex/.m2/repository/org/glassfish/jersey/bundles/repackaged/jersey-guava/2.22.2/jersey-guava-2.22.2.jar:/home/alex/.m2/repository/org/glassfish/hk2/osgi-resource-locator/1.0.1/osgi-resource-locator-1.0.1.jar:/home/alex/.m2/repository/org/glassfish/jersey/core/jersey-client/2.22.2/jersey-client-2.22.2.jar:/home/alex/.m2/repository/javax/ws/rs/javax.ws.rs-api/2.0.1/javax.ws.rs-api-2.0.1.jar:/home/alex/.m2/repository/org/glassfish/jersey/media/jersey-media-jaxb/2.22.2/jersey-media-jaxb-2.22.2.jar:/home/alex/.m2/repository/org/glassfish/hk2/hk2-api/2.4.0-b34/hk2-api-2.4.0-b34.jar:/home/alex/.m2/repository/org/glassfish/hk2/hk2-utils/2.4.0-b34/hk2-utils-2.4.0-b34.jar:/home/alex/.m2/repository/org/glassfish/hk2/external/aopalliance-repackaged/2.4.0-b34/aopalliance-repackaged-2.4.0-b34.jar:/home/alex/.m2/repository/org/glassfish/hk2/external/javax.inject/2.4.0-b34/javax.inject-2.4.0-b34.jar:/home/alex/.m2/repository/org/glassfish/hk2/hk2-locator/2.4.0-b34/hk2-locator-2.4.0-b34.jar:/home/alex/.m2/repository/javax/validation/validation-api/1.1.0.Final/validation-api-1.1.0.Final.jar:/home/alex/.m2/repository/org/glassfish/jersey/containers/jersey-container-servlet-core/2.22.2/jersey-container-servlet-core-2.22.2.jar:/home/alex/.m2/repository/org/hamcrest/hamcrest-all/1.3/hamcrest-all-1.3.jar:/home/alex/.m2/repository/org/powermock/powermock-module-junit4/2.0.2/powermock-module-junit4-2.0.2.jar:/home/alex/.m2/repository/org/powermock/powermock-module-junit4-common/2.0.2/powermock-module-junit4-common-2.0.2.jar:/home/alex/.m2/repository/org/powermock/powermock-reflect/2.0.2/powermock-reflect-2.0.2.jar:/home/alex/.m2/repository/org/powermock/powermock-core/2.0.2/powermock-core-2.0.2.jar:/home/alex/.m2/repository/org/powermock/powermock-api-mockito2/2.0.2/powermock-api-mockito2-2.0.2.jar:/home/alex/.m2/repository/org/powermock/powermock-api-support/2.0.2/powermock-api-support-2.0.2.jar:/home/alex/.m2/repository/com/google/guava/guava-testlib/19.0/guava-testlib-19.0.jar:/home/alex/.m2/repository/com/google/errorprone/error_prone_annotations/2.0.2/error_prone_annotations-2.0.2.jar:/home/alex/.m2/repository/com/google/re2j/re2j/1.2/re2j-1.2.jar:/home/alex/.m2/repository/org/reflections/reflections/0.9.10/reflections-0.9.10.jar:/home/alex/.m2/repository/org/javassist/javassist/3.19.0-GA/javassist-3.19.0-GA.jar:/home/alex/.m2/repository/com/jayway/jsonpath/json-path/2.4.0/json-path-2.4.0.jar:/home/alex/.m2/repository/net/minidev/json-smart/2.3/json-smart-2.3.jar:/home/alex/.m2/repository/net/minidev/accessors-smart/1.2/accessors-smart-1.2.jar:/home/alex/.m2/repository/org/ow2/asm/asm/5.0.4/asm-5.0.4.jar:/home/alex/.m2/repository/org/codehaus/janino/commons-compiler/3.0.11/commons-compiler-3.0.11.jar:/home/alex/.m2/repository/org/codehaus/janino/janino/3.0.11/janino-3.0.11.jar:/home/alex/.m2/repository/com/sun/jersey/contribs/jersey-multipart/1.19/jersey-multipart-1.19.jar:/home/alex/.m2/repository/org/jvnet/mimepull/mimepull/1.9.3/mimepull-1.9.3.jar:/home/alex/.m2/repository/org/apache/kafka/kafka-clients/2.5.0/kafka-clients-2.5.0.jar:/home/alex/.m2/repository/org/slf4j/slf4j-api/1.7.30/slf4j-api-1.7.30.jar:/home/alex/.m2/repository/org/mockito/mockito-core/3.4.4/mockito-core-3.4.4.jar:/home/alex/.m2/repository/net/bytebuddy/byte-buddy/1.10.13/byte-buddy-1.10.13.jar:/home/alex/.m2/repository/net/bytebuddy/byte-buddy-agent/1.10.13/byte-buddy-agent-1.10.13.jar:/home/alex/Repositories/hive/ql/target/testconf:/home/alex/Repositories/hive/ql/../conf:"/>
    <property name="sun.cpu.endian" value="little"/>
    <property name="user.home" value="/home/alex"/>
    <property name="user.language" value="en"/>
    <property name="java.security.krb5.conf" value="/home/alex/Repositories/hive/ql/target/testconf/krb5.conf"/>
    <property name="test.dfs.mkdir" value=""/>
    <property name="java.awt.graphicsenv" value="sun.awt.X11GraphicsEnvironment"/>
    <property name="nondexFilter" value=".*"/>
    <property name="nondexSeed" value="974622"/>
    <property name="surefire.real.class.path" value="/home/alex/Repositories/hive/ql/target/surefire/surefirebooter3791776778453343667.jar"/>
    <property name="hadoop.log.dir" value="/home/alex/Repositories/hive/ql/target/tmp"/>
    <property name="java.net.preferIPv4Stack" value="true"/>
    <property name="path.separator" value=":"/>
    <property name="os.version" value="6.5.0-28-generic"/>
    <property name="java.endorsed.dirs" value="/usr/lib/jvm/java-8-openjdk-amd64/jre/lib/endorsed"/>
    <property name="java.runtime.name" value="OpenJDK Runtime Environment"/>
    <property name="hive.test.console.log.level" value="INFO"/>
    <property name="java.vm.name" value="OpenJDK 64-Bit Server VM"/>
    <property name="java.vendor.url.bug" value="http://bugreport.sun.com/bugreport/"/>
    <property name="maven.local.repository" value="/home/alex/.m2/repository"/>
    <property name="user.dir" value="/home/alex/Repositories/hive/ql"/>
    <property name="os.arch" value="amd64"/>
    <property name="nondexMode" value="FULL"/>
    <property name="user.language.format" value="pt"/>
    <property name="antlr.version" value="3.5.2"/>
    <property name="derby.version" value="10.14.1.0"/>
    <property name="java.vm.info" value="mixed mode"/>
    <property name="java.vm.version" value="25.402-b06"/>
    <property name="java.ext.dirs" value="/usr/lib/jvm/java-8-openjdk-amd64/jre/lib/ext:/usr/java/packages/lib/ext"/>
    <property name="java.class.version" value="52.0"/>
    <property name="test.output.overwrite" value=""/>
    <property name="hive.root" value="/home/alex/Repositories/hive/ql/../"/>
  </properties>
  <testcase name="testMergeUpdateDelete" classname="org.apache.hadoop.hive.ql.TestTxnCommandsWithSplitUpdateAndVectorization" time="17.891">
    <error type="java.lang.RuntimeException"><![CDATA[java.lang.RuntimeException: merge into acidTbl as t using nonAcidOrcTbl s ON t.a = s.a WHEN MATCHED AND s.a < 3 THEN update set b = 0 WHEN MATCHED and t.a > 3 and t.a < 5 THEN DELETE WHEN NOT MATCHED THEN INSERT VALUES(s.a, s.b)  failed: (responseCode = 40000, errorMessage = FAILED: NoMatchingMethodException No matching method for class org.apache.hadoop.hive.ql.udf.UDFToInteger with (struct<writeid:bigint,bucketid:int,rowid:bigint>). Possible choices: _FUNC_(bigint)  _FUNC_(boolean)  _FUNC_(decimal(38,18))  _FUNC_(double)  _FUNC_(float)  _FUNC_(smallint)  _FUNC_(string)  _FUNC_(struct<rowid:bigint,writeid:bigint,bucketid:int>)  _FUNC_(timestamp)  _FUNC_(tinyint)  _FUNC_(void)  , hiveErrorCode = 40000, SQLState = 42000, exception = No matching method for class org.apache.hadoop.hive.ql.udf.UDFToInteger with (struct<writeid:bigint,bucketid:int,rowid:bigint>). Possible choices: _FUNC_(bigint)  _FUNC_(boolean)  _FUNC_(decimal(38,18))  _FUNC_(double)  _FUNC_(float)  _FUNC_(smallint)  _FUNC_(string)  _FUNC_(struct<rowid:bigint,writeid:bigint,bucketid:int>)  _FUNC_(timestamp)  _FUNC_(tinyint)  _FUNC_(void)  )
	at org.apache.hadoop.hive.ql.TxnCommandsBaseForTests.runStatementOnDriver(TxnCommandsBaseForTests.java:247)
	at org.apache.hadoop.hive.ql.TestTxnCommands.testMergeUpdateDelete(TestTxnCommands.java:1242)
	at sun.reflect.NativeMethodAccessorImpl.invoke0(Native Method)
	at sun.reflect.NativeMethodAccessorImpl.invoke(NativeMethodAccessorImpl.java:62)
	at sun.reflect.DelegatingMethodAccessorImpl.invoke(DelegatingMethodAccessorImpl.java:43)
	at java.lang.reflect.Method.invoke(Method.java:498)
	at org.junit.runners.model.FrameworkMethod$1.runReflectiveCall(FrameworkMethod.java:59)
	at org.junit.internal.runners.model.ReflectiveCallable.run(ReflectiveCallable.java:12)
	at org.junit.runners.model.FrameworkMethod.invokeExplosively(FrameworkMethod.java:56)
	at org.junit.internal.runners.statements.InvokeMethod.evaluate(InvokeMethod.java:17)
	at org.junit.internal.runners.statements.RunBefores.evaluate(RunBefores.java:26)
	at org.junit.internal.runners.statements.RunAfters.evaluate(RunAfters.java:27)
	at org.junit.rules.TestWatcher$1.evaluate(TestWatcher.java:61)
	at org.junit.runners.ParentRunner$3.evaluate(ParentRunner.java:306)
	at org.junit.runners.BlockJUnit4ClassRunner$1.evaluate(BlockJUnit4ClassRunner.java:100)
	at org.junit.runners.ParentRunner.runLeaf(ParentRunner.java:366)
	at org.junit.runners.BlockJUnit4ClassRunner.runChild(BlockJUnit4ClassRunner.java:103)
	at org.junit.runners.BlockJUnit4ClassRunner.runChild(BlockJUnit4ClassRunner.java:63)
	at org.junit.runners.ParentRunner$4.run(ParentRunner.java:331)
	at org.junit.runners.ParentRunner$1.schedule(ParentRunner.java:79)
	at org.junit.runners.ParentRunner.runChildren(ParentRunner.java:329)
	at org.junit.runners.ParentRunner.access$100(ParentRunner.java:66)
	at org.junit.runners.ParentRunner$2.evaluate(ParentRunner.java:293)
	at org.junit.runners.ParentRunner$3.evaluate(ParentRunner.java:306)
	at org.junit.runners.ParentRunner.run(ParentRunner.java:413)
	at org.junit.runner.JUnitCore.run(JUnitCore.java:137)
	at org.junit.runner.JUnitCore.run(JUnitCore.java:115)
	at org.junit.vintage.engine.execution.RunnerExecutor.execute(RunnerExecutor.java:43)
	at java.util.stream.ForEachOps$ForEachOp$OfRef.accept(ForEachOps.java:183)
	at java.util.stream.ReferencePipeline$3$1.accept(ReferencePipeline.java:193)
	at java.util.Iterator.forEachRemaining(Iterator.java:116)
	at java.util.Spliterators$IteratorSpliterator.forEachRemaining(Spliterators.java:1801)
	at java.util.stream.AbstractPipeline.copyInto(AbstractPipeline.java:482)
	at java.util.stream.AbstractPipeline.wrapAndCopyInto(AbstractPipeline.java:472)
	at java.util.stream.ForEachOps$ForEachOp.evaluateSequential(ForEachOps.java:150)
	at java.util.stream.ForEachOps$ForEachOp$OfRef.evaluateSequential(ForEachOps.java:173)
	at java.util.stream.AbstractPipeline.evaluate(AbstractPipeline.java:234)
	at java.util.stream.ReferencePipeline.forEach(ReferencePipeline.java:485)
	at org.junit.vintage.engine.VintageTestEngine.executeAllChildren(VintageTestEngine.java:82)
	at org.junit.vintage.engine.VintageTestEngine.execute(VintageTestEngine.java:73)
	at org.junit.platform.launcher.core.DefaultLauncher.execute(DefaultLauncher.java:248)
	at org.junit.platform.launcher.core.DefaultLauncher.lambda$execute$5(DefaultLauncher.java:211)
	at org.junit.platform.launcher.core.DefaultLauncher.withInterceptedStreams(DefaultLauncher.java:226)
	at org.junit.platform.launcher.core.DefaultLauncher.execute(DefaultLauncher.java:199)
	at org.junit.platform.launcher.core.DefaultLauncher.execute(DefaultLauncher.java:132)
	at org.apache.maven.surefire.junitplatform.JUnitPlatformProvider.invokeAllTests(JUnitPlatformProvider.java:154)
	at org.apache.maven.surefire.junitplatform.JUnitPlatformProvider.invoke(JUnitPlatformProvider.java:123)
	at org.apache.maven.surefire.booter.ForkedBooter.runSuitesInProcess(ForkedBooter.java:377)
	at org.apache.maven.surefire.booter.ForkedBooter.execute(ForkedBooter.java:138)
	at org.apache.maven.surefire.booter.ForkedBooter.run(ForkedBooter.java:465)
	at org.apache.maven.surefire.booter.ForkedBooter.main(ForkedBooter.java:451)
]]></error>
    <system-out><![CDATA[log4j: Trying to find [log4j.xml] using context classloader org.apache.hadoop.hive.ql.exec.UDFClassLoader@2b9f74d0.
log4j: Trying to find [log4j.xml] using sun.misc.Launcher$AppClassLoader@330bedb4 class loader.
log4j: Trying to find [log4j.xml] using ClassLoader.getSystemResource().
log4j: Trying to find [log4j.properties] using context classloader org.apache.hadoop.hive.ql.exec.UDFClassLoader@2b9f74d0.
log4j: Trying to find [log4j.properties] using sun.misc.Launcher$AppClassLoader@330bedb4 class loader.
log4j: Trying to find [log4j.properties] using ClassLoader.getSystemResource().
log4j: Could not find resource: [null].
]]></system-out>
    <system-err><![CDATA[SLF4J: Class path contains multiple SLF4J bindings.
SLF4J: Found binding in [jar:file:/home/alex/.m2/repository/org/apache/logging/log4j/log4j-slf4j-impl/2.13.2/log4j-slf4j-impl-2.13.2.jar!/org/slf4j/impl/StaticLoggerBinder.class]
SLF4J: Found binding in [jar:file:/home/alex/.m2/repository/org/slf4j/slf4j-simple/1.7.27/slf4j-simple-1.7.27.jar!/org/slf4j/impl/StaticLoggerBinder.class]
SLF4J: See http://www.slf4j.org/codes.html#multiple_bindings for an explanation.
SLF4J: Actual binding is of type [org.apache.logging.slf4j.Log4jLoggerFactory]
DEBUG StatusLogger Using ShutdownCallbackRegistry class org.apache.logging.log4j.core.util.DefaultShutdownCallbackRegistry
DEBUG StatusLogger Took 0,079934 seconds to load 250 plugins from sun.misc.Launcher$AppClassLoader@330bedb4
DEBUG StatusLogger PluginManager 'Converter' found 46 plugins
DEBUG StatusLogger Starting OutputStreamManager SYSTEM_OUT.false.false-1
DEBUG StatusLogger Starting LoggerContext[name=330bedb4, org.apache.logging.log4j.core.LoggerContext@2a693f59]...
DEBUG StatusLogger Reconfiguration started for context[name=330bedb4] at URI null (org.apache.logging.log4j.core.LoggerContext@2a693f59) with optional ClassLoader: null
DEBUG StatusLogger PluginManager 'ConfigurationFactory' found 6 plugins
DEBUG StatusLogger Using configurationFactory org.apache.logging.log4j.core.config.ConfigurationFactory$Factory@65f8f5ae
DEBUG StatusLogger Apache Log4j Core 2.13.2 initializing configuration org.apache.logging.log4j.core.config.properties.PropertiesConfiguration@4dc27487
DEBUG StatusLogger Installed 2 script engines
DEBUG StatusLogger Groovy Scripting Engine version: 2.0, language: Groovy, threading: MULTITHREADED, compile: true, names: [groovy, Groovy], factory class: org.codehaus.groovy.jsr223.GroovyScriptEngineFactory
DEBUG StatusLogger Oracle Nashorn version: 1.8.0_402, language: ECMAScript, threading: Not Thread Safe, compile: true, names: [nashorn, Nashorn, js, JS, JavaScript, javascript, ECMAScript, ecmascript], factory class: jdk.nashorn.api.scripting.NashornScriptEngineFactory
INFO StatusLogger Scanning for classes in '/home/alex/Repositories/hive/ql/target/test-classes/org/apache/hadoop/hive/ql/log' matching criteria annotated with @Plugin
DEBUG StatusLogger Checking to see if class org.apache.hadoop.hive.ql.log.TestLog4j2Appenders matches criteria annotated with @Plugin
DEBUG StatusLogger Checking to see if class org.apache.hadoop.hive.ql.log.TestSlidingFilenameRolloverStrategy matches criteria annotated with @Plugin
DEBUG StatusLogger Checking to see if class org.apache.hadoop.hive.ql.log.TestSyslogInputFormat matches criteria annotated with @Plugin
INFO StatusLogger Scanning for classes in '/home/alex/Repositories/hive/ql/target/classes/org/apache/hadoop/hive/ql/log' matching criteria annotated with @Plugin
DEBUG StatusLogger Checking to see if class org.apache.hadoop.hive.ql.log.SlidingFilenameRolloverStrategy$1 matches criteria annotated with @Plugin
DEBUG StatusLogger Checking to see if class org.apache.hadoop.hive.ql.log.HushableRandomAccessFileAppender matches criteria annotated with @Plugin
DEBUG StatusLogger Checking to see if class org.apache.hadoop.hive.ql.log.LogDivertAppenderForTest$TestFilter matches criteria annotated with @Plugin
DEBUG StatusLogger Checking to see if class org.apache.hadoop.hive.ql.log.syslog.SyslogStorageHandler matches criteria annotated with @Plugin
DEBUG StatusLogger Checking to see if class org.apache.hadoop.hive.ql.log.syslog.SyslogInputFormat$Location matches criteria annotated with @Plugin
DEBUG StatusLogger Checking to see if class org.apache.hadoop.hive.ql.log.syslog.SyslogInputFormat matches criteria annotated with @Plugin
DEBUG StatusLogger Checking to see if class org.apache.hadoop.hive.ql.log.syslog.SyslogParser matches criteria annotated with @Plugin
DEBUG StatusLogger Checking to see if class org.apache.hadoop.hive.ql.log.syslog.SyslogSerDe matches criteria annotated with @Plugin
DEBUG StatusLogger Checking to see if class org.apache.hadoop.hive.ql.log.HiveEventCounter matches criteria annotated with @Plugin
DEBUG StatusLogger Checking to see if class org.apache.hadoop.hive.ql.log.HiveEventCounter$1 matches criteria annotated with @Plugin
DEBUG StatusLogger Checking to see if class org.apache.hadoop.hive.ql.log.PidFilePatternConverter matches criteria annotated with @Plugin
DEBUG StatusLogger Checking to see if class org.apache.hadoop.hive.ql.log.LogDivertAppender$NameFilter matches criteria annotated with @Plugin
DEBUG StatusLogger Checking to see if class org.apache.hadoop.hive.ql.log.HiveEventCounter$EventCounts matches criteria annotated with @Plugin
DEBUG StatusLogger Checking to see if class org.apache.hadoop.hive.ql.log.HushableRandomAccessFileAppender$1 matches criteria annotated with @Plugin
DEBUG StatusLogger Checking to see if class org.apache.hadoop.hive.ql.log.LogDivertAppenderForTest matches criteria annotated with @Plugin
DEBUG StatusLogger Checking to see if class org.apache.hadoop.hive.ql.log.SlidingFilenameRolloverStrategy matches criteria annotated with @Plugin
DEBUG StatusLogger Checking to see if class org.apache.hadoop.hive.ql.log.LogDivertAppender matches criteria annotated with @Plugin
DEBUG StatusLogger Checking to see if class org.apache.hadoop.hive.ql.log.NullAppender matches criteria annotated with @Plugin
INFO StatusLogger Scanning for classes in '/home/alex/Repositories/hive/common/target/classes/org/apache/hadoop/hive/ql/log' matching criteria annotated with @Plugin
DEBUG StatusLogger Checking to see if class org.apache.hadoop.hive.ql.log.PerfLogger matches criteria annotated with @Plugin
DEBUG StatusLogger Took 0,024610 seconds to load 7 plugins from package org.apache.hadoop.hive.ql.log
DEBUG StatusLogger PluginManager 'Core' found 132 plugins
DEBUG StatusLogger PluginManager 'Level' found 0 plugins
DEBUG StatusLogger Building Plugin[name=property, class=org.apache.logging.log4j.core.config.Property].
TRACE StatusLogger TypeConverterRegistry initializing.
DEBUG StatusLogger PluginManager 'TypeConverter' found 26 plugins
DEBUG StatusLogger createProperty(name="hive.log.file", value="hive.log")
DEBUG StatusLogger Building Plugin[name=property, class=org.apache.logging.log4j.core.config.Property].
DEBUG StatusLogger createProperty(name="hive.log.dir", value="/home/alex/Repositories/hive/ql/target/tmp/log")
DEBUG StatusLogger Building Plugin[name=property, class=org.apache.logging.log4j.core.config.Property].
DEBUG StatusLogger createProperty(name="hive.root.logger", value="DRFA")
DEBUG StatusLogger Building Plugin[name=property, class=org.apache.logging.log4j.core.config.Property].
DEBUG StatusLogger createProperty(name="hive.log.level", value="DEBUG")
DEBUG StatusLogger Building Plugin[name=property, class=org.apache.logging.log4j.core.config.Property].
DEBUG StatusLogger createProperty(name="hive.test.console.log.level", value="INFO")
DEBUG StatusLogger Building Plugin[name=properties, class=org.apache.logging.log4j.core.config.PropertiesPlugin].
DEBUG StatusLogger configureSubstitutor(={hive.log.file=hive.log, hive.log.dir=/home/alex/Repositories/hive/ql/target/tmp/log, hive.root.logger=DRFA, hive.log.level=DEBUG, hive.test.console.log.level=INFO}, Configuration(HiveLog4j2Test))
DEBUG StatusLogger PluginManager 'Lookup' found 17 plugins
DEBUG StatusLogger Building Plugin[name=logger, class=org.apache.logging.log4j.core.config.LoggerConfig].
DEBUG StatusLogger createLogger(additivity="true", level="WARN", name="org.apache.hadoop.ipc", includeLocation="null", ={}, ={}, Configuration(HiveLog4j2Test), Filter=null)
DEBUG StatusLogger Building Plugin[name=logger, class=org.apache.logging.log4j.core.config.LoggerConfig].
DEBUG StatusLogger createLogger(additivity="true", level="INFO", name="org.apache.hadoop.security", includeLocation="null", ={}, ={}, Configuration(HiveLog4j2Test), Filter=null)
DEBUG StatusLogger Building Plugin[name=logger, class=org.apache.logging.log4j.core.config.LoggerConfig].
DEBUG StatusLogger createLogger(additivity="true", level="INFO", name="org.apache.hadoop.hdfs", includeLocation="null", ={}, ={}, Configuration(HiveLog4j2Test), Filter=null)
DEBUG StatusLogger Building Plugin[name=logger, class=org.apache.logging.log4j.core.config.LoggerConfig].
DEBUG StatusLogger createLogger(additivity="true", level="WARN", name="org.apache.hadoop.hdfs.server", includeLocation="null", ={}, ={}, Configuration(HiveLog4j2Test), Filter=null)
DEBUG StatusLogger Building Plugin[name=logger, class=org.apache.logging.log4j.core.config.LoggerConfig].
DEBUG StatusLogger createLogger(additivity="true", level="INFO", name="org.apache.hadoop.metrics2", includeLocation="null", ={}, ={}, Configuration(HiveLog4j2Test), Filter=null)
DEBUG StatusLogger Building Plugin[name=logger, class=org.apache.logging.log4j.core.config.LoggerConfig].
DEBUG StatusLogger createLogger(additivity="true", level="INFO", name="org.mortbay", includeLocation="null", ={}, ={}, Configuration(HiveLog4j2Test), Filter=null)
DEBUG StatusLogger Building Plugin[name=logger, class=org.apache.logging.log4j.core.config.LoggerConfig].
DEBUG StatusLogger createLogger(additivity="true", level="INFO", name="org.apache.hadoop.yarn", includeLocation="null", ={}, ={}, Configuration(HiveLog4j2Test), Filter=null)
DEBUG StatusLogger Building Plugin[name=logger, class=org.apache.logging.log4j.core.config.LoggerConfig].
DEBUG StatusLogger createLogger(additivity="true", level="WARN", name="org.apache.hadoop.yarn.server", includeLocation="null", ={}, ={}, Configuration(HiveLog4j2Test), Filter=null)
DEBUG StatusLogger Building Plugin[name=logger, class=org.apache.logging.log4j.core.config.LoggerConfig].
DEBUG StatusLogger createLogger(additivity="true", level="INFO", name="org.apache.tez", includeLocation="null", ={}, ={}, Configuration(HiveLog4j2Test), Filter=null)
DEBUG StatusLogger Building Plugin[name=logger, class=org.apache.logging.log4j.core.config.LoggerConfig].
DEBUG StatusLogger createLogger(additivity="true", level="ERROR", name="org.apache.hadoop.conf.Configuration", includeLocation="null", ={}, ={}, Configuration(HiveLog4j2Test), Filter=null)
DEBUG StatusLogger Building Plugin[name=logger, class=org.apache.logging.log4j.core.config.LoggerConfig].
DEBUG StatusLogger createLogger(additivity="true", level="INFO", name="org.apache.zookeeper", includeLocation="null", ={}, ={}, Configuration(HiveLog4j2Test), Filter=null)
DEBUG StatusLogger Building Plugin[name=logger, class=org.apache.logging.log4j.core.config.LoggerConfig].
DEBUG StatusLogger createLogger(additivity="true", level="WARN", name="org.apache.zookeeper.server.ServerCnxn", includeLocation="null", ={}, ={}, Configuration(HiveLog4j2Test), Filter=null)
DEBUG StatusLogger Building Plugin[name=logger, class=org.apache.logging.log4j.core.config.LoggerConfig].
DEBUG StatusLogger createLogger(additivity="true", level="WARN", name="org.apache.zookeeper.server.NIOServerCnxn", includeLocation="null", ={}, ={}, Configuration(HiveLog4j2Test), Filter=null)
DEBUG StatusLogger Building Plugin[name=logger, class=org.apache.logging.log4j.core.config.LoggerConfig].
DEBUG StatusLogger createLogger(additivity="true", level="WARN", name="org.apache.zookeeper.ClientCnxn", includeLocation="null", ={}, ={}, Configuration(HiveLog4j2Test), Filter=null)
DEBUG StatusLogger Building Plugin[name=logger, class=org.apache.logging.log4j.core.config.LoggerConfig].
DEBUG StatusLogger createLogger(additivity="true", level="WARN", name="org.apache.zookeeper.ClientCnxnSocket", includeLocation="null", ={}, ={}, Configuration(HiveLog4j2Test), Filter=null)
DEBUG StatusLogger Building Plugin[name=logger, class=org.apache.logging.log4j.core.config.LoggerConfig].
DEBUG StatusLogger createLogger(additivity="true", level="WARN", name="org.apache.zookeeper.ClientCnxnSocketNIO", includeLocation="null", ={}, ={}, Configuration(HiveLog4j2Test), Filter=null)
DEBUG StatusLogger Building Plugin[name=logger, class=org.apache.logging.log4j.core.config.LoggerConfig].
DEBUG StatusLogger createLogger(additivity="true", level="ERROR", name="DataNucleus", includeLocation="null", ={}, ={}, Configuration(HiveLog4j2Test), Filter=null)
DEBUG StatusLogger Building Plugin[name=logger, class=org.apache.logging.log4j.core.config.LoggerConfig].
DEBUG StatusLogger createLogger(additivity="true", level="ERROR", name="Datastore", includeLocation="null", ={}, ={}, Configuration(HiveLog4j2Test), Filter=null)
DEBUG StatusLogger Building Plugin[name=logger, class=org.apache.logging.log4j.core.config.LoggerConfig].
DEBUG StatusLogger createLogger(additivity="true", level="ERROR", name="JPOX", includeLocation="null", ={}, ={}, Configuration(HiveLog4j2Test), Filter=null)
DEBUG StatusLogger Building Plugin[name=logger, class=org.apache.logging.log4j.core.config.LoggerConfig].
DEBUG StatusLogger createLogger(additivity="true", level="INFO", name="org.apache.hadoop.hive.ql.exec.Operator", includeLocation="null", ={}, ={}, Configuration(HiveLog4j2Test), Filter=null)
DEBUG StatusLogger Building Plugin[name=logger, class=org.apache.logging.log4j.core.config.LoggerConfig].
DEBUG StatusLogger createLogger(additivity="true", level="INFO", name="org.apache.hadoop.hive.serde2.lazy", includeLocation="null", ={}, ={}, Configuration(HiveLog4j2Test), Filter=null)
DEBUG StatusLogger Building Plugin[name=logger, class=org.apache.logging.log4j.core.config.LoggerConfig].
DEBUG StatusLogger createLogger(additivity="true", level="INFO", name="org.apache.hadoop.hive.metastore.ObjectStore", includeLocation="null", ={}, ={}, Configuration(HiveLog4j2Test), Filter=null)
DEBUG StatusLogger Building Plugin[name=logger, class=org.apache.logging.log4j.core.config.LoggerConfig].
DEBUG StatusLogger createLogger(additivity="true", level="INFO", name="org.apache.calcite.plan.RelOptPlanner", includeLocation="null", ={}, ={}, Configuration(HiveLog4j2Test), Filter=null)
DEBUG StatusLogger Building Plugin[name=logger, class=org.apache.logging.log4j.core.config.LoggerConfig].
DEBUG StatusLogger createLogger(additivity="true", level="INFO", name="com.amazonaws", includeLocation="null", ={}, ={}, Configuration(HiveLog4j2Test), Filter=null)
DEBUG StatusLogger Building Plugin[name=logger, class=org.apache.logging.log4j.core.config.LoggerConfig].
DEBUG StatusLogger createLogger(additivity="true", level="INFO", name="org.apache.http", includeLocation="null", ={}, ={}, Configuration(HiveLog4j2Test), Filter=null)
DEBUG StatusLogger Building Plugin[name=logger, class=org.apache.logging.log4j.core.config.LoggerConfig].
DEBUG StatusLogger createLogger(additivity="true", level="WARN", name="org.apache.thrift", includeLocation="null", ={}, ={}, Configuration(HiveLog4j2Test), Filter=null)
DEBUG StatusLogger Building Plugin[name=logger, class=org.apache.logging.log4j.core.config.LoggerConfig].
DEBUG StatusLogger createLogger(additivity="true", level="WARN", name="org.eclipse.jetty", includeLocation="null", ={}, ={}, Configuration(HiveLog4j2Test), Filter=null)
DEBUG StatusLogger Building Plugin[name=logger, class=org.apache.logging.log4j.core.config.LoggerConfig].
DEBUG StatusLogger createLogger(additivity="true", level="WARN", name="BlockStateChange", includeLocation="null", ={}, ={}, Configuration(HiveLog4j2Test), Filter=null)
DEBUG StatusLogger Building Plugin[name=logger, class=org.apache.logging.log4j.core.config.LoggerConfig].
DEBUG StatusLogger createLogger(additivity="true", level="DEBUG", name="org.apache.hadoop.hive.ql.optimizer.SharedWorkOptimizer", includeLocation="null", ={}, ={}, Configuration(HiveLog4j2Test), Filter=null)
DEBUG StatusLogger Building Plugin[name=AppenderRef, class=org.apache.logging.log4j.core.config.AppenderRef].
DEBUG StatusLogger createAppenderRef(ref="DRFA", level="null", Filter=null)
DEBUG StatusLogger Building Plugin[name=AppenderRef, class=org.apache.logging.log4j.core.config.AppenderRef].
DEBUG StatusLogger createAppenderRef(ref="console", level="INFO", Filter=null)
DEBUG StatusLogger Building Plugin[name=root, class=org.apache.logging.log4j.core.config.LoggerConfig$RootLogger].
DEBUG StatusLogger createLogger(additivity="null", level="DEBUG", includeLocation="null", ={DRFA, console}, ={}, Configuration(HiveLog4j2Test), Filter=null)
DEBUG StatusLogger Building Plugin[name=loggers, class=org.apache.logging.log4j.core.config.LoggersPlugin].
DEBUG StatusLogger createLoggers(={org.apache.hadoop.ipc, org.apache.hadoop.security, org.apache.hadoop.hdfs, org.apache.hadoop.hdfs.server, org.apache.hadoop.metrics2, org.mortbay, org.apache.hadoop.yarn, org.apache.hadoop.yarn.server, org.apache.tez, org.apache.hadoop.conf.Configuration, org.apache.zookeeper, org.apache.zookeeper.server.ServerCnxn, org.apache.zookeeper.server.NIOServerCnxn, org.apache.zookeeper.ClientCnxn, org.apache.zookeeper.ClientCnxnSocket, org.apache.zookeeper.ClientCnxnSocketNIO, DataNucleus, Datastore, JPOX, org.apache.hadoop.hive.ql.exec.Operator, org.apache.hadoop.hive.serde2.lazy, org.apache.hadoop.hive.metastore.ObjectStore, org.apache.calcite.plan.RelOptPlanner, com.amazonaws, org.apache.http, org.apache.thrift, org.eclipse.jetty, BlockStateChange, org.apache.hadoop.hive.ql.optimizer.SharedWorkOptimizer, root})
DEBUG StatusLogger Building Plugin[name=layout, class=org.apache.logging.log4j.core.layout.PatternLayout].
DEBUG StatusLogger PatternLayout$Builder(PatternSelector=null, Configuration(HiveLog4j2Test), pattern="%d{ISO8601} %5p [%t] %c{2}: %m%n", header="null", charset="null", disableAnsi="null", alwaysWriteExceptions="null", noConsoleNoAnsi="null", footer="null", Replace=null)
DEBUG StatusLogger PluginManager 'Converter' found 46 plugins
DEBUG StatusLogger Building Plugin[name=appender, class=org.apache.logging.log4j.core.appender.ConsoleAppender].
DEBUG StatusLogger ConsoleAppender$Builder(target="SYSTEM_ERR", follow="null", direct="null", bufferSize="null", bufferedIo="null", immediateFlush="null", ignoreExceptions="null", Configuration(HiveLog4j2Test), name="console", PatternLayout(%d{ISO8601} %5p [%t] %c{2}: %m%n), Filter=null, ={})
DEBUG StatusLogger Starting OutputStreamManager SYSTEM_ERR.false.false
DEBUG StatusLogger Building Plugin[name=layout, class=org.apache.logging.log4j.core.layout.PatternLayout].
DEBUG StatusLogger PatternLayout$Builder(alwaysWriteExceptions="null", header="null", Replace=null, PatternSelector=null, charset="null", disableAnsi="null", footer="null", pattern="%d{ISO8601} %5p [%t] %c{2}: %m%n", Configuration(HiveLog4j2Test), noConsoleNoAnsi="null")
DEBUG StatusLogger Building Plugin[name=TimeBasedTriggeringPolicy, class=org.apache.logging.log4j.core.appender.rolling.TimeBasedTriggeringPolicy].
DEBUG StatusLogger TimeBasedTriggeringPolicy$Builder(interval="1", maxRandomDelay="null", modulate="true")
DEBUG StatusLogger Building Plugin[name=Policies, class=org.apache.logging.log4j.core.appender.rolling.CompositeTriggeringPolicy].
DEBUG StatusLogger createPolicy(={TimeBasedTriggeringPolicy(nextRolloverMillis=0, interval=1, modulate=true)})
DEBUG StatusLogger Building Plugin[name=DefaultRolloverStrategy, class=org.apache.logging.log4j.core.appender.rolling.DefaultRolloverStrategy].
DEBUG StatusLogger DefaultRolloverStrategy$Builder(compressionLevel="null", tempCompressedFilePattern="null", ={}, Configuration(HiveLog4j2Test), max="30", min="null", stopCustomActionsOnError="null", fileIndex="null")
DEBUG StatusLogger Building Plugin[name=appender, class=org.apache.logging.log4j.core.appender.RollingRandomAccessFileAppender].
DEBUG StatusLogger RollingRandomAccessFileAppender$Builder(advertiseURI="null", advertise="null", fileName="/home/alex/Repositories/hive/ql/target/tmp/log/hive.log", Policies(CompositeTriggeringPolicy(policies=[TimeBasedTriggeringPolicy(nextRolloverMillis=0, interval=1, modulate=true)])), append="null", filePermissions="null", filePattern="/home/alex/Repositories/hive/ql/target/tmp/log/hive.log.%d{yyyy-MM-dd}", fileGroup="null", DefaultRolloverStrategy(DefaultRolloverStrategy(min=1, max=30, useMax=true)), fileOwner="null", bufferedIo="null", immediateFlush="null", bufferSize="null", Configuration(HiveLog4j2Test), name="DRFA", ignoreExceptions="null", PatternLayout(%d{ISO8601} %5p [%t] %c{2}: %m%n), Filter=null, ={})
TRACE StatusLogger RandomAccessFile /home/alex/Repositories/hive/ql/target/tmp/log/hive.log seek to 98363332
DEBUG StatusLogger Starting RollingRandomAccessFileManager /home/alex/Repositories/hive/ql/target/tmp/log/hive.log
DEBUG StatusLogger PluginManager 'FileConverter' found 3 plugins
DEBUG StatusLogger Setting prev file time to 2024-04-24T01:08:19.167-0700
DEBUG StatusLogger Initializing triggering policy CompositeTriggeringPolicy(policies=[TimeBasedTriggeringPolicy(nextRolloverMillis=0, interval=1, modulate=true)])
DEBUG StatusLogger Initializing triggering policy TimeBasedTriggeringPolicy(nextRolloverMillis=0, interval=1, modulate=true)
TRACE StatusLogger PatternProcessor.getNextTime returning 2024/04/25-00:00:00.000, nextFileTime=2024/04/24-00:00:00.000, prevFileTime=1969/12/31-16:00:00.000, current=2024/04/24-01:08:20.859, freq=DAILY
TRACE StatusLogger PatternProcessor.getNextTime returning 2024/04/25-00:00:00.000, nextFileTime=2024/04/24-00:00:00.000, prevFileTime=2024/04/24-00:00:00.000, current=2024/04/24-01:08:20.860, freq=DAILY
DEBUG StatusLogger Building Plugin[name=appenders, class=org.apache.logging.log4j.core.config.AppendersPlugin].
DEBUG StatusLogger createAppenders(={console, DRFA})
DEBUG StatusLogger Configuration org.apache.logging.log4j.core.config.properties.PropertiesConfiguration@4dc27487 initialized
DEBUG StatusLogger Starting configuration org.apache.logging.log4j.core.config.properties.PropertiesConfiguration@4dc27487
DEBUG StatusLogger Started configuration org.apache.logging.log4j.core.config.properties.PropertiesConfiguration@4dc27487 OK.
TRACE StatusLogger Stopping org.apache.logging.log4j.core.config.DefaultConfiguration@6236eb5f...
TRACE StatusLogger DefaultConfiguration notified 1 ReliabilityStrategies that config will be stopped.
TRACE StatusLogger DefaultConfiguration stopping root LoggerConfig.
TRACE StatusLogger DefaultConfiguration notifying ReliabilityStrategies that appenders will be stopped.
TRACE StatusLogger DefaultConfiguration stopping remaining Appenders.
DEBUG StatusLogger Shutting down OutputStreamManager SYSTEM_OUT.false.false-1
DEBUG StatusLogger OutputStream closed
DEBUG StatusLogger Shut down OutputStreamManager SYSTEM_OUT.false.false-1, all resources released: true
DEBUG StatusLogger Appender DefaultConsole-1 stopped with status true
TRACE StatusLogger DefaultConfiguration stopped 1 remaining Appenders.
TRACE StatusLogger DefaultConfiguration cleaning Appenders from 1 LoggerConfigs.
DEBUG StatusLogger Stopped org.apache.logging.log4j.core.config.DefaultConfiguration@6236eb5f OK
TRACE StatusLogger Reregistering MBeans after reconfigure. Selector=org.apache.logging.log4j.core.selector.ClassLoaderContextSelector@5066d65f
TRACE StatusLogger Reregistering context (1/1): '330bedb4' org.apache.logging.log4j.core.LoggerContext@2a693f59
TRACE StatusLogger Unregistering but no MBeans found matching 'org.apache.logging.log4j2:type=330bedb4'
TRACE StatusLogger Unregistering but no MBeans found matching 'org.apache.logging.log4j2:type=330bedb4,component=StatusLogger'
TRACE StatusLogger Unregistering but no MBeans found matching 'org.apache.logging.log4j2:type=330bedb4,component=ContextSelector'
TRACE StatusLogger Unregistering but no MBeans found matching 'org.apache.logging.log4j2:type=330bedb4,component=Loggers,name=*'
TRACE StatusLogger Unregistering but no MBeans found matching 'org.apache.logging.log4j2:type=330bedb4,component=Appenders,name=*'
TRACE StatusLogger Unregistering but no MBeans found matching 'org.apache.logging.log4j2:type=330bedb4,component=AsyncAppenders,name=*'
TRACE StatusLogger Unregistering but no MBeans found matching 'org.apache.logging.log4j2:type=330bedb4,component=AsyncLoggerRingBuffer'
TRACE StatusLogger Unregistering but no MBeans found matching 'org.apache.logging.log4j2:type=330bedb4,component=Loggers,name=*,subtype=RingBuffer'
DEBUG StatusLogger Registering MBean org.apache.logging.log4j2:type=330bedb4
DEBUG StatusLogger Registering MBean org.apache.logging.log4j2:type=330bedb4,component=StatusLogger
DEBUG StatusLogger Registering MBean org.apache.logging.log4j2:type=330bedb4,component=ContextSelector
DEBUG StatusLogger Registering MBean org.apache.logging.log4j2:type=330bedb4,component=Loggers,name=org.apache.zookeeper.server.NIOServerCnxn
DEBUG StatusLogger Registering MBean org.apache.logging.log4j2:type=330bedb4,component=Loggers,name=org.apache.hadoop.ipc
DEBUG StatusLogger Registering MBean org.apache.logging.log4j2:type=330bedb4,component=Loggers,name=org.apache.hadoop.hive.ql.exec.Operator
DEBUG StatusLogger Registering MBean org.apache.logging.log4j2:type=330bedb4,component=Loggers,name=org.eclipse.jetty
DEBUG StatusLogger Registering MBean org.apache.logging.log4j2:type=330bedb4,component=Loggers,name=BlockStateChange
DEBUG StatusLogger Registering MBean org.apache.logging.log4j2:type=330bedb4,component=Loggers,name=org.apache.hadoop.metrics2
DEBUG StatusLogger Registering MBean org.apache.logging.log4j2:type=330bedb4,component=Loggers,name=org.apache.zookeeper.ClientCnxn
DEBUG StatusLogger Registering MBean org.apache.logging.log4j2:type=330bedb4,component=Loggers,name=org.apache.hadoop.yarn.server
DEBUG StatusLogger Registering MBean org.apache.logging.log4j2:type=330bedb4,component=Loggers,name=org.apache.zookeeper.ClientCnxnSocket
DEBUG StatusLogger Registering MBean org.apache.logging.log4j2:type=330bedb4,component=Loggers,name=com.amazonaws
DEBUG StatusLogger Registering MBean org.apache.logging.log4j2:type=330bedb4,component=Loggers,name=org.apache.thrift
DEBUG StatusLogger Registering MBean org.apache.logging.log4j2:type=330bedb4,component=Loggers,name=org.apache.hadoop.hive.ql.optimizer.SharedWorkOptimizer
DEBUG StatusLogger Registering MBean org.apache.logging.log4j2:type=330bedb4,component=Loggers,name=org.apache.calcite.plan.RelOptPlanner
DEBUG StatusLogger Registering MBean org.apache.logging.log4j2:type=330bedb4,component=Loggers,name=org.apache.zookeeper.server.ServerCnxn
DEBUG StatusLogger Registering MBean org.apache.logging.log4j2:type=330bedb4,component=Loggers,name=org.apache.hadoop.hdfs.server
DEBUG StatusLogger Registering MBean org.apache.logging.log4j2:type=330bedb4,component=Loggers,name=org.apache.hadoop.hive.serde2.lazy
DEBUG StatusLogger Registering MBean org.apache.logging.log4j2:type=330bedb4,component=Loggers,name=org.apache.hadoop.hdfs
DEBUG StatusLogger Registering MBean org.apache.logging.log4j2:type=330bedb4,component=Loggers,name=org.apache.zookeeper
DEBUG StatusLogger Registering MBean org.apache.logging.log4j2:type=330bedb4,component=Loggers,name=org.apache.http
DEBUG StatusLogger Registering MBean org.apache.logging.log4j2:type=330bedb4,component=Loggers,name=org.apache.hadoop.conf.Configuration
DEBUG StatusLogger Registering MBean org.apache.logging.log4j2:type=330bedb4,component=Loggers,name=org.apache.tez
DEBUG StatusLogger Registering MBean org.apache.logging.log4j2:type=330bedb4,component=Loggers,name=Datastore
DEBUG StatusLogger Registering MBean org.apache.logging.log4j2:type=330bedb4,component=Loggers,name=org.apache.hadoop.hive.metastore.ObjectStore
DEBUG StatusLogger Registering MBean org.apache.logging.log4j2:type=330bedb4,component=Loggers,name=
DEBUG StatusLogger Registering MBean org.apache.logging.log4j2:type=330bedb4,component=Loggers,name=org.mortbay
DEBUG StatusLogger Registering MBean org.apache.logging.log4j2:type=330bedb4,component=Loggers,name=org.apache.hadoop.yarn
DEBUG StatusLogger Registering MBean org.apache.logging.log4j2:type=330bedb4,component=Loggers,name=org.apache.zookeeper.ClientCnxnSocketNIO
DEBUG StatusLogger Registering MBean org.apache.logging.log4j2:type=330bedb4,component=Loggers,name=DataNucleus
DEBUG StatusLogger Registering MBean org.apache.logging.log4j2:type=330bedb4,component=Loggers,name=org.apache.hadoop.security
DEBUG StatusLogger Registering MBean org.apache.logging.log4j2:type=330bedb4,component=Loggers,name=JPOX
DEBUG StatusLogger Registering MBean org.apache.logging.log4j2:type=330bedb4,component=Appenders,name=console
DEBUG StatusLogger Registering MBean org.apache.logging.log4j2:type=330bedb4,component=Appenders,name=DRFA
TRACE StatusLogger Using default SystemClock for timestamps.
DEBUG StatusLogger org.apache.logging.log4j.core.util.SystemClock does not support precise timestamps.
TRACE StatusLogger Using DummyNanoClock for nanosecond timestamps.
DEBUG StatusLogger Reconfiguration complete for context[name=330bedb4] at URI /home/alex/Repositories/hive/ql/target/testconf/hive-log4j2.properties (org.apache.logging.log4j.core.LoggerContext@2a693f59) with optional ClassLoader: null
DEBUG StatusLogger Shutdown hook enabled. Registering a new one.
DEBUG StatusLogger LoggerContext[name=330bedb4, org.apache.logging.log4j.core.LoggerContext@2a693f59] started OK.
2024-04-24T01:08:20,960  INFO [main] conf.HiveConf: Found configuration file file:/home/alex/Repositories/hive/ql/target/testconf/hive-site.xml
DEBUG StatusLogger AsyncLogger.ThreadNameStrategy=UNCACHED (user specified null, default is UNCACHED)
TRACE StatusLogger Using default SystemClock for timestamps.
DEBUG StatusLogger org.apache.logging.log4j.core.util.SystemClock does not support precise timestamps.
2024-04-24T01:08:21,350  WARN [main] util.NativeCodeLoader: Unable to load native-hadoop library for your platform... using builtin-java classes where applicable
2024-04-24T01:08:21,403  WARN [main] conf.HiveConf: HiveConf of name hive.llap.io.cache.orc.size does not exist
2024-04-24T01:08:21,403  WARN [main] conf.HiveConf: HiveConf of name hive.llap.io.cache.orc.alloc.max does not exist
2024-04-24T01:08:21,403  WARN [main] conf.HiveConf: HiveConf of name hive.metastore.client.cache.recordStats does not exist
2024-04-24T01:08:21,403  WARN [main] conf.HiveConf: HiveConf of name hive.llap.io.cache.orc.arena.size does not exist
2024-04-24T01:08:21,403  WARN [main] conf.HiveConf: HiveConf of name hive.llap.io.cache.orc.alloc.min does not exist
2024-04-24T01:08:21,403  WARN [main] conf.HiveConf: HiveConf of name hive.dummyparam.test.server.specific.config.override does not exist
2024-04-24T01:08:21,403  WARN [main] conf.HiveConf: HiveConf of name hive.stats.key.prefix.reserve.length does not exist
2024-04-24T01:08:21,404  WARN [main] conf.HiveConf: HiveConf of name hive.dummyparam.test.server.specific.config.metastoresite does not exist
2024-04-24T01:08:21,404  WARN [main] conf.HiveConf: HiveConf of name hive.metastore.metadb.dir does not exist
2024-04-24T01:08:21,405  WARN [main] conf.HiveConf: HiveConf of name hive.metastore.client.cache.maxSize does not exist
2024-04-24T01:08:21,405  WARN [main] conf.HiveConf: HiveConf of name hive.dummyparam.test.server.specific.config.hivesite does not exist
2024-04-24T01:08:21,478  WARN [main] hikari.HikariConfig: HikariPool-1 - leakDetectionThreshold is less than 2000ms or more than maxLifetime, disabling it.
2024-04-24T01:08:21,484  INFO [main] hikari.HikariDataSource: HikariPool-1 - Starting...
2024-04-24T01:08:22,123  INFO [main] pool.PoolBase: HikariPool-1 - Driver does not support get/set network timeout for connections. (Feature not implemented: No details.)
2024-04-24T01:08:22,128  INFO [main] hikari.HikariDataSource: HikariPool-1 - Start completed.
2024-04-24T01:08:22,131  WARN [main] hikari.HikariConfig: HikariPool-2 - leakDetectionThreshold is less than 2000ms or more than maxLifetime, disabling it.
2024-04-24T01:08:22,135  INFO [main] hikari.HikariDataSource: HikariPool-2 - Starting...
2024-04-24T01:08:22,140  INFO [main] pool.PoolBase: HikariPool-2 - Driver does not support get/set network timeout for connections. (Feature not implemented: No details.)
2024-04-24T01:08:22,140  INFO [main] hikari.HikariDataSource: HikariPool-2 - Start completed.
2024-04-24T01:08:22,315  INFO [main] utils.TestTxnDbUtil: Creating transactional tables
2024-04-24T01:08:22,323  INFO [main] utils.TestTxnDbUtil: Reinitializing the metastore db with hive-schema-4.0.0.derby.sql on the database jdbc:derby:memory:/home/alex/Repositories/hive/ql/target/tmp/junit_metastore_db;create=true
Hive Session ID = c86edbf2-6297-4b58-9930-64169b5912a4
2024-04-24T01:08:23,328  INFO [main] SessionState: Hive Session ID = c86edbf2-6297-4b58-9930-64169b5912a4
ivysettings.xml file not found in HIVE_HOME or HIVE_CONF_DIR,/home/alex/Repositories/hive/conf/ivysettings.xml will be used
2024-04-24T01:08:23,340  INFO [main] DependencyResolver: ivysettings.xml file not found in HIVE_HOME or HIVE_CONF_DIR,/home/alex/Repositories/hive/conf/ivysettings.xml will be used
log4j:WARN No appenders could be found for logger (org.apache.htrace.core.Tracer).
log4j:WARN Please initialize the log4j system properly.
log4j:WARN See http://logging.apache.org/log4j/1.2/faq.html#noconfig for more info.
2024-04-24T01:08:23,655  INFO [main] session.SessionState: Created HDFS directory: /home/alex/Repositories/hive/ql/target/tmp/scratchdir/alex/c86edbf2-6297-4b58-9930-64169b5912a4
2024-04-24T01:08:23,658  INFO [main] session.SessionState: Created local directory: /home/alex/Repositories/hive/ql/target/tmp/localscratchdir/c86edbf2-6297-4b58-9930-64169b5912a4
2024-04-24T01:08:23,662  INFO [main] session.SessionState: Created HDFS directory: /home/alex/Repositories/hive/ql/target/tmp/scratchdir/alex/c86edbf2-6297-4b58-9930-64169b5912a4/_tmp_space.db
2024-04-24T01:08:23,684  INFO [main] sqlstd.SQLStdHiveAccessController: Created SQLStdHiveAccessController for session context : HiveAuthzSessionContext [sessionString=c86edbf2-6297-4b58-9930-64169b5912a4, clientType=HIVECLI]
2024-04-24T01:08:23,721  INFO [main] metastore.HiveMetaStoreClient: HMS client filtering is enabled.
2024-04-24T01:08:23,864  INFO [main] metastore.HMSHandler: 0: Opening raw store with implementation class:org.apache.hadoop.hive.metastore.ObjectStore
2024-04-24T01:08:23,896  INFO [main] metastore.PersistenceManagerProvider: Configuration datanucleus.autoStartMechanismMode is not set. Defaulting to 'ignored'
2024-04-24T01:08:23,900  INFO [main] metastore.PersistenceManagerProvider: Updating the pmf due to property change
2024-04-24T01:08:23,900  INFO [main] metastore.PersistenceManagerProvider: Current pmf properties are uninitialized
2024-04-24T01:08:23,903  WARN [main] hikari.HikariConfig: HikariPool-3 - leakDetectionThreshold is less than 2000ms or more than maxLifetime, disabling it.
2024-04-24T01:08:23,907  INFO [main] hikari.HikariDataSource: HikariPool-3 - Starting...
2024-04-24T01:08:23,909  INFO [main] pool.PoolBase: HikariPool-3 - Driver does not support get/set network timeout for connections. (Feature not implemented: No details.)
2024-04-24T01:08:23,910  INFO [main] hikari.HikariDataSource: HikariPool-3 - Start completed.
2024-04-24T01:08:24,387  INFO [main] metastore.PersistenceManagerProvider: Setting MetaStore object pin classes with hive.metastore.cache.pinobjtypes="Table,StorageDescriptor,SerDeInfo,Partition,Database,Type,FieldSchema,Order"
2024-04-24T01:08:24,387  INFO [main] metastore.ObjectStore: RawStore: org.apache.hadoop.hive.metastore.ObjectStore@4a481728, with PersistenceManager: null will be shutdown
2024-04-24T01:08:24,414  INFO [main] metastore.ObjectStore: RawStore: org.apache.hadoop.hive.metastore.ObjectStore@4a481728, with PersistenceManager: org.datanucleus.api.jdo.JDOPersistenceManager@63300c4b created in the thread with id: 1
2024-04-24T01:08:26,492  INFO [main] metastore.HMSHandler: Created RawStore: org.apache.hadoop.hive.metastore.ObjectStore@4a481728 from thread id: 1
2024-04-24T01:08:26,506  INFO [main] metastore.HMSHandler: Setting location of default catalog, as it hasn't been done after upgrade
2024-04-24T01:08:26,533  INFO [main] metastore.HMSHandler: Started creating a default database with name: default
2024-04-24T01:08:26,580  INFO [main] metastore.HMSHandler: Successfully created a default database with name: default
2024-04-24T01:08:26,599  INFO [main] metastore.HMSHandler: Added admin role in metastore
2024-04-24T01:08:26,602  INFO [main] metastore.HMSHandler: Added public role in metastore
2024-04-24T01:08:26,672  INFO [main] metastore.HMSHandler: Added hive_admin_user to admin role
2024-04-24T01:08:26,690  INFO [main] metastore.HMSHandler: Scheduling for org.apache.hadoop.hive.metastore.ScheduledQueryExecutionsMaintTask service with frequency 60000ms.
2024-04-24T01:08:26,694  INFO [main] metastore.HMSHandler: Scheduling for org.apache.hadoop.hive.metastore.metrics.AcidMetricService service with frequency 300000ms.
2024-04-24T01:08:26,695  INFO [main] metastore.HMSHandler: Scheduling for org.apache.hadoop.hive.metastore.RuntimeStatsCleanerTask service with frequency 3600000ms.
2024-04-24T01:08:26,696  INFO [main] metastore.HMSHandler: Scheduling for org.apache.hadoop.hive.metastore.events.EventCleanerTask service with frequency 0ms.
2024-04-24T01:08:26,698  INFO [main] metastore.HMSHandler: Scheduling for org.apache.hadoop.hive.metastore.HiveProtoEventsCleanerTask service with frequency 86400000ms.
2024-04-24T01:08:26,699  INFO [main] metastore.HMSHandler: Scheduling for org.apache.hadoop.hive.metastore.ReplicationMetricsMaintTask service with frequency 86400000ms.
2024-04-24T01:08:26,702  INFO [main] metastore.HMSHandler: HMS server filtering is disabled by configuration
2024-04-24T01:08:26,823  INFO [main] metastore.RetryingMetaStoreClient: RetryingMetaStoreClient proxy=class org.apache.hadoop.hive.ql.metadata.SessionHiveMetaStoreClient ugi=alex (auth:SIMPLE) retries=1 delay=1 lifetime=0
2024-04-24T01:08:26,864  INFO [main] ql.TxnCommandsBaseForTests: Running the query: drop table if exists acidTbl
2024-04-24T01:08:26,894  INFO [main] ql.Driver: Compiling command(queryId=alex_20240424010826_b5c3b908-1236-4f83-b927-d15233d9fe42): drop table if exists acidTbl
2024-04-24T01:08:27,740  INFO [main] reflections.Reflections: Reflections took 193 ms to scan 2 urls, producing 53 keys and 784 values 
2024-04-24T01:08:27,891  INFO [main] reflections.Reflections: Reflections took 123 ms to scan 2 urls, producing 53 keys and 784 values 
2024-04-24T01:08:28,022  INFO [main] reflections.Reflections: Reflections took 123 ms to scan 2 urls, producing 53 keys and 784 values 
2024-04-24T01:08:28,052  INFO [main] txn.TxnHandler: Added entries to MIN_HISTORY_LEVEL for current txns: ([1]) with min_open_txn: 1
2024-04-24T01:08:28,065  INFO [main] lockmgr.DbTxnManager: Opened txnid:1
2024-04-24T01:08:28,076  INFO [main] HiveMetaStore.audit: ugi=alex	ip=unknown-ip-addr	cmd=get_table : tbl=hive.default.acidTbl	
2024-04-24T01:08:28,220  INFO [main] reflections.Reflections: Reflections took 123 ms to scan 2 urls, producing 53 keys and 784 values 
2024-04-24T01:08:28,256  INFO [main] ql.Driver: Semantic Analysis Completed (retrial = false)
2024-04-24T01:08:28,258  INFO [main] ql.Driver: Created Hive schema: Schema(fieldSchemas:null, properties:null)
2024-04-24T01:08:28,261  INFO [main] metadata.Hive: Dumping metastore api call timing information for : compilation phase
2024-04-24T01:08:28,261  INFO [main] metadata.Hive: Total time spent in each metastore function (ms): {getValidTxns_(long)=8, isCompatibleWith_(Configuration)=1, flushCache_()=0, openTxn_(String, TxnType)=34}
2024-04-24T01:08:28,262  INFO [main] ql.Driver: Completed compiling command(queryId=alex_20240424010826_b5c3b908-1236-4f83-b927-d15233d9fe42); Time taken: 1.368 seconds
2024-04-24T01:08:28,264  INFO [main] lockmgr.DbTxnManager: Setting lock request transaction to txnid:1 for queryId=alex_20240424010826_b5c3b908-1236-4f83-b927-d15233d9fe42
2024-04-24T01:08:28,264  INFO [main] ql.Driver: Operation DROPTABLE obtained 0 locks
2024-04-24T01:08:28,267  INFO [main] ql.Driver: Executing command(queryId=alex_20240424010826_b5c3b908-1236-4f83-b927-d15233d9fe42): drop table if exists acidTbl
2024-04-24T01:08:28,270  INFO [main] ql.Driver: Starting task [Stage-0:DDL] in serial mode
2024-04-24T01:08:28,272  INFO [main] HiveMetaStore.audit: ugi=alex	ip=unknown-ip-addr	cmd=get_table : tbl=hive.default.acidTbl	
2024-04-24T01:08:28,293  INFO [main] metadata.Hive: Dumping metastore api call timing information for : execution phase
2024-04-24T01:08:28,294  INFO [main] metadata.Hive: Total time spent in each metastore function (ms): {isCompatibleWith_(Configuration)=1}
2024-04-24T01:08:28,294  INFO [main] ql.Driver: Completed executing command(queryId=alex_20240424010826_b5c3b908-1236-4f83-b927-d15233d9fe42); Time taken: 0.027 seconds
2024-04-24T01:08:28,294  INFO [main] lockmgr.DbTxnManager: Stopped heartbeat for query: alex_20240424010826_b5c3b908-1236-4f83-b927-d15233d9fe42
2024-04-24T01:08:28,307  INFO [main] txn.TxnHandler: Expected to move at least one record from txn_components to completed_txn_components when committing txn! txnid:1
2024-04-24T01:08:28,323  INFO [main] txn.TxnHandler: Removed transactions: ([1]) from MIN_HISTORY_LEVEL
2024-04-24T01:08:28,327  WARN [main] txn.CompactionTxnHandler: No compaction queue record found for Compaction type transaction commit. txnId:1
2024-04-24T01:08:28,329  INFO [main] ql.TxnCommandsBaseForTests: Running the query: drop table if exists acidTblPart
2024-04-24T01:08:28,330  INFO [main] ql.Driver: Compiling command(queryId=alex_20240424010828_c2ee3a32-d043-4779-bdee-f7bf04926155): drop table if exists acidTblPart
2024-04-24T01:08:28,335  INFO [main] txn.TxnHandler: Added entries to MIN_HISTORY_LEVEL for current txns: ([2]) with min_open_txn: 1
2024-04-24T01:08:28,336  INFO [main] lockmgr.DbTxnManager: Opened txnid:2
2024-04-24T01:08:28,338  INFO [main] HiveMetaStore.audit: ugi=alex	ip=unknown-ip-addr	cmd=get_table : tbl=hive.default.acidTblPart	
2024-04-24T01:08:28,343  INFO [main] ql.Driver: Semantic Analysis Completed (retrial = false)
2024-04-24T01:08:28,344  INFO [main] ql.Driver: Created Hive schema: Schema(fieldSchemas:null, properties:null)
2024-04-24T01:08:28,344  INFO [main] metadata.Hive: Dumping metastore api call timing information for : compilation phase
2024-04-24T01:08:28,344  INFO [main] metadata.Hive: Total time spent in each metastore function (ms): {openTxn_(String, TxnType)=5, isCompatibleWith_(Configuration)=2, commitTxn_(CommitTxnRequest)=33, getValidTxns_(long)=1, flushCache_()=1}
2024-04-24T01:08:28,344  INFO [main] ql.Driver: Completed compiling command(queryId=alex_20240424010828_c2ee3a32-d043-4779-bdee-f7bf04926155); Time taken: 0.014 seconds
2024-04-24T01:08:28,345  INFO [main] lockmgr.DbTxnManager: Setting lock request transaction to txnid:2 for queryId=alex_20240424010828_c2ee3a32-d043-4779-bdee-f7bf04926155
2024-04-24T01:08:28,345  INFO [main] ql.Driver: Operation DROPTABLE obtained 0 locks
2024-04-24T01:08:28,345  INFO [main] ql.Driver: Executing command(queryId=alex_20240424010828_c2ee3a32-d043-4779-bdee-f7bf04926155): drop table if exists acidTblPart
2024-04-24T01:08:28,345  INFO [main] ql.Driver: Starting task [Stage-0:DDL] in serial mode
2024-04-24T01:08:28,346  INFO [main] HiveMetaStore.audit: ugi=alex	ip=unknown-ip-addr	cmd=get_table : tbl=hive.default.acidTblPart	
2024-04-24T01:08:28,351  INFO [main] metadata.Hive: Dumping metastore api call timing information for : execution phase
2024-04-24T01:08:28,351  INFO [main] metadata.Hive: Total time spent in each metastore function (ms): {isCompatibleWith_(Configuration)=1}
2024-04-24T01:08:28,351  INFO [main] ql.Driver: Completed executing command(queryId=alex_20240424010828_c2ee3a32-d043-4779-bdee-f7bf04926155); Time taken: 0.006 seconds
2024-04-24T01:08:28,351  INFO [main] lockmgr.DbTxnManager: Stopped heartbeat for query: alex_20240424010828_c2ee3a32-d043-4779-bdee-f7bf04926155
2024-04-24T01:08:28,361  INFO [main] txn.TxnHandler: Expected to move at least one record from txn_components to completed_txn_components when committing txn! txnid:2
2024-04-24T01:08:28,372  INFO [main] txn.TxnHandler: Removed transactions: ([2]) from MIN_HISTORY_LEVEL
2024-04-24T01:08:28,372  WARN [main] txn.CompactionTxnHandler: No compaction queue record found for Compaction type transaction commit. txnId:2
2024-04-24T01:08:28,373  INFO [main] ql.TxnCommandsBaseForTests: Running the query: drop table if exists acidTbl2
2024-04-24T01:08:28,374  INFO [main] ql.Driver: Compiling command(queryId=alex_20240424010828_009b7998-b9da-4915-a888-f25b3afe9725): drop table if exists acidTbl2
2024-04-24T01:08:28,380  INFO [main] txn.TxnHandler: Added entries to MIN_HISTORY_LEVEL for current txns: ([3]) with min_open_txn: 1
2024-04-24T01:08:28,380  INFO [main] lockmgr.DbTxnManager: Opened txnid:3
2024-04-24T01:08:28,382  INFO [main] HiveMetaStore.audit: ugi=alex	ip=unknown-ip-addr	cmd=get_table : tbl=hive.default.acidTbl2	
2024-04-24T01:08:28,386  INFO [main] ql.Driver: Semantic Analysis Completed (retrial = false)
2024-04-24T01:08:28,386  INFO [main] ql.Driver: Created Hive schema: Schema(fieldSchemas:null, properties:null)
2024-04-24T01:08:28,386  INFO [main] metadata.Hive: Dumping metastore api call timing information for : compilation phase
2024-04-24T01:08:28,387  INFO [main] metadata.Hive: Total time spent in each metastore function (ms): {flushCache_()=0, openTxn_(String, TxnType)=4, commitTxn_(CommitTxnRequest)=21, isCompatibleWith_(Configuration)=2, getValidTxns_(long)=1}
2024-04-24T01:08:28,387  INFO [main] ql.Driver: Completed compiling command(queryId=alex_20240424010828_009b7998-b9da-4915-a888-f25b3afe9725); Time taken: 0.012 seconds
2024-04-24T01:08:28,387  INFO [main] lockmgr.DbTxnManager: Setting lock request transaction to txnid:3 for queryId=alex_20240424010828_009b7998-b9da-4915-a888-f25b3afe9725
2024-04-24T01:08:28,387  INFO [main] ql.Driver: Operation DROPTABLE obtained 0 locks
2024-04-24T01:08:28,388  INFO [main] ql.Driver: Executing command(queryId=alex_20240424010828_009b7998-b9da-4915-a888-f25b3afe9725): drop table if exists acidTbl2
2024-04-24T01:08:28,388  INFO [main] ql.Driver: Starting task [Stage-0:DDL] in serial mode
2024-04-24T01:08:28,388  INFO [main] HiveMetaStore.audit: ugi=alex	ip=unknown-ip-addr	cmd=get_table : tbl=hive.default.acidTbl2	
2024-04-24T01:08:28,393  INFO [main] metadata.Hive: Dumping metastore api call timing information for : execution phase
2024-04-24T01:08:28,393  INFO [main] metadata.Hive: Total time spent in each metastore function (ms): {isCompatibleWith_(Configuration)=0}
2024-04-24T01:08:28,393  INFO [main] ql.Driver: Completed executing command(queryId=alex_20240424010828_009b7998-b9da-4915-a888-f25b3afe9725); Time taken: 0.005 seconds
2024-04-24T01:08:28,393  INFO [main] lockmgr.DbTxnManager: Stopped heartbeat for query: alex_20240424010828_009b7998-b9da-4915-a888-f25b3afe9725
2024-04-24T01:08:28,401  INFO [main] txn.TxnHandler: Expected to move at least one record from txn_components to completed_txn_components when committing txn! txnid:3
2024-04-24T01:08:28,410  INFO [main] txn.TxnHandler: Removed transactions: ([3]) from MIN_HISTORY_LEVEL
2024-04-24T01:08:28,411  WARN [main] txn.CompactionTxnHandler: No compaction queue record found for Compaction type transaction commit. txnId:3
2024-04-24T01:08:28,412  INFO [main] ql.TxnCommandsBaseForTests: Running the query: drop table if exists nonAcidOrcTbl
2024-04-24T01:08:28,413  INFO [main] ql.Driver: Compiling command(queryId=alex_20240424010828_20e74fb0-6e0f-41da-8fec-faa7914e60a8): drop table if exists nonAcidOrcTbl
2024-04-24T01:08:28,418  INFO [main] txn.TxnHandler: Added entries to MIN_HISTORY_LEVEL for current txns: ([4]) with min_open_txn: 1
2024-04-24T01:08:28,418  INFO [main] lockmgr.DbTxnManager: Opened txnid:4
2024-04-24T01:08:28,420  INFO [main] HiveMetaStore.audit: ugi=alex	ip=unknown-ip-addr	cmd=get_table : tbl=hive.default.nonAcidOrcTbl	
2024-04-24T01:08:28,425  INFO [main] ql.Driver: Semantic Analysis Completed (retrial = false)
2024-04-24T01:08:28,425  INFO [main] ql.Driver: Created Hive schema: Schema(fieldSchemas:null, properties:null)
2024-04-24T01:08:28,425  INFO [main] metadata.Hive: Dumping metastore api call timing information for : compilation phase
2024-04-24T01:08:28,425  INFO [main] metadata.Hive: Total time spent in each metastore function (ms): {isCompatibleWith_(Configuration)=3, getValidTxns_(long)=1, openTxn_(String, TxnType)=3, commitTxn_(CommitTxnRequest)=17, flushCache_()=0}
2024-04-24T01:08:28,426  INFO [main] ql.Driver: Completed compiling command(queryId=alex_20240424010828_20e74fb0-6e0f-41da-8fec-faa7914e60a8); Time taken: 0.012 seconds
2024-04-24T01:08:28,426  INFO [main] lockmgr.DbTxnManager: Setting lock request transaction to txnid:4 for queryId=alex_20240424010828_20e74fb0-6e0f-41da-8fec-faa7914e60a8
2024-04-24T01:08:28,426  INFO [main] ql.Driver: Operation DROPTABLE obtained 0 locks
2024-04-24T01:08:28,426  INFO [main] ql.Driver: Executing command(queryId=alex_20240424010828_20e74fb0-6e0f-41da-8fec-faa7914e60a8): drop table if exists nonAcidOrcTbl
2024-04-24T01:08:28,427  INFO [main] ql.Driver: Starting task [Stage-0:DDL] in serial mode
2024-04-24T01:08:28,427  INFO [main] HiveMetaStore.audit: ugi=alex	ip=unknown-ip-addr	cmd=get_table : tbl=hive.default.nonAcidOrcTbl	
2024-04-24T01:08:28,431  INFO [main] metadata.Hive: Dumping metastore api call timing information for : execution phase
2024-04-24T01:08:28,431  INFO [main] metadata.Hive: Total time spent in each metastore function (ms): {isCompatibleWith_(Configuration)=0}
2024-04-24T01:08:28,432  INFO [main] ql.Driver: Completed executing command(queryId=alex_20240424010828_20e74fb0-6e0f-41da-8fec-faa7914e60a8); Time taken: 0.005 seconds
2024-04-24T01:08:28,432  INFO [main] lockmgr.DbTxnManager: Stopped heartbeat for query: alex_20240424010828_20e74fb0-6e0f-41da-8fec-faa7914e60a8
2024-04-24T01:08:28,440  INFO [main] txn.TxnHandler: Expected to move at least one record from txn_components to completed_txn_components when committing txn! txnid:4
2024-04-24T01:08:28,448  INFO [main] txn.TxnHandler: Removed transactions: ([4]) from MIN_HISTORY_LEVEL
2024-04-24T01:08:28,449  WARN [main] txn.CompactionTxnHandler: No compaction queue record found for Compaction type transaction commit. txnId:4
2024-04-24T01:08:28,450  INFO [main] ql.TxnCommandsBaseForTests: Running the query: drop table if exists nonAcidOrcTbl2
2024-04-24T01:08:28,451  INFO [main] ql.Driver: Compiling command(queryId=alex_20240424010828_5a8a789c-0311-4d14-b5ca-8bcf0be09a1e): drop table if exists nonAcidOrcTbl2
2024-04-24T01:08:28,455  INFO [main] txn.TxnHandler: Added entries to MIN_HISTORY_LEVEL for current txns: ([5]) with min_open_txn: 1
2024-04-24T01:08:28,456  INFO [main] lockmgr.DbTxnManager: Opened txnid:5
2024-04-24T01:08:28,458  INFO [main] HiveMetaStore.audit: ugi=alex	ip=unknown-ip-addr	cmd=get_table : tbl=hive.default.nonAcidOrcTbl2	
2024-04-24T01:08:28,462  INFO [main] ql.Driver: Semantic Analysis Completed (retrial = false)
2024-04-24T01:08:28,463  INFO [main] ql.Driver: Created Hive schema: Schema(fieldSchemas:null, properties:null)
2024-04-24T01:08:28,463  INFO [main] metadata.Hive: Dumping metastore api call timing information for : compilation phase
2024-04-24T01:08:28,463  INFO [main] metadata.Hive: Total time spent in each metastore function (ms): {flushCache_()=0, isCompatibleWith_(Configuration)=1, openTxn_(String, TxnType)=4, getValidTxns_(long)=1, commitTxn_(CommitTxnRequest)=17}
2024-04-24T01:08:28,463  INFO [main] ql.Driver: Completed compiling command(queryId=alex_20240424010828_5a8a789c-0311-4d14-b5ca-8bcf0be09a1e); Time taken: 0.012 seconds
2024-04-24T01:08:28,464  INFO [main] lockmgr.DbTxnManager: Setting lock request transaction to txnid:5 for queryId=alex_20240424010828_5a8a789c-0311-4d14-b5ca-8bcf0be09a1e
2024-04-24T01:08:28,464  INFO [main] ql.Driver: Operation DROPTABLE obtained 0 locks
2024-04-24T01:08:28,464  INFO [main] ql.Driver: Executing command(queryId=alex_20240424010828_5a8a789c-0311-4d14-b5ca-8bcf0be09a1e): drop table if exists nonAcidOrcTbl2
2024-04-24T01:08:28,464  INFO [main] ql.Driver: Starting task [Stage-0:DDL] in serial mode
2024-04-24T01:08:28,465  INFO [main] HiveMetaStore.audit: ugi=alex	ip=unknown-ip-addr	cmd=get_table : tbl=hive.default.nonAcidOrcTbl2	
2024-04-24T01:08:28,469  INFO [main] metadata.Hive: Dumping metastore api call timing information for : execution phase
2024-04-24T01:08:28,470  INFO [main] metadata.Hive: Total time spent in each metastore function (ms): {isCompatibleWith_(Configuration)=0}
2024-04-24T01:08:28,470  INFO [main] ql.Driver: Completed executing command(queryId=alex_20240424010828_5a8a789c-0311-4d14-b5ca-8bcf0be09a1e); Time taken: 0.005 seconds
2024-04-24T01:08:28,470  INFO [main] lockmgr.DbTxnManager: Stopped heartbeat for query: alex_20240424010828_5a8a789c-0311-4d14-b5ca-8bcf0be09a1e
2024-04-24T01:08:28,478  INFO [main] txn.TxnHandler: Expected to move at least one record from txn_components to completed_txn_components when committing txn! txnid:5
2024-04-24T01:08:28,486  INFO [main] txn.TxnHandler: Removed transactions: ([5]) from MIN_HISTORY_LEVEL
2024-04-24T01:08:28,487  WARN [main] txn.CompactionTxnHandler: No compaction queue record found for Compaction type transaction commit. txnId:5
2024-04-24T01:08:28,488  INFO [main] ql.TxnCommandsBaseForTests: Running the query: drop table if exists nonAcidNonBucket
2024-04-24T01:08:28,489  INFO [main] ql.Driver: Compiling command(queryId=alex_20240424010828_ba4168cd-37d1-4d5b-9809-3b3486c94f1d): drop table if exists nonAcidNonBucket
2024-04-24T01:08:28,493  INFO [main] txn.TxnHandler: Added entries to MIN_HISTORY_LEVEL for current txns: ([6]) with min_open_txn: 1
2024-04-24T01:08:28,494  INFO [main] lockmgr.DbTxnManager: Opened txnid:6
2024-04-24T01:08:28,495  INFO [main] HiveMetaStore.audit: ugi=alex	ip=unknown-ip-addr	cmd=get_table : tbl=hive.default.nonAcidNonBucket	
2024-04-24T01:08:28,500  INFO [main] ql.Driver: Semantic Analysis Completed (retrial = false)
2024-04-24T01:08:28,500  INFO [main] ql.Driver: Created Hive schema: Schema(fieldSchemas:null, properties:null)
2024-04-24T01:08:28,500  INFO [main] metadata.Hive: Dumping metastore api call timing information for : compilation phase
2024-04-24T01:08:28,501  INFO [main] metadata.Hive: Total time spent in each metastore function (ms): {flushCache_()=0, isCompatibleWith_(Configuration)=0, commitTxn_(CommitTxnRequest)=17, getValidTxns_(long)=1, openTxn_(String, TxnType)=4}
2024-04-24T01:08:28,501  INFO [main] ql.Driver: Completed compiling command(queryId=alex_20240424010828_ba4168cd-37d1-4d5b-9809-3b3486c94f1d); Time taken: 0.011 seconds
2024-04-24T01:08:28,501  INFO [main] lockmgr.DbTxnManager: Setting lock request transaction to txnid:6 for queryId=alex_20240424010828_ba4168cd-37d1-4d5b-9809-3b3486c94f1d
2024-04-24T01:08:28,501  INFO [main] ql.Driver: Operation DROPTABLE obtained 0 locks
2024-04-24T01:08:28,501  INFO [main] ql.Driver: Executing command(queryId=alex_20240424010828_ba4168cd-37d1-4d5b-9809-3b3486c94f1d): drop table if exists nonAcidNonBucket
2024-04-24T01:08:28,502  INFO [main] ql.Driver: Starting task [Stage-0:DDL] in serial mode
2024-04-24T01:08:28,502  INFO [main] HiveMetaStore.audit: ugi=alex	ip=unknown-ip-addr	cmd=get_table : tbl=hive.default.nonAcidNonBucket	
2024-04-24T01:08:28,507  INFO [main] metadata.Hive: Dumping metastore api call timing information for : execution phase
2024-04-24T01:08:28,507  INFO [main] metadata.Hive: Total time spent in each metastore function (ms): {isCompatibleWith_(Configuration)=0}
2024-04-24T01:08:28,507  INFO [main] ql.Driver: Completed executing command(queryId=alex_20240424010828_ba4168cd-37d1-4d5b-9809-3b3486c94f1d); Time taken: 0.006 seconds
2024-04-24T01:08:28,507  INFO [main] lockmgr.DbTxnManager: Stopped heartbeat for query: alex_20240424010828_ba4168cd-37d1-4d5b-9809-3b3486c94f1d
2024-04-24T01:08:28,515  INFO [main] txn.TxnHandler: Expected to move at least one record from txn_components to completed_txn_components when committing txn! txnid:6
2024-04-24T01:08:28,524  INFO [main] txn.TxnHandler: Removed transactions: ([6]) from MIN_HISTORY_LEVEL
2024-04-24T01:08:28,524  WARN [main] txn.CompactionTxnHandler: No compaction queue record found for Compaction type transaction commit. txnId:6
2024-04-24T01:08:28,525  INFO [main] ql.TxnCommandsBaseForTests: Running the query: create table acidTbl(a int, b int) clustered by (a) into 2 buckets stored as orc TBLPROPERTIES ('transactional'='true')
2024-04-24T01:08:28,526  INFO [main] ql.Driver: Compiling command(queryId=alex_20240424010828_82d953a6-6575-47dc-b66d-8d28a9f40b06): create table acidTbl(a int, b int) clustered by (a) into 2 buckets stored as orc TBLPROPERTIES ('transactional'='true')
2024-04-24T01:08:28,596  INFO [main] txn.TxnHandler: Added entries to MIN_HISTORY_LEVEL for current txns: ([7]) with min_open_txn: 1
2024-04-24T01:08:28,597  INFO [main] lockmgr.DbTxnManager: Opened txnid:7
2024-04-24T01:08:28,598  INFO [main] parse.CalcitePlanner: Starting caching scope for: 
2024-04-24T01:08:28,601  INFO [main] parse.CalcitePlanner: Starting Semantic Analysis
2024-04-24T01:08:28,617  INFO [main] parse.CalcitePlanner: Creating table default.acidTbl position=13
2024-04-24T01:08:28,658  INFO [main] HiveMetaStore.audit: ugi=alex	ip=unknown-ip-addr	cmd=get_database: default	
2024-04-24T01:08:28,668  INFO [main] parse.CalcitePlanner: Ending caching scope for: 
2024-04-24T01:08:28,668  INFO [main] ql.Driver: Semantic Analysis Completed (retrial = false)
2024-04-24T01:08:28,669  INFO [main] ql.Driver: Created Hive schema: Schema(fieldSchemas:null, properties:null)
2024-04-24T01:08:28,669  INFO [main] metadata.Hive: Dumping metastore api call timing information for : compilation phase
2024-04-24T01:08:28,669  INFO [main] metadata.Hive: Total time spent in each metastore function (ms): {flushCache_()=0, getValidWriteIds_(List, String)=11, commitTxn_(CommitTxnRequest)=17, getValidTxns_(long)=1, isCompatibleWith_(Configuration)=1, openTxn_(String, TxnType)=4, getDatabase_(String)=4}
2024-04-24T01:08:28,669  INFO [main] ql.Driver: Completed compiling command(queryId=alex_20240424010828_82d953a6-6575-47dc-b66d-8d28a9f40b06); Time taken: 0.143 seconds
2024-04-24T01:08:28,670  INFO [main] lockmgr.DbTxnManager: Setting lock request transaction to txnid:7 for queryId=alex_20240424010828_82d953a6-6575-47dc-b66d-8d28a9f40b06
2024-04-24T01:08:28,677  INFO [main] lockmgr.DbLockManager: Requesting lock for queryId=alex_20240424010828_82d953a6-6575-47dc-b66d-8d28a9f40b06
2024-04-24T01:08:28,724  INFO [main] lockmgr.DbLockManager: Response to queryId=alex_20240424010828_82d953a6-6575-47dc-b66d-8d28a9f40b06 LockResponse(lockid:1, state:ACQUIRED)
2024-04-24T01:08:28,724  INFO [main] ql.Driver: Operation CREATETABLE obtained 1 locks
2024-04-24T01:08:28,727  INFO [main] ql.Driver: Executing command(queryId=alex_20240424010828_82d953a6-6575-47dc-b66d-8d28a9f40b06): create table acidTbl(a int, b int) clustered by (a) into 2 buckets stored as orc TBLPROPERTIES ('transactional'='true')
2024-04-24T01:08:28,727  INFO [main] ql.Driver: Starting task [Stage-0:DDL] in serial mode
2024-04-24T01:08:28,827  INFO [main] HiveMetaStore.audit: ugi=alex	ip=unknown-ip-addr	cmd=create_table_req: Table(tableName:acidTbl, dbName:default, owner:alex, createTime:1713946108, lastAccessTime:0, retention:0, sd:StorageDescriptor(cols:[FieldSchema(name:a, type:int, comment:null), FieldSchema(name:b, type:int, comment:null)], location:null, inputFormat:org.apache.hadoop.hive.ql.io.orc.OrcInputFormat, outputFormat:org.apache.hadoop.hive.ql.io.orc.OrcOutputFormat, compressed:false, numBuckets:2, serdeInfo:SerDeInfo(name:null, serializationLib:org.apache.hadoop.hive.ql.io.orc.OrcSerde, parameters:{serialization.format=1}), bucketCols:[a], sortCols:[], parameters:{}, skewedInfo:SkewedInfo(skewedColNames:[], skewedColValues:[], skewedColValueLocationMaps:{}), storedAsSubDirectories:false), partitionKeys:[], parameters:{transactional=true, bucketing_version=2, totalSize=0, rawDataSize=0, numRows=0, numFiles=0, COLUMN_STATS_ACCURATE={"BASIC_STATS":"true","COLUMN_STATS":{"a":"true","b":"true"}}, numFilesErasureCoded=0}, viewOriginalText:null, viewExpandedText:null, tableType:MANAGED_TABLE, privileges:PrincipalPrivilegeSet(userPrivileges:{alex=[PrivilegeGrantInfo(privilege:INSERT, createTime:-1, grantor:alex, grantorType:USER, grantOption:true), PrivilegeGrantInfo(privilege:SELECT, createTime:-1, grantor:alex, grantorType:USER, grantOption:true), PrivilegeGrantInfo(privilege:UPDATE, createTime:-1, grantor:alex, grantorType:USER, grantOption:true), PrivilegeGrantInfo(privilege:DELETE, createTime:-1, grantor:alex, grantorType:USER, grantOption:true)]}, groupPrivileges:null, rolePrivileges:null), temporary:false, catName:hive, ownerType:USER, writeId:0)	
2024-04-24T01:08:28,838  INFO [main] utils.FileUtils: Creating directory if it doesn't exist: file:/home/alex/Repositories/hive/ql/target/tmp/org.apache.hadoop.hive.ql.TestTxnCommands-1713946100941/warehouse/acidtbl
2024-04-24T01:08:28,943  INFO [main] metadata.Hive: Dumping metastore api call timing information for : execution phase
2024-04-24T01:08:28,943  INFO [main] metadata.Hive: Total time spent in each metastore function (ms): {createTable_(Table)=116, isCompatibleWith_(Configuration)=1}
2024-04-24T01:08:28,944  INFO [main] ql.Driver: Completed executing command(queryId=alex_20240424010828_82d953a6-6575-47dc-b66d-8d28a9f40b06); Time taken: 0.216 seconds
2024-04-24T01:08:28,944  INFO [main] lockmgr.DbTxnManager: Stopped heartbeat for query: alex_20240424010828_82d953a6-6575-47dc-b66d-8d28a9f40b06
2024-04-24T01:08:28,950  INFO [main] txn.TxnHandler: Expected to move at least one record from txn_components to completed_txn_components when committing txn! txnid:7
2024-04-24T01:08:28,959  INFO [main] txn.TxnHandler: Removed transactions: ([7]) from MIN_HISTORY_LEVEL
2024-04-24T01:08:28,959  WARN [main] txn.CompactionTxnHandler: No compaction queue record found for Compaction type transaction commit. txnId:7
2024-04-24T01:08:28,960  INFO [main] ql.TxnCommandsBaseForTests: Running the query: create table acidTblPart(a int, b int) partitioned by (p string) clustered by (a) into 2 buckets stored as orc TBLPROPERTIES ('transactional'='true')
2024-04-24T01:08:28,961  INFO [main] ql.Driver: Compiling command(queryId=alex_20240424010828_b838bcf0-0d5b-47db-b667-8eb59cc45bd0): create table acidTblPart(a int, b int) partitioned by (p string) clustered by (a) into 2 buckets stored as orc TBLPROPERTIES ('transactional'='true')
2024-04-24T01:08:28,966  INFO [main] txn.TxnHandler: Added entries to MIN_HISTORY_LEVEL for current txns: ([8]) with min_open_txn: 1
2024-04-24T01:08:28,967  INFO [main] lockmgr.DbTxnManager: Opened txnid:8
2024-04-24T01:08:28,981  INFO [main] parse.CalcitePlanner: Starting caching scope for: 
2024-04-24T01:08:28,981  INFO [main] parse.CalcitePlanner: Starting Semantic Analysis
2024-04-24T01:08:28,985  INFO [main] parse.CalcitePlanner: Creating table default.acidTblPart position=13
2024-04-24T01:08:28,985  INFO [main] HiveMetaStore.audit: ugi=alex	ip=unknown-ip-addr	cmd=get_database: default	
2024-04-24T01:08:28,989  INFO [main] parse.CalcitePlanner: Ending caching scope for: 
2024-04-24T01:08:28,989  INFO [main] ql.Driver: Semantic Analysis Completed (retrial = false)
2024-04-24T01:08:28,989  INFO [main] ql.Driver: Created Hive schema: Schema(fieldSchemas:null, properties:null)
2024-04-24T01:08:28,989  INFO [main] metadata.Hive: Dumping metastore api call timing information for : compilation phase
2024-04-24T01:08:28,989  INFO [main] metadata.Hive: Total time spent in each metastore function (ms): {commitTxn_(CommitTxnRequest)=16, getValidTxns_(long)=1, openTxn_(String, TxnType)=4, flushCache_()=0, getValidWriteIds_(List, String)=4, getDatabase_(String)=4, isCompatibleWith_(Configuration)=0}
2024-04-24T01:08:28,990  INFO [main] ql.Driver: Completed compiling command(queryId=alex_20240424010828_b838bcf0-0d5b-47db-b667-8eb59cc45bd0); Time taken: 0.028 seconds
2024-04-24T01:08:28,990  INFO [main] lockmgr.DbTxnManager: Setting lock request transaction to txnid:8 for queryId=alex_20240424010828_b838bcf0-0d5b-47db-b667-8eb59cc45bd0
2024-04-24T01:08:28,991  INFO [main] lockmgr.DbLockManager: Requesting lock for queryId=alex_20240424010828_b838bcf0-0d5b-47db-b667-8eb59cc45bd0
2024-04-24T01:08:29,017  INFO [main] lockmgr.DbLockManager: Response to queryId=alex_20240424010828_b838bcf0-0d5b-47db-b667-8eb59cc45bd0 LockResponse(lockid:2, state:ACQUIRED)
2024-04-24T01:08:29,017  INFO [main] ql.Driver: Operation CREATETABLE obtained 1 locks
2024-04-24T01:08:29,019  INFO [main] ql.Driver: Executing command(queryId=alex_20240424010828_b838bcf0-0d5b-47db-b667-8eb59cc45bd0): create table acidTblPart(a int, b int) partitioned by (p string) clustered by (a) into 2 buckets stored as orc TBLPROPERTIES ('transactional'='true')
2024-04-24T01:08:29,019  INFO [main] ql.Driver: Starting task [Stage-0:DDL] in serial mode
2024-04-24T01:08:29,020  INFO [main] HiveMetaStore.audit: ugi=alex	ip=unknown-ip-addr	cmd=create_table_req: Table(tableName:acidTblPart, dbName:default, owner:alex, createTime:1713946109, lastAccessTime:0, retention:0, sd:StorageDescriptor(cols:[FieldSchema(name:a, type:int, comment:null), FieldSchema(name:b, type:int, comment:null)], location:null, inputFormat:org.apache.hadoop.hive.ql.io.orc.OrcInputFormat, outputFormat:org.apache.hadoop.hive.ql.io.orc.OrcOutputFormat, compressed:false, numBuckets:2, serdeInfo:SerDeInfo(name:null, serializationLib:org.apache.hadoop.hive.ql.io.orc.OrcSerde, parameters:{serialization.format=1}), bucketCols:[a], sortCols:[], parameters:{}, skewedInfo:SkewedInfo(skewedColNames:[], skewedColValues:[], skewedColValueLocationMaps:{}), storedAsSubDirectories:false), partitionKeys:[FieldSchema(name:p, type:string, comment:null)], parameters:{bucketing_version=2, transactional=true}, viewOriginalText:null, viewExpandedText:null, tableType:MANAGED_TABLE, privileges:PrincipalPrivilegeSet(userPrivileges:{alex=[PrivilegeGrantInfo(privilege:INSERT, createTime:-1, grantor:alex, grantorType:USER, grantOption:true), PrivilegeGrantInfo(privilege:SELECT, createTime:-1, grantor:alex, grantorType:USER, grantOption:true), PrivilegeGrantInfo(privilege:UPDATE, createTime:-1, grantor:alex, grantorType:USER, grantOption:true), PrivilegeGrantInfo(privilege:DELETE, createTime:-1, grantor:alex, grantorType:USER, grantOption:true)]}, groupPrivileges:null, rolePrivileges:null), temporary:false, catName:hive, ownerType:USER, writeId:0)	
2024-04-24T01:08:29,031  INFO [main] utils.FileUtils: Creating directory if it doesn't exist: file:/home/alex/Repositories/hive/ql/target/tmp/org.apache.hadoop.hive.ql.TestTxnCommands-1713946100941/warehouse/acidtblpart
2024-04-24T01:08:29,066  INFO [main] metadata.Hive: Dumping metastore api call timing information for : execution phase
2024-04-24T01:08:29,067  INFO [main] metadata.Hive: Total time spent in each metastore function (ms): {isCompatibleWith_(Configuration)=0, createTable_(Table)=46}
2024-04-24T01:08:29,067  INFO [main] ql.Driver: Completed executing command(queryId=alex_20240424010828_b838bcf0-0d5b-47db-b667-8eb59cc45bd0); Time taken: 0.048 seconds
2024-04-24T01:08:29,067  INFO [main] lockmgr.DbTxnManager: Stopped heartbeat for query: alex_20240424010828_b838bcf0-0d5b-47db-b667-8eb59cc45bd0
2024-04-24T01:08:29,074  INFO [main] txn.TxnHandler: Expected to move at least one record from txn_components to completed_txn_components when committing txn! txnid:8
2024-04-24T01:08:29,085  INFO [main] txn.TxnHandler: Removed transactions: ([8]) from MIN_HISTORY_LEVEL
2024-04-24T01:08:29,087  WARN [main] txn.CompactionTxnHandler: No compaction queue record found for Compaction type transaction commit. txnId:8
2024-04-24T01:08:29,088  INFO [main] ql.TxnCommandsBaseForTests: Running the query: create table nonAcidOrcTbl(a int, b int) clustered by (a) into 2 buckets stored as orc TBLPROPERTIES ('transactional'='false')
2024-04-24T01:08:29,089  INFO [main] ql.Driver: Compiling command(queryId=alex_20240424010829_90771865-a72a-4dd7-9617-ca7c4c0b4db6): create table nonAcidOrcTbl(a int, b int) clustered by (a) into 2 buckets stored as orc TBLPROPERTIES ('transactional'='false')
2024-04-24T01:08:29,094  INFO [main] txn.TxnHandler: Added entries to MIN_HISTORY_LEVEL for current txns: ([9]) with min_open_txn: 2
2024-04-24T01:08:29,094  INFO [main] lockmgr.DbTxnManager: Opened txnid:9
2024-04-24T01:08:29,096  INFO [main] parse.CalcitePlanner: Starting caching scope for: 
2024-04-24T01:08:29,096  INFO [main] parse.CalcitePlanner: Starting Semantic Analysis
2024-04-24T01:08:29,101  INFO [main] parse.CalcitePlanner: Creating table default.nonAcidOrcTbl position=13
2024-04-24T01:08:29,101  INFO [main] HiveMetaStore.audit: ugi=alex	ip=unknown-ip-addr	cmd=get_database: default	
2024-04-24T01:08:29,104  INFO [main] parse.CalcitePlanner: Ending caching scope for: 
2024-04-24T01:08:29,104  INFO [main] ql.Driver: Semantic Analysis Completed (retrial = false)
2024-04-24T01:08:29,104  INFO [main] ql.Driver: Created Hive schema: Schema(fieldSchemas:null, properties:null)
2024-04-24T01:08:29,104  INFO [main] metadata.Hive: Dumping metastore api call timing information for : compilation phase
2024-04-24T01:08:29,104  INFO [main] metadata.Hive: Total time spent in each metastore function (ms): {getValidWriteIds_(List, String)=4, commitTxn_(CommitTxnRequest)=21, flushCache_()=0, isCompatibleWith_(Configuration)=1, openTxn_(String, TxnType)=3, getValidTxns_(long)=1, getDatabase_(String)=3}
2024-04-24T01:08:29,104  INFO [main] ql.Driver: Completed compiling command(queryId=alex_20240424010829_90771865-a72a-4dd7-9617-ca7c4c0b4db6); Time taken: 0.015 seconds
2024-04-24T01:08:29,105  INFO [main] lockmgr.DbTxnManager: Setting lock request transaction to txnid:9 for queryId=alex_20240424010829_90771865-a72a-4dd7-9617-ca7c4c0b4db6
2024-04-24T01:08:29,105  INFO [main] lockmgr.DbLockManager: Requesting lock for queryId=alex_20240424010829_90771865-a72a-4dd7-9617-ca7c4c0b4db6
2024-04-24T01:08:29,139  INFO [main] lockmgr.DbLockManager: Response to queryId=alex_20240424010829_90771865-a72a-4dd7-9617-ca7c4c0b4db6 LockResponse(lockid:3, state:ACQUIRED)
2024-04-24T01:08:29,140  INFO [main] ql.Driver: Operation CREATETABLE obtained 1 locks
2024-04-24T01:08:29,140  INFO [main] ql.Driver: Executing command(queryId=alex_20240424010829_90771865-a72a-4dd7-9617-ca7c4c0b4db6): create table nonAcidOrcTbl(a int, b int) clustered by (a) into 2 buckets stored as orc TBLPROPERTIES ('transactional'='false')
2024-04-24T01:08:29,140  INFO [main] ql.Driver: Starting task [Stage-0:DDL] in serial mode
2024-04-24T01:08:29,142  INFO [main] HiveMetaStore.audit: ugi=alex	ip=unknown-ip-addr	cmd=create_table_req: Table(tableName:nonAcidOrcTbl, dbName:default, owner:alex, createTime:1713946109, lastAccessTime:0, retention:0, sd:StorageDescriptor(cols:[FieldSchema(name:a, type:int, comment:null), FieldSchema(name:b, type:int, comment:null)], location:null, inputFormat:org.apache.hadoop.hive.ql.io.orc.OrcInputFormat, outputFormat:org.apache.hadoop.hive.ql.io.orc.OrcOutputFormat, compressed:false, numBuckets:2, serdeInfo:SerDeInfo(name:null, serializationLib:org.apache.hadoop.hive.ql.io.orc.OrcSerde, parameters:{serialization.format=1}), bucketCols:[a], sortCols:[], parameters:{}, skewedInfo:SkewedInfo(skewedColNames:[], skewedColValues:[], skewedColValueLocationMaps:{}), storedAsSubDirectories:false), partitionKeys:[], parameters:{numFilesErasureCoded=0, numRows=0, numFiles=0, rawDataSize=0, bucketing_version=2, transactional=false, totalSize=0, COLUMN_STATS_ACCURATE={"BASIC_STATS":"true","COLUMN_STATS":{"a":"true","b":"true"}}}, viewOriginalText:null, viewExpandedText:null, tableType:MANAGED_TABLE, privileges:PrincipalPrivilegeSet(userPrivileges:{alex=[PrivilegeGrantInfo(privilege:INSERT, createTime:-1, grantor:alex, grantorType:USER, grantOption:true), PrivilegeGrantInfo(privilege:SELECT, createTime:-1, grantor:alex, grantorType:USER, grantOption:true), PrivilegeGrantInfo(privilege:UPDATE, createTime:-1, grantor:alex, grantorType:USER, grantOption:true), PrivilegeGrantInfo(privilege:DELETE, createTime:-1, grantor:alex, grantorType:USER, grantOption:true)]}, groupPrivileges:null, rolePrivileges:null), temporary:false, catName:hive, ownerType:USER)	
2024-04-24T01:08:29,151  INFO [main] utils.FileUtils: Creating directory if it doesn't exist: file:/home/alex/Repositories/hive/ql/target/tmp/org.apache.hadoop.hive.ql.TestTxnCommands-1713946100941/warehouse/nonacidorctbl
2024-04-24T01:08:29,187  INFO [main] metadata.Hive: Dumping metastore api call timing information for : execution phase
2024-04-24T01:08:29,187  INFO [main] metadata.Hive: Total time spent in each metastore function (ms): {isCompatibleWith_(Configuration)=0, createTable_(Table)=46}
2024-04-24T01:08:29,187  INFO [main] ql.Driver: Completed executing command(queryId=alex_20240424010829_90771865-a72a-4dd7-9617-ca7c4c0b4db6); Time taken: 0.047 seconds
2024-04-24T01:08:29,187  INFO [main] lockmgr.DbTxnManager: Stopped heartbeat for query: alex_20240424010829_90771865-a72a-4dd7-9617-ca7c4c0b4db6
2024-04-24T01:08:29,194  INFO [main] txn.TxnHandler: Expected to move at least one record from txn_components to completed_txn_components when committing txn! txnid:9
2024-04-24T01:08:29,202  INFO [main] txn.TxnHandler: Removed transactions: ([9]) from MIN_HISTORY_LEVEL
2024-04-24T01:08:29,202  WARN [main] txn.CompactionTxnHandler: No compaction queue record found for Compaction type transaction commit. txnId:9
2024-04-24T01:08:29,203  INFO [main] ql.TxnCommandsBaseForTests: Running the query: create table nonAcidOrcTbl2(a int, b int) clustered by (a) into 2 buckets stored as orc TBLPROPERTIES ('transactional'='false')
2024-04-24T01:08:29,204  INFO [main] ql.Driver: Compiling command(queryId=alex_20240424010829_62f1c56b-941c-4081-80ce-1f1778692eca): create table nonAcidOrcTbl2(a int, b int) clustered by (a) into 2 buckets stored as orc TBLPROPERTIES ('transactional'='false')
2024-04-24T01:08:29,208  INFO [main] txn.TxnHandler: Added entries to MIN_HISTORY_LEVEL for current txns: ([10]) with min_open_txn: 2
2024-04-24T01:08:29,209  INFO [main] lockmgr.DbTxnManager: Opened txnid:10
2024-04-24T01:08:29,210  INFO [main] parse.CalcitePlanner: Starting caching scope for: 
2024-04-24T01:08:29,210  INFO [main] parse.CalcitePlanner: Starting Semantic Analysis
2024-04-24T01:08:29,213  INFO [main] parse.CalcitePlanner: Creating table default.nonAcidOrcTbl2 position=13
2024-04-24T01:08:29,213  INFO [main] HiveMetaStore.audit: ugi=alex	ip=unknown-ip-addr	cmd=get_database: default	
2024-04-24T01:08:29,217  INFO [main] parse.CalcitePlanner: Ending caching scope for: 
2024-04-24T01:08:29,217  INFO [main] ql.Driver: Semantic Analysis Completed (retrial = false)
2024-04-24T01:08:29,217  INFO [main] ql.Driver: Created Hive schema: Schema(fieldSchemas:null, properties:null)
2024-04-24T01:08:29,217  INFO [main] metadata.Hive: Dumping metastore api call timing information for : compilation phase
2024-04-24T01:08:29,217  INFO [main] metadata.Hive: Total time spent in each metastore function (ms): {getDatabase_(String)=3, openTxn_(String, TxnType)=4, flushCache_()=0, isCompatibleWith_(Configuration)=1, getValidTxns_(long)=1, commitTxn_(CommitTxnRequest)=15, getValidWriteIds_(List, String)=3}
2024-04-24T01:08:29,217  INFO [main] ql.Driver: Completed compiling command(queryId=alex_20240424010829_62f1c56b-941c-4081-80ce-1f1778692eca); Time taken: 0.013 seconds
2024-04-24T01:08:29,218  INFO [main] lockmgr.DbTxnManager: Setting lock request transaction to txnid:10 for queryId=alex_20240424010829_62f1c56b-941c-4081-80ce-1f1778692eca
2024-04-24T01:08:29,218  INFO [main] lockmgr.DbLockManager: Requesting lock for queryId=alex_20240424010829_62f1c56b-941c-4081-80ce-1f1778692eca
2024-04-24T01:08:29,246  INFO [main] lockmgr.DbLockManager: Response to queryId=alex_20240424010829_62f1c56b-941c-4081-80ce-1f1778692eca LockResponse(lockid:4, state:ACQUIRED)
2024-04-24T01:08:29,246  INFO [main] ql.Driver: Operation CREATETABLE obtained 1 locks
2024-04-24T01:08:29,246  INFO [main] ql.Driver: Executing command(queryId=alex_20240424010829_62f1c56b-941c-4081-80ce-1f1778692eca): create table nonAcidOrcTbl2(a int, b int) clustered by (a) into 2 buckets stored as orc TBLPROPERTIES ('transactional'='false')
2024-04-24T01:08:29,247  INFO [main] ql.Driver: Starting task [Stage-0:DDL] in serial mode
2024-04-24T01:08:29,249  INFO [main] HiveMetaStore.audit: ugi=alex	ip=unknown-ip-addr	cmd=create_table_req: Table(tableName:nonAcidOrcTbl2, dbName:default, owner:alex, createTime:1713946109, lastAccessTime:0, retention:0, sd:StorageDescriptor(cols:[FieldSchema(name:a, type:int, comment:null), FieldSchema(name:b, type:int, comment:null)], location:null, inputFormat:org.apache.hadoop.hive.ql.io.orc.OrcInputFormat, outputFormat:org.apache.hadoop.hive.ql.io.orc.OrcOutputFormat, compressed:false, numBuckets:2, serdeInfo:SerDeInfo(name:null, serializationLib:org.apache.hadoop.hive.ql.io.orc.OrcSerde, parameters:{serialization.format=1}), bucketCols:[a], sortCols:[], parameters:{}, skewedInfo:SkewedInfo(skewedColNames:[], skewedColValues:[], skewedColValueLocationMaps:{}), storedAsSubDirectories:false), partitionKeys:[], parameters:{numRows=0, numFiles=0, transactional=false, numFilesErasureCoded=0, rawDataSize=0, COLUMN_STATS_ACCURATE={"BASIC_STATS":"true","COLUMN_STATS":{"a":"true","b":"true"}}, bucketing_version=2, totalSize=0}, viewOriginalText:null, viewExpandedText:null, tableType:MANAGED_TABLE, privileges:PrincipalPrivilegeSet(userPrivileges:{alex=[PrivilegeGrantInfo(privilege:INSERT, createTime:-1, grantor:alex, grantorType:USER, grantOption:true), PrivilegeGrantInfo(privilege:SELECT, createTime:-1, grantor:alex, grantorType:USER, grantOption:true), PrivilegeGrantInfo(privilege:UPDATE, createTime:-1, grantor:alex, grantorType:USER, grantOption:true), PrivilegeGrantInfo(privilege:DELETE, createTime:-1, grantor:alex, grantorType:USER, grantOption:true)]}, groupPrivileges:null, rolePrivileges:null), temporary:false, catName:hive, ownerType:USER)	
2024-04-24T01:08:29,260  INFO [main] utils.FileUtils: Creating directory if it doesn't exist: file:/home/alex/Repositories/hive/ql/target/tmp/org.apache.hadoop.hive.ql.TestTxnCommands-1713946100941/warehouse/nonacidorctbl2
2024-04-24T01:08:29,295  INFO [main] metadata.Hive: Dumping metastore api call timing information for : execution phase
2024-04-24T01:08:29,295  INFO [main] metadata.Hive: Total time spent in each metastore function (ms): {createTable_(Table)=46, isCompatibleWith_(Configuration)=0}
2024-04-24T01:08:29,295  INFO [main] ql.Driver: Completed executing command(queryId=alex_20240424010829_62f1c56b-941c-4081-80ce-1f1778692eca); Time taken: 0.049 seconds
2024-04-24T01:08:29,295  INFO [main] lockmgr.DbTxnManager: Stopped heartbeat for query: alex_20240424010829_62f1c56b-941c-4081-80ce-1f1778692eca
2024-04-24T01:08:29,302  INFO [main] txn.TxnHandler: Expected to move at least one record from txn_components to completed_txn_components when committing txn! txnid:10
2024-04-24T01:08:29,312  INFO [main] txn.TxnHandler: Removed transactions: ([10]) from MIN_HISTORY_LEVEL
2024-04-24T01:08:29,313  WARN [main] txn.CompactionTxnHandler: No compaction queue record found for Compaction type transaction commit. txnId:10
2024-04-24T01:08:29,313  INFO [main] ql.TxnCommandsBaseForTests: Running the query: create temporary  table acidTbl2(a int, b int, c int) clustered by (c) into 2 buckets stored as orc TBLPROPERTIES ('transactional'='true')
2024-04-24T01:08:29,314  INFO [main] ql.Driver: Compiling command(queryId=alex_20240424010829_f2d49c0a-7f2a-42fb-b1d9-f1bb9b30aa62): create temporary  table acidTbl2(a int, b int, c int) clustered by (c) into 2 buckets stored as orc TBLPROPERTIES ('transactional'='true')
2024-04-24T01:08:29,319  INFO [main] txn.TxnHandler: Added entries to MIN_HISTORY_LEVEL for current txns: ([11]) with min_open_txn: 2
2024-04-24T01:08:29,319  INFO [main] lockmgr.DbTxnManager: Opened txnid:11
2024-04-24T01:08:29,321  INFO [main] parse.CalcitePlanner: Starting caching scope for: 
2024-04-24T01:08:29,321  INFO [main] parse.CalcitePlanner: Starting Semantic Analysis
2024-04-24T01:08:29,325  INFO [main] parse.CalcitePlanner: Creating table default.acidTbl2 position=24
2024-04-24T01:08:29,325  INFO [main] HiveMetaStore.audit: ugi=alex	ip=unknown-ip-addr	cmd=get_database: default	
2024-04-24T01:08:29,328  INFO [main] parse.CalcitePlanner: Ending caching scope for: 
2024-04-24T01:08:29,328  INFO [main] ql.Driver: Semantic Analysis Completed (retrial = false)
2024-04-24T01:08:29,328  INFO [main] ql.Driver: Created Hive schema: Schema(fieldSchemas:null, properties:null)
2024-04-24T01:08:29,328  INFO [main] metadata.Hive: Dumping metastore api call timing information for : compilation phase
2024-04-24T01:08:29,328  INFO [main] metadata.Hive: Total time spent in each metastore function (ms): {getValidTxns_(long)=2, getValidWriteIds_(List, String)=4, getDatabase_(String)=2, openTxn_(String, TxnType)=4, flushCache_()=0, commitTxn_(CommitTxnRequest)=17, isCompatibleWith_(Configuration)=0}
2024-04-24T01:08:29,328  INFO [main] ql.Driver: Completed compiling command(queryId=alex_20240424010829_f2d49c0a-7f2a-42fb-b1d9-f1bb9b30aa62); Time taken: 0.014 seconds
2024-04-24T01:08:29,328  INFO [main] lockmgr.DbTxnManager: Setting lock request transaction to txnid:11 for queryId=alex_20240424010829_f2d49c0a-7f2a-42fb-b1d9-f1bb9b30aa62
2024-04-24T01:08:29,329  INFO [main] lockmgr.DbLockManager: Requesting lock for queryId=alex_20240424010829_f2d49c0a-7f2a-42fb-b1d9-f1bb9b30aa62
2024-04-24T01:08:29,359  INFO [main] lockmgr.DbLockManager: Response to queryId=alex_20240424010829_f2d49c0a-7f2a-42fb-b1d9-f1bb9b30aa62 LockResponse(lockid:5, state:ACQUIRED)
2024-04-24T01:08:29,359  INFO [main] ql.Driver: Operation CREATETABLE obtained 1 locks
2024-04-24T01:08:29,361  INFO [main] ql.Driver: Executing command(queryId=alex_20240424010829_f2d49c0a-7f2a-42fb-b1d9-f1bb9b30aa62): create temporary  table acidTbl2(a int, b int, c int) clustered by (c) into 2 buckets stored as orc TBLPROPERTIES ('transactional'='true')
2024-04-24T01:08:29,361  INFO [main] ql.Driver: Starting task [Stage-0:DDL] in serial mode
2024-04-24T01:08:29,364  INFO [main] utils.FileUtils: Creating directory if it doesn't exist: file:/home/alex/Repositories/hive/ql/target/tmp/scratchdir/alex/c86edbf2-6297-4b58-9930-64169b5912a4/_tmp_space.db/362bbb3d-2c0c-4144-bd2c-9fbb5fdddcf6
2024-04-24T01:08:29,369  INFO [main] metadata.Hive: Dumping metastore api call timing information for : execution phase
2024-04-24T01:08:29,369  INFO [main] metadata.Hive: Total time spent in each metastore function (ms): {createTable_(Table)=5, isCompatibleWith_(Configuration)=0}
2024-04-24T01:08:29,369  INFO [main] ql.Driver: Completed executing command(queryId=alex_20240424010829_f2d49c0a-7f2a-42fb-b1d9-f1bb9b30aa62); Time taken: 0.008 seconds
2024-04-24T01:08:29,369  INFO [main] lockmgr.DbTxnManager: Stopped heartbeat for query: alex_20240424010829_f2d49c0a-7f2a-42fb-b1d9-f1bb9b30aa62
2024-04-24T01:08:29,376  INFO [main] txn.TxnHandler: Expected to move at least one record from txn_components to completed_txn_components when committing txn! txnid:11
2024-04-24T01:08:29,387  INFO [main] txn.TxnHandler: Removed transactions: ([11]) from MIN_HISTORY_LEVEL
2024-04-24T01:08:29,387  WARN [main] txn.CompactionTxnHandler: No compaction queue record found for Compaction type transaction commit. txnId:11
2024-04-24T01:08:29,389  INFO [main] ql.TxnCommandsBaseForTests: Running the query: create table nonAcidNonBucket(a int, b int) stored as orc TBLPROPERTIES ('transactional'='false')
2024-04-24T01:08:29,389  INFO [main] ql.Driver: Compiling command(queryId=alex_20240424010829_3b166b2a-841d-47c8-9b67-9406d123bedf): create table nonAcidNonBucket(a int, b int) stored as orc TBLPROPERTIES ('transactional'='false')
2024-04-24T01:08:29,394  INFO [main] txn.TxnHandler: Added entries to MIN_HISTORY_LEVEL for current txns: ([12]) with min_open_txn: 4
2024-04-24T01:08:29,395  INFO [main] lockmgr.DbTxnManager: Opened txnid:12
2024-04-24T01:08:29,396  INFO [main] parse.CalcitePlanner: Starting caching scope for: 
2024-04-24T01:08:29,396  INFO [main] parse.CalcitePlanner: Starting Semantic Analysis
2024-04-24T01:08:29,400  INFO [main] parse.CalcitePlanner: Creating table default.nonAcidNonBucket position=13
2024-04-24T01:08:29,400  INFO [main] HiveMetaStore.audit: ugi=alex	ip=unknown-ip-addr	cmd=get_database: default	
2024-04-24T01:08:29,402  INFO [main] parse.CalcitePlanner: Ending caching scope for: 
2024-04-24T01:08:29,402  INFO [main] ql.Driver: Semantic Analysis Completed (retrial = false)
2024-04-24T01:08:29,402  INFO [main] ql.Driver: Created Hive schema: Schema(fieldSchemas:null, properties:null)
2024-04-24T01:08:29,402  INFO [main] metadata.Hive: Dumping metastore api call timing information for : compilation phase
2024-04-24T01:08:29,403  INFO [main] metadata.Hive: Total time spent in each metastore function (ms): {getValidTxns_(long)=1, getDatabase_(String)=2, isCompatibleWith_(Configuration)=0, openTxn_(String, TxnType)=4, getValidWriteIds_(List, String)=3, flushCache_()=0, commitTxn_(CommitTxnRequest)=18}
2024-04-24T01:08:29,403  INFO [main] ql.Driver: Completed compiling command(queryId=alex_20240424010829_3b166b2a-841d-47c8-9b67-9406d123bedf); Time taken: 0.013 seconds
2024-04-24T01:08:29,403  INFO [main] lockmgr.DbTxnManager: Setting lock request transaction to txnid:12 for queryId=alex_20240424010829_3b166b2a-841d-47c8-9b67-9406d123bedf
2024-04-24T01:08:29,403  INFO [main] lockmgr.DbLockManager: Requesting lock for queryId=alex_20240424010829_3b166b2a-841d-47c8-9b67-9406d123bedf
2024-04-24T01:08:29,435  INFO [main] lockmgr.DbLockManager: Response to queryId=alex_20240424010829_3b166b2a-841d-47c8-9b67-9406d123bedf LockResponse(lockid:6, state:ACQUIRED)
2024-04-24T01:08:29,435  INFO [main] ql.Driver: Operation CREATETABLE obtained 1 locks
2024-04-24T01:08:29,435  INFO [main] ql.Driver: Executing command(queryId=alex_20240424010829_3b166b2a-841d-47c8-9b67-9406d123bedf): create table nonAcidNonBucket(a int, b int) stored as orc TBLPROPERTIES ('transactional'='false')
2024-04-24T01:08:29,435  INFO [main] ql.Driver: Starting task [Stage-0:DDL] in serial mode
2024-04-24T01:08:29,437  INFO [main] HiveMetaStore.audit: ugi=alex	ip=unknown-ip-addr	cmd=create_table_req: Table(tableName:nonAcidNonBucket, dbName:default, owner:alex, createTime:1713946109, lastAccessTime:0, retention:0, sd:StorageDescriptor(cols:[FieldSchema(name:a, type:int, comment:null), FieldSchema(name:b, type:int, comment:null)], location:null, inputFormat:org.apache.hadoop.hive.ql.io.orc.OrcInputFormat, outputFormat:org.apache.hadoop.hive.ql.io.orc.OrcOutputFormat, compressed:false, numBuckets:-1, serdeInfo:SerDeInfo(name:null, serializationLib:org.apache.hadoop.hive.ql.io.orc.OrcSerde, parameters:{serialization.format=1}), bucketCols:[], sortCols:[], parameters:{}, skewedInfo:SkewedInfo(skewedColNames:[], skewedColValues:[], skewedColValueLocationMaps:{}), storedAsSubDirectories:false), partitionKeys:[], parameters:{bucketing_version=2, rawDataSize=0, numRows=0, COLUMN_STATS_ACCURATE={"BASIC_STATS":"true","COLUMN_STATS":{"a":"true","b":"true"}}, totalSize=0, transactional=false, numFiles=0, numFilesErasureCoded=0}, viewOriginalText:null, viewExpandedText:null, tableType:MANAGED_TABLE, privileges:PrincipalPrivilegeSet(userPrivileges:{alex=[PrivilegeGrantInfo(privilege:INSERT, createTime:-1, grantor:alex, grantorType:USER, grantOption:true), PrivilegeGrantInfo(privilege:SELECT, createTime:-1, grantor:alex, grantorType:USER, grantOption:true), PrivilegeGrantInfo(privilege:UPDATE, createTime:-1, grantor:alex, grantorType:USER, grantOption:true), PrivilegeGrantInfo(privilege:DELETE, createTime:-1, grantor:alex, grantorType:USER, grantOption:true)]}, groupPrivileges:null, rolePrivileges:null), temporary:false, catName:hive, ownerType:USER)	
2024-04-24T01:08:29,445  INFO [main] utils.FileUtils: Creating directory if it doesn't exist: file:/home/alex/Repositories/hive/ql/target/tmp/org.apache.hadoop.hive.ql.TestTxnCommands-1713946100941/warehouse/nonacidnonbucket
2024-04-24T01:08:29,476  INFO [main] metadata.Hive: Dumping metastore api call timing information for : execution phase
2024-04-24T01:08:29,476  INFO [main] metadata.Hive: Total time spent in each metastore function (ms): {isCompatibleWith_(Configuration)=0, createTable_(Table)=39}
2024-04-24T01:08:29,476  INFO [main] ql.Driver: Completed executing command(queryId=alex_20240424010829_3b166b2a-841d-47c8-9b67-9406d123bedf); Time taken: 0.041 seconds
2024-04-24T01:08:29,476  INFO [main] lockmgr.DbTxnManager: Stopped heartbeat for query: alex_20240424010829_3b166b2a-841d-47c8-9b67-9406d123bedf
2024-04-24T01:08:29,484  INFO [main] txn.TxnHandler: Expected to move at least one record from txn_components to completed_txn_components when committing txn! txnid:12
2024-04-24T01:08:29,495  INFO [main] txn.TxnHandler: Removed transactions: ([12]) from MIN_HISTORY_LEVEL
2024-04-24T01:08:29,495  WARN [main] txn.CompactionTxnHandler: No compaction queue record found for Compaction type transaction commit. txnId:12
2024-04-24T01:08:29,496  INFO [main] metastore.HiveMetaStoreClientWithLocalCache: Initializing local cache in HiveMetaStoreClient...
2024-04-24T01:08:29,530  INFO [main] metastore.HiveMetaStoreClientWithLocalCache: Local cache initialized in HiveMetaStoreClient: com.github.benmanes.caffeine.cache.BoundedLocalCache$BoundedLocalManualCache@5891b7c5
2024-04-24T01:08:29,536  INFO [main] ql.TxnCommandsBaseForTests: Running the query: insert into nonAcidOrcTbl  values(2,2),(4,44),(5,5),(11,11)
2024-04-24T01:08:29,537  INFO [main] ql.Driver: Compiling command(queryId=alex_20240424010829_41bb9cab-2cd7-4d33-af44-585bd421ecd0): insert into nonAcidOrcTbl  values(2,2),(4,44),(5,5),(11,11)
2024-04-24T01:08:29,547  INFO [main] txn.TxnHandler: Added entries to MIN_HISTORY_LEVEL for current txns: ([13]) with min_open_txn: 7
2024-04-24T01:08:29,548  INFO [main] lockmgr.DbTxnManager: Opened txnid:13
2024-04-24T01:08:29,549  INFO [main] parse.CalcitePlanner: Starting caching scope for: 
2024-04-24T01:08:29,549  INFO [main] parse.CalcitePlanner: Starting Semantic Analysis
2024-04-24T01:08:30,157  WARN [main] exec.FunctionRegistry: UDF Class org.apache.datasketches.hive.tuple.ArrayOfDoublesSketchToValuesUDTF does not have description. Please annotate the class with the org.apache.hadoop.hive.ql.exec.Description annotation and provide the description of the function.
2024-04-24T01:08:30,162  WARN [main] exec.FunctionRegistry: UDF Class org.apache.datasketches.hive.cpc.UnionSketchUDF does not have description. Please annotate the class with the org.apache.hadoop.hive.ql.exec.Description annotation and provide the description of the function.
2024-04-24T01:08:30,165  WARN [main] exec.FunctionRegistry: UDF Class org.apache.datasketches.hive.hll.UnionSketchUDF does not have description. Please annotate the class with the org.apache.hadoop.hive.ql.exec.Description annotation and provide the description of the function.
2024-04-24T01:08:30,167  WARN [main] exec.FunctionRegistry: UDF Class org.apache.datasketches.hive.theta.UnionSketchUDF does not have description. Please annotate the class with the org.apache.hadoop.hive.ql.exec.Description annotation and provide the description of the function.
2024-04-24T01:08:30,168  WARN [main] exec.FunctionRegistry: UDF Class org.apache.datasketches.hive.theta.ExcludeSketchUDF does not have description. Please annotate the class with the org.apache.hadoop.hive.ql.exec.Description annotation and provide the description of the function.
2024-04-24T01:08:30,168  WARN [main] exec.FunctionRegistry: UDF Class org.apache.datasketches.hive.theta.EstimateSketchUDF does not have description. Please annotate the class with the org.apache.hadoop.hive.ql.exec.Description annotation and provide the description of the function.
2024-04-24T01:08:30,168  WARN [main] exec.FunctionRegistry: UDF Class org.apache.datasketches.hive.theta.IntersectSketchUDF does not have description. Please annotate the class with the org.apache.hadoop.hive.ql.exec.Description annotation and provide the description of the function.
2024-04-24T01:08:30,219  INFO [main] HiveMetaStore.audit: ugi=alex	ip=unknown-ip-addr	cmd=get_table : tbl=hive.default.nonAcidOrcTbl	
2024-04-24T01:08:30,293  INFO [main] metastore.HMSHandler: Skipping translation for processor with null
2024-04-24T01:08:30,294  INFO [main] parse.CalcitePlanner: Completed phase 1 of Semantic Analysis
2024-04-24T01:08:30,294  INFO [main] parse.CalcitePlanner: Get metadata for source tables
2024-04-24T01:08:30,294  INFO [main] parse.CalcitePlanner: Get metadata for subqueries
2024-04-24T01:08:30,294  INFO [main] parse.CalcitePlanner: Get metadata for destination tables
2024-04-24T01:08:30,297  INFO [main] HiveMetaStore.audit: ugi=alex	ip=unknown-ip-addr	cmd=get_table : tbl=hive.default.nonAcidOrcTbl	
2024-04-24T01:08:30,318  INFO [main] metastore.HMSHandler: Skipping translation for processor with null
2024-04-24T01:08:30,319  INFO [main] parse.CalcitePlanner: Completed getting MetaData in Semantic Analysis
2024-04-24T01:08:30,319  INFO [main] parse.CalcitePlanner: Disabling LLAP IO encode as ETL query is detected
2024-04-24T01:08:31,444  INFO [main] HiveMetaStore.audit: ugi=alex	ip=unknown-ip-addr	cmd=get_all_table_constraints : tbl=hive._dummy_database._dummy_table	
2024-04-24T01:08:32,082  INFO [main] parse.CalcitePlanner: Get metadata for source tables
2024-04-24T01:08:32,082  INFO [main] parse.CalcitePlanner: Get metadata for subqueries
2024-04-24T01:08:32,082  INFO [main] parse.CalcitePlanner: Get metadata for source tables
2024-04-24T01:08:32,083  INFO [main] HiveMetaStore.audit: ugi=alex	ip=unknown-ip-addr	cmd=get_table : tbl=hive._dummy_database._dummy_table	
2024-04-24T01:08:32,087  INFO [main] parse.CalcitePlanner: Get metadata for subqueries
2024-04-24T01:08:32,087  INFO [main] parse.CalcitePlanner: Get metadata for destination tables
2024-04-24T01:08:32,089  INFO [main] parse.CalcitePlanner: Get metadata for destination tables
2024-04-24T01:08:32,090  INFO [main] HiveMetaStore.audit: ugi=alex	ip=unknown-ip-addr	cmd=get_table : tbl=hive.default.nonAcidOrcTbl	
2024-04-24T01:08:32,108  INFO [main] metastore.HMSHandler: Skipping translation for processor with null
2024-04-24T01:08:32,144  INFO [main] common.FileUtils: Creating directory if it doesn't exist: file:/home/alex/Repositories/hive/ql/target/tmp/org.apache.hadoop.hive.ql.TestTxnCommands-1713946100941/warehouse/nonacidorctbl/.hive-staging_hive_2024-04-24_01-08-29_537_8439600071604119192-1
2024-04-24T01:08:32,148  INFO [main] HiveMetaStore.audit: ugi=alex	ip=unknown-ip-addr	cmd=get_not_null_constraints : tbl=hive.default.nonacidorctbl	
2024-04-24T01:08:32,150  INFO [main] HiveMetaStore.audit: ugi=alex	ip=unknown-ip-addr	cmd=get_check_constraints : tbl=hive.default.nonacidorctbl	
2024-04-24T01:08:32,166  INFO [main] parse.CalcitePlanner: CBO Succeeded; optimized logical plan.
2024-04-24T01:08:32,219  INFO [main] optimizer.ColumnPrunerProcFactory: RS 4 oldColExprMap: {VALUE._col0=Column[_col1], KEY.reducesinkkey0=Column[_col0]}
2024-04-24T01:08:32,219  INFO [main] optimizer.ColumnPrunerProcFactory: RS 4 newColExprMap: {VALUE._col0=Column[_col1], KEY.reducesinkkey0=Column[_col0]}
2024-04-24T01:08:32,229  INFO [main] optimizer.BucketVersionPopulator: not considering bucketingVersion for: TS[0] because it has -1<2 buckets 
2024-04-24T01:08:32,240  INFO [main] optimizer.SortedDynPartitionOptimizer: Sorted dynamic partitioning optimization kicked in..
2024-04-24T01:08:32,272  INFO [main] HiveMetaStore.audit: ugi=alex	ip=unknown-ip-addr	cmd=get_table : tbl=hive.default.nonacidorctbl	
2024-04-24T01:08:32,290  INFO [main] metastore.HMSHandler: Skipping translation for processor with null
2024-04-24T01:08:32,319  INFO [main] physical.Vectorizer: Examining input format to see if vectorization is enabled.
2024-04-24T01:08:32,325  INFO [main] physical.Vectorizer: Map vectorization enabled: false
2024-04-24T01:08:32,325  INFO [main] physical.Vectorizer: Map vectorized: false
2024-04-24T01:08:32,325  INFO [main] physical.Vectorizer: Map vectorizedVertexNum: 0
2024-04-24T01:08:32,325  INFO [main] physical.Vectorizer: Map enabledConditionsMet: [hive.vectorized.use.vectorized.input.format IS true]
2024-04-24T01:08:32,325  INFO [main] physical.Vectorizer: Map enabledConditionsNotMet: [Could not enable vectorization due to partition column names size 1 is greater than the number of table column names size 0 IS false]
2024-04-24T01:08:32,325  INFO [main] physical.Vectorizer: Map inputFileFormatClassNameSet: [org.apache.hadoop.hive.ql.io.NullRowsInputFormat]
2024-04-24T01:08:32,325  INFO [main] physical.Vectorizer: Reduce vectorization enabled: false
2024-04-24T01:08:32,325  INFO [main] physical.Vectorizer: Reduce vectorized: false
2024-04-24T01:08:32,326  INFO [main] physical.Vectorizer: Reduce vectorizedVertexNum: 1
2024-04-24T01:08:32,326  INFO [main] physical.Vectorizer: Reducer hive.vectorized.execution.reduce.enabled: true
2024-04-24T01:08:32,326  INFO [main] physical.Vectorizer: Reducer engine: mr
2024-04-24T01:08:32,327  INFO [main] parse.CalcitePlanner: Completed plan generation
2024-04-24T01:08:32,327  INFO [main] parse.CalcitePlanner: Ending caching scope for: 
2024-04-24T01:08:32,327  INFO [main] ql.Driver: Semantic Analysis Completed (retrial = false)
2024-04-24T01:08:32,327  INFO [main] ql.Driver: Created Hive schema: Schema(fieldSchemas:[FieldSchema(name:col1, type:int, comment:null), FieldSchema(name:col2, type:int, comment:null)], properties:null)
2024-04-24T01:08:32,328  INFO [main] metadata.Hive: Dumping metastore api call timing information for : compilation phase
2024-04-24T01:08:32,328  INFO [main] metadata.Hive: Total time spent in each metastore function (ms): {flushCache_()=0, getTable_(GetTableRequest)=134, openTxn_(String, TxnType)=5, getAllTableConstraints_(AllTableConstraintsRequest)=67, getValidWriteIds_(List, String)=6, isCompatibleWith_(Configuration)=0, getNotNullConstraints_(NotNullConstraintsRequest)=3, commitTxn_(CommitTxnRequest)=19, getCheckConstraints_(CheckConstraintsRequest)=4, getValidTxns_(long)=1}
2024-04-24T01:08:32,328  INFO [main] ql.Driver: Completed compiling command(queryId=alex_20240424010829_41bb9cab-2cd7-4d33-af44-585bd421ecd0); Time taken: 2.791 seconds
2024-04-24T01:08:32,328  INFO [main] lockmgr.DbTxnManager: Setting lock request transaction to txnid:13 for queryId=alex_20240424010829_41bb9cab-2cd7-4d33-af44-585bd421ecd0
2024-04-24T01:08:32,329  INFO [main] lockmgr.DbLockManager: Requesting lock for queryId=alex_20240424010829_41bb9cab-2cd7-4d33-af44-585bd421ecd0
2024-04-24T01:08:32,355  INFO [main] lockmgr.DbLockManager: Response to queryId=alex_20240424010829_41bb9cab-2cd7-4d33-af44-585bd421ecd0 LockResponse(lockid:7, state:ACQUIRED)
2024-04-24T01:08:32,355  INFO [main] ql.Driver: Operation QUERY obtained 1 locks
2024-04-24T01:08:32,355  INFO [main] ql.Driver: Executing command(queryId=alex_20240424010829_41bb9cab-2cd7-4d33-af44-585bd421ecd0): insert into nonAcidOrcTbl  values(2,2),(4,44),(5,5),(11,11)
2024-04-24T01:08:32,355  WARN [main] ql.Driver: Hive-on-MR is deprecated in Hive 2 and may not be available in the future versions. Consider using a different execution engine (i.e. tez, spark) or using Hive 1.X releases.
Query ID = alex_20240424010829_41bb9cab-2cd7-4d33-af44-585bd421ecd0
2024-04-24T01:08:32,355  INFO [main] ql.Driver: Query ID = alex_20240424010829_41bb9cab-2cd7-4d33-af44-585bd421ecd0
Total jobs = 1
2024-04-24T01:08:32,355  INFO [main] ql.Driver: Total jobs = 1
Launching Job 1 out of 1
2024-04-24T01:08:32,356  INFO [main] ql.Driver: Launching Job 1 out of 1
2024-04-24T01:08:32,527  INFO [main] ql.Driver: Starting task [Stage-1:MAPRED] in serial mode
Number of reduce tasks determined at compile time: 2
2024-04-24T01:08:32,527  INFO [main] exec.Task: Number of reduce tasks determined at compile time: 2
In order to change the average load for a reducer (in bytes):
2024-04-24T01:08:32,527  INFO [main] exec.Task: In order to change the average load for a reducer (in bytes):
  set hive.exec.reducers.bytes.per.reducer=<number>
2024-04-24T01:08:32,527  INFO [main] exec.Task:   set hive.exec.reducers.bytes.per.reducer=<number>
In order to limit the maximum number of reducers:
2024-04-24T01:08:32,527  INFO [main] exec.Task: In order to limit the maximum number of reducers:
  set hive.exec.reducers.max=<number>
2024-04-24T01:08:32,527  INFO [main] exec.Task:   set hive.exec.reducers.max=<number>
In order to set a constant number of reducers:
2024-04-24T01:08:32,528  INFO [main] exec.Task: In order to set a constant number of reducers:
  set mapreduce.job.reduces=<number>
2024-04-24T01:08:32,528  INFO [main] exec.Task:   set mapreduce.job.reduces=<number>
2024-04-24T01:08:32,536  INFO [main] mr.ExecDriver: Using org.apache.hadoop.hive.ql.io.HiveInputFormat
2024-04-24T01:08:32,538  INFO [main] exec.Utilities: Processing alias $hdt$_0:_dummy_table
2024-04-24T01:08:32,539  INFO [main] exec.Utilities: Adding 1 inputs; the first input is file:/home/alex/Repositories/hive/ql/target/tmp/localscratchdir/c86edbf2-6297-4b58-9930-64169b5912a4/hive_2024-04-24_01-08-29_537_8439600071604119192-1/dummy_path
2024-04-24T01:08:32,606  INFO [main] exec.SerializationUtilities: Serializing MapWork using kryo
2024-04-24T01:08:32,628  INFO [main] exec.Utilities: Serialized plan (via FILE) - name: null size: 5,32KB
2024-04-24T01:08:32,634  INFO [main] exec.SerializationUtilities: Serializing ReduceWork using kryo
2024-04-24T01:08:32,641  INFO [main] exec.Utilities: Serialized plan (via FILE) - name: null size: 6,35KB
2024-04-24T01:08:32,742  INFO [main] beanutils.FluentPropertyBeanIntrospector: Error when creating PropertyDescriptor for public final void org.apache.commons.configuration2.AbstractConfiguration.setProperty(java.lang.String,java.lang.Object)! Ignoring this property.
2024-04-24T01:08:32,756  WARN [main] impl.MetricsConfig: Cannot locate configuration: tried hadoop-metrics2-jobtracker.properties,hadoop-metrics2.properties
2024-04-24T01:08:32,770  INFO [main] impl.MetricsSystemImpl: Scheduled Metric snapshot period at 10 second(s).
2024-04-24T01:08:32,770  INFO [main] impl.MetricsSystemImpl: JobTracker metrics system started
2024-04-24T01:08:32,782  INFO [main] fs.FSStatsPublisher: created : file:/home/alex/Repositories/hive/ql/target/tmp/localscratchdir/c86edbf2-6297-4b58-9930-64169b5912a4/hive_2024-04-24_01-08-29_537_8439600071604119192-1/-mr-10001
2024-04-24T01:08:32,797  WARN [main] impl.MetricsSystemImpl: JobTracker metrics system already initialized!
2024-04-24T01:08:32,838  WARN [main] mapreduce.JobResourceUploader: Hadoop command-line option parsing not performed. Implement the Tool interface and execute your application with ToolRunner to remedy this.
2024-04-24T01:08:32,847  WARN [main] mapreduce.JobResourceUploader: No job jar file set.  User classes may not be found. See Job or Job#setJar(String).
2024-04-24T01:08:32,853  INFO [main] io.HiveInputFormat: hive.io.file.readcolumn.ids = 
2024-04-24T01:08:32,854  INFO [main] io.HiveInputFormat: hive.io.file.readcolumn.names = 
2024-04-24T01:08:32,854  INFO [main] io.HiveInputFormat: Generating splits for dirs: file:/home/alex/Repositories/hive/ql/target/tmp/localscratchdir/c86edbf2-6297-4b58-9930-64169b5912a4/hive_2024-04-24_01-08-29_537_8439600071604119192-1/dummy_path
2024-04-24T01:08:32,854  INFO [main] io.NullRowsInputFormat$NullRowsRecordReader: Using null rows input format
2024-04-24T01:08:32,860  INFO [main] io.HiveInputFormat: number of splits 1
2024-04-24T01:08:32,890  INFO [main] mapreduce.JobSubmitter: number of splits:1
2024-04-24T01:08:32,965  INFO [main] mapreduce.JobSubmitter: Submitting tokens for job: job_local294355523_0001
2024-04-24T01:08:32,965  INFO [main] mapreduce.JobSubmitter: Executing with tokens: []
2024-04-24T01:08:33,133  INFO [main] mapreduce.Job: The url to track the job: http://localhost:8080/
Job running in-process (local Hadoop)
2024-04-24T01:08:33,134  INFO [main] exec.Task: Job running in-process (local Hadoop)
2024-04-24T01:08:33,135  INFO [Thread-74] mapred.LocalJobRunner: OutputCommitter set in config org.apache.hadoop.hive.ql.io.HiveFileFormatUtils$NullOutputCommitter
2024-04-24T01:08:33,136  INFO [Thread-74] mapred.LocalJobRunner: OutputCommitter is org.apache.hadoop.hive.ql.io.HiveFileFormatUtils$NullOutputCommitter
2024-04-24T01:08:33,147  INFO [Thread-74] mapred.LocalJobRunner: Waiting for map tasks
2024-04-24T01:08:33,150  INFO [LocalJobRunner Map Task Executor #0] mapred.LocalJobRunner: Starting task: attempt_local294355523_0001_m_000000_0
2024-04-24T01:08:33,182  INFO [LocalJobRunner Map Task Executor #0] mapred.Task:  Using ResourceCalculatorProcessTree : [ ]
2024-04-24T01:08:33,190  INFO [LocalJobRunner Map Task Executor #0] mapred.MapTask: Processing split: org.apache.hadoop.hive.ql.io.NullRowsInputFormat:file:/home/alex/Repositories/hive/ql/target/tmp/localscratchdir/c86edbf2-6297-4b58-9930-64169b5912a4/hive_2024-04-24_01-08-29_537_8439600071604119192-1/dummy_path/null:0+1
2024-04-24T01:08:33,196  INFO [LocalJobRunner Map Task Executor #0] exec.SerializationUtilities: Deserializing MapWork using kryo
2024-04-24T01:08:33,220  INFO [LocalJobRunner Map Task Executor #0] exec.Utilities: Deserialized plan (via FILE) - name: null size: 5,32KB
2024-04-24T01:08:33,227  INFO [LocalJobRunner Map Task Executor #0] mapred.MapTask: numReduceTasks: 2
2024-04-24T01:08:33,240  INFO [LocalJobRunner Map Task Executor #0] mapred.MapTask: (EQUATOR) 0 kvi 26214396(104857584)
2024-04-24T01:08:33,240  INFO [LocalJobRunner Map Task Executor #0] mapred.MapTask: mapreduce.task.io.sort.mb: 100
2024-04-24T01:08:33,240  INFO [LocalJobRunner Map Task Executor #0] mapred.MapTask: soft limit at 83886080
2024-04-24T01:08:33,240  INFO [LocalJobRunner Map Task Executor #0] mapred.MapTask: bufstart = 0; bufvoid = 104857600
2024-04-24T01:08:33,240  INFO [LocalJobRunner Map Task Executor #0] mapred.MapTask: kvstart = 26214396; length = 6553600
2024-04-24T01:08:33,243  INFO [LocalJobRunner Map Task Executor #0] mapred.MapTask: Map output collector class = org.apache.hadoop.mapred.MapTask$MapOutputBuffer
2024-04-24T01:08:33,247  INFO [LocalJobRunner Map Task Executor #0] exec.MapOperator: Initializing Operator: MAP[0]
2024-04-24T01:08:33,249  INFO [LocalJobRunner Map Task Executor #0] mr.ExecMapper: 
<MAP>Id =0
  <Children>null
  <\Children>
  <Parent><\Parent>
<\MAP>
2024-04-24T01:08:33,251  INFO [LocalJobRunner Map Task Executor #0] exec.TableScanOperator: Initializing Operator: TS[0]
2024-04-24T01:08:33,251  INFO [LocalJobRunner Map Task Executor #0] exec.SelectOperator: Initializing Operator: SEL[1]
2024-04-24T01:08:33,254  INFO [LocalJobRunner Map Task Executor #0] exec.SelectOperator: SELECT null
2024-04-24T01:08:33,254  INFO [LocalJobRunner Map Task Executor #0] exec.UDTFOperator: Initializing Operator: UDTF[2]
2024-04-24T01:08:33,254  INFO [LocalJobRunner Map Task Executor #0] exec.SelectOperator: Initializing Operator: SEL[3]
2024-04-24T01:08:33,255  INFO [LocalJobRunner Map Task Executor #0] exec.SelectOperator: SELECT struct<col1:int,col2:int>
2024-04-24T01:08:33,255  INFO [LocalJobRunner Map Task Executor #0] exec.ReduceSinkOperator: Initializing Operator: RS[4]
2024-04-24T01:08:33,255  INFO [LocalJobRunner Map Task Executor #0] exec.ReduceSinkOperator: Using tag = -1
2024-04-24T01:08:33,276  INFO [LocalJobRunner Map Task Executor #0] exec.ReduceSinkOperator: keys are [reducesinkkey0] num distributions: 1
2024-04-24T01:08:33,277  INFO [LocalJobRunner Map Task Executor #0] exec.ReduceSinkOperator: RS[4]: records written - 1
2024-04-24T01:08:33,278  INFO [LocalJobRunner Map Task Executor #0] exec.MapOperator: MAP[0]: records read - 1
2024-04-24T01:08:33,278  INFO [LocalJobRunner Map Task Executor #0] exec.MapOperator: Closing Operator: MAP[0]
2024-04-24T01:08:33,278  INFO [LocalJobRunner Map Task Executor #0] exec.MapOperator: MAP[0]: Total records read - 3. abort - false
2024-04-24T01:08:33,279  INFO [LocalJobRunner Map Task Executor #0] exec.MapOperator: RECORDS_OUT_OPERATOR_MAP_0:0, DESERIALIZE_ERRORS:0, RECORDS_IN:3, RECORDS_OUT_INTERMEDIATE:0, 
2024-04-24T01:08:33,279  INFO [LocalJobRunner Map Task Executor #0] exec.TableScanOperator: Closing Operator: TS[0]
2024-04-24T01:08:33,279  INFO [LocalJobRunner Map Task Executor #0] exec.TableScanOperator: RECORDS_OUT_INTERMEDIATE:0, RECORDS_OUT_OPERATOR_TS_0:1, 
2024-04-24T01:08:33,279  INFO [LocalJobRunner Map Task Executor #0] exec.SelectOperator: Closing Operator: SEL[1]
2024-04-24T01:08:33,279  INFO [LocalJobRunner Map Task Executor #0] exec.SelectOperator: RECORDS_OUT_OPERATOR_SEL_1:1, RECORDS_OUT_INTERMEDIATE:0, 
2024-04-24T01:08:33,279  INFO [LocalJobRunner Map Task Executor #0] exec.UDTFOperator: Closing Operator: UDTF[2]
2024-04-24T01:08:33,279  INFO [LocalJobRunner Map Task Executor #0] exec.UDTFOperator: RECORDS_OUT_INTERMEDIATE:0, RECORDS_OUT_OPERATOR_UDTF_2:4, 
2024-04-24T01:08:33,279  INFO [LocalJobRunner Map Task Executor #0] exec.SelectOperator: Closing Operator: SEL[3]
2024-04-24T01:08:33,280  INFO [LocalJobRunner Map Task Executor #0] exec.SelectOperator: RECORDS_OUT_OPERATOR_SEL_3:4, RECORDS_OUT_INTERMEDIATE:0, 
2024-04-24T01:08:33,280  INFO [LocalJobRunner Map Task Executor #0] exec.ReduceSinkOperator: Closing Operator: RS[4]
2024-04-24T01:08:33,280  INFO [LocalJobRunner Map Task Executor #0] exec.ReduceSinkOperator: RS[4]: Total records written - 4. abort - false
2024-04-24T01:08:33,280  INFO [LocalJobRunner Map Task Executor #0] exec.ReduceSinkOperator: RECORDS_OUT_INTERMEDIATE:4, RECORDS_OUT_OPERATOR_RS_4:4, 
2024-04-24T01:08:33,286  INFO [LocalJobRunner Map Task Executor #0] mapred.LocalJobRunner: 
2024-04-24T01:08:33,286  INFO [LocalJobRunner Map Task Executor #0] mapred.MapTask: Starting flush of map output
2024-04-24T01:08:33,286  INFO [LocalJobRunner Map Task Executor #0] mapred.MapTask: Spilling map output
2024-04-24T01:08:33,286  INFO [LocalJobRunner Map Task Executor #0] mapred.MapTask: bufstart = 0; bufend = 64; bufvoid = 104857600
2024-04-24T01:08:33,286  INFO [LocalJobRunner Map Task Executor #0] mapred.MapTask: kvstart = 26214396(104857584); kvend = 26214384(104857536); length = 13/6553600
2024-04-24T01:08:33,303  INFO [LocalJobRunner Map Task Executor #0] mapred.MapTask: Finished spill 0
2024-04-24T01:08:33,313  INFO [LocalJobRunner Map Task Executor #0] mapred.Task: Task:attempt_local294355523_0001_m_000000_0 is done. And is in the process of committing
2024-04-24T01:08:33,315  INFO [LocalJobRunner Map Task Executor #0] mapred.LocalJobRunner: map
2024-04-24T01:08:33,315  INFO [LocalJobRunner Map Task Executor #0] mapred.Task: Task 'attempt_local294355523_0001_m_000000_0' done.
2024-04-24T01:08:33,317  INFO [LocalJobRunner Map Task Executor #0] mapred.Task: Final Counters for attempt_local294355523_0001_m_000000_0: Counters: 26
	File System Counters
		FILE: Number of bytes read=5781
		FILE: Number of bytes written=1250254
		FILE: Number of read operations=0
		FILE: Number of large read operations=0
		FILE: Number of write operations=0
	Map-Reduce Framework
		Map input records=4
		Map output records=4
		Map output bytes=64
		Map output materialized bytes=84
		Input split bytes=361
		Combine input records=0
		Spilled Records=4
		Failed Shuffles=0
		Merged Map outputs=0
		GC time elapsed (ms)=0
		Total committed heap usage (bytes)=988807168
	HIVE
		DESERIALIZE_ERRORS=0
		RECORDS_IN=3
		RECORDS_OUT_INTERMEDIATE=4
		RECORDS_OUT_OPERATOR_MAP_0=0
		RECORDS_OUT_OPERATOR_RS_4=4
		RECORDS_OUT_OPERATOR_SEL_1=1
		RECORDS_OUT_OPERATOR_SEL_3=4
		RECORDS_OUT_OPERATOR_TS_0=1
		RECORDS_OUT_OPERATOR_UDTF_2=4
	File Input Format Counters 
		Bytes Read=5376
2024-04-24T01:08:33,317  INFO [LocalJobRunner Map Task Executor #0] mapred.LocalJobRunner: Finishing task: attempt_local294355523_0001_m_000000_0
2024-04-24T01:08:33,318  INFO [Thread-74] mapred.LocalJobRunner: map task executor complete.
2024-04-24T01:08:33,322  INFO [Thread-74] mapred.LocalJobRunner: Waiting for reduce tasks
2024-04-24T01:08:33,322  INFO [pool-8-thread-1] mapred.LocalJobRunner: Starting task: attempt_local294355523_0001_r_000000_0
2024-04-24T01:08:33,329  INFO [pool-8-thread-1] mapred.Task:  Using ResourceCalculatorProcessTree : [ ]
2024-04-24T01:08:33,331  INFO [pool-8-thread-1] mapred.ReduceTask: Using ShuffleConsumerPlugin: org.apache.hadoop.mapreduce.task.reduce.Shuffle@6b1525dc
2024-04-24T01:08:33,333  WARN [pool-8-thread-1] impl.MetricsSystemImpl: JobTracker metrics system already initialized!
2024-04-24T01:08:33,347  INFO [pool-8-thread-1] reduce.MergeManagerImpl: MergerManager: memoryLimit=1336252800, maxSingleShuffleLimit=334063200, mergeThreshold=881926912, ioSortFactor=10, memToMemMergeOutputsThreshold=10
2024-04-24T01:08:33,349  INFO [EventFetcher for fetching Map Completion Events] reduce.EventFetcher: attempt_local294355523_0001_r_000000_0 Thread started: EventFetcher for fetching Map Completion Events
2024-04-24T01:08:33,369  INFO [localfetcher#1] reduce.LocalFetcher: localfetcher#1 about to shuffle output of map attempt_local294355523_0001_m_000000_0 decomp: 20 len: 24 to MEMORY
2024-04-24T01:08:33,371  INFO [localfetcher#1] reduce.InMemoryMapOutput: Read 20 bytes from map-output for attempt_local294355523_0001_m_000000_0
2024-04-24T01:08:33,373  INFO [localfetcher#1] reduce.MergeManagerImpl: closeInMemoryFile -> map-output of size: 20, inMemoryMapOutputs.size() -> 1, commitMemory -> 0, usedMemory ->20
2024-04-24T01:08:33,374  INFO [EventFetcher for fetching Map Completion Events] reduce.EventFetcher: EventFetcher is interrupted.. Returning
2024-04-24T01:08:33,374  INFO [pool-8-thread-1] mapred.LocalJobRunner: 1 / 1 copied.
2024-04-24T01:08:33,375  INFO [pool-8-thread-1] reduce.MergeManagerImpl: finalMerge called with 1 in-memory map-outputs and 0 on-disk map-outputs
2024-04-24T01:08:33,385  INFO [pool-8-thread-1] mapred.Merger: Merging 1 sorted segments
2024-04-24T01:08:33,386  INFO [pool-8-thread-1] mapred.Merger: Down to the last merge-pass, with 1 segments left of total size: 8 bytes
2024-04-24T01:08:33,388  INFO [pool-8-thread-1] reduce.MergeManagerImpl: Merged 1 segments, 20 bytes to disk to satisfy reduce memory limit
2024-04-24T01:08:33,389  INFO [pool-8-thread-1] reduce.MergeManagerImpl: Merging 1 files, 24 bytes from disk
2024-04-24T01:08:33,389  INFO [pool-8-thread-1] reduce.MergeManagerImpl: Merging 0 segments, 0 bytes from memory into reduce
2024-04-24T01:08:33,389  INFO [pool-8-thread-1] mapred.Merger: Merging 1 sorted segments
2024-04-24T01:08:33,390  INFO [pool-8-thread-1] mapred.Merger: Down to the last merge-pass, with 1 segments left of total size: 8 bytes
2024-04-24T01:08:33,390  INFO [pool-8-thread-1] mapred.LocalJobRunner: 1 / 1 copied.
2024-04-24T01:08:33,392  INFO [pool-8-thread-1] exec.SerializationUtilities: Deserializing ReduceWork using kryo
2024-04-24T01:08:33,396  INFO [pool-8-thread-1] exec.Utilities: Deserialized plan (via FILE) - name: null size: 6,35KB
2024-04-24T01:08:33,398  INFO [pool-8-thread-1] ExecReducer: 
<SEL>Id =5
  <Children>
    <FS>Id =6
      <Children>
      <\Children>
      <Parent>Id = 5 null<\Parent>
    <\FS>
  <\Children>
  <Parent><\Parent>
<\SEL>
2024-04-24T01:08:33,399  INFO [pool-8-thread-1] exec.SelectOperator: Initializing Operator: SEL[5]
2024-04-24T01:08:33,399  INFO [pool-8-thread-1] exec.SelectOperator: SELECT struct<key:struct<reducesinkkey0:int>,value:struct<_col0:int>>
2024-04-24T01:08:33,399  INFO [pool-8-thread-1] exec.FileSinkOperator: Initializing Operator: FS[6]
2024-04-24T01:08:33,400  INFO [pool-8-thread-1] exec.FileSinkOperator: Using serializer : AbstractSerDe [log=org.apache.logging.slf4j.Log4jLogger@7c52fdfa, configuration=Optional[Configuration: core-default.xml, core-site.xml, mapred-default.xml, mapred-site.xml, yarn-default.xml, yarn-site.xml, hdfs-default.xml, hdfs-site.xml, file:/home/alex/Repositories/hive/ql/target/tmp/TestTxnCommandsWithSplitUpdateAndVectorization/mapred/local/localRunner/alex/job_local294355523_0001/job_local294355523_0001.xml], properties={name=default.nonacidorctbl, columns.types=int:int, bucket_field_name=a, serialization.format=1, columns=a,b, numFilesErasureCoded=0, columns.comments=&amp#0;, bucketing_version=2, bucket_count=2, serialization.lib=org.apache.hadoop.hive.ql.io.orc.OrcSerde, file.inputformat=org.apache.hadoop.hive.ql.io.orc.OrcInputFormat, file.outputformat=org.apache.hadoop.hive.ql.io.orc.OrcOutputFormat, location=file:/home/alex/Repositories/hive/ql/target/tmp/org.apache.hadoop.hive.ql.TestTxnCommands-1713946100941/warehouse/nonacidorctbl, column.name.delimiter=,}, tableProperties={name=default.nonacidorctbl, columns.types=int:int, bucket_field_name=a, serialization.format=1, columns=a,b, numFilesErasureCoded=0, columns.comments=&amp#0;, bucketing_version=2, bucket_count=2, serialization.lib=org.apache.hadoop.hive.ql.io.orc.OrcSerde, file.inputformat=org.apache.hadoop.hive.ql.io.orc.OrcInputFormat, location=file:/home/alex/Repositories/hive/ql/target/tmp/org.apache.hadoop.hive.ql.TestTxnCommands-1713946100941/warehouse/nonacidorctbl, file.outputformat=org.apache.hadoop.hive.ql.io.orc.OrcOutputFormat, column.name.delimiter=,}, partitionProperties=Optional.empty, columnNames=[a, b], columnTypes=[int, int], getClass()=class org.apache.hadoop.hive.ql.io.orc.OrcSerde] and formatter : org.apache.hadoop.hive.ql.io.orc.OrcOutputFormat@5b57188b
2024-04-24T01:08:33,406  INFO [pool-8-thread-1] exec.FileSinkOperator: Final Path: FS file:/home/alex/Repositories/hive/ql/target/tmp/org.apache.hadoop.hive.ql.TestTxnCommands-1713946100941/warehouse/nonacidorctbl/.hive-staging_hive_2024-04-24_01-08-29_537_8439600071604119192-1/_tmp.-ext-10000/000000_0
2024-04-24T01:08:33,406  INFO [pool-8-thread-1] exec.FileSinkOperator: Writing to temp file: FS file:/home/alex/Repositories/hive/ql/target/tmp/org.apache.hadoop.hive.ql.TestTxnCommands-1713946100941/warehouse/nonacidorctbl/.hive-staging_hive_2024-04-24_01-08-29_537_8439600071604119192-1/_task_tmp.-ext-10000/_tmp.000000_0
2024-04-24T01:08:33,406  INFO [pool-8-thread-1] exec.FileSinkOperator: New Final Path: FS file:/home/alex/Repositories/hive/ql/target/tmp/org.apache.hadoop.hive.ql.TestTxnCommands-1713946100941/warehouse/nonacidorctbl/.hive-staging_hive_2024-04-24_01-08-29_537_8439600071604119192-1/_tmp.-ext-10000/000000_0
2024-04-24T01:08:33,420  INFO [pool-8-thread-1] exec.FileSinkOperator: FS[6]: records written - 1
2024-04-24T01:08:33,433  INFO [pool-8-thread-1] impl.HadoopShimsPre2_7: Can't get KeyProvider for ORC encryption from hadoop.security.key.provider.path.
2024-04-24T01:08:33,438  INFO [pool-8-thread-1] impl.PhysicalFsWriter: ORC writer created for path: file:/home/alex/Repositories/hive/ql/target/tmp/org.apache.hadoop.hive.ql.TestTxnCommands-1713946100941/warehouse/nonacidorctbl/.hive-staging_hive_2024-04-24_01-08-29_537_8439600071604119192-1/_task_tmp.-ext-10000/_tmp.000000_0 with stripeSize: 67108864 blockSize: 268435456 compression: Compress: ZLIB buffer: 262144
2024-04-24T01:08:33,488  INFO [pool-8-thread-1] impl.WriterImpl: ORC writer created for path: file:/home/alex/Repositories/hive/ql/target/tmp/org.apache.hadoop.hive.ql.TestTxnCommands-1713946100941/warehouse/nonacidorctbl/.hive-staging_hive_2024-04-24_01-08-29_537_8439600071604119192-1/_task_tmp.-ext-10000/_tmp.000000_0 with stripeSize: 67108864 options: Compress: ZLIB buffer: 262144
2024-04-24T01:08:33,494  INFO [pool-8-thread-1] exec.SelectOperator: Closing Operator: SEL[5]
2024-04-24T01:08:33,494  INFO [pool-8-thread-1] exec.SelectOperator: RECORDS_OUT_INTERMEDIATE:0, RECORDS_OUT_OPERATOR_SEL_5:1, 
2024-04-24T01:08:33,494  INFO [pool-8-thread-1] exec.FileSinkOperator: Closing Operator: FS[6]
2024-04-24T01:08:33,494  INFO [pool-8-thread-1] exec.FileSinkOperator: FS[6]: records written - 1
2024-04-24T01:08:33,539  INFO [pool-8-thread-1] exec.FileSinkOperator: RECORDS_OUT_1_default.nonacidorctbl:1, RECORDS_OUT_INTERMEDIATE:0, TOTAL_TABLE_ROWS_WRITTEN:1, RECORDS_OUT_OPERATOR_FS_6:1, 
2024-04-24T01:08:33,540  INFO [pool-8-thread-1] mapred.Task: Task:attempt_local294355523_0001_r_000000_0 is done. And is in the process of committing
2024-04-24T01:08:33,541  INFO [pool-8-thread-1] mapred.LocalJobRunner: reduce > reduce
2024-04-24T01:08:33,541  INFO [pool-8-thread-1] mapred.Task: Task 'attempt_local294355523_0001_r_000000_0' done.
2024-04-24T01:08:33,541  INFO [pool-8-thread-1] mapred.Task: Final Counters for attempt_local294355523_0001_r_000000_0: Counters: 30
	File System Counters
		FILE: Number of bytes read=12359
		FILE: Number of bytes written=1250620
		FILE: Number of read operations=0
		FILE: Number of large read operations=0
		FILE: Number of write operations=0
	Map-Reduce Framework
		Combine input records=0
		Combine output records=0
		Reduce input groups=1
		Reduce shuffle bytes=24
		Reduce input records=1
		Reduce output records=0
		Spilled Records=1
		Shuffled Maps =1
		Failed Shuffles=0
		Merged Map outputs=1
		GC time elapsed (ms)=0
		Total committed heap usage (bytes)=988807168
	HIVE
		CREATED_FILES=1
		RECORDS_OUT_1_default.nonacidorctbl=1
		RECORDS_OUT_INTERMEDIATE=0
		RECORDS_OUT_OPERATOR_FS_6=1
		RECORDS_OUT_OPERATOR_SEL_5=1
		TOTAL_TABLE_ROWS_WRITTEN=1
	Shuffle Errors
		BAD_ID=0
		CONNECTION=0
		IO_ERROR=0
		WRONG_LENGTH=0
		WRONG_MAP=0
		WRONG_REDUCE=0
	File Output Format Counters 
		Bytes Written=0
2024-04-24T01:08:33,541  INFO [pool-8-thread-1] mapred.LocalJobRunner: Finishing task: attempt_local294355523_0001_r_000000_0
2024-04-24T01:08:33,541  INFO [pool-8-thread-1] mapred.LocalJobRunner: Starting task: attempt_local294355523_0001_r_000001_0
2024-04-24T01:08:33,542  INFO [pool-8-thread-1] mapred.Task:  Using ResourceCalculatorProcessTree : [ ]
2024-04-24T01:08:33,543  INFO [pool-8-thread-1] mapred.ReduceTask: Using ShuffleConsumerPlugin: org.apache.hadoop.mapreduce.task.reduce.Shuffle@6ca145c2
2024-04-24T01:08:33,543  WARN [pool-8-thread-1] impl.MetricsSystemImpl: JobTracker metrics system already initialized!
2024-04-24T01:08:33,544  INFO [pool-8-thread-1] reduce.MergeManagerImpl: MergerManager: memoryLimit=1336252800, maxSingleShuffleLimit=334063200, mergeThreshold=881926912, ioSortFactor=10, memToMemMergeOutputsThreshold=10
2024-04-24T01:08:33,545  INFO [EventFetcher for fetching Map Completion Events] reduce.EventFetcher: attempt_local294355523_0001_r_000001_0 Thread started: EventFetcher for fetching Map Completion Events
2024-04-24T01:08:33,548  INFO [localfetcher#2] reduce.LocalFetcher: localfetcher#2 about to shuffle output of map attempt_local294355523_0001_m_000000_0 decomp: 56 len: 60 to MEMORY
2024-04-24T01:08:33,549  INFO [localfetcher#2] reduce.InMemoryMapOutput: Read 56 bytes from map-output for attempt_local294355523_0001_m_000000_0
2024-04-24T01:08:33,549  INFO [localfetcher#2] reduce.MergeManagerImpl: closeInMemoryFile -> map-output of size: 56, inMemoryMapOutputs.size() -> 1, commitMemory -> 0, usedMemory ->56
2024-04-24T01:08:33,549  INFO [EventFetcher for fetching Map Completion Events] reduce.EventFetcher: EventFetcher is interrupted.. Returning
2024-04-24T01:08:33,550  INFO [pool-8-thread-1] mapred.LocalJobRunner: 1 / 1 copied.
2024-04-24T01:08:33,550  INFO [pool-8-thread-1] reduce.MergeManagerImpl: finalMerge called with 1 in-memory map-outputs and 0 on-disk map-outputs
2024-04-24T01:08:33,557  INFO [pool-8-thread-1] mapred.Merger: Merging 1 sorted segments
2024-04-24T01:08:33,557  INFO [pool-8-thread-1] mapred.Merger: Down to the last merge-pass, with 1 segments left of total size: 44 bytes
2024-04-24T01:08:33,560  INFO [pool-8-thread-1] reduce.MergeManagerImpl: Merged 1 segments, 56 bytes to disk to satisfy reduce memory limit
2024-04-24T01:08:33,560  INFO [pool-8-thread-1] reduce.MergeManagerImpl: Merging 1 files, 60 bytes from disk
2024-04-24T01:08:33,560  INFO [pool-8-thread-1] reduce.MergeManagerImpl: Merging 0 segments, 0 bytes from memory into reduce
2024-04-24T01:08:33,560  INFO [pool-8-thread-1] mapred.Merger: Merging 1 sorted segments
2024-04-24T01:08:33,560  INFO [pool-8-thread-1] mapred.Merger: Down to the last merge-pass, with 1 segments left of total size: 44 bytes
2024-04-24T01:08:33,561  INFO [pool-8-thread-1] mapred.LocalJobRunner: 1 / 1 copied.
2024-04-24T01:08:33,562  INFO [pool-8-thread-1] exec.SerializationUtilities: Deserializing ReduceWork using kryo
2024-04-24T01:08:33,564  INFO [pool-8-thread-1] exec.Utilities: Deserialized plan (via FILE) - name: null size: 6,35KB
2024-04-24T01:08:33,566  INFO [pool-8-thread-1] ExecReducer: 
<SEL>Id =5
  <Children>
    <FS>Id =6
      <Children>
      <\Children>
      <Parent>Id = 5 null<\Parent>
    <\FS>
  <\Children>
  <Parent><\Parent>
<\SEL>
2024-04-24T01:08:33,566  INFO [pool-8-thread-1] exec.SelectOperator: Initializing Operator: SEL[5]
2024-04-24T01:08:33,566  INFO [pool-8-thread-1] exec.SelectOperator: SELECT struct<key:struct<reducesinkkey0:int>,value:struct<_col0:int>>
2024-04-24T01:08:33,566  INFO [pool-8-thread-1] exec.FileSinkOperator: Initializing Operator: FS[6]
2024-04-24T01:08:33,567  INFO [pool-8-thread-1] exec.FileSinkOperator: Using serializer : AbstractSerDe [log=org.apache.logging.slf4j.Log4jLogger@7c52fdfa, configuration=Optional[Configuration: core-default.xml, core-site.xml, mapred-default.xml, mapred-site.xml, yarn-default.xml, yarn-site.xml, hdfs-default.xml, hdfs-site.xml, file:/home/alex/Repositories/hive/ql/target/tmp/TestTxnCommandsWithSplitUpdateAndVectorization/mapred/local/localRunner/alex/job_local294355523_0001/job_local294355523_0001.xml], properties={name=default.nonacidorctbl, columns.types=int:int, bucket_field_name=a, serialization.format=1, columns=a,b, numFilesErasureCoded=0, columns.comments=&amp#0;, bucketing_version=2, bucket_count=2, serialization.lib=org.apache.hadoop.hive.ql.io.orc.OrcSerde, file.inputformat=org.apache.hadoop.hive.ql.io.orc.OrcInputFormat, file.outputformat=org.apache.hadoop.hive.ql.io.orc.OrcOutputFormat, location=file:/home/alex/Repositories/hive/ql/target/tmp/org.apache.hadoop.hive.ql.TestTxnCommands-1713946100941/warehouse/nonacidorctbl, column.name.delimiter=,}, tableProperties={name=default.nonacidorctbl, columns.types=int:int, bucket_field_name=a, serialization.format=1, columns=a,b, numFilesErasureCoded=0, columns.comments=&amp#0;, bucketing_version=2, bucket_count=2, serialization.lib=org.apache.hadoop.hive.ql.io.orc.OrcSerde, file.inputformat=org.apache.hadoop.hive.ql.io.orc.OrcInputFormat, location=file:/home/alex/Repositories/hive/ql/target/tmp/org.apache.hadoop.hive.ql.TestTxnCommands-1713946100941/warehouse/nonacidorctbl, file.outputformat=org.apache.hadoop.hive.ql.io.orc.OrcOutputFormat, column.name.delimiter=,}, partitionProperties=Optional.empty, columnNames=[a, b], columnTypes=[int, int], getClass()=class org.apache.hadoop.hive.ql.io.orc.OrcSerde] and formatter : org.apache.hadoop.hive.ql.io.orc.OrcOutputFormat@70145b34
2024-04-24T01:08:33,568  INFO [pool-8-thread-1] exec.FileSinkOperator: Final Path: FS file:/home/alex/Repositories/hive/ql/target/tmp/org.apache.hadoop.hive.ql.TestTxnCommands-1713946100941/warehouse/nonacidorctbl/.hive-staging_hive_2024-04-24_01-08-29_537_8439600071604119192-1/_tmp.-ext-10000/000001_0
2024-04-24T01:08:33,568  INFO [pool-8-thread-1] exec.FileSinkOperator: Writing to temp file: FS file:/home/alex/Repositories/hive/ql/target/tmp/org.apache.hadoop.hive.ql.TestTxnCommands-1713946100941/warehouse/nonacidorctbl/.hive-staging_hive_2024-04-24_01-08-29_537_8439600071604119192-1/_task_tmp.-ext-10000/_tmp.000001_0
2024-04-24T01:08:33,568  INFO [pool-8-thread-1] exec.FileSinkOperator: New Final Path: FS file:/home/alex/Repositories/hive/ql/target/tmp/org.apache.hadoop.hive.ql.TestTxnCommands-1713946100941/warehouse/nonacidorctbl/.hive-staging_hive_2024-04-24_01-08-29_537_8439600071604119192-1/_tmp.-ext-10000/000001_0
2024-04-24T01:08:33,569  INFO [pool-8-thread-1] exec.FileSinkOperator: FS[6]: records written - 1
2024-04-24T01:08:33,569  INFO [pool-8-thread-1] impl.PhysicalFsWriter: ORC writer created for path: file:/home/alex/Repositories/hive/ql/target/tmp/org.apache.hadoop.hive.ql.TestTxnCommands-1713946100941/warehouse/nonacidorctbl/.hive-staging_hive_2024-04-24_01-08-29_537_8439600071604119192-1/_task_tmp.-ext-10000/_tmp.000001_0 with stripeSize: 67108864 blockSize: 268435456 compression: Compress: ZLIB buffer: 262144
2024-04-24T01:08:33,575  INFO [pool-8-thread-1] impl.WriterImpl: ORC writer created for path: file:/home/alex/Repositories/hive/ql/target/tmp/org.apache.hadoop.hive.ql.TestTxnCommands-1713946100941/warehouse/nonacidorctbl/.hive-staging_hive_2024-04-24_01-08-29_537_8439600071604119192-1/_task_tmp.-ext-10000/_tmp.000001_0 with stripeSize: 67108864 options: Compress: ZLIB buffer: 262144
2024-04-24T01:08:33,576  INFO [pool-8-thread-1] exec.SelectOperator: Closing Operator: SEL[5]
2024-04-24T01:08:33,576  INFO [pool-8-thread-1] exec.SelectOperator: RECORDS_OUT_INTERMEDIATE:0, RECORDS_OUT_OPERATOR_SEL_5:3, 
2024-04-24T01:08:33,576  INFO [pool-8-thread-1] exec.FileSinkOperator: Closing Operator: FS[6]
2024-04-24T01:08:33,576  INFO [pool-8-thread-1] exec.FileSinkOperator: FS[6]: records written - 3
2024-04-24T01:08:33,584  INFO [pool-8-thread-1] exec.FileSinkOperator: RECORDS_OUT_OPERATOR_FS_6:3, TOTAL_TABLE_ROWS_WRITTEN:3, RECORDS_OUT_1_default.nonacidorctbl:3, RECORDS_OUT_INTERMEDIATE:0, 
2024-04-24T01:08:33,584  INFO [pool-8-thread-1] mapred.Task: Task:attempt_local294355523_0001_r_000001_0 is done. And is in the process of committing
2024-04-24T01:08:33,585  INFO [pool-8-thread-1] mapred.LocalJobRunner: reduce > reduce
2024-04-24T01:08:33,585  INFO [pool-8-thread-1] mapred.Task: Task 'attempt_local294355523_0001_r_000001_0' done.
2024-04-24T01:08:33,586  INFO [pool-8-thread-1] mapred.Task: Final Counters for attempt_local294355523_0001_r_000001_0: Counters: 30
	File System Counters
		FILE: Number of bytes read=18949
		FILE: Number of bytes written=1251039
		FILE: Number of read operations=0
		FILE: Number of large read operations=0
		FILE: Number of write operations=0
	Map-Reduce Framework
		Combine input records=0
		Combine output records=0
		Reduce input groups=3
		Reduce shuffle bytes=60
		Reduce input records=3
		Reduce output records=0
		Spilled Records=3
		Shuffled Maps =1
		Failed Shuffles=0
		Merged Map outputs=1
		GC time elapsed (ms)=0
		Total committed heap usage (bytes)=988807168
	HIVE
		CREATED_FILES=1
		RECORDS_OUT_1_default.nonacidorctbl=3
		RECORDS_OUT_INTERMEDIATE=0
		RECORDS_OUT_OPERATOR_FS_6=3
		RECORDS_OUT_OPERATOR_SEL_5=3
		TOTAL_TABLE_ROWS_WRITTEN=3
	Shuffle Errors
		BAD_ID=0
		CONNECTION=0
		IO_ERROR=0
		WRONG_LENGTH=0
		WRONG_MAP=0
		WRONG_REDUCE=0
	File Output Format Counters 
		Bytes Written=0
2024-04-24T01:08:33,586  INFO [pool-8-thread-1] mapred.LocalJobRunner: Finishing task: attempt_local294355523_0001_r_000001_0
2024-04-24T01:08:33,586  INFO [Thread-74] mapred.LocalJobRunner: reduce task executor complete.
2024-04-24 01:08:34,152 Stage-1 map = 100%,  reduce = 100%
2024-04-24T01:08:34,153  INFO [main] exec.Task: 2024-04-24 01:08:34,152 Stage-1 map = 100%,  reduce = 100%
Ended Job = job_local294355523_0001
2024-04-24T01:08:34,158  INFO [main] exec.Task: Ended Job = job_local294355523_0001
2024-04-24T01:08:34,194  INFO [main] ql.Driver: Starting task [Stage-0:MOVE] in serial mode
Loading data to table default.nonacidorctbl
2024-04-24T01:08:34,195  INFO [main] exec.Task: Loading data to table default.nonacidorctbl from file:/home/alex/Repositories/hive/ql/target/tmp/org.apache.hadoop.hive.ql.TestTxnCommands-1713946100941/warehouse/nonacidorctbl/.hive-staging_hive_2024-04-24_01-08-29_537_8439600071604119192-1/-ext-10000
2024-04-24T01:08:34,196  INFO [main] HiveMetaStore.audit: ugi=alex	ip=unknown-ip-addr	cmd=get_table : tbl=hive.default.nonacidorctbl	
2024-04-24T01:08:34,210  INFO [main] metastore.HMSHandler: Skipping translation for processor with null
2024-04-24T01:08:34,211  INFO [main] HiveMetaStore.audit: ugi=alex	ip=unknown-ip-addr	cmd=get_table : tbl=hive.default.nonacidorctbl	
2024-04-24T01:08:34,225  INFO [main] metastore.HMSHandler: Skipping translation for processor with null
2024-04-24T01:08:34,235  WARN [main] metadata.Hive: Cannot get a table snapshot for nonacidorctbl
2024-04-24T01:08:34,235  INFO [main] HiveMetaStore.audit: ugi=alex	ip=unknown-ip-addr	cmd=alter_table: hive.default.nonacidorctbl newtbl=nonacidorctbl	
2024-04-24T01:08:34,294  INFO [main] ql.Driver: Starting task [Stage-2:STATS] in serial mode
2024-04-24T01:08:34,294  INFO [main] HiveMetaStore.audit: ugi=alex	ip=unknown-ip-addr	cmd=get_table : tbl=hive.default.nonacidorctbl	
2024-04-24T01:08:34,309  INFO [main] metastore.HMSHandler: Skipping translation for processor with null
2024-04-24T01:08:34,309  INFO [main] stats.BasicStatsTask: Executing stats task
2024-04-24T01:08:34,310  INFO [main] fs.FSStatsPublisher: created : file:/home/alex/Repositories/hive/ql/target/tmp/localscratchdir/c86edbf2-6297-4b58-9930-64169b5912a4/hive_2024-04-24_01-08-29_537_8439600071604119192-1/-mr-10001
2024-04-24T01:08:34,314  INFO [main] HiveMetaStore.audit: ugi=alex	ip=unknown-ip-addr	cmd=get_table : tbl=hive.default.nonacidorctbl	
2024-04-24T01:08:34,332  INFO [main] metastore.HMSHandler: Skipping translation for processor with null
2024-04-24T01:08:34,334  INFO [main] FileOperations: Read stats for default.nonacidorctbl/, numRows, true, 4, false: 
2024-04-24T01:08:34,334  INFO [main] FileOperations: Read stats for default.nonacidorctbl/, rawDataSize, true, 32, false: 
2024-04-24T01:08:34,335  WARN [main] metadata.Hive: Cannot get a table snapshot for nonacidorctbl
2024-04-24T01:08:34,335  INFO [main] HiveMetaStore.audit: ugi=alex	ip=unknown-ip-addr	cmd=alter_table: hive.default.nonacidorctbl newtbl=nonacidorctbl	
2024-04-24T01:08:34,382  INFO [main] stats.BasicStatsTask: Table default.nonacidorctbl stats: [numFiles=2, numRows=4, totalSize=499, rawDataSize=32, numFilesErasureCoded=0]
2024-04-24T01:08:34,383  INFO [main] metadata.Hive: Dumping metastore api call timing information for : execution phase
2024-04-24T01:08:34,383  INFO [main] metadata.Hive: Total time spent in each metastore function (ms): {getTable_(GetTableRequest)=62, isCompatibleWith_(Configuration)=0, alter_table_(String, String, String, Table, EnvironmentContext, String)=102}
MapReduce Jobs Launched: 
2024-04-24T01:08:34,383  INFO [main] ql.Driver: MapReduce Jobs Launched: 
Stage-Stage-1:  HDFS Read: 0 HDFS Write: 0 SUCCESS
2024-04-24T01:08:34,390  INFO [main] ql.Driver: Stage-Stage-1:  HDFS Read: 0 HDFS Write: 0 SUCCESS
Total MapReduce CPU Time Spent: 0 msec
2024-04-24T01:08:34,390  INFO [main] ql.Driver: Total MapReduce CPU Time Spent: 0 msec
2024-04-24T01:08:34,390  INFO [main] ql.Driver: Completed executing command(queryId=alex_20240424010829_41bb9cab-2cd7-4d33-af44-585bd421ecd0); Time taken: 2.028 seconds
2024-04-24T01:08:34,390  INFO [main] lockmgr.DbTxnManager: Stopped heartbeat for query: alex_20240424010829_41bb9cab-2cd7-4d33-af44-585bd421ecd0
2024-04-24T01:08:34,395  INFO [main] txn.TxnHandler: Expected to move at least one record from txn_components to completed_txn_components when committing txn! txnid:13
2024-04-24T01:08:34,404  INFO [main] txn.TxnHandler: Removed transactions: ([13]) from MIN_HISTORY_LEVEL
2024-04-24T01:08:34,405  WARN [main] txn.CompactionTxnHandler: No compaction queue record found for Compaction type transaction commit. txnId:13
2024-04-24T01:08:34,406  INFO [main] ql.TxnCommandsBaseForTests: Running the query: insert into acidTbl  values(2,1),(4,3),(5,6),(7,8)
2024-04-24T01:08:34,407  INFO [main] ql.Context: Deleting scratch dir: file:/home/alex/Repositories/hive/ql/target/tmp/localscratchdir/c86edbf2-6297-4b58-9930-64169b5912a4/hive_2024-04-24_01-08-29_537_8439600071604119192-1
2024-04-24T01:08:34,407  INFO [main] cleanup.SyncCleanupService: Deleted directory: file:/home/alex/Repositories/hive/ql/target/tmp/localscratchdir/c86edbf2-6297-4b58-9930-64169b5912a4/hive_2024-04-24_01-08-29_537_8439600071604119192-1 on fs with scheme file
2024-04-24T01:08:34,408  INFO [main] ql.Context: Deleting scratch dir: file:/home/alex/Repositories/hive/ql/target/tmp/org.apache.hadoop.hive.ql.TestTxnCommands-1713946100941/warehouse/nonacidorctbl/.hive-staging_hive_2024-04-24_01-08-29_537_8439600071604119192-1
2024-04-24T01:08:34,408  INFO [main] cleanup.SyncCleanupService: Deleted directory: file:/home/alex/Repositories/hive/ql/target/tmp/org.apache.hadoop.hive.ql.TestTxnCommands-1713946100941/warehouse/nonacidorctbl/.hive-staging_hive_2024-04-24_01-08-29_537_8439600071604119192-1 on fs with scheme file
2024-04-24T01:08:34,408  INFO [main] ql.Driver: Compiling command(queryId=alex_20240424010834_16ebfa36-7df9-471f-94e8-b2f12e4e054d): insert into acidTbl  values(2,1),(4,3),(5,6),(7,8)
2024-04-24T01:08:34,420  INFO [main] txn.TxnHandler: Added entries to MIN_HISTORY_LEVEL for current txns: ([14]) with min_open_txn: 14
2024-04-24T01:08:34,421  INFO [main] lockmgr.DbTxnManager: Opened txnid:14
2024-04-24T01:08:34,424  INFO [main] parse.CalcitePlanner: Starting caching scope for: 
2024-04-24T01:08:34,424  INFO [main] parse.CalcitePlanner: Starting Semantic Analysis
2024-04-24T01:08:34,428  INFO [main] HiveMetaStore.audit: ugi=alex	ip=unknown-ip-addr	cmd=get_table : tbl=hive.default.acidTbl	
2024-04-24T01:08:34,438  INFO [main] metastore.HMSHandler: Skipping translation for processor with null
2024-04-24T01:08:34,438  INFO [main] parse.CalcitePlanner: Completed phase 1 of Semantic Analysis
2024-04-24T01:08:34,438  INFO [main] parse.CalcitePlanner: Get metadata for source tables
2024-04-24T01:08:34,438  INFO [main] parse.CalcitePlanner: Get metadata for subqueries
2024-04-24T01:08:34,438  INFO [main] parse.CalcitePlanner: Get metadata for destination tables
2024-04-24T01:08:34,438  INFO [main] HiveMetaStore.audit: ugi=alex	ip=unknown-ip-addr	cmd=get_table : tbl=hive.default.acidTbl	
2024-04-24T01:08:34,449  INFO [main] metastore.HMSHandler: Skipping translation for processor with null
2024-04-24T01:08:34,449  INFO [main] parse.CalcitePlanner: Completed getting MetaData in Semantic Analysis
2024-04-24T01:08:34,449  INFO [main] parse.CalcitePlanner: Disabling LLAP IO encode as ETL query is detected
2024-04-24T01:08:34,473  INFO [main] HiveMetaStore.audit: ugi=alex	ip=unknown-ip-addr	cmd=get_all_table_constraints : tbl=hive._dummy_database._dummy_table	
2024-04-24T01:08:34,611  INFO [main] parse.CalcitePlanner: Get metadata for source tables
2024-04-24T01:08:34,611  INFO [main] parse.CalcitePlanner: Get metadata for subqueries
2024-04-24T01:08:34,611  INFO [main] parse.CalcitePlanner: Get metadata for source tables
2024-04-24T01:08:34,612  INFO [main] HiveMetaStore.audit: ugi=alex	ip=unknown-ip-addr	cmd=get_table : tbl=hive._dummy_database._dummy_table	
2024-04-24T01:08:34,615  INFO [main] parse.CalcitePlanner: Get metadata for subqueries
2024-04-24T01:08:34,615  INFO [main] parse.CalcitePlanner: Get metadata for destination tables
2024-04-24T01:08:34,615  INFO [main] parse.CalcitePlanner: Get metadata for destination tables
2024-04-24T01:08:34,615  INFO [main] HiveMetaStore.audit: ugi=alex	ip=unknown-ip-addr	cmd=get_table : tbl=hive.default.acidTbl	
2024-04-24T01:08:34,626  INFO [main] metastore.HMSHandler: Skipping translation for processor with null
2024-04-24T01:08:34,629  INFO [main] HiveMetaStore.audit: ugi=alex	ip=unknown-ip-addr	cmd=get_not_null_constraints : tbl=hive.default.acidtbl	
2024-04-24T01:08:34,631  INFO [main] HiveMetaStore.audit: ugi=alex	ip=unknown-ip-addr	cmd=get_check_constraints : tbl=hive.default.acidtbl	
2024-04-24T01:08:34,643  INFO [main] txn.TxnHandler: Allocated writeId: 1 for txnId: 14
2024-04-24T01:08:34,644  INFO [main] txn.TxnHandler: Allocated write ids for dbName=default, tblName=acidtbl (txnIds: [14])
2024-04-24T01:08:34,647  INFO [main] parse.CalcitePlanner: CBO Succeeded; optimized logical plan.
2024-04-24T01:08:34,651  INFO [main] optimizer.ColumnPrunerProcFactory: RS 4 oldColExprMap: {VALUE._col0=Column[_col1], KEY.reducesinkkey0=Column[_col0]}
2024-04-24T01:08:34,651  INFO [main] optimizer.ColumnPrunerProcFactory: RS 4 newColExprMap: {VALUE._col0=Column[_col1], KEY.reducesinkkey0=Column[_col0]}
2024-04-24T01:08:34,652  INFO [main] optimizer.BucketVersionPopulator: not considering bucketingVersion for: TS[0] because it has -1<2 buckets 
2024-04-24T01:08:34,653  INFO [main] optimizer.SortedDynPartitionOptimizer: Sorted dynamic partitioning optimization kicked in..
2024-04-24T01:08:34,663  INFO [main] HiveMetaStore.audit: ugi=alex	ip=unknown-ip-addr	cmd=get_table : tbl=hive.default.acidtbl	
2024-04-24T01:08:34,676  INFO [main] metastore.HMSHandler: Skipping translation for processor with null
2024-04-24T01:08:34,676  INFO [main] physical.Vectorizer: Examining input format to see if vectorization is enabled.
2024-04-24T01:08:34,677  INFO [main] physical.Vectorizer: Map vectorization enabled: false
2024-04-24T01:08:34,677  INFO [main] physical.Vectorizer: Map vectorized: false
2024-04-24T01:08:34,677  INFO [main] physical.Vectorizer: Map vectorizedVertexNum: 0
2024-04-24T01:08:34,677  INFO [main] physical.Vectorizer: Map enabledConditionsMet: [hive.vectorized.use.vectorized.input.format IS true]
2024-04-24T01:08:34,677  INFO [main] physical.Vectorizer: Map enabledConditionsNotMet: [Could not enable vectorization due to partition column names size 1 is greater than the number of table column names size 0 IS false]
2024-04-24T01:08:34,677  INFO [main] physical.Vectorizer: Map inputFileFormatClassNameSet: [org.apache.hadoop.hive.ql.io.NullRowsInputFormat]
2024-04-24T01:08:34,677  INFO [main] physical.Vectorizer: Reduce vectorization enabled: false
2024-04-24T01:08:34,677  INFO [main] physical.Vectorizer: Reduce vectorized: false
2024-04-24T01:08:34,677  INFO [main] physical.Vectorizer: Reduce vectorizedVertexNum: 1
2024-04-24T01:08:34,677  INFO [main] physical.Vectorizer: Reducer hive.vectorized.execution.reduce.enabled: true
2024-04-24T01:08:34,677  INFO [main] physical.Vectorizer: Reducer engine: mr
2024-04-24T01:08:34,677  INFO [main] parse.CalcitePlanner: Completed plan generation
2024-04-24T01:08:34,677  INFO [main] parse.CalcitePlanner: Ending caching scope for: 
2024-04-24T01:08:34,677  INFO [main] ql.Driver: Semantic Analysis Completed (retrial = false)
2024-04-24T01:08:34,677  INFO [main] ql.Driver: Created Hive schema: Schema(fieldSchemas:[FieldSchema(name:col1, type:int, comment:null), FieldSchema(name:col2, type:int, comment:null)], properties:null)
2024-04-24T01:08:34,677  INFO [main] metadata.Hive: Dumping metastore api call timing information for : compilation phase
2024-04-24T01:08:34,678  INFO [main] metadata.Hive: Total time spent in each metastore function (ms): {isCompatibleWith_(Configuration)=1, getCheckConstraints_(CheckConstraintsRequest)=2, getAllTableConstraints_(AllTableConstraintsRequest)=7, getValidTxns_(long)=3, getTable_(GetTableRequest)=45, allocateTableWriteId_(long, String, String)=13, getValidWriteIds_(List, String)=4, openTxn_(String, TxnType)=11, commitTxn_(CommitTxnRequest)=16, flushCache_()=0, getNotNullConstraints_(NotNullConstraintsRequest)=1}
2024-04-24T01:08:34,678  INFO [main] ql.Driver: Completed compiling command(queryId=alex_20240424010834_16ebfa36-7df9-471f-94e8-b2f12e4e054d); Time taken: 0.269 seconds
2024-04-24T01:08:34,679  INFO [main] lockmgr.DbTxnManager: Setting lock request transaction to txnid:14 for queryId=alex_20240424010834_16ebfa36-7df9-471f-94e8-b2f12e4e054d
2024-04-24T01:08:34,679  INFO [main] lockmgr.DbLockManager: Requesting lock for queryId=alex_20240424010834_16ebfa36-7df9-471f-94e8-b2f12e4e054d
2024-04-24T01:08:34,703  INFO [main] lockmgr.DbLockManager: Response to queryId=alex_20240424010834_16ebfa36-7df9-471f-94e8-b2f12e4e054d LockResponse(lockid:8, state:ACQUIRED)
2024-04-24T01:08:34,703  INFO [main] ql.Driver: Operation QUERY obtained 1 locks
2024-04-24T01:08:34,707  INFO [main] ql.Driver: Executing command(queryId=alex_20240424010834_16ebfa36-7df9-471f-94e8-b2f12e4e054d): insert into acidTbl  values(2,1),(4,3),(5,6),(7,8)
2024-04-24T01:08:34,707  WARN [main] ql.Driver: Hive-on-MR is deprecated in Hive 2 and may not be available in the future versions. Consider using a different execution engine (i.e. spark, tez) or using Hive 1.X releases.
Query ID = alex_20240424010834_16ebfa36-7df9-471f-94e8-b2f12e4e054d
2024-04-24T01:08:34,707  INFO [main] ql.Driver: Query ID = alex_20240424010834_16ebfa36-7df9-471f-94e8-b2f12e4e054d
Total jobs = 1
2024-04-24T01:08:34,707  INFO [main] ql.Driver: Total jobs = 1
Launching Job 1 out of 1
2024-04-24T01:08:34,707  INFO [main] ql.Driver: Launching Job 1 out of 1
2024-04-24T01:08:34,837  INFO [main] ql.Driver: Starting task [Stage-1:MAPRED] in serial mode
Number of reduce tasks determined at compile time: 2
2024-04-24T01:08:34,837  INFO [main] exec.Task: Number of reduce tasks determined at compile time: 2
In order to change the average load for a reducer (in bytes):
2024-04-24T01:08:34,837  INFO [main] exec.Task: In order to change the average load for a reducer (in bytes):
  set hive.exec.reducers.bytes.per.reducer=<number>
2024-04-24T01:08:34,837  INFO [main] exec.Task:   set hive.exec.reducers.bytes.per.reducer=<number>
In order to limit the maximum number of reducers:
2024-04-24T01:08:34,837  INFO [main] exec.Task: In order to limit the maximum number of reducers:
  set hive.exec.reducers.max=<number>
2024-04-24T01:08:34,837  INFO [main] exec.Task:   set hive.exec.reducers.max=<number>
In order to set a constant number of reducers:
2024-04-24T01:08:34,837  INFO [main] exec.Task: In order to set a constant number of reducers:
  set mapreduce.job.reduces=<number>
2024-04-24T01:08:34,838  INFO [main] exec.Task:   set mapreduce.job.reduces=<number>
2024-04-24T01:08:34,840  INFO [main] mr.ExecDriver: Using org.apache.hadoop.hive.ql.io.HiveInputFormat
2024-04-24T01:08:34,840  INFO [main] exec.Utilities: Processing alias $hdt$_0:_dummy_table
2024-04-24T01:08:34,840  INFO [main] exec.Utilities: Adding 1 inputs; the first input is file:/home/alex/Repositories/hive/ql/target/tmp/localscratchdir/c86edbf2-6297-4b58-9930-64169b5912a4/hive_2024-04-24_01-08-34_408_7662058732542539129-1/dummy_path
2024-04-24T01:08:34,850  INFO [main] exec.SerializationUtilities: Serializing MapWork using kryo
2024-04-24T01:08:34,852  INFO [main] exec.Utilities: Serialized plan (via FILE) - name: null size: 5,35KB
2024-04-24T01:08:34,857  INFO [main] exec.SerializationUtilities: Serializing ReduceWork using kryo
2024-04-24T01:08:34,867  INFO [main] exec.Utilities: Serialized plan (via FILE) - name: null size: 5,96KB
2024-04-24T01:08:34,868  WARN [main] impl.MetricsSystemImpl: JobTracker metrics system already initialized!
2024-04-24T01:08:34,873  INFO [main] fs.FSStatsPublisher: created : file:/home/alex/Repositories/hive/ql/target/tmp/localscratchdir/c86edbf2-6297-4b58-9930-64169b5912a4/hive_2024-04-24_01-08-34_408_7662058732542539129-1/-mr-10000
2024-04-24T01:08:34,875  WARN [main] impl.MetricsSystemImpl: JobTracker metrics system already initialized!
2024-04-24T01:08:34,883  WARN [main] mapreduce.JobResourceUploader: Hadoop command-line option parsing not performed. Implement the Tool interface and execute your application with ToolRunner to remedy this.
2024-04-24T01:08:34,887  WARN [main] mapreduce.JobResourceUploader: No job jar file set.  User classes may not be found. See Job or Job#setJar(String).
2024-04-24T01:08:34,889  INFO [main] io.HiveInputFormat: hive.io.file.readcolumn.ids = 
2024-04-24T01:08:34,889  INFO [main] io.HiveInputFormat: hive.io.file.readcolumn.names = 
2024-04-24T01:08:34,889  INFO [main] io.HiveInputFormat: Generating splits for dirs: file:/home/alex/Repositories/hive/ql/target/tmp/localscratchdir/c86edbf2-6297-4b58-9930-64169b5912a4/hive_2024-04-24_01-08-34_408_7662058732542539129-1/dummy_path
2024-04-24T01:08:34,889  INFO [main] io.HiveInputFormat: number of splits 1
2024-04-24T01:08:34,908  INFO [main] mapreduce.JobSubmitter: number of splits:1
2024-04-24T01:08:34,931  INFO [main] mapreduce.JobSubmitter: Submitting tokens for job: job_local1354460494_0002
2024-04-24T01:08:34,931  INFO [main] mapreduce.JobSubmitter: Executing with tokens: []
2024-04-24T01:08:35,036  INFO [main] mapreduce.Job: The url to track the job: http://localhost:8080/
Job running in-process (local Hadoop)
2024-04-24T01:08:35,037  INFO [main] exec.Task: Job running in-process (local Hadoop)
2024-04-24T01:08:35,037  INFO [Thread-139] mapred.LocalJobRunner: OutputCommitter set in config org.apache.hadoop.hive.ql.io.HiveFileFormatUtils$NullOutputCommitter
2024-04-24T01:08:35,037  INFO [Thread-139] mapred.LocalJobRunner: OutputCommitter is org.apache.hadoop.hive.ql.io.HiveFileFormatUtils$NullOutputCommitter
2024-04-24T01:08:35,038  INFO [Thread-139] mapred.LocalJobRunner: Waiting for map tasks
2024-04-24T01:08:35,038  INFO [LocalJobRunner Map Task Executor #0] mapred.LocalJobRunner: Starting task: attempt_local1354460494_0002_m_000000_0
2024-04-24T01:08:35,039  INFO [LocalJobRunner Map Task Executor #0] mapred.Task:  Using ResourceCalculatorProcessTree : [ ]
2024-04-24T01:08:35,040  INFO [LocalJobRunner Map Task Executor #0] mapred.MapTask: Processing split: org.apache.hadoop.hive.ql.io.NullRowsInputFormat:file:/home/alex/Repositories/hive/ql/target/tmp/localscratchdir/c86edbf2-6297-4b58-9930-64169b5912a4/hive_2024-04-24_01-08-34_408_7662058732542539129-1/dummy_path/null:0+1
2024-04-24T01:08:35,041  INFO [LocalJobRunner Map Task Executor #0] exec.SerializationUtilities: Deserializing MapWork using kryo
2024-04-24T01:08:35,042  INFO [LocalJobRunner Map Task Executor #0] exec.Utilities: Deserialized plan (via FILE) - name: null size: 5,35KB
2024-04-24T01:08:35,043  INFO [LocalJobRunner Map Task Executor #0] mapred.MapTask: numReduceTasks: 2
2024-04-24T01:08:35,047  INFO [LocalJobRunner Map Task Executor #0] mapred.MapTask: (EQUATOR) 0 kvi 26214396(104857584)
2024-04-24T01:08:35,047  INFO [LocalJobRunner Map Task Executor #0] mapred.MapTask: mapreduce.task.io.sort.mb: 100
2024-04-24T01:08:35,047  INFO [LocalJobRunner Map Task Executor #0] mapred.MapTask: soft limit at 83886080
2024-04-24T01:08:35,047  INFO [LocalJobRunner Map Task Executor #0] mapred.MapTask: bufstart = 0; bufvoid = 104857600
2024-04-24T01:08:35,047  INFO [LocalJobRunner Map Task Executor #0] mapred.MapTask: kvstart = 26214396; length = 6553600
2024-04-24T01:08:35,048  INFO [LocalJobRunner Map Task Executor #0] mapred.MapTask: Map output collector class = org.apache.hadoop.mapred.MapTask$MapOutputBuffer
2024-04-24T01:08:35,048  INFO [LocalJobRunner Map Task Executor #0] exec.MapOperator: Initializing Operator: MAP[0]
2024-04-24T01:08:35,049  INFO [LocalJobRunner Map Task Executor #0] mr.ExecMapper: 
<MAP>Id =0
  <Children>null
  <\Children>
  <Parent><\Parent>
<\MAP>
2024-04-24T01:08:35,049  INFO [LocalJobRunner Map Task Executor #0] exec.TableScanOperator: Initializing Operator: TS[0]
2024-04-24T01:08:35,049  INFO [LocalJobRunner Map Task Executor #0] exec.SelectOperator: Initializing Operator: SEL[1]
2024-04-24T01:08:35,050  INFO [LocalJobRunner Map Task Executor #0] exec.SelectOperator: SELECT null
2024-04-24T01:08:35,050  INFO [LocalJobRunner Map Task Executor #0] exec.UDTFOperator: Initializing Operator: UDTF[2]
2024-04-24T01:08:35,050  INFO [LocalJobRunner Map Task Executor #0] exec.SelectOperator: Initializing Operator: SEL[3]
2024-04-24T01:08:35,050  INFO [LocalJobRunner Map Task Executor #0] exec.SelectOperator: SELECT struct<col1:int,col2:int>
2024-04-24T01:08:35,050  INFO [LocalJobRunner Map Task Executor #0] exec.ReduceSinkOperator: Initializing Operator: RS[4]
2024-04-24T01:08:35,050  INFO [LocalJobRunner Map Task Executor #0] exec.ReduceSinkOperator: Using tag = -1
2024-04-24T01:08:35,051  INFO [LocalJobRunner Map Task Executor #0] exec.ReduceSinkOperator: keys are [reducesinkkey0] num distributions: 1
2024-04-24T01:08:35,051  INFO [LocalJobRunner Map Task Executor #0] exec.ReduceSinkOperator: RS[4]: records written - 1
2024-04-24T01:08:35,051  INFO [LocalJobRunner Map Task Executor #0] exec.MapOperator: MAP[0]: records read - 1
2024-04-24T01:08:35,051  INFO [LocalJobRunner Map Task Executor #0] exec.MapOperator: Closing Operator: MAP[0]
2024-04-24T01:08:35,051  INFO [LocalJobRunner Map Task Executor #0] exec.MapOperator: MAP[0]: Total records read - 3. abort - false
2024-04-24T01:08:35,051  INFO [LocalJobRunner Map Task Executor #0] exec.MapOperator: RECORDS_OUT_INTERMEDIATE:0, DESERIALIZE_ERRORS:0, RECORDS_IN:3, RECORDS_OUT_OPERATOR_MAP_0:0, 
2024-04-24T01:08:35,051  INFO [LocalJobRunner Map Task Executor #0] exec.TableScanOperator: Closing Operator: TS[0]
2024-04-24T01:08:35,052  INFO [LocalJobRunner Map Task Executor #0] exec.TableScanOperator: RECORDS_OUT_INTERMEDIATE:0, RECORDS_OUT_OPERATOR_TS_0:1, 
2024-04-24T01:08:35,052  INFO [LocalJobRunner Map Task Executor #0] exec.SelectOperator: Closing Operator: SEL[1]
2024-04-24T01:08:35,052  INFO [LocalJobRunner Map Task Executor #0] exec.SelectOperator: RECORDS_OUT_INTERMEDIATE:0, RECORDS_OUT_OPERATOR_SEL_1:1, 
2024-04-24T01:08:35,052  INFO [LocalJobRunner Map Task Executor #0] exec.UDTFOperator: Closing Operator: UDTF[2]
2024-04-24T01:08:35,052  INFO [LocalJobRunner Map Task Executor #0] exec.UDTFOperator: RECORDS_OUT_INTERMEDIATE:0, RECORDS_OUT_OPERATOR_UDTF_2:4, 
2024-04-24T01:08:35,052  INFO [LocalJobRunner Map Task Executor #0] exec.SelectOperator: Closing Operator: SEL[3]
2024-04-24T01:08:35,052  INFO [LocalJobRunner Map Task Executor #0] exec.SelectOperator: RECORDS_OUT_INTERMEDIATE:0, RECORDS_OUT_OPERATOR_SEL_3:4, 
2024-04-24T01:08:35,052  INFO [LocalJobRunner Map Task Executor #0] exec.ReduceSinkOperator: Closing Operator: RS[4]
2024-04-24T01:08:35,052  INFO [LocalJobRunner Map Task Executor #0] exec.ReduceSinkOperator: RS[4]: Total records written - 4. abort - false
2024-04-24T01:08:35,052  INFO [LocalJobRunner Map Task Executor #0] exec.ReduceSinkOperator: RECORDS_OUT_OPERATOR_RS_4:4, RECORDS_OUT_INTERMEDIATE:4, 
2024-04-24T01:08:35,053  INFO [LocalJobRunner Map Task Executor #0] mapred.LocalJobRunner: 
2024-04-24T01:08:35,053  INFO [LocalJobRunner Map Task Executor #0] mapred.MapTask: Starting flush of map output
2024-04-24T01:08:35,053  INFO [LocalJobRunner Map Task Executor #0] mapred.MapTask: Spilling map output
2024-04-24T01:08:35,053  INFO [LocalJobRunner Map Task Executor #0] mapred.MapTask: bufstart = 0; bufend = 64; bufvoid = 104857600
2024-04-24T01:08:35,053  INFO [LocalJobRunner Map Task Executor #0] mapred.MapTask: kvstart = 26214396(104857584); kvend = 26214384(104857536); length = 13/6553600
2024-04-24T01:08:35,064  INFO [LocalJobRunner Map Task Executor #0] mapred.MapTask: Finished spill 0
2024-04-24T01:08:35,067  INFO [LocalJobRunner Map Task Executor #0] mapred.Task: Task:attempt_local1354460494_0002_m_000000_0 is done. And is in the process of committing
2024-04-24T01:08:35,068  INFO [LocalJobRunner Map Task Executor #0] mapred.LocalJobRunner: map
2024-04-24T01:08:35,068  INFO [LocalJobRunner Map Task Executor #0] mapred.Task: Task 'attempt_local1354460494_0002_m_000000_0' done.
2024-04-24T01:08:35,068  INFO [LocalJobRunner Map Task Executor #0] mapred.Task: Final Counters for attempt_local1354460494_0002_m_000000_0: Counters: 26
	File System Counters
		FILE: Number of bytes read=24941
		FILE: Number of bytes written=2507117
		FILE: Number of read operations=0
		FILE: Number of large read operations=0
		FILE: Number of write operations=0
	Map-Reduce Framework
		Map input records=4
		Map output records=4
		Map output bytes=64
		Map output materialized bytes=84
		Input split bytes=361
		Combine input records=0
		Spilled Records=4
		Failed Shuffles=0
		Merged Map outputs=0
		GC time elapsed (ms)=0
		Total committed heap usage (bytes)=998244352
	HIVE
		DESERIALIZE_ERRORS=0
		RECORDS_IN=3
		RECORDS_OUT_INTERMEDIATE=4
		RECORDS_OUT_OPERATOR_MAP_0=0
		RECORDS_OUT_OPERATOR_RS_4=4
		RECORDS_OUT_OPERATOR_SEL_1=1
		RECORDS_OUT_OPERATOR_SEL_3=4
		RECORDS_OUT_OPERATOR_TS_0=1
		RECORDS_OUT_OPERATOR_UDTF_2=4
	File Input Format Counters 
		Bytes Read=5401
2024-04-24T01:08:35,068  INFO [LocalJobRunner Map Task Executor #0] mapred.LocalJobRunner: Finishing task: attempt_local1354460494_0002_m_000000_0
2024-04-24T01:08:35,068  INFO [Thread-139] mapred.LocalJobRunner: map task executor complete.
2024-04-24T01:08:35,070  INFO [Thread-139] mapred.LocalJobRunner: Waiting for reduce tasks
2024-04-24T01:08:35,070  INFO [pool-13-thread-1] mapred.LocalJobRunner: Starting task: attempt_local1354460494_0002_r_000000_0
2024-04-24T01:08:35,071  INFO [pool-13-thread-1] mapred.Task:  Using ResourceCalculatorProcessTree : [ ]
2024-04-24T01:08:35,071  INFO [pool-13-thread-1] mapred.ReduceTask: Using ShuffleConsumerPlugin: org.apache.hadoop.mapreduce.task.reduce.Shuffle@336b7c61
2024-04-24T01:08:35,071  WARN [pool-13-thread-1] impl.MetricsSystemImpl: JobTracker metrics system already initialized!
2024-04-24T01:08:35,072  INFO [pool-13-thread-1] reduce.MergeManagerImpl: MergerManager: memoryLimit=1336252800, maxSingleShuffleLimit=334063200, mergeThreshold=881926912, ioSortFactor=10, memToMemMergeOutputsThreshold=10
2024-04-24T01:08:35,073  INFO [EventFetcher for fetching Map Completion Events] reduce.EventFetcher: attempt_local1354460494_0002_r_000000_0 Thread started: EventFetcher for fetching Map Completion Events
2024-04-24T01:08:35,074  INFO [localfetcher#3] reduce.LocalFetcher: localfetcher#3 about to shuffle output of map attempt_local1354460494_0002_m_000000_0 decomp: 38 len: 42 to MEMORY
2024-04-24T01:08:35,074  INFO [localfetcher#3] reduce.InMemoryMapOutput: Read 38 bytes from map-output for attempt_local1354460494_0002_m_000000_0
2024-04-24T01:08:35,074  INFO [localfetcher#3] reduce.MergeManagerImpl: closeInMemoryFile -> map-output of size: 38, inMemoryMapOutputs.size() -> 1, commitMemory -> 0, usedMemory ->38
2024-04-24T01:08:35,075  INFO [EventFetcher for fetching Map Completion Events] reduce.EventFetcher: EventFetcher is interrupted.. Returning
2024-04-24T01:08:35,075  INFO [pool-13-thread-1] mapred.LocalJobRunner: 1 / 1 copied.
2024-04-24T01:08:35,075  INFO [pool-13-thread-1] reduce.MergeManagerImpl: finalMerge called with 1 in-memory map-outputs and 0 on-disk map-outputs
2024-04-24T01:08:35,082  INFO [pool-13-thread-1] mapred.Merger: Merging 1 sorted segments
2024-04-24T01:08:35,082  INFO [pool-13-thread-1] mapred.Merger: Down to the last merge-pass, with 1 segments left of total size: 26 bytes
2024-04-24T01:08:35,085  INFO [pool-13-thread-1] reduce.MergeManagerImpl: Merged 1 segments, 38 bytes to disk to satisfy reduce memory limit
2024-04-24T01:08:35,085  INFO [pool-13-thread-1] reduce.MergeManagerImpl: Merging 1 files, 42 bytes from disk
2024-04-24T01:08:35,085  INFO [pool-13-thread-1] reduce.MergeManagerImpl: Merging 0 segments, 0 bytes from memory into reduce
2024-04-24T01:08:35,085  INFO [pool-13-thread-1] mapred.Merger: Merging 1 sorted segments
2024-04-24T01:08:35,085  INFO [pool-13-thread-1] mapred.Merger: Down to the last merge-pass, with 1 segments left of total size: 26 bytes
2024-04-24T01:08:35,085  INFO [pool-13-thread-1] mapred.LocalJobRunner: 1 / 1 copied.
2024-04-24T01:08:35,086  INFO [pool-13-thread-1] exec.SerializationUtilities: Deserializing ReduceWork using kryo
2024-04-24T01:08:35,089  INFO [pool-13-thread-1] exec.Utilities: Deserialized plan (via FILE) - name: null size: 5,96KB
2024-04-24T01:08:35,091  INFO [pool-13-thread-1] ExecReducer: 
<SEL>Id =5
  <Children>
    <FS>Id =6
      <Children>
      <\Children>
      <Parent>Id = 5 null<\Parent>
    <\FS>
  <\Children>
  <Parent><\Parent>
<\SEL>
2024-04-24T01:08:35,091  INFO [pool-13-thread-1] exec.SelectOperator: Initializing Operator: SEL[5]
2024-04-24T01:08:35,091  INFO [pool-13-thread-1] exec.SelectOperator: SELECT struct<key:struct<reducesinkkey0:int>,value:struct<_col0:int>>
2024-04-24T01:08:35,091  INFO [pool-13-thread-1] exec.FileSinkOperator: Initializing Operator: FS[6]
2024-04-24T01:08:35,092  INFO [pool-13-thread-1] exec.FileSinkOperator: Using serializer : AbstractSerDe [log=org.apache.logging.slf4j.Log4jLogger@7c52fdfa, configuration=Optional[Configuration: core-default.xml, core-site.xml, mapred-default.xml, mapred-site.xml, yarn-default.xml, yarn-site.xml, hdfs-default.xml, hdfs-site.xml, file:/home/alex/Repositories/hive/ql/target/tmp/TestTxnCommandsWithSplitUpdateAndVectorization/mapred/local/localRunner/alex/job_local1354460494_0002/job_local1354460494_0002.xml], properties={transactional_properties=default, name=default.acidtbl, transactional=true, columns.types=int:int, bucket_field_name=a, columns=a,b, numFilesErasureCoded=0, columns.comments=&amp#0;, bucketing_version=2, bucket_count=2, serialization.lib=org.apache.hadoop.hive.ql.io.orc.OrcSerde, file.inputformat=org.apache.hadoop.hive.ql.io.orc.OrcInputFormat, file.outputformat=org.apache.hadoop.hive.ql.io.orc.OrcOutputFormat, location=file:/home/alex/Repositories/hive/ql/target/tmp/org.apache.hadoop.hive.ql.TestTxnCommands-1713946100941/warehouse/acidtbl, column.name.delimiter=,}, tableProperties={transactional_properties=default, name=default.acidtbl, transactional=true, columns.types=int:int, bucket_field_name=a, columns=a,b, numFilesErasureCoded=0, columns.comments=&amp#0;, bucketing_version=2, bucket_count=2, serialization.lib=org.apache.hadoop.hive.ql.io.orc.OrcSerde, file.inputformat=org.apache.hadoop.hive.ql.io.orc.OrcInputFormat, location=file:/home/alex/Repositories/hive/ql/target/tmp/org.apache.hadoop.hive.ql.TestTxnCommands-1713946100941/warehouse/acidtbl, file.outputformat=org.apache.hadoop.hive.ql.io.orc.OrcOutputFormat, column.name.delimiter=,}, partitionProperties=Optional.empty, columnNames=[a, b], columnTypes=[int, int], getClass()=class org.apache.hadoop.hive.ql.io.orc.OrcSerde] and formatter : org.apache.hadoop.hive.ql.io.orc.OrcOutputFormat@73c81cfa
2024-04-24T01:08:35,093  INFO [pool-13-thread-1] exec.FileSinkOperator: Final Path: FS file:/home/alex/Repositories/hive/ql/target/tmp/org.apache.hadoop.hive.ql.TestTxnCommands-1713946100941/warehouse/acidtbl
2024-04-24T01:08:35,093  INFO [pool-13-thread-1] exec.FileSinkOperator: New Final Path: FS file:/home/alex/Repositories/hive/ql/target/tmp/org.apache.hadoop.hive.ql.TestTxnCommands-1713946100941/warehouse/acidtbl
2024-04-24T01:08:35,093  INFO [pool-13-thread-1] common.FileUtils: Creating directory if it doesn't exist: file:/home/alex/Repositories/hive/ql/target/tmp/org.apache.hadoop.hive.ql.TestTxnCommands-1713946100941/warehouse
2024-04-24T01:08:35,098  INFO [pool-13-thread-1] exec.FileSinkOperator: FS[6]: records written - 1
2024-04-24T01:08:35,098  INFO [pool-13-thread-1] impl.PhysicalFsWriter: ORC writer created for path: file:/home/alex/Repositories/hive/ql/target/tmp/org.apache.hadoop.hive.ql.TestTxnCommands-1713946100941/warehouse/acidtbl/delta_0000001_0000001_0000/bucket_00000_0 with stripeSize: 8388608 blockSize: 268435456 compression: Compress: ZLIB buffer: 32768
2024-04-24T01:08:35,107  INFO [pool-13-thread-1] impl.WriterImpl: ORC writer created for path: file:/home/alex/Repositories/hive/ql/target/tmp/org.apache.hadoop.hive.ql.TestTxnCommands-1713946100941/warehouse/acidtbl/delta_0000001_0000001_0000/bucket_00000_0 with stripeSize: 8388608 options: Compress: ZLIB buffer: 32768
2024-04-24T01:08:35,112  INFO [pool-13-thread-1] exec.SelectOperator: Closing Operator: SEL[5]
2024-04-24T01:08:35,112  INFO [pool-13-thread-1] exec.SelectOperator: RECORDS_OUT_INTERMEDIATE:0, RECORDS_OUT_OPERATOR_SEL_5:2, 
2024-04-24T01:08:35,112  INFO [pool-13-thread-1] exec.FileSinkOperator: Closing Operator: FS[6]
2024-04-24T01:08:35,113  INFO [pool-13-thread-1] exec.FileSinkOperator: FS[6]: records written - 2
2024-04-24T01:08:35,117  INFO [pool-13-thread-1] FileOperations: Writing manifest to file:/home/alex/Repositories/hive/ql/target/tmp/org.apache.hadoop.hive.ql.TestTxnCommands-1713946100941/warehouse/acidtbl/_tmp.delta_0000001_0000001_0000/000000_0.manifest with [file:/home/alex/Repositories/hive/ql/target/tmp/org.apache.hadoop.hive.ql.TestTxnCommands-1713946100941/warehouse/acidtbl/delta_0000001_0000001_0000/bucket_00000_0]
2024-04-24T01:08:35,129  INFO [pool-13-thread-1] exec.FileSinkOperator: TOTAL_TABLE_ROWS_WRITTEN:2, RECORDS_OUT_OPERATOR_FS_6:2, RECORDS_OUT_INTERMEDIATE:0, RECORDS_OUT_1_default.acidtbl:2, 
2024-04-24T01:08:35,130  INFO [pool-13-thread-1] mapred.Task: Task:attempt_local1354460494_0002_r_000000_0 is done. And is in the process of committing
2024-04-24T01:08:35,131  INFO [pool-13-thread-1] mapred.LocalJobRunner: reduce > reduce
2024-04-24T01:08:35,131  INFO [pool-13-thread-1] mapred.Task: Task 'attempt_local1354460494_0002_r_000000_0' done.
2024-04-24T01:08:35,131  INFO [pool-13-thread-1] mapred.Task: Final Counters for attempt_local1354460494_0002_r_000000_0: Counters: 30
	File System Counters
		FILE: Number of bytes read=31145
		FILE: Number of bytes written=2508186
		FILE: Number of read operations=0
		FILE: Number of large read operations=0
		FILE: Number of write operations=0
	Map-Reduce Framework
		Combine input records=0
		Combine output records=0
		Reduce input groups=2
		Reduce shuffle bytes=42
		Reduce input records=2
		Reduce output records=0
		Spilled Records=2
		Shuffled Maps =1
		Failed Shuffles=0
		Merged Map outputs=1
		GC time elapsed (ms)=0
		Total committed heap usage (bytes)=998244352
	HIVE
		CREATED_FILES=1
		RECORDS_OUT_1_default.acidtbl=2
		RECORDS_OUT_INTERMEDIATE=0
		RECORDS_OUT_OPERATOR_FS_6=2
		RECORDS_OUT_OPERATOR_SEL_5=2
		TOTAL_TABLE_ROWS_WRITTEN=2
	Shuffle Errors
		BAD_ID=0
		CONNECTION=0
		IO_ERROR=0
		WRONG_LENGTH=0
		WRONG_MAP=0
		WRONG_REDUCE=0
	File Output Format Counters 
		Bytes Written=0
2024-04-24T01:08:35,131  INFO [pool-13-thread-1] mapred.LocalJobRunner: Finishing task: attempt_local1354460494_0002_r_000000_0
2024-04-24T01:08:35,131  INFO [pool-13-thread-1] mapred.LocalJobRunner: Starting task: attempt_local1354460494_0002_r_000001_0
2024-04-24T01:08:35,132  INFO [pool-13-thread-1] mapred.Task:  Using ResourceCalculatorProcessTree : [ ]
2024-04-24T01:08:35,132  INFO [pool-13-thread-1] mapred.ReduceTask: Using ShuffleConsumerPlugin: org.apache.hadoop.mapreduce.task.reduce.Shuffle@17c7c711
2024-04-24T01:08:35,132  WARN [pool-13-thread-1] impl.MetricsSystemImpl: JobTracker metrics system already initialized!
2024-04-24T01:08:35,134  INFO [pool-13-thread-1] reduce.MergeManagerImpl: MergerManager: memoryLimit=1336252800, maxSingleShuffleLimit=334063200, mergeThreshold=881926912, ioSortFactor=10, memToMemMergeOutputsThreshold=10
2024-04-24T01:08:35,134  INFO [EventFetcher for fetching Map Completion Events] reduce.EventFetcher: attempt_local1354460494_0002_r_000001_0 Thread started: EventFetcher for fetching Map Completion Events
2024-04-24T01:08:35,137  INFO [localfetcher#4] reduce.LocalFetcher: localfetcher#4 about to shuffle output of map attempt_local1354460494_0002_m_000000_0 decomp: 38 len: 42 to MEMORY
2024-04-24T01:08:35,137  INFO [localfetcher#4] reduce.InMemoryMapOutput: Read 38 bytes from map-output for attempt_local1354460494_0002_m_000000_0
2024-04-24T01:08:35,137  INFO [localfetcher#4] reduce.MergeManagerImpl: closeInMemoryFile -> map-output of size: 38, inMemoryMapOutputs.size() -> 1, commitMemory -> 0, usedMemory ->38
2024-04-24T01:08:35,138  INFO [EventFetcher for fetching Map Completion Events] reduce.EventFetcher: EventFetcher is interrupted.. Returning
2024-04-24T01:08:35,139  INFO [pool-13-thread-1] mapred.LocalJobRunner: 1 / 1 copied.
2024-04-24T01:08:35,139  INFO [pool-13-thread-1] reduce.MergeManagerImpl: finalMerge called with 1 in-memory map-outputs and 0 on-disk map-outputs
2024-04-24T01:08:35,145  INFO [pool-13-thread-1] mapred.Merger: Merging 1 sorted segments
2024-04-24T01:08:35,145  INFO [pool-13-thread-1] mapred.Merger: Down to the last merge-pass, with 1 segments left of total size: 26 bytes
2024-04-24T01:08:35,148  INFO [pool-13-thread-1] reduce.MergeManagerImpl: Merged 1 segments, 38 bytes to disk to satisfy reduce memory limit
2024-04-24T01:08:35,149  INFO [pool-13-thread-1] reduce.MergeManagerImpl: Merging 1 files, 42 bytes from disk
2024-04-24T01:08:35,149  INFO [pool-13-thread-1] reduce.MergeManagerImpl: Merging 0 segments, 0 bytes from memory into reduce
2024-04-24T01:08:35,149  INFO [pool-13-thread-1] mapred.Merger: Merging 1 sorted segments
2024-04-24T01:08:35,149  INFO [pool-13-thread-1] mapred.Merger: Down to the last merge-pass, with 1 segments left of total size: 26 bytes
2024-04-24T01:08:35,149  INFO [pool-13-thread-1] mapred.LocalJobRunner: 1 / 1 copied.
2024-04-24T01:08:35,150  INFO [pool-13-thread-1] exec.SerializationUtilities: Deserializing ReduceWork using kryo
2024-04-24T01:08:35,151  INFO [pool-13-thread-1] exec.Utilities: Deserialized plan (via FILE) - name: null size: 5,96KB
2024-04-24T01:08:35,153  INFO [pool-13-thread-1] ExecReducer: 
<SEL>Id =5
  <Children>
    <FS>Id =6
      <Children>
      <\Children>
      <Parent>Id = 5 null<\Parent>
    <\FS>
  <\Children>
  <Parent><\Parent>
<\SEL>
2024-04-24T01:08:35,153  INFO [pool-13-thread-1] exec.SelectOperator: Initializing Operator: SEL[5]
2024-04-24T01:08:35,153  INFO [pool-13-thread-1] exec.SelectOperator: SELECT struct<key:struct<reducesinkkey0:int>,value:struct<_col0:int>>
2024-04-24T01:08:35,153  INFO [pool-13-thread-1] exec.FileSinkOperator: Initializing Operator: FS[6]
2024-04-24T01:08:35,153  INFO [pool-13-thread-1] exec.FileSinkOperator: Using serializer : AbstractSerDe [log=org.apache.logging.slf4j.Log4jLogger@7c52fdfa, configuration=Optional[Configuration: core-default.xml, core-site.xml, mapred-default.xml, mapred-site.xml, yarn-default.xml, yarn-site.xml, hdfs-default.xml, hdfs-site.xml, file:/home/alex/Repositories/hive/ql/target/tmp/TestTxnCommandsWithSplitUpdateAndVectorization/mapred/local/localRunner/alex/job_local1354460494_0002/job_local1354460494_0002.xml], properties={transactional_properties=default, name=default.acidtbl, transactional=true, columns.types=int:int, bucket_field_name=a, columns=a,b, numFilesErasureCoded=0, columns.comments=&amp#0;, bucketing_version=2, bucket_count=2, serialization.lib=org.apache.hadoop.hive.ql.io.orc.OrcSerde, file.inputformat=org.apache.hadoop.hive.ql.io.orc.OrcInputFormat, file.outputformat=org.apache.hadoop.hive.ql.io.orc.OrcOutputFormat, location=file:/home/alex/Repositories/hive/ql/target/tmp/org.apache.hadoop.hive.ql.TestTxnCommands-1713946100941/warehouse/acidtbl, column.name.delimiter=,}, tableProperties={transactional_properties=default, name=default.acidtbl, transactional=true, columns.types=int:int, bucket_field_name=a, columns=a,b, numFilesErasureCoded=0, columns.comments=&amp#0;, bucketing_version=2, bucket_count=2, serialization.lib=org.apache.hadoop.hive.ql.io.orc.OrcSerde, file.inputformat=org.apache.hadoop.hive.ql.io.orc.OrcInputFormat, location=file:/home/alex/Repositories/hive/ql/target/tmp/org.apache.hadoop.hive.ql.TestTxnCommands-1713946100941/warehouse/acidtbl, file.outputformat=org.apache.hadoop.hive.ql.io.orc.OrcOutputFormat, column.name.delimiter=,}, partitionProperties=Optional.empty, columnNames=[a, b], columnTypes=[int, int], getClass()=class org.apache.hadoop.hive.ql.io.orc.OrcSerde] and formatter : org.apache.hadoop.hive.ql.io.orc.OrcOutputFormat@4a4aaa03
2024-04-24T01:08:35,154  INFO [pool-13-thread-1] exec.FileSinkOperator: Final Path: FS file:/home/alex/Repositories/hive/ql/target/tmp/org.apache.hadoop.hive.ql.TestTxnCommands-1713946100941/warehouse/acidtbl
2024-04-24T01:08:35,154  INFO [pool-13-thread-1] exec.FileSinkOperator: New Final Path: FS file:/home/alex/Repositories/hive/ql/target/tmp/org.apache.hadoop.hive.ql.TestTxnCommands-1713946100941/warehouse/acidtbl
2024-04-24T01:08:35,155  INFO [pool-13-thread-1] common.FileUtils: Creating directory if it doesn't exist: file:/home/alex/Repositories/hive/ql/target/tmp/org.apache.hadoop.hive.ql.TestTxnCommands-1713946100941/warehouse
2024-04-24T01:08:35,155  INFO [pool-13-thread-1] exec.FileSinkOperator: FS[6]: records written - 1
2024-04-24T01:08:35,156  INFO [pool-13-thread-1] impl.PhysicalFsWriter: ORC writer created for path: file:/home/alex/Repositories/hive/ql/target/tmp/org.apache.hadoop.hive.ql.TestTxnCommands-1713946100941/warehouse/acidtbl/delta_0000001_0000001_0000/bucket_00001_0 with stripeSize: 8388608 blockSize: 268435456 compression: Compress: ZLIB buffer: 32768
2024-04-24T01:08:35,161  INFO [pool-13-thread-1] impl.WriterImpl: ORC writer created for path: file:/home/alex/Repositories/hive/ql/target/tmp/org.apache.hadoop.hive.ql.TestTxnCommands-1713946100941/warehouse/acidtbl/delta_0000001_0000001_0000/bucket_00001_0 with stripeSize: 8388608 options: Compress: ZLIB buffer: 32768
2024-04-24T01:08:35,161  INFO [pool-13-thread-1] exec.SelectOperator: Closing Operator: SEL[5]
2024-04-24T01:08:35,161  INFO [pool-13-thread-1] exec.SelectOperator: RECORDS_OUT_OPERATOR_SEL_5:2, RECORDS_OUT_INTERMEDIATE:0, 
2024-04-24T01:08:35,161  INFO [pool-13-thread-1] exec.FileSinkOperator: Closing Operator: FS[6]
2024-04-24T01:08:35,161  INFO [pool-13-thread-1] exec.FileSinkOperator: FS[6]: records written - 2
2024-04-24T01:08:35,165  INFO [pool-13-thread-1] FileOperations: Writing manifest to file:/home/alex/Repositories/hive/ql/target/tmp/org.apache.hadoop.hive.ql.TestTxnCommands-1713946100941/warehouse/acidtbl/_tmp.delta_0000001_0000001_0000/000001_0.manifest with [file:/home/alex/Repositories/hive/ql/target/tmp/org.apache.hadoop.hive.ql.TestTxnCommands-1713946100941/warehouse/acidtbl/delta_0000001_0000001_0000/bucket_00001_0]
2024-04-24T01:08:35,176  INFO [pool-13-thread-1] exec.FileSinkOperator: TOTAL_TABLE_ROWS_WRITTEN:2, RECORDS_OUT_INTERMEDIATE:0, RECORDS_OUT_1_default.acidtbl:2, RECORDS_OUT_OPERATOR_FS_6:2, 
2024-04-24T01:08:35,177  INFO [pool-13-thread-1] mapred.Task: Task:attempt_local1354460494_0002_r_000001_0 is done. And is in the process of committing
2024-04-24T01:08:35,178  INFO [pool-13-thread-1] mapred.LocalJobRunner: reduce > reduce
2024-04-24T01:08:35,178  INFO [pool-13-thread-1] mapred.Task: Task 'attempt_local1354460494_0002_r_000001_0' done.
2024-04-24T01:08:35,178  INFO [pool-13-thread-1] mapred.Task: Final Counters for attempt_local1354460494_0002_r_000001_0: Counters: 30
	File System Counters
		FILE: Number of bytes read=37307
		FILE: Number of bytes written=2509256
		FILE: Number of read operations=0
		FILE: Number of large read operations=0
		FILE: Number of write operations=0
	Map-Reduce Framework
		Combine input records=0
		Combine output records=0
		Reduce input groups=2
		Reduce shuffle bytes=42
		Reduce input records=2
		Reduce output records=0
		Spilled Records=2
		Shuffled Maps =1
		Failed Shuffles=0
		Merged Map outputs=1
		GC time elapsed (ms)=0
		Total committed heap usage (bytes)=998244352
	HIVE
		CREATED_FILES=1
		RECORDS_OUT_1_default.acidtbl=2
		RECORDS_OUT_INTERMEDIATE=0
		RECORDS_OUT_OPERATOR_FS_6=2
		RECORDS_OUT_OPERATOR_SEL_5=2
		TOTAL_TABLE_ROWS_WRITTEN=2
	Shuffle Errors
		BAD_ID=0
		CONNECTION=0
		IO_ERROR=0
		WRONG_LENGTH=0
		WRONG_MAP=0
		WRONG_REDUCE=0
	File Output Format Counters 
		Bytes Written=0
2024-04-24T01:08:35,178  INFO [pool-13-thread-1] mapred.LocalJobRunner: Finishing task: attempt_local1354460494_0002_r_000001_0
2024-04-24T01:08:35,178  INFO [Thread-139] mapred.LocalJobRunner: reduce task executor complete.
2024-04-24 01:08:36,055 Stage-1 map = 100%,  reduce = 100%
2024-04-24T01:08:36,055  INFO [main] exec.Task: 2024-04-24 01:08:36,055 Stage-1 map = 100%,  reduce = 100%
Ended Job = job_local1354460494_0002
2024-04-24T01:08:36,061  INFO [main] exec.Task: Ended Job = job_local1354460494_0002
2024-04-24T01:08:36,065  INFO [main] FileOperations: Found manifest file file:/home/alex/Repositories/hive/ql/target/tmp/org.apache.hadoop.hive.ql.TestTxnCommands-1713946100941/warehouse/acidtbl/_tmp.delta_0000001_0000001_0000/000000_0.manifest with attemptId 0.
2024-04-24T01:08:36,065  INFO [main] FileOperations: Found manifest file file:/home/alex/Repositories/hive/ql/target/tmp/org.apache.hadoop.hive.ql.TestTxnCommands-1713946100941/warehouse/acidtbl/_tmp.delta_0000001_0000001_0000/000001_0.manifest with attemptId 0.
2024-04-24T01:08:36,066  INFO [main] FileOperations: Looking at manifest file: file:/home/alex/Repositories/hive/ql/target/tmp/org.apache.hadoop.hive.ql.TestTxnCommands-1713946100941/warehouse/acidtbl/_tmp.delta_0000001_0000001_0000/000000_0.manifest
2024-04-24T01:08:36,068  INFO [main] FileOperations: Looking at manifest file: file:/home/alex/Repositories/hive/ql/target/tmp/org.apache.hadoop.hive.ql.TestTxnCommands-1713946100941/warehouse/acidtbl/_tmp.delta_0000001_0000001_0000/000001_0.manifest
2024-04-24T01:08:36,070  INFO [main] FileOperations: Deleting manifest directory file:/home/alex/Repositories/hive/ql/target/tmp/org.apache.hadoop.hive.ql.TestTxnCommands-1713946100941/warehouse/acidtbl/_tmp.delta_0000001_0000001_0000
2024-04-24T01:08:36,075  INFO [main] ql.Driver: Starting task [Stage-0:MOVE] in serial mode
Loading data to table default.acidtbl
2024-04-24T01:08:36,076  INFO [main] exec.Task: Loading data to table default.acidtbl from file:/home/alex/Repositories/hive/ql/target/tmp/org.apache.hadoop.hive.ql.TestTxnCommands-1713946100941/warehouse/acidtbl
2024-04-24T01:08:36,076  INFO [main] HiveMetaStore.audit: ugi=alex	ip=unknown-ip-addr	cmd=get_table : tbl=hive.default.acidtbl	
2024-04-24T01:08:36,092  INFO [main] metastore.HMSHandler: Skipping translation for processor with null
2024-04-24T01:08:36,092  INFO [main] HiveMetaStore.audit: ugi=alex	ip=unknown-ip-addr	cmd=get_table : tbl=hive.default.acidtbl	
2024-04-24T01:08:36,103  INFO [main] metastore.HMSHandler: Skipping translation for processor with null
2024-04-24T01:08:36,104  INFO [main] HiveMetaStore.audit: ugi=alex	ip=unknown-ip-addr	cmd=alter_table: hive.default.acidtbl newtbl=acidtbl	
2024-04-24T01:08:36,138  INFO [main] ql.Driver: Starting task [Stage-2:STATS] in serial mode
2024-04-24T01:08:36,139  INFO [main] HiveMetaStore.audit: ugi=alex	ip=unknown-ip-addr	cmd=get_table : tbl=hive.default.acidtbl	
2024-04-24T01:08:36,148  INFO [main] metastore.HMSHandler: Skipping translation for processor with null
2024-04-24T01:08:36,148  INFO [main] stats.BasicStatsTask: Executing stats task
2024-04-24T01:08:36,149  INFO [main] fs.FSStatsPublisher: created : file:/home/alex/Repositories/hive/ql/target/tmp/localscratchdir/c86edbf2-6297-4b58-9930-64169b5912a4/hive_2024-04-24_01-08-34_408_7662058732542539129-1/-mr-10000
2024-04-24T01:08:36,151  INFO [main] HiveMetaStore.audit: ugi=alex	ip=unknown-ip-addr	cmd=get_table : tbl=hive.default.acidtbl	
2024-04-24T01:08:36,160  INFO [main] metastore.HMSHandler: Skipping translation for processor with null
2024-04-24T01:08:36,177  WARN [main] FileOperations: Computing stats for an ACID table; stats may be inaccurate
2024-04-24T01:08:36,178  INFO [main] FileOperations: Read stats for default.acidtbl/, numRows, true, 4, false: 
2024-04-24T01:08:36,178  INFO [main] FileOperations: Read stats for default.acidtbl/, rawDataSize, true, 0, false: 
2024-04-24T01:08:36,178  INFO [main] HiveMetaStore.audit: ugi=alex	ip=unknown-ip-addr	cmd=alter_table: hive.default.acidtbl newtbl=acidtbl	
2024-04-24T01:08:36,212  INFO [main] FileOperations: Read stats for default.acidtbl/, insertCount, true, 4, false: 
2024-04-24T01:08:36,212  INFO [main] FileOperations: Read stats for default.acidtbl/, updateCount, true, 0, false: 
2024-04-24T01:08:36,212  INFO [main] FileOperations: Read stats for default.acidtbl/, deleteCount, true, 0, false: 
2024-04-24T01:08:36,215  INFO [main] stats.BasicStatsTask: Table default.acidtbl stats: [numFiles=2, numRows=4, totalSize=1380, rawDataSize=0, numFilesErasureCoded=0]
2024-04-24T01:08:36,216  INFO [main] metadata.Hive: Dumping metastore api call timing information for : execution phase
2024-04-24T01:08:36,216  INFO [main] metadata.Hive: Total time spent in each metastore function (ms): {alter_table_(String, String, String, Table, EnvironmentContext, String)=68, isCompatibleWith_(Configuration)=0, getTable_(GetTableRequest)=46, updateTransactionalStatistics_(UpdateTransactionalStatsRequest)=3}
MapReduce Jobs Launched: 
2024-04-24T01:08:36,216  INFO [main] ql.Driver: MapReduce Jobs Launched: 
Stage-Stage-1:  HDFS Read: 0 HDFS Write: 0 SUCCESS
2024-04-24T01:08:36,216  INFO [main] ql.Driver: Stage-Stage-1:  HDFS Read: 0 HDFS Write: 0 SUCCESS
Total MapReduce CPU Time Spent: 0 msec
2024-04-24T01:08:36,216  INFO [main] ql.Driver: Total MapReduce CPU Time Spent: 0 msec
2024-04-24T01:08:36,216  INFO [main] ql.Driver: Completed executing command(queryId=alex_20240424010834_16ebfa36-7df9-471f-94e8-b2f12e4e054d); Time taken: 1.509 seconds
2024-04-24T01:08:36,216  INFO [main] lockmgr.DbTxnManager: Stopped heartbeat for query: alex_20240424010834_16ebfa36-7df9-471f-94e8-b2f12e4e054d
2024-04-24T01:08:36,230  INFO [main] txn.TxnHandler: Removed transactions: ([14]) from MIN_HISTORY_LEVEL
2024-04-24T01:08:36,230  WARN [main] txn.CompactionTxnHandler: No compaction queue record found for Compaction type transaction commit. txnId:14
2024-04-24T01:08:36,231  INFO [main] ql.TxnCommandsBaseForTests: Running the query: merge into acidTbl as t using nonAcidOrcTbl s ON t.a = s.a WHEN MATCHED AND s.a < 3 THEN update set b = 0 WHEN MATCHED and t.a > 3 and t.a < 5 THEN DELETE WHEN NOT MATCHED THEN INSERT VALUES(s.a, s.b) 
2024-04-24T01:08:36,231  INFO [main] ql.Context: Deleting scratch dir: file:/home/alex/Repositories/hive/ql/target/tmp/localscratchdir/c86edbf2-6297-4b58-9930-64169b5912a4/hive_2024-04-24_01-08-34_408_7662058732542539129-1
2024-04-24T01:08:36,232  INFO [main] cleanup.SyncCleanupService: Deleted directory: file:/home/alex/Repositories/hive/ql/target/tmp/localscratchdir/c86edbf2-6297-4b58-9930-64169b5912a4/hive_2024-04-24_01-08-34_408_7662058732542539129-1 on fs with scheme file
2024-04-24T01:08:36,233  INFO [main] ql.Driver: Compiling command(queryId=alex_20240424010836_fd09a24d-24ba-44b5-a3fd-30c924749c21): merge into acidTbl as t using nonAcidOrcTbl s ON t.a = s.a WHEN MATCHED AND s.a < 3 THEN update set b = 0 WHEN MATCHED and t.a > 3 and t.a < 5 THEN DELETE WHEN NOT MATCHED THEN INSERT VALUES(s.a, s.b) 
2024-04-24T01:08:36,242  INFO [main] txn.TxnHandler: Added entries to MIN_HISTORY_LEVEL for current txns: ([15]) with min_open_txn: 15
2024-04-24T01:08:36,242  INFO [main] lockmgr.DbTxnManager: Opened txnid:15
2024-04-24T01:08:36,244  INFO [main] parse.MergeSemanticAnalyzer: Starting caching scope for: 
2024-04-24T01:08:36,245  INFO [main] HiveMetaStore.audit: ugi=alex	ip=unknown-ip-addr	cmd=get_table : tbl=hive.default.acidTbl	
2024-04-24T01:08:36,255  INFO [main] metastore.HMSHandler: Skipping translation for processor with null
2024-04-24T01:08:36,258  INFO [main] HiveMetaStore.audit: ugi=alex	ip=unknown-ip-addr	cmd=get_table : tbl=hive.default.merge_tmp_table	
2024-04-24T01:08:36,282  INFO [main] utils.FileUtils: Creating directory if it doesn't exist: file:/home/alex/Repositories/hive/ql/target/tmp/scratchdir/alex/c86edbf2-6297-4b58-9930-64169b5912a4/_tmp_space.db/merge_tmp_table
2024-04-24T01:08:36,285  INFO [main] parse.RewriteSemanticAnalyzer: Going to reparse <merge into acidTbl as t using nonAcidOrcTbl s ON t.a = s.a WHEN MATCHED AND s.a < 3 THEN update set b = 0 WHEN MATCHED and t.a > 3 and t.a < 5 THEN DELETE WHEN NOT MATCHED THEN INSERT VALUES(s.a, s.b) > as 
<FROM
  `default`.`acidTbl` `t`
  RIGHT OUTER JOIN
  `default`.`nonAcidOrcTbl` `s`
  ON `t`.`a` = `s`.`a`
INSERT INTO `default`.`acidTbl`    -- update clause(insert part)
 SELECT `t`.`a`, 0
   WHERE `t`.`a` = `s`.`a` AND `s`.`a` < 3
INSERT INTO `default`.`acidTbl`    -- update clause (delete part)
 SELECT `t`.ROW__ID 
   WHERE `t`.`a` = `s`.`a` AND `s`.`a` < 3
 SORT BY `t`.ROW__ID 
INSERT INTO `default`.`acidTbl`    -- delete clause
 SELECT `t`.ROW__ID 
   WHERE `t`.`a` = `s`.`a` AND `t`.`a` > 3 and `t`.`a` < 5 AND NOT(`s`.`a` < 3)
 SORT BY `t`.ROW__ID 
INSERT INTO `default`.`acidTbl`    -- insert clause
  SELECT `s`.`a`, `s`.`b`
   WHERE `t`.`a` IS NULL
INSERT INTO merge_tmp_table
  SELECT cardinality_violation(`t`.ROW__ID)
 WHERE `t`.`a` = `s`.`a` GROUP BY `t`.ROW__ID HAVING count(*) > 1>
2024-04-24T01:08:36,292  INFO [main] parse.MergeSemanticAnalyzer: Starting Semantic Analysis
2024-04-24T01:08:36,301  INFO [main] parse.MergeSemanticAnalyzer: Completed phase 1 of Semantic Analysis
2024-04-24T01:08:36,301  INFO [main] parse.MergeSemanticAnalyzer: Get metadata for source tables
2024-04-24T01:08:36,302  INFO [main] HiveMetaStore.audit: ugi=alex	ip=unknown-ip-addr	cmd=get_table : tbl=hive.default.acidtbl	
2024-04-24T01:08:36,312  INFO [main] metastore.HMSHandler: Skipping translation for processor with null
2024-04-24T01:08:36,314  INFO [main] HiveMetaStore.audit: ugi=alex	ip=unknown-ip-addr	cmd=get_table : tbl=hive.default.nonacidorctbl	
2024-04-24T01:08:36,327  INFO [main] metastore.HMSHandler: Skipping translation for processor with null
2024-04-24T01:08:36,327  INFO [main] parse.MergeSemanticAnalyzer: Get metadata for subqueries
2024-04-24T01:08:36,327  INFO [main] parse.MergeSemanticAnalyzer: Get metadata for destination tables
2024-04-24T01:08:36,328  INFO [main] HiveMetaStore.audit: ugi=alex	ip=unknown-ip-addr	cmd=get_table : tbl=hive.default.acidTbl	
2024-04-24T01:08:36,338  INFO [main] metastore.HMSHandler: Skipping translation for processor with null
2024-04-24T01:08:36,338  INFO [main] HiveMetaStore.audit: ugi=alex	ip=unknown-ip-addr	cmd=get_table : tbl=hive.default.acidTbl	
2024-04-24T01:08:36,349  INFO [main] metastore.HMSHandler: Skipping translation for processor with null
2024-04-24T01:08:36,350  INFO [main] HiveMetaStore.audit: ugi=alex	ip=unknown-ip-addr	cmd=get_table : tbl=hive.default.acidTbl	
2024-04-24T01:08:36,360  INFO [main] metastore.HMSHandler: Skipping translation for processor with null
2024-04-24T01:08:36,361  INFO [main] HiveMetaStore.audit: ugi=alex	ip=unknown-ip-addr	cmd=get_table : tbl=hive.default.acidTbl	
2024-04-24T01:08:36,370  INFO [main] metastore.HMSHandler: Skipping translation for processor with null
2024-04-24T01:08:36,370  INFO [main] parse.MergeSemanticAnalyzer: Completed getting MetaData in Semantic Analysis
2024-04-24T01:08:36,370  INFO [main] parse.MergeSemanticAnalyzer: Disabling LLAP IO encode as ETL query is detected
2024-04-24T01:08:36,373  INFO [main] parse.MergeSemanticAnalyzer: Get metadata for source tables
2024-04-24T01:08:36,374  INFO [main] parse.MergeSemanticAnalyzer: Get metadata for subqueries
2024-04-24T01:08:36,374  INFO [main] parse.MergeSemanticAnalyzer: Get metadata for destination tables
2024-04-24T01:08:36,388  INFO [main] HiveMetaStore.audit: ugi=alex	ip=unknown-ip-addr	cmd=get_all_table_constraints : tbl=hive.default.acidtbl	
2024-04-24T01:08:36,398  INFO [main] HiveMetaStore.audit: ugi=alex	ip=unknown-ip-addr	cmd=get_all_table_constraints : tbl=hive.default.nonacidorctbl	
2024-04-24T01:08:36,560  INFO [main] calcite.RelOptHiveTable: Calculating column statistics for default.acidtbl, projIndxSet: [0], allowMissingStats: true
2024-04-24T01:08:36,566  INFO [main] HiveMetaStore.audit: ugi=alex	ip=unknown-ip-addr	cmd=get_table : tbl=hive.default.acidtbl	
2024-04-24T01:08:36,578  INFO [main] metastore.HMSHandler: Skipping translation for processor with null
2024-04-24T01:08:36,579  INFO [main] HiveMetaStore.audit: ugi=alex	ip=unknown-ip-addr	cmd=get_table : tbl=hive.default.acidtbl	
2024-04-24T01:08:36,591  INFO [main] metastore.HMSHandler: Skipping translation for processor with null
2024-04-24T01:08:36,592  INFO [main] HiveMetaStore.audit: ugi=alex	ip=unknown-ip-addr	cmd=get_table_statistics_req: table=hive.default.acidtbl	
2024-04-24T01:08:36,610  WARN [main] calcite.RelOptHiveTable: No Stats for default@acidtbl, Columns: a
No Stats for default@acidtbl, Columns: a
2024-04-24T01:08:36,610  INFO [main] SessionState: No Stats for default@acidtbl, Columns: a
2024-04-24T01:08:36,610  INFO [main] calcite.RelOptHiveTable: Calculating column statistics for default.nonacidorctbl, projIndxSet: [0, 1], allowMissingStats: true
2024-04-24T01:08:36,611  INFO [main] HiveMetaStore.audit: ugi=alex	ip=unknown-ip-addr	cmd=get_table : tbl=hive.default.nonacidorctbl	
2024-04-24T01:08:36,626  INFO [main] metastore.HMSHandler: Skipping translation for processor with null
2024-04-24T01:08:36,627  INFO [main] HiveMetaStore.audit: ugi=alex	ip=unknown-ip-addr	cmd=get_table : tbl=hive.default.nonacidorctbl	
2024-04-24T01:08:36,642  INFO [main] metastore.HMSHandler: Skipping translation for processor with null
2024-04-24T01:08:36,643  INFO [main] HiveMetaStore.audit: ugi=alex	ip=unknown-ip-addr	cmd=get_table_statistics_req: table=hive.default.nonacidorctbl	
2024-04-24T01:08:36,661  WARN [main] calcite.RelOptHiveTable: No Stats for default@nonacidorctbl, Columns: b, a
No Stats for default@nonacidorctbl, Columns: b, a
2024-04-24T01:08:36,661  INFO [main] SessionState: No Stats for default@nonacidorctbl, Columns: b, a
2024-04-24T01:08:36,900  INFO [main] parse.MergeSemanticAnalyzer: Get metadata for source tables
2024-04-24T01:08:36,900  INFO [main] parse.MergeSemanticAnalyzer: Get metadata for subqueries
2024-04-24T01:08:36,900  INFO [main] parse.MergeSemanticAnalyzer: Get metadata for source tables
2024-04-24T01:08:36,900  INFO [main] parse.MergeSemanticAnalyzer: Get metadata for subqueries
2024-04-24T01:08:36,900  INFO [main] parse.MergeSemanticAnalyzer: Get metadata for source tables
2024-04-24T01:08:36,900  INFO [main] parse.MergeSemanticAnalyzer: Get metadata for subqueries
2024-04-24T01:08:36,900  INFO [main] parse.MergeSemanticAnalyzer: Get metadata for destination tables
2024-04-24T01:08:36,900  INFO [main] parse.MergeSemanticAnalyzer: Get metadata for source tables
2024-04-24T01:08:36,901  INFO [main] parse.MergeSemanticAnalyzer: Get metadata for subqueries
2024-04-24T01:08:36,901  INFO [main] parse.MergeSemanticAnalyzer: Get metadata for destination tables
2024-04-24T01:08:36,901  INFO [main] parse.MergeSemanticAnalyzer: Get metadata for destination tables
2024-04-24T01:08:36,901  INFO [main] parse.MergeSemanticAnalyzer: Get metadata for destination tables
2024-04-24T01:08:36,901  INFO [main] HiveMetaStore.audit: ugi=alex	ip=unknown-ip-addr	cmd=get_table : tbl=hive.default.acidTbl	
2024-04-24T01:08:36,910  INFO [main] metastore.HMSHandler: Skipping translation for processor with null
2024-04-24T01:08:36,911  INFO [main] HiveMetaStore.audit: ugi=alex	ip=unknown-ip-addr	cmd=get_table : tbl=hive.default.acidTbl	
2024-04-24T01:08:36,920  INFO [main] metastore.HMSHandler: Skipping translation for processor with null
2024-04-24T01:08:36,920  INFO [main] HiveMetaStore.audit: ugi=alex	ip=unknown-ip-addr	cmd=get_table : tbl=hive.default.acidTbl	
2024-04-24T01:08:36,929  INFO [main] metastore.HMSHandler: Skipping translation for processor with null
2024-04-24T01:08:36,930  INFO [main] HiveMetaStore.audit: ugi=alex	ip=unknown-ip-addr	cmd=get_table : tbl=hive.default.acidTbl	
2024-04-24T01:08:36,938  INFO [main] metastore.HMSHandler: Skipping translation for processor with null
2024-04-24T01:08:36,957 ERROR [main] parse.MergeSemanticAnalyzer: CBO failed, skipping CBO. 
org.apache.hadoop.hive.ql.exec.NoMatchingMethodException: No matching method for class org.apache.hadoop.hive.ql.udf.UDFToInteger with (struct<writeid:bigint,bucketid:int,rowid:bigint>). Possible choices: _FUNC_(bigint)  _FUNC_(boolean)  _FUNC_(decimal(38,18))  _FUNC_(double)  _FUNC_(float)  _FUNC_(smallint)  _FUNC_(string)  _FUNC_(struct<rowid:bigint,writeid:bigint,bucketid:int>)  _FUNC_(timestamp)  _FUNC_(tinyint)  _FUNC_(void)  
	at org.apache.hadoop.hive.ql.exec.MethodUtils.getMethodInternal(MethodUtils.java:130) ~[classes/:?]
	at org.apache.hadoop.hive.ql.exec.MethodUtils.getMethodInternal(MethodUtils.java:60) ~[classes/:?]
	at org.apache.hadoop.hive.ql.exec.DefaultUDFMethodResolver.getEvalMethod(DefaultUDFMethodResolver.java:59) ~[classes/:?]
	at org.apache.hadoop.hive.ql.udf.TimestampCastRestrictorResolver.getEvalMethod(TimestampCastRestrictorResolver.java:68) ~[classes/:?]
	at org.apache.hadoop.hive.ql.udf.generic.GenericUDFBridge.initialize(GenericUDFBridge.java:168) ~[classes/:?]
	at org.apache.hadoop.hive.ql.udf.generic.GenericUDF.initializeAndFoldConstants(GenericUDF.java:149) ~[classes/:?]
	at org.apache.hadoop.hive.ql.plan.ExprNodeGenericFuncDesc.newInstance(ExprNodeGenericFuncDesc.java:235) ~[classes/:?]
	at org.apache.hadoop.hive.ql.parse.type.ExprNodeDescExprFactory.createFuncCallExpr(ExprNodeDescExprFactory.java:584) ~[classes/:?]
	at org.apache.hadoop.hive.ql.parse.type.ExprNodeDescExprFactory.createFuncCallExpr(ExprNodeDescExprFactory.java:97) ~[classes/:?]
	at org.apache.hadoop.hive.ql.parse.type.TypeCheckProcFactory$DefaultExprProcessor.getFuncExprNodeDescWithUdfData(TypeCheckProcFactory.java:762) ~[classes/:?]
	at org.apache.hadoop.hive.ql.parse.type.TypeCheckProcFactory$DefaultExprProcessor.createConversionCast(TypeCheckProcFactory.java:783) ~[classes/:?]
	at org.apache.hadoop.hive.ql.parse.SemanticAnalyzer.getPartitionColsFromBucketColsForUpdateDelete(SemanticAnalyzer.java:8725) ~[classes/:?]
	at org.apache.hadoop.hive.ql.parse.SemanticAnalyzer.genBucketingSortingDest(SemanticAnalyzer.java:6906) ~[classes/:?]
	at org.apache.hadoop.hive.ql.parse.SemanticAnalyzer.genFileSinkPlan(SemanticAnalyzer.java:7335) ~[classes/:?]
	at org.apache.hadoop.hive.ql.parse.SemanticAnalyzer.genPostGroupByBodyPlan(SemanticAnalyzer.java:11063) ~[classes/:?]
	at org.apache.hadoop.hive.ql.parse.SemanticAnalyzer.genBodyPlan(SemanticAnalyzer.java:10938) ~[classes/:?]
	at org.apache.hadoop.hive.ql.parse.SemanticAnalyzer.genPlan(SemanticAnalyzer.java:11853) ~[classes/:?]
	at org.apache.hadoop.hive.ql.parse.SemanticAnalyzer.genPlan(SemanticAnalyzer.java:11723) ~[classes/:?]
	at org.apache.hadoop.hive.ql.parse.CalcitePlanner.genOPTree(CalcitePlanner.java:626) ~[classes/:?]
	at org.apache.hadoop.hive.ql.parse.SemanticAnalyzer.analyzeInternal(SemanticAnalyzer.java:12558) ~[classes/:?]
	at org.apache.hadoop.hive.ql.parse.CalcitePlanner.analyzeInternal(CalcitePlanner.java:456) ~[classes/:?]
	at org.apache.hadoop.hive.ql.parse.RewriteSemanticAnalyzer.analyzeInternal(RewriteSemanticAnalyzer.java:67) ~[classes/:?]
	at org.apache.hadoop.hive.ql.parse.BaseSemanticAnalyzer.analyze(BaseSemanticAnalyzer.java:317) ~[classes/:?]
	at org.apache.hadoop.hive.ql.parse.MergeSemanticAnalyzer.analyzeMerge(MergeSemanticAnalyzer.java:317) ~[classes/:?]
	at org.apache.hadoop.hive.ql.parse.MergeSemanticAnalyzer.analyze(MergeSemanticAnalyzer.java:63) ~[classes/:?]
	at org.apache.hadoop.hive.ql.parse.RewriteSemanticAnalyzer.analyzeInternal(RewriteSemanticAnalyzer.java:72) ~[classes/:?]
	at org.apache.hadoop.hive.ql.parse.BaseSemanticAnalyzer.analyze(BaseSemanticAnalyzer.java:317) ~[classes/:?]
	at org.apache.hadoop.hive.ql.Compiler.analyze(Compiler.java:223) ~[classes/:?]
	at org.apache.hadoop.hive.ql.Compiler.compile(Compiler.java:105) ~[classes/:?]
	at org.apache.hadoop.hive.ql.Driver.compile(Driver.java:500) ~[classes/:?]
	at org.apache.hadoop.hive.ql.Driver.compileInternal(Driver.java:453) ~[classes/:?]
	at org.apache.hadoop.hive.ql.Driver.runInternal(Driver.java:181) ~[classes/:?]
	at org.apache.hadoop.hive.ql.Driver.run(Driver.java:153) ~[classes/:?]
	at org.apache.hadoop.hive.ql.Driver.run(Driver.java:140) ~[classes/:?]
	at org.apache.hadoop.hive.ql.TxnCommandsBaseForTests.runStatementOnDriver(TxnCommandsBaseForTests.java:245) ~[test-classes/:?]
	at org.apache.hadoop.hive.ql.TestTxnCommands.testMergeUpdateDelete(TestTxnCommands.java:1242) ~[test-classes/:?]
	at sun.reflect.NativeMethodAccessorImpl.invoke0(Native Method) ~[?:1.8.0_402]
	at sun.reflect.NativeMethodAccessorImpl.invoke(NativeMethodAccessorImpl.java:62) ~[?:1.8.0_402]
	at sun.reflect.DelegatingMethodAccessorImpl.invoke(DelegatingMethodAccessorImpl.java:43) ~[?:1.8.0_402]
	at java.lang.reflect.Method.invoke(Method.java:498) ~[?:1.8.0_402]
	at org.junit.runners.model.FrameworkMethod$1.runReflectiveCall(FrameworkMethod.java:59) ~[junit-4.13.jar:4.13]
	at org.junit.internal.runners.model.ReflectiveCallable.run(ReflectiveCallable.java:12) ~[junit-4.13.jar:4.13]
	at org.junit.runners.model.FrameworkMethod.invokeExplosively(FrameworkMethod.java:56) ~[junit-4.13.jar:4.13]
	at org.junit.internal.runners.statements.InvokeMethod.evaluate(InvokeMethod.java:17) ~[junit-4.13.jar:4.13]
	at org.junit.internal.runners.statements.RunBefores.evaluate(RunBefores.java:26) ~[junit-4.13.jar:4.13]
	at org.junit.internal.runners.statements.RunAfters.evaluate(RunAfters.java:27) ~[junit-4.13.jar:4.13]
	at org.junit.rules.TestWatcher$1.evaluate(TestWatcher.java:61) ~[junit-4.13.jar:4.13]
	at org.junit.runners.ParentRunner$3.evaluate(ParentRunner.java:306) ~[junit-4.13.jar:4.13]
	at org.junit.runners.BlockJUnit4ClassRunner$1.evaluate(BlockJUnit4ClassRunner.java:100) ~[junit-4.13.jar:4.13]
	at org.junit.runners.ParentRunner.runLeaf(ParentRunner.java:366) ~[junit-4.13.jar:4.13]
	at org.junit.runners.BlockJUnit4ClassRunner.runChild(BlockJUnit4ClassRunner.java:103) ~[junit-4.13.jar:4.13]
	at org.junit.runners.BlockJUnit4ClassRunner.runChild(BlockJUnit4ClassRunner.java:63) ~[junit-4.13.jar:4.13]
	at org.junit.runners.ParentRunner$4.run(ParentRunner.java:331) ~[junit-4.13.jar:4.13]
	at org.junit.runners.ParentRunner$1.schedule(ParentRunner.java:79) ~[junit-4.13.jar:4.13]
	at org.junit.runners.ParentRunner.runChildren(ParentRunner.java:329) ~[junit-4.13.jar:4.13]
	at org.junit.runners.ParentRunner.access$100(ParentRunner.java:66) ~[junit-4.13.jar:4.13]
	at org.junit.runners.ParentRunner$2.evaluate(ParentRunner.java:293) ~[junit-4.13.jar:4.13]
	at org.junit.runners.ParentRunner$3.evaluate(ParentRunner.java:306) ~[junit-4.13.jar:4.13]
	at org.junit.runners.ParentRunner.run(ParentRunner.java:413) ~[junit-4.13.jar:4.13]
	at org.junit.runner.JUnitCore.run(JUnitCore.java:137) ~[junit-4.13.jar:4.13]
	at org.junit.runner.JUnitCore.run(JUnitCore.java:115) ~[junit-4.13.jar:4.13]
	at org.junit.vintage.engine.execution.RunnerExecutor.execute(RunnerExecutor.java:43) ~[junit-vintage-engine-5.6.2.jar:5.6.2]
	at java.util.stream.ForEachOps$ForEachOp$OfRef.accept(ForEachOps.java:183) ~[?:1.8.0_402]
	at java.util.stream.ReferencePipeline$3$1.accept(ReferencePipeline.java:193) ~[?:1.8.0_402]
	at java.util.Iterator.forEachRemaining(Iterator.java:116) ~[?:1.8.0_402]
	at java.util.Spliterators$IteratorSpliterator.forEachRemaining(Spliterators.java:1801) ~[?:1.8.0_402]
	at java.util.stream.AbstractPipeline.copyInto(AbstractPipeline.java:482) ~[?:1.8.0_402]
	at java.util.stream.AbstractPipeline.wrapAndCopyInto(AbstractPipeline.java:472) ~[?:1.8.0_402]
	at java.util.stream.ForEachOps$ForEachOp.evaluateSequential(ForEachOps.java:150) ~[?:1.8.0_402]
	at java.util.stream.ForEachOps$ForEachOp$OfRef.evaluateSequential(ForEachOps.java:173) ~[?:1.8.0_402]
	at java.util.stream.AbstractPipeline.evaluate(AbstractPipeline.java:234) ~[?:1.8.0_402]
	at java.util.stream.ReferencePipeline.forEach(ReferencePipeline.java:485) ~[?:1.8.0_402]
	at org.junit.vintage.engine.VintageTestEngine.executeAllChildren(VintageTestEngine.java:82) ~[junit-vintage-engine-5.6.2.jar:5.6.2]
	at org.junit.vintage.engine.VintageTestEngine.execute(VintageTestEngine.java:73) ~[junit-vintage-engine-5.6.2.jar:5.6.2]
	at org.junit.platform.launcher.core.DefaultLauncher.execute(DefaultLauncher.java:248) ~[junit-platform-launcher-1.6.2.jar:1.6.2]
	at org.junit.platform.launcher.core.DefaultLauncher.lambda$execute$5(DefaultLauncher.java:211) ~[junit-platform-launcher-1.6.2.jar:1.6.2]
	at org.junit.platform.launcher.core.DefaultLauncher.withInterceptedStreams(DefaultLauncher.java:226) [junit-platform-launcher-1.6.2.jar:1.6.2]
	at org.junit.platform.launcher.core.DefaultLauncher.execute(DefaultLauncher.java:199) [junit-platform-launcher-1.6.2.jar:1.6.2]
	at org.junit.platform.launcher.core.DefaultLauncher.execute(DefaultLauncher.java:132) [junit-platform-launcher-1.6.2.jar:1.6.2]
	at org.apache.maven.surefire.junitplatform.JUnitPlatformProvider.invokeAllTests(JUnitPlatformProvider.java:154) [surefire-junit-platform-3.0.0-M4.jar:3.0.0-M4]
	at org.apache.maven.surefire.junitplatform.JUnitPlatformProvider.invoke(JUnitPlatformProvider.java:123) [surefire-junit-platform-3.0.0-M4.jar:3.0.0-M4]
	at org.apache.maven.surefire.booter.ForkedBooter.runSuitesInProcess(ForkedBooter.java:377) [surefire-booter-3.0.0-M4.jar:3.0.0-M4]
	at org.apache.maven.surefire.booter.ForkedBooter.execute(ForkedBooter.java:138) [surefire-booter-3.0.0-M4.jar:3.0.0-M4]
	at org.apache.maven.surefire.booter.ForkedBooter.run(ForkedBooter.java:465) [surefire-booter-3.0.0-M4.jar:3.0.0-M4]
	at org.apache.maven.surefire.booter.ForkedBooter.main(ForkedBooter.java:451) [surefire-booter-3.0.0-M4.jar:3.0.0-M4]
2024-04-24T01:08:36,958 ERROR [main] parse.MergeSemanticAnalyzer: CBO failed due to missing column stats (see previous errors), skipping CBO
2024-04-24T01:08:36,958  INFO [main] parse.MergeSemanticAnalyzer: Ending caching scope for: 
FAILED: NoMatchingMethodException No matching method for class org.apache.hadoop.hive.ql.udf.UDFToInteger with (struct<writeid:bigint,bucketid:int,rowid:bigint>). Possible choices: _FUNC_(bigint)  _FUNC_(boolean)  _FUNC_(decimal(38,18))  _FUNC_(double)  _FUNC_(float)  _FUNC_(smallint)  _FUNC_(string)  _FUNC_(struct<rowid:bigint,writeid:bigint,bucketid:int>)  _FUNC_(timestamp)  _FUNC_(tinyint)  _FUNC_(void)  
2024-04-24T01:08:36,959 ERROR [main] ql.Driver: FAILED: NoMatchingMethodException No matching method for class org.apache.hadoop.hive.ql.udf.UDFToInteger with (struct<writeid:bigint,bucketid:int,rowid:bigint>). Possible choices: _FUNC_(bigint)  _FUNC_(boolean)  _FUNC_(decimal(38,18))  _FUNC_(double)  _FUNC_(float)  _FUNC_(smallint)  _FUNC_(string)  _FUNC_(struct<rowid:bigint,writeid:bigint,bucketid:int>)  _FUNC_(timestamp)  _FUNC_(tinyint)  _FUNC_(void)  
org.apache.hadoop.hive.ql.exec.NoMatchingMethodException: No matching method for class org.apache.hadoop.hive.ql.udf.UDFToInteger with (struct<writeid:bigint,bucketid:int,rowid:bigint>). Possible choices: _FUNC_(bigint)  _FUNC_(boolean)  _FUNC_(decimal(38,18))  _FUNC_(double)  _FUNC_(float)  _FUNC_(smallint)  _FUNC_(string)  _FUNC_(struct<rowid:bigint,writeid:bigint,bucketid:int>)  _FUNC_(timestamp)  _FUNC_(tinyint)  _FUNC_(void)  
	at org.apache.hadoop.hive.ql.exec.MethodUtils.getMethodInternal(MethodUtils.java:130)
	at org.apache.hadoop.hive.ql.exec.MethodUtils.getMethodInternal(MethodUtils.java:60)
	at org.apache.hadoop.hive.ql.exec.DefaultUDFMethodResolver.getEvalMethod(DefaultUDFMethodResolver.java:59)
	at org.apache.hadoop.hive.ql.udf.TimestampCastRestrictorResolver.getEvalMethod(TimestampCastRestrictorResolver.java:68)
	at org.apache.hadoop.hive.ql.udf.generic.GenericUDFBridge.initialize(GenericUDFBridge.java:168)
	at org.apache.hadoop.hive.ql.udf.generic.GenericUDF.initializeAndFoldConstants(GenericUDF.java:149)
	at org.apache.hadoop.hive.ql.plan.ExprNodeGenericFuncDesc.newInstance(ExprNodeGenericFuncDesc.java:235)
	at org.apache.hadoop.hive.ql.parse.type.ExprNodeDescExprFactory.createFuncCallExpr(ExprNodeDescExprFactory.java:584)
	at org.apache.hadoop.hive.ql.parse.type.ExprNodeDescExprFactory.createFuncCallExpr(ExprNodeDescExprFactory.java:97)
	at org.apache.hadoop.hive.ql.parse.type.TypeCheckProcFactory$DefaultExprProcessor.getFuncExprNodeDescWithUdfData(TypeCheckProcFactory.java:762)
	at org.apache.hadoop.hive.ql.parse.type.TypeCheckProcFactory$DefaultExprProcessor.createConversionCast(TypeCheckProcFactory.java:783)
	at org.apache.hadoop.hive.ql.parse.SemanticAnalyzer.getPartitionColsFromBucketColsForUpdateDelete(SemanticAnalyzer.java:8725)
	at org.apache.hadoop.hive.ql.parse.SemanticAnalyzer.genBucketingSortingDest(SemanticAnalyzer.java:6906)
	at org.apache.hadoop.hive.ql.parse.SemanticAnalyzer.genFileSinkPlan(SemanticAnalyzer.java:7335)
	at org.apache.hadoop.hive.ql.parse.SemanticAnalyzer.genPostGroupByBodyPlan(SemanticAnalyzer.java:11063)
	at org.apache.hadoop.hive.ql.parse.SemanticAnalyzer.genBodyPlan(SemanticAnalyzer.java:10938)
	at org.apache.hadoop.hive.ql.parse.SemanticAnalyzer.genPlan(SemanticAnalyzer.java:11853)
	at org.apache.hadoop.hive.ql.parse.SemanticAnalyzer.genPlan(SemanticAnalyzer.java:11723)
	at org.apache.hadoop.hive.ql.parse.CalcitePlanner.genOPTree(CalcitePlanner.java:626)
	at org.apache.hadoop.hive.ql.parse.SemanticAnalyzer.analyzeInternal(SemanticAnalyzer.java:12558)
	at org.apache.hadoop.hive.ql.parse.CalcitePlanner.analyzeInternal(CalcitePlanner.java:456)
	at org.apache.hadoop.hive.ql.parse.RewriteSemanticAnalyzer.analyzeInternal(RewriteSemanticAnalyzer.java:67)
	at org.apache.hadoop.hive.ql.parse.BaseSemanticAnalyzer.analyze(BaseSemanticAnalyzer.java:317)
	at org.apache.hadoop.hive.ql.parse.MergeSemanticAnalyzer.analyzeMerge(MergeSemanticAnalyzer.java:317)
	at org.apache.hadoop.hive.ql.parse.MergeSemanticAnalyzer.analyze(MergeSemanticAnalyzer.java:63)
	at org.apache.hadoop.hive.ql.parse.RewriteSemanticAnalyzer.analyzeInternal(RewriteSemanticAnalyzer.java:72)
	at org.apache.hadoop.hive.ql.parse.BaseSemanticAnalyzer.analyze(BaseSemanticAnalyzer.java:317)
	at org.apache.hadoop.hive.ql.Compiler.analyze(Compiler.java:223)
	at org.apache.hadoop.hive.ql.Compiler.compile(Compiler.java:105)
	at org.apache.hadoop.hive.ql.Driver.compile(Driver.java:500)
	at org.apache.hadoop.hive.ql.Driver.compileInternal(Driver.java:453)
	at org.apache.hadoop.hive.ql.Driver.runInternal(Driver.java:181)
	at org.apache.hadoop.hive.ql.Driver.run(Driver.java:153)
	at org.apache.hadoop.hive.ql.Driver.run(Driver.java:140)
	at org.apache.hadoop.hive.ql.TxnCommandsBaseForTests.runStatementOnDriver(TxnCommandsBaseForTests.java:245)
	at org.apache.hadoop.hive.ql.TestTxnCommands.testMergeUpdateDelete(TestTxnCommands.java:1242)
	at sun.reflect.NativeMethodAccessorImpl.invoke0(Native Method)
	at sun.reflect.NativeMethodAccessorImpl.invoke(NativeMethodAccessorImpl.java:62)
	at sun.reflect.DelegatingMethodAccessorImpl.invoke(DelegatingMethodAccessorImpl.java:43)
	at java.lang.reflect.Method.invoke(Method.java:498)
	at org.junit.runners.model.FrameworkMethod$1.runReflectiveCall(FrameworkMethod.java:59)
	at org.junit.internal.runners.model.ReflectiveCallable.run(ReflectiveCallable.java:12)
	at org.junit.runners.model.FrameworkMethod.invokeExplosively(FrameworkMethod.java:56)
	at org.junit.internal.runners.statements.InvokeMethod.evaluate(InvokeMethod.java:17)
	at org.junit.internal.runners.statements.RunBefores.evaluate(RunBefores.java:26)
	at org.junit.internal.runners.statements.RunAfters.evaluate(RunAfters.java:27)
	at org.junit.rules.TestWatcher$1.evaluate(TestWatcher.java:61)
	at org.junit.runners.ParentRunner$3.evaluate(ParentRunner.java:306)
	at org.junit.runners.BlockJUnit4ClassRunner$1.evaluate(BlockJUnit4ClassRunner.java:100)
	at org.junit.runners.ParentRunner.runLeaf(ParentRunner.java:366)
	at org.junit.runners.BlockJUnit4ClassRunner.runChild(BlockJUnit4ClassRunner.java:103)
	at org.junit.runners.BlockJUnit4ClassRunner.runChild(BlockJUnit4ClassRunner.java:63)
	at org.junit.runners.ParentRunner$4.run(ParentRunner.java:331)
	at org.junit.runners.ParentRunner$1.schedule(ParentRunner.java:79)
	at org.junit.runners.ParentRunner.runChildren(ParentRunner.java:329)
	at org.junit.runners.ParentRunner.access$100(ParentRunner.java:66)
	at org.junit.runners.ParentRunner$2.evaluate(ParentRunner.java:293)
	at org.junit.runners.ParentRunner$3.evaluate(ParentRunner.java:306)
	at org.junit.runners.ParentRunner.run(ParentRunner.java:413)
	at org.junit.runner.JUnitCore.run(JUnitCore.java:137)
	at org.junit.runner.JUnitCore.run(JUnitCore.java:115)
	at org.junit.vintage.engine.execution.RunnerExecutor.execute(RunnerExecutor.java:43)
	at java.util.stream.ForEachOps$ForEachOp$OfRef.accept(ForEachOps.java:183)
	at java.util.stream.ReferencePipeline$3$1.accept(ReferencePipeline.java:193)
	at java.util.Iterator.forEachRemaining(Iterator.java:116)
	at java.util.Spliterators$IteratorSpliterator.forEachRemaining(Spliterators.java:1801)
	at java.util.stream.AbstractPipeline.copyInto(AbstractPipeline.java:482)
	at java.util.stream.AbstractPipeline.wrapAndCopyInto(AbstractPipeline.java:472)
	at java.util.stream.ForEachOps$ForEachOp.evaluateSequential(ForEachOps.java:150)
	at java.util.stream.ForEachOps$ForEachOp$OfRef.evaluateSequential(ForEachOps.java:173)
	at java.util.stream.AbstractPipeline.evaluate(AbstractPipeline.java:234)
	at java.util.stream.ReferencePipeline.forEach(ReferencePipeline.java:485)
	at org.junit.vintage.engine.VintageTestEngine.executeAllChildren(VintageTestEngine.java:82)
	at org.junit.vintage.engine.VintageTestEngine.execute(VintageTestEngine.java:73)
	at org.junit.platform.launcher.core.DefaultLauncher.execute(DefaultLauncher.java:248)
	at org.junit.platform.launcher.core.DefaultLauncher.lambda$execute$5(DefaultLauncher.java:211)
	at org.junit.platform.launcher.core.DefaultLauncher.withInterceptedStreams(DefaultLauncher.java:226)
	at org.junit.platform.launcher.core.DefaultLauncher.execute(DefaultLauncher.java:199)
	at org.junit.platform.launcher.core.DefaultLauncher.execute(DefaultLauncher.java:132)
	at org.apache.maven.surefire.junitplatform.JUnitPlatformProvider.invokeAllTests(JUnitPlatformProvider.java:154)
	at org.apache.maven.surefire.junitplatform.JUnitPlatformProvider.invoke(JUnitPlatformProvider.java:123)
	at org.apache.maven.surefire.booter.ForkedBooter.runSuitesInProcess(ForkedBooter.java:377)
	at org.apache.maven.surefire.booter.ForkedBooter.execute(ForkedBooter.java:138)
	at org.apache.maven.surefire.booter.ForkedBooter.run(ForkedBooter.java:465)
	at org.apache.maven.surefire.booter.ForkedBooter.main(ForkedBooter.java:451)

2024-04-24T01:08:36,960  INFO [main] metadata.Hive: Dumping metastore api call timing information for : compilation phase
2024-04-24T01:08:36,960  INFO [main] metadata.Hive: Total time spent in each metastore function (ms): {getValidWriteIds_(List, String)=10, flushCache_()=0, getValidTxns_(long)=2, isCompatibleWith_(Configuration)=0, commitTxn_(CommitTxnRequest)=14, openTxn_(String, TxnType)=4, getTable_(GetTableRequest)=112, createTable_(Table)=3, getTableColumnStatistics_(String, String, List, String)=91, getAllTableConstraints_(AllTableConstraintsRequest)=15}
2024-04-24T01:08:36,961  INFO [main] ql.Driver: Completed compiling command(queryId=alex_20240424010836_fd09a24d-24ba-44b5-a3fd-30c924749c21); Time taken: 0.727 seconds
2024-04-24T01:08:36,961  INFO [main] lockmgr.DbTxnManager: Stopped heartbeat for query: null
2024-04-24T01:08:36,965  INFO [main] txn.TxnHandler: Removed transactions: ([15]) from MIN_HISTORY_LEVEL
2024-04-24T01:08:36,975  INFO [main] ql.TxnCommandsBaseForTests: Running the query: drop table if exists acidTbl
2024-04-24T01:08:36,975  INFO [main] ql.Context: Deleting scratch dir: file:/home/alex/Repositories/hive/ql/target/tmp/localscratchdir/c86edbf2-6297-4b58-9930-64169b5912a4/hive_2024-04-24_01-08-36_285_7343543536760758643-1
2024-04-24T01:08:36,976  INFO [main] ql.Driver: Compiling command(queryId=alex_20240424010836_c39485d4-10de-457d-a5cf-4fea388e6242): drop table if exists acidTbl
2024-04-24T01:08:36,980  INFO [main] txn.TxnHandler: Added entries to MIN_HISTORY_LEVEL for current txns: ([16]) with min_open_txn: 15
2024-04-24T01:08:36,980  INFO [main] lockmgr.DbTxnManager: Opened txnid:16
2024-04-24T01:08:36,982  INFO [main] HiveMetaStore.audit: ugi=alex	ip=unknown-ip-addr	cmd=get_table : tbl=hive.default.acidTbl	
2024-04-24T01:08:36,991  INFO [main] metastore.HMSHandler: Skipping translation for processor with null
2024-04-24T01:08:36,991  INFO [main] ql.Driver: Semantic Analysis Completed (retrial = false)
2024-04-24T01:08:36,991  INFO [main] ql.Driver: Created Hive schema: Schema(fieldSchemas:null, properties:null)
2024-04-24T01:08:36,991  INFO [main] metadata.Hive: Dumping metastore api call timing information for : compilation phase
2024-04-24T01:08:36,991  INFO [main] metadata.Hive: Total time spent in each metastore function (ms): {isCompatibleWith_(Configuration)=0, openTxn_(String, TxnType)=3, getTable_(GetTableRequest)=9, flushCache_()=1, getValidTxns_(long)=1, rollbackTxn_(long)=13}
2024-04-24T01:08:36,992  INFO [main] ql.Driver: Completed compiling command(queryId=alex_20240424010836_c39485d4-10de-457d-a5cf-4fea388e6242); Time taken: 0.015 seconds
2024-04-24T01:08:36,992  INFO [main] lockmgr.DbTxnManager: Setting lock request transaction to txnid:16 for queryId=alex_20240424010836_c39485d4-10de-457d-a5cf-4fea388e6242
2024-04-24T01:08:36,993  INFO [main] lockmgr.DbLockManager: Requesting lock for queryId=alex_20240424010836_c39485d4-10de-457d-a5cf-4fea388e6242
2024-04-24T01:08:37,012  INFO [main] lockmgr.DbLockManager: Response to queryId=alex_20240424010836_c39485d4-10de-457d-a5cf-4fea388e6242 LockResponse(lockid:9, state:ACQUIRED)
2024-04-24T01:08:37,012  INFO [main] ql.Driver: Operation DROPTABLE obtained 1 locks
2024-04-24T01:08:37,013  INFO [main] ql.Driver: Executing command(queryId=alex_20240424010836_c39485d4-10de-457d-a5cf-4fea388e6242): drop table if exists acidTbl
2024-04-24T01:08:37,013  INFO [main] ql.Driver: Starting task [Stage-0:DDL] in serial mode
2024-04-24T01:08:37,013  INFO [main] HiveMetaStore.audit: ugi=alex	ip=unknown-ip-addr	cmd=get_table : tbl=hive.default.acidTbl	
2024-04-24T01:08:37,023  INFO [main] metastore.HMSHandler: Skipping translation for processor with null
2024-04-24T01:08:37,024  INFO [main] HiveMetaStore.audit: ugi=alex	ip=unknown-ip-addr	cmd=get_table : tbl=hive.default.acidTbl	
2024-04-24T01:08:37,034  INFO [main] metastore.HMSHandler: Skipping translation for processor with null
2024-04-24T01:08:37,034  INFO [main] HiveMetaStore.audit: ugi=alex	ip=unknown-ip-addr	cmd=drop_table : tbl=hive.default.acidTbl	
2024-04-24T01:08:37,241  INFO [main] metadata.Hive: Dumping metastore api call timing information for : execution phase
2024-04-24T01:08:37,241  INFO [main] metadata.Hive: Total time spent in each metastore function (ms): {dropTable_(String, String, boolean, boolean, boolean)=216, isCompatibleWith_(Configuration)=0, getTable_(GetTableRequest)=11}
2024-04-24T01:08:37,241  INFO [main] ql.Driver: Completed executing command(queryId=alex_20240424010836_c39485d4-10de-457d-a5cf-4fea388e6242); Time taken: 0.228 seconds
2024-04-24T01:08:37,241  INFO [main] lockmgr.DbTxnManager: Stopped heartbeat for query: alex_20240424010836_c39485d4-10de-457d-a5cf-4fea388e6242
2024-04-24T01:08:37,247  INFO [main] txn.TxnHandler: Expected to move at least one record from txn_components to completed_txn_components when committing txn! txnid:16
2024-04-24T01:08:37,256  INFO [main] txn.TxnHandler: Removed transactions: ([16]) from MIN_HISTORY_LEVEL
2024-04-24T01:08:37,258  WARN [main] txn.CompactionTxnHandler: No compaction queue record found for Compaction type transaction commit. txnId:16
2024-04-24T01:08:37,259  INFO [main] ql.TxnCommandsBaseForTests: Running the query: drop table if exists acidTblPart
2024-04-24T01:08:37,259  INFO [main] ql.Driver: Compiling command(queryId=alex_20240424010837_6f55ce19-734e-4a2b-8216-2ab1371a1227): drop table if exists acidTblPart
2024-04-24T01:08:37,270  INFO [main] txn.TxnHandler: Added entries to MIN_HISTORY_LEVEL for current txns: ([17]) with min_open_txn: 16
2024-04-24T01:08:37,270  INFO [main] lockmgr.DbTxnManager: Opened txnid:17
2024-04-24T01:08:37,274  INFO [main] HiveMetaStore.audit: ugi=alex	ip=unknown-ip-addr	cmd=get_table : tbl=hive.default.acidTblPart	
2024-04-24T01:08:37,299  INFO [main] metastore.HMSHandler: Skipping translation for processor with null
2024-04-24T01:08:37,300  INFO [main] ql.Driver: Semantic Analysis Completed (retrial = false)
2024-04-24T01:08:37,300  INFO [main] ql.Driver: Created Hive schema: Schema(fieldSchemas:null, properties:null)
2024-04-24T01:08:37,300  INFO [main] metadata.Hive: Dumping metastore api call timing information for : compilation phase
2024-04-24T01:08:37,300  INFO [main] metadata.Hive: Total time spent in each metastore function (ms): {commitTxn_(CommitTxnRequest)=18, getValidTxns_(long)=3, flushCache_()=0, isCompatibleWith_(Configuration)=0, openTxn_(String, TxnType)=10, getTable_(GetTableRequest)=26}
2024-04-24T01:08:37,300  INFO [main] ql.Driver: Completed compiling command(queryId=alex_20240424010837_6f55ce19-734e-4a2b-8216-2ab1371a1227); Time taken: 0.041 seconds
2024-04-24T01:08:37,301  INFO [main] lockmgr.DbTxnManager: Setting lock request transaction to txnid:17 for queryId=alex_20240424010837_6f55ce19-734e-4a2b-8216-2ab1371a1227
2024-04-24T01:08:37,301  INFO [main] lockmgr.DbLockManager: Requesting lock for queryId=alex_20240424010837_6f55ce19-734e-4a2b-8216-2ab1371a1227
2024-04-24T01:08:37,322  INFO [main] lockmgr.DbLockManager: Response to queryId=alex_20240424010837_6f55ce19-734e-4a2b-8216-2ab1371a1227 LockResponse(lockid:10, state:ACQUIRED)
2024-04-24T01:08:37,322  INFO [main] ql.Driver: Operation DROPTABLE obtained 1 locks
2024-04-24T01:08:37,322  INFO [main] ql.Driver: Executing command(queryId=alex_20240424010837_6f55ce19-734e-4a2b-8216-2ab1371a1227): drop table if exists acidTblPart
2024-04-24T01:08:37,323  INFO [main] ql.Driver: Starting task [Stage-0:DDL] in serial mode
2024-04-24T01:08:37,323  INFO [main] HiveMetaStore.audit: ugi=alex	ip=unknown-ip-addr	cmd=get_table : tbl=hive.default.acidTblPart	
2024-04-24T01:08:37,333  INFO [main] metastore.HMSHandler: Skipping translation for processor with null
2024-04-24T01:08:37,334  INFO [main] HiveMetaStore.audit: ugi=alex	ip=unknown-ip-addr	cmd=get_table : tbl=hive.default.acidTblPart	
2024-04-24T01:08:37,344  INFO [main] metastore.HMSHandler: Skipping translation for processor with null
2024-04-24T01:08:37,345  INFO [main] HiveMetaStore.audit: ugi=alex	ip=unknown-ip-addr	cmd=drop_table : tbl=hive.default.acidTblPart	
2024-04-24T01:08:37,407  INFO [main] metadata.Hive: Dumping metastore api call timing information for : execution phase
2024-04-24T01:08:37,408  INFO [main] metadata.Hive: Total time spent in each metastore function (ms): {getTable_(GetTableRequest)=10, isCompatibleWith_(Configuration)=0, dropTable_(String, String, boolean, boolean, boolean)=74}
2024-04-24T01:08:37,408  INFO [main] ql.Driver: Completed executing command(queryId=alex_20240424010837_6f55ce19-734e-4a2b-8216-2ab1371a1227); Time taken: 0.085 seconds
2024-04-24T01:08:37,408  INFO [main] lockmgr.DbTxnManager: Stopped heartbeat for query: alex_20240424010837_6f55ce19-734e-4a2b-8216-2ab1371a1227
2024-04-24T01:08:37,414  INFO [main] txn.TxnHandler: Expected to move at least one record from txn_components to completed_txn_components when committing txn! txnid:17
2024-04-24T01:08:37,421  INFO [main] txn.TxnHandler: Removed transactions: ([17]) from MIN_HISTORY_LEVEL
2024-04-24T01:08:37,421  WARN [main] txn.CompactionTxnHandler: No compaction queue record found for Compaction type transaction commit. txnId:17
2024-04-24T01:08:37,422  INFO [main] ql.TxnCommandsBaseForTests: Running the query: drop table if exists acidTbl2
2024-04-24T01:08:37,423  INFO [main] ql.Driver: Compiling command(queryId=alex_20240424010837_d2ab58a4-56dd-42aa-aabd-07a34ce128f6): drop table if exists acidTbl2
2024-04-24T01:08:37,427  INFO [main] txn.TxnHandler: Added entries to MIN_HISTORY_LEVEL for current txns: ([18]) with min_open_txn: 16
2024-04-24T01:08:37,427  INFO [main] lockmgr.DbTxnManager: Opened txnid:18
2024-04-24T01:08:37,429  INFO [main] ql.Driver: Semantic Analysis Completed (retrial = false)
2024-04-24T01:08:37,429  INFO [main] ql.Driver: Created Hive schema: Schema(fieldSchemas:null, properties:null)
2024-04-24T01:08:37,429  INFO [main] metadata.Hive: Dumping metastore api call timing information for : compilation phase
2024-04-24T01:08:37,429  INFO [main] metadata.Hive: Total time spent in each metastore function (ms): {commitTxn_(CommitTxnRequest)=14, getValidTxns_(long)=2, isCompatibleWith_(Configuration)=0, openTxn_(String, TxnType)=3, getTable_(GetTableRequest)=0, flushCache_()=0}
2024-04-24T01:08:37,430  INFO [main] ql.Driver: Completed compiling command(queryId=alex_20240424010837_d2ab58a4-56dd-42aa-aabd-07a34ce128f6); Time taken: 0.006 seconds
2024-04-24T01:08:37,430  INFO [main] lockmgr.DbTxnManager: Setting lock request transaction to txnid:18 for queryId=alex_20240424010837_d2ab58a4-56dd-42aa-aabd-07a34ce128f6
2024-04-24T01:08:37,430  INFO [main] ql.Driver: Operation DROPTABLE obtained 0 locks
2024-04-24T01:08:37,430  INFO [main] ql.Driver: Executing command(queryId=alex_20240424010837_d2ab58a4-56dd-42aa-aabd-07a34ce128f6): drop table if exists acidTbl2
2024-04-24T01:08:37,430  INFO [main] ql.Driver: Starting task [Stage-0:DDL] in serial mode
2024-04-24T01:08:37,431  INFO [main] metadata.SessionHiveMetaStoreClient: Column stats doesn't exist for db=default temp table=acidTbl2
2024-04-24T01:08:37,432  INFO [main] metadata.Hive: Dumping metastore api call timing information for : execution phase
2024-04-24T01:08:37,432  INFO [main] metadata.Hive: Total time spent in each metastore function (ms): {dropTable_(String, String, boolean, boolean, boolean)=1, isCompatibleWith_(Configuration)=0, getTable_(GetTableRequest)=1}
2024-04-24T01:08:37,432  INFO [main] ql.Driver: Completed executing command(queryId=alex_20240424010837_d2ab58a4-56dd-42aa-aabd-07a34ce128f6); Time taken: 0.002 seconds
2024-04-24T01:08:37,432  INFO [main] lockmgr.DbTxnManager: Stopped heartbeat for query: alex_20240424010837_d2ab58a4-56dd-42aa-aabd-07a34ce128f6
2024-04-24T01:08:37,439  INFO [main] txn.TxnHandler: Expected to move at least one record from txn_components to completed_txn_components when committing txn! txnid:18
2024-04-24T01:08:37,448  INFO [main] txn.TxnHandler: Removed transactions: ([18]) from MIN_HISTORY_LEVEL
2024-04-24T01:08:37,448  WARN [main] txn.CompactionTxnHandler: No compaction queue record found for Compaction type transaction commit. txnId:18
2024-04-24T01:08:37,449  INFO [main] ql.TxnCommandsBaseForTests: Running the query: drop table if exists nonAcidOrcTbl
2024-04-24T01:08:37,450  INFO [main] ql.Driver: Compiling command(queryId=alex_20240424010837_db35a73b-bbf4-4954-9888-a36c2af105cc): drop table if exists nonAcidOrcTbl
2024-04-24T01:08:37,454  INFO [main] txn.TxnHandler: Added entries to MIN_HISTORY_LEVEL for current txns: ([19]) with min_open_txn: 16
2024-04-24T01:08:37,454  INFO [main] lockmgr.DbTxnManager: Opened txnid:19
2024-04-24T01:08:37,456  INFO [main] HiveMetaStore.audit: ugi=alex	ip=unknown-ip-addr	cmd=get_table : tbl=hive.default.nonAcidOrcTbl	
2024-04-24T01:08:37,488  INFO [main] metastore.HMSHandler: Skipping translation for processor with null
2024-04-24T01:08:37,488  INFO [main] ql.Driver: Semantic Analysis Completed (retrial = false)
2024-04-24T01:08:37,488  INFO [main] ql.Driver: Created Hive schema: Schema(fieldSchemas:null, properties:null)
2024-04-24T01:08:37,488  INFO [main] metadata.Hive: Dumping metastore api call timing information for : compilation phase
2024-04-24T01:08:37,488  INFO [main] metadata.Hive: Total time spent in each metastore function (ms): {isCompatibleWith_(Configuration)=0, openTxn_(String, TxnType)=3, flushCache_()=0, commitTxn_(CommitTxnRequest)=16, getTable_(GetTableRequest)=32, getValidTxns_(long)=2}
2024-04-24T01:08:37,489  INFO [main] ql.Driver: Completed compiling command(queryId=alex_20240424010837_db35a73b-bbf4-4954-9888-a36c2af105cc); Time taken: 0.038 seconds
2024-04-24T01:08:37,489  INFO [main] lockmgr.DbTxnManager: Setting lock request transaction to txnid:19 for queryId=alex_20240424010837_db35a73b-bbf4-4954-9888-a36c2af105cc
2024-04-24T01:08:37,490  INFO [main] lockmgr.DbLockManager: Requesting lock for queryId=alex_20240424010837_db35a73b-bbf4-4954-9888-a36c2af105cc
2024-04-24T01:08:37,518  INFO [main] lockmgr.DbLockManager: Response to queryId=alex_20240424010837_db35a73b-bbf4-4954-9888-a36c2af105cc LockResponse(lockid:11, state:ACQUIRED)
2024-04-24T01:08:37,518  INFO [main] ql.Driver: Operation DROPTABLE obtained 1 locks
2024-04-24T01:08:37,518  INFO [main] ql.Driver: Executing command(queryId=alex_20240424010837_db35a73b-bbf4-4954-9888-a36c2af105cc): drop table if exists nonAcidOrcTbl
2024-04-24T01:08:37,518  INFO [main] ql.Driver: Starting task [Stage-0:DDL] in serial mode
2024-04-24T01:08:37,519  INFO [main] HiveMetaStore.audit: ugi=alex	ip=unknown-ip-addr	cmd=get_table : tbl=hive.default.nonAcidOrcTbl	
2024-04-24T01:08:37,533  INFO [main] metastore.HMSHandler: Skipping translation for processor with null
2024-04-24T01:08:37,534  INFO [main] HiveMetaStore.audit: ugi=alex	ip=unknown-ip-addr	cmd=get_table : tbl=hive.default.nonAcidOrcTbl	
2024-04-24T01:08:37,550  INFO [main] metastore.HMSHandler: Skipping translation for processor with null
2024-04-24T01:08:37,551  INFO [main] HiveMetaStore.audit: ugi=alex	ip=unknown-ip-addr	cmd=drop_table : tbl=hive.default.nonAcidOrcTbl	
2024-04-24T01:08:37,689  INFO [main] metadata.Hive: Dumping metastore api call timing information for : execution phase
2024-04-24T01:08:37,690  INFO [main] metadata.Hive: Total time spent in each metastore function (ms): {getTable_(GetTableRequest)=14, dropTable_(String, String, boolean, boolean, boolean)=156, isCompatibleWith_(Configuration)=0}
2024-04-24T01:08:37,690  INFO [main] ql.Driver: Completed executing command(queryId=alex_20240424010837_db35a73b-bbf4-4954-9888-a36c2af105cc); Time taken: 0.171 seconds
2024-04-24T01:08:37,690  INFO [main] lockmgr.DbTxnManager: Stopped heartbeat for query: alex_20240424010837_db35a73b-bbf4-4954-9888-a36c2af105cc
2024-04-24T01:08:37,695  INFO [main] txn.TxnHandler: Expected to move at least one record from txn_components to completed_txn_components when committing txn! txnid:19
2024-04-24T01:08:37,703  INFO [main] txn.TxnHandler: Removed transactions: ([19]) from MIN_HISTORY_LEVEL
2024-04-24T01:08:37,703  WARN [main] txn.CompactionTxnHandler: No compaction queue record found for Compaction type transaction commit. txnId:19
2024-04-24T01:08:37,704  INFO [main] ql.TxnCommandsBaseForTests: Running the query: drop table if exists nonAcidOrcTbl2
2024-04-24T01:08:37,705  INFO [main] ql.Driver: Compiling command(queryId=alex_20240424010837_28b5c938-b9a8-41a6-90c1-09a7edc90537): drop table if exists nonAcidOrcTbl2
2024-04-24T01:08:37,709  INFO [main] txn.TxnHandler: Added entries to MIN_HISTORY_LEVEL for current txns: ([20]) with min_open_txn: 16
2024-04-24T01:08:37,709  INFO [main] lockmgr.DbTxnManager: Opened txnid:20
2024-04-24T01:08:37,711  INFO [main] HiveMetaStore.audit: ugi=alex	ip=unknown-ip-addr	cmd=get_table : tbl=hive.default.nonAcidOrcTbl2	
2024-04-24T01:08:37,725  INFO [main] metastore.HMSHandler: Skipping translation for processor with null
2024-04-24T01:08:37,725  INFO [main] ql.Driver: Semantic Analysis Completed (retrial = false)
2024-04-24T01:08:37,725  INFO [main] ql.Driver: Created Hive schema: Schema(fieldSchemas:null, properties:null)
2024-04-24T01:08:37,725  INFO [main] metadata.Hive: Dumping metastore api call timing information for : compilation phase
2024-04-24T01:08:37,725  INFO [main] metadata.Hive: Total time spent in each metastore function (ms): {flushCache_()=0, getTable_(GetTableRequest)=14, commitTxn_(CommitTxnRequest)=14, getValidTxns_(long)=2, isCompatibleWith_(Configuration)=1, openTxn_(String, TxnType)=3}
2024-04-24T01:08:37,725  INFO [main] ql.Driver: Completed compiling command(queryId=alex_20240424010837_28b5c938-b9a8-41a6-90c1-09a7edc90537); Time taken: 0.02 seconds
2024-04-24T01:08:37,726  INFO [main] lockmgr.DbTxnManager: Setting lock request transaction to txnid:20 for queryId=alex_20240424010837_28b5c938-b9a8-41a6-90c1-09a7edc90537
2024-04-24T01:08:37,726  INFO [main] lockmgr.DbLockManager: Requesting lock for queryId=alex_20240424010837_28b5c938-b9a8-41a6-90c1-09a7edc90537
2024-04-24T01:08:37,774  INFO [main] lockmgr.DbLockManager: Response to queryId=alex_20240424010837_28b5c938-b9a8-41a6-90c1-09a7edc90537 LockResponse(lockid:12, state:ACQUIRED)
2024-04-24T01:08:37,774  INFO [main] ql.Driver: Operation DROPTABLE obtained 1 locks
2024-04-24T01:08:37,774  INFO [main] ql.Driver: Executing command(queryId=alex_20240424010837_28b5c938-b9a8-41a6-90c1-09a7edc90537): drop table if exists nonAcidOrcTbl2
2024-04-24T01:08:37,774  INFO [main] ql.Driver: Starting task [Stage-0:DDL] in serial mode
2024-04-24T01:08:37,774  INFO [main] HiveMetaStore.audit: ugi=alex	ip=unknown-ip-addr	cmd=get_table : tbl=hive.default.nonAcidOrcTbl2	
2024-04-24T01:08:37,790  INFO [main] metastore.HMSHandler: Skipping translation for processor with null
2024-04-24T01:08:37,791  INFO [main] HiveMetaStore.audit: ugi=alex	ip=unknown-ip-addr	cmd=get_table : tbl=hive.default.nonAcidOrcTbl2	
2024-04-24T01:08:37,804  INFO [main] metastore.HMSHandler: Skipping translation for processor with null
2024-04-24T01:08:37,805  INFO [main] HiveMetaStore.audit: ugi=alex	ip=unknown-ip-addr	cmd=drop_table : tbl=hive.default.nonAcidOrcTbl2	
2024-04-24T01:08:37,861  INFO [main] metadata.Hive: Dumping metastore api call timing information for : execution phase
2024-04-24T01:08:37,861  INFO [main] metadata.Hive: Total time spent in each metastore function (ms): {dropTable_(String, String, boolean, boolean, boolean)=70, isCompatibleWith_(Configuration)=0, getTable_(GetTableRequest)=17}
2024-04-24T01:08:37,861  INFO [main] ql.Driver: Completed executing command(queryId=alex_20240424010837_28b5c938-b9a8-41a6-90c1-09a7edc90537); Time taken: 0.087 seconds
2024-04-24T01:08:37,861  INFO [main] lockmgr.DbTxnManager: Stopped heartbeat for query: alex_20240424010837_28b5c938-b9a8-41a6-90c1-09a7edc90537
2024-04-24T01:08:37,867  INFO [main] txn.TxnHandler: Expected to move at least one record from txn_components to completed_txn_components when committing txn! txnid:20
2024-04-24T01:08:37,874  INFO [main] txn.TxnHandler: Removed transactions: ([20]) from MIN_HISTORY_LEVEL
2024-04-24T01:08:37,874  WARN [main] txn.CompactionTxnHandler: No compaction queue record found for Compaction type transaction commit. txnId:20
2024-04-24T01:08:37,875  INFO [main] ql.TxnCommandsBaseForTests: Running the query: drop table if exists nonAcidNonBucket
2024-04-24T01:08:37,876  INFO [main] ql.Driver: Compiling command(queryId=alex_20240424010837_3d1148bc-9e2c-453b-8c6b-3f1910ebec82): drop table if exists nonAcidNonBucket
2024-04-24T01:08:37,880  INFO [main] txn.TxnHandler: Added entries to MIN_HISTORY_LEVEL for current txns: ([21]) with min_open_txn: 16
2024-04-24T01:08:37,881  INFO [main] lockmgr.DbTxnManager: Opened txnid:21
2024-04-24T01:08:37,882  INFO [main] HiveMetaStore.audit: ugi=alex	ip=unknown-ip-addr	cmd=get_table : tbl=hive.default.nonAcidNonBucket	
2024-04-24T01:08:37,899  INFO [main] metastore.HMSHandler: Skipping translation for processor with null
2024-04-24T01:08:37,899  INFO [main] ql.Driver: Semantic Analysis Completed (retrial = false)
2024-04-24T01:08:37,899  INFO [main] ql.Driver: Created Hive schema: Schema(fieldSchemas:null, properties:null)
2024-04-24T01:08:37,900  INFO [main] metadata.Hive: Dumping metastore api call timing information for : compilation phase
2024-04-24T01:08:37,900  INFO [main] metadata.Hive: Total time spent in each metastore function (ms): {getValidTxns_(long)=1, getTable_(GetTableRequest)=17, isCompatibleWith_(Configuration)=1, flushCache_()=0, openTxn_(String, TxnType)=4, commitTxn_(CommitTxnRequest)=13}
2024-04-24T01:08:37,900  INFO [main] ql.Driver: Completed compiling command(queryId=alex_20240424010837_3d1148bc-9e2c-453b-8c6b-3f1910ebec82); Time taken: 0.023 seconds
2024-04-24T01:08:37,900  INFO [main] lockmgr.DbTxnManager: Setting lock request transaction to txnid:21 for queryId=alex_20240424010837_3d1148bc-9e2c-453b-8c6b-3f1910ebec82
2024-04-24T01:08:37,901  INFO [main] lockmgr.DbLockManager: Requesting lock for queryId=alex_20240424010837_3d1148bc-9e2c-453b-8c6b-3f1910ebec82
2024-04-24T01:08:37,927  INFO [main] lockmgr.DbLockManager: Response to queryId=alex_20240424010837_3d1148bc-9e2c-453b-8c6b-3f1910ebec82 LockResponse(lockid:13, state:ACQUIRED)
2024-04-24T01:08:37,927  INFO [main] ql.Driver: Operation DROPTABLE obtained 1 locks
2024-04-24T01:08:37,927  INFO [main] ql.Driver: Executing command(queryId=alex_20240424010837_3d1148bc-9e2c-453b-8c6b-3f1910ebec82): drop table if exists nonAcidNonBucket
2024-04-24T01:08:37,927  INFO [main] ql.Driver: Starting task [Stage-0:DDL] in serial mode
2024-04-24T01:08:37,928  INFO [main] HiveMetaStore.audit: ugi=alex	ip=unknown-ip-addr	cmd=get_table : tbl=hive.default.nonAcidNonBucket	
2024-04-24T01:08:37,942  INFO [main] metastore.HMSHandler: Skipping translation for processor with null
2024-04-24T01:08:37,942  INFO [main] HiveMetaStore.audit: ugi=alex	ip=unknown-ip-addr	cmd=get_table : tbl=hive.default.nonAcidNonBucket	
2024-04-24T01:08:37,956  INFO [main] metastore.HMSHandler: Skipping translation for processor with null
2024-04-24T01:08:37,957  INFO [main] HiveMetaStore.audit: ugi=alex	ip=unknown-ip-addr	cmd=drop_table : tbl=hive.default.nonAcidNonBucket	
2024-04-24T01:08:38,007  INFO [main] metadata.Hive: Dumping metastore api call timing information for : execution phase
2024-04-24T01:08:38,007  INFO [main] metadata.Hive: Total time spent in each metastore function (ms): {dropTable_(String, String, boolean, boolean, boolean)=64, isCompatibleWith_(Configuration)=1, getTable_(GetTableRequest)=14}
2024-04-24T01:08:38,007  INFO [main] ql.Driver: Completed executing command(queryId=alex_20240424010837_3d1148bc-9e2c-453b-8c6b-3f1910ebec82); Time taken: 0.08 seconds
2024-04-24T01:08:38,007  INFO [main] lockmgr.DbTxnManager: Stopped heartbeat for query: alex_20240424010837_3d1148bc-9e2c-453b-8c6b-3f1910ebec82
2024-04-24T01:08:38,014  INFO [main] txn.TxnHandler: Expected to move at least one record from txn_components to completed_txn_components when committing txn! txnid:21
2024-04-24T01:08:38,024  INFO [main] txn.TxnHandler: Removed transactions: ([21]) from MIN_HISTORY_LEVEL
2024-04-24T01:08:38,024  WARN [main] txn.CompactionTxnHandler: No compaction queue record found for Compaction type transaction commit. txnId:21
2024-04-24T01:08:38,026  INFO [main] utils.TestTxnDbUtil: Cleaning transactional tables
]]></system-err>
  </testcase>
  <testcase name="testMergeCase" classname="org.apache.hadoop.hive.ql.TestTxnCommandsWithSplitUpdateAndVectorization" time="5.139"/>
  <testcase name="testSetClauseFakeColumn" classname="org.apache.hadoop.hive.ql.TestTxnCommandsWithSplitUpdateAndVectorization" time="1.761"/>
  <testcase name="testBadOnClause" classname="org.apache.hadoop.hive.ql.TestTxnCommandsWithSplitUpdateAndVectorization" time="1.396"/>
  <testcase name="testSimpleAcidInsert" classname="org.apache.hadoop.hive.ql.TestTxnCommandsWithSplitUpdateAndVectorization" time="9.187"/>
  <testcase name="testTxnStatsOnOff" classname="org.apache.hadoop.hive.ql.TestTxnCommandsWithSplitUpdateAndVectorization" time="6.706"/>
  <testcase name="testMergeUpdateDeleteNoCardCheck" classname="org.apache.hadoop.hive.ql.TestTxnCommandsWithSplitUpdateAndVectorization" time="4.8">
    <error type="java.lang.RuntimeException"><![CDATA[java.lang.RuntimeException: merge into acidTbl as t using nonAcidOrcTbl s ON t.a = s.a WHEN MATCHED AND s.a < 3 THEN update set b = 0 WHEN MATCHED and t.a > 3 and t.a < 5 THEN DELETE  failed: (responseCode = 40000, errorMessage = FAILED: NoMatchingMethodException No matching method for class org.apache.hadoop.hive.ql.udf.UDFToInteger with (struct<writeid:bigint,bucketid:int,rowid:bigint>). Possible choices: _FUNC_(bigint)  _FUNC_(boolean)  _FUNC_(decimal(38,18))  _FUNC_(double)  _FUNC_(float)  _FUNC_(smallint)  _FUNC_(string)  _FUNC_(struct<rowid:bigint,writeid:bigint,bucketid:int>)  _FUNC_(timestamp)  _FUNC_(tinyint)  _FUNC_(void)  , hiveErrorCode = 40000, SQLState = 42000, exception = No matching method for class org.apache.hadoop.hive.ql.udf.UDFToInteger with (struct<writeid:bigint,bucketid:int,rowid:bigint>). Possible choices: _FUNC_(bigint)  _FUNC_(boolean)  _FUNC_(decimal(38,18))  _FUNC_(double)  _FUNC_(float)  _FUNC_(smallint)  _FUNC_(string)  _FUNC_(struct<rowid:bigint,writeid:bigint,bucketid:int>)  _FUNC_(timestamp)  _FUNC_(tinyint)  _FUNC_(void)  )
	at org.apache.hadoop.hive.ql.TxnCommandsBaseForTests.runStatementOnDriver(TxnCommandsBaseForTests.java:247)
	at org.apache.hadoop.hive.ql.TestTxnCommands.testMergeUpdateDeleteNoCardCheck(TestTxnCommands.java:1264)
	at sun.reflect.NativeMethodAccessorImpl.invoke0(Native Method)
	at sun.reflect.NativeMethodAccessorImpl.invoke(NativeMethodAccessorImpl.java:62)
	at sun.reflect.DelegatingMethodAccessorImpl.invoke(DelegatingMethodAccessorImpl.java:43)
	at java.lang.reflect.Method.invoke(Method.java:498)
	at org.junit.runners.model.FrameworkMethod$1.runReflectiveCall(FrameworkMethod.java:59)
	at org.junit.internal.runners.model.ReflectiveCallable.run(ReflectiveCallable.java:12)
	at org.junit.runners.model.FrameworkMethod.invokeExplosively(FrameworkMethod.java:56)
	at org.junit.internal.runners.statements.InvokeMethod.evaluate(InvokeMethod.java:17)
	at org.junit.internal.runners.statements.RunBefores.evaluate(RunBefores.java:26)
	at org.junit.internal.runners.statements.RunAfters.evaluate(RunAfters.java:27)
	at org.junit.rules.TestWatcher$1.evaluate(TestWatcher.java:61)
	at org.junit.runners.ParentRunner$3.evaluate(ParentRunner.java:306)
	at org.junit.runners.BlockJUnit4ClassRunner$1.evaluate(BlockJUnit4ClassRunner.java:100)
	at org.junit.runners.ParentRunner.runLeaf(ParentRunner.java:366)
	at org.junit.runners.BlockJUnit4ClassRunner.runChild(BlockJUnit4ClassRunner.java:103)
	at org.junit.runners.BlockJUnit4ClassRunner.runChild(BlockJUnit4ClassRunner.java:63)
	at org.junit.runners.ParentRunner$4.run(ParentRunner.java:331)
	at org.junit.runners.ParentRunner$1.schedule(ParentRunner.java:79)
	at org.junit.runners.ParentRunner.runChildren(ParentRunner.java:329)
	at org.junit.runners.ParentRunner.access$100(ParentRunner.java:66)
	at org.junit.runners.ParentRunner$2.evaluate(ParentRunner.java:293)
	at org.junit.runners.ParentRunner$3.evaluate(ParentRunner.java:306)
	at org.junit.runners.ParentRunner.run(ParentRunner.java:413)
	at org.junit.runner.JUnitCore.run(JUnitCore.java:137)
	at org.junit.runner.JUnitCore.run(JUnitCore.java:115)
	at org.junit.vintage.engine.execution.RunnerExecutor.execute(RunnerExecutor.java:43)
	at java.util.stream.ForEachOps$ForEachOp$OfRef.accept(ForEachOps.java:183)
	at java.util.stream.ReferencePipeline$3$1.accept(ReferencePipeline.java:193)
	at java.util.Iterator.forEachRemaining(Iterator.java:116)
	at java.util.Spliterators$IteratorSpliterator.forEachRemaining(Spliterators.java:1801)
	at java.util.stream.AbstractPipeline.copyInto(AbstractPipeline.java:482)
	at java.util.stream.AbstractPipeline.wrapAndCopyInto(AbstractPipeline.java:472)
	at java.util.stream.ForEachOps$ForEachOp.evaluateSequential(ForEachOps.java:150)
	at java.util.stream.ForEachOps$ForEachOp$OfRef.evaluateSequential(ForEachOps.java:173)
	at java.util.stream.AbstractPipeline.evaluate(AbstractPipeline.java:234)
	at java.util.stream.ReferencePipeline.forEach(ReferencePipeline.java:485)
	at org.junit.vintage.engine.VintageTestEngine.executeAllChildren(VintageTestEngine.java:82)
	at org.junit.vintage.engine.VintageTestEngine.execute(VintageTestEngine.java:73)
	at org.junit.platform.launcher.core.DefaultLauncher.execute(DefaultLauncher.java:248)
	at org.junit.platform.launcher.core.DefaultLauncher.lambda$execute$5(DefaultLauncher.java:211)
	at org.junit.platform.launcher.core.DefaultLauncher.withInterceptedStreams(DefaultLauncher.java:226)
	at org.junit.platform.launcher.core.DefaultLauncher.execute(DefaultLauncher.java:199)
	at org.junit.platform.launcher.core.DefaultLauncher.execute(DefaultLauncher.java:132)
	at org.apache.maven.surefire.junitplatform.JUnitPlatformProvider.invokeAllTests(JUnitPlatformProvider.java:154)
	at org.apache.maven.surefire.junitplatform.JUnitPlatformProvider.invoke(JUnitPlatformProvider.java:123)
	at org.apache.maven.surefire.booter.ForkedBooter.runSuitesInProcess(ForkedBooter.java:377)
	at org.apache.maven.surefire.booter.ForkedBooter.execute(ForkedBooter.java:138)
	at org.apache.maven.surefire.booter.ForkedBooter.run(ForkedBooter.java:465)
	at org.apache.maven.surefire.booter.ForkedBooter.main(ForkedBooter.java:451)
]]></error>
    <system-err><![CDATA[2024-04-24T01:09:02,308  WARN [main] conf.HiveConf: HiveConf of name hive.metastore.metadb.dir does not exist
2024-04-24T01:09:02,309  WARN [main] conf.HiveConf: HiveConf of name hive.dummyparam.test.server.specific.config.hivesite does not exist
2024-04-24T01:09:02,309  WARN [main] conf.HiveConf: HiveConf of name hive.stats.key.prefix.reserve.length does not exist
2024-04-24T01:09:02,309  WARN [main] conf.HiveConf: HiveConf of name hive.llap.io.cache.orc.alloc.min does not exist
2024-04-24T01:09:02,309  WARN [main] conf.HiveConf: HiveConf of name hive.dummyparam.test.server.specific.config.override does not exist
2024-04-24T01:09:02,309  WARN [main] conf.HiveConf: HiveConf of name hive.dummyparam.test.server.specific.config.metastoresite does not exist
2024-04-24T01:09:02,309  WARN [main] conf.HiveConf: HiveConf of name hive.llap.io.cache.orc.arena.size does not exist
2024-04-24T01:09:02,309  WARN [main] conf.HiveConf: HiveConf of name hive.metastore.client.cache.recordStats does not exist
2024-04-24T01:09:02,309  WARN [main] conf.HiveConf: HiveConf of name hive.llap.io.cache.orc.alloc.max does not exist
2024-04-24T01:09:02,309  WARN [main] conf.HiveConf: HiveConf of name hive.metastore.client.cache.maxSize does not exist
2024-04-24T01:09:02,310  WARN [main] conf.HiveConf: HiveConf of name hive.llap.io.cache.orc.size does not exist
2024-04-24T01:09:02,312  INFO [main] utils.TestTxnDbUtil: Creating transactional tables
Hive Session ID = 6a295013-453e-4d92-a78e-65896b88df8c
2024-04-24T01:09:02,314  INFO [main] SessionState: Hive Session ID = 6a295013-453e-4d92-a78e-65896b88df8c
ivysettings.xml file not found in HIVE_HOME or HIVE_CONF_DIR,/home/alex/Repositories/hive/conf/ivysettings.xml will be used
2024-04-24T01:09:02,315  INFO [main] DependencyResolver: ivysettings.xml file not found in HIVE_HOME or HIVE_CONF_DIR,/home/alex/Repositories/hive/conf/ivysettings.xml will be used
2024-04-24T01:09:02,320  INFO [main] session.SessionState: Created HDFS directory: /home/alex/Repositories/hive/ql/target/tmp/scratchdir/alex/6a295013-453e-4d92-a78e-65896b88df8c
2024-04-24T01:09:02,322  INFO [main] session.SessionState: Created local directory: /home/alex/Repositories/hive/ql/target/tmp/localscratchdir/6a295013-453e-4d92-a78e-65896b88df8c
2024-04-24T01:09:02,325  INFO [main] session.SessionState: Created HDFS directory: /home/alex/Repositories/hive/ql/target/tmp/scratchdir/alex/6a295013-453e-4d92-a78e-65896b88df8c/_tmp_space.db
2024-04-24T01:09:02,325  INFO [main] sqlstd.SQLStdHiveAccessController: Created SQLStdHiveAccessController for session context : HiveAuthzSessionContext [sessionString=6a295013-453e-4d92-a78e-65896b88df8c, clientType=HIVECLI]
2024-04-24T01:09:02,325  INFO [main] ql.TxnCommandsBaseForTests: Running the query: drop table if exists acidTbl
2024-04-24T01:09:02,326  INFO [main] ql.Driver: Compiling command(queryId=alex_20240424010902_c224f8b0-33c3-43c0-8d46-c15f13e84110): drop table if exists acidTbl
2024-04-24T01:09:02,334  INFO [main] txn.TxnHandler: Added entries to MIN_HISTORY_LEVEL for current txns: ([1]) with min_open_txn: 1
2024-04-24T01:09:02,334  INFO [main] lockmgr.DbTxnManager: Opened txnid:1
2024-04-24T01:09:02,336  INFO [main] HiveMetaStore.audit: ugi=alex	ip=unknown-ip-addr	cmd=get_table : tbl=hive.default.acidTbl	
2024-04-24T01:09:02,340  INFO [main] ql.Driver: Semantic Analysis Completed (retrial = false)
2024-04-24T01:09:02,340  INFO [main] ql.Driver: Created Hive schema: Schema(fieldSchemas:null, properties:null)
2024-04-24T01:09:02,340  INFO [main] metadata.Hive: Dumping metastore api call timing information for : compilation phase
2024-04-24T01:09:02,340  INFO [main] metadata.Hive: Total time spent in each metastore function (ms): {getValidTxns_(long)=2, flushCache_()=0, openTxn_(String, TxnType)=8, commitTxn_(CommitTxnRequest)=11, isCompatibleWith_(Configuration)=0}
2024-04-24T01:09:02,340  INFO [main] ql.Driver: Completed compiling command(queryId=alex_20240424010902_c224f8b0-33c3-43c0-8d46-c15f13e84110); Time taken: 0.014 seconds
2024-04-24T01:09:02,341  INFO [main] lockmgr.DbTxnManager: Setting lock request transaction to txnid:1 for queryId=alex_20240424010902_c224f8b0-33c3-43c0-8d46-c15f13e84110
2024-04-24T01:09:02,341  INFO [main] ql.Driver: Operation DROPTABLE obtained 0 locks
2024-04-24T01:09:02,341  INFO [main] ql.Driver: Executing command(queryId=alex_20240424010902_c224f8b0-33c3-43c0-8d46-c15f13e84110): drop table if exists acidTbl
2024-04-24T01:09:02,341  INFO [main] ql.Driver: Starting task [Stage-0:DDL] in serial mode
2024-04-24T01:09:02,341  INFO [main] HiveMetaStore.audit: ugi=alex	ip=unknown-ip-addr	cmd=get_table : tbl=hive.default.acidTbl	
2024-04-24T01:09:02,344  INFO [main] metadata.Hive: Dumping metastore api call timing information for : execution phase
2024-04-24T01:09:02,345  INFO [main] metadata.Hive: Total time spent in each metastore function (ms): {isCompatibleWith_(Configuration)=0}
2024-04-24T01:09:02,345  INFO [main] ql.Driver: Completed executing command(queryId=alex_20240424010902_c224f8b0-33c3-43c0-8d46-c15f13e84110); Time taken: 0.003 seconds
2024-04-24T01:09:02,345  INFO [main] lockmgr.DbTxnManager: Stopped heartbeat for query: alex_20240424010902_c224f8b0-33c3-43c0-8d46-c15f13e84110
2024-04-24T01:09:02,351  INFO [main] txn.TxnHandler: Expected to move at least one record from txn_components to completed_txn_components when committing txn! txnid:1
2024-04-24T01:09:02,357  INFO [main] txn.TxnHandler: Removed transactions: ([1]) from MIN_HISTORY_LEVEL
2024-04-24T01:09:02,358  WARN [main] txn.CompactionTxnHandler: No compaction queue record found for Compaction type transaction commit. txnId:1
2024-04-24T01:09:02,358  INFO [main] ql.TxnCommandsBaseForTests: Running the query: drop table if exists acidTblPart
2024-04-24T01:09:02,359  INFO [main] ql.Driver: Compiling command(queryId=alex_20240424010902_955cd217-9f8d-4460-800d-a6cb3a90d173): drop table if exists acidTblPart
2024-04-24T01:09:02,362  INFO [main] txn.TxnHandler: Added entries to MIN_HISTORY_LEVEL for current txns: ([2]) with min_open_txn: 1
2024-04-24T01:09:02,362  INFO [main] lockmgr.DbTxnManager: Opened txnid:2
2024-04-24T01:09:02,363  INFO [main] HiveMetaStore.audit: ugi=alex	ip=unknown-ip-addr	cmd=get_table : tbl=hive.default.acidTblPart	
2024-04-24T01:09:02,367  INFO [main] ql.Driver: Semantic Analysis Completed (retrial = false)
2024-04-24T01:09:02,367  INFO [main] ql.Driver: Created Hive schema: Schema(fieldSchemas:null, properties:null)
2024-04-24T01:09:02,367  INFO [main] metadata.Hive: Dumping metastore api call timing information for : compilation phase
2024-04-24T01:09:02,367  INFO [main] metadata.Hive: Total time spent in each metastore function (ms): {commitTxn_(CommitTxnRequest)=13, isCompatibleWith_(Configuration)=1, getValidTxns_(long)=1, openTxn_(String, TxnType)=2, flushCache_()=0}
2024-04-24T01:09:02,368  INFO [main] ql.Driver: Completed compiling command(queryId=alex_20240424010902_955cd217-9f8d-4460-800d-a6cb3a90d173); Time taken: 0.008 seconds
2024-04-24T01:09:02,368  INFO [main] lockmgr.DbTxnManager: Setting lock request transaction to txnid:2 for queryId=alex_20240424010902_955cd217-9f8d-4460-800d-a6cb3a90d173
2024-04-24T01:09:02,368  INFO [main] ql.Driver: Operation DROPTABLE obtained 0 locks
2024-04-24T01:09:02,368  INFO [main] ql.Driver: Executing command(queryId=alex_20240424010902_955cd217-9f8d-4460-800d-a6cb3a90d173): drop table if exists acidTblPart
2024-04-24T01:09:02,368  INFO [main] ql.Driver: Starting task [Stage-0:DDL] in serial mode
2024-04-24T01:09:02,368  INFO [main] HiveMetaStore.audit: ugi=alex	ip=unknown-ip-addr	cmd=get_table : tbl=hive.default.acidTblPart	
2024-04-24T01:09:02,371  INFO [main] metadata.Hive: Dumping metastore api call timing information for : execution phase
2024-04-24T01:09:02,372  INFO [main] metadata.Hive: Total time spent in each metastore function (ms): {isCompatibleWith_(Configuration)=0}
2024-04-24T01:09:02,372  INFO [main] ql.Driver: Completed executing command(queryId=alex_20240424010902_955cd217-9f8d-4460-800d-a6cb3a90d173); Time taken: 0.003 seconds
2024-04-24T01:09:02,372  INFO [main] lockmgr.DbTxnManager: Stopped heartbeat for query: alex_20240424010902_955cd217-9f8d-4460-800d-a6cb3a90d173
2024-04-24T01:09:02,378  INFO [main] txn.TxnHandler: Expected to move at least one record from txn_components to completed_txn_components when committing txn! txnid:2
2024-04-24T01:09:02,385  INFO [main] txn.TxnHandler: Removed transactions: ([2]) from MIN_HISTORY_LEVEL
2024-04-24T01:09:02,385  WARN [main] txn.CompactionTxnHandler: No compaction queue record found for Compaction type transaction commit. txnId:2
2024-04-24T01:09:02,386  INFO [main] ql.TxnCommandsBaseForTests: Running the query: drop table if exists acidTbl2
2024-04-24T01:09:02,386  INFO [main] ql.Driver: Compiling command(queryId=alex_20240424010902_2d7687e8-4075-4f96-a442-d4fb3a78639a): drop table if exists acidTbl2
2024-04-24T01:09:02,389  INFO [main] txn.TxnHandler: Added entries to MIN_HISTORY_LEVEL for current txns: ([3]) with min_open_txn: 1
2024-04-24T01:09:02,390  INFO [main] lockmgr.DbTxnManager: Opened txnid:3
2024-04-24T01:09:02,391  INFO [main] HiveMetaStore.audit: ugi=alex	ip=unknown-ip-addr	cmd=get_table : tbl=hive.default.acidTbl2	
2024-04-24T01:09:02,393  INFO [main] ql.Driver: Semantic Analysis Completed (retrial = false)
2024-04-24T01:09:02,394  INFO [main] ql.Driver: Created Hive schema: Schema(fieldSchemas:null, properties:null)
2024-04-24T01:09:02,394  INFO [main] metadata.Hive: Dumping metastore api call timing information for : compilation phase
2024-04-24T01:09:02,394  INFO [main] metadata.Hive: Total time spent in each metastore function (ms): {commitTxn_(CommitTxnRequest)=14, flushCache_()=0, openTxn_(String, TxnType)=3, isCompatibleWith_(Configuration)=0, getValidTxns_(long)=1}
2024-04-24T01:09:02,394  INFO [main] ql.Driver: Completed compiling command(queryId=alex_20240424010902_2d7687e8-4075-4f96-a442-d4fb3a78639a); Time taken: 0.008 seconds
2024-04-24T01:09:02,395  INFO [main] lockmgr.DbTxnManager: Setting lock request transaction to txnid:3 for queryId=alex_20240424010902_2d7687e8-4075-4f96-a442-d4fb3a78639a
2024-04-24T01:09:02,395  INFO [main] ql.Driver: Operation DROPTABLE obtained 0 locks
2024-04-24T01:09:02,395  INFO [main] ql.Driver: Executing command(queryId=alex_20240424010902_2d7687e8-4075-4f96-a442-d4fb3a78639a): drop table if exists acidTbl2
2024-04-24T01:09:02,395  INFO [main] ql.Driver: Starting task [Stage-0:DDL] in serial mode
2024-04-24T01:09:02,396  INFO [main] HiveMetaStore.audit: ugi=alex	ip=unknown-ip-addr	cmd=get_table : tbl=hive.default.acidTbl2	
2024-04-24T01:09:02,399  INFO [main] metadata.Hive: Dumping metastore api call timing information for : execution phase
2024-04-24T01:09:02,399  INFO [main] metadata.Hive: Total time spent in each metastore function (ms): {isCompatibleWith_(Configuration)=0}
2024-04-24T01:09:02,399  INFO [main] ql.Driver: Completed executing command(queryId=alex_20240424010902_2d7687e8-4075-4f96-a442-d4fb3a78639a); Time taken: 0.003 seconds
2024-04-24T01:09:02,399  INFO [main] lockmgr.DbTxnManager: Stopped heartbeat for query: alex_20240424010902_2d7687e8-4075-4f96-a442-d4fb3a78639a
2024-04-24T01:09:02,404  INFO [main] txn.TxnHandler: Expected to move at least one record from txn_components to completed_txn_components when committing txn! txnid:3
2024-04-24T01:09:02,410  INFO [main] txn.TxnHandler: Removed transactions: ([3]) from MIN_HISTORY_LEVEL
2024-04-24T01:09:02,410  WARN [main] txn.CompactionTxnHandler: No compaction queue record found for Compaction type transaction commit. txnId:3
2024-04-24T01:09:02,411  INFO [main] ql.TxnCommandsBaseForTests: Running the query: drop table if exists nonAcidOrcTbl
2024-04-24T01:09:02,411  INFO [main] ql.Driver: Compiling command(queryId=alex_20240424010902_faec8cd0-dc79-4d7d-aec6-583a390d247c): drop table if exists nonAcidOrcTbl
2024-04-24T01:09:02,413  INFO [main] txn.TxnHandler: Added entries to MIN_HISTORY_LEVEL for current txns: ([4]) with min_open_txn: 1
2024-04-24T01:09:02,414  INFO [main] lockmgr.DbTxnManager: Opened txnid:4
2024-04-24T01:09:02,414  INFO [main] HiveMetaStore.audit: ugi=alex	ip=unknown-ip-addr	cmd=get_table : tbl=hive.default.nonAcidOrcTbl	
2024-04-24T01:09:02,419  INFO [main] ql.Driver: Semantic Analysis Completed (retrial = false)
2024-04-24T01:09:02,419  INFO [main] ql.Driver: Created Hive schema: Schema(fieldSchemas:null, properties:null)
2024-04-24T01:09:02,419  INFO [main] metadata.Hive: Dumping metastore api call timing information for : compilation phase
2024-04-24T01:09:02,419  INFO [main] metadata.Hive: Total time spent in each metastore function (ms): {commitTxn_(CommitTxnRequest)=11, openTxn_(String, TxnType)=2, getValidTxns_(long)=0, isCompatibleWith_(Configuration)=1, flushCache_()=0}
2024-04-24T01:09:02,419  INFO [main] ql.Driver: Completed compiling command(queryId=alex_20240424010902_faec8cd0-dc79-4d7d-aec6-583a390d247c); Time taken: 0.008 seconds
2024-04-24T01:09:02,420  INFO [main] lockmgr.DbTxnManager: Setting lock request transaction to txnid:4 for queryId=alex_20240424010902_faec8cd0-dc79-4d7d-aec6-583a390d247c
2024-04-24T01:09:02,420  INFO [main] ql.Driver: Operation DROPTABLE obtained 0 locks
2024-04-24T01:09:02,420  INFO [main] ql.Driver: Executing command(queryId=alex_20240424010902_faec8cd0-dc79-4d7d-aec6-583a390d247c): drop table if exists nonAcidOrcTbl
2024-04-24T01:09:02,420  INFO [main] ql.Driver: Starting task [Stage-0:DDL] in serial mode
2024-04-24T01:09:02,420  INFO [main] HiveMetaStore.audit: ugi=alex	ip=unknown-ip-addr	cmd=get_table : tbl=hive.default.nonAcidOrcTbl	
2024-04-24T01:09:02,423  INFO [main] metadata.Hive: Dumping metastore api call timing information for : execution phase
2024-04-24T01:09:02,423  INFO [main] metadata.Hive: Total time spent in each metastore function (ms): {isCompatibleWith_(Configuration)=0}
2024-04-24T01:09:02,424  INFO [main] ql.Driver: Completed executing command(queryId=alex_20240424010902_faec8cd0-dc79-4d7d-aec6-583a390d247c); Time taken: 0.003 seconds
2024-04-24T01:09:02,424  INFO [main] lockmgr.DbTxnManager: Stopped heartbeat for query: alex_20240424010902_faec8cd0-dc79-4d7d-aec6-583a390d247c
2024-04-24T01:09:02,429  INFO [main] txn.TxnHandler: Expected to move at least one record from txn_components to completed_txn_components when committing txn! txnid:4
2024-04-24T01:09:02,434  INFO [main] txn.TxnHandler: Removed transactions: ([4]) from MIN_HISTORY_LEVEL
2024-04-24T01:09:02,434  WARN [main] txn.CompactionTxnHandler: No compaction queue record found for Compaction type transaction commit. txnId:4
2024-04-24T01:09:02,435  INFO [main] ql.TxnCommandsBaseForTests: Running the query: drop table if exists nonAcidOrcTbl2
2024-04-24T01:09:02,435  INFO [main] ql.Driver: Compiling command(queryId=alex_20240424010902_5740155d-26b5-41d3-8c44-9a829c08c449): drop table if exists nonAcidOrcTbl2
2024-04-24T01:09:02,437  INFO [main] txn.TxnHandler: Added entries to MIN_HISTORY_LEVEL for current txns: ([5]) with min_open_txn: 1
2024-04-24T01:09:02,438  INFO [main] lockmgr.DbTxnManager: Opened txnid:5
2024-04-24T01:09:02,438  INFO [main] HiveMetaStore.audit: ugi=alex	ip=unknown-ip-addr	cmd=get_table : tbl=hive.default.nonAcidOrcTbl2	
2024-04-24T01:09:02,441  INFO [main] ql.Driver: Semantic Analysis Completed (retrial = false)
2024-04-24T01:09:02,441  INFO [main] ql.Driver: Created Hive schema: Schema(fieldSchemas:null, properties:null)
2024-04-24T01:09:02,441  INFO [main] metadata.Hive: Dumping metastore api call timing information for : compilation phase
2024-04-24T01:09:02,442  INFO [main] metadata.Hive: Total time spent in each metastore function (ms): {isCompatibleWith_(Configuration)=0, commitTxn_(CommitTxnRequest)=11, getValidTxns_(long)=0, flushCache_()=0, openTxn_(String, TxnType)=2}
2024-04-24T01:09:02,442  INFO [main] ql.Driver: Completed compiling command(queryId=alex_20240424010902_5740155d-26b5-41d3-8c44-9a829c08c449); Time taken: 0.006 seconds
2024-04-24T01:09:02,442  INFO [main] lockmgr.DbTxnManager: Setting lock request transaction to txnid:5 for queryId=alex_20240424010902_5740155d-26b5-41d3-8c44-9a829c08c449
2024-04-24T01:09:02,442  INFO [main] ql.Driver: Operation DROPTABLE obtained 0 locks
2024-04-24T01:09:02,442  INFO [main] ql.Driver: Executing command(queryId=alex_20240424010902_5740155d-26b5-41d3-8c44-9a829c08c449): drop table if exists nonAcidOrcTbl2
2024-04-24T01:09:02,442  INFO [main] ql.Driver: Starting task [Stage-0:DDL] in serial mode
2024-04-24T01:09:02,443  INFO [main] HiveMetaStore.audit: ugi=alex	ip=unknown-ip-addr	cmd=get_table : tbl=hive.default.nonAcidOrcTbl2	
2024-04-24T01:09:02,445  INFO [main] metadata.Hive: Dumping metastore api call timing information for : execution phase
2024-04-24T01:09:02,446  INFO [main] metadata.Hive: Total time spent in each metastore function (ms): {isCompatibleWith_(Configuration)=0}
2024-04-24T01:09:02,446  INFO [main] ql.Driver: Completed executing command(queryId=alex_20240424010902_5740155d-26b5-41d3-8c44-9a829c08c449); Time taken: 0.003 seconds
2024-04-24T01:09:02,446  INFO [main] lockmgr.DbTxnManager: Stopped heartbeat for query: alex_20240424010902_5740155d-26b5-41d3-8c44-9a829c08c449
2024-04-24T01:09:02,451  INFO [main] txn.TxnHandler: Expected to move at least one record from txn_components to completed_txn_components when committing txn! txnid:5
2024-04-24T01:09:02,456  INFO [main] txn.TxnHandler: Removed transactions: ([5]) from MIN_HISTORY_LEVEL
2024-04-24T01:09:02,456  WARN [main] txn.CompactionTxnHandler: No compaction queue record found for Compaction type transaction commit. txnId:5
2024-04-24T01:09:02,457  INFO [main] ql.TxnCommandsBaseForTests: Running the query: drop table if exists nonAcidNonBucket
2024-04-24T01:09:02,457  INFO [main] ql.Driver: Compiling command(queryId=alex_20240424010902_2b988bcc-9b28-4372-9dfe-6ab765397594): drop table if exists nonAcidNonBucket
2024-04-24T01:09:02,459  INFO [main] txn.TxnHandler: Added entries to MIN_HISTORY_LEVEL for current txns: ([6]) with min_open_txn: 1
2024-04-24T01:09:02,460  INFO [main] lockmgr.DbTxnManager: Opened txnid:6
2024-04-24T01:09:02,460  INFO [main] HiveMetaStore.audit: ugi=alex	ip=unknown-ip-addr	cmd=get_table : tbl=hive.default.nonAcidNonBucket	
2024-04-24T01:09:02,463  INFO [main] ql.Driver: Semantic Analysis Completed (retrial = false)
2024-04-24T01:09:02,463  INFO [main] ql.Driver: Created Hive schema: Schema(fieldSchemas:null, properties:null)
2024-04-24T01:09:02,463  INFO [main] metadata.Hive: Dumping metastore api call timing information for : compilation phase
2024-04-24T01:09:02,464  INFO [main] metadata.Hive: Total time spent in each metastore function (ms): {getValidTxns_(long)=0, flushCache_()=0, commitTxn_(CommitTxnRequest)=11, isCompatibleWith_(Configuration)=0, openTxn_(String, TxnType)=2}
2024-04-24T01:09:02,464  INFO [main] ql.Driver: Completed compiling command(queryId=alex_20240424010902_2b988bcc-9b28-4372-9dfe-6ab765397594); Time taken: 0.006 seconds
2024-04-24T01:09:02,464  INFO [main] lockmgr.DbTxnManager: Setting lock request transaction to txnid:6 for queryId=alex_20240424010902_2b988bcc-9b28-4372-9dfe-6ab765397594
2024-04-24T01:09:02,464  INFO [main] ql.Driver: Operation DROPTABLE obtained 0 locks
2024-04-24T01:09:02,464  INFO [main] ql.Driver: Executing command(queryId=alex_20240424010902_2b988bcc-9b28-4372-9dfe-6ab765397594): drop table if exists nonAcidNonBucket
2024-04-24T01:09:02,464  INFO [main] ql.Driver: Starting task [Stage-0:DDL] in serial mode
2024-04-24T01:09:02,465  INFO [main] HiveMetaStore.audit: ugi=alex	ip=unknown-ip-addr	cmd=get_table : tbl=hive.default.nonAcidNonBucket	
2024-04-24T01:09:02,467  INFO [main] metadata.Hive: Dumping metastore api call timing information for : execution phase
2024-04-24T01:09:02,468  INFO [main] metadata.Hive: Total time spent in each metastore function (ms): {isCompatibleWith_(Configuration)=0}
2024-04-24T01:09:02,468  INFO [main] ql.Driver: Completed executing command(queryId=alex_20240424010902_2b988bcc-9b28-4372-9dfe-6ab765397594); Time taken: 0.003 seconds
2024-04-24T01:09:02,468  INFO [main] lockmgr.DbTxnManager: Stopped heartbeat for query: alex_20240424010902_2b988bcc-9b28-4372-9dfe-6ab765397594
2024-04-24T01:09:02,473  INFO [main] txn.TxnHandler: Expected to move at least one record from txn_components to completed_txn_components when committing txn! txnid:6
2024-04-24T01:09:02,479  INFO [main] txn.TxnHandler: Removed transactions: ([6]) from MIN_HISTORY_LEVEL
2024-04-24T01:09:02,479  WARN [main] txn.CompactionTxnHandler: No compaction queue record found for Compaction type transaction commit. txnId:6
2024-04-24T01:09:02,480  INFO [main] ql.TxnCommandsBaseForTests: Running the query: create table acidTbl(a int, b int) clustered by (a) into 2 buckets stored as orc TBLPROPERTIES ('transactional'='true')
2024-04-24T01:09:02,480  INFO [main] ql.Driver: Compiling command(queryId=alex_20240424010902_39ba4d7b-e975-43f3-b936-0448a258c197): create table acidTbl(a int, b int) clustered by (a) into 2 buckets stored as orc TBLPROPERTIES ('transactional'='true')
2024-04-24T01:09:02,483  INFO [main] txn.TxnHandler: Added entries to MIN_HISTORY_LEVEL for current txns: ([7]) with min_open_txn: 1
2024-04-24T01:09:02,483  INFO [main] lockmgr.DbTxnManager: Opened txnid:7
2024-04-24T01:09:02,484  INFO [main] parse.CalcitePlanner: Starting caching scope for: 
2024-04-24T01:09:02,484  INFO [main] parse.CalcitePlanner: Starting Semantic Analysis
2024-04-24T01:09:02,490  INFO [main] parse.CalcitePlanner: Creating table default.acidTbl position=13
2024-04-24T01:09:02,490  INFO [main] HiveMetaStore.audit: ugi=alex	ip=unknown-ip-addr	cmd=get_database: default	
2024-04-24T01:09:02,491  INFO [main] parse.CalcitePlanner: Ending caching scope for: 
2024-04-24T01:09:02,491  INFO [main] ql.Driver: Semantic Analysis Completed (retrial = false)
2024-04-24T01:09:02,492  INFO [main] ql.Driver: Created Hive schema: Schema(fieldSchemas:null, properties:null)
2024-04-24T01:09:02,492  INFO [main] metadata.Hive: Dumping metastore api call timing information for : compilation phase
2024-04-24T01:09:02,492  INFO [main] metadata.Hive: Total time spent in each metastore function (ms): {isCompatibleWith_(Configuration)=0, getDatabase_(String)=1, getValidTxns_(long)=1, getValidWriteIds_(List, String)=6, openTxn_(String, TxnType)=2, flushCache_()=0, commitTxn_(CommitTxnRequest)=11}
2024-04-24T01:09:02,492  INFO [main] ql.Driver: Completed compiling command(queryId=alex_20240424010902_39ba4d7b-e975-43f3-b936-0448a258c197); Time taken: 0.012 seconds
2024-04-24T01:09:02,492  INFO [main] lockmgr.DbTxnManager: Setting lock request transaction to txnid:7 for queryId=alex_20240424010902_39ba4d7b-e975-43f3-b936-0448a258c197
2024-04-24T01:09:02,493  INFO [main] lockmgr.DbLockManager: Requesting lock for queryId=alex_20240424010902_39ba4d7b-e975-43f3-b936-0448a258c197
2024-04-24T01:09:02,511  INFO [main] lockmgr.DbLockManager: Response to queryId=alex_20240424010902_39ba4d7b-e975-43f3-b936-0448a258c197 LockResponse(lockid:1, state:ACQUIRED)
2024-04-24T01:09:02,511  INFO [main] ql.Driver: Operation CREATETABLE obtained 1 locks
2024-04-24T01:09:02,512  INFO [main] ql.Driver: Executing command(queryId=alex_20240424010902_39ba4d7b-e975-43f3-b936-0448a258c197): create table acidTbl(a int, b int) clustered by (a) into 2 buckets stored as orc TBLPROPERTIES ('transactional'='true')
2024-04-24T01:09:02,512  INFO [main] ql.Driver: Starting task [Stage-0:DDL] in serial mode
2024-04-24T01:09:02,514  INFO [main] HiveMetaStore.audit: ugi=alex	ip=unknown-ip-addr	cmd=create_table_req: Table(tableName:acidTbl, dbName:default, owner:alex, createTime:1713946142, lastAccessTime:0, retention:0, sd:StorageDescriptor(cols:[FieldSchema(name:a, type:int, comment:null), FieldSchema(name:b, type:int, comment:null)], location:null, inputFormat:org.apache.hadoop.hive.ql.io.orc.OrcInputFormat, outputFormat:org.apache.hadoop.hive.ql.io.orc.OrcOutputFormat, compressed:false, numBuckets:2, serdeInfo:SerDeInfo(name:null, serializationLib:org.apache.hadoop.hive.ql.io.orc.OrcSerde, parameters:{serialization.format=1}), bucketCols:[a], sortCols:[], parameters:{}, skewedInfo:SkewedInfo(skewedColNames:[], skewedColValues:[], skewedColValueLocationMaps:{}), storedAsSubDirectories:false), partitionKeys:[], parameters:{rawDataSize=0, numRows=0, bucketing_version=2, COLUMN_STATS_ACCURATE={"BASIC_STATS":"true","COLUMN_STATS":{"a":"true","b":"true"}}, totalSize=0, transactional=true, numFilesErasureCoded=0, numFiles=0}, viewOriginalText:null, viewExpandedText:null, tableType:MANAGED_TABLE, privileges:PrincipalPrivilegeSet(userPrivileges:{alex=[PrivilegeGrantInfo(privilege:INSERT, createTime:-1, grantor:alex, grantorType:USER, grantOption:true), PrivilegeGrantInfo(privilege:SELECT, createTime:-1, grantor:alex, grantorType:USER, grantOption:true), PrivilegeGrantInfo(privilege:UPDATE, createTime:-1, grantor:alex, grantorType:USER, grantOption:true), PrivilegeGrantInfo(privilege:DELETE, createTime:-1, grantor:alex, grantorType:USER, grantOption:true)]}, groupPrivileges:null, rolePrivileges:null), temporary:false, catName:hive, ownerType:USER, writeId:0)	
2024-04-24T01:09:02,519  INFO [main] utils.FileUtils: Creating directory if it doesn't exist: file:/home/alex/Repositories/hive/ql/target/tmp/org.apache.hadoop.hive.ql.TestTxnCommands-1713946100941/warehouse/acidtbl
2024-04-24T01:09:02,553  INFO [main] metadata.Hive: Dumping metastore api call timing information for : execution phase
2024-04-24T01:09:02,554  INFO [main] metadata.Hive: Total time spent in each metastore function (ms): {createTable_(Table)=40, isCompatibleWith_(Configuration)=0}
2024-04-24T01:09:02,554  INFO [main] ql.Driver: Completed executing command(queryId=alex_20240424010902_39ba4d7b-e975-43f3-b936-0448a258c197); Time taken: 0.041 seconds
2024-04-24T01:09:02,554  INFO [main] lockmgr.DbTxnManager: Stopped heartbeat for query: alex_20240424010902_39ba4d7b-e975-43f3-b936-0448a258c197
2024-04-24T01:09:02,558  INFO [main] txn.TxnHandler: Expected to move at least one record from txn_components to completed_txn_components when committing txn! txnid:7
2024-04-24T01:09:02,564  INFO [main] txn.TxnHandler: Removed transactions: ([7]) from MIN_HISTORY_LEVEL
2024-04-24T01:09:02,564  WARN [main] txn.CompactionTxnHandler: No compaction queue record found for Compaction type transaction commit. txnId:7
2024-04-24T01:09:02,565  INFO [main] ql.TxnCommandsBaseForTests: Running the query: create table acidTblPart(a int, b int) partitioned by (p string) clustered by (a) into 2 buckets stored as orc TBLPROPERTIES ('transactional'='true')
2024-04-24T01:09:02,565  INFO [main] ql.Driver: Compiling command(queryId=alex_20240424010902_c61288da-3574-4534-9ecc-cbeb874e84d3): create table acidTblPart(a int, b int) partitioned by (p string) clustered by (a) into 2 buckets stored as orc TBLPROPERTIES ('transactional'='true')
2024-04-24T01:09:02,575  INFO [main] txn.TxnHandler: Added entries to MIN_HISTORY_LEVEL for current txns: ([8]) with min_open_txn: 1
2024-04-24T01:09:02,575  INFO [main] lockmgr.DbTxnManager: Opened txnid:8
2024-04-24T01:09:02,577  INFO [main] parse.CalcitePlanner: Starting caching scope for: 
2024-04-24T01:09:02,577  INFO [main] parse.CalcitePlanner: Starting Semantic Analysis
2024-04-24T01:09:02,580  INFO [main] parse.CalcitePlanner: Creating table default.acidTblPart position=13
2024-04-24T01:09:02,580  INFO [main] HiveMetaStore.audit: ugi=alex	ip=unknown-ip-addr	cmd=get_database: default	
2024-04-24T01:09:02,582  INFO [main] parse.CalcitePlanner: Ending caching scope for: 
2024-04-24T01:09:02,582  INFO [main] ql.Driver: Semantic Analysis Completed (retrial = false)
2024-04-24T01:09:02,582  INFO [main] ql.Driver: Created Hive schema: Schema(fieldSchemas:null, properties:null)
2024-04-24T01:09:02,582  INFO [main] metadata.Hive: Dumping metastore api call timing information for : compilation phase
2024-04-24T01:09:02,582  INFO [main] metadata.Hive: Total time spent in each metastore function (ms): {getValidWriteIds_(List, String)=2, isCompatibleWith_(Configuration)=0, openTxn_(String, TxnType)=9, flushCache_()=0, getDatabase_(String)=2, getValidTxns_(long)=2, commitTxn_(CommitTxnRequest)=10}
2024-04-24T01:09:02,582  INFO [main] ql.Driver: Completed compiling command(queryId=alex_20240424010902_c61288da-3574-4534-9ecc-cbeb874e84d3); Time taken: 0.017 seconds
2024-04-24T01:09:02,582  INFO [main] lockmgr.DbTxnManager: Setting lock request transaction to txnid:8 for queryId=alex_20240424010902_c61288da-3574-4534-9ecc-cbeb874e84d3
2024-04-24T01:09:02,583  INFO [main] lockmgr.DbLockManager: Requesting lock for queryId=alex_20240424010902_c61288da-3574-4534-9ecc-cbeb874e84d3
2024-04-24T01:09:02,600  INFO [main] lockmgr.DbLockManager: Response to queryId=alex_20240424010902_c61288da-3574-4534-9ecc-cbeb874e84d3 LockResponse(lockid:2, state:ACQUIRED)
2024-04-24T01:09:02,600  INFO [main] ql.Driver: Operation CREATETABLE obtained 1 locks
2024-04-24T01:09:02,601  INFO [main] ql.Driver: Executing command(queryId=alex_20240424010902_c61288da-3574-4534-9ecc-cbeb874e84d3): create table acidTblPart(a int, b int) partitioned by (p string) clustered by (a) into 2 buckets stored as orc TBLPROPERTIES ('transactional'='true')
2024-04-24T01:09:02,601  INFO [main] ql.Driver: Starting task [Stage-0:DDL] in serial mode
2024-04-24T01:09:02,602  INFO [main] HiveMetaStore.audit: ugi=alex	ip=unknown-ip-addr	cmd=create_table_req: Table(tableName:acidTblPart, dbName:default, owner:alex, createTime:1713946142, lastAccessTime:0, retention:0, sd:StorageDescriptor(cols:[FieldSchema(name:a, type:int, comment:null), FieldSchema(name:b, type:int, comment:null)], location:null, inputFormat:org.apache.hadoop.hive.ql.io.orc.OrcInputFormat, outputFormat:org.apache.hadoop.hive.ql.io.orc.OrcOutputFormat, compressed:false, numBuckets:2, serdeInfo:SerDeInfo(name:null, serializationLib:org.apache.hadoop.hive.ql.io.orc.OrcSerde, parameters:{serialization.format=1}), bucketCols:[a], sortCols:[], parameters:{}, skewedInfo:SkewedInfo(skewedColNames:[], skewedColValues:[], skewedColValueLocationMaps:{}), storedAsSubDirectories:false), partitionKeys:[FieldSchema(name:p, type:string, comment:null)], parameters:{bucketing_version=2, transactional=true}, viewOriginalText:null, viewExpandedText:null, tableType:MANAGED_TABLE, privileges:PrincipalPrivilegeSet(userPrivileges:{alex=[PrivilegeGrantInfo(privilege:INSERT, createTime:-1, grantor:alex, grantorType:USER, grantOption:true), PrivilegeGrantInfo(privilege:SELECT, createTime:-1, grantor:alex, grantorType:USER, grantOption:true), PrivilegeGrantInfo(privilege:UPDATE, createTime:-1, grantor:alex, grantorType:USER, grantOption:true), PrivilegeGrantInfo(privilege:DELETE, createTime:-1, grantor:alex, grantorType:USER, grantOption:true)]}, groupPrivileges:null, rolePrivileges:null), temporary:false, catName:hive, ownerType:USER, writeId:0)	
2024-04-24T01:09:02,608  INFO [main] utils.FileUtils: Creating directory if it doesn't exist: file:/home/alex/Repositories/hive/ql/target/tmp/org.apache.hadoop.hive.ql.TestTxnCommands-1713946100941/warehouse/acidtblpart
2024-04-24T01:09:02,623  INFO [main] metadata.Hive: Dumping metastore api call timing information for : execution phase
2024-04-24T01:09:02,623  INFO [main] metadata.Hive: Total time spent in each metastore function (ms): {createTable_(Table)=21, isCompatibleWith_(Configuration)=0}
2024-04-24T01:09:02,624  INFO [main] ql.Driver: Completed executing command(queryId=alex_20240424010902_c61288da-3574-4534-9ecc-cbeb874e84d3); Time taken: 0.022 seconds
2024-04-24T01:09:02,624  INFO [main] lockmgr.DbTxnManager: Stopped heartbeat for query: alex_20240424010902_c61288da-3574-4534-9ecc-cbeb874e84d3
2024-04-24T01:09:02,628  INFO [main] txn.TxnHandler: Expected to move at least one record from txn_components to completed_txn_components when committing txn! txnid:8
2024-04-24T01:09:02,635  INFO [main] txn.TxnHandler: Removed transactions: ([8]) from MIN_HISTORY_LEVEL
2024-04-24T01:09:02,635  WARN [main] txn.CompactionTxnHandler: No compaction queue record found for Compaction type transaction commit. txnId:8
2024-04-24T01:09:02,636  INFO [main] ql.TxnCommandsBaseForTests: Running the query: create table nonAcidOrcTbl(a int, b int) clustered by (a) into 2 buckets stored as orc TBLPROPERTIES ('transactional'='false')
2024-04-24T01:09:02,636  INFO [main] ql.Driver: Compiling command(queryId=alex_20240424010902_59b84197-3633-45dd-b470-0b586319b35c): create table nonAcidOrcTbl(a int, b int) clustered by (a) into 2 buckets stored as orc TBLPROPERTIES ('transactional'='false')
2024-04-24T01:09:02,638  INFO [main] txn.TxnHandler: Added entries to MIN_HISTORY_LEVEL for current txns: ([9]) with min_open_txn: 1
2024-04-24T01:09:02,639  INFO [main] lockmgr.DbTxnManager: Opened txnid:9
2024-04-24T01:09:02,639  INFO [main] parse.CalcitePlanner: Starting caching scope for: 
2024-04-24T01:09:02,639  INFO [main] parse.CalcitePlanner: Starting Semantic Analysis
2024-04-24T01:09:02,642  INFO [main] parse.CalcitePlanner: Creating table default.nonAcidOrcTbl position=13
2024-04-24T01:09:02,642  INFO [main] HiveMetaStore.audit: ugi=alex	ip=unknown-ip-addr	cmd=get_database: default	
2024-04-24T01:09:02,644  INFO [main] parse.CalcitePlanner: Ending caching scope for: 
2024-04-24T01:09:02,644  INFO [main] ql.Driver: Semantic Analysis Completed (retrial = false)
2024-04-24T01:09:02,644  INFO [main] ql.Driver: Created Hive schema: Schema(fieldSchemas:null, properties:null)
2024-04-24T01:09:02,644  INFO [main] metadata.Hive: Dumping metastore api call timing information for : compilation phase
2024-04-24T01:09:02,645  INFO [main] metadata.Hive: Total time spent in each metastore function (ms): {commitTxn_(CommitTxnRequest)=11, openTxn_(String, TxnType)=2, getValidTxns_(long)=0, flushCache_()=0, isCompatibleWith_(Configuration)=0, getValidWriteIds_(List, String)=2, getDatabase_(String)=2}
2024-04-24T01:09:02,645  INFO [main] ql.Driver: Completed compiling command(queryId=alex_20240424010902_59b84197-3633-45dd-b470-0b586319b35c); Time taken: 0.008 seconds
2024-04-24T01:09:02,645  INFO [main] lockmgr.DbTxnManager: Setting lock request transaction to txnid:9 for queryId=alex_20240424010902_59b84197-3633-45dd-b470-0b586319b35c
2024-04-24T01:09:02,645  INFO [main] lockmgr.DbLockManager: Requesting lock for queryId=alex_20240424010902_59b84197-3633-45dd-b470-0b586319b35c
2024-04-24T01:09:02,661  INFO [main] lockmgr.DbLockManager: Response to queryId=alex_20240424010902_59b84197-3633-45dd-b470-0b586319b35c LockResponse(lockid:3, state:ACQUIRED)
2024-04-24T01:09:02,661  INFO [main] ql.Driver: Operation CREATETABLE obtained 1 locks
2024-04-24T01:09:02,661  INFO [main] ql.Driver: Executing command(queryId=alex_20240424010902_59b84197-3633-45dd-b470-0b586319b35c): create table nonAcidOrcTbl(a int, b int) clustered by (a) into 2 buckets stored as orc TBLPROPERTIES ('transactional'='false')
2024-04-24T01:09:02,662  INFO [main] ql.Driver: Starting task [Stage-0:DDL] in serial mode
2024-04-24T01:09:02,663  INFO [main] HiveMetaStore.audit: ugi=alex	ip=unknown-ip-addr	cmd=create_table_req: Table(tableName:nonAcidOrcTbl, dbName:default, owner:alex, createTime:1713946142, lastAccessTime:0, retention:0, sd:StorageDescriptor(cols:[FieldSchema(name:a, type:int, comment:null), FieldSchema(name:b, type:int, comment:null)], location:null, inputFormat:org.apache.hadoop.hive.ql.io.orc.OrcInputFormat, outputFormat:org.apache.hadoop.hive.ql.io.orc.OrcOutputFormat, compressed:false, numBuckets:2, serdeInfo:SerDeInfo(name:null, serializationLib:org.apache.hadoop.hive.ql.io.orc.OrcSerde, parameters:{serialization.format=1}), bucketCols:[a], sortCols:[], parameters:{}, skewedInfo:SkewedInfo(skewedColNames:[], skewedColValues:[], skewedColValueLocationMaps:{}), storedAsSubDirectories:false), partitionKeys:[], parameters:{transactional=false, numFilesErasureCoded=0, numRows=0, COLUMN_STATS_ACCURATE={"BASIC_STATS":"true","COLUMN_STATS":{"a":"true","b":"true"}}, numFiles=0, bucketing_version=2, totalSize=0, rawDataSize=0}, viewOriginalText:null, viewExpandedText:null, tableType:MANAGED_TABLE, privileges:PrincipalPrivilegeSet(userPrivileges:{alex=[PrivilegeGrantInfo(privilege:INSERT, createTime:-1, grantor:alex, grantorType:USER, grantOption:true), PrivilegeGrantInfo(privilege:SELECT, createTime:-1, grantor:alex, grantorType:USER, grantOption:true), PrivilegeGrantInfo(privilege:UPDATE, createTime:-1, grantor:alex, grantorType:USER, grantOption:true), PrivilegeGrantInfo(privilege:DELETE, createTime:-1, grantor:alex, grantorType:USER, grantOption:true)]}, groupPrivileges:null, rolePrivileges:null), temporary:false, catName:hive, ownerType:USER)	
2024-04-24T01:09:02,670  INFO [main] utils.FileUtils: Creating directory if it doesn't exist: file:/home/alex/Repositories/hive/ql/target/tmp/org.apache.hadoop.hive.ql.TestTxnCommands-1713946100941/warehouse/nonacidorctbl
2024-04-24T01:09:02,690  INFO [main] metadata.Hive: Dumping metastore api call timing information for : execution phase
2024-04-24T01:09:02,690  INFO [main] metadata.Hive: Total time spent in each metastore function (ms): {createTable_(Table)=27, isCompatibleWith_(Configuration)=0}
2024-04-24T01:09:02,691  INFO [main] ql.Driver: Completed executing command(queryId=alex_20240424010902_59b84197-3633-45dd-b470-0b586319b35c); Time taken: 0.029 seconds
2024-04-24T01:09:02,691  INFO [main] lockmgr.DbTxnManager: Stopped heartbeat for query: alex_20240424010902_59b84197-3633-45dd-b470-0b586319b35c
2024-04-24T01:09:02,695  INFO [main] txn.TxnHandler: Expected to move at least one record from txn_components to completed_txn_components when committing txn! txnid:9
2024-04-24T01:09:02,701  INFO [main] txn.TxnHandler: Removed transactions: ([9]) from MIN_HISTORY_LEVEL
2024-04-24T01:09:02,701  WARN [main] txn.CompactionTxnHandler: No compaction queue record found for Compaction type transaction commit. txnId:9
2024-04-24T01:09:02,702  INFO [main] ql.TxnCommandsBaseForTests: Running the query: create table nonAcidOrcTbl2(a int, b int) clustered by (a) into 2 buckets stored as orc TBLPROPERTIES ('transactional'='false')
2024-04-24T01:09:02,702  INFO [main] ql.Driver: Compiling command(queryId=alex_20240424010902_fbc6b1c7-e772-4749-aa09-ede8013db6a3): create table nonAcidOrcTbl2(a int, b int) clustered by (a) into 2 buckets stored as orc TBLPROPERTIES ('transactional'='false')
2024-04-24T01:09:02,705  INFO [main] txn.TxnHandler: Added entries to MIN_HISTORY_LEVEL for current txns: ([10]) with min_open_txn: 1
2024-04-24T01:09:02,705  INFO [main] lockmgr.DbTxnManager: Opened txnid:10
2024-04-24T01:09:02,706  INFO [main] parse.CalcitePlanner: Starting caching scope for: 
2024-04-24T01:09:02,706  INFO [main] parse.CalcitePlanner: Starting Semantic Analysis
2024-04-24T01:09:02,708  INFO [main] parse.CalcitePlanner: Creating table default.nonAcidOrcTbl2 position=13
2024-04-24T01:09:02,708  INFO [main] HiveMetaStore.audit: ugi=alex	ip=unknown-ip-addr	cmd=get_database: default	
2024-04-24T01:09:02,710  INFO [main] parse.CalcitePlanner: Ending caching scope for: 
2024-04-24T01:09:02,710  INFO [main] ql.Driver: Semantic Analysis Completed (retrial = false)
2024-04-24T01:09:02,710  INFO [main] ql.Driver: Created Hive schema: Schema(fieldSchemas:null, properties:null)
2024-04-24T01:09:02,710  INFO [main] metadata.Hive: Dumping metastore api call timing information for : compilation phase
2024-04-24T01:09:02,710  INFO [main] metadata.Hive: Total time spent in each metastore function (ms): {flushCache_()=0, getDatabase_(String)=2, commitTxn_(CommitTxnRequest)=11, getValidTxns_(long)=1, isCompatibleWith_(Configuration)=0, getValidWriteIds_(List, String)=2, openTxn_(String, TxnType)=2}
2024-04-24T01:09:02,711  INFO [main] ql.Driver: Completed compiling command(queryId=alex_20240424010902_fbc6b1c7-e772-4749-aa09-ede8013db6a3); Time taken: 0.008 seconds
2024-04-24T01:09:02,711  INFO [main] lockmgr.DbTxnManager: Setting lock request transaction to txnid:10 for queryId=alex_20240424010902_fbc6b1c7-e772-4749-aa09-ede8013db6a3
2024-04-24T01:09:02,711  INFO [main] lockmgr.DbLockManager: Requesting lock for queryId=alex_20240424010902_fbc6b1c7-e772-4749-aa09-ede8013db6a3
2024-04-24T01:09:02,727  INFO [main] lockmgr.DbLockManager: Response to queryId=alex_20240424010902_fbc6b1c7-e772-4749-aa09-ede8013db6a3 LockResponse(lockid:4, state:ACQUIRED)
2024-04-24T01:09:02,727  INFO [main] ql.Driver: Operation CREATETABLE obtained 1 locks
2024-04-24T01:09:02,727  INFO [main] ql.Driver: Executing command(queryId=alex_20240424010902_fbc6b1c7-e772-4749-aa09-ede8013db6a3): create table nonAcidOrcTbl2(a int, b int) clustered by (a) into 2 buckets stored as orc TBLPROPERTIES ('transactional'='false')
2024-04-24T01:09:02,728  INFO [main] ql.Driver: Starting task [Stage-0:DDL] in serial mode
2024-04-24T01:09:02,729  INFO [main] HiveMetaStore.audit: ugi=alex	ip=unknown-ip-addr	cmd=create_table_req: Table(tableName:nonAcidOrcTbl2, dbName:default, owner:alex, createTime:1713946142, lastAccessTime:0, retention:0, sd:StorageDescriptor(cols:[FieldSchema(name:a, type:int, comment:null), FieldSchema(name:b, type:int, comment:null)], location:null, inputFormat:org.apache.hadoop.hive.ql.io.orc.OrcInputFormat, outputFormat:org.apache.hadoop.hive.ql.io.orc.OrcOutputFormat, compressed:false, numBuckets:2, serdeInfo:SerDeInfo(name:null, serializationLib:org.apache.hadoop.hive.ql.io.orc.OrcSerde, parameters:{serialization.format=1}), bucketCols:[a], sortCols:[], parameters:{}, skewedInfo:SkewedInfo(skewedColNames:[], skewedColValues:[], skewedColValueLocationMaps:{}), storedAsSubDirectories:false), partitionKeys:[], parameters:{bucketing_version=2, transactional=false, totalSize=0, COLUMN_STATS_ACCURATE={"BASIC_STATS":"true","COLUMN_STATS":{"a":"true","b":"true"}}, numFilesErasureCoded=0, numFiles=0, numRows=0, rawDataSize=0}, viewOriginalText:null, viewExpandedText:null, tableType:MANAGED_TABLE, privileges:PrincipalPrivilegeSet(userPrivileges:{alex=[PrivilegeGrantInfo(privilege:INSERT, createTime:-1, grantor:alex, grantorType:USER, grantOption:true), PrivilegeGrantInfo(privilege:SELECT, createTime:-1, grantor:alex, grantorType:USER, grantOption:true), PrivilegeGrantInfo(privilege:UPDATE, createTime:-1, grantor:alex, grantorType:USER, grantOption:true), PrivilegeGrantInfo(privilege:DELETE, createTime:-1, grantor:alex, grantorType:USER, grantOption:true)]}, groupPrivileges:null, rolePrivileges:null), temporary:false, catName:hive, ownerType:USER)	
2024-04-24T01:09:02,735  INFO [main] utils.FileUtils: Creating directory if it doesn't exist: file:/home/alex/Repositories/hive/ql/target/tmp/org.apache.hadoop.hive.ql.TestTxnCommands-1713946100941/warehouse/nonacidorctbl2
2024-04-24T01:09:02,750  INFO [main] metadata.Hive: Dumping metastore api call timing information for : execution phase
2024-04-24T01:09:02,750  INFO [main] metadata.Hive: Total time spent in each metastore function (ms): {createTable_(Table)=21, isCompatibleWith_(Configuration)=0}
2024-04-24T01:09:02,751  INFO [main] ql.Driver: Completed executing command(queryId=alex_20240424010902_fbc6b1c7-e772-4749-aa09-ede8013db6a3); Time taken: 0.023 seconds
2024-04-24T01:09:02,751  INFO [main] lockmgr.DbTxnManager: Stopped heartbeat for query: alex_20240424010902_fbc6b1c7-e772-4749-aa09-ede8013db6a3
2024-04-24T01:09:02,755  INFO [main] txn.TxnHandler: Expected to move at least one record from txn_components to completed_txn_components when committing txn! txnid:10
2024-04-24T01:09:02,761  INFO [main] txn.TxnHandler: Removed transactions: ([10]) from MIN_HISTORY_LEVEL
2024-04-24T01:09:02,761  WARN [main] txn.CompactionTxnHandler: No compaction queue record found for Compaction type transaction commit. txnId:10
2024-04-24T01:09:02,762  INFO [main] ql.TxnCommandsBaseForTests: Running the query: create temporary  table acidTbl2(a int, b int, c int) clustered by (c) into 2 buckets stored as orc TBLPROPERTIES ('transactional'='true')
2024-04-24T01:09:02,762  INFO [main] ql.Driver: Compiling command(queryId=alex_20240424010902_6a641767-23ba-4e66-a7a6-ea0f18ed9615): create temporary  table acidTbl2(a int, b int, c int) clustered by (c) into 2 buckets stored as orc TBLPROPERTIES ('transactional'='true')
2024-04-24T01:09:02,765  INFO [main] txn.TxnHandler: Added entries to MIN_HISTORY_LEVEL for current txns: ([11]) with min_open_txn: 1
2024-04-24T01:09:02,765  INFO [main] lockmgr.DbTxnManager: Opened txnid:11
2024-04-24T01:09:02,766  INFO [main] parse.CalcitePlanner: Starting caching scope for: 
2024-04-24T01:09:02,766  INFO [main] parse.CalcitePlanner: Starting Semantic Analysis
2024-04-24T01:09:02,768  INFO [main] parse.CalcitePlanner: Creating table default.acidTbl2 position=24
2024-04-24T01:09:02,769  INFO [main] HiveMetaStore.audit: ugi=alex	ip=unknown-ip-addr	cmd=get_database: default	
2024-04-24T01:09:02,770  INFO [main] parse.CalcitePlanner: Ending caching scope for: 
2024-04-24T01:09:02,770  INFO [main] ql.Driver: Semantic Analysis Completed (retrial = false)
2024-04-24T01:09:02,770  INFO [main] ql.Driver: Created Hive schema: Schema(fieldSchemas:null, properties:null)
2024-04-24T01:09:02,770  INFO [main] metadata.Hive: Dumping metastore api call timing information for : compilation phase
2024-04-24T01:09:02,770  INFO [main] metadata.Hive: Total time spent in each metastore function (ms): {getDatabase_(String)=1, openTxn_(String, TxnType)=2, commitTxn_(CommitTxnRequest)=11, isCompatibleWith_(Configuration)=0, getValidWriteIds_(List, String)=2, flushCache_()=1, getValidTxns_(long)=1}
2024-04-24T01:09:02,771  INFO [main] ql.Driver: Completed compiling command(queryId=alex_20240424010902_6a641767-23ba-4e66-a7a6-ea0f18ed9615); Time taken: 0.008 seconds
2024-04-24T01:09:02,771  INFO [main] lockmgr.DbTxnManager: Setting lock request transaction to txnid:11 for queryId=alex_20240424010902_6a641767-23ba-4e66-a7a6-ea0f18ed9615
2024-04-24T01:09:02,771  INFO [main] lockmgr.DbLockManager: Requesting lock for queryId=alex_20240424010902_6a641767-23ba-4e66-a7a6-ea0f18ed9615
2024-04-24T01:09:02,786  INFO [main] lockmgr.DbLockManager: Response to queryId=alex_20240424010902_6a641767-23ba-4e66-a7a6-ea0f18ed9615 LockResponse(lockid:5, state:ACQUIRED)
2024-04-24T01:09:02,786  INFO [main] ql.Driver: Operation CREATETABLE obtained 1 locks
2024-04-24T01:09:02,787  INFO [main] ql.Driver: Executing command(queryId=alex_20240424010902_6a641767-23ba-4e66-a7a6-ea0f18ed9615): create temporary  table acidTbl2(a int, b int, c int) clustered by (c) into 2 buckets stored as orc TBLPROPERTIES ('transactional'='true')
2024-04-24T01:09:02,787  INFO [main] ql.Driver: Starting task [Stage-0:DDL] in serial mode
2024-04-24T01:09:02,788  INFO [main] utils.FileUtils: Creating directory if it doesn't exist: file:/home/alex/Repositories/hive/ql/target/tmp/scratchdir/alex/6a295013-453e-4d92-a78e-65896b88df8c/_tmp_space.db/55c7ba22-6994-40a8-a85f-ccc0226041f9
2024-04-24T01:09:02,791  INFO [main] metadata.Hive: Dumping metastore api call timing information for : execution phase
2024-04-24T01:09:02,791  INFO [main] metadata.Hive: Total time spent in each metastore function (ms): {createTable_(Table)=3, isCompatibleWith_(Configuration)=0}
2024-04-24T01:09:02,792  INFO [main] ql.Driver: Completed executing command(queryId=alex_20240424010902_6a641767-23ba-4e66-a7a6-ea0f18ed9615); Time taken: 0.004 seconds
2024-04-24T01:09:02,792  INFO [main] lockmgr.DbTxnManager: Stopped heartbeat for query: alex_20240424010902_6a641767-23ba-4e66-a7a6-ea0f18ed9615
2024-04-24T01:09:02,796  INFO [main] txn.TxnHandler: Expected to move at least one record from txn_components to completed_txn_components when committing txn! txnid:11
2024-04-24T01:09:02,802  INFO [main] txn.TxnHandler: Removed transactions: ([11]) from MIN_HISTORY_LEVEL
2024-04-24T01:09:02,802  WARN [main] txn.CompactionTxnHandler: No compaction queue record found for Compaction type transaction commit. txnId:11
2024-04-24T01:09:02,803  INFO [main] ql.TxnCommandsBaseForTests: Running the query: create table nonAcidNonBucket(a int, b int) stored as orc TBLPROPERTIES ('transactional'='false')
2024-04-24T01:09:02,803  INFO [main] ql.Driver: Compiling command(queryId=alex_20240424010902_551dd112-2504-4ea6-9c4f-0687a0bff6fc): create table nonAcidNonBucket(a int, b int) stored as orc TBLPROPERTIES ('transactional'='false')
2024-04-24T01:09:02,806  INFO [main] txn.TxnHandler: Added entries to MIN_HISTORY_LEVEL for current txns: ([12]) with min_open_txn: 1
2024-04-24T01:09:02,806  INFO [main] lockmgr.DbTxnManager: Opened txnid:12
2024-04-24T01:09:02,807  INFO [main] parse.CalcitePlanner: Starting caching scope for: 
2024-04-24T01:09:02,807  INFO [main] parse.CalcitePlanner: Starting Semantic Analysis
2024-04-24T01:09:02,810  INFO [main] parse.CalcitePlanner: Creating table default.nonAcidNonBucket position=13
2024-04-24T01:09:02,810  INFO [main] HiveMetaStore.audit: ugi=alex	ip=unknown-ip-addr	cmd=get_database: default	
2024-04-24T01:09:02,812  INFO [main] parse.CalcitePlanner: Ending caching scope for: 
2024-04-24T01:09:02,812  INFO [main] ql.Driver: Semantic Analysis Completed (retrial = false)
2024-04-24T01:09:02,812  INFO [main] ql.Driver: Created Hive schema: Schema(fieldSchemas:null, properties:null)
2024-04-24T01:09:02,812  INFO [main] metadata.Hive: Dumping metastore api call timing information for : compilation phase
2024-04-24T01:09:02,812  INFO [main] metadata.Hive: Total time spent in each metastore function (ms): {getValidTxns_(long)=1, commitTxn_(CommitTxnRequest)=11, getDatabase_(String)=1, flushCache_()=1, openTxn_(String, TxnType)=2, isCompatibleWith_(Configuration)=0, getValidWriteIds_(List, String)=2}
2024-04-24T01:09:02,812  INFO [main] ql.Driver: Completed compiling command(queryId=alex_20240424010902_551dd112-2504-4ea6-9c4f-0687a0bff6fc); Time taken: 0.009 seconds
2024-04-24T01:09:02,812  INFO [main] lockmgr.DbTxnManager: Setting lock request transaction to txnid:12 for queryId=alex_20240424010902_551dd112-2504-4ea6-9c4f-0687a0bff6fc
2024-04-24T01:09:02,812  INFO [main] lockmgr.DbLockManager: Requesting lock for queryId=alex_20240424010902_551dd112-2504-4ea6-9c4f-0687a0bff6fc
2024-04-24T01:09:02,827  INFO [main] lockmgr.DbLockManager: Response to queryId=alex_20240424010902_551dd112-2504-4ea6-9c4f-0687a0bff6fc LockResponse(lockid:6, state:ACQUIRED)
2024-04-24T01:09:02,827  INFO [main] ql.Driver: Operation CREATETABLE obtained 1 locks
2024-04-24T01:09:02,827  INFO [main] ql.Driver: Executing command(queryId=alex_20240424010902_551dd112-2504-4ea6-9c4f-0687a0bff6fc): create table nonAcidNonBucket(a int, b int) stored as orc TBLPROPERTIES ('transactional'='false')
2024-04-24T01:09:02,827  INFO [main] ql.Driver: Starting task [Stage-0:DDL] in serial mode
2024-04-24T01:09:02,828  INFO [main] HiveMetaStore.audit: ugi=alex	ip=unknown-ip-addr	cmd=create_table_req: Table(tableName:nonAcidNonBucket, dbName:default, owner:alex, createTime:1713946142, lastAccessTime:0, retention:0, sd:StorageDescriptor(cols:[FieldSchema(name:a, type:int, comment:null), FieldSchema(name:b, type:int, comment:null)], location:null, inputFormat:org.apache.hadoop.hive.ql.io.orc.OrcInputFormat, outputFormat:org.apache.hadoop.hive.ql.io.orc.OrcOutputFormat, compressed:false, numBuckets:-1, serdeInfo:SerDeInfo(name:null, serializationLib:org.apache.hadoop.hive.ql.io.orc.OrcSerde, parameters:{serialization.format=1}), bucketCols:[], sortCols:[], parameters:{}, skewedInfo:SkewedInfo(skewedColNames:[], skewedColValues:[], skewedColValueLocationMaps:{}), storedAsSubDirectories:false), partitionKeys:[], parameters:{numFilesErasureCoded=0, bucketing_version=2, COLUMN_STATS_ACCURATE={"BASIC_STATS":"true","COLUMN_STATS":{"a":"true","b":"true"}}, totalSize=0, transactional=false, numFiles=0, numRows=0, rawDataSize=0}, viewOriginalText:null, viewExpandedText:null, tableType:MANAGED_TABLE, privileges:PrincipalPrivilegeSet(userPrivileges:{alex=[PrivilegeGrantInfo(privilege:INSERT, createTime:-1, grantor:alex, grantorType:USER, grantOption:true), PrivilegeGrantInfo(privilege:SELECT, createTime:-1, grantor:alex, grantorType:USER, grantOption:true), PrivilegeGrantInfo(privilege:UPDATE, createTime:-1, grantor:alex, grantorType:USER, grantOption:true), PrivilegeGrantInfo(privilege:DELETE, createTime:-1, grantor:alex, grantorType:USER, grantOption:true)]}, groupPrivileges:null, rolePrivileges:null), temporary:false, catName:hive, ownerType:USER)	
2024-04-24T01:09:02,834  INFO [main] utils.FileUtils: Creating directory if it doesn't exist: file:/home/alex/Repositories/hive/ql/target/tmp/org.apache.hadoop.hive.ql.TestTxnCommands-1713946100941/warehouse/nonacidnonbucket
2024-04-24T01:09:02,849  INFO [main] metadata.Hive: Dumping metastore api call timing information for : execution phase
2024-04-24T01:09:02,849  INFO [main] metadata.Hive: Total time spent in each metastore function (ms): {isCompatibleWith_(Configuration)=0, createTable_(Table)=21}
2024-04-24T01:09:02,849  INFO [main] ql.Driver: Completed executing command(queryId=alex_20240424010902_551dd112-2504-4ea6-9c4f-0687a0bff6fc); Time taken: 0.022 seconds
2024-04-24T01:09:02,849  INFO [main] lockmgr.DbTxnManager: Stopped heartbeat for query: alex_20240424010902_551dd112-2504-4ea6-9c4f-0687a0bff6fc
2024-04-24T01:09:02,854  INFO [main] txn.TxnHandler: Expected to move at least one record from txn_components to completed_txn_components when committing txn! txnid:12
2024-04-24T01:09:02,860  INFO [main] txn.TxnHandler: Removed transactions: ([12]) from MIN_HISTORY_LEVEL
2024-04-24T01:09:02,860  WARN [main] txn.CompactionTxnHandler: No compaction queue record found for Compaction type transaction commit. txnId:12
2024-04-24T01:09:02,863  INFO [main] ql.TxnCommandsBaseForTests: Running the query: insert into nonAcidOrcTbl  values(2,2),(4,44),(5,5),(11,11)
2024-04-24T01:09:02,863  INFO [main] ql.Driver: Compiling command(queryId=alex_20240424010902_c4da4001-fa58-4644-9101-d67df3f0b1c6): insert into nonAcidOrcTbl  values(2,2),(4,44),(5,5),(11,11)
2024-04-24T01:09:02,866  INFO [main] txn.TxnHandler: Added entries to MIN_HISTORY_LEVEL for current txns: ([13]) with min_open_txn: 1
2024-04-24T01:09:02,867  INFO [main] lockmgr.DbTxnManager: Opened txnid:13
2024-04-24T01:09:02,867  INFO [main] parse.CalcitePlanner: Starting caching scope for: alex_20240424010902_c4da4001-fa58-4644-9101-d67df3f0b1c6
2024-04-24T01:09:02,867  INFO [main] parse.CalcitePlanner: Starting Semantic Analysis
2024-04-24T01:09:02,872  INFO [main] HiveMetaStore.audit: ugi=alex	ip=unknown-ip-addr	cmd=get_table : tbl=hive.default.nonAcidOrcTbl	
2024-04-24T01:09:02,906  INFO [main] metastore.HMSHandler: Skipping translation for processor with null
2024-04-24T01:09:02,906  INFO [main] parse.CalcitePlanner: Completed phase 1 of Semantic Analysis
2024-04-24T01:09:02,906  INFO [main] parse.CalcitePlanner: Get metadata for source tables
2024-04-24T01:09:02,906  INFO [main] parse.CalcitePlanner: Get metadata for subqueries
2024-04-24T01:09:02,906  INFO [main] parse.CalcitePlanner: Get metadata for destination tables
2024-04-24T01:09:02,907  INFO [main] HiveMetaStore.audit: ugi=alex	ip=unknown-ip-addr	cmd=get_table : tbl=hive.default.nonAcidOrcTbl	
2024-04-24T01:09:02,916  INFO [main] metastore.HMSHandler: Skipping translation for processor with null
2024-04-24T01:09:02,916  INFO [main] parse.CalcitePlanner: Completed getting MetaData in Semantic Analysis
2024-04-24T01:09:02,916  INFO [main] parse.CalcitePlanner: Disabling LLAP IO encode as ETL query is detected
2024-04-24T01:09:02,936  INFO [main] HiveMetaStore.audit: ugi=alex	ip=unknown-ip-addr	cmd=get_all_table_constraints : tbl=hive._dummy_database._dummy_table	
2024-04-24T01:09:03,014  INFO [main] parse.CalcitePlanner: Get metadata for source tables
2024-04-24T01:09:03,014  INFO [main] parse.CalcitePlanner: Get metadata for subqueries
2024-04-24T01:09:03,014  INFO [main] parse.CalcitePlanner: Get metadata for source tables
2024-04-24T01:09:03,014  INFO [main] HiveMetaStore.audit: ugi=alex	ip=unknown-ip-addr	cmd=get_table : tbl=hive._dummy_database._dummy_table	
2024-04-24T01:09:03,017  INFO [main] parse.CalcitePlanner: Get metadata for subqueries
2024-04-24T01:09:03,017  INFO [main] parse.CalcitePlanner: Get metadata for destination tables
2024-04-24T01:09:03,017  INFO [main] parse.CalcitePlanner: Get metadata for destination tables
2024-04-24T01:09:03,020  INFO [main] common.FileUtils: Creating directory if it doesn't exist: file:/home/alex/Repositories/hive/ql/target/tmp/org.apache.hadoop.hive.ql.TestTxnCommands-1713946100941/warehouse/nonacidorctbl/.hive-staging_hive_2024-04-24_01-09-02_863_2467137100917791891-1
2024-04-24T01:09:03,023  INFO [main] HiveMetaStore.audit: ugi=alex	ip=unknown-ip-addr	cmd=get_not_null_constraints : tbl=hive.default.nonacidorctbl	
2024-04-24T01:09:03,025  INFO [main] HiveMetaStore.audit: ugi=alex	ip=unknown-ip-addr	cmd=get_check_constraints : tbl=hive.default.nonacidorctbl	
2024-04-24T01:09:03,028  INFO [main] parse.CalcitePlanner: CBO Succeeded; optimized logical plan.
2024-04-24T01:09:03,034  INFO [main] optimizer.ColumnPrunerProcFactory: RS 4 oldColExprMap: {KEY.reducesinkkey0=Column[_col0], VALUE._col0=Column[_col1]}
2024-04-24T01:09:03,034  INFO [main] optimizer.ColumnPrunerProcFactory: RS 4 newColExprMap: {VALUE._col0=Column[_col1], KEY.reducesinkkey0=Column[_col0]}
2024-04-24T01:09:03,035  INFO [main] optimizer.BucketVersionPopulator: not considering bucketingVersion for: TS[0] because it has -1<2 buckets 
2024-04-24T01:09:03,036  INFO [main] optimizer.SortedDynPartitionOptimizer: Sorted dynamic partitioning optimization kicked in..
2024-04-24T01:09:03,047  INFO [main] HiveMetaStore.audit: ugi=alex	ip=unknown-ip-addr	cmd=get_table : tbl=hive.default.nonacidorctbl	
2024-04-24T01:09:03,057  INFO [main] metastore.HMSHandler: Skipping translation for processor with null
2024-04-24T01:09:03,058  INFO [main] physical.Vectorizer: Examining input format to see if vectorization is enabled.
2024-04-24T01:09:03,058  INFO [main] physical.Vectorizer: Map vectorization enabled: false
2024-04-24T01:09:03,058  INFO [main] physical.Vectorizer: Map vectorized: false
2024-04-24T01:09:03,058  INFO [main] physical.Vectorizer: Map vectorizedVertexNum: 0
2024-04-24T01:09:03,058  INFO [main] physical.Vectorizer: Map enabledConditionsMet: [hive.vectorized.use.vectorized.input.format IS true]
2024-04-24T01:09:03,058  INFO [main] physical.Vectorizer: Map enabledConditionsNotMet: [Could not enable vectorization due to partition column names size 1 is greater than the number of table column names size 0 IS false]
2024-04-24T01:09:03,058  INFO [main] physical.Vectorizer: Map inputFileFormatClassNameSet: [org.apache.hadoop.hive.ql.io.NullRowsInputFormat]
2024-04-24T01:09:03,058  INFO [main] physical.Vectorizer: Reduce vectorization enabled: false
2024-04-24T01:09:03,058  INFO [main] physical.Vectorizer: Reduce vectorized: false
2024-04-24T01:09:03,058  INFO [main] physical.Vectorizer: Reduce vectorizedVertexNum: 1
2024-04-24T01:09:03,058  INFO [main] physical.Vectorizer: Reducer hive.vectorized.execution.reduce.enabled: true
2024-04-24T01:09:03,058  INFO [main] physical.Vectorizer: Reducer engine: mr
2024-04-24T01:09:03,058  INFO [main] parse.CalcitePlanner: Completed plan generation
2024-04-24T01:09:03,058  INFO [main] parse.CalcitePlanner: Ending caching scope for: alex_20240424010902_c4da4001-fa58-4644-9101-d67df3f0b1c6
2024-04-24T01:09:03,058  INFO [main] ql.Driver: Semantic Analysis Completed (retrial = false)
2024-04-24T01:09:03,058  INFO [main] ql.Driver: Created Hive schema: Schema(fieldSchemas:[FieldSchema(name:col1, type:int, comment:null), FieldSchema(name:col2, type:int, comment:null)], properties:null)
2024-04-24T01:09:03,058  INFO [main] metadata.Hive: Dumping metastore api call timing information for : compilation phase
2024-04-24T01:09:03,058  INFO [main] metadata.Hive: Total time spent in each metastore function (ms): {getAllTableConstraints_(AllTableConstraintsRequest)=30, getNotNullConstraints_(NotNullConstraintsRequest)=2, getTable_(GetTableRequest)=54, getValidTxns_(long)=0, getCheckConstraints_(CheckConstraintsRequest)=2, getValidWriteIds_(List, String)=3, commitTxn_(CommitTxnRequest)=11, openTxn_(String, TxnType)=2, flushCache_()=0, isCompatibleWith_(Configuration)=0}
2024-04-24T01:09:03,059  INFO [main] ql.Driver: Completed compiling command(queryId=alex_20240424010902_c4da4001-fa58-4644-9101-d67df3f0b1c6); Time taken: 0.195 seconds
2024-04-24T01:09:03,059  INFO [main] lockmgr.DbTxnManager: Setting lock request transaction to txnid:13 for queryId=alex_20240424010902_c4da4001-fa58-4644-9101-d67df3f0b1c6
2024-04-24T01:09:03,059  INFO [main] lockmgr.DbLockManager: Requesting lock for queryId=alex_20240424010902_c4da4001-fa58-4644-9101-d67df3f0b1c6
2024-04-24T01:09:03,082  INFO [main] lockmgr.DbLockManager: Response to queryId=alex_20240424010902_c4da4001-fa58-4644-9101-d67df3f0b1c6 LockResponse(lockid:7, state:ACQUIRED)
2024-04-24T01:09:03,082  INFO [main] ql.Driver: Operation QUERY obtained 1 locks
2024-04-24T01:09:03,082  INFO [main] ql.Driver: Executing command(queryId=alex_20240424010902_c4da4001-fa58-4644-9101-d67df3f0b1c6): insert into nonAcidOrcTbl  values(2,2),(4,44),(5,5),(11,11)
2024-04-24T01:09:03,082  WARN [main] ql.Driver: Hive-on-MR is deprecated in Hive 2 and may not be available in the future versions. Consider using a different execution engine (i.e. spark, tez) or using Hive 1.X releases.
Query ID = alex_20240424010902_c4da4001-fa58-4644-9101-d67df3f0b1c6
2024-04-24T01:09:03,082  INFO [main] ql.Driver: Query ID = alex_20240424010902_c4da4001-fa58-4644-9101-d67df3f0b1c6
Total jobs = 1
2024-04-24T01:09:03,082  INFO [main] ql.Driver: Total jobs = 1
Launching Job 1 out of 1
2024-04-24T01:09:03,082  INFO [main] ql.Driver: Launching Job 1 out of 1
2024-04-24T01:09:03,215  INFO [main] ql.Driver: Starting task [Stage-1:MAPRED] in serial mode
Number of reduce tasks determined at compile time: 2
2024-04-24T01:09:03,216  INFO [main] exec.Task: Number of reduce tasks determined at compile time: 2
In order to change the average load for a reducer (in bytes):
2024-04-24T01:09:03,216  INFO [main] exec.Task: In order to change the average load for a reducer (in bytes):
  set hive.exec.reducers.bytes.per.reducer=<number>
2024-04-24T01:09:03,216  INFO [main] exec.Task:   set hive.exec.reducers.bytes.per.reducer=<number>
In order to limit the maximum number of reducers:
2024-04-24T01:09:03,216  INFO [main] exec.Task: In order to limit the maximum number of reducers:
  set hive.exec.reducers.max=<number>
2024-04-24T01:09:03,216  INFO [main] exec.Task:   set hive.exec.reducers.max=<number>
In order to set a constant number of reducers:
2024-04-24T01:09:03,216  INFO [main] exec.Task: In order to set a constant number of reducers:
  set mapreduce.job.reduces=<number>
2024-04-24T01:09:03,216  INFO [main] exec.Task:   set mapreduce.job.reduces=<number>
2024-04-24T01:09:03,218  INFO [main] mr.ExecDriver: Using org.apache.hadoop.hive.ql.io.HiveInputFormat
2024-04-24T01:09:03,218  INFO [main] exec.Utilities: Processing alias $hdt$_0:_dummy_table
2024-04-24T01:09:03,218  INFO [main] exec.Utilities: Adding 1 inputs; the first input is file:/home/alex/Repositories/hive/ql/target/tmp/localscratchdir/6a295013-453e-4d92-a78e-65896b88df8c/hive_2024-04-24_01-09-02_863_2467137100917791891-1/dummy_path
2024-04-24T01:09:03,228  INFO [main] exec.SerializationUtilities: Serializing MapWork using kryo
2024-04-24T01:09:03,229  INFO [main] exec.Utilities: Serialized plan (via FILE) - name: null size: 5,33KB
2024-04-24T01:09:03,234  INFO [main] exec.SerializationUtilities: Serializing ReduceWork using kryo
2024-04-24T01:09:03,235  INFO [main] exec.Utilities: Serialized plan (via FILE) - name: null size: 6,36KB
2024-04-24T01:09:03,235  WARN [main] impl.MetricsSystemImpl: JobTracker metrics system already initialized!
2024-04-24T01:09:03,239  INFO [main] fs.FSStatsPublisher: created : file:/home/alex/Repositories/hive/ql/target/tmp/localscratchdir/6a295013-453e-4d92-a78e-65896b88df8c/hive_2024-04-24_01-09-02_863_2467137100917791891-1/-mr-10001
2024-04-24T01:09:03,244  WARN [main] impl.MetricsSystemImpl: JobTracker metrics system already initialized!
2024-04-24T01:09:03,251  WARN [main] mapreduce.JobResourceUploader: Hadoop command-line option parsing not performed. Implement the Tool interface and execute your application with ToolRunner to remedy this.
2024-04-24T01:09:03,256  WARN [main] mapreduce.JobResourceUploader: No job jar file set.  User classes may not be found. See Job or Job#setJar(String).
2024-04-24T01:09:03,257  INFO [main] io.HiveInputFormat: hive.io.file.readcolumn.ids = 
2024-04-24T01:09:03,257  INFO [main] io.HiveInputFormat: hive.io.file.readcolumn.names = 
2024-04-24T01:09:03,257  INFO [main] io.HiveInputFormat: Generating splits for dirs: file:/home/alex/Repositories/hive/ql/target/tmp/localscratchdir/6a295013-453e-4d92-a78e-65896b88df8c/hive_2024-04-24_01-09-02_863_2467137100917791891-1/dummy_path
2024-04-24T01:09:03,258  INFO [main] io.HiveInputFormat: number of splits 1
2024-04-24T01:09:03,277  INFO [main] mapreduce.JobSubmitter: number of splits:1
2024-04-24T01:09:03,298  INFO [main] mapreduce.JobSubmitter: Submitting tokens for job: job_local29966684_0013
2024-04-24T01:09:03,298  INFO [main] mapreduce.JobSubmitter: Executing with tokens: []
2024-04-24T01:09:03,363  INFO [main] mapreduce.Job: The url to track the job: http://localhost:8080/
Job running in-process (local Hadoop)
2024-04-24T01:09:03,363  INFO [main] exec.Task: Job running in-process (local Hadoop)
2024-04-24T01:09:03,364  INFO [Thread-1078] mapred.LocalJobRunner: OutputCommitter set in config org.apache.hadoop.hive.ql.io.HiveFileFormatUtils$NullOutputCommitter
2024-04-24T01:09:03,364  INFO [Thread-1078] mapred.LocalJobRunner: OutputCommitter is org.apache.hadoop.hive.ql.io.HiveFileFormatUtils$NullOutputCommitter
2024-04-24T01:09:03,365  INFO [Thread-1078] mapred.LocalJobRunner: Waiting for map tasks
2024-04-24T01:09:03,366  INFO [LocalJobRunner Map Task Executor #0] mapred.LocalJobRunner: Starting task: attempt_local29966684_0013_m_000000_0
2024-04-24T01:09:03,368  INFO [LocalJobRunner Map Task Executor #0] mapred.Task:  Using ResourceCalculatorProcessTree : [ ]
2024-04-24T01:09:03,369  INFO [LocalJobRunner Map Task Executor #0] mapred.MapTask: Processing split: org.apache.hadoop.hive.ql.io.NullRowsInputFormat:file:/home/alex/Repositories/hive/ql/target/tmp/localscratchdir/6a295013-453e-4d92-a78e-65896b88df8c/hive_2024-04-24_01-09-02_863_2467137100917791891-1/dummy_path/null:0+1
2024-04-24T01:09:03,371  INFO [LocalJobRunner Map Task Executor #0] exec.SerializationUtilities: Deserializing MapWork using kryo
2024-04-24T01:09:03,372  INFO [LocalJobRunner Map Task Executor #0] exec.Utilities: Deserialized plan (via FILE) - name: null size: 5,33KB
2024-04-24T01:09:03,372  INFO [LocalJobRunner Map Task Executor #0] mapred.MapTask: numReduceTasks: 2
2024-04-24T01:09:03,376  INFO [LocalJobRunner Map Task Executor #0] mapred.MapTask: (EQUATOR) 0 kvi 26214396(104857584)
2024-04-24T01:09:03,376  INFO [LocalJobRunner Map Task Executor #0] mapred.MapTask: mapreduce.task.io.sort.mb: 100
2024-04-24T01:09:03,376  INFO [LocalJobRunner Map Task Executor #0] mapred.MapTask: soft limit at 83886080
2024-04-24T01:09:03,376  INFO [LocalJobRunner Map Task Executor #0] mapred.MapTask: bufstart = 0; bufvoid = 104857600
2024-04-24T01:09:03,376  INFO [LocalJobRunner Map Task Executor #0] mapred.MapTask: kvstart = 26214396; length = 6553600
2024-04-24T01:09:03,377  INFO [LocalJobRunner Map Task Executor #0] mapred.MapTask: Map output collector class = org.apache.hadoop.mapred.MapTask$MapOutputBuffer
2024-04-24T01:09:03,377  INFO [LocalJobRunner Map Task Executor #0] exec.MapOperator: Initializing Operator: MAP[0]
2024-04-24T01:09:03,378  INFO [LocalJobRunner Map Task Executor #0] mr.ExecMapper: 
<MAP>Id =0
  <Children>null
  <\Children>
  <Parent><\Parent>
<\MAP>
2024-04-24T01:09:03,378  INFO [LocalJobRunner Map Task Executor #0] exec.TableScanOperator: Initializing Operator: TS[0]
2024-04-24T01:09:03,378  INFO [LocalJobRunner Map Task Executor #0] exec.SelectOperator: Initializing Operator: SEL[1]
2024-04-24T01:09:03,378  INFO [LocalJobRunner Map Task Executor #0] exec.SelectOperator: SELECT null
2024-04-24T01:09:03,379  INFO [LocalJobRunner Map Task Executor #0] exec.UDTFOperator: Initializing Operator: UDTF[2]
2024-04-24T01:09:03,379  INFO [LocalJobRunner Map Task Executor #0] exec.SelectOperator: Initializing Operator: SEL[3]
2024-04-24T01:09:03,379  INFO [LocalJobRunner Map Task Executor #0] exec.SelectOperator: SELECT struct<col1:int,col2:int>
2024-04-24T01:09:03,379  INFO [LocalJobRunner Map Task Executor #0] exec.ReduceSinkOperator: Initializing Operator: RS[4]
2024-04-24T01:09:03,379  INFO [LocalJobRunner Map Task Executor #0] exec.ReduceSinkOperator: Using tag = -1
2024-04-24T01:09:03,379  INFO [LocalJobRunner Map Task Executor #0] exec.ReduceSinkOperator: keys are [reducesinkkey0] num distributions: 1
2024-04-24T01:09:03,379  INFO [LocalJobRunner Map Task Executor #0] exec.ReduceSinkOperator: RS[4]: records written - 1
2024-04-24T01:09:03,380  INFO [LocalJobRunner Map Task Executor #0] exec.MapOperator: MAP[0]: records read - 1
2024-04-24T01:09:03,380  INFO [LocalJobRunner Map Task Executor #0] exec.MapOperator: Closing Operator: MAP[0]
2024-04-24T01:09:03,380  INFO [LocalJobRunner Map Task Executor #0] exec.MapOperator: MAP[0]: Total records read - 3. abort - false
2024-04-24T01:09:03,380  INFO [LocalJobRunner Map Task Executor #0] exec.MapOperator: RECORDS_OUT_INTERMEDIATE:0, DESERIALIZE_ERRORS:0, RECORDS_IN:3, RECORDS_OUT_OPERATOR_MAP_0:0, 
2024-04-24T01:09:03,380  INFO [LocalJobRunner Map Task Executor #0] exec.TableScanOperator: Closing Operator: TS[0]
2024-04-24T01:09:03,380  INFO [LocalJobRunner Map Task Executor #0] exec.TableScanOperator: RECORDS_OUT_INTERMEDIATE:0, RECORDS_OUT_OPERATOR_TS_0:1, 
2024-04-24T01:09:03,380  INFO [LocalJobRunner Map Task Executor #0] exec.SelectOperator: Closing Operator: SEL[1]
2024-04-24T01:09:03,380  INFO [LocalJobRunner Map Task Executor #0] exec.SelectOperator: RECORDS_OUT_OPERATOR_SEL_1:1, RECORDS_OUT_INTERMEDIATE:0, 
2024-04-24T01:09:03,380  INFO [LocalJobRunner Map Task Executor #0] exec.UDTFOperator: Closing Operator: UDTF[2]
2024-04-24T01:09:03,380  INFO [LocalJobRunner Map Task Executor #0] exec.UDTFOperator: RECORDS_OUT_INTERMEDIATE:0, RECORDS_OUT_OPERATOR_UDTF_2:4, 
2024-04-24T01:09:03,380  INFO [LocalJobRunner Map Task Executor #0] exec.SelectOperator: Closing Operator: SEL[3]
2024-04-24T01:09:03,380  INFO [LocalJobRunner Map Task Executor #0] exec.SelectOperator: RECORDS_OUT_INTERMEDIATE:0, RECORDS_OUT_OPERATOR_SEL_3:4, 
2024-04-24T01:09:03,380  INFO [LocalJobRunner Map Task Executor #0] exec.ReduceSinkOperator: Closing Operator: RS[4]
2024-04-24T01:09:03,380  INFO [LocalJobRunner Map Task Executor #0] exec.ReduceSinkOperator: RS[4]: Total records written - 4. abort - false
2024-04-24T01:09:03,380  INFO [LocalJobRunner Map Task Executor #0] exec.ReduceSinkOperator: RECORDS_OUT_OPERATOR_RS_4:4, RECORDS_OUT_INTERMEDIATE:4, 
2024-04-24T01:09:03,382  INFO [LocalJobRunner Map Task Executor #0] mapred.LocalJobRunner: 
2024-04-24T01:09:03,382  INFO [LocalJobRunner Map Task Executor #0] mapred.MapTask: Starting flush of map output
2024-04-24T01:09:03,382  INFO [LocalJobRunner Map Task Executor #0] mapred.MapTask: Spilling map output
2024-04-24T01:09:03,382  INFO [LocalJobRunner Map Task Executor #0] mapred.MapTask: bufstart = 0; bufend = 64; bufvoid = 104857600
2024-04-24T01:09:03,382  INFO [LocalJobRunner Map Task Executor #0] mapred.MapTask: kvstart = 26214396(104857584); kvend = 26214384(104857536); length = 13/6553600
2024-04-24T01:09:03,392  INFO [LocalJobRunner Map Task Executor #0] mapred.MapTask: Finished spill 0
2024-04-24T01:09:03,397  INFO [LocalJobRunner Map Task Executor #0] mapred.Task: Task:attempt_local29966684_0013_m_000000_0 is done. And is in the process of committing
2024-04-24T01:09:03,398  INFO [LocalJobRunner Map Task Executor #0] mapred.LocalJobRunner: map
2024-04-24T01:09:03,398  INFO [LocalJobRunner Map Task Executor #0] mapred.Task: Task 'attempt_local29966684_0013_m_000000_0' done.
2024-04-24T01:09:03,398  INFO [LocalJobRunner Map Task Executor #0] mapred.Task: Final Counters for attempt_local29966684_0013_m_000000_0: Counters: 26
	File System Counters
		FILE: Number of bytes read=320186
		FILE: Number of bytes written=16320755
		FILE: Number of read operations=0
		FILE: Number of large read operations=0
		FILE: Number of write operations=0
	Map-Reduce Framework
		Map input records=4
		Map output records=4
		Map output bytes=64
		Map output materialized bytes=84
		Input split bytes=361
		Combine input records=0
		Spilled Records=4
		Failed Shuffles=0
		Merged Map outputs=0
		GC time elapsed (ms)=0
		Total committed heap usage (bytes)=1133510656
	HIVE
		DESERIALIZE_ERRORS=0
		RECORDS_IN=3
		RECORDS_OUT_INTERMEDIATE=4
		RECORDS_OUT_OPERATOR_MAP_0=0
		RECORDS_OUT_OPERATOR_RS_4=4
		RECORDS_OUT_OPERATOR_SEL_1=1
		RECORDS_OUT_OPERATOR_SEL_3=4
		RECORDS_OUT_OPERATOR_TS_0=1
		RECORDS_OUT_OPERATOR_UDTF_2=4
	File Input Format Counters 
		Bytes Read=5381
2024-04-24T01:09:03,398  INFO [LocalJobRunner Map Task Executor #0] mapred.LocalJobRunner: Finishing task: attempt_local29966684_0013_m_000000_0
2024-04-24T01:09:03,398  INFO [Thread-1078] mapred.LocalJobRunner: map task executor complete.
2024-04-24T01:09:03,399  INFO [Thread-1078] mapred.LocalJobRunner: Waiting for reduce tasks
2024-04-24T01:09:03,399  INFO [pool-66-thread-1] mapred.LocalJobRunner: Starting task: attempt_local29966684_0013_r_000000_0
2024-04-24T01:09:03,402  INFO [pool-66-thread-1] mapred.Task:  Using ResourceCalculatorProcessTree : [ ]
2024-04-24T01:09:03,402  INFO [pool-66-thread-1] mapred.ReduceTask: Using ShuffleConsumerPlugin: org.apache.hadoop.mapreduce.task.reduce.Shuffle@2d2ed128
2024-04-24T01:09:03,402  WARN [pool-66-thread-1] impl.MetricsSystemImpl: JobTracker metrics system already initialized!
2024-04-24T01:09:03,403  INFO [pool-66-thread-1] reduce.MergeManagerImpl: MergerManager: memoryLimit=1336252800, maxSingleShuffleLimit=334063200, mergeThreshold=881926912, ioSortFactor=10, memToMemMergeOutputsThreshold=10
2024-04-24T01:09:03,403  INFO [EventFetcher for fetching Map Completion Events] reduce.EventFetcher: attempt_local29966684_0013_r_000000_0 Thread started: EventFetcher for fetching Map Completion Events
2024-04-24T01:09:03,406  INFO [localfetcher#18] reduce.LocalFetcher: localfetcher#18 about to shuffle output of map attempt_local29966684_0013_m_000000_0 decomp: 20 len: 24 to MEMORY
2024-04-24T01:09:03,406  INFO [localfetcher#18] reduce.InMemoryMapOutput: Read 20 bytes from map-output for attempt_local29966684_0013_m_000000_0
2024-04-24T01:09:03,406  INFO [localfetcher#18] reduce.MergeManagerImpl: closeInMemoryFile -> map-output of size: 20, inMemoryMapOutputs.size() -> 1, commitMemory -> 0, usedMemory ->20
2024-04-24T01:09:03,406  INFO [EventFetcher for fetching Map Completion Events] reduce.EventFetcher: EventFetcher is interrupted.. Returning
2024-04-24T01:09:03,407  INFO [pool-66-thread-1] mapred.LocalJobRunner: 1 / 1 copied.
2024-04-24T01:09:03,407  INFO [pool-66-thread-1] reduce.MergeManagerImpl: finalMerge called with 1 in-memory map-outputs and 0 on-disk map-outputs
2024-04-24T01:09:03,412  INFO [pool-66-thread-1] mapred.Merger: Merging 1 sorted segments
2024-04-24T01:09:03,413  INFO [pool-66-thread-1] mapred.Merger: Down to the last merge-pass, with 1 segments left of total size: 8 bytes
2024-04-24T01:09:03,415  INFO [pool-66-thread-1] reduce.MergeManagerImpl: Merged 1 segments, 20 bytes to disk to satisfy reduce memory limit
2024-04-24T01:09:03,415  INFO [pool-66-thread-1] reduce.MergeManagerImpl: Merging 1 files, 24 bytes from disk
2024-04-24T01:09:03,415  INFO [pool-66-thread-1] reduce.MergeManagerImpl: Merging 0 segments, 0 bytes from memory into reduce
2024-04-24T01:09:03,415  INFO [pool-66-thread-1] mapred.Merger: Merging 1 sorted segments
2024-04-24T01:09:03,415  INFO [pool-66-thread-1] mapred.Merger: Down to the last merge-pass, with 1 segments left of total size: 8 bytes
2024-04-24T01:09:03,416  INFO [pool-66-thread-1] mapred.LocalJobRunner: 1 / 1 copied.
2024-04-24T01:09:03,416  INFO [pool-66-thread-1] exec.SerializationUtilities: Deserializing ReduceWork using kryo
2024-04-24T01:09:03,417  INFO [pool-66-thread-1] exec.Utilities: Deserialized plan (via FILE) - name: null size: 6,36KB
2024-04-24T01:09:03,417  INFO [pool-66-thread-1] ExecReducer: 
<SEL>Id =5
  <Children>
    <FS>Id =6
      <Children>
      <\Children>
      <Parent>Id = 5 null<\Parent>
    <\FS>
  <\Children>
  <Parent><\Parent>
<\SEL>
2024-04-24T01:09:03,417  INFO [pool-66-thread-1] exec.SelectOperator: Initializing Operator: SEL[5]
2024-04-24T01:09:03,418  INFO [pool-66-thread-1] exec.SelectOperator: SELECT struct<key:struct<reducesinkkey0:int>,value:struct<_col0:int>>
2024-04-24T01:09:03,418  INFO [pool-66-thread-1] exec.FileSinkOperator: Initializing Operator: FS[6]
2024-04-24T01:09:03,418  INFO [pool-66-thread-1] exec.FileSinkOperator: Using serializer : AbstractSerDe [log=org.apache.logging.slf4j.Log4jLogger@7c52fdfa, configuration=Optional[Configuration: core-default.xml, core-site.xml, mapred-default.xml, mapred-site.xml, yarn-default.xml, yarn-site.xml, hdfs-default.xml, hdfs-site.xml, file:/home/alex/Repositories/hive/ql/target/tmp/TestTxnCommandsWithSplitUpdateAndVectorization/mapred/local/localRunner/alex/job_local29966684_0013/job_local29966684_0013.xml], properties={name=default.nonacidorctbl, columns.types=int:int, bucket_field_name=a, serialization.format=1, columns=a,b, numFilesErasureCoded=0, columns.comments=&amp#0;, bucketing_version=2, bucket_count=2, serialization.lib=org.apache.hadoop.hive.ql.io.orc.OrcSerde, file.inputformat=org.apache.hadoop.hive.ql.io.orc.OrcInputFormat, file.outputformat=org.apache.hadoop.hive.ql.io.orc.OrcOutputFormat, location=file:/home/alex/Repositories/hive/ql/target/tmp/org.apache.hadoop.hive.ql.TestTxnCommands-1713946100941/warehouse/nonacidorctbl, column.name.delimiter=,}, tableProperties={name=default.nonacidorctbl, columns.types=int:int, bucket_field_name=a, serialization.format=1, columns=a,b, numFilesErasureCoded=0, columns.comments=&amp#0;, bucketing_version=2, bucket_count=2, serialization.lib=org.apache.hadoop.hive.ql.io.orc.OrcSerde, file.inputformat=org.apache.hadoop.hive.ql.io.orc.OrcInputFormat, location=file:/home/alex/Repositories/hive/ql/target/tmp/org.apache.hadoop.hive.ql.TestTxnCommands-1713946100941/warehouse/nonacidorctbl, file.outputformat=org.apache.hadoop.hive.ql.io.orc.OrcOutputFormat, column.name.delimiter=,}, partitionProperties=Optional.empty, columnNames=[a, b], columnTypes=[int, int], getClass()=class org.apache.hadoop.hive.ql.io.orc.OrcSerde] and formatter : org.apache.hadoop.hive.ql.io.orc.OrcOutputFormat@4b9f5ca5
2024-04-24T01:09:03,418  INFO [pool-66-thread-1] exec.FileSinkOperator: Final Path: FS file:/home/alex/Repositories/hive/ql/target/tmp/org.apache.hadoop.hive.ql.TestTxnCommands-1713946100941/warehouse/nonacidorctbl/.hive-staging_hive_2024-04-24_01-09-02_863_2467137100917791891-1/_tmp.-ext-10000/000000_0
2024-04-24T01:09:03,418  INFO [pool-66-thread-1] exec.FileSinkOperator: Writing to temp file: FS file:/home/alex/Repositories/hive/ql/target/tmp/org.apache.hadoop.hive.ql.TestTxnCommands-1713946100941/warehouse/nonacidorctbl/.hive-staging_hive_2024-04-24_01-09-02_863_2467137100917791891-1/_task_tmp.-ext-10000/_tmp.000000_0
2024-04-24T01:09:03,418  INFO [pool-66-thread-1] exec.FileSinkOperator: New Final Path: FS file:/home/alex/Repositories/hive/ql/target/tmp/org.apache.hadoop.hive.ql.TestTxnCommands-1713946100941/warehouse/nonacidorctbl/.hive-staging_hive_2024-04-24_01-09-02_863_2467137100917791891-1/_tmp.-ext-10000/000000_0
2024-04-24T01:09:03,419  INFO [pool-66-thread-1] exec.FileSinkOperator: FS[6]: records written - 1
2024-04-24T01:09:03,419  INFO [pool-66-thread-1] impl.PhysicalFsWriter: ORC writer created for path: file:/home/alex/Repositories/hive/ql/target/tmp/org.apache.hadoop.hive.ql.TestTxnCommands-1713946100941/warehouse/nonacidorctbl/.hive-staging_hive_2024-04-24_01-09-02_863_2467137100917791891-1/_task_tmp.-ext-10000/_tmp.000000_0 with stripeSize: 67108864 blockSize: 268435456 compression: Compress: ZLIB buffer: 262144
2024-04-24T01:09:03,426  INFO [pool-66-thread-1] impl.WriterImpl: ORC writer created for path: file:/home/alex/Repositories/hive/ql/target/tmp/org.apache.hadoop.hive.ql.TestTxnCommands-1713946100941/warehouse/nonacidorctbl/.hive-staging_hive_2024-04-24_01-09-02_863_2467137100917791891-1/_task_tmp.-ext-10000/_tmp.000000_0 with stripeSize: 67108864 options: Compress: ZLIB buffer: 262144
2024-04-24T01:09:03,426  INFO [pool-66-thread-1] exec.SelectOperator: Closing Operator: SEL[5]
2024-04-24T01:09:03,426  INFO [pool-66-thread-1] exec.SelectOperator: RECORDS_OUT_INTERMEDIATE:0, RECORDS_OUT_OPERATOR_SEL_5:1, 
2024-04-24T01:09:03,426  INFO [pool-66-thread-1] exec.FileSinkOperator: Closing Operator: FS[6]
2024-04-24T01:09:03,426  INFO [pool-66-thread-1] exec.FileSinkOperator: FS[6]: records written - 1
2024-04-24T01:09:03,433  INFO [pool-66-thread-1] exec.FileSinkOperator: RECORDS_OUT_1_default.nonacidorctbl:1, RECORDS_OUT_OPERATOR_FS_6:1, TOTAL_TABLE_ROWS_WRITTEN:1, RECORDS_OUT_INTERMEDIATE:0, 
2024-04-24T01:09:03,434  INFO [pool-66-thread-1] mapred.Task: Task:attempt_local29966684_0013_r_000000_0 is done. And is in the process of committing
2024-04-24T01:09:03,434  INFO [pool-66-thread-1] mapred.LocalJobRunner: reduce > reduce
2024-04-24T01:09:03,434  INFO [pool-66-thread-1] mapred.Task: Task 'attempt_local29966684_0013_r_000000_0' done.
2024-04-24T01:09:03,434  INFO [pool-66-thread-1] mapred.Task: Final Counters for attempt_local29966684_0013_r_000000_0: Counters: 30
	File System Counters
		FILE: Number of bytes read=326769
		FILE: Number of bytes written=16321121
		FILE: Number of read operations=0
		FILE: Number of large read operations=0
		FILE: Number of write operations=0
	Map-Reduce Framework
		Combine input records=0
		Combine output records=0
		Reduce input groups=1
		Reduce shuffle bytes=24
		Reduce input records=1
		Reduce output records=0
		Spilled Records=1
		Shuffled Maps =1
		Failed Shuffles=0
		Merged Map outputs=1
		GC time elapsed (ms)=0
		Total committed heap usage (bytes)=1133510656
	HIVE
		CREATED_FILES=1
		RECORDS_OUT_1_default.nonacidorctbl=1
		RECORDS_OUT_INTERMEDIATE=0
		RECORDS_OUT_OPERATOR_FS_6=1
		RECORDS_OUT_OPERATOR_SEL_5=1
		TOTAL_TABLE_ROWS_WRITTEN=1
	Shuffle Errors
		BAD_ID=0
		CONNECTION=0
		IO_ERROR=0
		WRONG_LENGTH=0
		WRONG_MAP=0
		WRONG_REDUCE=0
	File Output Format Counters 
		Bytes Written=0
2024-04-24T01:09:03,434  INFO [pool-66-thread-1] mapred.LocalJobRunner: Finishing task: attempt_local29966684_0013_r_000000_0
2024-04-24T01:09:03,434  INFO [pool-66-thread-1] mapred.LocalJobRunner: Starting task: attempt_local29966684_0013_r_000001_0
2024-04-24T01:09:03,435  INFO [pool-66-thread-1] mapred.Task:  Using ResourceCalculatorProcessTree : [ ]
2024-04-24T01:09:03,435  INFO [pool-66-thread-1] mapred.ReduceTask: Using ShuffleConsumerPlugin: org.apache.hadoop.mapreduce.task.reduce.Shuffle@16949419
2024-04-24T01:09:03,435  WARN [pool-66-thread-1] impl.MetricsSystemImpl: JobTracker metrics system already initialized!
2024-04-24T01:09:03,436  INFO [pool-66-thread-1] reduce.MergeManagerImpl: MergerManager: memoryLimit=1336252800, maxSingleShuffleLimit=334063200, mergeThreshold=881926912, ioSortFactor=10, memToMemMergeOutputsThreshold=10
2024-04-24T01:09:03,437  INFO [EventFetcher for fetching Map Completion Events] reduce.EventFetcher: attempt_local29966684_0013_r_000001_0 Thread started: EventFetcher for fetching Map Completion Events
2024-04-24T01:09:03,439  INFO [localfetcher#19] reduce.LocalFetcher: localfetcher#19 about to shuffle output of map attempt_local29966684_0013_m_000000_0 decomp: 56 len: 60 to MEMORY
2024-04-24T01:09:03,439  INFO [localfetcher#19] reduce.InMemoryMapOutput: Read 56 bytes from map-output for attempt_local29966684_0013_m_000000_0
2024-04-24T01:09:03,439  INFO [localfetcher#19] reduce.MergeManagerImpl: closeInMemoryFile -> map-output of size: 56, inMemoryMapOutputs.size() -> 1, commitMemory -> 0, usedMemory ->56
2024-04-24T01:09:03,440  INFO [EventFetcher for fetching Map Completion Events] reduce.EventFetcher: EventFetcher is interrupted.. Returning
2024-04-24T01:09:03,440  INFO [pool-66-thread-1] mapred.LocalJobRunner: 1 / 1 copied.
2024-04-24T01:09:03,440  INFO [pool-66-thread-1] reduce.MergeManagerImpl: finalMerge called with 1 in-memory map-outputs and 0 on-disk map-outputs
2024-04-24T01:09:03,446  INFO [pool-66-thread-1] mapred.Merger: Merging 1 sorted segments
2024-04-24T01:09:03,446  INFO [pool-66-thread-1] mapred.Merger: Down to the last merge-pass, with 1 segments left of total size: 44 bytes
2024-04-24T01:09:03,449  INFO [pool-66-thread-1] reduce.MergeManagerImpl: Merged 1 segments, 56 bytes to disk to satisfy reduce memory limit
2024-04-24T01:09:03,449  INFO [pool-66-thread-1] reduce.MergeManagerImpl: Merging 1 files, 60 bytes from disk
2024-04-24T01:09:03,449  INFO [pool-66-thread-1] reduce.MergeManagerImpl: Merging 0 segments, 0 bytes from memory into reduce
2024-04-24T01:09:03,449  INFO [pool-66-thread-1] mapred.Merger: Merging 1 sorted segments
2024-04-24T01:09:03,449  INFO [pool-66-thread-1] mapred.Merger: Down to the last merge-pass, with 1 segments left of total size: 44 bytes
2024-04-24T01:09:03,449  INFO [pool-66-thread-1] mapred.LocalJobRunner: 1 / 1 copied.
2024-04-24T01:09:03,449  INFO [pool-66-thread-1] exec.SerializationUtilities: Deserializing ReduceWork using kryo
2024-04-24T01:09:03,450  INFO [pool-66-thread-1] exec.Utilities: Deserialized plan (via FILE) - name: null size: 6,36KB
2024-04-24T01:09:03,451  INFO [pool-66-thread-1] ExecReducer: 
<SEL>Id =5
  <Children>
    <FS>Id =6
      <Children>
      <\Children>
      <Parent>Id = 5 null<\Parent>
    <\FS>
  <\Children>
  <Parent><\Parent>
<\SEL>
2024-04-24T01:09:03,451  INFO [pool-66-thread-1] exec.SelectOperator: Initializing Operator: SEL[5]
2024-04-24T01:09:03,451  INFO [pool-66-thread-1] exec.SelectOperator: SELECT struct<key:struct<reducesinkkey0:int>,value:struct<_col0:int>>
2024-04-24T01:09:03,451  INFO [pool-66-thread-1] exec.FileSinkOperator: Initializing Operator: FS[6]
2024-04-24T01:09:03,451  INFO [pool-66-thread-1] exec.FileSinkOperator: Using serializer : AbstractSerDe [log=org.apache.logging.slf4j.Log4jLogger@7c52fdfa, configuration=Optional[Configuration: core-default.xml, core-site.xml, mapred-default.xml, mapred-site.xml, yarn-default.xml, yarn-site.xml, hdfs-default.xml, hdfs-site.xml, file:/home/alex/Repositories/hive/ql/target/tmp/TestTxnCommandsWithSplitUpdateAndVectorization/mapred/local/localRunner/alex/job_local29966684_0013/job_local29966684_0013.xml], properties={name=default.nonacidorctbl, columns.types=int:int, bucket_field_name=a, serialization.format=1, columns=a,b, numFilesErasureCoded=0, columns.comments=&amp#0;, bucketing_version=2, bucket_count=2, serialization.lib=org.apache.hadoop.hive.ql.io.orc.OrcSerde, file.inputformat=org.apache.hadoop.hive.ql.io.orc.OrcInputFormat, file.outputformat=org.apache.hadoop.hive.ql.io.orc.OrcOutputFormat, location=file:/home/alex/Repositories/hive/ql/target/tmp/org.apache.hadoop.hive.ql.TestTxnCommands-1713946100941/warehouse/nonacidorctbl, column.name.delimiter=,}, tableProperties={name=default.nonacidorctbl, columns.types=int:int, bucket_field_name=a, serialization.format=1, columns=a,b, numFilesErasureCoded=0, columns.comments=&amp#0;, bucketing_version=2, bucket_count=2, serialization.lib=org.apache.hadoop.hive.ql.io.orc.OrcSerde, file.inputformat=org.apache.hadoop.hive.ql.io.orc.OrcInputFormat, location=file:/home/alex/Repositories/hive/ql/target/tmp/org.apache.hadoop.hive.ql.TestTxnCommands-1713946100941/warehouse/nonacidorctbl, file.outputformat=org.apache.hadoop.hive.ql.io.orc.OrcOutputFormat, column.name.delimiter=,}, partitionProperties=Optional.empty, columnNames=[a, b], columnTypes=[int, int], getClass()=class org.apache.hadoop.hive.ql.io.orc.OrcSerde] and formatter : org.apache.hadoop.hive.ql.io.orc.OrcOutputFormat@5189258e
2024-04-24T01:09:03,452  INFO [pool-66-thread-1] exec.FileSinkOperator: Final Path: FS file:/home/alex/Repositories/hive/ql/target/tmp/org.apache.hadoop.hive.ql.TestTxnCommands-1713946100941/warehouse/nonacidorctbl/.hive-staging_hive_2024-04-24_01-09-02_863_2467137100917791891-1/_tmp.-ext-10000/000001_0
2024-04-24T01:09:03,452  INFO [pool-66-thread-1] exec.FileSinkOperator: Writing to temp file: FS file:/home/alex/Repositories/hive/ql/target/tmp/org.apache.hadoop.hive.ql.TestTxnCommands-1713946100941/warehouse/nonacidorctbl/.hive-staging_hive_2024-04-24_01-09-02_863_2467137100917791891-1/_task_tmp.-ext-10000/_tmp.000001_0
2024-04-24T01:09:03,452  INFO [pool-66-thread-1] exec.FileSinkOperator: New Final Path: FS file:/home/alex/Repositories/hive/ql/target/tmp/org.apache.hadoop.hive.ql.TestTxnCommands-1713946100941/warehouse/nonacidorctbl/.hive-staging_hive_2024-04-24_01-09-02_863_2467137100917791891-1/_tmp.-ext-10000/000001_0
2024-04-24T01:09:03,452  INFO [pool-66-thread-1] exec.FileSinkOperator: FS[6]: records written - 1
2024-04-24T01:09:03,453  INFO [pool-66-thread-1] impl.PhysicalFsWriter: ORC writer created for path: file:/home/alex/Repositories/hive/ql/target/tmp/org.apache.hadoop.hive.ql.TestTxnCommands-1713946100941/warehouse/nonacidorctbl/.hive-staging_hive_2024-04-24_01-09-02_863_2467137100917791891-1/_task_tmp.-ext-10000/_tmp.000001_0 with stripeSize: 67108864 blockSize: 268435456 compression: Compress: ZLIB buffer: 262144
2024-04-24T01:09:03,458  INFO [pool-66-thread-1] impl.WriterImpl: ORC writer created for path: file:/home/alex/Repositories/hive/ql/target/tmp/org.apache.hadoop.hive.ql.TestTxnCommands-1713946100941/warehouse/nonacidorctbl/.hive-staging_hive_2024-04-24_01-09-02_863_2467137100917791891-1/_task_tmp.-ext-10000/_tmp.000001_0 with stripeSize: 67108864 options: Compress: ZLIB buffer: 262144
2024-04-24T01:09:03,458  INFO [pool-66-thread-1] exec.SelectOperator: Closing Operator: SEL[5]
2024-04-24T01:09:03,458  INFO [pool-66-thread-1] exec.SelectOperator: RECORDS_OUT_INTERMEDIATE:0, RECORDS_OUT_OPERATOR_SEL_5:3, 
2024-04-24T01:09:03,458  INFO [pool-66-thread-1] exec.FileSinkOperator: Closing Operator: FS[6]
2024-04-24T01:09:03,458  INFO [pool-66-thread-1] exec.FileSinkOperator: FS[6]: records written - 3
2024-04-24T01:09:03,465  INFO [pool-66-thread-1] exec.FileSinkOperator: RECORDS_OUT_OPERATOR_FS_6:3, RECORDS_OUT_INTERMEDIATE:0, TOTAL_TABLE_ROWS_WRITTEN:3, RECORDS_OUT_1_default.nonacidorctbl:3, 
2024-04-24T01:09:03,465  INFO [pool-66-thread-1] mapred.Task: Task:attempt_local29966684_0013_r_000001_0 is done. And is in the process of committing
2024-04-24T01:09:03,466  INFO [pool-66-thread-1] mapred.LocalJobRunner: reduce > reduce
2024-04-24T01:09:03,466  INFO [pool-66-thread-1] mapred.Task: Task 'attempt_local29966684_0013_r_000001_0' done.
2024-04-24T01:09:03,466  INFO [pool-66-thread-1] mapred.Task: Final Counters for attempt_local29966684_0013_r_000001_0: Counters: 30
	File System Counters
		FILE: Number of bytes read=333364
		FILE: Number of bytes written=16321540
		FILE: Number of read operations=0
		FILE: Number of large read operations=0
		FILE: Number of write operations=0
	Map-Reduce Framework
		Combine input records=0
		Combine output records=0
		Reduce input groups=3
		Reduce shuffle bytes=60
		Reduce input records=3
		Reduce output records=0
		Spilled Records=3
		Shuffled Maps =1
		Failed Shuffles=0
		Merged Map outputs=1
		GC time elapsed (ms)=0
		Total committed heap usage (bytes)=1133510656
	HIVE
		CREATED_FILES=1
		RECORDS_OUT_1_default.nonacidorctbl=3
		RECORDS_OUT_INTERMEDIATE=0
		RECORDS_OUT_OPERATOR_FS_6=3
		RECORDS_OUT_OPERATOR_SEL_5=3
		TOTAL_TABLE_ROWS_WRITTEN=3
	Shuffle Errors
		BAD_ID=0
		CONNECTION=0
		IO_ERROR=0
		WRONG_LENGTH=0
		WRONG_MAP=0
		WRONG_REDUCE=0
	File Output Format Counters 
		Bytes Written=0
2024-04-24T01:09:03,466  INFO [pool-66-thread-1] mapred.LocalJobRunner: Finishing task: attempt_local29966684_0013_r_000001_0
2024-04-24T01:09:03,466  INFO [Thread-1078] mapred.LocalJobRunner: reduce task executor complete.
2024-04-24 01:09:04,366 Stage-1 map = 100%,  reduce = 100%
2024-04-24T01:09:04,367  INFO [main] exec.Task: 2024-04-24 01:09:04,366 Stage-1 map = 100%,  reduce = 100%
Ended Job = job_local29966684_0013
2024-04-24T01:09:04,369  INFO [main] exec.Task: Ended Job = job_local29966684_0013
2024-04-24T01:09:04,371  INFO [main] ql.Driver: Starting task [Stage-0:MOVE] in serial mode
Loading data to table default.nonacidorctbl
2024-04-24T01:09:04,371  INFO [main] exec.Task: Loading data to table default.nonacidorctbl from file:/home/alex/Repositories/hive/ql/target/tmp/org.apache.hadoop.hive.ql.TestTxnCommands-1713946100941/warehouse/nonacidorctbl/.hive-staging_hive_2024-04-24_01-09-02_863_2467137100917791891-1/-ext-10000
2024-04-24T01:09:04,372  INFO [main] HiveMetaStore.audit: ugi=alex	ip=unknown-ip-addr	cmd=get_table : tbl=hive.default.nonacidorctbl	
2024-04-24T01:09:04,381  INFO [main] metastore.HMSHandler: Skipping translation for processor with null
2024-04-24T01:09:04,381  INFO [main] HiveMetaStore.audit: ugi=alex	ip=unknown-ip-addr	cmd=get_table : tbl=hive.default.nonacidorctbl	
2024-04-24T01:09:04,391  INFO [main] metastore.HMSHandler: Skipping translation for processor with null
2024-04-24T01:09:04,393  WARN [main] metadata.Hive: Cannot get a table snapshot for nonacidorctbl
2024-04-24T01:09:04,393  INFO [main] HiveMetaStore.audit: ugi=alex	ip=unknown-ip-addr	cmd=alter_table: hive.default.nonacidorctbl newtbl=nonacidorctbl	
2024-04-24T01:09:04,423  INFO [main] ql.Driver: Starting task [Stage-2:STATS] in serial mode
2024-04-24T01:09:04,423  INFO [main] HiveMetaStore.audit: ugi=alex	ip=unknown-ip-addr	cmd=get_table : tbl=hive.default.nonacidorctbl	
2024-04-24T01:09:04,432  INFO [main] metastore.HMSHandler: Skipping translation for processor with null
2024-04-24T01:09:04,433  INFO [main] stats.BasicStatsTask: Executing stats task
2024-04-24T01:09:04,433  INFO [main] fs.FSStatsPublisher: created : file:/home/alex/Repositories/hive/ql/target/tmp/localscratchdir/6a295013-453e-4d92-a78e-65896b88df8c/hive_2024-04-24_01-09-02_863_2467137100917791891-1/-mr-10001
2024-04-24T01:09:04,434  INFO [main] HiveMetaStore.audit: ugi=alex	ip=unknown-ip-addr	cmd=get_table : tbl=hive.default.nonacidorctbl	
2024-04-24T01:09:04,443  INFO [main] metastore.HMSHandler: Skipping translation for processor with null
2024-04-24T01:09:04,444  INFO [main] FileOperations: Read stats for default.nonacidorctbl/, numRows, true, 4, false: 
2024-04-24T01:09:04,444  INFO [main] FileOperations: Read stats for default.nonacidorctbl/, rawDataSize, true, 32, false: 
2024-04-24T01:09:04,444  WARN [main] metadata.Hive: Cannot get a table snapshot for nonacidorctbl
2024-04-24T01:09:04,444  INFO [main] HiveMetaStore.audit: ugi=alex	ip=unknown-ip-addr	cmd=alter_table: hive.default.nonacidorctbl newtbl=nonacidorctbl	
2024-04-24T01:09:04,469  INFO [main] stats.BasicStatsTask: Table default.nonacidorctbl stats: [numFiles=2, numRows=4, totalSize=499, rawDataSize=32, numFilesErasureCoded=0]
2024-04-24T01:09:04,469  INFO [main] metadata.Hive: Dumping metastore api call timing information for : execution phase
2024-04-24T01:09:04,469  INFO [main] metadata.Hive: Total time spent in each metastore function (ms): {isCompatibleWith_(Configuration)=0, getTable_(GetTableRequest)=38, alter_table_(String, String, String, Table, EnvironmentContext, String)=55}
MapReduce Jobs Launched: 
2024-04-24T01:09:04,470  INFO [main] ql.Driver: MapReduce Jobs Launched: 
Stage-Stage-1:  HDFS Read: 0 HDFS Write: 0 SUCCESS
2024-04-24T01:09:04,470  INFO [main] ql.Driver: Stage-Stage-1:  HDFS Read: 0 HDFS Write: 0 SUCCESS
Total MapReduce CPU Time Spent: 0 msec
2024-04-24T01:09:04,470  INFO [main] ql.Driver: Total MapReduce CPU Time Spent: 0 msec
2024-04-24T01:09:04,470  INFO [main] ql.Driver: Completed executing command(queryId=alex_20240424010902_c4da4001-fa58-4644-9101-d67df3f0b1c6); Time taken: 1.387 seconds
2024-04-24T01:09:04,470  INFO [main] lockmgr.DbTxnManager: Stopped heartbeat for query: alex_20240424010902_c4da4001-fa58-4644-9101-d67df3f0b1c6
2024-04-24T01:09:04,474  INFO [main] txn.TxnHandler: Expected to move at least one record from txn_components to completed_txn_components when committing txn! txnid:13
2024-04-24T01:09:04,479  INFO [main] txn.TxnHandler: Removed transactions: ([13]) from MIN_HISTORY_LEVEL
2024-04-24T01:09:04,479  WARN [main] txn.CompactionTxnHandler: No compaction queue record found for Compaction type transaction commit. txnId:13
2024-04-24T01:09:04,480  INFO [main] ql.TxnCommandsBaseForTests: Running the query: insert into acidTbl  values(2,1),(4,3),(5,6),(7,8)
2024-04-24T01:09:04,480  INFO [main] ql.Context: Deleting scratch dir: file:/home/alex/Repositories/hive/ql/target/tmp/localscratchdir/6a295013-453e-4d92-a78e-65896b88df8c/hive_2024-04-24_01-09-02_863_2467137100917791891-1
2024-04-24T01:09:04,481  INFO [main] cleanup.SyncCleanupService: Deleted directory: file:/home/alex/Repositories/hive/ql/target/tmp/localscratchdir/6a295013-453e-4d92-a78e-65896b88df8c/hive_2024-04-24_01-09-02_863_2467137100917791891-1 on fs with scheme file
2024-04-24T01:09:04,481  INFO [main] ql.Context: Deleting scratch dir: file:/home/alex/Repositories/hive/ql/target/tmp/org.apache.hadoop.hive.ql.TestTxnCommands-1713946100941/warehouse/nonacidorctbl/.hive-staging_hive_2024-04-24_01-09-02_863_2467137100917791891-1
2024-04-24T01:09:04,482  INFO [main] cleanup.SyncCleanupService: Deleted directory: file:/home/alex/Repositories/hive/ql/target/tmp/org.apache.hadoop.hive.ql.TestTxnCommands-1713946100941/warehouse/nonacidorctbl/.hive-staging_hive_2024-04-24_01-09-02_863_2467137100917791891-1 on fs with scheme file
2024-04-24T01:09:04,482  INFO [main] ql.Driver: Compiling command(queryId=alex_20240424010902_c4da4001-fa58-4644-9101-d67df3f0b1c6): insert into acidTbl  values(2,1),(4,3),(5,6),(7,8)
2024-04-24T01:09:04,485  INFO [main] txn.TxnHandler: Added entries to MIN_HISTORY_LEVEL for current txns: ([14]) with min_open_txn: 14
2024-04-24T01:09:04,485  INFO [main] lockmgr.DbTxnManager: Opened txnid:14
2024-04-24T01:09:04,486  INFO [main] parse.CalcitePlanner: Starting caching scope for: alex_20240424010902_c4da4001-fa58-4644-9101-d67df3f0b1c6
2024-04-24T01:09:04,486  INFO [main] parse.CalcitePlanner: Starting Semantic Analysis
2024-04-24T01:09:04,489  INFO [main] HiveMetaStore.audit: ugi=alex	ip=unknown-ip-addr	cmd=get_table : tbl=hive.default.acidTbl	
2024-04-24T01:09:04,495  INFO [main] metastore.ObjectStore: Removed COLUMN_STATS_ACCURATE from Table's parameters.
2024-04-24T01:09:04,496  INFO [main] metastore.HMSHandler: Skipping translation for processor with null
2024-04-24T01:09:04,497  INFO [main] parse.CalcitePlanner: Completed phase 1 of Semantic Analysis
2024-04-24T01:09:04,497  INFO [main] parse.CalcitePlanner: Get metadata for source tables
2024-04-24T01:09:04,497  INFO [main] parse.CalcitePlanner: Get metadata for subqueries
2024-04-24T01:09:04,497  INFO [main] parse.CalcitePlanner: Get metadata for destination tables
2024-04-24T01:09:04,497  INFO [main] HiveMetaStore.audit: ugi=alex	ip=unknown-ip-addr	cmd=get_table : tbl=hive.default.acidTbl	
2024-04-24T01:09:04,504  INFO [main] metastore.HMSHandler: Skipping translation for processor with null
2024-04-24T01:09:04,504  INFO [main] parse.CalcitePlanner: Completed getting MetaData in Semantic Analysis
2024-04-24T01:09:04,504  INFO [main] parse.CalcitePlanner: Disabling LLAP IO encode as ETL query is detected
2024-04-24T01:09:04,524  INFO [main] HiveMetaStore.audit: ugi=alex	ip=unknown-ip-addr	cmd=get_all_table_constraints : tbl=hive._dummy_database._dummy_table	
2024-04-24T01:09:04,574  INFO [main] parse.CalcitePlanner: Get metadata for source tables
2024-04-24T01:09:04,575  INFO [main] parse.CalcitePlanner: Get metadata for subqueries
2024-04-24T01:09:04,575  INFO [main] parse.CalcitePlanner: Get metadata for source tables
2024-04-24T01:09:04,575  INFO [main] HiveMetaStore.audit: ugi=alex	ip=unknown-ip-addr	cmd=get_table : tbl=hive._dummy_database._dummy_table	
2024-04-24T01:09:04,577  INFO [main] parse.CalcitePlanner: Get metadata for subqueries
2024-04-24T01:09:04,577  INFO [main] parse.CalcitePlanner: Get metadata for destination tables
2024-04-24T01:09:04,577  INFO [main] parse.CalcitePlanner: Get metadata for destination tables
2024-04-24T01:09:04,579  INFO [main] HiveMetaStore.audit: ugi=alex	ip=unknown-ip-addr	cmd=get_not_null_constraints : tbl=hive.default.acidtbl	
2024-04-24T01:09:04,581  INFO [main] HiveMetaStore.audit: ugi=alex	ip=unknown-ip-addr	cmd=get_check_constraints : tbl=hive.default.acidtbl	
2024-04-24T01:09:04,588  INFO [main] txn.TxnHandler: Allocated writeId: 1 for txnId: 14
2024-04-24T01:09:04,589  INFO [main] txn.TxnHandler: Allocated write ids for dbName=default, tblName=acidtbl (txnIds: [14])
2024-04-24T01:09:04,590  INFO [main] parse.CalcitePlanner: CBO Succeeded; optimized logical plan.
2024-04-24T01:09:04,593  INFO [main] optimizer.ColumnPrunerProcFactory: RS 4 oldColExprMap: {KEY.reducesinkkey0=Column[_col0], VALUE._col0=Column[_col1]}
2024-04-24T01:09:04,594  INFO [main] optimizer.ColumnPrunerProcFactory: RS 4 newColExprMap: {VALUE._col0=Column[_col1], KEY.reducesinkkey0=Column[_col0]}
2024-04-24T01:09:04,595  INFO [main] optimizer.BucketVersionPopulator: not considering bucketingVersion for: TS[0] because it has -1<2 buckets 
2024-04-24T01:09:04,596  INFO [main] optimizer.SortedDynPartitionOptimizer: Sorted dynamic partitioning optimization kicked in..
2024-04-24T01:09:04,604  INFO [main] HiveMetaStore.audit: ugi=alex	ip=unknown-ip-addr	cmd=get_table : tbl=hive.default.acidtbl	
2024-04-24T01:09:04,611  INFO [main] metastore.HMSHandler: Skipping translation for processor with null
2024-04-24T01:09:04,612  INFO [main] physical.Vectorizer: Examining input format to see if vectorization is enabled.
2024-04-24T01:09:04,612  INFO [main] physical.Vectorizer: Map vectorization enabled: false
2024-04-24T01:09:04,612  INFO [main] physical.Vectorizer: Map vectorized: false
2024-04-24T01:09:04,612  INFO [main] physical.Vectorizer: Map vectorizedVertexNum: 0
2024-04-24T01:09:04,612  INFO [main] physical.Vectorizer: Map enabledConditionsMet: [hive.vectorized.use.vectorized.input.format IS true]
2024-04-24T01:09:04,612  INFO [main] physical.Vectorizer: Map enabledConditionsNotMet: [Could not enable vectorization due to partition column names size 1 is greater than the number of table column names size 0 IS false]
2024-04-24T01:09:04,612  INFO [main] physical.Vectorizer: Map inputFileFormatClassNameSet: [org.apache.hadoop.hive.ql.io.NullRowsInputFormat]
2024-04-24T01:09:04,612  INFO [main] physical.Vectorizer: Reduce vectorization enabled: false
2024-04-24T01:09:04,612  INFO [main] physical.Vectorizer: Reduce vectorized: false
2024-04-24T01:09:04,612  INFO [main] physical.Vectorizer: Reduce vectorizedVertexNum: 1
2024-04-24T01:09:04,612  INFO [main] physical.Vectorizer: Reducer hive.vectorized.execution.reduce.enabled: true
2024-04-24T01:09:04,612  INFO [main] physical.Vectorizer: Reducer engine: mr
2024-04-24T01:09:04,613  INFO [main] parse.CalcitePlanner: Completed plan generation
2024-04-24T01:09:04,613  INFO [main] parse.CalcitePlanner: Ending caching scope for: alex_20240424010902_c4da4001-fa58-4644-9101-d67df3f0b1c6
2024-04-24T01:09:04,613  INFO [main] ql.Driver: Semantic Analysis Completed (retrial = false)
2024-04-24T01:09:04,613  INFO [main] ql.Driver: Created Hive schema: Schema(fieldSchemas:[FieldSchema(name:col1, type:int, comment:null), FieldSchema(name:col2, type:int, comment:null)], properties:null)
2024-04-24T01:09:04,613  INFO [main] metadata.Hive: Dumping metastore api call timing information for : compilation phase
2024-04-24T01:09:04,613  INFO [main] metadata.Hive: Total time spent in each metastore function (ms): {getCheckConstraints_(CheckConstraintsRequest)=1, isCompatibleWith_(Configuration)=0, getValidTxns_(long)=1, getAllTableConstraints_(AllTableConstraintsRequest)=6, flushCache_()=0, getValidWriteIds_(List, String)=3, openTxn_(String, TxnType)=2, getNotNullConstraints_(NotNullConstraintsRequest)=1, commitTxn_(CommitTxnRequest)=10, getTable_(GetTableRequest)=22, allocateTableWriteId_(long, String, String)=7}
2024-04-24T01:09:04,613  INFO [main] ql.Driver: Completed compiling command(queryId=alex_20240424010902_c4da4001-fa58-4644-9101-d67df3f0b1c6); Time taken: 0.131 seconds
2024-04-24T01:09:04,613  INFO [main] lockmgr.DbTxnManager: Setting lock request transaction to txnid:14 for queryId=alex_20240424010902_c4da4001-fa58-4644-9101-d67df3f0b1c6
2024-04-24T01:09:04,614  INFO [main] lockmgr.DbLockManager: Requesting lock for queryId=alex_20240424010902_c4da4001-fa58-4644-9101-d67df3f0b1c6
2024-04-24T01:09:04,630  INFO [main] lockmgr.DbLockManager: Response to queryId=alex_20240424010902_c4da4001-fa58-4644-9101-d67df3f0b1c6 LockResponse(lockid:8, state:ACQUIRED)
2024-04-24T01:09:04,630  INFO [main] ql.Driver: Operation QUERY obtained 1 locks
2024-04-24T01:09:04,632  INFO [main] ql.Driver: Executing command(queryId=alex_20240424010902_c4da4001-fa58-4644-9101-d67df3f0b1c6): insert into acidTbl  values(2,1),(4,3),(5,6),(7,8)
2024-04-24T01:09:04,633  WARN [main] ql.Driver: Hive-on-MR is deprecated in Hive 2 and may not be available in the future versions. Consider using a different execution engine (i.e. tez, spark) or using Hive 1.X releases.
Query ID = alex_20240424010902_c4da4001-fa58-4644-9101-d67df3f0b1c6
2024-04-24T01:09:04,633  INFO [main] ql.Driver: Query ID = alex_20240424010902_c4da4001-fa58-4644-9101-d67df3f0b1c6
Total jobs = 1
2024-04-24T01:09:04,633  INFO [main] ql.Driver: Total jobs = 1
Launching Job 1 out of 1
2024-04-24T01:09:04,633  INFO [main] ql.Driver: Launching Job 1 out of 1
2024-04-24T01:09:04,759  INFO [main] ql.Driver: Starting task [Stage-1:MAPRED] in serial mode
Number of reduce tasks determined at compile time: 2
2024-04-24T01:09:04,759  INFO [main] exec.Task: Number of reduce tasks determined at compile time: 2
In order to change the average load for a reducer (in bytes):
2024-04-24T01:09:04,759  INFO [main] exec.Task: In order to change the average load for a reducer (in bytes):
  set hive.exec.reducers.bytes.per.reducer=<number>
2024-04-24T01:09:04,759  INFO [main] exec.Task:   set hive.exec.reducers.bytes.per.reducer=<number>
In order to limit the maximum number of reducers:
2024-04-24T01:09:04,759  INFO [main] exec.Task: In order to limit the maximum number of reducers:
  set hive.exec.reducers.max=<number>
2024-04-24T01:09:04,760  INFO [main] exec.Task:   set hive.exec.reducers.max=<number>
In order to set a constant number of reducers:
2024-04-24T01:09:04,760  INFO [main] exec.Task: In order to set a constant number of reducers:
  set mapreduce.job.reduces=<number>
2024-04-24T01:09:04,760  INFO [main] exec.Task:   set mapreduce.job.reduces=<number>
2024-04-24T01:09:04,762  INFO [main] mr.ExecDriver: Using org.apache.hadoop.hive.ql.io.HiveInputFormat
2024-04-24T01:09:04,762  INFO [main] exec.Utilities: Processing alias $hdt$_0:_dummy_table
2024-04-24T01:09:04,762  INFO [main] exec.Utilities: Adding 1 inputs; the first input is file:/home/alex/Repositories/hive/ql/target/tmp/localscratchdir/6a295013-453e-4d92-a78e-65896b88df8c/hive_2024-04-24_01-09-04_482_6621612240373788199-1/dummy_path
2024-04-24T01:09:04,771  INFO [main] exec.SerializationUtilities: Serializing MapWork using kryo
2024-04-24T01:09:04,772  INFO [main] exec.Utilities: Serialized plan (via FILE) - name: null size: 5,35KB
2024-04-24T01:09:04,777  INFO [main] exec.SerializationUtilities: Serializing ReduceWork using kryo
2024-04-24T01:09:04,777  INFO [main] exec.Utilities: Serialized plan (via FILE) - name: null size: 5,96KB
2024-04-24T01:09:04,778  WARN [main] impl.MetricsSystemImpl: JobTracker metrics system already initialized!
2024-04-24T01:09:04,782  INFO [main] fs.FSStatsPublisher: created : file:/home/alex/Repositories/hive/ql/target/tmp/localscratchdir/6a295013-453e-4d92-a78e-65896b88df8c/hive_2024-04-24_01-09-04_482_6621612240373788199-1/-mr-10000
2024-04-24T01:09:04,784  WARN [main] impl.MetricsSystemImpl: JobTracker metrics system already initialized!
2024-04-24T01:09:04,791  WARN [main] mapreduce.JobResourceUploader: Hadoop command-line option parsing not performed. Implement the Tool interface and execute your application with ToolRunner to remedy this.
2024-04-24T01:09:04,795  WARN [main] mapreduce.JobResourceUploader: No job jar file set.  User classes may not be found. See Job or Job#setJar(String).
2024-04-24T01:09:04,796  INFO [main] io.HiveInputFormat: hive.io.file.readcolumn.ids = 
2024-04-24T01:09:04,796  INFO [main] io.HiveInputFormat: hive.io.file.readcolumn.names = 
2024-04-24T01:09:04,796  INFO [main] io.HiveInputFormat: Generating splits for dirs: file:/home/alex/Repositories/hive/ql/target/tmp/localscratchdir/6a295013-453e-4d92-a78e-65896b88df8c/hive_2024-04-24_01-09-04_482_6621612240373788199-1/dummy_path
2024-04-24T01:09:04,797  INFO [main] io.HiveInputFormat: number of splits 1
2024-04-24T01:09:04,813  INFO [main] mapreduce.JobSubmitter: number of splits:1
2024-04-24T01:09:04,834  INFO [main] mapreduce.JobSubmitter: Submitting tokens for job: job_local646786053_0014
2024-04-24T01:09:04,834  INFO [main] mapreduce.JobSubmitter: Executing with tokens: []
2024-04-24T01:09:04,902  INFO [main] mapreduce.Job: The url to track the job: http://localhost:8080/
Job running in-process (local Hadoop)
2024-04-24T01:09:04,902  INFO [main] exec.Task: Job running in-process (local Hadoop)
2024-04-24T01:09:04,902  INFO [Thread-1141] mapred.LocalJobRunner: OutputCommitter set in config org.apache.hadoop.hive.ql.io.HiveFileFormatUtils$NullOutputCommitter
2024-04-24T01:09:04,902  INFO [Thread-1141] mapred.LocalJobRunner: OutputCommitter is org.apache.hadoop.hive.ql.io.HiveFileFormatUtils$NullOutputCommitter
2024-04-24T01:09:04,904  INFO [Thread-1141] mapred.LocalJobRunner: Waiting for map tasks
2024-04-24T01:09:04,904  INFO [LocalJobRunner Map Task Executor #0] mapred.LocalJobRunner: Starting task: attempt_local646786053_0014_m_000000_0
2024-04-24T01:09:04,905  INFO [LocalJobRunner Map Task Executor #0] mapred.Task:  Using ResourceCalculatorProcessTree : [ ]
2024-04-24T01:09:04,905  INFO [LocalJobRunner Map Task Executor #0] mapred.MapTask: Processing split: org.apache.hadoop.hive.ql.io.NullRowsInputFormat:file:/home/alex/Repositories/hive/ql/target/tmp/localscratchdir/6a295013-453e-4d92-a78e-65896b88df8c/hive_2024-04-24_01-09-04_482_6621612240373788199-1/dummy_path/null:0+1
2024-04-24T01:09:04,906  INFO [LocalJobRunner Map Task Executor #0] exec.SerializationUtilities: Deserializing MapWork using kryo
2024-04-24T01:09:04,906  INFO [LocalJobRunner Map Task Executor #0] exec.Utilities: Deserialized plan (via FILE) - name: null size: 5,35KB
2024-04-24T01:09:04,907  INFO [LocalJobRunner Map Task Executor #0] mapred.MapTask: numReduceTasks: 2
2024-04-24T01:09:04,911  INFO [LocalJobRunner Map Task Executor #0] mapred.MapTask: (EQUATOR) 0 kvi 26214396(104857584)
2024-04-24T01:09:04,911  INFO [LocalJobRunner Map Task Executor #0] mapred.MapTask: mapreduce.task.io.sort.mb: 100
2024-04-24T01:09:04,911  INFO [LocalJobRunner Map Task Executor #0] mapred.MapTask: soft limit at 83886080
2024-04-24T01:09:04,911  INFO [LocalJobRunner Map Task Executor #0] mapred.MapTask: bufstart = 0; bufvoid = 104857600
2024-04-24T01:09:04,911  INFO [LocalJobRunner Map Task Executor #0] mapred.MapTask: kvstart = 26214396; length = 6553600
2024-04-24T01:09:04,911  INFO [LocalJobRunner Map Task Executor #0] mapred.MapTask: Map output collector class = org.apache.hadoop.mapred.MapTask$MapOutputBuffer
2024-04-24T01:09:04,912  INFO [LocalJobRunner Map Task Executor #0] exec.MapOperator: Initializing Operator: MAP[0]
2024-04-24T01:09:04,912  INFO [LocalJobRunner Map Task Executor #0] mr.ExecMapper: 
<MAP>Id =0
  <Children>null
  <\Children>
  <Parent><\Parent>
<\MAP>
2024-04-24T01:09:04,913  INFO [LocalJobRunner Map Task Executor #0] exec.TableScanOperator: Initializing Operator: TS[0]
2024-04-24T01:09:04,913  INFO [LocalJobRunner Map Task Executor #0] exec.SelectOperator: Initializing Operator: SEL[1]
2024-04-24T01:09:04,913  INFO [LocalJobRunner Map Task Executor #0] exec.SelectOperator: SELECT null
2024-04-24T01:09:04,913  INFO [LocalJobRunner Map Task Executor #0] exec.UDTFOperator: Initializing Operator: UDTF[2]
2024-04-24T01:09:04,913  INFO [LocalJobRunner Map Task Executor #0] exec.SelectOperator: Initializing Operator: SEL[3]
2024-04-24T01:09:04,913  INFO [LocalJobRunner Map Task Executor #0] exec.SelectOperator: SELECT struct<col1:int,col2:int>
2024-04-24T01:09:04,913  INFO [LocalJobRunner Map Task Executor #0] exec.ReduceSinkOperator: Initializing Operator: RS[4]
2024-04-24T01:09:04,913  INFO [LocalJobRunner Map Task Executor #0] exec.ReduceSinkOperator: Using tag = -1
2024-04-24T01:09:04,914  INFO [LocalJobRunner Map Task Executor #0] exec.ReduceSinkOperator: keys are [reducesinkkey0] num distributions: 1
2024-04-24T01:09:04,914  INFO [LocalJobRunner Map Task Executor #0] exec.ReduceSinkOperator: RS[4]: records written - 1
2024-04-24T01:09:04,914  INFO [LocalJobRunner Map Task Executor #0] exec.MapOperator: MAP[0]: records read - 1
2024-04-24T01:09:04,914  INFO [LocalJobRunner Map Task Executor #0] exec.MapOperator: Closing Operator: MAP[0]
2024-04-24T01:09:04,914  INFO [LocalJobRunner Map Task Executor #0] exec.MapOperator: MAP[0]: Total records read - 3. abort - false
2024-04-24T01:09:04,915  INFO [LocalJobRunner Map Task Executor #0] exec.MapOperator: DESERIALIZE_ERRORS:0, RECORDS_OUT_INTERMEDIATE:0, RECORDS_OUT_OPERATOR_MAP_0:0, RECORDS_IN:3, 
2024-04-24T01:09:04,915  INFO [LocalJobRunner Map Task Executor #0] exec.TableScanOperator: Closing Operator: TS[0]
2024-04-24T01:09:04,915  INFO [LocalJobRunner Map Task Executor #0] exec.TableScanOperator: RECORDS_OUT_OPERATOR_TS_0:1, RECORDS_OUT_INTERMEDIATE:0, 
2024-04-24T01:09:04,915  INFO [LocalJobRunner Map Task Executor #0] exec.SelectOperator: Closing Operator: SEL[1]
2024-04-24T01:09:04,915  INFO [LocalJobRunner Map Task Executor #0] exec.SelectOperator: RECORDS_OUT_INTERMEDIATE:0, RECORDS_OUT_OPERATOR_SEL_1:1, 
2024-04-24T01:09:04,915  INFO [LocalJobRunner Map Task Executor #0] exec.UDTFOperator: Closing Operator: UDTF[2]
2024-04-24T01:09:04,915  INFO [LocalJobRunner Map Task Executor #0] exec.UDTFOperator: RECORDS_OUT_INTERMEDIATE:0, RECORDS_OUT_OPERATOR_UDTF_2:4, 
2024-04-24T01:09:04,915  INFO [LocalJobRunner Map Task Executor #0] exec.SelectOperator: Closing Operator: SEL[3]
2024-04-24T01:09:04,915  INFO [LocalJobRunner Map Task Executor #0] exec.SelectOperator: RECORDS_OUT_OPERATOR_SEL_3:4, RECORDS_OUT_INTERMEDIATE:0, 
2024-04-24T01:09:04,915  INFO [LocalJobRunner Map Task Executor #0] exec.ReduceSinkOperator: Closing Operator: RS[4]
2024-04-24T01:09:04,915  INFO [LocalJobRunner Map Task Executor #0] exec.ReduceSinkOperator: RS[4]: Total records written - 4. abort - false
2024-04-24T01:09:04,915  INFO [LocalJobRunner Map Task Executor #0] exec.ReduceSinkOperator: RECORDS_OUT_INTERMEDIATE:4, RECORDS_OUT_OPERATOR_RS_4:4, 
2024-04-24T01:09:04,916  INFO [LocalJobRunner Map Task Executor #0] mapred.LocalJobRunner: 
2024-04-24T01:09:04,916  INFO [LocalJobRunner Map Task Executor #0] mapred.MapTask: Starting flush of map output
2024-04-24T01:09:04,916  INFO [LocalJobRunner Map Task Executor #0] mapred.MapTask: Spilling map output
2024-04-24T01:09:04,916  INFO [LocalJobRunner Map Task Executor #0] mapred.MapTask: bufstart = 0; bufend = 64; bufvoid = 104857600
2024-04-24T01:09:04,916  INFO [LocalJobRunner Map Task Executor #0] mapred.MapTask: kvstart = 26214396(104857584); kvend = 26214384(104857536); length = 13/6553600
2024-04-24T01:09:04,927  INFO [LocalJobRunner Map Task Executor #0] mapred.MapTask: Finished spill 0
2024-04-24T01:09:04,930  INFO [LocalJobRunner Map Task Executor #0] mapred.Task: Task:attempt_local646786053_0014_m_000000_0 is done. And is in the process of committing
2024-04-24T01:09:04,931  INFO [LocalJobRunner Map Task Executor #0] mapred.LocalJobRunner: map
2024-04-24T01:09:04,931  INFO [LocalJobRunner Map Task Executor #0] mapred.Task: Task 'attempt_local646786053_0014_m_000000_0' done.
2024-04-24T01:09:04,931  INFO [LocalJobRunner Map Task Executor #0] mapred.Task: Final Counters for attempt_local646786053_0014_m_000000_0: Counters: 26
	File System Counters
		FILE: Number of bytes read=339356
		FILE: Number of bytes written=17574012
		FILE: Number of read operations=0
		FILE: Number of large read operations=0
		FILE: Number of write operations=0
	Map-Reduce Framework
		Map input records=4
		Map output records=4
		Map output bytes=64
		Map output materialized bytes=84
		Input split bytes=361
		Combine input records=0
		Spilled Records=4
		Failed Shuffles=0
		Merged Map outputs=0
		GC time elapsed (ms)=0
		Total committed heap usage (bytes)=1132986368
	HIVE
		DESERIALIZE_ERRORS=0
		RECORDS_IN=3
		RECORDS_OUT_INTERMEDIATE=4
		RECORDS_OUT_OPERATOR_MAP_0=0
		RECORDS_OUT_OPERATOR_RS_4=4
		RECORDS_OUT_OPERATOR_SEL_1=1
		RECORDS_OUT_OPERATOR_SEL_3=4
		RECORDS_OUT_OPERATOR_TS_0=1
		RECORDS_OUT_OPERATOR_UDTF_2=4
	File Input Format Counters 
		Bytes Read=5401
2024-04-24T01:09:04,931  INFO [LocalJobRunner Map Task Executor #0] mapred.LocalJobRunner: Finishing task: attempt_local646786053_0014_m_000000_0
2024-04-24T01:09:04,931  INFO [Thread-1141] mapred.LocalJobRunner: map task executor complete.
2024-04-24T01:09:04,932  INFO [Thread-1141] mapred.LocalJobRunner: Waiting for reduce tasks
2024-04-24T01:09:04,932  INFO [pool-71-thread-1] mapred.LocalJobRunner: Starting task: attempt_local646786053_0014_r_000000_0
2024-04-24T01:09:04,933  INFO [pool-71-thread-1] mapred.Task:  Using ResourceCalculatorProcessTree : [ ]
2024-04-24T01:09:04,933  INFO [pool-71-thread-1] mapred.ReduceTask: Using ShuffleConsumerPlugin: org.apache.hadoop.mapreduce.task.reduce.Shuffle@580d3312
2024-04-24T01:09:04,933  WARN [pool-71-thread-1] impl.MetricsSystemImpl: JobTracker metrics system already initialized!
2024-04-24T01:09:04,934  INFO [pool-71-thread-1] reduce.MergeManagerImpl: MergerManager: memoryLimit=1336252800, maxSingleShuffleLimit=334063200, mergeThreshold=881926912, ioSortFactor=10, memToMemMergeOutputsThreshold=10
2024-04-24T01:09:04,935  INFO [EventFetcher for fetching Map Completion Events] reduce.EventFetcher: attempt_local646786053_0014_r_000000_0 Thread started: EventFetcher for fetching Map Completion Events
2024-04-24T01:09:04,936  INFO [localfetcher#20] reduce.LocalFetcher: localfetcher#20 about to shuffle output of map attempt_local646786053_0014_m_000000_0 decomp: 38 len: 42 to MEMORY
2024-04-24T01:09:04,936  INFO [localfetcher#20] reduce.InMemoryMapOutput: Read 38 bytes from map-output for attempt_local646786053_0014_m_000000_0
2024-04-24T01:09:04,936  INFO [localfetcher#20] reduce.MergeManagerImpl: closeInMemoryFile -> map-output of size: 38, inMemoryMapOutputs.size() -> 1, commitMemory -> 0, usedMemory ->38
2024-04-24T01:09:04,937  INFO [EventFetcher for fetching Map Completion Events] reduce.EventFetcher: EventFetcher is interrupted.. Returning
2024-04-24T01:09:04,937  INFO [pool-71-thread-1] mapred.LocalJobRunner: 1 / 1 copied.
2024-04-24T01:09:04,938  INFO [pool-71-thread-1] reduce.MergeManagerImpl: finalMerge called with 1 in-memory map-outputs and 0 on-disk map-outputs
2024-04-24T01:09:04,944  INFO [pool-71-thread-1] mapred.Merger: Merging 1 sorted segments
2024-04-24T01:09:04,944  INFO [pool-71-thread-1] mapred.Merger: Down to the last merge-pass, with 1 segments left of total size: 26 bytes
2024-04-24T01:09:04,947  INFO [pool-71-thread-1] reduce.MergeManagerImpl: Merged 1 segments, 38 bytes to disk to satisfy reduce memory limit
2024-04-24T01:09:04,947  INFO [pool-71-thread-1] reduce.MergeManagerImpl: Merging 1 files, 42 bytes from disk
2024-04-24T01:09:04,947  INFO [pool-71-thread-1] reduce.MergeManagerImpl: Merging 0 segments, 0 bytes from memory into reduce
2024-04-24T01:09:04,947  INFO [pool-71-thread-1] mapred.Merger: Merging 1 sorted segments
2024-04-24T01:09:04,947  INFO [pool-71-thread-1] mapred.Merger: Down to the last merge-pass, with 1 segments left of total size: 26 bytes
2024-04-24T01:09:04,947  INFO [pool-71-thread-1] mapred.LocalJobRunner: 1 / 1 copied.
2024-04-24T01:09:04,948  INFO [pool-71-thread-1] exec.SerializationUtilities: Deserializing ReduceWork using kryo
2024-04-24T01:09:04,948  INFO [pool-71-thread-1] exec.Utilities: Deserialized plan (via FILE) - name: null size: 5,96KB
2024-04-24T01:09:04,949  INFO [pool-71-thread-1] ExecReducer: 
<SEL>Id =5
  <Children>
    <FS>Id =6
      <Children>
      <\Children>
      <Parent>Id = 5 null<\Parent>
    <\FS>
  <\Children>
  <Parent><\Parent>
<\SEL>
2024-04-24T01:09:04,949  INFO [pool-71-thread-1] exec.SelectOperator: Initializing Operator: SEL[5]
2024-04-24T01:09:04,949  INFO [pool-71-thread-1] exec.SelectOperator: SELECT struct<key:struct<reducesinkkey0:int>,value:struct<_col0:int>>
2024-04-24T01:09:04,949  INFO [pool-71-thread-1] exec.FileSinkOperator: Initializing Operator: FS[6]
2024-04-24T01:09:04,949  INFO [pool-71-thread-1] exec.FileSinkOperator: Using serializer : AbstractSerDe [log=org.apache.logging.slf4j.Log4jLogger@7c52fdfa, configuration=Optional[Configuration: core-default.xml, core-site.xml, mapred-default.xml, mapred-site.xml, yarn-default.xml, yarn-site.xml, hdfs-default.xml, hdfs-site.xml, file:/home/alex/Repositories/hive/ql/target/tmp/TestTxnCommandsWithSplitUpdateAndVectorization/mapred/local/localRunner/alex/job_local646786053_0014/job_local646786053_0014.xml], properties={transactional_properties=default, name=default.acidtbl, transactional=true, columns.types=int:int, bucket_field_name=a, columns=a,b, numFilesErasureCoded=0, columns.comments=&amp#0;, bucketing_version=2, bucket_count=2, serialization.lib=org.apache.hadoop.hive.ql.io.orc.OrcSerde, file.inputformat=org.apache.hadoop.hive.ql.io.orc.OrcInputFormat, file.outputformat=org.apache.hadoop.hive.ql.io.orc.OrcOutputFormat, location=file:/home/alex/Repositories/hive/ql/target/tmp/org.apache.hadoop.hive.ql.TestTxnCommands-1713946100941/warehouse/acidtbl, column.name.delimiter=,}, tableProperties={transactional_properties=default, name=default.acidtbl, transactional=true, columns.types=int:int, bucket_field_name=a, columns=a,b, numFilesErasureCoded=0, columns.comments=&amp#0;, bucketing_version=2, bucket_count=2, serialization.lib=org.apache.hadoop.hive.ql.io.orc.OrcSerde, file.inputformat=org.apache.hadoop.hive.ql.io.orc.OrcInputFormat, location=file:/home/alex/Repositories/hive/ql/target/tmp/org.apache.hadoop.hive.ql.TestTxnCommands-1713946100941/warehouse/acidtbl, file.outputformat=org.apache.hadoop.hive.ql.io.orc.OrcOutputFormat, column.name.delimiter=,}, partitionProperties=Optional.empty, columnNames=[a, b], columnTypes=[int, int], getClass()=class org.apache.hadoop.hive.ql.io.orc.OrcSerde] and formatter : org.apache.hadoop.hive.ql.io.orc.OrcOutputFormat@4560eb46
2024-04-24T01:09:04,950  INFO [pool-71-thread-1] exec.FileSinkOperator: Final Path: FS file:/home/alex/Repositories/hive/ql/target/tmp/org.apache.hadoop.hive.ql.TestTxnCommands-1713946100941/warehouse/acidtbl
2024-04-24T01:09:04,950  INFO [pool-71-thread-1] exec.FileSinkOperator: New Final Path: FS file:/home/alex/Repositories/hive/ql/target/tmp/org.apache.hadoop.hive.ql.TestTxnCommands-1713946100941/warehouse/acidtbl
2024-04-24T01:09:04,950  INFO [pool-71-thread-1] common.FileUtils: Creating directory if it doesn't exist: file:/home/alex/Repositories/hive/ql/target/tmp/org.apache.hadoop.hive.ql.TestTxnCommands-1713946100941/warehouse
2024-04-24T01:09:04,950  INFO [pool-71-thread-1] exec.FileSinkOperator: FS[6]: records written - 1
2024-04-24T01:09:04,950  INFO [pool-71-thread-1] impl.PhysicalFsWriter: ORC writer created for path: file:/home/alex/Repositories/hive/ql/target/tmp/org.apache.hadoop.hive.ql.TestTxnCommands-1713946100941/warehouse/acidtbl/delta_0000001_0000001_0000/bucket_00000_0 with stripeSize: 8388608 blockSize: 268435456 compression: Compress: ZLIB buffer: 32768
2024-04-24T01:09:04,957  INFO [pool-71-thread-1] impl.WriterImpl: ORC writer created for path: file:/home/alex/Repositories/hive/ql/target/tmp/org.apache.hadoop.hive.ql.TestTxnCommands-1713946100941/warehouse/acidtbl/delta_0000001_0000001_0000/bucket_00000_0 with stripeSize: 8388608 options: Compress: ZLIB buffer: 32768
2024-04-24T01:09:04,961  INFO [pool-71-thread-1] exec.SelectOperator: Closing Operator: SEL[5]
2024-04-24T01:09:04,961  INFO [pool-71-thread-1] exec.SelectOperator: RECORDS_OUT_OPERATOR_SEL_5:2, RECORDS_OUT_INTERMEDIATE:0, 
2024-04-24T01:09:04,961  INFO [pool-71-thread-1] exec.FileSinkOperator: Closing Operator: FS[6]
2024-04-24T01:09:04,961  INFO [pool-71-thread-1] exec.FileSinkOperator: FS[6]: records written - 2
2024-04-24T01:09:04,964  INFO [pool-71-thread-1] FileOperations: Writing manifest to file:/home/alex/Repositories/hive/ql/target/tmp/org.apache.hadoop.hive.ql.TestTxnCommands-1713946100941/warehouse/acidtbl/_tmp.delta_0000001_0000001_0000/000000_0.manifest with [file:/home/alex/Repositories/hive/ql/target/tmp/org.apache.hadoop.hive.ql.TestTxnCommands-1713946100941/warehouse/acidtbl/delta_0000001_0000001_0000/bucket_00000_0]
2024-04-24T01:09:04,975  INFO [pool-71-thread-1] exec.FileSinkOperator: RECORDS_OUT_OPERATOR_FS_6:2, RECORDS_OUT_INTERMEDIATE:0, RECORDS_OUT_1_default.acidtbl:2, TOTAL_TABLE_ROWS_WRITTEN:2, 
2024-04-24T01:09:04,975  INFO [pool-71-thread-1] mapred.Task: Task:attempt_local646786053_0014_r_000000_0 is done. And is in the process of committing
2024-04-24T01:09:04,976  INFO [pool-71-thread-1] mapred.LocalJobRunner: reduce > reduce
2024-04-24T01:09:04,976  INFO [pool-71-thread-1] mapred.Task: Task 'attempt_local646786053_0014_r_000000_0' done.
2024-04-24T01:09:04,976  INFO [pool-71-thread-1] mapred.Task: Final Counters for attempt_local646786053_0014_r_000000_0: Counters: 30
	File System Counters
		FILE: Number of bytes read=345560
		FILE: Number of bytes written=17575081
		FILE: Number of read operations=0
		FILE: Number of large read operations=0
		FILE: Number of write operations=0
	Map-Reduce Framework
		Combine input records=0
		Combine output records=0
		Reduce input groups=2
		Reduce shuffle bytes=42
		Reduce input records=2
		Reduce output records=0
		Spilled Records=2
		Shuffled Maps =1
		Failed Shuffles=0
		Merged Map outputs=1
		GC time elapsed (ms)=0
		Total committed heap usage (bytes)=1132986368
	HIVE
		CREATED_FILES=1
		RECORDS_OUT_1_default.acidtbl=2
		RECORDS_OUT_INTERMEDIATE=0
		RECORDS_OUT_OPERATOR_FS_6=2
		RECORDS_OUT_OPERATOR_SEL_5=2
		TOTAL_TABLE_ROWS_WRITTEN=2
	Shuffle Errors
		BAD_ID=0
		CONNECTION=0
		IO_ERROR=0
		WRONG_LENGTH=0
		WRONG_MAP=0
		WRONG_REDUCE=0
	File Output Format Counters 
		Bytes Written=0
2024-04-24T01:09:04,976  INFO [pool-71-thread-1] mapred.LocalJobRunner: Finishing task: attempt_local646786053_0014_r_000000_0
2024-04-24T01:09:04,976  INFO [pool-71-thread-1] mapred.LocalJobRunner: Starting task: attempt_local646786053_0014_r_000001_0
2024-04-24T01:09:04,976  INFO [pool-71-thread-1] mapred.Task:  Using ResourceCalculatorProcessTree : [ ]
2024-04-24T01:09:04,976  INFO [pool-71-thread-1] mapred.ReduceTask: Using ShuffleConsumerPlugin: org.apache.hadoop.mapreduce.task.reduce.Shuffle@1a0ef704
2024-04-24T01:09:04,976  WARN [pool-71-thread-1] impl.MetricsSystemImpl: JobTracker metrics system already initialized!
2024-04-24T01:09:04,977  INFO [pool-71-thread-1] reduce.MergeManagerImpl: MergerManager: memoryLimit=1336252800, maxSingleShuffleLimit=334063200, mergeThreshold=881926912, ioSortFactor=10, memToMemMergeOutputsThreshold=10
2024-04-24T01:09:04,978  INFO [EventFetcher for fetching Map Completion Events] reduce.EventFetcher: attempt_local646786053_0014_r_000001_0 Thread started: EventFetcher for fetching Map Completion Events
2024-04-24T01:09:04,980  INFO [localfetcher#21] reduce.LocalFetcher: localfetcher#21 about to shuffle output of map attempt_local646786053_0014_m_000000_0 decomp: 38 len: 42 to MEMORY
2024-04-24T01:09:04,980  INFO [localfetcher#21] reduce.InMemoryMapOutput: Read 38 bytes from map-output for attempt_local646786053_0014_m_000000_0
2024-04-24T01:09:04,980  INFO [localfetcher#21] reduce.MergeManagerImpl: closeInMemoryFile -> map-output of size: 38, inMemoryMapOutputs.size() -> 1, commitMemory -> 0, usedMemory ->38
2024-04-24T01:09:04,981  INFO [EventFetcher for fetching Map Completion Events] reduce.EventFetcher: EventFetcher is interrupted.. Returning
2024-04-24T01:09:04,981  INFO [pool-71-thread-1] mapred.LocalJobRunner: 1 / 1 copied.
2024-04-24T01:09:04,981  INFO [pool-71-thread-1] reduce.MergeManagerImpl: finalMerge called with 1 in-memory map-outputs and 0 on-disk map-outputs
2024-04-24T01:09:04,987  INFO [pool-71-thread-1] mapred.Merger: Merging 1 sorted segments
2024-04-24T01:09:04,987  INFO [pool-71-thread-1] mapred.Merger: Down to the last merge-pass, with 1 segments left of total size: 26 bytes
2024-04-24T01:09:04,989  INFO [pool-71-thread-1] reduce.MergeManagerImpl: Merged 1 segments, 38 bytes to disk to satisfy reduce memory limit
2024-04-24T01:09:04,989  INFO [pool-71-thread-1] reduce.MergeManagerImpl: Merging 1 files, 42 bytes from disk
2024-04-24T01:09:04,989  INFO [pool-71-thread-1] reduce.MergeManagerImpl: Merging 0 segments, 0 bytes from memory into reduce
2024-04-24T01:09:04,989  INFO [pool-71-thread-1] mapred.Merger: Merging 1 sorted segments
2024-04-24T01:09:04,990  INFO [pool-71-thread-1] mapred.Merger: Down to the last merge-pass, with 1 segments left of total size: 26 bytes
2024-04-24T01:09:04,990  INFO [pool-71-thread-1] mapred.LocalJobRunner: 1 / 1 copied.
2024-04-24T01:09:04,990  INFO [pool-71-thread-1] exec.SerializationUtilities: Deserializing ReduceWork using kryo
2024-04-24T01:09:04,991  INFO [pool-71-thread-1] exec.Utilities: Deserialized plan (via FILE) - name: null size: 5,96KB
2024-04-24T01:09:04,991  INFO [pool-71-thread-1] ExecReducer: 
<SEL>Id =5
  <Children>
    <FS>Id =6
      <Children>
      <\Children>
      <Parent>Id = 5 null<\Parent>
    <\FS>
  <\Children>
  <Parent><\Parent>
<\SEL>
2024-04-24T01:09:04,991  INFO [pool-71-thread-1] exec.SelectOperator: Initializing Operator: SEL[5]
2024-04-24T01:09:04,991  INFO [pool-71-thread-1] exec.SelectOperator: SELECT struct<key:struct<reducesinkkey0:int>,value:struct<_col0:int>>
2024-04-24T01:09:04,991  INFO [pool-71-thread-1] exec.FileSinkOperator: Initializing Operator: FS[6]
2024-04-24T01:09:04,992  INFO [pool-71-thread-1] exec.FileSinkOperator: Using serializer : AbstractSerDe [log=org.apache.logging.slf4j.Log4jLogger@7c52fdfa, configuration=Optional[Configuration: core-default.xml, core-site.xml, mapred-default.xml, mapred-site.xml, yarn-default.xml, yarn-site.xml, hdfs-default.xml, hdfs-site.xml, file:/home/alex/Repositories/hive/ql/target/tmp/TestTxnCommandsWithSplitUpdateAndVectorization/mapred/local/localRunner/alex/job_local646786053_0014/job_local646786053_0014.xml], properties={transactional_properties=default, name=default.acidtbl, transactional=true, columns.types=int:int, bucket_field_name=a, columns=a,b, numFilesErasureCoded=0, columns.comments=&amp#0;, bucketing_version=2, bucket_count=2, serialization.lib=org.apache.hadoop.hive.ql.io.orc.OrcSerde, file.inputformat=org.apache.hadoop.hive.ql.io.orc.OrcInputFormat, file.outputformat=org.apache.hadoop.hive.ql.io.orc.OrcOutputFormat, location=file:/home/alex/Repositories/hive/ql/target/tmp/org.apache.hadoop.hive.ql.TestTxnCommands-1713946100941/warehouse/acidtbl, column.name.delimiter=,}, tableProperties={transactional_properties=default, name=default.acidtbl, transactional=true, columns.types=int:int, bucket_field_name=a, columns=a,b, numFilesErasureCoded=0, columns.comments=&amp#0;, bucketing_version=2, bucket_count=2, serialization.lib=org.apache.hadoop.hive.ql.io.orc.OrcSerde, file.inputformat=org.apache.hadoop.hive.ql.io.orc.OrcInputFormat, location=file:/home/alex/Repositories/hive/ql/target/tmp/org.apache.hadoop.hive.ql.TestTxnCommands-1713946100941/warehouse/acidtbl, file.outputformat=org.apache.hadoop.hive.ql.io.orc.OrcOutputFormat, column.name.delimiter=,}, partitionProperties=Optional.empty, columnNames=[a, b], columnTypes=[int, int], getClass()=class org.apache.hadoop.hive.ql.io.orc.OrcSerde] and formatter : org.apache.hadoop.hive.ql.io.orc.OrcOutputFormat@774bd1a5
2024-04-24T01:09:04,992  INFO [pool-71-thread-1] exec.FileSinkOperator: Final Path: FS file:/home/alex/Repositories/hive/ql/target/tmp/org.apache.hadoop.hive.ql.TestTxnCommands-1713946100941/warehouse/acidtbl
2024-04-24T01:09:04,992  INFO [pool-71-thread-1] exec.FileSinkOperator: New Final Path: FS file:/home/alex/Repositories/hive/ql/target/tmp/org.apache.hadoop.hive.ql.TestTxnCommands-1713946100941/warehouse/acidtbl
2024-04-24T01:09:04,992  INFO [pool-71-thread-1] common.FileUtils: Creating directory if it doesn't exist: file:/home/alex/Repositories/hive/ql/target/tmp/org.apache.hadoop.hive.ql.TestTxnCommands-1713946100941/warehouse
2024-04-24T01:09:04,993  INFO [pool-71-thread-1] exec.FileSinkOperator: FS[6]: records written - 1
2024-04-24T01:09:04,993  INFO [pool-71-thread-1] impl.PhysicalFsWriter: ORC writer created for path: file:/home/alex/Repositories/hive/ql/target/tmp/org.apache.hadoop.hive.ql.TestTxnCommands-1713946100941/warehouse/acidtbl/delta_0000001_0000001_0000/bucket_00001_0 with stripeSize: 8388608 blockSize: 268435456 compression: Compress: ZLIB buffer: 32768
2024-04-24T01:09:04,997  INFO [pool-71-thread-1] impl.WriterImpl: ORC writer created for path: file:/home/alex/Repositories/hive/ql/target/tmp/org.apache.hadoop.hive.ql.TestTxnCommands-1713946100941/warehouse/acidtbl/delta_0000001_0000001_0000/bucket_00001_0 with stripeSize: 8388608 options: Compress: ZLIB buffer: 32768
2024-04-24T01:09:04,998  INFO [pool-71-thread-1] exec.SelectOperator: Closing Operator: SEL[5]
2024-04-24T01:09:04,998  INFO [pool-71-thread-1] exec.SelectOperator: RECORDS_OUT_OPERATOR_SEL_5:2, RECORDS_OUT_INTERMEDIATE:0, 
2024-04-24T01:09:04,998  INFO [pool-71-thread-1] exec.FileSinkOperator: Closing Operator: FS[6]
2024-04-24T01:09:04,998  INFO [pool-71-thread-1] exec.FileSinkOperator: FS[6]: records written - 2
2024-04-24T01:09:05,000  INFO [pool-71-thread-1] FileOperations: Writing manifest to file:/home/alex/Repositories/hive/ql/target/tmp/org.apache.hadoop.hive.ql.TestTxnCommands-1713946100941/warehouse/acidtbl/_tmp.delta_0000001_0000001_0000/000001_0.manifest with [file:/home/alex/Repositories/hive/ql/target/tmp/org.apache.hadoop.hive.ql.TestTxnCommands-1713946100941/warehouse/acidtbl/delta_0000001_0000001_0000/bucket_00001_0]
2024-04-24T01:09:05,009  INFO [pool-71-thread-1] exec.FileSinkOperator: TOTAL_TABLE_ROWS_WRITTEN:2, RECORDS_OUT_INTERMEDIATE:0, RECORDS_OUT_1_default.acidtbl:2, RECORDS_OUT_OPERATOR_FS_6:2, 
2024-04-24T01:09:05,009  INFO [pool-71-thread-1] mapred.Task: Task:attempt_local646786053_0014_r_000001_0 is done. And is in the process of committing
2024-04-24T01:09:05,009  INFO [pool-71-thread-1] mapred.LocalJobRunner: reduce > reduce
2024-04-24T01:09:05,009  INFO [pool-71-thread-1] mapred.Task: Task 'attempt_local646786053_0014_r_000001_0' done.
2024-04-24T01:09:05,009  INFO [pool-71-thread-1] mapred.Task: Final Counters for attempt_local646786053_0014_r_000001_0: Counters: 30
	File System Counters
		FILE: Number of bytes read=351722
		FILE: Number of bytes written=17576151
		FILE: Number of read operations=0
		FILE: Number of large read operations=0
		FILE: Number of write operations=0
	Map-Reduce Framework
		Combine input records=0
		Combine output records=0
		Reduce input groups=2
		Reduce shuffle bytes=42
		Reduce input records=2
		Reduce output records=0
		Spilled Records=2
		Shuffled Maps =1
		Failed Shuffles=0
		Merged Map outputs=1
		GC time elapsed (ms)=0
		Total committed heap usage (bytes)=1132986368
	HIVE
		CREATED_FILES=1
		RECORDS_OUT_1_default.acidtbl=2
		RECORDS_OUT_INTERMEDIATE=0
		RECORDS_OUT_OPERATOR_FS_6=2
		RECORDS_OUT_OPERATOR_SEL_5=2
		TOTAL_TABLE_ROWS_WRITTEN=2
	Shuffle Errors
		BAD_ID=0
		CONNECTION=0
		IO_ERROR=0
		WRONG_LENGTH=0
		WRONG_MAP=0
		WRONG_REDUCE=0
	File Output Format Counters 
		Bytes Written=0
2024-04-24T01:09:05,010  INFO [pool-71-thread-1] mapred.LocalJobRunner: Finishing task: attempt_local646786053_0014_r_000001_0
2024-04-24T01:09:05,010  INFO [Thread-1141] mapred.LocalJobRunner: reduce task executor complete.
2024-04-24 01:09:05,904 Stage-1 map = 100%,  reduce = 100%
2024-04-24T01:09:05,904  INFO [main] exec.Task: 2024-04-24 01:09:05,904 Stage-1 map = 100%,  reduce = 100%
Ended Job = job_local646786053_0014
2024-04-24T01:09:05,905  INFO [main] exec.Task: Ended Job = job_local646786053_0014
2024-04-24T01:09:05,907  INFO [main] FileOperations: Found manifest file file:/home/alex/Repositories/hive/ql/target/tmp/org.apache.hadoop.hive.ql.TestTxnCommands-1713946100941/warehouse/acidtbl/_tmp.delta_0000001_0000001_0000/000000_0.manifest with attemptId 0.
2024-04-24T01:09:05,907  INFO [main] FileOperations: Found manifest file file:/home/alex/Repositories/hive/ql/target/tmp/org.apache.hadoop.hive.ql.TestTxnCommands-1713946100941/warehouse/acidtbl/_tmp.delta_0000001_0000001_0000/000001_0.manifest with attemptId 0.
2024-04-24T01:09:05,907  INFO [main] FileOperations: Looking at manifest file: file:/home/alex/Repositories/hive/ql/target/tmp/org.apache.hadoop.hive.ql.TestTxnCommands-1713946100941/warehouse/acidtbl/_tmp.delta_0000001_0000001_0000/000001_0.manifest
2024-04-24T01:09:05,907  INFO [main] FileOperations: Looking at manifest file: file:/home/alex/Repositories/hive/ql/target/tmp/org.apache.hadoop.hive.ql.TestTxnCommands-1713946100941/warehouse/acidtbl/_tmp.delta_0000001_0000001_0000/000000_0.manifest
2024-04-24T01:09:05,908  INFO [main] FileOperations: Deleting manifest directory file:/home/alex/Repositories/hive/ql/target/tmp/org.apache.hadoop.hive.ql.TestTxnCommands-1713946100941/warehouse/acidtbl/_tmp.delta_0000001_0000001_0000
2024-04-24T01:09:05,909  INFO [main] ql.Driver: Starting task [Stage-0:MOVE] in serial mode
Loading data to table default.acidtbl
2024-04-24T01:09:05,909  INFO [main] exec.Task: Loading data to table default.acidtbl from file:/home/alex/Repositories/hive/ql/target/tmp/org.apache.hadoop.hive.ql.TestTxnCommands-1713946100941/warehouse/acidtbl
2024-04-24T01:09:05,909  INFO [main] HiveMetaStore.audit: ugi=alex	ip=unknown-ip-addr	cmd=get_table : tbl=hive.default.acidtbl	
2024-04-24T01:09:05,916  INFO [main] metastore.HMSHandler: Skipping translation for processor with null
2024-04-24T01:09:05,916  INFO [main] HiveMetaStore.audit: ugi=alex	ip=unknown-ip-addr	cmd=get_table : tbl=hive.default.acidtbl	
2024-04-24T01:09:05,925  INFO [main] metastore.HMSHandler: Skipping translation for processor with null
2024-04-24T01:09:05,925  INFO [main] HiveMetaStore.audit: ugi=alex	ip=unknown-ip-addr	cmd=alter_table: hive.default.acidtbl newtbl=acidtbl	
2024-04-24T01:09:05,950  INFO [main] ql.Driver: Starting task [Stage-2:STATS] in serial mode
2024-04-24T01:09:05,951  INFO [main] HiveMetaStore.audit: ugi=alex	ip=unknown-ip-addr	cmd=get_table : tbl=hive.default.acidtbl	
2024-04-24T01:09:05,956  INFO [main] metastore.HMSHandler: Skipping translation for processor with null
2024-04-24T01:09:05,957  INFO [main] stats.BasicStatsTask: Executing stats task
2024-04-24T01:09:05,957  INFO [main] fs.FSStatsPublisher: created : file:/home/alex/Repositories/hive/ql/target/tmp/localscratchdir/6a295013-453e-4d92-a78e-65896b88df8c/hive_2024-04-24_01-09-04_482_6621612240373788199-1/-mr-10000
2024-04-24T01:09:05,958  INFO [main] HiveMetaStore.audit: ugi=alex	ip=unknown-ip-addr	cmd=get_table : tbl=hive.default.acidtbl	
2024-04-24T01:09:05,965  INFO [main] metastore.HMSHandler: Skipping translation for processor with null
2024-04-24T01:09:05,976  WARN [main] FileOperations: Computing stats for an ACID table; stats may be inaccurate
2024-04-24T01:09:05,976  INFO [main] FileOperations: Read stats for default.acidtbl/, numRows, true, 4, false: 
2024-04-24T01:09:05,976  INFO [main] FileOperations: Read stats for default.acidtbl/, rawDataSize, true, 0, false: 
2024-04-24T01:09:05,977  INFO [main] HiveMetaStore.audit: ugi=alex	ip=unknown-ip-addr	cmd=alter_table: hive.default.acidtbl newtbl=acidtbl	
2024-04-24T01:09:05,999  INFO [main] FileOperations: Read stats for default.acidtbl/, insertCount, true, 4, false: 
2024-04-24T01:09:05,999  INFO [main] FileOperations: Read stats for default.acidtbl/, updateCount, true, 0, false: 
2024-04-24T01:09:05,999  INFO [main] FileOperations: Read stats for default.acidtbl/, deleteCount, true, 0, false: 
2024-04-24T01:09:06,002  INFO [main] stats.BasicStatsTask: Table default.acidtbl stats: [numFiles=2, numRows=4, totalSize=1380, rawDataSize=0, numFilesErasureCoded=0]
2024-04-24T01:09:06,002  INFO [main] metadata.Hive: Dumping metastore api call timing information for : execution phase
2024-04-24T01:09:06,002  INFO [main] metadata.Hive: Total time spent in each metastore function (ms): {getTable_(GetTableRequest)=30, isCompatibleWith_(Configuration)=0, updateTransactionalStatistics_(UpdateTransactionalStatsRequest)=2, alter_table_(String, String, String, Table, EnvironmentContext, String)=47}
MapReduce Jobs Launched: 
2024-04-24T01:09:06,002  INFO [main] ql.Driver: MapReduce Jobs Launched: 
Stage-Stage-1:  HDFS Read: 0 HDFS Write: 0 SUCCESS
2024-04-24T01:09:06,003  INFO [main] ql.Driver: Stage-Stage-1:  HDFS Read: 0 HDFS Write: 0 SUCCESS
Total MapReduce CPU Time Spent: 0 msec
2024-04-24T01:09:06,003  INFO [main] ql.Driver: Total MapReduce CPU Time Spent: 0 msec
2024-04-24T01:09:06,003  INFO [main] ql.Driver: Completed executing command(queryId=alex_20240424010902_c4da4001-fa58-4644-9101-d67df3f0b1c6); Time taken: 1.37 seconds
2024-04-24T01:09:06,003  INFO [main] lockmgr.DbTxnManager: Stopped heartbeat for query: alex_20240424010902_c4da4001-fa58-4644-9101-d67df3f0b1c6
2024-04-24T01:09:06,013  INFO [main] txn.TxnHandler: Removed transactions: ([14]) from MIN_HISTORY_LEVEL
2024-04-24T01:09:06,013  WARN [main] txn.CompactionTxnHandler: No compaction queue record found for Compaction type transaction commit. txnId:14
2024-04-24T01:09:06,014  INFO [main] ql.TxnCommandsBaseForTests: Running the query: merge into acidTbl as t using nonAcidOrcTbl s ON t.a = s.a WHEN MATCHED AND s.a < 3 THEN update set b = 0 WHEN MATCHED and t.a > 3 and t.a < 5 THEN DELETE 
2024-04-24T01:09:06,014  INFO [main] ql.Context: Deleting scratch dir: file:/home/alex/Repositories/hive/ql/target/tmp/localscratchdir/6a295013-453e-4d92-a78e-65896b88df8c/hive_2024-04-24_01-09-04_482_6621612240373788199-1
2024-04-24T01:09:06,015  INFO [main] cleanup.SyncCleanupService: Deleted directory: file:/home/alex/Repositories/hive/ql/target/tmp/localscratchdir/6a295013-453e-4d92-a78e-65896b88df8c/hive_2024-04-24_01-09-04_482_6621612240373788199-1 on fs with scheme file
2024-04-24T01:09:06,015  INFO [main] ql.Driver: Compiling command(queryId=alex_20240424010902_c4da4001-fa58-4644-9101-d67df3f0b1c6): merge into acidTbl as t using nonAcidOrcTbl s ON t.a = s.a WHEN MATCHED AND s.a < 3 THEN update set b = 0 WHEN MATCHED and t.a > 3 and t.a < 5 THEN DELETE 
2024-04-24T01:09:06,018  INFO [main] txn.TxnHandler: Added entries to MIN_HISTORY_LEVEL for current txns: ([15]) with min_open_txn: 15
2024-04-24T01:09:06,018  INFO [main] lockmgr.DbTxnManager: Opened txnid:15
2024-04-24T01:09:06,019  INFO [main] parse.MergeSemanticAnalyzer: Starting caching scope for: alex_20240424010902_c4da4001-fa58-4644-9101-d67df3f0b1c6
2024-04-24T01:09:06,019  INFO [main] HiveMetaStore.audit: ugi=alex	ip=unknown-ip-addr	cmd=get_table : tbl=hive.default.acidTbl	
2024-04-24T01:09:06,026  INFO [main] metastore.HMSHandler: Skipping translation for processor with null
2024-04-24T01:09:06,026  INFO [main] parse.RewriteSemanticAnalyzer: Merge statement cardinality violation check is disabled: hive.merge.cardinality.check
2024-04-24T01:09:06,026  INFO [main] parse.RewriteSemanticAnalyzer: Going to reparse <merge into acidTbl as t using nonAcidOrcTbl s ON t.a = s.a WHEN MATCHED AND s.a < 3 THEN update set b = 0 WHEN MATCHED and t.a > 3 and t.a < 5 THEN DELETE > as 
<FROM
  `default`.`acidTbl` `t`
  INNER JOIN
  `default`.`nonAcidOrcTbl` `s`
  ON `t`.`a` = `s`.`a`
INSERT INTO `default`.`acidTbl`    -- update clause(insert part)
 SELECT `t`.`a`, 0
   WHERE `t`.`a` = `s`.`a` AND `s`.`a` < 3
INSERT INTO `default`.`acidTbl`    -- update clause (delete part)
 SELECT `t`.ROW__ID 
   WHERE `t`.`a` = `s`.`a` AND `s`.`a` < 3
 SORT BY `t`.ROW__ID 
INSERT INTO `default`.`acidTbl`    -- delete clause
 SELECT `t`.ROW__ID 
   WHERE `t`.`a` = `s`.`a` AND `t`.`a` > 3 and `t`.`a` < 5 AND NOT(`s`.`a` < 3)
 SORT BY `t`.ROW__ID 
>
2024-04-24T01:09:06,028  INFO [main] parse.MergeSemanticAnalyzer: Starting Semantic Analysis
2024-04-24T01:09:06,033  INFO [main] parse.MergeSemanticAnalyzer: Completed phase 1 of Semantic Analysis
2024-04-24T01:09:06,033  INFO [main] parse.MergeSemanticAnalyzer: Get metadata for source tables
2024-04-24T01:09:06,033  INFO [main] HiveMetaStore.audit: ugi=alex	ip=unknown-ip-addr	cmd=get_table : tbl=hive.default.acidtbl	
2024-04-24T01:09:06,039  INFO [main] metastore.ObjectStore: Removed COLUMN_STATS_ACCURATE from Table's parameters.
2024-04-24T01:09:06,040  INFO [main] metastore.HMSHandler: Skipping translation for processor with null
2024-04-24T01:09:06,041  INFO [main] HiveMetaStore.audit: ugi=alex	ip=unknown-ip-addr	cmd=get_table : tbl=hive.default.nonacidorctbl	
2024-04-24T01:09:06,050  INFO [main] metastore.HMSHandler: Skipping translation for processor with null
2024-04-24T01:09:06,050  INFO [main] parse.MergeSemanticAnalyzer: Get metadata for subqueries
2024-04-24T01:09:06,050  INFO [main] parse.MergeSemanticAnalyzer: Get metadata for destination tables
2024-04-24T01:09:06,050  INFO [main] parse.MergeSemanticAnalyzer: Completed getting MetaData in Semantic Analysis
2024-04-24T01:09:06,050  INFO [main] parse.MergeSemanticAnalyzer: Disabling LLAP IO encode as ETL query is detected
2024-04-24T01:09:06,051  INFO [main] parse.MergeSemanticAnalyzer: Get metadata for source tables
2024-04-24T01:09:06,052  INFO [main] parse.MergeSemanticAnalyzer: Get metadata for subqueries
2024-04-24T01:09:06,052  INFO [main] parse.MergeSemanticAnalyzer: Get metadata for destination tables
2024-04-24T01:09:06,064  INFO [main] HiveMetaStore.audit: ugi=alex	ip=unknown-ip-addr	cmd=get_all_table_constraints : tbl=hive.default.acidtbl	
2024-04-24T01:09:06,071  INFO [main] HiveMetaStore.audit: ugi=alex	ip=unknown-ip-addr	cmd=get_all_table_constraints : tbl=hive.default.nonacidorctbl	
2024-04-24T01:09:06,113  INFO [main] calcite.RelOptHiveTable: Calculating column statistics for default.acidtbl, projIndxSet: [0], allowMissingStats: true
2024-04-24T01:09:06,113  INFO [main] HiveMetaStore.audit: ugi=alex	ip=unknown-ip-addr	cmd=get_table : tbl=hive.default.acidtbl	
2024-04-24T01:09:06,122  INFO [main] metastore.HMSHandler: Skipping translation for processor with null
2024-04-24T01:09:06,123  INFO [main] HiveMetaStore.audit: ugi=alex	ip=unknown-ip-addr	cmd=get_table : tbl=hive.default.acidtbl	
2024-04-24T01:09:06,131  INFO [main] metastore.HMSHandler: Skipping translation for processor with null
2024-04-24T01:09:06,132  INFO [main] HiveMetaStore.audit: ugi=alex	ip=unknown-ip-addr	cmd=get_table_statistics_req: table=hive.default.acidtbl	
2024-04-24T01:09:06,142  WARN [main] calcite.RelOptHiveTable: No Stats for default@acidtbl, Columns: a
No Stats for default@acidtbl, Columns: a
2024-04-24T01:09:06,142  INFO [main] SessionState: No Stats for default@acidtbl, Columns: a
2024-04-24T01:09:06,142  INFO [main] calcite.RelOptHiveTable: Calculating column statistics for default.nonacidorctbl, projIndxSet: [0], allowMissingStats: true
2024-04-24T01:09:06,143  INFO [main] HiveMetaStore.audit: ugi=alex	ip=unknown-ip-addr	cmd=get_table : tbl=hive.default.nonacidorctbl	
2024-04-24T01:09:06,154  INFO [main] metastore.HMSHandler: Skipping translation for processor with null
2024-04-24T01:09:06,154  INFO [main] HiveMetaStore.audit: ugi=alex	ip=unknown-ip-addr	cmd=get_table : tbl=hive.default.nonacidorctbl	
2024-04-24T01:09:06,166  INFO [main] metastore.HMSHandler: Skipping translation for processor with null
2024-04-24T01:09:06,166  INFO [main] HiveMetaStore.audit: ugi=alex	ip=unknown-ip-addr	cmd=get_table_statistics_req: table=hive.default.nonacidorctbl	
2024-04-24T01:09:06,181  WARN [main] calcite.RelOptHiveTable: No Stats for default@nonacidorctbl, Columns: a
No Stats for default@nonacidorctbl, Columns: a
2024-04-24T01:09:06,181  INFO [main] SessionState: No Stats for default@nonacidorctbl, Columns: a
2024-04-24T01:09:06,404  INFO [main] parse.MergeSemanticAnalyzer: Get metadata for source tables
2024-04-24T01:09:06,404  INFO [main] parse.MergeSemanticAnalyzer: Get metadata for subqueries
2024-04-24T01:09:06,404  INFO [main] parse.MergeSemanticAnalyzer: Get metadata for source tables
2024-04-24T01:09:06,404  INFO [main] parse.MergeSemanticAnalyzer: Get metadata for subqueries
2024-04-24T01:09:06,404  INFO [main] parse.MergeSemanticAnalyzer: Get metadata for source tables
2024-04-24T01:09:06,404  INFO [main] parse.MergeSemanticAnalyzer: Get metadata for subqueries
2024-04-24T01:09:06,404  INFO [main] parse.MergeSemanticAnalyzer: Get metadata for destination tables
2024-04-24T01:09:06,404  INFO [main] parse.MergeSemanticAnalyzer: Get metadata for source tables
2024-04-24T01:09:06,405  INFO [main] parse.MergeSemanticAnalyzer: Get metadata for subqueries
2024-04-24T01:09:06,405  INFO [main] parse.MergeSemanticAnalyzer: Get metadata for destination tables
2024-04-24T01:09:06,405  INFO [main] parse.MergeSemanticAnalyzer: Get metadata for destination tables
2024-04-24T01:09:06,405  INFO [main] parse.MergeSemanticAnalyzer: Get metadata for destination tables
2024-04-24T01:09:06,412 ERROR [main] parse.MergeSemanticAnalyzer: CBO failed, skipping CBO. 
org.apache.hadoop.hive.ql.exec.NoMatchingMethodException: No matching method for class org.apache.hadoop.hive.ql.udf.UDFToInteger with (struct<writeid:bigint,bucketid:int,rowid:bigint>). Possible choices: _FUNC_(bigint)  _FUNC_(boolean)  _FUNC_(decimal(38,18))  _FUNC_(double)  _FUNC_(float)  _FUNC_(smallint)  _FUNC_(string)  _FUNC_(struct<rowid:bigint,writeid:bigint,bucketid:int>)  _FUNC_(timestamp)  _FUNC_(tinyint)  _FUNC_(void)  
	at org.apache.hadoop.hive.ql.exec.MethodUtils.getMethodInternal(MethodUtils.java:130) ~[classes/:?]
	at org.apache.hadoop.hive.ql.exec.MethodUtils.getMethodInternal(MethodUtils.java:60) ~[classes/:?]
	at org.apache.hadoop.hive.ql.exec.DefaultUDFMethodResolver.getEvalMethod(DefaultUDFMethodResolver.java:59) ~[classes/:?]
	at org.apache.hadoop.hive.ql.udf.TimestampCastRestrictorResolver.getEvalMethod(TimestampCastRestrictorResolver.java:68) ~[classes/:?]
	at org.apache.hadoop.hive.ql.udf.generic.GenericUDFBridge.initialize(GenericUDFBridge.java:168) ~[classes/:?]
	at org.apache.hadoop.hive.ql.udf.generic.GenericUDF.initializeAndFoldConstants(GenericUDF.java:149) ~[classes/:?]
	at org.apache.hadoop.hive.ql.plan.ExprNodeGenericFuncDesc.newInstance(ExprNodeGenericFuncDesc.java:235) ~[classes/:?]
	at org.apache.hadoop.hive.ql.parse.type.ExprNodeDescExprFactory.createFuncCallExpr(ExprNodeDescExprFactory.java:584) ~[classes/:?]
	at org.apache.hadoop.hive.ql.parse.type.ExprNodeDescExprFactory.createFuncCallExpr(ExprNodeDescExprFactory.java:97) ~[classes/:?]
	at org.apache.hadoop.hive.ql.parse.type.TypeCheckProcFactory$DefaultExprProcessor.getFuncExprNodeDescWithUdfData(TypeCheckProcFactory.java:762) ~[classes/:?]
	at org.apache.hadoop.hive.ql.parse.type.TypeCheckProcFactory$DefaultExprProcessor.createConversionCast(TypeCheckProcFactory.java:783) ~[classes/:?]
	at org.apache.hadoop.hive.ql.parse.SemanticAnalyzer.getPartitionColsFromBucketColsForUpdateDelete(SemanticAnalyzer.java:8725) ~[classes/:?]
	at org.apache.hadoop.hive.ql.parse.SemanticAnalyzer.genBucketingSortingDest(SemanticAnalyzer.java:6906) ~[classes/:?]
	at org.apache.hadoop.hive.ql.parse.SemanticAnalyzer.genFileSinkPlan(SemanticAnalyzer.java:7335) ~[classes/:?]
	at org.apache.hadoop.hive.ql.parse.SemanticAnalyzer.genPostGroupByBodyPlan(SemanticAnalyzer.java:11063) ~[classes/:?]
	at org.apache.hadoop.hive.ql.parse.SemanticAnalyzer.genBodyPlan(SemanticAnalyzer.java:10938) ~[classes/:?]
	at org.apache.hadoop.hive.ql.parse.SemanticAnalyzer.genPlan(SemanticAnalyzer.java:11853) ~[classes/:?]
	at org.apache.hadoop.hive.ql.parse.SemanticAnalyzer.genPlan(SemanticAnalyzer.java:11723) ~[classes/:?]
	at org.apache.hadoop.hive.ql.parse.CalcitePlanner.genOPTree(CalcitePlanner.java:626) ~[classes/:?]
	at org.apache.hadoop.hive.ql.parse.SemanticAnalyzer.analyzeInternal(SemanticAnalyzer.java:12558) ~[classes/:?]
	at org.apache.hadoop.hive.ql.parse.CalcitePlanner.analyzeInternal(CalcitePlanner.java:456) ~[classes/:?]
	at org.apache.hadoop.hive.ql.parse.RewriteSemanticAnalyzer.analyzeInternal(RewriteSemanticAnalyzer.java:67) ~[classes/:?]
	at org.apache.hadoop.hive.ql.parse.BaseSemanticAnalyzer.analyze(BaseSemanticAnalyzer.java:317) ~[classes/:?]
	at org.apache.hadoop.hive.ql.parse.MergeSemanticAnalyzer.analyzeMerge(MergeSemanticAnalyzer.java:317) ~[classes/:?]
	at org.apache.hadoop.hive.ql.parse.MergeSemanticAnalyzer.analyze(MergeSemanticAnalyzer.java:63) ~[classes/:?]
	at org.apache.hadoop.hive.ql.parse.RewriteSemanticAnalyzer.analyzeInternal(RewriteSemanticAnalyzer.java:72) ~[classes/:?]
	at org.apache.hadoop.hive.ql.parse.BaseSemanticAnalyzer.analyze(BaseSemanticAnalyzer.java:317) ~[classes/:?]
	at org.apache.hadoop.hive.ql.Compiler.analyze(Compiler.java:223) ~[classes/:?]
	at org.apache.hadoop.hive.ql.Compiler.compile(Compiler.java:105) ~[classes/:?]
	at org.apache.hadoop.hive.ql.Driver.compile(Driver.java:500) ~[classes/:?]
	at org.apache.hadoop.hive.ql.Driver.compileInternal(Driver.java:453) ~[classes/:?]
	at org.apache.hadoop.hive.ql.Driver.runInternal(Driver.java:181) ~[classes/:?]
	at org.apache.hadoop.hive.ql.Driver.run(Driver.java:153) ~[classes/:?]
	at org.apache.hadoop.hive.ql.Driver.run(Driver.java:140) ~[classes/:?]
	at org.apache.hadoop.hive.ql.TxnCommandsBaseForTests.runStatementOnDriver(TxnCommandsBaseForTests.java:245) ~[test-classes/:?]
	at org.apache.hadoop.hive.ql.TestTxnCommands.testMergeUpdateDeleteNoCardCheck(TestTxnCommands.java:1264) ~[test-classes/:?]
	at sun.reflect.NativeMethodAccessorImpl.invoke0(Native Method) ~[?:1.8.0_402]
	at sun.reflect.NativeMethodAccessorImpl.invoke(NativeMethodAccessorImpl.java:62) ~[?:1.8.0_402]
	at sun.reflect.DelegatingMethodAccessorImpl.invoke(DelegatingMethodAccessorImpl.java:43) ~[?:1.8.0_402]
	at java.lang.reflect.Method.invoke(Method.java:498) ~[?:1.8.0_402]
	at org.junit.runners.model.FrameworkMethod$1.runReflectiveCall(FrameworkMethod.java:59) ~[junit-4.13.jar:4.13]
	at org.junit.internal.runners.model.ReflectiveCallable.run(ReflectiveCallable.java:12) ~[junit-4.13.jar:4.13]
	at org.junit.runners.model.FrameworkMethod.invokeExplosively(FrameworkMethod.java:56) ~[junit-4.13.jar:4.13]
	at org.junit.internal.runners.statements.InvokeMethod.evaluate(InvokeMethod.java:17) ~[junit-4.13.jar:4.13]
	at org.junit.internal.runners.statements.RunBefores.evaluate(RunBefores.java:26) ~[junit-4.13.jar:4.13]
	at org.junit.internal.runners.statements.RunAfters.evaluate(RunAfters.java:27) ~[junit-4.13.jar:4.13]
	at org.junit.rules.TestWatcher$1.evaluate(TestWatcher.java:61) ~[junit-4.13.jar:4.13]
	at org.junit.runners.ParentRunner$3.evaluate(ParentRunner.java:306) ~[junit-4.13.jar:4.13]
	at org.junit.runners.BlockJUnit4ClassRunner$1.evaluate(BlockJUnit4ClassRunner.java:100) ~[junit-4.13.jar:4.13]
	at org.junit.runners.ParentRunner.runLeaf(ParentRunner.java:366) ~[junit-4.13.jar:4.13]
	at org.junit.runners.BlockJUnit4ClassRunner.runChild(BlockJUnit4ClassRunner.java:103) ~[junit-4.13.jar:4.13]
	at org.junit.runners.BlockJUnit4ClassRunner.runChild(BlockJUnit4ClassRunner.java:63) ~[junit-4.13.jar:4.13]
	at org.junit.runners.ParentRunner$4.run(ParentRunner.java:331) ~[junit-4.13.jar:4.13]
	at org.junit.runners.ParentRunner$1.schedule(ParentRunner.java:79) ~[junit-4.13.jar:4.13]
	at org.junit.runners.ParentRunner.runChildren(ParentRunner.java:329) ~[junit-4.13.jar:4.13]
	at org.junit.runners.ParentRunner.access$100(ParentRunner.java:66) ~[junit-4.13.jar:4.13]
	at org.junit.runners.ParentRunner$2.evaluate(ParentRunner.java:293) ~[junit-4.13.jar:4.13]
	at org.junit.runners.ParentRunner$3.evaluate(ParentRunner.java:306) ~[junit-4.13.jar:4.13]
	at org.junit.runners.ParentRunner.run(ParentRunner.java:413) ~[junit-4.13.jar:4.13]
	at org.junit.runner.JUnitCore.run(JUnitCore.java:137) ~[junit-4.13.jar:4.13]
	at org.junit.runner.JUnitCore.run(JUnitCore.java:115) ~[junit-4.13.jar:4.13]
	at org.junit.vintage.engine.execution.RunnerExecutor.execute(RunnerExecutor.java:43) ~[junit-vintage-engine-5.6.2.jar:5.6.2]
	at java.util.stream.ForEachOps$ForEachOp$OfRef.accept(ForEachOps.java:183) ~[?:1.8.0_402]
	at java.util.stream.ReferencePipeline$3$1.accept(ReferencePipeline.java:193) ~[?:1.8.0_402]
	at java.util.Iterator.forEachRemaining(Iterator.java:116) ~[?:1.8.0_402]
	at java.util.Spliterators$IteratorSpliterator.forEachRemaining(Spliterators.java:1801) ~[?:1.8.0_402]
	at java.util.stream.AbstractPipeline.copyInto(AbstractPipeline.java:482) ~[?:1.8.0_402]
	at java.util.stream.AbstractPipeline.wrapAndCopyInto(AbstractPipeline.java:472) ~[?:1.8.0_402]
	at java.util.stream.ForEachOps$ForEachOp.evaluateSequential(ForEachOps.java:150) ~[?:1.8.0_402]
	at java.util.stream.ForEachOps$ForEachOp$OfRef.evaluateSequential(ForEachOps.java:173) ~[?:1.8.0_402]
	at java.util.stream.AbstractPipeline.evaluate(AbstractPipeline.java:234) ~[?:1.8.0_402]
	at java.util.stream.ReferencePipeline.forEach(ReferencePipeline.java:485) ~[?:1.8.0_402]
	at org.junit.vintage.engine.VintageTestEngine.executeAllChildren(VintageTestEngine.java:82) ~[junit-vintage-engine-5.6.2.jar:5.6.2]
	at org.junit.vintage.engine.VintageTestEngine.execute(VintageTestEngine.java:73) ~[junit-vintage-engine-5.6.2.jar:5.6.2]
	at org.junit.platform.launcher.core.DefaultLauncher.execute(DefaultLauncher.java:248) ~[junit-platform-launcher-1.6.2.jar:1.6.2]
	at org.junit.platform.launcher.core.DefaultLauncher.lambda$execute$5(DefaultLauncher.java:211) ~[junit-platform-launcher-1.6.2.jar:1.6.2]
	at org.junit.platform.launcher.core.DefaultLauncher.withInterceptedStreams(DefaultLauncher.java:226) [junit-platform-launcher-1.6.2.jar:1.6.2]
	at org.junit.platform.launcher.core.DefaultLauncher.execute(DefaultLauncher.java:199) [junit-platform-launcher-1.6.2.jar:1.6.2]
	at org.junit.platform.launcher.core.DefaultLauncher.execute(DefaultLauncher.java:132) [junit-platform-launcher-1.6.2.jar:1.6.2]
	at org.apache.maven.surefire.junitplatform.JUnitPlatformProvider.invokeAllTests(JUnitPlatformProvider.java:154) [surefire-junit-platform-3.0.0-M4.jar:3.0.0-M4]
	at org.apache.maven.surefire.junitplatform.JUnitPlatformProvider.invoke(JUnitPlatformProvider.java:123) [surefire-junit-platform-3.0.0-M4.jar:3.0.0-M4]
	at org.apache.maven.surefire.booter.ForkedBooter.runSuitesInProcess(ForkedBooter.java:377) [surefire-booter-3.0.0-M4.jar:3.0.0-M4]
	at org.apache.maven.surefire.booter.ForkedBooter.execute(ForkedBooter.java:138) [surefire-booter-3.0.0-M4.jar:3.0.0-M4]
	at org.apache.maven.surefire.booter.ForkedBooter.run(ForkedBooter.java:465) [surefire-booter-3.0.0-M4.jar:3.0.0-M4]
	at org.apache.maven.surefire.booter.ForkedBooter.main(ForkedBooter.java:451) [surefire-booter-3.0.0-M4.jar:3.0.0-M4]
2024-04-24T01:09:06,413 ERROR [main] parse.MergeSemanticAnalyzer: CBO failed due to missing column stats (see previous errors), skipping CBO
2024-04-24T01:09:06,413  INFO [main] parse.MergeSemanticAnalyzer: Ending caching scope for: alex_20240424010902_c4da4001-fa58-4644-9101-d67df3f0b1c6
FAILED: NoMatchingMethodException No matching method for class org.apache.hadoop.hive.ql.udf.UDFToInteger with (struct<writeid:bigint,bucketid:int,rowid:bigint>). Possible choices: _FUNC_(bigint)  _FUNC_(boolean)  _FUNC_(decimal(38,18))  _FUNC_(double)  _FUNC_(float)  _FUNC_(smallint)  _FUNC_(string)  _FUNC_(struct<rowid:bigint,writeid:bigint,bucketid:int>)  _FUNC_(timestamp)  _FUNC_(tinyint)  _FUNC_(void)  
2024-04-24T01:09:06,414 ERROR [main] ql.Driver: FAILED: NoMatchingMethodException No matching method for class org.apache.hadoop.hive.ql.udf.UDFToInteger with (struct<writeid:bigint,bucketid:int,rowid:bigint>). Possible choices: _FUNC_(bigint)  _FUNC_(boolean)  _FUNC_(decimal(38,18))  _FUNC_(double)  _FUNC_(float)  _FUNC_(smallint)  _FUNC_(string)  _FUNC_(struct<rowid:bigint,writeid:bigint,bucketid:int>)  _FUNC_(timestamp)  _FUNC_(tinyint)  _FUNC_(void)  
org.apache.hadoop.hive.ql.exec.NoMatchingMethodException: No matching method for class org.apache.hadoop.hive.ql.udf.UDFToInteger with (struct<writeid:bigint,bucketid:int,rowid:bigint>). Possible choices: _FUNC_(bigint)  _FUNC_(boolean)  _FUNC_(decimal(38,18))  _FUNC_(double)  _FUNC_(float)  _FUNC_(smallint)  _FUNC_(string)  _FUNC_(struct<rowid:bigint,writeid:bigint,bucketid:int>)  _FUNC_(timestamp)  _FUNC_(tinyint)  _FUNC_(void)  
	at org.apache.hadoop.hive.ql.exec.MethodUtils.getMethodInternal(MethodUtils.java:130)
	at org.apache.hadoop.hive.ql.exec.MethodUtils.getMethodInternal(MethodUtils.java:60)
	at org.apache.hadoop.hive.ql.exec.DefaultUDFMethodResolver.getEvalMethod(DefaultUDFMethodResolver.java:59)
	at org.apache.hadoop.hive.ql.udf.TimestampCastRestrictorResolver.getEvalMethod(TimestampCastRestrictorResolver.java:68)
	at org.apache.hadoop.hive.ql.udf.generic.GenericUDFBridge.initialize(GenericUDFBridge.java:168)
	at org.apache.hadoop.hive.ql.udf.generic.GenericUDF.initializeAndFoldConstants(GenericUDF.java:149)
	at org.apache.hadoop.hive.ql.plan.ExprNodeGenericFuncDesc.newInstance(ExprNodeGenericFuncDesc.java:235)
	at org.apache.hadoop.hive.ql.parse.type.ExprNodeDescExprFactory.createFuncCallExpr(ExprNodeDescExprFactory.java:584)
	at org.apache.hadoop.hive.ql.parse.type.ExprNodeDescExprFactory.createFuncCallExpr(ExprNodeDescExprFactory.java:97)
	at org.apache.hadoop.hive.ql.parse.type.TypeCheckProcFactory$DefaultExprProcessor.getFuncExprNodeDescWithUdfData(TypeCheckProcFactory.java:762)
	at org.apache.hadoop.hive.ql.parse.type.TypeCheckProcFactory$DefaultExprProcessor.createConversionCast(TypeCheckProcFactory.java:783)
	at org.apache.hadoop.hive.ql.parse.SemanticAnalyzer.getPartitionColsFromBucketColsForUpdateDelete(SemanticAnalyzer.java:8725)
	at org.apache.hadoop.hive.ql.parse.SemanticAnalyzer.genBucketingSortingDest(SemanticAnalyzer.java:6906)
	at org.apache.hadoop.hive.ql.parse.SemanticAnalyzer.genFileSinkPlan(SemanticAnalyzer.java:7335)
	at org.apache.hadoop.hive.ql.parse.SemanticAnalyzer.genPostGroupByBodyPlan(SemanticAnalyzer.java:11063)
	at org.apache.hadoop.hive.ql.parse.SemanticAnalyzer.genBodyPlan(SemanticAnalyzer.java:10938)
	at org.apache.hadoop.hive.ql.parse.SemanticAnalyzer.genPlan(SemanticAnalyzer.java:11853)
	at org.apache.hadoop.hive.ql.parse.SemanticAnalyzer.genPlan(SemanticAnalyzer.java:11723)
	at org.apache.hadoop.hive.ql.parse.CalcitePlanner.genOPTree(CalcitePlanner.java:626)
	at org.apache.hadoop.hive.ql.parse.SemanticAnalyzer.analyzeInternal(SemanticAnalyzer.java:12558)
	at org.apache.hadoop.hive.ql.parse.CalcitePlanner.analyzeInternal(CalcitePlanner.java:456)
	at org.apache.hadoop.hive.ql.parse.RewriteSemanticAnalyzer.analyzeInternal(RewriteSemanticAnalyzer.java:67)
	at org.apache.hadoop.hive.ql.parse.BaseSemanticAnalyzer.analyze(BaseSemanticAnalyzer.java:317)
	at org.apache.hadoop.hive.ql.parse.MergeSemanticAnalyzer.analyzeMerge(MergeSemanticAnalyzer.java:317)
	at org.apache.hadoop.hive.ql.parse.MergeSemanticAnalyzer.analyze(MergeSemanticAnalyzer.java:63)
	at org.apache.hadoop.hive.ql.parse.RewriteSemanticAnalyzer.analyzeInternal(RewriteSemanticAnalyzer.java:72)
	at org.apache.hadoop.hive.ql.parse.BaseSemanticAnalyzer.analyze(BaseSemanticAnalyzer.java:317)
	at org.apache.hadoop.hive.ql.Compiler.analyze(Compiler.java:223)
	at org.apache.hadoop.hive.ql.Compiler.compile(Compiler.java:105)
	at org.apache.hadoop.hive.ql.Driver.compile(Driver.java:500)
	at org.apache.hadoop.hive.ql.Driver.compileInternal(Driver.java:453)
	at org.apache.hadoop.hive.ql.Driver.runInternal(Driver.java:181)
	at org.apache.hadoop.hive.ql.Driver.run(Driver.java:153)
	at org.apache.hadoop.hive.ql.Driver.run(Driver.java:140)
	at org.apache.hadoop.hive.ql.TxnCommandsBaseForTests.runStatementOnDriver(TxnCommandsBaseForTests.java:245)
	at org.apache.hadoop.hive.ql.TestTxnCommands.testMergeUpdateDeleteNoCardCheck(TestTxnCommands.java:1264)
	at sun.reflect.NativeMethodAccessorImpl.invoke0(Native Method)
	at sun.reflect.NativeMethodAccessorImpl.invoke(NativeMethodAccessorImpl.java:62)
	at sun.reflect.DelegatingMethodAccessorImpl.invoke(DelegatingMethodAccessorImpl.java:43)
	at java.lang.reflect.Method.invoke(Method.java:498)
	at org.junit.runners.model.FrameworkMethod$1.runReflectiveCall(FrameworkMethod.java:59)
	at org.junit.internal.runners.model.ReflectiveCallable.run(ReflectiveCallable.java:12)
	at org.junit.runners.model.FrameworkMethod.invokeExplosively(FrameworkMethod.java:56)
	at org.junit.internal.runners.statements.InvokeMethod.evaluate(InvokeMethod.java:17)
	at org.junit.internal.runners.statements.RunBefores.evaluate(RunBefores.java:26)
	at org.junit.internal.runners.statements.RunAfters.evaluate(RunAfters.java:27)
	at org.junit.rules.TestWatcher$1.evaluate(TestWatcher.java:61)
	at org.junit.runners.ParentRunner$3.evaluate(ParentRunner.java:306)
	at org.junit.runners.BlockJUnit4ClassRunner$1.evaluate(BlockJUnit4ClassRunner.java:100)
	at org.junit.runners.ParentRunner.runLeaf(ParentRunner.java:366)
	at org.junit.runners.BlockJUnit4ClassRunner.runChild(BlockJUnit4ClassRunner.java:103)
	at org.junit.runners.BlockJUnit4ClassRunner.runChild(BlockJUnit4ClassRunner.java:63)
	at org.junit.runners.ParentRunner$4.run(ParentRunner.java:331)
	at org.junit.runners.ParentRunner$1.schedule(ParentRunner.java:79)
	at org.junit.runners.ParentRunner.runChildren(ParentRunner.java:329)
	at org.junit.runners.ParentRunner.access$100(ParentRunner.java:66)
	at org.junit.runners.ParentRunner$2.evaluate(ParentRunner.java:293)
	at org.junit.runners.ParentRunner$3.evaluate(ParentRunner.java:306)
	at org.junit.runners.ParentRunner.run(ParentRunner.java:413)
	at org.junit.runner.JUnitCore.run(JUnitCore.java:137)
	at org.junit.runner.JUnitCore.run(JUnitCore.java:115)
	at org.junit.vintage.engine.execution.RunnerExecutor.execute(RunnerExecutor.java:43)
	at java.util.stream.ForEachOps$ForEachOp$OfRef.accept(ForEachOps.java:183)
	at java.util.stream.ReferencePipeline$3$1.accept(ReferencePipeline.java:193)
	at java.util.Iterator.forEachRemaining(Iterator.java:116)
	at java.util.Spliterators$IteratorSpliterator.forEachRemaining(Spliterators.java:1801)
	at java.util.stream.AbstractPipeline.copyInto(AbstractPipeline.java:482)
	at java.util.stream.AbstractPipeline.wrapAndCopyInto(AbstractPipeline.java:472)
	at java.util.stream.ForEachOps$ForEachOp.evaluateSequential(ForEachOps.java:150)
	at java.util.stream.ForEachOps$ForEachOp$OfRef.evaluateSequential(ForEachOps.java:173)
	at java.util.stream.AbstractPipeline.evaluate(AbstractPipeline.java:234)
	at java.util.stream.ReferencePipeline.forEach(ReferencePipeline.java:485)
	at org.junit.vintage.engine.VintageTestEngine.executeAllChildren(VintageTestEngine.java:82)
	at org.junit.vintage.engine.VintageTestEngine.execute(VintageTestEngine.java:73)
	at org.junit.platform.launcher.core.DefaultLauncher.execute(DefaultLauncher.java:248)
	at org.junit.platform.launcher.core.DefaultLauncher.lambda$execute$5(DefaultLauncher.java:211)
	at org.junit.platform.launcher.core.DefaultLauncher.withInterceptedStreams(DefaultLauncher.java:226)
	at org.junit.platform.launcher.core.DefaultLauncher.execute(DefaultLauncher.java:199)
	at org.junit.platform.launcher.core.DefaultLauncher.execute(DefaultLauncher.java:132)
	at org.apache.maven.surefire.junitplatform.JUnitPlatformProvider.invokeAllTests(JUnitPlatformProvider.java:154)
	at org.apache.maven.surefire.junitplatform.JUnitPlatformProvider.invoke(JUnitPlatformProvider.java:123)
	at org.apache.maven.surefire.booter.ForkedBooter.runSuitesInProcess(ForkedBooter.java:377)
	at org.apache.maven.surefire.booter.ForkedBooter.execute(ForkedBooter.java:138)
	at org.apache.maven.surefire.booter.ForkedBooter.run(ForkedBooter.java:465)
	at org.apache.maven.surefire.booter.ForkedBooter.main(ForkedBooter.java:451)

2024-04-24T01:09:06,414  INFO [main] metadata.Hive: Dumping metastore api call timing information for : compilation phase
2024-04-24T01:09:06,414  INFO [main] metadata.Hive: Total time spent in each metastore function (ms): {getTable_(GetTableRequest)=23, commitTxn_(CommitTxnRequest)=11, openTxn_(String, TxnType)=2, getTableColumnStatistics_(String, String, List, String)=68, getValidWriteIds_(List, String)=3, getAllTableConstraints_(AllTableConstraintsRequest)=13, getValidTxns_(long)=1, flushCache_()=0, isCompatibleWith_(Configuration)=1}
2024-04-24T01:09:06,415  INFO [main] ql.Driver: Completed compiling command(queryId=alex_20240424010902_c4da4001-fa58-4644-9101-d67df3f0b1c6); Time taken: 0.399 seconds
2024-04-24T01:09:06,415  INFO [main] lockmgr.DbTxnManager: Stopped heartbeat for query: alex_20240424010902_c4da4001-fa58-4644-9101-d67df3f0b1c6
2024-04-24T01:09:06,418  INFO [main] txn.TxnHandler: Removed transactions: ([15]) from MIN_HISTORY_LEVEL
2024-04-24T01:09:06,424  INFO [main] ql.TxnCommandsBaseForTests: Running the query: drop table if exists acidTbl
2024-04-24T01:09:06,424  INFO [main] ql.Context: Deleting scratch dir: file:/home/alex/Repositories/hive/ql/target/tmp/localscratchdir/6a295013-453e-4d92-a78e-65896b88df8c/hive_2024-04-24_01-09-06_026_6521324288138698129-1
2024-04-24T01:09:06,424  INFO [main] ql.Driver: Compiling command(queryId=alex_20240424010902_c4da4001-fa58-4644-9101-d67df3f0b1c6): drop table if exists acidTbl
2024-04-24T01:09:06,426  INFO [main] txn.TxnHandler: Added entries to MIN_HISTORY_LEVEL for current txns: ([16]) with min_open_txn: 15
2024-04-24T01:09:06,427  INFO [main] lockmgr.DbTxnManager: Opened txnid:16
2024-04-24T01:09:06,427  INFO [main] HiveMetaStore.audit: ugi=alex	ip=unknown-ip-addr	cmd=get_table : tbl=hive.default.acidTbl	
2024-04-24T01:09:06,433  INFO [main] metastore.HMSHandler: Skipping translation for processor with null
2024-04-24T01:09:06,434  INFO [main] ql.Driver: Semantic Analysis Completed (retrial = false)
2024-04-24T01:09:06,434  INFO [main] ql.Driver: Created Hive schema: Schema(fieldSchemas:null, properties:null)
2024-04-24T01:09:06,434  INFO [main] metadata.Hive: Dumping metastore api call timing information for : compilation phase
2024-04-24T01:09:06,434  INFO [main] metadata.Hive: Total time spent in each metastore function (ms): {rollbackTxn_(long)=9, getTable_(GetTableRequest)=7, flushCache_()=0, getValidTxns_(long)=0, isCompatibleWith_(Configuration)=0, openTxn_(String, TxnType)=2}
2024-04-24T01:09:06,434  INFO [main] ql.Driver: Completed compiling command(queryId=alex_20240424010902_c4da4001-fa58-4644-9101-d67df3f0b1c6); Time taken: 0.01 seconds
2024-04-24T01:09:06,434  INFO [main] lockmgr.DbTxnManager: Setting lock request transaction to txnid:16 for queryId=alex_20240424010902_c4da4001-fa58-4644-9101-d67df3f0b1c6
2024-04-24T01:09:06,435  INFO [main] lockmgr.DbLockManager: Requesting lock for queryId=alex_20240424010902_c4da4001-fa58-4644-9101-d67df3f0b1c6
2024-04-24T01:09:06,449  INFO [main] lockmgr.DbLockManager: Response to queryId=alex_20240424010902_c4da4001-fa58-4644-9101-d67df3f0b1c6 LockResponse(lockid:9, state:ACQUIRED)
2024-04-24T01:09:06,449  INFO [main] ql.Driver: Operation DROPTABLE obtained 1 locks
2024-04-24T01:09:06,449  INFO [main] ql.Driver: Executing command(queryId=alex_20240424010902_c4da4001-fa58-4644-9101-d67df3f0b1c6): drop table if exists acidTbl
2024-04-24T01:09:06,449  INFO [main] ql.Driver: Starting task [Stage-0:DDL] in serial mode
2024-04-24T01:09:06,449  INFO [main] HiveMetaStore.audit: ugi=alex	ip=unknown-ip-addr	cmd=get_table : tbl=hive.default.acidTbl	
2024-04-24T01:09:06,455  INFO [main] metastore.HMSHandler: Skipping translation for processor with null
2024-04-24T01:09:06,455  INFO [main] HiveMetaStore.audit: ugi=alex	ip=unknown-ip-addr	cmd=get_table : tbl=hive.default.acidTbl	
2024-04-24T01:09:06,461  INFO [main] metastore.HMSHandler: Skipping translation for processor with null
2024-04-24T01:09:06,462  INFO [main] HiveMetaStore.audit: ugi=alex	ip=unknown-ip-addr	cmd=drop_table : tbl=hive.default.acidTbl	
2024-04-24T01:09:06,564  INFO [main] metadata.Hive: Dumping metastore api call timing information for : execution phase
2024-04-24T01:09:06,565  INFO [main] metadata.Hive: Total time spent in each metastore function (ms): {dropTable_(String, String, boolean, boolean, boolean)=109, isCompatibleWith_(Configuration)=0, getTable_(GetTableRequest)=6}
2024-04-24T01:09:06,565  INFO [main] ql.Driver: Completed executing command(queryId=alex_20240424010902_c4da4001-fa58-4644-9101-d67df3f0b1c6); Time taken: 0.115 seconds
2024-04-24T01:09:06,565  INFO [main] lockmgr.DbTxnManager: Stopped heartbeat for query: alex_20240424010902_c4da4001-fa58-4644-9101-d67df3f0b1c6
2024-04-24T01:09:06,570  INFO [main] txn.TxnHandler: Expected to move at least one record from txn_components to completed_txn_components when committing txn! txnid:16
2024-04-24T01:09:06,578  INFO [main] txn.TxnHandler: Removed transactions: ([16]) from MIN_HISTORY_LEVEL
2024-04-24T01:09:06,580  WARN [main] txn.CompactionTxnHandler: No compaction queue record found for Compaction type transaction commit. txnId:16
2024-04-24T01:09:06,581  INFO [main] ql.TxnCommandsBaseForTests: Running the query: drop table if exists acidTblPart
2024-04-24T01:09:06,582  INFO [main] ql.Driver: Compiling command(queryId=alex_20240424010902_c4da4001-fa58-4644-9101-d67df3f0b1c6): drop table if exists acidTblPart
2024-04-24T01:09:06,594  INFO [main] txn.TxnHandler: Added entries to MIN_HISTORY_LEVEL for current txns: ([17]) with min_open_txn: 15
2024-04-24T01:09:06,594  INFO [main] lockmgr.DbTxnManager: Opened txnid:17
2024-04-24T01:09:06,597  INFO [main] HiveMetaStore.audit: ugi=alex	ip=unknown-ip-addr	cmd=get_table : tbl=hive.default.acidTblPart	
2024-04-24T01:09:06,609  INFO [main] metastore.HMSHandler: Skipping translation for processor with null
2024-04-24T01:09:06,609  INFO [main] ql.Driver: Semantic Analysis Completed (retrial = false)
2024-04-24T01:09:06,609  INFO [main] ql.Driver: Created Hive schema: Schema(fieldSchemas:null, properties:null)
2024-04-24T01:09:06,609  INFO [main] metadata.Hive: Dumping metastore api call timing information for : compilation phase
2024-04-24T01:09:06,610  INFO [main] metadata.Hive: Total time spent in each metastore function (ms): {getValidTxns_(long)=3, openTxn_(String, TxnType)=12, flushCache_()=0, isCompatibleWith_(Configuration)=0, getTable_(GetTableRequest)=12, commitTxn_(CommitTxnRequest)=16}
2024-04-24T01:09:06,610  INFO [main] ql.Driver: Completed compiling command(queryId=alex_20240424010902_c4da4001-fa58-4644-9101-d67df3f0b1c6); Time taken: 0.027 seconds
2024-04-24T01:09:06,610  INFO [main] lockmgr.DbTxnManager: Setting lock request transaction to txnid:17 for queryId=alex_20240424010902_c4da4001-fa58-4644-9101-d67df3f0b1c6
2024-04-24T01:09:06,610  INFO [main] lockmgr.DbLockManager: Requesting lock for queryId=alex_20240424010902_c4da4001-fa58-4644-9101-d67df3f0b1c6
2024-04-24T01:09:06,629  INFO [main] lockmgr.DbLockManager: Response to queryId=alex_20240424010902_c4da4001-fa58-4644-9101-d67df3f0b1c6 LockResponse(lockid:10, state:ACQUIRED)
2024-04-24T01:09:06,630  INFO [main] ql.Driver: Operation DROPTABLE obtained 1 locks
2024-04-24T01:09:06,630  INFO [main] ql.Driver: Executing command(queryId=alex_20240424010902_c4da4001-fa58-4644-9101-d67df3f0b1c6): drop table if exists acidTblPart
2024-04-24T01:09:06,630  INFO [main] ql.Driver: Starting task [Stage-0:DDL] in serial mode
2024-04-24T01:09:06,630  INFO [main] HiveMetaStore.audit: ugi=alex	ip=unknown-ip-addr	cmd=get_table : tbl=hive.default.acidTblPart	
2024-04-24T01:09:06,637  INFO [main] metastore.HMSHandler: Skipping translation for processor with null
2024-04-24T01:09:06,637  INFO [main] HiveMetaStore.audit: ugi=alex	ip=unknown-ip-addr	cmd=get_table : tbl=hive.default.acidTblPart	
2024-04-24T01:09:06,644  INFO [main] metastore.HMSHandler: Skipping translation for processor with null
2024-04-24T01:09:06,644  INFO [main] HiveMetaStore.audit: ugi=alex	ip=unknown-ip-addr	cmd=drop_table : tbl=hive.default.acidTblPart	
2024-04-24T01:09:06,687  INFO [main] metadata.Hive: Dumping metastore api call timing information for : execution phase
2024-04-24T01:09:06,688  INFO [main] metadata.Hive: Total time spent in each metastore function (ms): {getTable_(GetTableRequest)=7, dropTable_(String, String, boolean, boolean, boolean)=50, isCompatibleWith_(Configuration)=0}
2024-04-24T01:09:06,688  INFO [main] ql.Driver: Completed executing command(queryId=alex_20240424010902_c4da4001-fa58-4644-9101-d67df3f0b1c6); Time taken: 0.057 seconds
2024-04-24T01:09:06,688  INFO [main] lockmgr.DbTxnManager: Stopped heartbeat for query: alex_20240424010902_c4da4001-fa58-4644-9101-d67df3f0b1c6
2024-04-24T01:09:06,692  INFO [main] txn.TxnHandler: Expected to move at least one record from txn_components to completed_txn_components when committing txn! txnid:17
2024-04-24T01:09:06,699  INFO [main] txn.TxnHandler: Removed transactions: ([17]) from MIN_HISTORY_LEVEL
2024-04-24T01:09:06,699  WARN [main] txn.CompactionTxnHandler: No compaction queue record found for Compaction type transaction commit. txnId:17
2024-04-24T01:09:06,700  INFO [main] ql.TxnCommandsBaseForTests: Running the query: drop table if exists acidTbl2
2024-04-24T01:09:06,700  INFO [main] ql.Driver: Compiling command(queryId=alex_20240424010902_c4da4001-fa58-4644-9101-d67df3f0b1c6): drop table if exists acidTbl2
2024-04-24T01:09:06,702  INFO [main] txn.TxnHandler: Added entries to MIN_HISTORY_LEVEL for current txns: ([18]) with min_open_txn: 15
2024-04-24T01:09:06,702  INFO [main] lockmgr.DbTxnManager: Opened txnid:18
2024-04-24T01:09:06,703  INFO [main] ql.Driver: Semantic Analysis Completed (retrial = false)
2024-04-24T01:09:06,703  INFO [main] ql.Driver: Created Hive schema: Schema(fieldSchemas:null, properties:null)
2024-04-24T01:09:06,703  INFO [main] metadata.Hive: Dumping metastore api call timing information for : compilation phase
2024-04-24T01:09:06,703  INFO [main] metadata.Hive: Total time spent in each metastore function (ms): {flushCache_()=0, isCompatibleWith_(Configuration)=1, getTable_(GetTableRequest)=0, openTxn_(String, TxnType)=2, getValidTxns_(long)=0, commitTxn_(CommitTxnRequest)=11}
2024-04-24T01:09:06,704  INFO [main] ql.Driver: Completed compiling command(queryId=alex_20240424010902_c4da4001-fa58-4644-9101-d67df3f0b1c6); Time taken: 0.003 seconds
2024-04-24T01:09:06,704  INFO [main] lockmgr.DbTxnManager: Setting lock request transaction to txnid:18 for queryId=alex_20240424010902_c4da4001-fa58-4644-9101-d67df3f0b1c6
2024-04-24T01:09:06,704  INFO [main] ql.Driver: Operation DROPTABLE obtained 0 locks
2024-04-24T01:09:06,704  INFO [main] ql.Driver: Executing command(queryId=alex_20240424010902_c4da4001-fa58-4644-9101-d67df3f0b1c6): drop table if exists acidTbl2
2024-04-24T01:09:06,704  INFO [main] ql.Driver: Starting task [Stage-0:DDL] in serial mode
2024-04-24T01:09:06,705  INFO [main] metadata.SessionHiveMetaStoreClient: Column stats doesn't exist for db=default temp table=acidTbl2
2024-04-24T01:09:06,705  INFO [main] metadata.Hive: Dumping metastore api call timing information for : execution phase
2024-04-24T01:09:06,705  INFO [main] metadata.Hive: Total time spent in each metastore function (ms): {isCompatibleWith_(Configuration)=0, getTable_(GetTableRequest)=0, dropTable_(String, String, boolean, boolean, boolean)=0}
2024-04-24T01:09:06,706  INFO [main] ql.Driver: Completed executing command(queryId=alex_20240424010902_c4da4001-fa58-4644-9101-d67df3f0b1c6); Time taken: 0.001 seconds
2024-04-24T01:09:06,706  INFO [main] lockmgr.DbTxnManager: Stopped heartbeat for query: alex_20240424010902_c4da4001-fa58-4644-9101-d67df3f0b1c6
2024-04-24T01:09:06,711  INFO [main] txn.TxnHandler: Expected to move at least one record from txn_components to completed_txn_components when committing txn! txnid:18
2024-04-24T01:09:06,718  INFO [main] txn.TxnHandler: Removed transactions: ([18]) from MIN_HISTORY_LEVEL
2024-04-24T01:09:06,718  WARN [main] txn.CompactionTxnHandler: No compaction queue record found for Compaction type transaction commit. txnId:18
2024-04-24T01:09:06,718  INFO [main] ql.TxnCommandsBaseForTests: Running the query: drop table if exists nonAcidOrcTbl
2024-04-24T01:09:06,719  INFO [main] ql.Driver: Compiling command(queryId=alex_20240424010902_c4da4001-fa58-4644-9101-d67df3f0b1c6): drop table if exists nonAcidOrcTbl
2024-04-24T01:09:06,721  INFO [main] txn.TxnHandler: Added entries to MIN_HISTORY_LEVEL for current txns: ([19]) with min_open_txn: 15
2024-04-24T01:09:06,721  INFO [main] lockmgr.DbTxnManager: Opened txnid:19
2024-04-24T01:09:06,722  INFO [main] HiveMetaStore.audit: ugi=alex	ip=unknown-ip-addr	cmd=get_table : tbl=hive.default.nonAcidOrcTbl	
2024-04-24T01:09:06,743  INFO [main] metastore.HMSHandler: Skipping translation for processor with null
2024-04-24T01:09:06,743  INFO [main] ql.Driver: Semantic Analysis Completed (retrial = false)
2024-04-24T01:09:06,743  INFO [main] ql.Driver: Created Hive schema: Schema(fieldSchemas:null, properties:null)
2024-04-24T01:09:06,743  INFO [main] metadata.Hive: Dumping metastore api call timing information for : compilation phase
2024-04-24T01:09:06,743  INFO [main] metadata.Hive: Total time spent in each metastore function (ms): {isCompatibleWith_(Configuration)=0, openTxn_(String, TxnType)=2, flushCache_()=0, commitTxn_(CommitTxnRequest)=12, getValidTxns_(long)=0, getTable_(GetTableRequest)=21}
2024-04-24T01:09:06,744  INFO [main] ql.Driver: Completed compiling command(queryId=alex_20240424010902_c4da4001-fa58-4644-9101-d67df3f0b1c6); Time taken: 0.024 seconds
2024-04-24T01:09:06,744  INFO [main] lockmgr.DbTxnManager: Setting lock request transaction to txnid:19 for queryId=alex_20240424010902_c4da4001-fa58-4644-9101-d67df3f0b1c6
2024-04-24T01:09:06,745  INFO [main] lockmgr.DbLockManager: Requesting lock for queryId=alex_20240424010902_c4da4001-fa58-4644-9101-d67df3f0b1c6
2024-04-24T01:09:06,760  INFO [main] lockmgr.DbLockManager: Response to queryId=alex_20240424010902_c4da4001-fa58-4644-9101-d67df3f0b1c6 LockResponse(lockid:11, state:ACQUIRED)
2024-04-24T01:09:06,760  INFO [main] ql.Driver: Operation DROPTABLE obtained 1 locks
2024-04-24T01:09:06,760  INFO [main] ql.Driver: Executing command(queryId=alex_20240424010902_c4da4001-fa58-4644-9101-d67df3f0b1c6): drop table if exists nonAcidOrcTbl
2024-04-24T01:09:06,760  INFO [main] ql.Driver: Starting task [Stage-0:DDL] in serial mode
2024-04-24T01:09:06,760  INFO [main] HiveMetaStore.audit: ugi=alex	ip=unknown-ip-addr	cmd=get_table : tbl=hive.default.nonAcidOrcTbl	
2024-04-24T01:09:06,778  INFO [main] metastore.HMSHandler: Skipping translation for processor with null
2024-04-24T01:09:06,778  INFO [main] HiveMetaStore.audit: ugi=alex	ip=unknown-ip-addr	cmd=get_table : tbl=hive.default.nonAcidOrcTbl	
2024-04-24T01:09:06,787  INFO [main] metastore.HMSHandler: Skipping translation for processor with null
2024-04-24T01:09:06,788  INFO [main] HiveMetaStore.audit: ugi=alex	ip=unknown-ip-addr	cmd=drop_table : tbl=hive.default.nonAcidOrcTbl	
2024-04-24T01:09:06,852  INFO [main] metadata.Hive: Dumping metastore api call timing information for : execution phase
2024-04-24T01:09:06,852  INFO [main] metadata.Hive: Total time spent in each metastore function (ms): {isCompatibleWith_(Configuration)=0, getTable_(GetTableRequest)=18, dropTable_(String, String, boolean, boolean, boolean)=74}
2024-04-24T01:09:06,852  INFO [main] ql.Driver: Completed executing command(queryId=alex_20240424010902_c4da4001-fa58-4644-9101-d67df3f0b1c6); Time taken: 0.092 seconds
2024-04-24T01:09:06,852  INFO [main] lockmgr.DbTxnManager: Stopped heartbeat for query: alex_20240424010902_c4da4001-fa58-4644-9101-d67df3f0b1c6
2024-04-24T01:09:06,856  INFO [main] txn.TxnHandler: Expected to move at least one record from txn_components to completed_txn_components when committing txn! txnid:19
2024-04-24T01:09:06,862  INFO [main] txn.TxnHandler: Removed transactions: ([19]) from MIN_HISTORY_LEVEL
2024-04-24T01:09:06,862  WARN [main] txn.CompactionTxnHandler: No compaction queue record found for Compaction type transaction commit. txnId:19
2024-04-24T01:09:06,863  INFO [main] ql.TxnCommandsBaseForTests: Running the query: drop table if exists nonAcidOrcTbl2
2024-04-24T01:09:06,863  INFO [main] ql.Driver: Compiling command(queryId=alex_20240424010902_c4da4001-fa58-4644-9101-d67df3f0b1c6): drop table if exists nonAcidOrcTbl2
2024-04-24T01:09:06,865  INFO [main] txn.TxnHandler: Added entries to MIN_HISTORY_LEVEL for current txns: ([20]) with min_open_txn: 15
2024-04-24T01:09:06,866  INFO [main] lockmgr.DbTxnManager: Opened txnid:20
2024-04-24T01:09:06,866  INFO [main] HiveMetaStore.audit: ugi=alex	ip=unknown-ip-addr	cmd=get_table : tbl=hive.default.nonAcidOrcTbl2	
2024-04-24T01:09:06,875  INFO [main] metastore.HMSHandler: Skipping translation for processor with null
2024-04-24T01:09:06,875  INFO [main] ql.Driver: Semantic Analysis Completed (retrial = false)
2024-04-24T01:09:06,875  INFO [main] ql.Driver: Created Hive schema: Schema(fieldSchemas:null, properties:null)
2024-04-24T01:09:06,875  INFO [main] metadata.Hive: Dumping metastore api call timing information for : compilation phase
2024-04-24T01:09:06,875  INFO [main] metadata.Hive: Total time spent in each metastore function (ms): {flushCache_()=0, isCompatibleWith_(Configuration)=1, getValidTxns_(long)=0, commitTxn_(CommitTxnRequest)=11, openTxn_(String, TxnType)=2, getTable_(GetTableRequest)=9}
2024-04-24T01:09:06,876  INFO [main] ql.Driver: Completed compiling command(queryId=alex_20240424010902_c4da4001-fa58-4644-9101-d67df3f0b1c6); Time taken: 0.012 seconds
2024-04-24T01:09:06,876  INFO [main] lockmgr.DbTxnManager: Setting lock request transaction to txnid:20 for queryId=alex_20240424010902_c4da4001-fa58-4644-9101-d67df3f0b1c6
2024-04-24T01:09:06,877  INFO [main] lockmgr.DbLockManager: Requesting lock for queryId=alex_20240424010902_c4da4001-fa58-4644-9101-d67df3f0b1c6
2024-04-24T01:09:06,892  INFO [main] lockmgr.DbLockManager: Response to queryId=alex_20240424010902_c4da4001-fa58-4644-9101-d67df3f0b1c6 LockResponse(lockid:12, state:ACQUIRED)
2024-04-24T01:09:06,892  INFO [main] ql.Driver: Operation DROPTABLE obtained 1 locks
2024-04-24T01:09:06,892  INFO [main] ql.Driver: Executing command(queryId=alex_20240424010902_c4da4001-fa58-4644-9101-d67df3f0b1c6): drop table if exists nonAcidOrcTbl2
2024-04-24T01:09:06,893  INFO [main] ql.Driver: Starting task [Stage-0:DDL] in serial mode
2024-04-24T01:09:06,893  INFO [main] HiveMetaStore.audit: ugi=alex	ip=unknown-ip-addr	cmd=get_table : tbl=hive.default.nonAcidOrcTbl2	
2024-04-24T01:09:06,901  INFO [main] metastore.HMSHandler: Skipping translation for processor with null
2024-04-24T01:09:06,902  INFO [main] HiveMetaStore.audit: ugi=alex	ip=unknown-ip-addr	cmd=get_table : tbl=hive.default.nonAcidOrcTbl2	
2024-04-24T01:09:06,910  INFO [main] metastore.HMSHandler: Skipping translation for processor with null
2024-04-24T01:09:06,910  INFO [main] HiveMetaStore.audit: ugi=alex	ip=unknown-ip-addr	cmd=drop_table : tbl=hive.default.nonAcidOrcTbl2	
2024-04-24T01:09:06,941  INFO [main] metadata.Hive: Dumping metastore api call timing information for : execution phase
2024-04-24T01:09:06,941  INFO [main] metadata.Hive: Total time spent in each metastore function (ms): {dropTable_(String, String, boolean, boolean, boolean)=40, isCompatibleWith_(Configuration)=0, getTable_(GetTableRequest)=8}
2024-04-24T01:09:06,941  INFO [main] ql.Driver: Completed executing command(queryId=alex_20240424010902_c4da4001-fa58-4644-9101-d67df3f0b1c6); Time taken: 0.049 seconds
2024-04-24T01:09:06,941  INFO [main] lockmgr.DbTxnManager: Stopped heartbeat for query: alex_20240424010902_c4da4001-fa58-4644-9101-d67df3f0b1c6
2024-04-24T01:09:06,945  INFO [main] txn.TxnHandler: Expected to move at least one record from txn_components to completed_txn_components when committing txn! txnid:20
2024-04-24T01:09:06,952  INFO [main] txn.TxnHandler: Removed transactions: ([20]) from MIN_HISTORY_LEVEL
2024-04-24T01:09:06,952  WARN [main] txn.CompactionTxnHandler: No compaction queue record found for Compaction type transaction commit. txnId:20
2024-04-24T01:09:06,952  INFO [main] ql.TxnCommandsBaseForTests: Running the query: drop table if exists nonAcidNonBucket
2024-04-24T01:09:06,953  INFO [main] ql.Driver: Compiling command(queryId=alex_20240424010902_c4da4001-fa58-4644-9101-d67df3f0b1c6): drop table if exists nonAcidNonBucket
2024-04-24T01:09:06,955  INFO [main] txn.TxnHandler: Added entries to MIN_HISTORY_LEVEL for current txns: ([21]) with min_open_txn: 15
2024-04-24T01:09:06,956  INFO [main] lockmgr.DbTxnManager: Opened txnid:21
2024-04-24T01:09:06,956  INFO [main] HiveMetaStore.audit: ugi=alex	ip=unknown-ip-addr	cmd=get_table : tbl=hive.default.nonAcidNonBucket	
2024-04-24T01:09:06,965  INFO [main] metastore.HMSHandler: Skipping translation for processor with null
2024-04-24T01:09:06,965  INFO [main] ql.Driver: Semantic Analysis Completed (retrial = false)
2024-04-24T01:09:06,965  INFO [main] ql.Driver: Created Hive schema: Schema(fieldSchemas:null, properties:null)
2024-04-24T01:09:06,966  INFO [main] metadata.Hive: Dumping metastore api call timing information for : compilation phase
2024-04-24T01:09:06,966  INFO [main] metadata.Hive: Total time spent in each metastore function (ms): {openTxn_(String, TxnType)=3, commitTxn_(CommitTxnRequest)=10, getTable_(GetTableRequest)=9, isCompatibleWith_(Configuration)=0, flushCache_()=0, getValidTxns_(long)=0}
2024-04-24T01:09:06,966  INFO [main] ql.Driver: Completed compiling command(queryId=alex_20240424010902_c4da4001-fa58-4644-9101-d67df3f0b1c6); Time taken: 0.012 seconds
2024-04-24T01:09:06,966  INFO [main] lockmgr.DbTxnManager: Setting lock request transaction to txnid:21 for queryId=alex_20240424010902_c4da4001-fa58-4644-9101-d67df3f0b1c6
2024-04-24T01:09:06,967  INFO [main] lockmgr.DbLockManager: Requesting lock for queryId=alex_20240424010902_c4da4001-fa58-4644-9101-d67df3f0b1c6
2024-04-24T01:09:06,982  INFO [main] lockmgr.DbLockManager: Response to queryId=alex_20240424010902_c4da4001-fa58-4644-9101-d67df3f0b1c6 LockResponse(lockid:13, state:ACQUIRED)
2024-04-24T01:09:06,982  INFO [main] ql.Driver: Operation DROPTABLE obtained 1 locks
2024-04-24T01:09:06,982  INFO [main] ql.Driver: Executing command(queryId=alex_20240424010902_c4da4001-fa58-4644-9101-d67df3f0b1c6): drop table if exists nonAcidNonBucket
2024-04-24T01:09:06,982  INFO [main] ql.Driver: Starting task [Stage-0:DDL] in serial mode
2024-04-24T01:09:06,982  INFO [main] HiveMetaStore.audit: ugi=alex	ip=unknown-ip-addr	cmd=get_table : tbl=hive.default.nonAcidNonBucket	
2024-04-24T01:09:06,991  INFO [main] metastore.HMSHandler: Skipping translation for processor with null
2024-04-24T01:09:06,991  INFO [main] HiveMetaStore.audit: ugi=alex	ip=unknown-ip-addr	cmd=get_table : tbl=hive.default.nonAcidNonBucket	
2024-04-24T01:09:07,000  INFO [main] metastore.HMSHandler: Skipping translation for processor with null
2024-04-24T01:09:07,000  INFO [main] HiveMetaStore.audit: ugi=alex	ip=unknown-ip-addr	cmd=drop_table : tbl=hive.default.nonAcidNonBucket	
2024-04-24T01:09:07,031  INFO [main] metadata.Hive: Dumping metastore api call timing information for : execution phase
2024-04-24T01:09:07,031  INFO [main] metadata.Hive: Total time spent in each metastore function (ms): {getTable_(GetTableRequest)=9, isCompatibleWith_(Configuration)=0, dropTable_(String, String, boolean, boolean, boolean)=40}
2024-04-24T01:09:07,031  INFO [main] ql.Driver: Completed executing command(queryId=alex_20240424010902_c4da4001-fa58-4644-9101-d67df3f0b1c6); Time taken: 0.049 seconds
2024-04-24T01:09:07,032  INFO [main] lockmgr.DbTxnManager: Stopped heartbeat for query: alex_20240424010902_c4da4001-fa58-4644-9101-d67df3f0b1c6
2024-04-24T01:09:07,036  INFO [main] txn.TxnHandler: Expected to move at least one record from txn_components to completed_txn_components when committing txn! txnid:21
2024-04-24T01:09:07,042  INFO [main] txn.TxnHandler: Removed transactions: ([21]) from MIN_HISTORY_LEVEL
2024-04-24T01:09:07,042  WARN [main] txn.CompactionTxnHandler: No compaction queue record found for Compaction type transaction commit. txnId:21
2024-04-24T01:09:07,043  INFO [main] utils.TestTxnDbUtil: Cleaning transactional tables
]]></system-err>
  </testcase>
  <testcase name="testNonAcidToAcidConversion01" classname="org.apache.hadoop.hive.ql.TestTxnCommandsWithSplitUpdateAndVectorization" time="15.156"/>
  <testcase name="testMoreBucketsThanReducers2" classname="org.apache.hadoop.hive.ql.TestTxnCommandsWithSplitUpdateAndVectorization" time="0">
    <skipped message="Moved to Tez"/>
  </testcase>
  <testcase name="testMergeDeleteUpdate" classname="org.apache.hadoop.hive.ql.TestTxnCommandsWithSplitUpdateAndVectorization" time="5.185">
    <error type="java.lang.RuntimeException"><![CDATA[java.lang.RuntimeException: merge into acidTbl as t using nonAcidOrcTbl s ON t.a = s.a WHEN MATCHED and s.a < 5 THEN DELETE WHEN MATCHED AND s.a < 3 THEN update set b = 0 WHEN NOT MATCHED THEN INSERT VALUES(s.a, s.b)  failed: (responseCode = 40000, errorMessage = FAILED: NoMatchingMethodException No matching method for class org.apache.hadoop.hive.ql.udf.UDFToInteger with (struct<writeid:bigint,bucketid:int,rowid:bigint>). Possible choices: _FUNC_(bigint)  _FUNC_(boolean)  _FUNC_(decimal(38,18))  _FUNC_(double)  _FUNC_(float)  _FUNC_(smallint)  _FUNC_(string)  _FUNC_(struct<rowid:bigint,writeid:bigint,bucketid:int>)  _FUNC_(timestamp)  _FUNC_(tinyint)  _FUNC_(void)  , hiveErrorCode = 40000, SQLState = 42000, exception = No matching method for class org.apache.hadoop.hive.ql.udf.UDFToInteger with (struct<writeid:bigint,bucketid:int,rowid:bigint>). Possible choices: _FUNC_(bigint)  _FUNC_(boolean)  _FUNC_(decimal(38,18))  _FUNC_(double)  _FUNC_(float)  _FUNC_(smallint)  _FUNC_(string)  _FUNC_(struct<rowid:bigint,writeid:bigint,bucketid:int>)  _FUNC_(timestamp)  _FUNC_(tinyint)  _FUNC_(void)  )
	at org.apache.hadoop.hive.ql.TxnCommandsBaseForTests.runStatementOnDriver(TxnCommandsBaseForTests.java:247)
	at org.apache.hadoop.hive.ql.TestTxnCommands.testMergeDeleteUpdate(TestTxnCommands.java:1281)
	at sun.reflect.NativeMethodAccessorImpl.invoke0(Native Method)
	at sun.reflect.NativeMethodAccessorImpl.invoke(NativeMethodAccessorImpl.java:62)
	at sun.reflect.DelegatingMethodAccessorImpl.invoke(DelegatingMethodAccessorImpl.java:43)
	at java.lang.reflect.Method.invoke(Method.java:498)
	at org.junit.runners.model.FrameworkMethod$1.runReflectiveCall(FrameworkMethod.java:59)
	at org.junit.internal.runners.model.ReflectiveCallable.run(ReflectiveCallable.java:12)
	at org.junit.runners.model.FrameworkMethod.invokeExplosively(FrameworkMethod.java:56)
	at org.junit.internal.runners.statements.InvokeMethod.evaluate(InvokeMethod.java:17)
	at org.junit.internal.runners.statements.RunBefores.evaluate(RunBefores.java:26)
	at org.junit.internal.runners.statements.RunAfters.evaluate(RunAfters.java:27)
	at org.junit.rules.TestWatcher$1.evaluate(TestWatcher.java:61)
	at org.junit.runners.ParentRunner$3.evaluate(ParentRunner.java:306)
	at org.junit.runners.BlockJUnit4ClassRunner$1.evaluate(BlockJUnit4ClassRunner.java:100)
	at org.junit.runners.ParentRunner.runLeaf(ParentRunner.java:366)
	at org.junit.runners.BlockJUnit4ClassRunner.runChild(BlockJUnit4ClassRunner.java:103)
	at org.junit.runners.BlockJUnit4ClassRunner.runChild(BlockJUnit4ClassRunner.java:63)
	at org.junit.runners.ParentRunner$4.run(ParentRunner.java:331)
	at org.junit.runners.ParentRunner$1.schedule(ParentRunner.java:79)
	at org.junit.runners.ParentRunner.runChildren(ParentRunner.java:329)
	at org.junit.runners.ParentRunner.access$100(ParentRunner.java:66)
	at org.junit.runners.ParentRunner$2.evaluate(ParentRunner.java:293)
	at org.junit.runners.ParentRunner$3.evaluate(ParentRunner.java:306)
	at org.junit.runners.ParentRunner.run(ParentRunner.java:413)
	at org.junit.runner.JUnitCore.run(JUnitCore.java:137)
	at org.junit.runner.JUnitCore.run(JUnitCore.java:115)
	at org.junit.vintage.engine.execution.RunnerExecutor.execute(RunnerExecutor.java:43)
	at java.util.stream.ForEachOps$ForEachOp$OfRef.accept(ForEachOps.java:183)
	at java.util.stream.ReferencePipeline$3$1.accept(ReferencePipeline.java:193)
	at java.util.Iterator.forEachRemaining(Iterator.java:116)
	at java.util.Spliterators$IteratorSpliterator.forEachRemaining(Spliterators.java:1801)
	at java.util.stream.AbstractPipeline.copyInto(AbstractPipeline.java:482)
	at java.util.stream.AbstractPipeline.wrapAndCopyInto(AbstractPipeline.java:472)
	at java.util.stream.ForEachOps$ForEachOp.evaluateSequential(ForEachOps.java:150)
	at java.util.stream.ForEachOps$ForEachOp$OfRef.evaluateSequential(ForEachOps.java:173)
	at java.util.stream.AbstractPipeline.evaluate(AbstractPipeline.java:234)
	at java.util.stream.ReferencePipeline.forEach(ReferencePipeline.java:485)
	at org.junit.vintage.engine.VintageTestEngine.executeAllChildren(VintageTestEngine.java:82)
	at org.junit.vintage.engine.VintageTestEngine.execute(VintageTestEngine.java:73)
	at org.junit.platform.launcher.core.DefaultLauncher.execute(DefaultLauncher.java:248)
	at org.junit.platform.launcher.core.DefaultLauncher.lambda$execute$5(DefaultLauncher.java:211)
	at org.junit.platform.launcher.core.DefaultLauncher.withInterceptedStreams(DefaultLauncher.java:226)
	at org.junit.platform.launcher.core.DefaultLauncher.execute(DefaultLauncher.java:199)
	at org.junit.platform.launcher.core.DefaultLauncher.execute(DefaultLauncher.java:132)
	at org.apache.maven.surefire.junitplatform.JUnitPlatformProvider.invokeAllTests(JUnitPlatformProvider.java:154)
	at org.apache.maven.surefire.junitplatform.JUnitPlatformProvider.invoke(JUnitPlatformProvider.java:123)
	at org.apache.maven.surefire.booter.ForkedBooter.runSuitesInProcess(ForkedBooter.java:377)
	at org.apache.maven.surefire.booter.ForkedBooter.execute(ForkedBooter.java:138)
	at org.apache.maven.surefire.booter.ForkedBooter.run(ForkedBooter.java:465)
	at org.apache.maven.surefire.booter.ForkedBooter.main(ForkedBooter.java:451)
]]></error>
    <system-err><![CDATA[2024-04-24T01:09:22,269  WARN [main] conf.HiveConf: HiveConf of name hive.stats.key.prefix.reserve.length does not exist
2024-04-24T01:09:22,270  WARN [main] conf.HiveConf: HiveConf of name hive.dummyparam.test.server.specific.config.override does not exist
2024-04-24T01:09:22,270  WARN [main] conf.HiveConf: HiveConf of name hive.metastore.client.cache.recordStats does not exist
2024-04-24T01:09:22,270  WARN [main] conf.HiveConf: HiveConf of name hive.metastore.client.cache.maxSize does not exist
2024-04-24T01:09:22,270  WARN [main] conf.HiveConf: HiveConf of name hive.dummyparam.test.server.specific.config.metastoresite does not exist
2024-04-24T01:09:22,270  WARN [main] conf.HiveConf: HiveConf of name hive.llap.io.cache.orc.size does not exist
2024-04-24T01:09:22,270  WARN [main] conf.HiveConf: HiveConf of name hive.llap.io.cache.orc.arena.size does not exist
2024-04-24T01:09:22,270  WARN [main] conf.HiveConf: HiveConf of name hive.llap.io.cache.orc.alloc.min does not exist
2024-04-24T01:09:22,270  WARN [main] conf.HiveConf: HiveConf of name hive.llap.io.cache.orc.alloc.max does not exist
2024-04-24T01:09:22,270  WARN [main] conf.HiveConf: HiveConf of name hive.metastore.metadb.dir does not exist
2024-04-24T01:09:22,270  WARN [main] conf.HiveConf: HiveConf of name hive.dummyparam.test.server.specific.config.hivesite does not exist
2024-04-24T01:09:22,272  INFO [main] utils.TestTxnDbUtil: Creating transactional tables
Hive Session ID = 2b2ee945-0728-41c0-a369-3f406a7a5928
2024-04-24T01:09:22,275  INFO [main] SessionState: Hive Session ID = 2b2ee945-0728-41c0-a369-3f406a7a5928
ivysettings.xml file not found in HIVE_HOME or HIVE_CONF_DIR,/home/alex/Repositories/hive/conf/ivysettings.xml will be used
2024-04-24T01:09:22,276  INFO [main] DependencyResolver: ivysettings.xml file not found in HIVE_HOME or HIVE_CONF_DIR,/home/alex/Repositories/hive/conf/ivysettings.xml will be used
2024-04-24T01:09:22,281  INFO [main] session.SessionState: Created HDFS directory: /home/alex/Repositories/hive/ql/target/tmp/scratchdir/alex/2b2ee945-0728-41c0-a369-3f406a7a5928
2024-04-24T01:09:22,284  INFO [main] session.SessionState: Created local directory: /home/alex/Repositories/hive/ql/target/tmp/localscratchdir/2b2ee945-0728-41c0-a369-3f406a7a5928
2024-04-24T01:09:22,286  INFO [main] session.SessionState: Created HDFS directory: /home/alex/Repositories/hive/ql/target/tmp/scratchdir/alex/2b2ee945-0728-41c0-a369-3f406a7a5928/_tmp_space.db
2024-04-24T01:09:22,287  INFO [main] sqlstd.SQLStdHiveAccessController: Created SQLStdHiveAccessController for session context : HiveAuthzSessionContext [sessionString=2b2ee945-0728-41c0-a369-3f406a7a5928, clientType=HIVECLI]
2024-04-24T01:09:22,287  INFO [main] ql.TxnCommandsBaseForTests: Running the query: drop table if exists acidTbl
2024-04-24T01:09:22,287  INFO [main] ql.Driver: Compiling command(queryId=alex_20240424010922_80f93cfc-06bd-4f7c-b31f-c42f66decf34): drop table if exists acidTbl
2024-04-24T01:09:22,299  INFO [main] txn.TxnHandler: Added entries to MIN_HISTORY_LEVEL for current txns: ([1]) with min_open_txn: 1
2024-04-24T01:09:22,299  INFO [main] lockmgr.DbTxnManager: Opened txnid:1
2024-04-24T01:09:22,304  INFO [main] HiveMetaStore.audit: ugi=alex	ip=unknown-ip-addr	cmd=get_table : tbl=hive.default.acidTbl	
2024-04-24T01:09:22,309  INFO [main] ql.Driver: Semantic Analysis Completed (retrial = false)
2024-04-24T01:09:22,309  INFO [main] ql.Driver: Created Hive schema: Schema(fieldSchemas:null, properties:null)
2024-04-24T01:09:22,309  INFO [main] metadata.Hive: Dumping metastore api call timing information for : compilation phase
2024-04-24T01:09:22,309  INFO [main] metadata.Hive: Total time spent in each metastore function (ms): {openTxn_(String, TxnType)=11, getValidTxns_(long)=3, flushCache_()=0, isCompatibleWith_(Configuration)=0, commitTxn_(CommitTxnRequest)=17}
2024-04-24T01:09:22,309  INFO [main] ql.Driver: Completed compiling command(queryId=alex_20240424010922_80f93cfc-06bd-4f7c-b31f-c42f66decf34); Time taken: 0.022 seconds
2024-04-24T01:09:22,309  INFO [main] lockmgr.DbTxnManager: Setting lock request transaction to txnid:1 for queryId=alex_20240424010922_80f93cfc-06bd-4f7c-b31f-c42f66decf34
2024-04-24T01:09:22,309  INFO [main] ql.Driver: Operation DROPTABLE obtained 0 locks
2024-04-24T01:09:22,310  INFO [main] ql.Driver: Executing command(queryId=alex_20240424010922_80f93cfc-06bd-4f7c-b31f-c42f66decf34): drop table if exists acidTbl
2024-04-24T01:09:22,310  INFO [main] ql.Driver: Starting task [Stage-0:DDL] in serial mode
2024-04-24T01:09:22,310  INFO [main] HiveMetaStore.audit: ugi=alex	ip=unknown-ip-addr	cmd=get_table : tbl=hive.default.acidTbl	
2024-04-24T01:09:22,313  INFO [main] metadata.Hive: Dumping metastore api call timing information for : execution phase
2024-04-24T01:09:22,313  INFO [main] metadata.Hive: Total time spent in each metastore function (ms): {isCompatibleWith_(Configuration)=0}
2024-04-24T01:09:22,314  INFO [main] ql.Driver: Completed executing command(queryId=alex_20240424010922_80f93cfc-06bd-4f7c-b31f-c42f66decf34); Time taken: 0.004 seconds
2024-04-24T01:09:22,314  INFO [main] lockmgr.DbTxnManager: Stopped heartbeat for query: alex_20240424010922_80f93cfc-06bd-4f7c-b31f-c42f66decf34
2024-04-24T01:09:22,320  INFO [main] txn.TxnHandler: Expected to move at least one record from txn_components to completed_txn_components when committing txn! txnid:1
2024-04-24T01:09:22,329  INFO [main] txn.TxnHandler: Removed transactions: ([1]) from MIN_HISTORY_LEVEL
2024-04-24T01:09:22,329  WARN [main] txn.CompactionTxnHandler: No compaction queue record found for Compaction type transaction commit. txnId:1
2024-04-24T01:09:22,330  INFO [main] ql.TxnCommandsBaseForTests: Running the query: drop table if exists acidTblPart
2024-04-24T01:09:22,330  INFO [main] ql.Driver: Compiling command(queryId=alex_20240424010922_524fbbf3-a654-43a3-a212-cbe96a77b943): drop table if exists acidTblPart
2024-04-24T01:09:22,333  INFO [main] txn.TxnHandler: Added entries to MIN_HISTORY_LEVEL for current txns: ([2]) with min_open_txn: 1
2024-04-24T01:09:22,333  INFO [main] lockmgr.DbTxnManager: Opened txnid:2
2024-04-24T01:09:22,334  INFO [main] HiveMetaStore.audit: ugi=alex	ip=unknown-ip-addr	cmd=get_table : tbl=hive.default.acidTblPart	
2024-04-24T01:09:22,338  INFO [main] ql.Driver: Semantic Analysis Completed (retrial = false)
2024-04-24T01:09:22,338  INFO [main] ql.Driver: Created Hive schema: Schema(fieldSchemas:null, properties:null)
2024-04-24T01:09:22,338  INFO [main] metadata.Hive: Dumping metastore api call timing information for : compilation phase
2024-04-24T01:09:22,338  INFO [main] metadata.Hive: Total time spent in each metastore function (ms): {isCompatibleWith_(Configuration)=0, flushCache_()=0, openTxn_(String, TxnType)=2, getValidTxns_(long)=1, commitTxn_(CommitTxnRequest)=16}
2024-04-24T01:09:22,339  INFO [main] ql.Driver: Completed compiling command(queryId=alex_20240424010922_524fbbf3-a654-43a3-a212-cbe96a77b943); Time taken: 0.008 seconds
2024-04-24T01:09:22,339  INFO [main] lockmgr.DbTxnManager: Setting lock request transaction to txnid:2 for queryId=alex_20240424010922_524fbbf3-a654-43a3-a212-cbe96a77b943
2024-04-24T01:09:22,339  INFO [main] ql.Driver: Operation DROPTABLE obtained 0 locks
2024-04-24T01:09:22,339  INFO [main] ql.Driver: Executing command(queryId=alex_20240424010922_524fbbf3-a654-43a3-a212-cbe96a77b943): drop table if exists acidTblPart
2024-04-24T01:09:22,339  INFO [main] ql.Driver: Starting task [Stage-0:DDL] in serial mode
2024-04-24T01:09:22,340  INFO [main] HiveMetaStore.audit: ugi=alex	ip=unknown-ip-addr	cmd=get_table : tbl=hive.default.acidTblPart	
2024-04-24T01:09:22,344  INFO [main] metadata.Hive: Dumping metastore api call timing information for : execution phase
2024-04-24T01:09:22,344  INFO [main] metadata.Hive: Total time spent in each metastore function (ms): {isCompatibleWith_(Configuration)=0}
2024-04-24T01:09:22,344  INFO [main] ql.Driver: Completed executing command(queryId=alex_20240424010922_524fbbf3-a654-43a3-a212-cbe96a77b943); Time taken: 0.005 seconds
2024-04-24T01:09:22,344  INFO [main] lockmgr.DbTxnManager: Stopped heartbeat for query: alex_20240424010922_524fbbf3-a654-43a3-a212-cbe96a77b943
2024-04-24T01:09:22,350  INFO [main] txn.TxnHandler: Expected to move at least one record from txn_components to completed_txn_components when committing txn! txnid:2
2024-04-24T01:09:22,357  INFO [main] txn.TxnHandler: Removed transactions: ([2]) from MIN_HISTORY_LEVEL
2024-04-24T01:09:22,358  WARN [main] txn.CompactionTxnHandler: No compaction queue record found for Compaction type transaction commit. txnId:2
2024-04-24T01:09:22,358  INFO [main] ql.TxnCommandsBaseForTests: Running the query: drop table if exists acidTbl2
2024-04-24T01:09:22,358  INFO [main] ql.Driver: Compiling command(queryId=alex_20240424010922_165c369b-7d8f-4ab9-b635-b5d5866df8a6): drop table if exists acidTbl2
2024-04-24T01:09:22,361  INFO [main] txn.TxnHandler: Added entries to MIN_HISTORY_LEVEL for current txns: ([3]) with min_open_txn: 1
2024-04-24T01:09:22,362  INFO [main] lockmgr.DbTxnManager: Opened txnid:3
2024-04-24T01:09:22,362  INFO [main] HiveMetaStore.audit: ugi=alex	ip=unknown-ip-addr	cmd=get_table : tbl=hive.default.acidTbl2	
2024-04-24T01:09:22,365  INFO [main] ql.Driver: Semantic Analysis Completed (retrial = false)
2024-04-24T01:09:22,365  INFO [main] ql.Driver: Created Hive schema: Schema(fieldSchemas:null, properties:null)
2024-04-24T01:09:22,366  INFO [main] metadata.Hive: Dumping metastore api call timing information for : compilation phase
2024-04-24T01:09:22,366  INFO [main] metadata.Hive: Total time spent in each metastore function (ms): {getValidTxns_(long)=0, isCompatibleWith_(Configuration)=0, flushCache_()=0, openTxn_(String, TxnType)=3, commitTxn_(CommitTxnRequest)=14}
2024-04-24T01:09:22,366  INFO [main] ql.Driver: Completed compiling command(queryId=alex_20240424010922_165c369b-7d8f-4ab9-b635-b5d5866df8a6); Time taken: 0.008 seconds
2024-04-24T01:09:22,366  INFO [main] lockmgr.DbTxnManager: Setting lock request transaction to txnid:3 for queryId=alex_20240424010922_165c369b-7d8f-4ab9-b635-b5d5866df8a6
2024-04-24T01:09:22,366  INFO [main] ql.Driver: Operation DROPTABLE obtained 0 locks
2024-04-24T01:09:22,366  INFO [main] ql.Driver: Executing command(queryId=alex_20240424010922_165c369b-7d8f-4ab9-b635-b5d5866df8a6): drop table if exists acidTbl2
2024-04-24T01:09:22,366  INFO [main] ql.Driver: Starting task [Stage-0:DDL] in serial mode
2024-04-24T01:09:22,366  INFO [main] HiveMetaStore.audit: ugi=alex	ip=unknown-ip-addr	cmd=get_table : tbl=hive.default.acidTbl2	
2024-04-24T01:09:22,369  INFO [main] metadata.Hive: Dumping metastore api call timing information for : execution phase
2024-04-24T01:09:22,370  INFO [main] metadata.Hive: Total time spent in each metastore function (ms): {isCompatibleWith_(Configuration)=0}
2024-04-24T01:09:22,370  INFO [main] ql.Driver: Completed executing command(queryId=alex_20240424010922_165c369b-7d8f-4ab9-b635-b5d5866df8a6); Time taken: 0.003 seconds
2024-04-24T01:09:22,370  INFO [main] lockmgr.DbTxnManager: Stopped heartbeat for query: alex_20240424010922_165c369b-7d8f-4ab9-b635-b5d5866df8a6
2024-04-24T01:09:22,376  INFO [main] txn.TxnHandler: Expected to move at least one record from txn_components to completed_txn_components when committing txn! txnid:3
2024-04-24T01:09:22,385  INFO [main] txn.TxnHandler: Removed transactions: ([3]) from MIN_HISTORY_LEVEL
2024-04-24T01:09:22,386  WARN [main] txn.CompactionTxnHandler: No compaction queue record found for Compaction type transaction commit. txnId:3
2024-04-24T01:09:22,386  INFO [main] ql.TxnCommandsBaseForTests: Running the query: drop table if exists nonAcidOrcTbl
2024-04-24T01:09:22,386  INFO [main] ql.Driver: Compiling command(queryId=alex_20240424010922_daf6c6b2-a9fd-4f86-84f5-c92c06381640): drop table if exists nonAcidOrcTbl
2024-04-24T01:09:22,389  INFO [main] txn.TxnHandler: Added entries to MIN_HISTORY_LEVEL for current txns: ([4]) with min_open_txn: 1
2024-04-24T01:09:22,389  INFO [main] lockmgr.DbTxnManager: Opened txnid:4
2024-04-24T01:09:22,390  INFO [main] HiveMetaStore.audit: ugi=alex	ip=unknown-ip-addr	cmd=get_table : tbl=hive.default.nonAcidOrcTbl	
2024-04-24T01:09:22,393  INFO [main] ql.Driver: Semantic Analysis Completed (retrial = false)
2024-04-24T01:09:22,393  INFO [main] ql.Driver: Created Hive schema: Schema(fieldSchemas:null, properties:null)
2024-04-24T01:09:22,393  INFO [main] metadata.Hive: Dumping metastore api call timing information for : compilation phase
2024-04-24T01:09:22,393  INFO [main] metadata.Hive: Total time spent in each metastore function (ms): {flushCache_()=0, openTxn_(String, TxnType)=2, commitTxn_(CommitTxnRequest)=16, getValidTxns_(long)=0, isCompatibleWith_(Configuration)=0}
2024-04-24T01:09:22,393  INFO [main] ql.Driver: Completed compiling command(queryId=alex_20240424010922_daf6c6b2-a9fd-4f86-84f5-c92c06381640); Time taken: 0.007 seconds
2024-04-24T01:09:22,393  INFO [main] lockmgr.DbTxnManager: Setting lock request transaction to txnid:4 for queryId=alex_20240424010922_daf6c6b2-a9fd-4f86-84f5-c92c06381640
2024-04-24T01:09:22,393  INFO [main] ql.Driver: Operation DROPTABLE obtained 0 locks
2024-04-24T01:09:22,393  INFO [main] ql.Driver: Executing command(queryId=alex_20240424010922_daf6c6b2-a9fd-4f86-84f5-c92c06381640): drop table if exists nonAcidOrcTbl
2024-04-24T01:09:22,394  INFO [main] ql.Driver: Starting task [Stage-0:DDL] in serial mode
2024-04-24T01:09:22,394  INFO [main] HiveMetaStore.audit: ugi=alex	ip=unknown-ip-addr	cmd=get_table : tbl=hive.default.nonAcidOrcTbl	
2024-04-24T01:09:22,397  INFO [main] metadata.Hive: Dumping metastore api call timing information for : execution phase
2024-04-24T01:09:22,397  INFO [main] metadata.Hive: Total time spent in each metastore function (ms): {isCompatibleWith_(Configuration)=0}
2024-04-24T01:09:22,397  INFO [main] ql.Driver: Completed executing command(queryId=alex_20240424010922_daf6c6b2-a9fd-4f86-84f5-c92c06381640); Time taken: 0.004 seconds
2024-04-24T01:09:22,397  INFO [main] lockmgr.DbTxnManager: Stopped heartbeat for query: alex_20240424010922_daf6c6b2-a9fd-4f86-84f5-c92c06381640
2024-04-24T01:09:22,403  INFO [main] txn.TxnHandler: Expected to move at least one record from txn_components to completed_txn_components when committing txn! txnid:4
2024-04-24T01:09:22,409  INFO [main] txn.TxnHandler: Removed transactions: ([4]) from MIN_HISTORY_LEVEL
2024-04-24T01:09:22,410  WARN [main] txn.CompactionTxnHandler: No compaction queue record found for Compaction type transaction commit. txnId:4
2024-04-24T01:09:22,410  INFO [main] ql.TxnCommandsBaseForTests: Running the query: drop table if exists nonAcidOrcTbl2
2024-04-24T01:09:22,410  INFO [main] ql.Driver: Compiling command(queryId=alex_20240424010922_83a0e752-bca7-4ca0-b873-15e1ac77de8b): drop table if exists nonAcidOrcTbl2
2024-04-24T01:09:22,413  INFO [main] txn.TxnHandler: Added entries to MIN_HISTORY_LEVEL for current txns: ([5]) with min_open_txn: 1
2024-04-24T01:09:22,413  INFO [main] lockmgr.DbTxnManager: Opened txnid:5
2024-04-24T01:09:22,414  INFO [main] HiveMetaStore.audit: ugi=alex	ip=unknown-ip-addr	cmd=get_table : tbl=hive.default.nonAcidOrcTbl2	
2024-04-24T01:09:22,417  INFO [main] ql.Driver: Semantic Analysis Completed (retrial = false)
2024-04-24T01:09:22,417  INFO [main] ql.Driver: Created Hive schema: Schema(fieldSchemas:null, properties:null)
2024-04-24T01:09:22,417  INFO [main] metadata.Hive: Dumping metastore api call timing information for : compilation phase
2024-04-24T01:09:22,417  INFO [main] metadata.Hive: Total time spent in each metastore function (ms): {getValidTxns_(long)=0, openTxn_(String, TxnType)=2, flushCache_()=0, commitTxn_(CommitTxnRequest)=12, isCompatibleWith_(Configuration)=1}
2024-04-24T01:09:22,417  INFO [main] ql.Driver: Completed compiling command(queryId=alex_20240424010922_83a0e752-bca7-4ca0-b873-15e1ac77de8b); Time taken: 0.007 seconds
2024-04-24T01:09:22,417  INFO [main] lockmgr.DbTxnManager: Setting lock request transaction to txnid:5 for queryId=alex_20240424010922_83a0e752-bca7-4ca0-b873-15e1ac77de8b
2024-04-24T01:09:22,417  INFO [main] ql.Driver: Operation DROPTABLE obtained 0 locks
2024-04-24T01:09:22,418  INFO [main] ql.Driver: Executing command(queryId=alex_20240424010922_83a0e752-bca7-4ca0-b873-15e1ac77de8b): drop table if exists nonAcidOrcTbl2
2024-04-24T01:09:22,418  INFO [main] ql.Driver: Starting task [Stage-0:DDL] in serial mode
2024-04-24T01:09:22,418  INFO [main] HiveMetaStore.audit: ugi=alex	ip=unknown-ip-addr	cmd=get_table : tbl=hive.default.nonAcidOrcTbl2	
2024-04-24T01:09:22,421  INFO [main] metadata.Hive: Dumping metastore api call timing information for : execution phase
2024-04-24T01:09:22,421  INFO [main] metadata.Hive: Total time spent in each metastore function (ms): {isCompatibleWith_(Configuration)=0}
2024-04-24T01:09:22,421  INFO [main] ql.Driver: Completed executing command(queryId=alex_20240424010922_83a0e752-bca7-4ca0-b873-15e1ac77de8b); Time taken: 0.003 seconds
2024-04-24T01:09:22,421  INFO [main] lockmgr.DbTxnManager: Stopped heartbeat for query: alex_20240424010922_83a0e752-bca7-4ca0-b873-15e1ac77de8b
2024-04-24T01:09:22,427  INFO [main] txn.TxnHandler: Expected to move at least one record from txn_components to completed_txn_components when committing txn! txnid:5
2024-04-24T01:09:22,435  INFO [main] txn.TxnHandler: Removed transactions: ([5]) from MIN_HISTORY_LEVEL
2024-04-24T01:09:22,436  WARN [main] txn.CompactionTxnHandler: No compaction queue record found for Compaction type transaction commit. txnId:5
2024-04-24T01:09:22,436  INFO [main] ql.TxnCommandsBaseForTests: Running the query: drop table if exists nonAcidNonBucket
2024-04-24T01:09:22,437  INFO [main] ql.Driver: Compiling command(queryId=alex_20240424010922_d6fad9a1-c455-47e0-a048-ad66d5dcf4bb): drop table if exists nonAcidNonBucket
2024-04-24T01:09:22,439  INFO [main] txn.TxnHandler: Added entries to MIN_HISTORY_LEVEL for current txns: ([6]) with min_open_txn: 1
2024-04-24T01:09:22,439  INFO [main] lockmgr.DbTxnManager: Opened txnid:6
2024-04-24T01:09:22,440  INFO [main] HiveMetaStore.audit: ugi=alex	ip=unknown-ip-addr	cmd=get_table : tbl=hive.default.nonAcidNonBucket	
2024-04-24T01:09:22,443  INFO [main] ql.Driver: Semantic Analysis Completed (retrial = false)
2024-04-24T01:09:22,443  INFO [main] ql.Driver: Created Hive schema: Schema(fieldSchemas:null, properties:null)
2024-04-24T01:09:22,443  INFO [main] metadata.Hive: Dumping metastore api call timing information for : compilation phase
2024-04-24T01:09:22,443  INFO [main] metadata.Hive: Total time spent in each metastore function (ms): {openTxn_(String, TxnType)=2, isCompatibleWith_(Configuration)=1, getValidTxns_(long)=0, commitTxn_(CommitTxnRequest)=15, flushCache_()=0}
2024-04-24T01:09:22,443  INFO [main] ql.Driver: Completed compiling command(queryId=alex_20240424010922_d6fad9a1-c455-47e0-a048-ad66d5dcf4bb); Time taken: 0.006 seconds
2024-04-24T01:09:22,444  INFO [main] lockmgr.DbTxnManager: Setting lock request transaction to txnid:6 for queryId=alex_20240424010922_d6fad9a1-c455-47e0-a048-ad66d5dcf4bb
2024-04-24T01:09:22,444  INFO [main] ql.Driver: Operation DROPTABLE obtained 0 locks
2024-04-24T01:09:22,444  INFO [main] ql.Driver: Executing command(queryId=alex_20240424010922_d6fad9a1-c455-47e0-a048-ad66d5dcf4bb): drop table if exists nonAcidNonBucket
2024-04-24T01:09:22,444  INFO [main] ql.Driver: Starting task [Stage-0:DDL] in serial mode
2024-04-24T01:09:22,444  INFO [main] HiveMetaStore.audit: ugi=alex	ip=unknown-ip-addr	cmd=get_table : tbl=hive.default.nonAcidNonBucket	
2024-04-24T01:09:22,447  INFO [main] metadata.Hive: Dumping metastore api call timing information for : execution phase
2024-04-24T01:09:22,447  INFO [main] metadata.Hive: Total time spent in each metastore function (ms): {isCompatibleWith_(Configuration)=0}
2024-04-24T01:09:22,447  INFO [main] ql.Driver: Completed executing command(queryId=alex_20240424010922_d6fad9a1-c455-47e0-a048-ad66d5dcf4bb); Time taken: 0.003 seconds
2024-04-24T01:09:22,447  INFO [main] lockmgr.DbTxnManager: Stopped heartbeat for query: alex_20240424010922_d6fad9a1-c455-47e0-a048-ad66d5dcf4bb
2024-04-24T01:09:22,453  INFO [main] txn.TxnHandler: Expected to move at least one record from txn_components to completed_txn_components when committing txn! txnid:6
2024-04-24T01:09:22,459  INFO [main] txn.TxnHandler: Removed transactions: ([6]) from MIN_HISTORY_LEVEL
2024-04-24T01:09:22,459  WARN [main] txn.CompactionTxnHandler: No compaction queue record found for Compaction type transaction commit. txnId:6
2024-04-24T01:09:22,460  INFO [main] ql.TxnCommandsBaseForTests: Running the query: create table acidTbl(a int, b int) clustered by (a) into 2 buckets stored as orc TBLPROPERTIES ('transactional'='true')
2024-04-24T01:09:22,460  INFO [main] ql.Driver: Compiling command(queryId=alex_20240424010922_fc63a1f8-aa42-4eb8-bcea-793cfd958082): create table acidTbl(a int, b int) clustered by (a) into 2 buckets stored as orc TBLPROPERTIES ('transactional'='true')
2024-04-24T01:09:22,463  INFO [main] txn.TxnHandler: Added entries to MIN_HISTORY_LEVEL for current txns: ([7]) with min_open_txn: 1
2024-04-24T01:09:22,463  INFO [main] lockmgr.DbTxnManager: Opened txnid:7
2024-04-24T01:09:22,464  INFO [main] parse.CalcitePlanner: Starting caching scope for: 
2024-04-24T01:09:22,464  INFO [main] parse.CalcitePlanner: Starting Semantic Analysis
2024-04-24T01:09:22,471  INFO [main] parse.CalcitePlanner: Creating table default.acidTbl position=13
2024-04-24T01:09:22,471  INFO [main] HiveMetaStore.audit: ugi=alex	ip=unknown-ip-addr	cmd=get_database: default	
2024-04-24T01:09:22,473  INFO [main] parse.CalcitePlanner: Ending caching scope for: 
2024-04-24T01:09:22,473  INFO [main] ql.Driver: Semantic Analysis Completed (retrial = false)
2024-04-24T01:09:22,473  INFO [main] ql.Driver: Created Hive schema: Schema(fieldSchemas:null, properties:null)
2024-04-24T01:09:22,473  INFO [main] metadata.Hive: Dumping metastore api call timing information for : compilation phase
2024-04-24T01:09:22,473  INFO [main] metadata.Hive: Total time spent in each metastore function (ms): {openTxn_(String, TxnType)=2, flushCache_()=0, isCompatibleWith_(Configuration)=1, commitTxn_(CommitTxnRequest)=12, getValidTxns_(long)=0, getDatabase_(String)=2, getValidWriteIds_(List, String)=7}
2024-04-24T01:09:22,473  INFO [main] ql.Driver: Completed compiling command(queryId=alex_20240424010922_fc63a1f8-aa42-4eb8-bcea-793cfd958082); Time taken: 0.013 seconds
2024-04-24T01:09:22,473  INFO [main] lockmgr.DbTxnManager: Setting lock request transaction to txnid:7 for queryId=alex_20240424010922_fc63a1f8-aa42-4eb8-bcea-793cfd958082
2024-04-24T01:09:22,474  INFO [main] lockmgr.DbLockManager: Requesting lock for queryId=alex_20240424010922_fc63a1f8-aa42-4eb8-bcea-793cfd958082
2024-04-24T01:09:22,494  INFO [main] lockmgr.DbLockManager: Response to queryId=alex_20240424010922_fc63a1f8-aa42-4eb8-bcea-793cfd958082 LockResponse(lockid:1, state:ACQUIRED)
2024-04-24T01:09:22,494  INFO [main] ql.Driver: Operation CREATETABLE obtained 1 locks
2024-04-24T01:09:22,495  INFO [main] ql.Driver: Executing command(queryId=alex_20240424010922_fc63a1f8-aa42-4eb8-bcea-793cfd958082): create table acidTbl(a int, b int) clustered by (a) into 2 buckets stored as orc TBLPROPERTIES ('transactional'='true')
2024-04-24T01:09:22,495  INFO [main] ql.Driver: Starting task [Stage-0:DDL] in serial mode
2024-04-24T01:09:22,497  INFO [main] HiveMetaStore.audit: ugi=alex	ip=unknown-ip-addr	cmd=create_table_req: Table(tableName:acidTbl, dbName:default, owner:alex, createTime:1713946162, lastAccessTime:0, retention:0, sd:StorageDescriptor(cols:[FieldSchema(name:a, type:int, comment:null), FieldSchema(name:b, type:int, comment:null)], location:null, inputFormat:org.apache.hadoop.hive.ql.io.orc.OrcInputFormat, outputFormat:org.apache.hadoop.hive.ql.io.orc.OrcOutputFormat, compressed:false, numBuckets:2, serdeInfo:SerDeInfo(name:null, serializationLib:org.apache.hadoop.hive.ql.io.orc.OrcSerde, parameters:{serialization.format=1}), bucketCols:[a], sortCols:[], parameters:{}, skewedInfo:SkewedInfo(skewedColNames:[], skewedColValues:[], skewedColValueLocationMaps:{}), storedAsSubDirectories:false), partitionKeys:[], parameters:{numFilesErasureCoded=0, COLUMN_STATS_ACCURATE={"BASIC_STATS":"true","COLUMN_STATS":{"a":"true","b":"true"}}, numFiles=0, bucketing_version=2, transactional=true, totalSize=0, numRows=0, rawDataSize=0}, viewOriginalText:null, viewExpandedText:null, tableType:MANAGED_TABLE, privileges:PrincipalPrivilegeSet(userPrivileges:{alex=[PrivilegeGrantInfo(privilege:INSERT, createTime:-1, grantor:alex, grantorType:USER, grantOption:true), PrivilegeGrantInfo(privilege:SELECT, createTime:-1, grantor:alex, grantorType:USER, grantOption:true), PrivilegeGrantInfo(privilege:UPDATE, createTime:-1, grantor:alex, grantorType:USER, grantOption:true), PrivilegeGrantInfo(privilege:DELETE, createTime:-1, grantor:alex, grantorType:USER, grantOption:true)]}, groupPrivileges:null, rolePrivileges:null), temporary:false, catName:hive, ownerType:USER, writeId:0)	
2024-04-24T01:09:22,503  INFO [main] utils.FileUtils: Creating directory if it doesn't exist: file:/home/alex/Repositories/hive/ql/target/tmp/org.apache.hadoop.hive.ql.TestTxnCommands-1713946100941/warehouse/acidtbl
2024-04-24T01:09:22,545  INFO [main] metadata.Hive: Dumping metastore api call timing information for : execution phase
2024-04-24T01:09:22,545  INFO [main] metadata.Hive: Total time spent in each metastore function (ms): {isCompatibleWith_(Configuration)=1, createTable_(Table)=49}
2024-04-24T01:09:22,545  INFO [main] ql.Driver: Completed executing command(queryId=alex_20240424010922_fc63a1f8-aa42-4eb8-bcea-793cfd958082); Time taken: 0.05 seconds
2024-04-24T01:09:22,546  INFO [main] lockmgr.DbTxnManager: Stopped heartbeat for query: alex_20240424010922_fc63a1f8-aa42-4eb8-bcea-793cfd958082
2024-04-24T01:09:22,550  INFO [main] txn.TxnHandler: Expected to move at least one record from txn_components to completed_txn_components when committing txn! txnid:7
2024-04-24T01:09:22,557  INFO [main] txn.TxnHandler: Removed transactions: ([7]) from MIN_HISTORY_LEVEL
2024-04-24T01:09:22,558  WARN [main] txn.CompactionTxnHandler: No compaction queue record found for Compaction type transaction commit. txnId:7
2024-04-24T01:09:22,558  INFO [main] ql.TxnCommandsBaseForTests: Running the query: create table acidTblPart(a int, b int) partitioned by (p string) clustered by (a) into 2 buckets stored as orc TBLPROPERTIES ('transactional'='true')
2024-04-24T01:09:22,558  INFO [main] ql.Driver: Compiling command(queryId=alex_20240424010922_6be98f46-febd-4d2a-a6ae-5ebfd34c3dc9): create table acidTblPart(a int, b int) partitioned by (p string) clustered by (a) into 2 buckets stored as orc TBLPROPERTIES ('transactional'='true')
2024-04-24T01:09:22,561  INFO [main] txn.TxnHandler: Added entries to MIN_HISTORY_LEVEL for current txns: ([8]) with min_open_txn: 1
2024-04-24T01:09:22,561  INFO [main] lockmgr.DbTxnManager: Opened txnid:8
2024-04-24T01:09:22,562  INFO [main] parse.CalcitePlanner: Starting caching scope for: 
2024-04-24T01:09:22,562  INFO [main] parse.CalcitePlanner: Starting Semantic Analysis
2024-04-24T01:09:22,565  INFO [main] parse.CalcitePlanner: Creating table default.acidTblPart position=13
2024-04-24T01:09:22,566  INFO [main] HiveMetaStore.audit: ugi=alex	ip=unknown-ip-addr	cmd=get_database: default	
2024-04-24T01:09:22,567  INFO [main] parse.CalcitePlanner: Ending caching scope for: 
2024-04-24T01:09:22,567  INFO [main] ql.Driver: Semantic Analysis Completed (retrial = false)
2024-04-24T01:09:22,567  INFO [main] ql.Driver: Created Hive schema: Schema(fieldSchemas:null, properties:null)
2024-04-24T01:09:22,568  INFO [main] metadata.Hive: Dumping metastore api call timing information for : compilation phase
2024-04-24T01:09:22,568  INFO [main] metadata.Hive: Total time spent in each metastore function (ms): {isCompatibleWith_(Configuration)=0, getDatabase_(String)=2, getValidTxns_(long)=0, getValidWriteIds_(List, String)=3, flushCache_()=0, openTxn_(String, TxnType)=2, commitTxn_(CommitTxnRequest)=12}
2024-04-24T01:09:22,568  INFO [main] ql.Driver: Completed compiling command(queryId=alex_20240424010922_6be98f46-febd-4d2a-a6ae-5ebfd34c3dc9); Time taken: 0.009 seconds
2024-04-24T01:09:22,568  INFO [main] lockmgr.DbTxnManager: Setting lock request transaction to txnid:8 for queryId=alex_20240424010922_6be98f46-febd-4d2a-a6ae-5ebfd34c3dc9
2024-04-24T01:09:22,568  INFO [main] lockmgr.DbLockManager: Requesting lock for queryId=alex_20240424010922_6be98f46-febd-4d2a-a6ae-5ebfd34c3dc9
2024-04-24T01:09:22,585  INFO [main] lockmgr.DbLockManager: Response to queryId=alex_20240424010922_6be98f46-febd-4d2a-a6ae-5ebfd34c3dc9 LockResponse(lockid:2, state:ACQUIRED)
2024-04-24T01:09:22,585  INFO [main] ql.Driver: Operation CREATETABLE obtained 1 locks
2024-04-24T01:09:22,586  INFO [main] ql.Driver: Executing command(queryId=alex_20240424010922_6be98f46-febd-4d2a-a6ae-5ebfd34c3dc9): create table acidTblPart(a int, b int) partitioned by (p string) clustered by (a) into 2 buckets stored as orc TBLPROPERTIES ('transactional'='true')
2024-04-24T01:09:22,587  INFO [main] ql.Driver: Starting task [Stage-0:DDL] in serial mode
2024-04-24T01:09:22,587  INFO [main] HiveMetaStore.audit: ugi=alex	ip=unknown-ip-addr	cmd=create_table_req: Table(tableName:acidTblPart, dbName:default, owner:alex, createTime:1713946162, lastAccessTime:0, retention:0, sd:StorageDescriptor(cols:[FieldSchema(name:a, type:int, comment:null), FieldSchema(name:b, type:int, comment:null)], location:null, inputFormat:org.apache.hadoop.hive.ql.io.orc.OrcInputFormat, outputFormat:org.apache.hadoop.hive.ql.io.orc.OrcOutputFormat, compressed:false, numBuckets:2, serdeInfo:SerDeInfo(name:null, serializationLib:org.apache.hadoop.hive.ql.io.orc.OrcSerde, parameters:{serialization.format=1}), bucketCols:[a], sortCols:[], parameters:{}, skewedInfo:SkewedInfo(skewedColNames:[], skewedColValues:[], skewedColValueLocationMaps:{}), storedAsSubDirectories:false), partitionKeys:[FieldSchema(name:p, type:string, comment:null)], parameters:{bucketing_version=2, transactional=true}, viewOriginalText:null, viewExpandedText:null, tableType:MANAGED_TABLE, privileges:PrincipalPrivilegeSet(userPrivileges:{alex=[PrivilegeGrantInfo(privilege:INSERT, createTime:-1, grantor:alex, grantorType:USER, grantOption:true), PrivilegeGrantInfo(privilege:SELECT, createTime:-1, grantor:alex, grantorType:USER, grantOption:true), PrivilegeGrantInfo(privilege:UPDATE, createTime:-1, grantor:alex, grantorType:USER, grantOption:true), PrivilegeGrantInfo(privilege:DELETE, createTime:-1, grantor:alex, grantorType:USER, grantOption:true)]}, groupPrivileges:null, rolePrivileges:null), temporary:false, catName:hive, ownerType:USER, writeId:0)	
2024-04-24T01:09:22,593  INFO [main] utils.FileUtils: Creating directory if it doesn't exist: file:/home/alex/Repositories/hive/ql/target/tmp/org.apache.hadoop.hive.ql.TestTxnCommands-1713946100941/warehouse/acidtblpart
2024-04-24T01:09:22,609  INFO [main] metadata.Hive: Dumping metastore api call timing information for : execution phase
2024-04-24T01:09:22,609  INFO [main] metadata.Hive: Total time spent in each metastore function (ms): {createTable_(Table)=22, isCompatibleWith_(Configuration)=0}
2024-04-24T01:09:22,610  INFO [main] ql.Driver: Completed executing command(queryId=alex_20240424010922_6be98f46-febd-4d2a-a6ae-5ebfd34c3dc9); Time taken: 0.023 seconds
2024-04-24T01:09:22,610  INFO [main] lockmgr.DbTxnManager: Stopped heartbeat for query: alex_20240424010922_6be98f46-febd-4d2a-a6ae-5ebfd34c3dc9
2024-04-24T01:09:22,614  INFO [main] txn.TxnHandler: Expected to move at least one record from txn_components to completed_txn_components when committing txn! txnid:8
2024-04-24T01:09:22,621  INFO [main] txn.TxnHandler: Removed transactions: ([8]) from MIN_HISTORY_LEVEL
2024-04-24T01:09:22,622  WARN [main] txn.CompactionTxnHandler: No compaction queue record found for Compaction type transaction commit. txnId:8
2024-04-24T01:09:22,622  INFO [main] ql.TxnCommandsBaseForTests: Running the query: create table nonAcidOrcTbl(a int, b int) clustered by (a) into 2 buckets stored as orc TBLPROPERTIES ('transactional'='false')
2024-04-24T01:09:22,623  INFO [main] ql.Driver: Compiling command(queryId=alex_20240424010922_bbf6c207-e2a6-4243-a20d-fd1021a43163): create table nonAcidOrcTbl(a int, b int) clustered by (a) into 2 buckets stored as orc TBLPROPERTIES ('transactional'='false')
2024-04-24T01:09:22,626  INFO [main] txn.TxnHandler: Added entries to MIN_HISTORY_LEVEL for current txns: ([9]) with min_open_txn: 1
2024-04-24T01:09:22,626  INFO [main] lockmgr.DbTxnManager: Opened txnid:9
2024-04-24T01:09:22,627  INFO [main] parse.CalcitePlanner: Starting caching scope for: 
2024-04-24T01:09:22,627  INFO [main] parse.CalcitePlanner: Starting Semantic Analysis
2024-04-24T01:09:22,630  INFO [main] parse.CalcitePlanner: Creating table default.nonAcidOrcTbl position=13
2024-04-24T01:09:22,630  INFO [main] HiveMetaStore.audit: ugi=alex	ip=unknown-ip-addr	cmd=get_database: default	
2024-04-24T01:09:22,632  INFO [main] parse.CalcitePlanner: Ending caching scope for: 
2024-04-24T01:09:22,632  INFO [main] ql.Driver: Semantic Analysis Completed (retrial = false)
2024-04-24T01:09:22,632  INFO [main] ql.Driver: Created Hive schema: Schema(fieldSchemas:null, properties:null)
2024-04-24T01:09:22,632  INFO [main] metadata.Hive: Dumping metastore api call timing information for : compilation phase
2024-04-24T01:09:22,633  INFO [main] metadata.Hive: Total time spent in each metastore function (ms): {getDatabase_(String)=2, openTxn_(String, TxnType)=3, getValidTxns_(long)=1, commitTxn_(CommitTxnRequest)=12, getValidWriteIds_(List, String)=3, flushCache_()=0, isCompatibleWith_(Configuration)=0}
2024-04-24T01:09:22,633  INFO [main] ql.Driver: Completed compiling command(queryId=alex_20240424010922_bbf6c207-e2a6-4243-a20d-fd1021a43163); Time taken: 0.009 seconds
2024-04-24T01:09:22,633  INFO [main] lockmgr.DbTxnManager: Setting lock request transaction to txnid:9 for queryId=alex_20240424010922_bbf6c207-e2a6-4243-a20d-fd1021a43163
2024-04-24T01:09:22,634  INFO [main] lockmgr.DbLockManager: Requesting lock for queryId=alex_20240424010922_bbf6c207-e2a6-4243-a20d-fd1021a43163
2024-04-24T01:09:22,653  INFO [main] lockmgr.DbLockManager: Response to queryId=alex_20240424010922_bbf6c207-e2a6-4243-a20d-fd1021a43163 LockResponse(lockid:3, state:ACQUIRED)
2024-04-24T01:09:22,653  INFO [main] ql.Driver: Operation CREATETABLE obtained 1 locks
2024-04-24T01:09:22,653  INFO [main] ql.Driver: Executing command(queryId=alex_20240424010922_bbf6c207-e2a6-4243-a20d-fd1021a43163): create table nonAcidOrcTbl(a int, b int) clustered by (a) into 2 buckets stored as orc TBLPROPERTIES ('transactional'='false')
2024-04-24T01:09:22,654  INFO [main] ql.Driver: Starting task [Stage-0:DDL] in serial mode
2024-04-24T01:09:22,655  INFO [main] HiveMetaStore.audit: ugi=alex	ip=unknown-ip-addr	cmd=create_table_req: Table(tableName:nonAcidOrcTbl, dbName:default, owner:alex, createTime:1713946162, lastAccessTime:0, retention:0, sd:StorageDescriptor(cols:[FieldSchema(name:a, type:int, comment:null), FieldSchema(name:b, type:int, comment:null)], location:null, inputFormat:org.apache.hadoop.hive.ql.io.orc.OrcInputFormat, outputFormat:org.apache.hadoop.hive.ql.io.orc.OrcOutputFormat, compressed:false, numBuckets:2, serdeInfo:SerDeInfo(name:null, serializationLib:org.apache.hadoop.hive.ql.io.orc.OrcSerde, parameters:{serialization.format=1}), bucketCols:[a], sortCols:[], parameters:{}, skewedInfo:SkewedInfo(skewedColNames:[], skewedColValues:[], skewedColValueLocationMaps:{}), storedAsSubDirectories:false), partitionKeys:[], parameters:{numRows=0, rawDataSize=0, numFilesErasureCoded=0, transactional=false, numFiles=0, bucketing_version=2, COLUMN_STATS_ACCURATE={"BASIC_STATS":"true","COLUMN_STATS":{"a":"true","b":"true"}}, totalSize=0}, viewOriginalText:null, viewExpandedText:null, tableType:MANAGED_TABLE, privileges:PrincipalPrivilegeSet(userPrivileges:{alex=[PrivilegeGrantInfo(privilege:INSERT, createTime:-1, grantor:alex, grantorType:USER, grantOption:true), PrivilegeGrantInfo(privilege:SELECT, createTime:-1, grantor:alex, grantorType:USER, grantOption:true), PrivilegeGrantInfo(privilege:UPDATE, createTime:-1, grantor:alex, grantorType:USER, grantOption:true), PrivilegeGrantInfo(privilege:DELETE, createTime:-1, grantor:alex, grantorType:USER, grantOption:true)]}, groupPrivileges:null, rolePrivileges:null), temporary:false, catName:hive, ownerType:USER)	
2024-04-24T01:09:22,661  INFO [main] utils.FileUtils: Creating directory if it doesn't exist: file:/home/alex/Repositories/hive/ql/target/tmp/org.apache.hadoop.hive.ql.TestTxnCommands-1713946100941/warehouse/nonacidorctbl
2024-04-24T01:09:22,684  INFO [main] metadata.Hive: Dumping metastore api call timing information for : execution phase
2024-04-24T01:09:22,684  INFO [main] metadata.Hive: Total time spent in each metastore function (ms): {isCompatibleWith_(Configuration)=0, createTable_(Table)=28}
2024-04-24T01:09:22,684  INFO [main] ql.Driver: Completed executing command(queryId=alex_20240424010922_bbf6c207-e2a6-4243-a20d-fd1021a43163); Time taken: 0.031 seconds
2024-04-24T01:09:22,684  INFO [main] lockmgr.DbTxnManager: Stopped heartbeat for query: alex_20240424010922_bbf6c207-e2a6-4243-a20d-fd1021a43163
2024-04-24T01:09:22,688  INFO [main] txn.TxnHandler: Expected to move at least one record from txn_components to completed_txn_components when committing txn! txnid:9
2024-04-24T01:09:22,695  INFO [main] txn.TxnHandler: Removed transactions: ([9]) from MIN_HISTORY_LEVEL
2024-04-24T01:09:22,695  WARN [main] txn.CompactionTxnHandler: No compaction queue record found for Compaction type transaction commit. txnId:9
2024-04-24T01:09:22,696  INFO [main] ql.TxnCommandsBaseForTests: Running the query: create table nonAcidOrcTbl2(a int, b int) clustered by (a) into 2 buckets stored as orc TBLPROPERTIES ('transactional'='false')
2024-04-24T01:09:22,696  INFO [main] ql.Driver: Compiling command(queryId=alex_20240424010922_b5120e2b-016c-4bb3-acbb-bf7c9560513c): create table nonAcidOrcTbl2(a int, b int) clustered by (a) into 2 buckets stored as orc TBLPROPERTIES ('transactional'='false')
2024-04-24T01:09:22,699  INFO [main] txn.TxnHandler: Added entries to MIN_HISTORY_LEVEL for current txns: ([10]) with min_open_txn: 1
2024-04-24T01:09:22,699  INFO [main] lockmgr.DbTxnManager: Opened txnid:10
2024-04-24T01:09:22,700  INFO [main] parse.CalcitePlanner: Starting caching scope for: 
2024-04-24T01:09:22,700  INFO [main] parse.CalcitePlanner: Starting Semantic Analysis
2024-04-24T01:09:22,702  INFO [main] parse.CalcitePlanner: Creating table default.nonAcidOrcTbl2 position=13
2024-04-24T01:09:22,702  INFO [main] HiveMetaStore.audit: ugi=alex	ip=unknown-ip-addr	cmd=get_database: default	
2024-04-24T01:09:22,704  INFO [main] parse.CalcitePlanner: Ending caching scope for: 
2024-04-24T01:09:22,704  INFO [main] ql.Driver: Semantic Analysis Completed (retrial = false)
2024-04-24T01:09:22,704  INFO [main] ql.Driver: Created Hive schema: Schema(fieldSchemas:null, properties:null)
2024-04-24T01:09:22,704  INFO [main] metadata.Hive: Dumping metastore api call timing information for : compilation phase
2024-04-24T01:09:22,704  INFO [main] metadata.Hive: Total time spent in each metastore function (ms): {isCompatibleWith_(Configuration)=1, flushCache_()=0, getValidTxns_(long)=0, getDatabase_(String)=2, commitTxn_(CommitTxnRequest)=11, openTxn_(String, TxnType)=2, getValidWriteIds_(List, String)=2}
2024-04-24T01:09:22,704  INFO [main] ql.Driver: Completed compiling command(queryId=alex_20240424010922_b5120e2b-016c-4bb3-acbb-bf7c9560513c); Time taken: 0.008 seconds
2024-04-24T01:09:22,705  INFO [main] lockmgr.DbTxnManager: Setting lock request transaction to txnid:10 for queryId=alex_20240424010922_b5120e2b-016c-4bb3-acbb-bf7c9560513c
2024-04-24T01:09:22,705  INFO [main] lockmgr.DbLockManager: Requesting lock for queryId=alex_20240424010922_b5120e2b-016c-4bb3-acbb-bf7c9560513c
2024-04-24T01:09:22,720  INFO [main] lockmgr.DbLockManager: Response to queryId=alex_20240424010922_b5120e2b-016c-4bb3-acbb-bf7c9560513c LockResponse(lockid:4, state:ACQUIRED)
2024-04-24T01:09:22,720  INFO [main] ql.Driver: Operation CREATETABLE obtained 1 locks
2024-04-24T01:09:22,720  INFO [main] ql.Driver: Executing command(queryId=alex_20240424010922_b5120e2b-016c-4bb3-acbb-bf7c9560513c): create table nonAcidOrcTbl2(a int, b int) clustered by (a) into 2 buckets stored as orc TBLPROPERTIES ('transactional'='false')
2024-04-24T01:09:22,720  INFO [main] ql.Driver: Starting task [Stage-0:DDL] in serial mode
2024-04-24T01:09:22,721  INFO [main] HiveMetaStore.audit: ugi=alex	ip=unknown-ip-addr	cmd=create_table_req: Table(tableName:nonAcidOrcTbl2, dbName:default, owner:alex, createTime:1713946162, lastAccessTime:0, retention:0, sd:StorageDescriptor(cols:[FieldSchema(name:a, type:int, comment:null), FieldSchema(name:b, type:int, comment:null)], location:null, inputFormat:org.apache.hadoop.hive.ql.io.orc.OrcInputFormat, outputFormat:org.apache.hadoop.hive.ql.io.orc.OrcOutputFormat, compressed:false, numBuckets:2, serdeInfo:SerDeInfo(name:null, serializationLib:org.apache.hadoop.hive.ql.io.orc.OrcSerde, parameters:{serialization.format=1}), bucketCols:[a], sortCols:[], parameters:{}, skewedInfo:SkewedInfo(skewedColNames:[], skewedColValues:[], skewedColValueLocationMaps:{}), storedAsSubDirectories:false), partitionKeys:[], parameters:{totalSize=0, rawDataSize=0, numFilesErasureCoded=0, numFiles=0, numRows=0, bucketing_version=2, COLUMN_STATS_ACCURATE={"BASIC_STATS":"true","COLUMN_STATS":{"a":"true","b":"true"}}, transactional=false}, viewOriginalText:null, viewExpandedText:null, tableType:MANAGED_TABLE, privileges:PrincipalPrivilegeSet(userPrivileges:{alex=[PrivilegeGrantInfo(privilege:INSERT, createTime:-1, grantor:alex, grantorType:USER, grantOption:true), PrivilegeGrantInfo(privilege:SELECT, createTime:-1, grantor:alex, grantorType:USER, grantOption:true), PrivilegeGrantInfo(privilege:UPDATE, createTime:-1, grantor:alex, grantorType:USER, grantOption:true), PrivilegeGrantInfo(privilege:DELETE, createTime:-1, grantor:alex, grantorType:USER, grantOption:true)]}, groupPrivileges:null, rolePrivileges:null), temporary:false, catName:hive, ownerType:USER)	
2024-04-24T01:09:22,727  INFO [main] utils.FileUtils: Creating directory if it doesn't exist: file:/home/alex/Repositories/hive/ql/target/tmp/org.apache.hadoop.hive.ql.TestTxnCommands-1713946100941/warehouse/nonacidorctbl2
2024-04-24T01:09:22,741  INFO [main] metadata.Hive: Dumping metastore api call timing information for : execution phase
2024-04-24T01:09:22,741  INFO [main] metadata.Hive: Total time spent in each metastore function (ms): {createTable_(Table)=19, isCompatibleWith_(Configuration)=0}
2024-04-24T01:09:22,741  INFO [main] ql.Driver: Completed executing command(queryId=alex_20240424010922_b5120e2b-016c-4bb3-acbb-bf7c9560513c); Time taken: 0.021 seconds
2024-04-24T01:09:22,741  INFO [main] lockmgr.DbTxnManager: Stopped heartbeat for query: alex_20240424010922_b5120e2b-016c-4bb3-acbb-bf7c9560513c
2024-04-24T01:09:22,745  INFO [main] txn.TxnHandler: Expected to move at least one record from txn_components to completed_txn_components when committing txn! txnid:10
2024-04-24T01:09:22,752  INFO [main] txn.TxnHandler: Removed transactions: ([10]) from MIN_HISTORY_LEVEL
2024-04-24T01:09:22,752  WARN [main] txn.CompactionTxnHandler: No compaction queue record found for Compaction type transaction commit. txnId:10
2024-04-24T01:09:22,753  INFO [main] ql.TxnCommandsBaseForTests: Running the query: create temporary  table acidTbl2(a int, b int, c int) clustered by (c) into 2 buckets stored as orc TBLPROPERTIES ('transactional'='true')
2024-04-24T01:09:22,753  INFO [main] ql.Driver: Compiling command(queryId=alex_20240424010922_83b32054-aa1e-427a-b053-d52885fb8f6d): create temporary  table acidTbl2(a int, b int, c int) clustered by (c) into 2 buckets stored as orc TBLPROPERTIES ('transactional'='true')
2024-04-24T01:09:22,756  INFO [main] txn.TxnHandler: Added entries to MIN_HISTORY_LEVEL for current txns: ([11]) with min_open_txn: 1
2024-04-24T01:09:22,756  INFO [main] lockmgr.DbTxnManager: Opened txnid:11
2024-04-24T01:09:22,757  INFO [main] parse.CalcitePlanner: Starting caching scope for: 
2024-04-24T01:09:22,757  INFO [main] parse.CalcitePlanner: Starting Semantic Analysis
2024-04-24T01:09:22,760  INFO [main] parse.CalcitePlanner: Creating table default.acidTbl2 position=24
2024-04-24T01:09:22,760  INFO [main] HiveMetaStore.audit: ugi=alex	ip=unknown-ip-addr	cmd=get_database: default	
2024-04-24T01:09:22,762  INFO [main] parse.CalcitePlanner: Ending caching scope for: 
2024-04-24T01:09:22,762  INFO [main] ql.Driver: Semantic Analysis Completed (retrial = false)
2024-04-24T01:09:22,763  INFO [main] ql.Driver: Created Hive schema: Schema(fieldSchemas:null, properties:null)
2024-04-24T01:09:22,763  INFO [main] metadata.Hive: Dumping metastore api call timing information for : compilation phase
2024-04-24T01:09:22,763  INFO [main] metadata.Hive: Total time spent in each metastore function (ms): {flushCache_()=0, getValidWriteIds_(List, String)=3, getDatabase_(String)=2, openTxn_(String, TxnType)=2, isCompatibleWith_(Configuration)=0, getValidTxns_(long)=1, commitTxn_(CommitTxnRequest)=12}
2024-04-24T01:09:22,763  INFO [main] ql.Driver: Completed compiling command(queryId=alex_20240424010922_83b32054-aa1e-427a-b053-d52885fb8f6d); Time taken: 0.01 seconds
2024-04-24T01:09:22,763  INFO [main] lockmgr.DbTxnManager: Setting lock request transaction to txnid:11 for queryId=alex_20240424010922_83b32054-aa1e-427a-b053-d52885fb8f6d
2024-04-24T01:09:22,763  INFO [main] lockmgr.DbLockManager: Requesting lock for queryId=alex_20240424010922_83b32054-aa1e-427a-b053-d52885fb8f6d
2024-04-24T01:09:22,779  INFO [main] lockmgr.DbLockManager: Response to queryId=alex_20240424010922_83b32054-aa1e-427a-b053-d52885fb8f6d LockResponse(lockid:5, state:ACQUIRED)
2024-04-24T01:09:22,779  INFO [main] ql.Driver: Operation CREATETABLE obtained 1 locks
2024-04-24T01:09:22,780  INFO [main] ql.Driver: Executing command(queryId=alex_20240424010922_83b32054-aa1e-427a-b053-d52885fb8f6d): create temporary  table acidTbl2(a int, b int, c int) clustered by (c) into 2 buckets stored as orc TBLPROPERTIES ('transactional'='true')
2024-04-24T01:09:22,780  INFO [main] ql.Driver: Starting task [Stage-0:DDL] in serial mode
2024-04-24T01:09:22,782  INFO [main] utils.FileUtils: Creating directory if it doesn't exist: file:/home/alex/Repositories/hive/ql/target/tmp/scratchdir/alex/2b2ee945-0728-41c0-a369-3f406a7a5928/_tmp_space.db/cca1930a-db0e-48ca-9f9f-5a0a9e632680
2024-04-24T01:09:22,785  INFO [main] metadata.Hive: Dumping metastore api call timing information for : execution phase
2024-04-24T01:09:22,785  INFO [main] metadata.Hive: Total time spent in each metastore function (ms): {isCompatibleWith_(Configuration)=0, createTable_(Table)=3}
2024-04-24T01:09:22,785  INFO [main] ql.Driver: Completed executing command(queryId=alex_20240424010922_83b32054-aa1e-427a-b053-d52885fb8f6d); Time taken: 0.005 seconds
2024-04-24T01:09:22,785  INFO [main] lockmgr.DbTxnManager: Stopped heartbeat for query: alex_20240424010922_83b32054-aa1e-427a-b053-d52885fb8f6d
2024-04-24T01:09:22,790  INFO [main] txn.TxnHandler: Expected to move at least one record from txn_components to completed_txn_components when committing txn! txnid:11
2024-04-24T01:09:22,797  INFO [main] txn.TxnHandler: Removed transactions: ([11]) from MIN_HISTORY_LEVEL
2024-04-24T01:09:22,798  WARN [main] txn.CompactionTxnHandler: No compaction queue record found for Compaction type transaction commit. txnId:11
2024-04-24T01:09:22,798  INFO [main] ql.TxnCommandsBaseForTests: Running the query: create table nonAcidNonBucket(a int, b int) stored as orc TBLPROPERTIES ('transactional'='false')
2024-04-24T01:09:22,798  INFO [main] ql.Driver: Compiling command(queryId=alex_20240424010922_af7cbfde-82c5-47a5-94f6-d9ea42febdb4): create table nonAcidNonBucket(a int, b int) stored as orc TBLPROPERTIES ('transactional'='false')
2024-04-24T01:09:22,801  INFO [main] txn.TxnHandler: Added entries to MIN_HISTORY_LEVEL for current txns: ([12]) with min_open_txn: 1
2024-04-24T01:09:22,801  INFO [main] lockmgr.DbTxnManager: Opened txnid:12
2024-04-24T01:09:22,802  INFO [main] parse.CalcitePlanner: Starting caching scope for: 
2024-04-24T01:09:22,802  INFO [main] parse.CalcitePlanner: Starting Semantic Analysis
2024-04-24T01:09:22,804  INFO [main] parse.CalcitePlanner: Creating table default.nonAcidNonBucket position=13
2024-04-24T01:09:22,804  INFO [main] HiveMetaStore.audit: ugi=alex	ip=unknown-ip-addr	cmd=get_database: default	
2024-04-24T01:09:22,806  INFO [main] parse.CalcitePlanner: Ending caching scope for: 
2024-04-24T01:09:22,806  INFO [main] ql.Driver: Semantic Analysis Completed (retrial = false)
2024-04-24T01:09:22,806  INFO [main] ql.Driver: Created Hive schema: Schema(fieldSchemas:null, properties:null)
2024-04-24T01:09:22,806  INFO [main] metadata.Hive: Dumping metastore api call timing information for : compilation phase
2024-04-24T01:09:22,806  INFO [main] metadata.Hive: Total time spent in each metastore function (ms): {getDatabase_(String)=2, openTxn_(String, TxnType)=2, getValidWriteIds_(List, String)=2, commitTxn_(CommitTxnRequest)=13, flushCache_()=0, getValidTxns_(long)=0, isCompatibleWith_(Configuration)=0}
2024-04-24T01:09:22,806  INFO [main] ql.Driver: Completed compiling command(queryId=alex_20240424010922_af7cbfde-82c5-47a5-94f6-d9ea42febdb4); Time taken: 0.008 seconds
2024-04-24T01:09:22,807  INFO [main] lockmgr.DbTxnManager: Setting lock request transaction to txnid:12 for queryId=alex_20240424010922_af7cbfde-82c5-47a5-94f6-d9ea42febdb4
2024-04-24T01:09:22,807  INFO [main] lockmgr.DbLockManager: Requesting lock for queryId=alex_20240424010922_af7cbfde-82c5-47a5-94f6-d9ea42febdb4
2024-04-24T01:09:22,827  INFO [main] lockmgr.DbLockManager: Response to queryId=alex_20240424010922_af7cbfde-82c5-47a5-94f6-d9ea42febdb4 LockResponse(lockid:6, state:ACQUIRED)
2024-04-24T01:09:22,827  INFO [main] ql.Driver: Operation CREATETABLE obtained 1 locks
2024-04-24T01:09:22,827  INFO [main] ql.Driver: Executing command(queryId=alex_20240424010922_af7cbfde-82c5-47a5-94f6-d9ea42febdb4): create table nonAcidNonBucket(a int, b int) stored as orc TBLPROPERTIES ('transactional'='false')
2024-04-24T01:09:22,827  INFO [main] ql.Driver: Starting task [Stage-0:DDL] in serial mode
2024-04-24T01:09:22,828  INFO [main] HiveMetaStore.audit: ugi=alex	ip=unknown-ip-addr	cmd=create_table_req: Table(tableName:nonAcidNonBucket, dbName:default, owner:alex, createTime:1713946162, lastAccessTime:0, retention:0, sd:StorageDescriptor(cols:[FieldSchema(name:a, type:int, comment:null), FieldSchema(name:b, type:int, comment:null)], location:null, inputFormat:org.apache.hadoop.hive.ql.io.orc.OrcInputFormat, outputFormat:org.apache.hadoop.hive.ql.io.orc.OrcOutputFormat, compressed:false, numBuckets:-1, serdeInfo:SerDeInfo(name:null, serializationLib:org.apache.hadoop.hive.ql.io.orc.OrcSerde, parameters:{serialization.format=1}), bucketCols:[], sortCols:[], parameters:{}, skewedInfo:SkewedInfo(skewedColNames:[], skewedColValues:[], skewedColValueLocationMaps:{}), storedAsSubDirectories:false), partitionKeys:[], parameters:{bucketing_version=2, rawDataSize=0, numFiles=0, numRows=0, numFilesErasureCoded=0, totalSize=0, COLUMN_STATS_ACCURATE={"BASIC_STATS":"true","COLUMN_STATS":{"a":"true","b":"true"}}, transactional=false}, viewOriginalText:null, viewExpandedText:null, tableType:MANAGED_TABLE, privileges:PrincipalPrivilegeSet(userPrivileges:{alex=[PrivilegeGrantInfo(privilege:INSERT, createTime:-1, grantor:alex, grantorType:USER, grantOption:true), PrivilegeGrantInfo(privilege:SELECT, createTime:-1, grantor:alex, grantorType:USER, grantOption:true), PrivilegeGrantInfo(privilege:UPDATE, createTime:-1, grantor:alex, grantorType:USER, grantOption:true), PrivilegeGrantInfo(privilege:DELETE, createTime:-1, grantor:alex, grantorType:USER, grantOption:true)]}, groupPrivileges:null, rolePrivileges:null), temporary:false, catName:hive, ownerType:USER)	
2024-04-24T01:09:22,834  INFO [main] utils.FileUtils: Creating directory if it doesn't exist: file:/home/alex/Repositories/hive/ql/target/tmp/org.apache.hadoop.hive.ql.TestTxnCommands-1713946100941/warehouse/nonacidnonbucket
2024-04-24T01:09:22,849  INFO [main] metadata.Hive: Dumping metastore api call timing information for : execution phase
2024-04-24T01:09:22,850  INFO [main] metadata.Hive: Total time spent in each metastore function (ms): {createTable_(Table)=21, isCompatibleWith_(Configuration)=0}
2024-04-24T01:09:22,850  INFO [main] ql.Driver: Completed executing command(queryId=alex_20240424010922_af7cbfde-82c5-47a5-94f6-d9ea42febdb4); Time taken: 0.022 seconds
2024-04-24T01:09:22,850  INFO [main] lockmgr.DbTxnManager: Stopped heartbeat for query: alex_20240424010922_af7cbfde-82c5-47a5-94f6-d9ea42febdb4
2024-04-24T01:09:22,854  INFO [main] txn.TxnHandler: Expected to move at least one record from txn_components to completed_txn_components when committing txn! txnid:12
2024-04-24T01:09:22,862  INFO [main] txn.TxnHandler: Removed transactions: ([12]) from MIN_HISTORY_LEVEL
2024-04-24T01:09:22,862  WARN [main] txn.CompactionTxnHandler: No compaction queue record found for Compaction type transaction commit. txnId:12
2024-04-24T01:09:22,863  INFO [main] ql.TxnCommandsBaseForTests: Running the query: insert into nonAcidOrcTbl  values(2,2),(4,44),(5,5),(11,11)
2024-04-24T01:09:22,863  INFO [main] ql.Driver: Compiling command(queryId=alex_20240424010922_196a2d3a-da6d-41a9-b664-931fa21f493b): insert into nonAcidOrcTbl  values(2,2),(4,44),(5,5),(11,11)
2024-04-24T01:09:22,866  INFO [main] txn.TxnHandler: Added entries to MIN_HISTORY_LEVEL for current txns: ([13]) with min_open_txn: 1
2024-04-24T01:09:22,867  INFO [main] lockmgr.DbTxnManager: Opened txnid:13
2024-04-24T01:09:22,867  INFO [main] parse.CalcitePlanner: Starting caching scope for: 
2024-04-24T01:09:22,867  INFO [main] parse.CalcitePlanner: Starting Semantic Analysis
2024-04-24T01:09:22,870  INFO [main] HiveMetaStore.audit: ugi=alex	ip=unknown-ip-addr	cmd=get_table : tbl=hive.default.nonAcidOrcTbl	
2024-04-24T01:09:22,909  INFO [main] metastore.HMSHandler: Skipping translation for processor with null
2024-04-24T01:09:22,909  INFO [main] parse.CalcitePlanner: Completed phase 1 of Semantic Analysis
2024-04-24T01:09:22,909  INFO [main] parse.CalcitePlanner: Get metadata for source tables
2024-04-24T01:09:22,909  INFO [main] parse.CalcitePlanner: Get metadata for subqueries
2024-04-24T01:09:22,909  INFO [main] parse.CalcitePlanner: Get metadata for destination tables
2024-04-24T01:09:22,909  INFO [main] HiveMetaStore.audit: ugi=alex	ip=unknown-ip-addr	cmd=get_table : tbl=hive.default.nonAcidOrcTbl	
2024-04-24T01:09:22,918  INFO [main] metastore.HMSHandler: Skipping translation for processor with null
2024-04-24T01:09:22,918  INFO [main] parse.CalcitePlanner: Completed getting MetaData in Semantic Analysis
2024-04-24T01:09:22,918  INFO [main] parse.CalcitePlanner: Disabling LLAP IO encode as ETL query is detected
2024-04-24T01:09:22,939  INFO [main] HiveMetaStore.audit: ugi=alex	ip=unknown-ip-addr	cmd=get_all_table_constraints : tbl=hive._dummy_database._dummy_table	
2024-04-24T01:09:23,018  INFO [main] parse.CalcitePlanner: Get metadata for source tables
2024-04-24T01:09:23,018  INFO [main] parse.CalcitePlanner: Get metadata for subqueries
2024-04-24T01:09:23,018  INFO [main] parse.CalcitePlanner: Get metadata for source tables
2024-04-24T01:09:23,019  INFO [main] HiveMetaStore.audit: ugi=alex	ip=unknown-ip-addr	cmd=get_table : tbl=hive._dummy_database._dummy_table	
2024-04-24T01:09:23,022  INFO [main] parse.CalcitePlanner: Get metadata for subqueries
2024-04-24T01:09:23,022  INFO [main] parse.CalcitePlanner: Get metadata for destination tables
2024-04-24T01:09:23,022  INFO [main] parse.CalcitePlanner: Get metadata for destination tables
2024-04-24T01:09:23,022  INFO [main] HiveMetaStore.audit: ugi=alex	ip=unknown-ip-addr	cmd=get_table : tbl=hive.default.nonAcidOrcTbl	
2024-04-24T01:09:23,031  INFO [main] metastore.HMSHandler: Skipping translation for processor with null
2024-04-24T01:09:23,033  INFO [main] common.FileUtils: Creating directory if it doesn't exist: file:/home/alex/Repositories/hive/ql/target/tmp/org.apache.hadoop.hive.ql.TestTxnCommands-1713946100941/warehouse/nonacidorctbl/.hive-staging_hive_2024-04-24_01-09-22_863_3894093196465591380-1
2024-04-24T01:09:23,036  INFO [main] HiveMetaStore.audit: ugi=alex	ip=unknown-ip-addr	cmd=get_not_null_constraints : tbl=hive.default.nonacidorctbl	
2024-04-24T01:09:23,037  INFO [main] HiveMetaStore.audit: ugi=alex	ip=unknown-ip-addr	cmd=get_check_constraints : tbl=hive.default.nonacidorctbl	
2024-04-24T01:09:23,040  INFO [main] parse.CalcitePlanner: CBO Succeeded; optimized logical plan.
2024-04-24T01:09:23,044  INFO [main] optimizer.ColumnPrunerProcFactory: RS 4 oldColExprMap: {KEY.reducesinkkey0=Column[_col0], VALUE._col0=Column[_col1]}
2024-04-24T01:09:23,044  INFO [main] optimizer.ColumnPrunerProcFactory: RS 4 newColExprMap: {KEY.reducesinkkey0=Column[_col0], VALUE._col0=Column[_col1]}
2024-04-24T01:09:23,044  INFO [main] optimizer.BucketVersionPopulator: not considering bucketingVersion for: TS[0] because it has -1<2 buckets 
2024-04-24T01:09:23,045  INFO [main] optimizer.SortedDynPartitionOptimizer: Sorted dynamic partitioning optimization kicked in..
2024-04-24T01:09:23,054  INFO [main] HiveMetaStore.audit: ugi=alex	ip=unknown-ip-addr	cmd=get_table : tbl=hive.default.nonacidorctbl	
2024-04-24T01:09:23,064  INFO [main] metastore.HMSHandler: Skipping translation for processor with null
2024-04-24T01:09:23,064  INFO [main] physical.Vectorizer: Examining input format to see if vectorization is enabled.
2024-04-24T01:09:23,064  INFO [main] physical.Vectorizer: Map vectorization enabled: false
2024-04-24T01:09:23,064  INFO [main] physical.Vectorizer: Map vectorized: false
2024-04-24T01:09:23,064  INFO [main] physical.Vectorizer: Map vectorizedVertexNum: 0
2024-04-24T01:09:23,064  INFO [main] physical.Vectorizer: Map enabledConditionsMet: [hive.vectorized.use.vectorized.input.format IS true]
2024-04-24T01:09:23,064  INFO [main] physical.Vectorizer: Map enabledConditionsNotMet: [Could not enable vectorization due to partition column names size 1 is greater than the number of table column names size 0 IS false]
2024-04-24T01:09:23,064  INFO [main] physical.Vectorizer: Map inputFileFormatClassNameSet: [org.apache.hadoop.hive.ql.io.NullRowsInputFormat]
2024-04-24T01:09:23,064  INFO [main] physical.Vectorizer: Reduce vectorization enabled: false
2024-04-24T01:09:23,065  INFO [main] physical.Vectorizer: Reduce vectorized: false
2024-04-24T01:09:23,065  INFO [main] physical.Vectorizer: Reduce vectorizedVertexNum: 1
2024-04-24T01:09:23,065  INFO [main] physical.Vectorizer: Reducer hive.vectorized.execution.reduce.enabled: true
2024-04-24T01:09:23,065  INFO [main] physical.Vectorizer: Reducer engine: mr
2024-04-24T01:09:23,065  INFO [main] parse.CalcitePlanner: Completed plan generation
2024-04-24T01:09:23,065  INFO [main] parse.CalcitePlanner: Ending caching scope for: 
2024-04-24T01:09:23,065  INFO [main] ql.Driver: Semantic Analysis Completed (retrial = false)
2024-04-24T01:09:23,065  INFO [main] ql.Driver: Created Hive schema: Schema(fieldSchemas:[FieldSchema(name:col1, type:int, comment:null), FieldSchema(name:col2, type:int, comment:null)], properties:null)
2024-04-24T01:09:23,065  INFO [main] metadata.Hive: Dumping metastore api call timing information for : compilation phase
2024-04-24T01:09:23,065  INFO [main] metadata.Hive: Total time spent in each metastore function (ms): {commitTxn_(CommitTxnRequest)=12, flushCache_()=0, openTxn_(String, TxnType)=3, isCompatibleWith_(Configuration)=0, getTable_(GetTableRequest)=67, getNotNullConstraints_(NotNullConstraintsRequest)=1, getValidWriteIds_(List, String)=4, getValidTxns_(long)=0, getCheckConstraints_(CheckConstraintsRequest)=2, getAllTableConstraints_(AllTableConstraintsRequest)=31}
2024-04-24T01:09:23,065  INFO [main] ql.Driver: Completed compiling command(queryId=alex_20240424010922_196a2d3a-da6d-41a9-b664-931fa21f493b); Time taken: 0.202 seconds
2024-04-24T01:09:23,065  INFO [main] lockmgr.DbTxnManager: Setting lock request transaction to txnid:13 for queryId=alex_20240424010922_196a2d3a-da6d-41a9-b664-931fa21f493b
2024-04-24T01:09:23,066  INFO [main] lockmgr.DbLockManager: Requesting lock for queryId=alex_20240424010922_196a2d3a-da6d-41a9-b664-931fa21f493b
2024-04-24T01:09:23,086  INFO [main] lockmgr.DbLockManager: Response to queryId=alex_20240424010922_196a2d3a-da6d-41a9-b664-931fa21f493b LockResponse(lockid:7, state:ACQUIRED)
2024-04-24T01:09:23,086  INFO [main] ql.Driver: Operation QUERY obtained 1 locks
2024-04-24T01:09:23,086  INFO [main] ql.Driver: Executing command(queryId=alex_20240424010922_196a2d3a-da6d-41a9-b664-931fa21f493b): insert into nonAcidOrcTbl  values(2,2),(4,44),(5,5),(11,11)
2024-04-24T01:09:23,087  WARN [main] ql.Driver: Hive-on-MR is deprecated in Hive 2 and may not be available in the future versions. Consider using a different execution engine (i.e. spark, tez) or using Hive 1.X releases.
Query ID = alex_20240424010922_196a2d3a-da6d-41a9-b664-931fa21f493b
2024-04-24T01:09:23,087  INFO [main] ql.Driver: Query ID = alex_20240424010922_196a2d3a-da6d-41a9-b664-931fa21f493b
Total jobs = 1
2024-04-24T01:09:23,087  INFO [main] ql.Driver: Total jobs = 1
Launching Job 1 out of 1
2024-04-24T01:09:23,087  INFO [main] ql.Driver: Launching Job 1 out of 1
2024-04-24T01:09:23,217  INFO [main] ql.Driver: Starting task [Stage-1:MAPRED] in serial mode
Number of reduce tasks determined at compile time: 2
2024-04-24T01:09:23,217  INFO [main] exec.Task: Number of reduce tasks determined at compile time: 2
In order to change the average load for a reducer (in bytes):
2024-04-24T01:09:23,217  INFO [main] exec.Task: In order to change the average load for a reducer (in bytes):
  set hive.exec.reducers.bytes.per.reducer=<number>
2024-04-24T01:09:23,217  INFO [main] exec.Task:   set hive.exec.reducers.bytes.per.reducer=<number>
In order to limit the maximum number of reducers:
2024-04-24T01:09:23,217  INFO [main] exec.Task: In order to limit the maximum number of reducers:
  set hive.exec.reducers.max=<number>
2024-04-24T01:09:23,217  INFO [main] exec.Task:   set hive.exec.reducers.max=<number>
In order to set a constant number of reducers:
2024-04-24T01:09:23,218  INFO [main] exec.Task: In order to set a constant number of reducers:
  set mapreduce.job.reduces=<number>
2024-04-24T01:09:23,218  INFO [main] exec.Task:   set mapreduce.job.reduces=<number>
2024-04-24T01:09:23,220  INFO [main] mr.ExecDriver: Using org.apache.hadoop.hive.ql.io.HiveInputFormat
2024-04-24T01:09:23,220  INFO [main] exec.Utilities: Processing alias $hdt$_0:_dummy_table
2024-04-24T01:09:23,220  INFO [main] exec.Utilities: Adding 1 inputs; the first input is file:/home/alex/Repositories/hive/ql/target/tmp/localscratchdir/2b2ee945-0728-41c0-a369-3f406a7a5928/hive_2024-04-24_01-09-22_863_3894093196465591380-1/dummy_path
2024-04-24T01:09:23,230  INFO [main] exec.SerializationUtilities: Serializing MapWork using kryo
2024-04-24T01:09:23,231  INFO [main] exec.Utilities: Serialized plan (via FILE) - name: null size: 5,33KB
2024-04-24T01:09:23,236  INFO [main] exec.SerializationUtilities: Serializing ReduceWork using kryo
2024-04-24T01:09:23,236  INFO [main] exec.Utilities: Serialized plan (via FILE) - name: null size: 6,36KB
2024-04-24T01:09:23,237  WARN [main] impl.MetricsSystemImpl: JobTracker metrics system already initialized!
2024-04-24T01:09:23,241  INFO [main] fs.FSStatsPublisher: created : file:/home/alex/Repositories/hive/ql/target/tmp/localscratchdir/2b2ee945-0728-41c0-a369-3f406a7a5928/hive_2024-04-24_01-09-22_863_3894093196465591380-1/-mr-10001
2024-04-24T01:09:23,246  WARN [main] impl.MetricsSystemImpl: JobTracker metrics system already initialized!
2024-04-24T01:09:23,253  WARN [main] mapreduce.JobResourceUploader: Hadoop command-line option parsing not performed. Implement the Tool interface and execute your application with ToolRunner to remedy this.
2024-04-24T01:09:23,257  WARN [main] mapreduce.JobResourceUploader: No job jar file set.  User classes may not be found. See Job or Job#setJar(String).
2024-04-24T01:09:23,258  INFO [main] io.HiveInputFormat: hive.io.file.readcolumn.ids = 
2024-04-24T01:09:23,258  INFO [main] io.HiveInputFormat: hive.io.file.readcolumn.names = 
2024-04-24T01:09:23,258  INFO [main] io.HiveInputFormat: Generating splits for dirs: file:/home/alex/Repositories/hive/ql/target/tmp/localscratchdir/2b2ee945-0728-41c0-a369-3f406a7a5928/hive_2024-04-24_01-09-22_863_3894093196465591380-1/dummy_path
2024-04-24T01:09:23,259  INFO [main] io.HiveInputFormat: number of splits 1
2024-04-24T01:09:23,276  INFO [main] mapreduce.JobSubmitter: number of splits:1
2024-04-24T01:09:23,296  INFO [main] mapreduce.JobSubmitter: Submitting tokens for job: job_local200642549_0021
2024-04-24T01:09:23,296  INFO [main] mapreduce.JobSubmitter: Executing with tokens: []
2024-04-24T01:09:23,374  INFO [main] mapreduce.Job: The url to track the job: http://localhost:8080/
Job running in-process (local Hadoop)
2024-04-24T01:09:23,374  INFO [main] exec.Task: Job running in-process (local Hadoop)
2024-04-24T01:09:23,374  INFO [Thread-1673] mapred.LocalJobRunner: OutputCommitter set in config org.apache.hadoop.hive.ql.io.HiveFileFormatUtils$NullOutputCommitter
2024-04-24T01:09:23,375  INFO [Thread-1673] mapred.LocalJobRunner: OutputCommitter is org.apache.hadoop.hive.ql.io.HiveFileFormatUtils$NullOutputCommitter
2024-04-24T01:09:23,376  INFO [Thread-1673] mapred.LocalJobRunner: Waiting for map tasks
2024-04-24T01:09:23,376  INFO [LocalJobRunner Map Task Executor #0] mapred.LocalJobRunner: Starting task: attempt_local200642549_0021_m_000000_0
2024-04-24T01:09:23,379  INFO [LocalJobRunner Map Task Executor #0] mapred.Task:  Using ResourceCalculatorProcessTree : [ ]
2024-04-24T01:09:23,380  INFO [LocalJobRunner Map Task Executor #0] mapred.MapTask: Processing split: org.apache.hadoop.hive.ql.io.NullRowsInputFormat:file:/home/alex/Repositories/hive/ql/target/tmp/localscratchdir/2b2ee945-0728-41c0-a369-3f406a7a5928/hive_2024-04-24_01-09-22_863_3894093196465591380-1/dummy_path/null:0+1
2024-04-24T01:09:23,382  INFO [LocalJobRunner Map Task Executor #0] exec.SerializationUtilities: Deserializing MapWork using kryo
2024-04-24T01:09:23,382  INFO [LocalJobRunner Map Task Executor #0] exec.Utilities: Deserialized plan (via FILE) - name: null size: 5,33KB
2024-04-24T01:09:23,383  INFO [LocalJobRunner Map Task Executor #0] mapred.MapTask: numReduceTasks: 2
2024-04-24T01:09:23,387  INFO [LocalJobRunner Map Task Executor #0] mapred.MapTask: (EQUATOR) 0 kvi 26214396(104857584)
2024-04-24T01:09:23,388  INFO [LocalJobRunner Map Task Executor #0] mapred.MapTask: mapreduce.task.io.sort.mb: 100
2024-04-24T01:09:23,388  INFO [LocalJobRunner Map Task Executor #0] mapred.MapTask: soft limit at 83886080
2024-04-24T01:09:23,388  INFO [LocalJobRunner Map Task Executor #0] mapred.MapTask: bufstart = 0; bufvoid = 104857600
2024-04-24T01:09:23,388  INFO [LocalJobRunner Map Task Executor #0] mapred.MapTask: kvstart = 26214396; length = 6553600
2024-04-24T01:09:23,388  INFO [LocalJobRunner Map Task Executor #0] mapred.MapTask: Map output collector class = org.apache.hadoop.mapred.MapTask$MapOutputBuffer
2024-04-24T01:09:23,388  INFO [LocalJobRunner Map Task Executor #0] exec.MapOperator: Initializing Operator: MAP[0]
2024-04-24T01:09:23,389  INFO [LocalJobRunner Map Task Executor #0] mr.ExecMapper: 
<MAP>Id =0
  <Children>null
  <\Children>
  <Parent><\Parent>
<\MAP>
2024-04-24T01:09:23,389  INFO [LocalJobRunner Map Task Executor #0] exec.TableScanOperator: Initializing Operator: TS[0]
2024-04-24T01:09:23,389  INFO [LocalJobRunner Map Task Executor #0] exec.SelectOperator: Initializing Operator: SEL[1]
2024-04-24T01:09:23,390  INFO [LocalJobRunner Map Task Executor #0] exec.SelectOperator: SELECT null
2024-04-24T01:09:23,390  INFO [LocalJobRunner Map Task Executor #0] exec.UDTFOperator: Initializing Operator: UDTF[2]
2024-04-24T01:09:23,390  INFO [LocalJobRunner Map Task Executor #0] exec.SelectOperator: Initializing Operator: SEL[3]
2024-04-24T01:09:23,390  INFO [LocalJobRunner Map Task Executor #0] exec.SelectOperator: SELECT struct<col1:int,col2:int>
2024-04-24T01:09:23,390  INFO [LocalJobRunner Map Task Executor #0] exec.ReduceSinkOperator: Initializing Operator: RS[4]
2024-04-24T01:09:23,390  INFO [LocalJobRunner Map Task Executor #0] exec.ReduceSinkOperator: Using tag = -1
2024-04-24T01:09:23,390  INFO [LocalJobRunner Map Task Executor #0] exec.ReduceSinkOperator: keys are [reducesinkkey0] num distributions: 1
2024-04-24T01:09:23,390  INFO [LocalJobRunner Map Task Executor #0] exec.ReduceSinkOperator: RS[4]: records written - 1
2024-04-24T01:09:23,391  INFO [LocalJobRunner Map Task Executor #0] exec.MapOperator: MAP[0]: records read - 1
2024-04-24T01:09:23,391  INFO [LocalJobRunner Map Task Executor #0] exec.MapOperator: Closing Operator: MAP[0]
2024-04-24T01:09:23,391  INFO [LocalJobRunner Map Task Executor #0] exec.MapOperator: MAP[0]: Total records read - 3. abort - false
2024-04-24T01:09:23,391  INFO [LocalJobRunner Map Task Executor #0] exec.MapOperator: RECORDS_OUT_OPERATOR_MAP_0:0, DESERIALIZE_ERRORS:0, RECORDS_IN:3, RECORDS_OUT_INTERMEDIATE:0, 
2024-04-24T01:09:23,391  INFO [LocalJobRunner Map Task Executor #0] exec.TableScanOperator: Closing Operator: TS[0]
2024-04-24T01:09:23,391  INFO [LocalJobRunner Map Task Executor #0] exec.TableScanOperator: RECORDS_OUT_OPERATOR_TS_0:1, RECORDS_OUT_INTERMEDIATE:0, 
2024-04-24T01:09:23,391  INFO [LocalJobRunner Map Task Executor #0] exec.SelectOperator: Closing Operator: SEL[1]
2024-04-24T01:09:23,391  INFO [LocalJobRunner Map Task Executor #0] exec.SelectOperator: RECORDS_OUT_OPERATOR_SEL_1:1, RECORDS_OUT_INTERMEDIATE:0, 
2024-04-24T01:09:23,391  INFO [LocalJobRunner Map Task Executor #0] exec.UDTFOperator: Closing Operator: UDTF[2]
2024-04-24T01:09:23,391  INFO [LocalJobRunner Map Task Executor #0] exec.UDTFOperator: RECORDS_OUT_INTERMEDIATE:0, RECORDS_OUT_OPERATOR_UDTF_2:4, 
2024-04-24T01:09:23,391  INFO [LocalJobRunner Map Task Executor #0] exec.SelectOperator: Closing Operator: SEL[3]
2024-04-24T01:09:23,391  INFO [LocalJobRunner Map Task Executor #0] exec.SelectOperator: RECORDS_OUT_OPERATOR_SEL_3:4, RECORDS_OUT_INTERMEDIATE:0, 
2024-04-24T01:09:23,391  INFO [LocalJobRunner Map Task Executor #0] exec.ReduceSinkOperator: Closing Operator: RS[4]
2024-04-24T01:09:23,391  INFO [LocalJobRunner Map Task Executor #0] exec.ReduceSinkOperator: RS[4]: Total records written - 4. abort - false
2024-04-24T01:09:23,391  INFO [LocalJobRunner Map Task Executor #0] exec.ReduceSinkOperator: RECORDS_OUT_OPERATOR_RS_4:4, RECORDS_OUT_INTERMEDIATE:4, 
2024-04-24T01:09:23,393  INFO [LocalJobRunner Map Task Executor #0] mapred.LocalJobRunner: 
2024-04-24T01:09:23,393  INFO [LocalJobRunner Map Task Executor #0] mapred.MapTask: Starting flush of map output
2024-04-24T01:09:23,393  INFO [LocalJobRunner Map Task Executor #0] mapred.MapTask: Spilling map output
2024-04-24T01:09:23,393  INFO [LocalJobRunner Map Task Executor #0] mapred.MapTask: bufstart = 0; bufend = 64; bufvoid = 104857600
2024-04-24T01:09:23,393  INFO [LocalJobRunner Map Task Executor #0] mapred.MapTask: kvstart = 26214396(104857584); kvend = 26214384(104857536); length = 13/6553600
2024-04-24T01:09:23,403  INFO [LocalJobRunner Map Task Executor #0] mapred.MapTask: Finished spill 0
2024-04-24T01:09:23,408  INFO [LocalJobRunner Map Task Executor #0] mapred.Task: Task:attempt_local200642549_0021_m_000000_0 is done. And is in the process of committing
2024-04-24T01:09:23,409  INFO [LocalJobRunner Map Task Executor #0] mapred.LocalJobRunner: map
2024-04-24T01:09:23,409  INFO [LocalJobRunner Map Task Executor #0] mapred.Task: Task 'attempt_local200642549_0021_m_000000_0' done.
2024-04-24T01:09:23,409  INFO [LocalJobRunner Map Task Executor #0] mapred.Task: Final Counters for attempt_local200642549_0021_m_000000_0: Counters: 26
	File System Counters
		FILE: Number of bytes read=481921
		FILE: Number of bytes written=26338713
		FILE: Number of read operations=0
		FILE: Number of large read operations=0
		FILE: Number of write operations=0
	Map-Reduce Framework
		Map input records=4
		Map output records=4
		Map output bytes=64
		Map output materialized bytes=84
		Input split bytes=361
		Combine input records=0
		Spilled Records=4
		Failed Shuffles=0
		Merged Map outputs=0
		GC time elapsed (ms)=0
		Total committed heap usage (bytes)=1139277824
	HIVE
		DESERIALIZE_ERRORS=0
		RECORDS_IN=3
		RECORDS_OUT_INTERMEDIATE=4
		RECORDS_OUT_OPERATOR_MAP_0=0
		RECORDS_OUT_OPERATOR_RS_4=4
		RECORDS_OUT_OPERATOR_SEL_1=1
		RECORDS_OUT_OPERATOR_SEL_3=4
		RECORDS_OUT_OPERATOR_TS_0=1
		RECORDS_OUT_OPERATOR_UDTF_2=4
	File Input Format Counters 
		Bytes Read=5381
2024-04-24T01:09:23,409  INFO [LocalJobRunner Map Task Executor #0] mapred.LocalJobRunner: Finishing task: attempt_local200642549_0021_m_000000_0
2024-04-24T01:09:23,409  INFO [Thread-1673] mapred.LocalJobRunner: map task executor complete.
2024-04-24T01:09:23,410  INFO [Thread-1673] mapred.LocalJobRunner: Waiting for reduce tasks
2024-04-24T01:09:23,411  INFO [pool-102-thread-1] mapred.LocalJobRunner: Starting task: attempt_local200642549_0021_r_000000_0
2024-04-24T01:09:23,413  INFO [pool-102-thread-1] mapred.Task:  Using ResourceCalculatorProcessTree : [ ]
2024-04-24T01:09:23,413  INFO [pool-102-thread-1] mapred.ReduceTask: Using ShuffleConsumerPlugin: org.apache.hadoop.mapreduce.task.reduce.Shuffle@30be34df
2024-04-24T01:09:23,413  WARN [pool-102-thread-1] impl.MetricsSystemImpl: JobTracker metrics system already initialized!
2024-04-24T01:09:23,414  INFO [pool-102-thread-1] reduce.MergeManagerImpl: MergerManager: memoryLimit=1336252800, maxSingleShuffleLimit=334063200, mergeThreshold=881926912, ioSortFactor=10, memToMemMergeOutputsThreshold=10
2024-04-24T01:09:23,414  INFO [EventFetcher for fetching Map Completion Events] reduce.EventFetcher: attempt_local200642549_0021_r_000000_0 Thread started: EventFetcher for fetching Map Completion Events
2024-04-24T01:09:23,417  INFO [localfetcher#30] reduce.LocalFetcher: localfetcher#30 about to shuffle output of map attempt_local200642549_0021_m_000000_0 decomp: 20 len: 24 to MEMORY
2024-04-24T01:09:23,417  INFO [localfetcher#30] reduce.InMemoryMapOutput: Read 20 bytes from map-output for attempt_local200642549_0021_m_000000_0
2024-04-24T01:09:23,417  INFO [localfetcher#30] reduce.MergeManagerImpl: closeInMemoryFile -> map-output of size: 20, inMemoryMapOutputs.size() -> 1, commitMemory -> 0, usedMemory ->20
2024-04-24T01:09:23,418  INFO [EventFetcher for fetching Map Completion Events] reduce.EventFetcher: EventFetcher is interrupted.. Returning
2024-04-24T01:09:23,418  INFO [pool-102-thread-1] mapred.LocalJobRunner: 1 / 1 copied.
2024-04-24T01:09:23,418  INFO [pool-102-thread-1] reduce.MergeManagerImpl: finalMerge called with 1 in-memory map-outputs and 0 on-disk map-outputs
2024-04-24T01:09:23,424  INFO [pool-102-thread-1] mapred.Merger: Merging 1 sorted segments
2024-04-24T01:09:23,424  INFO [pool-102-thread-1] mapred.Merger: Down to the last merge-pass, with 1 segments left of total size: 8 bytes
2024-04-24T01:09:23,427  INFO [pool-102-thread-1] reduce.MergeManagerImpl: Merged 1 segments, 20 bytes to disk to satisfy reduce memory limit
2024-04-24T01:09:23,427  INFO [pool-102-thread-1] reduce.MergeManagerImpl: Merging 1 files, 24 bytes from disk
2024-04-24T01:09:23,427  INFO [pool-102-thread-1] reduce.MergeManagerImpl: Merging 0 segments, 0 bytes from memory into reduce
2024-04-24T01:09:23,427  INFO [pool-102-thread-1] mapred.Merger: Merging 1 sorted segments
2024-04-24T01:09:23,427  INFO [pool-102-thread-1] mapred.Merger: Down to the last merge-pass, with 1 segments left of total size: 8 bytes
2024-04-24T01:09:23,427  INFO [pool-102-thread-1] mapred.LocalJobRunner: 1 / 1 copied.
2024-04-24T01:09:23,428  INFO [pool-102-thread-1] exec.SerializationUtilities: Deserializing ReduceWork using kryo
2024-04-24T01:09:23,428  INFO [pool-102-thread-1] exec.Utilities: Deserialized plan (via FILE) - name: null size: 6,36KB
2024-04-24T01:09:23,429  INFO [pool-102-thread-1] ExecReducer: 
<SEL>Id =5
  <Children>
    <FS>Id =6
      <Children>
      <\Children>
      <Parent>Id = 5 null<\Parent>
    <\FS>
  <\Children>
  <Parent><\Parent>
<\SEL>
2024-04-24T01:09:23,429  INFO [pool-102-thread-1] exec.SelectOperator: Initializing Operator: SEL[5]
2024-04-24T01:09:23,429  INFO [pool-102-thread-1] exec.SelectOperator: SELECT struct<key:struct<reducesinkkey0:int>,value:struct<_col0:int>>
2024-04-24T01:09:23,429  INFO [pool-102-thread-1] exec.FileSinkOperator: Initializing Operator: FS[6]
2024-04-24T01:09:23,429  INFO [pool-102-thread-1] exec.FileSinkOperator: Using serializer : AbstractSerDe [log=org.apache.logging.slf4j.Log4jLogger@7c52fdfa, configuration=Optional[Configuration: core-default.xml, core-site.xml, mapred-default.xml, mapred-site.xml, yarn-default.xml, yarn-site.xml, hdfs-default.xml, hdfs-site.xml, file:/home/alex/Repositories/hive/ql/target/tmp/TestTxnCommandsWithSplitUpdateAndVectorization/mapred/local/localRunner/alex/job_local200642549_0021/job_local200642549_0021.xml], properties={name=default.nonacidorctbl, columns.types=int:int, bucket_field_name=a, serialization.format=1, columns=a,b, numFilesErasureCoded=0, columns.comments=&amp#0;, bucketing_version=2, bucket_count=2, serialization.lib=org.apache.hadoop.hive.ql.io.orc.OrcSerde, file.inputformat=org.apache.hadoop.hive.ql.io.orc.OrcInputFormat, file.outputformat=org.apache.hadoop.hive.ql.io.orc.OrcOutputFormat, location=file:/home/alex/Repositories/hive/ql/target/tmp/org.apache.hadoop.hive.ql.TestTxnCommands-1713946100941/warehouse/nonacidorctbl, column.name.delimiter=,}, tableProperties={name=default.nonacidorctbl, columns.types=int:int, bucket_field_name=a, serialization.format=1, columns=a,b, numFilesErasureCoded=0, columns.comments=&amp#0;, bucketing_version=2, bucket_count=2, serialization.lib=org.apache.hadoop.hive.ql.io.orc.OrcSerde, file.inputformat=org.apache.hadoop.hive.ql.io.orc.OrcInputFormat, location=file:/home/alex/Repositories/hive/ql/target/tmp/org.apache.hadoop.hive.ql.TestTxnCommands-1713946100941/warehouse/nonacidorctbl, file.outputformat=org.apache.hadoop.hive.ql.io.orc.OrcOutputFormat, column.name.delimiter=,}, partitionProperties=Optional.empty, columnNames=[a, b], columnTypes=[int, int], getClass()=class org.apache.hadoop.hive.ql.io.orc.OrcSerde] and formatter : org.apache.hadoop.hive.ql.io.orc.OrcOutputFormat@60a30b22
2024-04-24T01:09:23,430  INFO [pool-102-thread-1] exec.FileSinkOperator: Final Path: FS file:/home/alex/Repositories/hive/ql/target/tmp/org.apache.hadoop.hive.ql.TestTxnCommands-1713946100941/warehouse/nonacidorctbl/.hive-staging_hive_2024-04-24_01-09-22_863_3894093196465591380-1/_tmp.-ext-10000/000000_0
2024-04-24T01:09:23,430  INFO [pool-102-thread-1] exec.FileSinkOperator: Writing to temp file: FS file:/home/alex/Repositories/hive/ql/target/tmp/org.apache.hadoop.hive.ql.TestTxnCommands-1713946100941/warehouse/nonacidorctbl/.hive-staging_hive_2024-04-24_01-09-22_863_3894093196465591380-1/_task_tmp.-ext-10000/_tmp.000000_0
2024-04-24T01:09:23,430  INFO [pool-102-thread-1] exec.FileSinkOperator: New Final Path: FS file:/home/alex/Repositories/hive/ql/target/tmp/org.apache.hadoop.hive.ql.TestTxnCommands-1713946100941/warehouse/nonacidorctbl/.hive-staging_hive_2024-04-24_01-09-22_863_3894093196465591380-1/_tmp.-ext-10000/000000_0
2024-04-24T01:09:23,430  INFO [pool-102-thread-1] exec.FileSinkOperator: FS[6]: records written - 1
2024-04-24T01:09:23,430  INFO [pool-102-thread-1] impl.PhysicalFsWriter: ORC writer created for path: file:/home/alex/Repositories/hive/ql/target/tmp/org.apache.hadoop.hive.ql.TestTxnCommands-1713946100941/warehouse/nonacidorctbl/.hive-staging_hive_2024-04-24_01-09-22_863_3894093196465591380-1/_task_tmp.-ext-10000/_tmp.000000_0 with stripeSize: 67108864 blockSize: 268435456 compression: Compress: ZLIB buffer: 262144
2024-04-24T01:09:23,437  INFO [pool-102-thread-1] impl.WriterImpl: ORC writer created for path: file:/home/alex/Repositories/hive/ql/target/tmp/org.apache.hadoop.hive.ql.TestTxnCommands-1713946100941/warehouse/nonacidorctbl/.hive-staging_hive_2024-04-24_01-09-22_863_3894093196465591380-1/_task_tmp.-ext-10000/_tmp.000000_0 with stripeSize: 67108864 options: Compress: ZLIB buffer: 262144
2024-04-24T01:09:23,437  INFO [pool-102-thread-1] exec.SelectOperator: Closing Operator: SEL[5]
2024-04-24T01:09:23,437  INFO [pool-102-thread-1] exec.SelectOperator: RECORDS_OUT_OPERATOR_SEL_5:1, RECORDS_OUT_INTERMEDIATE:0, 
2024-04-24T01:09:23,437  INFO [pool-102-thread-1] exec.FileSinkOperator: Closing Operator: FS[6]
2024-04-24T01:09:23,437  INFO [pool-102-thread-1] exec.FileSinkOperator: FS[6]: records written - 1
2024-04-24T01:09:23,444  INFO [pool-102-thread-1] exec.FileSinkOperator: RECORDS_OUT_OPERATOR_FS_6:1, TOTAL_TABLE_ROWS_WRITTEN:1, RECORDS_OUT_INTERMEDIATE:0, RECORDS_OUT_1_default.nonacidorctbl:1, 
2024-04-24T01:09:23,445  INFO [pool-102-thread-1] mapred.Task: Task:attempt_local200642549_0021_r_000000_0 is done. And is in the process of committing
2024-04-24T01:09:23,445  INFO [pool-102-thread-1] mapred.LocalJobRunner: reduce > reduce
2024-04-24T01:09:23,445  INFO [pool-102-thread-1] mapred.Task: Task 'attempt_local200642549_0021_r_000000_0' done.
2024-04-24T01:09:23,445  INFO [pool-102-thread-1] mapred.Task: Final Counters for attempt_local200642549_0021_r_000000_0: Counters: 30
	File System Counters
		FILE: Number of bytes read=488504
		FILE: Number of bytes written=26339079
		FILE: Number of read operations=0
		FILE: Number of large read operations=0
		FILE: Number of write operations=0
	Map-Reduce Framework
		Combine input records=0
		Combine output records=0
		Reduce input groups=1
		Reduce shuffle bytes=24
		Reduce input records=1
		Reduce output records=0
		Spilled Records=1
		Shuffled Maps =1
		Failed Shuffles=0
		Merged Map outputs=1
		GC time elapsed (ms)=0
		Total committed heap usage (bytes)=1139277824
	HIVE
		CREATED_FILES=1
		RECORDS_OUT_1_default.nonacidorctbl=1
		RECORDS_OUT_INTERMEDIATE=0
		RECORDS_OUT_OPERATOR_FS_6=1
		RECORDS_OUT_OPERATOR_SEL_5=1
		TOTAL_TABLE_ROWS_WRITTEN=1
	Shuffle Errors
		BAD_ID=0
		CONNECTION=0
		IO_ERROR=0
		WRONG_LENGTH=0
		WRONG_MAP=0
		WRONG_REDUCE=0
	File Output Format Counters 
		Bytes Written=0
2024-04-24T01:09:23,445  INFO [pool-102-thread-1] mapred.LocalJobRunner: Finishing task: attempt_local200642549_0021_r_000000_0
2024-04-24T01:09:23,446  INFO [pool-102-thread-1] mapred.LocalJobRunner: Starting task: attempt_local200642549_0021_r_000001_0
2024-04-24T01:09:23,446  INFO [pool-102-thread-1] mapred.Task:  Using ResourceCalculatorProcessTree : [ ]
2024-04-24T01:09:23,446  INFO [pool-102-thread-1] mapred.ReduceTask: Using ShuffleConsumerPlugin: org.apache.hadoop.mapreduce.task.reduce.Shuffle@40c1f0a4
2024-04-24T01:09:23,446  WARN [pool-102-thread-1] impl.MetricsSystemImpl: JobTracker metrics system already initialized!
2024-04-24T01:09:23,447  INFO [pool-102-thread-1] reduce.MergeManagerImpl: MergerManager: memoryLimit=1336252800, maxSingleShuffleLimit=334063200, mergeThreshold=881926912, ioSortFactor=10, memToMemMergeOutputsThreshold=10
2024-04-24T01:09:23,448  INFO [EventFetcher for fetching Map Completion Events] reduce.EventFetcher: attempt_local200642549_0021_r_000001_0 Thread started: EventFetcher for fetching Map Completion Events
2024-04-24T01:09:23,450  INFO [localfetcher#31] reduce.LocalFetcher: localfetcher#31 about to shuffle output of map attempt_local200642549_0021_m_000000_0 decomp: 56 len: 60 to MEMORY
2024-04-24T01:09:23,451  INFO [localfetcher#31] reduce.InMemoryMapOutput: Read 56 bytes from map-output for attempt_local200642549_0021_m_000000_0
2024-04-24T01:09:23,451  INFO [localfetcher#31] reduce.MergeManagerImpl: closeInMemoryFile -> map-output of size: 56, inMemoryMapOutputs.size() -> 1, commitMemory -> 0, usedMemory ->56
2024-04-24T01:09:23,451  INFO [EventFetcher for fetching Map Completion Events] reduce.EventFetcher: EventFetcher is interrupted.. Returning
2024-04-24T01:09:23,451  INFO [pool-102-thread-1] mapred.LocalJobRunner: 1 / 1 copied.
2024-04-24T01:09:23,452  INFO [pool-102-thread-1] reduce.MergeManagerImpl: finalMerge called with 1 in-memory map-outputs and 0 on-disk map-outputs
2024-04-24T01:09:23,458  INFO [pool-102-thread-1] mapred.Merger: Merging 1 sorted segments
2024-04-24T01:09:23,458  INFO [pool-102-thread-1] mapred.Merger: Down to the last merge-pass, with 1 segments left of total size: 44 bytes
2024-04-24T01:09:23,461  INFO [pool-102-thread-1] reduce.MergeManagerImpl: Merged 1 segments, 56 bytes to disk to satisfy reduce memory limit
2024-04-24T01:09:23,461  INFO [pool-102-thread-1] reduce.MergeManagerImpl: Merging 1 files, 60 bytes from disk
2024-04-24T01:09:23,461  INFO [pool-102-thread-1] reduce.MergeManagerImpl: Merging 0 segments, 0 bytes from memory into reduce
2024-04-24T01:09:23,461  INFO [pool-102-thread-1] mapred.Merger: Merging 1 sorted segments
2024-04-24T01:09:23,461  INFO [pool-102-thread-1] mapred.Merger: Down to the last merge-pass, with 1 segments left of total size: 44 bytes
2024-04-24T01:09:23,461  INFO [pool-102-thread-1] mapred.LocalJobRunner: 1 / 1 copied.
2024-04-24T01:09:23,462  INFO [pool-102-thread-1] exec.SerializationUtilities: Deserializing ReduceWork using kryo
2024-04-24T01:09:23,462  INFO [pool-102-thread-1] exec.Utilities: Deserialized plan (via FILE) - name: null size: 6,36KB
2024-04-24T01:09:23,463  INFO [pool-102-thread-1] ExecReducer: 
<SEL>Id =5
  <Children>
    <FS>Id =6
      <Children>
      <\Children>
      <Parent>Id = 5 null<\Parent>
    <\FS>
  <\Children>
  <Parent><\Parent>
<\SEL>
2024-04-24T01:09:23,463  INFO [pool-102-thread-1] exec.SelectOperator: Initializing Operator: SEL[5]
2024-04-24T01:09:23,463  INFO [pool-102-thread-1] exec.SelectOperator: SELECT struct<key:struct<reducesinkkey0:int>,value:struct<_col0:int>>
2024-04-24T01:09:23,463  INFO [pool-102-thread-1] exec.FileSinkOperator: Initializing Operator: FS[6]
2024-04-24T01:09:23,464  INFO [pool-102-thread-1] exec.FileSinkOperator: Using serializer : AbstractSerDe [log=org.apache.logging.slf4j.Log4jLogger@7c52fdfa, configuration=Optional[Configuration: core-default.xml, core-site.xml, mapred-default.xml, mapred-site.xml, yarn-default.xml, yarn-site.xml, hdfs-default.xml, hdfs-site.xml, file:/home/alex/Repositories/hive/ql/target/tmp/TestTxnCommandsWithSplitUpdateAndVectorization/mapred/local/localRunner/alex/job_local200642549_0021/job_local200642549_0021.xml], properties={name=default.nonacidorctbl, columns.types=int:int, bucket_field_name=a, serialization.format=1, columns=a,b, numFilesErasureCoded=0, columns.comments=&amp#0;, bucketing_version=2, bucket_count=2, serialization.lib=org.apache.hadoop.hive.ql.io.orc.OrcSerde, file.inputformat=org.apache.hadoop.hive.ql.io.orc.OrcInputFormat, file.outputformat=org.apache.hadoop.hive.ql.io.orc.OrcOutputFormat, location=file:/home/alex/Repositories/hive/ql/target/tmp/org.apache.hadoop.hive.ql.TestTxnCommands-1713946100941/warehouse/nonacidorctbl, column.name.delimiter=,}, tableProperties={name=default.nonacidorctbl, columns.types=int:int, bucket_field_name=a, serialization.format=1, columns=a,b, numFilesErasureCoded=0, columns.comments=&amp#0;, bucketing_version=2, bucket_count=2, serialization.lib=org.apache.hadoop.hive.ql.io.orc.OrcSerde, file.inputformat=org.apache.hadoop.hive.ql.io.orc.OrcInputFormat, location=file:/home/alex/Repositories/hive/ql/target/tmp/org.apache.hadoop.hive.ql.TestTxnCommands-1713946100941/warehouse/nonacidorctbl, file.outputformat=org.apache.hadoop.hive.ql.io.orc.OrcOutputFormat, column.name.delimiter=,}, partitionProperties=Optional.empty, columnNames=[a, b], columnTypes=[int, int], getClass()=class org.apache.hadoop.hive.ql.io.orc.OrcSerde] and formatter : org.apache.hadoop.hive.ql.io.orc.OrcOutputFormat@6a6c083e
2024-04-24T01:09:23,464  INFO [pool-102-thread-1] exec.FileSinkOperator: Final Path: FS file:/home/alex/Repositories/hive/ql/target/tmp/org.apache.hadoop.hive.ql.TestTxnCommands-1713946100941/warehouse/nonacidorctbl/.hive-staging_hive_2024-04-24_01-09-22_863_3894093196465591380-1/_tmp.-ext-10000/000001_0
2024-04-24T01:09:23,464  INFO [pool-102-thread-1] exec.FileSinkOperator: Writing to temp file: FS file:/home/alex/Repositories/hive/ql/target/tmp/org.apache.hadoop.hive.ql.TestTxnCommands-1713946100941/warehouse/nonacidorctbl/.hive-staging_hive_2024-04-24_01-09-22_863_3894093196465591380-1/_task_tmp.-ext-10000/_tmp.000001_0
2024-04-24T01:09:23,464  INFO [pool-102-thread-1] exec.FileSinkOperator: New Final Path: FS file:/home/alex/Repositories/hive/ql/target/tmp/org.apache.hadoop.hive.ql.TestTxnCommands-1713946100941/warehouse/nonacidorctbl/.hive-staging_hive_2024-04-24_01-09-22_863_3894093196465591380-1/_tmp.-ext-10000/000001_0
2024-04-24T01:09:23,464  INFO [pool-102-thread-1] exec.FileSinkOperator: FS[6]: records written - 1
2024-04-24T01:09:23,465  INFO [pool-102-thread-1] impl.PhysicalFsWriter: ORC writer created for path: file:/home/alex/Repositories/hive/ql/target/tmp/org.apache.hadoop.hive.ql.TestTxnCommands-1713946100941/warehouse/nonacidorctbl/.hive-staging_hive_2024-04-24_01-09-22_863_3894093196465591380-1/_task_tmp.-ext-10000/_tmp.000001_0 with stripeSize: 67108864 blockSize: 268435456 compression: Compress: ZLIB buffer: 262144
2024-04-24T01:09:23,469  INFO [pool-102-thread-1] impl.WriterImpl: ORC writer created for path: file:/home/alex/Repositories/hive/ql/target/tmp/org.apache.hadoop.hive.ql.TestTxnCommands-1713946100941/warehouse/nonacidorctbl/.hive-staging_hive_2024-04-24_01-09-22_863_3894093196465591380-1/_task_tmp.-ext-10000/_tmp.000001_0 with stripeSize: 67108864 options: Compress: ZLIB buffer: 262144
2024-04-24T01:09:23,470  INFO [pool-102-thread-1] exec.SelectOperator: Closing Operator: SEL[5]
2024-04-24T01:09:23,470  INFO [pool-102-thread-1] exec.SelectOperator: RECORDS_OUT_OPERATOR_SEL_5:3, RECORDS_OUT_INTERMEDIATE:0, 
2024-04-24T01:09:23,470  INFO [pool-102-thread-1] exec.FileSinkOperator: Closing Operator: FS[6]
2024-04-24T01:09:23,470  INFO [pool-102-thread-1] exec.FileSinkOperator: FS[6]: records written - 3
2024-04-24T01:09:23,476  INFO [pool-102-thread-1] exec.FileSinkOperator: TOTAL_TABLE_ROWS_WRITTEN:3, RECORDS_OUT_OPERATOR_FS_6:3, RECORDS_OUT_1_default.nonacidorctbl:3, RECORDS_OUT_INTERMEDIATE:0, 
2024-04-24T01:09:23,477  INFO [pool-102-thread-1] mapred.Task: Task:attempt_local200642549_0021_r_000001_0 is done. And is in the process of committing
2024-04-24T01:09:23,477  INFO [pool-102-thread-1] mapred.LocalJobRunner: reduce > reduce
2024-04-24T01:09:23,477  INFO [pool-102-thread-1] mapred.Task: Task 'attempt_local200642549_0021_r_000001_0' done.
2024-04-24T01:09:23,477  INFO [pool-102-thread-1] mapred.Task: Final Counters for attempt_local200642549_0021_r_000001_0: Counters: 30
	File System Counters
		FILE: Number of bytes read=495099
		FILE: Number of bytes written=26339498
		FILE: Number of read operations=0
		FILE: Number of large read operations=0
		FILE: Number of write operations=0
	Map-Reduce Framework
		Combine input records=0
		Combine output records=0
		Reduce input groups=3
		Reduce shuffle bytes=60
		Reduce input records=3
		Reduce output records=0
		Spilled Records=3
		Shuffled Maps =1
		Failed Shuffles=0
		Merged Map outputs=1
		GC time elapsed (ms)=0
		Total committed heap usage (bytes)=1139277824
	HIVE
		CREATED_FILES=1
		RECORDS_OUT_1_default.nonacidorctbl=3
		RECORDS_OUT_INTERMEDIATE=0
		RECORDS_OUT_OPERATOR_FS_6=3
		RECORDS_OUT_OPERATOR_SEL_5=3
		TOTAL_TABLE_ROWS_WRITTEN=3
	Shuffle Errors
		BAD_ID=0
		CONNECTION=0
		IO_ERROR=0
		WRONG_LENGTH=0
		WRONG_MAP=0
		WRONG_REDUCE=0
	File Output Format Counters 
		Bytes Written=0
2024-04-24T01:09:23,477  INFO [pool-102-thread-1] mapred.LocalJobRunner: Finishing task: attempt_local200642549_0021_r_000001_0
2024-04-24T01:09:23,477  INFO [Thread-1673] mapred.LocalJobRunner: reduce task executor complete.
2024-04-24 01:09:24,375 Stage-1 map = 100%,  reduce = 100%
2024-04-24T01:09:24,375  INFO [main] exec.Task: 2024-04-24 01:09:24,375 Stage-1 map = 100%,  reduce = 100%
Ended Job = job_local200642549_0021
2024-04-24T01:09:24,376  INFO [main] exec.Task: Ended Job = job_local200642549_0021
2024-04-24T01:09:24,379  INFO [main] ql.Driver: Starting task [Stage-0:MOVE] in serial mode
Loading data to table default.nonacidorctbl
2024-04-24T01:09:24,379  INFO [main] exec.Task: Loading data to table default.nonacidorctbl from file:/home/alex/Repositories/hive/ql/target/tmp/org.apache.hadoop.hive.ql.TestTxnCommands-1713946100941/warehouse/nonacidorctbl/.hive-staging_hive_2024-04-24_01-09-22_863_3894093196465591380-1/-ext-10000
2024-04-24T01:09:24,379  INFO [main] HiveMetaStore.audit: ugi=alex	ip=unknown-ip-addr	cmd=get_table : tbl=hive.default.nonacidorctbl	
2024-04-24T01:09:24,388  INFO [main] metastore.HMSHandler: Skipping translation for processor with null
2024-04-24T01:09:24,388  INFO [main] HiveMetaStore.audit: ugi=alex	ip=unknown-ip-addr	cmd=get_table : tbl=hive.default.nonacidorctbl	
2024-04-24T01:09:24,397  INFO [main] metastore.HMSHandler: Skipping translation for processor with null
2024-04-24T01:09:24,399  WARN [main] metadata.Hive: Cannot get a table snapshot for nonacidorctbl
2024-04-24T01:09:24,399  INFO [main] HiveMetaStore.audit: ugi=alex	ip=unknown-ip-addr	cmd=alter_table: hive.default.nonacidorctbl newtbl=nonacidorctbl	
2024-04-24T01:09:24,432  INFO [main] ql.Driver: Starting task [Stage-2:STATS] in serial mode
2024-04-24T01:09:24,432  INFO [main] HiveMetaStore.audit: ugi=alex	ip=unknown-ip-addr	cmd=get_table : tbl=hive.default.nonacidorctbl	
2024-04-24T01:09:24,441  INFO [main] metastore.HMSHandler: Skipping translation for processor with null
2024-04-24T01:09:24,441  INFO [main] stats.BasicStatsTask: Executing stats task
2024-04-24T01:09:24,441  INFO [main] fs.FSStatsPublisher: created : file:/home/alex/Repositories/hive/ql/target/tmp/localscratchdir/2b2ee945-0728-41c0-a369-3f406a7a5928/hive_2024-04-24_01-09-22_863_3894093196465591380-1/-mr-10001
2024-04-24T01:09:24,442  INFO [main] HiveMetaStore.audit: ugi=alex	ip=unknown-ip-addr	cmd=get_table : tbl=hive.default.nonacidorctbl	
2024-04-24T01:09:24,451  INFO [main] metastore.HMSHandler: Skipping translation for processor with null
2024-04-24T01:09:24,452  INFO [main] FileOperations: Read stats for default.nonacidorctbl/, numRows, true, 4, false: 
2024-04-24T01:09:24,452  INFO [main] FileOperations: Read stats for default.nonacidorctbl/, rawDataSize, true, 32, false: 
2024-04-24T01:09:24,452  WARN [main] metadata.Hive: Cannot get a table snapshot for nonacidorctbl
2024-04-24T01:09:24,452  INFO [main] HiveMetaStore.audit: ugi=alex	ip=unknown-ip-addr	cmd=alter_table: hive.default.nonacidorctbl newtbl=nonacidorctbl	
2024-04-24T01:09:24,492  INFO [main] stats.BasicStatsTask: Table default.nonacidorctbl stats: [numFiles=2, numRows=4, totalSize=499, rawDataSize=32, numFilesErasureCoded=0]
2024-04-24T01:09:24,492  INFO [main] metadata.Hive: Dumping metastore api call timing information for : execution phase
2024-04-24T01:09:24,493  INFO [main] metadata.Hive: Total time spent in each metastore function (ms): {getTable_(GetTableRequest)=36, isCompatibleWith_(Configuration)=0, alter_table_(String, String, String, Table, EnvironmentContext, String)=73}
MapReduce Jobs Launched: 
2024-04-24T01:09:24,493  INFO [main] ql.Driver: MapReduce Jobs Launched: 
Stage-Stage-1:  HDFS Read: 0 HDFS Write: 0 SUCCESS
2024-04-24T01:09:24,493  INFO [main] ql.Driver: Stage-Stage-1:  HDFS Read: 0 HDFS Write: 0 SUCCESS
Total MapReduce CPU Time Spent: 0 msec
2024-04-24T01:09:24,493  INFO [main] ql.Driver: Total MapReduce CPU Time Spent: 0 msec
2024-04-24T01:09:24,493  INFO [main] ql.Driver: Completed executing command(queryId=alex_20240424010922_196a2d3a-da6d-41a9-b664-931fa21f493b); Time taken: 1.406 seconds
2024-04-24T01:09:24,493  INFO [main] lockmgr.DbTxnManager: Stopped heartbeat for query: alex_20240424010922_196a2d3a-da6d-41a9-b664-931fa21f493b
2024-04-24T01:09:24,500  INFO [main] txn.TxnHandler: Expected to move at least one record from txn_components to completed_txn_components when committing txn! txnid:13
2024-04-24T01:09:24,508  INFO [main] txn.TxnHandler: Removed transactions: ([13]) from MIN_HISTORY_LEVEL
2024-04-24T01:09:24,508  WARN [main] txn.CompactionTxnHandler: No compaction queue record found for Compaction type transaction commit. txnId:13
2024-04-24T01:09:24,509  INFO [main] ql.TxnCommandsBaseForTests: Running the query: insert into acidTbl  values(2,1),(4,3),(5,6),(7,8)
2024-04-24T01:09:24,509  INFO [main] ql.Context: Deleting scratch dir: file:/home/alex/Repositories/hive/ql/target/tmp/org.apache.hadoop.hive.ql.TestTxnCommands-1713946100941/warehouse/nonacidorctbl/.hive-staging_hive_2024-04-24_01-09-22_863_3894093196465591380-1
2024-04-24T01:09:24,509  INFO [main] cleanup.SyncCleanupService: Deleted directory: file:/home/alex/Repositories/hive/ql/target/tmp/org.apache.hadoop.hive.ql.TestTxnCommands-1713946100941/warehouse/nonacidorctbl/.hive-staging_hive_2024-04-24_01-09-22_863_3894093196465591380-1 on fs with scheme file
2024-04-24T01:09:24,510  INFO [main] ql.Context: Deleting scratch dir: file:/home/alex/Repositories/hive/ql/target/tmp/localscratchdir/2b2ee945-0728-41c0-a369-3f406a7a5928/hive_2024-04-24_01-09-22_863_3894093196465591380-1
2024-04-24T01:09:24,510  INFO [main] cleanup.SyncCleanupService: Deleted directory: file:/home/alex/Repositories/hive/ql/target/tmp/localscratchdir/2b2ee945-0728-41c0-a369-3f406a7a5928/hive_2024-04-24_01-09-22_863_3894093196465591380-1 on fs with scheme file
2024-04-24T01:09:24,510  INFO [main] ql.Driver: Compiling command(queryId=alex_20240424010924_c8d67cd4-7203-4a76-9f74-5184371dd274): insert into acidTbl  values(2,1),(4,3),(5,6),(7,8)
2024-04-24T01:09:24,515  INFO [main] txn.TxnHandler: Added entries to MIN_HISTORY_LEVEL for current txns: ([14]) with min_open_txn: 14
2024-04-24T01:09:24,516  INFO [main] lockmgr.DbTxnManager: Opened txnid:14
2024-04-24T01:09:24,517  INFO [main] parse.CalcitePlanner: Starting caching scope for: 
2024-04-24T01:09:24,517  INFO [main] parse.CalcitePlanner: Starting Semantic Analysis
2024-04-24T01:09:24,522  INFO [main] HiveMetaStore.audit: ugi=alex	ip=unknown-ip-addr	cmd=get_table : tbl=hive.default.acidTbl	
2024-04-24T01:09:24,534  INFO [main] metastore.HMSHandler: Skipping translation for processor with null
2024-04-24T01:09:24,534  INFO [main] parse.CalcitePlanner: Completed phase 1 of Semantic Analysis
2024-04-24T01:09:24,534  INFO [main] parse.CalcitePlanner: Get metadata for source tables
2024-04-24T01:09:24,534  INFO [main] parse.CalcitePlanner: Get metadata for subqueries
2024-04-24T01:09:24,534  INFO [main] parse.CalcitePlanner: Get metadata for destination tables
2024-04-24T01:09:24,535  INFO [main] HiveMetaStore.audit: ugi=alex	ip=unknown-ip-addr	cmd=get_table : tbl=hive.default.acidTbl	
2024-04-24T01:09:24,546  INFO [main] metastore.HMSHandler: Skipping translation for processor with null
2024-04-24T01:09:24,546  INFO [main] parse.CalcitePlanner: Completed getting MetaData in Semantic Analysis
2024-04-24T01:09:24,546  INFO [main] parse.CalcitePlanner: Disabling LLAP IO encode as ETL query is detected
2024-04-24T01:09:24,580  INFO [main] HiveMetaStore.audit: ugi=alex	ip=unknown-ip-addr	cmd=get_all_table_constraints : tbl=hive._dummy_database._dummy_table	
2024-04-24T01:09:24,659  INFO [main] parse.CalcitePlanner: Get metadata for source tables
2024-04-24T01:09:24,659  INFO [main] parse.CalcitePlanner: Get metadata for subqueries
2024-04-24T01:09:24,659  INFO [main] parse.CalcitePlanner: Get metadata for source tables
2024-04-24T01:09:24,660  INFO [main] HiveMetaStore.audit: ugi=alex	ip=unknown-ip-addr	cmd=get_table : tbl=hive._dummy_database._dummy_table	
2024-04-24T01:09:24,663  INFO [main] parse.CalcitePlanner: Get metadata for subqueries
2024-04-24T01:09:24,663  INFO [main] parse.CalcitePlanner: Get metadata for destination tables
2024-04-24T01:09:24,663  INFO [main] parse.CalcitePlanner: Get metadata for destination tables
2024-04-24T01:09:24,663  INFO [main] HiveMetaStore.audit: ugi=alex	ip=unknown-ip-addr	cmd=get_table : tbl=hive.default.acidTbl	
2024-04-24T01:09:24,671  INFO [main] metastore.HMSHandler: Skipping translation for processor with null
2024-04-24T01:09:24,674  INFO [main] HiveMetaStore.audit: ugi=alex	ip=unknown-ip-addr	cmd=get_not_null_constraints : tbl=hive.default.acidtbl	
2024-04-24T01:09:24,675  INFO [main] HiveMetaStore.audit: ugi=alex	ip=unknown-ip-addr	cmd=get_check_constraints : tbl=hive.default.acidtbl	
2024-04-24T01:09:24,685  INFO [main] txn.TxnHandler: Allocated writeId: 1 for txnId: 14
2024-04-24T01:09:24,685  INFO [main] txn.TxnHandler: Allocated write ids for dbName=default, tblName=acidtbl (txnIds: [14])
2024-04-24T01:09:24,686  INFO [main] parse.CalcitePlanner: CBO Succeeded; optimized logical plan.
2024-04-24T01:09:24,690  INFO [main] optimizer.ColumnPrunerProcFactory: RS 4 oldColExprMap: {VALUE._col0=Column[_col1], KEY.reducesinkkey0=Column[_col0]}
2024-04-24T01:09:24,690  INFO [main] optimizer.ColumnPrunerProcFactory: RS 4 newColExprMap: {VALUE._col0=Column[_col1], KEY.reducesinkkey0=Column[_col0]}
2024-04-24T01:09:24,691  INFO [main] optimizer.BucketVersionPopulator: not considering bucketingVersion for: TS[0] because it has -1<2 buckets 
2024-04-24T01:09:24,692  INFO [main] optimizer.SortedDynPartitionOptimizer: Sorted dynamic partitioning optimization kicked in..
2024-04-24T01:09:24,701  INFO [main] HiveMetaStore.audit: ugi=alex	ip=unknown-ip-addr	cmd=get_table : tbl=hive.default.acidtbl	
2024-04-24T01:09:24,711  INFO [main] metastore.HMSHandler: Skipping translation for processor with null
2024-04-24T01:09:24,711  INFO [main] physical.Vectorizer: Examining input format to see if vectorization is enabled.
2024-04-24T01:09:24,711  INFO [main] physical.Vectorizer: Map vectorization enabled: false
2024-04-24T01:09:24,711  INFO [main] physical.Vectorizer: Map vectorized: false
2024-04-24T01:09:24,711  INFO [main] physical.Vectorizer: Map vectorizedVertexNum: 0
2024-04-24T01:09:24,711  INFO [main] physical.Vectorizer: Map enabledConditionsMet: [hive.vectorized.use.vectorized.input.format IS true]
2024-04-24T01:09:24,712  INFO [main] physical.Vectorizer: Map enabledConditionsNotMet: [Could not enable vectorization due to partition column names size 1 is greater than the number of table column names size 0 IS false]
2024-04-24T01:09:24,712  INFO [main] physical.Vectorizer: Map inputFileFormatClassNameSet: [org.apache.hadoop.hive.ql.io.NullRowsInputFormat]
2024-04-24T01:09:24,712  INFO [main] physical.Vectorizer: Reduce vectorization enabled: false
2024-04-24T01:09:24,712  INFO [main] physical.Vectorizer: Reduce vectorized: false
2024-04-24T01:09:24,712  INFO [main] physical.Vectorizer: Reduce vectorizedVertexNum: 1
2024-04-24T01:09:24,712  INFO [main] physical.Vectorizer: Reducer hive.vectorized.execution.reduce.enabled: true
2024-04-24T01:09:24,712  INFO [main] physical.Vectorizer: Reducer engine: mr
2024-04-24T01:09:24,712  INFO [main] parse.CalcitePlanner: Completed plan generation
2024-04-24T01:09:24,712  INFO [main] parse.CalcitePlanner: Ending caching scope for: 
2024-04-24T01:09:24,712  INFO [main] ql.Driver: Semantic Analysis Completed (retrial = false)
2024-04-24T01:09:24,712  INFO [main] ql.Driver: Created Hive schema: Schema(fieldSchemas:[FieldSchema(name:col1, type:int, comment:null), FieldSchema(name:col2, type:int, comment:null)], properties:null)
2024-04-24T01:09:24,712  INFO [main] metadata.Hive: Dumping metastore api call timing information for : compilation phase
2024-04-24T01:09:24,712  INFO [main] metadata.Hive: Total time spent in each metastore function (ms): {getTable_(GetTableRequest)=41, allocateTableWriteId_(long, String, String)=9, openTxn_(String, TxnType)=5, getAllTableConstraints_(AllTableConstraintsRequest)=8, getValidWriteIds_(List, String)=6, getValidTxns_(long)=1, getNotNullConstraints_(NotNullConstraintsRequest)=1, commitTxn_(CommitTxnRequest)=14, isCompatibleWith_(Configuration)=0, getCheckConstraints_(CheckConstraintsRequest)=1, flushCache_()=0}
2024-04-24T01:09:24,712  INFO [main] ql.Driver: Completed compiling command(queryId=alex_20240424010924_c8d67cd4-7203-4a76-9f74-5184371dd274); Time taken: 0.202 seconds
2024-04-24T01:09:24,713  INFO [main] lockmgr.DbTxnManager: Setting lock request transaction to txnid:14 for queryId=alex_20240424010924_c8d67cd4-7203-4a76-9f74-5184371dd274
2024-04-24T01:09:24,713  INFO [main] lockmgr.DbLockManager: Requesting lock for queryId=alex_20240424010924_c8d67cd4-7203-4a76-9f74-5184371dd274
2024-04-24T01:09:24,731  INFO [main] lockmgr.DbLockManager: Response to queryId=alex_20240424010924_c8d67cd4-7203-4a76-9f74-5184371dd274 LockResponse(lockid:8, state:ACQUIRED)
2024-04-24T01:09:24,731  INFO [main] ql.Driver: Operation QUERY obtained 1 locks
2024-04-24T01:09:24,734  INFO [main] ql.Driver: Executing command(queryId=alex_20240424010924_c8d67cd4-7203-4a76-9f74-5184371dd274): insert into acidTbl  values(2,1),(4,3),(5,6),(7,8)
2024-04-24T01:09:24,734  WARN [main] ql.Driver: Hive-on-MR is deprecated in Hive 2 and may not be available in the future versions. Consider using a different execution engine (i.e. spark, tez) or using Hive 1.X releases.
Query ID = alex_20240424010924_c8d67cd4-7203-4a76-9f74-5184371dd274
2024-04-24T01:09:24,734  INFO [main] ql.Driver: Query ID = alex_20240424010924_c8d67cd4-7203-4a76-9f74-5184371dd274
Total jobs = 1
2024-04-24T01:09:24,734  INFO [main] ql.Driver: Total jobs = 1
Launching Job 1 out of 1
2024-04-24T01:09:24,734  INFO [main] ql.Driver: Launching Job 1 out of 1
2024-04-24T01:09:24,881  INFO [main] ql.Driver: Starting task [Stage-1:MAPRED] in serial mode
Number of reduce tasks determined at compile time: 2
2024-04-24T01:09:24,881  INFO [main] exec.Task: Number of reduce tasks determined at compile time: 2
In order to change the average load for a reducer (in bytes):
2024-04-24T01:09:24,881  INFO [main] exec.Task: In order to change the average load for a reducer (in bytes):
  set hive.exec.reducers.bytes.per.reducer=<number>
2024-04-24T01:09:24,881  INFO [main] exec.Task:   set hive.exec.reducers.bytes.per.reducer=<number>
In order to limit the maximum number of reducers:
2024-04-24T01:09:24,881  INFO [main] exec.Task: In order to limit the maximum number of reducers:
  set hive.exec.reducers.max=<number>
2024-04-24T01:09:24,881  INFO [main] exec.Task:   set hive.exec.reducers.max=<number>
In order to set a constant number of reducers:
2024-04-24T01:09:24,881  INFO [main] exec.Task: In order to set a constant number of reducers:
  set mapreduce.job.reduces=<number>
2024-04-24T01:09:24,881  INFO [main] exec.Task:   set mapreduce.job.reduces=<number>
2024-04-24T01:09:24,884  INFO [main] mr.ExecDriver: Using org.apache.hadoop.hive.ql.io.HiveInputFormat
2024-04-24T01:09:24,884  INFO [main] exec.Utilities: Processing alias $hdt$_0:_dummy_table
2024-04-24T01:09:24,884  INFO [main] exec.Utilities: Adding 1 inputs; the first input is file:/home/alex/Repositories/hive/ql/target/tmp/localscratchdir/2b2ee945-0728-41c0-a369-3f406a7a5928/hive_2024-04-24_01-09-24_510_7347152619568608851-1/dummy_path
2024-04-24T01:09:24,895  INFO [main] exec.SerializationUtilities: Serializing MapWork using kryo
2024-04-24T01:09:24,896  INFO [main] exec.Utilities: Serialized plan (via FILE) - name: null size: 5,35KB
2024-04-24T01:09:24,901  INFO [main] exec.SerializationUtilities: Serializing ReduceWork using kryo
2024-04-24T01:09:24,902  INFO [main] exec.Utilities: Serialized plan (via FILE) - name: null size: 5,96KB
2024-04-24T01:09:24,903  WARN [main] impl.MetricsSystemImpl: JobTracker metrics system already initialized!
2024-04-24T01:09:24,906  INFO [main] fs.FSStatsPublisher: created : file:/home/alex/Repositories/hive/ql/target/tmp/localscratchdir/2b2ee945-0728-41c0-a369-3f406a7a5928/hive_2024-04-24_01-09-24_510_7347152619568608851-1/-mr-10000
2024-04-24T01:09:24,908  WARN [main] impl.MetricsSystemImpl: JobTracker metrics system already initialized!
2024-04-24T01:09:24,916  WARN [main] mapreduce.JobResourceUploader: Hadoop command-line option parsing not performed. Implement the Tool interface and execute your application with ToolRunner to remedy this.
2024-04-24T01:09:24,921  WARN [main] mapreduce.JobResourceUploader: No job jar file set.  User classes may not be found. See Job or Job#setJar(String).
2024-04-24T01:09:24,922  INFO [main] io.HiveInputFormat: hive.io.file.readcolumn.ids = 
2024-04-24T01:09:24,922  INFO [main] io.HiveInputFormat: hive.io.file.readcolumn.names = 
2024-04-24T01:09:24,922  INFO [main] io.HiveInputFormat: Generating splits for dirs: file:/home/alex/Repositories/hive/ql/target/tmp/localscratchdir/2b2ee945-0728-41c0-a369-3f406a7a5928/hive_2024-04-24_01-09-24_510_7347152619568608851-1/dummy_path
2024-04-24T01:09:24,923  INFO [main] io.HiveInputFormat: number of splits 1
2024-04-24T01:09:24,942  INFO [main] mapreduce.JobSubmitter: number of splits:1
2024-04-24T01:09:24,970  INFO [main] mapreduce.JobSubmitter: Submitting tokens for job: job_local1505893104_0022
2024-04-24T01:09:24,970  INFO [main] mapreduce.JobSubmitter: Executing with tokens: []
2024-04-24T01:09:25,035  INFO [main] mapreduce.Job: The url to track the job: http://localhost:8080/
Job running in-process (local Hadoop)
2024-04-24T01:09:25,035  INFO [main] exec.Task: Job running in-process (local Hadoop)
2024-04-24T01:09:25,035  INFO [Thread-1736] mapred.LocalJobRunner: OutputCommitter set in config org.apache.hadoop.hive.ql.io.HiveFileFormatUtils$NullOutputCommitter
2024-04-24T01:09:25,035  INFO [Thread-1736] mapred.LocalJobRunner: OutputCommitter is org.apache.hadoop.hive.ql.io.HiveFileFormatUtils$NullOutputCommitter
2024-04-24T01:09:25,037  INFO [Thread-1736] mapred.LocalJobRunner: Waiting for map tasks
2024-04-24T01:09:25,037  INFO [LocalJobRunner Map Task Executor #0] mapred.LocalJobRunner: Starting task: attempt_local1505893104_0022_m_000000_0
2024-04-24T01:09:25,038  INFO [LocalJobRunner Map Task Executor #0] mapred.Task:  Using ResourceCalculatorProcessTree : [ ]
2024-04-24T01:09:25,038  INFO [LocalJobRunner Map Task Executor #0] mapred.MapTask: Processing split: org.apache.hadoop.hive.ql.io.NullRowsInputFormat:file:/home/alex/Repositories/hive/ql/target/tmp/localscratchdir/2b2ee945-0728-41c0-a369-3f406a7a5928/hive_2024-04-24_01-09-24_510_7347152619568608851-1/dummy_path/null:0+1
2024-04-24T01:09:25,038  INFO [LocalJobRunner Map Task Executor #0] exec.SerializationUtilities: Deserializing MapWork using kryo
2024-04-24T01:09:25,039  INFO [LocalJobRunner Map Task Executor #0] exec.Utilities: Deserialized plan (via FILE) - name: null size: 5,35KB
2024-04-24T01:09:25,039  INFO [LocalJobRunner Map Task Executor #0] mapred.MapTask: numReduceTasks: 2
2024-04-24T01:09:25,054  INFO [LocalJobRunner Map Task Executor #0] mapred.MapTask: (EQUATOR) 0 kvi 26214396(104857584)
2024-04-24T01:09:25,054  INFO [LocalJobRunner Map Task Executor #0] mapred.MapTask: mapreduce.task.io.sort.mb: 100
2024-04-24T01:09:25,054  INFO [LocalJobRunner Map Task Executor #0] mapred.MapTask: soft limit at 83886080
2024-04-24T01:09:25,054  INFO [LocalJobRunner Map Task Executor #0] mapred.MapTask: bufstart = 0; bufvoid = 104857600
2024-04-24T01:09:25,054  INFO [LocalJobRunner Map Task Executor #0] mapred.MapTask: kvstart = 26214396; length = 6553600
2024-04-24T01:09:25,055  INFO [LocalJobRunner Map Task Executor #0] mapred.MapTask: Map output collector class = org.apache.hadoop.mapred.MapTask$MapOutputBuffer
2024-04-24T01:09:25,055  INFO [LocalJobRunner Map Task Executor #0] exec.MapOperator: Initializing Operator: MAP[0]
2024-04-24T01:09:25,055  INFO [LocalJobRunner Map Task Executor #0] mr.ExecMapper: 
<MAP>Id =0
  <Children>null
  <\Children>
  <Parent><\Parent>
<\MAP>
2024-04-24T01:09:25,056  INFO [LocalJobRunner Map Task Executor #0] exec.TableScanOperator: Initializing Operator: TS[0]
2024-04-24T01:09:25,056  INFO [LocalJobRunner Map Task Executor #0] exec.SelectOperator: Initializing Operator: SEL[1]
2024-04-24T01:09:25,056  INFO [LocalJobRunner Map Task Executor #0] exec.SelectOperator: SELECT null
2024-04-24T01:09:25,056  INFO [LocalJobRunner Map Task Executor #0] exec.UDTFOperator: Initializing Operator: UDTF[2]
2024-04-24T01:09:25,056  INFO [LocalJobRunner Map Task Executor #0] exec.SelectOperator: Initializing Operator: SEL[3]
2024-04-24T01:09:25,057  INFO [LocalJobRunner Map Task Executor #0] exec.SelectOperator: SELECT struct<col1:int,col2:int>
2024-04-24T01:09:25,057  INFO [LocalJobRunner Map Task Executor #0] exec.ReduceSinkOperator: Initializing Operator: RS[4]
2024-04-24T01:09:25,057  INFO [LocalJobRunner Map Task Executor #0] exec.ReduceSinkOperator: Using tag = -1
2024-04-24T01:09:25,057  INFO [LocalJobRunner Map Task Executor #0] exec.ReduceSinkOperator: keys are [reducesinkkey0] num distributions: 1
2024-04-24T01:09:25,057  INFO [LocalJobRunner Map Task Executor #0] exec.ReduceSinkOperator: RS[4]: records written - 1
2024-04-24T01:09:25,057  INFO [LocalJobRunner Map Task Executor #0] exec.MapOperator: MAP[0]: records read - 1
2024-04-24T01:09:25,058  INFO [LocalJobRunner Map Task Executor #0] exec.MapOperator: Closing Operator: MAP[0]
2024-04-24T01:09:25,058  INFO [LocalJobRunner Map Task Executor #0] exec.MapOperator: MAP[0]: Total records read - 3. abort - false
2024-04-24T01:09:25,058  INFO [LocalJobRunner Map Task Executor #0] exec.MapOperator: RECORDS_IN:3, DESERIALIZE_ERRORS:0, RECORDS_OUT_INTERMEDIATE:0, RECORDS_OUT_OPERATOR_MAP_0:0, 
2024-04-24T01:09:25,058  INFO [LocalJobRunner Map Task Executor #0] exec.TableScanOperator: Closing Operator: TS[0]
2024-04-24T01:09:25,058  INFO [LocalJobRunner Map Task Executor #0] exec.TableScanOperator: RECORDS_OUT_INTERMEDIATE:0, RECORDS_OUT_OPERATOR_TS_0:1, 
2024-04-24T01:09:25,058  INFO [LocalJobRunner Map Task Executor #0] exec.SelectOperator: Closing Operator: SEL[1]
2024-04-24T01:09:25,058  INFO [LocalJobRunner Map Task Executor #0] exec.SelectOperator: RECORDS_OUT_INTERMEDIATE:0, RECORDS_OUT_OPERATOR_SEL_1:1, 
2024-04-24T01:09:25,058  INFO [LocalJobRunner Map Task Executor #0] exec.UDTFOperator: Closing Operator: UDTF[2]
2024-04-24T01:09:25,058  INFO [LocalJobRunner Map Task Executor #0] exec.UDTFOperator: RECORDS_OUT_OPERATOR_UDTF_2:4, RECORDS_OUT_INTERMEDIATE:0, 
2024-04-24T01:09:25,058  INFO [LocalJobRunner Map Task Executor #0] exec.SelectOperator: Closing Operator: SEL[3]
2024-04-24T01:09:25,058  INFO [LocalJobRunner Map Task Executor #0] exec.SelectOperator: RECORDS_OUT_OPERATOR_SEL_3:4, RECORDS_OUT_INTERMEDIATE:0, 
2024-04-24T01:09:25,058  INFO [LocalJobRunner Map Task Executor #0] exec.ReduceSinkOperator: Closing Operator: RS[4]
2024-04-24T01:09:25,058  INFO [LocalJobRunner Map Task Executor #0] exec.ReduceSinkOperator: RS[4]: Total records written - 4. abort - false
2024-04-24T01:09:25,058  INFO [LocalJobRunner Map Task Executor #0] exec.ReduceSinkOperator: RECORDS_OUT_OPERATOR_RS_4:4, RECORDS_OUT_INTERMEDIATE:4, 
2024-04-24T01:09:25,059  INFO [LocalJobRunner Map Task Executor #0] mapred.LocalJobRunner: 
2024-04-24T01:09:25,059  INFO [LocalJobRunner Map Task Executor #0] mapred.MapTask: Starting flush of map output
2024-04-24T01:09:25,059  INFO [LocalJobRunner Map Task Executor #0] mapred.MapTask: Spilling map output
2024-04-24T01:09:25,059  INFO [LocalJobRunner Map Task Executor #0] mapred.MapTask: bufstart = 0; bufend = 64; bufvoid = 104857600
2024-04-24T01:09:25,059  INFO [LocalJobRunner Map Task Executor #0] mapred.MapTask: kvstart = 26214396(104857584); kvend = 26214384(104857536); length = 13/6553600
2024-04-24T01:09:25,076  INFO [LocalJobRunner Map Task Executor #0] mapred.MapTask: Finished spill 0
2024-04-24T01:09:25,083  INFO [LocalJobRunner Map Task Executor #0] mapred.Task: Task:attempt_local1505893104_0022_m_000000_0 is done. And is in the process of committing
2024-04-24T01:09:25,084  INFO [LocalJobRunner Map Task Executor #0] mapred.LocalJobRunner: map
2024-04-24T01:09:25,084  INFO [LocalJobRunner Map Task Executor #0] mapred.Task: Task 'attempt_local1505893104_0022_m_000000_0' done.
2024-04-24T01:09:25,084  INFO [LocalJobRunner Map Task Executor #0] mapred.Task: Final Counters for attempt_local1505893104_0022_m_000000_0: Counters: 26
	File System Counters
		FILE: Number of bytes read=501091
		FILE: Number of bytes written=27595147
		FILE: Number of read operations=0
		FILE: Number of large read operations=0
		FILE: Number of write operations=0
	Map-Reduce Framework
		Map input records=4
		Map output records=4
		Map output bytes=64
		Map output materialized bytes=84
		Input split bytes=361
		Combine input records=0
		Spilled Records=4
		Failed Shuffles=0
		Merged Map outputs=0
		GC time elapsed (ms)=10
		Total committed heap usage (bytes)=1133510656
	HIVE
		DESERIALIZE_ERRORS=0
		RECORDS_IN=3
		RECORDS_OUT_INTERMEDIATE=4
		RECORDS_OUT_OPERATOR_MAP_0=0
		RECORDS_OUT_OPERATOR_RS_4=4
		RECORDS_OUT_OPERATOR_SEL_1=1
		RECORDS_OUT_OPERATOR_SEL_3=4
		RECORDS_OUT_OPERATOR_TS_0=1
		RECORDS_OUT_OPERATOR_UDTF_2=4
	File Input Format Counters 
		Bytes Read=5401
2024-04-24T01:09:25,085  INFO [LocalJobRunner Map Task Executor #0] mapred.LocalJobRunner: Finishing task: attempt_local1505893104_0022_m_000000_0
2024-04-24T01:09:25,085  INFO [Thread-1736] mapred.LocalJobRunner: map task executor complete.
2024-04-24T01:09:25,087  INFO [Thread-1736] mapred.LocalJobRunner: Waiting for reduce tasks
2024-04-24T01:09:25,088  INFO [pool-107-thread-1] mapred.LocalJobRunner: Starting task: attempt_local1505893104_0022_r_000000_0
2024-04-24T01:09:25,089  INFO [pool-107-thread-1] mapred.Task:  Using ResourceCalculatorProcessTree : [ ]
2024-04-24T01:09:25,089  INFO [pool-107-thread-1] mapred.ReduceTask: Using ShuffleConsumerPlugin: org.apache.hadoop.mapreduce.task.reduce.Shuffle@2c5c14ce
2024-04-24T01:09:25,089  WARN [pool-107-thread-1] impl.MetricsSystemImpl: JobTracker metrics system already initialized!
2024-04-24T01:09:25,092  INFO [pool-107-thread-1] reduce.MergeManagerImpl: MergerManager: memoryLimit=1336252800, maxSingleShuffleLimit=334063200, mergeThreshold=881926912, ioSortFactor=10, memToMemMergeOutputsThreshold=10
2024-04-24T01:09:25,093  INFO [EventFetcher for fetching Map Completion Events] reduce.EventFetcher: attempt_local1505893104_0022_r_000000_0 Thread started: EventFetcher for fetching Map Completion Events
2024-04-24T01:09:25,095  INFO [localfetcher#32] reduce.LocalFetcher: localfetcher#32 about to shuffle output of map attempt_local1505893104_0022_m_000000_0 decomp: 38 len: 42 to MEMORY
2024-04-24T01:09:25,095  INFO [localfetcher#32] reduce.InMemoryMapOutput: Read 38 bytes from map-output for attempt_local1505893104_0022_m_000000_0
2024-04-24T01:09:25,095  INFO [localfetcher#32] reduce.MergeManagerImpl: closeInMemoryFile -> map-output of size: 38, inMemoryMapOutputs.size() -> 1, commitMemory -> 0, usedMemory ->38
2024-04-24T01:09:25,096  INFO [EventFetcher for fetching Map Completion Events] reduce.EventFetcher: EventFetcher is interrupted.. Returning
2024-04-24T01:09:25,097  INFO [pool-107-thread-1] mapred.LocalJobRunner: 1 / 1 copied.
2024-04-24T01:09:25,097  INFO [pool-107-thread-1] reduce.MergeManagerImpl: finalMerge called with 1 in-memory map-outputs and 0 on-disk map-outputs
2024-04-24T01:09:25,107  INFO [pool-107-thread-1] mapred.Merger: Merging 1 sorted segments
2024-04-24T01:09:25,107  INFO [pool-107-thread-1] mapred.Merger: Down to the last merge-pass, with 1 segments left of total size: 26 bytes
2024-04-24T01:09:25,112  INFO [pool-107-thread-1] reduce.MergeManagerImpl: Merged 1 segments, 38 bytes to disk to satisfy reduce memory limit
2024-04-24T01:09:25,113  INFO [pool-107-thread-1] reduce.MergeManagerImpl: Merging 1 files, 42 bytes from disk
2024-04-24T01:09:25,113  INFO [pool-107-thread-1] reduce.MergeManagerImpl: Merging 0 segments, 0 bytes from memory into reduce
2024-04-24T01:09:25,113  INFO [pool-107-thread-1] mapred.Merger: Merging 1 sorted segments
2024-04-24T01:09:25,113  INFO [pool-107-thread-1] mapred.Merger: Down to the last merge-pass, with 1 segments left of total size: 26 bytes
2024-04-24T01:09:25,113  INFO [pool-107-thread-1] mapred.LocalJobRunner: 1 / 1 copied.
2024-04-24T01:09:25,114  INFO [pool-107-thread-1] exec.SerializationUtilities: Deserializing ReduceWork using kryo
2024-04-24T01:09:25,116  INFO [pool-107-thread-1] exec.Utilities: Deserialized plan (via FILE) - name: null size: 5,96KB
2024-04-24T01:09:25,118  INFO [pool-107-thread-1] ExecReducer: 
<SEL>Id =5
  <Children>
    <FS>Id =6
      <Children>
      <\Children>
      <Parent>Id = 5 null<\Parent>
    <\FS>
  <\Children>
  <Parent><\Parent>
<\SEL>
2024-04-24T01:09:25,118  INFO [pool-107-thread-1] exec.SelectOperator: Initializing Operator: SEL[5]
2024-04-24T01:09:25,118  INFO [pool-107-thread-1] exec.SelectOperator: SELECT struct<key:struct<reducesinkkey0:int>,value:struct<_col0:int>>
2024-04-24T01:09:25,118  INFO [pool-107-thread-1] exec.FileSinkOperator: Initializing Operator: FS[6]
2024-04-24T01:09:25,119  INFO [pool-107-thread-1] exec.FileSinkOperator: Using serializer : AbstractSerDe [log=org.apache.logging.slf4j.Log4jLogger@7c52fdfa, configuration=Optional[Configuration: core-default.xml, core-site.xml, mapred-default.xml, mapred-site.xml, yarn-default.xml, yarn-site.xml, hdfs-default.xml, hdfs-site.xml, file:/home/alex/Repositories/hive/ql/target/tmp/TestTxnCommandsWithSplitUpdateAndVectorization/mapred/local/localRunner/alex/job_local1505893104_0022/job_local1505893104_0022.xml], properties={transactional_properties=default, name=default.acidtbl, transactional=true, columns.types=int:int, bucket_field_name=a, columns=a,b, numFilesErasureCoded=0, columns.comments=&amp#0;, bucketing_version=2, bucket_count=2, serialization.lib=org.apache.hadoop.hive.ql.io.orc.OrcSerde, file.inputformat=org.apache.hadoop.hive.ql.io.orc.OrcInputFormat, file.outputformat=org.apache.hadoop.hive.ql.io.orc.OrcOutputFormat, location=file:/home/alex/Repositories/hive/ql/target/tmp/org.apache.hadoop.hive.ql.TestTxnCommands-1713946100941/warehouse/acidtbl, column.name.delimiter=,}, tableProperties={transactional_properties=default, name=default.acidtbl, transactional=true, columns.types=int:int, bucket_field_name=a, columns=a,b, numFilesErasureCoded=0, columns.comments=&amp#0;, bucketing_version=2, bucket_count=2, serialization.lib=org.apache.hadoop.hive.ql.io.orc.OrcSerde, file.inputformat=org.apache.hadoop.hive.ql.io.orc.OrcInputFormat, location=file:/home/alex/Repositories/hive/ql/target/tmp/org.apache.hadoop.hive.ql.TestTxnCommands-1713946100941/warehouse/acidtbl, file.outputformat=org.apache.hadoop.hive.ql.io.orc.OrcOutputFormat, column.name.delimiter=,}, partitionProperties=Optional.empty, columnNames=[a, b], columnTypes=[int, int], getClass()=class org.apache.hadoop.hive.ql.io.orc.OrcSerde] and formatter : org.apache.hadoop.hive.ql.io.orc.OrcOutputFormat@4cd735a8
2024-04-24T01:09:25,119  INFO [pool-107-thread-1] exec.FileSinkOperator: Final Path: FS file:/home/alex/Repositories/hive/ql/target/tmp/org.apache.hadoop.hive.ql.TestTxnCommands-1713946100941/warehouse/acidtbl
2024-04-24T01:09:25,120  INFO [pool-107-thread-1] exec.FileSinkOperator: New Final Path: FS file:/home/alex/Repositories/hive/ql/target/tmp/org.apache.hadoop.hive.ql.TestTxnCommands-1713946100941/warehouse/acidtbl
2024-04-24T01:09:25,120  INFO [pool-107-thread-1] common.FileUtils: Creating directory if it doesn't exist: file:/home/alex/Repositories/hive/ql/target/tmp/org.apache.hadoop.hive.ql.TestTxnCommands-1713946100941/warehouse
2024-04-24T01:09:25,121  INFO [pool-107-thread-1] exec.FileSinkOperator: FS[6]: records written - 1
2024-04-24T01:09:25,121  INFO [pool-107-thread-1] impl.PhysicalFsWriter: ORC writer created for path: file:/home/alex/Repositories/hive/ql/target/tmp/org.apache.hadoop.hive.ql.TestTxnCommands-1713946100941/warehouse/acidtbl/delta_0000001_0000001_0000/bucket_00000_0 with stripeSize: 8388608 blockSize: 268435456 compression: Compress: ZLIB buffer: 32768
2024-04-24T01:09:25,138  INFO [pool-107-thread-1] impl.WriterImpl: ORC writer created for path: file:/home/alex/Repositories/hive/ql/target/tmp/org.apache.hadoop.hive.ql.TestTxnCommands-1713946100941/warehouse/acidtbl/delta_0000001_0000001_0000/bucket_00000_0 with stripeSize: 8388608 options: Compress: ZLIB buffer: 32768
2024-04-24T01:09:25,148  INFO [pool-107-thread-1] exec.SelectOperator: Closing Operator: SEL[5]
2024-04-24T01:09:25,149  INFO [pool-107-thread-1] exec.SelectOperator: RECORDS_OUT_INTERMEDIATE:0, RECORDS_OUT_OPERATOR_SEL_5:2, 
2024-04-24T01:09:25,149  INFO [pool-107-thread-1] exec.FileSinkOperator: Closing Operator: FS[6]
2024-04-24T01:09:25,149  INFO [pool-107-thread-1] exec.FileSinkOperator: FS[6]: records written - 2
2024-04-24T01:09:25,154  INFO [pool-107-thread-1] FileOperations: Writing manifest to file:/home/alex/Repositories/hive/ql/target/tmp/org.apache.hadoop.hive.ql.TestTxnCommands-1713946100941/warehouse/acidtbl/_tmp.delta_0000001_0000001_0000/000000_0.manifest with [file:/home/alex/Repositories/hive/ql/target/tmp/org.apache.hadoop.hive.ql.TestTxnCommands-1713946100941/warehouse/acidtbl/delta_0000001_0000001_0000/bucket_00000_0]
2024-04-24T01:09:25,181  INFO [pool-107-thread-1] exec.FileSinkOperator: TOTAL_TABLE_ROWS_WRITTEN:2, RECORDS_OUT_INTERMEDIATE:0, RECORDS_OUT_1_default.acidtbl:2, RECORDS_OUT_OPERATOR_FS_6:2, 
2024-04-24T01:09:25,182  INFO [pool-107-thread-1] mapred.Task: Task:attempt_local1505893104_0022_r_000000_0 is done. And is in the process of committing
2024-04-24T01:09:25,183  INFO [pool-107-thread-1] mapred.LocalJobRunner: reduce > reduce
2024-04-24T01:09:25,183  INFO [pool-107-thread-1] mapred.Task: Task 'attempt_local1505893104_0022_r_000000_0' done.
2024-04-24T01:09:25,183  INFO [pool-107-thread-1] mapred.Task: Final Counters for attempt_local1505893104_0022_r_000000_0: Counters: 30
	File System Counters
		FILE: Number of bytes read=507295
		FILE: Number of bytes written=27596216
		FILE: Number of read operations=0
		FILE: Number of large read operations=0
		FILE: Number of write operations=0
	Map-Reduce Framework
		Combine input records=0
		Combine output records=0
		Reduce input groups=2
		Reduce shuffle bytes=42
		Reduce input records=2
		Reduce output records=0
		Spilled Records=2
		Shuffled Maps =1
		Failed Shuffles=0
		Merged Map outputs=1
		GC time elapsed (ms)=0
		Total committed heap usage (bytes)=1133510656
	HIVE
		CREATED_FILES=1
		RECORDS_OUT_1_default.acidtbl=2
		RECORDS_OUT_INTERMEDIATE=0
		RECORDS_OUT_OPERATOR_FS_6=2
		RECORDS_OUT_OPERATOR_SEL_5=2
		TOTAL_TABLE_ROWS_WRITTEN=2
	Shuffle Errors
		BAD_ID=0
		CONNECTION=0
		IO_ERROR=0
		WRONG_LENGTH=0
		WRONG_MAP=0
		WRONG_REDUCE=0
	File Output Format Counters 
		Bytes Written=0
2024-04-24T01:09:25,183  INFO [pool-107-thread-1] mapred.LocalJobRunner: Finishing task: attempt_local1505893104_0022_r_000000_0
2024-04-24T01:09:25,183  INFO [pool-107-thread-1] mapred.LocalJobRunner: Starting task: attempt_local1505893104_0022_r_000001_0
2024-04-24T01:09:25,184  INFO [pool-107-thread-1] mapred.Task:  Using ResourceCalculatorProcessTree : [ ]
2024-04-24T01:09:25,184  INFO [pool-107-thread-1] mapred.ReduceTask: Using ShuffleConsumerPlugin: org.apache.hadoop.mapreduce.task.reduce.Shuffle@7aa90d2e
2024-04-24T01:09:25,184  WARN [pool-107-thread-1] impl.MetricsSystemImpl: JobTracker metrics system already initialized!
2024-04-24T01:09:25,186  INFO [pool-107-thread-1] reduce.MergeManagerImpl: MergerManager: memoryLimit=1336252800, maxSingleShuffleLimit=334063200, mergeThreshold=881926912, ioSortFactor=10, memToMemMergeOutputsThreshold=10
2024-04-24T01:09:25,188  INFO [EventFetcher for fetching Map Completion Events] reduce.EventFetcher: attempt_local1505893104_0022_r_000001_0 Thread started: EventFetcher for fetching Map Completion Events
2024-04-24T01:09:25,192  INFO [localfetcher#33] reduce.LocalFetcher: localfetcher#33 about to shuffle output of map attempt_local1505893104_0022_m_000000_0 decomp: 38 len: 42 to MEMORY
2024-04-24T01:09:25,192  INFO [localfetcher#33] reduce.InMemoryMapOutput: Read 38 bytes from map-output for attempt_local1505893104_0022_m_000000_0
2024-04-24T01:09:25,192  INFO [localfetcher#33] reduce.MergeManagerImpl: closeInMemoryFile -> map-output of size: 38, inMemoryMapOutputs.size() -> 1, commitMemory -> 0, usedMemory ->38
2024-04-24T01:09:25,193  INFO [EventFetcher for fetching Map Completion Events] reduce.EventFetcher: EventFetcher is interrupted.. Returning
2024-04-24T01:09:25,194  INFO [pool-107-thread-1] mapred.LocalJobRunner: 1 / 1 copied.
2024-04-24T01:09:25,194  INFO [pool-107-thread-1] reduce.MergeManagerImpl: finalMerge called with 1 in-memory map-outputs and 0 on-disk map-outputs
2024-04-24T01:09:25,204  INFO [pool-107-thread-1] mapred.Merger: Merging 1 sorted segments
2024-04-24T01:09:25,204  INFO [pool-107-thread-1] mapred.Merger: Down to the last merge-pass, with 1 segments left of total size: 26 bytes
2024-04-24T01:09:25,210  INFO [pool-107-thread-1] reduce.MergeManagerImpl: Merged 1 segments, 38 bytes to disk to satisfy reduce memory limit
2024-04-24T01:09:25,210  INFO [pool-107-thread-1] reduce.MergeManagerImpl: Merging 1 files, 42 bytes from disk
2024-04-24T01:09:25,210  INFO [pool-107-thread-1] reduce.MergeManagerImpl: Merging 0 segments, 0 bytes from memory into reduce
2024-04-24T01:09:25,210  INFO [pool-107-thread-1] mapred.Merger: Merging 1 sorted segments
2024-04-24T01:09:25,210  INFO [pool-107-thread-1] mapred.Merger: Down to the last merge-pass, with 1 segments left of total size: 26 bytes
2024-04-24T01:09:25,210  INFO [pool-107-thread-1] mapred.LocalJobRunner: 1 / 1 copied.
2024-04-24T01:09:25,211  INFO [pool-107-thread-1] exec.SerializationUtilities: Deserializing ReduceWork using kryo
2024-04-24T01:09:25,212  INFO [pool-107-thread-1] exec.Utilities: Deserialized plan (via FILE) - name: null size: 5,96KB
2024-04-24T01:09:25,214  INFO [pool-107-thread-1] ExecReducer: 
<SEL>Id =5
  <Children>
    <FS>Id =6
      <Children>
      <\Children>
      <Parent>Id = 5 null<\Parent>
    <\FS>
  <\Children>
  <Parent><\Parent>
<\SEL>
2024-04-24T01:09:25,214  INFO [pool-107-thread-1] exec.SelectOperator: Initializing Operator: SEL[5]
2024-04-24T01:09:25,214  INFO [pool-107-thread-1] exec.SelectOperator: SELECT struct<key:struct<reducesinkkey0:int>,value:struct<_col0:int>>
2024-04-24T01:09:25,214  INFO [pool-107-thread-1] exec.FileSinkOperator: Initializing Operator: FS[6]
2024-04-24T01:09:25,215  INFO [pool-107-thread-1] exec.FileSinkOperator: Using serializer : AbstractSerDe [log=org.apache.logging.slf4j.Log4jLogger@7c52fdfa, configuration=Optional[Configuration: core-default.xml, core-site.xml, mapred-default.xml, mapred-site.xml, yarn-default.xml, yarn-site.xml, hdfs-default.xml, hdfs-site.xml, file:/home/alex/Repositories/hive/ql/target/tmp/TestTxnCommandsWithSplitUpdateAndVectorization/mapred/local/localRunner/alex/job_local1505893104_0022/job_local1505893104_0022.xml], properties={transactional_properties=default, name=default.acidtbl, transactional=true, columns.types=int:int, bucket_field_name=a, columns=a,b, numFilesErasureCoded=0, columns.comments=&amp#0;, bucketing_version=2, bucket_count=2, serialization.lib=org.apache.hadoop.hive.ql.io.orc.OrcSerde, file.inputformat=org.apache.hadoop.hive.ql.io.orc.OrcInputFormat, file.outputformat=org.apache.hadoop.hive.ql.io.orc.OrcOutputFormat, location=file:/home/alex/Repositories/hive/ql/target/tmp/org.apache.hadoop.hive.ql.TestTxnCommands-1713946100941/warehouse/acidtbl, column.name.delimiter=,}, tableProperties={transactional_properties=default, name=default.acidtbl, transactional=true, columns.types=int:int, bucket_field_name=a, columns=a,b, numFilesErasureCoded=0, columns.comments=&amp#0;, bucketing_version=2, bucket_count=2, serialization.lib=org.apache.hadoop.hive.ql.io.orc.OrcSerde, file.inputformat=org.apache.hadoop.hive.ql.io.orc.OrcInputFormat, location=file:/home/alex/Repositories/hive/ql/target/tmp/org.apache.hadoop.hive.ql.TestTxnCommands-1713946100941/warehouse/acidtbl, file.outputformat=org.apache.hadoop.hive.ql.io.orc.OrcOutputFormat, column.name.delimiter=,}, partitionProperties=Optional.empty, columnNames=[a, b], columnTypes=[int, int], getClass()=class org.apache.hadoop.hive.ql.io.orc.OrcSerde] and formatter : org.apache.hadoop.hive.ql.io.orc.OrcOutputFormat@e549ea
2024-04-24T01:09:25,216  INFO [pool-107-thread-1] exec.FileSinkOperator: Final Path: FS file:/home/alex/Repositories/hive/ql/target/tmp/org.apache.hadoop.hive.ql.TestTxnCommands-1713946100941/warehouse/acidtbl
2024-04-24T01:09:25,216  INFO [pool-107-thread-1] exec.FileSinkOperator: New Final Path: FS file:/home/alex/Repositories/hive/ql/target/tmp/org.apache.hadoop.hive.ql.TestTxnCommands-1713946100941/warehouse/acidtbl
2024-04-24T01:09:25,216  INFO [pool-107-thread-1] common.FileUtils: Creating directory if it doesn't exist: file:/home/alex/Repositories/hive/ql/target/tmp/org.apache.hadoop.hive.ql.TestTxnCommands-1713946100941/warehouse
2024-04-24T01:09:25,217  INFO [pool-107-thread-1] exec.FileSinkOperator: FS[6]: records written - 1
2024-04-24T01:09:25,218  INFO [pool-107-thread-1] impl.PhysicalFsWriter: ORC writer created for path: file:/home/alex/Repositories/hive/ql/target/tmp/org.apache.hadoop.hive.ql.TestTxnCommands-1713946100941/warehouse/acidtbl/delta_0000001_0000001_0000/bucket_00001_0 with stripeSize: 8388608 blockSize: 268435456 compression: Compress: ZLIB buffer: 32768
2024-04-24T01:09:25,229  INFO [pool-107-thread-1] impl.WriterImpl: ORC writer created for path: file:/home/alex/Repositories/hive/ql/target/tmp/org.apache.hadoop.hive.ql.TestTxnCommands-1713946100941/warehouse/acidtbl/delta_0000001_0000001_0000/bucket_00001_0 with stripeSize: 8388608 options: Compress: ZLIB buffer: 32768
2024-04-24T01:09:25,229  INFO [pool-107-thread-1] exec.SelectOperator: Closing Operator: SEL[5]
2024-04-24T01:09:25,229  INFO [pool-107-thread-1] exec.SelectOperator: RECORDS_OUT_OPERATOR_SEL_5:2, RECORDS_OUT_INTERMEDIATE:0, 
2024-04-24T01:09:25,230  INFO [pool-107-thread-1] exec.FileSinkOperator: Closing Operator: FS[6]
2024-04-24T01:09:25,230  INFO [pool-107-thread-1] exec.FileSinkOperator: FS[6]: records written - 2
2024-04-24T01:09:25,234  INFO [pool-107-thread-1] FileOperations: Writing manifest to file:/home/alex/Repositories/hive/ql/target/tmp/org.apache.hadoop.hive.ql.TestTxnCommands-1713946100941/warehouse/acidtbl/_tmp.delta_0000001_0000001_0000/000001_0.manifest with [file:/home/alex/Repositories/hive/ql/target/tmp/org.apache.hadoop.hive.ql.TestTxnCommands-1713946100941/warehouse/acidtbl/delta_0000001_0000001_0000/bucket_00001_0]
2024-04-24T01:09:25,256  INFO [pool-107-thread-1] exec.FileSinkOperator: TOTAL_TABLE_ROWS_WRITTEN:2, RECORDS_OUT_OPERATOR_FS_6:2, RECORDS_OUT_1_default.acidtbl:2, RECORDS_OUT_INTERMEDIATE:0, 
2024-04-24T01:09:25,257  INFO [pool-107-thread-1] mapred.Task: Task:attempt_local1505893104_0022_r_000001_0 is done. And is in the process of committing
2024-04-24T01:09:25,258  INFO [pool-107-thread-1] mapred.LocalJobRunner: reduce > reduce
2024-04-24T01:09:25,258  INFO [pool-107-thread-1] mapred.Task: Task 'attempt_local1505893104_0022_r_000001_0' done.
2024-04-24T01:09:25,258  INFO [pool-107-thread-1] mapred.Task: Final Counters for attempt_local1505893104_0022_r_000001_0: Counters: 30
	File System Counters
		FILE: Number of bytes read=513457
		FILE: Number of bytes written=27597286
		FILE: Number of read operations=0
		FILE: Number of large read operations=0
		FILE: Number of write operations=0
	Map-Reduce Framework
		Combine input records=0
		Combine output records=0
		Reduce input groups=2
		Reduce shuffle bytes=42
		Reduce input records=2
		Reduce output records=0
		Spilled Records=2
		Shuffled Maps =1
		Failed Shuffles=0
		Merged Map outputs=1
		GC time elapsed (ms)=0
		Total committed heap usage (bytes)=1133510656
	HIVE
		CREATED_FILES=1
		RECORDS_OUT_1_default.acidtbl=2
		RECORDS_OUT_INTERMEDIATE=0
		RECORDS_OUT_OPERATOR_FS_6=2
		RECORDS_OUT_OPERATOR_SEL_5=2
		TOTAL_TABLE_ROWS_WRITTEN=2
	Shuffle Errors
		BAD_ID=0
		CONNECTION=0
		IO_ERROR=0
		WRONG_LENGTH=0
		WRONG_MAP=0
		WRONG_REDUCE=0
	File Output Format Counters 
		Bytes Written=0
2024-04-24T01:09:25,258  INFO [pool-107-thread-1] mapred.LocalJobRunner: Finishing task: attempt_local1505893104_0022_r_000001_0
2024-04-24T01:09:25,258  INFO [Thread-1736] mapred.LocalJobRunner: reduce task executor complete.
2024-04-24 01:09:26,036 Stage-1 map = 100%,  reduce = 100%
2024-04-24T01:09:26,036  INFO [main] exec.Task: 2024-04-24 01:09:26,036 Stage-1 map = 100%,  reduce = 100%
Ended Job = job_local1505893104_0022
2024-04-24T01:09:26,037  INFO [main] exec.Task: Ended Job = job_local1505893104_0022
2024-04-24T01:09:26,038  INFO [main] FileOperations: Found manifest file file:/home/alex/Repositories/hive/ql/target/tmp/org.apache.hadoop.hive.ql.TestTxnCommands-1713946100941/warehouse/acidtbl/_tmp.delta_0000001_0000001_0000/000000_0.manifest with attemptId 0.
2024-04-24T01:09:26,038  INFO [main] FileOperations: Found manifest file file:/home/alex/Repositories/hive/ql/target/tmp/org.apache.hadoop.hive.ql.TestTxnCommands-1713946100941/warehouse/acidtbl/_tmp.delta_0000001_0000001_0000/000001_0.manifest with attemptId 0.
2024-04-24T01:09:26,038  INFO [main] FileOperations: Looking at manifest file: file:/home/alex/Repositories/hive/ql/target/tmp/org.apache.hadoop.hive.ql.TestTxnCommands-1713946100941/warehouse/acidtbl/_tmp.delta_0000001_0000001_0000/000001_0.manifest
2024-04-24T01:09:26,039  INFO [main] FileOperations: Looking at manifest file: file:/home/alex/Repositories/hive/ql/target/tmp/org.apache.hadoop.hive.ql.TestTxnCommands-1713946100941/warehouse/acidtbl/_tmp.delta_0000001_0000001_0000/000000_0.manifest
2024-04-24T01:09:26,039  INFO [main] FileOperations: Deleting manifest directory file:/home/alex/Repositories/hive/ql/target/tmp/org.apache.hadoop.hive.ql.TestTxnCommands-1713946100941/warehouse/acidtbl/_tmp.delta_0000001_0000001_0000
2024-04-24T01:09:26,040  INFO [main] ql.Driver: Starting task [Stage-0:MOVE] in serial mode
Loading data to table default.acidtbl
2024-04-24T01:09:26,040  INFO [main] exec.Task: Loading data to table default.acidtbl from file:/home/alex/Repositories/hive/ql/target/tmp/org.apache.hadoop.hive.ql.TestTxnCommands-1713946100941/warehouse/acidtbl
2024-04-24T01:09:26,040  INFO [main] HiveMetaStore.audit: ugi=alex	ip=unknown-ip-addr	cmd=get_table : tbl=hive.default.acidtbl	
2024-04-24T01:09:26,048  INFO [main] metastore.HMSHandler: Skipping translation for processor with null
2024-04-24T01:09:26,048  INFO [main] HiveMetaStore.audit: ugi=alex	ip=unknown-ip-addr	cmd=get_table : tbl=hive.default.acidtbl	
2024-04-24T01:09:26,055  INFO [main] metastore.HMSHandler: Skipping translation for processor with null
2024-04-24T01:09:26,055  INFO [main] HiveMetaStore.audit: ugi=alex	ip=unknown-ip-addr	cmd=alter_table: hive.default.acidtbl newtbl=acidtbl	
2024-04-24T01:09:26,083  INFO [main] ql.Driver: Starting task [Stage-2:STATS] in serial mode
2024-04-24T01:09:26,083  INFO [main] HiveMetaStore.audit: ugi=alex	ip=unknown-ip-addr	cmd=get_table : tbl=hive.default.acidtbl	
2024-04-24T01:09:26,089  INFO [main] metastore.HMSHandler: Skipping translation for processor with null
2024-04-24T01:09:26,089  INFO [main] stats.BasicStatsTask: Executing stats task
2024-04-24T01:09:26,090  INFO [main] fs.FSStatsPublisher: created : file:/home/alex/Repositories/hive/ql/target/tmp/localscratchdir/2b2ee945-0728-41c0-a369-3f406a7a5928/hive_2024-04-24_01-09-24_510_7347152619568608851-1/-mr-10000
2024-04-24T01:09:26,091  INFO [main] HiveMetaStore.audit: ugi=alex	ip=unknown-ip-addr	cmd=get_table : tbl=hive.default.acidtbl	
2024-04-24T01:09:26,097  INFO [main] metastore.HMSHandler: Skipping translation for processor with null
2024-04-24T01:09:26,109  WARN [main] FileOperations: Computing stats for an ACID table; stats may be inaccurate
2024-04-24T01:09:26,109  INFO [main] FileOperations: Read stats for default.acidtbl/, numRows, true, 4, false: 
2024-04-24T01:09:26,109  INFO [main] FileOperations: Read stats for default.acidtbl/, rawDataSize, true, 0, false: 
2024-04-24T01:09:26,110  INFO [main] HiveMetaStore.audit: ugi=alex	ip=unknown-ip-addr	cmd=alter_table: hive.default.acidtbl newtbl=acidtbl	
2024-04-24T01:09:26,132  INFO [main] FileOperations: Read stats for default.acidtbl/, insertCount, true, 4, false: 
2024-04-24T01:09:26,133  INFO [main] FileOperations: Read stats for default.acidtbl/, updateCount, true, 0, false: 
2024-04-24T01:09:26,133  INFO [main] FileOperations: Read stats for default.acidtbl/, deleteCount, true, 0, false: 
2024-04-24T01:09:26,136  INFO [main] stats.BasicStatsTask: Table default.acidtbl stats: [numFiles=2, numRows=4, totalSize=1380, rawDataSize=0, numFilesErasureCoded=0]
2024-04-24T01:09:26,136  INFO [main] metadata.Hive: Dumping metastore api call timing information for : execution phase
2024-04-24T01:09:26,137  INFO [main] metadata.Hive: Total time spent in each metastore function (ms): {isCompatibleWith_(Configuration)=0, updateTransactionalStatistics_(UpdateTransactionalStatsRequest)=3, alter_table_(String, String, String, Table, EnvironmentContext, String)=50, getTable_(GetTableRequest)=28}
MapReduce Jobs Launched: 
2024-04-24T01:09:26,137  INFO [main] ql.Driver: MapReduce Jobs Launched: 
Stage-Stage-1:  HDFS Read: 0 HDFS Write: 0 SUCCESS
2024-04-24T01:09:26,137  INFO [main] ql.Driver: Stage-Stage-1:  HDFS Read: 0 HDFS Write: 0 SUCCESS
Total MapReduce CPU Time Spent: 0 msec
2024-04-24T01:09:26,137  INFO [main] ql.Driver: Total MapReduce CPU Time Spent: 0 msec
2024-04-24T01:09:26,137  INFO [main] ql.Driver: Completed executing command(queryId=alex_20240424010924_c8d67cd4-7203-4a76-9f74-5184371dd274); Time taken: 1.402 seconds
2024-04-24T01:09:26,137  INFO [main] lockmgr.DbTxnManager: Stopped heartbeat for query: alex_20240424010924_c8d67cd4-7203-4a76-9f74-5184371dd274
2024-04-24T01:09:26,149  INFO [main] txn.TxnHandler: Removed transactions: ([14]) from MIN_HISTORY_LEVEL
2024-04-24T01:09:26,149  WARN [main] txn.CompactionTxnHandler: No compaction queue record found for Compaction type transaction commit. txnId:14
2024-04-24T01:09:26,150  INFO [main] ql.TxnCommandsBaseForTests: Running the query: merge into acidTbl as t using nonAcidOrcTbl s ON t.a = s.a WHEN MATCHED and s.a < 5 THEN DELETE WHEN MATCHED AND s.a < 3 THEN update set b = 0 WHEN NOT MATCHED THEN INSERT VALUES(s.a, s.b) 
2024-04-24T01:09:26,150  INFO [main] ql.Context: Deleting scratch dir: file:/home/alex/Repositories/hive/ql/target/tmp/localscratchdir/2b2ee945-0728-41c0-a369-3f406a7a5928/hive_2024-04-24_01-09-24_510_7347152619568608851-1
2024-04-24T01:09:26,151  INFO [main] cleanup.SyncCleanupService: Deleted directory: file:/home/alex/Repositories/hive/ql/target/tmp/localscratchdir/2b2ee945-0728-41c0-a369-3f406a7a5928/hive_2024-04-24_01-09-24_510_7347152619568608851-1 on fs with scheme file
2024-04-24T01:09:26,151  INFO [main] ql.Driver: Compiling command(queryId=alex_20240424010926_7f4844c1-f980-42d1-8f48-235c1082dab8): merge into acidTbl as t using nonAcidOrcTbl s ON t.a = s.a WHEN MATCHED and s.a < 5 THEN DELETE WHEN MATCHED AND s.a < 3 THEN update set b = 0 WHEN NOT MATCHED THEN INSERT VALUES(s.a, s.b) 
2024-04-24T01:09:26,154  INFO [main] txn.TxnHandler: Added entries to MIN_HISTORY_LEVEL for current txns: ([15]) with min_open_txn: 15
2024-04-24T01:09:26,154  INFO [main] lockmgr.DbTxnManager: Opened txnid:15
2024-04-24T01:09:26,155  INFO [main] parse.MergeSemanticAnalyzer: Starting caching scope for: 
2024-04-24T01:09:26,155  INFO [main] HiveMetaStore.audit: ugi=alex	ip=unknown-ip-addr	cmd=get_table : tbl=hive.default.acidTbl	
2024-04-24T01:09:26,161  INFO [main] metastore.HMSHandler: Skipping translation for processor with null
2024-04-24T01:09:26,162  INFO [main] HiveMetaStore.audit: ugi=alex	ip=unknown-ip-addr	cmd=get_table : tbl=hive.default.merge_tmp_table	
2024-04-24T01:09:26,166  INFO [main] utils.FileUtils: Creating directory if it doesn't exist: file:/home/alex/Repositories/hive/ql/target/tmp/scratchdir/alex/2b2ee945-0728-41c0-a369-3f406a7a5928/_tmp_space.db/merge_tmp_table
2024-04-24T01:09:26,168  INFO [main] parse.RewriteSemanticAnalyzer: Going to reparse <merge into acidTbl as t using nonAcidOrcTbl s ON t.a = s.a WHEN MATCHED and s.a < 5 THEN DELETE WHEN MATCHED AND s.a < 3 THEN update set b = 0 WHEN NOT MATCHED THEN INSERT VALUES(s.a, s.b) > as 
<FROM
  `default`.`acidTbl` `t`
  RIGHT OUTER JOIN
  `default`.`nonAcidOrcTbl` `s`
  ON `t`.`a` = `s`.`a`
INSERT INTO `default`.`acidTbl`    -- delete clause
 SELECT `t`.ROW__ID 
   WHERE `t`.`a` = `s`.`a` AND `s`.`a` < 5
 SORT BY `t`.ROW__ID 
INSERT INTO `default`.`acidTbl`    -- update clause(insert part)
 SELECT `t`.`a`, 0
   WHERE `t`.`a` = `s`.`a` AND `s`.`a` < 3 AND NOT(`s`.`a` < 5)
INSERT INTO `default`.`acidTbl`    -- update clause (delete part)
 SELECT `t`.ROW__ID 
   WHERE `t`.`a` = `s`.`a` AND `s`.`a` < 3 AND NOT(`s`.`a` < 5)
 SORT BY `t`.ROW__ID 
INSERT INTO `default`.`acidTbl`    -- insert clause
  SELECT `s`.`a`, `s`.`b`
   WHERE `t`.`a` IS NULL
INSERT INTO merge_tmp_table
  SELECT cardinality_violation(`t`.ROW__ID)
 WHERE `t`.`a` = `s`.`a` GROUP BY `t`.ROW__ID HAVING count(*) > 1>
2024-04-24T01:09:26,172  INFO [main] parse.MergeSemanticAnalyzer: Starting Semantic Analysis
2024-04-24T01:09:26,176  INFO [main] parse.MergeSemanticAnalyzer: Completed phase 1 of Semantic Analysis
2024-04-24T01:09:26,176  INFO [main] parse.MergeSemanticAnalyzer: Get metadata for source tables
2024-04-24T01:09:26,177  INFO [main] HiveMetaStore.audit: ugi=alex	ip=unknown-ip-addr	cmd=get_table : tbl=hive.default.acidtbl	
2024-04-24T01:09:26,184  INFO [main] metastore.HMSHandler: Skipping translation for processor with null
2024-04-24T01:09:26,185  INFO [main] HiveMetaStore.audit: ugi=alex	ip=unknown-ip-addr	cmd=get_table : tbl=hive.default.nonacidorctbl	
2024-04-24T01:09:26,194  INFO [main] metastore.HMSHandler: Skipping translation for processor with null
2024-04-24T01:09:26,194  INFO [main] parse.MergeSemanticAnalyzer: Get metadata for subqueries
2024-04-24T01:09:26,194  INFO [main] parse.MergeSemanticAnalyzer: Get metadata for destination tables
2024-04-24T01:09:26,195  INFO [main] HiveMetaStore.audit: ugi=alex	ip=unknown-ip-addr	cmd=get_table : tbl=hive.default.acidTbl	
2024-04-24T01:09:26,202  INFO [main] metastore.HMSHandler: Skipping translation for processor with null
2024-04-24T01:09:26,202  INFO [main] HiveMetaStore.audit: ugi=alex	ip=unknown-ip-addr	cmd=get_table : tbl=hive.default.acidTbl	
2024-04-24T01:09:26,210  INFO [main] metastore.HMSHandler: Skipping translation for processor with null
2024-04-24T01:09:26,211  INFO [main] HiveMetaStore.audit: ugi=alex	ip=unknown-ip-addr	cmd=get_table : tbl=hive.default.acidTbl	
2024-04-24T01:09:26,218  INFO [main] metastore.HMSHandler: Skipping translation for processor with null
2024-04-24T01:09:26,218  INFO [main] HiveMetaStore.audit: ugi=alex	ip=unknown-ip-addr	cmd=get_table : tbl=hive.default.acidTbl	
2024-04-24T01:09:26,226  INFO [main] metastore.HMSHandler: Skipping translation for processor with null
2024-04-24T01:09:26,226  INFO [main] parse.MergeSemanticAnalyzer: Completed getting MetaData in Semantic Analysis
2024-04-24T01:09:26,226  INFO [main] parse.MergeSemanticAnalyzer: Disabling LLAP IO encode as ETL query is detected
2024-04-24T01:09:26,227  INFO [main] parse.MergeSemanticAnalyzer: Get metadata for source tables
2024-04-24T01:09:26,227  INFO [main] parse.MergeSemanticAnalyzer: Get metadata for subqueries
2024-04-24T01:09:26,227  INFO [main] parse.MergeSemanticAnalyzer: Get metadata for destination tables
2024-04-24T01:09:26,240  INFO [main] HiveMetaStore.audit: ugi=alex	ip=unknown-ip-addr	cmd=get_all_table_constraints : tbl=hive.default.acidtbl	
2024-04-24T01:09:26,246  INFO [main] HiveMetaStore.audit: ugi=alex	ip=unknown-ip-addr	cmd=get_all_table_constraints : tbl=hive.default.nonacidorctbl	
2024-04-24T01:09:26,280  INFO [main] calcite.RelOptHiveTable: Calculating column statistics for default.acidtbl, projIndxSet: [0], allowMissingStats: true
2024-04-24T01:09:26,281  INFO [main] HiveMetaStore.audit: ugi=alex	ip=unknown-ip-addr	cmd=get_table : tbl=hive.default.acidtbl	
2024-04-24T01:09:26,292  INFO [main] metastore.HMSHandler: Skipping translation for processor with null
2024-04-24T01:09:26,293  INFO [main] HiveMetaStore.audit: ugi=alex	ip=unknown-ip-addr	cmd=get_table : tbl=hive.default.acidtbl	
2024-04-24T01:09:26,308  INFO [main] metastore.HMSHandler: Skipping translation for processor with null
2024-04-24T01:09:26,308  INFO [main] HiveMetaStore.audit: ugi=alex	ip=unknown-ip-addr	cmd=get_table_statistics_req: table=hive.default.acidtbl	
2024-04-24T01:09:26,324  WARN [main] calcite.RelOptHiveTable: No Stats for default@acidtbl, Columns: a
No Stats for default@acidtbl, Columns: a
2024-04-24T01:09:26,324  INFO [main] SessionState: No Stats for default@acidtbl, Columns: a
2024-04-24T01:09:26,325  INFO [main] calcite.RelOptHiveTable: Calculating column statistics for default.nonacidorctbl, projIndxSet: [0, 1], allowMissingStats: true
2024-04-24T01:09:26,325  INFO [main] HiveMetaStore.audit: ugi=alex	ip=unknown-ip-addr	cmd=get_table : tbl=hive.default.nonacidorctbl	
2024-04-24T01:09:26,343  INFO [main] metastore.HMSHandler: Skipping translation for processor with null
2024-04-24T01:09:26,344  INFO [main] HiveMetaStore.audit: ugi=alex	ip=unknown-ip-addr	cmd=get_table : tbl=hive.default.nonacidorctbl	
2024-04-24T01:09:26,361  INFO [main] metastore.HMSHandler: Skipping translation for processor with null
2024-04-24T01:09:26,362  INFO [main] HiveMetaStore.audit: ugi=alex	ip=unknown-ip-addr	cmd=get_table_statistics_req: table=hive.default.nonacidorctbl	
2024-04-24T01:09:26,382  WARN [main] calcite.RelOptHiveTable: No Stats for default@nonacidorctbl, Columns: b, a
No Stats for default@nonacidorctbl, Columns: b, a
2024-04-24T01:09:26,382  INFO [main] SessionState: No Stats for default@nonacidorctbl, Columns: b, a
2024-04-24T01:09:26,588  INFO [main] parse.MergeSemanticAnalyzer: Get metadata for source tables
2024-04-24T01:09:26,588  INFO [main] parse.MergeSemanticAnalyzer: Get metadata for subqueries
2024-04-24T01:09:26,588  INFO [main] parse.MergeSemanticAnalyzer: Get metadata for source tables
2024-04-24T01:09:26,588  INFO [main] parse.MergeSemanticAnalyzer: Get metadata for subqueries
2024-04-24T01:09:26,588  INFO [main] parse.MergeSemanticAnalyzer: Get metadata for source tables
2024-04-24T01:09:26,588  INFO [main] parse.MergeSemanticAnalyzer: Get metadata for subqueries
2024-04-24T01:09:26,588  INFO [main] parse.MergeSemanticAnalyzer: Get metadata for destination tables
2024-04-24T01:09:26,588  INFO [main] parse.MergeSemanticAnalyzer: Get metadata for source tables
2024-04-24T01:09:26,588  INFO [main] parse.MergeSemanticAnalyzer: Get metadata for subqueries
2024-04-24T01:09:26,588  INFO [main] parse.MergeSemanticAnalyzer: Get metadata for destination tables
2024-04-24T01:09:26,589  INFO [main] parse.MergeSemanticAnalyzer: Get metadata for destination tables
2024-04-24T01:09:26,589  INFO [main] parse.MergeSemanticAnalyzer: Get metadata for destination tables
2024-04-24T01:09:26,589  INFO [main] HiveMetaStore.audit: ugi=alex	ip=unknown-ip-addr	cmd=get_table : tbl=hive.default.acidTbl	
2024-04-24T01:09:26,596  INFO [main] metastore.HMSHandler: Skipping translation for processor with null
2024-04-24T01:09:26,596  INFO [main] HiveMetaStore.audit: ugi=alex	ip=unknown-ip-addr	cmd=get_table : tbl=hive.default.acidTbl	
2024-04-24T01:09:26,602  INFO [main] metastore.HMSHandler: Skipping translation for processor with null
2024-04-24T01:09:26,602  INFO [main] HiveMetaStore.audit: ugi=alex	ip=unknown-ip-addr	cmd=get_table : tbl=hive.default.acidTbl	
2024-04-24T01:09:26,609  INFO [main] metastore.HMSHandler: Skipping translation for processor with null
2024-04-24T01:09:26,609  INFO [main] HiveMetaStore.audit: ugi=alex	ip=unknown-ip-addr	cmd=get_table : tbl=hive.default.acidTbl	
2024-04-24T01:09:26,615  INFO [main] metastore.HMSHandler: Skipping translation for processor with null
2024-04-24T01:09:26,621 ERROR [main] parse.MergeSemanticAnalyzer: CBO failed, skipping CBO. 
org.apache.hadoop.hive.ql.exec.NoMatchingMethodException: No matching method for class org.apache.hadoop.hive.ql.udf.UDFToInteger with (struct<writeid:bigint,bucketid:int,rowid:bigint>). Possible choices: _FUNC_(bigint)  _FUNC_(boolean)  _FUNC_(decimal(38,18))  _FUNC_(double)  _FUNC_(float)  _FUNC_(smallint)  _FUNC_(string)  _FUNC_(struct<rowid:bigint,writeid:bigint,bucketid:int>)  _FUNC_(timestamp)  _FUNC_(tinyint)  _FUNC_(void)  
	at org.apache.hadoop.hive.ql.exec.MethodUtils.getMethodInternal(MethodUtils.java:130) ~[classes/:?]
	at org.apache.hadoop.hive.ql.exec.MethodUtils.getMethodInternal(MethodUtils.java:60) ~[classes/:?]
	at org.apache.hadoop.hive.ql.exec.DefaultUDFMethodResolver.getEvalMethod(DefaultUDFMethodResolver.java:59) ~[classes/:?]
	at org.apache.hadoop.hive.ql.udf.TimestampCastRestrictorResolver.getEvalMethod(TimestampCastRestrictorResolver.java:68) ~[classes/:?]
	at org.apache.hadoop.hive.ql.udf.generic.GenericUDFBridge.initialize(GenericUDFBridge.java:168) ~[classes/:?]
	at org.apache.hadoop.hive.ql.udf.generic.GenericUDF.initializeAndFoldConstants(GenericUDF.java:149) ~[classes/:?]
	at org.apache.hadoop.hive.ql.plan.ExprNodeGenericFuncDesc.newInstance(ExprNodeGenericFuncDesc.java:235) ~[classes/:?]
	at org.apache.hadoop.hive.ql.parse.type.ExprNodeDescExprFactory.createFuncCallExpr(ExprNodeDescExprFactory.java:584) ~[classes/:?]
	at org.apache.hadoop.hive.ql.parse.type.ExprNodeDescExprFactory.createFuncCallExpr(ExprNodeDescExprFactory.java:97) ~[classes/:?]
	at org.apache.hadoop.hive.ql.parse.type.TypeCheckProcFactory$DefaultExprProcessor.getFuncExprNodeDescWithUdfData(TypeCheckProcFactory.java:762) ~[classes/:?]
	at org.apache.hadoop.hive.ql.parse.type.TypeCheckProcFactory$DefaultExprProcessor.createConversionCast(TypeCheckProcFactory.java:783) ~[classes/:?]
	at org.apache.hadoop.hive.ql.parse.SemanticAnalyzer.getPartitionColsFromBucketColsForUpdateDelete(SemanticAnalyzer.java:8725) ~[classes/:?]
	at org.apache.hadoop.hive.ql.parse.SemanticAnalyzer.genBucketingSortingDest(SemanticAnalyzer.java:6906) ~[classes/:?]
	at org.apache.hadoop.hive.ql.parse.SemanticAnalyzer.genFileSinkPlan(SemanticAnalyzer.java:7335) ~[classes/:?]
	at org.apache.hadoop.hive.ql.parse.SemanticAnalyzer.genPostGroupByBodyPlan(SemanticAnalyzer.java:11063) ~[classes/:?]
	at org.apache.hadoop.hive.ql.parse.SemanticAnalyzer.genBodyPlan(SemanticAnalyzer.java:10938) ~[classes/:?]
	at org.apache.hadoop.hive.ql.parse.SemanticAnalyzer.genPlan(SemanticAnalyzer.java:11853) ~[classes/:?]
	at org.apache.hadoop.hive.ql.parse.SemanticAnalyzer.genPlan(SemanticAnalyzer.java:11723) ~[classes/:?]
	at org.apache.hadoop.hive.ql.parse.CalcitePlanner.genOPTree(CalcitePlanner.java:626) ~[classes/:?]
	at org.apache.hadoop.hive.ql.parse.SemanticAnalyzer.analyzeInternal(SemanticAnalyzer.java:12558) ~[classes/:?]
	at org.apache.hadoop.hive.ql.parse.CalcitePlanner.analyzeInternal(CalcitePlanner.java:456) ~[classes/:?]
	at org.apache.hadoop.hive.ql.parse.RewriteSemanticAnalyzer.analyzeInternal(RewriteSemanticAnalyzer.java:67) ~[classes/:?]
	at org.apache.hadoop.hive.ql.parse.BaseSemanticAnalyzer.analyze(BaseSemanticAnalyzer.java:317) ~[classes/:?]
	at org.apache.hadoop.hive.ql.parse.MergeSemanticAnalyzer.analyzeMerge(MergeSemanticAnalyzer.java:317) ~[classes/:?]
	at org.apache.hadoop.hive.ql.parse.MergeSemanticAnalyzer.analyze(MergeSemanticAnalyzer.java:63) ~[classes/:?]
	at org.apache.hadoop.hive.ql.parse.RewriteSemanticAnalyzer.analyzeInternal(RewriteSemanticAnalyzer.java:72) ~[classes/:?]
	at org.apache.hadoop.hive.ql.parse.BaseSemanticAnalyzer.analyze(BaseSemanticAnalyzer.java:317) ~[classes/:?]
	at org.apache.hadoop.hive.ql.Compiler.analyze(Compiler.java:223) ~[classes/:?]
	at org.apache.hadoop.hive.ql.Compiler.compile(Compiler.java:105) ~[classes/:?]
	at org.apache.hadoop.hive.ql.Driver.compile(Driver.java:500) ~[classes/:?]
	at org.apache.hadoop.hive.ql.Driver.compileInternal(Driver.java:453) ~[classes/:?]
	at org.apache.hadoop.hive.ql.Driver.runInternal(Driver.java:181) ~[classes/:?]
	at org.apache.hadoop.hive.ql.Driver.run(Driver.java:153) ~[classes/:?]
	at org.apache.hadoop.hive.ql.Driver.run(Driver.java:140) ~[classes/:?]
	at org.apache.hadoop.hive.ql.TxnCommandsBaseForTests.runStatementOnDriver(TxnCommandsBaseForTests.java:245) ~[test-classes/:?]
	at org.apache.hadoop.hive.ql.TestTxnCommands.testMergeDeleteUpdate(TestTxnCommands.java:1281) ~[test-classes/:?]
	at sun.reflect.NativeMethodAccessorImpl.invoke0(Native Method) ~[?:1.8.0_402]
	at sun.reflect.NativeMethodAccessorImpl.invoke(NativeMethodAccessorImpl.java:62) ~[?:1.8.0_402]
	at sun.reflect.DelegatingMethodAccessorImpl.invoke(DelegatingMethodAccessorImpl.java:43) ~[?:1.8.0_402]
	at java.lang.reflect.Method.invoke(Method.java:498) ~[?:1.8.0_402]
	at org.junit.runners.model.FrameworkMethod$1.runReflectiveCall(FrameworkMethod.java:59) ~[junit-4.13.jar:4.13]
	at org.junit.internal.runners.model.ReflectiveCallable.run(ReflectiveCallable.java:12) ~[junit-4.13.jar:4.13]
	at org.junit.runners.model.FrameworkMethod.invokeExplosively(FrameworkMethod.java:56) ~[junit-4.13.jar:4.13]
	at org.junit.internal.runners.statements.InvokeMethod.evaluate(InvokeMethod.java:17) ~[junit-4.13.jar:4.13]
	at org.junit.internal.runners.statements.RunBefores.evaluate(RunBefores.java:26) ~[junit-4.13.jar:4.13]
	at org.junit.internal.runners.statements.RunAfters.evaluate(RunAfters.java:27) ~[junit-4.13.jar:4.13]
	at org.junit.rules.TestWatcher$1.evaluate(TestWatcher.java:61) ~[junit-4.13.jar:4.13]
	at org.junit.runners.ParentRunner$3.evaluate(ParentRunner.java:306) ~[junit-4.13.jar:4.13]
	at org.junit.runners.BlockJUnit4ClassRunner$1.evaluate(BlockJUnit4ClassRunner.java:100) ~[junit-4.13.jar:4.13]
	at org.junit.runners.ParentRunner.runLeaf(ParentRunner.java:366) ~[junit-4.13.jar:4.13]
	at org.junit.runners.BlockJUnit4ClassRunner.runChild(BlockJUnit4ClassRunner.java:103) ~[junit-4.13.jar:4.13]
	at org.junit.runners.BlockJUnit4ClassRunner.runChild(BlockJUnit4ClassRunner.java:63) ~[junit-4.13.jar:4.13]
	at org.junit.runners.ParentRunner$4.run(ParentRunner.java:331) ~[junit-4.13.jar:4.13]
	at org.junit.runners.ParentRunner$1.schedule(ParentRunner.java:79) ~[junit-4.13.jar:4.13]
	at org.junit.runners.ParentRunner.runChildren(ParentRunner.java:329) ~[junit-4.13.jar:4.13]
	at org.junit.runners.ParentRunner.access$100(ParentRunner.java:66) ~[junit-4.13.jar:4.13]
	at org.junit.runners.ParentRunner$2.evaluate(ParentRunner.java:293) ~[junit-4.13.jar:4.13]
	at org.junit.runners.ParentRunner$3.evaluate(ParentRunner.java:306) ~[junit-4.13.jar:4.13]
	at org.junit.runners.ParentRunner.run(ParentRunner.java:413) ~[junit-4.13.jar:4.13]
	at org.junit.runner.JUnitCore.run(JUnitCore.java:137) ~[junit-4.13.jar:4.13]
	at org.junit.runner.JUnitCore.run(JUnitCore.java:115) ~[junit-4.13.jar:4.13]
	at org.junit.vintage.engine.execution.RunnerExecutor.execute(RunnerExecutor.java:43) ~[junit-vintage-engine-5.6.2.jar:5.6.2]
	at java.util.stream.ForEachOps$ForEachOp$OfRef.accept(ForEachOps.java:183) ~[?:1.8.0_402]
	at java.util.stream.ReferencePipeline$3$1.accept(ReferencePipeline.java:193) ~[?:1.8.0_402]
	at java.util.Iterator.forEachRemaining(Iterator.java:116) ~[?:1.8.0_402]
	at java.util.Spliterators$IteratorSpliterator.forEachRemaining(Spliterators.java:1801) ~[?:1.8.0_402]
	at java.util.stream.AbstractPipeline.copyInto(AbstractPipeline.java:482) ~[?:1.8.0_402]
	at java.util.stream.AbstractPipeline.wrapAndCopyInto(AbstractPipeline.java:472) ~[?:1.8.0_402]
	at java.util.stream.ForEachOps$ForEachOp.evaluateSequential(ForEachOps.java:150) ~[?:1.8.0_402]
	at java.util.stream.ForEachOps$ForEachOp$OfRef.evaluateSequential(ForEachOps.java:173) ~[?:1.8.0_402]
	at java.util.stream.AbstractPipeline.evaluate(AbstractPipeline.java:234) ~[?:1.8.0_402]
	at java.util.stream.ReferencePipeline.forEach(ReferencePipeline.java:485) ~[?:1.8.0_402]
	at org.junit.vintage.engine.VintageTestEngine.executeAllChildren(VintageTestEngine.java:82) ~[junit-vintage-engine-5.6.2.jar:5.6.2]
	at org.junit.vintage.engine.VintageTestEngine.execute(VintageTestEngine.java:73) ~[junit-vintage-engine-5.6.2.jar:5.6.2]
	at org.junit.platform.launcher.core.DefaultLauncher.execute(DefaultLauncher.java:248) ~[junit-platform-launcher-1.6.2.jar:1.6.2]
	at org.junit.platform.launcher.core.DefaultLauncher.lambda$execute$5(DefaultLauncher.java:211) ~[junit-platform-launcher-1.6.2.jar:1.6.2]
	at org.junit.platform.launcher.core.DefaultLauncher.withInterceptedStreams(DefaultLauncher.java:226) [junit-platform-launcher-1.6.2.jar:1.6.2]
	at org.junit.platform.launcher.core.DefaultLauncher.execute(DefaultLauncher.java:199) [junit-platform-launcher-1.6.2.jar:1.6.2]
	at org.junit.platform.launcher.core.DefaultLauncher.execute(DefaultLauncher.java:132) [junit-platform-launcher-1.6.2.jar:1.6.2]
	at org.apache.maven.surefire.junitplatform.JUnitPlatformProvider.invokeAllTests(JUnitPlatformProvider.java:154) [surefire-junit-platform-3.0.0-M4.jar:3.0.0-M4]
	at org.apache.maven.surefire.junitplatform.JUnitPlatformProvider.invoke(JUnitPlatformProvider.java:123) [surefire-junit-platform-3.0.0-M4.jar:3.0.0-M4]
	at org.apache.maven.surefire.booter.ForkedBooter.runSuitesInProcess(ForkedBooter.java:377) [surefire-booter-3.0.0-M4.jar:3.0.0-M4]
	at org.apache.maven.surefire.booter.ForkedBooter.execute(ForkedBooter.java:138) [surefire-booter-3.0.0-M4.jar:3.0.0-M4]
	at org.apache.maven.surefire.booter.ForkedBooter.run(ForkedBooter.java:465) [surefire-booter-3.0.0-M4.jar:3.0.0-M4]
	at org.apache.maven.surefire.booter.ForkedBooter.main(ForkedBooter.java:451) [surefire-booter-3.0.0-M4.jar:3.0.0-M4]
2024-04-24T01:09:26,622 ERROR [main] parse.MergeSemanticAnalyzer: CBO failed due to missing column stats (see previous errors), skipping CBO
2024-04-24T01:09:26,622  INFO [main] parse.MergeSemanticAnalyzer: Ending caching scope for: 
FAILED: NoMatchingMethodException No matching method for class org.apache.hadoop.hive.ql.udf.UDFToInteger with (struct<writeid:bigint,bucketid:int,rowid:bigint>). Possible choices: _FUNC_(bigint)  _FUNC_(boolean)  _FUNC_(decimal(38,18))  _FUNC_(double)  _FUNC_(float)  _FUNC_(smallint)  _FUNC_(string)  _FUNC_(struct<rowid:bigint,writeid:bigint,bucketid:int>)  _FUNC_(timestamp)  _FUNC_(tinyint)  _FUNC_(void)  
2024-04-24T01:09:26,623 ERROR [main] ql.Driver: FAILED: NoMatchingMethodException No matching method for class org.apache.hadoop.hive.ql.udf.UDFToInteger with (struct<writeid:bigint,bucketid:int,rowid:bigint>). Possible choices: _FUNC_(bigint)  _FUNC_(boolean)  _FUNC_(decimal(38,18))  _FUNC_(double)  _FUNC_(float)  _FUNC_(smallint)  _FUNC_(string)  _FUNC_(struct<rowid:bigint,writeid:bigint,bucketid:int>)  _FUNC_(timestamp)  _FUNC_(tinyint)  _FUNC_(void)  
org.apache.hadoop.hive.ql.exec.NoMatchingMethodException: No matching method for class org.apache.hadoop.hive.ql.udf.UDFToInteger with (struct<writeid:bigint,bucketid:int,rowid:bigint>). Possible choices: _FUNC_(bigint)  _FUNC_(boolean)  _FUNC_(decimal(38,18))  _FUNC_(double)  _FUNC_(float)  _FUNC_(smallint)  _FUNC_(string)  _FUNC_(struct<rowid:bigint,writeid:bigint,bucketid:int>)  _FUNC_(timestamp)  _FUNC_(tinyint)  _FUNC_(void)  
	at org.apache.hadoop.hive.ql.exec.MethodUtils.getMethodInternal(MethodUtils.java:130)
	at org.apache.hadoop.hive.ql.exec.MethodUtils.getMethodInternal(MethodUtils.java:60)
	at org.apache.hadoop.hive.ql.exec.DefaultUDFMethodResolver.getEvalMethod(DefaultUDFMethodResolver.java:59)
	at org.apache.hadoop.hive.ql.udf.TimestampCastRestrictorResolver.getEvalMethod(TimestampCastRestrictorResolver.java:68)
	at org.apache.hadoop.hive.ql.udf.generic.GenericUDFBridge.initialize(GenericUDFBridge.java:168)
	at org.apache.hadoop.hive.ql.udf.generic.GenericUDF.initializeAndFoldConstants(GenericUDF.java:149)
	at org.apache.hadoop.hive.ql.plan.ExprNodeGenericFuncDesc.newInstance(ExprNodeGenericFuncDesc.java:235)
	at org.apache.hadoop.hive.ql.parse.type.ExprNodeDescExprFactory.createFuncCallExpr(ExprNodeDescExprFactory.java:584)
	at org.apache.hadoop.hive.ql.parse.type.ExprNodeDescExprFactory.createFuncCallExpr(ExprNodeDescExprFactory.java:97)
	at org.apache.hadoop.hive.ql.parse.type.TypeCheckProcFactory$DefaultExprProcessor.getFuncExprNodeDescWithUdfData(TypeCheckProcFactory.java:762)
	at org.apache.hadoop.hive.ql.parse.type.TypeCheckProcFactory$DefaultExprProcessor.createConversionCast(TypeCheckProcFactory.java:783)
	at org.apache.hadoop.hive.ql.parse.SemanticAnalyzer.getPartitionColsFromBucketColsForUpdateDelete(SemanticAnalyzer.java:8725)
	at org.apache.hadoop.hive.ql.parse.SemanticAnalyzer.genBucketingSortingDest(SemanticAnalyzer.java:6906)
	at org.apache.hadoop.hive.ql.parse.SemanticAnalyzer.genFileSinkPlan(SemanticAnalyzer.java:7335)
	at org.apache.hadoop.hive.ql.parse.SemanticAnalyzer.genPostGroupByBodyPlan(SemanticAnalyzer.java:11063)
	at org.apache.hadoop.hive.ql.parse.SemanticAnalyzer.genBodyPlan(SemanticAnalyzer.java:10938)
	at org.apache.hadoop.hive.ql.parse.SemanticAnalyzer.genPlan(SemanticAnalyzer.java:11853)
	at org.apache.hadoop.hive.ql.parse.SemanticAnalyzer.genPlan(SemanticAnalyzer.java:11723)
	at org.apache.hadoop.hive.ql.parse.CalcitePlanner.genOPTree(CalcitePlanner.java:626)
	at org.apache.hadoop.hive.ql.parse.SemanticAnalyzer.analyzeInternal(SemanticAnalyzer.java:12558)
	at org.apache.hadoop.hive.ql.parse.CalcitePlanner.analyzeInternal(CalcitePlanner.java:456)
	at org.apache.hadoop.hive.ql.parse.RewriteSemanticAnalyzer.analyzeInternal(RewriteSemanticAnalyzer.java:67)
	at org.apache.hadoop.hive.ql.parse.BaseSemanticAnalyzer.analyze(BaseSemanticAnalyzer.java:317)
	at org.apache.hadoop.hive.ql.parse.MergeSemanticAnalyzer.analyzeMerge(MergeSemanticAnalyzer.java:317)
	at org.apache.hadoop.hive.ql.parse.MergeSemanticAnalyzer.analyze(MergeSemanticAnalyzer.java:63)
	at org.apache.hadoop.hive.ql.parse.RewriteSemanticAnalyzer.analyzeInternal(RewriteSemanticAnalyzer.java:72)
	at org.apache.hadoop.hive.ql.parse.BaseSemanticAnalyzer.analyze(BaseSemanticAnalyzer.java:317)
	at org.apache.hadoop.hive.ql.Compiler.analyze(Compiler.java:223)
	at org.apache.hadoop.hive.ql.Compiler.compile(Compiler.java:105)
	at org.apache.hadoop.hive.ql.Driver.compile(Driver.java:500)
	at org.apache.hadoop.hive.ql.Driver.compileInternal(Driver.java:453)
	at org.apache.hadoop.hive.ql.Driver.runInternal(Driver.java:181)
	at org.apache.hadoop.hive.ql.Driver.run(Driver.java:153)
	at org.apache.hadoop.hive.ql.Driver.run(Driver.java:140)
	at org.apache.hadoop.hive.ql.TxnCommandsBaseForTests.runStatementOnDriver(TxnCommandsBaseForTests.java:245)
	at org.apache.hadoop.hive.ql.TestTxnCommands.testMergeDeleteUpdate(TestTxnCommands.java:1281)
	at sun.reflect.NativeMethodAccessorImpl.invoke0(Native Method)
	at sun.reflect.NativeMethodAccessorImpl.invoke(NativeMethodAccessorImpl.java:62)
	at sun.reflect.DelegatingMethodAccessorImpl.invoke(DelegatingMethodAccessorImpl.java:43)
	at java.lang.reflect.Method.invoke(Method.java:498)
	at org.junit.runners.model.FrameworkMethod$1.runReflectiveCall(FrameworkMethod.java:59)
	at org.junit.internal.runners.model.ReflectiveCallable.run(ReflectiveCallable.java:12)
	at org.junit.runners.model.FrameworkMethod.invokeExplosively(FrameworkMethod.java:56)
	at org.junit.internal.runners.statements.InvokeMethod.evaluate(InvokeMethod.java:17)
	at org.junit.internal.runners.statements.RunBefores.evaluate(RunBefores.java:26)
	at org.junit.internal.runners.statements.RunAfters.evaluate(RunAfters.java:27)
	at org.junit.rules.TestWatcher$1.evaluate(TestWatcher.java:61)
	at org.junit.runners.ParentRunner$3.evaluate(ParentRunner.java:306)
	at org.junit.runners.BlockJUnit4ClassRunner$1.evaluate(BlockJUnit4ClassRunner.java:100)
	at org.junit.runners.ParentRunner.runLeaf(ParentRunner.java:366)
	at org.junit.runners.BlockJUnit4ClassRunner.runChild(BlockJUnit4ClassRunner.java:103)
	at org.junit.runners.BlockJUnit4ClassRunner.runChild(BlockJUnit4ClassRunner.java:63)
	at org.junit.runners.ParentRunner$4.run(ParentRunner.java:331)
	at org.junit.runners.ParentRunner$1.schedule(ParentRunner.java:79)
	at org.junit.runners.ParentRunner.runChildren(ParentRunner.java:329)
	at org.junit.runners.ParentRunner.access$100(ParentRunner.java:66)
	at org.junit.runners.ParentRunner$2.evaluate(ParentRunner.java:293)
	at org.junit.runners.ParentRunner$3.evaluate(ParentRunner.java:306)
	at org.junit.runners.ParentRunner.run(ParentRunner.java:413)
	at org.junit.runner.JUnitCore.run(JUnitCore.java:137)
	at org.junit.runner.JUnitCore.run(JUnitCore.java:115)
	at org.junit.vintage.engine.execution.RunnerExecutor.execute(RunnerExecutor.java:43)
	at java.util.stream.ForEachOps$ForEachOp$OfRef.accept(ForEachOps.java:183)
	at java.util.stream.ReferencePipeline$3$1.accept(ReferencePipeline.java:193)
	at java.util.Iterator.forEachRemaining(Iterator.java:116)
	at java.util.Spliterators$IteratorSpliterator.forEachRemaining(Spliterators.java:1801)
	at java.util.stream.AbstractPipeline.copyInto(AbstractPipeline.java:482)
	at java.util.stream.AbstractPipeline.wrapAndCopyInto(AbstractPipeline.java:472)
	at java.util.stream.ForEachOps$ForEachOp.evaluateSequential(ForEachOps.java:150)
	at java.util.stream.ForEachOps$ForEachOp$OfRef.evaluateSequential(ForEachOps.java:173)
	at java.util.stream.AbstractPipeline.evaluate(AbstractPipeline.java:234)
	at java.util.stream.ReferencePipeline.forEach(ReferencePipeline.java:485)
	at org.junit.vintage.engine.VintageTestEngine.executeAllChildren(VintageTestEngine.java:82)
	at org.junit.vintage.engine.VintageTestEngine.execute(VintageTestEngine.java:73)
	at org.junit.platform.launcher.core.DefaultLauncher.execute(DefaultLauncher.java:248)
	at org.junit.platform.launcher.core.DefaultLauncher.lambda$execute$5(DefaultLauncher.java:211)
	at org.junit.platform.launcher.core.DefaultLauncher.withInterceptedStreams(DefaultLauncher.java:226)
	at org.junit.platform.launcher.core.DefaultLauncher.execute(DefaultLauncher.java:199)
	at org.junit.platform.launcher.core.DefaultLauncher.execute(DefaultLauncher.java:132)
	at org.apache.maven.surefire.junitplatform.JUnitPlatformProvider.invokeAllTests(JUnitPlatformProvider.java:154)
	at org.apache.maven.surefire.junitplatform.JUnitPlatformProvider.invoke(JUnitPlatformProvider.java:123)
	at org.apache.maven.surefire.booter.ForkedBooter.runSuitesInProcess(ForkedBooter.java:377)
	at org.apache.maven.surefire.booter.ForkedBooter.execute(ForkedBooter.java:138)
	at org.apache.maven.surefire.booter.ForkedBooter.run(ForkedBooter.java:465)
	at org.apache.maven.surefire.booter.ForkedBooter.main(ForkedBooter.java:451)

2024-04-24T01:09:26,623  INFO [main] metadata.Hive: Dumping metastore api call timing information for : compilation phase
2024-04-24T01:09:26,623  INFO [main] metadata.Hive: Total time spent in each metastore function (ms): {getValidWriteIds_(List, String)=7, flushCache_()=0, getValidTxns_(long)=1, createTable_(Table)=3, getAllTableConstraints_(AllTableConstraintsRequest)=10, getTable_(GetTableRequest)=81, getTableColumnStatistics_(String, String, List, String)=99, openTxn_(String, TxnType)=2, commitTxn_(CommitTxnRequest)=13, isCompatibleWith_(Configuration)=0}
2024-04-24T01:09:26,623  INFO [main] ql.Driver: Completed compiling command(queryId=alex_20240424010926_7f4844c1-f980-42d1-8f48-235c1082dab8); Time taken: 0.472 seconds
2024-04-24T01:09:26,623  INFO [main] lockmgr.DbTxnManager: Stopped heartbeat for query: null
2024-04-24T01:09:26,627  INFO [main] txn.TxnHandler: Removed transactions: ([15]) from MIN_HISTORY_LEVEL
2024-04-24T01:09:26,633  INFO [main] ql.TxnCommandsBaseForTests: Running the query: drop table if exists acidTbl
2024-04-24T01:09:26,634  INFO [main] ql.Context: Deleting scratch dir: file:/home/alex/Repositories/hive/ql/target/tmp/localscratchdir/2b2ee945-0728-41c0-a369-3f406a7a5928/hive_2024-04-24_01-09-26_168_6556233108888521806-1
2024-04-24T01:09:26,634  INFO [main] ql.Driver: Compiling command(queryId=alex_20240424010926_79776f0d-0198-447f-a6c3-c913637a213a): drop table if exists acidTbl
2024-04-24T01:09:26,637  INFO [main] txn.TxnHandler: Added entries to MIN_HISTORY_LEVEL for current txns: ([16]) with min_open_txn: 15
2024-04-24T01:09:26,637  INFO [main] lockmgr.DbTxnManager: Opened txnid:16
2024-04-24T01:09:26,638  INFO [main] HiveMetaStore.audit: ugi=alex	ip=unknown-ip-addr	cmd=get_table : tbl=hive.default.acidTbl	
2024-04-24T01:09:26,644  INFO [main] metastore.HMSHandler: Skipping translation for processor with null
2024-04-24T01:09:26,644  INFO [main] ql.Driver: Semantic Analysis Completed (retrial = false)
2024-04-24T01:09:26,644  INFO [main] ql.Driver: Created Hive schema: Schema(fieldSchemas:null, properties:null)
2024-04-24T01:09:26,644  INFO [main] metadata.Hive: Dumping metastore api call timing information for : compilation phase
2024-04-24T01:09:26,644  INFO [main] metadata.Hive: Total time spent in each metastore function (ms): {flushCache_()=0, getValidTxns_(long)=1, rollbackTxn_(long)=9, openTxn_(String, TxnType)=3, getTable_(GetTableRequest)=6, isCompatibleWith_(Configuration)=0}
2024-04-24T01:09:26,644  INFO [main] ql.Driver: Completed compiling command(queryId=alex_20240424010926_79776f0d-0198-447f-a6c3-c913637a213a); Time taken: 0.01 seconds
2024-04-24T01:09:26,645  INFO [main] lockmgr.DbTxnManager: Setting lock request transaction to txnid:16 for queryId=alex_20240424010926_79776f0d-0198-447f-a6c3-c913637a213a
2024-04-24T01:09:26,645  INFO [main] lockmgr.DbLockManager: Requesting lock for queryId=alex_20240424010926_79776f0d-0198-447f-a6c3-c913637a213a
2024-04-24T01:09:26,664  INFO [main] lockmgr.DbLockManager: Response to queryId=alex_20240424010926_79776f0d-0198-447f-a6c3-c913637a213a LockResponse(lockid:9, state:ACQUIRED)
2024-04-24T01:09:26,664  INFO [main] ql.Driver: Operation DROPTABLE obtained 1 locks
2024-04-24T01:09:26,664  INFO [main] ql.Driver: Executing command(queryId=alex_20240424010926_79776f0d-0198-447f-a6c3-c913637a213a): drop table if exists acidTbl
2024-04-24T01:09:26,664  INFO [main] ql.Driver: Starting task [Stage-0:DDL] in serial mode
2024-04-24T01:09:26,664  INFO [main] HiveMetaStore.audit: ugi=alex	ip=unknown-ip-addr	cmd=get_table : tbl=hive.default.acidTbl	
2024-04-24T01:09:26,670  INFO [main] metastore.HMSHandler: Skipping translation for processor with null
2024-04-24T01:09:26,670  INFO [main] HiveMetaStore.audit: ugi=alex	ip=unknown-ip-addr	cmd=get_table : tbl=hive.default.acidTbl	
2024-04-24T01:09:26,676  INFO [main] metastore.HMSHandler: Skipping translation for processor with null
2024-04-24T01:09:26,676  INFO [main] HiveMetaStore.audit: ugi=alex	ip=unknown-ip-addr	cmd=drop_table : tbl=hive.default.acidTbl	
2024-04-24T01:09:26,691  INFO [Metastore Scheduled Worker 0] metastore.HMSHandler: 2: Opening raw store with implementation class:org.apache.hadoop.hive.metastore.ObjectStore
2024-04-24T01:09:26,691  INFO [Metastore Scheduled Worker 0] metastore.ObjectStore: RawStore: org.apache.hadoop.hive.metastore.ObjectStore@4085250, with PersistenceManager: null will be shutdown
2024-04-24T01:09:26,691  INFO [Metastore Scheduled Worker 0] metastore.ObjectStore: RawStore: org.apache.hadoop.hive.metastore.ObjectStore@4085250, with PersistenceManager: org.datanucleus.api.jdo.JDOPersistenceManager@32e601c1 created in the thread with id: 44
2024-04-24T01:09:26,715  INFO [Metastore Scheduled Worker 0] metastore.HMSHandler: Created RawStore: org.apache.hadoop.hive.metastore.ObjectStore@4085250 from thread id: 44
2024-04-24T01:09:26,888  INFO [main] metadata.Hive: Dumping metastore api call timing information for : execution phase
2024-04-24T01:09:26,889  INFO [main] metadata.Hive: Total time spent in each metastore function (ms): {isCompatibleWith_(Configuration)=0, getTable_(GetTableRequest)=6, dropTable_(String, String, boolean, boolean, boolean)=218}
2024-04-24T01:09:26,889  INFO [main] ql.Driver: Completed executing command(queryId=alex_20240424010926_79776f0d-0198-447f-a6c3-c913637a213a); Time taken: 0.224 seconds
2024-04-24T01:09:26,889  INFO [main] lockmgr.DbTxnManager: Stopped heartbeat for query: alex_20240424010926_79776f0d-0198-447f-a6c3-c913637a213a
2024-04-24T01:09:26,893  INFO [main] txn.TxnHandler: Expected to move at least one record from txn_components to completed_txn_components when committing txn! txnid:16
2024-04-24T01:09:26,901  INFO [main] txn.TxnHandler: Removed transactions: ([16]) from MIN_HISTORY_LEVEL
2024-04-24T01:09:26,901  WARN [main] txn.CompactionTxnHandler: No compaction queue record found for Compaction type transaction commit. txnId:16
2024-04-24T01:09:26,902  INFO [main] ql.TxnCommandsBaseForTests: Running the query: drop table if exists acidTblPart
2024-04-24T01:09:26,902  INFO [main] ql.Driver: Compiling command(queryId=alex_20240424010926_d447b6c1-3948-4f61-992f-e1e0f292f4e6): drop table if exists acidTblPart
2024-04-24T01:09:26,905  INFO [main] txn.TxnHandler: Added entries to MIN_HISTORY_LEVEL for current txns: ([17]) with min_open_txn: 15
2024-04-24T01:09:26,905  INFO [main] lockmgr.DbTxnManager: Opened txnid:17
2024-04-24T01:09:26,906  INFO [main] HiveMetaStore.audit: ugi=alex	ip=unknown-ip-addr	cmd=get_table : tbl=hive.default.acidTblPart	
2024-04-24T01:09:26,925  INFO [main] metastore.HMSHandler: Skipping translation for processor with null
2024-04-24T01:09:26,925  INFO [main] ql.Driver: Semantic Analysis Completed (retrial = false)
2024-04-24T01:09:26,925  INFO [main] ql.Driver: Created Hive schema: Schema(fieldSchemas:null, properties:null)
2024-04-24T01:09:26,925  INFO [main] metadata.Hive: Dumping metastore api call timing information for : compilation phase
2024-04-24T01:09:26,926  INFO [main] metadata.Hive: Total time spent in each metastore function (ms): {getTable_(GetTableRequest)=19, commitTxn_(CommitTxnRequest)=13, getValidTxns_(long)=1, isCompatibleWith_(Configuration)=0, flushCache_()=1, openTxn_(String, TxnType)=2}
2024-04-24T01:09:26,926  INFO [main] ql.Driver: Completed compiling command(queryId=alex_20240424010926_d447b6c1-3948-4f61-992f-e1e0f292f4e6); Time taken: 0.023 seconds
2024-04-24T01:09:26,926  INFO [main] lockmgr.DbTxnManager: Setting lock request transaction to txnid:17 for queryId=alex_20240424010926_d447b6c1-3948-4f61-992f-e1e0f292f4e6
2024-04-24T01:09:26,926  INFO [main] lockmgr.DbLockManager: Requesting lock for queryId=alex_20240424010926_d447b6c1-3948-4f61-992f-e1e0f292f4e6
2024-04-24T01:09:26,949  INFO [main] lockmgr.DbLockManager: Response to queryId=alex_20240424010926_d447b6c1-3948-4f61-992f-e1e0f292f4e6 LockResponse(lockid:10, state:ACQUIRED)
2024-04-24T01:09:26,949  INFO [main] ql.Driver: Operation DROPTABLE obtained 1 locks
2024-04-24T01:09:26,949  INFO [main] ql.Driver: Executing command(queryId=alex_20240424010926_d447b6c1-3948-4f61-992f-e1e0f292f4e6): drop table if exists acidTblPart
2024-04-24T01:09:26,949  INFO [main] ql.Driver: Starting task [Stage-0:DDL] in serial mode
2024-04-24T01:09:26,949  INFO [main] HiveMetaStore.audit: ugi=alex	ip=unknown-ip-addr	cmd=get_table : tbl=hive.default.acidTblPart	
2024-04-24T01:09:26,956  INFO [main] metastore.HMSHandler: Skipping translation for processor with null
2024-04-24T01:09:26,957  INFO [main] HiveMetaStore.audit: ugi=alex	ip=unknown-ip-addr	cmd=get_table : tbl=hive.default.acidTblPart	
2024-04-24T01:09:26,964  INFO [main] metastore.HMSHandler: Skipping translation for processor with null
2024-04-24T01:09:26,964  INFO [main] HiveMetaStore.audit: ugi=alex	ip=unknown-ip-addr	cmd=drop_table : tbl=hive.default.acidTblPart	
2024-04-24T01:09:27,010  INFO [main] metadata.Hive: Dumping metastore api call timing information for : execution phase
2024-04-24T01:09:27,010  INFO [main] metadata.Hive: Total time spent in each metastore function (ms): {isCompatibleWith_(Configuration)=0, dropTable_(String, String, boolean, boolean, boolean)=54, getTable_(GetTableRequest)=7}
2024-04-24T01:09:27,010  INFO [main] ql.Driver: Completed executing command(queryId=alex_20240424010926_d447b6c1-3948-4f61-992f-e1e0f292f4e6); Time taken: 0.061 seconds
2024-04-24T01:09:27,010  INFO [main] lockmgr.DbTxnManager: Stopped heartbeat for query: alex_20240424010926_d447b6c1-3948-4f61-992f-e1e0f292f4e6
2024-04-24T01:09:27,015  INFO [main] txn.TxnHandler: Expected to move at least one record from txn_components to completed_txn_components when committing txn! txnid:17
2024-04-24T01:09:27,022  INFO [main] txn.TxnHandler: Removed transactions: ([17]) from MIN_HISTORY_LEVEL
2024-04-24T01:09:27,023  WARN [main] txn.CompactionTxnHandler: No compaction queue record found for Compaction type transaction commit. txnId:17
2024-04-24T01:09:27,023  INFO [main] ql.TxnCommandsBaseForTests: Running the query: drop table if exists acidTbl2
2024-04-24T01:09:27,023  INFO [main] ql.Driver: Compiling command(queryId=alex_20240424010927_954a7480-8d32-41fb-836e-2ac7b034c241): drop table if exists acidTbl2
2024-04-24T01:09:27,026  INFO [main] txn.TxnHandler: Added entries to MIN_HISTORY_LEVEL for current txns: ([18]) with min_open_txn: 15
2024-04-24T01:09:27,026  INFO [main] lockmgr.DbTxnManager: Opened txnid:18
2024-04-24T01:09:27,027  INFO [main] ql.Driver: Semantic Analysis Completed (retrial = false)
2024-04-24T01:09:27,027  INFO [main] ql.Driver: Created Hive schema: Schema(fieldSchemas:null, properties:null)
2024-04-24T01:09:27,027  INFO [main] metadata.Hive: Dumping metastore api call timing information for : compilation phase
2024-04-24T01:09:27,027  INFO [main] metadata.Hive: Total time spent in each metastore function (ms): {commitTxn_(CommitTxnRequest)=13, getValidTxns_(long)=1, isCompatibleWith_(Configuration)=0, flushCache_()=0, openTxn_(String, TxnType)=2, getTable_(GetTableRequest)=0}
2024-04-24T01:09:27,027  INFO [main] ql.Driver: Completed compiling command(queryId=alex_20240424010927_954a7480-8d32-41fb-836e-2ac7b034c241); Time taken: 0.004 seconds
2024-04-24T01:09:27,027  INFO [main] lockmgr.DbTxnManager: Setting lock request transaction to txnid:18 for queryId=alex_20240424010927_954a7480-8d32-41fb-836e-2ac7b034c241
2024-04-24T01:09:27,028  INFO [main] ql.Driver: Operation DROPTABLE obtained 0 locks
2024-04-24T01:09:27,028  INFO [main] ql.Driver: Executing command(queryId=alex_20240424010927_954a7480-8d32-41fb-836e-2ac7b034c241): drop table if exists acidTbl2
2024-04-24T01:09:27,028  INFO [main] ql.Driver: Starting task [Stage-0:DDL] in serial mode
2024-04-24T01:09:27,028  INFO [main] metadata.SessionHiveMetaStoreClient: Column stats doesn't exist for db=default temp table=acidTbl2
2024-04-24T01:09:27,029  INFO [main] metadata.Hive: Dumping metastore api call timing information for : execution phase
2024-04-24T01:09:27,029  INFO [main] metadata.Hive: Total time spent in each metastore function (ms): {getTable_(GetTableRequest)=0, dropTable_(String, String, boolean, boolean, boolean)=1, isCompatibleWith_(Configuration)=0}
2024-04-24T01:09:27,029  INFO [main] ql.Driver: Completed executing command(queryId=alex_20240424010927_954a7480-8d32-41fb-836e-2ac7b034c241); Time taken: 0.001 seconds
2024-04-24T01:09:27,029  INFO [main] lockmgr.DbTxnManager: Stopped heartbeat for query: alex_20240424010927_954a7480-8d32-41fb-836e-2ac7b034c241
2024-04-24T01:09:27,035  INFO [main] txn.TxnHandler: Expected to move at least one record from txn_components to completed_txn_components when committing txn! txnid:18
2024-04-24T01:09:27,042  INFO [main] txn.TxnHandler: Removed transactions: ([18]) from MIN_HISTORY_LEVEL
2024-04-24T01:09:27,042  WARN [main] txn.CompactionTxnHandler: No compaction queue record found for Compaction type transaction commit. txnId:18
2024-04-24T01:09:27,042  INFO [main] ql.TxnCommandsBaseForTests: Running the query: drop table if exists nonAcidOrcTbl
2024-04-24T01:09:27,043  INFO [main] ql.Driver: Compiling command(queryId=alex_20240424010927_91998e31-84a4-46ef-9e14-099fc5140332): drop table if exists nonAcidOrcTbl
2024-04-24T01:09:27,045  INFO [main] txn.TxnHandler: Added entries to MIN_HISTORY_LEVEL for current txns: ([19]) with min_open_txn: 15
2024-04-24T01:09:27,046  INFO [main] lockmgr.DbTxnManager: Opened txnid:19
2024-04-24T01:09:27,046  INFO [main] HiveMetaStore.audit: ugi=alex	ip=unknown-ip-addr	cmd=get_table : tbl=hive.default.nonAcidOrcTbl	
2024-04-24T01:09:27,069  INFO [main] metastore.HMSHandler: Skipping translation for processor with null
2024-04-24T01:09:27,069  INFO [main] ql.Driver: Semantic Analysis Completed (retrial = false)
2024-04-24T01:09:27,069  INFO [main] ql.Driver: Created Hive schema: Schema(fieldSchemas:null, properties:null)
2024-04-24T01:09:27,069  INFO [main] metadata.Hive: Dumping metastore api call timing information for : compilation phase
2024-04-24T01:09:27,069  INFO [main] metadata.Hive: Total time spent in each metastore function (ms): {flushCache_()=0, openTxn_(String, TxnType)=3, commitTxn_(CommitTxnRequest)=13, getValidTxns_(long)=0, getTable_(GetTableRequest)=23, isCompatibleWith_(Configuration)=0}
2024-04-24T01:09:27,070  INFO [main] ql.Driver: Completed compiling command(queryId=alex_20240424010927_91998e31-84a4-46ef-9e14-099fc5140332); Time taken: 0.026 seconds
2024-04-24T01:09:27,070  INFO [main] lockmgr.DbTxnManager: Setting lock request transaction to txnid:19 for queryId=alex_20240424010927_91998e31-84a4-46ef-9e14-099fc5140332
2024-04-24T01:09:27,070  INFO [main] lockmgr.DbLockManager: Requesting lock for queryId=alex_20240424010927_91998e31-84a4-46ef-9e14-099fc5140332
2024-04-24T01:09:27,086  INFO [main] lockmgr.DbLockManager: Response to queryId=alex_20240424010927_91998e31-84a4-46ef-9e14-099fc5140332 LockResponse(lockid:11, state:ACQUIRED)
2024-04-24T01:09:27,086  INFO [main] ql.Driver: Operation DROPTABLE obtained 1 locks
2024-04-24T01:09:27,086  INFO [main] ql.Driver: Executing command(queryId=alex_20240424010927_91998e31-84a4-46ef-9e14-099fc5140332): drop table if exists nonAcidOrcTbl
2024-04-24T01:09:27,086  INFO [main] ql.Driver: Starting task [Stage-0:DDL] in serial mode
2024-04-24T01:09:27,086  INFO [main] HiveMetaStore.audit: ugi=alex	ip=unknown-ip-addr	cmd=get_table : tbl=hive.default.nonAcidOrcTbl	
2024-04-24T01:09:27,095  INFO [main] metastore.HMSHandler: Skipping translation for processor with null
2024-04-24T01:09:27,095  INFO [main] HiveMetaStore.audit: ugi=alex	ip=unknown-ip-addr	cmd=get_table : tbl=hive.default.nonAcidOrcTbl	
2024-04-24T01:09:27,104  INFO [main] metastore.HMSHandler: Skipping translation for processor with null
2024-04-24T01:09:27,104  INFO [main] HiveMetaStore.audit: ugi=alex	ip=unknown-ip-addr	cmd=drop_table : tbl=hive.default.nonAcidOrcTbl	
2024-04-24T01:09:27,195  INFO [main] metadata.Hive: Dumping metastore api call timing information for : execution phase
2024-04-24T01:09:27,195  INFO [main] metadata.Hive: Total time spent in each metastore function (ms): {getTable_(GetTableRequest)=9, isCompatibleWith_(Configuration)=0, dropTable_(String, String, boolean, boolean, boolean)=100}
2024-04-24T01:09:27,195  INFO [main] ql.Driver: Completed executing command(queryId=alex_20240424010927_91998e31-84a4-46ef-9e14-099fc5140332); Time taken: 0.109 seconds
2024-04-24T01:09:27,195  INFO [main] lockmgr.DbTxnManager: Stopped heartbeat for query: alex_20240424010927_91998e31-84a4-46ef-9e14-099fc5140332
2024-04-24T01:09:27,200  INFO [main] txn.TxnHandler: Expected to move at least one record from txn_components to completed_txn_components when committing txn! txnid:19
2024-04-24T01:09:27,207  INFO [main] txn.TxnHandler: Removed transactions: ([19]) from MIN_HISTORY_LEVEL
2024-04-24T01:09:27,207  WARN [main] txn.CompactionTxnHandler: No compaction queue record found for Compaction type transaction commit. txnId:19
2024-04-24T01:09:27,207  INFO [main] ql.TxnCommandsBaseForTests: Running the query: drop table if exists nonAcidOrcTbl2
2024-04-24T01:09:27,208  INFO [main] ql.Driver: Compiling command(queryId=alex_20240424010927_685fba4d-07f4-4feb-b43c-fb3d0e55c38a): drop table if exists nonAcidOrcTbl2
2024-04-24T01:09:27,210  INFO [main] txn.TxnHandler: Added entries to MIN_HISTORY_LEVEL for current txns: ([20]) with min_open_txn: 16
2024-04-24T01:09:27,210  INFO [main] lockmgr.DbTxnManager: Opened txnid:20
2024-04-24T01:09:27,211  INFO [main] HiveMetaStore.audit: ugi=alex	ip=unknown-ip-addr	cmd=get_table : tbl=hive.default.nonAcidOrcTbl2	
2024-04-24T01:09:27,219  INFO [main] metastore.HMSHandler: Skipping translation for processor with null
2024-04-24T01:09:27,220  INFO [main] ql.Driver: Semantic Analysis Completed (retrial = false)
2024-04-24T01:09:27,220  INFO [main] ql.Driver: Created Hive schema: Schema(fieldSchemas:null, properties:null)
2024-04-24T01:09:27,220  INFO [main] metadata.Hive: Dumping metastore api call timing information for : compilation phase
2024-04-24T01:09:27,220  INFO [main] metadata.Hive: Total time spent in each metastore function (ms): {getTable_(GetTableRequest)=9, isCompatibleWith_(Configuration)=1, flushCache_()=0, openTxn_(String, TxnType)=2, getValidTxns_(long)=0, commitTxn_(CommitTxnRequest)=12}
2024-04-24T01:09:27,220  INFO [main] ql.Driver: Completed compiling command(queryId=alex_20240424010927_685fba4d-07f4-4feb-b43c-fb3d0e55c38a); Time taken: 0.012 seconds
2024-04-24T01:09:27,220  INFO [main] lockmgr.DbTxnManager: Setting lock request transaction to txnid:20 for queryId=alex_20240424010927_685fba4d-07f4-4feb-b43c-fb3d0e55c38a
2024-04-24T01:09:27,221  INFO [main] lockmgr.DbLockManager: Requesting lock for queryId=alex_20240424010927_685fba4d-07f4-4feb-b43c-fb3d0e55c38a
2024-04-24T01:09:27,236  INFO [main] lockmgr.DbLockManager: Response to queryId=alex_20240424010927_685fba4d-07f4-4feb-b43c-fb3d0e55c38a LockResponse(lockid:12, state:ACQUIRED)
2024-04-24T01:09:27,236  INFO [main] ql.Driver: Operation DROPTABLE obtained 1 locks
2024-04-24T01:09:27,236  INFO [main] ql.Driver: Executing command(queryId=alex_20240424010927_685fba4d-07f4-4feb-b43c-fb3d0e55c38a): drop table if exists nonAcidOrcTbl2
2024-04-24T01:09:27,237  INFO [main] ql.Driver: Starting task [Stage-0:DDL] in serial mode
2024-04-24T01:09:27,237  INFO [main] HiveMetaStore.audit: ugi=alex	ip=unknown-ip-addr	cmd=get_table : tbl=hive.default.nonAcidOrcTbl2	
2024-04-24T01:09:27,246  INFO [main] metastore.HMSHandler: Skipping translation for processor with null
2024-04-24T01:09:27,246  INFO [main] HiveMetaStore.audit: ugi=alex	ip=unknown-ip-addr	cmd=get_table : tbl=hive.default.nonAcidOrcTbl2	
2024-04-24T01:09:27,255  INFO [main] metastore.HMSHandler: Skipping translation for processor with null
2024-04-24T01:09:27,255  INFO [main] HiveMetaStore.audit: ugi=alex	ip=unknown-ip-addr	cmd=drop_table : tbl=hive.default.nonAcidOrcTbl2	
2024-04-24T01:09:27,287  INFO [main] metadata.Hive: Dumping metastore api call timing information for : execution phase
2024-04-24T01:09:27,287  INFO [main] metadata.Hive: Total time spent in each metastore function (ms): {isCompatibleWith_(Configuration)=0, dropTable_(String, String, boolean, boolean, boolean)=41, getTable_(GetTableRequest)=9}
2024-04-24T01:09:27,287  INFO [main] ql.Driver: Completed executing command(queryId=alex_20240424010927_685fba4d-07f4-4feb-b43c-fb3d0e55c38a); Time taken: 0.051 seconds
2024-04-24T01:09:27,287  INFO [main] lockmgr.DbTxnManager: Stopped heartbeat for query: alex_20240424010927_685fba4d-07f4-4feb-b43c-fb3d0e55c38a
2024-04-24T01:09:27,291  INFO [main] txn.TxnHandler: Expected to move at least one record from txn_components to completed_txn_components when committing txn! txnid:20
2024-04-24T01:09:27,298  INFO [main] txn.TxnHandler: Removed transactions: ([20]) from MIN_HISTORY_LEVEL
2024-04-24T01:09:27,298  WARN [main] txn.CompactionTxnHandler: No compaction queue record found for Compaction type transaction commit. txnId:20
2024-04-24T01:09:27,299  INFO [main] ql.TxnCommandsBaseForTests: Running the query: drop table if exists nonAcidNonBucket
2024-04-24T01:09:27,299  INFO [main] ql.Driver: Compiling command(queryId=alex_20240424010927_c29ba7c4-c7db-43fd-8a5e-7358ad7ab5aa): drop table if exists nonAcidNonBucket
2024-04-24T01:09:27,301  INFO [main] txn.TxnHandler: Added entries to MIN_HISTORY_LEVEL for current txns: ([21]) with min_open_txn: 16
2024-04-24T01:09:27,301  INFO [main] lockmgr.DbTxnManager: Opened txnid:21
2024-04-24T01:09:27,302  INFO [main] HiveMetaStore.audit: ugi=alex	ip=unknown-ip-addr	cmd=get_table : tbl=hive.default.nonAcidNonBucket	
2024-04-24T01:09:27,311  INFO [main] metastore.HMSHandler: Skipping translation for processor with null
2024-04-24T01:09:27,311  INFO [main] ql.Driver: Semantic Analysis Completed (retrial = false)
2024-04-24T01:09:27,311  INFO [main] ql.Driver: Created Hive schema: Schema(fieldSchemas:null, properties:null)
2024-04-24T01:09:27,311  INFO [main] metadata.Hive: Dumping metastore api call timing information for : compilation phase
2024-04-24T01:09:27,311  INFO [main] metadata.Hive: Total time spent in each metastore function (ms): {openTxn_(String, TxnType)=2, getValidTxns_(long)=0, getTable_(GetTableRequest)=9, commitTxn_(CommitTxnRequest)=11, isCompatibleWith_(Configuration)=0, flushCache_()=0}
2024-04-24T01:09:27,312  INFO [main] ql.Driver: Completed compiling command(queryId=alex_20240424010927_c29ba7c4-c7db-43fd-8a5e-7358ad7ab5aa); Time taken: 0.012 seconds
2024-04-24T01:09:27,312  INFO [main] lockmgr.DbTxnManager: Setting lock request transaction to txnid:21 for queryId=alex_20240424010927_c29ba7c4-c7db-43fd-8a5e-7358ad7ab5aa
2024-04-24T01:09:27,312  INFO [main] lockmgr.DbLockManager: Requesting lock for queryId=alex_20240424010927_c29ba7c4-c7db-43fd-8a5e-7358ad7ab5aa
2024-04-24T01:09:27,328  INFO [main] lockmgr.DbLockManager: Response to queryId=alex_20240424010927_c29ba7c4-c7db-43fd-8a5e-7358ad7ab5aa LockResponse(lockid:13, state:ACQUIRED)
2024-04-24T01:09:27,328  INFO [main] ql.Driver: Operation DROPTABLE obtained 1 locks
2024-04-24T01:09:27,328  INFO [main] ql.Driver: Executing command(queryId=alex_20240424010927_c29ba7c4-c7db-43fd-8a5e-7358ad7ab5aa): drop table if exists nonAcidNonBucket
2024-04-24T01:09:27,328  INFO [main] ql.Driver: Starting task [Stage-0:DDL] in serial mode
2024-04-24T01:09:27,329  INFO [main] HiveMetaStore.audit: ugi=alex	ip=unknown-ip-addr	cmd=get_table : tbl=hive.default.nonAcidNonBucket	
2024-04-24T01:09:27,337  INFO [main] metastore.HMSHandler: Skipping translation for processor with null
2024-04-24T01:09:27,337  INFO [main] HiveMetaStore.audit: ugi=alex	ip=unknown-ip-addr	cmd=get_table : tbl=hive.default.nonAcidNonBucket	
2024-04-24T01:09:27,346  INFO [main] metastore.HMSHandler: Skipping translation for processor with null
2024-04-24T01:09:27,347  INFO [main] HiveMetaStore.audit: ugi=alex	ip=unknown-ip-addr	cmd=drop_table : tbl=hive.default.nonAcidNonBucket	
2024-04-24T01:09:27,377  INFO [main] metadata.Hive: Dumping metastore api call timing information for : execution phase
2024-04-24T01:09:27,377  INFO [main] metadata.Hive: Total time spent in each metastore function (ms): {dropTable_(String, String, boolean, boolean, boolean)=40, getTable_(GetTableRequest)=8, isCompatibleWith_(Configuration)=0}
2024-04-24T01:09:27,377  INFO [main] ql.Driver: Completed executing command(queryId=alex_20240424010927_c29ba7c4-c7db-43fd-8a5e-7358ad7ab5aa); Time taken: 0.049 seconds
2024-04-24T01:09:27,378  INFO [main] lockmgr.DbTxnManager: Stopped heartbeat for query: alex_20240424010927_c29ba7c4-c7db-43fd-8a5e-7358ad7ab5aa
2024-04-24T01:09:27,381  INFO [main] txn.TxnHandler: Expected to move at least one record from txn_components to completed_txn_components when committing txn! txnid:21
2024-04-24T01:09:27,387  INFO [main] txn.TxnHandler: Removed transactions: ([21]) from MIN_HISTORY_LEVEL
2024-04-24T01:09:27,387  WARN [main] txn.CompactionTxnHandler: No compaction queue record found for Compaction type transaction commit. txnId:21
2024-04-24T01:09:27,388  INFO [main] utils.TestTxnDbUtil: Cleaning transactional tables
]]></system-err>
  </testcase>
  <testcase name="testQuotedIdentifier" classname="org.apache.hadoop.hive.ql.TestTxnCommandsWithSplitUpdateAndVectorization" time="2.137">
    <error type="java.lang.RuntimeException"><![CDATA[java.lang.RuntimeException: 
merge into `aci/d_u/ami` as `d/8` using `src/name` as `a/b` on i=gh 
when matched and i > 5 then delete 
when matched then update set vc='blah' 
when not matched then insert values(1,2.1,'baz') failed: (responseCode = 40000, errorMessage = FAILED: NoMatchingMethodException No matching method for class org.apache.hadoop.hive.ql.udf.UDFToInteger with (struct<writeid:bigint,bucketid:int,rowid:bigint>). Possible choices: _FUNC_(bigint)  _FUNC_(boolean)  _FUNC_(decimal(38,18))  _FUNC_(double)  _FUNC_(float)  _FUNC_(smallint)  _FUNC_(string)  _FUNC_(struct<rowid:bigint,writeid:bigint,bucketid:int>)  _FUNC_(timestamp)  _FUNC_(tinyint)  _FUNC_(void)  , hiveErrorCode = 40000, SQLState = 42000, exception = No matching method for class org.apache.hadoop.hive.ql.udf.UDFToInteger with (struct<writeid:bigint,bucketid:int,rowid:bigint>). Possible choices: _FUNC_(bigint)  _FUNC_(boolean)  _FUNC_(decimal(38,18))  _FUNC_(double)  _FUNC_(float)  _FUNC_(smallint)  _FUNC_(string)  _FUNC_(struct<rowid:bigint,writeid:bigint,bucketid:int>)  _FUNC_(timestamp)  _FUNC_(tinyint)  _FUNC_(void)  )
	at org.apache.hadoop.hive.ql.TxnCommandsBaseForTests.runStatementOnDriver(TxnCommandsBaseForTests.java:247)
	at org.apache.hadoop.hive.ql.TestTxnCommands.testQuotedIdentifier(TestTxnCommands.java:1070)
	at sun.reflect.NativeMethodAccessorImpl.invoke0(Native Method)
	at sun.reflect.NativeMethodAccessorImpl.invoke(NativeMethodAccessorImpl.java:62)
	at sun.reflect.DelegatingMethodAccessorImpl.invoke(DelegatingMethodAccessorImpl.java:43)
	at java.lang.reflect.Method.invoke(Method.java:498)
	at org.junit.runners.model.FrameworkMethod$1.runReflectiveCall(FrameworkMethod.java:59)
	at org.junit.internal.runners.model.ReflectiveCallable.run(ReflectiveCallable.java:12)
	at org.junit.runners.model.FrameworkMethod.invokeExplosively(FrameworkMethod.java:56)
	at org.junit.internal.runners.statements.InvokeMethod.evaluate(InvokeMethod.java:17)
	at org.junit.internal.runners.statements.RunBefores.evaluate(RunBefores.java:26)
	at org.junit.internal.runners.statements.RunAfters.evaluate(RunAfters.java:27)
	at org.junit.rules.TestWatcher$1.evaluate(TestWatcher.java:61)
	at org.junit.runners.ParentRunner$3.evaluate(ParentRunner.java:306)
	at org.junit.runners.BlockJUnit4ClassRunner$1.evaluate(BlockJUnit4ClassRunner.java:100)
	at org.junit.runners.ParentRunner.runLeaf(ParentRunner.java:366)
	at org.junit.runners.BlockJUnit4ClassRunner.runChild(BlockJUnit4ClassRunner.java:103)
	at org.junit.runners.BlockJUnit4ClassRunner.runChild(BlockJUnit4ClassRunner.java:63)
	at org.junit.runners.ParentRunner$4.run(ParentRunner.java:331)
	at org.junit.runners.ParentRunner$1.schedule(ParentRunner.java:79)
	at org.junit.runners.ParentRunner.runChildren(ParentRunner.java:329)
	at org.junit.runners.ParentRunner.access$100(ParentRunner.java:66)
	at org.junit.runners.ParentRunner$2.evaluate(ParentRunner.java:293)
	at org.junit.runners.ParentRunner$3.evaluate(ParentRunner.java:306)
	at org.junit.runners.ParentRunner.run(ParentRunner.java:413)
	at org.junit.runner.JUnitCore.run(JUnitCore.java:137)
	at org.junit.runner.JUnitCore.run(JUnitCore.java:115)
	at org.junit.vintage.engine.execution.RunnerExecutor.execute(RunnerExecutor.java:43)
	at java.util.stream.ForEachOps$ForEachOp$OfRef.accept(ForEachOps.java:183)
	at java.util.stream.ReferencePipeline$3$1.accept(ReferencePipeline.java:193)
	at java.util.Iterator.forEachRemaining(Iterator.java:116)
	at java.util.Spliterators$IteratorSpliterator.forEachRemaining(Spliterators.java:1801)
	at java.util.stream.AbstractPipeline.copyInto(AbstractPipeline.java:482)
	at java.util.stream.AbstractPipeline.wrapAndCopyInto(AbstractPipeline.java:472)
	at java.util.stream.ForEachOps$ForEachOp.evaluateSequential(ForEachOps.java:150)
	at java.util.stream.ForEachOps$ForEachOp$OfRef.evaluateSequential(ForEachOps.java:173)
	at java.util.stream.AbstractPipeline.evaluate(AbstractPipeline.java:234)
	at java.util.stream.ReferencePipeline.forEach(ReferencePipeline.java:485)
	at org.junit.vintage.engine.VintageTestEngine.executeAllChildren(VintageTestEngine.java:82)
	at org.junit.vintage.engine.VintageTestEngine.execute(VintageTestEngine.java:73)
	at org.junit.platform.launcher.core.DefaultLauncher.execute(DefaultLauncher.java:248)
	at org.junit.platform.launcher.core.DefaultLauncher.lambda$execute$5(DefaultLauncher.java:211)
	at org.junit.platform.launcher.core.DefaultLauncher.withInterceptedStreams(DefaultLauncher.java:226)
	at org.junit.platform.launcher.core.DefaultLauncher.execute(DefaultLauncher.java:199)
	at org.junit.platform.launcher.core.DefaultLauncher.execute(DefaultLauncher.java:132)
	at org.apache.maven.surefire.junitplatform.JUnitPlatformProvider.invokeAllTests(JUnitPlatformProvider.java:154)
	at org.apache.maven.surefire.junitplatform.JUnitPlatformProvider.invoke(JUnitPlatformProvider.java:123)
	at org.apache.maven.surefire.booter.ForkedBooter.runSuitesInProcess(ForkedBooter.java:377)
	at org.apache.maven.surefire.booter.ForkedBooter.execute(ForkedBooter.java:138)
	at org.apache.maven.surefire.booter.ForkedBooter.run(ForkedBooter.java:465)
	at org.apache.maven.surefire.booter.ForkedBooter.main(ForkedBooter.java:451)
]]></error>
    <system-err><![CDATA[2024-04-24T01:09:27,445  WARN [main] conf.HiveConf: HiveConf of name hive.metastore.metadb.dir does not exist
2024-04-24T01:09:27,445  WARN [main] conf.HiveConf: HiveConf of name hive.metastore.client.cache.maxSize does not exist
2024-04-24T01:09:27,445  WARN [main] conf.HiveConf: HiveConf of name hive.llap.io.cache.orc.alloc.max does not exist
2024-04-24T01:09:27,445  WARN [main] conf.HiveConf: HiveConf of name hive.llap.io.cache.orc.alloc.min does not exist
2024-04-24T01:09:27,445  WARN [main] conf.HiveConf: HiveConf of name hive.stats.key.prefix.reserve.length does not exist
2024-04-24T01:09:27,446  WARN [main] conf.HiveConf: HiveConf of name hive.dummyparam.test.server.specific.config.metastoresite does not exist
2024-04-24T01:09:27,446  WARN [main] conf.HiveConf: HiveConf of name hive.llap.io.cache.orc.arena.size does not exist
2024-04-24T01:09:27,446  WARN [main] conf.HiveConf: HiveConf of name hive.metastore.client.cache.recordStats does not exist
2024-04-24T01:09:27,446  WARN [main] conf.HiveConf: HiveConf of name hive.dummyparam.test.server.specific.config.hivesite does not exist
2024-04-24T01:09:27,446  WARN [main] conf.HiveConf: HiveConf of name hive.llap.io.cache.orc.size does not exist
2024-04-24T01:09:27,446  WARN [main] conf.HiveConf: HiveConf of name hive.dummyparam.test.server.specific.config.override does not exist
2024-04-24T01:09:27,449  INFO [main] utils.TestTxnDbUtil: Creating transactional tables
Hive Session ID = c3c4f123-7b73-4e8a-b677-97398af783cd
2024-04-24T01:09:27,451  INFO [main] SessionState: Hive Session ID = c3c4f123-7b73-4e8a-b677-97398af783cd
ivysettings.xml file not found in HIVE_HOME or HIVE_CONF_DIR,/home/alex/Repositories/hive/conf/ivysettings.xml will be used
2024-04-24T01:09:27,452  INFO [main] DependencyResolver: ivysettings.xml file not found in HIVE_HOME or HIVE_CONF_DIR,/home/alex/Repositories/hive/conf/ivysettings.xml will be used
2024-04-24T01:09:27,457  INFO [main] session.SessionState: Created HDFS directory: /home/alex/Repositories/hive/ql/target/tmp/scratchdir/alex/c3c4f123-7b73-4e8a-b677-97398af783cd
2024-04-24T01:09:27,459  INFO [main] session.SessionState: Created local directory: /home/alex/Repositories/hive/ql/target/tmp/localscratchdir/c3c4f123-7b73-4e8a-b677-97398af783cd
2024-04-24T01:09:27,461  INFO [main] session.SessionState: Created HDFS directory: /home/alex/Repositories/hive/ql/target/tmp/scratchdir/alex/c3c4f123-7b73-4e8a-b677-97398af783cd/_tmp_space.db
2024-04-24T01:09:27,462  INFO [main] sqlstd.SQLStdHiveAccessController: Created SQLStdHiveAccessController for session context : HiveAuthzSessionContext [sessionString=c3c4f123-7b73-4e8a-b677-97398af783cd, clientType=HIVECLI]
2024-04-24T01:09:27,462  INFO [main] ql.TxnCommandsBaseForTests: Running the query: drop table if exists acidTbl
2024-04-24T01:09:27,462  INFO [main] ql.Driver: Compiling command(queryId=alex_20240424010927_d822e045-0f78-418f-9a6f-364ec248e97d): drop table if exists acidTbl
2024-04-24T01:09:27,470  INFO [main] txn.TxnHandler: Added entries to MIN_HISTORY_LEVEL for current txns: ([1]) with min_open_txn: 1
2024-04-24T01:09:27,471  INFO [main] lockmgr.DbTxnManager: Opened txnid:1
2024-04-24T01:09:27,473  INFO [main] HiveMetaStore.audit: ugi=alex	ip=unknown-ip-addr	cmd=get_table : tbl=hive.default.acidTbl	
2024-04-24T01:09:27,476  INFO [main] ql.Driver: Semantic Analysis Completed (retrial = false)
2024-04-24T01:09:27,476  INFO [main] ql.Driver: Created Hive schema: Schema(fieldSchemas:null, properties:null)
2024-04-24T01:09:27,476  INFO [main] metadata.Hive: Dumping metastore api call timing information for : compilation phase
2024-04-24T01:09:27,476  INFO [main] metadata.Hive: Total time spent in each metastore function (ms): {getValidTxns_(long)=2, openTxn_(String, TxnType)=8, commitTxn_(CommitTxnRequest)=10, isCompatibleWith_(Configuration)=0, flushCache_()=0}
2024-04-24T01:09:27,476  INFO [main] ql.Driver: Completed compiling command(queryId=alex_20240424010927_d822e045-0f78-418f-9a6f-364ec248e97d); Time taken: 0.014 seconds
2024-04-24T01:09:27,477  INFO [main] lockmgr.DbTxnManager: Setting lock request transaction to txnid:1 for queryId=alex_20240424010927_d822e045-0f78-418f-9a6f-364ec248e97d
2024-04-24T01:09:27,477  INFO [main] ql.Driver: Operation DROPTABLE obtained 0 locks
2024-04-24T01:09:27,477  INFO [main] ql.Driver: Executing command(queryId=alex_20240424010927_d822e045-0f78-418f-9a6f-364ec248e97d): drop table if exists acidTbl
2024-04-24T01:09:27,477  INFO [main] ql.Driver: Starting task [Stage-0:DDL] in serial mode
2024-04-24T01:09:27,477  INFO [main] HiveMetaStore.audit: ugi=alex	ip=unknown-ip-addr	cmd=get_table : tbl=hive.default.acidTbl	
2024-04-24T01:09:27,480  INFO [main] metadata.Hive: Dumping metastore api call timing information for : execution phase
2024-04-24T01:09:27,480  INFO [main] metadata.Hive: Total time spent in each metastore function (ms): {isCompatibleWith_(Configuration)=0}
2024-04-24T01:09:27,480  INFO [main] ql.Driver: Completed executing command(queryId=alex_20240424010927_d822e045-0f78-418f-9a6f-364ec248e97d); Time taken: 0.003 seconds
2024-04-24T01:09:27,480  INFO [main] lockmgr.DbTxnManager: Stopped heartbeat for query: alex_20240424010927_d822e045-0f78-418f-9a6f-364ec248e97d
2024-04-24T01:09:27,486  INFO [main] txn.TxnHandler: Expected to move at least one record from txn_components to completed_txn_components when committing txn! txnid:1
2024-04-24T01:09:27,493  INFO [main] txn.TxnHandler: Removed transactions: ([1]) from MIN_HISTORY_LEVEL
2024-04-24T01:09:27,493  WARN [main] txn.CompactionTxnHandler: No compaction queue record found for Compaction type transaction commit. txnId:1
2024-04-24T01:09:27,494  INFO [main] ql.TxnCommandsBaseForTests: Running the query: drop table if exists acidTblPart
2024-04-24T01:09:27,494  INFO [main] ql.Driver: Compiling command(queryId=alex_20240424010927_7604fac7-17cb-4f31-a457-54ac8baf5cc2): drop table if exists acidTblPart
2024-04-24T01:09:27,496  INFO [main] txn.TxnHandler: Added entries to MIN_HISTORY_LEVEL for current txns: ([2]) with min_open_txn: 1
2024-04-24T01:09:27,497  INFO [main] lockmgr.DbTxnManager: Opened txnid:2
2024-04-24T01:09:27,497  INFO [main] HiveMetaStore.audit: ugi=alex	ip=unknown-ip-addr	cmd=get_table : tbl=hive.default.acidTblPart	
2024-04-24T01:09:27,500  INFO [main] ql.Driver: Semantic Analysis Completed (retrial = false)
2024-04-24T01:09:27,500  INFO [main] ql.Driver: Created Hive schema: Schema(fieldSchemas:null, properties:null)
2024-04-24T01:09:27,500  INFO [main] metadata.Hive: Dumping metastore api call timing information for : compilation phase
2024-04-24T01:09:27,500  INFO [main] metadata.Hive: Total time spent in each metastore function (ms): {openTxn_(String, TxnType)=2, flushCache_()=0, isCompatibleWith_(Configuration)=1, getValidTxns_(long)=0, commitTxn_(CommitTxnRequest)=13}
2024-04-24T01:09:27,500  INFO [main] ql.Driver: Completed compiling command(queryId=alex_20240424010927_7604fac7-17cb-4f31-a457-54ac8baf5cc2); Time taken: 0.006 seconds
2024-04-24T01:09:27,501  INFO [main] lockmgr.DbTxnManager: Setting lock request transaction to txnid:2 for queryId=alex_20240424010927_7604fac7-17cb-4f31-a457-54ac8baf5cc2
2024-04-24T01:09:27,501  INFO [main] ql.Driver: Operation DROPTABLE obtained 0 locks
2024-04-24T01:09:27,501  INFO [main] ql.Driver: Executing command(queryId=alex_20240424010927_7604fac7-17cb-4f31-a457-54ac8baf5cc2): drop table if exists acidTblPart
2024-04-24T01:09:27,501  INFO [main] ql.Driver: Starting task [Stage-0:DDL] in serial mode
2024-04-24T01:09:27,501  INFO [main] HiveMetaStore.audit: ugi=alex	ip=unknown-ip-addr	cmd=get_table : tbl=hive.default.acidTblPart	
2024-04-24T01:09:27,504  INFO [main] metadata.Hive: Dumping metastore api call timing information for : execution phase
2024-04-24T01:09:27,504  INFO [main] metadata.Hive: Total time spent in each metastore function (ms): {isCompatibleWith_(Configuration)=0}
2024-04-24T01:09:27,504  INFO [main] ql.Driver: Completed executing command(queryId=alex_20240424010927_7604fac7-17cb-4f31-a457-54ac8baf5cc2); Time taken: 0.003 seconds
2024-04-24T01:09:27,504  INFO [main] lockmgr.DbTxnManager: Stopped heartbeat for query: alex_20240424010927_7604fac7-17cb-4f31-a457-54ac8baf5cc2
2024-04-24T01:09:27,509  INFO [main] txn.TxnHandler: Expected to move at least one record from txn_components to completed_txn_components when committing txn! txnid:2
2024-04-24T01:09:27,515  INFO [main] txn.TxnHandler: Removed transactions: ([2]) from MIN_HISTORY_LEVEL
2024-04-24T01:09:27,516  WARN [main] txn.CompactionTxnHandler: No compaction queue record found for Compaction type transaction commit. txnId:2
2024-04-24T01:09:27,516  INFO [main] ql.TxnCommandsBaseForTests: Running the query: drop table if exists acidTbl2
2024-04-24T01:09:27,517  INFO [main] ql.Driver: Compiling command(queryId=alex_20240424010927_65dd6196-f24b-4ddb-86fc-0806770e39b0): drop table if exists acidTbl2
2024-04-24T01:09:27,519  INFO [main] txn.TxnHandler: Added entries to MIN_HISTORY_LEVEL for current txns: ([3]) with min_open_txn: 1
2024-04-24T01:09:27,519  INFO [main] lockmgr.DbTxnManager: Opened txnid:3
2024-04-24T01:09:27,520  INFO [main] HiveMetaStore.audit: ugi=alex	ip=unknown-ip-addr	cmd=get_table : tbl=hive.default.acidTbl2	
2024-04-24T01:09:27,522  INFO [main] ql.Driver: Semantic Analysis Completed (retrial = false)
2024-04-24T01:09:27,522  INFO [main] ql.Driver: Created Hive schema: Schema(fieldSchemas:null, properties:null)
2024-04-24T01:09:27,522  INFO [main] metadata.Hive: Dumping metastore api call timing information for : compilation phase
2024-04-24T01:09:27,523  INFO [main] metadata.Hive: Total time spent in each metastore function (ms): {getValidTxns_(long)=0, openTxn_(String, TxnType)=2, isCompatibleWith_(Configuration)=0, flushCache_()=0, commitTxn_(CommitTxnRequest)=12}
2024-04-24T01:09:27,523  INFO [main] ql.Driver: Completed compiling command(queryId=alex_20240424010927_65dd6196-f24b-4ddb-86fc-0806770e39b0); Time taken: 0.005 seconds
2024-04-24T01:09:27,523  INFO [main] lockmgr.DbTxnManager: Setting lock request transaction to txnid:3 for queryId=alex_20240424010927_65dd6196-f24b-4ddb-86fc-0806770e39b0
2024-04-24T01:09:27,523  INFO [main] ql.Driver: Operation DROPTABLE obtained 0 locks
2024-04-24T01:09:27,523  INFO [main] ql.Driver: Executing command(queryId=alex_20240424010927_65dd6196-f24b-4ddb-86fc-0806770e39b0): drop table if exists acidTbl2
2024-04-24T01:09:27,523  INFO [main] ql.Driver: Starting task [Stage-0:DDL] in serial mode
2024-04-24T01:09:27,523  INFO [main] HiveMetaStore.audit: ugi=alex	ip=unknown-ip-addr	cmd=get_table : tbl=hive.default.acidTbl2	
2024-04-24T01:09:27,526  INFO [main] metadata.Hive: Dumping metastore api call timing information for : execution phase
2024-04-24T01:09:27,526  INFO [main] metadata.Hive: Total time spent in each metastore function (ms): {isCompatibleWith_(Configuration)=0}
2024-04-24T01:09:27,527  INFO [main] ql.Driver: Completed executing command(queryId=alex_20240424010927_65dd6196-f24b-4ddb-86fc-0806770e39b0); Time taken: 0.003 seconds
2024-04-24T01:09:27,527  INFO [main] lockmgr.DbTxnManager: Stopped heartbeat for query: alex_20240424010927_65dd6196-f24b-4ddb-86fc-0806770e39b0
2024-04-24T01:09:27,532  INFO [main] txn.TxnHandler: Expected to move at least one record from txn_components to completed_txn_components when committing txn! txnid:3
2024-04-24T01:09:27,537  INFO [main] txn.TxnHandler: Removed transactions: ([3]) from MIN_HISTORY_LEVEL
2024-04-24T01:09:27,537  WARN [main] txn.CompactionTxnHandler: No compaction queue record found for Compaction type transaction commit. txnId:3
2024-04-24T01:09:27,538  INFO [main] ql.TxnCommandsBaseForTests: Running the query: drop table if exists nonAcidOrcTbl
2024-04-24T01:09:27,538  INFO [main] ql.Driver: Compiling command(queryId=alex_20240424010927_4c36895e-1f46-46f8-98e9-600e4273d042): drop table if exists nonAcidOrcTbl
2024-04-24T01:09:27,541  INFO [main] txn.TxnHandler: Added entries to MIN_HISTORY_LEVEL for current txns: ([4]) with min_open_txn: 1
2024-04-24T01:09:27,541  INFO [main] lockmgr.DbTxnManager: Opened txnid:4
2024-04-24T01:09:27,542  INFO [main] HiveMetaStore.audit: ugi=alex	ip=unknown-ip-addr	cmd=get_table : tbl=hive.default.nonAcidOrcTbl	
2024-04-24T01:09:27,544  INFO [main] ql.Driver: Semantic Analysis Completed (retrial = false)
2024-04-24T01:09:27,544  INFO [main] ql.Driver: Created Hive schema: Schema(fieldSchemas:null, properties:null)
2024-04-24T01:09:27,544  INFO [main] metadata.Hive: Dumping metastore api call timing information for : compilation phase
2024-04-24T01:09:27,544  INFO [main] metadata.Hive: Total time spent in each metastore function (ms): {openTxn_(String, TxnType)=2, getValidTxns_(long)=0, commitTxn_(CommitTxnRequest)=11, flushCache_()=0, isCompatibleWith_(Configuration)=0}
2024-04-24T01:09:27,545  INFO [main] ql.Driver: Completed compiling command(queryId=alex_20240424010927_4c36895e-1f46-46f8-98e9-600e4273d042); Time taken: 0.006 seconds
2024-04-24T01:09:27,545  INFO [main] lockmgr.DbTxnManager: Setting lock request transaction to txnid:4 for queryId=alex_20240424010927_4c36895e-1f46-46f8-98e9-600e4273d042
2024-04-24T01:09:27,545  INFO [main] ql.Driver: Operation DROPTABLE obtained 0 locks
2024-04-24T01:09:27,545  INFO [main] ql.Driver: Executing command(queryId=alex_20240424010927_4c36895e-1f46-46f8-98e9-600e4273d042): drop table if exists nonAcidOrcTbl
2024-04-24T01:09:27,545  INFO [main] ql.Driver: Starting task [Stage-0:DDL] in serial mode
2024-04-24T01:09:27,545  INFO [main] HiveMetaStore.audit: ugi=alex	ip=unknown-ip-addr	cmd=get_table : tbl=hive.default.nonAcidOrcTbl	
2024-04-24T01:09:27,548  INFO [main] metadata.Hive: Dumping metastore api call timing information for : execution phase
2024-04-24T01:09:27,548  INFO [main] metadata.Hive: Total time spent in each metastore function (ms): {isCompatibleWith_(Configuration)=0}
2024-04-24T01:09:27,548  INFO [main] ql.Driver: Completed executing command(queryId=alex_20240424010927_4c36895e-1f46-46f8-98e9-600e4273d042); Time taken: 0.003 seconds
2024-04-24T01:09:27,548  INFO [main] lockmgr.DbTxnManager: Stopped heartbeat for query: alex_20240424010927_4c36895e-1f46-46f8-98e9-600e4273d042
2024-04-24T01:09:27,554  INFO [main] txn.TxnHandler: Expected to move at least one record from txn_components to completed_txn_components when committing txn! txnid:4
2024-04-24T01:09:27,560  INFO [main] txn.TxnHandler: Removed transactions: ([4]) from MIN_HISTORY_LEVEL
2024-04-24T01:09:27,560  WARN [main] txn.CompactionTxnHandler: No compaction queue record found for Compaction type transaction commit. txnId:4
2024-04-24T01:09:27,561  INFO [main] ql.TxnCommandsBaseForTests: Running the query: drop table if exists nonAcidOrcTbl2
2024-04-24T01:09:27,561  INFO [main] ql.Driver: Compiling command(queryId=alex_20240424010927_9cfa0b2e-3d0e-4ae5-ac53-bac66c889005): drop table if exists nonAcidOrcTbl2
2024-04-24T01:09:27,563  INFO [main] txn.TxnHandler: Added entries to MIN_HISTORY_LEVEL for current txns: ([5]) with min_open_txn: 1
2024-04-24T01:09:27,564  INFO [main] lockmgr.DbTxnManager: Opened txnid:5
2024-04-24T01:09:27,564  INFO [main] HiveMetaStore.audit: ugi=alex	ip=unknown-ip-addr	cmd=get_table : tbl=hive.default.nonAcidOrcTbl2	
2024-04-24T01:09:27,567  INFO [main] ql.Driver: Semantic Analysis Completed (retrial = false)
2024-04-24T01:09:27,567  INFO [main] ql.Driver: Created Hive schema: Schema(fieldSchemas:null, properties:null)
2024-04-24T01:09:27,568  INFO [main] metadata.Hive: Dumping metastore api call timing information for : compilation phase
2024-04-24T01:09:27,568  INFO [main] metadata.Hive: Total time spent in each metastore function (ms): {isCompatibleWith_(Configuration)=1, getValidTxns_(long)=0, commitTxn_(CommitTxnRequest)=12, openTxn_(String, TxnType)=2, flushCache_()=0}
2024-04-24T01:09:27,568  INFO [main] ql.Driver: Completed compiling command(queryId=alex_20240424010927_9cfa0b2e-3d0e-4ae5-ac53-bac66c889005); Time taken: 0.007 seconds
2024-04-24T01:09:27,568  INFO [main] lockmgr.DbTxnManager: Setting lock request transaction to txnid:5 for queryId=alex_20240424010927_9cfa0b2e-3d0e-4ae5-ac53-bac66c889005
2024-04-24T01:09:27,568  INFO [main] ql.Driver: Operation DROPTABLE obtained 0 locks
2024-04-24T01:09:27,568  INFO [main] ql.Driver: Executing command(queryId=alex_20240424010927_9cfa0b2e-3d0e-4ae5-ac53-bac66c889005): drop table if exists nonAcidOrcTbl2
2024-04-24T01:09:27,569  INFO [main] ql.Driver: Starting task [Stage-0:DDL] in serial mode
2024-04-24T01:09:27,569  INFO [main] HiveMetaStore.audit: ugi=alex	ip=unknown-ip-addr	cmd=get_table : tbl=hive.default.nonAcidOrcTbl2	
2024-04-24T01:09:27,572  INFO [main] metadata.Hive: Dumping metastore api call timing information for : execution phase
2024-04-24T01:09:27,572  INFO [main] metadata.Hive: Total time spent in each metastore function (ms): {isCompatibleWith_(Configuration)=0}
2024-04-24T01:09:27,572  INFO [main] ql.Driver: Completed executing command(queryId=alex_20240424010927_9cfa0b2e-3d0e-4ae5-ac53-bac66c889005); Time taken: 0.004 seconds
2024-04-24T01:09:27,572  INFO [main] lockmgr.DbTxnManager: Stopped heartbeat for query: alex_20240424010927_9cfa0b2e-3d0e-4ae5-ac53-bac66c889005
2024-04-24T01:09:27,578  INFO [main] txn.TxnHandler: Expected to move at least one record from txn_components to completed_txn_components when committing txn! txnid:5
2024-04-24T01:09:27,584  INFO [main] txn.TxnHandler: Removed transactions: ([5]) from MIN_HISTORY_LEVEL
2024-04-24T01:09:27,584  WARN [main] txn.CompactionTxnHandler: No compaction queue record found for Compaction type transaction commit. txnId:5
2024-04-24T01:09:27,585  INFO [main] ql.TxnCommandsBaseForTests: Running the query: drop table if exists nonAcidNonBucket
2024-04-24T01:09:27,585  INFO [main] ql.Driver: Compiling command(queryId=alex_20240424010927_83c080a3-152d-4a59-b34c-ae29caa868ac): drop table if exists nonAcidNonBucket
2024-04-24T01:09:27,587  INFO [main] txn.TxnHandler: Added entries to MIN_HISTORY_LEVEL for current txns: ([6]) with min_open_txn: 1
2024-04-24T01:09:27,588  INFO [main] lockmgr.DbTxnManager: Opened txnid:6
2024-04-24T01:09:27,588  INFO [main] HiveMetaStore.audit: ugi=alex	ip=unknown-ip-addr	cmd=get_table : tbl=hive.default.nonAcidNonBucket	
2024-04-24T01:09:27,591  INFO [main] ql.Driver: Semantic Analysis Completed (retrial = false)
2024-04-24T01:09:27,591  INFO [main] ql.Driver: Created Hive schema: Schema(fieldSchemas:null, properties:null)
2024-04-24T01:09:27,591  INFO [main] metadata.Hive: Dumping metastore api call timing information for : compilation phase
2024-04-24T01:09:27,591  INFO [main] metadata.Hive: Total time spent in each metastore function (ms): {openTxn_(String, TxnType)=2, getValidTxns_(long)=0, flushCache_()=0, isCompatibleWith_(Configuration)=0, commitTxn_(CommitTxnRequest)=13}
2024-04-24T01:09:27,591  INFO [main] ql.Driver: Completed compiling command(queryId=alex_20240424010927_83c080a3-152d-4a59-b34c-ae29caa868ac); Time taken: 0.006 seconds
2024-04-24T01:09:27,592  INFO [main] lockmgr.DbTxnManager: Setting lock request transaction to txnid:6 for queryId=alex_20240424010927_83c080a3-152d-4a59-b34c-ae29caa868ac
2024-04-24T01:09:27,592  INFO [main] ql.Driver: Operation DROPTABLE obtained 0 locks
2024-04-24T01:09:27,592  INFO [main] ql.Driver: Executing command(queryId=alex_20240424010927_83c080a3-152d-4a59-b34c-ae29caa868ac): drop table if exists nonAcidNonBucket
2024-04-24T01:09:27,592  INFO [main] ql.Driver: Starting task [Stage-0:DDL] in serial mode
2024-04-24T01:09:27,592  INFO [main] HiveMetaStore.audit: ugi=alex	ip=unknown-ip-addr	cmd=get_table : tbl=hive.default.nonAcidNonBucket	
2024-04-24T01:09:27,595  INFO [main] metadata.Hive: Dumping metastore api call timing information for : execution phase
2024-04-24T01:09:27,595  INFO [main] metadata.Hive: Total time spent in each metastore function (ms): {isCompatibleWith_(Configuration)=0}
2024-04-24T01:09:27,595  INFO [main] ql.Driver: Completed executing command(queryId=alex_20240424010927_83c080a3-152d-4a59-b34c-ae29caa868ac); Time taken: 0.003 seconds
2024-04-24T01:09:27,596  INFO [main] lockmgr.DbTxnManager: Stopped heartbeat for query: alex_20240424010927_83c080a3-152d-4a59-b34c-ae29caa868ac
2024-04-24T01:09:27,601  INFO [main] txn.TxnHandler: Expected to move at least one record from txn_components to completed_txn_components when committing txn! txnid:6
2024-04-24T01:09:27,607  INFO [main] txn.TxnHandler: Removed transactions: ([6]) from MIN_HISTORY_LEVEL
2024-04-24T01:09:27,608  WARN [main] txn.CompactionTxnHandler: No compaction queue record found for Compaction type transaction commit. txnId:6
2024-04-24T01:09:27,608  INFO [main] ql.TxnCommandsBaseForTests: Running the query: create table acidTbl(a int, b int) clustered by (a) into 2 buckets stored as orc TBLPROPERTIES ('transactional'='true')
2024-04-24T01:09:27,609  INFO [main] ql.Driver: Compiling command(queryId=alex_20240424010927_4fddfb3d-8f64-43ab-9723-80f87b82cc43): create table acidTbl(a int, b int) clustered by (a) into 2 buckets stored as orc TBLPROPERTIES ('transactional'='true')
2024-04-24T01:09:27,611  INFO [main] txn.TxnHandler: Added entries to MIN_HISTORY_LEVEL for current txns: ([7]) with min_open_txn: 1
2024-04-24T01:09:27,612  INFO [main] lockmgr.DbTxnManager: Opened txnid:7
2024-04-24T01:09:27,613  INFO [main] parse.CalcitePlanner: Starting caching scope for: 
2024-04-24T01:09:27,613  INFO [main] parse.CalcitePlanner: Starting Semantic Analysis
2024-04-24T01:09:27,619  INFO [main] parse.CalcitePlanner: Creating table default.acidTbl position=13
2024-04-24T01:09:27,619  INFO [main] HiveMetaStore.audit: ugi=alex	ip=unknown-ip-addr	cmd=get_database: default	
2024-04-24T01:09:27,621  INFO [main] parse.CalcitePlanner: Ending caching scope for: 
2024-04-24T01:09:27,621  INFO [main] ql.Driver: Semantic Analysis Completed (retrial = false)
2024-04-24T01:09:27,621  INFO [main] ql.Driver: Created Hive schema: Schema(fieldSchemas:null, properties:null)
2024-04-24T01:09:27,621  INFO [main] metadata.Hive: Dumping metastore api call timing information for : compilation phase
2024-04-24T01:09:27,621  INFO [main] metadata.Hive: Total time spent in each metastore function (ms): {getDatabase_(String)=2, flushCache_()=0, getValidWriteIds_(List, String)=6, openTxn_(String, TxnType)=3, commitTxn_(CommitTxnRequest)=12, getValidTxns_(long)=0, isCompatibleWith_(Configuration)=0}
2024-04-24T01:09:27,621  INFO [main] ql.Driver: Completed compiling command(queryId=alex_20240424010927_4fddfb3d-8f64-43ab-9723-80f87b82cc43); Time taken: 0.012 seconds
2024-04-24T01:09:27,621  INFO [main] lockmgr.DbTxnManager: Setting lock request transaction to txnid:7 for queryId=alex_20240424010927_4fddfb3d-8f64-43ab-9723-80f87b82cc43
2024-04-24T01:09:27,622  INFO [main] lockmgr.DbLockManager: Requesting lock for queryId=alex_20240424010927_4fddfb3d-8f64-43ab-9723-80f87b82cc43
2024-04-24T01:09:27,640  INFO [main] lockmgr.DbLockManager: Response to queryId=alex_20240424010927_4fddfb3d-8f64-43ab-9723-80f87b82cc43 LockResponse(lockid:1, state:ACQUIRED)
2024-04-24T01:09:27,640  INFO [main] ql.Driver: Operation CREATETABLE obtained 1 locks
2024-04-24T01:09:27,640  INFO [main] ql.Driver: Executing command(queryId=alex_20240424010927_4fddfb3d-8f64-43ab-9723-80f87b82cc43): create table acidTbl(a int, b int) clustered by (a) into 2 buckets stored as orc TBLPROPERTIES ('transactional'='true')
2024-04-24T01:09:27,640  INFO [main] ql.Driver: Starting task [Stage-0:DDL] in serial mode
2024-04-24T01:09:27,641  INFO [main] HiveMetaStore.audit: ugi=alex	ip=unknown-ip-addr	cmd=create_table_req: Table(tableName:acidTbl, dbName:default, owner:alex, createTime:1713946167, lastAccessTime:0, retention:0, sd:StorageDescriptor(cols:[FieldSchema(name:a, type:int, comment:null), FieldSchema(name:b, type:int, comment:null)], location:null, inputFormat:org.apache.hadoop.hive.ql.io.orc.OrcInputFormat, outputFormat:org.apache.hadoop.hive.ql.io.orc.OrcOutputFormat, compressed:false, numBuckets:2, serdeInfo:SerDeInfo(name:null, serializationLib:org.apache.hadoop.hive.ql.io.orc.OrcSerde, parameters:{serialization.format=1}), bucketCols:[a], sortCols:[], parameters:{}, skewedInfo:SkewedInfo(skewedColNames:[], skewedColValues:[], skewedColValueLocationMaps:{}), storedAsSubDirectories:false), partitionKeys:[], parameters:{totalSize=0, rawDataSize=0, transactional=true, numFilesErasureCoded=0, COLUMN_STATS_ACCURATE={"BASIC_STATS":"true","COLUMN_STATS":{"a":"true","b":"true"}}, bucketing_version=2, numFiles=0, numRows=0}, viewOriginalText:null, viewExpandedText:null, tableType:MANAGED_TABLE, privileges:PrincipalPrivilegeSet(userPrivileges:{alex=[PrivilegeGrantInfo(privilege:INSERT, createTime:-1, grantor:alex, grantorType:USER, grantOption:true), PrivilegeGrantInfo(privilege:SELECT, createTime:-1, grantor:alex, grantorType:USER, grantOption:true), PrivilegeGrantInfo(privilege:UPDATE, createTime:-1, grantor:alex, grantorType:USER, grantOption:true), PrivilegeGrantInfo(privilege:DELETE, createTime:-1, grantor:alex, grantorType:USER, grantOption:true)]}, groupPrivileges:null, rolePrivileges:null), temporary:false, catName:hive, ownerType:USER, writeId:0)	
2024-04-24T01:09:27,647  INFO [main] utils.FileUtils: Creating directory if it doesn't exist: file:/home/alex/Repositories/hive/ql/target/tmp/org.apache.hadoop.hive.ql.TestTxnCommands-1713946100941/warehouse/acidtbl
2024-04-24T01:09:27,684  INFO [main] metadata.Hive: Dumping metastore api call timing information for : execution phase
2024-04-24T01:09:27,684  INFO [main] metadata.Hive: Total time spent in each metastore function (ms): {createTable_(Table)=43, isCompatibleWith_(Configuration)=1}
2024-04-24T01:09:27,685  INFO [main] ql.Driver: Completed executing command(queryId=alex_20240424010927_4fddfb3d-8f64-43ab-9723-80f87b82cc43); Time taken: 0.044 seconds
2024-04-24T01:09:27,685  INFO [main] lockmgr.DbTxnManager: Stopped heartbeat for query: alex_20240424010927_4fddfb3d-8f64-43ab-9723-80f87b82cc43
2024-04-24T01:09:27,688  INFO [main] txn.TxnHandler: Expected to move at least one record from txn_components to completed_txn_components when committing txn! txnid:7
2024-04-24T01:09:27,694  INFO [main] txn.TxnHandler: Removed transactions: ([7]) from MIN_HISTORY_LEVEL
2024-04-24T01:09:27,695  WARN [main] txn.CompactionTxnHandler: No compaction queue record found for Compaction type transaction commit. txnId:7
2024-04-24T01:09:27,695  INFO [main] ql.TxnCommandsBaseForTests: Running the query: create table acidTblPart(a int, b int) partitioned by (p string) clustered by (a) into 2 buckets stored as orc TBLPROPERTIES ('transactional'='true')
2024-04-24T01:09:27,696  INFO [main] ql.Driver: Compiling command(queryId=alex_20240424010927_3c9e9ff2-1e33-47b5-b985-0b4fc5a231d2): create table acidTblPart(a int, b int) partitioned by (p string) clustered by (a) into 2 buckets stored as orc TBLPROPERTIES ('transactional'='true')
2024-04-24T01:09:27,703  INFO [main] txn.TxnHandler: Added entries to MIN_HISTORY_LEVEL for current txns: ([8]) with min_open_txn: 1
2024-04-24T01:09:27,704  INFO [main] lockmgr.DbTxnManager: Opened txnid:8
2024-04-24T01:09:27,706  INFO [main] parse.CalcitePlanner: Starting caching scope for: 
2024-04-24T01:09:27,706  INFO [main] parse.CalcitePlanner: Starting Semantic Analysis
2024-04-24T01:09:27,709  INFO [main] parse.CalcitePlanner: Creating table default.acidTblPart position=13
2024-04-24T01:09:27,709  INFO [main] HiveMetaStore.audit: ugi=alex	ip=unknown-ip-addr	cmd=get_database: default	
2024-04-24T01:09:27,710  INFO [main] parse.CalcitePlanner: Ending caching scope for: 
2024-04-24T01:09:27,710  INFO [main] ql.Driver: Semantic Analysis Completed (retrial = false)
2024-04-24T01:09:27,711  INFO [main] ql.Driver: Created Hive schema: Schema(fieldSchemas:null, properties:null)
2024-04-24T01:09:27,711  INFO [main] metadata.Hive: Dumping metastore api call timing information for : compilation phase
2024-04-24T01:09:27,711  INFO [main] metadata.Hive: Total time spent in each metastore function (ms): {flushCache_()=0, getValidTxns_(long)=2, commitTxn_(CommitTxnRequest)=10, isCompatibleWith_(Configuration)=0, getValidWriteIds_(List, String)=3, openTxn_(String, TxnType)=8, getDatabase_(String)=1}
2024-04-24T01:09:27,711  INFO [main] ql.Driver: Completed compiling command(queryId=alex_20240424010927_3c9e9ff2-1e33-47b5-b985-0b4fc5a231d2); Time taken: 0.016 seconds
2024-04-24T01:09:27,711  INFO [main] lockmgr.DbTxnManager: Setting lock request transaction to txnid:8 for queryId=alex_20240424010927_3c9e9ff2-1e33-47b5-b985-0b4fc5a231d2
2024-04-24T01:09:27,712  INFO [main] lockmgr.DbLockManager: Requesting lock for queryId=alex_20240424010927_3c9e9ff2-1e33-47b5-b985-0b4fc5a231d2
2024-04-24T01:09:27,727  INFO [main] lockmgr.DbLockManager: Response to queryId=alex_20240424010927_3c9e9ff2-1e33-47b5-b985-0b4fc5a231d2 LockResponse(lockid:2, state:ACQUIRED)
2024-04-24T01:09:27,727  INFO [main] ql.Driver: Operation CREATETABLE obtained 1 locks
2024-04-24T01:09:27,728  INFO [main] ql.Driver: Executing command(queryId=alex_20240424010927_3c9e9ff2-1e33-47b5-b985-0b4fc5a231d2): create table acidTblPart(a int, b int) partitioned by (p string) clustered by (a) into 2 buckets stored as orc TBLPROPERTIES ('transactional'='true')
2024-04-24T01:09:27,728  INFO [main] ql.Driver: Starting task [Stage-0:DDL] in serial mode
2024-04-24T01:09:27,729  INFO [main] HiveMetaStore.audit: ugi=alex	ip=unknown-ip-addr	cmd=create_table_req: Table(tableName:acidTblPart, dbName:default, owner:alex, createTime:1713946167, lastAccessTime:0, retention:0, sd:StorageDescriptor(cols:[FieldSchema(name:a, type:int, comment:null), FieldSchema(name:b, type:int, comment:null)], location:null, inputFormat:org.apache.hadoop.hive.ql.io.orc.OrcInputFormat, outputFormat:org.apache.hadoop.hive.ql.io.orc.OrcOutputFormat, compressed:false, numBuckets:2, serdeInfo:SerDeInfo(name:null, serializationLib:org.apache.hadoop.hive.ql.io.orc.OrcSerde, parameters:{serialization.format=1}), bucketCols:[a], sortCols:[], parameters:{}, skewedInfo:SkewedInfo(skewedColNames:[], skewedColValues:[], skewedColValueLocationMaps:{}), storedAsSubDirectories:false), partitionKeys:[FieldSchema(name:p, type:string, comment:null)], parameters:{transactional=true, bucketing_version=2}, viewOriginalText:null, viewExpandedText:null, tableType:MANAGED_TABLE, privileges:PrincipalPrivilegeSet(userPrivileges:{alex=[PrivilegeGrantInfo(privilege:INSERT, createTime:-1, grantor:alex, grantorType:USER, grantOption:true), PrivilegeGrantInfo(privilege:SELECT, createTime:-1, grantor:alex, grantorType:USER, grantOption:true), PrivilegeGrantInfo(privilege:UPDATE, createTime:-1, grantor:alex, grantorType:USER, grantOption:true), PrivilegeGrantInfo(privilege:DELETE, createTime:-1, grantor:alex, grantorType:USER, grantOption:true)]}, groupPrivileges:null, rolePrivileges:null), temporary:false, catName:hive, ownerType:USER, writeId:0)	
2024-04-24T01:09:27,735  INFO [main] utils.FileUtils: Creating directory if it doesn't exist: file:/home/alex/Repositories/hive/ql/target/tmp/org.apache.hadoop.hive.ql.TestTxnCommands-1713946100941/warehouse/acidtblpart
2024-04-24T01:09:27,750  INFO [main] metadata.Hive: Dumping metastore api call timing information for : execution phase
2024-04-24T01:09:27,750  INFO [main] metadata.Hive: Total time spent in each metastore function (ms): {createTable_(Table)=21, isCompatibleWith_(Configuration)=0}
2024-04-24T01:09:27,751  INFO [main] ql.Driver: Completed executing command(queryId=alex_20240424010927_3c9e9ff2-1e33-47b5-b985-0b4fc5a231d2); Time taken: 0.022 seconds
2024-04-24T01:09:27,751  INFO [main] lockmgr.DbTxnManager: Stopped heartbeat for query: alex_20240424010927_3c9e9ff2-1e33-47b5-b985-0b4fc5a231d2
2024-04-24T01:09:27,755  INFO [main] txn.TxnHandler: Expected to move at least one record from txn_components to completed_txn_components when committing txn! txnid:8
2024-04-24T01:09:27,762  INFO [main] txn.TxnHandler: Removed transactions: ([8]) from MIN_HISTORY_LEVEL
2024-04-24T01:09:27,762  WARN [main] txn.CompactionTxnHandler: No compaction queue record found for Compaction type transaction commit. txnId:8
2024-04-24T01:09:27,762  INFO [main] ql.TxnCommandsBaseForTests: Running the query: create table nonAcidOrcTbl(a int, b int) clustered by (a) into 2 buckets stored as orc TBLPROPERTIES ('transactional'='false')
2024-04-24T01:09:27,763  INFO [main] ql.Driver: Compiling command(queryId=alex_20240424010927_b95dd8aa-84f5-43ae-977c-2f9b56645764): create table nonAcidOrcTbl(a int, b int) clustered by (a) into 2 buckets stored as orc TBLPROPERTIES ('transactional'='false')
2024-04-24T01:09:27,765  INFO [main] txn.TxnHandler: Added entries to MIN_HISTORY_LEVEL for current txns: ([9]) with min_open_txn: 1
2024-04-24T01:09:27,766  INFO [main] lockmgr.DbTxnManager: Opened txnid:9
2024-04-24T01:09:27,766  INFO [main] parse.CalcitePlanner: Starting caching scope for: 
2024-04-24T01:09:27,766  INFO [main] parse.CalcitePlanner: Starting Semantic Analysis
2024-04-24T01:09:27,769  INFO [main] parse.CalcitePlanner: Creating table default.nonAcidOrcTbl position=13
2024-04-24T01:09:27,769  INFO [main] HiveMetaStore.audit: ugi=alex	ip=unknown-ip-addr	cmd=get_database: default	
2024-04-24T01:09:27,771  INFO [main] parse.CalcitePlanner: Ending caching scope for: 
2024-04-24T01:09:27,771  INFO [main] ql.Driver: Semantic Analysis Completed (retrial = false)
2024-04-24T01:09:27,771  INFO [main] ql.Driver: Created Hive schema: Schema(fieldSchemas:null, properties:null)
2024-04-24T01:09:27,771  INFO [main] metadata.Hive: Dumping metastore api call timing information for : compilation phase
2024-04-24T01:09:27,771  INFO [main] metadata.Hive: Total time spent in each metastore function (ms): {flushCache_()=0, getValidWriteIds_(List, String)=2, isCompatibleWith_(Configuration)=0, openTxn_(String, TxnType)=3, getValidTxns_(long)=0, getDatabase_(String)=2, commitTxn_(CommitTxnRequest)=11}
2024-04-24T01:09:27,771  INFO [main] ql.Driver: Completed compiling command(queryId=alex_20240424010927_b95dd8aa-84f5-43ae-977c-2f9b56645764); Time taken: 0.008 seconds
2024-04-24T01:09:27,772  INFO [main] lockmgr.DbTxnManager: Setting lock request transaction to txnid:9 for queryId=alex_20240424010927_b95dd8aa-84f5-43ae-977c-2f9b56645764
2024-04-24T01:09:27,772  INFO [main] lockmgr.DbLockManager: Requesting lock for queryId=alex_20240424010927_b95dd8aa-84f5-43ae-977c-2f9b56645764
2024-04-24T01:09:27,788  INFO [main] lockmgr.DbLockManager: Response to queryId=alex_20240424010927_b95dd8aa-84f5-43ae-977c-2f9b56645764 LockResponse(lockid:3, state:ACQUIRED)
2024-04-24T01:09:27,788  INFO [main] ql.Driver: Operation CREATETABLE obtained 1 locks
2024-04-24T01:09:27,788  INFO [main] ql.Driver: Executing command(queryId=alex_20240424010927_b95dd8aa-84f5-43ae-977c-2f9b56645764): create table nonAcidOrcTbl(a int, b int) clustered by (a) into 2 buckets stored as orc TBLPROPERTIES ('transactional'='false')
2024-04-24T01:09:27,788  INFO [main] ql.Driver: Starting task [Stage-0:DDL] in serial mode
2024-04-24T01:09:27,789  INFO [main] HiveMetaStore.audit: ugi=alex	ip=unknown-ip-addr	cmd=create_table_req: Table(tableName:nonAcidOrcTbl, dbName:default, owner:alex, createTime:1713946167, lastAccessTime:0, retention:0, sd:StorageDescriptor(cols:[FieldSchema(name:a, type:int, comment:null), FieldSchema(name:b, type:int, comment:null)], location:null, inputFormat:org.apache.hadoop.hive.ql.io.orc.OrcInputFormat, outputFormat:org.apache.hadoop.hive.ql.io.orc.OrcOutputFormat, compressed:false, numBuckets:2, serdeInfo:SerDeInfo(name:null, serializationLib:org.apache.hadoop.hive.ql.io.orc.OrcSerde, parameters:{serialization.format=1}), bucketCols:[a], sortCols:[], parameters:{}, skewedInfo:SkewedInfo(skewedColNames:[], skewedColValues:[], skewedColValueLocationMaps:{}), storedAsSubDirectories:false), partitionKeys:[], parameters:{COLUMN_STATS_ACCURATE={"BASIC_STATS":"true","COLUMN_STATS":{"a":"true","b":"true"}}, numRows=0, numFiles=0, bucketing_version=2, totalSize=0, rawDataSize=0, transactional=false, numFilesErasureCoded=0}, viewOriginalText:null, viewExpandedText:null, tableType:MANAGED_TABLE, privileges:PrincipalPrivilegeSet(userPrivileges:{alex=[PrivilegeGrantInfo(privilege:INSERT, createTime:-1, grantor:alex, grantorType:USER, grantOption:true), PrivilegeGrantInfo(privilege:SELECT, createTime:-1, grantor:alex, grantorType:USER, grantOption:true), PrivilegeGrantInfo(privilege:UPDATE, createTime:-1, grantor:alex, grantorType:USER, grantOption:true), PrivilegeGrantInfo(privilege:DELETE, createTime:-1, grantor:alex, grantorType:USER, grantOption:true)]}, groupPrivileges:null, rolePrivileges:null), temporary:false, catName:hive, ownerType:USER)	
2024-04-24T01:09:27,795  INFO [main] utils.FileUtils: Creating directory if it doesn't exist: file:/home/alex/Repositories/hive/ql/target/tmp/org.apache.hadoop.hive.ql.TestTxnCommands-1713946100941/warehouse/nonacidorctbl
2024-04-24T01:09:27,815  INFO [main] metadata.Hive: Dumping metastore api call timing information for : execution phase
2024-04-24T01:09:27,815  INFO [main] metadata.Hive: Total time spent in each metastore function (ms): {createTable_(Table)=25, isCompatibleWith_(Configuration)=0}
2024-04-24T01:09:27,815  INFO [main] ql.Driver: Completed executing command(queryId=alex_20240424010927_b95dd8aa-84f5-43ae-977c-2f9b56645764); Time taken: 0.027 seconds
2024-04-24T01:09:27,815  INFO [main] lockmgr.DbTxnManager: Stopped heartbeat for query: alex_20240424010927_b95dd8aa-84f5-43ae-977c-2f9b56645764
2024-04-24T01:09:27,819  INFO [main] txn.TxnHandler: Expected to move at least one record from txn_components to completed_txn_components when committing txn! txnid:9
2024-04-24T01:09:27,826  INFO [main] txn.TxnHandler: Removed transactions: ([9]) from MIN_HISTORY_LEVEL
2024-04-24T01:09:27,826  WARN [main] txn.CompactionTxnHandler: No compaction queue record found for Compaction type transaction commit. txnId:9
2024-04-24T01:09:27,827  INFO [main] ql.TxnCommandsBaseForTests: Running the query: create table nonAcidOrcTbl2(a int, b int) clustered by (a) into 2 buckets stored as orc TBLPROPERTIES ('transactional'='false')
2024-04-24T01:09:27,827  INFO [main] ql.Driver: Compiling command(queryId=alex_20240424010927_c970dcd9-b11c-4608-807e-bc2b11c9c37a): create table nonAcidOrcTbl2(a int, b int) clustered by (a) into 2 buckets stored as orc TBLPROPERTIES ('transactional'='false')
2024-04-24T01:09:27,830  INFO [main] txn.TxnHandler: Added entries to MIN_HISTORY_LEVEL for current txns: ([10]) with min_open_txn: 1
2024-04-24T01:09:27,830  INFO [main] lockmgr.DbTxnManager: Opened txnid:10
2024-04-24T01:09:27,831  INFO [main] parse.CalcitePlanner: Starting caching scope for: 
2024-04-24T01:09:27,831  INFO [main] parse.CalcitePlanner: Starting Semantic Analysis
2024-04-24T01:09:27,834  INFO [main] parse.CalcitePlanner: Creating table default.nonAcidOrcTbl2 position=13
2024-04-24T01:09:27,834  INFO [main] HiveMetaStore.audit: ugi=alex	ip=unknown-ip-addr	cmd=get_database: default	
2024-04-24T01:09:27,836  INFO [main] parse.CalcitePlanner: Ending caching scope for: 
2024-04-24T01:09:27,836  INFO [main] ql.Driver: Semantic Analysis Completed (retrial = false)
2024-04-24T01:09:27,836  INFO [main] ql.Driver: Created Hive schema: Schema(fieldSchemas:null, properties:null)
2024-04-24T01:09:27,836  INFO [main] metadata.Hive: Dumping metastore api call timing information for : compilation phase
2024-04-24T01:09:27,836  INFO [main] metadata.Hive: Total time spent in each metastore function (ms): {commitTxn_(CommitTxnRequest)=11, isCompatibleWith_(Configuration)=0, getDatabase_(String)=2, getValidWriteIds_(List, String)=3, getValidTxns_(long)=0, flushCache_()=0, openTxn_(String, TxnType)=3}
2024-04-24T01:09:27,836  INFO [main] ql.Driver: Completed compiling command(queryId=alex_20240424010927_c970dcd9-b11c-4608-807e-bc2b11c9c37a); Time taken: 0.009 seconds
2024-04-24T01:09:27,836  INFO [main] lockmgr.DbTxnManager: Setting lock request transaction to txnid:10 for queryId=alex_20240424010927_c970dcd9-b11c-4608-807e-bc2b11c9c37a
2024-04-24T01:09:27,837  INFO [main] lockmgr.DbLockManager: Requesting lock for queryId=alex_20240424010927_c970dcd9-b11c-4608-807e-bc2b11c9c37a
2024-04-24T01:09:27,852  INFO [main] lockmgr.DbLockManager: Response to queryId=alex_20240424010927_c970dcd9-b11c-4608-807e-bc2b11c9c37a LockResponse(lockid:4, state:ACQUIRED)
2024-04-24T01:09:27,852  INFO [main] ql.Driver: Operation CREATETABLE obtained 1 locks
2024-04-24T01:09:27,853  INFO [main] ql.Driver: Executing command(queryId=alex_20240424010927_c970dcd9-b11c-4608-807e-bc2b11c9c37a): create table nonAcidOrcTbl2(a int, b int) clustered by (a) into 2 buckets stored as orc TBLPROPERTIES ('transactional'='false')
2024-04-24T01:09:27,853  INFO [main] ql.Driver: Starting task [Stage-0:DDL] in serial mode
2024-04-24T01:09:27,854  INFO [main] HiveMetaStore.audit: ugi=alex	ip=unknown-ip-addr	cmd=create_table_req: Table(tableName:nonAcidOrcTbl2, dbName:default, owner:alex, createTime:1713946167, lastAccessTime:0, retention:0, sd:StorageDescriptor(cols:[FieldSchema(name:a, type:int, comment:null), FieldSchema(name:b, type:int, comment:null)], location:null, inputFormat:org.apache.hadoop.hive.ql.io.orc.OrcInputFormat, outputFormat:org.apache.hadoop.hive.ql.io.orc.OrcOutputFormat, compressed:false, numBuckets:2, serdeInfo:SerDeInfo(name:null, serializationLib:org.apache.hadoop.hive.ql.io.orc.OrcSerde, parameters:{serialization.format=1}), bucketCols:[a], sortCols:[], parameters:{}, skewedInfo:SkewedInfo(skewedColNames:[], skewedColValues:[], skewedColValueLocationMaps:{}), storedAsSubDirectories:false), partitionKeys:[], parameters:{numFilesErasureCoded=0, numFiles=0, transactional=false, totalSize=0, COLUMN_STATS_ACCURATE={"BASIC_STATS":"true","COLUMN_STATS":{"a":"true","b":"true"}}, numRows=0, bucketing_version=2, rawDataSize=0}, viewOriginalText:null, viewExpandedText:null, tableType:MANAGED_TABLE, privileges:PrincipalPrivilegeSet(userPrivileges:{alex=[PrivilegeGrantInfo(privilege:INSERT, createTime:-1, grantor:alex, grantorType:USER, grantOption:true), PrivilegeGrantInfo(privilege:SELECT, createTime:-1, grantor:alex, grantorType:USER, grantOption:true), PrivilegeGrantInfo(privilege:UPDATE, createTime:-1, grantor:alex, grantorType:USER, grantOption:true), PrivilegeGrantInfo(privilege:DELETE, createTime:-1, grantor:alex, grantorType:USER, grantOption:true)]}, groupPrivileges:null, rolePrivileges:null), temporary:false, catName:hive, ownerType:USER)	
2024-04-24T01:09:27,859  INFO [main] utils.FileUtils: Creating directory if it doesn't exist: file:/home/alex/Repositories/hive/ql/target/tmp/org.apache.hadoop.hive.ql.TestTxnCommands-1713946100941/warehouse/nonacidorctbl2
2024-04-24T01:09:27,874  INFO [main] metadata.Hive: Dumping metastore api call timing information for : execution phase
2024-04-24T01:09:27,874  INFO [main] metadata.Hive: Total time spent in each metastore function (ms): {createTable_(Table)=21, isCompatibleWith_(Configuration)=0}
2024-04-24T01:09:27,874  INFO [main] ql.Driver: Completed executing command(queryId=alex_20240424010927_c970dcd9-b11c-4608-807e-bc2b11c9c37a); Time taken: 0.021 seconds
2024-04-24T01:09:27,874  INFO [main] lockmgr.DbTxnManager: Stopped heartbeat for query: alex_20240424010927_c970dcd9-b11c-4608-807e-bc2b11c9c37a
2024-04-24T01:09:27,879  INFO [main] txn.TxnHandler: Expected to move at least one record from txn_components to completed_txn_components when committing txn! txnid:10
2024-04-24T01:09:27,885  INFO [main] txn.TxnHandler: Removed transactions: ([10]) from MIN_HISTORY_LEVEL
2024-04-24T01:09:27,885  WARN [main] txn.CompactionTxnHandler: No compaction queue record found for Compaction type transaction commit. txnId:10
2024-04-24T01:09:27,886  INFO [main] ql.TxnCommandsBaseForTests: Running the query: create temporary  table acidTbl2(a int, b int, c int) clustered by (c) into 2 buckets stored as orc TBLPROPERTIES ('transactional'='true')
2024-04-24T01:09:27,886  INFO [main] ql.Driver: Compiling command(queryId=alex_20240424010927_38983b78-4452-465f-aeec-1f47bee7ec1f): create temporary  table acidTbl2(a int, b int, c int) clustered by (c) into 2 buckets stored as orc TBLPROPERTIES ('transactional'='true')
2024-04-24T01:09:27,889  INFO [main] txn.TxnHandler: Added entries to MIN_HISTORY_LEVEL for current txns: ([11]) with min_open_txn: 1
2024-04-24T01:09:27,889  INFO [main] lockmgr.DbTxnManager: Opened txnid:11
2024-04-24T01:09:27,890  INFO [main] parse.CalcitePlanner: Starting caching scope for: 
2024-04-24T01:09:27,890  INFO [main] parse.CalcitePlanner: Starting Semantic Analysis
2024-04-24T01:09:27,892  INFO [main] parse.CalcitePlanner: Creating table default.acidTbl2 position=24
2024-04-24T01:09:27,893  INFO [main] HiveMetaStore.audit: ugi=alex	ip=unknown-ip-addr	cmd=get_database: default	
2024-04-24T01:09:27,894  INFO [main] parse.CalcitePlanner: Ending caching scope for: 
2024-04-24T01:09:27,894  INFO [main] ql.Driver: Semantic Analysis Completed (retrial = false)
2024-04-24T01:09:27,894  INFO [main] ql.Driver: Created Hive schema: Schema(fieldSchemas:null, properties:null)
2024-04-24T01:09:27,894  INFO [main] metadata.Hive: Dumping metastore api call timing information for : compilation phase
2024-04-24T01:09:27,895  INFO [main] metadata.Hive: Total time spent in each metastore function (ms): {commitTxn_(CommitTxnRequest)=12, getValidWriteIds_(List, String)=2, openTxn_(String, TxnType)=2, getDatabase_(String)=1, isCompatibleWith_(Configuration)=0, getValidTxns_(long)=1, flushCache_()=0}
2024-04-24T01:09:27,895  INFO [main] ql.Driver: Completed compiling command(queryId=alex_20240424010927_38983b78-4452-465f-aeec-1f47bee7ec1f); Time taken: 0.008 seconds
2024-04-24T01:09:27,895  INFO [main] lockmgr.DbTxnManager: Setting lock request transaction to txnid:11 for queryId=alex_20240424010927_38983b78-4452-465f-aeec-1f47bee7ec1f
2024-04-24T01:09:27,895  INFO [main] lockmgr.DbLockManager: Requesting lock for queryId=alex_20240424010927_38983b78-4452-465f-aeec-1f47bee7ec1f
2024-04-24T01:09:27,911  INFO [main] lockmgr.DbLockManager: Response to queryId=alex_20240424010927_38983b78-4452-465f-aeec-1f47bee7ec1f LockResponse(lockid:5, state:ACQUIRED)
2024-04-24T01:09:27,911  INFO [main] ql.Driver: Operation CREATETABLE obtained 1 locks
2024-04-24T01:09:27,912  INFO [main] ql.Driver: Executing command(queryId=alex_20240424010927_38983b78-4452-465f-aeec-1f47bee7ec1f): create temporary  table acidTbl2(a int, b int, c int) clustered by (c) into 2 buckets stored as orc TBLPROPERTIES ('transactional'='true')
2024-04-24T01:09:27,912  INFO [main] ql.Driver: Starting task [Stage-0:DDL] in serial mode
2024-04-24T01:09:27,913  INFO [main] utils.FileUtils: Creating directory if it doesn't exist: file:/home/alex/Repositories/hive/ql/target/tmp/scratchdir/alex/c3c4f123-7b73-4e8a-b677-97398af783cd/_tmp_space.db/5cee4c80-603a-4ac5-8c9b-246d6d1d9ea9
2024-04-24T01:09:27,916  INFO [main] metadata.Hive: Dumping metastore api call timing information for : execution phase
2024-04-24T01:09:27,916  INFO [main] metadata.Hive: Total time spent in each metastore function (ms): {isCompatibleWith_(Configuration)=0, createTable_(Table)=3}
2024-04-24T01:09:27,916  INFO [main] ql.Driver: Completed executing command(queryId=alex_20240424010927_38983b78-4452-465f-aeec-1f47bee7ec1f); Time taken: 0.004 seconds
2024-04-24T01:09:27,916  INFO [main] lockmgr.DbTxnManager: Stopped heartbeat for query: alex_20240424010927_38983b78-4452-465f-aeec-1f47bee7ec1f
2024-04-24T01:09:27,921  INFO [main] txn.TxnHandler: Expected to move at least one record from txn_components to completed_txn_components when committing txn! txnid:11
2024-04-24T01:09:27,927  INFO [main] txn.TxnHandler: Removed transactions: ([11]) from MIN_HISTORY_LEVEL
2024-04-24T01:09:27,928  WARN [main] txn.CompactionTxnHandler: No compaction queue record found for Compaction type transaction commit. txnId:11
2024-04-24T01:09:27,928  INFO [main] ql.TxnCommandsBaseForTests: Running the query: create table nonAcidNonBucket(a int, b int) stored as orc TBLPROPERTIES ('transactional'='false')
2024-04-24T01:09:27,928  INFO [main] ql.Driver: Compiling command(queryId=alex_20240424010927_24271677-f399-453a-8f1a-c0aba48c5322): create table nonAcidNonBucket(a int, b int) stored as orc TBLPROPERTIES ('transactional'='false')
2024-04-24T01:09:27,931  INFO [main] txn.TxnHandler: Added entries to MIN_HISTORY_LEVEL for current txns: ([12]) with min_open_txn: 1
2024-04-24T01:09:27,931  INFO [main] lockmgr.DbTxnManager: Opened txnid:12
2024-04-24T01:09:27,932  INFO [main] parse.CalcitePlanner: Starting caching scope for: 
2024-04-24T01:09:27,932  INFO [main] parse.CalcitePlanner: Starting Semantic Analysis
2024-04-24T01:09:27,935  INFO [main] parse.CalcitePlanner: Creating table default.nonAcidNonBucket position=13
2024-04-24T01:09:27,935  INFO [main] HiveMetaStore.audit: ugi=alex	ip=unknown-ip-addr	cmd=get_database: default	
2024-04-24T01:09:27,937  INFO [main] parse.CalcitePlanner: Ending caching scope for: 
2024-04-24T01:09:27,937  INFO [main] ql.Driver: Semantic Analysis Completed (retrial = false)
2024-04-24T01:09:27,937  INFO [main] ql.Driver: Created Hive schema: Schema(fieldSchemas:null, properties:null)
2024-04-24T01:09:27,937  INFO [main] metadata.Hive: Dumping metastore api call timing information for : compilation phase
2024-04-24T01:09:27,937  INFO [main] metadata.Hive: Total time spent in each metastore function (ms): {getDatabase_(String)=2, flushCache_()=0, openTxn_(String, TxnType)=2, getValidWriteIds_(List, String)=3, commitTxn_(CommitTxnRequest)=11, getValidTxns_(long)=0, isCompatibleWith_(Configuration)=1}
2024-04-24T01:09:27,937  INFO [main] ql.Driver: Completed compiling command(queryId=alex_20240424010927_24271677-f399-453a-8f1a-c0aba48c5322); Time taken: 0.009 seconds
2024-04-24T01:09:27,937  INFO [main] lockmgr.DbTxnManager: Setting lock request transaction to txnid:12 for queryId=alex_20240424010927_24271677-f399-453a-8f1a-c0aba48c5322
2024-04-24T01:09:27,938  INFO [main] lockmgr.DbLockManager: Requesting lock for queryId=alex_20240424010927_24271677-f399-453a-8f1a-c0aba48c5322
2024-04-24T01:09:27,954  INFO [main] lockmgr.DbLockManager: Response to queryId=alex_20240424010927_24271677-f399-453a-8f1a-c0aba48c5322 LockResponse(lockid:6, state:ACQUIRED)
2024-04-24T01:09:27,954  INFO [main] ql.Driver: Operation CREATETABLE obtained 1 locks
2024-04-24T01:09:27,954  INFO [main] ql.Driver: Executing command(queryId=alex_20240424010927_24271677-f399-453a-8f1a-c0aba48c5322): create table nonAcidNonBucket(a int, b int) stored as orc TBLPROPERTIES ('transactional'='false')
2024-04-24T01:09:27,954  INFO [main] ql.Driver: Starting task [Stage-0:DDL] in serial mode
2024-04-24T01:09:27,955  INFO [main] HiveMetaStore.audit: ugi=alex	ip=unknown-ip-addr	cmd=create_table_req: Table(tableName:nonAcidNonBucket, dbName:default, owner:alex, createTime:1713946167, lastAccessTime:0, retention:0, sd:StorageDescriptor(cols:[FieldSchema(name:a, type:int, comment:null), FieldSchema(name:b, type:int, comment:null)], location:null, inputFormat:org.apache.hadoop.hive.ql.io.orc.OrcInputFormat, outputFormat:org.apache.hadoop.hive.ql.io.orc.OrcOutputFormat, compressed:false, numBuckets:-1, serdeInfo:SerDeInfo(name:null, serializationLib:org.apache.hadoop.hive.ql.io.orc.OrcSerde, parameters:{serialization.format=1}), bucketCols:[], sortCols:[], parameters:{}, skewedInfo:SkewedInfo(skewedColNames:[], skewedColValues:[], skewedColValueLocationMaps:{}), storedAsSubDirectories:false), partitionKeys:[], parameters:{COLUMN_STATS_ACCURATE={"BASIC_STATS":"true","COLUMN_STATS":{"a":"true","b":"true"}}, numFilesErasureCoded=0, numFiles=0, bucketing_version=2, numRows=0, transactional=false, totalSize=0, rawDataSize=0}, viewOriginalText:null, viewExpandedText:null, tableType:MANAGED_TABLE, privileges:PrincipalPrivilegeSet(userPrivileges:{alex=[PrivilegeGrantInfo(privilege:INSERT, createTime:-1, grantor:alex, grantorType:USER, grantOption:true), PrivilegeGrantInfo(privilege:SELECT, createTime:-1, grantor:alex, grantorType:USER, grantOption:true), PrivilegeGrantInfo(privilege:UPDATE, createTime:-1, grantor:alex, grantorType:USER, grantOption:true), PrivilegeGrantInfo(privilege:DELETE, createTime:-1, grantor:alex, grantorType:USER, grantOption:true)]}, groupPrivileges:null, rolePrivileges:null), temporary:false, catName:hive, ownerType:USER)	
2024-04-24T01:09:27,960  INFO [main] utils.FileUtils: Creating directory if it doesn't exist: file:/home/alex/Repositories/hive/ql/target/tmp/org.apache.hadoop.hive.ql.TestTxnCommands-1713946100941/warehouse/nonacidnonbucket
2024-04-24T01:09:27,974  INFO [main] metadata.Hive: Dumping metastore api call timing information for : execution phase
2024-04-24T01:09:27,974  INFO [main] metadata.Hive: Total time spent in each metastore function (ms): {createTable_(Table)=19, isCompatibleWith_(Configuration)=0}
2024-04-24T01:09:27,974  INFO [main] ql.Driver: Completed executing command(queryId=alex_20240424010927_24271677-f399-453a-8f1a-c0aba48c5322); Time taken: 0.02 seconds
2024-04-24T01:09:27,974  INFO [main] lockmgr.DbTxnManager: Stopped heartbeat for query: alex_20240424010927_24271677-f399-453a-8f1a-c0aba48c5322
2024-04-24T01:09:27,978  INFO [main] txn.TxnHandler: Expected to move at least one record from txn_components to completed_txn_components when committing txn! txnid:12
2024-04-24T01:09:27,984  INFO [main] txn.TxnHandler: Removed transactions: ([12]) from MIN_HISTORY_LEVEL
2024-04-24T01:09:27,985  WARN [main] txn.CompactionTxnHandler: No compaction queue record found for Compaction type transaction commit. txnId:12
2024-04-24T01:09:27,985  INFO [main] ql.TxnCommandsBaseForTests: Running the query: drop table if exists `aci/d_u/ami`
2024-04-24T01:09:27,985  INFO [main] ql.Driver: Compiling command(queryId=alex_20240424010927_5ef6b21a-931f-4bf6-9a50-9db10147ab81): drop table if exists `aci/d_u/ami`
2024-04-24T01:09:27,987  INFO [main] txn.TxnHandler: Added entries to MIN_HISTORY_LEVEL for current txns: ([13]) with min_open_txn: 1
2024-04-24T01:09:27,988  INFO [main] lockmgr.DbTxnManager: Opened txnid:13
2024-04-24T01:09:27,988  INFO [main] HiveMetaStore.audit: ugi=alex	ip=unknown-ip-addr	cmd=get_table : tbl=hive.default.aci/d_u/ami	
2024-04-24T01:09:27,992  INFO [main] ql.Driver: Semantic Analysis Completed (retrial = false)
2024-04-24T01:09:27,992  INFO [main] ql.Driver: Created Hive schema: Schema(fieldSchemas:null, properties:null)
2024-04-24T01:09:27,992  INFO [main] metadata.Hive: Dumping metastore api call timing information for : compilation phase
2024-04-24T01:09:27,993  INFO [main] metadata.Hive: Total time spent in each metastore function (ms): {getValidTxns_(long)=0, commitTxn_(CommitTxnRequest)=11, openTxn_(String, TxnType)=2, isCompatibleWith_(Configuration)=0, flushCache_()=0}
2024-04-24T01:09:27,993  INFO [main] ql.Driver: Completed compiling command(queryId=alex_20240424010927_5ef6b21a-931f-4bf6-9a50-9db10147ab81); Time taken: 0.007 seconds
2024-04-24T01:09:27,993  INFO [main] lockmgr.DbTxnManager: Setting lock request transaction to txnid:13 for queryId=alex_20240424010927_5ef6b21a-931f-4bf6-9a50-9db10147ab81
2024-04-24T01:09:27,993  INFO [main] ql.Driver: Operation DROPTABLE obtained 0 locks
2024-04-24T01:09:27,993  INFO [main] ql.Driver: Executing command(queryId=alex_20240424010927_5ef6b21a-931f-4bf6-9a50-9db10147ab81): drop table if exists `aci/d_u/ami`
2024-04-24T01:09:27,994  INFO [main] ql.Driver: Starting task [Stage-0:DDL] in serial mode
2024-04-24T01:09:27,994  INFO [main] HiveMetaStore.audit: ugi=alex	ip=unknown-ip-addr	cmd=get_table : tbl=hive.default.aci/d_u/ami	
2024-04-24T01:09:27,998  INFO [main] metadata.Hive: Dumping metastore api call timing information for : execution phase
2024-04-24T01:09:27,998  INFO [main] metadata.Hive: Total time spent in each metastore function (ms): {isCompatibleWith_(Configuration)=0}
2024-04-24T01:09:27,999  INFO [main] ql.Driver: Completed executing command(queryId=alex_20240424010927_5ef6b21a-931f-4bf6-9a50-9db10147ab81); Time taken: 0.005 seconds
2024-04-24T01:09:27,999  INFO [main] lockmgr.DbTxnManager: Stopped heartbeat for query: alex_20240424010927_5ef6b21a-931f-4bf6-9a50-9db10147ab81
2024-04-24T01:09:28,004  INFO [main] txn.TxnHandler: Expected to move at least one record from txn_components to completed_txn_components when committing txn! txnid:13
2024-04-24T01:09:28,010  INFO [main] txn.TxnHandler: Removed transactions: ([13]) from MIN_HISTORY_LEVEL
2024-04-24T01:09:28,010  WARN [main] txn.CompactionTxnHandler: No compaction queue record found for Compaction type transaction commit. txnId:13
2024-04-24T01:09:28,011  INFO [main] ql.TxnCommandsBaseForTests: Running the query: drop table if exists `src/name`
2024-04-24T01:09:28,011  INFO [main] ql.Driver: Compiling command(queryId=alex_20240424010928_1ca7be5c-352c-45ff-a570-357fbcfad499): drop table if exists `src/name`
2024-04-24T01:09:28,014  INFO [main] txn.TxnHandler: Added entries to MIN_HISTORY_LEVEL for current txns: ([14]) with min_open_txn: 1
2024-04-24T01:09:28,014  INFO [main] lockmgr.DbTxnManager: Opened txnid:14
2024-04-24T01:09:28,015  INFO [main] HiveMetaStore.audit: ugi=alex	ip=unknown-ip-addr	cmd=get_table : tbl=hive.default.src/name	
2024-04-24T01:09:28,017  INFO [main] ql.Driver: Semantic Analysis Completed (retrial = false)
2024-04-24T01:09:28,017  INFO [main] ql.Driver: Created Hive schema: Schema(fieldSchemas:null, properties:null)
2024-04-24T01:09:28,017  INFO [main] metadata.Hive: Dumping metastore api call timing information for : compilation phase
2024-04-24T01:09:28,018  INFO [main] metadata.Hive: Total time spent in each metastore function (ms): {flushCache_()=0, openTxn_(String, TxnType)=2, getValidTxns_(long)=0, isCompatibleWith_(Configuration)=0, commitTxn_(CommitTxnRequest)=12}
2024-04-24T01:09:28,018  INFO [main] ql.Driver: Completed compiling command(queryId=alex_20240424010928_1ca7be5c-352c-45ff-a570-357fbcfad499); Time taken: 0.006 seconds
2024-04-24T01:09:28,018  INFO [main] lockmgr.DbTxnManager: Setting lock request transaction to txnid:14 for queryId=alex_20240424010928_1ca7be5c-352c-45ff-a570-357fbcfad499
2024-04-24T01:09:28,018  INFO [main] ql.Driver: Operation DROPTABLE obtained 0 locks
2024-04-24T01:09:28,018  INFO [main] ql.Driver: Executing command(queryId=alex_20240424010928_1ca7be5c-352c-45ff-a570-357fbcfad499): drop table if exists `src/name`
2024-04-24T01:09:28,018  INFO [main] ql.Driver: Starting task [Stage-0:DDL] in serial mode
2024-04-24T01:09:28,018  INFO [main] HiveMetaStore.audit: ugi=alex	ip=unknown-ip-addr	cmd=get_table : tbl=hive.default.src/name	
2024-04-24T01:09:28,021  INFO [main] metadata.Hive: Dumping metastore api call timing information for : execution phase
2024-04-24T01:09:28,021  INFO [main] metadata.Hive: Total time spent in each metastore function (ms): {isCompatibleWith_(Configuration)=0}
2024-04-24T01:09:28,022  INFO [main] ql.Driver: Completed executing command(queryId=alex_20240424010928_1ca7be5c-352c-45ff-a570-357fbcfad499); Time taken: 0.003 seconds
2024-04-24T01:09:28,022  INFO [main] lockmgr.DbTxnManager: Stopped heartbeat for query: alex_20240424010928_1ca7be5c-352c-45ff-a570-357fbcfad499
2024-04-24T01:09:28,027  INFO [main] txn.TxnHandler: Expected to move at least one record from txn_components to completed_txn_components when committing txn! txnid:14
2024-04-24T01:09:28,033  INFO [main] txn.TxnHandler: Removed transactions: ([14]) from MIN_HISTORY_LEVEL
2024-04-24T01:09:28,033  WARN [main] txn.CompactionTxnHandler: No compaction queue record found for Compaction type transaction commit. txnId:14
2024-04-24T01:09:28,034  INFO [main] ql.TxnCommandsBaseForTests: Running the query: create table `aci/d_u/ami`(i int,`d?*de e` decimal(5,2),vc varchar(128)) clustered by (i) into 2 buckets stored as orc TBLPROPERTIES ('transactional'='true')
2024-04-24T01:09:28,034  INFO [main] ql.Driver: Compiling command(queryId=alex_20240424010928_c78750ed-dd5e-4322-868d-5e602b11fe69): create table `aci/d_u/ami`(i int,`d?*de e` decimal(5,2),vc varchar(128)) clustered by (i) into 2 buckets stored as orc TBLPROPERTIES ('transactional'='true')
2024-04-24T01:09:28,037  INFO [main] txn.TxnHandler: Added entries to MIN_HISTORY_LEVEL for current txns: ([15]) with min_open_txn: 1
2024-04-24T01:09:28,037  INFO [main] lockmgr.DbTxnManager: Opened txnid:15
2024-04-24T01:09:28,037  INFO [main] parse.CalcitePlanner: Starting caching scope for: 
2024-04-24T01:09:28,037  INFO [main] parse.CalcitePlanner: Starting Semantic Analysis
2024-04-24T01:09:28,043  INFO [main] parse.CalcitePlanner: Creating table default.aci/d_u/ami position=13
2024-04-24T01:09:28,044  INFO [main] HiveMetaStore.audit: ugi=alex	ip=unknown-ip-addr	cmd=get_database: default	
2024-04-24T01:09:28,045  INFO [main] parse.CalcitePlanner: Ending caching scope for: 
2024-04-24T01:09:28,045  INFO [main] ql.Driver: Semantic Analysis Completed (retrial = false)
2024-04-24T01:09:28,045  INFO [main] ql.Driver: Created Hive schema: Schema(fieldSchemas:null, properties:null)
2024-04-24T01:09:28,045  INFO [main] metadata.Hive: Dumping metastore api call timing information for : compilation phase
2024-04-24T01:09:28,046  INFO [main] metadata.Hive: Total time spent in each metastore function (ms): {openTxn_(String, TxnType)=2, getValidWriteIds_(List, String)=5, getValidTxns_(long)=0, isCompatibleWith_(Configuration)=0, flushCache_()=1, getDatabase_(String)=2, commitTxn_(CommitTxnRequest)=11}
2024-04-24T01:09:28,046  INFO [main] ql.Driver: Completed compiling command(queryId=alex_20240424010928_c78750ed-dd5e-4322-868d-5e602b11fe69); Time taken: 0.011 seconds
2024-04-24T01:09:28,046  INFO [main] lockmgr.DbTxnManager: Setting lock request transaction to txnid:15 for queryId=alex_20240424010928_c78750ed-dd5e-4322-868d-5e602b11fe69
2024-04-24T01:09:28,046  INFO [main] lockmgr.DbLockManager: Requesting lock for queryId=alex_20240424010928_c78750ed-dd5e-4322-868d-5e602b11fe69
2024-04-24T01:09:28,069  INFO [main] lockmgr.DbLockManager: Response to queryId=alex_20240424010928_c78750ed-dd5e-4322-868d-5e602b11fe69 LockResponse(lockid:7, state:ACQUIRED)
2024-04-24T01:09:28,069  INFO [main] ql.Driver: Operation CREATETABLE obtained 1 locks
2024-04-24T01:09:28,070  INFO [main] ql.Driver: Executing command(queryId=alex_20240424010928_c78750ed-dd5e-4322-868d-5e602b11fe69): create table `aci/d_u/ami`(i int,`d?*de e` decimal(5,2),vc varchar(128)) clustered by (i) into 2 buckets stored as orc TBLPROPERTIES ('transactional'='true')
2024-04-24T01:09:28,070  INFO [main] ql.Driver: Starting task [Stage-0:DDL] in serial mode
2024-04-24T01:09:28,071  INFO [main] HiveMetaStore.audit: ugi=alex	ip=unknown-ip-addr	cmd=create_table_req: Table(tableName:aci/d_u/ami, dbName:default, owner:alex, createTime:1713946168, lastAccessTime:0, retention:0, sd:StorageDescriptor(cols:[FieldSchema(name:i, type:int, comment:null), FieldSchema(name:d?*de e, type:decimal(5,2), comment:null), FieldSchema(name:vc, type:varchar(128), comment:null)], location:null, inputFormat:org.apache.hadoop.hive.ql.io.orc.OrcInputFormat, outputFormat:org.apache.hadoop.hive.ql.io.orc.OrcOutputFormat, compressed:false, numBuckets:2, serdeInfo:SerDeInfo(name:null, serializationLib:org.apache.hadoop.hive.ql.io.orc.OrcSerde, parameters:{serialization.format=1}), bucketCols:[i], sortCols:[], parameters:{}, skewedInfo:SkewedInfo(skewedColNames:[], skewedColValues:[], skewedColValueLocationMaps:{}), storedAsSubDirectories:false), partitionKeys:[], parameters:{transactional=true, COLUMN_STATS_ACCURATE={"BASIC_STATS":"true","COLUMN_STATS":{"d?*de e":"true","i":"true","vc":"true"}}, totalSize=0, bucketing_version=2, numRows=0, numFiles=0, numFilesErasureCoded=0, rawDataSize=0}, viewOriginalText:null, viewExpandedText:null, tableType:MANAGED_TABLE, privileges:PrincipalPrivilegeSet(userPrivileges:{alex=[PrivilegeGrantInfo(privilege:INSERT, createTime:-1, grantor:alex, grantorType:USER, grantOption:true), PrivilegeGrantInfo(privilege:SELECT, createTime:-1, grantor:alex, grantorType:USER, grantOption:true), PrivilegeGrantInfo(privilege:UPDATE, createTime:-1, grantor:alex, grantorType:USER, grantOption:true), PrivilegeGrantInfo(privilege:DELETE, createTime:-1, grantor:alex, grantorType:USER, grantOption:true)]}, groupPrivileges:null, rolePrivileges:null), temporary:false, catName:hive, ownerType:USER, writeId:0)	
2024-04-24T01:09:28,081  INFO [main] utils.FileUtils: Creating directory if it doesn't exist: file:/home/alex/Repositories/hive/ql/target/tmp/org.apache.hadoop.hive.ql.TestTxnCommands-1713946100941/warehouse/aci-47-d_u-47-ami
2024-04-24T01:09:28,104  INFO [main] metadata.Hive: Dumping metastore api call timing information for : execution phase
2024-04-24T01:09:28,104  INFO [main] metadata.Hive: Total time spent in each metastore function (ms): {createTable_(Table)=33, isCompatibleWith_(Configuration)=0}
2024-04-24T01:09:28,104  INFO [main] ql.Driver: Completed executing command(queryId=alex_20240424010928_c78750ed-dd5e-4322-868d-5e602b11fe69); Time taken: 0.034 seconds
2024-04-24T01:09:28,104  INFO [main] lockmgr.DbTxnManager: Stopped heartbeat for query: alex_20240424010928_c78750ed-dd5e-4322-868d-5e602b11fe69
2024-04-24T01:09:28,109  INFO [main] txn.TxnHandler: Expected to move at least one record from txn_components to completed_txn_components when committing txn! txnid:15
2024-04-24T01:09:28,116  INFO [main] txn.TxnHandler: Removed transactions: ([15]) from MIN_HISTORY_LEVEL
2024-04-24T01:09:28,116  WARN [main] txn.CompactionTxnHandler: No compaction queue record found for Compaction type transaction commit. txnId:15
2024-04-24T01:09:28,117  INFO [main] ql.TxnCommandsBaseForTests: Running the query: create table `src/name`(gh int, j decimal(5,2), k varchar(128))
2024-04-24T01:09:28,117  INFO [main] ql.Driver: Compiling command(queryId=alex_20240424010928_c8f8e077-876a-4f0c-92b0-a4c1c32d5992): create table `src/name`(gh int, j decimal(5,2), k varchar(128))
2024-04-24T01:09:28,120  INFO [main] txn.TxnHandler: Added entries to MIN_HISTORY_LEVEL for current txns: ([16]) with min_open_txn: 1
2024-04-24T01:09:28,121  INFO [main] lockmgr.DbTxnManager: Opened txnid:16
2024-04-24T01:09:28,121  INFO [main] parse.CalcitePlanner: Starting caching scope for: 
2024-04-24T01:09:28,122  INFO [main] parse.CalcitePlanner: Starting Semantic Analysis
2024-04-24T01:09:28,124  INFO [main] parse.CalcitePlanner: Creating table default.src/name position=13
2024-04-24T01:09:28,125  INFO [main] HiveMetaStore.audit: ugi=alex	ip=unknown-ip-addr	cmd=get_database: default	
2024-04-24T01:09:28,126  INFO [main] parse.CalcitePlanner: Ending caching scope for: 
2024-04-24T01:09:28,126  INFO [main] ql.Driver: Semantic Analysis Completed (retrial = false)
2024-04-24T01:09:28,126  INFO [main] ql.Driver: Created Hive schema: Schema(fieldSchemas:null, properties:null)
2024-04-24T01:09:28,126  INFO [main] metadata.Hive: Dumping metastore api call timing information for : compilation phase
2024-04-24T01:09:28,126  INFO [main] metadata.Hive: Total time spent in each metastore function (ms): {getDatabase_(String)=2, commitTxn_(CommitTxnRequest)=12, openTxn_(String, TxnType)=3, getValidWriteIds_(List, String)=2, isCompatibleWith_(Configuration)=0, flushCache_()=0, getValidTxns_(long)=0}
2024-04-24T01:09:28,127  INFO [main] ql.Driver: Completed compiling command(queryId=alex_20240424010928_c8f8e077-876a-4f0c-92b0-a4c1c32d5992); Time taken: 0.009 seconds
2024-04-24T01:09:28,127  INFO [main] lockmgr.DbTxnManager: Setting lock request transaction to txnid:16 for queryId=alex_20240424010928_c8f8e077-876a-4f0c-92b0-a4c1c32d5992
2024-04-24T01:09:28,127  INFO [main] lockmgr.DbLockManager: Requesting lock for queryId=alex_20240424010928_c8f8e077-876a-4f0c-92b0-a4c1c32d5992
2024-04-24T01:09:28,142  INFO [main] lockmgr.DbLockManager: Response to queryId=alex_20240424010928_c8f8e077-876a-4f0c-92b0-a4c1c32d5992 LockResponse(lockid:8, state:ACQUIRED)
2024-04-24T01:09:28,142  INFO [main] ql.Driver: Operation CREATETABLE obtained 1 locks
2024-04-24T01:09:28,142  INFO [main] ql.Driver: Executing command(queryId=alex_20240424010928_c8f8e077-876a-4f0c-92b0-a4c1c32d5992): create table `src/name`(gh int, j decimal(5,2), k varchar(128))
2024-04-24T01:09:28,142  INFO [main] ql.Driver: Starting task [Stage-0:DDL] in serial mode
2024-04-24T01:09:28,143  INFO [main] HiveMetaStore.audit: ugi=alex	ip=unknown-ip-addr	cmd=create_table_req: Table(tableName:src/name, dbName:default, owner:alex, createTime:1713946168, lastAccessTime:0, retention:0, sd:StorageDescriptor(cols:[FieldSchema(name:gh, type:int, comment:null), FieldSchema(name:j, type:decimal(5,2), comment:null), FieldSchema(name:k, type:varchar(128), comment:null)], location:null, inputFormat:org.apache.hadoop.mapred.TextInputFormat, outputFormat:org.apache.hadoop.hive.ql.io.HiveIgnoreKeyTextOutputFormat, compressed:false, numBuckets:-1, serdeInfo:SerDeInfo(name:null, serializationLib:org.apache.hadoop.hive.serde2.lazy.LazySimpleSerDe, parameters:{serialization.format=1}), bucketCols:[], sortCols:[], parameters:{}, skewedInfo:SkewedInfo(skewedColNames:[], skewedColValues:[], skewedColValueLocationMaps:{}), storedAsSubDirectories:false), partitionKeys:[], parameters:{numFiles=0, COLUMN_STATS_ACCURATE={"BASIC_STATS":"true","COLUMN_STATS":{"gh":"true","j":"true","k":"true"}}, bucketing_version=2, numRows=0, rawDataSize=0, totalSize=0, numFilesErasureCoded=0}, viewOriginalText:null, viewExpandedText:null, tableType:MANAGED_TABLE, privileges:PrincipalPrivilegeSet(userPrivileges:{alex=[PrivilegeGrantInfo(privilege:INSERT, createTime:-1, grantor:alex, grantorType:USER, grantOption:true), PrivilegeGrantInfo(privilege:SELECT, createTime:-1, grantor:alex, grantorType:USER, grantOption:true), PrivilegeGrantInfo(privilege:UPDATE, createTime:-1, grantor:alex, grantorType:USER, grantOption:true), PrivilegeGrantInfo(privilege:DELETE, createTime:-1, grantor:alex, grantorType:USER, grantOption:true)]}, groupPrivileges:null, rolePrivileges:null), temporary:false, catName:hive, ownerType:USER)	
2024-04-24T01:09:28,149  INFO [main] utils.FileUtils: Creating directory if it doesn't exist: file:/home/alex/Repositories/hive/ql/target/tmp/org.apache.hadoop.hive.ql.TestTxnCommands-1713946100941/warehouse/src-47-name
2024-04-24T01:09:28,167  INFO [main] metadata.Hive: Dumping metastore api call timing information for : execution phase
2024-04-24T01:09:28,168  INFO [main] metadata.Hive: Total time spent in each metastore function (ms): {isCompatibleWith_(Configuration)=0, createTable_(Table)=24}
2024-04-24T01:09:28,168  INFO [main] ql.Driver: Completed executing command(queryId=alex_20240424010928_c8f8e077-876a-4f0c-92b0-a4c1c32d5992); Time taken: 0.025 seconds
2024-04-24T01:09:28,168  INFO [main] lockmgr.DbTxnManager: Stopped heartbeat for query: alex_20240424010928_c8f8e077-876a-4f0c-92b0-a4c1c32d5992
2024-04-24T01:09:28,172  INFO [main] txn.TxnHandler: Expected to move at least one record from txn_components to completed_txn_components when committing txn! txnid:16
2024-04-24T01:09:28,178  INFO [main] txn.TxnHandler: Removed transactions: ([16]) from MIN_HISTORY_LEVEL
2024-04-24T01:09:28,178  WARN [main] txn.CompactionTxnHandler: No compaction queue record found for Compaction type transaction commit. txnId:16
2024-04-24T01:09:28,179  INFO [main] ql.TxnCommandsBaseForTests: Running the query: merge into `aci/d_u/ami` as `d/8` using `src/name` as `a/b` on i=gh 
when matched and i > 5 then delete 
when matched then update set vc='blah' 
when not matched then insert values(1,2.1,'baz')
2024-04-24T01:09:28,179  INFO [main] ql.Driver: Compiling command(queryId=alex_20240424010928_f388661a-dcc5-401e-b0df-e579f79b0cec): merge into `aci/d_u/ami` as `d/8` using `src/name` as `a/b` on i=gh 
when matched and i > 5 then delete 
when matched then update set vc='blah' 
when not matched then insert values(1,2.1,'baz')
2024-04-24T01:09:28,182  INFO [main] txn.TxnHandler: Added entries to MIN_HISTORY_LEVEL for current txns: ([17]) with min_open_txn: 1
2024-04-24T01:09:28,183  INFO [main] lockmgr.DbTxnManager: Opened txnid:17
2024-04-24T01:09:28,183  INFO [main] parse.MergeSemanticAnalyzer: Starting caching scope for: 
2024-04-24T01:09:28,184  INFO [main] HiveMetaStore.audit: ugi=alex	ip=unknown-ip-addr	cmd=get_table : tbl=hive.default.aci/d_u/ami	
2024-04-24T01:09:28,203  INFO [main] metastore.HMSHandler: Skipping translation for processor with null
2024-04-24T01:09:28,204  INFO [main] HiveMetaStore.audit: ugi=alex	ip=unknown-ip-addr	cmd=get_table : tbl=hive.default.merge_tmp_table	
2024-04-24T01:09:28,207  INFO [main] utils.FileUtils: Creating directory if it doesn't exist: file:/home/alex/Repositories/hive/ql/target/tmp/scratchdir/alex/c3c4f123-7b73-4e8a-b677-97398af783cd/_tmp_space.db/merge_tmp_table
2024-04-24T01:09:28,211  INFO [main] parse.RewriteSemanticAnalyzer: Going to reparse <merge into `aci/d_u/ami` as `d/8` using `src/name` as `a/b` on i=gh 
when matched and i > 5 then delete 
when matched then update set vc='blah' 
when not matched then insert values(1,2.1,'baz')> as 
<FROM
  `default`.`aci/d_u/ami` `d/8`
  RIGHT OUTER JOIN
  `default`.`src/name` `a/b`
  ON `i`=`gh`
INSERT INTO `default`.`aci/d_u/ami`    -- delete clause
 SELECT `d/8`.ROW__ID 
   WHERE `i`=`gh` AND `i` > 5
 SORT BY `d/8`.ROW__ID 
INSERT INTO `default`.`aci/d_u/ami`    -- update clause(insert part)
 SELECT `d/8`.`i`, `d/8`.`d?*de e`, 'blah'
   WHERE `i`=`gh` AND NOT(`i` > 5)
INSERT INTO `default`.`aci/d_u/ami`    -- update clause (delete part)
 SELECT `d/8`.ROW__ID 
   WHERE `i`=`gh` AND NOT(`i` > 5)
 SORT BY `d/8`.ROW__ID 
INSERT INTO `default`.`aci/d_u/ami`    -- insert clause
  SELECT 1,2.1,'baz'
   WHERE `d/8`.`i` IS NULL
INSERT INTO merge_tmp_table
  SELECT cardinality_violation(`d/8`.ROW__ID)
 WHERE `i`=`gh` GROUP BY `d/8`.ROW__ID HAVING count(*) > 1>
2024-04-24T01:09:28,213  INFO [main] parse.MergeSemanticAnalyzer: Starting Semantic Analysis
2024-04-24T01:09:28,217  INFO [main] parse.MergeSemanticAnalyzer: Completed phase 1 of Semantic Analysis
2024-04-24T01:09:28,217  INFO [main] parse.MergeSemanticAnalyzer: Get metadata for source tables
2024-04-24T01:09:28,217  INFO [main] HiveMetaStore.audit: ugi=alex	ip=unknown-ip-addr	cmd=get_table : tbl=hive.default.aci/d_u/ami	
2024-04-24T01:09:28,224  INFO [main] metastore.HMSHandler: Skipping translation for processor with null
2024-04-24T01:09:28,225  INFO [main] HiveMetaStore.audit: ugi=alex	ip=unknown-ip-addr	cmd=get_table : tbl=hive.default.src/name	
2024-04-24T01:09:28,250  INFO [main] metastore.HMSHandler: Skipping translation for processor with null
2024-04-24T01:09:28,251  INFO [main] parse.MergeSemanticAnalyzer: Get metadata for subqueries
2024-04-24T01:09:28,251  INFO [main] parse.MergeSemanticAnalyzer: Get metadata for destination tables
2024-04-24T01:09:28,251  INFO [main] HiveMetaStore.audit: ugi=alex	ip=unknown-ip-addr	cmd=get_table : tbl=hive.default.aci/d_u/ami	
2024-04-24T01:09:28,258  INFO [main] metastore.HMSHandler: Skipping translation for processor with null
2024-04-24T01:09:28,258  INFO [main] HiveMetaStore.audit: ugi=alex	ip=unknown-ip-addr	cmd=get_table : tbl=hive.default.aci/d_u/ami	
2024-04-24T01:09:28,267  INFO [main] metastore.HMSHandler: Skipping translation for processor with null
2024-04-24T01:09:28,267  INFO [main] HiveMetaStore.audit: ugi=alex	ip=unknown-ip-addr	cmd=get_table : tbl=hive.default.aci/d_u/ami	
2024-04-24T01:09:28,274  INFO [main] metastore.HMSHandler: Skipping translation for processor with null
2024-04-24T01:09:28,274  INFO [main] HiveMetaStore.audit: ugi=alex	ip=unknown-ip-addr	cmd=get_table : tbl=hive.default.aci/d_u/ami	
2024-04-24T01:09:28,282  INFO [main] metastore.HMSHandler: Skipping translation for processor with null
2024-04-24T01:09:28,282  INFO [main] parse.MergeSemanticAnalyzer: Completed getting MetaData in Semantic Analysis
2024-04-24T01:09:28,282  INFO [main] parse.MergeSemanticAnalyzer: Disabling LLAP IO encode as ETL query is detected
2024-04-24T01:09:28,282  INFO [main] parse.MergeSemanticAnalyzer: Get metadata for source tables
2024-04-24T01:09:28,283  INFO [main] parse.MergeSemanticAnalyzer: Get metadata for subqueries
2024-04-24T01:09:28,283  INFO [main] parse.MergeSemanticAnalyzer: Get metadata for destination tables
2024-04-24T01:09:28,295  INFO [main] HiveMetaStore.audit: ugi=alex	ip=unknown-ip-addr	cmd=get_all_table_constraints : tbl=hive.default.aci/d_u/ami	
2024-04-24T01:09:28,331  INFO [main] HiveMetaStore.audit: ugi=alex	ip=unknown-ip-addr	cmd=get_all_table_constraints : tbl=hive.default.src/name	
2024-04-24T01:09:28,364  INFO [main] calcite.RelOptHiveTable: Calculating column statistics for default.aci/d_u/ami, projIndxSet: [0, 1], allowMissingStats: true
2024-04-24T01:09:28,365  INFO [main] HiveMetaStore.audit: ugi=alex	ip=unknown-ip-addr	cmd=get_table : tbl=hive.default.aci/d_u/ami	
2024-04-24T01:09:28,374  INFO [main] metastore.HMSHandler: Skipping translation for processor with null
2024-04-24T01:09:28,374  INFO [main] HiveMetaStore.audit: ugi=alex	ip=unknown-ip-addr	cmd=get_table : tbl=hive.default.aci/d_u/ami	
2024-04-24T01:09:28,384  INFO [main] metastore.HMSHandler: Skipping translation for processor with null
2024-04-24T01:09:28,384  INFO [main] HiveMetaStore.audit: ugi=alex	ip=unknown-ip-addr	cmd=get_table_statistics_req: table=hive.default.aci/d_u/ami	
2024-04-24T01:09:28,395  WARN [main] calcite.RelOptHiveTable: No Stats for default@aci/d_u/ami, Columns: i, d?*de e
No Stats for default@aci/d_u/ami, Columns: i, d?*de e
2024-04-24T01:09:28,395  INFO [main] SessionState: No Stats for default@aci/d_u/ami, Columns: i, d?*de e
2024-04-24T01:09:28,396  INFO [main] calcite.RelOptHiveTable: Calculating column statistics for default.src/name, projIndxSet: [0], allowMissingStats: true
2024-04-24T01:09:28,397  INFO [main] HiveMetaStore.audit: ugi=alex	ip=unknown-ip-addr	cmd=get_table : tbl=hive.default.src/name	
2024-04-24T01:09:28,408  INFO [main] metastore.HMSHandler: Skipping translation for processor with null
2024-04-24T01:09:28,408  INFO [main] HiveMetaStore.audit: ugi=alex	ip=unknown-ip-addr	cmd=get_table : tbl=hive.default.src/name	
2024-04-24T01:09:28,420  INFO [main] metastore.HMSHandler: Skipping translation for processor with null
2024-04-24T01:09:28,420  INFO [main] HiveMetaStore.audit: ugi=alex	ip=unknown-ip-addr	cmd=get_table_statistics_req: table=hive.default.src/name	
2024-04-24T01:09:28,432  WARN [main] calcite.RelOptHiveTable: No Stats for default@src/name, Columns: gh
No Stats for default@src/name, Columns: gh
2024-04-24T01:09:28,432  INFO [main] SessionState: No Stats for default@src/name, Columns: gh
2024-04-24T01:09:28,627  INFO [main] parse.MergeSemanticAnalyzer: Get metadata for source tables
2024-04-24T01:09:28,627  INFO [main] parse.MergeSemanticAnalyzer: Get metadata for subqueries
2024-04-24T01:09:28,627  INFO [main] parse.MergeSemanticAnalyzer: Get metadata for source tables
2024-04-24T01:09:28,627  INFO [main] parse.MergeSemanticAnalyzer: Get metadata for subqueries
2024-04-24T01:09:28,627  INFO [main] parse.MergeSemanticAnalyzer: Get metadata for source tables
2024-04-24T01:09:28,627  INFO [main] parse.MergeSemanticAnalyzer: Get metadata for subqueries
2024-04-24T01:09:28,627  INFO [main] parse.MergeSemanticAnalyzer: Get metadata for destination tables
2024-04-24T01:09:28,627  INFO [main] parse.MergeSemanticAnalyzer: Get metadata for source tables
2024-04-24T01:09:28,627  INFO [main] parse.MergeSemanticAnalyzer: Get metadata for subqueries
2024-04-24T01:09:28,628  INFO [main] parse.MergeSemanticAnalyzer: Get metadata for destination tables
2024-04-24T01:09:28,628  INFO [main] parse.MergeSemanticAnalyzer: Get metadata for destination tables
2024-04-24T01:09:28,628  INFO [main] parse.MergeSemanticAnalyzer: Get metadata for destination tables
2024-04-24T01:09:28,628  INFO [main] HiveMetaStore.audit: ugi=alex	ip=unknown-ip-addr	cmd=get_table : tbl=hive.default.aci/d_u/ami	
2024-04-24T01:09:28,635  INFO [main] metastore.HMSHandler: Skipping translation for processor with null
2024-04-24T01:09:28,635  INFO [main] HiveMetaStore.audit: ugi=alex	ip=unknown-ip-addr	cmd=get_table : tbl=hive.default.aci/d_u/ami	
2024-04-24T01:09:28,642  INFO [main] metastore.HMSHandler: Skipping translation for processor with null
2024-04-24T01:09:28,642  INFO [main] HiveMetaStore.audit: ugi=alex	ip=unknown-ip-addr	cmd=get_table : tbl=hive.default.aci/d_u/ami	
2024-04-24T01:09:28,651  INFO [main] metastore.HMSHandler: Skipping translation for processor with null
2024-04-24T01:09:28,651  INFO [main] HiveMetaStore.audit: ugi=alex	ip=unknown-ip-addr	cmd=get_table : tbl=hive.default.aci/d_u/ami	
2024-04-24T01:09:28,658  INFO [main] metastore.HMSHandler: Skipping translation for processor with null
2024-04-24T01:09:28,665 ERROR [main] parse.MergeSemanticAnalyzer: CBO failed, skipping CBO. 
org.apache.hadoop.hive.ql.exec.NoMatchingMethodException: No matching method for class org.apache.hadoop.hive.ql.udf.UDFToInteger with (struct<writeid:bigint,bucketid:int,rowid:bigint>). Possible choices: _FUNC_(bigint)  _FUNC_(boolean)  _FUNC_(decimal(38,18))  _FUNC_(double)  _FUNC_(float)  _FUNC_(smallint)  _FUNC_(string)  _FUNC_(struct<rowid:bigint,writeid:bigint,bucketid:int>)  _FUNC_(timestamp)  _FUNC_(tinyint)  _FUNC_(void)  
	at org.apache.hadoop.hive.ql.exec.MethodUtils.getMethodInternal(MethodUtils.java:130) ~[classes/:?]
	at org.apache.hadoop.hive.ql.exec.MethodUtils.getMethodInternal(MethodUtils.java:60) ~[classes/:?]
	at org.apache.hadoop.hive.ql.exec.DefaultUDFMethodResolver.getEvalMethod(DefaultUDFMethodResolver.java:59) ~[classes/:?]
	at org.apache.hadoop.hive.ql.udf.TimestampCastRestrictorResolver.getEvalMethod(TimestampCastRestrictorResolver.java:68) ~[classes/:?]
	at org.apache.hadoop.hive.ql.udf.generic.GenericUDFBridge.initialize(GenericUDFBridge.java:168) ~[classes/:?]
	at org.apache.hadoop.hive.ql.udf.generic.GenericUDF.initializeAndFoldConstants(GenericUDF.java:149) ~[classes/:?]
	at org.apache.hadoop.hive.ql.plan.ExprNodeGenericFuncDesc.newInstance(ExprNodeGenericFuncDesc.java:235) ~[classes/:?]
	at org.apache.hadoop.hive.ql.parse.type.ExprNodeDescExprFactory.createFuncCallExpr(ExprNodeDescExprFactory.java:584) ~[classes/:?]
	at org.apache.hadoop.hive.ql.parse.type.ExprNodeDescExprFactory.createFuncCallExpr(ExprNodeDescExprFactory.java:97) ~[classes/:?]
	at org.apache.hadoop.hive.ql.parse.type.TypeCheckProcFactory$DefaultExprProcessor.getFuncExprNodeDescWithUdfData(TypeCheckProcFactory.java:762) ~[classes/:?]
	at org.apache.hadoop.hive.ql.parse.type.TypeCheckProcFactory$DefaultExprProcessor.createConversionCast(TypeCheckProcFactory.java:783) ~[classes/:?]
	at org.apache.hadoop.hive.ql.parse.SemanticAnalyzer.getPartitionColsFromBucketColsForUpdateDelete(SemanticAnalyzer.java:8725) ~[classes/:?]
	at org.apache.hadoop.hive.ql.parse.SemanticAnalyzer.genBucketingSortingDest(SemanticAnalyzer.java:6906) ~[classes/:?]
	at org.apache.hadoop.hive.ql.parse.SemanticAnalyzer.genFileSinkPlan(SemanticAnalyzer.java:7335) ~[classes/:?]
	at org.apache.hadoop.hive.ql.parse.SemanticAnalyzer.genPostGroupByBodyPlan(SemanticAnalyzer.java:11063) ~[classes/:?]
	at org.apache.hadoop.hive.ql.parse.SemanticAnalyzer.genBodyPlan(SemanticAnalyzer.java:10938) ~[classes/:?]
	at org.apache.hadoop.hive.ql.parse.SemanticAnalyzer.genPlan(SemanticAnalyzer.java:11853) ~[classes/:?]
	at org.apache.hadoop.hive.ql.parse.SemanticAnalyzer.genPlan(SemanticAnalyzer.java:11723) ~[classes/:?]
	at org.apache.hadoop.hive.ql.parse.CalcitePlanner.genOPTree(CalcitePlanner.java:626) ~[classes/:?]
	at org.apache.hadoop.hive.ql.parse.SemanticAnalyzer.analyzeInternal(SemanticAnalyzer.java:12558) ~[classes/:?]
	at org.apache.hadoop.hive.ql.parse.CalcitePlanner.analyzeInternal(CalcitePlanner.java:456) ~[classes/:?]
	at org.apache.hadoop.hive.ql.parse.RewriteSemanticAnalyzer.analyzeInternal(RewriteSemanticAnalyzer.java:67) ~[classes/:?]
	at org.apache.hadoop.hive.ql.parse.BaseSemanticAnalyzer.analyze(BaseSemanticAnalyzer.java:317) ~[classes/:?]
	at org.apache.hadoop.hive.ql.parse.MergeSemanticAnalyzer.analyzeMerge(MergeSemanticAnalyzer.java:317) ~[classes/:?]
	at org.apache.hadoop.hive.ql.parse.MergeSemanticAnalyzer.analyze(MergeSemanticAnalyzer.java:63) ~[classes/:?]
	at org.apache.hadoop.hive.ql.parse.RewriteSemanticAnalyzer.analyzeInternal(RewriteSemanticAnalyzer.java:72) ~[classes/:?]
	at org.apache.hadoop.hive.ql.parse.BaseSemanticAnalyzer.analyze(BaseSemanticAnalyzer.java:317) ~[classes/:?]
	at org.apache.hadoop.hive.ql.Compiler.analyze(Compiler.java:223) ~[classes/:?]
	at org.apache.hadoop.hive.ql.Compiler.compile(Compiler.java:105) ~[classes/:?]
	at org.apache.hadoop.hive.ql.Driver.compile(Driver.java:500) ~[classes/:?]
	at org.apache.hadoop.hive.ql.Driver.compileInternal(Driver.java:453) ~[classes/:?]
	at org.apache.hadoop.hive.ql.Driver.runInternal(Driver.java:181) ~[classes/:?]
	at org.apache.hadoop.hive.ql.Driver.run(Driver.java:153) ~[classes/:?]
	at org.apache.hadoop.hive.ql.Driver.run(Driver.java:140) ~[classes/:?]
	at org.apache.hadoop.hive.ql.TxnCommandsBaseForTests.runStatementOnDriver(TxnCommandsBaseForTests.java:245) ~[test-classes/:?]
	at org.apache.hadoop.hive.ql.TestTxnCommands.testQuotedIdentifier(TestTxnCommands.java:1070) ~[test-classes/:?]
	at sun.reflect.NativeMethodAccessorImpl.invoke0(Native Method) ~[?:1.8.0_402]
	at sun.reflect.NativeMethodAccessorImpl.invoke(NativeMethodAccessorImpl.java:62) ~[?:1.8.0_402]
	at sun.reflect.DelegatingMethodAccessorImpl.invoke(DelegatingMethodAccessorImpl.java:43) ~[?:1.8.0_402]
	at java.lang.reflect.Method.invoke(Method.java:498) ~[?:1.8.0_402]
	at org.junit.runners.model.FrameworkMethod$1.runReflectiveCall(FrameworkMethod.java:59) ~[junit-4.13.jar:4.13]
	at org.junit.internal.runners.model.ReflectiveCallable.run(ReflectiveCallable.java:12) ~[junit-4.13.jar:4.13]
	at org.junit.runners.model.FrameworkMethod.invokeExplosively(FrameworkMethod.java:56) ~[junit-4.13.jar:4.13]
	at org.junit.internal.runners.statements.InvokeMethod.evaluate(InvokeMethod.java:17) ~[junit-4.13.jar:4.13]
	at org.junit.internal.runners.statements.RunBefores.evaluate(RunBefores.java:26) ~[junit-4.13.jar:4.13]
	at org.junit.internal.runners.statements.RunAfters.evaluate(RunAfters.java:27) ~[junit-4.13.jar:4.13]
	at org.junit.rules.TestWatcher$1.evaluate(TestWatcher.java:61) ~[junit-4.13.jar:4.13]
	at org.junit.runners.ParentRunner$3.evaluate(ParentRunner.java:306) ~[junit-4.13.jar:4.13]
	at org.junit.runners.BlockJUnit4ClassRunner$1.evaluate(BlockJUnit4ClassRunner.java:100) ~[junit-4.13.jar:4.13]
	at org.junit.runners.ParentRunner.runLeaf(ParentRunner.java:366) ~[junit-4.13.jar:4.13]
	at org.junit.runners.BlockJUnit4ClassRunner.runChild(BlockJUnit4ClassRunner.java:103) ~[junit-4.13.jar:4.13]
	at org.junit.runners.BlockJUnit4ClassRunner.runChild(BlockJUnit4ClassRunner.java:63) ~[junit-4.13.jar:4.13]
	at org.junit.runners.ParentRunner$4.run(ParentRunner.java:331) ~[junit-4.13.jar:4.13]
	at org.junit.runners.ParentRunner$1.schedule(ParentRunner.java:79) ~[junit-4.13.jar:4.13]
	at org.junit.runners.ParentRunner.runChildren(ParentRunner.java:329) ~[junit-4.13.jar:4.13]
	at org.junit.runners.ParentRunner.access$100(ParentRunner.java:66) ~[junit-4.13.jar:4.13]
	at org.junit.runners.ParentRunner$2.evaluate(ParentRunner.java:293) ~[junit-4.13.jar:4.13]
	at org.junit.runners.ParentRunner$3.evaluate(ParentRunner.java:306) ~[junit-4.13.jar:4.13]
	at org.junit.runners.ParentRunner.run(ParentRunner.java:413) ~[junit-4.13.jar:4.13]
	at org.junit.runner.JUnitCore.run(JUnitCore.java:137) ~[junit-4.13.jar:4.13]
	at org.junit.runner.JUnitCore.run(JUnitCore.java:115) ~[junit-4.13.jar:4.13]
	at org.junit.vintage.engine.execution.RunnerExecutor.execute(RunnerExecutor.java:43) ~[junit-vintage-engine-5.6.2.jar:5.6.2]
	at java.util.stream.ForEachOps$ForEachOp$OfRef.accept(ForEachOps.java:183) ~[?:1.8.0_402]
	at java.util.stream.ReferencePipeline$3$1.accept(ReferencePipeline.java:193) ~[?:1.8.0_402]
	at java.util.Iterator.forEachRemaining(Iterator.java:116) ~[?:1.8.0_402]
	at java.util.Spliterators$IteratorSpliterator.forEachRemaining(Spliterators.java:1801) ~[?:1.8.0_402]
	at java.util.stream.AbstractPipeline.copyInto(AbstractPipeline.java:482) ~[?:1.8.0_402]
	at java.util.stream.AbstractPipeline.wrapAndCopyInto(AbstractPipeline.java:472) ~[?:1.8.0_402]
	at java.util.stream.ForEachOps$ForEachOp.evaluateSequential(ForEachOps.java:150) ~[?:1.8.0_402]
	at java.util.stream.ForEachOps$ForEachOp$OfRef.evaluateSequential(ForEachOps.java:173) ~[?:1.8.0_402]
	at java.util.stream.AbstractPipeline.evaluate(AbstractPipeline.java:234) ~[?:1.8.0_402]
	at java.util.stream.ReferencePipeline.forEach(ReferencePipeline.java:485) ~[?:1.8.0_402]
	at org.junit.vintage.engine.VintageTestEngine.executeAllChildren(VintageTestEngine.java:82) ~[junit-vintage-engine-5.6.2.jar:5.6.2]
	at org.junit.vintage.engine.VintageTestEngine.execute(VintageTestEngine.java:73) ~[junit-vintage-engine-5.6.2.jar:5.6.2]
	at org.junit.platform.launcher.core.DefaultLauncher.execute(DefaultLauncher.java:248) ~[junit-platform-launcher-1.6.2.jar:1.6.2]
	at org.junit.platform.launcher.core.DefaultLauncher.lambda$execute$5(DefaultLauncher.java:211) ~[junit-platform-launcher-1.6.2.jar:1.6.2]
	at org.junit.platform.launcher.core.DefaultLauncher.withInterceptedStreams(DefaultLauncher.java:226) [junit-platform-launcher-1.6.2.jar:1.6.2]
	at org.junit.platform.launcher.core.DefaultLauncher.execute(DefaultLauncher.java:199) [junit-platform-launcher-1.6.2.jar:1.6.2]
	at org.junit.platform.launcher.core.DefaultLauncher.execute(DefaultLauncher.java:132) [junit-platform-launcher-1.6.2.jar:1.6.2]
	at org.apache.maven.surefire.junitplatform.JUnitPlatformProvider.invokeAllTests(JUnitPlatformProvider.java:154) [surefire-junit-platform-3.0.0-M4.jar:3.0.0-M4]
	at org.apache.maven.surefire.junitplatform.JUnitPlatformProvider.invoke(JUnitPlatformProvider.java:123) [surefire-junit-platform-3.0.0-M4.jar:3.0.0-M4]
	at org.apache.maven.surefire.booter.ForkedBooter.runSuitesInProcess(ForkedBooter.java:377) [surefire-booter-3.0.0-M4.jar:3.0.0-M4]
	at org.apache.maven.surefire.booter.ForkedBooter.execute(ForkedBooter.java:138) [surefire-booter-3.0.0-M4.jar:3.0.0-M4]
	at org.apache.maven.surefire.booter.ForkedBooter.run(ForkedBooter.java:465) [surefire-booter-3.0.0-M4.jar:3.0.0-M4]
	at org.apache.maven.surefire.booter.ForkedBooter.main(ForkedBooter.java:451) [surefire-booter-3.0.0-M4.jar:3.0.0-M4]
2024-04-24T01:09:28,666 ERROR [main] parse.MergeSemanticAnalyzer: CBO failed due to missing column stats (see previous errors), skipping CBO
2024-04-24T01:09:28,666  INFO [main] parse.MergeSemanticAnalyzer: Ending caching scope for: 
FAILED: NoMatchingMethodException No matching method for class org.apache.hadoop.hive.ql.udf.UDFToInteger with (struct<writeid:bigint,bucketid:int,rowid:bigint>). Possible choices: _FUNC_(bigint)  _FUNC_(boolean)  _FUNC_(decimal(38,18))  _FUNC_(double)  _FUNC_(float)  _FUNC_(smallint)  _FUNC_(string)  _FUNC_(struct<rowid:bigint,writeid:bigint,bucketid:int>)  _FUNC_(timestamp)  _FUNC_(tinyint)  _FUNC_(void)  
2024-04-24T01:09:28,666 ERROR [main] ql.Driver: FAILED: NoMatchingMethodException No matching method for class org.apache.hadoop.hive.ql.udf.UDFToInteger with (struct<writeid:bigint,bucketid:int,rowid:bigint>). Possible choices: _FUNC_(bigint)  _FUNC_(boolean)  _FUNC_(decimal(38,18))  _FUNC_(double)  _FUNC_(float)  _FUNC_(smallint)  _FUNC_(string)  _FUNC_(struct<rowid:bigint,writeid:bigint,bucketid:int>)  _FUNC_(timestamp)  _FUNC_(tinyint)  _FUNC_(void)  
org.apache.hadoop.hive.ql.exec.NoMatchingMethodException: No matching method for class org.apache.hadoop.hive.ql.udf.UDFToInteger with (struct<writeid:bigint,bucketid:int,rowid:bigint>). Possible choices: _FUNC_(bigint)  _FUNC_(boolean)  _FUNC_(decimal(38,18))  _FUNC_(double)  _FUNC_(float)  _FUNC_(smallint)  _FUNC_(string)  _FUNC_(struct<rowid:bigint,writeid:bigint,bucketid:int>)  _FUNC_(timestamp)  _FUNC_(tinyint)  _FUNC_(void)  
	at org.apache.hadoop.hive.ql.exec.MethodUtils.getMethodInternal(MethodUtils.java:130)
	at org.apache.hadoop.hive.ql.exec.MethodUtils.getMethodInternal(MethodUtils.java:60)
	at org.apache.hadoop.hive.ql.exec.DefaultUDFMethodResolver.getEvalMethod(DefaultUDFMethodResolver.java:59)
	at org.apache.hadoop.hive.ql.udf.TimestampCastRestrictorResolver.getEvalMethod(TimestampCastRestrictorResolver.java:68)
	at org.apache.hadoop.hive.ql.udf.generic.GenericUDFBridge.initialize(GenericUDFBridge.java:168)
	at org.apache.hadoop.hive.ql.udf.generic.GenericUDF.initializeAndFoldConstants(GenericUDF.java:149)
	at org.apache.hadoop.hive.ql.plan.ExprNodeGenericFuncDesc.newInstance(ExprNodeGenericFuncDesc.java:235)
	at org.apache.hadoop.hive.ql.parse.type.ExprNodeDescExprFactory.createFuncCallExpr(ExprNodeDescExprFactory.java:584)
	at org.apache.hadoop.hive.ql.parse.type.ExprNodeDescExprFactory.createFuncCallExpr(ExprNodeDescExprFactory.java:97)
	at org.apache.hadoop.hive.ql.parse.type.TypeCheckProcFactory$DefaultExprProcessor.getFuncExprNodeDescWithUdfData(TypeCheckProcFactory.java:762)
	at org.apache.hadoop.hive.ql.parse.type.TypeCheckProcFactory$DefaultExprProcessor.createConversionCast(TypeCheckProcFactory.java:783)
	at org.apache.hadoop.hive.ql.parse.SemanticAnalyzer.getPartitionColsFromBucketColsForUpdateDelete(SemanticAnalyzer.java:8725)
	at org.apache.hadoop.hive.ql.parse.SemanticAnalyzer.genBucketingSortingDest(SemanticAnalyzer.java:6906)
	at org.apache.hadoop.hive.ql.parse.SemanticAnalyzer.genFileSinkPlan(SemanticAnalyzer.java:7335)
	at org.apache.hadoop.hive.ql.parse.SemanticAnalyzer.genPostGroupByBodyPlan(SemanticAnalyzer.java:11063)
	at org.apache.hadoop.hive.ql.parse.SemanticAnalyzer.genBodyPlan(SemanticAnalyzer.java:10938)
	at org.apache.hadoop.hive.ql.parse.SemanticAnalyzer.genPlan(SemanticAnalyzer.java:11853)
	at org.apache.hadoop.hive.ql.parse.SemanticAnalyzer.genPlan(SemanticAnalyzer.java:11723)
	at org.apache.hadoop.hive.ql.parse.CalcitePlanner.genOPTree(CalcitePlanner.java:626)
	at org.apache.hadoop.hive.ql.parse.SemanticAnalyzer.analyzeInternal(SemanticAnalyzer.java:12558)
	at org.apache.hadoop.hive.ql.parse.CalcitePlanner.analyzeInternal(CalcitePlanner.java:456)
	at org.apache.hadoop.hive.ql.parse.RewriteSemanticAnalyzer.analyzeInternal(RewriteSemanticAnalyzer.java:67)
	at org.apache.hadoop.hive.ql.parse.BaseSemanticAnalyzer.analyze(BaseSemanticAnalyzer.java:317)
	at org.apache.hadoop.hive.ql.parse.MergeSemanticAnalyzer.analyzeMerge(MergeSemanticAnalyzer.java:317)
	at org.apache.hadoop.hive.ql.parse.MergeSemanticAnalyzer.analyze(MergeSemanticAnalyzer.java:63)
	at org.apache.hadoop.hive.ql.parse.RewriteSemanticAnalyzer.analyzeInternal(RewriteSemanticAnalyzer.java:72)
	at org.apache.hadoop.hive.ql.parse.BaseSemanticAnalyzer.analyze(BaseSemanticAnalyzer.java:317)
	at org.apache.hadoop.hive.ql.Compiler.analyze(Compiler.java:223)
	at org.apache.hadoop.hive.ql.Compiler.compile(Compiler.java:105)
	at org.apache.hadoop.hive.ql.Driver.compile(Driver.java:500)
	at org.apache.hadoop.hive.ql.Driver.compileInternal(Driver.java:453)
	at org.apache.hadoop.hive.ql.Driver.runInternal(Driver.java:181)
	at org.apache.hadoop.hive.ql.Driver.run(Driver.java:153)
	at org.apache.hadoop.hive.ql.Driver.run(Driver.java:140)
	at org.apache.hadoop.hive.ql.TxnCommandsBaseForTests.runStatementOnDriver(TxnCommandsBaseForTests.java:245)
	at org.apache.hadoop.hive.ql.TestTxnCommands.testQuotedIdentifier(TestTxnCommands.java:1070)
	at sun.reflect.NativeMethodAccessorImpl.invoke0(Native Method)
	at sun.reflect.NativeMethodAccessorImpl.invoke(NativeMethodAccessorImpl.java:62)
	at sun.reflect.DelegatingMethodAccessorImpl.invoke(DelegatingMethodAccessorImpl.java:43)
	at java.lang.reflect.Method.invoke(Method.java:498)
	at org.junit.runners.model.FrameworkMethod$1.runReflectiveCall(FrameworkMethod.java:59)
	at org.junit.internal.runners.model.ReflectiveCallable.run(ReflectiveCallable.java:12)
	at org.junit.runners.model.FrameworkMethod.invokeExplosively(FrameworkMethod.java:56)
	at org.junit.internal.runners.statements.InvokeMethod.evaluate(InvokeMethod.java:17)
	at org.junit.internal.runners.statements.RunBefores.evaluate(RunBefores.java:26)
	at org.junit.internal.runners.statements.RunAfters.evaluate(RunAfters.java:27)
	at org.junit.rules.TestWatcher$1.evaluate(TestWatcher.java:61)
	at org.junit.runners.ParentRunner$3.evaluate(ParentRunner.java:306)
	at org.junit.runners.BlockJUnit4ClassRunner$1.evaluate(BlockJUnit4ClassRunner.java:100)
	at org.junit.runners.ParentRunner.runLeaf(ParentRunner.java:366)
	at org.junit.runners.BlockJUnit4ClassRunner.runChild(BlockJUnit4ClassRunner.java:103)
	at org.junit.runners.BlockJUnit4ClassRunner.runChild(BlockJUnit4ClassRunner.java:63)
	at org.junit.runners.ParentRunner$4.run(ParentRunner.java:331)
	at org.junit.runners.ParentRunner$1.schedule(ParentRunner.java:79)
	at org.junit.runners.ParentRunner.runChildren(ParentRunner.java:329)
	at org.junit.runners.ParentRunner.access$100(ParentRunner.java:66)
	at org.junit.runners.ParentRunner$2.evaluate(ParentRunner.java:293)
	at org.junit.runners.ParentRunner$3.evaluate(ParentRunner.java:306)
	at org.junit.runners.ParentRunner.run(ParentRunner.java:413)
	at org.junit.runner.JUnitCore.run(JUnitCore.java:137)
	at org.junit.runner.JUnitCore.run(JUnitCore.java:115)
	at org.junit.vintage.engine.execution.RunnerExecutor.execute(RunnerExecutor.java:43)
	at java.util.stream.ForEachOps$ForEachOp$OfRef.accept(ForEachOps.java:183)
	at java.util.stream.ReferencePipeline$3$1.accept(ReferencePipeline.java:193)
	at java.util.Iterator.forEachRemaining(Iterator.java:116)
	at java.util.Spliterators$IteratorSpliterator.forEachRemaining(Spliterators.java:1801)
	at java.util.stream.AbstractPipeline.copyInto(AbstractPipeline.java:482)
	at java.util.stream.AbstractPipeline.wrapAndCopyInto(AbstractPipeline.java:472)
	at java.util.stream.ForEachOps$ForEachOp.evaluateSequential(ForEachOps.java:150)
	at java.util.stream.ForEachOps$ForEachOp$OfRef.evaluateSequential(ForEachOps.java:173)
	at java.util.stream.AbstractPipeline.evaluate(AbstractPipeline.java:234)
	at java.util.stream.ReferencePipeline.forEach(ReferencePipeline.java:485)
	at org.junit.vintage.engine.VintageTestEngine.executeAllChildren(VintageTestEngine.java:82)
	at org.junit.vintage.engine.VintageTestEngine.execute(VintageTestEngine.java:73)
	at org.junit.platform.launcher.core.DefaultLauncher.execute(DefaultLauncher.java:248)
	at org.junit.platform.launcher.core.DefaultLauncher.lambda$execute$5(DefaultLauncher.java:211)
	at org.junit.platform.launcher.core.DefaultLauncher.withInterceptedStreams(DefaultLauncher.java:226)
	at org.junit.platform.launcher.core.DefaultLauncher.execute(DefaultLauncher.java:199)
	at org.junit.platform.launcher.core.DefaultLauncher.execute(DefaultLauncher.java:132)
	at org.apache.maven.surefire.junitplatform.JUnitPlatformProvider.invokeAllTests(JUnitPlatformProvider.java:154)
	at org.apache.maven.surefire.junitplatform.JUnitPlatformProvider.invoke(JUnitPlatformProvider.java:123)
	at org.apache.maven.surefire.booter.ForkedBooter.runSuitesInProcess(ForkedBooter.java:377)
	at org.apache.maven.surefire.booter.ForkedBooter.execute(ForkedBooter.java:138)
	at org.apache.maven.surefire.booter.ForkedBooter.run(ForkedBooter.java:465)
	at org.apache.maven.surefire.booter.ForkedBooter.main(ForkedBooter.java:451)

2024-04-24T01:09:28,667  INFO [main] metadata.Hive: Dumping metastore api call timing information for : compilation phase
2024-04-24T01:09:28,667  INFO [main] metadata.Hive: Total time spent in each metastore function (ms): {getAllTableConstraints_(AllTableConstraintsRequest)=40, getTable_(GetTableRequest)=114, isCompatibleWith_(Configuration)=0, commitTxn_(CommitTxnRequest)=11, getTableColumnStatistics_(String, String, List, String)=67, flushCache_()=0, getValidTxns_(long)=0, openTxn_(String, TxnType)=3, getValidWriteIds_(List, String)=4, createTable_(Table)=4}
2024-04-24T01:09:28,667  INFO [main] ql.Driver: Completed compiling command(queryId=alex_20240424010928_f388661a-dcc5-401e-b0df-e579f79b0cec); Time taken: 0.488 seconds
2024-04-24T01:09:28,667  INFO [main] lockmgr.DbTxnManager: Stopped heartbeat for query: null
2024-04-24T01:09:28,671  INFO [main] txn.TxnHandler: Removed transactions: ([17]) from MIN_HISTORY_LEVEL
2024-04-24T01:09:28,679  INFO [main] ql.TxnCommandsBaseForTests: Running the query: drop table if exists acidTbl
2024-04-24T01:09:28,679  INFO [main] ql.Context: Deleting scratch dir: file:/home/alex/Repositories/hive/ql/target/tmp/localscratchdir/c3c4f123-7b73-4e8a-b677-97398af783cd/hive_2024-04-24_01-09-28_211_4243568326278212819-1
2024-04-24T01:09:28,680  INFO [main] ql.Driver: Compiling command(queryId=alex_20240424010928_a92681e5-62fa-467d-9c19-ffcf90009933): drop table if exists acidTbl
2024-04-24T01:09:28,682  INFO [main] txn.TxnHandler: Added entries to MIN_HISTORY_LEVEL for current txns: ([18]) with min_open_txn: 8
2024-04-24T01:09:28,682  INFO [main] lockmgr.DbTxnManager: Opened txnid:18
2024-04-24T01:09:28,683  INFO [main] HiveMetaStore.audit: ugi=alex	ip=unknown-ip-addr	cmd=get_table : tbl=hive.default.acidTbl	
2024-04-24T01:09:28,690  INFO [main] metastore.HMSHandler: Skipping translation for processor with null
2024-04-24T01:09:28,690  INFO [main] ql.Driver: Semantic Analysis Completed (retrial = false)
2024-04-24T01:09:28,690  INFO [main] ql.Driver: Created Hive schema: Schema(fieldSchemas:null, properties:null)
2024-04-24T01:09:28,690  INFO [main] metadata.Hive: Dumping metastore api call timing information for : compilation phase
2024-04-24T01:09:28,690  INFO [main] metadata.Hive: Total time spent in each metastore function (ms): {getTable_(GetTableRequest)=7, flushCache_()=0, rollbackTxn_(long)=12, openTxn_(String, TxnType)=2, isCompatibleWith_(Configuration)=0, getValidTxns_(long)=0}
2024-04-24T01:09:28,690  INFO [main] ql.Driver: Completed compiling command(queryId=alex_20240424010928_a92681e5-62fa-467d-9c19-ffcf90009933); Time taken: 0.01 seconds
2024-04-24T01:09:28,691  INFO [main] lockmgr.DbTxnManager: Setting lock request transaction to txnid:18 for queryId=alex_20240424010928_a92681e5-62fa-467d-9c19-ffcf90009933
2024-04-24T01:09:28,691  INFO [main] lockmgr.DbLockManager: Requesting lock for queryId=alex_20240424010928_a92681e5-62fa-467d-9c19-ffcf90009933
2024-04-24T01:09:28,706  INFO [main] lockmgr.DbLockManager: Response to queryId=alex_20240424010928_a92681e5-62fa-467d-9c19-ffcf90009933 LockResponse(lockid:9, state:ACQUIRED)
2024-04-24T01:09:28,706  INFO [main] ql.Driver: Operation DROPTABLE obtained 1 locks
2024-04-24T01:09:28,706  INFO [main] ql.Driver: Executing command(queryId=alex_20240424010928_a92681e5-62fa-467d-9c19-ffcf90009933): drop table if exists acidTbl
2024-04-24T01:09:28,706  INFO [main] ql.Driver: Starting task [Stage-0:DDL] in serial mode
2024-04-24T01:09:28,707  INFO [main] HiveMetaStore.audit: ugi=alex	ip=unknown-ip-addr	cmd=get_table : tbl=hive.default.acidTbl	
2024-04-24T01:09:28,713  INFO [main] metastore.HMSHandler: Skipping translation for processor with null
2024-04-24T01:09:28,713  INFO [main] HiveMetaStore.audit: ugi=alex	ip=unknown-ip-addr	cmd=get_table : tbl=hive.default.acidTbl	
2024-04-24T01:09:28,719  INFO [main] metastore.HMSHandler: Skipping translation for processor with null
2024-04-24T01:09:28,719  INFO [main] HiveMetaStore.audit: ugi=alex	ip=unknown-ip-addr	cmd=drop_table : tbl=hive.default.acidTbl	
2024-04-24T01:09:28,830  INFO [main] metadata.Hive: Dumping metastore api call timing information for : execution phase
2024-04-24T01:09:28,830  INFO [main] metadata.Hive: Total time spent in each metastore function (ms): {getTable_(GetTableRequest)=6, isCompatibleWith_(Configuration)=0, dropTable_(String, String, boolean, boolean, boolean)=116}
2024-04-24T01:09:28,830  INFO [main] ql.Driver: Completed executing command(queryId=alex_20240424010928_a92681e5-62fa-467d-9c19-ffcf90009933); Time taken: 0.124 seconds
2024-04-24T01:09:28,830  INFO [main] lockmgr.DbTxnManager: Stopped heartbeat for query: alex_20240424010928_a92681e5-62fa-467d-9c19-ffcf90009933
2024-04-24T01:09:28,835  INFO [main] txn.TxnHandler: Expected to move at least one record from txn_components to completed_txn_components when committing txn! txnid:18
2024-04-24T01:09:28,843  INFO [main] txn.TxnHandler: Removed transactions: ([18]) from MIN_HISTORY_LEVEL
2024-04-24T01:09:28,845  WARN [main] txn.CompactionTxnHandler: No compaction queue record found for Compaction type transaction commit. txnId:18
2024-04-24T01:09:28,846  INFO [main] ql.TxnCommandsBaseForTests: Running the query: drop table if exists acidTblPart
2024-04-24T01:09:28,846  INFO [main] ql.Driver: Compiling command(queryId=alex_20240424010928_24ba74f7-2204-4c7d-b627-0666defc51bf): drop table if exists acidTblPart
2024-04-24T01:09:28,849  INFO [main] txn.TxnHandler: Added entries to MIN_HISTORY_LEVEL for current txns: ([19]) with min_open_txn: 11
2024-04-24T01:09:28,849  INFO [main] lockmgr.DbTxnManager: Opened txnid:19
2024-04-24T01:09:28,850  INFO [main] HiveMetaStore.audit: ugi=alex	ip=unknown-ip-addr	cmd=get_table : tbl=hive.default.acidTblPart	
2024-04-24T01:09:28,858  INFO [main] metastore.HMSHandler: Skipping translation for processor with null
2024-04-24T01:09:28,858  INFO [main] ql.Driver: Semantic Analysis Completed (retrial = false)
2024-04-24T01:09:28,858  INFO [main] ql.Driver: Created Hive schema: Schema(fieldSchemas:null, properties:null)
2024-04-24T01:09:28,858  INFO [main] metadata.Hive: Dumping metastore api call timing information for : compilation phase
2024-04-24T01:09:28,858  INFO [main] metadata.Hive: Total time spent in each metastore function (ms): {flushCache_()=1, isCompatibleWith_(Configuration)=0, openTxn_(String, TxnType)=2, getTable_(GetTableRequest)=8, commitTxn_(CommitTxnRequest)=16, getValidTxns_(long)=1}
2024-04-24T01:09:28,858  INFO [main] ql.Driver: Completed compiling command(queryId=alex_20240424010928_24ba74f7-2204-4c7d-b627-0666defc51bf); Time taken: 0.012 seconds
2024-04-24T01:09:28,859  INFO [main] lockmgr.DbTxnManager: Setting lock request transaction to txnid:19 for queryId=alex_20240424010928_24ba74f7-2204-4c7d-b627-0666defc51bf
2024-04-24T01:09:28,859  INFO [main] lockmgr.DbLockManager: Requesting lock for queryId=alex_20240424010928_24ba74f7-2204-4c7d-b627-0666defc51bf
2024-04-24T01:09:28,876  INFO [main] lockmgr.DbLockManager: Response to queryId=alex_20240424010928_24ba74f7-2204-4c7d-b627-0666defc51bf LockResponse(lockid:10, state:ACQUIRED)
2024-04-24T01:09:28,876  INFO [main] ql.Driver: Operation DROPTABLE obtained 1 locks
2024-04-24T01:09:28,876  INFO [main] ql.Driver: Executing command(queryId=alex_20240424010928_24ba74f7-2204-4c7d-b627-0666defc51bf): drop table if exists acidTblPart
2024-04-24T01:09:28,876  INFO [main] ql.Driver: Starting task [Stage-0:DDL] in serial mode
2024-04-24T01:09:28,877  INFO [main] HiveMetaStore.audit: ugi=alex	ip=unknown-ip-addr	cmd=get_table : tbl=hive.default.acidTblPart	
2024-04-24T01:09:28,883  INFO [main] metastore.HMSHandler: Skipping translation for processor with null
2024-04-24T01:09:28,884  INFO [main] HiveMetaStore.audit: ugi=alex	ip=unknown-ip-addr	cmd=get_table : tbl=hive.default.acidTblPart	
2024-04-24T01:09:28,891  INFO [main] metastore.HMSHandler: Skipping translation for processor with null
2024-04-24T01:09:28,891  INFO [main] HiveMetaStore.audit: ugi=alex	ip=unknown-ip-addr	cmd=drop_table : tbl=hive.default.acidTblPart	
2024-04-24T01:09:28,939  INFO [main] metadata.Hive: Dumping metastore api call timing information for : execution phase
2024-04-24T01:09:28,939  INFO [main] metadata.Hive: Total time spent in each metastore function (ms): {getTable_(GetTableRequest)=7, dropTable_(String, String, boolean, boolean, boolean)=55, isCompatibleWith_(Configuration)=0}
2024-04-24T01:09:28,939  INFO [main] ql.Driver: Completed executing command(queryId=alex_20240424010928_24ba74f7-2204-4c7d-b627-0666defc51bf); Time taken: 0.063 seconds
2024-04-24T01:09:28,939  INFO [main] lockmgr.DbTxnManager: Stopped heartbeat for query: alex_20240424010928_24ba74f7-2204-4c7d-b627-0666defc51bf
2024-04-24T01:09:28,944  INFO [main] txn.TxnHandler: Expected to move at least one record from txn_components to completed_txn_components when committing txn! txnid:19
2024-04-24T01:09:28,951  INFO [main] txn.TxnHandler: Removed transactions: ([19]) from MIN_HISTORY_LEVEL
2024-04-24T01:09:28,951  WARN [main] txn.CompactionTxnHandler: No compaction queue record found for Compaction type transaction commit. txnId:19
2024-04-24T01:09:28,952  INFO [main] ql.TxnCommandsBaseForTests: Running the query: drop table if exists acidTbl2
2024-04-24T01:09:28,952  INFO [main] ql.Driver: Compiling command(queryId=alex_20240424010928_8c8c16cb-35bf-4616-be03-491bef7be888): drop table if exists acidTbl2
2024-04-24T01:09:28,955  INFO [main] txn.TxnHandler: Added entries to MIN_HISTORY_LEVEL for current txns: ([20]) with min_open_txn: 13
2024-04-24T01:09:28,955  INFO [main] lockmgr.DbTxnManager: Opened txnid:20
2024-04-24T01:09:28,956  INFO [main] ql.Driver: Semantic Analysis Completed (retrial = false)
2024-04-24T01:09:28,956  INFO [main] ql.Driver: Created Hive schema: Schema(fieldSchemas:null, properties:null)
2024-04-24T01:09:28,956  INFO [main] metadata.Hive: Dumping metastore api call timing information for : compilation phase
2024-04-24T01:09:28,956  INFO [main] metadata.Hive: Total time spent in each metastore function (ms): {isCompatibleWith_(Configuration)=0, openTxn_(String, TxnType)=2, getTable_(GetTableRequest)=0, commitTxn_(CommitTxnRequest)=13, flushCache_()=0, getValidTxns_(long)=1}
2024-04-24T01:09:28,957  INFO [main] ql.Driver: Completed compiling command(queryId=alex_20240424010928_8c8c16cb-35bf-4616-be03-491bef7be888); Time taken: 0.004 seconds
2024-04-24T01:09:28,957  INFO [main] lockmgr.DbTxnManager: Setting lock request transaction to txnid:20 for queryId=alex_20240424010928_8c8c16cb-35bf-4616-be03-491bef7be888
2024-04-24T01:09:28,957  INFO [main] ql.Driver: Operation DROPTABLE obtained 0 locks
2024-04-24T01:09:28,957  INFO [main] ql.Driver: Executing command(queryId=alex_20240424010928_8c8c16cb-35bf-4616-be03-491bef7be888): drop table if exists acidTbl2
2024-04-24T01:09:28,957  INFO [main] ql.Driver: Starting task [Stage-0:DDL] in serial mode
2024-04-24T01:09:28,958  INFO [main] metadata.SessionHiveMetaStoreClient: Column stats doesn't exist for db=default temp table=acidTbl2
2024-04-24T01:09:28,958  INFO [main] metadata.Hive: Dumping metastore api call timing information for : execution phase
2024-04-24T01:09:28,958  INFO [main] metadata.Hive: Total time spent in each metastore function (ms): {isCompatibleWith_(Configuration)=0, dropTable_(String, String, boolean, boolean, boolean)=1, getTable_(GetTableRequest)=0}
2024-04-24T01:09:28,958  INFO [main] ql.Driver: Completed executing command(queryId=alex_20240424010928_8c8c16cb-35bf-4616-be03-491bef7be888); Time taken: 0.001 seconds
2024-04-24T01:09:28,958  INFO [main] lockmgr.DbTxnManager: Stopped heartbeat for query: alex_20240424010928_8c8c16cb-35bf-4616-be03-491bef7be888
2024-04-24T01:09:28,965  INFO [main] txn.TxnHandler: Expected to move at least one record from txn_components to completed_txn_components when committing txn! txnid:20
2024-04-24T01:09:28,973  INFO [main] txn.TxnHandler: Removed transactions: ([20]) from MIN_HISTORY_LEVEL
2024-04-24T01:09:28,973  WARN [main] txn.CompactionTxnHandler: No compaction queue record found for Compaction type transaction commit. txnId:20
2024-04-24T01:09:28,974  INFO [main] ql.TxnCommandsBaseForTests: Running the query: drop table if exists nonAcidOrcTbl
2024-04-24T01:09:28,974  INFO [main] ql.Driver: Compiling command(queryId=alex_20240424010928_61a405da-6f4d-4154-9a99-60ddbc32d211): drop table if exists nonAcidOrcTbl
2024-04-24T01:09:28,976  INFO [main] txn.TxnHandler: Added entries to MIN_HISTORY_LEVEL for current txns: ([21]) with min_open_txn: 13
2024-04-24T01:09:28,977  INFO [main] lockmgr.DbTxnManager: Opened txnid:21
2024-04-24T01:09:28,978  INFO [main] HiveMetaStore.audit: ugi=alex	ip=unknown-ip-addr	cmd=get_table : tbl=hive.default.nonAcidOrcTbl	
2024-04-24T01:09:29,001  INFO [main] metastore.HMSHandler: Skipping translation for processor with null
2024-04-24T01:09:29,001  INFO [main] ql.Driver: Semantic Analysis Completed (retrial = false)
2024-04-24T01:09:29,002  INFO [main] ql.Driver: Created Hive schema: Schema(fieldSchemas:null, properties:null)
2024-04-24T01:09:29,002  INFO [main] metadata.Hive: Dumping metastore api call timing information for : compilation phase
2024-04-24T01:09:29,002  INFO [main] metadata.Hive: Total time spent in each metastore function (ms): {commitTxn_(CommitTxnRequest)=14, flushCache_()=0, getValidTxns_(long)=0, getTable_(GetTableRequest)=24, isCompatibleWith_(Configuration)=1, openTxn_(String, TxnType)=3}
2024-04-24T01:09:29,002  INFO [main] ql.Driver: Completed compiling command(queryId=alex_20240424010928_61a405da-6f4d-4154-9a99-60ddbc32d211); Time taken: 0.028 seconds
2024-04-24T01:09:29,002  INFO [main] lockmgr.DbTxnManager: Setting lock request transaction to txnid:21 for queryId=alex_20240424010928_61a405da-6f4d-4154-9a99-60ddbc32d211
2024-04-24T01:09:29,003  INFO [main] lockmgr.DbLockManager: Requesting lock for queryId=alex_20240424010928_61a405da-6f4d-4154-9a99-60ddbc32d211
2024-04-24T01:09:29,019  INFO [main] lockmgr.DbLockManager: Response to queryId=alex_20240424010928_61a405da-6f4d-4154-9a99-60ddbc32d211 LockResponse(lockid:11, state:ACQUIRED)
2024-04-24T01:09:29,019  INFO [main] ql.Driver: Operation DROPTABLE obtained 1 locks
2024-04-24T01:09:29,019  INFO [main] ql.Driver: Executing command(queryId=alex_20240424010928_61a405da-6f4d-4154-9a99-60ddbc32d211): drop table if exists nonAcidOrcTbl
2024-04-24T01:09:29,019  INFO [main] ql.Driver: Starting task [Stage-0:DDL] in serial mode
2024-04-24T01:09:29,019  INFO [main] HiveMetaStore.audit: ugi=alex	ip=unknown-ip-addr	cmd=get_table : tbl=hive.default.nonAcidOrcTbl	
2024-04-24T01:09:29,028  INFO [main] metastore.HMSHandler: Skipping translation for processor with null
2024-04-24T01:09:29,029  INFO [main] HiveMetaStore.audit: ugi=alex	ip=unknown-ip-addr	cmd=get_table : tbl=hive.default.nonAcidOrcTbl	
2024-04-24T01:09:29,037  INFO [main] metastore.HMSHandler: Skipping translation for processor with null
2024-04-24T01:09:29,037  INFO [main] HiveMetaStore.audit: ugi=alex	ip=unknown-ip-addr	cmd=drop_table : tbl=hive.default.nonAcidOrcTbl	
2024-04-24T01:09:29,143  INFO [main] metadata.Hive: Dumping metastore api call timing information for : execution phase
2024-04-24T01:09:29,143  INFO [main] metadata.Hive: Total time spent in each metastore function (ms): {dropTable_(String, String, boolean, boolean, boolean)=115, isCompatibleWith_(Configuration)=0, getTable_(GetTableRequest)=9}
2024-04-24T01:09:29,143  INFO [main] ql.Driver: Completed executing command(queryId=alex_20240424010928_61a405da-6f4d-4154-9a99-60ddbc32d211); Time taken: 0.124 seconds
2024-04-24T01:09:29,143  INFO [main] lockmgr.DbTxnManager: Stopped heartbeat for query: alex_20240424010928_61a405da-6f4d-4154-9a99-60ddbc32d211
2024-04-24T01:09:29,148  INFO [main] txn.TxnHandler: Expected to move at least one record from txn_components to completed_txn_components when committing txn! txnid:21
2024-04-24T01:09:29,156  INFO [main] txn.TxnHandler: Removed transactions: ([21]) from MIN_HISTORY_LEVEL
2024-04-24T01:09:29,156  WARN [main] txn.CompactionTxnHandler: No compaction queue record found for Compaction type transaction commit. txnId:21
2024-04-24T01:09:29,157  INFO [main] ql.TxnCommandsBaseForTests: Running the query: drop table if exists nonAcidOrcTbl2
2024-04-24T01:09:29,157  INFO [main] ql.Driver: Compiling command(queryId=alex_20240424010929_f280ab94-49f0-43de-aa34-749b67313bec): drop table if exists nonAcidOrcTbl2
2024-04-24T01:09:29,166  INFO [main] txn.TxnHandler: Added entries to MIN_HISTORY_LEVEL for current txns: ([22]) with min_open_txn: 17
2024-04-24T01:09:29,167  INFO [main] lockmgr.DbTxnManager: Opened txnid:22
2024-04-24T01:09:29,169  INFO [main] HiveMetaStore.audit: ugi=alex	ip=unknown-ip-addr	cmd=get_table : tbl=hive.default.nonAcidOrcTbl2	
2024-04-24T01:09:29,179  INFO [main] metastore.HMSHandler: Skipping translation for processor with null
2024-04-24T01:09:29,179  INFO [main] ql.Driver: Semantic Analysis Completed (retrial = false)
2024-04-24T01:09:29,179  INFO [main] ql.Driver: Created Hive schema: Schema(fieldSchemas:null, properties:null)
2024-04-24T01:09:29,179  INFO [main] metadata.Hive: Dumping metastore api call timing information for : compilation phase
2024-04-24T01:09:29,180  INFO [main] metadata.Hive: Total time spent in each metastore function (ms): {getValidTxns_(long)=2, getTable_(GetTableRequest)=10, isCompatibleWith_(Configuration)=0, openTxn_(String, TxnType)=8, commitTxn_(CommitTxnRequest)=14, flushCache_()=0}
2024-04-24T01:09:29,180  INFO [main] ql.Driver: Completed compiling command(queryId=alex_20240424010929_f280ab94-49f0-43de-aa34-749b67313bec); Time taken: 0.022 seconds
2024-04-24T01:09:29,180  INFO [main] lockmgr.DbTxnManager: Setting lock request transaction to txnid:22 for queryId=alex_20240424010929_f280ab94-49f0-43de-aa34-749b67313bec
2024-04-24T01:09:29,180  INFO [main] lockmgr.DbLockManager: Requesting lock for queryId=alex_20240424010929_f280ab94-49f0-43de-aa34-749b67313bec
2024-04-24T01:09:29,197  INFO [main] lockmgr.DbLockManager: Response to queryId=alex_20240424010929_f280ab94-49f0-43de-aa34-749b67313bec LockResponse(lockid:12, state:ACQUIRED)
2024-04-24T01:09:29,197  INFO [main] ql.Driver: Operation DROPTABLE obtained 1 locks
2024-04-24T01:09:29,197  INFO [main] ql.Driver: Executing command(queryId=alex_20240424010929_f280ab94-49f0-43de-aa34-749b67313bec): drop table if exists nonAcidOrcTbl2
2024-04-24T01:09:29,197  INFO [main] ql.Driver: Starting task [Stage-0:DDL] in serial mode
2024-04-24T01:09:29,198  INFO [main] HiveMetaStore.audit: ugi=alex	ip=unknown-ip-addr	cmd=get_table : tbl=hive.default.nonAcidOrcTbl2	
2024-04-24T01:09:29,207  INFO [main] metastore.HMSHandler: Skipping translation for processor with null
2024-04-24T01:09:29,207  INFO [main] HiveMetaStore.audit: ugi=alex	ip=unknown-ip-addr	cmd=get_table : tbl=hive.default.nonAcidOrcTbl2	
2024-04-24T01:09:29,217  INFO [main] metastore.HMSHandler: Skipping translation for processor with null
2024-04-24T01:09:29,217  INFO [main] HiveMetaStore.audit: ugi=alex	ip=unknown-ip-addr	cmd=drop_table : tbl=hive.default.nonAcidOrcTbl2	
2024-04-24T01:09:29,251  INFO [main] metadata.Hive: Dumping metastore api call timing information for : execution phase
2024-04-24T01:09:29,252  INFO [main] metadata.Hive: Total time spent in each metastore function (ms): {dropTable_(String, String, boolean, boolean, boolean)=44, isCompatibleWith_(Configuration)=1, getTable_(GetTableRequest)=9}
2024-04-24T01:09:29,252  INFO [main] ql.Driver: Completed executing command(queryId=alex_20240424010929_f280ab94-49f0-43de-aa34-749b67313bec); Time taken: 0.054 seconds
2024-04-24T01:09:29,252  INFO [main] lockmgr.DbTxnManager: Stopped heartbeat for query: alex_20240424010929_f280ab94-49f0-43de-aa34-749b67313bec
2024-04-24T01:09:29,398  INFO [main] txn.TxnHandler: Expected to move at least one record from txn_components to completed_txn_components when committing txn! txnid:22
2024-04-24T01:09:29,407  INFO [main] txn.TxnHandler: Removed transactions: ([22]) from MIN_HISTORY_LEVEL
2024-04-24T01:09:29,408  WARN [main] txn.CompactionTxnHandler: No compaction queue record found for Compaction type transaction commit. txnId:22
2024-04-24T01:09:29,409  INFO [main] ql.TxnCommandsBaseForTests: Running the query: drop table if exists nonAcidNonBucket
2024-04-24T01:09:29,409  INFO [main] ql.Driver: Compiling command(queryId=alex_20240424010929_281ce091-a2ab-4f9e-9ff3-d6925029850c): drop table if exists nonAcidNonBucket
2024-04-24T01:09:29,413  INFO [main] txn.TxnHandler: Added entries to MIN_HISTORY_LEVEL for current txns: ([23]) with min_open_txn: 18
2024-04-24T01:09:29,413  INFO [main] lockmgr.DbTxnManager: Opened txnid:23
2024-04-24T01:09:29,414  INFO [main] HiveMetaStore.audit: ugi=alex	ip=unknown-ip-addr	cmd=get_table : tbl=hive.default.nonAcidNonBucket	
2024-04-24T01:09:29,429  INFO [main] metastore.HMSHandler: Skipping translation for processor with null
2024-04-24T01:09:29,429  INFO [main] ql.Driver: Semantic Analysis Completed (retrial = false)
2024-04-24T01:09:29,429  INFO [main] ql.Driver: Created Hive schema: Schema(fieldSchemas:null, properties:null)
2024-04-24T01:09:29,429  INFO [main] metadata.Hive: Dumping metastore api call timing information for : compilation phase
2024-04-24T01:09:29,429  INFO [main] metadata.Hive: Total time spent in each metastore function (ms): {openTxn_(String, TxnType)=3, getTable_(GetTableRequest)=15, commitTxn_(CommitTxnRequest)=156, isCompatibleWith_(Configuration)=1, getValidTxns_(long)=0, flushCache_()=0}
2024-04-24T01:09:29,429  INFO [main] ql.Driver: Completed compiling command(queryId=alex_20240424010929_281ce091-a2ab-4f9e-9ff3-d6925029850c); Time taken: 0.02 seconds
2024-04-24T01:09:29,430  INFO [main] lockmgr.DbTxnManager: Setting lock request transaction to txnid:23 for queryId=alex_20240424010929_281ce091-a2ab-4f9e-9ff3-d6925029850c
2024-04-24T01:09:29,430  INFO [main] lockmgr.DbLockManager: Requesting lock for queryId=alex_20240424010929_281ce091-a2ab-4f9e-9ff3-d6925029850c
2024-04-24T01:09:29,447  INFO [main] lockmgr.DbLockManager: Response to queryId=alex_20240424010929_281ce091-a2ab-4f9e-9ff3-d6925029850c LockResponse(lockid:13, state:ACQUIRED)
2024-04-24T01:09:29,447  INFO [main] ql.Driver: Operation DROPTABLE obtained 1 locks
2024-04-24T01:09:29,448  INFO [main] ql.Driver: Executing command(queryId=alex_20240424010929_281ce091-a2ab-4f9e-9ff3-d6925029850c): drop table if exists nonAcidNonBucket
2024-04-24T01:09:29,448  INFO [main] ql.Driver: Starting task [Stage-0:DDL] in serial mode
2024-04-24T01:09:29,448  INFO [main] HiveMetaStore.audit: ugi=alex	ip=unknown-ip-addr	cmd=get_table : tbl=hive.default.nonAcidNonBucket	
2024-04-24T01:09:29,457  INFO [main] metastore.HMSHandler: Skipping translation for processor with null
2024-04-24T01:09:29,458  INFO [main] HiveMetaStore.audit: ugi=alex	ip=unknown-ip-addr	cmd=get_table : tbl=hive.default.nonAcidNonBucket	
2024-04-24T01:09:29,468  INFO [main] metastore.HMSHandler: Skipping translation for processor with null
2024-04-24T01:09:29,468  INFO [main] HiveMetaStore.audit: ugi=alex	ip=unknown-ip-addr	cmd=drop_table : tbl=hive.default.nonAcidNonBucket	
2024-04-24T01:09:29,507  INFO [main] metadata.Hive: Dumping metastore api call timing information for : execution phase
2024-04-24T01:09:29,507  INFO [main] metadata.Hive: Total time spent in each metastore function (ms): {dropTable_(String, String, boolean, boolean, boolean)=49, getTable_(GetTableRequest)=10, isCompatibleWith_(Configuration)=0}
2024-04-24T01:09:29,507  INFO [main] ql.Driver: Completed executing command(queryId=alex_20240424010929_281ce091-a2ab-4f9e-9ff3-d6925029850c); Time taken: 0.059 seconds
2024-04-24T01:09:29,507  INFO [main] lockmgr.DbTxnManager: Stopped heartbeat for query: alex_20240424010929_281ce091-a2ab-4f9e-9ff3-d6925029850c
2024-04-24T01:09:29,512  INFO [main] txn.TxnHandler: Expected to move at least one record from txn_components to completed_txn_components when committing txn! txnid:23
2024-04-24T01:09:29,519  INFO [main] txn.TxnHandler: Removed transactions: ([23]) from MIN_HISTORY_LEVEL
2024-04-24T01:09:29,519  WARN [main] txn.CompactionTxnHandler: No compaction queue record found for Compaction type transaction commit. txnId:23
2024-04-24T01:09:29,520  INFO [main] utils.TestTxnDbUtil: Cleaning transactional tables
]]></system-err>
  </testcase>
  <testcase name="testParallelTruncateAnalyzeStats" classname="org.apache.hadoop.hive.ql.TestTxnCommandsWithSplitUpdateAndVectorization" time="8.048"/>
  <testcase name="testMergeCardinalityViolation" classname="org.apache.hadoop.hive.ql.TestTxnCommandsWithSplitUpdateAndVectorization" time="7.106"/>
  <testcase name="testUpdateOfInserts" classname="org.apache.hadoop.hive.ql.TestTxnCommandsWithSplitUpdateAndVectorization" time="7.555">
    <error type="java.lang.RuntimeException"><![CDATA[java.lang.RuntimeException: update acidTbl set b = 1 where b != 1 failed: (responseCode = 40000, errorMessage = FAILED: NoMatchingMethodException No matching method for class org.apache.hadoop.hive.ql.udf.UDFToInteger with (struct<writeid:bigint,bucketid:int,rowid:bigint>). Possible choices: _FUNC_(bigint)  _FUNC_(boolean)  _FUNC_(decimal(38,18))  _FUNC_(double)  _FUNC_(float)  _FUNC_(smallint)  _FUNC_(string)  _FUNC_(struct<rowid:bigint,writeid:bigint,bucketid:int>)  _FUNC_(timestamp)  _FUNC_(tinyint)  _FUNC_(void)  , hiveErrorCode = 40000, SQLState = 42000, exception = No matching method for class org.apache.hadoop.hive.ql.udf.UDFToInteger with (struct<writeid:bigint,bucketid:int,rowid:bigint>). Possible choices: _FUNC_(bigint)  _FUNC_(boolean)  _FUNC_(decimal(38,18))  _FUNC_(double)  _FUNC_(float)  _FUNC_(smallint)  _FUNC_(string)  _FUNC_(struct<rowid:bigint,writeid:bigint,bucketid:int>)  _FUNC_(timestamp)  _FUNC_(tinyint)  _FUNC_(void)  )
	at org.apache.hadoop.hive.ql.TxnCommandsBaseForTests.runStatementOnDriver(TxnCommandsBaseForTests.java:247)
	at org.apache.hadoop.hive.ql.TestTxnCommands.testUpdateOfInserts(TestTxnCommands.java:862)
	at sun.reflect.NativeMethodAccessorImpl.invoke0(Native Method)
	at sun.reflect.NativeMethodAccessorImpl.invoke(NativeMethodAccessorImpl.java:62)
	at sun.reflect.DelegatingMethodAccessorImpl.invoke(DelegatingMethodAccessorImpl.java:43)
	at java.lang.reflect.Method.invoke(Method.java:498)
	at org.junit.runners.model.FrameworkMethod$1.runReflectiveCall(FrameworkMethod.java:59)
	at org.junit.internal.runners.model.ReflectiveCallable.run(ReflectiveCallable.java:12)
	at org.junit.runners.model.FrameworkMethod.invokeExplosively(FrameworkMethod.java:56)
	at org.junit.internal.runners.statements.InvokeMethod.evaluate(InvokeMethod.java:17)
	at org.junit.internal.runners.statements.RunBefores.evaluate(RunBefores.java:26)
	at org.junit.internal.runners.statements.RunAfters.evaluate(RunAfters.java:27)
	at org.junit.rules.TestWatcher$1.evaluate(TestWatcher.java:61)
	at org.junit.runners.ParentRunner$3.evaluate(ParentRunner.java:306)
	at org.junit.runners.BlockJUnit4ClassRunner$1.evaluate(BlockJUnit4ClassRunner.java:100)
	at org.junit.runners.ParentRunner.runLeaf(ParentRunner.java:366)
	at org.junit.runners.BlockJUnit4ClassRunner.runChild(BlockJUnit4ClassRunner.java:103)
	at org.junit.runners.BlockJUnit4ClassRunner.runChild(BlockJUnit4ClassRunner.java:63)
	at org.junit.runners.ParentRunner$4.run(ParentRunner.java:331)
	at org.junit.runners.ParentRunner$1.schedule(ParentRunner.java:79)
	at org.junit.runners.ParentRunner.runChildren(ParentRunner.java:329)
	at org.junit.runners.ParentRunner.access$100(ParentRunner.java:66)
	at org.junit.runners.ParentRunner$2.evaluate(ParentRunner.java:293)
	at org.junit.runners.ParentRunner$3.evaluate(ParentRunner.java:306)
	at org.junit.runners.ParentRunner.run(ParentRunner.java:413)
	at org.junit.runner.JUnitCore.run(JUnitCore.java:137)
	at org.junit.runner.JUnitCore.run(JUnitCore.java:115)
	at org.junit.vintage.engine.execution.RunnerExecutor.execute(RunnerExecutor.java:43)
	at java.util.stream.ForEachOps$ForEachOp$OfRef.accept(ForEachOps.java:183)
	at java.util.stream.ReferencePipeline$3$1.accept(ReferencePipeline.java:193)
	at java.util.Iterator.forEachRemaining(Iterator.java:116)
	at java.util.Spliterators$IteratorSpliterator.forEachRemaining(Spliterators.java:1801)
	at java.util.stream.AbstractPipeline.copyInto(AbstractPipeline.java:482)
	at java.util.stream.AbstractPipeline.wrapAndCopyInto(AbstractPipeline.java:472)
	at java.util.stream.ForEachOps$ForEachOp.evaluateSequential(ForEachOps.java:150)
	at java.util.stream.ForEachOps$ForEachOp$OfRef.evaluateSequential(ForEachOps.java:173)
	at java.util.stream.AbstractPipeline.evaluate(AbstractPipeline.java:234)
	at java.util.stream.ReferencePipeline.forEach(ReferencePipeline.java:485)
	at org.junit.vintage.engine.VintageTestEngine.executeAllChildren(VintageTestEngine.java:82)
	at org.junit.vintage.engine.VintageTestEngine.execute(VintageTestEngine.java:73)
	at org.junit.platform.launcher.core.DefaultLauncher.execute(DefaultLauncher.java:248)
	at org.junit.platform.launcher.core.DefaultLauncher.lambda$execute$5(DefaultLauncher.java:211)
	at org.junit.platform.launcher.core.DefaultLauncher.withInterceptedStreams(DefaultLauncher.java:226)
	at org.junit.platform.launcher.core.DefaultLauncher.execute(DefaultLauncher.java:199)
	at org.junit.platform.launcher.core.DefaultLauncher.execute(DefaultLauncher.java:132)
	at org.apache.maven.surefire.junitplatform.JUnitPlatformProvider.invokeAllTests(JUnitPlatformProvider.java:154)
	at org.apache.maven.surefire.junitplatform.JUnitPlatformProvider.invoke(JUnitPlatformProvider.java:123)
	at org.apache.maven.surefire.booter.ForkedBooter.runSuitesInProcess(ForkedBooter.java:377)
	at org.apache.maven.surefire.booter.ForkedBooter.execute(ForkedBooter.java:138)
	at org.apache.maven.surefire.booter.ForkedBooter.run(ForkedBooter.java:465)
	at org.apache.maven.surefire.booter.ForkedBooter.main(ForkedBooter.java:451)
]]></error>
    <system-err><![CDATA[2024-04-24T01:09:44,743  WARN [main] conf.HiveConf: HiveConf of name hive.stats.key.prefix.reserve.length does not exist
2024-04-24T01:09:44,743  WARN [main] conf.HiveConf: HiveConf of name hive.metastore.client.cache.maxSize does not exist
2024-04-24T01:09:44,743  WARN [main] conf.HiveConf: HiveConf of name hive.llap.io.cache.orc.alloc.max does not exist
2024-04-24T01:09:44,743  WARN [main] conf.HiveConf: HiveConf of name hive.metastore.client.cache.recordStats does not exist
2024-04-24T01:09:44,743  WARN [main] conf.HiveConf: HiveConf of name hive.llap.io.cache.orc.arena.size does not exist
2024-04-24T01:09:44,743  WARN [main] conf.HiveConf: HiveConf of name hive.llap.io.cache.orc.alloc.min does not exist
2024-04-24T01:09:44,743  WARN [main] conf.HiveConf: HiveConf of name hive.llap.io.cache.orc.size does not exist
2024-04-24T01:09:44,743  WARN [main] conf.HiveConf: HiveConf of name hive.dummyparam.test.server.specific.config.override does not exist
2024-04-24T01:09:44,743  WARN [main] conf.HiveConf: HiveConf of name hive.dummyparam.test.server.specific.config.hivesite does not exist
2024-04-24T01:09:44,743  WARN [main] conf.HiveConf: HiveConf of name hive.dummyparam.test.server.specific.config.metastoresite does not exist
2024-04-24T01:09:44,743  WARN [main] conf.HiveConf: HiveConf of name hive.metastore.metadb.dir does not exist
2024-04-24T01:09:44,745  INFO [main] utils.TestTxnDbUtil: Creating transactional tables
Hive Session ID = 4f767304-7e42-4d04-b6aa-1548410b71a2
2024-04-24T01:09:44,747  INFO [main] SessionState: Hive Session ID = 4f767304-7e42-4d04-b6aa-1548410b71a2
ivysettings.xml file not found in HIVE_HOME or HIVE_CONF_DIR,/home/alex/Repositories/hive/conf/ivysettings.xml will be used
2024-04-24T01:09:44,748  INFO [main] DependencyResolver: ivysettings.xml file not found in HIVE_HOME or HIVE_CONF_DIR,/home/alex/Repositories/hive/conf/ivysettings.xml will be used
2024-04-24T01:09:44,753  INFO [main] session.SessionState: Created HDFS directory: /home/alex/Repositories/hive/ql/target/tmp/scratchdir/alex/4f767304-7e42-4d04-b6aa-1548410b71a2
2024-04-24T01:09:44,755  INFO [main] session.SessionState: Created local directory: /home/alex/Repositories/hive/ql/target/tmp/localscratchdir/4f767304-7e42-4d04-b6aa-1548410b71a2
2024-04-24T01:09:44,757  INFO [main] session.SessionState: Created HDFS directory: /home/alex/Repositories/hive/ql/target/tmp/scratchdir/alex/4f767304-7e42-4d04-b6aa-1548410b71a2/_tmp_space.db
2024-04-24T01:09:44,758  INFO [main] sqlstd.SQLStdHiveAccessController: Created SQLStdHiveAccessController for session context : HiveAuthzSessionContext [sessionString=4f767304-7e42-4d04-b6aa-1548410b71a2, clientType=HIVECLI]
2024-04-24T01:09:44,758  INFO [main] ql.TxnCommandsBaseForTests: Running the query: drop table if exists acidTbl
2024-04-24T01:09:44,758  INFO [main] ql.Driver: Compiling command(queryId=alex_20240424010944_cb15a6f0-73b2-4d09-9612-c5f78d60e21c): drop table if exists acidTbl
2024-04-24T01:09:44,766  INFO [main] txn.TxnHandler: Added entries to MIN_HISTORY_LEVEL for current txns: ([1]) with min_open_txn: 1
2024-04-24T01:09:44,766  INFO [main] lockmgr.DbTxnManager: Opened txnid:1
2024-04-24T01:09:44,769  INFO [main] HiveMetaStore.audit: ugi=alex	ip=unknown-ip-addr	cmd=get_table : tbl=hive.default.acidTbl	
2024-04-24T01:09:44,775  INFO [main] ql.Driver: Semantic Analysis Completed (retrial = false)
2024-04-24T01:09:44,775  INFO [main] ql.Driver: Created Hive schema: Schema(fieldSchemas:null, properties:null)
2024-04-24T01:09:44,775  INFO [main] metadata.Hive: Dumping metastore api call timing information for : compilation phase
2024-04-24T01:09:44,775  INFO [main] metadata.Hive: Total time spent in each metastore function (ms): {isCompatibleWith_(Configuration)=0, flushCache_()=0, commitTxn_(CommitTxnRequest)=9, getValidTxns_(long)=2, openTxn_(String, TxnType)=7}
2024-04-24T01:09:44,775  INFO [main] ql.Driver: Completed compiling command(queryId=alex_20240424010944_cb15a6f0-73b2-4d09-9612-c5f78d60e21c); Time taken: 0.017 seconds
2024-04-24T01:09:44,776  INFO [main] lockmgr.DbTxnManager: Setting lock request transaction to txnid:1 for queryId=alex_20240424010944_cb15a6f0-73b2-4d09-9612-c5f78d60e21c
2024-04-24T01:09:44,776  INFO [main] ql.Driver: Operation DROPTABLE obtained 0 locks
2024-04-24T01:09:44,776  INFO [main] ql.Driver: Executing command(queryId=alex_20240424010944_cb15a6f0-73b2-4d09-9612-c5f78d60e21c): drop table if exists acidTbl
2024-04-24T01:09:44,776  INFO [main] ql.Driver: Starting task [Stage-0:DDL] in serial mode
2024-04-24T01:09:44,776  INFO [main] HiveMetaStore.audit: ugi=alex	ip=unknown-ip-addr	cmd=get_table : tbl=hive.default.acidTbl	
2024-04-24T01:09:44,781  INFO [main] metadata.Hive: Dumping metastore api call timing information for : execution phase
2024-04-24T01:09:44,781  INFO [main] metadata.Hive: Total time spent in each metastore function (ms): {isCompatibleWith_(Configuration)=0}
2024-04-24T01:09:44,782  INFO [main] ql.Driver: Completed executing command(queryId=alex_20240424010944_cb15a6f0-73b2-4d09-9612-c5f78d60e21c); Time taken: 0.005 seconds
2024-04-24T01:09:44,782  INFO [main] lockmgr.DbTxnManager: Stopped heartbeat for query: alex_20240424010944_cb15a6f0-73b2-4d09-9612-c5f78d60e21c
2024-04-24T01:09:44,789  INFO [main] txn.TxnHandler: Expected to move at least one record from txn_components to completed_txn_components when committing txn! txnid:1
2024-04-24T01:09:44,798  INFO [main] txn.TxnHandler: Removed transactions: ([1]) from MIN_HISTORY_LEVEL
2024-04-24T01:09:44,798  WARN [main] txn.CompactionTxnHandler: No compaction queue record found for Compaction type transaction commit. txnId:1
2024-04-24T01:09:44,799  INFO [main] ql.TxnCommandsBaseForTests: Running the query: drop table if exists acidTblPart
2024-04-24T01:09:44,799  INFO [main] ql.Driver: Compiling command(queryId=alex_20240424010944_cdfa6642-79b7-46c0-974b-13a03dde6caa): drop table if exists acidTblPart
2024-04-24T01:09:44,802  INFO [main] txn.TxnHandler: Added entries to MIN_HISTORY_LEVEL for current txns: ([2]) with min_open_txn: 1
2024-04-24T01:09:44,803  INFO [main] lockmgr.DbTxnManager: Opened txnid:2
2024-04-24T01:09:44,803  INFO [main] HiveMetaStore.audit: ugi=alex	ip=unknown-ip-addr	cmd=get_table : tbl=hive.default.acidTblPart	
2024-04-24T01:09:44,807  INFO [main] ql.Driver: Semantic Analysis Completed (retrial = false)
2024-04-24T01:09:44,807  INFO [main] ql.Driver: Created Hive schema: Schema(fieldSchemas:null, properties:null)
2024-04-24T01:09:44,807  INFO [main] metadata.Hive: Dumping metastore api call timing information for : compilation phase
2024-04-24T01:09:44,807  INFO [main] metadata.Hive: Total time spent in each metastore function (ms): {isCompatibleWith_(Configuration)=0, getValidTxns_(long)=0, flushCache_()=0, openTxn_(String, TxnType)=3, commitTxn_(CommitTxnRequest)=17}
2024-04-24T01:09:44,807  INFO [main] ql.Driver: Completed compiling command(queryId=alex_20240424010944_cdfa6642-79b7-46c0-974b-13a03dde6caa); Time taken: 0.008 seconds
2024-04-24T01:09:44,808  INFO [main] lockmgr.DbTxnManager: Setting lock request transaction to txnid:2 for queryId=alex_20240424010944_cdfa6642-79b7-46c0-974b-13a03dde6caa
2024-04-24T01:09:44,808  INFO [main] ql.Driver: Operation DROPTABLE obtained 0 locks
2024-04-24T01:09:44,808  INFO [main] ql.Driver: Executing command(queryId=alex_20240424010944_cdfa6642-79b7-46c0-974b-13a03dde6caa): drop table if exists acidTblPart
2024-04-24T01:09:44,808  INFO [main] ql.Driver: Starting task [Stage-0:DDL] in serial mode
2024-04-24T01:09:44,808  INFO [main] HiveMetaStore.audit: ugi=alex	ip=unknown-ip-addr	cmd=get_table : tbl=hive.default.acidTblPart	
2024-04-24T01:09:44,813  INFO [main] metadata.Hive: Dumping metastore api call timing information for : execution phase
2024-04-24T01:09:44,813  INFO [main] metadata.Hive: Total time spent in each metastore function (ms): {isCompatibleWith_(Configuration)=0}
2024-04-24T01:09:44,813  INFO [main] ql.Driver: Completed executing command(queryId=alex_20240424010944_cdfa6642-79b7-46c0-974b-13a03dde6caa); Time taken: 0.005 seconds
2024-04-24T01:09:44,813  INFO [main] lockmgr.DbTxnManager: Stopped heartbeat for query: alex_20240424010944_cdfa6642-79b7-46c0-974b-13a03dde6caa
2024-04-24T01:09:44,817  INFO [main] txn.TxnHandler: Expected to move at least one record from txn_components to completed_txn_components when committing txn! txnid:2
2024-04-24T01:09:44,822  INFO [main] txn.TxnHandler: Removed transactions: ([2]) from MIN_HISTORY_LEVEL
2024-04-24T01:09:44,822  WARN [main] txn.CompactionTxnHandler: No compaction queue record found for Compaction type transaction commit. txnId:2
2024-04-24T01:09:44,823  INFO [main] ql.TxnCommandsBaseForTests: Running the query: drop table if exists acidTbl2
2024-04-24T01:09:44,823  INFO [main] ql.Driver: Compiling command(queryId=alex_20240424010944_7d5a3c4a-0c20-4b38-b9a4-f6b4b3ad4948): drop table if exists acidTbl2
2024-04-24T01:09:44,825  INFO [main] txn.TxnHandler: Added entries to MIN_HISTORY_LEVEL for current txns: ([3]) with min_open_txn: 1
2024-04-24T01:09:44,825  INFO [main] lockmgr.DbTxnManager: Opened txnid:3
2024-04-24T01:09:44,826  INFO [main] HiveMetaStore.audit: ugi=alex	ip=unknown-ip-addr	cmd=get_table : tbl=hive.default.acidTbl2	
2024-04-24T01:09:44,829  INFO [main] ql.Driver: Semantic Analysis Completed (retrial = false)
2024-04-24T01:09:44,829  INFO [main] ql.Driver: Created Hive schema: Schema(fieldSchemas:null, properties:null)
2024-04-24T01:09:44,829  INFO [main] metadata.Hive: Dumping metastore api call timing information for : compilation phase
2024-04-24T01:09:44,829  INFO [main] metadata.Hive: Total time spent in each metastore function (ms): {openTxn_(String, TxnType)=1, isCompatibleWith_(Configuration)=1, getValidTxns_(long)=0, commitTxn_(CommitTxnRequest)=10, flushCache_()=0}
2024-04-24T01:09:44,829  INFO [main] ql.Driver: Completed compiling command(queryId=alex_20240424010944_7d5a3c4a-0c20-4b38-b9a4-f6b4b3ad4948); Time taken: 0.006 seconds
2024-04-24T01:09:44,829  INFO [main] lockmgr.DbTxnManager: Setting lock request transaction to txnid:3 for queryId=alex_20240424010944_7d5a3c4a-0c20-4b38-b9a4-f6b4b3ad4948
2024-04-24T01:09:44,829  INFO [main] ql.Driver: Operation DROPTABLE obtained 0 locks
2024-04-24T01:09:44,829  INFO [main] ql.Driver: Executing command(queryId=alex_20240424010944_7d5a3c4a-0c20-4b38-b9a4-f6b4b3ad4948): drop table if exists acidTbl2
2024-04-24T01:09:44,830  INFO [main] ql.Driver: Starting task [Stage-0:DDL] in serial mode
2024-04-24T01:09:44,830  INFO [main] HiveMetaStore.audit: ugi=alex	ip=unknown-ip-addr	cmd=get_table : tbl=hive.default.acidTbl2	
2024-04-24T01:09:44,833  INFO [main] metadata.Hive: Dumping metastore api call timing information for : execution phase
2024-04-24T01:09:44,833  INFO [main] metadata.Hive: Total time spent in each metastore function (ms): {isCompatibleWith_(Configuration)=0}
2024-04-24T01:09:44,833  INFO [main] ql.Driver: Completed executing command(queryId=alex_20240424010944_7d5a3c4a-0c20-4b38-b9a4-f6b4b3ad4948); Time taken: 0.004 seconds
2024-04-24T01:09:44,833  INFO [main] lockmgr.DbTxnManager: Stopped heartbeat for query: alex_20240424010944_7d5a3c4a-0c20-4b38-b9a4-f6b4b3ad4948
2024-04-24T01:09:44,837  INFO [main] txn.TxnHandler: Expected to move at least one record from txn_components to completed_txn_components when committing txn! txnid:3
2024-04-24T01:09:44,842  INFO [main] txn.TxnHandler: Removed transactions: ([3]) from MIN_HISTORY_LEVEL
2024-04-24T01:09:44,842  WARN [main] txn.CompactionTxnHandler: No compaction queue record found for Compaction type transaction commit. txnId:3
2024-04-24T01:09:44,843  INFO [main] ql.TxnCommandsBaseForTests: Running the query: drop table if exists nonAcidOrcTbl
2024-04-24T01:09:44,843  INFO [main] ql.Driver: Compiling command(queryId=alex_20240424010944_9baec3cb-d247-4143-9ca7-df4884185472): drop table if exists nonAcidOrcTbl
2024-04-24T01:09:44,845  INFO [main] txn.TxnHandler: Added entries to MIN_HISTORY_LEVEL for current txns: ([4]) with min_open_txn: 1
2024-04-24T01:09:44,845  INFO [main] lockmgr.DbTxnManager: Opened txnid:4
2024-04-24T01:09:44,846  INFO [main] HiveMetaStore.audit: ugi=alex	ip=unknown-ip-addr	cmd=get_table : tbl=hive.default.nonAcidOrcTbl	
2024-04-24T01:09:44,848  INFO [main] ql.Driver: Semantic Analysis Completed (retrial = false)
2024-04-24T01:09:44,849  INFO [main] ql.Driver: Created Hive schema: Schema(fieldSchemas:null, properties:null)
2024-04-24T01:09:44,849  INFO [main] metadata.Hive: Dumping metastore api call timing information for : compilation phase
2024-04-24T01:09:44,849  INFO [main] metadata.Hive: Total time spent in each metastore function (ms): {flushCache_()=0, openTxn_(String, TxnType)=2, isCompatibleWith_(Configuration)=0, getValidTxns_(long)=0, commitTxn_(CommitTxnRequest)=9}
2024-04-24T01:09:44,849  INFO [main] ql.Driver: Completed compiling command(queryId=alex_20240424010944_9baec3cb-d247-4143-9ca7-df4884185472); Time taken: 0.006 seconds
2024-04-24T01:09:44,849  INFO [main] lockmgr.DbTxnManager: Setting lock request transaction to txnid:4 for queryId=alex_20240424010944_9baec3cb-d247-4143-9ca7-df4884185472
2024-04-24T01:09:44,849  INFO [main] ql.Driver: Operation DROPTABLE obtained 0 locks
2024-04-24T01:09:44,849  INFO [main] ql.Driver: Executing command(queryId=alex_20240424010944_9baec3cb-d247-4143-9ca7-df4884185472): drop table if exists nonAcidOrcTbl
2024-04-24T01:09:44,849  INFO [main] ql.Driver: Starting task [Stage-0:DDL] in serial mode
2024-04-24T01:09:44,850  INFO [main] HiveMetaStore.audit: ugi=alex	ip=unknown-ip-addr	cmd=get_table : tbl=hive.default.nonAcidOrcTbl	
2024-04-24T01:09:44,853  INFO [main] metadata.Hive: Dumping metastore api call timing information for : execution phase
2024-04-24T01:09:44,853  INFO [main] metadata.Hive: Total time spent in each metastore function (ms): {isCompatibleWith_(Configuration)=1}
2024-04-24T01:09:44,853  INFO [main] ql.Driver: Completed executing command(queryId=alex_20240424010944_9baec3cb-d247-4143-9ca7-df4884185472); Time taken: 0.003 seconds
2024-04-24T01:09:44,853  INFO [main] lockmgr.DbTxnManager: Stopped heartbeat for query: alex_20240424010944_9baec3cb-d247-4143-9ca7-df4884185472
2024-04-24T01:09:44,857  INFO [main] txn.TxnHandler: Expected to move at least one record from txn_components to completed_txn_components when committing txn! txnid:4
2024-04-24T01:09:44,862  INFO [main] txn.TxnHandler: Removed transactions: ([4]) from MIN_HISTORY_LEVEL
2024-04-24T01:09:44,862  WARN [main] txn.CompactionTxnHandler: No compaction queue record found for Compaction type transaction commit. txnId:4
2024-04-24T01:09:44,863  INFO [main] ql.TxnCommandsBaseForTests: Running the query: drop table if exists nonAcidOrcTbl2
2024-04-24T01:09:44,863  INFO [main] ql.Driver: Compiling command(queryId=alex_20240424010944_1d578625-fe83-4079-983b-dd5e8f63ba33): drop table if exists nonAcidOrcTbl2
2024-04-24T01:09:44,865  INFO [main] txn.TxnHandler: Added entries to MIN_HISTORY_LEVEL for current txns: ([5]) with min_open_txn: 1
2024-04-24T01:09:44,865  INFO [main] lockmgr.DbTxnManager: Opened txnid:5
2024-04-24T01:09:44,865  INFO [main] HiveMetaStore.audit: ugi=alex	ip=unknown-ip-addr	cmd=get_table : tbl=hive.default.nonAcidOrcTbl2	
2024-04-24T01:09:44,868  INFO [main] ql.Driver: Semantic Analysis Completed (retrial = false)
2024-04-24T01:09:44,868  INFO [main] ql.Driver: Created Hive schema: Schema(fieldSchemas:null, properties:null)
2024-04-24T01:09:44,868  INFO [main] metadata.Hive: Dumping metastore api call timing information for : compilation phase
2024-04-24T01:09:44,868  INFO [main] metadata.Hive: Total time spent in each metastore function (ms): {isCompatibleWith_(Configuration)=0, flushCache_()=0, getValidTxns_(long)=0, openTxn_(String, TxnType)=2, commitTxn_(CommitTxnRequest)=9}
2024-04-24T01:09:44,869  INFO [main] ql.Driver: Completed compiling command(queryId=alex_20240424010944_1d578625-fe83-4079-983b-dd5e8f63ba33); Time taken: 0.005 seconds
2024-04-24T01:09:44,869  INFO [main] lockmgr.DbTxnManager: Setting lock request transaction to txnid:5 for queryId=alex_20240424010944_1d578625-fe83-4079-983b-dd5e8f63ba33
2024-04-24T01:09:44,869  INFO [main] ql.Driver: Operation DROPTABLE obtained 0 locks
2024-04-24T01:09:44,869  INFO [main] ql.Driver: Executing command(queryId=alex_20240424010944_1d578625-fe83-4079-983b-dd5e8f63ba33): drop table if exists nonAcidOrcTbl2
2024-04-24T01:09:44,869  INFO [main] ql.Driver: Starting task [Stage-0:DDL] in serial mode
2024-04-24T01:09:44,869  INFO [main] HiveMetaStore.audit: ugi=alex	ip=unknown-ip-addr	cmd=get_table : tbl=hive.default.nonAcidOrcTbl2	
2024-04-24T01:09:44,872  INFO [main] metadata.Hive: Dumping metastore api call timing information for : execution phase
2024-04-24T01:09:44,872  INFO [main] metadata.Hive: Total time spent in each metastore function (ms): {isCompatibleWith_(Configuration)=0}
2024-04-24T01:09:44,872  INFO [main] ql.Driver: Completed executing command(queryId=alex_20240424010944_1d578625-fe83-4079-983b-dd5e8f63ba33); Time taken: 0.003 seconds
2024-04-24T01:09:44,872  INFO [main] lockmgr.DbTxnManager: Stopped heartbeat for query: alex_20240424010944_1d578625-fe83-4079-983b-dd5e8f63ba33
2024-04-24T01:09:44,877  INFO [main] txn.TxnHandler: Expected to move at least one record from txn_components to completed_txn_components when committing txn! txnid:5
2024-04-24T01:09:44,881  INFO [main] txn.TxnHandler: Removed transactions: ([5]) from MIN_HISTORY_LEVEL
2024-04-24T01:09:44,881  WARN [main] txn.CompactionTxnHandler: No compaction queue record found for Compaction type transaction commit. txnId:5
2024-04-24T01:09:44,882  INFO [main] ql.TxnCommandsBaseForTests: Running the query: drop table if exists nonAcidNonBucket
2024-04-24T01:09:44,882  INFO [main] ql.Driver: Compiling command(queryId=alex_20240424010944_20b197d2-5746-4a78-bc1f-000a33da9752): drop table if exists nonAcidNonBucket
2024-04-24T01:09:44,884  INFO [main] txn.TxnHandler: Added entries to MIN_HISTORY_LEVEL for current txns: ([6]) with min_open_txn: 1
2024-04-24T01:09:44,884  INFO [main] lockmgr.DbTxnManager: Opened txnid:6
2024-04-24T01:09:44,885  INFO [main] HiveMetaStore.audit: ugi=alex	ip=unknown-ip-addr	cmd=get_table : tbl=hive.default.nonAcidNonBucket	
2024-04-24T01:09:44,888  INFO [main] ql.Driver: Semantic Analysis Completed (retrial = false)
2024-04-24T01:09:44,888  INFO [main] ql.Driver: Created Hive schema: Schema(fieldSchemas:null, properties:null)
2024-04-24T01:09:44,888  INFO [main] metadata.Hive: Dumping metastore api call timing information for : compilation phase
2024-04-24T01:09:44,888  INFO [main] metadata.Hive: Total time spent in each metastore function (ms): {flushCache_()=0, commitTxn_(CommitTxnRequest)=9, openTxn_(String, TxnType)=1, getValidTxns_(long)=0, isCompatibleWith_(Configuration)=0}
2024-04-24T01:09:44,888  INFO [main] ql.Driver: Completed compiling command(queryId=alex_20240424010944_20b197d2-5746-4a78-bc1f-000a33da9752); Time taken: 0.006 seconds
2024-04-24T01:09:44,889  INFO [main] lockmgr.DbTxnManager: Setting lock request transaction to txnid:6 for queryId=alex_20240424010944_20b197d2-5746-4a78-bc1f-000a33da9752
2024-04-24T01:09:44,889  INFO [main] ql.Driver: Operation DROPTABLE obtained 0 locks
2024-04-24T01:09:44,889  INFO [main] ql.Driver: Executing command(queryId=alex_20240424010944_20b197d2-5746-4a78-bc1f-000a33da9752): drop table if exists nonAcidNonBucket
2024-04-24T01:09:44,889  INFO [main] ql.Driver: Starting task [Stage-0:DDL] in serial mode
2024-04-24T01:09:44,889  INFO [main] HiveMetaStore.audit: ugi=alex	ip=unknown-ip-addr	cmd=get_table : tbl=hive.default.nonAcidNonBucket	
2024-04-24T01:09:44,892  INFO [main] metadata.Hive: Dumping metastore api call timing information for : execution phase
2024-04-24T01:09:44,892  INFO [main] metadata.Hive: Total time spent in each metastore function (ms): {isCompatibleWith_(Configuration)=0}
2024-04-24T01:09:44,892  INFO [main] ql.Driver: Completed executing command(queryId=alex_20240424010944_20b197d2-5746-4a78-bc1f-000a33da9752); Time taken: 0.003 seconds
2024-04-24T01:09:44,892  INFO [main] lockmgr.DbTxnManager: Stopped heartbeat for query: alex_20240424010944_20b197d2-5746-4a78-bc1f-000a33da9752
2024-04-24T01:09:44,896  INFO [main] txn.TxnHandler: Expected to move at least one record from txn_components to completed_txn_components when committing txn! txnid:6
2024-04-24T01:09:44,901  INFO [main] txn.TxnHandler: Removed transactions: ([6]) from MIN_HISTORY_LEVEL
2024-04-24T01:09:44,901  WARN [main] txn.CompactionTxnHandler: No compaction queue record found for Compaction type transaction commit. txnId:6
2024-04-24T01:09:44,902  INFO [main] ql.TxnCommandsBaseForTests: Running the query: create table acidTbl(a int, b int) clustered by (a) into 2 buckets stored as orc TBLPROPERTIES ('transactional'='true')
2024-04-24T01:09:44,902  INFO [main] ql.Driver: Compiling command(queryId=alex_20240424010944_9f56b402-bf3e-428f-96aa-d4a3f8fc1f01): create table acidTbl(a int, b int) clustered by (a) into 2 buckets stored as orc TBLPROPERTIES ('transactional'='true')
2024-04-24T01:09:44,904  INFO [main] txn.TxnHandler: Added entries to MIN_HISTORY_LEVEL for current txns: ([7]) with min_open_txn: 1
2024-04-24T01:09:44,904  INFO [main] lockmgr.DbTxnManager: Opened txnid:7
2024-04-24T01:09:44,905  INFO [main] parse.CalcitePlanner: Starting caching scope for: 
2024-04-24T01:09:44,905  INFO [main] parse.CalcitePlanner: Starting Semantic Analysis
2024-04-24T01:09:44,909  INFO [main] parse.CalcitePlanner: Creating table default.acidTbl position=13
2024-04-24T01:09:44,910  INFO [main] HiveMetaStore.audit: ugi=alex	ip=unknown-ip-addr	cmd=get_database: default	
2024-04-24T01:09:44,911  INFO [main] parse.CalcitePlanner: Ending caching scope for: 
2024-04-24T01:09:44,911  INFO [main] ql.Driver: Semantic Analysis Completed (retrial = false)
2024-04-24T01:09:44,911  INFO [main] ql.Driver: Created Hive schema: Schema(fieldSchemas:null, properties:null)
2024-04-24T01:09:44,911  INFO [main] metadata.Hive: Dumping metastore api call timing information for : compilation phase
2024-04-24T01:09:44,912  INFO [main] metadata.Hive: Total time spent in each metastore function (ms): {getValidWriteIds_(List, String)=4, flushCache_()=0, getDatabase_(String)=1, commitTxn_(CommitTxnRequest)=9, isCompatibleWith_(Configuration)=0, openTxn_(String, TxnType)=2, getValidTxns_(long)=1}
2024-04-24T01:09:44,912  INFO [main] ql.Driver: Completed compiling command(queryId=alex_20240424010944_9f56b402-bf3e-428f-96aa-d4a3f8fc1f01); Time taken: 0.009 seconds
2024-04-24T01:09:44,912  INFO [main] lockmgr.DbTxnManager: Setting lock request transaction to txnid:7 for queryId=alex_20240424010944_9f56b402-bf3e-428f-96aa-d4a3f8fc1f01
2024-04-24T01:09:44,912  INFO [main] lockmgr.DbLockManager: Requesting lock for queryId=alex_20240424010944_9f56b402-bf3e-428f-96aa-d4a3f8fc1f01
2024-04-24T01:09:44,932  INFO [main] lockmgr.DbLockManager: Response to queryId=alex_20240424010944_9f56b402-bf3e-428f-96aa-d4a3f8fc1f01 LockResponse(lockid:1, state:ACQUIRED)
2024-04-24T01:09:44,932  INFO [main] ql.Driver: Operation CREATETABLE obtained 1 locks
2024-04-24T01:09:44,933  INFO [main] ql.Driver: Executing command(queryId=alex_20240424010944_9f56b402-bf3e-428f-96aa-d4a3f8fc1f01): create table acidTbl(a int, b int) clustered by (a) into 2 buckets stored as orc TBLPROPERTIES ('transactional'='true')
2024-04-24T01:09:44,934  INFO [main] ql.Driver: Starting task [Stage-0:DDL] in serial mode
2024-04-24T01:09:44,935  INFO [main] HiveMetaStore.audit: ugi=alex	ip=unknown-ip-addr	cmd=create_table_req: Table(tableName:acidTbl, dbName:default, owner:alex, createTime:1713946184, lastAccessTime:0, retention:0, sd:StorageDescriptor(cols:[FieldSchema(name:a, type:int, comment:null), FieldSchema(name:b, type:int, comment:null)], location:null, inputFormat:org.apache.hadoop.hive.ql.io.orc.OrcInputFormat, outputFormat:org.apache.hadoop.hive.ql.io.orc.OrcOutputFormat, compressed:false, numBuckets:2, serdeInfo:SerDeInfo(name:null, serializationLib:org.apache.hadoop.hive.ql.io.orc.OrcSerde, parameters:{serialization.format=1}), bucketCols:[a], sortCols:[], parameters:{}, skewedInfo:SkewedInfo(skewedColNames:[], skewedColValues:[], skewedColValueLocationMaps:{}), storedAsSubDirectories:false), partitionKeys:[], parameters:{rawDataSize=0, numFiles=0, bucketing_version=2, numRows=0, transactional=true, numFilesErasureCoded=0, totalSize=0, COLUMN_STATS_ACCURATE={"BASIC_STATS":"true","COLUMN_STATS":{"a":"true","b":"true"}}}, viewOriginalText:null, viewExpandedText:null, tableType:MANAGED_TABLE, privileges:PrincipalPrivilegeSet(userPrivileges:{alex=[PrivilegeGrantInfo(privilege:INSERT, createTime:-1, grantor:alex, grantorType:USER, grantOption:true), PrivilegeGrantInfo(privilege:SELECT, createTime:-1, grantor:alex, grantorType:USER, grantOption:true), PrivilegeGrantInfo(privilege:UPDATE, createTime:-1, grantor:alex, grantorType:USER, grantOption:true), PrivilegeGrantInfo(privilege:DELETE, createTime:-1, grantor:alex, grantorType:USER, grantOption:true)]}, groupPrivileges:null, rolePrivileges:null), temporary:false, catName:hive, ownerType:USER, writeId:0)	
2024-04-24T01:09:44,940  INFO [main] utils.FileUtils: Creating directory if it doesn't exist: file:/home/alex/Repositories/hive/ql/target/tmp/org.apache.hadoop.hive.ql.TestTxnCommands-1713946100941/warehouse/acidtbl
2024-04-24T01:09:44,969  INFO [main] metadata.Hive: Dumping metastore api call timing information for : execution phase
2024-04-24T01:09:44,970  INFO [main] metadata.Hive: Total time spent in each metastore function (ms): {createTable_(Table)=35, isCompatibleWith_(Configuration)=0}
2024-04-24T01:09:44,970  INFO [main] ql.Driver: Completed executing command(queryId=alex_20240424010944_9f56b402-bf3e-428f-96aa-d4a3f8fc1f01); Time taken: 0.036 seconds
2024-04-24T01:09:44,970  INFO [main] lockmgr.DbTxnManager: Stopped heartbeat for query: alex_20240424010944_9f56b402-bf3e-428f-96aa-d4a3f8fc1f01
2024-04-24T01:09:44,973  INFO [main] txn.TxnHandler: Expected to move at least one record from txn_components to completed_txn_components when committing txn! txnid:7
2024-04-24T01:09:44,978  INFO [main] txn.TxnHandler: Removed transactions: ([7]) from MIN_HISTORY_LEVEL
2024-04-24T01:09:44,978  WARN [main] txn.CompactionTxnHandler: No compaction queue record found for Compaction type transaction commit. txnId:7
2024-04-24T01:09:44,979  INFO [main] ql.TxnCommandsBaseForTests: Running the query: create table acidTblPart(a int, b int) partitioned by (p string) clustered by (a) into 2 buckets stored as orc TBLPROPERTIES ('transactional'='true')
2024-04-24T01:09:44,979  INFO [main] ql.Driver: Compiling command(queryId=alex_20240424010944_857e02aa-b6b7-4c36-bbf0-a71d0774163e): create table acidTblPart(a int, b int) partitioned by (p string) clustered by (a) into 2 buckets stored as orc TBLPROPERTIES ('transactional'='true')
2024-04-24T01:09:44,983  INFO [main] txn.TxnHandler: Added entries to MIN_HISTORY_LEVEL for current txns: ([8]) with min_open_txn: 1
2024-04-24T01:09:44,983  INFO [main] lockmgr.DbTxnManager: Opened txnid:8
2024-04-24T01:09:44,984  INFO [main] parse.CalcitePlanner: Starting caching scope for: 
2024-04-24T01:09:44,984  INFO [main] parse.CalcitePlanner: Starting Semantic Analysis
2024-04-24T01:09:44,986  INFO [main] parse.CalcitePlanner: Creating table default.acidTblPart position=13
2024-04-24T01:09:44,986  INFO [main] HiveMetaStore.audit: ugi=alex	ip=unknown-ip-addr	cmd=get_database: default	
2024-04-24T01:09:44,988  INFO [main] parse.CalcitePlanner: Ending caching scope for: 
2024-04-24T01:09:44,988  INFO [main] ql.Driver: Semantic Analysis Completed (retrial = false)
2024-04-24T01:09:44,988  INFO [main] ql.Driver: Created Hive schema: Schema(fieldSchemas:null, properties:null)
2024-04-24T01:09:44,988  INFO [main] metadata.Hive: Dumping metastore api call timing information for : compilation phase
2024-04-24T01:09:44,988  INFO [main] metadata.Hive: Total time spent in each metastore function (ms): {getValidTxns_(long)=1, openTxn_(String, TxnType)=3, flushCache_()=0, isCompatibleWith_(Configuration)=1, getValidWriteIds_(List, String)=2, getDatabase_(String)=1, commitTxn_(CommitTxnRequest)=8}
2024-04-24T01:09:44,988  INFO [main] ql.Driver: Completed compiling command(queryId=alex_20240424010944_857e02aa-b6b7-4c36-bbf0-a71d0774163e); Time taken: 0.009 seconds
2024-04-24T01:09:44,988  INFO [main] lockmgr.DbTxnManager: Setting lock request transaction to txnid:8 for queryId=alex_20240424010944_857e02aa-b6b7-4c36-bbf0-a71d0774163e
2024-04-24T01:09:44,988  INFO [main] lockmgr.DbLockManager: Requesting lock for queryId=alex_20240424010944_857e02aa-b6b7-4c36-bbf0-a71d0774163e
2024-04-24T01:09:45,001  INFO [main] lockmgr.DbLockManager: Response to queryId=alex_20240424010944_857e02aa-b6b7-4c36-bbf0-a71d0774163e LockResponse(lockid:2, state:ACQUIRED)
2024-04-24T01:09:45,001  INFO [main] ql.Driver: Operation CREATETABLE obtained 1 locks
2024-04-24T01:09:45,002  INFO [main] ql.Driver: Executing command(queryId=alex_20240424010944_857e02aa-b6b7-4c36-bbf0-a71d0774163e): create table acidTblPart(a int, b int) partitioned by (p string) clustered by (a) into 2 buckets stored as orc TBLPROPERTIES ('transactional'='true')
2024-04-24T01:09:45,002  INFO [main] ql.Driver: Starting task [Stage-0:DDL] in serial mode
2024-04-24T01:09:45,002  INFO [main] HiveMetaStore.audit: ugi=alex	ip=unknown-ip-addr	cmd=create_table_req: Table(tableName:acidTblPart, dbName:default, owner:alex, createTime:1713946185, lastAccessTime:0, retention:0, sd:StorageDescriptor(cols:[FieldSchema(name:a, type:int, comment:null), FieldSchema(name:b, type:int, comment:null)], location:null, inputFormat:org.apache.hadoop.hive.ql.io.orc.OrcInputFormat, outputFormat:org.apache.hadoop.hive.ql.io.orc.OrcOutputFormat, compressed:false, numBuckets:2, serdeInfo:SerDeInfo(name:null, serializationLib:org.apache.hadoop.hive.ql.io.orc.OrcSerde, parameters:{serialization.format=1}), bucketCols:[a], sortCols:[], parameters:{}, skewedInfo:SkewedInfo(skewedColNames:[], skewedColValues:[], skewedColValueLocationMaps:{}), storedAsSubDirectories:false), partitionKeys:[FieldSchema(name:p, type:string, comment:null)], parameters:{bucketing_version=2, transactional=true}, viewOriginalText:null, viewExpandedText:null, tableType:MANAGED_TABLE, privileges:PrincipalPrivilegeSet(userPrivileges:{alex=[PrivilegeGrantInfo(privilege:INSERT, createTime:-1, grantor:alex, grantorType:USER, grantOption:true), PrivilegeGrantInfo(privilege:SELECT, createTime:-1, grantor:alex, grantorType:USER, grantOption:true), PrivilegeGrantInfo(privilege:UPDATE, createTime:-1, grantor:alex, grantorType:USER, grantOption:true), PrivilegeGrantInfo(privilege:DELETE, createTime:-1, grantor:alex, grantorType:USER, grantOption:true)]}, groupPrivileges:null, rolePrivileges:null), temporary:false, catName:hive, ownerType:USER, writeId:0)	
2024-04-24T01:09:45,008  INFO [main] utils.FileUtils: Creating directory if it doesn't exist: file:/home/alex/Repositories/hive/ql/target/tmp/org.apache.hadoop.hive.ql.TestTxnCommands-1713946100941/warehouse/acidtblpart
2024-04-24T01:09:45,024  INFO [main] metadata.Hive: Dumping metastore api call timing information for : execution phase
2024-04-24T01:09:45,024  INFO [main] metadata.Hive: Total time spent in each metastore function (ms): {isCompatibleWith_(Configuration)=0, createTable_(Table)=22}
2024-04-24T01:09:45,025  INFO [main] ql.Driver: Completed executing command(queryId=alex_20240424010944_857e02aa-b6b7-4c36-bbf0-a71d0774163e); Time taken: 0.022 seconds
2024-04-24T01:09:45,025  INFO [main] lockmgr.DbTxnManager: Stopped heartbeat for query: alex_20240424010944_857e02aa-b6b7-4c36-bbf0-a71d0774163e
2024-04-24T01:09:45,028  INFO [main] txn.TxnHandler: Expected to move at least one record from txn_components to completed_txn_components when committing txn! txnid:8
2024-04-24T01:09:45,033  INFO [main] txn.TxnHandler: Removed transactions: ([8]) from MIN_HISTORY_LEVEL
2024-04-24T01:09:45,033  WARN [main] txn.CompactionTxnHandler: No compaction queue record found for Compaction type transaction commit. txnId:8
2024-04-24T01:09:45,033  INFO [main] ql.TxnCommandsBaseForTests: Running the query: create table nonAcidOrcTbl(a int, b int) clustered by (a) into 2 buckets stored as orc TBLPROPERTIES ('transactional'='false')
2024-04-24T01:09:45,034  INFO [main] ql.Driver: Compiling command(queryId=alex_20240424010945_ba628df7-c8ed-46af-a003-6b058ed1835f): create table nonAcidOrcTbl(a int, b int) clustered by (a) into 2 buckets stored as orc TBLPROPERTIES ('transactional'='false')
2024-04-24T01:09:45,036  INFO [main] txn.TxnHandler: Added entries to MIN_HISTORY_LEVEL for current txns: ([9]) with min_open_txn: 1
2024-04-24T01:09:45,036  INFO [main] lockmgr.DbTxnManager: Opened txnid:9
2024-04-24T01:09:45,037  INFO [main] parse.CalcitePlanner: Starting caching scope for: 
2024-04-24T01:09:45,037  INFO [main] parse.CalcitePlanner: Starting Semantic Analysis
2024-04-24T01:09:45,039  INFO [main] parse.CalcitePlanner: Creating table default.nonAcidOrcTbl position=13
2024-04-24T01:09:45,039  INFO [main] HiveMetaStore.audit: ugi=alex	ip=unknown-ip-addr	cmd=get_database: default	
2024-04-24T01:09:45,041  INFO [main] parse.CalcitePlanner: Ending caching scope for: 
2024-04-24T01:09:45,041  INFO [main] ql.Driver: Semantic Analysis Completed (retrial = false)
2024-04-24T01:09:45,041  INFO [main] ql.Driver: Created Hive schema: Schema(fieldSchemas:null, properties:null)
2024-04-24T01:09:45,041  INFO [main] metadata.Hive: Dumping metastore api call timing information for : compilation phase
2024-04-24T01:09:45,041  INFO [main] metadata.Hive: Total time spent in each metastore function (ms): {flushCache_()=0, getValidTxns_(long)=0, getDatabase_(String)=2, openTxn_(String, TxnType)=2, getValidWriteIds_(List, String)=2, commitTxn_(CommitTxnRequest)=8, isCompatibleWith_(Configuration)=1}
2024-04-24T01:09:45,041  INFO [main] ql.Driver: Completed compiling command(queryId=alex_20240424010945_ba628df7-c8ed-46af-a003-6b058ed1835f); Time taken: 0.007 seconds
2024-04-24T01:09:45,041  INFO [main] lockmgr.DbTxnManager: Setting lock request transaction to txnid:9 for queryId=alex_20240424010945_ba628df7-c8ed-46af-a003-6b058ed1835f
2024-04-24T01:09:45,042  INFO [main] lockmgr.DbLockManager: Requesting lock for queryId=alex_20240424010945_ba628df7-c8ed-46af-a003-6b058ed1835f
2024-04-24T01:09:45,054  INFO [main] lockmgr.DbLockManager: Response to queryId=alex_20240424010945_ba628df7-c8ed-46af-a003-6b058ed1835f LockResponse(lockid:3, state:ACQUIRED)
2024-04-24T01:09:45,054  INFO [main] ql.Driver: Operation CREATETABLE obtained 1 locks
2024-04-24T01:09:45,054  INFO [main] ql.Driver: Executing command(queryId=alex_20240424010945_ba628df7-c8ed-46af-a003-6b058ed1835f): create table nonAcidOrcTbl(a int, b int) clustered by (a) into 2 buckets stored as orc TBLPROPERTIES ('transactional'='false')
2024-04-24T01:09:45,055  INFO [main] ql.Driver: Starting task [Stage-0:DDL] in serial mode
2024-04-24T01:09:45,055  INFO [main] HiveMetaStore.audit: ugi=alex	ip=unknown-ip-addr	cmd=create_table_req: Table(tableName:nonAcidOrcTbl, dbName:default, owner:alex, createTime:1713946185, lastAccessTime:0, retention:0, sd:StorageDescriptor(cols:[FieldSchema(name:a, type:int, comment:null), FieldSchema(name:b, type:int, comment:null)], location:null, inputFormat:org.apache.hadoop.hive.ql.io.orc.OrcInputFormat, outputFormat:org.apache.hadoop.hive.ql.io.orc.OrcOutputFormat, compressed:false, numBuckets:2, serdeInfo:SerDeInfo(name:null, serializationLib:org.apache.hadoop.hive.ql.io.orc.OrcSerde, parameters:{serialization.format=1}), bucketCols:[a], sortCols:[], parameters:{}, skewedInfo:SkewedInfo(skewedColNames:[], skewedColValues:[], skewedColValueLocationMaps:{}), storedAsSubDirectories:false), partitionKeys:[], parameters:{numFiles=0, bucketing_version=2, numRows=0, numFilesErasureCoded=0, COLUMN_STATS_ACCURATE={"BASIC_STATS":"true","COLUMN_STATS":{"a":"true","b":"true"}}, totalSize=0, transactional=false, rawDataSize=0}, viewOriginalText:null, viewExpandedText:null, tableType:MANAGED_TABLE, privileges:PrincipalPrivilegeSet(userPrivileges:{alex=[PrivilegeGrantInfo(privilege:INSERT, createTime:-1, grantor:alex, grantorType:USER, grantOption:true), PrivilegeGrantInfo(privilege:SELECT, createTime:-1, grantor:alex, grantorType:USER, grantOption:true), PrivilegeGrantInfo(privilege:UPDATE, createTime:-1, grantor:alex, grantorType:USER, grantOption:true), PrivilegeGrantInfo(privilege:DELETE, createTime:-1, grantor:alex, grantorType:USER, grantOption:true)]}, groupPrivileges:null, rolePrivileges:null), temporary:false, catName:hive, ownerType:USER)	
2024-04-24T01:09:45,061  INFO [main] utils.FileUtils: Creating directory if it doesn't exist: file:/home/alex/Repositories/hive/ql/target/tmp/org.apache.hadoop.hive.ql.TestTxnCommands-1713946100941/warehouse/nonacidorctbl
2024-04-24T01:09:45,075  INFO [main] metadata.Hive: Dumping metastore api call timing information for : execution phase
2024-04-24T01:09:45,075  INFO [main] metadata.Hive: Total time spent in each metastore function (ms): {isCompatibleWith_(Configuration)=0, createTable_(Table)=19}
2024-04-24T01:09:45,075  INFO [main] ql.Driver: Completed executing command(queryId=alex_20240424010945_ba628df7-c8ed-46af-a003-6b058ed1835f); Time taken: 0.021 seconds
2024-04-24T01:09:45,075  INFO [main] lockmgr.DbTxnManager: Stopped heartbeat for query: alex_20240424010945_ba628df7-c8ed-46af-a003-6b058ed1835f
2024-04-24T01:09:45,080  INFO [main] txn.TxnHandler: Expected to move at least one record from txn_components to completed_txn_components when committing txn! txnid:9
2024-04-24T01:09:45,087  INFO [main] txn.TxnHandler: Removed transactions: ([9]) from MIN_HISTORY_LEVEL
2024-04-24T01:09:45,087  WARN [main] txn.CompactionTxnHandler: No compaction queue record found for Compaction type transaction commit. txnId:9
2024-04-24T01:09:45,088  INFO [main] ql.TxnCommandsBaseForTests: Running the query: create table nonAcidOrcTbl2(a int, b int) clustered by (a) into 2 buckets stored as orc TBLPROPERTIES ('transactional'='false')
2024-04-24T01:09:45,089  INFO [main] ql.Driver: Compiling command(queryId=alex_20240424010945_4841d93c-2a31-4c89-be2f-d046c9a9b79c): create table nonAcidOrcTbl2(a int, b int) clustered by (a) into 2 buckets stored as orc TBLPROPERTIES ('transactional'='false')
2024-04-24T01:09:45,092  INFO [main] txn.TxnHandler: Added entries to MIN_HISTORY_LEVEL for current txns: ([10]) with min_open_txn: 1
2024-04-24T01:09:45,092  INFO [main] lockmgr.DbTxnManager: Opened txnid:10
2024-04-24T01:09:45,093  INFO [main] parse.CalcitePlanner: Starting caching scope for: 
2024-04-24T01:09:45,093  INFO [main] parse.CalcitePlanner: Starting Semantic Analysis
2024-04-24T01:09:45,096  INFO [main] parse.CalcitePlanner: Creating table default.nonAcidOrcTbl2 position=13
2024-04-24T01:09:45,096  INFO [main] HiveMetaStore.audit: ugi=alex	ip=unknown-ip-addr	cmd=get_database: default	
2024-04-24T01:09:45,098  INFO [main] parse.CalcitePlanner: Ending caching scope for: 
2024-04-24T01:09:45,098  INFO [main] ql.Driver: Semantic Analysis Completed (retrial = false)
2024-04-24T01:09:45,098  INFO [main] ql.Driver: Created Hive schema: Schema(fieldSchemas:null, properties:null)
2024-04-24T01:09:45,099  INFO [main] metadata.Hive: Dumping metastore api call timing information for : compilation phase
2024-04-24T01:09:45,099  INFO [main] metadata.Hive: Total time spent in each metastore function (ms): {getValidWriteIds_(List, String)=3, commitTxn_(CommitTxnRequest)=13, isCompatibleWith_(Configuration)=0, openTxn_(String, TxnType)=3, getDatabase_(String)=2, flushCache_()=0, getValidTxns_(long)=1}
2024-04-24T01:09:45,099  INFO [main] ql.Driver: Completed compiling command(queryId=alex_20240424010945_4841d93c-2a31-4c89-be2f-d046c9a9b79c); Time taken: 0.01 seconds
2024-04-24T01:09:45,099  INFO [main] lockmgr.DbTxnManager: Setting lock request transaction to txnid:10 for queryId=alex_20240424010945_4841d93c-2a31-4c89-be2f-d046c9a9b79c
2024-04-24T01:09:45,100  INFO [main] lockmgr.DbLockManager: Requesting lock for queryId=alex_20240424010945_4841d93c-2a31-4c89-be2f-d046c9a9b79c
2024-04-24T01:09:45,115  INFO [main] lockmgr.DbLockManager: Response to queryId=alex_20240424010945_4841d93c-2a31-4c89-be2f-d046c9a9b79c LockResponse(lockid:4, state:ACQUIRED)
2024-04-24T01:09:45,115  INFO [main] ql.Driver: Operation CREATETABLE obtained 1 locks
2024-04-24T01:09:45,115  INFO [main] ql.Driver: Executing command(queryId=alex_20240424010945_4841d93c-2a31-4c89-be2f-d046c9a9b79c): create table nonAcidOrcTbl2(a int, b int) clustered by (a) into 2 buckets stored as orc TBLPROPERTIES ('transactional'='false')
2024-04-24T01:09:45,116  INFO [main] ql.Driver: Starting task [Stage-0:DDL] in serial mode
2024-04-24T01:09:45,117  INFO [main] HiveMetaStore.audit: ugi=alex	ip=unknown-ip-addr	cmd=create_table_req: Table(tableName:nonAcidOrcTbl2, dbName:default, owner:alex, createTime:1713946185, lastAccessTime:0, retention:0, sd:StorageDescriptor(cols:[FieldSchema(name:a, type:int, comment:null), FieldSchema(name:b, type:int, comment:null)], location:null, inputFormat:org.apache.hadoop.hive.ql.io.orc.OrcInputFormat, outputFormat:org.apache.hadoop.hive.ql.io.orc.OrcOutputFormat, compressed:false, numBuckets:2, serdeInfo:SerDeInfo(name:null, serializationLib:org.apache.hadoop.hive.ql.io.orc.OrcSerde, parameters:{serialization.format=1}), bucketCols:[a], sortCols:[], parameters:{}, skewedInfo:SkewedInfo(skewedColNames:[], skewedColValues:[], skewedColValueLocationMaps:{}), storedAsSubDirectories:false), partitionKeys:[], parameters:{numFiles=0, rawDataSize=0, numFilesErasureCoded=0, totalSize=0, COLUMN_STATS_ACCURATE={"BASIC_STATS":"true","COLUMN_STATS":{"a":"true","b":"true"}}, bucketing_version=2, numRows=0, transactional=false}, viewOriginalText:null, viewExpandedText:null, tableType:MANAGED_TABLE, privileges:PrincipalPrivilegeSet(userPrivileges:{alex=[PrivilegeGrantInfo(privilege:INSERT, createTime:-1, grantor:alex, grantorType:USER, grantOption:true), PrivilegeGrantInfo(privilege:SELECT, createTime:-1, grantor:alex, grantorType:USER, grantOption:true), PrivilegeGrantInfo(privilege:UPDATE, createTime:-1, grantor:alex, grantorType:USER, grantOption:true), PrivilegeGrantInfo(privilege:DELETE, createTime:-1, grantor:alex, grantorType:USER, grantOption:true)]}, groupPrivileges:null, rolePrivileges:null), temporary:false, catName:hive, ownerType:USER)	
2024-04-24T01:09:45,122  INFO [main] utils.FileUtils: Creating directory if it doesn't exist: file:/home/alex/Repositories/hive/ql/target/tmp/org.apache.hadoop.hive.ql.TestTxnCommands-1713946100941/warehouse/nonacidorctbl2
2024-04-24T01:09:45,135  INFO [main] metadata.Hive: Dumping metastore api call timing information for : execution phase
2024-04-24T01:09:45,135  INFO [main] metadata.Hive: Total time spent in each metastore function (ms): {isCompatibleWith_(Configuration)=0, createTable_(Table)=19}
2024-04-24T01:09:45,136  INFO [main] ql.Driver: Completed executing command(queryId=alex_20240424010945_4841d93c-2a31-4c89-be2f-d046c9a9b79c); Time taken: 0.02 seconds
2024-04-24T01:09:45,136  INFO [main] lockmgr.DbTxnManager: Stopped heartbeat for query: alex_20240424010945_4841d93c-2a31-4c89-be2f-d046c9a9b79c
2024-04-24T01:09:45,139  INFO [main] txn.TxnHandler: Expected to move at least one record from txn_components to completed_txn_components when committing txn! txnid:10
2024-04-24T01:09:45,145  INFO [main] txn.TxnHandler: Removed transactions: ([10]) from MIN_HISTORY_LEVEL
2024-04-24T01:09:45,145  WARN [main] txn.CompactionTxnHandler: No compaction queue record found for Compaction type transaction commit. txnId:10
2024-04-24T01:09:45,146  INFO [main] ql.TxnCommandsBaseForTests: Running the query: create temporary  table acidTbl2(a int, b int, c int) clustered by (c) into 2 buckets stored as orc TBLPROPERTIES ('transactional'='true')
2024-04-24T01:09:45,146  INFO [main] ql.Driver: Compiling command(queryId=alex_20240424010945_d258f62c-00db-4191-9c2e-bc075d8e1c3c): create temporary  table acidTbl2(a int, b int, c int) clustered by (c) into 2 buckets stored as orc TBLPROPERTIES ('transactional'='true')
2024-04-24T01:09:45,148  INFO [main] txn.TxnHandler: Added entries to MIN_HISTORY_LEVEL for current txns: ([11]) with min_open_txn: 1
2024-04-24T01:09:45,148  INFO [main] lockmgr.DbTxnManager: Opened txnid:11
2024-04-24T01:09:45,149  INFO [main] parse.CalcitePlanner: Starting caching scope for: 
2024-04-24T01:09:45,149  INFO [main] parse.CalcitePlanner: Starting Semantic Analysis
2024-04-24T01:09:45,151  INFO [main] parse.CalcitePlanner: Creating table default.acidTbl2 position=24
2024-04-24T01:09:45,151  INFO [main] HiveMetaStore.audit: ugi=alex	ip=unknown-ip-addr	cmd=get_database: default	
2024-04-24T01:09:45,153  INFO [main] parse.CalcitePlanner: Ending caching scope for: 
2024-04-24T01:09:45,153  INFO [main] ql.Driver: Semantic Analysis Completed (retrial = false)
2024-04-24T01:09:45,153  INFO [main] ql.Driver: Created Hive schema: Schema(fieldSchemas:null, properties:null)
2024-04-24T01:09:45,153  INFO [main] metadata.Hive: Dumping metastore api call timing information for : compilation phase
2024-04-24T01:09:45,153  INFO [main] metadata.Hive: Total time spent in each metastore function (ms): {isCompatibleWith_(Configuration)=2, openTxn_(String, TxnType)=1, flushCache_()=0, getDatabase_(String)=2, getValidWriteIds_(List, String)=2, getValidTxns_(long)=0, commitTxn_(CommitTxnRequest)=9}
2024-04-24T01:09:45,153  INFO [main] ql.Driver: Completed compiling command(queryId=alex_20240424010945_d258f62c-00db-4191-9c2e-bc075d8e1c3c); Time taken: 0.007 seconds
2024-04-24T01:09:45,154  INFO [main] lockmgr.DbTxnManager: Setting lock request transaction to txnid:11 for queryId=alex_20240424010945_d258f62c-00db-4191-9c2e-bc075d8e1c3c
2024-04-24T01:09:45,154  INFO [main] lockmgr.DbLockManager: Requesting lock for queryId=alex_20240424010945_d258f62c-00db-4191-9c2e-bc075d8e1c3c
2024-04-24T01:09:45,168  INFO [main] lockmgr.DbLockManager: Response to queryId=alex_20240424010945_d258f62c-00db-4191-9c2e-bc075d8e1c3c LockResponse(lockid:5, state:ACQUIRED)
2024-04-24T01:09:45,168  INFO [main] ql.Driver: Operation CREATETABLE obtained 1 locks
2024-04-24T01:09:45,168  INFO [main] ql.Driver: Executing command(queryId=alex_20240424010945_d258f62c-00db-4191-9c2e-bc075d8e1c3c): create temporary  table acidTbl2(a int, b int, c int) clustered by (c) into 2 buckets stored as orc TBLPROPERTIES ('transactional'='true')
2024-04-24T01:09:45,168  INFO [main] ql.Driver: Starting task [Stage-0:DDL] in serial mode
2024-04-24T01:09:45,169  INFO [main] utils.FileUtils: Creating directory if it doesn't exist: file:/home/alex/Repositories/hive/ql/target/tmp/scratchdir/alex/4f767304-7e42-4d04-b6aa-1548410b71a2/_tmp_space.db/bb89fc7d-64db-4f88-9f0a-252ee954709f
2024-04-24T01:09:45,172  INFO [main] metadata.Hive: Dumping metastore api call timing information for : execution phase
2024-04-24T01:09:45,172  INFO [main] metadata.Hive: Total time spent in each metastore function (ms): {isCompatibleWith_(Configuration)=1, createTable_(Table)=3}
2024-04-24T01:09:45,173  INFO [main] ql.Driver: Completed executing command(queryId=alex_20240424010945_d258f62c-00db-4191-9c2e-bc075d8e1c3c); Time taken: 0.004 seconds
2024-04-24T01:09:45,173  INFO [main] lockmgr.DbTxnManager: Stopped heartbeat for query: alex_20240424010945_d258f62c-00db-4191-9c2e-bc075d8e1c3c
2024-04-24T01:09:45,176  INFO [main] txn.TxnHandler: Expected to move at least one record from txn_components to completed_txn_components when committing txn! txnid:11
2024-04-24T01:09:45,182  INFO [main] txn.TxnHandler: Removed transactions: ([11]) from MIN_HISTORY_LEVEL
2024-04-24T01:09:45,182  WARN [main] txn.CompactionTxnHandler: No compaction queue record found for Compaction type transaction commit. txnId:11
2024-04-24T01:09:45,183  INFO [main] ql.TxnCommandsBaseForTests: Running the query: create table nonAcidNonBucket(a int, b int) stored as orc TBLPROPERTIES ('transactional'='false')
2024-04-24T01:09:45,183  INFO [main] ql.Driver: Compiling command(queryId=alex_20240424010945_53430e41-63ab-4cb3-91a3-e6d3f519d3af): create table nonAcidNonBucket(a int, b int) stored as orc TBLPROPERTIES ('transactional'='false')
2024-04-24T01:09:45,185  INFO [main] txn.TxnHandler: Added entries to MIN_HISTORY_LEVEL for current txns: ([12]) with min_open_txn: 1
2024-04-24T01:09:45,185  INFO [main] lockmgr.DbTxnManager: Opened txnid:12
2024-04-24T01:09:45,186  INFO [main] parse.CalcitePlanner: Starting caching scope for: 
2024-04-24T01:09:45,186  INFO [main] parse.CalcitePlanner: Starting Semantic Analysis
2024-04-24T01:09:45,188  INFO [main] parse.CalcitePlanner: Creating table default.nonAcidNonBucket position=13
2024-04-24T01:09:45,189  INFO [main] HiveMetaStore.audit: ugi=alex	ip=unknown-ip-addr	cmd=get_database: default	
2024-04-24T01:09:45,190  INFO [main] parse.CalcitePlanner: Ending caching scope for: 
2024-04-24T01:09:45,190  INFO [main] ql.Driver: Semantic Analysis Completed (retrial = false)
2024-04-24T01:09:45,190  INFO [main] ql.Driver: Created Hive schema: Schema(fieldSchemas:null, properties:null)
2024-04-24T01:09:45,190  INFO [main] metadata.Hive: Dumping metastore api call timing information for : compilation phase
2024-04-24T01:09:45,190  INFO [main] metadata.Hive: Total time spent in each metastore function (ms): {flushCache_()=0, getDatabase_(String)=1, commitTxn_(CommitTxnRequest)=10, isCompatibleWith_(Configuration)=1, getValidTxns_(long)=1, openTxn_(String, TxnType)=1, getValidWriteIds_(List, String)=2}
2024-04-24T01:09:45,191  INFO [main] ql.Driver: Completed compiling command(queryId=alex_20240424010945_53430e41-63ab-4cb3-91a3-e6d3f519d3af); Time taken: 0.007 seconds
2024-04-24T01:09:45,191  INFO [main] lockmgr.DbTxnManager: Setting lock request transaction to txnid:12 for queryId=alex_20240424010945_53430e41-63ab-4cb3-91a3-e6d3f519d3af
2024-04-24T01:09:45,191  INFO [main] lockmgr.DbLockManager: Requesting lock for queryId=alex_20240424010945_53430e41-63ab-4cb3-91a3-e6d3f519d3af
2024-04-24T01:09:45,205  INFO [main] lockmgr.DbLockManager: Response to queryId=alex_20240424010945_53430e41-63ab-4cb3-91a3-e6d3f519d3af LockResponse(lockid:6, state:ACQUIRED)
2024-04-24T01:09:45,205  INFO [main] ql.Driver: Operation CREATETABLE obtained 1 locks
2024-04-24T01:09:45,205  INFO [main] ql.Driver: Executing command(queryId=alex_20240424010945_53430e41-63ab-4cb3-91a3-e6d3f519d3af): create table nonAcidNonBucket(a int, b int) stored as orc TBLPROPERTIES ('transactional'='false')
2024-04-24T01:09:45,205  INFO [main] ql.Driver: Starting task [Stage-0:DDL] in serial mode
2024-04-24T01:09:45,206  INFO [main] HiveMetaStore.audit: ugi=alex	ip=unknown-ip-addr	cmd=create_table_req: Table(tableName:nonAcidNonBucket, dbName:default, owner:alex, createTime:1713946185, lastAccessTime:0, retention:0, sd:StorageDescriptor(cols:[FieldSchema(name:a, type:int, comment:null), FieldSchema(name:b, type:int, comment:null)], location:null, inputFormat:org.apache.hadoop.hive.ql.io.orc.OrcInputFormat, outputFormat:org.apache.hadoop.hive.ql.io.orc.OrcOutputFormat, compressed:false, numBuckets:-1, serdeInfo:SerDeInfo(name:null, serializationLib:org.apache.hadoop.hive.ql.io.orc.OrcSerde, parameters:{serialization.format=1}), bucketCols:[], sortCols:[], parameters:{}, skewedInfo:SkewedInfo(skewedColNames:[], skewedColValues:[], skewedColValueLocationMaps:{}), storedAsSubDirectories:false), partitionKeys:[], parameters:{bucketing_version=2, numFilesErasureCoded=0, rawDataSize=0, numRows=0, totalSize=0, COLUMN_STATS_ACCURATE={"BASIC_STATS":"true","COLUMN_STATS":{"a":"true","b":"true"}}, numFiles=0, transactional=false}, viewOriginalText:null, viewExpandedText:null, tableType:MANAGED_TABLE, privileges:PrincipalPrivilegeSet(userPrivileges:{alex=[PrivilegeGrantInfo(privilege:INSERT, createTime:-1, grantor:alex, grantorType:USER, grantOption:true), PrivilegeGrantInfo(privilege:SELECT, createTime:-1, grantor:alex, grantorType:USER, grantOption:true), PrivilegeGrantInfo(privilege:UPDATE, createTime:-1, grantor:alex, grantorType:USER, grantOption:true), PrivilegeGrantInfo(privilege:DELETE, createTime:-1, grantor:alex, grantorType:USER, grantOption:true)]}, groupPrivileges:null, rolePrivileges:null), temporary:false, catName:hive, ownerType:USER)	
2024-04-24T01:09:45,213  INFO [main] utils.FileUtils: Creating directory if it doesn't exist: file:/home/alex/Repositories/hive/ql/target/tmp/org.apache.hadoop.hive.ql.TestTxnCommands-1713946100941/warehouse/nonacidnonbucket
2024-04-24T01:09:45,226  INFO [main] metadata.Hive: Dumping metastore api call timing information for : execution phase
2024-04-24T01:09:45,226  INFO [main] metadata.Hive: Total time spent in each metastore function (ms): {createTable_(Table)=20, isCompatibleWith_(Configuration)=0}
2024-04-24T01:09:45,226  INFO [main] ql.Driver: Completed executing command(queryId=alex_20240424010945_53430e41-63ab-4cb3-91a3-e6d3f519d3af); Time taken: 0.021 seconds
2024-04-24T01:09:45,226  INFO [main] lockmgr.DbTxnManager: Stopped heartbeat for query: alex_20240424010945_53430e41-63ab-4cb3-91a3-e6d3f519d3af
2024-04-24T01:09:45,229  INFO [main] txn.TxnHandler: Expected to move at least one record from txn_components to completed_txn_components when committing txn! txnid:12
2024-04-24T01:09:45,234  INFO [main] txn.TxnHandler: Removed transactions: ([12]) from MIN_HISTORY_LEVEL
2024-04-24T01:09:45,234  WARN [main] txn.CompactionTxnHandler: No compaction queue record found for Compaction type transaction commit. txnId:12
2024-04-24T01:09:45,235  INFO [main] ql.TxnCommandsBaseForTests: Running the query: insert into acidTbl(a,b)  values(1,2),(3,4)
2024-04-24T01:09:45,235  INFO [main] ql.Driver: Compiling command(queryId=alex_20240424010945_478b05de-f3fc-40cd-a6fe-e505d2e67ed3): insert into acidTbl(a,b)  values(1,2),(3,4)
2024-04-24T01:09:45,237  INFO [main] txn.TxnHandler: Added entries to MIN_HISTORY_LEVEL for current txns: ([13]) with min_open_txn: 1
2024-04-24T01:09:45,237  INFO [main] lockmgr.DbTxnManager: Opened txnid:13
2024-04-24T01:09:45,238  INFO [main] parse.CalcitePlanner: Starting caching scope for: 
2024-04-24T01:09:45,238  INFO [main] parse.CalcitePlanner: Starting Semantic Analysis
2024-04-24T01:09:45,243  INFO [main] HiveMetaStore.audit: ugi=alex	ip=unknown-ip-addr	cmd=get_table : tbl=hive.default.acidTbl	
2024-04-24T01:09:45,266  INFO [main] metastore.HMSHandler: Skipping translation for processor with null
2024-04-24T01:09:45,267  INFO [main] parse.CalcitePlanner: Completed phase 1 of Semantic Analysis
2024-04-24T01:09:45,267  INFO [main] parse.CalcitePlanner: Get metadata for source tables
2024-04-24T01:09:45,267  INFO [main] parse.CalcitePlanner: Get metadata for subqueries
2024-04-24T01:09:45,267  INFO [main] parse.CalcitePlanner: Get metadata for destination tables
2024-04-24T01:09:45,267  INFO [main] HiveMetaStore.audit: ugi=alex	ip=unknown-ip-addr	cmd=get_table : tbl=hive.default.acidTbl	
2024-04-24T01:09:45,277  INFO [main] metastore.HMSHandler: Skipping translation for processor with null
2024-04-24T01:09:45,277  INFO [main] parse.CalcitePlanner: Completed getting MetaData in Semantic Analysis
2024-04-24T01:09:45,277  INFO [main] parse.CalcitePlanner: Disabling LLAP IO encode as ETL query is detected
2024-04-24T01:09:45,305  INFO [main] HiveMetaStore.audit: ugi=alex	ip=unknown-ip-addr	cmd=get_all_table_constraints : tbl=hive._dummy_database._dummy_table	
2024-04-24T01:09:45,380  INFO [main] parse.CalcitePlanner: Get metadata for source tables
2024-04-24T01:09:45,380  INFO [main] parse.CalcitePlanner: Get metadata for subqueries
2024-04-24T01:09:45,380  INFO [main] parse.CalcitePlanner: Get metadata for source tables
2024-04-24T01:09:45,381  INFO [main] HiveMetaStore.audit: ugi=alex	ip=unknown-ip-addr	cmd=get_table : tbl=hive._dummy_database._dummy_table	
2024-04-24T01:09:45,383  INFO [main] parse.CalcitePlanner: Get metadata for subqueries
2024-04-24T01:09:45,383  INFO [main] parse.CalcitePlanner: Get metadata for destination tables
2024-04-24T01:09:45,383  INFO [main] parse.CalcitePlanner: Get metadata for destination tables
2024-04-24T01:09:45,383  INFO [main] HiveMetaStore.audit: ugi=alex	ip=unknown-ip-addr	cmd=get_table : tbl=hive.default.acidTbl	
2024-04-24T01:09:45,389  INFO [main] metastore.HMSHandler: Skipping translation for processor with null
2024-04-24T01:09:45,391  INFO [main] HiveMetaStore.audit: ugi=alex	ip=unknown-ip-addr	cmd=get_not_null_constraints : tbl=hive.default.acidtbl	
2024-04-24T01:09:45,393  INFO [main] HiveMetaStore.audit: ugi=alex	ip=unknown-ip-addr	cmd=get_check_constraints : tbl=hive.default.acidtbl	
2024-04-24T01:09:45,400  INFO [main] txn.TxnHandler: Allocated writeId: 1 for txnId: 13
2024-04-24T01:09:45,401  INFO [main] txn.TxnHandler: Allocated write ids for dbName=default, tblName=acidtbl (txnIds: [13])
2024-04-24T01:09:45,401  INFO [main] parse.CalcitePlanner: CBO Succeeded; optimized logical plan.
2024-04-24T01:09:45,405  INFO [main] optimizer.ColumnPrunerProcFactory: RS 4 oldColExprMap: {VALUE._col0=Column[_col1], KEY.reducesinkkey0=Column[_col0]}
2024-04-24T01:09:45,405  INFO [main] optimizer.ColumnPrunerProcFactory: RS 4 newColExprMap: {KEY.reducesinkkey0=Column[_col0], VALUE._col0=Column[_col1]}
2024-04-24T01:09:45,406  INFO [main] optimizer.BucketVersionPopulator: not considering bucketingVersion for: TS[0] because it has -1<2 buckets 
2024-04-24T01:09:45,406  INFO [main] optimizer.SortedDynPartitionOptimizer: Sorted dynamic partitioning optimization kicked in..
2024-04-24T01:09:45,415  INFO [main] HiveMetaStore.audit: ugi=alex	ip=unknown-ip-addr	cmd=get_table : tbl=hive.default.acidtbl	
2024-04-24T01:09:45,421  INFO [main] metastore.HMSHandler: Skipping translation for processor with null
2024-04-24T01:09:45,422  INFO [main] physical.Vectorizer: Examining input format to see if vectorization is enabled.
2024-04-24T01:09:45,422  INFO [main] physical.Vectorizer: Map vectorization enabled: false
2024-04-24T01:09:45,422  INFO [main] physical.Vectorizer: Map vectorized: false
2024-04-24T01:09:45,422  INFO [main] physical.Vectorizer: Map vectorizedVertexNum: 0
2024-04-24T01:09:45,422  INFO [main] physical.Vectorizer: Map enabledConditionsMet: [hive.vectorized.use.vectorized.input.format IS true]
2024-04-24T01:09:45,422  INFO [main] physical.Vectorizer: Map enabledConditionsNotMet: [Could not enable vectorization due to partition column names size 1 is greater than the number of table column names size 0 IS false]
2024-04-24T01:09:45,422  INFO [main] physical.Vectorizer: Map inputFileFormatClassNameSet: [org.apache.hadoop.hive.ql.io.NullRowsInputFormat]
2024-04-24T01:09:45,422  INFO [main] physical.Vectorizer: Reduce vectorization enabled: false
2024-04-24T01:09:45,422  INFO [main] physical.Vectorizer: Reduce vectorized: false
2024-04-24T01:09:45,422  INFO [main] physical.Vectorizer: Reduce vectorizedVertexNum: 1
2024-04-24T01:09:45,422  INFO [main] physical.Vectorizer: Reducer hive.vectorized.execution.reduce.enabled: true
2024-04-24T01:09:45,422  INFO [main] physical.Vectorizer: Reducer engine: mr
2024-04-24T01:09:45,422  INFO [main] parse.CalcitePlanner: Completed plan generation
2024-04-24T01:09:45,422  INFO [main] parse.CalcitePlanner: Ending caching scope for: 
2024-04-24T01:09:45,422  INFO [main] ql.Driver: Semantic Analysis Completed (retrial = false)
2024-04-24T01:09:45,422  INFO [main] ql.Driver: Created Hive schema: Schema(fieldSchemas:[FieldSchema(name:_col0, type:int, comment:null), FieldSchema(name:_col1, type:int, comment:null)], properties:null)
2024-04-24T01:09:45,422  INFO [main] metadata.Hive: Dumping metastore api call timing information for : compilation phase
2024-04-24T01:09:45,422  INFO [main] metadata.Hive: Total time spent in each metastore function (ms): {getValidWriteIds_(List, String)=5, getAllTableConstraints_(AllTableConstraintsRequest)=31, isCompatibleWith_(Configuration)=1, flushCache_()=0, getNotNullConstraints_(NotNullConstraintsRequest)=1, getCheckConstraints_(CheckConstraintsRequest)=1, openTxn_(String, TxnType)=1, getValidTxns_(long)=0, commitTxn_(CommitTxnRequest)=9, getTable_(GetTableRequest)=45, allocateTableWriteId_(long, String, String)=7}
2024-04-24T01:09:45,423  INFO [main] ql.Driver: Completed compiling command(queryId=alex_20240424010945_478b05de-f3fc-40cd-a6fe-e505d2e67ed3); Time taken: 0.187 seconds
2024-04-24T01:09:45,423  INFO [main] lockmgr.DbTxnManager: Setting lock request transaction to txnid:13 for queryId=alex_20240424010945_478b05de-f3fc-40cd-a6fe-e505d2e67ed3
2024-04-24T01:09:45,423  INFO [main] lockmgr.DbLockManager: Requesting lock for queryId=alex_20240424010945_478b05de-f3fc-40cd-a6fe-e505d2e67ed3
2024-04-24T01:09:45,440  INFO [main] lockmgr.DbLockManager: Response to queryId=alex_20240424010945_478b05de-f3fc-40cd-a6fe-e505d2e67ed3 LockResponse(lockid:7, state:ACQUIRED)
2024-04-24T01:09:45,440  INFO [main] ql.Driver: Operation QUERY obtained 1 locks
2024-04-24T01:09:45,442  INFO [main] ql.Driver: Executing command(queryId=alex_20240424010945_478b05de-f3fc-40cd-a6fe-e505d2e67ed3): insert into acidTbl(a,b)  values(1,2),(3,4)
2024-04-24T01:09:45,443  WARN [main] ql.Driver: Hive-on-MR is deprecated in Hive 2 and may not be available in the future versions. Consider using a different execution engine (i.e. tez, spark) or using Hive 1.X releases.
Query ID = alex_20240424010945_478b05de-f3fc-40cd-a6fe-e505d2e67ed3
2024-04-24T01:09:45,443  INFO [main] ql.Driver: Query ID = alex_20240424010945_478b05de-f3fc-40cd-a6fe-e505d2e67ed3
Total jobs = 1
2024-04-24T01:09:45,443  INFO [main] ql.Driver: Total jobs = 1
Launching Job 1 out of 1
2024-04-24T01:09:45,443  INFO [main] ql.Driver: Launching Job 1 out of 1
2024-04-24T01:09:45,564  INFO [main] ql.Driver: Starting task [Stage-1:MAPRED] in serial mode
Number of reduce tasks determined at compile time: 2
2024-04-24T01:09:45,564  INFO [main] exec.Task: Number of reduce tasks determined at compile time: 2
In order to change the average load for a reducer (in bytes):
2024-04-24T01:09:45,564  INFO [main] exec.Task: In order to change the average load for a reducer (in bytes):
  set hive.exec.reducers.bytes.per.reducer=<number>
2024-04-24T01:09:45,564  INFO [main] exec.Task:   set hive.exec.reducers.bytes.per.reducer=<number>
In order to limit the maximum number of reducers:
2024-04-24T01:09:45,564  INFO [main] exec.Task: In order to limit the maximum number of reducers:
  set hive.exec.reducers.max=<number>
2024-04-24T01:09:45,564  INFO [main] exec.Task:   set hive.exec.reducers.max=<number>
In order to set a constant number of reducers:
2024-04-24T01:09:45,565  INFO [main] exec.Task: In order to set a constant number of reducers:
  set mapreduce.job.reduces=<number>
2024-04-24T01:09:45,565  INFO [main] exec.Task:   set mapreduce.job.reduces=<number>
2024-04-24T01:09:45,567  INFO [main] mr.ExecDriver: Using org.apache.hadoop.hive.ql.io.HiveInputFormat
2024-04-24T01:09:45,567  INFO [main] exec.Utilities: Processing alias $hdt$_0:_dummy_table
2024-04-24T01:09:45,567  INFO [main] exec.Utilities: Adding 1 inputs; the first input is file:/home/alex/Repositories/hive/ql/target/tmp/localscratchdir/4f767304-7e42-4d04-b6aa-1548410b71a2/hive_2024-04-24_01-09-45_235_6473895769115971589-1/dummy_path
2024-04-24T01:09:45,576  INFO [main] exec.SerializationUtilities: Serializing MapWork using kryo
2024-04-24T01:09:45,577  INFO [main] exec.Utilities: Serialized plan (via FILE) - name: null size: 5,29KB
2024-04-24T01:09:45,582  INFO [main] exec.SerializationUtilities: Serializing ReduceWork using kryo
2024-04-24T01:09:45,582  INFO [main] exec.Utilities: Serialized plan (via FILE) - name: null size: 5,92KB
2024-04-24T01:09:45,583  WARN [main] impl.MetricsSystemImpl: JobTracker metrics system already initialized!
2024-04-24T01:09:45,587  INFO [main] fs.FSStatsPublisher: created : file:/home/alex/Repositories/hive/ql/target/tmp/localscratchdir/4f767304-7e42-4d04-b6aa-1548410b71a2/hive_2024-04-24_01-09-45_235_6473895769115971589-1/-mr-10000
2024-04-24T01:09:45,589  WARN [main] impl.MetricsSystemImpl: JobTracker metrics system already initialized!
2024-04-24T01:09:45,595  WARN [main] mapreduce.JobResourceUploader: Hadoop command-line option parsing not performed. Implement the Tool interface and execute your application with ToolRunner to remedy this.
2024-04-24T01:09:45,600  WARN [main] mapreduce.JobResourceUploader: No job jar file set.  User classes may not be found. See Job or Job#setJar(String).
2024-04-24T01:09:45,601  INFO [main] io.HiveInputFormat: hive.io.file.readcolumn.ids = 
2024-04-24T01:09:45,601  INFO [main] io.HiveInputFormat: hive.io.file.readcolumn.names = 
2024-04-24T01:09:45,601  INFO [main] io.HiveInputFormat: Generating splits for dirs: file:/home/alex/Repositories/hive/ql/target/tmp/localscratchdir/4f767304-7e42-4d04-b6aa-1548410b71a2/hive_2024-04-24_01-09-45_235_6473895769115971589-1/dummy_path
2024-04-24T01:09:45,602  INFO [main] io.HiveInputFormat: number of splits 1
2024-04-24T01:09:45,619  INFO [main] mapreduce.JobSubmitter: number of splits:1
2024-04-24T01:09:45,637  INFO [main] mapreduce.JobSubmitter: Submitting tokens for job: job_local221652783_0030
2024-04-24T01:09:45,637  INFO [main] mapreduce.JobSubmitter: Executing with tokens: []
2024-04-24T01:09:45,711  INFO [main] mapreduce.Job: The url to track the job: http://localhost:8080/
Job running in-process (local Hadoop)
2024-04-24T01:09:45,711  INFO [main] exec.Task: Job running in-process (local Hadoop)
2024-04-24T01:09:45,712  INFO [Thread-2417] mapred.LocalJobRunner: OutputCommitter set in config org.apache.hadoop.hive.ql.io.HiveFileFormatUtils$NullOutputCommitter
2024-04-24T01:09:45,712  INFO [Thread-2417] mapred.LocalJobRunner: OutputCommitter is org.apache.hadoop.hive.ql.io.HiveFileFormatUtils$NullOutputCommitter
2024-04-24T01:09:45,713  INFO [Thread-2417] mapred.LocalJobRunner: Waiting for map tasks
2024-04-24T01:09:45,713  INFO [LocalJobRunner Map Task Executor #0] mapred.LocalJobRunner: Starting task: attempt_local221652783_0030_m_000000_0
2024-04-24T01:09:45,716  INFO [LocalJobRunner Map Task Executor #0] mapred.Task:  Using ResourceCalculatorProcessTree : [ ]
2024-04-24T01:09:45,717  INFO [LocalJobRunner Map Task Executor #0] mapred.MapTask: Processing split: org.apache.hadoop.hive.ql.io.NullRowsInputFormat:file:/home/alex/Repositories/hive/ql/target/tmp/localscratchdir/4f767304-7e42-4d04-b6aa-1548410b71a2/hive_2024-04-24_01-09-45_235_6473895769115971589-1/dummy_path/null:0+1
2024-04-24T01:09:45,720  INFO [LocalJobRunner Map Task Executor #0] exec.SerializationUtilities: Deserializing MapWork using kryo
2024-04-24T01:09:45,720  INFO [LocalJobRunner Map Task Executor #0] exec.Utilities: Deserialized plan (via FILE) - name: null size: 5,29KB
2024-04-24T01:09:45,721  INFO [LocalJobRunner Map Task Executor #0] mapred.MapTask: numReduceTasks: 2
2024-04-24T01:09:45,725  INFO [LocalJobRunner Map Task Executor #0] mapred.MapTask: (EQUATOR) 0 kvi 26214396(104857584)
2024-04-24T01:09:45,726  INFO [LocalJobRunner Map Task Executor #0] mapred.MapTask: mapreduce.task.io.sort.mb: 100
2024-04-24T01:09:45,726  INFO [LocalJobRunner Map Task Executor #0] mapred.MapTask: soft limit at 83886080
2024-04-24T01:09:45,726  INFO [LocalJobRunner Map Task Executor #0] mapred.MapTask: bufstart = 0; bufvoid = 104857600
2024-04-24T01:09:45,726  INFO [LocalJobRunner Map Task Executor #0] mapred.MapTask: kvstart = 26214396; length = 6553600
2024-04-24T01:09:45,726  INFO [LocalJobRunner Map Task Executor #0] mapred.MapTask: Map output collector class = org.apache.hadoop.mapred.MapTask$MapOutputBuffer
2024-04-24T01:09:45,727  INFO [LocalJobRunner Map Task Executor #0] exec.MapOperator: Initializing Operator: MAP[0]
2024-04-24T01:09:45,727  INFO [LocalJobRunner Map Task Executor #0] mr.ExecMapper: 
<MAP>Id =0
  <Children>null
  <\Children>
  <Parent><\Parent>
<\MAP>
2024-04-24T01:09:45,728  INFO [LocalJobRunner Map Task Executor #0] exec.TableScanOperator: Initializing Operator: TS[0]
2024-04-24T01:09:45,728  INFO [LocalJobRunner Map Task Executor #0] exec.SelectOperator: Initializing Operator: SEL[1]
2024-04-24T01:09:45,728  INFO [LocalJobRunner Map Task Executor #0] exec.SelectOperator: SELECT null
2024-04-24T01:09:45,728  INFO [LocalJobRunner Map Task Executor #0] exec.UDTFOperator: Initializing Operator: UDTF[2]
2024-04-24T01:09:45,728  INFO [LocalJobRunner Map Task Executor #0] exec.SelectOperator: Initializing Operator: SEL[3]
2024-04-24T01:09:45,729  INFO [LocalJobRunner Map Task Executor #0] exec.SelectOperator: SELECT struct<col1:int,col2:int>
2024-04-24T01:09:45,729  INFO [LocalJobRunner Map Task Executor #0] exec.ReduceSinkOperator: Initializing Operator: RS[4]
2024-04-24T01:09:45,729  INFO [LocalJobRunner Map Task Executor #0] exec.ReduceSinkOperator: Using tag = -1
2024-04-24T01:09:45,729  INFO [LocalJobRunner Map Task Executor #0] exec.ReduceSinkOperator: keys are [reducesinkkey0] num distributions: 1
2024-04-24T01:09:45,729  INFO [LocalJobRunner Map Task Executor #0] exec.ReduceSinkOperator: RS[4]: records written - 1
2024-04-24T01:09:45,729  INFO [LocalJobRunner Map Task Executor #0] exec.MapOperator: MAP[0]: records read - 1
2024-04-24T01:09:45,730  INFO [LocalJobRunner Map Task Executor #0] exec.MapOperator: Closing Operator: MAP[0]
2024-04-24T01:09:45,730  INFO [LocalJobRunner Map Task Executor #0] exec.MapOperator: MAP[0]: Total records read - 3. abort - false
2024-04-24T01:09:45,730  INFO [LocalJobRunner Map Task Executor #0] exec.MapOperator: RECORDS_OUT_OPERATOR_MAP_0:0, DESERIALIZE_ERRORS:0, RECORDS_OUT_INTERMEDIATE:0, RECORDS_IN:3, 
2024-04-24T01:09:45,730  INFO [LocalJobRunner Map Task Executor #0] exec.TableScanOperator: Closing Operator: TS[0]
2024-04-24T01:09:45,730  INFO [LocalJobRunner Map Task Executor #0] exec.TableScanOperator: RECORDS_OUT_INTERMEDIATE:0, RECORDS_OUT_OPERATOR_TS_0:1, 
2024-04-24T01:09:45,730  INFO [LocalJobRunner Map Task Executor #0] exec.SelectOperator: Closing Operator: SEL[1]
2024-04-24T01:09:45,730  INFO [LocalJobRunner Map Task Executor #0] exec.SelectOperator: RECORDS_OUT_OPERATOR_SEL_1:1, RECORDS_OUT_INTERMEDIATE:0, 
2024-04-24T01:09:45,730  INFO [LocalJobRunner Map Task Executor #0] exec.UDTFOperator: Closing Operator: UDTF[2]
2024-04-24T01:09:45,730  INFO [LocalJobRunner Map Task Executor #0] exec.UDTFOperator: RECORDS_OUT_OPERATOR_UDTF_2:2, RECORDS_OUT_INTERMEDIATE:0, 
2024-04-24T01:09:45,730  INFO [LocalJobRunner Map Task Executor #0] exec.SelectOperator: Closing Operator: SEL[3]
2024-04-24T01:09:45,730  INFO [LocalJobRunner Map Task Executor #0] exec.SelectOperator: RECORDS_OUT_OPERATOR_SEL_3:2, RECORDS_OUT_INTERMEDIATE:0, 
2024-04-24T01:09:45,731  INFO [LocalJobRunner Map Task Executor #0] exec.ReduceSinkOperator: Closing Operator: RS[4]
2024-04-24T01:09:45,731  INFO [LocalJobRunner Map Task Executor #0] exec.ReduceSinkOperator: RS[4]: Total records written - 2. abort - false
2024-04-24T01:09:45,731  INFO [LocalJobRunner Map Task Executor #0] exec.ReduceSinkOperator: RECORDS_OUT_OPERATOR_RS_4:2, RECORDS_OUT_INTERMEDIATE:2, 
2024-04-24T01:09:45,734  INFO [LocalJobRunner Map Task Executor #0] mapred.LocalJobRunner: 
2024-04-24T01:09:45,734  INFO [LocalJobRunner Map Task Executor #0] mapred.MapTask: Starting flush of map output
2024-04-24T01:09:45,734  INFO [LocalJobRunner Map Task Executor #0] mapred.MapTask: Spilling map output
2024-04-24T01:09:45,734  INFO [LocalJobRunner Map Task Executor #0] mapred.MapTask: bufstart = 0; bufend = 32; bufvoid = 104857600
2024-04-24T01:09:45,734  INFO [LocalJobRunner Map Task Executor #0] mapred.MapTask: kvstart = 26214396(104857584); kvend = 26214392(104857568); length = 5/6553600
2024-04-24T01:09:45,744  INFO [LocalJobRunner Map Task Executor #0] mapred.MapTask: Finished spill 0
2024-04-24T01:09:45,748  INFO [LocalJobRunner Map Task Executor #0] mapred.Task: Task:attempt_local221652783_0030_m_000000_0 is done. And is in the process of committing
2024-04-24T01:09:45,749  INFO [LocalJobRunner Map Task Executor #0] mapred.LocalJobRunner: map
2024-04-24T01:09:45,749  INFO [LocalJobRunner Map Task Executor #0] mapred.Task: Task 'attempt_local221652783_0030_m_000000_0' done.
2024-04-24T01:09:45,749  INFO [LocalJobRunner Map Task Executor #0] mapred.Task: Final Counters for attempt_local221652783_0030_m_000000_0: Counters: 26
	File System Counters
		FILE: Number of bytes read=645552
		FILE: Number of bytes written=37646726
		FILE: Number of read operations=0
		FILE: Number of large read operations=0
		FILE: Number of write operations=0
	Map-Reduce Framework
		Map input records=4
		Map output records=2
		Map output bytes=32
		Map output materialized bytes=48
		Input split bytes=361
		Combine input records=0
		Spilled Records=2
		Failed Shuffles=0
		Merged Map outputs=0
		GC time elapsed (ms)=0
		Total committed heap usage (bytes)=1309147136
	HIVE
		DESERIALIZE_ERRORS=0
		RECORDS_IN=3
		RECORDS_OUT_INTERMEDIATE=2
		RECORDS_OUT_OPERATOR_MAP_0=0
		RECORDS_OUT_OPERATOR_RS_4=2
		RECORDS_OUT_OPERATOR_SEL_1=1
		RECORDS_OUT_OPERATOR_SEL_3=2
		RECORDS_OUT_OPERATOR_TS_0=1
		RECORDS_OUT_OPERATOR_UDTF_2=2
	File Input Format Counters 
		Bytes Read=5342
2024-04-24T01:09:45,749  INFO [LocalJobRunner Map Task Executor #0] mapred.LocalJobRunner: Finishing task: attempt_local221652783_0030_m_000000_0
2024-04-24T01:09:45,749  INFO [Thread-2417] mapred.LocalJobRunner: map task executor complete.
2024-04-24T01:09:45,750  INFO [Thread-2417] mapred.LocalJobRunner: Waiting for reduce tasks
2024-04-24T01:09:45,751  INFO [pool-152-thread-1] mapred.LocalJobRunner: Starting task: attempt_local221652783_0030_r_000000_0
2024-04-24T01:09:45,753  INFO [pool-152-thread-1] mapred.Task:  Using ResourceCalculatorProcessTree : [ ]
2024-04-24T01:09:45,753  INFO [pool-152-thread-1] mapred.ReduceTask: Using ShuffleConsumerPlugin: org.apache.hadoop.mapreduce.task.reduce.Shuffle@4bd4725
2024-04-24T01:09:45,753  WARN [pool-152-thread-1] impl.MetricsSystemImpl: JobTracker metrics system already initialized!
2024-04-24T01:09:45,754  INFO [pool-152-thread-1] reduce.MergeManagerImpl: MergerManager: memoryLimit=1336252800, maxSingleShuffleLimit=334063200, mergeThreshold=881926912, ioSortFactor=10, memToMemMergeOutputsThreshold=10
2024-04-24T01:09:45,754  INFO [EventFetcher for fetching Map Completion Events] reduce.EventFetcher: attempt_local221652783_0030_r_000000_0 Thread started: EventFetcher for fetching Map Completion Events
2024-04-24T01:09:45,757  INFO [localfetcher#43] reduce.LocalFetcher: localfetcher#43 about to shuffle output of map attempt_local221652783_0030_m_000000_0 decomp: 20 len: 24 to MEMORY
2024-04-24T01:09:45,757  INFO [localfetcher#43] reduce.InMemoryMapOutput: Read 20 bytes from map-output for attempt_local221652783_0030_m_000000_0
2024-04-24T01:09:45,757  INFO [localfetcher#43] reduce.MergeManagerImpl: closeInMemoryFile -> map-output of size: 20, inMemoryMapOutputs.size() -> 1, commitMemory -> 0, usedMemory ->20
2024-04-24T01:09:45,758  INFO [EventFetcher for fetching Map Completion Events] reduce.EventFetcher: EventFetcher is interrupted.. Returning
2024-04-24T01:09:45,758  INFO [pool-152-thread-1] mapred.LocalJobRunner: 1 / 1 copied.
2024-04-24T01:09:45,758  INFO [pool-152-thread-1] reduce.MergeManagerImpl: finalMerge called with 1 in-memory map-outputs and 0 on-disk map-outputs
2024-04-24T01:09:45,764  INFO [pool-152-thread-1] mapred.Merger: Merging 1 sorted segments
2024-04-24T01:09:45,764  INFO [pool-152-thread-1] mapred.Merger: Down to the last merge-pass, with 1 segments left of total size: 8 bytes
2024-04-24T01:09:45,767  INFO [pool-152-thread-1] reduce.MergeManagerImpl: Merged 1 segments, 20 bytes to disk to satisfy reduce memory limit
2024-04-24T01:09:45,767  INFO [pool-152-thread-1] reduce.MergeManagerImpl: Merging 1 files, 24 bytes from disk
2024-04-24T01:09:45,767  INFO [pool-152-thread-1] reduce.MergeManagerImpl: Merging 0 segments, 0 bytes from memory into reduce
2024-04-24T01:09:45,767  INFO [pool-152-thread-1] mapred.Merger: Merging 1 sorted segments
2024-04-24T01:09:45,767  INFO [pool-152-thread-1] mapred.Merger: Down to the last merge-pass, with 1 segments left of total size: 8 bytes
2024-04-24T01:09:45,767  INFO [pool-152-thread-1] mapred.LocalJobRunner: 1 / 1 copied.
2024-04-24T01:09:45,768  INFO [pool-152-thread-1] exec.SerializationUtilities: Deserializing ReduceWork using kryo
2024-04-24T01:09:45,768  INFO [pool-152-thread-1] exec.Utilities: Deserialized plan (via FILE) - name: null size: 5,92KB
2024-04-24T01:09:45,769  INFO [pool-152-thread-1] ExecReducer: 
<SEL>Id =5
  <Children>
    <FS>Id =6
      <Children>
      <\Children>
      <Parent>Id = 5 null<\Parent>
    <\FS>
  <\Children>
  <Parent><\Parent>
<\SEL>
2024-04-24T01:09:45,769  INFO [pool-152-thread-1] exec.SelectOperator: Initializing Operator: SEL[5]
2024-04-24T01:09:45,769  INFO [pool-152-thread-1] exec.SelectOperator: SELECT struct<key:struct<reducesinkkey0:int>,value:struct<_col0:int>>
2024-04-24T01:09:45,769  INFO [pool-152-thread-1] exec.FileSinkOperator: Initializing Operator: FS[6]
2024-04-24T01:09:45,770  INFO [pool-152-thread-1] exec.FileSinkOperator: Using serializer : AbstractSerDe [log=org.apache.logging.slf4j.Log4jLogger@7c52fdfa, configuration=Optional[Configuration: core-default.xml, core-site.xml, mapred-default.xml, mapred-site.xml, yarn-default.xml, yarn-site.xml, hdfs-default.xml, hdfs-site.xml, file:/home/alex/Repositories/hive/ql/target/tmp/TestTxnCommandsWithSplitUpdateAndVectorization/mapred/local/localRunner/alex/job_local221652783_0030/job_local221652783_0030.xml], properties={transactional_properties=default, name=default.acidtbl, transactional=true, columns.types=int:int, bucket_field_name=a, columns=a,b, numFilesErasureCoded=0, columns.comments=&amp#0;, bucketing_version=2, bucket_count=2, serialization.lib=org.apache.hadoop.hive.ql.io.orc.OrcSerde, file.inputformat=org.apache.hadoop.hive.ql.io.orc.OrcInputFormat, file.outputformat=org.apache.hadoop.hive.ql.io.orc.OrcOutputFormat, location=file:/home/alex/Repositories/hive/ql/target/tmp/org.apache.hadoop.hive.ql.TestTxnCommands-1713946100941/warehouse/acidtbl, column.name.delimiter=,}, tableProperties={transactional_properties=default, name=default.acidtbl, transactional=true, columns.types=int:int, bucket_field_name=a, columns=a,b, numFilesErasureCoded=0, columns.comments=&amp#0;, bucketing_version=2, bucket_count=2, serialization.lib=org.apache.hadoop.hive.ql.io.orc.OrcSerde, file.inputformat=org.apache.hadoop.hive.ql.io.orc.OrcInputFormat, location=file:/home/alex/Repositories/hive/ql/target/tmp/org.apache.hadoop.hive.ql.TestTxnCommands-1713946100941/warehouse/acidtbl, file.outputformat=org.apache.hadoop.hive.ql.io.orc.OrcOutputFormat, column.name.delimiter=,}, partitionProperties=Optional.empty, columnNames=[a, b], columnTypes=[int, int], getClass()=class org.apache.hadoop.hive.ql.io.orc.OrcSerde] and formatter : org.apache.hadoop.hive.ql.io.orc.OrcOutputFormat@2a999dc
2024-04-24T01:09:45,770  INFO [pool-152-thread-1] exec.FileSinkOperator: Final Path: FS file:/home/alex/Repositories/hive/ql/target/tmp/org.apache.hadoop.hive.ql.TestTxnCommands-1713946100941/warehouse/acidtbl
2024-04-24T01:09:45,770  INFO [pool-152-thread-1] exec.FileSinkOperator: New Final Path: FS file:/home/alex/Repositories/hive/ql/target/tmp/org.apache.hadoop.hive.ql.TestTxnCommands-1713946100941/warehouse/acidtbl
2024-04-24T01:09:45,770  INFO [pool-152-thread-1] common.FileUtils: Creating directory if it doesn't exist: file:/home/alex/Repositories/hive/ql/target/tmp/org.apache.hadoop.hive.ql.TestTxnCommands-1713946100941/warehouse
2024-04-24T01:09:45,771  INFO [pool-152-thread-1] exec.FileSinkOperator: FS[6]: records written - 1
2024-04-24T01:09:45,771  INFO [pool-152-thread-1] impl.PhysicalFsWriter: ORC writer created for path: file:/home/alex/Repositories/hive/ql/target/tmp/org.apache.hadoop.hive.ql.TestTxnCommands-1713946100941/warehouse/acidtbl/delta_0000001_0000001_0000/bucket_00000_0 with stripeSize: 8388608 blockSize: 268435456 compression: Compress: ZLIB buffer: 32768
2024-04-24T01:09:45,778  INFO [pool-152-thread-1] impl.WriterImpl: ORC writer created for path: file:/home/alex/Repositories/hive/ql/target/tmp/org.apache.hadoop.hive.ql.TestTxnCommands-1713946100941/warehouse/acidtbl/delta_0000001_0000001_0000/bucket_00000_0 with stripeSize: 8388608 options: Compress: ZLIB buffer: 32768
2024-04-24T01:09:45,783  INFO [pool-152-thread-1] exec.SelectOperator: Closing Operator: SEL[5]
2024-04-24T01:09:45,783  INFO [pool-152-thread-1] exec.SelectOperator: RECORDS_OUT_INTERMEDIATE:0, RECORDS_OUT_OPERATOR_SEL_5:1, 
2024-04-24T01:09:45,783  INFO [pool-152-thread-1] exec.FileSinkOperator: Closing Operator: FS[6]
2024-04-24T01:09:45,783  INFO [pool-152-thread-1] exec.FileSinkOperator: FS[6]: records written - 1
2024-04-24T01:09:45,785  INFO [pool-152-thread-1] FileOperations: Writing manifest to file:/home/alex/Repositories/hive/ql/target/tmp/org.apache.hadoop.hive.ql.TestTxnCommands-1713946100941/warehouse/acidtbl/_tmp.delta_0000001_0000001_0000/000000_0.manifest with [file:/home/alex/Repositories/hive/ql/target/tmp/org.apache.hadoop.hive.ql.TestTxnCommands-1713946100941/warehouse/acidtbl/delta_0000001_0000001_0000/bucket_00000_0]
2024-04-24T01:09:45,797  INFO [pool-152-thread-1] exec.FileSinkOperator: TOTAL_TABLE_ROWS_WRITTEN:1, RECORDS_OUT_INTERMEDIATE:0, RECORDS_OUT_1_default.acidtbl:1, RECORDS_OUT_OPERATOR_FS_6:1, 
2024-04-24T01:09:45,797  INFO [pool-152-thread-1] mapred.Task: Task:attempt_local221652783_0030_r_000000_0 is done. And is in the process of committing
2024-04-24T01:09:45,798  INFO [pool-152-thread-1] mapred.LocalJobRunner: reduce > reduce
2024-04-24T01:09:45,798  INFO [pool-152-thread-1] mapred.Task: Task 'attempt_local221652783_0030_r_000000_0' done.
2024-04-24T01:09:45,798  INFO [pool-152-thread-1] mapred.Task: Final Counters for attempt_local221652783_0030_r_000000_0: Counters: 30
	File System Counters
		FILE: Number of bytes read=651659
		FILE: Number of bytes written=37647765
		FILE: Number of read operations=0
		FILE: Number of large read operations=0
		FILE: Number of write operations=0
	Map-Reduce Framework
		Combine input records=0
		Combine output records=0
		Reduce input groups=1
		Reduce shuffle bytes=24
		Reduce input records=1
		Reduce output records=0
		Spilled Records=1
		Shuffled Maps =1
		Failed Shuffles=0
		Merged Map outputs=1
		GC time elapsed (ms)=0
		Total committed heap usage (bytes)=1309147136
	HIVE
		CREATED_FILES=1
		RECORDS_OUT_1_default.acidtbl=1
		RECORDS_OUT_INTERMEDIATE=0
		RECORDS_OUT_OPERATOR_FS_6=1
		RECORDS_OUT_OPERATOR_SEL_5=1
		TOTAL_TABLE_ROWS_WRITTEN=1
	Shuffle Errors
		BAD_ID=0
		CONNECTION=0
		IO_ERROR=0
		WRONG_LENGTH=0
		WRONG_MAP=0
		WRONG_REDUCE=0
	File Output Format Counters 
		Bytes Written=0
2024-04-24T01:09:45,798  INFO [pool-152-thread-1] mapred.LocalJobRunner: Finishing task: attempt_local221652783_0030_r_000000_0
2024-04-24T01:09:45,798  INFO [pool-152-thread-1] mapred.LocalJobRunner: Starting task: attempt_local221652783_0030_r_000001_0
2024-04-24T01:09:45,799  INFO [pool-152-thread-1] mapred.Task:  Using ResourceCalculatorProcessTree : [ ]
2024-04-24T01:09:45,799  INFO [pool-152-thread-1] mapred.ReduceTask: Using ShuffleConsumerPlugin: org.apache.hadoop.mapreduce.task.reduce.Shuffle@8c51e28
2024-04-24T01:09:45,799  WARN [pool-152-thread-1] impl.MetricsSystemImpl: JobTracker metrics system already initialized!
2024-04-24T01:09:45,800  INFO [pool-152-thread-1] reduce.MergeManagerImpl: MergerManager: memoryLimit=1336252800, maxSingleShuffleLimit=334063200, mergeThreshold=881926912, ioSortFactor=10, memToMemMergeOutputsThreshold=10
2024-04-24T01:09:45,801  INFO [EventFetcher for fetching Map Completion Events] reduce.EventFetcher: attempt_local221652783_0030_r_000001_0 Thread started: EventFetcher for fetching Map Completion Events
2024-04-24T01:09:45,804  INFO [localfetcher#44] reduce.LocalFetcher: localfetcher#44 about to shuffle output of map attempt_local221652783_0030_m_000000_0 decomp: 20 len: 24 to MEMORY
2024-04-24T01:09:45,804  INFO [localfetcher#44] reduce.InMemoryMapOutput: Read 20 bytes from map-output for attempt_local221652783_0030_m_000000_0
2024-04-24T01:09:45,804  INFO [localfetcher#44] reduce.MergeManagerImpl: closeInMemoryFile -> map-output of size: 20, inMemoryMapOutputs.size() -> 1, commitMemory -> 0, usedMemory ->20
2024-04-24T01:09:45,804  INFO [EventFetcher for fetching Map Completion Events] reduce.EventFetcher: EventFetcher is interrupted.. Returning
2024-04-24T01:09:45,805  INFO [pool-152-thread-1] mapred.LocalJobRunner: 1 / 1 copied.
2024-04-24T01:09:45,805  INFO [pool-152-thread-1] reduce.MergeManagerImpl: finalMerge called with 1 in-memory map-outputs and 0 on-disk map-outputs
2024-04-24T01:09:45,811  INFO [pool-152-thread-1] mapred.Merger: Merging 1 sorted segments
2024-04-24T01:09:45,811  INFO [pool-152-thread-1] mapred.Merger: Down to the last merge-pass, with 1 segments left of total size: 8 bytes
2024-04-24T01:09:45,814  INFO [pool-152-thread-1] reduce.MergeManagerImpl: Merged 1 segments, 20 bytes to disk to satisfy reduce memory limit
2024-04-24T01:09:45,814  INFO [pool-152-thread-1] reduce.MergeManagerImpl: Merging 1 files, 24 bytes from disk
2024-04-24T01:09:45,814  INFO [pool-152-thread-1] reduce.MergeManagerImpl: Merging 0 segments, 0 bytes from memory into reduce
2024-04-24T01:09:45,814  INFO [pool-152-thread-1] mapred.Merger: Merging 1 sorted segments
2024-04-24T01:09:45,814  INFO [pool-152-thread-1] mapred.Merger: Down to the last merge-pass, with 1 segments left of total size: 8 bytes
2024-04-24T01:09:45,815  INFO [pool-152-thread-1] mapred.LocalJobRunner: 1 / 1 copied.
2024-04-24T01:09:45,815  INFO [pool-152-thread-1] exec.SerializationUtilities: Deserializing ReduceWork using kryo
2024-04-24T01:09:45,816  INFO [pool-152-thread-1] exec.Utilities: Deserialized plan (via FILE) - name: null size: 5,92KB
2024-04-24T01:09:45,817  INFO [pool-152-thread-1] ExecReducer: 
<SEL>Id =5
  <Children>
    <FS>Id =6
      <Children>
      <\Children>
      <Parent>Id = 5 null<\Parent>
    <\FS>
  <\Children>
  <Parent><\Parent>
<\SEL>
2024-04-24T01:09:45,817  INFO [pool-152-thread-1] exec.SelectOperator: Initializing Operator: SEL[5]
2024-04-24T01:09:45,817  INFO [pool-152-thread-1] exec.SelectOperator: SELECT struct<key:struct<reducesinkkey0:int>,value:struct<_col0:int>>
2024-04-24T01:09:45,817  INFO [pool-152-thread-1] exec.FileSinkOperator: Initializing Operator: FS[6]
2024-04-24T01:09:45,817  INFO [pool-152-thread-1] exec.FileSinkOperator: Using serializer : AbstractSerDe [log=org.apache.logging.slf4j.Log4jLogger@7c52fdfa, configuration=Optional[Configuration: core-default.xml, core-site.xml, mapred-default.xml, mapred-site.xml, yarn-default.xml, yarn-site.xml, hdfs-default.xml, hdfs-site.xml, file:/home/alex/Repositories/hive/ql/target/tmp/TestTxnCommandsWithSplitUpdateAndVectorization/mapred/local/localRunner/alex/job_local221652783_0030/job_local221652783_0030.xml], properties={transactional_properties=default, name=default.acidtbl, transactional=true, columns.types=int:int, bucket_field_name=a, columns=a,b, numFilesErasureCoded=0, columns.comments=&amp#0;, bucketing_version=2, bucket_count=2, serialization.lib=org.apache.hadoop.hive.ql.io.orc.OrcSerde, file.inputformat=org.apache.hadoop.hive.ql.io.orc.OrcInputFormat, file.outputformat=org.apache.hadoop.hive.ql.io.orc.OrcOutputFormat, location=file:/home/alex/Repositories/hive/ql/target/tmp/org.apache.hadoop.hive.ql.TestTxnCommands-1713946100941/warehouse/acidtbl, column.name.delimiter=,}, tableProperties={transactional_properties=default, name=default.acidtbl, transactional=true, columns.types=int:int, bucket_field_name=a, columns=a,b, numFilesErasureCoded=0, columns.comments=&amp#0;, bucketing_version=2, bucket_count=2, serialization.lib=org.apache.hadoop.hive.ql.io.orc.OrcSerde, file.inputformat=org.apache.hadoop.hive.ql.io.orc.OrcInputFormat, location=file:/home/alex/Repositories/hive/ql/target/tmp/org.apache.hadoop.hive.ql.TestTxnCommands-1713946100941/warehouse/acidtbl, file.outputformat=org.apache.hadoop.hive.ql.io.orc.OrcOutputFormat, column.name.delimiter=,}, partitionProperties=Optional.empty, columnNames=[a, b], columnTypes=[int, int], getClass()=class org.apache.hadoop.hive.ql.io.orc.OrcSerde] and formatter : org.apache.hadoop.hive.ql.io.orc.OrcOutputFormat@5f772009
2024-04-24T01:09:45,818  INFO [pool-152-thread-1] exec.FileSinkOperator: Final Path: FS file:/home/alex/Repositories/hive/ql/target/tmp/org.apache.hadoop.hive.ql.TestTxnCommands-1713946100941/warehouse/acidtbl
2024-04-24T01:09:45,818  INFO [pool-152-thread-1] exec.FileSinkOperator: New Final Path: FS file:/home/alex/Repositories/hive/ql/target/tmp/org.apache.hadoop.hive.ql.TestTxnCommands-1713946100941/warehouse/acidtbl
2024-04-24T01:09:45,818  INFO [pool-152-thread-1] common.FileUtils: Creating directory if it doesn't exist: file:/home/alex/Repositories/hive/ql/target/tmp/org.apache.hadoop.hive.ql.TestTxnCommands-1713946100941/warehouse
2024-04-24T01:09:45,819  INFO [pool-152-thread-1] exec.FileSinkOperator: FS[6]: records written - 1
2024-04-24T01:09:45,819  INFO [pool-152-thread-1] impl.PhysicalFsWriter: ORC writer created for path: file:/home/alex/Repositories/hive/ql/target/tmp/org.apache.hadoop.hive.ql.TestTxnCommands-1713946100941/warehouse/acidtbl/delta_0000001_0000001_0000/bucket_00001_0 with stripeSize: 8388608 blockSize: 268435456 compression: Compress: ZLIB buffer: 32768
2024-04-24T01:09:45,824  INFO [pool-152-thread-1] impl.WriterImpl: ORC writer created for path: file:/home/alex/Repositories/hive/ql/target/tmp/org.apache.hadoop.hive.ql.TestTxnCommands-1713946100941/warehouse/acidtbl/delta_0000001_0000001_0000/bucket_00001_0 with stripeSize: 8388608 options: Compress: ZLIB buffer: 32768
2024-04-24T01:09:45,824  INFO [pool-152-thread-1] exec.SelectOperator: Closing Operator: SEL[5]
2024-04-24T01:09:45,824  INFO [pool-152-thread-1] exec.SelectOperator: RECORDS_OUT_INTERMEDIATE:0, RECORDS_OUT_OPERATOR_SEL_5:1, 
2024-04-24T01:09:45,824  INFO [pool-152-thread-1] exec.FileSinkOperator: Closing Operator: FS[6]
2024-04-24T01:09:45,824  INFO [pool-152-thread-1] exec.FileSinkOperator: FS[6]: records written - 1
2024-04-24T01:09:45,826  INFO [pool-152-thread-1] FileOperations: Writing manifest to file:/home/alex/Repositories/hive/ql/target/tmp/org.apache.hadoop.hive.ql.TestTxnCommands-1713946100941/warehouse/acidtbl/_tmp.delta_0000001_0000001_0000/000001_0.manifest with [file:/home/alex/Repositories/hive/ql/target/tmp/org.apache.hadoop.hive.ql.TestTxnCommands-1713946100941/warehouse/acidtbl/delta_0000001_0000001_0000/bucket_00001_0]
2024-04-24T01:09:45,841  INFO [pool-152-thread-1] exec.FileSinkOperator: RECORDS_OUT_OPERATOR_FS_6:1, TOTAL_TABLE_ROWS_WRITTEN:1, RECORDS_OUT_1_default.acidtbl:1, RECORDS_OUT_INTERMEDIATE:0, 
2024-04-24T01:09:45,842  INFO [pool-152-thread-1] mapred.Task: Task:attempt_local221652783_0030_r_000001_0 is done. And is in the process of committing
2024-04-24T01:09:45,842  INFO [pool-152-thread-1] mapred.LocalJobRunner: reduce > reduce
2024-04-24T01:09:45,842  INFO [pool-152-thread-1] mapred.Task: Task 'attempt_local221652783_0030_r_000001_0' done.
2024-04-24T01:09:45,842  INFO [pool-152-thread-1] mapred.Task: Final Counters for attempt_local221652783_0030_r_000001_0: Counters: 30
	File System Counters
		FILE: Number of bytes read=657742
		FILE: Number of bytes written=37648793
		FILE: Number of read operations=0
		FILE: Number of large read operations=0
		FILE: Number of write operations=0
	Map-Reduce Framework
		Combine input records=0
		Combine output records=0
		Reduce input groups=1
		Reduce shuffle bytes=24
		Reduce input records=1
		Reduce output records=0
		Spilled Records=1
		Shuffled Maps =1
		Failed Shuffles=0
		Merged Map outputs=1
		GC time elapsed (ms)=0
		Total committed heap usage (bytes)=1309147136
	HIVE
		CREATED_FILES=1
		RECORDS_OUT_1_default.acidtbl=1
		RECORDS_OUT_INTERMEDIATE=0
		RECORDS_OUT_OPERATOR_FS_6=1
		RECORDS_OUT_OPERATOR_SEL_5=1
		TOTAL_TABLE_ROWS_WRITTEN=1
	Shuffle Errors
		BAD_ID=0
		CONNECTION=0
		IO_ERROR=0
		WRONG_LENGTH=0
		WRONG_MAP=0
		WRONG_REDUCE=0
	File Output Format Counters 
		Bytes Written=0
2024-04-24T01:09:45,842  INFO [pool-152-thread-1] mapred.LocalJobRunner: Finishing task: attempt_local221652783_0030_r_000001_0
2024-04-24T01:09:45,842  INFO [Thread-2417] mapred.LocalJobRunner: reduce task executor complete.
2024-04-24 01:09:46,714 Stage-1 map = 100%,  reduce = 100%
2024-04-24T01:09:46,714  INFO [main] exec.Task: 2024-04-24 01:09:46,714 Stage-1 map = 100%,  reduce = 100%
Ended Job = job_local221652783_0030
2024-04-24T01:09:46,716  INFO [main] exec.Task: Ended Job = job_local221652783_0030
2024-04-24T01:09:46,717  INFO [main] FileOperations: Found manifest file file:/home/alex/Repositories/hive/ql/target/tmp/org.apache.hadoop.hive.ql.TestTxnCommands-1713946100941/warehouse/acidtbl/_tmp.delta_0000001_0000001_0000/000000_0.manifest with attemptId 0.
2024-04-24T01:09:46,717  INFO [main] FileOperations: Found manifest file file:/home/alex/Repositories/hive/ql/target/tmp/org.apache.hadoop.hive.ql.TestTxnCommands-1713946100941/warehouse/acidtbl/_tmp.delta_0000001_0000001_0000/000001_0.manifest with attemptId 0.
2024-04-24T01:09:46,717  INFO [main] FileOperations: Looking at manifest file: file:/home/alex/Repositories/hive/ql/target/tmp/org.apache.hadoop.hive.ql.TestTxnCommands-1713946100941/warehouse/acidtbl/_tmp.delta_0000001_0000001_0000/000000_0.manifest
2024-04-24T01:09:46,718  INFO [main] FileOperations: Looking at manifest file: file:/home/alex/Repositories/hive/ql/target/tmp/org.apache.hadoop.hive.ql.TestTxnCommands-1713946100941/warehouse/acidtbl/_tmp.delta_0000001_0000001_0000/000001_0.manifest
2024-04-24T01:09:46,718  INFO [main] FileOperations: Deleting manifest directory file:/home/alex/Repositories/hive/ql/target/tmp/org.apache.hadoop.hive.ql.TestTxnCommands-1713946100941/warehouse/acidtbl/_tmp.delta_0000001_0000001_0000
2024-04-24T01:09:46,719  INFO [main] ql.Driver: Starting task [Stage-0:MOVE] in serial mode
Loading data to table default.acidtbl
2024-04-24T01:09:46,719  INFO [main] exec.Task: Loading data to table default.acidtbl from file:/home/alex/Repositories/hive/ql/target/tmp/org.apache.hadoop.hive.ql.TestTxnCommands-1713946100941/warehouse/acidtbl
2024-04-24T01:09:46,719  INFO [main] HiveMetaStore.audit: ugi=alex	ip=unknown-ip-addr	cmd=get_table : tbl=hive.default.acidtbl	
2024-04-24T01:09:46,726  INFO [main] metastore.HMSHandler: Skipping translation for processor with null
2024-04-24T01:09:46,726  INFO [main] HiveMetaStore.audit: ugi=alex	ip=unknown-ip-addr	cmd=get_table : tbl=hive.default.acidtbl	
2024-04-24T01:09:46,733  INFO [main] metastore.HMSHandler: Skipping translation for processor with null
2024-04-24T01:09:46,733  INFO [main] HiveMetaStore.audit: ugi=alex	ip=unknown-ip-addr	cmd=alter_table: hive.default.acidtbl newtbl=acidtbl	
2024-04-24T01:09:46,769  INFO [main] ql.Driver: Starting task [Stage-2:STATS] in serial mode
2024-04-24T01:09:46,770  INFO [main] HiveMetaStore.audit: ugi=alex	ip=unknown-ip-addr	cmd=get_table : tbl=hive.default.acidtbl	
2024-04-24T01:09:46,775  INFO [main] metastore.HMSHandler: Skipping translation for processor with null
2024-04-24T01:09:46,776  INFO [main] stats.BasicStatsTask: Executing stats task
2024-04-24T01:09:46,776  INFO [main] fs.FSStatsPublisher: created : file:/home/alex/Repositories/hive/ql/target/tmp/localscratchdir/4f767304-7e42-4d04-b6aa-1548410b71a2/hive_2024-04-24_01-09-45_235_6473895769115971589-1/-mr-10000
2024-04-24T01:09:46,777  INFO [main] HiveMetaStore.audit: ugi=alex	ip=unknown-ip-addr	cmd=get_table : tbl=hive.default.acidtbl	
2024-04-24T01:09:46,784  INFO [main] metastore.HMSHandler: Skipping translation for processor with null
2024-04-24T01:09:46,795  WARN [main] FileOperations: Computing stats for an ACID table; stats may be inaccurate
2024-04-24T01:09:46,795  INFO [main] FileOperations: Read stats for default.acidtbl/, numRows, true, 2, false: 
2024-04-24T01:09:46,795  INFO [main] FileOperations: Read stats for default.acidtbl/, rawDataSize, true, 0, false: 
2024-04-24T01:09:46,796  INFO [main] HiveMetaStore.audit: ugi=alex	ip=unknown-ip-addr	cmd=alter_table: hive.default.acidtbl newtbl=acidtbl	
2024-04-24T01:09:46,815  INFO [main] FileOperations: Read stats for default.acidtbl/, insertCount, true, 2, false: 
2024-04-24T01:09:46,815  INFO [main] FileOperations: Read stats for default.acidtbl/, updateCount, true, 0, false: 
2024-04-24T01:09:46,815  INFO [main] FileOperations: Read stats for default.acidtbl/, deleteCount, true, 0, false: 
2024-04-24T01:09:46,817  INFO [main] stats.BasicStatsTask: Table default.acidtbl stats: [numFiles=2, numRows=2, totalSize=1344, rawDataSize=0, numFilesErasureCoded=0]
2024-04-24T01:09:46,818  INFO [main] metadata.Hive: Dumping metastore api call timing information for : execution phase
2024-04-24T01:09:46,818  INFO [main] metadata.Hive: Total time spent in each metastore function (ms): {alter_table_(String, String, String, Table, EnvironmentContext, String)=55, getTable_(GetTableRequest)=27, isCompatibleWith_(Configuration)=0, updateTransactionalStatistics_(UpdateTransactionalStatsRequest)=2}
MapReduce Jobs Launched: 
2024-04-24T01:09:46,818  INFO [main] ql.Driver: MapReduce Jobs Launched: 
Stage-Stage-1:  HDFS Read: 0 HDFS Write: 0 SUCCESS
2024-04-24T01:09:46,819  INFO [main] ql.Driver: Stage-Stage-1:  HDFS Read: 0 HDFS Write: 0 SUCCESS
Total MapReduce CPU Time Spent: 0 msec
2024-04-24T01:09:46,819  INFO [main] ql.Driver: Total MapReduce CPU Time Spent: 0 msec
2024-04-24T01:09:46,819  INFO [main] ql.Driver: Completed executing command(queryId=alex_20240424010945_478b05de-f3fc-40cd-a6fe-e505d2e67ed3); Time taken: 1.376 seconds
2024-04-24T01:09:46,819  INFO [main] lockmgr.DbTxnManager: Stopped heartbeat for query: alex_20240424010945_478b05de-f3fc-40cd-a6fe-e505d2e67ed3
2024-04-24T01:09:46,831  INFO [main] txn.TxnHandler: Removed transactions: ([13]) from MIN_HISTORY_LEVEL
2024-04-24T01:09:46,831  WARN [main] txn.CompactionTxnHandler: No compaction queue record found for Compaction type transaction commit. txnId:13
2024-04-24T01:09:46,832  INFO [main] ql.TxnCommandsBaseForTests: Running the query: select a,b from acidTbl order by a,b
2024-04-24T01:09:46,832  INFO [main] ql.Context: Deleting scratch dir: file:/home/alex/Repositories/hive/ql/target/tmp/localscratchdir/4f767304-7e42-4d04-b6aa-1548410b71a2/hive_2024-04-24_01-09-45_235_6473895769115971589-1
2024-04-24T01:09:46,833  INFO [main] cleanup.SyncCleanupService: Deleted directory: file:/home/alex/Repositories/hive/ql/target/tmp/localscratchdir/4f767304-7e42-4d04-b6aa-1548410b71a2/hive_2024-04-24_01-09-45_235_6473895769115971589-1 on fs with scheme file
2024-04-24T01:09:46,834  INFO [main] ql.Driver: Compiling command(queryId=alex_20240424010946_6d98fcb9-5da5-46ab-8283-00c486ec1cd7): select a,b from acidTbl order by a,b
2024-04-24T01:09:46,837  INFO [main] txn.TxnHandler: Added entries to MIN_HISTORY_LEVEL for current txns: ([14]) with min_open_txn: 14
2024-04-24T01:09:46,837  INFO [main] lockmgr.DbTxnManager: Opened txnid:14
2024-04-24T01:09:46,838  INFO [main] parse.CalcitePlanner: Starting caching scope for: 
2024-04-24T01:09:46,838  INFO [main] parse.CalcitePlanner: Starting Semantic Analysis
2024-04-24T01:09:46,841  INFO [main] parse.CalcitePlanner: Completed phase 1 of Semantic Analysis
2024-04-24T01:09:46,841  INFO [main] parse.CalcitePlanner: Get metadata for source tables
2024-04-24T01:09:46,842  INFO [main] HiveMetaStore.audit: ugi=alex	ip=unknown-ip-addr	cmd=get_table : tbl=hive.default.acidtbl	
2024-04-24T01:09:46,852  INFO [main] metastore.HMSHandler: Skipping translation for processor with null
2024-04-24T01:09:46,852  INFO [main] parse.CalcitePlanner: Get metadata for subqueries
2024-04-24T01:09:46,852  INFO [main] parse.CalcitePlanner: Get metadata for destination tables
2024-04-24T01:09:46,852  INFO [main] parse.CalcitePlanner: Completed getting MetaData in Semantic Analysis
2024-04-24T01:09:46,870  INFO [main] HiveMetaStore.audit: ugi=alex	ip=unknown-ip-addr	cmd=get_all_table_constraints : tbl=hive.default.acidtbl	
2024-04-24T01:09:46,883  INFO [main] calcite.RelOptHiveTable: Calculating column statistics for default.acidtbl, projIndxSet: [0, 1], allowMissingStats: true
2024-04-24T01:09:46,883  INFO [main] HiveMetaStore.audit: ugi=alex	ip=unknown-ip-addr	cmd=get_table : tbl=hive.default.acidtbl	
2024-04-24T01:09:46,895  INFO [main] metastore.HMSHandler: Skipping translation for processor with null
2024-04-24T01:09:46,896  INFO [main] HiveMetaStore.audit: ugi=alex	ip=unknown-ip-addr	cmd=get_table : tbl=hive.default.acidtbl	
2024-04-24T01:09:46,905  INFO [main] metastore.HMSHandler: Skipping translation for processor with null
2024-04-24T01:09:46,905  INFO [main] HiveMetaStore.audit: ugi=alex	ip=unknown-ip-addr	cmd=get_table_statistics_req: table=hive.default.acidtbl	
2024-04-24T01:09:46,918  WARN [main] calcite.RelOptHiveTable: No Stats for default@acidtbl, Columns: b, a
No Stats for default@acidtbl, Columns: b, a
2024-04-24T01:09:46,918  INFO [main] SessionState: No Stats for default@acidtbl, Columns: b, a
2024-04-24T01:09:46,961  INFO [main] parse.CalcitePlanner: Get metadata for source tables
2024-04-24T01:09:46,961  INFO [main] parse.CalcitePlanner: Get metadata for subqueries
2024-04-24T01:09:46,962  INFO [main] parse.CalcitePlanner: Get metadata for destination tables
2024-04-24T01:09:46,962  INFO [main] common.FileUtils: Creating directory if it doesn't exist: file:/home/alex/Repositories/hive/ql/target/tmp/localscratchdir/4f767304-7e42-4d04-b6aa-1548410b71a2/hive_2024-04-24_01-09-46_833_1750829314502616207-1/-mr-10001/.hive-staging_hive_2024-04-24_01-09-46_833_1750829314502616207-1
2024-04-24T01:09:46,970  INFO [main] parse.CalcitePlanner: CBO Succeeded; optimized logical plan.
2024-04-24T01:09:46,972  INFO [main] optimizer.ColumnPrunerProcFactory: RS 2 oldColExprMap: {KEY.reducesinkkey1=Column[_col1], KEY.reducesinkkey0=Column[_col0]}
2024-04-24T01:09:46,973  INFO [main] optimizer.ColumnPrunerProcFactory: RS 2 newColExprMap: {KEY.reducesinkkey1=Column[_col1], KEY.reducesinkkey0=Column[_col0]}
2024-04-24T01:09:46,974  INFO [main] optimizer.SortedDynPartitionOptimizer: Sorted dynamic partitioning optimization kicked in..
2024-04-24T01:09:46,985  INFO [main] physical.Vectorizer: Examining input format to see if vectorization is enabled.
2024-04-24T01:09:46,985  INFO [main] physical.Vectorizer: Vectorization is enabled for input format(s) [org.apache.hadoop.hive.ql.io.orc.OrcInputFormat]
2024-04-24T01:09:46,985  INFO [main] physical.Vectorizer: Validating and vectorizing MapWork... (vectorizedVertexNum 0)
2024-04-24T01:09:46,986  INFO [main] physical.Vectorizer: Map vectorization enabled: true
2024-04-24T01:09:46,986  INFO [main] physical.Vectorizer: Map vectorized: true
2024-04-24T01:09:46,986  INFO [main] physical.Vectorizer: Map vectorizedVertexNum: 0
2024-04-24T01:09:46,986  INFO [main] physical.Vectorizer: Map enabledConditionsMet: [hive.vectorized.use.vectorized.input.format IS true]
2024-04-24T01:09:46,986  INFO [main] physical.Vectorizer: Map inputFileFormatClassNameSet: [org.apache.hadoop.hive.ql.io.orc.OrcInputFormat]
2024-04-24T01:09:46,986  INFO [main] physical.Vectorizer: Reduce vectorization enabled: false
2024-04-24T01:09:46,986  INFO [main] physical.Vectorizer: Reduce vectorized: false
2024-04-24T01:09:46,986  INFO [main] physical.Vectorizer: Reduce vectorizedVertexNum: 1
2024-04-24T01:09:46,986  INFO [main] physical.Vectorizer: Reducer hive.vectorized.execution.reduce.enabled: true
2024-04-24T01:09:46,986  INFO [main] physical.Vectorizer: Reducer engine: mr
2024-04-24T01:09:46,986  INFO [main] parse.CalcitePlanner: Completed plan generation
2024-04-24T01:09:46,986  INFO [main] parse.CalcitePlanner: Ending caching scope for: 
2024-04-24T01:09:46,986  INFO [main] ql.Driver: Semantic Analysis Completed (retrial = false)
2024-04-24T01:09:46,986  INFO [main] ql.Driver: Created Hive schema: Schema(fieldSchemas:[FieldSchema(name:a, type:int, comment:null), FieldSchema(name:b, type:int, comment:null)], properties:null)
2024-04-24T01:09:46,988  INFO [main] exec.ListSinkOperator: Initializing Operator: LIST_SINK[7]
2024-04-24T01:09:46,988  INFO [main] metadata.Hive: Dumping metastore api call timing information for : compilation phase
2024-04-24T01:09:46,988  INFO [main] metadata.Hive: Total time spent in each metastore function (ms): {openTxn_(String, TxnType)=2, commitTxn_(CommitTxnRequest)=13, getValidTxns_(long)=0, getTable_(GetTableRequest)=10, getTableColumnStatistics_(String, String, List, String)=34, getAllTableConstraints_(AllTableConstraintsRequest)=7, flushCache_()=0, getValidWriteIds_(List, String)=4, isCompatibleWith_(Configuration)=2}
2024-04-24T01:09:46,988  INFO [main] ql.Driver: Completed compiling command(queryId=alex_20240424010946_6d98fcb9-5da5-46ab-8283-00c486ec1cd7); Time taken: 0.154 seconds
2024-04-24T01:09:46,988  INFO [main] lockmgr.DbTxnManager: Setting lock request transaction to txnid:14 for queryId=alex_20240424010946_6d98fcb9-5da5-46ab-8283-00c486ec1cd7
2024-04-24T01:09:46,989  INFO [main] lockmgr.DbLockManager: Requesting lock for queryId=alex_20240424010946_6d98fcb9-5da5-46ab-8283-00c486ec1cd7
2024-04-24T01:09:47,004  INFO [main] lockmgr.DbLockManager: Response to queryId=alex_20240424010946_6d98fcb9-5da5-46ab-8283-00c486ec1cd7 LockResponse(lockid:8, state:ACQUIRED)
2024-04-24T01:09:47,004  INFO [main] ql.Driver: Operation QUERY obtained 1 locks
2024-04-24T01:09:47,005  INFO [main] ql.Driver: Executing command(queryId=alex_20240424010946_6d98fcb9-5da5-46ab-8283-00c486ec1cd7): select a,b from acidTbl order by a,b
2024-04-24T01:09:47,005  WARN [main] ql.Driver: Hive-on-MR is deprecated in Hive 2 and may not be available in the future versions. Consider using a different execution engine (i.e. spark, tez) or using Hive 1.X releases.
Query ID = alex_20240424010946_6d98fcb9-5da5-46ab-8283-00c486ec1cd7
2024-04-24T01:09:47,005  INFO [main] ql.Driver: Query ID = alex_20240424010946_6d98fcb9-5da5-46ab-8283-00c486ec1cd7
Total jobs = 1
2024-04-24T01:09:47,005  INFO [main] ql.Driver: Total jobs = 1
Launching Job 1 out of 1
2024-04-24T01:09:47,005  INFO [main] ql.Driver: Launching Job 1 out of 1
2024-04-24T01:09:47,144  INFO [main] ql.Driver: Starting task [Stage-1:MAPRED] in serial mode
Number of reduce tasks determined at compile time: 1
2024-04-24T01:09:47,144  INFO [main] exec.Task: Number of reduce tasks determined at compile time: 1
In order to change the average load for a reducer (in bytes):
2024-04-24T01:09:47,144  INFO [main] exec.Task: In order to change the average load for a reducer (in bytes):
  set hive.exec.reducers.bytes.per.reducer=<number>
2024-04-24T01:09:47,144  INFO [main] exec.Task:   set hive.exec.reducers.bytes.per.reducer=<number>
In order to limit the maximum number of reducers:
2024-04-24T01:09:47,144  INFO [main] exec.Task: In order to limit the maximum number of reducers:
  set hive.exec.reducers.max=<number>
2024-04-24T01:09:47,144  INFO [main] exec.Task:   set hive.exec.reducers.max=<number>
In order to set a constant number of reducers:
2024-04-24T01:09:47,144  INFO [main] exec.Task: In order to set a constant number of reducers:
  set mapreduce.job.reduces=<number>
2024-04-24T01:09:47,144  INFO [main] exec.Task:   set mapreduce.job.reduces=<number>
2024-04-24T01:09:47,146  INFO [main] mr.ExecDriver: Using org.apache.hadoop.hive.ql.io.HiveInputFormat
2024-04-24T01:09:47,147  INFO [main] exec.Utilities: Processing alias acidtbl
2024-04-24T01:09:47,147  INFO [main] exec.Utilities: Adding 1 inputs; the first input is file:/home/alex/Repositories/hive/ql/target/tmp/org.apache.hadoop.hive.ql.TestTxnCommands-1713946100941/warehouse/acidtbl
2024-04-24T01:09:47,156  INFO [main] exec.SerializationUtilities: Serializing MapWork using kryo
2024-04-24T01:09:47,157  INFO [main] exec.Utilities: Serialized plan (via FILE) - name: null size: 6,04KB
2024-04-24T01:09:47,162  INFO [main] exec.SerializationUtilities: Serializing ReduceWork using kryo
2024-04-24T01:09:47,164  INFO [main] exec.Utilities: Serialized plan (via FILE) - name: null size: 7,01KB
2024-04-24T01:09:47,164  WARN [main] impl.MetricsSystemImpl: JobTracker metrics system already initialized!
2024-04-24T01:09:47,172  WARN [main] impl.MetricsSystemImpl: JobTracker metrics system already initialized!
2024-04-24T01:09:47,180  WARN [main] mapreduce.JobResourceUploader: Hadoop command-line option parsing not performed. Implement the Tool interface and execute your application with ToolRunner to remedy this.
2024-04-24T01:09:47,185  WARN [main] mapreduce.JobResourceUploader: No job jar file set.  User classes may not be found. See Job or Job#setJar(String).
2024-04-24T01:09:47,186  INFO [main] io.HiveInputFormat: hive.io.file.readcolumn.ids = 0,1
2024-04-24T01:09:47,187  INFO [main] io.HiveInputFormat: hive.io.file.readcolumn.names = a,b
2024-04-24T01:09:47,187  INFO [main] io.HiveInputFormat: Generating splits for dirs: file:/home/alex/Repositories/hive/ql/target/tmp/org.apache.hadoop.hive.ql.TestTxnCommands-1713946100941/warehouse/acidtbl
2024-04-24T01:09:47,187  INFO [main] orc.OrcInputFormat: getSplits started
2024-04-24T01:09:47,187  INFO [main] orc.OrcInputFormat: Context:: isAcid: true isVectorMode: true sarg: null minSplitSize: 1 maxSplitSize: 256000000 splitStrategy: HYBRID footerInSplits: false numBuckets: 2 numThreads: 10 cacheMemSize: 268435456 cacheStripeDetails: true useSoftReference: false writeIdList: default.acidtbl:1:9223372036854775807:: isTransactionalTable: true txnProperties: default 
2024-04-24T01:09:47,187  INFO [main] orc.OrcInputFormat: ORC pushdown predicate: null
2024-04-24T01:09:47,201  INFO [main] orc.OrcInputFormat: FooterCacheHitRatio: 0/2
2024-04-24T01:09:47,201  INFO [main] orc.OrcInputFormat: getSplits finished (#splits: 2). duration: 14 ms
2024-04-24T01:09:47,201  INFO [main] io.HiveInputFormat: number of splits 2
2024-04-24T01:09:47,220  INFO [main] mapreduce.JobSubmitter: number of splits:2
2024-04-24T01:09:47,243  INFO [main] mapreduce.JobSubmitter: Submitting tokens for job: job_local2096853608_0031
2024-04-24T01:09:47,243  INFO [main] mapreduce.JobSubmitter: Executing with tokens: []
2024-04-24T01:09:47,313  INFO [main] mapreduce.Job: The url to track the job: http://localhost:8080/
Job running in-process (local Hadoop)
2024-04-24T01:09:47,313  INFO [main] exec.Task: Job running in-process (local Hadoop)
2024-04-24T01:09:47,313  INFO [Thread-2494] mapred.LocalJobRunner: OutputCommitter set in config org.apache.hadoop.hive.ql.io.HiveFileFormatUtils$NullOutputCommitter
2024-04-24T01:09:47,313  INFO [Thread-2494] mapred.LocalJobRunner: OutputCommitter is org.apache.hadoop.hive.ql.io.HiveFileFormatUtils$NullOutputCommitter
2024-04-24T01:09:47,315  INFO [Thread-2494] mapred.LocalJobRunner: Waiting for map tasks
2024-04-24T01:09:47,316  INFO [LocalJobRunner Map Task Executor #0] mapred.LocalJobRunner: Starting task: attempt_local2096853608_0031_m_000000_0
2024-04-24T01:09:47,316  INFO [LocalJobRunner Map Task Executor #0] mapred.Task:  Using ResourceCalculatorProcessTree : [ ]
2024-04-24T01:09:47,317  INFO [LocalJobRunner Map Task Executor #0] mapred.MapTask: Processing split: org.apache.hadoop.hive.ql.io.orc.OrcInputFormat:OrcSplit [file:/home/alex/Repositories/hive/ql/target/tmp/org.apache.hadoop.hive.ql.TestTxnCommands-1713946100941/warehouse/acidtbl/delta_0000001_0000001_0000/bucket_00001_0, start=0, length=673, isOriginal=false, fileLength=673, hasFooter=false, hasBase=true, deltas=0]
2024-04-24T01:09:47,317  INFO [LocalJobRunner Map Task Executor #0] exec.SerializationUtilities: Deserializing MapWork using kryo
2024-04-24T01:09:47,318  INFO [LocalJobRunner Map Task Executor #0] exec.Utilities: Deserialized plan (via FILE) - name: null size: 6,04KB
2024-04-24T01:09:47,318  INFO [LocalJobRunner Map Task Executor #0] orc.VectorizedOrcAcidRowBatchReader: Read ValidWriteIdList: default.acidtbl:1:9223372036854775807:::OrcSplit [file:/home/alex/Repositories/hive/ql/target/tmp/org.apache.hadoop.hive.ql.TestTxnCommands-1713946100941/warehouse/acidtbl/delta_0000001_0000001_0000/bucket_00001_0, start=0, length=673, isOriginal=false, fileLength=673, hasFooter=false, hasBase=true, deltas=0]
2024-04-24T01:09:47,319  INFO [LocalJobRunner Map Task Executor #0] orc.ReaderImpl: Reading ORC rows from file:/home/alex/Repositories/hive/ql/target/tmp/org.apache.hadoop.hive.ql.TestTxnCommands-1713946100941/warehouse/acidtbl/delta_0000001_0000001_0000/bucket_00001_0 with {include: [true, true, true], offset: 0, length: 673, schema: struct<a:int,b:int>, includeAcidColumns: false}
2024-04-24T01:09:47,320  INFO [LocalJobRunner Map Task Executor #0] mapred.MapTask: numReduceTasks: 1
2024-04-24T01:09:47,338  INFO [LocalJobRunner Map Task Executor #0] mapred.MapTask: (EQUATOR) 0 kvi 26214396(104857584)
2024-04-24T01:09:47,338  INFO [LocalJobRunner Map Task Executor #0] mapred.MapTask: mapreduce.task.io.sort.mb: 100
2024-04-24T01:09:47,338  INFO [LocalJobRunner Map Task Executor #0] mapred.MapTask: soft limit at 83886080
2024-04-24T01:09:47,338  INFO [LocalJobRunner Map Task Executor #0] mapred.MapTask: bufstart = 0; bufvoid = 104857600
2024-04-24T01:09:47,338  INFO [LocalJobRunner Map Task Executor #0] mapred.MapTask: kvstart = 26214396; length = 6553600
2024-04-24T01:09:47,338  INFO [LocalJobRunner Map Task Executor #0] mapred.MapTask: Map output collector class = org.apache.hadoop.mapred.MapTask$MapOutputBuffer
2024-04-24T01:09:47,339  INFO [LocalJobRunner Map Task Executor #0] vector.VectorMapOperator: Initializing Operator: MAP[0]
2024-04-24T01:09:47,339  INFO [LocalJobRunner Map Task Executor #0] mr.ExecMapper: 
<MAP>Id =0
  <Children>null
  <\Children>
  <Parent><\Parent>
<\MAP>
2024-04-24T01:09:47,340  INFO [LocalJobRunner Map Task Executor #0] exec.TableScanOperator: Initializing Operator: TS[0]
2024-04-24T01:09:47,340  INFO [LocalJobRunner Map Task Executor #0] vector.VectorSelectOperator: Initializing Operator: SEL[5]
2024-04-24T01:09:47,340  INFO [LocalJobRunner Map Task Executor #0] vector.VectorReduceSinkOperator: Initializing Operator: RS[6]
2024-04-24T01:09:47,340  INFO [LocalJobRunner Map Task Executor #0] vector.VectorReduceSinkOperator: Using tag = -1
2024-04-24T01:09:47,340  INFO [LocalJobRunner Map Task Executor #0] vector.VectorReduceSinkOperator: keys are [reducesinkkey0, reducesinkkey1] num distributions: 2
2024-04-24T01:09:47,340  INFO [LocalJobRunner Map Task Executor #0] vector.VectorReduceSinkOperator: RS[6]: records written - 1
2024-04-24T01:09:47,340  INFO [LocalJobRunner Map Task Executor #0] vector.VectorMapOperator: Closing Operator: MAP[0]
2024-04-24T01:09:47,341  INFO [LocalJobRunner Map Task Executor #0] vector.VectorMapOperator: DESERIALIZE_ERRORS:0, RECORDS_OUT_INTERMEDIATE:0, RECORDS_OUT_OPERATOR_MAP_0:0, RECORDS_IN:1, 
2024-04-24T01:09:47,341  INFO [LocalJobRunner Map Task Executor #0] exec.TableScanOperator: Closing Operator: TS[0]
2024-04-24T01:09:47,341  INFO [LocalJobRunner Map Task Executor #0] exec.TableScanOperator: RECORDS_OUT_INTERMEDIATE:0, RECORDS_OUT_OPERATOR_TS_0:1, 
2024-04-24T01:09:47,341  INFO [LocalJobRunner Map Task Executor #0] vector.VectorSelectOperator: Closing Operator: SEL[5]
2024-04-24T01:09:47,341  INFO [LocalJobRunner Map Task Executor #0] vector.VectorSelectOperator: RECORDS_OUT_OPERATOR_SEL_5:1, RECORDS_OUT_INTERMEDIATE:0, 
2024-04-24T01:09:47,341  INFO [LocalJobRunner Map Task Executor #0] vector.VectorReduceSinkOperator: Closing Operator: RS[6]
2024-04-24T01:09:47,341  INFO [LocalJobRunner Map Task Executor #0] vector.VectorReduceSinkOperator: RS[6]: Total records written - 1. abort - false
2024-04-24T01:09:47,341  INFO [LocalJobRunner Map Task Executor #0] vector.VectorReduceSinkOperator: RECORDS_OUT_OPERATOR_RS_6:1, RECORDS_OUT_INTERMEDIATE:1, 
2024-04-24T01:09:47,341  INFO [LocalJobRunner Map Task Executor #0] mapred.LocalJobRunner: 
2024-04-24T01:09:47,341  INFO [LocalJobRunner Map Task Executor #0] mapred.MapTask: Starting flush of map output
2024-04-24T01:09:47,341  INFO [LocalJobRunner Map Task Executor #0] mapred.MapTask: Spilling map output
2024-04-24T01:09:47,341  INFO [LocalJobRunner Map Task Executor #0] mapred.MapTask: bufstart = 0; bufend = 19; bufvoid = 104857600
2024-04-24T01:09:47,341  INFO [LocalJobRunner Map Task Executor #0] mapred.MapTask: kvstart = 26214396(104857584); kvend = 26214396(104857584); length = 1/6553600
2024-04-24T01:09:47,352  INFO [LocalJobRunner Map Task Executor #0] mapred.MapTask: Finished spill 0
2024-04-24T01:09:47,355  INFO [LocalJobRunner Map Task Executor #0] mapred.Task: Task:attempt_local2096853608_0031_m_000000_0 is done. And is in the process of committing
2024-04-24T01:09:47,356  INFO [LocalJobRunner Map Task Executor #0] mapred.LocalJobRunner: OrcSplit [file:/home/alex/Repositories/hive/ql/target/tmp/org.apache.hadoop.hive.ql.TestTxnCommands-1713946100941/warehouse/acidtbl/delta_0000001_0000001_0000/bucket_00001_0, start=0, length=673, isOriginal=false, fileLength=673, hasFooter=false, hasBase=true, deltas=0]
2024-04-24T01:09:47,356  INFO [LocalJobRunner Map Task Executor #0] mapred.Task: Task 'attempt_local2096853608_0031_m_000000_0' done.
2024-04-24T01:09:47,356  INFO [LocalJobRunner Map Task Executor #0] mapred.Task: Final Counters for attempt_local2096853608_0031_m_000000_0: Counters: 24
	File System Counters
		FILE: Number of bytes read=668316
		FILE: Number of bytes written=38903267
		FILE: Number of read operations=0
		FILE: Number of large read operations=0
		FILE: Number of write operations=0
	Map-Reduce Framework
		Map input records=1
		Map output records=1
		Map output bytes=19
		Map output materialized bytes=27
		Input split bytes=495
		Combine input records=0
		Spilled Records=1
		Failed Shuffles=0
		Merged Map outputs=0
		GC time elapsed (ms)=11
		Total committed heap usage (bytes)=1309671424
	HIVE
		DESERIALIZE_ERRORS=0
		RECORDS_IN=1
		RECORDS_OUT_INTERMEDIATE=1
		RECORDS_OUT_OPERATOR_MAP_0=0
		RECORDS_OUT_OPERATOR_RS_6=1
		RECORDS_OUT_OPERATOR_SEL_5=1
		RECORDS_OUT_OPERATOR_TS_0=1
	File Input Format Counters 
		Bytes Read=8869
2024-04-24T01:09:47,356  INFO [LocalJobRunner Map Task Executor #0] mapred.LocalJobRunner: Finishing task: attempt_local2096853608_0031_m_000000_0
2024-04-24T01:09:47,356  INFO [LocalJobRunner Map Task Executor #0] mapred.LocalJobRunner: Starting task: attempt_local2096853608_0031_m_000001_0
2024-04-24T01:09:47,357  INFO [LocalJobRunner Map Task Executor #0] mapred.Task:  Using ResourceCalculatorProcessTree : [ ]
2024-04-24T01:09:47,357  INFO [LocalJobRunner Map Task Executor #0] mapred.MapTask: Processing split: org.apache.hadoop.hive.ql.io.orc.OrcInputFormat:OrcSplit [file:/home/alex/Repositories/hive/ql/target/tmp/org.apache.hadoop.hive.ql.TestTxnCommands-1713946100941/warehouse/acidtbl/delta_0000001_0000001_0000/bucket_00000_0, start=0, length=671, isOriginal=false, fileLength=671, hasFooter=false, hasBase=true, deltas=0]
2024-04-24T01:09:47,358  INFO [LocalJobRunner Map Task Executor #0] exec.SerializationUtilities: Deserializing MapWork using kryo
2024-04-24T01:09:47,358  INFO [LocalJobRunner Map Task Executor #0] exec.Utilities: Deserialized plan (via FILE) - name: null size: 6,04KB
2024-04-24T01:09:47,359  INFO [LocalJobRunner Map Task Executor #0] orc.VectorizedOrcAcidRowBatchReader: Read ValidWriteIdList: default.acidtbl:1:9223372036854775807:::OrcSplit [file:/home/alex/Repositories/hive/ql/target/tmp/org.apache.hadoop.hive.ql.TestTxnCommands-1713946100941/warehouse/acidtbl/delta_0000001_0000001_0000/bucket_00000_0, start=0, length=671, isOriginal=false, fileLength=671, hasFooter=false, hasBase=true, deltas=0]
2024-04-24T01:09:47,360  INFO [LocalJobRunner Map Task Executor #0] orc.ReaderImpl: Reading ORC rows from file:/home/alex/Repositories/hive/ql/target/tmp/org.apache.hadoop.hive.ql.TestTxnCommands-1713946100941/warehouse/acidtbl/delta_0000001_0000001_0000/bucket_00000_0 with {include: [true, true, true], offset: 0, length: 671, schema: struct<a:int,b:int>, includeAcidColumns: false}
2024-04-24T01:09:47,360  INFO [LocalJobRunner Map Task Executor #0] mapred.MapTask: numReduceTasks: 1
2024-04-24T01:09:47,367  INFO [LocalJobRunner Map Task Executor #0] mapred.MapTask: (EQUATOR) 0 kvi 26214396(104857584)
2024-04-24T01:09:47,367  INFO [LocalJobRunner Map Task Executor #0] mapred.MapTask: mapreduce.task.io.sort.mb: 100
2024-04-24T01:09:47,367  INFO [LocalJobRunner Map Task Executor #0] mapred.MapTask: soft limit at 83886080
2024-04-24T01:09:47,367  INFO [LocalJobRunner Map Task Executor #0] mapred.MapTask: bufstart = 0; bufvoid = 104857600
2024-04-24T01:09:47,367  INFO [LocalJobRunner Map Task Executor #0] mapred.MapTask: kvstart = 26214396; length = 6553600
2024-04-24T01:09:47,367  INFO [LocalJobRunner Map Task Executor #0] mapred.MapTask: Map output collector class = org.apache.hadoop.mapred.MapTask$MapOutputBuffer
2024-04-24T01:09:47,368  INFO [LocalJobRunner Map Task Executor #0] vector.VectorMapOperator: Initializing Operator: MAP[0]
2024-04-24T01:09:47,368  INFO [LocalJobRunner Map Task Executor #0] mr.ExecMapper: 
<MAP>Id =0
  <Children>null
  <\Children>
  <Parent><\Parent>
<\MAP>
2024-04-24T01:09:47,369  INFO [LocalJobRunner Map Task Executor #0] exec.TableScanOperator: Initializing Operator: TS[0]
2024-04-24T01:09:47,369  INFO [LocalJobRunner Map Task Executor #0] vector.VectorSelectOperator: Initializing Operator: SEL[5]
2024-04-24T01:09:47,369  INFO [LocalJobRunner Map Task Executor #0] vector.VectorReduceSinkOperator: Initializing Operator: RS[6]
2024-04-24T01:09:47,369  INFO [LocalJobRunner Map Task Executor #0] vector.VectorReduceSinkOperator: Using tag = -1
2024-04-24T01:09:47,369  INFO [LocalJobRunner Map Task Executor #0] vector.VectorReduceSinkOperator: keys are [reducesinkkey0, reducesinkkey1] num distributions: 2
2024-04-24T01:09:47,370  INFO [LocalJobRunner Map Task Executor #0] vector.VectorReduceSinkOperator: RS[6]: records written - 1
2024-04-24T01:09:47,370  INFO [LocalJobRunner Map Task Executor #0] vector.VectorMapOperator: Closing Operator: MAP[0]
2024-04-24T01:09:47,370  INFO [LocalJobRunner Map Task Executor #0] vector.VectorMapOperator: RECORDS_OUT_OPERATOR_MAP_0:0, DESERIALIZE_ERRORS:0, RECORDS_OUT_INTERMEDIATE:0, RECORDS_IN:1, 
2024-04-24T01:09:47,370  INFO [LocalJobRunner Map Task Executor #0] exec.TableScanOperator: Closing Operator: TS[0]
2024-04-24T01:09:47,370  INFO [LocalJobRunner Map Task Executor #0] exec.TableScanOperator: RECORDS_OUT_INTERMEDIATE:0, RECORDS_OUT_OPERATOR_TS_0:1, 
2024-04-24T01:09:47,370  INFO [LocalJobRunner Map Task Executor #0] vector.VectorSelectOperator: Closing Operator: SEL[5]
2024-04-24T01:09:47,370  INFO [LocalJobRunner Map Task Executor #0] vector.VectorSelectOperator: RECORDS_OUT_INTERMEDIATE:0, RECORDS_OUT_OPERATOR_SEL_5:1, 
2024-04-24T01:09:47,370  INFO [LocalJobRunner Map Task Executor #0] vector.VectorReduceSinkOperator: Closing Operator: RS[6]
2024-04-24T01:09:47,370  INFO [LocalJobRunner Map Task Executor #0] vector.VectorReduceSinkOperator: RS[6]: Total records written - 1. abort - false
2024-04-24T01:09:47,370  INFO [LocalJobRunner Map Task Executor #0] vector.VectorReduceSinkOperator: RECORDS_OUT_OPERATOR_RS_6:1, RECORDS_OUT_INTERMEDIATE:1, 
2024-04-24T01:09:47,371  INFO [LocalJobRunner Map Task Executor #0] mapred.LocalJobRunner: 
2024-04-24T01:09:47,371  INFO [LocalJobRunner Map Task Executor #0] mapred.MapTask: Starting flush of map output
2024-04-24T01:09:47,371  INFO [LocalJobRunner Map Task Executor #0] mapred.MapTask: Spilling map output
2024-04-24T01:09:47,371  INFO [LocalJobRunner Map Task Executor #0] mapred.MapTask: bufstart = 0; bufend = 19; bufvoid = 104857600
2024-04-24T01:09:47,371  INFO [LocalJobRunner Map Task Executor #0] mapred.MapTask: kvstart = 26214396(104857584); kvend = 26214396(104857584); length = 1/6553600
2024-04-24T01:09:47,379  INFO [LocalJobRunner Map Task Executor #0] mapred.MapTask: Finished spill 0
2024-04-24T01:09:47,383  INFO [LocalJobRunner Map Task Executor #0] mapred.Task: Task:attempt_local2096853608_0031_m_000001_0 is done. And is in the process of committing
2024-04-24T01:09:47,383  INFO [LocalJobRunner Map Task Executor #0] mapred.LocalJobRunner: OrcSplit [file:/home/alex/Repositories/hive/ql/target/tmp/org.apache.hadoop.hive.ql.TestTxnCommands-1713946100941/warehouse/acidtbl/delta_0000001_0000001_0000/bucket_00000_0, start=0, length=671, isOriginal=false, fileLength=671, hasFooter=false, hasBase=true, deltas=0]
2024-04-24T01:09:47,383  INFO [LocalJobRunner Map Task Executor #0] mapred.Task: Task 'attempt_local2096853608_0031_m_000001_0' done.
2024-04-24T01:09:47,383  INFO [LocalJobRunner Map Task Executor #0] mapred.Task: Final Counters for attempt_local2096853608_0031_m_000001_0: Counters: 24
	File System Counters
		FILE: Number of bytes read=678190
		FILE: Number of bytes written=38903326
		FILE: Number of read operations=0
		FILE: Number of large read operations=0
		FILE: Number of write operations=0
	Map-Reduce Framework
		Map input records=1
		Map output records=1
		Map output bytes=19
		Map output materialized bytes=27
		Input split bytes=495
		Combine input records=0
		Spilled Records=1
		Failed Shuffles=0
		Merged Map outputs=0
		GC time elapsed (ms)=0
		Total committed heap usage (bytes)=1309671424
	HIVE
		DESERIALIZE_ERRORS=0
		RECORDS_IN=1
		RECORDS_OUT_INTERMEDIATE=1
		RECORDS_OUT_OPERATOR_MAP_0=0
		RECORDS_OUT_OPERATOR_RS_6=1
		RECORDS_OUT_OPERATOR_SEL_5=1
		RECORDS_OUT_OPERATOR_TS_0=1
	File Input Format Counters 
		Bytes Read=8861
2024-04-24T01:09:47,383  INFO [LocalJobRunner Map Task Executor #0] mapred.LocalJobRunner: Finishing task: attempt_local2096853608_0031_m_000001_0
2024-04-24T01:09:47,383  INFO [Thread-2494] mapred.LocalJobRunner: map task executor complete.
2024-04-24T01:09:47,384  INFO [Thread-2494] mapred.LocalJobRunner: Waiting for reduce tasks
2024-04-24T01:09:47,384  INFO [pool-157-thread-1] mapred.LocalJobRunner: Starting task: attempt_local2096853608_0031_r_000000_0
2024-04-24T01:09:47,385  INFO [pool-157-thread-1] mapred.Task:  Using ResourceCalculatorProcessTree : [ ]
2024-04-24T01:09:47,385  INFO [pool-157-thread-1] mapred.ReduceTask: Using ShuffleConsumerPlugin: org.apache.hadoop.mapreduce.task.reduce.Shuffle@697006cd
2024-04-24T01:09:47,385  WARN [pool-157-thread-1] impl.MetricsSystemImpl: JobTracker metrics system already initialized!
2024-04-24T01:09:47,386  INFO [pool-157-thread-1] reduce.MergeManagerImpl: MergerManager: memoryLimit=1336252800, maxSingleShuffleLimit=334063200, mergeThreshold=881926912, ioSortFactor=10, memToMemMergeOutputsThreshold=10
2024-04-24T01:09:47,387  INFO [EventFetcher for fetching Map Completion Events] reduce.EventFetcher: attempt_local2096853608_0031_r_000000_0 Thread started: EventFetcher for fetching Map Completion Events
2024-04-24T01:09:47,388  INFO [localfetcher#45] reduce.LocalFetcher: localfetcher#45 about to shuffle output of map attempt_local2096853608_0031_m_000001_0 decomp: 23 len: 27 to MEMORY
2024-04-24T01:09:47,388  INFO [localfetcher#45] reduce.InMemoryMapOutput: Read 23 bytes from map-output for attempt_local2096853608_0031_m_000001_0
2024-04-24T01:09:47,388  INFO [localfetcher#45] reduce.MergeManagerImpl: closeInMemoryFile -> map-output of size: 23, inMemoryMapOutputs.size() -> 1, commitMemory -> 0, usedMemory ->23
2024-04-24T01:09:47,390  INFO [localfetcher#45] reduce.LocalFetcher: localfetcher#45 about to shuffle output of map attempt_local2096853608_0031_m_000000_0 decomp: 23 len: 27 to MEMORY
2024-04-24T01:09:47,390  INFO [localfetcher#45] reduce.InMemoryMapOutput: Read 23 bytes from map-output for attempt_local2096853608_0031_m_000000_0
2024-04-24T01:09:47,391  INFO [localfetcher#45] reduce.MergeManagerImpl: closeInMemoryFile -> map-output of size: 23, inMemoryMapOutputs.size() -> 2, commitMemory -> 23, usedMemory ->46
2024-04-24T01:09:47,391  INFO [EventFetcher for fetching Map Completion Events] reduce.EventFetcher: EventFetcher is interrupted.. Returning
2024-04-24T01:09:47,391  INFO [pool-157-thread-1] mapred.LocalJobRunner: 2 / 2 copied.
2024-04-24T01:09:47,391  INFO [pool-157-thread-1] reduce.MergeManagerImpl: finalMerge called with 2 in-memory map-outputs and 0 on-disk map-outputs
2024-04-24T01:09:47,398  INFO [pool-157-thread-1] mapred.Merger: Merging 2 sorted segments
2024-04-24T01:09:47,398  INFO [pool-157-thread-1] mapred.Merger: Down to the last merge-pass, with 2 segments left of total size: 12 bytes
2024-04-24T01:09:47,401  INFO [pool-157-thread-1] reduce.MergeManagerImpl: Merged 2 segments, 46 bytes to disk to satisfy reduce memory limit
2024-04-24T01:09:47,401  INFO [pool-157-thread-1] reduce.MergeManagerImpl: Merging 1 files, 48 bytes from disk
2024-04-24T01:09:47,401  INFO [pool-157-thread-1] reduce.MergeManagerImpl: Merging 0 segments, 0 bytes from memory into reduce
2024-04-24T01:09:47,401  INFO [pool-157-thread-1] mapred.Merger: Merging 1 sorted segments
2024-04-24T01:09:47,401  INFO [pool-157-thread-1] mapred.Merger: Down to the last merge-pass, with 1 segments left of total size: 27 bytes
2024-04-24T01:09:47,401  INFO [pool-157-thread-1] mapred.LocalJobRunner: 2 / 2 copied.
2024-04-24T01:09:47,402  INFO [pool-157-thread-1] exec.SerializationUtilities: Deserializing ReduceWork using kryo
2024-04-24T01:09:47,403  INFO [pool-157-thread-1] exec.Utilities: Deserialized plan (via FILE) - name: null size: 7,01KB
2024-04-24T01:09:47,404  INFO [pool-157-thread-1] ExecReducer: 
<SEL>Id =3
  <Children>
    <FS>Id =4
      <Children>
      <\Children>
      <Parent>Id = 3 null<\Parent>
    <\FS>
  <\Children>
  <Parent><\Parent>
<\SEL>
2024-04-24T01:09:47,404  INFO [pool-157-thread-1] exec.SelectOperator: Initializing Operator: SEL[3]
2024-04-24T01:09:47,404  INFO [pool-157-thread-1] exec.SelectOperator: SELECT struct<key:struct<reducesinkkey0:int,reducesinkkey1:int>,value:struct<>>
2024-04-24T01:09:47,404  INFO [pool-157-thread-1] exec.FileSinkOperator: Initializing Operator: FS[4]
2024-04-24T01:09:47,405  INFO [pool-157-thread-1] exec.FileSinkOperator: Using serializer : class org.apache.hadoop.hive.serde2.lazy.LazySimpleSerDe [serdeParams=org.apache.hadoop.hive.serde2.lazy.LazySerDeParameters@277fa0fa, cachedObjectInspector=org.apache.hadoop.hive.serde2.lazy.objectinspector.LazySimpleStructObjectInspector<org.apache.hadoop.hive.serde2.lazy.objectinspector.primitive.LazyIntObjectInspector@31a9eaa,org.apache.hadoop.hive.serde2.lazy.objectinspector.primitive.LazyIntObjectInspector@31a9eaa>, serializedSize=0, stats=org.apache.hadoop.hive.serde2.SerDeStats@15918f9, lastOperationSerialize=false, lastOperationDeserialize=false [1, 2, 3, 4, 5, 6, 7, 8, 11, 14, 15, 16, 17, 18, 19, 20, 21, 22, 23, 24, 25, 26, 28, 29, 30, 31, -128, -127, -126, -125, -124, -123, -122, -121, -120, -119, -118, -117, -116, -115, -114, -113, -112, -111, -110, -109, -108, -107, -106, -105, -104, -103, -102, -101, -100, -99, -98, -97, -96, -95, -94, -93, -92, -91, -90, -89, -88, -87, -86, -85, -84, -83, -82, -81, -80, -79, -78, -77, -76, -75, -74, -73, -72, -71, -70, -69, -68, -67, -66, -65, -64, -63, -62, -61, -60, -59, -58, -57, -56, -55, -54, -53, -52, -51, -50, -49, -48, -47, -46, -45, -44, -43, -42, -41, -40, -39, -38, -37, -36, -35, -34, -33, -32, -31, -30, -29, -28, -27, -26, -25, -24, -23, -22, -21, -20, -19, -18, -17, -16, -15, -14, -13, -12, -11, -10, -9, -8, -7, -6, -5, -4, -3, -2, -1] : [_col0, _col1] : [int, int]] and formatter : org.apache.hadoop.hive.ql.io.HiveSequenceFileOutputFormat@2c27b5a8
2024-04-24T01:09:47,405  INFO [pool-157-thread-1] exec.FileSinkOperator: Final Path: FS file:/home/alex/Repositories/hive/ql/target/tmp/localscratchdir/4f767304-7e42-4d04-b6aa-1548410b71a2/hive_2024-04-24_01-09-46_833_1750829314502616207-1/-mr-10001/.hive-staging_hive_2024-04-24_01-09-46_833_1750829314502616207-1/_tmp.-ext-10002/000000_0
2024-04-24T01:09:47,405  INFO [pool-157-thread-1] exec.FileSinkOperator: Writing to temp file: FS file:/home/alex/Repositories/hive/ql/target/tmp/localscratchdir/4f767304-7e42-4d04-b6aa-1548410b71a2/hive_2024-04-24_01-09-46_833_1750829314502616207-1/-mr-10001/.hive-staging_hive_2024-04-24_01-09-46_833_1750829314502616207-1/_task_tmp.-ext-10002/_tmp.000000_0
2024-04-24T01:09:47,406  INFO [pool-157-thread-1] exec.FileSinkOperator: New Final Path: FS file:/home/alex/Repositories/hive/ql/target/tmp/localscratchdir/4f767304-7e42-4d04-b6aa-1548410b71a2/hive_2024-04-24_01-09-46_833_1750829314502616207-1/-mr-10001/.hive-staging_hive_2024-04-24_01-09-46_833_1750829314502616207-1/_tmp.-ext-10002/000000_0
2024-04-24T01:09:47,413  INFO [pool-157-thread-1] exec.FileSinkOperator: FS[4]: records written - 1
2024-04-24T01:09:47,414  INFO [pool-157-thread-1] exec.SelectOperator: Closing Operator: SEL[3]
2024-04-24T01:09:47,414  INFO [pool-157-thread-1] exec.SelectOperator: RECORDS_OUT_INTERMEDIATE:0, RECORDS_OUT_OPERATOR_SEL_3:2, 
2024-04-24T01:09:47,414  INFO [pool-157-thread-1] exec.FileSinkOperator: Closing Operator: FS[4]
2024-04-24T01:09:47,414  INFO [pool-157-thread-1] exec.FileSinkOperator: FS[4]: records written - 2
2024-04-24T01:09:47,414  INFO [pool-157-thread-1] exec.FileSinkOperator: RECORDS_OUT_OPERATOR_FS_4:2, RECORDS_OUT_0:2, RECORDS_OUT_INTERMEDIATE:0, 
2024-04-24T01:09:47,415  INFO [pool-157-thread-1] mapred.Task: Task:attempt_local2096853608_0031_r_000000_0 is done. And is in the process of committing
2024-04-24T01:09:47,415  INFO [pool-157-thread-1] mapred.LocalJobRunner: reduce > reduce
2024-04-24T01:09:47,415  INFO [pool-157-thread-1] mapred.Task: Task 'attempt_local2096853608_0031_r_000000_0' done.
2024-04-24T01:09:47,415  INFO [pool-157-thread-1] mapred.Task: Final Counters for attempt_local2096853608_0031_r_000000_0: Counters: 29
	File System Counters
		FILE: Number of bytes read=685434
		FILE: Number of bytes written=38903505
		FILE: Number of read operations=0
		FILE: Number of large read operations=0
		FILE: Number of write operations=0
	Map-Reduce Framework
		Combine input records=0
		Combine output records=0
		Reduce input groups=2
		Reduce shuffle bytes=54
		Reduce input records=2
		Reduce output records=0
		Spilled Records=2
		Shuffled Maps =2
		Failed Shuffles=0
		Merged Map outputs=2
		GC time elapsed (ms)=0
		Total committed heap usage (bytes)=1309671424
	HIVE
		CREATED_FILES=1
		RECORDS_OUT_0=2
		RECORDS_OUT_INTERMEDIATE=0
		RECORDS_OUT_OPERATOR_FS_4=2
		RECORDS_OUT_OPERATOR_SEL_3=2
	Shuffle Errors
		BAD_ID=0
		CONNECTION=0
		IO_ERROR=0
		WRONG_LENGTH=0
		WRONG_MAP=0
		WRONG_REDUCE=0
	File Output Format Counters 
		Bytes Written=0
2024-04-24T01:09:47,416  INFO [pool-157-thread-1] mapred.LocalJobRunner: Finishing task: attempt_local2096853608_0031_r_000000_0
2024-04-24T01:09:47,416  INFO [Thread-2494] mapred.LocalJobRunner: reduce task executor complete.
2024-04-24 01:09:48,314 Stage-1 map = 100%,  reduce = 100%
2024-04-24T01:09:48,314  INFO [main] exec.Task: 2024-04-24 01:09:48,314 Stage-1 map = 100%,  reduce = 100%
Ended Job = job_local2096853608_0031
2024-04-24T01:09:48,315  INFO [main] exec.Task: Ended Job = job_local2096853608_0031
2024-04-24T01:09:48,316  INFO [main] metadata.Hive: Dumping metastore api call timing information for : execution phase
2024-04-24T01:09:48,317  INFO [main] metadata.Hive: Total time spent in each metastore function (ms): {}
MapReduce Jobs Launched: 
2024-04-24T01:09:48,317  INFO [main] ql.Driver: MapReduce Jobs Launched: 
Stage-Stage-1:  HDFS Read: 0 HDFS Write: 0 SUCCESS
2024-04-24T01:09:48,317  INFO [main] ql.Driver: Stage-Stage-1:  HDFS Read: 0 HDFS Write: 0 SUCCESS
Total MapReduce CPU Time Spent: 0 msec
2024-04-24T01:09:48,317  INFO [main] ql.Driver: Total MapReduce CPU Time Spent: 0 msec
2024-04-24T01:09:48,317  INFO [main] ql.Driver: Completed executing command(queryId=alex_20240424010946_6d98fcb9-5da5-46ab-8283-00c486ec1cd7); Time taken: 1.311 seconds
2024-04-24T01:09:48,317  INFO [main] lockmgr.DbTxnManager: Stopped heartbeat for query: alex_20240424010946_6d98fcb9-5da5-46ab-8283-00c486ec1cd7
2024-04-24T01:09:48,321  INFO [main] txn.TxnHandler: Expected to move at least one record from txn_components to completed_txn_components when committing txn! txnid:14
2024-04-24T01:09:48,326  INFO [main] txn.TxnHandler: Removed transactions: ([14]) from MIN_HISTORY_LEVEL
2024-04-24T01:09:48,326  WARN [main] txn.CompactionTxnHandler: No compaction queue record found for Compaction type transaction commit. txnId:14
2024-04-24T01:09:48,331  INFO [main] mapred.FileInputFormat: Total input files to process : 1
2024-04-24T01:09:48,332  INFO [main] exec.ListSinkOperator: Closing Operator: LIST_SINK[7]
2024-04-24T01:09:48,332  INFO [main] exec.ListSinkOperator: RECORDS_OUT_OPERATOR_LIST_SINK_7:2, RECORDS_OUT_INTERMEDIATE:0, 
2024-04-24T01:09:48,332  INFO [main] ql.TxnCommandsBaseForTests: Running the query: START TRANSACTION
2024-04-24T01:09:48,332  INFO [main] ql.Context: Deleting scratch dir: file:/home/alex/Repositories/hive/ql/target/tmp/localscratchdir/4f767304-7e42-4d04-b6aa-1548410b71a2/hive_2024-04-24_01-09-46_833_1750829314502616207-1
2024-04-24T01:09:48,333  INFO [main] cleanup.SyncCleanupService: Deleted directory: file:/home/alex/Repositories/hive/ql/target/tmp/localscratchdir/4f767304-7e42-4d04-b6aa-1548410b71a2/hive_2024-04-24_01-09-46_833_1750829314502616207-1 on fs with scheme file
2024-04-24T01:09:48,333  INFO [main] ql.Driver: Compiling command(queryId=alex_20240424010948_46638443-3441-4527-b573-e1e1e2e9998d): START TRANSACTION
2024-04-24T01:09:48,335  INFO [main] txn.TxnHandler: Added entries to MIN_HISTORY_LEVEL for current txns: ([15]) with min_open_txn: 15
2024-04-24T01:09:48,336  INFO [main] lockmgr.DbTxnManager: Opened txnid:15
2024-04-24T01:09:48,336  INFO [main] parse.CalcitePlanner: Starting caching scope for: 
2024-04-24T01:09:48,336  INFO [main] parse.CalcitePlanner: Starting Semantic Analysis
2024-04-24T01:09:48,336  INFO [main] parse.CalcitePlanner: Ending caching scope for: 
2024-04-24T01:09:48,336  INFO [main] ql.Driver: Semantic Analysis Completed (retrial = false)
2024-04-24T01:09:48,336  INFO [main] ql.Driver: Created Hive schema: Schema(fieldSchemas:null, properties:null)
2024-04-24T01:09:48,336  INFO [main] metadata.Hive: Dumping metastore api call timing information for : compilation phase
2024-04-24T01:09:48,337  INFO [main] metadata.Hive: Total time spent in each metastore function (ms): {commitTxn_(CommitTxnRequest)=10, isCompatibleWith_(Configuration)=0, getValidTxns_(long)=0, getValidWriteIds_(List, String)=0, flushCache_()=0, openTxn_(String, TxnType)=2}
2024-04-24T01:09:48,337  INFO [main] ql.Driver: Completed compiling command(queryId=alex_20240424010948_46638443-3441-4527-b573-e1e1e2e9998d); Time taken: 0.003 seconds
2024-04-24T01:09:48,337  INFO [main] lockmgr.DbTxnManager: Setting lock request transaction to txnid:15 for queryId=alex_20240424010948_46638443-3441-4527-b573-e1e1e2e9998d
2024-04-24T01:09:48,337  INFO [main] ql.Driver: Operation START_TRANSACTION obtained 0 locks
2024-04-24T01:09:48,337  INFO [main] ql.Driver: Executing command(queryId=alex_20240424010948_46638443-3441-4527-b573-e1e1e2e9998d): START TRANSACTION
2024-04-24T01:09:48,337  INFO [main] metadata.Hive: Dumping metastore api call timing information for : execution phase
2024-04-24T01:09:48,337  INFO [main] metadata.Hive: Total time spent in each metastore function (ms): {}
2024-04-24T01:09:48,337  INFO [main] ql.Driver: Completed executing command(queryId=alex_20240424010948_46638443-3441-4527-b573-e1e1e2e9998d); Time taken: 0.0 seconds
2024-04-24T01:09:48,338  INFO [main] ql.TxnCommandsBaseForTests: Running the query: insert into acidTbl(a,b)  values(5,6),(7,8)
2024-04-24T01:09:48,338  INFO [main] ql.Driver: Compiling command(queryId=alex_20240424010948_8d4a2fcb-664a-47a2-a22b-2f983642a85b): insert into acidTbl(a,b)  values(5,6),(7,8)
2024-04-24T01:09:48,339  INFO [main] parse.CalcitePlanner: Starting caching scope for: 
2024-04-24T01:09:48,339  INFO [main] parse.CalcitePlanner: Starting Semantic Analysis
2024-04-24T01:09:48,342  INFO [main] HiveMetaStore.audit: ugi=alex	ip=unknown-ip-addr	cmd=get_table : tbl=hive.default.acidTbl	
2024-04-24T01:09:48,348  INFO [main] metastore.HMSHandler: Skipping translation for processor with null
2024-04-24T01:09:48,349  INFO [main] parse.CalcitePlanner: Completed phase 1 of Semantic Analysis
2024-04-24T01:09:48,349  INFO [main] parse.CalcitePlanner: Get metadata for source tables
2024-04-24T01:09:48,349  INFO [main] parse.CalcitePlanner: Get metadata for subqueries
2024-04-24T01:09:48,349  INFO [main] parse.CalcitePlanner: Get metadata for destination tables
2024-04-24T01:09:48,349  INFO [main] HiveMetaStore.audit: ugi=alex	ip=unknown-ip-addr	cmd=get_table : tbl=hive.default.acidTbl	
2024-04-24T01:09:48,356  INFO [main] metastore.HMSHandler: Skipping translation for processor with null
2024-04-24T01:09:48,356  INFO [main] parse.CalcitePlanner: Completed getting MetaData in Semantic Analysis
2024-04-24T01:09:48,356  INFO [main] parse.CalcitePlanner: Disabling LLAP IO encode as ETL query is detected
2024-04-24T01:09:48,377  INFO [main] HiveMetaStore.audit: ugi=alex	ip=unknown-ip-addr	cmd=get_all_table_constraints : tbl=hive._dummy_database._dummy_table	
2024-04-24T01:09:48,429  INFO [main] parse.CalcitePlanner: Get metadata for source tables
2024-04-24T01:09:48,429  INFO [main] parse.CalcitePlanner: Get metadata for subqueries
2024-04-24T01:09:48,429  INFO [main] parse.CalcitePlanner: Get metadata for source tables
2024-04-24T01:09:48,430  INFO [main] HiveMetaStore.audit: ugi=alex	ip=unknown-ip-addr	cmd=get_table : tbl=hive._dummy_database._dummy_table	
2024-04-24T01:09:48,432  INFO [main] parse.CalcitePlanner: Get metadata for subqueries
2024-04-24T01:09:48,432  INFO [main] parse.CalcitePlanner: Get metadata for destination tables
2024-04-24T01:09:48,432  INFO [main] parse.CalcitePlanner: Get metadata for destination tables
2024-04-24T01:09:48,432  INFO [main] HiveMetaStore.audit: ugi=alex	ip=unknown-ip-addr	cmd=get_table : tbl=hive.default.acidTbl	
2024-04-24T01:09:48,439  INFO [main] metastore.HMSHandler: Skipping translation for processor with null
2024-04-24T01:09:48,441  INFO [main] HiveMetaStore.audit: ugi=alex	ip=unknown-ip-addr	cmd=get_not_null_constraints : tbl=hive.default.acidtbl	
2024-04-24T01:09:48,442  INFO [main] HiveMetaStore.audit: ugi=alex	ip=unknown-ip-addr	cmd=get_check_constraints : tbl=hive.default.acidtbl	
2024-04-24T01:09:48,449  INFO [main] txn.TxnHandler: Allocated writeId: 2 for txnId: 15
2024-04-24T01:09:48,449  INFO [main] txn.TxnHandler: Allocated write ids for dbName=default, tblName=acidtbl (txnIds: [15])
2024-04-24T01:09:48,450  INFO [main] parse.CalcitePlanner: CBO Succeeded; optimized logical plan.
2024-04-24T01:09:48,453  INFO [main] optimizer.ColumnPrunerProcFactory: RS 4 oldColExprMap: {VALUE._col0=Column[_col1], KEY.reducesinkkey0=Column[_col0]}
2024-04-24T01:09:48,453  INFO [main] optimizer.ColumnPrunerProcFactory: RS 4 newColExprMap: {KEY.reducesinkkey0=Column[_col0], VALUE._col0=Column[_col1]}
2024-04-24T01:09:48,454  INFO [main] optimizer.BucketVersionPopulator: not considering bucketingVersion for: TS[0] because it has -1<2 buckets 
2024-04-24T01:09:48,454  INFO [main] optimizer.SortedDynPartitionOptimizer: Sorted dynamic partitioning optimization kicked in..
2024-04-24T01:09:48,463  INFO [main] HiveMetaStore.audit: ugi=alex	ip=unknown-ip-addr	cmd=get_table : tbl=hive.default.acidtbl	
2024-04-24T01:09:48,470  INFO [main] metastore.HMSHandler: Skipping translation for processor with null
2024-04-24T01:09:48,471  INFO [main] physical.Vectorizer: Examining input format to see if vectorization is enabled.
2024-04-24T01:09:48,471  INFO [main] physical.Vectorizer: Map vectorization enabled: false
2024-04-24T01:09:48,471  INFO [main] physical.Vectorizer: Map vectorized: false
2024-04-24T01:09:48,471  INFO [main] physical.Vectorizer: Map vectorizedVertexNum: 0
2024-04-24T01:09:48,471  INFO [main] physical.Vectorizer: Map enabledConditionsMet: [hive.vectorized.use.vectorized.input.format IS true]
2024-04-24T01:09:48,471  INFO [main] physical.Vectorizer: Map enabledConditionsNotMet: [Could not enable vectorization due to partition column names size 1 is greater than the number of table column names size 0 IS false]
2024-04-24T01:09:48,471  INFO [main] physical.Vectorizer: Map inputFileFormatClassNameSet: [org.apache.hadoop.hive.ql.io.NullRowsInputFormat]
2024-04-24T01:09:48,471  INFO [main] physical.Vectorizer: Reduce vectorization enabled: false
2024-04-24T01:09:48,471  INFO [main] physical.Vectorizer: Reduce vectorized: false
2024-04-24T01:09:48,471  INFO [main] physical.Vectorizer: Reduce vectorizedVertexNum: 1
2024-04-24T01:09:48,471  INFO [main] physical.Vectorizer: Reducer hive.vectorized.execution.reduce.enabled: true
2024-04-24T01:09:48,471  INFO [main] physical.Vectorizer: Reducer engine: mr
2024-04-24T01:09:48,471  INFO [main] parse.CalcitePlanner: Completed plan generation
2024-04-24T01:09:48,471  INFO [main] parse.CalcitePlanner: Ending caching scope for: 
2024-04-24T01:09:48,471  INFO [main] ql.Driver: Semantic Analysis Completed (retrial = false)
2024-04-24T01:09:48,471  INFO [main] ql.Driver: Created Hive schema: Schema(fieldSchemas:[FieldSchema(name:_col0, type:int, comment:null), FieldSchema(name:_col1, type:int, comment:null)], properties:null)
2024-04-24T01:09:48,471  INFO [main] metadata.Hive: Dumping metastore api call timing information for : compilation phase
2024-04-24T01:09:48,472  INFO [main] metadata.Hive: Total time spent in each metastore function (ms): {getTable_(GetTableRequest)=29, getNotNullConstraints_(NotNullConstraintsRequest)=1, getValidWriteIds_(List, String)=4, getCheckConstraints_(CheckConstraintsRequest)=1, getAllTableConstraints_(AllTableConstraintsRequest)=4, allocateTableWriteId_(long, String, String)=6, isCompatibleWith_(Configuration)=0, flushCache_()=0}
2024-04-24T01:09:48,472  INFO [main] ql.Driver: Completed compiling command(queryId=alex_20240424010948_8d4a2fcb-664a-47a2-a22b-2f983642a85b); Time taken: 0.133 seconds
2024-04-24T01:09:48,472  INFO [main] lockmgr.DbTxnManager: Setting lock request transaction to txnid:15 for queryId=alex_20240424010948_8d4a2fcb-664a-47a2-a22b-2f983642a85b
2024-04-24T01:09:48,472  INFO [main] lockmgr.DbLockManager: Requesting lock for queryId=alex_20240424010948_8d4a2fcb-664a-47a2-a22b-2f983642a85b
2024-04-24T01:09:48,491  INFO [main] lockmgr.DbLockManager: Response to queryId=alex_20240424010948_8d4a2fcb-664a-47a2-a22b-2f983642a85b LockResponse(lockid:9, state:ACQUIRED)
2024-04-24T01:09:48,491  INFO [main] ql.Driver: Operation QUERY obtained 1 locks
2024-04-24T01:09:48,494  INFO [main] ql.Driver: Executing command(queryId=alex_20240424010948_8d4a2fcb-664a-47a2-a22b-2f983642a85b): insert into acidTbl(a,b)  values(5,6),(7,8)
2024-04-24T01:09:48,494  WARN [main] ql.Driver: Hive-on-MR is deprecated in Hive 2 and may not be available in the future versions. Consider using a different execution engine (i.e. spark, tez) or using Hive 1.X releases.
Query ID = alex_20240424010948_8d4a2fcb-664a-47a2-a22b-2f983642a85b
2024-04-24T01:09:48,494  INFO [main] ql.Driver: Query ID = alex_20240424010948_8d4a2fcb-664a-47a2-a22b-2f983642a85b
Total jobs = 1
2024-04-24T01:09:48,495  INFO [main] ql.Driver: Total jobs = 1
Launching Job 1 out of 1
2024-04-24T01:09:48,495  INFO [main] ql.Driver: Launching Job 1 out of 1
2024-04-24T01:09:48,631  INFO [main] ql.Driver: Starting task [Stage-1:MAPRED] in serial mode
Number of reduce tasks determined at compile time: 2
2024-04-24T01:09:48,631  INFO [main] exec.Task: Number of reduce tasks determined at compile time: 2
In order to change the average load for a reducer (in bytes):
2024-04-24T01:09:48,631  INFO [main] exec.Task: In order to change the average load for a reducer (in bytes):
  set hive.exec.reducers.bytes.per.reducer=<number>
2024-04-24T01:09:48,631  INFO [main] exec.Task:   set hive.exec.reducers.bytes.per.reducer=<number>
In order to limit the maximum number of reducers:
2024-04-24T01:09:48,631  INFO [main] exec.Task: In order to limit the maximum number of reducers:
  set hive.exec.reducers.max=<number>
2024-04-24T01:09:48,631  INFO [main] exec.Task:   set hive.exec.reducers.max=<number>
In order to set a constant number of reducers:
2024-04-24T01:09:48,631  INFO [main] exec.Task: In order to set a constant number of reducers:
  set mapreduce.job.reduces=<number>
2024-04-24T01:09:48,631  INFO [main] exec.Task:   set mapreduce.job.reduces=<number>
2024-04-24T01:09:48,634  INFO [main] mr.ExecDriver: Using org.apache.hadoop.hive.ql.io.HiveInputFormat
2024-04-24T01:09:48,634  INFO [main] exec.Utilities: Processing alias $hdt$_0:_dummy_table
2024-04-24T01:09:48,634  INFO [main] exec.Utilities: Adding 1 inputs; the first input is file:/home/alex/Repositories/hive/ql/target/tmp/localscratchdir/4f767304-7e42-4d04-b6aa-1548410b71a2/hive_2024-04-24_01-09-48_338_2360610844380656099-1/dummy_path
2024-04-24T01:09:48,644  INFO [main] exec.SerializationUtilities: Serializing MapWork using kryo
2024-04-24T01:09:48,644  INFO [main] exec.Utilities: Serialized plan (via FILE) - name: null size: 5,29KB
2024-04-24T01:09:48,649  INFO [main] exec.SerializationUtilities: Serializing ReduceWork using kryo
2024-04-24T01:09:48,650  INFO [main] exec.Utilities: Serialized plan (via FILE) - name: null size: 5,92KB
2024-04-24T01:09:48,651  WARN [main] impl.MetricsSystemImpl: JobTracker metrics system already initialized!
2024-04-24T01:09:48,655  INFO [main] fs.FSStatsPublisher: created : file:/home/alex/Repositories/hive/ql/target/tmp/localscratchdir/4f767304-7e42-4d04-b6aa-1548410b71a2/hive_2024-04-24_01-09-48_338_2360610844380656099-1/-mr-10000
2024-04-24T01:09:48,657  WARN [main] impl.MetricsSystemImpl: JobTracker metrics system already initialized!
2024-04-24T01:09:48,664  WARN [main] mapreduce.JobResourceUploader: Hadoop command-line option parsing not performed. Implement the Tool interface and execute your application with ToolRunner to remedy this.
2024-04-24T01:09:48,669  WARN [main] mapreduce.JobResourceUploader: No job jar file set.  User classes may not be found. See Job or Job#setJar(String).
2024-04-24T01:09:48,670  INFO [main] io.HiveInputFormat: hive.io.file.readcolumn.ids = 
2024-04-24T01:09:48,670  INFO [main] io.HiveInputFormat: hive.io.file.readcolumn.names = 
2024-04-24T01:09:48,670  INFO [main] io.HiveInputFormat: Generating splits for dirs: file:/home/alex/Repositories/hive/ql/target/tmp/localscratchdir/4f767304-7e42-4d04-b6aa-1548410b71a2/hive_2024-04-24_01-09-48_338_2360610844380656099-1/dummy_path
2024-04-24T01:09:48,670  INFO [main] io.HiveInputFormat: number of splits 1
2024-04-24T01:09:48,688  INFO [main] mapreduce.JobSubmitter: number of splits:1
2024-04-24T01:09:48,708  INFO [main] mapreduce.JobSubmitter: Submitting tokens for job: job_local796282604_0032
2024-04-24T01:09:48,708  INFO [main] mapreduce.JobSubmitter: Executing with tokens: []
2024-04-24T01:09:48,775  INFO [main] mapreduce.Job: The url to track the job: http://localhost:8080/
Job running in-process (local Hadoop)
2024-04-24T01:09:48,775  INFO [main] exec.Task: Job running in-process (local Hadoop)
2024-04-24T01:09:48,775  INFO [Thread-2547] mapred.LocalJobRunner: OutputCommitter set in config org.apache.hadoop.hive.ql.io.HiveFileFormatUtils$NullOutputCommitter
2024-04-24T01:09:48,775  INFO [Thread-2547] mapred.LocalJobRunner: OutputCommitter is org.apache.hadoop.hive.ql.io.HiveFileFormatUtils$NullOutputCommitter
2024-04-24T01:09:48,777  INFO [Thread-2547] mapred.LocalJobRunner: Waiting for map tasks
2024-04-24T01:09:48,777  INFO [LocalJobRunner Map Task Executor #0] mapred.LocalJobRunner: Starting task: attempt_local796282604_0032_m_000000_0
2024-04-24T01:09:48,778  INFO [LocalJobRunner Map Task Executor #0] mapred.Task:  Using ResourceCalculatorProcessTree : [ ]
2024-04-24T01:09:48,778  INFO [LocalJobRunner Map Task Executor #0] mapred.MapTask: Processing split: org.apache.hadoop.hive.ql.io.NullRowsInputFormat:file:/home/alex/Repositories/hive/ql/target/tmp/localscratchdir/4f767304-7e42-4d04-b6aa-1548410b71a2/hive_2024-04-24_01-09-48_338_2360610844380656099-1/dummy_path/null:0+1
2024-04-24T01:09:48,779  INFO [LocalJobRunner Map Task Executor #0] exec.SerializationUtilities: Deserializing MapWork using kryo
2024-04-24T01:09:48,779  INFO [LocalJobRunner Map Task Executor #0] exec.Utilities: Deserialized plan (via FILE) - name: null size: 5,29KB
2024-04-24T01:09:48,780  INFO [LocalJobRunner Map Task Executor #0] mapred.MapTask: numReduceTasks: 2
2024-04-24T01:09:48,785  INFO [LocalJobRunner Map Task Executor #0] mapred.MapTask: (EQUATOR) 0 kvi 26214396(104857584)
2024-04-24T01:09:48,785  INFO [LocalJobRunner Map Task Executor #0] mapred.MapTask: mapreduce.task.io.sort.mb: 100
2024-04-24T01:09:48,785  INFO [LocalJobRunner Map Task Executor #0] mapred.MapTask: soft limit at 83886080
2024-04-24T01:09:48,785  INFO [LocalJobRunner Map Task Executor #0] mapred.MapTask: bufstart = 0; bufvoid = 104857600
2024-04-24T01:09:48,785  INFO [LocalJobRunner Map Task Executor #0] mapred.MapTask: kvstart = 26214396; length = 6553600
2024-04-24T01:09:48,786  INFO [LocalJobRunner Map Task Executor #0] mapred.MapTask: Map output collector class = org.apache.hadoop.mapred.MapTask$MapOutputBuffer
2024-04-24T01:09:48,786  INFO [LocalJobRunner Map Task Executor #0] exec.MapOperator: Initializing Operator: MAP[0]
2024-04-24T01:09:48,786  INFO [LocalJobRunner Map Task Executor #0] mr.ExecMapper: 
<MAP>Id =0
  <Children>null
  <\Children>
  <Parent><\Parent>
<\MAP>
2024-04-24T01:09:48,787  INFO [LocalJobRunner Map Task Executor #0] exec.TableScanOperator: Initializing Operator: TS[0]
2024-04-24T01:09:48,787  INFO [LocalJobRunner Map Task Executor #0] exec.SelectOperator: Initializing Operator: SEL[1]
2024-04-24T01:09:48,787  INFO [LocalJobRunner Map Task Executor #0] exec.SelectOperator: SELECT null
2024-04-24T01:09:48,787  INFO [LocalJobRunner Map Task Executor #0] exec.UDTFOperator: Initializing Operator: UDTF[2]
2024-04-24T01:09:48,787  INFO [LocalJobRunner Map Task Executor #0] exec.SelectOperator: Initializing Operator: SEL[3]
2024-04-24T01:09:48,787  INFO [LocalJobRunner Map Task Executor #0] exec.SelectOperator: SELECT struct<col1:int,col2:int>
2024-04-24T01:09:48,788  INFO [LocalJobRunner Map Task Executor #0] exec.ReduceSinkOperator: Initializing Operator: RS[4]
2024-04-24T01:09:48,788  INFO [LocalJobRunner Map Task Executor #0] exec.ReduceSinkOperator: Using tag = -1
2024-04-24T01:09:48,788  INFO [LocalJobRunner Map Task Executor #0] exec.ReduceSinkOperator: keys are [reducesinkkey0] num distributions: 1
2024-04-24T01:09:48,788  INFO [LocalJobRunner Map Task Executor #0] exec.ReduceSinkOperator: RS[4]: records written - 1
2024-04-24T01:09:48,789  INFO [LocalJobRunner Map Task Executor #0] exec.MapOperator: MAP[0]: records read - 1
2024-04-24T01:09:48,789  INFO [LocalJobRunner Map Task Executor #0] exec.MapOperator: Closing Operator: MAP[0]
2024-04-24T01:09:48,789  INFO [LocalJobRunner Map Task Executor #0] exec.MapOperator: MAP[0]: Total records read - 3. abort - false
2024-04-24T01:09:48,789  INFO [LocalJobRunner Map Task Executor #0] exec.MapOperator: RECORDS_OUT_OPERATOR_MAP_0:0, DESERIALIZE_ERRORS:0, RECORDS_OUT_INTERMEDIATE:0, RECORDS_IN:3, 
2024-04-24T01:09:48,789  INFO [LocalJobRunner Map Task Executor #0] exec.TableScanOperator: Closing Operator: TS[0]
2024-04-24T01:09:48,789  INFO [LocalJobRunner Map Task Executor #0] exec.TableScanOperator: RECORDS_OUT_OPERATOR_TS_0:1, RECORDS_OUT_INTERMEDIATE:0, 
2024-04-24T01:09:48,789  INFO [LocalJobRunner Map Task Executor #0] exec.SelectOperator: Closing Operator: SEL[1]
2024-04-24T01:09:48,789  INFO [LocalJobRunner Map Task Executor #0] exec.SelectOperator: RECORDS_OUT_OPERATOR_SEL_1:1, RECORDS_OUT_INTERMEDIATE:0, 
2024-04-24T01:09:48,789  INFO [LocalJobRunner Map Task Executor #0] exec.UDTFOperator: Closing Operator: UDTF[2]
2024-04-24T01:09:48,789  INFO [LocalJobRunner Map Task Executor #0] exec.UDTFOperator: RECORDS_OUT_INTERMEDIATE:0, RECORDS_OUT_OPERATOR_UDTF_2:2, 
2024-04-24T01:09:48,789  INFO [LocalJobRunner Map Task Executor #0] exec.SelectOperator: Closing Operator: SEL[3]
2024-04-24T01:09:48,789  INFO [LocalJobRunner Map Task Executor #0] exec.SelectOperator: RECORDS_OUT_OPERATOR_SEL_3:2, RECORDS_OUT_INTERMEDIATE:0, 
2024-04-24T01:09:48,789  INFO [LocalJobRunner Map Task Executor #0] exec.ReduceSinkOperator: Closing Operator: RS[4]
2024-04-24T01:09:48,789  INFO [LocalJobRunner Map Task Executor #0] exec.ReduceSinkOperator: RS[4]: Total records written - 2. abort - false
2024-04-24T01:09:48,790  INFO [LocalJobRunner Map Task Executor #0] exec.ReduceSinkOperator: RECORDS_OUT_INTERMEDIATE:2, RECORDS_OUT_OPERATOR_RS_4:2, 
2024-04-24T01:09:48,790  INFO [LocalJobRunner Map Task Executor #0] mapred.LocalJobRunner: 
2024-04-24T01:09:48,790  INFO [LocalJobRunner Map Task Executor #0] mapred.MapTask: Starting flush of map output
2024-04-24T01:09:48,790  INFO [LocalJobRunner Map Task Executor #0] mapred.MapTask: Spilling map output
2024-04-24T01:09:48,790  INFO [LocalJobRunner Map Task Executor #0] mapred.MapTask: bufstart = 0; bufend = 32; bufvoid = 104857600
2024-04-24T01:09:48,790  INFO [LocalJobRunner Map Task Executor #0] mapred.MapTask: kvstart = 26214396(104857584); kvend = 26214392(104857568); length = 5/6553600
2024-04-24T01:09:48,801  INFO [LocalJobRunner Map Task Executor #0] mapred.MapTask: Finished spill 0
2024-04-24T01:09:48,804  INFO [LocalJobRunner Map Task Executor #0] mapred.Task: Task:attempt_local796282604_0032_m_000000_0 is done. And is in the process of committing
2024-04-24T01:09:48,805  INFO [LocalJobRunner Map Task Executor #0] mapred.LocalJobRunner: map
2024-04-24T01:09:48,805  INFO [LocalJobRunner Map Task Executor #0] mapred.Task: Task 'attempt_local796282604_0032_m_000000_0' done.
2024-04-24T01:09:48,805  INFO [LocalJobRunner Map Task Executor #0] mapred.Task: Final Counters for attempt_local796282604_0032_m_000000_0: Counters: 26
	File System Counters
		FILE: Number of bytes read=691312
		FILE: Number of bytes written=40154154
		FILE: Number of read operations=0
		FILE: Number of large read operations=0
		FILE: Number of write operations=0
	Map-Reduce Framework
		Map input records=4
		Map output records=2
		Map output bytes=32
		Map output materialized bytes=48
		Input split bytes=361
		Combine input records=0
		Spilled Records=2
		Failed Shuffles=0
		Merged Map outputs=0
		GC time elapsed (ms)=0
		Total committed heap usage (bytes)=1309671424
	HIVE
		DESERIALIZE_ERRORS=0
		RECORDS_IN=3
		RECORDS_OUT_INTERMEDIATE=2
		RECORDS_OUT_OPERATOR_MAP_0=0
		RECORDS_OUT_OPERATOR_RS_4=2
		RECORDS_OUT_OPERATOR_SEL_1=1
		RECORDS_OUT_OPERATOR_SEL_3=2
		RECORDS_OUT_OPERATOR_TS_0=1
		RECORDS_OUT_OPERATOR_UDTF_2=2
	File Input Format Counters 
		Bytes Read=5342
2024-04-24T01:09:48,805  INFO [LocalJobRunner Map Task Executor #0] mapred.LocalJobRunner: Finishing task: attempt_local796282604_0032_m_000000_0
2024-04-24T01:09:48,805  INFO [Thread-2547] mapred.LocalJobRunner: map task executor complete.
2024-04-24T01:09:48,807  INFO [Thread-2547] mapred.LocalJobRunner: Waiting for reduce tasks
2024-04-24T01:09:48,807  INFO [pool-160-thread-1] mapred.LocalJobRunner: Starting task: attempt_local796282604_0032_r_000000_0
2024-04-24T01:09:48,808  INFO [pool-160-thread-1] mapred.Task:  Using ResourceCalculatorProcessTree : [ ]
2024-04-24T01:09:48,808  INFO [pool-160-thread-1] mapred.ReduceTask: Using ShuffleConsumerPlugin: org.apache.hadoop.mapreduce.task.reduce.Shuffle@6b15d6da
2024-04-24T01:09:48,808  WARN [pool-160-thread-1] impl.MetricsSystemImpl: JobTracker metrics system already initialized!
2024-04-24T01:09:48,809  INFO [pool-160-thread-1] reduce.MergeManagerImpl: MergerManager: memoryLimit=1336252800, maxSingleShuffleLimit=334063200, mergeThreshold=881926912, ioSortFactor=10, memToMemMergeOutputsThreshold=10
2024-04-24T01:09:48,809  INFO [EventFetcher for fetching Map Completion Events] reduce.EventFetcher: attempt_local796282604_0032_r_000000_0 Thread started: EventFetcher for fetching Map Completion Events
2024-04-24T01:09:48,810  INFO [localfetcher#46] reduce.LocalFetcher: localfetcher#46 about to shuffle output of map attempt_local796282604_0032_m_000000_0 decomp: 20 len: 24 to MEMORY
2024-04-24T01:09:48,810  INFO [localfetcher#46] reduce.InMemoryMapOutput: Read 20 bytes from map-output for attempt_local796282604_0032_m_000000_0
2024-04-24T01:09:48,811  INFO [localfetcher#46] reduce.MergeManagerImpl: closeInMemoryFile -> map-output of size: 20, inMemoryMapOutputs.size() -> 1, commitMemory -> 0, usedMemory ->20
2024-04-24T01:09:48,811  INFO [EventFetcher for fetching Map Completion Events] reduce.EventFetcher: EventFetcher is interrupted.. Returning
2024-04-24T01:09:48,811  INFO [pool-160-thread-1] mapred.LocalJobRunner: 1 / 1 copied.
2024-04-24T01:09:48,811  INFO [pool-160-thread-1] reduce.MergeManagerImpl: finalMerge called with 1 in-memory map-outputs and 0 on-disk map-outputs
2024-04-24T01:09:48,818  INFO [pool-160-thread-1] mapred.Merger: Merging 1 sorted segments
2024-04-24T01:09:48,818  INFO [pool-160-thread-1] mapred.Merger: Down to the last merge-pass, with 1 segments left of total size: 8 bytes
2024-04-24T01:09:48,821  INFO [pool-160-thread-1] reduce.MergeManagerImpl: Merged 1 segments, 20 bytes to disk to satisfy reduce memory limit
2024-04-24T01:09:48,821  INFO [pool-160-thread-1] reduce.MergeManagerImpl: Merging 1 files, 24 bytes from disk
2024-04-24T01:09:48,821  INFO [pool-160-thread-1] reduce.MergeManagerImpl: Merging 0 segments, 0 bytes from memory into reduce
2024-04-24T01:09:48,821  INFO [pool-160-thread-1] mapred.Merger: Merging 1 sorted segments
2024-04-24T01:09:48,821  INFO [pool-160-thread-1] mapred.Merger: Down to the last merge-pass, with 1 segments left of total size: 8 bytes
2024-04-24T01:09:48,821  INFO [pool-160-thread-1] mapred.LocalJobRunner: 1 / 1 copied.
2024-04-24T01:09:48,822  INFO [pool-160-thread-1] exec.SerializationUtilities: Deserializing ReduceWork using kryo
2024-04-24T01:09:48,822  INFO [pool-160-thread-1] exec.Utilities: Deserialized plan (via FILE) - name: null size: 5,92KB
2024-04-24T01:09:48,823  INFO [pool-160-thread-1] ExecReducer: 
<SEL>Id =5
  <Children>
    <FS>Id =6
      <Children>
      <\Children>
      <Parent>Id = 5 null<\Parent>
    <\FS>
  <\Children>
  <Parent><\Parent>
<\SEL>
2024-04-24T01:09:48,823  INFO [pool-160-thread-1] exec.SelectOperator: Initializing Operator: SEL[5]
2024-04-24T01:09:48,823  INFO [pool-160-thread-1] exec.SelectOperator: SELECT struct<key:struct<reducesinkkey0:int>,value:struct<_col0:int>>
2024-04-24T01:09:48,823  INFO [pool-160-thread-1] exec.FileSinkOperator: Initializing Operator: FS[6]
2024-04-24T01:09:48,823  INFO [pool-160-thread-1] exec.FileSinkOperator: Using serializer : AbstractSerDe [log=org.apache.logging.slf4j.Log4jLogger@7c52fdfa, configuration=Optional[Configuration: core-default.xml, core-site.xml, mapred-default.xml, mapred-site.xml, yarn-default.xml, yarn-site.xml, hdfs-default.xml, hdfs-site.xml, file:/home/alex/Repositories/hive/ql/target/tmp/TestTxnCommandsWithSplitUpdateAndVectorization/mapred/local/localRunner/alex/job_local796282604_0032/job_local796282604_0032.xml], properties={transactional_properties=default, name=default.acidtbl, transactional=true, columns.types=int:int, bucket_field_name=a, columns=a,b, numFilesErasureCoded=0, columns.comments=&amp#0;, bucketing_version=2, bucket_count=2, serialization.lib=org.apache.hadoop.hive.ql.io.orc.OrcSerde, file.inputformat=org.apache.hadoop.hive.ql.io.orc.OrcInputFormat, file.outputformat=org.apache.hadoop.hive.ql.io.orc.OrcOutputFormat, location=file:/home/alex/Repositories/hive/ql/target/tmp/org.apache.hadoop.hive.ql.TestTxnCommands-1713946100941/warehouse/acidtbl, column.name.delimiter=,}, tableProperties={transactional_properties=default, name=default.acidtbl, transactional=true, columns.types=int:int, bucket_field_name=a, columns=a,b, numFilesErasureCoded=0, columns.comments=&amp#0;, bucketing_version=2, bucket_count=2, serialization.lib=org.apache.hadoop.hive.ql.io.orc.OrcSerde, file.inputformat=org.apache.hadoop.hive.ql.io.orc.OrcInputFormat, location=file:/home/alex/Repositories/hive/ql/target/tmp/org.apache.hadoop.hive.ql.TestTxnCommands-1713946100941/warehouse/acidtbl, file.outputformat=org.apache.hadoop.hive.ql.io.orc.OrcOutputFormat, column.name.delimiter=,}, partitionProperties=Optional.empty, columnNames=[a, b], columnTypes=[int, int], getClass()=class org.apache.hadoop.hive.ql.io.orc.OrcSerde] and formatter : org.apache.hadoop.hive.ql.io.orc.OrcOutputFormat@2898d00
2024-04-24T01:09:48,824  INFO [pool-160-thread-1] exec.FileSinkOperator: Final Path: FS file:/home/alex/Repositories/hive/ql/target/tmp/org.apache.hadoop.hive.ql.TestTxnCommands-1713946100941/warehouse/acidtbl
2024-04-24T01:09:48,824  INFO [pool-160-thread-1] exec.FileSinkOperator: New Final Path: FS file:/home/alex/Repositories/hive/ql/target/tmp/org.apache.hadoop.hive.ql.TestTxnCommands-1713946100941/warehouse/acidtbl
2024-04-24T01:09:48,824  INFO [pool-160-thread-1] common.FileUtils: Creating directory if it doesn't exist: file:/home/alex/Repositories/hive/ql/target/tmp/org.apache.hadoop.hive.ql.TestTxnCommands-1713946100941/warehouse
2024-04-24T01:09:48,824  INFO [pool-160-thread-1] exec.FileSinkOperator: FS[6]: records written - 1
2024-04-24T01:09:48,825  INFO [pool-160-thread-1] impl.PhysicalFsWriter: ORC writer created for path: file:/home/alex/Repositories/hive/ql/target/tmp/org.apache.hadoop.hive.ql.TestTxnCommands-1713946100941/warehouse/acidtbl/delta_0000002_0000002_0000/bucket_00000_0 with stripeSize: 8388608 blockSize: 268435456 compression: Compress: ZLIB buffer: 32768
2024-04-24T01:09:48,832  INFO [pool-160-thread-1] impl.WriterImpl: ORC writer created for path: file:/home/alex/Repositories/hive/ql/target/tmp/org.apache.hadoop.hive.ql.TestTxnCommands-1713946100941/warehouse/acidtbl/delta_0000002_0000002_0000/bucket_00000_0 with stripeSize: 8388608 options: Compress: ZLIB buffer: 32768
2024-04-24T01:09:48,837  INFO [pool-160-thread-1] exec.SelectOperator: Closing Operator: SEL[5]
2024-04-24T01:09:48,837  INFO [pool-160-thread-1] exec.SelectOperator: RECORDS_OUT_INTERMEDIATE:0, RECORDS_OUT_OPERATOR_SEL_5:1, 
2024-04-24T01:09:48,837  INFO [pool-160-thread-1] exec.FileSinkOperator: Closing Operator: FS[6]
2024-04-24T01:09:48,837  INFO [pool-160-thread-1] exec.FileSinkOperator: FS[6]: records written - 1
2024-04-24T01:09:48,839  INFO [pool-160-thread-1] FileOperations: Writing manifest to file:/home/alex/Repositories/hive/ql/target/tmp/org.apache.hadoop.hive.ql.TestTxnCommands-1713946100941/warehouse/acidtbl/_tmp.delta_0000002_0000002_0000/000000_0.manifest with [file:/home/alex/Repositories/hive/ql/target/tmp/org.apache.hadoop.hive.ql.TestTxnCommands-1713946100941/warehouse/acidtbl/delta_0000002_0000002_0000/bucket_00000_0]
2024-04-24T01:09:48,852  INFO [pool-160-thread-1] exec.FileSinkOperator: RECORDS_OUT_1_default.acidtbl:1, TOTAL_TABLE_ROWS_WRITTEN:1, RECORDS_OUT_INTERMEDIATE:0, RECORDS_OUT_OPERATOR_FS_6:1, 
2024-04-24T01:09:48,852  INFO [pool-160-thread-1] mapred.Task: Task:attempt_local796282604_0032_r_000000_0 is done. And is in the process of committing
2024-04-24T01:09:48,853  INFO [pool-160-thread-1] mapred.LocalJobRunner: reduce > reduce
2024-04-24T01:09:48,853  INFO [pool-160-thread-1] mapred.Task: Task 'attempt_local796282604_0032_r_000000_0' done.
2024-04-24T01:09:48,853  INFO [pool-160-thread-1] mapred.Task: Final Counters for attempt_local796282604_0032_r_000000_0: Counters: 30
	File System Counters
		FILE: Number of bytes read=697419
		FILE: Number of bytes written=40155194
		FILE: Number of read operations=0
		FILE: Number of large read operations=0
		FILE: Number of write operations=0
	Map-Reduce Framework
		Combine input records=0
		Combine output records=0
		Reduce input groups=1
		Reduce shuffle bytes=24
		Reduce input records=1
		Reduce output records=0
		Spilled Records=1
		Shuffled Maps =1
		Failed Shuffles=0
		Merged Map outputs=1
		GC time elapsed (ms)=0
		Total committed heap usage (bytes)=1309671424
	HIVE
		CREATED_FILES=1
		RECORDS_OUT_1_default.acidtbl=1
		RECORDS_OUT_INTERMEDIATE=0
		RECORDS_OUT_OPERATOR_FS_6=1
		RECORDS_OUT_OPERATOR_SEL_5=1
		TOTAL_TABLE_ROWS_WRITTEN=1
	Shuffle Errors
		BAD_ID=0
		CONNECTION=0
		IO_ERROR=0
		WRONG_LENGTH=0
		WRONG_MAP=0
		WRONG_REDUCE=0
	File Output Format Counters 
		Bytes Written=0
2024-04-24T01:09:48,853  INFO [pool-160-thread-1] mapred.LocalJobRunner: Finishing task: attempt_local796282604_0032_r_000000_0
2024-04-24T01:09:48,853  INFO [pool-160-thread-1] mapred.LocalJobRunner: Starting task: attempt_local796282604_0032_r_000001_0
2024-04-24T01:09:48,853  INFO [pool-160-thread-1] mapred.Task:  Using ResourceCalculatorProcessTree : [ ]
2024-04-24T01:09:48,854  INFO [pool-160-thread-1] mapred.ReduceTask: Using ShuffleConsumerPlugin: org.apache.hadoop.mapreduce.task.reduce.Shuffle@5488158a
2024-04-24T01:09:48,854  WARN [pool-160-thread-1] impl.MetricsSystemImpl: JobTracker metrics system already initialized!
2024-04-24T01:09:48,855  INFO [pool-160-thread-1] reduce.MergeManagerImpl: MergerManager: memoryLimit=1336252800, maxSingleShuffleLimit=334063200, mergeThreshold=881926912, ioSortFactor=10, memToMemMergeOutputsThreshold=10
2024-04-24T01:09:48,855  INFO [EventFetcher for fetching Map Completion Events] reduce.EventFetcher: attempt_local796282604_0032_r_000001_0 Thread started: EventFetcher for fetching Map Completion Events
2024-04-24T01:09:48,858  INFO [localfetcher#47] reduce.LocalFetcher: localfetcher#47 about to shuffle output of map attempt_local796282604_0032_m_000000_0 decomp: 20 len: 24 to MEMORY
2024-04-24T01:09:48,858  INFO [localfetcher#47] reduce.InMemoryMapOutput: Read 20 bytes from map-output for attempt_local796282604_0032_m_000000_0
2024-04-24T01:09:48,858  INFO [localfetcher#47] reduce.MergeManagerImpl: closeInMemoryFile -> map-output of size: 20, inMemoryMapOutputs.size() -> 1, commitMemory -> 0, usedMemory ->20
2024-04-24T01:09:48,858  INFO [EventFetcher for fetching Map Completion Events] reduce.EventFetcher: EventFetcher is interrupted.. Returning
2024-04-24T01:09:48,859  INFO [pool-160-thread-1] mapred.LocalJobRunner: 1 / 1 copied.
2024-04-24T01:09:48,859  INFO [pool-160-thread-1] reduce.MergeManagerImpl: finalMerge called with 1 in-memory map-outputs and 0 on-disk map-outputs
2024-04-24T01:09:48,865  INFO [pool-160-thread-1] mapred.Merger: Merging 1 sorted segments
2024-04-24T01:09:48,865  INFO [pool-160-thread-1] mapred.Merger: Down to the last merge-pass, with 1 segments left of total size: 8 bytes
2024-04-24T01:09:48,868  INFO [pool-160-thread-1] reduce.MergeManagerImpl: Merged 1 segments, 20 bytes to disk to satisfy reduce memory limit
2024-04-24T01:09:48,868  INFO [pool-160-thread-1] reduce.MergeManagerImpl: Merging 1 files, 24 bytes from disk
2024-04-24T01:09:48,868  INFO [pool-160-thread-1] reduce.MergeManagerImpl: Merging 0 segments, 0 bytes from memory into reduce
2024-04-24T01:09:48,868  INFO [pool-160-thread-1] mapred.Merger: Merging 1 sorted segments
2024-04-24T01:09:48,868  INFO [pool-160-thread-1] mapred.Merger: Down to the last merge-pass, with 1 segments left of total size: 8 bytes
2024-04-24T01:09:48,868  INFO [pool-160-thread-1] mapred.LocalJobRunner: 1 / 1 copied.
2024-04-24T01:09:48,869  INFO [pool-160-thread-1] exec.SerializationUtilities: Deserializing ReduceWork using kryo
2024-04-24T01:09:48,869  INFO [pool-160-thread-1] exec.Utilities: Deserialized plan (via FILE) - name: null size: 5,92KB
2024-04-24T01:09:48,870  INFO [pool-160-thread-1] ExecReducer: 
<SEL>Id =5
  <Children>
    <FS>Id =6
      <Children>
      <\Children>
      <Parent>Id = 5 null<\Parent>
    <\FS>
  <\Children>
  <Parent><\Parent>
<\SEL>
2024-04-24T01:09:48,870  INFO [pool-160-thread-1] exec.SelectOperator: Initializing Operator: SEL[5]
2024-04-24T01:09:48,870  INFO [pool-160-thread-1] exec.SelectOperator: SELECT struct<key:struct<reducesinkkey0:int>,value:struct<_col0:int>>
2024-04-24T01:09:48,870  INFO [pool-160-thread-1] exec.FileSinkOperator: Initializing Operator: FS[6]
2024-04-24T01:09:48,870  INFO [pool-160-thread-1] exec.FileSinkOperator: Using serializer : AbstractSerDe [log=org.apache.logging.slf4j.Log4jLogger@7c52fdfa, configuration=Optional[Configuration: core-default.xml, core-site.xml, mapred-default.xml, mapred-site.xml, yarn-default.xml, yarn-site.xml, hdfs-default.xml, hdfs-site.xml, file:/home/alex/Repositories/hive/ql/target/tmp/TestTxnCommandsWithSplitUpdateAndVectorization/mapred/local/localRunner/alex/job_local796282604_0032/job_local796282604_0032.xml], properties={transactional_properties=default, name=default.acidtbl, transactional=true, columns.types=int:int, bucket_field_name=a, columns=a,b, numFilesErasureCoded=0, columns.comments=&amp#0;, bucketing_version=2, bucket_count=2, serialization.lib=org.apache.hadoop.hive.ql.io.orc.OrcSerde, file.inputformat=org.apache.hadoop.hive.ql.io.orc.OrcInputFormat, file.outputformat=org.apache.hadoop.hive.ql.io.orc.OrcOutputFormat, location=file:/home/alex/Repositories/hive/ql/target/tmp/org.apache.hadoop.hive.ql.TestTxnCommands-1713946100941/warehouse/acidtbl, column.name.delimiter=,}, tableProperties={transactional_properties=default, name=default.acidtbl, transactional=true, columns.types=int:int, bucket_field_name=a, columns=a,b, numFilesErasureCoded=0, columns.comments=&amp#0;, bucketing_version=2, bucket_count=2, serialization.lib=org.apache.hadoop.hive.ql.io.orc.OrcSerde, file.inputformat=org.apache.hadoop.hive.ql.io.orc.OrcInputFormat, location=file:/home/alex/Repositories/hive/ql/target/tmp/org.apache.hadoop.hive.ql.TestTxnCommands-1713946100941/warehouse/acidtbl, file.outputformat=org.apache.hadoop.hive.ql.io.orc.OrcOutputFormat, column.name.delimiter=,}, partitionProperties=Optional.empty, columnNames=[a, b], columnTypes=[int, int], getClass()=class org.apache.hadoop.hive.ql.io.orc.OrcSerde] and formatter : org.apache.hadoop.hive.ql.io.orc.OrcOutputFormat@46319a46
2024-04-24T01:09:48,871  INFO [pool-160-thread-1] exec.FileSinkOperator: Final Path: FS file:/home/alex/Repositories/hive/ql/target/tmp/org.apache.hadoop.hive.ql.TestTxnCommands-1713946100941/warehouse/acidtbl
2024-04-24T01:09:48,871  INFO [pool-160-thread-1] exec.FileSinkOperator: New Final Path: FS file:/home/alex/Repositories/hive/ql/target/tmp/org.apache.hadoop.hive.ql.TestTxnCommands-1713946100941/warehouse/acidtbl
2024-04-24T01:09:48,871  INFO [pool-160-thread-1] common.FileUtils: Creating directory if it doesn't exist: file:/home/alex/Repositories/hive/ql/target/tmp/org.apache.hadoop.hive.ql.TestTxnCommands-1713946100941/warehouse
2024-04-24T01:09:48,872  INFO [pool-160-thread-1] exec.FileSinkOperator: FS[6]: records written - 1
2024-04-24T01:09:48,872  INFO [pool-160-thread-1] impl.PhysicalFsWriter: ORC writer created for path: file:/home/alex/Repositories/hive/ql/target/tmp/org.apache.hadoop.hive.ql.TestTxnCommands-1713946100941/warehouse/acidtbl/delta_0000002_0000002_0000/bucket_00001_0 with stripeSize: 8388608 blockSize: 268435456 compression: Compress: ZLIB buffer: 32768
2024-04-24T01:09:48,876  INFO [pool-160-thread-1] impl.WriterImpl: ORC writer created for path: file:/home/alex/Repositories/hive/ql/target/tmp/org.apache.hadoop.hive.ql.TestTxnCommands-1713946100941/warehouse/acidtbl/delta_0000002_0000002_0000/bucket_00001_0 with stripeSize: 8388608 options: Compress: ZLIB buffer: 32768
2024-04-24T01:09:48,877  INFO [pool-160-thread-1] exec.SelectOperator: Closing Operator: SEL[5]
2024-04-24T01:09:48,877  INFO [pool-160-thread-1] exec.SelectOperator: RECORDS_OUT_OPERATOR_SEL_5:1, RECORDS_OUT_INTERMEDIATE:0, 
2024-04-24T01:09:48,877  INFO [pool-160-thread-1] exec.FileSinkOperator: Closing Operator: FS[6]
2024-04-24T01:09:48,877  INFO [pool-160-thread-1] exec.FileSinkOperator: FS[6]: records written - 1
2024-04-24T01:09:48,879  INFO [pool-160-thread-1] FileOperations: Writing manifest to file:/home/alex/Repositories/hive/ql/target/tmp/org.apache.hadoop.hive.ql.TestTxnCommands-1713946100941/warehouse/acidtbl/_tmp.delta_0000002_0000002_0000/000001_0.manifest with [file:/home/alex/Repositories/hive/ql/target/tmp/org.apache.hadoop.hive.ql.TestTxnCommands-1713946100941/warehouse/acidtbl/delta_0000002_0000002_0000/bucket_00001_0]
2024-04-24T01:09:48,889  INFO [pool-160-thread-1] exec.FileSinkOperator: RECORDS_OUT_INTERMEDIATE:0, RECORDS_OUT_OPERATOR_FS_6:1, RECORDS_OUT_1_default.acidtbl:1, TOTAL_TABLE_ROWS_WRITTEN:1, 
2024-04-24T01:09:48,889  INFO [pool-160-thread-1] mapred.Task: Task:attempt_local796282604_0032_r_000001_0 is done. And is in the process of committing
2024-04-24T01:09:48,890  INFO [pool-160-thread-1] mapred.LocalJobRunner: reduce > reduce
2024-04-24T01:09:48,890  INFO [pool-160-thread-1] mapred.Task: Task 'attempt_local796282604_0032_r_000001_0' done.
2024-04-24T01:09:48,890  INFO [pool-160-thread-1] mapred.Task: Final Counters for attempt_local796282604_0032_r_000001_0: Counters: 30
	File System Counters
		FILE: Number of bytes read=703502
		FILE: Number of bytes written=40156228
		FILE: Number of read operations=0
		FILE: Number of large read operations=0
		FILE: Number of write operations=0
	Map-Reduce Framework
		Combine input records=0
		Combine output records=0
		Reduce input groups=1
		Reduce shuffle bytes=24
		Reduce input records=1
		Reduce output records=0
		Spilled Records=1
		Shuffled Maps =1
		Failed Shuffles=0
		Merged Map outputs=1
		GC time elapsed (ms)=0
		Total committed heap usage (bytes)=1309671424
	HIVE
		CREATED_FILES=1
		RECORDS_OUT_1_default.acidtbl=1
		RECORDS_OUT_INTERMEDIATE=0
		RECORDS_OUT_OPERATOR_FS_6=1
		RECORDS_OUT_OPERATOR_SEL_5=1
		TOTAL_TABLE_ROWS_WRITTEN=1
	Shuffle Errors
		BAD_ID=0
		CONNECTION=0
		IO_ERROR=0
		WRONG_LENGTH=0
		WRONG_MAP=0
		WRONG_REDUCE=0
	File Output Format Counters 
		Bytes Written=0
2024-04-24T01:09:48,890  INFO [pool-160-thread-1] mapred.LocalJobRunner: Finishing task: attempt_local796282604_0032_r_000001_0
2024-04-24T01:09:48,890  INFO [Thread-2547] mapred.LocalJobRunner: reduce task executor complete.
2024-04-24 01:09:49,777 Stage-1 map = 100%,  reduce = 100%
2024-04-24T01:09:49,777  INFO [main] exec.Task: 2024-04-24 01:09:49,777 Stage-1 map = 100%,  reduce = 100%
Ended Job = job_local796282604_0032
2024-04-24T01:09:49,778  INFO [main] exec.Task: Ended Job = job_local796282604_0032
2024-04-24T01:09:49,779  INFO [main] FileOperations: Found manifest file file:/home/alex/Repositories/hive/ql/target/tmp/org.apache.hadoop.hive.ql.TestTxnCommands-1713946100941/warehouse/acidtbl/_tmp.delta_0000002_0000002_0000/000001_0.manifest with attemptId 0.
2024-04-24T01:09:49,779  INFO [main] FileOperations: Found manifest file file:/home/alex/Repositories/hive/ql/target/tmp/org.apache.hadoop.hive.ql.TestTxnCommands-1713946100941/warehouse/acidtbl/_tmp.delta_0000002_0000002_0000/000000_0.manifest with attemptId 0.
2024-04-24T01:09:49,779  INFO [main] FileOperations: Looking at manifest file: file:/home/alex/Repositories/hive/ql/target/tmp/org.apache.hadoop.hive.ql.TestTxnCommands-1713946100941/warehouse/acidtbl/_tmp.delta_0000002_0000002_0000/000001_0.manifest
2024-04-24T01:09:49,779  INFO [main] FileOperations: Looking at manifest file: file:/home/alex/Repositories/hive/ql/target/tmp/org.apache.hadoop.hive.ql.TestTxnCommands-1713946100941/warehouse/acidtbl/_tmp.delta_0000002_0000002_0000/000000_0.manifest
2024-04-24T01:09:49,780  INFO [main] FileOperations: Deleting manifest directory file:/home/alex/Repositories/hive/ql/target/tmp/org.apache.hadoop.hive.ql.TestTxnCommands-1713946100941/warehouse/acidtbl/_tmp.delta_0000002_0000002_0000
2024-04-24T01:09:49,781  INFO [main] ql.Driver: Starting task [Stage-0:MOVE] in serial mode
Loading data to table default.acidtbl
2024-04-24T01:09:49,781  INFO [main] exec.Task: Loading data to table default.acidtbl from file:/home/alex/Repositories/hive/ql/target/tmp/org.apache.hadoop.hive.ql.TestTxnCommands-1713946100941/warehouse/acidtbl
2024-04-24T01:09:49,781  INFO [main] HiveMetaStore.audit: ugi=alex	ip=unknown-ip-addr	cmd=get_table : tbl=hive.default.acidtbl	
2024-04-24T01:09:49,788  INFO [main] metastore.HMSHandler: Skipping translation for processor with null
2024-04-24T01:09:49,788  INFO [main] HiveMetaStore.audit: ugi=alex	ip=unknown-ip-addr	cmd=get_table : tbl=hive.default.acidtbl	
2024-04-24T01:09:49,794  INFO [main] metastore.HMSHandler: Skipping translation for processor with null
2024-04-24T01:09:49,795  INFO [main] HiveMetaStore.audit: ugi=alex	ip=unknown-ip-addr	cmd=alter_table: hive.default.acidtbl newtbl=acidtbl	
2024-04-24T01:09:49,814  INFO [main] ql.Driver: Starting task [Stage-2:STATS] in serial mode
2024-04-24T01:09:49,814  INFO [main] HiveMetaStore.audit: ugi=alex	ip=unknown-ip-addr	cmd=get_table : tbl=hive.default.acidtbl	
2024-04-24T01:09:49,824  INFO [main] metastore.HMSHandler: Skipping translation for processor with null
2024-04-24T01:09:49,824  INFO [main] stats.BasicStatsTask: Executing stats task
2024-04-24T01:09:49,825  INFO [main] fs.FSStatsPublisher: created : file:/home/alex/Repositories/hive/ql/target/tmp/localscratchdir/4f767304-7e42-4d04-b6aa-1548410b71a2/hive_2024-04-24_01-09-48_338_2360610844380656099-1/-mr-10000
2024-04-24T01:09:49,826  INFO [main] HiveMetaStore.audit: ugi=alex	ip=unknown-ip-addr	cmd=get_table : tbl=hive.default.acidtbl	
2024-04-24T01:09:49,837  INFO [main] metastore.HMSHandler: Skipping translation for processor with null
2024-04-24T01:09:49,859  WARN [main] FileOperations: Computing stats for an ACID table; stats may be inaccurate
2024-04-24T01:09:49,859  INFO [main] FileOperations: Read stats for default.acidtbl/, numRows, true, 2, false: 
2024-04-24T01:09:49,859  INFO [main] FileOperations: Read stats for default.acidtbl/, rawDataSize, true, 0, false: 
2024-04-24T01:09:49,859  INFO [main] HiveMetaStore.audit: ugi=alex	ip=unknown-ip-addr	cmd=alter_table: hive.default.acidtbl newtbl=acidtbl	
2024-04-24T01:09:49,880  INFO [main] FileOperations: Read stats for default.acidtbl/, insertCount, true, 2, false: 
2024-04-24T01:09:49,880  INFO [main] FileOperations: Read stats for default.acidtbl/, updateCount, true, 0, false: 
2024-04-24T01:09:49,880  INFO [main] FileOperations: Read stats for default.acidtbl/, deleteCount, true, 0, false: 
2024-04-24T01:09:49,880  INFO [main] stats.BasicStatsTask: Table default.acidtbl stats: [numFiles=4, numRows=4, totalSize=2695, rawDataSize=0, numFilesErasureCoded=0]
2024-04-24T01:09:49,880  INFO [main] metadata.Hive: Dumping metastore api call timing information for : execution phase
2024-04-24T01:09:49,880  INFO [main] metadata.Hive: Total time spent in each metastore function (ms): {updateTransactionalStatistics_(UpdateTransactionalStatsRequest)=0, isCompatibleWith_(Configuration)=0, getTable_(GetTableRequest)=34, alter_table_(String, String, String, Table, EnvironmentContext, String)=40}
MapReduce Jobs Launched: 
2024-04-24T01:09:49,881  INFO [main] ql.Driver: MapReduce Jobs Launched: 
Stage-Stage-1:  HDFS Read: 0 HDFS Write: 0 SUCCESS
2024-04-24T01:09:49,881  INFO [main] ql.Driver: Stage-Stage-1:  HDFS Read: 0 HDFS Write: 0 SUCCESS
Total MapReduce CPU Time Spent: 0 msec
2024-04-24T01:09:49,881  INFO [main] ql.Driver: Total MapReduce CPU Time Spent: 0 msec
2024-04-24T01:09:49,881  INFO [main] ql.Driver: Completed executing command(queryId=alex_20240424010948_8d4a2fcb-664a-47a2-a22b-2f983642a85b); Time taken: 1.386 seconds
2024-04-24T01:09:49,881  INFO [main] ql.TxnCommandsBaseForTests: Running the query: select a,b from acidTbl order by a,b
2024-04-24T01:09:49,881  INFO [main] ql.Context: Deleting scratch dir: file:/home/alex/Repositories/hive/ql/target/tmp/localscratchdir/4f767304-7e42-4d04-b6aa-1548410b71a2/hive_2024-04-24_01-09-48_338_2360610844380656099-1
2024-04-24T01:09:49,882  INFO [main] cleanup.SyncCleanupService: Deleted directory: file:/home/alex/Repositories/hive/ql/target/tmp/localscratchdir/4f767304-7e42-4d04-b6aa-1548410b71a2/hive_2024-04-24_01-09-48_338_2360610844380656099-1 on fs with scheme file
2024-04-24T01:09:49,882  INFO [main] ql.Driver: Compiling command(queryId=alex_20240424010949_2c754e46-284f-4211-85ff-79026754b8a8): select a,b from acidTbl order by a,b
2024-04-24T01:09:49,882  INFO [main] parse.CalcitePlanner: Starting caching scope for: 
2024-04-24T01:09:49,882  INFO [main] parse.CalcitePlanner: Starting Semantic Analysis
2024-04-24T01:09:49,883  INFO [main] parse.CalcitePlanner: Completed phase 1 of Semantic Analysis
2024-04-24T01:09:49,883  INFO [main] parse.CalcitePlanner: Get metadata for source tables
2024-04-24T01:09:49,883  INFO [main] HiveMetaStore.audit: ugi=alex	ip=unknown-ip-addr	cmd=get_table : tbl=hive.default.acidtbl	
2024-04-24T01:09:49,890  INFO [main] metastore.HMSHandler: Skipping translation for processor with null
2024-04-24T01:09:49,890  INFO [main] parse.CalcitePlanner: Get metadata for subqueries
2024-04-24T01:09:49,890  INFO [main] parse.CalcitePlanner: Get metadata for destination tables
2024-04-24T01:09:49,891  INFO [main] parse.CalcitePlanner: Completed getting MetaData in Semantic Analysis
2024-04-24T01:09:49,902  INFO [main] HiveMetaStore.audit: ugi=alex	ip=unknown-ip-addr	cmd=get_all_table_constraints : tbl=hive.default.acidtbl	
2024-04-24T01:09:49,910  INFO [main] calcite.RelOptHiveTable: Calculating column statistics for default.acidtbl, projIndxSet: [0, 1], allowMissingStats: true
2024-04-24T01:09:49,910  INFO [main] HiveMetaStore.audit: ugi=alex	ip=unknown-ip-addr	cmd=get_table : tbl=hive.default.acidtbl	
2024-04-24T01:09:49,918  INFO [main] metastore.HMSHandler: Skipping translation for processor with null
2024-04-24T01:09:49,919  INFO [main] HiveMetaStore.audit: ugi=alex	ip=unknown-ip-addr	cmd=get_table : tbl=hive.default.acidtbl	
2024-04-24T01:09:49,927  INFO [main] metastore.HMSHandler: Skipping translation for processor with null
2024-04-24T01:09:49,927  INFO [main] HiveMetaStore.audit: ugi=alex	ip=unknown-ip-addr	cmd=get_table_statistics_req: table=hive.default.acidtbl	
2024-04-24T01:09:49,935  WARN [main] calcite.RelOptHiveTable: No Stats for default@acidtbl, Columns: a, b
No Stats for default@acidtbl, Columns: a, b
2024-04-24T01:09:49,935  INFO [main] SessionState: No Stats for default@acidtbl, Columns: a, b
2024-04-24T01:09:49,974  INFO [main] parse.CalcitePlanner: Get metadata for source tables
2024-04-24T01:09:49,974  INFO [main] parse.CalcitePlanner: Get metadata for subqueries
2024-04-24T01:09:49,974  INFO [main] parse.CalcitePlanner: Get metadata for destination tables
2024-04-24T01:09:49,975  INFO [main] common.FileUtils: Creating directory if it doesn't exist: file:/home/alex/Repositories/hive/ql/target/tmp/localscratchdir/4f767304-7e42-4d04-b6aa-1548410b71a2/hive_2024-04-24_01-09-49_882_6022418466654342215-1/-mr-10001/.hive-staging_hive_2024-04-24_01-09-49_882_6022418466654342215-1
2024-04-24T01:09:49,983  INFO [main] parse.CalcitePlanner: CBO Succeeded; optimized logical plan.
2024-04-24T01:09:49,985  INFO [main] optimizer.ColumnPrunerProcFactory: RS 2 oldColExprMap: {KEY.reducesinkkey0=Column[_col0], KEY.reducesinkkey1=Column[_col1]}
2024-04-24T01:09:49,985  INFO [main] optimizer.ColumnPrunerProcFactory: RS 2 newColExprMap: {KEY.reducesinkkey0=Column[_col0], KEY.reducesinkkey1=Column[_col1]}
2024-04-24T01:09:49,986  INFO [main] optimizer.SortedDynPartitionOptimizer: Sorted dynamic partitioning optimization kicked in..
2024-04-24T01:09:49,994  INFO [main] physical.Vectorizer: Examining input format to see if vectorization is enabled.
2024-04-24T01:09:49,995  INFO [main] physical.Vectorizer: Vectorization is enabled for input format(s) [org.apache.hadoop.hive.ql.io.orc.OrcInputFormat]
2024-04-24T01:09:49,995  INFO [main] physical.Vectorizer: Validating and vectorizing MapWork... (vectorizedVertexNum 0)
2024-04-24T01:09:49,996  INFO [main] physical.Vectorizer: Map vectorization enabled: true
2024-04-24T01:09:49,996  INFO [main] physical.Vectorizer: Map vectorized: true
2024-04-24T01:09:49,996  INFO [main] physical.Vectorizer: Map vectorizedVertexNum: 0
2024-04-24T01:09:49,996  INFO [main] physical.Vectorizer: Map enabledConditionsMet: [hive.vectorized.use.vectorized.input.format IS true]
2024-04-24T01:09:49,996  INFO [main] physical.Vectorizer: Map inputFileFormatClassNameSet: [org.apache.hadoop.hive.ql.io.orc.OrcInputFormat]
2024-04-24T01:09:49,996  INFO [main] physical.Vectorizer: Reduce vectorization enabled: false
2024-04-24T01:09:49,996  INFO [main] physical.Vectorizer: Reduce vectorized: false
2024-04-24T01:09:49,996  INFO [main] physical.Vectorizer: Reduce vectorizedVertexNum: 1
2024-04-24T01:09:49,996  INFO [main] physical.Vectorizer: Reducer hive.vectorized.execution.reduce.enabled: true
2024-04-24T01:09:49,996  INFO [main] physical.Vectorizer: Reducer engine: mr
2024-04-24T01:09:49,996  INFO [main] parse.CalcitePlanner: Completed plan generation
2024-04-24T01:09:49,996  INFO [main] parse.CalcitePlanner: Ending caching scope for: 
2024-04-24T01:09:49,996  INFO [main] ql.Driver: Semantic Analysis Completed (retrial = false)
2024-04-24T01:09:49,996  INFO [main] ql.Driver: Created Hive schema: Schema(fieldSchemas:[FieldSchema(name:a, type:int, comment:null), FieldSchema(name:b, type:int, comment:null)], properties:null)
2024-04-24T01:09:49,997  INFO [main] exec.ListSinkOperator: Initializing Operator: LIST_SINK[7]
2024-04-24T01:09:49,997  INFO [main] metadata.Hive: Dumping metastore api call timing information for : compilation phase
2024-04-24T01:09:49,997  INFO [main] metadata.Hive: Total time spent in each metastore function (ms): {getValidWriteIds_(List, String)=2, flushCache_()=0, isCompatibleWith_(Configuration)=0, getAllTableConstraints_(AllTableConstraintsRequest)=4, getTableColumnStatistics_(String, String, List, String)=24, getTable_(GetTableRequest)=7}
2024-04-24T01:09:49,998  INFO [main] ql.Driver: Completed compiling command(queryId=alex_20240424010949_2c754e46-284f-4211-85ff-79026754b8a8); Time taken: 0.115 seconds
2024-04-24T01:09:49,998  INFO [main] lockmgr.DbTxnManager: Setting lock request transaction to txnid:15 for queryId=alex_20240424010949_2c754e46-284f-4211-85ff-79026754b8a8
2024-04-24T01:09:49,998  INFO [main] lockmgr.DbLockManager: Requesting lock for queryId=alex_20240424010949_2c754e46-284f-4211-85ff-79026754b8a8
2024-04-24T01:09:50,010  INFO [main] lockmgr.DbLockManager: Response to queryId=alex_20240424010949_2c754e46-284f-4211-85ff-79026754b8a8 LockResponse(lockid:10, state:ACQUIRED)
2024-04-24T01:09:50,010  INFO [main] ql.Driver: Operation QUERY obtained 1 locks
2024-04-24T01:09:50,011  INFO [main] ql.Driver: Executing command(queryId=alex_20240424010949_2c754e46-284f-4211-85ff-79026754b8a8): select a,b from acidTbl order by a,b
2024-04-24T01:09:50,011  WARN [main] ql.Driver: Hive-on-MR is deprecated in Hive 2 and may not be available in the future versions. Consider using a different execution engine (i.e. tez, spark) or using Hive 1.X releases.
Query ID = alex_20240424010949_2c754e46-284f-4211-85ff-79026754b8a8
2024-04-24T01:09:50,011  INFO [main] ql.Driver: Query ID = alex_20240424010949_2c754e46-284f-4211-85ff-79026754b8a8
Total jobs = 1
2024-04-24T01:09:50,011  INFO [main] ql.Driver: Total jobs = 1
Launching Job 1 out of 1
2024-04-24T01:09:50,011  INFO [main] ql.Driver: Launching Job 1 out of 1
2024-04-24T01:09:50,143  INFO [main] ql.Driver: Starting task [Stage-1:MAPRED] in serial mode
Number of reduce tasks determined at compile time: 1
2024-04-24T01:09:50,143  INFO [main] exec.Task: Number of reduce tasks determined at compile time: 1
In order to change the average load for a reducer (in bytes):
2024-04-24T01:09:50,143  INFO [main] exec.Task: In order to change the average load for a reducer (in bytes):
  set hive.exec.reducers.bytes.per.reducer=<number>
2024-04-24T01:09:50,143  INFO [main] exec.Task:   set hive.exec.reducers.bytes.per.reducer=<number>
In order to limit the maximum number of reducers:
2024-04-24T01:09:50,143  INFO [main] exec.Task: In order to limit the maximum number of reducers:
  set hive.exec.reducers.max=<number>
2024-04-24T01:09:50,143  INFO [main] exec.Task:   set hive.exec.reducers.max=<number>
In order to set a constant number of reducers:
2024-04-24T01:09:50,143  INFO [main] exec.Task: In order to set a constant number of reducers:
  set mapreduce.job.reduces=<number>
2024-04-24T01:09:50,144  INFO [main] exec.Task:   set mapreduce.job.reduces=<number>
2024-04-24T01:09:50,146  INFO [main] mr.ExecDriver: Using org.apache.hadoop.hive.ql.io.HiveInputFormat
2024-04-24T01:09:50,146  INFO [main] exec.Utilities: Processing alias acidtbl
2024-04-24T01:09:50,146  INFO [main] exec.Utilities: Adding 1 inputs; the first input is file:/home/alex/Repositories/hive/ql/target/tmp/org.apache.hadoop.hive.ql.TestTxnCommands-1713946100941/warehouse/acidtbl
2024-04-24T01:09:50,156  INFO [main] exec.SerializationUtilities: Serializing MapWork using kryo
2024-04-24T01:09:50,157  INFO [main] exec.Utilities: Serialized plan (via FILE) - name: null size: 6,12KB
2024-04-24T01:09:50,162  INFO [main] exec.SerializationUtilities: Serializing ReduceWork using kryo
2024-04-24T01:09:50,163  INFO [main] exec.Utilities: Serialized plan (via FILE) - name: null size: 7,02KB
2024-04-24T01:09:50,164  WARN [main] impl.MetricsSystemImpl: JobTracker metrics system already initialized!
2024-04-24T01:09:50,170  WARN [main] impl.MetricsSystemImpl: JobTracker metrics system already initialized!
2024-04-24T01:09:50,177  WARN [main] mapreduce.JobResourceUploader: Hadoop command-line option parsing not performed. Implement the Tool interface and execute your application with ToolRunner to remedy this.
2024-04-24T01:09:50,182  WARN [main] mapreduce.JobResourceUploader: No job jar file set.  User classes may not be found. See Job or Job#setJar(String).
2024-04-24T01:09:50,183  INFO [main] io.HiveInputFormat: hive.io.file.readcolumn.ids = 0,1
2024-04-24T01:09:50,183  INFO [main] io.HiveInputFormat: hive.io.file.readcolumn.names = a,b
2024-04-24T01:09:50,183  INFO [main] io.HiveInputFormat: Generating splits for dirs: file:/home/alex/Repositories/hive/ql/target/tmp/org.apache.hadoop.hive.ql.TestTxnCommands-1713946100941/warehouse/acidtbl
2024-04-24T01:09:50,183  INFO [main] orc.OrcInputFormat: getSplits started
2024-04-24T01:09:50,184  INFO [main] orc.OrcInputFormat: Context:: isAcid: true isVectorMode: true sarg: null minSplitSize: 1 maxSplitSize: 256000000 splitStrategy: HYBRID footerInSplits: false numBuckets: 2 numThreads: 10 cacheMemSize: 268435456 cacheStripeDetails: true useSoftReference: false writeIdList: default.acidtbl:2:9223372036854775807:: isTransactionalTable: true txnProperties: default 
2024-04-24T01:09:50,184  INFO [main] orc.OrcInputFormat: ORC pushdown predicate: null
2024-04-24T01:09:50,207  INFO [main] orc.OrcInputFormat: FooterCacheHitRatio: 0/4
2024-04-24T01:09:50,207  INFO [main] orc.OrcInputFormat: getSplits finished (#splits: 4). duration: 24 ms
2024-04-24T01:09:50,207  INFO [main] io.HiveInputFormat: number of splits 4
2024-04-24T01:09:50,228  INFO [main] mapreduce.JobSubmitter: number of splits:4
2024-04-24T01:09:50,248  INFO [main] mapreduce.JobSubmitter: Submitting tokens for job: job_local1708149983_0033
2024-04-24T01:09:50,249  INFO [main] mapreduce.JobSubmitter: Executing with tokens: []
2024-04-24T01:09:50,323  INFO [main] mapreduce.Job: The url to track the job: http://localhost:8080/
Job running in-process (local Hadoop)
2024-04-24T01:09:50,324  INFO [main] exec.Task: Job running in-process (local Hadoop)
2024-04-24T01:09:50,324  INFO [Thread-2632] mapred.LocalJobRunner: OutputCommitter set in config org.apache.hadoop.hive.ql.io.HiveFileFormatUtils$NullOutputCommitter
2024-04-24T01:09:50,324  INFO [Thread-2632] mapred.LocalJobRunner: OutputCommitter is org.apache.hadoop.hive.ql.io.HiveFileFormatUtils$NullOutputCommitter
2024-04-24T01:09:50,327  INFO [Thread-2632] mapred.LocalJobRunner: Waiting for map tasks
2024-04-24T01:09:50,327  INFO [LocalJobRunner Map Task Executor #0] mapred.LocalJobRunner: Starting task: attempt_local1708149983_0033_m_000000_0
2024-04-24T01:09:50,328  INFO [LocalJobRunner Map Task Executor #0] mapred.Task:  Using ResourceCalculatorProcessTree : [ ]
2024-04-24T01:09:50,328  INFO [LocalJobRunner Map Task Executor #0] mapred.MapTask: Processing split: org.apache.hadoop.hive.ql.io.orc.OrcInputFormat:OrcSplit [file:/home/alex/Repositories/hive/ql/target/tmp/org.apache.hadoop.hive.ql.TestTxnCommands-1713946100941/warehouse/acidtbl/delta_0000002_0000002_0000/bucket_00001_0, start=0, length=679, isOriginal=false, fileLength=679, hasFooter=false, hasBase=true, deltas=0]
2024-04-24T01:09:50,329  INFO [LocalJobRunner Map Task Executor #0] exec.SerializationUtilities: Deserializing MapWork using kryo
2024-04-24T01:09:50,330  INFO [LocalJobRunner Map Task Executor #0] exec.Utilities: Deserialized plan (via FILE) - name: null size: 6,12KB
2024-04-24T01:09:50,330  INFO [LocalJobRunner Map Task Executor #0] orc.VectorizedOrcAcidRowBatchReader: Read ValidWriteIdList: default.acidtbl:2:9223372036854775807:::OrcSplit [file:/home/alex/Repositories/hive/ql/target/tmp/org.apache.hadoop.hive.ql.TestTxnCommands-1713946100941/warehouse/acidtbl/delta_0000002_0000002_0000/bucket_00001_0, start=0, length=679, isOriginal=false, fileLength=679, hasFooter=false, hasBase=true, deltas=0]
2024-04-24T01:09:50,331  INFO [LocalJobRunner Map Task Executor #0] orc.ReaderImpl: Reading ORC rows from file:/home/alex/Repositories/hive/ql/target/tmp/org.apache.hadoop.hive.ql.TestTxnCommands-1713946100941/warehouse/acidtbl/delta_0000002_0000002_0000/bucket_00001_0 with {include: [true, true, true], offset: 0, length: 679, schema: struct<a:int,b:int>, includeAcidColumns: false}
2024-04-24T01:09:50,332  INFO [LocalJobRunner Map Task Executor #0] mapred.MapTask: numReduceTasks: 1
2024-04-24T01:09:50,337  INFO [LocalJobRunner Map Task Executor #0] mapred.MapTask: (EQUATOR) 0 kvi 26214396(104857584)
2024-04-24T01:09:50,337  INFO [LocalJobRunner Map Task Executor #0] mapred.MapTask: mapreduce.task.io.sort.mb: 100
2024-04-24T01:09:50,337  INFO [LocalJobRunner Map Task Executor #0] mapred.MapTask: soft limit at 83886080
2024-04-24T01:09:50,337  INFO [LocalJobRunner Map Task Executor #0] mapred.MapTask: bufstart = 0; bufvoid = 104857600
2024-04-24T01:09:50,337  INFO [LocalJobRunner Map Task Executor #0] mapred.MapTask: kvstart = 26214396; length = 6553600
2024-04-24T01:09:50,337  INFO [LocalJobRunner Map Task Executor #0] mapred.MapTask: Map output collector class = org.apache.hadoop.mapred.MapTask$MapOutputBuffer
2024-04-24T01:09:50,338  INFO [LocalJobRunner Map Task Executor #0] vector.VectorMapOperator: Initializing Operator: MAP[0]
2024-04-24T01:09:50,338  INFO [LocalJobRunner Map Task Executor #0] mr.ExecMapper: 
<MAP>Id =0
  <Children>null
  <\Children>
  <Parent><\Parent>
<\MAP>
2024-04-24T01:09:50,339  INFO [LocalJobRunner Map Task Executor #0] exec.TableScanOperator: Initializing Operator: TS[0]
2024-04-24T01:09:50,339  INFO [LocalJobRunner Map Task Executor #0] vector.VectorSelectOperator: Initializing Operator: SEL[5]
2024-04-24T01:09:50,339  INFO [LocalJobRunner Map Task Executor #0] vector.VectorReduceSinkOperator: Initializing Operator: RS[6]
2024-04-24T01:09:50,339  INFO [LocalJobRunner Map Task Executor #0] vector.VectorReduceSinkOperator: Using tag = -1
2024-04-24T01:09:50,340  INFO [LocalJobRunner Map Task Executor #0] vector.VectorReduceSinkOperator: keys are [reducesinkkey0, reducesinkkey1] num distributions: 2
2024-04-24T01:09:50,340  INFO [LocalJobRunner Map Task Executor #0] vector.VectorReduceSinkOperator: RS[6]: records written - 1
2024-04-24T01:09:50,340  INFO [LocalJobRunner Map Task Executor #0] vector.VectorMapOperator: Closing Operator: MAP[0]
2024-04-24T01:09:50,340  INFO [LocalJobRunner Map Task Executor #0] vector.VectorMapOperator: RECORDS_IN:1, RECORDS_OUT_INTERMEDIATE:0, RECORDS_OUT_OPERATOR_MAP_0:0, DESERIALIZE_ERRORS:0, 
2024-04-24T01:09:50,340  INFO [LocalJobRunner Map Task Executor #0] exec.TableScanOperator: Closing Operator: TS[0]
2024-04-24T01:09:50,340  INFO [LocalJobRunner Map Task Executor #0] exec.TableScanOperator: RECORDS_OUT_OPERATOR_TS_0:1, RECORDS_OUT_INTERMEDIATE:0, 
2024-04-24T01:09:50,340  INFO [LocalJobRunner Map Task Executor #0] vector.VectorSelectOperator: Closing Operator: SEL[5]
2024-04-24T01:09:50,340  INFO [LocalJobRunner Map Task Executor #0] vector.VectorSelectOperator: RECORDS_OUT_INTERMEDIATE:0, RECORDS_OUT_OPERATOR_SEL_5:1, 
2024-04-24T01:09:50,340  INFO [LocalJobRunner Map Task Executor #0] vector.VectorReduceSinkOperator: Closing Operator: RS[6]
2024-04-24T01:09:50,340  INFO [LocalJobRunner Map Task Executor #0] vector.VectorReduceSinkOperator: RS[6]: Total records written - 1. abort - false
2024-04-24T01:09:50,340  INFO [LocalJobRunner Map Task Executor #0] vector.VectorReduceSinkOperator: RECORDS_OUT_OPERATOR_RS_6:1, RECORDS_OUT_INTERMEDIATE:1, 
2024-04-24T01:09:50,341  INFO [LocalJobRunner Map Task Executor #0] mapred.LocalJobRunner: 
2024-04-24T01:09:50,341  INFO [LocalJobRunner Map Task Executor #0] mapred.MapTask: Starting flush of map output
2024-04-24T01:09:50,341  INFO [LocalJobRunner Map Task Executor #0] mapred.MapTask: Spilling map output
2024-04-24T01:09:50,341  INFO [LocalJobRunner Map Task Executor #0] mapred.MapTask: bufstart = 0; bufend = 19; bufvoid = 104857600
2024-04-24T01:09:50,341  INFO [LocalJobRunner Map Task Executor #0] mapred.MapTask: kvstart = 26214396(104857584); kvend = 26214396(104857584); length = 1/6553600
2024-04-24T01:09:50,351  INFO [LocalJobRunner Map Task Executor #0] mapred.MapTask: Finished spill 0
2024-04-24T01:09:50,354  INFO [LocalJobRunner Map Task Executor #0] mapred.Task: Task:attempt_local1708149983_0033_m_000000_0 is done. And is in the process of committing
2024-04-24T01:09:50,355  INFO [LocalJobRunner Map Task Executor #0] mapred.LocalJobRunner: OrcSplit [file:/home/alex/Repositories/hive/ql/target/tmp/org.apache.hadoop.hive.ql.TestTxnCommands-1713946100941/warehouse/acidtbl/delta_0000002_0000002_0000/bucket_00001_0, start=0, length=679, isOriginal=false, fileLength=679, hasFooter=false, hasBase=true, deltas=0]
2024-04-24T01:09:50,355  INFO [LocalJobRunner Map Task Executor #0] mapred.Task: Task 'attempt_local1708149983_0033_m_000000_0' done.
2024-04-24T01:09:50,355  INFO [LocalJobRunner Map Task Executor #0] mapred.Task: Final Counters for attempt_local1708149983_0033_m_000000_0: Counters: 24
	File System Counters
		FILE: Number of bytes read=715218
		FILE: Number of bytes written=41411826
		FILE: Number of read operations=0
		FILE: Number of large read operations=0
		FILE: Number of write operations=0
	Map-Reduce Framework
		Map input records=1
		Map output records=1
		Map output bytes=19
		Map output materialized bytes=27
		Input split bytes=495
		Combine input records=0
		Spilled Records=1
		Failed Shuffles=0
		Merged Map outputs=0
		GC time elapsed (ms)=0
		Total committed heap usage (bytes)=1310720000
	HIVE
		DESERIALIZE_ERRORS=0
		RECORDS_IN=1
		RECORDS_OUT_INTERMEDIATE=1
		RECORDS_OUT_OPERATOR_MAP_0=0
		RECORDS_OUT_OPERATOR_RS_6=1
		RECORDS_OUT_OPERATOR_SEL_5=1
		RECORDS_OUT_OPERATOR_TS_0=1
	File Input Format Counters 
		Bytes Read=8979
2024-04-24T01:09:50,355  INFO [LocalJobRunner Map Task Executor #0] mapred.LocalJobRunner: Finishing task: attempt_local1708149983_0033_m_000000_0
2024-04-24T01:09:50,355  INFO [LocalJobRunner Map Task Executor #0] mapred.LocalJobRunner: Starting task: attempt_local1708149983_0033_m_000001_0
2024-04-24T01:09:50,356  INFO [LocalJobRunner Map Task Executor #0] mapred.Task:  Using ResourceCalculatorProcessTree : [ ]
2024-04-24T01:09:50,356  INFO [LocalJobRunner Map Task Executor #0] mapred.MapTask: Processing split: org.apache.hadoop.hive.ql.io.orc.OrcInputFormat:OrcSplit [file:/home/alex/Repositories/hive/ql/target/tmp/org.apache.hadoop.hive.ql.TestTxnCommands-1713946100941/warehouse/acidtbl/delta_0000001_0000001_0000/bucket_00001_0, start=0, length=673, isOriginal=false, fileLength=673, hasFooter=false, hasBase=true, deltas=0]
2024-04-24T01:09:50,357  INFO [LocalJobRunner Map Task Executor #0] exec.SerializationUtilities: Deserializing MapWork using kryo
2024-04-24T01:09:50,357  INFO [LocalJobRunner Map Task Executor #0] exec.Utilities: Deserialized plan (via FILE) - name: null size: 6,12KB
2024-04-24T01:09:50,358  INFO [LocalJobRunner Map Task Executor #0] orc.VectorizedOrcAcidRowBatchReader: Read ValidWriteIdList: default.acidtbl:2:9223372036854775807:::OrcSplit [file:/home/alex/Repositories/hive/ql/target/tmp/org.apache.hadoop.hive.ql.TestTxnCommands-1713946100941/warehouse/acidtbl/delta_0000001_0000001_0000/bucket_00001_0, start=0, length=673, isOriginal=false, fileLength=673, hasFooter=false, hasBase=true, deltas=0]
2024-04-24T01:09:50,359  INFO [LocalJobRunner Map Task Executor #0] orc.ReaderImpl: Reading ORC rows from file:/home/alex/Repositories/hive/ql/target/tmp/org.apache.hadoop.hive.ql.TestTxnCommands-1713946100941/warehouse/acidtbl/delta_0000001_0000001_0000/bucket_00001_0 with {include: [true, true, true], offset: 0, length: 673, schema: struct<a:int,b:int>, includeAcidColumns: false}
2024-04-24T01:09:50,359  INFO [LocalJobRunner Map Task Executor #0] mapred.MapTask: numReduceTasks: 1
2024-04-24T01:09:50,364  INFO [LocalJobRunner Map Task Executor #0] mapred.MapTask: (EQUATOR) 0 kvi 26214396(104857584)
2024-04-24T01:09:50,364  INFO [LocalJobRunner Map Task Executor #0] mapred.MapTask: mapreduce.task.io.sort.mb: 100
2024-04-24T01:09:50,364  INFO [LocalJobRunner Map Task Executor #0] mapred.MapTask: soft limit at 83886080
2024-04-24T01:09:50,364  INFO [LocalJobRunner Map Task Executor #0] mapred.MapTask: bufstart = 0; bufvoid = 104857600
2024-04-24T01:09:50,364  INFO [LocalJobRunner Map Task Executor #0] mapred.MapTask: kvstart = 26214396; length = 6553600
2024-04-24T01:09:50,365  INFO [LocalJobRunner Map Task Executor #0] mapred.MapTask: Map output collector class = org.apache.hadoop.mapred.MapTask$MapOutputBuffer
2024-04-24T01:09:50,365  INFO [LocalJobRunner Map Task Executor #0] vector.VectorMapOperator: Initializing Operator: MAP[0]
2024-04-24T01:09:50,365  INFO [LocalJobRunner Map Task Executor #0] mr.ExecMapper: 
<MAP>Id =0
  <Children>null
  <\Children>
  <Parent><\Parent>
<\MAP>
2024-04-24T01:09:50,366  INFO [LocalJobRunner Map Task Executor #0] exec.TableScanOperator: Initializing Operator: TS[0]
2024-04-24T01:09:50,366  INFO [LocalJobRunner Map Task Executor #0] vector.VectorSelectOperator: Initializing Operator: SEL[5]
2024-04-24T01:09:50,366  INFO [LocalJobRunner Map Task Executor #0] vector.VectorReduceSinkOperator: Initializing Operator: RS[6]
2024-04-24T01:09:50,366  INFO [LocalJobRunner Map Task Executor #0] vector.VectorReduceSinkOperator: Using tag = -1
2024-04-24T01:09:50,366  INFO [LocalJobRunner Map Task Executor #0] vector.VectorReduceSinkOperator: keys are [reducesinkkey0, reducesinkkey1] num distributions: 2
2024-04-24T01:09:50,367  INFO [LocalJobRunner Map Task Executor #0] vector.VectorReduceSinkOperator: RS[6]: records written - 1
2024-04-24T01:09:50,367  INFO [LocalJobRunner Map Task Executor #0] vector.VectorMapOperator: Closing Operator: MAP[0]
2024-04-24T01:09:50,367  INFO [LocalJobRunner Map Task Executor #0] vector.VectorMapOperator: RECORDS_OUT_OPERATOR_MAP_0:0, RECORDS_OUT_INTERMEDIATE:0, DESERIALIZE_ERRORS:0, RECORDS_IN:1, 
2024-04-24T01:09:50,367  INFO [LocalJobRunner Map Task Executor #0] exec.TableScanOperator: Closing Operator: TS[0]
2024-04-24T01:09:50,367  INFO [LocalJobRunner Map Task Executor #0] exec.TableScanOperator: RECORDS_OUT_INTERMEDIATE:0, RECORDS_OUT_OPERATOR_TS_0:1, 
2024-04-24T01:09:50,367  INFO [LocalJobRunner Map Task Executor #0] vector.VectorSelectOperator: Closing Operator: SEL[5]
2024-04-24T01:09:50,367  INFO [LocalJobRunner Map Task Executor #0] vector.VectorSelectOperator: RECORDS_OUT_INTERMEDIATE:0, RECORDS_OUT_OPERATOR_SEL_5:1, 
2024-04-24T01:09:50,367  INFO [LocalJobRunner Map Task Executor #0] vector.VectorReduceSinkOperator: Closing Operator: RS[6]
2024-04-24T01:09:50,367  INFO [LocalJobRunner Map Task Executor #0] vector.VectorReduceSinkOperator: RS[6]: Total records written - 1. abort - false
2024-04-24T01:09:50,367  INFO [LocalJobRunner Map Task Executor #0] vector.VectorReduceSinkOperator: RECORDS_OUT_INTERMEDIATE:1, RECORDS_OUT_OPERATOR_RS_6:1, 
2024-04-24T01:09:50,367  INFO [LocalJobRunner Map Task Executor #0] mapred.LocalJobRunner: 
2024-04-24T01:09:50,367  INFO [LocalJobRunner Map Task Executor #0] mapred.MapTask: Starting flush of map output
2024-04-24T01:09:50,367  INFO [LocalJobRunner Map Task Executor #0] mapred.MapTask: Spilling map output
2024-04-24T01:09:50,367  INFO [LocalJobRunner Map Task Executor #0] mapred.MapTask: bufstart = 0; bufend = 19; bufvoid = 104857600
2024-04-24T01:09:50,367  INFO [LocalJobRunner Map Task Executor #0] mapred.MapTask: kvstart = 26214396(104857584); kvend = 26214396(104857584); length = 1/6553600
2024-04-24T01:09:50,375  INFO [LocalJobRunner Map Task Executor #0] mapred.MapTask: Finished spill 0
2024-04-24T01:09:50,378  INFO [LocalJobRunner Map Task Executor #0] mapred.Task: Task:attempt_local1708149983_0033_m_000001_0 is done. And is in the process of committing
2024-04-24T01:09:50,379  INFO [LocalJobRunner Map Task Executor #0] mapred.LocalJobRunner: OrcSplit [file:/home/alex/Repositories/hive/ql/target/tmp/org.apache.hadoop.hive.ql.TestTxnCommands-1713946100941/warehouse/acidtbl/delta_0000001_0000001_0000/bucket_00001_0, start=0, length=673, isOriginal=false, fileLength=673, hasFooter=false, hasBase=true, deltas=0]
2024-04-24T01:09:50,379  INFO [LocalJobRunner Map Task Executor #0] mapred.Task: Task 'attempt_local1708149983_0033_m_000001_0' done.
2024-04-24T01:09:50,379  INFO [LocalJobRunner Map Task Executor #0] mapred.Task: Final Counters for attempt_local1708149983_0033_m_000001_0: Counters: 24
	File System Counters
		FILE: Number of bytes read=726184
		FILE: Number of bytes written=41411885
		FILE: Number of read operations=0
		FILE: Number of large read operations=0
		FILE: Number of write operations=0
	Map-Reduce Framework
		Map input records=1
		Map output records=1
		Map output bytes=19
		Map output materialized bytes=27
		Input split bytes=495
		Combine input records=0
		Spilled Records=1
		Failed Shuffles=0
		Merged Map outputs=0
		GC time elapsed (ms)=0
		Total committed heap usage (bytes)=1310720000
	HIVE
		DESERIALIZE_ERRORS=0
		RECORDS_IN=1
		RECORDS_OUT_INTERMEDIATE=1
		RECORDS_OUT_OPERATOR_MAP_0=0
		RECORDS_OUT_OPERATOR_RS_6=1
		RECORDS_OUT_OPERATOR_SEL_5=1
		RECORDS_OUT_OPERATOR_TS_0=1
	File Input Format Counters 
		Bytes Read=8955
2024-04-24T01:09:50,379  INFO [LocalJobRunner Map Task Executor #0] mapred.LocalJobRunner: Finishing task: attempt_local1708149983_0033_m_000001_0
2024-04-24T01:09:50,379  INFO [LocalJobRunner Map Task Executor #0] mapred.LocalJobRunner: Starting task: attempt_local1708149983_0033_m_000002_0
2024-04-24T01:09:50,380  INFO [LocalJobRunner Map Task Executor #0] mapred.Task:  Using ResourceCalculatorProcessTree : [ ]
2024-04-24T01:09:50,380  INFO [LocalJobRunner Map Task Executor #0] mapred.MapTask: Processing split: org.apache.hadoop.hive.ql.io.orc.OrcInputFormat:OrcSplit [file:/home/alex/Repositories/hive/ql/target/tmp/org.apache.hadoop.hive.ql.TestTxnCommands-1713946100941/warehouse/acidtbl/delta_0000002_0000002_0000/bucket_00000_0, start=0, length=672, isOriginal=false, fileLength=672, hasFooter=false, hasBase=true, deltas=0]
2024-04-24T01:09:50,381  INFO [LocalJobRunner Map Task Executor #0] exec.SerializationUtilities: Deserializing MapWork using kryo
2024-04-24T01:09:50,381  INFO [LocalJobRunner Map Task Executor #0] exec.Utilities: Deserialized plan (via FILE) - name: null size: 6,12KB
2024-04-24T01:09:50,382  INFO [LocalJobRunner Map Task Executor #0] orc.VectorizedOrcAcidRowBatchReader: Read ValidWriteIdList: default.acidtbl:2:9223372036854775807:::OrcSplit [file:/home/alex/Repositories/hive/ql/target/tmp/org.apache.hadoop.hive.ql.TestTxnCommands-1713946100941/warehouse/acidtbl/delta_0000002_0000002_0000/bucket_00000_0, start=0, length=672, isOriginal=false, fileLength=672, hasFooter=false, hasBase=true, deltas=0]
2024-04-24T01:09:50,383  INFO [LocalJobRunner Map Task Executor #0] orc.ReaderImpl: Reading ORC rows from file:/home/alex/Repositories/hive/ql/target/tmp/org.apache.hadoop.hive.ql.TestTxnCommands-1713946100941/warehouse/acidtbl/delta_0000002_0000002_0000/bucket_00000_0 with {include: [true, true, true], offset: 0, length: 672, schema: struct<a:int,b:int>, includeAcidColumns: false}
2024-04-24T01:09:50,384  INFO [LocalJobRunner Map Task Executor #0] mapred.MapTask: numReduceTasks: 1
2024-04-24T01:09:50,389  INFO [LocalJobRunner Map Task Executor #0] mapred.MapTask: (EQUATOR) 0 kvi 26214396(104857584)
2024-04-24T01:09:50,389  INFO [LocalJobRunner Map Task Executor #0] mapred.MapTask: mapreduce.task.io.sort.mb: 100
2024-04-24T01:09:50,390  INFO [LocalJobRunner Map Task Executor #0] mapred.MapTask: soft limit at 83886080
2024-04-24T01:09:50,390  INFO [LocalJobRunner Map Task Executor #0] mapred.MapTask: bufstart = 0; bufvoid = 104857600
2024-04-24T01:09:50,390  INFO [LocalJobRunner Map Task Executor #0] mapred.MapTask: kvstart = 26214396; length = 6553600
2024-04-24T01:09:50,390  INFO [LocalJobRunner Map Task Executor #0] mapred.MapTask: Map output collector class = org.apache.hadoop.mapred.MapTask$MapOutputBuffer
2024-04-24T01:09:50,390  INFO [LocalJobRunner Map Task Executor #0] vector.VectorMapOperator: Initializing Operator: MAP[0]
2024-04-24T01:09:50,391  INFO [LocalJobRunner Map Task Executor #0] mr.ExecMapper: 
<MAP>Id =0
  <Children>null
  <\Children>
  <Parent><\Parent>
<\MAP>
2024-04-24T01:09:50,392  INFO [LocalJobRunner Map Task Executor #0] exec.TableScanOperator: Initializing Operator: TS[0]
2024-04-24T01:09:50,392  INFO [LocalJobRunner Map Task Executor #0] vector.VectorSelectOperator: Initializing Operator: SEL[5]
2024-04-24T01:09:50,392  INFO [LocalJobRunner Map Task Executor #0] vector.VectorReduceSinkOperator: Initializing Operator: RS[6]
2024-04-24T01:09:50,392  INFO [LocalJobRunner Map Task Executor #0] vector.VectorReduceSinkOperator: Using tag = -1
2024-04-24T01:09:50,392  INFO [LocalJobRunner Map Task Executor #0] vector.VectorReduceSinkOperator: keys are [reducesinkkey0, reducesinkkey1] num distributions: 2
2024-04-24T01:09:50,393  INFO [LocalJobRunner Map Task Executor #0] vector.VectorReduceSinkOperator: RS[6]: records written - 1
2024-04-24T01:09:50,393  INFO [LocalJobRunner Map Task Executor #0] vector.VectorMapOperator: Closing Operator: MAP[0]
2024-04-24T01:09:50,393  INFO [LocalJobRunner Map Task Executor #0] vector.VectorMapOperator: RECORDS_IN:1, RECORDS_OUT_OPERATOR_MAP_0:0, DESERIALIZE_ERRORS:0, RECORDS_OUT_INTERMEDIATE:0, 
2024-04-24T01:09:50,393  INFO [LocalJobRunner Map Task Executor #0] exec.TableScanOperator: Closing Operator: TS[0]
2024-04-24T01:09:50,393  INFO [LocalJobRunner Map Task Executor #0] exec.TableScanOperator: RECORDS_OUT_OPERATOR_TS_0:1, RECORDS_OUT_INTERMEDIATE:0, 
2024-04-24T01:09:50,393  INFO [LocalJobRunner Map Task Executor #0] vector.VectorSelectOperator: Closing Operator: SEL[5]
2024-04-24T01:09:50,393  INFO [LocalJobRunner Map Task Executor #0] vector.VectorSelectOperator: RECORDS_OUT_OPERATOR_SEL_5:1, RECORDS_OUT_INTERMEDIATE:0, 
2024-04-24T01:09:50,393  INFO [LocalJobRunner Map Task Executor #0] vector.VectorReduceSinkOperator: Closing Operator: RS[6]
2024-04-24T01:09:50,393  INFO [LocalJobRunner Map Task Executor #0] vector.VectorReduceSinkOperator: RS[6]: Total records written - 1. abort - false
2024-04-24T01:09:50,393  INFO [LocalJobRunner Map Task Executor #0] vector.VectorReduceSinkOperator: RECORDS_OUT_OPERATOR_RS_6:1, RECORDS_OUT_INTERMEDIATE:1, 
2024-04-24T01:09:50,394  INFO [LocalJobRunner Map Task Executor #0] mapred.LocalJobRunner: 
2024-04-24T01:09:50,394  INFO [LocalJobRunner Map Task Executor #0] mapred.MapTask: Starting flush of map output
2024-04-24T01:09:50,394  INFO [LocalJobRunner Map Task Executor #0] mapred.MapTask: Spilling map output
2024-04-24T01:09:50,394  INFO [LocalJobRunner Map Task Executor #0] mapred.MapTask: bufstart = 0; bufend = 19; bufvoid = 104857600
2024-04-24T01:09:50,394  INFO [LocalJobRunner Map Task Executor #0] mapred.MapTask: kvstart = 26214396(104857584); kvend = 26214396(104857584); length = 1/6553600
2024-04-24T01:09:50,402  INFO [LocalJobRunner Map Task Executor #0] mapred.MapTask: Finished spill 0
2024-04-24T01:09:50,405  INFO [LocalJobRunner Map Task Executor #0] mapred.Task: Task:attempt_local1708149983_0033_m_000002_0 is done. And is in the process of committing
2024-04-24T01:09:50,406  INFO [LocalJobRunner Map Task Executor #0] mapred.LocalJobRunner: OrcSplit [file:/home/alex/Repositories/hive/ql/target/tmp/org.apache.hadoop.hive.ql.TestTxnCommands-1713946100941/warehouse/acidtbl/delta_0000002_0000002_0000/bucket_00000_0, start=0, length=672, isOriginal=false, fileLength=672, hasFooter=false, hasBase=true, deltas=0]
2024-04-24T01:09:50,406  INFO [LocalJobRunner Map Task Executor #0] mapred.Task: Task 'attempt_local1708149983_0033_m_000002_0' done.
2024-04-24T01:09:50,406  INFO [LocalJobRunner Map Task Executor #0] mapred.Task: Final Counters for attempt_local1708149983_0033_m_000002_0: Counters: 24
	File System Counters
		FILE: Number of bytes read=736634
		FILE: Number of bytes written=41411944
		FILE: Number of read operations=0
		FILE: Number of large read operations=0
		FILE: Number of write operations=0
	Map-Reduce Framework
		Map input records=1
		Map output records=1
		Map output bytes=19
		Map output materialized bytes=27
		Input split bytes=495
		Combine input records=0
		Spilled Records=1
		Failed Shuffles=0
		Merged Map outputs=0
		GC time elapsed (ms)=0
		Total committed heap usage (bytes)=1310720000
	HIVE
		DESERIALIZE_ERRORS=0
		RECORDS_IN=1
		RECORDS_OUT_INTERMEDIATE=1
		RECORDS_OUT_OPERATOR_MAP_0=0
		RECORDS_OUT_OPERATOR_RS_6=1
		RECORDS_OUT_OPERATOR_SEL_5=1
		RECORDS_OUT_OPERATOR_TS_0=1
	File Input Format Counters 
		Bytes Read=8951
2024-04-24T01:09:50,406  INFO [LocalJobRunner Map Task Executor #0] mapred.LocalJobRunner: Finishing task: attempt_local1708149983_0033_m_000002_0
2024-04-24T01:09:50,406  INFO [LocalJobRunner Map Task Executor #0] mapred.LocalJobRunner: Starting task: attempt_local1708149983_0033_m_000003_0
2024-04-24T01:09:50,407  INFO [LocalJobRunner Map Task Executor #0] mapred.Task:  Using ResourceCalculatorProcessTree : [ ]
2024-04-24T01:09:50,407  INFO [LocalJobRunner Map Task Executor #0] mapred.MapTask: Processing split: org.apache.hadoop.hive.ql.io.orc.OrcInputFormat:OrcSplit [file:/home/alex/Repositories/hive/ql/target/tmp/org.apache.hadoop.hive.ql.TestTxnCommands-1713946100941/warehouse/acidtbl/delta_0000001_0000001_0000/bucket_00000_0, start=0, length=671, isOriginal=false, fileLength=671, hasFooter=false, hasBase=true, deltas=0]
2024-04-24T01:09:50,408  INFO [LocalJobRunner Map Task Executor #0] exec.SerializationUtilities: Deserializing MapWork using kryo
2024-04-24T01:09:50,409  INFO [LocalJobRunner Map Task Executor #0] exec.Utilities: Deserialized plan (via FILE) - name: null size: 6,12KB
2024-04-24T01:09:50,409  INFO [LocalJobRunner Map Task Executor #0] orc.VectorizedOrcAcidRowBatchReader: Read ValidWriteIdList: default.acidtbl:2:9223372036854775807:::OrcSplit [file:/home/alex/Repositories/hive/ql/target/tmp/org.apache.hadoop.hive.ql.TestTxnCommands-1713946100941/warehouse/acidtbl/delta_0000001_0000001_0000/bucket_00000_0, start=0, length=671, isOriginal=false, fileLength=671, hasFooter=false, hasBase=true, deltas=0]
2024-04-24T01:09:50,410  INFO [LocalJobRunner Map Task Executor #0] orc.ReaderImpl: Reading ORC rows from file:/home/alex/Repositories/hive/ql/target/tmp/org.apache.hadoop.hive.ql.TestTxnCommands-1713946100941/warehouse/acidtbl/delta_0000001_0000001_0000/bucket_00000_0 with {include: [true, true, true], offset: 0, length: 671, schema: struct<a:int,b:int>, includeAcidColumns: false}
2024-04-24T01:09:50,412  INFO [LocalJobRunner Map Task Executor #0] mapred.MapTask: numReduceTasks: 1
2024-04-24T01:09:50,417  INFO [LocalJobRunner Map Task Executor #0] mapred.MapTask: (EQUATOR) 0 kvi 26214396(104857584)
2024-04-24T01:09:50,417  INFO [LocalJobRunner Map Task Executor #0] mapred.MapTask: mapreduce.task.io.sort.mb: 100
2024-04-24T01:09:50,417  INFO [LocalJobRunner Map Task Executor #0] mapred.MapTask: soft limit at 83886080
2024-04-24T01:09:50,417  INFO [LocalJobRunner Map Task Executor #0] mapred.MapTask: bufstart = 0; bufvoid = 104857600
2024-04-24T01:09:50,417  INFO [LocalJobRunner Map Task Executor #0] mapred.MapTask: kvstart = 26214396; length = 6553600
2024-04-24T01:09:50,418  INFO [LocalJobRunner Map Task Executor #0] mapred.MapTask: Map output collector class = org.apache.hadoop.mapred.MapTask$MapOutputBuffer
2024-04-24T01:09:50,418  INFO [LocalJobRunner Map Task Executor #0] vector.VectorMapOperator: Initializing Operator: MAP[0]
2024-04-24T01:09:50,418  INFO [LocalJobRunner Map Task Executor #0] mr.ExecMapper: 
<MAP>Id =0
  <Children>null
  <\Children>
  <Parent><\Parent>
<\MAP>
2024-04-24T01:09:50,419  INFO [LocalJobRunner Map Task Executor #0] exec.TableScanOperator: Initializing Operator: TS[0]
2024-04-24T01:09:50,419  INFO [LocalJobRunner Map Task Executor #0] vector.VectorSelectOperator: Initializing Operator: SEL[5]
2024-04-24T01:09:50,419  INFO [LocalJobRunner Map Task Executor #0] vector.VectorReduceSinkOperator: Initializing Operator: RS[6]
2024-04-24T01:09:50,419  INFO [LocalJobRunner Map Task Executor #0] vector.VectorReduceSinkOperator: Using tag = -1
2024-04-24T01:09:50,419  INFO [LocalJobRunner Map Task Executor #0] vector.VectorReduceSinkOperator: keys are [reducesinkkey0, reducesinkkey1] num distributions: 2
2024-04-24T01:09:50,419  INFO [LocalJobRunner Map Task Executor #0] vector.VectorReduceSinkOperator: RS[6]: records written - 1
2024-04-24T01:09:50,420  INFO [LocalJobRunner Map Task Executor #0] vector.VectorMapOperator: Closing Operator: MAP[0]
2024-04-24T01:09:50,420  INFO [LocalJobRunner Map Task Executor #0] vector.VectorMapOperator: RECORDS_OUT_INTERMEDIATE:0, RECORDS_IN:1, RECORDS_OUT_OPERATOR_MAP_0:0, DESERIALIZE_ERRORS:0, 
2024-04-24T01:09:50,420  INFO [LocalJobRunner Map Task Executor #0] exec.TableScanOperator: Closing Operator: TS[0]
2024-04-24T01:09:50,420  INFO [LocalJobRunner Map Task Executor #0] exec.TableScanOperator: RECORDS_OUT_INTERMEDIATE:0, RECORDS_OUT_OPERATOR_TS_0:1, 
2024-04-24T01:09:50,420  INFO [LocalJobRunner Map Task Executor #0] vector.VectorSelectOperator: Closing Operator: SEL[5]
2024-04-24T01:09:50,420  INFO [LocalJobRunner Map Task Executor #0] vector.VectorSelectOperator: RECORDS_OUT_OPERATOR_SEL_5:1, RECORDS_OUT_INTERMEDIATE:0, 
2024-04-24T01:09:50,420  INFO [LocalJobRunner Map Task Executor #0] vector.VectorReduceSinkOperator: Closing Operator: RS[6]
2024-04-24T01:09:50,420  INFO [LocalJobRunner Map Task Executor #0] vector.VectorReduceSinkOperator: RS[6]: Total records written - 1. abort - false
2024-04-24T01:09:50,420  INFO [LocalJobRunner Map Task Executor #0] vector.VectorReduceSinkOperator: RECORDS_OUT_OPERATOR_RS_6:1, RECORDS_OUT_INTERMEDIATE:1, 
2024-04-24T01:09:50,420  INFO [LocalJobRunner Map Task Executor #0] mapred.LocalJobRunner: 
2024-04-24T01:09:50,420  INFO [LocalJobRunner Map Task Executor #0] mapred.MapTask: Starting flush of map output
2024-04-24T01:09:50,420  INFO [LocalJobRunner Map Task Executor #0] mapred.MapTask: Spilling map output
2024-04-24T01:09:50,420  INFO [LocalJobRunner Map Task Executor #0] mapred.MapTask: bufstart = 0; bufend = 19; bufvoid = 104857600
2024-04-24T01:09:50,420  INFO [LocalJobRunner Map Task Executor #0] mapred.MapTask: kvstart = 26214396(104857584); kvend = 26214396(104857584); length = 1/6553600
2024-04-24T01:09:50,428  INFO [LocalJobRunner Map Task Executor #0] mapred.MapTask: Finished spill 0
2024-04-24T01:09:50,431  INFO [LocalJobRunner Map Task Executor #0] mapred.Task: Task:attempt_local1708149983_0033_m_000003_0 is done. And is in the process of committing
2024-04-24T01:09:50,432  INFO [LocalJobRunner Map Task Executor #0] mapred.LocalJobRunner: OrcSplit [file:/home/alex/Repositories/hive/ql/target/tmp/org.apache.hadoop.hive.ql.TestTxnCommands-1713946100941/warehouse/acidtbl/delta_0000001_0000001_0000/bucket_00000_0, start=0, length=671, isOriginal=false, fileLength=671, hasFooter=false, hasBase=true, deltas=0]
2024-04-24T01:09:50,432  INFO [LocalJobRunner Map Task Executor #0] mapred.Task: Task 'attempt_local1708149983_0033_m_000003_0' done.
2024-04-24T01:09:50,432  INFO [LocalJobRunner Map Task Executor #0] mapred.Task: Final Counters for attempt_local1708149983_0033_m_000003_0: Counters: 24
	File System Counters
		FILE: Number of bytes read=746568
		FILE: Number of bytes written=41412003
		FILE: Number of read operations=0
		FILE: Number of large read operations=0
		FILE: Number of write operations=0
	Map-Reduce Framework
		Map input records=1
		Map output records=1
		Map output bytes=19
		Map output materialized bytes=27
		Input split bytes=495
		Combine input records=0
		Spilled Records=1
		Failed Shuffles=0
		Merged Map outputs=0
		GC time elapsed (ms)=0
		Total committed heap usage (bytes)=1310720000
	HIVE
		DESERIALIZE_ERRORS=0
		RECORDS_IN=1
		RECORDS_OUT_INTERMEDIATE=1
		RECORDS_OUT_OPERATOR_MAP_0=0
		RECORDS_OUT_OPERATOR_RS_6=1
		RECORDS_OUT_OPERATOR_SEL_5=1
		RECORDS_OUT_OPERATOR_TS_0=1
	File Input Format Counters 
		Bytes Read=8947
2024-04-24T01:09:50,432  INFO [LocalJobRunner Map Task Executor #0] mapred.LocalJobRunner: Finishing task: attempt_local1708149983_0033_m_000003_0
2024-04-24T01:09:50,432  INFO [Thread-2632] mapred.LocalJobRunner: map task executor complete.
2024-04-24T01:09:50,433  INFO [Thread-2632] mapred.LocalJobRunner: Waiting for reduce tasks
2024-04-24T01:09:50,433  INFO [pool-165-thread-1] mapred.LocalJobRunner: Starting task: attempt_local1708149983_0033_r_000000_0
2024-04-24T01:09:50,434  INFO [pool-165-thread-1] mapred.Task:  Using ResourceCalculatorProcessTree : [ ]
2024-04-24T01:09:50,434  INFO [pool-165-thread-1] mapred.ReduceTask: Using ShuffleConsumerPlugin: org.apache.hadoop.mapreduce.task.reduce.Shuffle@684edc7d
2024-04-24T01:09:50,434  WARN [pool-165-thread-1] impl.MetricsSystemImpl: JobTracker metrics system already initialized!
2024-04-24T01:09:50,436  INFO [pool-165-thread-1] reduce.MergeManagerImpl: MergerManager: memoryLimit=1336252800, maxSingleShuffleLimit=334063200, mergeThreshold=881926912, ioSortFactor=10, memToMemMergeOutputsThreshold=10
2024-04-24T01:09:50,436  INFO [EventFetcher for fetching Map Completion Events] reduce.EventFetcher: attempt_local1708149983_0033_r_000000_0 Thread started: EventFetcher for fetching Map Completion Events
2024-04-24T01:09:50,439  INFO [localfetcher#48] reduce.LocalFetcher: localfetcher#48 about to shuffle output of map attempt_local1708149983_0033_m_000000_0 decomp: 23 len: 27 to MEMORY
2024-04-24T01:09:50,439  INFO [localfetcher#48] reduce.InMemoryMapOutput: Read 23 bytes from map-output for attempt_local1708149983_0033_m_000000_0
2024-04-24T01:09:50,439  INFO [localfetcher#48] reduce.MergeManagerImpl: closeInMemoryFile -> map-output of size: 23, inMemoryMapOutputs.size() -> 1, commitMemory -> 0, usedMemory ->23
2024-04-24T01:09:50,442  INFO [localfetcher#48] reduce.LocalFetcher: localfetcher#48 about to shuffle output of map attempt_local1708149983_0033_m_000002_0 decomp: 23 len: 27 to MEMORY
2024-04-24T01:09:50,442  INFO [localfetcher#48] reduce.InMemoryMapOutput: Read 23 bytes from map-output for attempt_local1708149983_0033_m_000002_0
2024-04-24T01:09:50,442  INFO [localfetcher#48] reduce.MergeManagerImpl: closeInMemoryFile -> map-output of size: 23, inMemoryMapOutputs.size() -> 2, commitMemory -> 23, usedMemory ->46
2024-04-24T01:09:50,445  INFO [localfetcher#48] reduce.LocalFetcher: localfetcher#48 about to shuffle output of map attempt_local1708149983_0033_m_000001_0 decomp: 23 len: 27 to MEMORY
2024-04-24T01:09:50,445  INFO [localfetcher#48] reduce.InMemoryMapOutput: Read 23 bytes from map-output for attempt_local1708149983_0033_m_000001_0
2024-04-24T01:09:50,445  INFO [localfetcher#48] reduce.MergeManagerImpl: closeInMemoryFile -> map-output of size: 23, inMemoryMapOutputs.size() -> 3, commitMemory -> 46, usedMemory ->69
2024-04-24T01:09:50,448  INFO [localfetcher#48] reduce.LocalFetcher: localfetcher#48 about to shuffle output of map attempt_local1708149983_0033_m_000003_0 decomp: 23 len: 27 to MEMORY
2024-04-24T01:09:50,448  INFO [localfetcher#48] reduce.InMemoryMapOutput: Read 23 bytes from map-output for attempt_local1708149983_0033_m_000003_0
2024-04-24T01:09:50,448  INFO [localfetcher#48] reduce.MergeManagerImpl: closeInMemoryFile -> map-output of size: 23, inMemoryMapOutputs.size() -> 4, commitMemory -> 69, usedMemory ->92
2024-04-24T01:09:50,448  INFO [EventFetcher for fetching Map Completion Events] reduce.EventFetcher: EventFetcher is interrupted.. Returning
2024-04-24T01:09:50,449  INFO [pool-165-thread-1] mapred.LocalJobRunner: 4 / 4 copied.
2024-04-24T01:09:50,449  INFO [pool-165-thread-1] reduce.MergeManagerImpl: finalMerge called with 4 in-memory map-outputs and 0 on-disk map-outputs
2024-04-24T01:09:50,455  INFO [pool-165-thread-1] mapred.Merger: Merging 4 sorted segments
2024-04-24T01:09:50,455  INFO [pool-165-thread-1] mapred.Merger: Down to the last merge-pass, with 4 segments left of total size: 24 bytes
2024-04-24T01:09:50,458  INFO [pool-165-thread-1] reduce.MergeManagerImpl: Merged 4 segments, 92 bytes to disk to satisfy reduce memory limit
2024-04-24T01:09:50,458  INFO [pool-165-thread-1] reduce.MergeManagerImpl: Merging 1 files, 90 bytes from disk
2024-04-24T01:09:50,458  INFO [pool-165-thread-1] reduce.MergeManagerImpl: Merging 0 segments, 0 bytes from memory into reduce
2024-04-24T01:09:50,458  INFO [pool-165-thread-1] mapred.Merger: Merging 1 sorted segments
2024-04-24T01:09:50,458  INFO [pool-165-thread-1] mapred.Merger: Down to the last merge-pass, with 1 segments left of total size: 69 bytes
2024-04-24T01:09:50,458  INFO [pool-165-thread-1] mapred.LocalJobRunner: 4 / 4 copied.
2024-04-24T01:09:50,459  INFO [pool-165-thread-1] exec.SerializationUtilities: Deserializing ReduceWork using kryo
2024-04-24T01:09:50,460  INFO [pool-165-thread-1] exec.Utilities: Deserialized plan (via FILE) - name: null size: 7,02KB
2024-04-24T01:09:50,461  INFO [pool-165-thread-1] ExecReducer: 
<SEL>Id =3
  <Children>
    <FS>Id =4
      <Children>
      <\Children>
      <Parent>Id = 3 null<\Parent>
    <\FS>
  <\Children>
  <Parent><\Parent>
<\SEL>
2024-04-24T01:09:50,461  INFO [pool-165-thread-1] exec.SelectOperator: Initializing Operator: SEL[3]
2024-04-24T01:09:50,461  INFO [pool-165-thread-1] exec.SelectOperator: SELECT struct<key:struct<reducesinkkey0:int,reducesinkkey1:int>,value:struct<>>
2024-04-24T01:09:50,461  INFO [pool-165-thread-1] exec.FileSinkOperator: Initializing Operator: FS[4]
2024-04-24T01:09:50,462  INFO [pool-165-thread-1] exec.FileSinkOperator: Using serializer : class org.apache.hadoop.hive.serde2.lazy.LazySimpleSerDe [serdeParams=org.apache.hadoop.hive.serde2.lazy.LazySerDeParameters@435c39ab, cachedObjectInspector=org.apache.hadoop.hive.serde2.lazy.objectinspector.LazySimpleStructObjectInspector<org.apache.hadoop.hive.serde2.lazy.objectinspector.primitive.LazyIntObjectInspector@31a9eaa,org.apache.hadoop.hive.serde2.lazy.objectinspector.primitive.LazyIntObjectInspector@31a9eaa>, serializedSize=0, stats=org.apache.hadoop.hive.serde2.SerDeStats@1fd46c72, lastOperationSerialize=false, lastOperationDeserialize=false [1, 2, 3, 4, 5, 6, 7, 8, 11, 14, 15, 16, 17, 18, 19, 20, 21, 22, 23, 24, 25, 26, 28, 29, 30, 31, -128, -127, -126, -125, -124, -123, -122, -121, -120, -119, -118, -117, -116, -115, -114, -113, -112, -111, -110, -109, -108, -107, -106, -105, -104, -103, -102, -101, -100, -99, -98, -97, -96, -95, -94, -93, -92, -91, -90, -89, -88, -87, -86, -85, -84, -83, -82, -81, -80, -79, -78, -77, -76, -75, -74, -73, -72, -71, -70, -69, -68, -67, -66, -65, -64, -63, -62, -61, -60, -59, -58, -57, -56, -55, -54, -53, -52, -51, -50, -49, -48, -47, -46, -45, -44, -43, -42, -41, -40, -39, -38, -37, -36, -35, -34, -33, -32, -31, -30, -29, -28, -27, -26, -25, -24, -23, -22, -21, -20, -19, -18, -17, -16, -15, -14, -13, -12, -11, -10, -9, -8, -7, -6, -5, -4, -3, -2, -1] : [_col0, _col1] : [int, int]] and formatter : org.apache.hadoop.hive.ql.io.HiveSequenceFileOutputFormat@5a04f838
2024-04-24T01:09:50,462  INFO [pool-165-thread-1] exec.FileSinkOperator: Final Path: FS file:/home/alex/Repositories/hive/ql/target/tmp/localscratchdir/4f767304-7e42-4d04-b6aa-1548410b71a2/hive_2024-04-24_01-09-49_882_6022418466654342215-1/-mr-10001/.hive-staging_hive_2024-04-24_01-09-49_882_6022418466654342215-1/_tmp.-ext-10002/000000_0
2024-04-24T01:09:50,462  INFO [pool-165-thread-1] exec.FileSinkOperator: Writing to temp file: FS file:/home/alex/Repositories/hive/ql/target/tmp/localscratchdir/4f767304-7e42-4d04-b6aa-1548410b71a2/hive_2024-04-24_01-09-49_882_6022418466654342215-1/-mr-10001/.hive-staging_hive_2024-04-24_01-09-49_882_6022418466654342215-1/_task_tmp.-ext-10002/_tmp.000000_0
2024-04-24T01:09:50,462  INFO [pool-165-thread-1] exec.FileSinkOperator: New Final Path: FS file:/home/alex/Repositories/hive/ql/target/tmp/localscratchdir/4f767304-7e42-4d04-b6aa-1548410b71a2/hive_2024-04-24_01-09-49_882_6022418466654342215-1/-mr-10001/.hive-staging_hive_2024-04-24_01-09-49_882_6022418466654342215-1/_tmp.-ext-10002/000000_0
2024-04-24T01:09:50,470  INFO [pool-165-thread-1] exec.FileSinkOperator: FS[4]: records written - 1
2024-04-24T01:09:50,470  INFO [pool-165-thread-1] exec.SelectOperator: Closing Operator: SEL[3]
2024-04-24T01:09:50,471  INFO [pool-165-thread-1] exec.SelectOperator: RECORDS_OUT_OPERATOR_SEL_3:4, RECORDS_OUT_INTERMEDIATE:0, 
2024-04-24T01:09:50,471  INFO [pool-165-thread-1] exec.FileSinkOperator: Closing Operator: FS[4]
2024-04-24T01:09:50,471  INFO [pool-165-thread-1] exec.FileSinkOperator: FS[4]: records written - 4
2024-04-24T01:09:50,471  INFO [pool-165-thread-1] exec.FileSinkOperator: RECORDS_OUT_INTERMEDIATE:0, RECORDS_OUT_0:4, RECORDS_OUT_OPERATOR_FS_4:4, 
2024-04-24T01:09:50,472  INFO [pool-165-thread-1] mapred.Task: Task:attempt_local1708149983_0033_r_000000_0 is done. And is in the process of committing
2024-04-24T01:09:50,472  INFO [pool-165-thread-1] mapred.LocalJobRunner: reduce > reduce
2024-04-24T01:09:50,472  INFO [pool-165-thread-1] mapred.Task: Task 'attempt_local1708149983_0033_r_000000_0' done.
2024-04-24T01:09:50,472  INFO [pool-165-thread-1] mapred.Task: Final Counters for attempt_local1708149983_0033_r_000000_0: Counters: 29
	File System Counters
		FILE: Number of bytes read=753978
		FILE: Number of bytes written=41412256
		FILE: Number of read operations=0
		FILE: Number of large read operations=0
		FILE: Number of write operations=0
	Map-Reduce Framework
		Combine input records=0
		Combine output records=0
		Reduce input groups=4
		Reduce shuffle bytes=108
		Reduce input records=4
		Reduce output records=0
		Spilled Records=4
		Shuffled Maps =4
		Failed Shuffles=0
		Merged Map outputs=4
		GC time elapsed (ms)=0
		Total committed heap usage (bytes)=1310720000
	HIVE
		CREATED_FILES=1
		RECORDS_OUT_0=4
		RECORDS_OUT_INTERMEDIATE=0
		RECORDS_OUT_OPERATOR_FS_4=4
		RECORDS_OUT_OPERATOR_SEL_3=4
	Shuffle Errors
		BAD_ID=0
		CONNECTION=0
		IO_ERROR=0
		WRONG_LENGTH=0
		WRONG_MAP=0
		WRONG_REDUCE=0
	File Output Format Counters 
		Bytes Written=0
2024-04-24T01:09:50,472  INFO [pool-165-thread-1] mapred.LocalJobRunner: Finishing task: attempt_local1708149983_0033_r_000000_0
2024-04-24T01:09:50,472  INFO [Thread-2632] mapred.LocalJobRunner: reduce task executor complete.
2024-04-24 01:09:51,327 Stage-1 map = 100%,  reduce = 100%
2024-04-24T01:09:51,327  INFO [main] exec.Task: 2024-04-24 01:09:51,327 Stage-1 map = 100%,  reduce = 100%
Ended Job = job_local1708149983_0033
2024-04-24T01:09:51,329  INFO [main] exec.Task: Ended Job = job_local1708149983_0033
2024-04-24T01:09:51,331  INFO [main] metadata.Hive: Dumping metastore api call timing information for : execution phase
2024-04-24T01:09:51,331  INFO [main] metadata.Hive: Total time spent in each metastore function (ms): {}
MapReduce Jobs Launched: 
2024-04-24T01:09:51,332  INFO [main] ql.Driver: MapReduce Jobs Launched: 
Stage-Stage-1:  HDFS Read: 0 HDFS Write: 0 SUCCESS
2024-04-24T01:09:51,332  INFO [main] ql.Driver: Stage-Stage-1:  HDFS Read: 0 HDFS Write: 0 SUCCESS
Total MapReduce CPU Time Spent: 0 msec
2024-04-24T01:09:51,332  INFO [main] ql.Driver: Total MapReduce CPU Time Spent: 0 msec
2024-04-24T01:09:51,332  INFO [main] ql.Driver: Completed executing command(queryId=alex_20240424010949_2c754e46-284f-4211-85ff-79026754b8a8); Time taken: 1.32 seconds
2024-04-24T01:09:51,335  INFO [main] mapred.FileInputFormat: Total input files to process : 1
2024-04-24T01:09:51,336  INFO [main] exec.ListSinkOperator: Closing Operator: LIST_SINK[7]
2024-04-24T01:09:51,336  INFO [main] exec.ListSinkOperator: RECORDS_OUT_OPERATOR_LIST_SINK_7:4, RECORDS_OUT_INTERMEDIATE:0, 
2024-04-24T01:09:51,336  INFO [main] ql.TxnCommandsBaseForTests: Running the query: update acidTbl set b = 1 where b != 1
2024-04-24T01:09:51,336  INFO [main] ql.Context: Deleting scratch dir: file:/home/alex/Repositories/hive/ql/target/tmp/localscratchdir/4f767304-7e42-4d04-b6aa-1548410b71a2/hive_2024-04-24_01-09-49_882_6022418466654342215-1
2024-04-24T01:09:51,337  INFO [main] cleanup.SyncCleanupService: Deleted directory: file:/home/alex/Repositories/hive/ql/target/tmp/localscratchdir/4f767304-7e42-4d04-b6aa-1548410b71a2/hive_2024-04-24_01-09-49_882_6022418466654342215-1 on fs with scheme file
2024-04-24T01:09:51,337  INFO [main] ql.Driver: Compiling command(queryId=alex_20240424010951_30cd106b-2908-41b1-8acb-2e4bc106497e): update acidTbl set b = 1 where b != 1
2024-04-24T01:09:51,338  INFO [main] parse.UpdateDeleteSemanticAnalyzer: Starting caching scope for: 
2024-04-24T01:09:51,338  INFO [main] HiveMetaStore.audit: ugi=alex	ip=unknown-ip-addr	cmd=get_table : tbl=hive.default.acidTbl	
2024-04-24T01:09:51,345  INFO [main] metastore.HMSHandler: Skipping translation for processor with null
2024-04-24T01:09:51,346  INFO [main] parse.RewriteSemanticAnalyzer: Going to reparse <update acidTbl set b = 1 where b != 1> as 
<insert into table `default`.`acidTbl` select ROW__ID,`a`,`b` from `default`.`acidTbl` sort by ROW__ID >
2024-04-24T01:09:51,346  INFO [main] parse.UpdateDeleteSemanticAnalyzer: Starting Semantic Analysis
2024-04-24T01:09:51,348  INFO [main] HiveMetaStore.audit: ugi=alex	ip=unknown-ip-addr	cmd=get_table : tbl=hive.default.acidTbl	
2024-04-24T01:09:51,355  INFO [main] metastore.HMSHandler: Skipping translation for processor with null
2024-04-24T01:09:51,355  INFO [main] parse.UpdateDeleteSemanticAnalyzer: Completed phase 1 of Semantic Analysis
2024-04-24T01:09:51,355  INFO [main] parse.UpdateDeleteSemanticAnalyzer: Get metadata for source tables
2024-04-24T01:09:51,356  INFO [main] HiveMetaStore.audit: ugi=alex	ip=unknown-ip-addr	cmd=get_table : tbl=hive.default.acidtbl	
2024-04-24T01:09:51,363  INFO [main] metastore.HMSHandler: Skipping translation for processor with null
2024-04-24T01:09:51,363  INFO [main] parse.UpdateDeleteSemanticAnalyzer: Get metadata for subqueries
2024-04-24T01:09:51,363  INFO [main] parse.UpdateDeleteSemanticAnalyzer: Get metadata for destination tables
2024-04-24T01:09:51,364  INFO [main] HiveMetaStore.audit: ugi=alex	ip=unknown-ip-addr	cmd=get_table : tbl=hive.default.acidTbl	
2024-04-24T01:09:51,371  INFO [main] metastore.HMSHandler: Skipping translation for processor with null
2024-04-24T01:09:51,371  INFO [main] parse.UpdateDeleteSemanticAnalyzer: Completed getting MetaData in Semantic Analysis
2024-04-24T01:09:51,371  INFO [main] parse.UpdateDeleteSemanticAnalyzer: Disabling LLAP IO encode as ETL query is detected
2024-04-24T01:09:51,383  INFO [main] HiveMetaStore.audit: ugi=alex	ip=unknown-ip-addr	cmd=get_all_table_constraints : tbl=hive.default.acidtbl	
2024-04-24T01:09:51,391  INFO [main] HiveMetaStore.audit: ugi=alex	ip=unknown-ip-addr	cmd=get_not_null_constraints : tbl=hive.default.acidtbl	
2024-04-24T01:09:51,392  INFO [main] HiveMetaStore.audit: ugi=alex	ip=unknown-ip-addr	cmd=get_check_constraints : tbl=hive.default.acidtbl	
2024-04-24T01:09:51,453  INFO [main] calcite.RelOptHiveTable: Calculating column statistics for default.acidtbl, projIndxSet: [0, 1], allowMissingStats: true
2024-04-24T01:09:51,453  INFO [main] HiveMetaStore.audit: ugi=alex	ip=unknown-ip-addr	cmd=get_table : tbl=hive.default.acidtbl	
2024-04-24T01:09:51,462  INFO [main] metastore.HMSHandler: Skipping translation for processor with null
2024-04-24T01:09:51,463  INFO [main] HiveMetaStore.audit: ugi=alex	ip=unknown-ip-addr	cmd=get_table : tbl=hive.default.acidtbl	
2024-04-24T01:09:51,471  INFO [main] metastore.HMSHandler: Skipping translation for processor with null
2024-04-24T01:09:51,471  INFO [main] HiveMetaStore.audit: ugi=alex	ip=unknown-ip-addr	cmd=get_table_statistics_req: table=hive.default.acidtbl	
2024-04-24T01:09:51,479  WARN [main] calcite.RelOptHiveTable: No Stats for default@acidtbl, Columns: b, a
No Stats for default@acidtbl, Columns: b, a
2024-04-24T01:09:51,479  INFO [main] SessionState: No Stats for default@acidtbl, Columns: b, a
2024-04-24T01:09:51,541  INFO [main] parse.UpdateDeleteSemanticAnalyzer: Get metadata for source tables
2024-04-24T01:09:51,541  INFO [main] parse.UpdateDeleteSemanticAnalyzer: Get metadata for subqueries
2024-04-24T01:09:51,541  INFO [main] parse.UpdateDeleteSemanticAnalyzer: Get metadata for destination tables
2024-04-24T01:09:51,541  INFO [main] HiveMetaStore.audit: ugi=alex	ip=unknown-ip-addr	cmd=get_table : tbl=hive.default.acidTbl	
2024-04-24T01:09:51,548  INFO [main] metastore.HMSHandler: Skipping translation for processor with null
2024-04-24T01:09:51,552 ERROR [main] parse.UpdateDeleteSemanticAnalyzer: CBO failed, skipping CBO. 
org.apache.hadoop.hive.ql.exec.NoMatchingMethodException: No matching method for class org.apache.hadoop.hive.ql.udf.UDFToInteger with (struct<writeid:bigint,bucketid:int,rowid:bigint>). Possible choices: _FUNC_(bigint)  _FUNC_(boolean)  _FUNC_(decimal(38,18))  _FUNC_(double)  _FUNC_(float)  _FUNC_(smallint)  _FUNC_(string)  _FUNC_(struct<rowid:bigint,writeid:bigint,bucketid:int>)  _FUNC_(timestamp)  _FUNC_(tinyint)  _FUNC_(void)  
	at org.apache.hadoop.hive.ql.exec.MethodUtils.getMethodInternal(MethodUtils.java:130) ~[classes/:?]
	at org.apache.hadoop.hive.ql.exec.MethodUtils.getMethodInternal(MethodUtils.java:60) ~[classes/:?]
	at org.apache.hadoop.hive.ql.exec.DefaultUDFMethodResolver.getEvalMethod(DefaultUDFMethodResolver.java:59) ~[classes/:?]
	at org.apache.hadoop.hive.ql.udf.TimestampCastRestrictorResolver.getEvalMethod(TimestampCastRestrictorResolver.java:68) ~[classes/:?]
	at org.apache.hadoop.hive.ql.udf.generic.GenericUDFBridge.initialize(GenericUDFBridge.java:168) ~[classes/:?]
	at org.apache.hadoop.hive.ql.udf.generic.GenericUDF.initializeAndFoldConstants(GenericUDF.java:149) ~[classes/:?]
	at org.apache.hadoop.hive.ql.plan.ExprNodeGenericFuncDesc.newInstance(ExprNodeGenericFuncDesc.java:235) ~[classes/:?]
	at org.apache.hadoop.hive.ql.parse.type.ExprNodeDescExprFactory.createFuncCallExpr(ExprNodeDescExprFactory.java:584) ~[classes/:?]
	at org.apache.hadoop.hive.ql.parse.type.ExprNodeDescExprFactory.createFuncCallExpr(ExprNodeDescExprFactory.java:97) ~[classes/:?]
	at org.apache.hadoop.hive.ql.parse.type.TypeCheckProcFactory$DefaultExprProcessor.getFuncExprNodeDescWithUdfData(TypeCheckProcFactory.java:762) ~[classes/:?]
	at org.apache.hadoop.hive.ql.parse.type.TypeCheckProcFactory$DefaultExprProcessor.createConversionCast(TypeCheckProcFactory.java:783) ~[classes/:?]
	at org.apache.hadoop.hive.ql.parse.SemanticAnalyzer.getPartitionColsFromBucketColsForUpdateDelete(SemanticAnalyzer.java:8725) ~[classes/:?]
	at org.apache.hadoop.hive.ql.parse.SemanticAnalyzer.genBucketingSortingDest(SemanticAnalyzer.java:6906) ~[classes/:?]
	at org.apache.hadoop.hive.ql.parse.SemanticAnalyzer.genFileSinkPlan(SemanticAnalyzer.java:7335) ~[classes/:?]
	at org.apache.hadoop.hive.ql.parse.SemanticAnalyzer.genPostGroupByBodyPlan(SemanticAnalyzer.java:11063) ~[classes/:?]
	at org.apache.hadoop.hive.ql.parse.SemanticAnalyzer.genBodyPlan(SemanticAnalyzer.java:10938) ~[classes/:?]
	at org.apache.hadoop.hive.ql.parse.SemanticAnalyzer.genPlan(SemanticAnalyzer.java:11853) ~[classes/:?]
	at org.apache.hadoop.hive.ql.parse.SemanticAnalyzer.genPlan(SemanticAnalyzer.java:11723) ~[classes/:?]
	at org.apache.hadoop.hive.ql.parse.CalcitePlanner.genOPTree(CalcitePlanner.java:626) ~[classes/:?]
	at org.apache.hadoop.hive.ql.parse.SemanticAnalyzer.analyzeInternal(SemanticAnalyzer.java:12558) ~[classes/:?]
	at org.apache.hadoop.hive.ql.parse.CalcitePlanner.analyzeInternal(CalcitePlanner.java:456) ~[classes/:?]
	at org.apache.hadoop.hive.ql.parse.RewriteSemanticAnalyzer.analyzeInternal(RewriteSemanticAnalyzer.java:67) ~[classes/:?]
	at org.apache.hadoop.hive.ql.parse.BaseSemanticAnalyzer.analyze(BaseSemanticAnalyzer.java:317) ~[classes/:?]
	at org.apache.hadoop.hive.ql.parse.UpdateDeleteSemanticAnalyzer.reparseAndSuperAnalyze(UpdateDeleteSemanticAnalyzer.java:208) ~[classes/:?]
	at org.apache.hadoop.hive.ql.parse.UpdateDeleteSemanticAnalyzer.analyzeUpdate(UpdateDeleteSemanticAnalyzer.java:63) ~[classes/:?]
	at org.apache.hadoop.hive.ql.parse.UpdateDeleteSemanticAnalyzer.analyze(UpdateDeleteSemanticAnalyzer.java:53) ~[classes/:?]
	at org.apache.hadoop.hive.ql.parse.RewriteSemanticAnalyzer.analyzeInternal(RewriteSemanticAnalyzer.java:72) ~[classes/:?]
	at org.apache.hadoop.hive.ql.parse.BaseSemanticAnalyzer.analyze(BaseSemanticAnalyzer.java:317) ~[classes/:?]
	at org.apache.hadoop.hive.ql.Compiler.analyze(Compiler.java:223) ~[classes/:?]
	at org.apache.hadoop.hive.ql.Compiler.compile(Compiler.java:105) ~[classes/:?]
	at org.apache.hadoop.hive.ql.Driver.compile(Driver.java:500) ~[classes/:?]
	at org.apache.hadoop.hive.ql.Driver.compileInternal(Driver.java:453) ~[classes/:?]
	at org.apache.hadoop.hive.ql.Driver.runInternal(Driver.java:181) ~[classes/:?]
	at org.apache.hadoop.hive.ql.Driver.run(Driver.java:153) ~[classes/:?]
	at org.apache.hadoop.hive.ql.Driver.run(Driver.java:140) ~[classes/:?]
	at org.apache.hadoop.hive.ql.TxnCommandsBaseForTests.runStatementOnDriver(TxnCommandsBaseForTests.java:245) ~[test-classes/:?]
	at org.apache.hadoop.hive.ql.TestTxnCommands.testUpdateOfInserts(TestTxnCommands.java:862) ~[test-classes/:?]
	at sun.reflect.NativeMethodAccessorImpl.invoke0(Native Method) ~[?:1.8.0_402]
	at sun.reflect.NativeMethodAccessorImpl.invoke(NativeMethodAccessorImpl.java:62) ~[?:1.8.0_402]
	at sun.reflect.DelegatingMethodAccessorImpl.invoke(DelegatingMethodAccessorImpl.java:43) ~[?:1.8.0_402]
	at java.lang.reflect.Method.invoke(Method.java:498) ~[?:1.8.0_402]
	at org.junit.runners.model.FrameworkMethod$1.runReflectiveCall(FrameworkMethod.java:59) ~[junit-4.13.jar:4.13]
	at org.junit.internal.runners.model.ReflectiveCallable.run(ReflectiveCallable.java:12) ~[junit-4.13.jar:4.13]
	at org.junit.runners.model.FrameworkMethod.invokeExplosively(FrameworkMethod.java:56) ~[junit-4.13.jar:4.13]
	at org.junit.internal.runners.statements.InvokeMethod.evaluate(InvokeMethod.java:17) ~[junit-4.13.jar:4.13]
	at org.junit.internal.runners.statements.RunBefores.evaluate(RunBefores.java:26) ~[junit-4.13.jar:4.13]
	at org.junit.internal.runners.statements.RunAfters.evaluate(RunAfters.java:27) ~[junit-4.13.jar:4.13]
	at org.junit.rules.TestWatcher$1.evaluate(TestWatcher.java:61) ~[junit-4.13.jar:4.13]
	at org.junit.runners.ParentRunner$3.evaluate(ParentRunner.java:306) ~[junit-4.13.jar:4.13]
	at org.junit.runners.BlockJUnit4ClassRunner$1.evaluate(BlockJUnit4ClassRunner.java:100) ~[junit-4.13.jar:4.13]
	at org.junit.runners.ParentRunner.runLeaf(ParentRunner.java:366) ~[junit-4.13.jar:4.13]
	at org.junit.runners.BlockJUnit4ClassRunner.runChild(BlockJUnit4ClassRunner.java:103) ~[junit-4.13.jar:4.13]
	at org.junit.runners.BlockJUnit4ClassRunner.runChild(BlockJUnit4ClassRunner.java:63) ~[junit-4.13.jar:4.13]
	at org.junit.runners.ParentRunner$4.run(ParentRunner.java:331) ~[junit-4.13.jar:4.13]
	at org.junit.runners.ParentRunner$1.schedule(ParentRunner.java:79) ~[junit-4.13.jar:4.13]
	at org.junit.runners.ParentRunner.runChildren(ParentRunner.java:329) ~[junit-4.13.jar:4.13]
	at org.junit.runners.ParentRunner.access$100(ParentRunner.java:66) ~[junit-4.13.jar:4.13]
	at org.junit.runners.ParentRunner$2.evaluate(ParentRunner.java:293) ~[junit-4.13.jar:4.13]
	at org.junit.runners.ParentRunner$3.evaluate(ParentRunner.java:306) ~[junit-4.13.jar:4.13]
	at org.junit.runners.ParentRunner.run(ParentRunner.java:413) ~[junit-4.13.jar:4.13]
	at org.junit.runner.JUnitCore.run(JUnitCore.java:137) ~[junit-4.13.jar:4.13]
	at org.junit.runner.JUnitCore.run(JUnitCore.java:115) ~[junit-4.13.jar:4.13]
	at org.junit.vintage.engine.execution.RunnerExecutor.execute(RunnerExecutor.java:43) ~[junit-vintage-engine-5.6.2.jar:5.6.2]
	at java.util.stream.ForEachOps$ForEachOp$OfRef.accept(ForEachOps.java:183) ~[?:1.8.0_402]
	at java.util.stream.ReferencePipeline$3$1.accept(ReferencePipeline.java:193) ~[?:1.8.0_402]
	at java.util.Iterator.forEachRemaining(Iterator.java:116) ~[?:1.8.0_402]
	at java.util.Spliterators$IteratorSpliterator.forEachRemaining(Spliterators.java:1801) ~[?:1.8.0_402]
	at java.util.stream.AbstractPipeline.copyInto(AbstractPipeline.java:482) ~[?:1.8.0_402]
	at java.util.stream.AbstractPipeline.wrapAndCopyInto(AbstractPipeline.java:472) ~[?:1.8.0_402]
	at java.util.stream.ForEachOps$ForEachOp.evaluateSequential(ForEachOps.java:150) ~[?:1.8.0_402]
	at java.util.stream.ForEachOps$ForEachOp$OfRef.evaluateSequential(ForEachOps.java:173) ~[?:1.8.0_402]
	at java.util.stream.AbstractPipeline.evaluate(AbstractPipeline.java:234) ~[?:1.8.0_402]
	at java.util.stream.ReferencePipeline.forEach(ReferencePipeline.java:485) ~[?:1.8.0_402]
	at org.junit.vintage.engine.VintageTestEngine.executeAllChildren(VintageTestEngine.java:82) ~[junit-vintage-engine-5.6.2.jar:5.6.2]
	at org.junit.vintage.engine.VintageTestEngine.execute(VintageTestEngine.java:73) ~[junit-vintage-engine-5.6.2.jar:5.6.2]
	at org.junit.platform.launcher.core.DefaultLauncher.execute(DefaultLauncher.java:248) ~[junit-platform-launcher-1.6.2.jar:1.6.2]
	at org.junit.platform.launcher.core.DefaultLauncher.lambda$execute$5(DefaultLauncher.java:211) ~[junit-platform-launcher-1.6.2.jar:1.6.2]
	at org.junit.platform.launcher.core.DefaultLauncher.withInterceptedStreams(DefaultLauncher.java:226) [junit-platform-launcher-1.6.2.jar:1.6.2]
	at org.junit.platform.launcher.core.DefaultLauncher.execute(DefaultLauncher.java:199) [junit-platform-launcher-1.6.2.jar:1.6.2]
	at org.junit.platform.launcher.core.DefaultLauncher.execute(DefaultLauncher.java:132) [junit-platform-launcher-1.6.2.jar:1.6.2]
	at org.apache.maven.surefire.junitplatform.JUnitPlatformProvider.invokeAllTests(JUnitPlatformProvider.java:154) [surefire-junit-platform-3.0.0-M4.jar:3.0.0-M4]
	at org.apache.maven.surefire.junitplatform.JUnitPlatformProvider.invoke(JUnitPlatformProvider.java:123) [surefire-junit-platform-3.0.0-M4.jar:3.0.0-M4]
	at org.apache.maven.surefire.booter.ForkedBooter.runSuitesInProcess(ForkedBooter.java:377) [surefire-booter-3.0.0-M4.jar:3.0.0-M4]
	at org.apache.maven.surefire.booter.ForkedBooter.execute(ForkedBooter.java:138) [surefire-booter-3.0.0-M4.jar:3.0.0-M4]
	at org.apache.maven.surefire.booter.ForkedBooter.run(ForkedBooter.java:465) [surefire-booter-3.0.0-M4.jar:3.0.0-M4]
	at org.apache.maven.surefire.booter.ForkedBooter.main(ForkedBooter.java:451) [surefire-booter-3.0.0-M4.jar:3.0.0-M4]
2024-04-24T01:09:51,552 ERROR [main] parse.UpdateDeleteSemanticAnalyzer: CBO failed due to missing column stats (see previous errors), skipping CBO
2024-04-24T01:09:51,552  INFO [main] parse.UpdateDeleteSemanticAnalyzer: Ending caching scope for: 
FAILED: NoMatchingMethodException No matching method for class org.apache.hadoop.hive.ql.udf.UDFToInteger with (struct<writeid:bigint,bucketid:int,rowid:bigint>). Possible choices: _FUNC_(bigint)  _FUNC_(boolean)  _FUNC_(decimal(38,18))  _FUNC_(double)  _FUNC_(float)  _FUNC_(smallint)  _FUNC_(string)  _FUNC_(struct<rowid:bigint,writeid:bigint,bucketid:int>)  _FUNC_(timestamp)  _FUNC_(tinyint)  _FUNC_(void)  
2024-04-24T01:09:51,553 ERROR [main] ql.Driver: FAILED: NoMatchingMethodException No matching method for class org.apache.hadoop.hive.ql.udf.UDFToInteger with (struct<writeid:bigint,bucketid:int,rowid:bigint>). Possible choices: _FUNC_(bigint)  _FUNC_(boolean)  _FUNC_(decimal(38,18))  _FUNC_(double)  _FUNC_(float)  _FUNC_(smallint)  _FUNC_(string)  _FUNC_(struct<rowid:bigint,writeid:bigint,bucketid:int>)  _FUNC_(timestamp)  _FUNC_(tinyint)  _FUNC_(void)  
org.apache.hadoop.hive.ql.exec.NoMatchingMethodException: No matching method for class org.apache.hadoop.hive.ql.udf.UDFToInteger with (struct<writeid:bigint,bucketid:int,rowid:bigint>). Possible choices: _FUNC_(bigint)  _FUNC_(boolean)  _FUNC_(decimal(38,18))  _FUNC_(double)  _FUNC_(float)  _FUNC_(smallint)  _FUNC_(string)  _FUNC_(struct<rowid:bigint,writeid:bigint,bucketid:int>)  _FUNC_(timestamp)  _FUNC_(tinyint)  _FUNC_(void)  
	at org.apache.hadoop.hive.ql.exec.MethodUtils.getMethodInternal(MethodUtils.java:130)
	at org.apache.hadoop.hive.ql.exec.MethodUtils.getMethodInternal(MethodUtils.java:60)
	at org.apache.hadoop.hive.ql.exec.DefaultUDFMethodResolver.getEvalMethod(DefaultUDFMethodResolver.java:59)
	at org.apache.hadoop.hive.ql.udf.TimestampCastRestrictorResolver.getEvalMethod(TimestampCastRestrictorResolver.java:68)
	at org.apache.hadoop.hive.ql.udf.generic.GenericUDFBridge.initialize(GenericUDFBridge.java:168)
	at org.apache.hadoop.hive.ql.udf.generic.GenericUDF.initializeAndFoldConstants(GenericUDF.java:149)
	at org.apache.hadoop.hive.ql.plan.ExprNodeGenericFuncDesc.newInstance(ExprNodeGenericFuncDesc.java:235)
	at org.apache.hadoop.hive.ql.parse.type.ExprNodeDescExprFactory.createFuncCallExpr(ExprNodeDescExprFactory.java:584)
	at org.apache.hadoop.hive.ql.parse.type.ExprNodeDescExprFactory.createFuncCallExpr(ExprNodeDescExprFactory.java:97)
	at org.apache.hadoop.hive.ql.parse.type.TypeCheckProcFactory$DefaultExprProcessor.getFuncExprNodeDescWithUdfData(TypeCheckProcFactory.java:762)
	at org.apache.hadoop.hive.ql.parse.type.TypeCheckProcFactory$DefaultExprProcessor.createConversionCast(TypeCheckProcFactory.java:783)
	at org.apache.hadoop.hive.ql.parse.SemanticAnalyzer.getPartitionColsFromBucketColsForUpdateDelete(SemanticAnalyzer.java:8725)
	at org.apache.hadoop.hive.ql.parse.SemanticAnalyzer.genBucketingSortingDest(SemanticAnalyzer.java:6906)
	at org.apache.hadoop.hive.ql.parse.SemanticAnalyzer.genFileSinkPlan(SemanticAnalyzer.java:7335)
	at org.apache.hadoop.hive.ql.parse.SemanticAnalyzer.genPostGroupByBodyPlan(SemanticAnalyzer.java:11063)
	at org.apache.hadoop.hive.ql.parse.SemanticAnalyzer.genBodyPlan(SemanticAnalyzer.java:10938)
	at org.apache.hadoop.hive.ql.parse.SemanticAnalyzer.genPlan(SemanticAnalyzer.java:11853)
	at org.apache.hadoop.hive.ql.parse.SemanticAnalyzer.genPlan(SemanticAnalyzer.java:11723)
	at org.apache.hadoop.hive.ql.parse.CalcitePlanner.genOPTree(CalcitePlanner.java:626)
	at org.apache.hadoop.hive.ql.parse.SemanticAnalyzer.analyzeInternal(SemanticAnalyzer.java:12558)
	at org.apache.hadoop.hive.ql.parse.CalcitePlanner.analyzeInternal(CalcitePlanner.java:456)
	at org.apache.hadoop.hive.ql.parse.RewriteSemanticAnalyzer.analyzeInternal(RewriteSemanticAnalyzer.java:67)
	at org.apache.hadoop.hive.ql.parse.BaseSemanticAnalyzer.analyze(BaseSemanticAnalyzer.java:317)
	at org.apache.hadoop.hive.ql.parse.UpdateDeleteSemanticAnalyzer.reparseAndSuperAnalyze(UpdateDeleteSemanticAnalyzer.java:208)
	at org.apache.hadoop.hive.ql.parse.UpdateDeleteSemanticAnalyzer.analyzeUpdate(UpdateDeleteSemanticAnalyzer.java:63)
	at org.apache.hadoop.hive.ql.parse.UpdateDeleteSemanticAnalyzer.analyze(UpdateDeleteSemanticAnalyzer.java:53)
	at org.apache.hadoop.hive.ql.parse.RewriteSemanticAnalyzer.analyzeInternal(RewriteSemanticAnalyzer.java:72)
	at org.apache.hadoop.hive.ql.parse.BaseSemanticAnalyzer.analyze(BaseSemanticAnalyzer.java:317)
	at org.apache.hadoop.hive.ql.Compiler.analyze(Compiler.java:223)
	at org.apache.hadoop.hive.ql.Compiler.compile(Compiler.java:105)
	at org.apache.hadoop.hive.ql.Driver.compile(Driver.java:500)
	at org.apache.hadoop.hive.ql.Driver.compileInternal(Driver.java:453)
	at org.apache.hadoop.hive.ql.Driver.runInternal(Driver.java:181)
	at org.apache.hadoop.hive.ql.Driver.run(Driver.java:153)
	at org.apache.hadoop.hive.ql.Driver.run(Driver.java:140)
	at org.apache.hadoop.hive.ql.TxnCommandsBaseForTests.runStatementOnDriver(TxnCommandsBaseForTests.java:245)
	at org.apache.hadoop.hive.ql.TestTxnCommands.testUpdateOfInserts(TestTxnCommands.java:862)
	at sun.reflect.NativeMethodAccessorImpl.invoke0(Native Method)
	at sun.reflect.NativeMethodAccessorImpl.invoke(NativeMethodAccessorImpl.java:62)
	at sun.reflect.DelegatingMethodAccessorImpl.invoke(DelegatingMethodAccessorImpl.java:43)
	at java.lang.reflect.Method.invoke(Method.java:498)
	at org.junit.runners.model.FrameworkMethod$1.runReflectiveCall(FrameworkMethod.java:59)
	at org.junit.internal.runners.model.ReflectiveCallable.run(ReflectiveCallable.java:12)
	at org.junit.runners.model.FrameworkMethod.invokeExplosively(FrameworkMethod.java:56)
	at org.junit.internal.runners.statements.InvokeMethod.evaluate(InvokeMethod.java:17)
	at org.junit.internal.runners.statements.RunBefores.evaluate(RunBefores.java:26)
	at org.junit.internal.runners.statements.RunAfters.evaluate(RunAfters.java:27)
	at org.junit.rules.TestWatcher$1.evaluate(TestWatcher.java:61)
	at org.junit.runners.ParentRunner$3.evaluate(ParentRunner.java:306)
	at org.junit.runners.BlockJUnit4ClassRunner$1.evaluate(BlockJUnit4ClassRunner.java:100)
	at org.junit.runners.ParentRunner.runLeaf(ParentRunner.java:366)
	at org.junit.runners.BlockJUnit4ClassRunner.runChild(BlockJUnit4ClassRunner.java:103)
	at org.junit.runners.BlockJUnit4ClassRunner.runChild(BlockJUnit4ClassRunner.java:63)
	at org.junit.runners.ParentRunner$4.run(ParentRunner.java:331)
	at org.junit.runners.ParentRunner$1.schedule(ParentRunner.java:79)
	at org.junit.runners.ParentRunner.runChildren(ParentRunner.java:329)
	at org.junit.runners.ParentRunner.access$100(ParentRunner.java:66)
	at org.junit.runners.ParentRunner$2.evaluate(ParentRunner.java:293)
	at org.junit.runners.ParentRunner$3.evaluate(ParentRunner.java:306)
	at org.junit.runners.ParentRunner.run(ParentRunner.java:413)
	at org.junit.runner.JUnitCore.run(JUnitCore.java:137)
	at org.junit.runner.JUnitCore.run(JUnitCore.java:115)
	at org.junit.vintage.engine.execution.RunnerExecutor.execute(RunnerExecutor.java:43)
	at java.util.stream.ForEachOps$ForEachOp$OfRef.accept(ForEachOps.java:183)
	at java.util.stream.ReferencePipeline$3$1.accept(ReferencePipeline.java:193)
	at java.util.Iterator.forEachRemaining(Iterator.java:116)
	at java.util.Spliterators$IteratorSpliterator.forEachRemaining(Spliterators.java:1801)
	at java.util.stream.AbstractPipeline.copyInto(AbstractPipeline.java:482)
	at java.util.stream.AbstractPipeline.wrapAndCopyInto(AbstractPipeline.java:472)
	at java.util.stream.ForEachOps$ForEachOp.evaluateSequential(ForEachOps.java:150)
	at java.util.stream.ForEachOps$ForEachOp$OfRef.evaluateSequential(ForEachOps.java:173)
	at java.util.stream.AbstractPipeline.evaluate(AbstractPipeline.java:234)
	at java.util.stream.ReferencePipeline.forEach(ReferencePipeline.java:485)
	at org.junit.vintage.engine.VintageTestEngine.executeAllChildren(VintageTestEngine.java:82)
	at org.junit.vintage.engine.VintageTestEngine.execute(VintageTestEngine.java:73)
	at org.junit.platform.launcher.core.DefaultLauncher.execute(DefaultLauncher.java:248)
	at org.junit.platform.launcher.core.DefaultLauncher.lambda$execute$5(DefaultLauncher.java:211)
	at org.junit.platform.launcher.core.DefaultLauncher.withInterceptedStreams(DefaultLauncher.java:226)
	at org.junit.platform.launcher.core.DefaultLauncher.execute(DefaultLauncher.java:199)
	at org.junit.platform.launcher.core.DefaultLauncher.execute(DefaultLauncher.java:132)
	at org.apache.maven.surefire.junitplatform.JUnitPlatformProvider.invokeAllTests(JUnitPlatformProvider.java:154)
	at org.apache.maven.surefire.junitplatform.JUnitPlatformProvider.invoke(JUnitPlatformProvider.java:123)
	at org.apache.maven.surefire.booter.ForkedBooter.runSuitesInProcess(ForkedBooter.java:377)
	at org.apache.maven.surefire.booter.ForkedBooter.execute(ForkedBooter.java:138)
	at org.apache.maven.surefire.booter.ForkedBooter.run(ForkedBooter.java:465)
	at org.apache.maven.surefire.booter.ForkedBooter.main(ForkedBooter.java:451)

2024-04-24T01:09:51,553  INFO [main] metadata.Hive: Dumping metastore api call timing information for : compilation phase
2024-04-24T01:09:51,553  INFO [main] metadata.Hive: Total time spent in each metastore function (ms): {getTableColumnStatistics_(String, String, List, String)=25, getTable_(GetTableRequest)=36, flushCache_()=0, getCheckConstraints_(CheckConstraintsRequest)=2, isCompatibleWith_(Configuration)=1, getAllTableConstraints_(AllTableConstraintsRequest)=6, getNotNullConstraints_(NotNullConstraintsRequest)=1, getValidWriteIds_(List, String)=2}
2024-04-24T01:09:51,553  INFO [main] ql.Driver: Completed compiling command(queryId=alex_20240424010951_30cd106b-2908-41b1-8acb-2e4bc106497e); Time taken: 0.216 seconds
2024-04-24T01:09:51,554  INFO [main] lockmgr.DbTxnManager: Stopped heartbeat for query: alex_20240424010949_2c754e46-284f-4211-85ff-79026754b8a8
2024-04-24T01:09:51,556  INFO [main] txn.TxnHandler: Removed transactions: ([15]) from MIN_HISTORY_LEVEL
2024-04-24T01:09:51,562  INFO [main] ql.TxnCommandsBaseForTests: Running the query: drop table if exists acidTbl
2024-04-24T01:09:51,562  INFO [main] ql.Driver: Compiling command(queryId=alex_20240424010951_6cc4adff-1e60-4313-8597-c753f7082c4d): drop table if exists acidTbl
2024-04-24T01:09:51,565  INFO [main] txn.TxnHandler: Added entries to MIN_HISTORY_LEVEL for current txns: ([16]) with min_open_txn: 16
2024-04-24T01:09:51,565  INFO [main] lockmgr.DbTxnManager: Opened txnid:16
2024-04-24T01:09:51,566  INFO [main] HiveMetaStore.audit: ugi=alex	ip=unknown-ip-addr	cmd=get_table : tbl=hive.default.acidTbl	
2024-04-24T01:09:51,572  INFO [main] metastore.HMSHandler: Skipping translation for processor with null
2024-04-24T01:09:51,572  INFO [main] ql.Driver: Semantic Analysis Completed (retrial = false)
2024-04-24T01:09:51,572  INFO [main] ql.Driver: Created Hive schema: Schema(fieldSchemas:null, properties:null)
2024-04-24T01:09:51,573  INFO [main] metadata.Hive: Dumping metastore api call timing information for : compilation phase
2024-04-24T01:09:51,573  INFO [main] metadata.Hive: Total time spent in each metastore function (ms): {rollbackTxn_(long)=8, getValidTxns_(long)=1, openTxn_(String, TxnType)=2, flushCache_()=0, getTable_(GetTableRequest)=6, isCompatibleWith_(Configuration)=0}
2024-04-24T01:09:51,573  INFO [main] ql.Driver: Completed compiling command(queryId=alex_20240424010951_6cc4adff-1e60-4313-8597-c753f7082c4d); Time taken: 0.01 seconds
2024-04-24T01:09:51,573  INFO [main] lockmgr.DbTxnManager: Setting lock request transaction to txnid:16 for queryId=alex_20240424010951_6cc4adff-1e60-4313-8597-c753f7082c4d
2024-04-24T01:09:51,574  INFO [main] lockmgr.DbLockManager: Requesting lock for queryId=alex_20240424010951_6cc4adff-1e60-4313-8597-c753f7082c4d
2024-04-24T01:09:51,587  INFO [main] lockmgr.DbLockManager: Response to queryId=alex_20240424010951_6cc4adff-1e60-4313-8597-c753f7082c4d LockResponse(lockid:11, state:ACQUIRED)
2024-04-24T01:09:51,587  INFO [main] ql.Driver: Operation DROPTABLE obtained 1 locks
2024-04-24T01:09:51,587  INFO [main] ql.Driver: Executing command(queryId=alex_20240424010951_6cc4adff-1e60-4313-8597-c753f7082c4d): drop table if exists acidTbl
2024-04-24T01:09:51,587  INFO [main] ql.Driver: Starting task [Stage-0:DDL] in serial mode
2024-04-24T01:09:51,587  INFO [main] HiveMetaStore.audit: ugi=alex	ip=unknown-ip-addr	cmd=get_table : tbl=hive.default.acidTbl	
2024-04-24T01:09:51,594  INFO [main] metastore.HMSHandler: Skipping translation for processor with null
2024-04-24T01:09:51,594  INFO [main] HiveMetaStore.audit: ugi=alex	ip=unknown-ip-addr	cmd=get_table : tbl=hive.default.acidTbl	
2024-04-24T01:09:51,600  INFO [main] metastore.HMSHandler: Skipping translation for processor with null
2024-04-24T01:09:51,600  INFO [main] HiveMetaStore.audit: ugi=alex	ip=unknown-ip-addr	cmd=drop_table : tbl=hive.default.acidTbl	
2024-04-24T01:09:51,700  INFO [main] metadata.Hive: Dumping metastore api call timing information for : execution phase
2024-04-24T01:09:51,700  INFO [main] metadata.Hive: Total time spent in each metastore function (ms): {isCompatibleWith_(Configuration)=0, getTable_(GetTableRequest)=7, dropTable_(String, String, boolean, boolean, boolean)=106}
2024-04-24T01:09:51,700  INFO [main] ql.Driver: Completed executing command(queryId=alex_20240424010951_6cc4adff-1e60-4313-8597-c753f7082c4d); Time taken: 0.113 seconds
2024-04-24T01:09:51,701  INFO [main] lockmgr.DbTxnManager: Stopped heartbeat for query: alex_20240424010951_6cc4adff-1e60-4313-8597-c753f7082c4d
2024-04-24T01:09:51,705  INFO [main] txn.TxnHandler: Expected to move at least one record from txn_components to completed_txn_components when committing txn! txnid:16
2024-04-24T01:09:51,710  INFO [main] txn.TxnHandler: Removed transactions: ([16]) from MIN_HISTORY_LEVEL
2024-04-24T01:09:51,711  WARN [main] txn.CompactionTxnHandler: No compaction queue record found for Compaction type transaction commit. txnId:16
2024-04-24T01:09:51,711  INFO [main] ql.TxnCommandsBaseForTests: Running the query: drop table if exists acidTblPart
2024-04-24T01:09:51,711  INFO [main] ql.Driver: Compiling command(queryId=alex_20240424010951_3097ae39-9198-4456-b3a2-0b9177074b6c): drop table if exists acidTblPart
2024-04-24T01:09:51,715  INFO [main] txn.TxnHandler: Added entries to MIN_HISTORY_LEVEL for current txns: ([17]) with min_open_txn: 16
2024-04-24T01:09:51,716  INFO [main] lockmgr.DbTxnManager: Opened txnid:17
2024-04-24T01:09:51,717  INFO [main] HiveMetaStore.audit: ugi=alex	ip=unknown-ip-addr	cmd=get_table : tbl=hive.default.acidTblPart	
2024-04-24T01:09:51,723  INFO [main] metastore.HMSHandler: Skipping translation for processor with null
2024-04-24T01:09:51,723  INFO [main] ql.Driver: Semantic Analysis Completed (retrial = false)
2024-04-24T01:09:51,723  INFO [main] ql.Driver: Created Hive schema: Schema(fieldSchemas:null, properties:null)
2024-04-24T01:09:51,724  INFO [main] metadata.Hive: Dumping metastore api call timing information for : compilation phase
2024-04-24T01:09:51,724  INFO [main] metadata.Hive: Total time spent in each metastore function (ms): {getTable_(GetTableRequest)=7, commitTxn_(CommitTxnRequest)=10, isCompatibleWith_(Configuration)=0, flushCache_()=0, openTxn_(String, TxnType)=4, getValidTxns_(long)=0}
2024-04-24T01:09:51,724  INFO [main] ql.Driver: Completed compiling command(queryId=alex_20240424010951_3097ae39-9198-4456-b3a2-0b9177074b6c); Time taken: 0.013 seconds
2024-04-24T01:09:51,724  INFO [main] lockmgr.DbTxnManager: Setting lock request transaction to txnid:17 for queryId=alex_20240424010951_3097ae39-9198-4456-b3a2-0b9177074b6c
2024-04-24T01:09:51,725  INFO [main] lockmgr.DbLockManager: Requesting lock for queryId=alex_20240424010951_3097ae39-9198-4456-b3a2-0b9177074b6c
2024-04-24T01:09:51,740  INFO [main] lockmgr.DbLockManager: Response to queryId=alex_20240424010951_3097ae39-9198-4456-b3a2-0b9177074b6c LockResponse(lockid:12, state:ACQUIRED)
2024-04-24T01:09:51,740  INFO [main] ql.Driver: Operation DROPTABLE obtained 1 locks
2024-04-24T01:09:51,740  INFO [main] ql.Driver: Executing command(queryId=alex_20240424010951_3097ae39-9198-4456-b3a2-0b9177074b6c): drop table if exists acidTblPart
2024-04-24T01:09:51,740  INFO [main] ql.Driver: Starting task [Stage-0:DDL] in serial mode
2024-04-24T01:09:51,740  INFO [main] HiveMetaStore.audit: ugi=alex	ip=unknown-ip-addr	cmd=get_table : tbl=hive.default.acidTblPart	
2024-04-24T01:09:51,746  INFO [main] metastore.HMSHandler: Skipping translation for processor with null
2024-04-24T01:09:51,747  INFO [main] HiveMetaStore.audit: ugi=alex	ip=unknown-ip-addr	cmd=get_table : tbl=hive.default.acidTblPart	
2024-04-24T01:09:51,752  INFO [main] metastore.HMSHandler: Skipping translation for processor with null
2024-04-24T01:09:51,752  INFO [main] HiveMetaStore.audit: ugi=alex	ip=unknown-ip-addr	cmd=drop_table : tbl=hive.default.acidTblPart	
2024-04-24T01:09:51,791  INFO [main] metadata.Hive: Dumping metastore api call timing information for : execution phase
2024-04-24T01:09:51,791  INFO [main] metadata.Hive: Total time spent in each metastore function (ms): {isCompatibleWith_(Configuration)=0, dropTable_(String, String, boolean, boolean, boolean)=45, getTable_(GetTableRequest)=6}
2024-04-24T01:09:51,791  INFO [main] ql.Driver: Completed executing command(queryId=alex_20240424010951_3097ae39-9198-4456-b3a2-0b9177074b6c); Time taken: 0.051 seconds
2024-04-24T01:09:51,791  INFO [main] lockmgr.DbTxnManager: Stopped heartbeat for query: alex_20240424010951_3097ae39-9198-4456-b3a2-0b9177074b6c
2024-04-24T01:09:51,795  INFO [main] txn.TxnHandler: Expected to move at least one record from txn_components to completed_txn_components when committing txn! txnid:17
2024-04-24T01:09:51,801  INFO [main] txn.TxnHandler: Removed transactions: ([17]) from MIN_HISTORY_LEVEL
2024-04-24T01:09:51,801  WARN [main] txn.CompactionTxnHandler: No compaction queue record found for Compaction type transaction commit. txnId:17
2024-04-24T01:09:51,801  INFO [main] ql.TxnCommandsBaseForTests: Running the query: drop table if exists acidTbl2
2024-04-24T01:09:51,802  INFO [main] ql.Driver: Compiling command(queryId=alex_20240424010951_f037359b-586f-4587-a519-e5a009a97afc): drop table if exists acidTbl2
2024-04-24T01:09:51,805  INFO [main] txn.TxnHandler: Added entries to MIN_HISTORY_LEVEL for current txns: ([18]) with min_open_txn: 16
2024-04-24T01:09:51,806  INFO [main] lockmgr.DbTxnManager: Opened txnid:18
2024-04-24T01:09:51,806  INFO [main] ql.Driver: Semantic Analysis Completed (retrial = false)
2024-04-24T01:09:51,807  INFO [main] ql.Driver: Created Hive schema: Schema(fieldSchemas:null, properties:null)
2024-04-24T01:09:51,807  INFO [main] metadata.Hive: Dumping metastore api call timing information for : compilation phase
2024-04-24T01:09:51,807  INFO [main] metadata.Hive: Total time spent in each metastore function (ms): {commitTxn_(CommitTxnRequest)=10, flushCache_()=0, getValidTxns_(long)=0, getTable_(GetTableRequest)=0, isCompatibleWith_(Configuration)=1, openTxn_(String, TxnType)=2}
2024-04-24T01:09:51,807  INFO [main] ql.Driver: Completed compiling command(queryId=alex_20240424010951_f037359b-586f-4587-a519-e5a009a97afc); Time taken: 0.005 seconds
2024-04-24T01:09:51,807  INFO [main] lockmgr.DbTxnManager: Setting lock request transaction to txnid:18 for queryId=alex_20240424010951_f037359b-586f-4587-a519-e5a009a97afc
2024-04-24T01:09:51,807  INFO [main] ql.Driver: Operation DROPTABLE obtained 0 locks
2024-04-24T01:09:51,807  INFO [main] ql.Driver: Executing command(queryId=alex_20240424010951_f037359b-586f-4587-a519-e5a009a97afc): drop table if exists acidTbl2
2024-04-24T01:09:51,808  INFO [main] ql.Driver: Starting task [Stage-0:DDL] in serial mode
2024-04-24T01:09:51,808  INFO [main] metadata.SessionHiveMetaStoreClient: Column stats doesn't exist for db=default temp table=acidTbl2
2024-04-24T01:09:51,808  INFO [main] metadata.Hive: Dumping metastore api call timing information for : execution phase
2024-04-24T01:09:51,809  INFO [main] metadata.Hive: Total time spent in each metastore function (ms): {getTable_(GetTableRequest)=0, isCompatibleWith_(Configuration)=0, dropTable_(String, String, boolean, boolean, boolean)=0}
2024-04-24T01:09:51,809  INFO [main] ql.Driver: Completed executing command(queryId=alex_20240424010951_f037359b-586f-4587-a519-e5a009a97afc); Time taken: 0.001 seconds
2024-04-24T01:09:51,809  INFO [main] lockmgr.DbTxnManager: Stopped heartbeat for query: alex_20240424010951_f037359b-586f-4587-a519-e5a009a97afc
2024-04-24T01:09:51,814  INFO [main] txn.TxnHandler: Expected to move at least one record from txn_components to completed_txn_components when committing txn! txnid:18
2024-04-24T01:09:51,818  INFO [main] txn.TxnHandler: Removed transactions: ([18]) from MIN_HISTORY_LEVEL
2024-04-24T01:09:51,819  WARN [main] txn.CompactionTxnHandler: No compaction queue record found for Compaction type transaction commit. txnId:18
2024-04-24T01:09:51,819  INFO [main] ql.TxnCommandsBaseForTests: Running the query: drop table if exists nonAcidOrcTbl
2024-04-24T01:09:51,820  INFO [main] ql.Driver: Compiling command(queryId=alex_20240424010951_5fbe2b75-b4b3-479f-a301-cae3ea64a738): drop table if exists nonAcidOrcTbl
2024-04-24T01:09:51,822  INFO [main] txn.TxnHandler: Added entries to MIN_HISTORY_LEVEL for current txns: ([19]) with min_open_txn: 16
2024-04-24T01:09:51,822  INFO [main] lockmgr.DbTxnManager: Opened txnid:19
2024-04-24T01:09:51,823  INFO [main] HiveMetaStore.audit: ugi=alex	ip=unknown-ip-addr	cmd=get_table : tbl=hive.default.nonAcidOrcTbl	
2024-04-24T01:09:51,844  INFO [main] metastore.HMSHandler: Skipping translation for processor with null
2024-04-24T01:09:51,844  INFO [main] ql.Driver: Semantic Analysis Completed (retrial = false)
2024-04-24T01:09:51,844  INFO [main] ql.Driver: Created Hive schema: Schema(fieldSchemas:null, properties:null)
2024-04-24T01:09:51,844  INFO [main] metadata.Hive: Dumping metastore api call timing information for : compilation phase
2024-04-24T01:09:51,844  INFO [main] metadata.Hive: Total time spent in each metastore function (ms): {getTable_(GetTableRequest)=21, commitTxn_(CommitTxnRequest)=10, openTxn_(String, TxnType)=2, isCompatibleWith_(Configuration)=0, flushCache_()=0, getValidTxns_(long)=1}
2024-04-24T01:09:51,844  INFO [main] ql.Driver: Completed compiling command(queryId=alex_20240424010951_5fbe2b75-b4b3-479f-a301-cae3ea64a738); Time taken: 0.025 seconds
2024-04-24T01:09:51,845  INFO [main] lockmgr.DbTxnManager: Setting lock request transaction to txnid:19 for queryId=alex_20240424010951_5fbe2b75-b4b3-479f-a301-cae3ea64a738
2024-04-24T01:09:51,845  INFO [main] lockmgr.DbLockManager: Requesting lock for queryId=alex_20240424010951_5fbe2b75-b4b3-479f-a301-cae3ea64a738
2024-04-24T01:09:51,859  INFO [main] lockmgr.DbLockManager: Response to queryId=alex_20240424010951_5fbe2b75-b4b3-479f-a301-cae3ea64a738 LockResponse(lockid:13, state:ACQUIRED)
2024-04-24T01:09:51,859  INFO [main] ql.Driver: Operation DROPTABLE obtained 1 locks
2024-04-24T01:09:51,859  INFO [main] ql.Driver: Executing command(queryId=alex_20240424010951_5fbe2b75-b4b3-479f-a301-cae3ea64a738): drop table if exists nonAcidOrcTbl
2024-04-24T01:09:51,860  INFO [main] ql.Driver: Starting task [Stage-0:DDL] in serial mode
2024-04-24T01:09:51,860  INFO [main] HiveMetaStore.audit: ugi=alex	ip=unknown-ip-addr	cmd=get_table : tbl=hive.default.nonAcidOrcTbl	
2024-04-24T01:09:51,881  INFO [main] metastore.HMSHandler: Skipping translation for processor with null
2024-04-24T01:09:51,882  INFO [main] HiveMetaStore.audit: ugi=alex	ip=unknown-ip-addr	cmd=get_table : tbl=hive.default.nonAcidOrcTbl	
2024-04-24T01:09:51,890  INFO [main] metastore.HMSHandler: Skipping translation for processor with null
2024-04-24T01:09:51,890  INFO [main] HiveMetaStore.audit: ugi=alex	ip=unknown-ip-addr	cmd=drop_table : tbl=hive.default.nonAcidOrcTbl	
2024-04-24T01:09:51,998  INFO [main] metadata.Hive: Dumping metastore api call timing information for : execution phase
2024-04-24T01:09:51,998  INFO [main] metadata.Hive: Total time spent in each metastore function (ms): {isCompatibleWith_(Configuration)=0, getTable_(GetTableRequest)=22, dropTable_(String, String, boolean, boolean, boolean)=115}
2024-04-24T01:09:51,998  INFO [main] ql.Driver: Completed executing command(queryId=alex_20240424010951_5fbe2b75-b4b3-479f-a301-cae3ea64a738); Time taken: 0.138 seconds
2024-04-24T01:09:51,998  INFO [main] lockmgr.DbTxnManager: Stopped heartbeat for query: alex_20240424010951_5fbe2b75-b4b3-479f-a301-cae3ea64a738
2024-04-24T01:09:52,002  INFO [main] txn.TxnHandler: Expected to move at least one record from txn_components to completed_txn_components when committing txn! txnid:19
2024-04-24T01:09:52,008  INFO [main] txn.TxnHandler: Removed transactions: ([19]) from MIN_HISTORY_LEVEL
2024-04-24T01:09:52,008  WARN [main] txn.CompactionTxnHandler: No compaction queue record found for Compaction type transaction commit. txnId:19
2024-04-24T01:09:52,009  INFO [main] ql.TxnCommandsBaseForTests: Running the query: drop table if exists nonAcidOrcTbl2
2024-04-24T01:09:52,009  INFO [main] ql.Driver: Compiling command(queryId=alex_20240424010952_a956b5cc-6d41-4395-b56c-9f9446529c08): drop table if exists nonAcidOrcTbl2
2024-04-24T01:09:52,012  INFO [main] txn.TxnHandler: Added entries to MIN_HISTORY_LEVEL for current txns: ([20]) with min_open_txn: 16
2024-04-24T01:09:52,012  INFO [main] lockmgr.DbTxnManager: Opened txnid:20
2024-04-24T01:09:52,013  INFO [main] HiveMetaStore.audit: ugi=alex	ip=unknown-ip-addr	cmd=get_table : tbl=hive.default.nonAcidOrcTbl2	
2024-04-24T01:09:52,023  INFO [main] metastore.HMSHandler: Skipping translation for processor with null
2024-04-24T01:09:52,023  INFO [main] ql.Driver: Semantic Analysis Completed (retrial = false)
2024-04-24T01:09:52,023  INFO [main] ql.Driver: Created Hive schema: Schema(fieldSchemas:null, properties:null)
2024-04-24T01:09:52,023  INFO [main] metadata.Hive: Dumping metastore api call timing information for : compilation phase
2024-04-24T01:09:52,024  INFO [main] metadata.Hive: Total time spent in each metastore function (ms): {flushCache_()=0, getValidTxns_(long)=1, commitTxn_(CommitTxnRequest)=11, isCompatibleWith_(Configuration)=1, getTable_(GetTableRequest)=10, openTxn_(String, TxnType)=2}
2024-04-24T01:09:52,024  INFO [main] ql.Driver: Completed compiling command(queryId=alex_20240424010952_a956b5cc-6d41-4395-b56c-9f9446529c08); Time taken: 0.014 seconds
2024-04-24T01:09:52,024  INFO [main] lockmgr.DbTxnManager: Setting lock request transaction to txnid:20 for queryId=alex_20240424010952_a956b5cc-6d41-4395-b56c-9f9446529c08
2024-04-24T01:09:52,025  INFO [main] lockmgr.DbLockManager: Requesting lock for queryId=alex_20240424010952_a956b5cc-6d41-4395-b56c-9f9446529c08
2024-04-24T01:09:52,045  INFO [main] lockmgr.DbLockManager: Response to queryId=alex_20240424010952_a956b5cc-6d41-4395-b56c-9f9446529c08 LockResponse(lockid:14, state:ACQUIRED)
2024-04-24T01:09:52,045  INFO [main] ql.Driver: Operation DROPTABLE obtained 1 locks
2024-04-24T01:09:52,045  INFO [main] ql.Driver: Executing command(queryId=alex_20240424010952_a956b5cc-6d41-4395-b56c-9f9446529c08): drop table if exists nonAcidOrcTbl2
2024-04-24T01:09:52,045  INFO [main] ql.Driver: Starting task [Stage-0:DDL] in serial mode
2024-04-24T01:09:52,046  INFO [main] HiveMetaStore.audit: ugi=alex	ip=unknown-ip-addr	cmd=get_table : tbl=hive.default.nonAcidOrcTbl2	
2024-04-24T01:09:52,059  INFO [main] metastore.HMSHandler: Skipping translation for processor with null
2024-04-24T01:09:52,059  INFO [main] HiveMetaStore.audit: ugi=alex	ip=unknown-ip-addr	cmd=get_table : tbl=hive.default.nonAcidOrcTbl2	
2024-04-24T01:09:52,069  INFO [main] metastore.HMSHandler: Skipping translation for processor with null
2024-04-24T01:09:52,069  INFO [main] HiveMetaStore.audit: ugi=alex	ip=unknown-ip-addr	cmd=drop_table : tbl=hive.default.nonAcidOrcTbl2	
2024-04-24T01:09:52,100  INFO [main] metadata.Hive: Dumping metastore api call timing information for : execution phase
2024-04-24T01:09:52,101  INFO [main] metadata.Hive: Total time spent in each metastore function (ms): {getTable_(GetTableRequest)=13, dropTable_(String, String, boolean, boolean, boolean)=41, isCompatibleWith_(Configuration)=0}
2024-04-24T01:09:52,101  INFO [main] ql.Driver: Completed executing command(queryId=alex_20240424010952_a956b5cc-6d41-4395-b56c-9f9446529c08); Time taken: 0.055 seconds
2024-04-24T01:09:52,101  INFO [main] lockmgr.DbTxnManager: Stopped heartbeat for query: alex_20240424010952_a956b5cc-6d41-4395-b56c-9f9446529c08
2024-04-24T01:09:52,104  INFO [main] txn.TxnHandler: Expected to move at least one record from txn_components to completed_txn_components when committing txn! txnid:20
2024-04-24T01:09:52,111  INFO [main] txn.TxnHandler: Removed transactions: ([20]) from MIN_HISTORY_LEVEL
2024-04-24T01:09:52,111  WARN [main] txn.CompactionTxnHandler: No compaction queue record found for Compaction type transaction commit. txnId:20
2024-04-24T01:09:52,112  INFO [main] ql.TxnCommandsBaseForTests: Running the query: drop table if exists nonAcidNonBucket
2024-04-24T01:09:52,112  INFO [main] ql.Driver: Compiling command(queryId=alex_20240424010952_bbec4dfa-7820-42de-af61-b615f183c15d): drop table if exists nonAcidNonBucket
2024-04-24T01:09:52,115  INFO [main] txn.TxnHandler: Added entries to MIN_HISTORY_LEVEL for current txns: ([21]) with min_open_txn: 16
2024-04-24T01:09:52,115  INFO [main] lockmgr.DbTxnManager: Opened txnid:21
2024-04-24T01:09:52,116  INFO [main] HiveMetaStore.audit: ugi=alex	ip=unknown-ip-addr	cmd=get_table : tbl=hive.default.nonAcidNonBucket	
2024-04-24T01:09:52,125  INFO [main] metastore.HMSHandler: Skipping translation for processor with null
2024-04-24T01:09:52,125  INFO [main] ql.Driver: Semantic Analysis Completed (retrial = false)
2024-04-24T01:09:52,125  INFO [main] ql.Driver: Created Hive schema: Schema(fieldSchemas:null, properties:null)
2024-04-24T01:09:52,125  INFO [main] metadata.Hive: Dumping metastore api call timing information for : compilation phase
2024-04-24T01:09:52,125  INFO [main] metadata.Hive: Total time spent in each metastore function (ms): {getValidTxns_(long)=0, getTable_(GetTableRequest)=9, flushCache_()=0, commitTxn_(CommitTxnRequest)=11, openTxn_(String, TxnType)=2, isCompatibleWith_(Configuration)=1}
2024-04-24T01:09:52,125  INFO [main] ql.Driver: Completed compiling command(queryId=alex_20240424010952_bbec4dfa-7820-42de-af61-b615f183c15d); Time taken: 0.013 seconds
2024-04-24T01:09:52,126  INFO [main] lockmgr.DbTxnManager: Setting lock request transaction to txnid:21 for queryId=alex_20240424010952_bbec4dfa-7820-42de-af61-b615f183c15d
2024-04-24T01:09:52,126  INFO [main] lockmgr.DbLockManager: Requesting lock for queryId=alex_20240424010952_bbec4dfa-7820-42de-af61-b615f183c15d
2024-04-24T01:09:52,141  INFO [main] lockmgr.DbLockManager: Response to queryId=alex_20240424010952_bbec4dfa-7820-42de-af61-b615f183c15d LockResponse(lockid:15, state:ACQUIRED)
2024-04-24T01:09:52,141  INFO [main] ql.Driver: Operation DROPTABLE obtained 1 locks
2024-04-24T01:09:52,141  INFO [main] ql.Driver: Executing command(queryId=alex_20240424010952_bbec4dfa-7820-42de-af61-b615f183c15d): drop table if exists nonAcidNonBucket
2024-04-24T01:09:52,141  INFO [main] ql.Driver: Starting task [Stage-0:DDL] in serial mode
2024-04-24T01:09:52,141  INFO [main] HiveMetaStore.audit: ugi=alex	ip=unknown-ip-addr	cmd=get_table : tbl=hive.default.nonAcidNonBucket	
2024-04-24T01:09:52,153  INFO [main] metastore.HMSHandler: Skipping translation for processor with null
2024-04-24T01:09:52,153  INFO [main] HiveMetaStore.audit: ugi=alex	ip=unknown-ip-addr	cmd=get_table : tbl=hive.default.nonAcidNonBucket	
2024-04-24T01:09:52,166  INFO [main] metastore.HMSHandler: Skipping translation for processor with null
2024-04-24T01:09:52,166  INFO [main] HiveMetaStore.audit: ugi=alex	ip=unknown-ip-addr	cmd=drop_table : tbl=hive.default.nonAcidNonBucket	
2024-04-24T01:09:52,213  INFO [main] metadata.Hive: Dumping metastore api call timing information for : execution phase
2024-04-24T01:09:52,213  INFO [main] metadata.Hive: Total time spent in each metastore function (ms): {isCompatibleWith_(Configuration)=0, dropTable_(String, String, boolean, boolean, boolean)=60, getTable_(GetTableRequest)=12}
2024-04-24T01:09:52,214  INFO [main] ql.Driver: Completed executing command(queryId=alex_20240424010952_bbec4dfa-7820-42de-af61-b615f183c15d); Time taken: 0.072 seconds
2024-04-24T01:09:52,214  INFO [main] lockmgr.DbTxnManager: Stopped heartbeat for query: alex_20240424010952_bbec4dfa-7820-42de-af61-b615f183c15d
2024-04-24T01:09:52,219  INFO [main] txn.TxnHandler: Expected to move at least one record from txn_components to completed_txn_components when committing txn! txnid:21
2024-04-24T01:09:52,227  INFO [main] txn.TxnHandler: Removed transactions: ([21]) from MIN_HISTORY_LEVEL
2024-04-24T01:09:52,228  WARN [main] txn.CompactionTxnHandler: No compaction queue record found for Compaction type transaction commit. txnId:21
2024-04-24T01:09:52,228  INFO [main] utils.TestTxnDbUtil: Cleaning transactional tables
]]></system-err>
  </testcase>
  <testcase name="exchangePartitionShouldNotWorkForTransactionalTables" classname="org.apache.hadoop.hive.ql.TestTxnCommandsWithSplitUpdateAndVectorization" time="1.427"/>
  <testcase name="testMergeNegative2" classname="org.apache.hadoop.hive.ql.TestTxnCommandsWithSplitUpdateAndVectorization" time="1.368"/>
  <testcase name="testCompactionBlocking" classname="org.apache.hadoop.hive.ql.TestTxnCommandsWithSplitUpdateAndVectorization" time="6.149"/>
  <testcase name="testVersioningVersionFileDisabled" classname="org.apache.hadoop.hive.ql.TestTxnCommandsWithSplitUpdateAndVectorization" time="2.936">
    <error type="java.lang.RuntimeException"><![CDATA[java.lang.RuntimeException: update T set a=3 where b=2 failed: (responseCode = 40000, errorMessage = FAILED: NoMatchingMethodException No matching method for class org.apache.hadoop.hive.ql.udf.UDFToInteger with (struct<writeid:bigint,bucketid:int,rowid:bigint>). Possible choices: _FUNC_(bigint)  _FUNC_(boolean)  _FUNC_(decimal(38,18))  _FUNC_(double)  _FUNC_(float)  _FUNC_(smallint)  _FUNC_(string)  _FUNC_(struct<rowid:bigint,writeid:bigint,bucketid:int>)  _FUNC_(timestamp)  _FUNC_(tinyint)  _FUNC_(void)  , hiveErrorCode = 40000, SQLState = 42000, exception = No matching method for class org.apache.hadoop.hive.ql.udf.UDFToInteger with (struct<writeid:bigint,bucketid:int,rowid:bigint>). Possible choices: _FUNC_(bigint)  _FUNC_(boolean)  _FUNC_(decimal(38,18))  _FUNC_(double)  _FUNC_(float)  _FUNC_(smallint)  _FUNC_(string)  _FUNC_(struct<rowid:bigint,writeid:bigint,bucketid:int>)  _FUNC_(timestamp)  _FUNC_(tinyint)  _FUNC_(void)  )
	at org.apache.hadoop.hive.ql.TxnCommandsBaseForTests.runStatementOnDriver(TxnCommandsBaseForTests.java:247)
	at org.apache.hadoop.hive.ql.TestTxnCommands.acidVersionTest(TestTxnCommands.java:1482)
	at org.apache.hadoop.hive.ql.TestTxnCommands.testVersioningVersionFileDisabled(TestTxnCommands.java:1467)
	at sun.reflect.NativeMethodAccessorImpl.invoke0(Native Method)
	at sun.reflect.NativeMethodAccessorImpl.invoke(NativeMethodAccessorImpl.java:62)
	at sun.reflect.DelegatingMethodAccessorImpl.invoke(DelegatingMethodAccessorImpl.java:43)
	at java.lang.reflect.Method.invoke(Method.java:498)
	at org.junit.runners.model.FrameworkMethod$1.runReflectiveCall(FrameworkMethod.java:59)
	at org.junit.internal.runners.model.ReflectiveCallable.run(ReflectiveCallable.java:12)
	at org.junit.runners.model.FrameworkMethod.invokeExplosively(FrameworkMethod.java:56)
	at org.junit.internal.runners.statements.InvokeMethod.evaluate(InvokeMethod.java:17)
	at org.junit.internal.runners.statements.RunBefores.evaluate(RunBefores.java:26)
	at org.junit.internal.runners.statements.RunAfters.evaluate(RunAfters.java:27)
	at org.junit.rules.TestWatcher$1.evaluate(TestWatcher.java:61)
	at org.junit.runners.ParentRunner$3.evaluate(ParentRunner.java:306)
	at org.junit.runners.BlockJUnit4ClassRunner$1.evaluate(BlockJUnit4ClassRunner.java:100)
	at org.junit.runners.ParentRunner.runLeaf(ParentRunner.java:366)
	at org.junit.runners.BlockJUnit4ClassRunner.runChild(BlockJUnit4ClassRunner.java:103)
	at org.junit.runners.BlockJUnit4ClassRunner.runChild(BlockJUnit4ClassRunner.java:63)
	at org.junit.runners.ParentRunner$4.run(ParentRunner.java:331)
	at org.junit.runners.ParentRunner$1.schedule(ParentRunner.java:79)
	at org.junit.runners.ParentRunner.runChildren(ParentRunner.java:329)
	at org.junit.runners.ParentRunner.access$100(ParentRunner.java:66)
	at org.junit.runners.ParentRunner$2.evaluate(ParentRunner.java:293)
	at org.junit.runners.ParentRunner$3.evaluate(ParentRunner.java:306)
	at org.junit.runners.ParentRunner.run(ParentRunner.java:413)
	at org.junit.runner.JUnitCore.run(JUnitCore.java:137)
	at org.junit.runner.JUnitCore.run(JUnitCore.java:115)
	at org.junit.vintage.engine.execution.RunnerExecutor.execute(RunnerExecutor.java:43)
	at java.util.stream.ForEachOps$ForEachOp$OfRef.accept(ForEachOps.java:183)
	at java.util.stream.ReferencePipeline$3$1.accept(ReferencePipeline.java:193)
	at java.util.Iterator.forEachRemaining(Iterator.java:116)
	at java.util.Spliterators$IteratorSpliterator.forEachRemaining(Spliterators.java:1801)
	at java.util.stream.AbstractPipeline.copyInto(AbstractPipeline.java:482)
	at java.util.stream.AbstractPipeline.wrapAndCopyInto(AbstractPipeline.java:472)
	at java.util.stream.ForEachOps$ForEachOp.evaluateSequential(ForEachOps.java:150)
	at java.util.stream.ForEachOps$ForEachOp$OfRef.evaluateSequential(ForEachOps.java:173)
	at java.util.stream.AbstractPipeline.evaluate(AbstractPipeline.java:234)
	at java.util.stream.ReferencePipeline.forEach(ReferencePipeline.java:485)
	at org.junit.vintage.engine.VintageTestEngine.executeAllChildren(VintageTestEngine.java:82)
	at org.junit.vintage.engine.VintageTestEngine.execute(VintageTestEngine.java:73)
	at org.junit.platform.launcher.core.DefaultLauncher.execute(DefaultLauncher.java:248)
	at org.junit.platform.launcher.core.DefaultLauncher.lambda$execute$5(DefaultLauncher.java:211)
	at org.junit.platform.launcher.core.DefaultLauncher.withInterceptedStreams(DefaultLauncher.java:226)
	at org.junit.platform.launcher.core.DefaultLauncher.execute(DefaultLauncher.java:199)
	at org.junit.platform.launcher.core.DefaultLauncher.execute(DefaultLauncher.java:132)
	at org.apache.maven.surefire.junitplatform.JUnitPlatformProvider.invokeAllTests(JUnitPlatformProvider.java:154)
	at org.apache.maven.surefire.junitplatform.JUnitPlatformProvider.invoke(JUnitPlatformProvider.java:123)
	at org.apache.maven.surefire.booter.ForkedBooter.runSuitesInProcess(ForkedBooter.java:377)
	at org.apache.maven.surefire.booter.ForkedBooter.execute(ForkedBooter.java:138)
	at org.apache.maven.surefire.booter.ForkedBooter.run(ForkedBooter.java:465)
	at org.apache.maven.surefire.booter.ForkedBooter.main(ForkedBooter.java:451)
]]></error>
    <system-err><![CDATA[2024-04-24T01:10:01,238  WARN [main] conf.HiveConf: HiveConf of name hive.dummyparam.test.server.specific.config.hivesite does not exist
2024-04-24T01:10:01,238  WARN [main] conf.HiveConf: HiveConf of name hive.llap.io.cache.orc.alloc.min does not exist
2024-04-24T01:10:01,238  WARN [main] conf.HiveConf: HiveConf of name hive.llap.io.cache.orc.alloc.max does not exist
2024-04-24T01:10:01,238  WARN [main] conf.HiveConf: HiveConf of name hive.metastore.client.cache.maxSize does not exist
2024-04-24T01:10:01,238  WARN [main] conf.HiveConf: HiveConf of name hive.stats.key.prefix.reserve.length does not exist
2024-04-24T01:10:01,238  WARN [main] conf.HiveConf: HiveConf of name hive.llap.io.cache.orc.size does not exist
2024-04-24T01:10:01,239  WARN [main] conf.HiveConf: HiveConf of name hive.dummyparam.test.server.specific.config.metastoresite does not exist
2024-04-24T01:10:01,239  WARN [main] conf.HiveConf: HiveConf of name hive.metastore.client.cache.recordStats does not exist
2024-04-24T01:10:01,239  WARN [main] conf.HiveConf: HiveConf of name hive.metastore.metadb.dir does not exist
2024-04-24T01:10:01,239  WARN [main] conf.HiveConf: HiveConf of name hive.dummyparam.test.server.specific.config.override does not exist
2024-04-24T01:10:01,239  WARN [main] conf.HiveConf: HiveConf of name hive.llap.io.cache.orc.arena.size does not exist
2024-04-24T01:10:01,240  INFO [main] utils.TestTxnDbUtil: Creating transactional tables
Hive Session ID = 16cca959-a6b8-4c50-89b8-b845acc35263
2024-04-24T01:10:01,242  INFO [main] SessionState: Hive Session ID = 16cca959-a6b8-4c50-89b8-b845acc35263
ivysettings.xml file not found in HIVE_HOME or HIVE_CONF_DIR,/home/alex/Repositories/hive/conf/ivysettings.xml will be used
2024-04-24T01:10:01,243  INFO [main] DependencyResolver: ivysettings.xml file not found in HIVE_HOME or HIVE_CONF_DIR,/home/alex/Repositories/hive/conf/ivysettings.xml will be used
2024-04-24T01:10:01,248  INFO [main] session.SessionState: Created HDFS directory: /home/alex/Repositories/hive/ql/target/tmp/scratchdir/alex/16cca959-a6b8-4c50-89b8-b845acc35263
2024-04-24T01:10:01,250  INFO [main] session.SessionState: Created local directory: /home/alex/Repositories/hive/ql/target/tmp/localscratchdir/16cca959-a6b8-4c50-89b8-b845acc35263
2024-04-24T01:10:01,252  INFO [main] session.SessionState: Created HDFS directory: /home/alex/Repositories/hive/ql/target/tmp/scratchdir/alex/16cca959-a6b8-4c50-89b8-b845acc35263/_tmp_space.db
2024-04-24T01:10:01,253  INFO [main] sqlstd.SQLStdHiveAccessController: Created SQLStdHiveAccessController for session context : HiveAuthzSessionContext [sessionString=16cca959-a6b8-4c50-89b8-b845acc35263, clientType=HIVECLI]
2024-04-24T01:10:01,253  INFO [main] ql.TxnCommandsBaseForTests: Running the query: drop table if exists acidTbl
2024-04-24T01:10:01,253  INFO [main] ql.Driver: Compiling command(queryId=alex_20240424011001_15c6ba1e-eaf7-49e4-ae64-fa166efbf130): drop table if exists acidTbl
2024-04-24T01:10:01,260  INFO [main] txn.TxnHandler: Added entries to MIN_HISTORY_LEVEL for current txns: ([1]) with min_open_txn: 1
2024-04-24T01:10:01,260  INFO [main] lockmgr.DbTxnManager: Opened txnid:1
2024-04-24T01:10:01,263  INFO [main] HiveMetaStore.audit: ugi=alex	ip=unknown-ip-addr	cmd=get_table : tbl=hive.default.acidTbl	
2024-04-24T01:10:01,266  INFO [main] ql.Driver: Semantic Analysis Completed (retrial = false)
2024-04-24T01:10:01,266  INFO [main] ql.Driver: Created Hive schema: Schema(fieldSchemas:null, properties:null)
2024-04-24T01:10:01,266  INFO [main] metadata.Hive: Dumping metastore api call timing information for : compilation phase
2024-04-24T01:10:01,266  INFO [main] metadata.Hive: Total time spent in each metastore function (ms): {openTxn_(String, TxnType)=6, isCompatibleWith_(Configuration)=0, getValidTxns_(long)=3, flushCache_()=1, commitTxn_(CommitTxnRequest)=9}
2024-04-24T01:10:01,267  INFO [main] ql.Driver: Completed compiling command(queryId=alex_20240424011001_15c6ba1e-eaf7-49e4-ae64-fa166efbf130); Time taken: 0.013 seconds
2024-04-24T01:10:01,267  INFO [main] lockmgr.DbTxnManager: Setting lock request transaction to txnid:1 for queryId=alex_20240424011001_15c6ba1e-eaf7-49e4-ae64-fa166efbf130
2024-04-24T01:10:01,267  INFO [main] ql.Driver: Operation DROPTABLE obtained 0 locks
2024-04-24T01:10:01,267  INFO [main] ql.Driver: Executing command(queryId=alex_20240424011001_15c6ba1e-eaf7-49e4-ae64-fa166efbf130): drop table if exists acidTbl
2024-04-24T01:10:01,267  INFO [main] ql.Driver: Starting task [Stage-0:DDL] in serial mode
2024-04-24T01:10:01,267  INFO [main] HiveMetaStore.audit: ugi=alex	ip=unknown-ip-addr	cmd=get_table : tbl=hive.default.acidTbl	
2024-04-24T01:10:01,270  INFO [main] metadata.Hive: Dumping metastore api call timing information for : execution phase
2024-04-24T01:10:01,270  INFO [main] metadata.Hive: Total time spent in each metastore function (ms): {isCompatibleWith_(Configuration)=0}
2024-04-24T01:10:01,270  INFO [main] ql.Driver: Completed executing command(queryId=alex_20240424011001_15c6ba1e-eaf7-49e4-ae64-fa166efbf130); Time taken: 0.003 seconds
2024-04-24T01:10:01,270  INFO [main] lockmgr.DbTxnManager: Stopped heartbeat for query: alex_20240424011001_15c6ba1e-eaf7-49e4-ae64-fa166efbf130
2024-04-24T01:10:01,275  INFO [main] txn.TxnHandler: Expected to move at least one record from txn_components to completed_txn_components when committing txn! txnid:1
2024-04-24T01:10:01,280  INFO [main] txn.TxnHandler: Removed transactions: ([1]) from MIN_HISTORY_LEVEL
2024-04-24T01:10:01,281  WARN [main] txn.CompactionTxnHandler: No compaction queue record found for Compaction type transaction commit. txnId:1
2024-04-24T01:10:01,281  INFO [main] ql.TxnCommandsBaseForTests: Running the query: drop table if exists acidTblPart
2024-04-24T01:10:01,281  INFO [main] ql.Driver: Compiling command(queryId=alex_20240424011001_3783bc1f-5e69-4514-9450-1142b8ed9e5e): drop table if exists acidTblPart
2024-04-24T01:10:01,283  INFO [main] txn.TxnHandler: Added entries to MIN_HISTORY_LEVEL for current txns: ([2]) with min_open_txn: 1
2024-04-24T01:10:01,284  INFO [main] lockmgr.DbTxnManager: Opened txnid:2
2024-04-24T01:10:01,284  INFO [main] HiveMetaStore.audit: ugi=alex	ip=unknown-ip-addr	cmd=get_table : tbl=hive.default.acidTblPart	
2024-04-24T01:10:01,287  INFO [main] ql.Driver: Semantic Analysis Completed (retrial = false)
2024-04-24T01:10:01,287  INFO [main] ql.Driver: Created Hive schema: Schema(fieldSchemas:null, properties:null)
2024-04-24T01:10:01,287  INFO [main] metadata.Hive: Dumping metastore api call timing information for : compilation phase
2024-04-24T01:10:01,287  INFO [main] metadata.Hive: Total time spent in each metastore function (ms): {flushCache_()=0, isCompatibleWith_(Configuration)=0, getValidTxns_(long)=0, commitTxn_(CommitTxnRequest)=11, openTxn_(String, TxnType)=2}
2024-04-24T01:10:01,287  INFO [main] ql.Driver: Completed compiling command(queryId=alex_20240424011001_3783bc1f-5e69-4514-9450-1142b8ed9e5e); Time taken: 0.006 seconds
2024-04-24T01:10:01,288  INFO [main] lockmgr.DbTxnManager: Setting lock request transaction to txnid:2 for queryId=alex_20240424011001_3783bc1f-5e69-4514-9450-1142b8ed9e5e
2024-04-24T01:10:01,288  INFO [main] ql.Driver: Operation DROPTABLE obtained 0 locks
2024-04-24T01:10:01,288  INFO [main] ql.Driver: Executing command(queryId=alex_20240424011001_3783bc1f-5e69-4514-9450-1142b8ed9e5e): drop table if exists acidTblPart
2024-04-24T01:10:01,288  INFO [main] ql.Driver: Starting task [Stage-0:DDL] in serial mode
2024-04-24T01:10:01,288  INFO [main] HiveMetaStore.audit: ugi=alex	ip=unknown-ip-addr	cmd=get_table : tbl=hive.default.acidTblPart	
2024-04-24T01:10:01,291  INFO [main] metadata.Hive: Dumping metastore api call timing information for : execution phase
2024-04-24T01:10:01,291  INFO [main] metadata.Hive: Total time spent in each metastore function (ms): {isCompatibleWith_(Configuration)=0}
2024-04-24T01:10:01,291  INFO [main] ql.Driver: Completed executing command(queryId=alex_20240424011001_3783bc1f-5e69-4514-9450-1142b8ed9e5e); Time taken: 0.003 seconds
2024-04-24T01:10:01,291  INFO [main] lockmgr.DbTxnManager: Stopped heartbeat for query: alex_20240424011001_3783bc1f-5e69-4514-9450-1142b8ed9e5e
2024-04-24T01:10:01,296  INFO [main] txn.TxnHandler: Expected to move at least one record from txn_components to completed_txn_components when committing txn! txnid:2
2024-04-24T01:10:01,300  INFO [main] txn.TxnHandler: Removed transactions: ([2]) from MIN_HISTORY_LEVEL
2024-04-24T01:10:01,300  WARN [main] txn.CompactionTxnHandler: No compaction queue record found for Compaction type transaction commit. txnId:2
2024-04-24T01:10:01,301  INFO [main] ql.TxnCommandsBaseForTests: Running the query: drop table if exists acidTbl2
2024-04-24T01:10:01,301  INFO [main] ql.Driver: Compiling command(queryId=alex_20240424011001_160adde8-748c-41e7-a1ba-ab560251218f): drop table if exists acidTbl2
2024-04-24T01:10:01,303  INFO [main] txn.TxnHandler: Added entries to MIN_HISTORY_LEVEL for current txns: ([3]) with min_open_txn: 1
2024-04-24T01:10:01,303  INFO [main] lockmgr.DbTxnManager: Opened txnid:3
2024-04-24T01:10:01,304  INFO [main] HiveMetaStore.audit: ugi=alex	ip=unknown-ip-addr	cmd=get_table : tbl=hive.default.acidTbl2	
2024-04-24T01:10:01,306  INFO [main] ql.Driver: Semantic Analysis Completed (retrial = false)
2024-04-24T01:10:01,307  INFO [main] ql.Driver: Created Hive schema: Schema(fieldSchemas:null, properties:null)
2024-04-24T01:10:01,307  INFO [main] metadata.Hive: Dumping metastore api call timing information for : compilation phase
2024-04-24T01:10:01,307  INFO [main] metadata.Hive: Total time spent in each metastore function (ms): {commitTxn_(CommitTxnRequest)=10, isCompatibleWith_(Configuration)=1, flushCache_()=0, getValidTxns_(long)=0, openTxn_(String, TxnType)=1}
2024-04-24T01:10:01,307  INFO [main] ql.Driver: Completed compiling command(queryId=alex_20240424011001_160adde8-748c-41e7-a1ba-ab560251218f); Time taken: 0.006 seconds
2024-04-24T01:10:01,307  INFO [main] lockmgr.DbTxnManager: Setting lock request transaction to txnid:3 for queryId=alex_20240424011001_160adde8-748c-41e7-a1ba-ab560251218f
2024-04-24T01:10:01,307  INFO [main] ql.Driver: Operation DROPTABLE obtained 0 locks
2024-04-24T01:10:01,307  INFO [main] ql.Driver: Executing command(queryId=alex_20240424011001_160adde8-748c-41e7-a1ba-ab560251218f): drop table if exists acidTbl2
2024-04-24T01:10:01,308  INFO [main] ql.Driver: Starting task [Stage-0:DDL] in serial mode
2024-04-24T01:10:01,308  INFO [main] HiveMetaStore.audit: ugi=alex	ip=unknown-ip-addr	cmd=get_table : tbl=hive.default.acidTbl2	
2024-04-24T01:10:01,310  INFO [main] metadata.Hive: Dumping metastore api call timing information for : execution phase
2024-04-24T01:10:01,311  INFO [main] metadata.Hive: Total time spent in each metastore function (ms): {isCompatibleWith_(Configuration)=0}
2024-04-24T01:10:01,311  INFO [main] ql.Driver: Completed executing command(queryId=alex_20240424011001_160adde8-748c-41e7-a1ba-ab560251218f); Time taken: 0.003 seconds
2024-04-24T01:10:01,311  INFO [main] lockmgr.DbTxnManager: Stopped heartbeat for query: alex_20240424011001_160adde8-748c-41e7-a1ba-ab560251218f
2024-04-24T01:10:01,316  INFO [main] txn.TxnHandler: Expected to move at least one record from txn_components to completed_txn_components when committing txn! txnid:3
2024-04-24T01:10:01,321  INFO [main] txn.TxnHandler: Removed transactions: ([3]) from MIN_HISTORY_LEVEL
2024-04-24T01:10:01,321  WARN [main] txn.CompactionTxnHandler: No compaction queue record found for Compaction type transaction commit. txnId:3
2024-04-24T01:10:01,321  INFO [main] ql.TxnCommandsBaseForTests: Running the query: drop table if exists nonAcidOrcTbl
2024-04-24T01:10:01,322  INFO [main] ql.Driver: Compiling command(queryId=alex_20240424011001_53dc3094-3a90-4df4-976e-8a2d5960179e): drop table if exists nonAcidOrcTbl
2024-04-24T01:10:01,324  INFO [main] txn.TxnHandler: Added entries to MIN_HISTORY_LEVEL for current txns: ([4]) with min_open_txn: 1
2024-04-24T01:10:01,324  INFO [main] lockmgr.DbTxnManager: Opened txnid:4
2024-04-24T01:10:01,325  INFO [main] HiveMetaStore.audit: ugi=alex	ip=unknown-ip-addr	cmd=get_table : tbl=hive.default.nonAcidOrcTbl	
2024-04-24T01:10:01,327  INFO [main] ql.Driver: Semantic Analysis Completed (retrial = false)
2024-04-24T01:10:01,327  INFO [main] ql.Driver: Created Hive schema: Schema(fieldSchemas:null, properties:null)
2024-04-24T01:10:01,327  INFO [main] metadata.Hive: Dumping metastore api call timing information for : compilation phase
2024-04-24T01:10:01,327  INFO [main] metadata.Hive: Total time spent in each metastore function (ms): {openTxn_(String, TxnType)=2, flushCache_()=0, getValidTxns_(long)=0, commitTxn_(CommitTxnRequest)=10, isCompatibleWith_(Configuration)=0}
2024-04-24T01:10:01,328  INFO [main] ql.Driver: Completed compiling command(queryId=alex_20240424011001_53dc3094-3a90-4df4-976e-8a2d5960179e); Time taken: 0.005 seconds
2024-04-24T01:10:01,328  INFO [main] lockmgr.DbTxnManager: Setting lock request transaction to txnid:4 for queryId=alex_20240424011001_53dc3094-3a90-4df4-976e-8a2d5960179e
2024-04-24T01:10:01,328  INFO [main] ql.Driver: Operation DROPTABLE obtained 0 locks
2024-04-24T01:10:01,328  INFO [main] ql.Driver: Executing command(queryId=alex_20240424011001_53dc3094-3a90-4df4-976e-8a2d5960179e): drop table if exists nonAcidOrcTbl
2024-04-24T01:10:01,328  INFO [main] ql.Driver: Starting task [Stage-0:DDL] in serial mode
2024-04-24T01:10:01,328  INFO [main] HiveMetaStore.audit: ugi=alex	ip=unknown-ip-addr	cmd=get_table : tbl=hive.default.nonAcidOrcTbl	
2024-04-24T01:10:01,331  INFO [main] metadata.Hive: Dumping metastore api call timing information for : execution phase
2024-04-24T01:10:01,331  INFO [main] metadata.Hive: Total time spent in each metastore function (ms): {isCompatibleWith_(Configuration)=0}
2024-04-24T01:10:01,331  INFO [main] ql.Driver: Completed executing command(queryId=alex_20240424011001_53dc3094-3a90-4df4-976e-8a2d5960179e); Time taken: 0.003 seconds
2024-04-24T01:10:01,331  INFO [main] lockmgr.DbTxnManager: Stopped heartbeat for query: alex_20240424011001_53dc3094-3a90-4df4-976e-8a2d5960179e
2024-04-24T01:10:01,336  INFO [main] txn.TxnHandler: Expected to move at least one record from txn_components to completed_txn_components when committing txn! txnid:4
2024-04-24T01:10:01,341  INFO [main] txn.TxnHandler: Removed transactions: ([4]) from MIN_HISTORY_LEVEL
2024-04-24T01:10:01,341  WARN [main] txn.CompactionTxnHandler: No compaction queue record found for Compaction type transaction commit. txnId:4
2024-04-24T01:10:01,342  INFO [main] ql.TxnCommandsBaseForTests: Running the query: drop table if exists nonAcidOrcTbl2
2024-04-24T01:10:01,342  INFO [main] ql.Driver: Compiling command(queryId=alex_20240424011001_a41cdca2-5ae6-4903-8a49-d61cd993a03a): drop table if exists nonAcidOrcTbl2
2024-04-24T01:10:01,344  INFO [main] txn.TxnHandler: Added entries to MIN_HISTORY_LEVEL for current txns: ([5]) with min_open_txn: 1
2024-04-24T01:10:01,344  INFO [main] lockmgr.DbTxnManager: Opened txnid:5
2024-04-24T01:10:01,344  INFO [main] HiveMetaStore.audit: ugi=alex	ip=unknown-ip-addr	cmd=get_table : tbl=hive.default.nonAcidOrcTbl2	
2024-04-24T01:10:01,347  INFO [main] ql.Driver: Semantic Analysis Completed (retrial = false)
2024-04-24T01:10:01,347  INFO [main] ql.Driver: Created Hive schema: Schema(fieldSchemas:null, properties:null)
2024-04-24T01:10:01,347  INFO [main] metadata.Hive: Dumping metastore api call timing information for : compilation phase
2024-04-24T01:10:01,347  INFO [main] metadata.Hive: Total time spent in each metastore function (ms): {flushCache_()=0, isCompatibleWith_(Configuration)=1, commitTxn_(CommitTxnRequest)=9, getValidTxns_(long)=0, openTxn_(String, TxnType)=2}
2024-04-24T01:10:01,347  INFO [main] ql.Driver: Completed compiling command(queryId=alex_20240424011001_a41cdca2-5ae6-4903-8a49-d61cd993a03a); Time taken: 0.005 seconds
2024-04-24T01:10:01,348  INFO [main] lockmgr.DbTxnManager: Setting lock request transaction to txnid:5 for queryId=alex_20240424011001_a41cdca2-5ae6-4903-8a49-d61cd993a03a
2024-04-24T01:10:01,348  INFO [main] ql.Driver: Operation DROPTABLE obtained 0 locks
2024-04-24T01:10:01,348  INFO [main] ql.Driver: Executing command(queryId=alex_20240424011001_a41cdca2-5ae6-4903-8a49-d61cd993a03a): drop table if exists nonAcidOrcTbl2
2024-04-24T01:10:01,348  INFO [main] ql.Driver: Starting task [Stage-0:DDL] in serial mode
2024-04-24T01:10:01,348  INFO [main] HiveMetaStore.audit: ugi=alex	ip=unknown-ip-addr	cmd=get_table : tbl=hive.default.nonAcidOrcTbl2	
2024-04-24T01:10:01,351  INFO [main] metadata.Hive: Dumping metastore api call timing information for : execution phase
2024-04-24T01:10:01,351  INFO [main] metadata.Hive: Total time spent in each metastore function (ms): {isCompatibleWith_(Configuration)=0}
2024-04-24T01:10:01,351  INFO [main] ql.Driver: Completed executing command(queryId=alex_20240424011001_a41cdca2-5ae6-4903-8a49-d61cd993a03a); Time taken: 0.003 seconds
2024-04-24T01:10:01,351  INFO [main] lockmgr.DbTxnManager: Stopped heartbeat for query: alex_20240424011001_a41cdca2-5ae6-4903-8a49-d61cd993a03a
2024-04-24T01:10:01,355  INFO [main] txn.TxnHandler: Expected to move at least one record from txn_components to completed_txn_components when committing txn! txnid:5
2024-04-24T01:10:01,360  INFO [main] txn.TxnHandler: Removed transactions: ([5]) from MIN_HISTORY_LEVEL
2024-04-24T01:10:01,360  WARN [main] txn.CompactionTxnHandler: No compaction queue record found for Compaction type transaction commit. txnId:5
2024-04-24T01:10:01,361  INFO [main] ql.TxnCommandsBaseForTests: Running the query: drop table if exists nonAcidNonBucket
2024-04-24T01:10:01,361  INFO [main] ql.Driver: Compiling command(queryId=alex_20240424011001_b1422a81-d548-412e-b553-f6f87a2b3450): drop table if exists nonAcidNonBucket
2024-04-24T01:10:01,363  INFO [main] txn.TxnHandler: Added entries to MIN_HISTORY_LEVEL for current txns: ([6]) with min_open_txn: 1
2024-04-24T01:10:01,363  INFO [main] lockmgr.DbTxnManager: Opened txnid:6
2024-04-24T01:10:01,364  INFO [main] HiveMetaStore.audit: ugi=alex	ip=unknown-ip-addr	cmd=get_table : tbl=hive.default.nonAcidNonBucket	
2024-04-24T01:10:01,366  INFO [main] ql.Driver: Semantic Analysis Completed (retrial = false)
2024-04-24T01:10:01,366  INFO [main] ql.Driver: Created Hive schema: Schema(fieldSchemas:null, properties:null)
2024-04-24T01:10:01,366  INFO [main] metadata.Hive: Dumping metastore api call timing information for : compilation phase
2024-04-24T01:10:01,367  INFO [main] metadata.Hive: Total time spent in each metastore function (ms): {getValidTxns_(long)=1, flushCache_()=0, commitTxn_(CommitTxnRequest)=10, isCompatibleWith_(Configuration)=0, openTxn_(String, TxnType)=1}
2024-04-24T01:10:01,367  INFO [main] ql.Driver: Completed compiling command(queryId=alex_20240424011001_b1422a81-d548-412e-b553-f6f87a2b3450); Time taken: 0.005 seconds
2024-04-24T01:10:01,367  INFO [main] lockmgr.DbTxnManager: Setting lock request transaction to txnid:6 for queryId=alex_20240424011001_b1422a81-d548-412e-b553-f6f87a2b3450
2024-04-24T01:10:01,367  INFO [main] ql.Driver: Operation DROPTABLE obtained 0 locks
2024-04-24T01:10:01,367  INFO [main] ql.Driver: Executing command(queryId=alex_20240424011001_b1422a81-d548-412e-b553-f6f87a2b3450): drop table if exists nonAcidNonBucket
2024-04-24T01:10:01,367  INFO [main] ql.Driver: Starting task [Stage-0:DDL] in serial mode
2024-04-24T01:10:01,367  INFO [main] HiveMetaStore.audit: ugi=alex	ip=unknown-ip-addr	cmd=get_table : tbl=hive.default.nonAcidNonBucket	
2024-04-24T01:10:01,370  INFO [main] metadata.Hive: Dumping metastore api call timing information for : execution phase
2024-04-24T01:10:01,370  INFO [main] metadata.Hive: Total time spent in each metastore function (ms): {isCompatibleWith_(Configuration)=0}
2024-04-24T01:10:01,370  INFO [main] ql.Driver: Completed executing command(queryId=alex_20240424011001_b1422a81-d548-412e-b553-f6f87a2b3450); Time taken: 0.003 seconds
2024-04-24T01:10:01,370  INFO [main] lockmgr.DbTxnManager: Stopped heartbeat for query: alex_20240424011001_b1422a81-d548-412e-b553-f6f87a2b3450
2024-04-24T01:10:01,375  INFO [main] txn.TxnHandler: Expected to move at least one record from txn_components to completed_txn_components when committing txn! txnid:6
2024-04-24T01:10:01,380  INFO [main] txn.TxnHandler: Removed transactions: ([6]) from MIN_HISTORY_LEVEL
2024-04-24T01:10:01,380  WARN [main] txn.CompactionTxnHandler: No compaction queue record found for Compaction type transaction commit. txnId:6
2024-04-24T01:10:01,381  INFO [main] ql.TxnCommandsBaseForTests: Running the query: create table acidTbl(a int, b int) clustered by (a) into 2 buckets stored as orc TBLPROPERTIES ('transactional'='true')
2024-04-24T01:10:01,381  INFO [main] ql.Driver: Compiling command(queryId=alex_20240424011001_226df09f-5ccf-4df4-96d7-b4f7994ef31b): create table acidTbl(a int, b int) clustered by (a) into 2 buckets stored as orc TBLPROPERTIES ('transactional'='true')
2024-04-24T01:10:01,383  INFO [main] txn.TxnHandler: Added entries to MIN_HISTORY_LEVEL for current txns: ([7]) with min_open_txn: 1
2024-04-24T01:10:01,384  INFO [main] lockmgr.DbTxnManager: Opened txnid:7
2024-04-24T01:10:01,384  INFO [main] parse.CalcitePlanner: Starting caching scope for: 
2024-04-24T01:10:01,384  INFO [main] parse.CalcitePlanner: Starting Semantic Analysis
2024-04-24T01:10:01,389  INFO [main] parse.CalcitePlanner: Creating table default.acidTbl position=13
2024-04-24T01:10:01,389  INFO [main] HiveMetaStore.audit: ugi=alex	ip=unknown-ip-addr	cmd=get_database: default	
2024-04-24T01:10:01,391  INFO [main] parse.CalcitePlanner: Ending caching scope for: 
2024-04-24T01:10:01,391  INFO [main] ql.Driver: Semantic Analysis Completed (retrial = false)
2024-04-24T01:10:01,391  INFO [main] ql.Driver: Created Hive schema: Schema(fieldSchemas:null, properties:null)
2024-04-24T01:10:01,391  INFO [main] metadata.Hive: Dumping metastore api call timing information for : compilation phase
2024-04-24T01:10:01,391  INFO [main] metadata.Hive: Total time spent in each metastore function (ms): {openTxn_(String, TxnType)=1, getValidWriteIds_(List, String)=5, commitTxn_(CommitTxnRequest)=10, getValidTxns_(long)=0, getDatabase_(String)=2, isCompatibleWith_(Configuration)=0, flushCache_()=0}
2024-04-24T01:10:01,391  INFO [main] ql.Driver: Completed compiling command(queryId=alex_20240424011001_226df09f-5ccf-4df4-96d7-b4f7994ef31b); Time taken: 0.01 seconds
2024-04-24T01:10:01,391  INFO [main] lockmgr.DbTxnManager: Setting lock request transaction to txnid:7 for queryId=alex_20240424011001_226df09f-5ccf-4df4-96d7-b4f7994ef31b
2024-04-24T01:10:01,392  INFO [main] lockmgr.DbLockManager: Requesting lock for queryId=alex_20240424011001_226df09f-5ccf-4df4-96d7-b4f7994ef31b
2024-04-24T01:10:01,408  INFO [main] lockmgr.DbLockManager: Response to queryId=alex_20240424011001_226df09f-5ccf-4df4-96d7-b4f7994ef31b LockResponse(lockid:1, state:ACQUIRED)
2024-04-24T01:10:01,408  INFO [main] ql.Driver: Operation CREATETABLE obtained 1 locks
2024-04-24T01:10:01,409  INFO [main] ql.Driver: Executing command(queryId=alex_20240424011001_226df09f-5ccf-4df4-96d7-b4f7994ef31b): create table acidTbl(a int, b int) clustered by (a) into 2 buckets stored as orc TBLPROPERTIES ('transactional'='true')
2024-04-24T01:10:01,409  INFO [main] ql.Driver: Starting task [Stage-0:DDL] in serial mode
2024-04-24T01:10:01,410  INFO [main] HiveMetaStore.audit: ugi=alex	ip=unknown-ip-addr	cmd=create_table_req: Table(tableName:acidTbl, dbName:default, owner:alex, createTime:1713946201, lastAccessTime:0, retention:0, sd:StorageDescriptor(cols:[FieldSchema(name:a, type:int, comment:null), FieldSchema(name:b, type:int, comment:null)], location:null, inputFormat:org.apache.hadoop.hive.ql.io.orc.OrcInputFormat, outputFormat:org.apache.hadoop.hive.ql.io.orc.OrcOutputFormat, compressed:false, numBuckets:2, serdeInfo:SerDeInfo(name:null, serializationLib:org.apache.hadoop.hive.ql.io.orc.OrcSerde, parameters:{serialization.format=1}), bucketCols:[a], sortCols:[], parameters:{}, skewedInfo:SkewedInfo(skewedColNames:[], skewedColValues:[], skewedColValueLocationMaps:{}), storedAsSubDirectories:false), partitionKeys:[], parameters:{rawDataSize=0, totalSize=0, transactional=true, numFilesErasureCoded=0, COLUMN_STATS_ACCURATE={"BASIC_STATS":"true","COLUMN_STATS":{"a":"true","b":"true"}}, numRows=0, bucketing_version=2, numFiles=0}, viewOriginalText:null, viewExpandedText:null, tableType:MANAGED_TABLE, privileges:PrincipalPrivilegeSet(userPrivileges:{alex=[PrivilegeGrantInfo(privilege:INSERT, createTime:-1, grantor:alex, grantorType:USER, grantOption:true), PrivilegeGrantInfo(privilege:SELECT, createTime:-1, grantor:alex, grantorType:USER, grantOption:true), PrivilegeGrantInfo(privilege:UPDATE, createTime:-1, grantor:alex, grantorType:USER, grantOption:true), PrivilegeGrantInfo(privilege:DELETE, createTime:-1, grantor:alex, grantorType:USER, grantOption:true)]}, groupPrivileges:null, rolePrivileges:null), temporary:false, catName:hive, ownerType:USER, writeId:0)	
2024-04-24T01:10:01,417  INFO [main] utils.FileUtils: Creating directory if it doesn't exist: file:/home/alex/Repositories/hive/ql/target/tmp/org.apache.hadoop.hive.ql.TestTxnCommands-1713946100941/warehouse/acidtbl
2024-04-24T01:10:01,448  INFO [main] metadata.Hive: Dumping metastore api call timing information for : execution phase
2024-04-24T01:10:01,448  INFO [main] metadata.Hive: Total time spent in each metastore function (ms): {isCompatibleWith_(Configuration)=0, createTable_(Table)=38}
2024-04-24T01:10:01,448  INFO [main] ql.Driver: Completed executing command(queryId=alex_20240424011001_226df09f-5ccf-4df4-96d7-b4f7994ef31b); Time taken: 0.039 seconds
2024-04-24T01:10:01,449  INFO [main] lockmgr.DbTxnManager: Stopped heartbeat for query: alex_20240424011001_226df09f-5ccf-4df4-96d7-b4f7994ef31b
2024-04-24T01:10:01,452  INFO [main] txn.TxnHandler: Expected to move at least one record from txn_components to completed_txn_components when committing txn! txnid:7
2024-04-24T01:10:01,457  INFO [main] txn.TxnHandler: Removed transactions: ([7]) from MIN_HISTORY_LEVEL
2024-04-24T01:10:01,458  WARN [main] txn.CompactionTxnHandler: No compaction queue record found for Compaction type transaction commit. txnId:7
2024-04-24T01:10:01,459  INFO [main] ql.TxnCommandsBaseForTests: Running the query: create table acidTblPart(a int, b int) partitioned by (p string) clustered by (a) into 2 buckets stored as orc TBLPROPERTIES ('transactional'='true')
2024-04-24T01:10:01,459  INFO [main] ql.Driver: Compiling command(queryId=alex_20240424011001_351ca3e8-db81-48b7-b95c-3ebc1351dfa0): create table acidTblPart(a int, b int) partitioned by (p string) clustered by (a) into 2 buckets stored as orc TBLPROPERTIES ('transactional'='true')
2024-04-24T01:10:01,462  INFO [main] txn.TxnHandler: Added entries to MIN_HISTORY_LEVEL for current txns: ([8]) with min_open_txn: 1
2024-04-24T01:10:01,462  INFO [main] lockmgr.DbTxnManager: Opened txnid:8
2024-04-24T01:10:01,463  INFO [main] parse.CalcitePlanner: Starting caching scope for: 
2024-04-24T01:10:01,463  INFO [main] parse.CalcitePlanner: Starting Semantic Analysis
2024-04-24T01:10:01,466  INFO [main] parse.CalcitePlanner: Creating table default.acidTblPart position=13
2024-04-24T01:10:01,466  INFO [main] HiveMetaStore.audit: ugi=alex	ip=unknown-ip-addr	cmd=get_database: default	
2024-04-24T01:10:01,469  INFO [main] parse.CalcitePlanner: Ending caching scope for: 
2024-04-24T01:10:01,469  INFO [main] ql.Driver: Semantic Analysis Completed (retrial = false)
2024-04-24T01:10:01,469  INFO [main] ql.Driver: Created Hive schema: Schema(fieldSchemas:null, properties:null)
2024-04-24T01:10:01,469  INFO [main] metadata.Hive: Dumping metastore api call timing information for : compilation phase
2024-04-24T01:10:01,469  INFO [main] metadata.Hive: Total time spent in each metastore function (ms): {getValidTxns_(long)=0, commitTxn_(CommitTxnRequest)=9, openTxn_(String, TxnType)=2, getValidWriteIds_(List, String)=3, getDatabase_(String)=2, isCompatibleWith_(Configuration)=0, flushCache_()=0}
2024-04-24T01:10:01,469  INFO [main] ql.Driver: Completed compiling command(queryId=alex_20240424011001_351ca3e8-db81-48b7-b95c-3ebc1351dfa0); Time taken: 0.01 seconds
2024-04-24T01:10:01,470  INFO [main] lockmgr.DbTxnManager: Setting lock request transaction to txnid:8 for queryId=alex_20240424011001_351ca3e8-db81-48b7-b95c-3ebc1351dfa0
2024-04-24T01:10:01,470  INFO [main] lockmgr.DbLockManager: Requesting lock for queryId=alex_20240424011001_351ca3e8-db81-48b7-b95c-3ebc1351dfa0
2024-04-24T01:10:01,483  INFO [main] lockmgr.DbLockManager: Response to queryId=alex_20240424011001_351ca3e8-db81-48b7-b95c-3ebc1351dfa0 LockResponse(lockid:2, state:ACQUIRED)
2024-04-24T01:10:01,483  INFO [main] ql.Driver: Operation CREATETABLE obtained 1 locks
2024-04-24T01:10:01,484  INFO [main] ql.Driver: Executing command(queryId=alex_20240424011001_351ca3e8-db81-48b7-b95c-3ebc1351dfa0): create table acidTblPart(a int, b int) partitioned by (p string) clustered by (a) into 2 buckets stored as orc TBLPROPERTIES ('transactional'='true')
2024-04-24T01:10:01,484  INFO [main] ql.Driver: Starting task [Stage-0:DDL] in serial mode
2024-04-24T01:10:01,485  INFO [main] HiveMetaStore.audit: ugi=alex	ip=unknown-ip-addr	cmd=create_table_req: Table(tableName:acidTblPart, dbName:default, owner:alex, createTime:1713946201, lastAccessTime:0, retention:0, sd:StorageDescriptor(cols:[FieldSchema(name:a, type:int, comment:null), FieldSchema(name:b, type:int, comment:null)], location:null, inputFormat:org.apache.hadoop.hive.ql.io.orc.OrcInputFormat, outputFormat:org.apache.hadoop.hive.ql.io.orc.OrcOutputFormat, compressed:false, numBuckets:2, serdeInfo:SerDeInfo(name:null, serializationLib:org.apache.hadoop.hive.ql.io.orc.OrcSerde, parameters:{serialization.format=1}), bucketCols:[a], sortCols:[], parameters:{}, skewedInfo:SkewedInfo(skewedColNames:[], skewedColValues:[], skewedColValueLocationMaps:{}), storedAsSubDirectories:false), partitionKeys:[FieldSchema(name:p, type:string, comment:null)], parameters:{bucketing_version=2, transactional=true}, viewOriginalText:null, viewExpandedText:null, tableType:MANAGED_TABLE, privileges:PrincipalPrivilegeSet(userPrivileges:{alex=[PrivilegeGrantInfo(privilege:INSERT, createTime:-1, grantor:alex, grantorType:USER, grantOption:true), PrivilegeGrantInfo(privilege:SELECT, createTime:-1, grantor:alex, grantorType:USER, grantOption:true), PrivilegeGrantInfo(privilege:UPDATE, createTime:-1, grantor:alex, grantorType:USER, grantOption:true), PrivilegeGrantInfo(privilege:DELETE, createTime:-1, grantor:alex, grantorType:USER, grantOption:true)]}, groupPrivileges:null, rolePrivileges:null), temporary:false, catName:hive, ownerType:USER, writeId:0)	
2024-04-24T01:10:01,491  INFO [main] utils.FileUtils: Creating directory if it doesn't exist: file:/home/alex/Repositories/hive/ql/target/tmp/org.apache.hadoop.hive.ql.TestTxnCommands-1713946100941/warehouse/acidtblpart
2024-04-24T01:10:01,505  INFO [main] metadata.Hive: Dumping metastore api call timing information for : execution phase
2024-04-24T01:10:01,505  INFO [main] metadata.Hive: Total time spent in each metastore function (ms): {isCompatibleWith_(Configuration)=0, createTable_(Table)=19}
2024-04-24T01:10:01,505  INFO [main] ql.Driver: Completed executing command(queryId=alex_20240424011001_351ca3e8-db81-48b7-b95c-3ebc1351dfa0); Time taken: 0.02 seconds
2024-04-24T01:10:01,505  INFO [main] lockmgr.DbTxnManager: Stopped heartbeat for query: alex_20240424011001_351ca3e8-db81-48b7-b95c-3ebc1351dfa0
2024-04-24T01:10:01,508  INFO [main] txn.TxnHandler: Expected to move at least one record from txn_components to completed_txn_components when committing txn! txnid:8
2024-04-24T01:10:01,513  INFO [main] txn.TxnHandler: Removed transactions: ([8]) from MIN_HISTORY_LEVEL
2024-04-24T01:10:01,513  WARN [main] txn.CompactionTxnHandler: No compaction queue record found for Compaction type transaction commit. txnId:8
2024-04-24T01:10:01,514  INFO [main] ql.TxnCommandsBaseForTests: Running the query: create table nonAcidOrcTbl(a int, b int) clustered by (a) into 2 buckets stored as orc TBLPROPERTIES ('transactional'='false')
2024-04-24T01:10:01,514  INFO [main] ql.Driver: Compiling command(queryId=alex_20240424011001_a0a4d63b-311d-47b1-8e39-42913dcbd16c): create table nonAcidOrcTbl(a int, b int) clustered by (a) into 2 buckets stored as orc TBLPROPERTIES ('transactional'='false')
2024-04-24T01:10:01,516  INFO [main] txn.TxnHandler: Added entries to MIN_HISTORY_LEVEL for current txns: ([9]) with min_open_txn: 1
2024-04-24T01:10:01,516  INFO [main] lockmgr.DbTxnManager: Opened txnid:9
2024-04-24T01:10:01,517  INFO [main] parse.CalcitePlanner: Starting caching scope for: 
2024-04-24T01:10:01,517  INFO [main] parse.CalcitePlanner: Starting Semantic Analysis
2024-04-24T01:10:01,520  INFO [main] parse.CalcitePlanner: Creating table default.nonAcidOrcTbl position=13
2024-04-24T01:10:01,520  INFO [main] HiveMetaStore.audit: ugi=alex	ip=unknown-ip-addr	cmd=get_database: default	
2024-04-24T01:10:01,521  INFO [main] parse.CalcitePlanner: Ending caching scope for: 
2024-04-24T01:10:01,521  INFO [main] ql.Driver: Semantic Analysis Completed (retrial = false)
2024-04-24T01:10:01,521  INFO [main] ql.Driver: Created Hive schema: Schema(fieldSchemas:null, properties:null)
2024-04-24T01:10:01,521  INFO [main] metadata.Hive: Dumping metastore api call timing information for : compilation phase
2024-04-24T01:10:01,522  INFO [main] metadata.Hive: Total time spent in each metastore function (ms): {getValidTxns_(long)=0, getDatabase_(String)=1, commitTxn_(CommitTxnRequest)=9, openTxn_(String, TxnType)=1, getValidWriteIds_(List, String)=3, isCompatibleWith_(Configuration)=0, flushCache_()=0}
2024-04-24T01:10:01,522  INFO [main] ql.Driver: Completed compiling command(queryId=alex_20240424011001_a0a4d63b-311d-47b1-8e39-42913dcbd16c); Time taken: 0.007 seconds
2024-04-24T01:10:01,522  INFO [main] lockmgr.DbTxnManager: Setting lock request transaction to txnid:9 for queryId=alex_20240424011001_a0a4d63b-311d-47b1-8e39-42913dcbd16c
2024-04-24T01:10:01,522  INFO [main] lockmgr.DbLockManager: Requesting lock for queryId=alex_20240424011001_a0a4d63b-311d-47b1-8e39-42913dcbd16c
2024-04-24T01:10:01,535  INFO [main] lockmgr.DbLockManager: Response to queryId=alex_20240424011001_a0a4d63b-311d-47b1-8e39-42913dcbd16c LockResponse(lockid:3, state:ACQUIRED)
2024-04-24T01:10:01,535  INFO [main] ql.Driver: Operation CREATETABLE obtained 1 locks
2024-04-24T01:10:01,535  INFO [main] ql.Driver: Executing command(queryId=alex_20240424011001_a0a4d63b-311d-47b1-8e39-42913dcbd16c): create table nonAcidOrcTbl(a int, b int) clustered by (a) into 2 buckets stored as orc TBLPROPERTIES ('transactional'='false')
2024-04-24T01:10:01,535  INFO [main] ql.Driver: Starting task [Stage-0:DDL] in serial mode
2024-04-24T01:10:01,536  INFO [main] HiveMetaStore.audit: ugi=alex	ip=unknown-ip-addr	cmd=create_table_req: Table(tableName:nonAcidOrcTbl, dbName:default, owner:alex, createTime:1713946201, lastAccessTime:0, retention:0, sd:StorageDescriptor(cols:[FieldSchema(name:a, type:int, comment:null), FieldSchema(name:b, type:int, comment:null)], location:null, inputFormat:org.apache.hadoop.hive.ql.io.orc.OrcInputFormat, outputFormat:org.apache.hadoop.hive.ql.io.orc.OrcOutputFormat, compressed:false, numBuckets:2, serdeInfo:SerDeInfo(name:null, serializationLib:org.apache.hadoop.hive.ql.io.orc.OrcSerde, parameters:{serialization.format=1}), bucketCols:[a], sortCols:[], parameters:{}, skewedInfo:SkewedInfo(skewedColNames:[], skewedColValues:[], skewedColValueLocationMaps:{}), storedAsSubDirectories:false), partitionKeys:[], parameters:{bucketing_version=2, transactional=false, rawDataSize=0, totalSize=0, numFilesErasureCoded=0, numFiles=0, numRows=0, COLUMN_STATS_ACCURATE={"BASIC_STATS":"true","COLUMN_STATS":{"a":"true","b":"true"}}}, viewOriginalText:null, viewExpandedText:null, tableType:MANAGED_TABLE, privileges:PrincipalPrivilegeSet(userPrivileges:{alex=[PrivilegeGrantInfo(privilege:INSERT, createTime:-1, grantor:alex, grantorType:USER, grantOption:true), PrivilegeGrantInfo(privilege:SELECT, createTime:-1, grantor:alex, grantorType:USER, grantOption:true), PrivilegeGrantInfo(privilege:UPDATE, createTime:-1, grantor:alex, grantorType:USER, grantOption:true), PrivilegeGrantInfo(privilege:DELETE, createTime:-1, grantor:alex, grantorType:USER, grantOption:true)]}, groupPrivileges:null, rolePrivileges:null), temporary:false, catName:hive, ownerType:USER)	
2024-04-24T01:10:01,544  INFO [main] utils.FileUtils: Creating directory if it doesn't exist: file:/home/alex/Repositories/hive/ql/target/tmp/org.apache.hadoop.hive.ql.TestTxnCommands-1713946100941/warehouse/nonacidorctbl
2024-04-24T01:10:01,562  INFO [main] metadata.Hive: Dumping metastore api call timing information for : execution phase
2024-04-24T01:10:01,562  INFO [main] metadata.Hive: Total time spent in each metastore function (ms): {createTable_(Table)=26, isCompatibleWith_(Configuration)=0}
2024-04-24T01:10:01,562  INFO [main] ql.Driver: Completed executing command(queryId=alex_20240424011001_a0a4d63b-311d-47b1-8e39-42913dcbd16c); Time taken: 0.027 seconds
2024-04-24T01:10:01,562  INFO [main] lockmgr.DbTxnManager: Stopped heartbeat for query: alex_20240424011001_a0a4d63b-311d-47b1-8e39-42913dcbd16c
2024-04-24T01:10:01,566  INFO [main] txn.TxnHandler: Expected to move at least one record from txn_components to completed_txn_components when committing txn! txnid:9
2024-04-24T01:10:01,572  INFO [main] txn.TxnHandler: Removed transactions: ([9]) from MIN_HISTORY_LEVEL
2024-04-24T01:10:01,572  WARN [main] txn.CompactionTxnHandler: No compaction queue record found for Compaction type transaction commit. txnId:9
2024-04-24T01:10:01,572  INFO [main] ql.TxnCommandsBaseForTests: Running the query: create table nonAcidOrcTbl2(a int, b int) clustered by (a) into 2 buckets stored as orc TBLPROPERTIES ('transactional'='false')
2024-04-24T01:10:01,573  INFO [main] ql.Driver: Compiling command(queryId=alex_20240424011001_3612bc6f-dbc4-40c6-9599-56e722c301f6): create table nonAcidOrcTbl2(a int, b int) clustered by (a) into 2 buckets stored as orc TBLPROPERTIES ('transactional'='false')
2024-04-24T01:10:01,575  INFO [main] txn.TxnHandler: Added entries to MIN_HISTORY_LEVEL for current txns: ([10]) with min_open_txn: 1
2024-04-24T01:10:01,575  INFO [main] lockmgr.DbTxnManager: Opened txnid:10
2024-04-24T01:10:01,576  INFO [main] parse.CalcitePlanner: Starting caching scope for: 
2024-04-24T01:10:01,576  INFO [main] parse.CalcitePlanner: Starting Semantic Analysis
2024-04-24T01:10:01,578  INFO [main] parse.CalcitePlanner: Creating table default.nonAcidOrcTbl2 position=13
2024-04-24T01:10:01,578  INFO [main] HiveMetaStore.audit: ugi=alex	ip=unknown-ip-addr	cmd=get_database: default	
2024-04-24T01:10:01,580  INFO [main] parse.CalcitePlanner: Ending caching scope for: 
2024-04-24T01:10:01,580  INFO [main] ql.Driver: Semantic Analysis Completed (retrial = false)
2024-04-24T01:10:01,580  INFO [main] ql.Driver: Created Hive schema: Schema(fieldSchemas:null, properties:null)
2024-04-24T01:10:01,580  INFO [main] metadata.Hive: Dumping metastore api call timing information for : compilation phase
2024-04-24T01:10:01,580  INFO [main] metadata.Hive: Total time spent in each metastore function (ms): {isCompatibleWith_(Configuration)=1, flushCache_()=0, commitTxn_(CommitTxnRequest)=10, getValidWriteIds_(List, String)=2, getDatabase_(String)=2, getValidTxns_(long)=0, openTxn_(String, TxnType)=2}
2024-04-24T01:10:01,580  INFO [main] ql.Driver: Completed compiling command(queryId=alex_20240424011001_3612bc6f-dbc4-40c6-9599-56e722c301f6); Time taken: 0.007 seconds
2024-04-24T01:10:01,581  INFO [main] lockmgr.DbTxnManager: Setting lock request transaction to txnid:10 for queryId=alex_20240424011001_3612bc6f-dbc4-40c6-9599-56e722c301f6
2024-04-24T01:10:01,581  INFO [main] lockmgr.DbLockManager: Requesting lock for queryId=alex_20240424011001_3612bc6f-dbc4-40c6-9599-56e722c301f6
2024-04-24T01:10:01,594  INFO [main] lockmgr.DbLockManager: Response to queryId=alex_20240424011001_3612bc6f-dbc4-40c6-9599-56e722c301f6 LockResponse(lockid:4, state:ACQUIRED)
2024-04-24T01:10:01,594  INFO [main] ql.Driver: Operation CREATETABLE obtained 1 locks
2024-04-24T01:10:01,594  INFO [main] ql.Driver: Executing command(queryId=alex_20240424011001_3612bc6f-dbc4-40c6-9599-56e722c301f6): create table nonAcidOrcTbl2(a int, b int) clustered by (a) into 2 buckets stored as orc TBLPROPERTIES ('transactional'='false')
2024-04-24T01:10:01,594  INFO [main] ql.Driver: Starting task [Stage-0:DDL] in serial mode
2024-04-24T01:10:01,595  INFO [main] HiveMetaStore.audit: ugi=alex	ip=unknown-ip-addr	cmd=create_table_req: Table(tableName:nonAcidOrcTbl2, dbName:default, owner:alex, createTime:1713946201, lastAccessTime:0, retention:0, sd:StorageDescriptor(cols:[FieldSchema(name:a, type:int, comment:null), FieldSchema(name:b, type:int, comment:null)], location:null, inputFormat:org.apache.hadoop.hive.ql.io.orc.OrcInputFormat, outputFormat:org.apache.hadoop.hive.ql.io.orc.OrcOutputFormat, compressed:false, numBuckets:2, serdeInfo:SerDeInfo(name:null, serializationLib:org.apache.hadoop.hive.ql.io.orc.OrcSerde, parameters:{serialization.format=1}), bucketCols:[a], sortCols:[], parameters:{}, skewedInfo:SkewedInfo(skewedColNames:[], skewedColValues:[], skewedColValueLocationMaps:{}), storedAsSubDirectories:false), partitionKeys:[], parameters:{numFiles=0, rawDataSize=0, numFilesErasureCoded=0, COLUMN_STATS_ACCURATE={"BASIC_STATS":"true","COLUMN_STATS":{"a":"true","b":"true"}}, totalSize=0, numRows=0, bucketing_version=2, transactional=false}, viewOriginalText:null, viewExpandedText:null, tableType:MANAGED_TABLE, privileges:PrincipalPrivilegeSet(userPrivileges:{alex=[PrivilegeGrantInfo(privilege:INSERT, createTime:-1, grantor:alex, grantorType:USER, grantOption:true), PrivilegeGrantInfo(privilege:SELECT, createTime:-1, grantor:alex, grantorType:USER, grantOption:true), PrivilegeGrantInfo(privilege:UPDATE, createTime:-1, grantor:alex, grantorType:USER, grantOption:true), PrivilegeGrantInfo(privilege:DELETE, createTime:-1, grantor:alex, grantorType:USER, grantOption:true)]}, groupPrivileges:null, rolePrivileges:null), temporary:false, catName:hive, ownerType:USER)	
2024-04-24T01:10:01,600  INFO [main] utils.FileUtils: Creating directory if it doesn't exist: file:/home/alex/Repositories/hive/ql/target/tmp/org.apache.hadoop.hive.ql.TestTxnCommands-1713946100941/warehouse/nonacidorctbl2
2024-04-24T01:10:01,613  INFO [main] metadata.Hive: Dumping metastore api call timing information for : execution phase
2024-04-24T01:10:01,613  INFO [main] metadata.Hive: Total time spent in each metastore function (ms): {isCompatibleWith_(Configuration)=0, createTable_(Table)=17}
2024-04-24T01:10:01,613  INFO [main] ql.Driver: Completed executing command(queryId=alex_20240424011001_3612bc6f-dbc4-40c6-9599-56e722c301f6); Time taken: 0.019 seconds
2024-04-24T01:10:01,613  INFO [main] lockmgr.DbTxnManager: Stopped heartbeat for query: alex_20240424011001_3612bc6f-dbc4-40c6-9599-56e722c301f6
2024-04-24T01:10:01,617  INFO [main] txn.TxnHandler: Expected to move at least one record from txn_components to completed_txn_components when committing txn! txnid:10
2024-04-24T01:10:01,621  INFO [main] txn.TxnHandler: Removed transactions: ([10]) from MIN_HISTORY_LEVEL
2024-04-24T01:10:01,621  WARN [main] txn.CompactionTxnHandler: No compaction queue record found for Compaction type transaction commit. txnId:10
2024-04-24T01:10:01,622  INFO [main] ql.TxnCommandsBaseForTests: Running the query: create temporary  table acidTbl2(a int, b int, c int) clustered by (c) into 2 buckets stored as orc TBLPROPERTIES ('transactional'='true')
2024-04-24T01:10:01,622  INFO [main] ql.Driver: Compiling command(queryId=alex_20240424011001_59f39cc3-ae78-407f-b830-6c5358b96534): create temporary  table acidTbl2(a int, b int, c int) clustered by (c) into 2 buckets stored as orc TBLPROPERTIES ('transactional'='true')
2024-04-24T01:10:01,624  INFO [main] txn.TxnHandler: Added entries to MIN_HISTORY_LEVEL for current txns: ([11]) with min_open_txn: 1
2024-04-24T01:10:01,625  INFO [main] lockmgr.DbTxnManager: Opened txnid:11
2024-04-24T01:10:01,625  INFO [main] parse.CalcitePlanner: Starting caching scope for: 
2024-04-24T01:10:01,625  INFO [main] parse.CalcitePlanner: Starting Semantic Analysis
2024-04-24T01:10:01,627  INFO [main] parse.CalcitePlanner: Creating table default.acidTbl2 position=24
2024-04-24T01:10:01,628  INFO [main] HiveMetaStore.audit: ugi=alex	ip=unknown-ip-addr	cmd=get_database: default	
2024-04-24T01:10:01,629  INFO [main] parse.CalcitePlanner: Ending caching scope for: 
2024-04-24T01:10:01,629  INFO [main] ql.Driver: Semantic Analysis Completed (retrial = false)
2024-04-24T01:10:01,629  INFO [main] ql.Driver: Created Hive schema: Schema(fieldSchemas:null, properties:null)
2024-04-24T01:10:01,630  INFO [main] metadata.Hive: Dumping metastore api call timing information for : compilation phase
2024-04-24T01:10:01,630  INFO [main] metadata.Hive: Total time spent in each metastore function (ms): {getValidTxns_(long)=0, commitTxn_(CommitTxnRequest)=9, getDatabase_(String)=1, openTxn_(String, TxnType)=2, isCompatibleWith_(Configuration)=0, getValidWriteIds_(List, String)=2, flushCache_()=0}
2024-04-24T01:10:01,630  INFO [main] ql.Driver: Completed compiling command(queryId=alex_20240424011001_59f39cc3-ae78-407f-b830-6c5358b96534); Time taken: 0.008 seconds
2024-04-24T01:10:01,630  INFO [main] lockmgr.DbTxnManager: Setting lock request transaction to txnid:11 for queryId=alex_20240424011001_59f39cc3-ae78-407f-b830-6c5358b96534
2024-04-24T01:10:01,630  INFO [main] lockmgr.DbLockManager: Requesting lock for queryId=alex_20240424011001_59f39cc3-ae78-407f-b830-6c5358b96534
2024-04-24T01:10:01,643  INFO [main] lockmgr.DbLockManager: Response to queryId=alex_20240424011001_59f39cc3-ae78-407f-b830-6c5358b96534 LockResponse(lockid:5, state:ACQUIRED)
2024-04-24T01:10:01,643  INFO [main] ql.Driver: Operation CREATETABLE obtained 1 locks
2024-04-24T01:10:01,644  INFO [main] ql.Driver: Executing command(queryId=alex_20240424011001_59f39cc3-ae78-407f-b830-6c5358b96534): create temporary  table acidTbl2(a int, b int, c int) clustered by (c) into 2 buckets stored as orc TBLPROPERTIES ('transactional'='true')
2024-04-24T01:10:01,644  INFO [main] ql.Driver: Starting task [Stage-0:DDL] in serial mode
2024-04-24T01:10:01,645  INFO [main] utils.FileUtils: Creating directory if it doesn't exist: file:/home/alex/Repositories/hive/ql/target/tmp/scratchdir/alex/16cca959-a6b8-4c50-89b8-b845acc35263/_tmp_space.db/e313ce9e-40c3-4134-9e6d-41172127e299
2024-04-24T01:10:01,648  INFO [main] metadata.Hive: Dumping metastore api call timing information for : execution phase
2024-04-24T01:10:01,648  INFO [main] metadata.Hive: Total time spent in each metastore function (ms): {isCompatibleWith_(Configuration)=0, createTable_(Table)=2}
2024-04-24T01:10:01,648  INFO [main] ql.Driver: Completed executing command(queryId=alex_20240424011001_59f39cc3-ae78-407f-b830-6c5358b96534); Time taken: 0.005 seconds
2024-04-24T01:10:01,648  INFO [main] lockmgr.DbTxnManager: Stopped heartbeat for query: alex_20240424011001_59f39cc3-ae78-407f-b830-6c5358b96534
2024-04-24T01:10:01,652  INFO [main] txn.TxnHandler: Expected to move at least one record from txn_components to completed_txn_components when committing txn! txnid:11
2024-04-24T01:10:01,657  INFO [main] txn.TxnHandler: Removed transactions: ([11]) from MIN_HISTORY_LEVEL
2024-04-24T01:10:01,657  WARN [main] txn.CompactionTxnHandler: No compaction queue record found for Compaction type transaction commit. txnId:11
2024-04-24T01:10:01,657  INFO [main] ql.TxnCommandsBaseForTests: Running the query: create table nonAcidNonBucket(a int, b int) stored as orc TBLPROPERTIES ('transactional'='false')
2024-04-24T01:10:01,658  INFO [main] ql.Driver: Compiling command(queryId=alex_20240424011001_c9d8a751-0cc1-4e51-a3c6-6dd5f8e7476c): create table nonAcidNonBucket(a int, b int) stored as orc TBLPROPERTIES ('transactional'='false')
2024-04-24T01:10:01,660  INFO [main] txn.TxnHandler: Added entries to MIN_HISTORY_LEVEL for current txns: ([12]) with min_open_txn: 1
2024-04-24T01:10:01,661  INFO [main] lockmgr.DbTxnManager: Opened txnid:12
2024-04-24T01:10:01,661  INFO [main] parse.CalcitePlanner: Starting caching scope for: 
2024-04-24T01:10:01,661  INFO [main] parse.CalcitePlanner: Starting Semantic Analysis
2024-04-24T01:10:01,664  INFO [main] parse.CalcitePlanner: Creating table default.nonAcidNonBucket position=13
2024-04-24T01:10:01,665  INFO [main] HiveMetaStore.audit: ugi=alex	ip=unknown-ip-addr	cmd=get_database: default	
2024-04-24T01:10:01,667  INFO [main] parse.CalcitePlanner: Ending caching scope for: 
2024-04-24T01:10:01,667  INFO [main] ql.Driver: Semantic Analysis Completed (retrial = false)
2024-04-24T01:10:01,667  INFO [main] ql.Driver: Created Hive schema: Schema(fieldSchemas:null, properties:null)
2024-04-24T01:10:01,667  INFO [main] metadata.Hive: Dumping metastore api call timing information for : compilation phase
2024-04-24T01:10:01,667  INFO [main] metadata.Hive: Total time spent in each metastore function (ms): {openTxn_(String, TxnType)=3, getValidWriteIds_(List, String)=2, commitTxn_(CommitTxnRequest)=9, getDatabase_(String)=2, flushCache_()=0, getValidTxns_(long)=0, isCompatibleWith_(Configuration)=0}
2024-04-24T01:10:01,667  INFO [main] ql.Driver: Completed compiling command(queryId=alex_20240424011001_c9d8a751-0cc1-4e51-a3c6-6dd5f8e7476c); Time taken: 0.009 seconds
2024-04-24T01:10:01,667  INFO [main] lockmgr.DbTxnManager: Setting lock request transaction to txnid:12 for queryId=alex_20240424011001_c9d8a751-0cc1-4e51-a3c6-6dd5f8e7476c
2024-04-24T01:10:01,668  INFO [main] lockmgr.DbLockManager: Requesting lock for queryId=alex_20240424011001_c9d8a751-0cc1-4e51-a3c6-6dd5f8e7476c
2024-04-24T01:10:01,680  INFO [main] lockmgr.DbLockManager: Response to queryId=alex_20240424011001_c9d8a751-0cc1-4e51-a3c6-6dd5f8e7476c LockResponse(lockid:6, state:ACQUIRED)
2024-04-24T01:10:01,680  INFO [main] ql.Driver: Operation CREATETABLE obtained 1 locks
2024-04-24T01:10:01,680  INFO [main] ql.Driver: Executing command(queryId=alex_20240424011001_c9d8a751-0cc1-4e51-a3c6-6dd5f8e7476c): create table nonAcidNonBucket(a int, b int) stored as orc TBLPROPERTIES ('transactional'='false')
2024-04-24T01:10:01,681  INFO [main] ql.Driver: Starting task [Stage-0:DDL] in serial mode
2024-04-24T01:10:01,682  INFO [main] HiveMetaStore.audit: ugi=alex	ip=unknown-ip-addr	cmd=create_table_req: Table(tableName:nonAcidNonBucket, dbName:default, owner:alex, createTime:1713946201, lastAccessTime:0, retention:0, sd:StorageDescriptor(cols:[FieldSchema(name:a, type:int, comment:null), FieldSchema(name:b, type:int, comment:null)], location:null, inputFormat:org.apache.hadoop.hive.ql.io.orc.OrcInputFormat, outputFormat:org.apache.hadoop.hive.ql.io.orc.OrcOutputFormat, compressed:false, numBuckets:-1, serdeInfo:SerDeInfo(name:null, serializationLib:org.apache.hadoop.hive.ql.io.orc.OrcSerde, parameters:{serialization.format=1}), bucketCols:[], sortCols:[], parameters:{}, skewedInfo:SkewedInfo(skewedColNames:[], skewedColValues:[], skewedColValueLocationMaps:{}), storedAsSubDirectories:false), partitionKeys:[], parameters:{COLUMN_STATS_ACCURATE={"BASIC_STATS":"true","COLUMN_STATS":{"a":"true","b":"true"}}, numRows=0, totalSize=0, rawDataSize=0, numFiles=0, bucketing_version=2, transactional=false, numFilesErasureCoded=0}, viewOriginalText:null, viewExpandedText:null, tableType:MANAGED_TABLE, privileges:PrincipalPrivilegeSet(userPrivileges:{alex=[PrivilegeGrantInfo(privilege:INSERT, createTime:-1, grantor:alex, grantorType:USER, grantOption:true), PrivilegeGrantInfo(privilege:SELECT, createTime:-1, grantor:alex, grantorType:USER, grantOption:true), PrivilegeGrantInfo(privilege:UPDATE, createTime:-1, grantor:alex, grantorType:USER, grantOption:true), PrivilegeGrantInfo(privilege:DELETE, createTime:-1, grantor:alex, grantorType:USER, grantOption:true)]}, groupPrivileges:null, rolePrivileges:null), temporary:false, catName:hive, ownerType:USER)	
2024-04-24T01:10:01,687  INFO [main] utils.FileUtils: Creating directory if it doesn't exist: file:/home/alex/Repositories/hive/ql/target/tmp/org.apache.hadoop.hive.ql.TestTxnCommands-1713946100941/warehouse/nonacidnonbucket
2024-04-24T01:10:01,702  INFO [main] metadata.Hive: Dumping metastore api call timing information for : execution phase
2024-04-24T01:10:01,702  INFO [main] metadata.Hive: Total time spent in each metastore function (ms): {createTable_(Table)=20, isCompatibleWith_(Configuration)=0}
2024-04-24T01:10:01,702  INFO [main] ql.Driver: Completed executing command(queryId=alex_20240424011001_c9d8a751-0cc1-4e51-a3c6-6dd5f8e7476c); Time taken: 0.021 seconds
2024-04-24T01:10:01,702  INFO [main] lockmgr.DbTxnManager: Stopped heartbeat for query: alex_20240424011001_c9d8a751-0cc1-4e51-a3c6-6dd5f8e7476c
2024-04-24T01:10:01,705  INFO [main] txn.TxnHandler: Expected to move at least one record from txn_components to completed_txn_components when committing txn! txnid:12
2024-04-24T01:10:01,710  INFO [main] txn.TxnHandler: Removed transactions: ([12]) from MIN_HISTORY_LEVEL
2024-04-24T01:10:01,710  WARN [main] txn.CompactionTxnHandler: No compaction queue record found for Compaction type transaction commit. txnId:12
2024-04-24T01:10:01,711  INFO [main] HiveMetaStore.audit: ugi=alex	ip=unknown-ip-addr	cmd=Cleaning up thread local RawStore...	
2024-04-24T01:10:01,711  INFO [main] metastore.ObjectStore: RawStore: org.apache.hadoop.hive.metastore.ObjectStore@5b41d1b0, with PersistenceManager: org.datanucleus.api.jdo.JDOPersistenceManager@5df98801 will be shutdown
2024-04-24T01:10:01,711  INFO [main] HiveMetaStore.audit: ugi=alex	ip=unknown-ip-addr	cmd=Done cleaning up thread local RawStore	
2024-04-24T01:10:01,711  INFO [main] metastore.HiveMetaStoreClient: Closed a connection to metastore, current connections: -8
2024-04-24T01:10:01,711  INFO [main] ql.TxnCommandsBaseForTests: Running the query: drop table if exists T
2024-04-24T01:10:01,711  INFO [main] ql.Driver: Compiling command(queryId=alex_20240424011001_fe41bc03-8870-462b-b773-0b96d8fbec55): drop table if exists T
2024-04-24T01:10:01,712  INFO [main] metastore.HiveMetaStoreClient: HMS client filtering is enabled.
2024-04-24T01:10:01,713  INFO [main] metastore.HMSHandler: 0: Opening raw store with implementation class:org.apache.hadoop.hive.metastore.ObjectStore
2024-04-24T01:10:01,713  INFO [main] metastore.PersistenceManagerProvider: Configuration datanucleus.autoStartMechanismMode is not set. Defaulting to 'ignored'
2024-04-24T01:10:01,713  INFO [main] metastore.ObjectStore: RawStore: org.apache.hadoop.hive.metastore.ObjectStore@7b305c5, with PersistenceManager: null will be shutdown
2024-04-24T01:10:01,714  INFO [main] metastore.ObjectStore: RawStore: org.apache.hadoop.hive.metastore.ObjectStore@7b305c5, with PersistenceManager: org.datanucleus.api.jdo.JDOPersistenceManager@130ef15d created in the thread with id: 1
2024-04-24T01:10:01,731  INFO [main] metastore.HMSHandler: Created RawStore: org.apache.hadoop.hive.metastore.ObjectStore@7b305c5 from thread id: 1
2024-04-24T01:10:01,731  INFO [main] metastore.HMSHandler: HMS server filtering is disabled by configuration
2024-04-24T01:10:01,731  INFO [main] metastore.RetryingMetaStoreClient: RetryingMetaStoreClient proxy=class org.apache.hadoop.hive.ql.metadata.SessionHiveMetaStoreClient ugi=alex (auth:SIMPLE) retries=1 delay=1 lifetime=0
2024-04-24T01:10:01,733  INFO [main] txn.TxnHandler: Added entries to MIN_HISTORY_LEVEL for current txns: ([13]) with min_open_txn: 1
2024-04-24T01:10:01,733  INFO [main] lockmgr.DbTxnManager: Opened txnid:13
2024-04-24T01:10:01,734  INFO [main] HiveMetaStore.audit: ugi=alex	ip=unknown-ip-addr	cmd=get_table : tbl=hive.default.T	
2024-04-24T01:10:01,736  INFO [main] ql.Driver: Semantic Analysis Completed (retrial = false)
2024-04-24T01:10:01,736  INFO [main] ql.Driver: Created Hive schema: Schema(fieldSchemas:null, properties:null)
2024-04-24T01:10:01,736  INFO [main] metadata.Hive: Dumping metastore api call timing information for : compilation phase
2024-04-24T01:10:01,736  INFO [main] metadata.Hive: Total time spent in each metastore function (ms): {flushCache_()=0, getValidTxns_(long)=1, openTxn_(String, TxnType)=2, isCompatibleWith_(Configuration)=0}
2024-04-24T01:10:01,736  INFO [main] ql.Driver: Completed compiling command(queryId=alex_20240424011001_fe41bc03-8870-462b-b773-0b96d8fbec55); Time taken: 0.025 seconds
2024-04-24T01:10:01,736  INFO [main] lockmgr.DbTxnManager: Setting lock request transaction to txnid:13 for queryId=alex_20240424011001_fe41bc03-8870-462b-b773-0b96d8fbec55
2024-04-24T01:10:01,736  INFO [main] ql.Driver: Operation DROPTABLE obtained 0 locks
2024-04-24T01:10:01,736  INFO [main] ql.Driver: Executing command(queryId=alex_20240424011001_fe41bc03-8870-462b-b773-0b96d8fbec55): drop table if exists T
2024-04-24T01:10:01,737  INFO [main] ql.Driver: Starting task [Stage-0:DDL] in serial mode
2024-04-24T01:10:01,737  INFO [main] HiveMetaStore.audit: ugi=alex	ip=unknown-ip-addr	cmd=get_table : tbl=hive.default.T	
2024-04-24T01:10:01,739  INFO [main] metadata.Hive: Dumping metastore api call timing information for : execution phase
2024-04-24T01:10:01,739  INFO [main] metadata.Hive: Total time spent in each metastore function (ms): {isCompatibleWith_(Configuration)=0}
2024-04-24T01:10:01,739  INFO [main] ql.Driver: Completed executing command(queryId=alex_20240424011001_fe41bc03-8870-462b-b773-0b96d8fbec55); Time taken: 0.003 seconds
2024-04-24T01:10:01,739  INFO [main] lockmgr.DbTxnManager: Stopped heartbeat for query: alex_20240424011001_fe41bc03-8870-462b-b773-0b96d8fbec55
2024-04-24T01:10:01,744  INFO [main] txn.TxnHandler: Expected to move at least one record from txn_components to completed_txn_components when committing txn! txnid:13
2024-04-24T01:10:01,748  INFO [main] txn.TxnHandler: Removed transactions: ([13]) from MIN_HISTORY_LEVEL
2024-04-24T01:10:01,749  WARN [main] txn.CompactionTxnHandler: No compaction queue record found for Compaction type transaction commit. txnId:13
2024-04-24T01:10:01,749  INFO [main] ql.TxnCommandsBaseForTests: Running the query: create table T (a int, b int) stored as orc
2024-04-24T01:10:01,750  INFO [main] ql.Driver: Compiling command(queryId=alex_20240424011001_6d592ea6-d06a-461a-b133-07ff51a521af): create table T (a int, b int) stored as orc
2024-04-24T01:10:01,752  INFO [main] txn.TxnHandler: Added entries to MIN_HISTORY_LEVEL for current txns: ([14]) with min_open_txn: 1
2024-04-24T01:10:01,752  INFO [main] lockmgr.DbTxnManager: Opened txnid:14
2024-04-24T01:10:01,753  INFO [main] parse.CalcitePlanner: Starting caching scope for: 
2024-04-24T01:10:01,753  INFO [main] parse.CalcitePlanner: Starting Semantic Analysis
2024-04-24T01:10:01,759  INFO [main] parse.CalcitePlanner: Creating table default.T position=13
2024-04-24T01:10:01,759  INFO [main] parse.CalcitePlanner: Automatically chose to make default.T acid.
2024-04-24T01:10:01,759  INFO [main] HiveMetaStore.audit: ugi=alex	ip=unknown-ip-addr	cmd=get_database: default	
2024-04-24T01:10:01,760  INFO [main] parse.CalcitePlanner: Ending caching scope for: 
2024-04-24T01:10:01,760  INFO [main] ql.Driver: Semantic Analysis Completed (retrial = false)
2024-04-24T01:10:01,760  INFO [main] ql.Driver: Created Hive schema: Schema(fieldSchemas:null, properties:null)
2024-04-24T01:10:01,760  INFO [main] metadata.Hive: Dumping metastore api call timing information for : compilation phase
2024-04-24T01:10:01,760  INFO [main] metadata.Hive: Total time spent in each metastore function (ms): {getValidWriteIds_(List, String)=6, openTxn_(String, TxnType)=2, flushCache_()=0, isCompatibleWith_(Configuration)=0, getDatabase_(String)=1, commitTxn_(CommitTxnRequest)=10, getValidTxns_(long)=1}
2024-04-24T01:10:01,760  INFO [main] ql.Driver: Completed compiling command(queryId=alex_20240424011001_6d592ea6-d06a-461a-b133-07ff51a521af); Time taken: 0.01 seconds
2024-04-24T01:10:01,761  INFO [main] lockmgr.DbTxnManager: Setting lock request transaction to txnid:14 for queryId=alex_20240424011001_6d592ea6-d06a-461a-b133-07ff51a521af
2024-04-24T01:10:01,761  INFO [main] lockmgr.DbLockManager: Requesting lock for queryId=alex_20240424011001_6d592ea6-d06a-461a-b133-07ff51a521af
2024-04-24T01:10:01,777  INFO [main] lockmgr.DbLockManager: Response to queryId=alex_20240424011001_6d592ea6-d06a-461a-b133-07ff51a521af LockResponse(lockid:7, state:ACQUIRED)
2024-04-24T01:10:01,777  INFO [main] ql.Driver: Operation CREATETABLE obtained 1 locks
2024-04-24T01:10:01,777  INFO [main] ql.Driver: Executing command(queryId=alex_20240424011001_6d592ea6-d06a-461a-b133-07ff51a521af): create table T (a int, b int) stored as orc
2024-04-24T01:10:01,778  INFO [main] ql.Driver: Starting task [Stage-0:DDL] in serial mode
2024-04-24T01:10:01,779  INFO [main] HiveMetaStore.audit: ugi=alex	ip=unknown-ip-addr	cmd=create_table_req: Table(tableName:T, dbName:default, owner:alex, createTime:1713946201, lastAccessTime:0, retention:0, sd:StorageDescriptor(cols:[FieldSchema(name:a, type:int, comment:null), FieldSchema(name:b, type:int, comment:null)], location:null, inputFormat:org.apache.hadoop.hive.ql.io.orc.OrcInputFormat, outputFormat:org.apache.hadoop.hive.ql.io.orc.OrcOutputFormat, compressed:false, numBuckets:-1, serdeInfo:SerDeInfo(name:null, serializationLib:org.apache.hadoop.hive.ql.io.orc.OrcSerde, parameters:{serialization.format=1}), bucketCols:[], sortCols:[], parameters:{}, skewedInfo:SkewedInfo(skewedColNames:[], skewedColValues:[], skewedColValueLocationMaps:{}), storedAsSubDirectories:false), partitionKeys:[], parameters:{rawDataSize=0, transactional_properties=default, COLUMN_STATS_ACCURATE={"BASIC_STATS":"true","COLUMN_STATS":{"a":"true","b":"true"}}, numRows=0, bucketing_version=2, totalSize=0, transactional=true, numFiles=0, numFilesErasureCoded=0}, viewOriginalText:null, viewExpandedText:null, tableType:MANAGED_TABLE, privileges:PrincipalPrivilegeSet(userPrivileges:{alex=[PrivilegeGrantInfo(privilege:INSERT, createTime:-1, grantor:alex, grantorType:USER, grantOption:true), PrivilegeGrantInfo(privilege:SELECT, createTime:-1, grantor:alex, grantorType:USER, grantOption:true), PrivilegeGrantInfo(privilege:UPDATE, createTime:-1, grantor:alex, grantorType:USER, grantOption:true), PrivilegeGrantInfo(privilege:DELETE, createTime:-1, grantor:alex, grantorType:USER, grantOption:true)]}, groupPrivileges:null, rolePrivileges:null), temporary:false, catName:hive, ownerType:USER, writeId:0)	
2024-04-24T01:10:01,782  INFO [main] utils.FileUtils: Creating directory if it doesn't exist: file:/home/alex/Repositories/hive/ql/target/tmp/org.apache.hadoop.hive.ql.TestTxnCommands-1713946100941/warehouse/t
2024-04-24T01:10:01,810  INFO [main] metadata.Hive: Dumping metastore api call timing information for : execution phase
2024-04-24T01:10:01,810  INFO [main] metadata.Hive: Total time spent in each metastore function (ms): {createTable_(Table)=30, isCompatibleWith_(Configuration)=0}
2024-04-24T01:10:01,810  INFO [main] ql.Driver: Completed executing command(queryId=alex_20240424011001_6d592ea6-d06a-461a-b133-07ff51a521af); Time taken: 0.033 seconds
2024-04-24T01:10:01,810  INFO [main] lockmgr.DbTxnManager: Stopped heartbeat for query: alex_20240424011001_6d592ea6-d06a-461a-b133-07ff51a521af
2024-04-24T01:10:01,813  INFO [main] txn.TxnHandler: Expected to move at least one record from txn_components to completed_txn_components when committing txn! txnid:14
2024-04-24T01:10:01,818  INFO [main] txn.TxnHandler: Removed transactions: ([14]) from MIN_HISTORY_LEVEL
2024-04-24T01:10:01,819  WARN [main] txn.CompactionTxnHandler: No compaction queue record found for Compaction type transaction commit. txnId:14
2024-04-24T01:10:01,819  INFO [main] ql.TxnCommandsBaseForTests: Running the query: insert into T values(1,2)
2024-04-24T01:10:01,820  INFO [main] ql.Driver: Compiling command(queryId=alex_20240424011001_888914fd-1b3f-4b63-bb4b-b5171cb3b23d): insert into T values(1,2)
2024-04-24T01:10:01,823  INFO [main] txn.TxnHandler: Added entries to MIN_HISTORY_LEVEL for current txns: ([15]) with min_open_txn: 1
2024-04-24T01:10:01,823  INFO [main] lockmgr.DbTxnManager: Opened txnid:15
2024-04-24T01:10:01,824  INFO [main] parse.CalcitePlanner: Starting caching scope for: 
2024-04-24T01:10:01,824  INFO [main] parse.CalcitePlanner: Starting Semantic Analysis
2024-04-24T01:10:01,827  INFO [main] HiveMetaStore.audit: ugi=alex	ip=unknown-ip-addr	cmd=get_table : tbl=hive.default.T	
2024-04-24T01:10:01,845  INFO [main] metastore.HMSHandler: Skipping translation for processor with null
2024-04-24T01:10:01,845  INFO [main] parse.CalcitePlanner: Completed phase 1 of Semantic Analysis
2024-04-24T01:10:01,845  INFO [main] parse.CalcitePlanner: Get metadata for source tables
2024-04-24T01:10:01,845  INFO [main] parse.CalcitePlanner: Get metadata for subqueries
2024-04-24T01:10:01,845  INFO [main] parse.CalcitePlanner: Get metadata for destination tables
2024-04-24T01:10:01,845  INFO [main] HiveMetaStore.audit: ugi=alex	ip=unknown-ip-addr	cmd=get_table : tbl=hive.default.T	
2024-04-24T01:10:01,851  INFO [main] metastore.HMSHandler: Skipping translation for processor with null
2024-04-24T01:10:01,851  INFO [main] parse.CalcitePlanner: Completed getting MetaData in Semantic Analysis
2024-04-24T01:10:01,851  INFO [main] parse.CalcitePlanner: Disabling LLAP IO encode as ETL query is detected
2024-04-24T01:10:01,870  INFO [main] HiveMetaStore.audit: ugi=alex	ip=unknown-ip-addr	cmd=get_all_table_constraints : tbl=hive._dummy_database._dummy_table	
2024-04-24T01:10:01,938  INFO [main] parse.CalcitePlanner: Get metadata for source tables
2024-04-24T01:10:01,938  INFO [main] parse.CalcitePlanner: Get metadata for subqueries
2024-04-24T01:10:01,938  INFO [main] parse.CalcitePlanner: Get metadata for source tables
2024-04-24T01:10:01,938  INFO [main] HiveMetaStore.audit: ugi=alex	ip=unknown-ip-addr	cmd=get_table : tbl=hive._dummy_database._dummy_table	
2024-04-24T01:10:01,940  INFO [main] parse.CalcitePlanner: Get metadata for subqueries
2024-04-24T01:10:01,940  INFO [main] parse.CalcitePlanner: Get metadata for destination tables
2024-04-24T01:10:01,941  INFO [main] parse.CalcitePlanner: Get metadata for destination tables
2024-04-24T01:10:01,941  INFO [main] HiveMetaStore.audit: ugi=alex	ip=unknown-ip-addr	cmd=get_table : tbl=hive.default.T	
2024-04-24T01:10:01,947  INFO [main] metastore.HMSHandler: Skipping translation for processor with null
2024-04-24T01:10:01,949  INFO [main] HiveMetaStore.audit: ugi=alex	ip=unknown-ip-addr	cmd=get_not_null_constraints : tbl=hive.default.t	
2024-04-24T01:10:01,950  INFO [main] HiveMetaStore.audit: ugi=alex	ip=unknown-ip-addr	cmd=get_check_constraints : tbl=hive.default.t	
2024-04-24T01:10:01,957  INFO [main] txn.TxnHandler: Allocated writeId: 1 for txnId: 15
2024-04-24T01:10:01,957  INFO [main] txn.TxnHandler: Allocated write ids for dbName=default, tblName=t (txnIds: [15])
2024-04-24T01:10:01,957  INFO [main] parse.CalcitePlanner: CBO Succeeded; optimized logical plan.
2024-04-24T01:10:01,960  INFO [main] optimizer.BucketVersionPopulator: not considering bucketingVersion for: TS[0] because it has -1<2 buckets 
2024-04-24T01:10:01,961  INFO [main] optimizer.SortedDynPartitionOptimizer: Sorted dynamic partitioning optimization kicked in..
2024-04-24T01:10:01,969  INFO [main] HiveMetaStore.audit: ugi=alex	ip=unknown-ip-addr	cmd=get_table : tbl=hive.default.t	
2024-04-24T01:10:01,975  INFO [main] metastore.HMSHandler: Skipping translation for processor with null
2024-04-24T01:10:01,976  INFO [main] physical.Vectorizer: Examining input format to see if vectorization is enabled.
2024-04-24T01:10:01,976  INFO [main] physical.Vectorizer: Map vectorization enabled: false
2024-04-24T01:10:01,976  INFO [main] physical.Vectorizer: Map vectorized: false
2024-04-24T01:10:01,976  INFO [main] physical.Vectorizer: Map vectorizedVertexNum: 0
2024-04-24T01:10:01,976  INFO [main] physical.Vectorizer: Map enabledConditionsMet: [hive.vectorized.use.vectorized.input.format IS true]
2024-04-24T01:10:01,976  INFO [main] physical.Vectorizer: Map enabledConditionsNotMet: [Could not enable vectorization due to partition column names size 1 is greater than the number of table column names size 0 IS false]
2024-04-24T01:10:01,976  INFO [main] physical.Vectorizer: Map inputFileFormatClassNameSet: [org.apache.hadoop.hive.ql.io.NullRowsInputFormat]
2024-04-24T01:10:01,976  INFO [main] parse.CalcitePlanner: Completed plan generation
2024-04-24T01:10:01,976  INFO [main] parse.CalcitePlanner: Ending caching scope for: 
2024-04-24T01:10:01,976  INFO [main] ql.Driver: Semantic Analysis Completed (retrial = false)
2024-04-24T01:10:01,976  INFO [main] ql.Driver: Created Hive schema: Schema(fieldSchemas:[FieldSchema(name:col1, type:int, comment:null), FieldSchema(name:col2, type:int, comment:null)], properties:null)
2024-04-24T01:10:01,977  INFO [main] metadata.Hive: Dumping metastore api call timing information for : compilation phase
2024-04-24T01:10:01,977  INFO [main] metadata.Hive: Total time spent in each metastore function (ms): {isCompatibleWith_(Configuration)=1, commitTxn_(CommitTxnRequest)=9, getTable_(GetTableRequest)=36, allocateTableWriteId_(long, String, String)=6, getNotNullConstraints_(NotNullConstraintsRequest)=2, getAllTableConstraints_(AllTableConstraintsRequest)=24, getValidWriteIds_(List, String)=2, openTxn_(String, TxnType)=2, getValidTxns_(long)=1, getCheckConstraints_(CheckConstraintsRequest)=1, flushCache_()=0}
2024-04-24T01:10:01,977  INFO [main] ql.Driver: Completed compiling command(queryId=alex_20240424011001_888914fd-1b3f-4b63-bb4b-b5171cb3b23d); Time taken: 0.156 seconds
2024-04-24T01:10:01,977  INFO [main] lockmgr.DbTxnManager: Setting lock request transaction to txnid:15 for queryId=alex_20240424011001_888914fd-1b3f-4b63-bb4b-b5171cb3b23d
2024-04-24T01:10:01,977  INFO [main] lockmgr.DbLockManager: Requesting lock for queryId=alex_20240424011001_888914fd-1b3f-4b63-bb4b-b5171cb3b23d
2024-04-24T01:10:01,991  INFO [main] lockmgr.DbLockManager: Response to queryId=alex_20240424011001_888914fd-1b3f-4b63-bb4b-b5171cb3b23d LockResponse(lockid:8, state:ACQUIRED)
2024-04-24T01:10:01,991  INFO [main] ql.Driver: Operation QUERY obtained 1 locks
2024-04-24T01:10:01,994  INFO [main] ql.Driver: Executing command(queryId=alex_20240424011001_888914fd-1b3f-4b63-bb4b-b5171cb3b23d): insert into T values(1,2)
2024-04-24T01:10:01,995  WARN [main] ql.Driver: Hive-on-MR is deprecated in Hive 2 and may not be available in the future versions. Consider using a different execution engine (i.e. tez, spark) or using Hive 1.X releases.
Query ID = alex_20240424011001_888914fd-1b3f-4b63-bb4b-b5171cb3b23d
2024-04-24T01:10:01,995  INFO [main] ql.Driver: Query ID = alex_20240424011001_888914fd-1b3f-4b63-bb4b-b5171cb3b23d
Total jobs = 1
2024-04-24T01:10:01,995  INFO [main] ql.Driver: Total jobs = 1
Launching Job 1 out of 1
2024-04-24T01:10:01,995  INFO [main] ql.Driver: Launching Job 1 out of 1
2024-04-24T01:10:02,132  INFO [main] ql.Driver: Starting task [Stage-1:MAPRED] in serial mode
Number of reduce tasks is set to 0 since there's no reduce operator
2024-04-24T01:10:02,132  INFO [main] exec.Task: Number of reduce tasks is set to 0 since there's no reduce operator
2024-04-24T01:10:02,134  INFO [main] mr.ExecDriver: Using org.apache.hadoop.hive.ql.io.HiveInputFormat
2024-04-24T01:10:02,134  INFO [main] exec.Utilities: Processing alias $hdt$_0:_dummy_table
2024-04-24T01:10:02,134  INFO [main] exec.Utilities: Adding 1 inputs; the first input is file:/home/alex/Repositories/hive/ql/target/tmp/localscratchdir/16cca959-a6b8-4c50-89b8-b845acc35263/hive_2024-04-24_01-10-01_820_8721031118276647055-1/dummy_path
2024-04-24T01:10:02,143  INFO [main] exec.SerializationUtilities: Serializing MapWork using kryo
2024-04-24T01:10:02,144  INFO [main] exec.Utilities: Serialized plan (via FILE) - name: null size: 5,67KB
2024-04-24T01:10:02,145  WARN [main] impl.MetricsSystemImpl: JobTracker metrics system already initialized!
2024-04-24T01:10:02,149  INFO [main] fs.FSStatsPublisher: created : file:/home/alex/Repositories/hive/ql/target/tmp/localscratchdir/16cca959-a6b8-4c50-89b8-b845acc35263/hive_2024-04-24_01-10-01_820_8721031118276647055-1/-mr-10000
2024-04-24T01:10:02,150  WARN [main] impl.MetricsSystemImpl: JobTracker metrics system already initialized!
2024-04-24T01:10:02,157  WARN [main] mapreduce.JobResourceUploader: Hadoop command-line option parsing not performed. Implement the Tool interface and execute your application with ToolRunner to remedy this.
2024-04-24T01:10:02,161  WARN [main] mapreduce.JobResourceUploader: No job jar file set.  User classes may not be found. See Job or Job#setJar(String).
2024-04-24T01:10:02,162  INFO [main] io.HiveInputFormat: hive.io.file.readcolumn.ids = 
2024-04-24T01:10:02,162  INFO [main] io.HiveInputFormat: hive.io.file.readcolumn.names = 
2024-04-24T01:10:02,162  INFO [main] io.HiveInputFormat: Generating splits for dirs: file:/home/alex/Repositories/hive/ql/target/tmp/localscratchdir/16cca959-a6b8-4c50-89b8-b845acc35263/hive_2024-04-24_01-10-01_820_8721031118276647055-1/dummy_path
2024-04-24T01:10:02,162  INFO [main] io.HiveInputFormat: number of splits 1
2024-04-24T01:10:02,179  INFO [main] mapreduce.JobSubmitter: number of splits:1
2024-04-24T01:10:02,199  INFO [main] mapreduce.JobSubmitter: Submitting tokens for job: job_local1926680246_0034
2024-04-24T01:10:02,199  INFO [main] mapreduce.JobSubmitter: Executing with tokens: []
2024-04-24T01:10:02,263  INFO [main] mapreduce.Job: The url to track the job: http://localhost:8080/
Job running in-process (local Hadoop)
2024-04-24T01:10:02,263  INFO [main] exec.Task: Job running in-process (local Hadoop)
2024-04-24T01:10:02,264  INFO [Thread-2826] mapred.LocalJobRunner: OutputCommitter set in config org.apache.hadoop.hive.ql.io.HiveFileFormatUtils$NullOutputCommitter
2024-04-24T01:10:02,264  INFO [Thread-2826] mapred.LocalJobRunner: OutputCommitter is org.apache.hadoop.hive.ql.io.HiveFileFormatUtils$NullOutputCommitter
2024-04-24T01:10:02,265  INFO [Thread-2826] mapred.LocalJobRunner: Waiting for map tasks
2024-04-24T01:10:02,265  INFO [LocalJobRunner Map Task Executor #0] mapred.LocalJobRunner: Starting task: attempt_local1926680246_0034_m_000000_0
2024-04-24T01:10:02,268  INFO [LocalJobRunner Map Task Executor #0] mapred.Task:  Using ResourceCalculatorProcessTree : [ ]
2024-04-24T01:10:02,269  INFO [LocalJobRunner Map Task Executor #0] mapred.MapTask: Processing split: org.apache.hadoop.hive.ql.io.NullRowsInputFormat:file:/home/alex/Repositories/hive/ql/target/tmp/localscratchdir/16cca959-a6b8-4c50-89b8-b845acc35263/hive_2024-04-24_01-10-01_820_8721031118276647055-1/dummy_path/null:0+1
2024-04-24T01:10:02,271  INFO [LocalJobRunner Map Task Executor #0] exec.SerializationUtilities: Deserializing MapWork using kryo
2024-04-24T01:10:02,271  INFO [LocalJobRunner Map Task Executor #0] exec.Utilities: Deserialized plan (via FILE) - name: null size: 5,67KB
2024-04-24T01:10:02,272  INFO [LocalJobRunner Map Task Executor #0] mapred.MapTask: numReduceTasks: 0
2024-04-24T01:10:02,273  INFO [LocalJobRunner Map Task Executor #0] exec.MapOperator: Initializing Operator: MAP[0]
2024-04-24T01:10:02,274  INFO [LocalJobRunner Map Task Executor #0] mr.ExecMapper: 
<MAP>Id =0
  <Children>null
  <\Children>
  <Parent><\Parent>
<\MAP>
2024-04-24T01:10:02,274  INFO [LocalJobRunner Map Task Executor #0] exec.TableScanOperator: Initializing Operator: TS[0]
2024-04-24T01:10:02,274  INFO [LocalJobRunner Map Task Executor #0] exec.SelectOperator: Initializing Operator: SEL[1]
2024-04-24T01:10:02,275  INFO [LocalJobRunner Map Task Executor #0] exec.SelectOperator: SELECT null
2024-04-24T01:10:02,275  INFO [LocalJobRunner Map Task Executor #0] exec.UDTFOperator: Initializing Operator: UDTF[2]
2024-04-24T01:10:02,275  INFO [LocalJobRunner Map Task Executor #0] exec.SelectOperator: Initializing Operator: SEL[3]
2024-04-24T01:10:02,275  INFO [LocalJobRunner Map Task Executor #0] exec.SelectOperator: SELECT struct<col1:int,col2:int>
2024-04-24T01:10:02,275  INFO [LocalJobRunner Map Task Executor #0] exec.FileSinkOperator: Initializing Operator: FS[4]
2024-04-24T01:10:02,275  INFO [LocalJobRunner Map Task Executor #0] exec.FileSinkOperator: Using serializer : AbstractSerDe [log=org.apache.logging.slf4j.Log4jLogger@7c52fdfa, configuration=Optional[Configuration: core-default.xml, core-site.xml, mapred-default.xml, mapred-site.xml, yarn-default.xml, yarn-site.xml, hdfs-default.xml, hdfs-site.xml, file:/home/alex/Repositories/hive/ql/target/tmp/TestTxnCommandsWithSplitUpdateAndVectorization/mapred/local/localRunner/alex/job_local1926680246_0034/job_local1926680246_0034.xml], properties={transactional_properties=default, name=default.t, transactional=true, columns.types=int:int, columns=a,b, numFilesErasureCoded=0, columns.comments=&amp#0;, bucketing_version=2, serialization.lib=org.apache.hadoop.hive.ql.io.orc.OrcSerde, file.inputformat=org.apache.hadoop.hive.ql.io.orc.OrcInputFormat, file.outputformat=org.apache.hadoop.hive.ql.io.orc.OrcOutputFormat, location=file:/home/alex/Repositories/hive/ql/target/tmp/org.apache.hadoop.hive.ql.TestTxnCommands-1713946100941/warehouse/t, column.name.delimiter=,}, tableProperties={transactional_properties=default, name=default.t, transactional=true, columns.types=int:int, columns=a,b, numFilesErasureCoded=0, columns.comments=&amp#0;, bucketing_version=2, serialization.lib=org.apache.hadoop.hive.ql.io.orc.OrcSerde, file.inputformat=org.apache.hadoop.hive.ql.io.orc.OrcInputFormat, location=file:/home/alex/Repositories/hive/ql/target/tmp/org.apache.hadoop.hive.ql.TestTxnCommands-1713946100941/warehouse/t, file.outputformat=org.apache.hadoop.hive.ql.io.orc.OrcOutputFormat, column.name.delimiter=,}, partitionProperties=Optional.empty, columnNames=[a, b], columnTypes=[int, int], getClass()=class org.apache.hadoop.hive.ql.io.orc.OrcSerde] and formatter : org.apache.hadoop.hive.ql.io.orc.OrcOutputFormat@467e0fe1
2024-04-24T01:10:02,275  INFO [LocalJobRunner Map Task Executor #0] exec.FileSinkOperator: Final Path: FS file:/home/alex/Repositories/hive/ql/target/tmp/org.apache.hadoop.hive.ql.TestTxnCommands-1713946100941/warehouse/t
2024-04-24T01:10:02,276  INFO [LocalJobRunner Map Task Executor #0] exec.FileSinkOperator: New Final Path: FS file:/home/alex/Repositories/hive/ql/target/tmp/org.apache.hadoop.hive.ql.TestTxnCommands-1713946100941/warehouse/t
2024-04-24T01:10:02,276  INFO [LocalJobRunner Map Task Executor #0] common.FileUtils: Creating directory if it doesn't exist: file:/home/alex/Repositories/hive/ql/target/tmp/org.apache.hadoop.hive.ql.TestTxnCommands-1713946100941/warehouse
2024-04-24T01:10:02,277  INFO [LocalJobRunner Map Task Executor #0] exec.FileSinkOperator: FS[4]: records written - 1
2024-04-24T01:10:02,278  INFO [LocalJobRunner Map Task Executor #0] impl.PhysicalFsWriter: ORC writer created for path: file:/home/alex/Repositories/hive/ql/target/tmp/org.apache.hadoop.hive.ql.TestTxnCommands-1713946100941/warehouse/t/delta_0000001_0000001_0000/bucket_00000_0 with stripeSize: 8388608 blockSize: 268435456 compression: Compress: ZLIB buffer: 32768
2024-04-24T01:10:02,284  INFO [LocalJobRunner Map Task Executor #0] impl.WriterImpl: ORC writer created for path: file:/home/alex/Repositories/hive/ql/target/tmp/org.apache.hadoop.hive.ql.TestTxnCommands-1713946100941/warehouse/t/delta_0000001_0000001_0000/bucket_00000_0 with stripeSize: 8388608 options: Compress: ZLIB buffer: 32768
2024-04-24T01:10:02,284  INFO [LocalJobRunner Map Task Executor #0] exec.MapOperator: MAP[0]: records read - 1
2024-04-24T01:10:02,285  INFO [LocalJobRunner Map Task Executor #0] exec.MapOperator: Closing Operator: MAP[0]
2024-04-24T01:10:02,285  INFO [LocalJobRunner Map Task Executor #0] exec.MapOperator: MAP[0]: Total records read - 3. abort - false
2024-04-24T01:10:02,285  INFO [LocalJobRunner Map Task Executor #0] exec.MapOperator: RECORDS_IN:3, RECORDS_OUT_OPERATOR_MAP_0:0, RECORDS_OUT_INTERMEDIATE:0, DESERIALIZE_ERRORS:0, 
2024-04-24T01:10:02,285  INFO [LocalJobRunner Map Task Executor #0] exec.TableScanOperator: Closing Operator: TS[0]
2024-04-24T01:10:02,285  INFO [LocalJobRunner Map Task Executor #0] exec.TableScanOperator: RECORDS_OUT_INTERMEDIATE:0, RECORDS_OUT_OPERATOR_TS_0:1, 
2024-04-24T01:10:02,285  INFO [LocalJobRunner Map Task Executor #0] exec.SelectOperator: Closing Operator: SEL[1]
2024-04-24T01:10:02,285  INFO [LocalJobRunner Map Task Executor #0] exec.SelectOperator: RECORDS_OUT_INTERMEDIATE:0, RECORDS_OUT_OPERATOR_SEL_1:1, 
2024-04-24T01:10:02,285  INFO [LocalJobRunner Map Task Executor #0] exec.UDTFOperator: Closing Operator: UDTF[2]
2024-04-24T01:10:02,285  INFO [LocalJobRunner Map Task Executor #0] exec.UDTFOperator: RECORDS_OUT_INTERMEDIATE:0, RECORDS_OUT_OPERATOR_UDTF_2:1, 
2024-04-24T01:10:02,285  INFO [LocalJobRunner Map Task Executor #0] exec.SelectOperator: Closing Operator: SEL[3]
2024-04-24T01:10:02,285  INFO [LocalJobRunner Map Task Executor #0] exec.SelectOperator: RECORDS_OUT_INTERMEDIATE:0, RECORDS_OUT_OPERATOR_SEL_3:1, 
2024-04-24T01:10:02,285  INFO [LocalJobRunner Map Task Executor #0] exec.FileSinkOperator: Closing Operator: FS[4]
2024-04-24T01:10:02,285  INFO [LocalJobRunner Map Task Executor #0] exec.FileSinkOperator: FS[4]: records written - 1
2024-04-24T01:10:02,287  INFO [LocalJobRunner Map Task Executor #0] FileOperations: Writing manifest to file:/home/alex/Repositories/hive/ql/target/tmp/org.apache.hadoop.hive.ql.TestTxnCommands-1713946100941/warehouse/t/_tmp.delta_0000001_0000001_0000/000000_0.manifest with [file:/home/alex/Repositories/hive/ql/target/tmp/org.apache.hadoop.hive.ql.TestTxnCommands-1713946100941/warehouse/t/delta_0000001_0000001_0000/bucket_00000_0]
2024-04-24T01:10:02,297  INFO [LocalJobRunner Map Task Executor #0] exec.FileSinkOperator: RECORDS_OUT_1_default.t:1, RECORDS_OUT_INTERMEDIATE:0, RECORDS_OUT_OPERATOR_FS_4:1, TOTAL_TABLE_ROWS_WRITTEN:1, 
2024-04-24T01:10:02,298  INFO [LocalJobRunner Map Task Executor #0] mapred.LocalJobRunner: 
2024-04-24T01:10:02,300  INFO [LocalJobRunner Map Task Executor #0] mapred.Task: Task:attempt_local1926680246_0034_m_000000_0 is done. And is in the process of committing
2024-04-24T01:10:02,300  INFO [LocalJobRunner Map Task Executor #0] mapred.LocalJobRunner: map
2024-04-24T01:10:02,300  INFO [LocalJobRunner Map Task Executor #0] mapred.Task: Task 'attempt_local1926680246_0034_m_000000_0' done.
2024-04-24T01:10:02,300  INFO [LocalJobRunner Map Task Executor #0] mapred.Task: Final Counters for attempt_local1926680246_0034_m_000000_0: Counters: 27
	File System Counters
		FILE: Number of bytes read=760272
		FILE: Number of bytes written=42662426
		FILE: Number of read operations=0
		FILE: Number of large read operations=0
		FILE: Number of write operations=0
	Map-Reduce Framework
		Map input records=4
		Map output records=0
		Input split bytes=361
		Spilled Records=0
		Failed Shuffles=0
		Merged Map outputs=0
		GC time elapsed (ms)=0
		Total committed heap usage (bytes)=1312817152
	HIVE
		CREATED_FILES=1
		DESERIALIZE_ERRORS=0
		RECORDS_IN=3
		RECORDS_OUT_1_default.t=1
		RECORDS_OUT_INTERMEDIATE=0
		RECORDS_OUT_OPERATOR_FS_4=1
		RECORDS_OUT_OPERATOR_MAP_0=0
		RECORDS_OUT_OPERATOR_SEL_1=1
		RECORDS_OUT_OPERATOR_SEL_3=1
		RECORDS_OUT_OPERATOR_TS_0=1
		RECORDS_OUT_OPERATOR_UDTF_2=1
		TOTAL_TABLE_ROWS_WRITTEN=1
	File Input Format Counters 
		Bytes Read=5726
	File Output Format Counters 
		Bytes Written=0
2024-04-24T01:10:02,300  INFO [LocalJobRunner Map Task Executor #0] mapred.LocalJobRunner: Finishing task: attempt_local1926680246_0034_m_000000_0
2024-04-24T01:10:02,300  INFO [Thread-2826] mapred.LocalJobRunner: map task executor complete.
2024-04-24 01:10:03,264 Stage-1 map = 100%,  reduce = 0%
2024-04-24T01:10:03,264  INFO [main] exec.Task: 2024-04-24 01:10:03,264 Stage-1 map = 100%,  reduce = 0%
Ended Job = job_local1926680246_0034
2024-04-24T01:10:03,265  INFO [main] exec.Task: Ended Job = job_local1926680246_0034
2024-04-24T01:10:03,265  INFO [main] FileOperations: Found manifest file file:/home/alex/Repositories/hive/ql/target/tmp/org.apache.hadoop.hive.ql.TestTxnCommands-1713946100941/warehouse/t/_tmp.delta_0000001_0000001_0000/000000_0.manifest with attemptId 0.
2024-04-24T01:10:03,265  INFO [main] FileOperations: Looking at manifest file: file:/home/alex/Repositories/hive/ql/target/tmp/org.apache.hadoop.hive.ql.TestTxnCommands-1713946100941/warehouse/t/_tmp.delta_0000001_0000001_0000/000000_0.manifest
2024-04-24T01:10:03,266  INFO [main] FileOperations: Deleting manifest directory file:/home/alex/Repositories/hive/ql/target/tmp/org.apache.hadoop.hive.ql.TestTxnCommands-1713946100941/warehouse/t/_tmp.delta_0000001_0000001_0000
2024-04-24T01:10:03,267  INFO [main] ql.Driver: Starting task [Stage-0:MOVE] in serial mode
Loading data to table default.t
2024-04-24T01:10:03,267  INFO [main] exec.Task: Loading data to table default.t from file:/home/alex/Repositories/hive/ql/target/tmp/org.apache.hadoop.hive.ql.TestTxnCommands-1713946100941/warehouse/t
2024-04-24T01:10:03,267  INFO [main] HiveMetaStore.audit: ugi=alex	ip=unknown-ip-addr	cmd=get_table : tbl=hive.default.t	
2024-04-24T01:10:03,273  INFO [main] metastore.HMSHandler: Skipping translation for processor with null
2024-04-24T01:10:03,274  INFO [main] HiveMetaStore.audit: ugi=alex	ip=unknown-ip-addr	cmd=get_table : tbl=hive.default.t	
2024-04-24T01:10:03,280  INFO [main] metastore.HMSHandler: Skipping translation for processor with null
2024-04-24T01:10:03,280  INFO [main] HiveMetaStore.audit: ugi=alex	ip=unknown-ip-addr	cmd=alter_table: hive.default.t newtbl=t	
2024-04-24T01:10:03,310  INFO [main] ql.Driver: Starting task [Stage-2:STATS] in serial mode
2024-04-24T01:10:03,310  INFO [main] HiveMetaStore.audit: ugi=alex	ip=unknown-ip-addr	cmd=get_table : tbl=hive.default.t	
2024-04-24T01:10:03,316  INFO [main] metastore.HMSHandler: Skipping translation for processor with null
2024-04-24T01:10:03,317  INFO [main] stats.BasicStatsTask: Executing stats task
2024-04-24T01:10:03,317  INFO [main] fs.FSStatsPublisher: created : file:/home/alex/Repositories/hive/ql/target/tmp/localscratchdir/16cca959-a6b8-4c50-89b8-b845acc35263/hive_2024-04-24_01-10-01_820_8721031118276647055-1/-mr-10000
2024-04-24T01:10:03,318  INFO [main] HiveMetaStore.audit: ugi=alex	ip=unknown-ip-addr	cmd=get_table : tbl=hive.default.t	
2024-04-24T01:10:03,324  INFO [main] metastore.HMSHandler: Skipping translation for processor with null
2024-04-24T01:10:03,330  WARN [main] FileOperations: Computing stats for an ACID table; stats may be inaccurate
2024-04-24T01:10:03,331  INFO [main] FileOperations: Read stats for default.t/, numRows, true, 1, false: 
2024-04-24T01:10:03,331  INFO [main] FileOperations: Read stats for default.t/, rawDataSize, true, 0, false: 
2024-04-24T01:10:03,331  INFO [main] HiveMetaStore.audit: ugi=alex	ip=unknown-ip-addr	cmd=alter_table: hive.default.t newtbl=t	
2024-04-24T01:10:03,352  INFO [main] FileOperations: Read stats for default.t/, insertCount, true, 1, false: 
2024-04-24T01:10:03,352  INFO [main] FileOperations: Read stats for default.t/, updateCount, true, 0, false: 
2024-04-24T01:10:03,352  INFO [main] FileOperations: Read stats for default.t/, deleteCount, true, 0, false: 
2024-04-24T01:10:03,354  INFO [main] stats.BasicStatsTask: Table default.t stats: [numFiles=1, numRows=1, totalSize=666, rawDataSize=0, numFilesErasureCoded=0]
2024-04-24T01:10:03,354  INFO [main] metadata.Hive: Dumping metastore api call timing information for : execution phase
2024-04-24T01:10:03,355  INFO [main] metadata.Hive: Total time spent in each metastore function (ms): {isCompatibleWith_(Configuration)=0, alter_table_(String, String, String, Table, EnvironmentContext, String)=51, getTable_(GetTableRequest)=26, updateTransactionalStatistics_(UpdateTransactionalStatsRequest)=2}
MapReduce Jobs Launched: 
2024-04-24T01:10:03,355  INFO [main] ql.Driver: MapReduce Jobs Launched: 
Stage-Stage-1:  HDFS Read: 0 HDFS Write: 0 SUCCESS
2024-04-24T01:10:03,355  INFO [main] ql.Driver: Stage-Stage-1:  HDFS Read: 0 HDFS Write: 0 SUCCESS
Total MapReduce CPU Time Spent: 0 msec
2024-04-24T01:10:03,355  INFO [main] ql.Driver: Total MapReduce CPU Time Spent: 0 msec
2024-04-24T01:10:03,355  INFO [main] ql.Driver: Completed executing command(queryId=alex_20240424011001_888914fd-1b3f-4b63-bb4b-b5171cb3b23d); Time taken: 1.36 seconds
2024-04-24T01:10:03,355  INFO [main] lockmgr.DbTxnManager: Stopped heartbeat for query: alex_20240424011001_888914fd-1b3f-4b63-bb4b-b5171cb3b23d
2024-04-24T01:10:03,365  INFO [main] txn.TxnHandler: Removed transactions: ([15]) from MIN_HISTORY_LEVEL
2024-04-24T01:10:03,365  WARN [main] txn.CompactionTxnHandler: No compaction queue record found for Compaction type transaction commit. txnId:15
2024-04-24T01:10:03,366  INFO [main] ql.TxnCommandsBaseForTests: Running the query: update T set a=3 where b=2
2024-04-24T01:10:03,366  INFO [main] ql.Context: Deleting scratch dir: file:/home/alex/Repositories/hive/ql/target/tmp/localscratchdir/16cca959-a6b8-4c50-89b8-b845acc35263/hive_2024-04-24_01-10-01_820_8721031118276647055-1
2024-04-24T01:10:03,366  INFO [main] cleanup.SyncCleanupService: Deleted directory: file:/home/alex/Repositories/hive/ql/target/tmp/localscratchdir/16cca959-a6b8-4c50-89b8-b845acc35263/hive_2024-04-24_01-10-01_820_8721031118276647055-1 on fs with scheme file
2024-04-24T01:10:03,367  INFO [main] ql.Driver: Compiling command(queryId=alex_20240424011003_06498af0-405c-4e83-86f9-b612f2953446): update T set a=3 where b=2
2024-04-24T01:10:03,369  INFO [main] txn.TxnHandler: Added entries to MIN_HISTORY_LEVEL for current txns: ([16]) with min_open_txn: 16
2024-04-24T01:10:03,370  INFO [main] lockmgr.DbTxnManager: Opened txnid:16
2024-04-24T01:10:03,370  INFO [main] parse.UpdateDeleteSemanticAnalyzer: Starting caching scope for: 
2024-04-24T01:10:03,370  INFO [main] HiveMetaStore.audit: ugi=alex	ip=unknown-ip-addr	cmd=get_table : tbl=hive.default.T	
2024-04-24T01:10:03,376  INFO [main] metastore.HMSHandler: Skipping translation for processor with null
2024-04-24T01:10:03,377  INFO [main] parse.RewriteSemanticAnalyzer: Going to reparse <update T set a=3 where b=2> as 
<insert into table `default`.`T` select ROW__ID,`a`,`b` from `default`.`T` sort by ROW__ID >
2024-04-24T01:10:03,377  INFO [main] parse.UpdateDeleteSemanticAnalyzer: Starting Semantic Analysis
2024-04-24T01:10:03,381  INFO [main] HiveMetaStore.audit: ugi=alex	ip=unknown-ip-addr	cmd=get_table : tbl=hive.default.T	
2024-04-24T01:10:03,387  INFO [main] metastore.HMSHandler: Skipping translation for processor with null
2024-04-24T01:10:03,387  INFO [main] parse.UpdateDeleteSemanticAnalyzer: Completed phase 1 of Semantic Analysis
2024-04-24T01:10:03,387  INFO [main] parse.UpdateDeleteSemanticAnalyzer: Get metadata for source tables
2024-04-24T01:10:03,388  INFO [main] HiveMetaStore.audit: ugi=alex	ip=unknown-ip-addr	cmd=get_table : tbl=hive.default.t	
2024-04-24T01:10:03,394  INFO [main] metastore.HMSHandler: Skipping translation for processor with null
2024-04-24T01:10:03,394  INFO [main] parse.UpdateDeleteSemanticAnalyzer: Get metadata for subqueries
2024-04-24T01:10:03,394  INFO [main] parse.UpdateDeleteSemanticAnalyzer: Get metadata for destination tables
2024-04-24T01:10:03,395  INFO [main] HiveMetaStore.audit: ugi=alex	ip=unknown-ip-addr	cmd=get_table : tbl=hive.default.T	
2024-04-24T01:10:03,402  INFO [main] metastore.HMSHandler: Skipping translation for processor with null
2024-04-24T01:10:03,402  INFO [main] parse.UpdateDeleteSemanticAnalyzer: Completed getting MetaData in Semantic Analysis
2024-04-24T01:10:03,402  INFO [main] parse.UpdateDeleteSemanticAnalyzer: Disabling LLAP IO encode as ETL query is detected
2024-04-24T01:10:03,414  INFO [main] HiveMetaStore.audit: ugi=alex	ip=unknown-ip-addr	cmd=get_all_table_constraints : tbl=hive.default.t	
2024-04-24T01:10:03,420  INFO [main] HiveMetaStore.audit: ugi=alex	ip=unknown-ip-addr	cmd=get_not_null_constraints : tbl=hive.default.t	
2024-04-24T01:10:03,421  INFO [main] HiveMetaStore.audit: ugi=alex	ip=unknown-ip-addr	cmd=get_check_constraints : tbl=hive.default.t	
2024-04-24T01:10:03,444  INFO [main] calcite.RelOptHiveTable: Calculating column statistics for default.t, projIndxSet: [1], allowMissingStats: true
2024-04-24T01:10:03,445  INFO [main] HiveMetaStore.audit: ugi=alex	ip=unknown-ip-addr	cmd=get_table : tbl=hive.default.t	
2024-04-24T01:10:03,454  INFO [main] metastore.HMSHandler: Skipping translation for processor with null
2024-04-24T01:10:03,455  INFO [main] HiveMetaStore.audit: ugi=alex	ip=unknown-ip-addr	cmd=get_table : tbl=hive.default.t	
2024-04-24T01:10:03,463  INFO [main] metastore.HMSHandler: Skipping translation for processor with null
2024-04-24T01:10:03,463  INFO [main] HiveMetaStore.audit: ugi=alex	ip=unknown-ip-addr	cmd=get_table_statistics_req: table=hive.default.t	
2024-04-24T01:10:03,473  WARN [main] calcite.RelOptHiveTable: No Stats for default@t, Columns: b
No Stats for default@t, Columns: b
2024-04-24T01:10:03,473  INFO [main] SessionState: No Stats for default@t, Columns: b
2024-04-24T01:10:03,530  INFO [main] parse.UpdateDeleteSemanticAnalyzer: Get metadata for source tables
2024-04-24T01:10:03,530  INFO [main] parse.UpdateDeleteSemanticAnalyzer: Get metadata for subqueries
2024-04-24T01:10:03,530  INFO [main] parse.UpdateDeleteSemanticAnalyzer: Get metadata for destination tables
2024-04-24T01:10:03,530  INFO [main] HiveMetaStore.audit: ugi=alex	ip=unknown-ip-addr	cmd=get_table : tbl=hive.default.T	
2024-04-24T01:10:03,538  INFO [main] metastore.HMSHandler: Skipping translation for processor with null
2024-04-24T01:10:03,541 ERROR [main] parse.UpdateDeleteSemanticAnalyzer: CBO failed, skipping CBO. 
org.apache.hadoop.hive.ql.exec.NoMatchingMethodException: No matching method for class org.apache.hadoop.hive.ql.udf.UDFToInteger with (struct<writeid:bigint,bucketid:int,rowid:bigint>). Possible choices: _FUNC_(bigint)  _FUNC_(boolean)  _FUNC_(decimal(38,18))  _FUNC_(double)  _FUNC_(float)  _FUNC_(smallint)  _FUNC_(string)  _FUNC_(struct<rowid:bigint,writeid:bigint,bucketid:int>)  _FUNC_(timestamp)  _FUNC_(tinyint)  _FUNC_(void)  
	at org.apache.hadoop.hive.ql.exec.MethodUtils.getMethodInternal(MethodUtils.java:130) ~[classes/:?]
	at org.apache.hadoop.hive.ql.exec.MethodUtils.getMethodInternal(MethodUtils.java:60) ~[classes/:?]
	at org.apache.hadoop.hive.ql.exec.DefaultUDFMethodResolver.getEvalMethod(DefaultUDFMethodResolver.java:59) ~[classes/:?]
	at org.apache.hadoop.hive.ql.udf.TimestampCastRestrictorResolver.getEvalMethod(TimestampCastRestrictorResolver.java:68) ~[classes/:?]
	at org.apache.hadoop.hive.ql.udf.generic.GenericUDFBridge.initialize(GenericUDFBridge.java:168) ~[classes/:?]
	at org.apache.hadoop.hive.ql.udf.generic.GenericUDF.initializeAndFoldConstants(GenericUDF.java:149) ~[classes/:?]
	at org.apache.hadoop.hive.ql.plan.ExprNodeGenericFuncDesc.newInstance(ExprNodeGenericFuncDesc.java:235) ~[classes/:?]
	at org.apache.hadoop.hive.ql.parse.type.ExprNodeDescExprFactory.createFuncCallExpr(ExprNodeDescExprFactory.java:584) ~[classes/:?]
	at org.apache.hadoop.hive.ql.parse.type.ExprNodeDescExprFactory.createFuncCallExpr(ExprNodeDescExprFactory.java:97) ~[classes/:?]
	at org.apache.hadoop.hive.ql.parse.type.TypeCheckProcFactory$DefaultExprProcessor.getFuncExprNodeDescWithUdfData(TypeCheckProcFactory.java:762) ~[classes/:?]
	at org.apache.hadoop.hive.ql.parse.type.TypeCheckProcFactory$DefaultExprProcessor.createConversionCast(TypeCheckProcFactory.java:783) ~[classes/:?]
	at org.apache.hadoop.hive.ql.parse.SemanticAnalyzer.getPartitionColsFromBucketColsForUpdateDelete(SemanticAnalyzer.java:8725) ~[classes/:?]
	at org.apache.hadoop.hive.ql.parse.SemanticAnalyzer.genBucketingSortingDest(SemanticAnalyzer.java:6914) ~[classes/:?]
	at org.apache.hadoop.hive.ql.parse.SemanticAnalyzer.genFileSinkPlan(SemanticAnalyzer.java:7335) ~[classes/:?]
	at org.apache.hadoop.hive.ql.parse.SemanticAnalyzer.genPostGroupByBodyPlan(SemanticAnalyzer.java:11063) ~[classes/:?]
	at org.apache.hadoop.hive.ql.parse.SemanticAnalyzer.genBodyPlan(SemanticAnalyzer.java:10938) ~[classes/:?]
	at org.apache.hadoop.hive.ql.parse.SemanticAnalyzer.genPlan(SemanticAnalyzer.java:11853) ~[classes/:?]
	at org.apache.hadoop.hive.ql.parse.SemanticAnalyzer.genPlan(SemanticAnalyzer.java:11723) ~[classes/:?]
	at org.apache.hadoop.hive.ql.parse.CalcitePlanner.genOPTree(CalcitePlanner.java:626) ~[classes/:?]
	at org.apache.hadoop.hive.ql.parse.SemanticAnalyzer.analyzeInternal(SemanticAnalyzer.java:12558) ~[classes/:?]
	at org.apache.hadoop.hive.ql.parse.CalcitePlanner.analyzeInternal(CalcitePlanner.java:456) ~[classes/:?]
	at org.apache.hadoop.hive.ql.parse.RewriteSemanticAnalyzer.analyzeInternal(RewriteSemanticAnalyzer.java:67) ~[classes/:?]
	at org.apache.hadoop.hive.ql.parse.BaseSemanticAnalyzer.analyze(BaseSemanticAnalyzer.java:317) ~[classes/:?]
	at org.apache.hadoop.hive.ql.parse.UpdateDeleteSemanticAnalyzer.reparseAndSuperAnalyze(UpdateDeleteSemanticAnalyzer.java:208) ~[classes/:?]
	at org.apache.hadoop.hive.ql.parse.UpdateDeleteSemanticAnalyzer.analyzeUpdate(UpdateDeleteSemanticAnalyzer.java:63) ~[classes/:?]
	at org.apache.hadoop.hive.ql.parse.UpdateDeleteSemanticAnalyzer.analyze(UpdateDeleteSemanticAnalyzer.java:53) ~[classes/:?]
	at org.apache.hadoop.hive.ql.parse.RewriteSemanticAnalyzer.analyzeInternal(RewriteSemanticAnalyzer.java:72) ~[classes/:?]
	at org.apache.hadoop.hive.ql.parse.BaseSemanticAnalyzer.analyze(BaseSemanticAnalyzer.java:317) ~[classes/:?]
	at org.apache.hadoop.hive.ql.Compiler.analyze(Compiler.java:223) ~[classes/:?]
	at org.apache.hadoop.hive.ql.Compiler.compile(Compiler.java:105) ~[classes/:?]
	at org.apache.hadoop.hive.ql.Driver.compile(Driver.java:500) ~[classes/:?]
	at org.apache.hadoop.hive.ql.Driver.compileInternal(Driver.java:453) ~[classes/:?]
	at org.apache.hadoop.hive.ql.Driver.runInternal(Driver.java:181) ~[classes/:?]
	at org.apache.hadoop.hive.ql.Driver.run(Driver.java:153) ~[classes/:?]
	at org.apache.hadoop.hive.ql.Driver.run(Driver.java:140) ~[classes/:?]
	at org.apache.hadoop.hive.ql.TxnCommandsBaseForTests.runStatementOnDriver(TxnCommandsBaseForTests.java:245) ~[test-classes/:?]
	at org.apache.hadoop.hive.ql.TestTxnCommands.acidVersionTest(TestTxnCommands.java:1482) ~[test-classes/:?]
	at org.apache.hadoop.hive.ql.TestTxnCommands.testVersioningVersionFileDisabled(TestTxnCommands.java:1467) ~[test-classes/:?]
	at sun.reflect.NativeMethodAccessorImpl.invoke0(Native Method) ~[?:1.8.0_402]
	at sun.reflect.NativeMethodAccessorImpl.invoke(NativeMethodAccessorImpl.java:62) ~[?:1.8.0_402]
	at sun.reflect.DelegatingMethodAccessorImpl.invoke(DelegatingMethodAccessorImpl.java:43) ~[?:1.8.0_402]
	at java.lang.reflect.Method.invoke(Method.java:498) ~[?:1.8.0_402]
	at org.junit.runners.model.FrameworkMethod$1.runReflectiveCall(FrameworkMethod.java:59) ~[junit-4.13.jar:4.13]
	at org.junit.internal.runners.model.ReflectiveCallable.run(ReflectiveCallable.java:12) ~[junit-4.13.jar:4.13]
	at org.junit.runners.model.FrameworkMethod.invokeExplosively(FrameworkMethod.java:56) ~[junit-4.13.jar:4.13]
	at org.junit.internal.runners.statements.InvokeMethod.evaluate(InvokeMethod.java:17) ~[junit-4.13.jar:4.13]
	at org.junit.internal.runners.statements.RunBefores.evaluate(RunBefores.java:26) ~[junit-4.13.jar:4.13]
	at org.junit.internal.runners.statements.RunAfters.evaluate(RunAfters.java:27) ~[junit-4.13.jar:4.13]
	at org.junit.rules.TestWatcher$1.evaluate(TestWatcher.java:61) ~[junit-4.13.jar:4.13]
	at org.junit.runners.ParentRunner$3.evaluate(ParentRunner.java:306) ~[junit-4.13.jar:4.13]
	at org.junit.runners.BlockJUnit4ClassRunner$1.evaluate(BlockJUnit4ClassRunner.java:100) ~[junit-4.13.jar:4.13]
	at org.junit.runners.ParentRunner.runLeaf(ParentRunner.java:366) ~[junit-4.13.jar:4.13]
	at org.junit.runners.BlockJUnit4ClassRunner.runChild(BlockJUnit4ClassRunner.java:103) ~[junit-4.13.jar:4.13]
	at org.junit.runners.BlockJUnit4ClassRunner.runChild(BlockJUnit4ClassRunner.java:63) ~[junit-4.13.jar:4.13]
	at org.junit.runners.ParentRunner$4.run(ParentRunner.java:331) ~[junit-4.13.jar:4.13]
	at org.junit.runners.ParentRunner$1.schedule(ParentRunner.java:79) ~[junit-4.13.jar:4.13]
	at org.junit.runners.ParentRunner.runChildren(ParentRunner.java:329) ~[junit-4.13.jar:4.13]
	at org.junit.runners.ParentRunner.access$100(ParentRunner.java:66) ~[junit-4.13.jar:4.13]
	at org.junit.runners.ParentRunner$2.evaluate(ParentRunner.java:293) ~[junit-4.13.jar:4.13]
	at org.junit.runners.ParentRunner$3.evaluate(ParentRunner.java:306) ~[junit-4.13.jar:4.13]
	at org.junit.runners.ParentRunner.run(ParentRunner.java:413) ~[junit-4.13.jar:4.13]
	at org.junit.runner.JUnitCore.run(JUnitCore.java:137) ~[junit-4.13.jar:4.13]
	at org.junit.runner.JUnitCore.run(JUnitCore.java:115) ~[junit-4.13.jar:4.13]
	at org.junit.vintage.engine.execution.RunnerExecutor.execute(RunnerExecutor.java:43) ~[junit-vintage-engine-5.6.2.jar:5.6.2]
	at java.util.stream.ForEachOps$ForEachOp$OfRef.accept(ForEachOps.java:183) ~[?:1.8.0_402]
	at java.util.stream.ReferencePipeline$3$1.accept(ReferencePipeline.java:193) ~[?:1.8.0_402]
	at java.util.Iterator.forEachRemaining(Iterator.java:116) ~[?:1.8.0_402]
	at java.util.Spliterators$IteratorSpliterator.forEachRemaining(Spliterators.java:1801) ~[?:1.8.0_402]
	at java.util.stream.AbstractPipeline.copyInto(AbstractPipeline.java:482) ~[?:1.8.0_402]
	at java.util.stream.AbstractPipeline.wrapAndCopyInto(AbstractPipeline.java:472) ~[?:1.8.0_402]
	at java.util.stream.ForEachOps$ForEachOp.evaluateSequential(ForEachOps.java:150) ~[?:1.8.0_402]
	at java.util.stream.ForEachOps$ForEachOp$OfRef.evaluateSequential(ForEachOps.java:173) ~[?:1.8.0_402]
	at java.util.stream.AbstractPipeline.evaluate(AbstractPipeline.java:234) ~[?:1.8.0_402]
	at java.util.stream.ReferencePipeline.forEach(ReferencePipeline.java:485) ~[?:1.8.0_402]
	at org.junit.vintage.engine.VintageTestEngine.executeAllChildren(VintageTestEngine.java:82) ~[junit-vintage-engine-5.6.2.jar:5.6.2]
	at org.junit.vintage.engine.VintageTestEngine.execute(VintageTestEngine.java:73) ~[junit-vintage-engine-5.6.2.jar:5.6.2]
	at org.junit.platform.launcher.core.DefaultLauncher.execute(DefaultLauncher.java:248) ~[junit-platform-launcher-1.6.2.jar:1.6.2]
	at org.junit.platform.launcher.core.DefaultLauncher.lambda$execute$5(DefaultLauncher.java:211) ~[junit-platform-launcher-1.6.2.jar:1.6.2]
	at org.junit.platform.launcher.core.DefaultLauncher.withInterceptedStreams(DefaultLauncher.java:226) [junit-platform-launcher-1.6.2.jar:1.6.2]
	at org.junit.platform.launcher.core.DefaultLauncher.execute(DefaultLauncher.java:199) [junit-platform-launcher-1.6.2.jar:1.6.2]
	at org.junit.platform.launcher.core.DefaultLauncher.execute(DefaultLauncher.java:132) [junit-platform-launcher-1.6.2.jar:1.6.2]
	at org.apache.maven.surefire.junitplatform.JUnitPlatformProvider.invokeAllTests(JUnitPlatformProvider.java:154) [surefire-junit-platform-3.0.0-M4.jar:3.0.0-M4]
	at org.apache.maven.surefire.junitplatform.JUnitPlatformProvider.invoke(JUnitPlatformProvider.java:123) [surefire-junit-platform-3.0.0-M4.jar:3.0.0-M4]
	at org.apache.maven.surefire.booter.ForkedBooter.runSuitesInProcess(ForkedBooter.java:377) [surefire-booter-3.0.0-M4.jar:3.0.0-M4]
	at org.apache.maven.surefire.booter.ForkedBooter.execute(ForkedBooter.java:138) [surefire-booter-3.0.0-M4.jar:3.0.0-M4]
	at org.apache.maven.surefire.booter.ForkedBooter.run(ForkedBooter.java:465) [surefire-booter-3.0.0-M4.jar:3.0.0-M4]
	at org.apache.maven.surefire.booter.ForkedBooter.main(ForkedBooter.java:451) [surefire-booter-3.0.0-M4.jar:3.0.0-M4]
2024-04-24T01:10:03,541 ERROR [main] parse.UpdateDeleteSemanticAnalyzer: CBO failed due to missing column stats (see previous errors), skipping CBO
2024-04-24T01:10:03,541  INFO [main] parse.UpdateDeleteSemanticAnalyzer: Ending caching scope for: 
FAILED: NoMatchingMethodException No matching method for class org.apache.hadoop.hive.ql.udf.UDFToInteger with (struct<writeid:bigint,bucketid:int,rowid:bigint>). Possible choices: _FUNC_(bigint)  _FUNC_(boolean)  _FUNC_(decimal(38,18))  _FUNC_(double)  _FUNC_(float)  _FUNC_(smallint)  _FUNC_(string)  _FUNC_(struct<rowid:bigint,writeid:bigint,bucketid:int>)  _FUNC_(timestamp)  _FUNC_(tinyint)  _FUNC_(void)  
2024-04-24T01:10:03,542 ERROR [main] ql.Driver: FAILED: NoMatchingMethodException No matching method for class org.apache.hadoop.hive.ql.udf.UDFToInteger with (struct<writeid:bigint,bucketid:int,rowid:bigint>). Possible choices: _FUNC_(bigint)  _FUNC_(boolean)  _FUNC_(decimal(38,18))  _FUNC_(double)  _FUNC_(float)  _FUNC_(smallint)  _FUNC_(string)  _FUNC_(struct<rowid:bigint,writeid:bigint,bucketid:int>)  _FUNC_(timestamp)  _FUNC_(tinyint)  _FUNC_(void)  
org.apache.hadoop.hive.ql.exec.NoMatchingMethodException: No matching method for class org.apache.hadoop.hive.ql.udf.UDFToInteger with (struct<writeid:bigint,bucketid:int,rowid:bigint>). Possible choices: _FUNC_(bigint)  _FUNC_(boolean)  _FUNC_(decimal(38,18))  _FUNC_(double)  _FUNC_(float)  _FUNC_(smallint)  _FUNC_(string)  _FUNC_(struct<rowid:bigint,writeid:bigint,bucketid:int>)  _FUNC_(timestamp)  _FUNC_(tinyint)  _FUNC_(void)  
	at org.apache.hadoop.hive.ql.exec.MethodUtils.getMethodInternal(MethodUtils.java:130)
	at org.apache.hadoop.hive.ql.exec.MethodUtils.getMethodInternal(MethodUtils.java:60)
	at org.apache.hadoop.hive.ql.exec.DefaultUDFMethodResolver.getEvalMethod(DefaultUDFMethodResolver.java:59)
	at org.apache.hadoop.hive.ql.udf.TimestampCastRestrictorResolver.getEvalMethod(TimestampCastRestrictorResolver.java:68)
	at org.apache.hadoop.hive.ql.udf.generic.GenericUDFBridge.initialize(GenericUDFBridge.java:168)
	at org.apache.hadoop.hive.ql.udf.generic.GenericUDF.initializeAndFoldConstants(GenericUDF.java:149)
	at org.apache.hadoop.hive.ql.plan.ExprNodeGenericFuncDesc.newInstance(ExprNodeGenericFuncDesc.java:235)
	at org.apache.hadoop.hive.ql.parse.type.ExprNodeDescExprFactory.createFuncCallExpr(ExprNodeDescExprFactory.java:584)
	at org.apache.hadoop.hive.ql.parse.type.ExprNodeDescExprFactory.createFuncCallExpr(ExprNodeDescExprFactory.java:97)
	at org.apache.hadoop.hive.ql.parse.type.TypeCheckProcFactory$DefaultExprProcessor.getFuncExprNodeDescWithUdfData(TypeCheckProcFactory.java:762)
	at org.apache.hadoop.hive.ql.parse.type.TypeCheckProcFactory$DefaultExprProcessor.createConversionCast(TypeCheckProcFactory.java:783)
	at org.apache.hadoop.hive.ql.parse.SemanticAnalyzer.getPartitionColsFromBucketColsForUpdateDelete(SemanticAnalyzer.java:8725)
	at org.apache.hadoop.hive.ql.parse.SemanticAnalyzer.genBucketingSortingDest(SemanticAnalyzer.java:6914)
	at org.apache.hadoop.hive.ql.parse.SemanticAnalyzer.genFileSinkPlan(SemanticAnalyzer.java:7335)
	at org.apache.hadoop.hive.ql.parse.SemanticAnalyzer.genPostGroupByBodyPlan(SemanticAnalyzer.java:11063)
	at org.apache.hadoop.hive.ql.parse.SemanticAnalyzer.genBodyPlan(SemanticAnalyzer.java:10938)
	at org.apache.hadoop.hive.ql.parse.SemanticAnalyzer.genPlan(SemanticAnalyzer.java:11853)
	at org.apache.hadoop.hive.ql.parse.SemanticAnalyzer.genPlan(SemanticAnalyzer.java:11723)
	at org.apache.hadoop.hive.ql.parse.CalcitePlanner.genOPTree(CalcitePlanner.java:626)
	at org.apache.hadoop.hive.ql.parse.SemanticAnalyzer.analyzeInternal(SemanticAnalyzer.java:12558)
	at org.apache.hadoop.hive.ql.parse.CalcitePlanner.analyzeInternal(CalcitePlanner.java:456)
	at org.apache.hadoop.hive.ql.parse.RewriteSemanticAnalyzer.analyzeInternal(RewriteSemanticAnalyzer.java:67)
	at org.apache.hadoop.hive.ql.parse.BaseSemanticAnalyzer.analyze(BaseSemanticAnalyzer.java:317)
	at org.apache.hadoop.hive.ql.parse.UpdateDeleteSemanticAnalyzer.reparseAndSuperAnalyze(UpdateDeleteSemanticAnalyzer.java:208)
	at org.apache.hadoop.hive.ql.parse.UpdateDeleteSemanticAnalyzer.analyzeUpdate(UpdateDeleteSemanticAnalyzer.java:63)
	at org.apache.hadoop.hive.ql.parse.UpdateDeleteSemanticAnalyzer.analyze(UpdateDeleteSemanticAnalyzer.java:53)
	at org.apache.hadoop.hive.ql.parse.RewriteSemanticAnalyzer.analyzeInternal(RewriteSemanticAnalyzer.java:72)
	at org.apache.hadoop.hive.ql.parse.BaseSemanticAnalyzer.analyze(BaseSemanticAnalyzer.java:317)
	at org.apache.hadoop.hive.ql.Compiler.analyze(Compiler.java:223)
	at org.apache.hadoop.hive.ql.Compiler.compile(Compiler.java:105)
	at org.apache.hadoop.hive.ql.Driver.compile(Driver.java:500)
	at org.apache.hadoop.hive.ql.Driver.compileInternal(Driver.java:453)
	at org.apache.hadoop.hive.ql.Driver.runInternal(Driver.java:181)
	at org.apache.hadoop.hive.ql.Driver.run(Driver.java:153)
	at org.apache.hadoop.hive.ql.Driver.run(Driver.java:140)
	at org.apache.hadoop.hive.ql.TxnCommandsBaseForTests.runStatementOnDriver(TxnCommandsBaseForTests.java:245)
	at org.apache.hadoop.hive.ql.TestTxnCommands.acidVersionTest(TestTxnCommands.java:1482)
	at org.apache.hadoop.hive.ql.TestTxnCommands.testVersioningVersionFileDisabled(TestTxnCommands.java:1467)
	at sun.reflect.NativeMethodAccessorImpl.invoke0(Native Method)
	at sun.reflect.NativeMethodAccessorImpl.invoke(NativeMethodAccessorImpl.java:62)
	at sun.reflect.DelegatingMethodAccessorImpl.invoke(DelegatingMethodAccessorImpl.java:43)
	at java.lang.reflect.Method.invoke(Method.java:498)
	at org.junit.runners.model.FrameworkMethod$1.runReflectiveCall(FrameworkMethod.java:59)
	at org.junit.internal.runners.model.ReflectiveCallable.run(ReflectiveCallable.java:12)
	at org.junit.runners.model.FrameworkMethod.invokeExplosively(FrameworkMethod.java:56)
	at org.junit.internal.runners.statements.InvokeMethod.evaluate(InvokeMethod.java:17)
	at org.junit.internal.runners.statements.RunBefores.evaluate(RunBefores.java:26)
	at org.junit.internal.runners.statements.RunAfters.evaluate(RunAfters.java:27)
	at org.junit.rules.TestWatcher$1.evaluate(TestWatcher.java:61)
	at org.junit.runners.ParentRunner$3.evaluate(ParentRunner.java:306)
	at org.junit.runners.BlockJUnit4ClassRunner$1.evaluate(BlockJUnit4ClassRunner.java:100)
	at org.junit.runners.ParentRunner.runLeaf(ParentRunner.java:366)
	at org.junit.runners.BlockJUnit4ClassRunner.runChild(BlockJUnit4ClassRunner.java:103)
	at org.junit.runners.BlockJUnit4ClassRunner.runChild(BlockJUnit4ClassRunner.java:63)
	at org.junit.runners.ParentRunner$4.run(ParentRunner.java:331)
	at org.junit.runners.ParentRunner$1.schedule(ParentRunner.java:79)
	at org.junit.runners.ParentRunner.runChildren(ParentRunner.java:329)
	at org.junit.runners.ParentRunner.access$100(ParentRunner.java:66)
	at org.junit.runners.ParentRunner$2.evaluate(ParentRunner.java:293)
	at org.junit.runners.ParentRunner$3.evaluate(ParentRunner.java:306)
	at org.junit.runners.ParentRunner.run(ParentRunner.java:413)
	at org.junit.runner.JUnitCore.run(JUnitCore.java:137)
	at org.junit.runner.JUnitCore.run(JUnitCore.java:115)
	at org.junit.vintage.engine.execution.RunnerExecutor.execute(RunnerExecutor.java:43)
	at java.util.stream.ForEachOps$ForEachOp$OfRef.accept(ForEachOps.java:183)
	at java.util.stream.ReferencePipeline$3$1.accept(ReferencePipeline.java:193)
	at java.util.Iterator.forEachRemaining(Iterator.java:116)
	at java.util.Spliterators$IteratorSpliterator.forEachRemaining(Spliterators.java:1801)
	at java.util.stream.AbstractPipeline.copyInto(AbstractPipeline.java:482)
	at java.util.stream.AbstractPipeline.wrapAndCopyInto(AbstractPipeline.java:472)
	at java.util.stream.ForEachOps$ForEachOp.evaluateSequential(ForEachOps.java:150)
	at java.util.stream.ForEachOps$ForEachOp$OfRef.evaluateSequential(ForEachOps.java:173)
	at java.util.stream.AbstractPipeline.evaluate(AbstractPipeline.java:234)
	at java.util.stream.ReferencePipeline.forEach(ReferencePipeline.java:485)
	at org.junit.vintage.engine.VintageTestEngine.executeAllChildren(VintageTestEngine.java:82)
	at org.junit.vintage.engine.VintageTestEngine.execute(VintageTestEngine.java:73)
	at org.junit.platform.launcher.core.DefaultLauncher.execute(DefaultLauncher.java:248)
	at org.junit.platform.launcher.core.DefaultLauncher.lambda$execute$5(DefaultLauncher.java:211)
	at org.junit.platform.launcher.core.DefaultLauncher.withInterceptedStreams(DefaultLauncher.java:226)
	at org.junit.platform.launcher.core.DefaultLauncher.execute(DefaultLauncher.java:199)
	at org.junit.platform.launcher.core.DefaultLauncher.execute(DefaultLauncher.java:132)
	at org.apache.maven.surefire.junitplatform.JUnitPlatformProvider.invokeAllTests(JUnitPlatformProvider.java:154)
	at org.apache.maven.surefire.junitplatform.JUnitPlatformProvider.invoke(JUnitPlatformProvider.java:123)
	at org.apache.maven.surefire.booter.ForkedBooter.runSuitesInProcess(ForkedBooter.java:377)
	at org.apache.maven.surefire.booter.ForkedBooter.execute(ForkedBooter.java:138)
	at org.apache.maven.surefire.booter.ForkedBooter.run(ForkedBooter.java:465)
	at org.apache.maven.surefire.booter.ForkedBooter.main(ForkedBooter.java:451)

2024-04-24T01:10:03,542  INFO [main] metadata.Hive: Dumping metastore api call timing information for : compilation phase
2024-04-24T01:10:03,542  INFO [main] metadata.Hive: Total time spent in each metastore function (ms): {openTxn_(String, TxnType)=3, getValidTxns_(long)=0, getTable_(GetTableRequest)=34, getAllTableConstraints_(AllTableConstraintsRequest)=5, isCompatibleWith_(Configuration)=1, getValidWriteIds_(List, String)=5, commitTxn_(CommitTxnRequest)=10, getCheckConstraints_(CheckConstraintsRequest)=1, getTableColumnStatistics_(String, String, List, String)=28, getNotNullConstraints_(NotNullConstraintsRequest)=1, flushCache_()=0}
2024-04-24T01:10:03,542  INFO [main] ql.Driver: Completed compiling command(queryId=alex_20240424011003_06498af0-405c-4e83-86f9-b612f2953446); Time taken: 0.176 seconds
2024-04-24T01:10:03,543  INFO [main] lockmgr.DbTxnManager: Stopped heartbeat for query: null
2024-04-24T01:10:03,546  INFO [main] txn.TxnHandler: Removed transactions: ([16]) from MIN_HISTORY_LEVEL
2024-04-24T01:10:03,552  INFO [main] ql.TxnCommandsBaseForTests: Running the query: drop table if exists acidTbl
2024-04-24T01:10:03,552  INFO [main] ql.Driver: Compiling command(queryId=alex_20240424011003_8d350632-5c5e-4ec5-8639-a30597c7a60a): drop table if exists acidTbl
2024-04-24T01:10:03,554  INFO [main] txn.TxnHandler: Added entries to MIN_HISTORY_LEVEL for current txns: ([17]) with min_open_txn: 16
2024-04-24T01:10:03,554  INFO [main] lockmgr.DbTxnManager: Opened txnid:17
2024-04-24T01:10:03,555  INFO [main] HiveMetaStore.audit: ugi=alex	ip=unknown-ip-addr	cmd=get_table : tbl=hive.default.acidTbl	
2024-04-24T01:10:03,561  INFO [main] metastore.HMSHandler: Skipping translation for processor with null
2024-04-24T01:10:03,561  INFO [main] ql.Driver: Semantic Analysis Completed (retrial = false)
2024-04-24T01:10:03,561  INFO [main] ql.Driver: Created Hive schema: Schema(fieldSchemas:null, properties:null)
2024-04-24T01:10:03,561  INFO [main] metadata.Hive: Dumping metastore api call timing information for : compilation phase
2024-04-24T01:10:03,561  INFO [main] metadata.Hive: Total time spent in each metastore function (ms): {getValidTxns_(long)=1, isCompatibleWith_(Configuration)=0, rollbackTxn_(long)=9, openTxn_(String, TxnType)=2, getTable_(GetTableRequest)=6, flushCache_()=0}
2024-04-24T01:10:03,561  INFO [main] ql.Driver: Completed compiling command(queryId=alex_20240424011003_8d350632-5c5e-4ec5-8639-a30597c7a60a); Time taken: 0.009 seconds
2024-04-24T01:10:03,561  INFO [main] lockmgr.DbTxnManager: Setting lock request transaction to txnid:17 for queryId=alex_20240424011003_8d350632-5c5e-4ec5-8639-a30597c7a60a
2024-04-24T01:10:03,562  INFO [main] lockmgr.DbLockManager: Requesting lock for queryId=alex_20240424011003_8d350632-5c5e-4ec5-8639-a30597c7a60a
2024-04-24T01:10:03,574  INFO [main] lockmgr.DbLockManager: Response to queryId=alex_20240424011003_8d350632-5c5e-4ec5-8639-a30597c7a60a LockResponse(lockid:9, state:ACQUIRED)
2024-04-24T01:10:03,574  INFO [main] ql.Driver: Operation DROPTABLE obtained 1 locks
2024-04-24T01:10:03,574  INFO [main] ql.Driver: Executing command(queryId=alex_20240424011003_8d350632-5c5e-4ec5-8639-a30597c7a60a): drop table if exists acidTbl
2024-04-24T01:10:03,574  INFO [main] ql.Driver: Starting task [Stage-0:DDL] in serial mode
2024-04-24T01:10:03,574  INFO [main] HiveMetaStore.audit: ugi=alex	ip=unknown-ip-addr	cmd=get_table : tbl=hive.default.acidTbl	
2024-04-24T01:10:03,580  INFO [main] metastore.HMSHandler: Skipping translation for processor with null
2024-04-24T01:10:03,580  INFO [main] HiveMetaStore.audit: ugi=alex	ip=unknown-ip-addr	cmd=get_table : tbl=hive.default.acidTbl	
2024-04-24T01:10:03,586  INFO [main] metastore.HMSHandler: Skipping translation for processor with null
2024-04-24T01:10:03,586  INFO [main] HiveMetaStore.audit: ugi=alex	ip=unknown-ip-addr	cmd=drop_table : tbl=hive.default.acidTbl	
2024-04-24T01:10:03,674  INFO [main] metadata.Hive: Dumping metastore api call timing information for : execution phase
2024-04-24T01:10:03,674  INFO [main] metadata.Hive: Total time spent in each metastore function (ms): {isCompatibleWith_(Configuration)=0, getTable_(GetTableRequest)=6, dropTable_(String, String, boolean, boolean, boolean)=94}
2024-04-24T01:10:03,674  INFO [main] ql.Driver: Completed executing command(queryId=alex_20240424011003_8d350632-5c5e-4ec5-8639-a30597c7a60a); Time taken: 0.1 seconds
2024-04-24T01:10:03,674  INFO [main] lockmgr.DbTxnManager: Stopped heartbeat for query: alex_20240424011003_8d350632-5c5e-4ec5-8639-a30597c7a60a
2024-04-24T01:10:03,678  INFO [main] txn.TxnHandler: Expected to move at least one record from txn_components to completed_txn_components when committing txn! txnid:17
2024-04-24T01:10:03,683  INFO [main] txn.TxnHandler: Removed transactions: ([17]) from MIN_HISTORY_LEVEL
2024-04-24T01:10:03,683  WARN [main] txn.CompactionTxnHandler: No compaction queue record found for Compaction type transaction commit. txnId:17
2024-04-24T01:10:03,683  INFO [main] ql.TxnCommandsBaseForTests: Running the query: drop table if exists acidTblPart
2024-04-24T01:10:03,684  INFO [main] ql.Driver: Compiling command(queryId=alex_20240424011003_bdb846a5-0d66-4638-8d4d-541b5ef61bc9): drop table if exists acidTblPart
2024-04-24T01:10:03,685  INFO [main] txn.TxnHandler: Added entries to MIN_HISTORY_LEVEL for current txns: ([18]) with min_open_txn: 16
2024-04-24T01:10:03,686  INFO [main] lockmgr.DbTxnManager: Opened txnid:18
2024-04-24T01:10:03,686  INFO [main] HiveMetaStore.audit: ugi=alex	ip=unknown-ip-addr	cmd=get_table : tbl=hive.default.acidTblPart	
2024-04-24T01:10:03,692  INFO [main] metastore.HMSHandler: Skipping translation for processor with null
2024-04-24T01:10:03,692  INFO [main] ql.Driver: Semantic Analysis Completed (retrial = false)
2024-04-24T01:10:03,692  INFO [main] ql.Driver: Created Hive schema: Schema(fieldSchemas:null, properties:null)
2024-04-24T01:10:03,692  INFO [main] metadata.Hive: Dumping metastore api call timing information for : compilation phase
2024-04-24T01:10:03,693  INFO [main] metadata.Hive: Total time spent in each metastore function (ms): {flushCache_()=0, isCompatibleWith_(Configuration)=0, getTable_(GetTableRequest)=6, commitTxn_(CommitTxnRequest)=9, openTxn_(String, TxnType)=2, getValidTxns_(long)=0}
2024-04-24T01:10:03,693  INFO [main] ql.Driver: Completed compiling command(queryId=alex_20240424011003_bdb846a5-0d66-4638-8d4d-541b5ef61bc9); Time taken: 0.008 seconds
2024-04-24T01:10:03,693  INFO [main] lockmgr.DbTxnManager: Setting lock request transaction to txnid:18 for queryId=alex_20240424011003_bdb846a5-0d66-4638-8d4d-541b5ef61bc9
2024-04-24T01:10:03,693  INFO [main] lockmgr.DbLockManager: Requesting lock for queryId=alex_20240424011003_bdb846a5-0d66-4638-8d4d-541b5ef61bc9
2024-04-24T01:10:03,706  INFO [main] lockmgr.DbLockManager: Response to queryId=alex_20240424011003_bdb846a5-0d66-4638-8d4d-541b5ef61bc9 LockResponse(lockid:10, state:ACQUIRED)
2024-04-24T01:10:03,706  INFO [main] ql.Driver: Operation DROPTABLE obtained 1 locks
2024-04-24T01:10:03,706  INFO [main] ql.Driver: Executing command(queryId=alex_20240424011003_bdb846a5-0d66-4638-8d4d-541b5ef61bc9): drop table if exists acidTblPart
2024-04-24T01:10:03,706  INFO [main] ql.Driver: Starting task [Stage-0:DDL] in serial mode
2024-04-24T01:10:03,706  INFO [main] HiveMetaStore.audit: ugi=alex	ip=unknown-ip-addr	cmd=get_table : tbl=hive.default.acidTblPart	
2024-04-24T01:10:03,712  INFO [main] metastore.HMSHandler: Skipping translation for processor with null
2024-04-24T01:10:03,712  INFO [main] HiveMetaStore.audit: ugi=alex	ip=unknown-ip-addr	cmd=get_table : tbl=hive.default.acidTblPart	
2024-04-24T01:10:03,718  INFO [main] metastore.HMSHandler: Skipping translation for processor with null
2024-04-24T01:10:03,718  INFO [main] HiveMetaStore.audit: ugi=alex	ip=unknown-ip-addr	cmd=drop_table : tbl=hive.default.acidTblPart	
2024-04-24T01:10:03,756  INFO [main] metadata.Hive: Dumping metastore api call timing information for : execution phase
2024-04-24T01:10:03,756  INFO [main] metadata.Hive: Total time spent in each metastore function (ms): {getTable_(GetTableRequest)=6, dropTable_(String, String, boolean, boolean, boolean)=44, isCompatibleWith_(Configuration)=0}
2024-04-24T01:10:03,756  INFO [main] ql.Driver: Completed executing command(queryId=alex_20240424011003_bdb846a5-0d66-4638-8d4d-541b5ef61bc9); Time taken: 0.05 seconds
2024-04-24T01:10:03,756  INFO [main] lockmgr.DbTxnManager: Stopped heartbeat for query: alex_20240424011003_bdb846a5-0d66-4638-8d4d-541b5ef61bc9
2024-04-24T01:10:03,760  INFO [main] txn.TxnHandler: Expected to move at least one record from txn_components to completed_txn_components when committing txn! txnid:18
2024-04-24T01:10:03,765  INFO [main] txn.TxnHandler: Removed transactions: ([18]) from MIN_HISTORY_LEVEL
2024-04-24T01:10:03,765  WARN [main] txn.CompactionTxnHandler: No compaction queue record found for Compaction type transaction commit. txnId:18
2024-04-24T01:10:03,765  INFO [main] ql.TxnCommandsBaseForTests: Running the query: drop table if exists acidTbl2
2024-04-24T01:10:03,766  INFO [main] ql.Driver: Compiling command(queryId=alex_20240424011003_ff4646dc-e0c3-4225-8c7b-d91bfd208666): drop table if exists acidTbl2
2024-04-24T01:10:03,768  INFO [main] txn.TxnHandler: Added entries to MIN_HISTORY_LEVEL for current txns: ([19]) with min_open_txn: 16
2024-04-24T01:10:03,768  INFO [main] lockmgr.DbTxnManager: Opened txnid:19
2024-04-24T01:10:03,769  INFO [main] ql.Driver: Semantic Analysis Completed (retrial = false)
2024-04-24T01:10:03,769  INFO [main] ql.Driver: Created Hive schema: Schema(fieldSchemas:null, properties:null)
2024-04-24T01:10:03,769  INFO [main] metadata.Hive: Dumping metastore api call timing information for : compilation phase
2024-04-24T01:10:03,769  INFO [main] metadata.Hive: Total time spent in each metastore function (ms): {getValidTxns_(long)=0, openTxn_(String, TxnType)=2, commitTxn_(CommitTxnRequest)=9, isCompatibleWith_(Configuration)=0, getTable_(GetTableRequest)=0, flushCache_()=0}
2024-04-24T01:10:03,769  INFO [main] ql.Driver: Completed compiling command(queryId=alex_20240424011003_ff4646dc-e0c3-4225-8c7b-d91bfd208666); Time taken: 0.003 seconds
2024-04-24T01:10:03,769  INFO [main] lockmgr.DbTxnManager: Setting lock request transaction to txnid:19 for queryId=alex_20240424011003_ff4646dc-e0c3-4225-8c7b-d91bfd208666
2024-04-24T01:10:03,769  INFO [main] ql.Driver: Operation DROPTABLE obtained 0 locks
2024-04-24T01:10:03,769  INFO [main] ql.Driver: Executing command(queryId=alex_20240424011003_ff4646dc-e0c3-4225-8c7b-d91bfd208666): drop table if exists acidTbl2
2024-04-24T01:10:03,770  INFO [main] ql.Driver: Starting task [Stage-0:DDL] in serial mode
2024-04-24T01:10:03,770  INFO [main] metadata.SessionHiveMetaStoreClient: Column stats doesn't exist for db=default temp table=acidTbl2
2024-04-24T01:10:03,770  INFO [main] metadata.Hive: Dumping metastore api call timing information for : execution phase
2024-04-24T01:10:03,770  INFO [main] metadata.Hive: Total time spent in each metastore function (ms): {getTable_(GetTableRequest)=0, isCompatibleWith_(Configuration)=0, dropTable_(String, String, boolean, boolean, boolean)=0}
2024-04-24T01:10:03,771  INFO [main] ql.Driver: Completed executing command(queryId=alex_20240424011003_ff4646dc-e0c3-4225-8c7b-d91bfd208666); Time taken: 0.001 seconds
2024-04-24T01:10:03,771  INFO [main] lockmgr.DbTxnManager: Stopped heartbeat for query: alex_20240424011003_ff4646dc-e0c3-4225-8c7b-d91bfd208666
2024-04-24T01:10:03,775  INFO [main] txn.TxnHandler: Expected to move at least one record from txn_components to completed_txn_components when committing txn! txnid:19
2024-04-24T01:10:03,780  INFO [main] txn.TxnHandler: Removed transactions: ([19]) from MIN_HISTORY_LEVEL
2024-04-24T01:10:03,781  WARN [main] txn.CompactionTxnHandler: No compaction queue record found for Compaction type transaction commit. txnId:19
2024-04-24T01:10:03,781  INFO [main] ql.TxnCommandsBaseForTests: Running the query: drop table if exists nonAcidOrcTbl
2024-04-24T01:10:03,781  INFO [main] ql.Driver: Compiling command(queryId=alex_20240424011003_a72e9473-aacb-41b8-bb7d-6e75087224c3): drop table if exists nonAcidOrcTbl
2024-04-24T01:10:03,784  INFO [main] txn.TxnHandler: Added entries to MIN_HISTORY_LEVEL for current txns: ([20]) with min_open_txn: 16
2024-04-24T01:10:03,784  INFO [main] lockmgr.DbTxnManager: Opened txnid:20
2024-04-24T01:10:03,785  INFO [main] HiveMetaStore.audit: ugi=alex	ip=unknown-ip-addr	cmd=get_table : tbl=hive.default.nonAcidOrcTbl	
2024-04-24T01:10:03,807  INFO [main] metastore.HMSHandler: Skipping translation for processor with null
2024-04-24T01:10:03,807  INFO [main] ql.Driver: Semantic Analysis Completed (retrial = false)
2024-04-24T01:10:03,807  INFO [main] ql.Driver: Created Hive schema: Schema(fieldSchemas:null, properties:null)
2024-04-24T01:10:03,807  INFO [main] metadata.Hive: Dumping metastore api call timing information for : compilation phase
2024-04-24T01:10:03,808  INFO [main] metadata.Hive: Total time spent in each metastore function (ms): {commitTxn_(CommitTxnRequest)=10, getValidTxns_(long)=1, openTxn_(String, TxnType)=2, isCompatibleWith_(Configuration)=0, getTable_(GetTableRequest)=22, flushCache_()=0}
2024-04-24T01:10:03,808  INFO [main] ql.Driver: Completed compiling command(queryId=alex_20240424011003_a72e9473-aacb-41b8-bb7d-6e75087224c3); Time taken: 0.026 seconds
2024-04-24T01:10:03,808  INFO [main] lockmgr.DbTxnManager: Setting lock request transaction to txnid:20 for queryId=alex_20240424011003_a72e9473-aacb-41b8-bb7d-6e75087224c3
2024-04-24T01:10:03,809  INFO [main] lockmgr.DbLockManager: Requesting lock for queryId=alex_20240424011003_a72e9473-aacb-41b8-bb7d-6e75087224c3
2024-04-24T01:10:03,823  INFO [main] lockmgr.DbLockManager: Response to queryId=alex_20240424011003_a72e9473-aacb-41b8-bb7d-6e75087224c3 LockResponse(lockid:11, state:ACQUIRED)
2024-04-24T01:10:03,823  INFO [main] ql.Driver: Operation DROPTABLE obtained 1 locks
2024-04-24T01:10:03,823  INFO [main] ql.Driver: Executing command(queryId=alex_20240424011003_a72e9473-aacb-41b8-bb7d-6e75087224c3): drop table if exists nonAcidOrcTbl
2024-04-24T01:10:03,823  INFO [main] ql.Driver: Starting task [Stage-0:DDL] in serial mode
2024-04-24T01:10:03,823  INFO [main] HiveMetaStore.audit: ugi=alex	ip=unknown-ip-addr	cmd=get_table : tbl=hive.default.nonAcidOrcTbl	
2024-04-24T01:10:03,831  INFO [main] metastore.HMSHandler: Skipping translation for processor with null
2024-04-24T01:10:03,832  INFO [main] HiveMetaStore.audit: ugi=alex	ip=unknown-ip-addr	cmd=get_table : tbl=hive.default.nonAcidOrcTbl	
2024-04-24T01:10:03,840  INFO [main] metastore.HMSHandler: Skipping translation for processor with null
2024-04-24T01:10:03,840  INFO [main] HiveMetaStore.audit: ugi=alex	ip=unknown-ip-addr	cmd=drop_table : tbl=hive.default.nonAcidOrcTbl	
2024-04-24T01:10:03,927  INFO [main] metadata.Hive: Dumping metastore api call timing information for : execution phase
2024-04-24T01:10:03,927  INFO [main] metadata.Hive: Total time spent in each metastore function (ms): {isCompatibleWith_(Configuration)=0, dropTable_(String, String, boolean, boolean, boolean)=95, getTable_(GetTableRequest)=9}
2024-04-24T01:10:03,927  INFO [main] ql.Driver: Completed executing command(queryId=alex_20240424011003_a72e9473-aacb-41b8-bb7d-6e75087224c3); Time taken: 0.104 seconds
2024-04-24T01:10:03,927  INFO [main] lockmgr.DbTxnManager: Stopped heartbeat for query: alex_20240424011003_a72e9473-aacb-41b8-bb7d-6e75087224c3
2024-04-24T01:10:03,931  INFO [main] txn.TxnHandler: Expected to move at least one record from txn_components to completed_txn_components when committing txn! txnid:20
2024-04-24T01:10:03,937  INFO [main] txn.TxnHandler: Removed transactions: ([20]) from MIN_HISTORY_LEVEL
2024-04-24T01:10:03,937  WARN [main] txn.CompactionTxnHandler: No compaction queue record found for Compaction type transaction commit. txnId:20
2024-04-24T01:10:03,938  INFO [main] ql.TxnCommandsBaseForTests: Running the query: drop table if exists nonAcidOrcTbl2
2024-04-24T01:10:03,938  INFO [main] ql.Driver: Compiling command(queryId=alex_20240424011003_12bb607a-e8ff-4a46-960f-cf918b1edc06): drop table if exists nonAcidOrcTbl2
2024-04-24T01:10:03,940  INFO [main] txn.TxnHandler: Added entries to MIN_HISTORY_LEVEL for current txns: ([21]) with min_open_txn: 16
2024-04-24T01:10:03,941  INFO [main] lockmgr.DbTxnManager: Opened txnid:21
2024-04-24T01:10:03,941  INFO [main] HiveMetaStore.audit: ugi=alex	ip=unknown-ip-addr	cmd=get_table : tbl=hive.default.nonAcidOrcTbl2	
2024-04-24T01:10:03,949  INFO [main] metastore.HMSHandler: Skipping translation for processor with null
2024-04-24T01:10:03,949  INFO [main] ql.Driver: Semantic Analysis Completed (retrial = false)
2024-04-24T01:10:03,949  INFO [main] ql.Driver: Created Hive schema: Schema(fieldSchemas:null, properties:null)
2024-04-24T01:10:03,949  INFO [main] metadata.Hive: Dumping metastore api call timing information for : compilation phase
2024-04-24T01:10:03,949  INFO [main] metadata.Hive: Total time spent in each metastore function (ms): {getTable_(GetTableRequest)=8, flushCache_()=0, getValidTxns_(long)=0, isCompatibleWith_(Configuration)=1, commitTxn_(CommitTxnRequest)=10, openTxn_(String, TxnType)=2}
2024-04-24T01:10:03,950  INFO [main] ql.Driver: Completed compiling command(queryId=alex_20240424011003_12bb607a-e8ff-4a46-960f-cf918b1edc06); Time taken: 0.011 seconds
2024-04-24T01:10:03,950  INFO [main] lockmgr.DbTxnManager: Setting lock request transaction to txnid:21 for queryId=alex_20240424011003_12bb607a-e8ff-4a46-960f-cf918b1edc06
2024-04-24T01:10:03,950  INFO [main] lockmgr.DbLockManager: Requesting lock for queryId=alex_20240424011003_12bb607a-e8ff-4a46-960f-cf918b1edc06
2024-04-24T01:10:03,964  INFO [main] lockmgr.DbLockManager: Response to queryId=alex_20240424011003_12bb607a-e8ff-4a46-960f-cf918b1edc06 LockResponse(lockid:12, state:ACQUIRED)
2024-04-24T01:10:03,964  INFO [main] ql.Driver: Operation DROPTABLE obtained 1 locks
2024-04-24T01:10:03,964  INFO [main] ql.Driver: Executing command(queryId=alex_20240424011003_12bb607a-e8ff-4a46-960f-cf918b1edc06): drop table if exists nonAcidOrcTbl2
2024-04-24T01:10:03,964  INFO [main] ql.Driver: Starting task [Stage-0:DDL] in serial mode
2024-04-24T01:10:03,965  INFO [main] HiveMetaStore.audit: ugi=alex	ip=unknown-ip-addr	cmd=get_table : tbl=hive.default.nonAcidOrcTbl2	
2024-04-24T01:10:03,973  INFO [main] metastore.HMSHandler: Skipping translation for processor with null
2024-04-24T01:10:03,973  INFO [main] HiveMetaStore.audit: ugi=alex	ip=unknown-ip-addr	cmd=get_table : tbl=hive.default.nonAcidOrcTbl2	
2024-04-24T01:10:03,981  INFO [main] metastore.HMSHandler: Skipping translation for processor with null
2024-04-24T01:10:03,981  INFO [main] HiveMetaStore.audit: ugi=alex	ip=unknown-ip-addr	cmd=drop_table : tbl=hive.default.nonAcidOrcTbl2	
2024-04-24T01:10:04,014  INFO [main] metadata.Hive: Dumping metastore api call timing information for : execution phase
2024-04-24T01:10:04,014  INFO [main] metadata.Hive: Total time spent in each metastore function (ms): {isCompatibleWith_(Configuration)=0, dropTable_(String, String, boolean, boolean, boolean)=40, getTable_(GetTableRequest)=8}
2024-04-24T01:10:04,014  INFO [main] ql.Driver: Completed executing command(queryId=alex_20240424011003_12bb607a-e8ff-4a46-960f-cf918b1edc06); Time taken: 0.049 seconds
2024-04-24T01:10:04,014  INFO [main] lockmgr.DbTxnManager: Stopped heartbeat for query: alex_20240424011003_12bb607a-e8ff-4a46-960f-cf918b1edc06
2024-04-24T01:10:04,020  INFO [main] txn.TxnHandler: Expected to move at least one record from txn_components to completed_txn_components when committing txn! txnid:21
2024-04-24T01:10:04,028  INFO [main] txn.TxnHandler: Removed transactions: ([21]) from MIN_HISTORY_LEVEL
2024-04-24T01:10:04,028  WARN [main] txn.CompactionTxnHandler: No compaction queue record found for Compaction type transaction commit. txnId:21
2024-04-24T01:10:04,029  INFO [main] ql.TxnCommandsBaseForTests: Running the query: drop table if exists nonAcidNonBucket
2024-04-24T01:10:04,029  INFO [main] ql.Driver: Compiling command(queryId=alex_20240424011004_c357f790-9582-4805-a3fa-8c7c1fc42703): drop table if exists nonAcidNonBucket
2024-04-24T01:10:04,032  INFO [main] txn.TxnHandler: Added entries to MIN_HISTORY_LEVEL for current txns: ([22]) with min_open_txn: 16
2024-04-24T01:10:04,032  INFO [main] lockmgr.DbTxnManager: Opened txnid:22
2024-04-24T01:10:04,033  INFO [main] HiveMetaStore.audit: ugi=alex	ip=unknown-ip-addr	cmd=get_table : tbl=hive.default.nonAcidNonBucket	
2024-04-24T01:10:04,042  INFO [main] metastore.HMSHandler: Skipping translation for processor with null
2024-04-24T01:10:04,042  INFO [main] ql.Driver: Semantic Analysis Completed (retrial = false)
2024-04-24T01:10:04,042  INFO [main] ql.Driver: Created Hive schema: Schema(fieldSchemas:null, properties:null)
2024-04-24T01:10:04,042  INFO [main] metadata.Hive: Dumping metastore api call timing information for : compilation phase
2024-04-24T01:10:04,042  INFO [main] metadata.Hive: Total time spent in each metastore function (ms): {isCompatibleWith_(Configuration)=0, openTxn_(String, TxnType)=2, getTable_(GetTableRequest)=9, commitTxn_(CommitTxnRequest)=15, getValidTxns_(long)=1, flushCache_()=0}
2024-04-24T01:10:04,042  INFO [main] ql.Driver: Completed compiling command(queryId=alex_20240424011004_c357f790-9582-4805-a3fa-8c7c1fc42703); Time taken: 0.013 seconds
2024-04-24T01:10:04,043  INFO [main] lockmgr.DbTxnManager: Setting lock request transaction to txnid:22 for queryId=alex_20240424011004_c357f790-9582-4805-a3fa-8c7c1fc42703
2024-04-24T01:10:04,043  INFO [main] lockmgr.DbLockManager: Requesting lock for queryId=alex_20240424011004_c357f790-9582-4805-a3fa-8c7c1fc42703
2024-04-24T01:10:04,057  INFO [main] lockmgr.DbLockManager: Response to queryId=alex_20240424011004_c357f790-9582-4805-a3fa-8c7c1fc42703 LockResponse(lockid:13, state:ACQUIRED)
2024-04-24T01:10:04,057  INFO [main] ql.Driver: Operation DROPTABLE obtained 1 locks
2024-04-24T01:10:04,058  INFO [main] ql.Driver: Executing command(queryId=alex_20240424011004_c357f790-9582-4805-a3fa-8c7c1fc42703): drop table if exists nonAcidNonBucket
2024-04-24T01:10:04,058  INFO [main] ql.Driver: Starting task [Stage-0:DDL] in serial mode
2024-04-24T01:10:04,058  INFO [main] HiveMetaStore.audit: ugi=alex	ip=unknown-ip-addr	cmd=get_table : tbl=hive.default.nonAcidNonBucket	
2024-04-24T01:10:04,066  INFO [main] metastore.HMSHandler: Skipping translation for processor with null
2024-04-24T01:10:04,067  INFO [main] HiveMetaStore.audit: ugi=alex	ip=unknown-ip-addr	cmd=get_table : tbl=hive.default.nonAcidNonBucket	
2024-04-24T01:10:04,075  INFO [main] metastore.HMSHandler: Skipping translation for processor with null
2024-04-24T01:10:04,075  INFO [main] HiveMetaStore.audit: ugi=alex	ip=unknown-ip-addr	cmd=drop_table : tbl=hive.default.nonAcidNonBucket	
2024-04-24T01:10:04,104  INFO [main] metadata.Hive: Dumping metastore api call timing information for : execution phase
2024-04-24T01:10:04,104  INFO [main] metadata.Hive: Total time spent in each metastore function (ms): {dropTable_(String, String, boolean, boolean, boolean)=38, getTable_(GetTableRequest)=8, isCompatibleWith_(Configuration)=0}
2024-04-24T01:10:04,104  INFO [main] ql.Driver: Completed executing command(queryId=alex_20240424011004_c357f790-9582-4805-a3fa-8c7c1fc42703); Time taken: 0.046 seconds
2024-04-24T01:10:04,105  INFO [main] lockmgr.DbTxnManager: Stopped heartbeat for query: alex_20240424011004_c357f790-9582-4805-a3fa-8c7c1fc42703
2024-04-24T01:10:04,108  INFO [main] txn.TxnHandler: Expected to move at least one record from txn_components to completed_txn_components when committing txn! txnid:22
2024-04-24T01:10:04,115  INFO [main] txn.TxnHandler: Removed transactions: ([22]) from MIN_HISTORY_LEVEL
2024-04-24T01:10:04,115  WARN [main] txn.CompactionTxnHandler: No compaction queue record found for Compaction type transaction commit. txnId:22
2024-04-24T01:10:04,116  INFO [main] utils.TestTxnDbUtil: Cleaning transactional tables
]]></system-err>
  </testcase>
  <testcase name="testMultipleDelete" classname="org.apache.hadoop.hive.ql.TestTxnCommandsWithSplitUpdateAndVectorization" time="5.811">
    <error type="java.lang.RuntimeException"><![CDATA[java.lang.RuntimeException: delete from acidTbl where b = 8 failed: (responseCode = 2, errorMessage = FAILED: Execution Error, return code 2 from org.apache.hadoop.hive.ql.exec.mr.MapRedTask, SQLState = 08S01)
	at org.apache.hadoop.hive.ql.TxnCommandsBaseForTests.runStatementOnDriver(TxnCommandsBaseForTests.java:247)
	at org.apache.hadoop.hive.ql.TestTxnCommands.testMultipleDelete(TestTxnCommands.java:906)
	at sun.reflect.NativeMethodAccessorImpl.invoke0(Native Method)
	at sun.reflect.NativeMethodAccessorImpl.invoke(NativeMethodAccessorImpl.java:62)
	at sun.reflect.DelegatingMethodAccessorImpl.invoke(DelegatingMethodAccessorImpl.java:43)
	at java.lang.reflect.Method.invoke(Method.java:498)
	at org.junit.runners.model.FrameworkMethod$1.runReflectiveCall(FrameworkMethod.java:59)
	at org.junit.internal.runners.model.ReflectiveCallable.run(ReflectiveCallable.java:12)
	at org.junit.runners.model.FrameworkMethod.invokeExplosively(FrameworkMethod.java:56)
	at org.junit.internal.runners.statements.InvokeMethod.evaluate(InvokeMethod.java:17)
	at org.junit.internal.runners.statements.RunBefores.evaluate(RunBefores.java:26)
	at org.junit.internal.runners.statements.RunAfters.evaluate(RunAfters.java:27)
	at org.junit.rules.TestWatcher$1.evaluate(TestWatcher.java:61)
	at org.junit.runners.ParentRunner$3.evaluate(ParentRunner.java:306)
	at org.junit.runners.BlockJUnit4ClassRunner$1.evaluate(BlockJUnit4ClassRunner.java:100)
	at org.junit.runners.ParentRunner.runLeaf(ParentRunner.java:366)
	at org.junit.runners.BlockJUnit4ClassRunner.runChild(BlockJUnit4ClassRunner.java:103)
	at org.junit.runners.BlockJUnit4ClassRunner.runChild(BlockJUnit4ClassRunner.java:63)
	at org.junit.runners.ParentRunner$4.run(ParentRunner.java:331)
	at org.junit.runners.ParentRunner$1.schedule(ParentRunner.java:79)
	at org.junit.runners.ParentRunner.runChildren(ParentRunner.java:329)
	at org.junit.runners.ParentRunner.access$100(ParentRunner.java:66)
	at org.junit.runners.ParentRunner$2.evaluate(ParentRunner.java:293)
	at org.junit.runners.ParentRunner$3.evaluate(ParentRunner.java:306)
	at org.junit.runners.ParentRunner.run(ParentRunner.java:413)
	at org.junit.runner.JUnitCore.run(JUnitCore.java:137)
	at org.junit.runner.JUnitCore.run(JUnitCore.java:115)
	at org.junit.vintage.engine.execution.RunnerExecutor.execute(RunnerExecutor.java:43)
	at java.util.stream.ForEachOps$ForEachOp$OfRef.accept(ForEachOps.java:183)
	at java.util.stream.ReferencePipeline$3$1.accept(ReferencePipeline.java:193)
	at java.util.Iterator.forEachRemaining(Iterator.java:116)
	at java.util.Spliterators$IteratorSpliterator.forEachRemaining(Spliterators.java:1801)
	at java.util.stream.AbstractPipeline.copyInto(AbstractPipeline.java:482)
	at java.util.stream.AbstractPipeline.wrapAndCopyInto(AbstractPipeline.java:472)
	at java.util.stream.ForEachOps$ForEachOp.evaluateSequential(ForEachOps.java:150)
	at java.util.stream.ForEachOps$ForEachOp$OfRef.evaluateSequential(ForEachOps.java:173)
	at java.util.stream.AbstractPipeline.evaluate(AbstractPipeline.java:234)
	at java.util.stream.ReferencePipeline.forEach(ReferencePipeline.java:485)
	at org.junit.vintage.engine.VintageTestEngine.executeAllChildren(VintageTestEngine.java:82)
	at org.junit.vintage.engine.VintageTestEngine.execute(VintageTestEngine.java:73)
	at org.junit.platform.launcher.core.DefaultLauncher.execute(DefaultLauncher.java:248)
	at org.junit.platform.launcher.core.DefaultLauncher.lambda$execute$5(DefaultLauncher.java:211)
	at org.junit.platform.launcher.core.DefaultLauncher.withInterceptedStreams(DefaultLauncher.java:226)
	at org.junit.platform.launcher.core.DefaultLauncher.execute(DefaultLauncher.java:199)
	at org.junit.platform.launcher.core.DefaultLauncher.execute(DefaultLauncher.java:132)
	at org.apache.maven.surefire.junitplatform.JUnitPlatformProvider.invokeAllTests(JUnitPlatformProvider.java:154)
	at org.apache.maven.surefire.junitplatform.JUnitPlatformProvider.invoke(JUnitPlatformProvider.java:123)
	at org.apache.maven.surefire.booter.ForkedBooter.runSuitesInProcess(ForkedBooter.java:377)
	at org.apache.maven.surefire.booter.ForkedBooter.execute(ForkedBooter.java:138)
	at org.apache.maven.surefire.booter.ForkedBooter.run(ForkedBooter.java:465)
	at org.apache.maven.surefire.booter.ForkedBooter.main(ForkedBooter.java:451)
]]></error>
    <system-err><![CDATA[2024-04-24T01:10:04,180  WARN [main] conf.HiveConf: HiveConf of name hive.stats.key.prefix.reserve.length does not exist
2024-04-24T01:10:04,181  WARN [main] conf.HiveConf: HiveConf of name hive.llap.io.cache.orc.alloc.max does not exist
2024-04-24T01:10:04,181  WARN [main] conf.HiveConf: HiveConf of name hive.metastore.client.cache.maxSize does not exist
2024-04-24T01:10:04,181  WARN [main] conf.HiveConf: HiveConf of name hive.llap.io.cache.orc.alloc.min does not exist
2024-04-24T01:10:04,181  WARN [main] conf.HiveConf: HiveConf of name hive.dummyparam.test.server.specific.config.metastoresite does not exist
2024-04-24T01:10:04,181  WARN [main] conf.HiveConf: HiveConf of name hive.dummyparam.test.server.specific.config.override does not exist
2024-04-24T01:10:04,181  WARN [main] conf.HiveConf: HiveConf of name hive.metastore.client.cache.recordStats does not exist
2024-04-24T01:10:04,181  WARN [main] conf.HiveConf: HiveConf of name hive.llap.io.cache.orc.size does not exist
2024-04-24T01:10:04,181  WARN [main] conf.HiveConf: HiveConf of name hive.llap.io.cache.orc.arena.size does not exist
2024-04-24T01:10:04,181  WARN [main] conf.HiveConf: HiveConf of name hive.dummyparam.test.server.specific.config.hivesite does not exist
2024-04-24T01:10:04,181  WARN [main] conf.HiveConf: HiveConf of name hive.metastore.metadb.dir does not exist
2024-04-24T01:10:04,183  INFO [main] utils.TestTxnDbUtil: Creating transactional tables
Hive Session ID = c8e596ae-9366-4a59-b008-ea5f2c976cf2
2024-04-24T01:10:04,186  INFO [main] SessionState: Hive Session ID = c8e596ae-9366-4a59-b008-ea5f2c976cf2
ivysettings.xml file not found in HIVE_HOME or HIVE_CONF_DIR,/home/alex/Repositories/hive/conf/ivysettings.xml will be used
2024-04-24T01:10:04,186  INFO [main] DependencyResolver: ivysettings.xml file not found in HIVE_HOME or HIVE_CONF_DIR,/home/alex/Repositories/hive/conf/ivysettings.xml will be used
2024-04-24T01:10:04,191  INFO [main] session.SessionState: Created HDFS directory: /home/alex/Repositories/hive/ql/target/tmp/scratchdir/alex/c8e596ae-9366-4a59-b008-ea5f2c976cf2
2024-04-24T01:10:04,194  INFO [main] session.SessionState: Created local directory: /home/alex/Repositories/hive/ql/target/tmp/localscratchdir/c8e596ae-9366-4a59-b008-ea5f2c976cf2
2024-04-24T01:10:04,196  INFO [main] session.SessionState: Created HDFS directory: /home/alex/Repositories/hive/ql/target/tmp/scratchdir/alex/c8e596ae-9366-4a59-b008-ea5f2c976cf2/_tmp_space.db
2024-04-24T01:10:04,196  INFO [main] sqlstd.SQLStdHiveAccessController: Created SQLStdHiveAccessController for session context : HiveAuthzSessionContext [sessionString=c8e596ae-9366-4a59-b008-ea5f2c976cf2, clientType=HIVECLI]
2024-04-24T01:10:04,196  INFO [main] ql.TxnCommandsBaseForTests: Running the query: drop table if exists acidTbl
2024-04-24T01:10:04,197  INFO [main] ql.Driver: Compiling command(queryId=alex_20240424011004_3c380c84-fa58-478d-8f09-2d64067ecaba): drop table if exists acidTbl
2024-04-24T01:10:04,205  INFO [main] txn.TxnHandler: Added entries to MIN_HISTORY_LEVEL for current txns: ([1]) with min_open_txn: 1
2024-04-24T01:10:04,205  INFO [main] lockmgr.DbTxnManager: Opened txnid:1
2024-04-24T01:10:04,207  INFO [main] HiveMetaStore.audit: ugi=alex	ip=unknown-ip-addr	cmd=get_table : tbl=hive.default.acidTbl	
2024-04-24T01:10:04,210  INFO [main] ql.Driver: Semantic Analysis Completed (retrial = false)
2024-04-24T01:10:04,210  INFO [main] ql.Driver: Created Hive schema: Schema(fieldSchemas:null, properties:null)
2024-04-24T01:10:04,210  INFO [main] metadata.Hive: Dumping metastore api call timing information for : compilation phase
2024-04-24T01:10:04,210  INFO [main] metadata.Hive: Total time spent in each metastore function (ms): {isCompatibleWith_(Configuration)=0, commitTxn_(CommitTxnRequest)=10, getValidTxns_(long)=2, openTxn_(String, TxnType)=8, flushCache_()=0}
2024-04-24T01:10:04,210  INFO [main] ql.Driver: Completed compiling command(queryId=alex_20240424011004_3c380c84-fa58-478d-8f09-2d64067ecaba); Time taken: 0.013 seconds
2024-04-24T01:10:04,211  INFO [main] lockmgr.DbTxnManager: Setting lock request transaction to txnid:1 for queryId=alex_20240424011004_3c380c84-fa58-478d-8f09-2d64067ecaba
2024-04-24T01:10:04,211  INFO [main] ql.Driver: Operation DROPTABLE obtained 0 locks
2024-04-24T01:10:04,211  INFO [main] ql.Driver: Executing command(queryId=alex_20240424011004_3c380c84-fa58-478d-8f09-2d64067ecaba): drop table if exists acidTbl
2024-04-24T01:10:04,211  INFO [main] ql.Driver: Starting task [Stage-0:DDL] in serial mode
2024-04-24T01:10:04,211  INFO [main] HiveMetaStore.audit: ugi=alex	ip=unknown-ip-addr	cmd=get_table : tbl=hive.default.acidTbl	
2024-04-24T01:10:04,215  INFO [main] metadata.Hive: Dumping metastore api call timing information for : execution phase
2024-04-24T01:10:04,215  INFO [main] metadata.Hive: Total time spent in each metastore function (ms): {isCompatibleWith_(Configuration)=0}
2024-04-24T01:10:04,215  INFO [main] ql.Driver: Completed executing command(queryId=alex_20240424011004_3c380c84-fa58-478d-8f09-2d64067ecaba); Time taken: 0.004 seconds
2024-04-24T01:10:04,215  INFO [main] lockmgr.DbTxnManager: Stopped heartbeat for query: alex_20240424011004_3c380c84-fa58-478d-8f09-2d64067ecaba
2024-04-24T01:10:04,220  INFO [main] txn.TxnHandler: Expected to move at least one record from txn_components to completed_txn_components when committing txn! txnid:1
2024-04-24T01:10:04,225  INFO [main] txn.TxnHandler: Removed transactions: ([1]) from MIN_HISTORY_LEVEL
2024-04-24T01:10:04,225  WARN [main] txn.CompactionTxnHandler: No compaction queue record found for Compaction type transaction commit. txnId:1
2024-04-24T01:10:04,226  INFO [main] ql.TxnCommandsBaseForTests: Running the query: drop table if exists acidTblPart
2024-04-24T01:10:04,226  INFO [main] ql.Driver: Compiling command(queryId=alex_20240424011004_4307b1a2-a8e8-4fe6-9288-483d3facd0f8): drop table if exists acidTblPart
2024-04-24T01:10:04,228  INFO [main] txn.TxnHandler: Added entries to MIN_HISTORY_LEVEL for current txns: ([2]) with min_open_txn: 1
2024-04-24T01:10:04,228  INFO [main] lockmgr.DbTxnManager: Opened txnid:2
2024-04-24T01:10:04,229  INFO [main] HiveMetaStore.audit: ugi=alex	ip=unknown-ip-addr	cmd=get_table : tbl=hive.default.acidTblPart	
2024-04-24T01:10:04,232  INFO [main] ql.Driver: Semantic Analysis Completed (retrial = false)
2024-04-24T01:10:04,232  INFO [main] ql.Driver: Created Hive schema: Schema(fieldSchemas:null, properties:null)
2024-04-24T01:10:04,232  INFO [main] metadata.Hive: Dumping metastore api call timing information for : compilation phase
2024-04-24T01:10:04,232  INFO [main] metadata.Hive: Total time spent in each metastore function (ms): {commitTxn_(CommitTxnRequest)=11, isCompatibleWith_(Configuration)=0, flushCache_()=0, openTxn_(String, TxnType)=1, getValidTxns_(long)=0}
2024-04-24T01:10:04,232  INFO [main] ql.Driver: Completed compiling command(queryId=alex_20240424011004_4307b1a2-a8e8-4fe6-9288-483d3facd0f8); Time taken: 0.006 seconds
2024-04-24T01:10:04,232  INFO [main] lockmgr.DbTxnManager: Setting lock request transaction to txnid:2 for queryId=alex_20240424011004_4307b1a2-a8e8-4fe6-9288-483d3facd0f8
2024-04-24T01:10:04,232  INFO [main] ql.Driver: Operation DROPTABLE obtained 0 locks
2024-04-24T01:10:04,233  INFO [main] ql.Driver: Executing command(queryId=alex_20240424011004_4307b1a2-a8e8-4fe6-9288-483d3facd0f8): drop table if exists acidTblPart
2024-04-24T01:10:04,233  INFO [main] ql.Driver: Starting task [Stage-0:DDL] in serial mode
2024-04-24T01:10:04,233  INFO [main] HiveMetaStore.audit: ugi=alex	ip=unknown-ip-addr	cmd=get_table : tbl=hive.default.acidTblPart	
2024-04-24T01:10:04,236  INFO [main] metadata.Hive: Dumping metastore api call timing information for : execution phase
2024-04-24T01:10:04,236  INFO [main] metadata.Hive: Total time spent in each metastore function (ms): {isCompatibleWith_(Configuration)=0}
2024-04-24T01:10:04,236  INFO [main] ql.Driver: Completed executing command(queryId=alex_20240424011004_4307b1a2-a8e8-4fe6-9288-483d3facd0f8); Time taken: 0.004 seconds
2024-04-24T01:10:04,236  INFO [main] lockmgr.DbTxnManager: Stopped heartbeat for query: alex_20240424011004_4307b1a2-a8e8-4fe6-9288-483d3facd0f8
2024-04-24T01:10:04,241  INFO [main] txn.TxnHandler: Expected to move at least one record from txn_components to completed_txn_components when committing txn! txnid:2
2024-04-24T01:10:04,246  INFO [main] txn.TxnHandler: Removed transactions: ([2]) from MIN_HISTORY_LEVEL
2024-04-24T01:10:04,246  WARN [main] txn.CompactionTxnHandler: No compaction queue record found for Compaction type transaction commit. txnId:2
2024-04-24T01:10:04,247  INFO [main] ql.TxnCommandsBaseForTests: Running the query: drop table if exists acidTbl2
2024-04-24T01:10:04,247  INFO [main] ql.Driver: Compiling command(queryId=alex_20240424011004_fdff7086-5350-4c4c-b4bd-ae02716f17e4): drop table if exists acidTbl2
2024-04-24T01:10:04,249  INFO [main] txn.TxnHandler: Added entries to MIN_HISTORY_LEVEL for current txns: ([3]) with min_open_txn: 1
2024-04-24T01:10:04,249  INFO [main] lockmgr.DbTxnManager: Opened txnid:3
2024-04-24T01:10:04,250  INFO [main] HiveMetaStore.audit: ugi=alex	ip=unknown-ip-addr	cmd=get_table : tbl=hive.default.acidTbl2	
2024-04-24T01:10:04,252  INFO [main] ql.Driver: Semantic Analysis Completed (retrial = false)
2024-04-24T01:10:04,252  INFO [main] ql.Driver: Created Hive schema: Schema(fieldSchemas:null, properties:null)
2024-04-24T01:10:04,252  INFO [main] metadata.Hive: Dumping metastore api call timing information for : compilation phase
2024-04-24T01:10:04,253  INFO [main] metadata.Hive: Total time spent in each metastore function (ms): {isCompatibleWith_(Configuration)=0, openTxn_(String, TxnType)=2, commitTxn_(CommitTxnRequest)=10, flushCache_()=0, getValidTxns_(long)=1}
2024-04-24T01:10:04,253  INFO [main] ql.Driver: Completed compiling command(queryId=alex_20240424011004_fdff7086-5350-4c4c-b4bd-ae02716f17e4); Time taken: 0.005 seconds
2024-04-24T01:10:04,253  INFO [main] lockmgr.DbTxnManager: Setting lock request transaction to txnid:3 for queryId=alex_20240424011004_fdff7086-5350-4c4c-b4bd-ae02716f17e4
2024-04-24T01:10:04,253  INFO [main] ql.Driver: Operation DROPTABLE obtained 0 locks
2024-04-24T01:10:04,253  INFO [main] ql.Driver: Executing command(queryId=alex_20240424011004_fdff7086-5350-4c4c-b4bd-ae02716f17e4): drop table if exists acidTbl2
2024-04-24T01:10:04,253  INFO [main] ql.Driver: Starting task [Stage-0:DDL] in serial mode
2024-04-24T01:10:04,253  INFO [main] HiveMetaStore.audit: ugi=alex	ip=unknown-ip-addr	cmd=get_table : tbl=hive.default.acidTbl2	
2024-04-24T01:10:04,256  INFO [main] metadata.Hive: Dumping metastore api call timing information for : execution phase
2024-04-24T01:10:04,256  INFO [main] metadata.Hive: Total time spent in each metastore function (ms): {isCompatibleWith_(Configuration)=0}
2024-04-24T01:10:04,256  INFO [main] ql.Driver: Completed executing command(queryId=alex_20240424011004_fdff7086-5350-4c4c-b4bd-ae02716f17e4); Time taken: 0.003 seconds
2024-04-24T01:10:04,256  INFO [main] lockmgr.DbTxnManager: Stopped heartbeat for query: alex_20240424011004_fdff7086-5350-4c4c-b4bd-ae02716f17e4
2024-04-24T01:10:04,261  INFO [main] txn.TxnHandler: Expected to move at least one record from txn_components to completed_txn_components when committing txn! txnid:3
2024-04-24T01:10:04,266  INFO [main] txn.TxnHandler: Removed transactions: ([3]) from MIN_HISTORY_LEVEL
2024-04-24T01:10:04,266  WARN [main] txn.CompactionTxnHandler: No compaction queue record found for Compaction type transaction commit. txnId:3
2024-04-24T01:10:04,267  INFO [main] ql.TxnCommandsBaseForTests: Running the query: drop table if exists nonAcidOrcTbl
2024-04-24T01:10:04,267  INFO [main] ql.Driver: Compiling command(queryId=alex_20240424011004_6792754a-9615-450a-a60b-e2e0a5c1d5b0): drop table if exists nonAcidOrcTbl
2024-04-24T01:10:04,269  INFO [main] txn.TxnHandler: Added entries to MIN_HISTORY_LEVEL for current txns: ([4]) with min_open_txn: 1
2024-04-24T01:10:04,270  INFO [main] lockmgr.DbTxnManager: Opened txnid:4
2024-04-24T01:10:04,270  INFO [main] HiveMetaStore.audit: ugi=alex	ip=unknown-ip-addr	cmd=get_table : tbl=hive.default.nonAcidOrcTbl	
2024-04-24T01:10:04,273  INFO [main] ql.Driver: Semantic Analysis Completed (retrial = false)
2024-04-24T01:10:04,273  INFO [main] ql.Driver: Created Hive schema: Schema(fieldSchemas:null, properties:null)
2024-04-24T01:10:04,273  INFO [main] metadata.Hive: Dumping metastore api call timing information for : compilation phase
2024-04-24T01:10:04,273  INFO [main] metadata.Hive: Total time spent in each metastore function (ms): {flushCache_()=0, openTxn_(String, TxnType)=2, isCompatibleWith_(Configuration)=2, getValidTxns_(long)=0, commitTxn_(CommitTxnRequest)=10}
2024-04-24T01:10:04,273  INFO [main] ql.Driver: Completed compiling command(queryId=alex_20240424011004_6792754a-9615-450a-a60b-e2e0a5c1d5b0); Time taken: 0.006 seconds
2024-04-24T01:10:04,274  INFO [main] lockmgr.DbTxnManager: Setting lock request transaction to txnid:4 for queryId=alex_20240424011004_6792754a-9615-450a-a60b-e2e0a5c1d5b0
2024-04-24T01:10:04,274  INFO [main] ql.Driver: Operation DROPTABLE obtained 0 locks
2024-04-24T01:10:04,274  INFO [main] ql.Driver: Executing command(queryId=alex_20240424011004_6792754a-9615-450a-a60b-e2e0a5c1d5b0): drop table if exists nonAcidOrcTbl
2024-04-24T01:10:04,274  INFO [main] ql.Driver: Starting task [Stage-0:DDL] in serial mode
2024-04-24T01:10:04,274  INFO [main] HiveMetaStore.audit: ugi=alex	ip=unknown-ip-addr	cmd=get_table : tbl=hive.default.nonAcidOrcTbl	
2024-04-24T01:10:04,277  INFO [main] metadata.Hive: Dumping metastore api call timing information for : execution phase
2024-04-24T01:10:04,277  INFO [main] metadata.Hive: Total time spent in each metastore function (ms): {isCompatibleWith_(Configuration)=0}
2024-04-24T01:10:04,278  INFO [main] ql.Driver: Completed executing command(queryId=alex_20240424011004_6792754a-9615-450a-a60b-e2e0a5c1d5b0); Time taken: 0.003 seconds
2024-04-24T01:10:04,278  INFO [main] lockmgr.DbTxnManager: Stopped heartbeat for query: alex_20240424011004_6792754a-9615-450a-a60b-e2e0a5c1d5b0
2024-04-24T01:10:04,283  INFO [main] txn.TxnHandler: Expected to move at least one record from txn_components to completed_txn_components when committing txn! txnid:4
2024-04-24T01:10:04,288  INFO [main] txn.TxnHandler: Removed transactions: ([4]) from MIN_HISTORY_LEVEL
2024-04-24T01:10:04,288  WARN [main] txn.CompactionTxnHandler: No compaction queue record found for Compaction type transaction commit. txnId:4
2024-04-24T01:10:04,289  INFO [main] ql.TxnCommandsBaseForTests: Running the query: drop table if exists nonAcidOrcTbl2
2024-04-24T01:10:04,289  INFO [main] ql.Driver: Compiling command(queryId=alex_20240424011004_3e028a6c-2422-4d48-ad8f-83386b115c72): drop table if exists nonAcidOrcTbl2
2024-04-24T01:10:04,291  INFO [main] txn.TxnHandler: Added entries to MIN_HISTORY_LEVEL for current txns: ([5]) with min_open_txn: 1
2024-04-24T01:10:04,291  INFO [main] lockmgr.DbTxnManager: Opened txnid:5
2024-04-24T01:10:04,292  INFO [main] HiveMetaStore.audit: ugi=alex	ip=unknown-ip-addr	cmd=get_table : tbl=hive.default.nonAcidOrcTbl2	
2024-04-24T01:10:04,294  INFO [main] ql.Driver: Semantic Analysis Completed (retrial = false)
2024-04-24T01:10:04,294  INFO [main] ql.Driver: Created Hive schema: Schema(fieldSchemas:null, properties:null)
2024-04-24T01:10:04,294  INFO [main] metadata.Hive: Dumping metastore api call timing information for : compilation phase
2024-04-24T01:10:04,295  INFO [main] metadata.Hive: Total time spent in each metastore function (ms): {getValidTxns_(long)=1, flushCache_()=0, isCompatibleWith_(Configuration)=0, commitTxn_(CommitTxnRequest)=11, openTxn_(String, TxnType)=2}
2024-04-24T01:10:04,295  INFO [main] ql.Driver: Completed compiling command(queryId=alex_20240424011004_3e028a6c-2422-4d48-ad8f-83386b115c72); Time taken: 0.005 seconds
2024-04-24T01:10:04,295  INFO [main] lockmgr.DbTxnManager: Setting lock request transaction to txnid:5 for queryId=alex_20240424011004_3e028a6c-2422-4d48-ad8f-83386b115c72
2024-04-24T01:10:04,295  INFO [main] ql.Driver: Operation DROPTABLE obtained 0 locks
2024-04-24T01:10:04,295  INFO [main] ql.Driver: Executing command(queryId=alex_20240424011004_3e028a6c-2422-4d48-ad8f-83386b115c72): drop table if exists nonAcidOrcTbl2
2024-04-24T01:10:04,295  INFO [main] ql.Driver: Starting task [Stage-0:DDL] in serial mode
2024-04-24T01:10:04,296  INFO [main] HiveMetaStore.audit: ugi=alex	ip=unknown-ip-addr	cmd=get_table : tbl=hive.default.nonAcidOrcTbl2	
2024-04-24T01:10:04,298  INFO [main] metadata.Hive: Dumping metastore api call timing information for : execution phase
2024-04-24T01:10:04,298  INFO [main] metadata.Hive: Total time spent in each metastore function (ms): {isCompatibleWith_(Configuration)=0}
2024-04-24T01:10:04,298  INFO [main] ql.Driver: Completed executing command(queryId=alex_20240424011004_3e028a6c-2422-4d48-ad8f-83386b115c72); Time taken: 0.003 seconds
2024-04-24T01:10:04,298  INFO [main] lockmgr.DbTxnManager: Stopped heartbeat for query: alex_20240424011004_3e028a6c-2422-4d48-ad8f-83386b115c72
2024-04-24T01:10:04,303  INFO [main] txn.TxnHandler: Expected to move at least one record from txn_components to completed_txn_components when committing txn! txnid:5
2024-04-24T01:10:04,310  INFO [main] txn.TxnHandler: Removed transactions: ([5]) from MIN_HISTORY_LEVEL
2024-04-24T01:10:04,310  WARN [main] txn.CompactionTxnHandler: No compaction queue record found for Compaction type transaction commit. txnId:5
2024-04-24T01:10:04,311  INFO [main] ql.TxnCommandsBaseForTests: Running the query: drop table if exists nonAcidNonBucket
2024-04-24T01:10:04,311  INFO [main] ql.Driver: Compiling command(queryId=alex_20240424011004_bc68b0b8-93d8-42d8-ac75-9ae51292de05): drop table if exists nonAcidNonBucket
2024-04-24T01:10:04,314  INFO [main] txn.TxnHandler: Added entries to MIN_HISTORY_LEVEL for current txns: ([6]) with min_open_txn: 1
2024-04-24T01:10:04,314  INFO [main] lockmgr.DbTxnManager: Opened txnid:6
2024-04-24T01:10:04,315  INFO [main] HiveMetaStore.audit: ugi=alex	ip=unknown-ip-addr	cmd=get_table : tbl=hive.default.nonAcidNonBucket	
2024-04-24T01:10:04,318  INFO [main] ql.Driver: Semantic Analysis Completed (retrial = false)
2024-04-24T01:10:04,318  INFO [main] ql.Driver: Created Hive schema: Schema(fieldSchemas:null, properties:null)
2024-04-24T01:10:04,318  INFO [main] metadata.Hive: Dumping metastore api call timing information for : compilation phase
2024-04-24T01:10:04,318  INFO [main] metadata.Hive: Total time spent in each metastore function (ms): {isCompatibleWith_(Configuration)=0, flushCache_()=0, openTxn_(String, TxnType)=2, commitTxn_(CommitTxnRequest)=12, getValidTxns_(long)=1}
2024-04-24T01:10:04,318  INFO [main] ql.Driver: Completed compiling command(queryId=alex_20240424011004_bc68b0b8-93d8-42d8-ac75-9ae51292de05); Time taken: 0.007 seconds
2024-04-24T01:10:04,319  INFO [main] lockmgr.DbTxnManager: Setting lock request transaction to txnid:6 for queryId=alex_20240424011004_bc68b0b8-93d8-42d8-ac75-9ae51292de05
2024-04-24T01:10:04,319  INFO [main] ql.Driver: Operation DROPTABLE obtained 0 locks
2024-04-24T01:10:04,319  INFO [main] ql.Driver: Executing command(queryId=alex_20240424011004_bc68b0b8-93d8-42d8-ac75-9ae51292de05): drop table if exists nonAcidNonBucket
2024-04-24T01:10:04,319  INFO [main] ql.Driver: Starting task [Stage-0:DDL] in serial mode
2024-04-24T01:10:04,319  INFO [main] HiveMetaStore.audit: ugi=alex	ip=unknown-ip-addr	cmd=get_table : tbl=hive.default.nonAcidNonBucket	
2024-04-24T01:10:04,322  INFO [main] metadata.Hive: Dumping metastore api call timing information for : execution phase
2024-04-24T01:10:04,322  INFO [main] metadata.Hive: Total time spent in each metastore function (ms): {isCompatibleWith_(Configuration)=0}
2024-04-24T01:10:04,322  INFO [main] ql.Driver: Completed executing command(queryId=alex_20240424011004_bc68b0b8-93d8-42d8-ac75-9ae51292de05); Time taken: 0.003 seconds
2024-04-24T01:10:04,322  INFO [main] lockmgr.DbTxnManager: Stopped heartbeat for query: alex_20240424011004_bc68b0b8-93d8-42d8-ac75-9ae51292de05
2024-04-24T01:10:04,328  INFO [main] txn.TxnHandler: Expected to move at least one record from txn_components to completed_txn_components when committing txn! txnid:6
2024-04-24T01:10:04,333  INFO [main] txn.TxnHandler: Removed transactions: ([6]) from MIN_HISTORY_LEVEL
2024-04-24T01:10:04,333  WARN [main] txn.CompactionTxnHandler: No compaction queue record found for Compaction type transaction commit. txnId:6
2024-04-24T01:10:04,333  INFO [main] ql.TxnCommandsBaseForTests: Running the query: create table acidTbl(a int, b int) clustered by (a) into 2 buckets stored as orc TBLPROPERTIES ('transactional'='true')
2024-04-24T01:10:04,334  INFO [main] ql.Driver: Compiling command(queryId=alex_20240424011004_cec9a90e-297d-4e85-a2d0-c954ae9419a5): create table acidTbl(a int, b int) clustered by (a) into 2 buckets stored as orc TBLPROPERTIES ('transactional'='true')
2024-04-24T01:10:04,336  INFO [main] txn.TxnHandler: Added entries to MIN_HISTORY_LEVEL for current txns: ([7]) with min_open_txn: 1
2024-04-24T01:10:04,336  INFO [main] lockmgr.DbTxnManager: Opened txnid:7
2024-04-24T01:10:04,336  INFO [main] parse.CalcitePlanner: Starting caching scope for: 
2024-04-24T01:10:04,336  INFO [main] parse.CalcitePlanner: Starting Semantic Analysis
2024-04-24T01:10:04,341  INFO [main] parse.CalcitePlanner: Creating table default.acidTbl position=13
2024-04-24T01:10:04,342  INFO [main] HiveMetaStore.audit: ugi=alex	ip=unknown-ip-addr	cmd=get_database: default	
2024-04-24T01:10:04,343  INFO [main] parse.CalcitePlanner: Ending caching scope for: 
2024-04-24T01:10:04,343  INFO [main] ql.Driver: Semantic Analysis Completed (retrial = false)
2024-04-24T01:10:04,343  INFO [main] ql.Driver: Created Hive schema: Schema(fieldSchemas:null, properties:null)
2024-04-24T01:10:04,343  INFO [main] metadata.Hive: Dumping metastore api call timing information for : compilation phase
2024-04-24T01:10:04,343  INFO [main] metadata.Hive: Total time spent in each metastore function (ms): {openTxn_(String, TxnType)=2, getValidTxns_(long)=0, flushCache_()=0, isCompatibleWith_(Configuration)=0, getValidWriteIds_(List, String)=4, getDatabase_(String)=1, commitTxn_(CommitTxnRequest)=11}
2024-04-24T01:10:04,344  INFO [main] ql.Driver: Completed compiling command(queryId=alex_20240424011004_cec9a90e-297d-4e85-a2d0-c954ae9419a5); Time taken: 0.009 seconds
2024-04-24T01:10:04,344  INFO [main] lockmgr.DbTxnManager: Setting lock request transaction to txnid:7 for queryId=alex_20240424011004_cec9a90e-297d-4e85-a2d0-c954ae9419a5
2024-04-24T01:10:04,344  INFO [main] lockmgr.DbLockManager: Requesting lock for queryId=alex_20240424011004_cec9a90e-297d-4e85-a2d0-c954ae9419a5
2024-04-24T01:10:04,360  INFO [main] lockmgr.DbLockManager: Response to queryId=alex_20240424011004_cec9a90e-297d-4e85-a2d0-c954ae9419a5 LockResponse(lockid:1, state:ACQUIRED)
2024-04-24T01:10:04,360  INFO [main] ql.Driver: Operation CREATETABLE obtained 1 locks
2024-04-24T01:10:04,361  INFO [main] ql.Driver: Executing command(queryId=alex_20240424011004_cec9a90e-297d-4e85-a2d0-c954ae9419a5): create table acidTbl(a int, b int) clustered by (a) into 2 buckets stored as orc TBLPROPERTIES ('transactional'='true')
2024-04-24T01:10:04,361  INFO [main] ql.Driver: Starting task [Stage-0:DDL] in serial mode
2024-04-24T01:10:04,362  INFO [main] HiveMetaStore.audit: ugi=alex	ip=unknown-ip-addr	cmd=create_table_req: Table(tableName:acidTbl, dbName:default, owner:alex, createTime:1713946204, lastAccessTime:0, retention:0, sd:StorageDescriptor(cols:[FieldSchema(name:a, type:int, comment:null), FieldSchema(name:b, type:int, comment:null)], location:null, inputFormat:org.apache.hadoop.hive.ql.io.orc.OrcInputFormat, outputFormat:org.apache.hadoop.hive.ql.io.orc.OrcOutputFormat, compressed:false, numBuckets:2, serdeInfo:SerDeInfo(name:null, serializationLib:org.apache.hadoop.hive.ql.io.orc.OrcSerde, parameters:{serialization.format=1}), bucketCols:[a], sortCols:[], parameters:{}, skewedInfo:SkewedInfo(skewedColNames:[], skewedColValues:[], skewedColValueLocationMaps:{}), storedAsSubDirectories:false), partitionKeys:[], parameters:{numFiles=0, numFilesErasureCoded=0, numRows=0, COLUMN_STATS_ACCURATE={"BASIC_STATS":"true","COLUMN_STATS":{"a":"true","b":"true"}}, transactional=true, totalSize=0, bucketing_version=2, rawDataSize=0}, viewOriginalText:null, viewExpandedText:null, tableType:MANAGED_TABLE, privileges:PrincipalPrivilegeSet(userPrivileges:{alex=[PrivilegeGrantInfo(privilege:INSERT, createTime:-1, grantor:alex, grantorType:USER, grantOption:true), PrivilegeGrantInfo(privilege:SELECT, createTime:-1, grantor:alex, grantorType:USER, grantOption:true), PrivilegeGrantInfo(privilege:UPDATE, createTime:-1, grantor:alex, grantorType:USER, grantOption:true), PrivilegeGrantInfo(privilege:DELETE, createTime:-1, grantor:alex, grantorType:USER, grantOption:true)]}, groupPrivileges:null, rolePrivileges:null), temporary:false, catName:hive, ownerType:USER, writeId:0)	
2024-04-24T01:10:04,367  INFO [main] utils.FileUtils: Creating directory if it doesn't exist: file:/home/alex/Repositories/hive/ql/target/tmp/org.apache.hadoop.hive.ql.TestTxnCommands-1713946100941/warehouse/acidtbl
2024-04-24T01:10:04,398  INFO [main] metadata.Hive: Dumping metastore api call timing information for : execution phase
2024-04-24T01:10:04,398  INFO [main] metadata.Hive: Total time spent in each metastore function (ms): {createTable_(Table)=35, isCompatibleWith_(Configuration)=0}
2024-04-24T01:10:04,398  INFO [main] ql.Driver: Completed executing command(queryId=alex_20240424011004_cec9a90e-297d-4e85-a2d0-c954ae9419a5); Time taken: 0.037 seconds
2024-04-24T01:10:04,398  INFO [main] lockmgr.DbTxnManager: Stopped heartbeat for query: alex_20240424011004_cec9a90e-297d-4e85-a2d0-c954ae9419a5
2024-04-24T01:10:04,401  INFO [main] txn.TxnHandler: Expected to move at least one record from txn_components to completed_txn_components when committing txn! txnid:7
2024-04-24T01:10:04,406  INFO [main] txn.TxnHandler: Removed transactions: ([7]) from MIN_HISTORY_LEVEL
2024-04-24T01:10:04,406  WARN [main] txn.CompactionTxnHandler: No compaction queue record found for Compaction type transaction commit. txnId:7
2024-04-24T01:10:04,407  INFO [main] ql.TxnCommandsBaseForTests: Running the query: create table acidTblPart(a int, b int) partitioned by (p string) clustered by (a) into 2 buckets stored as orc TBLPROPERTIES ('transactional'='true')
2024-04-24T01:10:04,407  INFO [main] ql.Driver: Compiling command(queryId=alex_20240424011004_d05691a5-0b2d-4102-9db9-8faa463f10a6): create table acidTblPart(a int, b int) partitioned by (p string) clustered by (a) into 2 buckets stored as orc TBLPROPERTIES ('transactional'='true')
2024-04-24T01:10:04,409  INFO [main] txn.TxnHandler: Added entries to MIN_HISTORY_LEVEL for current txns: ([8]) with min_open_txn: 1
2024-04-24T01:10:04,410  INFO [main] lockmgr.DbTxnManager: Opened txnid:8
2024-04-24T01:10:04,410  INFO [main] parse.CalcitePlanner: Starting caching scope for: 
2024-04-24T01:10:04,410  INFO [main] parse.CalcitePlanner: Starting Semantic Analysis
2024-04-24T01:10:04,412  INFO [main] parse.CalcitePlanner: Creating table default.acidTblPart position=13
2024-04-24T01:10:04,413  INFO [main] HiveMetaStore.audit: ugi=alex	ip=unknown-ip-addr	cmd=get_database: default	
2024-04-24T01:10:04,414  INFO [main] parse.CalcitePlanner: Ending caching scope for: 
2024-04-24T01:10:04,414  INFO [main] ql.Driver: Semantic Analysis Completed (retrial = false)
2024-04-24T01:10:04,414  INFO [main] ql.Driver: Created Hive schema: Schema(fieldSchemas:null, properties:null)
2024-04-24T01:10:04,414  INFO [main] metadata.Hive: Dumping metastore api call timing information for : compilation phase
2024-04-24T01:10:04,414  INFO [main] metadata.Hive: Total time spent in each metastore function (ms): {getValidTxns_(long)=0, flushCache_()=0, getDatabase_(String)=2, isCompatibleWith_(Configuration)=0, getValidWriteIds_(List, String)=2, openTxn_(String, TxnType)=2, commitTxn_(CommitTxnRequest)=9}
2024-04-24T01:10:04,414  INFO [main] ql.Driver: Completed compiling command(queryId=alex_20240424011004_d05691a5-0b2d-4102-9db9-8faa463f10a6); Time taken: 0.007 seconds
2024-04-24T01:10:04,415  INFO [main] lockmgr.DbTxnManager: Setting lock request transaction to txnid:8 for queryId=alex_20240424011004_d05691a5-0b2d-4102-9db9-8faa463f10a6
2024-04-24T01:10:04,415  INFO [main] lockmgr.DbLockManager: Requesting lock for queryId=alex_20240424011004_d05691a5-0b2d-4102-9db9-8faa463f10a6
2024-04-24T01:10:04,428  INFO [main] lockmgr.DbLockManager: Response to queryId=alex_20240424011004_d05691a5-0b2d-4102-9db9-8faa463f10a6 LockResponse(lockid:2, state:ACQUIRED)
2024-04-24T01:10:04,428  INFO [main] ql.Driver: Operation CREATETABLE obtained 1 locks
2024-04-24T01:10:04,428  INFO [main] ql.Driver: Executing command(queryId=alex_20240424011004_d05691a5-0b2d-4102-9db9-8faa463f10a6): create table acidTblPart(a int, b int) partitioned by (p string) clustered by (a) into 2 buckets stored as orc TBLPROPERTIES ('transactional'='true')
2024-04-24T01:10:04,428  INFO [main] ql.Driver: Starting task [Stage-0:DDL] in serial mode
2024-04-24T01:10:04,429  INFO [main] HiveMetaStore.audit: ugi=alex	ip=unknown-ip-addr	cmd=create_table_req: Table(tableName:acidTblPart, dbName:default, owner:alex, createTime:1713946204, lastAccessTime:0, retention:0, sd:StorageDescriptor(cols:[FieldSchema(name:a, type:int, comment:null), FieldSchema(name:b, type:int, comment:null)], location:null, inputFormat:org.apache.hadoop.hive.ql.io.orc.OrcInputFormat, outputFormat:org.apache.hadoop.hive.ql.io.orc.OrcOutputFormat, compressed:false, numBuckets:2, serdeInfo:SerDeInfo(name:null, serializationLib:org.apache.hadoop.hive.ql.io.orc.OrcSerde, parameters:{serialization.format=1}), bucketCols:[a], sortCols:[], parameters:{}, skewedInfo:SkewedInfo(skewedColNames:[], skewedColValues:[], skewedColValueLocationMaps:{}), storedAsSubDirectories:false), partitionKeys:[FieldSchema(name:p, type:string, comment:null)], parameters:{bucketing_version=2, transactional=true}, viewOriginalText:null, viewExpandedText:null, tableType:MANAGED_TABLE, privileges:PrincipalPrivilegeSet(userPrivileges:{alex=[PrivilegeGrantInfo(privilege:INSERT, createTime:-1, grantor:alex, grantorType:USER, grantOption:true), PrivilegeGrantInfo(privilege:SELECT, createTime:-1, grantor:alex, grantorType:USER, grantOption:true), PrivilegeGrantInfo(privilege:UPDATE, createTime:-1, grantor:alex, grantorType:USER, grantOption:true), PrivilegeGrantInfo(privilege:DELETE, createTime:-1, grantor:alex, grantorType:USER, grantOption:true)]}, groupPrivileges:null, rolePrivileges:null), temporary:false, catName:hive, ownerType:USER, writeId:0)	
2024-04-24T01:10:04,434  INFO [main] utils.FileUtils: Creating directory if it doesn't exist: file:/home/alex/Repositories/hive/ql/target/tmp/org.apache.hadoop.hive.ql.TestTxnCommands-1713946100941/warehouse/acidtblpart
2024-04-24T01:10:04,454  INFO [main] metadata.Hive: Dumping metastore api call timing information for : execution phase
2024-04-24T01:10:04,454  INFO [main] metadata.Hive: Total time spent in each metastore function (ms): {createTable_(Table)=24, isCompatibleWith_(Configuration)=0}
2024-04-24T01:10:04,454  INFO [main] ql.Driver: Completed executing command(queryId=alex_20240424011004_d05691a5-0b2d-4102-9db9-8faa463f10a6); Time taken: 0.025 seconds
2024-04-24T01:10:04,454  INFO [main] lockmgr.DbTxnManager: Stopped heartbeat for query: alex_20240424011004_d05691a5-0b2d-4102-9db9-8faa463f10a6
2024-04-24T01:10:04,458  INFO [main] txn.TxnHandler: Expected to move at least one record from txn_components to completed_txn_components when committing txn! txnid:8
2024-04-24T01:10:04,463  INFO [main] txn.TxnHandler: Removed transactions: ([8]) from MIN_HISTORY_LEVEL
2024-04-24T01:10:04,463  WARN [main] txn.CompactionTxnHandler: No compaction queue record found for Compaction type transaction commit. txnId:8
2024-04-24T01:10:04,464  INFO [main] ql.TxnCommandsBaseForTests: Running the query: create table nonAcidOrcTbl(a int, b int) clustered by (a) into 2 buckets stored as orc TBLPROPERTIES ('transactional'='false')
2024-04-24T01:10:04,464  INFO [main] ql.Driver: Compiling command(queryId=alex_20240424011004_823e6b48-f1ed-46ef-a3ea-65ee799389e8): create table nonAcidOrcTbl(a int, b int) clustered by (a) into 2 buckets stored as orc TBLPROPERTIES ('transactional'='false')
2024-04-24T01:10:04,466  INFO [main] txn.TxnHandler: Added entries to MIN_HISTORY_LEVEL for current txns: ([9]) with min_open_txn: 1
2024-04-24T01:10:04,467  INFO [main] lockmgr.DbTxnManager: Opened txnid:9
2024-04-24T01:10:04,467  INFO [main] parse.CalcitePlanner: Starting caching scope for: 
2024-04-24T01:10:04,467  INFO [main] parse.CalcitePlanner: Starting Semantic Analysis
2024-04-24T01:10:04,470  INFO [main] parse.CalcitePlanner: Creating table default.nonAcidOrcTbl position=13
2024-04-24T01:10:04,470  INFO [main] HiveMetaStore.audit: ugi=alex	ip=unknown-ip-addr	cmd=get_database: default	
2024-04-24T01:10:04,471  INFO [main] parse.CalcitePlanner: Ending caching scope for: 
2024-04-24T01:10:04,471  INFO [main] ql.Driver: Semantic Analysis Completed (retrial = false)
2024-04-24T01:10:04,471  INFO [main] ql.Driver: Created Hive schema: Schema(fieldSchemas:null, properties:null)
2024-04-24T01:10:04,472  INFO [main] metadata.Hive: Dumping metastore api call timing information for : compilation phase
2024-04-24T01:10:04,472  INFO [main] metadata.Hive: Total time spent in each metastore function (ms): {commitTxn_(CommitTxnRequest)=10, openTxn_(String, TxnType)=2, isCompatibleWith_(Configuration)=0, getDatabase_(String)=1, flushCache_()=0, getValidTxns_(long)=0, getValidWriteIds_(List, String)=2}
2024-04-24T01:10:04,472  INFO [main] ql.Driver: Completed compiling command(queryId=alex_20240424011004_823e6b48-f1ed-46ef-a3ea-65ee799389e8); Time taken: 0.008 seconds
2024-04-24T01:10:04,472  INFO [main] lockmgr.DbTxnManager: Setting lock request transaction to txnid:9 for queryId=alex_20240424011004_823e6b48-f1ed-46ef-a3ea-65ee799389e8
2024-04-24T01:10:04,472  INFO [main] lockmgr.DbLockManager: Requesting lock for queryId=alex_20240424011004_823e6b48-f1ed-46ef-a3ea-65ee799389e8
2024-04-24T01:10:04,485  INFO [main] lockmgr.DbLockManager: Response to queryId=alex_20240424011004_823e6b48-f1ed-46ef-a3ea-65ee799389e8 LockResponse(lockid:3, state:ACQUIRED)
2024-04-24T01:10:04,485  INFO [main] ql.Driver: Operation CREATETABLE obtained 1 locks
2024-04-24T01:10:04,485  INFO [main] ql.Driver: Executing command(queryId=alex_20240424011004_823e6b48-f1ed-46ef-a3ea-65ee799389e8): create table nonAcidOrcTbl(a int, b int) clustered by (a) into 2 buckets stored as orc TBLPROPERTIES ('transactional'='false')
2024-04-24T01:10:04,485  INFO [main] ql.Driver: Starting task [Stage-0:DDL] in serial mode
2024-04-24T01:10:04,486  INFO [main] HiveMetaStore.audit: ugi=alex	ip=unknown-ip-addr	cmd=create_table_req: Table(tableName:nonAcidOrcTbl, dbName:default, owner:alex, createTime:1713946204, lastAccessTime:0, retention:0, sd:StorageDescriptor(cols:[FieldSchema(name:a, type:int, comment:null), FieldSchema(name:b, type:int, comment:null)], location:null, inputFormat:org.apache.hadoop.hive.ql.io.orc.OrcInputFormat, outputFormat:org.apache.hadoop.hive.ql.io.orc.OrcOutputFormat, compressed:false, numBuckets:2, serdeInfo:SerDeInfo(name:null, serializationLib:org.apache.hadoop.hive.ql.io.orc.OrcSerde, parameters:{serialization.format=1}), bucketCols:[a], sortCols:[], parameters:{}, skewedInfo:SkewedInfo(skewedColNames:[], skewedColValues:[], skewedColValueLocationMaps:{}), storedAsSubDirectories:false), partitionKeys:[], parameters:{numFilesErasureCoded=0, bucketing_version=2, rawDataSize=0, numRows=0, transactional=false, COLUMN_STATS_ACCURATE={"BASIC_STATS":"true","COLUMN_STATS":{"a":"true","b":"true"}}, numFiles=0, totalSize=0}, viewOriginalText:null, viewExpandedText:null, tableType:MANAGED_TABLE, privileges:PrincipalPrivilegeSet(userPrivileges:{alex=[PrivilegeGrantInfo(privilege:INSERT, createTime:-1, grantor:alex, grantorType:USER, grantOption:true), PrivilegeGrantInfo(privilege:SELECT, createTime:-1, grantor:alex, grantorType:USER, grantOption:true), PrivilegeGrantInfo(privilege:UPDATE, createTime:-1, grantor:alex, grantorType:USER, grantOption:true), PrivilegeGrantInfo(privilege:DELETE, createTime:-1, grantor:alex, grantorType:USER, grantOption:true)]}, groupPrivileges:null, rolePrivileges:null), temporary:false, catName:hive, ownerType:USER)	
2024-04-24T01:10:04,492  INFO [main] utils.FileUtils: Creating directory if it doesn't exist: file:/home/alex/Repositories/hive/ql/target/tmp/org.apache.hadoop.hive.ql.TestTxnCommands-1713946100941/warehouse/nonacidorctbl
2024-04-24T01:10:04,506  INFO [main] metadata.Hive: Dumping metastore api call timing information for : execution phase
2024-04-24T01:10:04,506  INFO [main] metadata.Hive: Total time spent in each metastore function (ms): {isCompatibleWith_(Configuration)=1, createTable_(Table)=20}
2024-04-24T01:10:04,507  INFO [main] ql.Driver: Completed executing command(queryId=alex_20240424011004_823e6b48-f1ed-46ef-a3ea-65ee799389e8); Time taken: 0.021 seconds
2024-04-24T01:10:04,507  INFO [main] lockmgr.DbTxnManager: Stopped heartbeat for query: alex_20240424011004_823e6b48-f1ed-46ef-a3ea-65ee799389e8
2024-04-24T01:10:04,511  INFO [main] txn.TxnHandler: Expected to move at least one record from txn_components to completed_txn_components when committing txn! txnid:9
2024-04-24T01:10:04,517  INFO [main] txn.TxnHandler: Removed transactions: ([9]) from MIN_HISTORY_LEVEL
2024-04-24T01:10:04,517  WARN [main] txn.CompactionTxnHandler: No compaction queue record found for Compaction type transaction commit. txnId:9
2024-04-24T01:10:04,518  INFO [main] ql.TxnCommandsBaseForTests: Running the query: create table nonAcidOrcTbl2(a int, b int) clustered by (a) into 2 buckets stored as orc TBLPROPERTIES ('transactional'='false')
2024-04-24T01:10:04,518  INFO [main] ql.Driver: Compiling command(queryId=alex_20240424011004_8a155094-11fc-429f-b2dd-024f5b9bb8d9): create table nonAcidOrcTbl2(a int, b int) clustered by (a) into 2 buckets stored as orc TBLPROPERTIES ('transactional'='false')
2024-04-24T01:10:04,521  INFO [main] txn.TxnHandler: Added entries to MIN_HISTORY_LEVEL for current txns: ([10]) with min_open_txn: 1
2024-04-24T01:10:04,521  INFO [main] lockmgr.DbTxnManager: Opened txnid:10
2024-04-24T01:10:04,522  INFO [main] parse.CalcitePlanner: Starting caching scope for: 
2024-04-24T01:10:04,522  INFO [main] parse.CalcitePlanner: Starting Semantic Analysis
2024-04-24T01:10:04,524  INFO [main] parse.CalcitePlanner: Creating table default.nonAcidOrcTbl2 position=13
2024-04-24T01:10:04,524  INFO [main] HiveMetaStore.audit: ugi=alex	ip=unknown-ip-addr	cmd=get_database: default	
2024-04-24T01:10:04,526  INFO [main] parse.CalcitePlanner: Ending caching scope for: 
2024-04-24T01:10:04,526  INFO [main] ql.Driver: Semantic Analysis Completed (retrial = false)
2024-04-24T01:10:04,526  INFO [main] ql.Driver: Created Hive schema: Schema(fieldSchemas:null, properties:null)
2024-04-24T01:10:04,526  INFO [main] metadata.Hive: Dumping metastore api call timing information for : compilation phase
2024-04-24T01:10:04,526  INFO [main] metadata.Hive: Total time spent in each metastore function (ms): {isCompatibleWith_(Configuration)=0, openTxn_(String, TxnType)=2, commitTxn_(CommitTxnRequest)=11, flushCache_()=0, getValidWriteIds_(List, String)=2, getValidTxns_(long)=1, getDatabase_(String)=2}
2024-04-24T01:10:04,526  INFO [main] ql.Driver: Completed compiling command(queryId=alex_20240424011004_8a155094-11fc-429f-b2dd-024f5b9bb8d9); Time taken: 0.008 seconds
2024-04-24T01:10:04,527  INFO [main] lockmgr.DbTxnManager: Setting lock request transaction to txnid:10 for queryId=alex_20240424011004_8a155094-11fc-429f-b2dd-024f5b9bb8d9
2024-04-24T01:10:04,527  INFO [main] lockmgr.DbLockManager: Requesting lock for queryId=alex_20240424011004_8a155094-11fc-429f-b2dd-024f5b9bb8d9
2024-04-24T01:10:04,541  INFO [main] lockmgr.DbLockManager: Response to queryId=alex_20240424011004_8a155094-11fc-429f-b2dd-024f5b9bb8d9 LockResponse(lockid:4, state:ACQUIRED)
2024-04-24T01:10:04,541  INFO [main] ql.Driver: Operation CREATETABLE obtained 1 locks
2024-04-24T01:10:04,541  INFO [main] ql.Driver: Executing command(queryId=alex_20240424011004_8a155094-11fc-429f-b2dd-024f5b9bb8d9): create table nonAcidOrcTbl2(a int, b int) clustered by (a) into 2 buckets stored as orc TBLPROPERTIES ('transactional'='false')
2024-04-24T01:10:04,542  INFO [main] ql.Driver: Starting task [Stage-0:DDL] in serial mode
2024-04-24T01:10:04,543  INFO [main] HiveMetaStore.audit: ugi=alex	ip=unknown-ip-addr	cmd=create_table_req: Table(tableName:nonAcidOrcTbl2, dbName:default, owner:alex, createTime:1713946204, lastAccessTime:0, retention:0, sd:StorageDescriptor(cols:[FieldSchema(name:a, type:int, comment:null), FieldSchema(name:b, type:int, comment:null)], location:null, inputFormat:org.apache.hadoop.hive.ql.io.orc.OrcInputFormat, outputFormat:org.apache.hadoop.hive.ql.io.orc.OrcOutputFormat, compressed:false, numBuckets:2, serdeInfo:SerDeInfo(name:null, serializationLib:org.apache.hadoop.hive.ql.io.orc.OrcSerde, parameters:{serialization.format=1}), bucketCols:[a], sortCols:[], parameters:{}, skewedInfo:SkewedInfo(skewedColNames:[], skewedColValues:[], skewedColValueLocationMaps:{}), storedAsSubDirectories:false), partitionKeys:[], parameters:{numRows=0, totalSize=0, rawDataSize=0, COLUMN_STATS_ACCURATE={"BASIC_STATS":"true","COLUMN_STATS":{"a":"true","b":"true"}}, numFiles=0, numFilesErasureCoded=0, bucketing_version=2, transactional=false}, viewOriginalText:null, viewExpandedText:null, tableType:MANAGED_TABLE, privileges:PrincipalPrivilegeSet(userPrivileges:{alex=[PrivilegeGrantInfo(privilege:INSERT, createTime:-1, grantor:alex, grantorType:USER, grantOption:true), PrivilegeGrantInfo(privilege:SELECT, createTime:-1, grantor:alex, grantorType:USER, grantOption:true), PrivilegeGrantInfo(privilege:UPDATE, createTime:-1, grantor:alex, grantorType:USER, grantOption:true), PrivilegeGrantInfo(privilege:DELETE, createTime:-1, grantor:alex, grantorType:USER, grantOption:true)]}, groupPrivileges:null, rolePrivileges:null), temporary:false, catName:hive, ownerType:USER)	
2024-04-24T01:10:04,548  INFO [main] utils.FileUtils: Creating directory if it doesn't exist: file:/home/alex/Repositories/hive/ql/target/tmp/org.apache.hadoop.hive.ql.TestTxnCommands-1713946100941/warehouse/nonacidorctbl2
2024-04-24T01:10:04,565  INFO [main] metadata.Hive: Dumping metastore api call timing information for : execution phase
2024-04-24T01:10:04,565  INFO [main] metadata.Hive: Total time spent in each metastore function (ms): {createTable_(Table)=22, isCompatibleWith_(Configuration)=0}
2024-04-24T01:10:04,565  INFO [main] ql.Driver: Completed executing command(queryId=alex_20240424011004_8a155094-11fc-429f-b2dd-024f5b9bb8d9); Time taken: 0.024 seconds
2024-04-24T01:10:04,565  INFO [main] lockmgr.DbTxnManager: Stopped heartbeat for query: alex_20240424011004_8a155094-11fc-429f-b2dd-024f5b9bb8d9
2024-04-24T01:10:04,569  INFO [main] txn.TxnHandler: Expected to move at least one record from txn_components to completed_txn_components when committing txn! txnid:10
2024-04-24T01:10:04,576  INFO [main] txn.TxnHandler: Removed transactions: ([10]) from MIN_HISTORY_LEVEL
2024-04-24T01:10:04,576  WARN [main] txn.CompactionTxnHandler: No compaction queue record found for Compaction type transaction commit. txnId:10
2024-04-24T01:10:04,577  INFO [main] ql.TxnCommandsBaseForTests: Running the query: create temporary  table acidTbl2(a int, b int, c int) clustered by (c) into 2 buckets stored as orc TBLPROPERTIES ('transactional'='true')
2024-04-24T01:10:04,577  INFO [main] ql.Driver: Compiling command(queryId=alex_20240424011004_6aa9116b-3828-4626-82d0-378d94476672): create temporary  table acidTbl2(a int, b int, c int) clustered by (c) into 2 buckets stored as orc TBLPROPERTIES ('transactional'='true')
2024-04-24T01:10:04,580  INFO [main] txn.TxnHandler: Added entries to MIN_HISTORY_LEVEL for current txns: ([11]) with min_open_txn: 1
2024-04-24T01:10:04,580  INFO [main] lockmgr.DbTxnManager: Opened txnid:11
2024-04-24T01:10:04,581  INFO [main] parse.CalcitePlanner: Starting caching scope for: 
2024-04-24T01:10:04,581  INFO [main] parse.CalcitePlanner: Starting Semantic Analysis
2024-04-24T01:10:04,584  INFO [main] parse.CalcitePlanner: Creating table default.acidTbl2 position=24
2024-04-24T01:10:04,584  INFO [main] HiveMetaStore.audit: ugi=alex	ip=unknown-ip-addr	cmd=get_database: default	
2024-04-24T01:10:04,586  INFO [main] parse.CalcitePlanner: Ending caching scope for: 
2024-04-24T01:10:04,586  INFO [main] ql.Driver: Semantic Analysis Completed (retrial = false)
2024-04-24T01:10:04,586  INFO [main] ql.Driver: Created Hive schema: Schema(fieldSchemas:null, properties:null)
2024-04-24T01:10:04,586  INFO [main] metadata.Hive: Dumping metastore api call timing information for : compilation phase
2024-04-24T01:10:04,586  INFO [main] metadata.Hive: Total time spent in each metastore function (ms): {getValidTxns_(long)=1, isCompatibleWith_(Configuration)=0, openTxn_(String, TxnType)=2, commitTxn_(CommitTxnRequest)=12, getValidWriteIds_(List, String)=3, getDatabase_(String)=1, flushCache_()=0}
2024-04-24T01:10:04,586  INFO [main] ql.Driver: Completed compiling command(queryId=alex_20240424011004_6aa9116b-3828-4626-82d0-378d94476672); Time taken: 0.009 seconds
2024-04-24T01:10:04,586  INFO [main] lockmgr.DbTxnManager: Setting lock request transaction to txnid:11 for queryId=alex_20240424011004_6aa9116b-3828-4626-82d0-378d94476672
2024-04-24T01:10:04,586  INFO [main] lockmgr.DbLockManager: Requesting lock for queryId=alex_20240424011004_6aa9116b-3828-4626-82d0-378d94476672
2024-04-24T01:10:04,602  INFO [main] lockmgr.DbLockManager: Response to queryId=alex_20240424011004_6aa9116b-3828-4626-82d0-378d94476672 LockResponse(lockid:5, state:ACQUIRED)
2024-04-24T01:10:04,602  INFO [main] ql.Driver: Operation CREATETABLE obtained 1 locks
2024-04-24T01:10:04,602  INFO [main] ql.Driver: Executing command(queryId=alex_20240424011004_6aa9116b-3828-4626-82d0-378d94476672): create temporary  table acidTbl2(a int, b int, c int) clustered by (c) into 2 buckets stored as orc TBLPROPERTIES ('transactional'='true')
2024-04-24T01:10:04,602  INFO [main] ql.Driver: Starting task [Stage-0:DDL] in serial mode
2024-04-24T01:10:04,603  INFO [main] utils.FileUtils: Creating directory if it doesn't exist: file:/home/alex/Repositories/hive/ql/target/tmp/scratchdir/alex/c8e596ae-9366-4a59-b008-ea5f2c976cf2/_tmp_space.db/1a92223f-cf17-4fe4-857d-d0d40b704da9
2024-04-24T01:10:04,606  INFO [main] metadata.Hive: Dumping metastore api call timing information for : execution phase
2024-04-24T01:10:04,606  INFO [main] metadata.Hive: Total time spent in each metastore function (ms): {isCompatibleWith_(Configuration)=0, createTable_(Table)=3}
2024-04-24T01:10:04,606  INFO [main] ql.Driver: Completed executing command(queryId=alex_20240424011004_6aa9116b-3828-4626-82d0-378d94476672); Time taken: 0.004 seconds
2024-04-24T01:10:04,606  INFO [main] lockmgr.DbTxnManager: Stopped heartbeat for query: alex_20240424011004_6aa9116b-3828-4626-82d0-378d94476672
2024-04-24T01:10:04,611  INFO [main] txn.TxnHandler: Expected to move at least one record from txn_components to completed_txn_components when committing txn! txnid:11
2024-04-24T01:10:04,616  INFO [main] txn.TxnHandler: Removed transactions: ([11]) from MIN_HISTORY_LEVEL
2024-04-24T01:10:04,617  WARN [main] txn.CompactionTxnHandler: No compaction queue record found for Compaction type transaction commit. txnId:11
2024-04-24T01:10:04,617  INFO [main] ql.TxnCommandsBaseForTests: Running the query: create table nonAcidNonBucket(a int, b int) stored as orc TBLPROPERTIES ('transactional'='false')
2024-04-24T01:10:04,617  INFO [main] ql.Driver: Compiling command(queryId=alex_20240424011004_e52b6d29-e5bf-4836-aeb9-32b2256c9e90): create table nonAcidNonBucket(a int, b int) stored as orc TBLPROPERTIES ('transactional'='false')
2024-04-24T01:10:04,620  INFO [main] txn.TxnHandler: Added entries to MIN_HISTORY_LEVEL for current txns: ([12]) with min_open_txn: 1
2024-04-24T01:10:04,620  INFO [main] lockmgr.DbTxnManager: Opened txnid:12
2024-04-24T01:10:04,620  INFO [main] parse.CalcitePlanner: Starting caching scope for: 
2024-04-24T01:10:04,621  INFO [main] parse.CalcitePlanner: Starting Semantic Analysis
2024-04-24T01:10:04,623  INFO [main] parse.CalcitePlanner: Creating table default.nonAcidNonBucket position=13
2024-04-24T01:10:04,623  INFO [main] HiveMetaStore.audit: ugi=alex	ip=unknown-ip-addr	cmd=get_database: default	
2024-04-24T01:10:04,625  INFO [main] parse.CalcitePlanner: Ending caching scope for: 
2024-04-24T01:10:04,625  INFO [main] ql.Driver: Semantic Analysis Completed (retrial = false)
2024-04-24T01:10:04,626  INFO [main] ql.Driver: Created Hive schema: Schema(fieldSchemas:null, properties:null)
2024-04-24T01:10:04,626  INFO [main] metadata.Hive: Dumping metastore api call timing information for : compilation phase
2024-04-24T01:10:04,626  INFO [main] metadata.Hive: Total time spent in each metastore function (ms): {openTxn_(String, TxnType)=2, getDatabase_(String)=2, getValidWriteIds_(List, String)=2, isCompatibleWith_(Configuration)=0, commitTxn_(CommitTxnRequest)=11, flushCache_()=0, getValidTxns_(long)=0}
2024-04-24T01:10:04,626  INFO [main] ql.Driver: Completed compiling command(queryId=alex_20240424011004_e52b6d29-e5bf-4836-aeb9-32b2256c9e90); Time taken: 0.009 seconds
2024-04-24T01:10:04,626  INFO [main] lockmgr.DbTxnManager: Setting lock request transaction to txnid:12 for queryId=alex_20240424011004_e52b6d29-e5bf-4836-aeb9-32b2256c9e90
2024-04-24T01:10:04,627  INFO [main] lockmgr.DbLockManager: Requesting lock for queryId=alex_20240424011004_e52b6d29-e5bf-4836-aeb9-32b2256c9e90
2024-04-24T01:10:04,642  INFO [main] lockmgr.DbLockManager: Response to queryId=alex_20240424011004_e52b6d29-e5bf-4836-aeb9-32b2256c9e90 LockResponse(lockid:6, state:ACQUIRED)
2024-04-24T01:10:04,642  INFO [main] ql.Driver: Operation CREATETABLE obtained 1 locks
2024-04-24T01:10:04,642  INFO [main] ql.Driver: Executing command(queryId=alex_20240424011004_e52b6d29-e5bf-4836-aeb9-32b2256c9e90): create table nonAcidNonBucket(a int, b int) stored as orc TBLPROPERTIES ('transactional'='false')
2024-04-24T01:10:04,642  INFO [main] ql.Driver: Starting task [Stage-0:DDL] in serial mode
2024-04-24T01:10:04,643  INFO [main] HiveMetaStore.audit: ugi=alex	ip=unknown-ip-addr	cmd=create_table_req: Table(tableName:nonAcidNonBucket, dbName:default, owner:alex, createTime:1713946204, lastAccessTime:0, retention:0, sd:StorageDescriptor(cols:[FieldSchema(name:a, type:int, comment:null), FieldSchema(name:b, type:int, comment:null)], location:null, inputFormat:org.apache.hadoop.hive.ql.io.orc.OrcInputFormat, outputFormat:org.apache.hadoop.hive.ql.io.orc.OrcOutputFormat, compressed:false, numBuckets:-1, serdeInfo:SerDeInfo(name:null, serializationLib:org.apache.hadoop.hive.ql.io.orc.OrcSerde, parameters:{serialization.format=1}), bucketCols:[], sortCols:[], parameters:{}, skewedInfo:SkewedInfo(skewedColNames:[], skewedColValues:[], skewedColValueLocationMaps:{}), storedAsSubDirectories:false), partitionKeys:[], parameters:{bucketing_version=2, numFiles=0, numFilesErasureCoded=0, numRows=0, COLUMN_STATS_ACCURATE={"BASIC_STATS":"true","COLUMN_STATS":{"a":"true","b":"true"}}, transactional=false, rawDataSize=0, totalSize=0}, viewOriginalText:null, viewExpandedText:null, tableType:MANAGED_TABLE, privileges:PrincipalPrivilegeSet(userPrivileges:{alex=[PrivilegeGrantInfo(privilege:INSERT, createTime:-1, grantor:alex, grantorType:USER, grantOption:true), PrivilegeGrantInfo(privilege:SELECT, createTime:-1, grantor:alex, grantorType:USER, grantOption:true), PrivilegeGrantInfo(privilege:UPDATE, createTime:-1, grantor:alex, grantorType:USER, grantOption:true), PrivilegeGrantInfo(privilege:DELETE, createTime:-1, grantor:alex, grantorType:USER, grantOption:true)]}, groupPrivileges:null, rolePrivileges:null), temporary:false, catName:hive, ownerType:USER)	
2024-04-24T01:10:04,652  INFO [main] utils.FileUtils: Creating directory if it doesn't exist: file:/home/alex/Repositories/hive/ql/target/tmp/org.apache.hadoop.hive.ql.TestTxnCommands-1713946100941/warehouse/nonacidnonbucket
2024-04-24T01:10:04,667  INFO [main] metadata.Hive: Dumping metastore api call timing information for : execution phase
2024-04-24T01:10:04,667  INFO [main] metadata.Hive: Total time spent in each metastore function (ms): {createTable_(Table)=24, isCompatibleWith_(Configuration)=0}
2024-04-24T01:10:04,667  INFO [main] ql.Driver: Completed executing command(queryId=alex_20240424011004_e52b6d29-e5bf-4836-aeb9-32b2256c9e90); Time taken: 0.025 seconds
2024-04-24T01:10:04,667  INFO [main] lockmgr.DbTxnManager: Stopped heartbeat for query: alex_20240424011004_e52b6d29-e5bf-4836-aeb9-32b2256c9e90
2024-04-24T01:10:04,672  INFO [main] txn.TxnHandler: Expected to move at least one record from txn_components to completed_txn_components when committing txn! txnid:12
2024-04-24T01:10:04,677  INFO [main] txn.TxnHandler: Removed transactions: ([12]) from MIN_HISTORY_LEVEL
2024-04-24T01:10:04,677  WARN [main] txn.CompactionTxnHandler: No compaction queue record found for Compaction type transaction commit. txnId:12
2024-04-24T01:10:04,678  INFO [main] ql.TxnCommandsBaseForTests: Running the query: insert into acidTbl(a,b)  values(1,2),(3,4),(5,6),(7,8)
2024-04-24T01:10:04,678  INFO [main] ql.Driver: Compiling command(queryId=alex_20240424011004_fad168fe-5dda-4a39-81aa-768c9566dd3d): insert into acidTbl(a,b)  values(1,2),(3,4),(5,6),(7,8)
2024-04-24T01:10:04,681  INFO [main] txn.TxnHandler: Added entries to MIN_HISTORY_LEVEL for current txns: ([13]) with min_open_txn: 1
2024-04-24T01:10:04,681  INFO [main] lockmgr.DbTxnManager: Opened txnid:13
2024-04-24T01:10:04,682  INFO [main] parse.CalcitePlanner: Starting caching scope for: 
2024-04-24T01:10:04,682  INFO [main] parse.CalcitePlanner: Starting Semantic Analysis
2024-04-24T01:10:04,685  INFO [main] HiveMetaStore.audit: ugi=alex	ip=unknown-ip-addr	cmd=get_table : tbl=hive.default.acidTbl	
2024-04-24T01:10:04,710  INFO [main] metastore.HMSHandler: Skipping translation for processor with null
2024-04-24T01:10:04,710  INFO [main] parse.CalcitePlanner: Completed phase 1 of Semantic Analysis
2024-04-24T01:10:04,710  INFO [main] parse.CalcitePlanner: Get metadata for source tables
2024-04-24T01:10:04,710  INFO [main] parse.CalcitePlanner: Get metadata for subqueries
2024-04-24T01:10:04,710  INFO [main] parse.CalcitePlanner: Get metadata for destination tables
2024-04-24T01:10:04,710  INFO [main] HiveMetaStore.audit: ugi=alex	ip=unknown-ip-addr	cmd=get_table : tbl=hive.default.acidTbl	
2024-04-24T01:10:04,719  INFO [main] metastore.HMSHandler: Skipping translation for processor with null
2024-04-24T01:10:04,719  INFO [main] parse.CalcitePlanner: Completed getting MetaData in Semantic Analysis
2024-04-24T01:10:04,719  INFO [main] parse.CalcitePlanner: Disabling LLAP IO encode as ETL query is detected
2024-04-24T01:10:04,740  INFO [main] HiveMetaStore.audit: ugi=alex	ip=unknown-ip-addr	cmd=get_all_table_constraints : tbl=hive._dummy_database._dummy_table	
2024-04-24T01:10:04,817  INFO [main] parse.CalcitePlanner: Get metadata for source tables
2024-04-24T01:10:04,817  INFO [main] parse.CalcitePlanner: Get metadata for subqueries
2024-04-24T01:10:04,817  INFO [main] parse.CalcitePlanner: Get metadata for source tables
2024-04-24T01:10:04,817  INFO [main] HiveMetaStore.audit: ugi=alex	ip=unknown-ip-addr	cmd=get_table : tbl=hive._dummy_database._dummy_table	
2024-04-24T01:10:04,820  INFO [main] parse.CalcitePlanner: Get metadata for subqueries
2024-04-24T01:10:04,820  INFO [main] parse.CalcitePlanner: Get metadata for destination tables
2024-04-24T01:10:04,820  INFO [main] parse.CalcitePlanner: Get metadata for destination tables
2024-04-24T01:10:04,820  INFO [main] HiveMetaStore.audit: ugi=alex	ip=unknown-ip-addr	cmd=get_table : tbl=hive.default.acidTbl	
2024-04-24T01:10:04,826  INFO [main] metastore.HMSHandler: Skipping translation for processor with null
2024-04-24T01:10:04,828  INFO [main] HiveMetaStore.audit: ugi=alex	ip=unknown-ip-addr	cmd=get_not_null_constraints : tbl=hive.default.acidtbl	
2024-04-24T01:10:04,829  INFO [main] HiveMetaStore.audit: ugi=alex	ip=unknown-ip-addr	cmd=get_check_constraints : tbl=hive.default.acidtbl	
2024-04-24T01:10:04,839  INFO [main] txn.TxnHandler: Allocated writeId: 1 for txnId: 13
2024-04-24T01:10:04,839  INFO [main] txn.TxnHandler: Allocated write ids for dbName=default, tblName=acidtbl (txnIds: [13])
2024-04-24T01:10:04,840  INFO [main] parse.CalcitePlanner: CBO Succeeded; optimized logical plan.
2024-04-24T01:10:04,843  INFO [main] optimizer.ColumnPrunerProcFactory: RS 4 oldColExprMap: {VALUE._col0=Column[_col1], KEY.reducesinkkey0=Column[_col0]}
2024-04-24T01:10:04,843  INFO [main] optimizer.ColumnPrunerProcFactory: RS 4 newColExprMap: {VALUE._col0=Column[_col1], KEY.reducesinkkey0=Column[_col0]}
2024-04-24T01:10:04,844  INFO [main] optimizer.BucketVersionPopulator: not considering bucketingVersion for: TS[0] because it has -1<2 buckets 
2024-04-24T01:10:04,845  INFO [main] optimizer.SortedDynPartitionOptimizer: Sorted dynamic partitioning optimization kicked in..
2024-04-24T01:10:04,853  INFO [main] HiveMetaStore.audit: ugi=alex	ip=unknown-ip-addr	cmd=get_table : tbl=hive.default.acidtbl	
2024-04-24T01:10:04,860  INFO [main] metastore.HMSHandler: Skipping translation for processor with null
2024-04-24T01:10:04,861  INFO [main] physical.Vectorizer: Examining input format to see if vectorization is enabled.
2024-04-24T01:10:04,861  INFO [main] physical.Vectorizer: Map vectorization enabled: false
2024-04-24T01:10:04,861  INFO [main] physical.Vectorizer: Map vectorized: false
2024-04-24T01:10:04,861  INFO [main] physical.Vectorizer: Map vectorizedVertexNum: 0
2024-04-24T01:10:04,861  INFO [main] physical.Vectorizer: Map enabledConditionsMet: [hive.vectorized.use.vectorized.input.format IS true]
2024-04-24T01:10:04,861  INFO [main] physical.Vectorizer: Map enabledConditionsNotMet: [Could not enable vectorization due to partition column names size 1 is greater than the number of table column names size 0 IS false]
2024-04-24T01:10:04,861  INFO [main] physical.Vectorizer: Map inputFileFormatClassNameSet: [org.apache.hadoop.hive.ql.io.NullRowsInputFormat]
2024-04-24T01:10:04,861  INFO [main] physical.Vectorizer: Reduce vectorization enabled: false
2024-04-24T01:10:04,861  INFO [main] physical.Vectorizer: Reduce vectorized: false
2024-04-24T01:10:04,861  INFO [main] physical.Vectorizer: Reduce vectorizedVertexNum: 1
2024-04-24T01:10:04,861  INFO [main] physical.Vectorizer: Reducer hive.vectorized.execution.reduce.enabled: true
2024-04-24T01:10:04,861  INFO [main] physical.Vectorizer: Reducer engine: mr
2024-04-24T01:10:04,861  INFO [main] parse.CalcitePlanner: Completed plan generation
2024-04-24T01:10:04,861  INFO [main] parse.CalcitePlanner: Ending caching scope for: 
2024-04-24T01:10:04,861  INFO [main] ql.Driver: Semantic Analysis Completed (retrial = false)
2024-04-24T01:10:04,861  INFO [main] ql.Driver: Created Hive schema: Schema(fieldSchemas:[FieldSchema(name:_col0, type:int, comment:null), FieldSchema(name:_col1, type:int, comment:null)], properties:null)
2024-04-24T01:10:04,861  INFO [main] metadata.Hive: Dumping metastore api call timing information for : compilation phase
2024-04-24T01:10:04,861  INFO [main] metadata.Hive: Total time spent in each metastore function (ms): {commitTxn_(CommitTxnRequest)=11, getValidTxns_(long)=1, getAllTableConstraints_(AllTableConstraintsRequest)=32, isCompatibleWith_(Configuration)=1, flushCache_()=0, getValidWriteIds_(List, String)=3, getTable_(GetTableRequest)=47, allocateTableWriteId_(long, String, String)=9, getNotNullConstraints_(NotNullConstraintsRequest)=1, getCheckConstraints_(CheckConstraintsRequest)=1, openTxn_(String, TxnType)=2}
2024-04-24T01:10:04,862  INFO [main] ql.Driver: Completed compiling command(queryId=alex_20240424011004_fad168fe-5dda-4a39-81aa-768c9566dd3d); Time taken: 0.183 seconds
2024-04-24T01:10:04,862  INFO [main] lockmgr.DbTxnManager: Setting lock request transaction to txnid:13 for queryId=alex_20240424011004_fad168fe-5dda-4a39-81aa-768c9566dd3d
2024-04-24T01:10:04,862  INFO [main] lockmgr.DbLockManager: Requesting lock for queryId=alex_20240424011004_fad168fe-5dda-4a39-81aa-768c9566dd3d
2024-04-24T01:10:04,883  INFO [main] lockmgr.DbLockManager: Response to queryId=alex_20240424011004_fad168fe-5dda-4a39-81aa-768c9566dd3d LockResponse(lockid:7, state:ACQUIRED)
2024-04-24T01:10:04,883  INFO [main] ql.Driver: Operation QUERY obtained 1 locks
2024-04-24T01:10:04,886  INFO [main] ql.Driver: Executing command(queryId=alex_20240424011004_fad168fe-5dda-4a39-81aa-768c9566dd3d): insert into acidTbl(a,b)  values(1,2),(3,4),(5,6),(7,8)
2024-04-24T01:10:04,886  WARN [main] ql.Driver: Hive-on-MR is deprecated in Hive 2 and may not be available in the future versions. Consider using a different execution engine (i.e. spark, tez) or using Hive 1.X releases.
Query ID = alex_20240424011004_fad168fe-5dda-4a39-81aa-768c9566dd3d
2024-04-24T01:10:04,886  INFO [main] ql.Driver: Query ID = alex_20240424011004_fad168fe-5dda-4a39-81aa-768c9566dd3d
Total jobs = 1
2024-04-24T01:10:04,886  INFO [main] ql.Driver: Total jobs = 1
Launching Job 1 out of 1
2024-04-24T01:10:04,886  INFO [main] ql.Driver: Launching Job 1 out of 1
2024-04-24T01:10:05,049  INFO [main] ql.Driver: Starting task [Stage-1:MAPRED] in serial mode
Number of reduce tasks determined at compile time: 2
2024-04-24T01:10:05,049  INFO [main] exec.Task: Number of reduce tasks determined at compile time: 2
In order to change the average load for a reducer (in bytes):
2024-04-24T01:10:05,049  INFO [main] exec.Task: In order to change the average load for a reducer (in bytes):
  set hive.exec.reducers.bytes.per.reducer=<number>
2024-04-24T01:10:05,049  INFO [main] exec.Task:   set hive.exec.reducers.bytes.per.reducer=<number>
In order to limit the maximum number of reducers:
2024-04-24T01:10:05,049  INFO [main] exec.Task: In order to limit the maximum number of reducers:
  set hive.exec.reducers.max=<number>
2024-04-24T01:10:05,049  INFO [main] exec.Task:   set hive.exec.reducers.max=<number>
In order to set a constant number of reducers:
2024-04-24T01:10:05,049  INFO [main] exec.Task: In order to set a constant number of reducers:
  set mapreduce.job.reduces=<number>
2024-04-24T01:10:05,049  INFO [main] exec.Task:   set mapreduce.job.reduces=<number>
2024-04-24T01:10:05,052  INFO [main] mr.ExecDriver: Using org.apache.hadoop.hive.ql.io.HiveInputFormat
2024-04-24T01:10:05,052  INFO [main] exec.Utilities: Processing alias $hdt$_0:_dummy_table
2024-04-24T01:10:05,052  INFO [main] exec.Utilities: Adding 1 inputs; the first input is file:/home/alex/Repositories/hive/ql/target/tmp/localscratchdir/c8e596ae-9366-4a59-b008-ea5f2c976cf2/hive_2024-04-24_01-10-04_678_7942142007780158682-1/dummy_path
2024-04-24T01:10:05,061  INFO [main] exec.SerializationUtilities: Serializing MapWork using kryo
2024-04-24T01:10:05,062  INFO [main] exec.Utilities: Serialized plan (via FILE) - name: null size: 5,35KB
2024-04-24T01:10:05,067  INFO [main] exec.SerializationUtilities: Serializing ReduceWork using kryo
2024-04-24T01:10:05,067  INFO [main] exec.Utilities: Serialized plan (via FILE) - name: null size: 5,96KB
2024-04-24T01:10:05,068  WARN [main] impl.MetricsSystemImpl: JobTracker metrics system already initialized!
2024-04-24T01:10:05,073  INFO [main] fs.FSStatsPublisher: created : file:/home/alex/Repositories/hive/ql/target/tmp/localscratchdir/c8e596ae-9366-4a59-b008-ea5f2c976cf2/hive_2024-04-24_01-10-04_678_7942142007780158682-1/-mr-10000
2024-04-24T01:10:05,074  WARN [main] impl.MetricsSystemImpl: JobTracker metrics system already initialized!
2024-04-24T01:10:05,082  WARN [main] mapreduce.JobResourceUploader: Hadoop command-line option parsing not performed. Implement the Tool interface and execute your application with ToolRunner to remedy this.
2024-04-24T01:10:05,088  WARN [main] mapreduce.JobResourceUploader: No job jar file set.  User classes may not be found. See Job or Job#setJar(String).
2024-04-24T01:10:05,089  INFO [main] io.HiveInputFormat: hive.io.file.readcolumn.ids = 
2024-04-24T01:10:05,089  INFO [main] io.HiveInputFormat: hive.io.file.readcolumn.names = 
2024-04-24T01:10:05,089  INFO [main] io.HiveInputFormat: Generating splits for dirs: file:/home/alex/Repositories/hive/ql/target/tmp/localscratchdir/c8e596ae-9366-4a59-b008-ea5f2c976cf2/hive_2024-04-24_01-10-04_678_7942142007780158682-1/dummy_path
2024-04-24T01:10:05,089  INFO [main] io.HiveInputFormat: number of splits 1
2024-04-24T01:10:05,107  INFO [main] mapreduce.JobSubmitter: number of splits:1
2024-04-24T01:10:05,127  INFO [main] mapreduce.JobSubmitter: Submitting tokens for job: job_local926609410_0035
2024-04-24T01:10:05,128  INFO [main] mapreduce.JobSubmitter: Executing with tokens: []
2024-04-24T01:10:05,194  INFO [main] mapreduce.Job: The url to track the job: http://localhost:8080/
Job running in-process (local Hadoop)
2024-04-24T01:10:05,194  INFO [main] exec.Task: Job running in-process (local Hadoop)
2024-04-24T01:10:05,194  INFO [Thread-2901] mapred.LocalJobRunner: OutputCommitter set in config org.apache.hadoop.hive.ql.io.HiveFileFormatUtils$NullOutputCommitter
2024-04-24T01:10:05,195  INFO [Thread-2901] mapred.LocalJobRunner: OutputCommitter is org.apache.hadoop.hive.ql.io.HiveFileFormatUtils$NullOutputCommitter
2024-04-24T01:10:05,196  INFO [Thread-2901] mapred.LocalJobRunner: Waiting for map tasks
2024-04-24T01:10:05,197  INFO [LocalJobRunner Map Task Executor #0] mapred.LocalJobRunner: Starting task: attempt_local926609410_0035_m_000000_0
2024-04-24T01:10:05,199  INFO [LocalJobRunner Map Task Executor #0] mapred.Task:  Using ResourceCalculatorProcessTree : [ ]
2024-04-24T01:10:05,200  INFO [LocalJobRunner Map Task Executor #0] mapred.MapTask: Processing split: org.apache.hadoop.hive.ql.io.NullRowsInputFormat:file:/home/alex/Repositories/hive/ql/target/tmp/localscratchdir/c8e596ae-9366-4a59-b008-ea5f2c976cf2/hive_2024-04-24_01-10-04_678_7942142007780158682-1/dummy_path/null:0+1
2024-04-24T01:10:05,202  INFO [LocalJobRunner Map Task Executor #0] exec.SerializationUtilities: Deserializing MapWork using kryo
2024-04-24T01:10:05,203  INFO [LocalJobRunner Map Task Executor #0] exec.Utilities: Deserialized plan (via FILE) - name: null size: 5,35KB
2024-04-24T01:10:05,203  INFO [LocalJobRunner Map Task Executor #0] mapred.MapTask: numReduceTasks: 2
2024-04-24T01:10:05,207  INFO [LocalJobRunner Map Task Executor #0] mapred.MapTask: (EQUATOR) 0 kvi 26214396(104857584)
2024-04-24T01:10:05,207  INFO [LocalJobRunner Map Task Executor #0] mapred.MapTask: mapreduce.task.io.sort.mb: 100
2024-04-24T01:10:05,207  INFO [LocalJobRunner Map Task Executor #0] mapred.MapTask: soft limit at 83886080
2024-04-24T01:10:05,207  INFO [LocalJobRunner Map Task Executor #0] mapred.MapTask: bufstart = 0; bufvoid = 104857600
2024-04-24T01:10:05,207  INFO [LocalJobRunner Map Task Executor #0] mapred.MapTask: kvstart = 26214396; length = 6553600
2024-04-24T01:10:05,208  INFO [LocalJobRunner Map Task Executor #0] mapred.MapTask: Map output collector class = org.apache.hadoop.mapred.MapTask$MapOutputBuffer
2024-04-24T01:10:05,208  INFO [LocalJobRunner Map Task Executor #0] exec.MapOperator: Initializing Operator: MAP[0]
2024-04-24T01:10:05,209  INFO [LocalJobRunner Map Task Executor #0] mr.ExecMapper: 
<MAP>Id =0
  <Children>null
  <\Children>
  <Parent><\Parent>
<\MAP>
2024-04-24T01:10:05,210  INFO [LocalJobRunner Map Task Executor #0] exec.TableScanOperator: Initializing Operator: TS[0]
2024-04-24T01:10:05,210  INFO [LocalJobRunner Map Task Executor #0] exec.SelectOperator: Initializing Operator: SEL[1]
2024-04-24T01:10:05,210  INFO [LocalJobRunner Map Task Executor #0] exec.SelectOperator: SELECT null
2024-04-24T01:10:05,210  INFO [LocalJobRunner Map Task Executor #0] exec.UDTFOperator: Initializing Operator: UDTF[2]
2024-04-24T01:10:05,210  INFO [LocalJobRunner Map Task Executor #0] exec.SelectOperator: Initializing Operator: SEL[3]
2024-04-24T01:10:05,210  INFO [LocalJobRunner Map Task Executor #0] exec.SelectOperator: SELECT struct<col1:int,col2:int>
2024-04-24T01:10:05,210  INFO [LocalJobRunner Map Task Executor #0] exec.ReduceSinkOperator: Initializing Operator: RS[4]
2024-04-24T01:10:05,210  INFO [LocalJobRunner Map Task Executor #0] exec.ReduceSinkOperator: Using tag = -1
2024-04-24T01:10:05,211  INFO [LocalJobRunner Map Task Executor #0] exec.ReduceSinkOperator: keys are [reducesinkkey0] num distributions: 1
2024-04-24T01:10:05,211  INFO [LocalJobRunner Map Task Executor #0] exec.ReduceSinkOperator: RS[4]: records written - 1
2024-04-24T01:10:05,211  INFO [LocalJobRunner Map Task Executor #0] exec.MapOperator: MAP[0]: records read - 1
2024-04-24T01:10:05,212  INFO [LocalJobRunner Map Task Executor #0] exec.MapOperator: Closing Operator: MAP[0]
2024-04-24T01:10:05,212  INFO [LocalJobRunner Map Task Executor #0] exec.MapOperator: MAP[0]: Total records read - 3. abort - false
2024-04-24T01:10:05,212  INFO [LocalJobRunner Map Task Executor #0] exec.MapOperator: RECORDS_OUT_OPERATOR_MAP_0:0, RECORDS_OUT_INTERMEDIATE:0, DESERIALIZE_ERRORS:0, RECORDS_IN:3, 
2024-04-24T01:10:05,212  INFO [LocalJobRunner Map Task Executor #0] exec.TableScanOperator: Closing Operator: TS[0]
2024-04-24T01:10:05,212  INFO [LocalJobRunner Map Task Executor #0] exec.TableScanOperator: RECORDS_OUT_INTERMEDIATE:0, RECORDS_OUT_OPERATOR_TS_0:1, 
2024-04-24T01:10:05,212  INFO [LocalJobRunner Map Task Executor #0] exec.SelectOperator: Closing Operator: SEL[1]
2024-04-24T01:10:05,212  INFO [LocalJobRunner Map Task Executor #0] exec.SelectOperator: RECORDS_OUT_OPERATOR_SEL_1:1, RECORDS_OUT_INTERMEDIATE:0, 
2024-04-24T01:10:05,212  INFO [LocalJobRunner Map Task Executor #0] exec.UDTFOperator: Closing Operator: UDTF[2]
2024-04-24T01:10:05,212  INFO [LocalJobRunner Map Task Executor #0] exec.UDTFOperator: RECORDS_OUT_OPERATOR_UDTF_2:4, RECORDS_OUT_INTERMEDIATE:0, 
2024-04-24T01:10:05,212  INFO [LocalJobRunner Map Task Executor #0] exec.SelectOperator: Closing Operator: SEL[3]
2024-04-24T01:10:05,212  INFO [LocalJobRunner Map Task Executor #0] exec.SelectOperator: RECORDS_OUT_OPERATOR_SEL_3:4, RECORDS_OUT_INTERMEDIATE:0, 
2024-04-24T01:10:05,212  INFO [LocalJobRunner Map Task Executor #0] exec.ReduceSinkOperator: Closing Operator: RS[4]
2024-04-24T01:10:05,212  INFO [LocalJobRunner Map Task Executor #0] exec.ReduceSinkOperator: RS[4]: Total records written - 4. abort - false
2024-04-24T01:10:05,212  INFO [LocalJobRunner Map Task Executor #0] exec.ReduceSinkOperator: RECORDS_OUT_OPERATOR_RS_4:4, RECORDS_OUT_INTERMEDIATE:4, 
2024-04-24T01:10:05,215  INFO [LocalJobRunner Map Task Executor #0] mapred.LocalJobRunner: 
2024-04-24T01:10:05,215  INFO [LocalJobRunner Map Task Executor #0] mapred.MapTask: Starting flush of map output
2024-04-24T01:10:05,215  INFO [LocalJobRunner Map Task Executor #0] mapred.MapTask: Spilling map output
2024-04-24T01:10:05,215  INFO [LocalJobRunner Map Task Executor #0] mapred.MapTask: bufstart = 0; bufend = 64; bufvoid = 104857600
2024-04-24T01:10:05,215  INFO [LocalJobRunner Map Task Executor #0] mapred.MapTask: kvstart = 26214396(104857584); kvend = 26214384(104857536); length = 13/6553600
2024-04-24T01:10:05,225  INFO [LocalJobRunner Map Task Executor #0] mapred.MapTask: Finished spill 0
2024-04-24T01:10:05,230  INFO [LocalJobRunner Map Task Executor #0] mapred.Task: Task:attempt_local926609410_0035_m_000000_0 is done. And is in the process of committing
2024-04-24T01:10:05,231  INFO [LocalJobRunner Map Task Executor #0] mapred.LocalJobRunner: map
2024-04-24T01:10:05,231  INFO [LocalJobRunner Map Task Executor #0] mapred.Task: Task 'attempt_local926609410_0035_m_000000_0' done.
2024-04-24T01:10:05,231  INFO [LocalJobRunner Map Task Executor #0] mapred.Task: Final Counters for attempt_local926609410_0035_m_000000_0: Counters: 26
	File System Counters
		FILE: Number of bytes read=766390
		FILE: Number of bytes written=43913277
		FILE: Number of read operations=0
		FILE: Number of large read operations=0
		FILE: Number of write operations=0
	Map-Reduce Framework
		Map input records=4
		Map output records=4
		Map output bytes=64
		Map output materialized bytes=84
		Input split bytes=361
		Combine input records=0
		Spilled Records=4
		Failed Shuffles=0
		Merged Map outputs=0
		GC time elapsed (ms)=0
		Total committed heap usage (bytes)=1312817152
	HIVE
		DESERIALIZE_ERRORS=0
		RECORDS_IN=3
		RECORDS_OUT_INTERMEDIATE=4
		RECORDS_OUT_OPERATOR_MAP_0=0
		RECORDS_OUT_OPERATOR_RS_4=4
		RECORDS_OUT_OPERATOR_SEL_1=1
		RECORDS_OUT_OPERATOR_SEL_3=4
		RECORDS_OUT_OPERATOR_TS_0=1
		RECORDS_OUT_OPERATOR_UDTF_2=4
	File Input Format Counters 
		Bytes Read=5406
2024-04-24T01:10:05,231  INFO [LocalJobRunner Map Task Executor #0] mapred.LocalJobRunner: Finishing task: attempt_local926609410_0035_m_000000_0
2024-04-24T01:10:05,231  INFO [Thread-2901] mapred.LocalJobRunner: map task executor complete.
2024-04-24T01:10:05,232  INFO [Thread-2901] mapred.LocalJobRunner: Waiting for reduce tasks
2024-04-24T01:10:05,233  INFO [pool-173-thread-1] mapred.LocalJobRunner: Starting task: attempt_local926609410_0035_r_000000_0
2024-04-24T01:10:05,235  INFO [pool-173-thread-1] mapred.Task:  Using ResourceCalculatorProcessTree : [ ]
2024-04-24T01:10:05,235  INFO [pool-173-thread-1] mapred.ReduceTask: Using ShuffleConsumerPlugin: org.apache.hadoop.mapreduce.task.reduce.Shuffle@e7cea5c
2024-04-24T01:10:05,235  WARN [pool-173-thread-1] impl.MetricsSystemImpl: JobTracker metrics system already initialized!
2024-04-24T01:10:05,236  INFO [pool-173-thread-1] reduce.MergeManagerImpl: MergerManager: memoryLimit=1336252800, maxSingleShuffleLimit=334063200, mergeThreshold=881926912, ioSortFactor=10, memToMemMergeOutputsThreshold=10
2024-04-24T01:10:05,237  INFO [EventFetcher for fetching Map Completion Events] reduce.EventFetcher: attempt_local926609410_0035_r_000000_0 Thread started: EventFetcher for fetching Map Completion Events
2024-04-24T01:10:05,239  INFO [localfetcher#49] reduce.LocalFetcher: localfetcher#49 about to shuffle output of map attempt_local926609410_0035_m_000000_0 decomp: 38 len: 42 to MEMORY
2024-04-24T01:10:05,240  INFO [localfetcher#49] reduce.InMemoryMapOutput: Read 38 bytes from map-output for attempt_local926609410_0035_m_000000_0
2024-04-24T01:10:05,240  INFO [localfetcher#49] reduce.MergeManagerImpl: closeInMemoryFile -> map-output of size: 38, inMemoryMapOutputs.size() -> 1, commitMemory -> 0, usedMemory ->38
2024-04-24T01:10:05,240  INFO [EventFetcher for fetching Map Completion Events] reduce.EventFetcher: EventFetcher is interrupted.. Returning
2024-04-24T01:10:05,240  INFO [pool-173-thread-1] mapred.LocalJobRunner: 1 / 1 copied.
2024-04-24T01:10:05,240  INFO [pool-173-thread-1] reduce.MergeManagerImpl: finalMerge called with 1 in-memory map-outputs and 0 on-disk map-outputs
2024-04-24T01:10:05,246  INFO [pool-173-thread-1] mapred.Merger: Merging 1 sorted segments
2024-04-24T01:10:05,246  INFO [pool-173-thread-1] mapred.Merger: Down to the last merge-pass, with 1 segments left of total size: 26 bytes
2024-04-24T01:10:05,249  INFO [pool-173-thread-1] reduce.MergeManagerImpl: Merged 1 segments, 38 bytes to disk to satisfy reduce memory limit
2024-04-24T01:10:05,249  INFO [pool-173-thread-1] reduce.MergeManagerImpl: Merging 1 files, 42 bytes from disk
2024-04-24T01:10:05,249  INFO [pool-173-thread-1] reduce.MergeManagerImpl: Merging 0 segments, 0 bytes from memory into reduce
2024-04-24T01:10:05,249  INFO [pool-173-thread-1] mapred.Merger: Merging 1 sorted segments
2024-04-24T01:10:05,249  INFO [pool-173-thread-1] mapred.Merger: Down to the last merge-pass, with 1 segments left of total size: 26 bytes
2024-04-24T01:10:05,249  INFO [pool-173-thread-1] mapred.LocalJobRunner: 1 / 1 copied.
2024-04-24T01:10:05,250  INFO [pool-173-thread-1] exec.SerializationUtilities: Deserializing ReduceWork using kryo
2024-04-24T01:10:05,250  INFO [pool-173-thread-1] exec.Utilities: Deserialized plan (via FILE) - name: null size: 5,96KB
2024-04-24T01:10:05,251  INFO [pool-173-thread-1] ExecReducer: 
<SEL>Id =5
  <Children>
    <FS>Id =6
      <Children>
      <\Children>
      <Parent>Id = 5 null<\Parent>
    <\FS>
  <\Children>
  <Parent><\Parent>
<\SEL>
2024-04-24T01:10:05,251  INFO [pool-173-thread-1] exec.SelectOperator: Initializing Operator: SEL[5]
2024-04-24T01:10:05,251  INFO [pool-173-thread-1] exec.SelectOperator: SELECT struct<key:struct<reducesinkkey0:int>,value:struct<_col0:int>>
2024-04-24T01:10:05,251  INFO [pool-173-thread-1] exec.FileSinkOperator: Initializing Operator: FS[6]
2024-04-24T01:10:05,251  INFO [pool-173-thread-1] exec.FileSinkOperator: Using serializer : AbstractSerDe [log=org.apache.logging.slf4j.Log4jLogger@7c52fdfa, configuration=Optional[Configuration: core-default.xml, core-site.xml, mapred-default.xml, mapred-site.xml, yarn-default.xml, yarn-site.xml, hdfs-default.xml, hdfs-site.xml, file:/home/alex/Repositories/hive/ql/target/tmp/TestTxnCommandsWithSplitUpdateAndVectorization/mapred/local/localRunner/alex/job_local926609410_0035/job_local926609410_0035.xml], properties={transactional_properties=default, name=default.acidtbl, transactional=true, columns.types=int:int, bucket_field_name=a, columns=a,b, numFilesErasureCoded=0, columns.comments=&amp#0;, bucketing_version=2, bucket_count=2, serialization.lib=org.apache.hadoop.hive.ql.io.orc.OrcSerde, file.inputformat=org.apache.hadoop.hive.ql.io.orc.OrcInputFormat, file.outputformat=org.apache.hadoop.hive.ql.io.orc.OrcOutputFormat, location=file:/home/alex/Repositories/hive/ql/target/tmp/org.apache.hadoop.hive.ql.TestTxnCommands-1713946100941/warehouse/acidtbl, column.name.delimiter=,}, tableProperties={transactional_properties=default, name=default.acidtbl, transactional=true, columns.types=int:int, bucket_field_name=a, columns=a,b, numFilesErasureCoded=0, columns.comments=&amp#0;, bucketing_version=2, bucket_count=2, serialization.lib=org.apache.hadoop.hive.ql.io.orc.OrcSerde, file.inputformat=org.apache.hadoop.hive.ql.io.orc.OrcInputFormat, location=file:/home/alex/Repositories/hive/ql/target/tmp/org.apache.hadoop.hive.ql.TestTxnCommands-1713946100941/warehouse/acidtbl, file.outputformat=org.apache.hadoop.hive.ql.io.orc.OrcOutputFormat, column.name.delimiter=,}, partitionProperties=Optional.empty, columnNames=[a, b], columnTypes=[int, int], getClass()=class org.apache.hadoop.hive.ql.io.orc.OrcSerde] and formatter : org.apache.hadoop.hive.ql.io.orc.OrcOutputFormat@6c9e8c92
2024-04-24T01:10:05,252  INFO [pool-173-thread-1] exec.FileSinkOperator: Final Path: FS file:/home/alex/Repositories/hive/ql/target/tmp/org.apache.hadoop.hive.ql.TestTxnCommands-1713946100941/warehouse/acidtbl
2024-04-24T01:10:05,252  INFO [pool-173-thread-1] exec.FileSinkOperator: New Final Path: FS file:/home/alex/Repositories/hive/ql/target/tmp/org.apache.hadoop.hive.ql.TestTxnCommands-1713946100941/warehouse/acidtbl
2024-04-24T01:10:05,252  INFO [pool-173-thread-1] common.FileUtils: Creating directory if it doesn't exist: file:/home/alex/Repositories/hive/ql/target/tmp/org.apache.hadoop.hive.ql.TestTxnCommands-1713946100941/warehouse
2024-04-24T01:10:05,252  INFO [pool-173-thread-1] exec.FileSinkOperator: FS[6]: records written - 1
2024-04-24T01:10:05,253  INFO [pool-173-thread-1] impl.PhysicalFsWriter: ORC writer created for path: file:/home/alex/Repositories/hive/ql/target/tmp/org.apache.hadoop.hive.ql.TestTxnCommands-1713946100941/warehouse/acidtbl/delta_0000001_0000001_0000/bucket_00000_0 with stripeSize: 8388608 blockSize: 268435456 compression: Compress: ZLIB buffer: 32768
2024-04-24T01:10:05,260  INFO [pool-173-thread-1] impl.WriterImpl: ORC writer created for path: file:/home/alex/Repositories/hive/ql/target/tmp/org.apache.hadoop.hive.ql.TestTxnCommands-1713946100941/warehouse/acidtbl/delta_0000001_0000001_0000/bucket_00000_0 with stripeSize: 8388608 options: Compress: ZLIB buffer: 32768
2024-04-24T01:10:05,265  INFO [pool-173-thread-1] exec.SelectOperator: Closing Operator: SEL[5]
2024-04-24T01:10:05,265  INFO [pool-173-thread-1] exec.SelectOperator: RECORDS_OUT_OPERATOR_SEL_5:2, RECORDS_OUT_INTERMEDIATE:0, 
2024-04-24T01:10:05,265  INFO [pool-173-thread-1] exec.FileSinkOperator: Closing Operator: FS[6]
2024-04-24T01:10:05,265  INFO [pool-173-thread-1] exec.FileSinkOperator: FS[6]: records written - 2
2024-04-24T01:10:05,267  INFO [pool-173-thread-1] FileOperations: Writing manifest to file:/home/alex/Repositories/hive/ql/target/tmp/org.apache.hadoop.hive.ql.TestTxnCommands-1713946100941/warehouse/acidtbl/_tmp.delta_0000001_0000001_0000/000000_0.manifest with [file:/home/alex/Repositories/hive/ql/target/tmp/org.apache.hadoop.hive.ql.TestTxnCommands-1713946100941/warehouse/acidtbl/delta_0000001_0000001_0000/bucket_00000_0]
2024-04-24T01:10:05,279  INFO [pool-173-thread-1] exec.FileSinkOperator: RECORDS_OUT_OPERATOR_FS_6:2, RECORDS_OUT_INTERMEDIATE:0, TOTAL_TABLE_ROWS_WRITTEN:2, RECORDS_OUT_1_default.acidtbl:2, 
2024-04-24T01:10:05,280  INFO [pool-173-thread-1] mapred.Task: Task:attempt_local926609410_0035_r_000000_0 is done. And is in the process of committing
2024-04-24T01:10:05,280  INFO [pool-173-thread-1] mapred.LocalJobRunner: reduce > reduce
2024-04-24T01:10:05,280  INFO [pool-173-thread-1] mapred.Task: Task 'attempt_local926609410_0035_r_000000_0' done.
2024-04-24T01:10:05,280  INFO [pool-173-thread-1] mapred.Task: Final Counters for attempt_local926609410_0035_r_000000_0: Counters: 30
	File System Counters
		FILE: Number of bytes read=772595
		FILE: Number of bytes written=43914353
		FILE: Number of read operations=0
		FILE: Number of large read operations=0
		FILE: Number of write operations=0
	Map-Reduce Framework
		Combine input records=0
		Combine output records=0
		Reduce input groups=2
		Reduce shuffle bytes=42
		Reduce input records=2
		Reduce output records=0
		Spilled Records=2
		Shuffled Maps =1
		Failed Shuffles=0
		Merged Map outputs=1
		GC time elapsed (ms)=0
		Total committed heap usage (bytes)=1312817152
	HIVE
		CREATED_FILES=1
		RECORDS_OUT_1_default.acidtbl=2
		RECORDS_OUT_INTERMEDIATE=0
		RECORDS_OUT_OPERATOR_FS_6=2
		RECORDS_OUT_OPERATOR_SEL_5=2
		TOTAL_TABLE_ROWS_WRITTEN=2
	Shuffle Errors
		BAD_ID=0
		CONNECTION=0
		IO_ERROR=0
		WRONG_LENGTH=0
		WRONG_MAP=0
		WRONG_REDUCE=0
	File Output Format Counters 
		Bytes Written=0
2024-04-24T01:10:05,280  INFO [pool-173-thread-1] mapred.LocalJobRunner: Finishing task: attempt_local926609410_0035_r_000000_0
2024-04-24T01:10:05,280  INFO [pool-173-thread-1] mapred.LocalJobRunner: Starting task: attempt_local926609410_0035_r_000001_0
2024-04-24T01:10:05,281  INFO [pool-173-thread-1] mapred.Task:  Using ResourceCalculatorProcessTree : [ ]
2024-04-24T01:10:05,281  INFO [pool-173-thread-1] mapred.ReduceTask: Using ShuffleConsumerPlugin: org.apache.hadoop.mapreduce.task.reduce.Shuffle@32c05bf1
2024-04-24T01:10:05,281  WARN [pool-173-thread-1] impl.MetricsSystemImpl: JobTracker metrics system already initialized!
2024-04-24T01:10:05,282  INFO [pool-173-thread-1] reduce.MergeManagerImpl: MergerManager: memoryLimit=1336252800, maxSingleShuffleLimit=334063200, mergeThreshold=881926912, ioSortFactor=10, memToMemMergeOutputsThreshold=10
2024-04-24T01:10:05,283  INFO [EventFetcher for fetching Map Completion Events] reduce.EventFetcher: attempt_local926609410_0035_r_000001_0 Thread started: EventFetcher for fetching Map Completion Events
2024-04-24T01:10:05,286  INFO [localfetcher#50] reduce.LocalFetcher: localfetcher#50 about to shuffle output of map attempt_local926609410_0035_m_000000_0 decomp: 38 len: 42 to MEMORY
2024-04-24T01:10:05,286  INFO [localfetcher#50] reduce.InMemoryMapOutput: Read 38 bytes from map-output for attempt_local926609410_0035_m_000000_0
2024-04-24T01:10:05,286  INFO [localfetcher#50] reduce.MergeManagerImpl: closeInMemoryFile -> map-output of size: 38, inMemoryMapOutputs.size() -> 1, commitMemory -> 0, usedMemory ->38
2024-04-24T01:10:05,287  INFO [EventFetcher for fetching Map Completion Events] reduce.EventFetcher: EventFetcher is interrupted.. Returning
2024-04-24T01:10:05,287  INFO [pool-173-thread-1] mapred.LocalJobRunner: 1 / 1 copied.
2024-04-24T01:10:05,287  INFO [pool-173-thread-1] reduce.MergeManagerImpl: finalMerge called with 1 in-memory map-outputs and 0 on-disk map-outputs
2024-04-24T01:10:05,293  INFO [pool-173-thread-1] mapred.Merger: Merging 1 sorted segments
2024-04-24T01:10:05,294  INFO [pool-173-thread-1] mapred.Merger: Down to the last merge-pass, with 1 segments left of total size: 26 bytes
2024-04-24T01:10:05,296  INFO [pool-173-thread-1] reduce.MergeManagerImpl: Merged 1 segments, 38 bytes to disk to satisfy reduce memory limit
2024-04-24T01:10:05,296  INFO [pool-173-thread-1] reduce.MergeManagerImpl: Merging 1 files, 42 bytes from disk
2024-04-24T01:10:05,296  INFO [pool-173-thread-1] reduce.MergeManagerImpl: Merging 0 segments, 0 bytes from memory into reduce
2024-04-24T01:10:05,296  INFO [pool-173-thread-1] mapred.Merger: Merging 1 sorted segments
2024-04-24T01:10:05,297  INFO [pool-173-thread-1] mapred.Merger: Down to the last merge-pass, with 1 segments left of total size: 26 bytes
2024-04-24T01:10:05,297  INFO [pool-173-thread-1] mapred.LocalJobRunner: 1 / 1 copied.
2024-04-24T01:10:05,297  INFO [pool-173-thread-1] exec.SerializationUtilities: Deserializing ReduceWork using kryo
2024-04-24T01:10:05,298  INFO [pool-173-thread-1] exec.Utilities: Deserialized plan (via FILE) - name: null size: 5,96KB
2024-04-24T01:10:05,299  INFO [pool-173-thread-1] ExecReducer: 
<SEL>Id =5
  <Children>
    <FS>Id =6
      <Children>
      <\Children>
      <Parent>Id = 5 null<\Parent>
    <\FS>
  <\Children>
  <Parent><\Parent>
<\SEL>
2024-04-24T01:10:05,299  INFO [pool-173-thread-1] exec.SelectOperator: Initializing Operator: SEL[5]
2024-04-24T01:10:05,299  INFO [pool-173-thread-1] exec.SelectOperator: SELECT struct<key:struct<reducesinkkey0:int>,value:struct<_col0:int>>
2024-04-24T01:10:05,299  INFO [pool-173-thread-1] exec.FileSinkOperator: Initializing Operator: FS[6]
2024-04-24T01:10:05,300  INFO [pool-173-thread-1] exec.FileSinkOperator: Using serializer : AbstractSerDe [log=org.apache.logging.slf4j.Log4jLogger@7c52fdfa, configuration=Optional[Configuration: core-default.xml, core-site.xml, mapred-default.xml, mapred-site.xml, yarn-default.xml, yarn-site.xml, hdfs-default.xml, hdfs-site.xml, file:/home/alex/Repositories/hive/ql/target/tmp/TestTxnCommandsWithSplitUpdateAndVectorization/mapred/local/localRunner/alex/job_local926609410_0035/job_local926609410_0035.xml], properties={transactional_properties=default, name=default.acidtbl, transactional=true, columns.types=int:int, bucket_field_name=a, columns=a,b, numFilesErasureCoded=0, columns.comments=&amp#0;, bucketing_version=2, bucket_count=2, serialization.lib=org.apache.hadoop.hive.ql.io.orc.OrcSerde, file.inputformat=org.apache.hadoop.hive.ql.io.orc.OrcInputFormat, file.outputformat=org.apache.hadoop.hive.ql.io.orc.OrcOutputFormat, location=file:/home/alex/Repositories/hive/ql/target/tmp/org.apache.hadoop.hive.ql.TestTxnCommands-1713946100941/warehouse/acidtbl, column.name.delimiter=,}, tableProperties={transactional_properties=default, name=default.acidtbl, transactional=true, columns.types=int:int, bucket_field_name=a, columns=a,b, numFilesErasureCoded=0, columns.comments=&amp#0;, bucketing_version=2, bucket_count=2, serialization.lib=org.apache.hadoop.hive.ql.io.orc.OrcSerde, file.inputformat=org.apache.hadoop.hive.ql.io.orc.OrcInputFormat, location=file:/home/alex/Repositories/hive/ql/target/tmp/org.apache.hadoop.hive.ql.TestTxnCommands-1713946100941/warehouse/acidtbl, file.outputformat=org.apache.hadoop.hive.ql.io.orc.OrcOutputFormat, column.name.delimiter=,}, partitionProperties=Optional.empty, columnNames=[a, b], columnTypes=[int, int], getClass()=class org.apache.hadoop.hive.ql.io.orc.OrcSerde] and formatter : org.apache.hadoop.hive.ql.io.orc.OrcOutputFormat@3dabeb04
2024-04-24T01:10:05,300  INFO [pool-173-thread-1] exec.FileSinkOperator: Final Path: FS file:/home/alex/Repositories/hive/ql/target/tmp/org.apache.hadoop.hive.ql.TestTxnCommands-1713946100941/warehouse/acidtbl
2024-04-24T01:10:05,300  INFO [pool-173-thread-1] exec.FileSinkOperator: New Final Path: FS file:/home/alex/Repositories/hive/ql/target/tmp/org.apache.hadoop.hive.ql.TestTxnCommands-1713946100941/warehouse/acidtbl
2024-04-24T01:10:05,300  INFO [pool-173-thread-1] common.FileUtils: Creating directory if it doesn't exist: file:/home/alex/Repositories/hive/ql/target/tmp/org.apache.hadoop.hive.ql.TestTxnCommands-1713946100941/warehouse
2024-04-24T01:10:05,301  INFO [pool-173-thread-1] exec.FileSinkOperator: FS[6]: records written - 1
2024-04-24T01:10:05,301  INFO [pool-173-thread-1] impl.PhysicalFsWriter: ORC writer created for path: file:/home/alex/Repositories/hive/ql/target/tmp/org.apache.hadoop.hive.ql.TestTxnCommands-1713946100941/warehouse/acidtbl/delta_0000001_0000001_0000/bucket_00001_0 with stripeSize: 8388608 blockSize: 268435456 compression: Compress: ZLIB buffer: 32768
2024-04-24T01:10:05,307  INFO [pool-173-thread-1] impl.WriterImpl: ORC writer created for path: file:/home/alex/Repositories/hive/ql/target/tmp/org.apache.hadoop.hive.ql.TestTxnCommands-1713946100941/warehouse/acidtbl/delta_0000001_0000001_0000/bucket_00001_0 with stripeSize: 8388608 options: Compress: ZLIB buffer: 32768
2024-04-24T01:10:05,307  INFO [pool-173-thread-1] exec.SelectOperator: Closing Operator: SEL[5]
2024-04-24T01:10:05,307  INFO [pool-173-thread-1] exec.SelectOperator: RECORDS_OUT_INTERMEDIATE:0, RECORDS_OUT_OPERATOR_SEL_5:2, 
2024-04-24T01:10:05,307  INFO [pool-173-thread-1] exec.FileSinkOperator: Closing Operator: FS[6]
2024-04-24T01:10:05,307  INFO [pool-173-thread-1] exec.FileSinkOperator: FS[6]: records written - 2
2024-04-24T01:10:05,309  INFO [pool-173-thread-1] FileOperations: Writing manifest to file:/home/alex/Repositories/hive/ql/target/tmp/org.apache.hadoop.hive.ql.TestTxnCommands-1713946100941/warehouse/acidtbl/_tmp.delta_0000001_0000001_0000/000001_0.manifest with [file:/home/alex/Repositories/hive/ql/target/tmp/org.apache.hadoop.hive.ql.TestTxnCommands-1713946100941/warehouse/acidtbl/delta_0000001_0000001_0000/bucket_00001_0]
2024-04-24T01:10:05,320  INFO [pool-173-thread-1] exec.FileSinkOperator: RECORDS_OUT_OPERATOR_FS_6:2, RECORDS_OUT_1_default.acidtbl:2, RECORDS_OUT_INTERMEDIATE:0, TOTAL_TABLE_ROWS_WRITTEN:2, 
2024-04-24T01:10:05,320  INFO [pool-173-thread-1] mapred.Task: Task:attempt_local926609410_0035_r_000001_0 is done. And is in the process of committing
2024-04-24T01:10:05,320  INFO [pool-173-thread-1] mapred.LocalJobRunner: reduce > reduce
2024-04-24T01:10:05,321  INFO [pool-173-thread-1] mapred.Task: Task 'attempt_local926609410_0035_r_000001_0' done.
2024-04-24T01:10:05,321  INFO [pool-173-thread-1] mapred.Task: Final Counters for attempt_local926609410_0035_r_000001_0: Counters: 30
	File System Counters
		FILE: Number of bytes read=778758
		FILE: Number of bytes written=43915425
		FILE: Number of read operations=0
		FILE: Number of large read operations=0
		FILE: Number of write operations=0
	Map-Reduce Framework
		Combine input records=0
		Combine output records=0
		Reduce input groups=2
		Reduce shuffle bytes=42
		Reduce input records=2
		Reduce output records=0
		Spilled Records=2
		Shuffled Maps =1
		Failed Shuffles=0
		Merged Map outputs=1
		GC time elapsed (ms)=0
		Total committed heap usage (bytes)=1312817152
	HIVE
		CREATED_FILES=1
		RECORDS_OUT_1_default.acidtbl=2
		RECORDS_OUT_INTERMEDIATE=0
		RECORDS_OUT_OPERATOR_FS_6=2
		RECORDS_OUT_OPERATOR_SEL_5=2
		TOTAL_TABLE_ROWS_WRITTEN=2
	Shuffle Errors
		BAD_ID=0
		CONNECTION=0
		IO_ERROR=0
		WRONG_LENGTH=0
		WRONG_MAP=0
		WRONG_REDUCE=0
	File Output Format Counters 
		Bytes Written=0
2024-04-24T01:10:05,321  INFO [pool-173-thread-1] mapred.LocalJobRunner: Finishing task: attempt_local926609410_0035_r_000001_0
2024-04-24T01:10:05,321  INFO [Thread-2901] mapred.LocalJobRunner: reduce task executor complete.
2024-04-24 01:10:06,197 Stage-1 map = 100%,  reduce = 100%
2024-04-24T01:10:06,197  INFO [main] exec.Task: 2024-04-24 01:10:06,197 Stage-1 map = 100%,  reduce = 100%
Ended Job = job_local926609410_0035
2024-04-24T01:10:06,200  INFO [main] exec.Task: Ended Job = job_local926609410_0035
2024-04-24T01:10:06,201  INFO [main] FileOperations: Found manifest file file:/home/alex/Repositories/hive/ql/target/tmp/org.apache.hadoop.hive.ql.TestTxnCommands-1713946100941/warehouse/acidtbl/_tmp.delta_0000001_0000001_0000/000001_0.manifest with attemptId 0.
2024-04-24T01:10:06,201  INFO [main] FileOperations: Found manifest file file:/home/alex/Repositories/hive/ql/target/tmp/org.apache.hadoop.hive.ql.TestTxnCommands-1713946100941/warehouse/acidtbl/_tmp.delta_0000001_0000001_0000/000000_0.manifest with attemptId 0.
2024-04-24T01:10:06,201  INFO [main] FileOperations: Looking at manifest file: file:/home/alex/Repositories/hive/ql/target/tmp/org.apache.hadoop.hive.ql.TestTxnCommands-1713946100941/warehouse/acidtbl/_tmp.delta_0000001_0000001_0000/000000_0.manifest
2024-04-24T01:10:06,201  INFO [main] FileOperations: Looking at manifest file: file:/home/alex/Repositories/hive/ql/target/tmp/org.apache.hadoop.hive.ql.TestTxnCommands-1713946100941/warehouse/acidtbl/_tmp.delta_0000001_0000001_0000/000001_0.manifest
2024-04-24T01:10:06,202  INFO [main] FileOperations: Deleting manifest directory file:/home/alex/Repositories/hive/ql/target/tmp/org.apache.hadoop.hive.ql.TestTxnCommands-1713946100941/warehouse/acidtbl/_tmp.delta_0000001_0000001_0000
2024-04-24T01:10:06,203  INFO [main] ql.Driver: Starting task [Stage-0:MOVE] in serial mode
Loading data to table default.acidtbl
2024-04-24T01:10:06,203  INFO [main] exec.Task: Loading data to table default.acidtbl from file:/home/alex/Repositories/hive/ql/target/tmp/org.apache.hadoop.hive.ql.TestTxnCommands-1713946100941/warehouse/acidtbl
2024-04-24T01:10:06,203  INFO [main] HiveMetaStore.audit: ugi=alex	ip=unknown-ip-addr	cmd=get_table : tbl=hive.default.acidtbl	
2024-04-24T01:10:06,210  INFO [main] metastore.HMSHandler: Skipping translation for processor with null
2024-04-24T01:10:06,210  INFO [main] HiveMetaStore.audit: ugi=alex	ip=unknown-ip-addr	cmd=get_table : tbl=hive.default.acidtbl	
2024-04-24T01:10:06,216  INFO [main] metastore.HMSHandler: Skipping translation for processor with null
2024-04-24T01:10:06,217  INFO [main] HiveMetaStore.audit: ugi=alex	ip=unknown-ip-addr	cmd=alter_table: hive.default.acidtbl newtbl=acidtbl	
2024-04-24T01:10:06,250  INFO [main] ql.Driver: Starting task [Stage-2:STATS] in serial mode
2024-04-24T01:10:06,250  INFO [main] HiveMetaStore.audit: ugi=alex	ip=unknown-ip-addr	cmd=get_table : tbl=hive.default.acidtbl	
2024-04-24T01:10:06,256  INFO [main] metastore.HMSHandler: Skipping translation for processor with null
2024-04-24T01:10:06,256  INFO [main] stats.BasicStatsTask: Executing stats task
2024-04-24T01:10:06,256  INFO [main] fs.FSStatsPublisher: created : file:/home/alex/Repositories/hive/ql/target/tmp/localscratchdir/c8e596ae-9366-4a59-b008-ea5f2c976cf2/hive_2024-04-24_01-10-04_678_7942142007780158682-1/-mr-10000
2024-04-24T01:10:06,258  INFO [main] HiveMetaStore.audit: ugi=alex	ip=unknown-ip-addr	cmd=get_table : tbl=hive.default.acidtbl	
2024-04-24T01:10:06,264  INFO [main] metastore.HMSHandler: Skipping translation for processor with null
2024-04-24T01:10:06,275  WARN [main] FileOperations: Computing stats for an ACID table; stats may be inaccurate
2024-04-24T01:10:06,275  INFO [main] FileOperations: Read stats for default.acidtbl/, numRows, true, 4, false: 
2024-04-24T01:10:06,275  INFO [main] FileOperations: Read stats for default.acidtbl/, rawDataSize, true, 0, false: 
2024-04-24T01:10:06,275  INFO [main] HiveMetaStore.audit: ugi=alex	ip=unknown-ip-addr	cmd=alter_table: hive.default.acidtbl newtbl=acidtbl	
2024-04-24T01:10:06,295  INFO [main] FileOperations: Read stats for default.acidtbl/, insertCount, true, 4, false: 
2024-04-24T01:10:06,295  INFO [main] FileOperations: Read stats for default.acidtbl/, updateCount, true, 0, false: 
2024-04-24T01:10:06,295  INFO [main] FileOperations: Read stats for default.acidtbl/, deleteCount, true, 0, false: 
2024-04-24T01:10:06,297  INFO [main] stats.BasicStatsTask: Table default.acidtbl stats: [numFiles=2, numRows=4, totalSize=1389, rawDataSize=0, numFilesErasureCoded=0]
2024-04-24T01:10:06,298  INFO [main] metadata.Hive: Dumping metastore api call timing information for : execution phase
2024-04-24T01:10:06,298  INFO [main] metadata.Hive: Total time spent in each metastore function (ms): {updateTransactionalStatistics_(UpdateTransactionalStatsRequest)=2, getTable_(GetTableRequest)=25, alter_table_(String, String, String, Table, EnvironmentContext, String)=52, isCompatibleWith_(Configuration)=0}
MapReduce Jobs Launched: 
2024-04-24T01:10:06,298  INFO [main] ql.Driver: MapReduce Jobs Launched: 
Stage-Stage-1:  HDFS Read: 0 HDFS Write: 0 SUCCESS
2024-04-24T01:10:06,298  INFO [main] ql.Driver: Stage-Stage-1:  HDFS Read: 0 HDFS Write: 0 SUCCESS
Total MapReduce CPU Time Spent: 0 msec
2024-04-24T01:10:06,298  INFO [main] ql.Driver: Total MapReduce CPU Time Spent: 0 msec
2024-04-24T01:10:06,298  INFO [main] ql.Driver: Completed executing command(queryId=alex_20240424011004_fad168fe-5dda-4a39-81aa-768c9566dd3d); Time taken: 1.412 seconds
2024-04-24T01:10:06,298  INFO [main] lockmgr.DbTxnManager: Stopped heartbeat for query: alex_20240424011004_fad168fe-5dda-4a39-81aa-768c9566dd3d
2024-04-24T01:10:06,317  INFO [main] txn.TxnHandler: Removed transactions: ([13]) from MIN_HISTORY_LEVEL
2024-04-24T01:10:06,317  WARN [main] txn.CompactionTxnHandler: No compaction queue record found for Compaction type transaction commit. txnId:13
2024-04-24T01:10:06,318  INFO [main] ql.TxnCommandsBaseForTests: Running the query: select a,b from acidTbl order by a,b
2024-04-24T01:10:06,319  INFO [main] ql.Context: Deleting scratch dir: file:/home/alex/Repositories/hive/ql/target/tmp/localscratchdir/c8e596ae-9366-4a59-b008-ea5f2c976cf2/hive_2024-04-24_01-10-04_678_7942142007780158682-1
2024-04-24T01:10:06,320  INFO [main] cleanup.SyncCleanupService: Deleted directory: file:/home/alex/Repositories/hive/ql/target/tmp/localscratchdir/c8e596ae-9366-4a59-b008-ea5f2c976cf2/hive_2024-04-24_01-10-04_678_7942142007780158682-1 on fs with scheme file
2024-04-24T01:10:06,321  INFO [main] ql.Driver: Compiling command(queryId=alex_20240424011006_f96ecb7f-4cca-4afc-bf16-23d43123da7c): select a,b from acidTbl order by a,b
2024-04-24T01:10:06,325  INFO [main] txn.TxnHandler: Added entries to MIN_HISTORY_LEVEL for current txns: ([14]) with min_open_txn: 14
2024-04-24T01:10:06,326  INFO [main] lockmgr.DbTxnManager: Opened txnid:14
2024-04-24T01:10:06,326  INFO [main] parse.CalcitePlanner: Starting caching scope for: 
2024-04-24T01:10:06,326  INFO [main] parse.CalcitePlanner: Starting Semantic Analysis
2024-04-24T01:10:06,330  INFO [main] parse.CalcitePlanner: Completed phase 1 of Semantic Analysis
2024-04-24T01:10:06,330  INFO [main] parse.CalcitePlanner: Get metadata for source tables
2024-04-24T01:10:06,331  INFO [main] HiveMetaStore.audit: ugi=alex	ip=unknown-ip-addr	cmd=get_table : tbl=hive.default.acidtbl	
2024-04-24T01:10:06,337  INFO [main] metastore.HMSHandler: Skipping translation for processor with null
2024-04-24T01:10:06,337  INFO [main] parse.CalcitePlanner: Get metadata for subqueries
2024-04-24T01:10:06,337  INFO [main] parse.CalcitePlanner: Get metadata for destination tables
2024-04-24T01:10:06,337  INFO [main] parse.CalcitePlanner: Completed getting MetaData in Semantic Analysis
2024-04-24T01:10:06,349  INFO [main] HiveMetaStore.audit: ugi=alex	ip=unknown-ip-addr	cmd=get_all_table_constraints : tbl=hive.default.acidtbl	
2024-04-24T01:10:06,372  INFO [main] calcite.RelOptHiveTable: Calculating column statistics for default.acidtbl, projIndxSet: [0, 1], allowMissingStats: true
2024-04-24T01:10:06,373  INFO [main] HiveMetaStore.audit: ugi=alex	ip=unknown-ip-addr	cmd=get_table : tbl=hive.default.acidtbl	
2024-04-24T01:10:06,382  INFO [main] metastore.HMSHandler: Skipping translation for processor with null
2024-04-24T01:10:06,382  INFO [main] HiveMetaStore.audit: ugi=alex	ip=unknown-ip-addr	cmd=get_table : tbl=hive.default.acidtbl	
2024-04-24T01:10:06,391  INFO [main] metastore.HMSHandler: Skipping translation for processor with null
2024-04-24T01:10:06,391  INFO [main] HiveMetaStore.audit: ugi=alex	ip=unknown-ip-addr	cmd=get_table_statistics_req: table=hive.default.acidtbl	
2024-04-24T01:10:06,402  WARN [main] calcite.RelOptHiveTable: No Stats for default@acidtbl, Columns: a, b
No Stats for default@acidtbl, Columns: a, b
2024-04-24T01:10:06,402  INFO [main] SessionState: No Stats for default@acidtbl, Columns: a, b
2024-04-24T01:10:06,452  INFO [main] parse.CalcitePlanner: Get metadata for source tables
2024-04-24T01:10:06,452  INFO [main] parse.CalcitePlanner: Get metadata for subqueries
2024-04-24T01:10:06,452  INFO [main] parse.CalcitePlanner: Get metadata for destination tables
2024-04-24T01:10:06,453  INFO [main] common.FileUtils: Creating directory if it doesn't exist: file:/home/alex/Repositories/hive/ql/target/tmp/localscratchdir/c8e596ae-9366-4a59-b008-ea5f2c976cf2/hive_2024-04-24_01-10-06_321_2299119712097026267-1/-mr-10001/.hive-staging_hive_2024-04-24_01-10-06_321_2299119712097026267-1
2024-04-24T01:10:06,460  INFO [main] parse.CalcitePlanner: CBO Succeeded; optimized logical plan.
2024-04-24T01:10:06,462  INFO [main] optimizer.ColumnPrunerProcFactory: RS 2 oldColExprMap: {KEY.reducesinkkey1=Column[_col1], KEY.reducesinkkey0=Column[_col0]}
2024-04-24T01:10:06,462  INFO [main] optimizer.ColumnPrunerProcFactory: RS 2 newColExprMap: {KEY.reducesinkkey0=Column[_col0], KEY.reducesinkkey1=Column[_col1]}
2024-04-24T01:10:06,464  INFO [main] optimizer.SortedDynPartitionOptimizer: Sorted dynamic partitioning optimization kicked in..
2024-04-24T01:10:06,472  INFO [main] physical.Vectorizer: Examining input format to see if vectorization is enabled.
2024-04-24T01:10:06,472  INFO [main] physical.Vectorizer: Vectorization is enabled for input format(s) [org.apache.hadoop.hive.ql.io.orc.OrcInputFormat]
2024-04-24T01:10:06,472  INFO [main] physical.Vectorizer: Validating and vectorizing MapWork... (vectorizedVertexNum 0)
2024-04-24T01:10:06,473  INFO [main] physical.Vectorizer: Map vectorization enabled: true
2024-04-24T01:10:06,473  INFO [main] physical.Vectorizer: Map vectorized: true
2024-04-24T01:10:06,473  INFO [main] physical.Vectorizer: Map vectorizedVertexNum: 0
2024-04-24T01:10:06,473  INFO [main] physical.Vectorizer: Map enabledConditionsMet: [hive.vectorized.use.vectorized.input.format IS true]
2024-04-24T01:10:06,474  INFO [main] physical.Vectorizer: Map inputFileFormatClassNameSet: [org.apache.hadoop.hive.ql.io.orc.OrcInputFormat]
2024-04-24T01:10:06,474  INFO [main] physical.Vectorizer: Reduce vectorization enabled: false
2024-04-24T01:10:06,474  INFO [main] physical.Vectorizer: Reduce vectorized: false
2024-04-24T01:10:06,474  INFO [main] physical.Vectorizer: Reduce vectorizedVertexNum: 1
2024-04-24T01:10:06,474  INFO [main] physical.Vectorizer: Reducer hive.vectorized.execution.reduce.enabled: true
2024-04-24T01:10:06,474  INFO [main] physical.Vectorizer: Reducer engine: mr
2024-04-24T01:10:06,474  INFO [main] parse.CalcitePlanner: Completed plan generation
2024-04-24T01:10:06,474  INFO [main] parse.CalcitePlanner: Ending caching scope for: 
2024-04-24T01:10:06,474  INFO [main] ql.Driver: Semantic Analysis Completed (retrial = false)
2024-04-24T01:10:06,474  INFO [main] ql.Driver: Created Hive schema: Schema(fieldSchemas:[FieldSchema(name:a, type:int, comment:null), FieldSchema(name:b, type:int, comment:null)], properties:null)
2024-04-24T01:10:06,475  INFO [main] exec.ListSinkOperator: Initializing Operator: LIST_SINK[7]
2024-04-24T01:10:06,475  INFO [main] metadata.Hive: Dumping metastore api call timing information for : compilation phase
2024-04-24T01:10:06,475  INFO [main] metadata.Hive: Total time spent in each metastore function (ms): {openTxn_(String, TxnType)=4, getValidWriteIds_(List, String)=3, getTable_(GetTableRequest)=7, getValidTxns_(long)=0, getAllTableConstraints_(AllTableConstraintsRequest)=6, commitTxn_(CommitTxnRequest)=20, getTableColumnStatistics_(String, String, List, String)=29, flushCache_()=0, isCompatibleWith_(Configuration)=1}
2024-04-24T01:10:06,475  INFO [main] ql.Driver: Completed compiling command(queryId=alex_20240424011006_f96ecb7f-4cca-4afc-bf16-23d43123da7c); Time taken: 0.154 seconds
2024-04-24T01:10:06,476  INFO [main] lockmgr.DbTxnManager: Setting lock request transaction to txnid:14 for queryId=alex_20240424011006_f96ecb7f-4cca-4afc-bf16-23d43123da7c
2024-04-24T01:10:06,476  INFO [main] lockmgr.DbLockManager: Requesting lock for queryId=alex_20240424011006_f96ecb7f-4cca-4afc-bf16-23d43123da7c
2024-04-24T01:10:06,493  INFO [main] lockmgr.DbLockManager: Response to queryId=alex_20240424011006_f96ecb7f-4cca-4afc-bf16-23d43123da7c LockResponse(lockid:8, state:ACQUIRED)
2024-04-24T01:10:06,493  INFO [main] ql.Driver: Operation QUERY obtained 1 locks
2024-04-24T01:10:06,494  INFO [main] ql.Driver: Executing command(queryId=alex_20240424011006_f96ecb7f-4cca-4afc-bf16-23d43123da7c): select a,b from acidTbl order by a,b
2024-04-24T01:10:06,494  WARN [main] ql.Driver: Hive-on-MR is deprecated in Hive 2 and may not be available in the future versions. Consider using a different execution engine (i.e. tez, spark) or using Hive 1.X releases.
Query ID = alex_20240424011006_f96ecb7f-4cca-4afc-bf16-23d43123da7c
2024-04-24T01:10:06,494  INFO [main] ql.Driver: Query ID = alex_20240424011006_f96ecb7f-4cca-4afc-bf16-23d43123da7c
Total jobs = 1
2024-04-24T01:10:06,494  INFO [main] ql.Driver: Total jobs = 1
Launching Job 1 out of 1
2024-04-24T01:10:06,494  INFO [main] ql.Driver: Launching Job 1 out of 1
2024-04-24T01:10:06,623  INFO [main] ql.Driver: Starting task [Stage-1:MAPRED] in serial mode
Number of reduce tasks determined at compile time: 1
2024-04-24T01:10:06,623  INFO [main] exec.Task: Number of reduce tasks determined at compile time: 1
In order to change the average load for a reducer (in bytes):
2024-04-24T01:10:06,623  INFO [main] exec.Task: In order to change the average load for a reducer (in bytes):
  set hive.exec.reducers.bytes.per.reducer=<number>
2024-04-24T01:10:06,623  INFO [main] exec.Task:   set hive.exec.reducers.bytes.per.reducer=<number>
In order to limit the maximum number of reducers:
2024-04-24T01:10:06,623  INFO [main] exec.Task: In order to limit the maximum number of reducers:
  set hive.exec.reducers.max=<number>
2024-04-24T01:10:06,623  INFO [main] exec.Task:   set hive.exec.reducers.max=<number>
In order to set a constant number of reducers:
2024-04-24T01:10:06,623  INFO [main] exec.Task: In order to set a constant number of reducers:
  set mapreduce.job.reduces=<number>
2024-04-24T01:10:06,623  INFO [main] exec.Task:   set mapreduce.job.reduces=<number>
2024-04-24T01:10:06,625  INFO [main] mr.ExecDriver: Using org.apache.hadoop.hive.ql.io.HiveInputFormat
2024-04-24T01:10:06,625  INFO [main] exec.Utilities: Processing alias acidtbl
2024-04-24T01:10:06,625  INFO [main] exec.Utilities: Adding 1 inputs; the first input is file:/home/alex/Repositories/hive/ql/target/tmp/org.apache.hadoop.hive.ql.TestTxnCommands-1713946100941/warehouse/acidtbl
2024-04-24T01:10:06,634  INFO [main] exec.SerializationUtilities: Serializing MapWork using kryo
2024-04-24T01:10:06,636  INFO [main] exec.Utilities: Serialized plan (via FILE) - name: null size: 6,04KB
2024-04-24T01:10:06,641  INFO [main] exec.SerializationUtilities: Serializing ReduceWork using kryo
2024-04-24T01:10:06,642  INFO [main] exec.Utilities: Serialized plan (via FILE) - name: null size: 7,01KB
2024-04-24T01:10:06,644  WARN [main] impl.MetricsSystemImpl: JobTracker metrics system already initialized!
2024-04-24T01:10:06,651  WARN [main] impl.MetricsSystemImpl: JobTracker metrics system already initialized!
2024-04-24T01:10:06,658  WARN [main] mapreduce.JobResourceUploader: Hadoop command-line option parsing not performed. Implement the Tool interface and execute your application with ToolRunner to remedy this.
2024-04-24T01:10:06,663  WARN [main] mapreduce.JobResourceUploader: No job jar file set.  User classes may not be found. See Job or Job#setJar(String).
2024-04-24T01:10:06,664  INFO [main] io.HiveInputFormat: hive.io.file.readcolumn.ids = 0,1
2024-04-24T01:10:06,664  INFO [main] io.HiveInputFormat: hive.io.file.readcolumn.names = a,b
2024-04-24T01:10:06,664  INFO [main] io.HiveInputFormat: Generating splits for dirs: file:/home/alex/Repositories/hive/ql/target/tmp/org.apache.hadoop.hive.ql.TestTxnCommands-1713946100941/warehouse/acidtbl
2024-04-24T01:10:06,664  INFO [main] orc.OrcInputFormat: getSplits started
2024-04-24T01:10:06,664  INFO [main] orc.OrcInputFormat: Context:: isAcid: true isVectorMode: true sarg: null minSplitSize: 1 maxSplitSize: 256000000 splitStrategy: HYBRID footerInSplits: false numBuckets: 2 numThreads: 10 cacheMemSize: 268435456 cacheStripeDetails: true useSoftReference: false writeIdList: default.acidtbl:1:9223372036854775807:: isTransactionalTable: true txnProperties: default 
2024-04-24T01:10:06,664  INFO [main] orc.OrcInputFormat: ORC pushdown predicate: null
2024-04-24T01:10:06,676  INFO [main] orc.OrcInputFormat: FooterCacheHitRatio: 0/2
2024-04-24T01:10:06,676  INFO [main] orc.OrcInputFormat: getSplits finished (#splits: 2). duration: 12 ms
2024-04-24T01:10:06,676  INFO [main] io.HiveInputFormat: number of splits 2
2024-04-24T01:10:06,693  INFO [main] mapreduce.JobSubmitter: number of splits:2
2024-04-24T01:10:06,712  INFO [main] mapreduce.JobSubmitter: Submitting tokens for job: job_local368998042_0036
2024-04-24T01:10:06,712  INFO [main] mapreduce.JobSubmitter: Executing with tokens: []
2024-04-24T01:10:06,776  INFO [main] mapreduce.Job: The url to track the job: http://localhost:8080/
Job running in-process (local Hadoop)
2024-04-24T01:10:06,777  INFO [main] exec.Task: Job running in-process (local Hadoop)
2024-04-24T01:10:06,777  INFO [Thread-2978] mapred.LocalJobRunner: OutputCommitter set in config org.apache.hadoop.hive.ql.io.HiveFileFormatUtils$NullOutputCommitter
2024-04-24T01:10:06,777  INFO [Thread-2978] mapred.LocalJobRunner: OutputCommitter is org.apache.hadoop.hive.ql.io.HiveFileFormatUtils$NullOutputCommitter
2024-04-24T01:10:06,779  INFO [Thread-2978] mapred.LocalJobRunner: Waiting for map tasks
2024-04-24T01:10:06,779  INFO [LocalJobRunner Map Task Executor #0] mapred.LocalJobRunner: Starting task: attempt_local368998042_0036_m_000000_0
2024-04-24T01:10:06,780  INFO [LocalJobRunner Map Task Executor #0] mapred.Task:  Using ResourceCalculatorProcessTree : [ ]
2024-04-24T01:10:06,780  INFO [LocalJobRunner Map Task Executor #0] mapred.MapTask: Processing split: org.apache.hadoop.hive.ql.io.orc.OrcInputFormat:OrcSplit [file:/home/alex/Repositories/hive/ql/target/tmp/org.apache.hadoop.hive.ql.TestTxnCommands-1713946100941/warehouse/acidtbl/delta_0000001_0000001_0000/bucket_00001_0, start=0, length=699, isOriginal=false, fileLength=699, hasFooter=false, hasBase=true, deltas=0]
2024-04-24T01:10:06,781  INFO [LocalJobRunner Map Task Executor #0] exec.SerializationUtilities: Deserializing MapWork using kryo
2024-04-24T01:10:06,781  INFO [LocalJobRunner Map Task Executor #0] exec.Utilities: Deserialized plan (via FILE) - name: null size: 6,04KB
2024-04-24T01:10:06,782  INFO [LocalJobRunner Map Task Executor #0] orc.VectorizedOrcAcidRowBatchReader: Read ValidWriteIdList: default.acidtbl:1:9223372036854775807:::OrcSplit [file:/home/alex/Repositories/hive/ql/target/tmp/org.apache.hadoop.hive.ql.TestTxnCommands-1713946100941/warehouse/acidtbl/delta_0000001_0000001_0000/bucket_00001_0, start=0, length=699, isOriginal=false, fileLength=699, hasFooter=false, hasBase=true, deltas=0]
2024-04-24T01:10:06,782  INFO [LocalJobRunner Map Task Executor #0] orc.ReaderImpl: Reading ORC rows from file:/home/alex/Repositories/hive/ql/target/tmp/org.apache.hadoop.hive.ql.TestTxnCommands-1713946100941/warehouse/acidtbl/delta_0000001_0000001_0000/bucket_00001_0 with {include: [true, true, true], offset: 0, length: 699, schema: struct<a:int,b:int>, includeAcidColumns: false}
2024-04-24T01:10:06,783  INFO [LocalJobRunner Map Task Executor #0] mapred.MapTask: numReduceTasks: 1
2024-04-24T01:10:06,788  INFO [LocalJobRunner Map Task Executor #0] mapred.MapTask: (EQUATOR) 0 kvi 26214396(104857584)
2024-04-24T01:10:06,788  INFO [LocalJobRunner Map Task Executor #0] mapred.MapTask: mapreduce.task.io.sort.mb: 100
2024-04-24T01:10:06,788  INFO [LocalJobRunner Map Task Executor #0] mapred.MapTask: soft limit at 83886080
2024-04-24T01:10:06,788  INFO [LocalJobRunner Map Task Executor #0] mapred.MapTask: bufstart = 0; bufvoid = 104857600
2024-04-24T01:10:06,788  INFO [LocalJobRunner Map Task Executor #0] mapred.MapTask: kvstart = 26214396; length = 6553600
2024-04-24T01:10:06,789  INFO [LocalJobRunner Map Task Executor #0] mapred.MapTask: Map output collector class = org.apache.hadoop.mapred.MapTask$MapOutputBuffer
2024-04-24T01:10:06,789  INFO [LocalJobRunner Map Task Executor #0] vector.VectorMapOperator: Initializing Operator: MAP[0]
2024-04-24T01:10:06,789  INFO [LocalJobRunner Map Task Executor #0] mr.ExecMapper: 
<MAP>Id =0
  <Children>null
  <\Children>
  <Parent><\Parent>
<\MAP>
2024-04-24T01:10:06,790  INFO [LocalJobRunner Map Task Executor #0] exec.TableScanOperator: Initializing Operator: TS[0]
2024-04-24T01:10:06,790  INFO [LocalJobRunner Map Task Executor #0] vector.VectorSelectOperator: Initializing Operator: SEL[5]
2024-04-24T01:10:06,790  INFO [LocalJobRunner Map Task Executor #0] vector.VectorReduceSinkOperator: Initializing Operator: RS[6]
2024-04-24T01:10:06,790  INFO [LocalJobRunner Map Task Executor #0] vector.VectorReduceSinkOperator: Using tag = -1
2024-04-24T01:10:06,791  INFO [LocalJobRunner Map Task Executor #0] vector.VectorReduceSinkOperator: keys are [reducesinkkey0, reducesinkkey1] num distributions: 2
2024-04-24T01:10:06,791  INFO [LocalJobRunner Map Task Executor #0] vector.VectorReduceSinkOperator: RS[6]: records written - 1
2024-04-24T01:10:06,791  INFO [LocalJobRunner Map Task Executor #0] vector.VectorMapOperator: Closing Operator: MAP[0]
2024-04-24T01:10:06,791  INFO [LocalJobRunner Map Task Executor #0] vector.VectorMapOperator: RECORDS_OUT_INTERMEDIATE:0, RECORDS_OUT_OPERATOR_MAP_0:0, DESERIALIZE_ERRORS:0, RECORDS_IN:2, 
2024-04-24T01:10:06,791  INFO [LocalJobRunner Map Task Executor #0] exec.TableScanOperator: Closing Operator: TS[0]
2024-04-24T01:10:06,791  INFO [LocalJobRunner Map Task Executor #0] exec.TableScanOperator: RECORDS_OUT_OPERATOR_TS_0:2, RECORDS_OUT_INTERMEDIATE:0, 
2024-04-24T01:10:06,791  INFO [LocalJobRunner Map Task Executor #0] vector.VectorSelectOperator: Closing Operator: SEL[5]
2024-04-24T01:10:06,791  INFO [LocalJobRunner Map Task Executor #0] vector.VectorSelectOperator: RECORDS_OUT_OPERATOR_SEL_5:2, RECORDS_OUT_INTERMEDIATE:0, 
2024-04-24T01:10:06,791  INFO [LocalJobRunner Map Task Executor #0] vector.VectorReduceSinkOperator: Closing Operator: RS[6]
2024-04-24T01:10:06,791  INFO [LocalJobRunner Map Task Executor #0] vector.VectorReduceSinkOperator: RS[6]: Total records written - 2. abort - false
2024-04-24T01:10:06,791  INFO [LocalJobRunner Map Task Executor #0] vector.VectorReduceSinkOperator: RECORDS_OUT_INTERMEDIATE:2, RECORDS_OUT_OPERATOR_RS_6:2, 
2024-04-24T01:10:06,792  INFO [LocalJobRunner Map Task Executor #0] mapred.LocalJobRunner: 
2024-04-24T01:10:06,792  INFO [LocalJobRunner Map Task Executor #0] mapred.MapTask: Starting flush of map output
2024-04-24T01:10:06,792  INFO [LocalJobRunner Map Task Executor #0] mapred.MapTask: Spilling map output
2024-04-24T01:10:06,792  INFO [LocalJobRunner Map Task Executor #0] mapred.MapTask: bufstart = 0; bufend = 38; bufvoid = 104857600
2024-04-24T01:10:06,792  INFO [LocalJobRunner Map Task Executor #0] mapred.MapTask: kvstart = 26214396(104857584); kvend = 26214392(104857568); length = 5/6553600
2024-04-24T01:10:06,802  INFO [LocalJobRunner Map Task Executor #0] mapred.MapTask: Finished spill 0
2024-04-24T01:10:06,805  INFO [LocalJobRunner Map Task Executor #0] mapred.Task: Task:attempt_local368998042_0036_m_000000_0 is done. And is in the process of committing
2024-04-24T01:10:06,805  INFO [LocalJobRunner Map Task Executor #0] mapred.LocalJobRunner: OrcSplit [file:/home/alex/Repositories/hive/ql/target/tmp/org.apache.hadoop.hive.ql.TestTxnCommands-1713946100941/warehouse/acidtbl/delta_0000001_0000001_0000/bucket_00001_0, start=0, length=699, isOriginal=false, fileLength=699, hasFooter=false, hasBase=true, deltas=0]
2024-04-24T01:10:06,805  INFO [LocalJobRunner Map Task Executor #0] mapred.Task: Task 'attempt_local368998042_0036_m_000000_0' done.
2024-04-24T01:10:06,806  INFO [LocalJobRunner Map Task Executor #0] mapred.Task: Final Counters for attempt_local368998042_0036_m_000000_0: Counters: 24
	File System Counters
		FILE: Number of bytes read=789436
		FILE: Number of bytes written=45165112
		FILE: Number of read operations=0
		FILE: Number of large read operations=0
		FILE: Number of write operations=0
	Map-Reduce Framework
		Map input records=1
		Map output records=2
		Map output bytes=38
		Map output materialized bytes=48
		Input split bytes=495
		Combine input records=0
		Spilled Records=2
		Failed Shuffles=0
		Merged Map outputs=0
		GC time elapsed (ms)=0
		Total committed heap usage (bytes)=1308622848
	HIVE
		DESERIALIZE_ERRORS=0
		RECORDS_IN=2
		RECORDS_OUT_INTERMEDIATE=2
		RECORDS_OUT_OPERATOR_MAP_0=0
		RECORDS_OUT_OPERATOR_RS_6=2
		RECORDS_OUT_OPERATOR_SEL_5=2
		RECORDS_OUT_OPERATOR_TS_0=2
	File Input Format Counters 
		Bytes Read=8973
2024-04-24T01:10:06,806  INFO [LocalJobRunner Map Task Executor #0] mapred.LocalJobRunner: Finishing task: attempt_local368998042_0036_m_000000_0
2024-04-24T01:10:06,806  INFO [LocalJobRunner Map Task Executor #0] mapred.LocalJobRunner: Starting task: attempt_local368998042_0036_m_000001_0
2024-04-24T01:10:06,806  INFO [LocalJobRunner Map Task Executor #0] mapred.Task:  Using ResourceCalculatorProcessTree : [ ]
2024-04-24T01:10:06,806  INFO [LocalJobRunner Map Task Executor #0] mapred.MapTask: Processing split: org.apache.hadoop.hive.ql.io.orc.OrcInputFormat:OrcSplit [file:/home/alex/Repositories/hive/ql/target/tmp/org.apache.hadoop.hive.ql.TestTxnCommands-1713946100941/warehouse/acidtbl/delta_0000001_0000001_0000/bucket_00000_0, start=0, length=690, isOriginal=false, fileLength=690, hasFooter=false, hasBase=true, deltas=0]
2024-04-24T01:10:06,807  INFO [LocalJobRunner Map Task Executor #0] exec.SerializationUtilities: Deserializing MapWork using kryo
2024-04-24T01:10:06,807  INFO [LocalJobRunner Map Task Executor #0] exec.Utilities: Deserialized plan (via FILE) - name: null size: 6,04KB
2024-04-24T01:10:06,808  INFO [LocalJobRunner Map Task Executor #0] orc.VectorizedOrcAcidRowBatchReader: Read ValidWriteIdList: default.acidtbl:1:9223372036854775807:::OrcSplit [file:/home/alex/Repositories/hive/ql/target/tmp/org.apache.hadoop.hive.ql.TestTxnCommands-1713946100941/warehouse/acidtbl/delta_0000001_0000001_0000/bucket_00000_0, start=0, length=690, isOriginal=false, fileLength=690, hasFooter=false, hasBase=true, deltas=0]
2024-04-24T01:10:06,808  INFO [LocalJobRunner Map Task Executor #0] orc.ReaderImpl: Reading ORC rows from file:/home/alex/Repositories/hive/ql/target/tmp/org.apache.hadoop.hive.ql.TestTxnCommands-1713946100941/warehouse/acidtbl/delta_0000001_0000001_0000/bucket_00000_0 with {include: [true, true, true], offset: 0, length: 690, schema: struct<a:int,b:int>, includeAcidColumns: false}
2024-04-24T01:10:06,809  INFO [LocalJobRunner Map Task Executor #0] mapred.MapTask: numReduceTasks: 1
2024-04-24T01:10:06,814  INFO [LocalJobRunner Map Task Executor #0] mapred.MapTask: (EQUATOR) 0 kvi 26214396(104857584)
2024-04-24T01:10:06,814  INFO [LocalJobRunner Map Task Executor #0] mapred.MapTask: mapreduce.task.io.sort.mb: 100
2024-04-24T01:10:06,814  INFO [LocalJobRunner Map Task Executor #0] mapred.MapTask: soft limit at 83886080
2024-04-24T01:10:06,814  INFO [LocalJobRunner Map Task Executor #0] mapred.MapTask: bufstart = 0; bufvoid = 104857600
2024-04-24T01:10:06,814  INFO [LocalJobRunner Map Task Executor #0] mapred.MapTask: kvstart = 26214396; length = 6553600
2024-04-24T01:10:06,814  INFO [LocalJobRunner Map Task Executor #0] mapred.MapTask: Map output collector class = org.apache.hadoop.mapred.MapTask$MapOutputBuffer
2024-04-24T01:10:06,814  INFO [LocalJobRunner Map Task Executor #0] vector.VectorMapOperator: Initializing Operator: MAP[0]
2024-04-24T01:10:06,815  INFO [LocalJobRunner Map Task Executor #0] mr.ExecMapper: 
<MAP>Id =0
  <Children>null
  <\Children>
  <Parent><\Parent>
<\MAP>
2024-04-24T01:10:06,815  INFO [LocalJobRunner Map Task Executor #0] exec.TableScanOperator: Initializing Operator: TS[0]
2024-04-24T01:10:06,815  INFO [LocalJobRunner Map Task Executor #0] vector.VectorSelectOperator: Initializing Operator: SEL[5]
2024-04-24T01:10:06,816  INFO [LocalJobRunner Map Task Executor #0] vector.VectorReduceSinkOperator: Initializing Operator: RS[6]
2024-04-24T01:10:06,816  INFO [LocalJobRunner Map Task Executor #0] vector.VectorReduceSinkOperator: Using tag = -1
2024-04-24T01:10:06,816  INFO [LocalJobRunner Map Task Executor #0] vector.VectorReduceSinkOperator: keys are [reducesinkkey0, reducesinkkey1] num distributions: 2
2024-04-24T01:10:06,816  INFO [LocalJobRunner Map Task Executor #0] vector.VectorReduceSinkOperator: RS[6]: records written - 1
2024-04-24T01:10:06,816  INFO [LocalJobRunner Map Task Executor #0] vector.VectorMapOperator: Closing Operator: MAP[0]
2024-04-24T01:10:06,816  INFO [LocalJobRunner Map Task Executor #0] vector.VectorMapOperator: DESERIALIZE_ERRORS:0, RECORDS_IN:2, RECORDS_OUT_INTERMEDIATE:0, RECORDS_OUT_OPERATOR_MAP_0:0, 
2024-04-24T01:10:06,816  INFO [LocalJobRunner Map Task Executor #0] exec.TableScanOperator: Closing Operator: TS[0]
2024-04-24T01:10:06,817  INFO [LocalJobRunner Map Task Executor #0] exec.TableScanOperator: RECORDS_OUT_OPERATOR_TS_0:2, RECORDS_OUT_INTERMEDIATE:0, 
2024-04-24T01:10:06,817  INFO [LocalJobRunner Map Task Executor #0] vector.VectorSelectOperator: Closing Operator: SEL[5]
2024-04-24T01:10:06,817  INFO [LocalJobRunner Map Task Executor #0] vector.VectorSelectOperator: RECORDS_OUT_INTERMEDIATE:0, RECORDS_OUT_OPERATOR_SEL_5:2, 
2024-04-24T01:10:06,817  INFO [LocalJobRunner Map Task Executor #0] vector.VectorReduceSinkOperator: Closing Operator: RS[6]
2024-04-24T01:10:06,817  INFO [LocalJobRunner Map Task Executor #0] vector.VectorReduceSinkOperator: RS[6]: Total records written - 2. abort - false
2024-04-24T01:10:06,817  INFO [LocalJobRunner Map Task Executor #0] vector.VectorReduceSinkOperator: RECORDS_OUT_INTERMEDIATE:2, RECORDS_OUT_OPERATOR_RS_6:2, 
2024-04-24T01:10:06,817  INFO [LocalJobRunner Map Task Executor #0] mapred.LocalJobRunner: 
2024-04-24T01:10:06,817  INFO [LocalJobRunner Map Task Executor #0] mapred.MapTask: Starting flush of map output
2024-04-24T01:10:06,817  INFO [LocalJobRunner Map Task Executor #0] mapred.MapTask: Spilling map output
2024-04-24T01:10:06,817  INFO [LocalJobRunner Map Task Executor #0] mapred.MapTask: bufstart = 0; bufend = 38; bufvoid = 104857600
2024-04-24T01:10:06,817  INFO [LocalJobRunner Map Task Executor #0] mapred.MapTask: kvstart = 26214396(104857584); kvend = 26214392(104857568); length = 5/6553600
2024-04-24T01:10:06,825  INFO [LocalJobRunner Map Task Executor #0] mapred.MapTask: Finished spill 0
2024-04-24T01:10:06,828  INFO [LocalJobRunner Map Task Executor #0] mapred.Task: Task:attempt_local368998042_0036_m_000001_0 is done. And is in the process of committing
2024-04-24T01:10:06,829  INFO [LocalJobRunner Map Task Executor #0] mapred.LocalJobRunner: OrcSplit [file:/home/alex/Repositories/hive/ql/target/tmp/org.apache.hadoop.hive.ql.TestTxnCommands-1713946100941/warehouse/acidtbl/delta_0000001_0000001_0000/bucket_00000_0, start=0, length=690, isOriginal=false, fileLength=690, hasFooter=false, hasBase=true, deltas=0]
2024-04-24T01:10:06,829  INFO [LocalJobRunner Map Task Executor #0] mapred.Task: Task 'attempt_local368998042_0036_m_000001_0' done.
2024-04-24T01:10:06,829  INFO [LocalJobRunner Map Task Executor #0] mapred.Task: Final Counters for attempt_local368998042_0036_m_000001_0: Counters: 24
	File System Counters
		FILE: Number of bytes read=799386
		FILE: Number of bytes written=45165192
		FILE: Number of read operations=0
		FILE: Number of large read operations=0
		FILE: Number of write operations=0
	Map-Reduce Framework
		Map input records=1
		Map output records=2
		Map output bytes=38
		Map output materialized bytes=48
		Input split bytes=495
		Combine input records=0
		Spilled Records=2
		Failed Shuffles=0
		Merged Map outputs=0
		GC time elapsed (ms)=0
		Total committed heap usage (bytes)=1308622848
	HIVE
		DESERIALIZE_ERRORS=0
		RECORDS_IN=2
		RECORDS_OUT_INTERMEDIATE=2
		RECORDS_OUT_OPERATOR_MAP_0=0
		RECORDS_OUT_OPERATOR_RS_6=2
		RECORDS_OUT_OPERATOR_SEL_5=2
		RECORDS_OUT_OPERATOR_TS_0=2
	File Input Format Counters 
		Bytes Read=8937
2024-04-24T01:10:06,829  INFO [LocalJobRunner Map Task Executor #0] mapred.LocalJobRunner: Finishing task: attempt_local368998042_0036_m_000001_0
2024-04-24T01:10:06,829  INFO [Thread-2978] mapred.LocalJobRunner: map task executor complete.
2024-04-24T01:10:06,830  INFO [Thread-2978] mapred.LocalJobRunner: Waiting for reduce tasks
2024-04-24T01:10:06,830  INFO [pool-178-thread-1] mapred.LocalJobRunner: Starting task: attempt_local368998042_0036_r_000000_0
2024-04-24T01:10:06,831  INFO [pool-178-thread-1] mapred.Task:  Using ResourceCalculatorProcessTree : [ ]
2024-04-24T01:10:06,831  INFO [pool-178-thread-1] mapred.ReduceTask: Using ShuffleConsumerPlugin: org.apache.hadoop.mapreduce.task.reduce.Shuffle@2be5978c
2024-04-24T01:10:06,831  WARN [pool-178-thread-1] impl.MetricsSystemImpl: JobTracker metrics system already initialized!
2024-04-24T01:10:06,832  INFO [pool-178-thread-1] reduce.MergeManagerImpl: MergerManager: memoryLimit=1336252800, maxSingleShuffleLimit=334063200, mergeThreshold=881926912, ioSortFactor=10, memToMemMergeOutputsThreshold=10
2024-04-24T01:10:06,832  INFO [EventFetcher for fetching Map Completion Events] reduce.EventFetcher: attempt_local368998042_0036_r_000000_0 Thread started: EventFetcher for fetching Map Completion Events
2024-04-24T01:10:06,835  INFO [localfetcher#51] reduce.LocalFetcher: localfetcher#51 about to shuffle output of map attempt_local368998042_0036_m_000000_0 decomp: 44 len: 48 to MEMORY
2024-04-24T01:10:06,835  INFO [localfetcher#51] reduce.InMemoryMapOutput: Read 44 bytes from map-output for attempt_local368998042_0036_m_000000_0
2024-04-24T01:10:06,835  INFO [localfetcher#51] reduce.MergeManagerImpl: closeInMemoryFile -> map-output of size: 44, inMemoryMapOutputs.size() -> 1, commitMemory -> 0, usedMemory ->44
2024-04-24T01:10:06,837  INFO [localfetcher#51] reduce.LocalFetcher: localfetcher#51 about to shuffle output of map attempt_local368998042_0036_m_000001_0 decomp: 44 len: 48 to MEMORY
2024-04-24T01:10:06,837  INFO [localfetcher#51] reduce.InMemoryMapOutput: Read 44 bytes from map-output for attempt_local368998042_0036_m_000001_0
2024-04-24T01:10:06,837  INFO [localfetcher#51] reduce.MergeManagerImpl: closeInMemoryFile -> map-output of size: 44, inMemoryMapOutputs.size() -> 2, commitMemory -> 44, usedMemory ->88
2024-04-24T01:10:06,838  INFO [EventFetcher for fetching Map Completion Events] reduce.EventFetcher: EventFetcher is interrupted.. Returning
2024-04-24T01:10:06,838  INFO [pool-178-thread-1] mapred.LocalJobRunner: 2 / 2 copied.
2024-04-24T01:10:06,838  INFO [pool-178-thread-1] reduce.MergeManagerImpl: finalMerge called with 2 in-memory map-outputs and 0 on-disk map-outputs
2024-04-24T01:10:06,844  INFO [pool-178-thread-1] mapred.Merger: Merging 2 sorted segments
2024-04-24T01:10:06,844  INFO [pool-178-thread-1] mapred.Merger: Down to the last merge-pass, with 2 segments left of total size: 54 bytes
2024-04-24T01:10:06,847  INFO [pool-178-thread-1] reduce.MergeManagerImpl: Merged 2 segments, 88 bytes to disk to satisfy reduce memory limit
2024-04-24T01:10:06,847  INFO [pool-178-thread-1] reduce.MergeManagerImpl: Merging 1 files, 90 bytes from disk
2024-04-24T01:10:06,847  INFO [pool-178-thread-1] reduce.MergeManagerImpl: Merging 0 segments, 0 bytes from memory into reduce
2024-04-24T01:10:06,847  INFO [pool-178-thread-1] mapred.Merger: Merging 1 sorted segments
2024-04-24T01:10:06,847  INFO [pool-178-thread-1] mapred.Merger: Down to the last merge-pass, with 1 segments left of total size: 69 bytes
2024-04-24T01:10:06,847  INFO [pool-178-thread-1] mapred.LocalJobRunner: 2 / 2 copied.
2024-04-24T01:10:06,848  INFO [pool-178-thread-1] exec.SerializationUtilities: Deserializing ReduceWork using kryo
2024-04-24T01:10:06,849  INFO [pool-178-thread-1] exec.Utilities: Deserialized plan (via FILE) - name: null size: 7,01KB
2024-04-24T01:10:06,850  INFO [pool-178-thread-1] ExecReducer: 
<SEL>Id =3
  <Children>
    <FS>Id =4
      <Children>
      <\Children>
      <Parent>Id = 3 null<\Parent>
    <\FS>
  <\Children>
  <Parent><\Parent>
<\SEL>
2024-04-24T01:10:06,850  INFO [pool-178-thread-1] exec.SelectOperator: Initializing Operator: SEL[3]
2024-04-24T01:10:06,850  INFO [pool-178-thread-1] exec.SelectOperator: SELECT struct<key:struct<reducesinkkey0:int,reducesinkkey1:int>,value:struct<>>
2024-04-24T01:10:06,850  INFO [pool-178-thread-1] exec.FileSinkOperator: Initializing Operator: FS[4]
2024-04-24T01:10:06,851  INFO [pool-178-thread-1] exec.FileSinkOperator: Using serializer : class org.apache.hadoop.hive.serde2.lazy.LazySimpleSerDe [serdeParams=org.apache.hadoop.hive.serde2.lazy.LazySerDeParameters@69be36fd, cachedObjectInspector=org.apache.hadoop.hive.serde2.lazy.objectinspector.LazySimpleStructObjectInspector<org.apache.hadoop.hive.serde2.lazy.objectinspector.primitive.LazyIntObjectInspector@31a9eaa,org.apache.hadoop.hive.serde2.lazy.objectinspector.primitive.LazyIntObjectInspector@31a9eaa>, serializedSize=0, stats=org.apache.hadoop.hive.serde2.SerDeStats@3747d647, lastOperationSerialize=false, lastOperationDeserialize=false [1, 2, 3, 4, 5, 6, 7, 8, 11, 14, 15, 16, 17, 18, 19, 20, 21, 22, 23, 24, 25, 26, 28, 29, 30, 31, -128, -127, -126, -125, -124, -123, -122, -121, -120, -119, -118, -117, -116, -115, -114, -113, -112, -111, -110, -109, -108, -107, -106, -105, -104, -103, -102, -101, -100, -99, -98, -97, -96, -95, -94, -93, -92, -91, -90, -89, -88, -87, -86, -85, -84, -83, -82, -81, -80, -79, -78, -77, -76, -75, -74, -73, -72, -71, -70, -69, -68, -67, -66, -65, -64, -63, -62, -61, -60, -59, -58, -57, -56, -55, -54, -53, -52, -51, -50, -49, -48, -47, -46, -45, -44, -43, -42, -41, -40, -39, -38, -37, -36, -35, -34, -33, -32, -31, -30, -29, -28, -27, -26, -25, -24, -23, -22, -21, -20, -19, -18, -17, -16, -15, -14, -13, -12, -11, -10, -9, -8, -7, -6, -5, -4, -3, -2, -1] : [_col0, _col1] : [int, int]] and formatter : org.apache.hadoop.hive.ql.io.HiveSequenceFileOutputFormat@127a8
2024-04-24T01:10:06,851  INFO [pool-178-thread-1] exec.FileSinkOperator: Final Path: FS file:/home/alex/Repositories/hive/ql/target/tmp/localscratchdir/c8e596ae-9366-4a59-b008-ea5f2c976cf2/hive_2024-04-24_01-10-06_321_2299119712097026267-1/-mr-10001/.hive-staging_hive_2024-04-24_01-10-06_321_2299119712097026267-1/_tmp.-ext-10002/000000_0
2024-04-24T01:10:06,851  INFO [pool-178-thread-1] exec.FileSinkOperator: Writing to temp file: FS file:/home/alex/Repositories/hive/ql/target/tmp/localscratchdir/c8e596ae-9366-4a59-b008-ea5f2c976cf2/hive_2024-04-24_01-10-06_321_2299119712097026267-1/-mr-10001/.hive-staging_hive_2024-04-24_01-10-06_321_2299119712097026267-1/_task_tmp.-ext-10002/_tmp.000000_0
2024-04-24T01:10:06,851  INFO [pool-178-thread-1] exec.FileSinkOperator: New Final Path: FS file:/home/alex/Repositories/hive/ql/target/tmp/localscratchdir/c8e596ae-9366-4a59-b008-ea5f2c976cf2/hive_2024-04-24_01-10-06_321_2299119712097026267-1/-mr-10001/.hive-staging_hive_2024-04-24_01-10-06_321_2299119712097026267-1/_tmp.-ext-10002/000000_0
2024-04-24T01:10:06,859  INFO [pool-178-thread-1] exec.FileSinkOperator: FS[4]: records written - 1
2024-04-24T01:10:06,859  INFO [pool-178-thread-1] exec.SelectOperator: Closing Operator: SEL[3]
2024-04-24T01:10:06,859  INFO [pool-178-thread-1] exec.SelectOperator: RECORDS_OUT_OPERATOR_SEL_3:4, RECORDS_OUT_INTERMEDIATE:0, 
2024-04-24T01:10:06,859  INFO [pool-178-thread-1] exec.FileSinkOperator: Closing Operator: FS[4]
2024-04-24T01:10:06,859  INFO [pool-178-thread-1] exec.FileSinkOperator: FS[4]: records written - 4
2024-04-24T01:10:06,860  INFO [pool-178-thread-1] exec.FileSinkOperator: RECORDS_OUT_INTERMEDIATE:0, RECORDS_OUT_OPERATOR_FS_4:4, RECORDS_OUT_0:4, 
2024-04-24T01:10:06,860  INFO [pool-178-thread-1] mapred.Task: Task:attempt_local368998042_0036_r_000000_0 is done. And is in the process of committing
2024-04-24T01:10:06,861  INFO [pool-178-thread-1] mapred.LocalJobRunner: reduce > reduce
2024-04-24T01:10:06,861  INFO [pool-178-thread-1] mapred.Task: Task 'attempt_local368998042_0036_r_000000_0' done.
2024-04-24T01:10:06,861  INFO [pool-178-thread-1] mapred.Task: Final Counters for attempt_local368998042_0036_r_000000_0: Counters: 29
	File System Counters
		FILE: Number of bytes read=806714
		FILE: Number of bytes written=45165445
		FILE: Number of read operations=0
		FILE: Number of large read operations=0
		FILE: Number of write operations=0
	Map-Reduce Framework
		Combine input records=0
		Combine output records=0
		Reduce input groups=4
		Reduce shuffle bytes=96
		Reduce input records=4
		Reduce output records=0
		Spilled Records=4
		Shuffled Maps =2
		Failed Shuffles=0
		Merged Map outputs=2
		GC time elapsed (ms)=0
		Total committed heap usage (bytes)=1308622848
	HIVE
		CREATED_FILES=1
		RECORDS_OUT_0=4
		RECORDS_OUT_INTERMEDIATE=0
		RECORDS_OUT_OPERATOR_FS_4=4
		RECORDS_OUT_OPERATOR_SEL_3=4
	Shuffle Errors
		BAD_ID=0
		CONNECTION=0
		IO_ERROR=0
		WRONG_LENGTH=0
		WRONG_MAP=0
		WRONG_REDUCE=0
	File Output Format Counters 
		Bytes Written=0
2024-04-24T01:10:06,861  INFO [pool-178-thread-1] mapred.LocalJobRunner: Finishing task: attempt_local368998042_0036_r_000000_0
2024-04-24T01:10:06,861  INFO [Thread-2978] mapred.LocalJobRunner: reduce task executor complete.
2024-04-24 01:10:07,779 Stage-1 map = 100%,  reduce = 100%
2024-04-24T01:10:07,779  INFO [main] exec.Task: 2024-04-24 01:10:07,779 Stage-1 map = 100%,  reduce = 100%
Ended Job = job_local368998042_0036
2024-04-24T01:10:07,781  INFO [main] exec.Task: Ended Job = job_local368998042_0036
2024-04-24T01:10:07,782  INFO [main] metadata.Hive: Dumping metastore api call timing information for : execution phase
2024-04-24T01:10:07,782  INFO [main] metadata.Hive: Total time spent in each metastore function (ms): {}
MapReduce Jobs Launched: 
2024-04-24T01:10:07,783  INFO [main] ql.Driver: MapReduce Jobs Launched: 
Stage-Stage-1:  HDFS Read: 0 HDFS Write: 0 SUCCESS
2024-04-24T01:10:07,783  INFO [main] ql.Driver: Stage-Stage-1:  HDFS Read: 0 HDFS Write: 0 SUCCESS
Total MapReduce CPU Time Spent: 0 msec
2024-04-24T01:10:07,783  INFO [main] ql.Driver: Total MapReduce CPU Time Spent: 0 msec
2024-04-24T01:10:07,783  INFO [main] ql.Driver: Completed executing command(queryId=alex_20240424011006_f96ecb7f-4cca-4afc-bf16-23d43123da7c); Time taken: 1.288 seconds
2024-04-24T01:10:07,783  INFO [main] lockmgr.DbTxnManager: Stopped heartbeat for query: alex_20240424011006_f96ecb7f-4cca-4afc-bf16-23d43123da7c
2024-04-24T01:10:07,787  INFO [main] txn.TxnHandler: Expected to move at least one record from txn_components to completed_txn_components when committing txn! txnid:14
2024-04-24T01:10:07,794  INFO [main] txn.TxnHandler: Removed transactions: ([14]) from MIN_HISTORY_LEVEL
2024-04-24T01:10:07,794  WARN [main] txn.CompactionTxnHandler: No compaction queue record found for Compaction type transaction commit. txnId:14
2024-04-24T01:10:07,798  INFO [main] mapred.FileInputFormat: Total input files to process : 1
2024-04-24T01:10:07,799  INFO [main] exec.ListSinkOperator: Closing Operator: LIST_SINK[7]
2024-04-24T01:10:07,799  INFO [main] exec.ListSinkOperator: RECORDS_OUT_INTERMEDIATE:0, RECORDS_OUT_OPERATOR_LIST_SINK_7:4, 
2024-04-24T01:10:07,799  INFO [main] ql.TxnCommandsBaseForTests: Running the query: START TRANSACTION
2024-04-24T01:10:07,799  INFO [main] ql.Context: Deleting scratch dir: file:/home/alex/Repositories/hive/ql/target/tmp/localscratchdir/c8e596ae-9366-4a59-b008-ea5f2c976cf2/hive_2024-04-24_01-10-06_321_2299119712097026267-1
2024-04-24T01:10:07,800  INFO [main] cleanup.SyncCleanupService: Deleted directory: file:/home/alex/Repositories/hive/ql/target/tmp/localscratchdir/c8e596ae-9366-4a59-b008-ea5f2c976cf2/hive_2024-04-24_01-10-06_321_2299119712097026267-1 on fs with scheme file
2024-04-24T01:10:07,800  INFO [main] ql.Driver: Compiling command(queryId=alex_20240424011007_ca5296dc-26b9-4688-9878-845e4d6a043f): START TRANSACTION
2024-04-24T01:10:07,803  INFO [main] txn.TxnHandler: Added entries to MIN_HISTORY_LEVEL for current txns: ([15]) with min_open_txn: 15
2024-04-24T01:10:07,803  INFO [main] lockmgr.DbTxnManager: Opened txnid:15
2024-04-24T01:10:07,804  INFO [main] parse.CalcitePlanner: Starting caching scope for: 
2024-04-24T01:10:07,804  INFO [main] parse.CalcitePlanner: Starting Semantic Analysis
2024-04-24T01:10:07,804  INFO [main] parse.CalcitePlanner: Ending caching scope for: 
2024-04-24T01:10:07,804  INFO [main] ql.Driver: Semantic Analysis Completed (retrial = false)
2024-04-24T01:10:07,804  INFO [main] ql.Driver: Created Hive schema: Schema(fieldSchemas:null, properties:null)
2024-04-24T01:10:07,804  INFO [main] metadata.Hive: Dumping metastore api call timing information for : compilation phase
2024-04-24T01:10:07,805  INFO [main] metadata.Hive: Total time spent in each metastore function (ms): {isCompatibleWith_(Configuration)=0, getValidWriteIds_(List, String)=0, flushCache_()=1, openTxn_(String, TxnType)=2, getValidTxns_(long)=0, commitTxn_(CommitTxnRequest)=11}
2024-04-24T01:10:07,805  INFO [main] ql.Driver: Completed compiling command(queryId=alex_20240424011007_ca5296dc-26b9-4688-9878-845e4d6a043f); Time taken: 0.004 seconds
2024-04-24T01:10:07,805  INFO [main] lockmgr.DbTxnManager: Setting lock request transaction to txnid:15 for queryId=alex_20240424011007_ca5296dc-26b9-4688-9878-845e4d6a043f
2024-04-24T01:10:07,805  INFO [main] ql.Driver: Operation START_TRANSACTION obtained 0 locks
2024-04-24T01:10:07,805  INFO [main] ql.Driver: Executing command(queryId=alex_20240424011007_ca5296dc-26b9-4688-9878-845e4d6a043f): START TRANSACTION
2024-04-24T01:10:07,805  INFO [main] metadata.Hive: Dumping metastore api call timing information for : execution phase
2024-04-24T01:10:07,805  INFO [main] metadata.Hive: Total time spent in each metastore function (ms): {}
2024-04-24T01:10:07,805  INFO [main] ql.Driver: Completed executing command(queryId=alex_20240424011007_ca5296dc-26b9-4688-9878-845e4d6a043f); Time taken: 0.0 seconds
2024-04-24T01:10:07,805  INFO [main] ql.TxnCommandsBaseForTests: Running the query: delete from acidTbl where b = 8
2024-04-24T01:10:07,806  INFO [main] ql.Driver: Compiling command(queryId=alex_20240424011007_9fcf7c14-cf32-49c4-bb40-ebed91a25376): delete from acidTbl where b = 8
2024-04-24T01:10:07,806  INFO [main] parse.UpdateDeleteSemanticAnalyzer: Starting caching scope for: 
2024-04-24T01:10:07,806  INFO [main] HiveMetaStore.audit: ugi=alex	ip=unknown-ip-addr	cmd=get_table : tbl=hive.default.acidTbl	
2024-04-24T01:10:07,813  INFO [main] metastore.HMSHandler: Skipping translation for processor with null
2024-04-24T01:10:07,813  INFO [main] parse.RewriteSemanticAnalyzer: Going to reparse <delete from acidTbl where b = 8> as 
<insert into table `default`.`acidTbl` select ROW__ID from `default`.`acidTbl` sort by ROW__ID >
2024-04-24T01:10:07,813  INFO [main] parse.UpdateDeleteSemanticAnalyzer: Starting Semantic Analysis
2024-04-24T01:10:07,816  INFO [main] parse.UpdateDeleteSemanticAnalyzer: Completed phase 1 of Semantic Analysis
2024-04-24T01:10:07,816  INFO [main] parse.UpdateDeleteSemanticAnalyzer: Get metadata for source tables
2024-04-24T01:10:07,816  INFO [main] HiveMetaStore.audit: ugi=alex	ip=unknown-ip-addr	cmd=get_table : tbl=hive.default.acidtbl	
2024-04-24T01:10:07,823  INFO [main] metastore.HMSHandler: Skipping translation for processor with null
2024-04-24T01:10:07,823  INFO [main] parse.UpdateDeleteSemanticAnalyzer: Get metadata for subqueries
2024-04-24T01:10:07,823  INFO [main] parse.UpdateDeleteSemanticAnalyzer: Get metadata for destination tables
2024-04-24T01:10:07,823  INFO [main] HiveMetaStore.audit: ugi=alex	ip=unknown-ip-addr	cmd=get_table : tbl=hive.default.acidTbl	
2024-04-24T01:10:07,829  INFO [main] metastore.HMSHandler: Skipping translation for processor with null
2024-04-24T01:10:07,829  INFO [main] parse.UpdateDeleteSemanticAnalyzer: Completed getting MetaData in Semantic Analysis
2024-04-24T01:10:07,829  INFO [main] parse.UpdateDeleteSemanticAnalyzer: Disabling LLAP IO encode as ETL query is detected
2024-04-24T01:10:07,841  INFO [main] HiveMetaStore.audit: ugi=alex	ip=unknown-ip-addr	cmd=get_all_table_constraints : tbl=hive.default.acidtbl	
2024-04-24T01:10:07,867  INFO [main] calcite.RelOptHiveTable: Calculating column statistics for default.acidtbl, projIndxSet: [1], allowMissingStats: true
2024-04-24T01:10:07,867  INFO [main] HiveMetaStore.audit: ugi=alex	ip=unknown-ip-addr	cmd=get_table : tbl=hive.default.acidtbl	
2024-04-24T01:10:07,881  INFO [main] metastore.HMSHandler: Skipping translation for processor with null
2024-04-24T01:10:07,882  INFO [main] HiveMetaStore.audit: ugi=alex	ip=unknown-ip-addr	cmd=get_table : tbl=hive.default.acidtbl	
2024-04-24T01:10:07,894  INFO [main] metastore.HMSHandler: Skipping translation for processor with null
2024-04-24T01:10:07,894  INFO [main] HiveMetaStore.audit: ugi=alex	ip=unknown-ip-addr	cmd=get_table_statistics_req: table=hive.default.acidtbl	
2024-04-24T01:10:07,904  WARN [main] calcite.RelOptHiveTable: No Stats for default@acidtbl, Columns: b
No Stats for default@acidtbl, Columns: b
2024-04-24T01:10:07,904  INFO [main] SessionState: No Stats for default@acidtbl, Columns: b
2024-04-24T01:10:07,957  INFO [main] parse.UpdateDeleteSemanticAnalyzer: Get metadata for source tables
2024-04-24T01:10:07,957  INFO [main] parse.UpdateDeleteSemanticAnalyzer: Get metadata for subqueries
2024-04-24T01:10:07,957  INFO [main] parse.UpdateDeleteSemanticAnalyzer: Get metadata for destination tables
2024-04-24T01:10:07,957  INFO [main] HiveMetaStore.audit: ugi=alex	ip=unknown-ip-addr	cmd=get_table : tbl=hive.default.acidTbl	
2024-04-24T01:10:07,964  INFO [main] metastore.HMSHandler: Skipping translation for processor with null
2024-04-24T01:10:07,972  INFO [main] txn.TxnHandler: Allocated writeId: 2 for txnId: 15
2024-04-24T01:10:07,972  INFO [main] txn.TxnHandler: Allocated write ids for dbName=default, tblName=acidtbl (txnIds: [15])
2024-04-24T01:10:07,975  INFO [main] parse.UpdateDeleteSemanticAnalyzer: CBO Succeeded; optimized logical plan.
2024-04-24T01:10:07,979  INFO [main] optimizer.ColumnPrunerProcFactory: RS 5 oldColExprMap: {KEY.reducesinkkey0=Column[_col0]}
2024-04-24T01:10:07,979  INFO [main] optimizer.ColumnPrunerProcFactory: RS 5 newColExprMap: {KEY.reducesinkkey0=Column[_col0]}
2024-04-24T01:10:07,979  INFO [main] optimizer.ColumnPrunerProcFactory: RS 3 oldColExprMap: {KEY.reducesinkkey0=Column[_col0]}
2024-04-24T01:10:07,979  INFO [main] optimizer.ColumnPrunerProcFactory: RS 3 newColExprMap: {KEY.reducesinkkey0=Column[_col0]}
2024-04-24T01:10:07,984  INFO [main] optimizer.SortedDynPartitionOptimizer: Sorted dynamic partitioning optimization kicked in..
2024-04-24T01:10:07,992  INFO [main] HiveMetaStore.audit: ugi=alex	ip=unknown-ip-addr	cmd=get_table : tbl=hive.default.acidtbl	
2024-04-24T01:10:07,999  INFO [main] metastore.HMSHandler: Skipping translation for processor with null
2024-04-24T01:10:07,999  INFO [main] physical.Vectorizer: Examining input format to see if vectorization is enabled.
2024-04-24T01:10:08,000  INFO [main] physical.Vectorizer: Vectorization is enabled for input format(s) [org.apache.hadoop.hive.ql.io.orc.OrcInputFormat]
2024-04-24T01:10:08,000  INFO [main] physical.Vectorizer: Validating and vectorizing MapWork... (vectorizedVertexNum 0)
2024-04-24T01:10:08,009  INFO [main] physical.Vectorizer: Map vectorization enabled: true
2024-04-24T01:10:08,009  INFO [main] physical.Vectorizer: Map vectorized: true
2024-04-24T01:10:08,009  INFO [main] physical.Vectorizer: Map vectorizedVertexNum: 0
2024-04-24T01:10:08,009  INFO [main] physical.Vectorizer: Map enabledConditionsMet: [hive.vectorized.use.vectorized.input.format IS true]
2024-04-24T01:10:08,009  INFO [main] physical.Vectorizer: Map inputFileFormatClassNameSet: [org.apache.hadoop.hive.ql.io.orc.OrcInputFormat]
2024-04-24T01:10:08,009  INFO [main] physical.Vectorizer: Reduce vectorization enabled: false
2024-04-24T01:10:08,009  INFO [main] physical.Vectorizer: Reduce vectorized: false
2024-04-24T01:10:08,009  INFO [main] physical.Vectorizer: Reduce vectorizedVertexNum: 1
2024-04-24T01:10:08,009  INFO [main] physical.Vectorizer: Reducer hive.vectorized.execution.reduce.enabled: true
2024-04-24T01:10:08,009  INFO [main] physical.Vectorizer: Reducer engine: mr
2024-04-24T01:10:08,009  INFO [main] parse.UpdateDeleteSemanticAnalyzer: Completed plan generation
2024-04-24T01:10:08,009  INFO [main] parse.UpdateDeleteSemanticAnalyzer: Ending caching scope for: 
2024-04-24T01:10:08,009  INFO [main] ql.Driver: Semantic Analysis Completed (retrial = false)
2024-04-24T01:10:08,009  INFO [main] ql.Driver: Created Hive schema: Schema(fieldSchemas:[FieldSchema(name:row__id, type:struct<writeid:bigint,bucketid:int,rowid:bigint>, comment:null)], properties:null)
2024-04-24T01:10:08,009  INFO [main] metadata.Hive: Dumping metastore api call timing information for : compilation phase
2024-04-24T01:10:08,009  INFO [main] metadata.Hive: Total time spent in each metastore function (ms): {isCompatibleWith_(Configuration)=0, getValidWriteIds_(List, String)=2, getTableColumnStatistics_(String, String, List, String)=37, flushCache_()=0, getAllTableConstraints_(AllTableConstraintsRequest)=5, getTable_(GetTableRequest)=34, allocateTableWriteId_(long, String, String)=5}
2024-04-24T01:10:08,009  INFO [main] ql.Driver: Completed compiling command(queryId=alex_20240424011007_9fcf7c14-cf32-49c4-bb40-ebed91a25376); Time taken: 0.203 seconds
2024-04-24T01:10:08,009  INFO [main] lockmgr.DbTxnManager: Setting lock request transaction to txnid:15 for queryId=alex_20240424011007_9fcf7c14-cf32-49c4-bb40-ebed91a25376
2024-04-24T01:10:08,010  INFO [main] lockmgr.DbLockManager: Requesting lock for queryId=alex_20240424011007_9fcf7c14-cf32-49c4-bb40-ebed91a25376
2024-04-24T01:10:08,024  INFO [main] lockmgr.DbLockManager: Response to queryId=alex_20240424011007_9fcf7c14-cf32-49c4-bb40-ebed91a25376 LockResponse(lockid:9, state:ACQUIRED)
2024-04-24T01:10:08,024  INFO [main] ql.Driver: Operation QUERY obtained 1 locks
2024-04-24T01:10:08,030  INFO [main] ql.Driver: Executing command(queryId=alex_20240424011007_9fcf7c14-cf32-49c4-bb40-ebed91a25376): delete from acidTbl where b = 8
2024-04-24T01:10:08,031  WARN [main] ql.Driver: Hive-on-MR is deprecated in Hive 2 and may not be available in the future versions. Consider using a different execution engine (i.e. tez, spark) or using Hive 1.X releases.
Query ID = alex_20240424011007_9fcf7c14-cf32-49c4-bb40-ebed91a25376
2024-04-24T01:10:08,031  INFO [main] ql.Driver: Query ID = alex_20240424011007_9fcf7c14-cf32-49c4-bb40-ebed91a25376
Total jobs = 1
2024-04-24T01:10:08,031  INFO [main] ql.Driver: Total jobs = 1
Launching Job 1 out of 1
2024-04-24T01:10:08,031  INFO [main] ql.Driver: Launching Job 1 out of 1
2024-04-24T01:10:08,154  INFO [main] ql.Driver: Starting task [Stage-1:MAPRED] in serial mode
Number of reduce tasks determined at compile time: 2
2024-04-24T01:10:08,154  INFO [main] exec.Task: Number of reduce tasks determined at compile time: 2
In order to change the average load for a reducer (in bytes):
2024-04-24T01:10:08,154  INFO [main] exec.Task: In order to change the average load for a reducer (in bytes):
  set hive.exec.reducers.bytes.per.reducer=<number>
2024-04-24T01:10:08,154  INFO [main] exec.Task:   set hive.exec.reducers.bytes.per.reducer=<number>
In order to limit the maximum number of reducers:
2024-04-24T01:10:08,154  INFO [main] exec.Task: In order to limit the maximum number of reducers:
  set hive.exec.reducers.max=<number>
2024-04-24T01:10:08,154  INFO [main] exec.Task:   set hive.exec.reducers.max=<number>
In order to set a constant number of reducers:
2024-04-24T01:10:08,154  INFO [main] exec.Task: In order to set a constant number of reducers:
  set mapreduce.job.reduces=<number>
2024-04-24T01:10:08,154  INFO [main] exec.Task:   set mapreduce.job.reduces=<number>
2024-04-24T01:10:08,159  INFO [main] mr.ExecDriver: Using org.apache.hadoop.hive.ql.io.HiveInputFormat
2024-04-24T01:10:08,159  INFO [main] exec.Utilities: Processing alias acidtbl
2024-04-24T01:10:08,159  INFO [main] exec.Utilities: Adding 1 inputs; the first input is file:/home/alex/Repositories/hive/ql/target/tmp/org.apache.hadoop.hive.ql.TestTxnCommands-1713946100941/warehouse/acidtbl
2024-04-24T01:10:08,168  INFO [main] exec.SerializationUtilities: Serializing MapWork using kryo
2024-04-24T01:10:08,172  INFO [main] exec.Utilities: Serialized plan (via FILE) - name: null size: 6,95KB
2024-04-24T01:10:08,176  INFO [main] exec.SerializationUtilities: Serializing ReduceWork using kryo
2024-04-24T01:10:08,179  INFO [main] exec.Utilities: Serialized plan (via FILE) - name: null size: 7,51KB
2024-04-24T01:10:08,180  WARN [main] impl.MetricsSystemImpl: JobTracker metrics system already initialized!
2024-04-24T01:10:08,184  INFO [main] fs.FSStatsPublisher: created : file:/home/alex/Repositories/hive/ql/target/tmp/localscratchdir/c8e596ae-9366-4a59-b008-ea5f2c976cf2/hive_2024-04-24_01-10-07_813_9038253520152663150-1/-mr-10000
2024-04-24T01:10:08,186  WARN [main] impl.MetricsSystemImpl: JobTracker metrics system already initialized!
2024-04-24T01:10:08,192  WARN [main] mapreduce.JobResourceUploader: Hadoop command-line option parsing not performed. Implement the Tool interface and execute your application with ToolRunner to remedy this.
2024-04-24T01:10:08,197  WARN [main] mapreduce.JobResourceUploader: No job jar file set.  User classes may not be found. See Job or Job#setJar(String).
2024-04-24T01:10:08,201  INFO [main] io.HiveInputFormat: hive.io.file.readcolumn.ids = 1
2024-04-24T01:10:08,201  INFO [main] io.HiveInputFormat: hive.io.file.readcolumn.names = b
2024-04-24T01:10:08,201  INFO [main] io.HiveInputFormat: Generating splits for dirs: file:/home/alex/Repositories/hive/ql/target/tmp/org.apache.hadoop.hive.ql.TestTxnCommands-1713946100941/warehouse/acidtbl
2024-04-24T01:10:08,202  INFO [main] orc.OrcInputFormat: getSplits started
2024-04-24T01:10:08,203  INFO [main] orc.OrcInputFormat: Context:: isAcid: true isVectorMode: true sarg: leaf-(EQUALS b 8) minSplitSize: 1 maxSplitSize: 256000000 splitStrategy: HYBRID footerInSplits: false numBuckets: 2 numThreads: 10 cacheMemSize: 268435456 cacheStripeDetails: true useSoftReference: false writeIdList: default.acidtbl:2:9223372036854775807:: isTransactionalTable: true txnProperties: default 
2024-04-24T01:10:08,204  INFO [main] orc.OrcInputFormat: ORC pushdown predicate: leaf-(EQUALS b 8)
2024-04-24T01:10:08,215  INFO [main] orc.OrcInputFormat: FooterCacheHitRatio: 0/2
2024-04-24T01:10:08,215  INFO [main] orc.OrcInputFormat: getSplits finished (#splits: 2). duration: 13 ms
2024-04-24T01:10:08,215  INFO [main] io.HiveInputFormat: number of splits 2
2024-04-24T01:10:08,233  INFO [main] mapreduce.JobSubmitter: number of splits:2
2024-04-24T01:10:08,252  INFO [main] mapreduce.JobSubmitter: Submitting tokens for job: job_local1847080472_0037
2024-04-24T01:10:08,252  INFO [main] mapreduce.JobSubmitter: Executing with tokens: []
2024-04-24T01:10:08,318  INFO [main] mapreduce.Job: The url to track the job: http://localhost:8080/
Job running in-process (local Hadoop)
2024-04-24T01:10:08,318  INFO [main] exec.Task: Job running in-process (local Hadoop)
2024-04-24T01:10:08,318  INFO [Thread-3033] mapred.LocalJobRunner: OutputCommitter set in config org.apache.hadoop.hive.ql.io.HiveFileFormatUtils$NullOutputCommitter
2024-04-24T01:10:08,318  INFO [Thread-3033] mapred.LocalJobRunner: OutputCommitter is org.apache.hadoop.hive.ql.io.HiveFileFormatUtils$NullOutputCommitter
2024-04-24T01:10:08,320  INFO [Thread-3033] mapred.LocalJobRunner: Waiting for map tasks
2024-04-24T01:10:08,320  INFO [LocalJobRunner Map Task Executor #0] mapred.LocalJobRunner: Starting task: attempt_local1847080472_0037_m_000000_0
2024-04-24T01:10:08,321  INFO [LocalJobRunner Map Task Executor #0] mapred.Task:  Using ResourceCalculatorProcessTree : [ ]
2024-04-24T01:10:08,322  INFO [LocalJobRunner Map Task Executor #0] mapred.MapTask: Processing split: org.apache.hadoop.hive.ql.io.orc.OrcInputFormat:OrcSplit [file:/home/alex/Repositories/hive/ql/target/tmp/org.apache.hadoop.hive.ql.TestTxnCommands-1713946100941/warehouse/acidtbl/delta_0000001_0000001_0000/bucket_00001_0, start=0, length=699, isOriginal=false, fileLength=699, hasFooter=false, hasBase=true, deltas=0]
2024-04-24T01:10:08,322  INFO [LocalJobRunner Map Task Executor #0] exec.SerializationUtilities: Deserializing MapWork using kryo
2024-04-24T01:10:08,324  INFO [LocalJobRunner Map Task Executor #0] exec.Utilities: Deserialized plan (via FILE) - name: null size: 6,95KB
2024-04-24T01:10:08,325  INFO [LocalJobRunner Map Task Executor #0] orc.OrcInputFormat: ORC pushdown predicate: leaf-(EQUALS b 8)
2024-04-24T01:10:08,325  INFO [LocalJobRunner Map Task Executor #0] orc.VectorizedOrcAcidRowBatchReader: Read ValidWriteIdList: default.acidtbl:2:9223372036854775807:::OrcSplit [file:/home/alex/Repositories/hive/ql/target/tmp/org.apache.hadoop.hive.ql.TestTxnCommands-1713946100941/warehouse/acidtbl/delta_0000001_0000001_0000/bucket_00001_0, start=0, length=699, isOriginal=false, fileLength=699, hasFooter=false, hasBase=true, deltas=0]
2024-04-24T01:10:08,326  INFO [LocalJobRunner Map Task Executor #0] orc.ReaderImpl: Reading ORC rows from file:/home/alex/Repositories/hive/ql/target/tmp/org.apache.hadoop.hive.ql.TestTxnCommands-1713946100941/warehouse/acidtbl/delta_0000001_0000001_0000/bucket_00001_0 with {include: [true, false, true], offset: 0, length: 699, sarg: leaf-(EQUALS b 8), schema: struct<a:int,b:int>, includeAcidColumns: true}
2024-04-24T01:10:08,331  INFO [LocalJobRunner Map Task Executor #0] mapred.MapTask: numReduceTasks: 2
2024-04-24T01:10:08,335  INFO [LocalJobRunner Map Task Executor #0] mapred.MapTask: (EQUATOR) 0 kvi 26214396(104857584)
2024-04-24T01:10:08,335  INFO [LocalJobRunner Map Task Executor #0] mapred.MapTask: mapreduce.task.io.sort.mb: 100
2024-04-24T01:10:08,335  INFO [LocalJobRunner Map Task Executor #0] mapred.MapTask: soft limit at 83886080
2024-04-24T01:10:08,335  INFO [LocalJobRunner Map Task Executor #0] mapred.MapTask: bufstart = 0; bufvoid = 104857600
2024-04-24T01:10:08,335  INFO [LocalJobRunner Map Task Executor #0] mapred.MapTask: kvstart = 26214396; length = 6553600
2024-04-24T01:10:08,336  INFO [LocalJobRunner Map Task Executor #0] mapred.MapTask: Map output collector class = org.apache.hadoop.mapred.MapTask$MapOutputBuffer
2024-04-24T01:10:08,336  INFO [LocalJobRunner Map Task Executor #0] vector.VectorMapOperator: Initializing Operator: MAP[0]
2024-04-24T01:10:08,336  INFO [LocalJobRunner Map Task Executor #0] mr.ExecMapper: 
<MAP>Id =0
  <Children>null
  <\Children>
  <Parent><\Parent>
<\MAP>
2024-04-24T01:10:08,337  INFO [LocalJobRunner Map Task Executor #0] exec.TableScanOperator: Initializing Operator: TS[0]
2024-04-24T01:10:08,337  INFO [LocalJobRunner Map Task Executor #0] vector.VectorFilterOperator: Initializing Operator: FIL[9]
2024-04-24T01:10:08,337  INFO [LocalJobRunner Map Task Executor #0] vector.VectorSelectOperator: Initializing Operator: SEL[10]
2024-04-24T01:10:08,337  INFO [LocalJobRunner Map Task Executor #0] vector.VectorReduceSinkOperator: Initializing Operator: RS[11]
2024-04-24T01:10:08,338  INFO [LocalJobRunner Map Task Executor #0] vector.VectorReduceSinkOperator: Using tag = -1
2024-04-24T01:10:08,338  INFO [LocalJobRunner Map Task Executor #0] vector.VectorMapOperator: Closing Operator: MAP[0]
2024-04-24T01:10:08,338  INFO [LocalJobRunner Map Task Executor #0] vector.VectorMapOperator: RECORDS_OUT_INTERMEDIATE:0, RECORDS_IN:0, RECORDS_OUT_OPERATOR_MAP_0:0, DESERIALIZE_ERRORS:0, 
2024-04-24T01:10:08,339  INFO [LocalJobRunner Map Task Executor #0] exec.TableScanOperator: Closing Operator: TS[0]
2024-04-24T01:10:08,339  INFO [LocalJobRunner Map Task Executor #0] exec.TableScanOperator: RECORDS_OUT_OPERATOR_TS_0:0, RECORDS_OUT_INTERMEDIATE:0, 
2024-04-24T01:10:08,339  INFO [LocalJobRunner Map Task Executor #0] vector.VectorFilterOperator: Closing Operator: FIL[9]
2024-04-24T01:10:08,339  INFO [LocalJobRunner Map Task Executor #0] vector.VectorFilterOperator: RECORDS_OUT_INTERMEDIATE:0, RECORDS_OUT_OPERATOR_FIL_9:0, 
2024-04-24T01:10:08,339  INFO [LocalJobRunner Map Task Executor #0] vector.VectorSelectOperator: Closing Operator: SEL[10]
2024-04-24T01:10:08,339  INFO [LocalJobRunner Map Task Executor #0] vector.VectorSelectOperator: RECORDS_OUT_INTERMEDIATE:0, RECORDS_OUT_OPERATOR_SEL_10:0, 
2024-04-24T01:10:08,339  INFO [LocalJobRunner Map Task Executor #0] vector.VectorReduceSinkOperator: Closing Operator: RS[11]
2024-04-24T01:10:08,339  INFO [LocalJobRunner Map Task Executor #0] vector.VectorReduceSinkOperator: RS[11]: Total records written - 0. abort - false
2024-04-24T01:10:08,339  INFO [LocalJobRunner Map Task Executor #0] vector.VectorReduceSinkOperator: RECORDS_OUT_OPERATOR_RS_11:0, RECORDS_OUT_INTERMEDIATE:0, 
2024-04-24T01:10:08,340  INFO [LocalJobRunner Map Task Executor #0] mapred.LocalJobRunner: 
2024-04-24T01:10:08,340  INFO [LocalJobRunner Map Task Executor #0] mapred.MapTask: Starting flush of map output
2024-04-24T01:10:08,355  INFO [LocalJobRunner Map Task Executor #0] mapred.Task: Task:attempt_local1847080472_0037_m_000000_0 is done. And is in the process of committing
2024-04-24T01:10:08,355  INFO [LocalJobRunner Map Task Executor #0] mapred.LocalJobRunner: OrcSplit [file:/home/alex/Repositories/hive/ql/target/tmp/org.apache.hadoop.hive.ql.TestTxnCommands-1713946100941/warehouse/acidtbl/delta_0000001_0000001_0000/bucket_00001_0, start=0, length=699, isOriginal=false, fileLength=699, hasFooter=false, hasBase=true, deltas=0]
2024-04-24T01:10:08,355  INFO [LocalJobRunner Map Task Executor #0] mapred.Task: Task 'attempt_local1847080472_0037_m_000000_0' done.
2024-04-24T01:10:08,355  INFO [LocalJobRunner Map Task Executor #0] mapred.Task: Final Counters for attempt_local1847080472_0037_m_000000_0: Counters: 25
	File System Counters
		FILE: Number of bytes read=818552
		FILE: Number of bytes written=46424498
		FILE: Number of read operations=0
		FILE: Number of large read operations=0
		FILE: Number of write operations=0
	Map-Reduce Framework
		Map input records=0
		Map output records=0
		Map output bytes=0
		Map output materialized bytes=12
		Input split bytes=495
		Combine input records=0
		Spilled Records=0
		Failed Shuffles=0
		Merged Map outputs=0
		GC time elapsed (ms)=0
		Total committed heap usage (bytes)=1308622848
	HIVE
		DESERIALIZE_ERRORS=0
		RECORDS_IN=0
		RECORDS_OUT_INTERMEDIATE=0
		RECORDS_OUT_OPERATOR_FIL_9=0
		RECORDS_OUT_OPERATOR_MAP_0=0
		RECORDS_OUT_OPERATOR_RS_11=0
		RECORDS_OUT_OPERATOR_SEL_10=0
		RECORDS_OUT_OPERATOR_TS_0=0
	File Input Format Counters 
		Bytes Read=10608
2024-04-24T01:10:08,355  INFO [LocalJobRunner Map Task Executor #0] mapred.LocalJobRunner: Finishing task: attempt_local1847080472_0037_m_000000_0
2024-04-24T01:10:08,355  INFO [LocalJobRunner Map Task Executor #0] mapred.LocalJobRunner: Starting task: attempt_local1847080472_0037_m_000001_0
2024-04-24T01:10:08,356  INFO [LocalJobRunner Map Task Executor #0] mapred.Task:  Using ResourceCalculatorProcessTree : [ ]
2024-04-24T01:10:08,356  INFO [LocalJobRunner Map Task Executor #0] mapred.MapTask: Processing split: org.apache.hadoop.hive.ql.io.orc.OrcInputFormat:OrcSplit [file:/home/alex/Repositories/hive/ql/target/tmp/org.apache.hadoop.hive.ql.TestTxnCommands-1713946100941/warehouse/acidtbl/delta_0000001_0000001_0000/bucket_00000_0, start=0, length=690, isOriginal=false, fileLength=690, hasFooter=false, hasBase=true, deltas=0]
2024-04-24T01:10:08,356  INFO [LocalJobRunner Map Task Executor #0] exec.SerializationUtilities: Deserializing MapWork using kryo
2024-04-24T01:10:08,357  INFO [LocalJobRunner Map Task Executor #0] exec.Utilities: Deserialized plan (via FILE) - name: null size: 6,95KB
2024-04-24T01:10:08,358  INFO [LocalJobRunner Map Task Executor #0] orc.OrcInputFormat: ORC pushdown predicate: leaf-(EQUALS b 8)
2024-04-24T01:10:08,358  INFO [LocalJobRunner Map Task Executor #0] orc.VectorizedOrcAcidRowBatchReader: Read ValidWriteIdList: default.acidtbl:2:9223372036854775807:::OrcSplit [file:/home/alex/Repositories/hive/ql/target/tmp/org.apache.hadoop.hive.ql.TestTxnCommands-1713946100941/warehouse/acidtbl/delta_0000001_0000001_0000/bucket_00000_0, start=0, length=690, isOriginal=false, fileLength=690, hasFooter=false, hasBase=true, deltas=0]
2024-04-24T01:10:08,358  INFO [LocalJobRunner Map Task Executor #0] orc.ReaderImpl: Reading ORC rows from file:/home/alex/Repositories/hive/ql/target/tmp/org.apache.hadoop.hive.ql.TestTxnCommands-1713946100941/warehouse/acidtbl/delta_0000001_0000001_0000/bucket_00000_0 with {include: [true, false, true], offset: 0, length: 690, sarg: leaf-(EQUALS b 8), schema: struct<a:int,b:int>, includeAcidColumns: true}
2024-04-24T01:10:08,360  INFO [LocalJobRunner Map Task Executor #0] mapred.MapTask: numReduceTasks: 2
2024-04-24T01:10:08,374  INFO [LocalJobRunner Map Task Executor #0] mapred.MapTask: (EQUATOR) 0 kvi 26214396(104857584)
2024-04-24T01:10:08,374  INFO [LocalJobRunner Map Task Executor #0] mapred.MapTask: mapreduce.task.io.sort.mb: 100
2024-04-24T01:10:08,374  INFO [LocalJobRunner Map Task Executor #0] mapred.MapTask: soft limit at 83886080
2024-04-24T01:10:08,374  INFO [LocalJobRunner Map Task Executor #0] mapred.MapTask: bufstart = 0; bufvoid = 104857600
2024-04-24T01:10:08,374  INFO [LocalJobRunner Map Task Executor #0] mapred.MapTask: kvstart = 26214396; length = 6553600
2024-04-24T01:10:08,375  INFO [LocalJobRunner Map Task Executor #0] mapred.MapTask: Map output collector class = org.apache.hadoop.mapred.MapTask$MapOutputBuffer
2024-04-24T01:10:08,375  INFO [LocalJobRunner Map Task Executor #0] vector.VectorMapOperator: Initializing Operator: MAP[0]
2024-04-24T01:10:08,376  INFO [LocalJobRunner Map Task Executor #0] mr.ExecMapper: 
<MAP>Id =0
  <Children>null
  <\Children>
  <Parent><\Parent>
<\MAP>
2024-04-24T01:10:08,376  INFO [LocalJobRunner Map Task Executor #0] exec.TableScanOperator: Initializing Operator: TS[0]
2024-04-24T01:10:08,376  INFO [LocalJobRunner Map Task Executor #0] vector.VectorFilterOperator: Initializing Operator: FIL[9]
2024-04-24T01:10:08,377  INFO [LocalJobRunner Map Task Executor #0] vector.VectorSelectOperator: Initializing Operator: SEL[10]
2024-04-24T01:10:08,377  INFO [LocalJobRunner Map Task Executor #0] vector.VectorReduceSinkOperator: Initializing Operator: RS[11]
2024-04-24T01:10:08,377  INFO [LocalJobRunner Map Task Executor #0] vector.VectorReduceSinkOperator: Using tag = -1
2024-04-24T01:10:08,377  INFO [LocalJobRunner Map Task Executor #0] vector.VectorReduceSinkOperator: keys are [reducesinkkey0] num distributions: 1
2024-04-24T01:10:08,378 ERROR [LocalJobRunner Map Task Executor #0] mr.ExecMapper: org.apache.hadoop.hive.ql.metadata.HiveException: Hive Runtime Error while processing row 
	at org.apache.hadoop.hive.ql.exec.vector.VectorMapOperator.process(VectorMapOperator.java:993)
	at org.apache.hadoop.hive.ql.exec.mr.ExecMapper.map(ExecMapper.java:148)
	at org.apache.hadoop.mapred.MapRunner.run(MapRunner.java:54)
	at org.apache.hadoop.hive.ql.exec.mr.ExecMapRunner.run(ExecMapRunner.java:37)
	at org.apache.hadoop.mapred.MapTask.runOldMapper(MapTask.java:465)
	at org.apache.hadoop.mapred.MapTask.run(MapTask.java:349)
	at org.apache.hadoop.mapred.LocalJobRunner$Job$MapTaskRunnable.run(LocalJobRunner.java:271)
	at java.util.concurrent.Executors$RunnableAdapter.call(Executors.java:511)
	at java.util.concurrent.FutureTask.run(FutureTask.java:266)
	at java.util.concurrent.ThreadPoolExecutor.runWorker(ThreadPoolExecutor.java:1149)
	at java.util.concurrent.ThreadPoolExecutor$Worker.run(ThreadPoolExecutor.java:624)
	at java.lang.Thread.run(Thread.java:750)
Caused by: org.apache.hadoop.hive.ql.exec.NoMatchingMethodException: No matching method for class org.apache.hadoop.hive.ql.udf.UDFToInteger with (struct<writeid:bigint,bucketid:int,rowid:bigint>). Possible choices: _FUNC_(bigint)  _FUNC_(boolean)  _FUNC_(decimal(38,18))  _FUNC_(double)  _FUNC_(float)  _FUNC_(smallint)  _FUNC_(string)  _FUNC_(struct<rowid:bigint,writeid:bigint,bucketid:int>)  _FUNC_(timestamp)  _FUNC_(tinyint)  _FUNC_(void)  
	at org.apache.hadoop.hive.ql.exec.MethodUtils.getMethodInternal(MethodUtils.java:130)
	at org.apache.hadoop.hive.ql.exec.MethodUtils.getMethodInternal(MethodUtils.java:60)
	at org.apache.hadoop.hive.ql.exec.DefaultUDFMethodResolver.getEvalMethod(DefaultUDFMethodResolver.java:59)
	at org.apache.hadoop.hive.ql.udf.TimestampCastRestrictorResolver.getEvalMethod(TimestampCastRestrictorResolver.java:68)
	at org.apache.hadoop.hive.ql.udf.generic.GenericUDFBridge.initialize(GenericUDFBridge.java:168)
	at org.apache.hadoop.hive.ql.udf.generic.GenericUDF.initializeAndFoldConstants(GenericUDF.java:149)
	at org.apache.hadoop.hive.ql.exec.ExprNodeGenericFuncEvaluator.initialize(ExprNodeGenericFuncEvaluator.java:184)
	at org.apache.hadoop.hive.ql.exec.Operator.initEvaluators(Operator.java:1073)
	at org.apache.hadoop.hive.ql.exec.ReduceSinkOperator.process(ReduceSinkOperator.java:307)
	at org.apache.hadoop.hive.ql.exec.vector.VectorReduceSinkOperator.process(VectorReduceSinkOperator.java:110)
	at org.apache.hadoop.hive.ql.exec.Operator.vectorForward(Operator.java:919)
	at org.apache.hadoop.hive.ql.exec.vector.VectorSelectOperator.process(VectorSelectOperator.java:158)
	at org.apache.hadoop.hive.ql.exec.Operator.vectorForward(Operator.java:919)
	at org.apache.hadoop.hive.ql.exec.vector.VectorFilterOperator.process(VectorFilterOperator.java:136)
	at org.apache.hadoop.hive.ql.exec.Operator.vectorForward(Operator.java:919)
	at org.apache.hadoop.hive.ql.exec.TableScanOperator.process(TableScanOperator.java:171)
	at org.apache.hadoop.hive.ql.exec.vector.VectorMapOperator.deliverVectorizedRowBatch(VectorMapOperator.java:809)
	at org.apache.hadoop.hive.ql.exec.vector.VectorMapOperator.process(VectorMapOperator.java:878)
	... 11 more

2024-04-24T01:10:08,378  INFO [LocalJobRunner Map Task Executor #0] vector.VectorMapOperator: Closing Operator: MAP[0]
2024-04-24T01:10:08,379  INFO [LocalJobRunner Map Task Executor #0] vector.VectorMapOperator: RECORDS_IN:2, RECORDS_OUT_INTERMEDIATE:0, DESERIALIZE_ERRORS:0, RECORDS_OUT_OPERATOR_MAP_0:0, 
2024-04-24T01:10:08,379  INFO [LocalJobRunner Map Task Executor #0] exec.TableScanOperator: Closing Operator: TS[0]
2024-04-24T01:10:08,379  INFO [LocalJobRunner Map Task Executor #0] exec.TableScanOperator: RECORDS_OUT_OPERATOR_TS_0:2, RECORDS_OUT_INTERMEDIATE:0, 
2024-04-24T01:10:08,379  INFO [LocalJobRunner Map Task Executor #0] vector.VectorFilterOperator: Closing Operator: FIL[9]
2024-04-24T01:10:08,379  INFO [LocalJobRunner Map Task Executor #0] vector.VectorFilterOperator: RECORDS_OUT_INTERMEDIATE:0, RECORDS_OUT_OPERATOR_FIL_9:1, 
2024-04-24T01:10:08,379  INFO [LocalJobRunner Map Task Executor #0] vector.VectorSelectOperator: Closing Operator: SEL[10]
2024-04-24T01:10:08,379  INFO [LocalJobRunner Map Task Executor #0] vector.VectorSelectOperator: RECORDS_OUT_OPERATOR_SEL_10:1, RECORDS_OUT_INTERMEDIATE:0, 
2024-04-24T01:10:08,379  INFO [LocalJobRunner Map Task Executor #0] vector.VectorReduceSinkOperator: Closing Operator: RS[11]
2024-04-24T01:10:08,379  INFO [LocalJobRunner Map Task Executor #0] vector.VectorReduceSinkOperator: RS[11]: Total records written - 0. abort - true
2024-04-24T01:10:08,379  INFO [LocalJobRunner Map Task Executor #0] vector.VectorReduceSinkOperator: RECORDS_OUT_INTERMEDIATE:0, RECORDS_OUT_OPERATOR_RS_11:0, 
2024-04-24T01:10:08,380  INFO [Thread-3033] mapred.LocalJobRunner: map task executor complete.
2024-04-24T01:10:08,380  WARN [Thread-3033] mapred.LocalJobRunner: job_local1847080472_0037
java.lang.Exception: java.lang.RuntimeException: org.apache.hadoop.hive.ql.metadata.HiveException: Hive Runtime Error while processing row 
	at org.apache.hadoop.mapred.LocalJobRunner$Job.runTasks(LocalJobRunner.java:492) ~[hadoop-mapreduce-client-common-3.1.0.jar:?]
	at org.apache.hadoop.mapred.LocalJobRunner$Job.run(LocalJobRunner.java:552) [hadoop-mapreduce-client-common-3.1.0.jar:?]
Caused by: java.lang.RuntimeException: org.apache.hadoop.hive.ql.metadata.HiveException: Hive Runtime Error while processing row 
	at org.apache.hadoop.hive.ql.exec.mr.ExecMapper.map(ExecMapper.java:157) ~[classes/:?]
	at org.apache.hadoop.mapred.MapRunner.run(MapRunner.java:54) ~[hadoop-mapreduce-client-core-3.1.0.jar:?]
	at org.apache.hadoop.hive.ql.exec.mr.ExecMapRunner.run(ExecMapRunner.java:37) ~[classes/:?]
	at org.apache.hadoop.mapred.MapTask.runOldMapper(MapTask.java:465) ~[hadoop-mapreduce-client-core-3.1.0.jar:?]
	at org.apache.hadoop.mapred.MapTask.run(MapTask.java:349) ~[hadoop-mapreduce-client-core-3.1.0.jar:?]
	at org.apache.hadoop.mapred.LocalJobRunner$Job$MapTaskRunnable.run(LocalJobRunner.java:271) ~[hadoop-mapreduce-client-common-3.1.0.jar:?]
	at java.util.concurrent.Executors$RunnableAdapter.call(Executors.java:511) ~[?:1.8.0_402]
	at java.util.concurrent.FutureTask.run(FutureTask.java:266) ~[?:1.8.0_402]
	at java.util.concurrent.ThreadPoolExecutor.runWorker(ThreadPoolExecutor.java:1149) ~[?:1.8.0_402]
	at java.util.concurrent.ThreadPoolExecutor$Worker.run(ThreadPoolExecutor.java:624) ~[?:1.8.0_402]
	at java.lang.Thread.run(Thread.java:750) ~[?:1.8.0_402]
Caused by: org.apache.hadoop.hive.ql.metadata.HiveException: Hive Runtime Error while processing row 
	at org.apache.hadoop.hive.ql.exec.vector.VectorMapOperator.process(VectorMapOperator.java:993) ~[classes/:?]
	at org.apache.hadoop.hive.ql.exec.mr.ExecMapper.map(ExecMapper.java:148) ~[classes/:?]
	at org.apache.hadoop.mapred.MapRunner.run(MapRunner.java:54) ~[hadoop-mapreduce-client-core-3.1.0.jar:?]
	at org.apache.hadoop.hive.ql.exec.mr.ExecMapRunner.run(ExecMapRunner.java:37) ~[classes/:?]
	at org.apache.hadoop.mapred.MapTask.runOldMapper(MapTask.java:465) ~[hadoop-mapreduce-client-core-3.1.0.jar:?]
	at org.apache.hadoop.mapred.MapTask.run(MapTask.java:349) ~[hadoop-mapreduce-client-core-3.1.0.jar:?]
	at org.apache.hadoop.mapred.LocalJobRunner$Job$MapTaskRunnable.run(LocalJobRunner.java:271) ~[hadoop-mapreduce-client-common-3.1.0.jar:?]
	at java.util.concurrent.Executors$RunnableAdapter.call(Executors.java:511) ~[?:1.8.0_402]
	at java.util.concurrent.FutureTask.run(FutureTask.java:266) ~[?:1.8.0_402]
	at java.util.concurrent.ThreadPoolExecutor.runWorker(ThreadPoolExecutor.java:1149) ~[?:1.8.0_402]
	at java.util.concurrent.ThreadPoolExecutor$Worker.run(ThreadPoolExecutor.java:624) ~[?:1.8.0_402]
	at java.lang.Thread.run(Thread.java:750) ~[?:1.8.0_402]
Caused by: org.apache.hadoop.hive.ql.exec.NoMatchingMethodException: No matching method for class org.apache.hadoop.hive.ql.udf.UDFToInteger with (struct<writeid:bigint,bucketid:int,rowid:bigint>). Possible choices: _FUNC_(bigint)  _FUNC_(boolean)  _FUNC_(decimal(38,18))  _FUNC_(double)  _FUNC_(float)  _FUNC_(smallint)  _FUNC_(string)  _FUNC_(struct<rowid:bigint,writeid:bigint,bucketid:int>)  _FUNC_(timestamp)  _FUNC_(tinyint)  _FUNC_(void)  
	at org.apache.hadoop.hive.ql.exec.MethodUtils.getMethodInternal(MethodUtils.java:130) ~[classes/:?]
	at org.apache.hadoop.hive.ql.exec.MethodUtils.getMethodInternal(MethodUtils.java:60) ~[classes/:?]
	at org.apache.hadoop.hive.ql.exec.DefaultUDFMethodResolver.getEvalMethod(DefaultUDFMethodResolver.java:59) ~[classes/:?]
	at org.apache.hadoop.hive.ql.udf.TimestampCastRestrictorResolver.getEvalMethod(TimestampCastRestrictorResolver.java:68) ~[classes/:?]
	at org.apache.hadoop.hive.ql.udf.generic.GenericUDFBridge.initialize(GenericUDFBridge.java:168) ~[classes/:?]
	at org.apache.hadoop.hive.ql.udf.generic.GenericUDF.initializeAndFoldConstants(GenericUDF.java:149) ~[classes/:?]
	at org.apache.hadoop.hive.ql.exec.ExprNodeGenericFuncEvaluator.initialize(ExprNodeGenericFuncEvaluator.java:184) ~[classes/:?]
	at org.apache.hadoop.hive.ql.exec.Operator.initEvaluators(Operator.java:1073) ~[classes/:?]
	at org.apache.hadoop.hive.ql.exec.ReduceSinkOperator.process(ReduceSinkOperator.java:307) ~[classes/:?]
	at org.apache.hadoop.hive.ql.exec.vector.VectorReduceSinkOperator.process(VectorReduceSinkOperator.java:110) ~[classes/:?]
	at org.apache.hadoop.hive.ql.exec.Operator.vectorForward(Operator.java:919) ~[classes/:?]
	at org.apache.hadoop.hive.ql.exec.vector.VectorSelectOperator.process(VectorSelectOperator.java:158) ~[classes/:?]
	at org.apache.hadoop.hive.ql.exec.Operator.vectorForward(Operator.java:919) ~[classes/:?]
	at org.apache.hadoop.hive.ql.exec.vector.VectorFilterOperator.process(VectorFilterOperator.java:136) ~[classes/:?]
	at org.apache.hadoop.hive.ql.exec.Operator.vectorForward(Operator.java:919) ~[classes/:?]
	at org.apache.hadoop.hive.ql.exec.TableScanOperator.process(TableScanOperator.java:171) ~[classes/:?]
	at org.apache.hadoop.hive.ql.exec.vector.VectorMapOperator.deliverVectorizedRowBatch(VectorMapOperator.java:809) ~[classes/:?]
	at org.apache.hadoop.hive.ql.exec.vector.VectorMapOperator.process(VectorMapOperator.java:878) ~[classes/:?]
	at org.apache.hadoop.hive.ql.exec.mr.ExecMapper.map(ExecMapper.java:148) ~[classes/:?]
	at org.apache.hadoop.mapred.MapRunner.run(MapRunner.java:54) ~[hadoop-mapreduce-client-core-3.1.0.jar:?]
	at org.apache.hadoop.hive.ql.exec.mr.ExecMapRunner.run(ExecMapRunner.java:37) ~[classes/:?]
	at org.apache.hadoop.mapred.MapTask.runOldMapper(MapTask.java:465) ~[hadoop-mapreduce-client-core-3.1.0.jar:?]
	at org.apache.hadoop.mapred.MapTask.run(MapTask.java:349) ~[hadoop-mapreduce-client-core-3.1.0.jar:?]
	at org.apache.hadoop.mapred.LocalJobRunner$Job$MapTaskRunnable.run(LocalJobRunner.java:271) ~[hadoop-mapreduce-client-common-3.1.0.jar:?]
	at java.util.concurrent.Executors$RunnableAdapter.call(Executors.java:511) ~[?:1.8.0_402]
	at java.util.concurrent.FutureTask.run(FutureTask.java:266) ~[?:1.8.0_402]
	at java.util.concurrent.ThreadPoolExecutor.runWorker(ThreadPoolExecutor.java:1149) ~[?:1.8.0_402]
	at java.util.concurrent.ThreadPoolExecutor$Worker.run(ThreadPoolExecutor.java:624) ~[?:1.8.0_402]
	at java.lang.Thread.run(Thread.java:750) ~[?:1.8.0_402]
2024-04-24 01:10:09,319 Stage-1 map = 100%,  reduce = 0%
2024-04-24T01:10:09,320  INFO [main] exec.Task: 2024-04-24 01:10:09,319 Stage-1 map = 100%,  reduce = 0%
Ended Job = job_local1847080472_0037 with errors
2024-04-24T01:10:09,320 ERROR [main] exec.Task: Ended Job = job_local1847080472_0037 with errors
Error during job, obtaining debugging information...
2024-04-24T01:10:09,322 ERROR [Thread-3043] exec.Task: Error during job, obtaining debugging information...
2024-04-24T01:10:09,324  INFO [main] FileOperations: Deleting file:/home/alex/Repositories/hive/ql/target/tmp/org.apache.hadoop.hive.ql.TestTxnCommands-1713946100941/warehouse/acidtbl/_tmp.delete_delta_0000002_0000002_0000 on failure
FAILED: Execution Error, return code 2 from org.apache.hadoop.hive.ql.exec.mr.MapRedTask
2024-04-24T01:10:09,324 ERROR [main] ql.Driver: FAILED: Execution Error, return code 2 from org.apache.hadoop.hive.ql.exec.mr.MapRedTask
2024-04-24T01:10:09,324  INFO [main] metadata.Hive: Dumping metastore api call timing information for : execution phase
2024-04-24T01:10:09,324  INFO [main] metadata.Hive: Total time spent in each metastore function (ms): {}
MapReduce Jobs Launched: 
2024-04-24T01:10:09,324  INFO [main] ql.Driver: MapReduce Jobs Launched: 
Stage-Stage-1:  HDFS Read: 0 HDFS Write: 0 FAIL
2024-04-24T01:10:09,324  INFO [main] ql.Driver: Stage-Stage-1:  HDFS Read: 0 HDFS Write: 0 FAIL
Total MapReduce CPU Time Spent: 0 msec
2024-04-24T01:10:09,324  INFO [main] ql.Driver: Total MapReduce CPU Time Spent: 0 msec
2024-04-24T01:10:09,324  INFO [main] ql.Driver: Completed executing command(queryId=alex_20240424011007_9fcf7c14-cf32-49c4-bb40-ebed91a25376); Time taken: 1.294 seconds
2024-04-24T01:10:09,325  INFO [main] lockmgr.DbTxnManager: Stopped heartbeat for query: alex_20240424011007_9fcf7c14-cf32-49c4-bb40-ebed91a25376
2024-04-24T01:10:09,327  INFO [main] txn.TxnHandler: Removed transactions: ([15]) from MIN_HISTORY_LEVEL
2024-04-24T01:10:09,333  INFO [main] ql.TxnCommandsBaseForTests: Running the query: drop table if exists acidTbl
2024-04-24T01:10:09,333  INFO [main] ql.Context: Deleting scratch dir: file:/home/alex/Repositories/hive/ql/target/tmp/localscratchdir/c8e596ae-9366-4a59-b008-ea5f2c976cf2/hive_2024-04-24_01-10-07_813_9038253520152663150-1
2024-04-24T01:10:09,334  INFO [main] cleanup.SyncCleanupService: Deleted directory: file:/home/alex/Repositories/hive/ql/target/tmp/localscratchdir/c8e596ae-9366-4a59-b008-ea5f2c976cf2/hive_2024-04-24_01-10-07_813_9038253520152663150-1 on fs with scheme file
2024-04-24T01:10:09,334  INFO [main] ql.Context: Deleting scratch dir: file:/home/alex/Repositories/hive/ql/target/tmp/localscratchdir/c8e596ae-9366-4a59-b008-ea5f2c976cf2/hive_2024-04-24_01-10-07_806_758570095514458874-1
2024-04-24T01:10:09,334  INFO [main] cleanup.SyncCleanupService: Deleted directory: file:/home/alex/Repositories/hive/ql/target/tmp/localscratchdir/c8e596ae-9366-4a59-b008-ea5f2c976cf2/hive_2024-04-24_01-10-07_806_758570095514458874-1 on fs with scheme file
2024-04-24T01:10:09,334  INFO [main] ql.Driver: Compiling command(queryId=alex_20240424011009_26fdb81f-0850-4be2-8a35-0ecd7b3a1640): drop table if exists acidTbl
2024-04-24T01:10:09,337  INFO [main] txn.TxnHandler: Added entries to MIN_HISTORY_LEVEL for current txns: ([16]) with min_open_txn: 16
2024-04-24T01:10:09,337  INFO [main] lockmgr.DbTxnManager: Opened txnid:16
2024-04-24T01:10:09,338  INFO [main] HiveMetaStore.audit: ugi=alex	ip=unknown-ip-addr	cmd=get_table : tbl=hive.default.acidTbl	
2024-04-24T01:10:09,344  INFO [main] metastore.HMSHandler: Skipping translation for processor with null
2024-04-24T01:10:09,344  INFO [main] ql.Driver: Semantic Analysis Completed (retrial = false)
2024-04-24T01:10:09,344  INFO [main] ql.Driver: Created Hive schema: Schema(fieldSchemas:null, properties:null)
2024-04-24T01:10:09,344  INFO [main] metadata.Hive: Dumping metastore api call timing information for : compilation phase
2024-04-24T01:10:09,344  INFO [main] metadata.Hive: Total time spent in each metastore function (ms): {getValidTxns_(long)=0, isCompatibleWith_(Configuration)=0, openTxn_(String, TxnType)=2, flushCache_()=0, getTable_(GetTableRequest)=6, rollbackTxn_(long)=8}
2024-04-24T01:10:09,344  INFO [main] ql.Driver: Completed compiling command(queryId=alex_20240424011009_26fdb81f-0850-4be2-8a35-0ecd7b3a1640); Time taken: 0.01 seconds
2024-04-24T01:10:09,345  INFO [main] lockmgr.DbTxnManager: Setting lock request transaction to txnid:16 for queryId=alex_20240424011009_26fdb81f-0850-4be2-8a35-0ecd7b3a1640
2024-04-24T01:10:09,345  INFO [main] lockmgr.DbLockManager: Requesting lock for queryId=alex_20240424011009_26fdb81f-0850-4be2-8a35-0ecd7b3a1640
2024-04-24T01:10:09,359  INFO [main] lockmgr.DbLockManager: Response to queryId=alex_20240424011009_26fdb81f-0850-4be2-8a35-0ecd7b3a1640 LockResponse(lockid:10, state:ACQUIRED)
2024-04-24T01:10:09,359  INFO [main] ql.Driver: Operation DROPTABLE obtained 1 locks
2024-04-24T01:10:09,359  INFO [main] ql.Driver: Executing command(queryId=alex_20240424011009_26fdb81f-0850-4be2-8a35-0ecd7b3a1640): drop table if exists acidTbl
2024-04-24T01:10:09,359  INFO [main] ql.Driver: Starting task [Stage-0:DDL] in serial mode
2024-04-24T01:10:09,360  INFO [main] HiveMetaStore.audit: ugi=alex	ip=unknown-ip-addr	cmd=get_table : tbl=hive.default.acidTbl	
2024-04-24T01:10:09,365  INFO [main] metastore.HMSHandler: Skipping translation for processor with null
2024-04-24T01:10:09,366  INFO [main] HiveMetaStore.audit: ugi=alex	ip=unknown-ip-addr	cmd=get_table : tbl=hive.default.acidTbl	
2024-04-24T01:10:09,372  INFO [main] metastore.HMSHandler: Skipping translation for processor with null
2024-04-24T01:10:09,372  INFO [main] HiveMetaStore.audit: ugi=alex	ip=unknown-ip-addr	cmd=drop_table : tbl=hive.default.acidTbl	
2024-04-24T01:10:09,478  INFO [main] metadata.Hive: Dumping metastore api call timing information for : execution phase
2024-04-24T01:10:09,478  INFO [main] metadata.Hive: Total time spent in each metastore function (ms): {getTable_(GetTableRequest)=6, dropTable_(String, String, boolean, boolean, boolean)=112, isCompatibleWith_(Configuration)=0}
2024-04-24T01:10:09,478  INFO [main] ql.Driver: Completed executing command(queryId=alex_20240424011009_26fdb81f-0850-4be2-8a35-0ecd7b3a1640); Time taken: 0.119 seconds
2024-04-24T01:10:09,478  INFO [main] lockmgr.DbTxnManager: Stopped heartbeat for query: alex_20240424011009_26fdb81f-0850-4be2-8a35-0ecd7b3a1640
2024-04-24T01:10:09,482  INFO [main] txn.TxnHandler: Expected to move at least one record from txn_components to completed_txn_components when committing txn! txnid:16
2024-04-24T01:10:09,488  INFO [main] txn.TxnHandler: Removed transactions: ([16]) from MIN_HISTORY_LEVEL
2024-04-24T01:10:09,489  WARN [main] txn.CompactionTxnHandler: No compaction queue record found for Compaction type transaction commit. txnId:16
2024-04-24T01:10:09,489  INFO [main] ql.TxnCommandsBaseForTests: Running the query: drop table if exists acidTblPart
2024-04-24T01:10:09,490  INFO [main] ql.Driver: Compiling command(queryId=alex_20240424011009_d49b32c1-e440-47b0-a118-eb941270df58): drop table if exists acidTblPart
2024-04-24T01:10:09,492  INFO [main] txn.TxnHandler: Added entries to MIN_HISTORY_LEVEL for current txns: ([17]) with min_open_txn: 16
2024-04-24T01:10:09,493  INFO [main] lockmgr.DbTxnManager: Opened txnid:17
2024-04-24T01:10:09,494  INFO [main] HiveMetaStore.audit: ugi=alex	ip=unknown-ip-addr	cmd=get_table : tbl=hive.default.acidTblPart	
2024-04-24T01:10:09,503  INFO [main] metastore.HMSHandler: Skipping translation for processor with null
2024-04-24T01:10:09,504  INFO [main] ql.Driver: Semantic Analysis Completed (retrial = false)
2024-04-24T01:10:09,504  INFO [main] ql.Driver: Created Hive schema: Schema(fieldSchemas:null, properties:null)
2024-04-24T01:10:09,504  INFO [main] metadata.Hive: Dumping metastore api call timing information for : compilation phase
2024-04-24T01:10:09,504  INFO [main] metadata.Hive: Total time spent in each metastore function (ms): {commitTxn_(CommitTxnRequest)=11, getValidTxns_(long)=0, getTable_(GetTableRequest)=10, openTxn_(String, TxnType)=3, flushCache_()=0, isCompatibleWith_(Configuration)=0}
2024-04-24T01:10:09,504  INFO [main] ql.Driver: Completed compiling command(queryId=alex_20240424011009_d49b32c1-e440-47b0-a118-eb941270df58); Time taken: 0.014 seconds
2024-04-24T01:10:09,504  INFO [main] lockmgr.DbTxnManager: Setting lock request transaction to txnid:17 for queryId=alex_20240424011009_d49b32c1-e440-47b0-a118-eb941270df58
2024-04-24T01:10:09,505  INFO [main] lockmgr.DbLockManager: Requesting lock for queryId=alex_20240424011009_d49b32c1-e440-47b0-a118-eb941270df58
2024-04-24T01:10:09,523  INFO [main] lockmgr.DbLockManager: Response to queryId=alex_20240424011009_d49b32c1-e440-47b0-a118-eb941270df58 LockResponse(lockid:11, state:ACQUIRED)
2024-04-24T01:10:09,523  INFO [main] ql.Driver: Operation DROPTABLE obtained 1 locks
2024-04-24T01:10:09,523  INFO [main] ql.Driver: Executing command(queryId=alex_20240424011009_d49b32c1-e440-47b0-a118-eb941270df58): drop table if exists acidTblPart
2024-04-24T01:10:09,523  INFO [main] ql.Driver: Starting task [Stage-0:DDL] in serial mode
2024-04-24T01:10:09,523  INFO [main] HiveMetaStore.audit: ugi=alex	ip=unknown-ip-addr	cmd=get_table : tbl=hive.default.acidTblPart	
2024-04-24T01:10:09,529  INFO [main] metastore.HMSHandler: Skipping translation for processor with null
2024-04-24T01:10:09,529  INFO [main] HiveMetaStore.audit: ugi=alex	ip=unknown-ip-addr	cmd=get_table : tbl=hive.default.acidTblPart	
2024-04-24T01:10:09,535  INFO [main] metastore.HMSHandler: Skipping translation for processor with null
2024-04-24T01:10:09,536  INFO [main] HiveMetaStore.audit: ugi=alex	ip=unknown-ip-addr	cmd=drop_table : tbl=hive.default.acidTblPart	
2024-04-24T01:10:09,578  INFO [main] metadata.Hive: Dumping metastore api call timing information for : execution phase
2024-04-24T01:10:09,578  INFO [main] metadata.Hive: Total time spent in each metastore function (ms): {dropTable_(String, String, boolean, boolean, boolean)=49, getTable_(GetTableRequest)=6, isCompatibleWith_(Configuration)=0}
2024-04-24T01:10:09,578  INFO [main] ql.Driver: Completed executing command(queryId=alex_20240424011009_d49b32c1-e440-47b0-a118-eb941270df58); Time taken: 0.055 seconds
2024-04-24T01:10:09,578  INFO [main] lockmgr.DbTxnManager: Stopped heartbeat for query: alex_20240424011009_d49b32c1-e440-47b0-a118-eb941270df58
2024-04-24T01:10:09,582  INFO [main] txn.TxnHandler: Expected to move at least one record from txn_components to completed_txn_components when committing txn! txnid:17
2024-04-24T01:10:09,588  INFO [main] txn.TxnHandler: Removed transactions: ([17]) from MIN_HISTORY_LEVEL
2024-04-24T01:10:09,588  WARN [main] txn.CompactionTxnHandler: No compaction queue record found for Compaction type transaction commit. txnId:17
2024-04-24T01:10:09,589  INFO [main] ql.TxnCommandsBaseForTests: Running the query: drop table if exists acidTbl2
2024-04-24T01:10:09,589  INFO [main] ql.Driver: Compiling command(queryId=alex_20240424011009_44114eaa-b2c8-4ff3-bc12-66111e7ba2de): drop table if exists acidTbl2
2024-04-24T01:10:09,591  INFO [main] txn.TxnHandler: Added entries to MIN_HISTORY_LEVEL for current txns: ([18]) with min_open_txn: 16
2024-04-24T01:10:09,592  INFO [main] lockmgr.DbTxnManager: Opened txnid:18
2024-04-24T01:10:09,592  INFO [main] ql.Driver: Semantic Analysis Completed (retrial = false)
2024-04-24T01:10:09,592  INFO [main] ql.Driver: Created Hive schema: Schema(fieldSchemas:null, properties:null)
2024-04-24T01:10:09,592  INFO [main] metadata.Hive: Dumping metastore api call timing information for : compilation phase
2024-04-24T01:10:09,592  INFO [main] metadata.Hive: Total time spent in each metastore function (ms): {getTable_(GetTableRequest)=0, flushCache_()=0, commitTxn_(CommitTxnRequest)=10, getValidTxns_(long)=0, openTxn_(String, TxnType)=2, isCompatibleWith_(Configuration)=2}
2024-04-24T01:10:09,593  INFO [main] ql.Driver: Completed compiling command(queryId=alex_20240424011009_44114eaa-b2c8-4ff3-bc12-66111e7ba2de); Time taken: 0.003 seconds
2024-04-24T01:10:09,593  INFO [main] lockmgr.DbTxnManager: Setting lock request transaction to txnid:18 for queryId=alex_20240424011009_44114eaa-b2c8-4ff3-bc12-66111e7ba2de
2024-04-24T01:10:09,593  INFO [main] ql.Driver: Operation DROPTABLE obtained 0 locks
2024-04-24T01:10:09,593  INFO [main] ql.Driver: Executing command(queryId=alex_20240424011009_44114eaa-b2c8-4ff3-bc12-66111e7ba2de): drop table if exists acidTbl2
2024-04-24T01:10:09,593  INFO [main] ql.Driver: Starting task [Stage-0:DDL] in serial mode
2024-04-24T01:10:09,593  INFO [main] metadata.SessionHiveMetaStoreClient: Column stats doesn't exist for db=default temp table=acidTbl2
2024-04-24T01:10:09,594  INFO [main] metadata.Hive: Dumping metastore api call timing information for : execution phase
2024-04-24T01:10:09,594  INFO [main] metadata.Hive: Total time spent in each metastore function (ms): {dropTable_(String, String, boolean, boolean, boolean)=1, getTable_(GetTableRequest)=0, isCompatibleWith_(Configuration)=0}
2024-04-24T01:10:09,594  INFO [main] ql.Driver: Completed executing command(queryId=alex_20240424011009_44114eaa-b2c8-4ff3-bc12-66111e7ba2de); Time taken: 0.001 seconds
2024-04-24T01:10:09,594  INFO [main] lockmgr.DbTxnManager: Stopped heartbeat for query: alex_20240424011009_44114eaa-b2c8-4ff3-bc12-66111e7ba2de
2024-04-24T01:10:09,599  INFO [main] txn.TxnHandler: Expected to move at least one record from txn_components to completed_txn_components when committing txn! txnid:18
2024-04-24T01:10:09,605  INFO [main] txn.TxnHandler: Removed transactions: ([18]) from MIN_HISTORY_LEVEL
2024-04-24T01:10:09,605  WARN [main] txn.CompactionTxnHandler: No compaction queue record found for Compaction type transaction commit. txnId:18
2024-04-24T01:10:09,605  INFO [main] ql.TxnCommandsBaseForTests: Running the query: drop table if exists nonAcidOrcTbl
2024-04-24T01:10:09,606  INFO [main] ql.Driver: Compiling command(queryId=alex_20240424011009_034242c8-e1f6-44ee-9a10-685d43284bcd): drop table if exists nonAcidOrcTbl
2024-04-24T01:10:09,608  INFO [main] txn.TxnHandler: Added entries to MIN_HISTORY_LEVEL for current txns: ([19]) with min_open_txn: 16
2024-04-24T01:10:09,608  INFO [main] lockmgr.DbTxnManager: Opened txnid:19
2024-04-24T01:10:09,609  INFO [main] HiveMetaStore.audit: ugi=alex	ip=unknown-ip-addr	cmd=get_table : tbl=hive.default.nonAcidOrcTbl	
2024-04-24T01:10:09,630  INFO [main] metastore.HMSHandler: Skipping translation for processor with null
2024-04-24T01:10:09,630  INFO [main] ql.Driver: Semantic Analysis Completed (retrial = false)
2024-04-24T01:10:09,630  INFO [main] ql.Driver: Created Hive schema: Schema(fieldSchemas:null, properties:null)
2024-04-24T01:10:09,631  INFO [main] metadata.Hive: Dumping metastore api call timing information for : compilation phase
2024-04-24T01:10:09,631  INFO [main] metadata.Hive: Total time spent in each metastore function (ms): {flushCache_()=0, getValidTxns_(long)=1, commitTxn_(CommitTxnRequest)=11, openTxn_(String, TxnType)=2, isCompatibleWith_(Configuration)=0, getTable_(GetTableRequest)=21}
2024-04-24T01:10:09,631  INFO [main] ql.Driver: Completed compiling command(queryId=alex_20240424011009_034242c8-e1f6-44ee-9a10-685d43284bcd); Time taken: 0.025 seconds
2024-04-24T01:10:09,631  INFO [main] lockmgr.DbTxnManager: Setting lock request transaction to txnid:19 for queryId=alex_20240424011009_034242c8-e1f6-44ee-9a10-685d43284bcd
2024-04-24T01:10:09,632  INFO [main] lockmgr.DbLockManager: Requesting lock for queryId=alex_20240424011009_034242c8-e1f6-44ee-9a10-685d43284bcd
2024-04-24T01:10:09,647  INFO [main] lockmgr.DbLockManager: Response to queryId=alex_20240424011009_034242c8-e1f6-44ee-9a10-685d43284bcd LockResponse(lockid:12, state:ACQUIRED)
2024-04-24T01:10:09,647  INFO [main] ql.Driver: Operation DROPTABLE obtained 1 locks
2024-04-24T01:10:09,647  INFO [main] ql.Driver: Executing command(queryId=alex_20240424011009_034242c8-e1f6-44ee-9a10-685d43284bcd): drop table if exists nonAcidOrcTbl
2024-04-24T01:10:09,647  INFO [main] ql.Driver: Starting task [Stage-0:DDL] in serial mode
2024-04-24T01:10:09,647  INFO [main] HiveMetaStore.audit: ugi=alex	ip=unknown-ip-addr	cmd=get_table : tbl=hive.default.nonAcidOrcTbl	
2024-04-24T01:10:09,662  INFO [main] metastore.HMSHandler: Skipping translation for processor with null
2024-04-24T01:10:09,662  INFO [main] HiveMetaStore.audit: ugi=alex	ip=unknown-ip-addr	cmd=get_table : tbl=hive.default.nonAcidOrcTbl	
2024-04-24T01:10:09,670  INFO [main] metastore.HMSHandler: Skipping translation for processor with null
2024-04-24T01:10:09,670  INFO [main] HiveMetaStore.audit: ugi=alex	ip=unknown-ip-addr	cmd=drop_table : tbl=hive.default.nonAcidOrcTbl	
2024-04-24T01:10:09,742  INFO [main] metadata.Hive: Dumping metastore api call timing information for : execution phase
2024-04-24T01:10:09,742  INFO [main] metadata.Hive: Total time spent in each metastore function (ms): {isCompatibleWith_(Configuration)=0, dropTable_(String, String, boolean, boolean, boolean)=79, getTable_(GetTableRequest)=15}
2024-04-24T01:10:09,742  INFO [main] ql.Driver: Completed executing command(queryId=alex_20240424011009_034242c8-e1f6-44ee-9a10-685d43284bcd); Time taken: 0.095 seconds
2024-04-24T01:10:09,742  INFO [main] lockmgr.DbTxnManager: Stopped heartbeat for query: alex_20240424011009_034242c8-e1f6-44ee-9a10-685d43284bcd
2024-04-24T01:10:09,746  INFO [main] txn.TxnHandler: Expected to move at least one record from txn_components to completed_txn_components when committing txn! txnid:19
2024-04-24T01:10:09,753  INFO [main] txn.TxnHandler: Removed transactions: ([19]) from MIN_HISTORY_LEVEL
2024-04-24T01:10:09,753  WARN [main] txn.CompactionTxnHandler: No compaction queue record found for Compaction type transaction commit. txnId:19
2024-04-24T01:10:09,753  INFO [main] ql.TxnCommandsBaseForTests: Running the query: drop table if exists nonAcidOrcTbl2
2024-04-24T01:10:09,754  INFO [main] ql.Driver: Compiling command(queryId=alex_20240424011009_507b55eb-35e2-4644-92a4-f611ea2fc676): drop table if exists nonAcidOrcTbl2
2024-04-24T01:10:09,756  INFO [main] txn.TxnHandler: Added entries to MIN_HISTORY_LEVEL for current txns: ([20]) with min_open_txn: 16
2024-04-24T01:10:09,756  INFO [main] lockmgr.DbTxnManager: Opened txnid:20
2024-04-24T01:10:09,757  INFO [main] HiveMetaStore.audit: ugi=alex	ip=unknown-ip-addr	cmd=get_table : tbl=hive.default.nonAcidOrcTbl2	
2024-04-24T01:10:09,765  INFO [main] metastore.HMSHandler: Skipping translation for processor with null
2024-04-24T01:10:09,765  INFO [main] ql.Driver: Semantic Analysis Completed (retrial = false)
2024-04-24T01:10:09,765  INFO [main] ql.Driver: Created Hive schema: Schema(fieldSchemas:null, properties:null)
2024-04-24T01:10:09,765  INFO [main] metadata.Hive: Dumping metastore api call timing information for : compilation phase
2024-04-24T01:10:09,765  INFO [main] metadata.Hive: Total time spent in each metastore function (ms): {commitTxn_(CommitTxnRequest)=11, openTxn_(String, TxnType)=2, flushCache_()=0, getTable_(GetTableRequest)=8, isCompatibleWith_(Configuration)=0, getValidTxns_(long)=1}
2024-04-24T01:10:09,766  INFO [main] ql.Driver: Completed compiling command(queryId=alex_20240424011009_507b55eb-35e2-4644-92a4-f611ea2fc676); Time taken: 0.011 seconds
2024-04-24T01:10:09,766  INFO [main] lockmgr.DbTxnManager: Setting lock request transaction to txnid:20 for queryId=alex_20240424011009_507b55eb-35e2-4644-92a4-f611ea2fc676
2024-04-24T01:10:09,766  INFO [main] lockmgr.DbLockManager: Requesting lock for queryId=alex_20240424011009_507b55eb-35e2-4644-92a4-f611ea2fc676
2024-04-24T01:10:09,782  INFO [main] lockmgr.DbLockManager: Response to queryId=alex_20240424011009_507b55eb-35e2-4644-92a4-f611ea2fc676 LockResponse(lockid:13, state:ACQUIRED)
2024-04-24T01:10:09,782  INFO [main] ql.Driver: Operation DROPTABLE obtained 1 locks
2024-04-24T01:10:09,782  INFO [main] ql.Driver: Executing command(queryId=alex_20240424011009_507b55eb-35e2-4644-92a4-f611ea2fc676): drop table if exists nonAcidOrcTbl2
2024-04-24T01:10:09,782  INFO [main] ql.Driver: Starting task [Stage-0:DDL] in serial mode
2024-04-24T01:10:09,782  INFO [main] HiveMetaStore.audit: ugi=alex	ip=unknown-ip-addr	cmd=get_table : tbl=hive.default.nonAcidOrcTbl2	
2024-04-24T01:10:09,790  INFO [main] metastore.HMSHandler: Skipping translation for processor with null
2024-04-24T01:10:09,791  INFO [main] HiveMetaStore.audit: ugi=alex	ip=unknown-ip-addr	cmd=get_table : tbl=hive.default.nonAcidOrcTbl2	
2024-04-24T01:10:09,799  INFO [main] metastore.HMSHandler: Skipping translation for processor with null
2024-04-24T01:10:09,799  INFO [main] HiveMetaStore.audit: ugi=alex	ip=unknown-ip-addr	cmd=drop_table : tbl=hive.default.nonAcidOrcTbl2	
2024-04-24T01:10:09,828  INFO [main] metadata.Hive: Dumping metastore api call timing information for : execution phase
2024-04-24T01:10:09,828  INFO [main] metadata.Hive: Total time spent in each metastore function (ms): {dropTable_(String, String, boolean, boolean, boolean)=38, getTable_(GetTableRequest)=8, isCompatibleWith_(Configuration)=0}
2024-04-24T01:10:09,828  INFO [main] ql.Driver: Completed executing command(queryId=alex_20240424011009_507b55eb-35e2-4644-92a4-f611ea2fc676); Time taken: 0.046 seconds
2024-04-24T01:10:09,828  INFO [main] lockmgr.DbTxnManager: Stopped heartbeat for query: alex_20240424011009_507b55eb-35e2-4644-92a4-f611ea2fc676
2024-04-24T01:10:09,833  INFO [main] txn.TxnHandler: Expected to move at least one record from txn_components to completed_txn_components when committing txn! txnid:20
2024-04-24T01:10:09,839  INFO [main] txn.TxnHandler: Removed transactions: ([20]) from MIN_HISTORY_LEVEL
2024-04-24T01:10:09,839  WARN [main] txn.CompactionTxnHandler: No compaction queue record found for Compaction type transaction commit. txnId:20
2024-04-24T01:10:09,840  INFO [main] ql.TxnCommandsBaseForTests: Running the query: drop table if exists nonAcidNonBucket
2024-04-24T01:10:09,840  INFO [main] ql.Driver: Compiling command(queryId=alex_20240424011009_ce7aaab6-4917-40c5-bf95-d47c6ddccef6): drop table if exists nonAcidNonBucket
2024-04-24T01:10:09,842  INFO [main] txn.TxnHandler: Added entries to MIN_HISTORY_LEVEL for current txns: ([21]) with min_open_txn: 16
2024-04-24T01:10:09,843  INFO [main] lockmgr.DbTxnManager: Opened txnid:21
2024-04-24T01:10:09,843  INFO [main] HiveMetaStore.audit: ugi=alex	ip=unknown-ip-addr	cmd=get_table : tbl=hive.default.nonAcidNonBucket	
2024-04-24T01:10:09,851  INFO [main] metastore.HMSHandler: Skipping translation for processor with null
2024-04-24T01:10:09,852  INFO [main] ql.Driver: Semantic Analysis Completed (retrial = false)
2024-04-24T01:10:09,852  INFO [main] ql.Driver: Created Hive schema: Schema(fieldSchemas:null, properties:null)
2024-04-24T01:10:09,852  INFO [main] metadata.Hive: Dumping metastore api call timing information for : compilation phase
2024-04-24T01:10:09,852  INFO [main] metadata.Hive: Total time spent in each metastore function (ms): {isCompatibleWith_(Configuration)=2, getTable_(GetTableRequest)=9, flushCache_()=0, openTxn_(String, TxnType)=2, getValidTxns_(long)=0, commitTxn_(CommitTxnRequest)=11}
2024-04-24T01:10:09,852  INFO [main] ql.Driver: Completed compiling command(queryId=alex_20240424011009_ce7aaab6-4917-40c5-bf95-d47c6ddccef6); Time taken: 0.012 seconds
2024-04-24T01:10:09,852  INFO [main] lockmgr.DbTxnManager: Setting lock request transaction to txnid:21 for queryId=alex_20240424011009_ce7aaab6-4917-40c5-bf95-d47c6ddccef6
2024-04-24T01:10:09,853  INFO [main] lockmgr.DbLockManager: Requesting lock for queryId=alex_20240424011009_ce7aaab6-4917-40c5-bf95-d47c6ddccef6
2024-04-24T01:10:09,868  INFO [main] lockmgr.DbLockManager: Response to queryId=alex_20240424011009_ce7aaab6-4917-40c5-bf95-d47c6ddccef6 LockResponse(lockid:14, state:ACQUIRED)
2024-04-24T01:10:09,868  INFO [main] ql.Driver: Operation DROPTABLE obtained 1 locks
2024-04-24T01:10:09,868  INFO [main] ql.Driver: Executing command(queryId=alex_20240424011009_ce7aaab6-4917-40c5-bf95-d47c6ddccef6): drop table if exists nonAcidNonBucket
2024-04-24T01:10:09,868  INFO [main] ql.Driver: Starting task [Stage-0:DDL] in serial mode
2024-04-24T01:10:09,868  INFO [main] HiveMetaStore.audit: ugi=alex	ip=unknown-ip-addr	cmd=get_table : tbl=hive.default.nonAcidNonBucket	
2024-04-24T01:10:09,876  INFO [main] metastore.HMSHandler: Skipping translation for processor with null
2024-04-24T01:10:09,876  INFO [main] HiveMetaStore.audit: ugi=alex	ip=unknown-ip-addr	cmd=get_table : tbl=hive.default.nonAcidNonBucket	
2024-04-24T01:10:09,884  INFO [main] metastore.HMSHandler: Skipping translation for processor with null
2024-04-24T01:10:09,885  INFO [main] HiveMetaStore.audit: ugi=alex	ip=unknown-ip-addr	cmd=drop_table : tbl=hive.default.nonAcidNonBucket	
2024-04-24T01:10:09,914  INFO [main] metadata.Hive: Dumping metastore api call timing information for : execution phase
2024-04-24T01:10:09,914  INFO [main] metadata.Hive: Total time spent in each metastore function (ms): {dropTable_(String, String, boolean, boolean, boolean)=38, getTable_(GetTableRequest)=8, isCompatibleWith_(Configuration)=0}
2024-04-24T01:10:09,914  INFO [main] ql.Driver: Completed executing command(queryId=alex_20240424011009_ce7aaab6-4917-40c5-bf95-d47c6ddccef6); Time taken: 0.046 seconds
2024-04-24T01:10:09,914  INFO [main] lockmgr.DbTxnManager: Stopped heartbeat for query: alex_20240424011009_ce7aaab6-4917-40c5-bf95-d47c6ddccef6
2024-04-24T01:10:09,919  INFO [main] txn.TxnHandler: Expected to move at least one record from txn_components to completed_txn_components when committing txn! txnid:21
2024-04-24T01:10:09,925  INFO [main] txn.TxnHandler: Removed transactions: ([21]) from MIN_HISTORY_LEVEL
2024-04-24T01:10:09,925  WARN [main] txn.CompactionTxnHandler: No compaction queue record found for Compaction type transaction commit. txnId:21
2024-04-24T01:10:09,926  INFO [main] utils.TestTxnDbUtil: Cleaning transactional tables
]]></system-err>
  </testcase>
  <testcase name="truncateTableAdvancingWriteId" classname="org.apache.hadoop.hive.ql.TestTxnCommandsWithSplitUpdateAndVectorization" time="1.638"/>
  <testcase name="testAddAndDropConstraintAdvancingWriteIds" classname="org.apache.hadoop.hive.ql.TestTxnCommandsWithSplitUpdateAndVectorization" time="3.776"/>
  <testcase name="testMultipleInserts" classname="org.apache.hadoop.hive.ql.TestTxnCommandsWithSplitUpdateAndVectorization" time="7.225"/>
  <testcase name="testDeleteOfMultipleInserts" classname="org.apache.hadoop.hive.ql.TestTxnCommandsWithSplitUpdateAndVectorization" time="4.352">
    <error type="java.lang.RuntimeException"><![CDATA[java.lang.RuntimeException: delete from acidTbl where b = 2 failed: (responseCode = 40000, errorMessage = FAILED: NoMatchingMethodException No matching method for class org.apache.hadoop.hive.ql.udf.UDFToInteger with (struct<writeid:bigint,bucketid:int,rowid:bigint>). Possible choices: _FUNC_(bigint)  _FUNC_(boolean)  _FUNC_(decimal(38,18))  _FUNC_(double)  _FUNC_(float)  _FUNC_(smallint)  _FUNC_(string)  _FUNC_(struct<rowid:bigint,writeid:bigint,bucketid:int>)  _FUNC_(timestamp)  _FUNC_(tinyint)  _FUNC_(void)  , hiveErrorCode = 40000, SQLState = 42000, exception = No matching method for class org.apache.hadoop.hive.ql.udf.UDFToInteger with (struct<writeid:bigint,bucketid:int,rowid:bigint>). Possible choices: _FUNC_(bigint)  _FUNC_(boolean)  _FUNC_(decimal(38,18))  _FUNC_(double)  _FUNC_(float)  _FUNC_(smallint)  _FUNC_(string)  _FUNC_(struct<rowid:bigint,writeid:bigint,bucketid:int>)  _FUNC_(timestamp)  _FUNC_(tinyint)  _FUNC_(void)  )
	at org.apache.hadoop.hive.ql.TxnCommandsBaseForTests.runStatementOnDriver(TxnCommandsBaseForTests.java:247)
	at org.apache.hadoop.hive.ql.TestTxnCommands.testDeleteOfMultipleInserts(TestTxnCommands.java:826)
	at sun.reflect.NativeMethodAccessorImpl.invoke0(Native Method)
	at sun.reflect.NativeMethodAccessorImpl.invoke(NativeMethodAccessorImpl.java:62)
	at sun.reflect.DelegatingMethodAccessorImpl.invoke(DelegatingMethodAccessorImpl.java:43)
	at java.lang.reflect.Method.invoke(Method.java:498)
	at org.junit.runners.model.FrameworkMethod$1.runReflectiveCall(FrameworkMethod.java:59)
	at org.junit.internal.runners.model.ReflectiveCallable.run(ReflectiveCallable.java:12)
	at org.junit.runners.model.FrameworkMethod.invokeExplosively(FrameworkMethod.java:56)
	at org.junit.internal.runners.statements.InvokeMethod.evaluate(InvokeMethod.java:17)
	at org.junit.internal.runners.statements.RunBefores.evaluate(RunBefores.java:26)
	at org.junit.internal.runners.statements.RunAfters.evaluate(RunAfters.java:27)
	at org.junit.rules.TestWatcher$1.evaluate(TestWatcher.java:61)
	at org.junit.runners.ParentRunner$3.evaluate(ParentRunner.java:306)
	at org.junit.runners.BlockJUnit4ClassRunner$1.evaluate(BlockJUnit4ClassRunner.java:100)
	at org.junit.runners.ParentRunner.runLeaf(ParentRunner.java:366)
	at org.junit.runners.BlockJUnit4ClassRunner.runChild(BlockJUnit4ClassRunner.java:103)
	at org.junit.runners.BlockJUnit4ClassRunner.runChild(BlockJUnit4ClassRunner.java:63)
	at org.junit.runners.ParentRunner$4.run(ParentRunner.java:331)
	at org.junit.runners.ParentRunner$1.schedule(ParentRunner.java:79)
	at org.junit.runners.ParentRunner.runChildren(ParentRunner.java:329)
	at org.junit.runners.ParentRunner.access$100(ParentRunner.java:66)
	at org.junit.runners.ParentRunner$2.evaluate(ParentRunner.java:293)
	at org.junit.runners.ParentRunner$3.evaluate(ParentRunner.java:306)
	at org.junit.runners.ParentRunner.run(ParentRunner.java:413)
	at org.junit.runner.JUnitCore.run(JUnitCore.java:137)
	at org.junit.runner.JUnitCore.run(JUnitCore.java:115)
	at org.junit.vintage.engine.execution.RunnerExecutor.execute(RunnerExecutor.java:43)
	at java.util.stream.ForEachOps$ForEachOp$OfRef.accept(ForEachOps.java:183)
	at java.util.stream.ReferencePipeline$3$1.accept(ReferencePipeline.java:193)
	at java.util.Iterator.forEachRemaining(Iterator.java:116)
	at java.util.Spliterators$IteratorSpliterator.forEachRemaining(Spliterators.java:1801)
	at java.util.stream.AbstractPipeline.copyInto(AbstractPipeline.java:482)
	at java.util.stream.AbstractPipeline.wrapAndCopyInto(AbstractPipeline.java:472)
	at java.util.stream.ForEachOps$ForEachOp.evaluateSequential(ForEachOps.java:150)
	at java.util.stream.ForEachOps$ForEachOp$OfRef.evaluateSequential(ForEachOps.java:173)
	at java.util.stream.AbstractPipeline.evaluate(AbstractPipeline.java:234)
	at java.util.stream.ReferencePipeline.forEach(ReferencePipeline.java:485)
	at org.junit.vintage.engine.VintageTestEngine.executeAllChildren(VintageTestEngine.java:82)
	at org.junit.vintage.engine.VintageTestEngine.execute(VintageTestEngine.java:73)
	at org.junit.platform.launcher.core.DefaultLauncher.execute(DefaultLauncher.java:248)
	at org.junit.platform.launcher.core.DefaultLauncher.lambda$execute$5(DefaultLauncher.java:211)
	at org.junit.platform.launcher.core.DefaultLauncher.withInterceptedStreams(DefaultLauncher.java:226)
	at org.junit.platform.launcher.core.DefaultLauncher.execute(DefaultLauncher.java:199)
	at org.junit.platform.launcher.core.DefaultLauncher.execute(DefaultLauncher.java:132)
	at org.apache.maven.surefire.junitplatform.JUnitPlatformProvider.invokeAllTests(JUnitPlatformProvider.java:154)
	at org.apache.maven.surefire.junitplatform.JUnitPlatformProvider.invoke(JUnitPlatformProvider.java:123)
	at org.apache.maven.surefire.booter.ForkedBooter.runSuitesInProcess(ForkedBooter.java:377)
	at org.apache.maven.surefire.booter.ForkedBooter.execute(ForkedBooter.java:138)
	at org.apache.maven.surefire.booter.ForkedBooter.run(ForkedBooter.java:465)
	at org.apache.maven.surefire.booter.ForkedBooter.main(ForkedBooter.java:451)
]]></error>
    <system-err><![CDATA[2024-04-24T01:10:22,626  WARN [main] conf.HiveConf: HiveConf of name hive.metastore.client.cache.recordStats does not exist
2024-04-24T01:10:22,626  WARN [main] conf.HiveConf: HiveConf of name hive.metastore.client.cache.maxSize does not exist
2024-04-24T01:10:22,626  WARN [main] conf.HiveConf: HiveConf of name hive.dummyparam.test.server.specific.config.hivesite does not exist
2024-04-24T01:10:22,626  WARN [main] conf.HiveConf: HiveConf of name hive.llap.io.cache.orc.size does not exist
2024-04-24T01:10:22,626  WARN [main] conf.HiveConf: HiveConf of name hive.llap.io.cache.orc.alloc.min does not exist
2024-04-24T01:10:22,626  WARN [main] conf.HiveConf: HiveConf of name hive.stats.key.prefix.reserve.length does not exist
2024-04-24T01:10:22,626  WARN [main] conf.HiveConf: HiveConf of name hive.llap.io.cache.orc.arena.size does not exist
2024-04-24T01:10:22,626  WARN [main] conf.HiveConf: HiveConf of name hive.dummyparam.test.server.specific.config.override does not exist
2024-04-24T01:10:22,627  WARN [main] conf.HiveConf: HiveConf of name hive.dummyparam.test.server.specific.config.metastoresite does not exist
2024-04-24T01:10:22,627  WARN [main] conf.HiveConf: HiveConf of name hive.llap.io.cache.orc.alloc.max does not exist
2024-04-24T01:10:22,627  WARN [main] conf.HiveConf: HiveConf of name hive.metastore.metadb.dir does not exist
2024-04-24T01:10:22,628  INFO [main] utils.TestTxnDbUtil: Creating transactional tables
Hive Session ID = fa50f77f-ca48-441d-b9c9-21373b31a787
2024-04-24T01:10:22,630  INFO [main] SessionState: Hive Session ID = fa50f77f-ca48-441d-b9c9-21373b31a787
ivysettings.xml file not found in HIVE_HOME or HIVE_CONF_DIR,/home/alex/Repositories/hive/conf/ivysettings.xml will be used
2024-04-24T01:10:22,631  INFO [main] DependencyResolver: ivysettings.xml file not found in HIVE_HOME or HIVE_CONF_DIR,/home/alex/Repositories/hive/conf/ivysettings.xml will be used
2024-04-24T01:10:22,636  INFO [main] session.SessionState: Created HDFS directory: /home/alex/Repositories/hive/ql/target/tmp/scratchdir/alex/fa50f77f-ca48-441d-b9c9-21373b31a787
2024-04-24T01:10:22,639  INFO [main] session.SessionState: Created local directory: /home/alex/Repositories/hive/ql/target/tmp/localscratchdir/fa50f77f-ca48-441d-b9c9-21373b31a787
2024-04-24T01:10:22,641  INFO [main] session.SessionState: Created HDFS directory: /home/alex/Repositories/hive/ql/target/tmp/scratchdir/alex/fa50f77f-ca48-441d-b9c9-21373b31a787/_tmp_space.db
2024-04-24T01:10:22,641  INFO [main] sqlstd.SQLStdHiveAccessController: Created SQLStdHiveAccessController for session context : HiveAuthzSessionContext [sessionString=fa50f77f-ca48-441d-b9c9-21373b31a787, clientType=HIVECLI]
2024-04-24T01:10:22,642  INFO [main] ql.TxnCommandsBaseForTests: Running the query: drop table if exists acidTbl
2024-04-24T01:10:22,642  INFO [main] ql.Driver: Compiling command(queryId=alex_20240424011022_18f50f86-c696-4b6d-be5a-9aa20cafeb75): drop table if exists acidTbl
2024-04-24T01:10:22,651  INFO [main] txn.TxnHandler: Added entries to MIN_HISTORY_LEVEL for current txns: ([1]) with min_open_txn: 1
2024-04-24T01:10:22,651  INFO [main] lockmgr.DbTxnManager: Opened txnid:1
2024-04-24T01:10:22,654  INFO [main] HiveMetaStore.audit: ugi=alex	ip=unknown-ip-addr	cmd=get_table : tbl=hive.default.acidTbl	
2024-04-24T01:10:22,658  INFO [main] ql.Driver: Semantic Analysis Completed (retrial = false)
2024-04-24T01:10:22,658  INFO [main] ql.Driver: Created Hive schema: Schema(fieldSchemas:null, properties:null)
2024-04-24T01:10:22,658  INFO [main] metadata.Hive: Dumping metastore api call timing information for : compilation phase
2024-04-24T01:10:22,658  INFO [main] metadata.Hive: Total time spent in each metastore function (ms): {getValidTxns_(long)=2, commitTxn_(CommitTxnRequest)=9, openTxn_(String, TxnType)=8, isCompatibleWith_(Configuration)=1, flushCache_()=0}
2024-04-24T01:10:22,658  INFO [main] ql.Driver: Completed compiling command(queryId=alex_20240424011022_18f50f86-c696-4b6d-be5a-9aa20cafeb75); Time taken: 0.016 seconds
2024-04-24T01:10:22,659  INFO [main] lockmgr.DbTxnManager: Setting lock request transaction to txnid:1 for queryId=alex_20240424011022_18f50f86-c696-4b6d-be5a-9aa20cafeb75
2024-04-24T01:10:22,659  INFO [main] ql.Driver: Operation DROPTABLE obtained 0 locks
2024-04-24T01:10:22,659  INFO [main] ql.Driver: Executing command(queryId=alex_20240424011022_18f50f86-c696-4b6d-be5a-9aa20cafeb75): drop table if exists acidTbl
2024-04-24T01:10:22,659  INFO [main] ql.Driver: Starting task [Stage-0:DDL] in serial mode
2024-04-24T01:10:22,659  INFO [main] HiveMetaStore.audit: ugi=alex	ip=unknown-ip-addr	cmd=get_table : tbl=hive.default.acidTbl	
2024-04-24T01:10:22,664  INFO [main] metadata.Hive: Dumping metastore api call timing information for : execution phase
2024-04-24T01:10:22,664  INFO [main] metadata.Hive: Total time spent in each metastore function (ms): {isCompatibleWith_(Configuration)=0}
2024-04-24T01:10:22,664  INFO [main] ql.Driver: Completed executing command(queryId=alex_20240424011022_18f50f86-c696-4b6d-be5a-9aa20cafeb75); Time taken: 0.005 seconds
2024-04-24T01:10:22,665  INFO [main] lockmgr.DbTxnManager: Stopped heartbeat for query: alex_20240424011022_18f50f86-c696-4b6d-be5a-9aa20cafeb75
2024-04-24T01:10:22,670  INFO [main] txn.TxnHandler: Expected to move at least one record from txn_components to completed_txn_components when committing txn! txnid:1
2024-04-24T01:10:22,675  INFO [main] txn.TxnHandler: Removed transactions: ([1]) from MIN_HISTORY_LEVEL
2024-04-24T01:10:22,675  WARN [main] txn.CompactionTxnHandler: No compaction queue record found for Compaction type transaction commit. txnId:1
2024-04-24T01:10:22,675  INFO [main] ql.TxnCommandsBaseForTests: Running the query: drop table if exists acidTblPart
2024-04-24T01:10:22,675  INFO [main] ql.Driver: Compiling command(queryId=alex_20240424011022_cba4de39-e89c-42ea-8c0c-b96325bbef8b): drop table if exists acidTblPart
2024-04-24T01:10:22,677  INFO [main] txn.TxnHandler: Added entries to MIN_HISTORY_LEVEL for current txns: ([2]) with min_open_txn: 1
2024-04-24T01:10:22,678  INFO [main] lockmgr.DbTxnManager: Opened txnid:2
2024-04-24T01:10:22,678  INFO [main] HiveMetaStore.audit: ugi=alex	ip=unknown-ip-addr	cmd=get_table : tbl=hive.default.acidTblPart	
2024-04-24T01:10:22,681  INFO [main] ql.Driver: Semantic Analysis Completed (retrial = false)
2024-04-24T01:10:22,681  INFO [main] ql.Driver: Created Hive schema: Schema(fieldSchemas:null, properties:null)
2024-04-24T01:10:22,681  INFO [main] metadata.Hive: Dumping metastore api call timing information for : compilation phase
2024-04-24T01:10:22,681  INFO [main] metadata.Hive: Total time spent in each metastore function (ms): {isCompatibleWith_(Configuration)=0, commitTxn_(CommitTxnRequest)=10, flushCache_()=0, getValidTxns_(long)=0, openTxn_(String, TxnType)=2}
2024-04-24T01:10:22,681  INFO [main] ql.Driver: Completed compiling command(queryId=alex_20240424011022_cba4de39-e89c-42ea-8c0c-b96325bbef8b); Time taken: 0.006 seconds
2024-04-24T01:10:22,682  INFO [main] lockmgr.DbTxnManager: Setting lock request transaction to txnid:2 for queryId=alex_20240424011022_cba4de39-e89c-42ea-8c0c-b96325bbef8b
2024-04-24T01:10:22,682  INFO [main] ql.Driver: Operation DROPTABLE obtained 0 locks
2024-04-24T01:10:22,682  INFO [main] ql.Driver: Executing command(queryId=alex_20240424011022_cba4de39-e89c-42ea-8c0c-b96325bbef8b): drop table if exists acidTblPart
2024-04-24T01:10:22,682  INFO [main] ql.Driver: Starting task [Stage-0:DDL] in serial mode
2024-04-24T01:10:22,682  INFO [main] HiveMetaStore.audit: ugi=alex	ip=unknown-ip-addr	cmd=get_table : tbl=hive.default.acidTblPart	
2024-04-24T01:10:22,685  INFO [main] metadata.Hive: Dumping metastore api call timing information for : execution phase
2024-04-24T01:10:22,685  INFO [main] metadata.Hive: Total time spent in each metastore function (ms): {isCompatibleWith_(Configuration)=0}
2024-04-24T01:10:22,685  INFO [main] ql.Driver: Completed executing command(queryId=alex_20240424011022_cba4de39-e89c-42ea-8c0c-b96325bbef8b); Time taken: 0.003 seconds
2024-04-24T01:10:22,685  INFO [main] lockmgr.DbTxnManager: Stopped heartbeat for query: alex_20240424011022_cba4de39-e89c-42ea-8c0c-b96325bbef8b
2024-04-24T01:10:22,689  INFO [main] txn.TxnHandler: Expected to move at least one record from txn_components to completed_txn_components when committing txn! txnid:2
2024-04-24T01:10:22,694  INFO [main] txn.TxnHandler: Removed transactions: ([2]) from MIN_HISTORY_LEVEL
2024-04-24T01:10:22,694  WARN [main] txn.CompactionTxnHandler: No compaction queue record found for Compaction type transaction commit. txnId:2
2024-04-24T01:10:22,695  INFO [main] ql.TxnCommandsBaseForTests: Running the query: drop table if exists acidTbl2
2024-04-24T01:10:22,695  INFO [main] ql.Driver: Compiling command(queryId=alex_20240424011022_be06bd93-1ed7-4cef-ab0f-330d1b0f331d): drop table if exists acidTbl2
2024-04-24T01:10:22,697  INFO [main] txn.TxnHandler: Added entries to MIN_HISTORY_LEVEL for current txns: ([3]) with min_open_txn: 1
2024-04-24T01:10:22,698  INFO [main] lockmgr.DbTxnManager: Opened txnid:3
2024-04-24T01:10:22,698  INFO [main] HiveMetaStore.audit: ugi=alex	ip=unknown-ip-addr	cmd=get_table : tbl=hive.default.acidTbl2	
2024-04-24T01:10:22,701  INFO [main] ql.Driver: Semantic Analysis Completed (retrial = false)
2024-04-24T01:10:22,701  INFO [main] ql.Driver: Created Hive schema: Schema(fieldSchemas:null, properties:null)
2024-04-24T01:10:22,701  INFO [main] metadata.Hive: Dumping metastore api call timing information for : compilation phase
2024-04-24T01:10:22,701  INFO [main] metadata.Hive: Total time spent in each metastore function (ms): {flushCache_()=1, isCompatibleWith_(Configuration)=0, commitTxn_(CommitTxnRequest)=10, getValidTxns_(long)=0, openTxn_(String, TxnType)=2}
2024-04-24T01:10:22,701  INFO [main] ql.Driver: Completed compiling command(queryId=alex_20240424011022_be06bd93-1ed7-4cef-ab0f-330d1b0f331d); Time taken: 0.006 seconds
2024-04-24T01:10:22,701  INFO [main] lockmgr.DbTxnManager: Setting lock request transaction to txnid:3 for queryId=alex_20240424011022_be06bd93-1ed7-4cef-ab0f-330d1b0f331d
2024-04-24T01:10:22,701  INFO [main] ql.Driver: Operation DROPTABLE obtained 0 locks
2024-04-24T01:10:22,701  INFO [main] ql.Driver: Executing command(queryId=alex_20240424011022_be06bd93-1ed7-4cef-ab0f-330d1b0f331d): drop table if exists acidTbl2
2024-04-24T01:10:22,701  INFO [main] ql.Driver: Starting task [Stage-0:DDL] in serial mode
2024-04-24T01:10:22,702  INFO [main] HiveMetaStore.audit: ugi=alex	ip=unknown-ip-addr	cmd=get_table : tbl=hive.default.acidTbl2	
2024-04-24T01:10:22,704  INFO [main] metadata.Hive: Dumping metastore api call timing information for : execution phase
2024-04-24T01:10:22,704  INFO [main] metadata.Hive: Total time spent in each metastore function (ms): {isCompatibleWith_(Configuration)=1}
2024-04-24T01:10:22,705  INFO [main] ql.Driver: Completed executing command(queryId=alex_20240424011022_be06bd93-1ed7-4cef-ab0f-330d1b0f331d); Time taken: 0.003 seconds
2024-04-24T01:10:22,705  INFO [main] lockmgr.DbTxnManager: Stopped heartbeat for query: alex_20240424011022_be06bd93-1ed7-4cef-ab0f-330d1b0f331d
2024-04-24T01:10:22,709  INFO [main] txn.TxnHandler: Expected to move at least one record from txn_components to completed_txn_components when committing txn! txnid:3
2024-04-24T01:10:22,713  INFO [main] txn.TxnHandler: Removed transactions: ([3]) from MIN_HISTORY_LEVEL
2024-04-24T01:10:22,713  WARN [main] txn.CompactionTxnHandler: No compaction queue record found for Compaction type transaction commit. txnId:3
2024-04-24T01:10:22,713  INFO [main] ql.TxnCommandsBaseForTests: Running the query: drop table if exists nonAcidOrcTbl
2024-04-24T01:10:22,714  INFO [main] ql.Driver: Compiling command(queryId=alex_20240424011022_a54532c9-9fc9-4272-ad10-e71652f3a993): drop table if exists nonAcidOrcTbl
2024-04-24T01:10:22,715  INFO [main] txn.TxnHandler: Added entries to MIN_HISTORY_LEVEL for current txns: ([4]) with min_open_txn: 1
2024-04-24T01:10:22,716  INFO [main] lockmgr.DbTxnManager: Opened txnid:4
2024-04-24T01:10:22,716  INFO [main] HiveMetaStore.audit: ugi=alex	ip=unknown-ip-addr	cmd=get_table : tbl=hive.default.nonAcidOrcTbl	
2024-04-24T01:10:22,719  INFO [main] ql.Driver: Semantic Analysis Completed (retrial = false)
2024-04-24T01:10:22,719  INFO [main] ql.Driver: Created Hive schema: Schema(fieldSchemas:null, properties:null)
2024-04-24T01:10:22,719  INFO [main] metadata.Hive: Dumping metastore api call timing information for : compilation phase
2024-04-24T01:10:22,719  INFO [main] metadata.Hive: Total time spent in each metastore function (ms): {isCompatibleWith_(Configuration)=0, getValidTxns_(long)=0, openTxn_(String, TxnType)=2, commitTxn_(CommitTxnRequest)=8, flushCache_()=0}
2024-04-24T01:10:22,719  INFO [main] ql.Driver: Completed compiling command(queryId=alex_20240424011022_a54532c9-9fc9-4272-ad10-e71652f3a993); Time taken: 0.005 seconds
2024-04-24T01:10:22,720  INFO [main] lockmgr.DbTxnManager: Setting lock request transaction to txnid:4 for queryId=alex_20240424011022_a54532c9-9fc9-4272-ad10-e71652f3a993
2024-04-24T01:10:22,720  INFO [main] ql.Driver: Operation DROPTABLE obtained 0 locks
2024-04-24T01:10:22,720  INFO [main] ql.Driver: Executing command(queryId=alex_20240424011022_a54532c9-9fc9-4272-ad10-e71652f3a993): drop table if exists nonAcidOrcTbl
2024-04-24T01:10:22,720  INFO [main] ql.Driver: Starting task [Stage-0:DDL] in serial mode
2024-04-24T01:10:22,720  INFO [main] HiveMetaStore.audit: ugi=alex	ip=unknown-ip-addr	cmd=get_table : tbl=hive.default.nonAcidOrcTbl	
2024-04-24T01:10:22,723  INFO [main] metadata.Hive: Dumping metastore api call timing information for : execution phase
2024-04-24T01:10:22,723  INFO [main] metadata.Hive: Total time spent in each metastore function (ms): {isCompatibleWith_(Configuration)=0}
2024-04-24T01:10:22,723  INFO [main] ql.Driver: Completed executing command(queryId=alex_20240424011022_a54532c9-9fc9-4272-ad10-e71652f3a993); Time taken: 0.003 seconds
2024-04-24T01:10:22,723  INFO [main] lockmgr.DbTxnManager: Stopped heartbeat for query: alex_20240424011022_a54532c9-9fc9-4272-ad10-e71652f3a993
2024-04-24T01:10:22,727  INFO [main] txn.TxnHandler: Expected to move at least one record from txn_components to completed_txn_components when committing txn! txnid:4
2024-04-24T01:10:22,731  INFO [main] txn.TxnHandler: Removed transactions: ([4]) from MIN_HISTORY_LEVEL
2024-04-24T01:10:22,731  WARN [main] txn.CompactionTxnHandler: No compaction queue record found for Compaction type transaction commit. txnId:4
2024-04-24T01:10:22,732  INFO [main] ql.TxnCommandsBaseForTests: Running the query: drop table if exists nonAcidOrcTbl2
2024-04-24T01:10:22,732  INFO [main] ql.Driver: Compiling command(queryId=alex_20240424011022_1286331a-7f93-4805-8e85-fa8b4e545487): drop table if exists nonAcidOrcTbl2
2024-04-24T01:10:22,734  INFO [main] txn.TxnHandler: Added entries to MIN_HISTORY_LEVEL for current txns: ([5]) with min_open_txn: 1
2024-04-24T01:10:22,734  INFO [main] lockmgr.DbTxnManager: Opened txnid:5
2024-04-24T01:10:22,735  INFO [main] HiveMetaStore.audit: ugi=alex	ip=unknown-ip-addr	cmd=get_table : tbl=hive.default.nonAcidOrcTbl2	
2024-04-24T01:10:22,737  INFO [main] ql.Driver: Semantic Analysis Completed (retrial = false)
2024-04-24T01:10:22,737  INFO [main] ql.Driver: Created Hive schema: Schema(fieldSchemas:null, properties:null)
2024-04-24T01:10:22,737  INFO [main] metadata.Hive: Dumping metastore api call timing information for : compilation phase
2024-04-24T01:10:22,738  INFO [main] metadata.Hive: Total time spent in each metastore function (ms): {openTxn_(String, TxnType)=2, isCompatibleWith_(Configuration)=0, flushCache_()=0, getValidTxns_(long)=1, commitTxn_(CommitTxnRequest)=9}
2024-04-24T01:10:22,738  INFO [main] ql.Driver: Completed compiling command(queryId=alex_20240424011022_1286331a-7f93-4805-8e85-fa8b4e545487); Time taken: 0.005 seconds
2024-04-24T01:10:22,738  INFO [main] lockmgr.DbTxnManager: Setting lock request transaction to txnid:5 for queryId=alex_20240424011022_1286331a-7f93-4805-8e85-fa8b4e545487
2024-04-24T01:10:22,738  INFO [main] ql.Driver: Operation DROPTABLE obtained 0 locks
2024-04-24T01:10:22,738  INFO [main] ql.Driver: Executing command(queryId=alex_20240424011022_1286331a-7f93-4805-8e85-fa8b4e545487): drop table if exists nonAcidOrcTbl2
2024-04-24T01:10:22,738  INFO [main] ql.Driver: Starting task [Stage-0:DDL] in serial mode
2024-04-24T01:10:22,738  INFO [main] HiveMetaStore.audit: ugi=alex	ip=unknown-ip-addr	cmd=get_table : tbl=hive.default.nonAcidOrcTbl2	
2024-04-24T01:10:22,741  INFO [main] metadata.Hive: Dumping metastore api call timing information for : execution phase
2024-04-24T01:10:22,741  INFO [main] metadata.Hive: Total time spent in each metastore function (ms): {isCompatibleWith_(Configuration)=0}
2024-04-24T01:10:22,741  INFO [main] ql.Driver: Completed executing command(queryId=alex_20240424011022_1286331a-7f93-4805-8e85-fa8b4e545487); Time taken: 0.003 seconds
2024-04-24T01:10:22,741  INFO [main] lockmgr.DbTxnManager: Stopped heartbeat for query: alex_20240424011022_1286331a-7f93-4805-8e85-fa8b4e545487
2024-04-24T01:10:22,745  INFO [main] txn.TxnHandler: Expected to move at least one record from txn_components to completed_txn_components when committing txn! txnid:5
2024-04-24T01:10:22,750  INFO [main] txn.TxnHandler: Removed transactions: ([5]) from MIN_HISTORY_LEVEL
2024-04-24T01:10:22,750  WARN [main] txn.CompactionTxnHandler: No compaction queue record found for Compaction type transaction commit. txnId:5
2024-04-24T01:10:22,751  INFO [main] ql.TxnCommandsBaseForTests: Running the query: drop table if exists nonAcidNonBucket
2024-04-24T01:10:22,751  INFO [main] ql.Driver: Compiling command(queryId=alex_20240424011022_80161733-5015-4aa9-8cf2-c7c681fe6b59): drop table if exists nonAcidNonBucket
2024-04-24T01:10:22,753  INFO [main] txn.TxnHandler: Added entries to MIN_HISTORY_LEVEL for current txns: ([6]) with min_open_txn: 1
2024-04-24T01:10:22,753  INFO [main] lockmgr.DbTxnManager: Opened txnid:6
2024-04-24T01:10:22,754  INFO [main] HiveMetaStore.audit: ugi=alex	ip=unknown-ip-addr	cmd=get_table : tbl=hive.default.nonAcidNonBucket	
2024-04-24T01:10:22,757  INFO [main] ql.Driver: Semantic Analysis Completed (retrial = false)
2024-04-24T01:10:22,757  INFO [main] ql.Driver: Created Hive schema: Schema(fieldSchemas:null, properties:null)
2024-04-24T01:10:22,757  INFO [main] metadata.Hive: Dumping metastore api call timing information for : compilation phase
2024-04-24T01:10:22,757  INFO [main] metadata.Hive: Total time spent in each metastore function (ms): {flushCache_()=0, getValidTxns_(long)=0, openTxn_(String, TxnType)=1, isCompatibleWith_(Configuration)=0, commitTxn_(CommitTxnRequest)=9}
2024-04-24T01:10:22,757  INFO [main] ql.Driver: Completed compiling command(queryId=alex_20240424011022_80161733-5015-4aa9-8cf2-c7c681fe6b59); Time taken: 0.006 seconds
2024-04-24T01:10:22,757  INFO [main] lockmgr.DbTxnManager: Setting lock request transaction to txnid:6 for queryId=alex_20240424011022_80161733-5015-4aa9-8cf2-c7c681fe6b59
2024-04-24T01:10:22,757  INFO [main] ql.Driver: Operation DROPTABLE obtained 0 locks
2024-04-24T01:10:22,757  INFO [main] ql.Driver: Executing command(queryId=alex_20240424011022_80161733-5015-4aa9-8cf2-c7c681fe6b59): drop table if exists nonAcidNonBucket
2024-04-24T01:10:22,758  INFO [main] ql.Driver: Starting task [Stage-0:DDL] in serial mode
2024-04-24T01:10:22,758  INFO [main] HiveMetaStore.audit: ugi=alex	ip=unknown-ip-addr	cmd=get_table : tbl=hive.default.nonAcidNonBucket	
2024-04-24T01:10:22,761  INFO [main] metadata.Hive: Dumping metastore api call timing information for : execution phase
2024-04-24T01:10:22,761  INFO [main] metadata.Hive: Total time spent in each metastore function (ms): {isCompatibleWith_(Configuration)=0}
2024-04-24T01:10:22,761  INFO [main] ql.Driver: Completed executing command(queryId=alex_20240424011022_80161733-5015-4aa9-8cf2-c7c681fe6b59); Time taken: 0.004 seconds
2024-04-24T01:10:22,761  INFO [main] lockmgr.DbTxnManager: Stopped heartbeat for query: alex_20240424011022_80161733-5015-4aa9-8cf2-c7c681fe6b59
2024-04-24T01:10:22,765  INFO [main] txn.TxnHandler: Expected to move at least one record from txn_components to completed_txn_components when committing txn! txnid:6
2024-04-24T01:10:22,769  INFO [main] txn.TxnHandler: Removed transactions: ([6]) from MIN_HISTORY_LEVEL
2024-04-24T01:10:22,770  WARN [main] txn.CompactionTxnHandler: No compaction queue record found for Compaction type transaction commit. txnId:6
2024-04-24T01:10:22,770  INFO [main] ql.TxnCommandsBaseForTests: Running the query: create table acidTbl(a int, b int) clustered by (a) into 2 buckets stored as orc TBLPROPERTIES ('transactional'='true')
2024-04-24T01:10:22,770  INFO [main] ql.Driver: Compiling command(queryId=alex_20240424011022_7f7d15ef-1081-4f01-ba3d-3040344e6a29): create table acidTbl(a int, b int) clustered by (a) into 2 buckets stored as orc TBLPROPERTIES ('transactional'='true')
2024-04-24T01:10:22,772  INFO [main] txn.TxnHandler: Added entries to MIN_HISTORY_LEVEL for current txns: ([7]) with min_open_txn: 1
2024-04-24T01:10:22,772  INFO [main] lockmgr.DbTxnManager: Opened txnid:7
2024-04-24T01:10:22,773  INFO [main] parse.CalcitePlanner: Starting caching scope for: 
2024-04-24T01:10:22,773  INFO [main] parse.CalcitePlanner: Starting Semantic Analysis
2024-04-24T01:10:22,778  INFO [main] parse.CalcitePlanner: Creating table default.acidTbl position=13
2024-04-24T01:10:22,778  INFO [main] HiveMetaStore.audit: ugi=alex	ip=unknown-ip-addr	cmd=get_database: default	
2024-04-24T01:10:22,780  INFO [main] parse.CalcitePlanner: Ending caching scope for: 
2024-04-24T01:10:22,780  INFO [main] ql.Driver: Semantic Analysis Completed (retrial = false)
2024-04-24T01:10:22,780  INFO [main] ql.Driver: Created Hive schema: Schema(fieldSchemas:null, properties:null)
2024-04-24T01:10:22,780  INFO [main] metadata.Hive: Dumping metastore api call timing information for : compilation phase
2024-04-24T01:10:22,780  INFO [main] metadata.Hive: Total time spent in each metastore function (ms): {flushCache_()=1, openTxn_(String, TxnType)=1, getValidTxns_(long)=0, getDatabase_(String)=2, isCompatibleWith_(Configuration)=1, commitTxn_(CommitTxnRequest)=9, getValidWriteIds_(List, String)=5}
2024-04-24T01:10:22,780  INFO [main] ql.Driver: Completed compiling command(queryId=alex_20240424011022_7f7d15ef-1081-4f01-ba3d-3040344e6a29); Time taken: 0.01 seconds
2024-04-24T01:10:22,781  INFO [main] lockmgr.DbTxnManager: Setting lock request transaction to txnid:7 for queryId=alex_20240424011022_7f7d15ef-1081-4f01-ba3d-3040344e6a29
2024-04-24T01:10:22,781  INFO [main] lockmgr.DbLockManager: Requesting lock for queryId=alex_20240424011022_7f7d15ef-1081-4f01-ba3d-3040344e6a29
2024-04-24T01:10:22,796  INFO [main] lockmgr.DbLockManager: Response to queryId=alex_20240424011022_7f7d15ef-1081-4f01-ba3d-3040344e6a29 LockResponse(lockid:1, state:ACQUIRED)
2024-04-24T01:10:22,796  INFO [main] ql.Driver: Operation CREATETABLE obtained 1 locks
2024-04-24T01:10:22,796  INFO [main] ql.Driver: Executing command(queryId=alex_20240424011022_7f7d15ef-1081-4f01-ba3d-3040344e6a29): create table acidTbl(a int, b int) clustered by (a) into 2 buckets stored as orc TBLPROPERTIES ('transactional'='true')
2024-04-24T01:10:22,797  INFO [main] ql.Driver: Starting task [Stage-0:DDL] in serial mode
2024-04-24T01:10:22,798  INFO [main] HiveMetaStore.audit: ugi=alex	ip=unknown-ip-addr	cmd=create_table_req: Table(tableName:acidTbl, dbName:default, owner:alex, createTime:1713946222, lastAccessTime:0, retention:0, sd:StorageDescriptor(cols:[FieldSchema(name:a, type:int, comment:null), FieldSchema(name:b, type:int, comment:null)], location:null, inputFormat:org.apache.hadoop.hive.ql.io.orc.OrcInputFormat, outputFormat:org.apache.hadoop.hive.ql.io.orc.OrcOutputFormat, compressed:false, numBuckets:2, serdeInfo:SerDeInfo(name:null, serializationLib:org.apache.hadoop.hive.ql.io.orc.OrcSerde, parameters:{serialization.format=1}), bucketCols:[a], sortCols:[], parameters:{}, skewedInfo:SkewedInfo(skewedColNames:[], skewedColValues:[], skewedColValueLocationMaps:{}), storedAsSubDirectories:false), partitionKeys:[], parameters:{numRows=0, totalSize=0, rawDataSize=0, bucketing_version=2, numFilesErasureCoded=0, transactional=true, COLUMN_STATS_ACCURATE={"BASIC_STATS":"true","COLUMN_STATS":{"a":"true","b":"true"}}, numFiles=0}, viewOriginalText:null, viewExpandedText:null, tableType:MANAGED_TABLE, privileges:PrincipalPrivilegeSet(userPrivileges:{alex=[PrivilegeGrantInfo(privilege:INSERT, createTime:-1, grantor:alex, grantorType:USER, grantOption:true), PrivilegeGrantInfo(privilege:SELECT, createTime:-1, grantor:alex, grantorType:USER, grantOption:true), PrivilegeGrantInfo(privilege:UPDATE, createTime:-1, grantor:alex, grantorType:USER, grantOption:true), PrivilegeGrantInfo(privilege:DELETE, createTime:-1, grantor:alex, grantorType:USER, grantOption:true)]}, groupPrivileges:null, rolePrivileges:null), temporary:false, catName:hive, ownerType:USER, writeId:0)	
2024-04-24T01:10:22,804  INFO [main] utils.FileUtils: Creating directory if it doesn't exist: file:/home/alex/Repositories/hive/ql/target/tmp/org.apache.hadoop.hive.ql.TestTxnCommands-1713946100941/warehouse/acidtbl
2024-04-24T01:10:22,834  INFO [main] metadata.Hive: Dumping metastore api call timing information for : execution phase
2024-04-24T01:10:22,834  INFO [main] metadata.Hive: Total time spent in each metastore function (ms): {isCompatibleWith_(Configuration)=0, createTable_(Table)=36}
2024-04-24T01:10:22,834  INFO [main] ql.Driver: Completed executing command(queryId=alex_20240424011022_7f7d15ef-1081-4f01-ba3d-3040344e6a29); Time taken: 0.038 seconds
2024-04-24T01:10:22,834  INFO [main] lockmgr.DbTxnManager: Stopped heartbeat for query: alex_20240424011022_7f7d15ef-1081-4f01-ba3d-3040344e6a29
2024-04-24T01:10:22,837  INFO [main] txn.TxnHandler: Expected to move at least one record from txn_components to completed_txn_components when committing txn! txnid:7
2024-04-24T01:10:22,842  INFO [main] txn.TxnHandler: Removed transactions: ([7]) from MIN_HISTORY_LEVEL
2024-04-24T01:10:22,842  WARN [main] txn.CompactionTxnHandler: No compaction queue record found for Compaction type transaction commit. txnId:7
2024-04-24T01:10:22,842  INFO [main] ql.TxnCommandsBaseForTests: Running the query: create table acidTblPart(a int, b int) partitioned by (p string) clustered by (a) into 2 buckets stored as orc TBLPROPERTIES ('transactional'='true')
2024-04-24T01:10:22,843  INFO [main] ql.Driver: Compiling command(queryId=alex_20240424011022_6dc586b1-82aa-4caf-b7bf-73f38e8578dc): create table acidTblPart(a int, b int) partitioned by (p string) clustered by (a) into 2 buckets stored as orc TBLPROPERTIES ('transactional'='true')
2024-04-24T01:10:22,845  INFO [main] txn.TxnHandler: Added entries to MIN_HISTORY_LEVEL for current txns: ([8]) with min_open_txn: 1
2024-04-24T01:10:22,845  INFO [main] lockmgr.DbTxnManager: Opened txnid:8
2024-04-24T01:10:22,846  INFO [main] parse.CalcitePlanner: Starting caching scope for: 
2024-04-24T01:10:22,846  INFO [main] parse.CalcitePlanner: Starting Semantic Analysis
2024-04-24T01:10:22,848  INFO [main] parse.CalcitePlanner: Creating table default.acidTblPart position=13
2024-04-24T01:10:22,848  INFO [main] HiveMetaStore.audit: ugi=alex	ip=unknown-ip-addr	cmd=get_database: default	
2024-04-24T01:10:22,850  INFO [main] parse.CalcitePlanner: Ending caching scope for: 
2024-04-24T01:10:22,850  INFO [main] ql.Driver: Semantic Analysis Completed (retrial = false)
2024-04-24T01:10:22,850  INFO [main] ql.Driver: Created Hive schema: Schema(fieldSchemas:null, properties:null)
2024-04-24T01:10:22,850  INFO [main] metadata.Hive: Dumping metastore api call timing information for : compilation phase
2024-04-24T01:10:22,851  INFO [main] metadata.Hive: Total time spent in each metastore function (ms): {getValidWriteIds_(List, String)=2, flushCache_()=0, getDatabase_(String)=2, commitTxn_(CommitTxnRequest)=8, openTxn_(String, TxnType)=2, isCompatibleWith_(Configuration)=0, getValidTxns_(long)=1}
2024-04-24T01:10:22,851  INFO [main] ql.Driver: Completed compiling command(queryId=alex_20240424011022_6dc586b1-82aa-4caf-b7bf-73f38e8578dc); Time taken: 0.007 seconds
2024-04-24T01:10:22,851  INFO [main] lockmgr.DbTxnManager: Setting lock request transaction to txnid:8 for queryId=alex_20240424011022_6dc586b1-82aa-4caf-b7bf-73f38e8578dc
2024-04-24T01:10:22,851  INFO [main] lockmgr.DbLockManager: Requesting lock for queryId=alex_20240424011022_6dc586b1-82aa-4caf-b7bf-73f38e8578dc
2024-04-24T01:10:22,865  INFO [main] lockmgr.DbLockManager: Response to queryId=alex_20240424011022_6dc586b1-82aa-4caf-b7bf-73f38e8578dc LockResponse(lockid:2, state:ACQUIRED)
2024-04-24T01:10:22,865  INFO [main] ql.Driver: Operation CREATETABLE obtained 1 locks
2024-04-24T01:10:22,866  INFO [main] ql.Driver: Executing command(queryId=alex_20240424011022_6dc586b1-82aa-4caf-b7bf-73f38e8578dc): create table acidTblPart(a int, b int) partitioned by (p string) clustered by (a) into 2 buckets stored as orc TBLPROPERTIES ('transactional'='true')
2024-04-24T01:10:22,866  INFO [main] ql.Driver: Starting task [Stage-0:DDL] in serial mode
2024-04-24T01:10:22,867  INFO [main] HiveMetaStore.audit: ugi=alex	ip=unknown-ip-addr	cmd=create_table_req: Table(tableName:acidTblPart, dbName:default, owner:alex, createTime:1713946222, lastAccessTime:0, retention:0, sd:StorageDescriptor(cols:[FieldSchema(name:a, type:int, comment:null), FieldSchema(name:b, type:int, comment:null)], location:null, inputFormat:org.apache.hadoop.hive.ql.io.orc.OrcInputFormat, outputFormat:org.apache.hadoop.hive.ql.io.orc.OrcOutputFormat, compressed:false, numBuckets:2, serdeInfo:SerDeInfo(name:null, serializationLib:org.apache.hadoop.hive.ql.io.orc.OrcSerde, parameters:{serialization.format=1}), bucketCols:[a], sortCols:[], parameters:{}, skewedInfo:SkewedInfo(skewedColNames:[], skewedColValues:[], skewedColValueLocationMaps:{}), storedAsSubDirectories:false), partitionKeys:[FieldSchema(name:p, type:string, comment:null)], parameters:{transactional=true, bucketing_version=2}, viewOriginalText:null, viewExpandedText:null, tableType:MANAGED_TABLE, privileges:PrincipalPrivilegeSet(userPrivileges:{alex=[PrivilegeGrantInfo(privilege:INSERT, createTime:-1, grantor:alex, grantorType:USER, grantOption:true), PrivilegeGrantInfo(privilege:SELECT, createTime:-1, grantor:alex, grantorType:USER, grantOption:true), PrivilegeGrantInfo(privilege:UPDATE, createTime:-1, grantor:alex, grantorType:USER, grantOption:true), PrivilegeGrantInfo(privilege:DELETE, createTime:-1, grantor:alex, grantorType:USER, grantOption:true)]}, groupPrivileges:null, rolePrivileges:null), temporary:false, catName:hive, ownerType:USER, writeId:0)	
2024-04-24T01:10:22,872  INFO [main] utils.FileUtils: Creating directory if it doesn't exist: file:/home/alex/Repositories/hive/ql/target/tmp/org.apache.hadoop.hive.ql.TestTxnCommands-1713946100941/warehouse/acidtblpart
2024-04-24T01:10:22,890  INFO [main] metadata.Hive: Dumping metastore api call timing information for : execution phase
2024-04-24T01:10:22,891  INFO [main] metadata.Hive: Total time spent in each metastore function (ms): {isCompatibleWith_(Configuration)=0, createTable_(Table)=24}
2024-04-24T01:10:22,891  INFO [main] ql.Driver: Completed executing command(queryId=alex_20240424011022_6dc586b1-82aa-4caf-b7bf-73f38e8578dc); Time taken: 0.024 seconds
2024-04-24T01:10:22,891  INFO [main] lockmgr.DbTxnManager: Stopped heartbeat for query: alex_20240424011022_6dc586b1-82aa-4caf-b7bf-73f38e8578dc
2024-04-24T01:10:22,894  INFO [main] txn.TxnHandler: Expected to move at least one record from txn_components to completed_txn_components when committing txn! txnid:8
2024-04-24T01:10:22,899  INFO [main] txn.TxnHandler: Removed transactions: ([8]) from MIN_HISTORY_LEVEL
2024-04-24T01:10:22,899  WARN [main] txn.CompactionTxnHandler: No compaction queue record found for Compaction type transaction commit. txnId:8
2024-04-24T01:10:22,899  INFO [main] ql.TxnCommandsBaseForTests: Running the query: create table nonAcidOrcTbl(a int, b int) clustered by (a) into 2 buckets stored as orc TBLPROPERTIES ('transactional'='false')
2024-04-24T01:10:22,899  INFO [main] ql.Driver: Compiling command(queryId=alex_20240424011022_52c08037-d580-47ba-8df2-f7f18855f803): create table nonAcidOrcTbl(a int, b int) clustered by (a) into 2 buckets stored as orc TBLPROPERTIES ('transactional'='false')
2024-04-24T01:10:22,902  INFO [main] txn.TxnHandler: Added entries to MIN_HISTORY_LEVEL for current txns: ([9]) with min_open_txn: 1
2024-04-24T01:10:22,902  INFO [main] lockmgr.DbTxnManager: Opened txnid:9
2024-04-24T01:10:22,903  INFO [main] parse.CalcitePlanner: Starting caching scope for: 
2024-04-24T01:10:22,903  INFO [main] parse.CalcitePlanner: Starting Semantic Analysis
2024-04-24T01:10:22,905  INFO [main] parse.CalcitePlanner: Creating table default.nonAcidOrcTbl position=13
2024-04-24T01:10:22,905  INFO [main] HiveMetaStore.audit: ugi=alex	ip=unknown-ip-addr	cmd=get_database: default	
2024-04-24T01:10:22,907  INFO [main] parse.CalcitePlanner: Ending caching scope for: 
2024-04-24T01:10:22,907  INFO [main] ql.Driver: Semantic Analysis Completed (retrial = false)
2024-04-24T01:10:22,907  INFO [main] ql.Driver: Created Hive schema: Schema(fieldSchemas:null, properties:null)
2024-04-24T01:10:22,907  INFO [main] metadata.Hive: Dumping metastore api call timing information for : compilation phase
2024-04-24T01:10:22,907  INFO [main] metadata.Hive: Total time spent in each metastore function (ms): {flushCache_()=0, commitTxn_(CommitTxnRequest)=8, getValidTxns_(long)=1, getDatabase_(String)=2, openTxn_(String, TxnType)=2, getValidWriteIds_(List, String)=2, isCompatibleWith_(Configuration)=0}
2024-04-24T01:10:22,908  INFO [main] ql.Driver: Completed compiling command(queryId=alex_20240424011022_52c08037-d580-47ba-8df2-f7f18855f803); Time taken: 0.008 seconds
2024-04-24T01:10:22,908  INFO [main] lockmgr.DbTxnManager: Setting lock request transaction to txnid:9 for queryId=alex_20240424011022_52c08037-d580-47ba-8df2-f7f18855f803
2024-04-24T01:10:22,908  INFO [main] lockmgr.DbLockManager: Requesting lock for queryId=alex_20240424011022_52c08037-d580-47ba-8df2-f7f18855f803
2024-04-24T01:10:22,921  INFO [main] lockmgr.DbLockManager: Response to queryId=alex_20240424011022_52c08037-d580-47ba-8df2-f7f18855f803 LockResponse(lockid:3, state:ACQUIRED)
2024-04-24T01:10:22,922  INFO [main] ql.Driver: Operation CREATETABLE obtained 1 locks
2024-04-24T01:10:22,922  INFO [main] ql.Driver: Executing command(queryId=alex_20240424011022_52c08037-d580-47ba-8df2-f7f18855f803): create table nonAcidOrcTbl(a int, b int) clustered by (a) into 2 buckets stored as orc TBLPROPERTIES ('transactional'='false')
2024-04-24T01:10:22,922  INFO [main] ql.Driver: Starting task [Stage-0:DDL] in serial mode
2024-04-24T01:10:22,923  INFO [main] HiveMetaStore.audit: ugi=alex	ip=unknown-ip-addr	cmd=create_table_req: Table(tableName:nonAcidOrcTbl, dbName:default, owner:alex, createTime:1713946222, lastAccessTime:0, retention:0, sd:StorageDescriptor(cols:[FieldSchema(name:a, type:int, comment:null), FieldSchema(name:b, type:int, comment:null)], location:null, inputFormat:org.apache.hadoop.hive.ql.io.orc.OrcInputFormat, outputFormat:org.apache.hadoop.hive.ql.io.orc.OrcOutputFormat, compressed:false, numBuckets:2, serdeInfo:SerDeInfo(name:null, serializationLib:org.apache.hadoop.hive.ql.io.orc.OrcSerde, parameters:{serialization.format=1}), bucketCols:[a], sortCols:[], parameters:{}, skewedInfo:SkewedInfo(skewedColNames:[], skewedColValues:[], skewedColValueLocationMaps:{}), storedAsSubDirectories:false), partitionKeys:[], parameters:{totalSize=0, numFilesErasureCoded=0, COLUMN_STATS_ACCURATE={"BASIC_STATS":"true","COLUMN_STATS":{"a":"true","b":"true"}}, bucketing_version=2, rawDataSize=0, numFiles=0, transactional=false, numRows=0}, viewOriginalText:null, viewExpandedText:null, tableType:MANAGED_TABLE, privileges:PrincipalPrivilegeSet(userPrivileges:{alex=[PrivilegeGrantInfo(privilege:INSERT, createTime:-1, grantor:alex, grantorType:USER, grantOption:true), PrivilegeGrantInfo(privilege:SELECT, createTime:-1, grantor:alex, grantorType:USER, grantOption:true), PrivilegeGrantInfo(privilege:UPDATE, createTime:-1, grantor:alex, grantorType:USER, grantOption:true), PrivilegeGrantInfo(privilege:DELETE, createTime:-1, grantor:alex, grantorType:USER, grantOption:true)]}, groupPrivileges:null, rolePrivileges:null), temporary:false, catName:hive, ownerType:USER)	
2024-04-24T01:10:22,928  INFO [main] utils.FileUtils: Creating directory if it doesn't exist: file:/home/alex/Repositories/hive/ql/target/tmp/org.apache.hadoop.hive.ql.TestTxnCommands-1713946100941/warehouse/nonacidorctbl
2024-04-24T01:10:22,941  INFO [main] metadata.Hive: Dumping metastore api call timing information for : execution phase
2024-04-24T01:10:22,942  INFO [main] metadata.Hive: Total time spent in each metastore function (ms): {createTable_(Table)=19, isCompatibleWith_(Configuration)=0}
2024-04-24T01:10:22,942  INFO [main] ql.Driver: Completed executing command(queryId=alex_20240424011022_52c08037-d580-47ba-8df2-f7f18855f803); Time taken: 0.019 seconds
2024-04-24T01:10:22,942  INFO [main] lockmgr.DbTxnManager: Stopped heartbeat for query: alex_20240424011022_52c08037-d580-47ba-8df2-f7f18855f803
2024-04-24T01:10:22,945  INFO [main] txn.TxnHandler: Expected to move at least one record from txn_components to completed_txn_components when committing txn! txnid:9
2024-04-24T01:10:22,949  INFO [main] txn.TxnHandler: Removed transactions: ([9]) from MIN_HISTORY_LEVEL
2024-04-24T01:10:22,950  WARN [main] txn.CompactionTxnHandler: No compaction queue record found for Compaction type transaction commit. txnId:9
2024-04-24T01:10:22,950  INFO [main] ql.TxnCommandsBaseForTests: Running the query: create table nonAcidOrcTbl2(a int, b int) clustered by (a) into 2 buckets stored as orc TBLPROPERTIES ('transactional'='false')
2024-04-24T01:10:22,950  INFO [main] ql.Driver: Compiling command(queryId=alex_20240424011022_8456e164-788e-4c33-ba05-2417e9fe16e0): create table nonAcidOrcTbl2(a int, b int) clustered by (a) into 2 buckets stored as orc TBLPROPERTIES ('transactional'='false')
2024-04-24T01:10:22,952  INFO [main] txn.TxnHandler: Added entries to MIN_HISTORY_LEVEL for current txns: ([10]) with min_open_txn: 1
2024-04-24T01:10:22,953  INFO [main] lockmgr.DbTxnManager: Opened txnid:10
2024-04-24T01:10:22,953  INFO [main] parse.CalcitePlanner: Starting caching scope for: 
2024-04-24T01:10:22,953  INFO [main] parse.CalcitePlanner: Starting Semantic Analysis
2024-04-24T01:10:22,955  INFO [main] parse.CalcitePlanner: Creating table default.nonAcidOrcTbl2 position=13
2024-04-24T01:10:22,956  INFO [main] HiveMetaStore.audit: ugi=alex	ip=unknown-ip-addr	cmd=get_database: default	
2024-04-24T01:10:22,957  INFO [main] parse.CalcitePlanner: Ending caching scope for: 
2024-04-24T01:10:22,957  INFO [main] ql.Driver: Semantic Analysis Completed (retrial = false)
2024-04-24T01:10:22,957  INFO [main] ql.Driver: Created Hive schema: Schema(fieldSchemas:null, properties:null)
2024-04-24T01:10:22,957  INFO [main] metadata.Hive: Dumping metastore api call timing information for : compilation phase
2024-04-24T01:10:22,957  INFO [main] metadata.Hive: Total time spent in each metastore function (ms): {getValidWriteIds_(List, String)=2, getDatabase_(String)=1, openTxn_(String, TxnType)=2, isCompatibleWith_(Configuration)=0, flushCache_()=0, getValidTxns_(long)=0, commitTxn_(CommitTxnRequest)=8}
2024-04-24T01:10:22,958  INFO [main] ql.Driver: Completed compiling command(queryId=alex_20240424011022_8456e164-788e-4c33-ba05-2417e9fe16e0); Time taken: 0.007 seconds
2024-04-24T01:10:22,958  INFO [main] lockmgr.DbTxnManager: Setting lock request transaction to txnid:10 for queryId=alex_20240424011022_8456e164-788e-4c33-ba05-2417e9fe16e0
2024-04-24T01:10:22,958  INFO [main] lockmgr.DbLockManager: Requesting lock for queryId=alex_20240424011022_8456e164-788e-4c33-ba05-2417e9fe16e0
2024-04-24T01:10:22,972  INFO [main] lockmgr.DbLockManager: Response to queryId=alex_20240424011022_8456e164-788e-4c33-ba05-2417e9fe16e0 LockResponse(lockid:4, state:ACQUIRED)
2024-04-24T01:10:22,972  INFO [main] ql.Driver: Operation CREATETABLE obtained 1 locks
2024-04-24T01:10:22,972  INFO [main] ql.Driver: Executing command(queryId=alex_20240424011022_8456e164-788e-4c33-ba05-2417e9fe16e0): create table nonAcidOrcTbl2(a int, b int) clustered by (a) into 2 buckets stored as orc TBLPROPERTIES ('transactional'='false')
2024-04-24T01:10:22,972  INFO [main] ql.Driver: Starting task [Stage-0:DDL] in serial mode
2024-04-24T01:10:22,973  INFO [main] HiveMetaStore.audit: ugi=alex	ip=unknown-ip-addr	cmd=create_table_req: Table(tableName:nonAcidOrcTbl2, dbName:default, owner:alex, createTime:1713946222, lastAccessTime:0, retention:0, sd:StorageDescriptor(cols:[FieldSchema(name:a, type:int, comment:null), FieldSchema(name:b, type:int, comment:null)], location:null, inputFormat:org.apache.hadoop.hive.ql.io.orc.OrcInputFormat, outputFormat:org.apache.hadoop.hive.ql.io.orc.OrcOutputFormat, compressed:false, numBuckets:2, serdeInfo:SerDeInfo(name:null, serializationLib:org.apache.hadoop.hive.ql.io.orc.OrcSerde, parameters:{serialization.format=1}), bucketCols:[a], sortCols:[], parameters:{}, skewedInfo:SkewedInfo(skewedColNames:[], skewedColValues:[], skewedColValueLocationMaps:{}), storedAsSubDirectories:false), partitionKeys:[], parameters:{bucketing_version=2, numFiles=0, rawDataSize=0, numFilesErasureCoded=0, totalSize=0, numRows=0, transactional=false, COLUMN_STATS_ACCURATE={"BASIC_STATS":"true","COLUMN_STATS":{"a":"true","b":"true"}}}, viewOriginalText:null, viewExpandedText:null, tableType:MANAGED_TABLE, privileges:PrincipalPrivilegeSet(userPrivileges:{alex=[PrivilegeGrantInfo(privilege:INSERT, createTime:-1, grantor:alex, grantorType:USER, grantOption:true), PrivilegeGrantInfo(privilege:SELECT, createTime:-1, grantor:alex, grantorType:USER, grantOption:true), PrivilegeGrantInfo(privilege:UPDATE, createTime:-1, grantor:alex, grantorType:USER, grantOption:true), PrivilegeGrantInfo(privilege:DELETE, createTime:-1, grantor:alex, grantorType:USER, grantOption:true)]}, groupPrivileges:null, rolePrivileges:null), temporary:false, catName:hive, ownerType:USER)	
2024-04-24T01:10:22,979  INFO [main] utils.FileUtils: Creating directory if it doesn't exist: file:/home/alex/Repositories/hive/ql/target/tmp/org.apache.hadoop.hive.ql.TestTxnCommands-1713946100941/warehouse/nonacidorctbl2
2024-04-24T01:10:22,992  INFO [main] metadata.Hive: Dumping metastore api call timing information for : execution phase
2024-04-24T01:10:22,992  INFO [main] metadata.Hive: Total time spent in each metastore function (ms): {isCompatibleWith_(Configuration)=0, createTable_(Table)=19}
2024-04-24T01:10:22,992  INFO [main] ql.Driver: Completed executing command(queryId=alex_20240424011022_8456e164-788e-4c33-ba05-2417e9fe16e0); Time taken: 0.02 seconds
2024-04-24T01:10:22,992  INFO [main] lockmgr.DbTxnManager: Stopped heartbeat for query: alex_20240424011022_8456e164-788e-4c33-ba05-2417e9fe16e0
2024-04-24T01:10:22,996  INFO [main] txn.TxnHandler: Expected to move at least one record from txn_components to completed_txn_components when committing txn! txnid:10
2024-04-24T01:10:23,003  INFO [main] txn.TxnHandler: Removed transactions: ([10]) from MIN_HISTORY_LEVEL
2024-04-24T01:10:23,003  WARN [main] txn.CompactionTxnHandler: No compaction queue record found for Compaction type transaction commit. txnId:10
2024-04-24T01:10:23,004  INFO [main] ql.TxnCommandsBaseForTests: Running the query: create temporary  table acidTbl2(a int, b int, c int) clustered by (c) into 2 buckets stored as orc TBLPROPERTIES ('transactional'='true')
2024-04-24T01:10:23,004  INFO [main] ql.Driver: Compiling command(queryId=alex_20240424011023_4cccec63-8be8-468e-9123-2b0bb806960a): create temporary  table acidTbl2(a int, b int, c int) clustered by (c) into 2 buckets stored as orc TBLPROPERTIES ('transactional'='true')
2024-04-24T01:10:23,007  INFO [main] txn.TxnHandler: Added entries to MIN_HISTORY_LEVEL for current txns: ([11]) with min_open_txn: 1
2024-04-24T01:10:23,007  INFO [main] lockmgr.DbTxnManager: Opened txnid:11
2024-04-24T01:10:23,008  INFO [main] parse.CalcitePlanner: Starting caching scope for: 
2024-04-24T01:10:23,008  INFO [main] parse.CalcitePlanner: Starting Semantic Analysis
2024-04-24T01:10:23,011  INFO [main] parse.CalcitePlanner: Creating table default.acidTbl2 position=24
2024-04-24T01:10:23,011  INFO [main] HiveMetaStore.audit: ugi=alex	ip=unknown-ip-addr	cmd=get_database: default	
2024-04-24T01:10:23,014  INFO [main] parse.CalcitePlanner: Ending caching scope for: 
2024-04-24T01:10:23,014  INFO [main] ql.Driver: Semantic Analysis Completed (retrial = false)
2024-04-24T01:10:23,014  INFO [main] ql.Driver: Created Hive schema: Schema(fieldSchemas:null, properties:null)
2024-04-24T01:10:23,014  INFO [main] metadata.Hive: Dumping metastore api call timing information for : compilation phase
2024-04-24T01:10:23,014  INFO [main] metadata.Hive: Total time spent in each metastore function (ms): {isCompatibleWith_(Configuration)=0, openTxn_(String, TxnType)=2, getValidWriteIds_(List, String)=3, getValidTxns_(long)=0, flushCache_()=0, commitTxn_(CommitTxnRequest)=12, getDatabase_(String)=3}
2024-04-24T01:10:23,014  INFO [main] ql.Driver: Completed compiling command(queryId=alex_20240424011023_4cccec63-8be8-468e-9123-2b0bb806960a); Time taken: 0.01 seconds
2024-04-24T01:10:23,014  INFO [main] lockmgr.DbTxnManager: Setting lock request transaction to txnid:11 for queryId=alex_20240424011023_4cccec63-8be8-468e-9123-2b0bb806960a
2024-04-24T01:10:23,015  INFO [main] lockmgr.DbLockManager: Requesting lock for queryId=alex_20240424011023_4cccec63-8be8-468e-9123-2b0bb806960a
2024-04-24T01:10:23,030  INFO [main] lockmgr.DbLockManager: Response to queryId=alex_20240424011023_4cccec63-8be8-468e-9123-2b0bb806960a LockResponse(lockid:5, state:ACQUIRED)
2024-04-24T01:10:23,030  INFO [main] ql.Driver: Operation CREATETABLE obtained 1 locks
2024-04-24T01:10:23,031  INFO [main] ql.Driver: Executing command(queryId=alex_20240424011023_4cccec63-8be8-468e-9123-2b0bb806960a): create temporary  table acidTbl2(a int, b int, c int) clustered by (c) into 2 buckets stored as orc TBLPROPERTIES ('transactional'='true')
2024-04-24T01:10:23,031  INFO [main] ql.Driver: Starting task [Stage-0:DDL] in serial mode
2024-04-24T01:10:23,032  INFO [main] utils.FileUtils: Creating directory if it doesn't exist: file:/home/alex/Repositories/hive/ql/target/tmp/scratchdir/alex/fa50f77f-ca48-441d-b9c9-21373b31a787/_tmp_space.db/b1967bcb-afcc-4442-80eb-fa14eb3082c9
2024-04-24T01:10:23,034  INFO [main] metadata.Hive: Dumping metastore api call timing information for : execution phase
2024-04-24T01:10:23,035  INFO [main] metadata.Hive: Total time spent in each metastore function (ms): {createTable_(Table)=3, isCompatibleWith_(Configuration)=0}
2024-04-24T01:10:23,035  INFO [main] ql.Driver: Completed executing command(queryId=alex_20240424011023_4cccec63-8be8-468e-9123-2b0bb806960a); Time taken: 0.003 seconds
2024-04-24T01:10:23,035  INFO [main] lockmgr.DbTxnManager: Stopped heartbeat for query: alex_20240424011023_4cccec63-8be8-468e-9123-2b0bb806960a
2024-04-24T01:10:23,038  INFO [main] txn.TxnHandler: Expected to move at least one record from txn_components to completed_txn_components when committing txn! txnid:11
2024-04-24T01:10:23,043  INFO [main] txn.TxnHandler: Removed transactions: ([11]) from MIN_HISTORY_LEVEL
2024-04-24T01:10:23,043  WARN [main] txn.CompactionTxnHandler: No compaction queue record found for Compaction type transaction commit. txnId:11
2024-04-24T01:10:23,044  INFO [main] ql.TxnCommandsBaseForTests: Running the query: create table nonAcidNonBucket(a int, b int) stored as orc TBLPROPERTIES ('transactional'='false')
2024-04-24T01:10:23,044  INFO [main] ql.Driver: Compiling command(queryId=alex_20240424011023_aa93303e-8127-4c1b-9b81-5a747c4d2bfb): create table nonAcidNonBucket(a int, b int) stored as orc TBLPROPERTIES ('transactional'='false')
2024-04-24T01:10:23,046  INFO [main] txn.TxnHandler: Added entries to MIN_HISTORY_LEVEL for current txns: ([12]) with min_open_txn: 1
2024-04-24T01:10:23,046  INFO [main] lockmgr.DbTxnManager: Opened txnid:12
2024-04-24T01:10:23,047  INFO [main] parse.CalcitePlanner: Starting caching scope for: 
2024-04-24T01:10:23,047  INFO [main] parse.CalcitePlanner: Starting Semantic Analysis
2024-04-24T01:10:23,049  INFO [main] parse.CalcitePlanner: Creating table default.nonAcidNonBucket position=13
2024-04-24T01:10:23,049  INFO [main] HiveMetaStore.audit: ugi=alex	ip=unknown-ip-addr	cmd=get_database: default	
2024-04-24T01:10:23,051  INFO [main] parse.CalcitePlanner: Ending caching scope for: 
2024-04-24T01:10:23,051  INFO [main] ql.Driver: Semantic Analysis Completed (retrial = false)
2024-04-24T01:10:23,051  INFO [main] ql.Driver: Created Hive schema: Schema(fieldSchemas:null, properties:null)
2024-04-24T01:10:23,051  INFO [main] metadata.Hive: Dumping metastore api call timing information for : compilation phase
2024-04-24T01:10:23,051  INFO [main] metadata.Hive: Total time spent in each metastore function (ms): {openTxn_(String, TxnType)=1, getValidTxns_(long)=1, isCompatibleWith_(Configuration)=0, flushCache_()=1, getDatabase_(String)=1, getValidWriteIds_(List, String)=2, commitTxn_(CommitTxnRequest)=9}
2024-04-24T01:10:23,051  INFO [main] ql.Driver: Completed compiling command(queryId=alex_20240424011023_aa93303e-8127-4c1b-9b81-5a747c4d2bfb); Time taken: 0.007 seconds
2024-04-24T01:10:23,051  INFO [main] lockmgr.DbTxnManager: Setting lock request transaction to txnid:12 for queryId=alex_20240424011023_aa93303e-8127-4c1b-9b81-5a747c4d2bfb
2024-04-24T01:10:23,051  INFO [main] lockmgr.DbLockManager: Requesting lock for queryId=alex_20240424011023_aa93303e-8127-4c1b-9b81-5a747c4d2bfb
2024-04-24T01:10:23,065  INFO [main] lockmgr.DbLockManager: Response to queryId=alex_20240424011023_aa93303e-8127-4c1b-9b81-5a747c4d2bfb LockResponse(lockid:6, state:ACQUIRED)
2024-04-24T01:10:23,065  INFO [main] ql.Driver: Operation CREATETABLE obtained 1 locks
2024-04-24T01:10:23,065  INFO [main] ql.Driver: Executing command(queryId=alex_20240424011023_aa93303e-8127-4c1b-9b81-5a747c4d2bfb): create table nonAcidNonBucket(a int, b int) stored as orc TBLPROPERTIES ('transactional'='false')
2024-04-24T01:10:23,065  INFO [main] ql.Driver: Starting task [Stage-0:DDL] in serial mode
2024-04-24T01:10:23,066  INFO [main] HiveMetaStore.audit: ugi=alex	ip=unknown-ip-addr	cmd=create_table_req: Table(tableName:nonAcidNonBucket, dbName:default, owner:alex, createTime:1713946223, lastAccessTime:0, retention:0, sd:StorageDescriptor(cols:[FieldSchema(name:a, type:int, comment:null), FieldSchema(name:b, type:int, comment:null)], location:null, inputFormat:org.apache.hadoop.hive.ql.io.orc.OrcInputFormat, outputFormat:org.apache.hadoop.hive.ql.io.orc.OrcOutputFormat, compressed:false, numBuckets:-1, serdeInfo:SerDeInfo(name:null, serializationLib:org.apache.hadoop.hive.ql.io.orc.OrcSerde, parameters:{serialization.format=1}), bucketCols:[], sortCols:[], parameters:{}, skewedInfo:SkewedInfo(skewedColNames:[], skewedColValues:[], skewedColValueLocationMaps:{}), storedAsSubDirectories:false), partitionKeys:[], parameters:{bucketing_version=2, COLUMN_STATS_ACCURATE={"BASIC_STATS":"true","COLUMN_STATS":{"a":"true","b":"true"}}, transactional=false, rawDataSize=0, numFilesErasureCoded=0, numFiles=0, numRows=0, totalSize=0}, viewOriginalText:null, viewExpandedText:null, tableType:MANAGED_TABLE, privileges:PrincipalPrivilegeSet(userPrivileges:{alex=[PrivilegeGrantInfo(privilege:INSERT, createTime:-1, grantor:alex, grantorType:USER, grantOption:true), PrivilegeGrantInfo(privilege:SELECT, createTime:-1, grantor:alex, grantorType:USER, grantOption:true), PrivilegeGrantInfo(privilege:UPDATE, createTime:-1, grantor:alex, grantorType:USER, grantOption:true), PrivilegeGrantInfo(privilege:DELETE, createTime:-1, grantor:alex, grantorType:USER, grantOption:true)]}, groupPrivileges:null, rolePrivileges:null), temporary:false, catName:hive, ownerType:USER)	
2024-04-24T01:10:23,072  INFO [main] utils.FileUtils: Creating directory if it doesn't exist: file:/home/alex/Repositories/hive/ql/target/tmp/org.apache.hadoop.hive.ql.TestTxnCommands-1713946100941/warehouse/nonacidnonbucket
2024-04-24T01:10:23,086  INFO [main] metadata.Hive: Dumping metastore api call timing information for : execution phase
2024-04-24T01:10:23,086  INFO [main] metadata.Hive: Total time spent in each metastore function (ms): {isCompatibleWith_(Configuration)=0, createTable_(Table)=20}
2024-04-24T01:10:23,086  INFO [main] ql.Driver: Completed executing command(queryId=alex_20240424011023_aa93303e-8127-4c1b-9b81-5a747c4d2bfb); Time taken: 0.021 seconds
2024-04-24T01:10:23,086  INFO [main] lockmgr.DbTxnManager: Stopped heartbeat for query: alex_20240424011023_aa93303e-8127-4c1b-9b81-5a747c4d2bfb
2024-04-24T01:10:23,089  INFO [main] txn.TxnHandler: Expected to move at least one record from txn_components to completed_txn_components when committing txn! txnid:12
2024-04-24T01:10:23,094  INFO [main] txn.TxnHandler: Removed transactions: ([12]) from MIN_HISTORY_LEVEL
2024-04-24T01:10:23,094  WARN [main] txn.CompactionTxnHandler: No compaction queue record found for Compaction type transaction commit. txnId:12
2024-04-24T01:10:23,094  INFO [main] ql.TxnCommandsBaseForTests: Running the query: START TRANSACTION
2024-04-24T01:10:23,095  INFO [main] ql.Driver: Compiling command(queryId=alex_20240424011023_c3754552-d701-492f-a83a-2a79a6e998f8): START TRANSACTION
2024-04-24T01:10:23,097  INFO [main] txn.TxnHandler: Added entries to MIN_HISTORY_LEVEL for current txns: ([13]) with min_open_txn: 1
2024-04-24T01:10:23,097  INFO [main] lockmgr.DbTxnManager: Opened txnid:13
2024-04-24T01:10:23,097  INFO [main] parse.CalcitePlanner: Starting caching scope for: 
2024-04-24T01:10:23,097  INFO [main] parse.CalcitePlanner: Starting Semantic Analysis
2024-04-24T01:10:23,097  INFO [main] parse.CalcitePlanner: Ending caching scope for: 
2024-04-24T01:10:23,098  INFO [main] ql.Driver: Semantic Analysis Completed (retrial = false)
2024-04-24T01:10:23,098  INFO [main] ql.Driver: Created Hive schema: Schema(fieldSchemas:null, properties:null)
2024-04-24T01:10:23,098  INFO [main] metadata.Hive: Dumping metastore api call timing information for : compilation phase
2024-04-24T01:10:23,098  INFO [main] metadata.Hive: Total time spent in each metastore function (ms): {commitTxn_(CommitTxnRequest)=8, flushCache_()=0, openTxn_(String, TxnType)=2, getValidTxns_(long)=0, getValidWriteIds_(List, String)=0, isCompatibleWith_(Configuration)=0}
2024-04-24T01:10:23,098  INFO [main] ql.Driver: Completed compiling command(queryId=alex_20240424011023_c3754552-d701-492f-a83a-2a79a6e998f8); Time taken: 0.003 seconds
2024-04-24T01:10:23,098  INFO [main] lockmgr.DbTxnManager: Setting lock request transaction to txnid:13 for queryId=alex_20240424011023_c3754552-d701-492f-a83a-2a79a6e998f8
2024-04-24T01:10:23,098  INFO [main] ql.Driver: Operation START_TRANSACTION obtained 0 locks
2024-04-24T01:10:23,098  INFO [main] ql.Driver: Executing command(queryId=alex_20240424011023_c3754552-d701-492f-a83a-2a79a6e998f8): START TRANSACTION
2024-04-24T01:10:23,098  INFO [main] metadata.Hive: Dumping metastore api call timing information for : execution phase
2024-04-24T01:10:23,098  INFO [main] metadata.Hive: Total time spent in each metastore function (ms): {}
2024-04-24T01:10:23,099  INFO [main] ql.Driver: Completed executing command(queryId=alex_20240424011023_c3754552-d701-492f-a83a-2a79a6e998f8); Time taken: 0.0 seconds
2024-04-24T01:10:23,099  INFO [main] ql.TxnCommandsBaseForTests: Running the query: insert into acidTbl(a,b)  values(1,2),(3,4)
2024-04-24T01:10:23,099  INFO [main] ql.Driver: Compiling command(queryId=alex_20240424011023_8340e41b-8f64-4f51-8884-3a0e82705c1f): insert into acidTbl(a,b)  values(1,2),(3,4)
2024-04-24T01:10:23,100  INFO [main] parse.CalcitePlanner: Starting caching scope for: 
2024-04-24T01:10:23,100  INFO [main] parse.CalcitePlanner: Starting Semantic Analysis
2024-04-24T01:10:23,103  INFO [main] HiveMetaStore.audit: ugi=alex	ip=unknown-ip-addr	cmd=get_table : tbl=hive.default.acidTbl	
2024-04-24T01:10:23,121  INFO [main] metastore.HMSHandler: Skipping translation for processor with null
2024-04-24T01:10:23,121  INFO [main] parse.CalcitePlanner: Completed phase 1 of Semantic Analysis
2024-04-24T01:10:23,121  INFO [main] parse.CalcitePlanner: Get metadata for source tables
2024-04-24T01:10:23,121  INFO [main] parse.CalcitePlanner: Get metadata for subqueries
2024-04-24T01:10:23,121  INFO [main] parse.CalcitePlanner: Get metadata for destination tables
2024-04-24T01:10:23,121  INFO [main] HiveMetaStore.audit: ugi=alex	ip=unknown-ip-addr	cmd=get_table : tbl=hive.default.acidTbl	
2024-04-24T01:10:23,128  INFO [main] metastore.HMSHandler: Skipping translation for processor with null
2024-04-24T01:10:23,128  INFO [main] parse.CalcitePlanner: Completed getting MetaData in Semantic Analysis
2024-04-24T01:10:23,128  INFO [main] parse.CalcitePlanner: Disabling LLAP IO encode as ETL query is detected
2024-04-24T01:10:23,148  INFO [main] HiveMetaStore.audit: ugi=alex	ip=unknown-ip-addr	cmd=get_all_table_constraints : tbl=hive._dummy_database._dummy_table	
2024-04-24T01:10:23,219  INFO [main] parse.CalcitePlanner: Get metadata for source tables
2024-04-24T01:10:23,219  INFO [main] parse.CalcitePlanner: Get metadata for subqueries
2024-04-24T01:10:23,219  INFO [main] parse.CalcitePlanner: Get metadata for source tables
2024-04-24T01:10:23,220  INFO [main] HiveMetaStore.audit: ugi=alex	ip=unknown-ip-addr	cmd=get_table : tbl=hive._dummy_database._dummy_table	
2024-04-24T01:10:23,222  INFO [main] parse.CalcitePlanner: Get metadata for subqueries
2024-04-24T01:10:23,222  INFO [main] parse.CalcitePlanner: Get metadata for destination tables
2024-04-24T01:10:23,222  INFO [main] parse.CalcitePlanner: Get metadata for destination tables
2024-04-24T01:10:23,223  INFO [main] HiveMetaStore.audit: ugi=alex	ip=unknown-ip-addr	cmd=get_table : tbl=hive.default.acidTbl	
2024-04-24T01:10:23,230  INFO [main] metastore.HMSHandler: Skipping translation for processor with null
2024-04-24T01:10:23,232  INFO [main] HiveMetaStore.audit: ugi=alex	ip=unknown-ip-addr	cmd=get_not_null_constraints : tbl=hive.default.acidtbl	
2024-04-24T01:10:23,233  INFO [main] HiveMetaStore.audit: ugi=alex	ip=unknown-ip-addr	cmd=get_check_constraints : tbl=hive.default.acidtbl	
2024-04-24T01:10:23,241  INFO [main] txn.TxnHandler: Allocated writeId: 1 for txnId: 13
2024-04-24T01:10:23,241  INFO [main] txn.TxnHandler: Allocated write ids for dbName=default, tblName=acidtbl (txnIds: [13])
2024-04-24T01:10:23,242  INFO [main] parse.CalcitePlanner: CBO Succeeded; optimized logical plan.
2024-04-24T01:10:23,245  INFO [main] optimizer.ColumnPrunerProcFactory: RS 4 oldColExprMap: {KEY.reducesinkkey0=Column[_col0], VALUE._col0=Column[_col1]}
2024-04-24T01:10:23,245  INFO [main] optimizer.ColumnPrunerProcFactory: RS 4 newColExprMap: {VALUE._col0=Column[_col1], KEY.reducesinkkey0=Column[_col0]}
2024-04-24T01:10:23,246  INFO [main] optimizer.BucketVersionPopulator: not considering bucketingVersion for: TS[0] because it has -1<2 buckets 
2024-04-24T01:10:23,247  INFO [main] optimizer.SortedDynPartitionOptimizer: Sorted dynamic partitioning optimization kicked in..
2024-04-24T01:10:23,256  INFO [main] HiveMetaStore.audit: ugi=alex	ip=unknown-ip-addr	cmd=get_table : tbl=hive.default.acidtbl	
2024-04-24T01:10:23,263  INFO [main] metastore.HMSHandler: Skipping translation for processor with null
2024-04-24T01:10:23,264  INFO [main] physical.Vectorizer: Examining input format to see if vectorization is enabled.
2024-04-24T01:10:23,264  INFO [main] physical.Vectorizer: Map vectorization enabled: false
2024-04-24T01:10:23,264  INFO [main] physical.Vectorizer: Map vectorized: false
2024-04-24T01:10:23,264  INFO [main] physical.Vectorizer: Map vectorizedVertexNum: 0
2024-04-24T01:10:23,264  INFO [main] physical.Vectorizer: Map enabledConditionsMet: [hive.vectorized.use.vectorized.input.format IS true]
2024-04-24T01:10:23,264  INFO [main] physical.Vectorizer: Map enabledConditionsNotMet: [Could not enable vectorization due to partition column names size 1 is greater than the number of table column names size 0 IS false]
2024-04-24T01:10:23,264  INFO [main] physical.Vectorizer: Map inputFileFormatClassNameSet: [org.apache.hadoop.hive.ql.io.NullRowsInputFormat]
2024-04-24T01:10:23,264  INFO [main] physical.Vectorizer: Reduce vectorization enabled: false
2024-04-24T01:10:23,264  INFO [main] physical.Vectorizer: Reduce vectorized: false
2024-04-24T01:10:23,264  INFO [main] physical.Vectorizer: Reduce vectorizedVertexNum: 1
2024-04-24T01:10:23,264  INFO [main] physical.Vectorizer: Reducer hive.vectorized.execution.reduce.enabled: true
2024-04-24T01:10:23,264  INFO [main] physical.Vectorizer: Reducer engine: mr
2024-04-24T01:10:23,264  INFO [main] parse.CalcitePlanner: Completed plan generation
2024-04-24T01:10:23,264  INFO [main] parse.CalcitePlanner: Ending caching scope for: 
2024-04-24T01:10:23,264  INFO [main] ql.Driver: Semantic Analysis Completed (retrial = false)
2024-04-24T01:10:23,264  INFO [main] ql.Driver: Created Hive schema: Schema(fieldSchemas:[FieldSchema(name:_col0, type:int, comment:null), FieldSchema(name:_col1, type:int, comment:null)], properties:null)
2024-04-24T01:10:23,264  INFO [main] metadata.Hive: Dumping metastore api call timing information for : compilation phase
2024-04-24T01:10:23,265  INFO [main] metadata.Hive: Total time spent in each metastore function (ms): {getValidWriteIds_(List, String)=4, getCheckConstraints_(CheckConstraintsRequest)=1, allocateTableWriteId_(long, String, String)=8, getNotNullConstraints_(NotNullConstraintsRequest)=1, flushCache_()=0, getAllTableConstraints_(AllTableConstraintsRequest)=26, getTable_(GetTableRequest)=40, isCompatibleWith_(Configuration)=0}
2024-04-24T01:10:23,265  INFO [main] ql.Driver: Completed compiling command(queryId=alex_20240424011023_8340e41b-8f64-4f51-8884-3a0e82705c1f); Time taken: 0.165 seconds
2024-04-24T01:10:23,265  INFO [main] lockmgr.DbTxnManager: Setting lock request transaction to txnid:13 for queryId=alex_20240424011023_8340e41b-8f64-4f51-8884-3a0e82705c1f
2024-04-24T01:10:23,265  INFO [main] lockmgr.DbLockManager: Requesting lock for queryId=alex_20240424011023_8340e41b-8f64-4f51-8884-3a0e82705c1f
2024-04-24T01:10:23,284  INFO [main] lockmgr.DbLockManager: Response to queryId=alex_20240424011023_8340e41b-8f64-4f51-8884-3a0e82705c1f LockResponse(lockid:7, state:ACQUIRED)
2024-04-24T01:10:23,284  INFO [main] ql.Driver: Operation QUERY obtained 1 locks
2024-04-24T01:10:23,286  INFO [main] ql.Driver: Executing command(queryId=alex_20240424011023_8340e41b-8f64-4f51-8884-3a0e82705c1f): insert into acidTbl(a,b)  values(1,2),(3,4)
2024-04-24T01:10:23,287  WARN [main] ql.Driver: Hive-on-MR is deprecated in Hive 2 and may not be available in the future versions. Consider using a different execution engine (i.e. tez, spark) or using Hive 1.X releases.
Query ID = alex_20240424011023_8340e41b-8f64-4f51-8884-3a0e82705c1f
2024-04-24T01:10:23,287  INFO [main] ql.Driver: Query ID = alex_20240424011023_8340e41b-8f64-4f51-8884-3a0e82705c1f
Total jobs = 1
2024-04-24T01:10:23,287  INFO [main] ql.Driver: Total jobs = 1
Launching Job 1 out of 1
2024-04-24T01:10:23,287  INFO [main] ql.Driver: Launching Job 1 out of 1
2024-04-24T01:10:23,420  INFO [main] ql.Driver: Starting task [Stage-1:MAPRED] in serial mode
Number of reduce tasks determined at compile time: 2
2024-04-24T01:10:23,420  INFO [main] exec.Task: Number of reduce tasks determined at compile time: 2
In order to change the average load for a reducer (in bytes):
2024-04-24T01:10:23,420  INFO [main] exec.Task: In order to change the average load for a reducer (in bytes):
  set hive.exec.reducers.bytes.per.reducer=<number>
2024-04-24T01:10:23,421  INFO [main] exec.Task:   set hive.exec.reducers.bytes.per.reducer=<number>
In order to limit the maximum number of reducers:
2024-04-24T01:10:23,421  INFO [main] exec.Task: In order to limit the maximum number of reducers:
  set hive.exec.reducers.max=<number>
2024-04-24T01:10:23,421  INFO [main] exec.Task:   set hive.exec.reducers.max=<number>
In order to set a constant number of reducers:
2024-04-24T01:10:23,421  INFO [main] exec.Task: In order to set a constant number of reducers:
  set mapreduce.job.reduces=<number>
2024-04-24T01:10:23,421  INFO [main] exec.Task:   set mapreduce.job.reduces=<number>
2024-04-24T01:10:23,423  INFO [main] mr.ExecDriver: Using org.apache.hadoop.hive.ql.io.HiveInputFormat
2024-04-24T01:10:23,423  INFO [main] exec.Utilities: Processing alias $hdt$_0:_dummy_table
2024-04-24T01:10:23,423  INFO [main] exec.Utilities: Adding 1 inputs; the first input is file:/home/alex/Repositories/hive/ql/target/tmp/localscratchdir/fa50f77f-ca48-441d-b9c9-21373b31a787/hive_2024-04-24_01-10-23_099_7170344556503650455-1/dummy_path
2024-04-24T01:10:23,433  INFO [main] exec.SerializationUtilities: Serializing MapWork using kryo
2024-04-24T01:10:23,434  INFO [main] exec.Utilities: Serialized plan (via FILE) - name: null size: 5,31KB
2024-04-24T01:10:23,439  INFO [main] exec.SerializationUtilities: Serializing ReduceWork using kryo
2024-04-24T01:10:23,439  INFO [main] exec.Utilities: Serialized plan (via FILE) - name: null size: 5,92KB
2024-04-24T01:10:23,440  WARN [main] impl.MetricsSystemImpl: JobTracker metrics system already initialized!
2024-04-24T01:10:23,444  INFO [main] fs.FSStatsPublisher: created : file:/home/alex/Repositories/hive/ql/target/tmp/localscratchdir/fa50f77f-ca48-441d-b9c9-21373b31a787/hive_2024-04-24_01-10-23_099_7170344556503650455-1/-mr-10000
2024-04-24T01:10:23,446  WARN [main] impl.MetricsSystemImpl: JobTracker metrics system already initialized!
2024-04-24T01:10:23,454  WARN [main] mapreduce.JobResourceUploader: Hadoop command-line option parsing not performed. Implement the Tool interface and execute your application with ToolRunner to remedy this.
2024-04-24T01:10:23,458  WARN [main] mapreduce.JobResourceUploader: No job jar file set.  User classes may not be found. See Job or Job#setJar(String).
2024-04-24T01:10:23,459  INFO [main] io.HiveInputFormat: hive.io.file.readcolumn.ids = 
2024-04-24T01:10:23,459  INFO [main] io.HiveInputFormat: hive.io.file.readcolumn.names = 
2024-04-24T01:10:23,459  INFO [main] io.HiveInputFormat: Generating splits for dirs: file:/home/alex/Repositories/hive/ql/target/tmp/localscratchdir/fa50f77f-ca48-441d-b9c9-21373b31a787/hive_2024-04-24_01-10-23_099_7170344556503650455-1/dummy_path
2024-04-24T01:10:23,460  INFO [main] io.HiveInputFormat: number of splits 1
2024-04-24T01:10:23,477  INFO [main] mapreduce.JobSubmitter: number of splits:1
2024-04-24T01:10:23,499  INFO [main] mapreduce.JobSubmitter: Submitting tokens for job: job_local277419444_0043
2024-04-24T01:10:23,499  INFO [main] mapreduce.JobSubmitter: Executing with tokens: []
2024-04-24T01:10:23,592  INFO [main] mapreduce.Job: The url to track the job: http://localhost:8080/
Job running in-process (local Hadoop)
2024-04-24T01:10:23,592  INFO [main] exec.Task: Job running in-process (local Hadoop)
2024-04-24T01:10:23,593  INFO [Thread-3566] mapred.LocalJobRunner: OutputCommitter set in config org.apache.hadoop.hive.ql.io.HiveFileFormatUtils$NullOutputCommitter
2024-04-24T01:10:23,593  INFO [Thread-3566] mapred.LocalJobRunner: OutputCommitter is org.apache.hadoop.hive.ql.io.HiveFileFormatUtils$NullOutputCommitter
2024-04-24T01:10:23,594  INFO [Thread-3566] mapred.LocalJobRunner: Waiting for map tasks
2024-04-24T01:10:23,595  INFO [LocalJobRunner Map Task Executor #0] mapred.LocalJobRunner: Starting task: attempt_local277419444_0043_m_000000_0
2024-04-24T01:10:23,603  INFO [LocalJobRunner Map Task Executor #0] mapred.Task:  Using ResourceCalculatorProcessTree : [ ]
2024-04-24T01:10:23,604  INFO [LocalJobRunner Map Task Executor #0] mapred.MapTask: Processing split: org.apache.hadoop.hive.ql.io.NullRowsInputFormat:file:/home/alex/Repositories/hive/ql/target/tmp/localscratchdir/fa50f77f-ca48-441d-b9c9-21373b31a787/hive_2024-04-24_01-10-23_099_7170344556503650455-1/dummy_path/null:0+1
2024-04-24T01:10:23,606  INFO [LocalJobRunner Map Task Executor #0] exec.SerializationUtilities: Deserializing MapWork using kryo
2024-04-24T01:10:23,606  INFO [LocalJobRunner Map Task Executor #0] exec.Utilities: Deserialized plan (via FILE) - name: null size: 5,31KB
2024-04-24T01:10:23,607  INFO [LocalJobRunner Map Task Executor #0] mapred.MapTask: numReduceTasks: 2
2024-04-24T01:10:23,611  INFO [LocalJobRunner Map Task Executor #0] mapred.MapTask: (EQUATOR) 0 kvi 26214396(104857584)
2024-04-24T01:10:23,611  INFO [LocalJobRunner Map Task Executor #0] mapred.MapTask: mapreduce.task.io.sort.mb: 100
2024-04-24T01:10:23,611  INFO [LocalJobRunner Map Task Executor #0] mapred.MapTask: soft limit at 83886080
2024-04-24T01:10:23,611  INFO [LocalJobRunner Map Task Executor #0] mapred.MapTask: bufstart = 0; bufvoid = 104857600
2024-04-24T01:10:23,611  INFO [LocalJobRunner Map Task Executor #0] mapred.MapTask: kvstart = 26214396; length = 6553600
2024-04-24T01:10:23,612  INFO [LocalJobRunner Map Task Executor #0] mapred.MapTask: Map output collector class = org.apache.hadoop.mapred.MapTask$MapOutputBuffer
2024-04-24T01:10:23,612  INFO [LocalJobRunner Map Task Executor #0] exec.MapOperator: Initializing Operator: MAP[0]
2024-04-24T01:10:23,612  INFO [LocalJobRunner Map Task Executor #0] mr.ExecMapper: 
<MAP>Id =0
  <Children>null
  <\Children>
  <Parent><\Parent>
<\MAP>
2024-04-24T01:10:23,613  INFO [LocalJobRunner Map Task Executor #0] exec.TableScanOperator: Initializing Operator: TS[0]
2024-04-24T01:10:23,613  INFO [LocalJobRunner Map Task Executor #0] exec.SelectOperator: Initializing Operator: SEL[1]
2024-04-24T01:10:23,613  INFO [LocalJobRunner Map Task Executor #0] exec.SelectOperator: SELECT null
2024-04-24T01:10:23,613  INFO [LocalJobRunner Map Task Executor #0] exec.UDTFOperator: Initializing Operator: UDTF[2]
2024-04-24T01:10:23,613  INFO [LocalJobRunner Map Task Executor #0] exec.SelectOperator: Initializing Operator: SEL[3]
2024-04-24T01:10:23,613  INFO [LocalJobRunner Map Task Executor #0] exec.SelectOperator: SELECT struct<col1:int,col2:int>
2024-04-24T01:10:23,613  INFO [LocalJobRunner Map Task Executor #0] exec.ReduceSinkOperator: Initializing Operator: RS[4]
2024-04-24T01:10:23,613  INFO [LocalJobRunner Map Task Executor #0] exec.ReduceSinkOperator: Using tag = -1
2024-04-24T01:10:23,614  INFO [LocalJobRunner Map Task Executor #0] exec.ReduceSinkOperator: keys are [reducesinkkey0] num distributions: 1
2024-04-24T01:10:23,614  INFO [LocalJobRunner Map Task Executor #0] exec.ReduceSinkOperator: RS[4]: records written - 1
2024-04-24T01:10:23,614  INFO [LocalJobRunner Map Task Executor #0] exec.MapOperator: MAP[0]: records read - 1
2024-04-24T01:10:23,614  INFO [LocalJobRunner Map Task Executor #0] exec.MapOperator: Closing Operator: MAP[0]
2024-04-24T01:10:23,614  INFO [LocalJobRunner Map Task Executor #0] exec.MapOperator: MAP[0]: Total records read - 3. abort - false
2024-04-24T01:10:23,614  INFO [LocalJobRunner Map Task Executor #0] exec.MapOperator: RECORDS_OUT_OPERATOR_MAP_0:0, RECORDS_OUT_INTERMEDIATE:0, DESERIALIZE_ERRORS:0, RECORDS_IN:3, 
2024-04-24T01:10:23,614  INFO [LocalJobRunner Map Task Executor #0] exec.TableScanOperator: Closing Operator: TS[0]
2024-04-24T01:10:23,614  INFO [LocalJobRunner Map Task Executor #0] exec.TableScanOperator: RECORDS_OUT_INTERMEDIATE:0, RECORDS_OUT_OPERATOR_TS_0:1, 
2024-04-24T01:10:23,614  INFO [LocalJobRunner Map Task Executor #0] exec.SelectOperator: Closing Operator: SEL[1]
2024-04-24T01:10:23,614  INFO [LocalJobRunner Map Task Executor #0] exec.SelectOperator: RECORDS_OUT_INTERMEDIATE:0, RECORDS_OUT_OPERATOR_SEL_1:1, 
2024-04-24T01:10:23,614  INFO [LocalJobRunner Map Task Executor #0] exec.UDTFOperator: Closing Operator: UDTF[2]
2024-04-24T01:10:23,614  INFO [LocalJobRunner Map Task Executor #0] exec.UDTFOperator: RECORDS_OUT_OPERATOR_UDTF_2:2, RECORDS_OUT_INTERMEDIATE:0, 
2024-04-24T01:10:23,614  INFO [LocalJobRunner Map Task Executor #0] exec.SelectOperator: Closing Operator: SEL[3]
2024-04-24T01:10:23,615  INFO [LocalJobRunner Map Task Executor #0] exec.SelectOperator: RECORDS_OUT_INTERMEDIATE:0, RECORDS_OUT_OPERATOR_SEL_3:2, 
2024-04-24T01:10:23,615  INFO [LocalJobRunner Map Task Executor #0] exec.ReduceSinkOperator: Closing Operator: RS[4]
2024-04-24T01:10:23,615  INFO [LocalJobRunner Map Task Executor #0] exec.ReduceSinkOperator: RS[4]: Total records written - 2. abort - false
2024-04-24T01:10:23,615  INFO [LocalJobRunner Map Task Executor #0] exec.ReduceSinkOperator: RECORDS_OUT_OPERATOR_RS_4:2, RECORDS_OUT_INTERMEDIATE:2, 
2024-04-24T01:10:23,617  INFO [LocalJobRunner Map Task Executor #0] mapred.LocalJobRunner: 
2024-04-24T01:10:23,617  INFO [LocalJobRunner Map Task Executor #0] mapred.MapTask: Starting flush of map output
2024-04-24T01:10:23,617  INFO [LocalJobRunner Map Task Executor #0] mapred.MapTask: Spilling map output
2024-04-24T01:10:23,617  INFO [LocalJobRunner Map Task Executor #0] mapred.MapTask: bufstart = 0; bufend = 32; bufvoid = 104857600
2024-04-24T01:10:23,617  INFO [LocalJobRunner Map Task Executor #0] mapred.MapTask: kvstart = 26214396(104857584); kvend = 26214392(104857568); length = 5/6553600
2024-04-24T01:10:23,626  INFO [LocalJobRunner Map Task Executor #0] mapred.MapTask: Finished spill 0
2024-04-24T01:10:23,631  INFO [LocalJobRunner Map Task Executor #0] mapred.Task: Task:attempt_local277419444_0043_m_000000_0 is done. And is in the process of committing
2024-04-24T01:10:23,631  INFO [LocalJobRunner Map Task Executor #0] mapred.LocalJobRunner: map
2024-04-24T01:10:23,631  INFO [LocalJobRunner Map Task Executor #0] mapred.Task: Task 'attempt_local277419444_0043_m_000000_0' done.
2024-04-24T01:10:23,631  INFO [LocalJobRunner Map Task Executor #0] mapred.Task: Final Counters for attempt_local277419444_0043_m_000000_0: Counters: 26
	File System Counters
		FILE: Number of bytes read=997059
		FILE: Number of bytes written=53950898
		FILE: Number of read operations=0
		FILE: Number of large read operations=0
		FILE: Number of write operations=0
	Map-Reduce Framework
		Map input records=4
		Map output records=2
		Map output bytes=32
		Map output materialized bytes=48
		Input split bytes=361
		Combine input records=0
		Spilled Records=2
		Failed Shuffles=0
		Merged Map outputs=0
		GC time elapsed (ms)=0
		Total committed heap usage (bytes)=1746403328
	HIVE
		DESERIALIZE_ERRORS=0
		RECORDS_IN=3
		RECORDS_OUT_INTERMEDIATE=2
		RECORDS_OUT_OPERATOR_MAP_0=0
		RECORDS_OUT_OPERATOR_RS_4=2
		RECORDS_OUT_OPERATOR_SEL_1=1
		RECORDS_OUT_OPERATOR_SEL_3=2
		RECORDS_OUT_OPERATOR_TS_0=1
		RECORDS_OUT_OPERATOR_UDTF_2=2
	File Input Format Counters 
		Bytes Read=5362
2024-04-24T01:10:23,631  INFO [LocalJobRunner Map Task Executor #0] mapred.LocalJobRunner: Finishing task: attempt_local277419444_0043_m_000000_0
2024-04-24T01:10:23,632  INFO [Thread-3566] mapred.LocalJobRunner: map task executor complete.
2024-04-24T01:10:23,633  INFO [Thread-3566] mapred.LocalJobRunner: Waiting for reduce tasks
2024-04-24T01:10:23,633  INFO [pool-207-thread-1] mapred.LocalJobRunner: Starting task: attempt_local277419444_0043_r_000000_0
2024-04-24T01:10:23,635  INFO [pool-207-thread-1] mapred.Task:  Using ResourceCalculatorProcessTree : [ ]
2024-04-24T01:10:23,635  INFO [pool-207-thread-1] mapred.ReduceTask: Using ShuffleConsumerPlugin: org.apache.hadoop.mapreduce.task.reduce.Shuffle@7c1cf271
2024-04-24T01:10:23,635  WARN [pool-207-thread-1] impl.MetricsSystemImpl: JobTracker metrics system already initialized!
2024-04-24T01:10:23,636  INFO [pool-207-thread-1] reduce.MergeManagerImpl: MergerManager: memoryLimit=1336252800, maxSingleShuffleLimit=334063200, mergeThreshold=881926912, ioSortFactor=10, memToMemMergeOutputsThreshold=10
2024-04-24T01:10:23,636  INFO [EventFetcher for fetching Map Completion Events] reduce.EventFetcher: attempt_local277419444_0043_r_000000_0 Thread started: EventFetcher for fetching Map Completion Events
2024-04-24T01:10:23,639  INFO [localfetcher#59] reduce.LocalFetcher: localfetcher#59 about to shuffle output of map attempt_local277419444_0043_m_000000_0 decomp: 20 len: 24 to MEMORY
2024-04-24T01:10:23,639  INFO [localfetcher#59] reduce.InMemoryMapOutput: Read 20 bytes from map-output for attempt_local277419444_0043_m_000000_0
2024-04-24T01:10:23,639  INFO [localfetcher#59] reduce.MergeManagerImpl: closeInMemoryFile -> map-output of size: 20, inMemoryMapOutputs.size() -> 1, commitMemory -> 0, usedMemory ->20
2024-04-24T01:10:23,639  INFO [EventFetcher for fetching Map Completion Events] reduce.EventFetcher: EventFetcher is interrupted.. Returning
2024-04-24T01:10:23,640  INFO [pool-207-thread-1] mapred.LocalJobRunner: 1 / 1 copied.
2024-04-24T01:10:23,640  INFO [pool-207-thread-1] reduce.MergeManagerImpl: finalMerge called with 1 in-memory map-outputs and 0 on-disk map-outputs
2024-04-24T01:10:23,646  INFO [pool-207-thread-1] mapred.Merger: Merging 1 sorted segments
2024-04-24T01:10:23,646  INFO [pool-207-thread-1] mapred.Merger: Down to the last merge-pass, with 1 segments left of total size: 8 bytes
2024-04-24T01:10:23,648  INFO [pool-207-thread-1] reduce.MergeManagerImpl: Merged 1 segments, 20 bytes to disk to satisfy reduce memory limit
2024-04-24T01:10:23,648  INFO [pool-207-thread-1] reduce.MergeManagerImpl: Merging 1 files, 24 bytes from disk
2024-04-24T01:10:23,648  INFO [pool-207-thread-1] reduce.MergeManagerImpl: Merging 0 segments, 0 bytes from memory into reduce
2024-04-24T01:10:23,648  INFO [pool-207-thread-1] mapred.Merger: Merging 1 sorted segments
2024-04-24T01:10:23,648  INFO [pool-207-thread-1] mapred.Merger: Down to the last merge-pass, with 1 segments left of total size: 8 bytes
2024-04-24T01:10:23,649  INFO [pool-207-thread-1] mapred.LocalJobRunner: 1 / 1 copied.
2024-04-24T01:10:23,649  INFO [pool-207-thread-1] exec.SerializationUtilities: Deserializing ReduceWork using kryo
2024-04-24T01:10:23,649  INFO [pool-207-thread-1] exec.Utilities: Deserialized plan (via FILE) - name: null size: 5,92KB
2024-04-24T01:10:23,650  INFO [pool-207-thread-1] ExecReducer: 
<SEL>Id =5
  <Children>
    <FS>Id =6
      <Children>
      <\Children>
      <Parent>Id = 5 null<\Parent>
    <\FS>
  <\Children>
  <Parent><\Parent>
<\SEL>
2024-04-24T01:10:23,650  INFO [pool-207-thread-1] exec.SelectOperator: Initializing Operator: SEL[5]
2024-04-24T01:10:23,650  INFO [pool-207-thread-1] exec.SelectOperator: SELECT struct<key:struct<reducesinkkey0:int>,value:struct<_col0:int>>
2024-04-24T01:10:23,650  INFO [pool-207-thread-1] exec.FileSinkOperator: Initializing Operator: FS[6]
2024-04-24T01:10:23,651  INFO [pool-207-thread-1] exec.FileSinkOperator: Using serializer : AbstractSerDe [log=org.apache.logging.slf4j.Log4jLogger@7c52fdfa, configuration=Optional[Configuration: core-default.xml, core-site.xml, mapred-default.xml, mapred-site.xml, yarn-default.xml, yarn-site.xml, hdfs-default.xml, hdfs-site.xml, file:/home/alex/Repositories/hive/ql/target/tmp/TestTxnCommandsWithSplitUpdateAndVectorization/mapred/local/localRunner/alex/job_local277419444_0043/job_local277419444_0043.xml], properties={transactional_properties=default, name=default.acidtbl, transactional=true, columns.types=int:int, bucket_field_name=a, columns=a,b, numFilesErasureCoded=0, columns.comments=&amp#0;, bucketing_version=2, bucket_count=2, serialization.lib=org.apache.hadoop.hive.ql.io.orc.OrcSerde, file.inputformat=org.apache.hadoop.hive.ql.io.orc.OrcInputFormat, file.outputformat=org.apache.hadoop.hive.ql.io.orc.OrcOutputFormat, location=file:/home/alex/Repositories/hive/ql/target/tmp/org.apache.hadoop.hive.ql.TestTxnCommands-1713946100941/warehouse/acidtbl, column.name.delimiter=,}, tableProperties={transactional_properties=default, name=default.acidtbl, transactional=true, columns.types=int:int, bucket_field_name=a, columns=a,b, numFilesErasureCoded=0, columns.comments=&amp#0;, bucketing_version=2, bucket_count=2, serialization.lib=org.apache.hadoop.hive.ql.io.orc.OrcSerde, file.inputformat=org.apache.hadoop.hive.ql.io.orc.OrcInputFormat, location=file:/home/alex/Repositories/hive/ql/target/tmp/org.apache.hadoop.hive.ql.TestTxnCommands-1713946100941/warehouse/acidtbl, file.outputformat=org.apache.hadoop.hive.ql.io.orc.OrcOutputFormat, column.name.delimiter=,}, partitionProperties=Optional.empty, columnNames=[a, b], columnTypes=[int, int], getClass()=class org.apache.hadoop.hive.ql.io.orc.OrcSerde] and formatter : org.apache.hadoop.hive.ql.io.orc.OrcOutputFormat@4769b1d2
2024-04-24T01:10:23,651  INFO [pool-207-thread-1] exec.FileSinkOperator: Final Path: FS file:/home/alex/Repositories/hive/ql/target/tmp/org.apache.hadoop.hive.ql.TestTxnCommands-1713946100941/warehouse/acidtbl
2024-04-24T01:10:23,651  INFO [pool-207-thread-1] exec.FileSinkOperator: New Final Path: FS file:/home/alex/Repositories/hive/ql/target/tmp/org.apache.hadoop.hive.ql.TestTxnCommands-1713946100941/warehouse/acidtbl
2024-04-24T01:10:23,651  INFO [pool-207-thread-1] common.FileUtils: Creating directory if it doesn't exist: file:/home/alex/Repositories/hive/ql/target/tmp/org.apache.hadoop.hive.ql.TestTxnCommands-1713946100941/warehouse
2024-04-24T01:10:23,652  INFO [pool-207-thread-1] exec.FileSinkOperator: FS[6]: records written - 1
2024-04-24T01:10:23,652  INFO [pool-207-thread-1] impl.PhysicalFsWriter: ORC writer created for path: file:/home/alex/Repositories/hive/ql/target/tmp/org.apache.hadoop.hive.ql.TestTxnCommands-1713946100941/warehouse/acidtbl/delta_0000001_0000001_0000/bucket_00000_0 with stripeSize: 8388608 blockSize: 268435456 compression: Compress: ZLIB buffer: 32768
2024-04-24T01:10:23,658  INFO [pool-207-thread-1] impl.WriterImpl: ORC writer created for path: file:/home/alex/Repositories/hive/ql/target/tmp/org.apache.hadoop.hive.ql.TestTxnCommands-1713946100941/warehouse/acidtbl/delta_0000001_0000001_0000/bucket_00000_0 with stripeSize: 8388608 options: Compress: ZLIB buffer: 32768
2024-04-24T01:10:23,663  INFO [pool-207-thread-1] exec.SelectOperator: Closing Operator: SEL[5]
2024-04-24T01:10:23,663  INFO [pool-207-thread-1] exec.SelectOperator: RECORDS_OUT_INTERMEDIATE:0, RECORDS_OUT_OPERATOR_SEL_5:1, 
2024-04-24T01:10:23,663  INFO [pool-207-thread-1] exec.FileSinkOperator: Closing Operator: FS[6]
2024-04-24T01:10:23,663  INFO [pool-207-thread-1] exec.FileSinkOperator: FS[6]: records written - 1
2024-04-24T01:10:23,664  INFO [pool-207-thread-1] FileOperations: Writing manifest to file:/home/alex/Repositories/hive/ql/target/tmp/org.apache.hadoop.hive.ql.TestTxnCommands-1713946100941/warehouse/acidtbl/_tmp.delta_0000001_0000001_0000/000000_0.manifest with [file:/home/alex/Repositories/hive/ql/target/tmp/org.apache.hadoop.hive.ql.TestTxnCommands-1713946100941/warehouse/acidtbl/delta_0000001_0000001_0000/bucket_00000_0]
2024-04-24T01:10:23,676  INFO [pool-207-thread-1] exec.FileSinkOperator: RECORDS_OUT_INTERMEDIATE:0, TOTAL_TABLE_ROWS_WRITTEN:1, RECORDS_OUT_1_default.acidtbl:1, RECORDS_OUT_OPERATOR_FS_6:1, 
2024-04-24T01:10:23,676  INFO [pool-207-thread-1] mapred.Task: Task:attempt_local277419444_0043_r_000000_0 is done. And is in the process of committing
2024-04-24T01:10:23,676  INFO [pool-207-thread-1] mapred.LocalJobRunner: reduce > reduce
2024-04-24T01:10:23,677  INFO [pool-207-thread-1] mapred.Task: Task 'attempt_local277419444_0043_r_000000_0' done.
2024-04-24T01:10:23,677  INFO [pool-207-thread-1] mapred.Task: Final Counters for attempt_local277419444_0043_r_000000_0: Counters: 30
	File System Counters
		FILE: Number of bytes read=1003166
		FILE: Number of bytes written=53951937
		FILE: Number of read operations=0
		FILE: Number of large read operations=0
		FILE: Number of write operations=0
	Map-Reduce Framework
		Combine input records=0
		Combine output records=0
		Reduce input groups=1
		Reduce shuffle bytes=24
		Reduce input records=1
		Reduce output records=0
		Spilled Records=1
		Shuffled Maps =1
		Failed Shuffles=0
		Merged Map outputs=1
		GC time elapsed (ms)=0
		Total committed heap usage (bytes)=1746403328
	HIVE
		CREATED_FILES=1
		RECORDS_OUT_1_default.acidtbl=1
		RECORDS_OUT_INTERMEDIATE=0
		RECORDS_OUT_OPERATOR_FS_6=1
		RECORDS_OUT_OPERATOR_SEL_5=1
		TOTAL_TABLE_ROWS_WRITTEN=1
	Shuffle Errors
		BAD_ID=0
		CONNECTION=0
		IO_ERROR=0
		WRONG_LENGTH=0
		WRONG_MAP=0
		WRONG_REDUCE=0
	File Output Format Counters 
		Bytes Written=0
2024-04-24T01:10:23,677  INFO [pool-207-thread-1] mapred.LocalJobRunner: Finishing task: attempt_local277419444_0043_r_000000_0
2024-04-24T01:10:23,677  INFO [pool-207-thread-1] mapred.LocalJobRunner: Starting task: attempt_local277419444_0043_r_000001_0
2024-04-24T01:10:23,677  INFO [pool-207-thread-1] mapred.Task:  Using ResourceCalculatorProcessTree : [ ]
2024-04-24T01:10:23,677  INFO [pool-207-thread-1] mapred.ReduceTask: Using ShuffleConsumerPlugin: org.apache.hadoop.mapreduce.task.reduce.Shuffle@6ac685e
2024-04-24T01:10:23,677  WARN [pool-207-thread-1] impl.MetricsSystemImpl: JobTracker metrics system already initialized!
2024-04-24T01:10:23,678  INFO [pool-207-thread-1] reduce.MergeManagerImpl: MergerManager: memoryLimit=1336252800, maxSingleShuffleLimit=334063200, mergeThreshold=881926912, ioSortFactor=10, memToMemMergeOutputsThreshold=10
2024-04-24T01:10:23,679  INFO [EventFetcher for fetching Map Completion Events] reduce.EventFetcher: attempt_local277419444_0043_r_000001_0 Thread started: EventFetcher for fetching Map Completion Events
2024-04-24T01:10:23,681  INFO [localfetcher#60] reduce.LocalFetcher: localfetcher#60 about to shuffle output of map attempt_local277419444_0043_m_000000_0 decomp: 20 len: 24 to MEMORY
2024-04-24T01:10:23,681  INFO [localfetcher#60] reduce.InMemoryMapOutput: Read 20 bytes from map-output for attempt_local277419444_0043_m_000000_0
2024-04-24T01:10:23,681  INFO [localfetcher#60] reduce.MergeManagerImpl: closeInMemoryFile -> map-output of size: 20, inMemoryMapOutputs.size() -> 1, commitMemory -> 0, usedMemory ->20
2024-04-24T01:10:23,682  INFO [EventFetcher for fetching Map Completion Events] reduce.EventFetcher: EventFetcher is interrupted.. Returning
2024-04-24T01:10:23,682  INFO [pool-207-thread-1] mapred.LocalJobRunner: 1 / 1 copied.
2024-04-24T01:10:23,682  INFO [pool-207-thread-1] reduce.MergeManagerImpl: finalMerge called with 1 in-memory map-outputs and 0 on-disk map-outputs
2024-04-24T01:10:23,689  INFO [pool-207-thread-1] mapred.Merger: Merging 1 sorted segments
2024-04-24T01:10:23,689  INFO [pool-207-thread-1] mapred.Merger: Down to the last merge-pass, with 1 segments left of total size: 8 bytes
2024-04-24T01:10:23,691  INFO [pool-207-thread-1] reduce.MergeManagerImpl: Merged 1 segments, 20 bytes to disk to satisfy reduce memory limit
2024-04-24T01:10:23,691  INFO [pool-207-thread-1] reduce.MergeManagerImpl: Merging 1 files, 24 bytes from disk
2024-04-24T01:10:23,691  INFO [pool-207-thread-1] reduce.MergeManagerImpl: Merging 0 segments, 0 bytes from memory into reduce
2024-04-24T01:10:23,691  INFO [pool-207-thread-1] mapred.Merger: Merging 1 sorted segments
2024-04-24T01:10:23,691  INFO [pool-207-thread-1] mapred.Merger: Down to the last merge-pass, with 1 segments left of total size: 8 bytes
2024-04-24T01:10:23,691  INFO [pool-207-thread-1] mapred.LocalJobRunner: 1 / 1 copied.
2024-04-24T01:10:23,692  INFO [pool-207-thread-1] exec.SerializationUtilities: Deserializing ReduceWork using kryo
2024-04-24T01:10:23,692  INFO [pool-207-thread-1] exec.Utilities: Deserialized plan (via FILE) - name: null size: 5,92KB
2024-04-24T01:10:23,693  INFO [pool-207-thread-1] ExecReducer: 
<SEL>Id =5
  <Children>
    <FS>Id =6
      <Children>
      <\Children>
      <Parent>Id = 5 null<\Parent>
    <\FS>
  <\Children>
  <Parent><\Parent>
<\SEL>
2024-04-24T01:10:23,693  INFO [pool-207-thread-1] exec.SelectOperator: Initializing Operator: SEL[5]
2024-04-24T01:10:23,693  INFO [pool-207-thread-1] exec.SelectOperator: SELECT struct<key:struct<reducesinkkey0:int>,value:struct<_col0:int>>
2024-04-24T01:10:23,693  INFO [pool-207-thread-1] exec.FileSinkOperator: Initializing Operator: FS[6]
2024-04-24T01:10:23,694  INFO [pool-207-thread-1] exec.FileSinkOperator: Using serializer : AbstractSerDe [log=org.apache.logging.slf4j.Log4jLogger@7c52fdfa, configuration=Optional[Configuration: core-default.xml, core-site.xml, mapred-default.xml, mapred-site.xml, yarn-default.xml, yarn-site.xml, hdfs-default.xml, hdfs-site.xml, file:/home/alex/Repositories/hive/ql/target/tmp/TestTxnCommandsWithSplitUpdateAndVectorization/mapred/local/localRunner/alex/job_local277419444_0043/job_local277419444_0043.xml], properties={transactional_properties=default, name=default.acidtbl, transactional=true, columns.types=int:int, bucket_field_name=a, columns=a,b, numFilesErasureCoded=0, columns.comments=&amp#0;, bucketing_version=2, bucket_count=2, serialization.lib=org.apache.hadoop.hive.ql.io.orc.OrcSerde, file.inputformat=org.apache.hadoop.hive.ql.io.orc.OrcInputFormat, file.outputformat=org.apache.hadoop.hive.ql.io.orc.OrcOutputFormat, location=file:/home/alex/Repositories/hive/ql/target/tmp/org.apache.hadoop.hive.ql.TestTxnCommands-1713946100941/warehouse/acidtbl, column.name.delimiter=,}, tableProperties={transactional_properties=default, name=default.acidtbl, transactional=true, columns.types=int:int, bucket_field_name=a, columns=a,b, numFilesErasureCoded=0, columns.comments=&amp#0;, bucketing_version=2, bucket_count=2, serialization.lib=org.apache.hadoop.hive.ql.io.orc.OrcSerde, file.inputformat=org.apache.hadoop.hive.ql.io.orc.OrcInputFormat, location=file:/home/alex/Repositories/hive/ql/target/tmp/org.apache.hadoop.hive.ql.TestTxnCommands-1713946100941/warehouse/acidtbl, file.outputformat=org.apache.hadoop.hive.ql.io.orc.OrcOutputFormat, column.name.delimiter=,}, partitionProperties=Optional.empty, columnNames=[a, b], columnTypes=[int, int], getClass()=class org.apache.hadoop.hive.ql.io.orc.OrcSerde] and formatter : org.apache.hadoop.hive.ql.io.orc.OrcOutputFormat@15f4aba7
2024-04-24T01:10:23,694  INFO [pool-207-thread-1] exec.FileSinkOperator: Final Path: FS file:/home/alex/Repositories/hive/ql/target/tmp/org.apache.hadoop.hive.ql.TestTxnCommands-1713946100941/warehouse/acidtbl
2024-04-24T01:10:23,694  INFO [pool-207-thread-1] exec.FileSinkOperator: New Final Path: FS file:/home/alex/Repositories/hive/ql/target/tmp/org.apache.hadoop.hive.ql.TestTxnCommands-1713946100941/warehouse/acidtbl
2024-04-24T01:10:23,694  INFO [pool-207-thread-1] common.FileUtils: Creating directory if it doesn't exist: file:/home/alex/Repositories/hive/ql/target/tmp/org.apache.hadoop.hive.ql.TestTxnCommands-1713946100941/warehouse
2024-04-24T01:10:23,695  INFO [pool-207-thread-1] exec.FileSinkOperator: FS[6]: records written - 1
2024-04-24T01:10:23,695  INFO [pool-207-thread-1] impl.PhysicalFsWriter: ORC writer created for path: file:/home/alex/Repositories/hive/ql/target/tmp/org.apache.hadoop.hive.ql.TestTxnCommands-1713946100941/warehouse/acidtbl/delta_0000001_0000001_0000/bucket_00001_0 with stripeSize: 8388608 blockSize: 268435456 compression: Compress: ZLIB buffer: 32768
2024-04-24T01:10:23,699  INFO [pool-207-thread-1] impl.WriterImpl: ORC writer created for path: file:/home/alex/Repositories/hive/ql/target/tmp/org.apache.hadoop.hive.ql.TestTxnCommands-1713946100941/warehouse/acidtbl/delta_0000001_0000001_0000/bucket_00001_0 with stripeSize: 8388608 options: Compress: ZLIB buffer: 32768
2024-04-24T01:10:23,700  INFO [pool-207-thread-1] exec.SelectOperator: Closing Operator: SEL[5]
2024-04-24T01:10:23,700  INFO [pool-207-thread-1] exec.SelectOperator: RECORDS_OUT_OPERATOR_SEL_5:1, RECORDS_OUT_INTERMEDIATE:0, 
2024-04-24T01:10:23,700  INFO [pool-207-thread-1] exec.FileSinkOperator: Closing Operator: FS[6]
2024-04-24T01:10:23,700  INFO [pool-207-thread-1] exec.FileSinkOperator: FS[6]: records written - 1
2024-04-24T01:10:23,701  INFO [pool-207-thread-1] FileOperations: Writing manifest to file:/home/alex/Repositories/hive/ql/target/tmp/org.apache.hadoop.hive.ql.TestTxnCommands-1713946100941/warehouse/acidtbl/_tmp.delta_0000001_0000001_0000/000001_0.manifest with [file:/home/alex/Repositories/hive/ql/target/tmp/org.apache.hadoop.hive.ql.TestTxnCommands-1713946100941/warehouse/acidtbl/delta_0000001_0000001_0000/bucket_00001_0]
2024-04-24T01:10:23,711  INFO [pool-207-thread-1] exec.FileSinkOperator: TOTAL_TABLE_ROWS_WRITTEN:1, RECORDS_OUT_OPERATOR_FS_6:1, RECORDS_OUT_INTERMEDIATE:0, RECORDS_OUT_1_default.acidtbl:1, 
2024-04-24T01:10:23,711  INFO [pool-207-thread-1] mapred.Task: Task:attempt_local277419444_0043_r_000001_0 is done. And is in the process of committing
2024-04-24T01:10:23,711  INFO [pool-207-thread-1] mapred.LocalJobRunner: reduce > reduce
2024-04-24T01:10:23,711  INFO [pool-207-thread-1] mapred.Task: Task 'attempt_local277419444_0043_r_000001_0' done.
2024-04-24T01:10:23,711  INFO [pool-207-thread-1] mapred.Task: Final Counters for attempt_local277419444_0043_r_000001_0: Counters: 30
	File System Counters
		FILE: Number of bytes read=1009249
		FILE: Number of bytes written=53952965
		FILE: Number of read operations=0
		FILE: Number of large read operations=0
		FILE: Number of write operations=0
	Map-Reduce Framework
		Combine input records=0
		Combine output records=0
		Reduce input groups=1
		Reduce shuffle bytes=24
		Reduce input records=1
		Reduce output records=0
		Spilled Records=1
		Shuffled Maps =1
		Failed Shuffles=0
		Merged Map outputs=1
		GC time elapsed (ms)=0
		Total committed heap usage (bytes)=1746403328
	HIVE
		CREATED_FILES=1
		RECORDS_OUT_1_default.acidtbl=1
		RECORDS_OUT_INTERMEDIATE=0
		RECORDS_OUT_OPERATOR_FS_6=1
		RECORDS_OUT_OPERATOR_SEL_5=1
		TOTAL_TABLE_ROWS_WRITTEN=1
	Shuffle Errors
		BAD_ID=0
		CONNECTION=0
		IO_ERROR=0
		WRONG_LENGTH=0
		WRONG_MAP=0
		WRONG_REDUCE=0
	File Output Format Counters 
		Bytes Written=0
2024-04-24T01:10:23,712  INFO [pool-207-thread-1] mapred.LocalJobRunner: Finishing task: attempt_local277419444_0043_r_000001_0
2024-04-24T01:10:23,712  INFO [Thread-3566] mapred.LocalJobRunner: reduce task executor complete.
2024-04-24 01:10:24,595 Stage-1 map = 100%,  reduce = 100%
2024-04-24T01:10:24,596  INFO [main] exec.Task: 2024-04-24 01:10:24,595 Stage-1 map = 100%,  reduce = 100%
Ended Job = job_local277419444_0043
2024-04-24T01:10:24,598  INFO [main] exec.Task: Ended Job = job_local277419444_0043
2024-04-24T01:10:24,599  INFO [main] FileOperations: Found manifest file file:/home/alex/Repositories/hive/ql/target/tmp/org.apache.hadoop.hive.ql.TestTxnCommands-1713946100941/warehouse/acidtbl/_tmp.delta_0000001_0000001_0000/000001_0.manifest with attemptId 0.
2024-04-24T01:10:24,599  INFO [main] FileOperations: Found manifest file file:/home/alex/Repositories/hive/ql/target/tmp/org.apache.hadoop.hive.ql.TestTxnCommands-1713946100941/warehouse/acidtbl/_tmp.delta_0000001_0000001_0000/000000_0.manifest with attemptId 0.
2024-04-24T01:10:24,599  INFO [main] FileOperations: Looking at manifest file: file:/home/alex/Repositories/hive/ql/target/tmp/org.apache.hadoop.hive.ql.TestTxnCommands-1713946100941/warehouse/acidtbl/_tmp.delta_0000001_0000001_0000/000000_0.manifest
2024-04-24T01:10:24,599  INFO [main] FileOperations: Looking at manifest file: file:/home/alex/Repositories/hive/ql/target/tmp/org.apache.hadoop.hive.ql.TestTxnCommands-1713946100941/warehouse/acidtbl/_tmp.delta_0000001_0000001_0000/000001_0.manifest
2024-04-24T01:10:24,599  INFO [main] FileOperations: Deleting manifest directory file:/home/alex/Repositories/hive/ql/target/tmp/org.apache.hadoop.hive.ql.TestTxnCommands-1713946100941/warehouse/acidtbl/_tmp.delta_0000001_0000001_0000
2024-04-24T01:10:24,600  INFO [main] ql.Driver: Starting task [Stage-0:MOVE] in serial mode
Loading data to table default.acidtbl
2024-04-24T01:10:24,600  INFO [main] exec.Task: Loading data to table default.acidtbl from file:/home/alex/Repositories/hive/ql/target/tmp/org.apache.hadoop.hive.ql.TestTxnCommands-1713946100941/warehouse/acidtbl
2024-04-24T01:10:24,600  INFO [main] HiveMetaStore.audit: ugi=alex	ip=unknown-ip-addr	cmd=get_table : tbl=hive.default.acidtbl	
2024-04-24T01:10:24,607  INFO [main] metastore.HMSHandler: Skipping translation for processor with null
2024-04-24T01:10:24,607  INFO [main] HiveMetaStore.audit: ugi=alex	ip=unknown-ip-addr	cmd=get_table : tbl=hive.default.acidtbl	
2024-04-24T01:10:24,613  INFO [main] metastore.HMSHandler: Skipping translation for processor with null
2024-04-24T01:10:24,614  INFO [main] HiveMetaStore.audit: ugi=alex	ip=unknown-ip-addr	cmd=alter_table: hive.default.acidtbl newtbl=acidtbl	
2024-04-24T01:10:24,645  INFO [main] ql.Driver: Starting task [Stage-2:STATS] in serial mode
2024-04-24T01:10:24,645  INFO [main] HiveMetaStore.audit: ugi=alex	ip=unknown-ip-addr	cmd=get_table : tbl=hive.default.acidtbl	
2024-04-24T01:10:24,651  INFO [main] metastore.HMSHandler: Skipping translation for processor with null
2024-04-24T01:10:24,651  INFO [main] stats.BasicStatsTask: Executing stats task
2024-04-24T01:10:24,652  INFO [main] fs.FSStatsPublisher: created : file:/home/alex/Repositories/hive/ql/target/tmp/localscratchdir/fa50f77f-ca48-441d-b9c9-21373b31a787/hive_2024-04-24_01-10-23_099_7170344556503650455-1/-mr-10000
2024-04-24T01:10:24,654  INFO [main] HiveMetaStore.audit: ugi=alex	ip=unknown-ip-addr	cmd=get_table : tbl=hive.default.acidtbl	
2024-04-24T01:10:24,661  INFO [main] metastore.HMSHandler: Skipping translation for processor with null
2024-04-24T01:10:24,672  WARN [main] FileOperations: Computing stats for an ACID table; stats may be inaccurate
2024-04-24T01:10:24,672  INFO [main] FileOperations: Read stats for default.acidtbl/, numRows, true, 2, false: 
2024-04-24T01:10:24,672  INFO [main] FileOperations: Read stats for default.acidtbl/, rawDataSize, true, 0, false: 
2024-04-24T01:10:24,673  INFO [main] HiveMetaStore.audit: ugi=alex	ip=unknown-ip-addr	cmd=alter_table: hive.default.acidtbl newtbl=acidtbl	
2024-04-24T01:10:24,693  INFO [main] FileOperations: Read stats for default.acidtbl/, insertCount, true, 2, false: 
2024-04-24T01:10:24,693  INFO [main] FileOperations: Read stats for default.acidtbl/, updateCount, true, 0, false: 
2024-04-24T01:10:24,693  INFO [main] FileOperations: Read stats for default.acidtbl/, deleteCount, true, 0, false: 
2024-04-24T01:10:24,695  INFO [main] stats.BasicStatsTask: Table default.acidtbl stats: [numFiles=2, numRows=2, totalSize=1344, rawDataSize=0, numFilesErasureCoded=0]
2024-04-24T01:10:24,696  INFO [main] metadata.Hive: Dumping metastore api call timing information for : execution phase
2024-04-24T01:10:24,696  INFO [main] metadata.Hive: Total time spent in each metastore function (ms): {updateTransactionalStatistics_(UpdateTransactionalStatsRequest)=2, alter_table_(String, String, String, Table, EnvironmentContext, String)=51, getTable_(GetTableRequest)=26, isCompatibleWith_(Configuration)=0}
MapReduce Jobs Launched: 
2024-04-24T01:10:24,696  INFO [main] ql.Driver: MapReduce Jobs Launched: 
Stage-Stage-1:  HDFS Read: 0 HDFS Write: 0 SUCCESS
2024-04-24T01:10:24,696  INFO [main] ql.Driver: Stage-Stage-1:  HDFS Read: 0 HDFS Write: 0 SUCCESS
Total MapReduce CPU Time Spent: 0 msec
2024-04-24T01:10:24,696  INFO [main] ql.Driver: Total MapReduce CPU Time Spent: 0 msec
2024-04-24T01:10:24,696  INFO [main] ql.Driver: Completed executing command(queryId=alex_20240424011023_8340e41b-8f64-4f51-8884-3a0e82705c1f); Time taken: 1.41 seconds
2024-04-24T01:10:24,697  INFO [main] ql.TxnCommandsBaseForTests: Running the query: insert into acidTbl(a,b)  values(5,6),(7,8)
2024-04-24T01:10:24,697  INFO [main] ql.Context: Deleting scratch dir: file:/home/alex/Repositories/hive/ql/target/tmp/localscratchdir/fa50f77f-ca48-441d-b9c9-21373b31a787/hive_2024-04-24_01-10-23_099_7170344556503650455-1
2024-04-24T01:10:24,698  INFO [main] cleanup.SyncCleanupService: Deleted directory: file:/home/alex/Repositories/hive/ql/target/tmp/localscratchdir/fa50f77f-ca48-441d-b9c9-21373b31a787/hive_2024-04-24_01-10-23_099_7170344556503650455-1 on fs with scheme file
2024-04-24T01:10:24,698  INFO [main] ql.Driver: Compiling command(queryId=alex_20240424011024_e73f07d8-81b3-4e84-8d7e-58345a0c222d): insert into acidTbl(a,b)  values(5,6),(7,8)
2024-04-24T01:10:24,698  INFO [main] parse.CalcitePlanner: Starting caching scope for: 
2024-04-24T01:10:24,698  INFO [main] parse.CalcitePlanner: Starting Semantic Analysis
2024-04-24T01:10:24,699  INFO [main] HiveMetaStore.audit: ugi=alex	ip=unknown-ip-addr	cmd=get_table : tbl=hive.default.acidTbl	
2024-04-24T01:10:24,706  INFO [main] metastore.HMSHandler: Skipping translation for processor with null
2024-04-24T01:10:24,706  INFO [main] parse.CalcitePlanner: Completed phase 1 of Semantic Analysis
2024-04-24T01:10:24,706  INFO [main] parse.CalcitePlanner: Get metadata for source tables
2024-04-24T01:10:24,706  INFO [main] parse.CalcitePlanner: Get metadata for subqueries
2024-04-24T01:10:24,706  INFO [main] parse.CalcitePlanner: Get metadata for destination tables
2024-04-24T01:10:24,706  INFO [main] HiveMetaStore.audit: ugi=alex	ip=unknown-ip-addr	cmd=get_table : tbl=hive.default.acidTbl	
2024-04-24T01:10:24,712  INFO [main] metastore.HMSHandler: Skipping translation for processor with null
2024-04-24T01:10:24,712  INFO [main] parse.CalcitePlanner: Completed getting MetaData in Semantic Analysis
2024-04-24T01:10:24,712  INFO [main] parse.CalcitePlanner: Disabling LLAP IO encode as ETL query is detected
2024-04-24T01:10:24,733  INFO [main] HiveMetaStore.audit: ugi=alex	ip=unknown-ip-addr	cmd=get_all_table_constraints : tbl=hive._dummy_database._dummy_table	
2024-04-24T01:10:24,785  INFO [main] parse.CalcitePlanner: Get metadata for source tables
2024-04-24T01:10:24,785  INFO [main] parse.CalcitePlanner: Get metadata for subqueries
2024-04-24T01:10:24,785  INFO [main] parse.CalcitePlanner: Get metadata for source tables
2024-04-24T01:10:24,786  INFO [main] HiveMetaStore.audit: ugi=alex	ip=unknown-ip-addr	cmd=get_table : tbl=hive._dummy_database._dummy_table	
2024-04-24T01:10:24,788  INFO [main] parse.CalcitePlanner: Get metadata for subqueries
2024-04-24T01:10:24,788  INFO [main] parse.CalcitePlanner: Get metadata for destination tables
2024-04-24T01:10:24,788  INFO [main] parse.CalcitePlanner: Get metadata for destination tables
2024-04-24T01:10:24,788  INFO [main] HiveMetaStore.audit: ugi=alex	ip=unknown-ip-addr	cmd=get_table : tbl=hive.default.acidTbl	
2024-04-24T01:10:24,794  INFO [main] metastore.HMSHandler: Skipping translation for processor with null
2024-04-24T01:10:24,796  INFO [main] HiveMetaStore.audit: ugi=alex	ip=unknown-ip-addr	cmd=get_not_null_constraints : tbl=hive.default.acidtbl	
2024-04-24T01:10:24,797  INFO [main] HiveMetaStore.audit: ugi=alex	ip=unknown-ip-addr	cmd=get_check_constraints : tbl=hive.default.acidtbl	
2024-04-24T01:10:24,798  INFO [main] parse.CalcitePlanner: CBO Succeeded; optimized logical plan.
2024-04-24T01:10:24,802  INFO [main] optimizer.ColumnPrunerProcFactory: RS 4 oldColExprMap: {KEY.reducesinkkey0=Column[_col0], VALUE._col0=Column[_col1]}
2024-04-24T01:10:24,802  INFO [main] optimizer.ColumnPrunerProcFactory: RS 4 newColExprMap: {KEY.reducesinkkey0=Column[_col0], VALUE._col0=Column[_col1]}
2024-04-24T01:10:24,802  INFO [main] optimizer.BucketVersionPopulator: not considering bucketingVersion for: TS[0] because it has -1<2 buckets 
2024-04-24T01:10:24,803  INFO [main] optimizer.SortedDynPartitionOptimizer: Sorted dynamic partitioning optimization kicked in..
2024-04-24T01:10:24,811  INFO [main] HiveMetaStore.audit: ugi=alex	ip=unknown-ip-addr	cmd=get_table : tbl=hive.default.acidtbl	
2024-04-24T01:10:24,819  INFO [main] metastore.HMSHandler: Skipping translation for processor with null
2024-04-24T01:10:24,820  INFO [main] physical.Vectorizer: Examining input format to see if vectorization is enabled.
2024-04-24T01:10:24,820  INFO [main] physical.Vectorizer: Map vectorization enabled: false
2024-04-24T01:10:24,820  INFO [main] physical.Vectorizer: Map vectorized: false
2024-04-24T01:10:24,820  INFO [main] physical.Vectorizer: Map vectorizedVertexNum: 0
2024-04-24T01:10:24,820  INFO [main] physical.Vectorizer: Map enabledConditionsMet: [hive.vectorized.use.vectorized.input.format IS true]
2024-04-24T01:10:24,820  INFO [main] physical.Vectorizer: Map enabledConditionsNotMet: [Could not enable vectorization due to partition column names size 1 is greater than the number of table column names size 0 IS false]
2024-04-24T01:10:24,820  INFO [main] physical.Vectorizer: Map inputFileFormatClassNameSet: [org.apache.hadoop.hive.ql.io.NullRowsInputFormat]
2024-04-24T01:10:24,820  INFO [main] physical.Vectorizer: Reduce vectorization enabled: false
2024-04-24T01:10:24,820  INFO [main] physical.Vectorizer: Reduce vectorized: false
2024-04-24T01:10:24,820  INFO [main] physical.Vectorizer: Reduce vectorizedVertexNum: 1
2024-04-24T01:10:24,820  INFO [main] physical.Vectorizer: Reducer hive.vectorized.execution.reduce.enabled: true
2024-04-24T01:10:24,820  INFO [main] physical.Vectorizer: Reducer engine: mr
2024-04-24T01:10:24,820  INFO [main] parse.CalcitePlanner: Completed plan generation
2024-04-24T01:10:24,820  INFO [main] parse.CalcitePlanner: Ending caching scope for: 
2024-04-24T01:10:24,820  INFO [main] ql.Driver: Semantic Analysis Completed (retrial = false)
2024-04-24T01:10:24,820  INFO [main] ql.Driver: Created Hive schema: Schema(fieldSchemas:[FieldSchema(name:_col0, type:int, comment:null), FieldSchema(name:_col1, type:int, comment:null)], properties:null)
2024-04-24T01:10:24,820  INFO [main] metadata.Hive: Dumping metastore api call timing information for : compilation phase
2024-04-24T01:10:24,820  INFO [main] metadata.Hive: Total time spent in each metastore function (ms): {getTable_(GetTableRequest)=27, getValidWriteIds_(List, String)=2, flushCache_()=0, getNotNullConstraints_(NotNullConstraintsRequest)=1, getAllTableConstraints_(AllTableConstraintsRequest)=7, getCheckConstraints_(CheckConstraintsRequest)=1, isCompatibleWith_(Configuration)=0}
2024-04-24T01:10:24,821  INFO [main] ql.Driver: Completed compiling command(queryId=alex_20240424011024_e73f07d8-81b3-4e84-8d7e-58345a0c222d); Time taken: 0.122 seconds
2024-04-24T01:10:24,821  INFO [main] lockmgr.DbTxnManager: Setting lock request transaction to txnid:13 for queryId=alex_20240424011024_e73f07d8-81b3-4e84-8d7e-58345a0c222d
2024-04-24T01:10:24,821  INFO [main] lockmgr.DbLockManager: Requesting lock for queryId=alex_20240424011024_e73f07d8-81b3-4e84-8d7e-58345a0c222d
2024-04-24T01:10:24,833  INFO [main] lockmgr.DbLockManager: Response to queryId=alex_20240424011024_e73f07d8-81b3-4e84-8d7e-58345a0c222d LockResponse(lockid:8, state:ACQUIRED)
2024-04-24T01:10:24,833  INFO [main] ql.Driver: Operation QUERY obtained 1 locks
2024-04-24T01:10:24,834  INFO [main] ql.Driver: Executing command(queryId=alex_20240424011024_e73f07d8-81b3-4e84-8d7e-58345a0c222d): insert into acidTbl(a,b)  values(5,6),(7,8)
2024-04-24T01:10:24,834  WARN [main] ql.Driver: Hive-on-MR is deprecated in Hive 2 and may not be available in the future versions. Consider using a different execution engine (i.e. spark, tez) or using Hive 1.X releases.
Query ID = alex_20240424011024_e73f07d8-81b3-4e84-8d7e-58345a0c222d
2024-04-24T01:10:24,834  INFO [main] ql.Driver: Query ID = alex_20240424011024_e73f07d8-81b3-4e84-8d7e-58345a0c222d
Total jobs = 1
2024-04-24T01:10:24,834  INFO [main] ql.Driver: Total jobs = 1
Launching Job 1 out of 1
2024-04-24T01:10:24,834  INFO [main] ql.Driver: Launching Job 1 out of 1
2024-04-24T01:10:24,965  INFO [main] ql.Driver: Starting task [Stage-1:MAPRED] in serial mode
Number of reduce tasks determined at compile time: 2
2024-04-24T01:10:24,965  INFO [main] exec.Task: Number of reduce tasks determined at compile time: 2
In order to change the average load for a reducer (in bytes):
2024-04-24T01:10:24,965  INFO [main] exec.Task: In order to change the average load for a reducer (in bytes):
  set hive.exec.reducers.bytes.per.reducer=<number>
2024-04-24T01:10:24,965  INFO [main] exec.Task:   set hive.exec.reducers.bytes.per.reducer=<number>
In order to limit the maximum number of reducers:
2024-04-24T01:10:24,965  INFO [main] exec.Task: In order to limit the maximum number of reducers:
  set hive.exec.reducers.max=<number>
2024-04-24T01:10:24,965  INFO [main] exec.Task:   set hive.exec.reducers.max=<number>
In order to set a constant number of reducers:
2024-04-24T01:10:24,965  INFO [main] exec.Task: In order to set a constant number of reducers:
  set mapreduce.job.reduces=<number>
2024-04-24T01:10:24,965  INFO [main] exec.Task:   set mapreduce.job.reduces=<number>
2024-04-24T01:10:24,968  INFO [main] mr.ExecDriver: Using org.apache.hadoop.hive.ql.io.HiveInputFormat
2024-04-24T01:10:24,968  INFO [main] exec.Utilities: Processing alias $hdt$_0:_dummy_table
2024-04-24T01:10:24,969  INFO [main] exec.Utilities: Adding 1 inputs; the first input is file:/home/alex/Repositories/hive/ql/target/tmp/localscratchdir/fa50f77f-ca48-441d-b9c9-21373b31a787/hive_2024-04-24_01-10-24_698_1822798939365681913-1/dummy_path
2024-04-24T01:10:24,978  INFO [main] exec.SerializationUtilities: Serializing MapWork using kryo
2024-04-24T01:10:24,979  INFO [main] exec.Utilities: Serialized plan (via FILE) - name: null size: 5,31KB
2024-04-24T01:10:24,984  INFO [main] exec.SerializationUtilities: Serializing ReduceWork using kryo
2024-04-24T01:10:24,985  INFO [main] exec.Utilities: Serialized plan (via FILE) - name: null size: 5,92KB
2024-04-24T01:10:24,986  WARN [main] impl.MetricsSystemImpl: JobTracker metrics system already initialized!
2024-04-24T01:10:24,991  INFO [main] fs.FSStatsPublisher: created : file:/home/alex/Repositories/hive/ql/target/tmp/localscratchdir/fa50f77f-ca48-441d-b9c9-21373b31a787/hive_2024-04-24_01-10-24_698_1822798939365681913-1/-mr-10000
2024-04-24T01:10:24,993  WARN [main] impl.MetricsSystemImpl: JobTracker metrics system already initialized!
2024-04-24T01:10:25,002  WARN [main] mapreduce.JobResourceUploader: Hadoop command-line option parsing not performed. Implement the Tool interface and execute your application with ToolRunner to remedy this.
2024-04-24T01:10:25,006  WARN [main] mapreduce.JobResourceUploader: No job jar file set.  User classes may not be found. See Job or Job#setJar(String).
2024-04-24T01:10:25,008  INFO [main] io.HiveInputFormat: hive.io.file.readcolumn.ids = 
2024-04-24T01:10:25,008  INFO [main] io.HiveInputFormat: hive.io.file.readcolumn.names = 
2024-04-24T01:10:25,008  INFO [main] io.HiveInputFormat: Generating splits for dirs: file:/home/alex/Repositories/hive/ql/target/tmp/localscratchdir/fa50f77f-ca48-441d-b9c9-21373b31a787/hive_2024-04-24_01-10-24_698_1822798939365681913-1/dummy_path
2024-04-24T01:10:25,008  INFO [main] io.HiveInputFormat: number of splits 1
2024-04-24T01:10:25,026  INFO [main] mapreduce.JobSubmitter: number of splits:1
2024-04-24T01:10:25,052  INFO [main] mapreduce.JobSubmitter: Submitting tokens for job: job_local538520666_0044
2024-04-24T01:10:25,052  INFO [main] mapreduce.JobSubmitter: Executing with tokens: []
2024-04-24T01:10:25,119  INFO [main] mapreduce.Job: The url to track the job: http://localhost:8080/
Job running in-process (local Hadoop)
2024-04-24T01:10:25,119  INFO [main] exec.Task: Job running in-process (local Hadoop)
2024-04-24T01:10:25,120  INFO [Thread-3640] mapred.LocalJobRunner: OutputCommitter set in config org.apache.hadoop.hive.ql.io.HiveFileFormatUtils$NullOutputCommitter
2024-04-24T01:10:25,120  INFO [Thread-3640] mapred.LocalJobRunner: OutputCommitter is org.apache.hadoop.hive.ql.io.HiveFileFormatUtils$NullOutputCommitter
2024-04-24T01:10:25,121  INFO [Thread-3640] mapred.LocalJobRunner: Waiting for map tasks
2024-04-24T01:10:25,122  INFO [LocalJobRunner Map Task Executor #0] mapred.LocalJobRunner: Starting task: attempt_local538520666_0044_m_000000_0
2024-04-24T01:10:25,122  INFO [LocalJobRunner Map Task Executor #0] mapred.Task:  Using ResourceCalculatorProcessTree : [ ]
2024-04-24T01:10:25,122  INFO [LocalJobRunner Map Task Executor #0] mapred.MapTask: Processing split: org.apache.hadoop.hive.ql.io.NullRowsInputFormat:file:/home/alex/Repositories/hive/ql/target/tmp/localscratchdir/fa50f77f-ca48-441d-b9c9-21373b31a787/hive_2024-04-24_01-10-24_698_1822798939365681913-1/dummy_path/null:0+1
2024-04-24T01:10:25,123  INFO [LocalJobRunner Map Task Executor #0] exec.SerializationUtilities: Deserializing MapWork using kryo
2024-04-24T01:10:25,123  INFO [LocalJobRunner Map Task Executor #0] exec.Utilities: Deserialized plan (via FILE) - name: null size: 5,31KB
2024-04-24T01:10:25,124  INFO [LocalJobRunner Map Task Executor #0] mapred.MapTask: numReduceTasks: 2
2024-04-24T01:10:25,128  INFO [LocalJobRunner Map Task Executor #0] mapred.MapTask: (EQUATOR) 0 kvi 26214396(104857584)
2024-04-24T01:10:25,128  INFO [LocalJobRunner Map Task Executor #0] mapred.MapTask: mapreduce.task.io.sort.mb: 100
2024-04-24T01:10:25,128  INFO [LocalJobRunner Map Task Executor #0] mapred.MapTask: soft limit at 83886080
2024-04-24T01:10:25,128  INFO [LocalJobRunner Map Task Executor #0] mapred.MapTask: bufstart = 0; bufvoid = 104857600
2024-04-24T01:10:25,128  INFO [LocalJobRunner Map Task Executor #0] mapred.MapTask: kvstart = 26214396; length = 6553600
2024-04-24T01:10:25,128  INFO [LocalJobRunner Map Task Executor #0] mapred.MapTask: Map output collector class = org.apache.hadoop.mapred.MapTask$MapOutputBuffer
2024-04-24T01:10:25,129  INFO [LocalJobRunner Map Task Executor #0] exec.MapOperator: Initializing Operator: MAP[0]
2024-04-24T01:10:25,129  INFO [LocalJobRunner Map Task Executor #0] mr.ExecMapper: 
<MAP>Id =0
  <Children>null
  <\Children>
  <Parent><\Parent>
<\MAP>
2024-04-24T01:10:25,130  INFO [LocalJobRunner Map Task Executor #0] exec.TableScanOperator: Initializing Operator: TS[0]
2024-04-24T01:10:25,130  INFO [LocalJobRunner Map Task Executor #0] exec.SelectOperator: Initializing Operator: SEL[1]
2024-04-24T01:10:25,130  INFO [LocalJobRunner Map Task Executor #0] exec.SelectOperator: SELECT null
2024-04-24T01:10:25,130  INFO [LocalJobRunner Map Task Executor #0] exec.UDTFOperator: Initializing Operator: UDTF[2]
2024-04-24T01:10:25,130  INFO [LocalJobRunner Map Task Executor #0] exec.SelectOperator: Initializing Operator: SEL[3]
2024-04-24T01:10:25,130  INFO [LocalJobRunner Map Task Executor #0] exec.SelectOperator: SELECT struct<col1:int,col2:int>
2024-04-24T01:10:25,130  INFO [LocalJobRunner Map Task Executor #0] exec.ReduceSinkOperator: Initializing Operator: RS[4]
2024-04-24T01:10:25,130  INFO [LocalJobRunner Map Task Executor #0] exec.ReduceSinkOperator: Using tag = -1
2024-04-24T01:10:25,131  INFO [LocalJobRunner Map Task Executor #0] exec.ReduceSinkOperator: keys are [reducesinkkey0] num distributions: 1
2024-04-24T01:10:25,131  INFO [LocalJobRunner Map Task Executor #0] exec.ReduceSinkOperator: RS[4]: records written - 1
2024-04-24T01:10:25,131  INFO [LocalJobRunner Map Task Executor #0] exec.MapOperator: MAP[0]: records read - 1
2024-04-24T01:10:25,131  INFO [LocalJobRunner Map Task Executor #0] exec.MapOperator: Closing Operator: MAP[0]
2024-04-24T01:10:25,131  INFO [LocalJobRunner Map Task Executor #0] exec.MapOperator: MAP[0]: Total records read - 3. abort - false
2024-04-24T01:10:25,131  INFO [LocalJobRunner Map Task Executor #0] exec.MapOperator: RECORDS_IN:3, RECORDS_OUT_OPERATOR_MAP_0:0, DESERIALIZE_ERRORS:0, RECORDS_OUT_INTERMEDIATE:0, 
2024-04-24T01:10:25,131  INFO [LocalJobRunner Map Task Executor #0] exec.TableScanOperator: Closing Operator: TS[0]
2024-04-24T01:10:25,131  INFO [LocalJobRunner Map Task Executor #0] exec.TableScanOperator: RECORDS_OUT_INTERMEDIATE:0, RECORDS_OUT_OPERATOR_TS_0:1, 
2024-04-24T01:10:25,131  INFO [LocalJobRunner Map Task Executor #0] exec.SelectOperator: Closing Operator: SEL[1]
2024-04-24T01:10:25,131  INFO [LocalJobRunner Map Task Executor #0] exec.SelectOperator: RECORDS_OUT_OPERATOR_SEL_1:1, RECORDS_OUT_INTERMEDIATE:0, 
2024-04-24T01:10:25,131  INFO [LocalJobRunner Map Task Executor #0] exec.UDTFOperator: Closing Operator: UDTF[2]
2024-04-24T01:10:25,131  INFO [LocalJobRunner Map Task Executor #0] exec.UDTFOperator: RECORDS_OUT_OPERATOR_UDTF_2:2, RECORDS_OUT_INTERMEDIATE:0, 
2024-04-24T01:10:25,132  INFO [LocalJobRunner Map Task Executor #0] exec.SelectOperator: Closing Operator: SEL[3]
2024-04-24T01:10:25,132  INFO [LocalJobRunner Map Task Executor #0] exec.SelectOperator: RECORDS_OUT_INTERMEDIATE:0, RECORDS_OUT_OPERATOR_SEL_3:2, 
2024-04-24T01:10:25,132  INFO [LocalJobRunner Map Task Executor #0] exec.ReduceSinkOperator: Closing Operator: RS[4]
2024-04-24T01:10:25,132  INFO [LocalJobRunner Map Task Executor #0] exec.ReduceSinkOperator: RS[4]: Total records written - 2. abort - false
2024-04-24T01:10:25,132  INFO [LocalJobRunner Map Task Executor #0] exec.ReduceSinkOperator: RECORDS_OUT_INTERMEDIATE:2, RECORDS_OUT_OPERATOR_RS_4:2, 
2024-04-24T01:10:25,132  INFO [LocalJobRunner Map Task Executor #0] mapred.LocalJobRunner: 
2024-04-24T01:10:25,132  INFO [LocalJobRunner Map Task Executor #0] mapred.MapTask: Starting flush of map output
2024-04-24T01:10:25,132  INFO [LocalJobRunner Map Task Executor #0] mapred.MapTask: Spilling map output
2024-04-24T01:10:25,132  INFO [LocalJobRunner Map Task Executor #0] mapred.MapTask: bufstart = 0; bufend = 32; bufvoid = 104857600
2024-04-24T01:10:25,132  INFO [LocalJobRunner Map Task Executor #0] mapred.MapTask: kvstart = 26214396(104857584); kvend = 26214392(104857568); length = 5/6553600
2024-04-24T01:10:25,144  INFO [LocalJobRunner Map Task Executor #0] mapred.MapTask: Finished spill 0
2024-04-24T01:10:25,147  INFO [LocalJobRunner Map Task Executor #0] mapred.Task: Task:attempt_local538520666_0044_m_000000_0 is done. And is in the process of committing
2024-04-24T01:10:25,148  INFO [LocalJobRunner Map Task Executor #0] mapred.LocalJobRunner: map
2024-04-24T01:10:25,148  INFO [LocalJobRunner Map Task Executor #0] mapred.Task: Task 'attempt_local538520666_0044_m_000000_0' done.
2024-04-24T01:10:25,148  INFO [LocalJobRunner Map Task Executor #0] mapred.Task: Final Counters for attempt_local538520666_0044_m_000000_0: Counters: 26
	File System Counters
		FILE: Number of bytes read=1015654
		FILE: Number of bytes written=55203634
		FILE: Number of read operations=0
		FILE: Number of large read operations=0
		FILE: Number of write operations=0
	Map-Reduce Framework
		Map input records=4
		Map output records=2
		Map output bytes=32
		Map output materialized bytes=48
		Input split bytes=361
		Combine input records=0
		Spilled Records=2
		Failed Shuffles=0
		Merged Map outputs=0
		GC time elapsed (ms)=0
		Total committed heap usage (bytes)=1746403328
	HIVE
		DESERIALIZE_ERRORS=0
		RECORDS_IN=3
		RECORDS_OUT_INTERMEDIATE=2
		RECORDS_OUT_OPERATOR_MAP_0=0
		RECORDS_OUT_OPERATOR_RS_4=2
		RECORDS_OUT_OPERATOR_SEL_1=1
		RECORDS_OUT_OPERATOR_SEL_3=2
		RECORDS_OUT_OPERATOR_TS_0=1
		RECORDS_OUT_OPERATOR_UDTF_2=2
	File Input Format Counters 
		Bytes Read=5362
2024-04-24T01:10:25,148  INFO [LocalJobRunner Map Task Executor #0] mapred.LocalJobRunner: Finishing task: attempt_local538520666_0044_m_000000_0
2024-04-24T01:10:25,148  INFO [Thread-3640] mapred.LocalJobRunner: map task executor complete.
2024-04-24T01:10:25,149  INFO [Thread-3640] mapred.LocalJobRunner: Waiting for reduce tasks
2024-04-24T01:10:25,149  INFO [pool-212-thread-1] mapred.LocalJobRunner: Starting task: attempt_local538520666_0044_r_000000_0
2024-04-24T01:10:25,150  INFO [pool-212-thread-1] mapred.Task:  Using ResourceCalculatorProcessTree : [ ]
2024-04-24T01:10:25,150  INFO [pool-212-thread-1] mapred.ReduceTask: Using ShuffleConsumerPlugin: org.apache.hadoop.mapreduce.task.reduce.Shuffle@6e6f78d2
2024-04-24T01:10:25,150  WARN [pool-212-thread-1] impl.MetricsSystemImpl: JobTracker metrics system already initialized!
2024-04-24T01:10:25,151  INFO [pool-212-thread-1] reduce.MergeManagerImpl: MergerManager: memoryLimit=1336252800, maxSingleShuffleLimit=334063200, mergeThreshold=881926912, ioSortFactor=10, memToMemMergeOutputsThreshold=10
2024-04-24T01:10:25,152  INFO [EventFetcher for fetching Map Completion Events] reduce.EventFetcher: attempt_local538520666_0044_r_000000_0 Thread started: EventFetcher for fetching Map Completion Events
2024-04-24T01:10:25,153  INFO [localfetcher#61] reduce.LocalFetcher: localfetcher#61 about to shuffle output of map attempt_local538520666_0044_m_000000_0 decomp: 20 len: 24 to MEMORY
2024-04-24T01:10:25,153  INFO [localfetcher#61] reduce.InMemoryMapOutput: Read 20 bytes from map-output for attempt_local538520666_0044_m_000000_0
2024-04-24T01:10:25,153  INFO [localfetcher#61] reduce.MergeManagerImpl: closeInMemoryFile -> map-output of size: 20, inMemoryMapOutputs.size() -> 1, commitMemory -> 0, usedMemory ->20
2024-04-24T01:10:25,153  INFO [EventFetcher for fetching Map Completion Events] reduce.EventFetcher: EventFetcher is interrupted.. Returning
2024-04-24T01:10:25,153  INFO [pool-212-thread-1] mapred.LocalJobRunner: 1 / 1 copied.
2024-04-24T01:10:25,153  INFO [pool-212-thread-1] reduce.MergeManagerImpl: finalMerge called with 1 in-memory map-outputs and 0 on-disk map-outputs
2024-04-24T01:10:25,159  INFO [pool-212-thread-1] mapred.Merger: Merging 1 sorted segments
2024-04-24T01:10:25,159  INFO [pool-212-thread-1] mapred.Merger: Down to the last merge-pass, with 1 segments left of total size: 8 bytes
2024-04-24T01:10:25,162  INFO [pool-212-thread-1] reduce.MergeManagerImpl: Merged 1 segments, 20 bytes to disk to satisfy reduce memory limit
2024-04-24T01:10:25,162  INFO [pool-212-thread-1] reduce.MergeManagerImpl: Merging 1 files, 24 bytes from disk
2024-04-24T01:10:25,162  INFO [pool-212-thread-1] reduce.MergeManagerImpl: Merging 0 segments, 0 bytes from memory into reduce
2024-04-24T01:10:25,162  INFO [pool-212-thread-1] mapred.Merger: Merging 1 sorted segments
2024-04-24T01:10:25,162  INFO [pool-212-thread-1] mapred.Merger: Down to the last merge-pass, with 1 segments left of total size: 8 bytes
2024-04-24T01:10:25,163  INFO [pool-212-thread-1] mapred.LocalJobRunner: 1 / 1 copied.
2024-04-24T01:10:25,163  INFO [pool-212-thread-1] exec.SerializationUtilities: Deserializing ReduceWork using kryo
2024-04-24T01:10:25,163  INFO [pool-212-thread-1] exec.Utilities: Deserialized plan (via FILE) - name: null size: 5,92KB
2024-04-24T01:10:25,164  INFO [pool-212-thread-1] ExecReducer: 
<SEL>Id =5
  <Children>
    <FS>Id =6
      <Children>
      <\Children>
      <Parent>Id = 5 null<\Parent>
    <\FS>
  <\Children>
  <Parent><\Parent>
<\SEL>
2024-04-24T01:10:25,164  INFO [pool-212-thread-1] exec.SelectOperator: Initializing Operator: SEL[5]
2024-04-24T01:10:25,164  INFO [pool-212-thread-1] exec.SelectOperator: SELECT struct<key:struct<reducesinkkey0:int>,value:struct<_col0:int>>
2024-04-24T01:10:25,164  INFO [pool-212-thread-1] exec.FileSinkOperator: Initializing Operator: FS[6]
2024-04-24T01:10:25,165  INFO [pool-212-thread-1] exec.FileSinkOperator: Using serializer : AbstractSerDe [log=org.apache.logging.slf4j.Log4jLogger@7c52fdfa, configuration=Optional[Configuration: core-default.xml, core-site.xml, mapred-default.xml, mapred-site.xml, yarn-default.xml, yarn-site.xml, hdfs-default.xml, hdfs-site.xml, file:/home/alex/Repositories/hive/ql/target/tmp/TestTxnCommandsWithSplitUpdateAndVectorization/mapred/local/localRunner/alex/job_local538520666_0044/job_local538520666_0044.xml], properties={transactional_properties=default, name=default.acidtbl, transactional=true, columns.types=int:int, bucket_field_name=a, columns=a,b, numFilesErasureCoded=0, columns.comments=&amp#0;, bucketing_version=2, bucket_count=2, serialization.lib=org.apache.hadoop.hive.ql.io.orc.OrcSerde, file.inputformat=org.apache.hadoop.hive.ql.io.orc.OrcInputFormat, file.outputformat=org.apache.hadoop.hive.ql.io.orc.OrcOutputFormat, location=file:/home/alex/Repositories/hive/ql/target/tmp/org.apache.hadoop.hive.ql.TestTxnCommands-1713946100941/warehouse/acidtbl, column.name.delimiter=,}, tableProperties={transactional_properties=default, name=default.acidtbl, transactional=true, columns.types=int:int, bucket_field_name=a, columns=a,b, numFilesErasureCoded=0, columns.comments=&amp#0;, bucketing_version=2, bucket_count=2, serialization.lib=org.apache.hadoop.hive.ql.io.orc.OrcSerde, file.inputformat=org.apache.hadoop.hive.ql.io.orc.OrcInputFormat, location=file:/home/alex/Repositories/hive/ql/target/tmp/org.apache.hadoop.hive.ql.TestTxnCommands-1713946100941/warehouse/acidtbl, file.outputformat=org.apache.hadoop.hive.ql.io.orc.OrcOutputFormat, column.name.delimiter=,}, partitionProperties=Optional.empty, columnNames=[a, b], columnTypes=[int, int], getClass()=class org.apache.hadoop.hive.ql.io.orc.OrcSerde] and formatter : org.apache.hadoop.hive.ql.io.orc.OrcOutputFormat@572ca550
2024-04-24T01:10:25,165  INFO [pool-212-thread-1] exec.FileSinkOperator: Final Path: FS file:/home/alex/Repositories/hive/ql/target/tmp/org.apache.hadoop.hive.ql.TestTxnCommands-1713946100941/warehouse/acidtbl
2024-04-24T01:10:25,165  INFO [pool-212-thread-1] exec.FileSinkOperator: New Final Path: FS file:/home/alex/Repositories/hive/ql/target/tmp/org.apache.hadoop.hive.ql.TestTxnCommands-1713946100941/warehouse/acidtbl
2024-04-24T01:10:25,165  INFO [pool-212-thread-1] common.FileUtils: Creating directory if it doesn't exist: file:/home/alex/Repositories/hive/ql/target/tmp/org.apache.hadoop.hive.ql.TestTxnCommands-1713946100941/warehouse
2024-04-24T01:10:25,166  INFO [pool-212-thread-1] exec.FileSinkOperator: FS[6]: records written - 1
2024-04-24T01:10:25,166  INFO [pool-212-thread-1] impl.PhysicalFsWriter: ORC writer created for path: file:/home/alex/Repositories/hive/ql/target/tmp/org.apache.hadoop.hive.ql.TestTxnCommands-1713946100941/warehouse/acidtbl/delta_0000001_0000001_0001/bucket_00000_0 with stripeSize: 8388608 blockSize: 268435456 compression: Compress: ZLIB buffer: 32768
2024-04-24T01:10:25,173  INFO [pool-212-thread-1] impl.WriterImpl: ORC writer created for path: file:/home/alex/Repositories/hive/ql/target/tmp/org.apache.hadoop.hive.ql.TestTxnCommands-1713946100941/warehouse/acidtbl/delta_0000001_0000001_0001/bucket_00000_0 with stripeSize: 8388608 options: Compress: ZLIB buffer: 32768
2024-04-24T01:10:25,178  INFO [pool-212-thread-1] exec.SelectOperator: Closing Operator: SEL[5]
2024-04-24T01:10:25,178  INFO [pool-212-thread-1] exec.SelectOperator: RECORDS_OUT_OPERATOR_SEL_5:1, RECORDS_OUT_INTERMEDIATE:0, 
2024-04-24T01:10:25,178  INFO [pool-212-thread-1] exec.FileSinkOperator: Closing Operator: FS[6]
2024-04-24T01:10:25,178  INFO [pool-212-thread-1] exec.FileSinkOperator: FS[6]: records written - 1
2024-04-24T01:10:25,180  INFO [pool-212-thread-1] FileOperations: Writing manifest to file:/home/alex/Repositories/hive/ql/target/tmp/org.apache.hadoop.hive.ql.TestTxnCommands-1713946100941/warehouse/acidtbl/_tmp.delta_0000001_0000001_0001/000000_0.manifest with [file:/home/alex/Repositories/hive/ql/target/tmp/org.apache.hadoop.hive.ql.TestTxnCommands-1713946100941/warehouse/acidtbl/delta_0000001_0000001_0001/bucket_00000_0]
2024-04-24T01:10:25,192  INFO [pool-212-thread-1] exec.FileSinkOperator: RECORDS_OUT_INTERMEDIATE:0, TOTAL_TABLE_ROWS_WRITTEN:1, RECORDS_OUT_1_default.acidtbl:1, RECORDS_OUT_OPERATOR_FS_6:1, 
2024-04-24T01:10:25,193  INFO [pool-212-thread-1] mapred.Task: Task:attempt_local538520666_0044_r_000000_0 is done. And is in the process of committing
2024-04-24T01:10:25,193  INFO [pool-212-thread-1] mapred.LocalJobRunner: reduce > reduce
2024-04-24T01:10:25,193  INFO [pool-212-thread-1] mapred.Task: Task 'attempt_local538520666_0044_r_000000_0' done.
2024-04-24T01:10:25,193  INFO [pool-212-thread-1] mapred.Task: Final Counters for attempt_local538520666_0044_r_000000_0: Counters: 30
	File System Counters
		FILE: Number of bytes read=1021761
		FILE: Number of bytes written=55204680
		FILE: Number of read operations=0
		FILE: Number of large read operations=0
		FILE: Number of write operations=0
	Map-Reduce Framework
		Combine input records=0
		Combine output records=0
		Reduce input groups=1
		Reduce shuffle bytes=24
		Reduce input records=1
		Reduce output records=0
		Spilled Records=1
		Shuffled Maps =1
		Failed Shuffles=0
		Merged Map outputs=1
		GC time elapsed (ms)=0
		Total committed heap usage (bytes)=1746403328
	HIVE
		CREATED_FILES=1
		RECORDS_OUT_1_default.acidtbl=1
		RECORDS_OUT_INTERMEDIATE=0
		RECORDS_OUT_OPERATOR_FS_6=1
		RECORDS_OUT_OPERATOR_SEL_5=1
		TOTAL_TABLE_ROWS_WRITTEN=1
	Shuffle Errors
		BAD_ID=0
		CONNECTION=0
		IO_ERROR=0
		WRONG_LENGTH=0
		WRONG_MAP=0
		WRONG_REDUCE=0
	File Output Format Counters 
		Bytes Written=0
2024-04-24T01:10:25,193  INFO [pool-212-thread-1] mapred.LocalJobRunner: Finishing task: attempt_local538520666_0044_r_000000_0
2024-04-24T01:10:25,193  INFO [pool-212-thread-1] mapred.LocalJobRunner: Starting task: attempt_local538520666_0044_r_000001_0
2024-04-24T01:10:25,194  INFO [pool-212-thread-1] mapred.Task:  Using ResourceCalculatorProcessTree : [ ]
2024-04-24T01:10:25,194  INFO [pool-212-thread-1] mapred.ReduceTask: Using ShuffleConsumerPlugin: org.apache.hadoop.mapreduce.task.reduce.Shuffle@1cc2a02b
2024-04-24T01:10:25,194  WARN [pool-212-thread-1] impl.MetricsSystemImpl: JobTracker metrics system already initialized!
2024-04-24T01:10:25,195  INFO [pool-212-thread-1] reduce.MergeManagerImpl: MergerManager: memoryLimit=1336252800, maxSingleShuffleLimit=334063200, mergeThreshold=881926912, ioSortFactor=10, memToMemMergeOutputsThreshold=10
2024-04-24T01:10:25,196  INFO [EventFetcher for fetching Map Completion Events] reduce.EventFetcher: attempt_local538520666_0044_r_000001_0 Thread started: EventFetcher for fetching Map Completion Events
2024-04-24T01:10:25,198  INFO [localfetcher#62] reduce.LocalFetcher: localfetcher#62 about to shuffle output of map attempt_local538520666_0044_m_000000_0 decomp: 20 len: 24 to MEMORY
2024-04-24T01:10:25,199  INFO [localfetcher#62] reduce.InMemoryMapOutput: Read 20 bytes from map-output for attempt_local538520666_0044_m_000000_0
2024-04-24T01:10:25,199  INFO [localfetcher#62] reduce.MergeManagerImpl: closeInMemoryFile -> map-output of size: 20, inMemoryMapOutputs.size() -> 1, commitMemory -> 0, usedMemory ->20
2024-04-24T01:10:25,199  INFO [EventFetcher for fetching Map Completion Events] reduce.EventFetcher: EventFetcher is interrupted.. Returning
2024-04-24T01:10:25,200  INFO [pool-212-thread-1] mapred.LocalJobRunner: 1 / 1 copied.
2024-04-24T01:10:25,200  INFO [pool-212-thread-1] reduce.MergeManagerImpl: finalMerge called with 1 in-memory map-outputs and 0 on-disk map-outputs
2024-04-24T01:10:25,206  INFO [pool-212-thread-1] mapred.Merger: Merging 1 sorted segments
2024-04-24T01:10:25,206  INFO [pool-212-thread-1] mapred.Merger: Down to the last merge-pass, with 1 segments left of total size: 8 bytes
2024-04-24T01:10:25,208  INFO [pool-212-thread-1] reduce.MergeManagerImpl: Merged 1 segments, 20 bytes to disk to satisfy reduce memory limit
2024-04-24T01:10:25,209  INFO [pool-212-thread-1] reduce.MergeManagerImpl: Merging 1 files, 24 bytes from disk
2024-04-24T01:10:25,209  INFO [pool-212-thread-1] reduce.MergeManagerImpl: Merging 0 segments, 0 bytes from memory into reduce
2024-04-24T01:10:25,209  INFO [pool-212-thread-1] mapred.Merger: Merging 1 sorted segments
2024-04-24T01:10:25,209  INFO [pool-212-thread-1] mapred.Merger: Down to the last merge-pass, with 1 segments left of total size: 8 bytes
2024-04-24T01:10:25,209  INFO [pool-212-thread-1] mapred.LocalJobRunner: 1 / 1 copied.
2024-04-24T01:10:25,209  INFO [pool-212-thread-1] exec.SerializationUtilities: Deserializing ReduceWork using kryo
2024-04-24T01:10:25,210  INFO [pool-212-thread-1] exec.Utilities: Deserialized plan (via FILE) - name: null size: 5,92KB
2024-04-24T01:10:25,211  INFO [pool-212-thread-1] ExecReducer: 
<SEL>Id =5
  <Children>
    <FS>Id =6
      <Children>
      <\Children>
      <Parent>Id = 5 null<\Parent>
    <\FS>
  <\Children>
  <Parent><\Parent>
<\SEL>
2024-04-24T01:10:25,211  INFO [pool-212-thread-1] exec.SelectOperator: Initializing Operator: SEL[5]
2024-04-24T01:10:25,211  INFO [pool-212-thread-1] exec.SelectOperator: SELECT struct<key:struct<reducesinkkey0:int>,value:struct<_col0:int>>
2024-04-24T01:10:25,211  INFO [pool-212-thread-1] exec.FileSinkOperator: Initializing Operator: FS[6]
2024-04-24T01:10:25,211  INFO [pool-212-thread-1] exec.FileSinkOperator: Using serializer : AbstractSerDe [log=org.apache.logging.slf4j.Log4jLogger@7c52fdfa, configuration=Optional[Configuration: core-default.xml, core-site.xml, mapred-default.xml, mapred-site.xml, yarn-default.xml, yarn-site.xml, hdfs-default.xml, hdfs-site.xml, file:/home/alex/Repositories/hive/ql/target/tmp/TestTxnCommandsWithSplitUpdateAndVectorization/mapred/local/localRunner/alex/job_local538520666_0044/job_local538520666_0044.xml], properties={transactional_properties=default, name=default.acidtbl, transactional=true, columns.types=int:int, bucket_field_name=a, columns=a,b, numFilesErasureCoded=0, columns.comments=&amp#0;, bucketing_version=2, bucket_count=2, serialization.lib=org.apache.hadoop.hive.ql.io.orc.OrcSerde, file.inputformat=org.apache.hadoop.hive.ql.io.orc.OrcInputFormat, file.outputformat=org.apache.hadoop.hive.ql.io.orc.OrcOutputFormat, location=file:/home/alex/Repositories/hive/ql/target/tmp/org.apache.hadoop.hive.ql.TestTxnCommands-1713946100941/warehouse/acidtbl, column.name.delimiter=,}, tableProperties={transactional_properties=default, name=default.acidtbl, transactional=true, columns.types=int:int, bucket_field_name=a, columns=a,b, numFilesErasureCoded=0, columns.comments=&amp#0;, bucketing_version=2, bucket_count=2, serialization.lib=org.apache.hadoop.hive.ql.io.orc.OrcSerde, file.inputformat=org.apache.hadoop.hive.ql.io.orc.OrcInputFormat, location=file:/home/alex/Repositories/hive/ql/target/tmp/org.apache.hadoop.hive.ql.TestTxnCommands-1713946100941/warehouse/acidtbl, file.outputformat=org.apache.hadoop.hive.ql.io.orc.OrcOutputFormat, column.name.delimiter=,}, partitionProperties=Optional.empty, columnNames=[a, b], columnTypes=[int, int], getClass()=class org.apache.hadoop.hive.ql.io.orc.OrcSerde] and formatter : org.apache.hadoop.hive.ql.io.orc.OrcOutputFormat@3a8b2703
2024-04-24T01:10:25,212  INFO [pool-212-thread-1] exec.FileSinkOperator: Final Path: FS file:/home/alex/Repositories/hive/ql/target/tmp/org.apache.hadoop.hive.ql.TestTxnCommands-1713946100941/warehouse/acidtbl
2024-04-24T01:10:25,212  INFO [pool-212-thread-1] exec.FileSinkOperator: New Final Path: FS file:/home/alex/Repositories/hive/ql/target/tmp/org.apache.hadoop.hive.ql.TestTxnCommands-1713946100941/warehouse/acidtbl
2024-04-24T01:10:25,212  INFO [pool-212-thread-1] common.FileUtils: Creating directory if it doesn't exist: file:/home/alex/Repositories/hive/ql/target/tmp/org.apache.hadoop.hive.ql.TestTxnCommands-1713946100941/warehouse
2024-04-24T01:10:25,212  INFO [pool-212-thread-1] exec.FileSinkOperator: FS[6]: records written - 1
2024-04-24T01:10:25,212  INFO [pool-212-thread-1] impl.PhysicalFsWriter: ORC writer created for path: file:/home/alex/Repositories/hive/ql/target/tmp/org.apache.hadoop.hive.ql.TestTxnCommands-1713946100941/warehouse/acidtbl/delta_0000001_0000001_0001/bucket_00001_0 with stripeSize: 8388608 blockSize: 268435456 compression: Compress: ZLIB buffer: 32768
2024-04-24T01:10:25,218  INFO [pool-212-thread-1] impl.WriterImpl: ORC writer created for path: file:/home/alex/Repositories/hive/ql/target/tmp/org.apache.hadoop.hive.ql.TestTxnCommands-1713946100941/warehouse/acidtbl/delta_0000001_0000001_0001/bucket_00001_0 with stripeSize: 8388608 options: Compress: ZLIB buffer: 32768
2024-04-24T01:10:25,218  INFO [pool-212-thread-1] exec.SelectOperator: Closing Operator: SEL[5]
2024-04-24T01:10:25,218  INFO [pool-212-thread-1] exec.SelectOperator: RECORDS_OUT_INTERMEDIATE:0, RECORDS_OUT_OPERATOR_SEL_5:1, 
2024-04-24T01:10:25,218  INFO [pool-212-thread-1] exec.FileSinkOperator: Closing Operator: FS[6]
2024-04-24T01:10:25,218  INFO [pool-212-thread-1] exec.FileSinkOperator: FS[6]: records written - 1
2024-04-24T01:10:25,219  INFO [pool-212-thread-1] FileOperations: Writing manifest to file:/home/alex/Repositories/hive/ql/target/tmp/org.apache.hadoop.hive.ql.TestTxnCommands-1713946100941/warehouse/acidtbl/_tmp.delta_0000001_0000001_0001/000001_0.manifest with [file:/home/alex/Repositories/hive/ql/target/tmp/org.apache.hadoop.hive.ql.TestTxnCommands-1713946100941/warehouse/acidtbl/delta_0000001_0000001_0001/bucket_00001_0]
2024-04-24T01:10:25,229  INFO [pool-212-thread-1] exec.FileSinkOperator: RECORDS_OUT_OPERATOR_FS_6:1, TOTAL_TABLE_ROWS_WRITTEN:1, RECORDS_OUT_INTERMEDIATE:0, RECORDS_OUT_1_default.acidtbl:1, 
2024-04-24T01:10:25,230  INFO [pool-212-thread-1] mapred.Task: Task:attempt_local538520666_0044_r_000001_0 is done. And is in the process of committing
2024-04-24T01:10:25,230  INFO [pool-212-thread-1] mapred.LocalJobRunner: reduce > reduce
2024-04-24T01:10:25,230  INFO [pool-212-thread-1] mapred.Task: Task 'attempt_local538520666_0044_r_000001_0' done.
2024-04-24T01:10:25,230  INFO [pool-212-thread-1] mapred.Task: Final Counters for attempt_local538520666_0044_r_000001_0: Counters: 30
	File System Counters
		FILE: Number of bytes read=1027844
		FILE: Number of bytes written=55205714
		FILE: Number of read operations=0
		FILE: Number of large read operations=0
		FILE: Number of write operations=0
	Map-Reduce Framework
		Combine input records=0
		Combine output records=0
		Reduce input groups=1
		Reduce shuffle bytes=24
		Reduce input records=1
		Reduce output records=0
		Spilled Records=1
		Shuffled Maps =1
		Failed Shuffles=0
		Merged Map outputs=1
		GC time elapsed (ms)=0
		Total committed heap usage (bytes)=1746403328
	HIVE
		CREATED_FILES=1
		RECORDS_OUT_1_default.acidtbl=1
		RECORDS_OUT_INTERMEDIATE=0
		RECORDS_OUT_OPERATOR_FS_6=1
		RECORDS_OUT_OPERATOR_SEL_5=1
		TOTAL_TABLE_ROWS_WRITTEN=1
	Shuffle Errors
		BAD_ID=0
		CONNECTION=0
		IO_ERROR=0
		WRONG_LENGTH=0
		WRONG_MAP=0
		WRONG_REDUCE=0
	File Output Format Counters 
		Bytes Written=0
2024-04-24T01:10:25,230  INFO [pool-212-thread-1] mapred.LocalJobRunner: Finishing task: attempt_local538520666_0044_r_000001_0
2024-04-24T01:10:25,230  INFO [Thread-3640] mapred.LocalJobRunner: reduce task executor complete.
2024-04-24 01:10:26,123 Stage-1 map = 100%,  reduce = 100%
2024-04-24T01:10:26,123  INFO [main] exec.Task: 2024-04-24 01:10:26,123 Stage-1 map = 100%,  reduce = 100%
Ended Job = job_local538520666_0044
2024-04-24T01:10:26,125  INFO [main] exec.Task: Ended Job = job_local538520666_0044
2024-04-24T01:10:26,126  INFO [main] FileOperations: Found manifest file file:/home/alex/Repositories/hive/ql/target/tmp/org.apache.hadoop.hive.ql.TestTxnCommands-1713946100941/warehouse/acidtbl/_tmp.delta_0000001_0000001_0001/000001_0.manifest with attemptId 0.
2024-04-24T01:10:26,126  INFO [main] FileOperations: Found manifest file file:/home/alex/Repositories/hive/ql/target/tmp/org.apache.hadoop.hive.ql.TestTxnCommands-1713946100941/warehouse/acidtbl/_tmp.delta_0000001_0000001_0001/000000_0.manifest with attemptId 0.
2024-04-24T01:10:26,127  INFO [main] FileOperations: Looking at manifest file: file:/home/alex/Repositories/hive/ql/target/tmp/org.apache.hadoop.hive.ql.TestTxnCommands-1713946100941/warehouse/acidtbl/_tmp.delta_0000001_0000001_0001/000000_0.manifest
2024-04-24T01:10:26,127  INFO [main] FileOperations: Looking at manifest file: file:/home/alex/Repositories/hive/ql/target/tmp/org.apache.hadoop.hive.ql.TestTxnCommands-1713946100941/warehouse/acidtbl/_tmp.delta_0000001_0000001_0001/000001_0.manifest
2024-04-24T01:10:26,127  INFO [main] FileOperations: Deleting manifest directory file:/home/alex/Repositories/hive/ql/target/tmp/org.apache.hadoop.hive.ql.TestTxnCommands-1713946100941/warehouse/acidtbl/_tmp.delta_0000001_0000001_0001
2024-04-24T01:10:26,128  INFO [main] ql.Driver: Starting task [Stage-0:MOVE] in serial mode
Loading data to table default.acidtbl
2024-04-24T01:10:26,128  INFO [main] exec.Task: Loading data to table default.acidtbl from file:/home/alex/Repositories/hive/ql/target/tmp/org.apache.hadoop.hive.ql.TestTxnCommands-1713946100941/warehouse/acidtbl
2024-04-24T01:10:26,128  INFO [main] HiveMetaStore.audit: ugi=alex	ip=unknown-ip-addr	cmd=get_table : tbl=hive.default.acidtbl	
2024-04-24T01:10:26,135  INFO [main] metastore.HMSHandler: Skipping translation for processor with null
2024-04-24T01:10:26,135  INFO [main] HiveMetaStore.audit: ugi=alex	ip=unknown-ip-addr	cmd=get_table : tbl=hive.default.acidtbl	
2024-04-24T01:10:26,141  INFO [main] metastore.HMSHandler: Skipping translation for processor with null
2024-04-24T01:10:26,142  INFO [main] HiveMetaStore.audit: ugi=alex	ip=unknown-ip-addr	cmd=alter_table: hive.default.acidtbl newtbl=acidtbl	
2024-04-24T01:10:26,160  INFO [main] ql.Driver: Starting task [Stage-2:STATS] in serial mode
2024-04-24T01:10:26,160  INFO [main] HiveMetaStore.audit: ugi=alex	ip=unknown-ip-addr	cmd=get_table : tbl=hive.default.acidtbl	
2024-04-24T01:10:26,166  INFO [main] metastore.HMSHandler: Skipping translation for processor with null
2024-04-24T01:10:26,166  INFO [main] stats.BasicStatsTask: Executing stats task
2024-04-24T01:10:26,166  INFO [main] fs.FSStatsPublisher: created : file:/home/alex/Repositories/hive/ql/target/tmp/localscratchdir/fa50f77f-ca48-441d-b9c9-21373b31a787/hive_2024-04-24_01-10-24_698_1822798939365681913-1/-mr-10000
2024-04-24T01:10:26,167  INFO [main] HiveMetaStore.audit: ugi=alex	ip=unknown-ip-addr	cmd=get_table : tbl=hive.default.acidtbl	
2024-04-24T01:10:26,174  INFO [main] metastore.HMSHandler: Skipping translation for processor with null
2024-04-24T01:10:26,194  WARN [main] FileOperations: Computing stats for an ACID table; stats may be inaccurate
2024-04-24T01:10:26,194  INFO [main] FileOperations: Read stats for default.acidtbl/, numRows, true, 2, false: 
2024-04-24T01:10:26,194  INFO [main] FileOperations: Read stats for default.acidtbl/, rawDataSize, true, 0, false: 
2024-04-24T01:10:26,195  INFO [main] HiveMetaStore.audit: ugi=alex	ip=unknown-ip-addr	cmd=alter_table: hive.default.acidtbl newtbl=acidtbl	
2024-04-24T01:10:26,215  INFO [main] FileOperations: Read stats for default.acidtbl/, insertCount, true, 2, false: 
2024-04-24T01:10:26,215  INFO [main] FileOperations: Read stats for default.acidtbl/, updateCount, true, 0, false: 
2024-04-24T01:10:26,215  INFO [main] FileOperations: Read stats for default.acidtbl/, deleteCount, true, 0, false: 
2024-04-24T01:10:26,216  INFO [main] stats.BasicStatsTask: Table default.acidtbl stats: [numFiles=4, numRows=4, totalSize=2701, rawDataSize=0, numFilesErasureCoded=0]
2024-04-24T01:10:26,216  INFO [main] metadata.Hive: Dumping metastore api call timing information for : execution phase
2024-04-24T01:10:26,217  INFO [main] metadata.Hive: Total time spent in each metastore function (ms): {isCompatibleWith_(Configuration)=0, alter_table_(String, String, String, Table, EnvironmentContext, String)=38, getTable_(GetTableRequest)=26, updateTransactionalStatistics_(UpdateTransactionalStatsRequest)=1}
MapReduce Jobs Launched: 
2024-04-24T01:10:26,217  INFO [main] ql.Driver: MapReduce Jobs Launched: 
Stage-Stage-1:  HDFS Read: 0 HDFS Write: 0 SUCCESS
2024-04-24T01:10:26,217  INFO [main] ql.Driver: Stage-Stage-1:  HDFS Read: 0 HDFS Write: 0 SUCCESS
Total MapReduce CPU Time Spent: 0 msec
2024-04-24T01:10:26,217  INFO [main] ql.Driver: Total MapReduce CPU Time Spent: 0 msec
2024-04-24T01:10:26,217  INFO [main] ql.Driver: Completed executing command(queryId=alex_20240424011024_e73f07d8-81b3-4e84-8d7e-58345a0c222d); Time taken: 1.382 seconds
2024-04-24T01:10:26,217  INFO [main] ql.TxnCommandsBaseForTests: Running the query: commit
2024-04-24T01:10:26,217  INFO [main] ql.Context: Deleting scratch dir: file:/home/alex/Repositories/hive/ql/target/tmp/localscratchdir/fa50f77f-ca48-441d-b9c9-21373b31a787/hive_2024-04-24_01-10-24_698_1822798939365681913-1
2024-04-24T01:10:26,218  INFO [main] cleanup.SyncCleanupService: Deleted directory: file:/home/alex/Repositories/hive/ql/target/tmp/localscratchdir/fa50f77f-ca48-441d-b9c9-21373b31a787/hive_2024-04-24_01-10-24_698_1822798939365681913-1 on fs with scheme file
2024-04-24T01:10:26,218  INFO [main] ql.Driver: Compiling command(queryId=alex_20240424011026_28bd210e-c11f-4c3c-9055-67dde4da4096): commit
2024-04-24T01:10:26,219  INFO [main] parse.CalcitePlanner: Starting caching scope for: 
2024-04-24T01:10:26,219  INFO [main] parse.CalcitePlanner: Starting Semantic Analysis
2024-04-24T01:10:26,219  INFO [main] parse.CalcitePlanner: Ending caching scope for: 
2024-04-24T01:10:26,219  INFO [main] ql.Driver: Semantic Analysis Completed (retrial = false)
2024-04-24T01:10:26,219  INFO [main] ql.Driver: Created Hive schema: Schema(fieldSchemas:null, properties:null)
2024-04-24T01:10:26,219  INFO [main] metadata.Hive: Dumping metastore api call timing information for : compilation phase
2024-04-24T01:10:26,219  INFO [main] metadata.Hive: Total time spent in each metastore function (ms): {isCompatibleWith_(Configuration)=0, flushCache_()=0, getValidWriteIds_(List, String)=0}
2024-04-24T01:10:26,220  INFO [main] ql.Driver: Completed compiling command(queryId=alex_20240424011026_28bd210e-c11f-4c3c-9055-67dde4da4096); Time taken: 0.001 seconds
2024-04-24T01:10:26,220  INFO [main] lockmgr.DbTxnManager: Setting lock request transaction to txnid:13 for queryId=alex_20240424011026_28bd210e-c11f-4c3c-9055-67dde4da4096
2024-04-24T01:10:26,220  INFO [main] ql.Driver: Operation COMMIT obtained 0 locks
2024-04-24T01:10:26,220  INFO [main] ql.Driver: Executing command(queryId=alex_20240424011026_28bd210e-c11f-4c3c-9055-67dde4da4096): commit
2024-04-24T01:10:26,220  INFO [main] metadata.Hive: Dumping metastore api call timing information for : execution phase
2024-04-24T01:10:26,220  INFO [main] metadata.Hive: Total time spent in each metastore function (ms): {}
2024-04-24T01:10:26,220  INFO [main] ql.Driver: Completed executing command(queryId=alex_20240424011026_28bd210e-c11f-4c3c-9055-67dde4da4096); Time taken: 0.0 seconds
2024-04-24T01:10:26,220  INFO [main] lockmgr.DbTxnManager: Stopped heartbeat for query: alex_20240424011026_28bd210e-c11f-4c3c-9055-67dde4da4096
2024-04-24T01:10:26,228  INFO [main] txn.TxnHandler: Removed transactions: ([13]) from MIN_HISTORY_LEVEL
2024-04-24T01:10:26,228  WARN [main] txn.CompactionTxnHandler: No compaction queue record found for Compaction type transaction commit. txnId:13
2024-04-24T01:10:26,229  INFO [main] ql.TxnCommandsBaseForTests: Running the query: delete from acidTbl where b = 2
2024-04-24T01:10:26,229  INFO [main] ql.Driver: Compiling command(queryId=alex_20240424011026_3a5ca30a-cc0e-4fb8-bc07-0f0b60efede5): delete from acidTbl where b = 2
2024-04-24T01:10:26,231  INFO [main] txn.TxnHandler: Added entries to MIN_HISTORY_LEVEL for current txns: ([14]) with min_open_txn: 14
2024-04-24T01:10:26,231  INFO [main] lockmgr.DbTxnManager: Opened txnid:14
2024-04-24T01:10:26,232  INFO [main] parse.UpdateDeleteSemanticAnalyzer: Starting caching scope for: 
2024-04-24T01:10:26,232  INFO [main] HiveMetaStore.audit: ugi=alex	ip=unknown-ip-addr	cmd=get_table : tbl=hive.default.acidTbl	
2024-04-24T01:10:26,239  INFO [main] metastore.HMSHandler: Skipping translation for processor with null
2024-04-24T01:10:26,239  INFO [main] parse.RewriteSemanticAnalyzer: Going to reparse <delete from acidTbl where b = 2> as 
<insert into table `default`.`acidTbl` select ROW__ID from `default`.`acidTbl` sort by ROW__ID >
2024-04-24T01:10:26,239  INFO [main] parse.UpdateDeleteSemanticAnalyzer: Starting Semantic Analysis
2024-04-24T01:10:26,242  INFO [main] parse.UpdateDeleteSemanticAnalyzer: Completed phase 1 of Semantic Analysis
2024-04-24T01:10:26,242  INFO [main] parse.UpdateDeleteSemanticAnalyzer: Get metadata for source tables
2024-04-24T01:10:26,242  INFO [main] HiveMetaStore.audit: ugi=alex	ip=unknown-ip-addr	cmd=get_table : tbl=hive.default.acidtbl	
2024-04-24T01:10:26,250  INFO [main] metastore.HMSHandler: Skipping translation for processor with null
2024-04-24T01:10:26,250  INFO [main] parse.UpdateDeleteSemanticAnalyzer: Get metadata for subqueries
2024-04-24T01:10:26,251  INFO [main] parse.UpdateDeleteSemanticAnalyzer: Get metadata for destination tables
2024-04-24T01:10:26,251  INFO [main] HiveMetaStore.audit: ugi=alex	ip=unknown-ip-addr	cmd=get_table : tbl=hive.default.acidTbl	
2024-04-24T01:10:26,259  INFO [main] metastore.HMSHandler: Skipping translation for processor with null
2024-04-24T01:10:26,260  INFO [main] parse.UpdateDeleteSemanticAnalyzer: Completed getting MetaData in Semantic Analysis
2024-04-24T01:10:26,260  INFO [main] parse.UpdateDeleteSemanticAnalyzer: Disabling LLAP IO encode as ETL query is detected
2024-04-24T01:10:26,271  INFO [main] HiveMetaStore.audit: ugi=alex	ip=unknown-ip-addr	cmd=get_all_table_constraints : tbl=hive.default.acidtbl	
2024-04-24T01:10:26,295  INFO [main] calcite.RelOptHiveTable: Calculating column statistics for default.acidtbl, projIndxSet: [1], allowMissingStats: true
2024-04-24T01:10:26,295  INFO [main] HiveMetaStore.audit: ugi=alex	ip=unknown-ip-addr	cmd=get_table : tbl=hive.default.acidtbl	
2024-04-24T01:10:26,304  INFO [main] metastore.HMSHandler: Skipping translation for processor with null
2024-04-24T01:10:26,305  INFO [main] HiveMetaStore.audit: ugi=alex	ip=unknown-ip-addr	cmd=get_table : tbl=hive.default.acidtbl	
2024-04-24T01:10:26,315  INFO [main] metastore.HMSHandler: Skipping translation for processor with null
2024-04-24T01:10:26,315  INFO [main] HiveMetaStore.audit: ugi=alex	ip=unknown-ip-addr	cmd=get_table_statistics_req: table=hive.default.acidtbl	
2024-04-24T01:10:26,325  WARN [main] calcite.RelOptHiveTable: No Stats for default@acidtbl, Columns: b
No Stats for default@acidtbl, Columns: b
2024-04-24T01:10:26,325  INFO [main] SessionState: No Stats for default@acidtbl, Columns: b
2024-04-24T01:10:26,378  INFO [main] parse.UpdateDeleteSemanticAnalyzer: Get metadata for source tables
2024-04-24T01:10:26,378  INFO [main] parse.UpdateDeleteSemanticAnalyzer: Get metadata for subqueries
2024-04-24T01:10:26,378  INFO [main] parse.UpdateDeleteSemanticAnalyzer: Get metadata for destination tables
2024-04-24T01:10:26,378  INFO [main] HiveMetaStore.audit: ugi=alex	ip=unknown-ip-addr	cmd=get_table : tbl=hive.default.acidTbl	
2024-04-24T01:10:26,384  INFO [main] metastore.HMSHandler: Skipping translation for processor with null
2024-04-24T01:10:26,387 ERROR [main] parse.UpdateDeleteSemanticAnalyzer: CBO failed, skipping CBO. 
org.apache.hadoop.hive.ql.exec.NoMatchingMethodException: No matching method for class org.apache.hadoop.hive.ql.udf.UDFToInteger with (struct<writeid:bigint,bucketid:int,rowid:bigint>). Possible choices: _FUNC_(bigint)  _FUNC_(boolean)  _FUNC_(decimal(38,18))  _FUNC_(double)  _FUNC_(float)  _FUNC_(smallint)  _FUNC_(string)  _FUNC_(struct<rowid:bigint,writeid:bigint,bucketid:int>)  _FUNC_(timestamp)  _FUNC_(tinyint)  _FUNC_(void)  
	at org.apache.hadoop.hive.ql.exec.MethodUtils.getMethodInternal(MethodUtils.java:130) ~[classes/:?]
	at org.apache.hadoop.hive.ql.exec.MethodUtils.getMethodInternal(MethodUtils.java:60) ~[classes/:?]
	at org.apache.hadoop.hive.ql.exec.DefaultUDFMethodResolver.getEvalMethod(DefaultUDFMethodResolver.java:59) ~[classes/:?]
	at org.apache.hadoop.hive.ql.udf.TimestampCastRestrictorResolver.getEvalMethod(TimestampCastRestrictorResolver.java:68) ~[classes/:?]
	at org.apache.hadoop.hive.ql.udf.generic.GenericUDFBridge.initialize(GenericUDFBridge.java:168) ~[classes/:?]
	at org.apache.hadoop.hive.ql.udf.generic.GenericUDF.initializeAndFoldConstants(GenericUDF.java:149) ~[classes/:?]
	at org.apache.hadoop.hive.ql.plan.ExprNodeGenericFuncDesc.newInstance(ExprNodeGenericFuncDesc.java:235) ~[classes/:?]
	at org.apache.hadoop.hive.ql.parse.type.ExprNodeDescExprFactory.createFuncCallExpr(ExprNodeDescExprFactory.java:584) ~[classes/:?]
	at org.apache.hadoop.hive.ql.parse.type.ExprNodeDescExprFactory.createFuncCallExpr(ExprNodeDescExprFactory.java:97) ~[classes/:?]
	at org.apache.hadoop.hive.ql.parse.type.TypeCheckProcFactory$DefaultExprProcessor.getFuncExprNodeDescWithUdfData(TypeCheckProcFactory.java:762) ~[classes/:?]
	at org.apache.hadoop.hive.ql.parse.type.TypeCheckProcFactory$DefaultExprProcessor.createConversionCast(TypeCheckProcFactory.java:783) ~[classes/:?]
	at org.apache.hadoop.hive.ql.parse.SemanticAnalyzer.getPartitionColsFromBucketColsForUpdateDelete(SemanticAnalyzer.java:8725) ~[classes/:?]
	at org.apache.hadoop.hive.ql.parse.SemanticAnalyzer.genBucketingSortingDest(SemanticAnalyzer.java:6906) ~[classes/:?]
	at org.apache.hadoop.hive.ql.parse.SemanticAnalyzer.genFileSinkPlan(SemanticAnalyzer.java:7335) ~[classes/:?]
	at org.apache.hadoop.hive.ql.parse.SemanticAnalyzer.genPostGroupByBodyPlan(SemanticAnalyzer.java:11063) ~[classes/:?]
	at org.apache.hadoop.hive.ql.parse.SemanticAnalyzer.genBodyPlan(SemanticAnalyzer.java:10938) ~[classes/:?]
	at org.apache.hadoop.hive.ql.parse.SemanticAnalyzer.genPlan(SemanticAnalyzer.java:11853) ~[classes/:?]
	at org.apache.hadoop.hive.ql.parse.SemanticAnalyzer.genPlan(SemanticAnalyzer.java:11723) ~[classes/:?]
	at org.apache.hadoop.hive.ql.parse.CalcitePlanner.genOPTree(CalcitePlanner.java:626) ~[classes/:?]
	at org.apache.hadoop.hive.ql.parse.SemanticAnalyzer.analyzeInternal(SemanticAnalyzer.java:12558) ~[classes/:?]
	at org.apache.hadoop.hive.ql.parse.CalcitePlanner.analyzeInternal(CalcitePlanner.java:456) ~[classes/:?]
	at org.apache.hadoop.hive.ql.parse.RewriteSemanticAnalyzer.analyzeInternal(RewriteSemanticAnalyzer.java:67) ~[classes/:?]
	at org.apache.hadoop.hive.ql.parse.BaseSemanticAnalyzer.analyze(BaseSemanticAnalyzer.java:317) ~[classes/:?]
	at org.apache.hadoop.hive.ql.parse.UpdateDeleteSemanticAnalyzer.reparseAndSuperAnalyze(UpdateDeleteSemanticAnalyzer.java:208) ~[classes/:?]
	at org.apache.hadoop.hive.ql.parse.UpdateDeleteSemanticAnalyzer.analyzeDelete(UpdateDeleteSemanticAnalyzer.java:68) ~[classes/:?]
	at org.apache.hadoop.hive.ql.parse.UpdateDeleteSemanticAnalyzer.analyze(UpdateDeleteSemanticAnalyzer.java:50) ~[classes/:?]
	at org.apache.hadoop.hive.ql.parse.RewriteSemanticAnalyzer.analyzeInternal(RewriteSemanticAnalyzer.java:72) ~[classes/:?]
	at org.apache.hadoop.hive.ql.parse.BaseSemanticAnalyzer.analyze(BaseSemanticAnalyzer.java:317) ~[classes/:?]
	at org.apache.hadoop.hive.ql.Compiler.analyze(Compiler.java:223) ~[classes/:?]
	at org.apache.hadoop.hive.ql.Compiler.compile(Compiler.java:105) ~[classes/:?]
	at org.apache.hadoop.hive.ql.Driver.compile(Driver.java:500) ~[classes/:?]
	at org.apache.hadoop.hive.ql.Driver.compileInternal(Driver.java:453) ~[classes/:?]
	at org.apache.hadoop.hive.ql.Driver.runInternal(Driver.java:181) ~[classes/:?]
	at org.apache.hadoop.hive.ql.Driver.run(Driver.java:153) ~[classes/:?]
	at org.apache.hadoop.hive.ql.Driver.run(Driver.java:140) ~[classes/:?]
	at org.apache.hadoop.hive.ql.TxnCommandsBaseForTests.runStatementOnDriver(TxnCommandsBaseForTests.java:245) ~[test-classes/:?]
	at org.apache.hadoop.hive.ql.TestTxnCommands.testDeleteOfMultipleInserts(TestTxnCommands.java:826) ~[test-classes/:?]
	at sun.reflect.NativeMethodAccessorImpl.invoke0(Native Method) ~[?:1.8.0_402]
	at sun.reflect.NativeMethodAccessorImpl.invoke(NativeMethodAccessorImpl.java:62) ~[?:1.8.0_402]
	at sun.reflect.DelegatingMethodAccessorImpl.invoke(DelegatingMethodAccessorImpl.java:43) ~[?:1.8.0_402]
	at java.lang.reflect.Method.invoke(Method.java:498) ~[?:1.8.0_402]
	at org.junit.runners.model.FrameworkMethod$1.runReflectiveCall(FrameworkMethod.java:59) ~[junit-4.13.jar:4.13]
	at org.junit.internal.runners.model.ReflectiveCallable.run(ReflectiveCallable.java:12) ~[junit-4.13.jar:4.13]
	at org.junit.runners.model.FrameworkMethod.invokeExplosively(FrameworkMethod.java:56) ~[junit-4.13.jar:4.13]
	at org.junit.internal.runners.statements.InvokeMethod.evaluate(InvokeMethod.java:17) ~[junit-4.13.jar:4.13]
	at org.junit.internal.runners.statements.RunBefores.evaluate(RunBefores.java:26) ~[junit-4.13.jar:4.13]
	at org.junit.internal.runners.statements.RunAfters.evaluate(RunAfters.java:27) ~[junit-4.13.jar:4.13]
	at org.junit.rules.TestWatcher$1.evaluate(TestWatcher.java:61) ~[junit-4.13.jar:4.13]
	at org.junit.runners.ParentRunner$3.evaluate(ParentRunner.java:306) ~[junit-4.13.jar:4.13]
	at org.junit.runners.BlockJUnit4ClassRunner$1.evaluate(BlockJUnit4ClassRunner.java:100) ~[junit-4.13.jar:4.13]
	at org.junit.runners.ParentRunner.runLeaf(ParentRunner.java:366) ~[junit-4.13.jar:4.13]
	at org.junit.runners.BlockJUnit4ClassRunner.runChild(BlockJUnit4ClassRunner.java:103) ~[junit-4.13.jar:4.13]
	at org.junit.runners.BlockJUnit4ClassRunner.runChild(BlockJUnit4ClassRunner.java:63) ~[junit-4.13.jar:4.13]
	at org.junit.runners.ParentRunner$4.run(ParentRunner.java:331) ~[junit-4.13.jar:4.13]
	at org.junit.runners.ParentRunner$1.schedule(ParentRunner.java:79) ~[junit-4.13.jar:4.13]
	at org.junit.runners.ParentRunner.runChildren(ParentRunner.java:329) ~[junit-4.13.jar:4.13]
	at org.junit.runners.ParentRunner.access$100(ParentRunner.java:66) ~[junit-4.13.jar:4.13]
	at org.junit.runners.ParentRunner$2.evaluate(ParentRunner.java:293) ~[junit-4.13.jar:4.13]
	at org.junit.runners.ParentRunner$3.evaluate(ParentRunner.java:306) ~[junit-4.13.jar:4.13]
	at org.junit.runners.ParentRunner.run(ParentRunner.java:413) ~[junit-4.13.jar:4.13]
	at org.junit.runner.JUnitCore.run(JUnitCore.java:137) ~[junit-4.13.jar:4.13]
	at org.junit.runner.JUnitCore.run(JUnitCore.java:115) ~[junit-4.13.jar:4.13]
	at org.junit.vintage.engine.execution.RunnerExecutor.execute(RunnerExecutor.java:43) ~[junit-vintage-engine-5.6.2.jar:5.6.2]
	at java.util.stream.ForEachOps$ForEachOp$OfRef.accept(ForEachOps.java:183) ~[?:1.8.0_402]
	at java.util.stream.ReferencePipeline$3$1.accept(ReferencePipeline.java:193) ~[?:1.8.0_402]
	at java.util.Iterator.forEachRemaining(Iterator.java:116) ~[?:1.8.0_402]
	at java.util.Spliterators$IteratorSpliterator.forEachRemaining(Spliterators.java:1801) ~[?:1.8.0_402]
	at java.util.stream.AbstractPipeline.copyInto(AbstractPipeline.java:482) ~[?:1.8.0_402]
	at java.util.stream.AbstractPipeline.wrapAndCopyInto(AbstractPipeline.java:472) ~[?:1.8.0_402]
	at java.util.stream.ForEachOps$ForEachOp.evaluateSequential(ForEachOps.java:150) ~[?:1.8.0_402]
	at java.util.stream.ForEachOps$ForEachOp$OfRef.evaluateSequential(ForEachOps.java:173) ~[?:1.8.0_402]
	at java.util.stream.AbstractPipeline.evaluate(AbstractPipeline.java:234) ~[?:1.8.0_402]
	at java.util.stream.ReferencePipeline.forEach(ReferencePipeline.java:485) ~[?:1.8.0_402]
	at org.junit.vintage.engine.VintageTestEngine.executeAllChildren(VintageTestEngine.java:82) ~[junit-vintage-engine-5.6.2.jar:5.6.2]
	at org.junit.vintage.engine.VintageTestEngine.execute(VintageTestEngine.java:73) ~[junit-vintage-engine-5.6.2.jar:5.6.2]
	at org.junit.platform.launcher.core.DefaultLauncher.execute(DefaultLauncher.java:248) ~[junit-platform-launcher-1.6.2.jar:1.6.2]
	at org.junit.platform.launcher.core.DefaultLauncher.lambda$execute$5(DefaultLauncher.java:211) ~[junit-platform-launcher-1.6.2.jar:1.6.2]
	at org.junit.platform.launcher.core.DefaultLauncher.withInterceptedStreams(DefaultLauncher.java:226) [junit-platform-launcher-1.6.2.jar:1.6.2]
	at org.junit.platform.launcher.core.DefaultLauncher.execute(DefaultLauncher.java:199) [junit-platform-launcher-1.6.2.jar:1.6.2]
	at org.junit.platform.launcher.core.DefaultLauncher.execute(DefaultLauncher.java:132) [junit-platform-launcher-1.6.2.jar:1.6.2]
	at org.apache.maven.surefire.junitplatform.JUnitPlatformProvider.invokeAllTests(JUnitPlatformProvider.java:154) [surefire-junit-platform-3.0.0-M4.jar:3.0.0-M4]
	at org.apache.maven.surefire.junitplatform.JUnitPlatformProvider.invoke(JUnitPlatformProvider.java:123) [surefire-junit-platform-3.0.0-M4.jar:3.0.0-M4]
	at org.apache.maven.surefire.booter.ForkedBooter.runSuitesInProcess(ForkedBooter.java:377) [surefire-booter-3.0.0-M4.jar:3.0.0-M4]
	at org.apache.maven.surefire.booter.ForkedBooter.execute(ForkedBooter.java:138) [surefire-booter-3.0.0-M4.jar:3.0.0-M4]
	at org.apache.maven.surefire.booter.ForkedBooter.run(ForkedBooter.java:465) [surefire-booter-3.0.0-M4.jar:3.0.0-M4]
	at org.apache.maven.surefire.booter.ForkedBooter.main(ForkedBooter.java:451) [surefire-booter-3.0.0-M4.jar:3.0.0-M4]
2024-04-24T01:10:26,388 ERROR [main] parse.UpdateDeleteSemanticAnalyzer: CBO failed due to missing column stats (see previous errors), skipping CBO
2024-04-24T01:10:26,388  INFO [main] parse.UpdateDeleteSemanticAnalyzer: Ending caching scope for: 
FAILED: NoMatchingMethodException No matching method for class org.apache.hadoop.hive.ql.udf.UDFToInteger with (struct<writeid:bigint,bucketid:int,rowid:bigint>). Possible choices: _FUNC_(bigint)  _FUNC_(boolean)  _FUNC_(decimal(38,18))  _FUNC_(double)  _FUNC_(float)  _FUNC_(smallint)  _FUNC_(string)  _FUNC_(struct<rowid:bigint,writeid:bigint,bucketid:int>)  _FUNC_(timestamp)  _FUNC_(tinyint)  _FUNC_(void)  
2024-04-24T01:10:26,388 ERROR [main] ql.Driver: FAILED: NoMatchingMethodException No matching method for class org.apache.hadoop.hive.ql.udf.UDFToInteger with (struct<writeid:bigint,bucketid:int,rowid:bigint>). Possible choices: _FUNC_(bigint)  _FUNC_(boolean)  _FUNC_(decimal(38,18))  _FUNC_(double)  _FUNC_(float)  _FUNC_(smallint)  _FUNC_(string)  _FUNC_(struct<rowid:bigint,writeid:bigint,bucketid:int>)  _FUNC_(timestamp)  _FUNC_(tinyint)  _FUNC_(void)  
org.apache.hadoop.hive.ql.exec.NoMatchingMethodException: No matching method for class org.apache.hadoop.hive.ql.udf.UDFToInteger with (struct<writeid:bigint,bucketid:int,rowid:bigint>). Possible choices: _FUNC_(bigint)  _FUNC_(boolean)  _FUNC_(decimal(38,18))  _FUNC_(double)  _FUNC_(float)  _FUNC_(smallint)  _FUNC_(string)  _FUNC_(struct<rowid:bigint,writeid:bigint,bucketid:int>)  _FUNC_(timestamp)  _FUNC_(tinyint)  _FUNC_(void)  
	at org.apache.hadoop.hive.ql.exec.MethodUtils.getMethodInternal(MethodUtils.java:130)
	at org.apache.hadoop.hive.ql.exec.MethodUtils.getMethodInternal(MethodUtils.java:60)
	at org.apache.hadoop.hive.ql.exec.DefaultUDFMethodResolver.getEvalMethod(DefaultUDFMethodResolver.java:59)
	at org.apache.hadoop.hive.ql.udf.TimestampCastRestrictorResolver.getEvalMethod(TimestampCastRestrictorResolver.java:68)
	at org.apache.hadoop.hive.ql.udf.generic.GenericUDFBridge.initialize(GenericUDFBridge.java:168)
	at org.apache.hadoop.hive.ql.udf.generic.GenericUDF.initializeAndFoldConstants(GenericUDF.java:149)
	at org.apache.hadoop.hive.ql.plan.ExprNodeGenericFuncDesc.newInstance(ExprNodeGenericFuncDesc.java:235)
	at org.apache.hadoop.hive.ql.parse.type.ExprNodeDescExprFactory.createFuncCallExpr(ExprNodeDescExprFactory.java:584)
	at org.apache.hadoop.hive.ql.parse.type.ExprNodeDescExprFactory.createFuncCallExpr(ExprNodeDescExprFactory.java:97)
	at org.apache.hadoop.hive.ql.parse.type.TypeCheckProcFactory$DefaultExprProcessor.getFuncExprNodeDescWithUdfData(TypeCheckProcFactory.java:762)
	at org.apache.hadoop.hive.ql.parse.type.TypeCheckProcFactory$DefaultExprProcessor.createConversionCast(TypeCheckProcFactory.java:783)
	at org.apache.hadoop.hive.ql.parse.SemanticAnalyzer.getPartitionColsFromBucketColsForUpdateDelete(SemanticAnalyzer.java:8725)
	at org.apache.hadoop.hive.ql.parse.SemanticAnalyzer.genBucketingSortingDest(SemanticAnalyzer.java:6906)
	at org.apache.hadoop.hive.ql.parse.SemanticAnalyzer.genFileSinkPlan(SemanticAnalyzer.java:7335)
	at org.apache.hadoop.hive.ql.parse.SemanticAnalyzer.genPostGroupByBodyPlan(SemanticAnalyzer.java:11063)
	at org.apache.hadoop.hive.ql.parse.SemanticAnalyzer.genBodyPlan(SemanticAnalyzer.java:10938)
	at org.apache.hadoop.hive.ql.parse.SemanticAnalyzer.genPlan(SemanticAnalyzer.java:11853)
	at org.apache.hadoop.hive.ql.parse.SemanticAnalyzer.genPlan(SemanticAnalyzer.java:11723)
	at org.apache.hadoop.hive.ql.parse.CalcitePlanner.genOPTree(CalcitePlanner.java:626)
	at org.apache.hadoop.hive.ql.parse.SemanticAnalyzer.analyzeInternal(SemanticAnalyzer.java:12558)
	at org.apache.hadoop.hive.ql.parse.CalcitePlanner.analyzeInternal(CalcitePlanner.java:456)
	at org.apache.hadoop.hive.ql.parse.RewriteSemanticAnalyzer.analyzeInternal(RewriteSemanticAnalyzer.java:67)
	at org.apache.hadoop.hive.ql.parse.BaseSemanticAnalyzer.analyze(BaseSemanticAnalyzer.java:317)
	at org.apache.hadoop.hive.ql.parse.UpdateDeleteSemanticAnalyzer.reparseAndSuperAnalyze(UpdateDeleteSemanticAnalyzer.java:208)
	at org.apache.hadoop.hive.ql.parse.UpdateDeleteSemanticAnalyzer.analyzeDelete(UpdateDeleteSemanticAnalyzer.java:68)
	at org.apache.hadoop.hive.ql.parse.UpdateDeleteSemanticAnalyzer.analyze(UpdateDeleteSemanticAnalyzer.java:50)
	at org.apache.hadoop.hive.ql.parse.RewriteSemanticAnalyzer.analyzeInternal(RewriteSemanticAnalyzer.java:72)
	at org.apache.hadoop.hive.ql.parse.BaseSemanticAnalyzer.analyze(BaseSemanticAnalyzer.java:317)
	at org.apache.hadoop.hive.ql.Compiler.analyze(Compiler.java:223)
	at org.apache.hadoop.hive.ql.Compiler.compile(Compiler.java:105)
	at org.apache.hadoop.hive.ql.Driver.compile(Driver.java:500)
	at org.apache.hadoop.hive.ql.Driver.compileInternal(Driver.java:453)
	at org.apache.hadoop.hive.ql.Driver.runInternal(Driver.java:181)
	at org.apache.hadoop.hive.ql.Driver.run(Driver.java:153)
	at org.apache.hadoop.hive.ql.Driver.run(Driver.java:140)
	at org.apache.hadoop.hive.ql.TxnCommandsBaseForTests.runStatementOnDriver(TxnCommandsBaseForTests.java:245)
	at org.apache.hadoop.hive.ql.TestTxnCommands.testDeleteOfMultipleInserts(TestTxnCommands.java:826)
	at sun.reflect.NativeMethodAccessorImpl.invoke0(Native Method)
	at sun.reflect.NativeMethodAccessorImpl.invoke(NativeMethodAccessorImpl.java:62)
	at sun.reflect.DelegatingMethodAccessorImpl.invoke(DelegatingMethodAccessorImpl.java:43)
	at java.lang.reflect.Method.invoke(Method.java:498)
	at org.junit.runners.model.FrameworkMethod$1.runReflectiveCall(FrameworkMethod.java:59)
	at org.junit.internal.runners.model.ReflectiveCallable.run(ReflectiveCallable.java:12)
	at org.junit.runners.model.FrameworkMethod.invokeExplosively(FrameworkMethod.java:56)
	at org.junit.internal.runners.statements.InvokeMethod.evaluate(InvokeMethod.java:17)
	at org.junit.internal.runners.statements.RunBefores.evaluate(RunBefores.java:26)
	at org.junit.internal.runners.statements.RunAfters.evaluate(RunAfters.java:27)
	at org.junit.rules.TestWatcher$1.evaluate(TestWatcher.java:61)
	at org.junit.runners.ParentRunner$3.evaluate(ParentRunner.java:306)
	at org.junit.runners.BlockJUnit4ClassRunner$1.evaluate(BlockJUnit4ClassRunner.java:100)
	at org.junit.runners.ParentRunner.runLeaf(ParentRunner.java:366)
	at org.junit.runners.BlockJUnit4ClassRunner.runChild(BlockJUnit4ClassRunner.java:103)
	at org.junit.runners.BlockJUnit4ClassRunner.runChild(BlockJUnit4ClassRunner.java:63)
	at org.junit.runners.ParentRunner$4.run(ParentRunner.java:331)
	at org.junit.runners.ParentRunner$1.schedule(ParentRunner.java:79)
	at org.junit.runners.ParentRunner.runChildren(ParentRunner.java:329)
	at org.junit.runners.ParentRunner.access$100(ParentRunner.java:66)
	at org.junit.runners.ParentRunner$2.evaluate(ParentRunner.java:293)
	at org.junit.runners.ParentRunner$3.evaluate(ParentRunner.java:306)
	at org.junit.runners.ParentRunner.run(ParentRunner.java:413)
	at org.junit.runner.JUnitCore.run(JUnitCore.java:137)
	at org.junit.runner.JUnitCore.run(JUnitCore.java:115)
	at org.junit.vintage.engine.execution.RunnerExecutor.execute(RunnerExecutor.java:43)
	at java.util.stream.ForEachOps$ForEachOp$OfRef.accept(ForEachOps.java:183)
	at java.util.stream.ReferencePipeline$3$1.accept(ReferencePipeline.java:193)
	at java.util.Iterator.forEachRemaining(Iterator.java:116)
	at java.util.Spliterators$IteratorSpliterator.forEachRemaining(Spliterators.java:1801)
	at java.util.stream.AbstractPipeline.copyInto(AbstractPipeline.java:482)
	at java.util.stream.AbstractPipeline.wrapAndCopyInto(AbstractPipeline.java:472)
	at java.util.stream.ForEachOps$ForEachOp.evaluateSequential(ForEachOps.java:150)
	at java.util.stream.ForEachOps$ForEachOp$OfRef.evaluateSequential(ForEachOps.java:173)
	at java.util.stream.AbstractPipeline.evaluate(AbstractPipeline.java:234)
	at java.util.stream.ReferencePipeline.forEach(ReferencePipeline.java:485)
	at org.junit.vintage.engine.VintageTestEngine.executeAllChildren(VintageTestEngine.java:82)
	at org.junit.vintage.engine.VintageTestEngine.execute(VintageTestEngine.java:73)
	at org.junit.platform.launcher.core.DefaultLauncher.execute(DefaultLauncher.java:248)
	at org.junit.platform.launcher.core.DefaultLauncher.lambda$execute$5(DefaultLauncher.java:211)
	at org.junit.platform.launcher.core.DefaultLauncher.withInterceptedStreams(DefaultLauncher.java:226)
	at org.junit.platform.launcher.core.DefaultLauncher.execute(DefaultLauncher.java:199)
	at org.junit.platform.launcher.core.DefaultLauncher.execute(DefaultLauncher.java:132)
	at org.apache.maven.surefire.junitplatform.JUnitPlatformProvider.invokeAllTests(JUnitPlatformProvider.java:154)
	at org.apache.maven.surefire.junitplatform.JUnitPlatformProvider.invoke(JUnitPlatformProvider.java:123)
	at org.apache.maven.surefire.booter.ForkedBooter.runSuitesInProcess(ForkedBooter.java:377)
	at org.apache.maven.surefire.booter.ForkedBooter.execute(ForkedBooter.java:138)
	at org.apache.maven.surefire.booter.ForkedBooter.run(ForkedBooter.java:465)
	at org.apache.maven.surefire.booter.ForkedBooter.main(ForkedBooter.java:451)

2024-04-24T01:10:26,388  INFO [main] metadata.Hive: Dumping metastore api call timing information for : compilation phase
2024-04-24T01:10:26,388  INFO [main] metadata.Hive: Total time spent in each metastore function (ms): {isCompatibleWith_(Configuration)=2, flushCache_()=0, getTable_(GetTableRequest)=29, commitTxn_(CommitTxnRequest)=8, getAllTableConstraints_(AllTableConstraintsRequest)=5, openTxn_(String, TxnType)=1, getValidWriteIds_(List, String)=2, getValidTxns_(long)=0, getTableColumnStatistics_(String, String, List, String)=30}
2024-04-24T01:10:26,389  INFO [main] ql.Driver: Completed compiling command(queryId=alex_20240424011026_3a5ca30a-cc0e-4fb8-bc07-0f0b60efede5); Time taken: 0.159 seconds
2024-04-24T01:10:26,389  INFO [main] lockmgr.DbTxnManager: Stopped heartbeat for query: null
2024-04-24T01:10:26,391  INFO [main] txn.TxnHandler: Removed transactions: ([14]) from MIN_HISTORY_LEVEL
2024-04-24T01:10:26,396  INFO [main] ql.TxnCommandsBaseForTests: Running the query: drop table if exists acidTbl
2024-04-24T01:10:26,396  INFO [main] ql.Driver: Compiling command(queryId=alex_20240424011026_3cb45738-76bb-49bb-8f95-d50d4eeacdf4): drop table if exists acidTbl
2024-04-24T01:10:26,398  INFO [main] txn.TxnHandler: Added entries to MIN_HISTORY_LEVEL for current txns: ([15]) with min_open_txn: 14
2024-04-24T01:10:26,398  INFO [main] lockmgr.DbTxnManager: Opened txnid:15
2024-04-24T01:10:26,399  INFO [main] HiveMetaStore.audit: ugi=alex	ip=unknown-ip-addr	cmd=get_table : tbl=hive.default.acidTbl	
2024-04-24T01:10:26,405  INFO [main] metastore.HMSHandler: Skipping translation for processor with null
2024-04-24T01:10:26,405  INFO [main] ql.Driver: Semantic Analysis Completed (retrial = false)
2024-04-24T01:10:26,405  INFO [main] ql.Driver: Created Hive schema: Schema(fieldSchemas:null, properties:null)
2024-04-24T01:10:26,405  INFO [main] metadata.Hive: Dumping metastore api call timing information for : compilation phase
2024-04-24T01:10:26,405  INFO [main] metadata.Hive: Total time spent in each metastore function (ms): {rollbackTxn_(long)=7, flushCache_()=0, getValidTxns_(long)=1, isCompatibleWith_(Configuration)=0, getTable_(GetTableRequest)=6, openTxn_(String, TxnType)=1}
2024-04-24T01:10:26,406  INFO [main] ql.Driver: Completed compiling command(queryId=alex_20240424011026_3cb45738-76bb-49bb-8f95-d50d4eeacdf4); Time taken: 0.009 seconds
2024-04-24T01:10:26,406  INFO [main] lockmgr.DbTxnManager: Setting lock request transaction to txnid:15 for queryId=alex_20240424011026_3cb45738-76bb-49bb-8f95-d50d4eeacdf4
2024-04-24T01:10:26,406  INFO [main] lockmgr.DbLockManager: Requesting lock for queryId=alex_20240424011026_3cb45738-76bb-49bb-8f95-d50d4eeacdf4
2024-04-24T01:10:26,421  INFO [main] lockmgr.DbLockManager: Response to queryId=alex_20240424011026_3cb45738-76bb-49bb-8f95-d50d4eeacdf4 LockResponse(lockid:9, state:ACQUIRED)
2024-04-24T01:10:26,421  INFO [main] ql.Driver: Operation DROPTABLE obtained 1 locks
2024-04-24T01:10:26,421  INFO [main] ql.Driver: Executing command(queryId=alex_20240424011026_3cb45738-76bb-49bb-8f95-d50d4eeacdf4): drop table if exists acidTbl
2024-04-24T01:10:26,422  INFO [main] ql.Driver: Starting task [Stage-0:DDL] in serial mode
2024-04-24T01:10:26,422  INFO [main] HiveMetaStore.audit: ugi=alex	ip=unknown-ip-addr	cmd=get_table : tbl=hive.default.acidTbl	
2024-04-24T01:10:26,428  INFO [main] metastore.HMSHandler: Skipping translation for processor with null
2024-04-24T01:10:26,428  INFO [main] HiveMetaStore.audit: ugi=alex	ip=unknown-ip-addr	cmd=get_table : tbl=hive.default.acidTbl	
2024-04-24T01:10:26,433  INFO [main] metastore.HMSHandler: Skipping translation for processor with null
2024-04-24T01:10:26,433  INFO [main] HiveMetaStore.audit: ugi=alex	ip=unknown-ip-addr	cmd=drop_table : tbl=hive.default.acidTbl	
2024-04-24T01:10:26,515  INFO [main] metadata.Hive: Dumping metastore api call timing information for : execution phase
2024-04-24T01:10:26,516  INFO [main] metadata.Hive: Total time spent in each metastore function (ms): {dropTable_(String, String, boolean, boolean, boolean)=87, getTable_(GetTableRequest)=6, isCompatibleWith_(Configuration)=0}
2024-04-24T01:10:26,516  INFO [main] ql.Driver: Completed executing command(queryId=alex_20240424011026_3cb45738-76bb-49bb-8f95-d50d4eeacdf4); Time taken: 0.094 seconds
2024-04-24T01:10:26,516  INFO [main] lockmgr.DbTxnManager: Stopped heartbeat for query: alex_20240424011026_3cb45738-76bb-49bb-8f95-d50d4eeacdf4
2024-04-24T01:10:26,519  INFO [main] txn.TxnHandler: Expected to move at least one record from txn_components to completed_txn_components when committing txn! txnid:15
2024-04-24T01:10:26,524  INFO [main] txn.TxnHandler: Removed transactions: ([15]) from MIN_HISTORY_LEVEL
2024-04-24T01:10:26,525  WARN [main] txn.CompactionTxnHandler: No compaction queue record found for Compaction type transaction commit. txnId:15
2024-04-24T01:10:26,526  INFO [main] ql.TxnCommandsBaseForTests: Running the query: drop table if exists acidTblPart
2024-04-24T01:10:26,526  INFO [main] ql.Driver: Compiling command(queryId=alex_20240424011026_3b5ecaa2-45fa-40f9-9874-98b23a6368b8): drop table if exists acidTblPart
2024-04-24T01:10:26,529  INFO [main] txn.TxnHandler: Added entries to MIN_HISTORY_LEVEL for current txns: ([16]) with min_open_txn: 14
2024-04-24T01:10:26,529  INFO [main] lockmgr.DbTxnManager: Opened txnid:16
2024-04-24T01:10:26,530  INFO [main] HiveMetaStore.audit: ugi=alex	ip=unknown-ip-addr	cmd=get_table : tbl=hive.default.acidTblPart	
2024-04-24T01:10:26,541  INFO [main] metastore.HMSHandler: Skipping translation for processor with null
2024-04-24T01:10:26,541  INFO [main] ql.Driver: Semantic Analysis Completed (retrial = false)
2024-04-24T01:10:26,541  INFO [main] ql.Driver: Created Hive schema: Schema(fieldSchemas:null, properties:null)
2024-04-24T01:10:26,541  INFO [main] metadata.Hive: Dumping metastore api call timing information for : compilation phase
2024-04-24T01:10:26,541  INFO [main] metadata.Hive: Total time spent in each metastore function (ms): {getTable_(GetTableRequest)=11, openTxn_(String, TxnType)=3, commitTxn_(CommitTxnRequest)=10, getValidTxns_(long)=1, isCompatibleWith_(Configuration)=0, flushCache_()=0}
2024-04-24T01:10:26,542  INFO [main] ql.Driver: Completed compiling command(queryId=alex_20240424011026_3b5ecaa2-45fa-40f9-9874-98b23a6368b8); Time taken: 0.015 seconds
2024-04-24T01:10:26,542  INFO [main] lockmgr.DbTxnManager: Setting lock request transaction to txnid:16 for queryId=alex_20240424011026_3b5ecaa2-45fa-40f9-9874-98b23a6368b8
2024-04-24T01:10:26,542  INFO [main] lockmgr.DbLockManager: Requesting lock for queryId=alex_20240424011026_3b5ecaa2-45fa-40f9-9874-98b23a6368b8
2024-04-24T01:10:26,557  INFO [main] lockmgr.DbLockManager: Response to queryId=alex_20240424011026_3b5ecaa2-45fa-40f9-9874-98b23a6368b8 LockResponse(lockid:10, state:ACQUIRED)
2024-04-24T01:10:26,557  INFO [main] ql.Driver: Operation DROPTABLE obtained 1 locks
2024-04-24T01:10:26,557  INFO [main] ql.Driver: Executing command(queryId=alex_20240424011026_3b5ecaa2-45fa-40f9-9874-98b23a6368b8): drop table if exists acidTblPart
2024-04-24T01:10:26,557  INFO [main] ql.Driver: Starting task [Stage-0:DDL] in serial mode
2024-04-24T01:10:26,557  INFO [main] HiveMetaStore.audit: ugi=alex	ip=unknown-ip-addr	cmd=get_table : tbl=hive.default.acidTblPart	
2024-04-24T01:10:26,563  INFO [main] metastore.HMSHandler: Skipping translation for processor with null
2024-04-24T01:10:26,563  INFO [main] HiveMetaStore.audit: ugi=alex	ip=unknown-ip-addr	cmd=get_table : tbl=hive.default.acidTblPart	
2024-04-24T01:10:26,569  INFO [main] metastore.HMSHandler: Skipping translation for processor with null
2024-04-24T01:10:26,570  INFO [main] HiveMetaStore.audit: ugi=alex	ip=unknown-ip-addr	cmd=drop_table : tbl=hive.default.acidTblPart	
2024-04-24T01:10:26,603  INFO [main] metadata.Hive: Dumping metastore api call timing information for : execution phase
2024-04-24T01:10:26,603  INFO [main] metadata.Hive: Total time spent in each metastore function (ms): {getTable_(GetTableRequest)=6, isCompatibleWith_(Configuration)=0, dropTable_(String, String, boolean, boolean, boolean)=40}
2024-04-24T01:10:26,603  INFO [main] ql.Driver: Completed executing command(queryId=alex_20240424011026_3b5ecaa2-45fa-40f9-9874-98b23a6368b8); Time taken: 0.046 seconds
2024-04-24T01:10:26,603  INFO [main] lockmgr.DbTxnManager: Stopped heartbeat for query: alex_20240424011026_3b5ecaa2-45fa-40f9-9874-98b23a6368b8
2024-04-24T01:10:26,606  INFO [main] txn.TxnHandler: Expected to move at least one record from txn_components to completed_txn_components when committing txn! txnid:16
2024-04-24T01:10:26,610  INFO [main] txn.TxnHandler: Removed transactions: ([16]) from MIN_HISTORY_LEVEL
2024-04-24T01:10:26,611  WARN [main] txn.CompactionTxnHandler: No compaction queue record found for Compaction type transaction commit. txnId:16
2024-04-24T01:10:26,611  INFO [main] ql.TxnCommandsBaseForTests: Running the query: drop table if exists acidTbl2
2024-04-24T01:10:26,611  INFO [main] ql.Driver: Compiling command(queryId=alex_20240424011026_458cea95-a1ab-4d5e-8426-06ac3f9ea694): drop table if exists acidTbl2
2024-04-24T01:10:26,613  INFO [main] txn.TxnHandler: Added entries to MIN_HISTORY_LEVEL for current txns: ([17]) with min_open_txn: 14
2024-04-24T01:10:26,613  INFO [main] lockmgr.DbTxnManager: Opened txnid:17
2024-04-24T01:10:26,614  INFO [main] ql.Driver: Semantic Analysis Completed (retrial = false)
2024-04-24T01:10:26,614  INFO [main] ql.Driver: Created Hive schema: Schema(fieldSchemas:null, properties:null)
2024-04-24T01:10:26,614  INFO [main] metadata.Hive: Dumping metastore api call timing information for : compilation phase
2024-04-24T01:10:26,614  INFO [main] metadata.Hive: Total time spent in each metastore function (ms): {getValidTxns_(long)=0, flushCache_()=0, isCompatibleWith_(Configuration)=2, commitTxn_(CommitTxnRequest)=7, getTable_(GetTableRequest)=0, openTxn_(String, TxnType)=1}
2024-04-24T01:10:26,615  INFO [main] ql.Driver: Completed compiling command(queryId=alex_20240424011026_458cea95-a1ab-4d5e-8426-06ac3f9ea694); Time taken: 0.003 seconds
2024-04-24T01:10:26,615  INFO [main] lockmgr.DbTxnManager: Setting lock request transaction to txnid:17 for queryId=alex_20240424011026_458cea95-a1ab-4d5e-8426-06ac3f9ea694
2024-04-24T01:10:26,615  INFO [main] ql.Driver: Operation DROPTABLE obtained 0 locks
2024-04-24T01:10:26,615  INFO [main] ql.Driver: Executing command(queryId=alex_20240424011026_458cea95-a1ab-4d5e-8426-06ac3f9ea694): drop table if exists acidTbl2
2024-04-24T01:10:26,615  INFO [main] ql.Driver: Starting task [Stage-0:DDL] in serial mode
2024-04-24T01:10:26,616  INFO [main] metadata.SessionHiveMetaStoreClient: Column stats doesn't exist for db=default temp table=acidTbl2
2024-04-24T01:10:26,616  INFO [main] metadata.Hive: Dumping metastore api call timing information for : execution phase
2024-04-24T01:10:26,616  INFO [main] metadata.Hive: Total time spent in each metastore function (ms): {isCompatibleWith_(Configuration)=0, getTable_(GetTableRequest)=1, dropTable_(String, String, boolean, boolean, boolean)=0}
2024-04-24T01:10:26,616  INFO [main] ql.Driver: Completed executing command(queryId=alex_20240424011026_458cea95-a1ab-4d5e-8426-06ac3f9ea694); Time taken: 0.001 seconds
2024-04-24T01:10:26,617  INFO [main] lockmgr.DbTxnManager: Stopped heartbeat for query: alex_20240424011026_458cea95-a1ab-4d5e-8426-06ac3f9ea694
2024-04-24T01:10:26,620  INFO [main] txn.TxnHandler: Expected to move at least one record from txn_components to completed_txn_components when committing txn! txnid:17
2024-04-24T01:10:26,624  INFO [main] txn.TxnHandler: Removed transactions: ([17]) from MIN_HISTORY_LEVEL
2024-04-24T01:10:26,624  WARN [main] txn.CompactionTxnHandler: No compaction queue record found for Compaction type transaction commit. txnId:17
2024-04-24T01:10:26,625  INFO [main] ql.TxnCommandsBaseForTests: Running the query: drop table if exists nonAcidOrcTbl
2024-04-24T01:10:26,625  INFO [main] ql.Driver: Compiling command(queryId=alex_20240424011026_e0479055-6eab-4a36-9835-66f9c077f8d8): drop table if exists nonAcidOrcTbl
2024-04-24T01:10:26,627  INFO [main] txn.TxnHandler: Added entries to MIN_HISTORY_LEVEL for current txns: ([18]) with min_open_txn: 14
2024-04-24T01:10:26,627  INFO [main] lockmgr.DbTxnManager: Opened txnid:18
2024-04-24T01:10:26,628  INFO [main] HiveMetaStore.audit: ugi=alex	ip=unknown-ip-addr	cmd=get_table : tbl=hive.default.nonAcidOrcTbl	
2024-04-24T01:10:26,646  INFO [main] metastore.HMSHandler: Skipping translation for processor with null
2024-04-24T01:10:26,646  INFO [main] ql.Driver: Semantic Analysis Completed (retrial = false)
2024-04-24T01:10:26,646  INFO [main] ql.Driver: Created Hive schema: Schema(fieldSchemas:null, properties:null)
2024-04-24T01:10:26,646  INFO [main] metadata.Hive: Dumping metastore api call timing information for : compilation phase
2024-04-24T01:10:26,646  INFO [main] metadata.Hive: Total time spent in each metastore function (ms): {getValidTxns_(long)=0, commitTxn_(CommitTxnRequest)=8, isCompatibleWith_(Configuration)=0, flushCache_()=0, openTxn_(String, TxnType)=1, getTable_(GetTableRequest)=18}
2024-04-24T01:10:26,646  INFO [main] ql.Driver: Completed compiling command(queryId=alex_20240424011026_e0479055-6eab-4a36-9835-66f9c077f8d8); Time taken: 0.021 seconds
2024-04-24T01:10:26,647  INFO [main] lockmgr.DbTxnManager: Setting lock request transaction to txnid:18 for queryId=alex_20240424011026_e0479055-6eab-4a36-9835-66f9c077f8d8
2024-04-24T01:10:26,647  INFO [main] lockmgr.DbLockManager: Requesting lock for queryId=alex_20240424011026_e0479055-6eab-4a36-9835-66f9c077f8d8
2024-04-24T01:10:26,660  INFO [main] lockmgr.DbLockManager: Response to queryId=alex_20240424011026_e0479055-6eab-4a36-9835-66f9c077f8d8 LockResponse(lockid:11, state:ACQUIRED)
2024-04-24T01:10:26,660  INFO [main] ql.Driver: Operation DROPTABLE obtained 1 locks
2024-04-24T01:10:26,660  INFO [main] ql.Driver: Executing command(queryId=alex_20240424011026_e0479055-6eab-4a36-9835-66f9c077f8d8): drop table if exists nonAcidOrcTbl
2024-04-24T01:10:26,661  INFO [main] ql.Driver: Starting task [Stage-0:DDL] in serial mode
2024-04-24T01:10:26,661  INFO [main] HiveMetaStore.audit: ugi=alex	ip=unknown-ip-addr	cmd=get_table : tbl=hive.default.nonAcidOrcTbl	
2024-04-24T01:10:26,669  INFO [main] metastore.HMSHandler: Skipping translation for processor with null
2024-04-24T01:10:26,669  INFO [main] HiveMetaStore.audit: ugi=alex	ip=unknown-ip-addr	cmd=get_table : tbl=hive.default.nonAcidOrcTbl	
2024-04-24T01:10:26,678  INFO [main] metastore.HMSHandler: Skipping translation for processor with null
2024-04-24T01:10:26,678  INFO [main] HiveMetaStore.audit: ugi=alex	ip=unknown-ip-addr	cmd=drop_table : tbl=hive.default.nonAcidOrcTbl	
2024-04-24T01:10:26,691  INFO [Metastore Scheduled Worker 2] metastore.HMSHandler: 5: Opening raw store with implementation class:org.apache.hadoop.hive.metastore.ObjectStore
2024-04-24T01:10:26,692  INFO [Metastore Scheduled Worker 2] metastore.ObjectStore: RawStore: org.apache.hadoop.hive.metastore.ObjectStore@1b4302b5, with PersistenceManager: null will be shutdown
2024-04-24T01:10:26,692  INFO [Metastore Scheduled Worker 2] metastore.ObjectStore: RawStore: org.apache.hadoop.hive.metastore.ObjectStore@1b4302b5, with PersistenceManager: org.datanucleus.api.jdo.JDOPersistenceManager@683bb2f2 created in the thread with id: 46
2024-04-24T01:10:26,717  INFO [Metastore Scheduled Worker 2] metastore.HMSHandler: Created RawStore: org.apache.hadoop.hive.metastore.ObjectStore@1b4302b5 from thread id: 46
2024-04-24T01:10:26,744  INFO [main] metadata.Hive: Dumping metastore api call timing information for : execution phase
2024-04-24T01:10:26,744  INFO [main] metadata.Hive: Total time spent in each metastore function (ms): {isCompatibleWith_(Configuration)=0, getTable_(GetTableRequest)=8, dropTable_(String, String, boolean, boolean, boolean)=75}
2024-04-24T01:10:26,744  INFO [main] ql.Driver: Completed executing command(queryId=alex_20240424011026_e0479055-6eab-4a36-9835-66f9c077f8d8); Time taken: 0.084 seconds
2024-04-24T01:10:26,744  INFO [main] lockmgr.DbTxnManager: Stopped heartbeat for query: alex_20240424011026_e0479055-6eab-4a36-9835-66f9c077f8d8
2024-04-24T01:10:26,747  INFO [main] txn.TxnHandler: Expected to move at least one record from txn_components to completed_txn_components when committing txn! txnid:18
2024-04-24T01:10:26,752  INFO [main] txn.TxnHandler: Removed transactions: ([18]) from MIN_HISTORY_LEVEL
2024-04-24T01:10:26,753  WARN [main] txn.CompactionTxnHandler: No compaction queue record found for Compaction type transaction commit. txnId:18
2024-04-24T01:10:26,754  INFO [main] ql.TxnCommandsBaseForTests: Running the query: drop table if exists nonAcidOrcTbl2
2024-04-24T01:10:26,754  INFO [main] ql.Driver: Compiling command(queryId=alex_20240424011026_9652307e-f4a9-46a2-b29d-b395abb0626b): drop table if exists nonAcidOrcTbl2
2024-04-24T01:10:26,761  INFO [main] txn.TxnHandler: Added entries to MIN_HISTORY_LEVEL for current txns: ([19]) with min_open_txn: 14
2024-04-24T01:10:26,761  INFO [main] lockmgr.DbTxnManager: Opened txnid:19
2024-04-24T01:10:26,763  INFO [main] HiveMetaStore.audit: ugi=alex	ip=unknown-ip-addr	cmd=get_table : tbl=hive.default.nonAcidOrcTbl2	
2024-04-24T01:10:26,772  INFO [main] metastore.HMSHandler: Skipping translation for processor with null
2024-04-24T01:10:26,772  INFO [main] ql.Driver: Semantic Analysis Completed (retrial = false)
2024-04-24T01:10:26,772  INFO [main] ql.Driver: Created Hive schema: Schema(fieldSchemas:null, properties:null)
2024-04-24T01:10:26,772  INFO [main] metadata.Hive: Dumping metastore api call timing information for : compilation phase
2024-04-24T01:10:26,772  INFO [main] metadata.Hive: Total time spent in each metastore function (ms): {flushCache_()=0, isCompatibleWith_(Configuration)=0, commitTxn_(CommitTxnRequest)=10, getValidTxns_(long)=2, getTable_(GetTableRequest)=9, openTxn_(String, TxnType)=6}
2024-04-24T01:10:26,773  INFO [main] ql.Driver: Completed compiling command(queryId=alex_20240424011026_9652307e-f4a9-46a2-b29d-b395abb0626b); Time taken: 0.018 seconds
2024-04-24T01:10:26,773  INFO [main] lockmgr.DbTxnManager: Setting lock request transaction to txnid:19 for queryId=alex_20240424011026_9652307e-f4a9-46a2-b29d-b395abb0626b
2024-04-24T01:10:26,773  INFO [main] lockmgr.DbLockManager: Requesting lock for queryId=alex_20240424011026_9652307e-f4a9-46a2-b29d-b395abb0626b
2024-04-24T01:10:26,787  INFO [main] lockmgr.DbLockManager: Response to queryId=alex_20240424011026_9652307e-f4a9-46a2-b29d-b395abb0626b LockResponse(lockid:12, state:ACQUIRED)
2024-04-24T01:10:26,787  INFO [main] ql.Driver: Operation DROPTABLE obtained 1 locks
2024-04-24T01:10:26,787  INFO [main] ql.Driver: Executing command(queryId=alex_20240424011026_9652307e-f4a9-46a2-b29d-b395abb0626b): drop table if exists nonAcidOrcTbl2
2024-04-24T01:10:26,787  INFO [main] ql.Driver: Starting task [Stage-0:DDL] in serial mode
2024-04-24T01:10:26,788  INFO [main] HiveMetaStore.audit: ugi=alex	ip=unknown-ip-addr	cmd=get_table : tbl=hive.default.nonAcidOrcTbl2	
2024-04-24T01:10:26,796  INFO [main] metastore.HMSHandler: Skipping translation for processor with null
2024-04-24T01:10:26,796  INFO [main] HiveMetaStore.audit: ugi=alex	ip=unknown-ip-addr	cmd=get_table : tbl=hive.default.nonAcidOrcTbl2	
2024-04-24T01:10:26,804  INFO [main] metastore.HMSHandler: Skipping translation for processor with null
2024-04-24T01:10:26,804  INFO [main] HiveMetaStore.audit: ugi=alex	ip=unknown-ip-addr	cmd=drop_table : tbl=hive.default.nonAcidOrcTbl2	
2024-04-24T01:10:26,833  INFO [main] metadata.Hive: Dumping metastore api call timing information for : execution phase
2024-04-24T01:10:26,833  INFO [main] metadata.Hive: Total time spent in each metastore function (ms): {isCompatibleWith_(Configuration)=0, dropTable_(String, String, boolean, boolean, boolean)=37, getTable_(GetTableRequest)=8}
2024-04-24T01:10:26,833  INFO [main] ql.Driver: Completed executing command(queryId=alex_20240424011026_9652307e-f4a9-46a2-b29d-b395abb0626b); Time taken: 0.046 seconds
2024-04-24T01:10:26,833  INFO [main] lockmgr.DbTxnManager: Stopped heartbeat for query: alex_20240424011026_9652307e-f4a9-46a2-b29d-b395abb0626b
2024-04-24T01:10:26,836  INFO [main] txn.TxnHandler: Expected to move at least one record from txn_components to completed_txn_components when committing txn! txnid:19
2024-04-24T01:10:26,841  INFO [main] txn.TxnHandler: Removed transactions: ([19]) from MIN_HISTORY_LEVEL
2024-04-24T01:10:26,841  WARN [main] txn.CompactionTxnHandler: No compaction queue record found for Compaction type transaction commit. txnId:19
2024-04-24T01:10:26,842  INFO [main] ql.TxnCommandsBaseForTests: Running the query: drop table if exists nonAcidNonBucket
2024-04-24T01:10:26,842  INFO [main] ql.Driver: Compiling command(queryId=alex_20240424011026_413e74fc-f140-42d6-aab1-2eeef77d72e6): drop table if exists nonAcidNonBucket
2024-04-24T01:10:26,844  INFO [main] txn.TxnHandler: Added entries to MIN_HISTORY_LEVEL for current txns: ([20]) with min_open_txn: 14
2024-04-24T01:10:26,844  INFO [main] lockmgr.DbTxnManager: Opened txnid:20
2024-04-24T01:10:26,845  INFO [main] HiveMetaStore.audit: ugi=alex	ip=unknown-ip-addr	cmd=get_table : tbl=hive.default.nonAcidNonBucket	
2024-04-24T01:10:26,854  INFO [main] metastore.HMSHandler: Skipping translation for processor with null
2024-04-24T01:10:26,854  INFO [main] ql.Driver: Semantic Analysis Completed (retrial = false)
2024-04-24T01:10:26,854  INFO [main] ql.Driver: Created Hive schema: Schema(fieldSchemas:null, properties:null)
2024-04-24T01:10:26,854  INFO [main] metadata.Hive: Dumping metastore api call timing information for : compilation phase
2024-04-24T01:10:26,854  INFO [main] metadata.Hive: Total time spent in each metastore function (ms): {getTable_(GetTableRequest)=9, isCompatibleWith_(Configuration)=0, commitTxn_(CommitTxnRequest)=8, openTxn_(String, TxnType)=2, getValidTxns_(long)=1, flushCache_()=0}
2024-04-24T01:10:26,854  INFO [main] ql.Driver: Completed compiling command(queryId=alex_20240424011026_413e74fc-f140-42d6-aab1-2eeef77d72e6); Time taken: 0.012 seconds
2024-04-24T01:10:26,855  INFO [main] lockmgr.DbTxnManager: Setting lock request transaction to txnid:20 for queryId=alex_20240424011026_413e74fc-f140-42d6-aab1-2eeef77d72e6
2024-04-24T01:10:26,855  INFO [main] lockmgr.DbLockManager: Requesting lock for queryId=alex_20240424011026_413e74fc-f140-42d6-aab1-2eeef77d72e6
2024-04-24T01:10:26,867  INFO [main] lockmgr.DbLockManager: Response to queryId=alex_20240424011026_413e74fc-f140-42d6-aab1-2eeef77d72e6 LockResponse(lockid:13, state:ACQUIRED)
2024-04-24T01:10:26,867  INFO [main] ql.Driver: Operation DROPTABLE obtained 1 locks
2024-04-24T01:10:26,867  INFO [main] ql.Driver: Executing command(queryId=alex_20240424011026_413e74fc-f140-42d6-aab1-2eeef77d72e6): drop table if exists nonAcidNonBucket
2024-04-24T01:10:26,867  INFO [main] ql.Driver: Starting task [Stage-0:DDL] in serial mode
2024-04-24T01:10:26,867  INFO [main] HiveMetaStore.audit: ugi=alex	ip=unknown-ip-addr	cmd=get_table : tbl=hive.default.nonAcidNonBucket	
2024-04-24T01:10:26,875  INFO [main] metastore.HMSHandler: Skipping translation for processor with null
2024-04-24T01:10:26,875  INFO [main] HiveMetaStore.audit: ugi=alex	ip=unknown-ip-addr	cmd=get_table : tbl=hive.default.nonAcidNonBucket	
2024-04-24T01:10:26,883  INFO [main] metastore.HMSHandler: Skipping translation for processor with null
2024-04-24T01:10:26,883  INFO [main] HiveMetaStore.audit: ugi=alex	ip=unknown-ip-addr	cmd=drop_table : tbl=hive.default.nonAcidNonBucket	
2024-04-24T01:10:26,913  INFO [main] metadata.Hive: Dumping metastore api call timing information for : execution phase
2024-04-24T01:10:26,913  INFO [main] metadata.Hive: Total time spent in each metastore function (ms): {dropTable_(String, String, boolean, boolean, boolean)=37, getTable_(GetTableRequest)=8, isCompatibleWith_(Configuration)=0}
2024-04-24T01:10:26,913  INFO [main] ql.Driver: Completed executing command(queryId=alex_20240424011026_413e74fc-f140-42d6-aab1-2eeef77d72e6); Time taken: 0.045 seconds
2024-04-24T01:10:26,913  INFO [main] lockmgr.DbTxnManager: Stopped heartbeat for query: alex_20240424011026_413e74fc-f140-42d6-aab1-2eeef77d72e6
2024-04-24T01:10:26,916  INFO [main] txn.TxnHandler: Expected to move at least one record from txn_components to completed_txn_components when committing txn! txnid:20
2024-04-24T01:10:26,921  INFO [main] txn.TxnHandler: Removed transactions: ([20]) from MIN_HISTORY_LEVEL
2024-04-24T01:10:26,921  WARN [main] txn.CompactionTxnHandler: No compaction queue record found for Compaction type transaction commit. txnId:20
2024-04-24T01:10:26,922  INFO [main] utils.TestTxnDbUtil: Cleaning transactional tables
]]></system-err>
  </testcase>
  <testcase name="testUpdateDeleteOfInserts" classname="org.apache.hadoop.hive.ql.TestTxnCommandsWithSplitUpdateAndVectorization" time="8.608">
    <error type="java.lang.RuntimeException"><![CDATA[java.lang.RuntimeException: update acidTbl set b = 1 where b != 1 failed: (responseCode = 2, errorMessage = FAILED: Execution Error, return code 2 from org.apache.hadoop.hive.ql.exec.mr.MapRedTask, SQLState = 08S01)
	at org.apache.hadoop.hive.ql.TxnCommandsBaseForTests.runStatementOnDriver(TxnCommandsBaseForTests.java:247)
	at org.apache.hadoop.hive.ql.TestTxnCommands.testUpdateDeleteOfInserts(TestTxnCommands.java:883)
	at sun.reflect.NativeMethodAccessorImpl.invoke0(Native Method)
	at sun.reflect.NativeMethodAccessorImpl.invoke(NativeMethodAccessorImpl.java:62)
	at sun.reflect.DelegatingMethodAccessorImpl.invoke(DelegatingMethodAccessorImpl.java:43)
	at java.lang.reflect.Method.invoke(Method.java:498)
	at org.junit.runners.model.FrameworkMethod$1.runReflectiveCall(FrameworkMethod.java:59)
	at org.junit.internal.runners.model.ReflectiveCallable.run(ReflectiveCallable.java:12)
	at org.junit.runners.model.FrameworkMethod.invokeExplosively(FrameworkMethod.java:56)
	at org.junit.internal.runners.statements.InvokeMethod.evaluate(InvokeMethod.java:17)
	at org.junit.internal.runners.statements.RunBefores.evaluate(RunBefores.java:26)
	at org.junit.internal.runners.statements.RunAfters.evaluate(RunAfters.java:27)
	at org.junit.rules.TestWatcher$1.evaluate(TestWatcher.java:61)
	at org.junit.runners.ParentRunner$3.evaluate(ParentRunner.java:306)
	at org.junit.runners.BlockJUnit4ClassRunner$1.evaluate(BlockJUnit4ClassRunner.java:100)
	at org.junit.runners.ParentRunner.runLeaf(ParentRunner.java:366)
	at org.junit.runners.BlockJUnit4ClassRunner.runChild(BlockJUnit4ClassRunner.java:103)
	at org.junit.runners.BlockJUnit4ClassRunner.runChild(BlockJUnit4ClassRunner.java:63)
	at org.junit.runners.ParentRunner$4.run(ParentRunner.java:331)
	at org.junit.runners.ParentRunner$1.schedule(ParentRunner.java:79)
	at org.junit.runners.ParentRunner.runChildren(ParentRunner.java:329)
	at org.junit.runners.ParentRunner.access$100(ParentRunner.java:66)
	at org.junit.runners.ParentRunner$2.evaluate(ParentRunner.java:293)
	at org.junit.runners.ParentRunner$3.evaluate(ParentRunner.java:306)
	at org.junit.runners.ParentRunner.run(ParentRunner.java:413)
	at org.junit.runner.JUnitCore.run(JUnitCore.java:137)
	at org.junit.runner.JUnitCore.run(JUnitCore.java:115)
	at org.junit.vintage.engine.execution.RunnerExecutor.execute(RunnerExecutor.java:43)
	at java.util.stream.ForEachOps$ForEachOp$OfRef.accept(ForEachOps.java:183)
	at java.util.stream.ReferencePipeline$3$1.accept(ReferencePipeline.java:193)
	at java.util.Iterator.forEachRemaining(Iterator.java:116)
	at java.util.Spliterators$IteratorSpliterator.forEachRemaining(Spliterators.java:1801)
	at java.util.stream.AbstractPipeline.copyInto(AbstractPipeline.java:482)
	at java.util.stream.AbstractPipeline.wrapAndCopyInto(AbstractPipeline.java:472)
	at java.util.stream.ForEachOps$ForEachOp.evaluateSequential(ForEachOps.java:150)
	at java.util.stream.ForEachOps$ForEachOp$OfRef.evaluateSequential(ForEachOps.java:173)
	at java.util.stream.AbstractPipeline.evaluate(AbstractPipeline.java:234)
	at java.util.stream.ReferencePipeline.forEach(ReferencePipeline.java:485)
	at org.junit.vintage.engine.VintageTestEngine.executeAllChildren(VintageTestEngine.java:82)
	at org.junit.vintage.engine.VintageTestEngine.execute(VintageTestEngine.java:73)
	at org.junit.platform.launcher.core.DefaultLauncher.execute(DefaultLauncher.java:248)
	at org.junit.platform.launcher.core.DefaultLauncher.lambda$execute$5(DefaultLauncher.java:211)
	at org.junit.platform.launcher.core.DefaultLauncher.withInterceptedStreams(DefaultLauncher.java:226)
	at org.junit.platform.launcher.core.DefaultLauncher.execute(DefaultLauncher.java:199)
	at org.junit.platform.launcher.core.DefaultLauncher.execute(DefaultLauncher.java:132)
	at org.apache.maven.surefire.junitplatform.JUnitPlatformProvider.invokeAllTests(JUnitPlatformProvider.java:154)
	at org.apache.maven.surefire.junitplatform.JUnitPlatformProvider.invoke(JUnitPlatformProvider.java:123)
	at org.apache.maven.surefire.booter.ForkedBooter.runSuitesInProcess(ForkedBooter.java:377)
	at org.apache.maven.surefire.booter.ForkedBooter.execute(ForkedBooter.java:138)
	at org.apache.maven.surefire.booter.ForkedBooter.run(ForkedBooter.java:465)
	at org.apache.maven.surefire.booter.ForkedBooter.main(ForkedBooter.java:451)
]]></error>
    <system-err><![CDATA[2024-04-24T01:10:26,986  WARN [main] conf.HiveConf: HiveConf of name hive.metastore.metadb.dir does not exist
2024-04-24T01:10:26,986  WARN [main] conf.HiveConf: HiveConf of name hive.dummyparam.test.server.specific.config.metastoresite does not exist
2024-04-24T01:10:26,987  WARN [main] conf.HiveConf: HiveConf of name hive.stats.key.prefix.reserve.length does not exist
2024-04-24T01:10:26,987  WARN [main] conf.HiveConf: HiveConf of name hive.metastore.client.cache.maxSize does not exist
2024-04-24T01:10:26,987  WARN [main] conf.HiveConf: HiveConf of name hive.dummyparam.test.server.specific.config.hivesite does not exist
2024-04-24T01:10:26,987  WARN [main] conf.HiveConf: HiveConf of name hive.dummyparam.test.server.specific.config.override does not exist
2024-04-24T01:10:26,987  WARN [main] conf.HiveConf: HiveConf of name hive.llap.io.cache.orc.size does not exist
2024-04-24T01:10:26,987  WARN [main] conf.HiveConf: HiveConf of name hive.llap.io.cache.orc.arena.size does not exist
2024-04-24T01:10:26,987  WARN [main] conf.HiveConf: HiveConf of name hive.metastore.client.cache.recordStats does not exist
2024-04-24T01:10:26,987  WARN [main] conf.HiveConf: HiveConf of name hive.llap.io.cache.orc.alloc.max does not exist
2024-04-24T01:10:26,987  WARN [main] conf.HiveConf: HiveConf of name hive.llap.io.cache.orc.alloc.min does not exist
2024-04-24T01:10:26,989  INFO [main] utils.TestTxnDbUtil: Creating transactional tables
Hive Session ID = fc2e988a-c8c6-44c0-8874-d949350f00a3
2024-04-24T01:10:26,991  INFO [main] SessionState: Hive Session ID = fc2e988a-c8c6-44c0-8874-d949350f00a3
ivysettings.xml file not found in HIVE_HOME or HIVE_CONF_DIR,/home/alex/Repositories/hive/conf/ivysettings.xml will be used
2024-04-24T01:10:26,992  INFO [main] DependencyResolver: ivysettings.xml file not found in HIVE_HOME or HIVE_CONF_DIR,/home/alex/Repositories/hive/conf/ivysettings.xml will be used
2024-04-24T01:10:26,997  INFO [main] session.SessionState: Created HDFS directory: /home/alex/Repositories/hive/ql/target/tmp/scratchdir/alex/fc2e988a-c8c6-44c0-8874-d949350f00a3
2024-04-24T01:10:26,999  INFO [main] session.SessionState: Created local directory: /home/alex/Repositories/hive/ql/target/tmp/localscratchdir/fc2e988a-c8c6-44c0-8874-d949350f00a3
2024-04-24T01:10:27,002  INFO [main] session.SessionState: Created HDFS directory: /home/alex/Repositories/hive/ql/target/tmp/scratchdir/alex/fc2e988a-c8c6-44c0-8874-d949350f00a3/_tmp_space.db
2024-04-24T01:10:27,002  INFO [main] sqlstd.SQLStdHiveAccessController: Created SQLStdHiveAccessController for session context : HiveAuthzSessionContext [sessionString=fc2e988a-c8c6-44c0-8874-d949350f00a3, clientType=HIVECLI]
2024-04-24T01:10:27,003  INFO [main] ql.TxnCommandsBaseForTests: Running the query: drop table if exists acidTbl
2024-04-24T01:10:27,003  INFO [main] ql.Driver: Compiling command(queryId=alex_20240424011027_5df63fbc-955a-4336-958b-422c9e22b0c7): drop table if exists acidTbl
2024-04-24T01:10:27,010  INFO [main] txn.TxnHandler: Added entries to MIN_HISTORY_LEVEL for current txns: ([1]) with min_open_txn: 1
2024-04-24T01:10:27,010  INFO [main] lockmgr.DbTxnManager: Opened txnid:1
2024-04-24T01:10:27,012  INFO [main] HiveMetaStore.audit: ugi=alex	ip=unknown-ip-addr	cmd=get_table : tbl=hive.default.acidTbl	
2024-04-24T01:10:27,018  INFO [main] ql.Driver: Semantic Analysis Completed (retrial = false)
2024-04-24T01:10:27,018  INFO [main] ql.Driver: Created Hive schema: Schema(fieldSchemas:null, properties:null)
2024-04-24T01:10:27,018  INFO [main] metadata.Hive: Dumping metastore api call timing information for : compilation phase
2024-04-24T01:10:27,018  INFO [main] metadata.Hive: Total time spent in each metastore function (ms): {openTxn_(String, TxnType)=6, isCompatibleWith_(Configuration)=1, flushCache_()=0, getValidTxns_(long)=2, commitTxn_(CommitTxnRequest)=8}
2024-04-24T01:10:27,018  INFO [main] ql.Driver: Completed compiling command(queryId=alex_20240424011027_5df63fbc-955a-4336-958b-422c9e22b0c7); Time taken: 0.015 seconds
2024-04-24T01:10:27,019  INFO [main] lockmgr.DbTxnManager: Setting lock request transaction to txnid:1 for queryId=alex_20240424011027_5df63fbc-955a-4336-958b-422c9e22b0c7
2024-04-24T01:10:27,019  INFO [main] ql.Driver: Operation DROPTABLE obtained 0 locks
2024-04-24T01:10:27,019  INFO [main] ql.Driver: Executing command(queryId=alex_20240424011027_5df63fbc-955a-4336-958b-422c9e22b0c7): drop table if exists acidTbl
2024-04-24T01:10:27,019  INFO [main] ql.Driver: Starting task [Stage-0:DDL] in serial mode
2024-04-24T01:10:27,019  INFO [main] HiveMetaStore.audit: ugi=alex	ip=unknown-ip-addr	cmd=get_table : tbl=hive.default.acidTbl	
2024-04-24T01:10:27,022  INFO [main] metadata.Hive: Dumping metastore api call timing information for : execution phase
2024-04-24T01:10:27,022  INFO [main] metadata.Hive: Total time spent in each metastore function (ms): {isCompatibleWith_(Configuration)=0}
2024-04-24T01:10:27,022  INFO [main] ql.Driver: Completed executing command(queryId=alex_20240424011027_5df63fbc-955a-4336-958b-422c9e22b0c7); Time taken: 0.003 seconds
2024-04-24T01:10:27,022  INFO [main] lockmgr.DbTxnManager: Stopped heartbeat for query: alex_20240424011027_5df63fbc-955a-4336-958b-422c9e22b0c7
2024-04-24T01:10:27,028  INFO [main] txn.TxnHandler: Expected to move at least one record from txn_components to completed_txn_components when committing txn! txnid:1
2024-04-24T01:10:27,034  INFO [main] txn.TxnHandler: Removed transactions: ([1]) from MIN_HISTORY_LEVEL
2024-04-24T01:10:27,034  WARN [main] txn.CompactionTxnHandler: No compaction queue record found for Compaction type transaction commit. txnId:1
2024-04-24T01:10:27,034  INFO [main] ql.TxnCommandsBaseForTests: Running the query: drop table if exists acidTblPart
2024-04-24T01:10:27,035  INFO [main] ql.Driver: Compiling command(queryId=alex_20240424011027_4235d52e-cc41-48b5-9249-0a914c591a89): drop table if exists acidTblPart
2024-04-24T01:10:27,037  INFO [main] txn.TxnHandler: Added entries to MIN_HISTORY_LEVEL for current txns: ([2]) with min_open_txn: 1
2024-04-24T01:10:27,037  INFO [main] lockmgr.DbTxnManager: Opened txnid:2
2024-04-24T01:10:27,037  INFO [main] HiveMetaStore.audit: ugi=alex	ip=unknown-ip-addr	cmd=get_table : tbl=hive.default.acidTblPart	
2024-04-24T01:10:27,041  INFO [main] ql.Driver: Semantic Analysis Completed (retrial = false)
2024-04-24T01:10:27,041  INFO [main] ql.Driver: Created Hive schema: Schema(fieldSchemas:null, properties:null)
2024-04-24T01:10:27,041  INFO [main] metadata.Hive: Dumping metastore api call timing information for : compilation phase
2024-04-24T01:10:27,041  INFO [main] metadata.Hive: Total time spent in each metastore function (ms): {commitTxn_(CommitTxnRequest)=12, getValidTxns_(long)=0, openTxn_(String, TxnType)=2, flushCache_()=0, isCompatibleWith_(Configuration)=0}
2024-04-24T01:10:27,041  INFO [main] ql.Driver: Completed compiling command(queryId=alex_20240424011027_4235d52e-cc41-48b5-9249-0a914c591a89); Time taken: 0.006 seconds
2024-04-24T01:10:27,042  INFO [main] lockmgr.DbTxnManager: Setting lock request transaction to txnid:2 for queryId=alex_20240424011027_4235d52e-cc41-48b5-9249-0a914c591a89
2024-04-24T01:10:27,042  INFO [main] ql.Driver: Operation DROPTABLE obtained 0 locks
2024-04-24T01:10:27,042  INFO [main] ql.Driver: Executing command(queryId=alex_20240424011027_4235d52e-cc41-48b5-9249-0a914c591a89): drop table if exists acidTblPart
2024-04-24T01:10:27,042  INFO [main] ql.Driver: Starting task [Stage-0:DDL] in serial mode
2024-04-24T01:10:27,042  INFO [main] HiveMetaStore.audit: ugi=alex	ip=unknown-ip-addr	cmd=get_table : tbl=hive.default.acidTblPart	
2024-04-24T01:10:27,045  INFO [main] metadata.Hive: Dumping metastore api call timing information for : execution phase
2024-04-24T01:10:27,045  INFO [main] metadata.Hive: Total time spent in each metastore function (ms): {isCompatibleWith_(Configuration)=0}
2024-04-24T01:10:27,046  INFO [main] ql.Driver: Completed executing command(queryId=alex_20240424011027_4235d52e-cc41-48b5-9249-0a914c591a89); Time taken: 0.003 seconds
2024-04-24T01:10:27,046  INFO [main] lockmgr.DbTxnManager: Stopped heartbeat for query: alex_20240424011027_4235d52e-cc41-48b5-9249-0a914c591a89
2024-04-24T01:10:27,050  INFO [main] txn.TxnHandler: Expected to move at least one record from txn_components to completed_txn_components when committing txn! txnid:2
2024-04-24T01:10:27,055  INFO [main] txn.TxnHandler: Removed transactions: ([2]) from MIN_HISTORY_LEVEL
2024-04-24T01:10:27,055  WARN [main] txn.CompactionTxnHandler: No compaction queue record found for Compaction type transaction commit. txnId:2
2024-04-24T01:10:27,055  INFO [main] ql.TxnCommandsBaseForTests: Running the query: drop table if exists acidTbl2
2024-04-24T01:10:27,056  INFO [main] ql.Driver: Compiling command(queryId=alex_20240424011027_459d460d-1a60-4567-9ed8-e4c995e54675): drop table if exists acidTbl2
2024-04-24T01:10:27,057  INFO [main] txn.TxnHandler: Added entries to MIN_HISTORY_LEVEL for current txns: ([3]) with min_open_txn: 1
2024-04-24T01:10:27,058  INFO [main] lockmgr.DbTxnManager: Opened txnid:3
2024-04-24T01:10:27,058  INFO [main] HiveMetaStore.audit: ugi=alex	ip=unknown-ip-addr	cmd=get_table : tbl=hive.default.acidTbl2	
2024-04-24T01:10:27,061  INFO [main] ql.Driver: Semantic Analysis Completed (retrial = false)
2024-04-24T01:10:27,061  INFO [main] ql.Driver: Created Hive schema: Schema(fieldSchemas:null, properties:null)
2024-04-24T01:10:27,061  INFO [main] metadata.Hive: Dumping metastore api call timing information for : compilation phase
2024-04-24T01:10:27,061  INFO [main] metadata.Hive: Total time spent in each metastore function (ms): {flushCache_()=0, getValidTxns_(long)=0, commitTxn_(CommitTxnRequest)=9, openTxn_(String, TxnType)=2, isCompatibleWith_(Configuration)=0}
2024-04-24T01:10:27,061  INFO [main] ql.Driver: Completed compiling command(queryId=alex_20240424011027_459d460d-1a60-4567-9ed8-e4c995e54675); Time taken: 0.005 seconds
2024-04-24T01:10:27,062  INFO [main] lockmgr.DbTxnManager: Setting lock request transaction to txnid:3 for queryId=alex_20240424011027_459d460d-1a60-4567-9ed8-e4c995e54675
2024-04-24T01:10:27,062  INFO [main] ql.Driver: Operation DROPTABLE obtained 0 locks
2024-04-24T01:10:27,062  INFO [main] ql.Driver: Executing command(queryId=alex_20240424011027_459d460d-1a60-4567-9ed8-e4c995e54675): drop table if exists acidTbl2
2024-04-24T01:10:27,062  INFO [main] ql.Driver: Starting task [Stage-0:DDL] in serial mode
2024-04-24T01:10:27,062  INFO [main] HiveMetaStore.audit: ugi=alex	ip=unknown-ip-addr	cmd=get_table : tbl=hive.default.acidTbl2	
2024-04-24T01:10:27,065  INFO [main] metadata.Hive: Dumping metastore api call timing information for : execution phase
2024-04-24T01:10:27,065  INFO [main] metadata.Hive: Total time spent in each metastore function (ms): {isCompatibleWith_(Configuration)=0}
2024-04-24T01:10:27,065  INFO [main] ql.Driver: Completed executing command(queryId=alex_20240424011027_459d460d-1a60-4567-9ed8-e4c995e54675); Time taken: 0.003 seconds
2024-04-24T01:10:27,065  INFO [main] lockmgr.DbTxnManager: Stopped heartbeat for query: alex_20240424011027_459d460d-1a60-4567-9ed8-e4c995e54675
2024-04-24T01:10:27,069  INFO [main] txn.TxnHandler: Expected to move at least one record from txn_components to completed_txn_components when committing txn! txnid:3
2024-04-24T01:10:27,075  INFO [main] txn.TxnHandler: Removed transactions: ([3]) from MIN_HISTORY_LEVEL
2024-04-24T01:10:27,076  WARN [main] txn.CompactionTxnHandler: No compaction queue record found for Compaction type transaction commit. txnId:3
2024-04-24T01:10:27,076  INFO [main] ql.TxnCommandsBaseForTests: Running the query: drop table if exists nonAcidOrcTbl
2024-04-24T01:10:27,076  INFO [main] ql.Driver: Compiling command(queryId=alex_20240424011027_56722185-8a8d-495d-b555-39f80a3c7bd2): drop table if exists nonAcidOrcTbl
2024-04-24T01:10:27,078  INFO [main] txn.TxnHandler: Added entries to MIN_HISTORY_LEVEL for current txns: ([4]) with min_open_txn: 1
2024-04-24T01:10:27,079  INFO [main] lockmgr.DbTxnManager: Opened txnid:4
2024-04-24T01:10:27,079  INFO [main] HiveMetaStore.audit: ugi=alex	ip=unknown-ip-addr	cmd=get_table : tbl=hive.default.nonAcidOrcTbl	
2024-04-24T01:10:27,083  INFO [main] ql.Driver: Semantic Analysis Completed (retrial = false)
2024-04-24T01:10:27,083  INFO [main] ql.Driver: Created Hive schema: Schema(fieldSchemas:null, properties:null)
2024-04-24T01:10:27,083  INFO [main] metadata.Hive: Dumping metastore api call timing information for : compilation phase
2024-04-24T01:10:27,083  INFO [main] metadata.Hive: Total time spent in each metastore function (ms): {flushCache_()=0, getValidTxns_(long)=0, isCompatibleWith_(Configuration)=0, commitTxn_(CommitTxnRequest)=11, openTxn_(String, TxnType)=2}
2024-04-24T01:10:27,083  INFO [main] ql.Driver: Completed compiling command(queryId=alex_20240424011027_56722185-8a8d-495d-b555-39f80a3c7bd2); Time taken: 0.007 seconds
2024-04-24T01:10:27,084  INFO [main] lockmgr.DbTxnManager: Setting lock request transaction to txnid:4 for queryId=alex_20240424011027_56722185-8a8d-495d-b555-39f80a3c7bd2
2024-04-24T01:10:27,084  INFO [main] ql.Driver: Operation DROPTABLE obtained 0 locks
2024-04-24T01:10:27,084  INFO [main] ql.Driver: Executing command(queryId=alex_20240424011027_56722185-8a8d-495d-b555-39f80a3c7bd2): drop table if exists nonAcidOrcTbl
2024-04-24T01:10:27,084  INFO [main] ql.Driver: Starting task [Stage-0:DDL] in serial mode
2024-04-24T01:10:27,084  INFO [main] HiveMetaStore.audit: ugi=alex	ip=unknown-ip-addr	cmd=get_table : tbl=hive.default.nonAcidOrcTbl	
2024-04-24T01:10:27,087  INFO [main] metadata.Hive: Dumping metastore api call timing information for : execution phase
2024-04-24T01:10:27,087  INFO [main] metadata.Hive: Total time spent in each metastore function (ms): {isCompatibleWith_(Configuration)=0}
2024-04-24T01:10:27,087  INFO [main] ql.Driver: Completed executing command(queryId=alex_20240424011027_56722185-8a8d-495d-b555-39f80a3c7bd2); Time taken: 0.003 seconds
2024-04-24T01:10:27,088  INFO [main] lockmgr.DbTxnManager: Stopped heartbeat for query: alex_20240424011027_56722185-8a8d-495d-b555-39f80a3c7bd2
2024-04-24T01:10:27,092  INFO [main] txn.TxnHandler: Expected to move at least one record from txn_components to completed_txn_components when committing txn! txnid:4
2024-04-24T01:10:27,097  INFO [main] txn.TxnHandler: Removed transactions: ([4]) from MIN_HISTORY_LEVEL
2024-04-24T01:10:27,097  WARN [main] txn.CompactionTxnHandler: No compaction queue record found for Compaction type transaction commit. txnId:4
2024-04-24T01:10:27,097  INFO [main] ql.TxnCommandsBaseForTests: Running the query: drop table if exists nonAcidOrcTbl2
2024-04-24T01:10:27,098  INFO [main] ql.Driver: Compiling command(queryId=alex_20240424011027_7ac512f6-80cb-4426-9345-cfc57fc0bbe1): drop table if exists nonAcidOrcTbl2
2024-04-24T01:10:27,100  INFO [main] txn.TxnHandler: Added entries to MIN_HISTORY_LEVEL for current txns: ([5]) with min_open_txn: 1
2024-04-24T01:10:27,100  INFO [main] lockmgr.DbTxnManager: Opened txnid:5
2024-04-24T01:10:27,101  INFO [main] HiveMetaStore.audit: ugi=alex	ip=unknown-ip-addr	cmd=get_table : tbl=hive.default.nonAcidOrcTbl2	
2024-04-24T01:10:27,103  INFO [main] ql.Driver: Semantic Analysis Completed (retrial = false)
2024-04-24T01:10:27,103  INFO [main] ql.Driver: Created Hive schema: Schema(fieldSchemas:null, properties:null)
2024-04-24T01:10:27,104  INFO [main] metadata.Hive: Dumping metastore api call timing information for : compilation phase
2024-04-24T01:10:27,104  INFO [main] metadata.Hive: Total time spent in each metastore function (ms): {openTxn_(String, TxnType)=2, isCompatibleWith_(Configuration)=0, flushCache_()=0, getValidTxns_(long)=0, commitTxn_(CommitTxnRequest)=9}
2024-04-24T01:10:27,104  INFO [main] ql.Driver: Completed compiling command(queryId=alex_20240424011027_7ac512f6-80cb-4426-9345-cfc57fc0bbe1); Time taken: 0.005 seconds
2024-04-24T01:10:27,104  INFO [main] lockmgr.DbTxnManager: Setting lock request transaction to txnid:5 for queryId=alex_20240424011027_7ac512f6-80cb-4426-9345-cfc57fc0bbe1
2024-04-24T01:10:27,104  INFO [main] ql.Driver: Operation DROPTABLE obtained 0 locks
2024-04-24T01:10:27,104  INFO [main] ql.Driver: Executing command(queryId=alex_20240424011027_7ac512f6-80cb-4426-9345-cfc57fc0bbe1): drop table if exists nonAcidOrcTbl2
2024-04-24T01:10:27,104  INFO [main] ql.Driver: Starting task [Stage-0:DDL] in serial mode
2024-04-24T01:10:27,104  INFO [main] HiveMetaStore.audit: ugi=alex	ip=unknown-ip-addr	cmd=get_table : tbl=hive.default.nonAcidOrcTbl2	
2024-04-24T01:10:27,107  INFO [main] metadata.Hive: Dumping metastore api call timing information for : execution phase
2024-04-24T01:10:27,107  INFO [main] metadata.Hive: Total time spent in each metastore function (ms): {isCompatibleWith_(Configuration)=0}
2024-04-24T01:10:27,108  INFO [main] ql.Driver: Completed executing command(queryId=alex_20240424011027_7ac512f6-80cb-4426-9345-cfc57fc0bbe1); Time taken: 0.003 seconds
2024-04-24T01:10:27,108  INFO [main] lockmgr.DbTxnManager: Stopped heartbeat for query: alex_20240424011027_7ac512f6-80cb-4426-9345-cfc57fc0bbe1
2024-04-24T01:10:27,112  INFO [main] txn.TxnHandler: Expected to move at least one record from txn_components to completed_txn_components when committing txn! txnid:5
2024-04-24T01:10:27,117  INFO [main] txn.TxnHandler: Removed transactions: ([5]) from MIN_HISTORY_LEVEL
2024-04-24T01:10:27,117  WARN [main] txn.CompactionTxnHandler: No compaction queue record found for Compaction type transaction commit. txnId:5
2024-04-24T01:10:27,118  INFO [main] ql.TxnCommandsBaseForTests: Running the query: drop table if exists nonAcidNonBucket
2024-04-24T01:10:27,118  INFO [main] ql.Driver: Compiling command(queryId=alex_20240424011027_09a41e7d-0921-47bd-8669-d283dd6dded8): drop table if exists nonAcidNonBucket
2024-04-24T01:10:27,120  INFO [main] txn.TxnHandler: Added entries to MIN_HISTORY_LEVEL for current txns: ([6]) with min_open_txn: 1
2024-04-24T01:10:27,120  INFO [main] lockmgr.DbTxnManager: Opened txnid:6
2024-04-24T01:10:27,121  INFO [main] HiveMetaStore.audit: ugi=alex	ip=unknown-ip-addr	cmd=get_table : tbl=hive.default.nonAcidNonBucket	
2024-04-24T01:10:27,124  INFO [main] ql.Driver: Semantic Analysis Completed (retrial = false)
2024-04-24T01:10:27,124  INFO [main] ql.Driver: Created Hive schema: Schema(fieldSchemas:null, properties:null)
2024-04-24T01:10:27,124  INFO [main] metadata.Hive: Dumping metastore api call timing information for : compilation phase
2024-04-24T01:10:27,124  INFO [main] metadata.Hive: Total time spent in each metastore function (ms): {flushCache_()=0, commitTxn_(CommitTxnRequest)=10, getValidTxns_(long)=1, openTxn_(String, TxnType)=2, isCompatibleWith_(Configuration)=0}
2024-04-24T01:10:27,124  INFO [main] ql.Driver: Completed compiling command(queryId=alex_20240424011027_09a41e7d-0921-47bd-8669-d283dd6dded8); Time taken: 0.006 seconds
2024-04-24T01:10:27,125  INFO [main] lockmgr.DbTxnManager: Setting lock request transaction to txnid:6 for queryId=alex_20240424011027_09a41e7d-0921-47bd-8669-d283dd6dded8
2024-04-24T01:10:27,125  INFO [main] ql.Driver: Operation DROPTABLE obtained 0 locks
2024-04-24T01:10:27,125  INFO [main] ql.Driver: Executing command(queryId=alex_20240424011027_09a41e7d-0921-47bd-8669-d283dd6dded8): drop table if exists nonAcidNonBucket
2024-04-24T01:10:27,125  INFO [main] ql.Driver: Starting task [Stage-0:DDL] in serial mode
2024-04-24T01:10:27,125  INFO [main] HiveMetaStore.audit: ugi=alex	ip=unknown-ip-addr	cmd=get_table : tbl=hive.default.nonAcidNonBucket	
2024-04-24T01:10:27,129  INFO [main] metadata.Hive: Dumping metastore api call timing information for : execution phase
2024-04-24T01:10:27,129  INFO [main] metadata.Hive: Total time spent in each metastore function (ms): {isCompatibleWith_(Configuration)=0}
2024-04-24T01:10:27,129  INFO [main] ql.Driver: Completed executing command(queryId=alex_20240424011027_09a41e7d-0921-47bd-8669-d283dd6dded8); Time taken: 0.004 seconds
2024-04-24T01:10:27,129  INFO [main] lockmgr.DbTxnManager: Stopped heartbeat for query: alex_20240424011027_09a41e7d-0921-47bd-8669-d283dd6dded8
2024-04-24T01:10:27,133  INFO [main] txn.TxnHandler: Expected to move at least one record from txn_components to completed_txn_components when committing txn! txnid:6
2024-04-24T01:10:27,139  INFO [main] txn.TxnHandler: Removed transactions: ([6]) from MIN_HISTORY_LEVEL
2024-04-24T01:10:27,139  WARN [main] txn.CompactionTxnHandler: No compaction queue record found for Compaction type transaction commit. txnId:6
2024-04-24T01:10:27,139  INFO [main] ql.TxnCommandsBaseForTests: Running the query: create table acidTbl(a int, b int) clustered by (a) into 2 buckets stored as orc TBLPROPERTIES ('transactional'='true')
2024-04-24T01:10:27,140  INFO [main] ql.Driver: Compiling command(queryId=alex_20240424011027_c28ce6a9-f447-4cfa-92a6-aa6662a27f49): create table acidTbl(a int, b int) clustered by (a) into 2 buckets stored as orc TBLPROPERTIES ('transactional'='true')
2024-04-24T01:10:27,142  INFO [main] txn.TxnHandler: Added entries to MIN_HISTORY_LEVEL for current txns: ([7]) with min_open_txn: 1
2024-04-24T01:10:27,142  INFO [main] lockmgr.DbTxnManager: Opened txnid:7
2024-04-24T01:10:27,142  INFO [main] parse.CalcitePlanner: Starting caching scope for: 
2024-04-24T01:10:27,143  INFO [main] parse.CalcitePlanner: Starting Semantic Analysis
2024-04-24T01:10:27,147  INFO [main] parse.CalcitePlanner: Creating table default.acidTbl position=13
2024-04-24T01:10:27,148  INFO [main] HiveMetaStore.audit: ugi=alex	ip=unknown-ip-addr	cmd=get_database: default	
2024-04-24T01:10:27,149  INFO [main] parse.CalcitePlanner: Ending caching scope for: 
2024-04-24T01:10:27,149  INFO [main] ql.Driver: Semantic Analysis Completed (retrial = false)
2024-04-24T01:10:27,150  INFO [main] ql.Driver: Created Hive schema: Schema(fieldSchemas:null, properties:null)
2024-04-24T01:10:27,150  INFO [main] metadata.Hive: Dumping metastore api call timing information for : compilation phase
2024-04-24T01:10:27,150  INFO [main] metadata.Hive: Total time spent in each metastore function (ms): {openTxn_(String, TxnType)=2, isCompatibleWith_(Configuration)=0, flushCache_()=0, getValidTxns_(long)=0, getDatabase_(String)=1, commitTxn_(CommitTxnRequest)=10, getValidWriteIds_(List, String)=4}
2024-04-24T01:10:27,150  INFO [main] ql.Driver: Completed compiling command(queryId=alex_20240424011027_c28ce6a9-f447-4cfa-92a6-aa6662a27f49); Time taken: 0.01 seconds
2024-04-24T01:10:27,150  INFO [main] lockmgr.DbTxnManager: Setting lock request transaction to txnid:7 for queryId=alex_20240424011027_c28ce6a9-f447-4cfa-92a6-aa6662a27f49
2024-04-24T01:10:27,150  INFO [main] lockmgr.DbLockManager: Requesting lock for queryId=alex_20240424011027_c28ce6a9-f447-4cfa-92a6-aa6662a27f49
2024-04-24T01:10:27,174  INFO [main] lockmgr.DbLockManager: Response to queryId=alex_20240424011027_c28ce6a9-f447-4cfa-92a6-aa6662a27f49 LockResponse(lockid:1, state:ACQUIRED)
2024-04-24T01:10:27,174  INFO [main] ql.Driver: Operation CREATETABLE obtained 1 locks
2024-04-24T01:10:27,175  INFO [main] ql.Driver: Executing command(queryId=alex_20240424011027_c28ce6a9-f447-4cfa-92a6-aa6662a27f49): create table acidTbl(a int, b int) clustered by (a) into 2 buckets stored as orc TBLPROPERTIES ('transactional'='true')
2024-04-24T01:10:27,175  INFO [main] ql.Driver: Starting task [Stage-0:DDL] in serial mode
2024-04-24T01:10:27,176  INFO [main] HiveMetaStore.audit: ugi=alex	ip=unknown-ip-addr	cmd=create_table_req: Table(tableName:acidTbl, dbName:default, owner:alex, createTime:1713946227, lastAccessTime:0, retention:0, sd:StorageDescriptor(cols:[FieldSchema(name:a, type:int, comment:null), FieldSchema(name:b, type:int, comment:null)], location:null, inputFormat:org.apache.hadoop.hive.ql.io.orc.OrcInputFormat, outputFormat:org.apache.hadoop.hive.ql.io.orc.OrcOutputFormat, compressed:false, numBuckets:2, serdeInfo:SerDeInfo(name:null, serializationLib:org.apache.hadoop.hive.ql.io.orc.OrcSerde, parameters:{serialization.format=1}), bucketCols:[a], sortCols:[], parameters:{}, skewedInfo:SkewedInfo(skewedColNames:[], skewedColValues:[], skewedColValueLocationMaps:{}), storedAsSubDirectories:false), partitionKeys:[], parameters:{totalSize=0, rawDataSize=0, numFiles=0, numRows=0, numFilesErasureCoded=0, COLUMN_STATS_ACCURATE={"BASIC_STATS":"true","COLUMN_STATS":{"a":"true","b":"true"}}, transactional=true, bucketing_version=2}, viewOriginalText:null, viewExpandedText:null, tableType:MANAGED_TABLE, privileges:PrincipalPrivilegeSet(userPrivileges:{alex=[PrivilegeGrantInfo(privilege:INSERT, createTime:-1, grantor:alex, grantorType:USER, grantOption:true), PrivilegeGrantInfo(privilege:SELECT, createTime:-1, grantor:alex, grantorType:USER, grantOption:true), PrivilegeGrantInfo(privilege:UPDATE, createTime:-1, grantor:alex, grantorType:USER, grantOption:true), PrivilegeGrantInfo(privilege:DELETE, createTime:-1, grantor:alex, grantorType:USER, grantOption:true)]}, groupPrivileges:null, rolePrivileges:null), temporary:false, catName:hive, ownerType:USER, writeId:0)	
2024-04-24T01:10:27,181  INFO [main] utils.FileUtils: Creating directory if it doesn't exist: file:/home/alex/Repositories/hive/ql/target/tmp/org.apache.hadoop.hive.ql.TestTxnCommands-1713946100941/warehouse/acidtbl
2024-04-24T01:10:27,213  INFO [main] metadata.Hive: Dumping metastore api call timing information for : execution phase
2024-04-24T01:10:27,213  INFO [main] metadata.Hive: Total time spent in each metastore function (ms): {isCompatibleWith_(Configuration)=0, createTable_(Table)=37}
2024-04-24T01:10:27,213  INFO [main] ql.Driver: Completed executing command(queryId=alex_20240424011027_c28ce6a9-f447-4cfa-92a6-aa6662a27f49); Time taken: 0.038 seconds
2024-04-24T01:10:27,213  INFO [main] lockmgr.DbTxnManager: Stopped heartbeat for query: alex_20240424011027_c28ce6a9-f447-4cfa-92a6-aa6662a27f49
2024-04-24T01:10:27,216  INFO [main] txn.TxnHandler: Expected to move at least one record from txn_components to completed_txn_components when committing txn! txnid:7
2024-04-24T01:10:27,221  INFO [main] txn.TxnHandler: Removed transactions: ([7]) from MIN_HISTORY_LEVEL
2024-04-24T01:10:27,221  WARN [main] txn.CompactionTxnHandler: No compaction queue record found for Compaction type transaction commit. txnId:7
2024-04-24T01:10:27,222  INFO [main] ql.TxnCommandsBaseForTests: Running the query: create table acidTblPart(a int, b int) partitioned by (p string) clustered by (a) into 2 buckets stored as orc TBLPROPERTIES ('transactional'='true')
2024-04-24T01:10:27,222  INFO [main] ql.Driver: Compiling command(queryId=alex_20240424011027_13339b84-a9fe-4960-bc5b-bf19991e9292): create table acidTblPart(a int, b int) partitioned by (p string) clustered by (a) into 2 buckets stored as orc TBLPROPERTIES ('transactional'='true')
2024-04-24T01:10:27,224  INFO [main] txn.TxnHandler: Added entries to MIN_HISTORY_LEVEL for current txns: ([8]) with min_open_txn: 1
2024-04-24T01:10:27,225  INFO [main] lockmgr.DbTxnManager: Opened txnid:8
2024-04-24T01:10:27,225  INFO [main] parse.CalcitePlanner: Starting caching scope for: 
2024-04-24T01:10:27,225  INFO [main] parse.CalcitePlanner: Starting Semantic Analysis
2024-04-24T01:10:27,227  INFO [main] parse.CalcitePlanner: Creating table default.acidTblPart position=13
2024-04-24T01:10:27,228  INFO [main] HiveMetaStore.audit: ugi=alex	ip=unknown-ip-addr	cmd=get_database: default	
2024-04-24T01:10:27,230  INFO [main] parse.CalcitePlanner: Ending caching scope for: 
2024-04-24T01:10:27,230  INFO [main] ql.Driver: Semantic Analysis Completed (retrial = false)
2024-04-24T01:10:27,230  INFO [main] ql.Driver: Created Hive schema: Schema(fieldSchemas:null, properties:null)
2024-04-24T01:10:27,230  INFO [main] metadata.Hive: Dumping metastore api call timing information for : compilation phase
2024-04-24T01:10:27,230  INFO [main] metadata.Hive: Total time spent in each metastore function (ms): {getValidWriteIds_(List, String)=2, commitTxn_(CommitTxnRequest)=9, getValidTxns_(long)=0, isCompatibleWith_(Configuration)=0, getDatabase_(String)=1, openTxn_(String, TxnType)=2, flushCache_()=1}
2024-04-24T01:10:27,230  INFO [main] ql.Driver: Completed compiling command(queryId=alex_20240424011027_13339b84-a9fe-4960-bc5b-bf19991e9292); Time taken: 0.008 seconds
2024-04-24T01:10:27,230  INFO [main] lockmgr.DbTxnManager: Setting lock request transaction to txnid:8 for queryId=alex_20240424011027_13339b84-a9fe-4960-bc5b-bf19991e9292
2024-04-24T01:10:27,230  INFO [main] lockmgr.DbLockManager: Requesting lock for queryId=alex_20240424011027_13339b84-a9fe-4960-bc5b-bf19991e9292
2024-04-24T01:10:27,242  INFO [main] lockmgr.DbLockManager: Response to queryId=alex_20240424011027_13339b84-a9fe-4960-bc5b-bf19991e9292 LockResponse(lockid:2, state:ACQUIRED)
2024-04-24T01:10:27,242  INFO [main] ql.Driver: Operation CREATETABLE obtained 1 locks
2024-04-24T01:10:27,243  INFO [main] ql.Driver: Executing command(queryId=alex_20240424011027_13339b84-a9fe-4960-bc5b-bf19991e9292): create table acidTblPart(a int, b int) partitioned by (p string) clustered by (a) into 2 buckets stored as orc TBLPROPERTIES ('transactional'='true')
2024-04-24T01:10:27,243  INFO [main] ql.Driver: Starting task [Stage-0:DDL] in serial mode
2024-04-24T01:10:27,244  INFO [main] HiveMetaStore.audit: ugi=alex	ip=unknown-ip-addr	cmd=create_table_req: Table(tableName:acidTblPart, dbName:default, owner:alex, createTime:1713946227, lastAccessTime:0, retention:0, sd:StorageDescriptor(cols:[FieldSchema(name:a, type:int, comment:null), FieldSchema(name:b, type:int, comment:null)], location:null, inputFormat:org.apache.hadoop.hive.ql.io.orc.OrcInputFormat, outputFormat:org.apache.hadoop.hive.ql.io.orc.OrcOutputFormat, compressed:false, numBuckets:2, serdeInfo:SerDeInfo(name:null, serializationLib:org.apache.hadoop.hive.ql.io.orc.OrcSerde, parameters:{serialization.format=1}), bucketCols:[a], sortCols:[], parameters:{}, skewedInfo:SkewedInfo(skewedColNames:[], skewedColValues:[], skewedColValueLocationMaps:{}), storedAsSubDirectories:false), partitionKeys:[FieldSchema(name:p, type:string, comment:null)], parameters:{bucketing_version=2, transactional=true}, viewOriginalText:null, viewExpandedText:null, tableType:MANAGED_TABLE, privileges:PrincipalPrivilegeSet(userPrivileges:{alex=[PrivilegeGrantInfo(privilege:INSERT, createTime:-1, grantor:alex, grantorType:USER, grantOption:true), PrivilegeGrantInfo(privilege:SELECT, createTime:-1, grantor:alex, grantorType:USER, grantOption:true), PrivilegeGrantInfo(privilege:UPDATE, createTime:-1, grantor:alex, grantorType:USER, grantOption:true), PrivilegeGrantInfo(privilege:DELETE, createTime:-1, grantor:alex, grantorType:USER, grantOption:true)]}, groupPrivileges:null, rolePrivileges:null), temporary:false, catName:hive, ownerType:USER, writeId:0)	
2024-04-24T01:10:27,250  INFO [main] utils.FileUtils: Creating directory if it doesn't exist: file:/home/alex/Repositories/hive/ql/target/tmp/org.apache.hadoop.hive.ql.TestTxnCommands-1713946100941/warehouse/acidtblpart
2024-04-24T01:10:27,267  INFO [main] metadata.Hive: Dumping metastore api call timing information for : execution phase
2024-04-24T01:10:27,267  INFO [main] metadata.Hive: Total time spent in each metastore function (ms): {isCompatibleWith_(Configuration)=0, createTable_(Table)=22}
2024-04-24T01:10:27,267  INFO [main] ql.Driver: Completed executing command(queryId=alex_20240424011027_13339b84-a9fe-4960-bc5b-bf19991e9292); Time taken: 0.024 seconds
2024-04-24T01:10:27,267  INFO [main] lockmgr.DbTxnManager: Stopped heartbeat for query: alex_20240424011027_13339b84-a9fe-4960-bc5b-bf19991e9292
2024-04-24T01:10:27,271  INFO [main] txn.TxnHandler: Expected to move at least one record from txn_components to completed_txn_components when committing txn! txnid:8
2024-04-24T01:10:27,276  INFO [main] txn.TxnHandler: Removed transactions: ([8]) from MIN_HISTORY_LEVEL
2024-04-24T01:10:27,276  WARN [main] txn.CompactionTxnHandler: No compaction queue record found for Compaction type transaction commit. txnId:8
2024-04-24T01:10:27,276  INFO [main] ql.TxnCommandsBaseForTests: Running the query: create table nonAcidOrcTbl(a int, b int) clustered by (a) into 2 buckets stored as orc TBLPROPERTIES ('transactional'='false')
2024-04-24T01:10:27,277  INFO [main] ql.Driver: Compiling command(queryId=alex_20240424011027_089ab976-ba9f-4955-aa32-39d9831bc93e): create table nonAcidOrcTbl(a int, b int) clustered by (a) into 2 buckets stored as orc TBLPROPERTIES ('transactional'='false')
2024-04-24T01:10:27,278  INFO [main] txn.TxnHandler: Added entries to MIN_HISTORY_LEVEL for current txns: ([9]) with min_open_txn: 1
2024-04-24T01:10:27,279  INFO [main] lockmgr.DbTxnManager: Opened txnid:9
2024-04-24T01:10:27,279  INFO [main] parse.CalcitePlanner: Starting caching scope for: 
2024-04-24T01:10:27,279  INFO [main] parse.CalcitePlanner: Starting Semantic Analysis
2024-04-24T01:10:27,281  INFO [main] parse.CalcitePlanner: Creating table default.nonAcidOrcTbl position=13
2024-04-24T01:10:27,281  INFO [main] HiveMetaStore.audit: ugi=alex	ip=unknown-ip-addr	cmd=get_database: default	
2024-04-24T01:10:27,283  INFO [main] parse.CalcitePlanner: Ending caching scope for: 
2024-04-24T01:10:27,283  INFO [main] ql.Driver: Semantic Analysis Completed (retrial = false)
2024-04-24T01:10:27,283  INFO [main] ql.Driver: Created Hive schema: Schema(fieldSchemas:null, properties:null)
2024-04-24T01:10:27,283  INFO [main] metadata.Hive: Dumping metastore api call timing information for : compilation phase
2024-04-24T01:10:27,283  INFO [main] metadata.Hive: Total time spent in each metastore function (ms): {commitTxn_(CommitTxnRequest)=9, getValidTxns_(long)=0, getDatabase_(String)=2, isCompatibleWith_(Configuration)=0, getValidWriteIds_(List, String)=2, openTxn_(String, TxnType)=2, flushCache_()=0}
2024-04-24T01:10:27,283  INFO [main] ql.Driver: Completed compiling command(queryId=alex_20240424011027_089ab976-ba9f-4955-aa32-39d9831bc93e); Time taken: 0.006 seconds
2024-04-24T01:10:27,284  INFO [main] lockmgr.DbTxnManager: Setting lock request transaction to txnid:9 for queryId=alex_20240424011027_089ab976-ba9f-4955-aa32-39d9831bc93e
2024-04-24T01:10:27,284  INFO [main] lockmgr.DbLockManager: Requesting lock for queryId=alex_20240424011027_089ab976-ba9f-4955-aa32-39d9831bc93e
2024-04-24T01:10:27,296  INFO [main] lockmgr.DbLockManager: Response to queryId=alex_20240424011027_089ab976-ba9f-4955-aa32-39d9831bc93e LockResponse(lockid:3, state:ACQUIRED)
2024-04-24T01:10:27,296  INFO [main] ql.Driver: Operation CREATETABLE obtained 1 locks
2024-04-24T01:10:27,296  INFO [main] ql.Driver: Executing command(queryId=alex_20240424011027_089ab976-ba9f-4955-aa32-39d9831bc93e): create table nonAcidOrcTbl(a int, b int) clustered by (a) into 2 buckets stored as orc TBLPROPERTIES ('transactional'='false')
2024-04-24T01:10:27,297  INFO [main] ql.Driver: Starting task [Stage-0:DDL] in serial mode
2024-04-24T01:10:27,298  INFO [main] HiveMetaStore.audit: ugi=alex	ip=unknown-ip-addr	cmd=create_table_req: Table(tableName:nonAcidOrcTbl, dbName:default, owner:alex, createTime:1713946227, lastAccessTime:0, retention:0, sd:StorageDescriptor(cols:[FieldSchema(name:a, type:int, comment:null), FieldSchema(name:b, type:int, comment:null)], location:null, inputFormat:org.apache.hadoop.hive.ql.io.orc.OrcInputFormat, outputFormat:org.apache.hadoop.hive.ql.io.orc.OrcOutputFormat, compressed:false, numBuckets:2, serdeInfo:SerDeInfo(name:null, serializationLib:org.apache.hadoop.hive.ql.io.orc.OrcSerde, parameters:{serialization.format=1}), bucketCols:[a], sortCols:[], parameters:{}, skewedInfo:SkewedInfo(skewedColNames:[], skewedColValues:[], skewedColValueLocationMaps:{}), storedAsSubDirectories:false), partitionKeys:[], parameters:{numRows=0, transactional=false, numFiles=0, totalSize=0, rawDataSize=0, bucketing_version=2, COLUMN_STATS_ACCURATE={"BASIC_STATS":"true","COLUMN_STATS":{"a":"true","b":"true"}}, numFilesErasureCoded=0}, viewOriginalText:null, viewExpandedText:null, tableType:MANAGED_TABLE, privileges:PrincipalPrivilegeSet(userPrivileges:{alex=[PrivilegeGrantInfo(privilege:INSERT, createTime:-1, grantor:alex, grantorType:USER, grantOption:true), PrivilegeGrantInfo(privilege:SELECT, createTime:-1, grantor:alex, grantorType:USER, grantOption:true), PrivilegeGrantInfo(privilege:UPDATE, createTime:-1, grantor:alex, grantorType:USER, grantOption:true), PrivilegeGrantInfo(privilege:DELETE, createTime:-1, grantor:alex, grantorType:USER, grantOption:true)]}, groupPrivileges:null, rolePrivileges:null), temporary:false, catName:hive, ownerType:USER)	
2024-04-24T01:10:27,303  INFO [main] utils.FileUtils: Creating directory if it doesn't exist: file:/home/alex/Repositories/hive/ql/target/tmp/org.apache.hadoop.hive.ql.TestTxnCommands-1713946100941/warehouse/nonacidorctbl
2024-04-24T01:10:27,321  INFO [main] metadata.Hive: Dumping metastore api call timing information for : execution phase
2024-04-24T01:10:27,322  INFO [main] metadata.Hive: Total time spent in each metastore function (ms): {isCompatibleWith_(Configuration)=0, createTable_(Table)=24}
2024-04-24T01:10:27,322  INFO [main] ql.Driver: Completed executing command(queryId=alex_20240424011027_089ab976-ba9f-4955-aa32-39d9831bc93e); Time taken: 0.025 seconds
2024-04-24T01:10:27,322  INFO [main] lockmgr.DbTxnManager: Stopped heartbeat for query: alex_20240424011027_089ab976-ba9f-4955-aa32-39d9831bc93e
2024-04-24T01:10:27,325  INFO [main] txn.TxnHandler: Expected to move at least one record from txn_components to completed_txn_components when committing txn! txnid:9
2024-04-24T01:10:27,330  INFO [main] txn.TxnHandler: Removed transactions: ([9]) from MIN_HISTORY_LEVEL
2024-04-24T01:10:27,330  WARN [main] txn.CompactionTxnHandler: No compaction queue record found for Compaction type transaction commit. txnId:9
2024-04-24T01:10:27,331  INFO [main] ql.TxnCommandsBaseForTests: Running the query: create table nonAcidOrcTbl2(a int, b int) clustered by (a) into 2 buckets stored as orc TBLPROPERTIES ('transactional'='false')
2024-04-24T01:10:27,331  INFO [main] ql.Driver: Compiling command(queryId=alex_20240424011027_80259dc1-68a9-4a4f-9b22-3902f90e6660): create table nonAcidOrcTbl2(a int, b int) clustered by (a) into 2 buckets stored as orc TBLPROPERTIES ('transactional'='false')
2024-04-24T01:10:27,333  INFO [main] txn.TxnHandler: Added entries to MIN_HISTORY_LEVEL for current txns: ([10]) with min_open_txn: 1
2024-04-24T01:10:27,334  INFO [main] lockmgr.DbTxnManager: Opened txnid:10
2024-04-24T01:10:27,334  INFO [main] parse.CalcitePlanner: Starting caching scope for: 
2024-04-24T01:10:27,334  INFO [main] parse.CalcitePlanner: Starting Semantic Analysis
2024-04-24T01:10:27,336  INFO [main] parse.CalcitePlanner: Creating table default.nonAcidOrcTbl2 position=13
2024-04-24T01:10:27,337  INFO [main] HiveMetaStore.audit: ugi=alex	ip=unknown-ip-addr	cmd=get_database: default	
2024-04-24T01:10:27,338  INFO [main] parse.CalcitePlanner: Ending caching scope for: 
2024-04-24T01:10:27,338  INFO [main] ql.Driver: Semantic Analysis Completed (retrial = false)
2024-04-24T01:10:27,338  INFO [main] ql.Driver: Created Hive schema: Schema(fieldSchemas:null, properties:null)
2024-04-24T01:10:27,338  INFO [main] metadata.Hive: Dumping metastore api call timing information for : compilation phase
2024-04-24T01:10:27,338  INFO [main] metadata.Hive: Total time spent in each metastore function (ms): {getValidTxns_(long)=0, getValidWriteIds_(List, String)=2, isCompatibleWith_(Configuration)=0, getDatabase_(String)=2, openTxn_(String, TxnType)=2, commitTxn_(CommitTxnRequest)=9, flushCache_()=0}
2024-04-24T01:10:27,338  INFO [main] ql.Driver: Completed compiling command(queryId=alex_20240424011027_80259dc1-68a9-4a4f-9b22-3902f90e6660); Time taken: 0.007 seconds
2024-04-24T01:10:27,339  INFO [main] lockmgr.DbTxnManager: Setting lock request transaction to txnid:10 for queryId=alex_20240424011027_80259dc1-68a9-4a4f-9b22-3902f90e6660
2024-04-24T01:10:27,339  INFO [main] lockmgr.DbLockManager: Requesting lock for queryId=alex_20240424011027_80259dc1-68a9-4a4f-9b22-3902f90e6660
2024-04-24T01:10:27,352  INFO [main] lockmgr.DbLockManager: Response to queryId=alex_20240424011027_80259dc1-68a9-4a4f-9b22-3902f90e6660 LockResponse(lockid:4, state:ACQUIRED)
2024-04-24T01:10:27,352  INFO [main] ql.Driver: Operation CREATETABLE obtained 1 locks
2024-04-24T01:10:27,352  INFO [main] ql.Driver: Executing command(queryId=alex_20240424011027_80259dc1-68a9-4a4f-9b22-3902f90e6660): create table nonAcidOrcTbl2(a int, b int) clustered by (a) into 2 buckets stored as orc TBLPROPERTIES ('transactional'='false')
2024-04-24T01:10:27,352  INFO [main] ql.Driver: Starting task [Stage-0:DDL] in serial mode
2024-04-24T01:10:27,353  INFO [main] HiveMetaStore.audit: ugi=alex	ip=unknown-ip-addr	cmd=create_table_req: Table(tableName:nonAcidOrcTbl2, dbName:default, owner:alex, createTime:1713946227, lastAccessTime:0, retention:0, sd:StorageDescriptor(cols:[FieldSchema(name:a, type:int, comment:null), FieldSchema(name:b, type:int, comment:null)], location:null, inputFormat:org.apache.hadoop.hive.ql.io.orc.OrcInputFormat, outputFormat:org.apache.hadoop.hive.ql.io.orc.OrcOutputFormat, compressed:false, numBuckets:2, serdeInfo:SerDeInfo(name:null, serializationLib:org.apache.hadoop.hive.ql.io.orc.OrcSerde, parameters:{serialization.format=1}), bucketCols:[a], sortCols:[], parameters:{}, skewedInfo:SkewedInfo(skewedColNames:[], skewedColValues:[], skewedColValueLocationMaps:{}), storedAsSubDirectories:false), partitionKeys:[], parameters:{transactional=false, numRows=0, COLUMN_STATS_ACCURATE={"BASIC_STATS":"true","COLUMN_STATS":{"a":"true","b":"true"}}, totalSize=0, bucketing_version=2, numFilesErasureCoded=0, rawDataSize=0, numFiles=0}, viewOriginalText:null, viewExpandedText:null, tableType:MANAGED_TABLE, privileges:PrincipalPrivilegeSet(userPrivileges:{alex=[PrivilegeGrantInfo(privilege:INSERT, createTime:-1, grantor:alex, grantorType:USER, grantOption:true), PrivilegeGrantInfo(privilege:SELECT, createTime:-1, grantor:alex, grantorType:USER, grantOption:true), PrivilegeGrantInfo(privilege:UPDATE, createTime:-1, grantor:alex, grantorType:USER, grantOption:true), PrivilegeGrantInfo(privilege:DELETE, createTime:-1, grantor:alex, grantorType:USER, grantOption:true)]}, groupPrivileges:null, rolePrivileges:null), temporary:false, catName:hive, ownerType:USER)	
2024-04-24T01:10:27,359  INFO [main] utils.FileUtils: Creating directory if it doesn't exist: file:/home/alex/Repositories/hive/ql/target/tmp/org.apache.hadoop.hive.ql.TestTxnCommands-1713946100941/warehouse/nonacidorctbl2
2024-04-24T01:10:27,372  INFO [main] metadata.Hive: Dumping metastore api call timing information for : execution phase
2024-04-24T01:10:27,372  INFO [main] metadata.Hive: Total time spent in each metastore function (ms): {createTable_(Table)=19, isCompatibleWith_(Configuration)=0}
2024-04-24T01:10:27,372  INFO [main] ql.Driver: Completed executing command(queryId=alex_20240424011027_80259dc1-68a9-4a4f-9b22-3902f90e6660); Time taken: 0.02 seconds
2024-04-24T01:10:27,372  INFO [main] lockmgr.DbTxnManager: Stopped heartbeat for query: alex_20240424011027_80259dc1-68a9-4a4f-9b22-3902f90e6660
2024-04-24T01:10:27,376  INFO [main] txn.TxnHandler: Expected to move at least one record from txn_components to completed_txn_components when committing txn! txnid:10
2024-04-24T01:10:27,382  INFO [main] txn.TxnHandler: Removed transactions: ([10]) from MIN_HISTORY_LEVEL
2024-04-24T01:10:27,382  WARN [main] txn.CompactionTxnHandler: No compaction queue record found for Compaction type transaction commit. txnId:10
2024-04-24T01:10:27,383  INFO [main] ql.TxnCommandsBaseForTests: Running the query: create temporary  table acidTbl2(a int, b int, c int) clustered by (c) into 2 buckets stored as orc TBLPROPERTIES ('transactional'='true')
2024-04-24T01:10:27,383  INFO [main] ql.Driver: Compiling command(queryId=alex_20240424011027_77eb86c3-dec2-44ad-ae13-40c4894a0044): create temporary  table acidTbl2(a int, b int, c int) clustered by (c) into 2 buckets stored as orc TBLPROPERTIES ('transactional'='true')
2024-04-24T01:10:27,385  INFO [main] txn.TxnHandler: Added entries to MIN_HISTORY_LEVEL for current txns: ([11]) with min_open_txn: 1
2024-04-24T01:10:27,385  INFO [main] lockmgr.DbTxnManager: Opened txnid:11
2024-04-24T01:10:27,385  INFO [main] parse.CalcitePlanner: Starting caching scope for: 
2024-04-24T01:10:27,386  INFO [main] parse.CalcitePlanner: Starting Semantic Analysis
2024-04-24T01:10:27,388  INFO [main] parse.CalcitePlanner: Creating table default.acidTbl2 position=24
2024-04-24T01:10:27,388  INFO [main] HiveMetaStore.audit: ugi=alex	ip=unknown-ip-addr	cmd=get_database: default	
2024-04-24T01:10:27,389  INFO [main] parse.CalcitePlanner: Ending caching scope for: 
2024-04-24T01:10:27,389  INFO [main] ql.Driver: Semantic Analysis Completed (retrial = false)
2024-04-24T01:10:27,389  INFO [main] ql.Driver: Created Hive schema: Schema(fieldSchemas:null, properties:null)
2024-04-24T01:10:27,390  INFO [main] metadata.Hive: Dumping metastore api call timing information for : compilation phase
2024-04-24T01:10:27,390  INFO [main] metadata.Hive: Total time spent in each metastore function (ms): {openTxn_(String, TxnType)=2, getValidTxns_(long)=0, getValidWriteIds_(List, String)=2, commitTxn_(CommitTxnRequest)=9, isCompatibleWith_(Configuration)=0, getDatabase_(String)=1, flushCache_()=0}
2024-04-24T01:10:27,390  INFO [main] ql.Driver: Completed compiling command(queryId=alex_20240424011027_77eb86c3-dec2-44ad-ae13-40c4894a0044); Time taken: 0.007 seconds
2024-04-24T01:10:27,390  INFO [main] lockmgr.DbTxnManager: Setting lock request transaction to txnid:11 for queryId=alex_20240424011027_77eb86c3-dec2-44ad-ae13-40c4894a0044
2024-04-24T01:10:27,390  INFO [main] lockmgr.DbLockManager: Requesting lock for queryId=alex_20240424011027_77eb86c3-dec2-44ad-ae13-40c4894a0044
2024-04-24T01:10:27,403  INFO [main] lockmgr.DbLockManager: Response to queryId=alex_20240424011027_77eb86c3-dec2-44ad-ae13-40c4894a0044 LockResponse(lockid:5, state:ACQUIRED)
2024-04-24T01:10:27,403  INFO [main] ql.Driver: Operation CREATETABLE obtained 1 locks
2024-04-24T01:10:27,404  INFO [main] ql.Driver: Executing command(queryId=alex_20240424011027_77eb86c3-dec2-44ad-ae13-40c4894a0044): create temporary  table acidTbl2(a int, b int, c int) clustered by (c) into 2 buckets stored as orc TBLPROPERTIES ('transactional'='true')
2024-04-24T01:10:27,404  INFO [main] ql.Driver: Starting task [Stage-0:DDL] in serial mode
2024-04-24T01:10:27,405  INFO [main] utils.FileUtils: Creating directory if it doesn't exist: file:/home/alex/Repositories/hive/ql/target/tmp/scratchdir/alex/fc2e988a-c8c6-44c0-8874-d949350f00a3/_tmp_space.db/b1ff05c2-39f5-49ac-80c3-834a6a6741d8
2024-04-24T01:10:27,408  INFO [main] metadata.Hive: Dumping metastore api call timing information for : execution phase
2024-04-24T01:10:27,408  INFO [main] metadata.Hive: Total time spent in each metastore function (ms): {isCompatibleWith_(Configuration)=0, createTable_(Table)=3}
2024-04-24T01:10:27,409  INFO [main] ql.Driver: Completed executing command(queryId=alex_20240424011027_77eb86c3-dec2-44ad-ae13-40c4894a0044); Time taken: 0.004 seconds
2024-04-24T01:10:27,409  INFO [main] lockmgr.DbTxnManager: Stopped heartbeat for query: alex_20240424011027_77eb86c3-dec2-44ad-ae13-40c4894a0044
2024-04-24T01:10:27,412  INFO [main] txn.TxnHandler: Expected to move at least one record from txn_components to completed_txn_components when committing txn! txnid:11
2024-04-24T01:10:27,418  INFO [main] txn.TxnHandler: Removed transactions: ([11]) from MIN_HISTORY_LEVEL
2024-04-24T01:10:27,418  WARN [main] txn.CompactionTxnHandler: No compaction queue record found for Compaction type transaction commit. txnId:11
2024-04-24T01:10:27,418  INFO [main] ql.TxnCommandsBaseForTests: Running the query: create table nonAcidNonBucket(a int, b int) stored as orc TBLPROPERTIES ('transactional'='false')
2024-04-24T01:10:27,418  INFO [main] ql.Driver: Compiling command(queryId=alex_20240424011027_55da9079-cfdd-443f-b1b1-2685a382db2a): create table nonAcidNonBucket(a int, b int) stored as orc TBLPROPERTIES ('transactional'='false')
2024-04-24T01:10:27,420  INFO [main] txn.TxnHandler: Added entries to MIN_HISTORY_LEVEL for current txns: ([12]) with min_open_txn: 1
2024-04-24T01:10:27,420  INFO [main] lockmgr.DbTxnManager: Opened txnid:12
2024-04-24T01:10:27,421  INFO [main] parse.CalcitePlanner: Starting caching scope for: 
2024-04-24T01:10:27,421  INFO [main] parse.CalcitePlanner: Starting Semantic Analysis
2024-04-24T01:10:27,423  INFO [main] parse.CalcitePlanner: Creating table default.nonAcidNonBucket position=13
2024-04-24T01:10:27,424  INFO [main] HiveMetaStore.audit: ugi=alex	ip=unknown-ip-addr	cmd=get_database: default	
2024-04-24T01:10:27,425  INFO [main] parse.CalcitePlanner: Ending caching scope for: 
2024-04-24T01:10:27,425  INFO [main] ql.Driver: Semantic Analysis Completed (retrial = false)
2024-04-24T01:10:27,425  INFO [main] ql.Driver: Created Hive schema: Schema(fieldSchemas:null, properties:null)
2024-04-24T01:10:27,425  INFO [main] metadata.Hive: Dumping metastore api call timing information for : compilation phase
2024-04-24T01:10:27,425  INFO [main] metadata.Hive: Total time spent in each metastore function (ms): {getValidTxns_(long)=0, isCompatibleWith_(Configuration)=0, flushCache_()=0, openTxn_(String, TxnType)=1, commitTxn_(CommitTxnRequest)=9, getDatabase_(String)=1, getValidWriteIds_(List, String)=2}
2024-04-24T01:10:27,426  INFO [main] ql.Driver: Completed compiling command(queryId=alex_20240424011027_55da9079-cfdd-443f-b1b1-2685a382db2a); Time taken: 0.007 seconds
2024-04-24T01:10:27,426  INFO [main] lockmgr.DbTxnManager: Setting lock request transaction to txnid:12 for queryId=alex_20240424011027_55da9079-cfdd-443f-b1b1-2685a382db2a
2024-04-24T01:10:27,426  INFO [main] lockmgr.DbLockManager: Requesting lock for queryId=alex_20240424011027_55da9079-cfdd-443f-b1b1-2685a382db2a
2024-04-24T01:10:27,438  INFO [main] lockmgr.DbLockManager: Response to queryId=alex_20240424011027_55da9079-cfdd-443f-b1b1-2685a382db2a LockResponse(lockid:6, state:ACQUIRED)
2024-04-24T01:10:27,438  INFO [main] ql.Driver: Operation CREATETABLE obtained 1 locks
2024-04-24T01:10:27,438  INFO [main] ql.Driver: Executing command(queryId=alex_20240424011027_55da9079-cfdd-443f-b1b1-2685a382db2a): create table nonAcidNonBucket(a int, b int) stored as orc TBLPROPERTIES ('transactional'='false')
2024-04-24T01:10:27,438  INFO [main] ql.Driver: Starting task [Stage-0:DDL] in serial mode
2024-04-24T01:10:27,439  INFO [main] HiveMetaStore.audit: ugi=alex	ip=unknown-ip-addr	cmd=create_table_req: Table(tableName:nonAcidNonBucket, dbName:default, owner:alex, createTime:1713946227, lastAccessTime:0, retention:0, sd:StorageDescriptor(cols:[FieldSchema(name:a, type:int, comment:null), FieldSchema(name:b, type:int, comment:null)], location:null, inputFormat:org.apache.hadoop.hive.ql.io.orc.OrcInputFormat, outputFormat:org.apache.hadoop.hive.ql.io.orc.OrcOutputFormat, compressed:false, numBuckets:-1, serdeInfo:SerDeInfo(name:null, serializationLib:org.apache.hadoop.hive.ql.io.orc.OrcSerde, parameters:{serialization.format=1}), bucketCols:[], sortCols:[], parameters:{}, skewedInfo:SkewedInfo(skewedColNames:[], skewedColValues:[], skewedColValueLocationMaps:{}), storedAsSubDirectories:false), partitionKeys:[], parameters:{totalSize=0, transactional=false, numFiles=0, COLUMN_STATS_ACCURATE={"BASIC_STATS":"true","COLUMN_STATS":{"a":"true","b":"true"}}, numRows=0, rawDataSize=0, numFilesErasureCoded=0, bucketing_version=2}, viewOriginalText:null, viewExpandedText:null, tableType:MANAGED_TABLE, privileges:PrincipalPrivilegeSet(userPrivileges:{alex=[PrivilegeGrantInfo(privilege:INSERT, createTime:-1, grantor:alex, grantorType:USER, grantOption:true), PrivilegeGrantInfo(privilege:SELECT, createTime:-1, grantor:alex, grantorType:USER, grantOption:true), PrivilegeGrantInfo(privilege:UPDATE, createTime:-1, grantor:alex, grantorType:USER, grantOption:true), PrivilegeGrantInfo(privilege:DELETE, createTime:-1, grantor:alex, grantorType:USER, grantOption:true)]}, groupPrivileges:null, rolePrivileges:null), temporary:false, catName:hive, ownerType:USER)	
2024-04-24T01:10:27,444  INFO [main] utils.FileUtils: Creating directory if it doesn't exist: file:/home/alex/Repositories/hive/ql/target/tmp/org.apache.hadoop.hive.ql.TestTxnCommands-1713946100941/warehouse/nonacidnonbucket
2024-04-24T01:10:27,456  INFO [main] metadata.Hive: Dumping metastore api call timing information for : execution phase
2024-04-24T01:10:27,457  INFO [main] metadata.Hive: Total time spent in each metastore function (ms): {createTable_(Table)=18, isCompatibleWith_(Configuration)=0}
2024-04-24T01:10:27,457  INFO [main] ql.Driver: Completed executing command(queryId=alex_20240424011027_55da9079-cfdd-443f-b1b1-2685a382db2a); Time taken: 0.018 seconds
2024-04-24T01:10:27,457  INFO [main] lockmgr.DbTxnManager: Stopped heartbeat for query: alex_20240424011027_55da9079-cfdd-443f-b1b1-2685a382db2a
2024-04-24T01:10:27,460  INFO [main] txn.TxnHandler: Expected to move at least one record from txn_components to completed_txn_components when committing txn! txnid:12
2024-04-24T01:10:27,464  INFO [main] txn.TxnHandler: Removed transactions: ([12]) from MIN_HISTORY_LEVEL
2024-04-24T01:10:27,464  WARN [main] txn.CompactionTxnHandler: No compaction queue record found for Compaction type transaction commit. txnId:12
2024-04-24T01:10:27,465  INFO [main] ql.TxnCommandsBaseForTests: Running the query: insert into acidTbl(a,b)  values(1,2),(3,4)
2024-04-24T01:10:27,465  INFO [main] ql.Driver: Compiling command(queryId=alex_20240424011027_6d0293a3-6565-4335-827b-92a20f7c69c2): insert into acidTbl(a,b)  values(1,2),(3,4)
2024-04-24T01:10:27,467  INFO [main] txn.TxnHandler: Added entries to MIN_HISTORY_LEVEL for current txns: ([13]) with min_open_txn: 1
2024-04-24T01:10:27,468  INFO [main] lockmgr.DbTxnManager: Opened txnid:13
2024-04-24T01:10:27,468  INFO [main] parse.CalcitePlanner: Starting caching scope for: 
2024-04-24T01:10:27,468  INFO [main] parse.CalcitePlanner: Starting Semantic Analysis
2024-04-24T01:10:27,472  INFO [main] HiveMetaStore.audit: ugi=alex	ip=unknown-ip-addr	cmd=get_table : tbl=hive.default.acidTbl	
2024-04-24T01:10:27,488  INFO [main] metastore.HMSHandler: Skipping translation for processor with null
2024-04-24T01:10:27,488  INFO [main] parse.CalcitePlanner: Completed phase 1 of Semantic Analysis
2024-04-24T01:10:27,488  INFO [main] parse.CalcitePlanner: Get metadata for source tables
2024-04-24T01:10:27,488  INFO [main] parse.CalcitePlanner: Get metadata for subqueries
2024-04-24T01:10:27,488  INFO [main] parse.CalcitePlanner: Get metadata for destination tables
2024-04-24T01:10:27,489  INFO [main] HiveMetaStore.audit: ugi=alex	ip=unknown-ip-addr	cmd=get_table : tbl=hive.default.acidTbl	
2024-04-24T01:10:27,494  INFO [main] metastore.HMSHandler: Skipping translation for processor with null
2024-04-24T01:10:27,495  INFO [main] parse.CalcitePlanner: Completed getting MetaData in Semantic Analysis
2024-04-24T01:10:27,495  INFO [main] parse.CalcitePlanner: Disabling LLAP IO encode as ETL query is detected
2024-04-24T01:10:27,514  INFO [main] HiveMetaStore.audit: ugi=alex	ip=unknown-ip-addr	cmd=get_all_table_constraints : tbl=hive._dummy_database._dummy_table	
2024-04-24T01:10:27,580  INFO [main] parse.CalcitePlanner: Get metadata for source tables
2024-04-24T01:10:27,580  INFO [main] parse.CalcitePlanner: Get metadata for subqueries
2024-04-24T01:10:27,580  INFO [main] parse.CalcitePlanner: Get metadata for source tables
2024-04-24T01:10:27,581  INFO [main] HiveMetaStore.audit: ugi=alex	ip=unknown-ip-addr	cmd=get_table : tbl=hive._dummy_database._dummy_table	
2024-04-24T01:10:27,583  INFO [main] parse.CalcitePlanner: Get metadata for subqueries
2024-04-24T01:10:27,583  INFO [main] parse.CalcitePlanner: Get metadata for destination tables
2024-04-24T01:10:27,583  INFO [main] parse.CalcitePlanner: Get metadata for destination tables
2024-04-24T01:10:27,584  INFO [main] HiveMetaStore.audit: ugi=alex	ip=unknown-ip-addr	cmd=get_table : tbl=hive.default.acidTbl	
2024-04-24T01:10:27,590  INFO [main] metastore.HMSHandler: Skipping translation for processor with null
2024-04-24T01:10:27,592  INFO [main] HiveMetaStore.audit: ugi=alex	ip=unknown-ip-addr	cmd=get_not_null_constraints : tbl=hive.default.acidtbl	
2024-04-24T01:10:27,594  INFO [main] HiveMetaStore.audit: ugi=alex	ip=unknown-ip-addr	cmd=get_check_constraints : tbl=hive.default.acidtbl	
2024-04-24T01:10:27,601  INFO [main] txn.TxnHandler: Allocated writeId: 1 for txnId: 13
2024-04-24T01:10:27,601  INFO [main] txn.TxnHandler: Allocated write ids for dbName=default, tblName=acidtbl (txnIds: [13])
2024-04-24T01:10:27,602  INFO [main] parse.CalcitePlanner: CBO Succeeded; optimized logical plan.
2024-04-24T01:10:27,605  INFO [main] optimizer.ColumnPrunerProcFactory: RS 4 oldColExprMap: {VALUE._col0=Column[_col1], KEY.reducesinkkey0=Column[_col0]}
2024-04-24T01:10:27,606  INFO [main] optimizer.ColumnPrunerProcFactory: RS 4 newColExprMap: {KEY.reducesinkkey0=Column[_col0], VALUE._col0=Column[_col1]}
2024-04-24T01:10:27,606  INFO [main] optimizer.BucketVersionPopulator: not considering bucketingVersion for: TS[0] because it has -1<2 buckets 
2024-04-24T01:10:27,607  INFO [main] optimizer.SortedDynPartitionOptimizer: Sorted dynamic partitioning optimization kicked in..
2024-04-24T01:10:27,616  INFO [main] HiveMetaStore.audit: ugi=alex	ip=unknown-ip-addr	cmd=get_table : tbl=hive.default.acidtbl	
2024-04-24T01:10:27,623  INFO [main] metastore.HMSHandler: Skipping translation for processor with null
2024-04-24T01:10:27,623  INFO [main] physical.Vectorizer: Examining input format to see if vectorization is enabled.
2024-04-24T01:10:27,624  INFO [main] physical.Vectorizer: Map vectorization enabled: false
2024-04-24T01:10:27,624  INFO [main] physical.Vectorizer: Map vectorized: false
2024-04-24T01:10:27,624  INFO [main] physical.Vectorizer: Map vectorizedVertexNum: 0
2024-04-24T01:10:27,624  INFO [main] physical.Vectorizer: Map enabledConditionsMet: [hive.vectorized.use.vectorized.input.format IS true]
2024-04-24T01:10:27,624  INFO [main] physical.Vectorizer: Map enabledConditionsNotMet: [Could not enable vectorization due to partition column names size 1 is greater than the number of table column names size 0 IS false]
2024-04-24T01:10:27,624  INFO [main] physical.Vectorizer: Map inputFileFormatClassNameSet: [org.apache.hadoop.hive.ql.io.NullRowsInputFormat]
2024-04-24T01:10:27,624  INFO [main] physical.Vectorizer: Reduce vectorization enabled: false
2024-04-24T01:10:27,624  INFO [main] physical.Vectorizer: Reduce vectorized: false
2024-04-24T01:10:27,624  INFO [main] physical.Vectorizer: Reduce vectorizedVertexNum: 1
2024-04-24T01:10:27,624  INFO [main] physical.Vectorizer: Reducer hive.vectorized.execution.reduce.enabled: true
2024-04-24T01:10:27,624  INFO [main] physical.Vectorizer: Reducer engine: mr
2024-04-24T01:10:27,624  INFO [main] parse.CalcitePlanner: Completed plan generation
2024-04-24T01:10:27,624  INFO [main] parse.CalcitePlanner: Ending caching scope for: 
2024-04-24T01:10:27,624  INFO [main] ql.Driver: Semantic Analysis Completed (retrial = false)
2024-04-24T01:10:27,624  INFO [main] ql.Driver: Created Hive schema: Schema(fieldSchemas:[FieldSchema(name:_col0, type:int, comment:null), FieldSchema(name:_col1, type:int, comment:null)], properties:null)
2024-04-24T01:10:27,624  INFO [main] metadata.Hive: Dumping metastore api call timing information for : compilation phase
2024-04-24T01:10:27,624  INFO [main] metadata.Hive: Total time spent in each metastore function (ms): {getCheckConstraints_(CheckConstraintsRequest)=1, allocateTableWriteId_(long, String, String)=7, getNotNullConstraints_(NotNullConstraintsRequest)=1, getValidWriteIds_(List, String)=5, openTxn_(String, TxnType)=2, getTable_(GetTableRequest)=36, commitTxn_(CommitTxnRequest)=8, flushCache_()=0, isCompatibleWith_(Configuration)=0, getValidTxns_(long)=0, getAllTableConstraints_(AllTableConstraintsRequest)=23}
2024-04-24T01:10:27,624  INFO [main] ql.Driver: Completed compiling command(queryId=alex_20240424011027_6d0293a3-6565-4335-827b-92a20f7c69c2); Time taken: 0.159 seconds
2024-04-24T01:10:27,625  INFO [main] lockmgr.DbTxnManager: Setting lock request transaction to txnid:13 for queryId=alex_20240424011027_6d0293a3-6565-4335-827b-92a20f7c69c2
2024-04-24T01:10:27,625  INFO [main] lockmgr.DbLockManager: Requesting lock for queryId=alex_20240424011027_6d0293a3-6565-4335-827b-92a20f7c69c2
2024-04-24T01:10:27,641  INFO [main] lockmgr.DbLockManager: Response to queryId=alex_20240424011027_6d0293a3-6565-4335-827b-92a20f7c69c2 LockResponse(lockid:7, state:ACQUIRED)
2024-04-24T01:10:27,641  INFO [main] ql.Driver: Operation QUERY obtained 1 locks
2024-04-24T01:10:27,643  INFO [main] ql.Driver: Executing command(queryId=alex_20240424011027_6d0293a3-6565-4335-827b-92a20f7c69c2): insert into acidTbl(a,b)  values(1,2),(3,4)
2024-04-24T01:10:27,643  WARN [main] ql.Driver: Hive-on-MR is deprecated in Hive 2 and may not be available in the future versions. Consider using a different execution engine (i.e. tez, spark) or using Hive 1.X releases.
Query ID = alex_20240424011027_6d0293a3-6565-4335-827b-92a20f7c69c2
2024-04-24T01:10:27,643  INFO [main] ql.Driver: Query ID = alex_20240424011027_6d0293a3-6565-4335-827b-92a20f7c69c2
Total jobs = 1
2024-04-24T01:10:27,643  INFO [main] ql.Driver: Total jobs = 1
Launching Job 1 out of 1
2024-04-24T01:10:27,643  INFO [main] ql.Driver: Launching Job 1 out of 1
2024-04-24T01:10:27,767  INFO [main] ql.Driver: Starting task [Stage-1:MAPRED] in serial mode
Number of reduce tasks determined at compile time: 2
2024-04-24T01:10:27,767  INFO [main] exec.Task: Number of reduce tasks determined at compile time: 2
In order to change the average load for a reducer (in bytes):
2024-04-24T01:10:27,767  INFO [main] exec.Task: In order to change the average load for a reducer (in bytes):
  set hive.exec.reducers.bytes.per.reducer=<number>
2024-04-24T01:10:27,767  INFO [main] exec.Task:   set hive.exec.reducers.bytes.per.reducer=<number>
In order to limit the maximum number of reducers:
2024-04-24T01:10:27,767  INFO [main] exec.Task: In order to limit the maximum number of reducers:
  set hive.exec.reducers.max=<number>
2024-04-24T01:10:27,767  INFO [main] exec.Task:   set hive.exec.reducers.max=<number>
In order to set a constant number of reducers:
2024-04-24T01:10:27,767  INFO [main] exec.Task: In order to set a constant number of reducers:
  set mapreduce.job.reduces=<number>
2024-04-24T01:10:27,767  INFO [main] exec.Task:   set mapreduce.job.reduces=<number>
2024-04-24T01:10:27,769  INFO [main] mr.ExecDriver: Using org.apache.hadoop.hive.ql.io.HiveInputFormat
2024-04-24T01:10:27,770  INFO [main] exec.Utilities: Processing alias $hdt$_0:_dummy_table
2024-04-24T01:10:27,770  INFO [main] exec.Utilities: Adding 1 inputs; the first input is file:/home/alex/Repositories/hive/ql/target/tmp/localscratchdir/fc2e988a-c8c6-44c0-8874-d949350f00a3/hive_2024-04-24_01-10-27_465_6310807207582873542-1/dummy_path
2024-04-24T01:10:27,779  INFO [main] exec.SerializationUtilities: Serializing MapWork using kryo
2024-04-24T01:10:27,780  INFO [main] exec.Utilities: Serialized plan (via FILE) - name: null size: 5,31KB
2024-04-24T01:10:27,784  INFO [main] exec.SerializationUtilities: Serializing ReduceWork using kryo
2024-04-24T01:10:27,785  INFO [main] exec.Utilities: Serialized plan (via FILE) - name: null size: 5,92KB
2024-04-24T01:10:27,786  WARN [main] impl.MetricsSystemImpl: JobTracker metrics system already initialized!
2024-04-24T01:10:27,789  INFO [main] fs.FSStatsPublisher: created : file:/home/alex/Repositories/hive/ql/target/tmp/localscratchdir/fc2e988a-c8c6-44c0-8874-d949350f00a3/hive_2024-04-24_01-10-27_465_6310807207582873542-1/-mr-10000
2024-04-24T01:10:27,791  WARN [main] impl.MetricsSystemImpl: JobTracker metrics system already initialized!
2024-04-24T01:10:27,798  WARN [main] mapreduce.JobResourceUploader: Hadoop command-line option parsing not performed. Implement the Tool interface and execute your application with ToolRunner to remedy this.
2024-04-24T01:10:27,803  WARN [main] mapreduce.JobResourceUploader: No job jar file set.  User classes may not be found. See Job or Job#setJar(String).
2024-04-24T01:10:27,804  INFO [main] io.HiveInputFormat: hive.io.file.readcolumn.ids = 
2024-04-24T01:10:27,804  INFO [main] io.HiveInputFormat: hive.io.file.readcolumn.names = 
2024-04-24T01:10:27,804  INFO [main] io.HiveInputFormat: Generating splits for dirs: file:/home/alex/Repositories/hive/ql/target/tmp/localscratchdir/fc2e988a-c8c6-44c0-8874-d949350f00a3/hive_2024-04-24_01-10-27_465_6310807207582873542-1/dummy_path
2024-04-24T01:10:27,804  INFO [main] io.HiveInputFormat: number of splits 1
2024-04-24T01:10:27,821  INFO [main] mapreduce.JobSubmitter: number of splits:1
2024-04-24T01:10:27,840  INFO [main] mapreduce.JobSubmitter: Submitting tokens for job: job_local481414452_0045
2024-04-24T01:10:27,840  INFO [main] mapreduce.JobSubmitter: Executing with tokens: []
2024-04-24T01:10:27,902  INFO [main] mapreduce.Job: The url to track the job: http://localhost:8080/
Job running in-process (local Hadoop)
2024-04-24T01:10:27,902  INFO [main] exec.Task: Job running in-process (local Hadoop)
2024-04-24T01:10:27,903  INFO [Thread-3748] mapred.LocalJobRunner: OutputCommitter set in config org.apache.hadoop.hive.ql.io.HiveFileFormatUtils$NullOutputCommitter
2024-04-24T01:10:27,903  INFO [Thread-3748] mapred.LocalJobRunner: OutputCommitter is org.apache.hadoop.hive.ql.io.HiveFileFormatUtils$NullOutputCommitter
2024-04-24T01:10:27,904  INFO [Thread-3748] mapred.LocalJobRunner: Waiting for map tasks
2024-04-24T01:10:27,904  INFO [LocalJobRunner Map Task Executor #0] mapred.LocalJobRunner: Starting task: attempt_local481414452_0045_m_000000_0
2024-04-24T01:10:27,907  INFO [LocalJobRunner Map Task Executor #0] mapred.Task:  Using ResourceCalculatorProcessTree : [ ]
2024-04-24T01:10:27,908  INFO [LocalJobRunner Map Task Executor #0] mapred.MapTask: Processing split: org.apache.hadoop.hive.ql.io.NullRowsInputFormat:file:/home/alex/Repositories/hive/ql/target/tmp/localscratchdir/fc2e988a-c8c6-44c0-8874-d949350f00a3/hive_2024-04-24_01-10-27_465_6310807207582873542-1/dummy_path/null:0+1
2024-04-24T01:10:27,910  INFO [LocalJobRunner Map Task Executor #0] exec.SerializationUtilities: Deserializing MapWork using kryo
2024-04-24T01:10:27,910  INFO [LocalJobRunner Map Task Executor #0] exec.Utilities: Deserialized plan (via FILE) - name: null size: 5,31KB
2024-04-24T01:10:27,910  INFO [LocalJobRunner Map Task Executor #0] mapred.MapTask: numReduceTasks: 2
2024-04-24T01:10:27,914  INFO [LocalJobRunner Map Task Executor #0] mapred.MapTask: (EQUATOR) 0 kvi 26214396(104857584)
2024-04-24T01:10:27,915  INFO [LocalJobRunner Map Task Executor #0] mapred.MapTask: mapreduce.task.io.sort.mb: 100
2024-04-24T01:10:27,915  INFO [LocalJobRunner Map Task Executor #0] mapred.MapTask: soft limit at 83886080
2024-04-24T01:10:27,915  INFO [LocalJobRunner Map Task Executor #0] mapred.MapTask: bufstart = 0; bufvoid = 104857600
2024-04-24T01:10:27,915  INFO [LocalJobRunner Map Task Executor #0] mapred.MapTask: kvstart = 26214396; length = 6553600
2024-04-24T01:10:27,915  INFO [LocalJobRunner Map Task Executor #0] mapred.MapTask: Map output collector class = org.apache.hadoop.mapred.MapTask$MapOutputBuffer
2024-04-24T01:10:27,916  INFO [LocalJobRunner Map Task Executor #0] exec.MapOperator: Initializing Operator: MAP[0]
2024-04-24T01:10:27,916  INFO [LocalJobRunner Map Task Executor #0] mr.ExecMapper: 
<MAP>Id =0
  <Children>null
  <\Children>
  <Parent><\Parent>
<\MAP>
2024-04-24T01:10:27,917  INFO [LocalJobRunner Map Task Executor #0] exec.TableScanOperator: Initializing Operator: TS[0]
2024-04-24T01:10:27,917  INFO [LocalJobRunner Map Task Executor #0] exec.SelectOperator: Initializing Operator: SEL[1]
2024-04-24T01:10:27,917  INFO [LocalJobRunner Map Task Executor #0] exec.SelectOperator: SELECT null
2024-04-24T01:10:27,917  INFO [LocalJobRunner Map Task Executor #0] exec.UDTFOperator: Initializing Operator: UDTF[2]
2024-04-24T01:10:27,917  INFO [LocalJobRunner Map Task Executor #0] exec.SelectOperator: Initializing Operator: SEL[3]
2024-04-24T01:10:27,917  INFO [LocalJobRunner Map Task Executor #0] exec.SelectOperator: SELECT struct<col1:int,col2:int>
2024-04-24T01:10:27,917  INFO [LocalJobRunner Map Task Executor #0] exec.ReduceSinkOperator: Initializing Operator: RS[4]
2024-04-24T01:10:27,917  INFO [LocalJobRunner Map Task Executor #0] exec.ReduceSinkOperator: Using tag = -1
2024-04-24T01:10:27,918  INFO [LocalJobRunner Map Task Executor #0] exec.ReduceSinkOperator: keys are [reducesinkkey0] num distributions: 1
2024-04-24T01:10:27,918  INFO [LocalJobRunner Map Task Executor #0] exec.ReduceSinkOperator: RS[4]: records written - 1
2024-04-24T01:10:27,918  INFO [LocalJobRunner Map Task Executor #0] exec.MapOperator: MAP[0]: records read - 1
2024-04-24T01:10:27,918  INFO [LocalJobRunner Map Task Executor #0] exec.MapOperator: Closing Operator: MAP[0]
2024-04-24T01:10:27,918  INFO [LocalJobRunner Map Task Executor #0] exec.MapOperator: MAP[0]: Total records read - 3. abort - false
2024-04-24T01:10:27,918  INFO [LocalJobRunner Map Task Executor #0] exec.MapOperator: DESERIALIZE_ERRORS:0, RECORDS_OUT_INTERMEDIATE:0, RECORDS_IN:3, RECORDS_OUT_OPERATOR_MAP_0:0, 
2024-04-24T01:10:27,918  INFO [LocalJobRunner Map Task Executor #0] exec.TableScanOperator: Closing Operator: TS[0]
2024-04-24T01:10:27,918  INFO [LocalJobRunner Map Task Executor #0] exec.TableScanOperator: RECORDS_OUT_OPERATOR_TS_0:1, RECORDS_OUT_INTERMEDIATE:0, 
2024-04-24T01:10:27,919  INFO [LocalJobRunner Map Task Executor #0] exec.SelectOperator: Closing Operator: SEL[1]
2024-04-24T01:10:27,919  INFO [LocalJobRunner Map Task Executor #0] exec.SelectOperator: RECORDS_OUT_OPERATOR_SEL_1:1, RECORDS_OUT_INTERMEDIATE:0, 
2024-04-24T01:10:27,919  INFO [LocalJobRunner Map Task Executor #0] exec.UDTFOperator: Closing Operator: UDTF[2]
2024-04-24T01:10:27,919  INFO [LocalJobRunner Map Task Executor #0] exec.UDTFOperator: RECORDS_OUT_OPERATOR_UDTF_2:2, RECORDS_OUT_INTERMEDIATE:0, 
2024-04-24T01:10:27,919  INFO [LocalJobRunner Map Task Executor #0] exec.SelectOperator: Closing Operator: SEL[3]
2024-04-24T01:10:27,919  INFO [LocalJobRunner Map Task Executor #0] exec.SelectOperator: RECORDS_OUT_OPERATOR_SEL_3:2, RECORDS_OUT_INTERMEDIATE:0, 
2024-04-24T01:10:27,919  INFO [LocalJobRunner Map Task Executor #0] exec.ReduceSinkOperator: Closing Operator: RS[4]
2024-04-24T01:10:27,919  INFO [LocalJobRunner Map Task Executor #0] exec.ReduceSinkOperator: RS[4]: Total records written - 2. abort - false
2024-04-24T01:10:27,919  INFO [LocalJobRunner Map Task Executor #0] exec.ReduceSinkOperator: RECORDS_OUT_OPERATOR_RS_4:2, RECORDS_OUT_INTERMEDIATE:2, 
2024-04-24T01:10:27,921  INFO [LocalJobRunner Map Task Executor #0] mapred.LocalJobRunner: 
2024-04-24T01:10:27,921  INFO [LocalJobRunner Map Task Executor #0] mapred.MapTask: Starting flush of map output
2024-04-24T01:10:27,921  INFO [LocalJobRunner Map Task Executor #0] mapred.MapTask: Spilling map output
2024-04-24T01:10:27,921  INFO [LocalJobRunner Map Task Executor #0] mapred.MapTask: bufstart = 0; bufend = 32; bufvoid = 104857600
2024-04-24T01:10:27,921  INFO [LocalJobRunner Map Task Executor #0] mapred.MapTask: kvstart = 26214396(104857584); kvend = 26214392(104857568); length = 5/6553600
2024-04-24T01:10:27,931  INFO [LocalJobRunner Map Task Executor #0] mapred.MapTask: Finished spill 0
2024-04-24T01:10:27,935  INFO [LocalJobRunner Map Task Executor #0] mapred.Task: Task:attempt_local481414452_0045_m_000000_0 is done. And is in the process of committing
2024-04-24T01:10:27,936  INFO [LocalJobRunner Map Task Executor #0] mapred.LocalJobRunner: map
2024-04-24T01:10:27,936  INFO [LocalJobRunner Map Task Executor #0] mapred.Task: Task 'attempt_local481414452_0045_m_000000_0' done.
2024-04-24T01:10:27,936  INFO [LocalJobRunner Map Task Executor #0] mapred.Task: Final Counters for attempt_local481414452_0045_m_000000_0: Counters: 26
	File System Counters
		FILE: Number of bytes read=1034249
		FILE: Number of bytes written=56456383
		FILE: Number of read operations=0
		FILE: Number of large read operations=0
		FILE: Number of write operations=0
	Map-Reduce Framework
		Map input records=4
		Map output records=2
		Map output bytes=32
		Map output materialized bytes=48
		Input split bytes=361
		Combine input records=0
		Spilled Records=2
		Failed Shuffles=0
		Merged Map outputs=0
		GC time elapsed (ms)=0
		Total committed heap usage (bytes)=1745354752
	HIVE
		DESERIALIZE_ERRORS=0
		RECORDS_IN=3
		RECORDS_OUT_INTERMEDIATE=2
		RECORDS_OUT_OPERATOR_MAP_0=0
		RECORDS_OUT_OPERATOR_RS_4=2
		RECORDS_OUT_OPERATOR_SEL_1=1
		RECORDS_OUT_OPERATOR_SEL_3=2
		RECORDS_OUT_OPERATOR_TS_0=1
		RECORDS_OUT_OPERATOR_UDTF_2=2
	File Input Format Counters 
		Bytes Read=5362
2024-04-24T01:10:27,936  INFO [LocalJobRunner Map Task Executor #0] mapred.LocalJobRunner: Finishing task: attempt_local481414452_0045_m_000000_0
2024-04-24T01:10:27,936  INFO [Thread-3748] mapred.LocalJobRunner: map task executor complete.
2024-04-24T01:10:27,937  INFO [Thread-3748] mapred.LocalJobRunner: Waiting for reduce tasks
2024-04-24T01:10:27,937  INFO [pool-217-thread-1] mapred.LocalJobRunner: Starting task: attempt_local481414452_0045_r_000000_0
2024-04-24T01:10:27,939  INFO [pool-217-thread-1] mapred.Task:  Using ResourceCalculatorProcessTree : [ ]
2024-04-24T01:10:27,940  INFO [pool-217-thread-1] mapred.ReduceTask: Using ShuffleConsumerPlugin: org.apache.hadoop.mapreduce.task.reduce.Shuffle@5894d306
2024-04-24T01:10:27,940  WARN [pool-217-thread-1] impl.MetricsSystemImpl: JobTracker metrics system already initialized!
2024-04-24T01:10:27,940  INFO [pool-217-thread-1] reduce.MergeManagerImpl: MergerManager: memoryLimit=1336252800, maxSingleShuffleLimit=334063200, mergeThreshold=881926912, ioSortFactor=10, memToMemMergeOutputsThreshold=10
2024-04-24T01:10:27,941  INFO [EventFetcher for fetching Map Completion Events] reduce.EventFetcher: attempt_local481414452_0045_r_000000_0 Thread started: EventFetcher for fetching Map Completion Events
2024-04-24T01:10:27,943  INFO [localfetcher#63] reduce.LocalFetcher: localfetcher#63 about to shuffle output of map attempt_local481414452_0045_m_000000_0 decomp: 20 len: 24 to MEMORY
2024-04-24T01:10:27,943  INFO [localfetcher#63] reduce.InMemoryMapOutput: Read 20 bytes from map-output for attempt_local481414452_0045_m_000000_0
2024-04-24T01:10:27,943  INFO [localfetcher#63] reduce.MergeManagerImpl: closeInMemoryFile -> map-output of size: 20, inMemoryMapOutputs.size() -> 1, commitMemory -> 0, usedMemory ->20
2024-04-24T01:10:27,944  INFO [EventFetcher for fetching Map Completion Events] reduce.EventFetcher: EventFetcher is interrupted.. Returning
2024-04-24T01:10:27,944  INFO [pool-217-thread-1] mapred.LocalJobRunner: 1 / 1 copied.
2024-04-24T01:10:27,944  INFO [pool-217-thread-1] reduce.MergeManagerImpl: finalMerge called with 1 in-memory map-outputs and 0 on-disk map-outputs
2024-04-24T01:10:27,950  INFO [pool-217-thread-1] mapred.Merger: Merging 1 sorted segments
2024-04-24T01:10:27,950  INFO [pool-217-thread-1] mapred.Merger: Down to the last merge-pass, with 1 segments left of total size: 8 bytes
2024-04-24T01:10:27,952  INFO [pool-217-thread-1] reduce.MergeManagerImpl: Merged 1 segments, 20 bytes to disk to satisfy reduce memory limit
2024-04-24T01:10:27,953  INFO [pool-217-thread-1] reduce.MergeManagerImpl: Merging 1 files, 24 bytes from disk
2024-04-24T01:10:27,953  INFO [pool-217-thread-1] reduce.MergeManagerImpl: Merging 0 segments, 0 bytes from memory into reduce
2024-04-24T01:10:27,953  INFO [pool-217-thread-1] mapred.Merger: Merging 1 sorted segments
2024-04-24T01:10:27,953  INFO [pool-217-thread-1] mapred.Merger: Down to the last merge-pass, with 1 segments left of total size: 8 bytes
2024-04-24T01:10:27,953  INFO [pool-217-thread-1] mapred.LocalJobRunner: 1 / 1 copied.
2024-04-24T01:10:27,953  INFO [pool-217-thread-1] exec.SerializationUtilities: Deserializing ReduceWork using kryo
2024-04-24T01:10:27,954  INFO [pool-217-thread-1] exec.Utilities: Deserialized plan (via FILE) - name: null size: 5,92KB
2024-04-24T01:10:27,954  INFO [pool-217-thread-1] ExecReducer: 
<SEL>Id =5
  <Children>
    <FS>Id =6
      <Children>
      <\Children>
      <Parent>Id = 5 null<\Parent>
    <\FS>
  <\Children>
  <Parent><\Parent>
<\SEL>
2024-04-24T01:10:27,954  INFO [pool-217-thread-1] exec.SelectOperator: Initializing Operator: SEL[5]
2024-04-24T01:10:27,954  INFO [pool-217-thread-1] exec.SelectOperator: SELECT struct<key:struct<reducesinkkey0:int>,value:struct<_col0:int>>
2024-04-24T01:10:27,954  INFO [pool-217-thread-1] exec.FileSinkOperator: Initializing Operator: FS[6]
2024-04-24T01:10:27,955  INFO [pool-217-thread-1] exec.FileSinkOperator: Using serializer : AbstractSerDe [log=org.apache.logging.slf4j.Log4jLogger@7c52fdfa, configuration=Optional[Configuration: core-default.xml, core-site.xml, mapred-default.xml, mapred-site.xml, yarn-default.xml, yarn-site.xml, hdfs-default.xml, hdfs-site.xml, file:/home/alex/Repositories/hive/ql/target/tmp/TestTxnCommandsWithSplitUpdateAndVectorization/mapred/local/localRunner/alex/job_local481414452_0045/job_local481414452_0045.xml], properties={transactional_properties=default, name=default.acidtbl, transactional=true, columns.types=int:int, bucket_field_name=a, columns=a,b, numFilesErasureCoded=0, columns.comments=&amp#0;, bucketing_version=2, bucket_count=2, serialization.lib=org.apache.hadoop.hive.ql.io.orc.OrcSerde, file.inputformat=org.apache.hadoop.hive.ql.io.orc.OrcInputFormat, file.outputformat=org.apache.hadoop.hive.ql.io.orc.OrcOutputFormat, location=file:/home/alex/Repositories/hive/ql/target/tmp/org.apache.hadoop.hive.ql.TestTxnCommands-1713946100941/warehouse/acidtbl, column.name.delimiter=,}, tableProperties={transactional_properties=default, name=default.acidtbl, transactional=true, columns.types=int:int, bucket_field_name=a, columns=a,b, numFilesErasureCoded=0, columns.comments=&amp#0;, bucketing_version=2, bucket_count=2, serialization.lib=org.apache.hadoop.hive.ql.io.orc.OrcSerde, file.inputformat=org.apache.hadoop.hive.ql.io.orc.OrcInputFormat, location=file:/home/alex/Repositories/hive/ql/target/tmp/org.apache.hadoop.hive.ql.TestTxnCommands-1713946100941/warehouse/acidtbl, file.outputformat=org.apache.hadoop.hive.ql.io.orc.OrcOutputFormat, column.name.delimiter=,}, partitionProperties=Optional.empty, columnNames=[a, b], columnTypes=[int, int], getClass()=class org.apache.hadoop.hive.ql.io.orc.OrcSerde] and formatter : org.apache.hadoop.hive.ql.io.orc.OrcOutputFormat@24ac36b0
2024-04-24T01:10:27,955  INFO [pool-217-thread-1] exec.FileSinkOperator: Final Path: FS file:/home/alex/Repositories/hive/ql/target/tmp/org.apache.hadoop.hive.ql.TestTxnCommands-1713946100941/warehouse/acidtbl
2024-04-24T01:10:27,955  INFO [pool-217-thread-1] exec.FileSinkOperator: New Final Path: FS file:/home/alex/Repositories/hive/ql/target/tmp/org.apache.hadoop.hive.ql.TestTxnCommands-1713946100941/warehouse/acidtbl
2024-04-24T01:10:27,955  INFO [pool-217-thread-1] common.FileUtils: Creating directory if it doesn't exist: file:/home/alex/Repositories/hive/ql/target/tmp/org.apache.hadoop.hive.ql.TestTxnCommands-1713946100941/warehouse
2024-04-24T01:10:27,956  INFO [pool-217-thread-1] exec.FileSinkOperator: FS[6]: records written - 1
2024-04-24T01:10:27,956  INFO [pool-217-thread-1] impl.PhysicalFsWriter: ORC writer created for path: file:/home/alex/Repositories/hive/ql/target/tmp/org.apache.hadoop.hive.ql.TestTxnCommands-1713946100941/warehouse/acidtbl/delta_0000001_0000001_0000/bucket_00000_0 with stripeSize: 8388608 blockSize: 268435456 compression: Compress: ZLIB buffer: 32768
2024-04-24T01:10:27,962  INFO [pool-217-thread-1] impl.WriterImpl: ORC writer created for path: file:/home/alex/Repositories/hive/ql/target/tmp/org.apache.hadoop.hive.ql.TestTxnCommands-1713946100941/warehouse/acidtbl/delta_0000001_0000001_0000/bucket_00000_0 with stripeSize: 8388608 options: Compress: ZLIB buffer: 32768
2024-04-24T01:10:27,966  INFO [pool-217-thread-1] exec.SelectOperator: Closing Operator: SEL[5]
2024-04-24T01:10:27,967  INFO [pool-217-thread-1] exec.SelectOperator: RECORDS_OUT_INTERMEDIATE:0, RECORDS_OUT_OPERATOR_SEL_5:1, 
2024-04-24T01:10:27,967  INFO [pool-217-thread-1] exec.FileSinkOperator: Closing Operator: FS[6]
2024-04-24T01:10:27,967  INFO [pool-217-thread-1] exec.FileSinkOperator: FS[6]: records written - 1
2024-04-24T01:10:27,968  INFO [pool-217-thread-1] FileOperations: Writing manifest to file:/home/alex/Repositories/hive/ql/target/tmp/org.apache.hadoop.hive.ql.TestTxnCommands-1713946100941/warehouse/acidtbl/_tmp.delta_0000001_0000001_0000/000000_0.manifest with [file:/home/alex/Repositories/hive/ql/target/tmp/org.apache.hadoop.hive.ql.TestTxnCommands-1713946100941/warehouse/acidtbl/delta_0000001_0000001_0000/bucket_00000_0]
2024-04-24T01:10:27,979  INFO [pool-217-thread-1] exec.FileSinkOperator: TOTAL_TABLE_ROWS_WRITTEN:1, RECORDS_OUT_1_default.acidtbl:1, RECORDS_OUT_OPERATOR_FS_6:1, RECORDS_OUT_INTERMEDIATE:0, 
2024-04-24T01:10:27,979  INFO [pool-217-thread-1] mapred.Task: Task:attempt_local481414452_0045_r_000000_0 is done. And is in the process of committing
2024-04-24T01:10:27,980  INFO [pool-217-thread-1] mapred.LocalJobRunner: reduce > reduce
2024-04-24T01:10:27,980  INFO [pool-217-thread-1] mapred.Task: Task 'attempt_local481414452_0045_r_000000_0' done.
2024-04-24T01:10:27,980  INFO [pool-217-thread-1] mapred.Task: Final Counters for attempt_local481414452_0045_r_000000_0: Counters: 30
	File System Counters
		FILE: Number of bytes read=1040356
		FILE: Number of bytes written=56457422
		FILE: Number of read operations=0
		FILE: Number of large read operations=0
		FILE: Number of write operations=0
	Map-Reduce Framework
		Combine input records=0
		Combine output records=0
		Reduce input groups=1
		Reduce shuffle bytes=24
		Reduce input records=1
		Reduce output records=0
		Spilled Records=1
		Shuffled Maps =1
		Failed Shuffles=0
		Merged Map outputs=1
		GC time elapsed (ms)=0
		Total committed heap usage (bytes)=1745354752
	HIVE
		CREATED_FILES=1
		RECORDS_OUT_1_default.acidtbl=1
		RECORDS_OUT_INTERMEDIATE=0
		RECORDS_OUT_OPERATOR_FS_6=1
		RECORDS_OUT_OPERATOR_SEL_5=1
		TOTAL_TABLE_ROWS_WRITTEN=1
	Shuffle Errors
		BAD_ID=0
		CONNECTION=0
		IO_ERROR=0
		WRONG_LENGTH=0
		WRONG_MAP=0
		WRONG_REDUCE=0
	File Output Format Counters 
		Bytes Written=0
2024-04-24T01:10:27,980  INFO [pool-217-thread-1] mapred.LocalJobRunner: Finishing task: attempt_local481414452_0045_r_000000_0
2024-04-24T01:10:27,980  INFO [pool-217-thread-1] mapred.LocalJobRunner: Starting task: attempt_local481414452_0045_r_000001_0
2024-04-24T01:10:27,980  INFO [pool-217-thread-1] mapred.Task:  Using ResourceCalculatorProcessTree : [ ]
2024-04-24T01:10:27,980  INFO [pool-217-thread-1] mapred.ReduceTask: Using ShuffleConsumerPlugin: org.apache.hadoop.mapreduce.task.reduce.Shuffle@27bd9b89
2024-04-24T01:10:27,980  WARN [pool-217-thread-1] impl.MetricsSystemImpl: JobTracker metrics system already initialized!
2024-04-24T01:10:27,981  INFO [pool-217-thread-1] reduce.MergeManagerImpl: MergerManager: memoryLimit=1336252800, maxSingleShuffleLimit=334063200, mergeThreshold=881926912, ioSortFactor=10, memToMemMergeOutputsThreshold=10
2024-04-24T01:10:27,982  INFO [EventFetcher for fetching Map Completion Events] reduce.EventFetcher: attempt_local481414452_0045_r_000001_0 Thread started: EventFetcher for fetching Map Completion Events
2024-04-24T01:10:27,984  INFO [localfetcher#64] reduce.LocalFetcher: localfetcher#64 about to shuffle output of map attempt_local481414452_0045_m_000000_0 decomp: 20 len: 24 to MEMORY
2024-04-24T01:10:27,984  INFO [localfetcher#64] reduce.InMemoryMapOutput: Read 20 bytes from map-output for attempt_local481414452_0045_m_000000_0
2024-04-24T01:10:27,984  INFO [localfetcher#64] reduce.MergeManagerImpl: closeInMemoryFile -> map-output of size: 20, inMemoryMapOutputs.size() -> 1, commitMemory -> 0, usedMemory ->20
2024-04-24T01:10:27,985  INFO [EventFetcher for fetching Map Completion Events] reduce.EventFetcher: EventFetcher is interrupted.. Returning
2024-04-24T01:10:27,985  INFO [pool-217-thread-1] mapred.LocalJobRunner: 1 / 1 copied.
2024-04-24T01:10:27,985  INFO [pool-217-thread-1] reduce.MergeManagerImpl: finalMerge called with 1 in-memory map-outputs and 0 on-disk map-outputs
2024-04-24T01:10:27,992  INFO [pool-217-thread-1] mapred.Merger: Merging 1 sorted segments
2024-04-24T01:10:27,992  INFO [pool-217-thread-1] mapred.Merger: Down to the last merge-pass, with 1 segments left of total size: 8 bytes
2024-04-24T01:10:27,994  INFO [pool-217-thread-1] reduce.MergeManagerImpl: Merged 1 segments, 20 bytes to disk to satisfy reduce memory limit
2024-04-24T01:10:27,994  INFO [pool-217-thread-1] reduce.MergeManagerImpl: Merging 1 files, 24 bytes from disk
2024-04-24T01:10:27,994  INFO [pool-217-thread-1] reduce.MergeManagerImpl: Merging 0 segments, 0 bytes from memory into reduce
2024-04-24T01:10:27,994  INFO [pool-217-thread-1] mapred.Merger: Merging 1 sorted segments
2024-04-24T01:10:27,994  INFO [pool-217-thread-1] mapred.Merger: Down to the last merge-pass, with 1 segments left of total size: 8 bytes
2024-04-24T01:10:27,994  INFO [pool-217-thread-1] mapred.LocalJobRunner: 1 / 1 copied.
2024-04-24T01:10:27,995  INFO [pool-217-thread-1] exec.SerializationUtilities: Deserializing ReduceWork using kryo
2024-04-24T01:10:27,995  INFO [pool-217-thread-1] exec.Utilities: Deserialized plan (via FILE) - name: null size: 5,92KB
2024-04-24T01:10:27,996  INFO [pool-217-thread-1] ExecReducer: 
<SEL>Id =5
  <Children>
    <FS>Id =6
      <Children>
      <\Children>
      <Parent>Id = 5 null<\Parent>
    <\FS>
  <\Children>
  <Parent><\Parent>
<\SEL>
2024-04-24T01:10:27,996  INFO [pool-217-thread-1] exec.SelectOperator: Initializing Operator: SEL[5]
2024-04-24T01:10:27,996  INFO [pool-217-thread-1] exec.SelectOperator: SELECT struct<key:struct<reducesinkkey0:int>,value:struct<_col0:int>>
2024-04-24T01:10:27,996  INFO [pool-217-thread-1] exec.FileSinkOperator: Initializing Operator: FS[6]
2024-04-24T01:10:27,996  INFO [pool-217-thread-1] exec.FileSinkOperator: Using serializer : AbstractSerDe [log=org.apache.logging.slf4j.Log4jLogger@7c52fdfa, configuration=Optional[Configuration: core-default.xml, core-site.xml, mapred-default.xml, mapred-site.xml, yarn-default.xml, yarn-site.xml, hdfs-default.xml, hdfs-site.xml, file:/home/alex/Repositories/hive/ql/target/tmp/TestTxnCommandsWithSplitUpdateAndVectorization/mapred/local/localRunner/alex/job_local481414452_0045/job_local481414452_0045.xml], properties={transactional_properties=default, name=default.acidtbl, transactional=true, columns.types=int:int, bucket_field_name=a, columns=a,b, numFilesErasureCoded=0, columns.comments=&amp#0;, bucketing_version=2, bucket_count=2, serialization.lib=org.apache.hadoop.hive.ql.io.orc.OrcSerde, file.inputformat=org.apache.hadoop.hive.ql.io.orc.OrcInputFormat, file.outputformat=org.apache.hadoop.hive.ql.io.orc.OrcOutputFormat, location=file:/home/alex/Repositories/hive/ql/target/tmp/org.apache.hadoop.hive.ql.TestTxnCommands-1713946100941/warehouse/acidtbl, column.name.delimiter=,}, tableProperties={transactional_properties=default, name=default.acidtbl, transactional=true, columns.types=int:int, bucket_field_name=a, columns=a,b, numFilesErasureCoded=0, columns.comments=&amp#0;, bucketing_version=2, bucket_count=2, serialization.lib=org.apache.hadoop.hive.ql.io.orc.OrcSerde, file.inputformat=org.apache.hadoop.hive.ql.io.orc.OrcInputFormat, location=file:/home/alex/Repositories/hive/ql/target/tmp/org.apache.hadoop.hive.ql.TestTxnCommands-1713946100941/warehouse/acidtbl, file.outputformat=org.apache.hadoop.hive.ql.io.orc.OrcOutputFormat, column.name.delimiter=,}, partitionProperties=Optional.empty, columnNames=[a, b], columnTypes=[int, int], getClass()=class org.apache.hadoop.hive.ql.io.orc.OrcSerde] and formatter : org.apache.hadoop.hive.ql.io.orc.OrcOutputFormat@49933efe
2024-04-24T01:10:27,997  INFO [pool-217-thread-1] exec.FileSinkOperator: Final Path: FS file:/home/alex/Repositories/hive/ql/target/tmp/org.apache.hadoop.hive.ql.TestTxnCommands-1713946100941/warehouse/acidtbl
2024-04-24T01:10:27,997  INFO [pool-217-thread-1] exec.FileSinkOperator: New Final Path: FS file:/home/alex/Repositories/hive/ql/target/tmp/org.apache.hadoop.hive.ql.TestTxnCommands-1713946100941/warehouse/acidtbl
2024-04-24T01:10:27,997  INFO [pool-217-thread-1] common.FileUtils: Creating directory if it doesn't exist: file:/home/alex/Repositories/hive/ql/target/tmp/org.apache.hadoop.hive.ql.TestTxnCommands-1713946100941/warehouse
2024-04-24T01:10:27,997  INFO [pool-217-thread-1] exec.FileSinkOperator: FS[6]: records written - 1
2024-04-24T01:10:27,997  INFO [pool-217-thread-1] impl.PhysicalFsWriter: ORC writer created for path: file:/home/alex/Repositories/hive/ql/target/tmp/org.apache.hadoop.hive.ql.TestTxnCommands-1713946100941/warehouse/acidtbl/delta_0000001_0000001_0000/bucket_00001_0 with stripeSize: 8388608 blockSize: 268435456 compression: Compress: ZLIB buffer: 32768
2024-04-24T01:10:28,002  INFO [pool-217-thread-1] impl.WriterImpl: ORC writer created for path: file:/home/alex/Repositories/hive/ql/target/tmp/org.apache.hadoop.hive.ql.TestTxnCommands-1713946100941/warehouse/acidtbl/delta_0000001_0000001_0000/bucket_00001_0 with stripeSize: 8388608 options: Compress: ZLIB buffer: 32768
2024-04-24T01:10:28,002  INFO [pool-217-thread-1] exec.SelectOperator: Closing Operator: SEL[5]
2024-04-24T01:10:28,002  INFO [pool-217-thread-1] exec.SelectOperator: RECORDS_OUT_INTERMEDIATE:0, RECORDS_OUT_OPERATOR_SEL_5:1, 
2024-04-24T01:10:28,002  INFO [pool-217-thread-1] exec.FileSinkOperator: Closing Operator: FS[6]
2024-04-24T01:10:28,002  INFO [pool-217-thread-1] exec.FileSinkOperator: FS[6]: records written - 1
2024-04-24T01:10:28,004  INFO [pool-217-thread-1] FileOperations: Writing manifest to file:/home/alex/Repositories/hive/ql/target/tmp/org.apache.hadoop.hive.ql.TestTxnCommands-1713946100941/warehouse/acidtbl/_tmp.delta_0000001_0000001_0000/000001_0.manifest with [file:/home/alex/Repositories/hive/ql/target/tmp/org.apache.hadoop.hive.ql.TestTxnCommands-1713946100941/warehouse/acidtbl/delta_0000001_0000001_0000/bucket_00001_0]
2024-04-24T01:10:28,013  INFO [pool-217-thread-1] exec.FileSinkOperator: TOTAL_TABLE_ROWS_WRITTEN:1, RECORDS_OUT_1_default.acidtbl:1, RECORDS_OUT_OPERATOR_FS_6:1, RECORDS_OUT_INTERMEDIATE:0, 
2024-04-24T01:10:28,013  INFO [pool-217-thread-1] mapred.Task: Task:attempt_local481414452_0045_r_000001_0 is done. And is in the process of committing
2024-04-24T01:10:28,013  INFO [pool-217-thread-1] mapred.LocalJobRunner: reduce > reduce
2024-04-24T01:10:28,013  INFO [pool-217-thread-1] mapred.Task: Task 'attempt_local481414452_0045_r_000001_0' done.
2024-04-24T01:10:28,013  INFO [pool-217-thread-1] mapred.Task: Final Counters for attempt_local481414452_0045_r_000001_0: Counters: 30
	File System Counters
		FILE: Number of bytes read=1046439
		FILE: Number of bytes written=56458450
		FILE: Number of read operations=0
		FILE: Number of large read operations=0
		FILE: Number of write operations=0
	Map-Reduce Framework
		Combine input records=0
		Combine output records=0
		Reduce input groups=1
		Reduce shuffle bytes=24
		Reduce input records=1
		Reduce output records=0
		Spilled Records=1
		Shuffled Maps =1
		Failed Shuffles=0
		Merged Map outputs=1
		GC time elapsed (ms)=0
		Total committed heap usage (bytes)=1745354752
	HIVE
		CREATED_FILES=1
		RECORDS_OUT_1_default.acidtbl=1
		RECORDS_OUT_INTERMEDIATE=0
		RECORDS_OUT_OPERATOR_FS_6=1
		RECORDS_OUT_OPERATOR_SEL_5=1
		TOTAL_TABLE_ROWS_WRITTEN=1
	Shuffle Errors
		BAD_ID=0
		CONNECTION=0
		IO_ERROR=0
		WRONG_LENGTH=0
		WRONG_MAP=0
		WRONG_REDUCE=0
	File Output Format Counters 
		Bytes Written=0
2024-04-24T01:10:28,013  INFO [pool-217-thread-1] mapred.LocalJobRunner: Finishing task: attempt_local481414452_0045_r_000001_0
2024-04-24T01:10:28,013  INFO [Thread-3748] mapred.LocalJobRunner: reduce task executor complete.
2024-04-24 01:10:28,903 Stage-1 map = 100%,  reduce = 100%
2024-04-24T01:10:28,903  INFO [main] exec.Task: 2024-04-24 01:10:28,903 Stage-1 map = 100%,  reduce = 100%
Ended Job = job_local481414452_0045
2024-04-24T01:10:28,904  INFO [main] exec.Task: Ended Job = job_local481414452_0045
2024-04-24T01:10:28,905  INFO [main] FileOperations: Found manifest file file:/home/alex/Repositories/hive/ql/target/tmp/org.apache.hadoop.hive.ql.TestTxnCommands-1713946100941/warehouse/acidtbl/_tmp.delta_0000001_0000001_0000/000001_0.manifest with attemptId 0.
2024-04-24T01:10:28,905  INFO [main] FileOperations: Found manifest file file:/home/alex/Repositories/hive/ql/target/tmp/org.apache.hadoop.hive.ql.TestTxnCommands-1713946100941/warehouse/acidtbl/_tmp.delta_0000001_0000001_0000/000000_0.manifest with attemptId 0.
2024-04-24T01:10:28,905  INFO [main] FileOperations: Looking at manifest file: file:/home/alex/Repositories/hive/ql/target/tmp/org.apache.hadoop.hive.ql.TestTxnCommands-1713946100941/warehouse/acidtbl/_tmp.delta_0000001_0000001_0000/000000_0.manifest
2024-04-24T01:10:28,905  INFO [main] FileOperations: Looking at manifest file: file:/home/alex/Repositories/hive/ql/target/tmp/org.apache.hadoop.hive.ql.TestTxnCommands-1713946100941/warehouse/acidtbl/_tmp.delta_0000001_0000001_0000/000001_0.manifest
2024-04-24T01:10:28,905  INFO [main] FileOperations: Deleting manifest directory file:/home/alex/Repositories/hive/ql/target/tmp/org.apache.hadoop.hive.ql.TestTxnCommands-1713946100941/warehouse/acidtbl/_tmp.delta_0000001_0000001_0000
2024-04-24T01:10:28,906  INFO [main] ql.Driver: Starting task [Stage-0:MOVE] in serial mode
Loading data to table default.acidtbl
2024-04-24T01:10:28,907  INFO [main] exec.Task: Loading data to table default.acidtbl from file:/home/alex/Repositories/hive/ql/target/tmp/org.apache.hadoop.hive.ql.TestTxnCommands-1713946100941/warehouse/acidtbl
2024-04-24T01:10:28,907  INFO [main] HiveMetaStore.audit: ugi=alex	ip=unknown-ip-addr	cmd=get_table : tbl=hive.default.acidtbl	
2024-04-24T01:10:28,913  INFO [main] metastore.HMSHandler: Skipping translation for processor with null
2024-04-24T01:10:28,913  INFO [main] HiveMetaStore.audit: ugi=alex	ip=unknown-ip-addr	cmd=get_table : tbl=hive.default.acidtbl	
2024-04-24T01:10:28,919  INFO [main] metastore.HMSHandler: Skipping translation for processor with null
2024-04-24T01:10:28,920  INFO [main] HiveMetaStore.audit: ugi=alex	ip=unknown-ip-addr	cmd=alter_table: hive.default.acidtbl newtbl=acidtbl	
2024-04-24T01:10:28,952  INFO [main] ql.Driver: Starting task [Stage-2:STATS] in serial mode
2024-04-24T01:10:28,953  INFO [main] HiveMetaStore.audit: ugi=alex	ip=unknown-ip-addr	cmd=get_table : tbl=hive.default.acidtbl	
2024-04-24T01:10:28,959  INFO [main] metastore.HMSHandler: Skipping translation for processor with null
2024-04-24T01:10:28,959  INFO [main] stats.BasicStatsTask: Executing stats task
2024-04-24T01:10:28,959  INFO [main] fs.FSStatsPublisher: created : file:/home/alex/Repositories/hive/ql/target/tmp/localscratchdir/fc2e988a-c8c6-44c0-8874-d949350f00a3/hive_2024-04-24_01-10-27_465_6310807207582873542-1/-mr-10000
2024-04-24T01:10:28,961  INFO [main] HiveMetaStore.audit: ugi=alex	ip=unknown-ip-addr	cmd=get_table : tbl=hive.default.acidtbl	
2024-04-24T01:10:28,967  INFO [main] metastore.HMSHandler: Skipping translation for processor with null
2024-04-24T01:10:28,978  WARN [main] FileOperations: Computing stats for an ACID table; stats may be inaccurate
2024-04-24T01:10:28,978  INFO [main] FileOperations: Read stats for default.acidtbl/, numRows, true, 2, false: 
2024-04-24T01:10:28,979  INFO [main] FileOperations: Read stats for default.acidtbl/, rawDataSize, true, 0, false: 
2024-04-24T01:10:28,979  INFO [main] HiveMetaStore.audit: ugi=alex	ip=unknown-ip-addr	cmd=alter_table: hive.default.acidtbl newtbl=acidtbl	
2024-04-24T01:10:29,009  INFO [main] FileOperations: Read stats for default.acidtbl/, insertCount, true, 2, false: 
2024-04-24T01:10:29,009  INFO [main] FileOperations: Read stats for default.acidtbl/, updateCount, true, 0, false: 
2024-04-24T01:10:29,009  INFO [main] FileOperations: Read stats for default.acidtbl/, deleteCount, true, 0, false: 
2024-04-24T01:10:29,011  INFO [main] stats.BasicStatsTask: Table default.acidtbl stats: [numFiles=2, numRows=2, totalSize=1344, rawDataSize=0, numFilesErasureCoded=0]
2024-04-24T01:10:29,012  INFO [main] metadata.Hive: Dumping metastore api call timing information for : execution phase
2024-04-24T01:10:29,012  INFO [main] metadata.Hive: Total time spent in each metastore function (ms): {getTable_(GetTableRequest)=26, updateTransactionalStatistics_(UpdateTransactionalStatsRequest)=2, isCompatibleWith_(Configuration)=0, alter_table_(String, String, String, Table, EnvironmentContext, String)=62}
MapReduce Jobs Launched: 
2024-04-24T01:10:29,012  INFO [main] ql.Driver: MapReduce Jobs Launched: 
Stage-Stage-1:  HDFS Read: 0 HDFS Write: 0 SUCCESS
2024-04-24T01:10:29,012  INFO [main] ql.Driver: Stage-Stage-1:  HDFS Read: 0 HDFS Write: 0 SUCCESS
Total MapReduce CPU Time Spent: 0 msec
2024-04-24T01:10:29,012  INFO [main] ql.Driver: Total MapReduce CPU Time Spent: 0 msec
2024-04-24T01:10:29,012  INFO [main] ql.Driver: Completed executing command(queryId=alex_20240424011027_6d0293a3-6565-4335-827b-92a20f7c69c2); Time taken: 1.369 seconds
2024-04-24T01:10:29,012  INFO [main] lockmgr.DbTxnManager: Stopped heartbeat for query: alex_20240424011027_6d0293a3-6565-4335-827b-92a20f7c69c2
2024-04-24T01:10:29,021  INFO [main] txn.TxnHandler: Removed transactions: ([13]) from MIN_HISTORY_LEVEL
2024-04-24T01:10:29,021  WARN [main] txn.CompactionTxnHandler: No compaction queue record found for Compaction type transaction commit. txnId:13
2024-04-24T01:10:29,022  INFO [main] ql.TxnCommandsBaseForTests: Running the query: select a,b from acidTbl order by a,b
2024-04-24T01:10:29,022  INFO [main] ql.Context: Deleting scratch dir: file:/home/alex/Repositories/hive/ql/target/tmp/localscratchdir/fc2e988a-c8c6-44c0-8874-d949350f00a3/hive_2024-04-24_01-10-27_465_6310807207582873542-1
2024-04-24T01:10:29,023  INFO [main] cleanup.SyncCleanupService: Deleted directory: file:/home/alex/Repositories/hive/ql/target/tmp/localscratchdir/fc2e988a-c8c6-44c0-8874-d949350f00a3/hive_2024-04-24_01-10-27_465_6310807207582873542-1 on fs with scheme file
2024-04-24T01:10:29,023  INFO [main] ql.Driver: Compiling command(queryId=alex_20240424011029_0a0d690e-6615-4cb5-826e-181ffc12febf): select a,b from acidTbl order by a,b
2024-04-24T01:10:29,026  INFO [main] txn.TxnHandler: Added entries to MIN_HISTORY_LEVEL for current txns: ([14]) with min_open_txn: 14
2024-04-24T01:10:29,026  INFO [main] lockmgr.DbTxnManager: Opened txnid:14
2024-04-24T01:10:29,026  INFO [main] parse.CalcitePlanner: Starting caching scope for: 
2024-04-24T01:10:29,026  INFO [main] parse.CalcitePlanner: Starting Semantic Analysis
2024-04-24T01:10:29,028  INFO [main] parse.CalcitePlanner: Completed phase 1 of Semantic Analysis
2024-04-24T01:10:29,029  INFO [main] parse.CalcitePlanner: Get metadata for source tables
2024-04-24T01:10:29,029  INFO [main] HiveMetaStore.audit: ugi=alex	ip=unknown-ip-addr	cmd=get_table : tbl=hive.default.acidtbl	
2024-04-24T01:10:29,035  INFO [main] metastore.HMSHandler: Skipping translation for processor with null
2024-04-24T01:10:29,036  INFO [main] parse.CalcitePlanner: Get metadata for subqueries
2024-04-24T01:10:29,036  INFO [main] parse.CalcitePlanner: Get metadata for destination tables
2024-04-24T01:10:29,036  INFO [main] parse.CalcitePlanner: Completed getting MetaData in Semantic Analysis
2024-04-24T01:10:29,048  INFO [main] HiveMetaStore.audit: ugi=alex	ip=unknown-ip-addr	cmd=get_all_table_constraints : tbl=hive.default.acidtbl	
2024-04-24T01:10:29,057  INFO [main] calcite.RelOptHiveTable: Calculating column statistics for default.acidtbl, projIndxSet: [0, 1], allowMissingStats: true
2024-04-24T01:10:29,058  INFO [main] HiveMetaStore.audit: ugi=alex	ip=unknown-ip-addr	cmd=get_table : tbl=hive.default.acidtbl	
2024-04-24T01:10:29,067  INFO [main] metastore.HMSHandler: Skipping translation for processor with null
2024-04-24T01:10:29,068  INFO [main] HiveMetaStore.audit: ugi=alex	ip=unknown-ip-addr	cmd=get_table : tbl=hive.default.acidtbl	
2024-04-24T01:10:29,076  INFO [main] metastore.HMSHandler: Skipping translation for processor with null
2024-04-24T01:10:29,076  INFO [main] HiveMetaStore.audit: ugi=alex	ip=unknown-ip-addr	cmd=get_table_statistics_req: table=hive.default.acidtbl	
2024-04-24T01:10:29,088  WARN [main] calcite.RelOptHiveTable: No Stats for default@acidtbl, Columns: a, b
No Stats for default@acidtbl, Columns: a, b
2024-04-24T01:10:29,088  INFO [main] SessionState: No Stats for default@acidtbl, Columns: a, b
2024-04-24T01:10:29,130  INFO [main] parse.CalcitePlanner: Get metadata for source tables
2024-04-24T01:10:29,131  INFO [main] parse.CalcitePlanner: Get metadata for subqueries
2024-04-24T01:10:29,131  INFO [main] parse.CalcitePlanner: Get metadata for destination tables
2024-04-24T01:10:29,132  INFO [main] common.FileUtils: Creating directory if it doesn't exist: file:/home/alex/Repositories/hive/ql/target/tmp/localscratchdir/fc2e988a-c8c6-44c0-8874-d949350f00a3/hive_2024-04-24_01-10-29_023_4080809826622888512-1/-mr-10001/.hive-staging_hive_2024-04-24_01-10-29_023_4080809826622888512-1
2024-04-24T01:10:29,139  INFO [main] parse.CalcitePlanner: CBO Succeeded; optimized logical plan.
2024-04-24T01:10:29,141  INFO [main] optimizer.ColumnPrunerProcFactory: RS 2 oldColExprMap: {KEY.reducesinkkey0=Column[_col0], KEY.reducesinkkey1=Column[_col1]}
2024-04-24T01:10:29,141  INFO [main] optimizer.ColumnPrunerProcFactory: RS 2 newColExprMap: {KEY.reducesinkkey0=Column[_col0], KEY.reducesinkkey1=Column[_col1]}
2024-04-24T01:10:29,142  INFO [main] optimizer.SortedDynPartitionOptimizer: Sorted dynamic partitioning optimization kicked in..
2024-04-24T01:10:29,151  INFO [main] physical.Vectorizer: Examining input format to see if vectorization is enabled.
2024-04-24T01:10:29,151  INFO [main] physical.Vectorizer: Vectorization is enabled for input format(s) [org.apache.hadoop.hive.ql.io.orc.OrcInputFormat]
2024-04-24T01:10:29,151  INFO [main] physical.Vectorizer: Validating and vectorizing MapWork... (vectorizedVertexNum 0)
2024-04-24T01:10:29,152  INFO [main] physical.Vectorizer: Map vectorization enabled: true
2024-04-24T01:10:29,152  INFO [main] physical.Vectorizer: Map vectorized: true
2024-04-24T01:10:29,152  INFO [main] physical.Vectorizer: Map vectorizedVertexNum: 0
2024-04-24T01:10:29,152  INFO [main] physical.Vectorizer: Map enabledConditionsMet: [hive.vectorized.use.vectorized.input.format IS true]
2024-04-24T01:10:29,152  INFO [main] physical.Vectorizer: Map inputFileFormatClassNameSet: [org.apache.hadoop.hive.ql.io.orc.OrcInputFormat]
2024-04-24T01:10:29,152  INFO [main] physical.Vectorizer: Reduce vectorization enabled: false
2024-04-24T01:10:29,152  INFO [main] physical.Vectorizer: Reduce vectorized: false
2024-04-24T01:10:29,152  INFO [main] physical.Vectorizer: Reduce vectorizedVertexNum: 1
2024-04-24T01:10:29,152  INFO [main] physical.Vectorizer: Reducer hive.vectorized.execution.reduce.enabled: true
2024-04-24T01:10:29,152  INFO [main] physical.Vectorizer: Reducer engine: mr
2024-04-24T01:10:29,152  INFO [main] parse.CalcitePlanner: Completed plan generation
2024-04-24T01:10:29,152  INFO [main] parse.CalcitePlanner: Ending caching scope for: 
2024-04-24T01:10:29,152  INFO [main] ql.Driver: Semantic Analysis Completed (retrial = false)
2024-04-24T01:10:29,152  INFO [main] ql.Driver: Created Hive schema: Schema(fieldSchemas:[FieldSchema(name:a, type:int, comment:null), FieldSchema(name:b, type:int, comment:null)], properties:null)
2024-04-24T01:10:29,153  INFO [main] exec.ListSinkOperator: Initializing Operator: LIST_SINK[7]
2024-04-24T01:10:29,153  INFO [main] metadata.Hive: Dumping metastore api call timing information for : compilation phase
2024-04-24T01:10:29,153  INFO [main] metadata.Hive: Total time spent in each metastore function (ms): {getValidTxns_(long)=0, isCompatibleWith_(Configuration)=1, commitTxn_(CommitTxnRequest)=9, getAllTableConstraints_(AllTableConstraintsRequest)=5, flushCache_()=0, getValidWriteIds_(List, String)=3, getTableColumnStatistics_(String, String, List, String)=29, openTxn_(String, TxnType)=2, getTable_(GetTableRequest)=7}
2024-04-24T01:10:29,154  INFO [main] ql.Driver: Completed compiling command(queryId=alex_20240424011029_0a0d690e-6615-4cb5-826e-181ffc12febf); Time taken: 0.13 seconds
2024-04-24T01:10:29,154  INFO [main] lockmgr.DbTxnManager: Setting lock request transaction to txnid:14 for queryId=alex_20240424011029_0a0d690e-6615-4cb5-826e-181ffc12febf
2024-04-24T01:10:29,154  INFO [main] lockmgr.DbLockManager: Requesting lock for queryId=alex_20240424011029_0a0d690e-6615-4cb5-826e-181ffc12febf
2024-04-24T01:10:29,167  INFO [main] lockmgr.DbLockManager: Response to queryId=alex_20240424011029_0a0d690e-6615-4cb5-826e-181ffc12febf LockResponse(lockid:8, state:ACQUIRED)
2024-04-24T01:10:29,167  INFO [main] ql.Driver: Operation QUERY obtained 1 locks
2024-04-24T01:10:29,168  INFO [main] ql.Driver: Executing command(queryId=alex_20240424011029_0a0d690e-6615-4cb5-826e-181ffc12febf): select a,b from acidTbl order by a,b
2024-04-24T01:10:29,168  WARN [main] ql.Driver: Hive-on-MR is deprecated in Hive 2 and may not be available in the future versions. Consider using a different execution engine (i.e. spark, tez) or using Hive 1.X releases.
Query ID = alex_20240424011029_0a0d690e-6615-4cb5-826e-181ffc12febf
2024-04-24T01:10:29,168  INFO [main] ql.Driver: Query ID = alex_20240424011029_0a0d690e-6615-4cb5-826e-181ffc12febf
Total jobs = 1
2024-04-24T01:10:29,168  INFO [main] ql.Driver: Total jobs = 1
Launching Job 1 out of 1
2024-04-24T01:10:29,168  INFO [main] ql.Driver: Launching Job 1 out of 1
2024-04-24T01:10:29,300  INFO [main] ql.Driver: Starting task [Stage-1:MAPRED] in serial mode
Number of reduce tasks determined at compile time: 1
2024-04-24T01:10:29,300  INFO [main] exec.Task: Number of reduce tasks determined at compile time: 1
In order to change the average load for a reducer (in bytes):
2024-04-24T01:10:29,300  INFO [main] exec.Task: In order to change the average load for a reducer (in bytes):
  set hive.exec.reducers.bytes.per.reducer=<number>
2024-04-24T01:10:29,300  INFO [main] exec.Task:   set hive.exec.reducers.bytes.per.reducer=<number>
In order to limit the maximum number of reducers:
2024-04-24T01:10:29,300  INFO [main] exec.Task: In order to limit the maximum number of reducers:
  set hive.exec.reducers.max=<number>
2024-04-24T01:10:29,300  INFO [main] exec.Task:   set hive.exec.reducers.max=<number>
In order to set a constant number of reducers:
2024-04-24T01:10:29,300  INFO [main] exec.Task: In order to set a constant number of reducers:
  set mapreduce.job.reduces=<number>
2024-04-24T01:10:29,300  INFO [main] exec.Task:   set mapreduce.job.reduces=<number>
2024-04-24T01:10:29,303  INFO [main] mr.ExecDriver: Using org.apache.hadoop.hive.ql.io.HiveInputFormat
2024-04-24T01:10:29,303  INFO [main] exec.Utilities: Processing alias acidtbl
2024-04-24T01:10:29,303  INFO [main] exec.Utilities: Adding 1 inputs; the first input is file:/home/alex/Repositories/hive/ql/target/tmp/org.apache.hadoop.hive.ql.TestTxnCommands-1713946100941/warehouse/acidtbl
2024-04-24T01:10:29,313  INFO [main] exec.SerializationUtilities: Serializing MapWork using kryo
2024-04-24T01:10:29,314  INFO [main] exec.Utilities: Serialized plan (via FILE) - name: null size: 6,04KB
2024-04-24T01:10:29,319  INFO [main] exec.SerializationUtilities: Serializing ReduceWork using kryo
2024-04-24T01:10:29,320  INFO [main] exec.Utilities: Serialized plan (via FILE) - name: null size: 7,01KB
2024-04-24T01:10:29,321  WARN [main] impl.MetricsSystemImpl: JobTracker metrics system already initialized!
2024-04-24T01:10:29,326  WARN [main] impl.MetricsSystemImpl: JobTracker metrics system already initialized!
2024-04-24T01:10:29,334  WARN [main] mapreduce.JobResourceUploader: Hadoop command-line option parsing not performed. Implement the Tool interface and execute your application with ToolRunner to remedy this.
2024-04-24T01:10:29,338  WARN [main] mapreduce.JobResourceUploader: No job jar file set.  User classes may not be found. See Job or Job#setJar(String).
2024-04-24T01:10:29,340  INFO [main] io.HiveInputFormat: hive.io.file.readcolumn.ids = 0,1
2024-04-24T01:10:29,340  INFO [main] io.HiveInputFormat: hive.io.file.readcolumn.names = a,b
2024-04-24T01:10:29,340  INFO [main] io.HiveInputFormat: Generating splits for dirs: file:/home/alex/Repositories/hive/ql/target/tmp/org.apache.hadoop.hive.ql.TestTxnCommands-1713946100941/warehouse/acidtbl
2024-04-24T01:10:29,340  INFO [main] orc.OrcInputFormat: getSplits started
2024-04-24T01:10:29,340  INFO [main] orc.OrcInputFormat: Context:: isAcid: true isVectorMode: true sarg: null minSplitSize: 1 maxSplitSize: 256000000 splitStrategy: HYBRID footerInSplits: false numBuckets: 2 numThreads: 10 cacheMemSize: 268435456 cacheStripeDetails: true useSoftReference: false writeIdList: default.acidtbl:1:9223372036854775807:: isTransactionalTable: true txnProperties: default 
2024-04-24T01:10:29,340  INFO [main] orc.OrcInputFormat: ORC pushdown predicate: null
2024-04-24T01:10:29,352  INFO [main] orc.OrcInputFormat: FooterCacheHitRatio: 0/2
2024-04-24T01:10:29,352  INFO [main] orc.OrcInputFormat: getSplits finished (#splits: 2). duration: 12 ms
2024-04-24T01:10:29,353  INFO [main] io.HiveInputFormat: number of splits 2
2024-04-24T01:10:29,371  INFO [main] mapreduce.JobSubmitter: number of splits:2
2024-04-24T01:10:29,390  INFO [main] mapreduce.JobSubmitter: Submitting tokens for job: job_local1299437947_0046
2024-04-24T01:10:29,390  INFO [main] mapreduce.JobSubmitter: Executing with tokens: []
2024-04-24T01:10:29,449  INFO [main] mapreduce.Job: The url to track the job: http://localhost:8080/
Job running in-process (local Hadoop)
2024-04-24T01:10:29,449  INFO [main] exec.Task: Job running in-process (local Hadoop)
2024-04-24T01:10:29,450  INFO [Thread-3825] mapred.LocalJobRunner: OutputCommitter set in config org.apache.hadoop.hive.ql.io.HiveFileFormatUtils$NullOutputCommitter
2024-04-24T01:10:29,450  INFO [Thread-3825] mapred.LocalJobRunner: OutputCommitter is org.apache.hadoop.hive.ql.io.HiveFileFormatUtils$NullOutputCommitter
2024-04-24T01:10:29,451  INFO [Thread-3825] mapred.LocalJobRunner: Waiting for map tasks
2024-04-24T01:10:29,452  INFO [LocalJobRunner Map Task Executor #0] mapred.LocalJobRunner: Starting task: attempt_local1299437947_0046_m_000000_0
2024-04-24T01:10:29,452  INFO [LocalJobRunner Map Task Executor #0] mapred.Task:  Using ResourceCalculatorProcessTree : [ ]
2024-04-24T01:10:29,453  INFO [LocalJobRunner Map Task Executor #0] mapred.MapTask: Processing split: org.apache.hadoop.hive.ql.io.orc.OrcInputFormat:OrcSplit [file:/home/alex/Repositories/hive/ql/target/tmp/org.apache.hadoop.hive.ql.TestTxnCommands-1713946100941/warehouse/acidtbl/delta_0000001_0000001_0000/bucket_00001_0, start=0, length=673, isOriginal=false, fileLength=673, hasFooter=false, hasBase=true, deltas=0]
2024-04-24T01:10:29,453  INFO [LocalJobRunner Map Task Executor #0] exec.SerializationUtilities: Deserializing MapWork using kryo
2024-04-24T01:10:29,454  INFO [LocalJobRunner Map Task Executor #0] exec.Utilities: Deserialized plan (via FILE) - name: null size: 6,04KB
2024-04-24T01:10:29,454  INFO [LocalJobRunner Map Task Executor #0] orc.VectorizedOrcAcidRowBatchReader: Read ValidWriteIdList: default.acidtbl:1:9223372036854775807:::OrcSplit [file:/home/alex/Repositories/hive/ql/target/tmp/org.apache.hadoop.hive.ql.TestTxnCommands-1713946100941/warehouse/acidtbl/delta_0000001_0000001_0000/bucket_00001_0, start=0, length=673, isOriginal=false, fileLength=673, hasFooter=false, hasBase=true, deltas=0]
2024-04-24T01:10:29,455  INFO [LocalJobRunner Map Task Executor #0] orc.ReaderImpl: Reading ORC rows from file:/home/alex/Repositories/hive/ql/target/tmp/org.apache.hadoop.hive.ql.TestTxnCommands-1713946100941/warehouse/acidtbl/delta_0000001_0000001_0000/bucket_00001_0 with {include: [true, true, true], offset: 0, length: 673, schema: struct<a:int,b:int>, includeAcidColumns: false}
2024-04-24T01:10:29,456  INFO [LocalJobRunner Map Task Executor #0] mapred.MapTask: numReduceTasks: 1
2024-04-24T01:10:29,461  INFO [LocalJobRunner Map Task Executor #0] mapred.MapTask: (EQUATOR) 0 kvi 26214396(104857584)
2024-04-24T01:10:29,461  INFO [LocalJobRunner Map Task Executor #0] mapred.MapTask: mapreduce.task.io.sort.mb: 100
2024-04-24T01:10:29,461  INFO [LocalJobRunner Map Task Executor #0] mapred.MapTask: soft limit at 83886080
2024-04-24T01:10:29,461  INFO [LocalJobRunner Map Task Executor #0] mapred.MapTask: bufstart = 0; bufvoid = 104857600
2024-04-24T01:10:29,461  INFO [LocalJobRunner Map Task Executor #0] mapred.MapTask: kvstart = 26214396; length = 6553600
2024-04-24T01:10:29,461  INFO [LocalJobRunner Map Task Executor #0] mapred.MapTask: Map output collector class = org.apache.hadoop.mapred.MapTask$MapOutputBuffer
2024-04-24T01:10:29,462  INFO [LocalJobRunner Map Task Executor #0] vector.VectorMapOperator: Initializing Operator: MAP[0]
2024-04-24T01:10:29,462  INFO [LocalJobRunner Map Task Executor #0] mr.ExecMapper: 
<MAP>Id =0
  <Children>null
  <\Children>
  <Parent><\Parent>
<\MAP>
2024-04-24T01:10:29,463  INFO [LocalJobRunner Map Task Executor #0] exec.TableScanOperator: Initializing Operator: TS[0]
2024-04-24T01:10:29,463  INFO [LocalJobRunner Map Task Executor #0] vector.VectorSelectOperator: Initializing Operator: SEL[5]
2024-04-24T01:10:29,463  INFO [LocalJobRunner Map Task Executor #0] vector.VectorReduceSinkOperator: Initializing Operator: RS[6]
2024-04-24T01:10:29,463  INFO [LocalJobRunner Map Task Executor #0] vector.VectorReduceSinkOperator: Using tag = -1
2024-04-24T01:10:29,463  INFO [LocalJobRunner Map Task Executor #0] vector.VectorReduceSinkOperator: keys are [reducesinkkey0, reducesinkkey1] num distributions: 2
2024-04-24T01:10:29,463  INFO [LocalJobRunner Map Task Executor #0] vector.VectorReduceSinkOperator: RS[6]: records written - 1
2024-04-24T01:10:29,463  INFO [LocalJobRunner Map Task Executor #0] vector.VectorMapOperator: Closing Operator: MAP[0]
2024-04-24T01:10:29,463  INFO [LocalJobRunner Map Task Executor #0] vector.VectorMapOperator: RECORDS_OUT_OPERATOR_MAP_0:0, DESERIALIZE_ERRORS:0, RECORDS_IN:1, RECORDS_OUT_INTERMEDIATE:0, 
2024-04-24T01:10:29,463  INFO [LocalJobRunner Map Task Executor #0] exec.TableScanOperator: Closing Operator: TS[0]
2024-04-24T01:10:29,463  INFO [LocalJobRunner Map Task Executor #0] exec.TableScanOperator: RECORDS_OUT_INTERMEDIATE:0, RECORDS_OUT_OPERATOR_TS_0:1, 
2024-04-24T01:10:29,463  INFO [LocalJobRunner Map Task Executor #0] vector.VectorSelectOperator: Closing Operator: SEL[5]
2024-04-24T01:10:29,463  INFO [LocalJobRunner Map Task Executor #0] vector.VectorSelectOperator: RECORDS_OUT_OPERATOR_SEL_5:1, RECORDS_OUT_INTERMEDIATE:0, 
2024-04-24T01:10:29,464  INFO [LocalJobRunner Map Task Executor #0] vector.VectorReduceSinkOperator: Closing Operator: RS[6]
2024-04-24T01:10:29,464  INFO [LocalJobRunner Map Task Executor #0] vector.VectorReduceSinkOperator: RS[6]: Total records written - 1. abort - false
2024-04-24T01:10:29,464  INFO [LocalJobRunner Map Task Executor #0] vector.VectorReduceSinkOperator: RECORDS_OUT_INTERMEDIATE:1, RECORDS_OUT_OPERATOR_RS_6:1, 
2024-04-24T01:10:29,464  INFO [LocalJobRunner Map Task Executor #0] mapred.LocalJobRunner: 
2024-04-24T01:10:29,464  INFO [LocalJobRunner Map Task Executor #0] mapred.MapTask: Starting flush of map output
2024-04-24T01:10:29,464  INFO [LocalJobRunner Map Task Executor #0] mapred.MapTask: Spilling map output
2024-04-24T01:10:29,464  INFO [LocalJobRunner Map Task Executor #0] mapred.MapTask: bufstart = 0; bufend = 19; bufvoid = 104857600
2024-04-24T01:10:29,464  INFO [LocalJobRunner Map Task Executor #0] mapred.MapTask: kvstart = 26214396(104857584); kvend = 26214396(104857584); length = 1/6553600
2024-04-24T01:10:29,475  INFO [LocalJobRunner Map Task Executor #0] mapred.MapTask: Finished spill 0
2024-04-24T01:10:29,477  INFO [LocalJobRunner Map Task Executor #0] mapred.Task: Task:attempt_local1299437947_0046_m_000000_0 is done. And is in the process of committing
2024-04-24T01:10:29,478  INFO [LocalJobRunner Map Task Executor #0] mapred.LocalJobRunner: OrcSplit [file:/home/alex/Repositories/hive/ql/target/tmp/org.apache.hadoop.hive.ql.TestTxnCommands-1713946100941/warehouse/acidtbl/delta_0000001_0000001_0000/bucket_00001_0, start=0, length=673, isOriginal=false, fileLength=673, hasFooter=false, hasBase=true, deltas=0]
2024-04-24T01:10:29,478  INFO [LocalJobRunner Map Task Executor #0] mapred.Task: Task 'attempt_local1299437947_0046_m_000000_0' done.
2024-04-24T01:10:29,478  INFO [LocalJobRunner Map Task Executor #0] mapred.Task: Final Counters for attempt_local1299437947_0046_m_000000_0: Counters: 24
	File System Counters
		FILE: Number of bytes read=1057013
		FILE: Number of bytes written=57712924
		FILE: Number of read operations=0
		FILE: Number of large read operations=0
		FILE: Number of write operations=0
	Map-Reduce Framework
		Map input records=1
		Map output records=1
		Map output bytes=19
		Map output materialized bytes=27
		Input split bytes=495
		Combine input records=0
		Spilled Records=1
		Failed Shuffles=0
		Merged Map outputs=0
		GC time elapsed (ms)=0
		Total committed heap usage (bytes)=1745354752
	HIVE
		DESERIALIZE_ERRORS=0
		RECORDS_IN=1
		RECORDS_OUT_INTERMEDIATE=1
		RECORDS_OUT_OPERATOR_MAP_0=0
		RECORDS_OUT_OPERATOR_RS_6=1
		RECORDS_OUT_OPERATOR_SEL_5=1
		RECORDS_OUT_OPERATOR_TS_0=1
	File Input Format Counters 
		Bytes Read=8869
2024-04-24T01:10:29,478  INFO [LocalJobRunner Map Task Executor #0] mapred.LocalJobRunner: Finishing task: attempt_local1299437947_0046_m_000000_0
2024-04-24T01:10:29,478  INFO [LocalJobRunner Map Task Executor #0] mapred.LocalJobRunner: Starting task: attempt_local1299437947_0046_m_000001_0
2024-04-24T01:10:29,478  INFO [LocalJobRunner Map Task Executor #0] mapred.Task:  Using ResourceCalculatorProcessTree : [ ]
2024-04-24T01:10:29,479  INFO [LocalJobRunner Map Task Executor #0] mapred.MapTask: Processing split: org.apache.hadoop.hive.ql.io.orc.OrcInputFormat:OrcSplit [file:/home/alex/Repositories/hive/ql/target/tmp/org.apache.hadoop.hive.ql.TestTxnCommands-1713946100941/warehouse/acidtbl/delta_0000001_0000001_0000/bucket_00000_0, start=0, length=671, isOriginal=false, fileLength=671, hasFooter=false, hasBase=true, deltas=0]
2024-04-24T01:10:29,479  INFO [LocalJobRunner Map Task Executor #0] exec.SerializationUtilities: Deserializing MapWork using kryo
2024-04-24T01:10:29,480  INFO [LocalJobRunner Map Task Executor #0] exec.Utilities: Deserialized plan (via FILE) - name: null size: 6,04KB
2024-04-24T01:10:29,480  INFO [LocalJobRunner Map Task Executor #0] orc.VectorizedOrcAcidRowBatchReader: Read ValidWriteIdList: default.acidtbl:1:9223372036854775807:::OrcSplit [file:/home/alex/Repositories/hive/ql/target/tmp/org.apache.hadoop.hive.ql.TestTxnCommands-1713946100941/warehouse/acidtbl/delta_0000001_0000001_0000/bucket_00000_0, start=0, length=671, isOriginal=false, fileLength=671, hasFooter=false, hasBase=true, deltas=0]
2024-04-24T01:10:29,481  INFO [LocalJobRunner Map Task Executor #0] orc.ReaderImpl: Reading ORC rows from file:/home/alex/Repositories/hive/ql/target/tmp/org.apache.hadoop.hive.ql.TestTxnCommands-1713946100941/warehouse/acidtbl/delta_0000001_0000001_0000/bucket_00000_0 with {include: [true, true, true], offset: 0, length: 671, schema: struct<a:int,b:int>, includeAcidColumns: false}
2024-04-24T01:10:29,482  INFO [LocalJobRunner Map Task Executor #0] mapred.MapTask: numReduceTasks: 1
2024-04-24T01:10:29,493  INFO [LocalJobRunner Map Task Executor #0] mapred.MapTask: (EQUATOR) 0 kvi 26214396(104857584)
2024-04-24T01:10:29,493  INFO [LocalJobRunner Map Task Executor #0] mapred.MapTask: mapreduce.task.io.sort.mb: 100
2024-04-24T01:10:29,493  INFO [LocalJobRunner Map Task Executor #0] mapred.MapTask: soft limit at 83886080
2024-04-24T01:10:29,493  INFO [LocalJobRunner Map Task Executor #0] mapred.MapTask: bufstart = 0; bufvoid = 104857600
2024-04-24T01:10:29,493  INFO [LocalJobRunner Map Task Executor #0] mapred.MapTask: kvstart = 26214396; length = 6553600
2024-04-24T01:10:29,493  INFO [LocalJobRunner Map Task Executor #0] mapred.MapTask: Map output collector class = org.apache.hadoop.mapred.MapTask$MapOutputBuffer
2024-04-24T01:10:29,493  INFO [LocalJobRunner Map Task Executor #0] vector.VectorMapOperator: Initializing Operator: MAP[0]
2024-04-24T01:10:29,494  INFO [LocalJobRunner Map Task Executor #0] mr.ExecMapper: 
<MAP>Id =0
  <Children>null
  <\Children>
  <Parent><\Parent>
<\MAP>
2024-04-24T01:10:29,494  INFO [LocalJobRunner Map Task Executor #0] exec.TableScanOperator: Initializing Operator: TS[0]
2024-04-24T01:10:29,494  INFO [LocalJobRunner Map Task Executor #0] vector.VectorSelectOperator: Initializing Operator: SEL[5]
2024-04-24T01:10:29,494  INFO [LocalJobRunner Map Task Executor #0] vector.VectorReduceSinkOperator: Initializing Operator: RS[6]
2024-04-24T01:10:29,494  INFO [LocalJobRunner Map Task Executor #0] vector.VectorReduceSinkOperator: Using tag = -1
2024-04-24T01:10:29,495  INFO [LocalJobRunner Map Task Executor #0] vector.VectorReduceSinkOperator: keys are [reducesinkkey0, reducesinkkey1] num distributions: 2
2024-04-24T01:10:29,495  INFO [LocalJobRunner Map Task Executor #0] vector.VectorReduceSinkOperator: RS[6]: records written - 1
2024-04-24T01:10:29,495  INFO [LocalJobRunner Map Task Executor #0] vector.VectorMapOperator: Closing Operator: MAP[0]
2024-04-24T01:10:29,495  INFO [LocalJobRunner Map Task Executor #0] vector.VectorMapOperator: RECORDS_OUT_INTERMEDIATE:0, RECORDS_OUT_OPERATOR_MAP_0:0, DESERIALIZE_ERRORS:0, RECORDS_IN:1, 
2024-04-24T01:10:29,495  INFO [LocalJobRunner Map Task Executor #0] exec.TableScanOperator: Closing Operator: TS[0]
2024-04-24T01:10:29,495  INFO [LocalJobRunner Map Task Executor #0] exec.TableScanOperator: RECORDS_OUT_OPERATOR_TS_0:1, RECORDS_OUT_INTERMEDIATE:0, 
2024-04-24T01:10:29,495  INFO [LocalJobRunner Map Task Executor #0] vector.VectorSelectOperator: Closing Operator: SEL[5]
2024-04-24T01:10:29,495  INFO [LocalJobRunner Map Task Executor #0] vector.VectorSelectOperator: RECORDS_OUT_OPERATOR_SEL_5:1, RECORDS_OUT_INTERMEDIATE:0, 
2024-04-24T01:10:29,495  INFO [LocalJobRunner Map Task Executor #0] vector.VectorReduceSinkOperator: Closing Operator: RS[6]
2024-04-24T01:10:29,495  INFO [LocalJobRunner Map Task Executor #0] vector.VectorReduceSinkOperator: RS[6]: Total records written - 1. abort - false
2024-04-24T01:10:29,495  INFO [LocalJobRunner Map Task Executor #0] vector.VectorReduceSinkOperator: RECORDS_OUT_OPERATOR_RS_6:1, RECORDS_OUT_INTERMEDIATE:1, 
2024-04-24T01:10:29,496  INFO [LocalJobRunner Map Task Executor #0] mapred.LocalJobRunner: 
2024-04-24T01:10:29,496  INFO [LocalJobRunner Map Task Executor #0] mapred.MapTask: Starting flush of map output
2024-04-24T01:10:29,496  INFO [LocalJobRunner Map Task Executor #0] mapred.MapTask: Spilling map output
2024-04-24T01:10:29,496  INFO [LocalJobRunner Map Task Executor #0] mapred.MapTask: bufstart = 0; bufend = 19; bufvoid = 104857600
2024-04-24T01:10:29,496  INFO [LocalJobRunner Map Task Executor #0] mapred.MapTask: kvstart = 26214396(104857584); kvend = 26214396(104857584); length = 1/6553600
2024-04-24T01:10:29,508  INFO [LocalJobRunner Map Task Executor #0] mapred.MapTask: Finished spill 0
2024-04-24T01:10:29,516  INFO [LocalJobRunner Map Task Executor #0] mapred.Task: Task:attempt_local1299437947_0046_m_000001_0 is done. And is in the process of committing
2024-04-24T01:10:29,517  INFO [LocalJobRunner Map Task Executor #0] mapred.LocalJobRunner: OrcSplit [file:/home/alex/Repositories/hive/ql/target/tmp/org.apache.hadoop.hive.ql.TestTxnCommands-1713946100941/warehouse/acidtbl/delta_0000001_0000001_0000/bucket_00000_0, start=0, length=671, isOriginal=false, fileLength=671, hasFooter=false, hasBase=true, deltas=0]
2024-04-24T01:10:29,517  INFO [LocalJobRunner Map Task Executor #0] mapred.Task: Task 'attempt_local1299437947_0046_m_000001_0' done.
2024-04-24T01:10:29,517  INFO [LocalJobRunner Map Task Executor #0] mapred.Task: Final Counters for attempt_local1299437947_0046_m_000001_0: Counters: 24
	File System Counters
		FILE: Number of bytes read=1066887
		FILE: Number of bytes written=57712983
		FILE: Number of read operations=0
		FILE: Number of large read operations=0
		FILE: Number of write operations=0
	Map-Reduce Framework
		Map input records=1
		Map output records=1
		Map output bytes=19
		Map output materialized bytes=27
		Input split bytes=495
		Combine input records=0
		Spilled Records=1
		Failed Shuffles=0
		Merged Map outputs=0
		GC time elapsed (ms)=6
		Total committed heap usage (bytes)=1745879040
	HIVE
		DESERIALIZE_ERRORS=0
		RECORDS_IN=1
		RECORDS_OUT_INTERMEDIATE=1
		RECORDS_OUT_OPERATOR_MAP_0=0
		RECORDS_OUT_OPERATOR_RS_6=1
		RECORDS_OUT_OPERATOR_SEL_5=1
		RECORDS_OUT_OPERATOR_TS_0=1
	File Input Format Counters 
		Bytes Read=8861
2024-04-24T01:10:29,517  INFO [LocalJobRunner Map Task Executor #0] mapred.LocalJobRunner: Finishing task: attempt_local1299437947_0046_m_000001_0
2024-04-24T01:10:29,518  INFO [Thread-3825] mapred.LocalJobRunner: map task executor complete.
2024-04-24T01:10:29,519  INFO [Thread-3825] mapred.LocalJobRunner: Waiting for reduce tasks
2024-04-24T01:10:29,520  INFO [pool-222-thread-1] mapred.LocalJobRunner: Starting task: attempt_local1299437947_0046_r_000000_0
2024-04-24T01:10:29,521  INFO [pool-222-thread-1] mapred.Task:  Using ResourceCalculatorProcessTree : [ ]
2024-04-24T01:10:29,521  INFO [pool-222-thread-1] mapred.ReduceTask: Using ShuffleConsumerPlugin: org.apache.hadoop.mapreduce.task.reduce.Shuffle@23fd714d
2024-04-24T01:10:29,521  WARN [pool-222-thread-1] impl.MetricsSystemImpl: JobTracker metrics system already initialized!
2024-04-24T01:10:29,523  INFO [pool-222-thread-1] reduce.MergeManagerImpl: MergerManager: memoryLimit=1336252800, maxSingleShuffleLimit=334063200, mergeThreshold=881926912, ioSortFactor=10, memToMemMergeOutputsThreshold=10
2024-04-24T01:10:29,525  INFO [EventFetcher for fetching Map Completion Events] reduce.EventFetcher: attempt_local1299437947_0046_r_000000_0 Thread started: EventFetcher for fetching Map Completion Events
2024-04-24T01:10:29,530  INFO [localfetcher#65] reduce.LocalFetcher: localfetcher#65 about to shuffle output of map attempt_local1299437947_0046_m_000000_0 decomp: 23 len: 27 to MEMORY
2024-04-24T01:10:29,530  INFO [localfetcher#65] reduce.InMemoryMapOutput: Read 23 bytes from map-output for attempt_local1299437947_0046_m_000000_0
2024-04-24T01:10:29,530  INFO [localfetcher#65] reduce.MergeManagerImpl: closeInMemoryFile -> map-output of size: 23, inMemoryMapOutputs.size() -> 1, commitMemory -> 0, usedMemory ->23
2024-04-24T01:10:29,534  INFO [localfetcher#65] reduce.LocalFetcher: localfetcher#65 about to shuffle output of map attempt_local1299437947_0046_m_000001_0 decomp: 23 len: 27 to MEMORY
2024-04-24T01:10:29,535  INFO [localfetcher#65] reduce.InMemoryMapOutput: Read 23 bytes from map-output for attempt_local1299437947_0046_m_000001_0
2024-04-24T01:10:29,535  INFO [localfetcher#65] reduce.MergeManagerImpl: closeInMemoryFile -> map-output of size: 23, inMemoryMapOutputs.size() -> 2, commitMemory -> 23, usedMemory ->46
2024-04-24T01:10:29,535  INFO [EventFetcher for fetching Map Completion Events] reduce.EventFetcher: EventFetcher is interrupted.. Returning
2024-04-24T01:10:29,536  INFO [pool-222-thread-1] mapred.LocalJobRunner: 2 / 2 copied.
2024-04-24T01:10:29,536  INFO [pool-222-thread-1] reduce.MergeManagerImpl: finalMerge called with 2 in-memory map-outputs and 0 on-disk map-outputs
2024-04-24T01:10:29,547  INFO [pool-222-thread-1] mapred.Merger: Merging 2 sorted segments
2024-04-24T01:10:29,547  INFO [pool-222-thread-1] mapred.Merger: Down to the last merge-pass, with 2 segments left of total size: 12 bytes
2024-04-24T01:10:29,554  INFO [pool-222-thread-1] reduce.MergeManagerImpl: Merged 2 segments, 46 bytes to disk to satisfy reduce memory limit
2024-04-24T01:10:29,555  INFO [pool-222-thread-1] reduce.MergeManagerImpl: Merging 1 files, 48 bytes from disk
2024-04-24T01:10:29,555  INFO [pool-222-thread-1] reduce.MergeManagerImpl: Merging 0 segments, 0 bytes from memory into reduce
2024-04-24T01:10:29,555  INFO [pool-222-thread-1] mapred.Merger: Merging 1 sorted segments
2024-04-24T01:10:29,555  INFO [pool-222-thread-1] mapred.Merger: Down to the last merge-pass, with 1 segments left of total size: 27 bytes
2024-04-24T01:10:29,555  INFO [pool-222-thread-1] mapred.LocalJobRunner: 2 / 2 copied.
2024-04-24T01:10:29,556  INFO [pool-222-thread-1] exec.SerializationUtilities: Deserializing ReduceWork using kryo
2024-04-24T01:10:29,557  INFO [pool-222-thread-1] exec.Utilities: Deserialized plan (via FILE) - name: null size: 7,01KB
2024-04-24T01:10:29,559  INFO [pool-222-thread-1] ExecReducer: 
<SEL>Id =3
  <Children>
    <FS>Id =4
      <Children>
      <\Children>
      <Parent>Id = 3 null<\Parent>
    <\FS>
  <\Children>
  <Parent><\Parent>
<\SEL>
2024-04-24T01:10:29,559  INFO [pool-222-thread-1] exec.SelectOperator: Initializing Operator: SEL[3]
2024-04-24T01:10:29,560  INFO [pool-222-thread-1] exec.SelectOperator: SELECT struct<key:struct<reducesinkkey0:int,reducesinkkey1:int>,value:struct<>>
2024-04-24T01:10:29,560  INFO [pool-222-thread-1] exec.FileSinkOperator: Initializing Operator: FS[4]
2024-04-24T01:10:29,561  INFO [pool-222-thread-1] exec.FileSinkOperator: Using serializer : class org.apache.hadoop.hive.serde2.lazy.LazySimpleSerDe [serdeParams=org.apache.hadoop.hive.serde2.lazy.LazySerDeParameters@6f664884, cachedObjectInspector=org.apache.hadoop.hive.serde2.lazy.objectinspector.LazySimpleStructObjectInspector<org.apache.hadoop.hive.serde2.lazy.objectinspector.primitive.LazyIntObjectInspector@31a9eaa,org.apache.hadoop.hive.serde2.lazy.objectinspector.primitive.LazyIntObjectInspector@31a9eaa>, serializedSize=0, stats=org.apache.hadoop.hive.serde2.SerDeStats@3e790e0e, lastOperationSerialize=false, lastOperationDeserialize=false [1, 2, 3, 4, 5, 6, 7, 8, 11, 14, 15, 16, 17, 18, 19, 20, 21, 22, 23, 24, 25, 26, 28, 29, 30, 31, -128, -127, -126, -125, -124, -123, -122, -121, -120, -119, -118, -117, -116, -115, -114, -113, -112, -111, -110, -109, -108, -107, -106, -105, -104, -103, -102, -101, -100, -99, -98, -97, -96, -95, -94, -93, -92, -91, -90, -89, -88, -87, -86, -85, -84, -83, -82, -81, -80, -79, -78, -77, -76, -75, -74, -73, -72, -71, -70, -69, -68, -67, -66, -65, -64, -63, -62, -61, -60, -59, -58, -57, -56, -55, -54, -53, -52, -51, -50, -49, -48, -47, -46, -45, -44, -43, -42, -41, -40, -39, -38, -37, -36, -35, -34, -33, -32, -31, -30, -29, -28, -27, -26, -25, -24, -23, -22, -21, -20, -19, -18, -17, -16, -15, -14, -13, -12, -11, -10, -9, -8, -7, -6, -5, -4, -3, -2, -1] : [_col0, _col1] : [int, int]] and formatter : org.apache.hadoop.hive.ql.io.HiveSequenceFileOutputFormat@47f009a9
2024-04-24T01:10:29,562  INFO [pool-222-thread-1] exec.FileSinkOperator: Final Path: FS file:/home/alex/Repositories/hive/ql/target/tmp/localscratchdir/fc2e988a-c8c6-44c0-8874-d949350f00a3/hive_2024-04-24_01-10-29_023_4080809826622888512-1/-mr-10001/.hive-staging_hive_2024-04-24_01-10-29_023_4080809826622888512-1/_tmp.-ext-10002/000000_0
2024-04-24T01:10:29,562  INFO [pool-222-thread-1] exec.FileSinkOperator: Writing to temp file: FS file:/home/alex/Repositories/hive/ql/target/tmp/localscratchdir/fc2e988a-c8c6-44c0-8874-d949350f00a3/hive_2024-04-24_01-10-29_023_4080809826622888512-1/-mr-10001/.hive-staging_hive_2024-04-24_01-10-29_023_4080809826622888512-1/_task_tmp.-ext-10002/_tmp.000000_0
2024-04-24T01:10:29,562  INFO [pool-222-thread-1] exec.FileSinkOperator: New Final Path: FS file:/home/alex/Repositories/hive/ql/target/tmp/localscratchdir/fc2e988a-c8c6-44c0-8874-d949350f00a3/hive_2024-04-24_01-10-29_023_4080809826622888512-1/-mr-10001/.hive-staging_hive_2024-04-24_01-10-29_023_4080809826622888512-1/_tmp.-ext-10002/000000_0
2024-04-24T01:10:29,581  INFO [pool-222-thread-1] exec.FileSinkOperator: FS[4]: records written - 1
2024-04-24T01:10:29,581  INFO [pool-222-thread-1] exec.SelectOperator: Closing Operator: SEL[3]
2024-04-24T01:10:29,581  INFO [pool-222-thread-1] exec.SelectOperator: RECORDS_OUT_INTERMEDIATE:0, RECORDS_OUT_OPERATOR_SEL_3:2, 
2024-04-24T01:10:29,581  INFO [pool-222-thread-1] exec.FileSinkOperator: Closing Operator: FS[4]
2024-04-24T01:10:29,581  INFO [pool-222-thread-1] exec.FileSinkOperator: FS[4]: records written - 2
2024-04-24T01:10:29,582  INFO [pool-222-thread-1] exec.FileSinkOperator: RECORDS_OUT_0:2, RECORDS_OUT_INTERMEDIATE:0, RECORDS_OUT_OPERATOR_FS_4:2, 
2024-04-24T01:10:29,583  INFO [pool-222-thread-1] mapred.Task: Task:attempt_local1299437947_0046_r_000000_0 is done. And is in the process of committing
2024-04-24T01:10:29,583  INFO [pool-222-thread-1] mapred.LocalJobRunner: reduce > reduce
2024-04-24T01:10:29,583  INFO [pool-222-thread-1] mapred.Task: Task 'attempt_local1299437947_0046_r_000000_0' done.
2024-04-24T01:10:29,583  INFO [pool-222-thread-1] mapred.Task: Final Counters for attempt_local1299437947_0046_r_000000_0: Counters: 29
	File System Counters
		FILE: Number of bytes read=1074131
		FILE: Number of bytes written=57713162
		FILE: Number of read operations=0
		FILE: Number of large read operations=0
		FILE: Number of write operations=0
	Map-Reduce Framework
		Combine input records=0
		Combine output records=0
		Reduce input groups=2
		Reduce shuffle bytes=54
		Reduce input records=2
		Reduce output records=0
		Spilled Records=2
		Shuffled Maps =2
		Failed Shuffles=0
		Merged Map outputs=2
		GC time elapsed (ms)=0
		Total committed heap usage (bytes)=1745879040
	HIVE
		CREATED_FILES=1
		RECORDS_OUT_0=2
		RECORDS_OUT_INTERMEDIATE=0
		RECORDS_OUT_OPERATOR_FS_4=2
		RECORDS_OUT_OPERATOR_SEL_3=2
	Shuffle Errors
		BAD_ID=0
		CONNECTION=0
		IO_ERROR=0
		WRONG_LENGTH=0
		WRONG_MAP=0
		WRONG_REDUCE=0
	File Output Format Counters 
		Bytes Written=0
2024-04-24T01:10:29,583  INFO [pool-222-thread-1] mapred.LocalJobRunner: Finishing task: attempt_local1299437947_0046_r_000000_0
2024-04-24T01:10:29,583  INFO [Thread-3825] mapred.LocalJobRunner: reduce task executor complete.
2024-04-24 01:10:30,452 Stage-1 map = 100%,  reduce = 100%
2024-04-24T01:10:30,452  INFO [main] exec.Task: 2024-04-24 01:10:30,452 Stage-1 map = 100%,  reduce = 100%
Ended Job = job_local1299437947_0046
2024-04-24T01:10:30,454  INFO [main] exec.Task: Ended Job = job_local1299437947_0046
2024-04-24T01:10:30,456  INFO [main] metadata.Hive: Dumping metastore api call timing information for : execution phase
2024-04-24T01:10:30,456  INFO [main] metadata.Hive: Total time spent in each metastore function (ms): {}
MapReduce Jobs Launched: 
2024-04-24T01:10:30,456  INFO [main] ql.Driver: MapReduce Jobs Launched: 
Stage-Stage-1:  HDFS Read: 0 HDFS Write: 0 SUCCESS
2024-04-24T01:10:30,456  INFO [main] ql.Driver: Stage-Stage-1:  HDFS Read: 0 HDFS Write: 0 SUCCESS
Total MapReduce CPU Time Spent: 0 msec
2024-04-24T01:10:30,456  INFO [main] ql.Driver: Total MapReduce CPU Time Spent: 0 msec
2024-04-24T01:10:30,456  INFO [main] ql.Driver: Completed executing command(queryId=alex_20240424011029_0a0d690e-6615-4cb5-826e-181ffc12febf); Time taken: 1.288 seconds
2024-04-24T01:10:30,456  INFO [main] lockmgr.DbTxnManager: Stopped heartbeat for query: alex_20240424011029_0a0d690e-6615-4cb5-826e-181ffc12febf
2024-04-24T01:10:30,460  INFO [main] txn.TxnHandler: Expected to move at least one record from txn_components to completed_txn_components when committing txn! txnid:14
2024-04-24T01:10:30,464  INFO [main] txn.TxnHandler: Removed transactions: ([14]) from MIN_HISTORY_LEVEL
2024-04-24T01:10:30,464  WARN [main] txn.CompactionTxnHandler: No compaction queue record found for Compaction type transaction commit. txnId:14
2024-04-24T01:10:30,468  INFO [main] mapred.FileInputFormat: Total input files to process : 1
2024-04-24T01:10:30,469  INFO [main] exec.ListSinkOperator: Closing Operator: LIST_SINK[7]
2024-04-24T01:10:30,469  INFO [main] exec.ListSinkOperator: RECORDS_OUT_OPERATOR_LIST_SINK_7:2, RECORDS_OUT_INTERMEDIATE:0, 
2024-04-24T01:10:30,469  INFO [main] ql.TxnCommandsBaseForTests: Running the query: START TRANSACTION
2024-04-24T01:10:30,470  INFO [main] ql.Context: Deleting scratch dir: file:/home/alex/Repositories/hive/ql/target/tmp/localscratchdir/fc2e988a-c8c6-44c0-8874-d949350f00a3/hive_2024-04-24_01-10-29_023_4080809826622888512-1
2024-04-24T01:10:30,471  INFO [main] cleanup.SyncCleanupService: Deleted directory: file:/home/alex/Repositories/hive/ql/target/tmp/localscratchdir/fc2e988a-c8c6-44c0-8874-d949350f00a3/hive_2024-04-24_01-10-29_023_4080809826622888512-1 on fs with scheme file
2024-04-24T01:10:30,471  INFO [main] ql.Driver: Compiling command(queryId=alex_20240424011030_832e04ac-e81d-42af-8220-eea13e7a929a): START TRANSACTION
2024-04-24T01:10:30,474  INFO [main] txn.TxnHandler: Added entries to MIN_HISTORY_LEVEL for current txns: ([15]) with min_open_txn: 15
2024-04-24T01:10:30,475  INFO [main] lockmgr.DbTxnManager: Opened txnid:15
2024-04-24T01:10:30,475  INFO [main] parse.CalcitePlanner: Starting caching scope for: 
2024-04-24T01:10:30,475  INFO [main] parse.CalcitePlanner: Starting Semantic Analysis
2024-04-24T01:10:30,475  INFO [main] parse.CalcitePlanner: Ending caching scope for: 
2024-04-24T01:10:30,475  INFO [main] ql.Driver: Semantic Analysis Completed (retrial = false)
2024-04-24T01:10:30,476  INFO [main] ql.Driver: Created Hive schema: Schema(fieldSchemas:null, properties:null)
2024-04-24T01:10:30,476  INFO [main] metadata.Hive: Dumping metastore api call timing information for : compilation phase
2024-04-24T01:10:30,476  INFO [main] metadata.Hive: Total time spent in each metastore function (ms): {getValidTxns_(long)=0, flushCache_()=0, commitTxn_(CommitTxnRequest)=9, isCompatibleWith_(Configuration)=0, openTxn_(String, TxnType)=3, getValidWriteIds_(List, String)=0}
2024-04-24T01:10:30,476  INFO [main] ql.Driver: Completed compiling command(queryId=alex_20240424011030_832e04ac-e81d-42af-8220-eea13e7a929a); Time taken: 0.005 seconds
2024-04-24T01:10:30,476  INFO [main] lockmgr.DbTxnManager: Setting lock request transaction to txnid:15 for queryId=alex_20240424011030_832e04ac-e81d-42af-8220-eea13e7a929a
2024-04-24T01:10:30,476  INFO [main] ql.Driver: Operation START_TRANSACTION obtained 0 locks
2024-04-24T01:10:30,476  INFO [main] ql.Driver: Executing command(queryId=alex_20240424011030_832e04ac-e81d-42af-8220-eea13e7a929a): START TRANSACTION
2024-04-24T01:10:30,477  INFO [main] metadata.Hive: Dumping metastore api call timing information for : execution phase
2024-04-24T01:10:30,477  INFO [main] metadata.Hive: Total time spent in each metastore function (ms): {}
2024-04-24T01:10:30,477  INFO [main] ql.Driver: Completed executing command(queryId=alex_20240424011030_832e04ac-e81d-42af-8220-eea13e7a929a); Time taken: 0.001 seconds
2024-04-24T01:10:30,477  INFO [main] ql.TxnCommandsBaseForTests: Running the query: insert into acidTbl(a,b)  values(5,6),(7,8)
2024-04-24T01:10:30,478  INFO [main] ql.Driver: Compiling command(queryId=alex_20240424011030_14c3ad88-d335-4793-9cb3-5ebf82e6b712): insert into acidTbl(a,b)  values(5,6),(7,8)
2024-04-24T01:10:30,478  INFO [main] parse.CalcitePlanner: Starting caching scope for: 
2024-04-24T01:10:30,478  INFO [main] parse.CalcitePlanner: Starting Semantic Analysis
2024-04-24T01:10:30,481  INFO [main] HiveMetaStore.audit: ugi=alex	ip=unknown-ip-addr	cmd=get_table : tbl=hive.default.acidTbl	
2024-04-24T01:10:30,488  INFO [main] metastore.HMSHandler: Skipping translation for processor with null
2024-04-24T01:10:30,488  INFO [main] parse.CalcitePlanner: Completed phase 1 of Semantic Analysis
2024-04-24T01:10:30,488  INFO [main] parse.CalcitePlanner: Get metadata for source tables
2024-04-24T01:10:30,488  INFO [main] parse.CalcitePlanner: Get metadata for subqueries
2024-04-24T01:10:30,488  INFO [main] parse.CalcitePlanner: Get metadata for destination tables
2024-04-24T01:10:30,488  INFO [main] HiveMetaStore.audit: ugi=alex	ip=unknown-ip-addr	cmd=get_table : tbl=hive.default.acidTbl	
2024-04-24T01:10:30,494  INFO [main] metastore.HMSHandler: Skipping translation for processor with null
2024-04-24T01:10:30,494  INFO [main] parse.CalcitePlanner: Completed getting MetaData in Semantic Analysis
2024-04-24T01:10:30,494  INFO [main] parse.CalcitePlanner: Disabling LLAP IO encode as ETL query is detected
2024-04-24T01:10:30,514  INFO [main] HiveMetaStore.audit: ugi=alex	ip=unknown-ip-addr	cmd=get_all_table_constraints : tbl=hive._dummy_database._dummy_table	
2024-04-24T01:10:30,561  INFO [main] parse.CalcitePlanner: Get metadata for source tables
2024-04-24T01:10:30,561  INFO [main] parse.CalcitePlanner: Get metadata for subqueries
2024-04-24T01:10:30,561  INFO [main] parse.CalcitePlanner: Get metadata for source tables
2024-04-24T01:10:30,562  INFO [main] HiveMetaStore.audit: ugi=alex	ip=unknown-ip-addr	cmd=get_table : tbl=hive._dummy_database._dummy_table	
2024-04-24T01:10:30,564  INFO [main] parse.CalcitePlanner: Get metadata for subqueries
2024-04-24T01:10:30,564  INFO [main] parse.CalcitePlanner: Get metadata for destination tables
2024-04-24T01:10:30,564  INFO [main] parse.CalcitePlanner: Get metadata for destination tables
2024-04-24T01:10:30,564  INFO [main] HiveMetaStore.audit: ugi=alex	ip=unknown-ip-addr	cmd=get_table : tbl=hive.default.acidTbl	
2024-04-24T01:10:30,570  INFO [main] metastore.HMSHandler: Skipping translation for processor with null
2024-04-24T01:10:30,572  INFO [main] HiveMetaStore.audit: ugi=alex	ip=unknown-ip-addr	cmd=get_not_null_constraints : tbl=hive.default.acidtbl	
2024-04-24T01:10:30,574  INFO [main] HiveMetaStore.audit: ugi=alex	ip=unknown-ip-addr	cmd=get_check_constraints : tbl=hive.default.acidtbl	
2024-04-24T01:10:30,579  INFO [main] txn.TxnHandler: Allocated writeId: 2 for txnId: 15
2024-04-24T01:10:30,580  INFO [main] txn.TxnHandler: Allocated write ids for dbName=default, tblName=acidtbl (txnIds: [15])
2024-04-24T01:10:30,581  INFO [main] parse.CalcitePlanner: CBO Succeeded; optimized logical plan.
2024-04-24T01:10:30,583  INFO [main] optimizer.ColumnPrunerProcFactory: RS 4 oldColExprMap: {KEY.reducesinkkey0=Column[_col0], VALUE._col0=Column[_col1]}
2024-04-24T01:10:30,584  INFO [main] optimizer.ColumnPrunerProcFactory: RS 4 newColExprMap: {KEY.reducesinkkey0=Column[_col0], VALUE._col0=Column[_col1]}
2024-04-24T01:10:30,584  INFO [main] optimizer.BucketVersionPopulator: not considering bucketingVersion for: TS[0] because it has -1<2 buckets 
2024-04-24T01:10:30,585  INFO [main] optimizer.SortedDynPartitionOptimizer: Sorted dynamic partitioning optimization kicked in..
2024-04-24T01:10:30,593  INFO [main] HiveMetaStore.audit: ugi=alex	ip=unknown-ip-addr	cmd=get_table : tbl=hive.default.acidtbl	
2024-04-24T01:10:30,600  INFO [main] metastore.HMSHandler: Skipping translation for processor with null
2024-04-24T01:10:30,600  INFO [main] physical.Vectorizer: Examining input format to see if vectorization is enabled.
2024-04-24T01:10:30,600  INFO [main] physical.Vectorizer: Map vectorization enabled: false
2024-04-24T01:10:30,600  INFO [main] physical.Vectorizer: Map vectorized: false
2024-04-24T01:10:30,601  INFO [main] physical.Vectorizer: Map vectorizedVertexNum: 0
2024-04-24T01:10:30,601  INFO [main] physical.Vectorizer: Map enabledConditionsMet: [hive.vectorized.use.vectorized.input.format IS true]
2024-04-24T01:10:30,601  INFO [main] physical.Vectorizer: Map enabledConditionsNotMet: [Could not enable vectorization due to partition column names size 1 is greater than the number of table column names size 0 IS false]
2024-04-24T01:10:30,601  INFO [main] physical.Vectorizer: Map inputFileFormatClassNameSet: [org.apache.hadoop.hive.ql.io.NullRowsInputFormat]
2024-04-24T01:10:30,601  INFO [main] physical.Vectorizer: Reduce vectorization enabled: false
2024-04-24T01:10:30,601  INFO [main] physical.Vectorizer: Reduce vectorized: false
2024-04-24T01:10:30,601  INFO [main] physical.Vectorizer: Reduce vectorizedVertexNum: 1
2024-04-24T01:10:30,601  INFO [main] physical.Vectorizer: Reducer hive.vectorized.execution.reduce.enabled: true
2024-04-24T01:10:30,601  INFO [main] physical.Vectorizer: Reducer engine: mr
2024-04-24T01:10:30,601  INFO [main] parse.CalcitePlanner: Completed plan generation
2024-04-24T01:10:30,601  INFO [main] parse.CalcitePlanner: Ending caching scope for: 
2024-04-24T01:10:30,601  INFO [main] ql.Driver: Semantic Analysis Completed (retrial = false)
2024-04-24T01:10:30,601  INFO [main] ql.Driver: Created Hive schema: Schema(fieldSchemas:[FieldSchema(name:_col0, type:int, comment:null), FieldSchema(name:_col1, type:int, comment:null)], properties:null)
2024-04-24T01:10:30,601  INFO [main] metadata.Hive: Dumping metastore api call timing information for : compilation phase
2024-04-24T01:10:30,601  INFO [main] metadata.Hive: Total time spent in each metastore function (ms): {getNotNullConstraints_(NotNullConstraintsRequest)=1, getCheckConstraints_(CheckConstraintsRequest)=1, flushCache_()=0, getAllTableConstraints_(AllTableConstraintsRequest)=5, getValidWriteIds_(List, String)=3, isCompatibleWith_(Configuration)=0, getTable_(GetTableRequest)=26, allocateTableWriteId_(long, String, String)=5}
2024-04-24T01:10:30,601  INFO [main] ql.Driver: Completed compiling command(queryId=alex_20240424011030_14c3ad88-d335-4793-9cb3-5ebf82e6b712); Time taken: 0.123 seconds
2024-04-24T01:10:30,602  INFO [main] lockmgr.DbTxnManager: Setting lock request transaction to txnid:15 for queryId=alex_20240424011030_14c3ad88-d335-4793-9cb3-5ebf82e6b712
2024-04-24T01:10:30,602  INFO [main] lockmgr.DbLockManager: Requesting lock for queryId=alex_20240424011030_14c3ad88-d335-4793-9cb3-5ebf82e6b712
2024-04-24T01:10:30,614  INFO [main] lockmgr.DbLockManager: Response to queryId=alex_20240424011030_14c3ad88-d335-4793-9cb3-5ebf82e6b712 LockResponse(lockid:9, state:ACQUIRED)
2024-04-24T01:10:30,614  INFO [main] ql.Driver: Operation QUERY obtained 1 locks
2024-04-24T01:10:30,616  INFO [main] ql.Driver: Executing command(queryId=alex_20240424011030_14c3ad88-d335-4793-9cb3-5ebf82e6b712): insert into acidTbl(a,b)  values(5,6),(7,8)
2024-04-24T01:10:30,616  WARN [main] ql.Driver: Hive-on-MR is deprecated in Hive 2 and may not be available in the future versions. Consider using a different execution engine (i.e. tez, spark) or using Hive 1.X releases.
Query ID = alex_20240424011030_14c3ad88-d335-4793-9cb3-5ebf82e6b712
2024-04-24T01:10:30,616  INFO [main] ql.Driver: Query ID = alex_20240424011030_14c3ad88-d335-4793-9cb3-5ebf82e6b712
Total jobs = 1
2024-04-24T01:10:30,617  INFO [main] ql.Driver: Total jobs = 1
Launching Job 1 out of 1
2024-04-24T01:10:30,617  INFO [main] ql.Driver: Launching Job 1 out of 1
2024-04-24T01:10:30,740  INFO [main] ql.Driver: Starting task [Stage-1:MAPRED] in serial mode
Number of reduce tasks determined at compile time: 2
2024-04-24T01:10:30,741  INFO [main] exec.Task: Number of reduce tasks determined at compile time: 2
In order to change the average load for a reducer (in bytes):
2024-04-24T01:10:30,741  INFO [main] exec.Task: In order to change the average load for a reducer (in bytes):
  set hive.exec.reducers.bytes.per.reducer=<number>
2024-04-24T01:10:30,741  INFO [main] exec.Task:   set hive.exec.reducers.bytes.per.reducer=<number>
In order to limit the maximum number of reducers:
2024-04-24T01:10:30,741  INFO [main] exec.Task: In order to limit the maximum number of reducers:
  set hive.exec.reducers.max=<number>
2024-04-24T01:10:30,741  INFO [main] exec.Task:   set hive.exec.reducers.max=<number>
In order to set a constant number of reducers:
2024-04-24T01:10:30,741  INFO [main] exec.Task: In order to set a constant number of reducers:
  set mapreduce.job.reduces=<number>
2024-04-24T01:10:30,741  INFO [main] exec.Task:   set mapreduce.job.reduces=<number>
2024-04-24T01:10:30,743  INFO [main] mr.ExecDriver: Using org.apache.hadoop.hive.ql.io.HiveInputFormat
2024-04-24T01:10:30,743  INFO [main] exec.Utilities: Processing alias $hdt$_0:_dummy_table
2024-04-24T01:10:30,743  INFO [main] exec.Utilities: Adding 1 inputs; the first input is file:/home/alex/Repositories/hive/ql/target/tmp/localscratchdir/fc2e988a-c8c6-44c0-8874-d949350f00a3/hive_2024-04-24_01-10-30_477_7827212540050274270-1/dummy_path
2024-04-24T01:10:30,752  INFO [main] exec.SerializationUtilities: Serializing MapWork using kryo
2024-04-24T01:10:30,753  INFO [main] exec.Utilities: Serialized plan (via FILE) - name: null size: 5,31KB
2024-04-24T01:10:30,757  INFO [main] exec.SerializationUtilities: Serializing ReduceWork using kryo
2024-04-24T01:10:30,758  INFO [main] exec.Utilities: Serialized plan (via FILE) - name: null size: 5,92KB
2024-04-24T01:10:30,759  WARN [main] impl.MetricsSystemImpl: JobTracker metrics system already initialized!
2024-04-24T01:10:30,762  INFO [main] fs.FSStatsPublisher: created : file:/home/alex/Repositories/hive/ql/target/tmp/localscratchdir/fc2e988a-c8c6-44c0-8874-d949350f00a3/hive_2024-04-24_01-10-30_477_7827212540050274270-1/-mr-10000
2024-04-24T01:10:30,764  WARN [main] impl.MetricsSystemImpl: JobTracker metrics system already initialized!
2024-04-24T01:10:30,771  WARN [main] mapreduce.JobResourceUploader: Hadoop command-line option parsing not performed. Implement the Tool interface and execute your application with ToolRunner to remedy this.
2024-04-24T01:10:30,775  WARN [main] mapreduce.JobResourceUploader: No job jar file set.  User classes may not be found. See Job or Job#setJar(String).
2024-04-24T01:10:30,776  INFO [main] io.HiveInputFormat: hive.io.file.readcolumn.ids = 
2024-04-24T01:10:30,776  INFO [main] io.HiveInputFormat: hive.io.file.readcolumn.names = 
2024-04-24T01:10:30,776  INFO [main] io.HiveInputFormat: Generating splits for dirs: file:/home/alex/Repositories/hive/ql/target/tmp/localscratchdir/fc2e988a-c8c6-44c0-8874-d949350f00a3/hive_2024-04-24_01-10-30_477_7827212540050274270-1/dummy_path
2024-04-24T01:10:30,776  INFO [main] io.HiveInputFormat: number of splits 1
2024-04-24T01:10:30,792  INFO [main] mapreduce.JobSubmitter: number of splits:1
2024-04-24T01:10:30,812  INFO [main] mapreduce.JobSubmitter: Submitting tokens for job: job_local1630786762_0047
2024-04-24T01:10:30,812  INFO [main] mapreduce.JobSubmitter: Executing with tokens: []
2024-04-24T01:10:30,881  INFO [main] mapreduce.Job: The url to track the job: http://localhost:8080/
Job running in-process (local Hadoop)
2024-04-24T01:10:30,881  INFO [main] exec.Task: Job running in-process (local Hadoop)
2024-04-24T01:10:30,882  INFO [Thread-3878] mapred.LocalJobRunner: OutputCommitter set in config org.apache.hadoop.hive.ql.io.HiveFileFormatUtils$NullOutputCommitter
2024-04-24T01:10:30,882  INFO [Thread-3878] mapred.LocalJobRunner: OutputCommitter is org.apache.hadoop.hive.ql.io.HiveFileFormatUtils$NullOutputCommitter
2024-04-24T01:10:30,884  INFO [Thread-3878] mapred.LocalJobRunner: Waiting for map tasks
2024-04-24T01:10:30,884  INFO [LocalJobRunner Map Task Executor #0] mapred.LocalJobRunner: Starting task: attempt_local1630786762_0047_m_000000_0
2024-04-24T01:10:30,884  INFO [LocalJobRunner Map Task Executor #0] mapred.Task:  Using ResourceCalculatorProcessTree : [ ]
2024-04-24T01:10:30,885  INFO [LocalJobRunner Map Task Executor #0] mapred.MapTask: Processing split: org.apache.hadoop.hive.ql.io.NullRowsInputFormat:file:/home/alex/Repositories/hive/ql/target/tmp/localscratchdir/fc2e988a-c8c6-44c0-8874-d949350f00a3/hive_2024-04-24_01-10-30_477_7827212540050274270-1/dummy_path/null:0+1
2024-04-24T01:10:30,885  INFO [LocalJobRunner Map Task Executor #0] exec.SerializationUtilities: Deserializing MapWork using kryo
2024-04-24T01:10:30,886  INFO [LocalJobRunner Map Task Executor #0] exec.Utilities: Deserialized plan (via FILE) - name: null size: 5,31KB
2024-04-24T01:10:30,886  INFO [LocalJobRunner Map Task Executor #0] mapred.MapTask: numReduceTasks: 2
2024-04-24T01:10:30,890  INFO [LocalJobRunner Map Task Executor #0] mapred.MapTask: (EQUATOR) 0 kvi 26214396(104857584)
2024-04-24T01:10:30,890  INFO [LocalJobRunner Map Task Executor #0] mapred.MapTask: mapreduce.task.io.sort.mb: 100
2024-04-24T01:10:30,890  INFO [LocalJobRunner Map Task Executor #0] mapred.MapTask: soft limit at 83886080
2024-04-24T01:10:30,890  INFO [LocalJobRunner Map Task Executor #0] mapred.MapTask: bufstart = 0; bufvoid = 104857600
2024-04-24T01:10:30,890  INFO [LocalJobRunner Map Task Executor #0] mapred.MapTask: kvstart = 26214396; length = 6553600
2024-04-24T01:10:30,891  INFO [LocalJobRunner Map Task Executor #0] mapred.MapTask: Map output collector class = org.apache.hadoop.mapred.MapTask$MapOutputBuffer
2024-04-24T01:10:30,891  INFO [LocalJobRunner Map Task Executor #0] exec.MapOperator: Initializing Operator: MAP[0]
2024-04-24T01:10:30,891  INFO [LocalJobRunner Map Task Executor #0] mr.ExecMapper: 
<MAP>Id =0
  <Children>null
  <\Children>
  <Parent><\Parent>
<\MAP>
2024-04-24T01:10:30,892  INFO [LocalJobRunner Map Task Executor #0] exec.TableScanOperator: Initializing Operator: TS[0]
2024-04-24T01:10:30,892  INFO [LocalJobRunner Map Task Executor #0] exec.SelectOperator: Initializing Operator: SEL[1]
2024-04-24T01:10:30,892  INFO [LocalJobRunner Map Task Executor #0] exec.SelectOperator: SELECT null
2024-04-24T01:10:30,892  INFO [LocalJobRunner Map Task Executor #0] exec.UDTFOperator: Initializing Operator: UDTF[2]
2024-04-24T01:10:30,892  INFO [LocalJobRunner Map Task Executor #0] exec.SelectOperator: Initializing Operator: SEL[3]
2024-04-24T01:10:30,892  INFO [LocalJobRunner Map Task Executor #0] exec.SelectOperator: SELECT struct<col1:int,col2:int>
2024-04-24T01:10:30,892  INFO [LocalJobRunner Map Task Executor #0] exec.ReduceSinkOperator: Initializing Operator: RS[4]
2024-04-24T01:10:30,892  INFO [LocalJobRunner Map Task Executor #0] exec.ReduceSinkOperator: Using tag = -1
2024-04-24T01:10:30,893  INFO [LocalJobRunner Map Task Executor #0] exec.ReduceSinkOperator: keys are [reducesinkkey0] num distributions: 1
2024-04-24T01:10:30,893  INFO [LocalJobRunner Map Task Executor #0] exec.ReduceSinkOperator: RS[4]: records written - 1
2024-04-24T01:10:30,893  INFO [LocalJobRunner Map Task Executor #0] exec.MapOperator: MAP[0]: records read - 1
2024-04-24T01:10:30,893  INFO [LocalJobRunner Map Task Executor #0] exec.MapOperator: Closing Operator: MAP[0]
2024-04-24T01:10:30,893  INFO [LocalJobRunner Map Task Executor #0] exec.MapOperator: MAP[0]: Total records read - 3. abort - false
2024-04-24T01:10:30,893  INFO [LocalJobRunner Map Task Executor #0] exec.MapOperator: RECORDS_OUT_OPERATOR_MAP_0:0, DESERIALIZE_ERRORS:0, RECORDS_IN:3, RECORDS_OUT_INTERMEDIATE:0, 
2024-04-24T01:10:30,893  INFO [LocalJobRunner Map Task Executor #0] exec.TableScanOperator: Closing Operator: TS[0]
2024-04-24T01:10:30,894  INFO [LocalJobRunner Map Task Executor #0] exec.TableScanOperator: RECORDS_OUT_OPERATOR_TS_0:1, RECORDS_OUT_INTERMEDIATE:0, 
2024-04-24T01:10:30,894  INFO [LocalJobRunner Map Task Executor #0] exec.SelectOperator: Closing Operator: SEL[1]
2024-04-24T01:10:30,894  INFO [LocalJobRunner Map Task Executor #0] exec.SelectOperator: RECORDS_OUT_OPERATOR_SEL_1:1, RECORDS_OUT_INTERMEDIATE:0, 
2024-04-24T01:10:30,894  INFO [LocalJobRunner Map Task Executor #0] exec.UDTFOperator: Closing Operator: UDTF[2]
2024-04-24T01:10:30,894  INFO [LocalJobRunner Map Task Executor #0] exec.UDTFOperator: RECORDS_OUT_OPERATOR_UDTF_2:2, RECORDS_OUT_INTERMEDIATE:0, 
2024-04-24T01:10:30,894  INFO [LocalJobRunner Map Task Executor #0] exec.SelectOperator: Closing Operator: SEL[3]
2024-04-24T01:10:30,894  INFO [LocalJobRunner Map Task Executor #0] exec.SelectOperator: RECORDS_OUT_INTERMEDIATE:0, RECORDS_OUT_OPERATOR_SEL_3:2, 
2024-04-24T01:10:30,894  INFO [LocalJobRunner Map Task Executor #0] exec.ReduceSinkOperator: Closing Operator: RS[4]
2024-04-24T01:10:30,894  INFO [LocalJobRunner Map Task Executor #0] exec.ReduceSinkOperator: RS[4]: Total records written - 2. abort - false
2024-04-24T01:10:30,894  INFO [LocalJobRunner Map Task Executor #0] exec.ReduceSinkOperator: RECORDS_OUT_INTERMEDIATE:2, RECORDS_OUT_OPERATOR_RS_4:2, 
2024-04-24T01:10:30,895  INFO [LocalJobRunner Map Task Executor #0] mapred.LocalJobRunner: 
2024-04-24T01:10:30,895  INFO [LocalJobRunner Map Task Executor #0] mapred.MapTask: Starting flush of map output
2024-04-24T01:10:30,895  INFO [LocalJobRunner Map Task Executor #0] mapred.MapTask: Spilling map output
2024-04-24T01:10:30,895  INFO [LocalJobRunner Map Task Executor #0] mapred.MapTask: bufstart = 0; bufend = 32; bufvoid = 104857600
2024-04-24T01:10:30,895  INFO [LocalJobRunner Map Task Executor #0] mapred.MapTask: kvstart = 26214396(104857584); kvend = 26214392(104857568); length = 5/6553600
2024-04-24T01:10:30,905  INFO [LocalJobRunner Map Task Executor #0] mapred.MapTask: Finished spill 0
2024-04-24T01:10:30,907  INFO [LocalJobRunner Map Task Executor #0] mapred.Task: Task:attempt_local1630786762_0047_m_000000_0 is done. And is in the process of committing
2024-04-24T01:10:30,908  INFO [LocalJobRunner Map Task Executor #0] mapred.LocalJobRunner: map
2024-04-24T01:10:30,908  INFO [LocalJobRunner Map Task Executor #0] mapred.Task: Task 'attempt_local1630786762_0047_m_000000_0' done.
2024-04-24T01:10:30,908  INFO [LocalJobRunner Map Task Executor #0] mapred.Task: Final Counters for attempt_local1630786762_0047_m_000000_0: Counters: 26
	File System Counters
		FILE: Number of bytes read=1080029
		FILE: Number of bytes written=58968657
		FILE: Number of read operations=0
		FILE: Number of large read operations=0
		FILE: Number of write operations=0
	Map-Reduce Framework
		Map input records=4
		Map output records=2
		Map output bytes=32
		Map output materialized bytes=48
		Input split bytes=361
		Combine input records=0
		Spilled Records=2
		Failed Shuffles=0
		Merged Map outputs=0
		GC time elapsed (ms)=0
		Total committed heap usage (bytes)=1745879040
	HIVE
		DESERIALIZE_ERRORS=0
		RECORDS_IN=3
		RECORDS_OUT_INTERMEDIATE=2
		RECORDS_OUT_OPERATOR_MAP_0=0
		RECORDS_OUT_OPERATOR_RS_4=2
		RECORDS_OUT_OPERATOR_SEL_1=1
		RECORDS_OUT_OPERATOR_SEL_3=2
		RECORDS_OUT_OPERATOR_TS_0=1
		RECORDS_OUT_OPERATOR_UDTF_2=2
	File Input Format Counters 
		Bytes Read=5362
2024-04-24T01:10:30,908  INFO [LocalJobRunner Map Task Executor #0] mapred.LocalJobRunner: Finishing task: attempt_local1630786762_0047_m_000000_0
2024-04-24T01:10:30,908  INFO [Thread-3878] mapred.LocalJobRunner: map task executor complete.
2024-04-24T01:10:30,909  INFO [Thread-3878] mapred.LocalJobRunner: Waiting for reduce tasks
2024-04-24T01:10:30,910  INFO [pool-225-thread-1] mapred.LocalJobRunner: Starting task: attempt_local1630786762_0047_r_000000_0
2024-04-24T01:10:30,910  INFO [pool-225-thread-1] mapred.Task:  Using ResourceCalculatorProcessTree : [ ]
2024-04-24T01:10:30,910  INFO [pool-225-thread-1] mapred.ReduceTask: Using ShuffleConsumerPlugin: org.apache.hadoop.mapreduce.task.reduce.Shuffle@61a82172
2024-04-24T01:10:30,910  WARN [pool-225-thread-1] impl.MetricsSystemImpl: JobTracker metrics system already initialized!
2024-04-24T01:10:30,911  INFO [pool-225-thread-1] reduce.MergeManagerImpl: MergerManager: memoryLimit=1336252800, maxSingleShuffleLimit=334063200, mergeThreshold=881926912, ioSortFactor=10, memToMemMergeOutputsThreshold=10
2024-04-24T01:10:30,912  INFO [EventFetcher for fetching Map Completion Events] reduce.EventFetcher: attempt_local1630786762_0047_r_000000_0 Thread started: EventFetcher for fetching Map Completion Events
2024-04-24T01:10:30,912  INFO [localfetcher#66] reduce.LocalFetcher: localfetcher#66 about to shuffle output of map attempt_local1630786762_0047_m_000000_0 decomp: 20 len: 24 to MEMORY
2024-04-24T01:10:30,912  INFO [localfetcher#66] reduce.InMemoryMapOutput: Read 20 bytes from map-output for attempt_local1630786762_0047_m_000000_0
2024-04-24T01:10:30,913  INFO [localfetcher#66] reduce.MergeManagerImpl: closeInMemoryFile -> map-output of size: 20, inMemoryMapOutputs.size() -> 1, commitMemory -> 0, usedMemory ->20
2024-04-24T01:10:30,913  INFO [EventFetcher for fetching Map Completion Events] reduce.EventFetcher: EventFetcher is interrupted.. Returning
2024-04-24T01:10:30,913  INFO [pool-225-thread-1] mapred.LocalJobRunner: 1 / 1 copied.
2024-04-24T01:10:30,913  INFO [pool-225-thread-1] reduce.MergeManagerImpl: finalMerge called with 1 in-memory map-outputs and 0 on-disk map-outputs
2024-04-24T01:10:30,919  INFO [pool-225-thread-1] mapred.Merger: Merging 1 sorted segments
2024-04-24T01:10:30,919  INFO [pool-225-thread-1] mapred.Merger: Down to the last merge-pass, with 1 segments left of total size: 8 bytes
2024-04-24T01:10:30,922  INFO [pool-225-thread-1] reduce.MergeManagerImpl: Merged 1 segments, 20 bytes to disk to satisfy reduce memory limit
2024-04-24T01:10:30,922  INFO [pool-225-thread-1] reduce.MergeManagerImpl: Merging 1 files, 24 bytes from disk
2024-04-24T01:10:30,922  INFO [pool-225-thread-1] reduce.MergeManagerImpl: Merging 0 segments, 0 bytes from memory into reduce
2024-04-24T01:10:30,922  INFO [pool-225-thread-1] mapred.Merger: Merging 1 sorted segments
2024-04-24T01:10:30,922  INFO [pool-225-thread-1] mapred.Merger: Down to the last merge-pass, with 1 segments left of total size: 8 bytes
2024-04-24T01:10:30,922  INFO [pool-225-thread-1] mapred.LocalJobRunner: 1 / 1 copied.
2024-04-24T01:10:30,922  INFO [pool-225-thread-1] exec.SerializationUtilities: Deserializing ReduceWork using kryo
2024-04-24T01:10:30,923  INFO [pool-225-thread-1] exec.Utilities: Deserialized plan (via FILE) - name: null size: 5,92KB
2024-04-24T01:10:30,924  INFO [pool-225-thread-1] ExecReducer: 
<SEL>Id =5
  <Children>
    <FS>Id =6
      <Children>
      <\Children>
      <Parent>Id = 5 null<\Parent>
    <\FS>
  <\Children>
  <Parent><\Parent>
<\SEL>
2024-04-24T01:10:30,924  INFO [pool-225-thread-1] exec.SelectOperator: Initializing Operator: SEL[5]
2024-04-24T01:10:30,924  INFO [pool-225-thread-1] exec.SelectOperator: SELECT struct<key:struct<reducesinkkey0:int>,value:struct<_col0:int>>
2024-04-24T01:10:30,924  INFO [pool-225-thread-1] exec.FileSinkOperator: Initializing Operator: FS[6]
2024-04-24T01:10:30,924  INFO [pool-225-thread-1] exec.FileSinkOperator: Using serializer : AbstractSerDe [log=org.apache.logging.slf4j.Log4jLogger@7c52fdfa, configuration=Optional[Configuration: core-default.xml, core-site.xml, mapred-default.xml, mapred-site.xml, yarn-default.xml, yarn-site.xml, hdfs-default.xml, hdfs-site.xml, file:/home/alex/Repositories/hive/ql/target/tmp/TestTxnCommandsWithSplitUpdateAndVectorization/mapred/local/localRunner/alex/job_local1630786762_0047/job_local1630786762_0047.xml], properties={transactional_properties=default, name=default.acidtbl, transactional=true, columns.types=int:int, bucket_field_name=a, columns=a,b, numFilesErasureCoded=0, columns.comments=&amp#0;, bucketing_version=2, bucket_count=2, serialization.lib=org.apache.hadoop.hive.ql.io.orc.OrcSerde, file.inputformat=org.apache.hadoop.hive.ql.io.orc.OrcInputFormat, file.outputformat=org.apache.hadoop.hive.ql.io.orc.OrcOutputFormat, location=file:/home/alex/Repositories/hive/ql/target/tmp/org.apache.hadoop.hive.ql.TestTxnCommands-1713946100941/warehouse/acidtbl, column.name.delimiter=,}, tableProperties={transactional_properties=default, name=default.acidtbl, transactional=true, columns.types=int:int, bucket_field_name=a, columns=a,b, numFilesErasureCoded=0, columns.comments=&amp#0;, bucketing_version=2, bucket_count=2, serialization.lib=org.apache.hadoop.hive.ql.io.orc.OrcSerde, file.inputformat=org.apache.hadoop.hive.ql.io.orc.OrcInputFormat, location=file:/home/alex/Repositories/hive/ql/target/tmp/org.apache.hadoop.hive.ql.TestTxnCommands-1713946100941/warehouse/acidtbl, file.outputformat=org.apache.hadoop.hive.ql.io.orc.OrcOutputFormat, column.name.delimiter=,}, partitionProperties=Optional.empty, columnNames=[a, b], columnTypes=[int, int], getClass()=class org.apache.hadoop.hive.ql.io.orc.OrcSerde] and formatter : org.apache.hadoop.hive.ql.io.orc.OrcOutputFormat@6ddb6059
2024-04-24T01:10:30,925  INFO [pool-225-thread-1] exec.FileSinkOperator: Final Path: FS file:/home/alex/Repositories/hive/ql/target/tmp/org.apache.hadoop.hive.ql.TestTxnCommands-1713946100941/warehouse/acidtbl
2024-04-24T01:10:30,925  INFO [pool-225-thread-1] exec.FileSinkOperator: New Final Path: FS file:/home/alex/Repositories/hive/ql/target/tmp/org.apache.hadoop.hive.ql.TestTxnCommands-1713946100941/warehouse/acidtbl
2024-04-24T01:10:30,925  INFO [pool-225-thread-1] common.FileUtils: Creating directory if it doesn't exist: file:/home/alex/Repositories/hive/ql/target/tmp/org.apache.hadoop.hive.ql.TestTxnCommands-1713946100941/warehouse
2024-04-24T01:10:30,925  INFO [pool-225-thread-1] exec.FileSinkOperator: FS[6]: records written - 1
2024-04-24T01:10:30,925  INFO [pool-225-thread-1] impl.PhysicalFsWriter: ORC writer created for path: file:/home/alex/Repositories/hive/ql/target/tmp/org.apache.hadoop.hive.ql.TestTxnCommands-1713946100941/warehouse/acidtbl/delta_0000002_0000002_0000/bucket_00000_0 with stripeSize: 8388608 blockSize: 268435456 compression: Compress: ZLIB buffer: 32768
2024-04-24T01:10:30,932  INFO [pool-225-thread-1] impl.WriterImpl: ORC writer created for path: file:/home/alex/Repositories/hive/ql/target/tmp/org.apache.hadoop.hive.ql.TestTxnCommands-1713946100941/warehouse/acidtbl/delta_0000002_0000002_0000/bucket_00000_0 with stripeSize: 8388608 options: Compress: ZLIB buffer: 32768
2024-04-24T01:10:30,936  INFO [pool-225-thread-1] exec.SelectOperator: Closing Operator: SEL[5]
2024-04-24T01:10:30,936  INFO [pool-225-thread-1] exec.SelectOperator: RECORDS_OUT_OPERATOR_SEL_5:1, RECORDS_OUT_INTERMEDIATE:0, 
2024-04-24T01:10:30,936  INFO [pool-225-thread-1] exec.FileSinkOperator: Closing Operator: FS[6]
2024-04-24T01:10:30,936  INFO [pool-225-thread-1] exec.FileSinkOperator: FS[6]: records written - 1
2024-04-24T01:10:30,938  INFO [pool-225-thread-1] FileOperations: Writing manifest to file:/home/alex/Repositories/hive/ql/target/tmp/org.apache.hadoop.hive.ql.TestTxnCommands-1713946100941/warehouse/acidtbl/_tmp.delta_0000002_0000002_0000/000000_0.manifest with [file:/home/alex/Repositories/hive/ql/target/tmp/org.apache.hadoop.hive.ql.TestTxnCommands-1713946100941/warehouse/acidtbl/delta_0000002_0000002_0000/bucket_00000_0]
2024-04-24T01:10:30,949  INFO [pool-225-thread-1] exec.FileSinkOperator: TOTAL_TABLE_ROWS_WRITTEN:1, RECORDS_OUT_OPERATOR_FS_6:1, RECORDS_OUT_1_default.acidtbl:1, RECORDS_OUT_INTERMEDIATE:0, 
2024-04-24T01:10:30,949  INFO [pool-225-thread-1] mapred.Task: Task:attempt_local1630786762_0047_r_000000_0 is done. And is in the process of committing
2024-04-24T01:10:30,949  INFO [pool-225-thread-1] mapred.LocalJobRunner: reduce > reduce
2024-04-24T01:10:30,949  INFO [pool-225-thread-1] mapred.Task: Task 'attempt_local1630786762_0047_r_000000_0' done.
2024-04-24T01:10:30,949  INFO [pool-225-thread-1] mapred.Task: Final Counters for attempt_local1630786762_0047_r_000000_0: Counters: 30
	File System Counters
		FILE: Number of bytes read=1086136
		FILE: Number of bytes written=58969697
		FILE: Number of read operations=0
		FILE: Number of large read operations=0
		FILE: Number of write operations=0
	Map-Reduce Framework
		Combine input records=0
		Combine output records=0
		Reduce input groups=1
		Reduce shuffle bytes=24
		Reduce input records=1
		Reduce output records=0
		Spilled Records=1
		Shuffled Maps =1
		Failed Shuffles=0
		Merged Map outputs=1
		GC time elapsed (ms)=0
		Total committed heap usage (bytes)=1745879040
	HIVE
		CREATED_FILES=1
		RECORDS_OUT_1_default.acidtbl=1
		RECORDS_OUT_INTERMEDIATE=0
		RECORDS_OUT_OPERATOR_FS_6=1
		RECORDS_OUT_OPERATOR_SEL_5=1
		TOTAL_TABLE_ROWS_WRITTEN=1
	Shuffle Errors
		BAD_ID=0
		CONNECTION=0
		IO_ERROR=0
		WRONG_LENGTH=0
		WRONG_MAP=0
		WRONG_REDUCE=0
	File Output Format Counters 
		Bytes Written=0
2024-04-24T01:10:30,949  INFO [pool-225-thread-1] mapred.LocalJobRunner: Finishing task: attempt_local1630786762_0047_r_000000_0
2024-04-24T01:10:30,949  INFO [pool-225-thread-1] mapred.LocalJobRunner: Starting task: attempt_local1630786762_0047_r_000001_0
2024-04-24T01:10:30,950  INFO [pool-225-thread-1] mapred.Task:  Using ResourceCalculatorProcessTree : [ ]
2024-04-24T01:10:30,950  INFO [pool-225-thread-1] mapred.ReduceTask: Using ShuffleConsumerPlugin: org.apache.hadoop.mapreduce.task.reduce.Shuffle@62636c7c
2024-04-24T01:10:30,950  WARN [pool-225-thread-1] impl.MetricsSystemImpl: JobTracker metrics system already initialized!
2024-04-24T01:10:30,951  INFO [pool-225-thread-1] reduce.MergeManagerImpl: MergerManager: memoryLimit=1336252800, maxSingleShuffleLimit=334063200, mergeThreshold=881926912, ioSortFactor=10, memToMemMergeOutputsThreshold=10
2024-04-24T01:10:30,951  INFO [EventFetcher for fetching Map Completion Events] reduce.EventFetcher: attempt_local1630786762_0047_r_000001_0 Thread started: EventFetcher for fetching Map Completion Events
2024-04-24T01:10:30,954  INFO [localfetcher#67] reduce.LocalFetcher: localfetcher#67 about to shuffle output of map attempt_local1630786762_0047_m_000000_0 decomp: 20 len: 24 to MEMORY
2024-04-24T01:10:30,954  INFO [localfetcher#67] reduce.InMemoryMapOutput: Read 20 bytes from map-output for attempt_local1630786762_0047_m_000000_0
2024-04-24T01:10:30,954  INFO [localfetcher#67] reduce.MergeManagerImpl: closeInMemoryFile -> map-output of size: 20, inMemoryMapOutputs.size() -> 1, commitMemory -> 0, usedMemory ->20
2024-04-24T01:10:30,955  INFO [EventFetcher for fetching Map Completion Events] reduce.EventFetcher: EventFetcher is interrupted.. Returning
2024-04-24T01:10:30,955  INFO [pool-225-thread-1] mapred.LocalJobRunner: 1 / 1 copied.
2024-04-24T01:10:30,955  INFO [pool-225-thread-1] reduce.MergeManagerImpl: finalMerge called with 1 in-memory map-outputs and 0 on-disk map-outputs
2024-04-24T01:10:30,962  INFO [pool-225-thread-1] mapred.Merger: Merging 1 sorted segments
2024-04-24T01:10:30,962  INFO [pool-225-thread-1] mapred.Merger: Down to the last merge-pass, with 1 segments left of total size: 8 bytes
2024-04-24T01:10:30,969  INFO [pool-225-thread-1] reduce.MergeManagerImpl: Merged 1 segments, 20 bytes to disk to satisfy reduce memory limit
2024-04-24T01:10:30,969  INFO [pool-225-thread-1] reduce.MergeManagerImpl: Merging 1 files, 24 bytes from disk
2024-04-24T01:10:30,969  INFO [pool-225-thread-1] reduce.MergeManagerImpl: Merging 0 segments, 0 bytes from memory into reduce
2024-04-24T01:10:30,969  INFO [pool-225-thread-1] mapred.Merger: Merging 1 sorted segments
2024-04-24T01:10:30,970  INFO [pool-225-thread-1] mapred.Merger: Down to the last merge-pass, with 1 segments left of total size: 8 bytes
2024-04-24T01:10:30,970  INFO [pool-225-thread-1] mapred.LocalJobRunner: 1 / 1 copied.
2024-04-24T01:10:30,971  INFO [pool-225-thread-1] exec.SerializationUtilities: Deserializing ReduceWork using kryo
2024-04-24T01:10:30,972  INFO [pool-225-thread-1] exec.Utilities: Deserialized plan (via FILE) - name: null size: 5,92KB
2024-04-24T01:10:30,974  INFO [pool-225-thread-1] ExecReducer: 
<SEL>Id =5
  <Children>
    <FS>Id =6
      <Children>
      <\Children>
      <Parent>Id = 5 null<\Parent>
    <\FS>
  <\Children>
  <Parent><\Parent>
<\SEL>
2024-04-24T01:10:30,974  INFO [pool-225-thread-1] exec.SelectOperator: Initializing Operator: SEL[5]
2024-04-24T01:10:30,974  INFO [pool-225-thread-1] exec.SelectOperator: SELECT struct<key:struct<reducesinkkey0:int>,value:struct<_col0:int>>
2024-04-24T01:10:30,974  INFO [pool-225-thread-1] exec.FileSinkOperator: Initializing Operator: FS[6]
2024-04-24T01:10:30,975  INFO [pool-225-thread-1] exec.FileSinkOperator: Using serializer : AbstractSerDe [log=org.apache.logging.slf4j.Log4jLogger@7c52fdfa, configuration=Optional[Configuration: core-default.xml, core-site.xml, mapred-default.xml, mapred-site.xml, yarn-default.xml, yarn-site.xml, hdfs-default.xml, hdfs-site.xml, file:/home/alex/Repositories/hive/ql/target/tmp/TestTxnCommandsWithSplitUpdateAndVectorization/mapred/local/localRunner/alex/job_local1630786762_0047/job_local1630786762_0047.xml], properties={transactional_properties=default, name=default.acidtbl, transactional=true, columns.types=int:int, bucket_field_name=a, columns=a,b, numFilesErasureCoded=0, columns.comments=&amp#0;, bucketing_version=2, bucket_count=2, serialization.lib=org.apache.hadoop.hive.ql.io.orc.OrcSerde, file.inputformat=org.apache.hadoop.hive.ql.io.orc.OrcInputFormat, file.outputformat=org.apache.hadoop.hive.ql.io.orc.OrcOutputFormat, location=file:/home/alex/Repositories/hive/ql/target/tmp/org.apache.hadoop.hive.ql.TestTxnCommands-1713946100941/warehouse/acidtbl, column.name.delimiter=,}, tableProperties={transactional_properties=default, name=default.acidtbl, transactional=true, columns.types=int:int, bucket_field_name=a, columns=a,b, numFilesErasureCoded=0, columns.comments=&amp#0;, bucketing_version=2, bucket_count=2, serialization.lib=org.apache.hadoop.hive.ql.io.orc.OrcSerde, file.inputformat=org.apache.hadoop.hive.ql.io.orc.OrcInputFormat, location=file:/home/alex/Repositories/hive/ql/target/tmp/org.apache.hadoop.hive.ql.TestTxnCommands-1713946100941/warehouse/acidtbl, file.outputformat=org.apache.hadoop.hive.ql.io.orc.OrcOutputFormat, column.name.delimiter=,}, partitionProperties=Optional.empty, columnNames=[a, b], columnTypes=[int, int], getClass()=class org.apache.hadoop.hive.ql.io.orc.OrcSerde] and formatter : org.apache.hadoop.hive.ql.io.orc.OrcOutputFormat@628b5b65
2024-04-24T01:10:30,976  INFO [pool-225-thread-1] exec.FileSinkOperator: Final Path: FS file:/home/alex/Repositories/hive/ql/target/tmp/org.apache.hadoop.hive.ql.TestTxnCommands-1713946100941/warehouse/acidtbl
2024-04-24T01:10:30,976  INFO [pool-225-thread-1] exec.FileSinkOperator: New Final Path: FS file:/home/alex/Repositories/hive/ql/target/tmp/org.apache.hadoop.hive.ql.TestTxnCommands-1713946100941/warehouse/acidtbl
2024-04-24T01:10:30,976  INFO [pool-225-thread-1] common.FileUtils: Creating directory if it doesn't exist: file:/home/alex/Repositories/hive/ql/target/tmp/org.apache.hadoop.hive.ql.TestTxnCommands-1713946100941/warehouse
2024-04-24T01:10:30,977  INFO [pool-225-thread-1] exec.FileSinkOperator: FS[6]: records written - 1
2024-04-24T01:10:30,977  INFO [pool-225-thread-1] impl.PhysicalFsWriter: ORC writer created for path: file:/home/alex/Repositories/hive/ql/target/tmp/org.apache.hadoop.hive.ql.TestTxnCommands-1713946100941/warehouse/acidtbl/delta_0000002_0000002_0000/bucket_00001_0 with stripeSize: 8388608 blockSize: 268435456 compression: Compress: ZLIB buffer: 32768
2024-04-24T01:10:30,991  INFO [pool-225-thread-1] impl.WriterImpl: ORC writer created for path: file:/home/alex/Repositories/hive/ql/target/tmp/org.apache.hadoop.hive.ql.TestTxnCommands-1713946100941/warehouse/acidtbl/delta_0000002_0000002_0000/bucket_00001_0 with stripeSize: 8388608 options: Compress: ZLIB buffer: 32768
2024-04-24T01:10:30,991  INFO [pool-225-thread-1] exec.SelectOperator: Closing Operator: SEL[5]
2024-04-24T01:10:30,991  INFO [pool-225-thread-1] exec.SelectOperator: RECORDS_OUT_OPERATOR_SEL_5:1, RECORDS_OUT_INTERMEDIATE:0, 
2024-04-24T01:10:30,992  INFO [pool-225-thread-1] exec.FileSinkOperator: Closing Operator: FS[6]
2024-04-24T01:10:30,992  INFO [pool-225-thread-1] exec.FileSinkOperator: FS[6]: records written - 1
2024-04-24T01:10:30,996  INFO [pool-225-thread-1] FileOperations: Writing manifest to file:/home/alex/Repositories/hive/ql/target/tmp/org.apache.hadoop.hive.ql.TestTxnCommands-1713946100941/warehouse/acidtbl/_tmp.delta_0000002_0000002_0000/000001_0.manifest with [file:/home/alex/Repositories/hive/ql/target/tmp/org.apache.hadoop.hive.ql.TestTxnCommands-1713946100941/warehouse/acidtbl/delta_0000002_0000002_0000/bucket_00001_0]
2024-04-24T01:10:31,021  INFO [pool-225-thread-1] exec.FileSinkOperator: TOTAL_TABLE_ROWS_WRITTEN:1, RECORDS_OUT_1_default.acidtbl:1, RECORDS_OUT_OPERATOR_FS_6:1, RECORDS_OUT_INTERMEDIATE:0, 
2024-04-24T01:10:31,022  INFO [pool-225-thread-1] mapred.Task: Task:attempt_local1630786762_0047_r_000001_0 is done. And is in the process of committing
2024-04-24T01:10:31,023  INFO [pool-225-thread-1] mapred.LocalJobRunner: reduce > reduce
2024-04-24T01:10:31,023  INFO [pool-225-thread-1] mapred.Task: Task 'attempt_local1630786762_0047_r_000001_0' done.
2024-04-24T01:10:31,023  INFO [pool-225-thread-1] mapred.Task: Final Counters for attempt_local1630786762_0047_r_000001_0: Counters: 30
	File System Counters
		FILE: Number of bytes read=1092219
		FILE: Number of bytes written=58970731
		FILE: Number of read operations=0
		FILE: Number of large read operations=0
		FILE: Number of write operations=0
	Map-Reduce Framework
		Combine input records=0
		Combine output records=0
		Reduce input groups=1
		Reduce shuffle bytes=24
		Reduce input records=1
		Reduce output records=0
		Spilled Records=1
		Shuffled Maps =1
		Failed Shuffles=0
		Merged Map outputs=1
		GC time elapsed (ms)=0
		Total committed heap usage (bytes)=1745879040
	HIVE
		CREATED_FILES=1
		RECORDS_OUT_1_default.acidtbl=1
		RECORDS_OUT_INTERMEDIATE=0
		RECORDS_OUT_OPERATOR_FS_6=1
		RECORDS_OUT_OPERATOR_SEL_5=1
		TOTAL_TABLE_ROWS_WRITTEN=1
	Shuffle Errors
		BAD_ID=0
		CONNECTION=0
		IO_ERROR=0
		WRONG_LENGTH=0
		WRONG_MAP=0
		WRONG_REDUCE=0
	File Output Format Counters 
		Bytes Written=0
2024-04-24T01:10:31,023  INFO [pool-225-thread-1] mapred.LocalJobRunner: Finishing task: attempt_local1630786762_0047_r_000001_0
2024-04-24T01:10:31,023  INFO [Thread-3878] mapred.LocalJobRunner: reduce task executor complete.
2024-04-24 01:10:31,885 Stage-1 map = 100%,  reduce = 100%
2024-04-24T01:10:31,885  INFO [main] exec.Task: 2024-04-24 01:10:31,885 Stage-1 map = 100%,  reduce = 100%
Ended Job = job_local1630786762_0047
2024-04-24T01:10:31,887  INFO [main] exec.Task: Ended Job = job_local1630786762_0047
2024-04-24T01:10:31,888  INFO [main] FileOperations: Found manifest file file:/home/alex/Repositories/hive/ql/target/tmp/org.apache.hadoop.hive.ql.TestTxnCommands-1713946100941/warehouse/acidtbl/_tmp.delta_0000002_0000002_0000/000001_0.manifest with attemptId 0.
2024-04-24T01:10:31,888  INFO [main] FileOperations: Found manifest file file:/home/alex/Repositories/hive/ql/target/tmp/org.apache.hadoop.hive.ql.TestTxnCommands-1713946100941/warehouse/acidtbl/_tmp.delta_0000002_0000002_0000/000000_0.manifest with attemptId 0.
2024-04-24T01:10:31,888  INFO [main] FileOperations: Looking at manifest file: file:/home/alex/Repositories/hive/ql/target/tmp/org.apache.hadoop.hive.ql.TestTxnCommands-1713946100941/warehouse/acidtbl/_tmp.delta_0000002_0000002_0000/000000_0.manifest
2024-04-24T01:10:31,889  INFO [main] FileOperations: Looking at manifest file: file:/home/alex/Repositories/hive/ql/target/tmp/org.apache.hadoop.hive.ql.TestTxnCommands-1713946100941/warehouse/acidtbl/_tmp.delta_0000002_0000002_0000/000001_0.manifest
2024-04-24T01:10:31,889  INFO [main] FileOperations: Deleting manifest directory file:/home/alex/Repositories/hive/ql/target/tmp/org.apache.hadoop.hive.ql.TestTxnCommands-1713946100941/warehouse/acidtbl/_tmp.delta_0000002_0000002_0000
2024-04-24T01:10:31,890  INFO [main] ql.Driver: Starting task [Stage-0:MOVE] in serial mode
Loading data to table default.acidtbl
2024-04-24T01:10:31,890  INFO [main] exec.Task: Loading data to table default.acidtbl from file:/home/alex/Repositories/hive/ql/target/tmp/org.apache.hadoop.hive.ql.TestTxnCommands-1713946100941/warehouse/acidtbl
2024-04-24T01:10:31,890  INFO [main] HiveMetaStore.audit: ugi=alex	ip=unknown-ip-addr	cmd=get_table : tbl=hive.default.acidtbl	
2024-04-24T01:10:31,897  INFO [main] metastore.HMSHandler: Skipping translation for processor with null
2024-04-24T01:10:31,897  INFO [main] HiveMetaStore.audit: ugi=alex	ip=unknown-ip-addr	cmd=get_table : tbl=hive.default.acidtbl	
2024-04-24T01:10:31,904  INFO [main] metastore.HMSHandler: Skipping translation for processor with null
2024-04-24T01:10:31,904  INFO [main] HiveMetaStore.audit: ugi=alex	ip=unknown-ip-addr	cmd=alter_table: hive.default.acidtbl newtbl=acidtbl	
2024-04-24T01:10:31,925  INFO [main] ql.Driver: Starting task [Stage-2:STATS] in serial mode
2024-04-24T01:10:31,926  INFO [main] HiveMetaStore.audit: ugi=alex	ip=unknown-ip-addr	cmd=get_table : tbl=hive.default.acidtbl	
2024-04-24T01:10:31,932  INFO [main] metastore.HMSHandler: Skipping translation for processor with null
2024-04-24T01:10:31,932  INFO [main] stats.BasicStatsTask: Executing stats task
2024-04-24T01:10:31,932  INFO [main] fs.FSStatsPublisher: created : file:/home/alex/Repositories/hive/ql/target/tmp/localscratchdir/fc2e988a-c8c6-44c0-8874-d949350f00a3/hive_2024-04-24_01-10-30_477_7827212540050274270-1/-mr-10000
2024-04-24T01:10:31,934  INFO [main] HiveMetaStore.audit: ugi=alex	ip=unknown-ip-addr	cmd=get_table : tbl=hive.default.acidtbl	
2024-04-24T01:10:31,941  INFO [main] metastore.HMSHandler: Skipping translation for processor with null
2024-04-24T01:10:31,965  WARN [main] FileOperations: Computing stats for an ACID table; stats may be inaccurate
2024-04-24T01:10:31,965  INFO [main] FileOperations: Read stats for default.acidtbl/, numRows, true, 2, false: 
2024-04-24T01:10:31,965  INFO [main] FileOperations: Read stats for default.acidtbl/, rawDataSize, true, 0, false: 
2024-04-24T01:10:31,966  INFO [main] HiveMetaStore.audit: ugi=alex	ip=unknown-ip-addr	cmd=alter_table: hive.default.acidtbl newtbl=acidtbl	
2024-04-24T01:10:31,986  INFO [main] FileOperations: Read stats for default.acidtbl/, insertCount, true, 2, false: 
2024-04-24T01:10:31,986  INFO [main] FileOperations: Read stats for default.acidtbl/, updateCount, true, 0, false: 
2024-04-24T01:10:31,986  INFO [main] FileOperations: Read stats for default.acidtbl/, deleteCount, true, 0, false: 
2024-04-24T01:10:31,986  INFO [main] stats.BasicStatsTask: Table default.acidtbl stats: [numFiles=4, numRows=4, totalSize=2695, rawDataSize=0, numFilesErasureCoded=0]
2024-04-24T01:10:31,987  INFO [main] metadata.Hive: Dumping metastore api call timing information for : execution phase
2024-04-24T01:10:31,987  INFO [main] metadata.Hive: Total time spent in each metastore function (ms): {getTable_(GetTableRequest)=27, alter_table_(String, String, String, Table, EnvironmentContext, String)=41, isCompatibleWith_(Configuration)=0, updateTransactionalStatistics_(UpdateTransactionalStatsRequest)=0}
MapReduce Jobs Launched: 
2024-04-24T01:10:31,987  INFO [main] ql.Driver: MapReduce Jobs Launched: 
Stage-Stage-1:  HDFS Read: 0 HDFS Write: 0 SUCCESS
2024-04-24T01:10:31,987  INFO [main] ql.Driver: Stage-Stage-1:  HDFS Read: 0 HDFS Write: 0 SUCCESS
Total MapReduce CPU Time Spent: 0 msec
2024-04-24T01:10:31,987  INFO [main] ql.Driver: Total MapReduce CPU Time Spent: 0 msec
2024-04-24T01:10:31,987  INFO [main] ql.Driver: Completed executing command(queryId=alex_20240424011030_14c3ad88-d335-4793-9cb3-5ebf82e6b712); Time taken: 1.371 seconds
2024-04-24T01:10:31,988  INFO [main] ql.TxnCommandsBaseForTests: Running the query: select a,b from acidTbl order by a,b
2024-04-24T01:10:31,988  INFO [main] ql.Context: Deleting scratch dir: file:/home/alex/Repositories/hive/ql/target/tmp/localscratchdir/fc2e988a-c8c6-44c0-8874-d949350f00a3/hive_2024-04-24_01-10-30_477_7827212540050274270-1
2024-04-24T01:10:31,989  INFO [main] cleanup.SyncCleanupService: Deleted directory: file:/home/alex/Repositories/hive/ql/target/tmp/localscratchdir/fc2e988a-c8c6-44c0-8874-d949350f00a3/hive_2024-04-24_01-10-30_477_7827212540050274270-1 on fs with scheme file
2024-04-24T01:10:31,989  INFO [main] ql.Driver: Compiling command(queryId=alex_20240424011031_b127f46b-20a7-4862-8e0a-3bccfca61c9e): select a,b from acidTbl order by a,b
2024-04-24T01:10:31,990  INFO [main] parse.CalcitePlanner: Starting caching scope for: 
2024-04-24T01:10:31,990  INFO [main] parse.CalcitePlanner: Starting Semantic Analysis
2024-04-24T01:10:31,990  INFO [main] parse.CalcitePlanner: Completed phase 1 of Semantic Analysis
2024-04-24T01:10:31,990  INFO [main] parse.CalcitePlanner: Get metadata for source tables
2024-04-24T01:10:31,991  INFO [main] HiveMetaStore.audit: ugi=alex	ip=unknown-ip-addr	cmd=get_table : tbl=hive.default.acidtbl	
2024-04-24T01:10:31,998  INFO [main] metastore.HMSHandler: Skipping translation for processor with null
2024-04-24T01:10:31,998  INFO [main] parse.CalcitePlanner: Get metadata for subqueries
2024-04-24T01:10:31,998  INFO [main] parse.CalcitePlanner: Get metadata for destination tables
2024-04-24T01:10:31,998  INFO [main] parse.CalcitePlanner: Completed getting MetaData in Semantic Analysis
2024-04-24T01:10:32,010  INFO [main] HiveMetaStore.audit: ugi=alex	ip=unknown-ip-addr	cmd=get_all_table_constraints : tbl=hive.default.acidtbl	
2024-04-24T01:10:32,019  INFO [main] calcite.RelOptHiveTable: Calculating column statistics for default.acidtbl, projIndxSet: [0, 1], allowMissingStats: true
2024-04-24T01:10:32,020  INFO [main] HiveMetaStore.audit: ugi=alex	ip=unknown-ip-addr	cmd=get_table : tbl=hive.default.acidtbl	
2024-04-24T01:10:32,029  INFO [main] metastore.HMSHandler: Skipping translation for processor with null
2024-04-24T01:10:32,030  INFO [main] HiveMetaStore.audit: ugi=alex	ip=unknown-ip-addr	cmd=get_table : tbl=hive.default.acidtbl	
2024-04-24T01:10:32,039  INFO [main] metastore.HMSHandler: Skipping translation for processor with null
2024-04-24T01:10:32,039  INFO [main] HiveMetaStore.audit: ugi=alex	ip=unknown-ip-addr	cmd=get_table_statistics_req: table=hive.default.acidtbl	
2024-04-24T01:10:32,047  WARN [main] calcite.RelOptHiveTable: No Stats for default@acidtbl, Columns: b, a
No Stats for default@acidtbl, Columns: b, a
2024-04-24T01:10:32,047  INFO [main] SessionState: No Stats for default@acidtbl, Columns: b, a
2024-04-24T01:10:32,083  INFO [main] parse.CalcitePlanner: Get metadata for source tables
2024-04-24T01:10:32,084  INFO [main] parse.CalcitePlanner: Get metadata for subqueries
2024-04-24T01:10:32,084  INFO [main] parse.CalcitePlanner: Get metadata for destination tables
2024-04-24T01:10:32,085  INFO [main] common.FileUtils: Creating directory if it doesn't exist: file:/home/alex/Repositories/hive/ql/target/tmp/localscratchdir/fc2e988a-c8c6-44c0-8874-d949350f00a3/hive_2024-04-24_01-10-31_989_621965951655375256-1/-mr-10001/.hive-staging_hive_2024-04-24_01-10-31_989_621965951655375256-1
2024-04-24T01:10:32,092  INFO [main] parse.CalcitePlanner: CBO Succeeded; optimized logical plan.
2024-04-24T01:10:32,094  INFO [main] optimizer.ColumnPrunerProcFactory: RS 2 oldColExprMap: {KEY.reducesinkkey0=Column[_col0], KEY.reducesinkkey1=Column[_col1]}
2024-04-24T01:10:32,094  INFO [main] optimizer.ColumnPrunerProcFactory: RS 2 newColExprMap: {KEY.reducesinkkey0=Column[_col0], KEY.reducesinkkey1=Column[_col1]}
2024-04-24T01:10:32,095  INFO [main] optimizer.SortedDynPartitionOptimizer: Sorted dynamic partitioning optimization kicked in..
2024-04-24T01:10:32,103  INFO [main] physical.Vectorizer: Examining input format to see if vectorization is enabled.
2024-04-24T01:10:32,104  INFO [main] physical.Vectorizer: Vectorization is enabled for input format(s) [org.apache.hadoop.hive.ql.io.orc.OrcInputFormat]
2024-04-24T01:10:32,104  INFO [main] physical.Vectorizer: Validating and vectorizing MapWork... (vectorizedVertexNum 0)
2024-04-24T01:10:32,105  INFO [main] physical.Vectorizer: Map vectorization enabled: true
2024-04-24T01:10:32,105  INFO [main] physical.Vectorizer: Map vectorized: true
2024-04-24T01:10:32,105  INFO [main] physical.Vectorizer: Map vectorizedVertexNum: 0
2024-04-24T01:10:32,105  INFO [main] physical.Vectorizer: Map enabledConditionsMet: [hive.vectorized.use.vectorized.input.format IS true]
2024-04-24T01:10:32,105  INFO [main] physical.Vectorizer: Map inputFileFormatClassNameSet: [org.apache.hadoop.hive.ql.io.orc.OrcInputFormat]
2024-04-24T01:10:32,105  INFO [main] physical.Vectorizer: Reduce vectorization enabled: false
2024-04-24T01:10:32,105  INFO [main] physical.Vectorizer: Reduce vectorized: false
2024-04-24T01:10:32,105  INFO [main] physical.Vectorizer: Reduce vectorizedVertexNum: 1
2024-04-24T01:10:32,105  INFO [main] physical.Vectorizer: Reducer hive.vectorized.execution.reduce.enabled: true
2024-04-24T01:10:32,105  INFO [main] physical.Vectorizer: Reducer engine: mr
2024-04-24T01:10:32,105  INFO [main] parse.CalcitePlanner: Completed plan generation
2024-04-24T01:10:32,105  INFO [main] parse.CalcitePlanner: Ending caching scope for: 
2024-04-24T01:10:32,105  INFO [main] ql.Driver: Semantic Analysis Completed (retrial = false)
2024-04-24T01:10:32,105  INFO [main] ql.Driver: Created Hive schema: Schema(fieldSchemas:[FieldSchema(name:a, type:int, comment:null), FieldSchema(name:b, type:int, comment:null)], properties:null)
2024-04-24T01:10:32,106  INFO [main] exec.ListSinkOperator: Initializing Operator: LIST_SINK[7]
2024-04-24T01:10:32,106  INFO [main] metadata.Hive: Dumping metastore api call timing information for : compilation phase
2024-04-24T01:10:32,106  INFO [main] metadata.Hive: Total time spent in each metastore function (ms): {getAllTableConstraints_(AllTableConstraintsRequest)=6, getValidWriteIds_(List, String)=1, flushCache_()=0, isCompatibleWith_(Configuration)=0, getTableColumnStatistics_(String, String, List, String)=26, getTable_(GetTableRequest)=7}
2024-04-24T01:10:32,107  INFO [main] ql.Driver: Completed compiling command(queryId=alex_20240424011031_b127f46b-20a7-4862-8e0a-3bccfca61c9e); Time taken: 0.117 seconds
2024-04-24T01:10:32,107  INFO [main] lockmgr.DbTxnManager: Setting lock request transaction to txnid:15 for queryId=alex_20240424011031_b127f46b-20a7-4862-8e0a-3bccfca61c9e
2024-04-24T01:10:32,107  INFO [main] lockmgr.DbLockManager: Requesting lock for queryId=alex_20240424011031_b127f46b-20a7-4862-8e0a-3bccfca61c9e
2024-04-24T01:10:32,118  INFO [main] lockmgr.DbLockManager: Response to queryId=alex_20240424011031_b127f46b-20a7-4862-8e0a-3bccfca61c9e LockResponse(lockid:10, state:ACQUIRED)
2024-04-24T01:10:32,118  INFO [main] ql.Driver: Operation QUERY obtained 1 locks
2024-04-24T01:10:32,119  INFO [main] ql.Driver: Executing command(queryId=alex_20240424011031_b127f46b-20a7-4862-8e0a-3bccfca61c9e): select a,b from acidTbl order by a,b
2024-04-24T01:10:32,119  WARN [main] ql.Driver: Hive-on-MR is deprecated in Hive 2 and may not be available in the future versions. Consider using a different execution engine (i.e. tez, spark) or using Hive 1.X releases.
Query ID = alex_20240424011031_b127f46b-20a7-4862-8e0a-3bccfca61c9e
2024-04-24T01:10:32,119  INFO [main] ql.Driver: Query ID = alex_20240424011031_b127f46b-20a7-4862-8e0a-3bccfca61c9e
Total jobs = 1
2024-04-24T01:10:32,119  INFO [main] ql.Driver: Total jobs = 1
Launching Job 1 out of 1
2024-04-24T01:10:32,119  INFO [main] ql.Driver: Launching Job 1 out of 1
2024-04-24T01:10:32,243  INFO [main] ql.Driver: Starting task [Stage-1:MAPRED] in serial mode
Number of reduce tasks determined at compile time: 1
2024-04-24T01:10:32,243  INFO [main] exec.Task: Number of reduce tasks determined at compile time: 1
In order to change the average load for a reducer (in bytes):
2024-04-24T01:10:32,243  INFO [main] exec.Task: In order to change the average load for a reducer (in bytes):
  set hive.exec.reducers.bytes.per.reducer=<number>
2024-04-24T01:10:32,243  INFO [main] exec.Task:   set hive.exec.reducers.bytes.per.reducer=<number>
In order to limit the maximum number of reducers:
2024-04-24T01:10:32,243  INFO [main] exec.Task: In order to limit the maximum number of reducers:
  set hive.exec.reducers.max=<number>
2024-04-24T01:10:32,243  INFO [main] exec.Task:   set hive.exec.reducers.max=<number>
In order to set a constant number of reducers:
2024-04-24T01:10:32,243  INFO [main] exec.Task: In order to set a constant number of reducers:
  set mapreduce.job.reduces=<number>
2024-04-24T01:10:32,243  INFO [main] exec.Task:   set mapreduce.job.reduces=<number>
2024-04-24T01:10:32,245  INFO [main] mr.ExecDriver: Using org.apache.hadoop.hive.ql.io.HiveInputFormat
2024-04-24T01:10:32,245  INFO [main] exec.Utilities: Processing alias acidtbl
2024-04-24T01:10:32,245  INFO [main] exec.Utilities: Adding 1 inputs; the first input is file:/home/alex/Repositories/hive/ql/target/tmp/org.apache.hadoop.hive.ql.TestTxnCommands-1713946100941/warehouse/acidtbl
2024-04-24T01:10:32,254  INFO [main] exec.SerializationUtilities: Serializing MapWork using kryo
2024-04-24T01:10:32,256  INFO [main] exec.Utilities: Serialized plan (via FILE) - name: null size: 6,12KB
2024-04-24T01:10:32,261  INFO [main] exec.SerializationUtilities: Serializing ReduceWork using kryo
2024-04-24T01:10:32,262  INFO [main] exec.Utilities: Serialized plan (via FILE) - name: null size: 7,01KB
2024-04-24T01:10:32,263  WARN [main] impl.MetricsSystemImpl: JobTracker metrics system already initialized!
2024-04-24T01:10:32,268  WARN [main] impl.MetricsSystemImpl: JobTracker metrics system already initialized!
2024-04-24T01:10:32,275  WARN [main] mapreduce.JobResourceUploader: Hadoop command-line option parsing not performed. Implement the Tool interface and execute your application with ToolRunner to remedy this.
2024-04-24T01:10:32,280  WARN [main] mapreduce.JobResourceUploader: No job jar file set.  User classes may not be found. See Job or Job#setJar(String).
2024-04-24T01:10:32,281  INFO [main] io.HiveInputFormat: hive.io.file.readcolumn.ids = 0,1
2024-04-24T01:10:32,281  INFO [main] io.HiveInputFormat: hive.io.file.readcolumn.names = a,b
2024-04-24T01:10:32,281  INFO [main] io.HiveInputFormat: Generating splits for dirs: file:/home/alex/Repositories/hive/ql/target/tmp/org.apache.hadoop.hive.ql.TestTxnCommands-1713946100941/warehouse/acidtbl
2024-04-24T01:10:32,281  INFO [main] orc.OrcInputFormat: getSplits started
2024-04-24T01:10:32,281  INFO [main] orc.OrcInputFormat: Context:: isAcid: true isVectorMode: true sarg: null minSplitSize: 1 maxSplitSize: 256000000 splitStrategy: HYBRID footerInSplits: false numBuckets: 2 numThreads: 10 cacheMemSize: 268435456 cacheStripeDetails: true useSoftReference: false writeIdList: default.acidtbl:2:9223372036854775807:: isTransactionalTable: true txnProperties: default 
2024-04-24T01:10:32,281  INFO [main] orc.OrcInputFormat: ORC pushdown predicate: null
2024-04-24T01:10:32,303  INFO [main] orc.OrcInputFormat: FooterCacheHitRatio: 0/4
2024-04-24T01:10:32,303  INFO [main] orc.OrcInputFormat: getSplits finished (#splits: 4). duration: 22 ms
2024-04-24T01:10:32,303  INFO [main] io.HiveInputFormat: number of splits 4
2024-04-24T01:10:32,320  INFO [main] mapreduce.JobSubmitter: number of splits:4
2024-04-24T01:10:32,341  INFO [main] mapreduce.JobSubmitter: Submitting tokens for job: job_local374702317_0048
2024-04-24T01:10:32,341  INFO [main] mapreduce.JobSubmitter: Executing with tokens: []
2024-04-24T01:10:32,410  INFO [main] mapreduce.Job: The url to track the job: http://localhost:8080/
Job running in-process (local Hadoop)
2024-04-24T01:10:32,410  INFO [main] exec.Task: Job running in-process (local Hadoop)
2024-04-24T01:10:32,410  INFO [Thread-3963] mapred.LocalJobRunner: OutputCommitter set in config org.apache.hadoop.hive.ql.io.HiveFileFormatUtils$NullOutputCommitter
2024-04-24T01:10:32,410  INFO [Thread-3963] mapred.LocalJobRunner: OutputCommitter is org.apache.hadoop.hive.ql.io.HiveFileFormatUtils$NullOutputCommitter
2024-04-24T01:10:32,413  INFO [Thread-3963] mapred.LocalJobRunner: Waiting for map tasks
2024-04-24T01:10:32,413  INFO [LocalJobRunner Map Task Executor #0] mapred.LocalJobRunner: Starting task: attempt_local374702317_0048_m_000000_0
2024-04-24T01:10:32,413  INFO [LocalJobRunner Map Task Executor #0] mapred.Task:  Using ResourceCalculatorProcessTree : [ ]
2024-04-24T01:10:32,414  INFO [LocalJobRunner Map Task Executor #0] mapred.MapTask: Processing split: org.apache.hadoop.hive.ql.io.orc.OrcInputFormat:OrcSplit [file:/home/alex/Repositories/hive/ql/target/tmp/org.apache.hadoop.hive.ql.TestTxnCommands-1713946100941/warehouse/acidtbl/delta_0000002_0000002_0000/bucket_00001_0, start=0, length=679, isOriginal=false, fileLength=679, hasFooter=false, hasBase=true, deltas=0]
2024-04-24T01:10:32,414  INFO [LocalJobRunner Map Task Executor #0] exec.SerializationUtilities: Deserializing MapWork using kryo
2024-04-24T01:10:32,415  INFO [LocalJobRunner Map Task Executor #0] exec.Utilities: Deserialized plan (via FILE) - name: null size: 6,12KB
2024-04-24T01:10:32,415  INFO [LocalJobRunner Map Task Executor #0] orc.VectorizedOrcAcidRowBatchReader: Read ValidWriteIdList: default.acidtbl:2:9223372036854775807:::OrcSplit [file:/home/alex/Repositories/hive/ql/target/tmp/org.apache.hadoop.hive.ql.TestTxnCommands-1713946100941/warehouse/acidtbl/delta_0000002_0000002_0000/bucket_00001_0, start=0, length=679, isOriginal=false, fileLength=679, hasFooter=false, hasBase=true, deltas=0]
2024-04-24T01:10:32,416  INFO [LocalJobRunner Map Task Executor #0] orc.ReaderImpl: Reading ORC rows from file:/home/alex/Repositories/hive/ql/target/tmp/org.apache.hadoop.hive.ql.TestTxnCommands-1713946100941/warehouse/acidtbl/delta_0000002_0000002_0000/bucket_00001_0 with {include: [true, true, true], offset: 0, length: 679, schema: struct<a:int,b:int>, includeAcidColumns: false}
2024-04-24T01:10:32,417  INFO [LocalJobRunner Map Task Executor #0] mapred.MapTask: numReduceTasks: 1
2024-04-24T01:10:32,428  INFO [LocalJobRunner Map Task Executor #0] mapred.MapTask: (EQUATOR) 0 kvi 26214396(104857584)
2024-04-24T01:10:32,428  INFO [LocalJobRunner Map Task Executor #0] mapred.MapTask: mapreduce.task.io.sort.mb: 100
2024-04-24T01:10:32,428  INFO [LocalJobRunner Map Task Executor #0] mapred.MapTask: soft limit at 83886080
2024-04-24T01:10:32,428  INFO [LocalJobRunner Map Task Executor #0] mapred.MapTask: bufstart = 0; bufvoid = 104857600
2024-04-24T01:10:32,428  INFO [LocalJobRunner Map Task Executor #0] mapred.MapTask: kvstart = 26214396; length = 6553600
2024-04-24T01:10:32,429  INFO [LocalJobRunner Map Task Executor #0] mapred.MapTask: Map output collector class = org.apache.hadoop.mapred.MapTask$MapOutputBuffer
2024-04-24T01:10:32,429  INFO [LocalJobRunner Map Task Executor #0] vector.VectorMapOperator: Initializing Operator: MAP[0]
2024-04-24T01:10:32,430  INFO [LocalJobRunner Map Task Executor #0] mr.ExecMapper: 
<MAP>Id =0
  <Children>null
  <\Children>
  <Parent><\Parent>
<\MAP>
2024-04-24T01:10:32,430  INFO [LocalJobRunner Map Task Executor #0] exec.TableScanOperator: Initializing Operator: TS[0]
2024-04-24T01:10:32,430  INFO [LocalJobRunner Map Task Executor #0] vector.VectorSelectOperator: Initializing Operator: SEL[5]
2024-04-24T01:10:32,430  INFO [LocalJobRunner Map Task Executor #0] vector.VectorReduceSinkOperator: Initializing Operator: RS[6]
2024-04-24T01:10:32,430  INFO [LocalJobRunner Map Task Executor #0] vector.VectorReduceSinkOperator: Using tag = -1
2024-04-24T01:10:32,431  INFO [LocalJobRunner Map Task Executor #0] vector.VectorReduceSinkOperator: keys are [reducesinkkey0, reducesinkkey1] num distributions: 2
2024-04-24T01:10:32,431  INFO [LocalJobRunner Map Task Executor #0] vector.VectorReduceSinkOperator: RS[6]: records written - 1
2024-04-24T01:10:32,431  INFO [LocalJobRunner Map Task Executor #0] vector.VectorMapOperator: Closing Operator: MAP[0]
2024-04-24T01:10:32,431  INFO [LocalJobRunner Map Task Executor #0] vector.VectorMapOperator: RECORDS_OUT_OPERATOR_MAP_0:0, RECORDS_OUT_INTERMEDIATE:0, DESERIALIZE_ERRORS:0, RECORDS_IN:1, 
2024-04-24T01:10:32,431  INFO [LocalJobRunner Map Task Executor #0] exec.TableScanOperator: Closing Operator: TS[0]
2024-04-24T01:10:32,431  INFO [LocalJobRunner Map Task Executor #0] exec.TableScanOperator: RECORDS_OUT_INTERMEDIATE:0, RECORDS_OUT_OPERATOR_TS_0:1, 
2024-04-24T01:10:32,431  INFO [LocalJobRunner Map Task Executor #0] vector.VectorSelectOperator: Closing Operator: SEL[5]
2024-04-24T01:10:32,431  INFO [LocalJobRunner Map Task Executor #0] vector.VectorSelectOperator: RECORDS_OUT_OPERATOR_SEL_5:1, RECORDS_OUT_INTERMEDIATE:0, 
2024-04-24T01:10:32,431  INFO [LocalJobRunner Map Task Executor #0] vector.VectorReduceSinkOperator: Closing Operator: RS[6]
2024-04-24T01:10:32,431  INFO [LocalJobRunner Map Task Executor #0] vector.VectorReduceSinkOperator: RS[6]: Total records written - 1. abort - false
2024-04-24T01:10:32,431  INFO [LocalJobRunner Map Task Executor #0] vector.VectorReduceSinkOperator: RECORDS_OUT_INTERMEDIATE:1, RECORDS_OUT_OPERATOR_RS_6:1, 
2024-04-24T01:10:32,432  INFO [LocalJobRunner Map Task Executor #0] mapred.LocalJobRunner: 
2024-04-24T01:10:32,432  INFO [LocalJobRunner Map Task Executor #0] mapred.MapTask: Starting flush of map output
2024-04-24T01:10:32,432  INFO [LocalJobRunner Map Task Executor #0] mapred.MapTask: Spilling map output
2024-04-24T01:10:32,432  INFO [LocalJobRunner Map Task Executor #0] mapred.MapTask: bufstart = 0; bufend = 19; bufvoid = 104857600
2024-04-24T01:10:32,432  INFO [LocalJobRunner Map Task Executor #0] mapred.MapTask: kvstart = 26214396(104857584); kvend = 26214396(104857584); length = 1/6553600
2024-04-24T01:10:32,442  INFO [LocalJobRunner Map Task Executor #0] mapred.MapTask: Finished spill 0
2024-04-24T01:10:32,445  INFO [LocalJobRunner Map Task Executor #0] mapred.Task: Task:attempt_local374702317_0048_m_000000_0 is done. And is in the process of committing
2024-04-24T01:10:32,446  INFO [LocalJobRunner Map Task Executor #0] mapred.LocalJobRunner: OrcSplit [file:/home/alex/Repositories/hive/ql/target/tmp/org.apache.hadoop.hive.ql.TestTxnCommands-1713946100941/warehouse/acidtbl/delta_0000002_0000002_0000/bucket_00001_0, start=0, length=679, isOriginal=false, fileLength=679, hasFooter=false, hasBase=true, deltas=0]
2024-04-24T01:10:32,446  INFO [LocalJobRunner Map Task Executor #0] mapred.Task: Task 'attempt_local374702317_0048_m_000000_0' done.
2024-04-24T01:10:32,446  INFO [LocalJobRunner Map Task Executor #0] mapred.Task: Final Counters for attempt_local374702317_0048_m_000000_0: Counters: 24
	File System Counters
		FILE: Number of bytes read=1103935
		FILE: Number of bytes written=60221510
		FILE: Number of read operations=0
		FILE: Number of large read operations=0
		FILE: Number of write operations=0
	Map-Reduce Framework
		Map input records=1
		Map output records=1
		Map output bytes=19
		Map output materialized bytes=27
		Input split bytes=495
		Combine input records=0
		Spilled Records=1
		Failed Shuffles=0
		Merged Map outputs=0
		GC time elapsed (ms)=6
		Total committed heap usage (bytes)=1745354752
	HIVE
		DESERIALIZE_ERRORS=0
		RECORDS_IN=1
		RECORDS_OUT_INTERMEDIATE=1
		RECORDS_OUT_OPERATOR_MAP_0=0
		RECORDS_OUT_OPERATOR_RS_6=1
		RECORDS_OUT_OPERATOR_SEL_5=1
		RECORDS_OUT_OPERATOR_TS_0=1
	File Input Format Counters 
		Bytes Read=8979
2024-04-24T01:10:32,446  INFO [LocalJobRunner Map Task Executor #0] mapred.LocalJobRunner: Finishing task: attempt_local374702317_0048_m_000000_0
2024-04-24T01:10:32,446  INFO [LocalJobRunner Map Task Executor #0] mapred.LocalJobRunner: Starting task: attempt_local374702317_0048_m_000001_0
2024-04-24T01:10:32,446  INFO [LocalJobRunner Map Task Executor #0] mapred.Task:  Using ResourceCalculatorProcessTree : [ ]
2024-04-24T01:10:32,447  INFO [LocalJobRunner Map Task Executor #0] mapred.MapTask: Processing split: org.apache.hadoop.hive.ql.io.orc.OrcInputFormat:OrcSplit [file:/home/alex/Repositories/hive/ql/target/tmp/org.apache.hadoop.hive.ql.TestTxnCommands-1713946100941/warehouse/acidtbl/delta_0000001_0000001_0000/bucket_00001_0, start=0, length=673, isOriginal=false, fileLength=673, hasFooter=false, hasBase=true, deltas=0]
2024-04-24T01:10:32,447  INFO [LocalJobRunner Map Task Executor #0] exec.SerializationUtilities: Deserializing MapWork using kryo
2024-04-24T01:10:32,447  INFO [LocalJobRunner Map Task Executor #0] exec.Utilities: Deserialized plan (via FILE) - name: null size: 6,12KB
2024-04-24T01:10:32,448  INFO [LocalJobRunner Map Task Executor #0] orc.VectorizedOrcAcidRowBatchReader: Read ValidWriteIdList: default.acidtbl:2:9223372036854775807:::OrcSplit [file:/home/alex/Repositories/hive/ql/target/tmp/org.apache.hadoop.hive.ql.TestTxnCommands-1713946100941/warehouse/acidtbl/delta_0000001_0000001_0000/bucket_00001_0, start=0, length=673, isOriginal=false, fileLength=673, hasFooter=false, hasBase=true, deltas=0]
2024-04-24T01:10:32,448  INFO [LocalJobRunner Map Task Executor #0] orc.ReaderImpl: Reading ORC rows from file:/home/alex/Repositories/hive/ql/target/tmp/org.apache.hadoop.hive.ql.TestTxnCommands-1713946100941/warehouse/acidtbl/delta_0000001_0000001_0000/bucket_00001_0 with {include: [true, true, true], offset: 0, length: 673, schema: struct<a:int,b:int>, includeAcidColumns: false}
2024-04-24T01:10:32,449  INFO [LocalJobRunner Map Task Executor #0] mapred.MapTask: numReduceTasks: 1
2024-04-24T01:10:32,453  INFO [LocalJobRunner Map Task Executor #0] mapred.MapTask: (EQUATOR) 0 kvi 26214396(104857584)
2024-04-24T01:10:32,453  INFO [LocalJobRunner Map Task Executor #0] mapred.MapTask: mapreduce.task.io.sort.mb: 100
2024-04-24T01:10:32,453  INFO [LocalJobRunner Map Task Executor #0] mapred.MapTask: soft limit at 83886080
2024-04-24T01:10:32,453  INFO [LocalJobRunner Map Task Executor #0] mapred.MapTask: bufstart = 0; bufvoid = 104857600
2024-04-24T01:10:32,453  INFO [LocalJobRunner Map Task Executor #0] mapred.MapTask: kvstart = 26214396; length = 6553600
2024-04-24T01:10:32,454  INFO [LocalJobRunner Map Task Executor #0] mapred.MapTask: Map output collector class = org.apache.hadoop.mapred.MapTask$MapOutputBuffer
2024-04-24T01:10:32,454  INFO [LocalJobRunner Map Task Executor #0] vector.VectorMapOperator: Initializing Operator: MAP[0]
2024-04-24T01:10:32,454  INFO [LocalJobRunner Map Task Executor #0] mr.ExecMapper: 
<MAP>Id =0
  <Children>null
  <\Children>
  <Parent><\Parent>
<\MAP>
2024-04-24T01:10:32,455  INFO [LocalJobRunner Map Task Executor #0] exec.TableScanOperator: Initializing Operator: TS[0]
2024-04-24T01:10:32,455  INFO [LocalJobRunner Map Task Executor #0] vector.VectorSelectOperator: Initializing Operator: SEL[5]
2024-04-24T01:10:32,455  INFO [LocalJobRunner Map Task Executor #0] vector.VectorReduceSinkOperator: Initializing Operator: RS[6]
2024-04-24T01:10:32,455  INFO [LocalJobRunner Map Task Executor #0] vector.VectorReduceSinkOperator: Using tag = -1
2024-04-24T01:10:32,455  INFO [LocalJobRunner Map Task Executor #0] vector.VectorReduceSinkOperator: keys are [reducesinkkey0, reducesinkkey1] num distributions: 2
2024-04-24T01:10:32,455  INFO [LocalJobRunner Map Task Executor #0] vector.VectorReduceSinkOperator: RS[6]: records written - 1
2024-04-24T01:10:32,455  INFO [LocalJobRunner Map Task Executor #0] vector.VectorMapOperator: Closing Operator: MAP[0]
2024-04-24T01:10:32,455  INFO [LocalJobRunner Map Task Executor #0] vector.VectorMapOperator: RECORDS_OUT_INTERMEDIATE:0, RECORDS_OUT_OPERATOR_MAP_0:0, RECORDS_IN:1, DESERIALIZE_ERRORS:0, 
2024-04-24T01:10:32,455  INFO [LocalJobRunner Map Task Executor #0] exec.TableScanOperator: Closing Operator: TS[0]
2024-04-24T01:10:32,455  INFO [LocalJobRunner Map Task Executor #0] exec.TableScanOperator: RECORDS_OUT_OPERATOR_TS_0:1, RECORDS_OUT_INTERMEDIATE:0, 
2024-04-24T01:10:32,455  INFO [LocalJobRunner Map Task Executor #0] vector.VectorSelectOperator: Closing Operator: SEL[5]
2024-04-24T01:10:32,455  INFO [LocalJobRunner Map Task Executor #0] vector.VectorSelectOperator: RECORDS_OUT_INTERMEDIATE:0, RECORDS_OUT_OPERATOR_SEL_5:1, 
2024-04-24T01:10:32,456  INFO [LocalJobRunner Map Task Executor #0] vector.VectorReduceSinkOperator: Closing Operator: RS[6]
2024-04-24T01:10:32,456  INFO [LocalJobRunner Map Task Executor #0] vector.VectorReduceSinkOperator: RS[6]: Total records written - 1. abort - false
2024-04-24T01:10:32,456  INFO [LocalJobRunner Map Task Executor #0] vector.VectorReduceSinkOperator: RECORDS_OUT_INTERMEDIATE:1, RECORDS_OUT_OPERATOR_RS_6:1, 
2024-04-24T01:10:32,456  INFO [LocalJobRunner Map Task Executor #0] mapred.LocalJobRunner: 
2024-04-24T01:10:32,456  INFO [LocalJobRunner Map Task Executor #0] mapred.MapTask: Starting flush of map output
2024-04-24T01:10:32,456  INFO [LocalJobRunner Map Task Executor #0] mapred.MapTask: Spilling map output
2024-04-24T01:10:32,456  INFO [LocalJobRunner Map Task Executor #0] mapred.MapTask: bufstart = 0; bufend = 19; bufvoid = 104857600
2024-04-24T01:10:32,456  INFO [LocalJobRunner Map Task Executor #0] mapred.MapTask: kvstart = 26214396(104857584); kvend = 26214396(104857584); length = 1/6553600
2024-04-24T01:10:32,464  INFO [LocalJobRunner Map Task Executor #0] mapred.MapTask: Finished spill 0
2024-04-24T01:10:32,467  INFO [LocalJobRunner Map Task Executor #0] mapred.Task: Task:attempt_local374702317_0048_m_000001_0 is done. And is in the process of committing
2024-04-24T01:10:32,467  INFO [LocalJobRunner Map Task Executor #0] mapred.LocalJobRunner: OrcSplit [file:/home/alex/Repositories/hive/ql/target/tmp/org.apache.hadoop.hive.ql.TestTxnCommands-1713946100941/warehouse/acidtbl/delta_0000001_0000001_0000/bucket_00001_0, start=0, length=673, isOriginal=false, fileLength=673, hasFooter=false, hasBase=true, deltas=0]
2024-04-24T01:10:32,467  INFO [LocalJobRunner Map Task Executor #0] mapred.Task: Task 'attempt_local374702317_0048_m_000001_0' done.
2024-04-24T01:10:32,467  INFO [LocalJobRunner Map Task Executor #0] mapred.Task: Final Counters for attempt_local374702317_0048_m_000001_0: Counters: 24
	File System Counters
		FILE: Number of bytes read=1114901
		FILE: Number of bytes written=60221569
		FILE: Number of read operations=0
		FILE: Number of large read operations=0
		FILE: Number of write operations=0
	Map-Reduce Framework
		Map input records=1
		Map output records=1
		Map output bytes=19
		Map output materialized bytes=27
		Input split bytes=495
		Combine input records=0
		Spilled Records=1
		Failed Shuffles=0
		Merged Map outputs=0
		GC time elapsed (ms)=0
		Total committed heap usage (bytes)=1745354752
	HIVE
		DESERIALIZE_ERRORS=0
		RECORDS_IN=1
		RECORDS_OUT_INTERMEDIATE=1
		RECORDS_OUT_OPERATOR_MAP_0=0
		RECORDS_OUT_OPERATOR_RS_6=1
		RECORDS_OUT_OPERATOR_SEL_5=1
		RECORDS_OUT_OPERATOR_TS_0=1
	File Input Format Counters 
		Bytes Read=8955
2024-04-24T01:10:32,467  INFO [LocalJobRunner Map Task Executor #0] mapred.LocalJobRunner: Finishing task: attempt_local374702317_0048_m_000001_0
2024-04-24T01:10:32,467  INFO [LocalJobRunner Map Task Executor #0] mapred.LocalJobRunner: Starting task: attempt_local374702317_0048_m_000002_0
2024-04-24T01:10:32,468  INFO [LocalJobRunner Map Task Executor #0] mapred.Task:  Using ResourceCalculatorProcessTree : [ ]
2024-04-24T01:10:32,468  INFO [LocalJobRunner Map Task Executor #0] mapred.MapTask: Processing split: org.apache.hadoop.hive.ql.io.orc.OrcInputFormat:OrcSplit [file:/home/alex/Repositories/hive/ql/target/tmp/org.apache.hadoop.hive.ql.TestTxnCommands-1713946100941/warehouse/acidtbl/delta_0000002_0000002_0000/bucket_00000_0, start=0, length=672, isOriginal=false, fileLength=672, hasFooter=false, hasBase=true, deltas=0]
2024-04-24T01:10:32,469  INFO [LocalJobRunner Map Task Executor #0] exec.SerializationUtilities: Deserializing MapWork using kryo
2024-04-24T01:10:32,469  INFO [LocalJobRunner Map Task Executor #0] exec.Utilities: Deserialized plan (via FILE) - name: null size: 6,12KB
2024-04-24T01:10:32,469  INFO [LocalJobRunner Map Task Executor #0] orc.VectorizedOrcAcidRowBatchReader: Read ValidWriteIdList: default.acidtbl:2:9223372036854775807:::OrcSplit [file:/home/alex/Repositories/hive/ql/target/tmp/org.apache.hadoop.hive.ql.TestTxnCommands-1713946100941/warehouse/acidtbl/delta_0000002_0000002_0000/bucket_00000_0, start=0, length=672, isOriginal=false, fileLength=672, hasFooter=false, hasBase=true, deltas=0]
2024-04-24T01:10:32,470  INFO [LocalJobRunner Map Task Executor #0] orc.ReaderImpl: Reading ORC rows from file:/home/alex/Repositories/hive/ql/target/tmp/org.apache.hadoop.hive.ql.TestTxnCommands-1713946100941/warehouse/acidtbl/delta_0000002_0000002_0000/bucket_00000_0 with {include: [true, true, true], offset: 0, length: 672, schema: struct<a:int,b:int>, includeAcidColumns: false}
2024-04-24T01:10:32,471  INFO [LocalJobRunner Map Task Executor #0] mapred.MapTask: numReduceTasks: 1
2024-04-24T01:10:32,475  INFO [LocalJobRunner Map Task Executor #0] mapred.MapTask: (EQUATOR) 0 kvi 26214396(104857584)
2024-04-24T01:10:32,475  INFO [LocalJobRunner Map Task Executor #0] mapred.MapTask: mapreduce.task.io.sort.mb: 100
2024-04-24T01:10:32,475  INFO [LocalJobRunner Map Task Executor #0] mapred.MapTask: soft limit at 83886080
2024-04-24T01:10:32,475  INFO [LocalJobRunner Map Task Executor #0] mapred.MapTask: bufstart = 0; bufvoid = 104857600
2024-04-24T01:10:32,475  INFO [LocalJobRunner Map Task Executor #0] mapred.MapTask: kvstart = 26214396; length = 6553600
2024-04-24T01:10:32,475  INFO [LocalJobRunner Map Task Executor #0] mapred.MapTask: Map output collector class = org.apache.hadoop.mapred.MapTask$MapOutputBuffer
2024-04-24T01:10:32,476  INFO [LocalJobRunner Map Task Executor #0] vector.VectorMapOperator: Initializing Operator: MAP[0]
2024-04-24T01:10:32,476  INFO [LocalJobRunner Map Task Executor #0] mr.ExecMapper: 
<MAP>Id =0
  <Children>null
  <\Children>
  <Parent><\Parent>
<\MAP>
2024-04-24T01:10:32,476  INFO [LocalJobRunner Map Task Executor #0] exec.TableScanOperator: Initializing Operator: TS[0]
2024-04-24T01:10:32,476  INFO [LocalJobRunner Map Task Executor #0] vector.VectorSelectOperator: Initializing Operator: SEL[5]
2024-04-24T01:10:32,476  INFO [LocalJobRunner Map Task Executor #0] vector.VectorReduceSinkOperator: Initializing Operator: RS[6]
2024-04-24T01:10:32,477  INFO [LocalJobRunner Map Task Executor #0] vector.VectorReduceSinkOperator: Using tag = -1
2024-04-24T01:10:32,477  INFO [LocalJobRunner Map Task Executor #0] vector.VectorReduceSinkOperator: keys are [reducesinkkey0, reducesinkkey1] num distributions: 2
2024-04-24T01:10:32,477  INFO [LocalJobRunner Map Task Executor #0] vector.VectorReduceSinkOperator: RS[6]: records written - 1
2024-04-24T01:10:32,477  INFO [LocalJobRunner Map Task Executor #0] vector.VectorMapOperator: Closing Operator: MAP[0]
2024-04-24T01:10:32,477  INFO [LocalJobRunner Map Task Executor #0] vector.VectorMapOperator: RECORDS_OUT_INTERMEDIATE:0, RECORDS_IN:1, RECORDS_OUT_OPERATOR_MAP_0:0, DESERIALIZE_ERRORS:0, 
2024-04-24T01:10:32,477  INFO [LocalJobRunner Map Task Executor #0] exec.TableScanOperator: Closing Operator: TS[0]
2024-04-24T01:10:32,477  INFO [LocalJobRunner Map Task Executor #0] exec.TableScanOperator: RECORDS_OUT_INTERMEDIATE:0, RECORDS_OUT_OPERATOR_TS_0:1, 
2024-04-24T01:10:32,477  INFO [LocalJobRunner Map Task Executor #0] vector.VectorSelectOperator: Closing Operator: SEL[5]
2024-04-24T01:10:32,477  INFO [LocalJobRunner Map Task Executor #0] vector.VectorSelectOperator: RECORDS_OUT_OPERATOR_SEL_5:1, RECORDS_OUT_INTERMEDIATE:0, 
2024-04-24T01:10:32,477  INFO [LocalJobRunner Map Task Executor #0] vector.VectorReduceSinkOperator: Closing Operator: RS[6]
2024-04-24T01:10:32,477  INFO [LocalJobRunner Map Task Executor #0] vector.VectorReduceSinkOperator: RS[6]: Total records written - 1. abort - false
2024-04-24T01:10:32,477  INFO [LocalJobRunner Map Task Executor #0] vector.VectorReduceSinkOperator: RECORDS_OUT_INTERMEDIATE:1, RECORDS_OUT_OPERATOR_RS_6:1, 
2024-04-24T01:10:32,478  INFO [LocalJobRunner Map Task Executor #0] mapred.LocalJobRunner: 
2024-04-24T01:10:32,478  INFO [LocalJobRunner Map Task Executor #0] mapred.MapTask: Starting flush of map output
2024-04-24T01:10:32,478  INFO [LocalJobRunner Map Task Executor #0] mapred.MapTask: Spilling map output
2024-04-24T01:10:32,478  INFO [LocalJobRunner Map Task Executor #0] mapred.MapTask: bufstart = 0; bufend = 19; bufvoid = 104857600
2024-04-24T01:10:32,478  INFO [LocalJobRunner Map Task Executor #0] mapred.MapTask: kvstart = 26214396(104857584); kvend = 26214396(104857584); length = 1/6553600
2024-04-24T01:10:32,486  INFO [LocalJobRunner Map Task Executor #0] mapred.MapTask: Finished spill 0
2024-04-24T01:10:32,489  INFO [LocalJobRunner Map Task Executor #0] mapred.Task: Task:attempt_local374702317_0048_m_000002_0 is done. And is in the process of committing
2024-04-24T01:10:32,489  INFO [LocalJobRunner Map Task Executor #0] mapred.LocalJobRunner: OrcSplit [file:/home/alex/Repositories/hive/ql/target/tmp/org.apache.hadoop.hive.ql.TestTxnCommands-1713946100941/warehouse/acidtbl/delta_0000002_0000002_0000/bucket_00000_0, start=0, length=672, isOriginal=false, fileLength=672, hasFooter=false, hasBase=true, deltas=0]
2024-04-24T01:10:32,489  INFO [LocalJobRunner Map Task Executor #0] mapred.Task: Task 'attempt_local374702317_0048_m_000002_0' done.
2024-04-24T01:10:32,489  INFO [LocalJobRunner Map Task Executor #0] mapred.Task: Final Counters for attempt_local374702317_0048_m_000002_0: Counters: 24
	File System Counters
		FILE: Number of bytes read=1125351
		FILE: Number of bytes written=60221628
		FILE: Number of read operations=0
		FILE: Number of large read operations=0
		FILE: Number of write operations=0
	Map-Reduce Framework
		Map input records=1
		Map output records=1
		Map output bytes=19
		Map output materialized bytes=27
		Input split bytes=495
		Combine input records=0
		Spilled Records=1
		Failed Shuffles=0
		Merged Map outputs=0
		GC time elapsed (ms)=0
		Total committed heap usage (bytes)=1745354752
	HIVE
		DESERIALIZE_ERRORS=0
		RECORDS_IN=1
		RECORDS_OUT_INTERMEDIATE=1
		RECORDS_OUT_OPERATOR_MAP_0=0
		RECORDS_OUT_OPERATOR_RS_6=1
		RECORDS_OUT_OPERATOR_SEL_5=1
		RECORDS_OUT_OPERATOR_TS_0=1
	File Input Format Counters 
		Bytes Read=8951
2024-04-24T01:10:32,489  INFO [LocalJobRunner Map Task Executor #0] mapred.LocalJobRunner: Finishing task: attempt_local374702317_0048_m_000002_0
2024-04-24T01:10:32,489  INFO [LocalJobRunner Map Task Executor #0] mapred.LocalJobRunner: Starting task: attempt_local374702317_0048_m_000003_0
2024-04-24T01:10:32,490  INFO [LocalJobRunner Map Task Executor #0] mapred.Task:  Using ResourceCalculatorProcessTree : [ ]
2024-04-24T01:10:32,490  INFO [LocalJobRunner Map Task Executor #0] mapred.MapTask: Processing split: org.apache.hadoop.hive.ql.io.orc.OrcInputFormat:OrcSplit [file:/home/alex/Repositories/hive/ql/target/tmp/org.apache.hadoop.hive.ql.TestTxnCommands-1713946100941/warehouse/acidtbl/delta_0000001_0000001_0000/bucket_00000_0, start=0, length=671, isOriginal=false, fileLength=671, hasFooter=false, hasBase=true, deltas=0]
2024-04-24T01:10:32,490  INFO [LocalJobRunner Map Task Executor #0] exec.SerializationUtilities: Deserializing MapWork using kryo
2024-04-24T01:10:32,491  INFO [LocalJobRunner Map Task Executor #0] exec.Utilities: Deserialized plan (via FILE) - name: null size: 6,12KB
2024-04-24T01:10:32,491  INFO [LocalJobRunner Map Task Executor #0] orc.VectorizedOrcAcidRowBatchReader: Read ValidWriteIdList: default.acidtbl:2:9223372036854775807:::OrcSplit [file:/home/alex/Repositories/hive/ql/target/tmp/org.apache.hadoop.hive.ql.TestTxnCommands-1713946100941/warehouse/acidtbl/delta_0000001_0000001_0000/bucket_00000_0, start=0, length=671, isOriginal=false, fileLength=671, hasFooter=false, hasBase=true, deltas=0]
2024-04-24T01:10:32,492  INFO [LocalJobRunner Map Task Executor #0] orc.ReaderImpl: Reading ORC rows from file:/home/alex/Repositories/hive/ql/target/tmp/org.apache.hadoop.hive.ql.TestTxnCommands-1713946100941/warehouse/acidtbl/delta_0000001_0000001_0000/bucket_00000_0 with {include: [true, true, true], offset: 0, length: 671, schema: struct<a:int,b:int>, includeAcidColumns: false}
2024-04-24T01:10:32,492  INFO [LocalJobRunner Map Task Executor #0] mapred.MapTask: numReduceTasks: 1
2024-04-24T01:10:32,497  INFO [LocalJobRunner Map Task Executor #0] mapred.MapTask: (EQUATOR) 0 kvi 26214396(104857584)
2024-04-24T01:10:32,497  INFO [LocalJobRunner Map Task Executor #0] mapred.MapTask: mapreduce.task.io.sort.mb: 100
2024-04-24T01:10:32,497  INFO [LocalJobRunner Map Task Executor #0] mapred.MapTask: soft limit at 83886080
2024-04-24T01:10:32,497  INFO [LocalJobRunner Map Task Executor #0] mapred.MapTask: bufstart = 0; bufvoid = 104857600
2024-04-24T01:10:32,497  INFO [LocalJobRunner Map Task Executor #0] mapred.MapTask: kvstart = 26214396; length = 6553600
2024-04-24T01:10:32,497  INFO [LocalJobRunner Map Task Executor #0] mapred.MapTask: Map output collector class = org.apache.hadoop.mapred.MapTask$MapOutputBuffer
2024-04-24T01:10:32,497  INFO [LocalJobRunner Map Task Executor #0] vector.VectorMapOperator: Initializing Operator: MAP[0]
2024-04-24T01:10:32,497  INFO [LocalJobRunner Map Task Executor #0] mr.ExecMapper: 
<MAP>Id =0
  <Children>null
  <\Children>
  <Parent><\Parent>
<\MAP>
2024-04-24T01:10:32,498  INFO [LocalJobRunner Map Task Executor #0] exec.TableScanOperator: Initializing Operator: TS[0]
2024-04-24T01:10:32,498  INFO [LocalJobRunner Map Task Executor #0] vector.VectorSelectOperator: Initializing Operator: SEL[5]
2024-04-24T01:10:32,498  INFO [LocalJobRunner Map Task Executor #0] vector.VectorReduceSinkOperator: Initializing Operator: RS[6]
2024-04-24T01:10:32,498  INFO [LocalJobRunner Map Task Executor #0] vector.VectorReduceSinkOperator: Using tag = -1
2024-04-24T01:10:32,499  INFO [LocalJobRunner Map Task Executor #0] vector.VectorReduceSinkOperator: keys are [reducesinkkey0, reducesinkkey1] num distributions: 2
2024-04-24T01:10:32,499  INFO [LocalJobRunner Map Task Executor #0] vector.VectorReduceSinkOperator: RS[6]: records written - 1
2024-04-24T01:10:32,499  INFO [LocalJobRunner Map Task Executor #0] vector.VectorMapOperator: Closing Operator: MAP[0]
2024-04-24T01:10:32,499  INFO [LocalJobRunner Map Task Executor #0] vector.VectorMapOperator: RECORDS_OUT_INTERMEDIATE:0, RECORDS_OUT_OPERATOR_MAP_0:0, DESERIALIZE_ERRORS:0, RECORDS_IN:1, 
2024-04-24T01:10:32,499  INFO [LocalJobRunner Map Task Executor #0] exec.TableScanOperator: Closing Operator: TS[0]
2024-04-24T01:10:32,499  INFO [LocalJobRunner Map Task Executor #0] exec.TableScanOperator: RECORDS_OUT_OPERATOR_TS_0:1, RECORDS_OUT_INTERMEDIATE:0, 
2024-04-24T01:10:32,499  INFO [LocalJobRunner Map Task Executor #0] vector.VectorSelectOperator: Closing Operator: SEL[5]
2024-04-24T01:10:32,499  INFO [LocalJobRunner Map Task Executor #0] vector.VectorSelectOperator: RECORDS_OUT_OPERATOR_SEL_5:1, RECORDS_OUT_INTERMEDIATE:0, 
2024-04-24T01:10:32,499  INFO [LocalJobRunner Map Task Executor #0] vector.VectorReduceSinkOperator: Closing Operator: RS[6]
2024-04-24T01:10:32,499  INFO [LocalJobRunner Map Task Executor #0] vector.VectorReduceSinkOperator: RS[6]: Total records written - 1. abort - false
2024-04-24T01:10:32,499  INFO [LocalJobRunner Map Task Executor #0] vector.VectorReduceSinkOperator: RECORDS_OUT_OPERATOR_RS_6:1, RECORDS_OUT_INTERMEDIATE:1, 
2024-04-24T01:10:32,499  INFO [LocalJobRunner Map Task Executor #0] mapred.LocalJobRunner: 
2024-04-24T01:10:32,499  INFO [LocalJobRunner Map Task Executor #0] mapred.MapTask: Starting flush of map output
2024-04-24T01:10:32,499  INFO [LocalJobRunner Map Task Executor #0] mapred.MapTask: Spilling map output
2024-04-24T01:10:32,499  INFO [LocalJobRunner Map Task Executor #0] mapred.MapTask: bufstart = 0; bufend = 19; bufvoid = 104857600
2024-04-24T01:10:32,499  INFO [LocalJobRunner Map Task Executor #0] mapred.MapTask: kvstart = 26214396(104857584); kvend = 26214396(104857584); length = 1/6553600
2024-04-24T01:10:32,511  INFO [LocalJobRunner Map Task Executor #0] mapred.MapTask: Finished spill 0
2024-04-24T01:10:32,520  INFO [LocalJobRunner Map Task Executor #0] mapred.Task: Task:attempt_local374702317_0048_m_000003_0 is done. And is in the process of committing
2024-04-24T01:10:32,521  INFO [LocalJobRunner Map Task Executor #0] mapred.LocalJobRunner: OrcSplit [file:/home/alex/Repositories/hive/ql/target/tmp/org.apache.hadoop.hive.ql.TestTxnCommands-1713946100941/warehouse/acidtbl/delta_0000001_0000001_0000/bucket_00000_0, start=0, length=671, isOriginal=false, fileLength=671, hasFooter=false, hasBase=true, deltas=0]
2024-04-24T01:10:32,522  INFO [LocalJobRunner Map Task Executor #0] mapred.Task: Task 'attempt_local374702317_0048_m_000003_0' done.
2024-04-24T01:10:32,522  INFO [LocalJobRunner Map Task Executor #0] mapred.Task: Final Counters for attempt_local374702317_0048_m_000003_0: Counters: 24
	File System Counters
		FILE: Number of bytes read=1135285
		FILE: Number of bytes written=60221687
		FILE: Number of read operations=0
		FILE: Number of large read operations=0
		FILE: Number of write operations=0
	Map-Reduce Framework
		Map input records=1
		Map output records=1
		Map output bytes=19
		Map output materialized bytes=27
		Input split bytes=495
		Combine input records=0
		Spilled Records=1
		Failed Shuffles=0
		Merged Map outputs=0
		GC time elapsed (ms)=0
		Total committed heap usage (bytes)=1745354752
	HIVE
		DESERIALIZE_ERRORS=0
		RECORDS_IN=1
		RECORDS_OUT_INTERMEDIATE=1
		RECORDS_OUT_OPERATOR_MAP_0=0
		RECORDS_OUT_OPERATOR_RS_6=1
		RECORDS_OUT_OPERATOR_SEL_5=1
		RECORDS_OUT_OPERATOR_TS_0=1
	File Input Format Counters 
		Bytes Read=8947
2024-04-24T01:10:32,522  INFO [LocalJobRunner Map Task Executor #0] mapred.LocalJobRunner: Finishing task: attempt_local374702317_0048_m_000003_0
2024-04-24T01:10:32,522  INFO [Thread-3963] mapred.LocalJobRunner: map task executor complete.
2024-04-24T01:10:32,525  INFO [Thread-3963] mapred.LocalJobRunner: Waiting for reduce tasks
2024-04-24T01:10:32,526  INFO [pool-230-thread-1] mapred.LocalJobRunner: Starting task: attempt_local374702317_0048_r_000000_0
2024-04-24T01:10:32,527  INFO [pool-230-thread-1] mapred.Task:  Using ResourceCalculatorProcessTree : [ ]
2024-04-24T01:10:32,527  INFO [pool-230-thread-1] mapred.ReduceTask: Using ShuffleConsumerPlugin: org.apache.hadoop.mapreduce.task.reduce.Shuffle@5f63c883
2024-04-24T01:10:32,527  WARN [pool-230-thread-1] impl.MetricsSystemImpl: JobTracker metrics system already initialized!
2024-04-24T01:10:32,529  INFO [pool-230-thread-1] reduce.MergeManagerImpl: MergerManager: memoryLimit=1336252800, maxSingleShuffleLimit=334063200, mergeThreshold=881926912, ioSortFactor=10, memToMemMergeOutputsThreshold=10
2024-04-24T01:10:32,531  INFO [EventFetcher for fetching Map Completion Events] reduce.EventFetcher: attempt_local374702317_0048_r_000000_0 Thread started: EventFetcher for fetching Map Completion Events
2024-04-24T01:10:32,537  INFO [localfetcher#68] reduce.LocalFetcher: localfetcher#68 about to shuffle output of map attempt_local374702317_0048_m_000001_0 decomp: 23 len: 27 to MEMORY
2024-04-24T01:10:32,537  INFO [localfetcher#68] reduce.InMemoryMapOutput: Read 23 bytes from map-output for attempt_local374702317_0048_m_000001_0
2024-04-24T01:10:32,537  INFO [localfetcher#68] reduce.MergeManagerImpl: closeInMemoryFile -> map-output of size: 23, inMemoryMapOutputs.size() -> 1, commitMemory -> 0, usedMemory ->23
2024-04-24T01:10:32,542  INFO [localfetcher#68] reduce.LocalFetcher: localfetcher#68 about to shuffle output of map attempt_local374702317_0048_m_000002_0 decomp: 23 len: 27 to MEMORY
2024-04-24T01:10:32,542  INFO [localfetcher#68] reduce.InMemoryMapOutput: Read 23 bytes from map-output for attempt_local374702317_0048_m_000002_0
2024-04-24T01:10:32,542  INFO [localfetcher#68] reduce.MergeManagerImpl: closeInMemoryFile -> map-output of size: 23, inMemoryMapOutputs.size() -> 2, commitMemory -> 23, usedMemory ->46
2024-04-24T01:10:32,546  INFO [localfetcher#68] reduce.LocalFetcher: localfetcher#68 about to shuffle output of map attempt_local374702317_0048_m_000000_0 decomp: 23 len: 27 to MEMORY
2024-04-24T01:10:32,546  INFO [localfetcher#68] reduce.InMemoryMapOutput: Read 23 bytes from map-output for attempt_local374702317_0048_m_000000_0
2024-04-24T01:10:32,546  INFO [localfetcher#68] reduce.MergeManagerImpl: closeInMemoryFile -> map-output of size: 23, inMemoryMapOutputs.size() -> 3, commitMemory -> 46, usedMemory ->69
2024-04-24T01:10:32,550  INFO [localfetcher#68] reduce.LocalFetcher: localfetcher#68 about to shuffle output of map attempt_local374702317_0048_m_000003_0 decomp: 23 len: 27 to MEMORY
2024-04-24T01:10:32,550  INFO [localfetcher#68] reduce.InMemoryMapOutput: Read 23 bytes from map-output for attempt_local374702317_0048_m_000003_0
2024-04-24T01:10:32,550  INFO [localfetcher#68] reduce.MergeManagerImpl: closeInMemoryFile -> map-output of size: 23, inMemoryMapOutputs.size() -> 4, commitMemory -> 69, usedMemory ->92
2024-04-24T01:10:32,552  INFO [EventFetcher for fetching Map Completion Events] reduce.EventFetcher: EventFetcher is interrupted.. Returning
2024-04-24T01:10:32,552  INFO [pool-230-thread-1] mapred.LocalJobRunner: 4 / 4 copied.
2024-04-24T01:10:32,552  INFO [pool-230-thread-1] reduce.MergeManagerImpl: finalMerge called with 4 in-memory map-outputs and 0 on-disk map-outputs
2024-04-24T01:10:32,565  INFO [pool-230-thread-1] mapred.Merger: Merging 4 sorted segments
2024-04-24T01:10:32,565  INFO [pool-230-thread-1] mapred.Merger: Down to the last merge-pass, with 4 segments left of total size: 24 bytes
2024-04-24T01:10:32,573  INFO [pool-230-thread-1] reduce.MergeManagerImpl: Merged 4 segments, 92 bytes to disk to satisfy reduce memory limit
2024-04-24T01:10:32,573  INFO [pool-230-thread-1] reduce.MergeManagerImpl: Merging 1 files, 90 bytes from disk
2024-04-24T01:10:32,573  INFO [pool-230-thread-1] reduce.MergeManagerImpl: Merging 0 segments, 0 bytes from memory into reduce
2024-04-24T01:10:32,573  INFO [pool-230-thread-1] mapred.Merger: Merging 1 sorted segments
2024-04-24T01:10:32,573  INFO [pool-230-thread-1] mapred.Merger: Down to the last merge-pass, with 1 segments left of total size: 69 bytes
2024-04-24T01:10:32,574  INFO [pool-230-thread-1] mapred.LocalJobRunner: 4 / 4 copied.
2024-04-24T01:10:32,575  INFO [pool-230-thread-1] exec.SerializationUtilities: Deserializing ReduceWork using kryo
2024-04-24T01:10:32,576  INFO [pool-230-thread-1] exec.Utilities: Deserialized plan (via FILE) - name: null size: 7,01KB
2024-04-24T01:10:32,578  INFO [pool-230-thread-1] ExecReducer: 
<SEL>Id =3
  <Children>
    <FS>Id =4
      <Children>
      <\Children>
      <Parent>Id = 3 null<\Parent>
    <\FS>
  <\Children>
  <Parent><\Parent>
<\SEL>
2024-04-24T01:10:32,578  INFO [pool-230-thread-1] exec.SelectOperator: Initializing Operator: SEL[3]
2024-04-24T01:10:32,578  INFO [pool-230-thread-1] exec.SelectOperator: SELECT struct<key:struct<reducesinkkey0:int,reducesinkkey1:int>,value:struct<>>
2024-04-24T01:10:32,578  INFO [pool-230-thread-1] exec.FileSinkOperator: Initializing Operator: FS[4]
2024-04-24T01:10:32,579  INFO [pool-230-thread-1] exec.FileSinkOperator: Using serializer : class org.apache.hadoop.hive.serde2.lazy.LazySimpleSerDe [serdeParams=org.apache.hadoop.hive.serde2.lazy.LazySerDeParameters@5ff558eb, cachedObjectInspector=org.apache.hadoop.hive.serde2.lazy.objectinspector.LazySimpleStructObjectInspector<org.apache.hadoop.hive.serde2.lazy.objectinspector.primitive.LazyIntObjectInspector@31a9eaa,org.apache.hadoop.hive.serde2.lazy.objectinspector.primitive.LazyIntObjectInspector@31a9eaa>, serializedSize=0, stats=org.apache.hadoop.hive.serde2.SerDeStats@648155dd, lastOperationSerialize=false, lastOperationDeserialize=false [1, 2, 3, 4, 5, 6, 7, 8, 11, 14, 15, 16, 17, 18, 19, 20, 21, 22, 23, 24, 25, 26, 28, 29, 30, 31, -128, -127, -126, -125, -124, -123, -122, -121, -120, -119, -118, -117, -116, -115, -114, -113, -112, -111, -110, -109, -108, -107, -106, -105, -104, -103, -102, -101, -100, -99, -98, -97, -96, -95, -94, -93, -92, -91, -90, -89, -88, -87, -86, -85, -84, -83, -82, -81, -80, -79, -78, -77, -76, -75, -74, -73, -72, -71, -70, -69, -68, -67, -66, -65, -64, -63, -62, -61, -60, -59, -58, -57, -56, -55, -54, -53, -52, -51, -50, -49, -48, -47, -46, -45, -44, -43, -42, -41, -40, -39, -38, -37, -36, -35, -34, -33, -32, -31, -30, -29, -28, -27, -26, -25, -24, -23, -22, -21, -20, -19, -18, -17, -16, -15, -14, -13, -12, -11, -10, -9, -8, -7, -6, -5, -4, -3, -2, -1] : [_col0, _col1] : [int, int]] and formatter : org.apache.hadoop.hive.ql.io.HiveSequenceFileOutputFormat@32cbb7de
2024-04-24T01:10:32,580  INFO [pool-230-thread-1] exec.FileSinkOperator: Final Path: FS file:/home/alex/Repositories/hive/ql/target/tmp/localscratchdir/fc2e988a-c8c6-44c0-8874-d949350f00a3/hive_2024-04-24_01-10-31_989_621965951655375256-1/-mr-10001/.hive-staging_hive_2024-04-24_01-10-31_989_621965951655375256-1/_tmp.-ext-10002/000000_0
2024-04-24T01:10:32,580  INFO [pool-230-thread-1] exec.FileSinkOperator: Writing to temp file: FS file:/home/alex/Repositories/hive/ql/target/tmp/localscratchdir/fc2e988a-c8c6-44c0-8874-d949350f00a3/hive_2024-04-24_01-10-31_989_621965951655375256-1/-mr-10001/.hive-staging_hive_2024-04-24_01-10-31_989_621965951655375256-1/_task_tmp.-ext-10002/_tmp.000000_0
2024-04-24T01:10:32,580  INFO [pool-230-thread-1] exec.FileSinkOperator: New Final Path: FS file:/home/alex/Repositories/hive/ql/target/tmp/localscratchdir/fc2e988a-c8c6-44c0-8874-d949350f00a3/hive_2024-04-24_01-10-31_989_621965951655375256-1/-mr-10001/.hive-staging_hive_2024-04-24_01-10-31_989_621965951655375256-1/_tmp.-ext-10002/000000_0
2024-04-24T01:10:32,601  INFO [pool-230-thread-1] exec.FileSinkOperator: FS[4]: records written - 1
2024-04-24T01:10:32,601  INFO [pool-230-thread-1] exec.SelectOperator: Closing Operator: SEL[3]
2024-04-24T01:10:32,601  INFO [pool-230-thread-1] exec.SelectOperator: RECORDS_OUT_INTERMEDIATE:0, RECORDS_OUT_OPERATOR_SEL_3:4, 
2024-04-24T01:10:32,601  INFO [pool-230-thread-1] exec.FileSinkOperator: Closing Operator: FS[4]
2024-04-24T01:10:32,602  INFO [pool-230-thread-1] exec.FileSinkOperator: FS[4]: records written - 4
2024-04-24T01:10:32,602  INFO [pool-230-thread-1] exec.FileSinkOperator: RECORDS_OUT_INTERMEDIATE:0, RECORDS_OUT_OPERATOR_FS_4:4, RECORDS_OUT_0:4, 
2024-04-24T01:10:32,603  INFO [pool-230-thread-1] mapred.Task: Task:attempt_local374702317_0048_r_000000_0 is done. And is in the process of committing
2024-04-24T01:10:32,604  INFO [pool-230-thread-1] mapred.LocalJobRunner: reduce > reduce
2024-04-24T01:10:32,604  INFO [pool-230-thread-1] mapred.Task: Task 'attempt_local374702317_0048_r_000000_0' done.
2024-04-24T01:10:32,605  INFO [pool-230-thread-1] mapred.Task: Final Counters for attempt_local374702317_0048_r_000000_0: Counters: 29
	File System Counters
		FILE: Number of bytes read=1142688
		FILE: Number of bytes written=60221940
		FILE: Number of read operations=0
		FILE: Number of large read operations=0
		FILE: Number of write operations=0
	Map-Reduce Framework
		Combine input records=0
		Combine output records=0
		Reduce input groups=4
		Reduce shuffle bytes=108
		Reduce input records=4
		Reduce output records=0
		Spilled Records=4
		Shuffled Maps =4
		Failed Shuffles=0
		Merged Map outputs=4
		GC time elapsed (ms)=0
		Total committed heap usage (bytes)=1745354752
	HIVE
		CREATED_FILES=1
		RECORDS_OUT_0=4
		RECORDS_OUT_INTERMEDIATE=0
		RECORDS_OUT_OPERATOR_FS_4=4
		RECORDS_OUT_OPERATOR_SEL_3=4
	Shuffle Errors
		BAD_ID=0
		CONNECTION=0
		IO_ERROR=0
		WRONG_LENGTH=0
		WRONG_MAP=0
		WRONG_REDUCE=0
	File Output Format Counters 
		Bytes Written=0
2024-04-24T01:10:32,605  INFO [pool-230-thread-1] mapred.LocalJobRunner: Finishing task: attempt_local374702317_0048_r_000000_0
2024-04-24T01:10:32,605  INFO [Thread-3963] mapred.LocalJobRunner: reduce task executor complete.
2024-04-24 01:10:33,411 Stage-1 map = 100%,  reduce = 100%
2024-04-24T01:10:33,411  INFO [main] exec.Task: 2024-04-24 01:10:33,411 Stage-1 map = 100%,  reduce = 100%
Ended Job = job_local374702317_0048
2024-04-24T01:10:33,412  INFO [main] exec.Task: Ended Job = job_local374702317_0048
2024-04-24T01:10:33,414  INFO [main] metadata.Hive: Dumping metastore api call timing information for : execution phase
2024-04-24T01:10:33,414  INFO [main] metadata.Hive: Total time spent in each metastore function (ms): {}
MapReduce Jobs Launched: 
2024-04-24T01:10:33,414  INFO [main] ql.Driver: MapReduce Jobs Launched: 
Stage-Stage-1:  HDFS Read: 0 HDFS Write: 0 SUCCESS
2024-04-24T01:10:33,414  INFO [main] ql.Driver: Stage-Stage-1:  HDFS Read: 0 HDFS Write: 0 SUCCESS
Total MapReduce CPU Time Spent: 0 msec
2024-04-24T01:10:33,414  INFO [main] ql.Driver: Total MapReduce CPU Time Spent: 0 msec
2024-04-24T01:10:33,414  INFO [main] ql.Driver: Completed executing command(queryId=alex_20240424011031_b127f46b-20a7-4862-8e0a-3bccfca61c9e); Time taken: 1.295 seconds
2024-04-24T01:10:33,418  INFO [main] mapred.FileInputFormat: Total input files to process : 1
2024-04-24T01:10:33,418  INFO [main] exec.ListSinkOperator: Closing Operator: LIST_SINK[7]
2024-04-24T01:10:33,419  INFO [main] exec.ListSinkOperator: RECORDS_OUT_OPERATOR_LIST_SINK_7:4, RECORDS_OUT_INTERMEDIATE:0, 
2024-04-24T01:10:33,419  INFO [main] ql.TxnCommandsBaseForTests: Running the query: update acidTbl set b = 1 where b != 1
2024-04-24T01:10:33,419  INFO [main] ql.Context: Deleting scratch dir: file:/home/alex/Repositories/hive/ql/target/tmp/localscratchdir/fc2e988a-c8c6-44c0-8874-d949350f00a3/hive_2024-04-24_01-10-31_989_621965951655375256-1
2024-04-24T01:10:33,420  INFO [main] cleanup.SyncCleanupService: Deleted directory: file:/home/alex/Repositories/hive/ql/target/tmp/localscratchdir/fc2e988a-c8c6-44c0-8874-d949350f00a3/hive_2024-04-24_01-10-31_989_621965951655375256-1 on fs with scheme file
2024-04-24T01:10:33,420  INFO [main] ql.Driver: Compiling command(queryId=alex_20240424011033_a317075d-aea3-4173-a88f-ebc45d1446e0): update acidTbl set b = 1 where b != 1
2024-04-24T01:10:33,421  INFO [main] parse.UpdateDeleteSemanticAnalyzer: Starting caching scope for: 
2024-04-24T01:10:33,421  INFO [main] HiveMetaStore.audit: ugi=alex	ip=unknown-ip-addr	cmd=get_table : tbl=hive.default.acidTbl	
2024-04-24T01:10:33,427  INFO [main] metastore.HMSHandler: Skipping translation for processor with null
2024-04-24T01:10:33,427  INFO [main] parse.RewriteSemanticAnalyzer: Going to reparse <update acidTbl set b = 1 where b != 1> as 
<insert into table `default`.`acidTbl` select ROW__ID,`a`,`b` from `default`.`acidTbl` sort by ROW__ID >
2024-04-24T01:10:33,428  INFO [main] parse.UpdateDeleteSemanticAnalyzer: Starting Semantic Analysis
2024-04-24T01:10:33,429  INFO [main] HiveMetaStore.audit: ugi=alex	ip=unknown-ip-addr	cmd=get_table : tbl=hive.default.acidTbl	
2024-04-24T01:10:33,438  INFO [main] metastore.HMSHandler: Skipping translation for processor with null
2024-04-24T01:10:33,438  INFO [main] parse.UpdateDeleteSemanticAnalyzer: Completed phase 1 of Semantic Analysis
2024-04-24T01:10:33,438  INFO [main] parse.UpdateDeleteSemanticAnalyzer: Get metadata for source tables
2024-04-24T01:10:33,439  INFO [main] HiveMetaStore.audit: ugi=alex	ip=unknown-ip-addr	cmd=get_table : tbl=hive.default.acidtbl	
2024-04-24T01:10:33,450  INFO [main] metastore.HMSHandler: Skipping translation for processor with null
2024-04-24T01:10:33,451  INFO [main] parse.UpdateDeleteSemanticAnalyzer: Get metadata for subqueries
2024-04-24T01:10:33,451  INFO [main] parse.UpdateDeleteSemanticAnalyzer: Get metadata for destination tables
2024-04-24T01:10:33,451  INFO [main] HiveMetaStore.audit: ugi=alex	ip=unknown-ip-addr	cmd=get_table : tbl=hive.default.acidTbl	
2024-04-24T01:10:33,460  INFO [main] metastore.HMSHandler: Skipping translation for processor with null
2024-04-24T01:10:33,460  INFO [main] parse.UpdateDeleteSemanticAnalyzer: Completed getting MetaData in Semantic Analysis
2024-04-24T01:10:33,460  INFO [main] parse.UpdateDeleteSemanticAnalyzer: Disabling LLAP IO encode as ETL query is detected
2024-04-24T01:10:33,472  INFO [main] HiveMetaStore.audit: ugi=alex	ip=unknown-ip-addr	cmd=get_all_table_constraints : tbl=hive.default.acidtbl	
2024-04-24T01:10:33,479  INFO [main] HiveMetaStore.audit: ugi=alex	ip=unknown-ip-addr	cmd=get_not_null_constraints : tbl=hive.default.acidtbl	
2024-04-24T01:10:33,480  INFO [main] HiveMetaStore.audit: ugi=alex	ip=unknown-ip-addr	cmd=get_check_constraints : tbl=hive.default.acidtbl	
2024-04-24T01:10:33,501  INFO [main] calcite.RelOptHiveTable: Calculating column statistics for default.acidtbl, projIndxSet: [0, 1], allowMissingStats: true
2024-04-24T01:10:33,501  INFO [main] HiveMetaStore.audit: ugi=alex	ip=unknown-ip-addr	cmd=get_table : tbl=hive.default.acidtbl	
2024-04-24T01:10:33,511  INFO [main] metastore.HMSHandler: Skipping translation for processor with null
2024-04-24T01:10:33,511  INFO [main] HiveMetaStore.audit: ugi=alex	ip=unknown-ip-addr	cmd=get_table : tbl=hive.default.acidtbl	
2024-04-24T01:10:33,523  INFO [main] metastore.HMSHandler: Skipping translation for processor with null
2024-04-24T01:10:33,524  INFO [main] HiveMetaStore.audit: ugi=alex	ip=unknown-ip-addr	cmd=get_table_statistics_req: table=hive.default.acidtbl	
2024-04-24T01:10:33,532  WARN [main] calcite.RelOptHiveTable: No Stats for default@acidtbl, Columns: b, a
No Stats for default@acidtbl, Columns: b, a
2024-04-24T01:10:33,532  INFO [main] SessionState: No Stats for default@acidtbl, Columns: b, a
2024-04-24T01:10:33,591  INFO [main] parse.UpdateDeleteSemanticAnalyzer: Get metadata for source tables
2024-04-24T01:10:33,591  INFO [main] parse.UpdateDeleteSemanticAnalyzer: Get metadata for subqueries
2024-04-24T01:10:33,591  INFO [main] parse.UpdateDeleteSemanticAnalyzer: Get metadata for destination tables
2024-04-24T01:10:33,591  INFO [main] HiveMetaStore.audit: ugi=alex	ip=unknown-ip-addr	cmd=get_table : tbl=hive.default.acidTbl	
2024-04-24T01:10:33,597  INFO [main] metastore.HMSHandler: Skipping translation for processor with null
2024-04-24T01:10:33,603  INFO [main] parse.UpdateDeleteSemanticAnalyzer: CBO Succeeded; optimized logical plan.
2024-04-24T01:10:33,606  INFO [main] optimizer.ColumnPrunerProcFactory: RS 5 oldColExprMap: {KEY.reducesinkkey0=Column[_col0], VALUE._col0=Column[_col1], VALUE._col1=Column[_col2]}
2024-04-24T01:10:33,607  INFO [main] optimizer.ColumnPrunerProcFactory: RS 5 newColExprMap: {VALUE._col0=Column[_col1], VALUE._col1=Column[_col2], KEY.reducesinkkey0=Column[_col0]}
2024-04-24T01:10:33,607  INFO [main] optimizer.ColumnPrunerProcFactory: RS 3 oldColExprMap: {KEY.reducesinkkey0=Column[_col0], VALUE._col0=Column[_col1]}
2024-04-24T01:10:33,607  INFO [main] optimizer.ColumnPrunerProcFactory: RS 3 newColExprMap: {KEY.reducesinkkey0=Column[_col0], VALUE._col0=Column[_col1]}
2024-04-24T01:10:33,607  INFO [main] optimizer.ColumnPrunerProcFactory: RS 3 oldColExprMap: {VALUE._col0=Column[_col1], KEY.reducesinkkey0=Column[_col0]}
2024-04-24T01:10:33,607  INFO [main] optimizer.ColumnPrunerProcFactory: RS 3 newColExprMap: {KEY.reducesinkkey0=Column[_col0], VALUE._col0=Column[_col1]}
2024-04-24T01:10:33,609  INFO [main] optimizer.SortedDynPartitionOptimizer: Sorted dynamic partitioning optimization kicked in..
2024-04-24T01:10:33,617  INFO [main] HiveMetaStore.audit: ugi=alex	ip=unknown-ip-addr	cmd=get_table : tbl=hive.default.acidtbl	
2024-04-24T01:10:33,624  INFO [main] metastore.HMSHandler: Skipping translation for processor with null
2024-04-24T01:10:33,624  INFO [main] physical.Vectorizer: Examining input format to see if vectorization is enabled.
2024-04-24T01:10:33,625  INFO [main] physical.Vectorizer: Vectorization is enabled for input format(s) [org.apache.hadoop.hive.ql.io.orc.OrcInputFormat]
2024-04-24T01:10:33,625  INFO [main] physical.Vectorizer: Validating and vectorizing MapWork... (vectorizedVertexNum 0)
2024-04-24T01:10:33,631  INFO [main] physical.Vectorizer: Map vectorization enabled: true
2024-04-24T01:10:33,631  INFO [main] physical.Vectorizer: Map vectorized: true
2024-04-24T01:10:33,631  INFO [main] physical.Vectorizer: Map vectorizedVertexNum: 0
2024-04-24T01:10:33,631  INFO [main] physical.Vectorizer: Map enabledConditionsMet: [hive.vectorized.use.vectorized.input.format IS true]
2024-04-24T01:10:33,631  INFO [main] physical.Vectorizer: Map inputFileFormatClassNameSet: [org.apache.hadoop.hive.ql.io.orc.OrcInputFormat]
2024-04-24T01:10:33,631  INFO [main] physical.Vectorizer: Reduce vectorization enabled: false
2024-04-24T01:10:33,631  INFO [main] physical.Vectorizer: Reduce vectorized: false
2024-04-24T01:10:33,631  INFO [main] physical.Vectorizer: Reduce vectorizedVertexNum: 1
2024-04-24T01:10:33,631  INFO [main] physical.Vectorizer: Reducer hive.vectorized.execution.reduce.enabled: true
2024-04-24T01:10:33,631  INFO [main] physical.Vectorizer: Reducer engine: mr
2024-04-24T01:10:33,631  INFO [main] parse.UpdateDeleteSemanticAnalyzer: Completed plan generation
2024-04-24T01:10:33,631  INFO [main] parse.UpdateDeleteSemanticAnalyzer: Ending caching scope for: 
2024-04-24T01:10:33,631  INFO [main] ql.Driver: Semantic Analysis Completed (retrial = false)
2024-04-24T01:10:33,631  INFO [main] ql.Driver: Created Hive schema: Schema(fieldSchemas:[FieldSchema(name:row__id, type:struct<writeid:bigint,bucketid:int,rowid:bigint>, comment:null), FieldSchema(name:a, type:int, comment:null), FieldSchema(name:_c2, type:int, comment:null)], properties:null)
2024-04-24T01:10:33,631  INFO [main] metadata.Hive: Dumping metastore api call timing information for : compilation phase
2024-04-24T01:10:33,631  INFO [main] metadata.Hive: Total time spent in each metastore function (ms): {getAllTableConstraints_(AllTableConstraintsRequest)=5, getTableColumnStatistics_(String, String, List, String)=30, isCompatibleWith_(Configuration)=1, flushCache_()=0, getCheckConstraints_(CheckConstraintsRequest)=1, getTable_(GetTableRequest)=48, getNotNullConstraints_(NotNullConstraintsRequest)=2, getValidWriteIds_(List, String)=1}
2024-04-24T01:10:33,631  INFO [main] ql.Driver: Completed compiling command(queryId=alex_20240424011033_a317075d-aea3-4173-a88f-ebc45d1446e0); Time taken: 0.211 seconds
2024-04-24T01:10:33,632  INFO [main] lockmgr.DbTxnManager: Setting lock request transaction to txnid:15 for queryId=alex_20240424011033_a317075d-aea3-4173-a88f-ebc45d1446e0
2024-04-24T01:10:33,632  INFO [main] lockmgr.DbLockManager: Requesting lock for queryId=alex_20240424011033_a317075d-aea3-4173-a88f-ebc45d1446e0
2024-04-24T01:10:33,643  INFO [main] lockmgr.DbLockManager: Response to queryId=alex_20240424011033_a317075d-aea3-4173-a88f-ebc45d1446e0 LockResponse(lockid:11, state:ACQUIRED)
2024-04-24T01:10:33,643  INFO [main] ql.Driver: Operation QUERY obtained 1 locks
2024-04-24T01:10:33,646  INFO [main] ql.Driver: Executing command(queryId=alex_20240424011033_a317075d-aea3-4173-a88f-ebc45d1446e0): update acidTbl set b = 1 where b != 1
2024-04-24T01:10:33,647  WARN [main] ql.Driver: Hive-on-MR is deprecated in Hive 2 and may not be available in the future versions. Consider using a different execution engine (i.e. tez, spark) or using Hive 1.X releases.
Query ID = alex_20240424011033_a317075d-aea3-4173-a88f-ebc45d1446e0
2024-04-24T01:10:33,647  INFO [main] ql.Driver: Query ID = alex_20240424011033_a317075d-aea3-4173-a88f-ebc45d1446e0
Total jobs = 1
2024-04-24T01:10:33,647  INFO [main] ql.Driver: Total jobs = 1
Launching Job 1 out of 1
2024-04-24T01:10:33,647  INFO [main] ql.Driver: Launching Job 1 out of 1
2024-04-24T01:10:33,769  INFO [main] ql.Driver: Starting task [Stage-1:MAPRED] in serial mode
Number of reduce tasks determined at compile time: 2
2024-04-24T01:10:33,770  INFO [main] exec.Task: Number of reduce tasks determined at compile time: 2
In order to change the average load for a reducer (in bytes):
2024-04-24T01:10:33,770  INFO [main] exec.Task: In order to change the average load for a reducer (in bytes):
  set hive.exec.reducers.bytes.per.reducer=<number>
2024-04-24T01:10:33,770  INFO [main] exec.Task:   set hive.exec.reducers.bytes.per.reducer=<number>
In order to limit the maximum number of reducers:
2024-04-24T01:10:33,770  INFO [main] exec.Task: In order to limit the maximum number of reducers:
  set hive.exec.reducers.max=<number>
2024-04-24T01:10:33,770  INFO [main] exec.Task:   set hive.exec.reducers.max=<number>
In order to set a constant number of reducers:
2024-04-24T01:10:33,770  INFO [main] exec.Task: In order to set a constant number of reducers:
  set mapreduce.job.reduces=<number>
2024-04-24T01:10:33,770  INFO [main] exec.Task:   set mapreduce.job.reduces=<number>
2024-04-24T01:10:33,774  INFO [main] mr.ExecDriver: Using org.apache.hadoop.hive.ql.io.HiveInputFormat
2024-04-24T01:10:33,774  INFO [main] exec.Utilities: Processing alias acidtbl
2024-04-24T01:10:33,774  INFO [main] exec.Utilities: Adding 1 inputs; the first input is file:/home/alex/Repositories/hive/ql/target/tmp/org.apache.hadoop.hive.ql.TestTxnCommands-1713946100941/warehouse/acidtbl
2024-04-24T01:10:33,783  INFO [main] exec.SerializationUtilities: Serializing MapWork using kryo
2024-04-24T01:10:33,785  INFO [main] exec.Utilities: Serialized plan (via FILE) - name: null size: 7,26KB
2024-04-24T01:10:33,790  INFO [main] exec.SerializationUtilities: Serializing ReduceWork using kryo
2024-04-24T01:10:33,792  INFO [main] exec.Utilities: Serialized plan (via FILE) - name: null size: 7,97KB
2024-04-24T01:10:33,793  WARN [main] impl.MetricsSystemImpl: JobTracker metrics system already initialized!
2024-04-24T01:10:33,796  INFO [main] fs.FSStatsPublisher: created : file:/home/alex/Repositories/hive/ql/target/tmp/localscratchdir/fc2e988a-c8c6-44c0-8874-d949350f00a3/hive_2024-04-24_01-10-33_427_2991610578934192271-1/-mr-10000
2024-04-24T01:10:33,798  WARN [main] impl.MetricsSystemImpl: JobTracker metrics system already initialized!
2024-04-24T01:10:33,804  WARN [main] mapreduce.JobResourceUploader: Hadoop command-line option parsing not performed. Implement the Tool interface and execute your application with ToolRunner to remedy this.
2024-04-24T01:10:33,809  WARN [main] mapreduce.JobResourceUploader: No job jar file set.  User classes may not be found. See Job or Job#setJar(String).
2024-04-24T01:10:33,810  INFO [main] io.HiveInputFormat: hive.io.file.readcolumn.ids = 0,1
2024-04-24T01:10:33,810  INFO [main] io.HiveInputFormat: hive.io.file.readcolumn.names = a,b
2024-04-24T01:10:33,810  INFO [main] io.HiveInputFormat: Generating splits for dirs: file:/home/alex/Repositories/hive/ql/target/tmp/org.apache.hadoop.hive.ql.TestTxnCommands-1713946100941/warehouse/acidtbl
2024-04-24T01:10:33,810  INFO [main] orc.OrcInputFormat: getSplits started
2024-04-24T01:10:33,811  INFO [main] orc.OrcInputFormat: Context:: isAcid: true isVectorMode: true sarg: (not leaf-(EQUALS b 1)) minSplitSize: 1 maxSplitSize: 256000000 splitStrategy: HYBRID footerInSplits: false numBuckets: 2 numThreads: 10 cacheMemSize: 268435456 cacheStripeDetails: true useSoftReference: false writeIdList: default.acidtbl:2:9223372036854775807:: isTransactionalTable: true txnProperties: default 
2024-04-24T01:10:33,811  INFO [main] orc.OrcInputFormat: ORC pushdown predicate: (not leaf-(EQUALS b 1))
2024-04-24T01:10:33,833  INFO [main] orc.OrcInputFormat: FooterCacheHitRatio: 0/4
2024-04-24T01:10:33,833  INFO [main] orc.OrcInputFormat: getSplits finished (#splits: 4). duration: 23 ms
2024-04-24T01:10:33,833  INFO [main] io.HiveInputFormat: number of splits 4
2024-04-24T01:10:33,850  INFO [main] mapreduce.JobSubmitter: number of splits:4
2024-04-24T01:10:33,869  INFO [main] mapreduce.JobSubmitter: Submitting tokens for job: job_local1136491382_0049
2024-04-24T01:10:33,869  INFO [main] mapreduce.JobSubmitter: Executing with tokens: []
2024-04-24T01:10:33,928  INFO [main] mapreduce.Job: The url to track the job: http://localhost:8080/
Job running in-process (local Hadoop)
2024-04-24T01:10:33,928  INFO [main] exec.Task: Job running in-process (local Hadoop)
2024-04-24T01:10:33,929  INFO [Thread-4030] mapred.LocalJobRunner: OutputCommitter set in config org.apache.hadoop.hive.ql.io.HiveFileFormatUtils$NullOutputCommitter
2024-04-24T01:10:33,929  INFO [Thread-4030] mapred.LocalJobRunner: OutputCommitter is org.apache.hadoop.hive.ql.io.HiveFileFormatUtils$NullOutputCommitter
2024-04-24T01:10:33,931  INFO [Thread-4030] mapred.LocalJobRunner: Waiting for map tasks
2024-04-24T01:10:33,932  INFO [LocalJobRunner Map Task Executor #0] mapred.LocalJobRunner: Starting task: attempt_local1136491382_0049_m_000000_0
2024-04-24T01:10:33,932  INFO [LocalJobRunner Map Task Executor #0] mapred.Task:  Using ResourceCalculatorProcessTree : [ ]
2024-04-24T01:10:33,933  INFO [LocalJobRunner Map Task Executor #0] mapred.MapTask: Processing split: org.apache.hadoop.hive.ql.io.orc.OrcInputFormat:OrcSplit [file:/home/alex/Repositories/hive/ql/target/tmp/org.apache.hadoop.hive.ql.TestTxnCommands-1713946100941/warehouse/acidtbl/delta_0000002_0000002_0000/bucket_00001_0, start=0, length=679, isOriginal=false, fileLength=679, hasFooter=false, hasBase=true, deltas=0]
2024-04-24T01:10:33,933  INFO [LocalJobRunner Map Task Executor #0] exec.SerializationUtilities: Deserializing MapWork using kryo
2024-04-24T01:10:33,935  INFO [LocalJobRunner Map Task Executor #0] exec.Utilities: Deserialized plan (via FILE) - name: null size: 7,26KB
2024-04-24T01:10:33,935  INFO [LocalJobRunner Map Task Executor #0] orc.OrcInputFormat: ORC pushdown predicate: (not leaf-(EQUALS b 1))
2024-04-24T01:10:33,935  INFO [LocalJobRunner Map Task Executor #0] orc.VectorizedOrcAcidRowBatchReader: Read ValidWriteIdList: default.acidtbl:2:9223372036854775807:::OrcSplit [file:/home/alex/Repositories/hive/ql/target/tmp/org.apache.hadoop.hive.ql.TestTxnCommands-1713946100941/warehouse/acidtbl/delta_0000002_0000002_0000/bucket_00001_0, start=0, length=679, isOriginal=false, fileLength=679, hasFooter=false, hasBase=true, deltas=0]
2024-04-24T01:10:33,936  INFO [LocalJobRunner Map Task Executor #0] orc.ReaderImpl: Reading ORC rows from file:/home/alex/Repositories/hive/ql/target/tmp/org.apache.hadoop.hive.ql.TestTxnCommands-1713946100941/warehouse/acidtbl/delta_0000002_0000002_0000/bucket_00001_0 with {include: [true, true, true], offset: 0, length: 679, sarg: (not leaf-(EQUALS b 1)), schema: struct<a:int,b:int>, includeAcidColumns: true}
2024-04-24T01:10:33,937  INFO [LocalJobRunner Map Task Executor #0] mapred.MapTask: numReduceTasks: 2
2024-04-24T01:10:33,948  INFO [LocalJobRunner Map Task Executor #0] mapred.MapTask: (EQUATOR) 0 kvi 26214396(104857584)
2024-04-24T01:10:33,948  INFO [LocalJobRunner Map Task Executor #0] mapred.MapTask: mapreduce.task.io.sort.mb: 100
2024-04-24T01:10:33,948  INFO [LocalJobRunner Map Task Executor #0] mapred.MapTask: soft limit at 83886080
2024-04-24T01:10:33,948  INFO [LocalJobRunner Map Task Executor #0] mapred.MapTask: bufstart = 0; bufvoid = 104857600
2024-04-24T01:10:33,948  INFO [LocalJobRunner Map Task Executor #0] mapred.MapTask: kvstart = 26214396; length = 6553600
2024-04-24T01:10:33,948  INFO [LocalJobRunner Map Task Executor #0] mapred.MapTask: Map output collector class = org.apache.hadoop.mapred.MapTask$MapOutputBuffer
2024-04-24T01:10:33,949  INFO [LocalJobRunner Map Task Executor #0] vector.VectorMapOperator: Initializing Operator: MAP[0]
2024-04-24T01:10:33,949  INFO [LocalJobRunner Map Task Executor #0] mr.ExecMapper: 
<MAP>Id =0
  <Children>null
  <\Children>
  <Parent><\Parent>
<\MAP>
2024-04-24T01:10:33,949  INFO [LocalJobRunner Map Task Executor #0] exec.TableScanOperator: Initializing Operator: TS[0]
2024-04-24T01:10:33,949  INFO [LocalJobRunner Map Task Executor #0] vector.VectorFilterOperator: Initializing Operator: FIL[9]
2024-04-24T01:10:33,950  INFO [LocalJobRunner Map Task Executor #0] vector.VectorSelectOperator: Initializing Operator: SEL[10]
2024-04-24T01:10:33,950  INFO [LocalJobRunner Map Task Executor #0] vector.VectorReduceSinkOperator: Initializing Operator: RS[11]
2024-04-24T01:10:33,950  INFO [LocalJobRunner Map Task Executor #0] vector.VectorReduceSinkOperator: Using tag = -1
2024-04-24T01:10:33,951  INFO [LocalJobRunner Map Task Executor #0] vector.VectorReduceSinkOperator: keys are [reducesinkkey0] num distributions: 1
2024-04-24T01:10:33,951 ERROR [LocalJobRunner Map Task Executor #0] mr.ExecMapper: org.apache.hadoop.hive.ql.metadata.HiveException: Hive Runtime Error while processing row 
	at org.apache.hadoop.hive.ql.exec.vector.VectorMapOperator.process(VectorMapOperator.java:993)
	at org.apache.hadoop.hive.ql.exec.mr.ExecMapper.map(ExecMapper.java:148)
	at org.apache.hadoop.mapred.MapRunner.run(MapRunner.java:54)
	at org.apache.hadoop.hive.ql.exec.mr.ExecMapRunner.run(ExecMapRunner.java:37)
	at org.apache.hadoop.mapred.MapTask.runOldMapper(MapTask.java:465)
	at org.apache.hadoop.mapred.MapTask.run(MapTask.java:349)
	at org.apache.hadoop.mapred.LocalJobRunner$Job$MapTaskRunnable.run(LocalJobRunner.java:271)
	at java.util.concurrent.Executors$RunnableAdapter.call(Executors.java:511)
	at java.util.concurrent.FutureTask.run(FutureTask.java:266)
	at java.util.concurrent.ThreadPoolExecutor.runWorker(ThreadPoolExecutor.java:1149)
	at java.util.concurrent.ThreadPoolExecutor$Worker.run(ThreadPoolExecutor.java:624)
	at java.lang.Thread.run(Thread.java:750)
Caused by: org.apache.hadoop.hive.ql.exec.NoMatchingMethodException: No matching method for class org.apache.hadoop.hive.ql.udf.UDFToInteger with (struct<writeid:bigint,bucketid:int,rowid:bigint>). Possible choices: _FUNC_(bigint)  _FUNC_(boolean)  _FUNC_(decimal(38,18))  _FUNC_(double)  _FUNC_(float)  _FUNC_(smallint)  _FUNC_(string)  _FUNC_(struct<rowid:bigint,writeid:bigint,bucketid:int>)  _FUNC_(timestamp)  _FUNC_(tinyint)  _FUNC_(void)  
	at org.apache.hadoop.hive.ql.exec.MethodUtils.getMethodInternal(MethodUtils.java:130)
	at org.apache.hadoop.hive.ql.exec.MethodUtils.getMethodInternal(MethodUtils.java:60)
	at org.apache.hadoop.hive.ql.exec.DefaultUDFMethodResolver.getEvalMethod(DefaultUDFMethodResolver.java:59)
	at org.apache.hadoop.hive.ql.udf.TimestampCastRestrictorResolver.getEvalMethod(TimestampCastRestrictorResolver.java:68)
	at org.apache.hadoop.hive.ql.udf.generic.GenericUDFBridge.initialize(GenericUDFBridge.java:168)
	at org.apache.hadoop.hive.ql.udf.generic.GenericUDF.initializeAndFoldConstants(GenericUDF.java:149)
	at org.apache.hadoop.hive.ql.exec.ExprNodeGenericFuncEvaluator.initialize(ExprNodeGenericFuncEvaluator.java:184)
	at org.apache.hadoop.hive.ql.exec.Operator.initEvaluators(Operator.java:1073)
	at org.apache.hadoop.hive.ql.exec.ReduceSinkOperator.process(ReduceSinkOperator.java:307)
	at org.apache.hadoop.hive.ql.exec.vector.VectorReduceSinkOperator.process(VectorReduceSinkOperator.java:115)
	at org.apache.hadoop.hive.ql.exec.Operator.vectorForward(Operator.java:919)
	at org.apache.hadoop.hive.ql.exec.vector.VectorSelectOperator.process(VectorSelectOperator.java:158)
	at org.apache.hadoop.hive.ql.exec.Operator.vectorForward(Operator.java:919)
	at org.apache.hadoop.hive.ql.exec.vector.VectorFilterOperator.process(VectorFilterOperator.java:136)
	at org.apache.hadoop.hive.ql.exec.Operator.vectorForward(Operator.java:919)
	at org.apache.hadoop.hive.ql.exec.TableScanOperator.process(TableScanOperator.java:171)
	at org.apache.hadoop.hive.ql.exec.vector.VectorMapOperator.deliverVectorizedRowBatch(VectorMapOperator.java:809)
	at org.apache.hadoop.hive.ql.exec.vector.VectorMapOperator.process(VectorMapOperator.java:878)
	... 11 more

2024-04-24T01:10:33,952  INFO [LocalJobRunner Map Task Executor #0] vector.VectorMapOperator: Closing Operator: MAP[0]
2024-04-24T01:10:33,952  INFO [LocalJobRunner Map Task Executor #0] vector.VectorMapOperator: RECORDS_IN:1, DESERIALIZE_ERRORS:0, RECORDS_OUT_OPERATOR_MAP_0:0, RECORDS_OUT_INTERMEDIATE:0, 
2024-04-24T01:10:33,952  INFO [LocalJobRunner Map Task Executor #0] exec.TableScanOperator: Closing Operator: TS[0]
2024-04-24T01:10:33,952  INFO [LocalJobRunner Map Task Executor #0] exec.TableScanOperator: RECORDS_OUT_OPERATOR_TS_0:1, RECORDS_OUT_INTERMEDIATE:0, 
2024-04-24T01:10:33,952  INFO [LocalJobRunner Map Task Executor #0] vector.VectorFilterOperator: Closing Operator: FIL[9]
2024-04-24T01:10:33,952  INFO [LocalJobRunner Map Task Executor #0] vector.VectorFilterOperator: RECORDS_OUT_OPERATOR_FIL_9:1, RECORDS_OUT_INTERMEDIATE:0, 
2024-04-24T01:10:33,952  INFO [LocalJobRunner Map Task Executor #0] vector.VectorSelectOperator: Closing Operator: SEL[10]
2024-04-24T01:10:33,952  INFO [LocalJobRunner Map Task Executor #0] vector.VectorSelectOperator: RECORDS_OUT_OPERATOR_SEL_10:1, RECORDS_OUT_INTERMEDIATE:0, 
2024-04-24T01:10:33,952  INFO [LocalJobRunner Map Task Executor #0] vector.VectorReduceSinkOperator: Closing Operator: RS[11]
2024-04-24T01:10:33,952  INFO [LocalJobRunner Map Task Executor #0] vector.VectorReduceSinkOperator: RS[11]: Total records written - 0. abort - true
2024-04-24T01:10:33,952  INFO [LocalJobRunner Map Task Executor #0] vector.VectorReduceSinkOperator: RECORDS_OUT_INTERMEDIATE:0, RECORDS_OUT_OPERATOR_RS_11:0, 
2024-04-24T01:10:33,953  INFO [LocalJobRunner Map Task Executor #0] mapred.LocalJobRunner: Starting task: attempt_local1136491382_0049_m_000001_0
2024-04-24T01:10:33,953  INFO [LocalJobRunner Map Task Executor #0] mapred.Task:  Using ResourceCalculatorProcessTree : [ ]
2024-04-24T01:10:33,953  INFO [LocalJobRunner Map Task Executor #0] mapred.MapTask: Processing split: org.apache.hadoop.hive.ql.io.orc.OrcInputFormat:OrcSplit [file:/home/alex/Repositories/hive/ql/target/tmp/org.apache.hadoop.hive.ql.TestTxnCommands-1713946100941/warehouse/acidtbl/delta_0000001_0000001_0000/bucket_00001_0, start=0, length=673, isOriginal=false, fileLength=673, hasFooter=false, hasBase=true, deltas=0]
2024-04-24T01:10:33,954  INFO [LocalJobRunner Map Task Executor #0] exec.SerializationUtilities: Deserializing MapWork using kryo
2024-04-24T01:10:33,954  INFO [LocalJobRunner Map Task Executor #0] exec.Utilities: Deserialized plan (via FILE) - name: null size: 7,26KB
2024-04-24T01:10:33,955  INFO [LocalJobRunner Map Task Executor #0] orc.OrcInputFormat: ORC pushdown predicate: (not leaf-(EQUALS b 1))
2024-04-24T01:10:33,955  INFO [LocalJobRunner Map Task Executor #0] orc.VectorizedOrcAcidRowBatchReader: Read ValidWriteIdList: default.acidtbl:2:9223372036854775807:::OrcSplit [file:/home/alex/Repositories/hive/ql/target/tmp/org.apache.hadoop.hive.ql.TestTxnCommands-1713946100941/warehouse/acidtbl/delta_0000001_0000001_0000/bucket_00001_0, start=0, length=673, isOriginal=false, fileLength=673, hasFooter=false, hasBase=true, deltas=0]
2024-04-24T01:10:33,956  INFO [LocalJobRunner Map Task Executor #0] orc.ReaderImpl: Reading ORC rows from file:/home/alex/Repositories/hive/ql/target/tmp/org.apache.hadoop.hive.ql.TestTxnCommands-1713946100941/warehouse/acidtbl/delta_0000001_0000001_0000/bucket_00001_0 with {include: [true, true, true], offset: 0, length: 673, sarg: (not leaf-(EQUALS b 1)), schema: struct<a:int,b:int>, includeAcidColumns: true}
2024-04-24T01:10:33,957  INFO [LocalJobRunner Map Task Executor #0] mapred.MapTask: numReduceTasks: 2
2024-04-24T01:10:33,962  INFO [LocalJobRunner Map Task Executor #0] mapred.MapTask: (EQUATOR) 0 kvi 26214396(104857584)
2024-04-24T01:10:33,962  INFO [LocalJobRunner Map Task Executor #0] mapred.MapTask: mapreduce.task.io.sort.mb: 100
2024-04-24T01:10:33,962  INFO [LocalJobRunner Map Task Executor #0] mapred.MapTask: soft limit at 83886080
2024-04-24T01:10:33,962  INFO [LocalJobRunner Map Task Executor #0] mapred.MapTask: bufstart = 0; bufvoid = 104857600
2024-04-24T01:10:33,962  INFO [LocalJobRunner Map Task Executor #0] mapred.MapTask: kvstart = 26214396; length = 6553600
2024-04-24T01:10:33,962  INFO [LocalJobRunner Map Task Executor #0] mapred.MapTask: Map output collector class = org.apache.hadoop.mapred.MapTask$MapOutputBuffer
2024-04-24T01:10:33,962  INFO [LocalJobRunner Map Task Executor #0] vector.VectorMapOperator: Initializing Operator: MAP[0]
2024-04-24T01:10:33,963  INFO [LocalJobRunner Map Task Executor #0] mr.ExecMapper: 
<MAP>Id =0
  <Children>null
  <\Children>
  <Parent><\Parent>
<\MAP>
2024-04-24T01:10:33,963  INFO [LocalJobRunner Map Task Executor #0] exec.TableScanOperator: Initializing Operator: TS[0]
2024-04-24T01:10:33,963  INFO [LocalJobRunner Map Task Executor #0] vector.VectorFilterOperator: Initializing Operator: FIL[9]
2024-04-24T01:10:33,963  INFO [LocalJobRunner Map Task Executor #0] vector.VectorSelectOperator: Initializing Operator: SEL[10]
2024-04-24T01:10:33,964  INFO [LocalJobRunner Map Task Executor #0] vector.VectorReduceSinkOperator: Initializing Operator: RS[11]
2024-04-24T01:10:33,964  INFO [LocalJobRunner Map Task Executor #0] vector.VectorReduceSinkOperator: Using tag = -1
2024-04-24T01:10:33,964  INFO [LocalJobRunner Map Task Executor #0] vector.VectorReduceSinkOperator: keys are [reducesinkkey0] num distributions: 1
2024-04-24T01:10:33,965 ERROR [LocalJobRunner Map Task Executor #0] mr.ExecMapper: org.apache.hadoop.hive.ql.metadata.HiveException: Hive Runtime Error while processing row 
	at org.apache.hadoop.hive.ql.exec.vector.VectorMapOperator.process(VectorMapOperator.java:993)
	at org.apache.hadoop.hive.ql.exec.mr.ExecMapper.map(ExecMapper.java:148)
	at org.apache.hadoop.mapred.MapRunner.run(MapRunner.java:54)
	at org.apache.hadoop.hive.ql.exec.mr.ExecMapRunner.run(ExecMapRunner.java:37)
	at org.apache.hadoop.mapred.MapTask.runOldMapper(MapTask.java:465)
	at org.apache.hadoop.mapred.MapTask.run(MapTask.java:349)
	at org.apache.hadoop.mapred.LocalJobRunner$Job$MapTaskRunnable.run(LocalJobRunner.java:271)
	at java.util.concurrent.Executors$RunnableAdapter.call(Executors.java:511)
	at java.util.concurrent.FutureTask.run(FutureTask.java:266)
	at java.util.concurrent.ThreadPoolExecutor.runWorker(ThreadPoolExecutor.java:1149)
	at java.util.concurrent.ThreadPoolExecutor$Worker.run(ThreadPoolExecutor.java:624)
	at java.lang.Thread.run(Thread.java:750)
Caused by: org.apache.hadoop.hive.ql.exec.NoMatchingMethodException: No matching method for class org.apache.hadoop.hive.ql.udf.UDFToInteger with (struct<writeid:bigint,bucketid:int,rowid:bigint>). Possible choices: _FUNC_(bigint)  _FUNC_(boolean)  _FUNC_(decimal(38,18))  _FUNC_(double)  _FUNC_(float)  _FUNC_(smallint)  _FUNC_(string)  _FUNC_(struct<rowid:bigint,writeid:bigint,bucketid:int>)  _FUNC_(timestamp)  _FUNC_(tinyint)  _FUNC_(void)  
	at org.apache.hadoop.hive.ql.exec.MethodUtils.getMethodInternal(MethodUtils.java:130)
	at org.apache.hadoop.hive.ql.exec.MethodUtils.getMethodInternal(MethodUtils.java:60)
	at org.apache.hadoop.hive.ql.exec.DefaultUDFMethodResolver.getEvalMethod(DefaultUDFMethodResolver.java:59)
	at org.apache.hadoop.hive.ql.udf.TimestampCastRestrictorResolver.getEvalMethod(TimestampCastRestrictorResolver.java:68)
	at org.apache.hadoop.hive.ql.udf.generic.GenericUDFBridge.initialize(GenericUDFBridge.java:168)
	at org.apache.hadoop.hive.ql.udf.generic.GenericUDF.initializeAndFoldConstants(GenericUDF.java:149)
	at org.apache.hadoop.hive.ql.exec.ExprNodeGenericFuncEvaluator.initialize(ExprNodeGenericFuncEvaluator.java:184)
	at org.apache.hadoop.hive.ql.exec.Operator.initEvaluators(Operator.java:1073)
	at org.apache.hadoop.hive.ql.exec.ReduceSinkOperator.process(ReduceSinkOperator.java:307)
	at org.apache.hadoop.hive.ql.exec.vector.VectorReduceSinkOperator.process(VectorReduceSinkOperator.java:115)
	at org.apache.hadoop.hive.ql.exec.Operator.vectorForward(Operator.java:919)
	at org.apache.hadoop.hive.ql.exec.vector.VectorSelectOperator.process(VectorSelectOperator.java:158)
	at org.apache.hadoop.hive.ql.exec.Operator.vectorForward(Operator.java:919)
	at org.apache.hadoop.hive.ql.exec.vector.VectorFilterOperator.process(VectorFilterOperator.java:136)
	at org.apache.hadoop.hive.ql.exec.Operator.vectorForward(Operator.java:919)
	at org.apache.hadoop.hive.ql.exec.TableScanOperator.process(TableScanOperator.java:171)
	at org.apache.hadoop.hive.ql.exec.vector.VectorMapOperator.deliverVectorizedRowBatch(VectorMapOperator.java:809)
	at org.apache.hadoop.hive.ql.exec.vector.VectorMapOperator.process(VectorMapOperator.java:878)
	... 11 more

2024-04-24T01:10:33,965  INFO [LocalJobRunner Map Task Executor #0] vector.VectorMapOperator: Closing Operator: MAP[0]
2024-04-24T01:10:33,965  INFO [LocalJobRunner Map Task Executor #0] vector.VectorMapOperator: RECORDS_OUT_INTERMEDIATE:0, RECORDS_OUT_OPERATOR_MAP_0:0, RECORDS_IN:1, DESERIALIZE_ERRORS:0, 
2024-04-24T01:10:33,965  INFO [LocalJobRunner Map Task Executor #0] exec.TableScanOperator: Closing Operator: TS[0]
2024-04-24T01:10:33,965  INFO [LocalJobRunner Map Task Executor #0] exec.TableScanOperator: RECORDS_OUT_OPERATOR_TS_0:1, RECORDS_OUT_INTERMEDIATE:0, 
2024-04-24T01:10:33,965  INFO [LocalJobRunner Map Task Executor #0] vector.VectorFilterOperator: Closing Operator: FIL[9]
2024-04-24T01:10:33,966  INFO [LocalJobRunner Map Task Executor #0] vector.VectorFilterOperator: RECORDS_OUT_OPERATOR_FIL_9:1, RECORDS_OUT_INTERMEDIATE:0, 
2024-04-24T01:10:33,966  INFO [LocalJobRunner Map Task Executor #0] vector.VectorSelectOperator: Closing Operator: SEL[10]
2024-04-24T01:10:33,966  INFO [LocalJobRunner Map Task Executor #0] vector.VectorSelectOperator: RECORDS_OUT_OPERATOR_SEL_10:1, RECORDS_OUT_INTERMEDIATE:0, 
2024-04-24T01:10:33,966  INFO [LocalJobRunner Map Task Executor #0] vector.VectorReduceSinkOperator: Closing Operator: RS[11]
2024-04-24T01:10:33,966  INFO [LocalJobRunner Map Task Executor #0] vector.VectorReduceSinkOperator: RS[11]: Total records written - 0. abort - true
2024-04-24T01:10:33,966  INFO [LocalJobRunner Map Task Executor #0] vector.VectorReduceSinkOperator: RECORDS_OUT_INTERMEDIATE:0, RECORDS_OUT_OPERATOR_RS_11:0, 
2024-04-24T01:10:33,967  INFO [LocalJobRunner Map Task Executor #0] mapred.LocalJobRunner: Starting task: attempt_local1136491382_0049_m_000002_0
2024-04-24T01:10:33,967  INFO [LocalJobRunner Map Task Executor #0] mapred.Task:  Using ResourceCalculatorProcessTree : [ ]
2024-04-24T01:10:33,968  INFO [LocalJobRunner Map Task Executor #0] mapred.MapTask: Processing split: org.apache.hadoop.hive.ql.io.orc.OrcInputFormat:OrcSplit [file:/home/alex/Repositories/hive/ql/target/tmp/org.apache.hadoop.hive.ql.TestTxnCommands-1713946100941/warehouse/acidtbl/delta_0000002_0000002_0000/bucket_00000_0, start=0, length=672, isOriginal=false, fileLength=672, hasFooter=false, hasBase=true, deltas=0]
2024-04-24T01:10:33,968  INFO [LocalJobRunner Map Task Executor #0] exec.SerializationUtilities: Deserializing MapWork using kryo
2024-04-24T01:10:33,969  INFO [LocalJobRunner Map Task Executor #0] exec.Utilities: Deserialized plan (via FILE) - name: null size: 7,26KB
2024-04-24T01:10:33,969  INFO [LocalJobRunner Map Task Executor #0] orc.OrcInputFormat: ORC pushdown predicate: (not leaf-(EQUALS b 1))
2024-04-24T01:10:33,970  INFO [LocalJobRunner Map Task Executor #0] orc.VectorizedOrcAcidRowBatchReader: Read ValidWriteIdList: default.acidtbl:2:9223372036854775807:::OrcSplit [file:/home/alex/Repositories/hive/ql/target/tmp/org.apache.hadoop.hive.ql.TestTxnCommands-1713946100941/warehouse/acidtbl/delta_0000002_0000002_0000/bucket_00000_0, start=0, length=672, isOriginal=false, fileLength=672, hasFooter=false, hasBase=true, deltas=0]
2024-04-24T01:10:33,970  INFO [LocalJobRunner Map Task Executor #0] orc.ReaderImpl: Reading ORC rows from file:/home/alex/Repositories/hive/ql/target/tmp/org.apache.hadoop.hive.ql.TestTxnCommands-1713946100941/warehouse/acidtbl/delta_0000002_0000002_0000/bucket_00000_0 with {include: [true, true, true], offset: 0, length: 672, sarg: (not leaf-(EQUALS b 1)), schema: struct<a:int,b:int>, includeAcidColumns: true}
2024-04-24T01:10:33,972  INFO [LocalJobRunner Map Task Executor #0] mapred.MapTask: numReduceTasks: 2
2024-04-24T01:10:33,976  INFO [LocalJobRunner Map Task Executor #0] mapred.MapTask: (EQUATOR) 0 kvi 26214396(104857584)
2024-04-24T01:10:33,976  INFO [LocalJobRunner Map Task Executor #0] mapred.MapTask: mapreduce.task.io.sort.mb: 100
2024-04-24T01:10:33,976  INFO [LocalJobRunner Map Task Executor #0] mapred.MapTask: soft limit at 83886080
2024-04-24T01:10:33,976  INFO [LocalJobRunner Map Task Executor #0] mapred.MapTask: bufstart = 0; bufvoid = 104857600
2024-04-24T01:10:33,976  INFO [LocalJobRunner Map Task Executor #0] mapred.MapTask: kvstart = 26214396; length = 6553600
2024-04-24T01:10:33,976  INFO [LocalJobRunner Map Task Executor #0] mapred.MapTask: Map output collector class = org.apache.hadoop.mapred.MapTask$MapOutputBuffer
2024-04-24T01:10:33,977  INFO [LocalJobRunner Map Task Executor #0] vector.VectorMapOperator: Initializing Operator: MAP[0]
2024-04-24T01:10:33,977  INFO [LocalJobRunner Map Task Executor #0] mr.ExecMapper: 
<MAP>Id =0
  <Children>null
  <\Children>
  <Parent><\Parent>
<\MAP>
2024-04-24T01:10:33,978  INFO [LocalJobRunner Map Task Executor #0] exec.TableScanOperator: Initializing Operator: TS[0]
2024-04-24T01:10:33,978  INFO [LocalJobRunner Map Task Executor #0] vector.VectorFilterOperator: Initializing Operator: FIL[9]
2024-04-24T01:10:33,978  INFO [LocalJobRunner Map Task Executor #0] vector.VectorSelectOperator: Initializing Operator: SEL[10]
2024-04-24T01:10:33,978  INFO [LocalJobRunner Map Task Executor #0] vector.VectorReduceSinkOperator: Initializing Operator: RS[11]
2024-04-24T01:10:33,978  INFO [LocalJobRunner Map Task Executor #0] vector.VectorReduceSinkOperator: Using tag = -1
2024-04-24T01:10:33,979  INFO [LocalJobRunner Map Task Executor #0] vector.VectorReduceSinkOperator: keys are [reducesinkkey0] num distributions: 1
2024-04-24T01:10:33,979 ERROR [LocalJobRunner Map Task Executor #0] mr.ExecMapper: org.apache.hadoop.hive.ql.metadata.HiveException: Hive Runtime Error while processing row 
	at org.apache.hadoop.hive.ql.exec.vector.VectorMapOperator.process(VectorMapOperator.java:993)
	at org.apache.hadoop.hive.ql.exec.mr.ExecMapper.map(ExecMapper.java:148)
	at org.apache.hadoop.mapred.MapRunner.run(MapRunner.java:54)
	at org.apache.hadoop.hive.ql.exec.mr.ExecMapRunner.run(ExecMapRunner.java:37)
	at org.apache.hadoop.mapred.MapTask.runOldMapper(MapTask.java:465)
	at org.apache.hadoop.mapred.MapTask.run(MapTask.java:349)
	at org.apache.hadoop.mapred.LocalJobRunner$Job$MapTaskRunnable.run(LocalJobRunner.java:271)
	at java.util.concurrent.Executors$RunnableAdapter.call(Executors.java:511)
	at java.util.concurrent.FutureTask.run(FutureTask.java:266)
	at java.util.concurrent.ThreadPoolExecutor.runWorker(ThreadPoolExecutor.java:1149)
	at java.util.concurrent.ThreadPoolExecutor$Worker.run(ThreadPoolExecutor.java:624)
	at java.lang.Thread.run(Thread.java:750)
Caused by: org.apache.hadoop.hive.ql.exec.NoMatchingMethodException: No matching method for class org.apache.hadoop.hive.ql.udf.UDFToInteger with (struct<writeid:bigint,bucketid:int,rowid:bigint>). Possible choices: _FUNC_(bigint)  _FUNC_(boolean)  _FUNC_(decimal(38,18))  _FUNC_(double)  _FUNC_(float)  _FUNC_(smallint)  _FUNC_(string)  _FUNC_(struct<rowid:bigint,writeid:bigint,bucketid:int>)  _FUNC_(timestamp)  _FUNC_(tinyint)  _FUNC_(void)  
	at org.apache.hadoop.hive.ql.exec.MethodUtils.getMethodInternal(MethodUtils.java:130)
	at org.apache.hadoop.hive.ql.exec.MethodUtils.getMethodInternal(MethodUtils.java:60)
	at org.apache.hadoop.hive.ql.exec.DefaultUDFMethodResolver.getEvalMethod(DefaultUDFMethodResolver.java:59)
	at org.apache.hadoop.hive.ql.udf.TimestampCastRestrictorResolver.getEvalMethod(TimestampCastRestrictorResolver.java:68)
	at org.apache.hadoop.hive.ql.udf.generic.GenericUDFBridge.initialize(GenericUDFBridge.java:168)
	at org.apache.hadoop.hive.ql.udf.generic.GenericUDF.initializeAndFoldConstants(GenericUDF.java:149)
	at org.apache.hadoop.hive.ql.exec.ExprNodeGenericFuncEvaluator.initialize(ExprNodeGenericFuncEvaluator.java:184)
	at org.apache.hadoop.hive.ql.exec.Operator.initEvaluators(Operator.java:1073)
	at org.apache.hadoop.hive.ql.exec.ReduceSinkOperator.process(ReduceSinkOperator.java:307)
	at org.apache.hadoop.hive.ql.exec.vector.VectorReduceSinkOperator.process(VectorReduceSinkOperator.java:115)
	at org.apache.hadoop.hive.ql.exec.Operator.vectorForward(Operator.java:919)
	at org.apache.hadoop.hive.ql.exec.vector.VectorSelectOperator.process(VectorSelectOperator.java:158)
	at org.apache.hadoop.hive.ql.exec.Operator.vectorForward(Operator.java:919)
	at org.apache.hadoop.hive.ql.exec.vector.VectorFilterOperator.process(VectorFilterOperator.java:136)
	at org.apache.hadoop.hive.ql.exec.Operator.vectorForward(Operator.java:919)
	at org.apache.hadoop.hive.ql.exec.TableScanOperator.process(TableScanOperator.java:171)
	at org.apache.hadoop.hive.ql.exec.vector.VectorMapOperator.deliverVectorizedRowBatch(VectorMapOperator.java:809)
	at org.apache.hadoop.hive.ql.exec.vector.VectorMapOperator.process(VectorMapOperator.java:878)
	... 11 more

2024-04-24T01:10:33,979  INFO [LocalJobRunner Map Task Executor #0] vector.VectorMapOperator: Closing Operator: MAP[0]
2024-04-24T01:10:33,980  INFO [LocalJobRunner Map Task Executor #0] vector.VectorMapOperator: RECORDS_OUT_INTERMEDIATE:0, RECORDS_OUT_OPERATOR_MAP_0:0, DESERIALIZE_ERRORS:0, RECORDS_IN:1, 
2024-04-24T01:10:33,980  INFO [LocalJobRunner Map Task Executor #0] exec.TableScanOperator: Closing Operator: TS[0]
2024-04-24T01:10:33,980  INFO [LocalJobRunner Map Task Executor #0] exec.TableScanOperator: RECORDS_OUT_INTERMEDIATE:0, RECORDS_OUT_OPERATOR_TS_0:1, 
2024-04-24T01:10:33,980  INFO [LocalJobRunner Map Task Executor #0] vector.VectorFilterOperator: Closing Operator: FIL[9]
2024-04-24T01:10:33,980  INFO [LocalJobRunner Map Task Executor #0] vector.VectorFilterOperator: RECORDS_OUT_OPERATOR_FIL_9:1, RECORDS_OUT_INTERMEDIATE:0, 
2024-04-24T01:10:33,980  INFO [LocalJobRunner Map Task Executor #0] vector.VectorSelectOperator: Closing Operator: SEL[10]
2024-04-24T01:10:33,980  INFO [LocalJobRunner Map Task Executor #0] vector.VectorSelectOperator: RECORDS_OUT_INTERMEDIATE:0, RECORDS_OUT_OPERATOR_SEL_10:1, 
2024-04-24T01:10:33,980  INFO [LocalJobRunner Map Task Executor #0] vector.VectorReduceSinkOperator: Closing Operator: RS[11]
2024-04-24T01:10:33,980  INFO [LocalJobRunner Map Task Executor #0] vector.VectorReduceSinkOperator: RS[11]: Total records written - 0. abort - true
2024-04-24T01:10:33,980  INFO [LocalJobRunner Map Task Executor #0] vector.VectorReduceSinkOperator: RECORDS_OUT_INTERMEDIATE:0, RECORDS_OUT_OPERATOR_RS_11:0, 
2024-04-24T01:10:33,981  INFO [LocalJobRunner Map Task Executor #0] mapred.LocalJobRunner: Starting task: attempt_local1136491382_0049_m_000003_0
2024-04-24T01:10:33,981  INFO [LocalJobRunner Map Task Executor #0] mapred.Task:  Using ResourceCalculatorProcessTree : [ ]
2024-04-24T01:10:33,982  INFO [LocalJobRunner Map Task Executor #0] mapred.MapTask: Processing split: org.apache.hadoop.hive.ql.io.orc.OrcInputFormat:OrcSplit [file:/home/alex/Repositories/hive/ql/target/tmp/org.apache.hadoop.hive.ql.TestTxnCommands-1713946100941/warehouse/acidtbl/delta_0000001_0000001_0000/bucket_00000_0, start=0, length=671, isOriginal=false, fileLength=671, hasFooter=false, hasBase=true, deltas=0]
2024-04-24T01:10:33,982  INFO [LocalJobRunner Map Task Executor #0] exec.SerializationUtilities: Deserializing MapWork using kryo
2024-04-24T01:10:33,983  INFO [LocalJobRunner Map Task Executor #0] exec.Utilities: Deserialized plan (via FILE) - name: null size: 7,26KB
2024-04-24T01:10:33,984  INFO [LocalJobRunner Map Task Executor #0] orc.OrcInputFormat: ORC pushdown predicate: (not leaf-(EQUALS b 1))
2024-04-24T01:10:33,984  INFO [LocalJobRunner Map Task Executor #0] orc.VectorizedOrcAcidRowBatchReader: Read ValidWriteIdList: default.acidtbl:2:9223372036854775807:::OrcSplit [file:/home/alex/Repositories/hive/ql/target/tmp/org.apache.hadoop.hive.ql.TestTxnCommands-1713946100941/warehouse/acidtbl/delta_0000001_0000001_0000/bucket_00000_0, start=0, length=671, isOriginal=false, fileLength=671, hasFooter=false, hasBase=true, deltas=0]
2024-04-24T01:10:33,984  INFO [LocalJobRunner Map Task Executor #0] orc.ReaderImpl: Reading ORC rows from file:/home/alex/Repositories/hive/ql/target/tmp/org.apache.hadoop.hive.ql.TestTxnCommands-1713946100941/warehouse/acidtbl/delta_0000001_0000001_0000/bucket_00000_0 with {include: [true, true, true], offset: 0, length: 671, sarg: (not leaf-(EQUALS b 1)), schema: struct<a:int,b:int>, includeAcidColumns: true}
2024-04-24T01:10:33,986  INFO [LocalJobRunner Map Task Executor #0] mapred.MapTask: numReduceTasks: 2
2024-04-24T01:10:33,990  INFO [LocalJobRunner Map Task Executor #0] mapred.MapTask: (EQUATOR) 0 kvi 26214396(104857584)
2024-04-24T01:10:33,990  INFO [LocalJobRunner Map Task Executor #0] mapred.MapTask: mapreduce.task.io.sort.mb: 100
2024-04-24T01:10:33,991  INFO [LocalJobRunner Map Task Executor #0] mapred.MapTask: soft limit at 83886080
2024-04-24T01:10:33,991  INFO [LocalJobRunner Map Task Executor #0] mapred.MapTask: bufstart = 0; bufvoid = 104857600
2024-04-24T01:10:33,991  INFO [LocalJobRunner Map Task Executor #0] mapred.MapTask: kvstart = 26214396; length = 6553600
2024-04-24T01:10:33,991  INFO [LocalJobRunner Map Task Executor #0] mapred.MapTask: Map output collector class = org.apache.hadoop.mapred.MapTask$MapOutputBuffer
2024-04-24T01:10:33,991  INFO [LocalJobRunner Map Task Executor #0] vector.VectorMapOperator: Initializing Operator: MAP[0]
2024-04-24T01:10:33,991  INFO [LocalJobRunner Map Task Executor #0] mr.ExecMapper: 
<MAP>Id =0
  <Children>null
  <\Children>
  <Parent><\Parent>
<\MAP>
2024-04-24T01:10:33,992  INFO [LocalJobRunner Map Task Executor #0] exec.TableScanOperator: Initializing Operator: TS[0]
2024-04-24T01:10:33,992  INFO [LocalJobRunner Map Task Executor #0] vector.VectorFilterOperator: Initializing Operator: FIL[9]
2024-04-24T01:10:33,992  INFO [LocalJobRunner Map Task Executor #0] vector.VectorSelectOperator: Initializing Operator: SEL[10]
2024-04-24T01:10:33,992  INFO [LocalJobRunner Map Task Executor #0] vector.VectorReduceSinkOperator: Initializing Operator: RS[11]
2024-04-24T01:10:33,992  INFO [LocalJobRunner Map Task Executor #0] vector.VectorReduceSinkOperator: Using tag = -1
2024-04-24T01:10:33,993  INFO [LocalJobRunner Map Task Executor #0] vector.VectorReduceSinkOperator: keys are [reducesinkkey0] num distributions: 1
2024-04-24T01:10:33,994 ERROR [LocalJobRunner Map Task Executor #0] mr.ExecMapper: org.apache.hadoop.hive.ql.metadata.HiveException: Hive Runtime Error while processing row 
	at org.apache.hadoop.hive.ql.exec.vector.VectorMapOperator.process(VectorMapOperator.java:993)
	at org.apache.hadoop.hive.ql.exec.mr.ExecMapper.map(ExecMapper.java:148)
	at org.apache.hadoop.mapred.MapRunner.run(MapRunner.java:54)
	at org.apache.hadoop.hive.ql.exec.mr.ExecMapRunner.run(ExecMapRunner.java:37)
	at org.apache.hadoop.mapred.MapTask.runOldMapper(MapTask.java:465)
	at org.apache.hadoop.mapred.MapTask.run(MapTask.java:349)
	at org.apache.hadoop.mapred.LocalJobRunner$Job$MapTaskRunnable.run(LocalJobRunner.java:271)
	at java.util.concurrent.Executors$RunnableAdapter.call(Executors.java:511)
	at java.util.concurrent.FutureTask.run(FutureTask.java:266)
	at java.util.concurrent.ThreadPoolExecutor.runWorker(ThreadPoolExecutor.java:1149)
	at java.util.concurrent.ThreadPoolExecutor$Worker.run(ThreadPoolExecutor.java:624)
	at java.lang.Thread.run(Thread.java:750)
Caused by: org.apache.hadoop.hive.ql.exec.NoMatchingMethodException: No matching method for class org.apache.hadoop.hive.ql.udf.UDFToInteger with (struct<writeid:bigint,bucketid:int,rowid:bigint>). Possible choices: _FUNC_(bigint)  _FUNC_(boolean)  _FUNC_(decimal(38,18))  _FUNC_(double)  _FUNC_(float)  _FUNC_(smallint)  _FUNC_(string)  _FUNC_(struct<rowid:bigint,writeid:bigint,bucketid:int>)  _FUNC_(timestamp)  _FUNC_(tinyint)  _FUNC_(void)  
	at org.apache.hadoop.hive.ql.exec.MethodUtils.getMethodInternal(MethodUtils.java:130)
	at org.apache.hadoop.hive.ql.exec.MethodUtils.getMethodInternal(MethodUtils.java:60)
	at org.apache.hadoop.hive.ql.exec.DefaultUDFMethodResolver.getEvalMethod(DefaultUDFMethodResolver.java:59)
	at org.apache.hadoop.hive.ql.udf.TimestampCastRestrictorResolver.getEvalMethod(TimestampCastRestrictorResolver.java:68)
	at org.apache.hadoop.hive.ql.udf.generic.GenericUDFBridge.initialize(GenericUDFBridge.java:168)
	at org.apache.hadoop.hive.ql.udf.generic.GenericUDF.initializeAndFoldConstants(GenericUDF.java:149)
	at org.apache.hadoop.hive.ql.exec.ExprNodeGenericFuncEvaluator.initialize(ExprNodeGenericFuncEvaluator.java:184)
	at org.apache.hadoop.hive.ql.exec.Operator.initEvaluators(Operator.java:1073)
	at org.apache.hadoop.hive.ql.exec.ReduceSinkOperator.process(ReduceSinkOperator.java:307)
	at org.apache.hadoop.hive.ql.exec.vector.VectorReduceSinkOperator.process(VectorReduceSinkOperator.java:115)
	at org.apache.hadoop.hive.ql.exec.Operator.vectorForward(Operator.java:919)
	at org.apache.hadoop.hive.ql.exec.vector.VectorSelectOperator.process(VectorSelectOperator.java:158)
	at org.apache.hadoop.hive.ql.exec.Operator.vectorForward(Operator.java:919)
	at org.apache.hadoop.hive.ql.exec.vector.VectorFilterOperator.process(VectorFilterOperator.java:136)
	at org.apache.hadoop.hive.ql.exec.Operator.vectorForward(Operator.java:919)
	at org.apache.hadoop.hive.ql.exec.TableScanOperator.process(TableScanOperator.java:171)
	at org.apache.hadoop.hive.ql.exec.vector.VectorMapOperator.deliverVectorizedRowBatch(VectorMapOperator.java:809)
	at org.apache.hadoop.hive.ql.exec.vector.VectorMapOperator.process(VectorMapOperator.java:878)
	... 11 more

2024-04-24T01:10:33,994  INFO [LocalJobRunner Map Task Executor #0] vector.VectorMapOperator: Closing Operator: MAP[0]
2024-04-24T01:10:33,994  INFO [LocalJobRunner Map Task Executor #0] vector.VectorMapOperator: RECORDS_OUT_INTERMEDIATE:0, DESERIALIZE_ERRORS:0, RECORDS_IN:1, RECORDS_OUT_OPERATOR_MAP_0:0, 
2024-04-24T01:10:33,994  INFO [LocalJobRunner Map Task Executor #0] exec.TableScanOperator: Closing Operator: TS[0]
2024-04-24T01:10:33,994  INFO [LocalJobRunner Map Task Executor #0] exec.TableScanOperator: RECORDS_OUT_OPERATOR_TS_0:1, RECORDS_OUT_INTERMEDIATE:0, 
2024-04-24T01:10:33,994  INFO [LocalJobRunner Map Task Executor #0] vector.VectorFilterOperator: Closing Operator: FIL[9]
2024-04-24T01:10:33,994  INFO [LocalJobRunner Map Task Executor #0] vector.VectorFilterOperator: RECORDS_OUT_INTERMEDIATE:0, RECORDS_OUT_OPERATOR_FIL_9:1, 
2024-04-24T01:10:33,994  INFO [LocalJobRunner Map Task Executor #0] vector.VectorSelectOperator: Closing Operator: SEL[10]
2024-04-24T01:10:33,994  INFO [LocalJobRunner Map Task Executor #0] vector.VectorSelectOperator: RECORDS_OUT_OPERATOR_SEL_10:1, RECORDS_OUT_INTERMEDIATE:0, 
2024-04-24T01:10:33,994  INFO [LocalJobRunner Map Task Executor #0] vector.VectorReduceSinkOperator: Closing Operator: RS[11]
2024-04-24T01:10:33,994  INFO [LocalJobRunner Map Task Executor #0] vector.VectorReduceSinkOperator: RS[11]: Total records written - 0. abort - true
2024-04-24T01:10:33,994  INFO [LocalJobRunner Map Task Executor #0] vector.VectorReduceSinkOperator: RECORDS_OUT_OPERATOR_RS_11:0, RECORDS_OUT_INTERMEDIATE:0, 
2024-04-24T01:10:33,995  INFO [Thread-4030] mapred.LocalJobRunner: map task executor complete.
2024-04-24T01:10:33,995  WARN [Thread-4030] mapred.LocalJobRunner: job_local1136491382_0049
java.lang.Exception: java.lang.RuntimeException: org.apache.hadoop.hive.ql.metadata.HiveException: Hive Runtime Error while processing row 
	at org.apache.hadoop.mapred.LocalJobRunner$Job.runTasks(LocalJobRunner.java:492) ~[hadoop-mapreduce-client-common-3.1.0.jar:?]
	at org.apache.hadoop.mapred.LocalJobRunner$Job.run(LocalJobRunner.java:552) [hadoop-mapreduce-client-common-3.1.0.jar:?]
Caused by: java.lang.RuntimeException: org.apache.hadoop.hive.ql.metadata.HiveException: Hive Runtime Error while processing row 
	at org.apache.hadoop.hive.ql.exec.mr.ExecMapper.map(ExecMapper.java:157) ~[classes/:?]
	at org.apache.hadoop.mapred.MapRunner.run(MapRunner.java:54) ~[hadoop-mapreduce-client-core-3.1.0.jar:?]
	at org.apache.hadoop.hive.ql.exec.mr.ExecMapRunner.run(ExecMapRunner.java:37) ~[classes/:?]
	at org.apache.hadoop.mapred.MapTask.runOldMapper(MapTask.java:465) ~[hadoop-mapreduce-client-core-3.1.0.jar:?]
	at org.apache.hadoop.mapred.MapTask.run(MapTask.java:349) ~[hadoop-mapreduce-client-core-3.1.0.jar:?]
	at org.apache.hadoop.mapred.LocalJobRunner$Job$MapTaskRunnable.run(LocalJobRunner.java:271) ~[hadoop-mapreduce-client-common-3.1.0.jar:?]
	at java.util.concurrent.Executors$RunnableAdapter.call(Executors.java:511) ~[?:1.8.0_402]
	at java.util.concurrent.FutureTask.run(FutureTask.java:266) ~[?:1.8.0_402]
	at java.util.concurrent.ThreadPoolExecutor.runWorker(ThreadPoolExecutor.java:1149) ~[?:1.8.0_402]
	at java.util.concurrent.ThreadPoolExecutor$Worker.run(ThreadPoolExecutor.java:624) ~[?:1.8.0_402]
	at java.lang.Thread.run(Thread.java:750) ~[?:1.8.0_402]
Caused by: org.apache.hadoop.hive.ql.metadata.HiveException: Hive Runtime Error while processing row 
	at org.apache.hadoop.hive.ql.exec.vector.VectorMapOperator.process(VectorMapOperator.java:993) ~[classes/:?]
	at org.apache.hadoop.hive.ql.exec.mr.ExecMapper.map(ExecMapper.java:148) ~[classes/:?]
	at org.apache.hadoop.mapred.MapRunner.run(MapRunner.java:54) ~[hadoop-mapreduce-client-core-3.1.0.jar:?]
	at org.apache.hadoop.hive.ql.exec.mr.ExecMapRunner.run(ExecMapRunner.java:37) ~[classes/:?]
	at org.apache.hadoop.mapred.MapTask.runOldMapper(MapTask.java:465) ~[hadoop-mapreduce-client-core-3.1.0.jar:?]
	at org.apache.hadoop.mapred.MapTask.run(MapTask.java:349) ~[hadoop-mapreduce-client-core-3.1.0.jar:?]
	at org.apache.hadoop.mapred.LocalJobRunner$Job$MapTaskRunnable.run(LocalJobRunner.java:271) ~[hadoop-mapreduce-client-common-3.1.0.jar:?]
	at java.util.concurrent.Executors$RunnableAdapter.call(Executors.java:511) ~[?:1.8.0_402]
	at java.util.concurrent.FutureTask.run(FutureTask.java:266) ~[?:1.8.0_402]
	at java.util.concurrent.ThreadPoolExecutor.runWorker(ThreadPoolExecutor.java:1149) ~[?:1.8.0_402]
	at java.util.concurrent.ThreadPoolExecutor$Worker.run(ThreadPoolExecutor.java:624) ~[?:1.8.0_402]
	at java.lang.Thread.run(Thread.java:750) ~[?:1.8.0_402]
Caused by: org.apache.hadoop.hive.ql.exec.NoMatchingMethodException: No matching method for class org.apache.hadoop.hive.ql.udf.UDFToInteger with (struct<writeid:bigint,bucketid:int,rowid:bigint>). Possible choices: _FUNC_(bigint)  _FUNC_(boolean)  _FUNC_(decimal(38,18))  _FUNC_(double)  _FUNC_(float)  _FUNC_(smallint)  _FUNC_(string)  _FUNC_(struct<rowid:bigint,writeid:bigint,bucketid:int>)  _FUNC_(timestamp)  _FUNC_(tinyint)  _FUNC_(void)  
	at org.apache.hadoop.hive.ql.exec.MethodUtils.getMethodInternal(MethodUtils.java:130) ~[classes/:?]
	at org.apache.hadoop.hive.ql.exec.MethodUtils.getMethodInternal(MethodUtils.java:60) ~[classes/:?]
	at org.apache.hadoop.hive.ql.exec.DefaultUDFMethodResolver.getEvalMethod(DefaultUDFMethodResolver.java:59) ~[classes/:?]
	at org.apache.hadoop.hive.ql.udf.TimestampCastRestrictorResolver.getEvalMethod(TimestampCastRestrictorResolver.java:68) ~[classes/:?]
	at org.apache.hadoop.hive.ql.udf.generic.GenericUDFBridge.initialize(GenericUDFBridge.java:168) ~[classes/:?]
	at org.apache.hadoop.hive.ql.udf.generic.GenericUDF.initializeAndFoldConstants(GenericUDF.java:149) ~[classes/:?]
	at org.apache.hadoop.hive.ql.exec.ExprNodeGenericFuncEvaluator.initialize(ExprNodeGenericFuncEvaluator.java:184) ~[classes/:?]
	at org.apache.hadoop.hive.ql.exec.Operator.initEvaluators(Operator.java:1073) ~[classes/:?]
	at org.apache.hadoop.hive.ql.exec.ReduceSinkOperator.process(ReduceSinkOperator.java:307) ~[classes/:?]
	at org.apache.hadoop.hive.ql.exec.vector.VectorReduceSinkOperator.process(VectorReduceSinkOperator.java:115) ~[classes/:?]
	at org.apache.hadoop.hive.ql.exec.Operator.vectorForward(Operator.java:919) ~[classes/:?]
	at org.apache.hadoop.hive.ql.exec.vector.VectorSelectOperator.process(VectorSelectOperator.java:158) ~[classes/:?]
	at org.apache.hadoop.hive.ql.exec.Operator.vectorForward(Operator.java:919) ~[classes/:?]
	at org.apache.hadoop.hive.ql.exec.vector.VectorFilterOperator.process(VectorFilterOperator.java:136) ~[classes/:?]
	at org.apache.hadoop.hive.ql.exec.Operator.vectorForward(Operator.java:919) ~[classes/:?]
	at org.apache.hadoop.hive.ql.exec.TableScanOperator.process(TableScanOperator.java:171) ~[classes/:?]
	at org.apache.hadoop.hive.ql.exec.vector.VectorMapOperator.deliverVectorizedRowBatch(VectorMapOperator.java:809) ~[classes/:?]
	at org.apache.hadoop.hive.ql.exec.vector.VectorMapOperator.process(VectorMapOperator.java:878) ~[classes/:?]
	at org.apache.hadoop.hive.ql.exec.mr.ExecMapper.map(ExecMapper.java:148) ~[classes/:?]
	at org.apache.hadoop.mapred.MapRunner.run(MapRunner.java:54) ~[hadoop-mapreduce-client-core-3.1.0.jar:?]
	at org.apache.hadoop.hive.ql.exec.mr.ExecMapRunner.run(ExecMapRunner.java:37) ~[classes/:?]
	at org.apache.hadoop.mapred.MapTask.runOldMapper(MapTask.java:465) ~[hadoop-mapreduce-client-core-3.1.0.jar:?]
	at org.apache.hadoop.mapred.MapTask.run(MapTask.java:349) ~[hadoop-mapreduce-client-core-3.1.0.jar:?]
	at org.apache.hadoop.mapred.LocalJobRunner$Job$MapTaskRunnable.run(LocalJobRunner.java:271) ~[hadoop-mapreduce-client-common-3.1.0.jar:?]
	at java.util.concurrent.Executors$RunnableAdapter.call(Executors.java:511) ~[?:1.8.0_402]
	at java.util.concurrent.FutureTask.run(FutureTask.java:266) ~[?:1.8.0_402]
	at java.util.concurrent.ThreadPoolExecutor.runWorker(ThreadPoolExecutor.java:1149) ~[?:1.8.0_402]
	at java.util.concurrent.ThreadPoolExecutor$Worker.run(ThreadPoolExecutor.java:624) ~[?:1.8.0_402]
	at java.lang.Thread.run(Thread.java:750) ~[?:1.8.0_402]
2024-04-24T01:10:34,929  WARN [main] mapreduce.Counters: Group org.apache.hadoop.mapred.Task$Counter is deprecated. Use org.apache.hadoop.mapreduce.TaskCounter instead
2024-04-24 01:10:34,929 Stage-1 map = 0%,  reduce = 0%
2024-04-24T01:10:34,930  INFO [main] exec.Task: 2024-04-24 01:10:34,929 Stage-1 map = 0%,  reduce = 0%
2024-04-24T01:10:34,930  WARN [main] mapreduce.Counters: Group org.apache.hadoop.mapred.Task$Counter is deprecated. Use org.apache.hadoop.mapreduce.TaskCounter instead
Ended Job = job_local1136491382_0049 with errors
2024-04-24T01:10:34,930 ERROR [main] exec.Task: Ended Job = job_local1136491382_0049 with errors
Error during job, obtaining debugging information...
2024-04-24T01:10:34,930 ERROR [Thread-4038] exec.Task: Error during job, obtaining debugging information...
2024-04-24T01:10:34,932  INFO [main] FileOperations: Deleting file:/home/alex/Repositories/hive/ql/target/tmp/org.apache.hadoop.hive.ql.TestTxnCommands-1713946100941/warehouse/acidtbl/_tmp.delta_0000002_0000002_0001 on failure
FAILED: Execution Error, return code 2 from org.apache.hadoop.hive.ql.exec.mr.MapRedTask
2024-04-24T01:10:34,932 ERROR [main] ql.Driver: FAILED: Execution Error, return code 2 from org.apache.hadoop.hive.ql.exec.mr.MapRedTask
2024-04-24T01:10:34,932  INFO [main] metadata.Hive: Dumping metastore api call timing information for : execution phase
2024-04-24T01:10:34,932  INFO [main] metadata.Hive: Total time spent in each metastore function (ms): {}
MapReduce Jobs Launched: 
2024-04-24T01:10:34,932  INFO [main] ql.Driver: MapReduce Jobs Launched: 
2024-04-24T01:10:34,932  WARN [main] mapreduce.Counters: Group FileSystemCounters is deprecated. Use org.apache.hadoop.mapreduce.FileSystemCounter instead
Stage-Stage-1:  HDFS Read: 0 HDFS Write: 0 FAIL
2024-04-24T01:10:34,932  INFO [main] ql.Driver: Stage-Stage-1:  HDFS Read: 0 HDFS Write: 0 FAIL
Total MapReduce CPU Time Spent: 0 msec
2024-04-24T01:10:34,932  INFO [main] ql.Driver: Total MapReduce CPU Time Spent: 0 msec
2024-04-24T01:10:34,932  INFO [main] ql.Driver: Completed executing command(queryId=alex_20240424011033_a317075d-aea3-4173-a88f-ebc45d1446e0); Time taken: 1.286 seconds
2024-04-24T01:10:34,932  INFO [main] lockmgr.DbTxnManager: Stopped heartbeat for query: alex_20240424011033_a317075d-aea3-4173-a88f-ebc45d1446e0
2024-04-24T01:10:34,935  INFO [main] txn.TxnHandler: Removed transactions: ([15]) from MIN_HISTORY_LEVEL
2024-04-24T01:10:34,941  INFO [main] ql.TxnCommandsBaseForTests: Running the query: drop table if exists acidTbl
2024-04-24T01:10:34,941  INFO [main] ql.Context: Deleting scratch dir: file:/home/alex/Repositories/hive/ql/target/tmp/localscratchdir/fc2e988a-c8c6-44c0-8874-d949350f00a3/hive_2024-04-24_01-10-33_427_2991610578934192271-1
2024-04-24T01:10:34,941  INFO [main] cleanup.SyncCleanupService: Deleted directory: file:/home/alex/Repositories/hive/ql/target/tmp/localscratchdir/fc2e988a-c8c6-44c0-8874-d949350f00a3/hive_2024-04-24_01-10-33_427_2991610578934192271-1 on fs with scheme file
2024-04-24T01:10:34,941  INFO [main] ql.Context: Deleting scratch dir: file:/home/alex/Repositories/hive/ql/target/tmp/localscratchdir/fc2e988a-c8c6-44c0-8874-d949350f00a3/hive_2024-04-24_01-10-33_420_2381545203717417455-1
2024-04-24T01:10:34,942  INFO [main] cleanup.SyncCleanupService: Deleted directory: file:/home/alex/Repositories/hive/ql/target/tmp/localscratchdir/fc2e988a-c8c6-44c0-8874-d949350f00a3/hive_2024-04-24_01-10-33_420_2381545203717417455-1 on fs with scheme file
2024-04-24T01:10:34,942  INFO [main] ql.Driver: Compiling command(queryId=alex_20240424011034_7344a4d2-cfc6-4f07-8dc6-b6852e753be4): drop table if exists acidTbl
2024-04-24T01:10:34,945  INFO [main] txn.TxnHandler: Added entries to MIN_HISTORY_LEVEL for current txns: ([16]) with min_open_txn: 16
2024-04-24T01:10:34,945  INFO [main] lockmgr.DbTxnManager: Opened txnid:16
2024-04-24T01:10:34,946  INFO [main] HiveMetaStore.audit: ugi=alex	ip=unknown-ip-addr	cmd=get_table : tbl=hive.default.acidTbl	
2024-04-24T01:10:34,952  INFO [main] metastore.HMSHandler: Skipping translation for processor with null
2024-04-24T01:10:34,952  INFO [main] ql.Driver: Semantic Analysis Completed (retrial = false)
2024-04-24T01:10:34,952  INFO [main] ql.Driver: Created Hive schema: Schema(fieldSchemas:null, properties:null)
2024-04-24T01:10:34,952  INFO [main] metadata.Hive: Dumping metastore api call timing information for : compilation phase
2024-04-24T01:10:34,952  INFO [main] metadata.Hive: Total time spent in each metastore function (ms): {getTable_(GetTableRequest)=6, rollbackTxn_(long)=9, flushCache_()=0, isCompatibleWith_(Configuration)=0, getValidTxns_(long)=1, openTxn_(String, TxnType)=3}
2024-04-24T01:10:34,952  INFO [main] ql.Driver: Completed compiling command(queryId=alex_20240424011034_7344a4d2-cfc6-4f07-8dc6-b6852e753be4); Time taken: 0.01 seconds
2024-04-24T01:10:34,952  INFO [main] lockmgr.DbTxnManager: Setting lock request transaction to txnid:16 for queryId=alex_20240424011034_7344a4d2-cfc6-4f07-8dc6-b6852e753be4
2024-04-24T01:10:34,953  INFO [main] lockmgr.DbLockManager: Requesting lock for queryId=alex_20240424011034_7344a4d2-cfc6-4f07-8dc6-b6852e753be4
2024-04-24T01:10:34,967  INFO [main] lockmgr.DbLockManager: Response to queryId=alex_20240424011034_7344a4d2-cfc6-4f07-8dc6-b6852e753be4 LockResponse(lockid:12, state:ACQUIRED)
2024-04-24T01:10:34,967  INFO [main] ql.Driver: Operation DROPTABLE obtained 1 locks
2024-04-24T01:10:34,967  INFO [main] ql.Driver: Executing command(queryId=alex_20240424011034_7344a4d2-cfc6-4f07-8dc6-b6852e753be4): drop table if exists acidTbl
2024-04-24T01:10:34,968  INFO [main] ql.Driver: Starting task [Stage-0:DDL] in serial mode
2024-04-24T01:10:34,968  INFO [main] HiveMetaStore.audit: ugi=alex	ip=unknown-ip-addr	cmd=get_table : tbl=hive.default.acidTbl	
2024-04-24T01:10:34,974  INFO [main] metastore.HMSHandler: Skipping translation for processor with null
2024-04-24T01:10:34,974  INFO [main] HiveMetaStore.audit: ugi=alex	ip=unknown-ip-addr	cmd=get_table : tbl=hive.default.acidTbl	
2024-04-24T01:10:34,981  INFO [main] metastore.HMSHandler: Skipping translation for processor with null
2024-04-24T01:10:34,982  INFO [main] HiveMetaStore.audit: ugi=alex	ip=unknown-ip-addr	cmd=drop_table : tbl=hive.default.acidTbl	
2024-04-24T01:10:35,080  INFO [main] metadata.Hive: Dumping metastore api call timing information for : execution phase
2024-04-24T01:10:35,080  INFO [main] metadata.Hive: Total time spent in each metastore function (ms): {isCompatibleWith_(Configuration)=0, dropTable_(String, String, boolean, boolean, boolean)=106, getTable_(GetTableRequest)=6}
2024-04-24T01:10:35,080  INFO [main] ql.Driver: Completed executing command(queryId=alex_20240424011034_7344a4d2-cfc6-4f07-8dc6-b6852e753be4); Time taken: 0.113 seconds
2024-04-24T01:10:35,080  INFO [main] lockmgr.DbTxnManager: Stopped heartbeat for query: alex_20240424011034_7344a4d2-cfc6-4f07-8dc6-b6852e753be4
2024-04-24T01:10:35,084  INFO [main] txn.TxnHandler: Expected to move at least one record from txn_components to completed_txn_components when committing txn! txnid:16
2024-04-24T01:10:35,090  INFO [main] txn.TxnHandler: Removed transactions: ([16]) from MIN_HISTORY_LEVEL
2024-04-24T01:10:35,092  WARN [main] txn.CompactionTxnHandler: No compaction queue record found for Compaction type transaction commit. txnId:16
2024-04-24T01:10:35,092  INFO [main] ql.TxnCommandsBaseForTests: Running the query: drop table if exists acidTblPart
2024-04-24T01:10:35,093  INFO [main] ql.Driver: Compiling command(queryId=alex_20240424011035_339c0414-8d6c-43fc-8187-0944962129b7): drop table if exists acidTblPart
2024-04-24T01:10:35,101  INFO [main] txn.TxnHandler: Added entries to MIN_HISTORY_LEVEL for current txns: ([17]) with min_open_txn: 16
2024-04-24T01:10:35,101  INFO [main] lockmgr.DbTxnManager: Opened txnid:17
2024-04-24T01:10:35,104  INFO [main] HiveMetaStore.audit: ugi=alex	ip=unknown-ip-addr	cmd=get_table : tbl=hive.default.acidTblPart	
2024-04-24T01:10:35,111  INFO [main] metastore.HMSHandler: Skipping translation for processor with null
2024-04-24T01:10:35,112  INFO [main] ql.Driver: Semantic Analysis Completed (retrial = false)
2024-04-24T01:10:35,112  INFO [main] ql.Driver: Created Hive schema: Schema(fieldSchemas:null, properties:null)
2024-04-24T01:10:35,112  INFO [main] metadata.Hive: Dumping metastore api call timing information for : compilation phase
2024-04-24T01:10:35,112  INFO [main] metadata.Hive: Total time spent in each metastore function (ms): {openTxn_(String, TxnType)=8, getTable_(GetTableRequest)=8, getValidTxns_(long)=1, isCompatibleWith_(Configuration)=0, commitTxn_(CommitTxnRequest)=12, flushCache_()=0}
2024-04-24T01:10:35,112  INFO [main] ql.Driver: Completed compiling command(queryId=alex_20240424011035_339c0414-8d6c-43fc-8187-0944962129b7); Time taken: 0.019 seconds
2024-04-24T01:10:35,112  INFO [main] lockmgr.DbTxnManager: Setting lock request transaction to txnid:17 for queryId=alex_20240424011035_339c0414-8d6c-43fc-8187-0944962129b7
2024-04-24T01:10:35,113  INFO [main] lockmgr.DbLockManager: Requesting lock for queryId=alex_20240424011035_339c0414-8d6c-43fc-8187-0944962129b7
2024-04-24T01:10:35,127  INFO [main] lockmgr.DbLockManager: Response to queryId=alex_20240424011035_339c0414-8d6c-43fc-8187-0944962129b7 LockResponse(lockid:13, state:ACQUIRED)
2024-04-24T01:10:35,127  INFO [main] ql.Driver: Operation DROPTABLE obtained 1 locks
2024-04-24T01:10:35,127  INFO [main] ql.Driver: Executing command(queryId=alex_20240424011035_339c0414-8d6c-43fc-8187-0944962129b7): drop table if exists acidTblPart
2024-04-24T01:10:35,127  INFO [main] ql.Driver: Starting task [Stage-0:DDL] in serial mode
2024-04-24T01:10:35,127  INFO [main] HiveMetaStore.audit: ugi=alex	ip=unknown-ip-addr	cmd=get_table : tbl=hive.default.acidTblPart	
2024-04-24T01:10:35,134  INFO [main] metastore.HMSHandler: Skipping translation for processor with null
2024-04-24T01:10:35,134  INFO [main] HiveMetaStore.audit: ugi=alex	ip=unknown-ip-addr	cmd=get_table : tbl=hive.default.acidTblPart	
2024-04-24T01:10:35,140  INFO [main] metastore.HMSHandler: Skipping translation for processor with null
2024-04-24T01:10:35,141  INFO [main] HiveMetaStore.audit: ugi=alex	ip=unknown-ip-addr	cmd=drop_table : tbl=hive.default.acidTblPart	
2024-04-24T01:10:35,182  INFO [main] metadata.Hive: Dumping metastore api call timing information for : execution phase
2024-04-24T01:10:35,182  INFO [main] metadata.Hive: Total time spent in each metastore function (ms): {getTable_(GetTableRequest)=7, isCompatibleWith_(Configuration)=0, dropTable_(String, String, boolean, boolean, boolean)=48}
2024-04-24T01:10:35,182  INFO [main] ql.Driver: Completed executing command(queryId=alex_20240424011035_339c0414-8d6c-43fc-8187-0944962129b7); Time taken: 0.055 seconds
2024-04-24T01:10:35,182  INFO [main] lockmgr.DbTxnManager: Stopped heartbeat for query: alex_20240424011035_339c0414-8d6c-43fc-8187-0944962129b7
2024-04-24T01:10:35,185  INFO [main] txn.TxnHandler: Expected to move at least one record from txn_components to completed_txn_components when committing txn! txnid:17
2024-04-24T01:10:35,191  INFO [main] txn.TxnHandler: Removed transactions: ([17]) from MIN_HISTORY_LEVEL
2024-04-24T01:10:35,191  WARN [main] txn.CompactionTxnHandler: No compaction queue record found for Compaction type transaction commit. txnId:17
2024-04-24T01:10:35,192  INFO [main] ql.TxnCommandsBaseForTests: Running the query: drop table if exists acidTbl2
2024-04-24T01:10:35,192  INFO [main] ql.Driver: Compiling command(queryId=alex_20240424011035_b619c8dd-4852-4532-9160-a231713965ab): drop table if exists acidTbl2
2024-04-24T01:10:35,194  INFO [main] txn.TxnHandler: Added entries to MIN_HISTORY_LEVEL for current txns: ([18]) with min_open_txn: 16
2024-04-24T01:10:35,194  INFO [main] lockmgr.DbTxnManager: Opened txnid:18
2024-04-24T01:10:35,195  INFO [main] ql.Driver: Semantic Analysis Completed (retrial = false)
2024-04-24T01:10:35,195  INFO [main] ql.Driver: Created Hive schema: Schema(fieldSchemas:null, properties:null)
2024-04-24T01:10:35,195  INFO [main] metadata.Hive: Dumping metastore api call timing information for : compilation phase
2024-04-24T01:10:35,195  INFO [main] metadata.Hive: Total time spent in each metastore function (ms): {getValidTxns_(long)=1, isCompatibleWith_(Configuration)=0, commitTxn_(CommitTxnRequest)=10, getTable_(GetTableRequest)=0, openTxn_(String, TxnType)=2, flushCache_()=0}
2024-04-24T01:10:35,196  INFO [main] ql.Driver: Completed compiling command(queryId=alex_20240424011035_b619c8dd-4852-4532-9160-a231713965ab); Time taken: 0.003 seconds
2024-04-24T01:10:35,196  INFO [main] lockmgr.DbTxnManager: Setting lock request transaction to txnid:18 for queryId=alex_20240424011035_b619c8dd-4852-4532-9160-a231713965ab
2024-04-24T01:10:35,196  INFO [main] ql.Driver: Operation DROPTABLE obtained 0 locks
2024-04-24T01:10:35,196  INFO [main] ql.Driver: Executing command(queryId=alex_20240424011035_b619c8dd-4852-4532-9160-a231713965ab): drop table if exists acidTbl2
2024-04-24T01:10:35,196  INFO [main] ql.Driver: Starting task [Stage-0:DDL] in serial mode
2024-04-24T01:10:35,196  INFO [main] metadata.SessionHiveMetaStoreClient: Column stats doesn't exist for db=default temp table=acidTbl2
2024-04-24T01:10:35,197  INFO [main] metadata.Hive: Dumping metastore api call timing information for : execution phase
2024-04-24T01:10:35,197  INFO [main] metadata.Hive: Total time spent in each metastore function (ms): {isCompatibleWith_(Configuration)=0, dropTable_(String, String, boolean, boolean, boolean)=1, getTable_(GetTableRequest)=0}
2024-04-24T01:10:35,197  INFO [main] ql.Driver: Completed executing command(queryId=alex_20240424011035_b619c8dd-4852-4532-9160-a231713965ab); Time taken: 0.001 seconds
2024-04-24T01:10:35,197  INFO [main] lockmgr.DbTxnManager: Stopped heartbeat for query: alex_20240424011035_b619c8dd-4852-4532-9160-a231713965ab
2024-04-24T01:10:35,202  INFO [main] txn.TxnHandler: Expected to move at least one record from txn_components to completed_txn_components when committing txn! txnid:18
2024-04-24T01:10:35,208  INFO [main] txn.TxnHandler: Removed transactions: ([18]) from MIN_HISTORY_LEVEL
2024-04-24T01:10:35,208  WARN [main] txn.CompactionTxnHandler: No compaction queue record found for Compaction type transaction commit. txnId:18
2024-04-24T01:10:35,208  INFO [main] ql.TxnCommandsBaseForTests: Running the query: drop table if exists nonAcidOrcTbl
2024-04-24T01:10:35,209  INFO [main] ql.Driver: Compiling command(queryId=alex_20240424011035_5d79e264-e58f-48aa-a78d-89e91ed4fcc8): drop table if exists nonAcidOrcTbl
2024-04-24T01:10:35,210  INFO [main] txn.TxnHandler: Added entries to MIN_HISTORY_LEVEL for current txns: ([19]) with min_open_txn: 16
2024-04-24T01:10:35,211  INFO [main] lockmgr.DbTxnManager: Opened txnid:19
2024-04-24T01:10:35,211  INFO [main] HiveMetaStore.audit: ugi=alex	ip=unknown-ip-addr	cmd=get_table : tbl=hive.default.nonAcidOrcTbl	
2024-04-24T01:10:35,231  INFO [main] metastore.HMSHandler: Skipping translation for processor with null
2024-04-24T01:10:35,231  INFO [main] ql.Driver: Semantic Analysis Completed (retrial = false)
2024-04-24T01:10:35,232  INFO [main] ql.Driver: Created Hive schema: Schema(fieldSchemas:null, properties:null)
2024-04-24T01:10:35,232  INFO [main] metadata.Hive: Dumping metastore api call timing information for : compilation phase
2024-04-24T01:10:35,232  INFO [main] metadata.Hive: Total time spent in each metastore function (ms): {getValidTxns_(long)=0, getTable_(GetTableRequest)=20, isCompatibleWith_(Configuration)=0, commitTxn_(CommitTxnRequest)=11, flushCache_()=0, openTxn_(String, TxnType)=2}
2024-04-24T01:10:35,232  INFO [main] ql.Driver: Completed compiling command(queryId=alex_20240424011035_5d79e264-e58f-48aa-a78d-89e91ed4fcc8); Time taken: 0.023 seconds
2024-04-24T01:10:35,232  INFO [main] lockmgr.DbTxnManager: Setting lock request transaction to txnid:19 for queryId=alex_20240424011035_5d79e264-e58f-48aa-a78d-89e91ed4fcc8
2024-04-24T01:10:35,233  INFO [main] lockmgr.DbLockManager: Requesting lock for queryId=alex_20240424011035_5d79e264-e58f-48aa-a78d-89e91ed4fcc8
2024-04-24T01:10:35,246  INFO [main] lockmgr.DbLockManager: Response to queryId=alex_20240424011035_5d79e264-e58f-48aa-a78d-89e91ed4fcc8 LockResponse(lockid:14, state:ACQUIRED)
2024-04-24T01:10:35,246  INFO [main] ql.Driver: Operation DROPTABLE obtained 1 locks
2024-04-24T01:10:35,246  INFO [main] ql.Driver: Executing command(queryId=alex_20240424011035_5d79e264-e58f-48aa-a78d-89e91ed4fcc8): drop table if exists nonAcidOrcTbl
2024-04-24T01:10:35,246  INFO [main] ql.Driver: Starting task [Stage-0:DDL] in serial mode
2024-04-24T01:10:35,246  INFO [main] HiveMetaStore.audit: ugi=alex	ip=unknown-ip-addr	cmd=get_table : tbl=hive.default.nonAcidOrcTbl	
2024-04-24T01:10:35,264  INFO [main] metastore.HMSHandler: Skipping translation for processor with null
2024-04-24T01:10:35,264  INFO [main] HiveMetaStore.audit: ugi=alex	ip=unknown-ip-addr	cmd=get_table : tbl=hive.default.nonAcidOrcTbl	
2024-04-24T01:10:35,274  INFO [main] metastore.HMSHandler: Skipping translation for processor with null
2024-04-24T01:10:35,274  INFO [main] HiveMetaStore.audit: ugi=alex	ip=unknown-ip-addr	cmd=drop_table : tbl=hive.default.nonAcidOrcTbl	
2024-04-24T01:10:35,363  INFO [main] metadata.Hive: Dumping metastore api call timing information for : execution phase
2024-04-24T01:10:35,363  INFO [main] metadata.Hive: Total time spent in each metastore function (ms): {dropTable_(String, String, boolean, boolean, boolean)=99, isCompatibleWith_(Configuration)=0, getTable_(GetTableRequest)=18}
2024-04-24T01:10:35,364  INFO [main] ql.Driver: Completed executing command(queryId=alex_20240424011035_5d79e264-e58f-48aa-a78d-89e91ed4fcc8); Time taken: 0.117 seconds
2024-04-24T01:10:35,364  INFO [main] lockmgr.DbTxnManager: Stopped heartbeat for query: alex_20240424011035_5d79e264-e58f-48aa-a78d-89e91ed4fcc8
2024-04-24T01:10:35,367  INFO [main] txn.TxnHandler: Expected to move at least one record from txn_components to completed_txn_components when committing txn! txnid:19
2024-04-24T01:10:35,373  INFO [main] txn.TxnHandler: Removed transactions: ([19]) from MIN_HISTORY_LEVEL
2024-04-24T01:10:35,373  WARN [main] txn.CompactionTxnHandler: No compaction queue record found for Compaction type transaction commit. txnId:19
2024-04-24T01:10:35,374  INFO [main] ql.TxnCommandsBaseForTests: Running the query: drop table if exists nonAcidOrcTbl2
2024-04-24T01:10:35,374  INFO [main] ql.Driver: Compiling command(queryId=alex_20240424011035_ef6c33fc-3c21-4a6e-b8bc-b5566df1ec1f): drop table if exists nonAcidOrcTbl2
2024-04-24T01:10:35,376  INFO [main] txn.TxnHandler: Added entries to MIN_HISTORY_LEVEL for current txns: ([20]) with min_open_txn: 16
2024-04-24T01:10:35,376  INFO [main] lockmgr.DbTxnManager: Opened txnid:20
2024-04-24T01:10:35,377  INFO [main] HiveMetaStore.audit: ugi=alex	ip=unknown-ip-addr	cmd=get_table : tbl=hive.default.nonAcidOrcTbl2	
2024-04-24T01:10:35,386  INFO [main] metastore.HMSHandler: Skipping translation for processor with null
2024-04-24T01:10:35,386  INFO [main] ql.Driver: Semantic Analysis Completed (retrial = false)
2024-04-24T01:10:35,386  INFO [main] ql.Driver: Created Hive schema: Schema(fieldSchemas:null, properties:null)
2024-04-24T01:10:35,386  INFO [main] metadata.Hive: Dumping metastore api call timing information for : compilation phase
2024-04-24T01:10:35,386  INFO [main] metadata.Hive: Total time spent in each metastore function (ms): {commitTxn_(CommitTxnRequest)=9, flushCache_()=0, getValidTxns_(long)=0, getTable_(GetTableRequest)=9, isCompatibleWith_(Configuration)=0, openTxn_(String, TxnType)=2}
2024-04-24T01:10:35,387  INFO [main] ql.Driver: Completed compiling command(queryId=alex_20240424011035_ef6c33fc-3c21-4a6e-b8bc-b5566df1ec1f); Time taken: 0.012 seconds
2024-04-24T01:10:35,387  INFO [main] lockmgr.DbTxnManager: Setting lock request transaction to txnid:20 for queryId=alex_20240424011035_ef6c33fc-3c21-4a6e-b8bc-b5566df1ec1f
2024-04-24T01:10:35,387  INFO [main] lockmgr.DbLockManager: Requesting lock for queryId=alex_20240424011035_ef6c33fc-3c21-4a6e-b8bc-b5566df1ec1f
2024-04-24T01:10:35,400  INFO [main] lockmgr.DbLockManager: Response to queryId=alex_20240424011035_ef6c33fc-3c21-4a6e-b8bc-b5566df1ec1f LockResponse(lockid:15, state:ACQUIRED)
2024-04-24T01:10:35,400  INFO [main] ql.Driver: Operation DROPTABLE obtained 1 locks
2024-04-24T01:10:35,400  INFO [main] ql.Driver: Executing command(queryId=alex_20240424011035_ef6c33fc-3c21-4a6e-b8bc-b5566df1ec1f): drop table if exists nonAcidOrcTbl2
2024-04-24T01:10:35,400  INFO [main] ql.Driver: Starting task [Stage-0:DDL] in serial mode
2024-04-24T01:10:35,400  INFO [main] HiveMetaStore.audit: ugi=alex	ip=unknown-ip-addr	cmd=get_table : tbl=hive.default.nonAcidOrcTbl2	
2024-04-24T01:10:35,409  INFO [main] metastore.HMSHandler: Skipping translation for processor with null
2024-04-24T01:10:35,409  INFO [main] HiveMetaStore.audit: ugi=alex	ip=unknown-ip-addr	cmd=get_table : tbl=hive.default.nonAcidOrcTbl2	
2024-04-24T01:10:35,417  INFO [main] metastore.HMSHandler: Skipping translation for processor with null
2024-04-24T01:10:35,417  INFO [main] HiveMetaStore.audit: ugi=alex	ip=unknown-ip-addr	cmd=drop_table : tbl=hive.default.nonAcidOrcTbl2	
2024-04-24T01:10:35,446  INFO [main] metadata.Hive: Dumping metastore api call timing information for : execution phase
2024-04-24T01:10:35,446  INFO [main] metadata.Hive: Total time spent in each metastore function (ms): {isCompatibleWith_(Configuration)=0, getTable_(GetTableRequest)=9, dropTable_(String, String, boolean, boolean, boolean)=37}
2024-04-24T01:10:35,446  INFO [main] ql.Driver: Completed executing command(queryId=alex_20240424011035_ef6c33fc-3c21-4a6e-b8bc-b5566df1ec1f); Time taken: 0.046 seconds
2024-04-24T01:10:35,446  INFO [main] lockmgr.DbTxnManager: Stopped heartbeat for query: alex_20240424011035_ef6c33fc-3c21-4a6e-b8bc-b5566df1ec1f
2024-04-24T01:10:35,450  INFO [main] txn.TxnHandler: Expected to move at least one record from txn_components to completed_txn_components when committing txn! txnid:20
2024-04-24T01:10:35,455  INFO [main] txn.TxnHandler: Removed transactions: ([20]) from MIN_HISTORY_LEVEL
2024-04-24T01:10:35,455  WARN [main] txn.CompactionTxnHandler: No compaction queue record found for Compaction type transaction commit. txnId:20
2024-04-24T01:10:35,456  INFO [main] ql.TxnCommandsBaseForTests: Running the query: drop table if exists nonAcidNonBucket
2024-04-24T01:10:35,456  INFO [main] ql.Driver: Compiling command(queryId=alex_20240424011035_526f07e4-01c5-41a3-82e9-f16f72d0967c): drop table if exists nonAcidNonBucket
2024-04-24T01:10:35,458  INFO [main] txn.TxnHandler: Added entries to MIN_HISTORY_LEVEL for current txns: ([21]) with min_open_txn: 16
2024-04-24T01:10:35,458  INFO [main] lockmgr.DbTxnManager: Opened txnid:21
2024-04-24T01:10:35,459  INFO [main] HiveMetaStore.audit: ugi=alex	ip=unknown-ip-addr	cmd=get_table : tbl=hive.default.nonAcidNonBucket	
2024-04-24T01:10:35,468  INFO [main] metastore.HMSHandler: Skipping translation for processor with null
2024-04-24T01:10:35,468  INFO [main] ql.Driver: Semantic Analysis Completed (retrial = false)
2024-04-24T01:10:35,468  INFO [main] ql.Driver: Created Hive schema: Schema(fieldSchemas:null, properties:null)
2024-04-24T01:10:35,468  INFO [main] metadata.Hive: Dumping metastore api call timing information for : compilation phase
2024-04-24T01:10:35,468  INFO [main] metadata.Hive: Total time spent in each metastore function (ms): {getValidTxns_(long)=1, openTxn_(String, TxnType)=2, flushCache_()=0, isCompatibleWith_(Configuration)=0, commitTxn_(CommitTxnRequest)=9, getTable_(GetTableRequest)=9}
2024-04-24T01:10:35,468  INFO [main] ql.Driver: Completed compiling command(queryId=alex_20240424011035_526f07e4-01c5-41a3-82e9-f16f72d0967c); Time taken: 0.012 seconds
2024-04-24T01:10:35,469  INFO [main] lockmgr.DbTxnManager: Setting lock request transaction to txnid:21 for queryId=alex_20240424011035_526f07e4-01c5-41a3-82e9-f16f72d0967c
2024-04-24T01:10:35,469  INFO [main] lockmgr.DbLockManager: Requesting lock for queryId=alex_20240424011035_526f07e4-01c5-41a3-82e9-f16f72d0967c
2024-04-24T01:10:35,482  INFO [main] lockmgr.DbLockManager: Response to queryId=alex_20240424011035_526f07e4-01c5-41a3-82e9-f16f72d0967c LockResponse(lockid:16, state:ACQUIRED)
2024-04-24T01:10:35,482  INFO [main] ql.Driver: Operation DROPTABLE obtained 1 locks
2024-04-24T01:10:35,482  INFO [main] ql.Driver: Executing command(queryId=alex_20240424011035_526f07e4-01c5-41a3-82e9-f16f72d0967c): drop table if exists nonAcidNonBucket
2024-04-24T01:10:35,482  INFO [main] ql.Driver: Starting task [Stage-0:DDL] in serial mode
2024-04-24T01:10:35,483  INFO [main] HiveMetaStore.audit: ugi=alex	ip=unknown-ip-addr	cmd=get_table : tbl=hive.default.nonAcidNonBucket	
2024-04-24T01:10:35,491  INFO [main] metastore.HMSHandler: Skipping translation for processor with null
2024-04-24T01:10:35,491  INFO [main] HiveMetaStore.audit: ugi=alex	ip=unknown-ip-addr	cmd=get_table : tbl=hive.default.nonAcidNonBucket	
2024-04-24T01:10:35,499  INFO [main] metastore.HMSHandler: Skipping translation for processor with null
2024-04-24T01:10:35,499  INFO [main] HiveMetaStore.audit: ugi=alex	ip=unknown-ip-addr	cmd=drop_table : tbl=hive.default.nonAcidNonBucket	
2024-04-24T01:10:35,528  INFO [main] metadata.Hive: Dumping metastore api call timing information for : execution phase
2024-04-24T01:10:35,528  INFO [main] metadata.Hive: Total time spent in each metastore function (ms): {dropTable_(String, String, boolean, boolean, boolean)=37, isCompatibleWith_(Configuration)=1, getTable_(GetTableRequest)=8}
2024-04-24T01:10:35,528  INFO [main] ql.Driver: Completed executing command(queryId=alex_20240424011035_526f07e4-01c5-41a3-82e9-f16f72d0967c); Time taken: 0.046 seconds
2024-04-24T01:10:35,528  INFO [main] lockmgr.DbTxnManager: Stopped heartbeat for query: alex_20240424011035_526f07e4-01c5-41a3-82e9-f16f72d0967c
2024-04-24T01:10:35,532  INFO [main] txn.TxnHandler: Expected to move at least one record from txn_components to completed_txn_components when committing txn! txnid:21
2024-04-24T01:10:35,536  INFO [main] txn.TxnHandler: Removed transactions: ([21]) from MIN_HISTORY_LEVEL
2024-04-24T01:10:35,536  WARN [main] txn.CompactionTxnHandler: No compaction queue record found for Compaction type transaction commit. txnId:21
2024-04-24T01:10:35,536  INFO [main] utils.TestTxnDbUtil: Cleaning transactional tables
]]></system-err>
  </testcase>
  <testcase name="testVersioningVersionFileEnabled" classname="org.apache.hadoop.hive.ql.TestTxnCommandsWithSplitUpdateAndVectorization" time="4.577">
    <error type="java.lang.RuntimeException"><![CDATA[java.lang.RuntimeException: update T set a=3 where b=2 failed: (responseCode = 2, errorMessage = FAILED: Execution Error, return code 2 from org.apache.hadoop.hive.ql.exec.mr.MapRedTask, SQLState = 08S01)
	at org.apache.hadoop.hive.ql.TxnCommandsBaseForTests.runStatementOnDriver(TxnCommandsBaseForTests.java:247)
	at org.apache.hadoop.hive.ql.TestTxnCommands.acidVersionTest(TestTxnCommands.java:1482)
	at org.apache.hadoop.hive.ql.TestTxnCommands.testVersioningVersionFileEnabled(TestTxnCommands.java:1462)
	at sun.reflect.NativeMethodAccessorImpl.invoke0(Native Method)
	at sun.reflect.NativeMethodAccessorImpl.invoke(NativeMethodAccessorImpl.java:62)
	at sun.reflect.DelegatingMethodAccessorImpl.invoke(DelegatingMethodAccessorImpl.java:43)
	at java.lang.reflect.Method.invoke(Method.java:498)
	at org.junit.runners.model.FrameworkMethod$1.runReflectiveCall(FrameworkMethod.java:59)
	at org.junit.internal.runners.model.ReflectiveCallable.run(ReflectiveCallable.java:12)
	at org.junit.runners.model.FrameworkMethod.invokeExplosively(FrameworkMethod.java:56)
	at org.junit.internal.runners.statements.InvokeMethod.evaluate(InvokeMethod.java:17)
	at org.junit.internal.runners.statements.RunBefores.evaluate(RunBefores.java:26)
	at org.junit.internal.runners.statements.RunAfters.evaluate(RunAfters.java:27)
	at org.junit.rules.TestWatcher$1.evaluate(TestWatcher.java:61)
	at org.junit.runners.ParentRunner$3.evaluate(ParentRunner.java:306)
	at org.junit.runners.BlockJUnit4ClassRunner$1.evaluate(BlockJUnit4ClassRunner.java:100)
	at org.junit.runners.ParentRunner.runLeaf(ParentRunner.java:366)
	at org.junit.runners.BlockJUnit4ClassRunner.runChild(BlockJUnit4ClassRunner.java:103)
	at org.junit.runners.BlockJUnit4ClassRunner.runChild(BlockJUnit4ClassRunner.java:63)
	at org.junit.runners.ParentRunner$4.run(ParentRunner.java:331)
	at org.junit.runners.ParentRunner$1.schedule(ParentRunner.java:79)
	at org.junit.runners.ParentRunner.runChildren(ParentRunner.java:329)
	at org.junit.runners.ParentRunner.access$100(ParentRunner.java:66)
	at org.junit.runners.ParentRunner$2.evaluate(ParentRunner.java:293)
	at org.junit.runners.ParentRunner$3.evaluate(ParentRunner.java:306)
	at org.junit.runners.ParentRunner.run(ParentRunner.java:413)
	at org.junit.runner.JUnitCore.run(JUnitCore.java:137)
	at org.junit.runner.JUnitCore.run(JUnitCore.java:115)
	at org.junit.vintage.engine.execution.RunnerExecutor.execute(RunnerExecutor.java:43)
	at java.util.stream.ForEachOps$ForEachOp$OfRef.accept(ForEachOps.java:183)
	at java.util.stream.ReferencePipeline$3$1.accept(ReferencePipeline.java:193)
	at java.util.Iterator.forEachRemaining(Iterator.java:116)
	at java.util.Spliterators$IteratorSpliterator.forEachRemaining(Spliterators.java:1801)
	at java.util.stream.AbstractPipeline.copyInto(AbstractPipeline.java:482)
	at java.util.stream.AbstractPipeline.wrapAndCopyInto(AbstractPipeline.java:472)
	at java.util.stream.ForEachOps$ForEachOp.evaluateSequential(ForEachOps.java:150)
	at java.util.stream.ForEachOps$ForEachOp$OfRef.evaluateSequential(ForEachOps.java:173)
	at java.util.stream.AbstractPipeline.evaluate(AbstractPipeline.java:234)
	at java.util.stream.ReferencePipeline.forEach(ReferencePipeline.java:485)
	at org.junit.vintage.engine.VintageTestEngine.executeAllChildren(VintageTestEngine.java:82)
	at org.junit.vintage.engine.VintageTestEngine.execute(VintageTestEngine.java:73)
	at org.junit.platform.launcher.core.DefaultLauncher.execute(DefaultLauncher.java:248)
	at org.junit.platform.launcher.core.DefaultLauncher.lambda$execute$5(DefaultLauncher.java:211)
	at org.junit.platform.launcher.core.DefaultLauncher.withInterceptedStreams(DefaultLauncher.java:226)
	at org.junit.platform.launcher.core.DefaultLauncher.execute(DefaultLauncher.java:199)
	at org.junit.platform.launcher.core.DefaultLauncher.execute(DefaultLauncher.java:132)
	at org.apache.maven.surefire.junitplatform.JUnitPlatformProvider.invokeAllTests(JUnitPlatformProvider.java:154)
	at org.apache.maven.surefire.junitplatform.JUnitPlatformProvider.invoke(JUnitPlatformProvider.java:123)
	at org.apache.maven.surefire.booter.ForkedBooter.runSuitesInProcess(ForkedBooter.java:377)
	at org.apache.maven.surefire.booter.ForkedBooter.execute(ForkedBooter.java:138)
	at org.apache.maven.surefire.booter.ForkedBooter.run(ForkedBooter.java:465)
	at org.apache.maven.surefire.booter.ForkedBooter.main(ForkedBooter.java:451)
]]></error>
    <system-err><![CDATA[2024-04-24T01:10:35,586  WARN [main] conf.HiveConf: HiveConf of name hive.dummyparam.test.server.specific.config.hivesite does not exist
2024-04-24T01:10:35,586  WARN [main] conf.HiveConf: HiveConf of name hive.llap.io.cache.orc.size does not exist
2024-04-24T01:10:35,586  WARN [main] conf.HiveConf: HiveConf of name hive.metastore.client.cache.recordStats does not exist
2024-04-24T01:10:35,586  WARN [main] conf.HiveConf: HiveConf of name hive.llap.io.cache.orc.alloc.min does not exist
2024-04-24T01:10:35,586  WARN [main] conf.HiveConf: HiveConf of name hive.metastore.metadb.dir does not exist
2024-04-24T01:10:35,587  WARN [main] conf.HiveConf: HiveConf of name hive.llap.io.cache.orc.alloc.max does not exist
2024-04-24T01:10:35,587  WARN [main] conf.HiveConf: HiveConf of name hive.dummyparam.test.server.specific.config.metastoresite does not exist
2024-04-24T01:10:35,587  WARN [main] conf.HiveConf: HiveConf of name hive.stats.key.prefix.reserve.length does not exist
2024-04-24T01:10:35,587  WARN [main] conf.HiveConf: HiveConf of name hive.dummyparam.test.server.specific.config.override does not exist
2024-04-24T01:10:35,587  WARN [main] conf.HiveConf: HiveConf of name hive.metastore.client.cache.maxSize does not exist
2024-04-24T01:10:35,587  WARN [main] conf.HiveConf: HiveConf of name hive.llap.io.cache.orc.arena.size does not exist
2024-04-24T01:10:35,589  INFO [main] utils.TestTxnDbUtil: Creating transactional tables
Hive Session ID = 75a1102e-bf63-4b5d-8177-291a56f3e6ae
2024-04-24T01:10:35,591  INFO [main] SessionState: Hive Session ID = 75a1102e-bf63-4b5d-8177-291a56f3e6ae
ivysettings.xml file not found in HIVE_HOME or HIVE_CONF_DIR,/home/alex/Repositories/hive/conf/ivysettings.xml will be used
2024-04-24T01:10:35,591  INFO [main] DependencyResolver: ivysettings.xml file not found in HIVE_HOME or HIVE_CONF_DIR,/home/alex/Repositories/hive/conf/ivysettings.xml will be used
2024-04-24T01:10:35,596  INFO [main] session.SessionState: Created HDFS directory: /home/alex/Repositories/hive/ql/target/tmp/scratchdir/alex/75a1102e-bf63-4b5d-8177-291a56f3e6ae
2024-04-24T01:10:35,599  INFO [main] session.SessionState: Created local directory: /home/alex/Repositories/hive/ql/target/tmp/localscratchdir/75a1102e-bf63-4b5d-8177-291a56f3e6ae
2024-04-24T01:10:35,601  INFO [main] session.SessionState: Created HDFS directory: /home/alex/Repositories/hive/ql/target/tmp/scratchdir/alex/75a1102e-bf63-4b5d-8177-291a56f3e6ae/_tmp_space.db
2024-04-24T01:10:35,601  INFO [main] sqlstd.SQLStdHiveAccessController: Created SQLStdHiveAccessController for session context : HiveAuthzSessionContext [sessionString=75a1102e-bf63-4b5d-8177-291a56f3e6ae, clientType=HIVECLI]
2024-04-24T01:10:35,601  INFO [main] ql.TxnCommandsBaseForTests: Running the query: drop table if exists acidTbl
2024-04-24T01:10:35,602  INFO [main] ql.Driver: Compiling command(queryId=alex_20240424011035_cd85aba0-1165-4874-a6b8-57f09715331f): drop table if exists acidTbl
2024-04-24T01:10:35,609  INFO [main] txn.TxnHandler: Added entries to MIN_HISTORY_LEVEL for current txns: ([1]) with min_open_txn: 1
2024-04-24T01:10:35,610  INFO [main] lockmgr.DbTxnManager: Opened txnid:1
2024-04-24T01:10:35,612  INFO [main] HiveMetaStore.audit: ugi=alex	ip=unknown-ip-addr	cmd=get_table : tbl=hive.default.acidTbl	
2024-04-24T01:10:35,617  INFO [main] ql.Driver: Semantic Analysis Completed (retrial = false)
2024-04-24T01:10:35,617  INFO [main] ql.Driver: Created Hive schema: Schema(fieldSchemas:null, properties:null)
2024-04-24T01:10:35,617  INFO [main] metadata.Hive: Dumping metastore api call timing information for : compilation phase
2024-04-24T01:10:35,617  INFO [main] metadata.Hive: Total time spent in each metastore function (ms): {isCompatibleWith_(Configuration)=0, openTxn_(String, TxnType)=7, flushCache_()=0, commitTxn_(CommitTxnRequest)=7, getValidTxns_(long)=2}
2024-04-24T01:10:35,617  INFO [main] ql.Driver: Completed compiling command(queryId=alex_20240424011035_cd85aba0-1165-4874-a6b8-57f09715331f); Time taken: 0.015 seconds
2024-04-24T01:10:35,618  INFO [main] lockmgr.DbTxnManager: Setting lock request transaction to txnid:1 for queryId=alex_20240424011035_cd85aba0-1165-4874-a6b8-57f09715331f
2024-04-24T01:10:35,618  INFO [main] ql.Driver: Operation DROPTABLE obtained 0 locks
2024-04-24T01:10:35,618  INFO [main] ql.Driver: Executing command(queryId=alex_20240424011035_cd85aba0-1165-4874-a6b8-57f09715331f): drop table if exists acidTbl
2024-04-24T01:10:35,618  INFO [main] ql.Driver: Starting task [Stage-0:DDL] in serial mode
2024-04-24T01:10:35,618  INFO [main] HiveMetaStore.audit: ugi=alex	ip=unknown-ip-addr	cmd=get_table : tbl=hive.default.acidTbl	
2024-04-24T01:10:35,621  INFO [main] metadata.Hive: Dumping metastore api call timing information for : execution phase
2024-04-24T01:10:35,621  INFO [main] metadata.Hive: Total time spent in each metastore function (ms): {isCompatibleWith_(Configuration)=0}
2024-04-24T01:10:35,621  INFO [main] ql.Driver: Completed executing command(queryId=alex_20240424011035_cd85aba0-1165-4874-a6b8-57f09715331f); Time taken: 0.003 seconds
2024-04-24T01:10:35,621  INFO [main] lockmgr.DbTxnManager: Stopped heartbeat for query: alex_20240424011035_cd85aba0-1165-4874-a6b8-57f09715331f
2024-04-24T01:10:35,626  INFO [main] txn.TxnHandler: Expected to move at least one record from txn_components to completed_txn_components when committing txn! txnid:1
2024-04-24T01:10:35,630  INFO [main] txn.TxnHandler: Removed transactions: ([1]) from MIN_HISTORY_LEVEL
2024-04-24T01:10:35,630  WARN [main] txn.CompactionTxnHandler: No compaction queue record found for Compaction type transaction commit. txnId:1
2024-04-24T01:10:35,631  INFO [main] ql.TxnCommandsBaseForTests: Running the query: drop table if exists acidTblPart
2024-04-24T01:10:35,631  INFO [main] ql.Driver: Compiling command(queryId=alex_20240424011035_839b7311-fe92-4f4e-80a2-341579dc65c2): drop table if exists acidTblPart
2024-04-24T01:10:35,633  INFO [main] txn.TxnHandler: Added entries to MIN_HISTORY_LEVEL for current txns: ([2]) with min_open_txn: 1
2024-04-24T01:10:35,633  INFO [main] lockmgr.DbTxnManager: Opened txnid:2
2024-04-24T01:10:35,634  INFO [main] HiveMetaStore.audit: ugi=alex	ip=unknown-ip-addr	cmd=get_table : tbl=hive.default.acidTblPart	
2024-04-24T01:10:35,636  INFO [main] ql.Driver: Semantic Analysis Completed (retrial = false)
2024-04-24T01:10:35,636  INFO [main] ql.Driver: Created Hive schema: Schema(fieldSchemas:null, properties:null)
2024-04-24T01:10:35,637  INFO [main] metadata.Hive: Dumping metastore api call timing information for : compilation phase
2024-04-24T01:10:35,637  INFO [main] metadata.Hive: Total time spent in each metastore function (ms): {getValidTxns_(long)=0, commitTxn_(CommitTxnRequest)=10, isCompatibleWith_(Configuration)=1, flushCache_()=0, openTxn_(String, TxnType)=1}
2024-04-24T01:10:35,637  INFO [main] ql.Driver: Completed compiling command(queryId=alex_20240424011035_839b7311-fe92-4f4e-80a2-341579dc65c2); Time taken: 0.006 seconds
2024-04-24T01:10:35,637  INFO [main] lockmgr.DbTxnManager: Setting lock request transaction to txnid:2 for queryId=alex_20240424011035_839b7311-fe92-4f4e-80a2-341579dc65c2
2024-04-24T01:10:35,637  INFO [main] ql.Driver: Operation DROPTABLE obtained 0 locks
2024-04-24T01:10:35,637  INFO [main] ql.Driver: Executing command(queryId=alex_20240424011035_839b7311-fe92-4f4e-80a2-341579dc65c2): drop table if exists acidTblPart
2024-04-24T01:10:35,638  INFO [main] ql.Driver: Starting task [Stage-0:DDL] in serial mode
2024-04-24T01:10:35,638  INFO [main] HiveMetaStore.audit: ugi=alex	ip=unknown-ip-addr	cmd=get_table : tbl=hive.default.acidTblPart	
2024-04-24T01:10:35,641  INFO [main] metadata.Hive: Dumping metastore api call timing information for : execution phase
2024-04-24T01:10:35,641  INFO [main] metadata.Hive: Total time spent in each metastore function (ms): {isCompatibleWith_(Configuration)=0}
2024-04-24T01:10:35,641  INFO [main] ql.Driver: Completed executing command(queryId=alex_20240424011035_839b7311-fe92-4f4e-80a2-341579dc65c2); Time taken: 0.003 seconds
2024-04-24T01:10:35,641  INFO [main] lockmgr.DbTxnManager: Stopped heartbeat for query: alex_20240424011035_839b7311-fe92-4f4e-80a2-341579dc65c2
2024-04-24T01:10:35,645  INFO [main] txn.TxnHandler: Expected to move at least one record from txn_components to completed_txn_components when committing txn! txnid:2
2024-04-24T01:10:35,649  INFO [main] txn.TxnHandler: Removed transactions: ([2]) from MIN_HISTORY_LEVEL
2024-04-24T01:10:35,649  WARN [main] txn.CompactionTxnHandler: No compaction queue record found for Compaction type transaction commit. txnId:2
2024-04-24T01:10:35,650  INFO [main] ql.TxnCommandsBaseForTests: Running the query: drop table if exists acidTbl2
2024-04-24T01:10:35,650  INFO [main] ql.Driver: Compiling command(queryId=alex_20240424011035_3881424f-9267-4563-aed7-f48005e335f3): drop table if exists acidTbl2
2024-04-24T01:10:35,652  INFO [main] txn.TxnHandler: Added entries to MIN_HISTORY_LEVEL for current txns: ([3]) with min_open_txn: 1
2024-04-24T01:10:35,652  INFO [main] lockmgr.DbTxnManager: Opened txnid:3
2024-04-24T01:10:35,653  INFO [main] HiveMetaStore.audit: ugi=alex	ip=unknown-ip-addr	cmd=get_table : tbl=hive.default.acidTbl2	
2024-04-24T01:10:35,656  INFO [main] ql.Driver: Semantic Analysis Completed (retrial = false)
2024-04-24T01:10:35,656  INFO [main] ql.Driver: Created Hive schema: Schema(fieldSchemas:null, properties:null)
2024-04-24T01:10:35,656  INFO [main] metadata.Hive: Dumping metastore api call timing information for : compilation phase
2024-04-24T01:10:35,656  INFO [main] metadata.Hive: Total time spent in each metastore function (ms): {isCompatibleWith_(Configuration)=1, getValidTxns_(long)=0, flushCache_()=0, openTxn_(String, TxnType)=1, commitTxn_(CommitTxnRequest)=9}
2024-04-24T01:10:35,657  INFO [main] ql.Driver: Completed compiling command(queryId=alex_20240424011035_3881424f-9267-4563-aed7-f48005e335f3); Time taken: 0.006 seconds
2024-04-24T01:10:35,657  INFO [main] lockmgr.DbTxnManager: Setting lock request transaction to txnid:3 for queryId=alex_20240424011035_3881424f-9267-4563-aed7-f48005e335f3
2024-04-24T01:10:35,657  INFO [main] ql.Driver: Operation DROPTABLE obtained 0 locks
2024-04-24T01:10:35,657  INFO [main] ql.Driver: Executing command(queryId=alex_20240424011035_3881424f-9267-4563-aed7-f48005e335f3): drop table if exists acidTbl2
2024-04-24T01:10:35,657  INFO [main] ql.Driver: Starting task [Stage-0:DDL] in serial mode
2024-04-24T01:10:35,657  INFO [main] HiveMetaStore.audit: ugi=alex	ip=unknown-ip-addr	cmd=get_table : tbl=hive.default.acidTbl2	
2024-04-24T01:10:35,660  INFO [main] metadata.Hive: Dumping metastore api call timing information for : execution phase
2024-04-24T01:10:35,661  INFO [main] metadata.Hive: Total time spent in each metastore function (ms): {isCompatibleWith_(Configuration)=0}
2024-04-24T01:10:35,661  INFO [main] ql.Driver: Completed executing command(queryId=alex_20240424011035_3881424f-9267-4563-aed7-f48005e335f3); Time taken: 0.003 seconds
2024-04-24T01:10:35,661  INFO [main] lockmgr.DbTxnManager: Stopped heartbeat for query: alex_20240424011035_3881424f-9267-4563-aed7-f48005e335f3
2024-04-24T01:10:35,665  INFO [main] txn.TxnHandler: Expected to move at least one record from txn_components to completed_txn_components when committing txn! txnid:3
2024-04-24T01:10:35,669  INFO [main] txn.TxnHandler: Removed transactions: ([3]) from MIN_HISTORY_LEVEL
2024-04-24T01:10:35,669  WARN [main] txn.CompactionTxnHandler: No compaction queue record found for Compaction type transaction commit. txnId:3
2024-04-24T01:10:35,670  INFO [main] ql.TxnCommandsBaseForTests: Running the query: drop table if exists nonAcidOrcTbl
2024-04-24T01:10:35,670  INFO [main] ql.Driver: Compiling command(queryId=alex_20240424011035_22615a64-f594-4cc5-8923-ce14d9c16a14): drop table if exists nonAcidOrcTbl
2024-04-24T01:10:35,672  INFO [main] txn.TxnHandler: Added entries to MIN_HISTORY_LEVEL for current txns: ([4]) with min_open_txn: 1
2024-04-24T01:10:35,672  INFO [main] lockmgr.DbTxnManager: Opened txnid:4
2024-04-24T01:10:35,673  INFO [main] HiveMetaStore.audit: ugi=alex	ip=unknown-ip-addr	cmd=get_table : tbl=hive.default.nonAcidOrcTbl	
2024-04-24T01:10:35,676  INFO [main] ql.Driver: Semantic Analysis Completed (retrial = false)
2024-04-24T01:10:35,676  INFO [main] ql.Driver: Created Hive schema: Schema(fieldSchemas:null, properties:null)
2024-04-24T01:10:35,676  INFO [main] metadata.Hive: Dumping metastore api call timing information for : compilation phase
2024-04-24T01:10:35,676  INFO [main] metadata.Hive: Total time spent in each metastore function (ms): {isCompatibleWith_(Configuration)=0, openTxn_(String, TxnType)=1, commitTxn_(CommitTxnRequest)=9, flushCache_()=0, getValidTxns_(long)=1}
2024-04-24T01:10:35,676  INFO [main] ql.Driver: Completed compiling command(queryId=alex_20240424011035_22615a64-f594-4cc5-8923-ce14d9c16a14); Time taken: 0.006 seconds
2024-04-24T01:10:35,676  INFO [main] lockmgr.DbTxnManager: Setting lock request transaction to txnid:4 for queryId=alex_20240424011035_22615a64-f594-4cc5-8923-ce14d9c16a14
2024-04-24T01:10:35,676  INFO [main] ql.Driver: Operation DROPTABLE obtained 0 locks
2024-04-24T01:10:35,677  INFO [main] ql.Driver: Executing command(queryId=alex_20240424011035_22615a64-f594-4cc5-8923-ce14d9c16a14): drop table if exists nonAcidOrcTbl
2024-04-24T01:10:35,677  INFO [main] ql.Driver: Starting task [Stage-0:DDL] in serial mode
2024-04-24T01:10:35,677  INFO [main] HiveMetaStore.audit: ugi=alex	ip=unknown-ip-addr	cmd=get_table : tbl=hive.default.nonAcidOrcTbl	
2024-04-24T01:10:35,680  INFO [main] metadata.Hive: Dumping metastore api call timing information for : execution phase
2024-04-24T01:10:35,680  INFO [main] metadata.Hive: Total time spent in each metastore function (ms): {isCompatibleWith_(Configuration)=0}
2024-04-24T01:10:35,680  INFO [main] ql.Driver: Completed executing command(queryId=alex_20240424011035_22615a64-f594-4cc5-8923-ce14d9c16a14); Time taken: 0.004 seconds
2024-04-24T01:10:35,680  INFO [main] lockmgr.DbTxnManager: Stopped heartbeat for query: alex_20240424011035_22615a64-f594-4cc5-8923-ce14d9c16a14
2024-04-24T01:10:35,684  INFO [main] txn.TxnHandler: Expected to move at least one record from txn_components to completed_txn_components when committing txn! txnid:4
2024-04-24T01:10:35,688  INFO [main] txn.TxnHandler: Removed transactions: ([4]) from MIN_HISTORY_LEVEL
2024-04-24T01:10:35,688  WARN [main] txn.CompactionTxnHandler: No compaction queue record found for Compaction type transaction commit. txnId:4
2024-04-24T01:10:35,689  INFO [main] ql.TxnCommandsBaseForTests: Running the query: drop table if exists nonAcidOrcTbl2
2024-04-24T01:10:35,689  INFO [main] ql.Driver: Compiling command(queryId=alex_20240424011035_051aea22-4a01-42e9-a4db-96913d897281): drop table if exists nonAcidOrcTbl2
2024-04-24T01:10:35,691  INFO [main] txn.TxnHandler: Added entries to MIN_HISTORY_LEVEL for current txns: ([5]) with min_open_txn: 1
2024-04-24T01:10:35,691  INFO [main] lockmgr.DbTxnManager: Opened txnid:5
2024-04-24T01:10:35,692  INFO [main] HiveMetaStore.audit: ugi=alex	ip=unknown-ip-addr	cmd=get_table : tbl=hive.default.nonAcidOrcTbl2	
2024-04-24T01:10:35,695  INFO [main] ql.Driver: Semantic Analysis Completed (retrial = false)
2024-04-24T01:10:35,695  INFO [main] ql.Driver: Created Hive schema: Schema(fieldSchemas:null, properties:null)
2024-04-24T01:10:35,695  INFO [main] metadata.Hive: Dumping metastore api call timing information for : compilation phase
2024-04-24T01:10:35,695  INFO [main] metadata.Hive: Total time spent in each metastore function (ms): {commitTxn_(CommitTxnRequest)=9, isCompatibleWith_(Configuration)=0, flushCache_()=0, openTxn_(String, TxnType)=1, getValidTxns_(long)=1}
2024-04-24T01:10:35,695  INFO [main] ql.Driver: Completed compiling command(queryId=alex_20240424011035_051aea22-4a01-42e9-a4db-96913d897281); Time taken: 0.006 seconds
2024-04-24T01:10:35,696  INFO [main] lockmgr.DbTxnManager: Setting lock request transaction to txnid:5 for queryId=alex_20240424011035_051aea22-4a01-42e9-a4db-96913d897281
2024-04-24T01:10:35,696  INFO [main] ql.Driver: Operation DROPTABLE obtained 0 locks
2024-04-24T01:10:35,696  INFO [main] ql.Driver: Executing command(queryId=alex_20240424011035_051aea22-4a01-42e9-a4db-96913d897281): drop table if exists nonAcidOrcTbl2
2024-04-24T01:10:35,696  INFO [main] ql.Driver: Starting task [Stage-0:DDL] in serial mode
2024-04-24T01:10:35,696  INFO [main] HiveMetaStore.audit: ugi=alex	ip=unknown-ip-addr	cmd=get_table : tbl=hive.default.nonAcidOrcTbl2	
2024-04-24T01:10:35,699  INFO [main] metadata.Hive: Dumping metastore api call timing information for : execution phase
2024-04-24T01:10:35,699  INFO [main] metadata.Hive: Total time spent in each metastore function (ms): {isCompatibleWith_(Configuration)=0}
2024-04-24T01:10:35,699  INFO [main] ql.Driver: Completed executing command(queryId=alex_20240424011035_051aea22-4a01-42e9-a4db-96913d897281); Time taken: 0.003 seconds
2024-04-24T01:10:35,699  INFO [main] lockmgr.DbTxnManager: Stopped heartbeat for query: alex_20240424011035_051aea22-4a01-42e9-a4db-96913d897281
2024-04-24T01:10:35,704  INFO [main] txn.TxnHandler: Expected to move at least one record from txn_components to completed_txn_components when committing txn! txnid:5
2024-04-24T01:10:35,709  INFO [main] txn.TxnHandler: Removed transactions: ([5]) from MIN_HISTORY_LEVEL
2024-04-24T01:10:35,709  WARN [main] txn.CompactionTxnHandler: No compaction queue record found for Compaction type transaction commit. txnId:5
2024-04-24T01:10:35,710  INFO [main] ql.TxnCommandsBaseForTests: Running the query: drop table if exists nonAcidNonBucket
2024-04-24T01:10:35,710  INFO [main] ql.Driver: Compiling command(queryId=alex_20240424011035_230ce96d-3f24-4126-b94e-acd1c67a1d7e): drop table if exists nonAcidNonBucket
2024-04-24T01:10:35,712  INFO [main] txn.TxnHandler: Added entries to MIN_HISTORY_LEVEL for current txns: ([6]) with min_open_txn: 1
2024-04-24T01:10:35,712  INFO [main] lockmgr.DbTxnManager: Opened txnid:6
2024-04-24T01:10:35,712  INFO [main] HiveMetaStore.audit: ugi=alex	ip=unknown-ip-addr	cmd=get_table : tbl=hive.default.nonAcidNonBucket	
2024-04-24T01:10:35,715  INFO [main] ql.Driver: Semantic Analysis Completed (retrial = false)
2024-04-24T01:10:35,715  INFO [main] ql.Driver: Created Hive schema: Schema(fieldSchemas:null, properties:null)
2024-04-24T01:10:35,716  INFO [main] metadata.Hive: Dumping metastore api call timing information for : compilation phase
2024-04-24T01:10:35,716  INFO [main] metadata.Hive: Total time spent in each metastore function (ms): {openTxn_(String, TxnType)=2, commitTxn_(CommitTxnRequest)=9, flushCache_()=0, getValidTxns_(long)=0, isCompatibleWith_(Configuration)=0}
2024-04-24T01:10:35,716  INFO [main] ql.Driver: Completed compiling command(queryId=alex_20240424011035_230ce96d-3f24-4126-b94e-acd1c67a1d7e); Time taken: 0.006 seconds
2024-04-24T01:10:35,716  INFO [main] lockmgr.DbTxnManager: Setting lock request transaction to txnid:6 for queryId=alex_20240424011035_230ce96d-3f24-4126-b94e-acd1c67a1d7e
2024-04-24T01:10:35,716  INFO [main] ql.Driver: Operation DROPTABLE obtained 0 locks
2024-04-24T01:10:35,716  INFO [main] ql.Driver: Executing command(queryId=alex_20240424011035_230ce96d-3f24-4126-b94e-acd1c67a1d7e): drop table if exists nonAcidNonBucket
2024-04-24T01:10:35,717  INFO [main] ql.Driver: Starting task [Stage-0:DDL] in serial mode
2024-04-24T01:10:35,717  INFO [main] HiveMetaStore.audit: ugi=alex	ip=unknown-ip-addr	cmd=get_table : tbl=hive.default.nonAcidNonBucket	
2024-04-24T01:10:35,720  INFO [main] metadata.Hive: Dumping metastore api call timing information for : execution phase
2024-04-24T01:10:35,720  INFO [main] metadata.Hive: Total time spent in each metastore function (ms): {isCompatibleWith_(Configuration)=0}
2024-04-24T01:10:35,720  INFO [main] ql.Driver: Completed executing command(queryId=alex_20240424011035_230ce96d-3f24-4126-b94e-acd1c67a1d7e); Time taken: 0.004 seconds
2024-04-24T01:10:35,720  INFO [main] lockmgr.DbTxnManager: Stopped heartbeat for query: alex_20240424011035_230ce96d-3f24-4126-b94e-acd1c67a1d7e
2024-04-24T01:10:35,726  INFO [main] txn.TxnHandler: Expected to move at least one record from txn_components to completed_txn_components when committing txn! txnid:6
2024-04-24T01:10:35,731  INFO [main] txn.TxnHandler: Removed transactions: ([6]) from MIN_HISTORY_LEVEL
2024-04-24T01:10:35,731  WARN [main] txn.CompactionTxnHandler: No compaction queue record found for Compaction type transaction commit. txnId:6
2024-04-24T01:10:35,731  INFO [main] ql.TxnCommandsBaseForTests: Running the query: create table acidTbl(a int, b int) clustered by (a) into 2 buckets stored as orc TBLPROPERTIES ('transactional'='true')
2024-04-24T01:10:35,731  INFO [main] ql.Driver: Compiling command(queryId=alex_20240424011035_1ffa2607-6258-40bd-b952-83e3f10bbbda): create table acidTbl(a int, b int) clustered by (a) into 2 buckets stored as orc TBLPROPERTIES ('transactional'='true')
2024-04-24T01:10:35,733  INFO [main] txn.TxnHandler: Added entries to MIN_HISTORY_LEVEL for current txns: ([7]) with min_open_txn: 1
2024-04-24T01:10:35,734  INFO [main] lockmgr.DbTxnManager: Opened txnid:7
2024-04-24T01:10:35,734  INFO [main] parse.CalcitePlanner: Starting caching scope for: 
2024-04-24T01:10:35,734  INFO [main] parse.CalcitePlanner: Starting Semantic Analysis
2024-04-24T01:10:35,738  INFO [main] parse.CalcitePlanner: Creating table default.acidTbl position=13
2024-04-24T01:10:35,739  INFO [main] HiveMetaStore.audit: ugi=alex	ip=unknown-ip-addr	cmd=get_database: default	
2024-04-24T01:10:35,740  INFO [main] parse.CalcitePlanner: Ending caching scope for: 
2024-04-24T01:10:35,740  INFO [main] ql.Driver: Semantic Analysis Completed (retrial = false)
2024-04-24T01:10:35,741  INFO [main] ql.Driver: Created Hive schema: Schema(fieldSchemas:null, properties:null)
2024-04-24T01:10:35,741  INFO [main] metadata.Hive: Dumping metastore api call timing information for : compilation phase
2024-04-24T01:10:35,741  INFO [main] metadata.Hive: Total time spent in each metastore function (ms): {isCompatibleWith_(Configuration)=0, flushCache_()=0, getDatabase_(String)=1, commitTxn_(CommitTxnRequest)=11, openTxn_(String, TxnType)=2, getValidWriteIds_(List, String)=4, getValidTxns_(long)=0}
2024-04-24T01:10:35,741  INFO [main] ql.Driver: Completed compiling command(queryId=alex_20240424011035_1ffa2607-6258-40bd-b952-83e3f10bbbda); Time taken: 0.01 seconds
2024-04-24T01:10:35,741  INFO [main] lockmgr.DbTxnManager: Setting lock request transaction to txnid:7 for queryId=alex_20240424011035_1ffa2607-6258-40bd-b952-83e3f10bbbda
2024-04-24T01:10:35,742  INFO [main] lockmgr.DbLockManager: Requesting lock for queryId=alex_20240424011035_1ffa2607-6258-40bd-b952-83e3f10bbbda
2024-04-24T01:10:35,756  INFO [main] lockmgr.DbLockManager: Response to queryId=alex_20240424011035_1ffa2607-6258-40bd-b952-83e3f10bbbda LockResponse(lockid:1, state:ACQUIRED)
2024-04-24T01:10:35,756  INFO [main] ql.Driver: Operation CREATETABLE obtained 1 locks
2024-04-24T01:10:35,756  INFO [main] ql.Driver: Executing command(queryId=alex_20240424011035_1ffa2607-6258-40bd-b952-83e3f10bbbda): create table acidTbl(a int, b int) clustered by (a) into 2 buckets stored as orc TBLPROPERTIES ('transactional'='true')
2024-04-24T01:10:35,756  INFO [main] ql.Driver: Starting task [Stage-0:DDL] in serial mode
2024-04-24T01:10:35,757  INFO [main] HiveMetaStore.audit: ugi=alex	ip=unknown-ip-addr	cmd=create_table_req: Table(tableName:acidTbl, dbName:default, owner:alex, createTime:1713946235, lastAccessTime:0, retention:0, sd:StorageDescriptor(cols:[FieldSchema(name:a, type:int, comment:null), FieldSchema(name:b, type:int, comment:null)], location:null, inputFormat:org.apache.hadoop.hive.ql.io.orc.OrcInputFormat, outputFormat:org.apache.hadoop.hive.ql.io.orc.OrcOutputFormat, compressed:false, numBuckets:2, serdeInfo:SerDeInfo(name:null, serializationLib:org.apache.hadoop.hive.ql.io.orc.OrcSerde, parameters:{serialization.format=1}), bucketCols:[a], sortCols:[], parameters:{}, skewedInfo:SkewedInfo(skewedColNames:[], skewedColValues:[], skewedColValueLocationMaps:{}), storedAsSubDirectories:false), partitionKeys:[], parameters:{numRows=0, numFiles=0, numFilesErasureCoded=0, bucketing_version=2, rawDataSize=0, COLUMN_STATS_ACCURATE={"BASIC_STATS":"true","COLUMN_STATS":{"a":"true","b":"true"}}, transactional=true, totalSize=0}, viewOriginalText:null, viewExpandedText:null, tableType:MANAGED_TABLE, privileges:PrincipalPrivilegeSet(userPrivileges:{alex=[PrivilegeGrantInfo(privilege:INSERT, createTime:-1, grantor:alex, grantorType:USER, grantOption:true), PrivilegeGrantInfo(privilege:SELECT, createTime:-1, grantor:alex, grantorType:USER, grantOption:true), PrivilegeGrantInfo(privilege:UPDATE, createTime:-1, grantor:alex, grantorType:USER, grantOption:true), PrivilegeGrantInfo(privilege:DELETE, createTime:-1, grantor:alex, grantorType:USER, grantOption:true)]}, groupPrivileges:null, rolePrivileges:null), temporary:false, catName:hive, ownerType:USER, writeId:0)	
2024-04-24T01:10:35,762  INFO [main] utils.FileUtils: Creating directory if it doesn't exist: file:/home/alex/Repositories/hive/ql/target/tmp/org.apache.hadoop.hive.ql.TestTxnCommands-1713946100941/warehouse/acidtbl
2024-04-24T01:10:35,791  INFO [main] metadata.Hive: Dumping metastore api call timing information for : execution phase
2024-04-24T01:10:35,791  INFO [main] metadata.Hive: Total time spent in each metastore function (ms): {isCompatibleWith_(Configuration)=0, createTable_(Table)=33}
2024-04-24T01:10:35,791  INFO [main] ql.Driver: Completed executing command(queryId=alex_20240424011035_1ffa2607-6258-40bd-b952-83e3f10bbbda); Time taken: 0.035 seconds
2024-04-24T01:10:35,791  INFO [main] lockmgr.DbTxnManager: Stopped heartbeat for query: alex_20240424011035_1ffa2607-6258-40bd-b952-83e3f10bbbda
2024-04-24T01:10:35,794  INFO [main] txn.TxnHandler: Expected to move at least one record from txn_components to completed_txn_components when committing txn! txnid:7
2024-04-24T01:10:35,799  INFO [main] txn.TxnHandler: Removed transactions: ([7]) from MIN_HISTORY_LEVEL
2024-04-24T01:10:35,800  WARN [main] txn.CompactionTxnHandler: No compaction queue record found for Compaction type transaction commit. txnId:7
2024-04-24T01:10:35,800  INFO [main] ql.TxnCommandsBaseForTests: Running the query: create table acidTblPart(a int, b int) partitioned by (p string) clustered by (a) into 2 buckets stored as orc TBLPROPERTIES ('transactional'='true')
2024-04-24T01:10:35,801  INFO [main] ql.Driver: Compiling command(queryId=alex_20240424011035_cfc0bd88-5404-4ff9-8c66-07d3225444f3): create table acidTblPart(a int, b int) partitioned by (p string) clustered by (a) into 2 buckets stored as orc TBLPROPERTIES ('transactional'='true')
2024-04-24T01:10:35,808  INFO [main] txn.TxnHandler: Added entries to MIN_HISTORY_LEVEL for current txns: ([8]) with min_open_txn: 1
2024-04-24T01:10:35,808  INFO [main] lockmgr.DbTxnManager: Opened txnid:8
2024-04-24T01:10:35,810  INFO [main] parse.CalcitePlanner: Starting caching scope for: 
2024-04-24T01:10:35,810  INFO [main] parse.CalcitePlanner: Starting Semantic Analysis
2024-04-24T01:10:35,812  INFO [main] parse.CalcitePlanner: Creating table default.acidTblPart position=13
2024-04-24T01:10:35,813  INFO [main] HiveMetaStore.audit: ugi=alex	ip=unknown-ip-addr	cmd=get_database: default	
2024-04-24T01:10:35,814  INFO [main] parse.CalcitePlanner: Ending caching scope for: 
2024-04-24T01:10:35,814  INFO [main] ql.Driver: Semantic Analysis Completed (retrial = false)
2024-04-24T01:10:35,815  INFO [main] ql.Driver: Created Hive schema: Schema(fieldSchemas:null, properties:null)
2024-04-24T01:10:35,815  INFO [main] metadata.Hive: Dumping metastore api call timing information for : compilation phase
2024-04-24T01:10:35,815  INFO [main] metadata.Hive: Total time spent in each metastore function (ms): {commitTxn_(CommitTxnRequest)=9, openTxn_(String, TxnType)=7, getValidTxns_(long)=1, getValidWriteIds_(List, String)=2, isCompatibleWith_(Configuration)=1, getDatabase_(String)=1, flushCache_()=0}
2024-04-24T01:10:35,815  INFO [main] ql.Driver: Completed compiling command(queryId=alex_20240424011035_cfc0bd88-5404-4ff9-8c66-07d3225444f3); Time taken: 0.014 seconds
2024-04-24T01:10:35,815  INFO [main] lockmgr.DbTxnManager: Setting lock request transaction to txnid:8 for queryId=alex_20240424011035_cfc0bd88-5404-4ff9-8c66-07d3225444f3
2024-04-24T01:10:35,816  INFO [main] lockmgr.DbLockManager: Requesting lock for queryId=alex_20240424011035_cfc0bd88-5404-4ff9-8c66-07d3225444f3
2024-04-24T01:10:35,827  INFO [main] lockmgr.DbLockManager: Response to queryId=alex_20240424011035_cfc0bd88-5404-4ff9-8c66-07d3225444f3 LockResponse(lockid:2, state:ACQUIRED)
2024-04-24T01:10:35,827  INFO [main] ql.Driver: Operation CREATETABLE obtained 1 locks
2024-04-24T01:10:35,828  INFO [main] ql.Driver: Executing command(queryId=alex_20240424011035_cfc0bd88-5404-4ff9-8c66-07d3225444f3): create table acidTblPart(a int, b int) partitioned by (p string) clustered by (a) into 2 buckets stored as orc TBLPROPERTIES ('transactional'='true')
2024-04-24T01:10:35,828  INFO [main] ql.Driver: Starting task [Stage-0:DDL] in serial mode
2024-04-24T01:10:35,829  INFO [main] HiveMetaStore.audit: ugi=alex	ip=unknown-ip-addr	cmd=create_table_req: Table(tableName:acidTblPart, dbName:default, owner:alex, createTime:1713946235, lastAccessTime:0, retention:0, sd:StorageDescriptor(cols:[FieldSchema(name:a, type:int, comment:null), FieldSchema(name:b, type:int, comment:null)], location:null, inputFormat:org.apache.hadoop.hive.ql.io.orc.OrcInputFormat, outputFormat:org.apache.hadoop.hive.ql.io.orc.OrcOutputFormat, compressed:false, numBuckets:2, serdeInfo:SerDeInfo(name:null, serializationLib:org.apache.hadoop.hive.ql.io.orc.OrcSerde, parameters:{serialization.format=1}), bucketCols:[a], sortCols:[], parameters:{}, skewedInfo:SkewedInfo(skewedColNames:[], skewedColValues:[], skewedColValueLocationMaps:{}), storedAsSubDirectories:false), partitionKeys:[FieldSchema(name:p, type:string, comment:null)], parameters:{transactional=true, bucketing_version=2}, viewOriginalText:null, viewExpandedText:null, tableType:MANAGED_TABLE, privileges:PrincipalPrivilegeSet(userPrivileges:{alex=[PrivilegeGrantInfo(privilege:INSERT, createTime:-1, grantor:alex, grantorType:USER, grantOption:true), PrivilegeGrantInfo(privilege:SELECT, createTime:-1, grantor:alex, grantorType:USER, grantOption:true), PrivilegeGrantInfo(privilege:UPDATE, createTime:-1, grantor:alex, grantorType:USER, grantOption:true), PrivilegeGrantInfo(privilege:DELETE, createTime:-1, grantor:alex, grantorType:USER, grantOption:true)]}, groupPrivileges:null, rolePrivileges:null), temporary:false, catName:hive, ownerType:USER, writeId:0)	
2024-04-24T01:10:35,834  INFO [main] utils.FileUtils: Creating directory if it doesn't exist: file:/home/alex/Repositories/hive/ql/target/tmp/org.apache.hadoop.hive.ql.TestTxnCommands-1713946100941/warehouse/acidtblpart
2024-04-24T01:10:35,852  INFO [main] metadata.Hive: Dumping metastore api call timing information for : execution phase
2024-04-24T01:10:35,852  INFO [main] metadata.Hive: Total time spent in each metastore function (ms): {isCompatibleWith_(Configuration)=0, createTable_(Table)=23}
2024-04-24T01:10:35,852  INFO [main] ql.Driver: Completed executing command(queryId=alex_20240424011035_cfc0bd88-5404-4ff9-8c66-07d3225444f3); Time taken: 0.024 seconds
2024-04-24T01:10:35,852  INFO [main] lockmgr.DbTxnManager: Stopped heartbeat for query: alex_20240424011035_cfc0bd88-5404-4ff9-8c66-07d3225444f3
2024-04-24T01:10:35,855  INFO [main] txn.TxnHandler: Expected to move at least one record from txn_components to completed_txn_components when committing txn! txnid:8
2024-04-24T01:10:35,859  INFO [main] txn.TxnHandler: Removed transactions: ([8]) from MIN_HISTORY_LEVEL
2024-04-24T01:10:35,860  WARN [main] txn.CompactionTxnHandler: No compaction queue record found for Compaction type transaction commit. txnId:8
2024-04-24T01:10:35,860  INFO [main] ql.TxnCommandsBaseForTests: Running the query: create table nonAcidOrcTbl(a int, b int) clustered by (a) into 2 buckets stored as orc TBLPROPERTIES ('transactional'='false')
2024-04-24T01:10:35,860  INFO [main] ql.Driver: Compiling command(queryId=alex_20240424011035_899568ad-c57a-49e6-92be-0c7b71ff6c47): create table nonAcidOrcTbl(a int, b int) clustered by (a) into 2 buckets stored as orc TBLPROPERTIES ('transactional'='false')
2024-04-24T01:10:35,863  INFO [main] txn.TxnHandler: Added entries to MIN_HISTORY_LEVEL for current txns: ([9]) with min_open_txn: 1
2024-04-24T01:10:35,863  INFO [main] lockmgr.DbTxnManager: Opened txnid:9
2024-04-24T01:10:35,863  INFO [main] parse.CalcitePlanner: Starting caching scope for: 
2024-04-24T01:10:35,863  INFO [main] parse.CalcitePlanner: Starting Semantic Analysis
2024-04-24T01:10:35,866  INFO [main] parse.CalcitePlanner: Creating table default.nonAcidOrcTbl position=13
2024-04-24T01:10:35,866  INFO [main] HiveMetaStore.audit: ugi=alex	ip=unknown-ip-addr	cmd=get_database: default	
2024-04-24T01:10:35,868  INFO [main] parse.CalcitePlanner: Ending caching scope for: 
2024-04-24T01:10:35,868  INFO [main] ql.Driver: Semantic Analysis Completed (retrial = false)
2024-04-24T01:10:35,868  INFO [main] ql.Driver: Created Hive schema: Schema(fieldSchemas:null, properties:null)
2024-04-24T01:10:35,868  INFO [main] metadata.Hive: Dumping metastore api call timing information for : compilation phase
2024-04-24T01:10:35,868  INFO [main] metadata.Hive: Total time spent in each metastore function (ms): {openTxn_(String, TxnType)=2, isCompatibleWith_(Configuration)=0, getValidWriteIds_(List, String)=3, flushCache_()=0, commitTxn_(CommitTxnRequest)=8, getDatabase_(String)=2, getValidTxns_(long)=0}
2024-04-24T01:10:35,868  INFO [main] ql.Driver: Completed compiling command(queryId=alex_20240424011035_899568ad-c57a-49e6-92be-0c7b71ff6c47); Time taken: 0.008 seconds
2024-04-24T01:10:35,868  INFO [main] lockmgr.DbTxnManager: Setting lock request transaction to txnid:9 for queryId=alex_20240424011035_899568ad-c57a-49e6-92be-0c7b71ff6c47
2024-04-24T01:10:35,869  INFO [main] lockmgr.DbLockManager: Requesting lock for queryId=alex_20240424011035_899568ad-c57a-49e6-92be-0c7b71ff6c47
2024-04-24T01:10:35,880  INFO [main] lockmgr.DbLockManager: Response to queryId=alex_20240424011035_899568ad-c57a-49e6-92be-0c7b71ff6c47 LockResponse(lockid:3, state:ACQUIRED)
2024-04-24T01:10:35,880  INFO [main] ql.Driver: Operation CREATETABLE obtained 1 locks
2024-04-24T01:10:35,881  INFO [main] ql.Driver: Executing command(queryId=alex_20240424011035_899568ad-c57a-49e6-92be-0c7b71ff6c47): create table nonAcidOrcTbl(a int, b int) clustered by (a) into 2 buckets stored as orc TBLPROPERTIES ('transactional'='false')
2024-04-24T01:10:35,881  INFO [main] ql.Driver: Starting task [Stage-0:DDL] in serial mode
2024-04-24T01:10:35,882  INFO [main] HiveMetaStore.audit: ugi=alex	ip=unknown-ip-addr	cmd=create_table_req: Table(tableName:nonAcidOrcTbl, dbName:default, owner:alex, createTime:1713946235, lastAccessTime:0, retention:0, sd:StorageDescriptor(cols:[FieldSchema(name:a, type:int, comment:null), FieldSchema(name:b, type:int, comment:null)], location:null, inputFormat:org.apache.hadoop.hive.ql.io.orc.OrcInputFormat, outputFormat:org.apache.hadoop.hive.ql.io.orc.OrcOutputFormat, compressed:false, numBuckets:2, serdeInfo:SerDeInfo(name:null, serializationLib:org.apache.hadoop.hive.ql.io.orc.OrcSerde, parameters:{serialization.format=1}), bucketCols:[a], sortCols:[], parameters:{}, skewedInfo:SkewedInfo(skewedColNames:[], skewedColValues:[], skewedColValueLocationMaps:{}), storedAsSubDirectories:false), partitionKeys:[], parameters:{COLUMN_STATS_ACCURATE={"BASIC_STATS":"true","COLUMN_STATS":{"a":"true","b":"true"}}, numFilesErasureCoded=0, numFiles=0, bucketing_version=2, totalSize=0, rawDataSize=0, transactional=false, numRows=0}, viewOriginalText:null, viewExpandedText:null, tableType:MANAGED_TABLE, privileges:PrincipalPrivilegeSet(userPrivileges:{alex=[PrivilegeGrantInfo(privilege:INSERT, createTime:-1, grantor:alex, grantorType:USER, grantOption:true), PrivilegeGrantInfo(privilege:SELECT, createTime:-1, grantor:alex, grantorType:USER, grantOption:true), PrivilegeGrantInfo(privilege:UPDATE, createTime:-1, grantor:alex, grantorType:USER, grantOption:true), PrivilegeGrantInfo(privilege:DELETE, createTime:-1, grantor:alex, grantorType:USER, grantOption:true)]}, groupPrivileges:null, rolePrivileges:null), temporary:false, catName:hive, ownerType:USER)	
2024-04-24T01:10:35,886  INFO [main] utils.FileUtils: Creating directory if it doesn't exist: file:/home/alex/Repositories/hive/ql/target/tmp/org.apache.hadoop.hive.ql.TestTxnCommands-1713946100941/warehouse/nonacidorctbl
2024-04-24T01:10:35,900  INFO [main] metadata.Hive: Dumping metastore api call timing information for : execution phase
2024-04-24T01:10:35,900  INFO [main] metadata.Hive: Total time spent in each metastore function (ms): {createTable_(Table)=18, isCompatibleWith_(Configuration)=0}
2024-04-24T01:10:35,900  INFO [main] ql.Driver: Completed executing command(queryId=alex_20240424011035_899568ad-c57a-49e6-92be-0c7b71ff6c47); Time taken: 0.019 seconds
2024-04-24T01:10:35,900  INFO [main] lockmgr.DbTxnManager: Stopped heartbeat for query: alex_20240424011035_899568ad-c57a-49e6-92be-0c7b71ff6c47
2024-04-24T01:10:35,903  INFO [main] txn.TxnHandler: Expected to move at least one record from txn_components to completed_txn_components when committing txn! txnid:9
2024-04-24T01:10:35,907  INFO [main] txn.TxnHandler: Removed transactions: ([9]) from MIN_HISTORY_LEVEL
2024-04-24T01:10:35,908  WARN [main] txn.CompactionTxnHandler: No compaction queue record found for Compaction type transaction commit. txnId:9
2024-04-24T01:10:35,908  INFO [main] ql.TxnCommandsBaseForTests: Running the query: create table nonAcidOrcTbl2(a int, b int) clustered by (a) into 2 buckets stored as orc TBLPROPERTIES ('transactional'='false')
2024-04-24T01:10:35,908  INFO [main] ql.Driver: Compiling command(queryId=alex_20240424011035_2bc6cf6f-ec48-431f-952b-22b48ea6bdb8): create table nonAcidOrcTbl2(a int, b int) clustered by (a) into 2 buckets stored as orc TBLPROPERTIES ('transactional'='false')
2024-04-24T01:10:35,911  INFO [main] txn.TxnHandler: Added entries to MIN_HISTORY_LEVEL for current txns: ([10]) with min_open_txn: 1
2024-04-24T01:10:35,912  INFO [main] lockmgr.DbTxnManager: Opened txnid:10
2024-04-24T01:10:35,912  INFO [main] parse.CalcitePlanner: Starting caching scope for: 
2024-04-24T01:10:35,912  INFO [main] parse.CalcitePlanner: Starting Semantic Analysis
2024-04-24T01:10:35,915  INFO [main] parse.CalcitePlanner: Creating table default.nonAcidOrcTbl2 position=13
2024-04-24T01:10:35,915  INFO [main] HiveMetaStore.audit: ugi=alex	ip=unknown-ip-addr	cmd=get_database: default	
2024-04-24T01:10:35,917  INFO [main] parse.CalcitePlanner: Ending caching scope for: 
2024-04-24T01:10:35,917  INFO [main] ql.Driver: Semantic Analysis Completed (retrial = false)
2024-04-24T01:10:35,917  INFO [main] ql.Driver: Created Hive schema: Schema(fieldSchemas:null, properties:null)
2024-04-24T01:10:35,917  INFO [main] metadata.Hive: Dumping metastore api call timing information for : compilation phase
2024-04-24T01:10:35,917  INFO [main] metadata.Hive: Total time spent in each metastore function (ms): {flushCache_()=0, commitTxn_(CommitTxnRequest)=8, isCompatibleWith_(Configuration)=1, getValidWriteIds_(List, String)=2, getValidTxns_(long)=0, getDatabase_(String)=2, openTxn_(String, TxnType)=3}
2024-04-24T01:10:35,917  INFO [main] ql.Driver: Completed compiling command(queryId=alex_20240424011035_2bc6cf6f-ec48-431f-952b-22b48ea6bdb8); Time taken: 0.009 seconds
2024-04-24T01:10:35,918  INFO [main] lockmgr.DbTxnManager: Setting lock request transaction to txnid:10 for queryId=alex_20240424011035_2bc6cf6f-ec48-431f-952b-22b48ea6bdb8
2024-04-24T01:10:35,918  INFO [main] lockmgr.DbLockManager: Requesting lock for queryId=alex_20240424011035_2bc6cf6f-ec48-431f-952b-22b48ea6bdb8
2024-04-24T01:10:35,931  INFO [main] lockmgr.DbLockManager: Response to queryId=alex_20240424011035_2bc6cf6f-ec48-431f-952b-22b48ea6bdb8 LockResponse(lockid:4, state:ACQUIRED)
2024-04-24T01:10:35,931  INFO [main] ql.Driver: Operation CREATETABLE obtained 1 locks
2024-04-24T01:10:35,931  INFO [main] ql.Driver: Executing command(queryId=alex_20240424011035_2bc6cf6f-ec48-431f-952b-22b48ea6bdb8): create table nonAcidOrcTbl2(a int, b int) clustered by (a) into 2 buckets stored as orc TBLPROPERTIES ('transactional'='false')
2024-04-24T01:10:35,931  INFO [main] ql.Driver: Starting task [Stage-0:DDL] in serial mode
2024-04-24T01:10:35,932  INFO [main] HiveMetaStore.audit: ugi=alex	ip=unknown-ip-addr	cmd=create_table_req: Table(tableName:nonAcidOrcTbl2, dbName:default, owner:alex, createTime:1713946235, lastAccessTime:0, retention:0, sd:StorageDescriptor(cols:[FieldSchema(name:a, type:int, comment:null), FieldSchema(name:b, type:int, comment:null)], location:null, inputFormat:org.apache.hadoop.hive.ql.io.orc.OrcInputFormat, outputFormat:org.apache.hadoop.hive.ql.io.orc.OrcOutputFormat, compressed:false, numBuckets:2, serdeInfo:SerDeInfo(name:null, serializationLib:org.apache.hadoop.hive.ql.io.orc.OrcSerde, parameters:{serialization.format=1}), bucketCols:[a], sortCols:[], parameters:{}, skewedInfo:SkewedInfo(skewedColNames:[], skewedColValues:[], skewedColValueLocationMaps:{}), storedAsSubDirectories:false), partitionKeys:[], parameters:{bucketing_version=2, rawDataSize=0, numFilesErasureCoded=0, numFiles=0, COLUMN_STATS_ACCURATE={"BASIC_STATS":"true","COLUMN_STATS":{"a":"true","b":"true"}}, numRows=0, totalSize=0, transactional=false}, viewOriginalText:null, viewExpandedText:null, tableType:MANAGED_TABLE, privileges:PrincipalPrivilegeSet(userPrivileges:{alex=[PrivilegeGrantInfo(privilege:INSERT, createTime:-1, grantor:alex, grantorType:USER, grantOption:true), PrivilegeGrantInfo(privilege:SELECT, createTime:-1, grantor:alex, grantorType:USER, grantOption:true), PrivilegeGrantInfo(privilege:UPDATE, createTime:-1, grantor:alex, grantorType:USER, grantOption:true), PrivilegeGrantInfo(privilege:DELETE, createTime:-1, grantor:alex, grantorType:USER, grantOption:true)]}, groupPrivileges:null, rolePrivileges:null), temporary:false, catName:hive, ownerType:USER)	
2024-04-24T01:10:35,937  INFO [main] utils.FileUtils: Creating directory if it doesn't exist: file:/home/alex/Repositories/hive/ql/target/tmp/org.apache.hadoop.hive.ql.TestTxnCommands-1713946100941/warehouse/nonacidorctbl2
2024-04-24T01:10:35,950  INFO [main] metadata.Hive: Dumping metastore api call timing information for : execution phase
2024-04-24T01:10:35,950  INFO [main] metadata.Hive: Total time spent in each metastore function (ms): {createTable_(Table)=18, isCompatibleWith_(Configuration)=0}
2024-04-24T01:10:35,950  INFO [main] ql.Driver: Completed executing command(queryId=alex_20240424011035_2bc6cf6f-ec48-431f-952b-22b48ea6bdb8); Time taken: 0.019 seconds
2024-04-24T01:10:35,950  INFO [main] lockmgr.DbTxnManager: Stopped heartbeat for query: alex_20240424011035_2bc6cf6f-ec48-431f-952b-22b48ea6bdb8
2024-04-24T01:10:35,953  INFO [main] txn.TxnHandler: Expected to move at least one record from txn_components to completed_txn_components when committing txn! txnid:10
2024-04-24T01:10:35,958  INFO [main] txn.TxnHandler: Removed transactions: ([10]) from MIN_HISTORY_LEVEL
2024-04-24T01:10:35,958  WARN [main] txn.CompactionTxnHandler: No compaction queue record found for Compaction type transaction commit. txnId:10
2024-04-24T01:10:35,958  INFO [main] ql.TxnCommandsBaseForTests: Running the query: create temporary  table acidTbl2(a int, b int, c int) clustered by (c) into 2 buckets stored as orc TBLPROPERTIES ('transactional'='true')
2024-04-24T01:10:35,959  INFO [main] ql.Driver: Compiling command(queryId=alex_20240424011035_851c85ea-874c-45e2-959f-1994950d2c48): create temporary  table acidTbl2(a int, b int, c int) clustered by (c) into 2 buckets stored as orc TBLPROPERTIES ('transactional'='true')
2024-04-24T01:10:35,961  INFO [main] txn.TxnHandler: Added entries to MIN_HISTORY_LEVEL for current txns: ([11]) with min_open_txn: 1
2024-04-24T01:10:35,961  INFO [main] lockmgr.DbTxnManager: Opened txnid:11
2024-04-24T01:10:35,962  INFO [main] parse.CalcitePlanner: Starting caching scope for: 
2024-04-24T01:10:35,962  INFO [main] parse.CalcitePlanner: Starting Semantic Analysis
2024-04-24T01:10:35,964  INFO [main] parse.CalcitePlanner: Creating table default.acidTbl2 position=24
2024-04-24T01:10:35,964  INFO [main] HiveMetaStore.audit: ugi=alex	ip=unknown-ip-addr	cmd=get_database: default	
2024-04-24T01:10:35,966  INFO [main] parse.CalcitePlanner: Ending caching scope for: 
2024-04-24T01:10:35,966  INFO [main] ql.Driver: Semantic Analysis Completed (retrial = false)
2024-04-24T01:10:35,966  INFO [main] ql.Driver: Created Hive schema: Schema(fieldSchemas:null, properties:null)
2024-04-24T01:10:35,966  INFO [main] metadata.Hive: Dumping metastore api call timing information for : compilation phase
2024-04-24T01:10:35,966  INFO [main] metadata.Hive: Total time spent in each metastore function (ms): {getValidTxns_(long)=0, openTxn_(String, TxnType)=2, getValidWriteIds_(List, String)=2, flushCache_()=0, isCompatibleWith_(Configuration)=1, getDatabase_(String)=2, commitTxn_(CommitTxnRequest)=8}
2024-04-24T01:10:35,967  INFO [main] ql.Driver: Completed compiling command(queryId=alex_20240424011035_851c85ea-874c-45e2-959f-1994950d2c48); Time taken: 0.007 seconds
2024-04-24T01:10:35,967  INFO [main] lockmgr.DbTxnManager: Setting lock request transaction to txnid:11 for queryId=alex_20240424011035_851c85ea-874c-45e2-959f-1994950d2c48
2024-04-24T01:10:35,967  INFO [main] lockmgr.DbLockManager: Requesting lock for queryId=alex_20240424011035_851c85ea-874c-45e2-959f-1994950d2c48
2024-04-24T01:10:35,980  INFO [main] lockmgr.DbLockManager: Response to queryId=alex_20240424011035_851c85ea-874c-45e2-959f-1994950d2c48 LockResponse(lockid:5, state:ACQUIRED)
2024-04-24T01:10:35,980  INFO [main] ql.Driver: Operation CREATETABLE obtained 1 locks
2024-04-24T01:10:35,980  INFO [main] ql.Driver: Executing command(queryId=alex_20240424011035_851c85ea-874c-45e2-959f-1994950d2c48): create temporary  table acidTbl2(a int, b int, c int) clustered by (c) into 2 buckets stored as orc TBLPROPERTIES ('transactional'='true')
2024-04-24T01:10:35,981  INFO [main] ql.Driver: Starting task [Stage-0:DDL] in serial mode
2024-04-24T01:10:35,981  INFO [main] utils.FileUtils: Creating directory if it doesn't exist: file:/home/alex/Repositories/hive/ql/target/tmp/scratchdir/alex/75a1102e-bf63-4b5d-8177-291a56f3e6ae/_tmp_space.db/845afebd-bf48-47a5-a0c7-ebf54795b7e5
2024-04-24T01:10:35,984  INFO [main] metadata.Hive: Dumping metastore api call timing information for : execution phase
2024-04-24T01:10:35,984  INFO [main] metadata.Hive: Total time spent in each metastore function (ms): {createTable_(Table)=3, isCompatibleWith_(Configuration)=0}
2024-04-24T01:10:35,985  INFO [main] ql.Driver: Completed executing command(queryId=alex_20240424011035_851c85ea-874c-45e2-959f-1994950d2c48); Time taken: 0.004 seconds
2024-04-24T01:10:35,985  INFO [main] lockmgr.DbTxnManager: Stopped heartbeat for query: alex_20240424011035_851c85ea-874c-45e2-959f-1994950d2c48
2024-04-24T01:10:35,988  INFO [main] txn.TxnHandler: Expected to move at least one record from txn_components to completed_txn_components when committing txn! txnid:11
2024-04-24T01:10:35,993  INFO [main] txn.TxnHandler: Removed transactions: ([11]) from MIN_HISTORY_LEVEL
2024-04-24T01:10:35,993  WARN [main] txn.CompactionTxnHandler: No compaction queue record found for Compaction type transaction commit. txnId:11
2024-04-24T01:10:35,994  INFO [main] ql.TxnCommandsBaseForTests: Running the query: create table nonAcidNonBucket(a int, b int) stored as orc TBLPROPERTIES ('transactional'='false')
2024-04-24T01:10:35,994  INFO [main] ql.Driver: Compiling command(queryId=alex_20240424011035_d4e94475-f8d3-4ae9-b05b-3fa9ddb5df0e): create table nonAcidNonBucket(a int, b int) stored as orc TBLPROPERTIES ('transactional'='false')
2024-04-24T01:10:35,996  INFO [main] txn.TxnHandler: Added entries to MIN_HISTORY_LEVEL for current txns: ([12]) with min_open_txn: 1
2024-04-24T01:10:35,997  INFO [main] lockmgr.DbTxnManager: Opened txnid:12
2024-04-24T01:10:35,997  INFO [main] parse.CalcitePlanner: Starting caching scope for: 
2024-04-24T01:10:35,997  INFO [main] parse.CalcitePlanner: Starting Semantic Analysis
2024-04-24T01:10:35,999  INFO [main] parse.CalcitePlanner: Creating table default.nonAcidNonBucket position=13
2024-04-24T01:10:36,000  INFO [main] HiveMetaStore.audit: ugi=alex	ip=unknown-ip-addr	cmd=get_database: default	
2024-04-24T01:10:36,001  INFO [main] parse.CalcitePlanner: Ending caching scope for: 
2024-04-24T01:10:36,001  INFO [main] ql.Driver: Semantic Analysis Completed (retrial = false)
2024-04-24T01:10:36,001  INFO [main] ql.Driver: Created Hive schema: Schema(fieldSchemas:null, properties:null)
2024-04-24T01:10:36,001  INFO [main] metadata.Hive: Dumping metastore api call timing information for : compilation phase
2024-04-24T01:10:36,002  INFO [main] metadata.Hive: Total time spent in each metastore function (ms): {getValidWriteIds_(List, String)=2, commitTxn_(CommitTxnRequest)=9, getValidTxns_(long)=0, getDatabase_(String)=2, openTxn_(String, TxnType)=2, isCompatibleWith_(Configuration)=0, flushCache_()=0}
2024-04-24T01:10:36,002  INFO [main] ql.Driver: Completed compiling command(queryId=alex_20240424011035_d4e94475-f8d3-4ae9-b05b-3fa9ddb5df0e); Time taken: 0.007 seconds
2024-04-24T01:10:36,002  INFO [main] lockmgr.DbTxnManager: Setting lock request transaction to txnid:12 for queryId=alex_20240424011035_d4e94475-f8d3-4ae9-b05b-3fa9ddb5df0e
2024-04-24T01:10:36,002  INFO [main] lockmgr.DbLockManager: Requesting lock for queryId=alex_20240424011035_d4e94475-f8d3-4ae9-b05b-3fa9ddb5df0e
2024-04-24T01:10:36,015  INFO [main] lockmgr.DbLockManager: Response to queryId=alex_20240424011035_d4e94475-f8d3-4ae9-b05b-3fa9ddb5df0e LockResponse(lockid:6, state:ACQUIRED)
2024-04-24T01:10:36,015  INFO [main] ql.Driver: Operation CREATETABLE obtained 1 locks
2024-04-24T01:10:36,015  INFO [main] ql.Driver: Executing command(queryId=alex_20240424011035_d4e94475-f8d3-4ae9-b05b-3fa9ddb5df0e): create table nonAcidNonBucket(a int, b int) stored as orc TBLPROPERTIES ('transactional'='false')
2024-04-24T01:10:36,015  INFO [main] ql.Driver: Starting task [Stage-0:DDL] in serial mode
2024-04-24T01:10:36,016  INFO [main] HiveMetaStore.audit: ugi=alex	ip=unknown-ip-addr	cmd=create_table_req: Table(tableName:nonAcidNonBucket, dbName:default, owner:alex, createTime:1713946236, lastAccessTime:0, retention:0, sd:StorageDescriptor(cols:[FieldSchema(name:a, type:int, comment:null), FieldSchema(name:b, type:int, comment:null)], location:null, inputFormat:org.apache.hadoop.hive.ql.io.orc.OrcInputFormat, outputFormat:org.apache.hadoop.hive.ql.io.orc.OrcOutputFormat, compressed:false, numBuckets:-1, serdeInfo:SerDeInfo(name:null, serializationLib:org.apache.hadoop.hive.ql.io.orc.OrcSerde, parameters:{serialization.format=1}), bucketCols:[], sortCols:[], parameters:{}, skewedInfo:SkewedInfo(skewedColNames:[], skewedColValues:[], skewedColValueLocationMaps:{}), storedAsSubDirectories:false), partitionKeys:[], parameters:{bucketing_version=2, COLUMN_STATS_ACCURATE={"BASIC_STATS":"true","COLUMN_STATS":{"a":"true","b":"true"}}, numFiles=0, transactional=false, numFilesErasureCoded=0, rawDataSize=0, totalSize=0, numRows=0}, viewOriginalText:null, viewExpandedText:null, tableType:MANAGED_TABLE, privileges:PrincipalPrivilegeSet(userPrivileges:{alex=[PrivilegeGrantInfo(privilege:INSERT, createTime:-1, grantor:alex, grantorType:USER, grantOption:true), PrivilegeGrantInfo(privilege:SELECT, createTime:-1, grantor:alex, grantorType:USER, grantOption:true), PrivilegeGrantInfo(privilege:UPDATE, createTime:-1, grantor:alex, grantorType:USER, grantOption:true), PrivilegeGrantInfo(privilege:DELETE, createTime:-1, grantor:alex, grantorType:USER, grantOption:true)]}, groupPrivileges:null, rolePrivileges:null), temporary:false, catName:hive, ownerType:USER)	
2024-04-24T01:10:36,021  INFO [main] utils.FileUtils: Creating directory if it doesn't exist: file:/home/alex/Repositories/hive/ql/target/tmp/org.apache.hadoop.hive.ql.TestTxnCommands-1713946100941/warehouse/nonacidnonbucket
2024-04-24T01:10:36,034  INFO [main] metadata.Hive: Dumping metastore api call timing information for : execution phase
2024-04-24T01:10:36,035  INFO [main] metadata.Hive: Total time spent in each metastore function (ms): {createTable_(Table)=18, isCompatibleWith_(Configuration)=0}
2024-04-24T01:10:36,035  INFO [main] ql.Driver: Completed executing command(queryId=alex_20240424011035_d4e94475-f8d3-4ae9-b05b-3fa9ddb5df0e); Time taken: 0.019 seconds
2024-04-24T01:10:36,035  INFO [main] lockmgr.DbTxnManager: Stopped heartbeat for query: alex_20240424011035_d4e94475-f8d3-4ae9-b05b-3fa9ddb5df0e
2024-04-24T01:10:36,038  INFO [main] txn.TxnHandler: Expected to move at least one record from txn_components to completed_txn_components when committing txn! txnid:12
2024-04-24T01:10:36,042  INFO [main] txn.TxnHandler: Removed transactions: ([12]) from MIN_HISTORY_LEVEL
2024-04-24T01:10:36,042  WARN [main] txn.CompactionTxnHandler: No compaction queue record found for Compaction type transaction commit. txnId:12
2024-04-24T01:10:36,043  INFO [main] HiveMetaStore.audit: ugi=alex	ip=unknown-ip-addr	cmd=Cleaning up thread local RawStore...	
2024-04-24T01:10:36,043  INFO [main] metastore.ObjectStore: RawStore: org.apache.hadoop.hive.metastore.ObjectStore@a59b977, with PersistenceManager: org.datanucleus.api.jdo.JDOPersistenceManager@26e44d29 will be shutdown
2024-04-24T01:10:36,044  INFO [main] HiveMetaStore.audit: ugi=alex	ip=unknown-ip-addr	cmd=Done cleaning up thread local RawStore	
2024-04-24T01:10:36,044  INFO [main] metastore.HiveMetaStoreClient: Closed a connection to metastore, current connections: -10
2024-04-24T01:10:36,044  INFO [main] ql.TxnCommandsBaseForTests: Running the query: drop table if exists T
2024-04-24T01:10:36,044  INFO [main] ql.Driver: Compiling command(queryId=alex_20240424011036_85342abc-b398-4d5d-994a-ea267c200366): drop table if exists T
2024-04-24T01:10:36,045  INFO [main] metastore.HiveMetaStoreClient: HMS client filtering is enabled.
2024-04-24T01:10:36,046  INFO [main] metastore.HMSHandler: 0: Opening raw store with implementation class:org.apache.hadoop.hive.metastore.ObjectStore
2024-04-24T01:10:36,046  INFO [main] metastore.PersistenceManagerProvider: Configuration datanucleus.autoStartMechanismMode is not set. Defaulting to 'ignored'
2024-04-24T01:10:36,047  INFO [main] metastore.ObjectStore: RawStore: org.apache.hadoop.hive.metastore.ObjectStore@4a88073f, with PersistenceManager: null will be shutdown
2024-04-24T01:10:36,047  INFO [main] metastore.ObjectStore: RawStore: org.apache.hadoop.hive.metastore.ObjectStore@4a88073f, with PersistenceManager: org.datanucleus.api.jdo.JDOPersistenceManager@7e41dcfc created in the thread with id: 1
2024-04-24T01:10:36,063  INFO [main] metastore.HMSHandler: Created RawStore: org.apache.hadoop.hive.metastore.ObjectStore@4a88073f from thread id: 1
2024-04-24T01:10:36,064  INFO [main] metastore.HMSHandler: HMS server filtering is disabled by configuration
2024-04-24T01:10:36,064  INFO [main] metastore.RetryingMetaStoreClient: RetryingMetaStoreClient proxy=class org.apache.hadoop.hive.ql.metadata.SessionHiveMetaStoreClient ugi=alex (auth:SIMPLE) retries=1 delay=1 lifetime=0
2024-04-24T01:10:36,068  INFO [main] txn.TxnHandler: Added entries to MIN_HISTORY_LEVEL for current txns: ([13]) with min_open_txn: 1
2024-04-24T01:10:36,068  INFO [main] lockmgr.DbTxnManager: Opened txnid:13
2024-04-24T01:10:36,069  INFO [main] HiveMetaStore.audit: ugi=alex	ip=unknown-ip-addr	cmd=get_table : tbl=hive.default.T	
2024-04-24T01:10:36,085  INFO [main] metastore.HMSHandler: Skipping translation for processor with null
2024-04-24T01:10:36,085  INFO [main] ql.Driver: Semantic Analysis Completed (retrial = false)
2024-04-24T01:10:36,085  INFO [main] ql.Driver: Created Hive schema: Schema(fieldSchemas:null, properties:null)
2024-04-24T01:10:36,085  INFO [main] metadata.Hive: Dumping metastore api call timing information for : compilation phase
2024-04-24T01:10:36,085  INFO [main] metadata.Hive: Total time spent in each metastore function (ms): {getValidTxns_(long)=0, getTable_(GetTableRequest)=16, flushCache_()=0, openTxn_(String, TxnType)=4, isCompatibleWith_(Configuration)=0}
2024-04-24T01:10:36,086  INFO [main] ql.Driver: Completed compiling command(queryId=alex_20240424011036_85342abc-b398-4d5d-994a-ea267c200366); Time taken: 0.041 seconds
2024-04-24T01:10:36,086  INFO [main] lockmgr.DbTxnManager: Setting lock request transaction to txnid:13 for queryId=alex_20240424011036_85342abc-b398-4d5d-994a-ea267c200366
2024-04-24T01:10:36,086  INFO [main] lockmgr.DbLockManager: Requesting lock for queryId=alex_20240424011036_85342abc-b398-4d5d-994a-ea267c200366
2024-04-24T01:10:36,101  INFO [main] lockmgr.DbLockManager: Response to queryId=alex_20240424011036_85342abc-b398-4d5d-994a-ea267c200366 LockResponse(lockid:7, state:ACQUIRED)
2024-04-24T01:10:36,101  INFO [main] ql.Driver: Operation DROPTABLE obtained 1 locks
2024-04-24T01:10:36,101  INFO [main] ql.Driver: Executing command(queryId=alex_20240424011036_85342abc-b398-4d5d-994a-ea267c200366): drop table if exists T
2024-04-24T01:10:36,102  INFO [main] ql.Driver: Starting task [Stage-0:DDL] in serial mode
2024-04-24T01:10:36,102  INFO [main] HiveMetaStore.audit: ugi=alex	ip=unknown-ip-addr	cmd=get_table : tbl=hive.default.T	
2024-04-24T01:10:36,108  INFO [main] metastore.HMSHandler: Skipping translation for processor with null
2024-04-24T01:10:36,108  INFO [main] HiveMetaStore.audit: ugi=alex	ip=unknown-ip-addr	cmd=get_table : tbl=hive.default.T	
2024-04-24T01:10:36,114  INFO [main] metastore.HMSHandler: Skipping translation for processor with null
2024-04-24T01:10:36,114  INFO [main] HiveMetaStore.audit: ugi=alex	ip=unknown-ip-addr	cmd=drop_table : tbl=hive.default.T	
2024-04-24T01:10:36,198  WARN [main] utils.FileUtils: File file:/home/alex/Repositories/hive/ql/target/tmp/org.apache.hadoop.hive.ql.TestTxnCommands-1713946100941/warehouse/t does not exist; Force to delete it.
2024-04-24T01:10:36,198 ERROR [main] utils.FileUtils: Failed to delete file:/home/alex/Repositories/hive/ql/target/tmp/org.apache.hadoop.hive.ql.TestTxnCommands-1713946100941/warehouse/t
2024-04-24T01:10:36,198  INFO [main] metadata.Hive: Dumping metastore api call timing information for : execution phase
2024-04-24T01:10:36,198  INFO [main] metadata.Hive: Total time spent in each metastore function (ms): {isCompatibleWith_(Configuration)=0, getTable_(GetTableRequest)=6, dropTable_(String, String, boolean, boolean, boolean)=90}
2024-04-24T01:10:36,198  INFO [main] ql.Driver: Completed executing command(queryId=alex_20240424011036_85342abc-b398-4d5d-994a-ea267c200366); Time taken: 0.097 seconds
2024-04-24T01:10:36,198  INFO [main] lockmgr.DbTxnManager: Stopped heartbeat for query: alex_20240424011036_85342abc-b398-4d5d-994a-ea267c200366
2024-04-24T01:10:36,201  INFO [main] txn.TxnHandler: Expected to move at least one record from txn_components to completed_txn_components when committing txn! txnid:13
2024-04-24T01:10:36,206  INFO [main] txn.TxnHandler: Removed transactions: ([13]) from MIN_HISTORY_LEVEL
2024-04-24T01:10:36,206  WARN [main] txn.CompactionTxnHandler: No compaction queue record found for Compaction type transaction commit. txnId:13
2024-04-24T01:10:36,206  INFO [main] ql.TxnCommandsBaseForTests: Running the query: create table T (a int, b int) stored as orc
2024-04-24T01:10:36,207  INFO [main] ql.Driver: Compiling command(queryId=alex_20240424011036_97a2983d-50ae-4bc1-bfa3-b4631c79e758): create table T (a int, b int) stored as orc
2024-04-24T01:10:36,209  INFO [main] txn.TxnHandler: Added entries to MIN_HISTORY_LEVEL for current txns: ([14]) with min_open_txn: 1
2024-04-24T01:10:36,209  INFO [main] lockmgr.DbTxnManager: Opened txnid:14
2024-04-24T01:10:36,209  INFO [main] parse.CalcitePlanner: Starting caching scope for: 
2024-04-24T01:10:36,209  INFO [main] parse.CalcitePlanner: Starting Semantic Analysis
2024-04-24T01:10:36,213  INFO [main] parse.CalcitePlanner: Creating table default.T position=13
2024-04-24T01:10:36,214  INFO [main] parse.CalcitePlanner: Automatically chose to make default.T acid.
2024-04-24T01:10:36,214  INFO [main] HiveMetaStore.audit: ugi=alex	ip=unknown-ip-addr	cmd=get_database: default	
2024-04-24T01:10:36,216  INFO [main] parse.CalcitePlanner: Ending caching scope for: 
2024-04-24T01:10:36,216  INFO [main] ql.Driver: Semantic Analysis Completed (retrial = false)
2024-04-24T01:10:36,216  INFO [main] ql.Driver: Created Hive schema: Schema(fieldSchemas:null, properties:null)
2024-04-24T01:10:36,216  INFO [main] metadata.Hive: Dumping metastore api call timing information for : compilation phase
2024-04-24T01:10:36,216  INFO [main] metadata.Hive: Total time spent in each metastore function (ms): {isCompatibleWith_(Configuration)=0, getDatabase_(String)=1, flushCache_()=0, commitTxn_(CommitTxnRequest)=8, getValidWriteIds_(List, String)=4, openTxn_(String, TxnType)=2, getValidTxns_(long)=0}
2024-04-24T01:10:36,216  INFO [main] ql.Driver: Completed compiling command(queryId=alex_20240424011036_97a2983d-50ae-4bc1-bfa3-b4631c79e758); Time taken: 0.009 seconds
2024-04-24T01:10:36,216  INFO [main] lockmgr.DbTxnManager: Setting lock request transaction to txnid:14 for queryId=alex_20240424011036_97a2983d-50ae-4bc1-bfa3-b4631c79e758
2024-04-24T01:10:36,216  INFO [main] lockmgr.DbLockManager: Requesting lock for queryId=alex_20240424011036_97a2983d-50ae-4bc1-bfa3-b4631c79e758
2024-04-24T01:10:36,228  INFO [main] lockmgr.DbLockManager: Response to queryId=alex_20240424011036_97a2983d-50ae-4bc1-bfa3-b4631c79e758 LockResponse(lockid:8, state:ACQUIRED)
2024-04-24T01:10:36,228  INFO [main] ql.Driver: Operation CREATETABLE obtained 1 locks
2024-04-24T01:10:36,229  INFO [main] ql.Driver: Executing command(queryId=alex_20240424011036_97a2983d-50ae-4bc1-bfa3-b4631c79e758): create table T (a int, b int) stored as orc
2024-04-24T01:10:36,229  INFO [main] ql.Driver: Starting task [Stage-0:DDL] in serial mode
2024-04-24T01:10:36,230  INFO [main] HiveMetaStore.audit: ugi=alex	ip=unknown-ip-addr	cmd=create_table_req: Table(tableName:T, dbName:default, owner:alex, createTime:1713946236, lastAccessTime:0, retention:0, sd:StorageDescriptor(cols:[FieldSchema(name:a, type:int, comment:null), FieldSchema(name:b, type:int, comment:null)], location:null, inputFormat:org.apache.hadoop.hive.ql.io.orc.OrcInputFormat, outputFormat:org.apache.hadoop.hive.ql.io.orc.OrcOutputFormat, compressed:false, numBuckets:-1, serdeInfo:SerDeInfo(name:null, serializationLib:org.apache.hadoop.hive.ql.io.orc.OrcSerde, parameters:{serialization.format=1}), bucketCols:[], sortCols:[], parameters:{}, skewedInfo:SkewedInfo(skewedColNames:[], skewedColValues:[], skewedColValueLocationMaps:{}), storedAsSubDirectories:false), partitionKeys:[], parameters:{numFiles=0, numRows=0, totalSize=0, rawDataSize=0, transactional=true, transactional_properties=default, bucketing_version=2, COLUMN_STATS_ACCURATE={"BASIC_STATS":"true","COLUMN_STATS":{"a":"true","b":"true"}}, numFilesErasureCoded=0}, viewOriginalText:null, viewExpandedText:null, tableType:MANAGED_TABLE, privileges:PrincipalPrivilegeSet(userPrivileges:{alex=[PrivilegeGrantInfo(privilege:INSERT, createTime:-1, grantor:alex, grantorType:USER, grantOption:true), PrivilegeGrantInfo(privilege:SELECT, createTime:-1, grantor:alex, grantorType:USER, grantOption:true), PrivilegeGrantInfo(privilege:UPDATE, createTime:-1, grantor:alex, grantorType:USER, grantOption:true), PrivilegeGrantInfo(privilege:DELETE, createTime:-1, grantor:alex, grantorType:USER, grantOption:true)]}, groupPrivileges:null, rolePrivileges:null), temporary:false, catName:hive, ownerType:USER, writeId:0)	
2024-04-24T01:10:36,235  INFO [main] utils.FileUtils: Creating directory if it doesn't exist: file:/home/alex/Repositories/hive/ql/target/tmp/org.apache.hadoop.hive.ql.TestTxnCommands-1713946100941/warehouse/t
2024-04-24T01:10:36,259  INFO [main] metadata.Hive: Dumping metastore api call timing information for : execution phase
2024-04-24T01:10:36,259  INFO [main] metadata.Hive: Total time spent in each metastore function (ms): {createTable_(Table)=29, isCompatibleWith_(Configuration)=0}
2024-04-24T01:10:36,259  INFO [main] ql.Driver: Completed executing command(queryId=alex_20240424011036_97a2983d-50ae-4bc1-bfa3-b4631c79e758); Time taken: 0.03 seconds
2024-04-24T01:10:36,259  INFO [main] lockmgr.DbTxnManager: Stopped heartbeat for query: alex_20240424011036_97a2983d-50ae-4bc1-bfa3-b4631c79e758
2024-04-24T01:10:36,263  INFO [main] txn.TxnHandler: Expected to move at least one record from txn_components to completed_txn_components when committing txn! txnid:14
2024-04-24T01:10:36,267  INFO [main] txn.TxnHandler: Removed transactions: ([14]) from MIN_HISTORY_LEVEL
2024-04-24T01:10:36,268  WARN [main] txn.CompactionTxnHandler: No compaction queue record found for Compaction type transaction commit. txnId:14
2024-04-24T01:10:36,269  INFO [main] ql.TxnCommandsBaseForTests: Running the query: insert into T values(1,2)
2024-04-24T01:10:36,269  INFO [main] ql.Driver: Compiling command(queryId=alex_20240424011036_3cc1a669-f21b-401e-80f5-00e087ebce60): insert into T values(1,2)
2024-04-24T01:10:36,272  INFO [main] txn.TxnHandler: Added entries to MIN_HISTORY_LEVEL for current txns: ([15]) with min_open_txn: 1
2024-04-24T01:10:36,272  INFO [main] lockmgr.DbTxnManager: Opened txnid:15
2024-04-24T01:10:36,273  INFO [main] parse.CalcitePlanner: Starting caching scope for: 
2024-04-24T01:10:36,273  INFO [main] parse.CalcitePlanner: Starting Semantic Analysis
2024-04-24T01:10:36,276  INFO [main] HiveMetaStore.audit: ugi=alex	ip=unknown-ip-addr	cmd=get_table : tbl=hive.default.T	
2024-04-24T01:10:36,282  INFO [main] metastore.HMSHandler: Skipping translation for processor with null
2024-04-24T01:10:36,283  INFO [main] parse.CalcitePlanner: Completed phase 1 of Semantic Analysis
2024-04-24T01:10:36,283  INFO [main] parse.CalcitePlanner: Get metadata for source tables
2024-04-24T01:10:36,283  INFO [main] parse.CalcitePlanner: Get metadata for subqueries
2024-04-24T01:10:36,283  INFO [main] parse.CalcitePlanner: Get metadata for destination tables
2024-04-24T01:10:36,283  INFO [main] HiveMetaStore.audit: ugi=alex	ip=unknown-ip-addr	cmd=get_table : tbl=hive.default.T	
2024-04-24T01:10:36,289  INFO [main] metastore.HMSHandler: Skipping translation for processor with null
2024-04-24T01:10:36,289  INFO [main] parse.CalcitePlanner: Completed getting MetaData in Semantic Analysis
2024-04-24T01:10:36,289  INFO [main] parse.CalcitePlanner: Disabling LLAP IO encode as ETL query is detected
2024-04-24T01:10:36,308  INFO [main] HiveMetaStore.audit: ugi=alex	ip=unknown-ip-addr	cmd=get_all_table_constraints : tbl=hive._dummy_database._dummy_table	
2024-04-24T01:10:36,642  INFO [main] parse.CalcitePlanner: Get metadata for source tables
2024-04-24T01:10:36,642  INFO [main] parse.CalcitePlanner: Get metadata for subqueries
2024-04-24T01:10:36,642  INFO [main] parse.CalcitePlanner: Get metadata for source tables
2024-04-24T01:10:36,643  INFO [main] HiveMetaStore.audit: ugi=alex	ip=unknown-ip-addr	cmd=get_table : tbl=hive._dummy_database._dummy_table	
2024-04-24T01:10:36,646  INFO [main] parse.CalcitePlanner: Get metadata for subqueries
2024-04-24T01:10:36,646  INFO [main] parse.CalcitePlanner: Get metadata for destination tables
2024-04-24T01:10:36,646  INFO [main] parse.CalcitePlanner: Get metadata for destination tables
2024-04-24T01:10:36,646  INFO [main] HiveMetaStore.audit: ugi=alex	ip=unknown-ip-addr	cmd=get_table : tbl=hive.default.T	
2024-04-24T01:10:36,656  INFO [main] metastore.HMSHandler: Skipping translation for processor with null
2024-04-24T01:10:36,659  INFO [main] HiveMetaStore.audit: ugi=alex	ip=unknown-ip-addr	cmd=get_not_null_constraints : tbl=hive.default.t	
2024-04-24T01:10:36,660  INFO [main] HiveMetaStore.audit: ugi=alex	ip=unknown-ip-addr	cmd=get_check_constraints : tbl=hive.default.t	
2024-04-24T01:10:36,669  INFO [main] txn.TxnHandler: Allocated writeId: 1 for txnId: 15
2024-04-24T01:10:36,669  INFO [main] txn.TxnHandler: Allocated write ids for dbName=default, tblName=t (txnIds: [15])
2024-04-24T01:10:36,670  INFO [main] parse.CalcitePlanner: CBO Succeeded; optimized logical plan.
2024-04-24T01:10:36,673  INFO [main] optimizer.BucketVersionPopulator: not considering bucketingVersion for: TS[0] because it has -1<2 buckets 
2024-04-24T01:10:36,674  INFO [main] optimizer.SortedDynPartitionOptimizer: Sorted dynamic partitioning optimization kicked in..
2024-04-24T01:10:36,683  INFO [main] HiveMetaStore.audit: ugi=alex	ip=unknown-ip-addr	cmd=get_table : tbl=hive.default.t	
2024-04-24T01:10:36,689  INFO [main] metastore.HMSHandler: Skipping translation for processor with null
2024-04-24T01:10:36,690  INFO [main] physical.Vectorizer: Examining input format to see if vectorization is enabled.
2024-04-24T01:10:36,690  INFO [main] physical.Vectorizer: Map vectorization enabled: false
2024-04-24T01:10:36,690  INFO [main] physical.Vectorizer: Map vectorized: false
2024-04-24T01:10:36,690  INFO [main] physical.Vectorizer: Map vectorizedVertexNum: 0
2024-04-24T01:10:36,690  INFO [main] physical.Vectorizer: Map enabledConditionsMet: [hive.vectorized.use.vectorized.input.format IS true]
2024-04-24T01:10:36,690  INFO [main] physical.Vectorizer: Map enabledConditionsNotMet: [Could not enable vectorization due to partition column names size 1 is greater than the number of table column names size 0 IS false]
2024-04-24T01:10:36,690  INFO [main] physical.Vectorizer: Map inputFileFormatClassNameSet: [org.apache.hadoop.hive.ql.io.NullRowsInputFormat]
2024-04-24T01:10:36,690  INFO [main] parse.CalcitePlanner: Completed plan generation
2024-04-24T01:10:36,690  INFO [main] parse.CalcitePlanner: Ending caching scope for: 
2024-04-24T01:10:36,691  INFO [main] ql.Driver: Semantic Analysis Completed (retrial = false)
2024-04-24T01:10:36,691  INFO [main] ql.Driver: Created Hive schema: Schema(fieldSchemas:[FieldSchema(name:col1, type:int, comment:null), FieldSchema(name:col2, type:int, comment:null)], properties:null)
2024-04-24T01:10:36,691  INFO [main] metadata.Hive: Dumping metastore api call timing information for : compilation phase
2024-04-24T01:10:36,691  INFO [main] metadata.Hive: Total time spent in each metastore function (ms): {getCheckConstraints_(CheckConstraintsRequest)=1, getValidTxns_(long)=0, commitTxn_(CommitTxnRequest)=9, openTxn_(String, TxnType)=3, flushCache_()=0, isCompatibleWith_(Configuration)=1, getValidWriteIds_(List, String)=3, getTable_(GetTableRequest)=28, allocateTableWriteId_(long, String, String)=8, getAllTableConstraints_(AllTableConstraintsRequest)=26, getNotNullConstraints_(NotNullConstraintsRequest)=2}
2024-04-24T01:10:36,691  INFO [main] ql.Driver: Completed compiling command(queryId=alex_20240424011036_3cc1a669-f21b-401e-80f5-00e087ebce60); Time taken: 0.422 seconds
2024-04-24T01:10:36,691  INFO [main] lockmgr.DbTxnManager: Setting lock request transaction to txnid:15 for queryId=alex_20240424011036_3cc1a669-f21b-401e-80f5-00e087ebce60
2024-04-24T01:10:36,692  INFO [main] lockmgr.DbLockManager: Requesting lock for queryId=alex_20240424011036_3cc1a669-f21b-401e-80f5-00e087ebce60
2024-04-24T01:10:36,711  INFO [main] lockmgr.DbLockManager: Response to queryId=alex_20240424011036_3cc1a669-f21b-401e-80f5-00e087ebce60 LockResponse(lockid:9, state:ACQUIRED)
2024-04-24T01:10:36,711  INFO [main] ql.Driver: Operation QUERY obtained 1 locks
2024-04-24T01:10:36,713  INFO [main] ql.Driver: Executing command(queryId=alex_20240424011036_3cc1a669-f21b-401e-80f5-00e087ebce60): insert into T values(1,2)
2024-04-24T01:10:36,714  WARN [main] ql.Driver: Hive-on-MR is deprecated in Hive 2 and may not be available in the future versions. Consider using a different execution engine (i.e. spark, tez) or using Hive 1.X releases.
Query ID = alex_20240424011036_3cc1a669-f21b-401e-80f5-00e087ebce60
2024-04-24T01:10:36,714  INFO [main] ql.Driver: Query ID = alex_20240424011036_3cc1a669-f21b-401e-80f5-00e087ebce60
Total jobs = 1
2024-04-24T01:10:36,714  INFO [main] ql.Driver: Total jobs = 1
Launching Job 1 out of 1
2024-04-24T01:10:36,714  INFO [main] ql.Driver: Launching Job 1 out of 1
2024-04-24T01:10:36,845  INFO [main] ql.Driver: Starting task [Stage-1:MAPRED] in serial mode
Number of reduce tasks is set to 0 since there's no reduce operator
2024-04-24T01:10:36,845  INFO [main] exec.Task: Number of reduce tasks is set to 0 since there's no reduce operator
2024-04-24T01:10:36,847  INFO [main] mr.ExecDriver: Using org.apache.hadoop.hive.ql.io.HiveInputFormat
2024-04-24T01:10:36,847  INFO [main] exec.Utilities: Processing alias $hdt$_0:_dummy_table
2024-04-24T01:10:36,848  INFO [main] exec.Utilities: Adding 1 inputs; the first input is file:/home/alex/Repositories/hive/ql/target/tmp/localscratchdir/75a1102e-bf63-4b5d-8177-291a56f3e6ae/hive_2024-04-24_01-10-36_269_707357715561301776-1/dummy_path
2024-04-24T01:10:36,857  INFO [main] exec.SerializationUtilities: Serializing MapWork using kryo
2024-04-24T01:10:36,857  INFO [main] exec.Utilities: Serialized plan (via FILE) - name: null size: 5,66KB
2024-04-24T01:10:36,858  WARN [main] impl.MetricsSystemImpl: JobTracker metrics system already initialized!
2024-04-24T01:10:36,862  INFO [main] fs.FSStatsPublisher: created : file:/home/alex/Repositories/hive/ql/target/tmp/localscratchdir/75a1102e-bf63-4b5d-8177-291a56f3e6ae/hive_2024-04-24_01-10-36_269_707357715561301776-1/-mr-10000
2024-04-24T01:10:36,865  WARN [main] impl.MetricsSystemImpl: JobTracker metrics system already initialized!
2024-04-24T01:10:36,872  WARN [main] mapreduce.JobResourceUploader: Hadoop command-line option parsing not performed. Implement the Tool interface and execute your application with ToolRunner to remedy this.
2024-04-24T01:10:36,876  WARN [main] mapreduce.JobResourceUploader: No job jar file set.  User classes may not be found. See Job or Job#setJar(String).
2024-04-24T01:10:36,878  INFO [main] io.HiveInputFormat: hive.io.file.readcolumn.ids = 
2024-04-24T01:10:36,878  INFO [main] io.HiveInputFormat: hive.io.file.readcolumn.names = 
2024-04-24T01:10:36,878  INFO [main] io.HiveInputFormat: Generating splits for dirs: file:/home/alex/Repositories/hive/ql/target/tmp/localscratchdir/75a1102e-bf63-4b5d-8177-291a56f3e6ae/hive_2024-04-24_01-10-36_269_707357715561301776-1/dummy_path
2024-04-24T01:10:36,878  INFO [main] io.HiveInputFormat: number of splits 1
2024-04-24T01:10:36,896  INFO [main] mapreduce.JobSubmitter: number of splits:1
2024-04-24T01:10:36,916  INFO [main] mapreduce.JobSubmitter: Submitting tokens for job: job_local616173324_0050
2024-04-24T01:10:36,916  INFO [main] mapreduce.JobSubmitter: Executing with tokens: []
2024-04-24T01:10:36,978  INFO [main] mapreduce.Job: The url to track the job: http://localhost:8080/
Job running in-process (local Hadoop)
2024-04-24T01:10:36,978  INFO [main] exec.Task: Job running in-process (local Hadoop)
2024-04-24T01:10:36,978  INFO [Thread-4100] mapred.LocalJobRunner: OutputCommitter set in config org.apache.hadoop.hive.ql.io.HiveFileFormatUtils$NullOutputCommitter
2024-04-24T01:10:36,978  INFO [Thread-4100] mapred.LocalJobRunner: OutputCommitter is org.apache.hadoop.hive.ql.io.HiveFileFormatUtils$NullOutputCommitter
2024-04-24T01:10:36,980  INFO [Thread-4100] mapred.LocalJobRunner: Waiting for map tasks
2024-04-24T01:10:36,980  INFO [LocalJobRunner Map Task Executor #0] mapred.LocalJobRunner: Starting task: attempt_local616173324_0050_m_000000_0
2024-04-24T01:10:36,983  INFO [LocalJobRunner Map Task Executor #0] mapred.Task:  Using ResourceCalculatorProcessTree : [ ]
2024-04-24T01:10:36,984  INFO [LocalJobRunner Map Task Executor #0] mapred.MapTask: Processing split: org.apache.hadoop.hive.ql.io.NullRowsInputFormat:file:/home/alex/Repositories/hive/ql/target/tmp/localscratchdir/75a1102e-bf63-4b5d-8177-291a56f3e6ae/hive_2024-04-24_01-10-36_269_707357715561301776-1/dummy_path/null:0+1
2024-04-24T01:10:36,986  INFO [LocalJobRunner Map Task Executor #0] exec.SerializationUtilities: Deserializing MapWork using kryo
2024-04-24T01:10:36,986  INFO [LocalJobRunner Map Task Executor #0] exec.Utilities: Deserialized plan (via FILE) - name: null size: 5,66KB
2024-04-24T01:10:36,986  INFO [LocalJobRunner Map Task Executor #0] mapred.MapTask: numReduceTasks: 0
2024-04-24T01:10:36,989  INFO [LocalJobRunner Map Task Executor #0] exec.MapOperator: Initializing Operator: MAP[0]
2024-04-24T01:10:36,989  INFO [LocalJobRunner Map Task Executor #0] mr.ExecMapper: 
<MAP>Id =0
  <Children>null
  <\Children>
  <Parent><\Parent>
<\MAP>
2024-04-24T01:10:36,990  INFO [LocalJobRunner Map Task Executor #0] exec.TableScanOperator: Initializing Operator: TS[0]
2024-04-24T01:10:36,990  INFO [LocalJobRunner Map Task Executor #0] exec.SelectOperator: Initializing Operator: SEL[1]
2024-04-24T01:10:36,990  INFO [LocalJobRunner Map Task Executor #0] exec.SelectOperator: SELECT null
2024-04-24T01:10:36,990  INFO [LocalJobRunner Map Task Executor #0] exec.UDTFOperator: Initializing Operator: UDTF[2]
2024-04-24T01:10:36,990  INFO [LocalJobRunner Map Task Executor #0] exec.SelectOperator: Initializing Operator: SEL[3]
2024-04-24T01:10:36,990  INFO [LocalJobRunner Map Task Executor #0] exec.SelectOperator: SELECT struct<col1:int,col2:int>
2024-04-24T01:10:36,990  INFO [LocalJobRunner Map Task Executor #0] exec.FileSinkOperator: Initializing Operator: FS[4]
2024-04-24T01:10:36,991  INFO [LocalJobRunner Map Task Executor #0] exec.FileSinkOperator: Using serializer : AbstractSerDe [log=org.apache.logging.slf4j.Log4jLogger@7c52fdfa, configuration=Optional[Configuration: core-default.xml, core-site.xml, mapred-default.xml, mapred-site.xml, yarn-default.xml, yarn-site.xml, hdfs-default.xml, hdfs-site.xml, file:/home/alex/Repositories/hive/ql/target/tmp/TestTxnCommandsWithSplitUpdateAndVectorization/mapred/local/localRunner/alex/job_local616173324_0050/job_local616173324_0050.xml], properties={transactional_properties=default, name=default.t, transactional=true, columns.types=int:int, columns=a,b, numFilesErasureCoded=0, columns.comments=&amp#0;, bucketing_version=2, serialization.lib=org.apache.hadoop.hive.ql.io.orc.OrcSerde, file.inputformat=org.apache.hadoop.hive.ql.io.orc.OrcInputFormat, file.outputformat=org.apache.hadoop.hive.ql.io.orc.OrcOutputFormat, location=file:/home/alex/Repositories/hive/ql/target/tmp/org.apache.hadoop.hive.ql.TestTxnCommands-1713946100941/warehouse/t, column.name.delimiter=,}, tableProperties={transactional_properties=default, name=default.t, transactional=true, columns.types=int:int, columns=a,b, numFilesErasureCoded=0, columns.comments=&amp#0;, bucketing_version=2, serialization.lib=org.apache.hadoop.hive.ql.io.orc.OrcSerde, file.inputformat=org.apache.hadoop.hive.ql.io.orc.OrcInputFormat, location=file:/home/alex/Repositories/hive/ql/target/tmp/org.apache.hadoop.hive.ql.TestTxnCommands-1713946100941/warehouse/t, file.outputformat=org.apache.hadoop.hive.ql.io.orc.OrcOutputFormat, column.name.delimiter=,}, partitionProperties=Optional.empty, columnNames=[a, b], columnTypes=[int, int], getClass()=class org.apache.hadoop.hive.ql.io.orc.OrcSerde] and formatter : org.apache.hadoop.hive.ql.io.orc.OrcOutputFormat@4cc0532a
2024-04-24T01:10:36,991  INFO [LocalJobRunner Map Task Executor #0] exec.FileSinkOperator: Final Path: FS file:/home/alex/Repositories/hive/ql/target/tmp/org.apache.hadoop.hive.ql.TestTxnCommands-1713946100941/warehouse/t
2024-04-24T01:10:36,991  INFO [LocalJobRunner Map Task Executor #0] exec.FileSinkOperator: New Final Path: FS file:/home/alex/Repositories/hive/ql/target/tmp/org.apache.hadoop.hive.ql.TestTxnCommands-1713946100941/warehouse/t
2024-04-24T01:10:36,991  INFO [LocalJobRunner Map Task Executor #0] common.FileUtils: Creating directory if it doesn't exist: file:/home/alex/Repositories/hive/ql/target/tmp/org.apache.hadoop.hive.ql.TestTxnCommands-1713946100941/warehouse
2024-04-24T01:10:36,994  INFO [LocalJobRunner Map Task Executor #0] exec.FileSinkOperator: FS[4]: records written - 1
2024-04-24T01:10:36,994  INFO [LocalJobRunner Map Task Executor #0] impl.PhysicalFsWriter: ORC writer created for path: file:/home/alex/Repositories/hive/ql/target/tmp/org.apache.hadoop.hive.ql.TestTxnCommands-1713946100941/warehouse/t/delta_0000001_0000001_0000/bucket_00000_0 with stripeSize: 8388608 blockSize: 268435456 compression: Compress: ZLIB buffer: 32768
2024-04-24T01:10:37,002  INFO [LocalJobRunner Map Task Executor #0] impl.WriterImpl: ORC writer created for path: file:/home/alex/Repositories/hive/ql/target/tmp/org.apache.hadoop.hive.ql.TestTxnCommands-1713946100941/warehouse/t/delta_0000001_0000001_0000/bucket_00000_0 with stripeSize: 8388608 options: Compress: ZLIB buffer: 32768
2024-04-24T01:10:37,007  INFO [LocalJobRunner Map Task Executor #0] exec.MapOperator: MAP[0]: records read - 1
2024-04-24T01:10:37,007  INFO [LocalJobRunner Map Task Executor #0] exec.MapOperator: Closing Operator: MAP[0]
2024-04-24T01:10:37,007  INFO [LocalJobRunner Map Task Executor #0] exec.MapOperator: MAP[0]: Total records read - 3. abort - false
2024-04-24T01:10:37,007  INFO [LocalJobRunner Map Task Executor #0] exec.MapOperator: RECORDS_OUT_OPERATOR_MAP_0:0, RECORDS_OUT_INTERMEDIATE:0, RECORDS_IN:3, DESERIALIZE_ERRORS:0, 
2024-04-24T01:10:37,007  INFO [LocalJobRunner Map Task Executor #0] exec.TableScanOperator: Closing Operator: TS[0]
2024-04-24T01:10:37,007  INFO [LocalJobRunner Map Task Executor #0] exec.TableScanOperator: RECORDS_OUT_OPERATOR_TS_0:1, RECORDS_OUT_INTERMEDIATE:0, 
2024-04-24T01:10:37,007  INFO [LocalJobRunner Map Task Executor #0] exec.SelectOperator: Closing Operator: SEL[1]
2024-04-24T01:10:37,008  INFO [LocalJobRunner Map Task Executor #0] exec.SelectOperator: RECORDS_OUT_INTERMEDIATE:0, RECORDS_OUT_OPERATOR_SEL_1:1, 
2024-04-24T01:10:37,008  INFO [LocalJobRunner Map Task Executor #0] exec.UDTFOperator: Closing Operator: UDTF[2]
2024-04-24T01:10:37,008  INFO [LocalJobRunner Map Task Executor #0] exec.UDTFOperator: RECORDS_OUT_OPERATOR_UDTF_2:1, RECORDS_OUT_INTERMEDIATE:0, 
2024-04-24T01:10:37,008  INFO [LocalJobRunner Map Task Executor #0] exec.SelectOperator: Closing Operator: SEL[3]
2024-04-24T01:10:37,008  INFO [LocalJobRunner Map Task Executor #0] exec.SelectOperator: RECORDS_OUT_OPERATOR_SEL_3:1, RECORDS_OUT_INTERMEDIATE:0, 
2024-04-24T01:10:37,008  INFO [LocalJobRunner Map Task Executor #0] exec.FileSinkOperator: Closing Operator: FS[4]
2024-04-24T01:10:37,008  INFO [LocalJobRunner Map Task Executor #0] exec.FileSinkOperator: FS[4]: records written - 1
2024-04-24T01:10:37,009  INFO [LocalJobRunner Map Task Executor #0] FileOperations: Writing manifest to file:/home/alex/Repositories/hive/ql/target/tmp/org.apache.hadoop.hive.ql.TestTxnCommands-1713946100941/warehouse/t/_tmp.delta_0000001_0000001_0000/000000_0.manifest with [file:/home/alex/Repositories/hive/ql/target/tmp/org.apache.hadoop.hive.ql.TestTxnCommands-1713946100941/warehouse/t/delta_0000001_0000001_0000/bucket_00000_0]
2024-04-24T01:10:37,021  INFO [LocalJobRunner Map Task Executor #0] exec.FileSinkOperator: RECORDS_OUT_INTERMEDIATE:0, TOTAL_TABLE_ROWS_WRITTEN:1, RECORDS_OUT_OPERATOR_FS_4:1, RECORDS_OUT_1_default.t:1, 
2024-04-24T01:10:37,022  INFO [LocalJobRunner Map Task Executor #0] mapred.LocalJobRunner: 
2024-04-24T01:10:37,024  INFO [LocalJobRunner Map Task Executor #0] mapred.Task: Task:attempt_local616173324_0050_m_000000_0 is done. And is in the process of committing
2024-04-24T01:10:37,025  INFO [LocalJobRunner Map Task Executor #0] mapred.LocalJobRunner: map
2024-04-24T01:10:37,025  INFO [LocalJobRunner Map Task Executor #0] mapred.Task: Task 'attempt_local616173324_0050_m_000000_0' done.
2024-04-24T01:10:37,025  INFO [LocalJobRunner Map Task Executor #0] mapred.Task: Final Counters for attempt_local616173324_0050_m_000000_0: Counters: 27
	File System Counters
		FILE: Number of bytes read=1198772
		FILE: Number of bytes written=62728122
		FILE: Number of read operations=0
		FILE: Number of large read operations=0
		FILE: Number of write operations=0
	Map-Reduce Framework
		Map input records=4
		Map output records=0
		Input split bytes=360
		Spilled Records=0
		Failed Shuffles=0
		Merged Map outputs=0
		GC time elapsed (ms)=0
		Total committed heap usage (bytes)=2120220672
	HIVE
		CREATED_FILES=1
		DESERIALIZE_ERRORS=0
		RECORDS_IN=3
		RECORDS_OUT_1_default.t=1
		RECORDS_OUT_INTERMEDIATE=0
		RECORDS_OUT_OPERATOR_FS_4=1
		RECORDS_OUT_OPERATOR_MAP_0=0
		RECORDS_OUT_OPERATOR_SEL_1=1
		RECORDS_OUT_OPERATOR_SEL_3=1
		RECORDS_OUT_OPERATOR_TS_0=1
		RECORDS_OUT_OPERATOR_UDTF_2=1
		TOTAL_TABLE_ROWS_WRITTEN=1
	File Input Format Counters 
		Bytes Read=5722
	File Output Format Counters 
		Bytes Written=0
2024-04-24T01:10:37,025  INFO [LocalJobRunner Map Task Executor #0] mapred.LocalJobRunner: Finishing task: attempt_local616173324_0050_m_000000_0
2024-04-24T01:10:37,025  INFO [Thread-4100] mapred.LocalJobRunner: map task executor complete.
2024-04-24 01:10:37,980 Stage-1 map = 100%,  reduce = 0%
2024-04-24T01:10:37,980  INFO [main] exec.Task: 2024-04-24 01:10:37,980 Stage-1 map = 100%,  reduce = 0%
Ended Job = job_local616173324_0050
2024-04-24T01:10:37,981  INFO [main] exec.Task: Ended Job = job_local616173324_0050
2024-04-24T01:10:37,983  INFO [main] FileOperations: Found manifest file file:/home/alex/Repositories/hive/ql/target/tmp/org.apache.hadoop.hive.ql.TestTxnCommands-1713946100941/warehouse/t/_tmp.delta_0000001_0000001_0000/000000_0.manifest with attemptId 0.
2024-04-24T01:10:37,983  INFO [main] FileOperations: Looking at manifest file: file:/home/alex/Repositories/hive/ql/target/tmp/org.apache.hadoop.hive.ql.TestTxnCommands-1713946100941/warehouse/t/_tmp.delta_0000001_0000001_0000/000000_0.manifest
2024-04-24T01:10:37,983  INFO [main] FileOperations: Deleting manifest directory file:/home/alex/Repositories/hive/ql/target/tmp/org.apache.hadoop.hive.ql.TestTxnCommands-1713946100941/warehouse/t/_tmp.delta_0000001_0000001_0000
2024-04-24T01:10:37,984  INFO [main] ql.Driver: Starting task [Stage-0:MOVE] in serial mode
Loading data to table default.t
2024-04-24T01:10:37,984  INFO [main] exec.Task: Loading data to table default.t from file:/home/alex/Repositories/hive/ql/target/tmp/org.apache.hadoop.hive.ql.TestTxnCommands-1713946100941/warehouse/t
2024-04-24T01:10:37,985  INFO [main] HiveMetaStore.audit: ugi=alex	ip=unknown-ip-addr	cmd=get_table : tbl=hive.default.t	
2024-04-24T01:10:37,991  INFO [main] metastore.HMSHandler: Skipping translation for processor with null
2024-04-24T01:10:37,991  INFO [main] HiveMetaStore.audit: ugi=alex	ip=unknown-ip-addr	cmd=get_table : tbl=hive.default.t	
2024-04-24T01:10:37,997  INFO [main] metastore.HMSHandler: Skipping translation for processor with null
2024-04-24T01:10:37,997  INFO [main] HiveMetaStore.audit: ugi=alex	ip=unknown-ip-addr	cmd=alter_table: hive.default.t newtbl=t	
2024-04-24T01:10:38,020  INFO [main] ql.Driver: Starting task [Stage-2:STATS] in serial mode
2024-04-24T01:10:38,020  INFO [main] HiveMetaStore.audit: ugi=alex	ip=unknown-ip-addr	cmd=get_table : tbl=hive.default.t	
2024-04-24T01:10:38,026  INFO [main] metastore.HMSHandler: Skipping translation for processor with null
2024-04-24T01:10:38,026  INFO [main] stats.BasicStatsTask: Executing stats task
2024-04-24T01:10:38,026  INFO [main] fs.FSStatsPublisher: created : file:/home/alex/Repositories/hive/ql/target/tmp/localscratchdir/75a1102e-bf63-4b5d-8177-291a56f3e6ae/hive_2024-04-24_01-10-36_269_707357715561301776-1/-mr-10000
2024-04-24T01:10:38,027  INFO [main] HiveMetaStore.audit: ugi=alex	ip=unknown-ip-addr	cmd=get_table : tbl=hive.default.t	
2024-04-24T01:10:38,033  INFO [main] metastore.HMSHandler: Skipping translation for processor with null
2024-04-24T01:10:38,042  WARN [main] FileOperations: Computing stats for an ACID table; stats may be inaccurate
2024-04-24T01:10:38,042  INFO [main] FileOperations: Read stats for default.t/, numRows, true, 1, false: 
2024-04-24T01:10:38,042  INFO [main] FileOperations: Read stats for default.t/, rawDataSize, true, 0, false: 
2024-04-24T01:10:38,043  INFO [main] HiveMetaStore.audit: ugi=alex	ip=unknown-ip-addr	cmd=alter_table: hive.default.t newtbl=t	
2024-04-24T01:10:38,063  INFO [main] FileOperations: Read stats for default.t/, insertCount, true, 1, false: 
2024-04-24T01:10:38,063  INFO [main] FileOperations: Read stats for default.t/, updateCount, true, 0, false: 
2024-04-24T01:10:38,063  INFO [main] FileOperations: Read stats for default.t/, deleteCount, true, 0, false: 
2024-04-24T01:10:38,065  INFO [main] stats.BasicStatsTask: Table default.t stats: [numFiles=1, numRows=1, totalSize=666, rawDataSize=0, numFilesErasureCoded=0]
2024-04-24T01:10:38,065  INFO [main] metadata.Hive: Dumping metastore api call timing information for : execution phase
2024-04-24T01:10:38,065  INFO [main] metadata.Hive: Total time spent in each metastore function (ms): {isCompatibleWith_(Configuration)=0, alter_table_(String, String, String, Table, EnvironmentContext, String)=44, updateTransactionalStatistics_(UpdateTransactionalStatsRequest)=2, getTable_(GetTableRequest)=24}
MapReduce Jobs Launched: 
2024-04-24T01:10:38,065  INFO [main] ql.Driver: MapReduce Jobs Launched: 
Stage-Stage-1:  HDFS Read: 0 HDFS Write: 0 SUCCESS
2024-04-24T01:10:38,066  INFO [main] ql.Driver: Stage-Stage-1:  HDFS Read: 0 HDFS Write: 0 SUCCESS
Total MapReduce CPU Time Spent: 0 msec
2024-04-24T01:10:38,066  INFO [main] ql.Driver: Total MapReduce CPU Time Spent: 0 msec
2024-04-24T01:10:38,066  INFO [main] ql.Driver: Completed executing command(queryId=alex_20240424011036_3cc1a669-f21b-401e-80f5-00e087ebce60); Time taken: 1.352 seconds
2024-04-24T01:10:38,066  INFO [main] lockmgr.DbTxnManager: Stopped heartbeat for query: alex_20240424011036_3cc1a669-f21b-401e-80f5-00e087ebce60
2024-04-24T01:10:38,073  INFO [main] txn.TxnHandler: Removed transactions: ([15]) from MIN_HISTORY_LEVEL
2024-04-24T01:10:38,073  WARN [main] txn.CompactionTxnHandler: No compaction queue record found for Compaction type transaction commit. txnId:15
2024-04-24T01:10:38,074  INFO [main] ql.TxnCommandsBaseForTests: Running the query: update T set a=3 where b=2
2024-04-24T01:10:38,074  INFO [main] ql.Context: Deleting scratch dir: file:/home/alex/Repositories/hive/ql/target/tmp/localscratchdir/75a1102e-bf63-4b5d-8177-291a56f3e6ae/hive_2024-04-24_01-10-36_269_707357715561301776-1
2024-04-24T01:10:38,075  INFO [main] cleanup.SyncCleanupService: Deleted directory: file:/home/alex/Repositories/hive/ql/target/tmp/localscratchdir/75a1102e-bf63-4b5d-8177-291a56f3e6ae/hive_2024-04-24_01-10-36_269_707357715561301776-1 on fs with scheme file
2024-04-24T01:10:38,075  INFO [main] ql.Driver: Compiling command(queryId=alex_20240424011038_8593c9c6-430e-4728-aa88-c62467d2c86b): update T set a=3 where b=2
2024-04-24T01:10:38,077  INFO [main] txn.TxnHandler: Added entries to MIN_HISTORY_LEVEL for current txns: ([16]) with min_open_txn: 16
2024-04-24T01:10:38,077  INFO [main] lockmgr.DbTxnManager: Opened txnid:16
2024-04-24T01:10:38,078  INFO [main] parse.UpdateDeleteSemanticAnalyzer: Starting caching scope for: 
2024-04-24T01:10:38,078  INFO [main] HiveMetaStore.audit: ugi=alex	ip=unknown-ip-addr	cmd=get_table : tbl=hive.default.T	
2024-04-24T01:10:38,084  INFO [main] metastore.HMSHandler: Skipping translation for processor with null
2024-04-24T01:10:38,084  INFO [main] parse.RewriteSemanticAnalyzer: Going to reparse <update T set a=3 where b=2> as 
<insert into table `default`.`T` select ROW__ID,`a`,`b` from `default`.`T` sort by ROW__ID >
2024-04-24T01:10:38,084  INFO [main] parse.UpdateDeleteSemanticAnalyzer: Starting Semantic Analysis
2024-04-24T01:10:38,087  INFO [main] HiveMetaStore.audit: ugi=alex	ip=unknown-ip-addr	cmd=get_table : tbl=hive.default.T	
2024-04-24T01:10:38,093  INFO [main] metastore.HMSHandler: Skipping translation for processor with null
2024-04-24T01:10:38,093  INFO [main] parse.UpdateDeleteSemanticAnalyzer: Completed phase 1 of Semantic Analysis
2024-04-24T01:10:38,093  INFO [main] parse.UpdateDeleteSemanticAnalyzer: Get metadata for source tables
2024-04-24T01:10:38,094  INFO [main] HiveMetaStore.audit: ugi=alex	ip=unknown-ip-addr	cmd=get_table : tbl=hive.default.t	
2024-04-24T01:10:38,100  INFO [main] metastore.HMSHandler: Skipping translation for processor with null
2024-04-24T01:10:38,100  INFO [main] parse.UpdateDeleteSemanticAnalyzer: Get metadata for subqueries
2024-04-24T01:10:38,100  INFO [main] parse.UpdateDeleteSemanticAnalyzer: Get metadata for destination tables
2024-04-24T01:10:38,100  INFO [main] HiveMetaStore.audit: ugi=alex	ip=unknown-ip-addr	cmd=get_table : tbl=hive.default.T	
2024-04-24T01:10:38,107  INFO [main] metastore.HMSHandler: Skipping translation for processor with null
2024-04-24T01:10:38,107  INFO [main] parse.UpdateDeleteSemanticAnalyzer: Completed getting MetaData in Semantic Analysis
2024-04-24T01:10:38,107  INFO [main] parse.UpdateDeleteSemanticAnalyzer: Disabling LLAP IO encode as ETL query is detected
2024-04-24T01:10:38,118  INFO [main] HiveMetaStore.audit: ugi=alex	ip=unknown-ip-addr	cmd=get_all_table_constraints : tbl=hive.default.t	
2024-04-24T01:10:38,125  INFO [main] HiveMetaStore.audit: ugi=alex	ip=unknown-ip-addr	cmd=get_not_null_constraints : tbl=hive.default.t	
2024-04-24T01:10:38,126  INFO [main] HiveMetaStore.audit: ugi=alex	ip=unknown-ip-addr	cmd=get_check_constraints : tbl=hive.default.t	
2024-04-24T01:10:38,147  INFO [main] calcite.RelOptHiveTable: Calculating column statistics for default.t, projIndxSet: [1], allowMissingStats: true
2024-04-24T01:10:38,147  INFO [main] HiveMetaStore.audit: ugi=alex	ip=unknown-ip-addr	cmd=get_table : tbl=hive.default.t	
2024-04-24T01:10:38,156  INFO [main] metastore.HMSHandler: Skipping translation for processor with null
2024-04-24T01:10:38,157  INFO [main] HiveMetaStore.audit: ugi=alex	ip=unknown-ip-addr	cmd=get_table : tbl=hive.default.t	
2024-04-24T01:10:38,165  INFO [main] metastore.HMSHandler: Skipping translation for processor with null
2024-04-24T01:10:38,165  INFO [main] HiveMetaStore.audit: ugi=alex	ip=unknown-ip-addr	cmd=get_table_statistics_req: table=hive.default.t	
2024-04-24T01:10:38,175  WARN [main] calcite.RelOptHiveTable: No Stats for default@t, Columns: b
No Stats for default@t, Columns: b
2024-04-24T01:10:38,175  INFO [main] SessionState: No Stats for default@t, Columns: b
2024-04-24T01:10:38,229  INFO [main] parse.UpdateDeleteSemanticAnalyzer: Get metadata for source tables
2024-04-24T01:10:38,230  INFO [main] parse.UpdateDeleteSemanticAnalyzer: Get metadata for subqueries
2024-04-24T01:10:38,230  INFO [main] parse.UpdateDeleteSemanticAnalyzer: Get metadata for destination tables
2024-04-24T01:10:38,230  INFO [main] HiveMetaStore.audit: ugi=alex	ip=unknown-ip-addr	cmd=get_table : tbl=hive.default.T	
2024-04-24T01:10:38,237  INFO [main] metastore.HMSHandler: Skipping translation for processor with null
2024-04-24T01:10:38,245  INFO [main] txn.TxnHandler: Allocated writeId: 2 for txnId: 16
2024-04-24T01:10:38,245  INFO [main] txn.TxnHandler: Allocated write ids for dbName=default, tblName=t (txnIds: [16])
2024-04-24T01:10:38,249  INFO [main] parse.UpdateDeleteSemanticAnalyzer: CBO Succeeded; optimized logical plan.
2024-04-24T01:10:38,252  INFO [main] optimizer.ColumnPrunerProcFactory: RS 5 oldColExprMap: {VALUE._col1=Column[_col1], VALUE._col2=Column[_col2], VALUE._col0=Column[_col0]}
2024-04-24T01:10:38,253  INFO [main] optimizer.ColumnPrunerProcFactory: RS 5 newColExprMap: {VALUE._col0=Column[_col0], VALUE._col1=Column[_col1], VALUE._col2=Column[_col2]}
2024-04-24T01:10:38,253  INFO [main] optimizer.ColumnPrunerProcFactory: RS 3 oldColExprMap: {KEY.reducesinkkey0=Column[_col0]}
2024-04-24T01:10:38,253  INFO [main] optimizer.ColumnPrunerProcFactory: RS 3 newColExprMap: {KEY.reducesinkkey0=Column[_col0]}
2024-04-24T01:10:38,253  INFO [main] optimizer.ColumnPrunerProcFactory: RS 3 oldColExprMap: {KEY.reducesinkkey0=Column[_col0]}
2024-04-24T01:10:38,253  INFO [main] optimizer.ColumnPrunerProcFactory: RS 3 newColExprMap: {KEY.reducesinkkey0=Column[_col0]}
2024-04-24T01:10:38,254  INFO [main] optimizer.BucketVersionPopulator: not considering bucketingVersion for: TS[0] because it has -1<2 buckets 
2024-04-24T01:10:38,255  INFO [main] optimizer.SortedDynPartitionOptimizer: Sorted dynamic partitioning optimization kicked in..
2024-04-24T01:10:38,263  INFO [main] HiveMetaStore.audit: ugi=alex	ip=unknown-ip-addr	cmd=get_table : tbl=hive.default.t	
2024-04-24T01:10:38,270  INFO [main] metastore.HMSHandler: Skipping translation for processor with null
2024-04-24T01:10:38,271  INFO [main] physical.Vectorizer: Examining input format to see if vectorization is enabled.
2024-04-24T01:10:38,271  INFO [main] physical.Vectorizer: Vectorization is enabled for input format(s) [org.apache.hadoop.hive.ql.io.orc.OrcInputFormat]
2024-04-24T01:10:38,271  INFO [main] physical.Vectorizer: Validating and vectorizing MapWork... (vectorizedVertexNum 0)
2024-04-24T01:10:38,273  INFO [main] physical.Vectorizer: Map vectorization enabled: true
2024-04-24T01:10:38,273  INFO [main] physical.Vectorizer: Map vectorized: true
2024-04-24T01:10:38,273  INFO [main] physical.Vectorizer: Map vectorizedVertexNum: 0
2024-04-24T01:10:38,273  INFO [main] physical.Vectorizer: Map enabledConditionsMet: [hive.vectorized.use.vectorized.input.format IS true]
2024-04-24T01:10:38,273  INFO [main] physical.Vectorizer: Map inputFileFormatClassNameSet: [org.apache.hadoop.hive.ql.io.orc.OrcInputFormat]
2024-04-24T01:10:38,273  INFO [main] physical.Vectorizer: Reduce vectorization enabled: false
2024-04-24T01:10:38,273  INFO [main] physical.Vectorizer: Reduce vectorized: false
2024-04-24T01:10:38,273  INFO [main] physical.Vectorizer: Reduce vectorizedVertexNum: 1
2024-04-24T01:10:38,273  INFO [main] physical.Vectorizer: Reducer hive.vectorized.execution.reduce.enabled: true
2024-04-24T01:10:38,273  INFO [main] physical.Vectorizer: Reducer engine: mr
2024-04-24T01:10:38,273  INFO [main] parse.UpdateDeleteSemanticAnalyzer: Completed plan generation
2024-04-24T01:10:38,274  INFO [main] parse.UpdateDeleteSemanticAnalyzer: Ending caching scope for: 
2024-04-24T01:10:38,274  INFO [main] ql.Driver: Semantic Analysis Completed (retrial = false)
2024-04-24T01:10:38,274  INFO [main] ql.Driver: Created Hive schema: Schema(fieldSchemas:[FieldSchema(name:row__id, type:struct<writeid:bigint,bucketid:int,rowid:bigint>, comment:null), FieldSchema(name:_c1, type:int, comment:null), FieldSchema(name:b, type:int, comment:null)], properties:null)
2024-04-24T01:10:38,274  INFO [main] metadata.Hive: Dumping metastore api call timing information for : compilation phase
2024-04-24T01:10:38,274  INFO [main] metadata.Hive: Total time spent in each metastore function (ms): {getValidWriteIds_(List, String)=4, commitTxn_(CommitTxnRequest)=8, getCheckConstraints_(CheckConstraintsRequest)=1, getNotNullConstraints_(NotNullConstraintsRequest)=1, isCompatibleWith_(Configuration)=1, getTableColumnStatistics_(String, String, List, String)=27, getAllTableConstraints_(AllTableConstraintsRequest)=5, flushCache_()=0, getValidTxns_(long)=0, getTable_(GetTableRequest)=40, openTxn_(String, TxnType)=2, allocateTableWriteId_(long, String, String)=6}
2024-04-24T01:10:38,274  INFO [main] ql.Driver: Completed compiling command(queryId=alex_20240424011038_8593c9c6-430e-4728-aa88-c62467d2c86b); Time taken: 0.199 seconds
2024-04-24T01:10:38,274  INFO [main] lockmgr.DbTxnManager: Setting lock request transaction to txnid:16 for queryId=alex_20240424011038_8593c9c6-430e-4728-aa88-c62467d2c86b
2024-04-24T01:10:38,275  INFO [main] lockmgr.DbLockManager: Requesting lock for queryId=alex_20240424011038_8593c9c6-430e-4728-aa88-c62467d2c86b
2024-04-24T01:10:38,287  INFO [main] lockmgr.DbLockManager: Response to queryId=alex_20240424011038_8593c9c6-430e-4728-aa88-c62467d2c86b LockResponse(lockid:10, state:ACQUIRED)
2024-04-24T01:10:38,287  INFO [main] ql.Driver: Operation QUERY obtained 1 locks
2024-04-24T01:10:38,291  INFO [main] ql.Driver: Executing command(queryId=alex_20240424011038_8593c9c6-430e-4728-aa88-c62467d2c86b): update T set a=3 where b=2
2024-04-24T01:10:38,292  WARN [main] ql.Driver: Hive-on-MR is deprecated in Hive 2 and may not be available in the future versions. Consider using a different execution engine (i.e. spark, tez) or using Hive 1.X releases.
Query ID = alex_20240424011038_8593c9c6-430e-4728-aa88-c62467d2c86b
2024-04-24T01:10:38,292  INFO [main] ql.Driver: Query ID = alex_20240424011038_8593c9c6-430e-4728-aa88-c62467d2c86b
Total jobs = 1
2024-04-24T01:10:38,292  INFO [main] ql.Driver: Total jobs = 1
Launching Job 1 out of 1
2024-04-24T01:10:38,292  INFO [main] ql.Driver: Launching Job 1 out of 1
2024-04-24T01:10:38,422  INFO [main] ql.Driver: Starting task [Stage-1:MAPRED] in serial mode
2024-04-24T01:10:38,422  INFO [main] exec.Utilities: Not using thread pool for getContentSummary
2024-04-24T01:10:38,424  INFO [main] exec.Utilities: BytesPerReducer=256000000 maxReducers=1009 totalInputFileSize=667
Number of reduce tasks not specified. Estimated from input data size: 1
2024-04-24T01:10:38,424  INFO [main] exec.Task: Number of reduce tasks not specified. Estimated from input data size: 1
In order to change the average load for a reducer (in bytes):
2024-04-24T01:10:38,424  INFO [main] exec.Task: In order to change the average load for a reducer (in bytes):
  set hive.exec.reducers.bytes.per.reducer=<number>
2024-04-24T01:10:38,424  INFO [main] exec.Task:   set hive.exec.reducers.bytes.per.reducer=<number>
In order to limit the maximum number of reducers:
2024-04-24T01:10:38,424  INFO [main] exec.Task: In order to limit the maximum number of reducers:
  set hive.exec.reducers.max=<number>
2024-04-24T01:10:38,424  INFO [main] exec.Task:   set hive.exec.reducers.max=<number>
In order to set a constant number of reducers:
2024-04-24T01:10:38,424  INFO [main] exec.Task: In order to set a constant number of reducers:
  set mapreduce.job.reduces=<number>
2024-04-24T01:10:38,424  INFO [main] exec.Task:   set mapreduce.job.reduces=<number>
2024-04-24T01:10:38,428  INFO [main] mr.ExecDriver: Using org.apache.hadoop.hive.ql.io.HiveInputFormat
2024-04-24T01:10:38,429  INFO [main] exec.Utilities: Processing alias t
2024-04-24T01:10:38,429  INFO [main] exec.Utilities: Adding 1 inputs; the first input is file:/home/alex/Repositories/hive/ql/target/tmp/org.apache.hadoop.hive.ql.TestTxnCommands-1713946100941/warehouse/t
2024-04-24T01:10:38,437  INFO [main] exec.SerializationUtilities: Serializing MapWork using kryo
2024-04-24T01:10:38,439  INFO [main] exec.Utilities: Serialized plan (via FILE) - name: null size: 6,79KB
2024-04-24T01:10:38,443  INFO [main] exec.SerializationUtilities: Serializing ReduceWork using kryo
2024-04-24T01:10:38,444  INFO [main] exec.Utilities: Serialized plan (via FILE) - name: null size: 7,45KB
2024-04-24T01:10:38,445  WARN [main] impl.MetricsSystemImpl: JobTracker metrics system already initialized!
2024-04-24T01:10:38,448  INFO [main] fs.FSStatsPublisher: created : file:/home/alex/Repositories/hive/ql/target/tmp/localscratchdir/75a1102e-bf63-4b5d-8177-291a56f3e6ae/hive_2024-04-24_01-10-38_084_7209511560769494874-1/-mr-10000
2024-04-24T01:10:38,450  WARN [main] impl.MetricsSystemImpl: JobTracker metrics system already initialized!
2024-04-24T01:10:38,457  WARN [main] mapreduce.JobResourceUploader: Hadoop command-line option parsing not performed. Implement the Tool interface and execute your application with ToolRunner to remedy this.
2024-04-24T01:10:38,461  WARN [main] mapreduce.JobResourceUploader: No job jar file set.  User classes may not be found. See Job or Job#setJar(String).
2024-04-24T01:10:38,462  INFO [main] io.HiveInputFormat: hive.io.file.readcolumn.ids = 1
2024-04-24T01:10:38,462  INFO [main] io.HiveInputFormat: hive.io.file.readcolumn.names = b
2024-04-24T01:10:38,462  INFO [main] io.HiveInputFormat: Generating splits for dirs: file:/home/alex/Repositories/hive/ql/target/tmp/org.apache.hadoop.hive.ql.TestTxnCommands-1713946100941/warehouse/t
2024-04-24T01:10:38,462  INFO [main] orc.OrcInputFormat: getSplits started
2024-04-24T01:10:38,463  INFO [main] orc.OrcInputFormat: Context:: isAcid: true isVectorMode: true sarg: leaf-(EQUALS b 2) minSplitSize: 1 maxSplitSize: 256000000 splitStrategy: HYBRID footerInSplits: false numBuckets: 0 numThreads: 10 cacheMemSize: 268435456 cacheStripeDetails: true useSoftReference: false writeIdList: default.t:2:9223372036854775807:: isTransactionalTable: true txnProperties: default 
2024-04-24T01:10:38,463  INFO [main] orc.OrcInputFormat: ORC pushdown predicate: leaf-(EQUALS b 2)
2024-04-24T01:10:38,473  INFO [main] orc.OrcInputFormat: FooterCacheHitRatio: 0/1
2024-04-24T01:10:38,473  INFO [main] orc.OrcInputFormat: getSplits finished (#splits: 1). duration: 11 ms
2024-04-24T01:10:38,473  INFO [main] io.HiveInputFormat: number of splits 1
2024-04-24T01:10:38,490  INFO [main] mapreduce.JobSubmitter: number of splits:1
2024-04-24T01:10:38,508  INFO [main] mapreduce.JobSubmitter: Submitting tokens for job: job_local1612943728_0051
2024-04-24T01:10:38,508  INFO [main] mapreduce.JobSubmitter: Executing with tokens: []
2024-04-24T01:10:38,565  INFO [main] mapreduce.Job: The url to track the job: http://localhost:8080/
Job running in-process (local Hadoop)
2024-04-24T01:10:38,565  INFO [main] exec.Task: Job running in-process (local Hadoop)
2024-04-24T01:10:38,565  INFO [Thread-4149] mapred.LocalJobRunner: OutputCommitter set in config org.apache.hadoop.hive.ql.io.HiveFileFormatUtils$NullOutputCommitter
2024-04-24T01:10:38,565  INFO [Thread-4149] mapred.LocalJobRunner: OutputCommitter is org.apache.hadoop.hive.ql.io.HiveFileFormatUtils$NullOutputCommitter
2024-04-24T01:10:38,566  INFO [Thread-4149] mapred.LocalJobRunner: Waiting for map tasks
2024-04-24T01:10:38,567  INFO [LocalJobRunner Map Task Executor #0] mapred.LocalJobRunner: Starting task: attempt_local1612943728_0051_m_000000_0
2024-04-24T01:10:38,567  INFO [LocalJobRunner Map Task Executor #0] mapred.Task:  Using ResourceCalculatorProcessTree : [ ]
2024-04-24T01:10:38,568  INFO [LocalJobRunner Map Task Executor #0] mapred.MapTask: Processing split: org.apache.hadoop.hive.ql.io.orc.OrcInputFormat:OrcSplit [file:/home/alex/Repositories/hive/ql/target/tmp/org.apache.hadoop.hive.ql.TestTxnCommands-1713946100941/warehouse/t/delta_0000001_0000001_0000/bucket_00000_0, start=3, length=309, isOriginal=false, fileLength=666, hasFooter=false, hasBase=true, deltas=0]
2024-04-24T01:10:38,568  INFO [LocalJobRunner Map Task Executor #0] exec.SerializationUtilities: Deserializing MapWork using kryo
2024-04-24T01:10:38,569  INFO [LocalJobRunner Map Task Executor #0] exec.Utilities: Deserialized plan (via FILE) - name: null size: 6,79KB
2024-04-24T01:10:38,569  INFO [LocalJobRunner Map Task Executor #0] orc.OrcInputFormat: ORC pushdown predicate: leaf-(EQUALS b 2)
2024-04-24T01:10:38,569  INFO [LocalJobRunner Map Task Executor #0] orc.VectorizedOrcAcidRowBatchReader: Read ValidWriteIdList: default.t:2:9223372036854775807:::OrcSplit [file:/home/alex/Repositories/hive/ql/target/tmp/org.apache.hadoop.hive.ql.TestTxnCommands-1713946100941/warehouse/t/delta_0000001_0000001_0000/bucket_00000_0, start=3, length=309, isOriginal=false, fileLength=666, hasFooter=false, hasBase=true, deltas=0]
2024-04-24T01:10:38,570  INFO [LocalJobRunner Map Task Executor #0] orc.ReaderImpl: Reading ORC rows from file:/home/alex/Repositories/hive/ql/target/tmp/org.apache.hadoop.hive.ql.TestTxnCommands-1713946100941/warehouse/t/delta_0000001_0000001_0000/bucket_00000_0 with {include: [true, false, true], offset: 3, length: 309, sarg: leaf-(EQUALS b 2), schema: struct<a:int,b:int>, includeAcidColumns: true}
2024-04-24T01:10:38,572  INFO [LocalJobRunner Map Task Executor #0] mapred.MapTask: numReduceTasks: 1
2024-04-24T01:10:38,576  INFO [LocalJobRunner Map Task Executor #0] mapred.MapTask: (EQUATOR) 0 kvi 26214396(104857584)
2024-04-24T01:10:38,576  INFO [LocalJobRunner Map Task Executor #0] mapred.MapTask: mapreduce.task.io.sort.mb: 100
2024-04-24T01:10:38,576  INFO [LocalJobRunner Map Task Executor #0] mapred.MapTask: soft limit at 83886080
2024-04-24T01:10:38,576  INFO [LocalJobRunner Map Task Executor #0] mapred.MapTask: bufstart = 0; bufvoid = 104857600
2024-04-24T01:10:38,576  INFO [LocalJobRunner Map Task Executor #0] mapred.MapTask: kvstart = 26214396; length = 6553600
2024-04-24T01:10:38,577  INFO [LocalJobRunner Map Task Executor #0] mapred.MapTask: Map output collector class = org.apache.hadoop.mapred.MapTask$MapOutputBuffer
2024-04-24T01:10:38,577  INFO [LocalJobRunner Map Task Executor #0] vector.VectorMapOperator: Initializing Operator: MAP[0]
2024-04-24T01:10:38,577  INFO [LocalJobRunner Map Task Executor #0] mr.ExecMapper: 
<MAP>Id =0
  <Children>null
  <\Children>
  <Parent><\Parent>
<\MAP>
2024-04-24T01:10:38,578  INFO [LocalJobRunner Map Task Executor #0] exec.TableScanOperator: Initializing Operator: TS[0]
2024-04-24T01:10:38,578  INFO [LocalJobRunner Map Task Executor #0] vector.VectorFilterOperator: Initializing Operator: FIL[10]
2024-04-24T01:10:38,578  INFO [LocalJobRunner Map Task Executor #0] vector.VectorSelectOperator: Initializing Operator: SEL[11]
2024-04-24T01:10:38,578  INFO [LocalJobRunner Map Task Executor #0] vector.VectorReduceSinkOperator: Initializing Operator: RS[12]
2024-04-24T01:10:38,579  INFO [LocalJobRunner Map Task Executor #0] vector.VectorReduceSinkOperator: Using tag = -1
2024-04-24T01:10:38,579  INFO [LocalJobRunner Map Task Executor #0] vector.VectorReduceSinkOperator: keys are [reducesinkkey0] num distributions: 1
2024-04-24T01:10:38,580 ERROR [LocalJobRunner Map Task Executor #0] mr.ExecMapper: org.apache.hadoop.hive.ql.metadata.HiveException: Hive Runtime Error while processing row 
	at org.apache.hadoop.hive.ql.exec.vector.VectorMapOperator.process(VectorMapOperator.java:993)
	at org.apache.hadoop.hive.ql.exec.mr.ExecMapper.map(ExecMapper.java:148)
	at org.apache.hadoop.mapred.MapRunner.run(MapRunner.java:54)
	at org.apache.hadoop.hive.ql.exec.mr.ExecMapRunner.run(ExecMapRunner.java:37)
	at org.apache.hadoop.mapred.MapTask.runOldMapper(MapTask.java:465)
	at org.apache.hadoop.mapred.MapTask.run(MapTask.java:349)
	at org.apache.hadoop.mapred.LocalJobRunner$Job$MapTaskRunnable.run(LocalJobRunner.java:271)
	at java.util.concurrent.Executors$RunnableAdapter.call(Executors.java:511)
	at java.util.concurrent.FutureTask.run(FutureTask.java:266)
	at java.util.concurrent.ThreadPoolExecutor.runWorker(ThreadPoolExecutor.java:1149)
	at java.util.concurrent.ThreadPoolExecutor$Worker.run(ThreadPoolExecutor.java:624)
	at java.lang.Thread.run(Thread.java:750)
Caused by: org.apache.hadoop.hive.ql.exec.NoMatchingMethodException: No matching method for class org.apache.hadoop.hive.ql.udf.UDFToInteger with (struct<writeid:bigint,bucketid:int,rowid:bigint>). Possible choices: _FUNC_(bigint)  _FUNC_(boolean)  _FUNC_(decimal(38,18))  _FUNC_(double)  _FUNC_(float)  _FUNC_(smallint)  _FUNC_(string)  _FUNC_(struct<rowid:bigint,writeid:bigint,bucketid:int>)  _FUNC_(timestamp)  _FUNC_(tinyint)  _FUNC_(void)  
	at org.apache.hadoop.hive.ql.exec.MethodUtils.getMethodInternal(MethodUtils.java:130)
	at org.apache.hadoop.hive.ql.exec.MethodUtils.getMethodInternal(MethodUtils.java:60)
	at org.apache.hadoop.hive.ql.exec.DefaultUDFMethodResolver.getEvalMethod(DefaultUDFMethodResolver.java:59)
	at org.apache.hadoop.hive.ql.udf.TimestampCastRestrictorResolver.getEvalMethod(TimestampCastRestrictorResolver.java:68)
	at org.apache.hadoop.hive.ql.udf.generic.GenericUDFBridge.initialize(GenericUDFBridge.java:168)
	at org.apache.hadoop.hive.ql.udf.generic.GenericUDF.initializeAndFoldConstants(GenericUDF.java:149)
	at org.apache.hadoop.hive.ql.exec.ExprNodeGenericFuncEvaluator.initialize(ExprNodeGenericFuncEvaluator.java:184)
	at org.apache.hadoop.hive.ql.exec.Operator.initEvaluators(Operator.java:1073)
	at org.apache.hadoop.hive.ql.exec.ReduceSinkOperator.process(ReduceSinkOperator.java:307)
	at org.apache.hadoop.hive.ql.exec.vector.VectorReduceSinkOperator.process(VectorReduceSinkOperator.java:115)
	at org.apache.hadoop.hive.ql.exec.Operator.vectorForward(Operator.java:919)
	at org.apache.hadoop.hive.ql.exec.vector.VectorSelectOperator.process(VectorSelectOperator.java:158)
	at org.apache.hadoop.hive.ql.exec.Operator.vectorForward(Operator.java:919)
	at org.apache.hadoop.hive.ql.exec.vector.VectorFilterOperator.process(VectorFilterOperator.java:136)
	at org.apache.hadoop.hive.ql.exec.Operator.vectorForward(Operator.java:919)
	at org.apache.hadoop.hive.ql.exec.TableScanOperator.process(TableScanOperator.java:171)
	at org.apache.hadoop.hive.ql.exec.vector.VectorMapOperator.deliverVectorizedRowBatch(VectorMapOperator.java:809)
	at org.apache.hadoop.hive.ql.exec.vector.VectorMapOperator.process(VectorMapOperator.java:878)
	... 11 more

2024-04-24T01:10:38,580  INFO [LocalJobRunner Map Task Executor #0] vector.VectorMapOperator: Closing Operator: MAP[0]
2024-04-24T01:10:38,580  INFO [LocalJobRunner Map Task Executor #0] vector.VectorMapOperator: DESERIALIZE_ERRORS:0, RECORDS_OUT_OPERATOR_MAP_0:0, RECORDS_IN:1, RECORDS_OUT_INTERMEDIATE:0, 
2024-04-24T01:10:38,580  INFO [LocalJobRunner Map Task Executor #0] exec.TableScanOperator: Closing Operator: TS[0]
2024-04-24T01:10:38,580  INFO [LocalJobRunner Map Task Executor #0] exec.TableScanOperator: RECORDS_OUT_INTERMEDIATE:0, RECORDS_OUT_OPERATOR_TS_0:1, 
2024-04-24T01:10:38,580  INFO [LocalJobRunner Map Task Executor #0] vector.VectorFilterOperator: Closing Operator: FIL[10]
2024-04-24T01:10:38,581  INFO [LocalJobRunner Map Task Executor #0] vector.VectorFilterOperator: RECORDS_OUT_OPERATOR_FIL_10:1, RECORDS_OUT_INTERMEDIATE:0, 
2024-04-24T01:10:38,581  INFO [LocalJobRunner Map Task Executor #0] vector.VectorSelectOperator: Closing Operator: SEL[11]
2024-04-24T01:10:38,581  INFO [LocalJobRunner Map Task Executor #0] vector.VectorSelectOperator: RECORDS_OUT_INTERMEDIATE:0, RECORDS_OUT_OPERATOR_SEL_11:1, 
2024-04-24T01:10:38,581  INFO [LocalJobRunner Map Task Executor #0] vector.VectorReduceSinkOperator: Closing Operator: RS[12]
2024-04-24T01:10:38,581  INFO [LocalJobRunner Map Task Executor #0] vector.VectorReduceSinkOperator: RS[12]: Total records written - 0. abort - true
2024-04-24T01:10:38,581  INFO [LocalJobRunner Map Task Executor #0] vector.VectorReduceSinkOperator: RECORDS_OUT_INTERMEDIATE:0, RECORDS_OUT_OPERATOR_RS_12:0, 
2024-04-24T01:10:38,581  INFO [Thread-4149] mapred.LocalJobRunner: map task executor complete.
2024-04-24T01:10:38,581  WARN [Thread-4149] mapred.LocalJobRunner: job_local1612943728_0051
java.lang.Exception: java.lang.RuntimeException: org.apache.hadoop.hive.ql.metadata.HiveException: Hive Runtime Error while processing row 
	at org.apache.hadoop.mapred.LocalJobRunner$Job.runTasks(LocalJobRunner.java:492) ~[hadoop-mapreduce-client-common-3.1.0.jar:?]
	at org.apache.hadoop.mapred.LocalJobRunner$Job.run(LocalJobRunner.java:552) [hadoop-mapreduce-client-common-3.1.0.jar:?]
Caused by: java.lang.RuntimeException: org.apache.hadoop.hive.ql.metadata.HiveException: Hive Runtime Error while processing row 
	at org.apache.hadoop.hive.ql.exec.mr.ExecMapper.map(ExecMapper.java:157) ~[classes/:?]
	at org.apache.hadoop.mapred.MapRunner.run(MapRunner.java:54) ~[hadoop-mapreduce-client-core-3.1.0.jar:?]
	at org.apache.hadoop.hive.ql.exec.mr.ExecMapRunner.run(ExecMapRunner.java:37) ~[classes/:?]
	at org.apache.hadoop.mapred.MapTask.runOldMapper(MapTask.java:465) ~[hadoop-mapreduce-client-core-3.1.0.jar:?]
	at org.apache.hadoop.mapred.MapTask.run(MapTask.java:349) ~[hadoop-mapreduce-client-core-3.1.0.jar:?]
	at org.apache.hadoop.mapred.LocalJobRunner$Job$MapTaskRunnable.run(LocalJobRunner.java:271) ~[hadoop-mapreduce-client-common-3.1.0.jar:?]
	at java.util.concurrent.Executors$RunnableAdapter.call(Executors.java:511) ~[?:1.8.0_402]
	at java.util.concurrent.FutureTask.run(FutureTask.java:266) ~[?:1.8.0_402]
	at java.util.concurrent.ThreadPoolExecutor.runWorker(ThreadPoolExecutor.java:1149) ~[?:1.8.0_402]
	at java.util.concurrent.ThreadPoolExecutor$Worker.run(ThreadPoolExecutor.java:624) ~[?:1.8.0_402]
	at java.lang.Thread.run(Thread.java:750) ~[?:1.8.0_402]
Caused by: org.apache.hadoop.hive.ql.metadata.HiveException: Hive Runtime Error while processing row 
	at org.apache.hadoop.hive.ql.exec.vector.VectorMapOperator.process(VectorMapOperator.java:993) ~[classes/:?]
	at org.apache.hadoop.hive.ql.exec.mr.ExecMapper.map(ExecMapper.java:148) ~[classes/:?]
	at org.apache.hadoop.mapred.MapRunner.run(MapRunner.java:54) ~[hadoop-mapreduce-client-core-3.1.0.jar:?]
	at org.apache.hadoop.hive.ql.exec.mr.ExecMapRunner.run(ExecMapRunner.java:37) ~[classes/:?]
	at org.apache.hadoop.mapred.MapTask.runOldMapper(MapTask.java:465) ~[hadoop-mapreduce-client-core-3.1.0.jar:?]
	at org.apache.hadoop.mapred.MapTask.run(MapTask.java:349) ~[hadoop-mapreduce-client-core-3.1.0.jar:?]
	at org.apache.hadoop.mapred.LocalJobRunner$Job$MapTaskRunnable.run(LocalJobRunner.java:271) ~[hadoop-mapreduce-client-common-3.1.0.jar:?]
	at java.util.concurrent.Executors$RunnableAdapter.call(Executors.java:511) ~[?:1.8.0_402]
	at java.util.concurrent.FutureTask.run(FutureTask.java:266) ~[?:1.8.0_402]
	at java.util.concurrent.ThreadPoolExecutor.runWorker(ThreadPoolExecutor.java:1149) ~[?:1.8.0_402]
	at java.util.concurrent.ThreadPoolExecutor$Worker.run(ThreadPoolExecutor.java:624) ~[?:1.8.0_402]
	at java.lang.Thread.run(Thread.java:750) ~[?:1.8.0_402]
Caused by: org.apache.hadoop.hive.ql.exec.NoMatchingMethodException: No matching method for class org.apache.hadoop.hive.ql.udf.UDFToInteger with (struct<writeid:bigint,bucketid:int,rowid:bigint>). Possible choices: _FUNC_(bigint)  _FUNC_(boolean)  _FUNC_(decimal(38,18))  _FUNC_(double)  _FUNC_(float)  _FUNC_(smallint)  _FUNC_(string)  _FUNC_(struct<rowid:bigint,writeid:bigint,bucketid:int>)  _FUNC_(timestamp)  _FUNC_(tinyint)  _FUNC_(void)  
	at org.apache.hadoop.hive.ql.exec.MethodUtils.getMethodInternal(MethodUtils.java:130) ~[classes/:?]
	at org.apache.hadoop.hive.ql.exec.MethodUtils.getMethodInternal(MethodUtils.java:60) ~[classes/:?]
	at org.apache.hadoop.hive.ql.exec.DefaultUDFMethodResolver.getEvalMethod(DefaultUDFMethodResolver.java:59) ~[classes/:?]
	at org.apache.hadoop.hive.ql.udf.TimestampCastRestrictorResolver.getEvalMethod(TimestampCastRestrictorResolver.java:68) ~[classes/:?]
	at org.apache.hadoop.hive.ql.udf.generic.GenericUDFBridge.initialize(GenericUDFBridge.java:168) ~[classes/:?]
	at org.apache.hadoop.hive.ql.udf.generic.GenericUDF.initializeAndFoldConstants(GenericUDF.java:149) ~[classes/:?]
	at org.apache.hadoop.hive.ql.exec.ExprNodeGenericFuncEvaluator.initialize(ExprNodeGenericFuncEvaluator.java:184) ~[classes/:?]
	at org.apache.hadoop.hive.ql.exec.Operator.initEvaluators(Operator.java:1073) ~[classes/:?]
	at org.apache.hadoop.hive.ql.exec.ReduceSinkOperator.process(ReduceSinkOperator.java:307) ~[classes/:?]
	at org.apache.hadoop.hive.ql.exec.vector.VectorReduceSinkOperator.process(VectorReduceSinkOperator.java:115) ~[classes/:?]
	at org.apache.hadoop.hive.ql.exec.Operator.vectorForward(Operator.java:919) ~[classes/:?]
	at org.apache.hadoop.hive.ql.exec.vector.VectorSelectOperator.process(VectorSelectOperator.java:158) ~[classes/:?]
	at org.apache.hadoop.hive.ql.exec.Operator.vectorForward(Operator.java:919) ~[classes/:?]
	at org.apache.hadoop.hive.ql.exec.vector.VectorFilterOperator.process(VectorFilterOperator.java:136) ~[classes/:?]
	at org.apache.hadoop.hive.ql.exec.Operator.vectorForward(Operator.java:919) ~[classes/:?]
	at org.apache.hadoop.hive.ql.exec.TableScanOperator.process(TableScanOperator.java:171) ~[classes/:?]
	at org.apache.hadoop.hive.ql.exec.vector.VectorMapOperator.deliverVectorizedRowBatch(VectorMapOperator.java:809) ~[classes/:?]
	at org.apache.hadoop.hive.ql.exec.vector.VectorMapOperator.process(VectorMapOperator.java:878) ~[classes/:?]
	at org.apache.hadoop.hive.ql.exec.mr.ExecMapper.map(ExecMapper.java:148) ~[classes/:?]
	at org.apache.hadoop.mapred.MapRunner.run(MapRunner.java:54) ~[hadoop-mapreduce-client-core-3.1.0.jar:?]
	at org.apache.hadoop.hive.ql.exec.mr.ExecMapRunner.run(ExecMapRunner.java:37) ~[classes/:?]
	at org.apache.hadoop.mapred.MapTask.runOldMapper(MapTask.java:465) ~[hadoop-mapreduce-client-core-3.1.0.jar:?]
	at org.apache.hadoop.mapred.MapTask.run(MapTask.java:349) ~[hadoop-mapreduce-client-core-3.1.0.jar:?]
	at org.apache.hadoop.mapred.LocalJobRunner$Job$MapTaskRunnable.run(LocalJobRunner.java:271) ~[hadoop-mapreduce-client-common-3.1.0.jar:?]
	at java.util.concurrent.Executors$RunnableAdapter.call(Executors.java:511) ~[?:1.8.0_402]
	at java.util.concurrent.FutureTask.run(FutureTask.java:266) ~[?:1.8.0_402]
	at java.util.concurrent.ThreadPoolExecutor.runWorker(ThreadPoolExecutor.java:1149) ~[?:1.8.0_402]
	at java.util.concurrent.ThreadPoolExecutor$Worker.run(ThreadPoolExecutor.java:624) ~[?:1.8.0_402]
	at java.lang.Thread.run(Thread.java:750) ~[?:1.8.0_402]
2024-04-24T01:10:39,566  WARN [main] mapreduce.Counters: Group org.apache.hadoop.mapred.Task$Counter is deprecated. Use org.apache.hadoop.mapreduce.TaskCounter instead
2024-04-24 01:10:39,566 Stage-1 map = 0%,  reduce = 0%
2024-04-24T01:10:39,566  INFO [main] exec.Task: 2024-04-24 01:10:39,566 Stage-1 map = 0%,  reduce = 0%
2024-04-24T01:10:39,567  WARN [main] mapreduce.Counters: Group org.apache.hadoop.mapred.Task$Counter is deprecated. Use org.apache.hadoop.mapreduce.TaskCounter instead
Ended Job = job_local1612943728_0051 with errors
2024-04-24T01:10:39,567 ERROR [main] exec.Task: Ended Job = job_local1612943728_0051 with errors
Error during job, obtaining debugging information...
2024-04-24T01:10:39,568 ERROR [Thread-4154] exec.Task: Error during job, obtaining debugging information...
2024-04-24T01:10:39,571  INFO [main] FileOperations: Deleting file:/home/alex/Repositories/hive/ql/target/tmp/org.apache.hadoop.hive.ql.TestTxnCommands-1713946100941/warehouse/t/_tmp.delta_0000002_0000002_0000 on failure
FAILED: Execution Error, return code 2 from org.apache.hadoop.hive.ql.exec.mr.MapRedTask
2024-04-24T01:10:39,571 ERROR [main] ql.Driver: FAILED: Execution Error, return code 2 from org.apache.hadoop.hive.ql.exec.mr.MapRedTask
2024-04-24T01:10:39,571  INFO [main] metadata.Hive: Dumping metastore api call timing information for : execution phase
2024-04-24T01:10:39,572  INFO [main] metadata.Hive: Total time spent in each metastore function (ms): {}
MapReduce Jobs Launched: 
2024-04-24T01:10:39,572  INFO [main] ql.Driver: MapReduce Jobs Launched: 
2024-04-24T01:10:39,573  WARN [main] mapreduce.Counters: Group FileSystemCounters is deprecated. Use org.apache.hadoop.mapreduce.FileSystemCounter instead
Stage-Stage-1:  HDFS Read: 0 HDFS Write: 0 FAIL
2024-04-24T01:10:39,573  INFO [main] ql.Driver: Stage-Stage-1:  HDFS Read: 0 HDFS Write: 0 FAIL
Total MapReduce CPU Time Spent: 0 msec
2024-04-24T01:10:39,573  INFO [main] ql.Driver: Total MapReduce CPU Time Spent: 0 msec
2024-04-24T01:10:39,573  INFO [main] ql.Driver: Completed executing command(queryId=alex_20240424011038_8593c9c6-430e-4728-aa88-c62467d2c86b); Time taken: 1.28 seconds
2024-04-24T01:10:39,573  INFO [main] lockmgr.DbTxnManager: Stopped heartbeat for query: alex_20240424011038_8593c9c6-430e-4728-aa88-c62467d2c86b
2024-04-24T01:10:39,578  INFO [main] txn.TxnHandler: Removed transactions: ([16]) from MIN_HISTORY_LEVEL
2024-04-24T01:10:39,594  INFO [main] ql.TxnCommandsBaseForTests: Running the query: drop table if exists acidTbl
2024-04-24T01:10:39,595  INFO [main] ql.Context: Deleting scratch dir: file:/home/alex/Repositories/hive/ql/target/tmp/localscratchdir/75a1102e-bf63-4b5d-8177-291a56f3e6ae/hive_2024-04-24_01-10-38_084_7209511560769494874-1
2024-04-24T01:10:39,595  INFO [main] cleanup.SyncCleanupService: Deleted directory: file:/home/alex/Repositories/hive/ql/target/tmp/localscratchdir/75a1102e-bf63-4b5d-8177-291a56f3e6ae/hive_2024-04-24_01-10-38_084_7209511560769494874-1 on fs with scheme file
2024-04-24T01:10:39,595  INFO [main] ql.Context: Deleting scratch dir: file:/home/alex/Repositories/hive/ql/target/tmp/localscratchdir/75a1102e-bf63-4b5d-8177-291a56f3e6ae/hive_2024-04-24_01-10-38_075_7308580248582336022-1
2024-04-24T01:10:39,596  INFO [main] cleanup.SyncCleanupService: Deleted directory: file:/home/alex/Repositories/hive/ql/target/tmp/localscratchdir/75a1102e-bf63-4b5d-8177-291a56f3e6ae/hive_2024-04-24_01-10-38_075_7308580248582336022-1 on fs with scheme file
2024-04-24T01:10:39,597  INFO [main] ql.Driver: Compiling command(queryId=alex_20240424011039_c19d6627-6d48-47af-9282-5b32880bc0da): drop table if exists acidTbl
2024-04-24T01:10:39,603  INFO [main] txn.TxnHandler: Added entries to MIN_HISTORY_LEVEL for current txns: ([17]) with min_open_txn: 17
2024-04-24T01:10:39,604  INFO [main] lockmgr.DbTxnManager: Opened txnid:17
2024-04-24T01:10:39,605  INFO [main] HiveMetaStore.audit: ugi=alex	ip=unknown-ip-addr	cmd=get_table : tbl=hive.default.acidTbl	
2024-04-24T01:10:39,619  INFO [main] metastore.HMSHandler: Skipping translation for processor with null
2024-04-24T01:10:39,620  INFO [main] ql.Driver: Semantic Analysis Completed (retrial = false)
2024-04-24T01:10:39,620  INFO [main] ql.Driver: Created Hive schema: Schema(fieldSchemas:null, properties:null)
2024-04-24T01:10:39,620  INFO [main] metadata.Hive: Dumping metastore api call timing information for : compilation phase
2024-04-24T01:10:39,620  INFO [main] metadata.Hive: Total time spent in each metastore function (ms): {rollbackTxn_(long)=21, getValidTxns_(long)=1, isCompatibleWith_(Configuration)=0, getTable_(GetTableRequest)=14, flushCache_()=0, openTxn_(String, TxnType)=6}
2024-04-24T01:10:39,620  INFO [main] ql.Driver: Completed compiling command(queryId=alex_20240424011039_c19d6627-6d48-47af-9282-5b32880bc0da); Time taken: 0.023 seconds
2024-04-24T01:10:39,620  INFO [main] lockmgr.DbTxnManager: Setting lock request transaction to txnid:17 for queryId=alex_20240424011039_c19d6627-6d48-47af-9282-5b32880bc0da
2024-04-24T01:10:39,621  INFO [main] lockmgr.DbLockManager: Requesting lock for queryId=alex_20240424011039_c19d6627-6d48-47af-9282-5b32880bc0da
2024-04-24T01:10:39,633  INFO [main] lockmgr.DbLockManager: Response to queryId=alex_20240424011039_c19d6627-6d48-47af-9282-5b32880bc0da LockResponse(lockid:11, state:ACQUIRED)
2024-04-24T01:10:39,633  INFO [main] ql.Driver: Operation DROPTABLE obtained 1 locks
2024-04-24T01:10:39,633  INFO [main] ql.Driver: Executing command(queryId=alex_20240424011039_c19d6627-6d48-47af-9282-5b32880bc0da): drop table if exists acidTbl
2024-04-24T01:10:39,633  INFO [main] ql.Driver: Starting task [Stage-0:DDL] in serial mode
2024-04-24T01:10:39,633  INFO [main] HiveMetaStore.audit: ugi=alex	ip=unknown-ip-addr	cmd=get_table : tbl=hive.default.acidTbl	
2024-04-24T01:10:39,639  INFO [main] metastore.HMSHandler: Skipping translation for processor with null
2024-04-24T01:10:39,639  INFO [main] HiveMetaStore.audit: ugi=alex	ip=unknown-ip-addr	cmd=get_table : tbl=hive.default.acidTbl	
2024-04-24T01:10:39,645  INFO [main] metastore.HMSHandler: Skipping translation for processor with null
2024-04-24T01:10:39,645  INFO [main] HiveMetaStore.audit: ugi=alex	ip=unknown-ip-addr	cmd=drop_table : tbl=hive.default.acidTbl	
2024-04-24T01:10:39,726  INFO [main] metadata.Hive: Dumping metastore api call timing information for : execution phase
2024-04-24T01:10:39,727  INFO [main] metadata.Hive: Total time spent in each metastore function (ms): {isCompatibleWith_(Configuration)=0, getTable_(GetTableRequest)=6, dropTable_(String, String, boolean, boolean, boolean)=87}
2024-04-24T01:10:39,727  INFO [main] ql.Driver: Completed executing command(queryId=alex_20240424011039_c19d6627-6d48-47af-9282-5b32880bc0da); Time taken: 0.093 seconds
2024-04-24T01:10:39,727  INFO [main] lockmgr.DbTxnManager: Stopped heartbeat for query: alex_20240424011039_c19d6627-6d48-47af-9282-5b32880bc0da
2024-04-24T01:10:39,730  INFO [main] txn.TxnHandler: Expected to move at least one record from txn_components to completed_txn_components when committing txn! txnid:17
2024-04-24T01:10:39,734  INFO [main] txn.TxnHandler: Removed transactions: ([17]) from MIN_HISTORY_LEVEL
2024-04-24T01:10:39,735  WARN [main] txn.CompactionTxnHandler: No compaction queue record found for Compaction type transaction commit. txnId:17
2024-04-24T01:10:39,736  INFO [main] ql.TxnCommandsBaseForTests: Running the query: drop table if exists acidTblPart
2024-04-24T01:10:39,736  INFO [main] ql.Driver: Compiling command(queryId=alex_20240424011039_d75b4acb-cd0f-4a37-8227-4cc5294a8d54): drop table if exists acidTblPart
2024-04-24T01:10:39,743  INFO [main] txn.TxnHandler: Added entries to MIN_HISTORY_LEVEL for current txns: ([18]) with min_open_txn: 17
2024-04-24T01:10:39,743  INFO [main] lockmgr.DbTxnManager: Opened txnid:18
2024-04-24T01:10:39,745  INFO [main] HiveMetaStore.audit: ugi=alex	ip=unknown-ip-addr	cmd=get_table : tbl=hive.default.acidTblPart	
2024-04-24T01:10:39,760  INFO [main] metastore.HMSHandler: Skipping translation for processor with null
2024-04-24T01:10:39,760  INFO [main] ql.Driver: Semantic Analysis Completed (retrial = false)
2024-04-24T01:10:39,760  INFO [main] ql.Driver: Created Hive schema: Schema(fieldSchemas:null, properties:null)
2024-04-24T01:10:39,760  INFO [main] metadata.Hive: Dumping metastore api call timing information for : compilation phase
2024-04-24T01:10:39,760  INFO [main] metadata.Hive: Total time spent in each metastore function (ms): {getTable_(GetTableRequest)=15, isCompatibleWith_(Configuration)=1, commitTxn_(CommitTxnRequest)=8, openTxn_(String, TxnType)=7, flushCache_()=0, getValidTxns_(long)=1}
2024-04-24T01:10:39,760  INFO [main] ql.Driver: Completed compiling command(queryId=alex_20240424011039_d75b4acb-cd0f-4a37-8227-4cc5294a8d54); Time taken: 0.024 seconds
2024-04-24T01:10:39,760  INFO [main] lockmgr.DbTxnManager: Setting lock request transaction to txnid:18 for queryId=alex_20240424011039_d75b4acb-cd0f-4a37-8227-4cc5294a8d54
2024-04-24T01:10:39,761  INFO [main] lockmgr.DbLockManager: Requesting lock for queryId=alex_20240424011039_d75b4acb-cd0f-4a37-8227-4cc5294a8d54
2024-04-24T01:10:39,776  INFO [main] lockmgr.DbLockManager: Response to queryId=alex_20240424011039_d75b4acb-cd0f-4a37-8227-4cc5294a8d54 LockResponse(lockid:12, state:ACQUIRED)
2024-04-24T01:10:39,776  INFO [main] ql.Driver: Operation DROPTABLE obtained 1 locks
2024-04-24T01:10:39,776  INFO [main] ql.Driver: Executing command(queryId=alex_20240424011039_d75b4acb-cd0f-4a37-8227-4cc5294a8d54): drop table if exists acidTblPart
2024-04-24T01:10:39,776  INFO [main] ql.Driver: Starting task [Stage-0:DDL] in serial mode
2024-04-24T01:10:39,777  INFO [main] HiveMetaStore.audit: ugi=alex	ip=unknown-ip-addr	cmd=get_table : tbl=hive.default.acidTblPart	
2024-04-24T01:10:39,783  INFO [main] metastore.HMSHandler: Skipping translation for processor with null
2024-04-24T01:10:39,784  INFO [main] HiveMetaStore.audit: ugi=alex	ip=unknown-ip-addr	cmd=get_table : tbl=hive.default.acidTblPart	
2024-04-24T01:10:39,789  INFO [main] metastore.HMSHandler: Skipping translation for processor with null
2024-04-24T01:10:39,789  INFO [main] HiveMetaStore.audit: ugi=alex	ip=unknown-ip-addr	cmd=drop_table : tbl=hive.default.acidTblPart	
2024-04-24T01:10:39,823  INFO [main] metadata.Hive: Dumping metastore api call timing information for : execution phase
2024-04-24T01:10:39,823  INFO [main] metadata.Hive: Total time spent in each metastore function (ms): {isCompatibleWith_(Configuration)=0, dropTable_(String, String, boolean, boolean, boolean)=40, getTable_(GetTableRequest)=6}
2024-04-24T01:10:39,823  INFO [main] ql.Driver: Completed executing command(queryId=alex_20240424011039_d75b4acb-cd0f-4a37-8227-4cc5294a8d54); Time taken: 0.047 seconds
2024-04-24T01:10:39,823  INFO [main] lockmgr.DbTxnManager: Stopped heartbeat for query: alex_20240424011039_d75b4acb-cd0f-4a37-8227-4cc5294a8d54
2024-04-24T01:10:39,826  INFO [main] txn.TxnHandler: Expected to move at least one record from txn_components to completed_txn_components when committing txn! txnid:18
2024-04-24T01:10:39,830  INFO [main] txn.TxnHandler: Removed transactions: ([18]) from MIN_HISTORY_LEVEL
2024-04-24T01:10:39,830  WARN [main] txn.CompactionTxnHandler: No compaction queue record found for Compaction type transaction commit. txnId:18
2024-04-24T01:10:39,831  INFO [main] ql.TxnCommandsBaseForTests: Running the query: drop table if exists acidTbl2
2024-04-24T01:10:39,831  INFO [main] ql.Driver: Compiling command(queryId=alex_20240424011039_9d37ec69-2170-43d1-9f7e-71b39cc7fff8): drop table if exists acidTbl2
2024-04-24T01:10:39,833  INFO [main] txn.TxnHandler: Added entries to MIN_HISTORY_LEVEL for current txns: ([19]) with min_open_txn: 17
2024-04-24T01:10:39,833  INFO [main] lockmgr.DbTxnManager: Opened txnid:19
2024-04-24T01:10:39,834  INFO [main] ql.Driver: Semantic Analysis Completed (retrial = false)
2024-04-24T01:10:39,834  INFO [main] ql.Driver: Created Hive schema: Schema(fieldSchemas:null, properties:null)
2024-04-24T01:10:39,834  INFO [main] metadata.Hive: Dumping metastore api call timing information for : compilation phase
2024-04-24T01:10:39,834  INFO [main] metadata.Hive: Total time spent in each metastore function (ms): {getTable_(GetTableRequest)=0, getValidTxns_(long)=1, flushCache_()=0, openTxn_(String, TxnType)=1, isCompatibleWith_(Configuration)=0, commitTxn_(CommitTxnRequest)=8}
2024-04-24T01:10:39,834  INFO [main] ql.Driver: Completed compiling command(queryId=alex_20240424011039_9d37ec69-2170-43d1-9f7e-71b39cc7fff8); Time taken: 0.003 seconds
2024-04-24T01:10:39,834  INFO [main] lockmgr.DbTxnManager: Setting lock request transaction to txnid:19 for queryId=alex_20240424011039_9d37ec69-2170-43d1-9f7e-71b39cc7fff8
2024-04-24T01:10:39,834  INFO [main] ql.Driver: Operation DROPTABLE obtained 0 locks
2024-04-24T01:10:39,834  INFO [main] ql.Driver: Executing command(queryId=alex_20240424011039_9d37ec69-2170-43d1-9f7e-71b39cc7fff8): drop table if exists acidTbl2
2024-04-24T01:10:39,835  INFO [main] ql.Driver: Starting task [Stage-0:DDL] in serial mode
2024-04-24T01:10:39,835  INFO [main] metadata.SessionHiveMetaStoreClient: Column stats doesn't exist for db=default temp table=acidTbl2
2024-04-24T01:10:39,835  INFO [main] metadata.Hive: Dumping metastore api call timing information for : execution phase
2024-04-24T01:10:39,835  INFO [main] metadata.Hive: Total time spent in each metastore function (ms): {getTable_(GetTableRequest)=0, dropTable_(String, String, boolean, boolean, boolean)=0, isCompatibleWith_(Configuration)=0}
2024-04-24T01:10:39,835  INFO [main] ql.Driver: Completed executing command(queryId=alex_20240424011039_9d37ec69-2170-43d1-9f7e-71b39cc7fff8); Time taken: 0.001 seconds
2024-04-24T01:10:39,836  INFO [main] lockmgr.DbTxnManager: Stopped heartbeat for query: alex_20240424011039_9d37ec69-2170-43d1-9f7e-71b39cc7fff8
2024-04-24T01:10:39,839  INFO [main] txn.TxnHandler: Expected to move at least one record from txn_components to completed_txn_components when committing txn! txnid:19
2024-04-24T01:10:39,843  INFO [main] txn.TxnHandler: Removed transactions: ([19]) from MIN_HISTORY_LEVEL
2024-04-24T01:10:39,843  WARN [main] txn.CompactionTxnHandler: No compaction queue record found for Compaction type transaction commit. txnId:19
2024-04-24T01:10:39,844  INFO [main] ql.TxnCommandsBaseForTests: Running the query: drop table if exists nonAcidOrcTbl
2024-04-24T01:10:39,844  INFO [main] ql.Driver: Compiling command(queryId=alex_20240424011039_7a69328c-c296-4662-bcaa-51dd2236e0f4): drop table if exists nonAcidOrcTbl
2024-04-24T01:10:39,846  INFO [main] txn.TxnHandler: Added entries to MIN_HISTORY_LEVEL for current txns: ([20]) with min_open_txn: 17
2024-04-24T01:10:39,847  INFO [main] lockmgr.DbTxnManager: Opened txnid:20
2024-04-24T01:10:39,847  INFO [main] HiveMetaStore.audit: ugi=alex	ip=unknown-ip-addr	cmd=get_table : tbl=hive.default.nonAcidOrcTbl	
2024-04-24T01:10:39,864  INFO [main] metastore.HMSHandler: Skipping translation for processor with null
2024-04-24T01:10:39,864  INFO [main] ql.Driver: Semantic Analysis Completed (retrial = false)
2024-04-24T01:10:39,864  INFO [main] ql.Driver: Created Hive schema: Schema(fieldSchemas:null, properties:null)
2024-04-24T01:10:39,864  INFO [main] metadata.Hive: Dumping metastore api call timing information for : compilation phase
2024-04-24T01:10:39,865  INFO [main] metadata.Hive: Total time spent in each metastore function (ms): {getValidTxns_(long)=0, getTable_(GetTableRequest)=17, commitTxn_(CommitTxnRequest)=8, isCompatibleWith_(Configuration)=0, openTxn_(String, TxnType)=3, flushCache_()=0}
2024-04-24T01:10:39,865  INFO [main] ql.Driver: Completed compiling command(queryId=alex_20240424011039_7a69328c-c296-4662-bcaa-51dd2236e0f4); Time taken: 0.02 seconds
2024-04-24T01:10:39,865  INFO [main] lockmgr.DbTxnManager: Setting lock request transaction to txnid:20 for queryId=alex_20240424011039_7a69328c-c296-4662-bcaa-51dd2236e0f4
2024-04-24T01:10:39,866  INFO [main] lockmgr.DbLockManager: Requesting lock for queryId=alex_20240424011039_7a69328c-c296-4662-bcaa-51dd2236e0f4
2024-04-24T01:10:39,877  INFO [main] lockmgr.DbLockManager: Response to queryId=alex_20240424011039_7a69328c-c296-4662-bcaa-51dd2236e0f4 LockResponse(lockid:13, state:ACQUIRED)
2024-04-24T01:10:39,877  INFO [main] ql.Driver: Operation DROPTABLE obtained 1 locks
2024-04-24T01:10:39,877  INFO [main] ql.Driver: Executing command(queryId=alex_20240424011039_7a69328c-c296-4662-bcaa-51dd2236e0f4): drop table if exists nonAcidOrcTbl
2024-04-24T01:10:39,877  INFO [main] ql.Driver: Starting task [Stage-0:DDL] in serial mode
2024-04-24T01:10:39,877  INFO [main] HiveMetaStore.audit: ugi=alex	ip=unknown-ip-addr	cmd=get_table : tbl=hive.default.nonAcidOrcTbl	
2024-04-24T01:10:39,885  INFO [main] metastore.HMSHandler: Skipping translation for processor with null
2024-04-24T01:10:39,885  INFO [main] HiveMetaStore.audit: ugi=alex	ip=unknown-ip-addr	cmd=get_table : tbl=hive.default.nonAcidOrcTbl	
2024-04-24T01:10:39,893  INFO [main] metastore.HMSHandler: Skipping translation for processor with null
2024-04-24T01:10:39,893  INFO [main] HiveMetaStore.audit: ugi=alex	ip=unknown-ip-addr	cmd=drop_table : tbl=hive.default.nonAcidOrcTbl	
2024-04-24T01:10:39,941  INFO [main] metadata.Hive: Dumping metastore api call timing information for : execution phase
2024-04-24T01:10:39,942  INFO [main] metadata.Hive: Total time spent in each metastore function (ms): {getTable_(GetTableRequest)=8, dropTable_(String, String, boolean, boolean, boolean)=56, isCompatibleWith_(Configuration)=0}
2024-04-24T01:10:39,942  INFO [main] ql.Driver: Completed executing command(queryId=alex_20240424011039_7a69328c-c296-4662-bcaa-51dd2236e0f4); Time taken: 0.064 seconds
2024-04-24T01:10:39,942  INFO [main] lockmgr.DbTxnManager: Stopped heartbeat for query: alex_20240424011039_7a69328c-c296-4662-bcaa-51dd2236e0f4
2024-04-24T01:10:39,945  INFO [main] txn.TxnHandler: Expected to move at least one record from txn_components to completed_txn_components when committing txn! txnid:20
2024-04-24T01:10:39,949  INFO [main] txn.TxnHandler: Removed transactions: ([20]) from MIN_HISTORY_LEVEL
2024-04-24T01:10:39,949  WARN [main] txn.CompactionTxnHandler: No compaction queue record found for Compaction type transaction commit. txnId:20
2024-04-24T01:10:39,950  INFO [main] ql.TxnCommandsBaseForTests: Running the query: drop table if exists nonAcidOrcTbl2
2024-04-24T01:10:39,950  INFO [main] ql.Driver: Compiling command(queryId=alex_20240424011039_66338aea-c93f-4963-bceb-a11b7ce45f78): drop table if exists nonAcidOrcTbl2
2024-04-24T01:10:39,952  INFO [main] txn.TxnHandler: Added entries to MIN_HISTORY_LEVEL for current txns: ([21]) with min_open_txn: 17
2024-04-24T01:10:39,952  INFO [main] lockmgr.DbTxnManager: Opened txnid:21
2024-04-24T01:10:39,953  INFO [main] HiveMetaStore.audit: ugi=alex	ip=unknown-ip-addr	cmd=get_table : tbl=hive.default.nonAcidOrcTbl2	
2024-04-24T01:10:39,960  INFO [main] metastore.HMSHandler: Skipping translation for processor with null
2024-04-24T01:10:39,961  INFO [main] ql.Driver: Semantic Analysis Completed (retrial = false)
2024-04-24T01:10:39,961  INFO [main] ql.Driver: Created Hive schema: Schema(fieldSchemas:null, properties:null)
2024-04-24T01:10:39,961  INFO [main] metadata.Hive: Dumping metastore api call timing information for : compilation phase
2024-04-24T01:10:39,961  INFO [main] metadata.Hive: Total time spent in each metastore function (ms): {getValidTxns_(long)=1, openTxn_(String, TxnType)=1, commitTxn_(CommitTxnRequest)=8, getTable_(GetTableRequest)=8, isCompatibleWith_(Configuration)=0, flushCache_()=0}
2024-04-24T01:10:39,961  INFO [main] ql.Driver: Completed compiling command(queryId=alex_20240424011039_66338aea-c93f-4963-bceb-a11b7ce45f78); Time taken: 0.011 seconds
2024-04-24T01:10:39,961  INFO [main] lockmgr.DbTxnManager: Setting lock request transaction to txnid:21 for queryId=alex_20240424011039_66338aea-c93f-4963-bceb-a11b7ce45f78
2024-04-24T01:10:39,962  INFO [main] lockmgr.DbLockManager: Requesting lock for queryId=alex_20240424011039_66338aea-c93f-4963-bceb-a11b7ce45f78
2024-04-24T01:10:39,974  INFO [main] lockmgr.DbLockManager: Response to queryId=alex_20240424011039_66338aea-c93f-4963-bceb-a11b7ce45f78 LockResponse(lockid:14, state:ACQUIRED)
2024-04-24T01:10:39,974  INFO [main] ql.Driver: Operation DROPTABLE obtained 1 locks
2024-04-24T01:10:39,974  INFO [main] ql.Driver: Executing command(queryId=alex_20240424011039_66338aea-c93f-4963-bceb-a11b7ce45f78): drop table if exists nonAcidOrcTbl2
2024-04-24T01:10:39,974  INFO [main] ql.Driver: Starting task [Stage-0:DDL] in serial mode
2024-04-24T01:10:39,975  INFO [main] HiveMetaStore.audit: ugi=alex	ip=unknown-ip-addr	cmd=get_table : tbl=hive.default.nonAcidOrcTbl2	
2024-04-24T01:10:39,983  INFO [main] metastore.HMSHandler: Skipping translation for processor with null
2024-04-24T01:10:39,983  INFO [main] HiveMetaStore.audit: ugi=alex	ip=unknown-ip-addr	cmd=get_table : tbl=hive.default.nonAcidOrcTbl2	
2024-04-24T01:10:39,990  INFO [main] metastore.HMSHandler: Skipping translation for processor with null
2024-04-24T01:10:39,991  INFO [main] HiveMetaStore.audit: ugi=alex	ip=unknown-ip-addr	cmd=drop_table : tbl=hive.default.nonAcidOrcTbl2	
2024-04-24T01:10:40,020  INFO [main] metadata.Hive: Dumping metastore api call timing information for : execution phase
2024-04-24T01:10:40,020  INFO [main] metadata.Hive: Total time spent in each metastore function (ms): {dropTable_(String, String, boolean, boolean, boolean)=37, getTable_(GetTableRequest)=9, isCompatibleWith_(Configuration)=0}
2024-04-24T01:10:40,020  INFO [main] ql.Driver: Completed executing command(queryId=alex_20240424011039_66338aea-c93f-4963-bceb-a11b7ce45f78); Time taken: 0.046 seconds
2024-04-24T01:10:40,020  INFO [main] lockmgr.DbTxnManager: Stopped heartbeat for query: alex_20240424011039_66338aea-c93f-4963-bceb-a11b7ce45f78
2024-04-24T01:10:40,023  INFO [main] txn.TxnHandler: Expected to move at least one record from txn_components to completed_txn_components when committing txn! txnid:21
2024-04-24T01:10:40,029  INFO [main] txn.TxnHandler: Removed transactions: ([21]) from MIN_HISTORY_LEVEL
2024-04-24T01:10:40,029  WARN [main] txn.CompactionTxnHandler: No compaction queue record found for Compaction type transaction commit. txnId:21
2024-04-24T01:10:40,029  INFO [main] ql.TxnCommandsBaseForTests: Running the query: drop table if exists nonAcidNonBucket
2024-04-24T01:10:40,030  INFO [main] ql.Driver: Compiling command(queryId=alex_20240424011040_5298c0c9-5d12-4ace-97a7-ffa2b2151dce): drop table if exists nonAcidNonBucket
2024-04-24T01:10:40,032  INFO [main] txn.TxnHandler: Added entries to MIN_HISTORY_LEVEL for current txns: ([22]) with min_open_txn: 17
2024-04-24T01:10:40,032  INFO [main] lockmgr.DbTxnManager: Opened txnid:22
2024-04-24T01:10:40,033  INFO [main] HiveMetaStore.audit: ugi=alex	ip=unknown-ip-addr	cmd=get_table : tbl=hive.default.nonAcidNonBucket	
2024-04-24T01:10:40,041  INFO [main] metastore.HMSHandler: Skipping translation for processor with null
2024-04-24T01:10:40,041  INFO [main] ql.Driver: Semantic Analysis Completed (retrial = false)
2024-04-24T01:10:40,041  INFO [main] ql.Driver: Created Hive schema: Schema(fieldSchemas:null, properties:null)
2024-04-24T01:10:40,041  INFO [main] metadata.Hive: Dumping metastore api call timing information for : compilation phase
2024-04-24T01:10:40,042  INFO [main] metadata.Hive: Total time spent in each metastore function (ms): {flushCache_()=0, isCompatibleWith_(Configuration)=0, getTable_(GetTableRequest)=8, commitTxn_(CommitTxnRequest)=9, getValidTxns_(long)=1, openTxn_(String, TxnType)=2}
2024-04-24T01:10:40,042  INFO [main] ql.Driver: Completed compiling command(queryId=alex_20240424011040_5298c0c9-5d12-4ace-97a7-ffa2b2151dce); Time taken: 0.011 seconds
2024-04-24T01:10:40,042  INFO [main] lockmgr.DbTxnManager: Setting lock request transaction to txnid:22 for queryId=alex_20240424011040_5298c0c9-5d12-4ace-97a7-ffa2b2151dce
2024-04-24T01:10:40,043  INFO [main] lockmgr.DbLockManager: Requesting lock for queryId=alex_20240424011040_5298c0c9-5d12-4ace-97a7-ffa2b2151dce
2024-04-24T01:10:40,055  INFO [main] lockmgr.DbLockManager: Response to queryId=alex_20240424011040_5298c0c9-5d12-4ace-97a7-ffa2b2151dce LockResponse(lockid:15, state:ACQUIRED)
2024-04-24T01:10:40,055  INFO [main] ql.Driver: Operation DROPTABLE obtained 1 locks
2024-04-24T01:10:40,056  INFO [main] ql.Driver: Executing command(queryId=alex_20240424011040_5298c0c9-5d12-4ace-97a7-ffa2b2151dce): drop table if exists nonAcidNonBucket
2024-04-24T01:10:40,056  INFO [main] ql.Driver: Starting task [Stage-0:DDL] in serial mode
2024-04-24T01:10:40,056  INFO [main] HiveMetaStore.audit: ugi=alex	ip=unknown-ip-addr	cmd=get_table : tbl=hive.default.nonAcidNonBucket	
2024-04-24T01:10:40,064  INFO [main] metastore.HMSHandler: Skipping translation for processor with null
2024-04-24T01:10:40,064  INFO [main] HiveMetaStore.audit: ugi=alex	ip=unknown-ip-addr	cmd=get_table : tbl=hive.default.nonAcidNonBucket	
2024-04-24T01:10:40,072  INFO [main] metastore.HMSHandler: Skipping translation for processor with null
2024-04-24T01:10:40,073  INFO [main] HiveMetaStore.audit: ugi=alex	ip=unknown-ip-addr	cmd=drop_table : tbl=hive.default.nonAcidNonBucket	
2024-04-24T01:10:40,102  INFO [main] metadata.Hive: Dumping metastore api call timing information for : execution phase
2024-04-24T01:10:40,102  INFO [main] metadata.Hive: Total time spent in each metastore function (ms): {dropTable_(String, String, boolean, boolean, boolean)=38, getTable_(GetTableRequest)=8, isCompatibleWith_(Configuration)=0}
2024-04-24T01:10:40,103  INFO [main] ql.Driver: Completed executing command(queryId=alex_20240424011040_5298c0c9-5d12-4ace-97a7-ffa2b2151dce); Time taken: 0.046 seconds
2024-04-24T01:10:40,103  INFO [main] lockmgr.DbTxnManager: Stopped heartbeat for query: alex_20240424011040_5298c0c9-5d12-4ace-97a7-ffa2b2151dce
2024-04-24T01:10:40,106  INFO [main] txn.TxnHandler: Expected to move at least one record from txn_components to completed_txn_components when committing txn! txnid:22
2024-04-24T01:10:40,111  INFO [main] txn.TxnHandler: Removed transactions: ([22]) from MIN_HISTORY_LEVEL
2024-04-24T01:10:40,111  WARN [main] txn.CompactionTxnHandler: No compaction queue record found for Compaction type transaction commit. txnId:22
2024-04-24T01:10:40,112  INFO [main] utils.TestTxnDbUtil: Cleaning transactional tables
]]></system-err>
  </testcase>
  <testcase name="testReadMyOwnInsert" classname="org.apache.hadoop.hive.ql.TestTxnCommandsWithSplitUpdateAndVectorization" time="5.555"/>
  <testcase name="testAddAndDropPartitionAdvancingWriteIds" classname="org.apache.hadoop.hive.ql.TestTxnCommandsWithSplitUpdateAndVectorization" time="1.45"/>
  <testcase name="testImplicitRollback" classname="org.apache.hadoop.hive.ql.TestTxnCommandsWithSplitUpdateAndVectorization" time="5.573"/>
  <testcase name="testTruncateWithBase" classname="org.apache.hadoop.hive.ql.TestTxnCommandsWithSplitUpdateAndVectorization" time="3.012"/>
  <testcase name="exchangePartition" classname="org.apache.hadoop.hive.ql.TestTxnCommandsWithSplitUpdateAndVectorization" time="1.529"/>
  <testcase name="testTruncateWithBaseOnePartition" classname="org.apache.hadoop.hive.ql.TestTxnCommandsWithSplitUpdateAndVectorization" time="4.699"/>
  <testcase name="testParallelInsertAnalyzeStats" classname="org.apache.hadoop.hive.ql.TestTxnCommandsWithSplitUpdateAndVectorization" time="9.518"/>
  <testcase name="testDDLsAdvancingWriteIds" classname="org.apache.hadoop.hive.ql.TestTxnCommandsWithSplitUpdateAndVectorization" time="4.528"/>
  <testcase name="testTruncateWithBaseAllPartition" classname="org.apache.hadoop.hive.ql.TestTxnCommandsWithSplitUpdateAndVectorization" time="4.806"/>
  <testcase name="testTimeOutReaper" classname="org.apache.hadoop.hive.ql.TestTxnCommandsWithSplitUpdateAndVectorization" time="3.309">
    <failure type="java.lang.AssertionError"><![CDATA[java.lang.AssertionError: Actual: FAILED: NoMatchingMethodException No matching method for class org.apache.hadoop.hive.ql.udf.UDFToInteger with (struct<writeid:bigint,bucketid:int,rowid:bigint>). Possible choices: _FUNC_(bigint)  _FUNC_(boolean)  _FUNC_(decimal(38,18))  _FUNC_(double)  _FUNC_(float)  _FUNC_(smallint)  _FUNC_(string)  _FUNC_(struct<rowid:bigint,writeid:bigint,bucketid:int>)  _FUNC_(timestamp)  _FUNC_(tinyint)  _FUNC_(void)  
	at org.junit.Assert.fail(Assert.java:89)
	at org.junit.Assert.assertTrue(Assert.java:42)
	at org.apache.hadoop.hive.ql.TestTxnCommands.testTimeOutReaper(TestTxnCommands.java:954)
	at sun.reflect.NativeMethodAccessorImpl.invoke0(Native Method)
	at sun.reflect.NativeMethodAccessorImpl.invoke(NativeMethodAccessorImpl.java:62)
	at sun.reflect.DelegatingMethodAccessorImpl.invoke(DelegatingMethodAccessorImpl.java:43)
	at java.lang.reflect.Method.invoke(Method.java:498)
	at org.junit.runners.model.FrameworkMethod$1.runReflectiveCall(FrameworkMethod.java:59)
	at org.junit.internal.runners.model.ReflectiveCallable.run(ReflectiveCallable.java:12)
	at org.junit.runners.model.FrameworkMethod.invokeExplosively(FrameworkMethod.java:56)
	at org.junit.internal.runners.statements.InvokeMethod.evaluate(InvokeMethod.java:17)
	at org.junit.internal.runners.statements.RunBefores.evaluate(RunBefores.java:26)
	at org.junit.internal.runners.statements.RunAfters.evaluate(RunAfters.java:27)
	at org.junit.rules.TestWatcher$1.evaluate(TestWatcher.java:61)
	at org.junit.runners.ParentRunner$3.evaluate(ParentRunner.java:306)
	at org.junit.runners.BlockJUnit4ClassRunner$1.evaluate(BlockJUnit4ClassRunner.java:100)
	at org.junit.runners.ParentRunner.runLeaf(ParentRunner.java:366)
	at org.junit.runners.BlockJUnit4ClassRunner.runChild(BlockJUnit4ClassRunner.java:103)
	at org.junit.runners.BlockJUnit4ClassRunner.runChild(BlockJUnit4ClassRunner.java:63)
	at org.junit.runners.ParentRunner$4.run(ParentRunner.java:331)
	at org.junit.runners.ParentRunner$1.schedule(ParentRunner.java:79)
	at org.junit.runners.ParentRunner.runChildren(ParentRunner.java:329)
	at org.junit.runners.ParentRunner.access$100(ParentRunner.java:66)
	at org.junit.runners.ParentRunner$2.evaluate(ParentRunner.java:293)
	at org.junit.runners.ParentRunner$3.evaluate(ParentRunner.java:306)
	at org.junit.runners.ParentRunner.run(ParentRunner.java:413)
	at org.junit.runner.JUnitCore.run(JUnitCore.java:137)
	at org.junit.runner.JUnitCore.run(JUnitCore.java:115)
	at org.junit.vintage.engine.execution.RunnerExecutor.execute(RunnerExecutor.java:43)
	at java.util.stream.ForEachOps$ForEachOp$OfRef.accept(ForEachOps.java:183)
	at java.util.stream.ReferencePipeline$3$1.accept(ReferencePipeline.java:193)
	at java.util.Iterator.forEachRemaining(Iterator.java:116)
	at java.util.Spliterators$IteratorSpliterator.forEachRemaining(Spliterators.java:1801)
	at java.util.stream.AbstractPipeline.copyInto(AbstractPipeline.java:482)
	at java.util.stream.AbstractPipeline.wrapAndCopyInto(AbstractPipeline.java:472)
	at java.util.stream.ForEachOps$ForEachOp.evaluateSequential(ForEachOps.java:150)
	at java.util.stream.ForEachOps$ForEachOp$OfRef.evaluateSequential(ForEachOps.java:173)
	at java.util.stream.AbstractPipeline.evaluate(AbstractPipeline.java:234)
	at java.util.stream.ReferencePipeline.forEach(ReferencePipeline.java:485)
	at org.junit.vintage.engine.VintageTestEngine.executeAllChildren(VintageTestEngine.java:82)
	at org.junit.vintage.engine.VintageTestEngine.execute(VintageTestEngine.java:73)
	at org.junit.platform.launcher.core.DefaultLauncher.execute(DefaultLauncher.java:248)
	at org.junit.platform.launcher.core.DefaultLauncher.lambda$execute$5(DefaultLauncher.java:211)
	at org.junit.platform.launcher.core.DefaultLauncher.withInterceptedStreams(DefaultLauncher.java:226)
	at org.junit.platform.launcher.core.DefaultLauncher.execute(DefaultLauncher.java:199)
	at org.junit.platform.launcher.core.DefaultLauncher.execute(DefaultLauncher.java:132)
	at org.apache.maven.surefire.junitplatform.JUnitPlatformProvider.invokeAllTests(JUnitPlatformProvider.java:154)
	at org.apache.maven.surefire.junitplatform.JUnitPlatformProvider.invoke(JUnitPlatformProvider.java:123)
	at org.apache.maven.surefire.booter.ForkedBooter.runSuitesInProcess(ForkedBooter.java:377)
	at org.apache.maven.surefire.booter.ForkedBooter.execute(ForkedBooter.java:138)
	at org.apache.maven.surefire.booter.ForkedBooter.run(ForkedBooter.java:465)
	at org.apache.maven.surefire.booter.ForkedBooter.main(ForkedBooter.java:451)
]]></failure>
    <system-err><![CDATA[2024-04-24T01:11:20,839  WARN [main] conf.HiveConf: HiveConf of name hive.dummyparam.test.server.specific.config.hivesite does not exist
2024-04-24T01:11:20,839  WARN [main] conf.HiveConf: HiveConf of name hive.metastore.metadb.dir does not exist
2024-04-24T01:11:20,839  WARN [main] conf.HiveConf: HiveConf of name hive.metastore.client.cache.recordStats does not exist
2024-04-24T01:11:20,839  WARN [main] conf.HiveConf: HiveConf of name hive.llap.io.cache.orc.arena.size does not exist
2024-04-24T01:11:20,839  WARN [main] conf.HiveConf: HiveConf of name hive.dummyparam.test.server.specific.config.override does not exist
2024-04-24T01:11:20,839  WARN [main] conf.HiveConf: HiveConf of name hive.llap.io.cache.orc.alloc.min does not exist
2024-04-24T01:11:20,839  WARN [main] conf.HiveConf: HiveConf of name hive.stats.key.prefix.reserve.length does not exist
2024-04-24T01:11:20,839  WARN [main] conf.HiveConf: HiveConf of name hive.dummyparam.test.server.specific.config.metastoresite does not exist
2024-04-24T01:11:20,839  WARN [main] conf.HiveConf: HiveConf of name hive.llap.io.cache.orc.size does not exist
2024-04-24T01:11:20,839  WARN [main] conf.HiveConf: HiveConf of name hive.metastore.client.cache.maxSize does not exist
2024-04-24T01:11:20,839  WARN [main] conf.HiveConf: HiveConf of name hive.llap.io.cache.orc.alloc.max does not exist
2024-04-24T01:11:20,842  INFO [main] utils.TestTxnDbUtil: Creating transactional tables
Hive Session ID = 5b4ad0e1-d072-42a7-ab19-a31a079f67bb
2024-04-24T01:11:20,844  INFO [main] SessionState: Hive Session ID = 5b4ad0e1-d072-42a7-ab19-a31a079f67bb
ivysettings.xml file not found in HIVE_HOME or HIVE_CONF_DIR,/home/alex/Repositories/hive/conf/ivysettings.xml will be used
2024-04-24T01:11:20,845  INFO [main] DependencyResolver: ivysettings.xml file not found in HIVE_HOME or HIVE_CONF_DIR,/home/alex/Repositories/hive/conf/ivysettings.xml will be used
2024-04-24T01:11:20,850  INFO [main] session.SessionState: Created HDFS directory: /home/alex/Repositories/hive/ql/target/tmp/scratchdir/alex/5b4ad0e1-d072-42a7-ab19-a31a079f67bb
2024-04-24T01:11:20,852  INFO [main] session.SessionState: Created local directory: /home/alex/Repositories/hive/ql/target/tmp/localscratchdir/5b4ad0e1-d072-42a7-ab19-a31a079f67bb
2024-04-24T01:11:20,855  INFO [main] session.SessionState: Created HDFS directory: /home/alex/Repositories/hive/ql/target/tmp/scratchdir/alex/5b4ad0e1-d072-42a7-ab19-a31a079f67bb/_tmp_space.db
2024-04-24T01:11:20,855  INFO [main] sqlstd.SQLStdHiveAccessController: Created SQLStdHiveAccessController for session context : HiveAuthzSessionContext [sessionString=5b4ad0e1-d072-42a7-ab19-a31a079f67bb, clientType=HIVECLI]
2024-04-24T01:11:20,855  INFO [main] ql.TxnCommandsBaseForTests: Running the query: drop table if exists acidTbl
2024-04-24T01:11:20,856  INFO [main] ql.Driver: Compiling command(queryId=alex_20240424011120_0f24c39d-05b0-4616-b967-e52a5e32c43c): drop table if exists acidTbl
2024-04-24T01:11:20,863  INFO [main] txn.TxnHandler: Added entries to MIN_HISTORY_LEVEL for current txns: ([1]) with min_open_txn: 1
2024-04-24T01:11:20,864  INFO [main] lockmgr.DbTxnManager: Opened txnid:1
2024-04-24T01:11:20,866  INFO [main] HiveMetaStore.audit: ugi=alex	ip=unknown-ip-addr	cmd=get_table : tbl=hive.default.acidTbl	
2024-04-24T01:11:20,869  INFO [main] ql.Driver: Semantic Analysis Completed (retrial = false)
2024-04-24T01:11:20,869  INFO [main] ql.Driver: Created Hive schema: Schema(fieldSchemas:null, properties:null)
2024-04-24T01:11:20,869  INFO [main] metadata.Hive: Dumping metastore api call timing information for : compilation phase
2024-04-24T01:11:20,869  INFO [main] metadata.Hive: Total time spent in each metastore function (ms): {getValidTxns_(long)=2, commitTxn_(CommitTxnRequest)=9, isCompatibleWith_(Configuration)=0, flushCache_()=0, openTxn_(String, TxnType)=8}
2024-04-24T01:11:20,869  INFO [main] ql.Driver: Completed compiling command(queryId=alex_20240424011120_0f24c39d-05b0-4616-b967-e52a5e32c43c); Time taken: 0.013 seconds
2024-04-24T01:11:20,869  INFO [main] lockmgr.DbTxnManager: Setting lock request transaction to txnid:1 for queryId=alex_20240424011120_0f24c39d-05b0-4616-b967-e52a5e32c43c
2024-04-24T01:11:20,869  INFO [main] ql.Driver: Operation DROPTABLE obtained 0 locks
2024-04-24T01:11:20,869  INFO [main] ql.Driver: Executing command(queryId=alex_20240424011120_0f24c39d-05b0-4616-b967-e52a5e32c43c): drop table if exists acidTbl
2024-04-24T01:11:20,870  INFO [main] ql.Driver: Starting task [Stage-0:DDL] in serial mode
2024-04-24T01:11:20,870  INFO [main] HiveMetaStore.audit: ugi=alex	ip=unknown-ip-addr	cmd=get_table : tbl=hive.default.acidTbl	
2024-04-24T01:11:20,872  INFO [main] metadata.Hive: Dumping metastore api call timing information for : execution phase
2024-04-24T01:11:20,873  INFO [main] metadata.Hive: Total time spent in each metastore function (ms): {isCompatibleWith_(Configuration)=0}
2024-04-24T01:11:20,873  INFO [main] ql.Driver: Completed executing command(queryId=alex_20240424011120_0f24c39d-05b0-4616-b967-e52a5e32c43c); Time taken: 0.003 seconds
2024-04-24T01:11:20,873  INFO [main] lockmgr.DbTxnManager: Stopped heartbeat for query: alex_20240424011120_0f24c39d-05b0-4616-b967-e52a5e32c43c
2024-04-24T01:11:20,879  INFO [main] txn.TxnHandler: Expected to move at least one record from txn_components to completed_txn_components when committing txn! txnid:1
2024-04-24T01:11:20,884  INFO [main] txn.TxnHandler: Removed transactions: ([1]) from MIN_HISTORY_LEVEL
2024-04-24T01:11:20,885  WARN [main] txn.CompactionTxnHandler: No compaction queue record found for Compaction type transaction commit. txnId:1
2024-04-24T01:11:20,885  INFO [main] ql.TxnCommandsBaseForTests: Running the query: drop table if exists acidTblPart
2024-04-24T01:11:20,885  INFO [main] ql.Driver: Compiling command(queryId=alex_20240424011120_d8ec8cb7-7709-49c8-8682-45328e74bae1): drop table if exists acidTblPart
2024-04-24T01:11:20,887  INFO [main] txn.TxnHandler: Added entries to MIN_HISTORY_LEVEL for current txns: ([2]) with min_open_txn: 1
2024-04-24T01:11:20,888  INFO [main] lockmgr.DbTxnManager: Opened txnid:2
2024-04-24T01:11:20,888  INFO [main] HiveMetaStore.audit: ugi=alex	ip=unknown-ip-addr	cmd=get_table : tbl=hive.default.acidTblPart	
2024-04-24T01:11:20,890  INFO [main] ql.Driver: Semantic Analysis Completed (retrial = false)
2024-04-24T01:11:20,890  INFO [main] ql.Driver: Created Hive schema: Schema(fieldSchemas:null, properties:null)
2024-04-24T01:11:20,891  INFO [main] metadata.Hive: Dumping metastore api call timing information for : compilation phase
2024-04-24T01:11:20,891  INFO [main] metadata.Hive: Total time spent in each metastore function (ms): {openTxn_(String, TxnType)=2, getValidTxns_(long)=0, flushCache_()=0, isCompatibleWith_(Configuration)=0, commitTxn_(CommitTxnRequest)=12}
2024-04-24T01:11:20,891  INFO [main] ql.Driver: Completed compiling command(queryId=alex_20240424011120_d8ec8cb7-7709-49c8-8682-45328e74bae1); Time taken: 0.006 seconds
2024-04-24T01:11:20,891  INFO [main] lockmgr.DbTxnManager: Setting lock request transaction to txnid:2 for queryId=alex_20240424011120_d8ec8cb7-7709-49c8-8682-45328e74bae1
2024-04-24T01:11:20,891  INFO [main] ql.Driver: Operation DROPTABLE obtained 0 locks
2024-04-24T01:11:20,891  INFO [main] ql.Driver: Executing command(queryId=alex_20240424011120_d8ec8cb7-7709-49c8-8682-45328e74bae1): drop table if exists acidTblPart
2024-04-24T01:11:20,891  INFO [main] ql.Driver: Starting task [Stage-0:DDL] in serial mode
2024-04-24T01:11:20,891  INFO [main] HiveMetaStore.audit: ugi=alex	ip=unknown-ip-addr	cmd=get_table : tbl=hive.default.acidTblPart	
2024-04-24T01:11:20,894  INFO [main] metadata.Hive: Dumping metastore api call timing information for : execution phase
2024-04-24T01:11:20,894  INFO [main] metadata.Hive: Total time spent in each metastore function (ms): {isCompatibleWith_(Configuration)=0}
2024-04-24T01:11:20,894  INFO [main] ql.Driver: Completed executing command(queryId=alex_20240424011120_d8ec8cb7-7709-49c8-8682-45328e74bae1); Time taken: 0.003 seconds
2024-04-24T01:11:20,894  INFO [main] lockmgr.DbTxnManager: Stopped heartbeat for query: alex_20240424011120_d8ec8cb7-7709-49c8-8682-45328e74bae1
2024-04-24T01:11:20,899  INFO [main] txn.TxnHandler: Expected to move at least one record from txn_components to completed_txn_components when committing txn! txnid:2
2024-04-24T01:11:20,904  INFO [main] txn.TxnHandler: Removed transactions: ([2]) from MIN_HISTORY_LEVEL
2024-04-24T01:11:20,904  WARN [main] txn.CompactionTxnHandler: No compaction queue record found for Compaction type transaction commit. txnId:2
2024-04-24T01:11:20,905  INFO [main] ql.TxnCommandsBaseForTests: Running the query: drop table if exists acidTbl2
2024-04-24T01:11:20,905  INFO [main] ql.Driver: Compiling command(queryId=alex_20240424011120_27751ed6-cf3a-46b3-bbc9-4b1480bda28c): drop table if exists acidTbl2
2024-04-24T01:11:20,907  INFO [main] txn.TxnHandler: Added entries to MIN_HISTORY_LEVEL for current txns: ([3]) with min_open_txn: 1
2024-04-24T01:11:20,907  INFO [main] lockmgr.DbTxnManager: Opened txnid:3
2024-04-24T01:11:20,908  INFO [main] HiveMetaStore.audit: ugi=alex	ip=unknown-ip-addr	cmd=get_table : tbl=hive.default.acidTbl2	
2024-04-24T01:11:20,910  INFO [main] ql.Driver: Semantic Analysis Completed (retrial = false)
2024-04-24T01:11:20,910  INFO [main] ql.Driver: Created Hive schema: Schema(fieldSchemas:null, properties:null)
2024-04-24T01:11:20,910  INFO [main] metadata.Hive: Dumping metastore api call timing information for : compilation phase
2024-04-24T01:11:20,911  INFO [main] metadata.Hive: Total time spent in each metastore function (ms): {isCompatibleWith_(Configuration)=2, commitTxn_(CommitTxnRequest)=11, flushCache_()=0, getValidTxns_(long)=0, openTxn_(String, TxnType)=1}
2024-04-24T01:11:20,911  INFO [main] ql.Driver: Completed compiling command(queryId=alex_20240424011120_27751ed6-cf3a-46b3-bbc9-4b1480bda28c); Time taken: 0.005 seconds
2024-04-24T01:11:20,911  INFO [main] lockmgr.DbTxnManager: Setting lock request transaction to txnid:3 for queryId=alex_20240424011120_27751ed6-cf3a-46b3-bbc9-4b1480bda28c
2024-04-24T01:11:20,911  INFO [main] ql.Driver: Operation DROPTABLE obtained 0 locks
2024-04-24T01:11:20,911  INFO [main] ql.Driver: Executing command(queryId=alex_20240424011120_27751ed6-cf3a-46b3-bbc9-4b1480bda28c): drop table if exists acidTbl2
2024-04-24T01:11:20,911  INFO [main] ql.Driver: Starting task [Stage-0:DDL] in serial mode
2024-04-24T01:11:20,912  INFO [main] HiveMetaStore.audit: ugi=alex	ip=unknown-ip-addr	cmd=get_table : tbl=hive.default.acidTbl2	
2024-04-24T01:11:20,914  INFO [main] metadata.Hive: Dumping metastore api call timing information for : execution phase
2024-04-24T01:11:20,914  INFO [main] metadata.Hive: Total time spent in each metastore function (ms): {isCompatibleWith_(Configuration)=0}
2024-04-24T01:11:20,914  INFO [main] ql.Driver: Completed executing command(queryId=alex_20240424011120_27751ed6-cf3a-46b3-bbc9-4b1480bda28c); Time taken: 0.003 seconds
2024-04-24T01:11:20,914  INFO [main] lockmgr.DbTxnManager: Stopped heartbeat for query: alex_20240424011120_27751ed6-cf3a-46b3-bbc9-4b1480bda28c
2024-04-24T01:11:20,919  INFO [main] txn.TxnHandler: Expected to move at least one record from txn_components to completed_txn_components when committing txn! txnid:3
2024-04-24T01:11:20,925  INFO [main] txn.TxnHandler: Removed transactions: ([3]) from MIN_HISTORY_LEVEL
2024-04-24T01:11:20,925  WARN [main] txn.CompactionTxnHandler: No compaction queue record found for Compaction type transaction commit. txnId:3
2024-04-24T01:11:20,926  INFO [main] ql.TxnCommandsBaseForTests: Running the query: drop table if exists nonAcidOrcTbl
2024-04-24T01:11:20,926  INFO [main] ql.Driver: Compiling command(queryId=alex_20240424011120_c6c48aaf-3c6f-456d-a87e-dffee765ce0e): drop table if exists nonAcidOrcTbl
2024-04-24T01:11:20,928  INFO [main] txn.TxnHandler: Added entries to MIN_HISTORY_LEVEL for current txns: ([4]) with min_open_txn: 1
2024-04-24T01:11:20,928  INFO [main] lockmgr.DbTxnManager: Opened txnid:4
2024-04-24T01:11:20,928  INFO [main] HiveMetaStore.audit: ugi=alex	ip=unknown-ip-addr	cmd=get_table : tbl=hive.default.nonAcidOrcTbl	
2024-04-24T01:11:20,931  INFO [main] ql.Driver: Semantic Analysis Completed (retrial = false)
2024-04-24T01:11:20,931  INFO [main] ql.Driver: Created Hive schema: Schema(fieldSchemas:null, properties:null)
2024-04-24T01:11:20,931  INFO [main] metadata.Hive: Dumping metastore api call timing information for : compilation phase
2024-04-24T01:11:20,931  INFO [main] metadata.Hive: Total time spent in each metastore function (ms): {openTxn_(String, TxnType)=2, getValidTxns_(long)=0, commitTxn_(CommitTxnRequest)=10, flushCache_()=0, isCompatibleWith_(Configuration)=0}
2024-04-24T01:11:20,931  INFO [main] ql.Driver: Completed compiling command(queryId=alex_20240424011120_c6c48aaf-3c6f-456d-a87e-dffee765ce0e); Time taken: 0.005 seconds
2024-04-24T01:11:20,931  INFO [main] lockmgr.DbTxnManager: Setting lock request transaction to txnid:4 for queryId=alex_20240424011120_c6c48aaf-3c6f-456d-a87e-dffee765ce0e
2024-04-24T01:11:20,932  INFO [main] ql.Driver: Operation DROPTABLE obtained 0 locks
2024-04-24T01:11:20,932  INFO [main] ql.Driver: Executing command(queryId=alex_20240424011120_c6c48aaf-3c6f-456d-a87e-dffee765ce0e): drop table if exists nonAcidOrcTbl
2024-04-24T01:11:20,932  INFO [main] ql.Driver: Starting task [Stage-0:DDL] in serial mode
2024-04-24T01:11:20,932  INFO [main] HiveMetaStore.audit: ugi=alex	ip=unknown-ip-addr	cmd=get_table : tbl=hive.default.nonAcidOrcTbl	
2024-04-24T01:11:20,934  INFO [main] metadata.Hive: Dumping metastore api call timing information for : execution phase
2024-04-24T01:11:20,934  INFO [main] metadata.Hive: Total time spent in each metastore function (ms): {isCompatibleWith_(Configuration)=0}
2024-04-24T01:11:20,935  INFO [main] ql.Driver: Completed executing command(queryId=alex_20240424011120_c6c48aaf-3c6f-456d-a87e-dffee765ce0e); Time taken: 0.002 seconds
2024-04-24T01:11:20,935  INFO [main] lockmgr.DbTxnManager: Stopped heartbeat for query: alex_20240424011120_c6c48aaf-3c6f-456d-a87e-dffee765ce0e
2024-04-24T01:11:20,939  INFO [main] txn.TxnHandler: Expected to move at least one record from txn_components to completed_txn_components when committing txn! txnid:4
2024-04-24T01:11:20,945  INFO [main] txn.TxnHandler: Removed transactions: ([4]) from MIN_HISTORY_LEVEL
2024-04-24T01:11:20,945  WARN [main] txn.CompactionTxnHandler: No compaction queue record found for Compaction type transaction commit. txnId:4
2024-04-24T01:11:20,945  INFO [main] ql.TxnCommandsBaseForTests: Running the query: drop table if exists nonAcidOrcTbl2
2024-04-24T01:11:20,945  INFO [main] ql.Driver: Compiling command(queryId=alex_20240424011120_ff9a769c-3251-45f9-9504-45d71bfdb585): drop table if exists nonAcidOrcTbl2
2024-04-24T01:11:20,948  INFO [main] txn.TxnHandler: Added entries to MIN_HISTORY_LEVEL for current txns: ([5]) with min_open_txn: 1
2024-04-24T01:11:20,949  INFO [main] lockmgr.DbTxnManager: Opened txnid:5
2024-04-24T01:11:20,949  INFO [main] HiveMetaStore.audit: ugi=alex	ip=unknown-ip-addr	cmd=get_table : tbl=hive.default.nonAcidOrcTbl2	
2024-04-24T01:11:20,952  INFO [main] ql.Driver: Semantic Analysis Completed (retrial = false)
2024-04-24T01:11:20,952  INFO [main] ql.Driver: Created Hive schema: Schema(fieldSchemas:null, properties:null)
2024-04-24T01:11:20,952  INFO [main] metadata.Hive: Dumping metastore api call timing information for : compilation phase
2024-04-24T01:11:20,952  INFO [main] metadata.Hive: Total time spent in each metastore function (ms): {isCompatibleWith_(Configuration)=0, flushCache_()=0, openTxn_(String, TxnType)=3, getValidTxns_(long)=0, commitTxn_(CommitTxnRequest)=10}
2024-04-24T01:11:20,952  INFO [main] ql.Driver: Completed compiling command(queryId=alex_20240424011120_ff9a769c-3251-45f9-9504-45d71bfdb585); Time taken: 0.007 seconds
2024-04-24T01:11:20,952  INFO [main] lockmgr.DbTxnManager: Setting lock request transaction to txnid:5 for queryId=alex_20240424011120_ff9a769c-3251-45f9-9504-45d71bfdb585
2024-04-24T01:11:20,952  INFO [main] ql.Driver: Operation DROPTABLE obtained 0 locks
2024-04-24T01:11:20,952  INFO [main] ql.Driver: Executing command(queryId=alex_20240424011120_ff9a769c-3251-45f9-9504-45d71bfdb585): drop table if exists nonAcidOrcTbl2
2024-04-24T01:11:20,953  INFO [main] ql.Driver: Starting task [Stage-0:DDL] in serial mode
2024-04-24T01:11:20,953  INFO [main] HiveMetaStore.audit: ugi=alex	ip=unknown-ip-addr	cmd=get_table : tbl=hive.default.nonAcidOrcTbl2	
2024-04-24T01:11:20,955  INFO [main] metadata.Hive: Dumping metastore api call timing information for : execution phase
2024-04-24T01:11:20,955  INFO [main] metadata.Hive: Total time spent in each metastore function (ms): {isCompatibleWith_(Configuration)=0}
2024-04-24T01:11:20,956  INFO [main] ql.Driver: Completed executing command(queryId=alex_20240424011120_ff9a769c-3251-45f9-9504-45d71bfdb585); Time taken: 0.003 seconds
2024-04-24T01:11:20,956  INFO [main] lockmgr.DbTxnManager: Stopped heartbeat for query: alex_20240424011120_ff9a769c-3251-45f9-9504-45d71bfdb585
2024-04-24T01:11:20,960  INFO [main] txn.TxnHandler: Expected to move at least one record from txn_components to completed_txn_components when committing txn! txnid:5
2024-04-24T01:11:20,966  INFO [main] txn.TxnHandler: Removed transactions: ([5]) from MIN_HISTORY_LEVEL
2024-04-24T01:11:20,966  WARN [main] txn.CompactionTxnHandler: No compaction queue record found for Compaction type transaction commit. txnId:5
2024-04-24T01:11:20,966  INFO [main] ql.TxnCommandsBaseForTests: Running the query: drop table if exists nonAcidNonBucket
2024-04-24T01:11:20,967  INFO [main] ql.Driver: Compiling command(queryId=alex_20240424011120_9d94cc90-3047-458f-824a-0728eab8fe77): drop table if exists nonAcidNonBucket
2024-04-24T01:11:20,969  INFO [main] txn.TxnHandler: Added entries to MIN_HISTORY_LEVEL for current txns: ([6]) with min_open_txn: 1
2024-04-24T01:11:20,969  INFO [main] lockmgr.DbTxnManager: Opened txnid:6
2024-04-24T01:11:20,970  INFO [main] HiveMetaStore.audit: ugi=alex	ip=unknown-ip-addr	cmd=get_table : tbl=hive.default.nonAcidNonBucket	
2024-04-24T01:11:20,972  INFO [main] ql.Driver: Semantic Analysis Completed (retrial = false)
2024-04-24T01:11:20,972  INFO [main] ql.Driver: Created Hive schema: Schema(fieldSchemas:null, properties:null)
2024-04-24T01:11:20,973  INFO [main] metadata.Hive: Dumping metastore api call timing information for : compilation phase
2024-04-24T01:11:20,973  INFO [main] metadata.Hive: Total time spent in each metastore function (ms): {commitTxn_(CommitTxnRequest)=10, flushCache_()=0, isCompatibleWith_(Configuration)=0, openTxn_(String, TxnType)=2, getValidTxns_(long)=1}
2024-04-24T01:11:20,973  INFO [main] ql.Driver: Completed compiling command(queryId=alex_20240424011120_9d94cc90-3047-458f-824a-0728eab8fe77); Time taken: 0.005 seconds
2024-04-24T01:11:20,973  INFO [main] lockmgr.DbTxnManager: Setting lock request transaction to txnid:6 for queryId=alex_20240424011120_9d94cc90-3047-458f-824a-0728eab8fe77
2024-04-24T01:11:20,973  INFO [main] ql.Driver: Operation DROPTABLE obtained 0 locks
2024-04-24T01:11:20,973  INFO [main] ql.Driver: Executing command(queryId=alex_20240424011120_9d94cc90-3047-458f-824a-0728eab8fe77): drop table if exists nonAcidNonBucket
2024-04-24T01:11:20,973  INFO [main] ql.Driver: Starting task [Stage-0:DDL] in serial mode
2024-04-24T01:11:20,973  INFO [main] HiveMetaStore.audit: ugi=alex	ip=unknown-ip-addr	cmd=get_table : tbl=hive.default.nonAcidNonBucket	
2024-04-24T01:11:20,976  INFO [main] metadata.Hive: Dumping metastore api call timing information for : execution phase
2024-04-24T01:11:20,976  INFO [main] metadata.Hive: Total time spent in each metastore function (ms): {isCompatibleWith_(Configuration)=0}
2024-04-24T01:11:20,976  INFO [main] ql.Driver: Completed executing command(queryId=alex_20240424011120_9d94cc90-3047-458f-824a-0728eab8fe77); Time taken: 0.003 seconds
2024-04-24T01:11:20,976  INFO [main] lockmgr.DbTxnManager: Stopped heartbeat for query: alex_20240424011120_9d94cc90-3047-458f-824a-0728eab8fe77
2024-04-24T01:11:20,981  INFO [main] txn.TxnHandler: Expected to move at least one record from txn_components to completed_txn_components when committing txn! txnid:6
2024-04-24T01:11:20,987  INFO [main] txn.TxnHandler: Removed transactions: ([6]) from MIN_HISTORY_LEVEL
2024-04-24T01:11:20,987  WARN [main] txn.CompactionTxnHandler: No compaction queue record found for Compaction type transaction commit. txnId:6
2024-04-24T01:11:20,987  INFO [main] ql.TxnCommandsBaseForTests: Running the query: create table acidTbl(a int, b int) clustered by (a) into 2 buckets stored as orc TBLPROPERTIES ('transactional'='true')
2024-04-24T01:11:20,988  INFO [main] ql.Driver: Compiling command(queryId=alex_20240424011120_092313f8-bde1-47bc-bebc-9dbae05e5ed6): create table acidTbl(a int, b int) clustered by (a) into 2 buckets stored as orc TBLPROPERTIES ('transactional'='true')
2024-04-24T01:11:20,990  INFO [main] txn.TxnHandler: Added entries to MIN_HISTORY_LEVEL for current txns: ([7]) with min_open_txn: 1
2024-04-24T01:11:20,990  INFO [main] lockmgr.DbTxnManager: Opened txnid:7
2024-04-24T01:11:20,990  INFO [main] parse.CalcitePlanner: Starting caching scope for: 
2024-04-24T01:11:20,991  INFO [main] parse.CalcitePlanner: Starting Semantic Analysis
2024-04-24T01:11:20,995  INFO [main] parse.CalcitePlanner: Creating table default.acidTbl position=13
2024-04-24T01:11:20,996  INFO [main] HiveMetaStore.audit: ugi=alex	ip=unknown-ip-addr	cmd=get_database: default	
2024-04-24T01:11:20,997  INFO [main] parse.CalcitePlanner: Ending caching scope for: 
2024-04-24T01:11:20,997  INFO [main] ql.Driver: Semantic Analysis Completed (retrial = false)
2024-04-24T01:11:20,997  INFO [main] ql.Driver: Created Hive schema: Schema(fieldSchemas:null, properties:null)
2024-04-24T01:11:20,997  INFO [main] metadata.Hive: Dumping metastore api call timing information for : compilation phase
2024-04-24T01:11:20,997  INFO [main] metadata.Hive: Total time spent in each metastore function (ms): {flushCache_()=0, isCompatibleWith_(Configuration)=0, getValidWriteIds_(List, String)=4, openTxn_(String, TxnType)=2, commitTxn_(CommitTxnRequest)=11, getValidTxns_(long)=0, getDatabase_(String)=1}
2024-04-24T01:11:20,998  INFO [main] ql.Driver: Completed compiling command(queryId=alex_20240424011120_092313f8-bde1-47bc-bebc-9dbae05e5ed6); Time taken: 0.01 seconds
2024-04-24T01:11:20,998  INFO [main] lockmgr.DbTxnManager: Setting lock request transaction to txnid:7 for queryId=alex_20240424011120_092313f8-bde1-47bc-bebc-9dbae05e5ed6
2024-04-24T01:11:20,998  INFO [main] lockmgr.DbLockManager: Requesting lock for queryId=alex_20240424011120_092313f8-bde1-47bc-bebc-9dbae05e5ed6
2024-04-24T01:11:21,015  INFO [main] lockmgr.DbLockManager: Response to queryId=alex_20240424011120_092313f8-bde1-47bc-bebc-9dbae05e5ed6 LockResponse(lockid:1, state:ACQUIRED)
2024-04-24T01:11:21,015  INFO [main] ql.Driver: Operation CREATETABLE obtained 1 locks
2024-04-24T01:11:21,015  INFO [main] ql.Driver: Executing command(queryId=alex_20240424011120_092313f8-bde1-47bc-bebc-9dbae05e5ed6): create table acidTbl(a int, b int) clustered by (a) into 2 buckets stored as orc TBLPROPERTIES ('transactional'='true')
2024-04-24T01:11:21,016  INFO [main] ql.Driver: Starting task [Stage-0:DDL] in serial mode
2024-04-24T01:11:21,017  INFO [main] HiveMetaStore.audit: ugi=alex	ip=unknown-ip-addr	cmd=create_table_req: Table(tableName:acidTbl, dbName:default, owner:alex, createTime:1713946281, lastAccessTime:0, retention:0, sd:StorageDescriptor(cols:[FieldSchema(name:a, type:int, comment:null), FieldSchema(name:b, type:int, comment:null)], location:null, inputFormat:org.apache.hadoop.hive.ql.io.orc.OrcInputFormat, outputFormat:org.apache.hadoop.hive.ql.io.orc.OrcOutputFormat, compressed:false, numBuckets:2, serdeInfo:SerDeInfo(name:null, serializationLib:org.apache.hadoop.hive.ql.io.orc.OrcSerde, parameters:{serialization.format=1}), bucketCols:[a], sortCols:[], parameters:{}, skewedInfo:SkewedInfo(skewedColNames:[], skewedColValues:[], skewedColValueLocationMaps:{}), storedAsSubDirectories:false), partitionKeys:[], parameters:{rawDataSize=0, bucketing_version=2, numRows=0, numFiles=0, COLUMN_STATS_ACCURATE={"BASIC_STATS":"true","COLUMN_STATS":{"a":"true","b":"true"}}, totalSize=0, numFilesErasureCoded=0, transactional=true}, viewOriginalText:null, viewExpandedText:null, tableType:MANAGED_TABLE, privileges:PrincipalPrivilegeSet(userPrivileges:{alex=[PrivilegeGrantInfo(privilege:INSERT, createTime:-1, grantor:alex, grantorType:USER, grantOption:true), PrivilegeGrantInfo(privilege:SELECT, createTime:-1, grantor:alex, grantorType:USER, grantOption:true), PrivilegeGrantInfo(privilege:UPDATE, createTime:-1, grantor:alex, grantorType:USER, grantOption:true), PrivilegeGrantInfo(privilege:DELETE, createTime:-1, grantor:alex, grantorType:USER, grantOption:true)]}, groupPrivileges:null, rolePrivileges:null), temporary:false, catName:hive, ownerType:USER, writeId:0)	
2024-04-24T01:11:21,022  INFO [main] utils.FileUtils: Creating directory if it doesn't exist: file:/home/alex/Repositories/hive/ql/target/tmp/org.apache.hadoop.hive.ql.TestTxnCommands-1713946100941/warehouse/acidtbl
2024-04-24T01:11:21,057  INFO [main] metadata.Hive: Dumping metastore api call timing information for : execution phase
2024-04-24T01:11:21,057  INFO [main] metadata.Hive: Total time spent in each metastore function (ms): {isCompatibleWith_(Configuration)=0, createTable_(Table)=41}
2024-04-24T01:11:21,057  INFO [main] ql.Driver: Completed executing command(queryId=alex_20240424011120_092313f8-bde1-47bc-bebc-9dbae05e5ed6); Time taken: 0.042 seconds
2024-04-24T01:11:21,057  INFO [main] lockmgr.DbTxnManager: Stopped heartbeat for query: alex_20240424011120_092313f8-bde1-47bc-bebc-9dbae05e5ed6
2024-04-24T01:11:21,061  INFO [main] txn.TxnHandler: Expected to move at least one record from txn_components to completed_txn_components when committing txn! txnid:7
2024-04-24T01:11:21,067  INFO [main] txn.TxnHandler: Removed transactions: ([7]) from MIN_HISTORY_LEVEL
2024-04-24T01:11:21,067  WARN [main] txn.CompactionTxnHandler: No compaction queue record found for Compaction type transaction commit. txnId:7
2024-04-24T01:11:21,067  INFO [main] ql.TxnCommandsBaseForTests: Running the query: create table acidTblPart(a int, b int) partitioned by (p string) clustered by (a) into 2 buckets stored as orc TBLPROPERTIES ('transactional'='true')
2024-04-24T01:11:21,068  INFO [main] ql.Driver: Compiling command(queryId=alex_20240424011121_c3a5a8d6-6d4d-4128-a632-5a0220021489): create table acidTblPart(a int, b int) partitioned by (p string) clustered by (a) into 2 buckets stored as orc TBLPROPERTIES ('transactional'='true')
2024-04-24T01:11:21,070  INFO [main] txn.TxnHandler: Added entries to MIN_HISTORY_LEVEL for current txns: ([8]) with min_open_txn: 1
2024-04-24T01:11:21,070  INFO [main] lockmgr.DbTxnManager: Opened txnid:8
2024-04-24T01:11:21,071  INFO [main] parse.CalcitePlanner: Starting caching scope for: 
2024-04-24T01:11:21,071  INFO [main] parse.CalcitePlanner: Starting Semantic Analysis
2024-04-24T01:11:21,073  INFO [main] parse.CalcitePlanner: Creating table default.acidTblPart position=13
2024-04-24T01:11:21,073  INFO [main] HiveMetaStore.audit: ugi=alex	ip=unknown-ip-addr	cmd=get_database: default	
2024-04-24T01:11:21,075  INFO [main] parse.CalcitePlanner: Ending caching scope for: 
2024-04-24T01:11:21,075  INFO [main] ql.Driver: Semantic Analysis Completed (retrial = false)
2024-04-24T01:11:21,075  INFO [main] ql.Driver: Created Hive schema: Schema(fieldSchemas:null, properties:null)
2024-04-24T01:11:21,075  INFO [main] metadata.Hive: Dumping metastore api call timing information for : compilation phase
2024-04-24T01:11:21,075  INFO [main] metadata.Hive: Total time spent in each metastore function (ms): {commitTxn_(CommitTxnRequest)=10, isCompatibleWith_(Configuration)=0, flushCache_()=0, getDatabase_(String)=2, openTxn_(String, TxnType)=2, getValidWriteIds_(List, String)=2, getValidTxns_(long)=1}
2024-04-24T01:11:21,075  INFO [main] ql.Driver: Completed compiling command(queryId=alex_20240424011121_c3a5a8d6-6d4d-4128-a632-5a0220021489); Time taken: 0.007 seconds
2024-04-24T01:11:21,076  INFO [main] lockmgr.DbTxnManager: Setting lock request transaction to txnid:8 for queryId=alex_20240424011121_c3a5a8d6-6d4d-4128-a632-5a0220021489
2024-04-24T01:11:21,076  INFO [main] lockmgr.DbLockManager: Requesting lock for queryId=alex_20240424011121_c3a5a8d6-6d4d-4128-a632-5a0220021489
2024-04-24T01:11:21,089  INFO [main] lockmgr.DbLockManager: Response to queryId=alex_20240424011121_c3a5a8d6-6d4d-4128-a632-5a0220021489 LockResponse(lockid:2, state:ACQUIRED)
2024-04-24T01:11:21,089  INFO [main] ql.Driver: Operation CREATETABLE obtained 1 locks
2024-04-24T01:11:21,090  INFO [main] ql.Driver: Executing command(queryId=alex_20240424011121_c3a5a8d6-6d4d-4128-a632-5a0220021489): create table acidTblPart(a int, b int) partitioned by (p string) clustered by (a) into 2 buckets stored as orc TBLPROPERTIES ('transactional'='true')
2024-04-24T01:11:21,090  INFO [main] ql.Driver: Starting task [Stage-0:DDL] in serial mode
2024-04-24T01:11:21,091  INFO [main] HiveMetaStore.audit: ugi=alex	ip=unknown-ip-addr	cmd=create_table_req: Table(tableName:acidTblPart, dbName:default, owner:alex, createTime:1713946281, lastAccessTime:0, retention:0, sd:StorageDescriptor(cols:[FieldSchema(name:a, type:int, comment:null), FieldSchema(name:b, type:int, comment:null)], location:null, inputFormat:org.apache.hadoop.hive.ql.io.orc.OrcInputFormat, outputFormat:org.apache.hadoop.hive.ql.io.orc.OrcOutputFormat, compressed:false, numBuckets:2, serdeInfo:SerDeInfo(name:null, serializationLib:org.apache.hadoop.hive.ql.io.orc.OrcSerde, parameters:{serialization.format=1}), bucketCols:[a], sortCols:[], parameters:{}, skewedInfo:SkewedInfo(skewedColNames:[], skewedColValues:[], skewedColValueLocationMaps:{}), storedAsSubDirectories:false), partitionKeys:[FieldSchema(name:p, type:string, comment:null)], parameters:{transactional=true, bucketing_version=2}, viewOriginalText:null, viewExpandedText:null, tableType:MANAGED_TABLE, privileges:PrincipalPrivilegeSet(userPrivileges:{alex=[PrivilegeGrantInfo(privilege:INSERT, createTime:-1, grantor:alex, grantorType:USER, grantOption:true), PrivilegeGrantInfo(privilege:SELECT, createTime:-1, grantor:alex, grantorType:USER, grantOption:true), PrivilegeGrantInfo(privilege:UPDATE, createTime:-1, grantor:alex, grantorType:USER, grantOption:true), PrivilegeGrantInfo(privilege:DELETE, createTime:-1, grantor:alex, grantorType:USER, grantOption:true)]}, groupPrivileges:null, rolePrivileges:null), temporary:false, catName:hive, ownerType:USER, writeId:0)	
2024-04-24T01:11:21,096  INFO [main] utils.FileUtils: Creating directory if it doesn't exist: file:/home/alex/Repositories/hive/ql/target/tmp/org.apache.hadoop.hive.ql.TestTxnCommands-1713946100941/warehouse/acidtblpart
2024-04-24T01:11:21,108  INFO [main] metadata.Hive: Dumping metastore api call timing information for : execution phase
2024-04-24T01:11:21,109  INFO [main] metadata.Hive: Total time spent in each metastore function (ms): {isCompatibleWith_(Configuration)=0, createTable_(Table)=17}
2024-04-24T01:11:21,109  INFO [main] ql.Driver: Completed executing command(queryId=alex_20240424011121_c3a5a8d6-6d4d-4128-a632-5a0220021489); Time taken: 0.018 seconds
2024-04-24T01:11:21,109  INFO [main] lockmgr.DbTxnManager: Stopped heartbeat for query: alex_20240424011121_c3a5a8d6-6d4d-4128-a632-5a0220021489
2024-04-24T01:11:21,113  INFO [main] txn.TxnHandler: Expected to move at least one record from txn_components to completed_txn_components when committing txn! txnid:8
2024-04-24T01:11:21,118  INFO [main] txn.TxnHandler: Removed transactions: ([8]) from MIN_HISTORY_LEVEL
2024-04-24T01:11:21,119  WARN [main] txn.CompactionTxnHandler: No compaction queue record found for Compaction type transaction commit. txnId:8
2024-04-24T01:11:21,119  INFO [main] ql.TxnCommandsBaseForTests: Running the query: create table nonAcidOrcTbl(a int, b int) clustered by (a) into 2 buckets stored as orc TBLPROPERTIES ('transactional'='false')
2024-04-24T01:11:21,119  INFO [main] ql.Driver: Compiling command(queryId=alex_20240424011121_bbe55c36-1775-43ed-9356-3d76e51e34e8): create table nonAcidOrcTbl(a int, b int) clustered by (a) into 2 buckets stored as orc TBLPROPERTIES ('transactional'='false')
2024-04-24T01:11:21,122  INFO [main] txn.TxnHandler: Added entries to MIN_HISTORY_LEVEL for current txns: ([9]) with min_open_txn: 1
2024-04-24T01:11:21,122  INFO [main] lockmgr.DbTxnManager: Opened txnid:9
2024-04-24T01:11:21,122  INFO [main] parse.CalcitePlanner: Starting caching scope for: 
2024-04-24T01:11:21,122  INFO [main] parse.CalcitePlanner: Starting Semantic Analysis
2024-04-24T01:11:21,125  INFO [main] parse.CalcitePlanner: Creating table default.nonAcidOrcTbl position=13
2024-04-24T01:11:21,125  INFO [main] HiveMetaStore.audit: ugi=alex	ip=unknown-ip-addr	cmd=get_database: default	
2024-04-24T01:11:21,126  INFO [main] parse.CalcitePlanner: Ending caching scope for: 
2024-04-24T01:11:21,126  INFO [main] ql.Driver: Semantic Analysis Completed (retrial = false)
2024-04-24T01:11:21,126  INFO [main] ql.Driver: Created Hive schema: Schema(fieldSchemas:null, properties:null)
2024-04-24T01:11:21,126  INFO [main] metadata.Hive: Dumping metastore api call timing information for : compilation phase
2024-04-24T01:11:21,126  INFO [main] metadata.Hive: Total time spent in each metastore function (ms): {flushCache_()=0, isCompatibleWith_(Configuration)=0, commitTxn_(CommitTxnRequest)=10, getValidWriteIds_(List, String)=3, getValidTxns_(long)=0, getDatabase_(String)=1, openTxn_(String, TxnType)=2}
2024-04-24T01:11:21,127  INFO [main] ql.Driver: Completed compiling command(queryId=alex_20240424011121_bbe55c36-1775-43ed-9356-3d76e51e34e8); Time taken: 0.007 seconds
2024-04-24T01:11:21,127  INFO [main] lockmgr.DbTxnManager: Setting lock request transaction to txnid:9 for queryId=alex_20240424011121_bbe55c36-1775-43ed-9356-3d76e51e34e8
2024-04-24T01:11:21,127  INFO [main] lockmgr.DbLockManager: Requesting lock for queryId=alex_20240424011121_bbe55c36-1775-43ed-9356-3d76e51e34e8
2024-04-24T01:11:21,140  INFO [main] lockmgr.DbLockManager: Response to queryId=alex_20240424011121_bbe55c36-1775-43ed-9356-3d76e51e34e8 LockResponse(lockid:3, state:ACQUIRED)
2024-04-24T01:11:21,140  INFO [main] ql.Driver: Operation CREATETABLE obtained 1 locks
2024-04-24T01:11:21,141  INFO [main] ql.Driver: Executing command(queryId=alex_20240424011121_bbe55c36-1775-43ed-9356-3d76e51e34e8): create table nonAcidOrcTbl(a int, b int) clustered by (a) into 2 buckets stored as orc TBLPROPERTIES ('transactional'='false')
2024-04-24T01:11:21,141  INFO [main] ql.Driver: Starting task [Stage-0:DDL] in serial mode
2024-04-24T01:11:21,142  INFO [main] HiveMetaStore.audit: ugi=alex	ip=unknown-ip-addr	cmd=create_table_req: Table(tableName:nonAcidOrcTbl, dbName:default, owner:alex, createTime:1713946281, lastAccessTime:0, retention:0, sd:StorageDescriptor(cols:[FieldSchema(name:a, type:int, comment:null), FieldSchema(name:b, type:int, comment:null)], location:null, inputFormat:org.apache.hadoop.hive.ql.io.orc.OrcInputFormat, outputFormat:org.apache.hadoop.hive.ql.io.orc.OrcOutputFormat, compressed:false, numBuckets:2, serdeInfo:SerDeInfo(name:null, serializationLib:org.apache.hadoop.hive.ql.io.orc.OrcSerde, parameters:{serialization.format=1}), bucketCols:[a], sortCols:[], parameters:{}, skewedInfo:SkewedInfo(skewedColNames:[], skewedColValues:[], skewedColValueLocationMaps:{}), storedAsSubDirectories:false), partitionKeys:[], parameters:{numFiles=0, rawDataSize=0, bucketing_version=2, totalSize=0, COLUMN_STATS_ACCURATE={"BASIC_STATS":"true","COLUMN_STATS":{"a":"true","b":"true"}}, transactional=false, numRows=0, numFilesErasureCoded=0}, viewOriginalText:null, viewExpandedText:null, tableType:MANAGED_TABLE, privileges:PrincipalPrivilegeSet(userPrivileges:{alex=[PrivilegeGrantInfo(privilege:INSERT, createTime:-1, grantor:alex, grantorType:USER, grantOption:true), PrivilegeGrantInfo(privilege:SELECT, createTime:-1, grantor:alex, grantorType:USER, grantOption:true), PrivilegeGrantInfo(privilege:UPDATE, createTime:-1, grantor:alex, grantorType:USER, grantOption:true), PrivilegeGrantInfo(privilege:DELETE, createTime:-1, grantor:alex, grantorType:USER, grantOption:true)]}, groupPrivileges:null, rolePrivileges:null), temporary:false, catName:hive, ownerType:USER)	
2024-04-24T01:11:21,147  INFO [main] utils.FileUtils: Creating directory if it doesn't exist: file:/home/alex/Repositories/hive/ql/target/tmp/org.apache.hadoop.hive.ql.TestTxnCommands-1713946100941/warehouse/nonacidorctbl
2024-04-24T01:11:21,159  INFO [main] metadata.Hive: Dumping metastore api call timing information for : execution phase
2024-04-24T01:11:21,159  INFO [main] metadata.Hive: Total time spent in each metastore function (ms): {createTable_(Table)=17, isCompatibleWith_(Configuration)=0}
2024-04-24T01:11:21,160  INFO [main] ql.Driver: Completed executing command(queryId=alex_20240424011121_bbe55c36-1775-43ed-9356-3d76e51e34e8); Time taken: 0.018 seconds
2024-04-24T01:11:21,160  INFO [main] lockmgr.DbTxnManager: Stopped heartbeat for query: alex_20240424011121_bbe55c36-1775-43ed-9356-3d76e51e34e8
2024-04-24T01:11:21,163  INFO [main] txn.TxnHandler: Expected to move at least one record from txn_components to completed_txn_components when committing txn! txnid:9
2024-04-24T01:11:21,169  INFO [main] txn.TxnHandler: Removed transactions: ([9]) from MIN_HISTORY_LEVEL
2024-04-24T01:11:21,169  WARN [main] txn.CompactionTxnHandler: No compaction queue record found for Compaction type transaction commit. txnId:9
2024-04-24T01:11:21,170  INFO [main] ql.TxnCommandsBaseForTests: Running the query: create table nonAcidOrcTbl2(a int, b int) clustered by (a) into 2 buckets stored as orc TBLPROPERTIES ('transactional'='false')
2024-04-24T01:11:21,170  INFO [main] ql.Driver: Compiling command(queryId=alex_20240424011121_1bfd42b0-b9cf-4ca1-8d30-ff4a2436d877): create table nonAcidOrcTbl2(a int, b int) clustered by (a) into 2 buckets stored as orc TBLPROPERTIES ('transactional'='false')
2024-04-24T01:11:21,172  INFO [main] txn.TxnHandler: Added entries to MIN_HISTORY_LEVEL for current txns: ([10]) with min_open_txn: 1
2024-04-24T01:11:21,173  INFO [main] lockmgr.DbTxnManager: Opened txnid:10
2024-04-24T01:11:21,173  INFO [main] parse.CalcitePlanner: Starting caching scope for: 
2024-04-24T01:11:21,173  INFO [main] parse.CalcitePlanner: Starting Semantic Analysis
2024-04-24T01:11:21,176  INFO [main] parse.CalcitePlanner: Creating table default.nonAcidOrcTbl2 position=13
2024-04-24T01:11:21,176  INFO [main] HiveMetaStore.audit: ugi=alex	ip=unknown-ip-addr	cmd=get_database: default	
2024-04-24T01:11:21,177  INFO [main] parse.CalcitePlanner: Ending caching scope for: 
2024-04-24T01:11:21,177  INFO [main] ql.Driver: Semantic Analysis Completed (retrial = false)
2024-04-24T01:11:21,177  INFO [main] ql.Driver: Created Hive schema: Schema(fieldSchemas:null, properties:null)
2024-04-24T01:11:21,177  INFO [main] metadata.Hive: Dumping metastore api call timing information for : compilation phase
2024-04-24T01:11:21,177  INFO [main] metadata.Hive: Total time spent in each metastore function (ms): {getValidWriteIds_(List, String)=3, commitTxn_(CommitTxnRequest)=10, openTxn_(String, TxnType)=2, isCompatibleWith_(Configuration)=0, flushCache_()=1, getDatabase_(String)=1, getValidTxns_(long)=0}
2024-04-24T01:11:21,178  INFO [main] ql.Driver: Completed compiling command(queryId=alex_20240424011121_1bfd42b0-b9cf-4ca1-8d30-ff4a2436d877); Time taken: 0.007 seconds
2024-04-24T01:11:21,178  INFO [main] lockmgr.DbTxnManager: Setting lock request transaction to txnid:10 for queryId=alex_20240424011121_1bfd42b0-b9cf-4ca1-8d30-ff4a2436d877
2024-04-24T01:11:21,178  INFO [main] lockmgr.DbLockManager: Requesting lock for queryId=alex_20240424011121_1bfd42b0-b9cf-4ca1-8d30-ff4a2436d877
2024-04-24T01:11:21,192  INFO [main] lockmgr.DbLockManager: Response to queryId=alex_20240424011121_1bfd42b0-b9cf-4ca1-8d30-ff4a2436d877 LockResponse(lockid:4, state:ACQUIRED)
2024-04-24T01:11:21,192  INFO [main] ql.Driver: Operation CREATETABLE obtained 1 locks
2024-04-24T01:11:21,192  INFO [main] ql.Driver: Executing command(queryId=alex_20240424011121_1bfd42b0-b9cf-4ca1-8d30-ff4a2436d877): create table nonAcidOrcTbl2(a int, b int) clustered by (a) into 2 buckets stored as orc TBLPROPERTIES ('transactional'='false')
2024-04-24T01:11:21,192  INFO [main] ql.Driver: Starting task [Stage-0:DDL] in serial mode
2024-04-24T01:11:21,193  INFO [main] HiveMetaStore.audit: ugi=alex	ip=unknown-ip-addr	cmd=create_table_req: Table(tableName:nonAcidOrcTbl2, dbName:default, owner:alex, createTime:1713946281, lastAccessTime:0, retention:0, sd:StorageDescriptor(cols:[FieldSchema(name:a, type:int, comment:null), FieldSchema(name:b, type:int, comment:null)], location:null, inputFormat:org.apache.hadoop.hive.ql.io.orc.OrcInputFormat, outputFormat:org.apache.hadoop.hive.ql.io.orc.OrcOutputFormat, compressed:false, numBuckets:2, serdeInfo:SerDeInfo(name:null, serializationLib:org.apache.hadoop.hive.ql.io.orc.OrcSerde, parameters:{serialization.format=1}), bucketCols:[a], sortCols:[], parameters:{}, skewedInfo:SkewedInfo(skewedColNames:[], skewedColValues:[], skewedColValueLocationMaps:{}), storedAsSubDirectories:false), partitionKeys:[], parameters:{COLUMN_STATS_ACCURATE={"BASIC_STATS":"true","COLUMN_STATS":{"a":"true","b":"true"}}, rawDataSize=0, totalSize=0, numRows=0, numFilesErasureCoded=0, bucketing_version=2, numFiles=0, transactional=false}, viewOriginalText:null, viewExpandedText:null, tableType:MANAGED_TABLE, privileges:PrincipalPrivilegeSet(userPrivileges:{alex=[PrivilegeGrantInfo(privilege:INSERT, createTime:-1, grantor:alex, grantorType:USER, grantOption:true), PrivilegeGrantInfo(privilege:SELECT, createTime:-1, grantor:alex, grantorType:USER, grantOption:true), PrivilegeGrantInfo(privilege:UPDATE, createTime:-1, grantor:alex, grantorType:USER, grantOption:true), PrivilegeGrantInfo(privilege:DELETE, createTime:-1, grantor:alex, grantorType:USER, grantOption:true)]}, groupPrivileges:null, rolePrivileges:null), temporary:false, catName:hive, ownerType:USER)	
2024-04-24T01:11:21,198  INFO [main] utils.FileUtils: Creating directory if it doesn't exist: file:/home/alex/Repositories/hive/ql/target/tmp/org.apache.hadoop.hive.ql.TestTxnCommands-1713946100941/warehouse/nonacidorctbl2
2024-04-24T01:11:21,210  INFO [main] metadata.Hive: Dumping metastore api call timing information for : execution phase
2024-04-24T01:11:21,210  INFO [main] metadata.Hive: Total time spent in each metastore function (ms): {isCompatibleWith_(Configuration)=0, createTable_(Table)=17}
2024-04-24T01:11:21,211  INFO [main] ql.Driver: Completed executing command(queryId=alex_20240424011121_1bfd42b0-b9cf-4ca1-8d30-ff4a2436d877); Time taken: 0.018 seconds
2024-04-24T01:11:21,211  INFO [main] lockmgr.DbTxnManager: Stopped heartbeat for query: alex_20240424011121_1bfd42b0-b9cf-4ca1-8d30-ff4a2436d877
2024-04-24T01:11:21,214  INFO [main] txn.TxnHandler: Expected to move at least one record from txn_components to completed_txn_components when committing txn! txnid:10
2024-04-24T01:11:21,220  INFO [main] txn.TxnHandler: Removed transactions: ([10]) from MIN_HISTORY_LEVEL
2024-04-24T01:11:21,220  WARN [main] txn.CompactionTxnHandler: No compaction queue record found for Compaction type transaction commit. txnId:10
2024-04-24T01:11:21,221  INFO [main] ql.TxnCommandsBaseForTests: Running the query: create temporary  table acidTbl2(a int, b int, c int) clustered by (c) into 2 buckets stored as orc TBLPROPERTIES ('transactional'='true')
2024-04-24T01:11:21,221  INFO [main] ql.Driver: Compiling command(queryId=alex_20240424011121_1e109217-e0a3-4975-ac20-ca67700103a6): create temporary  table acidTbl2(a int, b int, c int) clustered by (c) into 2 buckets stored as orc TBLPROPERTIES ('transactional'='true')
2024-04-24T01:11:21,223  INFO [main] txn.TxnHandler: Added entries to MIN_HISTORY_LEVEL for current txns: ([11]) with min_open_txn: 1
2024-04-24T01:11:21,224  INFO [main] lockmgr.DbTxnManager: Opened txnid:11
2024-04-24T01:11:21,224  INFO [main] parse.CalcitePlanner: Starting caching scope for: 
2024-04-24T01:11:21,224  INFO [main] parse.CalcitePlanner: Starting Semantic Analysis
2024-04-24T01:11:21,226  INFO [main] parse.CalcitePlanner: Creating table default.acidTbl2 position=24
2024-04-24T01:11:21,227  INFO [main] HiveMetaStore.audit: ugi=alex	ip=unknown-ip-addr	cmd=get_database: default	
2024-04-24T01:11:21,228  INFO [main] parse.CalcitePlanner: Ending caching scope for: 
2024-04-24T01:11:21,228  INFO [main] ql.Driver: Semantic Analysis Completed (retrial = false)
2024-04-24T01:11:21,228  INFO [main] ql.Driver: Created Hive schema: Schema(fieldSchemas:null, properties:null)
2024-04-24T01:11:21,228  INFO [main] metadata.Hive: Dumping metastore api call timing information for : compilation phase
2024-04-24T01:11:21,228  INFO [main] metadata.Hive: Total time spent in each metastore function (ms): {isCompatibleWith_(Configuration)=0, getValidWriteIds_(List, String)=2, getDatabase_(String)=1, getValidTxns_(long)=0, openTxn_(String, TxnType)=2, commitTxn_(CommitTxnRequest)=10, flushCache_()=0}
2024-04-24T01:11:21,229  INFO [main] ql.Driver: Completed compiling command(queryId=alex_20240424011121_1e109217-e0a3-4975-ac20-ca67700103a6); Time taken: 0.007 seconds
2024-04-24T01:11:21,229  INFO [main] lockmgr.DbTxnManager: Setting lock request transaction to txnid:11 for queryId=alex_20240424011121_1e109217-e0a3-4975-ac20-ca67700103a6
2024-04-24T01:11:21,229  INFO [main] lockmgr.DbLockManager: Requesting lock for queryId=alex_20240424011121_1e109217-e0a3-4975-ac20-ca67700103a6
2024-04-24T01:11:21,243  INFO [main] lockmgr.DbLockManager: Response to queryId=alex_20240424011121_1e109217-e0a3-4975-ac20-ca67700103a6 LockResponse(lockid:5, state:ACQUIRED)
2024-04-24T01:11:21,243  INFO [main] ql.Driver: Operation CREATETABLE obtained 1 locks
2024-04-24T01:11:21,243  INFO [main] ql.Driver: Executing command(queryId=alex_20240424011121_1e109217-e0a3-4975-ac20-ca67700103a6): create temporary  table acidTbl2(a int, b int, c int) clustered by (c) into 2 buckets stored as orc TBLPROPERTIES ('transactional'='true')
2024-04-24T01:11:21,244  INFO [main] ql.Driver: Starting task [Stage-0:DDL] in serial mode
2024-04-24T01:11:21,244  INFO [main] utils.FileUtils: Creating directory if it doesn't exist: file:/home/alex/Repositories/hive/ql/target/tmp/scratchdir/alex/5b4ad0e1-d072-42a7-ab19-a31a079f67bb/_tmp_space.db/9a6772fb-a1e6-42f8-b91e-f15d2191e436
2024-04-24T01:11:21,247  INFO [main] metadata.Hive: Dumping metastore api call timing information for : execution phase
2024-04-24T01:11:21,247  INFO [main] metadata.Hive: Total time spent in each metastore function (ms): {createTable_(Table)=3, isCompatibleWith_(Configuration)=0}
2024-04-24T01:11:21,247  INFO [main] ql.Driver: Completed executing command(queryId=alex_20240424011121_1e109217-e0a3-4975-ac20-ca67700103a6); Time taken: 0.004 seconds
2024-04-24T01:11:21,247  INFO [main] lockmgr.DbTxnManager: Stopped heartbeat for query: alex_20240424011121_1e109217-e0a3-4975-ac20-ca67700103a6
2024-04-24T01:11:21,251  INFO [main] txn.TxnHandler: Expected to move at least one record from txn_components to completed_txn_components when committing txn! txnid:11
2024-04-24T01:11:21,257  INFO [main] txn.TxnHandler: Removed transactions: ([11]) from MIN_HISTORY_LEVEL
2024-04-24T01:11:21,257  WARN [main] txn.CompactionTxnHandler: No compaction queue record found for Compaction type transaction commit. txnId:11
2024-04-24T01:11:21,258  INFO [main] ql.TxnCommandsBaseForTests: Running the query: create table nonAcidNonBucket(a int, b int) stored as orc TBLPROPERTIES ('transactional'='false')
2024-04-24T01:11:21,258  INFO [main] ql.Driver: Compiling command(queryId=alex_20240424011121_314ffb35-09ea-4910-b157-82ed93862aa3): create table nonAcidNonBucket(a int, b int) stored as orc TBLPROPERTIES ('transactional'='false')
2024-04-24T01:11:21,260  INFO [main] txn.TxnHandler: Added entries to MIN_HISTORY_LEVEL for current txns: ([12]) with min_open_txn: 1
2024-04-24T01:11:21,260  INFO [main] lockmgr.DbTxnManager: Opened txnid:12
2024-04-24T01:11:21,261  INFO [main] parse.CalcitePlanner: Starting caching scope for: 
2024-04-24T01:11:21,261  INFO [main] parse.CalcitePlanner: Starting Semantic Analysis
2024-04-24T01:11:21,263  INFO [main] parse.CalcitePlanner: Creating table default.nonAcidNonBucket position=13
2024-04-24T01:11:21,263  INFO [main] HiveMetaStore.audit: ugi=alex	ip=unknown-ip-addr	cmd=get_database: default	
2024-04-24T01:11:21,265  INFO [main] parse.CalcitePlanner: Ending caching scope for: 
2024-04-24T01:11:21,265  INFO [main] ql.Driver: Semantic Analysis Completed (retrial = false)
2024-04-24T01:11:21,265  INFO [main] ql.Driver: Created Hive schema: Schema(fieldSchemas:null, properties:null)
2024-04-24T01:11:21,265  INFO [main] metadata.Hive: Dumping metastore api call timing information for : compilation phase
2024-04-24T01:11:21,265  INFO [main] metadata.Hive: Total time spent in each metastore function (ms): {isCompatibleWith_(Configuration)=0, commitTxn_(CommitTxnRequest)=10, flushCache_()=0, getValidWriteIds_(List, String)=2, getDatabase_(String)=2, getValidTxns_(long)=0, openTxn_(String, TxnType)=2}
2024-04-24T01:11:21,265  INFO [main] ql.Driver: Completed compiling command(queryId=alex_20240424011121_314ffb35-09ea-4910-b157-82ed93862aa3); Time taken: 0.007 seconds
2024-04-24T01:11:21,265  INFO [main] lockmgr.DbTxnManager: Setting lock request transaction to txnid:12 for queryId=alex_20240424011121_314ffb35-09ea-4910-b157-82ed93862aa3
2024-04-24T01:11:21,266  INFO [main] lockmgr.DbLockManager: Requesting lock for queryId=alex_20240424011121_314ffb35-09ea-4910-b157-82ed93862aa3
2024-04-24T01:11:21,280  INFO [main] lockmgr.DbLockManager: Response to queryId=alex_20240424011121_314ffb35-09ea-4910-b157-82ed93862aa3 LockResponse(lockid:6, state:ACQUIRED)
2024-04-24T01:11:21,280  INFO [main] ql.Driver: Operation CREATETABLE obtained 1 locks
2024-04-24T01:11:21,280  INFO [main] ql.Driver: Executing command(queryId=alex_20240424011121_314ffb35-09ea-4910-b157-82ed93862aa3): create table nonAcidNonBucket(a int, b int) stored as orc TBLPROPERTIES ('transactional'='false')
2024-04-24T01:11:21,280  INFO [main] ql.Driver: Starting task [Stage-0:DDL] in serial mode
2024-04-24T01:11:21,281  INFO [main] HiveMetaStore.audit: ugi=alex	ip=unknown-ip-addr	cmd=create_table_req: Table(tableName:nonAcidNonBucket, dbName:default, owner:alex, createTime:1713946281, lastAccessTime:0, retention:0, sd:StorageDescriptor(cols:[FieldSchema(name:a, type:int, comment:null), FieldSchema(name:b, type:int, comment:null)], location:null, inputFormat:org.apache.hadoop.hive.ql.io.orc.OrcInputFormat, outputFormat:org.apache.hadoop.hive.ql.io.orc.OrcOutputFormat, compressed:false, numBuckets:-1, serdeInfo:SerDeInfo(name:null, serializationLib:org.apache.hadoop.hive.ql.io.orc.OrcSerde, parameters:{serialization.format=1}), bucketCols:[], sortCols:[], parameters:{}, skewedInfo:SkewedInfo(skewedColNames:[], skewedColValues:[], skewedColValueLocationMaps:{}), storedAsSubDirectories:false), partitionKeys:[], parameters:{numFilesErasureCoded=0, totalSize=0, bucketing_version=2, COLUMN_STATS_ACCURATE={"BASIC_STATS":"true","COLUMN_STATS":{"a":"true","b":"true"}}, numFiles=0, numRows=0, transactional=false, rawDataSize=0}, viewOriginalText:null, viewExpandedText:null, tableType:MANAGED_TABLE, privileges:PrincipalPrivilegeSet(userPrivileges:{alex=[PrivilegeGrantInfo(privilege:INSERT, createTime:-1, grantor:alex, grantorType:USER, grantOption:true), PrivilegeGrantInfo(privilege:SELECT, createTime:-1, grantor:alex, grantorType:USER, grantOption:true), PrivilegeGrantInfo(privilege:UPDATE, createTime:-1, grantor:alex, grantorType:USER, grantOption:true), PrivilegeGrantInfo(privilege:DELETE, createTime:-1, grantor:alex, grantorType:USER, grantOption:true)]}, groupPrivileges:null, rolePrivileges:null), temporary:false, catName:hive, ownerType:USER)	
2024-04-24T01:11:21,285  INFO [main] utils.FileUtils: Creating directory if it doesn't exist: file:/home/alex/Repositories/hive/ql/target/tmp/org.apache.hadoop.hive.ql.TestTxnCommands-1713946100941/warehouse/nonacidnonbucket
2024-04-24T01:11:21,298  INFO [main] metadata.Hive: Dumping metastore api call timing information for : execution phase
2024-04-24T01:11:21,298  INFO [main] metadata.Hive: Total time spent in each metastore function (ms): {createTable_(Table)=17, isCompatibleWith_(Configuration)=0}
2024-04-24T01:11:21,298  INFO [main] ql.Driver: Completed executing command(queryId=alex_20240424011121_314ffb35-09ea-4910-b157-82ed93862aa3); Time taken: 0.018 seconds
2024-04-24T01:11:21,298  INFO [main] lockmgr.DbTxnManager: Stopped heartbeat for query: alex_20240424011121_314ffb35-09ea-4910-b157-82ed93862aa3
2024-04-24T01:11:21,302  INFO [main] txn.TxnHandler: Expected to move at least one record from txn_components to completed_txn_components when committing txn! txnid:12
2024-04-24T01:11:21,308  INFO [main] txn.TxnHandler: Removed transactions: ([12]) from MIN_HISTORY_LEVEL
2024-04-24T01:11:21,308  WARN [main] txn.CompactionTxnHandler: No compaction queue record found for Compaction type transaction commit. txnId:12
2024-04-24T01:11:21,308  INFO [main] ql.TxnCommandsBaseForTests: Running the query: start transaction
2024-04-24T01:11:21,309  INFO [main] ql.Driver: Compiling command(queryId=alex_20240424011121_9ca94947-cd35-4497-beda-e249107b4bd4): start transaction
2024-04-24T01:11:21,311  INFO [main] txn.TxnHandler: Added entries to MIN_HISTORY_LEVEL for current txns: ([13]) with min_open_txn: 1
2024-04-24T01:11:21,311  INFO [main] lockmgr.DbTxnManager: Opened txnid:13
2024-04-24T01:11:21,312  INFO [main] parse.CalcitePlanner: Starting caching scope for: 
2024-04-24T01:11:21,312  INFO [main] parse.CalcitePlanner: Starting Semantic Analysis
2024-04-24T01:11:21,312  INFO [main] parse.CalcitePlanner: Ending caching scope for: 
2024-04-24T01:11:21,312  INFO [main] ql.Driver: Semantic Analysis Completed (retrial = false)
2024-04-24T01:11:21,312  INFO [main] ql.Driver: Created Hive schema: Schema(fieldSchemas:null, properties:null)
2024-04-24T01:11:21,312  INFO [main] metadata.Hive: Dumping metastore api call timing information for : compilation phase
2024-04-24T01:11:21,312  INFO [main] metadata.Hive: Total time spent in each metastore function (ms): {openTxn_(String, TxnType)=2, getValidWriteIds_(List, String)=0, flushCache_()=0, commitTxn_(CommitTxnRequest)=10, isCompatibleWith_(Configuration)=0, getValidTxns_(long)=1}
2024-04-24T01:11:21,312  INFO [main] ql.Driver: Completed compiling command(queryId=alex_20240424011121_9ca94947-cd35-4497-beda-e249107b4bd4); Time taken: 0.003 seconds
2024-04-24T01:11:21,313  INFO [main] lockmgr.DbTxnManager: Setting lock request transaction to txnid:13 for queryId=alex_20240424011121_9ca94947-cd35-4497-beda-e249107b4bd4
2024-04-24T01:11:21,313  INFO [main] ql.Driver: Operation START_TRANSACTION obtained 0 locks
2024-04-24T01:11:21,313  INFO [main] ql.Driver: Executing command(queryId=alex_20240424011121_9ca94947-cd35-4497-beda-e249107b4bd4): start transaction
2024-04-24T01:11:21,313  INFO [main] metadata.Hive: Dumping metastore api call timing information for : execution phase
2024-04-24T01:11:21,313  INFO [main] metadata.Hive: Total time spent in each metastore function (ms): {}
2024-04-24T01:11:21,313  INFO [main] ql.Driver: Completed executing command(queryId=alex_20240424011121_9ca94947-cd35-4497-beda-e249107b4bd4); Time taken: 0.0 seconds
2024-04-24T01:11:21,313  INFO [main] ql.TxnCommandsBaseForTests: Running the query: delete from acidTbl where a = 5
2024-04-24T01:11:21,313  INFO [main] ql.Driver: Compiling command(queryId=alex_20240424011121_678ba6a6-2c64-410f-b82c-b5acd2b1311b): delete from acidTbl where a = 5
2024-04-24T01:11:21,314  INFO [main] parse.UpdateDeleteSemanticAnalyzer: Starting caching scope for: 
2024-04-24T01:11:21,314  INFO [main] HiveMetaStore.audit: ugi=alex	ip=unknown-ip-addr	cmd=get_table : tbl=hive.default.acidTbl	
2024-04-24T01:11:21,332  INFO [main] metastore.HMSHandler: Skipping translation for processor with null
2024-04-24T01:11:21,332  INFO [main] parse.RewriteSemanticAnalyzer: Going to reparse <delete from acidTbl where a = 5> as 
<insert into table `default`.`acidTbl` select ROW__ID from `default`.`acidTbl` sort by ROW__ID >
2024-04-24T01:11:21,332  INFO [main] parse.UpdateDeleteSemanticAnalyzer: Starting Semantic Analysis
2024-04-24T01:11:21,338  INFO [main] parse.UpdateDeleteSemanticAnalyzer: Completed phase 1 of Semantic Analysis
2024-04-24T01:11:21,338  INFO [main] parse.UpdateDeleteSemanticAnalyzer: Get metadata for source tables
2024-04-24T01:11:21,338  INFO [main] HiveMetaStore.audit: ugi=alex	ip=unknown-ip-addr	cmd=get_table : tbl=hive.default.acidtbl	
2024-04-24T01:11:21,344  INFO [main] metastore.HMSHandler: Skipping translation for processor with null
2024-04-24T01:11:21,345  INFO [main] parse.UpdateDeleteSemanticAnalyzer: Get metadata for subqueries
2024-04-24T01:11:21,345  INFO [main] parse.UpdateDeleteSemanticAnalyzer: Get metadata for destination tables
2024-04-24T01:11:21,345  INFO [main] HiveMetaStore.audit: ugi=alex	ip=unknown-ip-addr	cmd=get_table : tbl=hive.default.acidTbl	
2024-04-24T01:11:21,351  INFO [main] metastore.HMSHandler: Skipping translation for processor with null
2024-04-24T01:11:21,351  INFO [main] parse.UpdateDeleteSemanticAnalyzer: Completed getting MetaData in Semantic Analysis
2024-04-24T01:11:21,351  INFO [main] parse.UpdateDeleteSemanticAnalyzer: Disabling LLAP IO encode as ETL query is detected
2024-04-24T01:11:21,362  INFO [main] HiveMetaStore.audit: ugi=alex	ip=unknown-ip-addr	cmd=get_all_table_constraints : tbl=hive.default.acidtbl	
2024-04-24T01:11:21,407  INFO [main] calcite.RelOptHiveTable: Calculating column statistics for default.acidtbl, projIndxSet: [0], allowMissingStats: true
2024-04-24T01:11:21,407  INFO [main] HiveMetaStore.audit: ugi=alex	ip=unknown-ip-addr	cmd=get_table : tbl=hive.default.acidtbl	
2024-04-24T01:11:21,416  INFO [main] metastore.HMSHandler: Skipping translation for processor with null
2024-04-24T01:11:21,417  INFO [main] HiveMetaStore.audit: ugi=alex	ip=unknown-ip-addr	cmd=get_table : tbl=hive.default.acidtbl	
2024-04-24T01:11:21,426  INFO [main] metastore.HMSHandler: Skipping translation for processor with null
2024-04-24T01:11:21,426  INFO [main] HiveMetaStore.audit: ugi=alex	ip=unknown-ip-addr	cmd=get_table_statistics_req: table=hive.default.acidtbl	
2024-04-24T01:11:21,437  WARN [main] calcite.RelOptHiveTable: No Stats for default@acidtbl, Columns: a
No Stats for default@acidtbl, Columns: a
2024-04-24T01:11:21,437  INFO [main] SessionState: No Stats for default@acidtbl, Columns: a
2024-04-24T01:11:21,499  INFO [main] parse.UpdateDeleteSemanticAnalyzer: Get metadata for source tables
2024-04-24T01:11:21,499  INFO [main] parse.UpdateDeleteSemanticAnalyzer: Get metadata for subqueries
2024-04-24T01:11:21,499  INFO [main] parse.UpdateDeleteSemanticAnalyzer: Get metadata for destination tables
2024-04-24T01:11:21,499  INFO [main] HiveMetaStore.audit: ugi=alex	ip=unknown-ip-addr	cmd=get_table : tbl=hive.default.acidTbl	
2024-04-24T01:11:21,506  INFO [main] metastore.HMSHandler: Skipping translation for processor with null
2024-04-24T01:11:21,516  INFO [main] txn.TxnHandler: Allocated writeId: 1 for txnId: 13
2024-04-24T01:11:21,516  INFO [main] txn.TxnHandler: Allocated write ids for dbName=default, tblName=acidtbl (txnIds: [13])
2024-04-24T01:11:21,519  INFO [main] parse.UpdateDeleteSemanticAnalyzer: CBO Succeeded; optimized logical plan.
2024-04-24T01:11:21,522  INFO [main] optimizer.ColumnPrunerProcFactory: RS 5 oldColExprMap: {KEY.reducesinkkey0=Column[_col0]}
2024-04-24T01:11:21,522  INFO [main] optimizer.ColumnPrunerProcFactory: RS 5 newColExprMap: {KEY.reducesinkkey0=Column[_col0]}
2024-04-24T01:11:21,522  INFO [main] optimizer.ColumnPrunerProcFactory: RS 3 oldColExprMap: {KEY.reducesinkkey0=Column[_col0]}
2024-04-24T01:11:21,522  INFO [main] optimizer.ColumnPrunerProcFactory: RS 3 newColExprMap: {KEY.reducesinkkey0=Column[_col0]}
2024-04-24T01:11:21,525  INFO [main] optimizer.SortedDynPartitionOptimizer: Sorted dynamic partitioning optimization kicked in..
2024-04-24T01:11:21,533  INFO [main] HiveMetaStore.audit: ugi=alex	ip=unknown-ip-addr	cmd=get_table : tbl=hive.default.acidtbl	
2024-04-24T01:11:21,540  INFO [main] metastore.HMSHandler: Skipping translation for processor with null
2024-04-24T01:11:21,540  INFO [main] physical.Vectorizer: Examining input format to see if vectorization is enabled.
2024-04-24T01:11:21,540  INFO [main] physical.Vectorizer: Vectorization is enabled for input format(s) [org.apache.hadoop.hive.ql.io.orc.OrcInputFormat]
2024-04-24T01:11:21,540  INFO [main] physical.Vectorizer: Validating and vectorizing MapWork... (vectorizedVertexNum 0)
2024-04-24T01:11:21,542  INFO [main] physical.Vectorizer: Map vectorization enabled: true
2024-04-24T01:11:21,542  INFO [main] physical.Vectorizer: Map vectorized: true
2024-04-24T01:11:21,542  INFO [main] physical.Vectorizer: Map vectorizedVertexNum: 0
2024-04-24T01:11:21,542  INFO [main] physical.Vectorizer: Map enabledConditionsMet: [hive.vectorized.use.vectorized.input.format IS true]
2024-04-24T01:11:21,542  INFO [main] physical.Vectorizer: Map inputFileFormatClassNameSet: [org.apache.hadoop.hive.ql.io.orc.OrcInputFormat]
2024-04-24T01:11:21,542  INFO [main] physical.Vectorizer: Reduce vectorization enabled: false
2024-04-24T01:11:21,543  INFO [main] physical.Vectorizer: Reduce vectorized: false
2024-04-24T01:11:21,543  INFO [main] physical.Vectorizer: Reduce vectorizedVertexNum: 1
2024-04-24T01:11:21,543  INFO [main] physical.Vectorizer: Reducer hive.vectorized.execution.reduce.enabled: true
2024-04-24T01:11:21,543  INFO [main] physical.Vectorizer: Reducer engine: mr
2024-04-24T01:11:21,543  INFO [main] parse.UpdateDeleteSemanticAnalyzer: Completed plan generation
2024-04-24T01:11:21,543  INFO [main] parse.UpdateDeleteSemanticAnalyzer: Ending caching scope for: 
2024-04-24T01:11:21,543  INFO [main] ql.Driver: Semantic Analysis Completed (retrial = false)
2024-04-24T01:11:21,543  INFO [main] ql.Driver: Created Hive schema: Schema(fieldSchemas:[FieldSchema(name:row__id, type:struct<writeid:bigint,bucketid:int,rowid:bigint>, comment:null)], properties:null)
2024-04-24T01:11:21,543  INFO [main] metadata.Hive: Dumping metastore api call timing information for : compilation phase
2024-04-24T01:11:21,543  INFO [main] metadata.Hive: Total time spent in each metastore function (ms): {getTableColumnStatistics_(String, String, List, String)=30, getTable_(GetTableRequest)=44, isCompatibleWith_(Configuration)=1, getValidWriteIds_(List, String)=6, allocateTableWriteId_(long, String, String)=7, flushCache_()=0, getAllTableConstraints_(AllTableConstraintsRequest)=26}
2024-04-24T01:11:21,543  INFO [main] ql.Driver: Completed compiling command(queryId=alex_20240424011121_678ba6a6-2c64-410f-b82c-b5acd2b1311b); Time taken: 0.23 seconds
2024-04-24T01:11:21,543  INFO [main] lockmgr.DbTxnManager: Setting lock request transaction to txnid:13 for queryId=alex_20240424011121_678ba6a6-2c64-410f-b82c-b5acd2b1311b
2024-04-24T01:11:21,543  INFO [main] lockmgr.DbLockManager: Requesting lock for queryId=alex_20240424011121_678ba6a6-2c64-410f-b82c-b5acd2b1311b
2024-04-24T01:11:21,564  INFO [main] lockmgr.DbLockManager: Response to queryId=alex_20240424011121_678ba6a6-2c64-410f-b82c-b5acd2b1311b LockResponse(lockid:7, state:ACQUIRED)
2024-04-24T01:11:21,564  INFO [main] ql.Driver: Operation QUERY obtained 1 locks
2024-04-24T01:11:21,569  INFO [main] ql.Driver: Executing command(queryId=alex_20240424011121_678ba6a6-2c64-410f-b82c-b5acd2b1311b): delete from acidTbl where a = 5
2024-04-24T01:11:21,570  WARN [main] ql.Driver: Hive-on-MR is deprecated in Hive 2 and may not be available in the future versions. Consider using a different execution engine (i.e. spark, tez) or using Hive 1.X releases.
Query ID = alex_20240424011121_678ba6a6-2c64-410f-b82c-b5acd2b1311b
2024-04-24T01:11:21,570  INFO [main] ql.Driver: Query ID = alex_20240424011121_678ba6a6-2c64-410f-b82c-b5acd2b1311b
Total jobs = 1
2024-04-24T01:11:21,570  INFO [main] ql.Driver: Total jobs = 1
Launching Job 1 out of 1
2024-04-24T01:11:21,570  INFO [main] ql.Driver: Launching Job 1 out of 1
2024-04-24T01:11:21,702  INFO [main] ql.Driver: Starting task [Stage-1:MAPRED] in serial mode
Number of reduce tasks determined at compile time: 2
2024-04-24T01:11:21,702  INFO [main] exec.Task: Number of reduce tasks determined at compile time: 2
In order to change the average load for a reducer (in bytes):
2024-04-24T01:11:21,702  INFO [main] exec.Task: In order to change the average load for a reducer (in bytes):
  set hive.exec.reducers.bytes.per.reducer=<number>
2024-04-24T01:11:21,702  INFO [main] exec.Task:   set hive.exec.reducers.bytes.per.reducer=<number>
In order to limit the maximum number of reducers:
2024-04-24T01:11:21,702  INFO [main] exec.Task: In order to limit the maximum number of reducers:
  set hive.exec.reducers.max=<number>
2024-04-24T01:11:21,702  INFO [main] exec.Task:   set hive.exec.reducers.max=<number>
In order to set a constant number of reducers:
2024-04-24T01:11:21,702  INFO [main] exec.Task: In order to set a constant number of reducers:
  set mapreduce.job.reduces=<number>
2024-04-24T01:11:21,702  INFO [main] exec.Task:   set mapreduce.job.reduces=<number>
2024-04-24T01:11:21,707  INFO [main] mr.ExecDriver: Using org.apache.hadoop.hive.ql.io.HiveInputFormat
2024-04-24T01:11:21,707  INFO [main] exec.Utilities: Processing alias acidtbl
2024-04-24T01:11:21,707  INFO [main] exec.Utilities: Adding 1 inputs; the first input is file:/home/alex/Repositories/hive/ql/target/tmp/org.apache.hadoop.hive.ql.TestTxnCommands-1713946100941/warehouse/acidtbl
2024-04-24T01:11:21,714  INFO [main] exec.Utilities: Changed input file file:/home/alex/Repositories/hive/ql/target/tmp/org.apache.hadoop.hive.ql.TestTxnCommands-1713946100941/warehouse/acidtbl to empty file file:/home/alex/Repositories/hive/ql/target/tmp/localscratchdir/5b4ad0e1-d072-42a7-ab19-a31a079f67bb/hive_2024-04-24_01-11-21_313_6092766272540955419-1/-mr-10000/e55dacd5-423d-454a-88fa-701f4c2f5cac (false)
2024-04-24T01:11:21,723  INFO [main] exec.SerializationUtilities: Serializing MapWork using kryo
2024-04-24T01:11:21,724  INFO [main] exec.Utilities: Serialized plan (via FILE) - name: null size: 7,01KB
2024-04-24T01:11:21,728  INFO [main] exec.SerializationUtilities: Serializing ReduceWork using kryo
2024-04-24T01:11:21,729  INFO [main] exec.Utilities: Serialized plan (via FILE) - name: null size: 7,55KB
2024-04-24T01:11:21,730  WARN [main] impl.MetricsSystemImpl: JobTracker metrics system already initialized!
2024-04-24T01:11:21,734  INFO [main] fs.FSStatsPublisher: created : file:/home/alex/Repositories/hive/ql/target/tmp/localscratchdir/5b4ad0e1-d072-42a7-ab19-a31a079f67bb/hive_2024-04-24_01-11-21_332_4918000624638452853-1/-mr-10000
2024-04-24T01:11:21,736  WARN [main] impl.MetricsSystemImpl: JobTracker metrics system already initialized!
2024-04-24T01:11:21,742  WARN [main] mapreduce.JobResourceUploader: Hadoop command-line option parsing not performed. Implement the Tool interface and execute your application with ToolRunner to remedy this.
2024-04-24T01:11:21,747  WARN [main] mapreduce.JobResourceUploader: No job jar file set.  User classes may not be found. See Job or Job#setJar(String).
2024-04-24T01:11:21,748  INFO [main] io.HiveInputFormat: hive.io.file.readcolumn.ids = 0
2024-04-24T01:11:21,748  INFO [main] io.HiveInputFormat: hive.io.file.readcolumn.names = a
2024-04-24T01:11:21,748  INFO [main] io.HiveInputFormat: Generating splits for dirs: file:/home/alex/Repositories/hive/ql/target/tmp/localscratchdir/5b4ad0e1-d072-42a7-ab19-a31a079f67bb/hive_2024-04-24_01-11-21_313_6092766272540955419-1/-mr-10000/e55dacd5-423d-454a-88fa-701f4c2f5cac
2024-04-24T01:11:21,748  INFO [main] orc.OrcInputFormat: getSplits started
2024-04-24T01:11:21,749  INFO [main] orc.OrcInputFormat: Context:: isAcid: true isVectorMode: true sarg: leaf-(EQUALS a 5) minSplitSize: 1 maxSplitSize: 256000000 splitStrategy: HYBRID footerInSplits: false numBuckets: 2 numThreads: 10 cacheMemSize: 268435456 cacheStripeDetails: true useSoftReference: false writeIdList: default.acidtbl:1:9223372036854775807:: isTransactionalTable: true txnProperties: default 
2024-04-24T01:11:21,749  INFO [main] orc.OrcInputFormat: ORC pushdown predicate: leaf-(EQUALS a 5)
2024-04-24T01:11:21,752  INFO [main] orc.OrcInputFormat: FooterCacheHitRatio: 0/0
2024-04-24T01:11:21,752  INFO [main] orc.OrcInputFormat: getSplits finished (#splits: 0). duration: 4 ms
2024-04-24T01:11:21,752  INFO [main] io.HiveInputFormat: number of splits 0
2024-04-24T01:11:21,771  INFO [main] mapreduce.JobSubmitter: number of splits:0
2024-04-24T01:11:21,791  INFO [main] mapreduce.JobSubmitter: Submitting tokens for job: job_local895161810_0070
2024-04-24T01:11:21,791  INFO [main] mapreduce.JobSubmitter: Executing with tokens: []
2024-04-24T01:11:21,852  INFO [main] mapreduce.Job: The url to track the job: http://localhost:8080/
Job running in-process (local Hadoop)
2024-04-24T01:11:21,852  INFO [main] exec.Task: Job running in-process (local Hadoop)
2024-04-24T01:11:21,853  INFO [Thread-5818] mapred.LocalJobRunner: OutputCommitter set in config org.apache.hadoop.hive.ql.io.HiveFileFormatUtils$NullOutputCommitter
2024-04-24T01:11:21,853  INFO [Thread-5818] mapred.LocalJobRunner: OutputCommitter is org.apache.hadoop.hive.ql.io.HiveFileFormatUtils$NullOutputCommitter
2024-04-24T01:11:21,853  INFO [Thread-5818] mapred.LocalJobRunner: Waiting for map tasks
2024-04-24T01:11:21,853  INFO [Thread-5818] mapred.LocalJobRunner: map task executor complete.
2024-04-24T01:11:21,855  INFO [Thread-5818] mapred.LocalJobRunner: Waiting for reduce tasks
2024-04-24T01:11:21,855  INFO [pool-338-thread-1] mapred.LocalJobRunner: Starting task: attempt_local895161810_0070_r_000000_0
2024-04-24T01:11:21,859  INFO [pool-338-thread-1] mapred.Task:  Using ResourceCalculatorProcessTree : [ ]
2024-04-24T01:11:21,859  INFO [pool-338-thread-1] mapred.ReduceTask: Using ShuffleConsumerPlugin: org.apache.hadoop.mapreduce.task.reduce.Shuffle@3400639
2024-04-24T01:11:21,859  WARN [pool-338-thread-1] impl.MetricsSystemImpl: JobTracker metrics system already initialized!
2024-04-24T01:11:21,860  INFO [pool-338-thread-1] reduce.MergeManagerImpl: MergerManager: memoryLimit=1477548416, maxSingleShuffleLimit=369387104, mergeThreshold=975182016, ioSortFactor=10, memToMemMergeOutputsThreshold=10
2024-04-24T01:11:21,861  INFO [EventFetcher for fetching Map Completion Events] reduce.EventFetcher: attempt_local895161810_0070_r_000000_0 Thread started: EventFetcher for fetching Map Completion Events
2024-04-24T01:11:21,862  INFO [EventFetcher for fetching Map Completion Events] reduce.EventFetcher: EventFetcher is interrupted.. Returning
2024-04-24T01:11:21,863  INFO [pool-338-thread-1] mapred.LocalJobRunner: 
2024-04-24T01:11:21,863  INFO [pool-338-thread-1] reduce.MergeManagerImpl: finalMerge called with 0 in-memory map-outputs and 0 on-disk map-outputs
2024-04-24T01:11:21,863  INFO [pool-338-thread-1] reduce.MergeManagerImpl: Merging 0 files, 0 bytes from disk
2024-04-24T01:11:21,863  INFO [pool-338-thread-1] reduce.MergeManagerImpl: Merging 0 segments, 0 bytes from memory into reduce
2024-04-24T01:11:21,863  INFO [pool-338-thread-1] mapred.Merger: Merging 0 sorted segments
2024-04-24T01:11:21,863  INFO [pool-338-thread-1] mapred.Merger: Down to the last merge-pass, with 0 segments left of total size: 0 bytes
2024-04-24T01:11:21,863  INFO [pool-338-thread-1] mapred.LocalJobRunner: 
2024-04-24T01:11:21,864  INFO [pool-338-thread-1] exec.SerializationUtilities: Deserializing ReduceWork using kryo
2024-04-24T01:11:21,865  INFO [pool-338-thread-1] exec.Utilities: Deserialized plan (via FILE) - name: null size: 7,55KB
2024-04-24T01:11:21,866  INFO [pool-338-thread-1] ExecReducer: 
<SEL>Id =6
  <Children>
    <FS>Id =7
      <Children>
      <\Children>
      <Parent>Id = 6 null<\Parent>
    <\FS>
  <\Children>
  <Parent><\Parent>
<\SEL>
2024-04-24T01:11:21,866  INFO [pool-338-thread-1] exec.SelectOperator: Initializing Operator: SEL[6]
2024-04-24T01:11:21,866  INFO [pool-338-thread-1] exec.SelectOperator: SELECT struct<key:struct<reducesinkkey0:struct<writeid:bigint,bucketid:int,rowid:bigint>>,value:struct<>>
2024-04-24T01:11:21,866  INFO [pool-338-thread-1] exec.FileSinkOperator: Initializing Operator: FS[7]
2024-04-24T01:11:21,866  INFO [pool-338-thread-1] exec.FileSinkOperator: Using serializer : AbstractSerDe [log=org.apache.logging.slf4j.Log4jLogger@7c52fdfa, configuration=Optional[Configuration: core-default.xml, core-site.xml, mapred-default.xml, mapred-site.xml, yarn-default.xml, yarn-site.xml, hdfs-default.xml, hdfs-site.xml, file:/home/alex/Repositories/hive/ql/target/tmp/TestTxnCommandsWithSplitUpdateAndVectorization/mapred/local/localRunner/alex/job_local895161810_0070/job_local895161810_0070.xml], properties={transactional_properties=default, name=default.acidtbl, transactional=true, columns.types=int:int, bucket_field_name=a, columns=a,b, numFilesErasureCoded=0, columns.comments=&amp#0;, bucketing_version=2, bucket_count=2, serialization.lib=org.apache.hadoop.hive.ql.io.orc.OrcSerde, file.inputformat=org.apache.hadoop.hive.ql.io.orc.OrcInputFormat, file.outputformat=org.apache.hadoop.hive.ql.io.orc.OrcOutputFormat, location=file:/home/alex/Repositories/hive/ql/target/tmp/org.apache.hadoop.hive.ql.TestTxnCommands-1713946100941/warehouse/acidtbl, column.name.delimiter=,}, tableProperties={transactional_properties=default, name=default.acidtbl, transactional=true, columns.types=int:int, bucket_field_name=a, columns=a,b, numFilesErasureCoded=0, columns.comments=&amp#0;, bucketing_version=2, bucket_count=2, serialization.lib=org.apache.hadoop.hive.ql.io.orc.OrcSerde, file.inputformat=org.apache.hadoop.hive.ql.io.orc.OrcInputFormat, location=file:/home/alex/Repositories/hive/ql/target/tmp/org.apache.hadoop.hive.ql.TestTxnCommands-1713946100941/warehouse/acidtbl, file.outputformat=org.apache.hadoop.hive.ql.io.orc.OrcOutputFormat, column.name.delimiter=,}, partitionProperties=Optional.empty, columnNames=[a, b], columnTypes=[int, int], getClass()=class org.apache.hadoop.hive.ql.io.orc.OrcSerde] and formatter : org.apache.hadoop.hive.ql.io.orc.OrcOutputFormat@60f741ce
2024-04-24T01:11:21,866  INFO [pool-338-thread-1] exec.SelectOperator: Closing Operator: SEL[6]
2024-04-24T01:11:21,866  INFO [pool-338-thread-1] exec.SelectOperator: RECORDS_OUT_INTERMEDIATE:0, RECORDS_OUT_OPERATOR_SEL_6:0, 
2024-04-24T01:11:21,866  INFO [pool-338-thread-1] exec.FileSinkOperator: Closing Operator: FS[7]
2024-04-24T01:11:21,866  INFO [pool-338-thread-1] exec.FileSinkOperator: FS[7]: records written - 0
2024-04-24T01:11:21,867  INFO [pool-338-thread-1] exec.FileSinkOperator: Final Path: FS file:/home/alex/Repositories/hive/ql/target/tmp/org.apache.hadoop.hive.ql.TestTxnCommands-1713946100941/warehouse/acidtbl
2024-04-24T01:11:21,867  INFO [pool-338-thread-1] exec.FileSinkOperator: New Final Path: FS file:/home/alex/Repositories/hive/ql/target/tmp/org.apache.hadoop.hive.ql.TestTxnCommands-1713946100941/warehouse/acidtbl
2024-04-24T01:11:21,871  INFO [pool-338-thread-1] exec.FileSinkOperator: TOTAL_TABLE_ROWS_WRITTEN:0, RECORDS_OUT_OPERATOR_FS_7:0, RECORDS_OUT_1_default.acidtbl:0, RECORDS_OUT_INTERMEDIATE:0, 
2024-04-24T01:11:21,873  INFO [pool-338-thread-1] mapred.Task: Task:attempt_local895161810_0070_r_000000_0 is done. And is in the process of committing
2024-04-24T01:11:21,874  INFO [pool-338-thread-1] mapred.LocalJobRunner: reduce > reduce
2024-04-24T01:11:21,874  INFO [pool-338-thread-1] mapred.Task: Task 'attempt_local895161810_0070_r_000000_0' done.
2024-04-24T01:11:21,874  INFO [pool-338-thread-1] mapred.Task: Final Counters for attempt_local895161810_0070_r_000000_0: Counters: 29
	File System Counters
		FILE: Number of bytes read=1592143
		FILE: Number of bytes written=87836812
		FILE: Number of read operations=0
		FILE: Number of large read operations=0
		FILE: Number of write operations=0
		HDFS: Number of bytes read=0
		HDFS: Number of bytes written=0
		HDFS: Number of read operations=0
		HDFS: Number of large read operations=0
		HDFS: Number of write operations=0
	Map-Reduce Framework
		Combine input records=0
		Combine output records=0
		Reduce input groups=0
		Reduce shuffle bytes=0
		Reduce input records=0
		Reduce output records=0
		Spilled Records=0
		Shuffled Maps =0
		Failed Shuffles=0
		Merged Map outputs=0
		GC time elapsed (ms)=0
		Total committed heap usage (bytes)=2110783488
	Shuffle Errors
		BAD_ID=0
		CONNECTION=0
		IO_ERROR=0
		WRONG_LENGTH=0
		WRONG_MAP=0
		WRONG_REDUCE=0
	File Output Format Counters 
		Bytes Written=0
2024-04-24T01:11:21,874  INFO [pool-338-thread-1] mapred.LocalJobRunner: Finishing task: attempt_local895161810_0070_r_000000_0
2024-04-24T01:11:21,874  INFO [pool-338-thread-1] mapred.LocalJobRunner: Starting task: attempt_local895161810_0070_r_000001_0
2024-04-24T01:11:21,875  INFO [pool-338-thread-1] mapred.Task:  Using ResourceCalculatorProcessTree : [ ]
2024-04-24T01:11:21,875  INFO [pool-338-thread-1] mapred.ReduceTask: Using ShuffleConsumerPlugin: org.apache.hadoop.mapreduce.task.reduce.Shuffle@4d0f2609
2024-04-24T01:11:21,875  WARN [pool-338-thread-1] impl.MetricsSystemImpl: JobTracker metrics system already initialized!
2024-04-24T01:11:21,876  INFO [pool-338-thread-1] reduce.MergeManagerImpl: MergerManager: memoryLimit=1477548416, maxSingleShuffleLimit=369387104, mergeThreshold=975182016, ioSortFactor=10, memToMemMergeOutputsThreshold=10
2024-04-24T01:11:21,876  INFO [EventFetcher for fetching Map Completion Events] reduce.EventFetcher: attempt_local895161810_0070_r_000001_0 Thread started: EventFetcher for fetching Map Completion Events
2024-04-24T01:11:21,877  INFO [pool-338-thread-1] mapred.LocalJobRunner: 
2024-04-24T01:11:21,877  INFO [pool-338-thread-1] reduce.MergeManagerImpl: finalMerge called with 0 in-memory map-outputs and 0 on-disk map-outputs
2024-04-24T01:11:21,877  INFO [pool-338-thread-1] reduce.MergeManagerImpl: Merging 0 files, 0 bytes from disk
2024-04-24T01:11:21,877  INFO [pool-338-thread-1] reduce.MergeManagerImpl: Merging 0 segments, 0 bytes from memory into reduce
2024-04-24T01:11:21,877  INFO [pool-338-thread-1] mapred.Merger: Merging 0 sorted segments
2024-04-24T01:11:21,877  INFO [pool-338-thread-1] mapred.Merger: Down to the last merge-pass, with 0 segments left of total size: 0 bytes
2024-04-24T01:11:21,877  INFO [pool-338-thread-1] mapred.LocalJobRunner: 
2024-04-24T01:11:21,878  INFO [pool-338-thread-1] exec.SerializationUtilities: Deserializing ReduceWork using kryo
2024-04-24T01:11:21,878  INFO [pool-338-thread-1] exec.Utilities: Deserialized plan (via FILE) - name: null size: 7,55KB
2024-04-24T01:11:21,879  INFO [pool-338-thread-1] ExecReducer: 
<SEL>Id =6
  <Children>
    <FS>Id =7
      <Children>
      <\Children>
      <Parent>Id = 6 null<\Parent>
    <\FS>
  <\Children>
  <Parent><\Parent>
<\SEL>
2024-04-24T01:11:21,879  INFO [pool-338-thread-1] exec.SelectOperator: Initializing Operator: SEL[6]
2024-04-24T01:11:21,879  INFO [pool-338-thread-1] exec.SelectOperator: SELECT struct<key:struct<reducesinkkey0:struct<writeid:bigint,bucketid:int,rowid:bigint>>,value:struct<>>
2024-04-24T01:11:21,879  INFO [pool-338-thread-1] exec.FileSinkOperator: Initializing Operator: FS[7]
2024-04-24T01:11:21,879  INFO [pool-338-thread-1] exec.FileSinkOperator: Using serializer : AbstractSerDe [log=org.apache.logging.slf4j.Log4jLogger@7c52fdfa, configuration=Optional[Configuration: core-default.xml, core-site.xml, mapred-default.xml, mapred-site.xml, yarn-default.xml, yarn-site.xml, hdfs-default.xml, hdfs-site.xml, file:/home/alex/Repositories/hive/ql/target/tmp/TestTxnCommandsWithSplitUpdateAndVectorization/mapred/local/localRunner/alex/job_local895161810_0070/job_local895161810_0070.xml], properties={transactional_properties=default, name=default.acidtbl, transactional=true, columns.types=int:int, bucket_field_name=a, columns=a,b, numFilesErasureCoded=0, columns.comments=&amp#0;, bucketing_version=2, bucket_count=2, serialization.lib=org.apache.hadoop.hive.ql.io.orc.OrcSerde, file.inputformat=org.apache.hadoop.hive.ql.io.orc.OrcInputFormat, file.outputformat=org.apache.hadoop.hive.ql.io.orc.OrcOutputFormat, location=file:/home/alex/Repositories/hive/ql/target/tmp/org.apache.hadoop.hive.ql.TestTxnCommands-1713946100941/warehouse/acidtbl, column.name.delimiter=,}, tableProperties={transactional_properties=default, name=default.acidtbl, transactional=true, columns.types=int:int, bucket_field_name=a, columns=a,b, numFilesErasureCoded=0, columns.comments=&amp#0;, bucketing_version=2, bucket_count=2, serialization.lib=org.apache.hadoop.hive.ql.io.orc.OrcSerde, file.inputformat=org.apache.hadoop.hive.ql.io.orc.OrcInputFormat, location=file:/home/alex/Repositories/hive/ql/target/tmp/org.apache.hadoop.hive.ql.TestTxnCommands-1713946100941/warehouse/acidtbl, file.outputformat=org.apache.hadoop.hive.ql.io.orc.OrcOutputFormat, column.name.delimiter=,}, partitionProperties=Optional.empty, columnNames=[a, b], columnTypes=[int, int], getClass()=class org.apache.hadoop.hive.ql.io.orc.OrcSerde] and formatter : org.apache.hadoop.hive.ql.io.orc.OrcOutputFormat@57645be4
2024-04-24T01:11:21,880  INFO [pool-338-thread-1] exec.SelectOperator: Closing Operator: SEL[6]
2024-04-24T01:11:21,880  INFO [pool-338-thread-1] exec.SelectOperator: RECORDS_OUT_OPERATOR_SEL_6:0, RECORDS_OUT_INTERMEDIATE:0, 
2024-04-24T01:11:21,880  INFO [pool-338-thread-1] exec.FileSinkOperator: Closing Operator: FS[7]
2024-04-24T01:11:21,880  INFO [pool-338-thread-1] exec.FileSinkOperator: FS[7]: records written - 0
2024-04-24T01:11:21,880  INFO [pool-338-thread-1] exec.FileSinkOperator: Final Path: FS file:/home/alex/Repositories/hive/ql/target/tmp/org.apache.hadoop.hive.ql.TestTxnCommands-1713946100941/warehouse/acidtbl
2024-04-24T01:11:21,880  INFO [pool-338-thread-1] exec.FileSinkOperator: New Final Path: FS file:/home/alex/Repositories/hive/ql/target/tmp/org.apache.hadoop.hive.ql.TestTxnCommands-1713946100941/warehouse/acidtbl
2024-04-24T01:11:21,885  INFO [pool-338-thread-1] exec.FileSinkOperator: RECORDS_OUT_INTERMEDIATE:0, RECORDS_OUT_OPERATOR_FS_7:0, TOTAL_TABLE_ROWS_WRITTEN:0, RECORDS_OUT_1_default.acidtbl:0, 
2024-04-24T01:11:21,885  INFO [pool-338-thread-1] mapred.Task: Task:attempt_local895161810_0070_r_000001_0 is done. And is in the process of committing
2024-04-24T01:11:21,886  INFO [pool-338-thread-1] mapred.LocalJobRunner: reduce > reduce
2024-04-24T01:11:21,886  INFO [pool-338-thread-1] mapred.Task: Task 'attempt_local895161810_0070_r_000001_0' done.
2024-04-24T01:11:21,886  INFO [pool-338-thread-1] mapred.Task: Final Counters for attempt_local895161810_0070_r_000001_0: Counters: 29
	File System Counters
		FILE: Number of bytes read=1599767
		FILE: Number of bytes written=87836865
		FILE: Number of read operations=0
		FILE: Number of large read operations=0
		FILE: Number of write operations=0
		HDFS: Number of bytes read=0
		HDFS: Number of bytes written=0
		HDFS: Number of read operations=0
		HDFS: Number of large read operations=0
		HDFS: Number of write operations=0
	Map-Reduce Framework
		Combine input records=0
		Combine output records=0
		Reduce input groups=0
		Reduce shuffle bytes=0
		Reduce input records=0
		Reduce output records=0
		Spilled Records=0
		Shuffled Maps =0
		Failed Shuffles=0
		Merged Map outputs=0
		GC time elapsed (ms)=0
		Total committed heap usage (bytes)=2110783488
	Shuffle Errors
		BAD_ID=0
		CONNECTION=0
		IO_ERROR=0
		WRONG_LENGTH=0
		WRONG_MAP=0
		WRONG_REDUCE=0
	File Output Format Counters 
		Bytes Written=0
2024-04-24T01:11:21,886  INFO [pool-338-thread-1] mapred.LocalJobRunner: Finishing task: attempt_local895161810_0070_r_000001_0
2024-04-24T01:11:21,886  INFO [Thread-5818] mapred.LocalJobRunner: reduce task executor complete.
2024-04-24 01:11:22,855 Stage-1 map = 0%,  reduce = 100%
2024-04-24T01:11:22,855  INFO [main] exec.Task: 2024-04-24 01:11:22,855 Stage-1 map = 0%,  reduce = 100%
Ended Job = job_local895161810_0070
2024-04-24T01:11:22,855  INFO [main] exec.Task: Ended Job = job_local895161810_0070
2024-04-24T01:11:22,856  INFO [main] FileOperations: No manifests found in directory file:/home/alex/Repositories/hive/ql/target/tmp/org.apache.hadoop.hive.ql.TestTxnCommands-1713946100941/warehouse/acidtbl/_tmp.delete_delta_0000001_0000001_0000 - query produced no output
2024-04-24T01:11:22,856  INFO [main] ql.Driver: Starting task [Stage-0:MOVE] in serial mode
Loading data to table default.acidtbl
2024-04-24T01:11:22,856  INFO [main] exec.Task: Loading data to table default.acidtbl from file:/home/alex/Repositories/hive/ql/target/tmp/org.apache.hadoop.hive.ql.TestTxnCommands-1713946100941/warehouse/acidtbl
2024-04-24T01:11:22,856  INFO [main] HiveMetaStore.audit: ugi=alex	ip=unknown-ip-addr	cmd=get_table : tbl=hive.default.acidtbl	
2024-04-24T01:11:22,863  INFO [main] metastore.HMSHandler: Skipping translation for processor with null
2024-04-24T01:11:22,863  INFO [main] HiveMetaStore.audit: ugi=alex	ip=unknown-ip-addr	cmd=get_table : tbl=hive.default.acidtbl	
2024-04-24T01:11:22,870  INFO [main] metastore.HMSHandler: Skipping translation for processor with null
2024-04-24T01:11:22,870  INFO [main] HiveMetaStore.audit: ugi=alex	ip=unknown-ip-addr	cmd=alter_table: hive.default.acidtbl newtbl=acidtbl	
2024-04-24T01:11:22,902  INFO [main] ql.Driver: Starting task [Stage-2:STATS] in serial mode
2024-04-24T01:11:22,903  INFO [main] HiveMetaStore.audit: ugi=alex	ip=unknown-ip-addr	cmd=get_table : tbl=hive.default.acidtbl	
2024-04-24T01:11:22,909  INFO [main] metastore.HMSHandler: Skipping translation for processor with null
2024-04-24T01:11:22,909  INFO [main] stats.BasicStatsTask: Executing stats task
2024-04-24T01:11:22,909  INFO [main] fs.FSStatsPublisher: created : file:/home/alex/Repositories/hive/ql/target/tmp/localscratchdir/5b4ad0e1-d072-42a7-ab19-a31a079f67bb/hive_2024-04-24_01-11-21_332_4918000624638452853-1/-mr-10000
2024-04-24T01:11:22,911  INFO [main] HiveMetaStore.audit: ugi=alex	ip=unknown-ip-addr	cmd=get_table : tbl=hive.default.acidtbl	
2024-04-24T01:11:22,917  INFO [main] metastore.HMSHandler: Skipping translation for processor with null
2024-04-24T01:11:22,918  INFO [main] FileOperations: Read stats for default.acidtbl/, numRows, true, 0, false: 
2024-04-24T01:11:22,918  INFO [main] FileOperations: Read stats for default.acidtbl/, rawDataSize, true, 0, false: 
2024-04-24T01:11:22,918  INFO [main] HiveMetaStore.audit: ugi=alex	ip=unknown-ip-addr	cmd=alter_table: hive.default.acidtbl newtbl=acidtbl	
2024-04-24T01:11:22,938  INFO [main] FileOperations: Read stats for default.acidtbl/, insertCount, true, 0, false: 
2024-04-24T01:11:22,938  INFO [main] FileOperations: Read stats for default.acidtbl/, updateCount, true, 0, false: 
2024-04-24T01:11:22,938  INFO [main] FileOperations: Read stats for default.acidtbl/, deleteCount, true, 0, false: 
2024-04-24T01:11:22,938  INFO [main] stats.BasicStatsTask: Table default.acidtbl stats: [numFiles=0, numRows=0, totalSize=0, rawDataSize=0, numFilesErasureCoded=0]
2024-04-24T01:11:22,939  INFO [main] metadata.Hive: Dumping metastore api call timing information for : execution phase
2024-04-24T01:11:22,939  INFO [main] metadata.Hive: Total time spent in each metastore function (ms): {getTable_(GetTableRequest)=26, alter_table_(String, String, String, Table, EnvironmentContext, String)=52, isCompatibleWith_(Configuration)=1}
MapReduce Jobs Launched: 
2024-04-24T01:11:22,939  INFO [main] ql.Driver: MapReduce Jobs Launched: 
Stage-Stage-1:  HDFS Read: 0 HDFS Write: 0 SUCCESS
2024-04-24T01:11:22,939  INFO [main] ql.Driver: Stage-Stage-1:  HDFS Read: 0 HDFS Write: 0 SUCCESS
Total MapReduce CPU Time Spent: 0 msec
2024-04-24T01:11:22,939  INFO [main] ql.Driver: Total MapReduce CPU Time Spent: 0 msec
2024-04-24T01:11:22,939  INFO [main] ql.Driver: Completed executing command(queryId=alex_20240424011121_678ba6a6-2c64-410f-b82c-b5acd2b1311b); Time taken: 1.37 seconds
2024-04-24T01:11:22,946  INFO [main] txn.AcidHouseKeeperService: Starting to run AcidHouseKeeperService.
2024-04-24T01:11:22,956  INFO [main] txn.TxnHandler: Removed transactions: ([13]) from MIN_HISTORY_LEVEL
2024-04-24T01:11:22,969  INFO [main] txn.TxnHandler: Aborted the following transactions due to timeout: [13]
2024-04-24T01:11:22,969  INFO [main] txn.TxnHandler: Aborted 1 transactions due to timeout
2024-04-24T01:11:22,972  INFO [main] txn.TxnHandler: Deleted 0 obsolete rows from WRITE_SET
2024-04-24T01:11:22,980  INFO [main] txn.CompactionTxnHandler: Removed 0 rows from TXN_TO_WRITE_ID with Txn Low-Water-Mark: 13
2024-04-24T01:11:22,985  INFO [main] txn.CompactionTxnHandler: Removed 0 rows from COMPLETED_TXN_COMPONENTS
2024-04-24T01:11:22,986  INFO [main] ql.Context: Deleting scratch dir: file:/home/alex/Repositories/hive/ql/target/tmp/localscratchdir/5b4ad0e1-d072-42a7-ab19-a31a079f67bb/hive_2024-04-24_01-11-21_332_4918000624638452853-1
2024-04-24T01:11:22,986  INFO [main] cleanup.SyncCleanupService: Deleted directory: file:/home/alex/Repositories/hive/ql/target/tmp/localscratchdir/5b4ad0e1-d072-42a7-ab19-a31a079f67bb/hive_2024-04-24_01-11-21_332_4918000624638452853-1 on fs with scheme file
2024-04-24T01:11:22,986  INFO [main] ql.Context: Deleting scratch dir: file:/home/alex/Repositories/hive/ql/target/tmp/localscratchdir/5b4ad0e1-d072-42a7-ab19-a31a079f67bb/hive_2024-04-24_01-11-21_313_6092766272540955419-1
2024-04-24T01:11:22,987  INFO [main] cleanup.SyncCleanupService: Deleted directory: file:/home/alex/Repositories/hive/ql/target/tmp/localscratchdir/5b4ad0e1-d072-42a7-ab19-a31a079f67bb/hive_2024-04-24_01-11-21_313_6092766272540955419-1 on fs with scheme file
2024-04-24T01:11:22,987  INFO [main] ql.Driver: Compiling command(queryId=alex_20240424011122_e660ae2e-e0b4-4283-a3d5-3c72f8e9feaa): delete from acidTbl where a = 5
2024-04-24T01:11:22,988  INFO [main] metastore.HiveMetaStoreClient: Mestastore configuration metastore.txn.timeout changed from 300s to 0s
2024-04-24T01:11:22,988  INFO [main] HiveMetaStore.audit: ugi=alex	ip=unknown-ip-addr	cmd=Cleaning up thread local RawStore...	
2024-04-24T01:11:22,988  INFO [main] metastore.ObjectStore: RawStore: org.apache.hadoop.hive.metastore.ObjectStore@77930afb, with PersistenceManager: org.datanucleus.api.jdo.JDOPersistenceManager@5a6dd309 will be shutdown
2024-04-24T01:11:22,989  INFO [main] HiveMetaStore.audit: ugi=alex	ip=unknown-ip-addr	cmd=Done cleaning up thread local RawStore	
2024-04-24T01:11:22,989  INFO [main] metastore.HiveMetaStoreClient: Closed a connection to metastore, current connections: -13
2024-04-24T01:11:22,989  INFO [main] parse.UpdateDeleteSemanticAnalyzer: Starting caching scope for: 
2024-04-24T01:11:22,990  INFO [main] metastore.HiveMetaStoreClient: HMS client filtering is enabled.
2024-04-24T01:11:22,991  INFO [main] metastore.HMSHandler: 0: Opening raw store with implementation class:org.apache.hadoop.hive.metastore.ObjectStore
2024-04-24T01:11:22,992  INFO [main] metastore.PersistenceManagerProvider: Configuration datanucleus.autoStartMechanismMode is not set. Defaulting to 'ignored'
2024-04-24T01:11:22,992  INFO [main] metastore.ObjectStore: RawStore: org.apache.hadoop.hive.metastore.ObjectStore@626f4fc3, with PersistenceManager: null will be shutdown
2024-04-24T01:11:22,992  INFO [main] metastore.ObjectStore: RawStore: org.apache.hadoop.hive.metastore.ObjectStore@626f4fc3, with PersistenceManager: org.datanucleus.api.jdo.JDOPersistenceManager@3f0dda0d created in the thread with id: 1
2024-04-24T01:11:23,025  INFO [main] metastore.HMSHandler: Created RawStore: org.apache.hadoop.hive.metastore.ObjectStore@626f4fc3 from thread id: 1
2024-04-24T01:11:23,026  INFO [main] metastore.HMSHandler: HMS server filtering is disabled by configuration
2024-04-24T01:11:23,026  INFO [main] metastore.RetryingMetaStoreClient: RetryingMetaStoreClient proxy=class org.apache.hadoop.hive.ql.metadata.SessionHiveMetaStoreClient ugi=alex (auth:SIMPLE) retries=1 delay=1 lifetime=0
2024-04-24T01:11:23,026  INFO [main] HiveMetaStore.audit: ugi=alex	ip=unknown-ip-addr	cmd=get_table : tbl=hive.default.acidTbl	
2024-04-24T01:11:23,035  INFO [main] metastore.HMSHandler: Skipping translation for processor with null
2024-04-24T01:11:23,036  INFO [main] parse.RewriteSemanticAnalyzer: Going to reparse <delete from acidTbl where a = 5> as 
<insert into table `default`.`acidTbl` select ROW__ID from `default`.`acidTbl` sort by ROW__ID >
2024-04-24T01:11:23,036  INFO [main] parse.UpdateDeleteSemanticAnalyzer: Starting Semantic Analysis
2024-04-24T01:11:23,037  INFO [main] parse.UpdateDeleteSemanticAnalyzer: Completed phase 1 of Semantic Analysis
2024-04-24T01:11:23,037  INFO [main] parse.UpdateDeleteSemanticAnalyzer: Get metadata for source tables
2024-04-24T01:11:23,038  INFO [main] HiveMetaStore.audit: ugi=alex	ip=unknown-ip-addr	cmd=get_table : tbl=hive.default.acidtbl	
2024-04-24T01:11:23,048  INFO [main] metastore.HMSHandler: Skipping translation for processor with null
2024-04-24T01:11:23,048  INFO [main] parse.UpdateDeleteSemanticAnalyzer: Get metadata for subqueries
2024-04-24T01:11:23,048  INFO [main] parse.UpdateDeleteSemanticAnalyzer: Get metadata for destination tables
2024-04-24T01:11:23,049  INFO [main] HiveMetaStore.audit: ugi=alex	ip=unknown-ip-addr	cmd=get_table : tbl=hive.default.acidTbl	
2024-04-24T01:11:23,058  INFO [main] metastore.HMSHandler: Skipping translation for processor with null
2024-04-24T01:11:23,058  INFO [main] parse.UpdateDeleteSemanticAnalyzer: Completed getting MetaData in Semantic Analysis
2024-04-24T01:11:23,059  INFO [main] parse.UpdateDeleteSemanticAnalyzer: Disabling LLAP IO encode as ETL query is detected
2024-04-24T01:11:23,071  INFO [main] HiveMetaStore.audit: ugi=alex	ip=unknown-ip-addr	cmd=get_all_table_constraints : tbl=hive.default.acidtbl	
2024-04-24T01:11:23,099  INFO [main] calcite.RelOptHiveTable: Calculating column statistics for default.acidtbl, projIndxSet: [0], allowMissingStats: true
2024-04-24T01:11:23,100  INFO [main] HiveMetaStore.audit: ugi=alex	ip=unknown-ip-addr	cmd=get_table : tbl=hive.default.acidtbl	
2024-04-24T01:11:23,114  INFO [main] metastore.HMSHandler: Skipping translation for processor with null
2024-04-24T01:11:23,116  INFO [main] HiveMetaStore.audit: ugi=alex	ip=unknown-ip-addr	cmd=get_table : tbl=hive.default.acidtbl	
2024-04-24T01:11:23,129  INFO [main] metastore.HMSHandler: Skipping translation for processor with null
2024-04-24T01:11:23,129  INFO [main] HiveMetaStore.audit: ugi=alex	ip=unknown-ip-addr	cmd=get_table_statistics_req: table=hive.default.acidtbl	
2024-04-24T01:11:23,141  WARN [main] calcite.RelOptHiveTable: No Stats for default@acidtbl, Columns: a
No Stats for default@acidtbl, Columns: a
2024-04-24T01:11:23,141  INFO [main] SessionState: No Stats for default@acidtbl, Columns: a
2024-04-24T01:11:23,222  INFO [main] parse.UpdateDeleteSemanticAnalyzer: Get metadata for source tables
2024-04-24T01:11:23,222  INFO [main] parse.UpdateDeleteSemanticAnalyzer: Get metadata for subqueries
2024-04-24T01:11:23,222  INFO [main] parse.UpdateDeleteSemanticAnalyzer: Get metadata for destination tables
2024-04-24T01:11:23,222  INFO [main] HiveMetaStore.audit: ugi=alex	ip=unknown-ip-addr	cmd=get_table : tbl=hive.default.acidTbl	
2024-04-24T01:11:23,230  INFO [main] metastore.HMSHandler: Skipping translation for processor with null
2024-04-24T01:11:23,233 ERROR [main] parse.UpdateDeleteSemanticAnalyzer: CBO failed, skipping CBO. 
org.apache.hadoop.hive.ql.exec.NoMatchingMethodException: No matching method for class org.apache.hadoop.hive.ql.udf.UDFToInteger with (struct<writeid:bigint,bucketid:int,rowid:bigint>). Possible choices: _FUNC_(bigint)  _FUNC_(boolean)  _FUNC_(decimal(38,18))  _FUNC_(double)  _FUNC_(float)  _FUNC_(smallint)  _FUNC_(string)  _FUNC_(struct<rowid:bigint,writeid:bigint,bucketid:int>)  _FUNC_(timestamp)  _FUNC_(tinyint)  _FUNC_(void)  
	at org.apache.hadoop.hive.ql.exec.MethodUtils.getMethodInternal(MethodUtils.java:130) ~[classes/:?]
	at org.apache.hadoop.hive.ql.exec.MethodUtils.getMethodInternal(MethodUtils.java:60) ~[classes/:?]
	at org.apache.hadoop.hive.ql.exec.DefaultUDFMethodResolver.getEvalMethod(DefaultUDFMethodResolver.java:59) ~[classes/:?]
	at org.apache.hadoop.hive.ql.udf.TimestampCastRestrictorResolver.getEvalMethod(TimestampCastRestrictorResolver.java:68) ~[classes/:?]
	at org.apache.hadoop.hive.ql.udf.generic.GenericUDFBridge.initialize(GenericUDFBridge.java:168) ~[classes/:?]
	at org.apache.hadoop.hive.ql.udf.generic.GenericUDF.initializeAndFoldConstants(GenericUDF.java:149) ~[classes/:?]
	at org.apache.hadoop.hive.ql.plan.ExprNodeGenericFuncDesc.newInstance(ExprNodeGenericFuncDesc.java:235) ~[classes/:?]
	at org.apache.hadoop.hive.ql.parse.type.ExprNodeDescExprFactory.createFuncCallExpr(ExprNodeDescExprFactory.java:584) ~[classes/:?]
	at org.apache.hadoop.hive.ql.parse.type.ExprNodeDescExprFactory.createFuncCallExpr(ExprNodeDescExprFactory.java:97) ~[classes/:?]
	at org.apache.hadoop.hive.ql.parse.type.TypeCheckProcFactory$DefaultExprProcessor.getFuncExprNodeDescWithUdfData(TypeCheckProcFactory.java:762) ~[classes/:?]
	at org.apache.hadoop.hive.ql.parse.type.TypeCheckProcFactory$DefaultExprProcessor.createConversionCast(TypeCheckProcFactory.java:783) ~[classes/:?]
	at org.apache.hadoop.hive.ql.parse.SemanticAnalyzer.getPartitionColsFromBucketColsForUpdateDelete(SemanticAnalyzer.java:8725) ~[classes/:?]
	at org.apache.hadoop.hive.ql.parse.SemanticAnalyzer.genBucketingSortingDest(SemanticAnalyzer.java:6906) ~[classes/:?]
	at org.apache.hadoop.hive.ql.parse.SemanticAnalyzer.genFileSinkPlan(SemanticAnalyzer.java:7335) ~[classes/:?]
	at org.apache.hadoop.hive.ql.parse.SemanticAnalyzer.genPostGroupByBodyPlan(SemanticAnalyzer.java:11063) ~[classes/:?]
	at org.apache.hadoop.hive.ql.parse.SemanticAnalyzer.genBodyPlan(SemanticAnalyzer.java:10938) ~[classes/:?]
	at org.apache.hadoop.hive.ql.parse.SemanticAnalyzer.genPlan(SemanticAnalyzer.java:11853) ~[classes/:?]
	at org.apache.hadoop.hive.ql.parse.SemanticAnalyzer.genPlan(SemanticAnalyzer.java:11723) ~[classes/:?]
	at org.apache.hadoop.hive.ql.parse.CalcitePlanner.genOPTree(CalcitePlanner.java:626) ~[classes/:?]
	at org.apache.hadoop.hive.ql.parse.SemanticAnalyzer.analyzeInternal(SemanticAnalyzer.java:12558) ~[classes/:?]
	at org.apache.hadoop.hive.ql.parse.CalcitePlanner.analyzeInternal(CalcitePlanner.java:456) ~[classes/:?]
	at org.apache.hadoop.hive.ql.parse.RewriteSemanticAnalyzer.analyzeInternal(RewriteSemanticAnalyzer.java:67) ~[classes/:?]
	at org.apache.hadoop.hive.ql.parse.BaseSemanticAnalyzer.analyze(BaseSemanticAnalyzer.java:317) ~[classes/:?]
	at org.apache.hadoop.hive.ql.parse.UpdateDeleteSemanticAnalyzer.reparseAndSuperAnalyze(UpdateDeleteSemanticAnalyzer.java:208) ~[classes/:?]
	at org.apache.hadoop.hive.ql.parse.UpdateDeleteSemanticAnalyzer.analyzeDelete(UpdateDeleteSemanticAnalyzer.java:68) ~[classes/:?]
	at org.apache.hadoop.hive.ql.parse.UpdateDeleteSemanticAnalyzer.analyze(UpdateDeleteSemanticAnalyzer.java:50) ~[classes/:?]
	at org.apache.hadoop.hive.ql.parse.RewriteSemanticAnalyzer.analyzeInternal(RewriteSemanticAnalyzer.java:72) ~[classes/:?]
	at org.apache.hadoop.hive.ql.parse.BaseSemanticAnalyzer.analyze(BaseSemanticAnalyzer.java:317) ~[classes/:?]
	at org.apache.hadoop.hive.ql.Compiler.analyze(Compiler.java:223) ~[classes/:?]
	at org.apache.hadoop.hive.ql.Compiler.compile(Compiler.java:105) ~[classes/:?]
	at org.apache.hadoop.hive.ql.Driver.compile(Driver.java:500) ~[classes/:?]
	at org.apache.hadoop.hive.ql.Driver.compileInternal(Driver.java:453) ~[classes/:?]
	at org.apache.hadoop.hive.ql.Driver.runInternal(Driver.java:181) ~[classes/:?]
	at org.apache.hadoop.hive.ql.Driver.run(Driver.java:153) ~[classes/:?]
	at org.apache.hadoop.hive.ql.Driver.run(Driver.java:140) ~[classes/:?]
	at org.apache.hadoop.hive.ql.TxnCommandsBaseForTests.runStatementOnDriverNegative(TxnCommandsBaseForTests.java:256) ~[test-classes/:?]
	at org.apache.hadoop.hive.ql.TestTxnCommands.testTimeOutReaper(TestTxnCommands.java:953) ~[test-classes/:?]
	at sun.reflect.NativeMethodAccessorImpl.invoke0(Native Method) ~[?:1.8.0_402]
	at sun.reflect.NativeMethodAccessorImpl.invoke(NativeMethodAccessorImpl.java:62) ~[?:1.8.0_402]
	at sun.reflect.DelegatingMethodAccessorImpl.invoke(DelegatingMethodAccessorImpl.java:43) ~[?:1.8.0_402]
	at java.lang.reflect.Method.invoke(Method.java:498) ~[?:1.8.0_402]
	at org.junit.runners.model.FrameworkMethod$1.runReflectiveCall(FrameworkMethod.java:59) ~[junit-4.13.jar:4.13]
	at org.junit.internal.runners.model.ReflectiveCallable.run(ReflectiveCallable.java:12) ~[junit-4.13.jar:4.13]
	at org.junit.runners.model.FrameworkMethod.invokeExplosively(FrameworkMethod.java:56) ~[junit-4.13.jar:4.13]
	at org.junit.internal.runners.statements.InvokeMethod.evaluate(InvokeMethod.java:17) ~[junit-4.13.jar:4.13]
	at org.junit.internal.runners.statements.RunBefores.evaluate(RunBefores.java:26) ~[junit-4.13.jar:4.13]
	at org.junit.internal.runners.statements.RunAfters.evaluate(RunAfters.java:27) ~[junit-4.13.jar:4.13]
	at org.junit.rules.TestWatcher$1.evaluate(TestWatcher.java:61) ~[junit-4.13.jar:4.13]
	at org.junit.runners.ParentRunner$3.evaluate(ParentRunner.java:306) ~[junit-4.13.jar:4.13]
	at org.junit.runners.BlockJUnit4ClassRunner$1.evaluate(BlockJUnit4ClassRunner.java:100) ~[junit-4.13.jar:4.13]
	at org.junit.runners.ParentRunner.runLeaf(ParentRunner.java:366) ~[junit-4.13.jar:4.13]
	at org.junit.runners.BlockJUnit4ClassRunner.runChild(BlockJUnit4ClassRunner.java:103) ~[junit-4.13.jar:4.13]
	at org.junit.runners.BlockJUnit4ClassRunner.runChild(BlockJUnit4ClassRunner.java:63) ~[junit-4.13.jar:4.13]
	at org.junit.runners.ParentRunner$4.run(ParentRunner.java:331) ~[junit-4.13.jar:4.13]
	at org.junit.runners.ParentRunner$1.schedule(ParentRunner.java:79) ~[junit-4.13.jar:4.13]
	at org.junit.runners.ParentRunner.runChildren(ParentRunner.java:329) ~[junit-4.13.jar:4.13]
	at org.junit.runners.ParentRunner.access$100(ParentRunner.java:66) ~[junit-4.13.jar:4.13]
	at org.junit.runners.ParentRunner$2.evaluate(ParentRunner.java:293) ~[junit-4.13.jar:4.13]
	at org.junit.runners.ParentRunner$3.evaluate(ParentRunner.java:306) ~[junit-4.13.jar:4.13]
	at org.junit.runners.ParentRunner.run(ParentRunner.java:413) ~[junit-4.13.jar:4.13]
	at org.junit.runner.JUnitCore.run(JUnitCore.java:137) ~[junit-4.13.jar:4.13]
	at org.junit.runner.JUnitCore.run(JUnitCore.java:115) ~[junit-4.13.jar:4.13]
	at org.junit.vintage.engine.execution.RunnerExecutor.execute(RunnerExecutor.java:43) ~[junit-vintage-engine-5.6.2.jar:5.6.2]
	at java.util.stream.ForEachOps$ForEachOp$OfRef.accept(ForEachOps.java:183) ~[?:1.8.0_402]
	at java.util.stream.ReferencePipeline$3$1.accept(ReferencePipeline.java:193) ~[?:1.8.0_402]
	at java.util.Iterator.forEachRemaining(Iterator.java:116) ~[?:1.8.0_402]
	at java.util.Spliterators$IteratorSpliterator.forEachRemaining(Spliterators.java:1801) ~[?:1.8.0_402]
	at java.util.stream.AbstractPipeline.copyInto(AbstractPipeline.java:482) ~[?:1.8.0_402]
	at java.util.stream.AbstractPipeline.wrapAndCopyInto(AbstractPipeline.java:472) ~[?:1.8.0_402]
	at java.util.stream.ForEachOps$ForEachOp.evaluateSequential(ForEachOps.java:150) ~[?:1.8.0_402]
	at java.util.stream.ForEachOps$ForEachOp$OfRef.evaluateSequential(ForEachOps.java:173) ~[?:1.8.0_402]
	at java.util.stream.AbstractPipeline.evaluate(AbstractPipeline.java:234) ~[?:1.8.0_402]
	at java.util.stream.ReferencePipeline.forEach(ReferencePipeline.java:485) ~[?:1.8.0_402]
	at org.junit.vintage.engine.VintageTestEngine.executeAllChildren(VintageTestEngine.java:82) ~[junit-vintage-engine-5.6.2.jar:5.6.2]
	at org.junit.vintage.engine.VintageTestEngine.execute(VintageTestEngine.java:73) ~[junit-vintage-engine-5.6.2.jar:5.6.2]
	at org.junit.platform.launcher.core.DefaultLauncher.execute(DefaultLauncher.java:248) ~[junit-platform-launcher-1.6.2.jar:1.6.2]
	at org.junit.platform.launcher.core.DefaultLauncher.lambda$execute$5(DefaultLauncher.java:211) ~[junit-platform-launcher-1.6.2.jar:1.6.2]
	at org.junit.platform.launcher.core.DefaultLauncher.withInterceptedStreams(DefaultLauncher.java:226) [junit-platform-launcher-1.6.2.jar:1.6.2]
	at org.junit.platform.launcher.core.DefaultLauncher.execute(DefaultLauncher.java:199) [junit-platform-launcher-1.6.2.jar:1.6.2]
	at org.junit.platform.launcher.core.DefaultLauncher.execute(DefaultLauncher.java:132) [junit-platform-launcher-1.6.2.jar:1.6.2]
	at org.apache.maven.surefire.junitplatform.JUnitPlatformProvider.invokeAllTests(JUnitPlatformProvider.java:154) [surefire-junit-platform-3.0.0-M4.jar:3.0.0-M4]
	at org.apache.maven.surefire.junitplatform.JUnitPlatformProvider.invoke(JUnitPlatformProvider.java:123) [surefire-junit-platform-3.0.0-M4.jar:3.0.0-M4]
	at org.apache.maven.surefire.booter.ForkedBooter.runSuitesInProcess(ForkedBooter.java:377) [surefire-booter-3.0.0-M4.jar:3.0.0-M4]
	at org.apache.maven.surefire.booter.ForkedBooter.execute(ForkedBooter.java:138) [surefire-booter-3.0.0-M4.jar:3.0.0-M4]
	at org.apache.maven.surefire.booter.ForkedBooter.run(ForkedBooter.java:465) [surefire-booter-3.0.0-M4.jar:3.0.0-M4]
	at org.apache.maven.surefire.booter.ForkedBooter.main(ForkedBooter.java:451) [surefire-booter-3.0.0-M4.jar:3.0.0-M4]
2024-04-24T01:11:23,234 ERROR [main] parse.UpdateDeleteSemanticAnalyzer: CBO failed due to missing column stats (see previous errors), skipping CBO
2024-04-24T01:11:23,234  INFO [main] parse.UpdateDeleteSemanticAnalyzer: Ending caching scope for: 
FAILED: NoMatchingMethodException No matching method for class org.apache.hadoop.hive.ql.udf.UDFToInteger with (struct<writeid:bigint,bucketid:int,rowid:bigint>). Possible choices: _FUNC_(bigint)  _FUNC_(boolean)  _FUNC_(decimal(38,18))  _FUNC_(double)  _FUNC_(float)  _FUNC_(smallint)  _FUNC_(string)  _FUNC_(struct<rowid:bigint,writeid:bigint,bucketid:int>)  _FUNC_(timestamp)  _FUNC_(tinyint)  _FUNC_(void)  
2024-04-24T01:11:23,235 ERROR [main] ql.Driver: FAILED: NoMatchingMethodException No matching method for class org.apache.hadoop.hive.ql.udf.UDFToInteger with (struct<writeid:bigint,bucketid:int,rowid:bigint>). Possible choices: _FUNC_(bigint)  _FUNC_(boolean)  _FUNC_(decimal(38,18))  _FUNC_(double)  _FUNC_(float)  _FUNC_(smallint)  _FUNC_(string)  _FUNC_(struct<rowid:bigint,writeid:bigint,bucketid:int>)  _FUNC_(timestamp)  _FUNC_(tinyint)  _FUNC_(void)  
org.apache.hadoop.hive.ql.exec.NoMatchingMethodException: No matching method for class org.apache.hadoop.hive.ql.udf.UDFToInteger with (struct<writeid:bigint,bucketid:int,rowid:bigint>). Possible choices: _FUNC_(bigint)  _FUNC_(boolean)  _FUNC_(decimal(38,18))  _FUNC_(double)  _FUNC_(float)  _FUNC_(smallint)  _FUNC_(string)  _FUNC_(struct<rowid:bigint,writeid:bigint,bucketid:int>)  _FUNC_(timestamp)  _FUNC_(tinyint)  _FUNC_(void)  
	at org.apache.hadoop.hive.ql.exec.MethodUtils.getMethodInternal(MethodUtils.java:130)
	at org.apache.hadoop.hive.ql.exec.MethodUtils.getMethodInternal(MethodUtils.java:60)
	at org.apache.hadoop.hive.ql.exec.DefaultUDFMethodResolver.getEvalMethod(DefaultUDFMethodResolver.java:59)
	at org.apache.hadoop.hive.ql.udf.TimestampCastRestrictorResolver.getEvalMethod(TimestampCastRestrictorResolver.java:68)
	at org.apache.hadoop.hive.ql.udf.generic.GenericUDFBridge.initialize(GenericUDFBridge.java:168)
	at org.apache.hadoop.hive.ql.udf.generic.GenericUDF.initializeAndFoldConstants(GenericUDF.java:149)
	at org.apache.hadoop.hive.ql.plan.ExprNodeGenericFuncDesc.newInstance(ExprNodeGenericFuncDesc.java:235)
	at org.apache.hadoop.hive.ql.parse.type.ExprNodeDescExprFactory.createFuncCallExpr(ExprNodeDescExprFactory.java:584)
	at org.apache.hadoop.hive.ql.parse.type.ExprNodeDescExprFactory.createFuncCallExpr(ExprNodeDescExprFactory.java:97)
	at org.apache.hadoop.hive.ql.parse.type.TypeCheckProcFactory$DefaultExprProcessor.getFuncExprNodeDescWithUdfData(TypeCheckProcFactory.java:762)
	at org.apache.hadoop.hive.ql.parse.type.TypeCheckProcFactory$DefaultExprProcessor.createConversionCast(TypeCheckProcFactory.java:783)
	at org.apache.hadoop.hive.ql.parse.SemanticAnalyzer.getPartitionColsFromBucketColsForUpdateDelete(SemanticAnalyzer.java:8725)
	at org.apache.hadoop.hive.ql.parse.SemanticAnalyzer.genBucketingSortingDest(SemanticAnalyzer.java:6906)
	at org.apache.hadoop.hive.ql.parse.SemanticAnalyzer.genFileSinkPlan(SemanticAnalyzer.java:7335)
	at org.apache.hadoop.hive.ql.parse.SemanticAnalyzer.genPostGroupByBodyPlan(SemanticAnalyzer.java:11063)
	at org.apache.hadoop.hive.ql.parse.SemanticAnalyzer.genBodyPlan(SemanticAnalyzer.java:10938)
	at org.apache.hadoop.hive.ql.parse.SemanticAnalyzer.genPlan(SemanticAnalyzer.java:11853)
	at org.apache.hadoop.hive.ql.parse.SemanticAnalyzer.genPlan(SemanticAnalyzer.java:11723)
	at org.apache.hadoop.hive.ql.parse.CalcitePlanner.genOPTree(CalcitePlanner.java:626)
	at org.apache.hadoop.hive.ql.parse.SemanticAnalyzer.analyzeInternal(SemanticAnalyzer.java:12558)
	at org.apache.hadoop.hive.ql.parse.CalcitePlanner.analyzeInternal(CalcitePlanner.java:456)
	at org.apache.hadoop.hive.ql.parse.RewriteSemanticAnalyzer.analyzeInternal(RewriteSemanticAnalyzer.java:67)
	at org.apache.hadoop.hive.ql.parse.BaseSemanticAnalyzer.analyze(BaseSemanticAnalyzer.java:317)
	at org.apache.hadoop.hive.ql.parse.UpdateDeleteSemanticAnalyzer.reparseAndSuperAnalyze(UpdateDeleteSemanticAnalyzer.java:208)
	at org.apache.hadoop.hive.ql.parse.UpdateDeleteSemanticAnalyzer.analyzeDelete(UpdateDeleteSemanticAnalyzer.java:68)
	at org.apache.hadoop.hive.ql.parse.UpdateDeleteSemanticAnalyzer.analyze(UpdateDeleteSemanticAnalyzer.java:50)
	at org.apache.hadoop.hive.ql.parse.RewriteSemanticAnalyzer.analyzeInternal(RewriteSemanticAnalyzer.java:72)
	at org.apache.hadoop.hive.ql.parse.BaseSemanticAnalyzer.analyze(BaseSemanticAnalyzer.java:317)
	at org.apache.hadoop.hive.ql.Compiler.analyze(Compiler.java:223)
	at org.apache.hadoop.hive.ql.Compiler.compile(Compiler.java:105)
	at org.apache.hadoop.hive.ql.Driver.compile(Driver.java:500)
	at org.apache.hadoop.hive.ql.Driver.compileInternal(Driver.java:453)
	at org.apache.hadoop.hive.ql.Driver.runInternal(Driver.java:181)
	at org.apache.hadoop.hive.ql.Driver.run(Driver.java:153)
	at org.apache.hadoop.hive.ql.Driver.run(Driver.java:140)
	at org.apache.hadoop.hive.ql.TxnCommandsBaseForTests.runStatementOnDriverNegative(TxnCommandsBaseForTests.java:256)
	at org.apache.hadoop.hive.ql.TestTxnCommands.testTimeOutReaper(TestTxnCommands.java:953)
	at sun.reflect.NativeMethodAccessorImpl.invoke0(Native Method)
	at sun.reflect.NativeMethodAccessorImpl.invoke(NativeMethodAccessorImpl.java:62)
	at sun.reflect.DelegatingMethodAccessorImpl.invoke(DelegatingMethodAccessorImpl.java:43)
	at java.lang.reflect.Method.invoke(Method.java:498)
	at org.junit.runners.model.FrameworkMethod$1.runReflectiveCall(FrameworkMethod.java:59)
	at org.junit.internal.runners.model.ReflectiveCallable.run(ReflectiveCallable.java:12)
	at org.junit.runners.model.FrameworkMethod.invokeExplosively(FrameworkMethod.java:56)
	at org.junit.internal.runners.statements.InvokeMethod.evaluate(InvokeMethod.java:17)
	at org.junit.internal.runners.statements.RunBefores.evaluate(RunBefores.java:26)
	at org.junit.internal.runners.statements.RunAfters.evaluate(RunAfters.java:27)
	at org.junit.rules.TestWatcher$1.evaluate(TestWatcher.java:61)
	at org.junit.runners.ParentRunner$3.evaluate(ParentRunner.java:306)
	at org.junit.runners.BlockJUnit4ClassRunner$1.evaluate(BlockJUnit4ClassRunner.java:100)
	at org.junit.runners.ParentRunner.runLeaf(ParentRunner.java:366)
	at org.junit.runners.BlockJUnit4ClassRunner.runChild(BlockJUnit4ClassRunner.java:103)
	at org.junit.runners.BlockJUnit4ClassRunner.runChild(BlockJUnit4ClassRunner.java:63)
	at org.junit.runners.ParentRunner$4.run(ParentRunner.java:331)
	at org.junit.runners.ParentRunner$1.schedule(ParentRunner.java:79)
	at org.junit.runners.ParentRunner.runChildren(ParentRunner.java:329)
	at org.junit.runners.ParentRunner.access$100(ParentRunner.java:66)
	at org.junit.runners.ParentRunner$2.evaluate(ParentRunner.java:293)
	at org.junit.runners.ParentRunner$3.evaluate(ParentRunner.java:306)
	at org.junit.runners.ParentRunner.run(ParentRunner.java:413)
	at org.junit.runner.JUnitCore.run(JUnitCore.java:137)
	at org.junit.runner.JUnitCore.run(JUnitCore.java:115)
	at org.junit.vintage.engine.execution.RunnerExecutor.execute(RunnerExecutor.java:43)
	at java.util.stream.ForEachOps$ForEachOp$OfRef.accept(ForEachOps.java:183)
	at java.util.stream.ReferencePipeline$3$1.accept(ReferencePipeline.java:193)
	at java.util.Iterator.forEachRemaining(Iterator.java:116)
	at java.util.Spliterators$IteratorSpliterator.forEachRemaining(Spliterators.java:1801)
	at java.util.stream.AbstractPipeline.copyInto(AbstractPipeline.java:482)
	at java.util.stream.AbstractPipeline.wrapAndCopyInto(AbstractPipeline.java:472)
	at java.util.stream.ForEachOps$ForEachOp.evaluateSequential(ForEachOps.java:150)
	at java.util.stream.ForEachOps$ForEachOp$OfRef.evaluateSequential(ForEachOps.java:173)
	at java.util.stream.AbstractPipeline.evaluate(AbstractPipeline.java:234)
	at java.util.stream.ReferencePipeline.forEach(ReferencePipeline.java:485)
	at org.junit.vintage.engine.VintageTestEngine.executeAllChildren(VintageTestEngine.java:82)
	at org.junit.vintage.engine.VintageTestEngine.execute(VintageTestEngine.java:73)
	at org.junit.platform.launcher.core.DefaultLauncher.execute(DefaultLauncher.java:248)
	at org.junit.platform.launcher.core.DefaultLauncher.lambda$execute$5(DefaultLauncher.java:211)
	at org.junit.platform.launcher.core.DefaultLauncher.withInterceptedStreams(DefaultLauncher.java:226)
	at org.junit.platform.launcher.core.DefaultLauncher.execute(DefaultLauncher.java:199)
	at org.junit.platform.launcher.core.DefaultLauncher.execute(DefaultLauncher.java:132)
	at org.apache.maven.surefire.junitplatform.JUnitPlatformProvider.invokeAllTests(JUnitPlatformProvider.java:154)
	at org.apache.maven.surefire.junitplatform.JUnitPlatformProvider.invoke(JUnitPlatformProvider.java:123)
	at org.apache.maven.surefire.booter.ForkedBooter.runSuitesInProcess(ForkedBooter.java:377)
	at org.apache.maven.surefire.booter.ForkedBooter.execute(ForkedBooter.java:138)
	at org.apache.maven.surefire.booter.ForkedBooter.run(ForkedBooter.java:465)
	at org.apache.maven.surefire.booter.ForkedBooter.main(ForkedBooter.java:451)

2024-04-24T01:11:23,235  INFO [main] metadata.Hive: Dumping metastore api call timing information for : compilation phase
2024-04-24T01:11:23,235  INFO [main] metadata.Hive: Total time spent in each metastore function (ms): {getValidWriteIds_(List, String)=3, getTableColumnStatistics_(String, String, List, String)=42, getAllTableConstraints_(AllTableConstraintsRequest)=6, getTable_(GetTableRequest)=37, isCompatibleWith_(Configuration)=0}
2024-04-24T01:11:23,235  INFO [main] ql.Driver: Completed compiling command(queryId=alex_20240424011122_e660ae2e-e0b4-4283-a3d5-3c72f8e9feaa); Time taken: 0.248 seconds
2024-04-24T01:11:23,235  INFO [main] lockmgr.DbTxnManager: Stopped heartbeat for query: alex_20240424011121_678ba6a6-2c64-410f-b82c-b5acd2b1311b
2024-04-24T01:11:23,238  INFO [main] txn.TxnHandler: abortTxn(txnid:13) requested by it is already 'a'
2024-04-24T01:11:23,238  INFO [main] ql.TxnCommandsBaseForTests: Running the query: drop table if exists acidTbl
2024-04-24T01:11:23,238  INFO [main] ql.Driver: Compiling command(queryId=alex_20240424011123_57097cc0-072b-4fcf-a28d-64e2edf00653): drop table if exists acidTbl
2024-04-24T01:11:23,241  INFO [main] txn.TxnHandler: Added entries to MIN_HISTORY_LEVEL for current txns: ([14]) with min_open_txn: 14
2024-04-24T01:11:23,241  INFO [main] lockmgr.DbTxnManager: Opened txnid:14
2024-04-24T01:11:23,242  INFO [main] HiveMetaStore.audit: ugi=alex	ip=unknown-ip-addr	cmd=get_table : tbl=hive.default.acidTbl	
2024-04-24T01:11:23,242  INFO [Heartbeater-1] lockmgr.DbTxnManager: Sending heartbeat for txnid:14 and lockid:0 queryId=null txnid:0
2024-04-24T01:11:23,243  INFO [Heartbeater-1] metastore.HiveMetaStoreClient: HMS client filtering is enabled.
2024-04-24T01:11:23,244  INFO [Heartbeater-1] metastore.HMSHandler: 9: Opening raw store with implementation class:org.apache.hadoop.hive.metastore.ObjectStore
2024-04-24T01:11:23,244  INFO [Heartbeater-1] metastore.PersistenceManagerProvider: Configuration datanucleus.autoStartMechanismMode is not set. Defaulting to 'ignored'
2024-04-24T01:11:23,244  INFO [Heartbeater-1] metastore.ObjectStore: RawStore: org.apache.hadoop.hive.metastore.ObjectStore@6933808a, with PersistenceManager: null will be shutdown
2024-04-24T01:11:23,244  INFO [Heartbeater-1] metastore.ObjectStore: RawStore: org.apache.hadoop.hive.metastore.ObjectStore@6933808a, with PersistenceManager: org.datanucleus.api.jdo.JDOPersistenceManager@71e1c6ff created in the thread with id: 51
2024-04-24T01:11:23,246  INFO [Heartbeater-1] metastore.HMSHandler: Created RawStore: org.apache.hadoop.hive.metastore.ObjectStore@6933808a from thread id: 51
2024-04-24T01:11:23,246  INFO [Heartbeater-1] metastore.HMSHandler: HMS server filtering is disabled by configuration
2024-04-24T01:11:23,247  INFO [Heartbeater-1] metastore.RetryingMetaStoreClient: RetryingMetaStoreClient proxy=class org.apache.hadoop.hive.ql.metadata.SessionHiveMetaStoreClient ugi=alex (auth:SIMPLE) retries=1 delay=1 lifetime=0
2024-04-24T01:11:23,250  INFO [main] metastore.HMSHandler: Skipping translation for processor with null
2024-04-24T01:11:23,250  INFO [main] ql.Driver: Semantic Analysis Completed (retrial = false)
2024-04-24T01:11:23,250  INFO [main] ql.Driver: Created Hive schema: Schema(fieldSchemas:null, properties:null)
2024-04-24T01:11:23,250  INFO [main] metadata.Hive: Dumping metastore api call timing information for : compilation phase
2024-04-24T01:11:23,250  INFO [main] metadata.Hive: Total time spent in each metastore function (ms): {openTxn_(String, TxnType)=2, isCompatibleWith_(Configuration)=1, getTable_(GetTableRequest)=8, rollbackTxn_(long)=2, getValidTxns_(long)=1, flushCache_()=0}
2024-04-24T01:11:23,251  INFO [main] ql.Driver: Completed compiling command(queryId=alex_20240424011123_57097cc0-072b-4fcf-a28d-64e2edf00653); Time taken: 0.012 seconds
2024-04-24T01:11:23,251  INFO [Heartbeater-1] lockmgr.DbTxnManager: Sending heartbeat for txnid:14 and lockid:0 queryId=null txnid:0
2024-04-24T01:11:23,251  INFO [main] lockmgr.DbTxnManager: Setting lock request transaction to txnid:14 for queryId=alex_20240424011123_57097cc0-072b-4fcf-a28d-64e2edf00653
2024-04-24T01:11:23,252  INFO [Heartbeater-1] lockmgr.DbTxnManager: Sending heartbeat for txnid:14 and lockid:0 queryId=null txnid:0
2024-04-24T01:11:23,252  INFO [main] lockmgr.DbLockManager: Requesting lock for queryId=alex_20240424011123_57097cc0-072b-4fcf-a28d-64e2edf00653
2024-04-24T01:11:23,252  INFO [Heartbeater-1] lockmgr.DbTxnManager: Sending heartbeat for txnid:14 and lockid:0 queryId=null txnid:0
2024-04-24T01:11:23,253  INFO [Heartbeater-1] lockmgr.DbTxnManager: Sending heartbeat for txnid:14 and lockid:0 queryId=null txnid:0
2024-04-24T01:11:23,253  INFO [Heartbeater-1] lockmgr.DbTxnManager: Sending heartbeat for txnid:14 and lockid:0 queryId=null txnid:0
2024-04-24T01:11:23,254  INFO [Heartbeater-1] lockmgr.DbTxnManager: Sending heartbeat for txnid:14 and lockid:0 queryId=null txnid:0
2024-04-24T01:11:23,254  INFO [Heartbeater-1] lockmgr.DbTxnManager: Sending heartbeat for txnid:14 and lockid:0 queryId=null txnid:0
2024-04-24T01:11:23,255  INFO [Heartbeater-1] lockmgr.DbTxnManager: Sending heartbeat for txnid:14 and lockid:0 queryId=null txnid:0
2024-04-24T01:11:23,256  INFO [Heartbeater-1] lockmgr.DbTxnManager: Sending heartbeat for txnid:14 and lockid:0 queryId=null txnid:0
2024-04-24T01:11:23,256  INFO [Heartbeater-1] lockmgr.DbTxnManager: Sending heartbeat for txnid:14 and lockid:0 queryId=null txnid:0
2024-04-24T01:11:23,257  INFO [Heartbeater-1] lockmgr.DbTxnManager: Sending heartbeat for txnid:14 and lockid:0 queryId=null txnid:0
2024-04-24T01:11:23,258  INFO [Heartbeater-1] lockmgr.DbTxnManager: Sending heartbeat for txnid:14 and lockid:0 queryId=null txnid:0
2024-04-24T01:11:23,258  INFO [Heartbeater-1] lockmgr.DbTxnManager: Sending heartbeat for txnid:14 and lockid:0 queryId=null txnid:0
2024-04-24T01:11:23,259  INFO [Heartbeater-1] lockmgr.DbTxnManager: Sending heartbeat for txnid:14 and lockid:0 queryId=null txnid:0
2024-04-24T01:11:23,259  INFO [Heartbeater-1] lockmgr.DbTxnManager: Sending heartbeat for txnid:14 and lockid:0 queryId=null txnid:0
2024-04-24T01:11:23,261  INFO [Heartbeater-1] lockmgr.DbTxnManager: Sending heartbeat for txnid:14 and lockid:0 queryId=null txnid:0
2024-04-24T01:11:23,262  INFO [Heartbeater-1] lockmgr.DbTxnManager: Sending heartbeat for txnid:14 and lockid:0 queryId=null txnid:0
2024-04-24T01:11:23,262  INFO [Heartbeater-1] lockmgr.DbTxnManager: Sending heartbeat for txnid:14 and lockid:0 queryId=null txnid:0
2024-04-24T01:11:23,262  INFO [Heartbeater-1] lockmgr.DbTxnManager: Sending heartbeat for txnid:14 and lockid:0 queryId=null txnid:0
2024-04-24T01:11:23,263  INFO [Heartbeater-1] lockmgr.DbTxnManager: Sending heartbeat for txnid:14 and lockid:0 queryId=null txnid:0
2024-04-24T01:11:23,264  INFO [Heartbeater-1] lockmgr.DbTxnManager: Sending heartbeat for txnid:14 and lockid:0 queryId=null txnid:0
2024-04-24T01:11:23,264  INFO [Heartbeater-1] lockmgr.DbTxnManager: Sending heartbeat for txnid:14 and lockid:0 queryId=null txnid:0
2024-04-24T01:11:23,265  INFO [Heartbeater-1] lockmgr.DbTxnManager: Sending heartbeat for txnid:14 and lockid:0 queryId=null txnid:0
2024-04-24T01:11:23,266  INFO [Heartbeater-1] lockmgr.DbTxnManager: Sending heartbeat for txnid:14 and lockid:0 queryId=null txnid:0
2024-04-24T01:11:23,267  INFO [Heartbeater-1] lockmgr.DbTxnManager: Sending heartbeat for txnid:14 and lockid:0 queryId=null txnid:0
2024-04-24T01:11:23,267  INFO [Heartbeater-1] lockmgr.DbTxnManager: Sending heartbeat for txnid:14 and lockid:0 queryId=null txnid:0
2024-04-24T01:11:23,268  INFO [Heartbeater-1] lockmgr.DbTxnManager: Sending heartbeat for txnid:14 and lockid:0 queryId=null txnid:0
2024-04-24T01:11:23,269  INFO [Heartbeater-1] lockmgr.DbTxnManager: Sending heartbeat for txnid:14 and lockid:0 queryId=null txnid:0
2024-04-24T01:11:23,270  INFO [Heartbeater-1] lockmgr.DbTxnManager: Sending heartbeat for txnid:14 and lockid:0 queryId=null txnid:0
2024-04-24T01:11:23,271  INFO [Heartbeater-1] lockmgr.DbTxnManager: Sending heartbeat for txnid:14 and lockid:0 queryId=null txnid:0
2024-04-24T01:11:23,272  INFO [Heartbeater-1] lockmgr.DbTxnManager: Sending heartbeat for txnid:14 and lockid:0 queryId=null txnid:0
2024-04-24T01:11:23,273  INFO [Heartbeater-1] lockmgr.DbTxnManager: Sending heartbeat for txnid:14 and lockid:0 queryId=null txnid:0
2024-04-24T01:11:23,274  INFO [Heartbeater-1] lockmgr.DbTxnManager: Sending heartbeat for txnid:14 and lockid:0 queryId=null txnid:0
2024-04-24T01:11:23,275  INFO [Heartbeater-1] lockmgr.DbTxnManager: Sending heartbeat for txnid:14 and lockid:0 queryId=null txnid:0
2024-04-24T01:11:23,276  INFO [main] lockmgr.DbLockManager: Response to queryId=alex_20240424011123_57097cc0-072b-4fcf-a28d-64e2edf00653 LockResponse(lockid:8, state:ACQUIRED)
2024-04-24T01:11:23,276  INFO [main] ql.Driver: Operation DROPTABLE obtained 1 locks
2024-04-24T01:11:23,276  INFO [main] ql.Driver: Executing command(queryId=alex_20240424011123_57097cc0-072b-4fcf-a28d-64e2edf00653): drop table if exists acidTbl
2024-04-24T01:11:23,276  INFO [Heartbeater-1] lockmgr.DbTxnManager: Sending heartbeat for txnid:14 and lockid:0 queryId=null txnid:0
2024-04-24T01:11:23,276  INFO [main] ql.Driver: Starting task [Stage-0:DDL] in serial mode
2024-04-24T01:11:23,276  INFO [main] HiveMetaStore.audit: ugi=alex	ip=unknown-ip-addr	cmd=get_table : tbl=hive.default.acidTbl	
2024-04-24T01:11:23,277  INFO [Heartbeater-2] lockmgr.DbTxnManager: Sending heartbeat for txnid:14 and lockid:0 queryId=null txnid:0
2024-04-24T01:11:23,278  INFO [Heartbeater-2] metastore.HiveMetaStoreClient: HMS client filtering is enabled.
2024-04-24T01:11:23,279  INFO [Heartbeater-2] metastore.HMSHandler: 10: Opening raw store with implementation class:org.apache.hadoop.hive.metastore.ObjectStore
2024-04-24T01:11:23,279  INFO [Heartbeater-2] metastore.PersistenceManagerProvider: Configuration datanucleus.autoStartMechanismMode is not set. Defaulting to 'ignored'
2024-04-24T01:11:23,279  INFO [Heartbeater-2] metastore.ObjectStore: RawStore: org.apache.hadoop.hive.metastore.ObjectStore@4348aae2, with PersistenceManager: null will be shutdown
2024-04-24T01:11:23,279  INFO [Heartbeater-2] metastore.ObjectStore: RawStore: org.apache.hadoop.hive.metastore.ObjectStore@4348aae2, with PersistenceManager: org.datanucleus.api.jdo.JDOPersistenceManager@37869f80 created in the thread with id: 53
2024-04-24T01:11:23,281  INFO [Heartbeater-2] metastore.HMSHandler: Created RawStore: org.apache.hadoop.hive.metastore.ObjectStore@4348aae2 from thread id: 53
2024-04-24T01:11:23,281  INFO [Heartbeater-2] metastore.HMSHandler: HMS server filtering is disabled by configuration
2024-04-24T01:11:23,281  INFO [Heartbeater-2] metastore.RetryingMetaStoreClient: RetryingMetaStoreClient proxy=class org.apache.hadoop.hive.ql.metadata.SessionHiveMetaStoreClient ugi=alex (auth:SIMPLE) retries=1 delay=1 lifetime=0
2024-04-24T01:11:23,282  INFO [Heartbeater-2] lockmgr.DbTxnManager: Sending heartbeat for txnid:14 and lockid:0 queryId=null txnid:0
2024-04-24T01:11:23,282  INFO [Heartbeater-2] lockmgr.DbTxnManager: Sending heartbeat for txnid:14 and lockid:0 queryId=null txnid:0
2024-04-24T01:11:23,283  INFO [Heartbeater-2] lockmgr.DbTxnManager: Sending heartbeat for txnid:14 and lockid:0 queryId=null txnid:0
2024-04-24T01:11:23,283  INFO [Heartbeater-2] lockmgr.DbTxnManager: Sending heartbeat for txnid:14 and lockid:0 queryId=null txnid:0
2024-04-24T01:11:23,284  INFO [Heartbeater-2] lockmgr.DbTxnManager: Sending heartbeat for txnid:14 and lockid:0 queryId=null txnid:0
2024-04-24T01:11:23,284  INFO [Heartbeater-2] lockmgr.DbTxnManager: Sending heartbeat for txnid:14 and lockid:0 queryId=null txnid:0
2024-04-24T01:11:23,284  INFO [main] metastore.HMSHandler: Skipping translation for processor with null
2024-04-24T01:11:23,285  INFO [main] HiveMetaStore.audit: ugi=alex	ip=unknown-ip-addr	cmd=get_table : tbl=hive.default.acidTbl	
2024-04-24T01:11:23,285  INFO [Heartbeater-2] lockmgr.DbTxnManager: Sending heartbeat for txnid:14 and lockid:0 queryId=null txnid:0
2024-04-24T01:11:23,285  INFO [Heartbeater-2] lockmgr.DbTxnManager: Sending heartbeat for txnid:14 and lockid:0 queryId=null txnid:0
2024-04-24T01:11:23,286  INFO [Heartbeater-2] lockmgr.DbTxnManager: Sending heartbeat for txnid:14 and lockid:0 queryId=null txnid:0
2024-04-24T01:11:23,287  INFO [Heartbeater-2] lockmgr.DbTxnManager: Sending heartbeat for txnid:14 and lockid:0 queryId=null txnid:0
2024-04-24T01:11:23,288  INFO [Heartbeater-2] lockmgr.DbTxnManager: Sending heartbeat for txnid:14 and lockid:0 queryId=null txnid:0
2024-04-24T01:11:23,289  INFO [Heartbeater-2] lockmgr.DbTxnManager: Sending heartbeat for txnid:14 and lockid:0 queryId=null txnid:0
2024-04-24T01:11:23,290  INFO [Heartbeater-2] lockmgr.DbTxnManager: Sending heartbeat for txnid:14 and lockid:0 queryId=null txnid:0
2024-04-24T01:11:23,291  INFO [Heartbeater-2] lockmgr.DbTxnManager: Sending heartbeat for txnid:14 and lockid:0 queryId=null txnid:0
2024-04-24T01:11:23,292  INFO [Heartbeater-2] lockmgr.DbTxnManager: Sending heartbeat for txnid:14 and lockid:0 queryId=null txnid:0
2024-04-24T01:11:23,293  INFO [Heartbeater-2] lockmgr.DbTxnManager: Sending heartbeat for txnid:14 and lockid:0 queryId=null txnid:0
2024-04-24T01:11:23,293  INFO [main] metastore.HMSHandler: Skipping translation for processor with null
2024-04-24T01:11:23,294  INFO [main] HiveMetaStore.audit: ugi=alex	ip=unknown-ip-addr	cmd=drop_table : tbl=hive.default.acidTbl	
2024-04-24T01:11:23,294  INFO [Heartbeater-2] lockmgr.DbTxnManager: Sending heartbeat for txnid:14 and lockid:0 queryId=null txnid:0
2024-04-24T01:11:23,295  INFO [Heartbeater-2] lockmgr.DbTxnManager: Sending heartbeat for txnid:14 and lockid:0 queryId=null txnid:0
2024-04-24T01:11:23,296  INFO [Heartbeater-2] lockmgr.DbTxnManager: Sending heartbeat for txnid:14 and lockid:0 queryId=null txnid:0
2024-04-24T01:11:23,297  INFO [Heartbeater-2] lockmgr.DbTxnManager: Sending heartbeat for txnid:14 and lockid:0 queryId=null txnid:0
2024-04-24T01:11:23,298  INFO [Heartbeater-2] lockmgr.DbTxnManager: Sending heartbeat for txnid:14 and lockid:0 queryId=null txnid:0
2024-04-24T01:11:23,299  INFO [Heartbeater-2] lockmgr.DbTxnManager: Sending heartbeat for txnid:14 and lockid:0 queryId=null txnid:0
2024-04-24T01:11:23,300  INFO [Heartbeater-2] lockmgr.DbTxnManager: Sending heartbeat for txnid:14 and lockid:0 queryId=null txnid:0
2024-04-24T01:11:23,301  INFO [Heartbeater-2] lockmgr.DbTxnManager: Sending heartbeat for txnid:14 and lockid:0 queryId=null txnid:0
2024-04-24T01:11:23,302  INFO [Heartbeater-2] lockmgr.DbTxnManager: Sending heartbeat for txnid:14 and lockid:0 queryId=null txnid:0
2024-04-24T01:11:23,303  INFO [Heartbeater-2] lockmgr.DbTxnManager: Sending heartbeat for txnid:14 and lockid:0 queryId=null txnid:0
2024-04-24T01:11:23,304  INFO [Heartbeater-2] lockmgr.DbTxnManager: Sending heartbeat for txnid:14 and lockid:0 queryId=null txnid:0
2024-04-24T01:11:23,305  INFO [Heartbeater-2] lockmgr.DbTxnManager: Sending heartbeat for txnid:14 and lockid:0 queryId=null txnid:0
2024-04-24T01:11:23,306  INFO [Heartbeater-2] lockmgr.DbTxnManager: Sending heartbeat for txnid:14 and lockid:0 queryId=null txnid:0
2024-04-24T01:11:23,307  INFO [Heartbeater-2] lockmgr.DbTxnManager: Sending heartbeat for txnid:14 and lockid:0 queryId=null txnid:0
2024-04-24T01:11:23,308  INFO [Heartbeater-2] lockmgr.DbTxnManager: Sending heartbeat for txnid:14 and lockid:0 queryId=null txnid:0
2024-04-24T01:11:23,309  INFO [Heartbeater-2] lockmgr.DbTxnManager: Sending heartbeat for txnid:14 and lockid:0 queryId=null txnid:0
2024-04-24T01:11:23,310  INFO [Heartbeater-2] lockmgr.DbTxnManager: Sending heartbeat for txnid:14 and lockid:0 queryId=null txnid:0
2024-04-24T01:11:23,311  INFO [Heartbeater-2] lockmgr.DbTxnManager: Sending heartbeat for txnid:14 and lockid:0 queryId=null txnid:0
2024-04-24T01:11:23,312  INFO [Heartbeater-2] lockmgr.DbTxnManager: Sending heartbeat for txnid:14 and lockid:0 queryId=null txnid:0
2024-04-24T01:11:23,313  INFO [Heartbeater-2] lockmgr.DbTxnManager: Sending heartbeat for txnid:14 and lockid:0 queryId=null txnid:0
2024-04-24T01:11:23,314  INFO [Heartbeater-2] lockmgr.DbTxnManager: Sending heartbeat for txnid:14 and lockid:0 queryId=null txnid:0
2024-04-24T01:11:23,315  INFO [Heartbeater-2] lockmgr.DbTxnManager: Sending heartbeat for txnid:14 and lockid:0 queryId=null txnid:0
2024-04-24T01:11:23,316  INFO [Heartbeater-2] lockmgr.DbTxnManager: Sending heartbeat for txnid:14 and lockid:0 queryId=null txnid:0
2024-04-24T01:11:23,317  INFO [Heartbeater-2] lockmgr.DbTxnManager: Sending heartbeat for txnid:14 and lockid:0 queryId=null txnid:0
2024-04-24T01:11:23,318  INFO [Heartbeater-2] lockmgr.DbTxnManager: Sending heartbeat for txnid:14 and lockid:0 queryId=null txnid:0
2024-04-24T01:11:23,319  INFO [Heartbeater-2] lockmgr.DbTxnManager: Sending heartbeat for txnid:14 and lockid:0 queryId=null txnid:0
2024-04-24T01:11:23,320  INFO [Heartbeater-2] lockmgr.DbTxnManager: Sending heartbeat for txnid:14 and lockid:0 queryId=null txnid:0
2024-04-24T01:11:23,321  INFO [Heartbeater-2] lockmgr.DbTxnManager: Sending heartbeat for txnid:14 and lockid:0 queryId=null txnid:0
2024-04-24T01:11:23,322  INFO [Heartbeater-2] lockmgr.DbTxnManager: Sending heartbeat for txnid:14 and lockid:0 queryId=null txnid:0
2024-04-24T01:11:23,323  INFO [Heartbeater-2] lockmgr.DbTxnManager: Sending heartbeat for txnid:14 and lockid:0 queryId=null txnid:0
2024-04-24T01:11:23,324  INFO [Heartbeater-4] lockmgr.DbTxnManager: Sending heartbeat for txnid:14 and lockid:0 queryId=null txnid:0
2024-04-24T01:11:23,326  INFO [Heartbeater-4] metastore.HiveMetaStoreClient: HMS client filtering is enabled.
2024-04-24T01:11:23,327  INFO [Heartbeater-4] metastore.HMSHandler: 11: Opening raw store with implementation class:org.apache.hadoop.hive.metastore.ObjectStore
2024-04-24T01:11:23,327  INFO [Heartbeater-4] metastore.PersistenceManagerProvider: Configuration datanucleus.autoStartMechanismMode is not set. Defaulting to 'ignored'
2024-04-24T01:11:23,327  INFO [Heartbeater-4] metastore.ObjectStore: RawStore: org.apache.hadoop.hive.metastore.ObjectStore@57d61e16, with PersistenceManager: null will be shutdown
2024-04-24T01:11:23,327  INFO [Heartbeater-4] metastore.ObjectStore: RawStore: org.apache.hadoop.hive.metastore.ObjectStore@57d61e16, with PersistenceManager: org.datanucleus.api.jdo.JDOPersistenceManager@50b863f6 created in the thread with id: 57
2024-04-24T01:11:23,329  INFO [Heartbeater-4] metastore.HMSHandler: Created RawStore: org.apache.hadoop.hive.metastore.ObjectStore@57d61e16 from thread id: 57
2024-04-24T01:11:23,329  INFO [Heartbeater-4] metastore.HMSHandler: HMS server filtering is disabled by configuration
2024-04-24T01:11:23,329  INFO [Heartbeater-4] metastore.RetryingMetaStoreClient: RetryingMetaStoreClient proxy=class org.apache.hadoop.hive.ql.metadata.SessionHiveMetaStoreClient ugi=alex (auth:SIMPLE) retries=1 delay=1 lifetime=0
2024-04-24T01:11:23,330  INFO [Heartbeater-4] lockmgr.DbTxnManager: Sending heartbeat for txnid:14 and lockid:0 queryId=null txnid:0
2024-04-24T01:11:23,330  INFO [Heartbeater-4] lockmgr.DbTxnManager: Sending heartbeat for txnid:14 and lockid:0 queryId=null txnid:0
2024-04-24T01:11:23,331  INFO [Heartbeater-4] lockmgr.DbTxnManager: Sending heartbeat for txnid:14 and lockid:0 queryId=null txnid:0
2024-04-24T01:11:23,331  INFO [Heartbeater-4] lockmgr.DbTxnManager: Sending heartbeat for txnid:14 and lockid:0 queryId=null txnid:0
2024-04-24T01:11:23,332  INFO [Heartbeater-4] lockmgr.DbTxnManager: Sending heartbeat for txnid:14 and lockid:0 queryId=null txnid:0
2024-04-24T01:11:23,332  INFO [Heartbeater-4] lockmgr.DbTxnManager: Sending heartbeat for txnid:14 and lockid:0 queryId=null txnid:0
2024-04-24T01:11:23,333  INFO [Heartbeater-4] lockmgr.DbTxnManager: Sending heartbeat for txnid:14 and lockid:0 queryId=null txnid:0
2024-04-24T01:11:23,333  INFO [Heartbeater-4] lockmgr.DbTxnManager: Sending heartbeat for txnid:14 and lockid:0 queryId=null txnid:0
2024-04-24T01:11:23,333  INFO [Heartbeater-4] lockmgr.DbTxnManager: Sending heartbeat for txnid:14 and lockid:0 queryId=null txnid:0
2024-04-24T01:11:23,334  INFO [Heartbeater-4] lockmgr.DbTxnManager: Sending heartbeat for txnid:14 and lockid:0 queryId=null txnid:0
2024-04-24T01:11:23,335  INFO [Heartbeater-4] lockmgr.DbTxnManager: Sending heartbeat for txnid:14 and lockid:0 queryId=null txnid:0
2024-04-24T01:11:23,336  INFO [Heartbeater-4] lockmgr.DbTxnManager: Sending heartbeat for txnid:14 and lockid:0 queryId=null txnid:0
2024-04-24T01:11:23,337  INFO [Heartbeater-4] lockmgr.DbTxnManager: Sending heartbeat for txnid:14 and lockid:0 queryId=null txnid:0
2024-04-24T01:11:23,338  INFO [Heartbeater-4] lockmgr.DbTxnManager: Sending heartbeat for txnid:14 and lockid:0 queryId=null txnid:0
2024-04-24T01:11:23,339  INFO [Heartbeater-4] lockmgr.DbTxnManager: Sending heartbeat for txnid:14 and lockid:0 queryId=null txnid:0
2024-04-24T01:11:23,340  INFO [Heartbeater-4] lockmgr.DbTxnManager: Sending heartbeat for txnid:14 and lockid:0 queryId=null txnid:0
2024-04-24T01:11:23,341  INFO [Heartbeater-4] lockmgr.DbTxnManager: Sending heartbeat for txnid:14 and lockid:0 queryId=null txnid:0
2024-04-24T01:11:23,342  INFO [Heartbeater-4] lockmgr.DbTxnManager: Sending heartbeat for txnid:14 and lockid:0 queryId=null txnid:0
2024-04-24T01:11:23,343  INFO [Heartbeater-4] lockmgr.DbTxnManager: Sending heartbeat for txnid:14 and lockid:0 queryId=null txnid:0
2024-04-24T01:11:23,344  INFO [Heartbeater-4] lockmgr.DbTxnManager: Sending heartbeat for txnid:14 and lockid:0 queryId=null txnid:0
2024-04-24T01:11:23,345  INFO [Heartbeater-4] lockmgr.DbTxnManager: Sending heartbeat for txnid:14 and lockid:0 queryId=null txnid:0
2024-04-24T01:11:23,346  INFO [Heartbeater-4] lockmgr.DbTxnManager: Sending heartbeat for txnid:14 and lockid:0 queryId=null txnid:0
2024-04-24T01:11:23,347  INFO [Heartbeater-4] lockmgr.DbTxnManager: Sending heartbeat for txnid:14 and lockid:0 queryId=null txnid:0
2024-04-24T01:11:23,348  INFO [Heartbeater-4] lockmgr.DbTxnManager: Sending heartbeat for txnid:14 and lockid:0 queryId=null txnid:0
2024-04-24T01:11:23,349  INFO [Heartbeater-4] lockmgr.DbTxnManager: Sending heartbeat for txnid:14 and lockid:0 queryId=null txnid:0
2024-04-24T01:11:23,350  INFO [Heartbeater-4] lockmgr.DbTxnManager: Sending heartbeat for txnid:14 and lockid:0 queryId=null txnid:0
2024-04-24T01:11:23,351  INFO [Heartbeater-4] lockmgr.DbTxnManager: Sending heartbeat for txnid:14 and lockid:0 queryId=null txnid:0
2024-04-24T01:11:23,352  INFO [Heartbeater-4] lockmgr.DbTxnManager: Sending heartbeat for txnid:14 and lockid:0 queryId=null txnid:0
2024-04-24T01:11:23,353  INFO [Heartbeater-4] lockmgr.DbTxnManager: Sending heartbeat for txnid:14 and lockid:0 queryId=null txnid:0
2024-04-24T01:11:23,354  INFO [Heartbeater-4] lockmgr.DbTxnManager: Sending heartbeat for txnid:14 and lockid:0 queryId=null txnid:0
2024-04-24T01:11:23,355  INFO [Heartbeater-4] lockmgr.DbTxnManager: Sending heartbeat for txnid:14 and lockid:0 queryId=null txnid:0
2024-04-24T01:11:23,356  INFO [Heartbeater-4] lockmgr.DbTxnManager: Sending heartbeat for txnid:14 and lockid:0 queryId=null txnid:0
2024-04-24T01:11:23,357  INFO [Heartbeater-4] lockmgr.DbTxnManager: Sending heartbeat for txnid:14 and lockid:0 queryId=null txnid:0
2024-04-24T01:11:23,358  INFO [Heartbeater-4] lockmgr.DbTxnManager: Sending heartbeat for txnid:14 and lockid:0 queryId=null txnid:0
2024-04-24T01:11:23,359  INFO [Heartbeater-3] lockmgr.DbTxnManager: Sending heartbeat for txnid:14 and lockid:0 queryId=null txnid:0
2024-04-24T01:11:23,360  INFO [Heartbeater-3] metastore.HiveMetaStoreClient: HMS client filtering is enabled.
2024-04-24T01:11:23,361  INFO [Heartbeater-3] metastore.HMSHandler: 12: Opening raw store with implementation class:org.apache.hadoop.hive.metastore.ObjectStore
2024-04-24T01:11:23,362  INFO [Heartbeater-3] metastore.PersistenceManagerProvider: Configuration datanucleus.autoStartMechanismMode is not set. Defaulting to 'ignored'
2024-04-24T01:11:23,362  INFO [Heartbeater-3] metastore.ObjectStore: RawStore: org.apache.hadoop.hive.metastore.ObjectStore@4c5d0086, with PersistenceManager: null will be shutdown
2024-04-24T01:11:23,362  INFO [Heartbeater-3] metastore.ObjectStore: RawStore: org.apache.hadoop.hive.metastore.ObjectStore@4c5d0086, with PersistenceManager: org.datanucleus.api.jdo.JDOPersistenceManager@381caea9 created in the thread with id: 55
2024-04-24T01:11:23,364  INFO [Heartbeater-3] metastore.HMSHandler: Created RawStore: org.apache.hadoop.hive.metastore.ObjectStore@4c5d0086 from thread id: 55
2024-04-24T01:11:23,364  INFO [Heartbeater-3] metastore.HMSHandler: HMS server filtering is disabled by configuration
2024-04-24T01:11:23,365  INFO [Heartbeater-3] metastore.RetryingMetaStoreClient: RetryingMetaStoreClient proxy=class org.apache.hadoop.hive.ql.metadata.SessionHiveMetaStoreClient ugi=alex (auth:SIMPLE) retries=1 delay=1 lifetime=0
2024-04-24T01:11:23,365  INFO [Heartbeater-3] lockmgr.DbTxnManager: Sending heartbeat for txnid:14 and lockid:0 queryId=null txnid:0
2024-04-24T01:11:23,366  INFO [Heartbeater-3] lockmgr.DbTxnManager: Sending heartbeat for txnid:14 and lockid:0 queryId=null txnid:0
2024-04-24T01:11:23,366  INFO [Heartbeater-3] lockmgr.DbTxnManager: Sending heartbeat for txnid:14 and lockid:0 queryId=null txnid:0
2024-04-24T01:11:23,367  INFO [Heartbeater-3] lockmgr.DbTxnManager: Sending heartbeat for txnid:14 and lockid:0 queryId=null txnid:0
2024-04-24T01:11:23,367  INFO [Heartbeater-3] lockmgr.DbTxnManager: Sending heartbeat for txnid:14 and lockid:0 queryId=null txnid:0
2024-04-24T01:11:23,368  INFO [Heartbeater-3] lockmgr.DbTxnManager: Sending heartbeat for txnid:14 and lockid:0 queryId=null txnid:0
2024-04-24T01:11:23,368  INFO [Heartbeater-3] lockmgr.DbTxnManager: Sending heartbeat for txnid:14 and lockid:0 queryId=null txnid:0
2024-04-24T01:11:23,368  INFO [Heartbeater-3] lockmgr.DbTxnManager: Sending heartbeat for txnid:14 and lockid:0 queryId=null txnid:0
2024-04-24T01:11:23,369  INFO [Heartbeater-3] lockmgr.DbTxnManager: Sending heartbeat for txnid:14 and lockid:0 queryId=null txnid:0
2024-04-24T01:11:23,369  INFO [Heartbeater-3] lockmgr.DbTxnManager: Sending heartbeat for txnid:14 and lockid:0 queryId=null txnid:0
2024-04-24T01:11:23,370  INFO [Heartbeater-3] lockmgr.DbTxnManager: Sending heartbeat for txnid:14 and lockid:0 queryId=null txnid:0
2024-04-24T01:11:23,371  INFO [Heartbeater-3] lockmgr.DbTxnManager: Sending heartbeat for txnid:14 and lockid:0 queryId=null txnid:0
2024-04-24T01:11:23,372  INFO [Heartbeater-3] lockmgr.DbTxnManager: Sending heartbeat for txnid:14 and lockid:0 queryId=null txnid:0
2024-04-24T01:11:23,373  INFO [Heartbeater-3] lockmgr.DbTxnManager: Sending heartbeat for txnid:14 and lockid:0 queryId=null txnid:0
2024-04-24T01:11:23,374  INFO [Heartbeater-3] lockmgr.DbTxnManager: Sending heartbeat for txnid:14 and lockid:0 queryId=null txnid:0
2024-04-24T01:11:23,375  INFO [Heartbeater-3] lockmgr.DbTxnManager: Sending heartbeat for txnid:14 and lockid:0 queryId=null txnid:0
2024-04-24T01:11:23,376  INFO [Heartbeater-3] lockmgr.DbTxnManager: Sending heartbeat for txnid:14 and lockid:0 queryId=null txnid:0
2024-04-24T01:11:23,377  INFO [Heartbeater-3] lockmgr.DbTxnManager: Sending heartbeat for txnid:14 and lockid:0 queryId=null txnid:0
2024-04-24T01:11:23,378  INFO [Heartbeater-3] lockmgr.DbTxnManager: Sending heartbeat for txnid:14 and lockid:0 queryId=null txnid:0
2024-04-24T01:11:23,379  INFO [Heartbeater-3] lockmgr.DbTxnManager: Sending heartbeat for txnid:14 and lockid:0 queryId=null txnid:0
2024-04-24T01:11:23,380  INFO [Heartbeater-3] lockmgr.DbTxnManager: Sending heartbeat for txnid:14 and lockid:0 queryId=null txnid:0
2024-04-24T01:11:23,381  INFO [Heartbeater-3] lockmgr.DbTxnManager: Sending heartbeat for txnid:14 and lockid:0 queryId=null txnid:0
2024-04-24T01:11:23,382  INFO [Heartbeater-3] lockmgr.DbTxnManager: Sending heartbeat for txnid:14 and lockid:0 queryId=null txnid:0
2024-04-24T01:11:23,383  INFO [Heartbeater-3] lockmgr.DbTxnManager: Sending heartbeat for txnid:14 and lockid:0 queryId=null txnid:0
2024-04-24T01:11:23,384  INFO [Heartbeater-3] lockmgr.DbTxnManager: Sending heartbeat for txnid:14 and lockid:0 queryId=null txnid:0
2024-04-24T01:11:23,386  INFO [Heartbeater-3] lockmgr.DbTxnManager: Sending heartbeat for txnid:14 and lockid:0 queryId=null txnid:0
2024-04-24T01:11:23,386  INFO [Heartbeater-3] lockmgr.DbTxnManager: Sending heartbeat for txnid:14 and lockid:0 queryId=null txnid:0
2024-04-24T01:11:23,387  INFO [Heartbeater-3] lockmgr.DbTxnManager: Sending heartbeat for txnid:14 and lockid:0 queryId=null txnid:0
2024-04-24T01:11:23,388  INFO [Heartbeater-3] lockmgr.DbTxnManager: Sending heartbeat for txnid:14 and lockid:0 queryId=null txnid:0
2024-04-24T01:11:23,389  INFO [Heartbeater-3] lockmgr.DbTxnManager: Sending heartbeat for txnid:14 and lockid:0 queryId=null txnid:0
2024-04-24T01:11:23,390  INFO [Heartbeater-3] lockmgr.DbTxnManager: Sending heartbeat for txnid:14 and lockid:0 queryId=null txnid:0
2024-04-24T01:11:23,391  INFO [Heartbeater-3] lockmgr.DbTxnManager: Sending heartbeat for txnid:14 and lockid:0 queryId=null txnid:0
2024-04-24T01:11:23,392  INFO [Heartbeater-3] lockmgr.DbTxnManager: Sending heartbeat for txnid:14 and lockid:0 queryId=null txnid:0
2024-04-24T01:11:23,393  INFO [Heartbeater-3] lockmgr.DbTxnManager: Sending heartbeat for txnid:14 and lockid:0 queryId=null txnid:0
2024-04-24T01:11:23,394  INFO [Heartbeater-3] lockmgr.DbTxnManager: Sending heartbeat for txnid:14 and lockid:0 queryId=null txnid:0
2024-04-24T01:11:23,395  INFO [Heartbeater-3] lockmgr.DbTxnManager: Sending heartbeat for txnid:14 and lockid:0 queryId=null txnid:0
2024-04-24T01:11:23,396  INFO [Heartbeater-3] lockmgr.DbTxnManager: Sending heartbeat for txnid:14 and lockid:0 queryId=null txnid:0
2024-04-24T01:11:23,397  INFO [Heartbeater-3] lockmgr.DbTxnManager: Sending heartbeat for txnid:14 and lockid:0 queryId=null txnid:0
2024-04-24T01:11:23,398  INFO [Heartbeater-3] lockmgr.DbTxnManager: Sending heartbeat for txnid:14 and lockid:0 queryId=null txnid:0
2024-04-24T01:11:23,399  INFO [Heartbeater-3] lockmgr.DbTxnManager: Sending heartbeat for txnid:14 and lockid:0 queryId=null txnid:0
2024-04-24T01:11:23,400  INFO [Heartbeater-3] lockmgr.DbTxnManager: Sending heartbeat for txnid:14 and lockid:0 queryId=null txnid:0
2024-04-24T01:11:23,401  INFO [Heartbeater-3] lockmgr.DbTxnManager: Sending heartbeat for txnid:14 and lockid:0 queryId=null txnid:0
2024-04-24T01:11:23,402  INFO [Heartbeater-3] lockmgr.DbTxnManager: Sending heartbeat for txnid:14 and lockid:0 queryId=null txnid:0
2024-04-24T01:11:23,403  INFO [Heartbeater-3] lockmgr.DbTxnManager: Sending heartbeat for txnid:14 and lockid:0 queryId=null txnid:0
2024-04-24T01:11:23,404  INFO [Heartbeater-3] lockmgr.DbTxnManager: Sending heartbeat for txnid:14 and lockid:0 queryId=null txnid:0
2024-04-24T01:11:23,405  INFO [Heartbeater-3] lockmgr.DbTxnManager: Sending heartbeat for txnid:14 and lockid:0 queryId=null txnid:0
2024-04-24T01:11:23,406  INFO [Heartbeater-3] lockmgr.DbTxnManager: Sending heartbeat for txnid:14 and lockid:0 queryId=null txnid:0
2024-04-24T01:11:23,407  INFO [Heartbeater-3] lockmgr.DbTxnManager: Sending heartbeat for txnid:14 and lockid:0 queryId=null txnid:0
2024-04-24T01:11:23,408  INFO [Heartbeater-3] lockmgr.DbTxnManager: Sending heartbeat for txnid:14 and lockid:0 queryId=null txnid:0
2024-04-24T01:11:23,409  INFO [Heartbeater-1] lockmgr.DbTxnManager: Sending heartbeat for txnid:14 and lockid:0 queryId=null txnid:0
2024-04-24T01:11:23,410  INFO [Heartbeater-1] lockmgr.DbTxnManager: Sending heartbeat for txnid:14 and lockid:0 queryId=null txnid:0
2024-04-24T01:11:23,411  INFO [Heartbeater-1] lockmgr.DbTxnManager: Sending heartbeat for txnid:14 and lockid:0 queryId=null txnid:0
2024-04-24T01:11:23,412  INFO [Heartbeater-1] lockmgr.DbTxnManager: Sending heartbeat for txnid:14 and lockid:0 queryId=null txnid:0
2024-04-24T01:11:23,413  INFO [Heartbeater-1] lockmgr.DbTxnManager: Sending heartbeat for txnid:14 and lockid:0 queryId=null txnid:0
2024-04-24T01:11:23,414  INFO [Heartbeater-1] lockmgr.DbTxnManager: Sending heartbeat for txnid:14 and lockid:0 queryId=null txnid:0
2024-04-24T01:11:23,415  INFO [Heartbeater-1] lockmgr.DbTxnManager: Sending heartbeat for txnid:14 and lockid:0 queryId=null txnid:0
2024-04-24T01:11:23,416  INFO [Heartbeater-1] lockmgr.DbTxnManager: Sending heartbeat for txnid:14 and lockid:0 queryId=null txnid:0
2024-04-24T01:11:23,417  INFO [Heartbeater-1] lockmgr.DbTxnManager: Sending heartbeat for txnid:14 and lockid:0 queryId=null txnid:0
2024-04-24T01:11:23,418  INFO [Heartbeater-1] lockmgr.DbTxnManager: Sending heartbeat for txnid:14 and lockid:0 queryId=null txnid:0
2024-04-24T01:11:23,419  INFO [Heartbeater-1] lockmgr.DbTxnManager: Sending heartbeat for txnid:14 and lockid:0 queryId=null txnid:0
2024-04-24T01:11:23,420  INFO [Heartbeater-1] lockmgr.DbTxnManager: Sending heartbeat for txnid:14 and lockid:0 queryId=null txnid:0
2024-04-24T01:11:23,421  INFO [Heartbeater-1] lockmgr.DbTxnManager: Sending heartbeat for txnid:14 and lockid:0 queryId=null txnid:0
2024-04-24T01:11:23,422  INFO [Heartbeater-1] lockmgr.DbTxnManager: Sending heartbeat for txnid:14 and lockid:0 queryId=null txnid:0
2024-04-24T01:11:23,423  INFO [Heartbeater-1] lockmgr.DbTxnManager: Sending heartbeat for txnid:14 and lockid:0 queryId=null txnid:0
2024-04-24T01:11:23,424  INFO [Heartbeater-1] lockmgr.DbTxnManager: Sending heartbeat for txnid:14 and lockid:0 queryId=null txnid:0
2024-04-24T01:11:23,425  INFO [Heartbeater-1] lockmgr.DbTxnManager: Sending heartbeat for txnid:14 and lockid:0 queryId=null txnid:0
2024-04-24T01:11:23,426  INFO [Heartbeater-1] lockmgr.DbTxnManager: Sending heartbeat for txnid:14 and lockid:0 queryId=null txnid:0
2024-04-24T01:11:23,426  INFO [main] metadata.Hive: Dumping metastore api call timing information for : execution phase
2024-04-24T01:11:23,426  INFO [main] metadata.Hive: Total time spent in each metastore function (ms): {getTable_(GetTableRequest)=9, dropTable_(String, String, boolean, boolean, boolean)=141, isCompatibleWith_(Configuration)=0}
2024-04-24T01:11:23,427  INFO [main] ql.Driver: Completed executing command(queryId=alex_20240424011123_57097cc0-072b-4fcf-a28d-64e2edf00653); Time taken: 0.15 seconds
2024-04-24T01:11:23,427  INFO [main] lockmgr.DbTxnManager: Stopped heartbeat for query: alex_20240424011123_57097cc0-072b-4fcf-a28d-64e2edf00653
2024-04-24T01:11:23,432  INFO [main] txn.TxnHandler: Expected to move at least one record from txn_components to completed_txn_components when committing txn! txnid:14
2024-04-24T01:11:23,440  INFO [main] txn.TxnHandler: Removed transactions: ([14]) from MIN_HISTORY_LEVEL
2024-04-24T01:11:23,442  WARN [main] txn.CompactionTxnHandler: No compaction queue record found for Compaction type transaction commit. txnId:14
2024-04-24T01:11:23,442  INFO [main] ql.TxnCommandsBaseForTests: Running the query: drop table if exists acidTblPart
2024-04-24T01:11:23,442  INFO [main] ql.Driver: Compiling command(queryId=alex_20240424011123_4963cd20-e969-4a5e-80e5-19457f8c18b1): drop table if exists acidTblPart
2024-04-24T01:11:23,449  INFO [main] txn.TxnHandler: Added entries to MIN_HISTORY_LEVEL for current txns: ([15]) with min_open_txn: 14
2024-04-24T01:11:23,450  INFO [main] lockmgr.DbTxnManager: Opened txnid:15
2024-04-24T01:11:23,450  INFO [Heartbeater-4] lockmgr.DbTxnManager: Sending heartbeat for txnid:15 and lockid:0 queryId=null txnid:0
2024-04-24T01:11:23,450  INFO [main] HiveMetaStore.audit: ugi=alex	ip=unknown-ip-addr	cmd=get_table : tbl=hive.default.acidTblPart	
2024-04-24T01:11:23,454  INFO [Heartbeater-4] lockmgr.DbTxnManager: Sending heartbeat for txnid:15 and lockid:0 queryId=null txnid:0
2024-04-24T01:11:23,455  INFO [Heartbeater-4] lockmgr.DbTxnManager: Sending heartbeat for txnid:15 and lockid:0 queryId=null txnid:0
2024-04-24T01:11:23,456  INFO [Heartbeater-4] lockmgr.DbTxnManager: Sending heartbeat for txnid:15 and lockid:0 queryId=null txnid:0
2024-04-24T01:11:23,456  INFO [Heartbeater-4] lockmgr.DbTxnManager: Sending heartbeat for txnid:15 and lockid:0 queryId=null txnid:0
2024-04-24T01:11:23,457  INFO [Heartbeater-4] lockmgr.DbTxnManager: Sending heartbeat for txnid:15 and lockid:0 queryId=null txnid:0
2024-04-24T01:11:23,458  INFO [Heartbeater-4] lockmgr.DbTxnManager: Sending heartbeat for txnid:15 and lockid:0 queryId=null txnid:0
2024-04-24T01:11:23,458  INFO [Heartbeater-4] lockmgr.DbTxnManager: Sending heartbeat for txnid:15 and lockid:0 queryId=null txnid:0
2024-04-24T01:11:23,459  INFO [Heartbeater-4] lockmgr.DbTxnManager: Sending heartbeat for txnid:15 and lockid:0 queryId=null txnid:0
2024-04-24T01:11:23,460  INFO [Heartbeater-4] lockmgr.DbTxnManager: Sending heartbeat for txnid:15 and lockid:0 queryId=null txnid:0
2024-04-24T01:11:23,460  INFO [Heartbeater-4] lockmgr.DbTxnManager: Sending heartbeat for txnid:15 and lockid:0 queryId=null txnid:0
2024-04-24T01:11:23,461  INFO [Heartbeater-4] lockmgr.DbTxnManager: Sending heartbeat for txnid:15 and lockid:0 queryId=null txnid:0
2024-04-24T01:11:23,462  INFO [Heartbeater-4] lockmgr.DbTxnManager: Sending heartbeat for txnid:15 and lockid:0 queryId=null txnid:0
2024-04-24T01:11:23,463  INFO [Heartbeater-4] lockmgr.DbTxnManager: Sending heartbeat for txnid:15 and lockid:0 queryId=null txnid:0
2024-04-24T01:11:23,464  INFO [Heartbeater-4] lockmgr.DbTxnManager: Sending heartbeat for txnid:15 and lockid:0 queryId=null txnid:0
2024-04-24T01:11:23,465  INFO [Heartbeater-4] lockmgr.DbTxnManager: Sending heartbeat for txnid:15 and lockid:0 queryId=null txnid:0
2024-04-24T01:11:23,466  INFO [Heartbeater-4] lockmgr.DbTxnManager: Sending heartbeat for txnid:15 and lockid:0 queryId=null txnid:0
2024-04-24T01:11:23,467  INFO [Heartbeater-4] lockmgr.DbTxnManager: Sending heartbeat for txnid:15 and lockid:0 queryId=null txnid:0
2024-04-24T01:11:23,468  INFO [Heartbeater-4] lockmgr.DbTxnManager: Sending heartbeat for txnid:15 and lockid:0 queryId=null txnid:0
2024-04-24T01:11:23,469  INFO [Heartbeater-4] lockmgr.DbTxnManager: Sending heartbeat for txnid:15 and lockid:0 queryId=null txnid:0
2024-04-24T01:11:23,470  INFO [Heartbeater-4] lockmgr.DbTxnManager: Sending heartbeat for txnid:15 and lockid:0 queryId=null txnid:0
2024-04-24T01:11:23,470  INFO [main] metastore.HMSHandler: Skipping translation for processor with null
2024-04-24T01:11:23,471  INFO [main] ql.Driver: Semantic Analysis Completed (retrial = false)
2024-04-24T01:11:23,471  INFO [main] ql.Driver: Created Hive schema: Schema(fieldSchemas:null, properties:null)
2024-04-24T01:11:23,471  INFO [main] metadata.Hive: Dumping metastore api call timing information for : compilation phase
2024-04-24T01:11:23,471  INFO [main] metadata.Hive: Total time spent in each metastore function (ms): {getTable_(GetTableRequest)=20, openTxn_(String, TxnType)=7, commitTxn_(CommitTxnRequest)=15, isCompatibleWith_(Configuration)=0, flushCache_()=0, getValidTxns_(long)=0}
2024-04-24T01:11:23,471  INFO [main] ql.Driver: Completed compiling command(queryId=alex_20240424011123_4963cd20-e969-4a5e-80e5-19457f8c18b1); Time taken: 0.029 seconds
2024-04-24T01:11:23,471  INFO [Heartbeater-4] lockmgr.DbTxnManager: Sending heartbeat for txnid:15 and lockid:0 queryId=null txnid:0
2024-04-24T01:11:23,471  INFO [main] lockmgr.DbTxnManager: Setting lock request transaction to txnid:15 for queryId=alex_20240424011123_4963cd20-e969-4a5e-80e5-19457f8c18b1
2024-04-24T01:11:23,472  INFO [main] lockmgr.DbLockManager: Requesting lock for queryId=alex_20240424011123_4963cd20-e969-4a5e-80e5-19457f8c18b1
2024-04-24T01:11:23,472  INFO [Heartbeater-4] lockmgr.DbTxnManager: Sending heartbeat for txnid:15 and lockid:0 queryId=null txnid:0
2024-04-24T01:11:23,473  INFO [Heartbeater-4] lockmgr.DbTxnManager: Sending heartbeat for txnid:15 and lockid:0 queryId=null txnid:0
2024-04-24T01:11:23,474  INFO [Heartbeater-4] lockmgr.DbTxnManager: Sending heartbeat for txnid:15 and lockid:0 queryId=null txnid:0
2024-04-24T01:11:23,475  INFO [Heartbeater-4] lockmgr.DbTxnManager: Sending heartbeat for txnid:15 and lockid:0 queryId=null txnid:0
2024-04-24T01:11:23,476  INFO [Heartbeater-4] lockmgr.DbTxnManager: Sending heartbeat for txnid:15 and lockid:0 queryId=null txnid:0
2024-04-24T01:11:23,477  INFO [Heartbeater-4] lockmgr.DbTxnManager: Sending heartbeat for txnid:15 and lockid:0 queryId=null txnid:0
2024-04-24T01:11:23,478  INFO [Heartbeater-4] lockmgr.DbTxnManager: Sending heartbeat for txnid:15 and lockid:0 queryId=null txnid:0
2024-04-24T01:11:23,479  INFO [Heartbeater-2] lockmgr.DbTxnManager: Sending heartbeat for txnid:15 and lockid:0 queryId=null txnid:0
2024-04-24T01:11:23,480  INFO [Heartbeater-2] lockmgr.DbTxnManager: Sending heartbeat for txnid:15 and lockid:0 queryId=null txnid:0
2024-04-24T01:11:23,481  INFO [Heartbeater-0] lockmgr.DbTxnManager: Sending heartbeat for txnid:15 and lockid:0 queryId=null txnid:0
2024-04-24T01:11:23,482  INFO [Heartbeater-0] metastore.HiveMetaStoreClient: HMS client filtering is enabled.
2024-04-24T01:11:23,483  INFO [Heartbeater-0] metastore.HMSHandler: 13: Opening raw store with implementation class:org.apache.hadoop.hive.metastore.ObjectStore
2024-04-24T01:11:23,483  INFO [Heartbeater-0] metastore.PersistenceManagerProvider: Configuration datanucleus.autoStartMechanismMode is not set. Defaulting to 'ignored'
2024-04-24T01:11:23,483  INFO [Heartbeater-0] metastore.ObjectStore: RawStore: org.apache.hadoop.hive.metastore.ObjectStore@43075697, with PersistenceManager: null will be shutdown
2024-04-24T01:11:23,483  INFO [Heartbeater-0] metastore.ObjectStore: RawStore: org.apache.hadoop.hive.metastore.ObjectStore@43075697, with PersistenceManager: org.datanucleus.api.jdo.JDOPersistenceManager@3749b447 created in the thread with id: 49
2024-04-24T01:11:23,486  INFO [Heartbeater-0] metastore.HMSHandler: Created RawStore: org.apache.hadoop.hive.metastore.ObjectStore@43075697 from thread id: 49
2024-04-24T01:11:23,486  INFO [Heartbeater-0] metastore.HMSHandler: HMS server filtering is disabled by configuration
2024-04-24T01:11:23,486  INFO [Heartbeater-0] metastore.RetryingMetaStoreClient: RetryingMetaStoreClient proxy=class org.apache.hadoop.hive.ql.metadata.SessionHiveMetaStoreClient ugi=alex (auth:SIMPLE) retries=1 delay=1 lifetime=0
2024-04-24T01:11:23,486  INFO [Heartbeater-0] lockmgr.DbTxnManager: Sending heartbeat for txnid:15 and lockid:0 queryId=null txnid:0
2024-04-24T01:11:23,487  INFO [Heartbeater-0] lockmgr.DbTxnManager: Sending heartbeat for txnid:15 and lockid:0 queryId=null txnid:0
2024-04-24T01:11:23,487  INFO [Heartbeater-0] lockmgr.DbTxnManager: Sending heartbeat for txnid:15 and lockid:0 queryId=null txnid:0
2024-04-24T01:11:23,488  INFO [Heartbeater-0] lockmgr.DbTxnManager: Sending heartbeat for txnid:15 and lockid:0 queryId=null txnid:0
2024-04-24T01:11:23,488  INFO [Heartbeater-0] lockmgr.DbTxnManager: Sending heartbeat for txnid:15 and lockid:0 queryId=null txnid:0
2024-04-24T01:11:23,489  INFO [Heartbeater-0] lockmgr.DbTxnManager: Sending heartbeat for txnid:15 and lockid:0 queryId=null txnid:0
2024-04-24T01:11:23,489  INFO [Heartbeater-0] lockmgr.DbTxnManager: Sending heartbeat for txnid:15 and lockid:0 queryId=null txnid:0
2024-04-24T01:11:23,490  INFO [Heartbeater-0] lockmgr.DbTxnManager: Sending heartbeat for txnid:15 and lockid:0 queryId=null txnid:0
2024-04-24T01:11:23,490  INFO [Heartbeater-0] lockmgr.DbTxnManager: Sending heartbeat for txnid:15 and lockid:0 queryId=null txnid:0
2024-04-24T01:11:23,491  INFO [Heartbeater-0] lockmgr.DbTxnManager: Sending heartbeat for txnid:15 and lockid:0 queryId=null txnid:0
2024-04-24T01:11:23,492  INFO [Heartbeater-0] lockmgr.DbTxnManager: Sending heartbeat for txnid:15 and lockid:0 queryId=null txnid:0
2024-04-24T01:11:23,493  INFO [Heartbeater-0] lockmgr.DbTxnManager: Sending heartbeat for txnid:15 and lockid:0 queryId=null txnid:0
2024-04-24T01:11:23,494  INFO [Heartbeater-0] lockmgr.DbTxnManager: Sending heartbeat for txnid:15 and lockid:0 queryId=null txnid:0
2024-04-24T01:11:23,495  INFO [Heartbeater-0] lockmgr.DbTxnManager: Sending heartbeat for txnid:15 and lockid:0 queryId=null txnid:0
2024-04-24T01:11:23,496  INFO [Heartbeater-0] lockmgr.DbTxnManager: Sending heartbeat for txnid:15 and lockid:0 queryId=null txnid:0
2024-04-24T01:11:23,497  INFO [main] lockmgr.DbLockManager: Response to queryId=alex_20240424011123_4963cd20-e969-4a5e-80e5-19457f8c18b1 LockResponse(lockid:9, state:ACQUIRED)
2024-04-24T01:11:23,497  INFO [main] ql.Driver: Operation DROPTABLE obtained 1 locks
2024-04-24T01:11:23,497  INFO [main] ql.Driver: Executing command(queryId=alex_20240424011123_4963cd20-e969-4a5e-80e5-19457f8c18b1): drop table if exists acidTblPart
2024-04-24T01:11:23,497  INFO [main] ql.Driver: Starting task [Stage-0:DDL] in serial mode
2024-04-24T01:11:23,497  INFO [Heartbeater-0] lockmgr.DbTxnManager: Sending heartbeat for txnid:15 and lockid:0 queryId=null txnid:0
2024-04-24T01:11:23,497  INFO [main] HiveMetaStore.audit: ugi=alex	ip=unknown-ip-addr	cmd=get_table : tbl=hive.default.acidTblPart	
2024-04-24T01:11:23,498  INFO [Heartbeater-0] lockmgr.DbTxnManager: Sending heartbeat for txnid:15 and lockid:0 queryId=null txnid:0
2024-04-24T01:11:23,499  INFO [Heartbeater-0] lockmgr.DbTxnManager: Sending heartbeat for txnid:15 and lockid:0 queryId=null txnid:0
2024-04-24T01:11:23,500  INFO [Heartbeater-3] lockmgr.DbTxnManager: Sending heartbeat for txnid:15 and lockid:0 queryId=null txnid:0
2024-04-24T01:11:23,501  INFO [Heartbeater-3] lockmgr.DbTxnManager: Sending heartbeat for txnid:15 and lockid:0 queryId=null txnid:0
2024-04-24T01:11:23,502  INFO [Heartbeater-3] lockmgr.DbTxnManager: Sending heartbeat for txnid:15 and lockid:0 queryId=null txnid:0
2024-04-24T01:11:23,503  INFO [Heartbeater-3] lockmgr.DbTxnManager: Sending heartbeat for txnid:15 and lockid:0 queryId=null txnid:0
2024-04-24T01:11:23,504  INFO [Heartbeater-3] lockmgr.DbTxnManager: Sending heartbeat for txnid:15 and lockid:0 queryId=null txnid:0
2024-04-24T01:11:23,505  INFO [Heartbeater-3] lockmgr.DbTxnManager: Sending heartbeat for txnid:15 and lockid:0 queryId=null txnid:0
2024-04-24T01:11:23,506  INFO [main] metastore.HMSHandler: Skipping translation for processor with null
2024-04-24T01:11:23,506  INFO [Heartbeater-3] lockmgr.DbTxnManager: Sending heartbeat for txnid:15 and lockid:0 queryId=null txnid:0
2024-04-24T01:11:23,506  INFO [main] HiveMetaStore.audit: ugi=alex	ip=unknown-ip-addr	cmd=get_table : tbl=hive.default.acidTblPart	
2024-04-24T01:11:23,507  INFO [Heartbeater-3] lockmgr.DbTxnManager: Sending heartbeat for txnid:15 and lockid:0 queryId=null txnid:0
2024-04-24T01:11:23,508  INFO [Heartbeater-3] lockmgr.DbTxnManager: Sending heartbeat for txnid:15 and lockid:0 queryId=null txnid:0
2024-04-24T01:11:23,509  INFO [Heartbeater-3] lockmgr.DbTxnManager: Sending heartbeat for txnid:15 and lockid:0 queryId=null txnid:0
2024-04-24T01:11:23,510  INFO [Heartbeater-3] lockmgr.DbTxnManager: Sending heartbeat for txnid:15 and lockid:0 queryId=null txnid:0
2024-04-24T01:11:23,511  INFO [Heartbeater-3] lockmgr.DbTxnManager: Sending heartbeat for txnid:15 and lockid:0 queryId=null txnid:0
2024-04-24T01:11:23,512  INFO [Heartbeater-3] lockmgr.DbTxnManager: Sending heartbeat for txnid:15 and lockid:0 queryId=null txnid:0
2024-04-24T01:11:23,513  INFO [Heartbeater-3] lockmgr.DbTxnManager: Sending heartbeat for txnid:15 and lockid:0 queryId=null txnid:0
2024-04-24T01:11:23,514  INFO [Heartbeater-3] lockmgr.DbTxnManager: Sending heartbeat for txnid:15 and lockid:0 queryId=null txnid:0
2024-04-24T01:11:23,515  INFO [main] metastore.HMSHandler: Skipping translation for processor with null
2024-04-24T01:11:23,515  INFO [main] HiveMetaStore.audit: ugi=alex	ip=unknown-ip-addr	cmd=drop_table : tbl=hive.default.acidTblPart	
2024-04-24T01:11:23,515  INFO [Heartbeater-3] lockmgr.DbTxnManager: Sending heartbeat for txnid:15 and lockid:0 queryId=null txnid:0
2024-04-24T01:11:23,516  INFO [Heartbeater-3] lockmgr.DbTxnManager: Sending heartbeat for txnid:15 and lockid:0 queryId=null txnid:0
2024-04-24T01:11:23,517  INFO [Heartbeater-3] lockmgr.DbTxnManager: Sending heartbeat for txnid:15 and lockid:0 queryId=null txnid:0
2024-04-24T01:11:23,518  INFO [Heartbeater-3] lockmgr.DbTxnManager: Sending heartbeat for txnid:15 and lockid:0 queryId=null txnid:0
2024-04-24T01:11:23,519  INFO [Heartbeater-3] lockmgr.DbTxnManager: Sending heartbeat for txnid:15 and lockid:0 queryId=null txnid:0
2024-04-24T01:11:23,520  INFO [Heartbeater-3] lockmgr.DbTxnManager: Sending heartbeat for txnid:15 and lockid:0 queryId=null txnid:0
2024-04-24T01:11:23,521  INFO [Heartbeater-3] lockmgr.DbTxnManager: Sending heartbeat for txnid:15 and lockid:0 queryId=null txnid:0
2024-04-24T01:11:23,522  INFO [Heartbeater-3] lockmgr.DbTxnManager: Sending heartbeat for txnid:15 and lockid:0 queryId=null txnid:0
2024-04-24T01:11:23,523  INFO [Heartbeater-3] lockmgr.DbTxnManager: Sending heartbeat for txnid:15 and lockid:0 queryId=null txnid:0
2024-04-24T01:11:23,524  INFO [Heartbeater-3] lockmgr.DbTxnManager: Sending heartbeat for txnid:15 and lockid:0 queryId=null txnid:0
2024-04-24T01:11:23,525  INFO [Heartbeater-3] lockmgr.DbTxnManager: Sending heartbeat for txnid:15 and lockid:0 queryId=null txnid:0
2024-04-24T01:11:23,526  INFO [Heartbeater-3] lockmgr.DbTxnManager: Sending heartbeat for txnid:15 and lockid:0 queryId=null txnid:0
2024-04-24T01:11:23,527  INFO [Heartbeater-3] lockmgr.DbTxnManager: Sending heartbeat for txnid:15 and lockid:0 queryId=null txnid:0
2024-04-24T01:11:23,528  INFO [Heartbeater-3] lockmgr.DbTxnManager: Sending heartbeat for txnid:15 and lockid:0 queryId=null txnid:0
2024-04-24T01:11:23,529  INFO [Heartbeater-3] lockmgr.DbTxnManager: Sending heartbeat for txnid:15 and lockid:0 queryId=null txnid:0
2024-04-24T01:11:23,530  INFO [Heartbeater-3] lockmgr.DbTxnManager: Sending heartbeat for txnid:15 and lockid:0 queryId=null txnid:0
2024-04-24T01:11:23,531  INFO [Heartbeater-3] lockmgr.DbTxnManager: Sending heartbeat for txnid:15 and lockid:0 queryId=null txnid:0
2024-04-24T01:11:23,532  INFO [Heartbeater-3] lockmgr.DbTxnManager: Sending heartbeat for txnid:15 and lockid:0 queryId=null txnid:0
2024-04-24T01:11:23,533  INFO [Heartbeater-3] lockmgr.DbTxnManager: Sending heartbeat for txnid:15 and lockid:0 queryId=null txnid:0
2024-04-24T01:11:23,534  INFO [Heartbeater-3] lockmgr.DbTxnManager: Sending heartbeat for txnid:15 and lockid:0 queryId=null txnid:0
2024-04-24T01:11:23,535  INFO [Heartbeater-3] lockmgr.DbTxnManager: Sending heartbeat for txnid:15 and lockid:0 queryId=null txnid:0
2024-04-24T01:11:23,536  INFO [Heartbeater-3] lockmgr.DbTxnManager: Sending heartbeat for txnid:15 and lockid:0 queryId=null txnid:0
2024-04-24T01:11:23,537  INFO [Heartbeater-3] lockmgr.DbTxnManager: Sending heartbeat for txnid:15 and lockid:0 queryId=null txnid:0
2024-04-24T01:11:23,538  INFO [Heartbeater-3] lockmgr.DbTxnManager: Sending heartbeat for txnid:15 and lockid:0 queryId=null txnid:0
2024-04-24T01:11:23,539  INFO [Heartbeater-3] lockmgr.DbTxnManager: Sending heartbeat for txnid:15 and lockid:0 queryId=null txnid:0
2024-04-24T01:11:23,540  INFO [Heartbeater-3] lockmgr.DbTxnManager: Sending heartbeat for txnid:15 and lockid:0 queryId=null txnid:0
2024-04-24T01:11:23,541  INFO [Heartbeater-3] lockmgr.DbTxnManager: Sending heartbeat for txnid:15 and lockid:0 queryId=null txnid:0
2024-04-24T01:11:23,542  INFO [Heartbeater-3] lockmgr.DbTxnManager: Sending heartbeat for txnid:15 and lockid:0 queryId=null txnid:0
2024-04-24T01:11:23,543  INFO [Heartbeater-3] lockmgr.DbTxnManager: Sending heartbeat for txnid:15 and lockid:0 queryId=null txnid:0
2024-04-24T01:11:23,544  INFO [Heartbeater-3] lockmgr.DbTxnManager: Sending heartbeat for txnid:15 and lockid:0 queryId=null txnid:0
2024-04-24T01:11:23,545  INFO [Heartbeater-3] lockmgr.DbTxnManager: Sending heartbeat for txnid:15 and lockid:0 queryId=null txnid:0
2024-04-24T01:11:23,546  INFO [Heartbeater-3] lockmgr.DbTxnManager: Sending heartbeat for txnid:15 and lockid:0 queryId=null txnid:0
2024-04-24T01:11:23,547  INFO [Heartbeater-3] lockmgr.DbTxnManager: Sending heartbeat for txnid:15 and lockid:0 queryId=null txnid:0
2024-04-24T01:11:23,548  INFO [Heartbeater-3] lockmgr.DbTxnManager: Sending heartbeat for txnid:15 and lockid:0 queryId=null txnid:0
2024-04-24T01:11:23,549  INFO [Heartbeater-3] lockmgr.DbTxnManager: Sending heartbeat for txnid:15 and lockid:0 queryId=null txnid:0
2024-04-24T01:11:23,550  INFO [Heartbeater-3] lockmgr.DbTxnManager: Sending heartbeat for txnid:15 and lockid:0 queryId=null txnid:0
2024-04-24T01:11:23,551  INFO [Heartbeater-3] lockmgr.DbTxnManager: Sending heartbeat for txnid:15 and lockid:0 queryId=null txnid:0
2024-04-24T01:11:23,552  INFO [Heartbeater-3] lockmgr.DbTxnManager: Sending heartbeat for txnid:15 and lockid:0 queryId=null txnid:0
2024-04-24T01:11:23,553  INFO [Heartbeater-3] lockmgr.DbTxnManager: Sending heartbeat for txnid:15 and lockid:0 queryId=null txnid:0
2024-04-24T01:11:23,554  INFO [Heartbeater-3] lockmgr.DbTxnManager: Sending heartbeat for txnid:15 and lockid:0 queryId=null txnid:0
2024-04-24T01:11:23,555  INFO [Heartbeater-3] lockmgr.DbTxnManager: Sending heartbeat for txnid:15 and lockid:0 queryId=null txnid:0
2024-04-24T01:11:23,556  INFO [Heartbeater-3] lockmgr.DbTxnManager: Sending heartbeat for txnid:15 and lockid:0 queryId=null txnid:0
2024-04-24T01:11:23,557  INFO [Heartbeater-3] lockmgr.DbTxnManager: Sending heartbeat for txnid:15 and lockid:0 queryId=null txnid:0
2024-04-24T01:11:23,558  INFO [Heartbeater-3] lockmgr.DbTxnManager: Sending heartbeat for txnid:15 and lockid:0 queryId=null txnid:0
2024-04-24T01:11:23,559  INFO [Heartbeater-3] lockmgr.DbTxnManager: Sending heartbeat for txnid:15 and lockid:0 queryId=null txnid:0
2024-04-24T01:11:23,560  INFO [Heartbeater-3] lockmgr.DbTxnManager: Sending heartbeat for txnid:15 and lockid:0 queryId=null txnid:0
2024-04-24T01:11:23,561  INFO [Heartbeater-3] lockmgr.DbTxnManager: Sending heartbeat for txnid:15 and lockid:0 queryId=null txnid:0
2024-04-24T01:11:23,562  INFO [Heartbeater-3] lockmgr.DbTxnManager: Sending heartbeat for txnid:15 and lockid:0 queryId=null txnid:0
2024-04-24T01:11:23,563  INFO [Heartbeater-3] lockmgr.DbTxnManager: Sending heartbeat for txnid:15 and lockid:0 queryId=null txnid:0
2024-04-24T01:11:23,564  INFO [Heartbeater-3] lockmgr.DbTxnManager: Sending heartbeat for txnid:15 and lockid:0 queryId=null txnid:0
2024-04-24T01:11:23,565  INFO [Heartbeater-3] lockmgr.DbTxnManager: Sending heartbeat for txnid:15 and lockid:0 queryId=null txnid:0
2024-04-24T01:11:23,566  INFO [Heartbeater-3] lockmgr.DbTxnManager: Sending heartbeat for txnid:15 and lockid:0 queryId=null txnid:0
2024-04-24T01:11:23,567  INFO [Heartbeater-3] lockmgr.DbTxnManager: Sending heartbeat for txnid:15 and lockid:0 queryId=null txnid:0
2024-04-24T01:11:23,568  INFO [Heartbeater-3] lockmgr.DbTxnManager: Sending heartbeat for txnid:15 and lockid:0 queryId=null txnid:0
2024-04-24T01:11:23,569  INFO [Heartbeater-3] lockmgr.DbTxnManager: Sending heartbeat for txnid:15 and lockid:0 queryId=null txnid:0
2024-04-24T01:11:23,570  INFO [Heartbeater-3] lockmgr.DbTxnManager: Sending heartbeat for txnid:15 and lockid:0 queryId=null txnid:0
2024-04-24T01:11:23,571  INFO [Heartbeater-3] lockmgr.DbTxnManager: Sending heartbeat for txnid:15 and lockid:0 queryId=null txnid:0
2024-04-24T01:11:23,572  INFO [Heartbeater-3] lockmgr.DbTxnManager: Sending heartbeat for txnid:15 and lockid:0 queryId=null txnid:0
2024-04-24T01:11:23,573  INFO [Heartbeater-3] lockmgr.DbTxnManager: Sending heartbeat for txnid:15 and lockid:0 queryId=null txnid:0
2024-04-24T01:11:23,574  INFO [Heartbeater-3] lockmgr.DbTxnManager: Sending heartbeat for txnid:15 and lockid:0 queryId=null txnid:0
2024-04-24T01:11:23,575  INFO [Heartbeater-3] lockmgr.DbTxnManager: Sending heartbeat for txnid:15 and lockid:0 queryId=null txnid:0
2024-04-24T01:11:23,576  INFO [Heartbeater-3] lockmgr.DbTxnManager: Sending heartbeat for txnid:15 and lockid:0 queryId=null txnid:0
2024-04-24T01:11:23,577  INFO [main] metadata.Hive: Dumping metastore api call timing information for : execution phase
2024-04-24T01:11:23,577  INFO [main] metadata.Hive: Total time spent in each metastore function (ms): {getTable_(GetTableRequest)=9, dropTable_(String, String, boolean, boolean, boolean)=71, isCompatibleWith_(Configuration)=0}
2024-04-24T01:11:23,577  INFO [Heartbeater-3] lockmgr.DbTxnManager: Sending heartbeat for txnid:15 and lockid:0 queryId=null txnid:0
2024-04-24T01:11:23,577  INFO [main] ql.Driver: Completed executing command(queryId=alex_20240424011123_4963cd20-e969-4a5e-80e5-19457f8c18b1); Time taken: 0.08 seconds
2024-04-24T01:11:23,577  INFO [main] lockmgr.DbTxnManager: Stopped heartbeat for query: alex_20240424011123_4963cd20-e969-4a5e-80e5-19457f8c18b1
2024-04-24T01:11:23,584  INFO [main] txn.TxnHandler: Expected to move at least one record from txn_components to completed_txn_components when committing txn! txnid:15
2024-04-24T01:11:23,599  INFO [main] txn.TxnHandler: Removed transactions: ([15]) from MIN_HISTORY_LEVEL
2024-04-24T01:11:23,599  WARN [main] txn.CompactionTxnHandler: No compaction queue record found for Compaction type transaction commit. txnId:15
2024-04-24T01:11:23,600  INFO [main] ql.TxnCommandsBaseForTests: Running the query: drop table if exists acidTbl2
2024-04-24T01:11:23,600  INFO [main] ql.Driver: Compiling command(queryId=alex_20240424011123_045aaef7-f3f9-4dc7-9f20-c44fec28a5a8): drop table if exists acidTbl2
2024-04-24T01:11:23,604  INFO [main] txn.TxnHandler: Added entries to MIN_HISTORY_LEVEL for current txns: ([16]) with min_open_txn: 14
2024-04-24T01:11:23,605  INFO [main] lockmgr.DbTxnManager: Opened txnid:16
2024-04-24T01:11:23,605  INFO [Heartbeater-1] lockmgr.DbTxnManager: Sending heartbeat for txnid:16 and lockid:0 queryId=null txnid:0
2024-04-24T01:11:23,607  INFO [main] ql.Driver: Semantic Analysis Completed (retrial = false)
2024-04-24T01:11:23,607  INFO [main] ql.Driver: Created Hive schema: Schema(fieldSchemas:null, properties:null)
2024-04-24T01:11:23,607  INFO [main] metadata.Hive: Dumping metastore api call timing information for : compilation phase
2024-04-24T01:11:23,607  INFO [main] metadata.Hive: Total time spent in each metastore function (ms): {openTxn_(String, TxnType)=4, flushCache_()=0, getTable_(GetTableRequest)=1, getValidTxns_(long)=1, isCompatibleWith_(Configuration)=0, commitTxn_(CommitTxnRequest)=23}
2024-04-24T01:11:23,607  INFO [main] ql.Driver: Completed compiling command(queryId=alex_20240424011123_045aaef7-f3f9-4dc7-9f20-c44fec28a5a8); Time taken: 0.007 seconds
2024-04-24T01:11:23,608  INFO [main] lockmgr.DbTxnManager: Setting lock request transaction to txnid:16 for queryId=alex_20240424011123_045aaef7-f3f9-4dc7-9f20-c44fec28a5a8
2024-04-24T01:11:23,608  INFO [main] ql.Driver: Operation DROPTABLE obtained 0 locks
2024-04-24T01:11:23,608  INFO [main] ql.Driver: Executing command(queryId=alex_20240424011123_045aaef7-f3f9-4dc7-9f20-c44fec28a5a8): drop table if exists acidTbl2
2024-04-24T01:11:23,608  INFO [main] ql.Driver: Starting task [Stage-0:DDL] in serial mode
2024-04-24T01:11:23,609  INFO [main] metadata.SessionHiveMetaStoreClient: Column stats doesn't exist for db=default temp table=acidTbl2
2024-04-24T01:11:23,610  INFO [main] metadata.Hive: Dumping metastore api call timing information for : execution phase
2024-04-24T01:11:23,610  INFO [main] metadata.Hive: Total time spent in each metastore function (ms): {dropTable_(String, String, boolean, boolean, boolean)=0, getTable_(GetTableRequest)=0, isCompatibleWith_(Configuration)=0}
2024-04-24T01:11:23,610  INFO [main] ql.Driver: Completed executing command(queryId=alex_20240424011123_045aaef7-f3f9-4dc7-9f20-c44fec28a5a8); Time taken: 0.001 seconds
2024-04-24T01:11:23,610  INFO [main] lockmgr.DbTxnManager: Stopped heartbeat for query: alex_20240424011123_045aaef7-f3f9-4dc7-9f20-c44fec28a5a8
2024-04-24T01:11:23,621  INFO [main] txn.TxnHandler: Expected to move at least one record from txn_components to completed_txn_components when committing txn! txnid:16
2024-04-24T01:11:23,618  WARN [Heartbeater-3] pool.ProxyConnection: HikariPool-1 - Connection org.apache.derby.impl.jdbc.EmbedConnection@144467413 (XID = 166), (SESSIONID = 1), (DATABASE = memory:/home/alex/Repositories/hive/ql/target/tmp/junit_metastore_db), (DRDAID = null)  marked as broken because of SQLSTATE(08000), ErrorCode(40000)
java.sql.SQLNonTransientConnectionException: Connection closed by unknown interrupt.
	at org.apache.derby.impl.jdbc.SQLExceptionFactory.getSQLException(Unknown Source) ~[derby-10.14.1.0.jar:?]
	at org.apache.derby.impl.jdbc.Util.generateCsSQLException(Unknown Source) ~[derby-10.14.1.0.jar:?]
	at org.apache.derby.impl.jdbc.TransactionResourceImpl.wrapInSQLException(Unknown Source) ~[derby-10.14.1.0.jar:?]
	at org.apache.derby.impl.jdbc.TransactionResourceImpl.handleException(Unknown Source) ~[derby-10.14.1.0.jar:?]
	at org.apache.derby.impl.jdbc.EmbedConnection.handleException(Unknown Source) ~[derby-10.14.1.0.jar:?]
	at org.apache.derby.impl.jdbc.ConnectionChild.handleException(Unknown Source) ~[derby-10.14.1.0.jar:?]
	at org.apache.derby.impl.jdbc.EmbedStatement.executeStatement(Unknown Source) ~[derby-10.14.1.0.jar:?]
	at org.apache.derby.impl.jdbc.EmbedStatement.execute(Unknown Source) ~[derby-10.14.1.0.jar:?]
	at org.apache.derby.impl.jdbc.EmbedStatement.executeLargeUpdate(Unknown Source) ~[derby-10.14.1.0.jar:?]
	at org.apache.derby.impl.jdbc.EmbedStatement.executeUpdate(Unknown Source) ~[derby-10.14.1.0.jar:?]
	at com.zaxxer.hikari.pool.ProxyStatement.executeUpdate(ProxyStatement.java:117) ~[HikariCP-2.6.1.jar:?]
	at com.zaxxer.hikari.pool.HikariProxyStatement.executeUpdate(HikariProxyStatement.java) ~[HikariCP-2.6.1.jar:?]
	at org.apache.hadoop.hive.metastore.txn.TxnHandler.heartbeatTxn(TxnHandler.java:5125) ~[classes/:?]
	at org.apache.hadoop.hive.metastore.txn.TxnHandler.heartbeat(TxnHandler.java:3429) ~[classes/:?]
	at org.apache.hadoop.hive.metastore.HMSHandler.heartbeat(HMSHandler.java:8959) ~[classes/:?]
	at sun.reflect.GeneratedMethodAccessor204.invoke(Unknown Source) ~[?:?]
	at sun.reflect.DelegatingMethodAccessorImpl.invoke(DelegatingMethodAccessorImpl.java:43) ~[?:1.8.0_402]
	at java.lang.reflect.Method.invoke(Method.java:498) ~[?:1.8.0_402]
	at org.apache.hadoop.hive.metastore.RetryingHMSHandler.invokeInternal(RetryingHMSHandler.java:147) ~[classes/:?]
	at org.apache.hadoop.hive.metastore.RetryingHMSHandler.invoke(RetryingHMSHandler.java:108) ~[classes/:?]
	at com.sun.proxy.$Proxy40.heartbeat(Unknown Source) ~[?:?]
	at org.apache.hadoop.hive.metastore.HiveMetaStoreClient.heartbeat(HiveMetaStoreClient.java:4088) ~[classes/:?]
	at sun.reflect.GeneratedMethodAccessor203.invoke(Unknown Source) ~[?:?]
	at sun.reflect.DelegatingMethodAccessorImpl.invoke(DelegatingMethodAccessorImpl.java:43) ~[?:1.8.0_402]
	at java.lang.reflect.Method.invoke(Method.java:498) ~[?:1.8.0_402]
	at org.apache.hadoop.hive.metastore.RetryingMetaStoreClient.invoke(RetryingMetaStoreClient.java:218) ~[classes/:?]
	at com.sun.proxy.$Proxy41.heartbeat(Unknown Source) ~[?:?]
	at org.apache.hadoop.hive.ql.lockmgr.DbTxnManager.heartbeat(DbTxnManager.java:647) ~[classes/:?]
	at org.apache.hadoop.hive.ql.lockmgr.DbTxnManager$Heartbeater.lambda$run$0(DbTxnManager.java:1101) ~[classes/:?]
	at java.security.AccessController.doPrivileged(Native Method) ~[?:1.8.0_402]
	at javax.security.auth.Subject.doAs(Subject.java:422) [?:1.8.0_402]
	at org.apache.hadoop.security.UserGroupInformation.doAs(UserGroupInformation.java:1682) [hadoop-common-3.1.0.jar:?]
	at org.apache.hadoop.hive.ql.lockmgr.DbTxnManager$Heartbeater.run(DbTxnManager.java:1100) [classes/:?]
	at java.util.concurrent.Executors$RunnableAdapter.call(Executors.java:511) [?:1.8.0_402]
	at java.util.concurrent.FutureTask.runAndReset(FutureTask.java:308) [?:1.8.0_402]
	at java.util.concurrent.ScheduledThreadPoolExecutor$ScheduledFutureTask.access$301(ScheduledThreadPoolExecutor.java:180) [?:1.8.0_402]
	at java.util.concurrent.ScheduledThreadPoolExecutor$ScheduledFutureTask.run(ScheduledThreadPoolExecutor.java:294) [?:1.8.0_402]
	at java.util.concurrent.ThreadPoolExecutor.runWorker(ThreadPoolExecutor.java:1149) [?:1.8.0_402]
	at java.util.concurrent.ThreadPoolExecutor$Worker.run(ThreadPoolExecutor.java:624) [?:1.8.0_402]
	at java.lang.Thread.run(Thread.java:750) [?:1.8.0_402]
Caused by: org.apache.derby.iapi.error.StandardException: Connection closed by unknown interrupt.
	at org.apache.derby.iapi.error.StandardException.newException(Unknown Source) ~[derby-10.14.1.0.jar:?]
	at org.apache.derby.iapi.error.StandardException.newException(Unknown Source) ~[derby-10.14.1.0.jar:?]
	at org.apache.derby.iapi.util.InterruptStatus.setInterrupted(Unknown Source) ~[derby-10.14.1.0.jar:?]
	at org.apache.derby.iapi.util.InterruptStatus.throwIf(Unknown Source) ~[derby-10.14.1.0.jar:?]
	at org.apache.derby.impl.sql.execute.BasicNoPutResultSetImpl.checkCancellationFlag(Unknown Source) ~[derby-10.14.1.0.jar:?]
	at org.apache.derby.impl.sql.execute.TableScanResultSet.getNextRowCore(Unknown Source) ~[derby-10.14.1.0.jar:?]
	at org.apache.derby.impl.sql.execute.IndexRowToBaseRowResultSet.getNextRowCore(Unknown Source) ~[derby-10.14.1.0.jar:?]
	at org.apache.derby.impl.sql.execute.ProjectRestrictResultSet.getNextRowCore(Unknown Source) ~[derby-10.14.1.0.jar:?]
	at org.apache.derby.impl.sql.execute.ProjectRestrictResultSet.getNextRowCore(Unknown Source) ~[derby-10.14.1.0.jar:?]
	at org.apache.derby.impl.sql.execute.NormalizeResultSet.getNextRowCore(Unknown Source) ~[derby-10.14.1.0.jar:?]
	at org.apache.derby.impl.sql.execute.DMLWriteResultSet.getNextRowCore(Unknown Source) ~[derby-10.14.1.0.jar:?]
	at org.apache.derby.impl.sql.execute.UpdateResultSet.getNextRowCore(Unknown Source) ~[derby-10.14.1.0.jar:?]
	at org.apache.derby.impl.sql.execute.UpdateResultSet.collectAffectedRows(Unknown Source) ~[derby-10.14.1.0.jar:?]
	at org.apache.derby.impl.sql.execute.UpdateResultSet.open(Unknown Source) ~[derby-10.14.1.0.jar:?]
	at org.apache.derby.impl.sql.GenericPreparedStatement.executeStmt(Unknown Source) ~[derby-10.14.1.0.jar:?]
	at org.apache.derby.impl.sql.GenericPreparedStatement.execute(Unknown Source) ~[derby-10.14.1.0.jar:?]
	... 34 more
2024-04-24T01:11:23,631  INFO [Heartbeater-3] txn.TxnHandler: Non-retryable error in heartbeat(HeartbeatRequest(lockid:0, txnid:15)) : Connection closed by unknown interrupt. (SQLState=08000, ErrorCode=40000)
2024-04-24T01:11:23,633  INFO [main] txn.TxnHandler: Removed transactions: ([16]) from MIN_HISTORY_LEVEL
2024-04-24T01:11:23,633  WARN [main] txn.CompactionTxnHandler: No compaction queue record found for Compaction type transaction commit. txnId:16
2024-04-24T01:11:23,634  INFO [main] ql.TxnCommandsBaseForTests: Running the query: drop table if exists nonAcidOrcTbl
2024-04-24T01:11:23,634  INFO [main] ql.Driver: Compiling command(queryId=alex_20240424011123_3870cd88-e602-4c24-9b6f-c6b3cb61cb55): drop table if exists nonAcidOrcTbl
2024-04-24T01:11:23,635 ERROR [Heartbeater-3] metastore.RetryingHMSHandler: MetaException(message:Unable to select from transaction database java.sql.SQLNonTransientConnectionException: Connection closed by unknown interrupt.
	at org.apache.derby.impl.jdbc.SQLExceptionFactory.getSQLException(Unknown Source)
	at org.apache.derby.impl.jdbc.Util.generateCsSQLException(Unknown Source)
	at org.apache.derby.impl.jdbc.TransactionResourceImpl.wrapInSQLException(Unknown Source)
	at org.apache.derby.impl.jdbc.TransactionResourceImpl.handleException(Unknown Source)
	at org.apache.derby.impl.jdbc.EmbedConnection.handleException(Unknown Source)
	at org.apache.derby.impl.jdbc.ConnectionChild.handleException(Unknown Source)
	at org.apache.derby.impl.jdbc.EmbedStatement.executeStatement(Unknown Source)
	at org.apache.derby.impl.jdbc.EmbedStatement.execute(Unknown Source)
	at org.apache.derby.impl.jdbc.EmbedStatement.executeLargeUpdate(Unknown Source)
	at org.apache.derby.impl.jdbc.EmbedStatement.executeUpdate(Unknown Source)
	at com.zaxxer.hikari.pool.ProxyStatement.executeUpdate(ProxyStatement.java:117)
	at com.zaxxer.hikari.pool.HikariProxyStatement.executeUpdate(HikariProxyStatement.java)
	at org.apache.hadoop.hive.metastore.txn.TxnHandler.heartbeatTxn(TxnHandler.java:5125)
	at org.apache.hadoop.hive.metastore.txn.TxnHandler.heartbeat(TxnHandler.java:3429)
	at org.apache.hadoop.hive.metastore.HMSHandler.heartbeat(HMSHandler.java:8959)
	at sun.reflect.GeneratedMethodAccessor204.invoke(Unknown Source)
	at sun.reflect.DelegatingMethodAccessorImpl.invoke(DelegatingMethodAccessorImpl.java:43)
	at java.lang.reflect.Method.invoke(Method.java:498)
	at org.apache.hadoop.hive.metastore.RetryingHMSHandler.invokeInternal(RetryingHMSHandler.java:147)
	at org.apache.hadoop.hive.metastore.RetryingHMSHandler.invoke(RetryingHMSHandler.java:108)
	at com.sun.proxy.$Proxy40.heartbeat(Unknown Source)
	at org.apache.hadoop.hive.metastore.HiveMetaStoreClient.heartbeat(HiveMetaStoreClient.java:4088)
	at sun.reflect.GeneratedMethodAccessor203.invoke(Unknown Source)
	at sun.reflect.DelegatingMethodAccessorImpl.invoke(DelegatingMethodAccessorImpl.java:43)
	at java.lang.reflect.Method.invoke(Method.java:498)
	at org.apache.hadoop.hive.metastore.RetryingMetaStoreClient.invoke(RetryingMetaStoreClient.java:218)
	at com.sun.proxy.$Proxy41.heartbeat(Unknown Source)
	at org.apache.hadoop.hive.ql.lockmgr.DbTxnManager.heartbeat(DbTxnManager.java:647)
	at org.apache.hadoop.hive.ql.lockmgr.DbTxnManager$Heartbeater.lambda$run$0(DbTxnManager.java:1101)
	at java.security.AccessController.doPrivileged(Native Method)
	at javax.security.auth.Subject.doAs(Subject.java:422)
	at org.apache.hadoop.security.UserGroupInformation.doAs(UserGroupInformation.java:1682)
	at org.apache.hadoop.hive.ql.lockmgr.DbTxnManager$Heartbeater.run(DbTxnManager.java:1100)
	at java.util.concurrent.Executors$RunnableAdapter.call(Executors.java:511)
	at java.util.concurrent.FutureTask.runAndReset(FutureTask.java:308)
	at java.util.concurrent.ScheduledThreadPoolExecutor$ScheduledFutureTask.access$301(ScheduledThreadPoolExecutor.java:180)
	at java.util.concurrent.ScheduledThreadPoolExecutor$ScheduledFutureTask.run(ScheduledThreadPoolExecutor.java:294)
	at java.util.concurrent.ThreadPoolExecutor.runWorker(ThreadPoolExecutor.java:1149)
	at java.util.concurrent.ThreadPoolExecutor$Worker.run(ThreadPoolExecutor.java:624)
	at java.lang.Thread.run(Thread.java:750)
Caused by: ERROR 08000: Connection closed by unknown interrupt.
	at org.apache.derby.iapi.error.StandardException.newException(Unknown Source)
	at org.apache.derby.iapi.error.StandardException.newException(Unknown Source)
	at org.apache.derby.iapi.util.InterruptStatus.setInterrupted(Unknown Source)
	at org.apache.derby.iapi.util.InterruptStatus.throwIf(Unknown Source)
	at org.apache.derby.impl.sql.execute.BasicNoPutResultSetImpl.checkCancellationFlag(Unknown Source)
	at org.apache.derby.impl.sql.execute.TableScanResultSet.getNextRowCore(Unknown Source)
	at org.apache.derby.impl.sql.execute.IndexRowToBaseRowResultSet.getNextRowCore(Unknown Source)
	at org.apache.derby.impl.sql.execute.ProjectRestrictResultSet.getNextRowCore(Unknown Source)
	at org.apache.derby.impl.sql.execute.ProjectRestrictResultSet.getNextRowCore(Unknown Source)
	at org.apache.derby.impl.sql.execute.NormalizeResultSet.getNextRowCore(Unknown Source)
	at org.apache.derby.impl.sql.execute.DMLWriteResultSet.getNextRowCore(Unknown Source)
	at org.apache.derby.impl.sql.execute.UpdateResultSet.getNextRowCore(Unknown Source)
	at org.apache.derby.impl.sql.execute.UpdateResultSet.collectAffectedRows(Unknown Source)
	at org.apache.derby.impl.sql.execute.UpdateResultSet.open(Unknown Source)
	at org.apache.derby.impl.sql.GenericPreparedStatement.executeStmt(Unknown Source)
	at org.apache.derby.impl.sql.GenericPreparedStatement.execute(Unknown Source)
	... 34 more
)
	at org.apache.hadoop.hive.metastore.txn.TxnHandler.heartbeat(TxnHandler.java:3435)
	at org.apache.hadoop.hive.metastore.HMSHandler.heartbeat(HMSHandler.java:8959)
	at sun.reflect.GeneratedMethodAccessor204.invoke(Unknown Source)
	at sun.reflect.DelegatingMethodAccessorImpl.invoke(DelegatingMethodAccessorImpl.java:43)
	at java.lang.reflect.Method.invoke(Method.java:498)
	at org.apache.hadoop.hive.metastore.RetryingHMSHandler.invokeInternal(RetryingHMSHandler.java:147)
	at org.apache.hadoop.hive.metastore.RetryingHMSHandler.invoke(RetryingHMSHandler.java:108)
	at com.sun.proxy.$Proxy40.heartbeat(Unknown Source)
	at org.apache.hadoop.hive.metastore.HiveMetaStoreClient.heartbeat(HiveMetaStoreClient.java:4088)
	at sun.reflect.GeneratedMethodAccessor203.invoke(Unknown Source)
	at sun.reflect.DelegatingMethodAccessorImpl.invoke(DelegatingMethodAccessorImpl.java:43)
	at java.lang.reflect.Method.invoke(Method.java:498)
	at org.apache.hadoop.hive.metastore.RetryingMetaStoreClient.invoke(RetryingMetaStoreClient.java:218)
	at com.sun.proxy.$Proxy41.heartbeat(Unknown Source)
	at org.apache.hadoop.hive.ql.lockmgr.DbTxnManager.heartbeat(DbTxnManager.java:647)
	at org.apache.hadoop.hive.ql.lockmgr.DbTxnManager$Heartbeater.lambda$run$0(DbTxnManager.java:1101)
	at java.security.AccessController.doPrivileged(Native Method)
	at javax.security.auth.Subject.doAs(Subject.java:422)
	at org.apache.hadoop.security.UserGroupInformation.doAs(UserGroupInformation.java:1682)
	at org.apache.hadoop.hive.ql.lockmgr.DbTxnManager$Heartbeater.run(DbTxnManager.java:1100)
	at java.util.concurrent.Executors$RunnableAdapter.call(Executors.java:511)
	at java.util.concurrent.FutureTask.runAndReset(FutureTask.java:308)
	at java.util.concurrent.ScheduledThreadPoolExecutor$ScheduledFutureTask.access$301(ScheduledThreadPoolExecutor.java:180)
	at java.util.concurrent.ScheduledThreadPoolExecutor$ScheduledFutureTask.run(ScheduledThreadPoolExecutor.java:294)
	at java.util.concurrent.ThreadPoolExecutor.runWorker(ThreadPoolExecutor.java:1149)
	at java.util.concurrent.ThreadPoolExecutor$Worker.run(ThreadPoolExecutor.java:624)
	at java.lang.Thread.run(Thread.java:750)

2024-04-24T01:11:23,637  INFO [main] txn.TxnHandler: Added entries to MIN_HISTORY_LEVEL for current txns: ([17]) with min_open_txn: 14
2024-04-24T01:11:23,637  INFO [main] lockmgr.DbTxnManager: Opened txnid:17
2024-04-24T01:11:23,638  INFO [Heartbeater-4] lockmgr.DbTxnManager: Sending heartbeat for txnid:17 and lockid:0 queryId=null txnid:0
2024-04-24T01:11:23,639  INFO [main] HiveMetaStore.audit: ugi=alex	ip=unknown-ip-addr	cmd=get_table : tbl=hive.default.nonAcidOrcTbl	
2024-04-24T01:11:23,642  INFO [Heartbeater-4] lockmgr.DbTxnManager: Sending heartbeat for txnid:17 and lockid:0 queryId=null txnid:0
2024-04-24T01:11:23,642  INFO [Heartbeater-4] lockmgr.DbTxnManager: Sending heartbeat for txnid:17 and lockid:0 queryId=null txnid:0
2024-04-24T01:11:23,636 ERROR [Heartbeater-3] lockmgr.DbTxnManager: Failed trying to heartbeat queryId=null, currentUser: alex (auth:SIMPLE): null
java.lang.reflect.UndeclaredThrowableException: null
	at org.apache.hadoop.security.UserGroupInformation.doAs(UserGroupInformation.java:1700) ~[hadoop-common-3.1.0.jar:?]
	at org.apache.hadoop.hive.ql.lockmgr.DbTxnManager$Heartbeater.run(DbTxnManager.java:1100) [classes/:?]
	at java.util.concurrent.Executors$RunnableAdapter.call(Executors.java:511) [?:1.8.0_402]
	at java.util.concurrent.FutureTask.runAndReset(FutureTask.java:308) [?:1.8.0_402]
	at java.util.concurrent.ScheduledThreadPoolExecutor$ScheduledFutureTask.access$301(ScheduledThreadPoolExecutor.java:180) [?:1.8.0_402]
	at java.util.concurrent.ScheduledThreadPoolExecutor$ScheduledFutureTask.run(ScheduledThreadPoolExecutor.java:294) [?:1.8.0_402]
	at java.util.concurrent.ThreadPoolExecutor.runWorker(ThreadPoolExecutor.java:1149) [?:1.8.0_402]
	at java.util.concurrent.ThreadPoolExecutor$Worker.run(ThreadPoolExecutor.java:624) [?:1.8.0_402]
	at java.lang.Thread.run(Thread.java:750) [?:1.8.0_402]
Caused by: org.apache.hadoop.hive.ql.lockmgr.LockException: Error communicating with the metastore(txnid:0,lockid:0 queryId=null txnid:0)
	at org.apache.hadoop.hive.ql.lockmgr.DbTxnManager.heartbeat(DbTxnManager.java:661) ~[classes/:?]
	at org.apache.hadoop.hive.ql.lockmgr.DbTxnManager$Heartbeater.lambda$run$0(DbTxnManager.java:1101) ~[classes/:?]
	at java.security.AccessController.doPrivileged(Native Method) ~[?:1.8.0_402]
	at javax.security.auth.Subject.doAs(Subject.java:422) ~[?:1.8.0_402]
	at org.apache.hadoop.security.UserGroupInformation.doAs(UserGroupInformation.java:1682) ~[hadoop-common-3.1.0.jar:?]
	... 8 more
Caused by: org.apache.hadoop.hive.metastore.api.MetaException: Unable to select from transaction database java.sql.SQLNonTransientConnectionException: Connection closed by unknown interrupt.
	at org.apache.derby.impl.jdbc.SQLExceptionFactory.getSQLException(Unknown Source)
	at org.apache.derby.impl.jdbc.Util.generateCsSQLException(Unknown Source)
	at org.apache.derby.impl.jdbc.TransactionResourceImpl.wrapInSQLException(Unknown Source)
	at org.apache.derby.impl.jdbc.TransactionResourceImpl.handleException(Unknown Source)
	at org.apache.derby.impl.jdbc.EmbedConnection.handleException(Unknown Source)
	at org.apache.derby.impl.jdbc.ConnectionChild.handleException(Unknown Source)
	at org.apache.derby.impl.jdbc.EmbedStatement.executeStatement(Unknown Source)
	at org.apache.derby.impl.jdbc.EmbedStatement.execute(Unknown Source)
	at org.apache.derby.impl.jdbc.EmbedStatement.executeLargeUpdate(Unknown Source)
	at org.apache.derby.impl.jdbc.EmbedStatement.executeUpdate(Unknown Source)
	at com.zaxxer.hikari.pool.ProxyStatement.executeUpdate(ProxyStatement.java:117)
	at com.zaxxer.hikari.pool.HikariProxyStatement.executeUpdate(HikariProxyStatement.java)
	at org.apache.hadoop.hive.metastore.txn.TxnHandler.heartbeatTxn(TxnHandler.java:5125)
	at org.apache.hadoop.hive.metastore.txn.TxnHandler.heartbeat(TxnHandler.java:3429)
	at org.apache.hadoop.hive.metastore.HMSHandler.heartbeat(HMSHandler.java:8959)
	at sun.reflect.GeneratedMethodAccessor204.invoke(Unknown Source)
	at sun.reflect.DelegatingMethodAccessorImpl.invoke(DelegatingMethodAccessorImpl.java:43)
	at java.lang.reflect.Method.invoke(Method.java:498)
	at org.apache.hadoop.hive.metastore.RetryingHMSHandler.invokeInternal(RetryingHMSHandler.java:147)
	at org.apache.hadoop.hive.metastore.RetryingHMSHandler.invoke(RetryingHMSHandler.java:108)
	at com.sun.proxy.$Proxy40.heartbeat(Unknown Source)
	at org.apache.hadoop.hive.metastore.HiveMetaStoreClient.heartbeat(HiveMetaStoreClient.java:4088)
	at sun.reflect.GeneratedMethodAccessor203.invoke(Unknown Source)
	at sun.reflect.DelegatingMethodAccessorImpl.invoke(DelegatingMethodAccessorImpl.java:43)
	at java.lang.reflect.Method.invoke(Method.java:498)
	at org.apache.hadoop.hive.metastore.RetryingMetaStoreClient.invoke(RetryingMetaStoreClient.java:218)
	at com.sun.proxy.$Proxy41.heartbeat(Unknown Source)
	at org.apache.hadoop.hive.ql.lockmgr.DbTxnManager.heartbeat(DbTxnManager.java:647)
	at org.apache.hadoop.hive.ql.lockmgr.DbTxnManager$Heartbeater.lambda$run$0(DbTxnManager.java:1101)
	at java.security.AccessController.doPrivileged(Native Method)
	at javax.security.auth.Subject.doAs(Subject.java:422)
	at org.apache.hadoop.security.UserGroupInformation.doAs(UserGroupInformation.java:1682)
	at org.apache.hadoop.hive.ql.lockmgr.DbTxnManager$Heartbeater.run(DbTxnManager.java:1100)
	at java.util.concurrent.Executors$RunnableAdapter.call(Executors.java:511)
	at java.util.concurrent.FutureTask.runAndReset(FutureTask.java:308)
	at java.util.concurrent.ScheduledThreadPoolExecutor$ScheduledFutureTask.access$301(ScheduledThreadPoolExecutor.java:180)
	at java.util.concurrent.ScheduledThreadPoolExecutor$ScheduledFutureTask.run(ScheduledThreadPoolExecutor.java:294)
	at java.util.concurrent.ThreadPoolExecutor.runWorker(ThreadPoolExecutor.java:1149)
	at java.util.concurrent.ThreadPoolExecutor$Worker.run(ThreadPoolExecutor.java:624)
	at java.lang.Thread.run(Thread.java:750)
Caused by: ERROR 08000: Connection closed by unknown interrupt.
	at org.apache.derby.iapi.error.StandardException.newException(Unknown Source)
	at org.apache.derby.iapi.error.StandardException.newException(Unknown Source)
	at org.apache.derby.iapi.util.InterruptStatus.setInterrupted(Unknown Source)
	at org.apache.derby.iapi.util.InterruptStatus.throwIf(Unknown Source)
	at org.apache.derby.impl.sql.execute.BasicNoPutResultSetImpl.checkCancellationFlag(Unknown Source)
	at org.apache.derby.impl.sql.execute.TableScanResultSet.getNextRowCore(Unknown Source)
	at org.apache.derby.impl.sql.execute.IndexRowToBaseRowResultSet.getNextRowCore(Unknown Source)
	at org.apache.derby.impl.sql.execute.ProjectRestrictResultSet.getNextRowCore(Unknown Source)
	at org.apache.derby.impl.sql.execute.ProjectRestrictResultSet.getNextRowCore(Unknown Source)
	at org.apache.derby.impl.sql.execute.NormalizeResultSet.getNextRowCore(Unknown Source)
	at org.apache.derby.impl.sql.execute.DMLWriteResultSet.getNextRowCore(Unknown Source)
	at org.apache.derby.impl.sql.execute.UpdateResultSet.getNextRowCore(Unknown Source)
	at org.apache.derby.impl.sql.execute.UpdateResultSet.collectAffectedRows(Unknown Source)
	at org.apache.derby.impl.sql.execute.UpdateResultSet.open(Unknown Source)
	at org.apache.derby.impl.sql.GenericPreparedStatement.executeStmt(Unknown Source)
	at org.apache.derby.impl.sql.GenericPreparedStatement.execute(Unknown Source)
	... 34 more

	at org.apache.hadoop.hive.metastore.txn.TxnHandler.heartbeat(TxnHandler.java:3435) ~[classes/:?]
	at org.apache.hadoop.hive.metastore.HMSHandler.heartbeat(HMSHandler.java:8959) ~[classes/:?]
	at sun.reflect.GeneratedMethodAccessor204.invoke(Unknown Source) ~[?:?]
	at sun.reflect.DelegatingMethodAccessorImpl.invoke(DelegatingMethodAccessorImpl.java:43) ~[?:1.8.0_402]
	at java.lang.reflect.Method.invoke(Method.java:498) ~[?:1.8.0_402]
	at org.apache.hadoop.hive.metastore.RetryingHMSHandler.invokeInternal(RetryingHMSHandler.java:147) ~[classes/:?]
	at org.apache.hadoop.hive.metastore.RetryingHMSHandler.invoke(RetryingHMSHandler.java:108) ~[classes/:?]
	at com.sun.proxy.$Proxy40.heartbeat(Unknown Source) ~[?:?]
	at org.apache.hadoop.hive.metastore.HiveMetaStoreClient.heartbeat(HiveMetaStoreClient.java:4088) ~[classes/:?]
	at sun.reflect.GeneratedMethodAccessor203.invoke(Unknown Source) ~[?:?]
	at sun.reflect.DelegatingMethodAccessorImpl.invoke(DelegatingMethodAccessorImpl.java:43) ~[?:1.8.0_402]
	at java.lang.reflect.Method.invoke(Method.java:498) ~[?:1.8.0_402]
	at org.apache.hadoop.hive.metastore.RetryingMetaStoreClient.invoke(RetryingMetaStoreClient.java:218) ~[classes/:?]
	at com.sun.proxy.$Proxy41.heartbeat(Unknown Source) ~[?:?]
	at org.apache.hadoop.hive.ql.lockmgr.DbTxnManager.heartbeat(DbTxnManager.java:647) ~[classes/:?]
	at org.apache.hadoop.hive.ql.lockmgr.DbTxnManager$Heartbeater.lambda$run$0(DbTxnManager.java:1101) ~[classes/:?]
	at java.security.AccessController.doPrivileged(Native Method) ~[?:1.8.0_402]
	at javax.security.auth.Subject.doAs(Subject.java:422) ~[?:1.8.0_402]
	at org.apache.hadoop.security.UserGroupInformation.doAs(UserGroupInformation.java:1682) ~[hadoop-common-3.1.0.jar:?]
	... 8 more
2024-04-24T01:11:23,643  INFO [Heartbeater-4] lockmgr.DbTxnManager: Sending heartbeat for txnid:17 and lockid:0 queryId=null txnid:0
2024-04-24T01:11:23,643  INFO [Heartbeater-4] lockmgr.DbTxnManager: Sending heartbeat for txnid:17 and lockid:0 queryId=null txnid:0
2024-04-24T01:11:23,644  INFO [Heartbeater-4] lockmgr.DbTxnManager: Sending heartbeat for txnid:17 and lockid:0 queryId=null txnid:0
2024-04-24T01:11:23,644  INFO [Heartbeater-4] lockmgr.DbTxnManager: Sending heartbeat for txnid:17 and lockid:0 queryId=null txnid:0
2024-04-24T01:11:23,645  INFO [Heartbeater-4] lockmgr.DbTxnManager: Sending heartbeat for txnid:17 and lockid:0 queryId=null txnid:0
2024-04-24T01:11:23,646  INFO [Heartbeater-4] lockmgr.DbTxnManager: Sending heartbeat for txnid:17 and lockid:0 queryId=null txnid:0
2024-04-24T01:11:23,647  INFO [Heartbeater-4] lockmgr.DbTxnManager: Sending heartbeat for txnid:17 and lockid:0 queryId=null txnid:0
2024-04-24T01:11:23,648  INFO [Heartbeater-4] lockmgr.DbTxnManager: Sending heartbeat for txnid:17 and lockid:0 queryId=null txnid:0
2024-04-24T01:11:23,649  INFO [Heartbeater-4] lockmgr.DbTxnManager: Sending heartbeat for txnid:17 and lockid:0 queryId=null txnid:0
2024-04-24T01:11:23,650  INFO [Heartbeater-4] lockmgr.DbTxnManager: Sending heartbeat for txnid:17 and lockid:0 queryId=null txnid:0
2024-04-24T01:11:23,651  INFO [Heartbeater-4] lockmgr.DbTxnManager: Sending heartbeat for txnid:17 and lockid:0 queryId=null txnid:0
2024-04-24T01:11:23,652  INFO [Heartbeater-4] lockmgr.DbTxnManager: Sending heartbeat for txnid:17 and lockid:0 queryId=null txnid:0
2024-04-24T01:11:23,653  INFO [Heartbeater-4] lockmgr.DbTxnManager: Sending heartbeat for txnid:17 and lockid:0 queryId=null txnid:0
2024-04-24T01:11:23,654  INFO [Heartbeater-4] lockmgr.DbTxnManager: Sending heartbeat for txnid:17 and lockid:0 queryId=null txnid:0
2024-04-24T01:11:23,655  INFO [Heartbeater-4] lockmgr.DbTxnManager: Sending heartbeat for txnid:17 and lockid:0 queryId=null txnid:0
2024-04-24T01:11:23,656  INFO [Heartbeater-4] lockmgr.DbTxnManager: Sending heartbeat for txnid:17 and lockid:0 queryId=null txnid:0
2024-04-24T01:11:23,657  INFO [Heartbeater-4] lockmgr.DbTxnManager: Sending heartbeat for txnid:17 and lockid:0 queryId=null txnid:0
2024-04-24T01:11:23,658  INFO [Heartbeater-4] lockmgr.DbTxnManager: Sending heartbeat for txnid:17 and lockid:0 queryId=null txnid:0
2024-04-24T01:11:23,659  INFO [Heartbeater-4] lockmgr.DbTxnManager: Sending heartbeat for txnid:17 and lockid:0 queryId=null txnid:0
2024-04-24T01:11:23,660  INFO [Heartbeater-4] lockmgr.DbTxnManager: Sending heartbeat for txnid:17 and lockid:0 queryId=null txnid:0
2024-04-24T01:11:23,661  INFO [Heartbeater-4] lockmgr.DbTxnManager: Sending heartbeat for txnid:17 and lockid:0 queryId=null txnid:0
2024-04-24T01:11:23,662  INFO [Heartbeater-4] lockmgr.DbTxnManager: Sending heartbeat for txnid:17 and lockid:0 queryId=null txnid:0
2024-04-24T01:11:23,663  INFO [Heartbeater-4] lockmgr.DbTxnManager: Sending heartbeat for txnid:17 and lockid:0 queryId=null txnid:0
2024-04-24T01:11:23,664  INFO [Heartbeater-4] lockmgr.DbTxnManager: Sending heartbeat for txnid:17 and lockid:0 queryId=null txnid:0
2024-04-24T01:11:23,665  INFO [Heartbeater-4] lockmgr.DbTxnManager: Sending heartbeat for txnid:17 and lockid:0 queryId=null txnid:0
2024-04-24T01:11:23,666  INFO [Heartbeater-4] lockmgr.DbTxnManager: Sending heartbeat for txnid:17 and lockid:0 queryId=null txnid:0
2024-04-24T01:11:23,667  INFO [Heartbeater-4] lockmgr.DbTxnManager: Sending heartbeat for txnid:17 and lockid:0 queryId=null txnid:0
2024-04-24T01:11:23,668  INFO [Heartbeater-4] lockmgr.DbTxnManager: Sending heartbeat for txnid:17 and lockid:0 queryId=null txnid:0
2024-04-24T01:11:23,669  INFO [Heartbeater-4] lockmgr.DbTxnManager: Sending heartbeat for txnid:17 and lockid:0 queryId=null txnid:0
2024-04-24T01:11:23,670  INFO [Heartbeater-4] lockmgr.DbTxnManager: Sending heartbeat for txnid:17 and lockid:0 queryId=null txnid:0
2024-04-24T01:11:23,671  INFO [Heartbeater-4] lockmgr.DbTxnManager: Sending heartbeat for txnid:17 and lockid:0 queryId=null txnid:0
2024-04-24T01:11:23,672  INFO [Heartbeater-4] lockmgr.DbTxnManager: Sending heartbeat for txnid:17 and lockid:0 queryId=null txnid:0
2024-04-24T01:11:23,673  INFO [Heartbeater-4] lockmgr.DbTxnManager: Sending heartbeat for txnid:17 and lockid:0 queryId=null txnid:0
2024-04-24T01:11:23,674  INFO [Heartbeater-4] lockmgr.DbTxnManager: Sending heartbeat for txnid:17 and lockid:0 queryId=null txnid:0
2024-04-24T01:11:23,675  INFO [Heartbeater-4] lockmgr.DbTxnManager: Sending heartbeat for txnid:17 and lockid:0 queryId=null txnid:0
2024-04-24T01:11:23,676  INFO [Heartbeater-4] lockmgr.DbTxnManager: Sending heartbeat for txnid:17 and lockid:0 queryId=null txnid:0
2024-04-24T01:11:23,676  INFO [main] metastore.HMSHandler: Skipping translation for processor with null
2024-04-24T01:11:23,676  INFO [main] ql.Driver: Semantic Analysis Completed (retrial = false)
2024-04-24T01:11:23,676  INFO [main] ql.Driver: Created Hive schema: Schema(fieldSchemas:null, properties:null)
2024-04-24T01:11:23,676  INFO [main] metadata.Hive: Dumping metastore api call timing information for : compilation phase
2024-04-24T01:11:23,677  INFO [main] metadata.Hive: Total time spent in each metastore function (ms): {commitTxn_(CommitTxnRequest)=24, getValidTxns_(long)=1, flushCache_()=0, getTable_(GetTableRequest)=37, isCompatibleWith_(Configuration)=0, openTxn_(String, TxnType)=3}
2024-04-24T01:11:23,677  INFO [Heartbeater-4] lockmgr.DbTxnManager: Sending heartbeat for txnid:17 and lockid:0 queryId=null txnid:0
2024-04-24T01:11:23,677  INFO [main] ql.Driver: Completed compiling command(queryId=alex_20240424011123_3870cd88-e602-4c24-9b6f-c6b3cb61cb55); Time taken: 0.042 seconds
2024-04-24T01:11:23,677  INFO [main] lockmgr.DbTxnManager: Setting lock request transaction to txnid:17 for queryId=alex_20240424011123_3870cd88-e602-4c24-9b6f-c6b3cb61cb55
2024-04-24T01:11:23,678  INFO [main] lockmgr.DbLockManager: Requesting lock for queryId=alex_20240424011123_3870cd88-e602-4c24-9b6f-c6b3cb61cb55
2024-04-24T01:11:23,678  INFO [Heartbeater-4] lockmgr.DbTxnManager: Sending heartbeat for txnid:17 and lockid:0 queryId=null txnid:0
2024-04-24T01:11:23,679  INFO [Heartbeater-4] lockmgr.DbTxnManager: Sending heartbeat for txnid:17 and lockid:0 queryId=null txnid:0
2024-04-24T01:11:23,680  INFO [Heartbeater-4] lockmgr.DbTxnManager: Sending heartbeat for txnid:17 and lockid:0 queryId=null txnid:0
2024-04-24T01:11:23,681  INFO [Heartbeater-4] lockmgr.DbTxnManager: Sending heartbeat for txnid:17 and lockid:0 queryId=null txnid:0
2024-04-24T01:11:23,682  INFO [Heartbeater-4] lockmgr.DbTxnManager: Sending heartbeat for txnid:17 and lockid:0 queryId=null txnid:0
2024-04-24T01:11:23,683  INFO [Heartbeater-4] lockmgr.DbTxnManager: Sending heartbeat for txnid:17 and lockid:0 queryId=null txnid:0
2024-04-24T01:11:23,684  INFO [Heartbeater-4] lockmgr.DbTxnManager: Sending heartbeat for txnid:17 and lockid:0 queryId=null txnid:0
2024-04-24T01:11:23,685  INFO [Heartbeater-4] lockmgr.DbTxnManager: Sending heartbeat for txnid:17 and lockid:0 queryId=null txnid:0
2024-04-24T01:11:23,686  INFO [Heartbeater-4] lockmgr.DbTxnManager: Sending heartbeat for txnid:17 and lockid:0 queryId=null txnid:0
2024-04-24T01:11:23,687  INFO [Heartbeater-4] lockmgr.DbTxnManager: Sending heartbeat for txnid:17 and lockid:0 queryId=null txnid:0
2024-04-24T01:11:23,688  INFO [Heartbeater-4] lockmgr.DbTxnManager: Sending heartbeat for txnid:17 and lockid:0 queryId=null txnid:0
2024-04-24T01:11:23,689  INFO [Heartbeater-4] lockmgr.DbTxnManager: Sending heartbeat for txnid:17 and lockid:0 queryId=null txnid:0
2024-04-24T01:11:23,690  INFO [Heartbeater-4] lockmgr.DbTxnManager: Sending heartbeat for txnid:17 and lockid:0 queryId=null txnid:0
2024-04-24T01:11:23,691  INFO [Heartbeater-4] lockmgr.DbTxnManager: Sending heartbeat for txnid:17 and lockid:0 queryId=null txnid:0
2024-04-24T01:11:23,692  INFO [Heartbeater-4] lockmgr.DbTxnManager: Sending heartbeat for txnid:17 and lockid:0 queryId=null txnid:0
2024-04-24T01:11:23,693  INFO [Heartbeater-4] lockmgr.DbTxnManager: Sending heartbeat for txnid:17 and lockid:0 queryId=null txnid:0
2024-04-24T01:11:23,694  INFO [Heartbeater-4] lockmgr.DbTxnManager: Sending heartbeat for txnid:17 and lockid:0 queryId=null txnid:0
2024-04-24T01:11:23,695  INFO [Heartbeater-4] lockmgr.DbTxnManager: Sending heartbeat for txnid:17 and lockid:0 queryId=null txnid:0
2024-04-24T01:11:23,696  INFO [Heartbeater-4] lockmgr.DbTxnManager: Sending heartbeat for txnid:17 and lockid:0 queryId=null txnid:0
2024-04-24T01:11:23,697  INFO [Heartbeater-4] lockmgr.DbTxnManager: Sending heartbeat for txnid:17 and lockid:0 queryId=null txnid:0
2024-04-24T01:11:23,698  INFO [Heartbeater-4] lockmgr.DbTxnManager: Sending heartbeat for txnid:17 and lockid:0 queryId=null txnid:0
2024-04-24T01:11:23,699  INFO [Heartbeater-4] lockmgr.DbTxnManager: Sending heartbeat for txnid:17 and lockid:0 queryId=null txnid:0
2024-04-24T01:11:23,700  INFO [Heartbeater-4] lockmgr.DbTxnManager: Sending heartbeat for txnid:17 and lockid:0 queryId=null txnid:0
2024-04-24T01:11:23,700  INFO [main] lockmgr.DbLockManager: Response to queryId=alex_20240424011123_3870cd88-e602-4c24-9b6f-c6b3cb61cb55 LockResponse(lockid:10, state:ACQUIRED)
2024-04-24T01:11:23,700  INFO [main] ql.Driver: Operation DROPTABLE obtained 1 locks
2024-04-24T01:11:23,701  INFO [main] ql.Driver: Executing command(queryId=alex_20240424011123_3870cd88-e602-4c24-9b6f-c6b3cb61cb55): drop table if exists nonAcidOrcTbl
2024-04-24T01:11:23,701  INFO [Heartbeater-4] lockmgr.DbTxnManager: Sending heartbeat for txnid:17 and lockid:0 queryId=null txnid:0
2024-04-24T01:11:23,701  INFO [main] ql.Driver: Starting task [Stage-0:DDL] in serial mode
2024-04-24T01:11:23,701  INFO [main] HiveMetaStore.audit: ugi=alex	ip=unknown-ip-addr	cmd=get_table : tbl=hive.default.nonAcidOrcTbl	
2024-04-24T01:11:23,702  INFO [Heartbeater-4] lockmgr.DbTxnManager: Sending heartbeat for txnid:17 and lockid:0 queryId=null txnid:0
2024-04-24T01:11:23,703  INFO [Heartbeater-4] lockmgr.DbTxnManager: Sending heartbeat for txnid:17 and lockid:0 queryId=null txnid:0
2024-04-24T01:11:23,704  INFO [Heartbeater-4] lockmgr.DbTxnManager: Sending heartbeat for txnid:17 and lockid:0 queryId=null txnid:0
2024-04-24T01:11:23,705  INFO [Heartbeater-4] lockmgr.DbTxnManager: Sending heartbeat for txnid:17 and lockid:0 queryId=null txnid:0
2024-04-24T01:11:23,706  INFO [Heartbeater-4] lockmgr.DbTxnManager: Sending heartbeat for txnid:17 and lockid:0 queryId=null txnid:0
2024-04-24T01:11:23,707  INFO [Heartbeater-4] lockmgr.DbTxnManager: Sending heartbeat for txnid:17 and lockid:0 queryId=null txnid:0
2024-04-24T01:11:23,708  INFO [Heartbeater-4] lockmgr.DbTxnManager: Sending heartbeat for txnid:17 and lockid:0 queryId=null txnid:0
2024-04-24T01:11:23,709  INFO [Heartbeater-4] lockmgr.DbTxnManager: Sending heartbeat for txnid:17 and lockid:0 queryId=null txnid:0
2024-04-24T01:11:23,710  INFO [Heartbeater-4] lockmgr.DbTxnManager: Sending heartbeat for txnid:17 and lockid:0 queryId=null txnid:0
2024-04-24T01:11:23,710  INFO [main] metastore.HMSHandler: Skipping translation for processor with null
2024-04-24T01:11:23,711  INFO [Heartbeater-4] lockmgr.DbTxnManager: Sending heartbeat for txnid:17 and lockid:0 queryId=null txnid:0
2024-04-24T01:11:23,711  INFO [main] HiveMetaStore.audit: ugi=alex	ip=unknown-ip-addr	cmd=get_table : tbl=hive.default.nonAcidOrcTbl	
2024-04-24T01:11:23,712  INFO [Heartbeater-4] lockmgr.DbTxnManager: Sending heartbeat for txnid:17 and lockid:0 queryId=null txnid:0
2024-04-24T01:11:23,713  INFO [Heartbeater-4] lockmgr.DbTxnManager: Sending heartbeat for txnid:17 and lockid:0 queryId=null txnid:0
2024-04-24T01:11:23,714  INFO [Heartbeater-4] lockmgr.DbTxnManager: Sending heartbeat for txnid:17 and lockid:0 queryId=null txnid:0
2024-04-24T01:11:23,715  INFO [Heartbeater-4] lockmgr.DbTxnManager: Sending heartbeat for txnid:17 and lockid:0 queryId=null txnid:0
2024-04-24T01:11:23,716  INFO [Heartbeater-4] lockmgr.DbTxnManager: Sending heartbeat for txnid:17 and lockid:0 queryId=null txnid:0
2024-04-24T01:11:23,717  INFO [Heartbeater-4] lockmgr.DbTxnManager: Sending heartbeat for txnid:17 and lockid:0 queryId=null txnid:0
2024-04-24T01:11:23,718  INFO [Heartbeater-4] lockmgr.DbTxnManager: Sending heartbeat for txnid:17 and lockid:0 queryId=null txnid:0
2024-04-24T01:11:23,719  INFO [Heartbeater-4] lockmgr.DbTxnManager: Sending heartbeat for txnid:17 and lockid:0 queryId=null txnid:0
2024-04-24T01:11:23,720  INFO [Heartbeater-4] lockmgr.DbTxnManager: Sending heartbeat for txnid:17 and lockid:0 queryId=null txnid:0
2024-04-24T01:11:23,721  INFO [Heartbeater-4] lockmgr.DbTxnManager: Sending heartbeat for txnid:17 and lockid:0 queryId=null txnid:0
2024-04-24T01:11:23,721  INFO [main] metastore.HMSHandler: Skipping translation for processor with null
2024-04-24T01:11:23,722  INFO [Heartbeater-4] lockmgr.DbTxnManager: Sending heartbeat for txnid:17 and lockid:0 queryId=null txnid:0
2024-04-24T01:11:23,722  INFO [main] HiveMetaStore.audit: ugi=alex	ip=unknown-ip-addr	cmd=drop_table : tbl=hive.default.nonAcidOrcTbl	
2024-04-24T01:11:23,723  INFO [Heartbeater-4] lockmgr.DbTxnManager: Sending heartbeat for txnid:17 and lockid:0 queryId=null txnid:0
2024-04-24T01:11:23,724  INFO [Heartbeater-4] lockmgr.DbTxnManager: Sending heartbeat for txnid:17 and lockid:0 queryId=null txnid:0
2024-04-24T01:11:23,725  INFO [Heartbeater-4] lockmgr.DbTxnManager: Sending heartbeat for txnid:17 and lockid:0 queryId=null txnid:0
2024-04-24T01:11:23,726  INFO [Heartbeater-4] lockmgr.DbTxnManager: Sending heartbeat for txnid:17 and lockid:0 queryId=null txnid:0
2024-04-24T01:11:23,727  INFO [Heartbeater-4] lockmgr.DbTxnManager: Sending heartbeat for txnid:17 and lockid:0 queryId=null txnid:0
2024-04-24T01:11:23,728  INFO [Heartbeater-4] lockmgr.DbTxnManager: Sending heartbeat for txnid:17 and lockid:0 queryId=null txnid:0
2024-04-24T01:11:23,729  INFO [Heartbeater-4] lockmgr.DbTxnManager: Sending heartbeat for txnid:17 and lockid:0 queryId=null txnid:0
2024-04-24T01:11:23,730  INFO [Heartbeater-4] lockmgr.DbTxnManager: Sending heartbeat for txnid:17 and lockid:0 queryId=null txnid:0
2024-04-24T01:11:23,731  INFO [Heartbeater-4] lockmgr.DbTxnManager: Sending heartbeat for txnid:17 and lockid:0 queryId=null txnid:0
2024-04-24T01:11:23,732  INFO [Heartbeater-4] lockmgr.DbTxnManager: Sending heartbeat for txnid:17 and lockid:0 queryId=null txnid:0
2024-04-24T01:11:23,733  INFO [Heartbeater-4] lockmgr.DbTxnManager: Sending heartbeat for txnid:17 and lockid:0 queryId=null txnid:0
2024-04-24T01:11:23,734  INFO [Heartbeater-4] lockmgr.DbTxnManager: Sending heartbeat for txnid:17 and lockid:0 queryId=null txnid:0
2024-04-24T01:11:23,735  INFO [Heartbeater-4] lockmgr.DbTxnManager: Sending heartbeat for txnid:17 and lockid:0 queryId=null txnid:0
2024-04-24T01:11:23,736  INFO [Heartbeater-4] lockmgr.DbTxnManager: Sending heartbeat for txnid:17 and lockid:0 queryId=null txnid:0
2024-04-24T01:11:23,737  INFO [Heartbeater-4] lockmgr.DbTxnManager: Sending heartbeat for txnid:17 and lockid:0 queryId=null txnid:0
2024-04-24T01:11:23,738  INFO [Heartbeater-4] lockmgr.DbTxnManager: Sending heartbeat for txnid:17 and lockid:0 queryId=null txnid:0
2024-04-24T01:11:23,739  INFO [Heartbeater-4] lockmgr.DbTxnManager: Sending heartbeat for txnid:17 and lockid:0 queryId=null txnid:0
2024-04-24T01:11:23,740  INFO [Heartbeater-4] lockmgr.DbTxnManager: Sending heartbeat for txnid:17 and lockid:0 queryId=null txnid:0
2024-04-24T01:11:23,741  INFO [Heartbeater-4] lockmgr.DbTxnManager: Sending heartbeat for txnid:17 and lockid:0 queryId=null txnid:0
2024-04-24T01:11:23,742  INFO [Heartbeater-4] lockmgr.DbTxnManager: Sending heartbeat for txnid:17 and lockid:0 queryId=null txnid:0
2024-04-24T01:11:23,743  INFO [Heartbeater-4] lockmgr.DbTxnManager: Sending heartbeat for txnid:17 and lockid:0 queryId=null txnid:0
2024-04-24T01:11:23,744  INFO [Heartbeater-4] lockmgr.DbTxnManager: Sending heartbeat for txnid:17 and lockid:0 queryId=null txnid:0
2024-04-24T01:11:23,745  INFO [Heartbeater-4] lockmgr.DbTxnManager: Sending heartbeat for txnid:17 and lockid:0 queryId=null txnid:0
2024-04-24T01:11:23,746  INFO [Heartbeater-4] lockmgr.DbTxnManager: Sending heartbeat for txnid:17 and lockid:0 queryId=null txnid:0
2024-04-24T01:11:23,747  INFO [Heartbeater-4] lockmgr.DbTxnManager: Sending heartbeat for txnid:17 and lockid:0 queryId=null txnid:0
2024-04-24T01:11:23,748  INFO [Heartbeater-4] lockmgr.DbTxnManager: Sending heartbeat for txnid:17 and lockid:0 queryId=null txnid:0
2024-04-24T01:11:23,749  INFO [Heartbeater-4] lockmgr.DbTxnManager: Sending heartbeat for txnid:17 and lockid:0 queryId=null txnid:0
2024-04-24T01:11:23,750  INFO [Heartbeater-4] lockmgr.DbTxnManager: Sending heartbeat for txnid:17 and lockid:0 queryId=null txnid:0
2024-04-24T01:11:23,751  INFO [Heartbeater-4] lockmgr.DbTxnManager: Sending heartbeat for txnid:17 and lockid:0 queryId=null txnid:0
2024-04-24T01:11:23,752  INFO [Heartbeater-4] lockmgr.DbTxnManager: Sending heartbeat for txnid:17 and lockid:0 queryId=null txnid:0
2024-04-24T01:11:23,753  INFO [Heartbeater-4] lockmgr.DbTxnManager: Sending heartbeat for txnid:17 and lockid:0 queryId=null txnid:0
2024-04-24T01:11:23,754  INFO [Heartbeater-4] lockmgr.DbTxnManager: Sending heartbeat for txnid:17 and lockid:0 queryId=null txnid:0
2024-04-24T01:11:23,755  INFO [Heartbeater-4] lockmgr.DbTxnManager: Sending heartbeat for txnid:17 and lockid:0 queryId=null txnid:0
2024-04-24T01:11:23,756  INFO [Heartbeater-4] lockmgr.DbTxnManager: Sending heartbeat for txnid:17 and lockid:0 queryId=null txnid:0
2024-04-24T01:11:23,757  INFO [Heartbeater-4] lockmgr.DbTxnManager: Sending heartbeat for txnid:17 and lockid:0 queryId=null txnid:0
2024-04-24T01:11:23,758  INFO [Heartbeater-4] lockmgr.DbTxnManager: Sending heartbeat for txnid:17 and lockid:0 queryId=null txnid:0
2024-04-24T01:11:23,759  INFO [Heartbeater-4] lockmgr.DbTxnManager: Sending heartbeat for txnid:17 and lockid:0 queryId=null txnid:0
2024-04-24T01:11:23,760  INFO [Heartbeater-4] lockmgr.DbTxnManager: Sending heartbeat for txnid:17 and lockid:0 queryId=null txnid:0
2024-04-24T01:11:23,761  INFO [Heartbeater-4] lockmgr.DbTxnManager: Sending heartbeat for txnid:17 and lockid:0 queryId=null txnid:0
2024-04-24T01:11:23,762  INFO [Heartbeater-4] lockmgr.DbTxnManager: Sending heartbeat for txnid:17 and lockid:0 queryId=null txnid:0
2024-04-24T01:11:23,763  INFO [Heartbeater-4] lockmgr.DbTxnManager: Sending heartbeat for txnid:17 and lockid:0 queryId=null txnid:0
2024-04-24T01:11:23,764  INFO [Heartbeater-4] lockmgr.DbTxnManager: Sending heartbeat for txnid:17 and lockid:0 queryId=null txnid:0
2024-04-24T01:11:23,765  INFO [Heartbeater-4] lockmgr.DbTxnManager: Sending heartbeat for txnid:17 and lockid:0 queryId=null txnid:0
2024-04-24T01:11:23,766  INFO [Heartbeater-4] lockmgr.DbTxnManager: Sending heartbeat for txnid:17 and lockid:0 queryId=null txnid:0
2024-04-24T01:11:23,767  INFO [Heartbeater-4] lockmgr.DbTxnManager: Sending heartbeat for txnid:17 and lockid:0 queryId=null txnid:0
2024-04-24T01:11:23,768  INFO [Heartbeater-4] lockmgr.DbTxnManager: Sending heartbeat for txnid:17 and lockid:0 queryId=null txnid:0
2024-04-24T01:11:23,769  INFO [Heartbeater-4] lockmgr.DbTxnManager: Sending heartbeat for txnid:17 and lockid:0 queryId=null txnid:0
2024-04-24T01:11:23,770  INFO [Heartbeater-4] lockmgr.DbTxnManager: Sending heartbeat for txnid:17 and lockid:0 queryId=null txnid:0
2024-04-24T01:11:23,771  INFO [Heartbeater-4] lockmgr.DbTxnManager: Sending heartbeat for txnid:17 and lockid:0 queryId=null txnid:0
2024-04-24T01:11:23,772  INFO [Heartbeater-4] lockmgr.DbTxnManager: Sending heartbeat for txnid:17 and lockid:0 queryId=null txnid:0
2024-04-24T01:11:23,773  INFO [Heartbeater-4] lockmgr.DbTxnManager: Sending heartbeat for txnid:17 and lockid:0 queryId=null txnid:0
2024-04-24T01:11:23,774  INFO [Heartbeater-4] lockmgr.DbTxnManager: Sending heartbeat for txnid:17 and lockid:0 queryId=null txnid:0
2024-04-24T01:11:23,775  INFO [Heartbeater-4] lockmgr.DbTxnManager: Sending heartbeat for txnid:17 and lockid:0 queryId=null txnid:0
2024-04-24T01:11:23,776  INFO [Heartbeater-4] lockmgr.DbTxnManager: Sending heartbeat for txnid:17 and lockid:0 queryId=null txnid:0
2024-04-24T01:11:23,777  INFO [Heartbeater-4] lockmgr.DbTxnManager: Sending heartbeat for txnid:17 and lockid:0 queryId=null txnid:0
2024-04-24T01:11:23,778  INFO [Heartbeater-4] lockmgr.DbTxnManager: Sending heartbeat for txnid:17 and lockid:0 queryId=null txnid:0
2024-04-24T01:11:23,779  INFO [Heartbeater-4] lockmgr.DbTxnManager: Sending heartbeat for txnid:17 and lockid:0 queryId=null txnid:0
2024-04-24T01:11:23,780  INFO [Heartbeater-4] lockmgr.DbTxnManager: Sending heartbeat for txnid:17 and lockid:0 queryId=null txnid:0
2024-04-24T01:11:23,781  INFO [Heartbeater-4] lockmgr.DbTxnManager: Sending heartbeat for txnid:17 and lockid:0 queryId=null txnid:0
2024-04-24T01:11:23,782  INFO [Heartbeater-4] lockmgr.DbTxnManager: Sending heartbeat for txnid:17 and lockid:0 queryId=null txnid:0
2024-04-24T01:11:23,783  INFO [Heartbeater-4] lockmgr.DbTxnManager: Sending heartbeat for txnid:17 and lockid:0 queryId=null txnid:0
2024-04-24T01:11:23,784  INFO [Heartbeater-4] lockmgr.DbTxnManager: Sending heartbeat for txnid:17 and lockid:0 queryId=null txnid:0
2024-04-24T01:11:23,785  INFO [Heartbeater-4] lockmgr.DbTxnManager: Sending heartbeat for txnid:17 and lockid:0 queryId=null txnid:0
2024-04-24T01:11:23,786  INFO [Heartbeater-4] lockmgr.DbTxnManager: Sending heartbeat for txnid:17 and lockid:0 queryId=null txnid:0
2024-04-24T01:11:23,787  INFO [Heartbeater-4] lockmgr.DbTxnManager: Sending heartbeat for txnid:17 and lockid:0 queryId=null txnid:0
2024-04-24T01:11:23,788  INFO [Heartbeater-4] lockmgr.DbTxnManager: Sending heartbeat for txnid:17 and lockid:0 queryId=null txnid:0
2024-04-24T01:11:23,789  INFO [Heartbeater-4] lockmgr.DbTxnManager: Sending heartbeat for txnid:17 and lockid:0 queryId=null txnid:0
2024-04-24T01:11:23,790  INFO [Heartbeater-4] lockmgr.DbTxnManager: Sending heartbeat for txnid:17 and lockid:0 queryId=null txnid:0
2024-04-24T01:11:23,791  INFO [Heartbeater-4] lockmgr.DbTxnManager: Sending heartbeat for txnid:17 and lockid:0 queryId=null txnid:0
2024-04-24T01:11:23,792  INFO [Heartbeater-4] lockmgr.DbTxnManager: Sending heartbeat for txnid:17 and lockid:0 queryId=null txnid:0
2024-04-24T01:11:23,793  INFO [Heartbeater-4] lockmgr.DbTxnManager: Sending heartbeat for txnid:17 and lockid:0 queryId=null txnid:0
2024-04-24T01:11:23,794  INFO [Heartbeater-4] lockmgr.DbTxnManager: Sending heartbeat for txnid:17 and lockid:0 queryId=null txnid:0
2024-04-24T01:11:23,795  INFO [Heartbeater-4] lockmgr.DbTxnManager: Sending heartbeat for txnid:17 and lockid:0 queryId=null txnid:0
2024-04-24T01:11:23,796  INFO [Heartbeater-4] lockmgr.DbTxnManager: Sending heartbeat for txnid:17 and lockid:0 queryId=null txnid:0
2024-04-24T01:11:23,797  INFO [Heartbeater-4] lockmgr.DbTxnManager: Sending heartbeat for txnid:17 and lockid:0 queryId=null txnid:0
2024-04-24T01:11:23,798  INFO [Heartbeater-4] lockmgr.DbTxnManager: Sending heartbeat for txnid:17 and lockid:0 queryId=null txnid:0
2024-04-24T01:11:23,799  INFO [Heartbeater-4] lockmgr.DbTxnManager: Sending heartbeat for txnid:17 and lockid:0 queryId=null txnid:0
2024-04-24T01:11:23,800  INFO [Heartbeater-4] lockmgr.DbTxnManager: Sending heartbeat for txnid:17 and lockid:0 queryId=null txnid:0
2024-04-24T01:11:23,801  INFO [Heartbeater-4] lockmgr.DbTxnManager: Sending heartbeat for txnid:17 and lockid:0 queryId=null txnid:0
2024-04-24T01:11:23,802  INFO [Heartbeater-4] lockmgr.DbTxnManager: Sending heartbeat for txnid:17 and lockid:0 queryId=null txnid:0
2024-04-24T01:11:23,803  INFO [Heartbeater-4] lockmgr.DbTxnManager: Sending heartbeat for txnid:17 and lockid:0 queryId=null txnid:0
2024-04-24T01:11:23,804  INFO [Heartbeater-4] lockmgr.DbTxnManager: Sending heartbeat for txnid:17 and lockid:0 queryId=null txnid:0
2024-04-24T01:11:23,805  INFO [Heartbeater-4] lockmgr.DbTxnManager: Sending heartbeat for txnid:17 and lockid:0 queryId=null txnid:0
2024-04-24T01:11:23,806  INFO [Heartbeater-4] lockmgr.DbTxnManager: Sending heartbeat for txnid:17 and lockid:0 queryId=null txnid:0
2024-04-24T01:11:23,807  INFO [Heartbeater-4] lockmgr.DbTxnManager: Sending heartbeat for txnid:17 and lockid:0 queryId=null txnid:0
2024-04-24T01:11:23,808  INFO [Heartbeater-4] lockmgr.DbTxnManager: Sending heartbeat for txnid:17 and lockid:0 queryId=null txnid:0
2024-04-24T01:11:23,809  INFO [Heartbeater-4] lockmgr.DbTxnManager: Sending heartbeat for txnid:17 and lockid:0 queryId=null txnid:0
2024-04-24T01:11:23,810  INFO [Heartbeater-4] lockmgr.DbTxnManager: Sending heartbeat for txnid:17 and lockid:0 queryId=null txnid:0
2024-04-24T01:11:23,811  INFO [Heartbeater-4] lockmgr.DbTxnManager: Sending heartbeat for txnid:17 and lockid:0 queryId=null txnid:0
2024-04-24T01:11:23,812  INFO [Heartbeater-4] lockmgr.DbTxnManager: Sending heartbeat for txnid:17 and lockid:0 queryId=null txnid:0
2024-04-24T01:11:23,813  INFO [Heartbeater-4] lockmgr.DbTxnManager: Sending heartbeat for txnid:17 and lockid:0 queryId=null txnid:0
2024-04-24T01:11:23,814  INFO [Heartbeater-4] lockmgr.DbTxnManager: Sending heartbeat for txnid:17 and lockid:0 queryId=null txnid:0
2024-04-24T01:11:23,815  INFO [Heartbeater-4] lockmgr.DbTxnManager: Sending heartbeat for txnid:17 and lockid:0 queryId=null txnid:0
2024-04-24T01:11:23,816  INFO [Heartbeater-4] lockmgr.DbTxnManager: Sending heartbeat for txnid:17 and lockid:0 queryId=null txnid:0
2024-04-24T01:11:23,817  INFO [Heartbeater-4] lockmgr.DbTxnManager: Sending heartbeat for txnid:17 and lockid:0 queryId=null txnid:0
2024-04-24T01:11:23,818  INFO [Heartbeater-4] lockmgr.DbTxnManager: Sending heartbeat for txnid:17 and lockid:0 queryId=null txnid:0
2024-04-24T01:11:23,819  INFO [Heartbeater-4] lockmgr.DbTxnManager: Sending heartbeat for txnid:17 and lockid:0 queryId=null txnid:0
2024-04-24T01:11:23,820  INFO [Heartbeater-4] lockmgr.DbTxnManager: Sending heartbeat for txnid:17 and lockid:0 queryId=null txnid:0
2024-04-24T01:11:23,820  INFO [main] metadata.Hive: Dumping metastore api call timing information for : execution phase
2024-04-24T01:11:23,820  INFO [main] metadata.Hive: Total time spent in each metastore function (ms): {getTable_(GetTableRequest)=9, isCompatibleWith_(Configuration)=0, dropTable_(String, String, boolean, boolean, boolean)=109}
2024-04-24T01:11:23,821  INFO [Heartbeater-4] lockmgr.DbTxnManager: Sending heartbeat for txnid:17 and lockid:0 queryId=null txnid:0
2024-04-24T01:11:23,821  INFO [main] ql.Driver: Completed executing command(queryId=alex_20240424011123_3870cd88-e602-4c24-9b6f-c6b3cb61cb55); Time taken: 0.119 seconds
2024-04-24T01:11:23,821  INFO [main] lockmgr.DbTxnManager: Stopped heartbeat for query: alex_20240424011123_3870cd88-e602-4c24-9b6f-c6b3cb61cb55
2024-04-24T01:11:23,828  INFO [main] txn.TxnHandler: Expected to move at least one record from txn_components to completed_txn_components when committing txn! txnid:17
2024-04-24T01:11:23,840  INFO [main] txn.TxnHandler: Removed transactions: ([17]) from MIN_HISTORY_LEVEL
2024-04-24T01:11:23,840  WARN [main] txn.CompactionTxnHandler: No compaction queue record found for Compaction type transaction commit. txnId:17
2024-04-24T01:11:23,841  INFO [main] ql.TxnCommandsBaseForTests: Running the query: drop table if exists nonAcidOrcTbl2
2024-04-24T01:11:23,841  INFO [main] ql.Driver: Compiling command(queryId=alex_20240424011123_ddfa3eca-76ac-467c-8b94-9fff63545156): drop table if exists nonAcidOrcTbl2
2024-04-24T01:11:23,845  INFO [main] txn.TxnHandler: Added entries to MIN_HISTORY_LEVEL for current txns: ([18]) with min_open_txn: 14
2024-04-24T01:11:23,845  INFO [main] lockmgr.DbTxnManager: Opened txnid:18
2024-04-24T01:11:23,845  INFO [Heartbeater-0] lockmgr.DbTxnManager: Sending heartbeat for txnid:18 and lockid:0 queryId=null txnid:0
2024-04-24T01:11:23,846  INFO [main] HiveMetaStore.audit: ugi=alex	ip=unknown-ip-addr	cmd=get_table : tbl=hive.default.nonAcidOrcTbl2	
2024-04-24T01:11:23,850  INFO [Heartbeater-0] lockmgr.DbTxnManager: Sending heartbeat for txnid:18 and lockid:0 queryId=null txnid:0
2024-04-24T01:11:23,850  INFO [Heartbeater-0] lockmgr.DbTxnManager: Sending heartbeat for txnid:18 and lockid:0 queryId=null txnid:0
2024-04-24T01:11:23,851  INFO [Heartbeater-0] lockmgr.DbTxnManager: Sending heartbeat for txnid:18 and lockid:0 queryId=null txnid:0
2024-04-24T01:11:23,851  INFO [Heartbeater-0] lockmgr.DbTxnManager: Sending heartbeat for txnid:18 and lockid:0 queryId=null txnid:0
2024-04-24T01:11:23,846  WARN [Heartbeater-4] pool.ProxyConnection: HikariPool-1 - Connection org.apache.derby.impl.jdbc.EmbedConnection@1489601299 (XID = 175), (SESSIONID = 10), (DATABASE = memory:/home/alex/Repositories/hive/ql/target/tmp/junit_metastore_db), (DRDAID = null)  marked as broken because of SQLSTATE(08000), ErrorCode(40000)
java.sql.SQLNonTransientConnectionException: Connection closed by unknown interrupt.
	at org.apache.derby.impl.jdbc.SQLExceptionFactory.getSQLException(Unknown Source) ~[derby-10.14.1.0.jar:?]
	at org.apache.derby.impl.jdbc.Util.generateCsSQLException(Unknown Source) ~[derby-10.14.1.0.jar:?]
	at org.apache.derby.impl.jdbc.TransactionResourceImpl.wrapInSQLException(Unknown Source) ~[derby-10.14.1.0.jar:?]
	at org.apache.derby.impl.jdbc.TransactionResourceImpl.handleException(Unknown Source) ~[derby-10.14.1.0.jar:?]
	at org.apache.derby.impl.jdbc.EmbedConnection.handleException(Unknown Source) ~[derby-10.14.1.0.jar:?]
	at org.apache.derby.impl.jdbc.ConnectionChild.handleException(Unknown Source) ~[derby-10.14.1.0.jar:?]
	at org.apache.derby.impl.jdbc.EmbedStatement.executeStatement(Unknown Source) ~[derby-10.14.1.0.jar:?]
	at org.apache.derby.impl.jdbc.EmbedStatement.execute(Unknown Source) ~[derby-10.14.1.0.jar:?]
	at org.apache.derby.impl.jdbc.EmbedStatement.executeLargeUpdate(Unknown Source) ~[derby-10.14.1.0.jar:?]
	at org.apache.derby.impl.jdbc.EmbedStatement.executeUpdate(Unknown Source) ~[derby-10.14.1.0.jar:?]
	at com.zaxxer.hikari.pool.ProxyStatement.executeUpdate(ProxyStatement.java:117) ~[HikariCP-2.6.1.jar:?]
	at com.zaxxer.hikari.pool.HikariProxyStatement.executeUpdate(HikariProxyStatement.java) ~[HikariCP-2.6.1.jar:?]
	at org.apache.hadoop.hive.metastore.txn.TxnHandler.heartbeatTxn(TxnHandler.java:5125) ~[classes/:?]
	at org.apache.hadoop.hive.metastore.txn.TxnHandler.heartbeat(TxnHandler.java:3429) ~[classes/:?]
	at org.apache.hadoop.hive.metastore.HMSHandler.heartbeat(HMSHandler.java:8959) ~[classes/:?]
	at sun.reflect.GeneratedMethodAccessor204.invoke(Unknown Source) ~[?:?]
	at sun.reflect.DelegatingMethodAccessorImpl.invoke(DelegatingMethodAccessorImpl.java:43) ~[?:1.8.0_402]
	at java.lang.reflect.Method.invoke(Method.java:498) ~[?:1.8.0_402]
	at org.apache.hadoop.hive.metastore.RetryingHMSHandler.invokeInternal(RetryingHMSHandler.java:147) ~[classes/:?]
	at org.apache.hadoop.hive.metastore.RetryingHMSHandler.invoke(RetryingHMSHandler.java:108) ~[classes/:?]
	at com.sun.proxy.$Proxy40.heartbeat(Unknown Source) ~[?:?]
	at org.apache.hadoop.hive.metastore.HiveMetaStoreClient.heartbeat(HiveMetaStoreClient.java:4088) ~[classes/:?]
	at sun.reflect.GeneratedMethodAccessor203.invoke(Unknown Source) ~[?:?]
	at sun.reflect.DelegatingMethodAccessorImpl.invoke(DelegatingMethodAccessorImpl.java:43) ~[?:1.8.0_402]
	at java.lang.reflect.Method.invoke(Method.java:498) ~[?:1.8.0_402]
	at org.apache.hadoop.hive.metastore.RetryingMetaStoreClient.invoke(RetryingMetaStoreClient.java:218) ~[classes/:?]
	at com.sun.proxy.$Proxy41.heartbeat(Unknown Source) ~[?:?]
	at org.apache.hadoop.hive.ql.lockmgr.DbTxnManager.heartbeat(DbTxnManager.java:647) ~[classes/:?]
	at org.apache.hadoop.hive.ql.lockmgr.DbTxnManager$Heartbeater.lambda$run$0(DbTxnManager.java:1101) ~[classes/:?]
	at java.security.AccessController.doPrivileged(Native Method) ~[?:1.8.0_402]
	at javax.security.auth.Subject.doAs(Subject.java:422) [?:1.8.0_402]
	at org.apache.hadoop.security.UserGroupInformation.doAs(UserGroupInformation.java:1682) [hadoop-common-3.1.0.jar:?]
	at org.apache.hadoop.hive.ql.lockmgr.DbTxnManager$Heartbeater.run(DbTxnManager.java:1100) [classes/:?]
	at java.util.concurrent.Executors$RunnableAdapter.call(Executors.java:511) [?:1.8.0_402]
	at java.util.concurrent.FutureTask.runAndReset(FutureTask.java:308) [?:1.8.0_402]
	at java.util.concurrent.ScheduledThreadPoolExecutor$ScheduledFutureTask.access$301(ScheduledThreadPoolExecutor.java:180) [?:1.8.0_402]
	at java.util.concurrent.ScheduledThreadPoolExecutor$ScheduledFutureTask.run(ScheduledThreadPoolExecutor.java:294) [?:1.8.0_402]
	at java.util.concurrent.ThreadPoolExecutor.runWorker(ThreadPoolExecutor.java:1149) [?:1.8.0_402]
	at java.util.concurrent.ThreadPoolExecutor$Worker.run(ThreadPoolExecutor.java:624) [?:1.8.0_402]
	at java.lang.Thread.run(Thread.java:750) [?:1.8.0_402]
Caused by: org.apache.derby.iapi.error.StandardException: Connection closed by unknown interrupt.
	at org.apache.derby.iapi.error.StandardException.newException(Unknown Source) ~[derby-10.14.1.0.jar:?]
	at org.apache.derby.iapi.error.StandardException.newException(Unknown Source) ~[derby-10.14.1.0.jar:?]
	at org.apache.derby.iapi.util.InterruptStatus.setInterrupted(Unknown Source) ~[derby-10.14.1.0.jar:?]
	at org.apache.derby.iapi.util.InterruptStatus.throwIf(Unknown Source) ~[derby-10.14.1.0.jar:?]
	at org.apache.derby.impl.sql.execute.BasicNoPutResultSetImpl.checkCancellationFlag(Unknown Source) ~[derby-10.14.1.0.jar:?]
	at org.apache.derby.impl.sql.execute.TableScanResultSet.getNextRowCore(Unknown Source) ~[derby-10.14.1.0.jar:?]
	at org.apache.derby.impl.sql.execute.IndexRowToBaseRowResultSet.getNextRowCore(Unknown Source) ~[derby-10.14.1.0.jar:?]
	at org.apache.derby.impl.sql.execute.ProjectRestrictResultSet.getNextRowCore(Unknown Source) ~[derby-10.14.1.0.jar:?]
	at org.apache.derby.impl.sql.execute.ProjectRestrictResultSet.getNextRowCore(Unknown Source) ~[derby-10.14.1.0.jar:?]
	at org.apache.derby.impl.sql.execute.NormalizeResultSet.getNextRowCore(Unknown Source) ~[derby-10.14.1.0.jar:?]
	at org.apache.derby.impl.sql.execute.DMLWriteResultSet.getNextRowCore(Unknown Source) ~[derby-10.14.1.0.jar:?]
	at org.apache.derby.impl.sql.execute.UpdateResultSet.getNextRowCore(Unknown Source) ~[derby-10.14.1.0.jar:?]
	at org.apache.derby.impl.sql.execute.UpdateResultSet.collectAffectedRows(Unknown Source) ~[derby-10.14.1.0.jar:?]
	at org.apache.derby.impl.sql.execute.UpdateResultSet.open(Unknown Source) ~[derby-10.14.1.0.jar:?]
	at org.apache.derby.impl.sql.GenericPreparedStatement.executeStmt(Unknown Source) ~[derby-10.14.1.0.jar:?]
	at org.apache.derby.impl.sql.GenericPreparedStatement.execute(Unknown Source) ~[derby-10.14.1.0.jar:?]
	... 34 more
2024-04-24T01:11:23,852  INFO [Heartbeater-0] lockmgr.DbTxnManager: Sending heartbeat for txnid:18 and lockid:0 queryId=null txnid:0
2024-04-24T01:11:23,853  INFO [Heartbeater-0] lockmgr.DbTxnManager: Sending heartbeat for txnid:18 and lockid:0 queryId=null txnid:0
2024-04-24T01:11:23,854  INFO [Heartbeater-0] lockmgr.DbTxnManager: Sending heartbeat for txnid:18 and lockid:0 queryId=null txnid:0
2024-04-24T01:11:23,855  INFO [Heartbeater-0] lockmgr.DbTxnManager: Sending heartbeat for txnid:18 and lockid:0 queryId=null txnid:0
2024-04-24T01:11:23,855  INFO [Heartbeater-0] lockmgr.DbTxnManager: Sending heartbeat for txnid:18 and lockid:0 queryId=null txnid:0
2024-04-24T01:11:23,856  INFO [Heartbeater-0] lockmgr.DbTxnManager: Sending heartbeat for txnid:18 and lockid:0 queryId=null txnid:0
2024-04-24T01:11:23,856  INFO [Heartbeater-0] lockmgr.DbTxnManager: Sending heartbeat for txnid:18 and lockid:0 queryId=null txnid:0
2024-04-24T01:11:23,857  INFO [Heartbeater-0] lockmgr.DbTxnManager: Sending heartbeat for txnid:18 and lockid:0 queryId=null txnid:0
2024-04-24T01:11:23,858  INFO [Heartbeater-4] txn.TxnHandler: Non-retryable error in heartbeat(HeartbeatRequest(lockid:0, txnid:17)) : Connection closed by unknown interrupt. (SQLState=08000, ErrorCode=40000)
2024-04-24T01:11:23,858  INFO [Heartbeater-0] lockmgr.DbTxnManager: Sending heartbeat for txnid:18 and lockid:0 queryId=null txnid:0
2024-04-24T01:11:23,858 ERROR [Heartbeater-4] metastore.RetryingHMSHandler: MetaException(message:Unable to select from transaction database java.sql.SQLNonTransientConnectionException: Connection closed by unknown interrupt.
	at org.apache.derby.impl.jdbc.SQLExceptionFactory.getSQLException(Unknown Source)
	at org.apache.derby.impl.jdbc.Util.generateCsSQLException(Unknown Source)
	at org.apache.derby.impl.jdbc.TransactionResourceImpl.wrapInSQLException(Unknown Source)
	at org.apache.derby.impl.jdbc.TransactionResourceImpl.handleException(Unknown Source)
	at org.apache.derby.impl.jdbc.EmbedConnection.handleException(Unknown Source)
	at org.apache.derby.impl.jdbc.ConnectionChild.handleException(Unknown Source)
	at org.apache.derby.impl.jdbc.EmbedStatement.executeStatement(Unknown Source)
	at org.apache.derby.impl.jdbc.EmbedStatement.execute(Unknown Source)
	at org.apache.derby.impl.jdbc.EmbedStatement.executeLargeUpdate(Unknown Source)
	at org.apache.derby.impl.jdbc.EmbedStatement.executeUpdate(Unknown Source)
	at com.zaxxer.hikari.pool.ProxyStatement.executeUpdate(ProxyStatement.java:117)
	at com.zaxxer.hikari.pool.HikariProxyStatement.executeUpdate(HikariProxyStatement.java)
	at org.apache.hadoop.hive.metastore.txn.TxnHandler.heartbeatTxn(TxnHandler.java:5125)
	at org.apache.hadoop.hive.metastore.txn.TxnHandler.heartbeat(TxnHandler.java:3429)
	at org.apache.hadoop.hive.metastore.HMSHandler.heartbeat(HMSHandler.java:8959)
	at sun.reflect.GeneratedMethodAccessor204.invoke(Unknown Source)
	at sun.reflect.DelegatingMethodAccessorImpl.invoke(DelegatingMethodAccessorImpl.java:43)
	at java.lang.reflect.Method.invoke(Method.java:498)
	at org.apache.hadoop.hive.metastore.RetryingHMSHandler.invokeInternal(RetryingHMSHandler.java:147)
	at org.apache.hadoop.hive.metastore.RetryingHMSHandler.invoke(RetryingHMSHandler.java:108)
	at com.sun.proxy.$Proxy40.heartbeat(Unknown Source)
	at org.apache.hadoop.hive.metastore.HiveMetaStoreClient.heartbeat(HiveMetaStoreClient.java:4088)
	at sun.reflect.GeneratedMethodAccessor203.invoke(Unknown Source)
	at sun.reflect.DelegatingMethodAccessorImpl.invoke(DelegatingMethodAccessorImpl.java:43)
	at java.lang.reflect.Method.invoke(Method.java:498)
	at org.apache.hadoop.hive.metastore.RetryingMetaStoreClient.invoke(RetryingMetaStoreClient.java:218)
	at com.sun.proxy.$Proxy41.heartbeat(Unknown Source)
	at org.apache.hadoop.hive.ql.lockmgr.DbTxnManager.heartbeat(DbTxnManager.java:647)
	at org.apache.hadoop.hive.ql.lockmgr.DbTxnManager$Heartbeater.lambda$run$0(DbTxnManager.java:1101)
	at java.security.AccessController.doPrivileged(Native Method)
	at javax.security.auth.Subject.doAs(Subject.java:422)
	at org.apache.hadoop.security.UserGroupInformation.doAs(UserGroupInformation.java:1682)
	at org.apache.hadoop.hive.ql.lockmgr.DbTxnManager$Heartbeater.run(DbTxnManager.java:1100)
	at java.util.concurrent.Executors$RunnableAdapter.call(Executors.java:511)
	at java.util.concurrent.FutureTask.runAndReset(FutureTask.java:308)
	at java.util.concurrent.ScheduledThreadPoolExecutor$ScheduledFutureTask.access$301(ScheduledThreadPoolExecutor.java:180)
	at java.util.concurrent.ScheduledThreadPoolExecutor$ScheduledFutureTask.run(ScheduledThreadPoolExecutor.java:294)
	at java.util.concurrent.ThreadPoolExecutor.runWorker(ThreadPoolExecutor.java:1149)
	at java.util.concurrent.ThreadPoolExecutor$Worker.run(ThreadPoolExecutor.java:624)
	at java.lang.Thread.run(Thread.java:750)
Caused by: ERROR 08000: Connection closed by unknown interrupt.
	at org.apache.derby.iapi.error.StandardException.newException(Unknown Source)
	at org.apache.derby.iapi.error.StandardException.newException(Unknown Source)
	at org.apache.derby.iapi.util.InterruptStatus.setInterrupted(Unknown Source)
	at org.apache.derby.iapi.util.InterruptStatus.throwIf(Unknown Source)
	at org.apache.derby.impl.sql.execute.BasicNoPutResultSetImpl.checkCancellationFlag(Unknown Source)
	at org.apache.derby.impl.sql.execute.TableScanResultSet.getNextRowCore(Unknown Source)
	at org.apache.derby.impl.sql.execute.IndexRowToBaseRowResultSet.getNextRowCore(Unknown Source)
	at org.apache.derby.impl.sql.execute.ProjectRestrictResultSet.getNextRowCore(Unknown Source)
	at org.apache.derby.impl.sql.execute.ProjectRestrictResultSet.getNextRowCore(Unknown Source)
	at org.apache.derby.impl.sql.execute.NormalizeResultSet.getNextRowCore(Unknown Source)
	at org.apache.derby.impl.sql.execute.DMLWriteResultSet.getNextRowCore(Unknown Source)
	at org.apache.derby.impl.sql.execute.UpdateResultSet.getNextRowCore(Unknown Source)
	at org.apache.derby.impl.sql.execute.UpdateResultSet.collectAffectedRows(Unknown Source)
	at org.apache.derby.impl.sql.execute.UpdateResultSet.open(Unknown Source)
	at org.apache.derby.impl.sql.GenericPreparedStatement.executeStmt(Unknown Source)
	at org.apache.derby.impl.sql.GenericPreparedStatement.execute(Unknown Source)
	... 34 more
)
	at org.apache.hadoop.hive.metastore.txn.TxnHandler.heartbeat(TxnHandler.java:3435)
	at org.apache.hadoop.hive.metastore.HMSHandler.heartbeat(HMSHandler.java:8959)
	at sun.reflect.GeneratedMethodAccessor204.invoke(Unknown Source)
	at sun.reflect.DelegatingMethodAccessorImpl.invoke(DelegatingMethodAccessorImpl.java:43)
	at java.lang.reflect.Method.invoke(Method.java:498)
	at org.apache.hadoop.hive.metastore.RetryingHMSHandler.invokeInternal(RetryingHMSHandler.java:147)
	at org.apache.hadoop.hive.metastore.RetryingHMSHandler.invoke(RetryingHMSHandler.java:108)
	at com.sun.proxy.$Proxy40.heartbeat(Unknown Source)
	at org.apache.hadoop.hive.metastore.HiveMetaStoreClient.heartbeat(HiveMetaStoreClient.java:4088)
	at sun.reflect.GeneratedMethodAccessor203.invoke(Unknown Source)
	at sun.reflect.DelegatingMethodAccessorImpl.invoke(DelegatingMethodAccessorImpl.java:43)
	at java.lang.reflect.Method.invoke(Method.java:498)
	at org.apache.hadoop.hive.metastore.RetryingMetaStoreClient.invoke(RetryingMetaStoreClient.java:218)
	at com.sun.proxy.$Proxy41.heartbeat(Unknown Source)
	at org.apache.hadoop.hive.ql.lockmgr.DbTxnManager.heartbeat(DbTxnManager.java:647)
	at org.apache.hadoop.hive.ql.lockmgr.DbTxnManager$Heartbeater.lambda$run$0(DbTxnManager.java:1101)
	at java.security.AccessController.doPrivileged(Native Method)
	at javax.security.auth.Subject.doAs(Subject.java:422)
	at org.apache.hadoop.security.UserGroupInformation.doAs(UserGroupInformation.java:1682)
	at org.apache.hadoop.hive.ql.lockmgr.DbTxnManager$Heartbeater.run(DbTxnManager.java:1100)
	at java.util.concurrent.Executors$RunnableAdapter.call(Executors.java:511)
	at java.util.concurrent.FutureTask.runAndReset(FutureTask.java:308)
	at java.util.concurrent.ScheduledThreadPoolExecutor$ScheduledFutureTask.access$301(ScheduledThreadPoolExecutor.java:180)
	at java.util.concurrent.ScheduledThreadPoolExecutor$ScheduledFutureTask.run(ScheduledThreadPoolExecutor.java:294)
	at java.util.concurrent.ThreadPoolExecutor.runWorker(ThreadPoolExecutor.java:1149)
	at java.util.concurrent.ThreadPoolExecutor$Worker.run(ThreadPoolExecutor.java:624)
	at java.lang.Thread.run(Thread.java:750)

2024-04-24T01:11:23,859  INFO [Heartbeater-0] lockmgr.DbTxnManager: Sending heartbeat for txnid:18 and lockid:0 queryId=null txnid:0
2024-04-24T01:11:23,860  INFO [Heartbeater-0] lockmgr.DbTxnManager: Sending heartbeat for txnid:18 and lockid:0 queryId=null txnid:0
2024-04-24T01:11:23,861  INFO [main] metastore.HMSHandler: Skipping translation for processor with null
2024-04-24T01:11:23,861  INFO [main] ql.Driver: Semantic Analysis Completed (retrial = false)
2024-04-24T01:11:23,861  INFO [main] ql.Driver: Created Hive schema: Schema(fieldSchemas:null, properties:null)
2024-04-24T01:11:23,861  INFO [main] metadata.Hive: Dumping metastore api call timing information for : compilation phase
2024-04-24T01:11:23,861  INFO [main] metadata.Hive: Total time spent in each metastore function (ms): {isCompatibleWith_(Configuration)=0, getTable_(GetTableRequest)=15, getValidTxns_(long)=1, openTxn_(String, TxnType)=3, commitTxn_(CommitTxnRequest)=19, flushCache_()=0}
2024-04-24T01:11:23,861  INFO [main] ql.Driver: Completed compiling command(queryId=alex_20240424011123_ddfa3eca-76ac-467c-8b94-9fff63545156); Time taken: 0.02 seconds
2024-04-24T01:11:23,862  INFO [Heartbeater-0] lockmgr.DbTxnManager: Sending heartbeat for txnid:18 and lockid:0 queryId=null txnid:0
2024-04-24T01:11:23,862  INFO [main] lockmgr.DbTxnManager: Setting lock request transaction to txnid:18 for queryId=alex_20240424011123_ddfa3eca-76ac-467c-8b94-9fff63545156
2024-04-24T01:11:23,862  INFO [Heartbeater-0] lockmgr.DbTxnManager: Sending heartbeat for txnid:18 and lockid:0 queryId=null txnid:0
2024-04-24T01:11:23,862  INFO [main] lockmgr.DbLockManager: Requesting lock for queryId=alex_20240424011123_ddfa3eca-76ac-467c-8b94-9fff63545156
2024-04-24T01:11:23,863  INFO [Heartbeater-0] lockmgr.DbTxnManager: Sending heartbeat for txnid:18 and lockid:0 queryId=null txnid:0
2024-04-24T01:11:23,864  INFO [Heartbeater-0] lockmgr.DbTxnManager: Sending heartbeat for txnid:18 and lockid:0 queryId=null txnid:0
2024-04-24T01:11:23,859 ERROR [Heartbeater-4] lockmgr.DbTxnManager: Failed trying to heartbeat queryId=null, currentUser: alex (auth:SIMPLE): null
java.lang.reflect.UndeclaredThrowableException: null
	at org.apache.hadoop.security.UserGroupInformation.doAs(UserGroupInformation.java:1700) ~[hadoop-common-3.1.0.jar:?]
	at org.apache.hadoop.hive.ql.lockmgr.DbTxnManager$Heartbeater.run(DbTxnManager.java:1100) [classes/:?]
	at java.util.concurrent.Executors$RunnableAdapter.call(Executors.java:511) [?:1.8.0_402]
	at java.util.concurrent.FutureTask.runAndReset(FutureTask.java:308) [?:1.8.0_402]
	at java.util.concurrent.ScheduledThreadPoolExecutor$ScheduledFutureTask.access$301(ScheduledThreadPoolExecutor.java:180) [?:1.8.0_402]
	at java.util.concurrent.ScheduledThreadPoolExecutor$ScheduledFutureTask.run(ScheduledThreadPoolExecutor.java:294) [?:1.8.0_402]
	at java.util.concurrent.ThreadPoolExecutor.runWorker(ThreadPoolExecutor.java:1149) [?:1.8.0_402]
	at java.util.concurrent.ThreadPoolExecutor$Worker.run(ThreadPoolExecutor.java:624) [?:1.8.0_402]
	at java.lang.Thread.run(Thread.java:750) [?:1.8.0_402]
Caused by: org.apache.hadoop.hive.ql.lockmgr.LockException: Error communicating with the metastore(txnid:18,lockid:0 queryId=null txnid:0)
	at org.apache.hadoop.hive.ql.lockmgr.DbTxnManager.heartbeat(DbTxnManager.java:661) ~[classes/:?]
	at org.apache.hadoop.hive.ql.lockmgr.DbTxnManager$Heartbeater.lambda$run$0(DbTxnManager.java:1101) ~[classes/:?]
	at java.security.AccessController.doPrivileged(Native Method) ~[?:1.8.0_402]
	at javax.security.auth.Subject.doAs(Subject.java:422) ~[?:1.8.0_402]
	at org.apache.hadoop.security.UserGroupInformation.doAs(UserGroupInformation.java:1682) ~[hadoop-common-3.1.0.jar:?]
	... 8 more
Caused by: org.apache.hadoop.hive.metastore.api.MetaException: Unable to select from transaction database java.sql.SQLNonTransientConnectionException: Connection closed by unknown interrupt.
	at org.apache.derby.impl.jdbc.SQLExceptionFactory.getSQLException(Unknown Source)
	at org.apache.derby.impl.jdbc.Util.generateCsSQLException(Unknown Source)
	at org.apache.derby.impl.jdbc.TransactionResourceImpl.wrapInSQLException(Unknown Source)
	at org.apache.derby.impl.jdbc.TransactionResourceImpl.handleException(Unknown Source)
	at org.apache.derby.impl.jdbc.EmbedConnection.handleException(Unknown Source)
	at org.apache.derby.impl.jdbc.ConnectionChild.handleException(Unknown Source)
	at org.apache.derby.impl.jdbc.EmbedStatement.executeStatement(Unknown Source)
	at org.apache.derby.impl.jdbc.EmbedStatement.execute(Unknown Source)
	at org.apache.derby.impl.jdbc.EmbedStatement.executeLargeUpdate(Unknown Source)
	at org.apache.derby.impl.jdbc.EmbedStatement.executeUpdate(Unknown Source)
	at com.zaxxer.hikari.pool.ProxyStatement.executeUpdate(ProxyStatement.java:117)
	at com.zaxxer.hikari.pool.HikariProxyStatement.executeUpdate(HikariProxyStatement.java)
	at org.apache.hadoop.hive.metastore.txn.TxnHandler.heartbeatTxn(TxnHandler.java:5125)
	at org.apache.hadoop.hive.metastore.txn.TxnHandler.heartbeat(TxnHandler.java:3429)
	at org.apache.hadoop.hive.metastore.HMSHandler.heartbeat(HMSHandler.java:8959)
	at sun.reflect.GeneratedMethodAccessor204.invoke(Unknown Source)
	at sun.reflect.DelegatingMethodAccessorImpl.invoke(DelegatingMethodAccessorImpl.java:43)
	at java.lang.reflect.Method.invoke(Method.java:498)
	at org.apache.hadoop.hive.metastore.RetryingHMSHandler.invokeInternal(RetryingHMSHandler.java:147)
	at org.apache.hadoop.hive.metastore.RetryingHMSHandler.invoke(RetryingHMSHandler.java:108)
	at com.sun.proxy.$Proxy40.heartbeat(Unknown Source)
	at org.apache.hadoop.hive.metastore.HiveMetaStoreClient.heartbeat(HiveMetaStoreClient.java:4088)
	at sun.reflect.GeneratedMethodAccessor203.invoke(Unknown Source)
	at sun.reflect.DelegatingMethodAccessorImpl.invoke(DelegatingMethodAccessorImpl.java:43)
	at java.lang.reflect.Method.invoke(Method.java:498)
	at org.apache.hadoop.hive.metastore.RetryingMetaStoreClient.invoke(RetryingMetaStoreClient.java:218)
	at com.sun.proxy.$Proxy41.heartbeat(Unknown Source)
	at org.apache.hadoop.hive.ql.lockmgr.DbTxnManager.heartbeat(DbTxnManager.java:647)
	at org.apache.hadoop.hive.ql.lockmgr.DbTxnManager$Heartbeater.lambda$run$0(DbTxnManager.java:1101)
	at java.security.AccessController.doPrivileged(Native Method)
	at javax.security.auth.Subject.doAs(Subject.java:422)
	at org.apache.hadoop.security.UserGroupInformation.doAs(UserGroupInformation.java:1682)
	at org.apache.hadoop.hive.ql.lockmgr.DbTxnManager$Heartbeater.run(DbTxnManager.java:1100)
	at java.util.concurrent.Executors$RunnableAdapter.call(Executors.java:511)
	at java.util.concurrent.FutureTask.runAndReset(FutureTask.java:308)
	at java.util.concurrent.ScheduledThreadPoolExecutor$ScheduledFutureTask.access$301(ScheduledThreadPoolExecutor.java:180)
	at java.util.concurrent.ScheduledThreadPoolExecutor$ScheduledFutureTask.run(ScheduledThreadPoolExecutor.java:294)
	at java.util.concurrent.ThreadPoolExecutor.runWorker(ThreadPoolExecutor.java:1149)
	at java.util.concurrent.ThreadPoolExecutor$Worker.run(ThreadPoolExecutor.java:624)
	at java.lang.Thread.run(Thread.java:750)
Caused by: ERROR 08000: Connection closed by unknown interrupt.
	at org.apache.derby.iapi.error.StandardException.newException(Unknown Source)
	at org.apache.derby.iapi.error.StandardException.newException(Unknown Source)
	at org.apache.derby.iapi.util.InterruptStatus.setInterrupted(Unknown Source)
	at org.apache.derby.iapi.util.InterruptStatus.throwIf(Unknown Source)
	at org.apache.derby.impl.sql.execute.BasicNoPutResultSetImpl.checkCancellationFlag(Unknown Source)
	at org.apache.derby.impl.sql.execute.TableScanResultSet.getNextRowCore(Unknown Source)
	at org.apache.derby.impl.sql.execute.IndexRowToBaseRowResultSet.getNextRowCore(Unknown Source)
	at org.apache.derby.impl.sql.execute.ProjectRestrictResultSet.getNextRowCore(Unknown Source)
	at org.apache.derby.impl.sql.execute.ProjectRestrictResultSet.getNextRowCore(Unknown Source)
	at org.apache.derby.impl.sql.execute.NormalizeResultSet.getNextRowCore(Unknown Source)
	at org.apache.derby.impl.sql.execute.DMLWriteResultSet.getNextRowCore(Unknown Source)
	at org.apache.derby.impl.sql.execute.UpdateResultSet.getNextRowCore(Unknown Source)
	at org.apache.derby.impl.sql.execute.UpdateResultSet.collectAffectedRows(Unknown Source)
	at org.apache.derby.impl.sql.execute.UpdateResultSet.open(Unknown Source)
	at org.apache.derby.impl.sql.GenericPreparedStatement.executeStmt(Unknown Source)
	at org.apache.derby.impl.sql.GenericPreparedStatement.execute(Unknown Source)
	... 34 more

	at org.apache.hadoop.hive.metastore.txn.TxnHandler.heartbeat(TxnHandler.java:3435) ~[classes/:?]
	at org.apache.hadoop.hive.metastore.HMSHandler.heartbeat(HMSHandler.java:8959) ~[classes/:?]
	at sun.reflect.GeneratedMethodAccessor204.invoke(Unknown Source) ~[?:?]
	at sun.reflect.DelegatingMethodAccessorImpl.invoke(DelegatingMethodAccessorImpl.java:43) ~[?:1.8.0_402]
	at java.lang.reflect.Method.invoke(Method.java:498) ~[?:1.8.0_402]
	at org.apache.hadoop.hive.metastore.RetryingHMSHandler.invokeInternal(RetryingHMSHandler.java:147) ~[classes/:?]
	at org.apache.hadoop.hive.metastore.RetryingHMSHandler.invoke(RetryingHMSHandler.java:108) ~[classes/:?]
	at com.sun.proxy.$Proxy40.heartbeat(Unknown Source) ~[?:?]
	at org.apache.hadoop.hive.metastore.HiveMetaStoreClient.heartbeat(HiveMetaStoreClient.java:4088) ~[classes/:?]
	at sun.reflect.GeneratedMethodAccessor203.invoke(Unknown Source) ~[?:?]
	at sun.reflect.DelegatingMethodAccessorImpl.invoke(DelegatingMethodAccessorImpl.java:43) ~[?:1.8.0_402]
	at java.lang.reflect.Method.invoke(Method.java:498) ~[?:1.8.0_402]
	at org.apache.hadoop.hive.metastore.RetryingMetaStoreClient.invoke(RetryingMetaStoreClient.java:218) ~[classes/:?]
	at com.sun.proxy.$Proxy41.heartbeat(Unknown Source) ~[?:?]
	at org.apache.hadoop.hive.ql.lockmgr.DbTxnManager.heartbeat(DbTxnManager.java:647) ~[classes/:?]
	at org.apache.hadoop.hive.ql.lockmgr.DbTxnManager$Heartbeater.lambda$run$0(DbTxnManager.java:1101) ~[classes/:?]
	at java.security.AccessController.doPrivileged(Native Method) ~[?:1.8.0_402]
	at javax.security.auth.Subject.doAs(Subject.java:422) ~[?:1.8.0_402]
	at org.apache.hadoop.security.UserGroupInformation.doAs(UserGroupInformation.java:1682) ~[hadoop-common-3.1.0.jar:?]
	... 8 more
2024-04-24T01:11:23,865  INFO [Heartbeater-0] lockmgr.DbTxnManager: Sending heartbeat for txnid:18 and lockid:0 queryId=null txnid:0
2024-04-24T01:11:23,866  INFO [Heartbeater-0] lockmgr.DbTxnManager: Sending heartbeat for txnid:18 and lockid:0 queryId=null txnid:0
2024-04-24T01:11:23,867  INFO [Heartbeater-0] lockmgr.DbTxnManager: Sending heartbeat for txnid:18 and lockid:0 queryId=null txnid:0
2024-04-24T01:11:23,868  INFO [Heartbeater-0] lockmgr.DbTxnManager: Sending heartbeat for txnid:18 and lockid:0 queryId=null txnid:0
2024-04-24T01:11:23,869  INFO [Heartbeater-0] lockmgr.DbTxnManager: Sending heartbeat for txnid:18 and lockid:0 queryId=null txnid:0
2024-04-24T01:11:23,870  INFO [Heartbeater-0] lockmgr.DbTxnManager: Sending heartbeat for txnid:18 and lockid:0 queryId=null txnid:0
2024-04-24T01:11:23,871  INFO [Heartbeater-0] lockmgr.DbTxnManager: Sending heartbeat for txnid:18 and lockid:0 queryId=null txnid:0
2024-04-24T01:11:23,872  INFO [Heartbeater-0] lockmgr.DbTxnManager: Sending heartbeat for txnid:18 and lockid:0 queryId=null txnid:0
2024-04-24T01:11:23,873  INFO [Heartbeater-0] lockmgr.DbTxnManager: Sending heartbeat for txnid:18 and lockid:0 queryId=null txnid:0
2024-04-24T01:11:23,874  INFO [Heartbeater-0] lockmgr.DbTxnManager: Sending heartbeat for txnid:18 and lockid:0 queryId=null txnid:0
2024-04-24T01:11:23,875  INFO [Heartbeater-0] lockmgr.DbTxnManager: Sending heartbeat for txnid:18 and lockid:0 queryId=null txnid:0
2024-04-24T01:11:23,876  INFO [Heartbeater-0] lockmgr.DbTxnManager: Sending heartbeat for txnid:18 and lockid:0 queryId=null txnid:0
2024-04-24T01:11:23,877  INFO [Heartbeater-0] lockmgr.DbTxnManager: Sending heartbeat for txnid:18 and lockid:0 queryId=null txnid:0
2024-04-24T01:11:23,878  INFO [Heartbeater-0] lockmgr.DbTxnManager: Sending heartbeat for txnid:18 and lockid:0 queryId=null txnid:0
2024-04-24T01:11:23,879  INFO [Heartbeater-0] lockmgr.DbTxnManager: Sending heartbeat for txnid:18 and lockid:0 queryId=null txnid:0
2024-04-24T01:11:23,880  INFO [Heartbeater-0] lockmgr.DbTxnManager: Sending heartbeat for txnid:18 and lockid:0 queryId=null txnid:0
2024-04-24T01:11:23,881  INFO [Heartbeater-0] lockmgr.DbTxnManager: Sending heartbeat for txnid:18 and lockid:0 queryId=null txnid:0
2024-04-24T01:11:23,882  INFO [Heartbeater-0] lockmgr.DbTxnManager: Sending heartbeat for txnid:18 and lockid:0 queryId=null txnid:0
2024-04-24T01:11:23,883  INFO [Heartbeater-0] lockmgr.DbTxnManager: Sending heartbeat for txnid:18 and lockid:0 queryId=null txnid:0
2024-04-24T01:11:23,884  INFO [Heartbeater-0] lockmgr.DbTxnManager: Sending heartbeat for txnid:18 and lockid:0 queryId=null txnid:0
2024-04-24T01:11:23,885  INFO [Heartbeater-0] lockmgr.DbTxnManager: Sending heartbeat for txnid:18 and lockid:0 queryId=null txnid:0
2024-04-24T01:11:23,885  INFO [main] lockmgr.DbLockManager: Response to queryId=alex_20240424011123_ddfa3eca-76ac-467c-8b94-9fff63545156 LockResponse(lockid:11, state:ACQUIRED)
2024-04-24T01:11:23,886  INFO [main] ql.Driver: Operation DROPTABLE obtained 1 locks
2024-04-24T01:11:23,886  INFO [main] ql.Driver: Executing command(queryId=alex_20240424011123_ddfa3eca-76ac-467c-8b94-9fff63545156): drop table if exists nonAcidOrcTbl2
2024-04-24T01:11:23,886  INFO [main] ql.Driver: Starting task [Stage-0:DDL] in serial mode
2024-04-24T01:11:23,886  INFO [main] HiveMetaStore.audit: ugi=alex	ip=unknown-ip-addr	cmd=get_table : tbl=hive.default.nonAcidOrcTbl2	
2024-04-24T01:11:23,886  INFO [Heartbeater-0] lockmgr.DbTxnManager: Sending heartbeat for txnid:18 and lockid:0 queryId=null txnid:0
2024-04-24T01:11:23,887  INFO [Heartbeater-0] lockmgr.DbTxnManager: Sending heartbeat for txnid:18 and lockid:0 queryId=null txnid:0
2024-04-24T01:11:23,888  INFO [Heartbeater-0] lockmgr.DbTxnManager: Sending heartbeat for txnid:18 and lockid:0 queryId=null txnid:0
2024-04-24T01:11:23,889  INFO [Heartbeater-0] lockmgr.DbTxnManager: Sending heartbeat for txnid:18 and lockid:0 queryId=null txnid:0
2024-04-24T01:11:23,890  INFO [Heartbeater-0] lockmgr.DbTxnManager: Sending heartbeat for txnid:18 and lockid:0 queryId=null txnid:0
2024-04-24T01:11:23,891  INFO [Heartbeater-0] lockmgr.DbTxnManager: Sending heartbeat for txnid:18 and lockid:0 queryId=null txnid:0
2024-04-24T01:11:23,892  INFO [Heartbeater-0] lockmgr.DbTxnManager: Sending heartbeat for txnid:18 and lockid:0 queryId=null txnid:0
2024-04-24T01:11:23,893  INFO [Heartbeater-0] lockmgr.DbTxnManager: Sending heartbeat for txnid:18 and lockid:0 queryId=null txnid:0
2024-04-24T01:11:23,894  INFO [Heartbeater-0] lockmgr.DbTxnManager: Sending heartbeat for txnid:18 and lockid:0 queryId=null txnid:0
2024-04-24T01:11:23,895  INFO [Heartbeater-0] lockmgr.DbTxnManager: Sending heartbeat for txnid:18 and lockid:0 queryId=null txnid:0
2024-04-24T01:11:23,896  INFO [Heartbeater-0] lockmgr.DbTxnManager: Sending heartbeat for txnid:18 and lockid:0 queryId=null txnid:0
2024-04-24T01:11:23,897  INFO [Heartbeater-0] lockmgr.DbTxnManager: Sending heartbeat for txnid:18 and lockid:0 queryId=null txnid:0
2024-04-24T01:11:23,898  INFO [main] metastore.HMSHandler: Skipping translation for processor with null
2024-04-24T01:11:23,898  INFO [main] HiveMetaStore.audit: ugi=alex	ip=unknown-ip-addr	cmd=get_table : tbl=hive.default.nonAcidOrcTbl2	
2024-04-24T01:11:23,898  INFO [Heartbeater-0] lockmgr.DbTxnManager: Sending heartbeat for txnid:18 and lockid:0 queryId=null txnid:0
2024-04-24T01:11:23,899  INFO [Heartbeater-0] lockmgr.DbTxnManager: Sending heartbeat for txnid:18 and lockid:0 queryId=null txnid:0
2024-04-24T01:11:23,900  INFO [Heartbeater-0] lockmgr.DbTxnManager: Sending heartbeat for txnid:18 and lockid:0 queryId=null txnid:0
2024-04-24T01:11:23,901  INFO [Heartbeater-0] lockmgr.DbTxnManager: Sending heartbeat for txnid:18 and lockid:0 queryId=null txnid:0
2024-04-24T01:11:23,902  INFO [Heartbeater-0] lockmgr.DbTxnManager: Sending heartbeat for txnid:18 and lockid:0 queryId=null txnid:0
2024-04-24T01:11:23,903  INFO [Heartbeater-0] lockmgr.DbTxnManager: Sending heartbeat for txnid:18 and lockid:0 queryId=null txnid:0
2024-04-24T01:11:23,904  INFO [Heartbeater-0] lockmgr.DbTxnManager: Sending heartbeat for txnid:18 and lockid:0 queryId=null txnid:0
2024-04-24T01:11:23,905  INFO [Heartbeater-0] lockmgr.DbTxnManager: Sending heartbeat for txnid:18 and lockid:0 queryId=null txnid:0
2024-04-24T01:11:23,906  INFO [Heartbeater-0] lockmgr.DbTxnManager: Sending heartbeat for txnid:18 and lockid:0 queryId=null txnid:0
2024-04-24T01:11:23,907  INFO [Heartbeater-0] lockmgr.DbTxnManager: Sending heartbeat for txnid:18 and lockid:0 queryId=null txnid:0
2024-04-24T01:11:23,908  INFO [Heartbeater-0] lockmgr.DbTxnManager: Sending heartbeat for txnid:18 and lockid:0 queryId=null txnid:0
2024-04-24T01:11:23,909  INFO [Heartbeater-0] lockmgr.DbTxnManager: Sending heartbeat for txnid:18 and lockid:0 queryId=null txnid:0
2024-04-24T01:11:23,910  INFO [main] metastore.HMSHandler: Skipping translation for processor with null
2024-04-24T01:11:23,910  INFO [Heartbeater-0] lockmgr.DbTxnManager: Sending heartbeat for txnid:18 and lockid:0 queryId=null txnid:0
2024-04-24T01:11:23,910  INFO [main] HiveMetaStore.audit: ugi=alex	ip=unknown-ip-addr	cmd=drop_table : tbl=hive.default.nonAcidOrcTbl2	
2024-04-24T01:11:23,911  INFO [Heartbeater-0] lockmgr.DbTxnManager: Sending heartbeat for txnid:18 and lockid:0 queryId=null txnid:0
2024-04-24T01:11:23,912  INFO [Heartbeater-0] lockmgr.DbTxnManager: Sending heartbeat for txnid:18 and lockid:0 queryId=null txnid:0
2024-04-24T01:11:23,913  INFO [Heartbeater-0] lockmgr.DbTxnManager: Sending heartbeat for txnid:18 and lockid:0 queryId=null txnid:0
2024-04-24T01:11:23,914  INFO [Heartbeater-0] lockmgr.DbTxnManager: Sending heartbeat for txnid:18 and lockid:0 queryId=null txnid:0
2024-04-24T01:11:23,915  INFO [Heartbeater-0] lockmgr.DbTxnManager: Sending heartbeat for txnid:18 and lockid:0 queryId=null txnid:0
2024-04-24T01:11:23,916  INFO [Heartbeater-0] lockmgr.DbTxnManager: Sending heartbeat for txnid:18 and lockid:0 queryId=null txnid:0
2024-04-24T01:11:23,917  INFO [Heartbeater-0] lockmgr.DbTxnManager: Sending heartbeat for txnid:18 and lockid:0 queryId=null txnid:0
2024-04-24T01:11:23,918  INFO [Heartbeater-0] lockmgr.DbTxnManager: Sending heartbeat for txnid:18 and lockid:0 queryId=null txnid:0
2024-04-24T01:11:23,919  INFO [Heartbeater-0] lockmgr.DbTxnManager: Sending heartbeat for txnid:18 and lockid:0 queryId=null txnid:0
2024-04-24T01:11:23,920  INFO [Heartbeater-0] lockmgr.DbTxnManager: Sending heartbeat for txnid:18 and lockid:0 queryId=null txnid:0
2024-04-24T01:11:23,921  INFO [Heartbeater-0] lockmgr.DbTxnManager: Sending heartbeat for txnid:18 and lockid:0 queryId=null txnid:0
2024-04-24T01:11:23,922  INFO [Heartbeater-0] lockmgr.DbTxnManager: Sending heartbeat for txnid:18 and lockid:0 queryId=null txnid:0
2024-04-24T01:11:23,923  INFO [Heartbeater-0] lockmgr.DbTxnManager: Sending heartbeat for txnid:18 and lockid:0 queryId=null txnid:0
2024-04-24T01:11:23,924  INFO [Heartbeater-0] lockmgr.DbTxnManager: Sending heartbeat for txnid:18 and lockid:0 queryId=null txnid:0
2024-04-24T01:11:23,925  INFO [Heartbeater-0] lockmgr.DbTxnManager: Sending heartbeat for txnid:18 and lockid:0 queryId=null txnid:0
2024-04-24T01:11:23,926  INFO [Heartbeater-0] lockmgr.DbTxnManager: Sending heartbeat for txnid:18 and lockid:0 queryId=null txnid:0
2024-04-24T01:11:23,927  INFO [Heartbeater-0] lockmgr.DbTxnManager: Sending heartbeat for txnid:18 and lockid:0 queryId=null txnid:0
2024-04-24T01:11:23,928  INFO [Heartbeater-0] lockmgr.DbTxnManager: Sending heartbeat for txnid:18 and lockid:0 queryId=null txnid:0
2024-04-24T01:11:23,929  INFO [Heartbeater-0] lockmgr.DbTxnManager: Sending heartbeat for txnid:18 and lockid:0 queryId=null txnid:0
2024-04-24T01:11:23,930  INFO [Heartbeater-0] lockmgr.DbTxnManager: Sending heartbeat for txnid:18 and lockid:0 queryId=null txnid:0
2024-04-24T01:11:23,931  INFO [Heartbeater-0] lockmgr.DbTxnManager: Sending heartbeat for txnid:18 and lockid:0 queryId=null txnid:0
2024-04-24T01:11:23,932  INFO [Heartbeater-0] lockmgr.DbTxnManager: Sending heartbeat for txnid:18 and lockid:0 queryId=null txnid:0
2024-04-24T01:11:23,933  INFO [Heartbeater-0] lockmgr.DbTxnManager: Sending heartbeat for txnid:18 and lockid:0 queryId=null txnid:0
2024-04-24T01:11:23,934  INFO [Heartbeater-0] lockmgr.DbTxnManager: Sending heartbeat for txnid:18 and lockid:0 queryId=null txnid:0
2024-04-24T01:11:23,935  INFO [Heartbeater-0] lockmgr.DbTxnManager: Sending heartbeat for txnid:18 and lockid:0 queryId=null txnid:0
2024-04-24T01:11:23,936  INFO [Heartbeater-0] lockmgr.DbTxnManager: Sending heartbeat for txnid:18 and lockid:0 queryId=null txnid:0
2024-04-24T01:11:23,937  INFO [Heartbeater-0] lockmgr.DbTxnManager: Sending heartbeat for txnid:18 and lockid:0 queryId=null txnid:0
2024-04-24T01:11:23,938  INFO [Heartbeater-0] lockmgr.DbTxnManager: Sending heartbeat for txnid:18 and lockid:0 queryId=null txnid:0
2024-04-24T01:11:23,939  INFO [Heartbeater-0] lockmgr.DbTxnManager: Sending heartbeat for txnid:18 and lockid:0 queryId=null txnid:0
2024-04-24T01:11:23,940  INFO [Heartbeater-0] lockmgr.DbTxnManager: Sending heartbeat for txnid:18 and lockid:0 queryId=null txnid:0
2024-04-24T01:11:23,941  INFO [Heartbeater-3] lockmgr.DbTxnManager: Sending heartbeat for txnid:18 and lockid:0 queryId=null txnid:0
2024-04-24T01:11:23,942  INFO [Heartbeater-3] lockmgr.DbTxnManager: Sending heartbeat for txnid:18 and lockid:0 queryId=null txnid:0
2024-04-24T01:11:23,943  INFO [Heartbeater-3] lockmgr.DbTxnManager: Sending heartbeat for txnid:18 and lockid:0 queryId=null txnid:0
2024-04-24T01:11:23,944  INFO [Heartbeater-3] lockmgr.DbTxnManager: Sending heartbeat for txnid:18 and lockid:0 queryId=null txnid:0
2024-04-24T01:11:23,945  INFO [Heartbeater-3] lockmgr.DbTxnManager: Sending heartbeat for txnid:18 and lockid:0 queryId=null txnid:0
2024-04-24T01:11:23,946  INFO [Heartbeater-3] lockmgr.DbTxnManager: Sending heartbeat for txnid:18 and lockid:0 queryId=null txnid:0
2024-04-24T01:11:23,947  INFO [Heartbeater-2] lockmgr.DbTxnManager: Sending heartbeat for txnid:18 and lockid:0 queryId=null txnid:0
2024-04-24T01:11:23,948  INFO [main] metadata.Hive: Dumping metastore api call timing information for : execution phase
2024-04-24T01:11:23,948  INFO [main] metadata.Hive: Total time spent in each metastore function (ms): {getTable_(GetTableRequest)=12, dropTable_(String, String, boolean, boolean, boolean)=50, isCompatibleWith_(Configuration)=0}
2024-04-24T01:11:23,948  INFO [Heartbeater-2] lockmgr.DbTxnManager: Sending heartbeat for txnid:18 and lockid:0 queryId=null txnid:0
2024-04-24T01:11:23,948  INFO [main] ql.Driver: Completed executing command(queryId=alex_20240424011123_ddfa3eca-76ac-467c-8b94-9fff63545156); Time taken: 0.062 seconds
2024-04-24T01:11:23,948  INFO [main] lockmgr.DbTxnManager: Stopped heartbeat for query: alex_20240424011123_ddfa3eca-76ac-467c-8b94-9fff63545156
2024-04-24T01:11:23,955  INFO [main] txn.TxnHandler: Expected to move at least one record from txn_components to completed_txn_components when committing txn! txnid:18
2024-04-24T01:11:23,967  INFO [main] txn.TxnHandler: Removed transactions: ([18]) from MIN_HISTORY_LEVEL
2024-04-24T01:11:23,967  WARN [main] txn.CompactionTxnHandler: No compaction queue record found for Compaction type transaction commit. txnId:18
2024-04-24T01:11:23,969  INFO [main] ql.TxnCommandsBaseForTests: Running the query: drop table if exists nonAcidNonBucket
2024-04-24T01:11:23,969  INFO [main] ql.Driver: Compiling command(queryId=alex_20240424011123_4b49f64a-c9c4-4625-b3b7-9b643efcdd46): drop table if exists nonAcidNonBucket
2024-04-24T01:11:23,973  INFO [main] txn.TxnHandler: Added entries to MIN_HISTORY_LEVEL for current txns: ([19]) with min_open_txn: 14
2024-04-24T01:11:23,974  INFO [main] lockmgr.DbTxnManager: Opened txnid:19
2024-04-24T01:11:23,974  INFO [Heartbeater-0] lockmgr.DbTxnManager: Sending heartbeat for txnid:19 and lockid:0 queryId=null txnid:0
2024-04-24T01:11:23,974  INFO [main] HiveMetaStore.audit: ugi=alex	ip=unknown-ip-addr	cmd=get_table : tbl=hive.default.nonAcidNonBucket	
2024-04-24T01:11:23,978  INFO [Heartbeater-0] lockmgr.DbTxnManager: Sending heartbeat for txnid:19 and lockid:0 queryId=null txnid:0
2024-04-24T01:11:23,979  INFO [Heartbeater-0] lockmgr.DbTxnManager: Sending heartbeat for txnid:19 and lockid:0 queryId=null txnid:0
2024-04-24T01:11:23,975  WARN [Heartbeater-2] pool.ProxyConnection: HikariPool-1 - Connection org.apache.derby.impl.jdbc.EmbedConnection@1775992155 (XID = 180), (SESSIONID = 15), (DATABASE = memory:/home/alex/Repositories/hive/ql/target/tmp/junit_metastore_db), (DRDAID = null)  marked as broken because of SQLSTATE(08000), ErrorCode(40000)
java.sql.SQLNonTransientConnectionException: Connection closed by unknown interrupt.
	at org.apache.derby.impl.jdbc.SQLExceptionFactory.getSQLException(Unknown Source) ~[derby-10.14.1.0.jar:?]
	at org.apache.derby.impl.jdbc.Util.generateCsSQLException(Unknown Source) ~[derby-10.14.1.0.jar:?]
	at org.apache.derby.impl.jdbc.TransactionResourceImpl.wrapInSQLException(Unknown Source) ~[derby-10.14.1.0.jar:?]
	at org.apache.derby.impl.jdbc.TransactionResourceImpl.handleException(Unknown Source) ~[derby-10.14.1.0.jar:?]
	at org.apache.derby.impl.jdbc.EmbedConnection.handleException(Unknown Source) ~[derby-10.14.1.0.jar:?]
	at org.apache.derby.impl.jdbc.ConnectionChild.handleException(Unknown Source) ~[derby-10.14.1.0.jar:?]
	at org.apache.derby.impl.jdbc.EmbedStatement.executeStatement(Unknown Source) ~[derby-10.14.1.0.jar:?]
	at org.apache.derby.impl.jdbc.EmbedStatement.execute(Unknown Source) ~[derby-10.14.1.0.jar:?]
	at org.apache.derby.impl.jdbc.EmbedStatement.executeLargeUpdate(Unknown Source) ~[derby-10.14.1.0.jar:?]
	at org.apache.derby.impl.jdbc.EmbedStatement.executeUpdate(Unknown Source) ~[derby-10.14.1.0.jar:?]
	at com.zaxxer.hikari.pool.ProxyStatement.executeUpdate(ProxyStatement.java:117) ~[HikariCP-2.6.1.jar:?]
	at com.zaxxer.hikari.pool.HikariProxyStatement.executeUpdate(HikariProxyStatement.java) ~[HikariCP-2.6.1.jar:?]
	at org.apache.hadoop.hive.metastore.txn.TxnHandler.heartbeatTxn(TxnHandler.java:5125) ~[classes/:?]
	at org.apache.hadoop.hive.metastore.txn.TxnHandler.heartbeat(TxnHandler.java:3429) ~[classes/:?]
	at org.apache.hadoop.hive.metastore.HMSHandler.heartbeat(HMSHandler.java:8959) ~[classes/:?]
	at sun.reflect.GeneratedMethodAccessor204.invoke(Unknown Source) ~[?:?]
	at sun.reflect.DelegatingMethodAccessorImpl.invoke(DelegatingMethodAccessorImpl.java:43) ~[?:1.8.0_402]
	at java.lang.reflect.Method.invoke(Method.java:498) ~[?:1.8.0_402]
	at org.apache.hadoop.hive.metastore.RetryingHMSHandler.invokeInternal(RetryingHMSHandler.java:147) ~[classes/:?]
	at org.apache.hadoop.hive.metastore.RetryingHMSHandler.invoke(RetryingHMSHandler.java:108) ~[classes/:?]
	at com.sun.proxy.$Proxy40.heartbeat(Unknown Source) ~[?:?]
	at org.apache.hadoop.hive.metastore.HiveMetaStoreClient.heartbeat(HiveMetaStoreClient.java:4088) ~[classes/:?]
	at sun.reflect.GeneratedMethodAccessor203.invoke(Unknown Source) ~[?:?]
	at sun.reflect.DelegatingMethodAccessorImpl.invoke(DelegatingMethodAccessorImpl.java:43) ~[?:1.8.0_402]
	at java.lang.reflect.Method.invoke(Method.java:498) ~[?:1.8.0_402]
	at org.apache.hadoop.hive.metastore.RetryingMetaStoreClient.invoke(RetryingMetaStoreClient.java:218) ~[classes/:?]
	at com.sun.proxy.$Proxy41.heartbeat(Unknown Source) ~[?:?]
	at org.apache.hadoop.hive.ql.lockmgr.DbTxnManager.heartbeat(DbTxnManager.java:647) ~[classes/:?]
	at org.apache.hadoop.hive.ql.lockmgr.DbTxnManager$Heartbeater.lambda$run$0(DbTxnManager.java:1101) ~[classes/:?]
	at java.security.AccessController.doPrivileged(Native Method) ~[?:1.8.0_402]
	at javax.security.auth.Subject.doAs(Subject.java:422) [?:1.8.0_402]
	at org.apache.hadoop.security.UserGroupInformation.doAs(UserGroupInformation.java:1682) [hadoop-common-3.1.0.jar:?]
	at org.apache.hadoop.hive.ql.lockmgr.DbTxnManager$Heartbeater.run(DbTxnManager.java:1100) [classes/:?]
	at java.util.concurrent.Executors$RunnableAdapter.call(Executors.java:511) [?:1.8.0_402]
	at java.util.concurrent.FutureTask.runAndReset(FutureTask.java:308) [?:1.8.0_402]
	at java.util.concurrent.ScheduledThreadPoolExecutor$ScheduledFutureTask.access$301(ScheduledThreadPoolExecutor.java:180) [?:1.8.0_402]
	at java.util.concurrent.ScheduledThreadPoolExecutor$ScheduledFutureTask.run(ScheduledThreadPoolExecutor.java:294) [?:1.8.0_402]
	at java.util.concurrent.ThreadPoolExecutor.runWorker(ThreadPoolExecutor.java:1149) [?:1.8.0_402]
	at java.util.concurrent.ThreadPoolExecutor$Worker.run(ThreadPoolExecutor.java:624) [?:1.8.0_402]
	at java.lang.Thread.run(Thread.java:750) [?:1.8.0_402]
Caused by: org.apache.derby.iapi.error.StandardException: Connection closed by unknown interrupt.
	at org.apache.derby.iapi.error.StandardException.newException(Unknown Source) ~[derby-10.14.1.0.jar:?]
	at org.apache.derby.iapi.error.StandardException.newException(Unknown Source) ~[derby-10.14.1.0.jar:?]
	at org.apache.derby.iapi.util.InterruptStatus.setInterrupted(Unknown Source) ~[derby-10.14.1.0.jar:?]
	at org.apache.derby.iapi.util.InterruptStatus.throwIf(Unknown Source) ~[derby-10.14.1.0.jar:?]
	at org.apache.derby.impl.sql.execute.BasicNoPutResultSetImpl.checkCancellationFlag(Unknown Source) ~[derby-10.14.1.0.jar:?]
	at org.apache.derby.impl.sql.execute.TableScanResultSet.getNextRowCore(Unknown Source) ~[derby-10.14.1.0.jar:?]
	at org.apache.derby.impl.sql.execute.IndexRowToBaseRowResultSet.getNextRowCore(Unknown Source) ~[derby-10.14.1.0.jar:?]
	at org.apache.derby.impl.sql.execute.ProjectRestrictResultSet.getNextRowCore(Unknown Source) ~[derby-10.14.1.0.jar:?]
	at org.apache.derby.impl.sql.execute.ProjectRestrictResultSet.getNextRowCore(Unknown Source) ~[derby-10.14.1.0.jar:?]
	at org.apache.derby.impl.sql.execute.NormalizeResultSet.getNextRowCore(Unknown Source) ~[derby-10.14.1.0.jar:?]
	at org.apache.derby.impl.sql.execute.DMLWriteResultSet.getNextRowCore(Unknown Source) ~[derby-10.14.1.0.jar:?]
	at org.apache.derby.impl.sql.execute.UpdateResultSet.getNextRowCore(Unknown Source) ~[derby-10.14.1.0.jar:?]
	at org.apache.derby.impl.sql.execute.UpdateResultSet.collectAffectedRows(Unknown Source) ~[derby-10.14.1.0.jar:?]
	at org.apache.derby.impl.sql.execute.UpdateResultSet.open(Unknown Source) ~[derby-10.14.1.0.jar:?]
	at org.apache.derby.impl.sql.GenericPreparedStatement.executeStmt(Unknown Source) ~[derby-10.14.1.0.jar:?]
	at org.apache.derby.impl.sql.GenericPreparedStatement.execute(Unknown Source) ~[derby-10.14.1.0.jar:?]
	... 34 more
2024-04-24T01:11:23,979  INFO [Heartbeater-0] lockmgr.DbTxnManager: Sending heartbeat for txnid:19 and lockid:0 queryId=null txnid:0
2024-04-24T01:11:23,996  INFO [Heartbeater-0] lockmgr.DbTxnManager: Sending heartbeat for txnid:19 and lockid:0 queryId=null txnid:0
2024-04-24T01:11:23,997  INFO [Heartbeater-0] lockmgr.DbTxnManager: Sending heartbeat for txnid:19 and lockid:0 queryId=null txnid:0
2024-04-24T01:11:23,998  INFO [Heartbeater-0] lockmgr.DbTxnManager: Sending heartbeat for txnid:19 and lockid:0 queryId=null txnid:0
2024-04-24T01:11:23,998  INFO [Heartbeater-0] lockmgr.DbTxnManager: Sending heartbeat for txnid:19 and lockid:0 queryId=null txnid:0
2024-04-24T01:11:23,998  INFO [Heartbeater-0] lockmgr.DbTxnManager: Sending heartbeat for txnid:19 and lockid:0 queryId=null txnid:0
2024-04-24T01:11:23,999  INFO [Heartbeater-0] lockmgr.DbTxnManager: Sending heartbeat for txnid:19 and lockid:0 queryId=null txnid:0
2024-04-24T01:11:24,000  INFO [Heartbeater-0] lockmgr.DbTxnManager: Sending heartbeat for txnid:19 and lockid:0 queryId=null txnid:0
2024-04-24T01:11:24,000  INFO [Heartbeater-0] lockmgr.DbTxnManager: Sending heartbeat for txnid:19 and lockid:0 queryId=null txnid:0
2024-04-24T01:11:24,001  INFO [Heartbeater-0] lockmgr.DbTxnManager: Sending heartbeat for txnid:19 and lockid:0 queryId=null txnid:0
2024-04-24T01:11:24,001  INFO [main] metastore.HMSHandler: Skipping translation for processor with null
2024-04-24T01:11:24,001  INFO [Heartbeater-2] txn.TxnHandler: Non-retryable error in heartbeat(HeartbeatRequest(lockid:0, txnid:18)) : Connection closed by unknown interrupt. (SQLState=08000, ErrorCode=40000)
2024-04-24T01:11:24,001  INFO [main] ql.Driver: Semantic Analysis Completed (retrial = false)
2024-04-24T01:11:24,001  INFO [main] ql.Driver: Created Hive schema: Schema(fieldSchemas:null, properties:null)
2024-04-24T01:11:24,001  INFO [Heartbeater-0] lockmgr.DbTxnManager: Sending heartbeat for txnid:19 and lockid:0 queryId=null txnid:0
2024-04-24T01:11:24,001  INFO [main] metadata.Hive: Dumping metastore api call timing information for : compilation phase
2024-04-24T01:11:24,001  INFO [main] metadata.Hive: Total time spent in each metastore function (ms): {openTxn_(String, TxnType)=4, isCompatibleWith_(Configuration)=0, getValidTxns_(long)=0, flushCache_()=0, getTable_(GetTableRequest)=27, commitTxn_(CommitTxnRequest)=20}
2024-04-24T01:11:24,001 ERROR [Heartbeater-2] metastore.RetryingHMSHandler: MetaException(message:Unable to select from transaction database java.sql.SQLNonTransientConnectionException: Connection closed by unknown interrupt.
	at org.apache.derby.impl.jdbc.SQLExceptionFactory.getSQLException(Unknown Source)
	at org.apache.derby.impl.jdbc.Util.generateCsSQLException(Unknown Source)
	at org.apache.derby.impl.jdbc.TransactionResourceImpl.wrapInSQLException(Unknown Source)
	at org.apache.derby.impl.jdbc.TransactionResourceImpl.handleException(Unknown Source)
	at org.apache.derby.impl.jdbc.EmbedConnection.handleException(Unknown Source)
	at org.apache.derby.impl.jdbc.ConnectionChild.handleException(Unknown Source)
	at org.apache.derby.impl.jdbc.EmbedStatement.executeStatement(Unknown Source)
	at org.apache.derby.impl.jdbc.EmbedStatement.execute(Unknown Source)
	at org.apache.derby.impl.jdbc.EmbedStatement.executeLargeUpdate(Unknown Source)
	at org.apache.derby.impl.jdbc.EmbedStatement.executeUpdate(Unknown Source)
	at com.zaxxer.hikari.pool.ProxyStatement.executeUpdate(ProxyStatement.java:117)
	at com.zaxxer.hikari.pool.HikariProxyStatement.executeUpdate(HikariProxyStatement.java)
	at org.apache.hadoop.hive.metastore.txn.TxnHandler.heartbeatTxn(TxnHandler.java:5125)
	at org.apache.hadoop.hive.metastore.txn.TxnHandler.heartbeat(TxnHandler.java:3429)
	at org.apache.hadoop.hive.metastore.HMSHandler.heartbeat(HMSHandler.java:8959)
	at sun.reflect.GeneratedMethodAccessor204.invoke(Unknown Source)
	at sun.reflect.DelegatingMethodAccessorImpl.invoke(DelegatingMethodAccessorImpl.java:43)
	at java.lang.reflect.Method.invoke(Method.java:498)
	at org.apache.hadoop.hive.metastore.RetryingHMSHandler.invokeInternal(RetryingHMSHandler.java:147)
	at org.apache.hadoop.hive.metastore.RetryingHMSHandler.invoke(RetryingHMSHandler.java:108)
	at com.sun.proxy.$Proxy40.heartbeat(Unknown Source)
	at org.apache.hadoop.hive.metastore.HiveMetaStoreClient.heartbeat(HiveMetaStoreClient.java:4088)
	at sun.reflect.GeneratedMethodAccessor203.invoke(Unknown Source)
	at sun.reflect.DelegatingMethodAccessorImpl.invoke(DelegatingMethodAccessorImpl.java:43)
	at java.lang.reflect.Method.invoke(Method.java:498)
	at org.apache.hadoop.hive.metastore.RetryingMetaStoreClient.invoke(RetryingMetaStoreClient.java:218)
	at com.sun.proxy.$Proxy41.heartbeat(Unknown Source)
	at org.apache.hadoop.hive.ql.lockmgr.DbTxnManager.heartbeat(DbTxnManager.java:647)
	at org.apache.hadoop.hive.ql.lockmgr.DbTxnManager$Heartbeater.lambda$run$0(DbTxnManager.java:1101)
	at java.security.AccessController.doPrivileged(Native Method)
	at javax.security.auth.Subject.doAs(Subject.java:422)
	at org.apache.hadoop.security.UserGroupInformation.doAs(UserGroupInformation.java:1682)
	at org.apache.hadoop.hive.ql.lockmgr.DbTxnManager$Heartbeater.run(DbTxnManager.java:1100)
	at java.util.concurrent.Executors$RunnableAdapter.call(Executors.java:511)
	at java.util.concurrent.FutureTask.runAndReset(FutureTask.java:308)
	at java.util.concurrent.ScheduledThreadPoolExecutor$ScheduledFutureTask.access$301(ScheduledThreadPoolExecutor.java:180)
	at java.util.concurrent.ScheduledThreadPoolExecutor$ScheduledFutureTask.run(ScheduledThreadPoolExecutor.java:294)
	at java.util.concurrent.ThreadPoolExecutor.runWorker(ThreadPoolExecutor.java:1149)
	at java.util.concurrent.ThreadPoolExecutor$Worker.run(ThreadPoolExecutor.java:624)
	at java.lang.Thread.run(Thread.java:750)
Caused by: ERROR 08000: Connection closed by unknown interrupt.
	at org.apache.derby.iapi.error.StandardException.newException(Unknown Source)
	at org.apache.derby.iapi.error.StandardException.newException(Unknown Source)
	at org.apache.derby.iapi.util.InterruptStatus.setInterrupted(Unknown Source)
	at org.apache.derby.iapi.util.InterruptStatus.throwIf(Unknown Source)
	at org.apache.derby.impl.sql.execute.BasicNoPutResultSetImpl.checkCancellationFlag(Unknown Source)
	at org.apache.derby.impl.sql.execute.TableScanResultSet.getNextRowCore(Unknown Source)
	at org.apache.derby.impl.sql.execute.IndexRowToBaseRowResultSet.getNextRowCore(Unknown Source)
	at org.apache.derby.impl.sql.execute.ProjectRestrictResultSet.getNextRowCore(Unknown Source)
	at org.apache.derby.impl.sql.execute.ProjectRestrictResultSet.getNextRowCore(Unknown Source)
	at org.apache.derby.impl.sql.execute.NormalizeResultSet.getNextRowCore(Unknown Source)
	at org.apache.derby.impl.sql.execute.DMLWriteResultSet.getNextRowCore(Unknown Source)
	at org.apache.derby.impl.sql.execute.UpdateResultSet.getNextRowCore(Unknown Source)
	at org.apache.derby.impl.sql.execute.UpdateResultSet.collectAffectedRows(Unknown Source)
	at org.apache.derby.impl.sql.execute.UpdateResultSet.open(Unknown Source)
	at org.apache.derby.impl.sql.GenericPreparedStatement.executeStmt(Unknown Source)
	at org.apache.derby.impl.sql.GenericPreparedStatement.execute(Unknown Source)
	... 34 more
)
	at org.apache.hadoop.hive.metastore.txn.TxnHandler.heartbeat(TxnHandler.java:3435)
	at org.apache.hadoop.hive.metastore.HMSHandler.heartbeat(HMSHandler.java:8959)
	at sun.reflect.GeneratedMethodAccessor204.invoke(Unknown Source)
	at sun.reflect.DelegatingMethodAccessorImpl.invoke(DelegatingMethodAccessorImpl.java:43)
	at java.lang.reflect.Method.invoke(Method.java:498)
	at org.apache.hadoop.hive.metastore.RetryingHMSHandler.invokeInternal(RetryingHMSHandler.java:147)
	at org.apache.hadoop.hive.metastore.RetryingHMSHandler.invoke(RetryingHMSHandler.java:108)
	at com.sun.proxy.$Proxy40.heartbeat(Unknown Source)
	at org.apache.hadoop.hive.metastore.HiveMetaStoreClient.heartbeat(HiveMetaStoreClient.java:4088)
	at sun.reflect.GeneratedMethodAccessor203.invoke(Unknown Source)
	at sun.reflect.DelegatingMethodAccessorImpl.invoke(DelegatingMethodAccessorImpl.java:43)
	at java.lang.reflect.Method.invoke(Method.java:498)
	at org.apache.hadoop.hive.metastore.RetryingMetaStoreClient.invoke(RetryingMetaStoreClient.java:218)
	at com.sun.proxy.$Proxy41.heartbeat(Unknown Source)
	at org.apache.hadoop.hive.ql.lockmgr.DbTxnManager.heartbeat(DbTxnManager.java:647)
	at org.apache.hadoop.hive.ql.lockmgr.DbTxnManager$Heartbeater.lambda$run$0(DbTxnManager.java:1101)
	at java.security.AccessController.doPrivileged(Native Method)
	at javax.security.auth.Subject.doAs(Subject.java:422)
	at org.apache.hadoop.security.UserGroupInformation.doAs(UserGroupInformation.java:1682)
	at org.apache.hadoop.hive.ql.lockmgr.DbTxnManager$Heartbeater.run(DbTxnManager.java:1100)
	at java.util.concurrent.Executors$RunnableAdapter.call(Executors.java:511)
	at java.util.concurrent.FutureTask.runAndReset(FutureTask.java:308)
	at java.util.concurrent.ScheduledThreadPoolExecutor$ScheduledFutureTask.access$301(ScheduledThreadPoolExecutor.java:180)
	at java.util.concurrent.ScheduledThreadPoolExecutor$ScheduledFutureTask.run(ScheduledThreadPoolExecutor.java:294)
	at java.util.concurrent.ThreadPoolExecutor.runWorker(ThreadPoolExecutor.java:1149)
	at java.util.concurrent.ThreadPoolExecutor$Worker.run(ThreadPoolExecutor.java:624)
	at java.lang.Thread.run(Thread.java:750)

2024-04-24T01:11:24,002  INFO [main] ql.Driver: Completed compiling command(queryId=alex_20240424011123_4b49f64a-c9c4-4625-b3b7-9b643efcdd46); Time taken: 0.032 seconds
2024-04-24T01:11:24,002  INFO [Heartbeater-0] lockmgr.DbTxnManager: Sending heartbeat for txnid:19 and lockid:0 queryId=null txnid:0
2024-04-24T01:11:24,002  INFO [main] lockmgr.DbTxnManager: Setting lock request transaction to txnid:19 for queryId=alex_20240424011123_4b49f64a-c9c4-4625-b3b7-9b643efcdd46
2024-04-24T01:11:24,002  INFO [Heartbeater-0] lockmgr.DbTxnManager: Sending heartbeat for txnid:19 and lockid:0 queryId=null txnid:0
2024-04-24T01:11:24,002  INFO [main] lockmgr.DbLockManager: Requesting lock for queryId=alex_20240424011123_4b49f64a-c9c4-4625-b3b7-9b643efcdd46
2024-04-24T01:11:24,003  INFO [Heartbeater-0] lockmgr.DbTxnManager: Sending heartbeat for txnid:19 and lockid:0 queryId=null txnid:0
2024-04-24T01:11:24,004  INFO [Heartbeater-0] lockmgr.DbTxnManager: Sending heartbeat for txnid:19 and lockid:0 queryId=null txnid:0
2024-04-24T01:11:24,004  INFO [Heartbeater-0] lockmgr.DbTxnManager: Sending heartbeat for txnid:19 and lockid:0 queryId=null txnid:0
2024-04-24T01:11:24,005  INFO [Heartbeater-0] lockmgr.DbTxnManager: Sending heartbeat for txnid:19 and lockid:0 queryId=null txnid:0
2024-04-24T01:11:24,006  INFO [Heartbeater-0] lockmgr.DbTxnManager: Sending heartbeat for txnid:19 and lockid:0 queryId=null txnid:0
2024-04-24T01:11:24,007  INFO [Heartbeater-0] lockmgr.DbTxnManager: Sending heartbeat for txnid:19 and lockid:0 queryId=null txnid:0
2024-04-24T01:11:24,007  INFO [Heartbeater-0] lockmgr.DbTxnManager: Sending heartbeat for txnid:19 and lockid:0 queryId=null txnid:0
2024-04-24T01:11:24,002 ERROR [Heartbeater-2] lockmgr.DbTxnManager: Failed trying to heartbeat queryId=null, currentUser: alex (auth:SIMPLE): null
java.lang.reflect.UndeclaredThrowableException: null
	at org.apache.hadoop.security.UserGroupInformation.doAs(UserGroupInformation.java:1700) ~[hadoop-common-3.1.0.jar:?]
	at org.apache.hadoop.hive.ql.lockmgr.DbTxnManager$Heartbeater.run(DbTxnManager.java:1100) [classes/:?]
	at java.util.concurrent.Executors$RunnableAdapter.call(Executors.java:511) [?:1.8.0_402]
	at java.util.concurrent.FutureTask.runAndReset(FutureTask.java:308) [?:1.8.0_402]
	at java.util.concurrent.ScheduledThreadPoolExecutor$ScheduledFutureTask.access$301(ScheduledThreadPoolExecutor.java:180) [?:1.8.0_402]
	at java.util.concurrent.ScheduledThreadPoolExecutor$ScheduledFutureTask.run(ScheduledThreadPoolExecutor.java:294) [?:1.8.0_402]
	at java.util.concurrent.ThreadPoolExecutor.runWorker(ThreadPoolExecutor.java:1149) [?:1.8.0_402]
	at java.util.concurrent.ThreadPoolExecutor$Worker.run(ThreadPoolExecutor.java:624) [?:1.8.0_402]
	at java.lang.Thread.run(Thread.java:750) [?:1.8.0_402]
Caused by: org.apache.hadoop.hive.ql.lockmgr.LockException: Error communicating with the metastore(txnid:19,lockid:0 queryId=null txnid:0)
	at org.apache.hadoop.hive.ql.lockmgr.DbTxnManager.heartbeat(DbTxnManager.java:661) ~[classes/:?]
	at org.apache.hadoop.hive.ql.lockmgr.DbTxnManager$Heartbeater.lambda$run$0(DbTxnManager.java:1101) ~[classes/:?]
	at java.security.AccessController.doPrivileged(Native Method) ~[?:1.8.0_402]
	at javax.security.auth.Subject.doAs(Subject.java:422) ~[?:1.8.0_402]
	at org.apache.hadoop.security.UserGroupInformation.doAs(UserGroupInformation.java:1682) ~[hadoop-common-3.1.0.jar:?]
	... 8 more
Caused by: org.apache.hadoop.hive.metastore.api.MetaException: Unable to select from transaction database java.sql.SQLNonTransientConnectionException: Connection closed by unknown interrupt.
	at org.apache.derby.impl.jdbc.SQLExceptionFactory.getSQLException(Unknown Source)
	at org.apache.derby.impl.jdbc.Util.generateCsSQLException(Unknown Source)
	at org.apache.derby.impl.jdbc.TransactionResourceImpl.wrapInSQLException(Unknown Source)
	at org.apache.derby.impl.jdbc.TransactionResourceImpl.handleException(Unknown Source)
	at org.apache.derby.impl.jdbc.EmbedConnection.handleException(Unknown Source)
	at org.apache.derby.impl.jdbc.ConnectionChild.handleException(Unknown Source)
	at org.apache.derby.impl.jdbc.EmbedStatement.executeStatement(Unknown Source)
	at org.apache.derby.impl.jdbc.EmbedStatement.execute(Unknown Source)
	at org.apache.derby.impl.jdbc.EmbedStatement.executeLargeUpdate(Unknown Source)
	at org.apache.derby.impl.jdbc.EmbedStatement.executeUpdate(Unknown Source)
	at com.zaxxer.hikari.pool.ProxyStatement.executeUpdate(ProxyStatement.java:117)
	at com.zaxxer.hikari.pool.HikariProxyStatement.executeUpdate(HikariProxyStatement.java)
	at org.apache.hadoop.hive.metastore.txn.TxnHandler.heartbeatTxn(TxnHandler.java:5125)
	at org.apache.hadoop.hive.metastore.txn.TxnHandler.heartbeat(TxnHandler.java:3429)
	at org.apache.hadoop.hive.metastore.HMSHandler.heartbeat(HMSHandler.java:8959)
	at sun.reflect.GeneratedMethodAccessor204.invoke(Unknown Source)
	at sun.reflect.DelegatingMethodAccessorImpl.invoke(DelegatingMethodAccessorImpl.java:43)
	at java.lang.reflect.Method.invoke(Method.java:498)
	at org.apache.hadoop.hive.metastore.RetryingHMSHandler.invokeInternal(RetryingHMSHandler.java:147)
	at org.apache.hadoop.hive.metastore.RetryingHMSHandler.invoke(RetryingHMSHandler.java:108)
	at com.sun.proxy.$Proxy40.heartbeat(Unknown Source)
	at org.apache.hadoop.hive.metastore.HiveMetaStoreClient.heartbeat(HiveMetaStoreClient.java:4088)
	at sun.reflect.GeneratedMethodAccessor203.invoke(Unknown Source)
	at sun.reflect.DelegatingMethodAccessorImpl.invoke(DelegatingMethodAccessorImpl.java:43)
	at java.lang.reflect.Method.invoke(Method.java:498)
	at org.apache.hadoop.hive.metastore.RetryingMetaStoreClient.invoke(RetryingMetaStoreClient.java:218)
	at com.sun.proxy.$Proxy41.heartbeat(Unknown Source)
	at org.apache.hadoop.hive.ql.lockmgr.DbTxnManager.heartbeat(DbTxnManager.java:647)
	at org.apache.hadoop.hive.ql.lockmgr.DbTxnManager$Heartbeater.lambda$run$0(DbTxnManager.java:1101)
	at java.security.AccessController.doPrivileged(Native Method)
	at javax.security.auth.Subject.doAs(Subject.java:422)
	at org.apache.hadoop.security.UserGroupInformation.doAs(UserGroupInformation.java:1682)
	at org.apache.hadoop.hive.ql.lockmgr.DbTxnManager$Heartbeater.run(DbTxnManager.java:1100)
	at java.util.concurrent.Executors$RunnableAdapter.call(Executors.java:511)
	at java.util.concurrent.FutureTask.runAndReset(FutureTask.java:308)
	at java.util.concurrent.ScheduledThreadPoolExecutor$ScheduledFutureTask.access$301(ScheduledThreadPoolExecutor.java:180)
	at java.util.concurrent.ScheduledThreadPoolExecutor$ScheduledFutureTask.run(ScheduledThreadPoolExecutor.java:294)
	at java.util.concurrent.ThreadPoolExecutor.runWorker(ThreadPoolExecutor.java:1149)
	at java.util.concurrent.ThreadPoolExecutor$Worker.run(ThreadPoolExecutor.java:624)
	at java.lang.Thread.run(Thread.java:750)
Caused by: ERROR 08000: Connection closed by unknown interrupt.
	at org.apache.derby.iapi.error.StandardException.newException(Unknown Source)
	at org.apache.derby.iapi.error.StandardException.newException(Unknown Source)
	at org.apache.derby.iapi.util.InterruptStatus.setInterrupted(Unknown Source)
	at org.apache.derby.iapi.util.InterruptStatus.throwIf(Unknown Source)
	at org.apache.derby.impl.sql.execute.BasicNoPutResultSetImpl.checkCancellationFlag(Unknown Source)
	at org.apache.derby.impl.sql.execute.TableScanResultSet.getNextRowCore(Unknown Source)
	at org.apache.derby.impl.sql.execute.IndexRowToBaseRowResultSet.getNextRowCore(Unknown Source)
	at org.apache.derby.impl.sql.execute.ProjectRestrictResultSet.getNextRowCore(Unknown Source)
	at org.apache.derby.impl.sql.execute.ProjectRestrictResultSet.getNextRowCore(Unknown Source)
	at org.apache.derby.impl.sql.execute.NormalizeResultSet.getNextRowCore(Unknown Source)
	at org.apache.derby.impl.sql.execute.DMLWriteResultSet.getNextRowCore(Unknown Source)
	at org.apache.derby.impl.sql.execute.UpdateResultSet.getNextRowCore(Unknown Source)
	at org.apache.derby.impl.sql.execute.UpdateResultSet.collectAffectedRows(Unknown Source)
	at org.apache.derby.impl.sql.execute.UpdateResultSet.open(Unknown Source)
	at org.apache.derby.impl.sql.GenericPreparedStatement.executeStmt(Unknown Source)
	at org.apache.derby.impl.sql.GenericPreparedStatement.execute(Unknown Source)
	... 34 more

	at org.apache.hadoop.hive.metastore.txn.TxnHandler.heartbeat(TxnHandler.java:3435) ~[classes/:?]
	at org.apache.hadoop.hive.metastore.HMSHandler.heartbeat(HMSHandler.java:8959) ~[classes/:?]
	at sun.reflect.GeneratedMethodAccessor204.invoke(Unknown Source) ~[?:?]
	at sun.reflect.DelegatingMethodAccessorImpl.invoke(DelegatingMethodAccessorImpl.java:43) ~[?:1.8.0_402]
	at java.lang.reflect.Method.invoke(Method.java:498) ~[?:1.8.0_402]
	at org.apache.hadoop.hive.metastore.RetryingHMSHandler.invokeInternal(RetryingHMSHandler.java:147) ~[classes/:?]
	at org.apache.hadoop.hive.metastore.RetryingHMSHandler.invoke(RetryingHMSHandler.java:108) ~[classes/:?]
	at com.sun.proxy.$Proxy40.heartbeat(Unknown Source) ~[?:?]
	at org.apache.hadoop.hive.metastore.HiveMetaStoreClient.heartbeat(HiveMetaStoreClient.java:4088) ~[classes/:?]
	at sun.reflect.GeneratedMethodAccessor203.invoke(Unknown Source) ~[?:?]
	at sun.reflect.DelegatingMethodAccessorImpl.invoke(DelegatingMethodAccessorImpl.java:43) ~[?:1.8.0_402]
	at java.lang.reflect.Method.invoke(Method.java:498) ~[?:1.8.0_402]
	at org.apache.hadoop.hive.metastore.RetryingMetaStoreClient.invoke(RetryingMetaStoreClient.java:218) ~[classes/:?]
	at com.sun.proxy.$Proxy41.heartbeat(Unknown Source) ~[?:?]
	at org.apache.hadoop.hive.ql.lockmgr.DbTxnManager.heartbeat(DbTxnManager.java:647) ~[classes/:?]
	at org.apache.hadoop.hive.ql.lockmgr.DbTxnManager$Heartbeater.lambda$run$0(DbTxnManager.java:1101) ~[classes/:?]
	at java.security.AccessController.doPrivileged(Native Method) ~[?:1.8.0_402]
	at javax.security.auth.Subject.doAs(Subject.java:422) ~[?:1.8.0_402]
	at org.apache.hadoop.security.UserGroupInformation.doAs(UserGroupInformation.java:1682) ~[hadoop-common-3.1.0.jar:?]
	... 8 more
2024-04-24T01:11:24,008  INFO [Heartbeater-0] lockmgr.DbTxnManager: Sending heartbeat for txnid:19 and lockid:0 queryId=null txnid:0
2024-04-24T01:11:24,009  INFO [Heartbeater-0] lockmgr.DbTxnManager: Sending heartbeat for txnid:19 and lockid:0 queryId=null txnid:0
2024-04-24T01:11:24,009  INFO [Heartbeater-0] lockmgr.DbTxnManager: Sending heartbeat for txnid:19 and lockid:0 queryId=null txnid:0
2024-04-24T01:11:24,009  INFO [Heartbeater-0] lockmgr.DbTxnManager: Sending heartbeat for txnid:19 and lockid:0 queryId=null txnid:0
2024-04-24T01:11:24,010  INFO [Heartbeater-0] lockmgr.DbTxnManager: Sending heartbeat for txnid:19 and lockid:0 queryId=null txnid:0
2024-04-24T01:11:24,010  INFO [Heartbeater-0] lockmgr.DbTxnManager: Sending heartbeat for txnid:19 and lockid:0 queryId=null txnid:0
2024-04-24T01:11:24,010  INFO [Heartbeater-0] lockmgr.DbTxnManager: Sending heartbeat for txnid:19 and lockid:0 queryId=null txnid:0
2024-04-24T01:11:24,011  INFO [Heartbeater-0] lockmgr.DbTxnManager: Sending heartbeat for txnid:19 and lockid:0 queryId=null txnid:0
2024-04-24T01:11:24,011  INFO [Heartbeater-0] lockmgr.DbTxnManager: Sending heartbeat for txnid:19 and lockid:0 queryId=null txnid:0
2024-04-24T01:11:24,012  INFO [Heartbeater-0] lockmgr.DbTxnManager: Sending heartbeat for txnid:19 and lockid:0 queryId=null txnid:0
2024-04-24T01:11:24,012  INFO [Heartbeater-0] lockmgr.DbTxnManager: Sending heartbeat for txnid:19 and lockid:0 queryId=null txnid:0
2024-04-24T01:11:24,012  INFO [Heartbeater-0] lockmgr.DbTxnManager: Sending heartbeat for txnid:19 and lockid:0 queryId=null txnid:0
2024-04-24T01:11:24,013  INFO [Heartbeater-0] lockmgr.DbTxnManager: Sending heartbeat for txnid:19 and lockid:0 queryId=null txnid:0
2024-04-24T01:11:24,013  INFO [Heartbeater-0] lockmgr.DbTxnManager: Sending heartbeat for txnid:19 and lockid:0 queryId=null txnid:0
2024-04-24T01:11:24,013  INFO [Heartbeater-0] lockmgr.DbTxnManager: Sending heartbeat for txnid:19 and lockid:0 queryId=null txnid:0
2024-04-24T01:11:24,014  INFO [Heartbeater-0] lockmgr.DbTxnManager: Sending heartbeat for txnid:19 and lockid:0 queryId=null txnid:0
2024-04-24T01:11:24,014  INFO [Heartbeater-0] lockmgr.DbTxnManager: Sending heartbeat for txnid:19 and lockid:0 queryId=null txnid:0
2024-04-24T01:11:24,014  INFO [Heartbeater-0] lockmgr.DbTxnManager: Sending heartbeat for txnid:19 and lockid:0 queryId=null txnid:0
2024-04-24T01:11:24,015  INFO [Heartbeater-0] lockmgr.DbTxnManager: Sending heartbeat for txnid:19 and lockid:0 queryId=null txnid:0
2024-04-24T01:11:24,016  INFO [Heartbeater-0] lockmgr.DbTxnManager: Sending heartbeat for txnid:19 and lockid:0 queryId=null txnid:0
2024-04-24T01:11:24,017  INFO [Heartbeater-0] lockmgr.DbTxnManager: Sending heartbeat for txnid:19 and lockid:0 queryId=null txnid:0
2024-04-24T01:11:24,018  INFO [Heartbeater-0] lockmgr.DbTxnManager: Sending heartbeat for txnid:19 and lockid:0 queryId=null txnid:0
2024-04-24T01:11:24,019  INFO [Heartbeater-0] lockmgr.DbTxnManager: Sending heartbeat for txnid:19 and lockid:0 queryId=null txnid:0
2024-04-24T01:11:24,020  INFO [Heartbeater-0] lockmgr.DbTxnManager: Sending heartbeat for txnid:19 and lockid:0 queryId=null txnid:0
2024-04-24T01:11:24,021  INFO [Heartbeater-0] lockmgr.DbTxnManager: Sending heartbeat for txnid:19 and lockid:0 queryId=null txnid:0
2024-04-24T01:11:24,022  INFO [Heartbeater-0] lockmgr.DbTxnManager: Sending heartbeat for txnid:19 and lockid:0 queryId=null txnid:0
2024-04-24T01:11:24,022  INFO [main] lockmgr.DbLockManager: Response to queryId=alex_20240424011123_4b49f64a-c9c4-4625-b3b7-9b643efcdd46 LockResponse(lockid:12, state:ACQUIRED)
2024-04-24T01:11:24,022  INFO [main] ql.Driver: Operation DROPTABLE obtained 1 locks
2024-04-24T01:11:24,022  INFO [main] ql.Driver: Executing command(queryId=alex_20240424011123_4b49f64a-c9c4-4625-b3b7-9b643efcdd46): drop table if exists nonAcidNonBucket
2024-04-24T01:11:24,022  INFO [main] ql.Driver: Starting task [Stage-0:DDL] in serial mode
2024-04-24T01:11:24,022  INFO [main] HiveMetaStore.audit: ugi=alex	ip=unknown-ip-addr	cmd=get_table : tbl=hive.default.nonAcidNonBucket	
2024-04-24T01:11:24,023  INFO [Heartbeater-0] lockmgr.DbTxnManager: Sending heartbeat for txnid:19 and lockid:0 queryId=null txnid:0
2024-04-24T01:11:24,024  INFO [Heartbeater-0] lockmgr.DbTxnManager: Sending heartbeat for txnid:19 and lockid:0 queryId=null txnid:0
2024-04-24T01:11:24,025  INFO [Heartbeater-0] lockmgr.DbTxnManager: Sending heartbeat for txnid:19 and lockid:0 queryId=null txnid:0
2024-04-24T01:11:24,026  INFO [Heartbeater-0] lockmgr.DbTxnManager: Sending heartbeat for txnid:19 and lockid:0 queryId=null txnid:0
2024-04-24T01:11:24,027  INFO [Heartbeater-0] lockmgr.DbTxnManager: Sending heartbeat for txnid:19 and lockid:0 queryId=null txnid:0
2024-04-24T01:11:24,028  INFO [Heartbeater-0] lockmgr.DbTxnManager: Sending heartbeat for txnid:19 and lockid:0 queryId=null txnid:0
2024-04-24T01:11:24,029  INFO [Heartbeater-0] lockmgr.DbTxnManager: Sending heartbeat for txnid:19 and lockid:0 queryId=null txnid:0
2024-04-24T01:11:24,030  INFO [Heartbeater-0] lockmgr.DbTxnManager: Sending heartbeat for txnid:19 and lockid:0 queryId=null txnid:0
2024-04-24T01:11:24,031  INFO [Heartbeater-0] lockmgr.DbTxnManager: Sending heartbeat for txnid:19 and lockid:0 queryId=null txnid:0
2024-04-24T01:11:24,031  INFO [main] metastore.HMSHandler: Skipping translation for processor with null
2024-04-24T01:11:24,031  INFO [main] HiveMetaStore.audit: ugi=alex	ip=unknown-ip-addr	cmd=get_table : tbl=hive.default.nonAcidNonBucket	
2024-04-24T01:11:24,032  INFO [Heartbeater-0] lockmgr.DbTxnManager: Sending heartbeat for txnid:19 and lockid:0 queryId=null txnid:0
2024-04-24T01:11:24,033  INFO [Heartbeater-0] lockmgr.DbTxnManager: Sending heartbeat for txnid:19 and lockid:0 queryId=null txnid:0
2024-04-24T01:11:24,034  INFO [Heartbeater-0] lockmgr.DbTxnManager: Sending heartbeat for txnid:19 and lockid:0 queryId=null txnid:0
2024-04-24T01:11:24,035  INFO [Heartbeater-0] lockmgr.DbTxnManager: Sending heartbeat for txnid:19 and lockid:0 queryId=null txnid:0
2024-04-24T01:11:24,036  INFO [Heartbeater-0] lockmgr.DbTxnManager: Sending heartbeat for txnid:19 and lockid:0 queryId=null txnid:0
2024-04-24T01:11:24,037  INFO [Heartbeater-0] lockmgr.DbTxnManager: Sending heartbeat for txnid:19 and lockid:0 queryId=null txnid:0
2024-04-24T01:11:24,038  INFO [Heartbeater-0] lockmgr.DbTxnManager: Sending heartbeat for txnid:19 and lockid:0 queryId=null txnid:0
2024-04-24T01:11:24,039  INFO [Heartbeater-0] lockmgr.DbTxnManager: Sending heartbeat for txnid:19 and lockid:0 queryId=null txnid:0
2024-04-24T01:11:24,040  INFO [Heartbeater-0] lockmgr.DbTxnManager: Sending heartbeat for txnid:19 and lockid:0 queryId=null txnid:0
2024-04-24T01:11:24,040  INFO [main] metastore.HMSHandler: Skipping translation for processor with null
2024-04-24T01:11:24,040  INFO [main] HiveMetaStore.audit: ugi=alex	ip=unknown-ip-addr	cmd=drop_table : tbl=hive.default.nonAcidNonBucket	
2024-04-24T01:11:24,041  INFO [Heartbeater-0] lockmgr.DbTxnManager: Sending heartbeat for txnid:19 and lockid:0 queryId=null txnid:0
2024-04-24T01:11:24,042  INFO [Heartbeater-0] lockmgr.DbTxnManager: Sending heartbeat for txnid:19 and lockid:0 queryId=null txnid:0
2024-04-24T01:11:24,043  INFO [Heartbeater-0] lockmgr.DbTxnManager: Sending heartbeat for txnid:19 and lockid:0 queryId=null txnid:0
2024-04-24T01:11:24,044  INFO [Heartbeater-0] lockmgr.DbTxnManager: Sending heartbeat for txnid:19 and lockid:0 queryId=null txnid:0
2024-04-24T01:11:24,045  INFO [Heartbeater-0] lockmgr.DbTxnManager: Sending heartbeat for txnid:19 and lockid:0 queryId=null txnid:0
2024-04-24T01:11:24,046  INFO [Heartbeater-0] lockmgr.DbTxnManager: Sending heartbeat for txnid:19 and lockid:0 queryId=null txnid:0
2024-04-24T01:11:24,047  INFO [Heartbeater-0] lockmgr.DbTxnManager: Sending heartbeat for txnid:19 and lockid:0 queryId=null txnid:0
2024-04-24T01:11:24,048  INFO [Heartbeater-0] lockmgr.DbTxnManager: Sending heartbeat for txnid:19 and lockid:0 queryId=null txnid:0
2024-04-24T01:11:24,049  INFO [Heartbeater-0] lockmgr.DbTxnManager: Sending heartbeat for txnid:19 and lockid:0 queryId=null txnid:0
2024-04-24T01:11:24,050  INFO [Heartbeater-0] lockmgr.DbTxnManager: Sending heartbeat for txnid:19 and lockid:0 queryId=null txnid:0
2024-04-24T01:11:24,051  INFO [Heartbeater-0] lockmgr.DbTxnManager: Sending heartbeat for txnid:19 and lockid:0 queryId=null txnid:0
2024-04-24T01:11:24,052  INFO [Heartbeater-0] lockmgr.DbTxnManager: Sending heartbeat for txnid:19 and lockid:0 queryId=null txnid:0
2024-04-24T01:11:24,053  INFO [Heartbeater-0] lockmgr.DbTxnManager: Sending heartbeat for txnid:19 and lockid:0 queryId=null txnid:0
2024-04-24T01:11:24,054  INFO [Heartbeater-0] lockmgr.DbTxnManager: Sending heartbeat for txnid:19 and lockid:0 queryId=null txnid:0
2024-04-24T01:11:24,055  INFO [Heartbeater-0] lockmgr.DbTxnManager: Sending heartbeat for txnid:19 and lockid:0 queryId=null txnid:0
2024-04-24T01:11:24,056  INFO [Heartbeater-0] lockmgr.DbTxnManager: Sending heartbeat for txnid:19 and lockid:0 queryId=null txnid:0
2024-04-24T01:11:24,057  INFO [Heartbeater-0] lockmgr.DbTxnManager: Sending heartbeat for txnid:19 and lockid:0 queryId=null txnid:0
2024-04-24T01:11:24,058  INFO [Heartbeater-0] lockmgr.DbTxnManager: Sending heartbeat for txnid:19 and lockid:0 queryId=null txnid:0
2024-04-24T01:11:24,059  INFO [Heartbeater-0] lockmgr.DbTxnManager: Sending heartbeat for txnid:19 and lockid:0 queryId=null txnid:0
2024-04-24T01:11:24,060  INFO [Heartbeater-0] lockmgr.DbTxnManager: Sending heartbeat for txnid:19 and lockid:0 queryId=null txnid:0
2024-04-24T01:11:24,061  INFO [Heartbeater-0] lockmgr.DbTxnManager: Sending heartbeat for txnid:19 and lockid:0 queryId=null txnid:0
2024-04-24T01:11:24,062  INFO [Heartbeater-0] lockmgr.DbTxnManager: Sending heartbeat for txnid:19 and lockid:0 queryId=null txnid:0
2024-04-24T01:11:24,063  INFO [Heartbeater-0] lockmgr.DbTxnManager: Sending heartbeat for txnid:19 and lockid:0 queryId=null txnid:0
2024-04-24T01:11:24,064  INFO [Heartbeater-0] lockmgr.DbTxnManager: Sending heartbeat for txnid:19 and lockid:0 queryId=null txnid:0
2024-04-24T01:11:24,065  INFO [Heartbeater-0] lockmgr.DbTxnManager: Sending heartbeat for txnid:19 and lockid:0 queryId=null txnid:0
2024-04-24T01:11:24,066  INFO [Heartbeater-0] lockmgr.DbTxnManager: Sending heartbeat for txnid:19 and lockid:0 queryId=null txnid:0
2024-04-24T01:11:24,067  INFO [Heartbeater-0] lockmgr.DbTxnManager: Sending heartbeat for txnid:19 and lockid:0 queryId=null txnid:0
2024-04-24T01:11:24,068  INFO [Heartbeater-0] lockmgr.DbTxnManager: Sending heartbeat for txnid:19 and lockid:0 queryId=null txnid:0
2024-04-24T01:11:24,069  INFO [Heartbeater-0] lockmgr.DbTxnManager: Sending heartbeat for txnid:19 and lockid:0 queryId=null txnid:0
2024-04-24T01:11:24,070  INFO [Heartbeater-0] lockmgr.DbTxnManager: Sending heartbeat for txnid:19 and lockid:0 queryId=null txnid:0
2024-04-24T01:11:24,071  INFO [Heartbeater-0] lockmgr.DbTxnManager: Sending heartbeat for txnid:19 and lockid:0 queryId=null txnid:0
2024-04-24T01:11:24,072  INFO [Heartbeater-0] lockmgr.DbTxnManager: Sending heartbeat for txnid:19 and lockid:0 queryId=null txnid:0
2024-04-24T01:11:24,073  INFO [Heartbeater-0] lockmgr.DbTxnManager: Sending heartbeat for txnid:19 and lockid:0 queryId=null txnid:0
2024-04-24T01:11:24,074  INFO [Heartbeater-0] lockmgr.DbTxnManager: Sending heartbeat for txnid:19 and lockid:0 queryId=null txnid:0
2024-04-24T01:11:24,075  INFO [Heartbeater-0] lockmgr.DbTxnManager: Sending heartbeat for txnid:19 and lockid:0 queryId=null txnid:0
2024-04-24T01:11:24,076  INFO [Heartbeater-0] lockmgr.DbTxnManager: Sending heartbeat for txnid:19 and lockid:0 queryId=null txnid:0
2024-04-24T01:11:24,077  INFO [Heartbeater-0] lockmgr.DbTxnManager: Sending heartbeat for txnid:19 and lockid:0 queryId=null txnid:0
2024-04-24T01:11:24,078  INFO [Heartbeater-0] lockmgr.DbTxnManager: Sending heartbeat for txnid:19 and lockid:0 queryId=null txnid:0
2024-04-24T01:11:24,079  INFO [Heartbeater-0] lockmgr.DbTxnManager: Sending heartbeat for txnid:19 and lockid:0 queryId=null txnid:0
2024-04-24T01:11:24,079  INFO [main] metadata.Hive: Dumping metastore api call timing information for : execution phase
2024-04-24T01:11:24,079  INFO [main] metadata.Hive: Total time spent in each metastore function (ms): {dropTable_(String, String, boolean, boolean, boolean)=48, getTable_(GetTableRequest)=9, isCompatibleWith_(Configuration)=0}
2024-04-24T01:11:24,080  INFO [main] ql.Driver: Completed executing command(queryId=alex_20240424011123_4b49f64a-c9c4-4625-b3b7-9b643efcdd46); Time taken: 0.057 seconds
2024-04-24T01:11:24,080  INFO [main] lockmgr.DbTxnManager: Stopped heartbeat for query: alex_20240424011123_4b49f64a-c9c4-4625-b3b7-9b643efcdd46
2024-04-24T01:11:24,084  INFO [main] txn.TxnHandler: Expected to move at least one record from txn_components to completed_txn_components when committing txn! txnid:19
2024-04-24T01:11:24,090  INFO [main] txn.TxnHandler: Removed transactions: ([19]) from MIN_HISTORY_LEVEL
2024-04-24T01:11:24,090  WARN [main] txn.CompactionTxnHandler: No compaction queue record found for Compaction type transaction commit. txnId:19
2024-04-24T01:11:24,090  INFO [main] utils.TestTxnDbUtil: Cleaning transactional tables
]]></system-err>
  </testcase>
  <testcase name="testMergeOnTezEdges" classname="org.apache.hadoop.hive.ql.TestTxnCommandsWithSplitUpdateAndVectorization" time="1.754">
    <error type="java.lang.RuntimeException"><![CDATA[java.lang.RuntimeException: explain merge into acidTbl as t using nonAcidOrcTbl s ON t.a = s.a WHEN MATCHED AND s.a > 8 THEN DELETE WHEN MATCHED THEN UPDATE SET b = 7 WHEN NOT MATCHED THEN INSERT VALUES(s.a, s.b)  failed: (responseCode = 40000, errorMessage = FAILED: NoMatchingMethodException No matching method for class org.apache.hadoop.hive.ql.udf.UDFToInteger with (struct<writeid:bigint,bucketid:int,rowid:bigint>). Possible choices: _FUNC_(bigint)  _FUNC_(boolean)  _FUNC_(decimal(38,18))  _FUNC_(double)  _FUNC_(float)  _FUNC_(smallint)  _FUNC_(string)  _FUNC_(struct<rowid:bigint,writeid:bigint,bucketid:int>)  _FUNC_(timestamp)  _FUNC_(tinyint)  _FUNC_(void)  , hiveErrorCode = 40000, SQLState = 42000, exception = No matching method for class org.apache.hadoop.hive.ql.udf.UDFToInteger with (struct<writeid:bigint,bucketid:int,rowid:bigint>). Possible choices: _FUNC_(bigint)  _FUNC_(boolean)  _FUNC_(decimal(38,18))  _FUNC_(double)  _FUNC_(float)  _FUNC_(smallint)  _FUNC_(string)  _FUNC_(struct<rowid:bigint,writeid:bigint,bucketid:int>)  _FUNC_(timestamp)  _FUNC_(tinyint)  _FUNC_(void)  )
	at org.apache.hadoop.hive.ql.TxnCommandsBaseForTests.runStatementOnDriver(TxnCommandsBaseForTests.java:247)
	at org.apache.hadoop.hive.ql.TestTxnCommands.testMergeOnTezEdges(TestTxnCommands.java:1198)
	at sun.reflect.NativeMethodAccessorImpl.invoke0(Native Method)
	at sun.reflect.NativeMethodAccessorImpl.invoke(NativeMethodAccessorImpl.java:62)
	at sun.reflect.DelegatingMethodAccessorImpl.invoke(DelegatingMethodAccessorImpl.java:43)
	at java.lang.reflect.Method.invoke(Method.java:498)
	at org.junit.runners.model.FrameworkMethod$1.runReflectiveCall(FrameworkMethod.java:59)
	at org.junit.internal.runners.model.ReflectiveCallable.run(ReflectiveCallable.java:12)
	at org.junit.runners.model.FrameworkMethod.invokeExplosively(FrameworkMethod.java:56)
	at org.junit.internal.runners.statements.InvokeMethod.evaluate(InvokeMethod.java:17)
	at org.junit.internal.runners.statements.RunBefores.evaluate(RunBefores.java:26)
	at org.junit.internal.runners.statements.RunAfters.evaluate(RunAfters.java:27)
	at org.junit.rules.TestWatcher$1.evaluate(TestWatcher.java:61)
	at org.junit.runners.ParentRunner$3.evaluate(ParentRunner.java:306)
	at org.junit.runners.BlockJUnit4ClassRunner$1.evaluate(BlockJUnit4ClassRunner.java:100)
	at org.junit.runners.ParentRunner.runLeaf(ParentRunner.java:366)
	at org.junit.runners.BlockJUnit4ClassRunner.runChild(BlockJUnit4ClassRunner.java:103)
	at org.junit.runners.BlockJUnit4ClassRunner.runChild(BlockJUnit4ClassRunner.java:63)
	at org.junit.runners.ParentRunner$4.run(ParentRunner.java:331)
	at org.junit.runners.ParentRunner$1.schedule(ParentRunner.java:79)
	at org.junit.runners.ParentRunner.runChildren(ParentRunner.java:329)
	at org.junit.runners.ParentRunner.access$100(ParentRunner.java:66)
	at org.junit.runners.ParentRunner$2.evaluate(ParentRunner.java:293)
	at org.junit.runners.ParentRunner$3.evaluate(ParentRunner.java:306)
	at org.junit.runners.ParentRunner.run(ParentRunner.java:413)
	at org.junit.runner.JUnitCore.run(JUnitCore.java:137)
	at org.junit.runner.JUnitCore.run(JUnitCore.java:115)
	at org.junit.vintage.engine.execution.RunnerExecutor.execute(RunnerExecutor.java:43)
	at java.util.stream.ForEachOps$ForEachOp$OfRef.accept(ForEachOps.java:183)
	at java.util.stream.ReferencePipeline$3$1.accept(ReferencePipeline.java:193)
	at java.util.Iterator.forEachRemaining(Iterator.java:116)
	at java.util.Spliterators$IteratorSpliterator.forEachRemaining(Spliterators.java:1801)
	at java.util.stream.AbstractPipeline.copyInto(AbstractPipeline.java:482)
	at java.util.stream.AbstractPipeline.wrapAndCopyInto(AbstractPipeline.java:472)
	at java.util.stream.ForEachOps$ForEachOp.evaluateSequential(ForEachOps.java:150)
	at java.util.stream.ForEachOps$ForEachOp$OfRef.evaluateSequential(ForEachOps.java:173)
	at java.util.stream.AbstractPipeline.evaluate(AbstractPipeline.java:234)
	at java.util.stream.ReferencePipeline.forEach(ReferencePipeline.java:485)
	at org.junit.vintage.engine.VintageTestEngine.executeAllChildren(VintageTestEngine.java:82)
	at org.junit.vintage.engine.VintageTestEngine.execute(VintageTestEngine.java:73)
	at org.junit.platform.launcher.core.DefaultLauncher.execute(DefaultLauncher.java:248)
	at org.junit.platform.launcher.core.DefaultLauncher.lambda$execute$5(DefaultLauncher.java:211)
	at org.junit.platform.launcher.core.DefaultLauncher.withInterceptedStreams(DefaultLauncher.java:226)
	at org.junit.platform.launcher.core.DefaultLauncher.execute(DefaultLauncher.java:199)
	at org.junit.platform.launcher.core.DefaultLauncher.execute(DefaultLauncher.java:132)
	at org.apache.maven.surefire.junitplatform.JUnitPlatformProvider.invokeAllTests(JUnitPlatformProvider.java:154)
	at org.apache.maven.surefire.junitplatform.JUnitPlatformProvider.invoke(JUnitPlatformProvider.java:123)
	at org.apache.maven.surefire.booter.ForkedBooter.runSuitesInProcess(ForkedBooter.java:377)
	at org.apache.maven.surefire.booter.ForkedBooter.execute(ForkedBooter.java:138)
	at org.apache.maven.surefire.booter.ForkedBooter.run(ForkedBooter.java:465)
	at org.apache.maven.surefire.booter.ForkedBooter.main(ForkedBooter.java:451)
]]></error>
    <system-err><![CDATA[2024-04-24T01:11:24,147  WARN [main] conf.HiveConf: HiveConf of name hive.llap.io.cache.orc.alloc.min does not exist
2024-04-24T01:11:24,147  WARN [main] conf.HiveConf: HiveConf of name hive.llap.io.cache.orc.size does not exist
2024-04-24T01:11:24,147  WARN [main] conf.HiveConf: HiveConf of name hive.metastore.client.cache.maxSize does not exist
2024-04-24T01:11:24,147  WARN [main] conf.HiveConf: HiveConf of name hive.metastore.metadb.dir does not exist
2024-04-24T01:11:24,147  WARN [main] conf.HiveConf: HiveConf of name hive.dummyparam.test.server.specific.config.metastoresite does not exist
2024-04-24T01:11:24,147  WARN [main] conf.HiveConf: HiveConf of name hive.llap.io.cache.orc.arena.size does not exist
2024-04-24T01:11:24,148  WARN [main] conf.HiveConf: HiveConf of name hive.llap.io.cache.orc.alloc.max does not exist
2024-04-24T01:11:24,148  WARN [main] conf.HiveConf: HiveConf of name hive.dummyparam.test.server.specific.config.override does not exist
2024-04-24T01:11:24,148  WARN [main] conf.HiveConf: HiveConf of name hive.metastore.client.cache.recordStats does not exist
2024-04-24T01:11:24,148  WARN [main] conf.HiveConf: HiveConf of name hive.stats.key.prefix.reserve.length does not exist
2024-04-24T01:11:24,148  WARN [main] conf.HiveConf: HiveConf of name hive.dummyparam.test.server.specific.config.hivesite does not exist
2024-04-24T01:11:24,150  INFO [main] utils.TestTxnDbUtil: Creating transactional tables
Hive Session ID = ecf22b26-e9a3-4e92-b64a-6c22df2c2169
2024-04-24T01:11:24,152  INFO [main] SessionState: Hive Session ID = ecf22b26-e9a3-4e92-b64a-6c22df2c2169
ivysettings.xml file not found in HIVE_HOME or HIVE_CONF_DIR,/home/alex/Repositories/hive/conf/ivysettings.xml will be used
2024-04-24T01:11:24,153  INFO [main] DependencyResolver: ivysettings.xml file not found in HIVE_HOME or HIVE_CONF_DIR,/home/alex/Repositories/hive/conf/ivysettings.xml will be used
2024-04-24T01:11:24,158  INFO [main] session.SessionState: Created HDFS directory: /home/alex/Repositories/hive/ql/target/tmp/scratchdir/alex/ecf22b26-e9a3-4e92-b64a-6c22df2c2169
2024-04-24T01:11:24,160  INFO [main] session.SessionState: Created local directory: /home/alex/Repositories/hive/ql/target/tmp/localscratchdir/ecf22b26-e9a3-4e92-b64a-6c22df2c2169
2024-04-24T01:11:24,162  INFO [main] session.SessionState: Created HDFS directory: /home/alex/Repositories/hive/ql/target/tmp/scratchdir/alex/ecf22b26-e9a3-4e92-b64a-6c22df2c2169/_tmp_space.db
2024-04-24T01:11:24,163  INFO [main] sqlstd.SQLStdHiveAccessController: Created SQLStdHiveAccessController for session context : HiveAuthzSessionContext [sessionString=ecf22b26-e9a3-4e92-b64a-6c22df2c2169, clientType=HIVECLI]
2024-04-24T01:11:24,163  INFO [main] metastore.HiveMetaStoreClient: Mestastore configuration metastore.txn.timeout changed from 0s to 300s
2024-04-24T01:11:24,163  INFO [main] HiveMetaStore.audit: ugi=alex	ip=unknown-ip-addr	cmd=Cleaning up thread local RawStore...	
2024-04-24T01:11:24,163  INFO [main] metastore.ObjectStore: RawStore: org.apache.hadoop.hive.metastore.ObjectStore@626f4fc3, with PersistenceManager: org.datanucleus.api.jdo.JDOPersistenceManager@3f0dda0d will be shutdown
2024-04-24T01:11:24,163  INFO [main] HiveMetaStore.audit: ugi=alex	ip=unknown-ip-addr	cmd=Done cleaning up thread local RawStore	
2024-04-24T01:11:24,164  INFO [main] metastore.HiveMetaStoreClient: Closed a connection to metastore, current connections: -14
2024-04-24T01:11:24,164  INFO [main] metastore.HiveMetaStoreClient: HMS client filtering is enabled.
2024-04-24T01:11:24,165  INFO [main] metastore.HMSHandler: 0: Opening raw store with implementation class:org.apache.hadoop.hive.metastore.ObjectStore
2024-04-24T01:11:24,165  INFO [main] metastore.PersistenceManagerProvider: Configuration datanucleus.autoStartMechanismMode is not set. Defaulting to 'ignored'
2024-04-24T01:11:24,166  INFO [main] metastore.ObjectStore: RawStore: org.apache.hadoop.hive.metastore.ObjectStore@ac976cf, with PersistenceManager: null will be shutdown
2024-04-24T01:11:24,166  INFO [main] metastore.ObjectStore: RawStore: org.apache.hadoop.hive.metastore.ObjectStore@ac976cf, with PersistenceManager: org.datanucleus.api.jdo.JDOPersistenceManager@7e9d64a2 created in the thread with id: 1
2024-04-24T01:11:24,200  INFO [main] metastore.HMSHandler: Created RawStore: org.apache.hadoop.hive.metastore.ObjectStore@ac976cf from thread id: 1
2024-04-24T01:11:24,200  INFO [main] metastore.HMSHandler: HMS server filtering is disabled by configuration
2024-04-24T01:11:24,200  INFO [main] metastore.RetryingMetaStoreClient: RetryingMetaStoreClient proxy=class org.apache.hadoop.hive.ql.metadata.SessionHiveMetaStoreClient ugi=alex (auth:SIMPLE) retries=1 delay=1 lifetime=0
2024-04-24T01:11:24,200  INFO [main] ql.TxnCommandsBaseForTests: Running the query: drop table if exists acidTbl
2024-04-24T01:11:24,200  INFO [main] ql.Driver: Compiling command(queryId=alex_20240424011124_f01a6924-6cd9-4512-ab6d-f859a6358341): drop table if exists acidTbl
2024-04-24T01:11:24,210  INFO [main] txn.TxnHandler: Added entries to MIN_HISTORY_LEVEL for current txns: ([1]) with min_open_txn: 1
2024-04-24T01:11:24,211  INFO [main] lockmgr.DbTxnManager: Opened txnid:1
2024-04-24T01:11:24,213  INFO [main] HiveMetaStore.audit: ugi=alex	ip=unknown-ip-addr	cmd=get_table : tbl=hive.default.acidTbl	
2024-04-24T01:11:24,216  INFO [main] ql.Driver: Semantic Analysis Completed (retrial = false)
2024-04-24T01:11:24,216  INFO [main] ql.Driver: Created Hive schema: Schema(fieldSchemas:null, properties:null)
2024-04-24T01:11:24,216  INFO [main] metadata.Hive: Dumping metastore api call timing information for : compilation phase
2024-04-24T01:11:24,217  INFO [main] metadata.Hive: Total time spent in each metastore function (ms): {flushCache_()=0, isCompatibleWith_(Configuration)=0, openTxn_(String, TxnType)=10, getValidTxns_(long)=2}
2024-04-24T01:11:24,217  INFO [main] ql.Driver: Completed compiling command(queryId=alex_20240424011124_f01a6924-6cd9-4512-ab6d-f859a6358341); Time taken: 0.016 seconds
2024-04-24T01:11:24,217  INFO [main] lockmgr.DbTxnManager: Setting lock request transaction to txnid:1 for queryId=alex_20240424011124_f01a6924-6cd9-4512-ab6d-f859a6358341
2024-04-24T01:11:24,217  INFO [main] ql.Driver: Operation DROPTABLE obtained 0 locks
2024-04-24T01:11:24,217  INFO [main] ql.Driver: Executing command(queryId=alex_20240424011124_f01a6924-6cd9-4512-ab6d-f859a6358341): drop table if exists acidTbl
2024-04-24T01:11:24,217  INFO [main] ql.Driver: Starting task [Stage-0:DDL] in serial mode
2024-04-24T01:11:24,217  INFO [main] HiveMetaStore.audit: ugi=alex	ip=unknown-ip-addr	cmd=get_table : tbl=hive.default.acidTbl	
2024-04-24T01:11:24,220  INFO [main] metadata.Hive: Dumping metastore api call timing information for : execution phase
2024-04-24T01:11:24,220  INFO [main] metadata.Hive: Total time spent in each metastore function (ms): {isCompatibleWith_(Configuration)=0}
2024-04-24T01:11:24,220  INFO [main] ql.Driver: Completed executing command(queryId=alex_20240424011124_f01a6924-6cd9-4512-ab6d-f859a6358341); Time taken: 0.003 seconds
2024-04-24T01:11:24,220  INFO [main] lockmgr.DbTxnManager: Stopped heartbeat for query: alex_20240424011124_f01a6924-6cd9-4512-ab6d-f859a6358341
2024-04-24T01:11:24,228  INFO [main] txn.TxnHandler: Expected to move at least one record from txn_components to completed_txn_components when committing txn! txnid:1
2024-04-24T01:11:24,236  INFO [main] txn.TxnHandler: Removed transactions: ([1]) from MIN_HISTORY_LEVEL
2024-04-24T01:11:24,236  WARN [main] txn.CompactionTxnHandler: No compaction queue record found for Compaction type transaction commit. txnId:1
2024-04-24T01:11:24,237  INFO [main] ql.TxnCommandsBaseForTests: Running the query: drop table if exists acidTblPart
2024-04-24T01:11:24,237  INFO [main] ql.Driver: Compiling command(queryId=alex_20240424011124_eb310974-5539-4c0f-a688-df053ac704b4): drop table if exists acidTblPart
2024-04-24T01:11:24,239  INFO [main] txn.TxnHandler: Added entries to MIN_HISTORY_LEVEL for current txns: ([2]) with min_open_txn: 1
2024-04-24T01:11:24,240  INFO [main] lockmgr.DbTxnManager: Opened txnid:2
2024-04-24T01:11:24,240  INFO [main] HiveMetaStore.audit: ugi=alex	ip=unknown-ip-addr	cmd=get_table : tbl=hive.default.acidTblPart	
2024-04-24T01:11:24,242  INFO [main] ql.Driver: Semantic Analysis Completed (retrial = false)
2024-04-24T01:11:24,242  INFO [main] ql.Driver: Created Hive schema: Schema(fieldSchemas:null, properties:null)
2024-04-24T01:11:24,242  INFO [main] metadata.Hive: Dumping metastore api call timing information for : compilation phase
2024-04-24T01:11:24,242  INFO [main] metadata.Hive: Total time spent in each metastore function (ms): {openTxn_(String, TxnType)=2, flushCache_()=0, commitTxn_(CommitTxnRequest)=17, isCompatibleWith_(Configuration)=0, getValidTxns_(long)=0}
2024-04-24T01:11:24,243  INFO [main] ql.Driver: Completed compiling command(queryId=alex_20240424011124_eb310974-5539-4c0f-a688-df053ac704b4); Time taken: 0.005 seconds
2024-04-24T01:11:24,243  INFO [main] lockmgr.DbTxnManager: Setting lock request transaction to txnid:2 for queryId=alex_20240424011124_eb310974-5539-4c0f-a688-df053ac704b4
2024-04-24T01:11:24,243  INFO [main] ql.Driver: Operation DROPTABLE obtained 0 locks
2024-04-24T01:11:24,243  INFO [main] ql.Driver: Executing command(queryId=alex_20240424011124_eb310974-5539-4c0f-a688-df053ac704b4): drop table if exists acidTblPart
2024-04-24T01:11:24,243  INFO [main] ql.Driver: Starting task [Stage-0:DDL] in serial mode
2024-04-24T01:11:24,243  INFO [main] HiveMetaStore.audit: ugi=alex	ip=unknown-ip-addr	cmd=get_table : tbl=hive.default.acidTblPart	
2024-04-24T01:11:24,245  INFO [main] metadata.Hive: Dumping metastore api call timing information for : execution phase
2024-04-24T01:11:24,245  INFO [main] metadata.Hive: Total time spent in each metastore function (ms): {isCompatibleWith_(Configuration)=0}
2024-04-24T01:11:24,246  INFO [main] ql.Driver: Completed executing command(queryId=alex_20240424011124_eb310974-5539-4c0f-a688-df053ac704b4); Time taken: 0.002 seconds
2024-04-24T01:11:24,246  INFO [main] lockmgr.DbTxnManager: Stopped heartbeat for query: alex_20240424011124_eb310974-5539-4c0f-a688-df053ac704b4
2024-04-24T01:11:24,251  INFO [main] txn.TxnHandler: Expected to move at least one record from txn_components to completed_txn_components when committing txn! txnid:2
2024-04-24T01:11:24,257  INFO [main] txn.TxnHandler: Removed transactions: ([2]) from MIN_HISTORY_LEVEL
2024-04-24T01:11:24,257  WARN [main] txn.CompactionTxnHandler: No compaction queue record found for Compaction type transaction commit. txnId:2
2024-04-24T01:11:24,258  INFO [main] ql.TxnCommandsBaseForTests: Running the query: drop table if exists acidTbl2
2024-04-24T01:11:24,258  INFO [main] ql.Driver: Compiling command(queryId=alex_20240424011124_58211aec-83df-4760-acb2-3bedc11b3855): drop table if exists acidTbl2
2024-04-24T01:11:24,261  INFO [main] txn.TxnHandler: Added entries to MIN_HISTORY_LEVEL for current txns: ([3]) with min_open_txn: 1
2024-04-24T01:11:24,261  INFO [main] lockmgr.DbTxnManager: Opened txnid:3
2024-04-24T01:11:24,261  INFO [main] HiveMetaStore.audit: ugi=alex	ip=unknown-ip-addr	cmd=get_table : tbl=hive.default.acidTbl2	
2024-04-24T01:11:24,263  INFO [main] ql.Driver: Semantic Analysis Completed (retrial = false)
2024-04-24T01:11:24,263  INFO [main] ql.Driver: Created Hive schema: Schema(fieldSchemas:null, properties:null)
2024-04-24T01:11:24,264  INFO [main] metadata.Hive: Dumping metastore api call timing information for : compilation phase
2024-04-24T01:11:24,264  INFO [main] metadata.Hive: Total time spent in each metastore function (ms): {flushCache_()=0, commitTxn_(CommitTxnRequest)=12, openTxn_(String, TxnType)=2, isCompatibleWith_(Configuration)=1, getValidTxns_(long)=0}
2024-04-24T01:11:24,264  INFO [main] ql.Driver: Completed compiling command(queryId=alex_20240424011124_58211aec-83df-4760-acb2-3bedc11b3855); Time taken: 0.006 seconds
2024-04-24T01:11:24,264  INFO [main] lockmgr.DbTxnManager: Setting lock request transaction to txnid:3 for queryId=alex_20240424011124_58211aec-83df-4760-acb2-3bedc11b3855
2024-04-24T01:11:24,264  INFO [main] ql.Driver: Operation DROPTABLE obtained 0 locks
2024-04-24T01:11:24,264  INFO [main] ql.Driver: Executing command(queryId=alex_20240424011124_58211aec-83df-4760-acb2-3bedc11b3855): drop table if exists acidTbl2
2024-04-24T01:11:24,265  INFO [main] ql.Driver: Starting task [Stage-0:DDL] in serial mode
2024-04-24T01:11:24,265  INFO [main] HiveMetaStore.audit: ugi=alex	ip=unknown-ip-addr	cmd=get_table : tbl=hive.default.acidTbl2	
2024-04-24T01:11:24,267  INFO [main] metadata.Hive: Dumping metastore api call timing information for : execution phase
2024-04-24T01:11:24,267  INFO [main] metadata.Hive: Total time spent in each metastore function (ms): {isCompatibleWith_(Configuration)=0}
2024-04-24T01:11:24,267  INFO [main] ql.Driver: Completed executing command(queryId=alex_20240424011124_58211aec-83df-4760-acb2-3bedc11b3855); Time taken: 0.003 seconds
2024-04-24T01:11:24,267  INFO [main] lockmgr.DbTxnManager: Stopped heartbeat for query: alex_20240424011124_58211aec-83df-4760-acb2-3bedc11b3855
2024-04-24T01:11:24,273  INFO [main] txn.TxnHandler: Expected to move at least one record from txn_components to completed_txn_components when committing txn! txnid:3
2024-04-24T01:11:24,279  INFO [main] txn.TxnHandler: Removed transactions: ([3]) from MIN_HISTORY_LEVEL
2024-04-24T01:11:24,279  WARN [main] txn.CompactionTxnHandler: No compaction queue record found for Compaction type transaction commit. txnId:3
2024-04-24T01:11:24,280  INFO [main] ql.TxnCommandsBaseForTests: Running the query: drop table if exists nonAcidOrcTbl
2024-04-24T01:11:24,280  INFO [main] ql.Driver: Compiling command(queryId=alex_20240424011124_dd524f38-0d94-473e-b811-cc147fa8707e): drop table if exists nonAcidOrcTbl
2024-04-24T01:11:24,282  INFO [main] txn.TxnHandler: Added entries to MIN_HISTORY_LEVEL for current txns: ([4]) with min_open_txn: 1
2024-04-24T01:11:24,282  INFO [main] lockmgr.DbTxnManager: Opened txnid:4
2024-04-24T01:11:24,283  INFO [main] HiveMetaStore.audit: ugi=alex	ip=unknown-ip-addr	cmd=get_table : tbl=hive.default.nonAcidOrcTbl	
2024-04-24T01:11:24,285  INFO [main] ql.Driver: Semantic Analysis Completed (retrial = false)
2024-04-24T01:11:24,285  INFO [main] ql.Driver: Created Hive schema: Schema(fieldSchemas:null, properties:null)
2024-04-24T01:11:24,285  INFO [main] metadata.Hive: Dumping metastore api call timing information for : compilation phase
2024-04-24T01:11:24,285  INFO [main] metadata.Hive: Total time spent in each metastore function (ms): {isCompatibleWith_(Configuration)=2, commitTxn_(CommitTxnRequest)=12, flushCache_()=0, getValidTxns_(long)=0, openTxn_(String, TxnType)=1}
2024-04-24T01:11:24,285  INFO [main] ql.Driver: Completed compiling command(queryId=alex_20240424011124_dd524f38-0d94-473e-b811-cc147fa8707e); Time taken: 0.005 seconds
2024-04-24T01:11:24,285  INFO [main] lockmgr.DbTxnManager: Setting lock request transaction to txnid:4 for queryId=alex_20240424011124_dd524f38-0d94-473e-b811-cc147fa8707e
2024-04-24T01:11:24,285  INFO [main] ql.Driver: Operation DROPTABLE obtained 0 locks
2024-04-24T01:11:24,286  INFO [main] ql.Driver: Executing command(queryId=alex_20240424011124_dd524f38-0d94-473e-b811-cc147fa8707e): drop table if exists nonAcidOrcTbl
2024-04-24T01:11:24,286  INFO [main] ql.Driver: Starting task [Stage-0:DDL] in serial mode
2024-04-24T01:11:24,286  INFO [main] HiveMetaStore.audit: ugi=alex	ip=unknown-ip-addr	cmd=get_table : tbl=hive.default.nonAcidOrcTbl	
2024-04-24T01:11:24,288  INFO [main] metadata.Hive: Dumping metastore api call timing information for : execution phase
2024-04-24T01:11:24,288  INFO [main] metadata.Hive: Total time spent in each metastore function (ms): {isCompatibleWith_(Configuration)=0}
2024-04-24T01:11:24,288  INFO [main] ql.Driver: Completed executing command(queryId=alex_20240424011124_dd524f38-0d94-473e-b811-cc147fa8707e); Time taken: 0.002 seconds
2024-04-24T01:11:24,288  INFO [main] lockmgr.DbTxnManager: Stopped heartbeat for query: alex_20240424011124_dd524f38-0d94-473e-b811-cc147fa8707e
2024-04-24T01:11:24,294  INFO [main] txn.TxnHandler: Expected to move at least one record from txn_components to completed_txn_components when committing txn! txnid:4
2024-04-24T01:11:24,300  INFO [main] txn.TxnHandler: Removed transactions: ([4]) from MIN_HISTORY_LEVEL
2024-04-24T01:11:24,300  WARN [main] txn.CompactionTxnHandler: No compaction queue record found for Compaction type transaction commit. txnId:4
2024-04-24T01:11:24,300  INFO [main] ql.TxnCommandsBaseForTests: Running the query: drop table if exists nonAcidOrcTbl2
2024-04-24T01:11:24,301  INFO [main] ql.Driver: Compiling command(queryId=alex_20240424011124_5b19594b-bfa7-45bc-b054-ae6161e271ee): drop table if exists nonAcidOrcTbl2
2024-04-24T01:11:24,302  INFO [main] txn.TxnHandler: Added entries to MIN_HISTORY_LEVEL for current txns: ([5]) with min_open_txn: 1
2024-04-24T01:11:24,303  INFO [main] lockmgr.DbTxnManager: Opened txnid:5
2024-04-24T01:11:24,303  INFO [main] HiveMetaStore.audit: ugi=alex	ip=unknown-ip-addr	cmd=get_table : tbl=hive.default.nonAcidOrcTbl2	
2024-04-24T01:11:24,305  INFO [main] ql.Driver: Semantic Analysis Completed (retrial = false)
2024-04-24T01:11:24,305  INFO [main] ql.Driver: Created Hive schema: Schema(fieldSchemas:null, properties:null)
2024-04-24T01:11:24,305  INFO [main] metadata.Hive: Dumping metastore api call timing information for : compilation phase
2024-04-24T01:11:24,305  INFO [main] metadata.Hive: Total time spent in each metastore function (ms): {isCompatibleWith_(Configuration)=0, getValidTxns_(long)=0, flushCache_()=0, commitTxn_(CommitTxnRequest)=12, openTxn_(String, TxnType)=2}
2024-04-24T01:11:24,305  INFO [main] ql.Driver: Completed compiling command(queryId=alex_20240424011124_5b19594b-bfa7-45bc-b054-ae6161e271ee); Time taken: 0.004 seconds
2024-04-24T01:11:24,306  INFO [main] lockmgr.DbTxnManager: Setting lock request transaction to txnid:5 for queryId=alex_20240424011124_5b19594b-bfa7-45bc-b054-ae6161e271ee
2024-04-24T01:11:24,306  INFO [main] ql.Driver: Operation DROPTABLE obtained 0 locks
2024-04-24T01:11:24,306  INFO [main] ql.Driver: Executing command(queryId=alex_20240424011124_5b19594b-bfa7-45bc-b054-ae6161e271ee): drop table if exists nonAcidOrcTbl2
2024-04-24T01:11:24,306  INFO [main] ql.Driver: Starting task [Stage-0:DDL] in serial mode
2024-04-24T01:11:24,306  INFO [main] HiveMetaStore.audit: ugi=alex	ip=unknown-ip-addr	cmd=get_table : tbl=hive.default.nonAcidOrcTbl2	
2024-04-24T01:11:24,308  INFO [main] metadata.Hive: Dumping metastore api call timing information for : execution phase
2024-04-24T01:11:24,308  INFO [main] metadata.Hive: Total time spent in each metastore function (ms): {isCompatibleWith_(Configuration)=0}
2024-04-24T01:11:24,308  INFO [main] ql.Driver: Completed executing command(queryId=alex_20240424011124_5b19594b-bfa7-45bc-b054-ae6161e271ee); Time taken: 0.002 seconds
2024-04-24T01:11:24,308  INFO [main] lockmgr.DbTxnManager: Stopped heartbeat for query: alex_20240424011124_5b19594b-bfa7-45bc-b054-ae6161e271ee
2024-04-24T01:11:24,314  INFO [main] txn.TxnHandler: Expected to move at least one record from txn_components to completed_txn_components when committing txn! txnid:5
2024-04-24T01:11:24,320  INFO [main] txn.TxnHandler: Removed transactions: ([5]) from MIN_HISTORY_LEVEL
2024-04-24T01:11:24,320  WARN [main] txn.CompactionTxnHandler: No compaction queue record found for Compaction type transaction commit. txnId:5
2024-04-24T01:11:24,320  INFO [main] ql.TxnCommandsBaseForTests: Running the query: drop table if exists nonAcidNonBucket
2024-04-24T01:11:24,321  INFO [main] ql.Driver: Compiling command(queryId=alex_20240424011124_6f6aa536-2cba-496e-96ae-73cf4fdcd718): drop table if exists nonAcidNonBucket
2024-04-24T01:11:24,323  INFO [main] txn.TxnHandler: Added entries to MIN_HISTORY_LEVEL for current txns: ([6]) with min_open_txn: 1
2024-04-24T01:11:24,323  INFO [main] lockmgr.DbTxnManager: Opened txnid:6
2024-04-24T01:11:24,323  INFO [main] HiveMetaStore.audit: ugi=alex	ip=unknown-ip-addr	cmd=get_table : tbl=hive.default.nonAcidNonBucket	
2024-04-24T01:11:24,325  INFO [main] ql.Driver: Semantic Analysis Completed (retrial = false)
2024-04-24T01:11:24,325  INFO [main] ql.Driver: Created Hive schema: Schema(fieldSchemas:null, properties:null)
2024-04-24T01:11:24,325  INFO [main] metadata.Hive: Dumping metastore api call timing information for : compilation phase
2024-04-24T01:11:24,325  INFO [main] metadata.Hive: Total time spent in each metastore function (ms): {commitTxn_(CommitTxnRequest)=12, openTxn_(String, TxnType)=2, isCompatibleWith_(Configuration)=0, getValidTxns_(long)=0, flushCache_()=0}
2024-04-24T01:11:24,325  INFO [main] ql.Driver: Completed compiling command(queryId=alex_20240424011124_6f6aa536-2cba-496e-96ae-73cf4fdcd718); Time taken: 0.004 seconds
2024-04-24T01:11:24,326  INFO [main] lockmgr.DbTxnManager: Setting lock request transaction to txnid:6 for queryId=alex_20240424011124_6f6aa536-2cba-496e-96ae-73cf4fdcd718
2024-04-24T01:11:24,326  INFO [main] ql.Driver: Operation DROPTABLE obtained 0 locks
2024-04-24T01:11:24,326  INFO [main] ql.Driver: Executing command(queryId=alex_20240424011124_6f6aa536-2cba-496e-96ae-73cf4fdcd718): drop table if exists nonAcidNonBucket
2024-04-24T01:11:24,326  INFO [main] ql.Driver: Starting task [Stage-0:DDL] in serial mode
2024-04-24T01:11:24,326  INFO [main] HiveMetaStore.audit: ugi=alex	ip=unknown-ip-addr	cmd=get_table : tbl=hive.default.nonAcidNonBucket	
2024-04-24T01:11:24,329  INFO [main] metadata.Hive: Dumping metastore api call timing information for : execution phase
2024-04-24T01:11:24,329  INFO [main] metadata.Hive: Total time spent in each metastore function (ms): {isCompatibleWith_(Configuration)=0}
2024-04-24T01:11:24,329  INFO [main] ql.Driver: Completed executing command(queryId=alex_20240424011124_6f6aa536-2cba-496e-96ae-73cf4fdcd718); Time taken: 0.003 seconds
2024-04-24T01:11:24,329  INFO [main] lockmgr.DbTxnManager: Stopped heartbeat for query: alex_20240424011124_6f6aa536-2cba-496e-96ae-73cf4fdcd718
2024-04-24T01:11:24,336  INFO [main] txn.TxnHandler: Expected to move at least one record from txn_components to completed_txn_components when committing txn! txnid:6
2024-04-24T01:11:24,342  INFO [main] txn.TxnHandler: Removed transactions: ([6]) from MIN_HISTORY_LEVEL
2024-04-24T01:11:24,342  WARN [main] txn.CompactionTxnHandler: No compaction queue record found for Compaction type transaction commit. txnId:6
2024-04-24T01:11:24,343  INFO [main] ql.TxnCommandsBaseForTests: Running the query: create table acidTbl(a int, b int) clustered by (a) into 2 buckets stored as orc TBLPROPERTIES ('transactional'='true')
2024-04-24T01:11:24,343  INFO [main] ql.Driver: Compiling command(queryId=alex_20240424011124_8569d7b2-1151-4c81-a50f-214d9b9f1abf): create table acidTbl(a int, b int) clustered by (a) into 2 buckets stored as orc TBLPROPERTIES ('transactional'='true')
2024-04-24T01:11:24,345  INFO [main] txn.TxnHandler: Added entries to MIN_HISTORY_LEVEL for current txns: ([7]) with min_open_txn: 1
2024-04-24T01:11:24,345  INFO [main] lockmgr.DbTxnManager: Opened txnid:7
2024-04-24T01:11:24,346  INFO [main] parse.CalcitePlanner: Starting caching scope for: 
2024-04-24T01:11:24,346  INFO [main] parse.CalcitePlanner: Starting Semantic Analysis
2024-04-24T01:11:24,352  INFO [main] parse.CalcitePlanner: Creating table default.acidTbl position=13
2024-04-24T01:11:24,352  INFO [main] HiveMetaStore.audit: ugi=alex	ip=unknown-ip-addr	cmd=get_database: default	
2024-04-24T01:11:24,353  INFO [main] parse.CalcitePlanner: Ending caching scope for: 
2024-04-24T01:11:24,353  INFO [main] ql.Driver: Semantic Analysis Completed (retrial = false)
2024-04-24T01:11:24,353  INFO [main] ql.Driver: Created Hive schema: Schema(fieldSchemas:null, properties:null)
2024-04-24T01:11:24,353  INFO [main] metadata.Hive: Dumping metastore api call timing information for : compilation phase
2024-04-24T01:11:24,353  INFO [main] metadata.Hive: Total time spent in each metastore function (ms): {getValidTxns_(long)=1, getValidWriteIds_(List, String)=6, isCompatibleWith_(Configuration)=0, openTxn_(String, TxnType)=2, commitTxn_(CommitTxnRequest)=14, getDatabase_(String)=1, flushCache_()=0}
2024-04-24T01:11:24,353  INFO [main] ql.Driver: Completed compiling command(queryId=alex_20240424011124_8569d7b2-1151-4c81-a50f-214d9b9f1abf); Time taken: 0.01 seconds
2024-04-24T01:11:24,353  INFO [main] lockmgr.DbTxnManager: Setting lock request transaction to txnid:7 for queryId=alex_20240424011124_8569d7b2-1151-4c81-a50f-214d9b9f1abf
2024-04-24T01:11:24,354  INFO [main] lockmgr.DbLockManager: Requesting lock for queryId=alex_20240424011124_8569d7b2-1151-4c81-a50f-214d9b9f1abf
2024-04-24T01:11:24,372  INFO [main] lockmgr.DbLockManager: Response to queryId=alex_20240424011124_8569d7b2-1151-4c81-a50f-214d9b9f1abf LockResponse(lockid:1, state:ACQUIRED)
2024-04-24T01:11:24,372  INFO [main] ql.Driver: Operation CREATETABLE obtained 1 locks
2024-04-24T01:11:24,373  INFO [main] ql.Driver: Executing command(queryId=alex_20240424011124_8569d7b2-1151-4c81-a50f-214d9b9f1abf): create table acidTbl(a int, b int) clustered by (a) into 2 buckets stored as orc TBLPROPERTIES ('transactional'='true')
2024-04-24T01:11:24,373  INFO [main] ql.Driver: Starting task [Stage-0:DDL] in serial mode
2024-04-24T01:11:24,374  INFO [main] HiveMetaStore.audit: ugi=alex	ip=unknown-ip-addr	cmd=create_table_req: Table(tableName:acidTbl, dbName:default, owner:alex, createTime:1713946284, lastAccessTime:0, retention:0, sd:StorageDescriptor(cols:[FieldSchema(name:a, type:int, comment:null), FieldSchema(name:b, type:int, comment:null)], location:null, inputFormat:org.apache.hadoop.hive.ql.io.orc.OrcInputFormat, outputFormat:org.apache.hadoop.hive.ql.io.orc.OrcOutputFormat, compressed:false, numBuckets:2, serdeInfo:SerDeInfo(name:null, serializationLib:org.apache.hadoop.hive.ql.io.orc.OrcSerde, parameters:{serialization.format=1}), bucketCols:[a], sortCols:[], parameters:{}, skewedInfo:SkewedInfo(skewedColNames:[], skewedColValues:[], skewedColValueLocationMaps:{}), storedAsSubDirectories:false), partitionKeys:[], parameters:{numRows=0, COLUMN_STATS_ACCURATE={"BASIC_STATS":"true","COLUMN_STATS":{"a":"true","b":"true"}}, transactional=true, numFiles=0, bucketing_version=2, numFilesErasureCoded=0, totalSize=0, rawDataSize=0}, viewOriginalText:null, viewExpandedText:null, tableType:MANAGED_TABLE, privileges:PrincipalPrivilegeSet(userPrivileges:{alex=[PrivilegeGrantInfo(privilege:INSERT, createTime:-1, grantor:alex, grantorType:USER, grantOption:true), PrivilegeGrantInfo(privilege:SELECT, createTime:-1, grantor:alex, grantorType:USER, grantOption:true), PrivilegeGrantInfo(privilege:UPDATE, createTime:-1, grantor:alex, grantorType:USER, grantOption:true), PrivilegeGrantInfo(privilege:DELETE, createTime:-1, grantor:alex, grantorType:USER, grantOption:true)]}, groupPrivileges:null, rolePrivileges:null), temporary:false, catName:hive, ownerType:USER, writeId:0)	
2024-04-24T01:11:24,378  INFO [main] utils.FileUtils: Creating directory if it doesn't exist: file:/home/alex/Repositories/hive/ql/target/tmp/org.apache.hadoop.hive.ql.TestTxnCommands-1713946100941/warehouse/acidtbl
2024-04-24T01:11:24,414  INFO [main] metadata.Hive: Dumping metastore api call timing information for : execution phase
2024-04-24T01:11:24,414  INFO [main] metadata.Hive: Total time spent in each metastore function (ms): {isCompatibleWith_(Configuration)=0, createTable_(Table)=40}
2024-04-24T01:11:24,415  INFO [main] ql.Driver: Completed executing command(queryId=alex_20240424011124_8569d7b2-1151-4c81-a50f-214d9b9f1abf); Time taken: 0.041 seconds
2024-04-24T01:11:24,415  INFO [main] lockmgr.DbTxnManager: Stopped heartbeat for query: alex_20240424011124_8569d7b2-1151-4c81-a50f-214d9b9f1abf
2024-04-24T01:11:24,418  INFO [main] txn.TxnHandler: Expected to move at least one record from txn_components to completed_txn_components when committing txn! txnid:7
2024-04-24T01:11:24,425  INFO [main] txn.TxnHandler: Removed transactions: ([7]) from MIN_HISTORY_LEVEL
2024-04-24T01:11:24,425  WARN [main] txn.CompactionTxnHandler: No compaction queue record found for Compaction type transaction commit. txnId:7
2024-04-24T01:11:24,425  INFO [main] ql.TxnCommandsBaseForTests: Running the query: create table acidTblPart(a int, b int) partitioned by (p string) clustered by (a) into 2 buckets stored as orc TBLPROPERTIES ('transactional'='true')
2024-04-24T01:11:24,426  INFO [main] ql.Driver: Compiling command(queryId=alex_20240424011124_3ece696a-ca41-40a1-8dd6-9fc7849159d3): create table acidTblPart(a int, b int) partitioned by (p string) clustered by (a) into 2 buckets stored as orc TBLPROPERTIES ('transactional'='true')
2024-04-24T01:11:24,428  INFO [main] txn.TxnHandler: Added entries to MIN_HISTORY_LEVEL for current txns: ([8]) with min_open_txn: 1
2024-04-24T01:11:24,428  INFO [main] lockmgr.DbTxnManager: Opened txnid:8
2024-04-24T01:11:24,429  INFO [main] parse.CalcitePlanner: Starting caching scope for: 
2024-04-24T01:11:24,429  INFO [main] parse.CalcitePlanner: Starting Semantic Analysis
2024-04-24T01:11:24,431  INFO [main] parse.CalcitePlanner: Creating table default.acidTblPart position=13
2024-04-24T01:11:24,432  INFO [main] HiveMetaStore.audit: ugi=alex	ip=unknown-ip-addr	cmd=get_database: default	
2024-04-24T01:11:24,433  INFO [main] parse.CalcitePlanner: Ending caching scope for: 
2024-04-24T01:11:24,433  INFO [main] ql.Driver: Semantic Analysis Completed (retrial = false)
2024-04-24T01:11:24,434  INFO [main] ql.Driver: Created Hive schema: Schema(fieldSchemas:null, properties:null)
2024-04-24T01:11:24,434  INFO [main] metadata.Hive: Dumping metastore api call timing information for : compilation phase
2024-04-24T01:11:24,434  INFO [main] metadata.Hive: Total time spent in each metastore function (ms): {getDatabase_(String)=1, openTxn_(String, TxnType)=2, flushCache_()=0, getValidWriteIds_(List, String)=2, getValidTxns_(long)=0, commitTxn_(CommitTxnRequest)=10, isCompatibleWith_(Configuration)=1}
2024-04-24T01:11:24,434  INFO [main] ql.Driver: Completed compiling command(queryId=alex_20240424011124_3ece696a-ca41-40a1-8dd6-9fc7849159d3); Time taken: 0.009 seconds
2024-04-24T01:11:24,434  INFO [main] lockmgr.DbTxnManager: Setting lock request transaction to txnid:8 for queryId=alex_20240424011124_3ece696a-ca41-40a1-8dd6-9fc7849159d3
2024-04-24T01:11:24,435  INFO [main] lockmgr.DbLockManager: Requesting lock for queryId=alex_20240424011124_3ece696a-ca41-40a1-8dd6-9fc7849159d3
2024-04-24T01:11:24,450  INFO [main] lockmgr.DbLockManager: Response to queryId=alex_20240424011124_3ece696a-ca41-40a1-8dd6-9fc7849159d3 LockResponse(lockid:2, state:ACQUIRED)
2024-04-24T01:11:24,450  INFO [main] ql.Driver: Operation CREATETABLE obtained 1 locks
2024-04-24T01:11:24,451  INFO [main] ql.Driver: Executing command(queryId=alex_20240424011124_3ece696a-ca41-40a1-8dd6-9fc7849159d3): create table acidTblPart(a int, b int) partitioned by (p string) clustered by (a) into 2 buckets stored as orc TBLPROPERTIES ('transactional'='true')
2024-04-24T01:11:24,451  INFO [main] ql.Driver: Starting task [Stage-0:DDL] in serial mode
2024-04-24T01:11:24,452  INFO [main] HiveMetaStore.audit: ugi=alex	ip=unknown-ip-addr	cmd=create_table_req: Table(tableName:acidTblPart, dbName:default, owner:alex, createTime:1713946284, lastAccessTime:0, retention:0, sd:StorageDescriptor(cols:[FieldSchema(name:a, type:int, comment:null), FieldSchema(name:b, type:int, comment:null)], location:null, inputFormat:org.apache.hadoop.hive.ql.io.orc.OrcInputFormat, outputFormat:org.apache.hadoop.hive.ql.io.orc.OrcOutputFormat, compressed:false, numBuckets:2, serdeInfo:SerDeInfo(name:null, serializationLib:org.apache.hadoop.hive.ql.io.orc.OrcSerde, parameters:{serialization.format=1}), bucketCols:[a], sortCols:[], parameters:{}, skewedInfo:SkewedInfo(skewedColNames:[], skewedColValues:[], skewedColValueLocationMaps:{}), storedAsSubDirectories:false), partitionKeys:[FieldSchema(name:p, type:string, comment:null)], parameters:{bucketing_version=2, transactional=true}, viewOriginalText:null, viewExpandedText:null, tableType:MANAGED_TABLE, privileges:PrincipalPrivilegeSet(userPrivileges:{alex=[PrivilegeGrantInfo(privilege:INSERT, createTime:-1, grantor:alex, grantorType:USER, grantOption:true), PrivilegeGrantInfo(privilege:SELECT, createTime:-1, grantor:alex, grantorType:USER, grantOption:true), PrivilegeGrantInfo(privilege:UPDATE, createTime:-1, grantor:alex, grantorType:USER, grantOption:true), PrivilegeGrantInfo(privilege:DELETE, createTime:-1, grantor:alex, grantorType:USER, grantOption:true)]}, groupPrivileges:null, rolePrivileges:null), temporary:false, catName:hive, ownerType:USER, writeId:0)	
2024-04-24T01:11:24,457  INFO [main] utils.FileUtils: Creating directory if it doesn't exist: file:/home/alex/Repositories/hive/ql/target/tmp/org.apache.hadoop.hive.ql.TestTxnCommands-1713946100941/warehouse/acidtblpart
2024-04-24T01:11:24,471  INFO [main] metadata.Hive: Dumping metastore api call timing information for : execution phase
2024-04-24T01:11:24,471  INFO [main] metadata.Hive: Total time spent in each metastore function (ms): {isCompatibleWith_(Configuration)=0, createTable_(Table)=19}
2024-04-24T01:11:24,471  INFO [main] ql.Driver: Completed executing command(queryId=alex_20240424011124_3ece696a-ca41-40a1-8dd6-9fc7849159d3); Time taken: 0.02 seconds
2024-04-24T01:11:24,471  INFO [main] lockmgr.DbTxnManager: Stopped heartbeat for query: alex_20240424011124_3ece696a-ca41-40a1-8dd6-9fc7849159d3
2024-04-24T01:11:24,475  INFO [main] txn.TxnHandler: Expected to move at least one record from txn_components to completed_txn_components when committing txn! txnid:8
2024-04-24T01:11:24,481  INFO [main] txn.TxnHandler: Removed transactions: ([8]) from MIN_HISTORY_LEVEL
2024-04-24T01:11:24,481  WARN [main] txn.CompactionTxnHandler: No compaction queue record found for Compaction type transaction commit. txnId:8
2024-04-24T01:11:24,482  INFO [main] ql.TxnCommandsBaseForTests: Running the query: create table nonAcidOrcTbl(a int, b int) clustered by (a) into 2 buckets stored as orc TBLPROPERTIES ('transactional'='false')
2024-04-24T01:11:24,482  INFO [main] ql.Driver: Compiling command(queryId=alex_20240424011124_d75e456e-bddf-4916-82ab-a8698ca62d03): create table nonAcidOrcTbl(a int, b int) clustered by (a) into 2 buckets stored as orc TBLPROPERTIES ('transactional'='false')
2024-04-24T01:11:24,484  INFO [main] txn.TxnHandler: Added entries to MIN_HISTORY_LEVEL for current txns: ([9]) with min_open_txn: 1
2024-04-24T01:11:24,485  INFO [main] lockmgr.DbTxnManager: Opened txnid:9
2024-04-24T01:11:24,485  INFO [main] parse.CalcitePlanner: Starting caching scope for: 
2024-04-24T01:11:24,485  INFO [main] parse.CalcitePlanner: Starting Semantic Analysis
2024-04-24T01:11:24,488  INFO [main] parse.CalcitePlanner: Creating table default.nonAcidOrcTbl position=13
2024-04-24T01:11:24,488  INFO [main] HiveMetaStore.audit: ugi=alex	ip=unknown-ip-addr	cmd=get_database: default	
2024-04-24T01:11:24,490  INFO [main] parse.CalcitePlanner: Ending caching scope for: 
2024-04-24T01:11:24,490  INFO [main] ql.Driver: Semantic Analysis Completed (retrial = false)
2024-04-24T01:11:24,490  INFO [main] ql.Driver: Created Hive schema: Schema(fieldSchemas:null, properties:null)
2024-04-24T01:11:24,490  INFO [main] metadata.Hive: Dumping metastore api call timing information for : compilation phase
2024-04-24T01:11:24,490  INFO [main] metadata.Hive: Total time spent in each metastore function (ms): {openTxn_(String, TxnType)=2, commitTxn_(CommitTxnRequest)=11, flushCache_()=0, getValidWriteIds_(List, String)=2, isCompatibleWith_(Configuration)=1, getDatabase_(String)=2, getValidTxns_(long)=0}
2024-04-24T01:11:24,490  INFO [main] ql.Driver: Completed compiling command(queryId=alex_20240424011124_d75e456e-bddf-4916-82ab-a8698ca62d03); Time taken: 0.008 seconds
2024-04-24T01:11:24,490  INFO [main] lockmgr.DbTxnManager: Setting lock request transaction to txnid:9 for queryId=alex_20240424011124_d75e456e-bddf-4916-82ab-a8698ca62d03
2024-04-24T01:11:24,491  INFO [main] lockmgr.DbLockManager: Requesting lock for queryId=alex_20240424011124_d75e456e-bddf-4916-82ab-a8698ca62d03
2024-04-24T01:11:24,506  INFO [main] lockmgr.DbLockManager: Response to queryId=alex_20240424011124_d75e456e-bddf-4916-82ab-a8698ca62d03 LockResponse(lockid:3, state:ACQUIRED)
2024-04-24T01:11:24,506  INFO [main] ql.Driver: Operation CREATETABLE obtained 1 locks
2024-04-24T01:11:24,506  INFO [main] ql.Driver: Executing command(queryId=alex_20240424011124_d75e456e-bddf-4916-82ab-a8698ca62d03): create table nonAcidOrcTbl(a int, b int) clustered by (a) into 2 buckets stored as orc TBLPROPERTIES ('transactional'='false')
2024-04-24T01:11:24,506  INFO [main] ql.Driver: Starting task [Stage-0:DDL] in serial mode
2024-04-24T01:11:24,507  INFO [main] HiveMetaStore.audit: ugi=alex	ip=unknown-ip-addr	cmd=create_table_req: Table(tableName:nonAcidOrcTbl, dbName:default, owner:alex, createTime:1713946284, lastAccessTime:0, retention:0, sd:StorageDescriptor(cols:[FieldSchema(name:a, type:int, comment:null), FieldSchema(name:b, type:int, comment:null)], location:null, inputFormat:org.apache.hadoop.hive.ql.io.orc.OrcInputFormat, outputFormat:org.apache.hadoop.hive.ql.io.orc.OrcOutputFormat, compressed:false, numBuckets:2, serdeInfo:SerDeInfo(name:null, serializationLib:org.apache.hadoop.hive.ql.io.orc.OrcSerde, parameters:{serialization.format=1}), bucketCols:[a], sortCols:[], parameters:{}, skewedInfo:SkewedInfo(skewedColNames:[], skewedColValues:[], skewedColValueLocationMaps:{}), storedAsSubDirectories:false), partitionKeys:[], parameters:{numRows=0, totalSize=0, COLUMN_STATS_ACCURATE={"BASIC_STATS":"true","COLUMN_STATS":{"a":"true","b":"true"}}, rawDataSize=0, transactional=false, numFiles=0, numFilesErasureCoded=0, bucketing_version=2}, viewOriginalText:null, viewExpandedText:null, tableType:MANAGED_TABLE, privileges:PrincipalPrivilegeSet(userPrivileges:{alex=[PrivilegeGrantInfo(privilege:INSERT, createTime:-1, grantor:alex, grantorType:USER, grantOption:true), PrivilegeGrantInfo(privilege:SELECT, createTime:-1, grantor:alex, grantorType:USER, grantOption:true), PrivilegeGrantInfo(privilege:UPDATE, createTime:-1, grantor:alex, grantorType:USER, grantOption:true), PrivilegeGrantInfo(privilege:DELETE, createTime:-1, grantor:alex, grantorType:USER, grantOption:true)]}, groupPrivileges:null, rolePrivileges:null), temporary:false, catName:hive, ownerType:USER)	
2024-04-24T01:11:24,512  INFO [main] utils.FileUtils: Creating directory if it doesn't exist: file:/home/alex/Repositories/hive/ql/target/tmp/org.apache.hadoop.hive.ql.TestTxnCommands-1713946100941/warehouse/nonacidorctbl
2024-04-24T01:11:24,525  INFO [main] metadata.Hive: Dumping metastore api call timing information for : execution phase
2024-04-24T01:11:24,525  INFO [main] metadata.Hive: Total time spent in each metastore function (ms): {isCompatibleWith_(Configuration)=0, createTable_(Table)=18}
2024-04-24T01:11:24,525  INFO [main] ql.Driver: Completed executing command(queryId=alex_20240424011124_d75e456e-bddf-4916-82ab-a8698ca62d03); Time taken: 0.019 seconds
2024-04-24T01:11:24,525  INFO [main] lockmgr.DbTxnManager: Stopped heartbeat for query: alex_20240424011124_d75e456e-bddf-4916-82ab-a8698ca62d03
2024-04-24T01:11:24,530  INFO [main] txn.TxnHandler: Expected to move at least one record from txn_components to completed_txn_components when committing txn! txnid:9
2024-04-24T01:11:24,536  INFO [main] txn.TxnHandler: Removed transactions: ([9]) from MIN_HISTORY_LEVEL
2024-04-24T01:11:24,536  WARN [main] txn.CompactionTxnHandler: No compaction queue record found for Compaction type transaction commit. txnId:9
2024-04-24T01:11:24,537  INFO [main] ql.TxnCommandsBaseForTests: Running the query: create table nonAcidOrcTbl2(a int, b int) clustered by (a) into 2 buckets stored as orc TBLPROPERTIES ('transactional'='false')
2024-04-24T01:11:24,537  INFO [main] ql.Driver: Compiling command(queryId=alex_20240424011124_e603b2ac-3cd8-4d5e-93d0-796f5344dcf9): create table nonAcidOrcTbl2(a int, b int) clustered by (a) into 2 buckets stored as orc TBLPROPERTIES ('transactional'='false')
2024-04-24T01:11:24,539  INFO [main] txn.TxnHandler: Added entries to MIN_HISTORY_LEVEL for current txns: ([10]) with min_open_txn: 1
2024-04-24T01:11:24,540  INFO [main] lockmgr.DbTxnManager: Opened txnid:10
2024-04-24T01:11:24,540  INFO [main] parse.CalcitePlanner: Starting caching scope for: 
2024-04-24T01:11:24,540  INFO [main] parse.CalcitePlanner: Starting Semantic Analysis
2024-04-24T01:11:24,543  INFO [main] parse.CalcitePlanner: Creating table default.nonAcidOrcTbl2 position=13
2024-04-24T01:11:24,543  INFO [main] HiveMetaStore.audit: ugi=alex	ip=unknown-ip-addr	cmd=get_database: default	
2024-04-24T01:11:24,545  INFO [main] parse.CalcitePlanner: Ending caching scope for: 
2024-04-24T01:11:24,545  INFO [main] ql.Driver: Semantic Analysis Completed (retrial = false)
2024-04-24T01:11:24,545  INFO [main] ql.Driver: Created Hive schema: Schema(fieldSchemas:null, properties:null)
2024-04-24T01:11:24,545  INFO [main] metadata.Hive: Dumping metastore api call timing information for : compilation phase
2024-04-24T01:11:24,545  INFO [main] metadata.Hive: Total time spent in each metastore function (ms): {flushCache_()=1, openTxn_(String, TxnType)=2, isCompatibleWith_(Configuration)=0, getDatabase_(String)=2, commitTxn_(CommitTxnRequest)=12, getValidTxns_(long)=0, getValidWriteIds_(List, String)=3}
2024-04-24T01:11:24,546  INFO [main] ql.Driver: Completed compiling command(queryId=alex_20240424011124_e603b2ac-3cd8-4d5e-93d0-796f5344dcf9); Time taken: 0.008 seconds
2024-04-24T01:11:24,546  INFO [main] lockmgr.DbTxnManager: Setting lock request transaction to txnid:10 for queryId=alex_20240424011124_e603b2ac-3cd8-4d5e-93d0-796f5344dcf9
2024-04-24T01:11:24,546  INFO [main] lockmgr.DbLockManager: Requesting lock for queryId=alex_20240424011124_e603b2ac-3cd8-4d5e-93d0-796f5344dcf9
2024-04-24T01:11:24,562  INFO [main] lockmgr.DbLockManager: Response to queryId=alex_20240424011124_e603b2ac-3cd8-4d5e-93d0-796f5344dcf9 LockResponse(lockid:4, state:ACQUIRED)
2024-04-24T01:11:24,562  INFO [main] ql.Driver: Operation CREATETABLE obtained 1 locks
2024-04-24T01:11:24,562  INFO [main] ql.Driver: Executing command(queryId=alex_20240424011124_e603b2ac-3cd8-4d5e-93d0-796f5344dcf9): create table nonAcidOrcTbl2(a int, b int) clustered by (a) into 2 buckets stored as orc TBLPROPERTIES ('transactional'='false')
2024-04-24T01:11:24,562  INFO [main] ql.Driver: Starting task [Stage-0:DDL] in serial mode
2024-04-24T01:11:24,563  INFO [main] HiveMetaStore.audit: ugi=alex	ip=unknown-ip-addr	cmd=create_table_req: Table(tableName:nonAcidOrcTbl2, dbName:default, owner:alex, createTime:1713946284, lastAccessTime:0, retention:0, sd:StorageDescriptor(cols:[FieldSchema(name:a, type:int, comment:null), FieldSchema(name:b, type:int, comment:null)], location:null, inputFormat:org.apache.hadoop.hive.ql.io.orc.OrcInputFormat, outputFormat:org.apache.hadoop.hive.ql.io.orc.OrcOutputFormat, compressed:false, numBuckets:2, serdeInfo:SerDeInfo(name:null, serializationLib:org.apache.hadoop.hive.ql.io.orc.OrcSerde, parameters:{serialization.format=1}), bucketCols:[a], sortCols:[], parameters:{}, skewedInfo:SkewedInfo(skewedColNames:[], skewedColValues:[], skewedColValueLocationMaps:{}), storedAsSubDirectories:false), partitionKeys:[], parameters:{transactional=false, bucketing_version=2, rawDataSize=0, COLUMN_STATS_ACCURATE={"BASIC_STATS":"true","COLUMN_STATS":{"a":"true","b":"true"}}, numRows=0, numFilesErasureCoded=0, totalSize=0, numFiles=0}, viewOriginalText:null, viewExpandedText:null, tableType:MANAGED_TABLE, privileges:PrincipalPrivilegeSet(userPrivileges:{alex=[PrivilegeGrantInfo(privilege:INSERT, createTime:-1, grantor:alex, grantorType:USER, grantOption:true), PrivilegeGrantInfo(privilege:SELECT, createTime:-1, grantor:alex, grantorType:USER, grantOption:true), PrivilegeGrantInfo(privilege:UPDATE, createTime:-1, grantor:alex, grantorType:USER, grantOption:true), PrivilegeGrantInfo(privilege:DELETE, createTime:-1, grantor:alex, grantorType:USER, grantOption:true)]}, groupPrivileges:null, rolePrivileges:null), temporary:false, catName:hive, ownerType:USER)	
2024-04-24T01:11:24,568  INFO [main] utils.FileUtils: Creating directory if it doesn't exist: file:/home/alex/Repositories/hive/ql/target/tmp/org.apache.hadoop.hive.ql.TestTxnCommands-1713946100941/warehouse/nonacidorctbl2
2024-04-24T01:11:24,582  INFO [main] metadata.Hive: Dumping metastore api call timing information for : execution phase
2024-04-24T01:11:24,582  INFO [main] metadata.Hive: Total time spent in each metastore function (ms): {isCompatibleWith_(Configuration)=0, createTable_(Table)=19}
2024-04-24T01:11:24,582  INFO [main] ql.Driver: Completed executing command(queryId=alex_20240424011124_e603b2ac-3cd8-4d5e-93d0-796f5344dcf9); Time taken: 0.02 seconds
2024-04-24T01:11:24,583  INFO [main] lockmgr.DbTxnManager: Stopped heartbeat for query: alex_20240424011124_e603b2ac-3cd8-4d5e-93d0-796f5344dcf9
2024-04-24T01:11:24,587  INFO [main] txn.TxnHandler: Expected to move at least one record from txn_components to completed_txn_components when committing txn! txnid:10
2024-04-24T01:11:24,595  INFO [main] txn.TxnHandler: Removed transactions: ([10]) from MIN_HISTORY_LEVEL
2024-04-24T01:11:24,595  WARN [main] txn.CompactionTxnHandler: No compaction queue record found for Compaction type transaction commit. txnId:10
2024-04-24T01:11:24,595  INFO [main] ql.TxnCommandsBaseForTests: Running the query: create temporary  table acidTbl2(a int, b int, c int) clustered by (c) into 2 buckets stored as orc TBLPROPERTIES ('transactional'='true')
2024-04-24T01:11:24,596  INFO [main] ql.Driver: Compiling command(queryId=alex_20240424011124_1c6c7aac-4340-4074-bdcf-0327447bc4c3): create temporary  table acidTbl2(a int, b int, c int) clustered by (c) into 2 buckets stored as orc TBLPROPERTIES ('transactional'='true')
2024-04-24T01:11:24,599  INFO [main] txn.TxnHandler: Added entries to MIN_HISTORY_LEVEL for current txns: ([11]) with min_open_txn: 1
2024-04-24T01:11:24,599  INFO [main] lockmgr.DbTxnManager: Opened txnid:11
2024-04-24T01:11:24,600  INFO [main] parse.CalcitePlanner: Starting caching scope for: 
2024-04-24T01:11:24,600  INFO [main] parse.CalcitePlanner: Starting Semantic Analysis
2024-04-24T01:11:24,602  INFO [main] parse.CalcitePlanner: Creating table default.acidTbl2 position=24
2024-04-24T01:11:24,603  INFO [main] HiveMetaStore.audit: ugi=alex	ip=unknown-ip-addr	cmd=get_database: default	
2024-04-24T01:11:24,605  INFO [main] parse.CalcitePlanner: Ending caching scope for: 
2024-04-24T01:11:24,605  INFO [main] ql.Driver: Semantic Analysis Completed (retrial = false)
2024-04-24T01:11:24,605  INFO [main] ql.Driver: Created Hive schema: Schema(fieldSchemas:null, properties:null)
2024-04-24T01:11:24,605  INFO [main] metadata.Hive: Dumping metastore api call timing information for : compilation phase
2024-04-24T01:11:24,605  INFO [main] metadata.Hive: Total time spent in each metastore function (ms): {getDatabase_(String)=2, isCompatibleWith_(Configuration)=0, flushCache_()=0, getValidWriteIds_(List, String)=2, openTxn_(String, TxnType)=3, getValidTxns_(long)=1, commitTxn_(CommitTxnRequest)=12}
2024-04-24T01:11:24,605  INFO [main] ql.Driver: Completed compiling command(queryId=alex_20240424011124_1c6c7aac-4340-4074-bdcf-0327447bc4c3); Time taken: 0.009 seconds
2024-04-24T01:11:24,605  INFO [main] lockmgr.DbTxnManager: Setting lock request transaction to txnid:11 for queryId=alex_20240424011124_1c6c7aac-4340-4074-bdcf-0327447bc4c3
2024-04-24T01:11:24,606  INFO [main] lockmgr.DbLockManager: Requesting lock for queryId=alex_20240424011124_1c6c7aac-4340-4074-bdcf-0327447bc4c3
2024-04-24T01:11:24,622  INFO [main] lockmgr.DbLockManager: Response to queryId=alex_20240424011124_1c6c7aac-4340-4074-bdcf-0327447bc4c3 LockResponse(lockid:5, state:ACQUIRED)
2024-04-24T01:11:24,622  INFO [main] ql.Driver: Operation CREATETABLE obtained 1 locks
2024-04-24T01:11:24,622  INFO [main] ql.Driver: Executing command(queryId=alex_20240424011124_1c6c7aac-4340-4074-bdcf-0327447bc4c3): create temporary  table acidTbl2(a int, b int, c int) clustered by (c) into 2 buckets stored as orc TBLPROPERTIES ('transactional'='true')
2024-04-24T01:11:24,623  INFO [main] ql.Driver: Starting task [Stage-0:DDL] in serial mode
2024-04-24T01:11:24,624  INFO [main] utils.FileUtils: Creating directory if it doesn't exist: file:/home/alex/Repositories/hive/ql/target/tmp/scratchdir/alex/ecf22b26-e9a3-4e92-b64a-6c22df2c2169/_tmp_space.db/4b796573-222e-46ec-aff1-b37c1eec1bab
2024-04-24T01:11:24,626  INFO [main] metadata.Hive: Dumping metastore api call timing information for : execution phase
2024-04-24T01:11:24,626  INFO [main] metadata.Hive: Total time spent in each metastore function (ms): {isCompatibleWith_(Configuration)=0, createTable_(Table)=3}
2024-04-24T01:11:24,627  INFO [main] ql.Driver: Completed executing command(queryId=alex_20240424011124_1c6c7aac-4340-4074-bdcf-0327447bc4c3); Time taken: 0.004 seconds
2024-04-24T01:11:24,627  INFO [main] lockmgr.DbTxnManager: Stopped heartbeat for query: alex_20240424011124_1c6c7aac-4340-4074-bdcf-0327447bc4c3
2024-04-24T01:11:24,631  INFO [main] txn.TxnHandler: Expected to move at least one record from txn_components to completed_txn_components when committing txn! txnid:11
2024-04-24T01:11:24,639  INFO [main] txn.TxnHandler: Removed transactions: ([11]) from MIN_HISTORY_LEVEL
2024-04-24T01:11:24,639  WARN [main] txn.CompactionTxnHandler: No compaction queue record found for Compaction type transaction commit. txnId:11
2024-04-24T01:11:24,640  INFO [main] ql.TxnCommandsBaseForTests: Running the query: create table nonAcidNonBucket(a int, b int) stored as orc TBLPROPERTIES ('transactional'='false')
2024-04-24T01:11:24,640  INFO [main] ql.Driver: Compiling command(queryId=alex_20240424011124_713c58d5-0ee2-4f48-8678-480342dbb165): create table nonAcidNonBucket(a int, b int) stored as orc TBLPROPERTIES ('transactional'='false')
2024-04-24T01:11:24,642  INFO [main] txn.TxnHandler: Added entries to MIN_HISTORY_LEVEL for current txns: ([12]) with min_open_txn: 1
2024-04-24T01:11:24,643  INFO [main] lockmgr.DbTxnManager: Opened txnid:12
2024-04-24T01:11:24,643  INFO [main] parse.CalcitePlanner: Starting caching scope for: 
2024-04-24T01:11:24,643  INFO [main] parse.CalcitePlanner: Starting Semantic Analysis
2024-04-24T01:11:24,646  INFO [main] parse.CalcitePlanner: Creating table default.nonAcidNonBucket position=13
2024-04-24T01:11:24,646  INFO [main] HiveMetaStore.audit: ugi=alex	ip=unknown-ip-addr	cmd=get_database: default	
2024-04-24T01:11:24,648  INFO [main] parse.CalcitePlanner: Ending caching scope for: 
2024-04-24T01:11:24,648  INFO [main] ql.Driver: Semantic Analysis Completed (retrial = false)
2024-04-24T01:11:24,648  INFO [main] ql.Driver: Created Hive schema: Schema(fieldSchemas:null, properties:null)
2024-04-24T01:11:24,648  INFO [main] metadata.Hive: Dumping metastore api call timing information for : compilation phase
2024-04-24T01:11:24,648  INFO [main] metadata.Hive: Total time spent in each metastore function (ms): {getValidTxns_(long)=0, openTxn_(String, TxnType)=2, getDatabase_(String)=2, flushCache_()=0, commitTxn_(CommitTxnRequest)=13, isCompatibleWith_(Configuration)=0, getValidWriteIds_(List, String)=2}
2024-04-24T01:11:24,648  INFO [main] ql.Driver: Completed compiling command(queryId=alex_20240424011124_713c58d5-0ee2-4f48-8678-480342dbb165); Time taken: 0.008 seconds
2024-04-24T01:11:24,648  INFO [main] lockmgr.DbTxnManager: Setting lock request transaction to txnid:12 for queryId=alex_20240424011124_713c58d5-0ee2-4f48-8678-480342dbb165
2024-04-24T01:11:24,649  INFO [main] lockmgr.DbLockManager: Requesting lock for queryId=alex_20240424011124_713c58d5-0ee2-4f48-8678-480342dbb165
2024-04-24T01:11:24,665  INFO [main] lockmgr.DbLockManager: Response to queryId=alex_20240424011124_713c58d5-0ee2-4f48-8678-480342dbb165 LockResponse(lockid:6, state:ACQUIRED)
2024-04-24T01:11:24,665  INFO [main] ql.Driver: Operation CREATETABLE obtained 1 locks
2024-04-24T01:11:24,665  INFO [main] ql.Driver: Executing command(queryId=alex_20240424011124_713c58d5-0ee2-4f48-8678-480342dbb165): create table nonAcidNonBucket(a int, b int) stored as orc TBLPROPERTIES ('transactional'='false')
2024-04-24T01:11:24,665  INFO [main] ql.Driver: Starting task [Stage-0:DDL] in serial mode
2024-04-24T01:11:24,666  INFO [main] HiveMetaStore.audit: ugi=alex	ip=unknown-ip-addr	cmd=create_table_req: Table(tableName:nonAcidNonBucket, dbName:default, owner:alex, createTime:1713946284, lastAccessTime:0, retention:0, sd:StorageDescriptor(cols:[FieldSchema(name:a, type:int, comment:null), FieldSchema(name:b, type:int, comment:null)], location:null, inputFormat:org.apache.hadoop.hive.ql.io.orc.OrcInputFormat, outputFormat:org.apache.hadoop.hive.ql.io.orc.OrcOutputFormat, compressed:false, numBuckets:-1, serdeInfo:SerDeInfo(name:null, serializationLib:org.apache.hadoop.hive.ql.io.orc.OrcSerde, parameters:{serialization.format=1}), bucketCols:[], sortCols:[], parameters:{}, skewedInfo:SkewedInfo(skewedColNames:[], skewedColValues:[], skewedColValueLocationMaps:{}), storedAsSubDirectories:false), partitionKeys:[], parameters:{COLUMN_STATS_ACCURATE={"BASIC_STATS":"true","COLUMN_STATS":{"a":"true","b":"true"}}, transactional=false, bucketing_version=2, numRows=0, rawDataSize=0, totalSize=0, numFilesErasureCoded=0, numFiles=0}, viewOriginalText:null, viewExpandedText:null, tableType:MANAGED_TABLE, privileges:PrincipalPrivilegeSet(userPrivileges:{alex=[PrivilegeGrantInfo(privilege:INSERT, createTime:-1, grantor:alex, grantorType:USER, grantOption:true), PrivilegeGrantInfo(privilege:SELECT, createTime:-1, grantor:alex, grantorType:USER, grantOption:true), PrivilegeGrantInfo(privilege:UPDATE, createTime:-1, grantor:alex, grantorType:USER, grantOption:true), PrivilegeGrantInfo(privilege:DELETE, createTime:-1, grantor:alex, grantorType:USER, grantOption:true)]}, groupPrivileges:null, rolePrivileges:null), temporary:false, catName:hive, ownerType:USER)	
2024-04-24T01:11:24,672  INFO [main] utils.FileUtils: Creating directory if it doesn't exist: file:/home/alex/Repositories/hive/ql/target/tmp/org.apache.hadoop.hive.ql.TestTxnCommands-1713946100941/warehouse/nonacidnonbucket
2024-04-24T01:11:24,685  INFO [main] metadata.Hive: Dumping metastore api call timing information for : execution phase
2024-04-24T01:11:24,685  INFO [main] metadata.Hive: Total time spent in each metastore function (ms): {createTable_(Table)=19, isCompatibleWith_(Configuration)=0}
2024-04-24T01:11:24,686  INFO [main] ql.Driver: Completed executing command(queryId=alex_20240424011124_713c58d5-0ee2-4f48-8678-480342dbb165); Time taken: 0.02 seconds
2024-04-24T01:11:24,686  INFO [main] lockmgr.DbTxnManager: Stopped heartbeat for query: alex_20240424011124_713c58d5-0ee2-4f48-8678-480342dbb165
2024-04-24T01:11:24,690  INFO [main] txn.TxnHandler: Expected to move at least one record from txn_components to completed_txn_components when committing txn! txnid:12
2024-04-24T01:11:24,699  INFO [main] txn.TxnHandler: Removed transactions: ([12]) from MIN_HISTORY_LEVEL
2024-04-24T01:11:24,699  WARN [main] txn.CompactionTxnHandler: No compaction queue record found for Compaction type transaction commit. txnId:12
2024-04-24T01:11:24,702  INFO [main] ql.TxnCommandsBaseForTests: Running the query: explain merge into acidTbl as t using nonAcidOrcTbl s ON t.a = s.a WHEN MATCHED AND s.a > 8 THEN DELETE WHEN MATCHED THEN UPDATE SET b = 7 WHEN NOT MATCHED THEN INSERT VALUES(s.a, s.b) 
2024-04-24T01:11:24,702  INFO [main] ql.Driver: Compiling command(queryId=alex_20240424011124_42629575-4080-4cbd-b6f7-768bafb747ad): explain merge into acidTbl as t using nonAcidOrcTbl s ON t.a = s.a WHEN MATCHED AND s.a > 8 THEN DELETE WHEN MATCHED THEN UPDATE SET b = 7 WHEN NOT MATCHED THEN INSERT VALUES(s.a, s.b) 
2024-04-24T01:11:24,706  INFO [main] txn.TxnHandler: Added entries to MIN_HISTORY_LEVEL for current txns: ([13]) with min_open_txn: 1
2024-04-24T01:11:24,706  INFO [main] lockmgr.DbTxnManager: Opened txnid:13
2024-04-24T01:11:24,707  INFO [main] HiveMetaStore.audit: ugi=alex	ip=unknown-ip-addr	cmd=get_table : tbl=hive.default.acidTbl	
2024-04-24T01:11:24,738  INFO [main] metastore.HMSHandler: Skipping translation for processor with null
2024-04-24T01:11:24,738  INFO [main] HiveMetaStore.audit: ugi=alex	ip=unknown-ip-addr	cmd=get_table : tbl=hive.default.merge_tmp_table	
2024-04-24T01:11:24,743  INFO [main] utils.FileUtils: Creating directory if it doesn't exist: file:/home/alex/Repositories/hive/ql/target/tmp/scratchdir/alex/ecf22b26-e9a3-4e92-b64a-6c22df2c2169/_tmp_space.db/merge_tmp_table
2024-04-24T01:11:24,746  INFO [main] parse.RewriteSemanticAnalyzer: Going to reparse <explain merge into acidTbl as t using nonAcidOrcTbl s ON t.a = s.a WHEN MATCHED AND s.a > 8 THEN DELETE WHEN MATCHED THEN UPDATE SET b = 7 WHEN NOT MATCHED THEN INSERT VALUES(s.a, s.b) > as 
<FROM
  `default`.`acidTbl` `t`
  RIGHT OUTER JOIN
  `default`.`nonAcidOrcTbl` `s`
  ON `t`.`a` = `s`.`a`
INSERT INTO `default`.`acidTbl`    -- delete clause
 SELECT `t`.ROW__ID 
   WHERE `t`.`a` = `s`.`a` AND `s`.`a` > 8
 SORT BY `t`.ROW__ID 
INSERT INTO `default`.`acidTbl`    -- update clause(insert part)
 SELECT `t`.`a`, 7
   WHERE `t`.`a` = `s`.`a` AND NOT(`s`.`a` > 8)
INSERT INTO `default`.`acidTbl`    -- update clause (delete part)
 SELECT `t`.ROW__ID 
   WHERE `t`.`a` = `s`.`a` AND NOT(`s`.`a` > 8)
 SORT BY `t`.ROW__ID 
INSERT INTO `default`.`acidTbl`    -- insert clause
  SELECT `s`.`a`, `s`.`b`
   WHERE `t`.`a` IS NULL
INSERT INTO merge_tmp_table
  SELECT cardinality_violation(`t`.ROW__ID)
 WHERE `t`.`a` = `s`.`a` GROUP BY `t`.ROW__ID HAVING count(*) > 1>
2024-04-24T01:11:24,747  INFO [main] parse.MergeSemanticAnalyzer: Starting Semantic Analysis
2024-04-24T01:11:24,758  INFO [main] parse.MergeSemanticAnalyzer: Completed phase 1 of Semantic Analysis
2024-04-24T01:11:24,758  INFO [main] parse.MergeSemanticAnalyzer: Get metadata for source tables
2024-04-24T01:11:24,759  INFO [main] HiveMetaStore.audit: ugi=alex	ip=unknown-ip-addr	cmd=get_table : tbl=hive.default.acidtbl	
2024-04-24T01:11:24,769  INFO [main] metastore.HMSHandler: Skipping translation for processor with null
2024-04-24T01:11:24,770  INFO [main] HiveMetaStore.audit: ugi=alex	ip=unknown-ip-addr	cmd=get_table : tbl=hive.default.nonacidorctbl	
2024-04-24T01:11:24,804  INFO [main] metastore.HMSHandler: Skipping translation for processor with null
2024-04-24T01:11:24,804  INFO [main] parse.MergeSemanticAnalyzer: Get metadata for subqueries
2024-04-24T01:11:24,804  INFO [main] parse.MergeSemanticAnalyzer: Get metadata for destination tables
2024-04-24T01:11:24,804  INFO [main] HiveMetaStore.audit: ugi=alex	ip=unknown-ip-addr	cmd=get_table : tbl=hive.default.acidTbl	
2024-04-24T01:11:24,812  INFO [main] metastore.HMSHandler: Skipping translation for processor with null
2024-04-24T01:11:24,812  INFO [main] HiveMetaStore.audit: ugi=alex	ip=unknown-ip-addr	cmd=get_table : tbl=hive.default.acidTbl	
2024-04-24T01:11:24,820  INFO [main] metastore.HMSHandler: Skipping translation for processor with null
2024-04-24T01:11:24,820  INFO [main] HiveMetaStore.audit: ugi=alex	ip=unknown-ip-addr	cmd=get_table : tbl=hive.default.acidTbl	
2024-04-24T01:11:24,827  INFO [main] metastore.HMSHandler: Skipping translation for processor with null
2024-04-24T01:11:24,828  INFO [main] HiveMetaStore.audit: ugi=alex	ip=unknown-ip-addr	cmd=get_table : tbl=hive.default.acidTbl	
2024-04-24T01:11:24,834  INFO [main] metastore.HMSHandler: Skipping translation for processor with null
2024-04-24T01:11:24,835  INFO [main] parse.MergeSemanticAnalyzer: Completed getting MetaData in Semantic Analysis
2024-04-24T01:11:24,835  INFO [main] parse.MergeSemanticAnalyzer: Disabling LLAP IO encode as ETL query is detected
2024-04-24T01:11:24,835  INFO [main] parse.MergeSemanticAnalyzer: Get metadata for source tables
2024-04-24T01:11:24,835  INFO [main] parse.MergeSemanticAnalyzer: Get metadata for subqueries
2024-04-24T01:11:24,835  INFO [main] parse.MergeSemanticAnalyzer: Get metadata for destination tables
2024-04-24T01:11:24,848  INFO [main] HiveMetaStore.audit: ugi=alex	ip=unknown-ip-addr	cmd=get_all_table_constraints : tbl=hive.default.acidtbl	
2024-04-24T01:11:24,877  INFO [main] HiveMetaStore.audit: ugi=alex	ip=unknown-ip-addr	cmd=get_all_table_constraints : tbl=hive.default.nonacidorctbl	
2024-04-24T01:11:24,909  INFO [main] calcite.RelOptHiveTable: Calculating column statistics for default.acidtbl, projIndxSet: [0], allowMissingStats: true
2024-04-24T01:11:24,909  INFO [main] HiveMetaStore.audit: ugi=alex	ip=unknown-ip-addr	cmd=get_table : tbl=hive.default.acidtbl	
2024-04-24T01:11:24,918  INFO [main] metastore.HMSHandler: Skipping translation for processor with null
2024-04-24T01:11:24,919  INFO [main] HiveMetaStore.audit: ugi=alex	ip=unknown-ip-addr	cmd=get_table : tbl=hive.default.acidtbl	
2024-04-24T01:11:24,927  INFO [main] metastore.HMSHandler: Skipping translation for processor with null
2024-04-24T01:11:24,927  INFO [main] HiveMetaStore.audit: ugi=alex	ip=unknown-ip-addr	cmd=get_table_statistics_req: table=hive.default.acidtbl	
2024-04-24T01:11:24,937  WARN [main] calcite.RelOptHiveTable: No Stats for default@acidtbl, Columns: a
No Stats for default@acidtbl, Columns: a
2024-04-24T01:11:24,937  INFO [main] SessionState: No Stats for default@acidtbl, Columns: a
2024-04-24T01:11:24,937  INFO [main] calcite.RelOptHiveTable: Calculating column statistics for default.nonacidorctbl, projIndxSet: [0, 1], allowMissingStats: true
2024-04-24T01:11:24,938  INFO [main] HiveMetaStore.audit: ugi=alex	ip=unknown-ip-addr	cmd=get_table : tbl=hive.default.nonacidorctbl	
2024-04-24T01:11:24,949  INFO [main] metastore.HMSHandler: Skipping translation for processor with null
2024-04-24T01:11:24,949  INFO [main] HiveMetaStore.audit: ugi=alex	ip=unknown-ip-addr	cmd=get_table : tbl=hive.default.nonacidorctbl	
2024-04-24T01:11:24,960  INFO [main] metastore.HMSHandler: Skipping translation for processor with null
2024-04-24T01:11:24,960  INFO [main] HiveMetaStore.audit: ugi=alex	ip=unknown-ip-addr	cmd=get_table_statistics_req: table=hive.default.nonacidorctbl	
2024-04-24T01:11:24,972  WARN [main] calcite.RelOptHiveTable: No Stats for default@nonacidorctbl, Columns: b, a
No Stats for default@nonacidorctbl, Columns: b, a
2024-04-24T01:11:24,972  INFO [main] SessionState: No Stats for default@nonacidorctbl, Columns: b, a
2024-04-24T01:11:25,195  INFO [main] parse.MergeSemanticAnalyzer: Get metadata for source tables
2024-04-24T01:11:25,195  INFO [main] parse.MergeSemanticAnalyzer: Get metadata for subqueries
2024-04-24T01:11:25,195  INFO [main] parse.MergeSemanticAnalyzer: Get metadata for source tables
2024-04-24T01:11:25,195  INFO [main] parse.MergeSemanticAnalyzer: Get metadata for subqueries
2024-04-24T01:11:25,195  INFO [main] parse.MergeSemanticAnalyzer: Get metadata for source tables
2024-04-24T01:11:25,195  INFO [main] parse.MergeSemanticAnalyzer: Get metadata for subqueries
2024-04-24T01:11:25,195  INFO [main] parse.MergeSemanticAnalyzer: Get metadata for destination tables
2024-04-24T01:11:25,195  INFO [main] parse.MergeSemanticAnalyzer: Get metadata for source tables
2024-04-24T01:11:25,195  INFO [main] parse.MergeSemanticAnalyzer: Get metadata for subqueries
2024-04-24T01:11:25,195  INFO [main] parse.MergeSemanticAnalyzer: Get metadata for destination tables
2024-04-24T01:11:25,195  INFO [main] parse.MergeSemanticAnalyzer: Get metadata for destination tables
2024-04-24T01:11:25,195  INFO [main] parse.MergeSemanticAnalyzer: Get metadata for destination tables
2024-04-24T01:11:25,195  INFO [main] HiveMetaStore.audit: ugi=alex	ip=unknown-ip-addr	cmd=get_table : tbl=hive.default.acidTbl	
2024-04-24T01:11:25,204  INFO [main] metastore.HMSHandler: Skipping translation for processor with null
2024-04-24T01:11:25,204  INFO [main] HiveMetaStore.audit: ugi=alex	ip=unknown-ip-addr	cmd=get_table : tbl=hive.default.acidTbl	
2024-04-24T01:11:25,211  INFO [main] metastore.HMSHandler: Skipping translation for processor with null
2024-04-24T01:11:25,212  INFO [main] HiveMetaStore.audit: ugi=alex	ip=unknown-ip-addr	cmd=get_table : tbl=hive.default.acidTbl	
2024-04-24T01:11:25,219  INFO [main] metastore.HMSHandler: Skipping translation for processor with null
2024-04-24T01:11:25,220  INFO [main] HiveMetaStore.audit: ugi=alex	ip=unknown-ip-addr	cmd=get_table : tbl=hive.default.acidTbl	
2024-04-24T01:11:25,226  INFO [main] metastore.HMSHandler: Skipping translation for processor with null
2024-04-24T01:11:25,231 ERROR [main] parse.MergeSemanticAnalyzer: CBO failed, skipping CBO. 
org.apache.hadoop.hive.ql.exec.NoMatchingMethodException: No matching method for class org.apache.hadoop.hive.ql.udf.UDFToInteger with (struct<writeid:bigint,bucketid:int,rowid:bigint>). Possible choices: _FUNC_(bigint)  _FUNC_(boolean)  _FUNC_(decimal(38,18))  _FUNC_(double)  _FUNC_(float)  _FUNC_(smallint)  _FUNC_(string)  _FUNC_(struct<rowid:bigint,writeid:bigint,bucketid:int>)  _FUNC_(timestamp)  _FUNC_(tinyint)  _FUNC_(void)  
	at org.apache.hadoop.hive.ql.exec.MethodUtils.getMethodInternal(MethodUtils.java:130) ~[classes/:?]
	at org.apache.hadoop.hive.ql.exec.MethodUtils.getMethodInternal(MethodUtils.java:60) ~[classes/:?]
	at org.apache.hadoop.hive.ql.exec.DefaultUDFMethodResolver.getEvalMethod(DefaultUDFMethodResolver.java:59) ~[classes/:?]
	at org.apache.hadoop.hive.ql.udf.TimestampCastRestrictorResolver.getEvalMethod(TimestampCastRestrictorResolver.java:68) ~[classes/:?]
	at org.apache.hadoop.hive.ql.udf.generic.GenericUDFBridge.initialize(GenericUDFBridge.java:168) ~[classes/:?]
	at org.apache.hadoop.hive.ql.udf.generic.GenericUDF.initializeAndFoldConstants(GenericUDF.java:149) ~[classes/:?]
	at org.apache.hadoop.hive.ql.plan.ExprNodeGenericFuncDesc.newInstance(ExprNodeGenericFuncDesc.java:235) ~[classes/:?]
	at org.apache.hadoop.hive.ql.parse.type.ExprNodeDescExprFactory.createFuncCallExpr(ExprNodeDescExprFactory.java:584) ~[classes/:?]
	at org.apache.hadoop.hive.ql.parse.type.ExprNodeDescExprFactory.createFuncCallExpr(ExprNodeDescExprFactory.java:97) ~[classes/:?]
	at org.apache.hadoop.hive.ql.parse.type.TypeCheckProcFactory$DefaultExprProcessor.getFuncExprNodeDescWithUdfData(TypeCheckProcFactory.java:762) ~[classes/:?]
	at org.apache.hadoop.hive.ql.parse.type.TypeCheckProcFactory$DefaultExprProcessor.createConversionCast(TypeCheckProcFactory.java:783) ~[classes/:?]
	at org.apache.hadoop.hive.ql.parse.SemanticAnalyzer.getPartitionColsFromBucketColsForUpdateDelete(SemanticAnalyzer.java:8725) ~[classes/:?]
	at org.apache.hadoop.hive.ql.parse.SemanticAnalyzer.genBucketingSortingDest(SemanticAnalyzer.java:6906) ~[classes/:?]
	at org.apache.hadoop.hive.ql.parse.SemanticAnalyzer.genFileSinkPlan(SemanticAnalyzer.java:7335) ~[classes/:?]
	at org.apache.hadoop.hive.ql.parse.SemanticAnalyzer.genPostGroupByBodyPlan(SemanticAnalyzer.java:11063) ~[classes/:?]
	at org.apache.hadoop.hive.ql.parse.SemanticAnalyzer.genBodyPlan(SemanticAnalyzer.java:10938) ~[classes/:?]
	at org.apache.hadoop.hive.ql.parse.SemanticAnalyzer.genPlan(SemanticAnalyzer.java:11853) ~[classes/:?]
	at org.apache.hadoop.hive.ql.parse.SemanticAnalyzer.genPlan(SemanticAnalyzer.java:11723) ~[classes/:?]
	at org.apache.hadoop.hive.ql.parse.CalcitePlanner.genOPTree(CalcitePlanner.java:626) ~[classes/:?]
	at org.apache.hadoop.hive.ql.parse.SemanticAnalyzer.analyzeInternal(SemanticAnalyzer.java:12558) ~[classes/:?]
	at org.apache.hadoop.hive.ql.parse.CalcitePlanner.analyzeInternal(CalcitePlanner.java:456) ~[classes/:?]
	at org.apache.hadoop.hive.ql.parse.RewriteSemanticAnalyzer.analyzeInternal(RewriteSemanticAnalyzer.java:67) ~[classes/:?]
	at org.apache.hadoop.hive.ql.parse.BaseSemanticAnalyzer.analyze(BaseSemanticAnalyzer.java:317) ~[classes/:?]
	at org.apache.hadoop.hive.ql.parse.MergeSemanticAnalyzer.analyzeMerge(MergeSemanticAnalyzer.java:317) ~[classes/:?]
	at org.apache.hadoop.hive.ql.parse.MergeSemanticAnalyzer.analyze(MergeSemanticAnalyzer.java:63) ~[classes/:?]
	at org.apache.hadoop.hive.ql.parse.RewriteSemanticAnalyzer.analyzeInternal(RewriteSemanticAnalyzer.java:72) ~[classes/:?]
	at org.apache.hadoop.hive.ql.parse.BaseSemanticAnalyzer.analyze(BaseSemanticAnalyzer.java:317) ~[classes/:?]
	at org.apache.hadoop.hive.ql.parse.ExplainSemanticAnalyzer.analyzeInternal(ExplainSemanticAnalyzer.java:175) ~[classes/:?]
	at org.apache.hadoop.hive.ql.parse.BaseSemanticAnalyzer.analyze(BaseSemanticAnalyzer.java:317) ~[classes/:?]
	at org.apache.hadoop.hive.ql.Compiler.analyze(Compiler.java:223) ~[classes/:?]
	at org.apache.hadoop.hive.ql.Compiler.compile(Compiler.java:105) ~[classes/:?]
	at org.apache.hadoop.hive.ql.Driver.compile(Driver.java:500) ~[classes/:?]
	at org.apache.hadoop.hive.ql.Driver.compileInternal(Driver.java:453) ~[classes/:?]
	at org.apache.hadoop.hive.ql.Driver.runInternal(Driver.java:181) ~[classes/:?]
	at org.apache.hadoop.hive.ql.Driver.run(Driver.java:153) ~[classes/:?]
	at org.apache.hadoop.hive.ql.Driver.run(Driver.java:140) ~[classes/:?]
	at org.apache.hadoop.hive.ql.TxnCommandsBaseForTests.runStatementOnDriver(TxnCommandsBaseForTests.java:245) ~[test-classes/:?]
	at org.apache.hadoop.hive.ql.TestTxnCommands.testMergeOnTezEdges(TestTxnCommands.java:1198) ~[test-classes/:?]
	at sun.reflect.NativeMethodAccessorImpl.invoke0(Native Method) ~[?:1.8.0_402]
	at sun.reflect.NativeMethodAccessorImpl.invoke(NativeMethodAccessorImpl.java:62) ~[?:1.8.0_402]
	at sun.reflect.DelegatingMethodAccessorImpl.invoke(DelegatingMethodAccessorImpl.java:43) ~[?:1.8.0_402]
	at java.lang.reflect.Method.invoke(Method.java:498) ~[?:1.8.0_402]
	at org.junit.runners.model.FrameworkMethod$1.runReflectiveCall(FrameworkMethod.java:59) ~[junit-4.13.jar:4.13]
	at org.junit.internal.runners.model.ReflectiveCallable.run(ReflectiveCallable.java:12) ~[junit-4.13.jar:4.13]
	at org.junit.runners.model.FrameworkMethod.invokeExplosively(FrameworkMethod.java:56) ~[junit-4.13.jar:4.13]
	at org.junit.internal.runners.statements.InvokeMethod.evaluate(InvokeMethod.java:17) ~[junit-4.13.jar:4.13]
	at org.junit.internal.runners.statements.RunBefores.evaluate(RunBefores.java:26) ~[junit-4.13.jar:4.13]
	at org.junit.internal.runners.statements.RunAfters.evaluate(RunAfters.java:27) ~[junit-4.13.jar:4.13]
	at org.junit.rules.TestWatcher$1.evaluate(TestWatcher.java:61) ~[junit-4.13.jar:4.13]
	at org.junit.runners.ParentRunner$3.evaluate(ParentRunner.java:306) ~[junit-4.13.jar:4.13]
	at org.junit.runners.BlockJUnit4ClassRunner$1.evaluate(BlockJUnit4ClassRunner.java:100) ~[junit-4.13.jar:4.13]
	at org.junit.runners.ParentRunner.runLeaf(ParentRunner.java:366) ~[junit-4.13.jar:4.13]
	at org.junit.runners.BlockJUnit4ClassRunner.runChild(BlockJUnit4ClassRunner.java:103) ~[junit-4.13.jar:4.13]
	at org.junit.runners.BlockJUnit4ClassRunner.runChild(BlockJUnit4ClassRunner.java:63) ~[junit-4.13.jar:4.13]
	at org.junit.runners.ParentRunner$4.run(ParentRunner.java:331) ~[junit-4.13.jar:4.13]
	at org.junit.runners.ParentRunner$1.schedule(ParentRunner.java:79) ~[junit-4.13.jar:4.13]
	at org.junit.runners.ParentRunner.runChildren(ParentRunner.java:329) ~[junit-4.13.jar:4.13]
	at org.junit.runners.ParentRunner.access$100(ParentRunner.java:66) ~[junit-4.13.jar:4.13]
	at org.junit.runners.ParentRunner$2.evaluate(ParentRunner.java:293) ~[junit-4.13.jar:4.13]
	at org.junit.runners.ParentRunner$3.evaluate(ParentRunner.java:306) ~[junit-4.13.jar:4.13]
	at org.junit.runners.ParentRunner.run(ParentRunner.java:413) ~[junit-4.13.jar:4.13]
	at org.junit.runner.JUnitCore.run(JUnitCore.java:137) ~[junit-4.13.jar:4.13]
	at org.junit.runner.JUnitCore.run(JUnitCore.java:115) ~[junit-4.13.jar:4.13]
	at org.junit.vintage.engine.execution.RunnerExecutor.execute(RunnerExecutor.java:43) ~[junit-vintage-engine-5.6.2.jar:5.6.2]
	at java.util.stream.ForEachOps$ForEachOp$OfRef.accept(ForEachOps.java:183) ~[?:1.8.0_402]
	at java.util.stream.ReferencePipeline$3$1.accept(ReferencePipeline.java:193) ~[?:1.8.0_402]
	at java.util.Iterator.forEachRemaining(Iterator.java:116) ~[?:1.8.0_402]
	at java.util.Spliterators$IteratorSpliterator.forEachRemaining(Spliterators.java:1801) ~[?:1.8.0_402]
	at java.util.stream.AbstractPipeline.copyInto(AbstractPipeline.java:482) ~[?:1.8.0_402]
	at java.util.stream.AbstractPipeline.wrapAndCopyInto(AbstractPipeline.java:472) ~[?:1.8.0_402]
	at java.util.stream.ForEachOps$ForEachOp.evaluateSequential(ForEachOps.java:150) ~[?:1.8.0_402]
	at java.util.stream.ForEachOps$ForEachOp$OfRef.evaluateSequential(ForEachOps.java:173) ~[?:1.8.0_402]
	at java.util.stream.AbstractPipeline.evaluate(AbstractPipeline.java:234) ~[?:1.8.0_402]
	at java.util.stream.ReferencePipeline.forEach(ReferencePipeline.java:485) ~[?:1.8.0_402]
	at org.junit.vintage.engine.VintageTestEngine.executeAllChildren(VintageTestEngine.java:82) ~[junit-vintage-engine-5.6.2.jar:5.6.2]
	at org.junit.vintage.engine.VintageTestEngine.execute(VintageTestEngine.java:73) ~[junit-vintage-engine-5.6.2.jar:5.6.2]
	at org.junit.platform.launcher.core.DefaultLauncher.execute(DefaultLauncher.java:248) ~[junit-platform-launcher-1.6.2.jar:1.6.2]
	at org.junit.platform.launcher.core.DefaultLauncher.lambda$execute$5(DefaultLauncher.java:211) ~[junit-platform-launcher-1.6.2.jar:1.6.2]
	at org.junit.platform.launcher.core.DefaultLauncher.withInterceptedStreams(DefaultLauncher.java:226) [junit-platform-launcher-1.6.2.jar:1.6.2]
	at org.junit.platform.launcher.core.DefaultLauncher.execute(DefaultLauncher.java:199) [junit-platform-launcher-1.6.2.jar:1.6.2]
	at org.junit.platform.launcher.core.DefaultLauncher.execute(DefaultLauncher.java:132) [junit-platform-launcher-1.6.2.jar:1.6.2]
	at org.apache.maven.surefire.junitplatform.JUnitPlatformProvider.invokeAllTests(JUnitPlatformProvider.java:154) [surefire-junit-platform-3.0.0-M4.jar:3.0.0-M4]
	at org.apache.maven.surefire.junitplatform.JUnitPlatformProvider.invoke(JUnitPlatformProvider.java:123) [surefire-junit-platform-3.0.0-M4.jar:3.0.0-M4]
	at org.apache.maven.surefire.booter.ForkedBooter.runSuitesInProcess(ForkedBooter.java:377) [surefire-booter-3.0.0-M4.jar:3.0.0-M4]
	at org.apache.maven.surefire.booter.ForkedBooter.execute(ForkedBooter.java:138) [surefire-booter-3.0.0-M4.jar:3.0.0-M4]
	at org.apache.maven.surefire.booter.ForkedBooter.run(ForkedBooter.java:465) [surefire-booter-3.0.0-M4.jar:3.0.0-M4]
	at org.apache.maven.surefire.booter.ForkedBooter.main(ForkedBooter.java:451) [surefire-booter-3.0.0-M4.jar:3.0.0-M4]
2024-04-24T01:11:25,232 ERROR [main] parse.MergeSemanticAnalyzer: CBO failed due to missing column stats (see previous errors), skipping CBO
FAILED: NoMatchingMethodException No matching method for class org.apache.hadoop.hive.ql.udf.UDFToInteger with (struct<writeid:bigint,bucketid:int,rowid:bigint>). Possible choices: _FUNC_(bigint)  _FUNC_(boolean)  _FUNC_(decimal(38,18))  _FUNC_(double)  _FUNC_(float)  _FUNC_(smallint)  _FUNC_(string)  _FUNC_(struct<rowid:bigint,writeid:bigint,bucketid:int>)  _FUNC_(timestamp)  _FUNC_(tinyint)  _FUNC_(void)  
2024-04-24T01:11:25,232 ERROR [main] ql.Driver: FAILED: NoMatchingMethodException No matching method for class org.apache.hadoop.hive.ql.udf.UDFToInteger with (struct<writeid:bigint,bucketid:int,rowid:bigint>). Possible choices: _FUNC_(bigint)  _FUNC_(boolean)  _FUNC_(decimal(38,18))  _FUNC_(double)  _FUNC_(float)  _FUNC_(smallint)  _FUNC_(string)  _FUNC_(struct<rowid:bigint,writeid:bigint,bucketid:int>)  _FUNC_(timestamp)  _FUNC_(tinyint)  _FUNC_(void)  
org.apache.hadoop.hive.ql.exec.NoMatchingMethodException: No matching method for class org.apache.hadoop.hive.ql.udf.UDFToInteger with (struct<writeid:bigint,bucketid:int,rowid:bigint>). Possible choices: _FUNC_(bigint)  _FUNC_(boolean)  _FUNC_(decimal(38,18))  _FUNC_(double)  _FUNC_(float)  _FUNC_(smallint)  _FUNC_(string)  _FUNC_(struct<rowid:bigint,writeid:bigint,bucketid:int>)  _FUNC_(timestamp)  _FUNC_(tinyint)  _FUNC_(void)  
	at org.apache.hadoop.hive.ql.exec.MethodUtils.getMethodInternal(MethodUtils.java:130)
	at org.apache.hadoop.hive.ql.exec.MethodUtils.getMethodInternal(MethodUtils.java:60)
	at org.apache.hadoop.hive.ql.exec.DefaultUDFMethodResolver.getEvalMethod(DefaultUDFMethodResolver.java:59)
	at org.apache.hadoop.hive.ql.udf.TimestampCastRestrictorResolver.getEvalMethod(TimestampCastRestrictorResolver.java:68)
	at org.apache.hadoop.hive.ql.udf.generic.GenericUDFBridge.initialize(GenericUDFBridge.java:168)
	at org.apache.hadoop.hive.ql.udf.generic.GenericUDF.initializeAndFoldConstants(GenericUDF.java:149)
	at org.apache.hadoop.hive.ql.plan.ExprNodeGenericFuncDesc.newInstance(ExprNodeGenericFuncDesc.java:235)
	at org.apache.hadoop.hive.ql.parse.type.ExprNodeDescExprFactory.createFuncCallExpr(ExprNodeDescExprFactory.java:584)
	at org.apache.hadoop.hive.ql.parse.type.ExprNodeDescExprFactory.createFuncCallExpr(ExprNodeDescExprFactory.java:97)
	at org.apache.hadoop.hive.ql.parse.type.TypeCheckProcFactory$DefaultExprProcessor.getFuncExprNodeDescWithUdfData(TypeCheckProcFactory.java:762)
	at org.apache.hadoop.hive.ql.parse.type.TypeCheckProcFactory$DefaultExprProcessor.createConversionCast(TypeCheckProcFactory.java:783)
	at org.apache.hadoop.hive.ql.parse.SemanticAnalyzer.getPartitionColsFromBucketColsForUpdateDelete(SemanticAnalyzer.java:8725)
	at org.apache.hadoop.hive.ql.parse.SemanticAnalyzer.genBucketingSortingDest(SemanticAnalyzer.java:6906)
	at org.apache.hadoop.hive.ql.parse.SemanticAnalyzer.genFileSinkPlan(SemanticAnalyzer.java:7335)
	at org.apache.hadoop.hive.ql.parse.SemanticAnalyzer.genPostGroupByBodyPlan(SemanticAnalyzer.java:11063)
	at org.apache.hadoop.hive.ql.parse.SemanticAnalyzer.genBodyPlan(SemanticAnalyzer.java:10938)
	at org.apache.hadoop.hive.ql.parse.SemanticAnalyzer.genPlan(SemanticAnalyzer.java:11853)
	at org.apache.hadoop.hive.ql.parse.SemanticAnalyzer.genPlan(SemanticAnalyzer.java:11723)
	at org.apache.hadoop.hive.ql.parse.CalcitePlanner.genOPTree(CalcitePlanner.java:626)
	at org.apache.hadoop.hive.ql.parse.SemanticAnalyzer.analyzeInternal(SemanticAnalyzer.java:12558)
	at org.apache.hadoop.hive.ql.parse.CalcitePlanner.analyzeInternal(CalcitePlanner.java:456)
	at org.apache.hadoop.hive.ql.parse.RewriteSemanticAnalyzer.analyzeInternal(RewriteSemanticAnalyzer.java:67)
	at org.apache.hadoop.hive.ql.parse.BaseSemanticAnalyzer.analyze(BaseSemanticAnalyzer.java:317)
	at org.apache.hadoop.hive.ql.parse.MergeSemanticAnalyzer.analyzeMerge(MergeSemanticAnalyzer.java:317)
	at org.apache.hadoop.hive.ql.parse.MergeSemanticAnalyzer.analyze(MergeSemanticAnalyzer.java:63)
	at org.apache.hadoop.hive.ql.parse.RewriteSemanticAnalyzer.analyzeInternal(RewriteSemanticAnalyzer.java:72)
	at org.apache.hadoop.hive.ql.parse.BaseSemanticAnalyzer.analyze(BaseSemanticAnalyzer.java:317)
	at org.apache.hadoop.hive.ql.parse.ExplainSemanticAnalyzer.analyzeInternal(ExplainSemanticAnalyzer.java:175)
	at org.apache.hadoop.hive.ql.parse.BaseSemanticAnalyzer.analyze(BaseSemanticAnalyzer.java:317)
	at org.apache.hadoop.hive.ql.Compiler.analyze(Compiler.java:223)
	at org.apache.hadoop.hive.ql.Compiler.compile(Compiler.java:105)
	at org.apache.hadoop.hive.ql.Driver.compile(Driver.java:500)
	at org.apache.hadoop.hive.ql.Driver.compileInternal(Driver.java:453)
	at org.apache.hadoop.hive.ql.Driver.runInternal(Driver.java:181)
	at org.apache.hadoop.hive.ql.Driver.run(Driver.java:153)
	at org.apache.hadoop.hive.ql.Driver.run(Driver.java:140)
	at org.apache.hadoop.hive.ql.TxnCommandsBaseForTests.runStatementOnDriver(TxnCommandsBaseForTests.java:245)
	at org.apache.hadoop.hive.ql.TestTxnCommands.testMergeOnTezEdges(TestTxnCommands.java:1198)
	at sun.reflect.NativeMethodAccessorImpl.invoke0(Native Method)
	at sun.reflect.NativeMethodAccessorImpl.invoke(NativeMethodAccessorImpl.java:62)
	at sun.reflect.DelegatingMethodAccessorImpl.invoke(DelegatingMethodAccessorImpl.java:43)
	at java.lang.reflect.Method.invoke(Method.java:498)
	at org.junit.runners.model.FrameworkMethod$1.runReflectiveCall(FrameworkMethod.java:59)
	at org.junit.internal.runners.model.ReflectiveCallable.run(ReflectiveCallable.java:12)
	at org.junit.runners.model.FrameworkMethod.invokeExplosively(FrameworkMethod.java:56)
	at org.junit.internal.runners.statements.InvokeMethod.evaluate(InvokeMethod.java:17)
	at org.junit.internal.runners.statements.RunBefores.evaluate(RunBefores.java:26)
	at org.junit.internal.runners.statements.RunAfters.evaluate(RunAfters.java:27)
	at org.junit.rules.TestWatcher$1.evaluate(TestWatcher.java:61)
	at org.junit.runners.ParentRunner$3.evaluate(ParentRunner.java:306)
	at org.junit.runners.BlockJUnit4ClassRunner$1.evaluate(BlockJUnit4ClassRunner.java:100)
	at org.junit.runners.ParentRunner.runLeaf(ParentRunner.java:366)
	at org.junit.runners.BlockJUnit4ClassRunner.runChild(BlockJUnit4ClassRunner.java:103)
	at org.junit.runners.BlockJUnit4ClassRunner.runChild(BlockJUnit4ClassRunner.java:63)
	at org.junit.runners.ParentRunner$4.run(ParentRunner.java:331)
	at org.junit.runners.ParentRunner$1.schedule(ParentRunner.java:79)
	at org.junit.runners.ParentRunner.runChildren(ParentRunner.java:329)
	at org.junit.runners.ParentRunner.access$100(ParentRunner.java:66)
	at org.junit.runners.ParentRunner$2.evaluate(ParentRunner.java:293)
	at org.junit.runners.ParentRunner$3.evaluate(ParentRunner.java:306)
	at org.junit.runners.ParentRunner.run(ParentRunner.java:413)
	at org.junit.runner.JUnitCore.run(JUnitCore.java:137)
	at org.junit.runner.JUnitCore.run(JUnitCore.java:115)
	at org.junit.vintage.engine.execution.RunnerExecutor.execute(RunnerExecutor.java:43)
	at java.util.stream.ForEachOps$ForEachOp$OfRef.accept(ForEachOps.java:183)
	at java.util.stream.ReferencePipeline$3$1.accept(ReferencePipeline.java:193)
	at java.util.Iterator.forEachRemaining(Iterator.java:116)
	at java.util.Spliterators$IteratorSpliterator.forEachRemaining(Spliterators.java:1801)
	at java.util.stream.AbstractPipeline.copyInto(AbstractPipeline.java:482)
	at java.util.stream.AbstractPipeline.wrapAndCopyInto(AbstractPipeline.java:472)
	at java.util.stream.ForEachOps$ForEachOp.evaluateSequential(ForEachOps.java:150)
	at java.util.stream.ForEachOps$ForEachOp$OfRef.evaluateSequential(ForEachOps.java:173)
	at java.util.stream.AbstractPipeline.evaluate(AbstractPipeline.java:234)
	at java.util.stream.ReferencePipeline.forEach(ReferencePipeline.java:485)
	at org.junit.vintage.engine.VintageTestEngine.executeAllChildren(VintageTestEngine.java:82)
	at org.junit.vintage.engine.VintageTestEngine.execute(VintageTestEngine.java:73)
	at org.junit.platform.launcher.core.DefaultLauncher.execute(DefaultLauncher.java:248)
	at org.junit.platform.launcher.core.DefaultLauncher.lambda$execute$5(DefaultLauncher.java:211)
	at org.junit.platform.launcher.core.DefaultLauncher.withInterceptedStreams(DefaultLauncher.java:226)
	at org.junit.platform.launcher.core.DefaultLauncher.execute(DefaultLauncher.java:199)
	at org.junit.platform.launcher.core.DefaultLauncher.execute(DefaultLauncher.java:132)
	at org.apache.maven.surefire.junitplatform.JUnitPlatformProvider.invokeAllTests(JUnitPlatformProvider.java:154)
	at org.apache.maven.surefire.junitplatform.JUnitPlatformProvider.invoke(JUnitPlatformProvider.java:123)
	at org.apache.maven.surefire.booter.ForkedBooter.runSuitesInProcess(ForkedBooter.java:377)
	at org.apache.maven.surefire.booter.ForkedBooter.execute(ForkedBooter.java:138)
	at org.apache.maven.surefire.booter.ForkedBooter.run(ForkedBooter.java:465)
	at org.apache.maven.surefire.booter.ForkedBooter.main(ForkedBooter.java:451)

2024-04-24T01:11:25,233  INFO [main] metadata.Hive: Dumping metastore api call timing information for : compilation phase
2024-04-24T01:11:25,233  INFO [main] metadata.Hive: Total time spent in each metastore function (ms): {flushCache_()=0, getTable_(GetTableRequest)=136, getTableColumnStatistics_(String, String, List, String)=62, getAllTableConstraints_(AllTableConstraintsRequest)=33, commitTxn_(CommitTxnRequest)=14, getValidWriteIds_(List, String)=13, isCompatibleWith_(Configuration)=0, createTable_(Table)=3, getValidTxns_(long)=1, openTxn_(String, TxnType)=3}
2024-04-24T01:11:25,233  INFO [main] ql.Driver: Completed compiling command(queryId=alex_20240424011124_42629575-4080-4cbd-b6f7-768bafb747ad); Time taken: 0.531 seconds
2024-04-24T01:11:25,233  INFO [main] lockmgr.DbTxnManager: Stopped heartbeat for query: alex_20240424011124_42629575-4080-4cbd-b6f7-768bafb747ad
2024-04-24T01:11:25,238  INFO [main] txn.TxnHandler: Removed transactions: ([13]) from MIN_HISTORY_LEVEL
2024-04-24T01:11:25,247  INFO [main] ql.TxnCommandsBaseForTests: Running the query: drop table if exists acidTbl
2024-04-24T01:11:25,247  INFO [main] ql.Context: Deleting scratch dir: file:/home/alex/Repositories/hive/ql/target/tmp/localscratchdir/ecf22b26-e9a3-4e92-b64a-6c22df2c2169/hive_2024-04-24_01-11-24_746_9211898406836859314-1
2024-04-24T01:11:25,247  INFO [main] ql.Driver: Compiling command(queryId=alex_20240424011124_42629575-4080-4cbd-b6f7-768bafb747ad): drop table if exists acidTbl
2024-04-24T01:11:25,250  INFO [main] txn.TxnHandler: Added entries to MIN_HISTORY_LEVEL for current txns: ([14]) with min_open_txn: 3
2024-04-24T01:11:25,250  INFO [main] lockmgr.DbTxnManager: Opened txnid:14
2024-04-24T01:11:25,250  INFO [main] HiveMetaStore.audit: ugi=alex	ip=unknown-ip-addr	cmd=get_table : tbl=hive.default.acidTbl	
2024-04-24T01:11:25,256  INFO [main] metastore.HMSHandler: Skipping translation for processor with null
2024-04-24T01:11:25,256  INFO [main] ql.Driver: Semantic Analysis Completed (retrial = false)
2024-04-24T01:11:25,256  INFO [main] ql.Driver: Created Hive schema: Schema(fieldSchemas:null, properties:null)
2024-04-24T01:11:25,256  INFO [main] metadata.Hive: Dumping metastore api call timing information for : compilation phase
2024-04-24T01:11:25,257  INFO [main] metadata.Hive: Total time spent in each metastore function (ms): {getTable_(GetTableRequest)=6, isCompatibleWith_(Configuration)=0, rollbackTxn_(long)=14, getValidTxns_(long)=0, flushCache_()=0, openTxn_(String, TxnType)=2}
2024-04-24T01:11:25,257  INFO [main] ql.Driver: Completed compiling command(queryId=alex_20240424011124_42629575-4080-4cbd-b6f7-768bafb747ad); Time taken: 0.009 seconds
2024-04-24T01:11:25,257  INFO [main] lockmgr.DbTxnManager: Setting lock request transaction to txnid:14 for queryId=alex_20240424011124_42629575-4080-4cbd-b6f7-768bafb747ad
2024-04-24T01:11:25,257  INFO [main] lockmgr.DbLockManager: Requesting lock for queryId=alex_20240424011124_42629575-4080-4cbd-b6f7-768bafb747ad
2024-04-24T01:11:25,278  INFO [main] lockmgr.DbLockManager: Response to queryId=alex_20240424011124_42629575-4080-4cbd-b6f7-768bafb747ad LockResponse(lockid:7, state:ACQUIRED)
2024-04-24T01:11:25,278  INFO [main] ql.Driver: Operation DROPTABLE obtained 1 locks
2024-04-24T01:11:25,278  INFO [main] ql.Driver: Executing command(queryId=alex_20240424011124_42629575-4080-4cbd-b6f7-768bafb747ad): drop table if exists acidTbl
2024-04-24T01:11:25,278  INFO [main] ql.Driver: Starting task [Stage-0:DDL] in serial mode
2024-04-24T01:11:25,278  INFO [main] HiveMetaStore.audit: ugi=alex	ip=unknown-ip-addr	cmd=get_table : tbl=hive.default.acidTbl	
2024-04-24T01:11:25,286  INFO [main] metastore.HMSHandler: Skipping translation for processor with null
2024-04-24T01:11:25,286  INFO [main] HiveMetaStore.audit: ugi=alex	ip=unknown-ip-addr	cmd=get_table : tbl=hive.default.acidTbl	
2024-04-24T01:11:25,293  INFO [main] metastore.HMSHandler: Skipping translation for processor with null
2024-04-24T01:11:25,293  INFO [main] HiveMetaStore.audit: ugi=alex	ip=unknown-ip-addr	cmd=drop_table : tbl=hive.default.acidTbl	
2024-04-24T01:11:25,415  INFO [main] metadata.Hive: Dumping metastore api call timing information for : execution phase
2024-04-24T01:11:25,415  INFO [main] metadata.Hive: Total time spent in each metastore function (ms): {isCompatibleWith_(Configuration)=0, dropTable_(String, String, boolean, boolean, boolean)=129, getTable_(GetTableRequest)=8}
2024-04-24T01:11:25,415  INFO [main] ql.Driver: Completed executing command(queryId=alex_20240424011124_42629575-4080-4cbd-b6f7-768bafb747ad); Time taken: 0.137 seconds
2024-04-24T01:11:25,415  INFO [main] lockmgr.DbTxnManager: Stopped heartbeat for query: alex_20240424011124_42629575-4080-4cbd-b6f7-768bafb747ad
2024-04-24T01:11:25,420  INFO [main] txn.TxnHandler: Expected to move at least one record from txn_components to completed_txn_components when committing txn! txnid:14
2024-04-24T01:11:25,427  INFO [main] txn.TxnHandler: Removed transactions: ([14]) from MIN_HISTORY_LEVEL
2024-04-24T01:11:25,427  WARN [main] txn.CompactionTxnHandler: No compaction queue record found for Compaction type transaction commit. txnId:14
2024-04-24T01:11:25,427  INFO [main] ql.TxnCommandsBaseForTests: Running the query: drop table if exists acidTblPart
2024-04-24T01:11:25,428  INFO [main] ql.Driver: Compiling command(queryId=alex_20240424011124_42629575-4080-4cbd-b6f7-768bafb747ad): drop table if exists acidTblPart
2024-04-24T01:11:25,430  INFO [main] txn.TxnHandler: Added entries to MIN_HISTORY_LEVEL for current txns: ([15]) with min_open_txn: 9
2024-04-24T01:11:25,430  INFO [main] lockmgr.DbTxnManager: Opened txnid:15
2024-04-24T01:11:25,431  INFO [main] HiveMetaStore.audit: ugi=alex	ip=unknown-ip-addr	cmd=get_table : tbl=hive.default.acidTblPart	
2024-04-24T01:11:25,437  INFO [main] metastore.HMSHandler: Skipping translation for processor with null
2024-04-24T01:11:25,437  INFO [main] ql.Driver: Semantic Analysis Completed (retrial = false)
2024-04-24T01:11:25,437  INFO [main] ql.Driver: Created Hive schema: Schema(fieldSchemas:null, properties:null)
2024-04-24T01:11:25,437  INFO [main] metadata.Hive: Dumping metastore api call timing information for : compilation phase
2024-04-24T01:11:25,437  INFO [main] metadata.Hive: Total time spent in each metastore function (ms): {openTxn_(String, TxnType)=2, getValidTxns_(long)=0, flushCache_()=0, commitTxn_(CommitTxnRequest)=11, isCompatibleWith_(Configuration)=1, getTable_(GetTableRequest)=6}
2024-04-24T01:11:25,438  INFO [main] ql.Driver: Completed compiling command(queryId=alex_20240424011124_42629575-4080-4cbd-b6f7-768bafb747ad); Time taken: 0.009 seconds
2024-04-24T01:11:25,438  INFO [main] lockmgr.DbTxnManager: Setting lock request transaction to txnid:15 for queryId=alex_20240424011124_42629575-4080-4cbd-b6f7-768bafb747ad
2024-04-24T01:11:25,438  INFO [main] lockmgr.DbLockManager: Requesting lock for queryId=alex_20240424011124_42629575-4080-4cbd-b6f7-768bafb747ad
2024-04-24T01:11:25,454  INFO [main] lockmgr.DbLockManager: Response to queryId=alex_20240424011124_42629575-4080-4cbd-b6f7-768bafb747ad LockResponse(lockid:8, state:ACQUIRED)
2024-04-24T01:11:25,454  INFO [main] ql.Driver: Operation DROPTABLE obtained 1 locks
2024-04-24T01:11:25,454  INFO [main] ql.Driver: Executing command(queryId=alex_20240424011124_42629575-4080-4cbd-b6f7-768bafb747ad): drop table if exists acidTblPart
2024-04-24T01:11:25,454  INFO [main] ql.Driver: Starting task [Stage-0:DDL] in serial mode
2024-04-24T01:11:25,454  INFO [main] HiveMetaStore.audit: ugi=alex	ip=unknown-ip-addr	cmd=get_table : tbl=hive.default.acidTblPart	
2024-04-24T01:11:25,461  INFO [main] metastore.HMSHandler: Skipping translation for processor with null
2024-04-24T01:11:25,461  INFO [main] HiveMetaStore.audit: ugi=alex	ip=unknown-ip-addr	cmd=get_table : tbl=hive.default.acidTblPart	
2024-04-24T01:11:25,467  INFO [main] metastore.HMSHandler: Skipping translation for processor with null
2024-04-24T01:11:25,467  INFO [main] HiveMetaStore.audit: ugi=alex	ip=unknown-ip-addr	cmd=drop_table : tbl=hive.default.acidTblPart	
2024-04-24T01:11:25,506  INFO [main] metadata.Hive: Dumping metastore api call timing information for : execution phase
2024-04-24T01:11:25,507  INFO [main] metadata.Hive: Total time spent in each metastore function (ms): {getTable_(GetTableRequest)=7, dropTable_(String, String, boolean, boolean, boolean)=45, isCompatibleWith_(Configuration)=0}
2024-04-24T01:11:25,507  INFO [main] ql.Driver: Completed executing command(queryId=alex_20240424011124_42629575-4080-4cbd-b6f7-768bafb747ad); Time taken: 0.052 seconds
2024-04-24T01:11:25,507  INFO [main] lockmgr.DbTxnManager: Stopped heartbeat for query: alex_20240424011124_42629575-4080-4cbd-b6f7-768bafb747ad
2024-04-24T01:11:25,511  INFO [main] txn.TxnHandler: Expected to move at least one record from txn_components to completed_txn_components when committing txn! txnid:15
2024-04-24T01:11:25,519  INFO [main] txn.TxnHandler: Removed transactions: ([15]) from MIN_HISTORY_LEVEL
2024-04-24T01:11:25,519  WARN [main] txn.CompactionTxnHandler: No compaction queue record found for Compaction type transaction commit. txnId:15
2024-04-24T01:11:25,520  INFO [main] ql.TxnCommandsBaseForTests: Running the query: drop table if exists acidTbl2
2024-04-24T01:11:25,520  INFO [main] ql.Driver: Compiling command(queryId=alex_20240424011124_42629575-4080-4cbd-b6f7-768bafb747ad): drop table if exists acidTbl2
2024-04-24T01:11:25,523  INFO [main] txn.TxnHandler: Added entries to MIN_HISTORY_LEVEL for current txns: ([16]) with min_open_txn: 10
2024-04-24T01:11:25,524  INFO [main] lockmgr.DbTxnManager: Opened txnid:16
2024-04-24T01:11:25,527  INFO [main] ql.Driver: Semantic Analysis Completed (retrial = false)
2024-04-24T01:11:25,527  INFO [main] ql.Driver: Created Hive schema: Schema(fieldSchemas:null, properties:null)
2024-04-24T01:11:25,527  INFO [main] metadata.Hive: Dumping metastore api call timing information for : compilation phase
2024-04-24T01:11:25,527  INFO [main] metadata.Hive: Total time spent in each metastore function (ms): {commitTxn_(CommitTxnRequest)=13, isCompatibleWith_(Configuration)=0, getTable_(GetTableRequest)=1, flushCache_()=1, getValidTxns_(long)=2, openTxn_(String, TxnType)=3}
2024-04-24T01:11:25,527  INFO [main] ql.Driver: Completed compiling command(queryId=alex_20240424011124_42629575-4080-4cbd-b6f7-768bafb747ad); Time taken: 0.007 seconds
2024-04-24T01:11:25,527  INFO [main] lockmgr.DbTxnManager: Setting lock request transaction to txnid:16 for queryId=alex_20240424011124_42629575-4080-4cbd-b6f7-768bafb747ad
2024-04-24T01:11:25,527  INFO [main] ql.Driver: Operation DROPTABLE obtained 0 locks
2024-04-24T01:11:25,527  INFO [main] ql.Driver: Executing command(queryId=alex_20240424011124_42629575-4080-4cbd-b6f7-768bafb747ad): drop table if exists acidTbl2
2024-04-24T01:11:25,528  INFO [main] ql.Driver: Starting task [Stage-0:DDL] in serial mode
2024-04-24T01:11:25,528  INFO [main] metadata.SessionHiveMetaStoreClient: Column stats doesn't exist for db=default temp table=acidTbl2
2024-04-24T01:11:25,528  INFO [main] metadata.Hive: Dumping metastore api call timing information for : execution phase
2024-04-24T01:11:25,529  INFO [main] metadata.Hive: Total time spent in each metastore function (ms): {dropTable_(String, String, boolean, boolean, boolean)=0, isCompatibleWith_(Configuration)=0, getTable_(GetTableRequest)=0}
2024-04-24T01:11:25,529  INFO [main] ql.Driver: Completed executing command(queryId=alex_20240424011124_42629575-4080-4cbd-b6f7-768bafb747ad); Time taken: 0.001 seconds
2024-04-24T01:11:25,529  INFO [main] lockmgr.DbTxnManager: Stopped heartbeat for query: alex_20240424011124_42629575-4080-4cbd-b6f7-768bafb747ad
2024-04-24T01:11:25,535  INFO [main] txn.TxnHandler: Expected to move at least one record from txn_components to completed_txn_components when committing txn! txnid:16
2024-04-24T01:11:25,543  INFO [main] txn.TxnHandler: Removed transactions: ([16]) from MIN_HISTORY_LEVEL
2024-04-24T01:11:25,543  WARN [main] txn.CompactionTxnHandler: No compaction queue record found for Compaction type transaction commit. txnId:16
2024-04-24T01:11:25,544  INFO [main] ql.TxnCommandsBaseForTests: Running the query: drop table if exists nonAcidOrcTbl
2024-04-24T01:11:25,544  INFO [main] ql.Driver: Compiling command(queryId=alex_20240424011124_42629575-4080-4cbd-b6f7-768bafb747ad): drop table if exists nonAcidOrcTbl
2024-04-24T01:11:25,547  INFO [main] txn.TxnHandler: Added entries to MIN_HISTORY_LEVEL for current txns: ([17]) with min_open_txn: 11
2024-04-24T01:11:25,548  INFO [main] lockmgr.DbTxnManager: Opened txnid:17
2024-04-24T01:11:25,549  INFO [main] HiveMetaStore.audit: ugi=alex	ip=unknown-ip-addr	cmd=get_table : tbl=hive.default.nonAcidOrcTbl	
2024-04-24T01:11:25,572  INFO [main] metastore.HMSHandler: Skipping translation for processor with null
2024-04-24T01:11:25,572  INFO [main] ql.Driver: Semantic Analysis Completed (retrial = false)
2024-04-24T01:11:25,572  INFO [main] ql.Driver: Created Hive schema: Schema(fieldSchemas:null, properties:null)
2024-04-24T01:11:25,572  INFO [main] metadata.Hive: Dumping metastore api call timing information for : compilation phase
2024-04-24T01:11:25,572  INFO [main] metadata.Hive: Total time spent in each metastore function (ms): {getValidTxns_(long)=0, flushCache_()=0, isCompatibleWith_(Configuration)=0, getTable_(GetTableRequest)=24, commitTxn_(CommitTxnRequest)=14, openTxn_(String, TxnType)=4}
2024-04-24T01:11:25,573  INFO [main] ql.Driver: Completed compiling command(queryId=alex_20240424011124_42629575-4080-4cbd-b6f7-768bafb747ad); Time taken: 0.028 seconds
2024-04-24T01:11:25,573  INFO [main] lockmgr.DbTxnManager: Setting lock request transaction to txnid:17 for queryId=alex_20240424011124_42629575-4080-4cbd-b6f7-768bafb747ad
2024-04-24T01:11:25,573  INFO [main] lockmgr.DbLockManager: Requesting lock for queryId=alex_20240424011124_42629575-4080-4cbd-b6f7-768bafb747ad
2024-04-24T01:11:25,595  INFO [main] lockmgr.DbLockManager: Response to queryId=alex_20240424011124_42629575-4080-4cbd-b6f7-768bafb747ad LockResponse(lockid:9, state:ACQUIRED)
2024-04-24T01:11:25,595  INFO [main] ql.Driver: Operation DROPTABLE obtained 1 locks
2024-04-24T01:11:25,595  INFO [main] ql.Driver: Executing command(queryId=alex_20240424011124_42629575-4080-4cbd-b6f7-768bafb747ad): drop table if exists nonAcidOrcTbl
2024-04-24T01:11:25,595  INFO [main] ql.Driver: Starting task [Stage-0:DDL] in serial mode
2024-04-24T01:11:25,595  INFO [main] HiveMetaStore.audit: ugi=alex	ip=unknown-ip-addr	cmd=get_table : tbl=hive.default.nonAcidOrcTbl	
2024-04-24T01:11:25,603  INFO [main] metastore.HMSHandler: Skipping translation for processor with null
2024-04-24T01:11:25,604  INFO [main] HiveMetaStore.audit: ugi=alex	ip=unknown-ip-addr	cmd=get_table : tbl=hive.default.nonAcidOrcTbl	
2024-04-24T01:11:25,612  INFO [main] metastore.HMSHandler: Skipping translation for processor with null
2024-04-24T01:11:25,612  INFO [main] HiveMetaStore.audit: ugi=alex	ip=unknown-ip-addr	cmd=drop_table : tbl=hive.default.nonAcidOrcTbl	
2024-04-24T01:11:25,645  INFO [main] metadata.Hive: Dumping metastore api call timing information for : execution phase
2024-04-24T01:11:25,645  INFO [main] metadata.Hive: Total time spent in each metastore function (ms): {isCompatibleWith_(Configuration)=0, dropTable_(String, String, boolean, boolean, boolean)=42, getTable_(GetTableRequest)=8}
2024-04-24T01:11:25,645  INFO [main] ql.Driver: Completed executing command(queryId=alex_20240424011124_42629575-4080-4cbd-b6f7-768bafb747ad); Time taken: 0.05 seconds
2024-04-24T01:11:25,645  INFO [main] lockmgr.DbTxnManager: Stopped heartbeat for query: alex_20240424011124_42629575-4080-4cbd-b6f7-768bafb747ad
2024-04-24T01:11:25,650  INFO [main] txn.TxnHandler: Expected to move at least one record from txn_components to completed_txn_components when committing txn! txnid:17
2024-04-24T01:11:25,657  INFO [main] txn.TxnHandler: Removed transactions: ([17]) from MIN_HISTORY_LEVEL
2024-04-24T01:11:25,657  WARN [main] txn.CompactionTxnHandler: No compaction queue record found for Compaction type transaction commit. txnId:17
2024-04-24T01:11:25,658  INFO [main] ql.TxnCommandsBaseForTests: Running the query: drop table if exists nonAcidOrcTbl2
2024-04-24T01:11:25,658  INFO [main] ql.Driver: Compiling command(queryId=alex_20240424011124_42629575-4080-4cbd-b6f7-768bafb747ad): drop table if exists nonAcidOrcTbl2
2024-04-24T01:11:25,661  INFO [main] txn.TxnHandler: Added entries to MIN_HISTORY_LEVEL for current txns: ([18]) with min_open_txn: 13
2024-04-24T01:11:25,661  INFO [main] lockmgr.DbTxnManager: Opened txnid:18
2024-04-24T01:11:25,661  INFO [main] HiveMetaStore.audit: ugi=alex	ip=unknown-ip-addr	cmd=get_table : tbl=hive.default.nonAcidOrcTbl2	
2024-04-24T01:11:25,670  INFO [main] metastore.HMSHandler: Skipping translation for processor with null
2024-04-24T01:11:25,670  INFO [main] ql.Driver: Semantic Analysis Completed (retrial = false)
2024-04-24T01:11:25,670  INFO [main] ql.Driver: Created Hive schema: Schema(fieldSchemas:null, properties:null)
2024-04-24T01:11:25,670  INFO [main] metadata.Hive: Dumping metastore api call timing information for : compilation phase
2024-04-24T01:11:25,670  INFO [main] metadata.Hive: Total time spent in each metastore function (ms): {getTable_(GetTableRequest)=9, isCompatibleWith_(Configuration)=2, openTxn_(String, TxnType)=2, flushCache_()=0, commitTxn_(CommitTxnRequest)=12, getValidTxns_(long)=0}
2024-04-24T01:11:25,671  INFO [main] ql.Driver: Completed compiling command(queryId=alex_20240424011124_42629575-4080-4cbd-b6f7-768bafb747ad); Time taken: 0.012 seconds
2024-04-24T01:11:25,671  INFO [main] lockmgr.DbTxnManager: Setting lock request transaction to txnid:18 for queryId=alex_20240424011124_42629575-4080-4cbd-b6f7-768bafb747ad
2024-04-24T01:11:25,671  INFO [main] lockmgr.DbLockManager: Requesting lock for queryId=alex_20240424011124_42629575-4080-4cbd-b6f7-768bafb747ad
2024-04-24T01:11:25,688  INFO [main] lockmgr.DbLockManager: Response to queryId=alex_20240424011124_42629575-4080-4cbd-b6f7-768bafb747ad LockResponse(lockid:10, state:ACQUIRED)
2024-04-24T01:11:25,688  INFO [main] ql.Driver: Operation DROPTABLE obtained 1 locks
2024-04-24T01:11:25,688  INFO [main] ql.Driver: Executing command(queryId=alex_20240424011124_42629575-4080-4cbd-b6f7-768bafb747ad): drop table if exists nonAcidOrcTbl2
2024-04-24T01:11:25,688  INFO [main] ql.Driver: Starting task [Stage-0:DDL] in serial mode
2024-04-24T01:11:25,688  INFO [main] HiveMetaStore.audit: ugi=alex	ip=unknown-ip-addr	cmd=get_table : tbl=hive.default.nonAcidOrcTbl2	
2024-04-24T01:11:25,696  INFO [main] metastore.HMSHandler: Skipping translation for processor with null
2024-04-24T01:11:25,697  INFO [main] HiveMetaStore.audit: ugi=alex	ip=unknown-ip-addr	cmd=get_table : tbl=hive.default.nonAcidOrcTbl2	
2024-04-24T01:11:25,705  INFO [main] metastore.HMSHandler: Skipping translation for processor with null
2024-04-24T01:11:25,705  INFO [main] HiveMetaStore.audit: ugi=alex	ip=unknown-ip-addr	cmd=drop_table : tbl=hive.default.nonAcidOrcTbl2	
2024-04-24T01:11:25,734  INFO [main] metadata.Hive: Dumping metastore api call timing information for : execution phase
2024-04-24T01:11:25,734  INFO [main] metadata.Hive: Total time spent in each metastore function (ms): {isCompatibleWith_(Configuration)=0, getTable_(GetTableRequest)=9, dropTable_(String, String, boolean, boolean, boolean)=37}
2024-04-24T01:11:25,734  INFO [main] ql.Driver: Completed executing command(queryId=alex_20240424011124_42629575-4080-4cbd-b6f7-768bafb747ad); Time taken: 0.046 seconds
2024-04-24T01:11:25,735  INFO [main] lockmgr.DbTxnManager: Stopped heartbeat for query: alex_20240424011124_42629575-4080-4cbd-b6f7-768bafb747ad
2024-04-24T01:11:25,739  INFO [main] txn.TxnHandler: Expected to move at least one record from txn_components to completed_txn_components when committing txn! txnid:18
2024-04-24T01:11:25,746  INFO [main] txn.TxnHandler: Removed transactions: ([18]) from MIN_HISTORY_LEVEL
2024-04-24T01:11:25,746  WARN [main] txn.CompactionTxnHandler: No compaction queue record found for Compaction type transaction commit. txnId:18
2024-04-24T01:11:25,747  INFO [main] ql.TxnCommandsBaseForTests: Running the query: drop table if exists nonAcidNonBucket
2024-04-24T01:11:25,747  INFO [main] ql.Driver: Compiling command(queryId=alex_20240424011124_42629575-4080-4cbd-b6f7-768bafb747ad): drop table if exists nonAcidNonBucket
2024-04-24T01:11:25,749  INFO [main] txn.TxnHandler: Added entries to MIN_HISTORY_LEVEL for current txns: ([19]) with min_open_txn: 14
2024-04-24T01:11:25,750  INFO [main] lockmgr.DbTxnManager: Opened txnid:19
2024-04-24T01:11:25,750  INFO [main] HiveMetaStore.audit: ugi=alex	ip=unknown-ip-addr	cmd=get_table : tbl=hive.default.nonAcidNonBucket	
2024-04-24T01:11:25,766  INFO [main] metastore.HMSHandler: Skipping translation for processor with null
2024-04-24T01:11:25,766  INFO [main] ql.Driver: Semantic Analysis Completed (retrial = false)
2024-04-24T01:11:25,766  INFO [main] ql.Driver: Created Hive schema: Schema(fieldSchemas:null, properties:null)
2024-04-24T01:11:25,766  INFO [main] metadata.Hive: Dumping metastore api call timing information for : compilation phase
2024-04-24T01:11:25,766  INFO [main] metadata.Hive: Total time spent in each metastore function (ms): {getValidTxns_(long)=0, isCompatibleWith_(Configuration)=0, commitTxn_(CommitTxnRequest)=12, flushCache_()=0, getTable_(GetTableRequest)=16, openTxn_(String, TxnType)=3}
2024-04-24T01:11:25,766  INFO [main] ql.Driver: Completed compiling command(queryId=alex_20240424011124_42629575-4080-4cbd-b6f7-768bafb747ad); Time taken: 0.019 seconds
2024-04-24T01:11:25,766  INFO [main] lockmgr.DbTxnManager: Setting lock request transaction to txnid:19 for queryId=alex_20240424011124_42629575-4080-4cbd-b6f7-768bafb747ad
2024-04-24T01:11:25,767  INFO [main] lockmgr.DbLockManager: Requesting lock for queryId=alex_20240424011124_42629575-4080-4cbd-b6f7-768bafb747ad
2024-04-24T01:11:25,782  INFO [main] lockmgr.DbLockManager: Response to queryId=alex_20240424011124_42629575-4080-4cbd-b6f7-768bafb747ad LockResponse(lockid:11, state:ACQUIRED)
2024-04-24T01:11:25,782  INFO [main] ql.Driver: Operation DROPTABLE obtained 1 locks
2024-04-24T01:11:25,782  INFO [main] ql.Driver: Executing command(queryId=alex_20240424011124_42629575-4080-4cbd-b6f7-768bafb747ad): drop table if exists nonAcidNonBucket
2024-04-24T01:11:25,782  INFO [main] ql.Driver: Starting task [Stage-0:DDL] in serial mode
2024-04-24T01:11:25,783  INFO [main] HiveMetaStore.audit: ugi=alex	ip=unknown-ip-addr	cmd=get_table : tbl=hive.default.nonAcidNonBucket	
2024-04-24T01:11:25,790  INFO [main] metastore.HMSHandler: Skipping translation for processor with null
2024-04-24T01:11:25,791  INFO [main] HiveMetaStore.audit: ugi=alex	ip=unknown-ip-addr	cmd=get_table : tbl=hive.default.nonAcidNonBucket	
2024-04-24T01:11:25,799  INFO [main] metastore.HMSHandler: Skipping translation for processor with null
2024-04-24T01:11:25,799  INFO [main] HiveMetaStore.audit: ugi=alex	ip=unknown-ip-addr	cmd=drop_table : tbl=hive.default.nonAcidNonBucket	
2024-04-24T01:11:25,827  INFO [main] metadata.Hive: Dumping metastore api call timing information for : execution phase
2024-04-24T01:11:25,828  INFO [main] metadata.Hive: Total time spent in each metastore function (ms): {isCompatibleWith_(Configuration)=1, getTable_(GetTableRequest)=8, dropTable_(String, String, boolean, boolean, boolean)=36}
2024-04-24T01:11:25,828  INFO [main] ql.Driver: Completed executing command(queryId=alex_20240424011124_42629575-4080-4cbd-b6f7-768bafb747ad); Time taken: 0.045 seconds
2024-04-24T01:11:25,828  INFO [main] lockmgr.DbTxnManager: Stopped heartbeat for query: alex_20240424011124_42629575-4080-4cbd-b6f7-768bafb747ad
2024-04-24T01:11:25,832  INFO [main] txn.TxnHandler: Expected to move at least one record from txn_components to completed_txn_components when committing txn! txnid:19
2024-04-24T01:11:25,839  INFO [main] txn.TxnHandler: Removed transactions: ([19]) from MIN_HISTORY_LEVEL
2024-04-24T01:11:25,839  WARN [main] txn.CompactionTxnHandler: No compaction queue record found for Compaction type transaction commit. txnId:19
2024-04-24T01:11:25,840  INFO [main] utils.TestTxnDbUtil: Cleaning transactional tables
]]></system-err>
  </testcase>
  <testcase name="testMergeType2SCD01" classname="org.apache.hadoop.hive.ql.TestTxnCommandsWithSplitUpdateAndVectorization" time="6.958">
    <error type="java.lang.RuntimeException"><![CDATA[java.lang.RuntimeException: merge into target t using (select curMatch.*, case when splitTable.op is null or splitTable.op = 0 then 0 else 1 end `o/p\n` from (select s.*, case when t.cur is null then 0 else 1 end m from source s left outer join (select * from target where target.cur=1) t on s.key=t.key) curMatch left outer join splitTable on curMatch.m=1) s on t.key=s.key and t.cur=1 and s.`o/p\n`=1 when matched then update set cur=0 when not matched then insert values(s.key,s.data,1) failed: (responseCode = 40000, errorMessage = FAILED: NoMatchingMethodException No matching method for class org.apache.hadoop.hive.ql.udf.UDFToInteger with (struct<writeid:bigint,bucketid:int,rowid:bigint>). Possible choices: _FUNC_(bigint)  _FUNC_(boolean)  _FUNC_(decimal(38,18))  _FUNC_(double)  _FUNC_(float)  _FUNC_(smallint)  _FUNC_(string)  _FUNC_(struct<rowid:bigint,writeid:bigint,bucketid:int>)  _FUNC_(timestamp)  _FUNC_(tinyint)  _FUNC_(void)  , hiveErrorCode = 40000, SQLState = 42000, exception = No matching method for class org.apache.hadoop.hive.ql.udf.UDFToInteger with (struct<writeid:bigint,bucketid:int,rowid:bigint>). Possible choices: _FUNC_(bigint)  _FUNC_(boolean)  _FUNC_(decimal(38,18))  _FUNC_(double)  _FUNC_(float)  _FUNC_(smallint)  _FUNC_(string)  _FUNC_(struct<rowid:bigint,writeid:bigint,bucketid:int>)  _FUNC_(timestamp)  _FUNC_(tinyint)  _FUNC_(void)  )
	at org.apache.hadoop.hive.ql.TxnCommandsBaseForTests.runStatementOnDriver(TxnCommandsBaseForTests.java:247)
	at org.apache.hadoop.hive.ql.TestTxnCommands.testMergeType2SCD01(TestTxnCommands.java:1140)
	at sun.reflect.NativeMethodAccessorImpl.invoke0(Native Method)
	at sun.reflect.NativeMethodAccessorImpl.invoke(NativeMethodAccessorImpl.java:62)
	at sun.reflect.DelegatingMethodAccessorImpl.invoke(DelegatingMethodAccessorImpl.java:43)
	at java.lang.reflect.Method.invoke(Method.java:498)
	at org.junit.runners.model.FrameworkMethod$1.runReflectiveCall(FrameworkMethod.java:59)
	at org.junit.internal.runners.model.ReflectiveCallable.run(ReflectiveCallable.java:12)
	at org.junit.runners.model.FrameworkMethod.invokeExplosively(FrameworkMethod.java:56)
	at org.junit.internal.runners.statements.InvokeMethod.evaluate(InvokeMethod.java:17)
	at org.junit.internal.runners.statements.RunBefores.evaluate(RunBefores.java:26)
	at org.junit.internal.runners.statements.RunAfters.evaluate(RunAfters.java:27)
	at org.junit.rules.TestWatcher$1.evaluate(TestWatcher.java:61)
	at org.junit.runners.ParentRunner$3.evaluate(ParentRunner.java:306)
	at org.junit.runners.BlockJUnit4ClassRunner$1.evaluate(BlockJUnit4ClassRunner.java:100)
	at org.junit.runners.ParentRunner.runLeaf(ParentRunner.java:366)
	at org.junit.runners.BlockJUnit4ClassRunner.runChild(BlockJUnit4ClassRunner.java:103)
	at org.junit.runners.BlockJUnit4ClassRunner.runChild(BlockJUnit4ClassRunner.java:63)
	at org.junit.runners.ParentRunner$4.run(ParentRunner.java:331)
	at org.junit.runners.ParentRunner$1.schedule(ParentRunner.java:79)
	at org.junit.runners.ParentRunner.runChildren(ParentRunner.java:329)
	at org.junit.runners.ParentRunner.access$100(ParentRunner.java:66)
	at org.junit.runners.ParentRunner$2.evaluate(ParentRunner.java:293)
	at org.junit.runners.ParentRunner$3.evaluate(ParentRunner.java:306)
	at org.junit.runners.ParentRunner.run(ParentRunner.java:413)
	at org.junit.runner.JUnitCore.run(JUnitCore.java:137)
	at org.junit.runner.JUnitCore.run(JUnitCore.java:115)
	at org.junit.vintage.engine.execution.RunnerExecutor.execute(RunnerExecutor.java:43)
	at java.util.stream.ForEachOps$ForEachOp$OfRef.accept(ForEachOps.java:183)
	at java.util.stream.ReferencePipeline$3$1.accept(ReferencePipeline.java:193)
	at java.util.Iterator.forEachRemaining(Iterator.java:116)
	at java.util.Spliterators$IteratorSpliterator.forEachRemaining(Spliterators.java:1801)
	at java.util.stream.AbstractPipeline.copyInto(AbstractPipeline.java:482)
	at java.util.stream.AbstractPipeline.wrapAndCopyInto(AbstractPipeline.java:472)
	at java.util.stream.ForEachOps$ForEachOp.evaluateSequential(ForEachOps.java:150)
	at java.util.stream.ForEachOps$ForEachOp$OfRef.evaluateSequential(ForEachOps.java:173)
	at java.util.stream.AbstractPipeline.evaluate(AbstractPipeline.java:234)
	at java.util.stream.ReferencePipeline.forEach(ReferencePipeline.java:485)
	at org.junit.vintage.engine.VintageTestEngine.executeAllChildren(VintageTestEngine.java:82)
	at org.junit.vintage.engine.VintageTestEngine.execute(VintageTestEngine.java:73)
	at org.junit.platform.launcher.core.DefaultLauncher.execute(DefaultLauncher.java:248)
	at org.junit.platform.launcher.core.DefaultLauncher.lambda$execute$5(DefaultLauncher.java:211)
	at org.junit.platform.launcher.core.DefaultLauncher.withInterceptedStreams(DefaultLauncher.java:226)
	at org.junit.platform.launcher.core.DefaultLauncher.execute(DefaultLauncher.java:199)
	at org.junit.platform.launcher.core.DefaultLauncher.execute(DefaultLauncher.java:132)
	at org.apache.maven.surefire.junitplatform.JUnitPlatformProvider.invokeAllTests(JUnitPlatformProvider.java:154)
	at org.apache.maven.surefire.junitplatform.JUnitPlatformProvider.invoke(JUnitPlatformProvider.java:123)
	at org.apache.maven.surefire.booter.ForkedBooter.runSuitesInProcess(ForkedBooter.java:377)
	at org.apache.maven.surefire.booter.ForkedBooter.execute(ForkedBooter.java:138)
	at org.apache.maven.surefire.booter.ForkedBooter.run(ForkedBooter.java:465)
	at org.apache.maven.surefire.booter.ForkedBooter.main(ForkedBooter.java:451)
]]></error>
    <system-err><![CDATA[2024-04-24T01:11:25,906  WARN [main] conf.HiveConf: HiveConf of name hive.llap.io.cache.orc.size does not exist
2024-04-24T01:11:25,906  WARN [main] conf.HiveConf: HiveConf of name hive.dummyparam.test.server.specific.config.override does not exist
2024-04-24T01:11:25,906  WARN [main] conf.HiveConf: HiveConf of name hive.metastore.client.cache.recordStats does not exist
2024-04-24T01:11:25,906  WARN [main] conf.HiveConf: HiveConf of name hive.metastore.metadb.dir does not exist
2024-04-24T01:11:25,906  WARN [main] conf.HiveConf: HiveConf of name hive.dummyparam.test.server.specific.config.metastoresite does not exist
2024-04-24T01:11:25,906  WARN [main] conf.HiveConf: HiveConf of name hive.metastore.client.cache.maxSize does not exist
2024-04-24T01:11:25,907  WARN [main] conf.HiveConf: HiveConf of name hive.dummyparam.test.server.specific.config.hivesite does not exist
2024-04-24T01:11:25,907  WARN [main] conf.HiveConf: HiveConf of name hive.llap.io.cache.orc.arena.size does not exist
2024-04-24T01:11:25,907  WARN [main] conf.HiveConf: HiveConf of name hive.stats.key.prefix.reserve.length does not exist
2024-04-24T01:11:25,907  WARN [main] conf.HiveConf: HiveConf of name hive.llap.io.cache.orc.alloc.min does not exist
2024-04-24T01:11:25,907  WARN [main] conf.HiveConf: HiveConf of name hive.llap.io.cache.orc.alloc.max does not exist
2024-04-24T01:11:25,909  INFO [main] utils.TestTxnDbUtil: Creating transactional tables
Hive Session ID = c15739b9-0774-4cf9-8716-2e1fe9b44af5
2024-04-24T01:11:25,912  INFO [main] SessionState: Hive Session ID = c15739b9-0774-4cf9-8716-2e1fe9b44af5
ivysettings.xml file not found in HIVE_HOME or HIVE_CONF_DIR,/home/alex/Repositories/hive/conf/ivysettings.xml will be used
2024-04-24T01:11:25,913  INFO [main] DependencyResolver: ivysettings.xml file not found in HIVE_HOME or HIVE_CONF_DIR,/home/alex/Repositories/hive/conf/ivysettings.xml will be used
2024-04-24T01:11:25,918  INFO [main] session.SessionState: Created HDFS directory: /home/alex/Repositories/hive/ql/target/tmp/scratchdir/alex/c15739b9-0774-4cf9-8716-2e1fe9b44af5
2024-04-24T01:11:25,921  INFO [main] session.SessionState: Created local directory: /home/alex/Repositories/hive/ql/target/tmp/localscratchdir/c15739b9-0774-4cf9-8716-2e1fe9b44af5
2024-04-24T01:11:25,923  INFO [main] session.SessionState: Created HDFS directory: /home/alex/Repositories/hive/ql/target/tmp/scratchdir/alex/c15739b9-0774-4cf9-8716-2e1fe9b44af5/_tmp_space.db
2024-04-24T01:11:25,924  INFO [main] sqlstd.SQLStdHiveAccessController: Created SQLStdHiveAccessController for session context : HiveAuthzSessionContext [sessionString=c15739b9-0774-4cf9-8716-2e1fe9b44af5, clientType=HIVECLI]
2024-04-24T01:11:25,924  INFO [main] ql.TxnCommandsBaseForTests: Running the query: drop table if exists acidTbl
2024-04-24T01:11:25,924  INFO [main] ql.Driver: Compiling command(queryId=alex_20240424011125_cfd2c038-c568-4c01-82d4-1f21f49a46a8): drop table if exists acidTbl
2024-04-24T01:11:25,934  INFO [main] txn.TxnHandler: Added entries to MIN_HISTORY_LEVEL for current txns: ([1]) with min_open_txn: 1
2024-04-24T01:11:25,935  INFO [main] lockmgr.DbTxnManager: Opened txnid:1
2024-04-24T01:11:25,937  INFO [main] HiveMetaStore.audit: ugi=alex	ip=unknown-ip-addr	cmd=get_table : tbl=hive.default.acidTbl	
2024-04-24T01:11:25,940  INFO [main] ql.Driver: Semantic Analysis Completed (retrial = false)
2024-04-24T01:11:25,941  INFO [main] ql.Driver: Created Hive schema: Schema(fieldSchemas:null, properties:null)
2024-04-24T01:11:25,941  INFO [main] metadata.Hive: Dumping metastore api call timing information for : compilation phase
2024-04-24T01:11:25,941  INFO [main] metadata.Hive: Total time spent in each metastore function (ms): {openTxn_(String, TxnType)=10, flushCache_()=0, getValidTxns_(long)=2, isCompatibleWith_(Configuration)=0, commitTxn_(CommitTxnRequest)=11}
2024-04-24T01:11:25,941  INFO [main] ql.Driver: Completed compiling command(queryId=alex_20240424011125_cfd2c038-c568-4c01-82d4-1f21f49a46a8); Time taken: 0.017 seconds
2024-04-24T01:11:25,941  INFO [main] lockmgr.DbTxnManager: Setting lock request transaction to txnid:1 for queryId=alex_20240424011125_cfd2c038-c568-4c01-82d4-1f21f49a46a8
2024-04-24T01:11:25,941  INFO [main] ql.Driver: Operation DROPTABLE obtained 0 locks
2024-04-24T01:11:25,941  INFO [main] ql.Driver: Executing command(queryId=alex_20240424011125_cfd2c038-c568-4c01-82d4-1f21f49a46a8): drop table if exists acidTbl
2024-04-24T01:11:25,941  INFO [main] ql.Driver: Starting task [Stage-0:DDL] in serial mode
2024-04-24T01:11:25,942  INFO [main] HiveMetaStore.audit: ugi=alex	ip=unknown-ip-addr	cmd=get_table : tbl=hive.default.acidTbl	
2024-04-24T01:11:25,945  INFO [main] metadata.Hive: Dumping metastore api call timing information for : execution phase
2024-04-24T01:11:25,945  INFO [main] metadata.Hive: Total time spent in each metastore function (ms): {isCompatibleWith_(Configuration)=1}
2024-04-24T01:11:25,945  INFO [main] ql.Driver: Completed executing command(queryId=alex_20240424011125_cfd2c038-c568-4c01-82d4-1f21f49a46a8); Time taken: 0.004 seconds
2024-04-24T01:11:25,945  INFO [main] lockmgr.DbTxnManager: Stopped heartbeat for query: alex_20240424011125_cfd2c038-c568-4c01-82d4-1f21f49a46a8
2024-04-24T01:11:25,953  INFO [main] txn.TxnHandler: Expected to move at least one record from txn_components to completed_txn_components when committing txn! txnid:1
2024-04-24T01:11:25,962  INFO [main] txn.TxnHandler: Removed transactions: ([1]) from MIN_HISTORY_LEVEL
2024-04-24T01:11:25,964  WARN [main] txn.CompactionTxnHandler: No compaction queue record found for Compaction type transaction commit. txnId:1
2024-04-24T01:11:25,964  INFO [main] ql.TxnCommandsBaseForTests: Running the query: drop table if exists acidTblPart
2024-04-24T01:11:25,965  INFO [main] ql.Driver: Compiling command(queryId=alex_20240424011125_6e494061-1051-4a98-bc51-40c198a04347): drop table if exists acidTblPart
2024-04-24T01:11:25,967  INFO [main] txn.TxnHandler: Added entries to MIN_HISTORY_LEVEL for current txns: ([2]) with min_open_txn: 1
2024-04-24T01:11:25,967  INFO [main] lockmgr.DbTxnManager: Opened txnid:2
2024-04-24T01:11:25,968  INFO [main] HiveMetaStore.audit: ugi=alex	ip=unknown-ip-addr	cmd=get_table : tbl=hive.default.acidTblPart	
2024-04-24T01:11:25,971  INFO [main] ql.Driver: Semantic Analysis Completed (retrial = false)
2024-04-24T01:11:25,971  INFO [main] ql.Driver: Created Hive schema: Schema(fieldSchemas:null, properties:null)
2024-04-24T01:11:25,971  INFO [main] metadata.Hive: Dumping metastore api call timing information for : compilation phase
2024-04-24T01:11:25,971  INFO [main] metadata.Hive: Total time spent in each metastore function (ms): {flushCache_()=0, getValidTxns_(long)=0, isCompatibleWith_(Configuration)=0, openTxn_(String, TxnType)=2, commitTxn_(CommitTxnRequest)=19}
2024-04-24T01:11:25,971  INFO [main] ql.Driver: Completed compiling command(queryId=alex_20240424011125_6e494061-1051-4a98-bc51-40c198a04347); Time taken: 0.007 seconds
2024-04-24T01:11:25,972  INFO [main] lockmgr.DbTxnManager: Setting lock request transaction to txnid:2 for queryId=alex_20240424011125_6e494061-1051-4a98-bc51-40c198a04347
2024-04-24T01:11:25,972  INFO [main] ql.Driver: Operation DROPTABLE obtained 0 locks
2024-04-24T01:11:25,972  INFO [main] ql.Driver: Executing command(queryId=alex_20240424011125_6e494061-1051-4a98-bc51-40c198a04347): drop table if exists acidTblPart
2024-04-24T01:11:25,972  INFO [main] ql.Driver: Starting task [Stage-0:DDL] in serial mode
2024-04-24T01:11:25,972  INFO [main] HiveMetaStore.audit: ugi=alex	ip=unknown-ip-addr	cmd=get_table : tbl=hive.default.acidTblPart	
2024-04-24T01:11:25,975  INFO [main] metadata.Hive: Dumping metastore api call timing information for : execution phase
2024-04-24T01:11:25,975  INFO [main] metadata.Hive: Total time spent in each metastore function (ms): {isCompatibleWith_(Configuration)=0}
2024-04-24T01:11:25,975  INFO [main] ql.Driver: Completed executing command(queryId=alex_20240424011125_6e494061-1051-4a98-bc51-40c198a04347); Time taken: 0.003 seconds
2024-04-24T01:11:25,976  INFO [main] lockmgr.DbTxnManager: Stopped heartbeat for query: alex_20240424011125_6e494061-1051-4a98-bc51-40c198a04347
2024-04-24T01:11:25,983  INFO [main] txn.TxnHandler: Expected to move at least one record from txn_components to completed_txn_components when committing txn! txnid:2
2024-04-24T01:11:25,991  INFO [main] txn.TxnHandler: Removed transactions: ([2]) from MIN_HISTORY_LEVEL
2024-04-24T01:11:25,991  WARN [main] txn.CompactionTxnHandler: No compaction queue record found for Compaction type transaction commit. txnId:2
2024-04-24T01:11:25,992  INFO [main] ql.TxnCommandsBaseForTests: Running the query: drop table if exists acidTbl2
2024-04-24T01:11:25,992  INFO [main] ql.Driver: Compiling command(queryId=alex_20240424011125_646f9517-aeec-41b1-a718-f5a077b96b6a): drop table if exists acidTbl2
2024-04-24T01:11:25,995  INFO [main] txn.TxnHandler: Added entries to MIN_HISTORY_LEVEL for current txns: ([3]) with min_open_txn: 1
2024-04-24T01:11:25,995  INFO [main] lockmgr.DbTxnManager: Opened txnid:3
2024-04-24T01:11:25,996  INFO [main] HiveMetaStore.audit: ugi=alex	ip=unknown-ip-addr	cmd=get_table : tbl=hive.default.acidTbl2	
2024-04-24T01:11:25,999  INFO [main] ql.Driver: Semantic Analysis Completed (retrial = false)
2024-04-24T01:11:25,999  INFO [main] ql.Driver: Created Hive schema: Schema(fieldSchemas:null, properties:null)
2024-04-24T01:11:25,999  INFO [main] metadata.Hive: Dumping metastore api call timing information for : compilation phase
2024-04-24T01:11:25,999  INFO [main] metadata.Hive: Total time spent in each metastore function (ms): {getValidTxns_(long)=0, isCompatibleWith_(Configuration)=0, commitTxn_(CommitTxnRequest)=16, openTxn_(String, TxnType)=2, flushCache_()=0}
2024-04-24T01:11:25,999  INFO [main] ql.Driver: Completed compiling command(queryId=alex_20240424011125_646f9517-aeec-41b1-a718-f5a077b96b6a); Time taken: 0.007 seconds
2024-04-24T01:11:25,999  INFO [main] lockmgr.DbTxnManager: Setting lock request transaction to txnid:3 for queryId=alex_20240424011125_646f9517-aeec-41b1-a718-f5a077b96b6a
2024-04-24T01:11:25,999  INFO [main] ql.Driver: Operation DROPTABLE obtained 0 locks
2024-04-24T01:11:25,999  INFO [main] ql.Driver: Executing command(queryId=alex_20240424011125_646f9517-aeec-41b1-a718-f5a077b96b6a): drop table if exists acidTbl2
2024-04-24T01:11:25,999  INFO [main] ql.Driver: Starting task [Stage-0:DDL] in serial mode
2024-04-24T01:11:26,000  INFO [main] HiveMetaStore.audit: ugi=alex	ip=unknown-ip-addr	cmd=get_table : tbl=hive.default.acidTbl2	
2024-04-24T01:11:26,003  INFO [main] metadata.Hive: Dumping metastore api call timing information for : execution phase
2024-04-24T01:11:26,003  INFO [main] metadata.Hive: Total time spent in each metastore function (ms): {isCompatibleWith_(Configuration)=0}
2024-04-24T01:11:26,004  INFO [main] ql.Driver: Completed executing command(queryId=alex_20240424011125_646f9517-aeec-41b1-a718-f5a077b96b6a); Time taken: 0.004 seconds
2024-04-24T01:11:26,004  INFO [main] lockmgr.DbTxnManager: Stopped heartbeat for query: alex_20240424011125_646f9517-aeec-41b1-a718-f5a077b96b6a
2024-04-24T01:11:26,011  INFO [main] txn.TxnHandler: Expected to move at least one record from txn_components to completed_txn_components when committing txn! txnid:3
2024-04-24T01:11:26,019  INFO [main] txn.TxnHandler: Removed transactions: ([3]) from MIN_HISTORY_LEVEL
2024-04-24T01:11:26,019  WARN [main] txn.CompactionTxnHandler: No compaction queue record found for Compaction type transaction commit. txnId:3
2024-04-24T01:11:26,020  INFO [main] ql.TxnCommandsBaseForTests: Running the query: drop table if exists nonAcidOrcTbl
2024-04-24T01:11:26,020  INFO [main] ql.Driver: Compiling command(queryId=alex_20240424011126_2bd87a98-3bd1-4eab-a882-ce8057e5ee4d): drop table if exists nonAcidOrcTbl
2024-04-24T01:11:26,023  INFO [main] txn.TxnHandler: Added entries to MIN_HISTORY_LEVEL for current txns: ([4]) with min_open_txn: 1
2024-04-24T01:11:26,023  INFO [main] lockmgr.DbTxnManager: Opened txnid:4
2024-04-24T01:11:26,024  INFO [main] HiveMetaStore.audit: ugi=alex	ip=unknown-ip-addr	cmd=get_table : tbl=hive.default.nonAcidOrcTbl	
2024-04-24T01:11:26,026  INFO [main] ql.Driver: Semantic Analysis Completed (retrial = false)
2024-04-24T01:11:26,026  INFO [main] ql.Driver: Created Hive schema: Schema(fieldSchemas:null, properties:null)
2024-04-24T01:11:26,027  INFO [main] metadata.Hive: Dumping metastore api call timing information for : compilation phase
2024-04-24T01:11:26,027  INFO [main] metadata.Hive: Total time spent in each metastore function (ms): {isCompatibleWith_(Configuration)=0, commitTxn_(CommitTxnRequest)=16, flushCache_()=0, openTxn_(String, TxnType)=2, getValidTxns_(long)=0}
2024-04-24T01:11:26,027  INFO [main] ql.Driver: Completed compiling command(queryId=alex_20240424011126_2bd87a98-3bd1-4eab-a882-ce8057e5ee4d); Time taken: 0.006 seconds
2024-04-24T01:11:26,027  INFO [main] lockmgr.DbTxnManager: Setting lock request transaction to txnid:4 for queryId=alex_20240424011126_2bd87a98-3bd1-4eab-a882-ce8057e5ee4d
2024-04-24T01:11:26,027  INFO [main] ql.Driver: Operation DROPTABLE obtained 0 locks
2024-04-24T01:11:26,027  INFO [main] ql.Driver: Executing command(queryId=alex_20240424011126_2bd87a98-3bd1-4eab-a882-ce8057e5ee4d): drop table if exists nonAcidOrcTbl
2024-04-24T01:11:26,027  INFO [main] ql.Driver: Starting task [Stage-0:DDL] in serial mode
2024-04-24T01:11:26,027  INFO [main] HiveMetaStore.audit: ugi=alex	ip=unknown-ip-addr	cmd=get_table : tbl=hive.default.nonAcidOrcTbl	
2024-04-24T01:11:26,030  INFO [main] metadata.Hive: Dumping metastore api call timing information for : execution phase
2024-04-24T01:11:26,031  INFO [main] metadata.Hive: Total time spent in each metastore function (ms): {isCompatibleWith_(Configuration)=0}
2024-04-24T01:11:26,031  INFO [main] ql.Driver: Completed executing command(queryId=alex_20240424011126_2bd87a98-3bd1-4eab-a882-ce8057e5ee4d); Time taken: 0.003 seconds
2024-04-24T01:11:26,031  INFO [main] lockmgr.DbTxnManager: Stopped heartbeat for query: alex_20240424011126_2bd87a98-3bd1-4eab-a882-ce8057e5ee4d
2024-04-24T01:11:26,039  INFO [main] txn.TxnHandler: Expected to move at least one record from txn_components to completed_txn_components when committing txn! txnid:4
2024-04-24T01:11:26,047  INFO [main] txn.TxnHandler: Removed transactions: ([4]) from MIN_HISTORY_LEVEL
2024-04-24T01:11:26,047  WARN [main] txn.CompactionTxnHandler: No compaction queue record found for Compaction type transaction commit. txnId:4
2024-04-24T01:11:26,048  INFO [main] ql.TxnCommandsBaseForTests: Running the query: drop table if exists nonAcidOrcTbl2
2024-04-24T01:11:26,048  INFO [main] ql.Driver: Compiling command(queryId=alex_20240424011126_d3c7d7de-3d5a-4bfe-bf1a-19d125b78175): drop table if exists nonAcidOrcTbl2
2024-04-24T01:11:26,050  INFO [main] txn.TxnHandler: Added entries to MIN_HISTORY_LEVEL for current txns: ([5]) with min_open_txn: 1
2024-04-24T01:11:26,050  INFO [main] lockmgr.DbTxnManager: Opened txnid:5
2024-04-24T01:11:26,051  INFO [main] HiveMetaStore.audit: ugi=alex	ip=unknown-ip-addr	cmd=get_table : tbl=hive.default.nonAcidOrcTbl2	
2024-04-24T01:11:26,054  INFO [main] ql.Driver: Semantic Analysis Completed (retrial = false)
2024-04-24T01:11:26,054  INFO [main] ql.Driver: Created Hive schema: Schema(fieldSchemas:null, properties:null)
2024-04-24T01:11:26,054  INFO [main] metadata.Hive: Dumping metastore api call timing information for : compilation phase
2024-04-24T01:11:26,054  INFO [main] metadata.Hive: Total time spent in each metastore function (ms): {isCompatibleWith_(Configuration)=1, flushCache_()=0, getValidTxns_(long)=0, commitTxn_(CommitTxnRequest)=16, openTxn_(String, TxnType)=2}
2024-04-24T01:11:26,054  INFO [main] ql.Driver: Completed compiling command(queryId=alex_20240424011126_d3c7d7de-3d5a-4bfe-bf1a-19d125b78175); Time taken: 0.006 seconds
2024-04-24T01:11:26,054  INFO [main] lockmgr.DbTxnManager: Setting lock request transaction to txnid:5 for queryId=alex_20240424011126_d3c7d7de-3d5a-4bfe-bf1a-19d125b78175
2024-04-24T01:11:26,054  INFO [main] ql.Driver: Operation DROPTABLE obtained 0 locks
2024-04-24T01:11:26,054  INFO [main] ql.Driver: Executing command(queryId=alex_20240424011126_d3c7d7de-3d5a-4bfe-bf1a-19d125b78175): drop table if exists nonAcidOrcTbl2
2024-04-24T01:11:26,055  INFO [main] ql.Driver: Starting task [Stage-0:DDL] in serial mode
2024-04-24T01:11:26,055  INFO [main] HiveMetaStore.audit: ugi=alex	ip=unknown-ip-addr	cmd=get_table : tbl=hive.default.nonAcidOrcTbl2	
2024-04-24T01:11:26,058  INFO [main] metadata.Hive: Dumping metastore api call timing information for : execution phase
2024-04-24T01:11:26,058  INFO [main] metadata.Hive: Total time spent in each metastore function (ms): {isCompatibleWith_(Configuration)=0}
2024-04-24T01:11:26,058  INFO [main] ql.Driver: Completed executing command(queryId=alex_20240424011126_d3c7d7de-3d5a-4bfe-bf1a-19d125b78175); Time taken: 0.004 seconds
2024-04-24T01:11:26,058  INFO [main] lockmgr.DbTxnManager: Stopped heartbeat for query: alex_20240424011126_d3c7d7de-3d5a-4bfe-bf1a-19d125b78175
2024-04-24T01:11:26,064  INFO [main] txn.TxnHandler: Expected to move at least one record from txn_components to completed_txn_components when committing txn! txnid:5
2024-04-24T01:11:26,071  INFO [main] txn.TxnHandler: Removed transactions: ([5]) from MIN_HISTORY_LEVEL
2024-04-24T01:11:26,071  WARN [main] txn.CompactionTxnHandler: No compaction queue record found for Compaction type transaction commit. txnId:5
2024-04-24T01:11:26,072  INFO [main] ql.TxnCommandsBaseForTests: Running the query: drop table if exists nonAcidNonBucket
2024-04-24T01:11:26,072  INFO [main] ql.Driver: Compiling command(queryId=alex_20240424011126_f67044d8-7230-45e3-80af-3061ef279605): drop table if exists nonAcidNonBucket
2024-04-24T01:11:26,074  INFO [main] txn.TxnHandler: Added entries to MIN_HISTORY_LEVEL for current txns: ([6]) with min_open_txn: 1
2024-04-24T01:11:26,075  INFO [main] lockmgr.DbTxnManager: Opened txnid:6
2024-04-24T01:11:26,075  INFO [main] HiveMetaStore.audit: ugi=alex	ip=unknown-ip-addr	cmd=get_table : tbl=hive.default.nonAcidNonBucket	
2024-04-24T01:11:26,078  INFO [main] ql.Driver: Semantic Analysis Completed (retrial = false)
2024-04-24T01:11:26,078  INFO [main] ql.Driver: Created Hive schema: Schema(fieldSchemas:null, properties:null)
2024-04-24T01:11:26,078  INFO [main] metadata.Hive: Dumping metastore api call timing information for : compilation phase
2024-04-24T01:11:26,078  INFO [main] metadata.Hive: Total time spent in each metastore function (ms): {getValidTxns_(long)=0, openTxn_(String, TxnType)=2, isCompatibleWith_(Configuration)=1, commitTxn_(CommitTxnRequest)=14, flushCache_()=0}
2024-04-24T01:11:26,078  INFO [main] ql.Driver: Completed compiling command(queryId=alex_20240424011126_f67044d8-7230-45e3-80af-3061ef279605); Time taken: 0.006 seconds
2024-04-24T01:11:26,078  INFO [main] lockmgr.DbTxnManager: Setting lock request transaction to txnid:6 for queryId=alex_20240424011126_f67044d8-7230-45e3-80af-3061ef279605
2024-04-24T01:11:26,078  INFO [main] ql.Driver: Operation DROPTABLE obtained 0 locks
2024-04-24T01:11:26,078  INFO [main] ql.Driver: Executing command(queryId=alex_20240424011126_f67044d8-7230-45e3-80af-3061ef279605): drop table if exists nonAcidNonBucket
2024-04-24T01:11:26,078  INFO [main] ql.Driver: Starting task [Stage-0:DDL] in serial mode
2024-04-24T01:11:26,079  INFO [main] HiveMetaStore.audit: ugi=alex	ip=unknown-ip-addr	cmd=get_table : tbl=hive.default.nonAcidNonBucket	
2024-04-24T01:11:26,081  INFO [main] metadata.Hive: Dumping metastore api call timing information for : execution phase
2024-04-24T01:11:26,081  INFO [main] metadata.Hive: Total time spent in each metastore function (ms): {isCompatibleWith_(Configuration)=1}
2024-04-24T01:11:26,082  INFO [main] ql.Driver: Completed executing command(queryId=alex_20240424011126_f67044d8-7230-45e3-80af-3061ef279605); Time taken: 0.003 seconds
2024-04-24T01:11:26,082  INFO [main] lockmgr.DbTxnManager: Stopped heartbeat for query: alex_20240424011126_f67044d8-7230-45e3-80af-3061ef279605
2024-04-24T01:11:26,088  INFO [main] txn.TxnHandler: Expected to move at least one record from txn_components to completed_txn_components when committing txn! txnid:6
2024-04-24T01:11:26,096  INFO [main] txn.TxnHandler: Removed transactions: ([6]) from MIN_HISTORY_LEVEL
2024-04-24T01:11:26,096  WARN [main] txn.CompactionTxnHandler: No compaction queue record found for Compaction type transaction commit. txnId:6
2024-04-24T01:11:26,096  INFO [main] ql.TxnCommandsBaseForTests: Running the query: create table acidTbl(a int, b int) clustered by (a) into 2 buckets stored as orc TBLPROPERTIES ('transactional'='true')
2024-04-24T01:11:26,097  INFO [main] ql.Driver: Compiling command(queryId=alex_20240424011126_99584def-bef1-44bb-8cc7-3a016e10b182): create table acidTbl(a int, b int) clustered by (a) into 2 buckets stored as orc TBLPROPERTIES ('transactional'='true')
2024-04-24T01:11:26,099  INFO [main] txn.TxnHandler: Added entries to MIN_HISTORY_LEVEL for current txns: ([7]) with min_open_txn: 1
2024-04-24T01:11:26,099  INFO [main] lockmgr.DbTxnManager: Opened txnid:7
2024-04-24T01:11:26,100  INFO [main] parse.CalcitePlanner: Starting caching scope for: 
2024-04-24T01:11:26,100  INFO [main] parse.CalcitePlanner: Starting Semantic Analysis
2024-04-24T01:11:26,106  INFO [main] parse.CalcitePlanner: Creating table default.acidTbl position=13
2024-04-24T01:11:26,106  INFO [main] HiveMetaStore.audit: ugi=alex	ip=unknown-ip-addr	cmd=get_database: default	
2024-04-24T01:11:26,108  INFO [main] parse.CalcitePlanner: Ending caching scope for: 
2024-04-24T01:11:26,108  INFO [main] ql.Driver: Semantic Analysis Completed (retrial = false)
2024-04-24T01:11:26,108  INFO [main] ql.Driver: Created Hive schema: Schema(fieldSchemas:null, properties:null)
2024-04-24T01:11:26,108  INFO [main] metadata.Hive: Dumping metastore api call timing information for : compilation phase
2024-04-24T01:11:26,108  INFO [main] metadata.Hive: Total time spent in each metastore function (ms): {getDatabase_(String)=2, flushCache_()=0, openTxn_(String, TxnType)=2, commitTxn_(CommitTxnRequest)=14, isCompatibleWith_(Configuration)=0, getValidTxns_(long)=1, getValidWriteIds_(List, String)=6}
2024-04-24T01:11:26,108  INFO [main] ql.Driver: Completed compiling command(queryId=alex_20240424011126_99584def-bef1-44bb-8cc7-3a016e10b182); Time taken: 0.011 seconds
2024-04-24T01:11:26,108  INFO [main] lockmgr.DbTxnManager: Setting lock request transaction to txnid:7 for queryId=alex_20240424011126_99584def-bef1-44bb-8cc7-3a016e10b182
2024-04-24T01:11:26,109  INFO [main] lockmgr.DbLockManager: Requesting lock for queryId=alex_20240424011126_99584def-bef1-44bb-8cc7-3a016e10b182
2024-04-24T01:11:26,129  INFO [main] lockmgr.DbLockManager: Response to queryId=alex_20240424011126_99584def-bef1-44bb-8cc7-3a016e10b182 LockResponse(lockid:1, state:ACQUIRED)
2024-04-24T01:11:26,129  INFO [main] ql.Driver: Operation CREATETABLE obtained 1 locks
2024-04-24T01:11:26,130  INFO [main] ql.Driver: Executing command(queryId=alex_20240424011126_99584def-bef1-44bb-8cc7-3a016e10b182): create table acidTbl(a int, b int) clustered by (a) into 2 buckets stored as orc TBLPROPERTIES ('transactional'='true')
2024-04-24T01:11:26,130  INFO [main] ql.Driver: Starting task [Stage-0:DDL] in serial mode
2024-04-24T01:11:26,131  INFO [main] HiveMetaStore.audit: ugi=alex	ip=unknown-ip-addr	cmd=create_table_req: Table(tableName:acidTbl, dbName:default, owner:alex, createTime:1713946286, lastAccessTime:0, retention:0, sd:StorageDescriptor(cols:[FieldSchema(name:a, type:int, comment:null), FieldSchema(name:b, type:int, comment:null)], location:null, inputFormat:org.apache.hadoop.hive.ql.io.orc.OrcInputFormat, outputFormat:org.apache.hadoop.hive.ql.io.orc.OrcOutputFormat, compressed:false, numBuckets:2, serdeInfo:SerDeInfo(name:null, serializationLib:org.apache.hadoop.hive.ql.io.orc.OrcSerde, parameters:{serialization.format=1}), bucketCols:[a], sortCols:[], parameters:{}, skewedInfo:SkewedInfo(skewedColNames:[], skewedColValues:[], skewedColValueLocationMaps:{}), storedAsSubDirectories:false), partitionKeys:[], parameters:{numFilesErasureCoded=0, bucketing_version=2, numRows=0, numFiles=0, COLUMN_STATS_ACCURATE={"BASIC_STATS":"true","COLUMN_STATS":{"a":"true","b":"true"}}, totalSize=0, rawDataSize=0, transactional=true}, viewOriginalText:null, viewExpandedText:null, tableType:MANAGED_TABLE, privileges:PrincipalPrivilegeSet(userPrivileges:{alex=[PrivilegeGrantInfo(privilege:INSERT, createTime:-1, grantor:alex, grantorType:USER, grantOption:true), PrivilegeGrantInfo(privilege:SELECT, createTime:-1, grantor:alex, grantorType:USER, grantOption:true), PrivilegeGrantInfo(privilege:UPDATE, createTime:-1, grantor:alex, grantorType:USER, grantOption:true), PrivilegeGrantInfo(privilege:DELETE, createTime:-1, grantor:alex, grantorType:USER, grantOption:true)]}, groupPrivileges:null, rolePrivileges:null), temporary:false, catName:hive, ownerType:USER, writeId:0)	
2024-04-24T01:11:26,136  INFO [main] utils.FileUtils: Creating directory if it doesn't exist: file:/home/alex/Repositories/hive/ql/target/tmp/org.apache.hadoop.hive.ql.TestTxnCommands-1713946100941/warehouse/acidtbl
2024-04-24T01:11:26,179  INFO [main] metadata.Hive: Dumping metastore api call timing information for : execution phase
2024-04-24T01:11:26,179  INFO [main] metadata.Hive: Total time spent in each metastore function (ms): {isCompatibleWith_(Configuration)=0, createTable_(Table)=48}
2024-04-24T01:11:26,179  INFO [main] ql.Driver: Completed executing command(queryId=alex_20240424011126_99584def-bef1-44bb-8cc7-3a016e10b182); Time taken: 0.049 seconds
2024-04-24T01:11:26,179  INFO [main] lockmgr.DbTxnManager: Stopped heartbeat for query: alex_20240424011126_99584def-bef1-44bb-8cc7-3a016e10b182
2024-04-24T01:11:26,183  INFO [main] txn.TxnHandler: Expected to move at least one record from txn_components to completed_txn_components when committing txn! txnid:7
2024-04-24T01:11:26,189  INFO [main] txn.TxnHandler: Removed transactions: ([7]) from MIN_HISTORY_LEVEL
2024-04-24T01:11:26,189  WARN [main] txn.CompactionTxnHandler: No compaction queue record found for Compaction type transaction commit. txnId:7
2024-04-24T01:11:26,190  INFO [main] ql.TxnCommandsBaseForTests: Running the query: create table acidTblPart(a int, b int) partitioned by (p string) clustered by (a) into 2 buckets stored as orc TBLPROPERTIES ('transactional'='true')
2024-04-24T01:11:26,190  INFO [main] ql.Driver: Compiling command(queryId=alex_20240424011126_eab06151-fab8-430f-8e95-5b0b8725cf1d): create table acidTblPart(a int, b int) partitioned by (p string) clustered by (a) into 2 buckets stored as orc TBLPROPERTIES ('transactional'='true')
2024-04-24T01:11:26,193  INFO [main] txn.TxnHandler: Added entries to MIN_HISTORY_LEVEL for current txns: ([8]) with min_open_txn: 1
2024-04-24T01:11:26,193  INFO [main] lockmgr.DbTxnManager: Opened txnid:8
2024-04-24T01:11:26,193  INFO [main] parse.CalcitePlanner: Starting caching scope for: 
2024-04-24T01:11:26,194  INFO [main] parse.CalcitePlanner: Starting Semantic Analysis
2024-04-24T01:11:26,196  INFO [main] parse.CalcitePlanner: Creating table default.acidTblPart position=13
2024-04-24T01:11:26,196  INFO [main] HiveMetaStore.audit: ugi=alex	ip=unknown-ip-addr	cmd=get_database: default	
2024-04-24T01:11:26,198  INFO [main] parse.CalcitePlanner: Ending caching scope for: 
2024-04-24T01:11:26,198  INFO [main] ql.Driver: Semantic Analysis Completed (retrial = false)
2024-04-24T01:11:26,198  INFO [main] ql.Driver: Created Hive schema: Schema(fieldSchemas:null, properties:null)
2024-04-24T01:11:26,198  INFO [main] metadata.Hive: Dumping metastore api call timing information for : compilation phase
2024-04-24T01:11:26,198  INFO [main] metadata.Hive: Total time spent in each metastore function (ms): {getValidTxns_(long)=0, openTxn_(String, TxnType)=2, flushCache_()=0, commitTxn_(CommitTxnRequest)=11, getDatabase_(String)=2, isCompatibleWith_(Configuration)=0, getValidWriteIds_(List, String)=2}
2024-04-24T01:11:26,198  INFO [main] ql.Driver: Completed compiling command(queryId=alex_20240424011126_eab06151-fab8-430f-8e95-5b0b8725cf1d); Time taken: 0.008 seconds
2024-04-24T01:11:26,198  INFO [main] lockmgr.DbTxnManager: Setting lock request transaction to txnid:8 for queryId=alex_20240424011126_eab06151-fab8-430f-8e95-5b0b8725cf1d
2024-04-24T01:11:26,198  INFO [main] lockmgr.DbLockManager: Requesting lock for queryId=alex_20240424011126_eab06151-fab8-430f-8e95-5b0b8725cf1d
2024-04-24T01:11:26,212  INFO [main] lockmgr.DbLockManager: Response to queryId=alex_20240424011126_eab06151-fab8-430f-8e95-5b0b8725cf1d LockResponse(lockid:2, state:ACQUIRED)
2024-04-24T01:11:26,212  INFO [main] ql.Driver: Operation CREATETABLE obtained 1 locks
2024-04-24T01:11:26,213  INFO [main] ql.Driver: Executing command(queryId=alex_20240424011126_eab06151-fab8-430f-8e95-5b0b8725cf1d): create table acidTblPart(a int, b int) partitioned by (p string) clustered by (a) into 2 buckets stored as orc TBLPROPERTIES ('transactional'='true')
2024-04-24T01:11:26,213  INFO [main] ql.Driver: Starting task [Stage-0:DDL] in serial mode
2024-04-24T01:11:26,214  INFO [main] HiveMetaStore.audit: ugi=alex	ip=unknown-ip-addr	cmd=create_table_req: Table(tableName:acidTblPart, dbName:default, owner:alex, createTime:1713946286, lastAccessTime:0, retention:0, sd:StorageDescriptor(cols:[FieldSchema(name:a, type:int, comment:null), FieldSchema(name:b, type:int, comment:null)], location:null, inputFormat:org.apache.hadoop.hive.ql.io.orc.OrcInputFormat, outputFormat:org.apache.hadoop.hive.ql.io.orc.OrcOutputFormat, compressed:false, numBuckets:2, serdeInfo:SerDeInfo(name:null, serializationLib:org.apache.hadoop.hive.ql.io.orc.OrcSerde, parameters:{serialization.format=1}), bucketCols:[a], sortCols:[], parameters:{}, skewedInfo:SkewedInfo(skewedColNames:[], skewedColValues:[], skewedColValueLocationMaps:{}), storedAsSubDirectories:false), partitionKeys:[FieldSchema(name:p, type:string, comment:null)], parameters:{transactional=true, bucketing_version=2}, viewOriginalText:null, viewExpandedText:null, tableType:MANAGED_TABLE, privileges:PrincipalPrivilegeSet(userPrivileges:{alex=[PrivilegeGrantInfo(privilege:INSERT, createTime:-1, grantor:alex, grantorType:USER, grantOption:true), PrivilegeGrantInfo(privilege:SELECT, createTime:-1, grantor:alex, grantorType:USER, grantOption:true), PrivilegeGrantInfo(privilege:UPDATE, createTime:-1, grantor:alex, grantorType:USER, grantOption:true), PrivilegeGrantInfo(privilege:DELETE, createTime:-1, grantor:alex, grantorType:USER, grantOption:true)]}, groupPrivileges:null, rolePrivileges:null), temporary:false, catName:hive, ownerType:USER, writeId:0)	
2024-04-24T01:11:26,219  INFO [main] utils.FileUtils: Creating directory if it doesn't exist: file:/home/alex/Repositories/hive/ql/target/tmp/org.apache.hadoop.hive.ql.TestTxnCommands-1713946100941/warehouse/acidtblpart
2024-04-24T01:11:26,232  INFO [main] metadata.Hive: Dumping metastore api call timing information for : execution phase
2024-04-24T01:11:26,232  INFO [main] metadata.Hive: Total time spent in each metastore function (ms): {createTable_(Table)=18, isCompatibleWith_(Configuration)=0}
2024-04-24T01:11:26,233  INFO [main] ql.Driver: Completed executing command(queryId=alex_20240424011126_eab06151-fab8-430f-8e95-5b0b8725cf1d); Time taken: 0.019 seconds
2024-04-24T01:11:26,233  INFO [main] lockmgr.DbTxnManager: Stopped heartbeat for query: alex_20240424011126_eab06151-fab8-430f-8e95-5b0b8725cf1d
2024-04-24T01:11:26,237  INFO [main] txn.TxnHandler: Expected to move at least one record from txn_components to completed_txn_components when committing txn! txnid:8
2024-04-24T01:11:26,245  INFO [main] txn.TxnHandler: Removed transactions: ([8]) from MIN_HISTORY_LEVEL
2024-04-24T01:11:26,245  WARN [main] txn.CompactionTxnHandler: No compaction queue record found for Compaction type transaction commit. txnId:8
2024-04-24T01:11:26,246  INFO [main] ql.TxnCommandsBaseForTests: Running the query: create table nonAcidOrcTbl(a int, b int) clustered by (a) into 2 buckets stored as orc TBLPROPERTIES ('transactional'='false')
2024-04-24T01:11:26,246  INFO [main] ql.Driver: Compiling command(queryId=alex_20240424011126_edc35ca2-f4eb-458c-966a-20b4e681775a): create table nonAcidOrcTbl(a int, b int) clustered by (a) into 2 buckets stored as orc TBLPROPERTIES ('transactional'='false')
2024-04-24T01:11:26,248  INFO [main] txn.TxnHandler: Added entries to MIN_HISTORY_LEVEL for current txns: ([9]) with min_open_txn: 1
2024-04-24T01:11:26,249  INFO [main] lockmgr.DbTxnManager: Opened txnid:9
2024-04-24T01:11:26,249  INFO [main] parse.CalcitePlanner: Starting caching scope for: 
2024-04-24T01:11:26,249  INFO [main] parse.CalcitePlanner: Starting Semantic Analysis
2024-04-24T01:11:26,252  INFO [main] parse.CalcitePlanner: Creating table default.nonAcidOrcTbl position=13
2024-04-24T01:11:26,252  INFO [main] HiveMetaStore.audit: ugi=alex	ip=unknown-ip-addr	cmd=get_database: default	
2024-04-24T01:11:26,253  INFO [main] parse.CalcitePlanner: Ending caching scope for: 
2024-04-24T01:11:26,253  INFO [main] ql.Driver: Semantic Analysis Completed (retrial = false)
2024-04-24T01:11:26,253  INFO [main] ql.Driver: Created Hive schema: Schema(fieldSchemas:null, properties:null)
2024-04-24T01:11:26,253  INFO [main] metadata.Hive: Dumping metastore api call timing information for : compilation phase
2024-04-24T01:11:26,253  INFO [main] metadata.Hive: Total time spent in each metastore function (ms): {commitTxn_(CommitTxnRequest)=13, openTxn_(String, TxnType)=3, isCompatibleWith_(Configuration)=0, flushCache_()=0, getValidTxns_(long)=0, getValidWriteIds_(List, String)=3, getDatabase_(String)=1}
2024-04-24T01:11:26,254  INFO [main] ql.Driver: Completed compiling command(queryId=alex_20240424011126_edc35ca2-f4eb-458c-966a-20b4e681775a); Time taken: 0.007 seconds
2024-04-24T01:11:26,254  INFO [main] lockmgr.DbTxnManager: Setting lock request transaction to txnid:9 for queryId=alex_20240424011126_edc35ca2-f4eb-458c-966a-20b4e681775a
2024-04-24T01:11:26,254  INFO [main] lockmgr.DbLockManager: Requesting lock for queryId=alex_20240424011126_edc35ca2-f4eb-458c-966a-20b4e681775a
2024-04-24T01:11:26,269  INFO [main] lockmgr.DbLockManager: Response to queryId=alex_20240424011126_edc35ca2-f4eb-458c-966a-20b4e681775a LockResponse(lockid:3, state:ACQUIRED)
2024-04-24T01:11:26,269  INFO [main] ql.Driver: Operation CREATETABLE obtained 1 locks
2024-04-24T01:11:26,269  INFO [main] ql.Driver: Executing command(queryId=alex_20240424011126_edc35ca2-f4eb-458c-966a-20b4e681775a): create table nonAcidOrcTbl(a int, b int) clustered by (a) into 2 buckets stored as orc TBLPROPERTIES ('transactional'='false')
2024-04-24T01:11:26,269  INFO [main] ql.Driver: Starting task [Stage-0:DDL] in serial mode
2024-04-24T01:11:26,270  INFO [main] HiveMetaStore.audit: ugi=alex	ip=unknown-ip-addr	cmd=create_table_req: Table(tableName:nonAcidOrcTbl, dbName:default, owner:alex, createTime:1713946286, lastAccessTime:0, retention:0, sd:StorageDescriptor(cols:[FieldSchema(name:a, type:int, comment:null), FieldSchema(name:b, type:int, comment:null)], location:null, inputFormat:org.apache.hadoop.hive.ql.io.orc.OrcInputFormat, outputFormat:org.apache.hadoop.hive.ql.io.orc.OrcOutputFormat, compressed:false, numBuckets:2, serdeInfo:SerDeInfo(name:null, serializationLib:org.apache.hadoop.hive.ql.io.orc.OrcSerde, parameters:{serialization.format=1}), bucketCols:[a], sortCols:[], parameters:{}, skewedInfo:SkewedInfo(skewedColNames:[], skewedColValues:[], skewedColValueLocationMaps:{}), storedAsSubDirectories:false), partitionKeys:[], parameters:{totalSize=0, numFilesErasureCoded=0, bucketing_version=2, transactional=false, COLUMN_STATS_ACCURATE={"BASIC_STATS":"true","COLUMN_STATS":{"a":"true","b":"true"}}, numRows=0, numFiles=0, rawDataSize=0}, viewOriginalText:null, viewExpandedText:null, tableType:MANAGED_TABLE, privileges:PrincipalPrivilegeSet(userPrivileges:{alex=[PrivilegeGrantInfo(privilege:INSERT, createTime:-1, grantor:alex, grantorType:USER, grantOption:true), PrivilegeGrantInfo(privilege:SELECT, createTime:-1, grantor:alex, grantorType:USER, grantOption:true), PrivilegeGrantInfo(privilege:UPDATE, createTime:-1, grantor:alex, grantorType:USER, grantOption:true), PrivilegeGrantInfo(privilege:DELETE, createTime:-1, grantor:alex, grantorType:USER, grantOption:true)]}, groupPrivileges:null, rolePrivileges:null), temporary:false, catName:hive, ownerType:USER)	
2024-04-24T01:11:26,275  INFO [main] utils.FileUtils: Creating directory if it doesn't exist: file:/home/alex/Repositories/hive/ql/target/tmp/org.apache.hadoop.hive.ql.TestTxnCommands-1713946100941/warehouse/nonacidorctbl
2024-04-24T01:11:26,287  INFO [main] metadata.Hive: Dumping metastore api call timing information for : execution phase
2024-04-24T01:11:26,287  INFO [main] metadata.Hive: Total time spent in each metastore function (ms): {isCompatibleWith_(Configuration)=0, createTable_(Table)=18}
2024-04-24T01:11:26,287  INFO [main] ql.Driver: Completed executing command(queryId=alex_20240424011126_edc35ca2-f4eb-458c-966a-20b4e681775a); Time taken: 0.018 seconds
2024-04-24T01:11:26,287  INFO [main] lockmgr.DbTxnManager: Stopped heartbeat for query: alex_20240424011126_edc35ca2-f4eb-458c-966a-20b4e681775a
2024-04-24T01:11:26,291  INFO [main] txn.TxnHandler: Expected to move at least one record from txn_components to completed_txn_components when committing txn! txnid:9
2024-04-24T01:11:26,297  INFO [main] txn.TxnHandler: Removed transactions: ([9]) from MIN_HISTORY_LEVEL
2024-04-24T01:11:26,298  WARN [main] txn.CompactionTxnHandler: No compaction queue record found for Compaction type transaction commit. txnId:9
2024-04-24T01:11:26,298  INFO [main] ql.TxnCommandsBaseForTests: Running the query: create table nonAcidOrcTbl2(a int, b int) clustered by (a) into 2 buckets stored as orc TBLPROPERTIES ('transactional'='false')
2024-04-24T01:11:26,298  INFO [main] ql.Driver: Compiling command(queryId=alex_20240424011126_8e3bbd28-33df-466e-9505-b8811a28d561): create table nonAcidOrcTbl2(a int, b int) clustered by (a) into 2 buckets stored as orc TBLPROPERTIES ('transactional'='false')
2024-04-24T01:11:26,300  INFO [main] txn.TxnHandler: Added entries to MIN_HISTORY_LEVEL for current txns: ([10]) with min_open_txn: 1
2024-04-24T01:11:26,301  INFO [main] lockmgr.DbTxnManager: Opened txnid:10
2024-04-24T01:11:26,301  INFO [main] parse.CalcitePlanner: Starting caching scope for: 
2024-04-24T01:11:26,301  INFO [main] parse.CalcitePlanner: Starting Semantic Analysis
2024-04-24T01:11:26,304  INFO [main] parse.CalcitePlanner: Creating table default.nonAcidOrcTbl2 position=13
2024-04-24T01:11:26,304  INFO [main] HiveMetaStore.audit: ugi=alex	ip=unknown-ip-addr	cmd=get_database: default	
2024-04-24T01:11:26,305  INFO [main] parse.CalcitePlanner: Ending caching scope for: 
2024-04-24T01:11:26,305  INFO [main] ql.Driver: Semantic Analysis Completed (retrial = false)
2024-04-24T01:11:26,305  INFO [main] ql.Driver: Created Hive schema: Schema(fieldSchemas:null, properties:null)
2024-04-24T01:11:26,305  INFO [main] metadata.Hive: Dumping metastore api call timing information for : compilation phase
2024-04-24T01:11:26,306  INFO [main] metadata.Hive: Total time spent in each metastore function (ms): {getValidWriteIds_(List, String)=3, openTxn_(String, TxnType)=2, isCompatibleWith_(Configuration)=1, getValidTxns_(long)=0, getDatabase_(String)=1, flushCache_()=0, commitTxn_(CommitTxnRequest)=10}
2024-04-24T01:11:26,306  INFO [main] ql.Driver: Completed compiling command(queryId=alex_20240424011126_8e3bbd28-33df-466e-9505-b8811a28d561); Time taken: 0.007 seconds
2024-04-24T01:11:26,306  INFO [main] lockmgr.DbTxnManager: Setting lock request transaction to txnid:10 for queryId=alex_20240424011126_8e3bbd28-33df-466e-9505-b8811a28d561
2024-04-24T01:11:26,306  INFO [main] lockmgr.DbLockManager: Requesting lock for queryId=alex_20240424011126_8e3bbd28-33df-466e-9505-b8811a28d561
2024-04-24T01:11:26,320  INFO [main] lockmgr.DbLockManager: Response to queryId=alex_20240424011126_8e3bbd28-33df-466e-9505-b8811a28d561 LockResponse(lockid:4, state:ACQUIRED)
2024-04-24T01:11:26,320  INFO [main] ql.Driver: Operation CREATETABLE obtained 1 locks
2024-04-24T01:11:26,321  INFO [main] ql.Driver: Executing command(queryId=alex_20240424011126_8e3bbd28-33df-466e-9505-b8811a28d561): create table nonAcidOrcTbl2(a int, b int) clustered by (a) into 2 buckets stored as orc TBLPROPERTIES ('transactional'='false')
2024-04-24T01:11:26,321  INFO [main] ql.Driver: Starting task [Stage-0:DDL] in serial mode
2024-04-24T01:11:26,321  INFO [main] HiveMetaStore.audit: ugi=alex	ip=unknown-ip-addr	cmd=create_table_req: Table(tableName:nonAcidOrcTbl2, dbName:default, owner:alex, createTime:1713946286, lastAccessTime:0, retention:0, sd:StorageDescriptor(cols:[FieldSchema(name:a, type:int, comment:null), FieldSchema(name:b, type:int, comment:null)], location:null, inputFormat:org.apache.hadoop.hive.ql.io.orc.OrcInputFormat, outputFormat:org.apache.hadoop.hive.ql.io.orc.OrcOutputFormat, compressed:false, numBuckets:2, serdeInfo:SerDeInfo(name:null, serializationLib:org.apache.hadoop.hive.ql.io.orc.OrcSerde, parameters:{serialization.format=1}), bucketCols:[a], sortCols:[], parameters:{}, skewedInfo:SkewedInfo(skewedColNames:[], skewedColValues:[], skewedColValueLocationMaps:{}), storedAsSubDirectories:false), partitionKeys:[], parameters:{numFiles=0, numRows=0, COLUMN_STATS_ACCURATE={"BASIC_STATS":"true","COLUMN_STATS":{"a":"true","b":"true"}}, numFilesErasureCoded=0, totalSize=0, rawDataSize=0, bucketing_version=2, transactional=false}, viewOriginalText:null, viewExpandedText:null, tableType:MANAGED_TABLE, privileges:PrincipalPrivilegeSet(userPrivileges:{alex=[PrivilegeGrantInfo(privilege:INSERT, createTime:-1, grantor:alex, grantorType:USER, grantOption:true), PrivilegeGrantInfo(privilege:SELECT, createTime:-1, grantor:alex, grantorType:USER, grantOption:true), PrivilegeGrantInfo(privilege:UPDATE, createTime:-1, grantor:alex, grantorType:USER, grantOption:true), PrivilegeGrantInfo(privilege:DELETE, createTime:-1, grantor:alex, grantorType:USER, grantOption:true)]}, groupPrivileges:null, rolePrivileges:null), temporary:false, catName:hive, ownerType:USER)	
2024-04-24T01:11:26,326  INFO [main] utils.FileUtils: Creating directory if it doesn't exist: file:/home/alex/Repositories/hive/ql/target/tmp/org.apache.hadoop.hive.ql.TestTxnCommands-1713946100941/warehouse/nonacidorctbl2
2024-04-24T01:11:26,340  INFO [main] metadata.Hive: Dumping metastore api call timing information for : execution phase
2024-04-24T01:11:26,340  INFO [main] metadata.Hive: Total time spent in each metastore function (ms): {isCompatibleWith_(Configuration)=0, createTable_(Table)=19}
2024-04-24T01:11:26,340  INFO [main] ql.Driver: Completed executing command(queryId=alex_20240424011126_8e3bbd28-33df-466e-9505-b8811a28d561); Time taken: 0.02 seconds
2024-04-24T01:11:26,340  INFO [main] lockmgr.DbTxnManager: Stopped heartbeat for query: alex_20240424011126_8e3bbd28-33df-466e-9505-b8811a28d561
2024-04-24T01:11:26,344  INFO [main] txn.TxnHandler: Expected to move at least one record from txn_components to completed_txn_components when committing txn! txnid:10
2024-04-24T01:11:26,351  INFO [main] txn.TxnHandler: Removed transactions: ([10]) from MIN_HISTORY_LEVEL
2024-04-24T01:11:26,351  WARN [main] txn.CompactionTxnHandler: No compaction queue record found for Compaction type transaction commit. txnId:10
2024-04-24T01:11:26,351  INFO [main] ql.TxnCommandsBaseForTests: Running the query: create temporary  table acidTbl2(a int, b int, c int) clustered by (c) into 2 buckets stored as orc TBLPROPERTIES ('transactional'='true')
2024-04-24T01:11:26,352  INFO [main] ql.Driver: Compiling command(queryId=alex_20240424011126_0dfc4845-57e7-4e29-8e1f-f4f7f5faade3): create temporary  table acidTbl2(a int, b int, c int) clustered by (c) into 2 buckets stored as orc TBLPROPERTIES ('transactional'='true')
2024-04-24T01:11:26,354  INFO [main] txn.TxnHandler: Added entries to MIN_HISTORY_LEVEL for current txns: ([11]) with min_open_txn: 1
2024-04-24T01:11:26,354  INFO [main] lockmgr.DbTxnManager: Opened txnid:11
2024-04-24T01:11:26,354  INFO [main] parse.CalcitePlanner: Starting caching scope for: 
2024-04-24T01:11:26,354  INFO [main] parse.CalcitePlanner: Starting Semantic Analysis
2024-04-24T01:11:26,357  INFO [main] parse.CalcitePlanner: Creating table default.acidTbl2 position=24
2024-04-24T01:11:26,357  INFO [main] HiveMetaStore.audit: ugi=alex	ip=unknown-ip-addr	cmd=get_database: default	
2024-04-24T01:11:26,358  INFO [main] parse.CalcitePlanner: Ending caching scope for: 
2024-04-24T01:11:26,358  INFO [main] ql.Driver: Semantic Analysis Completed (retrial = false)
2024-04-24T01:11:26,359  INFO [main] ql.Driver: Created Hive schema: Schema(fieldSchemas:null, properties:null)
2024-04-24T01:11:26,359  INFO [main] metadata.Hive: Dumping metastore api call timing information for : compilation phase
2024-04-24T01:11:26,359  INFO [main] metadata.Hive: Total time spent in each metastore function (ms): {openTxn_(String, TxnType)=2, flushCache_()=0, getValidWriteIds_(List, String)=2, isCompatibleWith_(Configuration)=0, getValidTxns_(long)=0, getDatabase_(String)=1, commitTxn_(CommitTxnRequest)=11}
2024-04-24T01:11:26,359  INFO [main] ql.Driver: Completed compiling command(queryId=alex_20240424011126_0dfc4845-57e7-4e29-8e1f-f4f7f5faade3); Time taken: 0.008 seconds
2024-04-24T01:11:26,359  INFO [main] lockmgr.DbTxnManager: Setting lock request transaction to txnid:11 for queryId=alex_20240424011126_0dfc4845-57e7-4e29-8e1f-f4f7f5faade3
2024-04-24T01:11:26,359  INFO [main] lockmgr.DbLockManager: Requesting lock for queryId=alex_20240424011126_0dfc4845-57e7-4e29-8e1f-f4f7f5faade3
2024-04-24T01:11:26,375  INFO [main] lockmgr.DbLockManager: Response to queryId=alex_20240424011126_0dfc4845-57e7-4e29-8e1f-f4f7f5faade3 LockResponse(lockid:5, state:ACQUIRED)
2024-04-24T01:11:26,375  INFO [main] ql.Driver: Operation CREATETABLE obtained 1 locks
2024-04-24T01:11:26,376  INFO [main] ql.Driver: Executing command(queryId=alex_20240424011126_0dfc4845-57e7-4e29-8e1f-f4f7f5faade3): create temporary  table acidTbl2(a int, b int, c int) clustered by (c) into 2 buckets stored as orc TBLPROPERTIES ('transactional'='true')
2024-04-24T01:11:26,376  INFO [main] ql.Driver: Starting task [Stage-0:DDL] in serial mode
2024-04-24T01:11:26,377  INFO [main] utils.FileUtils: Creating directory if it doesn't exist: file:/home/alex/Repositories/hive/ql/target/tmp/scratchdir/alex/c15739b9-0774-4cf9-8716-2e1fe9b44af5/_tmp_space.db/08d8b5fb-0dc8-43fd-a838-b892f364c3d5
2024-04-24T01:11:26,379  INFO [main] metadata.Hive: Dumping metastore api call timing information for : execution phase
2024-04-24T01:11:26,379  INFO [main] metadata.Hive: Total time spent in each metastore function (ms): {isCompatibleWith_(Configuration)=0, createTable_(Table)=2}
2024-04-24T01:11:26,380  INFO [main] ql.Driver: Completed executing command(queryId=alex_20240424011126_0dfc4845-57e7-4e29-8e1f-f4f7f5faade3); Time taken: 0.003 seconds
2024-04-24T01:11:26,380  INFO [main] lockmgr.DbTxnManager: Stopped heartbeat for query: alex_20240424011126_0dfc4845-57e7-4e29-8e1f-f4f7f5faade3
2024-04-24T01:11:26,384  INFO [main] txn.TxnHandler: Expected to move at least one record from txn_components to completed_txn_components when committing txn! txnid:11
2024-04-24T01:11:26,392  INFO [main] txn.TxnHandler: Removed transactions: ([11]) from MIN_HISTORY_LEVEL
2024-04-24T01:11:26,392  WARN [main] txn.CompactionTxnHandler: No compaction queue record found for Compaction type transaction commit. txnId:11
2024-04-24T01:11:26,392  INFO [main] ql.TxnCommandsBaseForTests: Running the query: create table nonAcidNonBucket(a int, b int) stored as orc TBLPROPERTIES ('transactional'='false')
2024-04-24T01:11:26,393  INFO [main] ql.Driver: Compiling command(queryId=alex_20240424011126_30623652-3869-4c7f-a801-1e137d7a51df): create table nonAcidNonBucket(a int, b int) stored as orc TBLPROPERTIES ('transactional'='false')
2024-04-24T01:11:26,395  INFO [main] txn.TxnHandler: Added entries to MIN_HISTORY_LEVEL for current txns: ([12]) with min_open_txn: 1
2024-04-24T01:11:26,395  INFO [main] lockmgr.DbTxnManager: Opened txnid:12
2024-04-24T01:11:26,396  INFO [main] parse.CalcitePlanner: Starting caching scope for: 
2024-04-24T01:11:26,396  INFO [main] parse.CalcitePlanner: Starting Semantic Analysis
2024-04-24T01:11:26,398  INFO [main] parse.CalcitePlanner: Creating table default.nonAcidNonBucket position=13
2024-04-24T01:11:26,399  INFO [main] HiveMetaStore.audit: ugi=alex	ip=unknown-ip-addr	cmd=get_database: default	
2024-04-24T01:11:26,400  INFO [main] parse.CalcitePlanner: Ending caching scope for: 
2024-04-24T01:11:26,400  INFO [main] ql.Driver: Semantic Analysis Completed (retrial = false)
2024-04-24T01:11:26,400  INFO [main] ql.Driver: Created Hive schema: Schema(fieldSchemas:null, properties:null)
2024-04-24T01:11:26,400  INFO [main] metadata.Hive: Dumping metastore api call timing information for : compilation phase
2024-04-24T01:11:26,400  INFO [main] metadata.Hive: Total time spent in each metastore function (ms): {getValidWriteIds_(List, String)=2, flushCache_()=0, commitTxn_(CommitTxnRequest)=12, isCompatibleWith_(Configuration)=0, openTxn_(String, TxnType)=2, getValidTxns_(long)=1, getDatabase_(String)=2}
2024-04-24T01:11:26,401  INFO [main] ql.Driver: Completed compiling command(queryId=alex_20240424011126_30623652-3869-4c7f-a801-1e137d7a51df); Time taken: 0.007 seconds
2024-04-24T01:11:26,401  INFO [main] lockmgr.DbTxnManager: Setting lock request transaction to txnid:12 for queryId=alex_20240424011126_30623652-3869-4c7f-a801-1e137d7a51df
2024-04-24T01:11:26,401  INFO [main] lockmgr.DbLockManager: Requesting lock for queryId=alex_20240424011126_30623652-3869-4c7f-a801-1e137d7a51df
2024-04-24T01:11:26,416  INFO [main] lockmgr.DbLockManager: Response to queryId=alex_20240424011126_30623652-3869-4c7f-a801-1e137d7a51df LockResponse(lockid:6, state:ACQUIRED)
2024-04-24T01:11:26,416  INFO [main] ql.Driver: Operation CREATETABLE obtained 1 locks
2024-04-24T01:11:26,417  INFO [main] ql.Driver: Executing command(queryId=alex_20240424011126_30623652-3869-4c7f-a801-1e137d7a51df): create table nonAcidNonBucket(a int, b int) stored as orc TBLPROPERTIES ('transactional'='false')
2024-04-24T01:11:26,417  INFO [main] ql.Driver: Starting task [Stage-0:DDL] in serial mode
2024-04-24T01:11:26,417  INFO [main] HiveMetaStore.audit: ugi=alex	ip=unknown-ip-addr	cmd=create_table_req: Table(tableName:nonAcidNonBucket, dbName:default, owner:alex, createTime:1713946286, lastAccessTime:0, retention:0, sd:StorageDescriptor(cols:[FieldSchema(name:a, type:int, comment:null), FieldSchema(name:b, type:int, comment:null)], location:null, inputFormat:org.apache.hadoop.hive.ql.io.orc.OrcInputFormat, outputFormat:org.apache.hadoop.hive.ql.io.orc.OrcOutputFormat, compressed:false, numBuckets:-1, serdeInfo:SerDeInfo(name:null, serializationLib:org.apache.hadoop.hive.ql.io.orc.OrcSerde, parameters:{serialization.format=1}), bucketCols:[], sortCols:[], parameters:{}, skewedInfo:SkewedInfo(skewedColNames:[], skewedColValues:[], skewedColValueLocationMaps:{}), storedAsSubDirectories:false), partitionKeys:[], parameters:{bucketing_version=2, numFiles=0, rawDataSize=0, numFilesErasureCoded=0, transactional=false, COLUMN_STATS_ACCURATE={"BASIC_STATS":"true","COLUMN_STATS":{"a":"true","b":"true"}}, totalSize=0, numRows=0}, viewOriginalText:null, viewExpandedText:null, tableType:MANAGED_TABLE, privileges:PrincipalPrivilegeSet(userPrivileges:{alex=[PrivilegeGrantInfo(privilege:INSERT, createTime:-1, grantor:alex, grantorType:USER, grantOption:true), PrivilegeGrantInfo(privilege:SELECT, createTime:-1, grantor:alex, grantorType:USER, grantOption:true), PrivilegeGrantInfo(privilege:UPDATE, createTime:-1, grantor:alex, grantorType:USER, grantOption:true), PrivilegeGrantInfo(privilege:DELETE, createTime:-1, grantor:alex, grantorType:USER, grantOption:true)]}, groupPrivileges:null, rolePrivileges:null), temporary:false, catName:hive, ownerType:USER)	
2024-04-24T01:11:26,422  INFO [main] utils.FileUtils: Creating directory if it doesn't exist: file:/home/alex/Repositories/hive/ql/target/tmp/org.apache.hadoop.hive.ql.TestTxnCommands-1713946100941/warehouse/nonacidnonbucket
2024-04-24T01:11:26,434  INFO [main] metadata.Hive: Dumping metastore api call timing information for : execution phase
2024-04-24T01:11:26,434  INFO [main] metadata.Hive: Total time spent in each metastore function (ms): {isCompatibleWith_(Configuration)=0, createTable_(Table)=17}
2024-04-24T01:11:26,434  INFO [main] ql.Driver: Completed executing command(queryId=alex_20240424011126_30623652-3869-4c7f-a801-1e137d7a51df); Time taken: 0.017 seconds
2024-04-24T01:11:26,434  INFO [main] lockmgr.DbTxnManager: Stopped heartbeat for query: alex_20240424011126_30623652-3869-4c7f-a801-1e137d7a51df
2024-04-24T01:11:26,438  INFO [main] txn.TxnHandler: Expected to move at least one record from txn_components to completed_txn_components when committing txn! txnid:12
2024-04-24T01:11:26,445  INFO [main] txn.TxnHandler: Removed transactions: ([12]) from MIN_HISTORY_LEVEL
2024-04-24T01:11:26,445  WARN [main] txn.CompactionTxnHandler: No compaction queue record found for Compaction type transaction commit. txnId:12
2024-04-24T01:11:26,445  INFO [main] ql.TxnCommandsBaseForTests: Running the query: drop table if exists target
2024-04-24T01:11:26,446  INFO [main] ql.Driver: Compiling command(queryId=alex_20240424011126_b306b90d-2a36-45e9-bf56-02cd91f8a1fd): drop table if exists target
2024-04-24T01:11:26,448  INFO [main] txn.TxnHandler: Added entries to MIN_HISTORY_LEVEL for current txns: ([13]) with min_open_txn: 1
2024-04-24T01:11:26,448  INFO [main] lockmgr.DbTxnManager: Opened txnid:13
2024-04-24T01:11:26,449  INFO [main] HiveMetaStore.audit: ugi=alex	ip=unknown-ip-addr	cmd=get_table : tbl=hive.default.target	
2024-04-24T01:11:26,451  INFO [main] ql.Driver: Semantic Analysis Completed (retrial = false)
2024-04-24T01:11:26,451  INFO [main] ql.Driver: Created Hive schema: Schema(fieldSchemas:null, properties:null)
2024-04-24T01:11:26,451  INFO [main] metadata.Hive: Dumping metastore api call timing information for : compilation phase
2024-04-24T01:11:26,451  INFO [main] metadata.Hive: Total time spent in each metastore function (ms): {flushCache_()=0, getValidTxns_(long)=0, isCompatibleWith_(Configuration)=0, openTxn_(String, TxnType)=2, commitTxn_(CommitTxnRequest)=10}
2024-04-24T01:11:26,452  INFO [main] ql.Driver: Completed compiling command(queryId=alex_20240424011126_b306b90d-2a36-45e9-bf56-02cd91f8a1fd); Time taken: 0.005 seconds
2024-04-24T01:11:26,452  INFO [main] lockmgr.DbTxnManager: Setting lock request transaction to txnid:13 for queryId=alex_20240424011126_b306b90d-2a36-45e9-bf56-02cd91f8a1fd
2024-04-24T01:11:26,452  INFO [main] ql.Driver: Operation DROPTABLE obtained 0 locks
2024-04-24T01:11:26,452  INFO [main] ql.Driver: Executing command(queryId=alex_20240424011126_b306b90d-2a36-45e9-bf56-02cd91f8a1fd): drop table if exists target
2024-04-24T01:11:26,452  INFO [main] ql.Driver: Starting task [Stage-0:DDL] in serial mode
2024-04-24T01:11:26,452  INFO [main] HiveMetaStore.audit: ugi=alex	ip=unknown-ip-addr	cmd=get_table : tbl=hive.default.target	
2024-04-24T01:11:26,455  INFO [main] metadata.Hive: Dumping metastore api call timing information for : execution phase
2024-04-24T01:11:26,455  INFO [main] metadata.Hive: Total time spent in each metastore function (ms): {isCompatibleWith_(Configuration)=0}
2024-04-24T01:11:26,455  INFO [main] ql.Driver: Completed executing command(queryId=alex_20240424011126_b306b90d-2a36-45e9-bf56-02cd91f8a1fd); Time taken: 0.003 seconds
2024-04-24T01:11:26,455  INFO [main] lockmgr.DbTxnManager: Stopped heartbeat for query: alex_20240424011126_b306b90d-2a36-45e9-bf56-02cd91f8a1fd
2024-04-24T01:11:26,461  INFO [main] txn.TxnHandler: Expected to move at least one record from txn_components to completed_txn_components when committing txn! txnid:13
2024-04-24T01:11:26,467  INFO [main] txn.TxnHandler: Removed transactions: ([13]) from MIN_HISTORY_LEVEL
2024-04-24T01:11:26,467  WARN [main] txn.CompactionTxnHandler: No compaction queue record found for Compaction type transaction commit. txnId:13
2024-04-24T01:11:26,468  INFO [main] ql.TxnCommandsBaseForTests: Running the query: drop table if exists source
2024-04-24T01:11:26,468  INFO [main] ql.Driver: Compiling command(queryId=alex_20240424011126_65130e22-6dd1-4b89-816d-c9cd1911b2e5): drop table if exists source
2024-04-24T01:11:26,470  INFO [main] txn.TxnHandler: Added entries to MIN_HISTORY_LEVEL for current txns: ([14]) with min_open_txn: 1
2024-04-24T01:11:26,470  INFO [main] lockmgr.DbTxnManager: Opened txnid:14
2024-04-24T01:11:26,471  INFO [main] HiveMetaStore.audit: ugi=alex	ip=unknown-ip-addr	cmd=get_table : tbl=hive.default.source	
2024-04-24T01:11:26,473  INFO [main] ql.Driver: Semantic Analysis Completed (retrial = false)
2024-04-24T01:11:26,473  INFO [main] ql.Driver: Created Hive schema: Schema(fieldSchemas:null, properties:null)
2024-04-24T01:11:26,473  INFO [main] metadata.Hive: Dumping metastore api call timing information for : compilation phase
2024-04-24T01:11:26,473  INFO [main] metadata.Hive: Total time spent in each metastore function (ms): {getValidTxns_(long)=1, flushCache_()=0, commitTxn_(CommitTxnRequest)=12, isCompatibleWith_(Configuration)=0, openTxn_(String, TxnType)=2}
2024-04-24T01:11:26,474  INFO [main] ql.Driver: Completed compiling command(queryId=alex_20240424011126_65130e22-6dd1-4b89-816d-c9cd1911b2e5); Time taken: 0.005 seconds
2024-04-24T01:11:26,474  INFO [main] lockmgr.DbTxnManager: Setting lock request transaction to txnid:14 for queryId=alex_20240424011126_65130e22-6dd1-4b89-816d-c9cd1911b2e5
2024-04-24T01:11:26,474  INFO [main] ql.Driver: Operation DROPTABLE obtained 0 locks
2024-04-24T01:11:26,474  INFO [main] ql.Driver: Executing command(queryId=alex_20240424011126_65130e22-6dd1-4b89-816d-c9cd1911b2e5): drop table if exists source
2024-04-24T01:11:26,474  INFO [main] ql.Driver: Starting task [Stage-0:DDL] in serial mode
2024-04-24T01:11:26,474  INFO [main] HiveMetaStore.audit: ugi=alex	ip=unknown-ip-addr	cmd=get_table : tbl=hive.default.source	
2024-04-24T01:11:26,477  INFO [main] metadata.Hive: Dumping metastore api call timing information for : execution phase
2024-04-24T01:11:26,477  INFO [main] metadata.Hive: Total time spent in each metastore function (ms): {isCompatibleWith_(Configuration)=0}
2024-04-24T01:11:26,477  INFO [main] ql.Driver: Completed executing command(queryId=alex_20240424011126_65130e22-6dd1-4b89-816d-c9cd1911b2e5); Time taken: 0.003 seconds
2024-04-24T01:11:26,477  INFO [main] lockmgr.DbTxnManager: Stopped heartbeat for query: alex_20240424011126_65130e22-6dd1-4b89-816d-c9cd1911b2e5
2024-04-24T01:11:26,483  INFO [main] txn.TxnHandler: Expected to move at least one record from txn_components to completed_txn_components when committing txn! txnid:14
2024-04-24T01:11:26,489  INFO [main] txn.TxnHandler: Removed transactions: ([14]) from MIN_HISTORY_LEVEL
2024-04-24T01:11:26,489  WARN [main] txn.CompactionTxnHandler: No compaction queue record found for Compaction type transaction commit. txnId:14
2024-04-24T01:11:26,490  INFO [main] ql.TxnCommandsBaseForTests: Running the query: drop table if exists splitTable
2024-04-24T01:11:26,490  INFO [main] ql.Driver: Compiling command(queryId=alex_20240424011126_94da7b24-e9a7-4d4f-8f0b-b426e4e3096b): drop table if exists splitTable
2024-04-24T01:11:26,492  INFO [main] txn.TxnHandler: Added entries to MIN_HISTORY_LEVEL for current txns: ([15]) with min_open_txn: 1
2024-04-24T01:11:26,492  INFO [main] lockmgr.DbTxnManager: Opened txnid:15
2024-04-24T01:11:26,493  INFO [main] HiveMetaStore.audit: ugi=alex	ip=unknown-ip-addr	cmd=get_table : tbl=hive.default.splitTable	
2024-04-24T01:11:26,495  INFO [main] ql.Driver: Semantic Analysis Completed (retrial = false)
2024-04-24T01:11:26,495  INFO [main] ql.Driver: Created Hive schema: Schema(fieldSchemas:null, properties:null)
2024-04-24T01:11:26,496  INFO [main] metadata.Hive: Dumping metastore api call timing information for : compilation phase
2024-04-24T01:11:26,496  INFO [main] metadata.Hive: Total time spent in each metastore function (ms): {flushCache_()=0, getValidTxns_(long)=0, openTxn_(String, TxnType)=2, commitTxn_(CommitTxnRequest)=13, isCompatibleWith_(Configuration)=1}
2024-04-24T01:11:26,496  INFO [main] ql.Driver: Completed compiling command(queryId=alex_20240424011126_94da7b24-e9a7-4d4f-8f0b-b426e4e3096b); Time taken: 0.006 seconds
2024-04-24T01:11:26,496  INFO [main] lockmgr.DbTxnManager: Setting lock request transaction to txnid:15 for queryId=alex_20240424011126_94da7b24-e9a7-4d4f-8f0b-b426e4e3096b
2024-04-24T01:11:26,496  INFO [main] ql.Driver: Operation DROPTABLE obtained 0 locks
2024-04-24T01:11:26,496  INFO [main] ql.Driver: Executing command(queryId=alex_20240424011126_94da7b24-e9a7-4d4f-8f0b-b426e4e3096b): drop table if exists splitTable
2024-04-24T01:11:26,496  INFO [main] ql.Driver: Starting task [Stage-0:DDL] in serial mode
2024-04-24T01:11:26,497  INFO [main] HiveMetaStore.audit: ugi=alex	ip=unknown-ip-addr	cmd=get_table : tbl=hive.default.splitTable	
2024-04-24T01:11:26,499  INFO [main] metadata.Hive: Dumping metastore api call timing information for : execution phase
2024-04-24T01:11:26,499  INFO [main] metadata.Hive: Total time spent in each metastore function (ms): {isCompatibleWith_(Configuration)=1}
2024-04-24T01:11:26,499  INFO [main] ql.Driver: Completed executing command(queryId=alex_20240424011126_94da7b24-e9a7-4d4f-8f0b-b426e4e3096b); Time taken: 0.003 seconds
2024-04-24T01:11:26,500  INFO [main] lockmgr.DbTxnManager: Stopped heartbeat for query: alex_20240424011126_94da7b24-e9a7-4d4f-8f0b-b426e4e3096b
2024-04-24T01:11:26,505  INFO [main] txn.TxnHandler: Expected to move at least one record from txn_components to completed_txn_components when committing txn! txnid:15
2024-04-24T01:11:26,511  INFO [main] txn.TxnHandler: Removed transactions: ([15]) from MIN_HISTORY_LEVEL
2024-04-24T01:11:26,512  WARN [main] txn.CompactionTxnHandler: No compaction queue record found for Compaction type transaction commit. txnId:15
2024-04-24T01:11:26,512  INFO [main] ql.TxnCommandsBaseForTests: Running the query: create table splitTable(op int)
2024-04-24T01:11:26,512  INFO [main] ql.Driver: Compiling command(queryId=alex_20240424011126_c066f720-ff98-4e6e-87cf-35867b63e0b5): create table splitTable(op int)
2024-04-24T01:11:26,515  INFO [main] txn.TxnHandler: Added entries to MIN_HISTORY_LEVEL for current txns: ([16]) with min_open_txn: 1
2024-04-24T01:11:26,515  INFO [main] lockmgr.DbTxnManager: Opened txnid:16
2024-04-24T01:11:26,516  INFO [main] parse.CalcitePlanner: Starting caching scope for: 
2024-04-24T01:11:26,516  INFO [main] parse.CalcitePlanner: Starting Semantic Analysis
2024-04-24T01:11:26,522  INFO [main] parse.CalcitePlanner: Creating table default.splitTable position=13
2024-04-24T01:11:26,522  INFO [main] HiveMetaStore.audit: ugi=alex	ip=unknown-ip-addr	cmd=get_database: default	
2024-04-24T01:11:26,523  INFO [main] parse.CalcitePlanner: Ending caching scope for: 
2024-04-24T01:11:26,523  INFO [main] ql.Driver: Semantic Analysis Completed (retrial = false)
2024-04-24T01:11:26,523  INFO [main] ql.Driver: Created Hive schema: Schema(fieldSchemas:null, properties:null)
2024-04-24T01:11:26,523  INFO [main] metadata.Hive: Dumping metastore api call timing information for : compilation phase
2024-04-24T01:11:26,524  INFO [main] metadata.Hive: Total time spent in each metastore function (ms): {isCompatibleWith_(Configuration)=1, getValidWriteIds_(List, String)=5, getDatabase_(String)=1, getValidTxns_(long)=0, flushCache_()=0, openTxn_(String, TxnType)=2, commitTxn_(CommitTxnRequest)=12}
2024-04-24T01:11:26,524  INFO [main] ql.Driver: Completed compiling command(queryId=alex_20240424011126_c066f720-ff98-4e6e-87cf-35867b63e0b5); Time taken: 0.011 seconds
2024-04-24T01:11:26,524  INFO [main] lockmgr.DbTxnManager: Setting lock request transaction to txnid:16 for queryId=alex_20240424011126_c066f720-ff98-4e6e-87cf-35867b63e0b5
2024-04-24T01:11:26,524  INFO [main] lockmgr.DbLockManager: Requesting lock for queryId=alex_20240424011126_c066f720-ff98-4e6e-87cf-35867b63e0b5
2024-04-24T01:11:26,544  INFO [main] lockmgr.DbLockManager: Response to queryId=alex_20240424011126_c066f720-ff98-4e6e-87cf-35867b63e0b5 LockResponse(lockid:7, state:ACQUIRED)
2024-04-24T01:11:26,544  INFO [main] ql.Driver: Operation CREATETABLE obtained 1 locks
2024-04-24T01:11:26,544  INFO [main] ql.Driver: Executing command(queryId=alex_20240424011126_c066f720-ff98-4e6e-87cf-35867b63e0b5): create table splitTable(op int)
2024-04-24T01:11:26,544  INFO [main] ql.Driver: Starting task [Stage-0:DDL] in serial mode
2024-04-24T01:11:26,545  INFO [main] HiveMetaStore.audit: ugi=alex	ip=unknown-ip-addr	cmd=create_table_req: Table(tableName:splitTable, dbName:default, owner:alex, createTime:1713946286, lastAccessTime:0, retention:0, sd:StorageDescriptor(cols:[FieldSchema(name:op, type:int, comment:null)], location:null, inputFormat:org.apache.hadoop.mapred.TextInputFormat, outputFormat:org.apache.hadoop.hive.ql.io.HiveIgnoreKeyTextOutputFormat, compressed:false, numBuckets:-1, serdeInfo:SerDeInfo(name:null, serializationLib:org.apache.hadoop.hive.serde2.lazy.LazySimpleSerDe, parameters:{serialization.format=1}), bucketCols:[], sortCols:[], parameters:{}, skewedInfo:SkewedInfo(skewedColNames:[], skewedColValues:[], skewedColValueLocationMaps:{}), storedAsSubDirectories:false), partitionKeys:[], parameters:{totalSize=0, numFiles=0, numFilesErasureCoded=0, bucketing_version=2, COLUMN_STATS_ACCURATE={"BASIC_STATS":"true","COLUMN_STATS":{"op":"true"}}, rawDataSize=0, numRows=0}, viewOriginalText:null, viewExpandedText:null, tableType:MANAGED_TABLE, privileges:PrincipalPrivilegeSet(userPrivileges:{alex=[PrivilegeGrantInfo(privilege:INSERT, createTime:-1, grantor:alex, grantorType:USER, grantOption:true), PrivilegeGrantInfo(privilege:SELECT, createTime:-1, grantor:alex, grantorType:USER, grantOption:true), PrivilegeGrantInfo(privilege:UPDATE, createTime:-1, grantor:alex, grantorType:USER, grantOption:true), PrivilegeGrantInfo(privilege:DELETE, createTime:-1, grantor:alex, grantorType:USER, grantOption:true)]}, groupPrivileges:null, rolePrivileges:null), temporary:false, catName:hive, ownerType:USER)	
2024-04-24T01:11:26,551  INFO [main] utils.FileUtils: Creating directory if it doesn't exist: file:/home/alex/Repositories/hive/ql/target/tmp/org.apache.hadoop.hive.ql.TestTxnCommands-1713946100941/warehouse/splittable
2024-04-24T01:11:26,586  INFO [main] metadata.Hive: Dumping metastore api call timing information for : execution phase
2024-04-24T01:11:26,586  INFO [main] metadata.Hive: Total time spent in each metastore function (ms): {createTable_(Table)=41, isCompatibleWith_(Configuration)=0}
2024-04-24T01:11:26,586  INFO [main] ql.Driver: Completed executing command(queryId=alex_20240424011126_c066f720-ff98-4e6e-87cf-35867b63e0b5); Time taken: 0.042 seconds
2024-04-24T01:11:26,586  INFO [main] lockmgr.DbTxnManager: Stopped heartbeat for query: alex_20240424011126_c066f720-ff98-4e6e-87cf-35867b63e0b5
2024-04-24T01:11:26,591  INFO [main] txn.TxnHandler: Expected to move at least one record from txn_components to completed_txn_components when committing txn! txnid:16
2024-04-24T01:11:26,597  INFO [main] txn.TxnHandler: Removed transactions: ([16]) from MIN_HISTORY_LEVEL
2024-04-24T01:11:26,598  WARN [main] txn.CompactionTxnHandler: No compaction queue record found for Compaction type transaction commit. txnId:16
2024-04-24T01:11:26,598  INFO [main] ql.TxnCommandsBaseForTests: Running the query: insert into splitTable values (0),(1)
2024-04-24T01:11:26,599  INFO [main] ql.Driver: Compiling command(queryId=alex_20240424011126_46935155-3cb2-43f4-b155-17fe5f5c5e8a): insert into splitTable values (0),(1)
2024-04-24T01:11:26,601  INFO [main] txn.TxnHandler: Added entries to MIN_HISTORY_LEVEL for current txns: ([17]) with min_open_txn: 1
2024-04-24T01:11:26,601  INFO [main] lockmgr.DbTxnManager: Opened txnid:17
2024-04-24T01:11:26,602  INFO [main] parse.CalcitePlanner: Starting caching scope for: 
2024-04-24T01:11:26,602  INFO [main] parse.CalcitePlanner: Starting Semantic Analysis
2024-04-24T01:11:26,605  INFO [main] HiveMetaStore.audit: ugi=alex	ip=unknown-ip-addr	cmd=get_table : tbl=hive.default.splitTable	
2024-04-24T01:11:26,642  INFO [main] metastore.HMSHandler: Skipping translation for processor with null
2024-04-24T01:11:26,642  INFO [main] parse.CalcitePlanner: Completed phase 1 of Semantic Analysis
2024-04-24T01:11:26,642  INFO [main] parse.CalcitePlanner: Get metadata for source tables
2024-04-24T01:11:26,642  INFO [main] parse.CalcitePlanner: Get metadata for subqueries
2024-04-24T01:11:26,642  INFO [main] parse.CalcitePlanner: Get metadata for destination tables
2024-04-24T01:11:26,642  INFO [main] HiveMetaStore.audit: ugi=alex	ip=unknown-ip-addr	cmd=get_table : tbl=hive.default.splitTable	
2024-04-24T01:11:26,651  INFO [main] metastore.HMSHandler: Skipping translation for processor with null
2024-04-24T01:11:26,651  INFO [main] parse.CalcitePlanner: Completed getting MetaData in Semantic Analysis
2024-04-24T01:11:26,651  INFO [main] parse.CalcitePlanner: Disabling LLAP IO encode as ETL query is detected
2024-04-24T01:11:26,671  INFO [main] HiveMetaStore.audit: ugi=alex	ip=unknown-ip-addr	cmd=get_all_table_constraints : tbl=hive._dummy_database._dummy_table	
2024-04-24T01:11:26,691  INFO [Metastore Scheduled Worker 4] metastore.HMSHandler: 14: Opening raw store with implementation class:org.apache.hadoop.hive.metastore.ObjectStore
2024-04-24T01:11:26,691  INFO [Metastore Scheduled Worker 4] metastore.ObjectStore: RawStore: org.apache.hadoop.hive.metastore.ObjectStore@48b78028, with PersistenceManager: null will be shutdown
2024-04-24T01:11:26,692  INFO [Metastore Scheduled Worker 4] metastore.ObjectStore: RawStore: org.apache.hadoop.hive.metastore.ObjectStore@48b78028, with PersistenceManager: org.datanucleus.api.jdo.JDOPersistenceManager@4c8b9972 created in the thread with id: 48
2024-04-24T01:11:26,725  INFO [Metastore Scheduled Worker 4] metastore.HMSHandler: Created RawStore: org.apache.hadoop.hive.metastore.ObjectStore@48b78028 from thread id: 48
2024-04-24T01:11:26,760  INFO [main] parse.CalcitePlanner: Get metadata for source tables
2024-04-24T01:11:26,760  INFO [main] parse.CalcitePlanner: Get metadata for subqueries
2024-04-24T01:11:26,760  INFO [main] parse.CalcitePlanner: Get metadata for source tables
2024-04-24T01:11:26,761  INFO [main] HiveMetaStore.audit: ugi=alex	ip=unknown-ip-addr	cmd=get_table : tbl=hive._dummy_database._dummy_table	
2024-04-24T01:11:26,763  INFO [main] parse.CalcitePlanner: Get metadata for subqueries
2024-04-24T01:11:26,763  INFO [main] parse.CalcitePlanner: Get metadata for destination tables
2024-04-24T01:11:26,763  INFO [main] parse.CalcitePlanner: Get metadata for destination tables
2024-04-24T01:11:26,763  INFO [main] HiveMetaStore.audit: ugi=alex	ip=unknown-ip-addr	cmd=get_table : tbl=hive.default.splitTable	
2024-04-24T01:11:26,772  INFO [main] metastore.HMSHandler: Skipping translation for processor with null
2024-04-24T01:11:26,774  INFO [main] common.FileUtils: Creating directory if it doesn't exist: file:/home/alex/Repositories/hive/ql/target/tmp/org.apache.hadoop.hive.ql.TestTxnCommands-1713946100941/warehouse/splittable/.hive-staging_hive_2024-04-24_01-11-26_598_3551516914855901282-1
2024-04-24T01:11:26,776  INFO [main] HiveMetaStore.audit: ugi=alex	ip=unknown-ip-addr	cmd=get_not_null_constraints : tbl=hive.default.splittable	
2024-04-24T01:11:26,778  INFO [main] HiveMetaStore.audit: ugi=alex	ip=unknown-ip-addr	cmd=get_check_constraints : tbl=hive.default.splittable	
2024-04-24T01:11:26,780  INFO [main] parse.CalcitePlanner: CBO Succeeded; optimized logical plan.
2024-04-24T01:11:26,784  INFO [main] optimizer.BucketVersionPopulator: not considering bucketingVersion for: TS[0] because it has -1<2 buckets 
2024-04-24T01:11:26,784  INFO [main] optimizer.SortedDynPartitionOptimizer: Sorted dynamic partitioning optimization kicked in..
2024-04-24T01:11:26,797  INFO [main] HiveMetaStore.audit: ugi=alex	ip=unknown-ip-addr	cmd=get_table : tbl=hive.default.splittable	
2024-04-24T01:11:26,811  INFO [main] metastore.HMSHandler: Skipping translation for processor with null
2024-04-24T01:11:26,812  INFO [main] optimizer.GenMRFileSink1: using CombineHiveInputformat for the merge job
2024-04-24T01:11:26,812  INFO [main] HiveMetaStore.audit: ugi=alex	ip=unknown-ip-addr	cmd=get_table : tbl=hive.default.splittable	
2024-04-24T01:11:26,823  INFO [main] metastore.HMSHandler: Skipping translation for processor with null
2024-04-24T01:11:26,839  INFO [main] physical.Vectorizer: Examining input format to see if vectorization is enabled.
2024-04-24T01:11:26,839  INFO [main] physical.Vectorizer: Map vectorization enabled: false
2024-04-24T01:11:26,839  INFO [main] physical.Vectorizer: Map vectorized: false
2024-04-24T01:11:26,839  INFO [main] physical.Vectorizer: Map vectorizedVertexNum: 0
2024-04-24T01:11:26,839  INFO [main] physical.Vectorizer: Map enabledConditionsMet: [hive.vectorized.use.vectorized.input.format IS true]
2024-04-24T01:11:26,839  INFO [main] physical.Vectorizer: Map enabledConditionsNotMet: [Could not enable vectorization due to partition column names size 1 is greater than the number of table column names size 0 IS false]
2024-04-24T01:11:26,840  INFO [main] physical.Vectorizer: Map inputFileFormatClassNameSet: [org.apache.hadoop.hive.ql.io.NullRowsInputFormat]
2024-04-24T01:11:26,840  INFO [main] parse.CalcitePlanner: Completed plan generation
2024-04-24T01:11:26,840  INFO [main] parse.CalcitePlanner: Ending caching scope for: 
2024-04-24T01:11:26,840  INFO [main] ql.Driver: Semantic Analysis Completed (retrial = false)
2024-04-24T01:11:26,840  INFO [main] ql.Driver: Created Hive schema: Schema(fieldSchemas:[FieldSchema(name:col1, type:int, comment:null)], properties:null)
2024-04-24T01:11:26,840  INFO [main] metadata.Hive: Dumping metastore api call timing information for : compilation phase
2024-04-24T01:11:26,840  INFO [main] metadata.Hive: Total time spent in each metastore function (ms): {commitTxn_(CommitTxnRequest)=12, getTable_(GetTableRequest)=80, getCheckConstraints_(CheckConstraintsRequest)=1, isCompatibleWith_(Configuration)=0, getValidTxns_(long)=1, getValidWriteIds_(List, String)=2, openTxn_(String, TxnType)=2, getAllTableConstraints_(AllTableConstraintsRequest)=36, getNotNullConstraints_(NotNullConstraintsRequest)=2, flushCache_()=0}
2024-04-24T01:11:26,841  INFO [main] ql.Driver: Completed compiling command(queryId=alex_20240424011126_46935155-3cb2-43f4-b155-17fe5f5c5e8a); Time taken: 0.242 seconds
2024-04-24T01:11:26,841  INFO [main] lockmgr.DbTxnManager: Setting lock request transaction to txnid:17 for queryId=alex_20240424011126_46935155-3cb2-43f4-b155-17fe5f5c5e8a
2024-04-24T01:11:26,841  INFO [main] lockmgr.DbLockManager: Requesting lock for queryId=alex_20240424011126_46935155-3cb2-43f4-b155-17fe5f5c5e8a
2024-04-24T01:11:26,858  INFO [main] lockmgr.DbLockManager: Response to queryId=alex_20240424011126_46935155-3cb2-43f4-b155-17fe5f5c5e8a LockResponse(lockid:8, state:ACQUIRED)
2024-04-24T01:11:26,858  INFO [main] ql.Driver: Operation QUERY obtained 1 locks
2024-04-24T01:11:26,858  INFO [main] ql.Driver: Executing command(queryId=alex_20240424011126_46935155-3cb2-43f4-b155-17fe5f5c5e8a): insert into splitTable values (0),(1)
2024-04-24T01:11:26,859  WARN [main] ql.Driver: Hive-on-MR is deprecated in Hive 2 and may not be available in the future versions. Consider using a different execution engine (i.e. tez, spark) or using Hive 1.X releases.
Query ID = alex_20240424011126_46935155-3cb2-43f4-b155-17fe5f5c5e8a
2024-04-24T01:11:26,859  INFO [main] ql.Driver: Query ID = alex_20240424011126_46935155-3cb2-43f4-b155-17fe5f5c5e8a
Total jobs = 3
2024-04-24T01:11:26,859  INFO [main] ql.Driver: Total jobs = 3
Launching Job 1 out of 3
2024-04-24T01:11:26,859  INFO [main] ql.Driver: Launching Job 1 out of 3
2024-04-24T01:11:26,991  INFO [main] ql.Driver: Starting task [Stage-1:MAPRED] in serial mode
Number of reduce tasks is set to 0 since there's no reduce operator
2024-04-24T01:11:26,992  INFO [main] exec.Task: Number of reduce tasks is set to 0 since there's no reduce operator
2024-04-24T01:11:26,994  INFO [main] mr.ExecDriver: Using org.apache.hadoop.hive.ql.io.HiveInputFormat
2024-04-24T01:11:26,994  INFO [main] exec.Utilities: Processing alias $hdt$_0:_dummy_table
2024-04-24T01:11:26,994  INFO [main] exec.Utilities: Adding 1 inputs; the first input is file:/home/alex/Repositories/hive/ql/target/tmp/localscratchdir/c15739b9-0774-4cf9-8716-2e1fe9b44af5/hive_2024-04-24_01-11-26_598_3551516914855901282-1/dummy_path
2024-04-24T01:11:27,004  INFO [main] exec.SerializationUtilities: Serializing MapWork using kryo
2024-04-24T01:11:27,004  INFO [main] exec.Utilities: Serialized plan (via FILE) - name: null size: 5,91KB
2024-04-24T01:11:27,005  WARN [main] impl.MetricsSystemImpl: JobTracker metrics system already initialized!
2024-04-24T01:11:27,009  INFO [main] fs.FSStatsPublisher: created : file:/home/alex/Repositories/hive/ql/target/tmp/localscratchdir/c15739b9-0774-4cf9-8716-2e1fe9b44af5/hive_2024-04-24_01-11-26_598_3551516914855901282-1/-mr-10001
2024-04-24T01:11:27,013  WARN [main] impl.MetricsSystemImpl: JobTracker metrics system already initialized!
2024-04-24T01:11:27,019  WARN [main] mapreduce.JobResourceUploader: Hadoop command-line option parsing not performed. Implement the Tool interface and execute your application with ToolRunner to remedy this.
2024-04-24T01:11:27,024  WARN [main] mapreduce.JobResourceUploader: No job jar file set.  User classes may not be found. See Job or Job#setJar(String).
2024-04-24T01:11:27,025  INFO [main] io.HiveInputFormat: hive.io.file.readcolumn.ids = 
2024-04-24T01:11:27,025  INFO [main] io.HiveInputFormat: hive.io.file.readcolumn.names = 
2024-04-24T01:11:27,025  INFO [main] io.HiveInputFormat: Generating splits for dirs: file:/home/alex/Repositories/hive/ql/target/tmp/localscratchdir/c15739b9-0774-4cf9-8716-2e1fe9b44af5/hive_2024-04-24_01-11-26_598_3551516914855901282-1/dummy_path
2024-04-24T01:11:27,026  INFO [main] io.HiveInputFormat: number of splits 1
2024-04-24T01:11:27,044  INFO [main] mapreduce.JobSubmitter: number of splits:1
2024-04-24T01:11:27,064  INFO [main] mapreduce.JobSubmitter: Submitting tokens for job: job_local1730343524_0071
2024-04-24T01:11:27,064  INFO [main] mapreduce.JobSubmitter: Executing with tokens: []
2024-04-24T01:11:27,123  INFO [main] mapreduce.Job: The url to track the job: http://localhost:8080/
Job running in-process (local Hadoop)
2024-04-24T01:11:27,124  INFO [main] exec.Task: Job running in-process (local Hadoop)
2024-04-24T01:11:27,124  INFO [Thread-5936] mapred.LocalJobRunner: OutputCommitter set in config org.apache.hadoop.hive.ql.io.HiveFileFormatUtils$NullOutputCommitter
2024-04-24T01:11:27,124  INFO [Thread-5936] mapred.LocalJobRunner: OutputCommitter is org.apache.hadoop.hive.ql.io.HiveFileFormatUtils$NullOutputCommitter
2024-04-24T01:11:27,126  INFO [Thread-5936] mapred.LocalJobRunner: Waiting for map tasks
2024-04-24T01:11:27,126  INFO [LocalJobRunner Map Task Executor #0] mapred.LocalJobRunner: Starting task: attempt_local1730343524_0071_m_000000_0
2024-04-24T01:11:27,129  INFO [LocalJobRunner Map Task Executor #0] mapred.Task:  Using ResourceCalculatorProcessTree : [ ]
2024-04-24T01:11:27,129  INFO [LocalJobRunner Map Task Executor #0] mapred.MapTask: Processing split: org.apache.hadoop.hive.ql.io.NullRowsInputFormat:file:/home/alex/Repositories/hive/ql/target/tmp/localscratchdir/c15739b9-0774-4cf9-8716-2e1fe9b44af5/hive_2024-04-24_01-11-26_598_3551516914855901282-1/dummy_path/null:0+1
2024-04-24T01:11:27,132  INFO [LocalJobRunner Map Task Executor #0] exec.SerializationUtilities: Deserializing MapWork using kryo
2024-04-24T01:11:27,132  INFO [LocalJobRunner Map Task Executor #0] exec.Utilities: Deserialized plan (via FILE) - name: null size: 5,91KB
2024-04-24T01:11:27,132  INFO [LocalJobRunner Map Task Executor #0] mapred.MapTask: numReduceTasks: 0
2024-04-24T01:11:27,134  INFO [LocalJobRunner Map Task Executor #0] exec.MapOperator: Initializing Operator: MAP[0]
2024-04-24T01:11:27,134  INFO [LocalJobRunner Map Task Executor #0] mr.ExecMapper: 
<MAP>Id =0
  <Children>null
  <\Children>
  <Parent><\Parent>
<\MAP>
2024-04-24T01:11:27,135  INFO [LocalJobRunner Map Task Executor #0] exec.TableScanOperator: Initializing Operator: TS[0]
2024-04-24T01:11:27,135  INFO [LocalJobRunner Map Task Executor #0] exec.SelectOperator: Initializing Operator: SEL[1]
2024-04-24T01:11:27,135  INFO [LocalJobRunner Map Task Executor #0] exec.SelectOperator: SELECT null
2024-04-24T01:11:27,135  INFO [LocalJobRunner Map Task Executor #0] exec.UDTFOperator: Initializing Operator: UDTF[2]
2024-04-24T01:11:27,135  INFO [LocalJobRunner Map Task Executor #0] exec.SelectOperator: Initializing Operator: SEL[3]
2024-04-24T01:11:27,136  INFO [LocalJobRunner Map Task Executor #0] exec.SelectOperator: SELECT struct<col1:int>
2024-04-24T01:11:27,136  INFO [LocalJobRunner Map Task Executor #0] exec.FileSinkOperator: Initializing Operator: FS[4]
2024-04-24T01:11:27,136  INFO [LocalJobRunner Map Task Executor #0] exec.FileSinkOperator: Using serializer : class org.apache.hadoop.hive.serde2.lazy.LazySimpleSerDe [serdeParams=org.apache.hadoop.hive.serde2.lazy.LazySerDeParameters@3b9274ff, cachedObjectInspector=org.apache.hadoop.hive.serde2.lazy.objectinspector.LazySimpleStructObjectInspector<org.apache.hadoop.hive.serde2.lazy.objectinspector.primitive.LazyIntObjectInspector@31a9eaa>, serializedSize=0, stats=org.apache.hadoop.hive.serde2.SerDeStats@230af97c, lastOperationSerialize=false, lastOperationDeserialize=false [1, 2, 3, 4, 5, 6, 7, 8] : [op] : [int]] and formatter : org.apache.hadoop.hive.ql.io.HiveIgnoreKeyTextOutputFormat@5d076e1b
2024-04-24T01:11:27,137  INFO [LocalJobRunner Map Task Executor #0] exec.FileSinkOperator: Final Path: FS file:/home/alex/Repositories/hive/ql/target/tmp/org.apache.hadoop.hive.ql.TestTxnCommands-1713946100941/warehouse/splittable/.hive-staging_hive_2024-04-24_01-11-26_598_3551516914855901282-1/_tmp.-ext-10002/000000_0
2024-04-24T01:11:27,137  INFO [LocalJobRunner Map Task Executor #0] exec.FileSinkOperator: Writing to temp file: FS file:/home/alex/Repositories/hive/ql/target/tmp/org.apache.hadoop.hive.ql.TestTxnCommands-1713946100941/warehouse/splittable/.hive-staging_hive_2024-04-24_01-11-26_598_3551516914855901282-1/_task_tmp.-ext-10002/_tmp.000000_0
2024-04-24T01:11:27,137  INFO [LocalJobRunner Map Task Executor #0] exec.FileSinkOperator: New Final Path: FS file:/home/alex/Repositories/hive/ql/target/tmp/org.apache.hadoop.hive.ql.TestTxnCommands-1713946100941/warehouse/splittable/.hive-staging_hive_2024-04-24_01-11-26_598_3551516914855901282-1/_tmp.-ext-10002/000000_0
2024-04-24T01:11:27,147  INFO [LocalJobRunner Map Task Executor #0] exec.FileSinkOperator: FS[4]: records written - 1
2024-04-24T01:11:27,147  INFO [LocalJobRunner Map Task Executor #0] exec.MapOperator: MAP[0]: records read - 1
2024-04-24T01:11:27,148  INFO [LocalJobRunner Map Task Executor #0] exec.MapOperator: Closing Operator: MAP[0]
2024-04-24T01:11:27,148  INFO [LocalJobRunner Map Task Executor #0] exec.MapOperator: MAP[0]: Total records read - 3. abort - false
2024-04-24T01:11:27,148  INFO [LocalJobRunner Map Task Executor #0] exec.MapOperator: DESERIALIZE_ERRORS:0, RECORDS_OUT_OPERATOR_MAP_0:0, RECORDS_OUT_INTERMEDIATE:0, RECORDS_IN:3, 
2024-04-24T01:11:27,148  INFO [LocalJobRunner Map Task Executor #0] exec.TableScanOperator: Closing Operator: TS[0]
2024-04-24T01:11:27,148  INFO [LocalJobRunner Map Task Executor #0] exec.TableScanOperator: RECORDS_OUT_INTERMEDIATE:0, RECORDS_OUT_OPERATOR_TS_0:1, 
2024-04-24T01:11:27,148  INFO [LocalJobRunner Map Task Executor #0] exec.SelectOperator: Closing Operator: SEL[1]
2024-04-24T01:11:27,148  INFO [LocalJobRunner Map Task Executor #0] exec.SelectOperator: RECORDS_OUT_INTERMEDIATE:0, RECORDS_OUT_OPERATOR_SEL_1:1, 
2024-04-24T01:11:27,148  INFO [LocalJobRunner Map Task Executor #0] exec.UDTFOperator: Closing Operator: UDTF[2]
2024-04-24T01:11:27,148  INFO [LocalJobRunner Map Task Executor #0] exec.UDTFOperator: RECORDS_OUT_INTERMEDIATE:0, RECORDS_OUT_OPERATOR_UDTF_2:2, 
2024-04-24T01:11:27,148  INFO [LocalJobRunner Map Task Executor #0] exec.SelectOperator: Closing Operator: SEL[3]
2024-04-24T01:11:27,148  INFO [LocalJobRunner Map Task Executor #0] exec.SelectOperator: RECORDS_OUT_INTERMEDIATE:0, RECORDS_OUT_OPERATOR_SEL_3:2, 
2024-04-24T01:11:27,148  INFO [LocalJobRunner Map Task Executor #0] exec.FileSinkOperator: Closing Operator: FS[4]
2024-04-24T01:11:27,148  INFO [LocalJobRunner Map Task Executor #0] exec.FileSinkOperator: FS[4]: records written - 2
2024-04-24T01:11:27,154  INFO [LocalJobRunner Map Task Executor #0] exec.FileSinkOperator: TOTAL_TABLE_ROWS_WRITTEN:2, RECORDS_OUT_1_default.splittable:2, RECORDS_OUT_INTERMEDIATE:0, RECORDS_OUT_OPERATOR_FS_4:2, 
2024-04-24T01:11:27,154  INFO [LocalJobRunner Map Task Executor #0] mapred.LocalJobRunner: 
2024-04-24T01:11:27,156  INFO [LocalJobRunner Map Task Executor #0] mapred.Task: Task:attempt_local1730343524_0071_m_000000_0 is done. And is in the process of committing
2024-04-24T01:11:27,157  INFO [LocalJobRunner Map Task Executor #0] mapred.LocalJobRunner: map
2024-04-24T01:11:27,157  INFO [LocalJobRunner Map Task Executor #0] mapred.Task: Task 'attempt_local1730343524_0071_m_000000_0' done.
2024-04-24T01:11:27,157  INFO [LocalJobRunner Map Task Executor #0] mapred.Task: Final Counters for attempt_local1730343524_0071_m_000000_0: Counters: 32
	File System Counters
		FILE: Number of bytes read=1606254
		FILE: Number of bytes written=89083956
		FILE: Number of read operations=0
		FILE: Number of large read operations=0
		FILE: Number of write operations=0
		HDFS: Number of bytes read=0
		HDFS: Number of bytes written=0
		HDFS: Number of read operations=0
		HDFS: Number of large read operations=0
		HDFS: Number of write operations=0
	Map-Reduce Framework
		Map input records=4
		Map output records=0
		Input split bytes=361
		Spilled Records=0
		Failed Shuffles=0
		Merged Map outputs=0
		GC time elapsed (ms)=0
		Total committed heap usage (bytes)=2111307776
	HIVE
		CREATED_FILES=1
		DESERIALIZE_ERRORS=0
		RECORDS_IN=3
		RECORDS_OUT_1_default.splittable=2
		RECORDS_OUT_INTERMEDIATE=0
		RECORDS_OUT_OPERATOR_FS_4=2
		RECORDS_OUT_OPERATOR_MAP_0=0
		RECORDS_OUT_OPERATOR_SEL_1=1
		RECORDS_OUT_OPERATOR_SEL_3=2
		RECORDS_OUT_OPERATOR_TS_0=1
		RECORDS_OUT_OPERATOR_UDTF_2=2
		TOTAL_TABLE_ROWS_WRITTEN=2
	File Input Format Counters 
		Bytes Read=5968
	File Output Format Counters 
		Bytes Written=0
2024-04-24T01:11:27,157  INFO [LocalJobRunner Map Task Executor #0] mapred.LocalJobRunner: Finishing task: attempt_local1730343524_0071_m_000000_0
2024-04-24T01:11:27,157  INFO [Thread-5936] mapred.LocalJobRunner: map task executor complete.
2024-04-24 01:11:28,125 Stage-1 map = 100%,  reduce = 0%
2024-04-24T01:11:28,125  INFO [main] exec.Task: 2024-04-24 01:11:28,125 Stage-1 map = 100%,  reduce = 0%
Ended Job = job_local1730343524_0071
2024-04-24T01:11:28,126  INFO [main] exec.Task: Ended Job = job_local1730343524_0071
2024-04-24T01:11:28,129  INFO [main] ql.Driver: Starting task [Stage-7:CONDITIONAL] in serial mode
Stage-4 is selected by condition resolver.
2024-04-24T01:11:28,130  INFO [main] exec.Task: Stage-4 is selected by condition resolver.
Stage-3 is filtered out by condition resolver.
2024-04-24T01:11:28,130  INFO [main] exec.Task: Stage-3 is filtered out by condition resolver.
Stage-5 is filtered out by condition resolver.
2024-04-24T01:11:28,130  INFO [main] exec.Task: Stage-5 is filtered out by condition resolver.
2024-04-24T01:11:28,130  INFO [main] ql.Driver: Starting task [Stage-4:MOVE] in serial mode
Moving data to directory file:/home/alex/Repositories/hive/ql/target/tmp/org.apache.hadoop.hive.ql.TestTxnCommands-1713946100941/warehouse/splittable/.hive-staging_hive_2024-04-24_01-11-26_598_3551516914855901282-1/-ext-10000
2024-04-24T01:11:28,130  INFO [main] exec.Task: Moving data to directory file:/home/alex/Repositories/hive/ql/target/tmp/org.apache.hadoop.hive.ql.TestTxnCommands-1713946100941/warehouse/splittable/.hive-staging_hive_2024-04-24_01-11-26_598_3551516914855901282-1/-ext-10000 from file:/home/alex/Repositories/hive/ql/target/tmp/org.apache.hadoop.hive.ql.TestTxnCommands-1713946100941/warehouse/splittable/.hive-staging_hive_2024-04-24_01-11-26_598_3551516914855901282-1/-ext-10002
2024-04-24T01:11:28,130  INFO [main] ql.Driver: Starting task [Stage-0:MOVE] in serial mode
Loading data to table default.splittable
2024-04-24T01:11:28,130  INFO [main] exec.Task: Loading data to table default.splittable from file:/home/alex/Repositories/hive/ql/target/tmp/org.apache.hadoop.hive.ql.TestTxnCommands-1713946100941/warehouse/splittable/.hive-staging_hive_2024-04-24_01-11-26_598_3551516914855901282-1/-ext-10000
2024-04-24T01:11:28,131  INFO [main] HiveMetaStore.audit: ugi=alex	ip=unknown-ip-addr	cmd=get_table : tbl=hive.default.splittable	
2024-04-24T01:11:28,139  INFO [main] metastore.HMSHandler: Skipping translation for processor with null
2024-04-24T01:11:28,139  INFO [main] HiveMetaStore.audit: ugi=alex	ip=unknown-ip-addr	cmd=get_table : tbl=hive.default.splittable	
2024-04-24T01:11:28,147  INFO [main] metastore.HMSHandler: Skipping translation for processor with null
2024-04-24T01:11:28,149  WARN [main] metadata.Hive: Cannot get a table snapshot for splittable
2024-04-24T01:11:28,149  INFO [main] HiveMetaStore.audit: ugi=alex	ip=unknown-ip-addr	cmd=alter_table: hive.default.splittable newtbl=splittable	
2024-04-24T01:11:28,173  INFO [main] ql.Driver: Starting task [Stage-2:STATS] in serial mode
2024-04-24T01:11:28,173  INFO [main] HiveMetaStore.audit: ugi=alex	ip=unknown-ip-addr	cmd=get_table : tbl=hive.default.splittable	
2024-04-24T01:11:28,181  INFO [main] metastore.HMSHandler: Skipping translation for processor with null
2024-04-24T01:11:28,181  INFO [main] stats.BasicStatsTask: Executing stats task
2024-04-24T01:11:28,181  INFO [main] fs.FSStatsPublisher: created : file:/home/alex/Repositories/hive/ql/target/tmp/localscratchdir/c15739b9-0774-4cf9-8716-2e1fe9b44af5/hive_2024-04-24_01-11-26_598_3551516914855901282-1/-mr-10001
2024-04-24T01:11:28,182  INFO [main] HiveMetaStore.audit: ugi=alex	ip=unknown-ip-addr	cmd=get_table : tbl=hive.default.splittable	
2024-04-24T01:11:28,190  INFO [main] metastore.HMSHandler: Skipping translation for processor with null
2024-04-24T01:11:28,190  INFO [main] FileOperations: Read stats for default.splittable/, numRows, true, 2, false: 
2024-04-24T01:11:28,190  INFO [main] FileOperations: Read stats for default.splittable/, rawDataSize, true, 2, false: 
2024-04-24T01:11:28,191  WARN [main] metadata.Hive: Cannot get a table snapshot for splittable
2024-04-24T01:11:28,191  INFO [main] HiveMetaStore.audit: ugi=alex	ip=unknown-ip-addr	cmd=alter_table: hive.default.splittable newtbl=splittable	
2024-04-24T01:11:28,211  INFO [main] stats.BasicStatsTask: Table default.splittable stats: [numFiles=1, numRows=2, totalSize=4, rawDataSize=2, numFilesErasureCoded=0]
2024-04-24T01:11:28,212  INFO [main] metadata.Hive: Dumping metastore api call timing information for : execution phase
2024-04-24T01:11:28,212  INFO [main] metadata.Hive: Total time spent in each metastore function (ms): {getTable_(GetTableRequest)=33, isCompatibleWith_(Configuration)=0, alter_table_(String, String, String, Table, EnvironmentContext, String)=44}
MapReduce Jobs Launched: 
2024-04-24T01:11:28,212  INFO [main] ql.Driver: MapReduce Jobs Launched: 
Stage-Stage-1:  HDFS Read: 0 HDFS Write: 0 SUCCESS
2024-04-24T01:11:28,212  INFO [main] ql.Driver: Stage-Stage-1:  HDFS Read: 0 HDFS Write: 0 SUCCESS
Total MapReduce CPU Time Spent: 0 msec
2024-04-24T01:11:28,212  INFO [main] ql.Driver: Total MapReduce CPU Time Spent: 0 msec
2024-04-24T01:11:28,212  INFO [main] ql.Driver: Completed executing command(queryId=alex_20240424011126_46935155-3cb2-43f4-b155-17fe5f5c5e8a); Time taken: 1.354 seconds
2024-04-24T01:11:28,212  INFO [main] lockmgr.DbTxnManager: Stopped heartbeat for query: alex_20240424011126_46935155-3cb2-43f4-b155-17fe5f5c5e8a
2024-04-24T01:11:28,217  INFO [main] txn.TxnHandler: Expected to move at least one record from txn_components to completed_txn_components when committing txn! txnid:17
2024-04-24T01:11:28,223  INFO [main] txn.TxnHandler: Removed transactions: ([17]) from MIN_HISTORY_LEVEL
2024-04-24T01:11:28,223  WARN [main] txn.CompactionTxnHandler: No compaction queue record found for Compaction type transaction commit. txnId:17
2024-04-24T01:11:28,224  INFO [main] ql.TxnCommandsBaseForTests: Running the query: create table source (key int, data int)
2024-04-24T01:11:28,224  INFO [main] ql.Context: Deleting scratch dir: file:/home/alex/Repositories/hive/ql/target/tmp/org.apache.hadoop.hive.ql.TestTxnCommands-1713946100941/warehouse/splittable/.hive-staging_hive_2024-04-24_01-11-26_598_3551516914855901282-1
2024-04-24T01:11:28,225  INFO [main] cleanup.SyncCleanupService: Deleted directory: file:/home/alex/Repositories/hive/ql/target/tmp/org.apache.hadoop.hive.ql.TestTxnCommands-1713946100941/warehouse/splittable/.hive-staging_hive_2024-04-24_01-11-26_598_3551516914855901282-1 on fs with scheme file
2024-04-24T01:11:28,225  INFO [main] ql.Context: Deleting scratch dir: file:/home/alex/Repositories/hive/ql/target/tmp/localscratchdir/c15739b9-0774-4cf9-8716-2e1fe9b44af5/hive_2024-04-24_01-11-26_598_3551516914855901282-1
2024-04-24T01:11:28,225  INFO [main] cleanup.SyncCleanupService: Deleted directory: file:/home/alex/Repositories/hive/ql/target/tmp/localscratchdir/c15739b9-0774-4cf9-8716-2e1fe9b44af5/hive_2024-04-24_01-11-26_598_3551516914855901282-1 on fs with scheme file
2024-04-24T01:11:28,226  INFO [main] ql.Driver: Compiling command(queryId=alex_20240424011128_a3ea8568-2def-47c8-9599-deda29f58850): create table source (key int, data int)
2024-04-24T01:11:28,228  INFO [main] txn.TxnHandler: Added entries to MIN_HISTORY_LEVEL for current txns: ([18]) with min_open_txn: 18
2024-04-24T01:11:28,229  INFO [main] lockmgr.DbTxnManager: Opened txnid:18
2024-04-24T01:11:28,229  INFO [main] parse.CalcitePlanner: Starting caching scope for: 
2024-04-24T01:11:28,229  INFO [main] parse.CalcitePlanner: Starting Semantic Analysis
2024-04-24T01:11:28,232  INFO [main] parse.CalcitePlanner: Creating table default.source position=13
2024-04-24T01:11:28,232  INFO [main] HiveMetaStore.audit: ugi=alex	ip=unknown-ip-addr	cmd=get_database: default	
2024-04-24T01:11:28,234  INFO [main] parse.CalcitePlanner: Ending caching scope for: 
2024-04-24T01:11:28,234  INFO [main] ql.Driver: Semantic Analysis Completed (retrial = false)
2024-04-24T01:11:28,234  INFO [main] ql.Driver: Created Hive schema: Schema(fieldSchemas:null, properties:null)
2024-04-24T01:11:28,234  INFO [main] metadata.Hive: Dumping metastore api call timing information for : compilation phase
2024-04-24T01:11:28,234  INFO [main] metadata.Hive: Total time spent in each metastore function (ms): {openTxn_(String, TxnType)=3, getValidWriteIds_(List, String)=3, commitTxn_(CommitTxnRequest)=11, getDatabase_(String)=2, getValidTxns_(long)=0, isCompatibleWith_(Configuration)=0, flushCache_()=0}
2024-04-24T01:11:28,235  INFO [main] ql.Driver: Completed compiling command(queryId=alex_20240424011128_a3ea8568-2def-47c8-9599-deda29f58850); Time taken: 0.008 seconds
2024-04-24T01:11:28,235  INFO [main] lockmgr.DbTxnManager: Setting lock request transaction to txnid:18 for queryId=alex_20240424011128_a3ea8568-2def-47c8-9599-deda29f58850
2024-04-24T01:11:28,235  INFO [main] lockmgr.DbLockManager: Requesting lock for queryId=alex_20240424011128_a3ea8568-2def-47c8-9599-deda29f58850
2024-04-24T01:11:28,250  INFO [main] lockmgr.DbLockManager: Response to queryId=alex_20240424011128_a3ea8568-2def-47c8-9599-deda29f58850 LockResponse(lockid:9, state:ACQUIRED)
2024-04-24T01:11:28,250  INFO [main] ql.Driver: Operation CREATETABLE obtained 1 locks
2024-04-24T01:11:28,250  INFO [main] ql.Driver: Executing command(queryId=alex_20240424011128_a3ea8568-2def-47c8-9599-deda29f58850): create table source (key int, data int)
2024-04-24T01:11:28,250  INFO [main] ql.Driver: Starting task [Stage-0:DDL] in serial mode
2024-04-24T01:11:28,251  INFO [main] HiveMetaStore.audit: ugi=alex	ip=unknown-ip-addr	cmd=create_table_req: Table(tableName:source, dbName:default, owner:alex, createTime:1713946288, lastAccessTime:0, retention:0, sd:StorageDescriptor(cols:[FieldSchema(name:key, type:int, comment:null), FieldSchema(name:data, type:int, comment:null)], location:null, inputFormat:org.apache.hadoop.mapred.TextInputFormat, outputFormat:org.apache.hadoop.hive.ql.io.HiveIgnoreKeyTextOutputFormat, compressed:false, numBuckets:-1, serdeInfo:SerDeInfo(name:null, serializationLib:org.apache.hadoop.hive.serde2.lazy.LazySimpleSerDe, parameters:{serialization.format=1}), bucketCols:[], sortCols:[], parameters:{}, skewedInfo:SkewedInfo(skewedColNames:[], skewedColValues:[], skewedColValueLocationMaps:{}), storedAsSubDirectories:false), partitionKeys:[], parameters:{numRows=0, totalSize=0, numFilesErasureCoded=0, numFiles=0, COLUMN_STATS_ACCURATE={"BASIC_STATS":"true","COLUMN_STATS":{"data":"true","key":"true"}}, rawDataSize=0, bucketing_version=2}, viewOriginalText:null, viewExpandedText:null, tableType:MANAGED_TABLE, privileges:PrincipalPrivilegeSet(userPrivileges:{alex=[PrivilegeGrantInfo(privilege:INSERT, createTime:-1, grantor:alex, grantorType:USER, grantOption:true), PrivilegeGrantInfo(privilege:SELECT, createTime:-1, grantor:alex, grantorType:USER, grantOption:true), PrivilegeGrantInfo(privilege:UPDATE, createTime:-1, grantor:alex, grantorType:USER, grantOption:true), PrivilegeGrantInfo(privilege:DELETE, createTime:-1, grantor:alex, grantorType:USER, grantOption:true)]}, groupPrivileges:null, rolePrivileges:null), temporary:false, catName:hive, ownerType:USER)	
2024-04-24T01:11:28,256  INFO [main] utils.FileUtils: Creating directory if it doesn't exist: file:/home/alex/Repositories/hive/ql/target/tmp/org.apache.hadoop.hive.ql.TestTxnCommands-1713946100941/warehouse/source
2024-04-24T01:11:28,270  INFO [main] metadata.Hive: Dumping metastore api call timing information for : execution phase
2024-04-24T01:11:28,270  INFO [main] metadata.Hive: Total time spent in each metastore function (ms): {isCompatibleWith_(Configuration)=0, createTable_(Table)=19}
2024-04-24T01:11:28,270  INFO [main] ql.Driver: Completed executing command(queryId=alex_20240424011128_a3ea8568-2def-47c8-9599-deda29f58850); Time taken: 0.02 seconds
2024-04-24T01:11:28,270  INFO [main] lockmgr.DbTxnManager: Stopped heartbeat for query: alex_20240424011128_a3ea8568-2def-47c8-9599-deda29f58850
2024-04-24T01:11:28,274  INFO [main] txn.TxnHandler: Expected to move at least one record from txn_components to completed_txn_components when committing txn! txnid:18
2024-04-24T01:11:28,281  INFO [main] txn.TxnHandler: Removed transactions: ([18]) from MIN_HISTORY_LEVEL
2024-04-24T01:11:28,281  WARN [main] txn.CompactionTxnHandler: No compaction queue record found for Compaction type transaction commit. txnId:18
2024-04-24T01:11:28,281  INFO [main] ql.TxnCommandsBaseForTests: Running the query: create table target (key int, data int, cur int) clustered by (key) into 2 buckets stored as orc TBLPROPERTIES ('transactional'='true')
2024-04-24T01:11:28,281  INFO [main] ql.Driver: Compiling command(queryId=alex_20240424011128_5fb2c811-09b7-4a3d-8818-5b52dacbf01e): create table target (key int, data int, cur int) clustered by (key) into 2 buckets stored as orc TBLPROPERTIES ('transactional'='true')
2024-04-24T01:11:28,284  INFO [main] txn.TxnHandler: Added entries to MIN_HISTORY_LEVEL for current txns: ([19]) with min_open_txn: 18
2024-04-24T01:11:28,284  INFO [main] lockmgr.DbTxnManager: Opened txnid:19
2024-04-24T01:11:28,285  INFO [main] parse.CalcitePlanner: Starting caching scope for: 
2024-04-24T01:11:28,285  INFO [main] parse.CalcitePlanner: Starting Semantic Analysis
2024-04-24T01:11:28,288  INFO [main] parse.CalcitePlanner: Creating table default.target position=13
2024-04-24T01:11:28,288  INFO [main] HiveMetaStore.audit: ugi=alex	ip=unknown-ip-addr	cmd=get_database: default	
2024-04-24T01:11:28,290  INFO [main] parse.CalcitePlanner: Ending caching scope for: 
2024-04-24T01:11:28,290  INFO [main] ql.Driver: Semantic Analysis Completed (retrial = false)
2024-04-24T01:11:28,290  INFO [main] ql.Driver: Created Hive schema: Schema(fieldSchemas:null, properties:null)
2024-04-24T01:11:28,290  INFO [main] metadata.Hive: Dumping metastore api call timing information for : compilation phase
2024-04-24T01:11:28,290  INFO [main] metadata.Hive: Total time spent in each metastore function (ms): {openTxn_(String, TxnType)=2, getValidWriteIds_(List, String)=3, getDatabase_(String)=2, isCompatibleWith_(Configuration)=0, getValidTxns_(long)=0, commitTxn_(CommitTxnRequest)=11, flushCache_()=0}
2024-04-24T01:11:28,290  INFO [main] ql.Driver: Completed compiling command(queryId=alex_20240424011128_5fb2c811-09b7-4a3d-8818-5b52dacbf01e); Time taken: 0.009 seconds
2024-04-24T01:11:28,291  INFO [main] lockmgr.DbTxnManager: Setting lock request transaction to txnid:19 for queryId=alex_20240424011128_5fb2c811-09b7-4a3d-8818-5b52dacbf01e
2024-04-24T01:11:28,291  INFO [main] lockmgr.DbLockManager: Requesting lock for queryId=alex_20240424011128_5fb2c811-09b7-4a3d-8818-5b52dacbf01e
2024-04-24T01:11:28,305  INFO [main] lockmgr.DbLockManager: Response to queryId=alex_20240424011128_5fb2c811-09b7-4a3d-8818-5b52dacbf01e LockResponse(lockid:10, state:ACQUIRED)
2024-04-24T01:11:28,306  INFO [main] ql.Driver: Operation CREATETABLE obtained 1 locks
2024-04-24T01:11:28,306  INFO [main] ql.Driver: Executing command(queryId=alex_20240424011128_5fb2c811-09b7-4a3d-8818-5b52dacbf01e): create table target (key int, data int, cur int) clustered by (key) into 2 buckets stored as orc TBLPROPERTIES ('transactional'='true')
2024-04-24T01:11:28,306  INFO [main] ql.Driver: Starting task [Stage-0:DDL] in serial mode
2024-04-24T01:11:28,307  INFO [main] HiveMetaStore.audit: ugi=alex	ip=unknown-ip-addr	cmd=create_table_req: Table(tableName:target, dbName:default, owner:alex, createTime:1713946288, lastAccessTime:0, retention:0, sd:StorageDescriptor(cols:[FieldSchema(name:key, type:int, comment:null), FieldSchema(name:data, type:int, comment:null), FieldSchema(name:cur, type:int, comment:null)], location:null, inputFormat:org.apache.hadoop.hive.ql.io.orc.OrcInputFormat, outputFormat:org.apache.hadoop.hive.ql.io.orc.OrcOutputFormat, compressed:false, numBuckets:2, serdeInfo:SerDeInfo(name:null, serializationLib:org.apache.hadoop.hive.ql.io.orc.OrcSerde, parameters:{serialization.format=1}), bucketCols:[key], sortCols:[], parameters:{}, skewedInfo:SkewedInfo(skewedColNames:[], skewedColValues:[], skewedColValueLocationMaps:{}), storedAsSubDirectories:false), partitionKeys:[], parameters:{COLUMN_STATS_ACCURATE={"BASIC_STATS":"true","COLUMN_STATS":{"cur":"true","data":"true","key":"true"}}, numFiles=0, transactional=true, numRows=0, numFilesErasureCoded=0, rawDataSize=0, totalSize=0, bucketing_version=2}, viewOriginalText:null, viewExpandedText:null, tableType:MANAGED_TABLE, privileges:PrincipalPrivilegeSet(userPrivileges:{alex=[PrivilegeGrantInfo(privilege:INSERT, createTime:-1, grantor:alex, grantorType:USER, grantOption:true), PrivilegeGrantInfo(privilege:SELECT, createTime:-1, grantor:alex, grantorType:USER, grantOption:true), PrivilegeGrantInfo(privilege:UPDATE, createTime:-1, grantor:alex, grantorType:USER, grantOption:true), PrivilegeGrantInfo(privilege:DELETE, createTime:-1, grantor:alex, grantorType:USER, grantOption:true)]}, groupPrivileges:null, rolePrivileges:null), temporary:false, catName:hive, ownerType:USER, writeId:0)	
2024-04-24T01:11:28,312  INFO [main] utils.FileUtils: Creating directory if it doesn't exist: file:/home/alex/Repositories/hive/ql/target/tmp/org.apache.hadoop.hive.ql.TestTxnCommands-1713946100941/warehouse/target
2024-04-24T01:11:28,327  INFO [main] metadata.Hive: Dumping metastore api call timing information for : execution phase
2024-04-24T01:11:28,327  INFO [main] metadata.Hive: Total time spent in each metastore function (ms): {isCompatibleWith_(Configuration)=0, createTable_(Table)=20}
2024-04-24T01:11:28,327  INFO [main] ql.Driver: Completed executing command(queryId=alex_20240424011128_5fb2c811-09b7-4a3d-8818-5b52dacbf01e); Time taken: 0.021 seconds
2024-04-24T01:11:28,328  INFO [main] lockmgr.DbTxnManager: Stopped heartbeat for query: alex_20240424011128_5fb2c811-09b7-4a3d-8818-5b52dacbf01e
2024-04-24T01:11:28,334  INFO [main] txn.TxnHandler: Expected to move at least one record from txn_components to completed_txn_components when committing txn! txnid:19
2024-04-24T01:11:28,341  INFO [main] txn.TxnHandler: Removed transactions: ([19]) from MIN_HISTORY_LEVEL
2024-04-24T01:11:28,341  WARN [main] txn.CompactionTxnHandler: No compaction queue record found for Compaction type transaction commit. txnId:19
2024-04-24T01:11:28,342  INFO [main] ql.TxnCommandsBaseForTests: Running the query: insert into target  values(1,5,1),(2,6,1),(1,18,0)
2024-04-24T01:11:28,342  INFO [main] ql.Driver: Compiling command(queryId=alex_20240424011128_18ad9a80-3d1c-463f-a7d6-cb6d5398b43c): insert into target  values(1,5,1),(2,6,1),(1,18,0)
2024-04-24T01:11:28,344  INFO [main] txn.TxnHandler: Added entries to MIN_HISTORY_LEVEL for current txns: ([20]) with min_open_txn: 18
2024-04-24T01:11:28,345  INFO [main] lockmgr.DbTxnManager: Opened txnid:20
2024-04-24T01:11:28,345  INFO [main] parse.CalcitePlanner: Starting caching scope for: 
2024-04-24T01:11:28,345  INFO [main] parse.CalcitePlanner: Starting Semantic Analysis
2024-04-24T01:11:28,348  INFO [main] HiveMetaStore.audit: ugi=alex	ip=unknown-ip-addr	cmd=get_table : tbl=hive.default.target	
2024-04-24T01:11:28,354  INFO [main] metastore.HMSHandler: Skipping translation for processor with null
2024-04-24T01:11:28,354  INFO [main] parse.CalcitePlanner: Completed phase 1 of Semantic Analysis
2024-04-24T01:11:28,354  INFO [main] parse.CalcitePlanner: Get metadata for source tables
2024-04-24T01:11:28,354  INFO [main] parse.CalcitePlanner: Get metadata for subqueries
2024-04-24T01:11:28,354  INFO [main] parse.CalcitePlanner: Get metadata for destination tables
2024-04-24T01:11:28,354  INFO [main] HiveMetaStore.audit: ugi=alex	ip=unknown-ip-addr	cmd=get_table : tbl=hive.default.target	
2024-04-24T01:11:28,360  INFO [main] metastore.HMSHandler: Skipping translation for processor with null
2024-04-24T01:11:28,360  INFO [main] parse.CalcitePlanner: Completed getting MetaData in Semantic Analysis
2024-04-24T01:11:28,360  INFO [main] parse.CalcitePlanner: Disabling LLAP IO encode as ETL query is detected
2024-04-24T01:11:28,379  INFO [main] HiveMetaStore.audit: ugi=alex	ip=unknown-ip-addr	cmd=get_all_table_constraints : tbl=hive._dummy_database._dummy_table	
2024-04-24T01:11:28,453  INFO [main] parse.CalcitePlanner: Get metadata for source tables
2024-04-24T01:11:28,453  INFO [main] parse.CalcitePlanner: Get metadata for subqueries
2024-04-24T01:11:28,453  INFO [main] parse.CalcitePlanner: Get metadata for source tables
2024-04-24T01:11:28,454  INFO [main] HiveMetaStore.audit: ugi=alex	ip=unknown-ip-addr	cmd=get_table : tbl=hive._dummy_database._dummy_table	
2024-04-24T01:11:28,456  INFO [main] parse.CalcitePlanner: Get metadata for subqueries
2024-04-24T01:11:28,456  INFO [main] parse.CalcitePlanner: Get metadata for destination tables
2024-04-24T01:11:28,456  INFO [main] parse.CalcitePlanner: Get metadata for destination tables
2024-04-24T01:11:28,456  INFO [main] HiveMetaStore.audit: ugi=alex	ip=unknown-ip-addr	cmd=get_table : tbl=hive.default.target	
2024-04-24T01:11:28,465  INFO [main] metastore.HMSHandler: Skipping translation for processor with null
2024-04-24T01:11:28,467  INFO [main] HiveMetaStore.audit: ugi=alex	ip=unknown-ip-addr	cmd=get_not_null_constraints : tbl=hive.default.target	
2024-04-24T01:11:28,468  INFO [main] HiveMetaStore.audit: ugi=alex	ip=unknown-ip-addr	cmd=get_check_constraints : tbl=hive.default.target	
2024-04-24T01:11:28,478  INFO [main] txn.TxnHandler: Allocated writeId: 1 for txnId: 20
2024-04-24T01:11:28,478  INFO [main] txn.TxnHandler: Allocated write ids for dbName=default, tblName=target (txnIds: [20])
2024-04-24T01:11:28,479  INFO [main] parse.CalcitePlanner: CBO Succeeded; optimized logical plan.
2024-04-24T01:11:28,482  INFO [main] optimizer.ColumnPrunerProcFactory: RS 4 oldColExprMap: {VALUE._col0=Column[_col1], VALUE._col1=Column[_col2], KEY.reducesinkkey0=Column[_col0]}
2024-04-24T01:11:28,482  INFO [main] optimizer.ColumnPrunerProcFactory: RS 4 newColExprMap: {VALUE._col0=Column[_col1], VALUE._col1=Column[_col2], KEY.reducesinkkey0=Column[_col0]}
2024-04-24T01:11:28,483  INFO [main] optimizer.BucketVersionPopulator: not considering bucketingVersion for: TS[0] because it has -1<2 buckets 
2024-04-24T01:11:28,483  INFO [main] optimizer.SortedDynPartitionOptimizer: Sorted dynamic partitioning optimization kicked in..
2024-04-24T01:11:28,492  INFO [main] HiveMetaStore.audit: ugi=alex	ip=unknown-ip-addr	cmd=get_table : tbl=hive.default.target	
2024-04-24T01:11:28,499  INFO [main] metastore.HMSHandler: Skipping translation for processor with null
2024-04-24T01:11:28,499  INFO [main] physical.Vectorizer: Examining input format to see if vectorization is enabled.
2024-04-24T01:11:28,499  INFO [main] physical.Vectorizer: Map vectorization enabled: false
2024-04-24T01:11:28,499  INFO [main] physical.Vectorizer: Map vectorized: false
2024-04-24T01:11:28,500  INFO [main] physical.Vectorizer: Map vectorizedVertexNum: 0
2024-04-24T01:11:28,500  INFO [main] physical.Vectorizer: Map enabledConditionsMet: [hive.vectorized.use.vectorized.input.format IS true]
2024-04-24T01:11:28,500  INFO [main] physical.Vectorizer: Map enabledConditionsNotMet: [Could not enable vectorization due to partition column names size 1 is greater than the number of table column names size 0 IS false]
2024-04-24T01:11:28,500  INFO [main] physical.Vectorizer: Map inputFileFormatClassNameSet: [org.apache.hadoop.hive.ql.io.NullRowsInputFormat]
2024-04-24T01:11:28,500  INFO [main] physical.Vectorizer: Reduce vectorization enabled: false
2024-04-24T01:11:28,500  INFO [main] physical.Vectorizer: Reduce vectorized: false
2024-04-24T01:11:28,500  INFO [main] physical.Vectorizer: Reduce vectorizedVertexNum: 1
2024-04-24T01:11:28,500  INFO [main] physical.Vectorizer: Reducer hive.vectorized.execution.reduce.enabled: true
2024-04-24T01:11:28,500  INFO [main] physical.Vectorizer: Reducer engine: mr
2024-04-24T01:11:28,500  INFO [main] parse.CalcitePlanner: Completed plan generation
2024-04-24T01:11:28,500  INFO [main] parse.CalcitePlanner: Ending caching scope for: 
2024-04-24T01:11:28,500  INFO [main] ql.Driver: Semantic Analysis Completed (retrial = false)
2024-04-24T01:11:28,500  INFO [main] ql.Driver: Created Hive schema: Schema(fieldSchemas:[FieldSchema(name:col1, type:int, comment:null), FieldSchema(name:col2, type:int, comment:null), FieldSchema(name:col3, type:int, comment:null)], properties:null)
2024-04-24T01:11:28,500  INFO [main] metadata.Hive: Dumping metastore api call timing information for : compilation phase
2024-04-24T01:11:28,500  INFO [main] metadata.Hive: Total time spent in each metastore function (ms): {openTxn_(String, TxnType)=2, getCheckConstraints_(CheckConstraintsRequest)=1, getValidTxns_(long)=0, getAllTableConstraints_(AllTableConstraintsRequest)=27, getNotNullConstraints_(NotNullConstraintsRequest)=1, getTable_(GetTableRequest)=28, allocateTableWriteId_(long, String, String)=10, isCompatibleWith_(Configuration)=1, commitTxn_(CommitTxnRequest)=14, flushCache_()=0, getValidWriteIds_(List, String)=4}
2024-04-24T01:11:28,500  INFO [main] ql.Driver: Completed compiling command(queryId=alex_20240424011128_18ad9a80-3d1c-463f-a7d6-cb6d5398b43c); Time taken: 0.158 seconds
2024-04-24T01:11:28,500  INFO [main] lockmgr.DbTxnManager: Setting lock request transaction to txnid:20 for queryId=alex_20240424011128_18ad9a80-3d1c-463f-a7d6-cb6d5398b43c
2024-04-24T01:11:28,500  INFO [main] lockmgr.DbLockManager: Requesting lock for queryId=alex_20240424011128_18ad9a80-3d1c-463f-a7d6-cb6d5398b43c
2024-04-24T01:11:28,519  INFO [main] lockmgr.DbLockManager: Response to queryId=alex_20240424011128_18ad9a80-3d1c-463f-a7d6-cb6d5398b43c LockResponse(lockid:11, state:ACQUIRED)
2024-04-24T01:11:28,519  INFO [main] ql.Driver: Operation QUERY obtained 1 locks
2024-04-24T01:11:28,522  INFO [main] ql.Driver: Executing command(queryId=alex_20240424011128_18ad9a80-3d1c-463f-a7d6-cb6d5398b43c): insert into target  values(1,5,1),(2,6,1),(1,18,0)
2024-04-24T01:11:28,523  WARN [main] ql.Driver: Hive-on-MR is deprecated in Hive 2 and may not be available in the future versions. Consider using a different execution engine (i.e. tez, spark) or using Hive 1.X releases.
Query ID = alex_20240424011128_18ad9a80-3d1c-463f-a7d6-cb6d5398b43c
2024-04-24T01:11:28,523  INFO [main] ql.Driver: Query ID = alex_20240424011128_18ad9a80-3d1c-463f-a7d6-cb6d5398b43c
Total jobs = 1
2024-04-24T01:11:28,523  INFO [main] ql.Driver: Total jobs = 1
Launching Job 1 out of 1
2024-04-24T01:11:28,523  INFO [main] ql.Driver: Launching Job 1 out of 1
2024-04-24T01:11:28,652  INFO [main] ql.Driver: Starting task [Stage-1:MAPRED] in serial mode
Number of reduce tasks determined at compile time: 2
2024-04-24T01:11:28,652  INFO [main] exec.Task: Number of reduce tasks determined at compile time: 2
In order to change the average load for a reducer (in bytes):
2024-04-24T01:11:28,652  INFO [main] exec.Task: In order to change the average load for a reducer (in bytes):
  set hive.exec.reducers.bytes.per.reducer=<number>
2024-04-24T01:11:28,652  INFO [main] exec.Task:   set hive.exec.reducers.bytes.per.reducer=<number>
In order to limit the maximum number of reducers:
2024-04-24T01:11:28,652  INFO [main] exec.Task: In order to limit the maximum number of reducers:
  set hive.exec.reducers.max=<number>
2024-04-24T01:11:28,652  INFO [main] exec.Task:   set hive.exec.reducers.max=<number>
In order to set a constant number of reducers:
2024-04-24T01:11:28,652  INFO [main] exec.Task: In order to set a constant number of reducers:
  set mapreduce.job.reduces=<number>
2024-04-24T01:11:28,653  INFO [main] exec.Task:   set mapreduce.job.reduces=<number>
2024-04-24T01:11:28,655  INFO [main] mr.ExecDriver: Using org.apache.hadoop.hive.ql.io.HiveInputFormat
2024-04-24T01:11:28,655  INFO [main] exec.Utilities: Processing alias $hdt$_0:_dummy_table
2024-04-24T01:11:28,655  INFO [main] exec.Utilities: Adding 1 inputs; the first input is file:/home/alex/Repositories/hive/ql/target/tmp/localscratchdir/c15739b9-0774-4cf9-8716-2e1fe9b44af5/hive_2024-04-24_01-11-28_342_6615301814208911367-1/dummy_path
2024-04-24T01:11:28,665  INFO [main] exec.SerializationUtilities: Serializing MapWork using kryo
2024-04-24T01:11:28,666  INFO [main] exec.Utilities: Serialized plan (via FILE) - name: null size: 5,46KB
2024-04-24T01:11:28,670  INFO [main] exec.SerializationUtilities: Serializing ReduceWork using kryo
2024-04-24T01:11:28,671  INFO [main] exec.Utilities: Serialized plan (via FILE) - name: null size: 6,16KB
2024-04-24T01:11:28,672  WARN [main] impl.MetricsSystemImpl: JobTracker metrics system already initialized!
2024-04-24T01:11:28,676  INFO [main] fs.FSStatsPublisher: created : file:/home/alex/Repositories/hive/ql/target/tmp/localscratchdir/c15739b9-0774-4cf9-8716-2e1fe9b44af5/hive_2024-04-24_01-11-28_342_6615301814208911367-1/-mr-10000
2024-04-24T01:11:28,677  WARN [main] impl.MetricsSystemImpl: JobTracker metrics system already initialized!
2024-04-24T01:11:28,684  WARN [main] mapreduce.JobResourceUploader: Hadoop command-line option parsing not performed. Implement the Tool interface and execute your application with ToolRunner to remedy this.
2024-04-24T01:11:28,689  WARN [main] mapreduce.JobResourceUploader: No job jar file set.  User classes may not be found. See Job or Job#setJar(String).
2024-04-24T01:11:28,690  INFO [main] io.HiveInputFormat: hive.io.file.readcolumn.ids = 
2024-04-24T01:11:28,690  INFO [main] io.HiveInputFormat: hive.io.file.readcolumn.names = 
2024-04-24T01:11:28,690  INFO [main] io.HiveInputFormat: Generating splits for dirs: file:/home/alex/Repositories/hive/ql/target/tmp/localscratchdir/c15739b9-0774-4cf9-8716-2e1fe9b44af5/hive_2024-04-24_01-11-28_342_6615301814208911367-1/dummy_path
2024-04-24T01:11:28,690  INFO [main] io.HiveInputFormat: number of splits 1
2024-04-24T01:11:28,709  INFO [main] mapreduce.JobSubmitter: number of splits:1
2024-04-24T01:11:28,777  INFO [main] mapreduce.JobSubmitter: Submitting tokens for job: job_local956292449_0072
2024-04-24T01:11:28,777  INFO [main] mapreduce.JobSubmitter: Executing with tokens: []
2024-04-24T01:11:28,837  INFO [main] mapreduce.Job: The url to track the job: http://localhost:8080/
Job running in-process (local Hadoop)
2024-04-24T01:11:28,837  INFO [main] exec.Task: Job running in-process (local Hadoop)
2024-04-24T01:11:28,838  INFO [Thread-5982] mapred.LocalJobRunner: OutputCommitter set in config org.apache.hadoop.hive.ql.io.HiveFileFormatUtils$NullOutputCommitter
2024-04-24T01:11:28,838  INFO [Thread-5982] mapred.LocalJobRunner: OutputCommitter is org.apache.hadoop.hive.ql.io.HiveFileFormatUtils$NullOutputCommitter
2024-04-24T01:11:28,840  INFO [Thread-5982] mapred.LocalJobRunner: Waiting for map tasks
2024-04-24T01:11:28,840  INFO [LocalJobRunner Map Task Executor #0] mapred.LocalJobRunner: Starting task: attempt_local956292449_0072_m_000000_0
2024-04-24T01:11:28,840  INFO [LocalJobRunner Map Task Executor #0] mapred.Task:  Using ResourceCalculatorProcessTree : [ ]
2024-04-24T01:11:28,841  INFO [LocalJobRunner Map Task Executor #0] mapred.MapTask: Processing split: org.apache.hadoop.hive.ql.io.NullRowsInputFormat:file:/home/alex/Repositories/hive/ql/target/tmp/localscratchdir/c15739b9-0774-4cf9-8716-2e1fe9b44af5/hive_2024-04-24_01-11-28_342_6615301814208911367-1/dummy_path/null:0+1
2024-04-24T01:11:28,842  INFO [LocalJobRunner Map Task Executor #0] exec.SerializationUtilities: Deserializing MapWork using kryo
2024-04-24T01:11:28,842  INFO [LocalJobRunner Map Task Executor #0] exec.Utilities: Deserialized plan (via FILE) - name: null size: 5,46KB
2024-04-24T01:11:28,842  INFO [LocalJobRunner Map Task Executor #0] mapred.MapTask: numReduceTasks: 2
2024-04-24T01:11:28,846  INFO [LocalJobRunner Map Task Executor #0] mapred.MapTask: (EQUATOR) 0 kvi 26214396(104857584)
2024-04-24T01:11:28,846  INFO [LocalJobRunner Map Task Executor #0] mapred.MapTask: mapreduce.task.io.sort.mb: 100
2024-04-24T01:11:28,846  INFO [LocalJobRunner Map Task Executor #0] mapred.MapTask: soft limit at 83886080
2024-04-24T01:11:28,847  INFO [LocalJobRunner Map Task Executor #0] mapred.MapTask: bufstart = 0; bufvoid = 104857600
2024-04-24T01:11:28,847  INFO [LocalJobRunner Map Task Executor #0] mapred.MapTask: kvstart = 26214396; length = 6553600
2024-04-24T01:11:28,847  INFO [LocalJobRunner Map Task Executor #0] mapred.MapTask: Map output collector class = org.apache.hadoop.mapred.MapTask$MapOutputBuffer
2024-04-24T01:11:28,847  INFO [LocalJobRunner Map Task Executor #0] exec.MapOperator: Initializing Operator: MAP[0]
2024-04-24T01:11:28,848  INFO [LocalJobRunner Map Task Executor #0] mr.ExecMapper: 
<MAP>Id =0
  <Children>null
  <\Children>
  <Parent><\Parent>
<\MAP>
2024-04-24T01:11:28,848  INFO [LocalJobRunner Map Task Executor #0] exec.TableScanOperator: Initializing Operator: TS[0]
2024-04-24T01:11:28,848  INFO [LocalJobRunner Map Task Executor #0] exec.SelectOperator: Initializing Operator: SEL[1]
2024-04-24T01:11:28,848  INFO [LocalJobRunner Map Task Executor #0] exec.SelectOperator: SELECT null
2024-04-24T01:11:28,848  INFO [LocalJobRunner Map Task Executor #0] exec.UDTFOperator: Initializing Operator: UDTF[2]
2024-04-24T01:11:28,849  INFO [LocalJobRunner Map Task Executor #0] exec.SelectOperator: Initializing Operator: SEL[3]
2024-04-24T01:11:28,849  INFO [LocalJobRunner Map Task Executor #0] exec.SelectOperator: SELECT struct<col1:int,col2:int,col3:int>
2024-04-24T01:11:28,849  INFO [LocalJobRunner Map Task Executor #0] exec.ReduceSinkOperator: Initializing Operator: RS[4]
2024-04-24T01:11:28,849  INFO [LocalJobRunner Map Task Executor #0] exec.ReduceSinkOperator: Using tag = -1
2024-04-24T01:11:28,849  INFO [LocalJobRunner Map Task Executor #0] exec.ReduceSinkOperator: keys are [reducesinkkey0] num distributions: 1
2024-04-24T01:11:28,849  INFO [LocalJobRunner Map Task Executor #0] exec.ReduceSinkOperator: RS[4]: records written - 1
2024-04-24T01:11:28,849  INFO [LocalJobRunner Map Task Executor #0] exec.MapOperator: MAP[0]: records read - 1
2024-04-24T01:11:28,850  INFO [LocalJobRunner Map Task Executor #0] exec.MapOperator: Closing Operator: MAP[0]
2024-04-24T01:11:28,850  INFO [LocalJobRunner Map Task Executor #0] exec.MapOperator: MAP[0]: Total records read - 3. abort - false
2024-04-24T01:11:28,850  INFO [LocalJobRunner Map Task Executor #0] exec.MapOperator: RECORDS_OUT_INTERMEDIATE:0, RECORDS_OUT_OPERATOR_MAP_0:0, DESERIALIZE_ERRORS:0, RECORDS_IN:3, 
2024-04-24T01:11:28,850  INFO [LocalJobRunner Map Task Executor #0] exec.TableScanOperator: Closing Operator: TS[0]
2024-04-24T01:11:28,850  INFO [LocalJobRunner Map Task Executor #0] exec.TableScanOperator: RECORDS_OUT_OPERATOR_TS_0:1, RECORDS_OUT_INTERMEDIATE:0, 
2024-04-24T01:11:28,850  INFO [LocalJobRunner Map Task Executor #0] exec.SelectOperator: Closing Operator: SEL[1]
2024-04-24T01:11:28,850  INFO [LocalJobRunner Map Task Executor #0] exec.SelectOperator: RECORDS_OUT_INTERMEDIATE:0, RECORDS_OUT_OPERATOR_SEL_1:1, 
2024-04-24T01:11:28,850  INFO [LocalJobRunner Map Task Executor #0] exec.UDTFOperator: Closing Operator: UDTF[2]
2024-04-24T01:11:28,850  INFO [LocalJobRunner Map Task Executor #0] exec.UDTFOperator: RECORDS_OUT_INTERMEDIATE:0, RECORDS_OUT_OPERATOR_UDTF_2:3, 
2024-04-24T01:11:28,850  INFO [LocalJobRunner Map Task Executor #0] exec.SelectOperator: Closing Operator: SEL[3]
2024-04-24T01:11:28,850  INFO [LocalJobRunner Map Task Executor #0] exec.SelectOperator: RECORDS_OUT_INTERMEDIATE:0, RECORDS_OUT_OPERATOR_SEL_3:3, 
2024-04-24T01:11:28,850  INFO [LocalJobRunner Map Task Executor #0] exec.ReduceSinkOperator: Closing Operator: RS[4]
2024-04-24T01:11:28,850  INFO [LocalJobRunner Map Task Executor #0] exec.ReduceSinkOperator: RS[4]: Total records written - 3. abort - false
2024-04-24T01:11:28,850  INFO [LocalJobRunner Map Task Executor #0] exec.ReduceSinkOperator: RECORDS_OUT_OPERATOR_RS_4:3, RECORDS_OUT_INTERMEDIATE:3, 
2024-04-24T01:11:28,850  INFO [LocalJobRunner Map Task Executor #0] mapred.LocalJobRunner: 
2024-04-24T01:11:28,850  INFO [LocalJobRunner Map Task Executor #0] mapred.MapTask: Starting flush of map output
2024-04-24T01:11:28,850  INFO [LocalJobRunner Map Task Executor #0] mapred.MapTask: Spilling map output
2024-04-24T01:11:28,850  INFO [LocalJobRunner Map Task Executor #0] mapred.MapTask: bufstart = 0; bufend = 51; bufvoid = 104857600
2024-04-24T01:11:28,850  INFO [LocalJobRunner Map Task Executor #0] mapred.MapTask: kvstart = 26214396(104857584); kvend = 26214388(104857552); length = 9/6553600
2024-04-24T01:11:28,860  INFO [LocalJobRunner Map Task Executor #0] mapred.MapTask: Finished spill 0
2024-04-24T01:11:28,863  INFO [LocalJobRunner Map Task Executor #0] mapred.Task: Task:attempt_local956292449_0072_m_000000_0 is done. And is in the process of committing
2024-04-24T01:11:28,864  INFO [LocalJobRunner Map Task Executor #0] mapred.LocalJobRunner: map
2024-04-24T01:11:28,864  INFO [LocalJobRunner Map Task Executor #0] mapred.Task: Task 'attempt_local956292449_0072_m_000000_0' done.
2024-04-24T01:11:28,864  INFO [LocalJobRunner Map Task Executor #0] mapred.Task: Final Counters for attempt_local956292449_0072_m_000000_0: Counters: 31
	File System Counters
		FILE: Number of bytes read=1612269
		FILE: Number of bytes written=90335119
		FILE: Number of read operations=0
		FILE: Number of large read operations=0
		FILE: Number of write operations=0
		HDFS: Number of bytes read=0
		HDFS: Number of bytes written=0
		HDFS: Number of read operations=0
		HDFS: Number of large read operations=0
		HDFS: Number of write operations=0
	Map-Reduce Framework
		Map input records=4
		Map output records=3
		Map output bytes=51
		Map output materialized bytes=69
		Input split bytes=361
		Combine input records=0
		Spilled Records=3
		Failed Shuffles=0
		Merged Map outputs=0
		GC time elapsed (ms)=0
		Total committed heap usage (bytes)=2104492032
	HIVE
		DESERIALIZE_ERRORS=0
		RECORDS_IN=3
		RECORDS_OUT_INTERMEDIATE=3
		RECORDS_OUT_OPERATOR_MAP_0=0
		RECORDS_OUT_OPERATOR_RS_4=3
		RECORDS_OUT_OPERATOR_SEL_1=1
		RECORDS_OUT_OPERATOR_SEL_3=3
		RECORDS_OUT_OPERATOR_TS_0=1
		RECORDS_OUT_OPERATOR_UDTF_2=3
	File Input Format Counters 
		Bytes Read=5520
2024-04-24T01:11:28,864  INFO [LocalJobRunner Map Task Executor #0] mapred.LocalJobRunner: Finishing task: attempt_local956292449_0072_m_000000_0
2024-04-24T01:11:28,864  INFO [Thread-5982] mapred.LocalJobRunner: map task executor complete.
2024-04-24T01:11:28,865  INFO [Thread-5982] mapred.LocalJobRunner: Waiting for reduce tasks
2024-04-24T01:11:28,865  INFO [pool-353-thread-1] mapred.LocalJobRunner: Starting task: attempt_local956292449_0072_r_000000_0
2024-04-24T01:11:28,866  INFO [pool-353-thread-1] mapred.Task:  Using ResourceCalculatorProcessTree : [ ]
2024-04-24T01:11:28,866  INFO [pool-353-thread-1] mapred.ReduceTask: Using ShuffleConsumerPlugin: org.apache.hadoop.mapreduce.task.reduce.Shuffle@61a2e662
2024-04-24T01:11:28,866  WARN [pool-353-thread-1] impl.MetricsSystemImpl: JobTracker metrics system already initialized!
2024-04-24T01:11:28,867  INFO [pool-353-thread-1] reduce.MergeManagerImpl: MergerManager: memoryLimit=1473144448, maxSingleShuffleLimit=368286112, mergeThreshold=972275392, ioSortFactor=10, memToMemMergeOutputsThreshold=10
2024-04-24T01:11:28,867  INFO [EventFetcher for fetching Map Completion Events] reduce.EventFetcher: attempt_local956292449_0072_r_000000_0 Thread started: EventFetcher for fetching Map Completion Events
2024-04-24T01:11:28,870  INFO [localfetcher#95] reduce.LocalFetcher: localfetcher#95 about to shuffle output of map attempt_local956292449_0072_m_000000_0 decomp: 21 len: 25 to MEMORY
2024-04-24T01:11:28,870  INFO [localfetcher#95] reduce.InMemoryMapOutput: Read 21 bytes from map-output for attempt_local956292449_0072_m_000000_0
2024-04-24T01:11:28,870  INFO [localfetcher#95] reduce.MergeManagerImpl: closeInMemoryFile -> map-output of size: 21, inMemoryMapOutputs.size() -> 1, commitMemory -> 0, usedMemory ->21
2024-04-24T01:11:28,871  INFO [EventFetcher for fetching Map Completion Events] reduce.EventFetcher: EventFetcher is interrupted.. Returning
2024-04-24T01:11:28,871  INFO [pool-353-thread-1] mapred.LocalJobRunner: 1 / 1 copied.
2024-04-24T01:11:28,871  INFO [pool-353-thread-1] reduce.MergeManagerImpl: finalMerge called with 1 in-memory map-outputs and 0 on-disk map-outputs
2024-04-24T01:11:28,877  INFO [pool-353-thread-1] mapred.Merger: Merging 1 sorted segments
2024-04-24T01:11:28,877  INFO [pool-353-thread-1] mapred.Merger: Down to the last merge-pass, with 1 segments left of total size: 9 bytes
2024-04-24T01:11:28,879  INFO [pool-353-thread-1] reduce.MergeManagerImpl: Merged 1 segments, 21 bytes to disk to satisfy reduce memory limit
2024-04-24T01:11:28,880  INFO [pool-353-thread-1] reduce.MergeManagerImpl: Merging 1 files, 25 bytes from disk
2024-04-24T01:11:28,880  INFO [pool-353-thread-1] reduce.MergeManagerImpl: Merging 0 segments, 0 bytes from memory into reduce
2024-04-24T01:11:28,880  INFO [pool-353-thread-1] mapred.Merger: Merging 1 sorted segments
2024-04-24T01:11:28,880  INFO [pool-353-thread-1] mapred.Merger: Down to the last merge-pass, with 1 segments left of total size: 9 bytes
2024-04-24T01:11:28,880  INFO [pool-353-thread-1] mapred.LocalJobRunner: 1 / 1 copied.
2024-04-24T01:11:28,880  INFO [pool-353-thread-1] exec.SerializationUtilities: Deserializing ReduceWork using kryo
2024-04-24T01:11:28,881  INFO [pool-353-thread-1] exec.Utilities: Deserialized plan (via FILE) - name: null size: 6,16KB
2024-04-24T01:11:28,882  INFO [pool-353-thread-1] ExecReducer: 
<SEL>Id =5
  <Children>
    <FS>Id =6
      <Children>
      <\Children>
      <Parent>Id = 5 null<\Parent>
    <\FS>
  <\Children>
  <Parent><\Parent>
<\SEL>
2024-04-24T01:11:28,882  INFO [pool-353-thread-1] exec.SelectOperator: Initializing Operator: SEL[5]
2024-04-24T01:11:28,882  INFO [pool-353-thread-1] exec.SelectOperator: SELECT struct<key:struct<reducesinkkey0:int>,value:struct<_col0:int,_col1:int>>
2024-04-24T01:11:28,882  INFO [pool-353-thread-1] exec.FileSinkOperator: Initializing Operator: FS[6]
2024-04-24T01:11:28,882  INFO [pool-353-thread-1] exec.FileSinkOperator: Using serializer : AbstractSerDe [log=org.apache.logging.slf4j.Log4jLogger@7c52fdfa, configuration=Optional[Configuration: core-default.xml, core-site.xml, mapred-default.xml, mapred-site.xml, yarn-default.xml, yarn-site.xml, hdfs-default.xml, hdfs-site.xml, file:/home/alex/Repositories/hive/ql/target/tmp/TestTxnCommandsWithSplitUpdateAndVectorization/mapred/local/localRunner/alex/job_local956292449_0072/job_local956292449_0072.xml], properties={transactional_properties=default, name=default.target, transactional=true, columns.types=int:int:int, bucket_field_name=key, columns=key,data,cur, numFilesErasureCoded=0, columns.comments=&amp#0;&amp#0;, bucketing_version=2, bucket_count=2, serialization.lib=org.apache.hadoop.hive.ql.io.orc.OrcSerde, file.inputformat=org.apache.hadoop.hive.ql.io.orc.OrcInputFormat, file.outputformat=org.apache.hadoop.hive.ql.io.orc.OrcOutputFormat, location=file:/home/alex/Repositories/hive/ql/target/tmp/org.apache.hadoop.hive.ql.TestTxnCommands-1713946100941/warehouse/target, column.name.delimiter=,}, tableProperties={transactional_properties=default, name=default.target, transactional=true, columns.types=int:int:int, bucket_field_name=key, columns=key,data,cur, numFilesErasureCoded=0, columns.comments=&amp#0;&amp#0;, bucketing_version=2, bucket_count=2, serialization.lib=org.apache.hadoop.hive.ql.io.orc.OrcSerde, file.inputformat=org.apache.hadoop.hive.ql.io.orc.OrcInputFormat, location=file:/home/alex/Repositories/hive/ql/target/tmp/org.apache.hadoop.hive.ql.TestTxnCommands-1713946100941/warehouse/target, file.outputformat=org.apache.hadoop.hive.ql.io.orc.OrcOutputFormat, column.name.delimiter=,}, partitionProperties=Optional.empty, columnNames=[key, data, cur], columnTypes=[int, int, int], getClass()=class org.apache.hadoop.hive.ql.io.orc.OrcSerde] and formatter : org.apache.hadoop.hive.ql.io.orc.OrcOutputFormat@3bb5d0d9
2024-04-24T01:11:28,883  INFO [pool-353-thread-1] exec.FileSinkOperator: Final Path: FS file:/home/alex/Repositories/hive/ql/target/tmp/org.apache.hadoop.hive.ql.TestTxnCommands-1713946100941/warehouse/target
2024-04-24T01:11:28,883  INFO [pool-353-thread-1] exec.FileSinkOperator: New Final Path: FS file:/home/alex/Repositories/hive/ql/target/tmp/org.apache.hadoop.hive.ql.TestTxnCommands-1713946100941/warehouse/target
2024-04-24T01:11:28,883  INFO [pool-353-thread-1] common.FileUtils: Creating directory if it doesn't exist: file:/home/alex/Repositories/hive/ql/target/tmp/org.apache.hadoop.hive.ql.TestTxnCommands-1713946100941/warehouse
2024-04-24T01:11:28,883  INFO [pool-353-thread-1] exec.FileSinkOperator: FS[6]: records written - 1
2024-04-24T01:11:28,883  INFO [pool-353-thread-1] impl.PhysicalFsWriter: ORC writer created for path: file:/home/alex/Repositories/hive/ql/target/tmp/org.apache.hadoop.hive.ql.TestTxnCommands-1713946100941/warehouse/target/delta_0000001_0000001_0000/bucket_00000_0 with stripeSize: 8388608 blockSize: 268435456 compression: Compress: ZLIB buffer: 32768
2024-04-24T01:11:28,890  INFO [pool-353-thread-1] impl.WriterImpl: ORC writer created for path: file:/home/alex/Repositories/hive/ql/target/tmp/org.apache.hadoop.hive.ql.TestTxnCommands-1713946100941/warehouse/target/delta_0000001_0000001_0000/bucket_00000_0 with stripeSize: 8388608 options: Compress: ZLIB buffer: 32768
2024-04-24T01:11:28,895  INFO [pool-353-thread-1] exec.SelectOperator: Closing Operator: SEL[5]
2024-04-24T01:11:28,895  INFO [pool-353-thread-1] exec.SelectOperator: RECORDS_OUT_INTERMEDIATE:0, RECORDS_OUT_OPERATOR_SEL_5:1, 
2024-04-24T01:11:28,895  INFO [pool-353-thread-1] exec.FileSinkOperator: Closing Operator: FS[6]
2024-04-24T01:11:28,895  INFO [pool-353-thread-1] exec.FileSinkOperator: FS[6]: records written - 1
2024-04-24T01:11:28,897  INFO [pool-353-thread-1] FileOperations: Writing manifest to file:/home/alex/Repositories/hive/ql/target/tmp/org.apache.hadoop.hive.ql.TestTxnCommands-1713946100941/warehouse/target/_tmp.delta_0000001_0000001_0000/000000_0.manifest with [file:/home/alex/Repositories/hive/ql/target/tmp/org.apache.hadoop.hive.ql.TestTxnCommands-1713946100941/warehouse/target/delta_0000001_0000001_0000/bucket_00000_0]
2024-04-24T01:11:28,908  INFO [pool-353-thread-1] exec.FileSinkOperator: RECORDS_OUT_1_default.target:1, RECORDS_OUT_INTERMEDIATE:0, RECORDS_OUT_OPERATOR_FS_6:1, TOTAL_TABLE_ROWS_WRITTEN:1, 
2024-04-24T01:11:28,908  INFO [pool-353-thread-1] mapred.Task: Task:attempt_local956292449_0072_r_000000_0 is done. And is in the process of committing
2024-04-24T01:11:28,909  INFO [pool-353-thread-1] mapred.LocalJobRunner: reduce > reduce
2024-04-24T01:11:28,909  INFO [pool-353-thread-1] mapred.Task: Task 'attempt_local956292449_0072_r_000000_0' done.
2024-04-24T01:11:28,909  INFO [pool-353-thread-1] mapred.Task: Final Counters for attempt_local956292449_0072_r_000000_0: Counters: 35
	File System Counters
		FILE: Number of bytes read=1618645
		FILE: Number of bytes written=90336200
		FILE: Number of read operations=0
		FILE: Number of large read operations=0
		FILE: Number of write operations=0
		HDFS: Number of bytes read=0
		HDFS: Number of bytes written=0
		HDFS: Number of read operations=0
		HDFS: Number of large read operations=0
		HDFS: Number of write operations=0
	Map-Reduce Framework
		Combine input records=0
		Combine output records=0
		Reduce input groups=1
		Reduce shuffle bytes=25
		Reduce input records=1
		Reduce output records=0
		Spilled Records=1
		Shuffled Maps =1
		Failed Shuffles=0
		Merged Map outputs=1
		GC time elapsed (ms)=0
		Total committed heap usage (bytes)=2104492032
	HIVE
		CREATED_FILES=1
		RECORDS_OUT_1_default.target=1
		RECORDS_OUT_INTERMEDIATE=0
		RECORDS_OUT_OPERATOR_FS_6=1
		RECORDS_OUT_OPERATOR_SEL_5=1
		TOTAL_TABLE_ROWS_WRITTEN=1
	Shuffle Errors
		BAD_ID=0
		CONNECTION=0
		IO_ERROR=0
		WRONG_LENGTH=0
		WRONG_MAP=0
		WRONG_REDUCE=0
	File Output Format Counters 
		Bytes Written=0
2024-04-24T01:11:28,909  INFO [pool-353-thread-1] mapred.LocalJobRunner: Finishing task: attempt_local956292449_0072_r_000000_0
2024-04-24T01:11:28,909  INFO [pool-353-thread-1] mapred.LocalJobRunner: Starting task: attempt_local956292449_0072_r_000001_0
2024-04-24T01:11:28,909  INFO [pool-353-thread-1] mapred.Task:  Using ResourceCalculatorProcessTree : [ ]
2024-04-24T01:11:28,909  INFO [pool-353-thread-1] mapred.ReduceTask: Using ShuffleConsumerPlugin: org.apache.hadoop.mapreduce.task.reduce.Shuffle@5c42293f
2024-04-24T01:11:28,910  WARN [pool-353-thread-1] impl.MetricsSystemImpl: JobTracker metrics system already initialized!
2024-04-24T01:11:28,911  INFO [pool-353-thread-1] reduce.MergeManagerImpl: MergerManager: memoryLimit=1473144448, maxSingleShuffleLimit=368286112, mergeThreshold=972275392, ioSortFactor=10, memToMemMergeOutputsThreshold=10
2024-04-24T01:11:28,911  INFO [EventFetcher for fetching Map Completion Events] reduce.EventFetcher: attempt_local956292449_0072_r_000001_0 Thread started: EventFetcher for fetching Map Completion Events
2024-04-24T01:11:28,914  INFO [localfetcher#96] reduce.LocalFetcher: localfetcher#96 about to shuffle output of map attempt_local956292449_0072_m_000000_0 decomp: 40 len: 44 to MEMORY
2024-04-24T01:11:28,914  INFO [localfetcher#96] reduce.InMemoryMapOutput: Read 40 bytes from map-output for attempt_local956292449_0072_m_000000_0
2024-04-24T01:11:28,914  INFO [localfetcher#96] reduce.MergeManagerImpl: closeInMemoryFile -> map-output of size: 40, inMemoryMapOutputs.size() -> 1, commitMemory -> 0, usedMemory ->40
2024-04-24T01:11:28,914  INFO [EventFetcher for fetching Map Completion Events] reduce.EventFetcher: EventFetcher is interrupted.. Returning
2024-04-24T01:11:28,914  INFO [pool-353-thread-1] mapred.LocalJobRunner: 1 / 1 copied.
2024-04-24T01:11:28,915  INFO [pool-353-thread-1] reduce.MergeManagerImpl: finalMerge called with 1 in-memory map-outputs and 0 on-disk map-outputs
2024-04-24T01:11:28,920  INFO [pool-353-thread-1] mapred.Merger: Merging 1 sorted segments
2024-04-24T01:11:28,921  INFO [pool-353-thread-1] mapred.Merger: Down to the last merge-pass, with 1 segments left of total size: 28 bytes
2024-04-24T01:11:28,923  INFO [pool-353-thread-1] reduce.MergeManagerImpl: Merged 1 segments, 40 bytes to disk to satisfy reduce memory limit
2024-04-24T01:11:28,923  INFO [pool-353-thread-1] reduce.MergeManagerImpl: Merging 1 files, 44 bytes from disk
2024-04-24T01:11:28,923  INFO [pool-353-thread-1] reduce.MergeManagerImpl: Merging 0 segments, 0 bytes from memory into reduce
2024-04-24T01:11:28,923  INFO [pool-353-thread-1] mapred.Merger: Merging 1 sorted segments
2024-04-24T01:11:28,923  INFO [pool-353-thread-1] mapred.Merger: Down to the last merge-pass, with 1 segments left of total size: 28 bytes
2024-04-24T01:11:28,924  INFO [pool-353-thread-1] mapred.LocalJobRunner: 1 / 1 copied.
2024-04-24T01:11:28,924  INFO [pool-353-thread-1] exec.SerializationUtilities: Deserializing ReduceWork using kryo
2024-04-24T01:11:28,924  INFO [pool-353-thread-1] exec.Utilities: Deserialized plan (via FILE) - name: null size: 6,16KB
2024-04-24T01:11:28,925  INFO [pool-353-thread-1] ExecReducer: 
<SEL>Id =5
  <Children>
    <FS>Id =6
      <Children>
      <\Children>
      <Parent>Id = 5 null<\Parent>
    <\FS>
  <\Children>
  <Parent><\Parent>
<\SEL>
2024-04-24T01:11:28,925  INFO [pool-353-thread-1] exec.SelectOperator: Initializing Operator: SEL[5]
2024-04-24T01:11:28,925  INFO [pool-353-thread-1] exec.SelectOperator: SELECT struct<key:struct<reducesinkkey0:int>,value:struct<_col0:int,_col1:int>>
2024-04-24T01:11:28,925  INFO [pool-353-thread-1] exec.FileSinkOperator: Initializing Operator: FS[6]
2024-04-24T01:11:28,926  INFO [pool-353-thread-1] exec.FileSinkOperator: Using serializer : AbstractSerDe [log=org.apache.logging.slf4j.Log4jLogger@7c52fdfa, configuration=Optional[Configuration: core-default.xml, core-site.xml, mapred-default.xml, mapred-site.xml, yarn-default.xml, yarn-site.xml, hdfs-default.xml, hdfs-site.xml, file:/home/alex/Repositories/hive/ql/target/tmp/TestTxnCommandsWithSplitUpdateAndVectorization/mapred/local/localRunner/alex/job_local956292449_0072/job_local956292449_0072.xml], properties={transactional_properties=default, name=default.target, transactional=true, columns.types=int:int:int, bucket_field_name=key, columns=key,data,cur, numFilesErasureCoded=0, columns.comments=&amp#0;&amp#0;, bucketing_version=2, bucket_count=2, serialization.lib=org.apache.hadoop.hive.ql.io.orc.OrcSerde, file.inputformat=org.apache.hadoop.hive.ql.io.orc.OrcInputFormat, file.outputformat=org.apache.hadoop.hive.ql.io.orc.OrcOutputFormat, location=file:/home/alex/Repositories/hive/ql/target/tmp/org.apache.hadoop.hive.ql.TestTxnCommands-1713946100941/warehouse/target, column.name.delimiter=,}, tableProperties={transactional_properties=default, name=default.target, transactional=true, columns.types=int:int:int, bucket_field_name=key, columns=key,data,cur, numFilesErasureCoded=0, columns.comments=&amp#0;&amp#0;, bucketing_version=2, bucket_count=2, serialization.lib=org.apache.hadoop.hive.ql.io.orc.OrcSerde, file.inputformat=org.apache.hadoop.hive.ql.io.orc.OrcInputFormat, location=file:/home/alex/Repositories/hive/ql/target/tmp/org.apache.hadoop.hive.ql.TestTxnCommands-1713946100941/warehouse/target, file.outputformat=org.apache.hadoop.hive.ql.io.orc.OrcOutputFormat, column.name.delimiter=,}, partitionProperties=Optional.empty, columnNames=[key, data, cur], columnTypes=[int, int, int], getClass()=class org.apache.hadoop.hive.ql.io.orc.OrcSerde] and formatter : org.apache.hadoop.hive.ql.io.orc.OrcOutputFormat@15498e4f
2024-04-24T01:11:28,926  INFO [pool-353-thread-1] exec.FileSinkOperator: Final Path: FS file:/home/alex/Repositories/hive/ql/target/tmp/org.apache.hadoop.hive.ql.TestTxnCommands-1713946100941/warehouse/target
2024-04-24T01:11:28,926  INFO [pool-353-thread-1] exec.FileSinkOperator: New Final Path: FS file:/home/alex/Repositories/hive/ql/target/tmp/org.apache.hadoop.hive.ql.TestTxnCommands-1713946100941/warehouse/target
2024-04-24T01:11:28,926  INFO [pool-353-thread-1] common.FileUtils: Creating directory if it doesn't exist: file:/home/alex/Repositories/hive/ql/target/tmp/org.apache.hadoop.hive.ql.TestTxnCommands-1713946100941/warehouse
2024-04-24T01:11:28,927  INFO [pool-353-thread-1] exec.FileSinkOperator: FS[6]: records written - 1
2024-04-24T01:11:28,927  INFO [pool-353-thread-1] impl.PhysicalFsWriter: ORC writer created for path: file:/home/alex/Repositories/hive/ql/target/tmp/org.apache.hadoop.hive.ql.TestTxnCommands-1713946100941/warehouse/target/delta_0000001_0000001_0000/bucket_00001_0 with stripeSize: 8388608 blockSize: 268435456 compression: Compress: ZLIB buffer: 32768
2024-04-24T01:11:28,932  INFO [pool-353-thread-1] impl.WriterImpl: ORC writer created for path: file:/home/alex/Repositories/hive/ql/target/tmp/org.apache.hadoop.hive.ql.TestTxnCommands-1713946100941/warehouse/target/delta_0000001_0000001_0000/bucket_00001_0 with stripeSize: 8388608 options: Compress: ZLIB buffer: 32768
2024-04-24T01:11:28,932  INFO [pool-353-thread-1] exec.SelectOperator: Closing Operator: SEL[5]
2024-04-24T01:11:28,932  INFO [pool-353-thread-1] exec.SelectOperator: RECORDS_OUT_OPERATOR_SEL_5:2, RECORDS_OUT_INTERMEDIATE:0, 
2024-04-24T01:11:28,932  INFO [pool-353-thread-1] exec.FileSinkOperator: Closing Operator: FS[6]
2024-04-24T01:11:28,932  INFO [pool-353-thread-1] exec.FileSinkOperator: FS[6]: records written - 2
2024-04-24T01:11:28,934  INFO [pool-353-thread-1] FileOperations: Writing manifest to file:/home/alex/Repositories/hive/ql/target/tmp/org.apache.hadoop.hive.ql.TestTxnCommands-1713946100941/warehouse/target/_tmp.delta_0000001_0000001_0000/000001_0.manifest with [file:/home/alex/Repositories/hive/ql/target/tmp/org.apache.hadoop.hive.ql.TestTxnCommands-1713946100941/warehouse/target/delta_0000001_0000001_0000/bucket_00001_0]
2024-04-24T01:11:28,943  INFO [pool-353-thread-1] exec.FileSinkOperator: RECORDS_OUT_1_default.target:2, TOTAL_TABLE_ROWS_WRITTEN:2, RECORDS_OUT_OPERATOR_FS_6:2, RECORDS_OUT_INTERMEDIATE:0, 
2024-04-24T01:11:28,944  INFO [pool-353-thread-1] mapred.Task: Task:attempt_local956292449_0072_r_000001_0 is done. And is in the process of committing
2024-04-24T01:11:28,944  INFO [pool-353-thread-1] mapred.LocalJobRunner: reduce > reduce
2024-04-24T01:11:28,944  INFO [pool-353-thread-1] mapred.Task: Task 'attempt_local956292449_0072_r_000001_0' done.
2024-04-24T01:11:28,944  INFO [pool-353-thread-1] mapred.Task: Final Counters for attempt_local956292449_0072_r_000001_0: Counters: 35
	File System Counters
		FILE: Number of bytes read=1625015
		FILE: Number of bytes written=90337319
		FILE: Number of read operations=0
		FILE: Number of large read operations=0
		FILE: Number of write operations=0
		HDFS: Number of bytes read=0
		HDFS: Number of bytes written=0
		HDFS: Number of read operations=0
		HDFS: Number of large read operations=0
		HDFS: Number of write operations=0
	Map-Reduce Framework
		Combine input records=0
		Combine output records=0
		Reduce input groups=1
		Reduce shuffle bytes=44
		Reduce input records=2
		Reduce output records=0
		Spilled Records=2
		Shuffled Maps =1
		Failed Shuffles=0
		Merged Map outputs=1
		GC time elapsed (ms)=0
		Total committed heap usage (bytes)=2104492032
	HIVE
		CREATED_FILES=1
		RECORDS_OUT_1_default.target=2
		RECORDS_OUT_INTERMEDIATE=0
		RECORDS_OUT_OPERATOR_FS_6=2
		RECORDS_OUT_OPERATOR_SEL_5=2
		TOTAL_TABLE_ROWS_WRITTEN=2
	Shuffle Errors
		BAD_ID=0
		CONNECTION=0
		IO_ERROR=0
		WRONG_LENGTH=0
		WRONG_MAP=0
		WRONG_REDUCE=0
	File Output Format Counters 
		Bytes Written=0
2024-04-24T01:11:28,944  INFO [pool-353-thread-1] mapred.LocalJobRunner: Finishing task: attempt_local956292449_0072_r_000001_0
2024-04-24T01:11:28,944  INFO [Thread-5982] mapred.LocalJobRunner: reduce task executor complete.
2024-04-24 01:11:29,840 Stage-1 map = 100%,  reduce = 100%
2024-04-24T01:11:29,841  INFO [main] exec.Task: 2024-04-24 01:11:29,840 Stage-1 map = 100%,  reduce = 100%
Ended Job = job_local956292449_0072
2024-04-24T01:11:29,843  INFO [main] exec.Task: Ended Job = job_local956292449_0072
2024-04-24T01:11:29,844  INFO [main] FileOperations: Found manifest file file:/home/alex/Repositories/hive/ql/target/tmp/org.apache.hadoop.hive.ql.TestTxnCommands-1713946100941/warehouse/target/_tmp.delta_0000001_0000001_0000/000000_0.manifest with attemptId 0.
2024-04-24T01:11:29,844  INFO [main] FileOperations: Found manifest file file:/home/alex/Repositories/hive/ql/target/tmp/org.apache.hadoop.hive.ql.TestTxnCommands-1713946100941/warehouse/target/_tmp.delta_0000001_0000001_0000/000001_0.manifest with attemptId 0.
2024-04-24T01:11:29,844  INFO [main] FileOperations: Looking at manifest file: file:/home/alex/Repositories/hive/ql/target/tmp/org.apache.hadoop.hive.ql.TestTxnCommands-1713946100941/warehouse/target/_tmp.delta_0000001_0000001_0000/000000_0.manifest
2024-04-24T01:11:29,844  INFO [main] FileOperations: Looking at manifest file: file:/home/alex/Repositories/hive/ql/target/tmp/org.apache.hadoop.hive.ql.TestTxnCommands-1713946100941/warehouse/target/_tmp.delta_0000001_0000001_0000/000001_0.manifest
2024-04-24T01:11:29,845  INFO [main] FileOperations: Deleting manifest directory file:/home/alex/Repositories/hive/ql/target/tmp/org.apache.hadoop.hive.ql.TestTxnCommands-1713946100941/warehouse/target/_tmp.delta_0000001_0000001_0000
2024-04-24T01:11:29,846  INFO [main] ql.Driver: Starting task [Stage-0:MOVE] in serial mode
Loading data to table default.target
2024-04-24T01:11:29,846  INFO [main] exec.Task: Loading data to table default.target from file:/home/alex/Repositories/hive/ql/target/tmp/org.apache.hadoop.hive.ql.TestTxnCommands-1713946100941/warehouse/target
2024-04-24T01:11:29,846  INFO [main] HiveMetaStore.audit: ugi=alex	ip=unknown-ip-addr	cmd=get_table : tbl=hive.default.target	
2024-04-24T01:11:29,853  INFO [main] metastore.HMSHandler: Skipping translation for processor with null
2024-04-24T01:11:29,853  INFO [main] HiveMetaStore.audit: ugi=alex	ip=unknown-ip-addr	cmd=get_table : tbl=hive.default.target	
2024-04-24T01:11:29,859  INFO [main] metastore.HMSHandler: Skipping translation for processor with null
2024-04-24T01:11:29,860  INFO [main] HiveMetaStore.audit: ugi=alex	ip=unknown-ip-addr	cmd=alter_table: hive.default.target newtbl=target	
2024-04-24T01:11:29,887  INFO [main] ql.Driver: Starting task [Stage-2:STATS] in serial mode
2024-04-24T01:11:29,887  INFO [main] HiveMetaStore.audit: ugi=alex	ip=unknown-ip-addr	cmd=get_table : tbl=hive.default.target	
2024-04-24T01:11:29,893  INFO [main] metastore.HMSHandler: Skipping translation for processor with null
2024-04-24T01:11:29,894  INFO [main] stats.BasicStatsTask: Executing stats task
2024-04-24T01:11:29,894  INFO [main] fs.FSStatsPublisher: created : file:/home/alex/Repositories/hive/ql/target/tmp/localscratchdir/c15739b9-0774-4cf9-8716-2e1fe9b44af5/hive_2024-04-24_01-11-28_342_6615301814208911367-1/-mr-10000
2024-04-24T01:11:29,895  INFO [main] HiveMetaStore.audit: ugi=alex	ip=unknown-ip-addr	cmd=get_table : tbl=hive.default.target	
2024-04-24T01:11:29,901  INFO [main] metastore.HMSHandler: Skipping translation for processor with null
2024-04-24T01:11:29,912  WARN [main] FileOperations: Computing stats for an ACID table; stats may be inaccurate
2024-04-24T01:11:29,912  INFO [main] FileOperations: Read stats for default.target/, numRows, true, 3, false: 
2024-04-24T01:11:29,912  INFO [main] FileOperations: Read stats for default.target/, rawDataSize, true, 0, false: 
2024-04-24T01:11:29,912  INFO [main] HiveMetaStore.audit: ugi=alex	ip=unknown-ip-addr	cmd=alter_table: hive.default.target newtbl=target	
2024-04-24T01:11:29,932  INFO [main] FileOperations: Read stats for default.target/, insertCount, true, 3, false: 
2024-04-24T01:11:29,932  INFO [main] FileOperations: Read stats for default.target/, updateCount, true, 0, false: 
2024-04-24T01:11:29,932  INFO [main] FileOperations: Read stats for default.target/, deleteCount, true, 0, false: 
2024-04-24T01:11:29,934  INFO [main] stats.BasicStatsTask: Table default.target stats: [numFiles=2, numRows=3, totalSize=1460, rawDataSize=0, numFilesErasureCoded=0]
2024-04-24T01:11:29,935  INFO [main] metadata.Hive: Dumping metastore api call timing information for : execution phase
2024-04-24T01:11:29,935  INFO [main] metadata.Hive: Total time spent in each metastore function (ms): {updateTransactionalStatistics_(UpdateTransactionalStatsRequest)=2, getTable_(GetTableRequest)=27, alter_table_(String, String, String, Table, EnvironmentContext, String)=47, isCompatibleWith_(Configuration)=0}
MapReduce Jobs Launched: 
2024-04-24T01:11:29,935  INFO [main] ql.Driver: MapReduce Jobs Launched: 
Stage-Stage-1:  HDFS Read: 0 HDFS Write: 0 SUCCESS
2024-04-24T01:11:29,935  INFO [main] ql.Driver: Stage-Stage-1:  HDFS Read: 0 HDFS Write: 0 SUCCESS
Total MapReduce CPU Time Spent: 0 msec
2024-04-24T01:11:29,935  INFO [main] ql.Driver: Total MapReduce CPU Time Spent: 0 msec
2024-04-24T01:11:29,935  INFO [main] ql.Driver: Completed executing command(queryId=alex_20240424011128_18ad9a80-3d1c-463f-a7d6-cb6d5398b43c); Time taken: 1.413 seconds
2024-04-24T01:11:29,935  INFO [main] lockmgr.DbTxnManager: Stopped heartbeat for query: alex_20240424011128_18ad9a80-3d1c-463f-a7d6-cb6d5398b43c
2024-04-24T01:11:29,946  INFO [main] txn.TxnHandler: Removed transactions: ([20]) from MIN_HISTORY_LEVEL
2024-04-24T01:11:29,947  WARN [main] txn.CompactionTxnHandler: No compaction queue record found for Compaction type transaction commit. txnId:20
2024-04-24T01:11:29,947  INFO [main] ql.TxnCommandsBaseForTests: Running the query: insert into source  values(1,7),(3,8)
2024-04-24T01:11:29,947  INFO [main] ql.Context: Deleting scratch dir: file:/home/alex/Repositories/hive/ql/target/tmp/localscratchdir/c15739b9-0774-4cf9-8716-2e1fe9b44af5/hive_2024-04-24_01-11-28_342_6615301814208911367-1
2024-04-24T01:11:29,948  INFO [main] cleanup.SyncCleanupService: Deleted directory: file:/home/alex/Repositories/hive/ql/target/tmp/localscratchdir/c15739b9-0774-4cf9-8716-2e1fe9b44af5/hive_2024-04-24_01-11-28_342_6615301814208911367-1 on fs with scheme file
2024-04-24T01:11:29,948  INFO [main] ql.Driver: Compiling command(queryId=alex_20240424011129_ccda2517-7e71-4551-832d-9f3cd903d527): insert into source  values(1,7),(3,8)
2024-04-24T01:11:29,951  INFO [main] txn.TxnHandler: Added entries to MIN_HISTORY_LEVEL for current txns: ([21]) with min_open_txn: 21
2024-04-24T01:11:29,951  INFO [main] lockmgr.DbTxnManager: Opened txnid:21
2024-04-24T01:11:29,952  INFO [main] parse.CalcitePlanner: Starting caching scope for: 
2024-04-24T01:11:29,952  INFO [main] parse.CalcitePlanner: Starting Semantic Analysis
2024-04-24T01:11:29,954  INFO [main] HiveMetaStore.audit: ugi=alex	ip=unknown-ip-addr	cmd=get_table : tbl=hive.default.source	
2024-04-24T01:11:29,975  INFO [main] metastore.HMSHandler: Skipping translation for processor with null
2024-04-24T01:11:29,975  INFO [main] parse.CalcitePlanner: Completed phase 1 of Semantic Analysis
2024-04-24T01:11:29,975  INFO [main] parse.CalcitePlanner: Get metadata for source tables
2024-04-24T01:11:29,975  INFO [main] parse.CalcitePlanner: Get metadata for subqueries
2024-04-24T01:11:29,975  INFO [main] parse.CalcitePlanner: Get metadata for destination tables
2024-04-24T01:11:29,976  INFO [main] HiveMetaStore.audit: ugi=alex	ip=unknown-ip-addr	cmd=get_table : tbl=hive.default.source	
2024-04-24T01:11:29,983  INFO [main] metastore.HMSHandler: Skipping translation for processor with null
2024-04-24T01:11:29,983  INFO [main] parse.CalcitePlanner: Completed getting MetaData in Semantic Analysis
2024-04-24T01:11:29,983  INFO [main] parse.CalcitePlanner: Disabling LLAP IO encode as ETL query is detected
2024-04-24T01:11:30,003  INFO [main] HiveMetaStore.audit: ugi=alex	ip=unknown-ip-addr	cmd=get_all_table_constraints : tbl=hive._dummy_database._dummy_table	
2024-04-24T01:11:30,053  INFO [main] parse.CalcitePlanner: Get metadata for source tables
2024-04-24T01:11:30,053  INFO [main] parse.CalcitePlanner: Get metadata for subqueries
2024-04-24T01:11:30,054  INFO [main] parse.CalcitePlanner: Get metadata for source tables
2024-04-24T01:11:30,055  INFO [main] HiveMetaStore.audit: ugi=alex	ip=unknown-ip-addr	cmd=get_table : tbl=hive._dummy_database._dummy_table	
2024-04-24T01:11:30,057  INFO [main] parse.CalcitePlanner: Get metadata for subqueries
2024-04-24T01:11:30,057  INFO [main] parse.CalcitePlanner: Get metadata for destination tables
2024-04-24T01:11:30,057  INFO [main] parse.CalcitePlanner: Get metadata for destination tables
2024-04-24T01:11:30,057  INFO [main] HiveMetaStore.audit: ugi=alex	ip=unknown-ip-addr	cmd=get_table : tbl=hive.default.source	
2024-04-24T01:11:30,064  INFO [main] metastore.HMSHandler: Skipping translation for processor with null
2024-04-24T01:11:30,066  INFO [main] common.FileUtils: Creating directory if it doesn't exist: file:/home/alex/Repositories/hive/ql/target/tmp/org.apache.hadoop.hive.ql.TestTxnCommands-1713946100941/warehouse/source/.hive-staging_hive_2024-04-24_01-11-29_948_4705410280855678080-1
2024-04-24T01:11:30,069  INFO [main] HiveMetaStore.audit: ugi=alex	ip=unknown-ip-addr	cmd=get_not_null_constraints : tbl=hive.default.source	
2024-04-24T01:11:30,071  INFO [main] HiveMetaStore.audit: ugi=alex	ip=unknown-ip-addr	cmd=get_check_constraints : tbl=hive.default.source	
2024-04-24T01:11:30,073  INFO [main] parse.CalcitePlanner: CBO Succeeded; optimized logical plan.
2024-04-24T01:11:30,077  INFO [main] optimizer.BucketVersionPopulator: not considering bucketingVersion for: TS[0] because it has -1<2 buckets 
2024-04-24T01:11:30,077  INFO [main] optimizer.SortedDynPartitionOptimizer: Sorted dynamic partitioning optimization kicked in..
2024-04-24T01:11:30,090  INFO [main] HiveMetaStore.audit: ugi=alex	ip=unknown-ip-addr	cmd=get_table : tbl=hive.default.source	
2024-04-24T01:11:30,104  INFO [main] metastore.HMSHandler: Skipping translation for processor with null
2024-04-24T01:11:30,104  INFO [main] optimizer.GenMRFileSink1: using CombineHiveInputformat for the merge job
2024-04-24T01:11:30,105  INFO [main] HiveMetaStore.audit: ugi=alex	ip=unknown-ip-addr	cmd=get_table : tbl=hive.default.source	
2024-04-24T01:11:30,117  INFO [main] metastore.HMSHandler: Skipping translation for processor with null
2024-04-24T01:11:30,133  INFO [main] physical.Vectorizer: Examining input format to see if vectorization is enabled.
2024-04-24T01:11:30,133  INFO [main] physical.Vectorizer: Map vectorization enabled: false
2024-04-24T01:11:30,133  INFO [main] physical.Vectorizer: Map vectorized: false
2024-04-24T01:11:30,133  INFO [main] physical.Vectorizer: Map vectorizedVertexNum: 0
2024-04-24T01:11:30,133  INFO [main] physical.Vectorizer: Map enabledConditionsMet: [hive.vectorized.use.vectorized.input.format IS true]
2024-04-24T01:11:30,133  INFO [main] physical.Vectorizer: Map enabledConditionsNotMet: [Could not enable vectorization due to partition column names size 1 is greater than the number of table column names size 0 IS false]
2024-04-24T01:11:30,133  INFO [main] physical.Vectorizer: Map inputFileFormatClassNameSet: [org.apache.hadoop.hive.ql.io.NullRowsInputFormat]
2024-04-24T01:11:30,134  INFO [main] parse.CalcitePlanner: Completed plan generation
2024-04-24T01:11:30,134  INFO [main] parse.CalcitePlanner: Ending caching scope for: 
2024-04-24T01:11:30,134  INFO [main] ql.Driver: Semantic Analysis Completed (retrial = false)
2024-04-24T01:11:30,134  INFO [main] ql.Driver: Created Hive schema: Schema(fieldSchemas:[FieldSchema(name:col1, type:int, comment:null), FieldSchema(name:col2, type:int, comment:null)], properties:null)
2024-04-24T01:11:30,134  INFO [main] metadata.Hive: Dumping metastore api call timing information for : compilation phase
2024-04-24T01:11:30,135  INFO [main] metadata.Hive: Total time spent in each metastore function (ms): {getValidTxns_(long)=1, commitTxn_(CommitTxnRequest)=11, getNotNullConstraints_(NotNullConstraintsRequest)=2, openTxn_(String, TxnType)=2, getTable_(GetTableRequest)=61, getAllTableConstraints_(AllTableConstraintsRequest)=6, isCompatibleWith_(Configuration)=2, getValidWriteIds_(List, String)=3, getCheckConstraints_(CheckConstraintsRequest)=1, flushCache_()=0}
2024-04-24T01:11:30,135  INFO [main] ql.Driver: Completed compiling command(queryId=alex_20240424011129_ccda2517-7e71-4551-832d-9f3cd903d527); Time taken: 0.186 seconds
2024-04-24T01:11:30,135  INFO [main] lockmgr.DbTxnManager: Setting lock request transaction to txnid:21 for queryId=alex_20240424011129_ccda2517-7e71-4551-832d-9f3cd903d527
2024-04-24T01:11:30,135  INFO [main] lockmgr.DbLockManager: Requesting lock for queryId=alex_20240424011129_ccda2517-7e71-4551-832d-9f3cd903d527
2024-04-24T01:11:30,150  INFO [main] lockmgr.DbLockManager: Response to queryId=alex_20240424011129_ccda2517-7e71-4551-832d-9f3cd903d527 LockResponse(lockid:12, state:ACQUIRED)
2024-04-24T01:11:30,150  INFO [main] ql.Driver: Operation QUERY obtained 1 locks
2024-04-24T01:11:30,150  INFO [main] ql.Driver: Executing command(queryId=alex_20240424011129_ccda2517-7e71-4551-832d-9f3cd903d527): insert into source  values(1,7),(3,8)
2024-04-24T01:11:30,151  WARN [main] ql.Driver: Hive-on-MR is deprecated in Hive 2 and may not be available in the future versions. Consider using a different execution engine (i.e. tez, spark) or using Hive 1.X releases.
Query ID = alex_20240424011129_ccda2517-7e71-4551-832d-9f3cd903d527
2024-04-24T01:11:30,151  INFO [main] ql.Driver: Query ID = alex_20240424011129_ccda2517-7e71-4551-832d-9f3cd903d527
Total jobs = 3
2024-04-24T01:11:30,151  INFO [main] ql.Driver: Total jobs = 3
Launching Job 1 out of 3
2024-04-24T01:11:30,151  INFO [main] ql.Driver: Launching Job 1 out of 3
2024-04-24T01:11:30,274  INFO [main] ql.Driver: Starting task [Stage-1:MAPRED] in serial mode
Number of reduce tasks is set to 0 since there's no reduce operator
2024-04-24T01:11:30,274  INFO [main] exec.Task: Number of reduce tasks is set to 0 since there's no reduce operator
2024-04-24T01:11:30,276  INFO [main] mr.ExecDriver: Using org.apache.hadoop.hive.ql.io.HiveInputFormat
2024-04-24T01:11:30,277  INFO [main] exec.Utilities: Processing alias $hdt$_0:_dummy_table
2024-04-24T01:11:30,277  INFO [main] exec.Utilities: Adding 1 inputs; the first input is file:/home/alex/Repositories/hive/ql/target/tmp/localscratchdir/c15739b9-0774-4cf9-8716-2e1fe9b44af5/hive_2024-04-24_01-11-29_948_4705410280855678080-1/dummy_path
2024-04-24T01:11:30,285  INFO [main] exec.SerializationUtilities: Serializing MapWork using kryo
2024-04-24T01:11:30,286  INFO [main] exec.Utilities: Serialized plan (via FILE) - name: null size: 5,99KB
2024-04-24T01:11:30,287  WARN [main] impl.MetricsSystemImpl: JobTracker metrics system already initialized!
2024-04-24T01:11:30,290  INFO [main] fs.FSStatsPublisher: created : file:/home/alex/Repositories/hive/ql/target/tmp/localscratchdir/c15739b9-0774-4cf9-8716-2e1fe9b44af5/hive_2024-04-24_01-11-29_948_4705410280855678080-1/-mr-10001
2024-04-24T01:11:30,294  WARN [main] impl.MetricsSystemImpl: JobTracker metrics system already initialized!
2024-04-24T01:11:30,301  WARN [main] mapreduce.JobResourceUploader: Hadoop command-line option parsing not performed. Implement the Tool interface and execute your application with ToolRunner to remedy this.
2024-04-24T01:11:30,305  WARN [main] mapreduce.JobResourceUploader: No job jar file set.  User classes may not be found. See Job or Job#setJar(String).
2024-04-24T01:11:30,306  INFO [main] io.HiveInputFormat: hive.io.file.readcolumn.ids = 
2024-04-24T01:11:30,306  INFO [main] io.HiveInputFormat: hive.io.file.readcolumn.names = 
2024-04-24T01:11:30,306  INFO [main] io.HiveInputFormat: Generating splits for dirs: file:/home/alex/Repositories/hive/ql/target/tmp/localscratchdir/c15739b9-0774-4cf9-8716-2e1fe9b44af5/hive_2024-04-24_01-11-29_948_4705410280855678080-1/dummy_path
2024-04-24T01:11:30,307  INFO [main] io.HiveInputFormat: number of splits 1
2024-04-24T01:11:30,323  INFO [main] mapreduce.JobSubmitter: number of splits:1
2024-04-24T01:11:30,345  INFO [main] mapreduce.JobSubmitter: Submitting tokens for job: job_local1966015619_0073
2024-04-24T01:11:30,345  INFO [main] mapreduce.JobSubmitter: Executing with tokens: []
2024-04-24T01:11:30,429  INFO [main] mapreduce.Job: The url to track the job: http://localhost:8080/
Job running in-process (local Hadoop)
2024-04-24T01:11:30,429  INFO [main] exec.Task: Job running in-process (local Hadoop)
2024-04-24T01:11:30,430  INFO [Thread-6056] mapred.LocalJobRunner: OutputCommitter set in config org.apache.hadoop.hive.ql.io.HiveFileFormatUtils$NullOutputCommitter
2024-04-24T01:11:30,430  INFO [Thread-6056] mapred.LocalJobRunner: OutputCommitter is org.apache.hadoop.hive.ql.io.HiveFileFormatUtils$NullOutputCommitter
2024-04-24T01:11:30,431  INFO [Thread-6056] mapred.LocalJobRunner: Waiting for map tasks
2024-04-24T01:11:30,431  INFO [LocalJobRunner Map Task Executor #0] mapred.LocalJobRunner: Starting task: attempt_local1966015619_0073_m_000000_0
2024-04-24T01:11:30,432  INFO [LocalJobRunner Map Task Executor #0] mapred.Task:  Using ResourceCalculatorProcessTree : [ ]
2024-04-24T01:11:30,432  INFO [LocalJobRunner Map Task Executor #0] mapred.MapTask: Processing split: org.apache.hadoop.hive.ql.io.NullRowsInputFormat:file:/home/alex/Repositories/hive/ql/target/tmp/localscratchdir/c15739b9-0774-4cf9-8716-2e1fe9b44af5/hive_2024-04-24_01-11-29_948_4705410280855678080-1/dummy_path/null:0+1
2024-04-24T01:11:30,433  INFO [LocalJobRunner Map Task Executor #0] exec.SerializationUtilities: Deserializing MapWork using kryo
2024-04-24T01:11:30,433  INFO [LocalJobRunner Map Task Executor #0] exec.Utilities: Deserialized plan (via FILE) - name: null size: 5,99KB
2024-04-24T01:11:30,433  INFO [LocalJobRunner Map Task Executor #0] mapred.MapTask: numReduceTasks: 0
2024-04-24T01:11:30,434  INFO [LocalJobRunner Map Task Executor #0] exec.MapOperator: Initializing Operator: MAP[0]
2024-04-24T01:11:30,434  INFO [LocalJobRunner Map Task Executor #0] mr.ExecMapper: 
<MAP>Id =0
  <Children>null
  <\Children>
  <Parent><\Parent>
<\MAP>
2024-04-24T01:11:30,434  INFO [LocalJobRunner Map Task Executor #0] exec.TableScanOperator: Initializing Operator: TS[0]
2024-04-24T01:11:30,434  INFO [LocalJobRunner Map Task Executor #0] exec.SelectOperator: Initializing Operator: SEL[1]
2024-04-24T01:11:30,435  INFO [LocalJobRunner Map Task Executor #0] exec.SelectOperator: SELECT null
2024-04-24T01:11:30,435  INFO [LocalJobRunner Map Task Executor #0] exec.UDTFOperator: Initializing Operator: UDTF[2]
2024-04-24T01:11:30,435  INFO [LocalJobRunner Map Task Executor #0] exec.SelectOperator: Initializing Operator: SEL[3]
2024-04-24T01:11:30,435  INFO [LocalJobRunner Map Task Executor #0] exec.SelectOperator: SELECT struct<col1:int,col2:int>
2024-04-24T01:11:30,435  INFO [LocalJobRunner Map Task Executor #0] exec.FileSinkOperator: Initializing Operator: FS[4]
2024-04-24T01:11:30,435  INFO [LocalJobRunner Map Task Executor #0] exec.FileSinkOperator: Using serializer : class org.apache.hadoop.hive.serde2.lazy.LazySimpleSerDe [serdeParams=org.apache.hadoop.hive.serde2.lazy.LazySerDeParameters@442ee4fe, cachedObjectInspector=org.apache.hadoop.hive.serde2.lazy.objectinspector.LazySimpleStructObjectInspector<org.apache.hadoop.hive.serde2.lazy.objectinspector.primitive.LazyIntObjectInspector@31a9eaa,org.apache.hadoop.hive.serde2.lazy.objectinspector.primitive.LazyIntObjectInspector@31a9eaa>, serializedSize=0, stats=org.apache.hadoop.hive.serde2.SerDeStats@6fe967fd, lastOperationSerialize=false, lastOperationDeserialize=false [1, 2, 3, 4, 5, 6, 7, 8] : [key, data] : [int, int]] and formatter : org.apache.hadoop.hive.ql.io.HiveIgnoreKeyTextOutputFormat@15be08d8
2024-04-24T01:11:30,435  INFO [LocalJobRunner Map Task Executor #0] exec.FileSinkOperator: Final Path: FS file:/home/alex/Repositories/hive/ql/target/tmp/org.apache.hadoop.hive.ql.TestTxnCommands-1713946100941/warehouse/source/.hive-staging_hive_2024-04-24_01-11-29_948_4705410280855678080-1/_tmp.-ext-10002/000000_0
2024-04-24T01:11:30,435  INFO [LocalJobRunner Map Task Executor #0] exec.FileSinkOperator: Writing to temp file: FS file:/home/alex/Repositories/hive/ql/target/tmp/org.apache.hadoop.hive.ql.TestTxnCommands-1713946100941/warehouse/source/.hive-staging_hive_2024-04-24_01-11-29_948_4705410280855678080-1/_task_tmp.-ext-10002/_tmp.000000_0
2024-04-24T01:11:30,435  INFO [LocalJobRunner Map Task Executor #0] exec.FileSinkOperator: New Final Path: FS file:/home/alex/Repositories/hive/ql/target/tmp/org.apache.hadoop.hive.ql.TestTxnCommands-1713946100941/warehouse/source/.hive-staging_hive_2024-04-24_01-11-29_948_4705410280855678080-1/_tmp.-ext-10002/000000_0
2024-04-24T01:11:30,442  INFO [LocalJobRunner Map Task Executor #0] exec.FileSinkOperator: FS[4]: records written - 1
2024-04-24T01:11:30,442  INFO [LocalJobRunner Map Task Executor #0] exec.MapOperator: MAP[0]: records read - 1
2024-04-24T01:11:30,442  INFO [LocalJobRunner Map Task Executor #0] exec.MapOperator: Closing Operator: MAP[0]
2024-04-24T01:11:30,442  INFO [LocalJobRunner Map Task Executor #0] exec.MapOperator: MAP[0]: Total records read - 3. abort - false
2024-04-24T01:11:30,442  INFO [LocalJobRunner Map Task Executor #0] exec.MapOperator: DESERIALIZE_ERRORS:0, RECORDS_OUT_OPERATOR_MAP_0:0, RECORDS_OUT_INTERMEDIATE:0, RECORDS_IN:3, 
2024-04-24T01:11:30,443  INFO [LocalJobRunner Map Task Executor #0] exec.TableScanOperator: Closing Operator: TS[0]
2024-04-24T01:11:30,443  INFO [LocalJobRunner Map Task Executor #0] exec.TableScanOperator: RECORDS_OUT_OPERATOR_TS_0:1, RECORDS_OUT_INTERMEDIATE:0, 
2024-04-24T01:11:30,443  INFO [LocalJobRunner Map Task Executor #0] exec.SelectOperator: Closing Operator: SEL[1]
2024-04-24T01:11:30,443  INFO [LocalJobRunner Map Task Executor #0] exec.SelectOperator: RECORDS_OUT_OPERATOR_SEL_1:1, RECORDS_OUT_INTERMEDIATE:0, 
2024-04-24T01:11:30,443  INFO [LocalJobRunner Map Task Executor #0] exec.UDTFOperator: Closing Operator: UDTF[2]
2024-04-24T01:11:30,443  INFO [LocalJobRunner Map Task Executor #0] exec.UDTFOperator: RECORDS_OUT_OPERATOR_UDTF_2:2, RECORDS_OUT_INTERMEDIATE:0, 
2024-04-24T01:11:30,443  INFO [LocalJobRunner Map Task Executor #0] exec.SelectOperator: Closing Operator: SEL[3]
2024-04-24T01:11:30,443  INFO [LocalJobRunner Map Task Executor #0] exec.SelectOperator: RECORDS_OUT_OPERATOR_SEL_3:2, RECORDS_OUT_INTERMEDIATE:0, 
2024-04-24T01:11:30,443  INFO [LocalJobRunner Map Task Executor #0] exec.FileSinkOperator: Closing Operator: FS[4]
2024-04-24T01:11:30,443  INFO [LocalJobRunner Map Task Executor #0] exec.FileSinkOperator: FS[4]: records written - 2
2024-04-24T01:11:30,448  INFO [LocalJobRunner Map Task Executor #0] exec.FileSinkOperator: TOTAL_TABLE_ROWS_WRITTEN:2, RECORDS_OUT_INTERMEDIATE:0, RECORDS_OUT_OPERATOR_FS_4:2, RECORDS_OUT_1_default.source:2, 
2024-04-24T01:11:30,449  INFO [LocalJobRunner Map Task Executor #0] mapred.LocalJobRunner: 
2024-04-24T01:11:30,449  INFO [LocalJobRunner Map Task Executor #0] mapred.Task: Task:attempt_local1966015619_0073_m_000000_0 is done. And is in the process of committing
2024-04-24T01:11:30,450  INFO [LocalJobRunner Map Task Executor #0] mapred.LocalJobRunner: map
2024-04-24T01:11:30,450  INFO [LocalJobRunner Map Task Executor #0] mapred.Task: Task 'attempt_local1966015619_0073_m_000000_0' done.
2024-04-24T01:11:30,450  INFO [LocalJobRunner Map Task Executor #0] mapred.Task: Final Counters for attempt_local1966015619_0073_m_000000_0: Counters: 32
	File System Counters
		FILE: Number of bytes read=1632108
		FILE: Number of bytes written=91585264
		FILE: Number of read operations=0
		FILE: Number of large read operations=0
		FILE: Number of write operations=0
		HDFS: Number of bytes read=0
		HDFS: Number of bytes written=0
		HDFS: Number of read operations=0
		HDFS: Number of large read operations=0
		HDFS: Number of write operations=0
	Map-Reduce Framework
		Map input records=4
		Map output records=0
		Input split bytes=361
		Spilled Records=0
		Failed Shuffles=0
		Merged Map outputs=0
		GC time elapsed (ms)=0
		Total committed heap usage (bytes)=2104492032
	HIVE
		CREATED_FILES=1
		DESERIALIZE_ERRORS=0
		RECORDS_IN=3
		RECORDS_OUT_1_default.source=2
		RECORDS_OUT_INTERMEDIATE=0
		RECORDS_OUT_OPERATOR_FS_4=2
		RECORDS_OUT_OPERATOR_MAP_0=0
		RECORDS_OUT_OPERATOR_SEL_1=1
		RECORDS_OUT_OPERATOR_SEL_3=2
		RECORDS_OUT_OPERATOR_TS_0=1
		RECORDS_OUT_OPERATOR_UDTF_2=2
		TOTAL_TABLE_ROWS_WRITTEN=2
	File Input Format Counters 
		Bytes Read=6054
	File Output Format Counters 
		Bytes Written=0
2024-04-24T01:11:30,450  INFO [LocalJobRunner Map Task Executor #0] mapred.LocalJobRunner: Finishing task: attempt_local1966015619_0073_m_000000_0
2024-04-24T01:11:30,450  INFO [Thread-6056] mapred.LocalJobRunner: map task executor complete.
2024-04-24 01:11:31,431 Stage-1 map = 100%,  reduce = 0%
2024-04-24T01:11:31,431  INFO [main] exec.Task: 2024-04-24 01:11:31,431 Stage-1 map = 100%,  reduce = 0%
Ended Job = job_local1966015619_0073
2024-04-24T01:11:31,432  INFO [main] exec.Task: Ended Job = job_local1966015619_0073
2024-04-24T01:11:31,435  INFO [main] ql.Driver: Starting task [Stage-7:CONDITIONAL] in serial mode
Stage-4 is selected by condition resolver.
2024-04-24T01:11:31,435  INFO [main] exec.Task: Stage-4 is selected by condition resolver.
Stage-3 is filtered out by condition resolver.
2024-04-24T01:11:31,435  INFO [main] exec.Task: Stage-3 is filtered out by condition resolver.
Stage-5 is filtered out by condition resolver.
2024-04-24T01:11:31,435  INFO [main] exec.Task: Stage-5 is filtered out by condition resolver.
2024-04-24T01:11:31,435  INFO [main] ql.Driver: Starting task [Stage-4:MOVE] in serial mode
Moving data to directory file:/home/alex/Repositories/hive/ql/target/tmp/org.apache.hadoop.hive.ql.TestTxnCommands-1713946100941/warehouse/source/.hive-staging_hive_2024-04-24_01-11-29_948_4705410280855678080-1/-ext-10000
2024-04-24T01:11:31,435  INFO [main] exec.Task: Moving data to directory file:/home/alex/Repositories/hive/ql/target/tmp/org.apache.hadoop.hive.ql.TestTxnCommands-1713946100941/warehouse/source/.hive-staging_hive_2024-04-24_01-11-29_948_4705410280855678080-1/-ext-10000 from file:/home/alex/Repositories/hive/ql/target/tmp/org.apache.hadoop.hive.ql.TestTxnCommands-1713946100941/warehouse/source/.hive-staging_hive_2024-04-24_01-11-29_948_4705410280855678080-1/-ext-10002
2024-04-24T01:11:31,436  INFO [main] ql.Driver: Starting task [Stage-0:MOVE] in serial mode
Loading data to table default.source
2024-04-24T01:11:31,436  INFO [main] exec.Task: Loading data to table default.source from file:/home/alex/Repositories/hive/ql/target/tmp/org.apache.hadoop.hive.ql.TestTxnCommands-1713946100941/warehouse/source/.hive-staging_hive_2024-04-24_01-11-29_948_4705410280855678080-1/-ext-10000
2024-04-24T01:11:31,436  INFO [main] HiveMetaStore.audit: ugi=alex	ip=unknown-ip-addr	cmd=get_table : tbl=hive.default.source	
2024-04-24T01:11:31,444  INFO [main] metastore.HMSHandler: Skipping translation for processor with null
2024-04-24T01:11:31,444  INFO [main] HiveMetaStore.audit: ugi=alex	ip=unknown-ip-addr	cmd=get_table : tbl=hive.default.source	
2024-04-24T01:11:31,453  INFO [main] metastore.HMSHandler: Skipping translation for processor with null
2024-04-24T01:11:31,455  WARN [main] metadata.Hive: Cannot get a table snapshot for source
2024-04-24T01:11:31,455  INFO [main] HiveMetaStore.audit: ugi=alex	ip=unknown-ip-addr	cmd=alter_table: hive.default.source newtbl=source	
2024-04-24T01:11:31,476  INFO [main] ql.Driver: Starting task [Stage-2:STATS] in serial mode
2024-04-24T01:11:31,477  INFO [main] HiveMetaStore.audit: ugi=alex	ip=unknown-ip-addr	cmd=get_table : tbl=hive.default.source	
2024-04-24T01:11:31,484  INFO [main] metastore.HMSHandler: Skipping translation for processor with null
2024-04-24T01:11:31,484  INFO [main] stats.BasicStatsTask: Executing stats task
2024-04-24T01:11:31,484  INFO [main] fs.FSStatsPublisher: created : file:/home/alex/Repositories/hive/ql/target/tmp/localscratchdir/c15739b9-0774-4cf9-8716-2e1fe9b44af5/hive_2024-04-24_01-11-29_948_4705410280855678080-1/-mr-10001
2024-04-24T01:11:31,485  INFO [main] HiveMetaStore.audit: ugi=alex	ip=unknown-ip-addr	cmd=get_table : tbl=hive.default.source	
2024-04-24T01:11:31,493  INFO [main] metastore.HMSHandler: Skipping translation for processor with null
2024-04-24T01:11:31,494  INFO [main] FileOperations: Read stats for default.source/, numRows, true, 2, false: 
2024-04-24T01:11:31,494  INFO [main] FileOperations: Read stats for default.source/, rawDataSize, true, 6, false: 
2024-04-24T01:11:31,495  WARN [main] metadata.Hive: Cannot get a table snapshot for source
2024-04-24T01:11:31,495  INFO [main] HiveMetaStore.audit: ugi=alex	ip=unknown-ip-addr	cmd=alter_table: hive.default.source newtbl=source	
2024-04-24T01:11:31,515  INFO [main] stats.BasicStatsTask: Table default.source stats: [numFiles=1, numRows=2, totalSize=8, rawDataSize=6, numFilesErasureCoded=0]
2024-04-24T01:11:31,516  INFO [main] metadata.Hive: Dumping metastore api call timing information for : execution phase
2024-04-24T01:11:31,516  INFO [main] metadata.Hive: Total time spent in each metastore function (ms): {isCompatibleWith_(Configuration)=1, getTable_(GetTableRequest)=32, alter_table_(String, String, String, Table, EnvironmentContext, String)=41}
MapReduce Jobs Launched: 
2024-04-24T01:11:31,516  INFO [main] ql.Driver: MapReduce Jobs Launched: 
Stage-Stage-1:  HDFS Read: 0 HDFS Write: 0 SUCCESS
2024-04-24T01:11:31,516  INFO [main] ql.Driver: Stage-Stage-1:  HDFS Read: 0 HDFS Write: 0 SUCCESS
Total MapReduce CPU Time Spent: 0 msec
2024-04-24T01:11:31,516  INFO [main] ql.Driver: Total MapReduce CPU Time Spent: 0 msec
2024-04-24T01:11:31,516  INFO [main] ql.Driver: Completed executing command(queryId=alex_20240424011129_ccda2517-7e71-4551-832d-9f3cd903d527); Time taken: 1.366 seconds
2024-04-24T01:11:31,516  INFO [main] lockmgr.DbTxnManager: Stopped heartbeat for query: alex_20240424011129_ccda2517-7e71-4551-832d-9f3cd903d527
2024-04-24T01:11:31,520  INFO [main] txn.TxnHandler: Expected to move at least one record from txn_components to completed_txn_components when committing txn! txnid:21
2024-04-24T01:11:31,527  INFO [main] txn.TxnHandler: Removed transactions: ([21]) from MIN_HISTORY_LEVEL
2024-04-24T01:11:31,527  WARN [main] txn.CompactionTxnHandler: No compaction queue record found for Compaction type transaction commit. txnId:21
2024-04-24T01:11:31,528  INFO [main] ql.TxnCommandsBaseForTests: Running the query: merge into target t using (select curMatch.*, case when splitTable.op is null or splitTable.op = 0 then 0 else 1 end `o/p\n` from (select s.*, case when t.cur is null then 0 else 1 end m from source s left outer join (select * from target where target.cur=1) t on s.key=t.key) curMatch left outer join splitTable on curMatch.m=1) s on t.key=s.key and t.cur=1 and s.`o/p\n`=1 when matched then update set cur=0 when not matched then insert values(s.key,s.data,1)
2024-04-24T01:11:31,528  INFO [main] ql.Context: Deleting scratch dir: file:/home/alex/Repositories/hive/ql/target/tmp/localscratchdir/c15739b9-0774-4cf9-8716-2e1fe9b44af5/hive_2024-04-24_01-11-29_948_4705410280855678080-1
2024-04-24T01:11:31,529  INFO [main] cleanup.SyncCleanupService: Deleted directory: file:/home/alex/Repositories/hive/ql/target/tmp/localscratchdir/c15739b9-0774-4cf9-8716-2e1fe9b44af5/hive_2024-04-24_01-11-29_948_4705410280855678080-1 on fs with scheme file
2024-04-24T01:11:31,529  INFO [main] ql.Context: Deleting scratch dir: file:/home/alex/Repositories/hive/ql/target/tmp/org.apache.hadoop.hive.ql.TestTxnCommands-1713946100941/warehouse/source/.hive-staging_hive_2024-04-24_01-11-29_948_4705410280855678080-1
2024-04-24T01:11:31,529  INFO [main] cleanup.SyncCleanupService: Deleted directory: file:/home/alex/Repositories/hive/ql/target/tmp/org.apache.hadoop.hive.ql.TestTxnCommands-1713946100941/warehouse/source/.hive-staging_hive_2024-04-24_01-11-29_948_4705410280855678080-1 on fs with scheme file
2024-04-24T01:11:31,529  INFO [main] ql.Driver: Compiling command(queryId=alex_20240424011131_b9e5375f-4af8-49c0-8bf4-55f0194a395d): merge into target t using (select curMatch.*, case when splitTable.op is null or splitTable.op = 0 then 0 else 1 end `o/p\n` from (select s.*, case when t.cur is null then 0 else 1 end m from source s left outer join (select * from target where target.cur=1) t on s.key=t.key) curMatch left outer join splitTable on curMatch.m=1) s on t.key=s.key and t.cur=1 and s.`o/p\n`=1 when matched then update set cur=0 when not matched then insert values(s.key,s.data,1)
2024-04-24T01:11:31,533  INFO [main] txn.TxnHandler: Added entries to MIN_HISTORY_LEVEL for current txns: ([22]) with min_open_txn: 22
2024-04-24T01:11:31,533  INFO [main] lockmgr.DbTxnManager: Opened txnid:22
2024-04-24T01:11:31,534  INFO [main] parse.MergeSemanticAnalyzer: Starting caching scope for: 
2024-04-24T01:11:31,534  INFO [main] HiveMetaStore.audit: ugi=alex	ip=unknown-ip-addr	cmd=get_table : tbl=hive.default.target	
2024-04-24T01:11:31,541  INFO [main] metastore.HMSHandler: Skipping translation for processor with null
2024-04-24T01:11:31,543  INFO [main] HiveMetaStore.audit: ugi=alex	ip=unknown-ip-addr	cmd=get_table : tbl=hive.default.merge_tmp_table	
2024-04-24T01:11:31,546  INFO [main] utils.FileUtils: Creating directory if it doesn't exist: file:/home/alex/Repositories/hive/ql/target/tmp/scratchdir/alex/c15739b9-0774-4cf9-8716-2e1fe9b44af5/_tmp_space.db/merge_tmp_table
2024-04-24T01:11:31,549  INFO [main] parse.RewriteSemanticAnalyzer: Going to reparse <merge into target t using (select curMatch.*, case when splitTable.op is null or splitTable.op = 0 then 0 else 1 end `o/p\n` from (select s.*, case when t.cur is null then 0 else 1 end m from source s left outer join (select * from target where target.cur=1) t on s.key=t.key) curMatch left outer join splitTable on curMatch.m=1) s on t.key=s.key and t.cur=1 and s.`o/p\n`=1 when matched then update set cur=0 when not matched then insert values(s.key,s.data,1)> as 
<FROM
  `default`.`target` `t`
  RIGHT OUTER JOIN
  (select `curMatch`.*, case when `splitTable`.`op` is null or `splitTable`.`op` = 0 then 0 else 1 end `o/p\n` from (select `s`.*, case when `t`.`cur` is null then 0 else 1 end `m` from `source` `s` left outer join (select * from `target` where `target`.`cur`=1) `t` on `s`.`key`=`t`.`key`) `curMatch` left outer join `splitTable` on `curMatch`.`m`=1) `s`
  ON `t`.`key`=`s`.`key` and `t`.`cur`=1 and `s`.`o/p\n`=1
INSERT INTO `default`.`target`    -- update clause(insert part)
 SELECT `t`.`key`, `t`.`data`, 0
   WHERE `t`.`key`=`s`.`key` and `t`.`cur`=1 and `s`.`o/p\n`=1
INSERT INTO `default`.`target`    -- update clause (delete part)
 SELECT `t`.ROW__ID 
   WHERE `t`.`key`=`s`.`key` and `t`.`cur`=1 and `s`.`o/p\n`=1
 SORT BY `t`.ROW__ID 
INSERT INTO `default`.`target`    -- insert clause
  SELECT `s`.`key`,`s`.`data`,1
   WHERE `t`.`key` IS NULL AND `t`.`cur` IS NULL
INSERT INTO merge_tmp_table
  SELECT cardinality_violation(`t`.ROW__ID)
 WHERE `t`.`key`=`s`.`key` and `t`.`cur`=1 and `s`.`o/p\n`=1 GROUP BY `t`.ROW__ID HAVING count(*) > 1>
2024-04-24T01:11:31,550  INFO [main] parse.MergeSemanticAnalyzer: Starting Semantic Analysis
2024-04-24T01:11:31,554  INFO [main] parse.MergeSemanticAnalyzer: Completed phase 1 of Semantic Analysis
2024-04-24T01:11:31,554  INFO [main] parse.MergeSemanticAnalyzer: Get metadata for source tables
2024-04-24T01:11:31,555  INFO [main] HiveMetaStore.audit: ugi=alex	ip=unknown-ip-addr	cmd=get_table : tbl=hive.default.target	
2024-04-24T01:11:31,561  INFO [main] metastore.HMSHandler: Skipping translation for processor with null
2024-04-24T01:11:31,561  INFO [main] parse.MergeSemanticAnalyzer: Get metadata for subqueries
2024-04-24T01:11:31,561  INFO [main] parse.MergeSemanticAnalyzer: Get metadata for source tables
2024-04-24T01:11:31,562  INFO [main] HiveMetaStore.audit: ugi=alex	ip=unknown-ip-addr	cmd=get_table : tbl=hive.default.splittable	
2024-04-24T01:11:31,569  INFO [main] metastore.HMSHandler: Skipping translation for processor with null
2024-04-24T01:11:31,570  INFO [main] parse.MergeSemanticAnalyzer: Get metadata for subqueries
2024-04-24T01:11:31,570  INFO [main] parse.MergeSemanticAnalyzer: Get metadata for source tables
2024-04-24T01:11:31,570  INFO [main] HiveMetaStore.audit: ugi=alex	ip=unknown-ip-addr	cmd=get_table : tbl=hive.default.source	
2024-04-24T01:11:31,579  INFO [main] metastore.HMSHandler: Skipping translation for processor with null
2024-04-24T01:11:31,579  INFO [main] parse.MergeSemanticAnalyzer: Get metadata for subqueries
2024-04-24T01:11:31,579  INFO [main] parse.MergeSemanticAnalyzer: Get metadata for source tables
2024-04-24T01:11:31,579  INFO [main] parse.MergeSemanticAnalyzer: Get metadata for subqueries
2024-04-24T01:11:31,579  INFO [main] parse.MergeSemanticAnalyzer: Get metadata for destination tables
2024-04-24T01:11:31,579  INFO [main] parse.MergeSemanticAnalyzer: Get metadata for destination tables
2024-04-24T01:11:31,579  INFO [main] parse.MergeSemanticAnalyzer: Get metadata for destination tables
2024-04-24T01:11:31,579  INFO [main] parse.MergeSemanticAnalyzer: Get metadata for destination tables
2024-04-24T01:11:31,579  INFO [main] HiveMetaStore.audit: ugi=alex	ip=unknown-ip-addr	cmd=get_table : tbl=hive.default.target	
2024-04-24T01:11:31,585  INFO [main] metastore.HMSHandler: Skipping translation for processor with null
2024-04-24T01:11:31,585  INFO [main] HiveMetaStore.audit: ugi=alex	ip=unknown-ip-addr	cmd=get_table : tbl=hive.default.target	
2024-04-24T01:11:31,592  INFO [main] metastore.HMSHandler: Skipping translation for processor with null
2024-04-24T01:11:31,592  INFO [main] HiveMetaStore.audit: ugi=alex	ip=unknown-ip-addr	cmd=get_table : tbl=hive.default.target	
2024-04-24T01:11:31,598  INFO [main] metastore.HMSHandler: Skipping translation for processor with null
2024-04-24T01:11:31,598  INFO [main] parse.MergeSemanticAnalyzer: Completed getting MetaData in Semantic Analysis
2024-04-24T01:11:31,598  INFO [main] parse.MergeSemanticAnalyzer: Disabling LLAP IO encode as ETL query is detected
2024-04-24T01:11:31,600  INFO [main] parse.MergeSemanticAnalyzer: Get metadata for source tables
2024-04-24T01:11:31,600  INFO [main] parse.MergeSemanticAnalyzer: Get metadata for subqueries
2024-04-24T01:11:31,600  INFO [main] parse.MergeSemanticAnalyzer: Get metadata for source tables
2024-04-24T01:11:31,600  INFO [main] parse.MergeSemanticAnalyzer: Get metadata for subqueries
2024-04-24T01:11:31,600  INFO [main] parse.MergeSemanticAnalyzer: Get metadata for source tables
2024-04-24T01:11:31,600  INFO [main] parse.MergeSemanticAnalyzer: Get metadata for subqueries
2024-04-24T01:11:31,600  INFO [main] parse.MergeSemanticAnalyzer: Get metadata for source tables
2024-04-24T01:11:31,601  INFO [main] parse.MergeSemanticAnalyzer: Get metadata for subqueries
2024-04-24T01:11:31,601  INFO [main] parse.MergeSemanticAnalyzer: Get metadata for destination tables
2024-04-24T01:11:31,601  INFO [main] parse.MergeSemanticAnalyzer: Get metadata for destination tables
2024-04-24T01:11:31,601  INFO [main] parse.MergeSemanticAnalyzer: Get metadata for destination tables
2024-04-24T01:11:31,601  INFO [main] parse.MergeSemanticAnalyzer: Get metadata for destination tables
2024-04-24T01:11:31,612  INFO [main] HiveMetaStore.audit: ugi=alex	ip=unknown-ip-addr	cmd=get_all_table_constraints : tbl=hive.default.target	
2024-04-24T01:11:31,619  INFO [main] HiveMetaStore.audit: ugi=alex	ip=unknown-ip-addr	cmd=get_all_table_constraints : tbl=hive.default.source	
2024-04-24T01:11:31,627  INFO [main] HiveMetaStore.audit: ugi=alex	ip=unknown-ip-addr	cmd=get_all_table_constraints : tbl=hive.default.splittable	
2024-04-24T01:11:31,635  INFO [main] HiveMetaStore.audit: ugi=alex	ip=unknown-ip-addr	cmd=get_all_table_constraints : tbl=hive.default.target	
2024-04-24T01:11:31,730  INFO [main] calcite.RelOptHiveTable: Calculating column statistics for default.target, projIndxSet: [0, 1, 2], allowMissingStats: true
2024-04-24T01:11:31,731  INFO [main] HiveMetaStore.audit: ugi=alex	ip=unknown-ip-addr	cmd=get_table : tbl=hive.default.target	
2024-04-24T01:11:31,739  INFO [main] metastore.HMSHandler: Skipping translation for processor with null
2024-04-24T01:11:31,740  INFO [main] HiveMetaStore.audit: ugi=alex	ip=unknown-ip-addr	cmd=get_table : tbl=hive.default.target	
2024-04-24T01:11:31,747  INFO [main] metastore.HMSHandler: Skipping translation for processor with null
2024-04-24T01:11:31,748  INFO [main] HiveMetaStore.audit: ugi=alex	ip=unknown-ip-addr	cmd=get_table_statistics_req: table=hive.default.target	
2024-04-24T01:11:31,758  WARN [main] calcite.RelOptHiveTable: No Stats for default@target, Columns: cur, data, key
No Stats for default@target, Columns: cur, data, key
2024-04-24T01:11:31,758  INFO [main] SessionState: No Stats for default@target, Columns: cur, data, key
2024-04-24T01:11:31,759  INFO [main] calcite.RelOptHiveTable: Calculating column statistics for default.source, projIndxSet: [0, 1], allowMissingStats: true
2024-04-24T01:11:31,759  INFO [main] HiveMetaStore.audit: ugi=alex	ip=unknown-ip-addr	cmd=get_table : tbl=hive.default.source	
2024-04-24T01:11:31,774  INFO [main] metastore.HMSHandler: Skipping translation for processor with null
2024-04-24T01:11:31,774  INFO [main] HiveMetaStore.audit: ugi=alex	ip=unknown-ip-addr	cmd=get_table : tbl=hive.default.source	
2024-04-24T01:11:31,786  INFO [main] metastore.HMSHandler: Skipping translation for processor with null
2024-04-24T01:11:31,786  INFO [main] HiveMetaStore.audit: ugi=alex	ip=unknown-ip-addr	cmd=get_table_statistics_req: table=hive.default.source	
2024-04-24T01:11:31,801  WARN [main] calcite.RelOptHiveTable: No Stats for default@source, Columns: data, key
No Stats for default@source, Columns: data, key
2024-04-24T01:11:31,801  INFO [main] SessionState: No Stats for default@source, Columns: data, key
2024-04-24T01:11:31,801  INFO [main] calcite.RelOptHiveTable: Calculating column statistics for default.target, projIndxSet: [0, 2], allowMissingStats: true
2024-04-24T01:11:31,802  WARN [main] calcite.RelOptHiveTable: No Stats for default@target, Columns: cur, key
No Stats for default@target, Columns: cur, key
2024-04-24T01:11:31,802  INFO [main] SessionState: No Stats for default@target, Columns: cur, key
2024-04-24T01:11:31,804  INFO [main] calcite.RelOptHiveTable: Calculating column statistics for default.splittable, projIndxSet: [0], allowMissingStats: true
2024-04-24T01:11:31,805  INFO [main] HiveMetaStore.audit: ugi=alex	ip=unknown-ip-addr	cmd=get_table : tbl=hive.default.splittable	
2024-04-24T01:11:31,816  INFO [main] metastore.HMSHandler: Skipping translation for processor with null
2024-04-24T01:11:31,816  INFO [main] HiveMetaStore.audit: ugi=alex	ip=unknown-ip-addr	cmd=get_table : tbl=hive.default.splittable	
2024-04-24T01:11:31,828  INFO [main] metastore.HMSHandler: Skipping translation for processor with null
2024-04-24T01:11:31,828  INFO [main] HiveMetaStore.audit: ugi=alex	ip=unknown-ip-addr	cmd=get_table_statistics_req: table=hive.default.splittable	
2024-04-24T01:11:31,841  WARN [main] calcite.RelOptHiveTable: No Stats for default@splittable, Columns: op
No Stats for default@splittable, Columns: op
2024-04-24T01:11:31,841  INFO [main] SessionState: No Stats for default@splittable, Columns: op
2024-04-24T01:11:32,137  INFO [main] parse.MergeSemanticAnalyzer: Get metadata for source tables
2024-04-24T01:11:32,138  INFO [main] parse.MergeSemanticAnalyzer: Get metadata for subqueries
2024-04-24T01:11:32,138  INFO [main] parse.MergeSemanticAnalyzer: Get metadata for source tables
2024-04-24T01:11:32,138  INFO [main] parse.MergeSemanticAnalyzer: Get metadata for subqueries
2024-04-24T01:11:32,138  INFO [main] parse.MergeSemanticAnalyzer: Get metadata for source tables
2024-04-24T01:11:32,138  INFO [main] parse.MergeSemanticAnalyzer: Get metadata for subqueries
2024-04-24T01:11:32,138  INFO [main] parse.MergeSemanticAnalyzer: Get metadata for destination tables
2024-04-24T01:11:32,138  INFO [main] parse.MergeSemanticAnalyzer: Get metadata for source tables
2024-04-24T01:11:32,138  INFO [main] parse.MergeSemanticAnalyzer: Get metadata for subqueries
2024-04-24T01:11:32,138  INFO [main] parse.MergeSemanticAnalyzer: Get metadata for destination tables
2024-04-24T01:11:32,138  INFO [main] parse.MergeSemanticAnalyzer: Get metadata for source tables
2024-04-24T01:11:32,138  INFO [main] parse.MergeSemanticAnalyzer: Get metadata for subqueries
2024-04-24T01:11:32,138  INFO [main] parse.MergeSemanticAnalyzer: Get metadata for destination tables
2024-04-24T01:11:32,138  INFO [main] parse.MergeSemanticAnalyzer: Get metadata for source tables
2024-04-24T01:11:32,139  INFO [main] parse.MergeSemanticAnalyzer: Get metadata for subqueries
2024-04-24T01:11:32,139  INFO [main] parse.MergeSemanticAnalyzer: Get metadata for destination tables
2024-04-24T01:11:32,139  INFO [main] parse.MergeSemanticAnalyzer: Get metadata for destination tables
2024-04-24T01:11:32,139  INFO [main] parse.MergeSemanticAnalyzer: Get metadata for destination tables
2024-04-24T01:11:32,139  INFO [main] HiveMetaStore.audit: ugi=alex	ip=unknown-ip-addr	cmd=get_table : tbl=hive.default.target	
2024-04-24T01:11:32,146  INFO [main] metastore.HMSHandler: Skipping translation for processor with null
2024-04-24T01:11:32,146  INFO [main] HiveMetaStore.audit: ugi=alex	ip=unknown-ip-addr	cmd=get_table : tbl=hive.default.target	
2024-04-24T01:11:32,153  INFO [main] metastore.HMSHandler: Skipping translation for processor with null
2024-04-24T01:11:32,153  INFO [main] HiveMetaStore.audit: ugi=alex	ip=unknown-ip-addr	cmd=get_table : tbl=hive.default.target	
2024-04-24T01:11:32,160  INFO [main] metastore.HMSHandler: Skipping translation for processor with null
2024-04-24T01:11:32,171 ERROR [main] parse.MergeSemanticAnalyzer: CBO failed, skipping CBO. 
org.apache.hadoop.hive.ql.exec.NoMatchingMethodException: No matching method for class org.apache.hadoop.hive.ql.udf.UDFToInteger with (struct<writeid:bigint,bucketid:int,rowid:bigint>). Possible choices: _FUNC_(bigint)  _FUNC_(boolean)  _FUNC_(decimal(38,18))  _FUNC_(double)  _FUNC_(float)  _FUNC_(smallint)  _FUNC_(string)  _FUNC_(struct<rowid:bigint,writeid:bigint,bucketid:int>)  _FUNC_(timestamp)  _FUNC_(tinyint)  _FUNC_(void)  
	at org.apache.hadoop.hive.ql.exec.MethodUtils.getMethodInternal(MethodUtils.java:130) ~[classes/:?]
	at org.apache.hadoop.hive.ql.exec.MethodUtils.getMethodInternal(MethodUtils.java:60) ~[classes/:?]
	at org.apache.hadoop.hive.ql.exec.DefaultUDFMethodResolver.getEvalMethod(DefaultUDFMethodResolver.java:59) ~[classes/:?]
	at org.apache.hadoop.hive.ql.udf.TimestampCastRestrictorResolver.getEvalMethod(TimestampCastRestrictorResolver.java:68) ~[classes/:?]
	at org.apache.hadoop.hive.ql.udf.generic.GenericUDFBridge.initialize(GenericUDFBridge.java:168) ~[classes/:?]
	at org.apache.hadoop.hive.ql.udf.generic.GenericUDF.initializeAndFoldConstants(GenericUDF.java:149) ~[classes/:?]
	at org.apache.hadoop.hive.ql.plan.ExprNodeGenericFuncDesc.newInstance(ExprNodeGenericFuncDesc.java:235) ~[classes/:?]
	at org.apache.hadoop.hive.ql.parse.type.ExprNodeDescExprFactory.createFuncCallExpr(ExprNodeDescExprFactory.java:584) ~[classes/:?]
	at org.apache.hadoop.hive.ql.parse.type.ExprNodeDescExprFactory.createFuncCallExpr(ExprNodeDescExprFactory.java:97) ~[classes/:?]
	at org.apache.hadoop.hive.ql.parse.type.TypeCheckProcFactory$DefaultExprProcessor.getFuncExprNodeDescWithUdfData(TypeCheckProcFactory.java:762) ~[classes/:?]
	at org.apache.hadoop.hive.ql.parse.type.TypeCheckProcFactory$DefaultExprProcessor.createConversionCast(TypeCheckProcFactory.java:783) ~[classes/:?]
	at org.apache.hadoop.hive.ql.parse.SemanticAnalyzer.getPartitionColsFromBucketColsForUpdateDelete(SemanticAnalyzer.java:8725) ~[classes/:?]
	at org.apache.hadoop.hive.ql.parse.SemanticAnalyzer.genBucketingSortingDest(SemanticAnalyzer.java:6906) ~[classes/:?]
	at org.apache.hadoop.hive.ql.parse.SemanticAnalyzer.genFileSinkPlan(SemanticAnalyzer.java:7335) ~[classes/:?]
	at org.apache.hadoop.hive.ql.parse.SemanticAnalyzer.genPostGroupByBodyPlan(SemanticAnalyzer.java:11063) ~[classes/:?]
	at org.apache.hadoop.hive.ql.parse.SemanticAnalyzer.genBodyPlan(SemanticAnalyzer.java:10938) ~[classes/:?]
	at org.apache.hadoop.hive.ql.parse.SemanticAnalyzer.genPlan(SemanticAnalyzer.java:11853) ~[classes/:?]
	at org.apache.hadoop.hive.ql.parse.SemanticAnalyzer.genPlan(SemanticAnalyzer.java:11723) ~[classes/:?]
	at org.apache.hadoop.hive.ql.parse.CalcitePlanner.genOPTree(CalcitePlanner.java:626) ~[classes/:?]
	at org.apache.hadoop.hive.ql.parse.SemanticAnalyzer.analyzeInternal(SemanticAnalyzer.java:12558) ~[classes/:?]
	at org.apache.hadoop.hive.ql.parse.CalcitePlanner.analyzeInternal(CalcitePlanner.java:456) ~[classes/:?]
	at org.apache.hadoop.hive.ql.parse.RewriteSemanticAnalyzer.analyzeInternal(RewriteSemanticAnalyzer.java:67) ~[classes/:?]
	at org.apache.hadoop.hive.ql.parse.BaseSemanticAnalyzer.analyze(BaseSemanticAnalyzer.java:317) ~[classes/:?]
	at org.apache.hadoop.hive.ql.parse.MergeSemanticAnalyzer.analyzeMerge(MergeSemanticAnalyzer.java:317) ~[classes/:?]
	at org.apache.hadoop.hive.ql.parse.MergeSemanticAnalyzer.analyze(MergeSemanticAnalyzer.java:63) ~[classes/:?]
	at org.apache.hadoop.hive.ql.parse.RewriteSemanticAnalyzer.analyzeInternal(RewriteSemanticAnalyzer.java:72) ~[classes/:?]
	at org.apache.hadoop.hive.ql.parse.BaseSemanticAnalyzer.analyze(BaseSemanticAnalyzer.java:317) ~[classes/:?]
	at org.apache.hadoop.hive.ql.Compiler.analyze(Compiler.java:223) ~[classes/:?]
	at org.apache.hadoop.hive.ql.Compiler.compile(Compiler.java:105) ~[classes/:?]
	at org.apache.hadoop.hive.ql.Driver.compile(Driver.java:500) ~[classes/:?]
	at org.apache.hadoop.hive.ql.Driver.compileInternal(Driver.java:453) ~[classes/:?]
	at org.apache.hadoop.hive.ql.Driver.runInternal(Driver.java:181) ~[classes/:?]
	at org.apache.hadoop.hive.ql.Driver.run(Driver.java:153) ~[classes/:?]
	at org.apache.hadoop.hive.ql.Driver.run(Driver.java:140) ~[classes/:?]
	at org.apache.hadoop.hive.ql.TxnCommandsBaseForTests.runStatementOnDriver(TxnCommandsBaseForTests.java:245) ~[test-classes/:?]
	at org.apache.hadoop.hive.ql.TestTxnCommands.testMergeType2SCD01(TestTxnCommands.java:1140) ~[test-classes/:?]
	at sun.reflect.NativeMethodAccessorImpl.invoke0(Native Method) ~[?:1.8.0_402]
	at sun.reflect.NativeMethodAccessorImpl.invoke(NativeMethodAccessorImpl.java:62) ~[?:1.8.0_402]
	at sun.reflect.DelegatingMethodAccessorImpl.invoke(DelegatingMethodAccessorImpl.java:43) ~[?:1.8.0_402]
	at java.lang.reflect.Method.invoke(Method.java:498) ~[?:1.8.0_402]
	at org.junit.runners.model.FrameworkMethod$1.runReflectiveCall(FrameworkMethod.java:59) ~[junit-4.13.jar:4.13]
	at org.junit.internal.runners.model.ReflectiveCallable.run(ReflectiveCallable.java:12) ~[junit-4.13.jar:4.13]
	at org.junit.runners.model.FrameworkMethod.invokeExplosively(FrameworkMethod.java:56) ~[junit-4.13.jar:4.13]
	at org.junit.internal.runners.statements.InvokeMethod.evaluate(InvokeMethod.java:17) ~[junit-4.13.jar:4.13]
	at org.junit.internal.runners.statements.RunBefores.evaluate(RunBefores.java:26) ~[junit-4.13.jar:4.13]
	at org.junit.internal.runners.statements.RunAfters.evaluate(RunAfters.java:27) ~[junit-4.13.jar:4.13]
	at org.junit.rules.TestWatcher$1.evaluate(TestWatcher.java:61) ~[junit-4.13.jar:4.13]
	at org.junit.runners.ParentRunner$3.evaluate(ParentRunner.java:306) ~[junit-4.13.jar:4.13]
	at org.junit.runners.BlockJUnit4ClassRunner$1.evaluate(BlockJUnit4ClassRunner.java:100) ~[junit-4.13.jar:4.13]
	at org.junit.runners.ParentRunner.runLeaf(ParentRunner.java:366) ~[junit-4.13.jar:4.13]
	at org.junit.runners.BlockJUnit4ClassRunner.runChild(BlockJUnit4ClassRunner.java:103) ~[junit-4.13.jar:4.13]
	at org.junit.runners.BlockJUnit4ClassRunner.runChild(BlockJUnit4ClassRunner.java:63) ~[junit-4.13.jar:4.13]
	at org.junit.runners.ParentRunner$4.run(ParentRunner.java:331) ~[junit-4.13.jar:4.13]
	at org.junit.runners.ParentRunner$1.schedule(ParentRunner.java:79) ~[junit-4.13.jar:4.13]
	at org.junit.runners.ParentRunner.runChildren(ParentRunner.java:329) ~[junit-4.13.jar:4.13]
	at org.junit.runners.ParentRunner.access$100(ParentRunner.java:66) ~[junit-4.13.jar:4.13]
	at org.junit.runners.ParentRunner$2.evaluate(ParentRunner.java:293) ~[junit-4.13.jar:4.13]
	at org.junit.runners.ParentRunner$3.evaluate(ParentRunner.java:306) ~[junit-4.13.jar:4.13]
	at org.junit.runners.ParentRunner.run(ParentRunner.java:413) ~[junit-4.13.jar:4.13]
	at org.junit.runner.JUnitCore.run(JUnitCore.java:137) ~[junit-4.13.jar:4.13]
	at org.junit.runner.JUnitCore.run(JUnitCore.java:115) ~[junit-4.13.jar:4.13]
	at org.junit.vintage.engine.execution.RunnerExecutor.execute(RunnerExecutor.java:43) ~[junit-vintage-engine-5.6.2.jar:5.6.2]
	at java.util.stream.ForEachOps$ForEachOp$OfRef.accept(ForEachOps.java:183) ~[?:1.8.0_402]
	at java.util.stream.ReferencePipeline$3$1.accept(ReferencePipeline.java:193) ~[?:1.8.0_402]
	at java.util.Iterator.forEachRemaining(Iterator.java:116) ~[?:1.8.0_402]
	at java.util.Spliterators$IteratorSpliterator.forEachRemaining(Spliterators.java:1801) ~[?:1.8.0_402]
	at java.util.stream.AbstractPipeline.copyInto(AbstractPipeline.java:482) ~[?:1.8.0_402]
	at java.util.stream.AbstractPipeline.wrapAndCopyInto(AbstractPipeline.java:472) ~[?:1.8.0_402]
	at java.util.stream.ForEachOps$ForEachOp.evaluateSequential(ForEachOps.java:150) ~[?:1.8.0_402]
	at java.util.stream.ForEachOps$ForEachOp$OfRef.evaluateSequential(ForEachOps.java:173) ~[?:1.8.0_402]
	at java.util.stream.AbstractPipeline.evaluate(AbstractPipeline.java:234) ~[?:1.8.0_402]
	at java.util.stream.ReferencePipeline.forEach(ReferencePipeline.java:485) ~[?:1.8.0_402]
	at org.junit.vintage.engine.VintageTestEngine.executeAllChildren(VintageTestEngine.java:82) ~[junit-vintage-engine-5.6.2.jar:5.6.2]
	at org.junit.vintage.engine.VintageTestEngine.execute(VintageTestEngine.java:73) ~[junit-vintage-engine-5.6.2.jar:5.6.2]
	at org.junit.platform.launcher.core.DefaultLauncher.execute(DefaultLauncher.java:248) ~[junit-platform-launcher-1.6.2.jar:1.6.2]
	at org.junit.platform.launcher.core.DefaultLauncher.lambda$execute$5(DefaultLauncher.java:211) ~[junit-platform-launcher-1.6.2.jar:1.6.2]
	at org.junit.platform.launcher.core.DefaultLauncher.withInterceptedStreams(DefaultLauncher.java:226) [junit-platform-launcher-1.6.2.jar:1.6.2]
	at org.junit.platform.launcher.core.DefaultLauncher.execute(DefaultLauncher.java:199) [junit-platform-launcher-1.6.2.jar:1.6.2]
	at org.junit.platform.launcher.core.DefaultLauncher.execute(DefaultLauncher.java:132) [junit-platform-launcher-1.6.2.jar:1.6.2]
	at org.apache.maven.surefire.junitplatform.JUnitPlatformProvider.invokeAllTests(JUnitPlatformProvider.java:154) [surefire-junit-platform-3.0.0-M4.jar:3.0.0-M4]
	at org.apache.maven.surefire.junitplatform.JUnitPlatformProvider.invoke(JUnitPlatformProvider.java:123) [surefire-junit-platform-3.0.0-M4.jar:3.0.0-M4]
	at org.apache.maven.surefire.booter.ForkedBooter.runSuitesInProcess(ForkedBooter.java:377) [surefire-booter-3.0.0-M4.jar:3.0.0-M4]
	at org.apache.maven.surefire.booter.ForkedBooter.execute(ForkedBooter.java:138) [surefire-booter-3.0.0-M4.jar:3.0.0-M4]
	at org.apache.maven.surefire.booter.ForkedBooter.run(ForkedBooter.java:465) [surefire-booter-3.0.0-M4.jar:3.0.0-M4]
	at org.apache.maven.surefire.booter.ForkedBooter.main(ForkedBooter.java:451) [surefire-booter-3.0.0-M4.jar:3.0.0-M4]
2024-04-24T01:11:32,172 ERROR [main] parse.MergeSemanticAnalyzer: CBO failed due to missing column stats (see previous errors), skipping CBO
2024-04-24T01:11:32,172  INFO [main] parse.MergeSemanticAnalyzer: Ending caching scope for: 
FAILED: NoMatchingMethodException No matching method for class org.apache.hadoop.hive.ql.udf.UDFToInteger with (struct<writeid:bigint,bucketid:int,rowid:bigint>). Possible choices: _FUNC_(bigint)  _FUNC_(boolean)  _FUNC_(decimal(38,18))  _FUNC_(double)  _FUNC_(float)  _FUNC_(smallint)  _FUNC_(string)  _FUNC_(struct<rowid:bigint,writeid:bigint,bucketid:int>)  _FUNC_(timestamp)  _FUNC_(tinyint)  _FUNC_(void)  
2024-04-24T01:11:32,172 ERROR [main] ql.Driver: FAILED: NoMatchingMethodException No matching method for class org.apache.hadoop.hive.ql.udf.UDFToInteger with (struct<writeid:bigint,bucketid:int,rowid:bigint>). Possible choices: _FUNC_(bigint)  _FUNC_(boolean)  _FUNC_(decimal(38,18))  _FUNC_(double)  _FUNC_(float)  _FUNC_(smallint)  _FUNC_(string)  _FUNC_(struct<rowid:bigint,writeid:bigint,bucketid:int>)  _FUNC_(timestamp)  _FUNC_(tinyint)  _FUNC_(void)  
org.apache.hadoop.hive.ql.exec.NoMatchingMethodException: No matching method for class org.apache.hadoop.hive.ql.udf.UDFToInteger with (struct<writeid:bigint,bucketid:int,rowid:bigint>). Possible choices: _FUNC_(bigint)  _FUNC_(boolean)  _FUNC_(decimal(38,18))  _FUNC_(double)  _FUNC_(float)  _FUNC_(smallint)  _FUNC_(string)  _FUNC_(struct<rowid:bigint,writeid:bigint,bucketid:int>)  _FUNC_(timestamp)  _FUNC_(tinyint)  _FUNC_(void)  
	at org.apache.hadoop.hive.ql.exec.MethodUtils.getMethodInternal(MethodUtils.java:130)
	at org.apache.hadoop.hive.ql.exec.MethodUtils.getMethodInternal(MethodUtils.java:60)
	at org.apache.hadoop.hive.ql.exec.DefaultUDFMethodResolver.getEvalMethod(DefaultUDFMethodResolver.java:59)
	at org.apache.hadoop.hive.ql.udf.TimestampCastRestrictorResolver.getEvalMethod(TimestampCastRestrictorResolver.java:68)
	at org.apache.hadoop.hive.ql.udf.generic.GenericUDFBridge.initialize(GenericUDFBridge.java:168)
	at org.apache.hadoop.hive.ql.udf.generic.GenericUDF.initializeAndFoldConstants(GenericUDF.java:149)
	at org.apache.hadoop.hive.ql.plan.ExprNodeGenericFuncDesc.newInstance(ExprNodeGenericFuncDesc.java:235)
	at org.apache.hadoop.hive.ql.parse.type.ExprNodeDescExprFactory.createFuncCallExpr(ExprNodeDescExprFactory.java:584)
	at org.apache.hadoop.hive.ql.parse.type.ExprNodeDescExprFactory.createFuncCallExpr(ExprNodeDescExprFactory.java:97)
	at org.apache.hadoop.hive.ql.parse.type.TypeCheckProcFactory$DefaultExprProcessor.getFuncExprNodeDescWithUdfData(TypeCheckProcFactory.java:762)
	at org.apache.hadoop.hive.ql.parse.type.TypeCheckProcFactory$DefaultExprProcessor.createConversionCast(TypeCheckProcFactory.java:783)
	at org.apache.hadoop.hive.ql.parse.SemanticAnalyzer.getPartitionColsFromBucketColsForUpdateDelete(SemanticAnalyzer.java:8725)
	at org.apache.hadoop.hive.ql.parse.SemanticAnalyzer.genBucketingSortingDest(SemanticAnalyzer.java:6906)
	at org.apache.hadoop.hive.ql.parse.SemanticAnalyzer.genFileSinkPlan(SemanticAnalyzer.java:7335)
	at org.apache.hadoop.hive.ql.parse.SemanticAnalyzer.genPostGroupByBodyPlan(SemanticAnalyzer.java:11063)
	at org.apache.hadoop.hive.ql.parse.SemanticAnalyzer.genBodyPlan(SemanticAnalyzer.java:10938)
	at org.apache.hadoop.hive.ql.parse.SemanticAnalyzer.genPlan(SemanticAnalyzer.java:11853)
	at org.apache.hadoop.hive.ql.parse.SemanticAnalyzer.genPlan(SemanticAnalyzer.java:11723)
	at org.apache.hadoop.hive.ql.parse.CalcitePlanner.genOPTree(CalcitePlanner.java:626)
	at org.apache.hadoop.hive.ql.parse.SemanticAnalyzer.analyzeInternal(SemanticAnalyzer.java:12558)
	at org.apache.hadoop.hive.ql.parse.CalcitePlanner.analyzeInternal(CalcitePlanner.java:456)
	at org.apache.hadoop.hive.ql.parse.RewriteSemanticAnalyzer.analyzeInternal(RewriteSemanticAnalyzer.java:67)
	at org.apache.hadoop.hive.ql.parse.BaseSemanticAnalyzer.analyze(BaseSemanticAnalyzer.java:317)
	at org.apache.hadoop.hive.ql.parse.MergeSemanticAnalyzer.analyzeMerge(MergeSemanticAnalyzer.java:317)
	at org.apache.hadoop.hive.ql.parse.MergeSemanticAnalyzer.analyze(MergeSemanticAnalyzer.java:63)
	at org.apache.hadoop.hive.ql.parse.RewriteSemanticAnalyzer.analyzeInternal(RewriteSemanticAnalyzer.java:72)
	at org.apache.hadoop.hive.ql.parse.BaseSemanticAnalyzer.analyze(BaseSemanticAnalyzer.java:317)
	at org.apache.hadoop.hive.ql.Compiler.analyze(Compiler.java:223)
	at org.apache.hadoop.hive.ql.Compiler.compile(Compiler.java:105)
	at org.apache.hadoop.hive.ql.Driver.compile(Driver.java:500)
	at org.apache.hadoop.hive.ql.Driver.compileInternal(Driver.java:453)
	at org.apache.hadoop.hive.ql.Driver.runInternal(Driver.java:181)
	at org.apache.hadoop.hive.ql.Driver.run(Driver.java:153)
	at org.apache.hadoop.hive.ql.Driver.run(Driver.java:140)
	at org.apache.hadoop.hive.ql.TxnCommandsBaseForTests.runStatementOnDriver(TxnCommandsBaseForTests.java:245)
	at org.apache.hadoop.hive.ql.TestTxnCommands.testMergeType2SCD01(TestTxnCommands.java:1140)
	at sun.reflect.NativeMethodAccessorImpl.invoke0(Native Method)
	at sun.reflect.NativeMethodAccessorImpl.invoke(NativeMethodAccessorImpl.java:62)
	at sun.reflect.DelegatingMethodAccessorImpl.invoke(DelegatingMethodAccessorImpl.java:43)
	at java.lang.reflect.Method.invoke(Method.java:498)
	at org.junit.runners.model.FrameworkMethod$1.runReflectiveCall(FrameworkMethod.java:59)
	at org.junit.internal.runners.model.ReflectiveCallable.run(ReflectiveCallable.java:12)
	at org.junit.runners.model.FrameworkMethod.invokeExplosively(FrameworkMethod.java:56)
	at org.junit.internal.runners.statements.InvokeMethod.evaluate(InvokeMethod.java:17)
	at org.junit.internal.runners.statements.RunBefores.evaluate(RunBefores.java:26)
	at org.junit.internal.runners.statements.RunAfters.evaluate(RunAfters.java:27)
	at org.junit.rules.TestWatcher$1.evaluate(TestWatcher.java:61)
	at org.junit.runners.ParentRunner$3.evaluate(ParentRunner.java:306)
	at org.junit.runners.BlockJUnit4ClassRunner$1.evaluate(BlockJUnit4ClassRunner.java:100)
	at org.junit.runners.ParentRunner.runLeaf(ParentRunner.java:366)
	at org.junit.runners.BlockJUnit4ClassRunner.runChild(BlockJUnit4ClassRunner.java:103)
	at org.junit.runners.BlockJUnit4ClassRunner.runChild(BlockJUnit4ClassRunner.java:63)
	at org.junit.runners.ParentRunner$4.run(ParentRunner.java:331)
	at org.junit.runners.ParentRunner$1.schedule(ParentRunner.java:79)
	at org.junit.runners.ParentRunner.runChildren(ParentRunner.java:329)
	at org.junit.runners.ParentRunner.access$100(ParentRunner.java:66)
	at org.junit.runners.ParentRunner$2.evaluate(ParentRunner.java:293)
	at org.junit.runners.ParentRunner$3.evaluate(ParentRunner.java:306)
	at org.junit.runners.ParentRunner.run(ParentRunner.java:413)
	at org.junit.runner.JUnitCore.run(JUnitCore.java:137)
	at org.junit.runner.JUnitCore.run(JUnitCore.java:115)
	at org.junit.vintage.engine.execution.RunnerExecutor.execute(RunnerExecutor.java:43)
	at java.util.stream.ForEachOps$ForEachOp$OfRef.accept(ForEachOps.java:183)
	at java.util.stream.ReferencePipeline$3$1.accept(ReferencePipeline.java:193)
	at java.util.Iterator.forEachRemaining(Iterator.java:116)
	at java.util.Spliterators$IteratorSpliterator.forEachRemaining(Spliterators.java:1801)
	at java.util.stream.AbstractPipeline.copyInto(AbstractPipeline.java:482)
	at java.util.stream.AbstractPipeline.wrapAndCopyInto(AbstractPipeline.java:472)
	at java.util.stream.ForEachOps$ForEachOp.evaluateSequential(ForEachOps.java:150)
	at java.util.stream.ForEachOps$ForEachOp$OfRef.evaluateSequential(ForEachOps.java:173)
	at java.util.stream.AbstractPipeline.evaluate(AbstractPipeline.java:234)
	at java.util.stream.ReferencePipeline.forEach(ReferencePipeline.java:485)
	at org.junit.vintage.engine.VintageTestEngine.executeAllChildren(VintageTestEngine.java:82)
	at org.junit.vintage.engine.VintageTestEngine.execute(VintageTestEngine.java:73)
	at org.junit.platform.launcher.core.DefaultLauncher.execute(DefaultLauncher.java:248)
	at org.junit.platform.launcher.core.DefaultLauncher.lambda$execute$5(DefaultLauncher.java:211)
	at org.junit.platform.launcher.core.DefaultLauncher.withInterceptedStreams(DefaultLauncher.java:226)
	at org.junit.platform.launcher.core.DefaultLauncher.execute(DefaultLauncher.java:199)
	at org.junit.platform.launcher.core.DefaultLauncher.execute(DefaultLauncher.java:132)
	at org.apache.maven.surefire.junitplatform.JUnitPlatformProvider.invokeAllTests(JUnitPlatformProvider.java:154)
	at org.apache.maven.surefire.junitplatform.JUnitPlatformProvider.invoke(JUnitPlatformProvider.java:123)
	at org.apache.maven.surefire.booter.ForkedBooter.runSuitesInProcess(ForkedBooter.java:377)
	at org.apache.maven.surefire.booter.ForkedBooter.execute(ForkedBooter.java:138)
	at org.apache.maven.surefire.booter.ForkedBooter.run(ForkedBooter.java:465)
	at org.apache.maven.surefire.booter.ForkedBooter.main(ForkedBooter.java:451)

2024-04-24T01:11:32,172  INFO [main] metadata.Hive: Dumping metastore api call timing information for : compilation phase
2024-04-24T01:11:32,172  INFO [main] metadata.Hive: Total time spent in each metastore function (ms): {createTable_(Table)=3, getAllTableConstraints_(AllTableConstraintsRequest)=19, getValidTxns_(long)=1, getTable_(GetTableRequest)=70, openTxn_(String, TxnType)=2, commitTxn_(CommitTxnRequest)=11, isCompatibleWith_(Configuration)=1, getTableColumnStatistics_(String, String, List, String)=103, getValidWriteIds_(List, String)=6, flushCache_()=1}
2024-04-24T01:11:32,173  INFO [main] ql.Driver: Completed compiling command(queryId=alex_20240424011131_b9e5375f-4af8-49c0-8bf4-55f0194a395d); Time taken: 0.643 seconds
2024-04-24T01:11:32,173  INFO [main] lockmgr.DbTxnManager: Stopped heartbeat for query: null
2024-04-24T01:11:32,177  INFO [main] txn.TxnHandler: Removed transactions: ([22]) from MIN_HISTORY_LEVEL
2024-04-24T01:11:32,185  INFO [main] ql.TxnCommandsBaseForTests: Running the query: drop table if exists acidTbl
2024-04-24T01:11:32,185  INFO [main] ql.Context: Deleting scratch dir: file:/home/alex/Repositories/hive/ql/target/tmp/localscratchdir/c15739b9-0774-4cf9-8716-2e1fe9b44af5/hive_2024-04-24_01-11-31_549_1594543451435093609-1
2024-04-24T01:11:32,185  INFO [main] ql.Driver: Compiling command(queryId=alex_20240424011132_c1726f44-e083-4977-92fc-655c6d2c390b): drop table if exists acidTbl
2024-04-24T01:11:32,188  INFO [main] txn.TxnHandler: Added entries to MIN_HISTORY_LEVEL for current txns: ([23]) with min_open_txn: 22
2024-04-24T01:11:32,189  INFO [main] lockmgr.DbTxnManager: Opened txnid:23
2024-04-24T01:11:32,190  INFO [main] HiveMetaStore.audit: ugi=alex	ip=unknown-ip-addr	cmd=get_table : tbl=hive.default.acidTbl	
2024-04-24T01:11:32,196  INFO [main] metastore.HMSHandler: Skipping translation for processor with null
2024-04-24T01:11:32,196  INFO [main] ql.Driver: Semantic Analysis Completed (retrial = false)
2024-04-24T01:11:32,196  INFO [main] ql.Driver: Created Hive schema: Schema(fieldSchemas:null, properties:null)
2024-04-24T01:11:32,196  INFO [main] metadata.Hive: Dumping metastore api call timing information for : compilation phase
2024-04-24T01:11:32,196  INFO [main] metadata.Hive: Total time spent in each metastore function (ms): {openTxn_(String, TxnType)=3, isCompatibleWith_(Configuration)=0, flushCache_()=0, rollbackTxn_(long)=12, getTable_(GetTableRequest)=7, getValidTxns_(long)=0}
2024-04-24T01:11:32,196  INFO [main] ql.Driver: Completed compiling command(queryId=alex_20240424011132_c1726f44-e083-4977-92fc-655c6d2c390b); Time taken: 0.011 seconds
2024-04-24T01:11:32,196  INFO [main] lockmgr.DbTxnManager: Setting lock request transaction to txnid:23 for queryId=alex_20240424011132_c1726f44-e083-4977-92fc-655c6d2c390b
2024-04-24T01:11:32,197  INFO [main] lockmgr.DbLockManager: Requesting lock for queryId=alex_20240424011132_c1726f44-e083-4977-92fc-655c6d2c390b
2024-04-24T01:11:32,214  INFO [main] lockmgr.DbLockManager: Response to queryId=alex_20240424011132_c1726f44-e083-4977-92fc-655c6d2c390b LockResponse(lockid:13, state:ACQUIRED)
2024-04-24T01:11:32,214  INFO [main] ql.Driver: Operation DROPTABLE obtained 1 locks
2024-04-24T01:11:32,214  INFO [main] ql.Driver: Executing command(queryId=alex_20240424011132_c1726f44-e083-4977-92fc-655c6d2c390b): drop table if exists acidTbl
2024-04-24T01:11:32,214  INFO [main] ql.Driver: Starting task [Stage-0:DDL] in serial mode
2024-04-24T01:11:32,214  INFO [main] HiveMetaStore.audit: ugi=alex	ip=unknown-ip-addr	cmd=get_table : tbl=hive.default.acidTbl	
2024-04-24T01:11:32,220  INFO [main] metastore.HMSHandler: Skipping translation for processor with null
2024-04-24T01:11:32,221  INFO [main] HiveMetaStore.audit: ugi=alex	ip=unknown-ip-addr	cmd=get_table : tbl=hive.default.acidTbl	
2024-04-24T01:11:32,227  INFO [main] metastore.HMSHandler: Skipping translation for processor with null
2024-04-24T01:11:32,227  INFO [main] HiveMetaStore.audit: ugi=alex	ip=unknown-ip-addr	cmd=drop_table : tbl=hive.default.acidTbl	
2024-04-24T01:11:32,344  INFO [main] metadata.Hive: Dumping metastore api call timing information for : execution phase
2024-04-24T01:11:32,344  INFO [main] metadata.Hive: Total time spent in each metastore function (ms): {isCompatibleWith_(Configuration)=0, getTable_(GetTableRequest)=6, dropTable_(String, String, boolean, boolean, boolean)=124}
2024-04-24T01:11:32,345  INFO [main] ql.Driver: Completed executing command(queryId=alex_20240424011132_c1726f44-e083-4977-92fc-655c6d2c390b); Time taken: 0.13 seconds
2024-04-24T01:11:32,345  INFO [main] lockmgr.DbTxnManager: Stopped heartbeat for query: alex_20240424011132_c1726f44-e083-4977-92fc-655c6d2c390b
2024-04-24T01:11:32,349  INFO [main] txn.TxnHandler: Expected to move at least one record from txn_components to completed_txn_components when committing txn! txnid:23
2024-04-24T01:11:32,357  INFO [main] txn.TxnHandler: Removed transactions: ([23]) from MIN_HISTORY_LEVEL
2024-04-24T01:11:32,359  WARN [main] txn.CompactionTxnHandler: No compaction queue record found for Compaction type transaction commit. txnId:23
2024-04-24T01:11:32,359  INFO [main] ql.TxnCommandsBaseForTests: Running the query: drop table if exists acidTblPart
2024-04-24T01:11:32,359  INFO [main] ql.Driver: Compiling command(queryId=alex_20240424011132_f75127ae-809c-4a85-b4d2-851ab5eef8c0): drop table if exists acidTblPart
2024-04-24T01:11:32,362  INFO [main] txn.TxnHandler: Added entries to MIN_HISTORY_LEVEL for current txns: ([24]) with min_open_txn: 22
2024-04-24T01:11:32,362  INFO [main] lockmgr.DbTxnManager: Opened txnid:24
2024-04-24T01:11:32,362  INFO [main] HiveMetaStore.audit: ugi=alex	ip=unknown-ip-addr	cmd=get_table : tbl=hive.default.acidTblPart	
2024-04-24T01:11:32,383  INFO [main] metastore.HMSHandler: Skipping translation for processor with null
2024-04-24T01:11:32,384  INFO [main] ql.Driver: Semantic Analysis Completed (retrial = false)
2024-04-24T01:11:32,384  INFO [main] ql.Driver: Created Hive schema: Schema(fieldSchemas:null, properties:null)
2024-04-24T01:11:32,384  INFO [main] metadata.Hive: Dumping metastore api call timing information for : compilation phase
2024-04-24T01:11:32,384  INFO [main] metadata.Hive: Total time spent in each metastore function (ms): {isCompatibleWith_(Configuration)=0, getTable_(GetTableRequest)=21, flushCache_()=0, getValidTxns_(long)=0, openTxn_(String, TxnType)=2, commitTxn_(CommitTxnRequest)=14}
2024-04-24T01:11:32,384  INFO [main] ql.Driver: Completed compiling command(queryId=alex_20240424011132_f75127ae-809c-4a85-b4d2-851ab5eef8c0); Time taken: 0.025 seconds
2024-04-24T01:11:32,384  INFO [main] lockmgr.DbTxnManager: Setting lock request transaction to txnid:24 for queryId=alex_20240424011132_f75127ae-809c-4a85-b4d2-851ab5eef8c0
2024-04-24T01:11:32,385  INFO [main] lockmgr.DbLockManager: Requesting lock for queryId=alex_20240424011132_f75127ae-809c-4a85-b4d2-851ab5eef8c0
2024-04-24T01:11:32,401  INFO [main] lockmgr.DbLockManager: Response to queryId=alex_20240424011132_f75127ae-809c-4a85-b4d2-851ab5eef8c0 LockResponse(lockid:14, state:ACQUIRED)
2024-04-24T01:11:32,401  INFO [main] ql.Driver: Operation DROPTABLE obtained 1 locks
2024-04-24T01:11:32,401  INFO [main] ql.Driver: Executing command(queryId=alex_20240424011132_f75127ae-809c-4a85-b4d2-851ab5eef8c0): drop table if exists acidTblPart
2024-04-24T01:11:32,402  INFO [main] ql.Driver: Starting task [Stage-0:DDL] in serial mode
2024-04-24T01:11:32,402  INFO [main] HiveMetaStore.audit: ugi=alex	ip=unknown-ip-addr	cmd=get_table : tbl=hive.default.acidTblPart	
2024-04-24T01:11:32,408  INFO [main] metastore.HMSHandler: Skipping translation for processor with null
2024-04-24T01:11:32,408  INFO [main] HiveMetaStore.audit: ugi=alex	ip=unknown-ip-addr	cmd=get_table : tbl=hive.default.acidTblPart	
2024-04-24T01:11:32,414  INFO [main] metastore.HMSHandler: Skipping translation for processor with null
2024-04-24T01:11:32,414  INFO [main] HiveMetaStore.audit: ugi=alex	ip=unknown-ip-addr	cmd=drop_table : tbl=hive.default.acidTblPart	
2024-04-24T01:11:32,458  INFO [main] metadata.Hive: Dumping metastore api call timing information for : execution phase
2024-04-24T01:11:32,459  INFO [main] metadata.Hive: Total time spent in each metastore function (ms): {getTable_(GetTableRequest)=6, dropTable_(String, String, boolean, boolean, boolean)=50, isCompatibleWith_(Configuration)=0}
2024-04-24T01:11:32,459  INFO [main] ql.Driver: Completed executing command(queryId=alex_20240424011132_f75127ae-809c-4a85-b4d2-851ab5eef8c0); Time taken: 0.057 seconds
2024-04-24T01:11:32,459  INFO [main] lockmgr.DbTxnManager: Stopped heartbeat for query: alex_20240424011132_f75127ae-809c-4a85-b4d2-851ab5eef8c0
2024-04-24T01:11:32,463  INFO [main] txn.TxnHandler: Expected to move at least one record from txn_components to completed_txn_components when committing txn! txnid:24
2024-04-24T01:11:32,470  INFO [main] txn.TxnHandler: Removed transactions: ([24]) from MIN_HISTORY_LEVEL
2024-04-24T01:11:32,470  WARN [main] txn.CompactionTxnHandler: No compaction queue record found for Compaction type transaction commit. txnId:24
2024-04-24T01:11:32,471  INFO [main] ql.TxnCommandsBaseForTests: Running the query: drop table if exists acidTbl2
2024-04-24T01:11:32,471  INFO [main] ql.Driver: Compiling command(queryId=alex_20240424011132_34432f95-038a-427b-b4db-c52fc1c96ec8): drop table if exists acidTbl2
2024-04-24T01:11:32,473  INFO [main] txn.TxnHandler: Added entries to MIN_HISTORY_LEVEL for current txns: ([25]) with min_open_txn: 22
2024-04-24T01:11:32,473  INFO [main] lockmgr.DbTxnManager: Opened txnid:25
2024-04-24T01:11:32,474  INFO [main] ql.Driver: Semantic Analysis Completed (retrial = false)
2024-04-24T01:11:32,474  INFO [main] ql.Driver: Created Hive schema: Schema(fieldSchemas:null, properties:null)
2024-04-24T01:11:32,474  INFO [main] metadata.Hive: Dumping metastore api call timing information for : compilation phase
2024-04-24T01:11:32,474  INFO [main] metadata.Hive: Total time spent in each metastore function (ms): {flushCache_()=0, getValidTxns_(long)=1, commitTxn_(CommitTxnRequest)=11, getTable_(GetTableRequest)=0, isCompatibleWith_(Configuration)=0, openTxn_(String, TxnType)=2}
2024-04-24T01:11:32,474  INFO [main] ql.Driver: Completed compiling command(queryId=alex_20240424011132_34432f95-038a-427b-b4db-c52fc1c96ec8); Time taken: 0.003 seconds
2024-04-24T01:11:32,474  INFO [main] lockmgr.DbTxnManager: Setting lock request transaction to txnid:25 for queryId=alex_20240424011132_34432f95-038a-427b-b4db-c52fc1c96ec8
2024-04-24T01:11:32,474  INFO [main] ql.Driver: Operation DROPTABLE obtained 0 locks
2024-04-24T01:11:32,474  INFO [main] ql.Driver: Executing command(queryId=alex_20240424011132_34432f95-038a-427b-b4db-c52fc1c96ec8): drop table if exists acidTbl2
2024-04-24T01:11:32,475  INFO [main] ql.Driver: Starting task [Stage-0:DDL] in serial mode
2024-04-24T01:11:32,475  INFO [main] metadata.SessionHiveMetaStoreClient: Column stats doesn't exist for db=default temp table=acidTbl2
2024-04-24T01:11:32,475  INFO [main] metadata.Hive: Dumping metastore api call timing information for : execution phase
2024-04-24T01:11:32,475  INFO [main] metadata.Hive: Total time spent in each metastore function (ms): {getTable_(GetTableRequest)=0, dropTable_(String, String, boolean, boolean, boolean)=0, isCompatibleWith_(Configuration)=0}
2024-04-24T01:11:32,475  INFO [main] ql.Driver: Completed executing command(queryId=alex_20240424011132_34432f95-038a-427b-b4db-c52fc1c96ec8); Time taken: 0.001 seconds
2024-04-24T01:11:32,475  INFO [main] lockmgr.DbTxnManager: Stopped heartbeat for query: alex_20240424011132_34432f95-038a-427b-b4db-c52fc1c96ec8
2024-04-24T01:11:32,481  INFO [main] txn.TxnHandler: Expected to move at least one record from txn_components to completed_txn_components when committing txn! txnid:25
2024-04-24T01:11:32,488  INFO [main] txn.TxnHandler: Removed transactions: ([25]) from MIN_HISTORY_LEVEL
2024-04-24T01:11:32,488  WARN [main] txn.CompactionTxnHandler: No compaction queue record found for Compaction type transaction commit. txnId:25
2024-04-24T01:11:32,489  INFO [main] ql.TxnCommandsBaseForTests: Running the query: drop table if exists nonAcidOrcTbl
2024-04-24T01:11:32,489  INFO [main] ql.Driver: Compiling command(queryId=alex_20240424011132_463389e5-dd68-408a-8070-0627c5c1a5cd): drop table if exists nonAcidOrcTbl
2024-04-24T01:11:32,491  INFO [main] txn.TxnHandler: Added entries to MIN_HISTORY_LEVEL for current txns: ([26]) with min_open_txn: 22
2024-04-24T01:11:32,492  INFO [main] lockmgr.DbTxnManager: Opened txnid:26
2024-04-24T01:11:32,492  INFO [main] HiveMetaStore.audit: ugi=alex	ip=unknown-ip-addr	cmd=get_table : tbl=hive.default.nonAcidOrcTbl	
2024-04-24T01:11:32,514  INFO [main] metastore.HMSHandler: Skipping translation for processor with null
2024-04-24T01:11:32,514  INFO [main] ql.Driver: Semantic Analysis Completed (retrial = false)
2024-04-24T01:11:32,514  INFO [main] ql.Driver: Created Hive schema: Schema(fieldSchemas:null, properties:null)
2024-04-24T01:11:32,514  INFO [main] metadata.Hive: Dumping metastore api call timing information for : compilation phase
2024-04-24T01:11:32,514  INFO [main] metadata.Hive: Total time spent in each metastore function (ms): {commitTxn_(CommitTxnRequest)=13, getTable_(GetTableRequest)=22, isCompatibleWith_(Configuration)=0, openTxn_(String, TxnType)=3, getValidTxns_(long)=0, flushCache_()=0}
2024-04-24T01:11:32,514  INFO [main] ql.Driver: Completed compiling command(queryId=alex_20240424011132_463389e5-dd68-408a-8070-0627c5c1a5cd); Time taken: 0.025 seconds
2024-04-24T01:11:32,515  INFO [main] lockmgr.DbTxnManager: Setting lock request transaction to txnid:26 for queryId=alex_20240424011132_463389e5-dd68-408a-8070-0627c5c1a5cd
2024-04-24T01:11:32,515  INFO [main] lockmgr.DbLockManager: Requesting lock for queryId=alex_20240424011132_463389e5-dd68-408a-8070-0627c5c1a5cd
2024-04-24T01:11:32,530  INFO [main] lockmgr.DbLockManager: Response to queryId=alex_20240424011132_463389e5-dd68-408a-8070-0627c5c1a5cd LockResponse(lockid:15, state:ACQUIRED)
2024-04-24T01:11:32,530  INFO [main] ql.Driver: Operation DROPTABLE obtained 1 locks
2024-04-24T01:11:32,530  INFO [main] ql.Driver: Executing command(queryId=alex_20240424011132_463389e5-dd68-408a-8070-0627c5c1a5cd): drop table if exists nonAcidOrcTbl
2024-04-24T01:11:32,531  INFO [main] ql.Driver: Starting task [Stage-0:DDL] in serial mode
2024-04-24T01:11:32,531  INFO [main] HiveMetaStore.audit: ugi=alex	ip=unknown-ip-addr	cmd=get_table : tbl=hive.default.nonAcidOrcTbl	
2024-04-24T01:11:32,538  INFO [main] metastore.HMSHandler: Skipping translation for processor with null
2024-04-24T01:11:32,539  INFO [main] HiveMetaStore.audit: ugi=alex	ip=unknown-ip-addr	cmd=get_table : tbl=hive.default.nonAcidOrcTbl	
2024-04-24T01:11:32,546  INFO [main] metastore.HMSHandler: Skipping translation for processor with null
2024-04-24T01:11:32,546  INFO [main] HiveMetaStore.audit: ugi=alex	ip=unknown-ip-addr	cmd=drop_table : tbl=hive.default.nonAcidOrcTbl	
2024-04-24T01:11:32,608  INFO [main] metadata.Hive: Dumping metastore api call timing information for : execution phase
2024-04-24T01:11:32,608  INFO [main] metadata.Hive: Total time spent in each metastore function (ms): {getTable_(GetTableRequest)=8, isCompatibleWith_(Configuration)=0, dropTable_(String, String, boolean, boolean, boolean)=69}
2024-04-24T01:11:32,608  INFO [main] ql.Driver: Completed executing command(queryId=alex_20240424011132_463389e5-dd68-408a-8070-0627c5c1a5cd); Time taken: 0.078 seconds
2024-04-24T01:11:32,608  INFO [main] lockmgr.DbTxnManager: Stopped heartbeat for query: alex_20240424011132_463389e5-dd68-408a-8070-0627c5c1a5cd
2024-04-24T01:11:32,613  INFO [main] txn.TxnHandler: Expected to move at least one record from txn_components to completed_txn_components when committing txn! txnid:26
2024-04-24T01:11:32,620  INFO [main] txn.TxnHandler: Removed transactions: ([26]) from MIN_HISTORY_LEVEL
2024-04-24T01:11:32,620  WARN [main] txn.CompactionTxnHandler: No compaction queue record found for Compaction type transaction commit. txnId:26
2024-04-24T01:11:32,620  INFO [main] ql.TxnCommandsBaseForTests: Running the query: drop table if exists nonAcidOrcTbl2
2024-04-24T01:11:32,621  INFO [main] ql.Driver: Compiling command(queryId=alex_20240424011132_6162bca5-4f5d-4308-9252-9cfa4b79f50b): drop table if exists nonAcidOrcTbl2
2024-04-24T01:11:32,623  INFO [main] txn.TxnHandler: Added entries to MIN_HISTORY_LEVEL for current txns: ([27]) with min_open_txn: 23
2024-04-24T01:11:32,623  INFO [main] lockmgr.DbTxnManager: Opened txnid:27
2024-04-24T01:11:32,624  INFO [main] HiveMetaStore.audit: ugi=alex	ip=unknown-ip-addr	cmd=get_table : tbl=hive.default.nonAcidOrcTbl2	
2024-04-24T01:11:32,631  INFO [main] metastore.HMSHandler: Skipping translation for processor with null
2024-04-24T01:11:32,632  INFO [main] ql.Driver: Semantic Analysis Completed (retrial = false)
2024-04-24T01:11:32,632  INFO [main] ql.Driver: Created Hive schema: Schema(fieldSchemas:null, properties:null)
2024-04-24T01:11:32,632  INFO [main] metadata.Hive: Dumping metastore api call timing information for : compilation phase
2024-04-24T01:11:32,632  INFO [main] metadata.Hive: Total time spent in each metastore function (ms): {isCompatibleWith_(Configuration)=0, commitTxn_(CommitTxnRequest)=12, getTable_(GetTableRequest)=7, openTxn_(String, TxnType)=2, flushCache_()=0, getValidTxns_(long)=1}
2024-04-24T01:11:32,632  INFO [main] ql.Driver: Completed compiling command(queryId=alex_20240424011132_6162bca5-4f5d-4308-9252-9cfa4b79f50b); Time taken: 0.011 seconds
2024-04-24T01:11:32,632  INFO [main] lockmgr.DbTxnManager: Setting lock request transaction to txnid:27 for queryId=alex_20240424011132_6162bca5-4f5d-4308-9252-9cfa4b79f50b
2024-04-24T01:11:32,632  INFO [main] lockmgr.DbLockManager: Requesting lock for queryId=alex_20240424011132_6162bca5-4f5d-4308-9252-9cfa4b79f50b
2024-04-24T01:11:32,648  INFO [main] lockmgr.DbLockManager: Response to queryId=alex_20240424011132_6162bca5-4f5d-4308-9252-9cfa4b79f50b LockResponse(lockid:16, state:ACQUIRED)
2024-04-24T01:11:32,648  INFO [main] ql.Driver: Operation DROPTABLE obtained 1 locks
2024-04-24T01:11:32,648  INFO [main] ql.Driver: Executing command(queryId=alex_20240424011132_6162bca5-4f5d-4308-9252-9cfa4b79f50b): drop table if exists nonAcidOrcTbl2
2024-04-24T01:11:32,648  INFO [main] ql.Driver: Starting task [Stage-0:DDL] in serial mode
2024-04-24T01:11:32,648  INFO [main] HiveMetaStore.audit: ugi=alex	ip=unknown-ip-addr	cmd=get_table : tbl=hive.default.nonAcidOrcTbl2	
2024-04-24T01:11:32,656  INFO [main] metastore.HMSHandler: Skipping translation for processor with null
2024-04-24T01:11:32,656  INFO [main] HiveMetaStore.audit: ugi=alex	ip=unknown-ip-addr	cmd=get_table : tbl=hive.default.nonAcidOrcTbl2	
2024-04-24T01:11:32,664  INFO [main] metastore.HMSHandler: Skipping translation for processor with null
2024-04-24T01:11:32,665  INFO [main] HiveMetaStore.audit: ugi=alex	ip=unknown-ip-addr	cmd=drop_table : tbl=hive.default.nonAcidOrcTbl2	
2024-04-24T01:11:32,693  INFO [main] metadata.Hive: Dumping metastore api call timing information for : execution phase
2024-04-24T01:11:32,693  INFO [main] metadata.Hive: Total time spent in each metastore function (ms): {getTable_(GetTableRequest)=8, dropTable_(String, String, boolean, boolean, boolean)=37, isCompatibleWith_(Configuration)=0}
2024-04-24T01:11:32,693  INFO [main] ql.Driver: Completed executing command(queryId=alex_20240424011132_6162bca5-4f5d-4308-9252-9cfa4b79f50b); Time taken: 0.045 seconds
2024-04-24T01:11:32,693  INFO [main] lockmgr.DbTxnManager: Stopped heartbeat for query: alex_20240424011132_6162bca5-4f5d-4308-9252-9cfa4b79f50b
2024-04-24T01:11:32,697  INFO [main] txn.TxnHandler: Expected to move at least one record from txn_components to completed_txn_components when committing txn! txnid:27
2024-04-24T01:11:32,705  INFO [main] txn.TxnHandler: Removed transactions: ([27]) from MIN_HISTORY_LEVEL
2024-04-24T01:11:32,705  WARN [main] txn.CompactionTxnHandler: No compaction queue record found for Compaction type transaction commit. txnId:27
2024-04-24T01:11:32,706  INFO [main] ql.TxnCommandsBaseForTests: Running the query: drop table if exists nonAcidNonBucket
2024-04-24T01:11:32,706  INFO [main] ql.Driver: Compiling command(queryId=alex_20240424011132_0ec3e598-ca1f-4697-9059-d076826f52c1): drop table if exists nonAcidNonBucket
2024-04-24T01:11:32,708  INFO [main] txn.TxnHandler: Added entries to MIN_HISTORY_LEVEL for current txns: ([28]) with min_open_txn: 23
2024-04-24T01:11:32,709  INFO [main] lockmgr.DbTxnManager: Opened txnid:28
2024-04-24T01:11:32,709  INFO [main] HiveMetaStore.audit: ugi=alex	ip=unknown-ip-addr	cmd=get_table : tbl=hive.default.nonAcidNonBucket	
2024-04-24T01:11:32,718  INFO [main] metastore.HMSHandler: Skipping translation for processor with null
2024-04-24T01:11:32,718  INFO [main] ql.Driver: Semantic Analysis Completed (retrial = false)
2024-04-24T01:11:32,718  INFO [main] ql.Driver: Created Hive schema: Schema(fieldSchemas:null, properties:null)
2024-04-24T01:11:32,718  INFO [main] metadata.Hive: Dumping metastore api call timing information for : compilation phase
2024-04-24T01:11:32,718  INFO [main] metadata.Hive: Total time spent in each metastore function (ms): {commitTxn_(CommitTxnRequest)=13, isCompatibleWith_(Configuration)=1, flushCache_()=0, openTxn_(String, TxnType)=2, getTable_(GetTableRequest)=9, getValidTxns_(long)=0}
2024-04-24T01:11:32,718  INFO [main] ql.Driver: Completed compiling command(queryId=alex_20240424011132_0ec3e598-ca1f-4697-9059-d076826f52c1); Time taken: 0.012 seconds
2024-04-24T01:11:32,718  INFO [main] lockmgr.DbTxnManager: Setting lock request transaction to txnid:28 for queryId=alex_20240424011132_0ec3e598-ca1f-4697-9059-d076826f52c1
2024-04-24T01:11:32,719  INFO [main] lockmgr.DbLockManager: Requesting lock for queryId=alex_20240424011132_0ec3e598-ca1f-4697-9059-d076826f52c1
2024-04-24T01:11:32,735  INFO [main] lockmgr.DbLockManager: Response to queryId=alex_20240424011132_0ec3e598-ca1f-4697-9059-d076826f52c1 LockResponse(lockid:17, state:ACQUIRED)
2024-04-24T01:11:32,735  INFO [main] ql.Driver: Operation DROPTABLE obtained 1 locks
2024-04-24T01:11:32,735  INFO [main] ql.Driver: Executing command(queryId=alex_20240424011132_0ec3e598-ca1f-4697-9059-d076826f52c1): drop table if exists nonAcidNonBucket
2024-04-24T01:11:32,735  INFO [main] ql.Driver: Starting task [Stage-0:DDL] in serial mode
2024-04-24T01:11:32,736  INFO [main] HiveMetaStore.audit: ugi=alex	ip=unknown-ip-addr	cmd=get_table : tbl=hive.default.nonAcidNonBucket	
2024-04-24T01:11:32,743  INFO [main] metastore.HMSHandler: Skipping translation for processor with null
2024-04-24T01:11:32,744  INFO [main] HiveMetaStore.audit: ugi=alex	ip=unknown-ip-addr	cmd=get_table : tbl=hive.default.nonAcidNonBucket	
2024-04-24T01:11:32,752  INFO [main] metastore.HMSHandler: Skipping translation for processor with null
2024-04-24T01:11:32,752  INFO [main] HiveMetaStore.audit: ugi=alex	ip=unknown-ip-addr	cmd=drop_table : tbl=hive.default.nonAcidNonBucket	
2024-04-24T01:11:32,783  INFO [main] metadata.Hive: Dumping metastore api call timing information for : execution phase
2024-04-24T01:11:32,783  INFO [main] metadata.Hive: Total time spent in each metastore function (ms): {dropTable_(String, String, boolean, boolean, boolean)=38, getTable_(GetTableRequest)=7, isCompatibleWith_(Configuration)=0}
2024-04-24T01:11:32,783  INFO [main] ql.Driver: Completed executing command(queryId=alex_20240424011132_0ec3e598-ca1f-4697-9059-d076826f52c1); Time taken: 0.048 seconds
2024-04-24T01:11:32,783  INFO [main] lockmgr.DbTxnManager: Stopped heartbeat for query: alex_20240424011132_0ec3e598-ca1f-4697-9059-d076826f52c1
2024-04-24T01:11:32,787  INFO [main] txn.TxnHandler: Expected to move at least one record from txn_components to completed_txn_components when committing txn! txnid:28
2024-04-24T01:11:32,795  INFO [main] txn.TxnHandler: Removed transactions: ([28]) from MIN_HISTORY_LEVEL
2024-04-24T01:11:32,795  WARN [main] txn.CompactionTxnHandler: No compaction queue record found for Compaction type transaction commit. txnId:28
2024-04-24T01:11:32,796  INFO [main] utils.TestTxnDbUtil: Cleaning transactional tables
]]></system-err>
  </testcase>
  <testcase name="testMergeType2SCD02" classname="org.apache.hadoop.hive.ql.TestTxnCommandsWithSplitUpdateAndVectorization" time="9.404">
    <error type="java.lang.RuntimeException"><![CDATA[java.lang.RuntimeException: merge into target t using (select source.*, 0 c from source union all select source.*, 1 c from source inner join target on source.key=target.key where target.cur=1) s on t.key=s.key and t.cur=s.c and t.cur=1 when matched then update set cur=0 when not matched then insert values(s.key,s.data,1) failed: (responseCode = 2, errorMessage = FAILED: Execution Error, return code 2 from org.apache.hadoop.hive.ql.exec.mr.MapRedTask, SQLState = 08S01)
	at org.apache.hadoop.hive.ql.TxnCommandsBaseForTests.runStatementOnDriver(TxnCommandsBaseForTests.java:247)
	at org.apache.hadoop.hive.ql.TestTxnCommands.testMergeType2SCD02(TestTxnCommands.java:1178)
	at sun.reflect.NativeMethodAccessorImpl.invoke0(Native Method)
	at sun.reflect.NativeMethodAccessorImpl.invoke(NativeMethodAccessorImpl.java:62)
	at sun.reflect.DelegatingMethodAccessorImpl.invoke(DelegatingMethodAccessorImpl.java:43)
	at java.lang.reflect.Method.invoke(Method.java:498)
	at org.junit.runners.model.FrameworkMethod$1.runReflectiveCall(FrameworkMethod.java:59)
	at org.junit.internal.runners.model.ReflectiveCallable.run(ReflectiveCallable.java:12)
	at org.junit.runners.model.FrameworkMethod.invokeExplosively(FrameworkMethod.java:56)
	at org.junit.internal.runners.statements.InvokeMethod.evaluate(InvokeMethod.java:17)
	at org.junit.internal.runners.statements.RunBefores.evaluate(RunBefores.java:26)
	at org.junit.internal.runners.statements.RunAfters.evaluate(RunAfters.java:27)
	at org.junit.rules.TestWatcher$1.evaluate(TestWatcher.java:61)
	at org.junit.runners.ParentRunner$3.evaluate(ParentRunner.java:306)
	at org.junit.runners.BlockJUnit4ClassRunner$1.evaluate(BlockJUnit4ClassRunner.java:100)
	at org.junit.runners.ParentRunner.runLeaf(ParentRunner.java:366)
	at org.junit.runners.BlockJUnit4ClassRunner.runChild(BlockJUnit4ClassRunner.java:103)
	at org.junit.runners.BlockJUnit4ClassRunner.runChild(BlockJUnit4ClassRunner.java:63)
	at org.junit.runners.ParentRunner$4.run(ParentRunner.java:331)
	at org.junit.runners.ParentRunner$1.schedule(ParentRunner.java:79)
	at org.junit.runners.ParentRunner.runChildren(ParentRunner.java:329)
	at org.junit.runners.ParentRunner.access$100(ParentRunner.java:66)
	at org.junit.runners.ParentRunner$2.evaluate(ParentRunner.java:293)
	at org.junit.runners.ParentRunner$3.evaluate(ParentRunner.java:306)
	at org.junit.runners.ParentRunner.run(ParentRunner.java:413)
	at org.junit.runner.JUnitCore.run(JUnitCore.java:137)
	at org.junit.runner.JUnitCore.run(JUnitCore.java:115)
	at org.junit.vintage.engine.execution.RunnerExecutor.execute(RunnerExecutor.java:43)
	at java.util.stream.ForEachOps$ForEachOp$OfRef.accept(ForEachOps.java:183)
	at java.util.stream.ReferencePipeline$3$1.accept(ReferencePipeline.java:193)
	at java.util.Iterator.forEachRemaining(Iterator.java:116)
	at java.util.Spliterators$IteratorSpliterator.forEachRemaining(Spliterators.java:1801)
	at java.util.stream.AbstractPipeline.copyInto(AbstractPipeline.java:482)
	at java.util.stream.AbstractPipeline.wrapAndCopyInto(AbstractPipeline.java:472)
	at java.util.stream.ForEachOps$ForEachOp.evaluateSequential(ForEachOps.java:150)
	at java.util.stream.ForEachOps$ForEachOp$OfRef.evaluateSequential(ForEachOps.java:173)
	at java.util.stream.AbstractPipeline.evaluate(AbstractPipeline.java:234)
	at java.util.stream.ReferencePipeline.forEach(ReferencePipeline.java:485)
	at org.junit.vintage.engine.VintageTestEngine.executeAllChildren(VintageTestEngine.java:82)
	at org.junit.vintage.engine.VintageTestEngine.execute(VintageTestEngine.java:73)
	at org.junit.platform.launcher.core.DefaultLauncher.execute(DefaultLauncher.java:248)
	at org.junit.platform.launcher.core.DefaultLauncher.lambda$execute$5(DefaultLauncher.java:211)
	at org.junit.platform.launcher.core.DefaultLauncher.withInterceptedStreams(DefaultLauncher.java:226)
	at org.junit.platform.launcher.core.DefaultLauncher.execute(DefaultLauncher.java:199)
	at org.junit.platform.launcher.core.DefaultLauncher.execute(DefaultLauncher.java:132)
	at org.apache.maven.surefire.junitplatform.JUnitPlatformProvider.invokeAllTests(JUnitPlatformProvider.java:154)
	at org.apache.maven.surefire.junitplatform.JUnitPlatformProvider.invoke(JUnitPlatformProvider.java:123)
	at org.apache.maven.surefire.booter.ForkedBooter.runSuitesInProcess(ForkedBooter.java:377)
	at org.apache.maven.surefire.booter.ForkedBooter.execute(ForkedBooter.java:138)
	at org.apache.maven.surefire.booter.ForkedBooter.run(ForkedBooter.java:465)
	at org.apache.maven.surefire.booter.ForkedBooter.main(ForkedBooter.java:451)
]]></error>
    <system-err><![CDATA[2024-04-24T01:11:32,864  WARN [main] conf.HiveConf: HiveConf of name hive.llap.io.cache.orc.alloc.max does not exist
2024-04-24T01:11:32,864  WARN [main] conf.HiveConf: HiveConf of name hive.dummyparam.test.server.specific.config.override does not exist
2024-04-24T01:11:32,864  WARN [main] conf.HiveConf: HiveConf of name hive.metastore.client.cache.maxSize does not exist
2024-04-24T01:11:32,864  WARN [main] conf.HiveConf: HiveConf of name hive.dummyparam.test.server.specific.config.hivesite does not exist
2024-04-24T01:11:32,864  WARN [main] conf.HiveConf: HiveConf of name hive.dummyparam.test.server.specific.config.metastoresite does not exist
2024-04-24T01:11:32,864  WARN [main] conf.HiveConf: HiveConf of name hive.metastore.client.cache.recordStats does not exist
2024-04-24T01:11:32,864  WARN [main] conf.HiveConf: HiveConf of name hive.llap.io.cache.orc.alloc.min does not exist
2024-04-24T01:11:32,864  WARN [main] conf.HiveConf: HiveConf of name hive.llap.io.cache.orc.arena.size does not exist
2024-04-24T01:11:32,864  WARN [main] conf.HiveConf: HiveConf of name hive.llap.io.cache.orc.size does not exist
2024-04-24T01:11:32,864  WARN [main] conf.HiveConf: HiveConf of name hive.stats.key.prefix.reserve.length does not exist
2024-04-24T01:11:32,864  WARN [main] conf.HiveConf: HiveConf of name hive.metastore.metadb.dir does not exist
2024-04-24T01:11:32,866  INFO [main] utils.TestTxnDbUtil: Creating transactional tables
Hive Session ID = f8b04dbc-625a-4530-ace9-c9b171c687c0
2024-04-24T01:11:32,869  INFO [main] SessionState: Hive Session ID = f8b04dbc-625a-4530-ace9-c9b171c687c0
ivysettings.xml file not found in HIVE_HOME or HIVE_CONF_DIR,/home/alex/Repositories/hive/conf/ivysettings.xml will be used
2024-04-24T01:11:32,869  INFO [main] DependencyResolver: ivysettings.xml file not found in HIVE_HOME or HIVE_CONF_DIR,/home/alex/Repositories/hive/conf/ivysettings.xml will be used
2024-04-24T01:11:32,874  INFO [main] session.SessionState: Created HDFS directory: /home/alex/Repositories/hive/ql/target/tmp/scratchdir/alex/f8b04dbc-625a-4530-ace9-c9b171c687c0
2024-04-24T01:11:32,877  INFO [main] session.SessionState: Created local directory: /home/alex/Repositories/hive/ql/target/tmp/localscratchdir/f8b04dbc-625a-4530-ace9-c9b171c687c0
2024-04-24T01:11:32,879  INFO [main] session.SessionState: Created HDFS directory: /home/alex/Repositories/hive/ql/target/tmp/scratchdir/alex/f8b04dbc-625a-4530-ace9-c9b171c687c0/_tmp_space.db
2024-04-24T01:11:32,879  INFO [main] sqlstd.SQLStdHiveAccessController: Created SQLStdHiveAccessController for session context : HiveAuthzSessionContext [sessionString=f8b04dbc-625a-4530-ace9-c9b171c687c0, clientType=HIVECLI]
2024-04-24T01:11:32,879  INFO [main] ql.TxnCommandsBaseForTests: Running the query: drop table if exists acidTbl
2024-04-24T01:11:32,880  INFO [main] ql.Driver: Compiling command(queryId=alex_20240424011132_20ba2754-99f0-492d-a53f-d933d0824103): drop table if exists acidTbl
2024-04-24T01:11:32,890  INFO [main] txn.TxnHandler: Added entries to MIN_HISTORY_LEVEL for current txns: ([1]) with min_open_txn: 1
2024-04-24T01:11:32,890  INFO [main] lockmgr.DbTxnManager: Opened txnid:1
2024-04-24T01:11:32,893  INFO [main] HiveMetaStore.audit: ugi=alex	ip=unknown-ip-addr	cmd=get_table : tbl=hive.default.acidTbl	
2024-04-24T01:11:32,898  INFO [main] ql.Driver: Semantic Analysis Completed (retrial = false)
2024-04-24T01:11:32,898  INFO [main] ql.Driver: Created Hive schema: Schema(fieldSchemas:null, properties:null)
2024-04-24T01:11:32,898  INFO [main] metadata.Hive: Dumping metastore api call timing information for : compilation phase
2024-04-24T01:11:32,898  INFO [main] metadata.Hive: Total time spent in each metastore function (ms): {commitTxn_(CommitTxnRequest)=13, getValidTxns_(long)=2, openTxn_(String, TxnType)=10, isCompatibleWith_(Configuration)=0, flushCache_()=0}
2024-04-24T01:11:32,898  INFO [main] ql.Driver: Completed compiling command(queryId=alex_20240424011132_20ba2754-99f0-492d-a53f-d933d0824103); Time taken: 0.018 seconds
2024-04-24T01:11:32,899  INFO [main] lockmgr.DbTxnManager: Setting lock request transaction to txnid:1 for queryId=alex_20240424011132_20ba2754-99f0-492d-a53f-d933d0824103
2024-04-24T01:11:32,899  INFO [main] ql.Driver: Operation DROPTABLE obtained 0 locks
2024-04-24T01:11:32,899  INFO [main] ql.Driver: Executing command(queryId=alex_20240424011132_20ba2754-99f0-492d-a53f-d933d0824103): drop table if exists acidTbl
2024-04-24T01:11:32,899  INFO [main] ql.Driver: Starting task [Stage-0:DDL] in serial mode
2024-04-24T01:11:32,899  INFO [main] HiveMetaStore.audit: ugi=alex	ip=unknown-ip-addr	cmd=get_table : tbl=hive.default.acidTbl	
2024-04-24T01:11:32,902  INFO [main] metadata.Hive: Dumping metastore api call timing information for : execution phase
2024-04-24T01:11:32,902  INFO [main] metadata.Hive: Total time spent in each metastore function (ms): {isCompatibleWith_(Configuration)=0}
2024-04-24T01:11:32,902  INFO [main] ql.Driver: Completed executing command(queryId=alex_20240424011132_20ba2754-99f0-492d-a53f-d933d0824103); Time taken: 0.003 seconds
2024-04-24T01:11:32,902  INFO [main] lockmgr.DbTxnManager: Stopped heartbeat for query: alex_20240424011132_20ba2754-99f0-492d-a53f-d933d0824103
2024-04-24T01:11:32,908  INFO [main] txn.TxnHandler: Expected to move at least one record from txn_components to completed_txn_components when committing txn! txnid:1
2024-04-24T01:11:32,916  INFO [main] txn.TxnHandler: Removed transactions: ([1]) from MIN_HISTORY_LEVEL
2024-04-24T01:11:32,916  WARN [main] txn.CompactionTxnHandler: No compaction queue record found for Compaction type transaction commit. txnId:1
2024-04-24T01:11:32,917  INFO [main] ql.TxnCommandsBaseForTests: Running the query: drop table if exists acidTblPart
2024-04-24T01:11:32,917  INFO [main] ql.Driver: Compiling command(queryId=alex_20240424011132_03b5460e-2ad5-46ac-bdc1-6aed8476ea53): drop table if exists acidTblPart
2024-04-24T01:11:32,919  INFO [main] txn.TxnHandler: Added entries to MIN_HISTORY_LEVEL for current txns: ([2]) with min_open_txn: 1
2024-04-24T01:11:32,919  INFO [main] lockmgr.DbTxnManager: Opened txnid:2
2024-04-24T01:11:32,919  INFO [main] HiveMetaStore.audit: ugi=alex	ip=unknown-ip-addr	cmd=get_table : tbl=hive.default.acidTblPart	
2024-04-24T01:11:32,922  INFO [main] ql.Driver: Semantic Analysis Completed (retrial = false)
2024-04-24T01:11:32,922  INFO [main] ql.Driver: Created Hive schema: Schema(fieldSchemas:null, properties:null)
2024-04-24T01:11:32,922  INFO [main] metadata.Hive: Dumping metastore api call timing information for : compilation phase
2024-04-24T01:11:32,922  INFO [main] metadata.Hive: Total time spent in each metastore function (ms): {getValidTxns_(long)=0, isCompatibleWith_(Configuration)=0, openTxn_(String, TxnType)=2, commitTxn_(CommitTxnRequest)=14, flushCache_()=0}
2024-04-24T01:11:32,922  INFO [main] ql.Driver: Completed compiling command(queryId=alex_20240424011132_03b5460e-2ad5-46ac-bdc1-6aed8476ea53); Time taken: 0.005 seconds
2024-04-24T01:11:32,923  INFO [main] lockmgr.DbTxnManager: Setting lock request transaction to txnid:2 for queryId=alex_20240424011132_03b5460e-2ad5-46ac-bdc1-6aed8476ea53
2024-04-24T01:11:32,923  INFO [main] ql.Driver: Operation DROPTABLE obtained 0 locks
2024-04-24T01:11:32,923  INFO [main] ql.Driver: Executing command(queryId=alex_20240424011132_03b5460e-2ad5-46ac-bdc1-6aed8476ea53): drop table if exists acidTblPart
2024-04-24T01:11:32,923  INFO [main] ql.Driver: Starting task [Stage-0:DDL] in serial mode
2024-04-24T01:11:32,923  INFO [main] HiveMetaStore.audit: ugi=alex	ip=unknown-ip-addr	cmd=get_table : tbl=hive.default.acidTblPart	
2024-04-24T01:11:32,926  INFO [main] metadata.Hive: Dumping metastore api call timing information for : execution phase
2024-04-24T01:11:32,926  INFO [main] metadata.Hive: Total time spent in each metastore function (ms): {isCompatibleWith_(Configuration)=0}
2024-04-24T01:11:32,926  INFO [main] ql.Driver: Completed executing command(queryId=alex_20240424011132_03b5460e-2ad5-46ac-bdc1-6aed8476ea53); Time taken: 0.003 seconds
2024-04-24T01:11:32,926  INFO [main] lockmgr.DbTxnManager: Stopped heartbeat for query: alex_20240424011132_03b5460e-2ad5-46ac-bdc1-6aed8476ea53
2024-04-24T01:11:32,933  INFO [main] txn.TxnHandler: Expected to move at least one record from txn_components to completed_txn_components when committing txn! txnid:2
2024-04-24T01:11:32,940  INFO [main] txn.TxnHandler: Removed transactions: ([2]) from MIN_HISTORY_LEVEL
2024-04-24T01:11:32,940  WARN [main] txn.CompactionTxnHandler: No compaction queue record found for Compaction type transaction commit. txnId:2
2024-04-24T01:11:32,941  INFO [main] ql.TxnCommandsBaseForTests: Running the query: drop table if exists acidTbl2
2024-04-24T01:11:32,941  INFO [main] ql.Driver: Compiling command(queryId=alex_20240424011132_88cd8a32-ccee-426e-8473-d861e3fc98df): drop table if exists acidTbl2
2024-04-24T01:11:32,943  INFO [main] txn.TxnHandler: Added entries to MIN_HISTORY_LEVEL for current txns: ([3]) with min_open_txn: 1
2024-04-24T01:11:32,943  INFO [main] lockmgr.DbTxnManager: Opened txnid:3
2024-04-24T01:11:32,944  INFO [main] HiveMetaStore.audit: ugi=alex	ip=unknown-ip-addr	cmd=get_table : tbl=hive.default.acidTbl2	
2024-04-24T01:11:32,946  INFO [main] ql.Driver: Semantic Analysis Completed (retrial = false)
2024-04-24T01:11:32,947  INFO [main] ql.Driver: Created Hive schema: Schema(fieldSchemas:null, properties:null)
2024-04-24T01:11:32,947  INFO [main] metadata.Hive: Dumping metastore api call timing information for : compilation phase
2024-04-24T01:11:32,947  INFO [main] metadata.Hive: Total time spent in each metastore function (ms): {getValidTxns_(long)=0, isCompatibleWith_(Configuration)=1, commitTxn_(CommitTxnRequest)=15, flushCache_()=0, openTxn_(String, TxnType)=2}
2024-04-24T01:11:32,947  INFO [main] ql.Driver: Completed compiling command(queryId=alex_20240424011132_88cd8a32-ccee-426e-8473-d861e3fc98df); Time taken: 0.006 seconds
2024-04-24T01:11:32,947  INFO [main] lockmgr.DbTxnManager: Setting lock request transaction to txnid:3 for queryId=alex_20240424011132_88cd8a32-ccee-426e-8473-d861e3fc98df
2024-04-24T01:11:32,947  INFO [main] ql.Driver: Operation DROPTABLE obtained 0 locks
2024-04-24T01:11:32,947  INFO [main] ql.Driver: Executing command(queryId=alex_20240424011132_88cd8a32-ccee-426e-8473-d861e3fc98df): drop table if exists acidTbl2
2024-04-24T01:11:32,947  INFO [main] ql.Driver: Starting task [Stage-0:DDL] in serial mode
2024-04-24T01:11:32,947  INFO [main] HiveMetaStore.audit: ugi=alex	ip=unknown-ip-addr	cmd=get_table : tbl=hive.default.acidTbl2	
2024-04-24T01:11:32,950  INFO [main] metadata.Hive: Dumping metastore api call timing information for : execution phase
2024-04-24T01:11:32,950  INFO [main] metadata.Hive: Total time spent in each metastore function (ms): {isCompatibleWith_(Configuration)=0}
2024-04-24T01:11:32,950  INFO [main] ql.Driver: Completed executing command(queryId=alex_20240424011132_88cd8a32-ccee-426e-8473-d861e3fc98df); Time taken: 0.003 seconds
2024-04-24T01:11:32,950  INFO [main] lockmgr.DbTxnManager: Stopped heartbeat for query: alex_20240424011132_88cd8a32-ccee-426e-8473-d861e3fc98df
2024-04-24T01:11:32,957  INFO [main] txn.TxnHandler: Expected to move at least one record from txn_components to completed_txn_components when committing txn! txnid:3
2024-04-24T01:11:32,965  INFO [main] txn.TxnHandler: Removed transactions: ([3]) from MIN_HISTORY_LEVEL
2024-04-24T01:11:32,965  WARN [main] txn.CompactionTxnHandler: No compaction queue record found for Compaction type transaction commit. txnId:3
2024-04-24T01:11:32,966  INFO [main] ql.TxnCommandsBaseForTests: Running the query: drop table if exists nonAcidOrcTbl
2024-04-24T01:11:32,966  INFO [main] ql.Driver: Compiling command(queryId=alex_20240424011132_93afa1d7-a817-45f5-82f6-1ce6850bb0d7): drop table if exists nonAcidOrcTbl
2024-04-24T01:11:32,968  INFO [main] txn.TxnHandler: Added entries to MIN_HISTORY_LEVEL for current txns: ([4]) with min_open_txn: 1
2024-04-24T01:11:32,968  INFO [main] lockmgr.DbTxnManager: Opened txnid:4
2024-04-24T01:11:32,969  INFO [main] HiveMetaStore.audit: ugi=alex	ip=unknown-ip-addr	cmd=get_table : tbl=hive.default.nonAcidOrcTbl	
2024-04-24T01:11:32,972  INFO [main] ql.Driver: Semantic Analysis Completed (retrial = false)
2024-04-24T01:11:32,972  INFO [main] ql.Driver: Created Hive schema: Schema(fieldSchemas:null, properties:null)
2024-04-24T01:11:32,972  INFO [main] metadata.Hive: Dumping metastore api call timing information for : compilation phase
2024-04-24T01:11:32,972  INFO [main] metadata.Hive: Total time spent in each metastore function (ms): {getValidTxns_(long)=0, flushCache_()=0, isCompatibleWith_(Configuration)=2, commitTxn_(CommitTxnRequest)=15, openTxn_(String, TxnType)=2}
2024-04-24T01:11:32,972  INFO [main] ql.Driver: Completed compiling command(queryId=alex_20240424011132_93afa1d7-a817-45f5-82f6-1ce6850bb0d7); Time taken: 0.006 seconds
2024-04-24T01:11:32,972  INFO [main] lockmgr.DbTxnManager: Setting lock request transaction to txnid:4 for queryId=alex_20240424011132_93afa1d7-a817-45f5-82f6-1ce6850bb0d7
2024-04-24T01:11:32,972  INFO [main] ql.Driver: Operation DROPTABLE obtained 0 locks
2024-04-24T01:11:32,972  INFO [main] ql.Driver: Executing command(queryId=alex_20240424011132_93afa1d7-a817-45f5-82f6-1ce6850bb0d7): drop table if exists nonAcidOrcTbl
2024-04-24T01:11:32,972  INFO [main] ql.Driver: Starting task [Stage-0:DDL] in serial mode
2024-04-24T01:11:32,972  INFO [main] HiveMetaStore.audit: ugi=alex	ip=unknown-ip-addr	cmd=get_table : tbl=hive.default.nonAcidOrcTbl	
2024-04-24T01:11:32,975  INFO [main] metadata.Hive: Dumping metastore api call timing information for : execution phase
2024-04-24T01:11:32,975  INFO [main] metadata.Hive: Total time spent in each metastore function (ms): {isCompatibleWith_(Configuration)=0}
2024-04-24T01:11:32,976  INFO [main] ql.Driver: Completed executing command(queryId=alex_20240424011132_93afa1d7-a817-45f5-82f6-1ce6850bb0d7); Time taken: 0.003 seconds
2024-04-24T01:11:32,976  INFO [main] lockmgr.DbTxnManager: Stopped heartbeat for query: alex_20240424011132_93afa1d7-a817-45f5-82f6-1ce6850bb0d7
2024-04-24T01:11:32,982  INFO [main] txn.TxnHandler: Expected to move at least one record from txn_components to completed_txn_components when committing txn! txnid:4
2024-04-24T01:11:32,991  INFO [main] txn.TxnHandler: Removed transactions: ([4]) from MIN_HISTORY_LEVEL
2024-04-24T01:11:32,991  WARN [main] txn.CompactionTxnHandler: No compaction queue record found for Compaction type transaction commit. txnId:4
2024-04-24T01:11:32,991  INFO [main] ql.TxnCommandsBaseForTests: Running the query: drop table if exists nonAcidOrcTbl2
2024-04-24T01:11:32,991  INFO [main] ql.Driver: Compiling command(queryId=alex_20240424011132_785f71d1-ca5c-4f23-9440-971687cdb906): drop table if exists nonAcidOrcTbl2
2024-04-24T01:11:32,994  INFO [main] txn.TxnHandler: Added entries to MIN_HISTORY_LEVEL for current txns: ([5]) with min_open_txn: 1
2024-04-24T01:11:32,994  INFO [main] lockmgr.DbTxnManager: Opened txnid:5
2024-04-24T01:11:32,995  INFO [main] HiveMetaStore.audit: ugi=alex	ip=unknown-ip-addr	cmd=get_table : tbl=hive.default.nonAcidOrcTbl2	
2024-04-24T01:11:32,997  INFO [main] ql.Driver: Semantic Analysis Completed (retrial = false)
2024-04-24T01:11:32,997  INFO [main] ql.Driver: Created Hive schema: Schema(fieldSchemas:null, properties:null)
2024-04-24T01:11:32,997  INFO [main] metadata.Hive: Dumping metastore api call timing information for : compilation phase
2024-04-24T01:11:32,998  INFO [main] metadata.Hive: Total time spent in each metastore function (ms): {isCompatibleWith_(Configuration)=1, commitTxn_(CommitTxnRequest)=15, openTxn_(String, TxnType)=2, flushCache_()=0, getValidTxns_(long)=0}
2024-04-24T01:11:32,998  INFO [main] ql.Driver: Completed compiling command(queryId=alex_20240424011132_785f71d1-ca5c-4f23-9440-971687cdb906); Time taken: 0.006 seconds
2024-04-24T01:11:32,998  INFO [main] lockmgr.DbTxnManager: Setting lock request transaction to txnid:5 for queryId=alex_20240424011132_785f71d1-ca5c-4f23-9440-971687cdb906
2024-04-24T01:11:32,998  INFO [main] ql.Driver: Operation DROPTABLE obtained 0 locks
2024-04-24T01:11:32,998  INFO [main] ql.Driver: Executing command(queryId=alex_20240424011132_785f71d1-ca5c-4f23-9440-971687cdb906): drop table if exists nonAcidOrcTbl2
2024-04-24T01:11:32,998  INFO [main] ql.Driver: Starting task [Stage-0:DDL] in serial mode
2024-04-24T01:11:32,998  INFO [main] HiveMetaStore.audit: ugi=alex	ip=unknown-ip-addr	cmd=get_table : tbl=hive.default.nonAcidOrcTbl2	
2024-04-24T01:11:33,001  INFO [main] metadata.Hive: Dumping metastore api call timing information for : execution phase
2024-04-24T01:11:33,001  INFO [main] metadata.Hive: Total time spent in each metastore function (ms): {isCompatibleWith_(Configuration)=0}
2024-04-24T01:11:33,001  INFO [main] ql.Driver: Completed executing command(queryId=alex_20240424011132_785f71d1-ca5c-4f23-9440-971687cdb906); Time taken: 0.003 seconds
2024-04-24T01:11:33,001  INFO [main] lockmgr.DbTxnManager: Stopped heartbeat for query: alex_20240424011132_785f71d1-ca5c-4f23-9440-971687cdb906
2024-04-24T01:11:33,009  INFO [main] txn.TxnHandler: Expected to move at least one record from txn_components to completed_txn_components when committing txn! txnid:5
2024-04-24T01:11:33,019  INFO [main] txn.TxnHandler: Removed transactions: ([5]) from MIN_HISTORY_LEVEL
2024-04-24T01:11:33,019  WARN [main] txn.CompactionTxnHandler: No compaction queue record found for Compaction type transaction commit. txnId:5
2024-04-24T01:11:33,020  INFO [main] ql.TxnCommandsBaseForTests: Running the query: drop table if exists nonAcidNonBucket
2024-04-24T01:11:33,020  INFO [main] ql.Driver: Compiling command(queryId=alex_20240424011133_341d441c-613d-4bba-b648-a2d6b6702620): drop table if exists nonAcidNonBucket
2024-04-24T01:11:33,022  INFO [main] txn.TxnHandler: Added entries to MIN_HISTORY_LEVEL for current txns: ([6]) with min_open_txn: 1
2024-04-24T01:11:33,023  INFO [main] lockmgr.DbTxnManager: Opened txnid:6
2024-04-24T01:11:33,023  INFO [main] HiveMetaStore.audit: ugi=alex	ip=unknown-ip-addr	cmd=get_table : tbl=hive.default.nonAcidNonBucket	
2024-04-24T01:11:33,027  INFO [main] ql.Driver: Semantic Analysis Completed (retrial = false)
2024-04-24T01:11:33,027  INFO [main] ql.Driver: Created Hive schema: Schema(fieldSchemas:null, properties:null)
2024-04-24T01:11:33,027  INFO [main] metadata.Hive: Dumping metastore api call timing information for : compilation phase
2024-04-24T01:11:33,027  INFO [main] metadata.Hive: Total time spent in each metastore function (ms): {getValidTxns_(long)=0, isCompatibleWith_(Configuration)=1, flushCache_()=0, commitTxn_(CommitTxnRequest)=17, openTxn_(String, TxnType)=3}
2024-04-24T01:11:33,027  INFO [main] ql.Driver: Completed compiling command(queryId=alex_20240424011133_341d441c-613d-4bba-b648-a2d6b6702620); Time taken: 0.007 seconds
2024-04-24T01:11:33,028  INFO [main] lockmgr.DbTxnManager: Setting lock request transaction to txnid:6 for queryId=alex_20240424011133_341d441c-613d-4bba-b648-a2d6b6702620
2024-04-24T01:11:33,028  INFO [main] ql.Driver: Operation DROPTABLE obtained 0 locks
2024-04-24T01:11:33,028  INFO [main] ql.Driver: Executing command(queryId=alex_20240424011133_341d441c-613d-4bba-b648-a2d6b6702620): drop table if exists nonAcidNonBucket
2024-04-24T01:11:33,028  INFO [main] ql.Driver: Starting task [Stage-0:DDL] in serial mode
2024-04-24T01:11:33,028  INFO [main] HiveMetaStore.audit: ugi=alex	ip=unknown-ip-addr	cmd=get_table : tbl=hive.default.nonAcidNonBucket	
2024-04-24T01:11:33,031  INFO [main] metadata.Hive: Dumping metastore api call timing information for : execution phase
2024-04-24T01:11:33,031  INFO [main] metadata.Hive: Total time spent in each metastore function (ms): {isCompatibleWith_(Configuration)=0}
2024-04-24T01:11:33,031  INFO [main] ql.Driver: Completed executing command(queryId=alex_20240424011133_341d441c-613d-4bba-b648-a2d6b6702620); Time taken: 0.003 seconds
2024-04-24T01:11:33,031  INFO [main] lockmgr.DbTxnManager: Stopped heartbeat for query: alex_20240424011133_341d441c-613d-4bba-b648-a2d6b6702620
2024-04-24T01:11:33,038  INFO [main] txn.TxnHandler: Expected to move at least one record from txn_components to completed_txn_components when committing txn! txnid:6
2024-04-24T01:11:33,047  INFO [main] txn.TxnHandler: Removed transactions: ([6]) from MIN_HISTORY_LEVEL
2024-04-24T01:11:33,048  WARN [main] txn.CompactionTxnHandler: No compaction queue record found for Compaction type transaction commit. txnId:6
2024-04-24T01:11:33,048  INFO [main] ql.TxnCommandsBaseForTests: Running the query: create table acidTbl(a int, b int) clustered by (a) into 2 buckets stored as orc TBLPROPERTIES ('transactional'='true')
2024-04-24T01:11:33,048  INFO [main] ql.Driver: Compiling command(queryId=alex_20240424011133_c9a24054-8786-48d9-bdeb-6ae286d5131d): create table acidTbl(a int, b int) clustered by (a) into 2 buckets stored as orc TBLPROPERTIES ('transactional'='true')
2024-04-24T01:11:33,052  INFO [main] txn.TxnHandler: Added entries to MIN_HISTORY_LEVEL for current txns: ([7]) with min_open_txn: 1
2024-04-24T01:11:33,052  INFO [main] lockmgr.DbTxnManager: Opened txnid:7
2024-04-24T01:11:33,053  INFO [main] parse.CalcitePlanner: Starting caching scope for: 
2024-04-24T01:11:33,053  INFO [main] parse.CalcitePlanner: Starting Semantic Analysis
2024-04-24T01:11:33,061  INFO [main] parse.CalcitePlanner: Creating table default.acidTbl position=13
2024-04-24T01:11:33,061  INFO [main] HiveMetaStore.audit: ugi=alex	ip=unknown-ip-addr	cmd=get_database: default	
2024-04-24T01:11:33,062  INFO [main] parse.CalcitePlanner: Ending caching scope for: 
2024-04-24T01:11:33,062  INFO [main] ql.Driver: Semantic Analysis Completed (retrial = false)
2024-04-24T01:11:33,063  INFO [main] ql.Driver: Created Hive schema: Schema(fieldSchemas:null, properties:null)
2024-04-24T01:11:33,063  INFO [main] metadata.Hive: Dumping metastore api call timing information for : compilation phase
2024-04-24T01:11:33,063  INFO [main] metadata.Hive: Total time spent in each metastore function (ms): {flushCache_()=0, openTxn_(String, TxnType)=3, getDatabase_(String)=1, commitTxn_(CommitTxnRequest)=16, getValidTxns_(long)=0, isCompatibleWith_(Configuration)=2, getValidWriteIds_(List, String)=8}
2024-04-24T01:11:33,063  INFO [main] ql.Driver: Completed compiling command(queryId=alex_20240424011133_c9a24054-8786-48d9-bdeb-6ae286d5131d); Time taken: 0.015 seconds
2024-04-24T01:11:33,063  INFO [main] lockmgr.DbTxnManager: Setting lock request transaction to txnid:7 for queryId=alex_20240424011133_c9a24054-8786-48d9-bdeb-6ae286d5131d
2024-04-24T01:11:33,063  INFO [main] lockmgr.DbLockManager: Requesting lock for queryId=alex_20240424011133_c9a24054-8786-48d9-bdeb-6ae286d5131d
2024-04-24T01:11:33,086  INFO [main] lockmgr.DbLockManager: Response to queryId=alex_20240424011133_c9a24054-8786-48d9-bdeb-6ae286d5131d LockResponse(lockid:1, state:ACQUIRED)
2024-04-24T01:11:33,086  INFO [main] ql.Driver: Operation CREATETABLE obtained 1 locks
2024-04-24T01:11:33,087  INFO [main] ql.Driver: Executing command(queryId=alex_20240424011133_c9a24054-8786-48d9-bdeb-6ae286d5131d): create table acidTbl(a int, b int) clustered by (a) into 2 buckets stored as orc TBLPROPERTIES ('transactional'='true')
2024-04-24T01:11:33,087  INFO [main] ql.Driver: Starting task [Stage-0:DDL] in serial mode
2024-04-24T01:11:33,088  INFO [main] HiveMetaStore.audit: ugi=alex	ip=unknown-ip-addr	cmd=create_table_req: Table(tableName:acidTbl, dbName:default, owner:alex, createTime:1713946293, lastAccessTime:0, retention:0, sd:StorageDescriptor(cols:[FieldSchema(name:a, type:int, comment:null), FieldSchema(name:b, type:int, comment:null)], location:null, inputFormat:org.apache.hadoop.hive.ql.io.orc.OrcInputFormat, outputFormat:org.apache.hadoop.hive.ql.io.orc.OrcOutputFormat, compressed:false, numBuckets:2, serdeInfo:SerDeInfo(name:null, serializationLib:org.apache.hadoop.hive.ql.io.orc.OrcSerde, parameters:{serialization.format=1}), bucketCols:[a], sortCols:[], parameters:{}, skewedInfo:SkewedInfo(skewedColNames:[], skewedColValues:[], skewedColValueLocationMaps:{}), storedAsSubDirectories:false), partitionKeys:[], parameters:{numRows=0, COLUMN_STATS_ACCURATE={"BASIC_STATS":"true","COLUMN_STATS":{"a":"true","b":"true"}}, transactional=true, totalSize=0, rawDataSize=0, numFiles=0, bucketing_version=2, numFilesErasureCoded=0}, viewOriginalText:null, viewExpandedText:null, tableType:MANAGED_TABLE, privileges:PrincipalPrivilegeSet(userPrivileges:{alex=[PrivilegeGrantInfo(privilege:INSERT, createTime:-1, grantor:alex, grantorType:USER, grantOption:true), PrivilegeGrantInfo(privilege:SELECT, createTime:-1, grantor:alex, grantorType:USER, grantOption:true), PrivilegeGrantInfo(privilege:UPDATE, createTime:-1, grantor:alex, grantorType:USER, grantOption:true), PrivilegeGrantInfo(privilege:DELETE, createTime:-1, grantor:alex, grantorType:USER, grantOption:true)]}, groupPrivileges:null, rolePrivileges:null), temporary:false, catName:hive, ownerType:USER, writeId:0)	
2024-04-24T01:11:33,093  INFO [main] utils.FileUtils: Creating directory if it doesn't exist: file:/home/alex/Repositories/hive/ql/target/tmp/org.apache.hadoop.hive.ql.TestTxnCommands-1713946100941/warehouse/acidtbl
2024-04-24T01:11:33,140  INFO [main] metadata.Hive: Dumping metastore api call timing information for : execution phase
2024-04-24T01:11:33,140  INFO [main] metadata.Hive: Total time spent in each metastore function (ms): {isCompatibleWith_(Configuration)=0, createTable_(Table)=52}
2024-04-24T01:11:33,140  INFO [main] ql.Driver: Completed executing command(queryId=alex_20240424011133_c9a24054-8786-48d9-bdeb-6ae286d5131d); Time taken: 0.053 seconds
2024-04-24T01:11:33,140  INFO [main] lockmgr.DbTxnManager: Stopped heartbeat for query: alex_20240424011133_c9a24054-8786-48d9-bdeb-6ae286d5131d
2024-04-24T01:11:33,144  INFO [main] txn.TxnHandler: Expected to move at least one record from txn_components to completed_txn_components when committing txn! txnid:7
2024-04-24T01:11:33,152  INFO [main] txn.TxnHandler: Removed transactions: ([7]) from MIN_HISTORY_LEVEL
2024-04-24T01:11:33,153  WARN [main] txn.CompactionTxnHandler: No compaction queue record found for Compaction type transaction commit. txnId:7
2024-04-24T01:11:33,153  INFO [main] ql.TxnCommandsBaseForTests: Running the query: create table acidTblPart(a int, b int) partitioned by (p string) clustered by (a) into 2 buckets stored as orc TBLPROPERTIES ('transactional'='true')
2024-04-24T01:11:33,153  INFO [main] ql.Driver: Compiling command(queryId=alex_20240424011133_c6a5fff0-a806-486a-af54-7823ec6f0a40): create table acidTblPart(a int, b int) partitioned by (p string) clustered by (a) into 2 buckets stored as orc TBLPROPERTIES ('transactional'='true')
2024-04-24T01:11:33,156  INFO [main] txn.TxnHandler: Added entries to MIN_HISTORY_LEVEL for current txns: ([8]) with min_open_txn: 1
2024-04-24T01:11:33,157  INFO [main] lockmgr.DbTxnManager: Opened txnid:8
2024-04-24T01:11:33,157  INFO [main] parse.CalcitePlanner: Starting caching scope for: 
2024-04-24T01:11:33,157  INFO [main] parse.CalcitePlanner: Starting Semantic Analysis
2024-04-24T01:11:33,160  INFO [main] parse.CalcitePlanner: Creating table default.acidTblPart position=13
2024-04-24T01:11:33,160  INFO [main] HiveMetaStore.audit: ugi=alex	ip=unknown-ip-addr	cmd=get_database: default	
2024-04-24T01:11:33,162  INFO [main] parse.CalcitePlanner: Ending caching scope for: 
2024-04-24T01:11:33,162  INFO [main] ql.Driver: Semantic Analysis Completed (retrial = false)
2024-04-24T01:11:33,162  INFO [main] ql.Driver: Created Hive schema: Schema(fieldSchemas:null, properties:null)
2024-04-24T01:11:33,162  INFO [main] metadata.Hive: Dumping metastore api call timing information for : compilation phase
2024-04-24T01:11:33,162  INFO [main] metadata.Hive: Total time spent in each metastore function (ms): {isCompatibleWith_(Configuration)=0, openTxn_(String, TxnType)=3, getValidWriteIds_(List, String)=3, getDatabase_(String)=2, commitTxn_(CommitTxnRequest)=13, flushCache_()=0, getValidTxns_(long)=0}
2024-04-24T01:11:33,162  INFO [main] ql.Driver: Completed compiling command(queryId=alex_20240424011133_c6a5fff0-a806-486a-af54-7823ec6f0a40); Time taken: 0.009 seconds
2024-04-24T01:11:33,163  INFO [main] lockmgr.DbTxnManager: Setting lock request transaction to txnid:8 for queryId=alex_20240424011133_c6a5fff0-a806-486a-af54-7823ec6f0a40
2024-04-24T01:11:33,163  INFO [main] lockmgr.DbLockManager: Requesting lock for queryId=alex_20240424011133_c6a5fff0-a806-486a-af54-7823ec6f0a40
2024-04-24T01:11:33,180  INFO [main] lockmgr.DbLockManager: Response to queryId=alex_20240424011133_c6a5fff0-a806-486a-af54-7823ec6f0a40 LockResponse(lockid:2, state:ACQUIRED)
2024-04-24T01:11:33,180  INFO [main] ql.Driver: Operation CREATETABLE obtained 1 locks
2024-04-24T01:11:33,180  INFO [main] ql.Driver: Executing command(queryId=alex_20240424011133_c6a5fff0-a806-486a-af54-7823ec6f0a40): create table acidTblPart(a int, b int) partitioned by (p string) clustered by (a) into 2 buckets stored as orc TBLPROPERTIES ('transactional'='true')
2024-04-24T01:11:33,180  INFO [main] ql.Driver: Starting task [Stage-0:DDL] in serial mode
2024-04-24T01:11:33,181  INFO [main] HiveMetaStore.audit: ugi=alex	ip=unknown-ip-addr	cmd=create_table_req: Table(tableName:acidTblPart, dbName:default, owner:alex, createTime:1713946293, lastAccessTime:0, retention:0, sd:StorageDescriptor(cols:[FieldSchema(name:a, type:int, comment:null), FieldSchema(name:b, type:int, comment:null)], location:null, inputFormat:org.apache.hadoop.hive.ql.io.orc.OrcInputFormat, outputFormat:org.apache.hadoop.hive.ql.io.orc.OrcOutputFormat, compressed:false, numBuckets:2, serdeInfo:SerDeInfo(name:null, serializationLib:org.apache.hadoop.hive.ql.io.orc.OrcSerde, parameters:{serialization.format=1}), bucketCols:[a], sortCols:[], parameters:{}, skewedInfo:SkewedInfo(skewedColNames:[], skewedColValues:[], skewedColValueLocationMaps:{}), storedAsSubDirectories:false), partitionKeys:[FieldSchema(name:p, type:string, comment:null)], parameters:{bucketing_version=2, transactional=true}, viewOriginalText:null, viewExpandedText:null, tableType:MANAGED_TABLE, privileges:PrincipalPrivilegeSet(userPrivileges:{alex=[PrivilegeGrantInfo(privilege:INSERT, createTime:-1, grantor:alex, grantorType:USER, grantOption:true), PrivilegeGrantInfo(privilege:SELECT, createTime:-1, grantor:alex, grantorType:USER, grantOption:true), PrivilegeGrantInfo(privilege:UPDATE, createTime:-1, grantor:alex, grantorType:USER, grantOption:true), PrivilegeGrantInfo(privilege:DELETE, createTime:-1, grantor:alex, grantorType:USER, grantOption:true)]}, groupPrivileges:null, rolePrivileges:null), temporary:false, catName:hive, ownerType:USER, writeId:0)	
2024-04-24T01:11:33,187  INFO [main] utils.FileUtils: Creating directory if it doesn't exist: file:/home/alex/Repositories/hive/ql/target/tmp/org.apache.hadoop.hive.ql.TestTxnCommands-1713946100941/warehouse/acidtblpart
2024-04-24T01:11:33,204  INFO [main] metadata.Hive: Dumping metastore api call timing information for : execution phase
2024-04-24T01:11:33,204  INFO [main] metadata.Hive: Total time spent in each metastore function (ms): {createTable_(Table)=23, isCompatibleWith_(Configuration)=0}
2024-04-24T01:11:33,204  INFO [main] ql.Driver: Completed executing command(queryId=alex_20240424011133_c6a5fff0-a806-486a-af54-7823ec6f0a40); Time taken: 0.024 seconds
2024-04-24T01:11:33,205  INFO [main] lockmgr.DbTxnManager: Stopped heartbeat for query: alex_20240424011133_c6a5fff0-a806-486a-af54-7823ec6f0a40
2024-04-24T01:11:33,210  INFO [main] txn.TxnHandler: Expected to move at least one record from txn_components to completed_txn_components when committing txn! txnid:8
2024-04-24T01:11:33,219  INFO [main] txn.TxnHandler: Removed transactions: ([8]) from MIN_HISTORY_LEVEL
2024-04-24T01:11:33,219  WARN [main] txn.CompactionTxnHandler: No compaction queue record found for Compaction type transaction commit. txnId:8
2024-04-24T01:11:33,220  INFO [main] ql.TxnCommandsBaseForTests: Running the query: create table nonAcidOrcTbl(a int, b int) clustered by (a) into 2 buckets stored as orc TBLPROPERTIES ('transactional'='false')
2024-04-24T01:11:33,220  INFO [main] ql.Driver: Compiling command(queryId=alex_20240424011133_d649664e-c441-43e6-bc29-24de15d8614f): create table nonAcidOrcTbl(a int, b int) clustered by (a) into 2 buckets stored as orc TBLPROPERTIES ('transactional'='false')
2024-04-24T01:11:33,222  INFO [main] txn.TxnHandler: Added entries to MIN_HISTORY_LEVEL for current txns: ([9]) with min_open_txn: 1
2024-04-24T01:11:33,223  INFO [main] lockmgr.DbTxnManager: Opened txnid:9
2024-04-24T01:11:33,223  INFO [main] parse.CalcitePlanner: Starting caching scope for: 
2024-04-24T01:11:33,223  INFO [main] parse.CalcitePlanner: Starting Semantic Analysis
2024-04-24T01:11:33,226  INFO [main] parse.CalcitePlanner: Creating table default.nonAcidOrcTbl position=13
2024-04-24T01:11:33,226  INFO [main] HiveMetaStore.audit: ugi=alex	ip=unknown-ip-addr	cmd=get_database: default	
2024-04-24T01:11:33,228  INFO [main] parse.CalcitePlanner: Ending caching scope for: 
2024-04-24T01:11:33,228  INFO [main] ql.Driver: Semantic Analysis Completed (retrial = false)
2024-04-24T01:11:33,228  INFO [main] ql.Driver: Created Hive schema: Schema(fieldSchemas:null, properties:null)
2024-04-24T01:11:33,228  INFO [main] metadata.Hive: Dumping metastore api call timing information for : compilation phase
2024-04-24T01:11:33,228  INFO [main] metadata.Hive: Total time spent in each metastore function (ms): {flushCache_()=0, getDatabase_(String)=2, getValidTxns_(long)=0, openTxn_(String, TxnType)=3, isCompatibleWith_(Configuration)=0, getValidWriteIds_(List, String)=3, commitTxn_(CommitTxnRequest)=15}
2024-04-24T01:11:33,229  INFO [main] ql.Driver: Completed compiling command(queryId=alex_20240424011133_d649664e-c441-43e6-bc29-24de15d8614f); Time taken: 0.008 seconds
2024-04-24T01:11:33,229  INFO [main] lockmgr.DbTxnManager: Setting lock request transaction to txnid:9 for queryId=alex_20240424011133_d649664e-c441-43e6-bc29-24de15d8614f
2024-04-24T01:11:33,229  INFO [main] lockmgr.DbLockManager: Requesting lock for queryId=alex_20240424011133_d649664e-c441-43e6-bc29-24de15d8614f
2024-04-24T01:11:33,247  INFO [main] lockmgr.DbLockManager: Response to queryId=alex_20240424011133_d649664e-c441-43e6-bc29-24de15d8614f LockResponse(lockid:3, state:ACQUIRED)
2024-04-24T01:11:33,247  INFO [main] ql.Driver: Operation CREATETABLE obtained 1 locks
2024-04-24T01:11:33,247  INFO [main] ql.Driver: Executing command(queryId=alex_20240424011133_d649664e-c441-43e6-bc29-24de15d8614f): create table nonAcidOrcTbl(a int, b int) clustered by (a) into 2 buckets stored as orc TBLPROPERTIES ('transactional'='false')
2024-04-24T01:11:33,248  INFO [main] ql.Driver: Starting task [Stage-0:DDL] in serial mode
2024-04-24T01:11:33,248  INFO [main] HiveMetaStore.audit: ugi=alex	ip=unknown-ip-addr	cmd=create_table_req: Table(tableName:nonAcidOrcTbl, dbName:default, owner:alex, createTime:1713946293, lastAccessTime:0, retention:0, sd:StorageDescriptor(cols:[FieldSchema(name:a, type:int, comment:null), FieldSchema(name:b, type:int, comment:null)], location:null, inputFormat:org.apache.hadoop.hive.ql.io.orc.OrcInputFormat, outputFormat:org.apache.hadoop.hive.ql.io.orc.OrcOutputFormat, compressed:false, numBuckets:2, serdeInfo:SerDeInfo(name:null, serializationLib:org.apache.hadoop.hive.ql.io.orc.OrcSerde, parameters:{serialization.format=1}), bucketCols:[a], sortCols:[], parameters:{}, skewedInfo:SkewedInfo(skewedColNames:[], skewedColValues:[], skewedColValueLocationMaps:{}), storedAsSubDirectories:false), partitionKeys:[], parameters:{bucketing_version=2, numRows=0, numFiles=0, totalSize=0, COLUMN_STATS_ACCURATE={"BASIC_STATS":"true","COLUMN_STATS":{"a":"true","b":"true"}}, numFilesErasureCoded=0, rawDataSize=0, transactional=false}, viewOriginalText:null, viewExpandedText:null, tableType:MANAGED_TABLE, privileges:PrincipalPrivilegeSet(userPrivileges:{alex=[PrivilegeGrantInfo(privilege:INSERT, createTime:-1, grantor:alex, grantorType:USER, grantOption:true), PrivilegeGrantInfo(privilege:SELECT, createTime:-1, grantor:alex, grantorType:USER, grantOption:true), PrivilegeGrantInfo(privilege:UPDATE, createTime:-1, grantor:alex, grantorType:USER, grantOption:true), PrivilegeGrantInfo(privilege:DELETE, createTime:-1, grantor:alex, grantorType:USER, grantOption:true)]}, groupPrivileges:null, rolePrivileges:null), temporary:false, catName:hive, ownerType:USER)	
2024-04-24T01:11:33,254  INFO [main] utils.FileUtils: Creating directory if it doesn't exist: file:/home/alex/Repositories/hive/ql/target/tmp/org.apache.hadoop.hive.ql.TestTxnCommands-1713946100941/warehouse/nonacidorctbl
2024-04-24T01:11:33,269  INFO [main] metadata.Hive: Dumping metastore api call timing information for : execution phase
2024-04-24T01:11:33,269  INFO [main] metadata.Hive: Total time spent in each metastore function (ms): {createTable_(Table)=20, isCompatibleWith_(Configuration)=0}
2024-04-24T01:11:33,269  INFO [main] ql.Driver: Completed executing command(queryId=alex_20240424011133_d649664e-c441-43e6-bc29-24de15d8614f); Time taken: 0.022 seconds
2024-04-24T01:11:33,269  INFO [main] lockmgr.DbTxnManager: Stopped heartbeat for query: alex_20240424011133_d649664e-c441-43e6-bc29-24de15d8614f
2024-04-24T01:11:33,274  INFO [main] txn.TxnHandler: Expected to move at least one record from txn_components to completed_txn_components when committing txn! txnid:9
2024-04-24T01:11:33,282  INFO [main] txn.TxnHandler: Removed transactions: ([9]) from MIN_HISTORY_LEVEL
2024-04-24T01:11:33,282  WARN [main] txn.CompactionTxnHandler: No compaction queue record found for Compaction type transaction commit. txnId:9
2024-04-24T01:11:33,283  INFO [main] ql.TxnCommandsBaseForTests: Running the query: create table nonAcidOrcTbl2(a int, b int) clustered by (a) into 2 buckets stored as orc TBLPROPERTIES ('transactional'='false')
2024-04-24T01:11:33,283  INFO [main] ql.Driver: Compiling command(queryId=alex_20240424011133_fdef125f-c977-4c73-8296-037db57a2500): create table nonAcidOrcTbl2(a int, b int) clustered by (a) into 2 buckets stored as orc TBLPROPERTIES ('transactional'='false')
2024-04-24T01:11:33,285  INFO [main] txn.TxnHandler: Added entries to MIN_HISTORY_LEVEL for current txns: ([10]) with min_open_txn: 1
2024-04-24T01:11:33,285  INFO [main] lockmgr.DbTxnManager: Opened txnid:10
2024-04-24T01:11:33,286  INFO [main] parse.CalcitePlanner: Starting caching scope for: 
2024-04-24T01:11:33,286  INFO [main] parse.CalcitePlanner: Starting Semantic Analysis
2024-04-24T01:11:33,288  INFO [main] parse.CalcitePlanner: Creating table default.nonAcidOrcTbl2 position=13
2024-04-24T01:11:33,289  INFO [main] HiveMetaStore.audit: ugi=alex	ip=unknown-ip-addr	cmd=get_database: default	
2024-04-24T01:11:33,290  INFO [main] parse.CalcitePlanner: Ending caching scope for: 
2024-04-24T01:11:33,290  INFO [main] ql.Driver: Semantic Analysis Completed (retrial = false)
2024-04-24T01:11:33,290  INFO [main] ql.Driver: Created Hive schema: Schema(fieldSchemas:null, properties:null)
2024-04-24T01:11:33,290  INFO [main] metadata.Hive: Dumping metastore api call timing information for : compilation phase
2024-04-24T01:11:33,290  INFO [main] metadata.Hive: Total time spent in each metastore function (ms): {getValidWriteIds_(List, String)=2, isCompatibleWith_(Configuration)=1, openTxn_(String, TxnType)=2, getValidTxns_(long)=0, commitTxn_(CommitTxnRequest)=14, getDatabase_(String)=2, flushCache_()=0}
2024-04-24T01:11:33,290  INFO [main] ql.Driver: Completed compiling command(queryId=alex_20240424011133_fdef125f-c977-4c73-8296-037db57a2500); Time taken: 0.007 seconds
2024-04-24T01:11:33,291  INFO [main] lockmgr.DbTxnManager: Setting lock request transaction to txnid:10 for queryId=alex_20240424011133_fdef125f-c977-4c73-8296-037db57a2500
2024-04-24T01:11:33,291  INFO [main] lockmgr.DbLockManager: Requesting lock for queryId=alex_20240424011133_fdef125f-c977-4c73-8296-037db57a2500
2024-04-24T01:11:33,307  INFO [main] lockmgr.DbLockManager: Response to queryId=alex_20240424011133_fdef125f-c977-4c73-8296-037db57a2500 LockResponse(lockid:4, state:ACQUIRED)
2024-04-24T01:11:33,307  INFO [main] ql.Driver: Operation CREATETABLE obtained 1 locks
2024-04-24T01:11:33,307  INFO [main] ql.Driver: Executing command(queryId=alex_20240424011133_fdef125f-c977-4c73-8296-037db57a2500): create table nonAcidOrcTbl2(a int, b int) clustered by (a) into 2 buckets stored as orc TBLPROPERTIES ('transactional'='false')
2024-04-24T01:11:33,308  INFO [main] ql.Driver: Starting task [Stage-0:DDL] in serial mode
2024-04-24T01:11:33,308  INFO [main] HiveMetaStore.audit: ugi=alex	ip=unknown-ip-addr	cmd=create_table_req: Table(tableName:nonAcidOrcTbl2, dbName:default, owner:alex, createTime:1713946293, lastAccessTime:0, retention:0, sd:StorageDescriptor(cols:[FieldSchema(name:a, type:int, comment:null), FieldSchema(name:b, type:int, comment:null)], location:null, inputFormat:org.apache.hadoop.hive.ql.io.orc.OrcInputFormat, outputFormat:org.apache.hadoop.hive.ql.io.orc.OrcOutputFormat, compressed:false, numBuckets:2, serdeInfo:SerDeInfo(name:null, serializationLib:org.apache.hadoop.hive.ql.io.orc.OrcSerde, parameters:{serialization.format=1}), bucketCols:[a], sortCols:[], parameters:{}, skewedInfo:SkewedInfo(skewedColNames:[], skewedColValues:[], skewedColValueLocationMaps:{}), storedAsSubDirectories:false), partitionKeys:[], parameters:{numFiles=0, bucketing_version=2, numRows=0, rawDataSize=0, totalSize=0, numFilesErasureCoded=0, transactional=false, COLUMN_STATS_ACCURATE={"BASIC_STATS":"true","COLUMN_STATS":{"a":"true","b":"true"}}}, viewOriginalText:null, viewExpandedText:null, tableType:MANAGED_TABLE, privileges:PrincipalPrivilegeSet(userPrivileges:{alex=[PrivilegeGrantInfo(privilege:INSERT, createTime:-1, grantor:alex, grantorType:USER, grantOption:true), PrivilegeGrantInfo(privilege:SELECT, createTime:-1, grantor:alex, grantorType:USER, grantOption:true), PrivilegeGrantInfo(privilege:UPDATE, createTime:-1, grantor:alex, grantorType:USER, grantOption:true), PrivilegeGrantInfo(privilege:DELETE, createTime:-1, grantor:alex, grantorType:USER, grantOption:true)]}, groupPrivileges:null, rolePrivileges:null), temporary:false, catName:hive, ownerType:USER)	
2024-04-24T01:11:33,313  INFO [main] utils.FileUtils: Creating directory if it doesn't exist: file:/home/alex/Repositories/hive/ql/target/tmp/org.apache.hadoop.hive.ql.TestTxnCommands-1713946100941/warehouse/nonacidorctbl2
2024-04-24T01:11:33,327  INFO [main] metadata.Hive: Dumping metastore api call timing information for : execution phase
2024-04-24T01:11:33,327  INFO [main] metadata.Hive: Total time spent in each metastore function (ms): {isCompatibleWith_(Configuration)=0, createTable_(Table)=19}
2024-04-24T01:11:33,327  INFO [main] ql.Driver: Completed executing command(queryId=alex_20240424011133_fdef125f-c977-4c73-8296-037db57a2500); Time taken: 0.02 seconds
2024-04-24T01:11:33,327  INFO [main] lockmgr.DbTxnManager: Stopped heartbeat for query: alex_20240424011133_fdef125f-c977-4c73-8296-037db57a2500
2024-04-24T01:11:33,332  INFO [main] txn.TxnHandler: Expected to move at least one record from txn_components to completed_txn_components when committing txn! txnid:10
2024-04-24T01:11:33,340  INFO [main] txn.TxnHandler: Removed transactions: ([10]) from MIN_HISTORY_LEVEL
2024-04-24T01:11:33,340  WARN [main] txn.CompactionTxnHandler: No compaction queue record found for Compaction type transaction commit. txnId:10
2024-04-24T01:11:33,341  INFO [main] ql.TxnCommandsBaseForTests: Running the query: create temporary  table acidTbl2(a int, b int, c int) clustered by (c) into 2 buckets stored as orc TBLPROPERTIES ('transactional'='true')
2024-04-24T01:11:33,341  INFO [main] ql.Driver: Compiling command(queryId=alex_20240424011133_85fb6837-1579-429e-a0c5-5ef1eb9141c4): create temporary  table acidTbl2(a int, b int, c int) clustered by (c) into 2 buckets stored as orc TBLPROPERTIES ('transactional'='true')
2024-04-24T01:11:33,343  INFO [main] txn.TxnHandler: Added entries to MIN_HISTORY_LEVEL for current txns: ([11]) with min_open_txn: 1
2024-04-24T01:11:33,344  INFO [main] lockmgr.DbTxnManager: Opened txnid:11
2024-04-24T01:11:33,344  INFO [main] parse.CalcitePlanner: Starting caching scope for: 
2024-04-24T01:11:33,344  INFO [main] parse.CalcitePlanner: Starting Semantic Analysis
2024-04-24T01:11:33,347  INFO [main] parse.CalcitePlanner: Creating table default.acidTbl2 position=24
2024-04-24T01:11:33,347  INFO [main] HiveMetaStore.audit: ugi=alex	ip=unknown-ip-addr	cmd=get_database: default	
2024-04-24T01:11:33,348  INFO [main] parse.CalcitePlanner: Ending caching scope for: 
2024-04-24T01:11:33,349  INFO [main] ql.Driver: Semantic Analysis Completed (retrial = false)
2024-04-24T01:11:33,349  INFO [main] ql.Driver: Created Hive schema: Schema(fieldSchemas:null, properties:null)
2024-04-24T01:11:33,349  INFO [main] metadata.Hive: Dumping metastore api call timing information for : compilation phase
2024-04-24T01:11:33,349  INFO [main] metadata.Hive: Total time spent in each metastore function (ms): {getValidWriteIds_(List, String)=3, getValidTxns_(long)=0, openTxn_(String, TxnType)=3, flushCache_()=0, isCompatibleWith_(Configuration)=0, commitTxn_(CommitTxnRequest)=13, getDatabase_(String)=1}
2024-04-24T01:11:33,349  INFO [main] ql.Driver: Completed compiling command(queryId=alex_20240424011133_85fb6837-1579-429e-a0c5-5ef1eb9141c4); Time taken: 0.008 seconds
2024-04-24T01:11:33,349  INFO [main] lockmgr.DbTxnManager: Setting lock request transaction to txnid:11 for queryId=alex_20240424011133_85fb6837-1579-429e-a0c5-5ef1eb9141c4
2024-04-24T01:11:33,349  INFO [main] lockmgr.DbLockManager: Requesting lock for queryId=alex_20240424011133_85fb6837-1579-429e-a0c5-5ef1eb9141c4
2024-04-24T01:11:33,366  INFO [main] lockmgr.DbLockManager: Response to queryId=alex_20240424011133_85fb6837-1579-429e-a0c5-5ef1eb9141c4 LockResponse(lockid:5, state:ACQUIRED)
2024-04-24T01:11:33,366  INFO [main] ql.Driver: Operation CREATETABLE obtained 1 locks
2024-04-24T01:11:33,367  INFO [main] ql.Driver: Executing command(queryId=alex_20240424011133_85fb6837-1579-429e-a0c5-5ef1eb9141c4): create temporary  table acidTbl2(a int, b int, c int) clustered by (c) into 2 buckets stored as orc TBLPROPERTIES ('transactional'='true')
2024-04-24T01:11:33,367  INFO [main] ql.Driver: Starting task [Stage-0:DDL] in serial mode
2024-04-24T01:11:33,368  INFO [main] utils.FileUtils: Creating directory if it doesn't exist: file:/home/alex/Repositories/hive/ql/target/tmp/scratchdir/alex/f8b04dbc-625a-4530-ace9-c9b171c687c0/_tmp_space.db/508c4d58-26c7-4cb7-826a-5649a83ad02a
2024-04-24T01:11:33,371  INFO [main] metadata.Hive: Dumping metastore api call timing information for : execution phase
2024-04-24T01:11:33,371  INFO [main] metadata.Hive: Total time spent in each metastore function (ms): {createTable_(Table)=2, isCompatibleWith_(Configuration)=0}
2024-04-24T01:11:33,371  INFO [main] ql.Driver: Completed executing command(queryId=alex_20240424011133_85fb6837-1579-429e-a0c5-5ef1eb9141c4); Time taken: 0.003 seconds
2024-04-24T01:11:33,371  INFO [main] lockmgr.DbTxnManager: Stopped heartbeat for query: alex_20240424011133_85fb6837-1579-429e-a0c5-5ef1eb9141c4
2024-04-24T01:11:33,376  INFO [main] txn.TxnHandler: Expected to move at least one record from txn_components to completed_txn_components when committing txn! txnid:11
2024-04-24T01:11:33,384  INFO [main] txn.TxnHandler: Removed transactions: ([11]) from MIN_HISTORY_LEVEL
2024-04-24T01:11:33,384  WARN [main] txn.CompactionTxnHandler: No compaction queue record found for Compaction type transaction commit. txnId:11
2024-04-24T01:11:33,385  INFO [main] ql.TxnCommandsBaseForTests: Running the query: create table nonAcidNonBucket(a int, b int) stored as orc TBLPROPERTIES ('transactional'='false')
2024-04-24T01:11:33,385  INFO [main] ql.Driver: Compiling command(queryId=alex_20240424011133_1048d0d9-4166-4b12-a7de-83d8a16e19bf): create table nonAcidNonBucket(a int, b int) stored as orc TBLPROPERTIES ('transactional'='false')
2024-04-24T01:11:33,387  INFO [main] txn.TxnHandler: Added entries to MIN_HISTORY_LEVEL for current txns: ([12]) with min_open_txn: 1
2024-04-24T01:11:33,388  INFO [main] lockmgr.DbTxnManager: Opened txnid:12
2024-04-24T01:11:33,388  INFO [main] parse.CalcitePlanner: Starting caching scope for: 
2024-04-24T01:11:33,388  INFO [main] parse.CalcitePlanner: Starting Semantic Analysis
2024-04-24T01:11:33,391  INFO [main] parse.CalcitePlanner: Creating table default.nonAcidNonBucket position=13
2024-04-24T01:11:33,391  INFO [main] HiveMetaStore.audit: ugi=alex	ip=unknown-ip-addr	cmd=get_database: default	
2024-04-24T01:11:33,393  INFO [main] parse.CalcitePlanner: Ending caching scope for: 
2024-04-24T01:11:33,393  INFO [main] ql.Driver: Semantic Analysis Completed (retrial = false)
2024-04-24T01:11:33,393  INFO [main] ql.Driver: Created Hive schema: Schema(fieldSchemas:null, properties:null)
2024-04-24T01:11:33,393  INFO [main] metadata.Hive: Dumping metastore api call timing information for : compilation phase
2024-04-24T01:11:33,393  INFO [main] metadata.Hive: Total time spent in each metastore function (ms): {getDatabase_(String)=2, openTxn_(String, TxnType)=3, isCompatibleWith_(Configuration)=0, getValidWriteIds_(List, String)=3, getValidTxns_(long)=0, commitTxn_(CommitTxnRequest)=13, flushCache_()=0}
2024-04-24T01:11:33,393  INFO [main] ql.Driver: Completed compiling command(queryId=alex_20240424011133_1048d0d9-4166-4b12-a7de-83d8a16e19bf); Time taken: 0.008 seconds
2024-04-24T01:11:33,393  INFO [main] lockmgr.DbTxnManager: Setting lock request transaction to txnid:12 for queryId=alex_20240424011133_1048d0d9-4166-4b12-a7de-83d8a16e19bf
2024-04-24T01:11:33,393  INFO [main] lockmgr.DbLockManager: Requesting lock for queryId=alex_20240424011133_1048d0d9-4166-4b12-a7de-83d8a16e19bf
2024-04-24T01:11:33,410  INFO [main] lockmgr.DbLockManager: Response to queryId=alex_20240424011133_1048d0d9-4166-4b12-a7de-83d8a16e19bf LockResponse(lockid:6, state:ACQUIRED)
2024-04-24T01:11:33,410  INFO [main] ql.Driver: Operation CREATETABLE obtained 1 locks
2024-04-24T01:11:33,410  INFO [main] ql.Driver: Executing command(queryId=alex_20240424011133_1048d0d9-4166-4b12-a7de-83d8a16e19bf): create table nonAcidNonBucket(a int, b int) stored as orc TBLPROPERTIES ('transactional'='false')
2024-04-24T01:11:33,411  INFO [main] ql.Driver: Starting task [Stage-0:DDL] in serial mode
2024-04-24T01:11:33,411  INFO [main] HiveMetaStore.audit: ugi=alex	ip=unknown-ip-addr	cmd=create_table_req: Table(tableName:nonAcidNonBucket, dbName:default, owner:alex, createTime:1713946293, lastAccessTime:0, retention:0, sd:StorageDescriptor(cols:[FieldSchema(name:a, type:int, comment:null), FieldSchema(name:b, type:int, comment:null)], location:null, inputFormat:org.apache.hadoop.hive.ql.io.orc.OrcInputFormat, outputFormat:org.apache.hadoop.hive.ql.io.orc.OrcOutputFormat, compressed:false, numBuckets:-1, serdeInfo:SerDeInfo(name:null, serializationLib:org.apache.hadoop.hive.ql.io.orc.OrcSerde, parameters:{serialization.format=1}), bucketCols:[], sortCols:[], parameters:{}, skewedInfo:SkewedInfo(skewedColNames:[], skewedColValues:[], skewedColValueLocationMaps:{}), storedAsSubDirectories:false), partitionKeys:[], parameters:{numFiles=0, numFilesErasureCoded=0, bucketing_version=2, transactional=false, numRows=0, COLUMN_STATS_ACCURATE={"BASIC_STATS":"true","COLUMN_STATS":{"a":"true","b":"true"}}, rawDataSize=0, totalSize=0}, viewOriginalText:null, viewExpandedText:null, tableType:MANAGED_TABLE, privileges:PrincipalPrivilegeSet(userPrivileges:{alex=[PrivilegeGrantInfo(privilege:INSERT, createTime:-1, grantor:alex, grantorType:USER, grantOption:true), PrivilegeGrantInfo(privilege:SELECT, createTime:-1, grantor:alex, grantorType:USER, grantOption:true), PrivilegeGrantInfo(privilege:UPDATE, createTime:-1, grantor:alex, grantorType:USER, grantOption:true), PrivilegeGrantInfo(privilege:DELETE, createTime:-1, grantor:alex, grantorType:USER, grantOption:true)]}, groupPrivileges:null, rolePrivileges:null), temporary:false, catName:hive, ownerType:USER)	
2024-04-24T01:11:33,417  INFO [main] utils.FileUtils: Creating directory if it doesn't exist: file:/home/alex/Repositories/hive/ql/target/tmp/org.apache.hadoop.hive.ql.TestTxnCommands-1713946100941/warehouse/nonacidnonbucket
2024-04-24T01:11:33,431  INFO [main] metadata.Hive: Dumping metastore api call timing information for : execution phase
2024-04-24T01:11:33,431  INFO [main] metadata.Hive: Total time spent in each metastore function (ms): {isCompatibleWith_(Configuration)=0, createTable_(Table)=20}
2024-04-24T01:11:33,431  INFO [main] ql.Driver: Completed executing command(queryId=alex_20240424011133_1048d0d9-4166-4b12-a7de-83d8a16e19bf); Time taken: 0.021 seconds
2024-04-24T01:11:33,431  INFO [main] lockmgr.DbTxnManager: Stopped heartbeat for query: alex_20240424011133_1048d0d9-4166-4b12-a7de-83d8a16e19bf
2024-04-24T01:11:33,436  INFO [main] txn.TxnHandler: Expected to move at least one record from txn_components to completed_txn_components when committing txn! txnid:12
2024-04-24T01:11:33,444  INFO [main] txn.TxnHandler: Removed transactions: ([12]) from MIN_HISTORY_LEVEL
2024-04-24T01:11:33,444  WARN [main] txn.CompactionTxnHandler: No compaction queue record found for Compaction type transaction commit. txnId:12
2024-04-24T01:11:33,469  INFO [main] ql.TxnCommandsBaseForTests: Running the query: drop table if exists target
2024-04-24T01:11:33,470  INFO [main] ql.Driver: Compiling command(queryId=alex_20240424011133_6efceca3-a1c8-429d-8a20-e8b7593566e7): drop table if exists target
2024-04-24T01:11:33,472  INFO [main] txn.TxnHandler: Added entries to MIN_HISTORY_LEVEL for current txns: ([13]) with min_open_txn: 1
2024-04-24T01:11:33,472  INFO [main] lockmgr.DbTxnManager: Opened txnid:13
2024-04-24T01:11:33,473  INFO [main] HiveMetaStore.audit: ugi=alex	ip=unknown-ip-addr	cmd=get_table : tbl=hive.default.target	
2024-04-24T01:11:33,497  INFO [main] metastore.HMSHandler: Skipping translation for processor with null
2024-04-24T01:11:33,497  INFO [main] ql.Driver: Semantic Analysis Completed (retrial = false)
2024-04-24T01:11:33,497  INFO [main] ql.Driver: Created Hive schema: Schema(fieldSchemas:null, properties:null)
2024-04-24T01:11:33,497  INFO [main] metadata.Hive: Dumping metastore api call timing information for : compilation phase
2024-04-24T01:11:33,497  INFO [main] metadata.Hive: Total time spent in each metastore function (ms): {getValidTxns_(long)=0, getTable_(GetTableRequest)=24, commitTxn_(CommitTxnRequest)=14, openTxn_(String, TxnType)=2, isCompatibleWith_(Configuration)=0, flushCache_()=0}
2024-04-24T01:11:33,497  INFO [main] ql.Driver: Completed compiling command(queryId=alex_20240424011133_6efceca3-a1c8-429d-8a20-e8b7593566e7); Time taken: 0.027 seconds
2024-04-24T01:11:33,498  INFO [main] lockmgr.DbTxnManager: Setting lock request transaction to txnid:13 for queryId=alex_20240424011133_6efceca3-a1c8-429d-8a20-e8b7593566e7
2024-04-24T01:11:33,498  INFO [main] lockmgr.DbLockManager: Requesting lock for queryId=alex_20240424011133_6efceca3-a1c8-429d-8a20-e8b7593566e7
2024-04-24T01:11:33,522  INFO [main] lockmgr.DbLockManager: Response to queryId=alex_20240424011133_6efceca3-a1c8-429d-8a20-e8b7593566e7 LockResponse(lockid:7, state:ACQUIRED)
2024-04-24T01:11:33,522  INFO [main] ql.Driver: Operation DROPTABLE obtained 1 locks
2024-04-24T01:11:33,522  INFO [main] ql.Driver: Executing command(queryId=alex_20240424011133_6efceca3-a1c8-429d-8a20-e8b7593566e7): drop table if exists target
2024-04-24T01:11:33,522  INFO [main] ql.Driver: Starting task [Stage-0:DDL] in serial mode
2024-04-24T01:11:33,522  INFO [main] HiveMetaStore.audit: ugi=alex	ip=unknown-ip-addr	cmd=get_table : tbl=hive.default.target	
2024-04-24T01:11:33,529  INFO [main] metastore.HMSHandler: Skipping translation for processor with null
2024-04-24T01:11:33,529  INFO [main] HiveMetaStore.audit: ugi=alex	ip=unknown-ip-addr	cmd=get_table : tbl=hive.default.target	
2024-04-24T01:11:33,535  INFO [main] metastore.HMSHandler: Skipping translation for processor with null
2024-04-24T01:11:33,535  INFO [main] HiveMetaStore.audit: ugi=alex	ip=unknown-ip-addr	cmd=drop_table : tbl=hive.default.target	
2024-04-24T01:11:33,645  WARN [main] utils.FileUtils: File file:/home/alex/Repositories/hive/ql/target/tmp/org.apache.hadoop.hive.ql.TestTxnCommands-1713946100941/warehouse/target does not exist; Force to delete it.
2024-04-24T01:11:33,645 ERROR [main] utils.FileUtils: Failed to delete file:/home/alex/Repositories/hive/ql/target/tmp/org.apache.hadoop.hive.ql.TestTxnCommands-1713946100941/warehouse/target
2024-04-24T01:11:33,645  INFO [main] metadata.Hive: Dumping metastore api call timing information for : execution phase
2024-04-24T01:11:33,645  INFO [main] metadata.Hive: Total time spent in each metastore function (ms): {dropTable_(String, String, boolean, boolean, boolean)=116, getTable_(GetTableRequest)=7, isCompatibleWith_(Configuration)=0}
2024-04-24T01:11:33,646  INFO [main] ql.Driver: Completed executing command(queryId=alex_20240424011133_6efceca3-a1c8-429d-8a20-e8b7593566e7); Time taken: 0.123 seconds
2024-04-24T01:11:33,646  INFO [main] lockmgr.DbTxnManager: Stopped heartbeat for query: alex_20240424011133_6efceca3-a1c8-429d-8a20-e8b7593566e7
2024-04-24T01:11:33,650  INFO [main] txn.TxnHandler: Expected to move at least one record from txn_components to completed_txn_components when committing txn! txnid:13
2024-04-24T01:11:33,657  INFO [main] txn.TxnHandler: Removed transactions: ([13]) from MIN_HISTORY_LEVEL
2024-04-24T01:11:33,657  WARN [main] txn.CompactionTxnHandler: No compaction queue record found for Compaction type transaction commit. txnId:13
2024-04-24T01:11:33,657  INFO [main] ql.TxnCommandsBaseForTests: Running the query: drop table if exists source
2024-04-24T01:11:33,658  INFO [main] ql.Driver: Compiling command(queryId=alex_20240424011133_8f71d0d6-a47f-4743-92d3-ea5fe1c9a96b): drop table if exists source
2024-04-24T01:11:33,660  INFO [main] txn.TxnHandler: Added entries to MIN_HISTORY_LEVEL for current txns: ([14]) with min_open_txn: 1
2024-04-24T01:11:33,660  INFO [main] lockmgr.DbTxnManager: Opened txnid:14
2024-04-24T01:11:33,661  INFO [main] HiveMetaStore.audit: ugi=alex	ip=unknown-ip-addr	cmd=get_table : tbl=hive.default.source	
2024-04-24T01:11:33,682  INFO [main] metastore.HMSHandler: Skipping translation for processor with null
2024-04-24T01:11:33,682  INFO [main] ql.Driver: Semantic Analysis Completed (retrial = false)
2024-04-24T01:11:33,682  INFO [main] ql.Driver: Created Hive schema: Schema(fieldSchemas:null, properties:null)
2024-04-24T01:11:33,682  INFO [main] metadata.Hive: Dumping metastore api call timing information for : compilation phase
2024-04-24T01:11:33,683  INFO [main] metadata.Hive: Total time spent in each metastore function (ms): {commitTxn_(CommitTxnRequest)=11, flushCache_()=0, getTable_(GetTableRequest)=21, isCompatibleWith_(Configuration)=0, openTxn_(String, TxnType)=2, getValidTxns_(long)=0}
2024-04-24T01:11:33,683  INFO [main] ql.Driver: Completed compiling command(queryId=alex_20240424011133_8f71d0d6-a47f-4743-92d3-ea5fe1c9a96b); Time taken: 0.024 seconds
2024-04-24T01:11:33,683  INFO [main] lockmgr.DbTxnManager: Setting lock request transaction to txnid:14 for queryId=alex_20240424011133_8f71d0d6-a47f-4743-92d3-ea5fe1c9a96b
2024-04-24T01:11:33,684  INFO [main] lockmgr.DbLockManager: Requesting lock for queryId=alex_20240424011133_8f71d0d6-a47f-4743-92d3-ea5fe1c9a96b
2024-04-24T01:11:33,698  INFO [main] lockmgr.DbLockManager: Response to queryId=alex_20240424011133_8f71d0d6-a47f-4743-92d3-ea5fe1c9a96b LockResponse(lockid:8, state:ACQUIRED)
2024-04-24T01:11:33,698  INFO [main] ql.Driver: Operation DROPTABLE obtained 1 locks
2024-04-24T01:11:33,698  INFO [main] ql.Driver: Executing command(queryId=alex_20240424011133_8f71d0d6-a47f-4743-92d3-ea5fe1c9a96b): drop table if exists source
2024-04-24T01:11:33,698  INFO [main] ql.Driver: Starting task [Stage-0:DDL] in serial mode
2024-04-24T01:11:33,699  INFO [main] HiveMetaStore.audit: ugi=alex	ip=unknown-ip-addr	cmd=get_table : tbl=hive.default.source	
2024-04-24T01:11:33,706  INFO [main] metastore.HMSHandler: Skipping translation for processor with null
2024-04-24T01:11:33,706  INFO [main] HiveMetaStore.audit: ugi=alex	ip=unknown-ip-addr	cmd=get_table : tbl=hive.default.source	
2024-04-24T01:11:33,714  INFO [main] metastore.HMSHandler: Skipping translation for processor with null
2024-04-24T01:11:33,714  INFO [main] HiveMetaStore.audit: ugi=alex	ip=unknown-ip-addr	cmd=drop_table : tbl=hive.default.source	
2024-04-24T01:11:33,741  WARN [main] utils.FileUtils: File file:/home/alex/Repositories/hive/ql/target/tmp/org.apache.hadoop.hive.ql.TestTxnCommands-1713946100941/warehouse/source does not exist; Force to delete it.
2024-04-24T01:11:33,741 ERROR [main] utils.FileUtils: Failed to delete file:/home/alex/Repositories/hive/ql/target/tmp/org.apache.hadoop.hive.ql.TestTxnCommands-1713946100941/warehouse/source
2024-04-24T01:11:33,741  INFO [main] metadata.Hive: Dumping metastore api call timing information for : execution phase
2024-04-24T01:11:33,741  INFO [main] metadata.Hive: Total time spent in each metastore function (ms): {dropTable_(String, String, boolean, boolean, boolean)=35, getTable_(GetTableRequest)=7, isCompatibleWith_(Configuration)=0}
2024-04-24T01:11:33,742  INFO [main] ql.Driver: Completed executing command(queryId=alex_20240424011133_8f71d0d6-a47f-4743-92d3-ea5fe1c9a96b); Time taken: 0.043 seconds
2024-04-24T01:11:33,742  INFO [main] lockmgr.DbTxnManager: Stopped heartbeat for query: alex_20240424011133_8f71d0d6-a47f-4743-92d3-ea5fe1c9a96b
2024-04-24T01:11:33,746  INFO [main] txn.TxnHandler: Expected to move at least one record from txn_components to completed_txn_components when committing txn! txnid:14
2024-04-24T01:11:33,752  INFO [main] txn.TxnHandler: Removed transactions: ([14]) from MIN_HISTORY_LEVEL
2024-04-24T01:11:33,753  WARN [main] txn.CompactionTxnHandler: No compaction queue record found for Compaction type transaction commit. txnId:14
2024-04-24T01:11:33,753  INFO [main] ql.TxnCommandsBaseForTests: Running the query: create table source (key int, data int)
2024-04-24T01:11:33,754  INFO [main] ql.Driver: Compiling command(queryId=alex_20240424011133_012dbcca-e241-4195-88b3-25c04070a132): create table source (key int, data int)
2024-04-24T01:11:33,756  INFO [main] txn.TxnHandler: Added entries to MIN_HISTORY_LEVEL for current txns: ([15]) with min_open_txn: 1
2024-04-24T01:11:33,756  INFO [main] lockmgr.DbTxnManager: Opened txnid:15
2024-04-24T01:11:33,757  INFO [main] parse.CalcitePlanner: Starting caching scope for: 
2024-04-24T01:11:33,757  INFO [main] parse.CalcitePlanner: Starting Semantic Analysis
2024-04-24T01:11:33,763  INFO [main] parse.CalcitePlanner: Creating table default.source position=13
2024-04-24T01:11:33,763  INFO [main] HiveMetaStore.audit: ugi=alex	ip=unknown-ip-addr	cmd=get_database: default	
2024-04-24T01:11:33,764  INFO [main] parse.CalcitePlanner: Ending caching scope for: 
2024-04-24T01:11:33,764  INFO [main] ql.Driver: Semantic Analysis Completed (retrial = false)
2024-04-24T01:11:33,764  INFO [main] ql.Driver: Created Hive schema: Schema(fieldSchemas:null, properties:null)
2024-04-24T01:11:33,765  INFO [main] metadata.Hive: Dumping metastore api call timing information for : compilation phase
2024-04-24T01:11:33,765  INFO [main] metadata.Hive: Total time spent in each metastore function (ms): {commitTxn_(CommitTxnRequest)=11, getDatabase_(String)=1, isCompatibleWith_(Configuration)=0, getValidWriteIds_(List, String)=6, openTxn_(String, TxnType)=2, getValidTxns_(long)=1, flushCache_()=0}
2024-04-24T01:11:33,765  INFO [main] ql.Driver: Completed compiling command(queryId=alex_20240424011133_012dbcca-e241-4195-88b3-25c04070a132); Time taken: 0.011 seconds
2024-04-24T01:11:33,765  INFO [main] lockmgr.DbTxnManager: Setting lock request transaction to txnid:15 for queryId=alex_20240424011133_012dbcca-e241-4195-88b3-25c04070a132
2024-04-24T01:11:33,765  INFO [main] lockmgr.DbLockManager: Requesting lock for queryId=alex_20240424011133_012dbcca-e241-4195-88b3-25c04070a132
2024-04-24T01:11:33,781  INFO [main] lockmgr.DbLockManager: Response to queryId=alex_20240424011133_012dbcca-e241-4195-88b3-25c04070a132 LockResponse(lockid:9, state:ACQUIRED)
2024-04-24T01:11:33,781  INFO [main] ql.Driver: Operation CREATETABLE obtained 1 locks
2024-04-24T01:11:33,781  INFO [main] ql.Driver: Executing command(queryId=alex_20240424011133_012dbcca-e241-4195-88b3-25c04070a132): create table source (key int, data int)
2024-04-24T01:11:33,781  INFO [main] ql.Driver: Starting task [Stage-0:DDL] in serial mode
2024-04-24T01:11:33,782  INFO [main] HiveMetaStore.audit: ugi=alex	ip=unknown-ip-addr	cmd=create_table_req: Table(tableName:source, dbName:default, owner:alex, createTime:1713946293, lastAccessTime:0, retention:0, sd:StorageDescriptor(cols:[FieldSchema(name:key, type:int, comment:null), FieldSchema(name:data, type:int, comment:null)], location:null, inputFormat:org.apache.hadoop.mapred.TextInputFormat, outputFormat:org.apache.hadoop.hive.ql.io.HiveIgnoreKeyTextOutputFormat, compressed:false, numBuckets:-1, serdeInfo:SerDeInfo(name:null, serializationLib:org.apache.hadoop.hive.serde2.lazy.LazySimpleSerDe, parameters:{serialization.format=1}), bucketCols:[], sortCols:[], parameters:{}, skewedInfo:SkewedInfo(skewedColNames:[], skewedColValues:[], skewedColValueLocationMaps:{}), storedAsSubDirectories:false), partitionKeys:[], parameters:{totalSize=0, rawDataSize=0, numFilesErasureCoded=0, bucketing_version=2, numFiles=0, COLUMN_STATS_ACCURATE={"BASIC_STATS":"true","COLUMN_STATS":{"data":"true","key":"true"}}, numRows=0}, viewOriginalText:null, viewExpandedText:null, tableType:MANAGED_TABLE, privileges:PrincipalPrivilegeSet(userPrivileges:{alex=[PrivilegeGrantInfo(privilege:INSERT, createTime:-1, grantor:alex, grantorType:USER, grantOption:true), PrivilegeGrantInfo(privilege:SELECT, createTime:-1, grantor:alex, grantorType:USER, grantOption:true), PrivilegeGrantInfo(privilege:UPDATE, createTime:-1, grantor:alex, grantorType:USER, grantOption:true), PrivilegeGrantInfo(privilege:DELETE, createTime:-1, grantor:alex, grantorType:USER, grantOption:true)]}, groupPrivileges:null, rolePrivileges:null), temporary:false, catName:hive, ownerType:USER)	
2024-04-24T01:11:33,787  INFO [main] utils.FileUtils: Creating directory if it doesn't exist: file:/home/alex/Repositories/hive/ql/target/tmp/org.apache.hadoop.hive.ql.TestTxnCommands-1713946100941/warehouse/source
2024-04-24T01:11:33,821  INFO [main] metadata.Hive: Dumping metastore api call timing information for : execution phase
2024-04-24T01:11:33,821  INFO [main] metadata.Hive: Total time spent in each metastore function (ms): {isCompatibleWith_(Configuration)=1, createTable_(Table)=39}
2024-04-24T01:11:33,822  INFO [main] ql.Driver: Completed executing command(queryId=alex_20240424011133_012dbcca-e241-4195-88b3-25c04070a132); Time taken: 0.04 seconds
2024-04-24T01:11:33,822  INFO [main] lockmgr.DbTxnManager: Stopped heartbeat for query: alex_20240424011133_012dbcca-e241-4195-88b3-25c04070a132
2024-04-24T01:11:33,826  INFO [main] txn.TxnHandler: Expected to move at least one record from txn_components to completed_txn_components when committing txn! txnid:15
2024-04-24T01:11:33,832  INFO [main] txn.TxnHandler: Removed transactions: ([15]) from MIN_HISTORY_LEVEL
2024-04-24T01:11:33,833  WARN [main] txn.CompactionTxnHandler: No compaction queue record found for Compaction type transaction commit. txnId:15
2024-04-24T01:11:33,833  INFO [main] ql.TxnCommandsBaseForTests: Running the query: create table target (key int, data int, cur int) clustered by (key) into 2 buckets stored as orc TBLPROPERTIES ('transactional'='true')
2024-04-24T01:11:33,834  INFO [main] ql.Driver: Compiling command(queryId=alex_20240424011133_5ad451b2-0924-4e4d-a4f9-10e498949f08): create table target (key int, data int, cur int) clustered by (key) into 2 buckets stored as orc TBLPROPERTIES ('transactional'='true')
2024-04-24T01:11:33,837  INFO [main] txn.TxnHandler: Added entries to MIN_HISTORY_LEVEL for current txns: ([16]) with min_open_txn: 1
2024-04-24T01:11:33,837  INFO [main] lockmgr.DbTxnManager: Opened txnid:16
2024-04-24T01:11:33,838  INFO [main] parse.CalcitePlanner: Starting caching scope for: 
2024-04-24T01:11:33,838  INFO [main] parse.CalcitePlanner: Starting Semantic Analysis
2024-04-24T01:11:33,840  INFO [main] parse.CalcitePlanner: Creating table default.target position=13
2024-04-24T01:11:33,841  INFO [main] HiveMetaStore.audit: ugi=alex	ip=unknown-ip-addr	cmd=get_database: default	
2024-04-24T01:11:33,842  INFO [main] parse.CalcitePlanner: Ending caching scope for: 
2024-04-24T01:11:33,842  INFO [main] ql.Driver: Semantic Analysis Completed (retrial = false)
2024-04-24T01:11:33,842  INFO [main] ql.Driver: Created Hive schema: Schema(fieldSchemas:null, properties:null)
2024-04-24T01:11:33,842  INFO [main] metadata.Hive: Dumping metastore api call timing information for : compilation phase
2024-04-24T01:11:33,843  INFO [main] metadata.Hive: Total time spent in each metastore function (ms): {flushCache_()=0, isCompatibleWith_(Configuration)=0, getDatabase_(String)=1, getValidTxns_(long)=1, commitTxn_(CommitTxnRequest)=11, getValidWriteIds_(List, String)=2, openTxn_(String, TxnType)=3}
2024-04-24T01:11:33,843  INFO [main] ql.Driver: Completed compiling command(queryId=alex_20240424011133_5ad451b2-0924-4e4d-a4f9-10e498949f08); Time taken: 0.009 seconds
2024-04-24T01:11:33,843  INFO [main] lockmgr.DbTxnManager: Setting lock request transaction to txnid:16 for queryId=alex_20240424011133_5ad451b2-0924-4e4d-a4f9-10e498949f08
2024-04-24T01:11:33,843  INFO [main] lockmgr.DbLockManager: Requesting lock for queryId=alex_20240424011133_5ad451b2-0924-4e4d-a4f9-10e498949f08
2024-04-24T01:11:33,863  INFO [main] lockmgr.DbLockManager: Response to queryId=alex_20240424011133_5ad451b2-0924-4e4d-a4f9-10e498949f08 LockResponse(lockid:10, state:ACQUIRED)
2024-04-24T01:11:33,863  INFO [main] ql.Driver: Operation CREATETABLE obtained 1 locks
2024-04-24T01:11:33,864  INFO [main] ql.Driver: Executing command(queryId=alex_20240424011133_5ad451b2-0924-4e4d-a4f9-10e498949f08): create table target (key int, data int, cur int) clustered by (key) into 2 buckets stored as orc TBLPROPERTIES ('transactional'='true')
2024-04-24T01:11:33,864  INFO [main] ql.Driver: Starting task [Stage-0:DDL] in serial mode
2024-04-24T01:11:33,865  INFO [main] HiveMetaStore.audit: ugi=alex	ip=unknown-ip-addr	cmd=create_table_req: Table(tableName:target, dbName:default, owner:alex, createTime:1713946293, lastAccessTime:0, retention:0, sd:StorageDescriptor(cols:[FieldSchema(name:key, type:int, comment:null), FieldSchema(name:data, type:int, comment:null), FieldSchema(name:cur, type:int, comment:null)], location:null, inputFormat:org.apache.hadoop.hive.ql.io.orc.OrcInputFormat, outputFormat:org.apache.hadoop.hive.ql.io.orc.OrcOutputFormat, compressed:false, numBuckets:2, serdeInfo:SerDeInfo(name:null, serializationLib:org.apache.hadoop.hive.ql.io.orc.OrcSerde, parameters:{serialization.format=1}), bucketCols:[key], sortCols:[], parameters:{}, skewedInfo:SkewedInfo(skewedColNames:[], skewedColValues:[], skewedColValueLocationMaps:{}), storedAsSubDirectories:false), partitionKeys:[], parameters:{COLUMN_STATS_ACCURATE={"BASIC_STATS":"true","COLUMN_STATS":{"cur":"true","data":"true","key":"true"}}, numRows=0, numFilesErasureCoded=0, rawDataSize=0, bucketing_version=2, transactional=true, numFiles=0, totalSize=0}, viewOriginalText:null, viewExpandedText:null, tableType:MANAGED_TABLE, privileges:PrincipalPrivilegeSet(userPrivileges:{alex=[PrivilegeGrantInfo(privilege:INSERT, createTime:-1, grantor:alex, grantorType:USER, grantOption:true), PrivilegeGrantInfo(privilege:SELECT, createTime:-1, grantor:alex, grantorType:USER, grantOption:true), PrivilegeGrantInfo(privilege:UPDATE, createTime:-1, grantor:alex, grantorType:USER, grantOption:true), PrivilegeGrantInfo(privilege:DELETE, createTime:-1, grantor:alex, grantorType:USER, grantOption:true)]}, groupPrivileges:null, rolePrivileges:null), temporary:false, catName:hive, ownerType:USER, writeId:0)	
2024-04-24T01:11:33,872  INFO [main] utils.FileUtils: Creating directory if it doesn't exist: file:/home/alex/Repositories/hive/ql/target/tmp/org.apache.hadoop.hive.ql.TestTxnCommands-1713946100941/warehouse/target
2024-04-24T01:11:33,887  INFO [main] metadata.Hive: Dumping metastore api call timing information for : execution phase
2024-04-24T01:11:33,887  INFO [main] metadata.Hive: Total time spent in each metastore function (ms): {createTable_(Table)=22, isCompatibleWith_(Configuration)=0}
2024-04-24T01:11:33,887  INFO [main] ql.Driver: Completed executing command(queryId=alex_20240424011133_5ad451b2-0924-4e4d-a4f9-10e498949f08); Time taken: 0.023 seconds
2024-04-24T01:11:33,887  INFO [main] lockmgr.DbTxnManager: Stopped heartbeat for query: alex_20240424011133_5ad451b2-0924-4e4d-a4f9-10e498949f08
2024-04-24T01:11:33,892  INFO [main] txn.TxnHandler: Expected to move at least one record from txn_components to completed_txn_components when committing txn! txnid:16
2024-04-24T01:11:33,898  INFO [main] txn.TxnHandler: Removed transactions: ([16]) from MIN_HISTORY_LEVEL
2024-04-24T01:11:33,898  WARN [main] txn.CompactionTxnHandler: No compaction queue record found for Compaction type transaction commit. txnId:16
2024-04-24T01:11:33,899  INFO [main] ql.TxnCommandsBaseForTests: Running the query: insert into target  values(1,5,1),(2,6,1),(1,18,0)
2024-04-24T01:11:33,899  INFO [main] ql.Driver: Compiling command(queryId=alex_20240424011133_736ea642-95f0-4427-bb14-eaf459b5b6ce): insert into target  values(1,5,1),(2,6,1),(1,18,0)
2024-04-24T01:11:33,901  INFO [main] txn.TxnHandler: Added entries to MIN_HISTORY_LEVEL for current txns: ([17]) with min_open_txn: 2
2024-04-24T01:11:33,901  INFO [main] lockmgr.DbTxnManager: Opened txnid:17
2024-04-24T01:11:33,902  INFO [main] parse.CalcitePlanner: Starting caching scope for: 
2024-04-24T01:11:33,902  INFO [main] parse.CalcitePlanner: Starting Semantic Analysis
2024-04-24T01:11:33,905  INFO [main] HiveMetaStore.audit: ugi=alex	ip=unknown-ip-addr	cmd=get_table : tbl=hive.default.target	
2024-04-24T01:11:33,924  INFO [main] metastore.HMSHandler: Skipping translation for processor with null
2024-04-24T01:11:33,924  INFO [main] parse.CalcitePlanner: Completed phase 1 of Semantic Analysis
2024-04-24T01:11:33,924  INFO [main] parse.CalcitePlanner: Get metadata for source tables
2024-04-24T01:11:33,924  INFO [main] parse.CalcitePlanner: Get metadata for subqueries
2024-04-24T01:11:33,924  INFO [main] parse.CalcitePlanner: Get metadata for destination tables
2024-04-24T01:11:33,924  INFO [main] HiveMetaStore.audit: ugi=alex	ip=unknown-ip-addr	cmd=get_table : tbl=hive.default.target	
2024-04-24T01:11:33,930  INFO [main] metastore.HMSHandler: Skipping translation for processor with null
2024-04-24T01:11:33,930  INFO [main] parse.CalcitePlanner: Completed getting MetaData in Semantic Analysis
2024-04-24T01:11:33,930  INFO [main] parse.CalcitePlanner: Disabling LLAP IO encode as ETL query is detected
2024-04-24T01:11:33,952  INFO [main] HiveMetaStore.audit: ugi=alex	ip=unknown-ip-addr	cmd=get_all_table_constraints : tbl=hive._dummy_database._dummy_table	
2024-04-24T01:11:34,022  INFO [main] parse.CalcitePlanner: Get metadata for source tables
2024-04-24T01:11:34,022  INFO [main] parse.CalcitePlanner: Get metadata for subqueries
2024-04-24T01:11:34,023  INFO [main] parse.CalcitePlanner: Get metadata for source tables
2024-04-24T01:11:34,023  INFO [main] HiveMetaStore.audit: ugi=alex	ip=unknown-ip-addr	cmd=get_table : tbl=hive._dummy_database._dummy_table	
2024-04-24T01:11:34,025  INFO [main] parse.CalcitePlanner: Get metadata for subqueries
2024-04-24T01:11:34,025  INFO [main] parse.CalcitePlanner: Get metadata for destination tables
2024-04-24T01:11:34,025  INFO [main] parse.CalcitePlanner: Get metadata for destination tables
2024-04-24T01:11:34,025  INFO [main] HiveMetaStore.audit: ugi=alex	ip=unknown-ip-addr	cmd=get_table : tbl=hive.default.target	
2024-04-24T01:11:34,031  INFO [main] metastore.HMSHandler: Skipping translation for processor with null
2024-04-24T01:11:34,033  INFO [main] HiveMetaStore.audit: ugi=alex	ip=unknown-ip-addr	cmd=get_not_null_constraints : tbl=hive.default.target	
2024-04-24T01:11:34,034  INFO [main] HiveMetaStore.audit: ugi=alex	ip=unknown-ip-addr	cmd=get_check_constraints : tbl=hive.default.target	
2024-04-24T01:11:34,043  INFO [main] txn.TxnHandler: Allocated writeId: 1 for txnId: 17
2024-04-24T01:11:34,043  INFO [main] txn.TxnHandler: Allocated write ids for dbName=default, tblName=target (txnIds: [17])
2024-04-24T01:11:34,044  INFO [main] parse.CalcitePlanner: CBO Succeeded; optimized logical plan.
2024-04-24T01:11:34,047  INFO [main] optimizer.ColumnPrunerProcFactory: RS 4 oldColExprMap: {KEY.reducesinkkey0=Column[_col0], VALUE._col0=Column[_col1], VALUE._col1=Column[_col2]}
2024-04-24T01:11:34,047  INFO [main] optimizer.ColumnPrunerProcFactory: RS 4 newColExprMap: {VALUE._col1=Column[_col2], VALUE._col0=Column[_col1], KEY.reducesinkkey0=Column[_col0]}
2024-04-24T01:11:34,048  INFO [main] optimizer.BucketVersionPopulator: not considering bucketingVersion for: TS[0] because it has -1<2 buckets 
2024-04-24T01:11:34,048  INFO [main] optimizer.SortedDynPartitionOptimizer: Sorted dynamic partitioning optimization kicked in..
2024-04-24T01:11:34,056  INFO [main] HiveMetaStore.audit: ugi=alex	ip=unknown-ip-addr	cmd=get_table : tbl=hive.default.target	
2024-04-24T01:11:34,063  INFO [main] metastore.HMSHandler: Skipping translation for processor with null
2024-04-24T01:11:34,063  INFO [main] physical.Vectorizer: Examining input format to see if vectorization is enabled.
2024-04-24T01:11:34,063  INFO [main] physical.Vectorizer: Map vectorization enabled: false
2024-04-24T01:11:34,063  INFO [main] physical.Vectorizer: Map vectorized: false
2024-04-24T01:11:34,063  INFO [main] physical.Vectorizer: Map vectorizedVertexNum: 0
2024-04-24T01:11:34,063  INFO [main] physical.Vectorizer: Map enabledConditionsMet: [hive.vectorized.use.vectorized.input.format IS true]
2024-04-24T01:11:34,063  INFO [main] physical.Vectorizer: Map enabledConditionsNotMet: [Could not enable vectorization due to partition column names size 1 is greater than the number of table column names size 0 IS false]
2024-04-24T01:11:34,063  INFO [main] physical.Vectorizer: Map inputFileFormatClassNameSet: [org.apache.hadoop.hive.ql.io.NullRowsInputFormat]
2024-04-24T01:11:34,063  INFO [main] physical.Vectorizer: Reduce vectorization enabled: false
2024-04-24T01:11:34,063  INFO [main] physical.Vectorizer: Reduce vectorized: false
2024-04-24T01:11:34,063  INFO [main] physical.Vectorizer: Reduce vectorizedVertexNum: 1
2024-04-24T01:11:34,063  INFO [main] physical.Vectorizer: Reducer hive.vectorized.execution.reduce.enabled: true
2024-04-24T01:11:34,063  INFO [main] physical.Vectorizer: Reducer engine: mr
2024-04-24T01:11:34,063  INFO [main] parse.CalcitePlanner: Completed plan generation
2024-04-24T01:11:34,064  INFO [main] parse.CalcitePlanner: Ending caching scope for: 
2024-04-24T01:11:34,064  INFO [main] ql.Driver: Semantic Analysis Completed (retrial = false)
2024-04-24T01:11:34,064  INFO [main] ql.Driver: Created Hive schema: Schema(fieldSchemas:[FieldSchema(name:col1, type:int, comment:null), FieldSchema(name:col2, type:int, comment:null), FieldSchema(name:col3, type:int, comment:null)], properties:null)
2024-04-24T01:11:34,064  INFO [main] metadata.Hive: Dumping metastore api call timing information for : compilation phase
2024-04-24T01:11:34,064  INFO [main] metadata.Hive: Total time spent in each metastore function (ms): {isCompatibleWith_(Configuration)=0, commitTxn_(CommitTxnRequest)=12, flushCache_()=0, getCheckConstraints_(CheckConstraintsRequest)=1, getNotNullConstraints_(NotNullConstraintsRequest)=1, getAllTableConstraints_(AllTableConstraintsRequest)=28, getValidTxns_(long)=0, getTable_(GetTableRequest)=38, allocateTableWriteId_(long, String, String)=8, openTxn_(String, TxnType)=2, getValidWriteIds_(List, String)=2}
2024-04-24T01:11:34,064  INFO [main] ql.Driver: Completed compiling command(queryId=alex_20240424011133_736ea642-95f0-4427-bb14-eaf459b5b6ce); Time taken: 0.165 seconds
2024-04-24T01:11:34,064  INFO [main] lockmgr.DbTxnManager: Setting lock request transaction to txnid:17 for queryId=alex_20240424011133_736ea642-95f0-4427-bb14-eaf459b5b6ce
2024-04-24T01:11:34,064  INFO [main] lockmgr.DbLockManager: Requesting lock for queryId=alex_20240424011133_736ea642-95f0-4427-bb14-eaf459b5b6ce
2024-04-24T01:11:34,081  INFO [main] lockmgr.DbLockManager: Response to queryId=alex_20240424011133_736ea642-95f0-4427-bb14-eaf459b5b6ce LockResponse(lockid:11, state:ACQUIRED)
2024-04-24T01:11:34,081  INFO [main] ql.Driver: Operation QUERY obtained 1 locks
2024-04-24T01:11:34,084  INFO [main] ql.Driver: Executing command(queryId=alex_20240424011133_736ea642-95f0-4427-bb14-eaf459b5b6ce): insert into target  values(1,5,1),(2,6,1),(1,18,0)
2024-04-24T01:11:34,084  WARN [main] ql.Driver: Hive-on-MR is deprecated in Hive 2 and may not be available in the future versions. Consider using a different execution engine (i.e. spark, tez) or using Hive 1.X releases.
Query ID = alex_20240424011133_736ea642-95f0-4427-bb14-eaf459b5b6ce
2024-04-24T01:11:34,084  INFO [main] ql.Driver: Query ID = alex_20240424011133_736ea642-95f0-4427-bb14-eaf459b5b6ce
Total jobs = 1
2024-04-24T01:11:34,084  INFO [main] ql.Driver: Total jobs = 1
Launching Job 1 out of 1
2024-04-24T01:11:34,084  INFO [main] ql.Driver: Launching Job 1 out of 1
2024-04-24T01:11:34,207  INFO [main] ql.Driver: Starting task [Stage-1:MAPRED] in serial mode
Number of reduce tasks determined at compile time: 2
2024-04-24T01:11:34,207  INFO [main] exec.Task: Number of reduce tasks determined at compile time: 2
In order to change the average load for a reducer (in bytes):
2024-04-24T01:11:34,207  INFO [main] exec.Task: In order to change the average load for a reducer (in bytes):
  set hive.exec.reducers.bytes.per.reducer=<number>
2024-04-24T01:11:34,208  INFO [main] exec.Task:   set hive.exec.reducers.bytes.per.reducer=<number>
In order to limit the maximum number of reducers:
2024-04-24T01:11:34,208  INFO [main] exec.Task: In order to limit the maximum number of reducers:
  set hive.exec.reducers.max=<number>
2024-04-24T01:11:34,208  INFO [main] exec.Task:   set hive.exec.reducers.max=<number>
In order to set a constant number of reducers:
2024-04-24T01:11:34,208  INFO [main] exec.Task: In order to set a constant number of reducers:
  set mapreduce.job.reduces=<number>
2024-04-24T01:11:34,208  INFO [main] exec.Task:   set mapreduce.job.reduces=<number>
2024-04-24T01:11:34,210  INFO [main] mr.ExecDriver: Using org.apache.hadoop.hive.ql.io.HiveInputFormat
2024-04-24T01:11:34,210  INFO [main] exec.Utilities: Processing alias $hdt$_0:_dummy_table
2024-04-24T01:11:34,210  INFO [main] exec.Utilities: Adding 1 inputs; the first input is file:/home/alex/Repositories/hive/ql/target/tmp/localscratchdir/f8b04dbc-625a-4530-ace9-c9b171c687c0/hive_2024-04-24_01-11-33_899_7843821729462686183-1/dummy_path
2024-04-24T01:11:34,219  INFO [main] exec.SerializationUtilities: Serializing MapWork using kryo
2024-04-24T01:11:34,220  INFO [main] exec.Utilities: Serialized plan (via FILE) - name: null size: 5,46KB
2024-04-24T01:11:34,224  INFO [main] exec.SerializationUtilities: Serializing ReduceWork using kryo
2024-04-24T01:11:34,225  INFO [main] exec.Utilities: Serialized plan (via FILE) - name: null size: 6,16KB
2024-04-24T01:11:34,226  WARN [main] impl.MetricsSystemImpl: JobTracker metrics system already initialized!
2024-04-24T01:11:34,229  INFO [main] fs.FSStatsPublisher: created : file:/home/alex/Repositories/hive/ql/target/tmp/localscratchdir/f8b04dbc-625a-4530-ace9-c9b171c687c0/hive_2024-04-24_01-11-33_899_7843821729462686183-1/-mr-10000
2024-04-24T01:11:34,231  WARN [main] impl.MetricsSystemImpl: JobTracker metrics system already initialized!
2024-04-24T01:11:34,238  WARN [main] mapreduce.JobResourceUploader: Hadoop command-line option parsing not performed. Implement the Tool interface and execute your application with ToolRunner to remedy this.
2024-04-24T01:11:34,242  WARN [main] mapreduce.JobResourceUploader: No job jar file set.  User classes may not be found. See Job or Job#setJar(String).
2024-04-24T01:11:34,243  INFO [main] io.HiveInputFormat: hive.io.file.readcolumn.ids = 
2024-04-24T01:11:34,243  INFO [main] io.HiveInputFormat: hive.io.file.readcolumn.names = 
2024-04-24T01:11:34,243  INFO [main] io.HiveInputFormat: Generating splits for dirs: file:/home/alex/Repositories/hive/ql/target/tmp/localscratchdir/f8b04dbc-625a-4530-ace9-c9b171c687c0/hive_2024-04-24_01-11-33_899_7843821729462686183-1/dummy_path
2024-04-24T01:11:34,243  INFO [main] io.HiveInputFormat: number of splits 1
2024-04-24T01:11:34,261  INFO [main] mapreduce.JobSubmitter: number of splits:1
2024-04-24T01:11:34,280  INFO [main] mapreduce.JobSubmitter: Submitting tokens for job: job_local1177028754_0074
2024-04-24T01:11:34,280  INFO [main] mapreduce.JobSubmitter: Executing with tokens: []
2024-04-24T01:11:34,340  INFO [main] mapreduce.Job: The url to track the job: http://localhost:8080/
Job running in-process (local Hadoop)
2024-04-24T01:11:34,340  INFO [main] exec.Task: Job running in-process (local Hadoop)
2024-04-24T01:11:34,341  INFO [Thread-6135] mapred.LocalJobRunner: OutputCommitter set in config org.apache.hadoop.hive.ql.io.HiveFileFormatUtils$NullOutputCommitter
2024-04-24T01:11:34,341  INFO [Thread-6135] mapred.LocalJobRunner: OutputCommitter is org.apache.hadoop.hive.ql.io.HiveFileFormatUtils$NullOutputCommitter
2024-04-24T01:11:34,342  INFO [Thread-6135] mapred.LocalJobRunner: Waiting for map tasks
2024-04-24T01:11:34,342  INFO [LocalJobRunner Map Task Executor #0] mapred.LocalJobRunner: Starting task: attempt_local1177028754_0074_m_000000_0
2024-04-24T01:11:34,346  INFO [LocalJobRunner Map Task Executor #0] mapred.Task:  Using ResourceCalculatorProcessTree : [ ]
2024-04-24T01:11:34,346  INFO [LocalJobRunner Map Task Executor #0] mapred.MapTask: Processing split: org.apache.hadoop.hive.ql.io.NullRowsInputFormat:file:/home/alex/Repositories/hive/ql/target/tmp/localscratchdir/f8b04dbc-625a-4530-ace9-c9b171c687c0/hive_2024-04-24_01-11-33_899_7843821729462686183-1/dummy_path/null:0+1
2024-04-24T01:11:34,348  INFO [LocalJobRunner Map Task Executor #0] exec.SerializationUtilities: Deserializing MapWork using kryo
2024-04-24T01:11:34,349  INFO [LocalJobRunner Map Task Executor #0] exec.Utilities: Deserialized plan (via FILE) - name: null size: 5,46KB
2024-04-24T01:11:34,349  INFO [LocalJobRunner Map Task Executor #0] mapred.MapTask: numReduceTasks: 2
2024-04-24T01:11:34,354  INFO [LocalJobRunner Map Task Executor #0] mapred.MapTask: (EQUATOR) 0 kvi 26214396(104857584)
2024-04-24T01:11:34,354  INFO [LocalJobRunner Map Task Executor #0] mapred.MapTask: mapreduce.task.io.sort.mb: 100
2024-04-24T01:11:34,354  INFO [LocalJobRunner Map Task Executor #0] mapred.MapTask: soft limit at 83886080
2024-04-24T01:11:34,354  INFO [LocalJobRunner Map Task Executor #0] mapred.MapTask: bufstart = 0; bufvoid = 104857600
2024-04-24T01:11:34,354  INFO [LocalJobRunner Map Task Executor #0] mapred.MapTask: kvstart = 26214396; length = 6553600
2024-04-24T01:11:34,354  INFO [LocalJobRunner Map Task Executor #0] mapred.MapTask: Map output collector class = org.apache.hadoop.mapred.MapTask$MapOutputBuffer
2024-04-24T01:11:34,355  INFO [LocalJobRunner Map Task Executor #0] exec.MapOperator: Initializing Operator: MAP[0]
2024-04-24T01:11:34,355  INFO [LocalJobRunner Map Task Executor #0] mr.ExecMapper: 
<MAP>Id =0
  <Children>null
  <\Children>
  <Parent><\Parent>
<\MAP>
2024-04-24T01:11:34,355  INFO [LocalJobRunner Map Task Executor #0] exec.TableScanOperator: Initializing Operator: TS[0]
2024-04-24T01:11:34,355  INFO [LocalJobRunner Map Task Executor #0] exec.SelectOperator: Initializing Operator: SEL[1]
2024-04-24T01:11:34,356  INFO [LocalJobRunner Map Task Executor #0] exec.SelectOperator: SELECT null
2024-04-24T01:11:34,356  INFO [LocalJobRunner Map Task Executor #0] exec.UDTFOperator: Initializing Operator: UDTF[2]
2024-04-24T01:11:34,356  INFO [LocalJobRunner Map Task Executor #0] exec.SelectOperator: Initializing Operator: SEL[3]
2024-04-24T01:11:34,356  INFO [LocalJobRunner Map Task Executor #0] exec.SelectOperator: SELECT struct<col1:int,col2:int,col3:int>
2024-04-24T01:11:34,356  INFO [LocalJobRunner Map Task Executor #0] exec.ReduceSinkOperator: Initializing Operator: RS[4]
2024-04-24T01:11:34,356  INFO [LocalJobRunner Map Task Executor #0] exec.ReduceSinkOperator: Using tag = -1
2024-04-24T01:11:34,356  INFO [LocalJobRunner Map Task Executor #0] exec.ReduceSinkOperator: keys are [reducesinkkey0] num distributions: 1
2024-04-24T01:11:34,357  INFO [LocalJobRunner Map Task Executor #0] exec.ReduceSinkOperator: RS[4]: records written - 1
2024-04-24T01:11:34,357  INFO [LocalJobRunner Map Task Executor #0] exec.MapOperator: MAP[0]: records read - 1
2024-04-24T01:11:34,357  INFO [LocalJobRunner Map Task Executor #0] exec.MapOperator: Closing Operator: MAP[0]
2024-04-24T01:11:34,357  INFO [LocalJobRunner Map Task Executor #0] exec.MapOperator: MAP[0]: Total records read - 3. abort - false
2024-04-24T01:11:34,357  INFO [LocalJobRunner Map Task Executor #0] exec.MapOperator: RECORDS_IN:3, RECORDS_OUT_OPERATOR_MAP_0:0, DESERIALIZE_ERRORS:0, RECORDS_OUT_INTERMEDIATE:0, 
2024-04-24T01:11:34,357  INFO [LocalJobRunner Map Task Executor #0] exec.TableScanOperator: Closing Operator: TS[0]
2024-04-24T01:11:34,357  INFO [LocalJobRunner Map Task Executor #0] exec.TableScanOperator: RECORDS_OUT_OPERATOR_TS_0:1, RECORDS_OUT_INTERMEDIATE:0, 
2024-04-24T01:11:34,357  INFO [LocalJobRunner Map Task Executor #0] exec.SelectOperator: Closing Operator: SEL[1]
2024-04-24T01:11:34,357  INFO [LocalJobRunner Map Task Executor #0] exec.SelectOperator: RECORDS_OUT_OPERATOR_SEL_1:1, RECORDS_OUT_INTERMEDIATE:0, 
2024-04-24T01:11:34,357  INFO [LocalJobRunner Map Task Executor #0] exec.UDTFOperator: Closing Operator: UDTF[2]
2024-04-24T01:11:34,357  INFO [LocalJobRunner Map Task Executor #0] exec.UDTFOperator: RECORDS_OUT_OPERATOR_UDTF_2:3, RECORDS_OUT_INTERMEDIATE:0, 
2024-04-24T01:11:34,357  INFO [LocalJobRunner Map Task Executor #0] exec.SelectOperator: Closing Operator: SEL[3]
2024-04-24T01:11:34,357  INFO [LocalJobRunner Map Task Executor #0] exec.SelectOperator: RECORDS_OUT_INTERMEDIATE:0, RECORDS_OUT_OPERATOR_SEL_3:3, 
2024-04-24T01:11:34,357  INFO [LocalJobRunner Map Task Executor #0] exec.ReduceSinkOperator: Closing Operator: RS[4]
2024-04-24T01:11:34,357  INFO [LocalJobRunner Map Task Executor #0] exec.ReduceSinkOperator: RS[4]: Total records written - 3. abort - false
2024-04-24T01:11:34,357  INFO [LocalJobRunner Map Task Executor #0] exec.ReduceSinkOperator: RECORDS_OUT_INTERMEDIATE:3, RECORDS_OUT_OPERATOR_RS_4:3, 
2024-04-24T01:11:34,360  INFO [LocalJobRunner Map Task Executor #0] mapred.LocalJobRunner: 
2024-04-24T01:11:34,360  INFO [LocalJobRunner Map Task Executor #0] mapred.MapTask: Starting flush of map output
2024-04-24T01:11:34,360  INFO [LocalJobRunner Map Task Executor #0] mapred.MapTask: Spilling map output
2024-04-24T01:11:34,360  INFO [LocalJobRunner Map Task Executor #0] mapred.MapTask: bufstart = 0; bufend = 51; bufvoid = 104857600
2024-04-24T01:11:34,360  INFO [LocalJobRunner Map Task Executor #0] mapred.MapTask: kvstart = 26214396(104857584); kvend = 26214388(104857552); length = 9/6553600
2024-04-24T01:11:34,370  INFO [LocalJobRunner Map Task Executor #0] mapred.MapTask: Finished spill 0
2024-04-24T01:11:34,375  INFO [LocalJobRunner Map Task Executor #0] mapred.Task: Task:attempt_local1177028754_0074_m_000000_0 is done. And is in the process of committing
2024-04-24T01:11:34,376  INFO [LocalJobRunner Map Task Executor #0] mapred.LocalJobRunner: map
2024-04-24T01:11:34,376  INFO [LocalJobRunner Map Task Executor #0] mapred.Task: Task 'attempt_local1177028754_0074_m_000000_0' done.
2024-04-24T01:11:34,376  INFO [LocalJobRunner Map Task Executor #0] mapred.Task: Final Counters for attempt_local1177028754_0074_m_000000_0: Counters: 31
	File System Counters
		FILE: Number of bytes read=1638119
		FILE: Number of bytes written=92841253
		FILE: Number of read operations=0
		FILE: Number of large read operations=0
		FILE: Number of write operations=0
		HDFS: Number of bytes read=0
		HDFS: Number of bytes written=0
		HDFS: Number of read operations=0
		HDFS: Number of large read operations=0
		HDFS: Number of write operations=0
	Map-Reduce Framework
		Map input records=4
		Map output records=3
		Map output bytes=51
		Map output materialized bytes=69
		Input split bytes=361
		Combine input records=0
		Spilled Records=3
		Failed Shuffles=0
		Merged Map outputs=0
		GC time elapsed (ms)=0
		Total committed heap usage (bytes)=2103967744
	HIVE
		DESERIALIZE_ERRORS=0
		RECORDS_IN=3
		RECORDS_OUT_INTERMEDIATE=3
		RECORDS_OUT_OPERATOR_MAP_0=0
		RECORDS_OUT_OPERATOR_RS_4=3
		RECORDS_OUT_OPERATOR_SEL_1=1
		RECORDS_OUT_OPERATOR_SEL_3=3
		RECORDS_OUT_OPERATOR_TS_0=1
		RECORDS_OUT_OPERATOR_UDTF_2=3
	File Input Format Counters 
		Bytes Read=5520
2024-04-24T01:11:34,376  INFO [LocalJobRunner Map Task Executor #0] mapred.LocalJobRunner: Finishing task: attempt_local1177028754_0074_m_000000_0
2024-04-24T01:11:34,376  INFO [Thread-6135] mapred.LocalJobRunner: map task executor complete.
2024-04-24T01:11:34,377  INFO [Thread-6135] mapred.LocalJobRunner: Waiting for reduce tasks
2024-04-24T01:11:34,377  INFO [pool-362-thread-1] mapred.LocalJobRunner: Starting task: attempt_local1177028754_0074_r_000000_0
2024-04-24T01:11:34,380  INFO [pool-362-thread-1] mapred.Task:  Using ResourceCalculatorProcessTree : [ ]
2024-04-24T01:11:34,380  INFO [pool-362-thread-1] mapred.ReduceTask: Using ShuffleConsumerPlugin: org.apache.hadoop.mapreduce.task.reduce.Shuffle@27a4d115
2024-04-24T01:11:34,381  WARN [pool-362-thread-1] impl.MetricsSystemImpl: JobTracker metrics system already initialized!
2024-04-24T01:11:34,382  INFO [pool-362-thread-1] reduce.MergeManagerImpl: MergerManager: memoryLimit=1472777344, maxSingleShuffleLimit=368194336, mergeThreshold=972033088, ioSortFactor=10, memToMemMergeOutputsThreshold=10
2024-04-24T01:11:34,382  INFO [EventFetcher for fetching Map Completion Events] reduce.EventFetcher: attempt_local1177028754_0074_r_000000_0 Thread started: EventFetcher for fetching Map Completion Events
2024-04-24T01:11:34,385  INFO [localfetcher#97] reduce.LocalFetcher: localfetcher#97 about to shuffle output of map attempt_local1177028754_0074_m_000000_0 decomp: 21 len: 25 to MEMORY
2024-04-24T01:11:34,385  INFO [localfetcher#97] reduce.InMemoryMapOutput: Read 21 bytes from map-output for attempt_local1177028754_0074_m_000000_0
2024-04-24T01:11:34,385  INFO [localfetcher#97] reduce.MergeManagerImpl: closeInMemoryFile -> map-output of size: 21, inMemoryMapOutputs.size() -> 1, commitMemory -> 0, usedMemory ->21
2024-04-24T01:11:34,386  INFO [EventFetcher for fetching Map Completion Events] reduce.EventFetcher: EventFetcher is interrupted.. Returning
2024-04-24T01:11:34,386  INFO [pool-362-thread-1] mapred.LocalJobRunner: 1 / 1 copied.
2024-04-24T01:11:34,386  INFO [pool-362-thread-1] reduce.MergeManagerImpl: finalMerge called with 1 in-memory map-outputs and 0 on-disk map-outputs
2024-04-24T01:11:34,393  INFO [pool-362-thread-1] mapred.Merger: Merging 1 sorted segments
2024-04-24T01:11:34,393  INFO [pool-362-thread-1] mapred.Merger: Down to the last merge-pass, with 1 segments left of total size: 9 bytes
2024-04-24T01:11:34,398  INFO [pool-362-thread-1] reduce.MergeManagerImpl: Merged 1 segments, 21 bytes to disk to satisfy reduce memory limit
2024-04-24T01:11:34,398  INFO [pool-362-thread-1] reduce.MergeManagerImpl: Merging 1 files, 25 bytes from disk
2024-04-24T01:11:34,398  INFO [pool-362-thread-1] reduce.MergeManagerImpl: Merging 0 segments, 0 bytes from memory into reduce
2024-04-24T01:11:34,398  INFO [pool-362-thread-1] mapred.Merger: Merging 1 sorted segments
2024-04-24T01:11:34,398  INFO [pool-362-thread-1] mapred.Merger: Down to the last merge-pass, with 1 segments left of total size: 9 bytes
2024-04-24T01:11:34,398  INFO [pool-362-thread-1] mapred.LocalJobRunner: 1 / 1 copied.
2024-04-24T01:11:34,399  INFO [pool-362-thread-1] exec.SerializationUtilities: Deserializing ReduceWork using kryo
2024-04-24T01:11:34,400  INFO [pool-362-thread-1] exec.Utilities: Deserialized plan (via FILE) - name: null size: 6,16KB
2024-04-24T01:11:34,401  INFO [pool-362-thread-1] ExecReducer: 
<SEL>Id =5
  <Children>
    <FS>Id =6
      <Children>
      <\Children>
      <Parent>Id = 5 null<\Parent>
    <\FS>
  <\Children>
  <Parent><\Parent>
<\SEL>
2024-04-24T01:11:34,401  INFO [pool-362-thread-1] exec.SelectOperator: Initializing Operator: SEL[5]
2024-04-24T01:11:34,401  INFO [pool-362-thread-1] exec.SelectOperator: SELECT struct<key:struct<reducesinkkey0:int>,value:struct<_col0:int,_col1:int>>
2024-04-24T01:11:34,401  INFO [pool-362-thread-1] exec.FileSinkOperator: Initializing Operator: FS[6]
2024-04-24T01:11:34,402  INFO [pool-362-thread-1] exec.FileSinkOperator: Using serializer : AbstractSerDe [log=org.apache.logging.slf4j.Log4jLogger@7c52fdfa, configuration=Optional[Configuration: core-default.xml, core-site.xml, mapred-default.xml, mapred-site.xml, yarn-default.xml, yarn-site.xml, hdfs-default.xml, hdfs-site.xml, file:/home/alex/Repositories/hive/ql/target/tmp/TestTxnCommandsWithSplitUpdateAndVectorization/mapred/local/localRunner/alex/job_local1177028754_0074/job_local1177028754_0074.xml], properties={transactional_properties=default, name=default.target, transactional=true, columns.types=int:int:int, bucket_field_name=key, columns=key,data,cur, numFilesErasureCoded=0, columns.comments=&amp#0;&amp#0;, bucketing_version=2, bucket_count=2, serialization.lib=org.apache.hadoop.hive.ql.io.orc.OrcSerde, file.inputformat=org.apache.hadoop.hive.ql.io.orc.OrcInputFormat, file.outputformat=org.apache.hadoop.hive.ql.io.orc.OrcOutputFormat, location=file:/home/alex/Repositories/hive/ql/target/tmp/org.apache.hadoop.hive.ql.TestTxnCommands-1713946100941/warehouse/target, column.name.delimiter=,}, tableProperties={transactional_properties=default, name=default.target, transactional=true, columns.types=int:int:int, bucket_field_name=key, columns=key,data,cur, numFilesErasureCoded=0, columns.comments=&amp#0;&amp#0;, bucketing_version=2, bucket_count=2, serialization.lib=org.apache.hadoop.hive.ql.io.orc.OrcSerde, file.inputformat=org.apache.hadoop.hive.ql.io.orc.OrcInputFormat, location=file:/home/alex/Repositories/hive/ql/target/tmp/org.apache.hadoop.hive.ql.TestTxnCommands-1713946100941/warehouse/target, file.outputformat=org.apache.hadoop.hive.ql.io.orc.OrcOutputFormat, column.name.delimiter=,}, partitionProperties=Optional.empty, columnNames=[key, data, cur], columnTypes=[int, int, int], getClass()=class org.apache.hadoop.hive.ql.io.orc.OrcSerde] and formatter : org.apache.hadoop.hive.ql.io.orc.OrcOutputFormat@6bc5f333
2024-04-24T01:11:34,402  INFO [pool-362-thread-1] exec.FileSinkOperator: Final Path: FS file:/home/alex/Repositories/hive/ql/target/tmp/org.apache.hadoop.hive.ql.TestTxnCommands-1713946100941/warehouse/target
2024-04-24T01:11:34,402  INFO [pool-362-thread-1] exec.FileSinkOperator: New Final Path: FS file:/home/alex/Repositories/hive/ql/target/tmp/org.apache.hadoop.hive.ql.TestTxnCommands-1713946100941/warehouse/target
2024-04-24T01:11:34,402  INFO [pool-362-thread-1] common.FileUtils: Creating directory if it doesn't exist: file:/home/alex/Repositories/hive/ql/target/tmp/org.apache.hadoop.hive.ql.TestTxnCommands-1713946100941/warehouse
2024-04-24T01:11:34,403  INFO [pool-362-thread-1] exec.FileSinkOperator: FS[6]: records written - 1
2024-04-24T01:11:34,403  INFO [pool-362-thread-1] impl.PhysicalFsWriter: ORC writer created for path: file:/home/alex/Repositories/hive/ql/target/tmp/org.apache.hadoop.hive.ql.TestTxnCommands-1713946100941/warehouse/target/delta_0000001_0000001_0000/bucket_00000_0 with stripeSize: 8388608 blockSize: 268435456 compression: Compress: ZLIB buffer: 32768
2024-04-24T01:11:34,415  INFO [pool-362-thread-1] impl.WriterImpl: ORC writer created for path: file:/home/alex/Repositories/hive/ql/target/tmp/org.apache.hadoop.hive.ql.TestTxnCommands-1713946100941/warehouse/target/delta_0000001_0000001_0000/bucket_00000_0 with stripeSize: 8388608 options: Compress: ZLIB buffer: 32768
2024-04-24T01:11:34,424  INFO [pool-362-thread-1] exec.SelectOperator: Closing Operator: SEL[5]
2024-04-24T01:11:34,424  INFO [pool-362-thread-1] exec.SelectOperator: RECORDS_OUT_OPERATOR_SEL_5:1, RECORDS_OUT_INTERMEDIATE:0, 
2024-04-24T01:11:34,424  INFO [pool-362-thread-1] exec.FileSinkOperator: Closing Operator: FS[6]
2024-04-24T01:11:34,424  INFO [pool-362-thread-1] exec.FileSinkOperator: FS[6]: records written - 1
2024-04-24T01:11:34,427  INFO [pool-362-thread-1] FileOperations: Writing manifest to file:/home/alex/Repositories/hive/ql/target/tmp/org.apache.hadoop.hive.ql.TestTxnCommands-1713946100941/warehouse/target/_tmp.delta_0000001_0000001_0000/000000_0.manifest with [file:/home/alex/Repositories/hive/ql/target/tmp/org.apache.hadoop.hive.ql.TestTxnCommands-1713946100941/warehouse/target/delta_0000001_0000001_0000/bucket_00000_0]
2024-04-24T01:11:34,449  INFO [pool-362-thread-1] exec.FileSinkOperator: RECORDS_OUT_OPERATOR_FS_6:1, RECORDS_OUT_INTERMEDIATE:0, TOTAL_TABLE_ROWS_WRITTEN:1, RECORDS_OUT_1_default.target:1, 
2024-04-24T01:11:34,449  INFO [pool-362-thread-1] mapred.Task: Task:attempt_local1177028754_0074_r_000000_0 is done. And is in the process of committing
2024-04-24T01:11:34,450  INFO [pool-362-thread-1] mapred.LocalJobRunner: reduce > reduce
2024-04-24T01:11:34,450  INFO [pool-362-thread-1] mapred.Task: Task 'attempt_local1177028754_0074_r_000000_0' done.
2024-04-24T01:11:34,450  INFO [pool-362-thread-1] mapred.Task: Final Counters for attempt_local1177028754_0074_r_000000_0: Counters: 35
	File System Counters
		FILE: Number of bytes read=1644495
		FILE: Number of bytes written=92842334
		FILE: Number of read operations=0
		FILE: Number of large read operations=0
		FILE: Number of write operations=0
		HDFS: Number of bytes read=0
		HDFS: Number of bytes written=0
		HDFS: Number of read operations=0
		HDFS: Number of large read operations=0
		HDFS: Number of write operations=0
	Map-Reduce Framework
		Combine input records=0
		Combine output records=0
		Reduce input groups=1
		Reduce shuffle bytes=25
		Reduce input records=1
		Reduce output records=0
		Spilled Records=1
		Shuffled Maps =1
		Failed Shuffles=0
		Merged Map outputs=1
		GC time elapsed (ms)=0
		Total committed heap usage (bytes)=2103967744
	HIVE
		CREATED_FILES=1
		RECORDS_OUT_1_default.target=1
		RECORDS_OUT_INTERMEDIATE=0
		RECORDS_OUT_OPERATOR_FS_6=1
		RECORDS_OUT_OPERATOR_SEL_5=1
		TOTAL_TABLE_ROWS_WRITTEN=1
	Shuffle Errors
		BAD_ID=0
		CONNECTION=0
		IO_ERROR=0
		WRONG_LENGTH=0
		WRONG_MAP=0
		WRONG_REDUCE=0
	File Output Format Counters 
		Bytes Written=0
2024-04-24T01:11:34,450  INFO [pool-362-thread-1] mapred.LocalJobRunner: Finishing task: attempt_local1177028754_0074_r_000000_0
2024-04-24T01:11:34,450  INFO [pool-362-thread-1] mapred.LocalJobRunner: Starting task: attempt_local1177028754_0074_r_000001_0
2024-04-24T01:11:34,451  INFO [pool-362-thread-1] mapred.Task:  Using ResourceCalculatorProcessTree : [ ]
2024-04-24T01:11:34,451  INFO [pool-362-thread-1] mapred.ReduceTask: Using ShuffleConsumerPlugin: org.apache.hadoop.mapreduce.task.reduce.Shuffle@53406956
2024-04-24T01:11:34,451  WARN [pool-362-thread-1] impl.MetricsSystemImpl: JobTracker metrics system already initialized!
2024-04-24T01:11:34,452  INFO [pool-362-thread-1] reduce.MergeManagerImpl: MergerManager: memoryLimit=1472777344, maxSingleShuffleLimit=368194336, mergeThreshold=972033088, ioSortFactor=10, memToMemMergeOutputsThreshold=10
2024-04-24T01:11:34,453  INFO [EventFetcher for fetching Map Completion Events] reduce.EventFetcher: attempt_local1177028754_0074_r_000001_0 Thread started: EventFetcher for fetching Map Completion Events
2024-04-24T01:11:34,457  INFO [localfetcher#98] reduce.LocalFetcher: localfetcher#98 about to shuffle output of map attempt_local1177028754_0074_m_000000_0 decomp: 40 len: 44 to MEMORY
2024-04-24T01:11:34,457  INFO [localfetcher#98] reduce.InMemoryMapOutput: Read 40 bytes from map-output for attempt_local1177028754_0074_m_000000_0
2024-04-24T01:11:34,458  INFO [localfetcher#98] reduce.MergeManagerImpl: closeInMemoryFile -> map-output of size: 40, inMemoryMapOutputs.size() -> 1, commitMemory -> 0, usedMemory ->40
2024-04-24T01:11:34,458  INFO [EventFetcher for fetching Map Completion Events] reduce.EventFetcher: EventFetcher is interrupted.. Returning
2024-04-24T01:11:34,459  INFO [pool-362-thread-1] mapred.LocalJobRunner: 1 / 1 copied.
2024-04-24T01:11:34,459  INFO [pool-362-thread-1] reduce.MergeManagerImpl: finalMerge called with 1 in-memory map-outputs and 0 on-disk map-outputs
2024-04-24T01:11:34,468  INFO [pool-362-thread-1] mapred.Merger: Merging 1 sorted segments
2024-04-24T01:11:34,468  INFO [pool-362-thread-1] mapred.Merger: Down to the last merge-pass, with 1 segments left of total size: 28 bytes
2024-04-24T01:11:34,473  INFO [pool-362-thread-1] reduce.MergeManagerImpl: Merged 1 segments, 40 bytes to disk to satisfy reduce memory limit
2024-04-24T01:11:34,473  INFO [pool-362-thread-1] reduce.MergeManagerImpl: Merging 1 files, 44 bytes from disk
2024-04-24T01:11:34,473  INFO [pool-362-thread-1] reduce.MergeManagerImpl: Merging 0 segments, 0 bytes from memory into reduce
2024-04-24T01:11:34,473  INFO [pool-362-thread-1] mapred.Merger: Merging 1 sorted segments
2024-04-24T01:11:34,474  INFO [pool-362-thread-1] mapred.Merger: Down to the last merge-pass, with 1 segments left of total size: 28 bytes
2024-04-24T01:11:34,474  INFO [pool-362-thread-1] mapred.LocalJobRunner: 1 / 1 copied.
2024-04-24T01:11:34,474  INFO [pool-362-thread-1] exec.SerializationUtilities: Deserializing ReduceWork using kryo
2024-04-24T01:11:34,475  INFO [pool-362-thread-1] exec.Utilities: Deserialized plan (via FILE) - name: null size: 6,16KB
2024-04-24T01:11:34,476  INFO [pool-362-thread-1] ExecReducer: 
<SEL>Id =5
  <Children>
    <FS>Id =6
      <Children>
      <\Children>
      <Parent>Id = 5 null<\Parent>
    <\FS>
  <\Children>
  <Parent><\Parent>
<\SEL>
2024-04-24T01:11:34,477  INFO [pool-362-thread-1] exec.SelectOperator: Initializing Operator: SEL[5]
2024-04-24T01:11:34,477  INFO [pool-362-thread-1] exec.SelectOperator: SELECT struct<key:struct<reducesinkkey0:int>,value:struct<_col0:int,_col1:int>>
2024-04-24T01:11:34,477  INFO [pool-362-thread-1] exec.FileSinkOperator: Initializing Operator: FS[6]
2024-04-24T01:11:34,477  INFO [pool-362-thread-1] exec.FileSinkOperator: Using serializer : AbstractSerDe [log=org.apache.logging.slf4j.Log4jLogger@7c52fdfa, configuration=Optional[Configuration: core-default.xml, core-site.xml, mapred-default.xml, mapred-site.xml, yarn-default.xml, yarn-site.xml, hdfs-default.xml, hdfs-site.xml, file:/home/alex/Repositories/hive/ql/target/tmp/TestTxnCommandsWithSplitUpdateAndVectorization/mapred/local/localRunner/alex/job_local1177028754_0074/job_local1177028754_0074.xml], properties={transactional_properties=default, name=default.target, transactional=true, columns.types=int:int:int, bucket_field_name=key, columns=key,data,cur, numFilesErasureCoded=0, columns.comments=&amp#0;&amp#0;, bucketing_version=2, bucket_count=2, serialization.lib=org.apache.hadoop.hive.ql.io.orc.OrcSerde, file.inputformat=org.apache.hadoop.hive.ql.io.orc.OrcInputFormat, file.outputformat=org.apache.hadoop.hive.ql.io.orc.OrcOutputFormat, location=file:/home/alex/Repositories/hive/ql/target/tmp/org.apache.hadoop.hive.ql.TestTxnCommands-1713946100941/warehouse/target, column.name.delimiter=,}, tableProperties={transactional_properties=default, name=default.target, transactional=true, columns.types=int:int:int, bucket_field_name=key, columns=key,data,cur, numFilesErasureCoded=0, columns.comments=&amp#0;&amp#0;, bucketing_version=2, bucket_count=2, serialization.lib=org.apache.hadoop.hive.ql.io.orc.OrcSerde, file.inputformat=org.apache.hadoop.hive.ql.io.orc.OrcInputFormat, location=file:/home/alex/Repositories/hive/ql/target/tmp/org.apache.hadoop.hive.ql.TestTxnCommands-1713946100941/warehouse/target, file.outputformat=org.apache.hadoop.hive.ql.io.orc.OrcOutputFormat, column.name.delimiter=,}, partitionProperties=Optional.empty, columnNames=[key, data, cur], columnTypes=[int, int, int], getClass()=class org.apache.hadoop.hive.ql.io.orc.OrcSerde] and formatter : org.apache.hadoop.hive.ql.io.orc.OrcOutputFormat@16956b56
2024-04-24T01:11:34,478  INFO [pool-362-thread-1] exec.FileSinkOperator: Final Path: FS file:/home/alex/Repositories/hive/ql/target/tmp/org.apache.hadoop.hive.ql.TestTxnCommands-1713946100941/warehouse/target
2024-04-24T01:11:34,478  INFO [pool-362-thread-1] exec.FileSinkOperator: New Final Path: FS file:/home/alex/Repositories/hive/ql/target/tmp/org.apache.hadoop.hive.ql.TestTxnCommands-1713946100941/warehouse/target
2024-04-24T01:11:34,478  INFO [pool-362-thread-1] common.FileUtils: Creating directory if it doesn't exist: file:/home/alex/Repositories/hive/ql/target/tmp/org.apache.hadoop.hive.ql.TestTxnCommands-1713946100941/warehouse
2024-04-24T01:11:34,478  INFO [pool-362-thread-1] exec.FileSinkOperator: FS[6]: records written - 1
2024-04-24T01:11:34,479  INFO [pool-362-thread-1] impl.PhysicalFsWriter: ORC writer created for path: file:/home/alex/Repositories/hive/ql/target/tmp/org.apache.hadoop.hive.ql.TestTxnCommands-1713946100941/warehouse/target/delta_0000001_0000001_0000/bucket_00001_0 with stripeSize: 8388608 blockSize: 268435456 compression: Compress: ZLIB buffer: 32768
2024-04-24T01:11:34,487  INFO [pool-362-thread-1] impl.WriterImpl: ORC writer created for path: file:/home/alex/Repositories/hive/ql/target/tmp/org.apache.hadoop.hive.ql.TestTxnCommands-1713946100941/warehouse/target/delta_0000001_0000001_0000/bucket_00001_0 with stripeSize: 8388608 options: Compress: ZLIB buffer: 32768
2024-04-24T01:11:34,488  INFO [pool-362-thread-1] exec.SelectOperator: Closing Operator: SEL[5]
2024-04-24T01:11:34,488  INFO [pool-362-thread-1] exec.SelectOperator: RECORDS_OUT_OPERATOR_SEL_5:2, RECORDS_OUT_INTERMEDIATE:0, 
2024-04-24T01:11:34,488  INFO [pool-362-thread-1] exec.FileSinkOperator: Closing Operator: FS[6]
2024-04-24T01:11:34,488  INFO [pool-362-thread-1] exec.FileSinkOperator: FS[6]: records written - 2
2024-04-24T01:11:34,490  INFO [pool-362-thread-1] FileOperations: Writing manifest to file:/home/alex/Repositories/hive/ql/target/tmp/org.apache.hadoop.hive.ql.TestTxnCommands-1713946100941/warehouse/target/_tmp.delta_0000001_0000001_0000/000001_0.manifest with [file:/home/alex/Repositories/hive/ql/target/tmp/org.apache.hadoop.hive.ql.TestTxnCommands-1713946100941/warehouse/target/delta_0000001_0000001_0000/bucket_00001_0]
2024-04-24T01:11:34,508  INFO [pool-362-thread-1] exec.FileSinkOperator: RECORDS_OUT_OPERATOR_FS_6:2, TOTAL_TABLE_ROWS_WRITTEN:2, RECORDS_OUT_1_default.target:2, RECORDS_OUT_INTERMEDIATE:0, 
2024-04-24T01:11:34,509  INFO [pool-362-thread-1] mapred.Task: Task:attempt_local1177028754_0074_r_000001_0 is done. And is in the process of committing
2024-04-24T01:11:34,509  INFO [pool-362-thread-1] mapred.LocalJobRunner: reduce > reduce
2024-04-24T01:11:34,509  INFO [pool-362-thread-1] mapred.Task: Task 'attempt_local1177028754_0074_r_000001_0' done.
2024-04-24T01:11:34,509  INFO [pool-362-thread-1] mapred.Task: Final Counters for attempt_local1177028754_0074_r_000001_0: Counters: 35
	File System Counters
		FILE: Number of bytes read=1650865
		FILE: Number of bytes written=92843453
		FILE: Number of read operations=0
		FILE: Number of large read operations=0
		FILE: Number of write operations=0
		HDFS: Number of bytes read=0
		HDFS: Number of bytes written=0
		HDFS: Number of read operations=0
		HDFS: Number of large read operations=0
		HDFS: Number of write operations=0
	Map-Reduce Framework
		Combine input records=0
		Combine output records=0
		Reduce input groups=1
		Reduce shuffle bytes=44
		Reduce input records=2
		Reduce output records=0
		Spilled Records=2
		Shuffled Maps =1
		Failed Shuffles=0
		Merged Map outputs=1
		GC time elapsed (ms)=0
		Total committed heap usage (bytes)=2103967744
	HIVE
		CREATED_FILES=1
		RECORDS_OUT_1_default.target=2
		RECORDS_OUT_INTERMEDIATE=0
		RECORDS_OUT_OPERATOR_FS_6=2
		RECORDS_OUT_OPERATOR_SEL_5=2
		TOTAL_TABLE_ROWS_WRITTEN=2
	Shuffle Errors
		BAD_ID=0
		CONNECTION=0
		IO_ERROR=0
		WRONG_LENGTH=0
		WRONG_MAP=0
		WRONG_REDUCE=0
	File Output Format Counters 
		Bytes Written=0
2024-04-24T01:11:34,510  INFO [pool-362-thread-1] mapred.LocalJobRunner: Finishing task: attempt_local1177028754_0074_r_000001_0
2024-04-24T01:11:34,510  INFO [Thread-6135] mapred.LocalJobRunner: reduce task executor complete.
2024-04-24 01:11:35,341 Stage-1 map = 100%,  reduce = 100%
2024-04-24T01:11:35,341  INFO [main] exec.Task: 2024-04-24 01:11:35,341 Stage-1 map = 100%,  reduce = 100%
Ended Job = job_local1177028754_0074
2024-04-24T01:11:35,342  INFO [main] exec.Task: Ended Job = job_local1177028754_0074
2024-04-24T01:11:35,343  INFO [main] FileOperations: Found manifest file file:/home/alex/Repositories/hive/ql/target/tmp/org.apache.hadoop.hive.ql.TestTxnCommands-1713946100941/warehouse/target/_tmp.delta_0000001_0000001_0000/000001_0.manifest with attemptId 0.
2024-04-24T01:11:35,343  INFO [main] FileOperations: Found manifest file file:/home/alex/Repositories/hive/ql/target/tmp/org.apache.hadoop.hive.ql.TestTxnCommands-1713946100941/warehouse/target/_tmp.delta_0000001_0000001_0000/000000_0.manifest with attemptId 0.
2024-04-24T01:11:35,343  INFO [main] FileOperations: Looking at manifest file: file:/home/alex/Repositories/hive/ql/target/tmp/org.apache.hadoop.hive.ql.TestTxnCommands-1713946100941/warehouse/target/_tmp.delta_0000001_0000001_0000/000001_0.manifest
2024-04-24T01:11:35,343  INFO [main] FileOperations: Looking at manifest file: file:/home/alex/Repositories/hive/ql/target/tmp/org.apache.hadoop.hive.ql.TestTxnCommands-1713946100941/warehouse/target/_tmp.delta_0000001_0000001_0000/000000_0.manifest
2024-04-24T01:11:35,344  INFO [main] FileOperations: Deleting manifest directory file:/home/alex/Repositories/hive/ql/target/tmp/org.apache.hadoop.hive.ql.TestTxnCommands-1713946100941/warehouse/target/_tmp.delta_0000001_0000001_0000
2024-04-24T01:11:35,345  INFO [main] ql.Driver: Starting task [Stage-0:MOVE] in serial mode
Loading data to table default.target
2024-04-24T01:11:35,345  INFO [main] exec.Task: Loading data to table default.target from file:/home/alex/Repositories/hive/ql/target/tmp/org.apache.hadoop.hive.ql.TestTxnCommands-1713946100941/warehouse/target
2024-04-24T01:11:35,345  INFO [main] HiveMetaStore.audit: ugi=alex	ip=unknown-ip-addr	cmd=get_table : tbl=hive.default.target	
2024-04-24T01:11:35,351  INFO [main] metastore.HMSHandler: Skipping translation for processor with null
2024-04-24T01:11:35,351  INFO [main] HiveMetaStore.audit: ugi=alex	ip=unknown-ip-addr	cmd=get_table : tbl=hive.default.target	
2024-04-24T01:11:35,358  INFO [main] metastore.HMSHandler: Skipping translation for processor with null
2024-04-24T01:11:35,358  INFO [main] HiveMetaStore.audit: ugi=alex	ip=unknown-ip-addr	cmd=alter_table: hive.default.target newtbl=target	
2024-04-24T01:11:35,391  INFO [main] ql.Driver: Starting task [Stage-2:STATS] in serial mode
2024-04-24T01:11:35,392  INFO [main] HiveMetaStore.audit: ugi=alex	ip=unknown-ip-addr	cmd=get_table : tbl=hive.default.target	
2024-04-24T01:11:35,398  INFO [main] metastore.HMSHandler: Skipping translation for processor with null
2024-04-24T01:11:35,398  INFO [main] stats.BasicStatsTask: Executing stats task
2024-04-24T01:11:35,398  INFO [main] fs.FSStatsPublisher: created : file:/home/alex/Repositories/hive/ql/target/tmp/localscratchdir/f8b04dbc-625a-4530-ace9-c9b171c687c0/hive_2024-04-24_01-11-33_899_7843821729462686183-1/-mr-10000
2024-04-24T01:11:35,399  INFO [main] HiveMetaStore.audit: ugi=alex	ip=unknown-ip-addr	cmd=get_table : tbl=hive.default.target	
2024-04-24T01:11:35,406  INFO [main] metastore.HMSHandler: Skipping translation for processor with null
2024-04-24T01:11:35,417  WARN [main] FileOperations: Computing stats for an ACID table; stats may be inaccurate
2024-04-24T01:11:35,418  INFO [main] FileOperations: Read stats for default.target/, numRows, true, 3, false: 
2024-04-24T01:11:35,418  INFO [main] FileOperations: Read stats for default.target/, rawDataSize, true, 0, false: 
2024-04-24T01:11:35,418  INFO [main] HiveMetaStore.audit: ugi=alex	ip=unknown-ip-addr	cmd=alter_table: hive.default.target newtbl=target	
2024-04-24T01:11:35,437  INFO [main] FileOperations: Read stats for default.target/, insertCount, true, 3, false: 
2024-04-24T01:11:35,437  INFO [main] FileOperations: Read stats for default.target/, updateCount, true, 0, false: 
2024-04-24T01:11:35,437  INFO [main] FileOperations: Read stats for default.target/, deleteCount, true, 0, false: 
2024-04-24T01:11:35,440  INFO [main] stats.BasicStatsTask: Table default.target stats: [numFiles=2, numRows=3, totalSize=1460, rawDataSize=0, numFilesErasureCoded=0]
2024-04-24T01:11:35,441  INFO [main] metadata.Hive: Dumping metastore api call timing information for : execution phase
2024-04-24T01:11:35,441  INFO [main] metadata.Hive: Total time spent in each metastore function (ms): {getTable_(GetTableRequest)=27, alter_table_(String, String, String, Table, EnvironmentContext, String)=52, isCompatibleWith_(Configuration)=0, updateTransactionalStatistics_(UpdateTransactionalStatsRequest)=3}
MapReduce Jobs Launched: 
2024-04-24T01:11:35,441  INFO [main] ql.Driver: MapReduce Jobs Launched: 
Stage-Stage-1:  HDFS Read: 0 HDFS Write: 0 SUCCESS
2024-04-24T01:11:35,441  INFO [main] ql.Driver: Stage-Stage-1:  HDFS Read: 0 HDFS Write: 0 SUCCESS
Total MapReduce CPU Time Spent: 0 msec
2024-04-24T01:11:35,441  INFO [main] ql.Driver: Total MapReduce CPU Time Spent: 0 msec
2024-04-24T01:11:35,442  INFO [main] ql.Driver: Completed executing command(queryId=alex_20240424011133_736ea642-95f0-4427-bb14-eaf459b5b6ce); Time taken: 1.357 seconds
2024-04-24T01:11:35,442  INFO [main] lockmgr.DbTxnManager: Stopped heartbeat for query: alex_20240424011133_736ea642-95f0-4427-bb14-eaf459b5b6ce
2024-04-24T01:11:35,453  INFO [main] txn.TxnHandler: Removed transactions: ([17]) from MIN_HISTORY_LEVEL
2024-04-24T01:11:35,453  WARN [main] txn.CompactionTxnHandler: No compaction queue record found for Compaction type transaction commit. txnId:17
2024-04-24T01:11:35,454  INFO [main] ql.TxnCommandsBaseForTests: Running the query: insert into source  values(1,7),(3,8)
2024-04-24T01:11:35,454  INFO [main] ql.Context: Deleting scratch dir: file:/home/alex/Repositories/hive/ql/target/tmp/localscratchdir/f8b04dbc-625a-4530-ace9-c9b171c687c0/hive_2024-04-24_01-11-33_899_7843821729462686183-1
2024-04-24T01:11:35,455  INFO [main] cleanup.SyncCleanupService: Deleted directory: file:/home/alex/Repositories/hive/ql/target/tmp/localscratchdir/f8b04dbc-625a-4530-ace9-c9b171c687c0/hive_2024-04-24_01-11-33_899_7843821729462686183-1 on fs with scheme file
2024-04-24T01:11:35,455  INFO [main] ql.Driver: Compiling command(queryId=alex_20240424011135_e3cba41d-a754-4932-a723-45360ef6b07d): insert into source  values(1,7),(3,8)
2024-04-24T01:11:35,458  INFO [main] txn.TxnHandler: Added entries to MIN_HISTORY_LEVEL for current txns: ([18]) with min_open_txn: 18
2024-04-24T01:11:35,458  INFO [main] lockmgr.DbTxnManager: Opened txnid:18
2024-04-24T01:11:35,459  INFO [main] parse.CalcitePlanner: Starting caching scope for: 
2024-04-24T01:11:35,459  INFO [main] parse.CalcitePlanner: Starting Semantic Analysis
2024-04-24T01:11:35,462  INFO [main] HiveMetaStore.audit: ugi=alex	ip=unknown-ip-addr	cmd=get_table : tbl=hive.default.source	
2024-04-24T01:11:35,484  INFO [main] metastore.HMSHandler: Skipping translation for processor with null
2024-04-24T01:11:35,484  INFO [main] parse.CalcitePlanner: Completed phase 1 of Semantic Analysis
2024-04-24T01:11:35,484  INFO [main] parse.CalcitePlanner: Get metadata for source tables
2024-04-24T01:11:35,484  INFO [main] parse.CalcitePlanner: Get metadata for subqueries
2024-04-24T01:11:35,484  INFO [main] parse.CalcitePlanner: Get metadata for destination tables
2024-04-24T01:11:35,485  INFO [main] HiveMetaStore.audit: ugi=alex	ip=unknown-ip-addr	cmd=get_table : tbl=hive.default.source	
2024-04-24T01:11:35,492  INFO [main] metastore.HMSHandler: Skipping translation for processor with null
2024-04-24T01:11:35,493  INFO [main] parse.CalcitePlanner: Completed getting MetaData in Semantic Analysis
2024-04-24T01:11:35,493  INFO [main] parse.CalcitePlanner: Disabling LLAP IO encode as ETL query is detected
2024-04-24T01:11:35,511  INFO [main] HiveMetaStore.audit: ugi=alex	ip=unknown-ip-addr	cmd=get_all_table_constraints : tbl=hive._dummy_database._dummy_table	
2024-04-24T01:11:35,562  INFO [main] parse.CalcitePlanner: Get metadata for source tables
2024-04-24T01:11:35,562  INFO [main] parse.CalcitePlanner: Get metadata for subqueries
2024-04-24T01:11:35,562  INFO [main] parse.CalcitePlanner: Get metadata for source tables
2024-04-24T01:11:35,563  INFO [main] HiveMetaStore.audit: ugi=alex	ip=unknown-ip-addr	cmd=get_table : tbl=hive._dummy_database._dummy_table	
2024-04-24T01:11:35,566  INFO [main] parse.CalcitePlanner: Get metadata for subqueries
2024-04-24T01:11:35,566  INFO [main] parse.CalcitePlanner: Get metadata for destination tables
2024-04-24T01:11:35,566  INFO [main] parse.CalcitePlanner: Get metadata for destination tables
2024-04-24T01:11:35,566  INFO [main] HiveMetaStore.audit: ugi=alex	ip=unknown-ip-addr	cmd=get_table : tbl=hive.default.source	
2024-04-24T01:11:35,574  INFO [main] metastore.HMSHandler: Skipping translation for processor with null
2024-04-24T01:11:35,575  INFO [main] common.FileUtils: Creating directory if it doesn't exist: file:/home/alex/Repositories/hive/ql/target/tmp/org.apache.hadoop.hive.ql.TestTxnCommands-1713946100941/warehouse/source/.hive-staging_hive_2024-04-24_01-11-35_455_7828733187331569989-1
2024-04-24T01:11:35,578  INFO [main] HiveMetaStore.audit: ugi=alex	ip=unknown-ip-addr	cmd=get_not_null_constraints : tbl=hive.default.source	
2024-04-24T01:11:35,579  INFO [main] HiveMetaStore.audit: ugi=alex	ip=unknown-ip-addr	cmd=get_check_constraints : tbl=hive.default.source	
2024-04-24T01:11:35,580  INFO [main] parse.CalcitePlanner: CBO Succeeded; optimized logical plan.
2024-04-24T01:11:35,583  INFO [main] optimizer.BucketVersionPopulator: not considering bucketingVersion for: TS[0] because it has -1<2 buckets 
2024-04-24T01:11:35,584  INFO [main] optimizer.SortedDynPartitionOptimizer: Sorted dynamic partitioning optimization kicked in..
2024-04-24T01:11:35,592  INFO [main] HiveMetaStore.audit: ugi=alex	ip=unknown-ip-addr	cmd=get_table : tbl=hive.default.source	
2024-04-24T01:11:35,602  INFO [main] metastore.HMSHandler: Skipping translation for processor with null
2024-04-24T01:11:35,602  INFO [main] optimizer.GenMRFileSink1: using CombineHiveInputformat for the merge job
2024-04-24T01:11:35,602  INFO [main] HiveMetaStore.audit: ugi=alex	ip=unknown-ip-addr	cmd=get_table : tbl=hive.default.source	
2024-04-24T01:11:35,611  INFO [main] metastore.HMSHandler: Skipping translation for processor with null
2024-04-24T01:11:35,625  INFO [main] physical.Vectorizer: Examining input format to see if vectorization is enabled.
2024-04-24T01:11:35,626  INFO [main] physical.Vectorizer: Map vectorization enabled: false
2024-04-24T01:11:35,626  INFO [main] physical.Vectorizer: Map vectorized: false
2024-04-24T01:11:35,626  INFO [main] physical.Vectorizer: Map vectorizedVertexNum: 0
2024-04-24T01:11:35,626  INFO [main] physical.Vectorizer: Map enabledConditionsMet: [hive.vectorized.use.vectorized.input.format IS true]
2024-04-24T01:11:35,626  INFO [main] physical.Vectorizer: Map enabledConditionsNotMet: [Could not enable vectorization due to partition column names size 1 is greater than the number of table column names size 0 IS false]
2024-04-24T01:11:35,626  INFO [main] physical.Vectorizer: Map inputFileFormatClassNameSet: [org.apache.hadoop.hive.ql.io.NullRowsInputFormat]
2024-04-24T01:11:35,627  INFO [main] parse.CalcitePlanner: Completed plan generation
2024-04-24T01:11:35,627  INFO [main] parse.CalcitePlanner: Ending caching scope for: 
2024-04-24T01:11:35,627  INFO [main] ql.Driver: Semantic Analysis Completed (retrial = false)
2024-04-24T01:11:35,627  INFO [main] ql.Driver: Created Hive schema: Schema(fieldSchemas:[FieldSchema(name:col1, type:int, comment:null), FieldSchema(name:col2, type:int, comment:null)], properties:null)
2024-04-24T01:11:35,627  INFO [main] metadata.Hive: Dumping metastore api call timing information for : compilation phase
2024-04-24T01:11:35,627  INFO [main] metadata.Hive: Total time spent in each metastore function (ms): {getCheckConstraints_(CheckConstraintsRequest)=1, openTxn_(String, TxnType)=2, getTable_(GetTableRequest)=57, flushCache_()=0, getNotNullConstraints_(NotNullConstraintsRequest)=1, commitTxn_(CommitTxnRequest)=12, getAllTableConstraints_(AllTableConstraintsRequest)=5, getValidWriteIds_(List, String)=3, getValidTxns_(long)=0, isCompatibleWith_(Configuration)=1}
2024-04-24T01:11:35,627  INFO [main] ql.Driver: Completed compiling command(queryId=alex_20240424011135_e3cba41d-a754-4932-a723-45360ef6b07d); Time taken: 0.172 seconds
2024-04-24T01:11:35,627  INFO [main] lockmgr.DbTxnManager: Setting lock request transaction to txnid:18 for queryId=alex_20240424011135_e3cba41d-a754-4932-a723-45360ef6b07d
2024-04-24T01:11:35,628  INFO [main] lockmgr.DbLockManager: Requesting lock for queryId=alex_20240424011135_e3cba41d-a754-4932-a723-45360ef6b07d
2024-04-24T01:11:35,643  INFO [main] lockmgr.DbLockManager: Response to queryId=alex_20240424011135_e3cba41d-a754-4932-a723-45360ef6b07d LockResponse(lockid:12, state:ACQUIRED)
2024-04-24T01:11:35,643  INFO [main] ql.Driver: Operation QUERY obtained 1 locks
2024-04-24T01:11:35,643  INFO [main] ql.Driver: Executing command(queryId=alex_20240424011135_e3cba41d-a754-4932-a723-45360ef6b07d): insert into source  values(1,7),(3,8)
2024-04-24T01:11:35,644  WARN [main] ql.Driver: Hive-on-MR is deprecated in Hive 2 and may not be available in the future versions. Consider using a different execution engine (i.e. spark, tez) or using Hive 1.X releases.
Query ID = alex_20240424011135_e3cba41d-a754-4932-a723-45360ef6b07d
2024-04-24T01:11:35,644  INFO [main] ql.Driver: Query ID = alex_20240424011135_e3cba41d-a754-4932-a723-45360ef6b07d
Total jobs = 3
2024-04-24T01:11:35,644  INFO [main] ql.Driver: Total jobs = 3
Launching Job 1 out of 3
2024-04-24T01:11:35,644  INFO [main] ql.Driver: Launching Job 1 out of 3
2024-04-24T01:11:35,768  INFO [main] ql.Driver: Starting task [Stage-1:MAPRED] in serial mode
Number of reduce tasks is set to 0 since there's no reduce operator
2024-04-24T01:11:35,768  INFO [main] exec.Task: Number of reduce tasks is set to 0 since there's no reduce operator
2024-04-24T01:11:35,770  INFO [main] mr.ExecDriver: Using org.apache.hadoop.hive.ql.io.HiveInputFormat
2024-04-24T01:11:35,771  INFO [main] exec.Utilities: Processing alias $hdt$_0:_dummy_table
2024-04-24T01:11:35,771  INFO [main] exec.Utilities: Adding 1 inputs; the first input is file:/home/alex/Repositories/hive/ql/target/tmp/localscratchdir/f8b04dbc-625a-4530-ace9-c9b171c687c0/hive_2024-04-24_01-11-35_455_7828733187331569989-1/dummy_path
2024-04-24T01:11:35,779  INFO [main] exec.SerializationUtilities: Serializing MapWork using kryo
2024-04-24T01:11:35,780  INFO [main] exec.Utilities: Serialized plan (via FILE) - name: null size: 5,99KB
2024-04-24T01:11:35,781  WARN [main] impl.MetricsSystemImpl: JobTracker metrics system already initialized!
2024-04-24T01:11:35,784  INFO [main] fs.FSStatsPublisher: created : file:/home/alex/Repositories/hive/ql/target/tmp/localscratchdir/f8b04dbc-625a-4530-ace9-c9b171c687c0/hive_2024-04-24_01-11-35_455_7828733187331569989-1/-mr-10001
2024-04-24T01:11:35,788  WARN [main] impl.MetricsSystemImpl: JobTracker metrics system already initialized!
2024-04-24T01:11:35,795  WARN [main] mapreduce.JobResourceUploader: Hadoop command-line option parsing not performed. Implement the Tool interface and execute your application with ToolRunner to remedy this.
2024-04-24T01:11:35,799  WARN [main] mapreduce.JobResourceUploader: No job jar file set.  User classes may not be found. See Job or Job#setJar(String).
2024-04-24T01:11:35,800  INFO [main] io.HiveInputFormat: hive.io.file.readcolumn.ids = 
2024-04-24T01:11:35,800  INFO [main] io.HiveInputFormat: hive.io.file.readcolumn.names = 
2024-04-24T01:11:35,800  INFO [main] io.HiveInputFormat: Generating splits for dirs: file:/home/alex/Repositories/hive/ql/target/tmp/localscratchdir/f8b04dbc-625a-4530-ace9-c9b171c687c0/hive_2024-04-24_01-11-35_455_7828733187331569989-1/dummy_path
2024-04-24T01:11:35,800  INFO [main] io.HiveInputFormat: number of splits 1
2024-04-24T01:11:35,817  INFO [main] mapreduce.JobSubmitter: number of splits:1
2024-04-24T01:11:35,835  INFO [main] mapreduce.JobSubmitter: Submitting tokens for job: job_local900150355_0075
2024-04-24T01:11:35,835  INFO [main] mapreduce.JobSubmitter: Executing with tokens: []
2024-04-24T01:11:35,896  INFO [main] mapreduce.Job: The url to track the job: http://localhost:8080/
Job running in-process (local Hadoop)
2024-04-24T01:11:35,896  INFO [main] exec.Task: Job running in-process (local Hadoop)
2024-04-24T01:11:35,896  INFO [Thread-6209] mapred.LocalJobRunner: OutputCommitter set in config org.apache.hadoop.hive.ql.io.HiveFileFormatUtils$NullOutputCommitter
2024-04-24T01:11:35,896  INFO [Thread-6209] mapred.LocalJobRunner: OutputCommitter is org.apache.hadoop.hive.ql.io.HiveFileFormatUtils$NullOutputCommitter
2024-04-24T01:11:35,898  INFO [Thread-6209] mapred.LocalJobRunner: Waiting for map tasks
2024-04-24T01:11:35,898  INFO [LocalJobRunner Map Task Executor #0] mapred.LocalJobRunner: Starting task: attempt_local900150355_0075_m_000000_0
2024-04-24T01:11:35,899  INFO [LocalJobRunner Map Task Executor #0] mapred.Task:  Using ResourceCalculatorProcessTree : [ ]
2024-04-24T01:11:35,899  INFO [LocalJobRunner Map Task Executor #0] mapred.MapTask: Processing split: org.apache.hadoop.hive.ql.io.NullRowsInputFormat:file:/home/alex/Repositories/hive/ql/target/tmp/localscratchdir/f8b04dbc-625a-4530-ace9-c9b171c687c0/hive_2024-04-24_01-11-35_455_7828733187331569989-1/dummy_path/null:0+1
2024-04-24T01:11:35,899  INFO [LocalJobRunner Map Task Executor #0] exec.SerializationUtilities: Deserializing MapWork using kryo
2024-04-24T01:11:35,900  INFO [LocalJobRunner Map Task Executor #0] exec.Utilities: Deserialized plan (via FILE) - name: null size: 5,99KB
2024-04-24T01:11:35,900  INFO [LocalJobRunner Map Task Executor #0] mapred.MapTask: numReduceTasks: 0
2024-04-24T01:11:35,901  INFO [LocalJobRunner Map Task Executor #0] exec.MapOperator: Initializing Operator: MAP[0]
2024-04-24T01:11:35,901  INFO [LocalJobRunner Map Task Executor #0] mr.ExecMapper: 
<MAP>Id =0
  <Children>null
  <\Children>
  <Parent><\Parent>
<\MAP>
2024-04-24T01:11:35,901  INFO [LocalJobRunner Map Task Executor #0] exec.TableScanOperator: Initializing Operator: TS[0]
2024-04-24T01:11:35,902  INFO [LocalJobRunner Map Task Executor #0] exec.SelectOperator: Initializing Operator: SEL[1]
2024-04-24T01:11:35,902  INFO [LocalJobRunner Map Task Executor #0] exec.SelectOperator: SELECT null
2024-04-24T01:11:35,902  INFO [LocalJobRunner Map Task Executor #0] exec.UDTFOperator: Initializing Operator: UDTF[2]
2024-04-24T01:11:35,902  INFO [LocalJobRunner Map Task Executor #0] exec.SelectOperator: Initializing Operator: SEL[3]
2024-04-24T01:11:35,902  INFO [LocalJobRunner Map Task Executor #0] exec.SelectOperator: SELECT struct<col1:int,col2:int>
2024-04-24T01:11:35,902  INFO [LocalJobRunner Map Task Executor #0] exec.FileSinkOperator: Initializing Operator: FS[4]
2024-04-24T01:11:35,902  INFO [LocalJobRunner Map Task Executor #0] exec.FileSinkOperator: Using serializer : class org.apache.hadoop.hive.serde2.lazy.LazySimpleSerDe [serdeParams=org.apache.hadoop.hive.serde2.lazy.LazySerDeParameters@60f77b52, cachedObjectInspector=org.apache.hadoop.hive.serde2.lazy.objectinspector.LazySimpleStructObjectInspector<org.apache.hadoop.hive.serde2.lazy.objectinspector.primitive.LazyIntObjectInspector@31a9eaa,org.apache.hadoop.hive.serde2.lazy.objectinspector.primitive.LazyIntObjectInspector@31a9eaa>, serializedSize=0, stats=org.apache.hadoop.hive.serde2.SerDeStats@5d7ef7c, lastOperationSerialize=false, lastOperationDeserialize=false [1, 2, 3, 4, 5, 6, 7, 8] : [key, data] : [int, int]] and formatter : org.apache.hadoop.hive.ql.io.HiveIgnoreKeyTextOutputFormat@314356cb
2024-04-24T01:11:35,903  INFO [LocalJobRunner Map Task Executor #0] exec.FileSinkOperator: Final Path: FS file:/home/alex/Repositories/hive/ql/target/tmp/org.apache.hadoop.hive.ql.TestTxnCommands-1713946100941/warehouse/source/.hive-staging_hive_2024-04-24_01-11-35_455_7828733187331569989-1/_tmp.-ext-10002/000000_0
2024-04-24T01:11:35,903  INFO [LocalJobRunner Map Task Executor #0] exec.FileSinkOperator: Writing to temp file: FS file:/home/alex/Repositories/hive/ql/target/tmp/org.apache.hadoop.hive.ql.TestTxnCommands-1713946100941/warehouse/source/.hive-staging_hive_2024-04-24_01-11-35_455_7828733187331569989-1/_task_tmp.-ext-10002/_tmp.000000_0
2024-04-24T01:11:35,903  INFO [LocalJobRunner Map Task Executor #0] exec.FileSinkOperator: New Final Path: FS file:/home/alex/Repositories/hive/ql/target/tmp/org.apache.hadoop.hive.ql.TestTxnCommands-1713946100941/warehouse/source/.hive-staging_hive_2024-04-24_01-11-35_455_7828733187331569989-1/_tmp.-ext-10002/000000_0
2024-04-24T01:11:35,910  INFO [LocalJobRunner Map Task Executor #0] exec.FileSinkOperator: FS[4]: records written - 1
2024-04-24T01:11:35,910  INFO [LocalJobRunner Map Task Executor #0] exec.MapOperator: MAP[0]: records read - 1
2024-04-24T01:11:35,910  INFO [LocalJobRunner Map Task Executor #0] exec.MapOperator: Closing Operator: MAP[0]
2024-04-24T01:11:35,910  INFO [LocalJobRunner Map Task Executor #0] exec.MapOperator: MAP[0]: Total records read - 3. abort - false
2024-04-24T01:11:35,910  INFO [LocalJobRunner Map Task Executor #0] exec.MapOperator: RECORDS_OUT_INTERMEDIATE:0, DESERIALIZE_ERRORS:0, RECORDS_IN:3, RECORDS_OUT_OPERATOR_MAP_0:0, 
2024-04-24T01:11:35,910  INFO [LocalJobRunner Map Task Executor #0] exec.TableScanOperator: Closing Operator: TS[0]
2024-04-24T01:11:35,910  INFO [LocalJobRunner Map Task Executor #0] exec.TableScanOperator: RECORDS_OUT_OPERATOR_TS_0:1, RECORDS_OUT_INTERMEDIATE:0, 
2024-04-24T01:11:35,910  INFO [LocalJobRunner Map Task Executor #0] exec.SelectOperator: Closing Operator: SEL[1]
2024-04-24T01:11:35,910  INFO [LocalJobRunner Map Task Executor #0] exec.SelectOperator: RECORDS_OUT_OPERATOR_SEL_1:1, RECORDS_OUT_INTERMEDIATE:0, 
2024-04-24T01:11:35,910  INFO [LocalJobRunner Map Task Executor #0] exec.UDTFOperator: Closing Operator: UDTF[2]
2024-04-24T01:11:35,910  INFO [LocalJobRunner Map Task Executor #0] exec.UDTFOperator: RECORDS_OUT_OPERATOR_UDTF_2:2, RECORDS_OUT_INTERMEDIATE:0, 
2024-04-24T01:11:35,911  INFO [LocalJobRunner Map Task Executor #0] exec.SelectOperator: Closing Operator: SEL[3]
2024-04-24T01:11:35,911  INFO [LocalJobRunner Map Task Executor #0] exec.SelectOperator: RECORDS_OUT_INTERMEDIATE:0, RECORDS_OUT_OPERATOR_SEL_3:2, 
2024-04-24T01:11:35,911  INFO [LocalJobRunner Map Task Executor #0] exec.FileSinkOperator: Closing Operator: FS[4]
2024-04-24T01:11:35,911  INFO [LocalJobRunner Map Task Executor #0] exec.FileSinkOperator: FS[4]: records written - 2
2024-04-24T01:11:35,915  INFO [LocalJobRunner Map Task Executor #0] exec.FileSinkOperator: RECORDS_OUT_OPERATOR_FS_4:2, RECORDS_OUT_1_default.source:2, TOTAL_TABLE_ROWS_WRITTEN:2, RECORDS_OUT_INTERMEDIATE:0, 
2024-04-24T01:11:35,916  INFO [LocalJobRunner Map Task Executor #0] mapred.LocalJobRunner: 
2024-04-24T01:11:35,916  INFO [LocalJobRunner Map Task Executor #0] mapred.Task: Task:attempt_local900150355_0075_m_000000_0 is done. And is in the process of committing
2024-04-24T01:11:35,917  INFO [LocalJobRunner Map Task Executor #0] mapred.LocalJobRunner: map
2024-04-24T01:11:35,917  INFO [LocalJobRunner Map Task Executor #0] mapred.Task: Task 'attempt_local900150355_0075_m_000000_0' done.
2024-04-24T01:11:35,917  INFO [LocalJobRunner Map Task Executor #0] mapred.Task: Final Counters for attempt_local900150355_0075_m_000000_0: Counters: 32
	File System Counters
		FILE: Number of bytes read=1657958
		FILE: Number of bytes written=94086582
		FILE: Number of read operations=0
		FILE: Number of large read operations=0
		FILE: Number of write operations=0
		HDFS: Number of bytes read=0
		HDFS: Number of bytes written=0
		HDFS: Number of read operations=0
		HDFS: Number of large read operations=0
		HDFS: Number of write operations=0
	Map-Reduce Framework
		Map input records=4
		Map output records=0
		Input split bytes=361
		Spilled Records=0
		Failed Shuffles=0
		Merged Map outputs=0
		GC time elapsed (ms)=0
		Total committed heap usage (bytes)=2103967744
	HIVE
		CREATED_FILES=1
		DESERIALIZE_ERRORS=0
		RECORDS_IN=3
		RECORDS_OUT_1_default.source=2
		RECORDS_OUT_INTERMEDIATE=0
		RECORDS_OUT_OPERATOR_FS_4=2
		RECORDS_OUT_OPERATOR_MAP_0=0
		RECORDS_OUT_OPERATOR_SEL_1=1
		RECORDS_OUT_OPERATOR_SEL_3=2
		RECORDS_OUT_OPERATOR_TS_0=1
		RECORDS_OUT_OPERATOR_UDTF_2=2
		TOTAL_TABLE_ROWS_WRITTEN=2
	File Input Format Counters 
		Bytes Read=6054
	File Output Format Counters 
		Bytes Written=0
2024-04-24T01:11:35,917  INFO [LocalJobRunner Map Task Executor #0] mapred.LocalJobRunner: Finishing task: attempt_local900150355_0075_m_000000_0
2024-04-24T01:11:35,917  INFO [Thread-6209] mapred.LocalJobRunner: map task executor complete.
2024-04-24 01:11:36,898 Stage-1 map = 100%,  reduce = 0%
2024-04-24T01:11:36,898  INFO [main] exec.Task: 2024-04-24 01:11:36,898 Stage-1 map = 100%,  reduce = 0%
Ended Job = job_local900150355_0075
2024-04-24T01:11:36,899  INFO [main] exec.Task: Ended Job = job_local900150355_0075
2024-04-24T01:11:36,902  INFO [main] ql.Driver: Starting task [Stage-7:CONDITIONAL] in serial mode
Stage-4 is selected by condition resolver.
2024-04-24T01:11:36,903  INFO [main] exec.Task: Stage-4 is selected by condition resolver.
Stage-3 is filtered out by condition resolver.
2024-04-24T01:11:36,903  INFO [main] exec.Task: Stage-3 is filtered out by condition resolver.
Stage-5 is filtered out by condition resolver.
2024-04-24T01:11:36,903  INFO [main] exec.Task: Stage-5 is filtered out by condition resolver.
2024-04-24T01:11:36,903  INFO [main] ql.Driver: Starting task [Stage-4:MOVE] in serial mode
Moving data to directory file:/home/alex/Repositories/hive/ql/target/tmp/org.apache.hadoop.hive.ql.TestTxnCommands-1713946100941/warehouse/source/.hive-staging_hive_2024-04-24_01-11-35_455_7828733187331569989-1/-ext-10000
2024-04-24T01:11:36,903  INFO [main] exec.Task: Moving data to directory file:/home/alex/Repositories/hive/ql/target/tmp/org.apache.hadoop.hive.ql.TestTxnCommands-1713946100941/warehouse/source/.hive-staging_hive_2024-04-24_01-11-35_455_7828733187331569989-1/-ext-10000 from file:/home/alex/Repositories/hive/ql/target/tmp/org.apache.hadoop.hive.ql.TestTxnCommands-1713946100941/warehouse/source/.hive-staging_hive_2024-04-24_01-11-35_455_7828733187331569989-1/-ext-10002
2024-04-24T01:11:36,903  INFO [main] ql.Driver: Starting task [Stage-0:MOVE] in serial mode
Loading data to table default.source
2024-04-24T01:11:36,904  INFO [main] exec.Task: Loading data to table default.source from file:/home/alex/Repositories/hive/ql/target/tmp/org.apache.hadoop.hive.ql.TestTxnCommands-1713946100941/warehouse/source/.hive-staging_hive_2024-04-24_01-11-35_455_7828733187331569989-1/-ext-10000
2024-04-24T01:11:36,904  INFO [main] HiveMetaStore.audit: ugi=alex	ip=unknown-ip-addr	cmd=get_table : tbl=hive.default.source	
2024-04-24T01:11:36,912  INFO [main] metastore.HMSHandler: Skipping translation for processor with null
2024-04-24T01:11:36,912  INFO [main] HiveMetaStore.audit: ugi=alex	ip=unknown-ip-addr	cmd=get_table : tbl=hive.default.source	
2024-04-24T01:11:36,921  INFO [main] metastore.HMSHandler: Skipping translation for processor with null
2024-04-24T01:11:36,923  WARN [main] metadata.Hive: Cannot get a table snapshot for source
2024-04-24T01:11:36,923  INFO [main] HiveMetaStore.audit: ugi=alex	ip=unknown-ip-addr	cmd=alter_table: hive.default.source newtbl=source	
2024-04-24T01:11:36,944  INFO [main] ql.Driver: Starting task [Stage-2:STATS] in serial mode
2024-04-24T01:11:36,945  INFO [main] HiveMetaStore.audit: ugi=alex	ip=unknown-ip-addr	cmd=get_table : tbl=hive.default.source	
2024-04-24T01:11:36,952  INFO [main] metastore.HMSHandler: Skipping translation for processor with null
2024-04-24T01:11:36,952  INFO [main] stats.BasicStatsTask: Executing stats task
2024-04-24T01:11:36,952  INFO [main] fs.FSStatsPublisher: created : file:/home/alex/Repositories/hive/ql/target/tmp/localscratchdir/f8b04dbc-625a-4530-ace9-c9b171c687c0/hive_2024-04-24_01-11-35_455_7828733187331569989-1/-mr-10001
2024-04-24T01:11:36,953  INFO [main] HiveMetaStore.audit: ugi=alex	ip=unknown-ip-addr	cmd=get_table : tbl=hive.default.source	
2024-04-24T01:11:36,961  INFO [main] metastore.HMSHandler: Skipping translation for processor with null
2024-04-24T01:11:36,961  INFO [main] FileOperations: Read stats for default.source/, numRows, true, 2, false: 
2024-04-24T01:11:36,962  INFO [main] FileOperations: Read stats for default.source/, rawDataSize, true, 6, false: 
2024-04-24T01:11:36,962  WARN [main] metadata.Hive: Cannot get a table snapshot for source
2024-04-24T01:11:36,962  INFO [main] HiveMetaStore.audit: ugi=alex	ip=unknown-ip-addr	cmd=alter_table: hive.default.source newtbl=source	
2024-04-24T01:11:36,983  INFO [main] stats.BasicStatsTask: Table default.source stats: [numFiles=1, numRows=2, totalSize=8, rawDataSize=6, numFilesErasureCoded=0]
2024-04-24T01:11:36,983  INFO [main] metadata.Hive: Dumping metastore api call timing information for : execution phase
2024-04-24T01:11:36,983  INFO [main] metadata.Hive: Total time spent in each metastore function (ms): {alter_table_(String, String, String, Table, EnvironmentContext, String)=42, getTable_(GetTableRequest)=33, isCompatibleWith_(Configuration)=0}
MapReduce Jobs Launched: 
2024-04-24T01:11:36,983  INFO [main] ql.Driver: MapReduce Jobs Launched: 
Stage-Stage-1:  HDFS Read: 0 HDFS Write: 0 SUCCESS
2024-04-24T01:11:36,983  INFO [main] ql.Driver: Stage-Stage-1:  HDFS Read: 0 HDFS Write: 0 SUCCESS
Total MapReduce CPU Time Spent: 0 msec
2024-04-24T01:11:36,984  INFO [main] ql.Driver: Total MapReduce CPU Time Spent: 0 msec
2024-04-24T01:11:36,984  INFO [main] ql.Driver: Completed executing command(queryId=alex_20240424011135_e3cba41d-a754-4932-a723-45360ef6b07d); Time taken: 1.34 seconds
2024-04-24T01:11:36,984  INFO [main] lockmgr.DbTxnManager: Stopped heartbeat for query: alex_20240424011135_e3cba41d-a754-4932-a723-45360ef6b07d
2024-04-24T01:11:36,988  INFO [main] txn.TxnHandler: Expected to move at least one record from txn_components to completed_txn_components when committing txn! txnid:18
2024-04-24T01:11:36,995  INFO [main] txn.TxnHandler: Removed transactions: ([18]) from MIN_HISTORY_LEVEL
2024-04-24T01:11:36,995  WARN [main] txn.CompactionTxnHandler: No compaction queue record found for Compaction type transaction commit. txnId:18
2024-04-24T01:11:36,996  INFO [main] ql.TxnCommandsBaseForTests: Running the query: merge into target t using (select source.*, 0 c from source union all select source.*, 1 c from source inner join target on source.key=target.key where target.cur=1) s on t.key=s.key and t.cur=s.c and t.cur=1 when matched then update set cur=0 when not matched then insert values(s.key,s.data,1)
2024-04-24T01:11:36,996  INFO [main] ql.Context: Deleting scratch dir: file:/home/alex/Repositories/hive/ql/target/tmp/localscratchdir/f8b04dbc-625a-4530-ace9-c9b171c687c0/hive_2024-04-24_01-11-35_455_7828733187331569989-1
2024-04-24T01:11:36,996  INFO [main] cleanup.SyncCleanupService: Deleted directory: file:/home/alex/Repositories/hive/ql/target/tmp/localscratchdir/f8b04dbc-625a-4530-ace9-c9b171c687c0/hive_2024-04-24_01-11-35_455_7828733187331569989-1 on fs with scheme file
2024-04-24T01:11:36,996  INFO [main] ql.Context: Deleting scratch dir: file:/home/alex/Repositories/hive/ql/target/tmp/org.apache.hadoop.hive.ql.TestTxnCommands-1713946100941/warehouse/source/.hive-staging_hive_2024-04-24_01-11-35_455_7828733187331569989-1
2024-04-24T01:11:36,997  INFO [main] cleanup.SyncCleanupService: Deleted directory: file:/home/alex/Repositories/hive/ql/target/tmp/org.apache.hadoop.hive.ql.TestTxnCommands-1713946100941/warehouse/source/.hive-staging_hive_2024-04-24_01-11-35_455_7828733187331569989-1 on fs with scheme file
2024-04-24T01:11:36,997  INFO [main] ql.Driver: Compiling command(queryId=alex_20240424011136_5518b988-27e8-4116-bc9c-77ce94727a4f): merge into target t using (select source.*, 0 c from source union all select source.*, 1 c from source inner join target on source.key=target.key where target.cur=1) s on t.key=s.key and t.cur=s.c and t.cur=1 when matched then update set cur=0 when not matched then insert values(s.key,s.data,1)
2024-04-24T01:11:37,000  INFO [main] txn.TxnHandler: Added entries to MIN_HISTORY_LEVEL for current txns: ([19]) with min_open_txn: 19
2024-04-24T01:11:37,000  INFO [main] lockmgr.DbTxnManager: Opened txnid:19
2024-04-24T01:11:37,001  INFO [main] parse.MergeSemanticAnalyzer: Starting caching scope for: 
2024-04-24T01:11:37,001  INFO [main] HiveMetaStore.audit: ugi=alex	ip=unknown-ip-addr	cmd=get_table : tbl=hive.default.target	
2024-04-24T01:11:37,008  INFO [main] metastore.HMSHandler: Skipping translation for processor with null
2024-04-24T01:11:37,008  INFO [main] HiveMetaStore.audit: ugi=alex	ip=unknown-ip-addr	cmd=get_table : tbl=hive.default.merge_tmp_table	
2024-04-24T01:11:37,012  INFO [main] utils.FileUtils: Creating directory if it doesn't exist: file:/home/alex/Repositories/hive/ql/target/tmp/scratchdir/alex/f8b04dbc-625a-4530-ace9-c9b171c687c0/_tmp_space.db/merge_tmp_table
2024-04-24T01:11:37,014  INFO [main] parse.RewriteSemanticAnalyzer: Going to reparse <merge into target t using (select source.*, 0 c from source union all select source.*, 1 c from source inner join target on source.key=target.key where target.cur=1) s on t.key=s.key and t.cur=s.c and t.cur=1 when matched then update set cur=0 when not matched then insert values(s.key,s.data,1)> as 
<FROM
  `default`.`target` `t`
  RIGHT OUTER JOIN
  (select `source`.*, 0 `c` from `source` union all select `source`.*, 1 `c` from `source` inner join `target` on `source`.`key`=`target`.`key` where `target`.`cur`=1) `s`
  ON `t`.`key`=`s`.`key` and `t`.`cur`=`s`.`c` and `t`.`cur`=1
INSERT INTO `default`.`target`    -- update clause(insert part)
 SELECT `t`.`key`, `t`.`data`, 0
   WHERE `t`.`key`=`s`.`key` and `t`.`cur`=`s`.`c` and `t`.`cur`=1
INSERT INTO `default`.`target`    -- update clause (delete part)
 SELECT `t`.ROW__ID 
   WHERE `t`.`key`=`s`.`key` and `t`.`cur`=`s`.`c` and `t`.`cur`=1
 SORT BY `t`.ROW__ID 
INSERT INTO `default`.`target`    -- insert clause
  SELECT `s`.`key`,`s`.`data`,1
   WHERE `t`.`key` IS NULL AND `t`.`cur` IS NULL AND `t`.`cur` IS NULL
INSERT INTO merge_tmp_table
  SELECT cardinality_violation(`t`.ROW__ID)
 WHERE `t`.`key`=`s`.`key` and `t`.`cur`=`s`.`c` and `t`.`cur`=1 GROUP BY `t`.ROW__ID HAVING count(*) > 1>
2024-04-24T01:11:37,016  INFO [main] parse.MergeSemanticAnalyzer: Starting Semantic Analysis
2024-04-24T01:11:37,020  INFO [main] parse.MergeSemanticAnalyzer: Completed phase 1 of Semantic Analysis
2024-04-24T01:11:37,020  INFO [main] parse.MergeSemanticAnalyzer: Get metadata for source tables
2024-04-24T01:11:37,021  INFO [main] HiveMetaStore.audit: ugi=alex	ip=unknown-ip-addr	cmd=get_table : tbl=hive.default.target	
2024-04-24T01:11:37,028  INFO [main] metastore.HMSHandler: Skipping translation for processor with null
2024-04-24T01:11:37,028  INFO [main] parse.MergeSemanticAnalyzer: Get metadata for subqueries
2024-04-24T01:11:37,028  INFO [main] parse.MergeSemanticAnalyzer: Get metadata for source tables
2024-04-24T01:11:37,028  INFO [main] parse.MergeSemanticAnalyzer: Get metadata for subqueries
2024-04-24T01:11:37,028  INFO [main] parse.MergeSemanticAnalyzer: Get metadata for source tables
2024-04-24T01:11:37,029  INFO [main] HiveMetaStore.audit: ugi=alex	ip=unknown-ip-addr	cmd=get_table : tbl=hive.default.source	
2024-04-24T01:11:37,037  INFO [main] metastore.HMSHandler: Skipping translation for processor with null
2024-04-24T01:11:37,037  INFO [main] parse.MergeSemanticAnalyzer: Get metadata for subqueries
2024-04-24T01:11:37,037  INFO [main] parse.MergeSemanticAnalyzer: Get metadata for destination tables
2024-04-24T01:11:37,037  INFO [main] parse.MergeSemanticAnalyzer: Get metadata for source tables
2024-04-24T01:11:37,037  INFO [main] parse.MergeSemanticAnalyzer: Get metadata for subqueries
2024-04-24T01:11:37,037  INFO [main] parse.MergeSemanticAnalyzer: Get metadata for destination tables
2024-04-24T01:11:37,037  INFO [main] parse.MergeSemanticAnalyzer: Get metadata for destination tables
2024-04-24T01:11:37,037  INFO [main] parse.MergeSemanticAnalyzer: Get metadata for destination tables
2024-04-24T01:11:37,037  INFO [main] HiveMetaStore.audit: ugi=alex	ip=unknown-ip-addr	cmd=get_table : tbl=hive.default.target	
2024-04-24T01:11:37,044  INFO [main] metastore.HMSHandler: Skipping translation for processor with null
2024-04-24T01:11:37,044  INFO [main] HiveMetaStore.audit: ugi=alex	ip=unknown-ip-addr	cmd=get_table : tbl=hive.default.target	
2024-04-24T01:11:37,050  INFO [main] metastore.HMSHandler: Skipping translation for processor with null
2024-04-24T01:11:37,050  INFO [main] HiveMetaStore.audit: ugi=alex	ip=unknown-ip-addr	cmd=get_table : tbl=hive.default.target	
2024-04-24T01:11:37,056  INFO [main] metastore.HMSHandler: Skipping translation for processor with null
2024-04-24T01:11:37,056  INFO [main] parse.MergeSemanticAnalyzer: Completed getting MetaData in Semantic Analysis
2024-04-24T01:11:37,056  INFO [main] parse.MergeSemanticAnalyzer: Disabling LLAP IO encode as ETL query is detected
2024-04-24T01:11:37,057  INFO [main] parse.MergeSemanticAnalyzer: Get metadata for source tables
2024-04-24T01:11:37,057  INFO [main] parse.MergeSemanticAnalyzer: Get metadata for subqueries
2024-04-24T01:11:37,057  INFO [main] parse.MergeSemanticAnalyzer: Get metadata for source tables
2024-04-24T01:11:37,057  INFO [main] parse.MergeSemanticAnalyzer: Get metadata for subqueries
2024-04-24T01:11:37,057  INFO [main] parse.MergeSemanticAnalyzer: Get metadata for source tables
2024-04-24T01:11:37,057  INFO [main] parse.MergeSemanticAnalyzer: Get metadata for subqueries
2024-04-24T01:11:37,057  INFO [main] parse.MergeSemanticAnalyzer: Get metadata for destination tables
2024-04-24T01:11:37,057  INFO [main] parse.MergeSemanticAnalyzer: Get metadata for source tables
2024-04-24T01:11:37,058  INFO [main] parse.MergeSemanticAnalyzer: Get metadata for subqueries
2024-04-24T01:11:37,058  INFO [main] parse.MergeSemanticAnalyzer: Get metadata for destination tables
2024-04-24T01:11:37,058  INFO [main] parse.MergeSemanticAnalyzer: Get metadata for destination tables
2024-04-24T01:11:37,058  INFO [main] parse.MergeSemanticAnalyzer: Get metadata for destination tables
2024-04-24T01:11:37,069  INFO [main] HiveMetaStore.audit: ugi=alex	ip=unknown-ip-addr	cmd=get_all_table_constraints : tbl=hive.default.source	
2024-04-24T01:11:37,076  INFO [main] HiveMetaStore.audit: ugi=alex	ip=unknown-ip-addr	cmd=get_all_table_constraints : tbl=hive.default.source	
2024-04-24T01:11:37,082  INFO [main] HiveMetaStore.audit: ugi=alex	ip=unknown-ip-addr	cmd=get_all_table_constraints : tbl=hive.default.target	
2024-04-24T01:11:37,092  INFO [main] HiveMetaStore.audit: ugi=alex	ip=unknown-ip-addr	cmd=get_all_table_constraints : tbl=hive.default.target	
2024-04-24T01:11:37,211  INFO [main] calcite.RelOptHiveTable: Calculating column statistics for default.target, projIndxSet: [0, 1, 2], allowMissingStats: true
2024-04-24T01:11:37,212  INFO [main] HiveMetaStore.audit: ugi=alex	ip=unknown-ip-addr	cmd=get_table : tbl=hive.default.target	
2024-04-24T01:11:37,220  INFO [main] metastore.HMSHandler: Skipping translation for processor with null
2024-04-24T01:11:37,220  INFO [main] HiveMetaStore.audit: ugi=alex	ip=unknown-ip-addr	cmd=get_table : tbl=hive.default.target	
2024-04-24T01:11:37,228  INFO [main] metastore.HMSHandler: Skipping translation for processor with null
2024-04-24T01:11:37,228  INFO [main] HiveMetaStore.audit: ugi=alex	ip=unknown-ip-addr	cmd=get_table_statistics_req: table=hive.default.target	
2024-04-24T01:11:37,238  WARN [main] calcite.RelOptHiveTable: No Stats for default@target, Columns: data, cur, key
No Stats for default@target, Columns: data, cur, key
2024-04-24T01:11:37,238  INFO [main] SessionState: No Stats for default@target, Columns: data, cur, key
2024-04-24T01:11:37,239  INFO [main] calcite.RelOptHiveTable: Calculating column statistics for default.source, projIndxSet: [0, 1], allowMissingStats: true
2024-04-24T01:11:37,240  INFO [main] HiveMetaStore.audit: ugi=alex	ip=unknown-ip-addr	cmd=get_table : tbl=hive.default.source	
2024-04-24T01:11:37,250  INFO [main] metastore.HMSHandler: Skipping translation for processor with null
2024-04-24T01:11:37,251  INFO [main] HiveMetaStore.audit: ugi=alex	ip=unknown-ip-addr	cmd=get_table : tbl=hive.default.source	
2024-04-24T01:11:37,263  INFO [main] metastore.HMSHandler: Skipping translation for processor with null
2024-04-24T01:11:37,263  INFO [main] HiveMetaStore.audit: ugi=alex	ip=unknown-ip-addr	cmd=get_table_statistics_req: table=hive.default.source	
2024-04-24T01:11:37,276  WARN [main] calcite.RelOptHiveTable: No Stats for default@source, Columns: data, key
No Stats for default@source, Columns: data, key
2024-04-24T01:11:37,276  INFO [main] SessionState: No Stats for default@source, Columns: data, key
2024-04-24T01:11:37,277  INFO [main] calcite.RelOptHiveTable: Calculating column statistics for default.source, projIndxSet: [0, 1], allowMissingStats: true
2024-04-24T01:11:37,278  WARN [main] calcite.RelOptHiveTable: No Stats for default@source, Columns: key, data
No Stats for default@source, Columns: key, data
2024-04-24T01:11:37,278  INFO [main] SessionState: No Stats for default@source, Columns: key, data
2024-04-24T01:11:37,278  INFO [main] calcite.RelOptHiveTable: Calculating column statistics for default.target, projIndxSet: [0, 2], allowMissingStats: true
2024-04-24T01:11:37,279  WARN [main] calcite.RelOptHiveTable: No Stats for default@target, Columns: key, cur
No Stats for default@target, Columns: key, cur
2024-04-24T01:11:37,279  INFO [main] SessionState: No Stats for default@target, Columns: key, cur
2024-04-24T01:11:37,522  INFO [main] parse.MergeSemanticAnalyzer: Get metadata for source tables
2024-04-24T01:11:37,522  INFO [main] parse.MergeSemanticAnalyzer: Get metadata for subqueries
2024-04-24T01:11:37,522  INFO [main] parse.MergeSemanticAnalyzer: Get metadata for source tables
2024-04-24T01:11:37,522  INFO [main] parse.MergeSemanticAnalyzer: Get metadata for subqueries
2024-04-24T01:11:37,522  INFO [main] parse.MergeSemanticAnalyzer: Get metadata for source tables
2024-04-24T01:11:37,522  INFO [main] parse.MergeSemanticAnalyzer: Get metadata for subqueries
2024-04-24T01:11:37,522  INFO [main] parse.MergeSemanticAnalyzer: Get metadata for source tables
2024-04-24T01:11:37,522  INFO [main] parse.MergeSemanticAnalyzer: Get metadata for subqueries
2024-04-24T01:11:37,522  INFO [main] parse.MergeSemanticAnalyzer: Get metadata for destination tables
2024-04-24T01:11:37,522  INFO [main] parse.MergeSemanticAnalyzer: Get metadata for source tables
2024-04-24T01:11:37,522  INFO [main] parse.MergeSemanticAnalyzer: Get metadata for subqueries
2024-04-24T01:11:37,522  INFO [main] parse.MergeSemanticAnalyzer: Get metadata for source tables
2024-04-24T01:11:37,523  INFO [main] parse.MergeSemanticAnalyzer: Get metadata for subqueries
2024-04-24T01:11:37,523  INFO [main] parse.MergeSemanticAnalyzer: Get metadata for destination tables
2024-04-24T01:11:37,523  INFO [main] parse.MergeSemanticAnalyzer: Get metadata for source tables
2024-04-24T01:11:37,523  INFO [main] parse.MergeSemanticAnalyzer: Get metadata for subqueries
2024-04-24T01:11:37,523  INFO [main] parse.MergeSemanticAnalyzer: Get metadata for destination tables
2024-04-24T01:11:37,523  INFO [main] parse.MergeSemanticAnalyzer: Get metadata for destination tables
2024-04-24T01:11:37,523  INFO [main] parse.MergeSemanticAnalyzer: Get metadata for destination tables
2024-04-24T01:11:37,523  INFO [main] parse.MergeSemanticAnalyzer: Get metadata for source tables
2024-04-24T01:11:37,523  INFO [main] parse.MergeSemanticAnalyzer: Get metadata for subqueries
2024-04-24T01:11:37,523  INFO [main] parse.MergeSemanticAnalyzer: Get metadata for destination tables
2024-04-24T01:11:37,523  INFO [main] parse.MergeSemanticAnalyzer: Get metadata for destination tables
2024-04-24T01:11:37,523  INFO [main] parse.MergeSemanticAnalyzer: Get metadata for destination tables
2024-04-24T01:11:37,523  INFO [main] HiveMetaStore.audit: ugi=alex	ip=unknown-ip-addr	cmd=get_table : tbl=hive.default.target	
2024-04-24T01:11:37,529  INFO [main] metastore.HMSHandler: Skipping translation for processor with null
2024-04-24T01:11:37,530  INFO [main] HiveMetaStore.audit: ugi=alex	ip=unknown-ip-addr	cmd=get_table : tbl=hive.default.target	
2024-04-24T01:11:37,536  INFO [main] metastore.HMSHandler: Skipping translation for processor with null
2024-04-24T01:11:37,536  INFO [main] HiveMetaStore.audit: ugi=alex	ip=unknown-ip-addr	cmd=get_table : tbl=hive.default.target	
2024-04-24T01:11:37,542  INFO [main] metastore.HMSHandler: Skipping translation for processor with null
2024-04-24T01:11:37,558  INFO [main] txn.TxnHandler: Allocated writeId: 2 for txnId: 19
2024-04-24T01:11:37,558  INFO [main] txn.TxnHandler: Allocated write ids for dbName=default, tblName=target (txnIds: [19])
2024-04-24T01:11:37,560  INFO [main] HiveMetaStore.audit: ugi=alex	ip=unknown-ip-addr	cmd=get_not_null_constraints : tbl=hive.default.target	
2024-04-24T01:11:37,561  INFO [main] HiveMetaStore.audit: ugi=alex	ip=unknown-ip-addr	cmd=get_check_constraints : tbl=hive.default.target	
2024-04-24T01:11:37,564  INFO [main] HiveMetaStore.audit: ugi=alex	ip=unknown-ip-addr	cmd=get_not_null_constraints : tbl=hive.default.target	
2024-04-24T01:11:37,565  INFO [main] HiveMetaStore.audit: ugi=alex	ip=unknown-ip-addr	cmd=get_check_constraints : tbl=hive.default.target	
2024-04-24T01:11:37,571  INFO [main] common.FileUtils: Creating directory if it doesn't exist: file:/home/alex/Repositories/hive/ql/target/tmp/scratchdir/alex/f8b04dbc-625a-4530-ace9-c9b171c687c0/_tmp_space.db/merge_tmp_table/.hive-staging_hive_2024-04-24_01-11-37_014_2306414603969023444-1
2024-04-24T01:11:37,574  INFO [main] parse.MergeSemanticAnalyzer: CBO Succeeded; optimized logical plan.
2024-04-24T01:11:37,594  INFO [main] optimizer.ColumnPrunerProcFactory: RS 25 oldColExprMap: {KEY.reducesinkkey0=Column[_col0]}
2024-04-24T01:11:37,594  INFO [main] optimizer.ColumnPrunerProcFactory: RS 25 newColExprMap: {KEY.reducesinkkey0=Column[_col0]}
2024-04-24T01:11:37,594  INFO [main] optimizer.ColumnPrunerProcFactory: RS 30 oldColExprMap: {VALUE._col0=Column[_col1], VALUE._col1=Column[_col2], KEY.reducesinkkey0=Column[_col0]}
2024-04-24T01:11:37,594  INFO [main] optimizer.ColumnPrunerProcFactory: RS 30 newColExprMap: {KEY.reducesinkkey0=Column[_col0], VALUE._col0=Column[_col1], VALUE._col1=Column[_col2]}
2024-04-24T01:11:37,595  INFO [main] optimizer.ColumnPrunerProcFactory: RS 35 oldColExprMap: {KEY.reducesinkkey0=Column[_col0], VALUE._col0=Column[_col1], VALUE._col1=Column[_col2]}
2024-04-24T01:11:37,595  INFO [main] optimizer.ColumnPrunerProcFactory: RS 35 newColExprMap: {VALUE._col0=Column[_col1], KEY.reducesinkkey0=Column[_col0], VALUE._col1=Column[_col2]}
2024-04-24T01:11:37,595  INFO [main] optimizer.ColumnPrunerProcFactory: RS 23 oldColExprMap: {KEY.reducesinkkey0=Column[_col0]}
2024-04-24T01:11:37,595  INFO [main] optimizer.ColumnPrunerProcFactory: RS 23 newColExprMap: {KEY.reducesinkkey0=Column[_col0]}
2024-04-24T01:11:37,595  INFO [main] optimizer.ColumnPrunerProcFactory: RS 41 oldColExprMap: {KEY._col0=Column[_col0], VALUE._col0=Column[_col1]}
2024-04-24T01:11:37,595  INFO [main] optimizer.ColumnPrunerProcFactory: RS 41 newColExprMap: {KEY._col0=Column[_col0], VALUE._col0=Column[_col1]}
2024-04-24T01:11:37,596  INFO [main] optimizer.ColumnPrunerProcFactory: JOIN 19 oldExprs: {1=[Column[KEY.reducesinkkey0], Column[VALUE._col0], Column[VALUE._col1], Column[VALUE._col2]], 0=[Column[KEY.reducesinkkey0], Column[VALUE._col0], Column[VALUE._col1], Column[VALUE._col2]]}
2024-04-24T01:11:37,596  INFO [main] optimizer.ColumnPrunerProcFactory: JOIN 19 newExprs: {0=[Column[KEY.reducesinkkey0], Column[VALUE._col0], Column[VALUE._col1]], 1=[Column[KEY.reducesinkkey0], Column[VALUE._col0], Column[VALUE._col1], Column[VALUE._col2]]}
2024-04-24T01:11:37,596  INFO [main] optimizer.ColumnPrunerProcFactory: RS 17 oldColExprMap: {VALUE._col1=Column[_col2], VALUE._col2=Column[_col3], VALUE._col0=Column[_col1], KEY.reducesinkkey0=Column[_col0]}
2024-04-24T01:11:37,596  INFO [main] optimizer.ColumnPrunerProcFactory: RS 17 newColExprMap: {VALUE._col0=Column[_col1], KEY.reducesinkkey0=Column[_col0], VALUE._col1=Column[_col2], VALUE._col2=Column[_col3]}
2024-04-24T01:11:37,597  INFO [main] optimizer.ColumnPrunerProcFactory: RS 18 oldColExprMap: {VALUE._col0=Column[_col1], VALUE._col2=Column[_col3], VALUE._col1=Column[_col2], KEY.reducesinkkey0=Column[_col0]}
2024-04-24T01:11:37,597  INFO [main] optimizer.ColumnPrunerProcFactory: RS 18 newColExprMap: {VALUE._col0=Column[_col1], KEY.reducesinkkey0=Column[_col0], VALUE._col1=Column[_col2], VALUE._col2=Column[_col3]}
2024-04-24T01:11:37,597  INFO [main] optimizer.ColumnPrunerProcFactory: JOIN 10 oldExprs: {0=[Column[KEY.reducesinkkey0]], 1=[Column[KEY.reducesinkkey0], Column[VALUE._col0]]}
2024-04-24T01:11:37,597  INFO [main] optimizer.ColumnPrunerProcFactory: JOIN 10 newExprs: {1=[Column[KEY.reducesinkkey0], Column[VALUE._col0]], 0=[]}
2024-04-24T01:11:37,597  INFO [main] optimizer.ColumnPrunerProcFactory: RS 8 oldColExprMap: {KEY.reducesinkkey0=Column[_col0]}
2024-04-24T01:11:37,598  INFO [main] optimizer.ColumnPrunerProcFactory: RS 8 newColExprMap: {KEY.reducesinkkey0=Column[_col0]}
2024-04-24T01:11:37,598  INFO [main] optimizer.ColumnPrunerProcFactory: RS 9 oldColExprMap: {VALUE._col0=Column[_col1], KEY.reducesinkkey0=Column[_col0]}
2024-04-24T01:11:37,598  INFO [main] optimizer.ColumnPrunerProcFactory: RS 9 newColExprMap: {KEY.reducesinkkey0=Column[_col0], VALUE._col0=Column[_col1]}
2024-04-24T01:11:37,602  INFO [main] optimizer.BucketVersionPopulator: not considering bucketingVersion for: TS[5] because it has -1<2 buckets 
2024-04-24T01:11:37,603  INFO [main] optimizer.BucketVersionPopulator: not considering bucketingVersion for: TS[0] because it has -1<2 buckets 
2024-04-24T01:11:37,605  INFO [main] optimizer.SortedDynPartitionOptimizer: Sorted dynamic partitioning optimization kicked in..
2024-04-24T01:11:37,605  INFO [main] optimizer.SortedDynPartitionOptimizer: Sorted dynamic partitioning optimization kicked in..
2024-04-24T01:11:37,605  INFO [main] optimizer.SortedDynPartitionOptimizer: Sorted dynamic partitioning optimization kicked in..
2024-04-24T01:11:37,605  INFO [main] optimizer.SortedDynPartitionOptimizer: Sorted dynamic partitioning optimization kicked in..
2024-04-24T01:11:37,630  INFO [main] HiveMetaStore.audit: ugi=alex	ip=unknown-ip-addr	cmd=get_table : tbl=hive.default.target	
2024-04-24T01:11:37,637  INFO [main] metastore.HMSHandler: Skipping translation for processor with null
2024-04-24T01:11:37,645  INFO [main] HiveMetaStore.audit: ugi=alex	ip=unknown-ip-addr	cmd=get_table : tbl=hive.default.target	
2024-04-24T01:11:37,653  INFO [main] metastore.HMSHandler: Skipping translation for processor with null
2024-04-24T01:11:37,662  INFO [main] HiveMetaStore.audit: ugi=alex	ip=unknown-ip-addr	cmd=get_table : tbl=hive.default.target	
2024-04-24T01:11:37,669  INFO [main] metastore.HMSHandler: Skipping translation for processor with null
2024-04-24T01:11:37,718  INFO [main] physical.Vectorizer: Examining input format to see if vectorization is enabled.
2024-04-24T01:11:37,718  INFO [main] physical.Vectorizer: Vectorization is enabled for input format(s) [org.apache.hadoop.mapred.SequenceFileInputFormat]
2024-04-24T01:11:37,718  INFO [main] physical.Vectorizer: Validating and vectorizing MapWork... (vectorizedVertexNum 0)
2024-04-24T01:11:37,719  INFO [main] physical.Vectorizer: Map vectorization enabled: true
2024-04-24T01:11:37,719  INFO [main] physical.Vectorizer: Map vectorized: true
2024-04-24T01:11:37,719  INFO [main] physical.Vectorizer: Map vectorizedVertexNum: 0
2024-04-24T01:11:37,719  INFO [main] physical.Vectorizer: Map enabledConditionsMet: [hive.vectorized.use.vector.serde.deserialize IS true]
2024-04-24T01:11:37,719  INFO [main] physical.Vectorizer: Map inputFileFormatClassNameSet: [org.apache.hadoop.mapred.SequenceFileInputFormat]
2024-04-24T01:11:37,719  INFO [main] physical.Vectorizer: Reduce vectorization enabled: false
2024-04-24T01:11:37,719  INFO [main] physical.Vectorizer: Reduce vectorized: false
2024-04-24T01:11:37,719  INFO [main] physical.Vectorizer: Reduce vectorizedVertexNum: 1
2024-04-24T01:11:37,719  INFO [main] physical.Vectorizer: Reducer hive.vectorized.execution.reduce.enabled: true
2024-04-24T01:11:37,719  INFO [main] physical.Vectorizer: Reducer engine: mr
2024-04-24T01:11:37,719  INFO [main] physical.Vectorizer: Examining input format to see if vectorization is enabled.
2024-04-24T01:11:37,720  INFO [main] physical.Vectorizer: Vectorization is enabled for input format(s) [org.apache.hadoop.mapred.SequenceFileInputFormat]
2024-04-24T01:11:37,720  INFO [main] physical.Vectorizer: Validating and vectorizing MapWork... (vectorizedVertexNum 2)
2024-04-24T01:11:37,720  INFO [main] physical.Vectorizer: Map vectorization enabled: true
2024-04-24T01:11:37,720  INFO [main] physical.Vectorizer: Map vectorized: true
2024-04-24T01:11:37,720  INFO [main] physical.Vectorizer: Map vectorizedVertexNum: 2
2024-04-24T01:11:37,720  INFO [main] physical.Vectorizer: Map enabledConditionsMet: [hive.vectorized.use.vector.serde.deserialize IS true]
2024-04-24T01:11:37,720  INFO [main] physical.Vectorizer: Map inputFileFormatClassNameSet: [org.apache.hadoop.mapred.SequenceFileInputFormat]
2024-04-24T01:11:37,720  INFO [main] physical.Vectorizer: Reduce vectorization enabled: false
2024-04-24T01:11:37,720  INFO [main] physical.Vectorizer: Reduce vectorized: false
2024-04-24T01:11:37,720  INFO [main] physical.Vectorizer: Reduce vectorizedVertexNum: 3
2024-04-24T01:11:37,720  INFO [main] physical.Vectorizer: Reducer hive.vectorized.execution.reduce.enabled: true
2024-04-24T01:11:37,720  INFO [main] physical.Vectorizer: Reducer engine: mr
2024-04-24T01:11:37,720  INFO [main] physical.Vectorizer: Examining input format to see if vectorization is enabled.
2024-04-24T01:11:37,721  INFO [main] physical.Vectorizer: Vectorization is enabled for input format(s) [org.apache.hadoop.mapred.SequenceFileInputFormat]
2024-04-24T01:11:37,721  INFO [main] physical.Vectorizer: Validating and vectorizing MapWork... (vectorizedVertexNum 4)
2024-04-24T01:11:37,721  INFO [main] physical.Vectorizer: Map vectorization enabled: true
2024-04-24T01:11:37,721  INFO [main] physical.Vectorizer: Map vectorized: true
2024-04-24T01:11:37,721  INFO [main] physical.Vectorizer: Map vectorizedVertexNum: 4
2024-04-24T01:11:37,721  INFO [main] physical.Vectorizer: Map enabledConditionsMet: [hive.vectorized.use.vector.serde.deserialize IS true]
2024-04-24T01:11:37,721  INFO [main] physical.Vectorizer: Map inputFileFormatClassNameSet: [org.apache.hadoop.mapred.SequenceFileInputFormat]
2024-04-24T01:11:37,721  INFO [main] physical.Vectorizer: Reduce vectorization enabled: false
2024-04-24T01:11:37,721  INFO [main] physical.Vectorizer: Reduce vectorized: false
2024-04-24T01:11:37,721  INFO [main] physical.Vectorizer: Reduce vectorizedVertexNum: 5
2024-04-24T01:11:37,721  INFO [main] physical.Vectorizer: Reducer hive.vectorized.execution.reduce.enabled: true
2024-04-24T01:11:37,722  INFO [main] physical.Vectorizer: Reducer engine: mr
2024-04-24T01:11:37,722  INFO [main] physical.Vectorizer: Examining input format to see if vectorization is enabled.
2024-04-24T01:11:37,722  INFO [main] physical.Vectorizer: Vectorization is enabled for input format(s) [org.apache.hadoop.mapred.SequenceFileInputFormat]
2024-04-24T01:11:37,722  INFO [main] physical.Vectorizer: Validating and vectorizing MapWork... (vectorizedVertexNum 6)
2024-04-24T01:11:37,723  INFO [main] physical.Vectorizer: Map vectorization enabled: true
2024-04-24T01:11:37,723  INFO [main] physical.Vectorizer: Map vectorized: true
2024-04-24T01:11:37,723  INFO [main] physical.Vectorizer: Map vectorizedVertexNum: 6
2024-04-24T01:11:37,723  INFO [main] physical.Vectorizer: Map enabledConditionsMet: [hive.vectorized.use.vector.serde.deserialize IS true]
2024-04-24T01:11:37,723  INFO [main] physical.Vectorizer: Map inputFileFormatClassNameSet: [org.apache.hadoop.mapred.SequenceFileInputFormat]
2024-04-24T01:11:37,723  INFO [main] physical.Vectorizer: Reduce vectorization enabled: false
2024-04-24T01:11:37,723  INFO [main] physical.Vectorizer: Reduce vectorized: false
2024-04-24T01:11:37,723  INFO [main] physical.Vectorizer: Reduce vectorizedVertexNum: 7
2024-04-24T01:11:37,723  INFO [main] physical.Vectorizer: Reducer hive.vectorized.execution.reduce.enabled: true
2024-04-24T01:11:37,723  INFO [main] physical.Vectorizer: Reducer engine: mr
2024-04-24T01:11:37,723  INFO [main] physical.Vectorizer: Examining input format to see if vectorization is enabled.
2024-04-24T01:11:37,723  INFO [main] physical.Vectorizer: Map vectorization enabled: false
2024-04-24T01:11:37,723  INFO [main] physical.Vectorizer: Map vectorized: false
2024-04-24T01:11:37,723  INFO [main] physical.Vectorizer: Map notVectorizedReason: Vectorized map work only works with 1 TableScanOperator
2024-04-24T01:11:37,723  INFO [main] physical.Vectorizer: Map vectorizedVertexNum: 8
2024-04-24T01:11:37,723  INFO [main] physical.Vectorizer: Map enabledConditionsNotMet: [Vectorized map work only works with 1 TableScanOperator IS false]
2024-04-24T01:11:37,723  INFO [main] physical.Vectorizer: Reduce vectorization enabled: false
2024-04-24T01:11:37,723  INFO [main] physical.Vectorizer: Reduce vectorized: false
2024-04-24T01:11:37,723  INFO [main] physical.Vectorizer: Reduce vectorizedVertexNum: 9
2024-04-24T01:11:37,723  INFO [main] physical.Vectorizer: Reducer hive.vectorized.execution.reduce.enabled: true
2024-04-24T01:11:37,723  INFO [main] physical.Vectorizer: Reducer engine: mr
2024-04-24T01:11:37,723  INFO [main] physical.Vectorizer: Examining input format to see if vectorization is enabled.
2024-04-24T01:11:37,723  INFO [main] physical.Vectorizer: Map vectorization enabled: false
2024-04-24T01:11:37,724  INFO [main] physical.Vectorizer: Map vectorized: false
2024-04-24T01:11:37,724  INFO [main] physical.Vectorizer: Map notVectorizedReason: Vectorized map work only works with 1 TableScanOperator
2024-04-24T01:11:37,724  INFO [main] physical.Vectorizer: Map vectorizedVertexNum: 10
2024-04-24T01:11:37,724  INFO [main] physical.Vectorizer: Map enabledConditionsNotMet: [Vectorized map work only works with 1 TableScanOperator IS false]
2024-04-24T01:11:37,724  INFO [main] physical.Vectorizer: Reduce vectorization enabled: false
2024-04-24T01:11:37,724  INFO [main] physical.Vectorizer: Reduce vectorized: false
2024-04-24T01:11:37,724  INFO [main] physical.Vectorizer: Reduce vectorizedVertexNum: 11
2024-04-24T01:11:37,724  INFO [main] physical.Vectorizer: Reducer hive.vectorized.execution.reduce.enabled: true
2024-04-24T01:11:37,724  INFO [main] physical.Vectorizer: Reducer engine: mr
2024-04-24T01:11:37,724  INFO [main] parse.MergeSemanticAnalyzer: Completed plan generation
2024-04-24T01:11:37,724  INFO [main] parse.MergeSemanticAnalyzer: Ending caching scope for: 
2024-04-24T01:11:37,724  INFO [main] ql.Driver: Semantic Analysis Completed (retrial = false)
2024-04-24T01:11:37,724  INFO [main] ql.Driver: Created Hive schema: Schema(fieldSchemas:[FieldSchema(name:_c0, type:int, comment:null)], properties:null)
2024-04-24T01:11:37,725  INFO [main] metadata.Hive: Dumping metastore api call timing information for : compilation phase
2024-04-24T01:11:37,725  INFO [main] metadata.Hive: Total time spent in each metastore function (ms): {openTxn_(String, TxnType)=2, getNotNullConstraints_(NotNullConstraintsRequest)=2, flushCache_()=0, getAllTableConstraints_(AllTableConstraintsRequest)=22, commitTxn_(CommitTxnRequest)=11, allocateTableWriteId_(long, String, String)=7, getValidTxns_(long)=0, getTable_(GetTableRequest)=85, isCompatibleWith_(Configuration)=2, createTable_(Table)=2, getCheckConstraints_(CheckConstraintsRequest)=2, getValidWriteIds_(List, String)=5, getTableColumnStatistics_(String, String, List, String)=63}
2024-04-24T01:11:37,725  INFO [main] ql.Driver: Completed compiling command(queryId=alex_20240424011136_5518b988-27e8-4116-bc9c-77ce94727a4f); Time taken: 0.728 seconds
2024-04-24T01:11:37,725  INFO [main] lockmgr.DbTxnManager: Setting lock request transaction to txnid:19 for queryId=alex_20240424011136_5518b988-27e8-4116-bc9c-77ce94727a4f
2024-04-24T01:11:37,726  INFO [main] lockmgr.DbLockManager: Requesting lock for queryId=alex_20240424011136_5518b988-27e8-4116-bc9c-77ce94727a4f
2024-04-24T01:11:37,742  INFO [main] lockmgr.DbLockManager: Response to queryId=alex_20240424011136_5518b988-27e8-4116-bc9c-77ce94727a4f LockResponse(lockid:13, state:ACQUIRED)
2024-04-24T01:11:37,742  INFO [main] ql.Driver: Operation QUERY obtained 1 locks
2024-04-24T01:11:37,748  INFO [main] ql.Driver: Executing command(queryId=alex_20240424011136_5518b988-27e8-4116-bc9c-77ce94727a4f): merge into target t using (select source.*, 0 c from source union all select source.*, 1 c from source inner join target on source.key=target.key where target.cur=1) s on t.key=s.key and t.cur=s.c and t.cur=1 when matched then update set cur=0 when not matched then insert values(s.key,s.data,1)
2024-04-24T01:11:37,748  WARN [main] ql.Driver: Hive-on-MR is deprecated in Hive 2 and may not be available in the future versions. Consider using a different execution engine (i.e. tez, spark) or using Hive 1.X releases.
Query ID = alex_20240424011136_5518b988-27e8-4116-bc9c-77ce94727a4f
2024-04-24T01:11:37,748  INFO [main] ql.Driver: Query ID = alex_20240424011136_5518b988-27e8-4116-bc9c-77ce94727a4f
Total jobs = 6
2024-04-24T01:11:37,748  INFO [main] ql.Driver: Total jobs = 6
Launching Job 1 out of 6
2024-04-24T01:11:37,748  INFO [main] ql.Driver: Launching Job 1 out of 6
2024-04-24T01:11:37,871  INFO [main] ql.Driver: Starting task [Stage-14:MAPRED] in serial mode
2024-04-24T01:11:37,871  INFO [main] exec.Utilities: Not using thread pool for getContentSummary
2024-04-24T01:11:37,873  INFO [main] exec.Utilities: BytesPerReducer=256000000 maxReducers=1009 totalInputFileSize=1469
Number of reduce tasks not specified. Estimated from input data size: 1
2024-04-24T01:11:37,873  INFO [main] exec.Task: Number of reduce tasks not specified. Estimated from input data size: 1
In order to change the average load for a reducer (in bytes):
2024-04-24T01:11:37,873  INFO [main] exec.Task: In order to change the average load for a reducer (in bytes):
  set hive.exec.reducers.bytes.per.reducer=<number>
2024-04-24T01:11:37,873  INFO [main] exec.Task:   set hive.exec.reducers.bytes.per.reducer=<number>
In order to limit the maximum number of reducers:
2024-04-24T01:11:37,873  INFO [main] exec.Task: In order to limit the maximum number of reducers:
  set hive.exec.reducers.max=<number>
2024-04-24T01:11:37,873  INFO [main] exec.Task:   set hive.exec.reducers.max=<number>
In order to set a constant number of reducers:
2024-04-24T01:11:37,873  INFO [main] exec.Task: In order to set a constant number of reducers:
  set mapreduce.job.reduces=<number>
2024-04-24T01:11:37,873  INFO [main] exec.Task:   set mapreduce.job.reduces=<number>
2024-04-24T01:11:37,877  INFO [main] mr.ExecDriver: Using org.apache.hadoop.hive.ql.io.HiveInputFormat
2024-04-24T01:11:37,877  INFO [main] exec.Utilities: Processing alias subq:$hdt$_0:$hdt$_0-subquery2:$hdt$_0:target
2024-04-24T01:11:37,877  INFO [main] exec.Utilities: Adding 2 inputs; the first input is file:/home/alex/Repositories/hive/ql/target/tmp/org.apache.hadoop.hive.ql.TestTxnCommands-1713946100941/warehouse/target
2024-04-24T01:11:37,877  INFO [main] exec.Utilities: Processing alias subq:$hdt$_0:$hdt$_0-subquery2:$hdt$_1:source
2024-04-24T01:11:37,877  INFO [main] exec.Utilities: Adding 2 inputs; the first input is file:/home/alex/Repositories/hive/ql/target/tmp/org.apache.hadoop.hive.ql.TestTxnCommands-1713946100941/warehouse/source
2024-04-24T01:11:37,886  INFO [main] exec.SerializationUtilities: Serializing MapWork using kryo
2024-04-24T01:11:37,888  INFO [main] exec.Utilities: Serialized plan (via FILE) - name: null size: 7,46KB
2024-04-24T01:11:37,892  INFO [main] exec.SerializationUtilities: Serializing ReduceWork using kryo
2024-04-24T01:11:37,896  INFO [main] exec.Utilities: Serialized plan (via FILE) - name: null size: 7,52KB
2024-04-24T01:11:37,897  WARN [main] impl.MetricsSystemImpl: JobTracker metrics system already initialized!
2024-04-24T01:11:37,905  WARN [main] impl.MetricsSystemImpl: JobTracker metrics system already initialized!
2024-04-24T01:11:37,912  WARN [main] mapreduce.JobResourceUploader: Hadoop command-line option parsing not performed. Implement the Tool interface and execute your application with ToolRunner to remedy this.
2024-04-24T01:11:37,916  WARN [main] mapreduce.JobResourceUploader: No job jar file set.  User classes may not be found. See Job or Job#setJar(String).
2024-04-24T01:11:37,917  INFO [main] io.HiveInputFormat: Generating splits as currentDirs is not empty. currentDirs: [file:/home/alex/Repositories/hive/ql/target/tmp/org.apache.hadoop.hive.ql.TestTxnCommands-1713946100941/warehouse/target]
2024-04-24T01:11:37,917  INFO [main] io.HiveInputFormat: hive.io.file.readcolumn.ids = 0,1
2024-04-24T01:11:37,917  INFO [main] io.HiveInputFormat: hive.io.file.readcolumn.names = key,data
2024-04-24T01:11:37,917  INFO [main] orc.OrcInputFormat: getSplits started
2024-04-24T01:11:37,918  INFO [main] orc.OrcInputFormat: Context:: isAcid: true isVectorMode: false sarg: null minSplitSize: 1 maxSplitSize: 256000000 splitStrategy: HYBRID footerInSplits: false numBuckets: 2 numThreads: 10 cacheMemSize: 268435456 cacheStripeDetails: true useSoftReference: false writeIdList: default.target:2:9223372036854775807:: isTransactionalTable: true txnProperties: default 
2024-04-24T01:11:37,918  INFO [main] orc.OrcInputFormat: ORC pushdown predicate: null
2024-04-24T01:11:37,930  INFO [main] orc.OrcInputFormat: FooterCacheHitRatio: 0/2
2024-04-24T01:11:37,930  INFO [main] orc.OrcInputFormat: getSplits finished (#splits: 2). duration: 13 ms
2024-04-24T01:11:37,930  INFO [main] io.HiveInputFormat: hive.io.file.readcolumn.ids = 0,1
2024-04-24T01:11:37,930  INFO [main] io.HiveInputFormat: hive.io.file.readcolumn.names = key,data
2024-04-24T01:11:37,930  INFO [main] io.HiveInputFormat: Generating splits for dirs: file:/home/alex/Repositories/hive/ql/target/tmp/org.apache.hadoop.hive.ql.TestTxnCommands-1713946100941/warehouse/target
2024-04-24T01:11:37,934  INFO [main] mapred.FileInputFormat: Total input files to process : 1
2024-04-24T01:11:37,934  INFO [main] io.HiveInputFormat: number of splits 3
2024-04-24T01:11:37,952  INFO [main] mapreduce.JobSubmitter: number of splits:3
2024-04-24T01:11:37,972  INFO [main] mapreduce.JobSubmitter: Submitting tokens for job: job_local1520700685_0076
2024-04-24T01:11:37,972  INFO [main] mapreduce.JobSubmitter: Executing with tokens: []
2024-04-24T01:11:38,030  INFO [main] mapreduce.Job: The url to track the job: http://localhost:8080/
Job running in-process (local Hadoop)
2024-04-24T01:11:38,030  INFO [main] exec.Task: Job running in-process (local Hadoop)
2024-04-24T01:11:38,031  INFO [Thread-6256] mapred.LocalJobRunner: OutputCommitter set in config org.apache.hadoop.hive.ql.io.HiveFileFormatUtils$NullOutputCommitter
2024-04-24T01:11:38,031  INFO [Thread-6256] mapred.LocalJobRunner: OutputCommitter is org.apache.hadoop.hive.ql.io.HiveFileFormatUtils$NullOutputCommitter
2024-04-24T01:11:38,033  INFO [Thread-6256] mapred.LocalJobRunner: Waiting for map tasks
2024-04-24T01:11:38,033  INFO [LocalJobRunner Map Task Executor #0] mapred.LocalJobRunner: Starting task: attempt_local1520700685_0076_m_000000_0
2024-04-24T01:11:38,033  INFO [LocalJobRunner Map Task Executor #0] mapred.Task:  Using ResourceCalculatorProcessTree : [ ]
2024-04-24T01:11:38,034  INFO [LocalJobRunner Map Task Executor #0] mapred.MapTask: Processing split: org.apache.hadoop.hive.ql.io.orc.OrcInputFormat:OrcSplit [file:/home/alex/Repositories/hive/ql/target/tmp/org.apache.hadoop.hive.ql.TestTxnCommands-1713946100941/warehouse/target/delta_0000001_0000001_0000/bucket_00001_0, start=3, length=354, isOriginal=false, fileLength=746, hasFooter=false, hasBase=true, deltas=0]
2024-04-24T01:11:38,034  INFO [LocalJobRunner Map Task Executor #0] exec.SerializationUtilities: Deserializing MapWork using kryo
2024-04-24T01:11:38,035  INFO [LocalJobRunner Map Task Executor #0] exec.Utilities: Deserialized plan (via FILE) - name: null size: 7,46KB
2024-04-24T01:11:38,037  INFO [LocalJobRunner Map Task Executor #0] orc.OrcRawRecordMerger: min key = null, max key = null
2024-04-24T01:11:38,037  INFO [LocalJobRunner Map Task Executor #0] orc.ReaderImpl: Reading ORC rows from file:/home/alex/Repositories/hive/ql/target/tmp/org.apache.hadoop.hive.ql.TestTxnCommands-1713946100941/warehouse/target/delta_0000001_0000001_0000/bucket_00001_0 with {include: [true, true, false, true], offset: 3, length: 354, schema: struct<key:int,data:int,cur:int>, includeAcidColumns: true}
2024-04-24T01:11:38,037  INFO [LocalJobRunner Map Task Executor #0] orc.OrcRawRecordMerger: updated min key = null, max key = null
2024-04-24T01:11:38,038  INFO [LocalJobRunner Map Task Executor #0] mapred.MapTask: numReduceTasks: 1
2024-04-24T01:11:38,042  INFO [LocalJobRunner Map Task Executor #0] mapred.MapTask: (EQUATOR) 0 kvi 26214396(104857584)
2024-04-24T01:11:38,042  INFO [LocalJobRunner Map Task Executor #0] mapred.MapTask: mapreduce.task.io.sort.mb: 100
2024-04-24T01:11:38,042  INFO [LocalJobRunner Map Task Executor #0] mapred.MapTask: soft limit at 83886080
2024-04-24T01:11:38,042  INFO [LocalJobRunner Map Task Executor #0] mapred.MapTask: bufstart = 0; bufvoid = 104857600
2024-04-24T01:11:38,042  INFO [LocalJobRunner Map Task Executor #0] mapred.MapTask: kvstart = 26214396; length = 6553600
2024-04-24T01:11:38,043  INFO [LocalJobRunner Map Task Executor #0] mapred.MapTask: Map output collector class = org.apache.hadoop.mapred.MapTask$MapOutputBuffer
2024-04-24T01:11:38,043  INFO [LocalJobRunner Map Task Executor #0] exec.MapOperator: Initializing Operator: MAP[0]
2024-04-24T01:11:38,045  INFO [LocalJobRunner Map Task Executor #0] mr.ExecMapper: 
<MAP>Id =0
  <Children>
    <TS>Id =2
      <Children>
        <FIL>Id =46
          <Children>
            <SEL>Id =4
              <Children>
                <RS>Id =8
                  <Children>
                  <\Children>
                  <Parent>Id = 4 null<\Parent>
                <\RS>
              <\Children>
              <Parent>Id = 46 null<\Parent>
            <\SEL>
          <\Children>
          <Parent>Id = 2 null<\Parent>
        <\FIL>
      <\Children>
      <Parent>Id = 0 null<\Parent>
    <\TS>
    <TS>Id =5
      <Children>
        <FIL>Id =47
          <Children>
            <SEL>Id =7
              <Children>
                <RS>Id =9
                  <Children>
                  <\Children>
                  <Parent>Id = 7 null<\Parent>
                <\RS>
              <\Children>
              <Parent>Id = 47 null<\Parent>
            <\SEL>
          <\Children>
          <Parent>Id = 5 null<\Parent>
        <\FIL>
      <\Children>
      <Parent>Id = 0 null<\Parent>
    <\TS>
  <\Children>
  <Parent><\Parent>
<\MAP>
2024-04-24T01:11:38,046  INFO [LocalJobRunner Map Task Executor #0] exec.TableScanOperator: Initializing Operator: TS[2]
2024-04-24T01:11:38,046  INFO [LocalJobRunner Map Task Executor #0] exec.FilterOperator: Initializing Operator: FIL[46]
2024-04-24T01:11:38,046  INFO [LocalJobRunner Map Task Executor #0] exec.SelectOperator: Initializing Operator: SEL[4]
2024-04-24T01:11:38,046  INFO [LocalJobRunner Map Task Executor #0] exec.SelectOperator: SELECT struct<key:int,data:int,cur:int>
2024-04-24T01:11:38,046  INFO [LocalJobRunner Map Task Executor #0] exec.ReduceSinkOperator: Initializing Operator: RS[8]
2024-04-24T01:11:38,046  INFO [LocalJobRunner Map Task Executor #0] exec.ReduceSinkOperator: Using tag = 0
2024-04-24T01:11:38,047  INFO [LocalJobRunner Map Task Executor #0] exec.TableScanOperator: Initializing Operator: TS[5]
2024-04-24T01:11:38,047  INFO [LocalJobRunner Map Task Executor #0] exec.FilterOperator: Initializing Operator: FIL[47]
2024-04-24T01:11:38,047  INFO [LocalJobRunner Map Task Executor #0] exec.SelectOperator: Initializing Operator: SEL[7]
2024-04-24T01:11:38,047  INFO [LocalJobRunner Map Task Executor #0] exec.SelectOperator: SELECT struct<key:int,data:int>
2024-04-24T01:11:38,047  INFO [LocalJobRunner Map Task Executor #0] exec.ReduceSinkOperator: Initializing Operator: RS[9]
2024-04-24T01:11:38,047  INFO [LocalJobRunner Map Task Executor #0] exec.ReduceSinkOperator: Using tag = 1
2024-04-24T01:11:38,048  INFO [LocalJobRunner Map Task Executor #0] exec.MapOperator: MAP[0]: records read - 1
2024-04-24T01:11:38,048  INFO [LocalJobRunner Map Task Executor #0] exec.ReduceSinkOperator: keys are [reducesinkkey0] num distributions: 1
2024-04-24T01:11:38,048  INFO [LocalJobRunner Map Task Executor #0] exec.ReduceSinkOperator: RS[8]: records written - 1
2024-04-24T01:11:38,048  INFO [LocalJobRunner Map Task Executor #0] exec.MapOperator: Closing Operator: MAP[0]
2024-04-24T01:11:38,048  INFO [LocalJobRunner Map Task Executor #0] exec.MapOperator: MAP[0]: Total records read - 2. abort - false
2024-04-24T01:11:38,048  INFO [LocalJobRunner Map Task Executor #0] exec.MapOperator: DESERIALIZE_ERRORS:0, RECORDS_OUT_OPERATOR_MAP_0:0, RECORDS_IN:2, RECORDS_OUT_INTERMEDIATE:0, 
2024-04-24T01:11:38,048  INFO [LocalJobRunner Map Task Executor #0] exec.TableScanOperator: Closing Operator: TS[2]
2024-04-24T01:11:38,049  INFO [LocalJobRunner Map Task Executor #0] exec.TableScanOperator: RECORDS_OUT_INTERMEDIATE:0, RECORDS_OUT_OPERATOR_TS_2:2, 
2024-04-24T01:11:38,049  INFO [LocalJobRunner Map Task Executor #0] exec.FilterOperator: Closing Operator: FIL[46]
2024-04-24T01:11:38,049  INFO [LocalJobRunner Map Task Executor #0] exec.FilterOperator: RECORDS_OUT_OPERATOR_FIL_46:1, RECORDS_OUT_INTERMEDIATE:0, 
2024-04-24T01:11:38,049  INFO [LocalJobRunner Map Task Executor #0] exec.SelectOperator: Closing Operator: SEL[4]
2024-04-24T01:11:38,049  INFO [LocalJobRunner Map Task Executor #0] exec.SelectOperator: RECORDS_OUT_INTERMEDIATE:0, RECORDS_OUT_OPERATOR_SEL_4:1, 
2024-04-24T01:11:38,049  INFO [LocalJobRunner Map Task Executor #0] exec.ReduceSinkOperator: Closing Operator: RS[8]
2024-04-24T01:11:38,049  INFO [LocalJobRunner Map Task Executor #0] exec.ReduceSinkOperator: RS[8]: Total records written - 1. abort - false
2024-04-24T01:11:38,049  INFO [LocalJobRunner Map Task Executor #0] exec.ReduceSinkOperator: RECORDS_OUT_INTERMEDIATE:1, RECORDS_OUT_OPERATOR_RS_8:1, 
2024-04-24T01:11:38,049  INFO [LocalJobRunner Map Task Executor #0] exec.TableScanOperator: Closing Operator: TS[5]
2024-04-24T01:11:38,049  INFO [LocalJobRunner Map Task Executor #0] exec.TableScanOperator: RECORDS_OUT_INTERMEDIATE:0, RECORDS_OUT_OPERATOR_TS_5:0, 
2024-04-24T01:11:38,049  INFO [LocalJobRunner Map Task Executor #0] exec.FilterOperator: Closing Operator: FIL[47]
2024-04-24T01:11:38,049  INFO [LocalJobRunner Map Task Executor #0] exec.FilterOperator: RECORDS_OUT_OPERATOR_FIL_47:0, RECORDS_OUT_INTERMEDIATE:0, 
2024-04-24T01:11:38,049  INFO [LocalJobRunner Map Task Executor #0] exec.SelectOperator: Closing Operator: SEL[7]
2024-04-24T01:11:38,049  INFO [LocalJobRunner Map Task Executor #0] exec.SelectOperator: RECORDS_OUT_INTERMEDIATE:0, RECORDS_OUT_OPERATOR_SEL_7:0, 
2024-04-24T01:11:38,049  INFO [LocalJobRunner Map Task Executor #0] exec.ReduceSinkOperator: Closing Operator: RS[9]
2024-04-24T01:11:38,049  INFO [LocalJobRunner Map Task Executor #0] exec.ReduceSinkOperator: RS[9]: Total records written - 0. abort - false
2024-04-24T01:11:38,049  INFO [LocalJobRunner Map Task Executor #0] exec.ReduceSinkOperator: RECORDS_OUT_OPERATOR_RS_9:0, RECORDS_OUT_INTERMEDIATE:0, 
2024-04-24T01:11:38,050  INFO [LocalJobRunner Map Task Executor #0] mapred.LocalJobRunner: 
2024-04-24T01:11:38,050  INFO [LocalJobRunner Map Task Executor #0] mapred.MapTask: Starting flush of map output
2024-04-24T01:11:38,050  INFO [LocalJobRunner Map Task Executor #0] mapred.MapTask: Spilling map output
2024-04-24T01:11:38,050  INFO [LocalJobRunner Map Task Executor #0] mapred.MapTask: bufstart = 0; bufend = 14; bufvoid = 104857600
2024-04-24T01:11:38,050  INFO [LocalJobRunner Map Task Executor #0] mapred.MapTask: kvstart = 26214396(104857584); kvend = 26214396(104857584); length = 1/6553600
2024-04-24T01:11:38,060  INFO [LocalJobRunner Map Task Executor #0] mapred.MapTask: Finished spill 0
2024-04-24T01:11:38,063  INFO [LocalJobRunner Map Task Executor #0] mapred.Task: Task:attempt_local1520700685_0076_m_000000_0 is done. And is in the process of committing
2024-04-24T01:11:38,063  INFO [LocalJobRunner Map Task Executor #0] mapred.LocalJobRunner: OrcSplit [file:/home/alex/Repositories/hive/ql/target/tmp/org.apache.hadoop.hive.ql.TestTxnCommands-1713946100941/warehouse/target/delta_0000001_0000001_0000/bucket_00001_0, start=3, length=354, isOriginal=false, fileLength=746, hasFooter=false, hasBase=true, deltas=0]
2024-04-24T01:11:38,064  INFO [LocalJobRunner Map Task Executor #0] mapred.Task: Task 'attempt_local1520700685_0076_m_000000_0' done.
2024-04-24T01:11:38,064  INFO [LocalJobRunner Map Task Executor #0] mapred.Task: Final Counters for attempt_local1520700685_0076_m_000000_0: Counters: 34
	File System Counters
		FILE: Number of bytes read=1672291
		FILE: Number of bytes written=95342631
		FILE: Number of read operations=0
		FILE: Number of large read operations=0
		FILE: Number of write operations=0
		HDFS: Number of bytes read=0
		HDFS: Number of bytes written=0
		HDFS: Number of read operations=0
		HDFS: Number of large read operations=0
		HDFS: Number of write operations=0
	Map-Reduce Framework
		Map input records=2
		Map output records=1
		Map output bytes=14
		Map output materialized bytes=22
		Input split bytes=493
		Combine input records=0
		Spilled Records=1
		Failed Shuffles=0
		Merged Map outputs=0
		GC time elapsed (ms)=0
		Total committed heap usage (bytes)=2101870592
	HIVE
		DESERIALIZE_ERRORS=0
		RECORDS_IN=2
		RECORDS_OUT_INTERMEDIATE=1
		RECORDS_OUT_OPERATOR_FIL_46=1
		RECORDS_OUT_OPERATOR_FIL_47=0
		RECORDS_OUT_OPERATOR_MAP_0=0
		RECORDS_OUT_OPERATOR_RS_8=1
		RECORDS_OUT_OPERATOR_RS_9=0
		RECORDS_OUT_OPERATOR_SEL_4=1
		RECORDS_OUT_OPERATOR_SEL_7=0
		RECORDS_OUT_OPERATOR_TS_2=2
		RECORDS_OUT_OPERATOR_TS_5=0
	File Input Format Counters 
		Bytes Read=11356
2024-04-24T01:11:38,064  INFO [LocalJobRunner Map Task Executor #0] mapred.LocalJobRunner: Finishing task: attempt_local1520700685_0076_m_000000_0
2024-04-24T01:11:38,064  INFO [LocalJobRunner Map Task Executor #0] mapred.LocalJobRunner: Starting task: attempt_local1520700685_0076_m_000001_0
2024-04-24T01:11:38,064  INFO [LocalJobRunner Map Task Executor #0] mapred.Task:  Using ResourceCalculatorProcessTree : [ ]
2024-04-24T01:11:38,064  INFO [LocalJobRunner Map Task Executor #0] mapred.MapTask: Processing split: org.apache.hadoop.hive.ql.io.orc.OrcInputFormat:OrcSplit [file:/home/alex/Repositories/hive/ql/target/tmp/org.apache.hadoop.hive.ql.TestTxnCommands-1713946100941/warehouse/target/delta_0000001_0000001_0000/bucket_00000_0, start=3, length=343, isOriginal=false, fileLength=714, hasFooter=false, hasBase=true, deltas=0]
2024-04-24T01:11:38,065  INFO [LocalJobRunner Map Task Executor #0] exec.SerializationUtilities: Deserializing MapWork using kryo
2024-04-24T01:11:38,065  INFO [LocalJobRunner Map Task Executor #0] exec.Utilities: Deserialized plan (via FILE) - name: null size: 7,46KB
2024-04-24T01:11:38,067  INFO [LocalJobRunner Map Task Executor #0] orc.OrcRawRecordMerger: min key = null, max key = null
2024-04-24T01:11:38,067  INFO [LocalJobRunner Map Task Executor #0] orc.ReaderImpl: Reading ORC rows from file:/home/alex/Repositories/hive/ql/target/tmp/org.apache.hadoop.hive.ql.TestTxnCommands-1713946100941/warehouse/target/delta_0000001_0000001_0000/bucket_00000_0 with {include: [true, true, false, true], offset: 3, length: 343, schema: struct<key:int,data:int,cur:int>, includeAcidColumns: true}
2024-04-24T01:11:38,067  INFO [LocalJobRunner Map Task Executor #0] orc.OrcRawRecordMerger: updated min key = null, max key = null
2024-04-24T01:11:38,068  INFO [LocalJobRunner Map Task Executor #0] mapred.MapTask: numReduceTasks: 1
2024-04-24T01:11:38,072  INFO [LocalJobRunner Map Task Executor #0] mapred.MapTask: (EQUATOR) 0 kvi 26214396(104857584)
2024-04-24T01:11:38,072  INFO [LocalJobRunner Map Task Executor #0] mapred.MapTask: mapreduce.task.io.sort.mb: 100
2024-04-24T01:11:38,072  INFO [LocalJobRunner Map Task Executor #0] mapred.MapTask: soft limit at 83886080
2024-04-24T01:11:38,072  INFO [LocalJobRunner Map Task Executor #0] mapred.MapTask: bufstart = 0; bufvoid = 104857600
2024-04-24T01:11:38,072  INFO [LocalJobRunner Map Task Executor #0] mapred.MapTask: kvstart = 26214396; length = 6553600
2024-04-24T01:11:38,073  INFO [LocalJobRunner Map Task Executor #0] mapred.MapTask: Map output collector class = org.apache.hadoop.mapred.MapTask$MapOutputBuffer
2024-04-24T01:11:38,073  INFO [LocalJobRunner Map Task Executor #0] exec.MapOperator: Initializing Operator: MAP[0]
2024-04-24T01:11:38,075  INFO [LocalJobRunner Map Task Executor #0] mr.ExecMapper: 
<MAP>Id =0
  <Children>
    <TS>Id =2
      <Children>
        <FIL>Id =46
          <Children>
            <SEL>Id =4
              <Children>
                <RS>Id =8
                  <Children>
                  <\Children>
                  <Parent>Id = 4 null<\Parent>
                <\RS>
              <\Children>
              <Parent>Id = 46 null<\Parent>
            <\SEL>
          <\Children>
          <Parent>Id = 2 null<\Parent>
        <\FIL>
      <\Children>
      <Parent>Id = 0 null<\Parent>
    <\TS>
    <TS>Id =5
      <Children>
        <FIL>Id =47
          <Children>
            <SEL>Id =7
              <Children>
                <RS>Id =9
                  <Children>
                  <\Children>
                  <Parent>Id = 7 null<\Parent>
                <\RS>
              <\Children>
              <Parent>Id = 47 null<\Parent>
            <\SEL>
          <\Children>
          <Parent>Id = 5 null<\Parent>
        <\FIL>
      <\Children>
      <Parent>Id = 0 null<\Parent>
    <\TS>
  <\Children>
  <Parent><\Parent>
<\MAP>
2024-04-24T01:11:38,075  INFO [LocalJobRunner Map Task Executor #0] exec.TableScanOperator: Initializing Operator: TS[2]
2024-04-24T01:11:38,075  INFO [LocalJobRunner Map Task Executor #0] exec.FilterOperator: Initializing Operator: FIL[46]
2024-04-24T01:11:38,075  INFO [LocalJobRunner Map Task Executor #0] exec.SelectOperator: Initializing Operator: SEL[4]
2024-04-24T01:11:38,075  INFO [LocalJobRunner Map Task Executor #0] exec.SelectOperator: SELECT struct<key:int,data:int,cur:int>
2024-04-24T01:11:38,075  INFO [LocalJobRunner Map Task Executor #0] exec.ReduceSinkOperator: Initializing Operator: RS[8]
2024-04-24T01:11:38,076  INFO [LocalJobRunner Map Task Executor #0] exec.ReduceSinkOperator: Using tag = 0
2024-04-24T01:11:38,076  INFO [LocalJobRunner Map Task Executor #0] exec.TableScanOperator: Initializing Operator: TS[5]
2024-04-24T01:11:38,076  INFO [LocalJobRunner Map Task Executor #0] exec.FilterOperator: Initializing Operator: FIL[47]
2024-04-24T01:11:38,076  INFO [LocalJobRunner Map Task Executor #0] exec.SelectOperator: Initializing Operator: SEL[7]
2024-04-24T01:11:38,076  INFO [LocalJobRunner Map Task Executor #0] exec.SelectOperator: SELECT struct<key:int,data:int>
2024-04-24T01:11:38,076  INFO [LocalJobRunner Map Task Executor #0] exec.ReduceSinkOperator: Initializing Operator: RS[9]
2024-04-24T01:11:38,076  INFO [LocalJobRunner Map Task Executor #0] exec.ReduceSinkOperator: Using tag = 1
2024-04-24T01:11:38,076  INFO [LocalJobRunner Map Task Executor #0] exec.ReduceSinkOperator: keys are [reducesinkkey0] num distributions: 1
2024-04-24T01:11:38,076  INFO [LocalJobRunner Map Task Executor #0] exec.ReduceSinkOperator: RS[8]: records written - 1
2024-04-24T01:11:38,077  INFO [LocalJobRunner Map Task Executor #0] exec.MapOperator: MAP[0]: records read - 1
2024-04-24T01:11:38,077  INFO [LocalJobRunner Map Task Executor #0] exec.MapOperator: Closing Operator: MAP[0]
2024-04-24T01:11:38,077  INFO [LocalJobRunner Map Task Executor #0] exec.MapOperator: MAP[0]: Total records read - 1. abort - false
2024-04-24T01:11:38,077  INFO [LocalJobRunner Map Task Executor #0] exec.MapOperator: RECORDS_OUT_OPERATOR_MAP_0:0, RECORDS_IN:1, DESERIALIZE_ERRORS:0, RECORDS_OUT_INTERMEDIATE:0, 
2024-04-24T01:11:38,077  INFO [LocalJobRunner Map Task Executor #0] exec.TableScanOperator: Closing Operator: TS[2]
2024-04-24T01:11:38,077  INFO [LocalJobRunner Map Task Executor #0] exec.TableScanOperator: RECORDS_OUT_INTERMEDIATE:0, RECORDS_OUT_OPERATOR_TS_2:1, 
2024-04-24T01:11:38,077  INFO [LocalJobRunner Map Task Executor #0] exec.FilterOperator: Closing Operator: FIL[46]
2024-04-24T01:11:38,077  INFO [LocalJobRunner Map Task Executor #0] exec.FilterOperator: RECORDS_OUT_INTERMEDIATE:0, RECORDS_OUT_OPERATOR_FIL_46:1, 
2024-04-24T01:11:38,077  INFO [LocalJobRunner Map Task Executor #0] exec.SelectOperator: Closing Operator: SEL[4]
2024-04-24T01:11:38,077  INFO [LocalJobRunner Map Task Executor #0] exec.SelectOperator: RECORDS_OUT_OPERATOR_SEL_4:1, RECORDS_OUT_INTERMEDIATE:0, 
2024-04-24T01:11:38,077  INFO [LocalJobRunner Map Task Executor #0] exec.ReduceSinkOperator: Closing Operator: RS[8]
2024-04-24T01:11:38,077  INFO [LocalJobRunner Map Task Executor #0] exec.ReduceSinkOperator: RS[8]: Total records written - 1. abort - false
2024-04-24T01:11:38,077  INFO [LocalJobRunner Map Task Executor #0] exec.ReduceSinkOperator: RECORDS_OUT_OPERATOR_RS_8:1, RECORDS_OUT_INTERMEDIATE:1, 
2024-04-24T01:11:38,077  INFO [LocalJobRunner Map Task Executor #0] exec.TableScanOperator: Closing Operator: TS[5]
2024-04-24T01:11:38,077  INFO [LocalJobRunner Map Task Executor #0] exec.TableScanOperator: RECORDS_OUT_OPERATOR_TS_5:0, RECORDS_OUT_INTERMEDIATE:0, 
2024-04-24T01:11:38,077  INFO [LocalJobRunner Map Task Executor #0] exec.FilterOperator: Closing Operator: FIL[47]
2024-04-24T01:11:38,077  INFO [LocalJobRunner Map Task Executor #0] exec.FilterOperator: RECORDS_OUT_INTERMEDIATE:0, RECORDS_OUT_OPERATOR_FIL_47:0, 
2024-04-24T01:11:38,077  INFO [LocalJobRunner Map Task Executor #0] exec.SelectOperator: Closing Operator: SEL[7]
2024-04-24T01:11:38,077  INFO [LocalJobRunner Map Task Executor #0] exec.SelectOperator: RECORDS_OUT_INTERMEDIATE:0, RECORDS_OUT_OPERATOR_SEL_7:0, 
2024-04-24T01:11:38,077  INFO [LocalJobRunner Map Task Executor #0] exec.ReduceSinkOperator: Closing Operator: RS[9]
2024-04-24T01:11:38,077  INFO [LocalJobRunner Map Task Executor #0] exec.ReduceSinkOperator: RS[9]: Total records written - 0. abort - false
2024-04-24T01:11:38,077  INFO [LocalJobRunner Map Task Executor #0] exec.ReduceSinkOperator: RECORDS_OUT_INTERMEDIATE:0, RECORDS_OUT_OPERATOR_RS_9:0, 
2024-04-24T01:11:38,078  INFO [LocalJobRunner Map Task Executor #0] mapred.LocalJobRunner: 
2024-04-24T01:11:38,078  INFO [LocalJobRunner Map Task Executor #0] mapred.MapTask: Starting flush of map output
2024-04-24T01:11:38,078  INFO [LocalJobRunner Map Task Executor #0] mapred.MapTask: Spilling map output
2024-04-24T01:11:38,078  INFO [LocalJobRunner Map Task Executor #0] mapred.MapTask: bufstart = 0; bufend = 14; bufvoid = 104857600
2024-04-24T01:11:38,078  INFO [LocalJobRunner Map Task Executor #0] mapred.MapTask: kvstart = 26214396(104857584); kvend = 26214396(104857584); length = 1/6553600
2024-04-24T01:11:38,085  INFO [LocalJobRunner Map Task Executor #0] mapred.MapTask: Finished spill 0
2024-04-24T01:11:38,088  INFO [LocalJobRunner Map Task Executor #0] mapred.Task: Task:attempt_local1520700685_0076_m_000001_0 is done. And is in the process of committing
2024-04-24T01:11:38,089  INFO [LocalJobRunner Map Task Executor #0] mapred.LocalJobRunner: OrcSplit [file:/home/alex/Repositories/hive/ql/target/tmp/org.apache.hadoop.hive.ql.TestTxnCommands-1713946100941/warehouse/target/delta_0000001_0000001_0000/bucket_00000_0, start=3, length=343, isOriginal=false, fileLength=714, hasFooter=false, hasBase=true, deltas=0]
2024-04-24T01:11:38,089  INFO [LocalJobRunner Map Task Executor #0] mapred.Task: Task 'attempt_local1520700685_0076_m_000001_0' done.
2024-04-24T01:11:38,089  INFO [LocalJobRunner Map Task Executor #0] mapred.Task: Final Counters for attempt_local1520700685_0076_m_000001_0: Counters: 34
	File System Counters
		FILE: Number of bytes read=1684785
		FILE: Number of bytes written=95342685
		FILE: Number of read operations=0
		FILE: Number of large read operations=0
		FILE: Number of write operations=0
		HDFS: Number of bytes read=0
		HDFS: Number of bytes written=0
		HDFS: Number of read operations=0
		HDFS: Number of large read operations=0
		HDFS: Number of write operations=0
	Map-Reduce Framework
		Map input records=1
		Map output records=1
		Map output bytes=14
		Map output materialized bytes=22
		Input split bytes=493
		Combine input records=0
		Spilled Records=1
		Failed Shuffles=0
		Merged Map outputs=0
		GC time elapsed (ms)=0
		Total committed heap usage (bytes)=2101870592
	HIVE
		DESERIALIZE_ERRORS=0
		RECORDS_IN=1
		RECORDS_OUT_INTERMEDIATE=1
		RECORDS_OUT_OPERATOR_FIL_46=1
		RECORDS_OUT_OPERATOR_FIL_47=0
		RECORDS_OUT_OPERATOR_MAP_0=0
		RECORDS_OUT_OPERATOR_RS_8=1
		RECORDS_OUT_OPERATOR_RS_9=0
		RECORDS_OUT_OPERATOR_SEL_4=1
		RECORDS_OUT_OPERATOR_SEL_7=0
		RECORDS_OUT_OPERATOR_TS_2=1
		RECORDS_OUT_OPERATOR_TS_5=0
	File Input Format Counters 
		Bytes Read=11196
2024-04-24T01:11:38,089  INFO [LocalJobRunner Map Task Executor #0] mapred.LocalJobRunner: Finishing task: attempt_local1520700685_0076_m_000001_0
2024-04-24T01:11:38,089  INFO [LocalJobRunner Map Task Executor #0] mapred.LocalJobRunner: Starting task: attempt_local1520700685_0076_m_000002_0
2024-04-24T01:11:38,089  INFO [LocalJobRunner Map Task Executor #0] mapred.Task:  Using ResourceCalculatorProcessTree : [ ]
2024-04-24T01:11:38,090  INFO [LocalJobRunner Map Task Executor #0] mapred.MapTask: Processing split: org.apache.hadoop.mapred.TextInputFormat:file:/home/alex/Repositories/hive/ql/target/tmp/org.apache.hadoop.hive.ql.TestTxnCommands-1713946100941/warehouse/source/000000_0:0+8
2024-04-24T01:11:38,090  INFO [LocalJobRunner Map Task Executor #0] exec.SerializationUtilities: Deserializing MapWork using kryo
2024-04-24T01:11:38,090  INFO [LocalJobRunner Map Task Executor #0] exec.Utilities: Deserialized plan (via FILE) - name: null size: 7,46KB
2024-04-24T01:11:38,091  INFO [LocalJobRunner Map Task Executor #0] mapred.MapTask: numReduceTasks: 1
2024-04-24T01:11:38,095  INFO [LocalJobRunner Map Task Executor #0] mapred.MapTask: (EQUATOR) 0 kvi 26214396(104857584)
2024-04-24T01:11:38,095  INFO [LocalJobRunner Map Task Executor #0] mapred.MapTask: mapreduce.task.io.sort.mb: 100
2024-04-24T01:11:38,095  INFO [LocalJobRunner Map Task Executor #0] mapred.MapTask: soft limit at 83886080
2024-04-24T01:11:38,095  INFO [LocalJobRunner Map Task Executor #0] mapred.MapTask: bufstart = 0; bufvoid = 104857600
2024-04-24T01:11:38,095  INFO [LocalJobRunner Map Task Executor #0] mapred.MapTask: kvstart = 26214396; length = 6553600
2024-04-24T01:11:38,096  INFO [LocalJobRunner Map Task Executor #0] mapred.MapTask: Map output collector class = org.apache.hadoop.mapred.MapTask$MapOutputBuffer
2024-04-24T01:11:38,096  INFO [LocalJobRunner Map Task Executor #0] exec.MapOperator: Initializing Operator: MAP[0]
2024-04-24T01:11:38,098  INFO [LocalJobRunner Map Task Executor #0] mr.ExecMapper: 
<MAP>Id =0
  <Children>
    <TS>Id =2
      <Children>
        <FIL>Id =46
          <Children>
            <SEL>Id =4
              <Children>
                <RS>Id =8
                  <Children>
                  <\Children>
                  <Parent>Id = 4 null<\Parent>
                <\RS>
              <\Children>
              <Parent>Id = 46 null<\Parent>
            <\SEL>
          <\Children>
          <Parent>Id = 2 null<\Parent>
        <\FIL>
      <\Children>
      <Parent>Id = 0 null<\Parent>
    <\TS>
    <TS>Id =5
      <Children>
        <FIL>Id =47
          <Children>
            <SEL>Id =7
              <Children>
                <RS>Id =9
                  <Children>
                  <\Children>
                  <Parent>Id = 7 null<\Parent>
                <\RS>
              <\Children>
              <Parent>Id = 47 null<\Parent>
            <\SEL>
          <\Children>
          <Parent>Id = 5 null<\Parent>
        <\FIL>
      <\Children>
      <Parent>Id = 0 null<\Parent>
    <\TS>
  <\Children>
  <Parent><\Parent>
<\MAP>
2024-04-24T01:11:38,098  INFO [LocalJobRunner Map Task Executor #0] exec.TableScanOperator: Initializing Operator: TS[5]
2024-04-24T01:11:38,098  INFO [LocalJobRunner Map Task Executor #0] exec.FilterOperator: Initializing Operator: FIL[47]
2024-04-24T01:11:38,098  INFO [LocalJobRunner Map Task Executor #0] exec.SelectOperator: Initializing Operator: SEL[7]
2024-04-24T01:11:38,098  INFO [LocalJobRunner Map Task Executor #0] exec.SelectOperator: SELECT struct<key:int,data:int>
2024-04-24T01:11:38,098  INFO [LocalJobRunner Map Task Executor #0] exec.ReduceSinkOperator: Initializing Operator: RS[9]
2024-04-24T01:11:38,098  INFO [LocalJobRunner Map Task Executor #0] exec.ReduceSinkOperator: Using tag = 1
2024-04-24T01:11:38,099  INFO [LocalJobRunner Map Task Executor #0] exec.TableScanOperator: Initializing Operator: TS[2]
2024-04-24T01:11:38,099  INFO [LocalJobRunner Map Task Executor #0] exec.FilterOperator: Initializing Operator: FIL[46]
2024-04-24T01:11:38,099  INFO [LocalJobRunner Map Task Executor #0] exec.SelectOperator: Initializing Operator: SEL[4]
2024-04-24T01:11:38,099  INFO [LocalJobRunner Map Task Executor #0] exec.SelectOperator: SELECT struct<key:int,data:int,cur:int>
2024-04-24T01:11:38,099  INFO [LocalJobRunner Map Task Executor #0] exec.ReduceSinkOperator: Initializing Operator: RS[8]
2024-04-24T01:11:38,099  INFO [LocalJobRunner Map Task Executor #0] exec.ReduceSinkOperator: Using tag = 0
2024-04-24T01:11:38,099  INFO [LocalJobRunner Map Task Executor #0] exec.ReduceSinkOperator: keys are [reducesinkkey0] num distributions: 1
2024-04-24T01:11:38,099  INFO [LocalJobRunner Map Task Executor #0] exec.ReduceSinkOperator: RS[9]: records written - 1
2024-04-24T01:11:38,099  INFO [LocalJobRunner Map Task Executor #0] exec.MapOperator: MAP[0]: records read - 1
2024-04-24T01:11:38,100  INFO [LocalJobRunner Map Task Executor #0] exec.MapOperator: Closing Operator: MAP[0]
2024-04-24T01:11:38,100  INFO [LocalJobRunner Map Task Executor #0] exec.MapOperator: MAP[0]: Total records read - 2. abort - false
2024-04-24T01:11:38,100  INFO [LocalJobRunner Map Task Executor #0] exec.MapOperator: RECORDS_OUT_INTERMEDIATE:0, RECORDS_IN:2, RECORDS_OUT_OPERATOR_MAP_0:0, DESERIALIZE_ERRORS:0, 
2024-04-24T01:11:38,100  INFO [LocalJobRunner Map Task Executor #0] exec.TableScanOperator: Closing Operator: TS[2]
2024-04-24T01:11:38,100  INFO [LocalJobRunner Map Task Executor #0] exec.TableScanOperator: RECORDS_OUT_INTERMEDIATE:0, RECORDS_OUT_OPERATOR_TS_2:0, 
2024-04-24T01:11:38,100  INFO [LocalJobRunner Map Task Executor #0] exec.FilterOperator: Closing Operator: FIL[46]
2024-04-24T01:11:38,100  INFO [LocalJobRunner Map Task Executor #0] exec.FilterOperator: RECORDS_OUT_INTERMEDIATE:0, RECORDS_OUT_OPERATOR_FIL_46:0, 
2024-04-24T01:11:38,100  INFO [LocalJobRunner Map Task Executor #0] exec.SelectOperator: Closing Operator: SEL[4]
2024-04-24T01:11:38,100  INFO [LocalJobRunner Map Task Executor #0] exec.SelectOperator: RECORDS_OUT_INTERMEDIATE:0, RECORDS_OUT_OPERATOR_SEL_4:0, 
2024-04-24T01:11:38,100  INFO [LocalJobRunner Map Task Executor #0] exec.ReduceSinkOperator: Closing Operator: RS[8]
2024-04-24T01:11:38,100  INFO [LocalJobRunner Map Task Executor #0] exec.ReduceSinkOperator: RS[8]: Total records written - 0. abort - false
2024-04-24T01:11:38,100  INFO [LocalJobRunner Map Task Executor #0] exec.ReduceSinkOperator: RECORDS_OUT_OPERATOR_RS_8:0, RECORDS_OUT_INTERMEDIATE:0, 
2024-04-24T01:11:38,100  INFO [LocalJobRunner Map Task Executor #0] exec.TableScanOperator: Closing Operator: TS[5]
2024-04-24T01:11:38,100  INFO [LocalJobRunner Map Task Executor #0] exec.TableScanOperator: RECORDS_OUT_OPERATOR_TS_5:2, RECORDS_OUT_INTERMEDIATE:0, 
2024-04-24T01:11:38,100  INFO [LocalJobRunner Map Task Executor #0] exec.FilterOperator: Closing Operator: FIL[47]
2024-04-24T01:11:38,100  INFO [LocalJobRunner Map Task Executor #0] exec.FilterOperator: RECORDS_OUT_OPERATOR_FIL_47:2, RECORDS_OUT_INTERMEDIATE:0, 
2024-04-24T01:11:38,100  INFO [LocalJobRunner Map Task Executor #0] exec.SelectOperator: Closing Operator: SEL[7]
2024-04-24T01:11:38,100  INFO [LocalJobRunner Map Task Executor #0] exec.SelectOperator: RECORDS_OUT_OPERATOR_SEL_7:2, RECORDS_OUT_INTERMEDIATE:0, 
2024-04-24T01:11:38,100  INFO [LocalJobRunner Map Task Executor #0] exec.ReduceSinkOperator: Closing Operator: RS[9]
2024-04-24T01:11:38,100  INFO [LocalJobRunner Map Task Executor #0] exec.ReduceSinkOperator: RS[9]: Total records written - 2. abort - false
2024-04-24T01:11:38,100  INFO [LocalJobRunner Map Task Executor #0] exec.ReduceSinkOperator: RECORDS_OUT_OPERATOR_RS_9:2, RECORDS_OUT_INTERMEDIATE:2, 
2024-04-24T01:11:38,101  INFO [LocalJobRunner Map Task Executor #0] mapred.LocalJobRunner: 
2024-04-24T01:11:38,101  INFO [LocalJobRunner Map Task Executor #0] mapred.MapTask: Starting flush of map output
2024-04-24T01:11:38,101  INFO [LocalJobRunner Map Task Executor #0] mapred.MapTask: Spilling map output
2024-04-24T01:11:38,101  INFO [LocalJobRunner Map Task Executor #0] mapred.MapTask: bufstart = 0; bufend = 32; bufvoid = 104857600
2024-04-24T01:11:38,101  INFO [LocalJobRunner Map Task Executor #0] mapred.MapTask: kvstart = 26214396(104857584); kvend = 26214392(104857568); length = 5/6553600
2024-04-24T01:11:38,108  INFO [LocalJobRunner Map Task Executor #0] mapred.MapTask: Finished spill 0
2024-04-24T01:11:38,111  INFO [LocalJobRunner Map Task Executor #0] mapred.Task: Task:attempt_local1520700685_0076_m_000002_0 is done. And is in the process of committing
2024-04-24T01:11:38,112  INFO [LocalJobRunner Map Task Executor #0] mapred.LocalJobRunner: file:/home/alex/Repositories/hive/ql/target/tmp/org.apache.hadoop.hive.ql.TestTxnCommands-1713946100941/warehouse/source/000000_0:0+8
2024-04-24T01:11:38,112  INFO [LocalJobRunner Map Task Executor #0] mapred.Task: Task 'attempt_local1520700685_0076_m_000002_0' done.
2024-04-24T01:11:38,112  INFO [LocalJobRunner Map Task Executor #0] mapred.Task: Final Counters for attempt_local1520700685_0076_m_000002_0: Counters: 34
	File System Counters
		FILE: Number of bytes read=1693125
		FILE: Number of bytes written=95342759
		FILE: Number of read operations=0
		FILE: Number of large read operations=0
		FILE: Number of write operations=0
		HDFS: Number of bytes read=0
		HDFS: Number of bytes written=0
		HDFS: Number of read operations=0
		HDFS: Number of large read operations=0
		HDFS: Number of write operations=0
	Map-Reduce Framework
		Map input records=2
		Map output records=2
		Map output bytes=32
		Map output materialized bytes=42
		Input split bytes=285
		Combine input records=0
		Spilled Records=2
		Failed Shuffles=0
		Merged Map outputs=0
		GC time elapsed (ms)=0
		Total committed heap usage (bytes)=2101870592
	HIVE
		DESERIALIZE_ERRORS=0
		RECORDS_IN=2
		RECORDS_OUT_INTERMEDIATE=2
		RECORDS_OUT_OPERATOR_FIL_46=0
		RECORDS_OUT_OPERATOR_FIL_47=2
		RECORDS_OUT_OPERATOR_MAP_0=0
		RECORDS_OUT_OPERATOR_RS_8=0
		RECORDS_OUT_OPERATOR_RS_9=2
		RECORDS_OUT_OPERATOR_SEL_4=0
		RECORDS_OUT_OPERATOR_SEL_7=2
		RECORDS_OUT_OPERATOR_TS_2=0
		RECORDS_OUT_OPERATOR_TS_5=2
	File Input Format Counters 
		Bytes Read=7554
2024-04-24T01:11:38,112  INFO [LocalJobRunner Map Task Executor #0] mapred.LocalJobRunner: Finishing task: attempt_local1520700685_0076_m_000002_0
2024-04-24T01:11:38,112  INFO [Thread-6256] mapred.LocalJobRunner: map task executor complete.
2024-04-24T01:11:38,113  INFO [Thread-6256] mapred.LocalJobRunner: Waiting for reduce tasks
2024-04-24T01:11:38,113  INFO [pool-371-thread-1] mapred.LocalJobRunner: Starting task: attempt_local1520700685_0076_r_000000_0
2024-04-24T01:11:38,113  INFO [pool-371-thread-1] mapred.Task:  Using ResourceCalculatorProcessTree : [ ]
2024-04-24T01:11:38,113  INFO [pool-371-thread-1] mapred.ReduceTask: Using ShuffleConsumerPlugin: org.apache.hadoop.mapreduce.task.reduce.Shuffle@369679b7
2024-04-24T01:11:38,113  WARN [pool-371-thread-1] impl.MetricsSystemImpl: JobTracker metrics system already initialized!
2024-04-24T01:11:38,114  INFO [pool-371-thread-1] reduce.MergeManagerImpl: MergerManager: memoryLimit=1471309440, maxSingleShuffleLimit=367827360, mergeThreshold=971064256, ioSortFactor=10, memToMemMergeOutputsThreshold=10
2024-04-24T01:11:38,114  INFO [EventFetcher for fetching Map Completion Events] reduce.EventFetcher: attempt_local1520700685_0076_r_000000_0 Thread started: EventFetcher for fetching Map Completion Events
2024-04-24T01:11:38,117  INFO [localfetcher#99] reduce.LocalFetcher: localfetcher#99 about to shuffle output of map attempt_local1520700685_0076_m_000001_0 decomp: 18 len: 22 to MEMORY
2024-04-24T01:11:38,117  INFO [localfetcher#99] reduce.InMemoryMapOutput: Read 18 bytes from map-output for attempt_local1520700685_0076_m_000001_0
2024-04-24T01:11:38,117  INFO [localfetcher#99] reduce.MergeManagerImpl: closeInMemoryFile -> map-output of size: 18, inMemoryMapOutputs.size() -> 1, commitMemory -> 0, usedMemory ->18
2024-04-24T01:11:38,120  INFO [localfetcher#99] reduce.LocalFetcher: localfetcher#99 about to shuffle output of map attempt_local1520700685_0076_m_000002_0 decomp: 38 len: 42 to MEMORY
2024-04-24T01:11:38,120  INFO [localfetcher#99] reduce.InMemoryMapOutput: Read 38 bytes from map-output for attempt_local1520700685_0076_m_000002_0
2024-04-24T01:11:38,120  INFO [localfetcher#99] reduce.MergeManagerImpl: closeInMemoryFile -> map-output of size: 38, inMemoryMapOutputs.size() -> 2, commitMemory -> 18, usedMemory ->56
2024-04-24T01:11:38,122  INFO [localfetcher#99] reduce.LocalFetcher: localfetcher#99 about to shuffle output of map attempt_local1520700685_0076_m_000000_0 decomp: 18 len: 22 to MEMORY
2024-04-24T01:11:38,122  INFO [localfetcher#99] reduce.InMemoryMapOutput: Read 18 bytes from map-output for attempt_local1520700685_0076_m_000000_0
2024-04-24T01:11:38,122  INFO [localfetcher#99] reduce.MergeManagerImpl: closeInMemoryFile -> map-output of size: 18, inMemoryMapOutputs.size() -> 3, commitMemory -> 56, usedMemory ->74
2024-04-24T01:11:38,123  INFO [EventFetcher for fetching Map Completion Events] reduce.EventFetcher: EventFetcher is interrupted.. Returning
2024-04-24T01:11:38,123  INFO [pool-371-thread-1] mapred.LocalJobRunner: 3 / 3 copied.
2024-04-24T01:11:38,123  INFO [pool-371-thread-1] reduce.MergeManagerImpl: finalMerge called with 3 in-memory map-outputs and 0 on-disk map-outputs
2024-04-24T01:11:38,129  INFO [pool-371-thread-1] mapred.Merger: Merging 3 sorted segments
2024-04-24T01:11:38,129  INFO [pool-371-thread-1] mapred.Merger: Down to the last merge-pass, with 3 segments left of total size: 38 bytes
2024-04-24T01:11:38,132  INFO [pool-371-thread-1] reduce.MergeManagerImpl: Merged 3 segments, 74 bytes to disk to satisfy reduce memory limit
2024-04-24T01:11:38,132  INFO [pool-371-thread-1] reduce.MergeManagerImpl: Merging 1 files, 74 bytes from disk
2024-04-24T01:11:38,132  INFO [pool-371-thread-1] reduce.MergeManagerImpl: Merging 0 segments, 0 bytes from memory into reduce
2024-04-24T01:11:38,132  INFO [pool-371-thread-1] mapred.Merger: Merging 1 sorted segments
2024-04-24T01:11:38,132  INFO [pool-371-thread-1] mapred.Merger: Down to the last merge-pass, with 1 segments left of total size: 58 bytes
2024-04-24T01:11:38,132  INFO [pool-371-thread-1] mapred.LocalJobRunner: 3 / 3 copied.
2024-04-24T01:11:38,132  INFO [pool-371-thread-1] exec.SerializationUtilities: Deserializing ReduceWork using kryo
2024-04-24T01:11:38,133  INFO [pool-371-thread-1] exec.Utilities: Deserialized plan (via FILE) - name: null size: 7,52KB
2024-04-24T01:11:38,134  INFO [pool-371-thread-1] ExecReducer: 
<JOIN>Id =10
  <Children>
    <SEL>Id =11
      <Children>
        <FS>Id =57
          <Children>
          <\Children>
          <Parent>Id = 11 null<\Parent>
        <\FS>
      <\Children>
      <Parent>Id = 10 null<\Parent>
    <\SEL>
  <\Children>
  <Parent><\Parent>
<\JOIN>
2024-04-24T01:11:38,134  INFO [pool-371-thread-1] exec.JoinOperator: Initializing Operator: JOIN[10]
2024-04-24T01:11:38,135  INFO [pool-371-thread-1] exec.CommonJoinOperator: JOIN struct<_col1:int,_col2:int> totalsz = 2
2024-04-24T01:11:38,135  INFO [pool-371-thread-1] exec.SelectOperator: Initializing Operator: SEL[11]
2024-04-24T01:11:38,135  INFO [pool-371-thread-1] exec.SelectOperator: SELECT struct<_col1:int,_col2:int>
2024-04-24T01:11:38,135  INFO [pool-371-thread-1] exec.FileSinkOperator: Initializing Operator: FS[57]
2024-04-24T01:11:38,135  INFO [pool-371-thread-1] exec.FileSinkOperator: Using serializer : AbstractSerDe [log=org.apache.logging.slf4j.Log4jLogger@4095c848, configuration=Optional[Configuration: core-default.xml, core-site.xml, mapred-default.xml, mapred-site.xml, yarn-default.xml, yarn-site.xml, hdfs-default.xml, hdfs-site.xml, file:/home/alex/Repositories/hive/ql/target/tmp/TestTxnCommandsWithSplitUpdateAndVectorization/mapred/local/localRunner/alex/job_local1520700685_0076/job_local1520700685_0076.xml], properties={columns=_col0,_col1,_col2, serialization.lib=org.apache.hadoop.hive.serde2.lazybinary.LazyBinarySerDe, columns.types=int,int,int, escape.delim=\, column.name.delimiter=,}, tableProperties={columns=_col0,_col1,_col2, serialization.lib=org.apache.hadoop.hive.serde2.lazybinary.LazyBinarySerDe, columns.types=int,int,int, column.name.delimiter=,, escape.delim=\}, partitionProperties=Optional.empty, columnNames=[_col0, _col1, _col2], columnTypes=[int, int, int], getClass()=class org.apache.hadoop.hive.serde2.lazybinary.LazyBinarySerDe] and formatter : org.apache.hadoop.hive.ql.io.HiveSequenceFileOutputFormat@3e379fca
2024-04-24T01:11:38,136  INFO [pool-371-thread-1] exec.FileSinkOperator: Final Path: FS file:/home/alex/Repositories/hive/ql/target/tmp/localscratchdir/f8b04dbc-625a-4530-ace9-c9b171c687c0/hive_2024-04-24_01-11-37_014_2306414603969023444-1/_tmp.-mr-10010/000000_0
2024-04-24T01:11:38,136  INFO [pool-371-thread-1] exec.FileSinkOperator: Writing to temp file: FS file:/home/alex/Repositories/hive/ql/target/tmp/localscratchdir/f8b04dbc-625a-4530-ace9-c9b171c687c0/hive_2024-04-24_01-11-37_014_2306414603969023444-1/_task_tmp.-mr-10010/_tmp.000000_0
2024-04-24T01:11:38,136  INFO [pool-371-thread-1] exec.FileSinkOperator: New Final Path: FS file:/home/alex/Repositories/hive/ql/target/tmp/localscratchdir/f8b04dbc-625a-4530-ace9-c9b171c687c0/hive_2024-04-24_01-11-37_014_2306414603969023444-1/_tmp.-mr-10010/000000_0
2024-04-24T01:11:38,143  INFO [pool-371-thread-1] exec.FileSinkOperator: FS[57]: records written - 1
2024-04-24T01:11:38,143  INFO [pool-371-thread-1] exec.JoinOperator: Closing Operator: JOIN[10]
2024-04-24T01:11:38,143  INFO [pool-371-thread-1] exec.JoinOperator: RECORDS_OUT_INTERMEDIATE:0, RECORDS_OUT_OPERATOR_JOIN_10:1, SKEWJOINFOLLOWUPJOBS:0, 
2024-04-24T01:11:38,143  INFO [pool-371-thread-1] exec.SelectOperator: Closing Operator: SEL[11]
2024-04-24T01:11:38,143  INFO [pool-371-thread-1] exec.SelectOperator: RECORDS_OUT_INTERMEDIATE:0, RECORDS_OUT_OPERATOR_SEL_11:1, 
2024-04-24T01:11:38,143  INFO [pool-371-thread-1] exec.FileSinkOperator: Closing Operator: FS[57]
2024-04-24T01:11:38,143  INFO [pool-371-thread-1] exec.FileSinkOperator: FS[57]: records written - 1
2024-04-24T01:11:38,143  INFO [pool-371-thread-1] exec.FileSinkOperator: RECORDS_OUT_OPERATOR_FS_57:1, RECORDS_OUT_0:1, RECORDS_OUT_INTERMEDIATE:0, 
2024-04-24T01:11:38,144  INFO [pool-371-thread-1] mapred.Task: Task:attempt_local1520700685_0076_r_000000_0 is done. And is in the process of committing
2024-04-24T01:11:38,144  INFO [pool-371-thread-1] mapred.LocalJobRunner: reduce > reduce
2024-04-24T01:11:38,144  INFO [pool-371-thread-1] mapred.Task: Task 'attempt_local1520700685_0076_r_000000_0' done.
2024-04-24T01:11:38,144  INFO [pool-371-thread-1] mapred.Task: Final Counters for attempt_local1520700685_0076_r_000000_0: Counters: 36
	File System Counters
		FILE: Number of bytes read=1700969
		FILE: Number of bytes written=95342961
		FILE: Number of read operations=0
		FILE: Number of large read operations=0
		FILE: Number of write operations=0
		HDFS: Number of bytes read=0
		HDFS: Number of bytes written=0
		HDFS: Number of read operations=0
		HDFS: Number of large read operations=0
		HDFS: Number of write operations=0
	Map-Reduce Framework
		Combine input records=0
		Combine output records=0
		Reduce input groups=4
		Reduce shuffle bytes=86
		Reduce input records=4
		Reduce output records=0
		Spilled Records=4
		Shuffled Maps =3
		Failed Shuffles=0
		Merged Map outputs=3
		GC time elapsed (ms)=0
		Total committed heap usage (bytes)=2101870592
	HIVE
		CREATED_FILES=1
		RECORDS_OUT_0=1
		RECORDS_OUT_INTERMEDIATE=0
		RECORDS_OUT_OPERATOR_FS_57=1
		RECORDS_OUT_OPERATOR_JOIN_10=1
		RECORDS_OUT_OPERATOR_SEL_11=1
		SKEWJOINFOLLOWUPJOBS=0
	Shuffle Errors
		BAD_ID=0
		CONNECTION=0
		IO_ERROR=0
		WRONG_LENGTH=0
		WRONG_MAP=0
		WRONG_REDUCE=0
	File Output Format Counters 
		Bytes Written=0
2024-04-24T01:11:38,144  INFO [pool-371-thread-1] mapred.LocalJobRunner: Finishing task: attempt_local1520700685_0076_r_000000_0
2024-04-24T01:11:38,144  INFO [Thread-6256] mapred.LocalJobRunner: reduce task executor complete.
2024-04-24 01:11:39,032 Stage-14 map = 100%,  reduce = 100%
2024-04-24T01:11:39,032  INFO [main] exec.Task: 2024-04-24 01:11:39,032 Stage-14 map = 100%,  reduce = 100%
Ended Job = job_local1520700685_0076
2024-04-24T01:11:39,032  INFO [main] exec.Task: Ended Job = job_local1520700685_0076
Launching Job 2 out of 6
2024-04-24T01:11:39,034  INFO [main] ql.Driver: Launching Job 2 out of 6
2024-04-24T01:11:39,168  INFO [main] ql.Driver: Starting task [Stage-5:MAPRED] in serial mode
2024-04-24T01:11:39,169  INFO [main] exec.Utilities: Not using thread pool for getContentSummary
2024-04-24T01:11:39,170  INFO [main] exec.Utilities: BytesPerReducer=256000000 maxReducers=1009 totalInputFileSize=1585
Number of reduce tasks not specified. Estimated from input data size: 1
2024-04-24T01:11:39,170  INFO [main] exec.Task: Number of reduce tasks not specified. Estimated from input data size: 1
In order to change the average load for a reducer (in bytes):
2024-04-24T01:11:39,170  INFO [main] exec.Task: In order to change the average load for a reducer (in bytes):
  set hive.exec.reducers.bytes.per.reducer=<number>
2024-04-24T01:11:39,170  INFO [main] exec.Task:   set hive.exec.reducers.bytes.per.reducer=<number>
In order to limit the maximum number of reducers:
2024-04-24T01:11:39,170  INFO [main] exec.Task: In order to limit the maximum number of reducers:
  set hive.exec.reducers.max=<number>
2024-04-24T01:11:39,170  INFO [main] exec.Task:   set hive.exec.reducers.max=<number>
In order to set a constant number of reducers:
2024-04-24T01:11:39,170  INFO [main] exec.Task: In order to set a constant number of reducers:
  set mapreduce.job.reduces=<number>
2024-04-24T01:11:39,170  INFO [main] exec.Task:   set mapreduce.job.reduces=<number>
2024-04-24T01:11:39,172  INFO [main] mr.ExecDriver: Using org.apache.hadoop.hive.ql.io.HiveInputFormat
2024-04-24T01:11:39,172  INFO [main] exec.Utilities: Processing alias subq:$hdt$_0:$hdt$_0-subquery1:source
2024-04-24T01:11:39,173  INFO [main] exec.Utilities: Adding 3 inputs; the first input is file:/home/alex/Repositories/hive/ql/target/tmp/org.apache.hadoop.hive.ql.TestTxnCommands-1713946100941/warehouse/source
2024-04-24T01:11:39,173  INFO [main] exec.Utilities: Processing alias file:/home/alex/Repositories/hive/ql/target/tmp/localscratchdir/f8b04dbc-625a-4530-ace9-c9b171c687c0/hive_2024-04-24_01-11-37_014_2306414603969023444-1/-mr-10010
2024-04-24T01:11:39,173  INFO [main] exec.Utilities: Adding 3 inputs; the first input is file:/home/alex/Repositories/hive/ql/target/tmp/localscratchdir/f8b04dbc-625a-4530-ace9-c9b171c687c0/hive_2024-04-24_01-11-37_014_2306414603969023444-1/-mr-10010
2024-04-24T01:11:39,173  INFO [main] exec.Utilities: Processing alias subq:$hdt$_1:t
2024-04-24T01:11:39,173  INFO [main] exec.Utilities: Adding 3 inputs; the first input is file:/home/alex/Repositories/hive/ql/target/tmp/org.apache.hadoop.hive.ql.TestTxnCommands-1713946100941/warehouse/target
2024-04-24T01:11:39,182  INFO [main] exec.SerializationUtilities: Serializing MapWork using kryo
2024-04-24T01:11:39,185  INFO [main] exec.Utilities: Serialized plan (via FILE) - name: null size: 9,25KB
2024-04-24T01:11:39,189  INFO [main] exec.SerializationUtilities: Serializing ReduceWork using kryo
2024-04-24T01:11:39,192  INFO [main] exec.Utilities: Serialized plan (via FILE) - name: null size: 12,11KB
2024-04-24T01:11:39,193  WARN [main] impl.MetricsSystemImpl: JobTracker metrics system already initialized!
2024-04-24T01:11:39,207  WARN [main] impl.MetricsSystemImpl: JobTracker metrics system already initialized!
2024-04-24T01:11:39,214  WARN [main] mapreduce.JobResourceUploader: Hadoop command-line option parsing not performed. Implement the Tool interface and execute your application with ToolRunner to remedy this.
2024-04-24T01:11:39,218  WARN [main] mapreduce.JobResourceUploader: No job jar file set.  User classes may not be found. See Job or Job#setJar(String).
2024-04-24T01:11:39,220  INFO [main] exec.Utilities: schema.evolution.columns and schema.evolution.columns.types not available
2024-04-24T01:11:39,220  INFO [main] io.HiveInputFormat: Generating splits as currentDirs is not empty. currentDirs: [file:/home/alex/Repositories/hive/ql/target/tmp/org.apache.hadoop.hive.ql.TestTxnCommands-1713946100941/warehouse/source]
2024-04-24T01:11:39,220  INFO [main] io.HiveInputFormat: hive.io.file.readcolumn.ids = 0,1,2
2024-04-24T01:11:39,220  INFO [main] io.HiveInputFormat: hive.io.file.readcolumn.names = _col0,_col1,_col2
2024-04-24T01:11:39,223  INFO [main] mapred.FileInputFormat: Total input files to process : 1
2024-04-24T01:11:39,224  INFO [main] io.HiveInputFormat: Generating splits as currentDirs is not empty. currentDirs: [file:/home/alex/Repositories/hive/ql/target/tmp/localscratchdir/f8b04dbc-625a-4530-ace9-c9b171c687c0/hive_2024-04-24_01-11-37_014_2306414603969023444-1/-mr-10010]
2024-04-24T01:11:39,224  INFO [main] io.HiveInputFormat: hive.io.file.readcolumn.ids = 0,1,2
2024-04-24T01:11:39,224  INFO [main] io.HiveInputFormat: hive.io.file.readcolumn.names = key,data,cur
2024-04-24T01:11:39,224  INFO [main] exec.Utilities: schema.evolution.columns and schema.evolution.columns.types not available
2024-04-24T01:11:39,227  INFO [main] mapred.FileInputFormat: Total input files to process : 1
2024-04-24T01:11:39,228  INFO [main] io.HiveInputFormat: hive.io.file.readcolumn.ids = 0,1,2
2024-04-24T01:11:39,228  INFO [main] io.HiveInputFormat: hive.io.file.readcolumn.names = key,data,cur
2024-04-24T01:11:39,228  INFO [main] io.HiveInputFormat: Generating splits for dirs: file:/home/alex/Repositories/hive/ql/target/tmp/org.apache.hadoop.hive.ql.TestTxnCommands-1713946100941/warehouse/source
2024-04-24T01:11:39,228  INFO [main] orc.OrcInputFormat: getSplits started
2024-04-24T01:11:39,228  INFO [main] orc.OrcInputFormat: Context:: isAcid: true isVectorMode: false sarg: null minSplitSize: 1 maxSplitSize: 256000000 splitStrategy: HYBRID footerInSplits: false numBuckets: 2 numThreads: 10 cacheMemSize: 268435456 cacheStripeDetails: true useSoftReference: false writeIdList: default.target:2:9223372036854775807:: isTransactionalTable: true txnProperties: default 
2024-04-24T01:11:39,228  INFO [main] orc.OrcInputFormat: ORC pushdown predicate: null
2024-04-24T01:11:39,241  INFO [main] orc.OrcInputFormat: FooterCacheHitRatio: 2/2
2024-04-24T01:11:39,241  INFO [main] orc.OrcInputFormat: getSplits finished (#splits: 2). duration: 13 ms
2024-04-24T01:11:39,241  INFO [main] io.HiveInputFormat: number of splits 4
2024-04-24T01:11:39,259  INFO [main] mapreduce.JobSubmitter: number of splits:4
2024-04-24T01:11:39,281  INFO [main] mapreduce.JobSubmitter: Submitting tokens for job: job_local257645219_0077
2024-04-24T01:11:39,281  INFO [main] mapreduce.JobSubmitter: Executing with tokens: []
2024-04-24T01:11:39,349  INFO [main] mapreduce.Job: The url to track the job: http://localhost:8080/
Job running in-process (local Hadoop)
2024-04-24T01:11:39,349  INFO [main] exec.Task: Job running in-process (local Hadoop)
2024-04-24T01:11:39,350  INFO [Thread-6317] mapred.LocalJobRunner: OutputCommitter set in config org.apache.hadoop.hive.ql.io.HiveFileFormatUtils$NullOutputCommitter
2024-04-24T01:11:39,350  INFO [Thread-6317] mapred.LocalJobRunner: OutputCommitter is org.apache.hadoop.hive.ql.io.HiveFileFormatUtils$NullOutputCommitter
2024-04-24T01:11:39,352  INFO [Thread-6317] mapred.LocalJobRunner: Waiting for map tasks
2024-04-24T01:11:39,353  INFO [LocalJobRunner Map Task Executor #0] mapred.LocalJobRunner: Starting task: attempt_local257645219_0077_m_000000_0
2024-04-24T01:11:39,353  INFO [LocalJobRunner Map Task Executor #0] mapred.Task:  Using ResourceCalculatorProcessTree : [ ]
2024-04-24T01:11:39,353  INFO [LocalJobRunner Map Task Executor #0] mapred.MapTask: Processing split: org.apache.hadoop.hive.ql.io.orc.OrcInputFormat:OrcSplit [file:/home/alex/Repositories/hive/ql/target/tmp/org.apache.hadoop.hive.ql.TestTxnCommands-1713946100941/warehouse/target/delta_0000001_0000001_0000/bucket_00001_0, start=3, length=354, isOriginal=false, fileLength=746, hasFooter=false, hasBase=true, deltas=0]
2024-04-24T01:11:39,354  INFO [LocalJobRunner Map Task Executor #0] exec.SerializationUtilities: Deserializing MapWork using kryo
2024-04-24T01:11:39,355  INFO [LocalJobRunner Map Task Executor #0] exec.Utilities: Deserialized plan (via FILE) - name: null size: 9,25KB
2024-04-24T01:11:39,356  INFO [LocalJobRunner Map Task Executor #0] orc.OrcRawRecordMerger: min key = null, max key = null
2024-04-24T01:11:39,356  INFO [LocalJobRunner Map Task Executor #0] orc.ReaderImpl: Reading ORC rows from file:/home/alex/Repositories/hive/ql/target/tmp/org.apache.hadoop.hive.ql.TestTxnCommands-1713946100941/warehouse/target/delta_0000001_0000001_0000/bucket_00001_0 with {include: [true, true, true, true], offset: 3, length: 354, schema: struct<key:int,data:int,cur:int>, includeAcidColumns: true}
2024-04-24T01:11:39,357  INFO [LocalJobRunner Map Task Executor #0] orc.OrcRawRecordMerger: updated min key = null, max key = null
2024-04-24T01:11:39,357  INFO [LocalJobRunner Map Task Executor #0] mapred.MapTask: numReduceTasks: 1
2024-04-24T01:11:39,397  INFO [LocalJobRunner Map Task Executor #0] mapred.MapTask: (EQUATOR) 0 kvi 26214396(104857584)
2024-04-24T01:11:39,397  INFO [LocalJobRunner Map Task Executor #0] mapred.MapTask: mapreduce.task.io.sort.mb: 100
2024-04-24T01:11:39,397  INFO [LocalJobRunner Map Task Executor #0] mapred.MapTask: soft limit at 83886080
2024-04-24T01:11:39,397  INFO [LocalJobRunner Map Task Executor #0] mapred.MapTask: bufstart = 0; bufvoid = 104857600
2024-04-24T01:11:39,397  INFO [LocalJobRunner Map Task Executor #0] mapred.MapTask: kvstart = 26214396; length = 6553600
2024-04-24T01:11:39,398  INFO [LocalJobRunner Map Task Executor #0] mapred.MapTask: Map output collector class = org.apache.hadoop.mapred.MapTask$MapOutputBuffer
2024-04-24T01:11:39,398  INFO [LocalJobRunner Map Task Executor #0] exec.MapOperator: Initializing Operator: MAP[0]
2024-04-24T01:11:39,401  INFO [LocalJobRunner Map Task Executor #0] mr.ExecMapper: 
<MAP>Id =0
  <Children>null
    <TS>Id =58
      <Children>
        <UNION>Id =12
          <Children>
            <SEL>Id =13
              <Children>
                <RS>Id =17
                  <Children>
                  <\Children>
                  <Parent>Id = 13 null<\Parent>
                <\RS>
              <\Children>
              <Parent>Id = 12 null<\Parent>
            <\SEL>
          <\Children>
          <Parent>Id = 1 
        <SEL>Id =1
          <Children>null
          <\Children>
          <Parent>Id = 0 null<\Parent>
        <\SEL>Id = 58 null<\Parent>
        <\UNION>
      <\Children>
      <Parent>Id = 0 null<\Parent>
    <\TS>
    <TS>Id =14
      <Children>
        <FIL>Id =48
          <Children>
            <SEL>Id =16
              <Children>
                <RS>Id =18
                  <Children>
                  <\Children>
                  <Parent>Id = 16 null<\Parent>
                <\RS>
              <\Children>
              <Parent>Id = 48 null<\Parent>
            <\SEL>
          <\Children>
          <Parent>Id = 14 null<\Parent>
        <\FIL>
      <\Children>
      <Parent>Id = 0 null<\Parent>
    <\TS>
  <\Children>
  <Parent><\Parent>
<\MAP>
2024-04-24T01:11:39,402  INFO [LocalJobRunner Map Task Executor #0] exec.TableScanOperator: Initializing Operator: TS[0]
2024-04-24T01:11:39,402  INFO [LocalJobRunner Map Task Executor #0] exec.SelectOperator: Initializing Operator: SEL[1]
2024-04-24T01:11:39,402  INFO [LocalJobRunner Map Task Executor #0] exec.SelectOperator: SELECT struct<key:int,data:int>
2024-04-24T01:11:39,402  INFO [LocalJobRunner Map Task Executor #0] exec.TableScanOperator: Initializing Operator: TS[14]
2024-04-24T01:11:39,402  INFO [LocalJobRunner Map Task Executor #0] exec.FilterOperator: Initializing Operator: FIL[48]
2024-04-24T01:11:39,402  INFO [LocalJobRunner Map Task Executor #0] exec.SelectOperator: Initializing Operator: SEL[16]
2024-04-24T01:11:39,402  INFO [LocalJobRunner Map Task Executor #0] exec.SelectOperator: SELECT struct<key:int,data:int,cur:int,row__id:struct<writeid:bigint,bucketid:int,rowid:bigint>>
2024-04-24T01:11:39,403  INFO [LocalJobRunner Map Task Executor #0] exec.ReduceSinkOperator: Initializing Operator: RS[18]
2024-04-24T01:11:39,403  INFO [LocalJobRunner Map Task Executor #0] exec.ReduceSinkOperator: Using tag = 1
2024-04-24T01:11:39,403  INFO [LocalJobRunner Map Task Executor #0] exec.TableScanOperator: Initializing Operator: TS[58]
2024-04-24T01:11:39,403  INFO [LocalJobRunner Map Task Executor #0] exec.UnionOperator: Initializing Operator: UNION[12]
2024-04-24T01:11:39,403  INFO [LocalJobRunner Map Task Executor #0] exec.UnionOperator: Union Operator needs to transform row from parent[0] from org.apache.hadoop.hive.serde2.objectinspector.StandardStructObjectInspector<org.apache.hadoop.hive.serde2.lazy.objectinspector.primitive.LazyIntObjectInspector@31a9eaa,org.apache.hadoop.hive.serde2.lazy.objectinspector.primitive.LazyIntObjectInspector@31a9eaa,org.apache.hadoop.hive.serde2.objectinspector.primitive.WritableConstantIntObjectInspector@71a34ccb> to org.apache.hadoop.hive.serde2.objectinspector.StandardStructObjectInspector<org.apache.hadoop.hive.serde2.objectinspector.primitive.WritableIntObjectInspector@6a2057e,org.apache.hadoop.hive.serde2.objectinspector.primitive.WritableIntObjectInspector@6a2057e,org.apache.hadoop.hive.serde2.objectinspector.primitive.WritableIntObjectInspector@6a2057e>
2024-04-24T01:11:39,404  INFO [LocalJobRunner Map Task Executor #0] exec.UnionOperator: Union Operator needs to transform row from parent[1] from org.apache.hadoop.hive.serde2.lazybinary.objectinspector.LazyBinaryStructObjectInspector<org.apache.hadoop.hive.serde2.objectinspector.primitive.WritableIntObjectInspector@6a2057e,org.apache.hadoop.hive.serde2.objectinspector.primitive.WritableIntObjectInspector@6a2057e,org.apache.hadoop.hive.serde2.objectinspector.primitive.WritableIntObjectInspector@6a2057e> to org.apache.hadoop.hive.serde2.objectinspector.StandardStructObjectInspector<org.apache.hadoop.hive.serde2.objectinspector.primitive.WritableIntObjectInspector@6a2057e,org.apache.hadoop.hive.serde2.objectinspector.primitive.WritableIntObjectInspector@6a2057e,org.apache.hadoop.hive.serde2.objectinspector.primitive.WritableIntObjectInspector@6a2057e>
2024-04-24T01:11:39,404  INFO [LocalJobRunner Map Task Executor #0] exec.SelectOperator: Initializing Operator: SEL[13]
2024-04-24T01:11:39,404  INFO [LocalJobRunner Map Task Executor #0] exec.SelectOperator: SELECT struct<_col0:int,_col1:int,_col2:int>
2024-04-24T01:11:39,404  INFO [LocalJobRunner Map Task Executor #0] exec.ReduceSinkOperator: Initializing Operator: RS[17]
2024-04-24T01:11:39,404  INFO [LocalJobRunner Map Task Executor #0] exec.ReduceSinkOperator: Using tag = 0
2024-04-24T01:11:39,405  INFO [LocalJobRunner Map Task Executor #0] exec.MapOperator: MAP[0]: records read - 1
2024-04-24T01:11:39,405  INFO [LocalJobRunner Map Task Executor #0] exec.ReduceSinkOperator: keys are [reducesinkkey0] num distributions: 1
2024-04-24T01:11:39,405  INFO [LocalJobRunner Map Task Executor #0] exec.ReduceSinkOperator: RS[18]: records written - 1
2024-04-24T01:11:39,405  INFO [LocalJobRunner Map Task Executor #0] exec.MapOperator: Closing Operator: MAP[0]
2024-04-24T01:11:39,405  INFO [LocalJobRunner Map Task Executor #0] exec.MapOperator: MAP[0]: Total records read - 2. abort - false
2024-04-24T01:11:39,405  INFO [LocalJobRunner Map Task Executor #0] exec.MapOperator: RECORDS_OUT_INTERMEDIATE:0, DESERIALIZE_ERRORS:0, RECORDS_OUT_OPERATOR_MAP_0:0, RECORDS_IN:2, 
2024-04-24T01:11:39,405  INFO [LocalJobRunner Map Task Executor #0] exec.TableScanOperator: Closing Operator: TS[0]
2024-04-24T01:11:39,405  INFO [LocalJobRunner Map Task Executor #0] exec.TableScanOperator: RECORDS_OUT_INTERMEDIATE:0, RECORDS_OUT_OPERATOR_TS_0:0, 
2024-04-24T01:11:39,405  INFO [LocalJobRunner Map Task Executor #0] exec.SelectOperator: Closing Operator: SEL[1]
2024-04-24T01:11:39,406  INFO [LocalJobRunner Map Task Executor #0] exec.SelectOperator: RECORDS_OUT_INTERMEDIATE:0, RECORDS_OUT_OPERATOR_SEL_1:0, 
2024-04-24T01:11:39,406  INFO [LocalJobRunner Map Task Executor #0] exec.TableScanOperator: Closing Operator: TS[58]
2024-04-24T01:11:39,406  INFO [LocalJobRunner Map Task Executor #0] exec.TableScanOperator: RECORDS_OUT_INTERMEDIATE:0, RECORDS_OUT_OPERATOR_TS_58:0, 
2024-04-24T01:11:39,406  INFO [LocalJobRunner Map Task Executor #0] exec.UnionOperator: Closing Operator: UNION[12]
2024-04-24T01:11:39,406  INFO [LocalJobRunner Map Task Executor #0] exec.UnionOperator: RECORDS_OUT_OPERATOR_UNION_12:0, RECORDS_OUT_INTERMEDIATE:0, 
2024-04-24T01:11:39,406  INFO [LocalJobRunner Map Task Executor #0] exec.SelectOperator: Closing Operator: SEL[13]
2024-04-24T01:11:39,406  INFO [LocalJobRunner Map Task Executor #0] exec.SelectOperator: RECORDS_OUT_INTERMEDIATE:0, RECORDS_OUT_OPERATOR_SEL_13:0, 
2024-04-24T01:11:39,406  INFO [LocalJobRunner Map Task Executor #0] exec.ReduceSinkOperator: Closing Operator: RS[17]
2024-04-24T01:11:39,406  INFO [LocalJobRunner Map Task Executor #0] exec.ReduceSinkOperator: RS[17]: Total records written - 0. abort - false
2024-04-24T01:11:39,406  INFO [LocalJobRunner Map Task Executor #0] exec.ReduceSinkOperator: RECORDS_OUT_INTERMEDIATE:0, RECORDS_OUT_OPERATOR_RS_17:0, 
2024-04-24T01:11:39,406  INFO [LocalJobRunner Map Task Executor #0] exec.TableScanOperator: Closing Operator: TS[14]
2024-04-24T01:11:39,406  INFO [LocalJobRunner Map Task Executor #0] exec.TableScanOperator: RECORDS_OUT_INTERMEDIATE:0, RECORDS_OUT_OPERATOR_TS_14:2, 
2024-04-24T01:11:39,406  INFO [LocalJobRunner Map Task Executor #0] exec.FilterOperator: Closing Operator: FIL[48]
2024-04-24T01:11:39,406  INFO [LocalJobRunner Map Task Executor #0] exec.FilterOperator: RECORDS_OUT_OPERATOR_FIL_48:1, RECORDS_OUT_INTERMEDIATE:0, 
2024-04-24T01:11:39,406  INFO [LocalJobRunner Map Task Executor #0] exec.SelectOperator: Closing Operator: SEL[16]
2024-04-24T01:11:39,406  INFO [LocalJobRunner Map Task Executor #0] exec.SelectOperator: RECORDS_OUT_INTERMEDIATE:0, RECORDS_OUT_OPERATOR_SEL_16:1, 
2024-04-24T01:11:39,406  INFO [LocalJobRunner Map Task Executor #0] exec.ReduceSinkOperator: Closing Operator: RS[18]
2024-04-24T01:11:39,406  INFO [LocalJobRunner Map Task Executor #0] exec.ReduceSinkOperator: RS[18]: Total records written - 1. abort - false
2024-04-24T01:11:39,406  INFO [LocalJobRunner Map Task Executor #0] exec.ReduceSinkOperator: RECORDS_OUT_OPERATOR_RS_18:1, RECORDS_OUT_INTERMEDIATE:1, 
2024-04-24T01:11:39,408  INFO [LocalJobRunner Map Task Executor #0] mapred.LocalJobRunner: 
2024-04-24T01:11:39,408  INFO [LocalJobRunner Map Task Executor #0] mapred.MapTask: Starting flush of map output
2024-04-24T01:11:39,408  INFO [LocalJobRunner Map Task Executor #0] mapred.MapTask: Spilling map output
2024-04-24T01:11:39,408  INFO [LocalJobRunner Map Task Executor #0] mapred.MapTask: bufstart = 0; bufend = 29; bufvoid = 104857600
2024-04-24T01:11:39,408  INFO [LocalJobRunner Map Task Executor #0] mapred.MapTask: kvstart = 26214396(104857584); kvend = 26214396(104857584); length = 1/6553600
2024-04-24T01:11:39,419  INFO [LocalJobRunner Map Task Executor #0] mapred.MapTask: Finished spill 0
2024-04-24T01:11:39,421  INFO [LocalJobRunner Map Task Executor #0] mapred.Task: Task:attempt_local257645219_0077_m_000000_0 is done. And is in the process of committing
2024-04-24T01:11:39,422  INFO [LocalJobRunner Map Task Executor #0] mapred.LocalJobRunner: OrcSplit [file:/home/alex/Repositories/hive/ql/target/tmp/org.apache.hadoop.hive.ql.TestTxnCommands-1713946100941/warehouse/target/delta_0000001_0000001_0000/bucket_00001_0, start=3, length=354, isOriginal=false, fileLength=746, hasFooter=false, hasBase=true, deltas=0]
2024-04-24T01:11:39,422  INFO [LocalJobRunner Map Task Executor #0] mapred.Task: Task 'attempt_local257645219_0077_m_000000_0' done.
2024-04-24T01:11:39,422  INFO [LocalJobRunner Map Task Executor #0] mapred.Task: Final Counters for attempt_local257645219_0077_m_000000_0: Counters: 36
	File System Counters
		FILE: Number of bytes read=1715088
		FILE: Number of bytes written=96601421
		FILE: Number of read operations=0
		FILE: Number of large read operations=0
		FILE: Number of write operations=0
		HDFS: Number of bytes read=0
		HDFS: Number of bytes written=0
		HDFS: Number of read operations=0
		HDFS: Number of large read operations=0
		HDFS: Number of write operations=0
	Map-Reduce Framework
		Map input records=2
		Map output records=1
		Map output bytes=29
		Map output materialized bytes=37
		Input split bytes=493
		Combine input records=0
		Spilled Records=1
		Failed Shuffles=0
		Merged Map outputs=0
		GC time elapsed (ms)=35
		Total committed heap usage (bytes)=2093481984
	HIVE
		DESERIALIZE_ERRORS=0
		RECORDS_IN=2
		RECORDS_OUT_INTERMEDIATE=1
		RECORDS_OUT_OPERATOR_FIL_48=1
		RECORDS_OUT_OPERATOR_MAP_0=0
		RECORDS_OUT_OPERATOR_RS_17=0
		RECORDS_OUT_OPERATOR_RS_18=1
		RECORDS_OUT_OPERATOR_SEL_1=0
		RECORDS_OUT_OPERATOR_SEL_13=0
		RECORDS_OUT_OPERATOR_SEL_16=1
		RECORDS_OUT_OPERATOR_TS_0=0
		RECORDS_OUT_OPERATOR_TS_14=2
		RECORDS_OUT_OPERATOR_TS_58=0
		RECORDS_OUT_OPERATOR_UNION_12=0
	File Input Format Counters 
		Bytes Read=12399
2024-04-24T01:11:39,422  INFO [LocalJobRunner Map Task Executor #0] mapred.LocalJobRunner: Finishing task: attempt_local257645219_0077_m_000000_0
2024-04-24T01:11:39,422  INFO [LocalJobRunner Map Task Executor #0] mapred.LocalJobRunner: Starting task: attempt_local257645219_0077_m_000001_0
2024-04-24T01:11:39,423  INFO [LocalJobRunner Map Task Executor #0] mapred.Task:  Using ResourceCalculatorProcessTree : [ ]
2024-04-24T01:11:39,423  INFO [LocalJobRunner Map Task Executor #0] mapred.MapTask: Processing split: org.apache.hadoop.hive.ql.io.orc.OrcInputFormat:OrcSplit [file:/home/alex/Repositories/hive/ql/target/tmp/org.apache.hadoop.hive.ql.TestTxnCommands-1713946100941/warehouse/target/delta_0000001_0000001_0000/bucket_00000_0, start=3, length=343, isOriginal=false, fileLength=714, hasFooter=false, hasBase=true, deltas=0]
2024-04-24T01:11:39,424  INFO [LocalJobRunner Map Task Executor #0] exec.SerializationUtilities: Deserializing MapWork using kryo
2024-04-24T01:11:39,425  INFO [LocalJobRunner Map Task Executor #0] exec.Utilities: Deserialized plan (via FILE) - name: null size: 9,25KB
2024-04-24T01:11:39,426  INFO [LocalJobRunner Map Task Executor #0] orc.OrcRawRecordMerger: min key = null, max key = null
2024-04-24T01:11:39,426  INFO [LocalJobRunner Map Task Executor #0] orc.ReaderImpl: Reading ORC rows from file:/home/alex/Repositories/hive/ql/target/tmp/org.apache.hadoop.hive.ql.TestTxnCommands-1713946100941/warehouse/target/delta_0000001_0000001_0000/bucket_00000_0 with {include: [true, true, true, true], offset: 3, length: 343, schema: struct<key:int,data:int,cur:int>, includeAcidColumns: true}
2024-04-24T01:11:39,427  INFO [LocalJobRunner Map Task Executor #0] orc.OrcRawRecordMerger: updated min key = null, max key = null
2024-04-24T01:11:39,427  INFO [LocalJobRunner Map Task Executor #0] mapred.MapTask: numReduceTasks: 1
2024-04-24T01:11:39,432  INFO [LocalJobRunner Map Task Executor #0] mapred.MapTask: (EQUATOR) 0 kvi 26214396(104857584)
2024-04-24T01:11:39,432  INFO [LocalJobRunner Map Task Executor #0] mapred.MapTask: mapreduce.task.io.sort.mb: 100
2024-04-24T01:11:39,432  INFO [LocalJobRunner Map Task Executor #0] mapred.MapTask: soft limit at 83886080
2024-04-24T01:11:39,432  INFO [LocalJobRunner Map Task Executor #0] mapred.MapTask: bufstart = 0; bufvoid = 104857600
2024-04-24T01:11:39,432  INFO [LocalJobRunner Map Task Executor #0] mapred.MapTask: kvstart = 26214396; length = 6553600
2024-04-24T01:11:39,432  INFO [LocalJobRunner Map Task Executor #0] mapred.MapTask: Map output collector class = org.apache.hadoop.mapred.MapTask$MapOutputBuffer
2024-04-24T01:11:39,432  INFO [LocalJobRunner Map Task Executor #0] exec.MapOperator: Initializing Operator: MAP[0]
2024-04-24T01:11:39,435  INFO [LocalJobRunner Map Task Executor #0] mr.ExecMapper: 
<MAP>Id =0
  <Children>null
    <TS>Id =58
      <Children>
        <UNION>Id =12
          <Children>
            <SEL>Id =13
              <Children>
                <RS>Id =17
                  <Children>
                  <\Children>
                  <Parent>Id = 13 null<\Parent>
                <\RS>
              <\Children>
              <Parent>Id = 12 null<\Parent>
            <\SEL>
          <\Children>
          <Parent>Id = 1 
        <SEL>Id =1
          <Children>null
          <\Children>
          <Parent>Id = 0 null<\Parent>
        <\SEL>Id = 58 null<\Parent>
        <\UNION>
      <\Children>
      <Parent>Id = 0 null<\Parent>
    <\TS>
    <TS>Id =14
      <Children>
        <FIL>Id =48
          <Children>
            <SEL>Id =16
              <Children>
                <RS>Id =18
                  <Children>
                  <\Children>
                  <Parent>Id = 16 null<\Parent>
                <\RS>
              <\Children>
              <Parent>Id = 48 null<\Parent>
            <\SEL>
          <\Children>
          <Parent>Id = 14 null<\Parent>
        <\FIL>
      <\Children>
      <Parent>Id = 0 null<\Parent>
    <\TS>
  <\Children>
  <Parent><\Parent>
<\MAP>
2024-04-24T01:11:39,435  INFO [LocalJobRunner Map Task Executor #0] exec.TableScanOperator: Initializing Operator: TS[14]
2024-04-24T01:11:39,436  INFO [LocalJobRunner Map Task Executor #0] exec.FilterOperator: Initializing Operator: FIL[48]
2024-04-24T01:11:39,436  INFO [LocalJobRunner Map Task Executor #0] exec.SelectOperator: Initializing Operator: SEL[16]
2024-04-24T01:11:39,436  INFO [LocalJobRunner Map Task Executor #0] exec.SelectOperator: SELECT struct<key:int,data:int,cur:int,row__id:struct<writeid:bigint,bucketid:int,rowid:bigint>>
2024-04-24T01:11:39,436  INFO [LocalJobRunner Map Task Executor #0] exec.ReduceSinkOperator: Initializing Operator: RS[18]
2024-04-24T01:11:39,436  INFO [LocalJobRunner Map Task Executor #0] exec.ReduceSinkOperator: Using tag = 1
2024-04-24T01:11:39,436  INFO [LocalJobRunner Map Task Executor #0] exec.TableScanOperator: Initializing Operator: TS[0]
2024-04-24T01:11:39,436  INFO [LocalJobRunner Map Task Executor #0] exec.SelectOperator: Initializing Operator: SEL[1]
2024-04-24T01:11:39,436  INFO [LocalJobRunner Map Task Executor #0] exec.SelectOperator: SELECT struct<key:int,data:int>
2024-04-24T01:11:39,436  INFO [LocalJobRunner Map Task Executor #0] exec.TableScanOperator: Initializing Operator: TS[58]
2024-04-24T01:11:39,436  INFO [LocalJobRunner Map Task Executor #0] exec.UnionOperator: Initializing Operator: UNION[12]
2024-04-24T01:11:39,436  INFO [LocalJobRunner Map Task Executor #0] exec.UnionOperator: Union Operator needs to transform row from parent[0] from org.apache.hadoop.hive.serde2.objectinspector.StandardStructObjectInspector<org.apache.hadoop.hive.serde2.lazy.objectinspector.primitive.LazyIntObjectInspector@31a9eaa,org.apache.hadoop.hive.serde2.lazy.objectinspector.primitive.LazyIntObjectInspector@31a9eaa,org.apache.hadoop.hive.serde2.objectinspector.primitive.WritableConstantIntObjectInspector@b61c2ed> to org.apache.hadoop.hive.serde2.objectinspector.StandardStructObjectInspector<org.apache.hadoop.hive.serde2.objectinspector.primitive.WritableIntObjectInspector@6a2057e,org.apache.hadoop.hive.serde2.objectinspector.primitive.WritableIntObjectInspector@6a2057e,org.apache.hadoop.hive.serde2.objectinspector.primitive.WritableIntObjectInspector@6a2057e>
2024-04-24T01:11:39,436  INFO [LocalJobRunner Map Task Executor #0] exec.UnionOperator: Union Operator needs to transform row from parent[1] from org.apache.hadoop.hive.serde2.lazybinary.objectinspector.LazyBinaryStructObjectInspector<org.apache.hadoop.hive.serde2.objectinspector.primitive.WritableIntObjectInspector@6a2057e,org.apache.hadoop.hive.serde2.objectinspector.primitive.WritableIntObjectInspector@6a2057e,org.apache.hadoop.hive.serde2.objectinspector.primitive.WritableIntObjectInspector@6a2057e> to org.apache.hadoop.hive.serde2.objectinspector.StandardStructObjectInspector<org.apache.hadoop.hive.serde2.objectinspector.primitive.WritableIntObjectInspector@6a2057e,org.apache.hadoop.hive.serde2.objectinspector.primitive.WritableIntObjectInspector@6a2057e,org.apache.hadoop.hive.serde2.objectinspector.primitive.WritableIntObjectInspector@6a2057e>
2024-04-24T01:11:39,436  INFO [LocalJobRunner Map Task Executor #0] exec.SelectOperator: Initializing Operator: SEL[13]
2024-04-24T01:11:39,436  INFO [LocalJobRunner Map Task Executor #0] exec.SelectOperator: SELECT struct<_col0:int,_col1:int,_col2:int>
2024-04-24T01:11:39,436  INFO [LocalJobRunner Map Task Executor #0] exec.ReduceSinkOperator: Initializing Operator: RS[17]
2024-04-24T01:11:39,436  INFO [LocalJobRunner Map Task Executor #0] exec.ReduceSinkOperator: Using tag = 0
2024-04-24T01:11:39,437  INFO [LocalJobRunner Map Task Executor #0] exec.ReduceSinkOperator: keys are [reducesinkkey0] num distributions: 1
2024-04-24T01:11:39,437  INFO [LocalJobRunner Map Task Executor #0] exec.ReduceSinkOperator: RS[18]: records written - 1
2024-04-24T01:11:39,437  INFO [LocalJobRunner Map Task Executor #0] exec.MapOperator: MAP[0]: records read - 1
2024-04-24T01:11:39,437  INFO [LocalJobRunner Map Task Executor #0] exec.MapOperator: Closing Operator: MAP[0]
2024-04-24T01:11:39,437  INFO [LocalJobRunner Map Task Executor #0] exec.MapOperator: MAP[0]: Total records read - 1. abort - false
2024-04-24T01:11:39,437  INFO [LocalJobRunner Map Task Executor #0] exec.MapOperator: RECORDS_OUT_INTERMEDIATE:0, RECORDS_OUT_OPERATOR_MAP_0:0, RECORDS_IN:1, DESERIALIZE_ERRORS:0, 
2024-04-24T01:11:39,437  INFO [LocalJobRunner Map Task Executor #0] exec.TableScanOperator: Closing Operator: TS[0]
2024-04-24T01:11:39,437  INFO [LocalJobRunner Map Task Executor #0] exec.TableScanOperator: RECORDS_OUT_OPERATOR_TS_0:0, RECORDS_OUT_INTERMEDIATE:0, 
2024-04-24T01:11:39,437  INFO [LocalJobRunner Map Task Executor #0] exec.SelectOperator: Closing Operator: SEL[1]
2024-04-24T01:11:39,437  INFO [LocalJobRunner Map Task Executor #0] exec.SelectOperator: RECORDS_OUT_INTERMEDIATE:0, RECORDS_OUT_OPERATOR_SEL_1:0, 
2024-04-24T01:11:39,437  INFO [LocalJobRunner Map Task Executor #0] exec.TableScanOperator: Closing Operator: TS[58]
2024-04-24T01:11:39,437  INFO [LocalJobRunner Map Task Executor #0] exec.TableScanOperator: RECORDS_OUT_INTERMEDIATE:0, RECORDS_OUT_OPERATOR_TS_58:0, 
2024-04-24T01:11:39,437  INFO [LocalJobRunner Map Task Executor #0] exec.UnionOperator: Closing Operator: UNION[12]
2024-04-24T01:11:39,437  INFO [LocalJobRunner Map Task Executor #0] exec.UnionOperator: RECORDS_OUT_OPERATOR_UNION_12:0, RECORDS_OUT_INTERMEDIATE:0, 
2024-04-24T01:11:39,437  INFO [LocalJobRunner Map Task Executor #0] exec.SelectOperator: Closing Operator: SEL[13]
2024-04-24T01:11:39,437  INFO [LocalJobRunner Map Task Executor #0] exec.SelectOperator: RECORDS_OUT_OPERATOR_SEL_13:0, RECORDS_OUT_INTERMEDIATE:0, 
2024-04-24T01:11:39,437  INFO [LocalJobRunner Map Task Executor #0] exec.ReduceSinkOperator: Closing Operator: RS[17]
2024-04-24T01:11:39,437  INFO [LocalJobRunner Map Task Executor #0] exec.ReduceSinkOperator: RS[17]: Total records written - 0. abort - false
2024-04-24T01:11:39,437  INFO [LocalJobRunner Map Task Executor #0] exec.ReduceSinkOperator: RECORDS_OUT_OPERATOR_RS_17:0, RECORDS_OUT_INTERMEDIATE:0, 
2024-04-24T01:11:39,437  INFO [LocalJobRunner Map Task Executor #0] exec.TableScanOperator: Closing Operator: TS[14]
2024-04-24T01:11:39,437  INFO [LocalJobRunner Map Task Executor #0] exec.TableScanOperator: RECORDS_OUT_INTERMEDIATE:0, RECORDS_OUT_OPERATOR_TS_14:1, 
2024-04-24T01:11:39,437  INFO [LocalJobRunner Map Task Executor #0] exec.FilterOperator: Closing Operator: FIL[48]
2024-04-24T01:11:39,437  INFO [LocalJobRunner Map Task Executor #0] exec.FilterOperator: RECORDS_OUT_OPERATOR_FIL_48:1, RECORDS_OUT_INTERMEDIATE:0, 
2024-04-24T01:11:39,437  INFO [LocalJobRunner Map Task Executor #0] exec.SelectOperator: Closing Operator: SEL[16]
2024-04-24T01:11:39,438  INFO [LocalJobRunner Map Task Executor #0] exec.SelectOperator: RECORDS_OUT_INTERMEDIATE:0, RECORDS_OUT_OPERATOR_SEL_16:1, 
2024-04-24T01:11:39,438  INFO [LocalJobRunner Map Task Executor #0] exec.ReduceSinkOperator: Closing Operator: RS[18]
2024-04-24T01:11:39,438  INFO [LocalJobRunner Map Task Executor #0] exec.ReduceSinkOperator: RS[18]: Total records written - 1. abort - false
2024-04-24T01:11:39,438  INFO [LocalJobRunner Map Task Executor #0] exec.ReduceSinkOperator: RECORDS_OUT_OPERATOR_RS_18:1, RECORDS_OUT_INTERMEDIATE:1, 
2024-04-24T01:11:39,438  INFO [LocalJobRunner Map Task Executor #0] mapred.LocalJobRunner: 
2024-04-24T01:11:39,438  INFO [LocalJobRunner Map Task Executor #0] mapred.MapTask: Starting flush of map output
2024-04-24T01:11:39,438  INFO [LocalJobRunner Map Task Executor #0] mapred.MapTask: Spilling map output
2024-04-24T01:11:39,438  INFO [LocalJobRunner Map Task Executor #0] mapred.MapTask: bufstart = 0; bufend = 29; bufvoid = 104857600
2024-04-24T01:11:39,438  INFO [LocalJobRunner Map Task Executor #0] mapred.MapTask: kvstart = 26214396(104857584); kvend = 26214396(104857584); length = 1/6553600
2024-04-24T01:11:39,446  INFO [LocalJobRunner Map Task Executor #0] mapred.MapTask: Finished spill 0
2024-04-24T01:11:39,449  INFO [LocalJobRunner Map Task Executor #0] mapred.Task: Task:attempt_local257645219_0077_m_000001_0 is done. And is in the process of committing
2024-04-24T01:11:39,450  INFO [LocalJobRunner Map Task Executor #0] mapred.LocalJobRunner: OrcSplit [file:/home/alex/Repositories/hive/ql/target/tmp/org.apache.hadoop.hive.ql.TestTxnCommands-1713946100941/warehouse/target/delta_0000001_0000001_0000/bucket_00000_0, start=3, length=343, isOriginal=false, fileLength=714, hasFooter=false, hasBase=true, deltas=0]
2024-04-24T01:11:39,450  INFO [LocalJobRunner Map Task Executor #0] mapred.Task: Task 'attempt_local257645219_0077_m_000001_0' done.
2024-04-24T01:11:39,450  INFO [LocalJobRunner Map Task Executor #0] mapred.Task: Final Counters for attempt_local257645219_0077_m_000001_0: Counters: 36
	File System Counters
		FILE: Number of bytes read=1728995
		FILE: Number of bytes written=96601490
		FILE: Number of read operations=0
		FILE: Number of large read operations=0
		FILE: Number of write operations=0
		HDFS: Number of bytes read=0
		HDFS: Number of bytes written=0
		HDFS: Number of read operations=0
		HDFS: Number of large read operations=0
		HDFS: Number of write operations=0
	Map-Reduce Framework
		Map input records=1
		Map output records=1
		Map output bytes=29
		Map output materialized bytes=37
		Input split bytes=493
		Combine input records=0
		Spilled Records=1
		Failed Shuffles=0
		Merged Map outputs=0
		GC time elapsed (ms)=0
		Total committed heap usage (bytes)=2093481984
	HIVE
		DESERIALIZE_ERRORS=0
		RECORDS_IN=1
		RECORDS_OUT_INTERMEDIATE=1
		RECORDS_OUT_OPERATOR_FIL_48=1
		RECORDS_OUT_OPERATOR_MAP_0=0
		RECORDS_OUT_OPERATOR_RS_17=0
		RECORDS_OUT_OPERATOR_RS_18=1
		RECORDS_OUT_OPERATOR_SEL_1=0
		RECORDS_OUT_OPERATOR_SEL_13=0
		RECORDS_OUT_OPERATOR_SEL_16=1
		RECORDS_OUT_OPERATOR_TS_0=0
		RECORDS_OUT_OPERATOR_TS_14=1
		RECORDS_OUT_OPERATOR_TS_58=0
		RECORDS_OUT_OPERATOR_UNION_12=0
	File Input Format Counters 
		Bytes Read=12271
2024-04-24T01:11:39,450  INFO [LocalJobRunner Map Task Executor #0] mapred.LocalJobRunner: Finishing task: attempt_local257645219_0077_m_000001_0
2024-04-24T01:11:39,450  INFO [LocalJobRunner Map Task Executor #0] mapred.LocalJobRunner: Starting task: attempt_local257645219_0077_m_000002_0
2024-04-24T01:11:39,450  INFO [LocalJobRunner Map Task Executor #0] mapred.Task:  Using ResourceCalculatorProcessTree : [ ]
2024-04-24T01:11:39,451  INFO [LocalJobRunner Map Task Executor #0] mapred.MapTask: Processing split: org.apache.hadoop.mapred.SequenceFileInputFormat:file:/home/alex/Repositories/hive/ql/target/tmp/localscratchdir/f8b04dbc-625a-4530-ace9-c9b171c687c0/hive_2024-04-24_01-11-37_014_2306414603969023444-1/-mr-10010/000000_0:0+116
2024-04-24T01:11:39,451  INFO [LocalJobRunner Map Task Executor #0] exec.SerializationUtilities: Deserializing MapWork using kryo
2024-04-24T01:11:39,452  INFO [LocalJobRunner Map Task Executor #0] exec.Utilities: Deserialized plan (via FILE) - name: null size: 9,25KB
2024-04-24T01:11:39,452  INFO [LocalJobRunner Map Task Executor #0] exec.Utilities: schema.evolution.columns and schema.evolution.columns.types not available
2024-04-24T01:11:39,453  INFO [LocalJobRunner Map Task Executor #0] mapred.MapTask: numReduceTasks: 1
2024-04-24T01:11:39,458  INFO [LocalJobRunner Map Task Executor #0] mapred.MapTask: (EQUATOR) 0 kvi 26214396(104857584)
2024-04-24T01:11:39,458  INFO [LocalJobRunner Map Task Executor #0] mapred.MapTask: mapreduce.task.io.sort.mb: 100
2024-04-24T01:11:39,458  INFO [LocalJobRunner Map Task Executor #0] mapred.MapTask: soft limit at 83886080
2024-04-24T01:11:39,458  INFO [LocalJobRunner Map Task Executor #0] mapred.MapTask: bufstart = 0; bufvoid = 104857600
2024-04-24T01:11:39,458  INFO [LocalJobRunner Map Task Executor #0] mapred.MapTask: kvstart = 26214396; length = 6553600
2024-04-24T01:11:39,458  INFO [LocalJobRunner Map Task Executor #0] mapred.MapTask: Map output collector class = org.apache.hadoop.mapred.MapTask$MapOutputBuffer
2024-04-24T01:11:39,459  INFO [LocalJobRunner Map Task Executor #0] exec.MapOperator: Initializing Operator: MAP[0]
2024-04-24T01:11:39,461  INFO [LocalJobRunner Map Task Executor #0] mr.ExecMapper: 
<MAP>Id =0
  <Children>null
    <TS>Id =58
      <Children>
        <UNION>Id =12
          <Children>
            <SEL>Id =13
              <Children>
                <RS>Id =17
                  <Children>
                  <\Children>
                  <Parent>Id = 13 null<\Parent>
                <\RS>
              <\Children>
              <Parent>Id = 12 null<\Parent>
            <\SEL>
          <\Children>
          <Parent>Id = 1 
        <SEL>Id =1
          <Children>null
          <\Children>
          <Parent>Id = 0 null<\Parent>
        <\SEL>Id = 58 null<\Parent>
        <\UNION>
      <\Children>
      <Parent>Id = 0 null<\Parent>
    <\TS>
    <TS>Id =14
      <Children>
        <FIL>Id =48
          <Children>
            <SEL>Id =16
              <Children>
                <RS>Id =18
                  <Children>
                  <\Children>
                  <Parent>Id = 16 null<\Parent>
                <\RS>
              <\Children>
              <Parent>Id = 48 null<\Parent>
            <\SEL>
          <\Children>
          <Parent>Id = 14 null<\Parent>
        <\FIL>
      <\Children>
      <Parent>Id = 0 null<\Parent>
    <\TS>
  <\Children>
  <Parent><\Parent>
<\MAP>
2024-04-24T01:11:39,462  INFO [LocalJobRunner Map Task Executor #0] exec.TableScanOperator: Initializing Operator: TS[58]
2024-04-24T01:11:39,462  INFO [LocalJobRunner Map Task Executor #0] exec.TableScanOperator: Initializing Operator: TS[0]
2024-04-24T01:11:39,462  INFO [LocalJobRunner Map Task Executor #0] exec.SelectOperator: Initializing Operator: SEL[1]
2024-04-24T01:11:39,462  INFO [LocalJobRunner Map Task Executor #0] exec.SelectOperator: SELECT struct<key:int,data:int>
2024-04-24T01:11:39,462  INFO [LocalJobRunner Map Task Executor #0] exec.UnionOperator: Initializing Operator: UNION[12]
2024-04-24T01:11:39,462  INFO [LocalJobRunner Map Task Executor #0] exec.UnionOperator: Union Operator needs to transform row from parent[0] from org.apache.hadoop.hive.serde2.objectinspector.StandardStructObjectInspector<org.apache.hadoop.hive.serde2.lazy.objectinspector.primitive.LazyIntObjectInspector@31a9eaa,org.apache.hadoop.hive.serde2.lazy.objectinspector.primitive.LazyIntObjectInspector@31a9eaa,org.apache.hadoop.hive.serde2.objectinspector.primitive.WritableConstantIntObjectInspector@17357e13> to org.apache.hadoop.hive.serde2.objectinspector.StandardStructObjectInspector<org.apache.hadoop.hive.serde2.objectinspector.primitive.WritableIntObjectInspector@6a2057e,org.apache.hadoop.hive.serde2.objectinspector.primitive.WritableIntObjectInspector@6a2057e,org.apache.hadoop.hive.serde2.objectinspector.primitive.WritableIntObjectInspector@6a2057e>
2024-04-24T01:11:39,462  INFO [LocalJobRunner Map Task Executor #0] exec.UnionOperator: Union Operator needs to transform row from parent[1] from org.apache.hadoop.hive.serde2.lazybinary.objectinspector.LazyBinaryStructObjectInspector<org.apache.hadoop.hive.serde2.objectinspector.primitive.WritableIntObjectInspector@6a2057e,org.apache.hadoop.hive.serde2.objectinspector.primitive.WritableIntObjectInspector@6a2057e,org.apache.hadoop.hive.serde2.objectinspector.primitive.WritableIntObjectInspector@6a2057e> to org.apache.hadoop.hive.serde2.objectinspector.StandardStructObjectInspector<org.apache.hadoop.hive.serde2.objectinspector.primitive.WritableIntObjectInspector@6a2057e,org.apache.hadoop.hive.serde2.objectinspector.primitive.WritableIntObjectInspector@6a2057e,org.apache.hadoop.hive.serde2.objectinspector.primitive.WritableIntObjectInspector@6a2057e>
2024-04-24T01:11:39,462  INFO [LocalJobRunner Map Task Executor #0] exec.SelectOperator: Initializing Operator: SEL[13]
2024-04-24T01:11:39,462  INFO [LocalJobRunner Map Task Executor #0] exec.SelectOperator: SELECT struct<_col0:int,_col1:int,_col2:int>
2024-04-24T01:11:39,462  INFO [LocalJobRunner Map Task Executor #0] exec.ReduceSinkOperator: Initializing Operator: RS[17]
2024-04-24T01:11:39,462  INFO [LocalJobRunner Map Task Executor #0] exec.ReduceSinkOperator: Using tag = 0
2024-04-24T01:11:39,462  INFO [LocalJobRunner Map Task Executor #0] exec.TableScanOperator: Initializing Operator: TS[14]
2024-04-24T01:11:39,462  INFO [LocalJobRunner Map Task Executor #0] exec.FilterOperator: Initializing Operator: FIL[48]
2024-04-24T01:11:39,463  INFO [LocalJobRunner Map Task Executor #0] exec.SelectOperator: Initializing Operator: SEL[16]
2024-04-24T01:11:39,463  INFO [LocalJobRunner Map Task Executor #0] exec.SelectOperator: SELECT struct<key:int,data:int,cur:int,row__id:struct<writeid:bigint,bucketid:int,rowid:bigint>>
2024-04-24T01:11:39,463  INFO [LocalJobRunner Map Task Executor #0] exec.ReduceSinkOperator: Initializing Operator: RS[18]
2024-04-24T01:11:39,463  INFO [LocalJobRunner Map Task Executor #0] exec.ReduceSinkOperator: Using tag = 1
2024-04-24T01:11:39,464  INFO [LocalJobRunner Map Task Executor #0] exec.ReduceSinkOperator: keys are [reducesinkkey0] num distributions: 1
2024-04-24T01:11:39,464  INFO [LocalJobRunner Map Task Executor #0] exec.ReduceSinkOperator: RS[17]: records written - 1
2024-04-24T01:11:39,464  INFO [LocalJobRunner Map Task Executor #0] exec.MapOperator: MAP[0]: records read - 1
2024-04-24T01:11:39,464  INFO [LocalJobRunner Map Task Executor #0] exec.MapOperator: Closing Operator: MAP[0]
2024-04-24T01:11:39,464  INFO [LocalJobRunner Map Task Executor #0] exec.MapOperator: MAP[0]: Total records read - 1. abort - false
2024-04-24T01:11:39,464  INFO [LocalJobRunner Map Task Executor #0] exec.MapOperator: RECORDS_IN:1, DESERIALIZE_ERRORS:0, RECORDS_OUT_OPERATOR_MAP_0:0, RECORDS_OUT_INTERMEDIATE:0, 
2024-04-24T01:11:39,464  INFO [LocalJobRunner Map Task Executor #0] exec.TableScanOperator: Closing Operator: TS[0]
2024-04-24T01:11:39,464  INFO [LocalJobRunner Map Task Executor #0] exec.TableScanOperator: RECORDS_OUT_INTERMEDIATE:0, RECORDS_OUT_OPERATOR_TS_0:0, 
2024-04-24T01:11:39,464  INFO [LocalJobRunner Map Task Executor #0] exec.SelectOperator: Closing Operator: SEL[1]
2024-04-24T01:11:39,464  INFO [LocalJobRunner Map Task Executor #0] exec.SelectOperator: RECORDS_OUT_OPERATOR_SEL_1:0, RECORDS_OUT_INTERMEDIATE:0, 
2024-04-24T01:11:39,465  INFO [LocalJobRunner Map Task Executor #0] exec.TableScanOperator: Closing Operator: TS[58]
2024-04-24T01:11:39,465  INFO [LocalJobRunner Map Task Executor #0] exec.TableScanOperator: RECORDS_OUT_OPERATOR_TS_58:1, RECORDS_OUT_INTERMEDIATE:0, 
2024-04-24T01:11:39,465  INFO [LocalJobRunner Map Task Executor #0] exec.UnionOperator: Closing Operator: UNION[12]
2024-04-24T01:11:39,465  INFO [LocalJobRunner Map Task Executor #0] exec.UnionOperator: RECORDS_OUT_OPERATOR_UNION_12:1, RECORDS_OUT_INTERMEDIATE:0, 
2024-04-24T01:11:39,465  INFO [LocalJobRunner Map Task Executor #0] exec.SelectOperator: Closing Operator: SEL[13]
2024-04-24T01:11:39,465  INFO [LocalJobRunner Map Task Executor #0] exec.SelectOperator: RECORDS_OUT_OPERATOR_SEL_13:1, RECORDS_OUT_INTERMEDIATE:0, 
2024-04-24T01:11:39,465  INFO [LocalJobRunner Map Task Executor #0] exec.ReduceSinkOperator: Closing Operator: RS[17]
2024-04-24T01:11:39,465  INFO [LocalJobRunner Map Task Executor #0] exec.ReduceSinkOperator: RS[17]: Total records written - 1. abort - false
2024-04-24T01:11:39,465  INFO [LocalJobRunner Map Task Executor #0] exec.ReduceSinkOperator: RECORDS_OUT_OPERATOR_RS_17:1, RECORDS_OUT_INTERMEDIATE:1, 
2024-04-24T01:11:39,465  INFO [LocalJobRunner Map Task Executor #0] exec.TableScanOperator: Closing Operator: TS[14]
2024-04-24T01:11:39,465  INFO [LocalJobRunner Map Task Executor #0] exec.TableScanOperator: RECORDS_OUT_OPERATOR_TS_14:0, RECORDS_OUT_INTERMEDIATE:0, 
2024-04-24T01:11:39,465  INFO [LocalJobRunner Map Task Executor #0] exec.FilterOperator: Closing Operator: FIL[48]
2024-04-24T01:11:39,465  INFO [LocalJobRunner Map Task Executor #0] exec.FilterOperator: RECORDS_OUT_OPERATOR_FIL_48:0, RECORDS_OUT_INTERMEDIATE:0, 
2024-04-24T01:11:39,465  INFO [LocalJobRunner Map Task Executor #0] exec.SelectOperator: Closing Operator: SEL[16]
2024-04-24T01:11:39,465  INFO [LocalJobRunner Map Task Executor #0] exec.SelectOperator: RECORDS_OUT_OPERATOR_SEL_16:0, RECORDS_OUT_INTERMEDIATE:0, 
2024-04-24T01:11:39,465  INFO [LocalJobRunner Map Task Executor #0] exec.ReduceSinkOperator: Closing Operator: RS[18]
2024-04-24T01:11:39,465  INFO [LocalJobRunner Map Task Executor #0] exec.ReduceSinkOperator: RS[18]: Total records written - 0. abort - false
2024-04-24T01:11:39,465  INFO [LocalJobRunner Map Task Executor #0] exec.ReduceSinkOperator: RECORDS_OUT_INTERMEDIATE:0, RECORDS_OUT_OPERATOR_RS_18:0, 
2024-04-24T01:11:39,466  INFO [LocalJobRunner Map Task Executor #0] mapred.LocalJobRunner: 
2024-04-24T01:11:39,466  INFO [LocalJobRunner Map Task Executor #0] mapred.MapTask: Starting flush of map output
2024-04-24T01:11:39,466  INFO [LocalJobRunner Map Task Executor #0] mapred.MapTask: Spilling map output
2024-04-24T01:11:39,466  INFO [LocalJobRunner Map Task Executor #0] mapred.MapTask: bufstart = 0; bufend = 18; bufvoid = 104857600
2024-04-24T01:11:39,466  INFO [LocalJobRunner Map Task Executor #0] mapred.MapTask: kvstart = 26214396(104857584); kvend = 26214396(104857584); length = 1/6553600
2024-04-24T01:11:39,474  INFO [LocalJobRunner Map Task Executor #0] mapred.MapTask: Finished spill 0
2024-04-24T01:11:39,477  INFO [LocalJobRunner Map Task Executor #0] mapred.Task: Task:attempt_local257645219_0077_m_000002_0 is done. And is in the process of committing
2024-04-24T01:11:39,477  INFO [LocalJobRunner Map Task Executor #0] mapred.LocalJobRunner: file:/home/alex/Repositories/hive/ql/target/tmp/localscratchdir/f8b04dbc-625a-4530-ace9-c9b171c687c0/hive_2024-04-24_01-11-37_014_2306414603969023444-1/-mr-10010/000000_0:0+116
2024-04-24T01:11:39,477  INFO [LocalJobRunner Map Task Executor #0] mapred.Task: Task 'attempt_local257645219_0077_m_000002_0' done.
2024-04-24T01:11:39,477  INFO [LocalJobRunner Map Task Executor #0] mapred.Task: Final Counters for attempt_local257645219_0077_m_000002_0: Counters: 36
	File System Counters
		FILE: Number of bytes read=1739710
		FILE: Number of bytes written=96601548
		FILE: Number of read operations=0
		FILE: Number of large read operations=0
		FILE: Number of write operations=0
		HDFS: Number of bytes read=0
		HDFS: Number of bytes written=0
		HDFS: Number of read operations=0
		HDFS: Number of large read operations=0
		HDFS: Number of write operations=0
	Map-Reduce Framework
		Map input records=1
		Map output records=1
		Map output bytes=18
		Map output materialized bytes=26
		Input split bytes=334
		Combine input records=0
		Spilled Records=1
		Failed Shuffles=0
		Merged Map outputs=0
		GC time elapsed (ms)=0
		Total committed heap usage (bytes)=2093481984
	HIVE
		DESERIALIZE_ERRORS=0
		RECORDS_IN=1
		RECORDS_OUT_INTERMEDIATE=2
		RECORDS_OUT_OPERATOR_FIL_48=0
		RECORDS_OUT_OPERATOR_MAP_0=0
		RECORDS_OUT_OPERATOR_RS_17=2
		RECORDS_OUT_OPERATOR_RS_18=0
		RECORDS_OUT_OPERATOR_SEL_1=0
		RECORDS_OUT_OPERATOR_SEL_13=2
		RECORDS_OUT_OPERATOR_SEL_16=0
		RECORDS_OUT_OPERATOR_TS_0=0
		RECORDS_OUT_OPERATOR_TS_14=0
		RECORDS_OUT_OPERATOR_TS_58=1
		RECORDS_OUT_OPERATOR_UNION_12=2
	File Input Format Counters 
		Bytes Read=9591
2024-04-24T01:11:39,477  INFO [LocalJobRunner Map Task Executor #0] mapred.LocalJobRunner: Finishing task: attempt_local257645219_0077_m_000002_0
2024-04-24T01:11:39,477  INFO [LocalJobRunner Map Task Executor #0] mapred.LocalJobRunner: Starting task: attempt_local257645219_0077_m_000003_0
2024-04-24T01:11:39,478  INFO [LocalJobRunner Map Task Executor #0] mapred.Task:  Using ResourceCalculatorProcessTree : [ ]
2024-04-24T01:11:39,478  INFO [LocalJobRunner Map Task Executor #0] mapred.MapTask: Processing split: org.apache.hadoop.mapred.TextInputFormat:file:/home/alex/Repositories/hive/ql/target/tmp/org.apache.hadoop.hive.ql.TestTxnCommands-1713946100941/warehouse/source/000000_0:0+8
2024-04-24T01:11:39,479  INFO [LocalJobRunner Map Task Executor #0] exec.SerializationUtilities: Deserializing MapWork using kryo
2024-04-24T01:11:39,479  INFO [LocalJobRunner Map Task Executor #0] exec.Utilities: Deserialized plan (via FILE) - name: null size: 9,25KB
2024-04-24T01:11:39,480  INFO [LocalJobRunner Map Task Executor #0] mapred.MapTask: numReduceTasks: 1
2024-04-24T01:11:39,485  INFO [LocalJobRunner Map Task Executor #0] mapred.MapTask: (EQUATOR) 0 kvi 26214396(104857584)
2024-04-24T01:11:39,485  INFO [LocalJobRunner Map Task Executor #0] mapred.MapTask: mapreduce.task.io.sort.mb: 100
2024-04-24T01:11:39,485  INFO [LocalJobRunner Map Task Executor #0] mapred.MapTask: soft limit at 83886080
2024-04-24T01:11:39,485  INFO [LocalJobRunner Map Task Executor #0] mapred.MapTask: bufstart = 0; bufvoid = 104857600
2024-04-24T01:11:39,485  INFO [LocalJobRunner Map Task Executor #0] mapred.MapTask: kvstart = 26214396; length = 6553600
2024-04-24T01:11:39,485  INFO [LocalJobRunner Map Task Executor #0] mapred.MapTask: Map output collector class = org.apache.hadoop.mapred.MapTask$MapOutputBuffer
2024-04-24T01:11:39,485  INFO [LocalJobRunner Map Task Executor #0] exec.MapOperator: Initializing Operator: MAP[0]
2024-04-24T01:11:39,488  INFO [LocalJobRunner Map Task Executor #0] mr.ExecMapper: 
<MAP>Id =0
  <Children>null
    <TS>Id =58
      <Children>
        <UNION>Id =12
          <Children>
            <SEL>Id =13
              <Children>
                <RS>Id =17
                  <Children>
                  <\Children>
                  <Parent>Id = 13 null<\Parent>
                <\RS>
              <\Children>
              <Parent>Id = 12 null<\Parent>
            <\SEL>
          <\Children>
          <Parent>Id = 1 
        <SEL>Id =1
          <Children>null
          <\Children>
          <Parent>Id = 0 null<\Parent>
        <\SEL>Id = 58 null<\Parent>
        <\UNION>
      <\Children>
      <Parent>Id = 0 null<\Parent>
    <\TS>
    <TS>Id =14
      <Children>
        <FIL>Id =48
          <Children>
            <SEL>Id =16
              <Children>
                <RS>Id =18
                  <Children>
                  <\Children>
                  <Parent>Id = 16 null<\Parent>
                <\RS>
              <\Children>
              <Parent>Id = 48 null<\Parent>
            <\SEL>
          <\Children>
          <Parent>Id = 14 null<\Parent>
        <\FIL>
      <\Children>
      <Parent>Id = 0 null<\Parent>
    <\TS>
  <\Children>
  <Parent><\Parent>
<\MAP>
2024-04-24T01:11:39,488  INFO [LocalJobRunner Map Task Executor #0] exec.TableScanOperator: Initializing Operator: TS[0]
2024-04-24T01:11:39,488  INFO [LocalJobRunner Map Task Executor #0] exec.SelectOperator: Initializing Operator: SEL[1]
2024-04-24T01:11:39,488  INFO [LocalJobRunner Map Task Executor #0] exec.SelectOperator: SELECT struct<key:int,data:int>
2024-04-24T01:11:39,488  INFO [LocalJobRunner Map Task Executor #0] exec.TableScanOperator: Initializing Operator: TS[58]
2024-04-24T01:11:39,489  INFO [LocalJobRunner Map Task Executor #0] exec.UnionOperator: Initializing Operator: UNION[12]
2024-04-24T01:11:39,489  INFO [LocalJobRunner Map Task Executor #0] exec.UnionOperator: Union Operator needs to transform row from parent[0] from org.apache.hadoop.hive.serde2.objectinspector.StandardStructObjectInspector<org.apache.hadoop.hive.serde2.lazy.objectinspector.primitive.LazyIntObjectInspector@31a9eaa,org.apache.hadoop.hive.serde2.lazy.objectinspector.primitive.LazyIntObjectInspector@31a9eaa,org.apache.hadoop.hive.serde2.objectinspector.primitive.WritableConstantIntObjectInspector@706c99da> to org.apache.hadoop.hive.serde2.objectinspector.StandardStructObjectInspector<org.apache.hadoop.hive.serde2.objectinspector.primitive.WritableIntObjectInspector@6a2057e,org.apache.hadoop.hive.serde2.objectinspector.primitive.WritableIntObjectInspector@6a2057e,org.apache.hadoop.hive.serde2.objectinspector.primitive.WritableIntObjectInspector@6a2057e>
2024-04-24T01:11:39,489  INFO [LocalJobRunner Map Task Executor #0] exec.UnionOperator: Union Operator needs to transform row from parent[1] from org.apache.hadoop.hive.serde2.lazybinary.objectinspector.LazyBinaryStructObjectInspector<org.apache.hadoop.hive.serde2.objectinspector.primitive.WritableIntObjectInspector@6a2057e,org.apache.hadoop.hive.serde2.objectinspector.primitive.WritableIntObjectInspector@6a2057e,org.apache.hadoop.hive.serde2.objectinspector.primitive.WritableIntObjectInspector@6a2057e> to org.apache.hadoop.hive.serde2.objectinspector.StandardStructObjectInspector<org.apache.hadoop.hive.serde2.objectinspector.primitive.WritableIntObjectInspector@6a2057e,org.apache.hadoop.hive.serde2.objectinspector.primitive.WritableIntObjectInspector@6a2057e,org.apache.hadoop.hive.serde2.objectinspector.primitive.WritableIntObjectInspector@6a2057e>
2024-04-24T01:11:39,489  INFO [LocalJobRunner Map Task Executor #0] exec.SelectOperator: Initializing Operator: SEL[13]
2024-04-24T01:11:39,489  INFO [LocalJobRunner Map Task Executor #0] exec.SelectOperator: SELECT struct<_col0:int,_col1:int,_col2:int>
2024-04-24T01:11:39,489  INFO [LocalJobRunner Map Task Executor #0] exec.ReduceSinkOperator: Initializing Operator: RS[17]
2024-04-24T01:11:39,489  INFO [LocalJobRunner Map Task Executor #0] exec.ReduceSinkOperator: Using tag = 0
2024-04-24T01:11:39,489  INFO [LocalJobRunner Map Task Executor #0] exec.TableScanOperator: Initializing Operator: TS[14]
2024-04-24T01:11:39,489  INFO [LocalJobRunner Map Task Executor #0] exec.FilterOperator: Initializing Operator: FIL[48]
2024-04-24T01:11:39,489  INFO [LocalJobRunner Map Task Executor #0] exec.SelectOperator: Initializing Operator: SEL[16]
2024-04-24T01:11:39,489  INFO [LocalJobRunner Map Task Executor #0] exec.SelectOperator: SELECT struct<key:int,data:int,cur:int,row__id:struct<writeid:bigint,bucketid:int,rowid:bigint>>
2024-04-24T01:11:39,490  INFO [LocalJobRunner Map Task Executor #0] exec.ReduceSinkOperator: Initializing Operator: RS[18]
2024-04-24T01:11:39,490  INFO [LocalJobRunner Map Task Executor #0] exec.ReduceSinkOperator: Using tag = 1
2024-04-24T01:11:39,490  INFO [LocalJobRunner Map Task Executor #0] exec.ReduceSinkOperator: keys are [reducesinkkey0] num distributions: 1
2024-04-24T01:11:39,490  INFO [LocalJobRunner Map Task Executor #0] exec.ReduceSinkOperator: RS[17]: records written - 1
2024-04-24T01:11:39,490  INFO [LocalJobRunner Map Task Executor #0] exec.MapOperator: MAP[0]: records read - 1
2024-04-24T01:11:39,491  INFO [LocalJobRunner Map Task Executor #0] exec.MapOperator: Closing Operator: MAP[0]
2024-04-24T01:11:39,491  INFO [LocalJobRunner Map Task Executor #0] exec.MapOperator: MAP[0]: Total records read - 2. abort - false
2024-04-24T01:11:39,491  INFO [LocalJobRunner Map Task Executor #0] exec.MapOperator: RECORDS_IN:2, RECORDS_OUT_INTERMEDIATE:0, DESERIALIZE_ERRORS:0, RECORDS_OUT_OPERATOR_MAP_0:0, 
2024-04-24T01:11:39,491  INFO [LocalJobRunner Map Task Executor #0] exec.TableScanOperator: Closing Operator: TS[0]
2024-04-24T01:11:39,491  INFO [LocalJobRunner Map Task Executor #0] exec.TableScanOperator: RECORDS_OUT_OPERATOR_TS_0:2, RECORDS_OUT_INTERMEDIATE:0, 
2024-04-24T01:11:39,491  INFO [LocalJobRunner Map Task Executor #0] exec.SelectOperator: Closing Operator: SEL[1]
2024-04-24T01:11:39,491  INFO [LocalJobRunner Map Task Executor #0] exec.SelectOperator: RECORDS_OUT_OPERATOR_SEL_1:2, RECORDS_OUT_INTERMEDIATE:0, 
2024-04-24T01:11:39,491  INFO [LocalJobRunner Map Task Executor #0] exec.TableScanOperator: Closing Operator: TS[58]
2024-04-24T01:11:39,491  INFO [LocalJobRunner Map Task Executor #0] exec.TableScanOperator: RECORDS_OUT_OPERATOR_TS_58:0, RECORDS_OUT_INTERMEDIATE:0, 
2024-04-24T01:11:39,491  INFO [LocalJobRunner Map Task Executor #0] exec.UnionOperator: Closing Operator: UNION[12]
2024-04-24T01:11:39,491  INFO [LocalJobRunner Map Task Executor #0] exec.UnionOperator: RECORDS_OUT_INTERMEDIATE:0, RECORDS_OUT_OPERATOR_UNION_12:2, 
2024-04-24T01:11:39,491  INFO [LocalJobRunner Map Task Executor #0] exec.SelectOperator: Closing Operator: SEL[13]
2024-04-24T01:11:39,491  INFO [LocalJobRunner Map Task Executor #0] exec.SelectOperator: RECORDS_OUT_INTERMEDIATE:0, RECORDS_OUT_OPERATOR_SEL_13:2, 
2024-04-24T01:11:39,491  INFO [LocalJobRunner Map Task Executor #0] exec.ReduceSinkOperator: Closing Operator: RS[17]
2024-04-24T01:11:39,491  INFO [LocalJobRunner Map Task Executor #0] exec.ReduceSinkOperator: RS[17]: Total records written - 2. abort - false
2024-04-24T01:11:39,491  INFO [LocalJobRunner Map Task Executor #0] exec.ReduceSinkOperator: RECORDS_OUT_OPERATOR_RS_17:2, RECORDS_OUT_INTERMEDIATE:2, 
2024-04-24T01:11:39,491  INFO [LocalJobRunner Map Task Executor #0] exec.TableScanOperator: Closing Operator: TS[14]
2024-04-24T01:11:39,491  INFO [LocalJobRunner Map Task Executor #0] exec.TableScanOperator: RECORDS_OUT_INTERMEDIATE:0, RECORDS_OUT_OPERATOR_TS_14:0, 
2024-04-24T01:11:39,491  INFO [LocalJobRunner Map Task Executor #0] exec.FilterOperator: Closing Operator: FIL[48]
2024-04-24T01:11:39,491  INFO [LocalJobRunner Map Task Executor #0] exec.FilterOperator: RECORDS_OUT_OPERATOR_FIL_48:0, RECORDS_OUT_INTERMEDIATE:0, 
2024-04-24T01:11:39,491  INFO [LocalJobRunner Map Task Executor #0] exec.SelectOperator: Closing Operator: SEL[16]
2024-04-24T01:11:39,492  INFO [LocalJobRunner Map Task Executor #0] exec.SelectOperator: RECORDS_OUT_OPERATOR_SEL_16:0, RECORDS_OUT_INTERMEDIATE:0, 
2024-04-24T01:11:39,492  INFO [LocalJobRunner Map Task Executor #0] exec.ReduceSinkOperator: Closing Operator: RS[18]
2024-04-24T01:11:39,492  INFO [LocalJobRunner Map Task Executor #0] exec.ReduceSinkOperator: RS[18]: Total records written - 0. abort - false
2024-04-24T01:11:39,492  INFO [LocalJobRunner Map Task Executor #0] exec.ReduceSinkOperator: RECORDS_OUT_INTERMEDIATE:0, RECORDS_OUT_OPERATOR_RS_18:0, 
2024-04-24T01:11:39,493  INFO [LocalJobRunner Map Task Executor #0] mapred.LocalJobRunner: 
2024-04-24T01:11:39,493  INFO [LocalJobRunner Map Task Executor #0] mapred.MapTask: Starting flush of map output
2024-04-24T01:11:39,493  INFO [LocalJobRunner Map Task Executor #0] mapred.MapTask: Spilling map output
2024-04-24T01:11:39,493  INFO [LocalJobRunner Map Task Executor #0] mapred.MapTask: bufstart = 0; bufend = 36; bufvoid = 104857600
2024-04-24T01:11:39,493  INFO [LocalJobRunner Map Task Executor #0] mapred.MapTask: kvstart = 26214396(104857584); kvend = 26214392(104857568); length = 5/6553600
2024-04-24T01:11:39,500  INFO [LocalJobRunner Map Task Executor #0] mapred.MapTask: Finished spill 0
2024-04-24T01:11:39,503  INFO [LocalJobRunner Map Task Executor #0] mapred.Task: Task:attempt_local257645219_0077_m_000003_0 is done. And is in the process of committing
2024-04-24T01:11:39,503  INFO [LocalJobRunner Map Task Executor #0] mapred.LocalJobRunner: file:/home/alex/Repositories/hive/ql/target/tmp/org.apache.hadoop.hive.ql.TestTxnCommands-1713946100941/warehouse/source/000000_0:0+8
2024-04-24T01:11:39,503  INFO [LocalJobRunner Map Task Executor #0] mapred.Task: Task 'attempt_local257645219_0077_m_000003_0' done.
2024-04-24T01:11:39,504  INFO [LocalJobRunner Map Task Executor #0] mapred.Task: Final Counters for attempt_local257645219_0077_m_000003_0: Counters: 36
	File System Counters
		FILE: Number of bytes read=1749681
		FILE: Number of bytes written=96601626
		FILE: Number of read operations=0
		FILE: Number of large read operations=0
		FILE: Number of write operations=0
		HDFS: Number of bytes read=0
		HDFS: Number of bytes written=0
		HDFS: Number of read operations=0
		HDFS: Number of large read operations=0
		HDFS: Number of write operations=0
	Map-Reduce Framework
		Map input records=2
		Map output records=2
		Map output bytes=36
		Map output materialized bytes=46
		Input split bytes=285
		Combine input records=0
		Spilled Records=2
		Failed Shuffles=0
		Merged Map outputs=0
		GC time elapsed (ms)=0
		Total committed heap usage (bytes)=2093481984
	HIVE
		DESERIALIZE_ERRORS=0
		RECORDS_IN=2
		RECORDS_OUT_INTERMEDIATE=4
		RECORDS_OUT_OPERATOR_FIL_48=0
		RECORDS_OUT_OPERATOR_MAP_0=0
		RECORDS_OUT_OPERATOR_RS_17=4
		RECORDS_OUT_OPERATOR_RS_18=0
		RECORDS_OUT_OPERATOR_SEL_1=2
		RECORDS_OUT_OPERATOR_SEL_13=4
		RECORDS_OUT_OPERATOR_SEL_16=0
		RECORDS_OUT_OPERATOR_TS_0=2
		RECORDS_OUT_OPERATOR_TS_14=0
		RECORDS_OUT_OPERATOR_TS_58=0
		RECORDS_OUT_OPERATOR_UNION_12=4
	File Input Format Counters 
		Bytes Read=9359
2024-04-24T01:11:39,504  INFO [LocalJobRunner Map Task Executor #0] mapred.LocalJobRunner: Finishing task: attempt_local257645219_0077_m_000003_0
2024-04-24T01:11:39,504  INFO [Thread-6317] mapred.LocalJobRunner: map task executor complete.
2024-04-24T01:11:39,504  INFO [Thread-6317] mapred.LocalJobRunner: Waiting for reduce tasks
2024-04-24T01:11:39,505  INFO [pool-374-thread-1] mapred.LocalJobRunner: Starting task: attempt_local257645219_0077_r_000000_0
2024-04-24T01:11:39,505  INFO [pool-374-thread-1] mapred.Task:  Using ResourceCalculatorProcessTree : [ ]
2024-04-24T01:11:39,505  INFO [pool-374-thread-1] mapred.ReduceTask: Using ShuffleConsumerPlugin: org.apache.hadoop.mapreduce.task.reduce.Shuffle@25083ef9
2024-04-24T01:11:39,505  WARN [pool-374-thread-1] impl.MetricsSystemImpl: JobTracker metrics system already initialized!
2024-04-24T01:11:39,506  INFO [pool-374-thread-1] reduce.MergeManagerImpl: MergerManager: memoryLimit=1465437312, maxSingleShuffleLimit=366359328, mergeThreshold=967188672, ioSortFactor=10, memToMemMergeOutputsThreshold=10
2024-04-24T01:11:39,507  INFO [EventFetcher for fetching Map Completion Events] reduce.EventFetcher: attempt_local257645219_0077_r_000000_0 Thread started: EventFetcher for fetching Map Completion Events
2024-04-24T01:11:39,509  INFO [localfetcher#100] reduce.LocalFetcher: localfetcher#100 about to shuffle output of map attempt_local257645219_0077_m_000001_0 decomp: 33 len: 37 to MEMORY
2024-04-24T01:11:39,509  INFO [localfetcher#100] reduce.InMemoryMapOutput: Read 33 bytes from map-output for attempt_local257645219_0077_m_000001_0
2024-04-24T01:11:39,509  INFO [localfetcher#100] reduce.MergeManagerImpl: closeInMemoryFile -> map-output of size: 33, inMemoryMapOutputs.size() -> 1, commitMemory -> 0, usedMemory ->33
2024-04-24T01:11:39,512  INFO [localfetcher#100] reduce.LocalFetcher: localfetcher#100 about to shuffle output of map attempt_local257645219_0077_m_000003_0 decomp: 42 len: 46 to MEMORY
2024-04-24T01:11:39,512  INFO [localfetcher#100] reduce.InMemoryMapOutput: Read 42 bytes from map-output for attempt_local257645219_0077_m_000003_0
2024-04-24T01:11:39,512  INFO [localfetcher#100] reduce.MergeManagerImpl: closeInMemoryFile -> map-output of size: 42, inMemoryMapOutputs.size() -> 2, commitMemory -> 33, usedMemory ->75
2024-04-24T01:11:39,514  INFO [localfetcher#100] reduce.LocalFetcher: localfetcher#100 about to shuffle output of map attempt_local257645219_0077_m_000000_0 decomp: 33 len: 37 to MEMORY
2024-04-24T01:11:39,514  INFO [localfetcher#100] reduce.InMemoryMapOutput: Read 33 bytes from map-output for attempt_local257645219_0077_m_000000_0
2024-04-24T01:11:39,514  INFO [localfetcher#100] reduce.MergeManagerImpl: closeInMemoryFile -> map-output of size: 33, inMemoryMapOutputs.size() -> 3, commitMemory -> 75, usedMemory ->108
2024-04-24T01:11:39,516  INFO [localfetcher#100] reduce.LocalFetcher: localfetcher#100 about to shuffle output of map attempt_local257645219_0077_m_000002_0 decomp: 22 len: 26 to MEMORY
2024-04-24T01:11:39,516  INFO [localfetcher#100] reduce.InMemoryMapOutput: Read 22 bytes from map-output for attempt_local257645219_0077_m_000002_0
2024-04-24T01:11:39,516  INFO [localfetcher#100] reduce.MergeManagerImpl: closeInMemoryFile -> map-output of size: 22, inMemoryMapOutputs.size() -> 4, commitMemory -> 108, usedMemory ->130
2024-04-24T01:11:39,516  INFO [EventFetcher for fetching Map Completion Events] reduce.EventFetcher: EventFetcher is interrupted.. Returning
2024-04-24T01:11:39,517  INFO [pool-374-thread-1] mapred.LocalJobRunner: 4 / 4 copied.
2024-04-24T01:11:39,517  INFO [pool-374-thread-1] reduce.MergeManagerImpl: finalMerge called with 4 in-memory map-outputs and 0 on-disk map-outputs
2024-04-24T01:11:39,524  INFO [pool-374-thread-1] mapred.Merger: Merging 4 sorted segments
2024-04-24T01:11:39,524  INFO [pool-374-thread-1] mapred.Merger: Down to the last merge-pass, with 4 segments left of total size: 82 bytes
2024-04-24T01:11:39,530  INFO [pool-374-thread-1] reduce.MergeManagerImpl: Merged 4 segments, 130 bytes to disk to satisfy reduce memory limit
2024-04-24T01:11:39,531  INFO [pool-374-thread-1] reduce.MergeManagerImpl: Merging 1 files, 128 bytes from disk
2024-04-24T01:11:39,531  INFO [pool-374-thread-1] reduce.MergeManagerImpl: Merging 0 segments, 0 bytes from memory into reduce
2024-04-24T01:11:39,531  INFO [pool-374-thread-1] mapred.Merger: Merging 1 sorted segments
2024-04-24T01:11:39,531  INFO [pool-374-thread-1] mapred.Merger: Down to the last merge-pass, with 1 segments left of total size: 112 bytes
2024-04-24T01:11:39,532  INFO [pool-374-thread-1] mapred.LocalJobRunner: 4 / 4 copied.
2024-04-24T01:11:39,533  INFO [pool-374-thread-1] exec.SerializationUtilities: Deserializing ReduceWork using kryo
2024-04-24T01:11:39,535  INFO [pool-374-thread-1] exec.Utilities: Deserialized plan (via FILE) - name: null size: 12,11KB
2024-04-24T01:11:39,537  INFO [pool-374-thread-1] ExecReducer: 
<JOIN>Id =19
  <Children>
    <SEL>Id =20
      <Children>
        <FIL>Id =21
          <Children>
            <SEL>Id =22
              <Children>
                <FS>Id =49
                  <Children>
                  <\Children>
                  <Parent>Id = 22 null<\Parent>
                <\FS>
              <\Children>
              <Parent>Id = 21 null<\Parent>
            <\SEL>
          <\Children>
          <Parent>Id = 20 null<\Parent>
        <\FIL>
        <FIL>Id =28
          <Children>
            <SEL>Id =29
              <Children>
                <FS>Id =51
                  <Children>
                  <\Children>
                  <Parent>Id = 29 null<\Parent>
                <\FS>
              <\Children>
              <Parent>Id = 28 null<\Parent>
            <\SEL>
          <\Children>
          <Parent>Id = 20 null<\Parent>
        <\FIL>
        <FIL>Id =33
          <Children>
            <SEL>Id =34
              <Children>
                <FS>Id =53
                  <Children>
                  <\Children>
                  <Parent>Id = 34 null<\Parent>
                <\FS>
              <\Children>
              <Parent>Id = 33 null<\Parent>
            <\SEL>
          <\Children>
          <Parent>Id = 20 null<\Parent>
        <\FIL>
        <FIL>Id =38
          <Children>
            <SEL>Id =39
              <Children>
                <GBY>Id =40
                  <Children>
                    <FS>Id =55
                      <Children>
                      <\Children>
                      <Parent>Id = 40 null<\Parent>
                    <\FS>
                  <\Children>
                  <Parent>Id = 39 null<\Parent>
                <\GBY>
              <\Children>
              <Parent>Id = 38 null<\Parent>
            <\SEL>
          <\Children>
          <Parent>Id = 20 null<\Parent>
        <\FIL>
      <\Children>
      <Parent>Id = 19 null<\Parent>
    <\SEL>
  <\Children>
  <Parent><\Parent>
<\JOIN>
2024-04-24T01:11:39,537  INFO [pool-374-thread-1] exec.JoinOperator: Initializing Operator: JOIN[19]
2024-04-24T01:11:39,540  INFO [pool-374-thread-1] exec.CommonJoinOperator: JOIN struct<_col0:int,_col1:int,_col2:int,_col4:int,_col5:int,_col6:int,_col7:struct<writeid:bigint,bucketid:int,rowid:bigint>> totalsz = 7
2024-04-24T01:11:39,540  INFO [pool-374-thread-1] exec.SelectOperator: Initializing Operator: SEL[20]
2024-04-24T01:11:39,540  INFO [pool-374-thread-1] exec.SelectOperator: SELECT struct<_col0:int,_col1:int,_col2:int,_col4:int,_col5:int,_col6:int,_col7:struct<writeid:bigint,bucketid:int,rowid:bigint>>
2024-04-24T01:11:39,541  INFO [pool-374-thread-1] exec.FilterOperator: Initializing Operator: FIL[21]
2024-04-24T01:11:39,541  INFO [pool-374-thread-1] exec.SelectOperator: Initializing Operator: SEL[22]
2024-04-24T01:11:39,541  INFO [pool-374-thread-1] exec.SelectOperator: SELECT struct<_col0:int,_col1:int,_col2:int,_col3:int,_col4:int,_col5:int,_col6:struct<writeid:bigint,bucketid:int,rowid:bigint>>
2024-04-24T01:11:39,541  INFO [pool-374-thread-1] exec.FileSinkOperator: Initializing Operator: FS[49]
2024-04-24T01:11:39,542  INFO [pool-374-thread-1] exec.FileSinkOperator: Using serializer : AbstractSerDe [log=org.apache.logging.slf4j.Log4jLogger@4095c848, configuration=Optional[Configuration: core-default.xml, core-site.xml, mapred-default.xml, mapred-site.xml, yarn-default.xml, yarn-site.xml, hdfs-default.xml, hdfs-site.xml, file:/home/alex/Repositories/hive/ql/target/tmp/TestTxnCommandsWithSplitUpdateAndVectorization/mapred/local/localRunner/alex/job_local257645219_0077/job_local257645219_0077.xml], properties={columns=_col0, serialization.lib=org.apache.hadoop.hive.serde2.lazybinary.LazyBinarySerDe, columns.types=struct<writeid:bigint,bucketid:int,rowid:bigint>, escape.delim=\, column.name.delimiter=,}, tableProperties={columns=_col0, serialization.lib=org.apache.hadoop.hive.serde2.lazybinary.LazyBinarySerDe, columns.types=struct<writeid:bigint,bucketid:int,rowid:bigint>, column.name.delimiter=,, escape.delim=\}, partitionProperties=Optional.empty, columnNames=[_col0], columnTypes=[struct<writeid:bigint,bucketid:int,rowid:bigint>], getClass()=class org.apache.hadoop.hive.serde2.lazybinary.LazyBinarySerDe] and formatter : org.apache.hadoop.hive.ql.io.HiveSequenceFileOutputFormat@7f6af682
2024-04-24T01:11:39,542  INFO [pool-374-thread-1] exec.FilterOperator: Initializing Operator: FIL[28]
2024-04-24T01:11:39,543  INFO [pool-374-thread-1] exec.SelectOperator: Initializing Operator: SEL[29]
2024-04-24T01:11:39,543  INFO [pool-374-thread-1] exec.SelectOperator: SELECT struct<_col0:int,_col1:int,_col2:int,_col3:int,_col4:int,_col5:int,_col6:struct<writeid:bigint,bucketid:int,rowid:bigint>>
2024-04-24T01:11:39,543  INFO [pool-374-thread-1] exec.FileSinkOperator: Initializing Operator: FS[51]
2024-04-24T01:11:39,544  INFO [pool-374-thread-1] exec.FileSinkOperator: Using serializer : AbstractSerDe [log=org.apache.logging.slf4j.Log4jLogger@4095c848, configuration=Optional[Configuration: core-default.xml, core-site.xml, mapred-default.xml, mapred-site.xml, yarn-default.xml, yarn-site.xml, hdfs-default.xml, hdfs-site.xml, file:/home/alex/Repositories/hive/ql/target/tmp/TestTxnCommandsWithSplitUpdateAndVectorization/mapred/local/localRunner/alex/job_local257645219_0077/job_local257645219_0077.xml], properties={columns=_col0,_col1,_col2, serialization.lib=org.apache.hadoop.hive.serde2.lazybinary.LazyBinarySerDe, columns.types=int,int,int, escape.delim=\, column.name.delimiter=,}, tableProperties={columns=_col0,_col1,_col2, serialization.lib=org.apache.hadoop.hive.serde2.lazybinary.LazyBinarySerDe, columns.types=int,int,int, column.name.delimiter=,, escape.delim=\}, partitionProperties=Optional.empty, columnNames=[_col0, _col1, _col2], columnTypes=[int, int, int], getClass()=class org.apache.hadoop.hive.serde2.lazybinary.LazyBinarySerDe] and formatter : org.apache.hadoop.hive.ql.io.HiveSequenceFileOutputFormat@77bf2623
2024-04-24T01:11:39,544  INFO [pool-374-thread-1] exec.FilterOperator: Initializing Operator: FIL[33]
2024-04-24T01:11:39,545  INFO [pool-374-thread-1] exec.SelectOperator: Initializing Operator: SEL[34]
2024-04-24T01:11:39,545  INFO [pool-374-thread-1] exec.SelectOperator: SELECT struct<_col0:int,_col1:int,_col2:int,_col3:int,_col4:int,_col5:int,_col6:struct<writeid:bigint,bucketid:int,rowid:bigint>>
2024-04-24T01:11:39,545  INFO [pool-374-thread-1] exec.FileSinkOperator: Initializing Operator: FS[53]
2024-04-24T01:11:39,546  INFO [pool-374-thread-1] exec.FileSinkOperator: Using serializer : AbstractSerDe [log=org.apache.logging.slf4j.Log4jLogger@4095c848, configuration=Optional[Configuration: core-default.xml, core-site.xml, mapred-default.xml, mapred-site.xml, yarn-default.xml, yarn-site.xml, hdfs-default.xml, hdfs-site.xml, file:/home/alex/Repositories/hive/ql/target/tmp/TestTxnCommandsWithSplitUpdateAndVectorization/mapred/local/localRunner/alex/job_local257645219_0077/job_local257645219_0077.xml], properties={columns=_col0,_col1,_col2, serialization.lib=org.apache.hadoop.hive.serde2.lazybinary.LazyBinarySerDe, columns.types=int,int,int, escape.delim=\, column.name.delimiter=,}, tableProperties={columns=_col0,_col1,_col2, serialization.lib=org.apache.hadoop.hive.serde2.lazybinary.LazyBinarySerDe, columns.types=int,int,int, column.name.delimiter=,, escape.delim=\}, partitionProperties=Optional.empty, columnNames=[_col0, _col1, _col2], columnTypes=[int, int, int], getClass()=class org.apache.hadoop.hive.serde2.lazybinary.LazyBinarySerDe] and formatter : org.apache.hadoop.hive.ql.io.HiveSequenceFileOutputFormat@67f85d
2024-04-24T01:11:39,546  INFO [pool-374-thread-1] exec.FilterOperator: Initializing Operator: FIL[38]
2024-04-24T01:11:39,547  INFO [pool-374-thread-1] exec.SelectOperator: Initializing Operator: SEL[39]
2024-04-24T01:11:39,547  INFO [pool-374-thread-1] exec.SelectOperator: SELECT struct<_col0:int,_col1:int,_col2:int,_col3:int,_col4:int,_col5:int,_col6:struct<writeid:bigint,bucketid:int,rowid:bigint>>
2024-04-24T01:11:39,547  INFO [pool-374-thread-1] exec.GroupByOperator: Initializing Operator: GBY[40]
2024-04-24T01:11:39,548  INFO [pool-374-thread-1] exec.GroupByOperator: Max hash table memory: 1046740992 bytes
2024-04-24T01:11:39,548  INFO [pool-374-thread-1] exec.GroupByOperator: isTez: false isLlap: false numExecutors: 1 maxMemory: 2093481984
2024-04-24T01:11:39,549  INFO [pool-374-thread-1] exec.FileSinkOperator: Initializing Operator: FS[55]
2024-04-24T01:11:39,549  INFO [pool-374-thread-1] exec.FileSinkOperator: Using serializer : AbstractSerDe [log=org.apache.logging.slf4j.Log4jLogger@4095c848, configuration=Optional[Configuration: core-default.xml, core-site.xml, mapred-default.xml, mapred-site.xml, yarn-default.xml, yarn-site.xml, hdfs-default.xml, hdfs-site.xml, file:/home/alex/Repositories/hive/ql/target/tmp/TestTxnCommandsWithSplitUpdateAndVectorization/mapred/local/localRunner/alex/job_local257645219_0077/job_local257645219_0077.xml], properties={columns=_col0,_col1, serialization.lib=org.apache.hadoop.hive.serde2.lazybinary.LazyBinarySerDe, columns.types=struct<writeid:bigint,bucketid:int,rowid:bigint>,bigint, escape.delim=\, column.name.delimiter=,}, tableProperties={columns=_col0,_col1, serialization.lib=org.apache.hadoop.hive.serde2.lazybinary.LazyBinarySerDe, columns.types=struct<writeid:bigint,bucketid:int,rowid:bigint>,bigint, column.name.delimiter=,, escape.delim=\}, partitionProperties=Optional.empty, columnNames=[_col0, _col1], columnTypes=[struct<writeid:bigint,bucketid:int,rowid:bigint>, bigint], getClass()=class org.apache.hadoop.hive.serde2.lazybinary.LazyBinarySerDe] and formatter : org.apache.hadoop.hive.ql.io.HiveSequenceFileOutputFormat@11bce298
2024-04-24T01:11:39,551  INFO [pool-374-thread-1] exec.CommonJoinOperator: Table 0 has 1 rows for join key [1]
2024-04-24T01:11:39,551  INFO [pool-374-thread-1] exec.FileSinkOperator: Final Path: FS file:/home/alex/Repositories/hive/ql/target/tmp/localscratchdir/f8b04dbc-625a-4530-ace9-c9b171c687c0/hive_2024-04-24_01-11-37_014_2306414603969023444-1/_tmp.-mr-10006/000000_0
2024-04-24T01:11:39,551  INFO [pool-374-thread-1] exec.FileSinkOperator: Writing to temp file: FS file:/home/alex/Repositories/hive/ql/target/tmp/localscratchdir/f8b04dbc-625a-4530-ace9-c9b171c687c0/hive_2024-04-24_01-11-37_014_2306414603969023444-1/_task_tmp.-mr-10006/_tmp.000000_0
2024-04-24T01:11:39,551  INFO [pool-374-thread-1] exec.FileSinkOperator: New Final Path: FS file:/home/alex/Repositories/hive/ql/target/tmp/localscratchdir/f8b04dbc-625a-4530-ace9-c9b171c687c0/hive_2024-04-24_01-11-37_014_2306414603969023444-1/_tmp.-mr-10006/000000_0
2024-04-24T01:11:39,562  INFO [pool-374-thread-1] exec.FileSinkOperator: FS[49]: records written - 1
2024-04-24T01:11:39,562  INFO [pool-374-thread-1] exec.FileSinkOperator: Final Path: FS file:/home/alex/Repositories/hive/ql/target/tmp/localscratchdir/f8b04dbc-625a-4530-ace9-c9b171c687c0/hive_2024-04-24_01-11-37_014_2306414603969023444-1/_tmp.-mr-10007/000000_0
2024-04-24T01:11:39,562  INFO [pool-374-thread-1] exec.FileSinkOperator: Writing to temp file: FS file:/home/alex/Repositories/hive/ql/target/tmp/localscratchdir/f8b04dbc-625a-4530-ace9-c9b171c687c0/hive_2024-04-24_01-11-37_014_2306414603969023444-1/_task_tmp.-mr-10007/_tmp.000000_0
2024-04-24T01:11:39,562  INFO [pool-374-thread-1] exec.FileSinkOperator: New Final Path: FS file:/home/alex/Repositories/hive/ql/target/tmp/localscratchdir/f8b04dbc-625a-4530-ace9-c9b171c687c0/hive_2024-04-24_01-11-37_014_2306414603969023444-1/_tmp.-mr-10007/000000_0
2024-04-24T01:11:39,570  INFO [pool-374-thread-1] exec.FileSinkOperator: FS[51]: records written - 1
2024-04-24T01:11:39,570  INFO [pool-374-thread-1] exec.FileSinkOperator: Final Path: FS file:/home/alex/Repositories/hive/ql/target/tmp/localscratchdir/f8b04dbc-625a-4530-ace9-c9b171c687c0/hive_2024-04-24_01-11-37_014_2306414603969023444-1/_tmp.-mr-10008/000000_0
2024-04-24T01:11:39,571  INFO [pool-374-thread-1] exec.FileSinkOperator: Writing to temp file: FS file:/home/alex/Repositories/hive/ql/target/tmp/localscratchdir/f8b04dbc-625a-4530-ace9-c9b171c687c0/hive_2024-04-24_01-11-37_014_2306414603969023444-1/_task_tmp.-mr-10008/_tmp.000000_0
2024-04-24T01:11:39,571  INFO [pool-374-thread-1] exec.FileSinkOperator: New Final Path: FS file:/home/alex/Repositories/hive/ql/target/tmp/localscratchdir/f8b04dbc-625a-4530-ace9-c9b171c687c0/hive_2024-04-24_01-11-37_014_2306414603969023444-1/_tmp.-mr-10008/000000_0
2024-04-24T01:11:39,578  INFO [pool-374-thread-1] exec.FileSinkOperator: FS[53]: records written - 1
2024-04-24T01:11:39,578  INFO [pool-374-thread-1] exec.JoinOperator: Closing Operator: JOIN[19]
2024-04-24T01:11:39,578  INFO [pool-374-thread-1] exec.JoinOperator: SKEWJOINFOLLOWUPJOBS:0, RECORDS_OUT_OPERATOR_JOIN_19:3, RECORDS_OUT_INTERMEDIATE:0, 
2024-04-24T01:11:39,578  INFO [pool-374-thread-1] exec.SelectOperator: Closing Operator: SEL[20]
2024-04-24T01:11:39,578  INFO [pool-374-thread-1] exec.SelectOperator: RECORDS_OUT_INTERMEDIATE:0, RECORDS_OUT_OPERATOR_SEL_20:3, 
2024-04-24T01:11:39,579  INFO [pool-374-thread-1] exec.FilterOperator: Closing Operator: FIL[21]
2024-04-24T01:11:39,579  INFO [pool-374-thread-1] exec.FilterOperator: RECORDS_OUT_INTERMEDIATE:0, RECORDS_OUT_OPERATOR_FIL_21:1, 
2024-04-24T01:11:39,579  INFO [pool-374-thread-1] exec.SelectOperator: Closing Operator: SEL[22]
2024-04-24T01:11:39,579  INFO [pool-374-thread-1] exec.SelectOperator: RECORDS_OUT_INTERMEDIATE:0, RECORDS_OUT_OPERATOR_SEL_22:1, 
2024-04-24T01:11:39,579  INFO [pool-374-thread-1] exec.FileSinkOperator: Closing Operator: FS[49]
2024-04-24T01:11:39,579  INFO [pool-374-thread-1] exec.FileSinkOperator: FS[49]: records written - 1
2024-04-24T01:11:39,579  INFO [pool-374-thread-1] exec.FileSinkOperator: RECORDS_OUT_0:1, RECORDS_OUT_OPERATOR_FS_49:1, RECORDS_OUT_INTERMEDIATE:0, 
2024-04-24T01:11:39,579  INFO [pool-374-thread-1] exec.FilterOperator: Closing Operator: FIL[28]
2024-04-24T01:11:39,579  INFO [pool-374-thread-1] exec.FilterOperator: RECORDS_OUT_OPERATOR_FIL_28:1, RECORDS_OUT_INTERMEDIATE:0, 
2024-04-24T01:11:39,579  INFO [pool-374-thread-1] exec.SelectOperator: Closing Operator: SEL[29]
2024-04-24T01:11:39,579  INFO [pool-374-thread-1] exec.SelectOperator: RECORDS_OUT_INTERMEDIATE:0, RECORDS_OUT_OPERATOR_SEL_29:1, 
2024-04-24T01:11:39,580  INFO [pool-374-thread-1] exec.FileSinkOperator: Closing Operator: FS[51]
2024-04-24T01:11:39,580  INFO [pool-374-thread-1] exec.FileSinkOperator: FS[51]: records written - 1
2024-04-24T01:11:39,580  INFO [pool-374-thread-1] exec.FileSinkOperator: RECORDS_OUT_0:1, RECORDS_OUT_OPERATOR_FS_51:1, RECORDS_OUT_INTERMEDIATE:0, 
2024-04-24T01:11:39,580  INFO [pool-374-thread-1] exec.FilterOperator: Closing Operator: FIL[33]
2024-04-24T01:11:39,580  INFO [pool-374-thread-1] exec.FilterOperator: RECORDS_OUT_OPERATOR_FIL_33:2, RECORDS_OUT_INTERMEDIATE:0, 
2024-04-24T01:11:39,580  INFO [pool-374-thread-1] exec.SelectOperator: Closing Operator: SEL[34]
2024-04-24T01:11:39,580  INFO [pool-374-thread-1] exec.SelectOperator: RECORDS_OUT_OPERATOR_SEL_34:2, RECORDS_OUT_INTERMEDIATE:0, 
2024-04-24T01:11:39,580  INFO [pool-374-thread-1] exec.FileSinkOperator: Closing Operator: FS[53]
2024-04-24T01:11:39,580  INFO [pool-374-thread-1] exec.FileSinkOperator: FS[53]: records written - 2
2024-04-24T01:11:39,580  INFO [pool-374-thread-1] exec.FileSinkOperator: RECORDS_OUT_OPERATOR_FS_53:2, RECORDS_OUT_INTERMEDIATE:0, RECORDS_OUT_0:2, 
2024-04-24T01:11:39,580  INFO [pool-374-thread-1] exec.FilterOperator: Closing Operator: FIL[38]
2024-04-24T01:11:39,580  INFO [pool-374-thread-1] exec.FilterOperator: RECORDS_OUT_INTERMEDIATE:0, RECORDS_OUT_OPERATOR_FIL_38:1, 
2024-04-24T01:11:39,581  INFO [pool-374-thread-1] exec.SelectOperator: Closing Operator: SEL[39]
2024-04-24T01:11:39,581  INFO [pool-374-thread-1] exec.SelectOperator: RECORDS_OUT_INTERMEDIATE:0, RECORDS_OUT_OPERATOR_SEL_39:1, 
2024-04-24T01:11:39,581  INFO [pool-374-thread-1] exec.GroupByOperator: Closing Operator: GBY[40]
2024-04-24T01:11:39,581  INFO [pool-374-thread-1] exec.GroupByOperator: Begin Hash Table flush: size = 1
2024-04-24T01:11:39,581  INFO [pool-374-thread-1] exec.FileSinkOperator: Final Path: FS file:/home/alex/Repositories/hive/ql/target/tmp/localscratchdir/f8b04dbc-625a-4530-ace9-c9b171c687c0/hive_2024-04-24_01-11-37_014_2306414603969023444-1/_tmp.-mr-10009/000000_0
2024-04-24T01:11:39,581  INFO [pool-374-thread-1] exec.FileSinkOperator: Writing to temp file: FS file:/home/alex/Repositories/hive/ql/target/tmp/localscratchdir/f8b04dbc-625a-4530-ace9-c9b171c687c0/hive_2024-04-24_01-11-37_014_2306414603969023444-1/_task_tmp.-mr-10009/_tmp.000000_0
2024-04-24T01:11:39,581  INFO [pool-374-thread-1] exec.FileSinkOperator: New Final Path: FS file:/home/alex/Repositories/hive/ql/target/tmp/localscratchdir/f8b04dbc-625a-4530-ace9-c9b171c687c0/hive_2024-04-24_01-11-37_014_2306414603969023444-1/_tmp.-mr-10009/000000_0
2024-04-24T01:11:39,588  INFO [pool-374-thread-1] exec.FileSinkOperator: FS[55]: records written - 1
2024-04-24T01:11:39,588  INFO [pool-374-thread-1] exec.GroupByOperator: RECORDS_OUT_OPERATOR_GBY_40:1, RECORDS_OUT_INTERMEDIATE:0, 
2024-04-24T01:11:39,588  INFO [pool-374-thread-1] exec.FileSinkOperator: Closing Operator: FS[55]
2024-04-24T01:11:39,588  INFO [pool-374-thread-1] exec.FileSinkOperator: FS[55]: records written - 1
2024-04-24T01:11:39,588  INFO [pool-374-thread-1] exec.FileSinkOperator: RECORDS_OUT_INTERMEDIATE:0, RECORDS_OUT_OPERATOR_FS_55:1, RECORDS_OUT_0:1, 
2024-04-24T01:11:39,589  INFO [pool-374-thread-1] mapred.Task: Task:attempt_local257645219_0077_r_000000_0 is done. And is in the process of committing
2024-04-24T01:11:39,589  INFO [pool-374-thread-1] mapred.LocalJobRunner: reduce > reduce
2024-04-24T01:11:39,590  INFO [pool-374-thread-1] mapred.Task: Task 'attempt_local257645219_0077_r_000000_0' done.
2024-04-24T01:11:39,590  INFO [pool-374-thread-1] mapred.Task: Final Counters for attempt_local257645219_0077_r_000000_0: Counters: 48
	File System Counters
		FILE: Number of bytes read=1762297
		FILE: Number of bytes written=96602305
		FILE: Number of read operations=0
		FILE: Number of large read operations=0
		FILE: Number of write operations=0
		HDFS: Number of bytes read=0
		HDFS: Number of bytes written=0
		HDFS: Number of read operations=0
		HDFS: Number of large read operations=0
		HDFS: Number of write operations=0
	Map-Reduce Framework
		Combine input records=0
		Combine output records=0
		Reduce input groups=5
		Reduce shuffle bytes=146
		Reduce input records=5
		Reduce output records=0
		Spilled Records=5
		Shuffled Maps =4
		Failed Shuffles=0
		Merged Map outputs=4
		GC time elapsed (ms)=0
		Total committed heap usage (bytes)=2093481984
	HIVE
		CREATED_FILES=4
		RECORDS_OUT_0=5
		RECORDS_OUT_INTERMEDIATE=0
		RECORDS_OUT_OPERATOR_FIL_21=1
		RECORDS_OUT_OPERATOR_FIL_28=1
		RECORDS_OUT_OPERATOR_FIL_33=2
		RECORDS_OUT_OPERATOR_FIL_38=1
		RECORDS_OUT_OPERATOR_FS_49=1
		RECORDS_OUT_OPERATOR_FS_51=1
		RECORDS_OUT_OPERATOR_FS_53=2
		RECORDS_OUT_OPERATOR_FS_55=1
		RECORDS_OUT_OPERATOR_GBY_40=1
		RECORDS_OUT_OPERATOR_JOIN_19=3
		RECORDS_OUT_OPERATOR_SEL_20=3
		RECORDS_OUT_OPERATOR_SEL_22=1
		RECORDS_OUT_OPERATOR_SEL_29=1
		RECORDS_OUT_OPERATOR_SEL_34=2
		RECORDS_OUT_OPERATOR_SEL_39=1
		SKEWJOINFOLLOWUPJOBS=0
	Shuffle Errors
		BAD_ID=0
		CONNECTION=0
		IO_ERROR=0
		WRONG_LENGTH=0
		WRONG_MAP=0
		WRONG_REDUCE=0
	File Output Format Counters 
		Bytes Written=0
2024-04-24T01:11:39,590  INFO [pool-374-thread-1] mapred.LocalJobRunner: Finishing task: attempt_local257645219_0077_r_000000_0
2024-04-24T01:11:39,590  INFO [Thread-6317] mapred.LocalJobRunner: reduce task executor complete.
2024-04-24 01:11:40,351 Stage-5 map = 100%,  reduce = 100%
2024-04-24T01:11:40,351  INFO [main] exec.Task: 2024-04-24 01:11:40,351 Stage-5 map = 100%,  reduce = 100%
Ended Job = job_local257645219_0077
2024-04-24T01:11:40,352  INFO [main] exec.Task: Ended Job = job_local257645219_0077
Launching Job 3 out of 6
2024-04-24T01:11:40,358  INFO [main] ql.Driver: Launching Job 3 out of 6
2024-04-24T01:11:40,484  INFO [main] ql.Driver: Starting task [Stage-6:MAPRED] in serial mode
Number of reduce tasks determined at compile time: 2
2024-04-24T01:11:40,484  INFO [main] exec.Task: Number of reduce tasks determined at compile time: 2
In order to change the average load for a reducer (in bytes):
2024-04-24T01:11:40,484  INFO [main] exec.Task: In order to change the average load for a reducer (in bytes):
  set hive.exec.reducers.bytes.per.reducer=<number>
2024-04-24T01:11:40,484  INFO [main] exec.Task:   set hive.exec.reducers.bytes.per.reducer=<number>
In order to limit the maximum number of reducers:
2024-04-24T01:11:40,484  INFO [main] exec.Task: In order to limit the maximum number of reducers:
  set hive.exec.reducers.max=<number>
2024-04-24T01:11:40,484  INFO [main] exec.Task:   set hive.exec.reducers.max=<number>
In order to set a constant number of reducers:
2024-04-24T01:11:40,484  INFO [main] exec.Task: In order to set a constant number of reducers:
  set mapreduce.job.reduces=<number>
2024-04-24T01:11:40,484  INFO [main] exec.Task:   set mapreduce.job.reduces=<number>
2024-04-24T01:11:40,486  INFO [main] mr.ExecDriver: Using org.apache.hadoop.hive.ql.io.HiveInputFormat
2024-04-24T01:11:40,486  INFO [main] exec.Utilities: Processing alias file:/home/alex/Repositories/hive/ql/target/tmp/localscratchdir/f8b04dbc-625a-4530-ace9-c9b171c687c0/hive_2024-04-24_01-11-37_014_2306414603969023444-1/-mr-10006
2024-04-24T01:11:40,486  INFO [main] exec.Utilities: Adding 1 inputs; the first input is file:/home/alex/Repositories/hive/ql/target/tmp/localscratchdir/f8b04dbc-625a-4530-ace9-c9b171c687c0/hive_2024-04-24_01-11-37_014_2306414603969023444-1/-mr-10006
2024-04-24T01:11:40,495  INFO [main] exec.SerializationUtilities: Serializing MapWork using kryo
2024-04-24T01:11:40,496  INFO [main] exec.Utilities: Serialized plan (via FILE) - name: null size: 4,68KB
2024-04-24T01:11:40,501  INFO [main] exec.SerializationUtilities: Serializing ReduceWork using kryo
2024-04-24T01:11:40,501  INFO [main] exec.Utilities: Serialized plan (via FILE) - name: null size: 5,64KB
2024-04-24T01:11:40,502  WARN [main] impl.MetricsSystemImpl: JobTracker metrics system already initialized!
2024-04-24T01:11:40,506  INFO [main] fs.FSStatsPublisher: created : file:/home/alex/Repositories/hive/ql/target/tmp/localscratchdir/f8b04dbc-625a-4530-ace9-c9b171c687c0/hive_2024-04-24_01-11-37_014_2306414603969023444-1/-mr-10001
2024-04-24T01:11:40,508  WARN [main] impl.MetricsSystemImpl: JobTracker metrics system already initialized!
2024-04-24T01:11:40,515  WARN [main] mapreduce.JobResourceUploader: Hadoop command-line option parsing not performed. Implement the Tool interface and execute your application with ToolRunner to remedy this.
2024-04-24T01:11:40,519  WARN [main] mapreduce.JobResourceUploader: No job jar file set.  User classes may not be found. See Job or Job#setJar(String).
2024-04-24T01:11:40,520  INFO [main] io.HiveInputFormat: hive.io.file.readcolumn.ids = 0
2024-04-24T01:11:40,520  INFO [main] io.HiveInputFormat: hive.io.file.readcolumn.names = _col0
2024-04-24T01:11:40,520  INFO [main] io.HiveInputFormat: Generating splits for dirs: file:/home/alex/Repositories/hive/ql/target/tmp/localscratchdir/f8b04dbc-625a-4530-ace9-c9b171c687c0/hive_2024-04-24_01-11-37_014_2306414603969023444-1/-mr-10006
2024-04-24T01:11:40,524  INFO [main] mapred.FileInputFormat: Total input files to process : 1
2024-04-24T01:11:40,524  INFO [main] io.HiveInputFormat: number of splits 1
2024-04-24T01:11:40,540  INFO [main] mapreduce.JobSubmitter: number of splits:1
2024-04-24T01:11:40,560  INFO [main] mapreduce.JobSubmitter: Submitting tokens for job: job_local916585089_0078
2024-04-24T01:11:40,560  INFO [main] mapreduce.JobSubmitter: Executing with tokens: []
2024-04-24T01:11:40,623  INFO [main] mapreduce.Job: The url to track the job: http://localhost:8080/
Job running in-process (local Hadoop)
2024-04-24T01:11:40,623  INFO [main] exec.Task: Job running in-process (local Hadoop)
2024-04-24T01:11:40,623  INFO [Thread-6383] mapred.LocalJobRunner: OutputCommitter set in config org.apache.hadoop.hive.ql.io.HiveFileFormatUtils$NullOutputCommitter
2024-04-24T01:11:40,624  INFO [Thread-6383] mapred.LocalJobRunner: OutputCommitter is org.apache.hadoop.hive.ql.io.HiveFileFormatUtils$NullOutputCommitter
2024-04-24T01:11:40,625  INFO [Thread-6383] mapred.LocalJobRunner: Waiting for map tasks
2024-04-24T01:11:40,625  INFO [LocalJobRunner Map Task Executor #0] mapred.LocalJobRunner: Starting task: attempt_local916585089_0078_m_000000_0
2024-04-24T01:11:40,626  INFO [LocalJobRunner Map Task Executor #0] mapred.Task:  Using ResourceCalculatorProcessTree : [ ]
2024-04-24T01:11:40,626  INFO [LocalJobRunner Map Task Executor #0] mapred.MapTask: Processing split: org.apache.hadoop.mapred.SequenceFileInputFormat:file:/home/alex/Repositories/hive/ql/target/tmp/localscratchdir/f8b04dbc-625a-4530-ace9-c9b171c687c0/hive_2024-04-24_01-11-37_014_2306414603969023444-1/-mr-10006/000000_0:0+125
2024-04-24T01:11:40,627  INFO [LocalJobRunner Map Task Executor #0] exec.SerializationUtilities: Deserializing MapWork using kryo
2024-04-24T01:11:40,627  INFO [LocalJobRunner Map Task Executor #0] exec.Utilities: Deserialized plan (via FILE) - name: null size: 4,68KB
2024-04-24T01:11:40,628  INFO [LocalJobRunner Map Task Executor #0] mapred.MapTask: numReduceTasks: 2
2024-04-24T01:11:40,647  INFO [LocalJobRunner Map Task Executor #0] mapred.MapTask: (EQUATOR) 0 kvi 26214396(104857584)
2024-04-24T01:11:40,647  INFO [LocalJobRunner Map Task Executor #0] mapred.MapTask: mapreduce.task.io.sort.mb: 100
2024-04-24T01:11:40,647  INFO [LocalJobRunner Map Task Executor #0] mapred.MapTask: soft limit at 83886080
2024-04-24T01:11:40,647  INFO [LocalJobRunner Map Task Executor #0] mapred.MapTask: bufstart = 0; bufvoid = 104857600
2024-04-24T01:11:40,647  INFO [LocalJobRunner Map Task Executor #0] mapred.MapTask: kvstart = 26214396; length = 6553600
2024-04-24T01:11:40,647  INFO [LocalJobRunner Map Task Executor #0] mapred.MapTask: Map output collector class = org.apache.hadoop.mapred.MapTask$MapOutputBuffer
2024-04-24T01:11:40,648  INFO [LocalJobRunner Map Task Executor #0] vector.VectorMapOperator: Initializing Operator: MAP[0]
2024-04-24T01:11:40,648  INFO [LocalJobRunner Map Task Executor #0] mr.ExecMapper: 
<MAP>Id =0
  <Children>
    <TS>Id =50
      <Children>
        <RS>Id =59
          <Children>
          <\Children>
          <Parent>Id = 50 null<\Parent>
        <\RS>
      <\Children>
      <Parent><\Parent>
    <\TS>
  <\Children>
  <Parent><\Parent>
<\MAP>
2024-04-24T01:11:40,649  INFO [LocalJobRunner Map Task Executor #0] exec.TableScanOperator: Initializing Operator: TS[50]
2024-04-24T01:11:40,649  INFO [LocalJobRunner Map Task Executor #0] vector.VectorReduceSinkOperator: Initializing Operator: RS[59]
2024-04-24T01:11:40,649  INFO [LocalJobRunner Map Task Executor #0] vector.VectorReduceSinkOperator: Using tag = -1
2024-04-24T01:11:40,650  INFO [LocalJobRunner Map Task Executor #0] vector.VectorMapOperator: Closing Operator: MAP[0]
2024-04-24T01:11:40,650  INFO [LocalJobRunner Map Task Executor #0] vector.VectorReduceSinkOperator: keys are [reducesinkkey0] num distributions: 1
2024-04-24T01:11:40,651 ERROR [LocalJobRunner Map Task Executor #0] mr.ExecMapper: Hit error while closing operators - failing tree
2024-04-24T01:11:40,651  INFO [Thread-6383] mapred.LocalJobRunner: map task executor complete.
2024-04-24T01:11:40,651  WARN [Thread-6383] mapred.LocalJobRunner: job_local916585089_0078
java.lang.Exception: java.lang.RuntimeException: Hive Runtime Error while closing operators
	at org.apache.hadoop.mapred.LocalJobRunner$Job.runTasks(LocalJobRunner.java:492) ~[hadoop-mapreduce-client-common-3.1.0.jar:?]
	at org.apache.hadoop.mapred.LocalJobRunner$Job.run(LocalJobRunner.java:552) [hadoop-mapreduce-client-common-3.1.0.jar:?]
Caused by: java.lang.RuntimeException: Hive Runtime Error while closing operators
	at org.apache.hadoop.hive.ql.exec.mr.ExecMapper.close(ExecMapper.java:205) ~[classes/:?]
	at org.apache.hadoop.mapred.MapRunner.run(MapRunner.java:61) ~[hadoop-mapreduce-client-core-3.1.0.jar:?]
	at org.apache.hadoop.hive.ql.exec.mr.ExecMapRunner.run(ExecMapRunner.java:37) ~[classes/:?]
	at org.apache.hadoop.mapred.MapTask.runOldMapper(MapTask.java:465) ~[hadoop-mapreduce-client-core-3.1.0.jar:?]
	at org.apache.hadoop.mapred.MapTask.run(MapTask.java:349) ~[hadoop-mapreduce-client-core-3.1.0.jar:?]
	at org.apache.hadoop.mapred.LocalJobRunner$Job$MapTaskRunnable.run(LocalJobRunner.java:271) ~[hadoop-mapreduce-client-common-3.1.0.jar:?]
	at java.util.concurrent.Executors$RunnableAdapter.call(Executors.java:511) ~[?:1.8.0_402]
	at java.util.concurrent.FutureTask.run(FutureTask.java:266) ~[?:1.8.0_402]
	at java.util.concurrent.ThreadPoolExecutor.runWorker(ThreadPoolExecutor.java:1149) ~[?:1.8.0_402]
	at java.util.concurrent.ThreadPoolExecutor$Worker.run(ThreadPoolExecutor.java:624) ~[?:1.8.0_402]
	at java.lang.Thread.run(Thread.java:750) ~[?:1.8.0_402]
Caused by: org.apache.hadoop.hive.ql.exec.NoMatchingMethodException: No matching method for class org.apache.hadoop.hive.ql.udf.UDFToInteger with (struct<writeid:bigint,bucketid:int,rowid:bigint>). Possible choices: _FUNC_(bigint)  _FUNC_(boolean)  _FUNC_(decimal(38,18))  _FUNC_(double)  _FUNC_(float)  _FUNC_(smallint)  _FUNC_(string)  _FUNC_(struct<rowid:bigint,writeid:bigint,bucketid:int>)  _FUNC_(timestamp)  _FUNC_(tinyint)  _FUNC_(void)  
	at org.apache.hadoop.hive.ql.exec.MethodUtils.getMethodInternal(MethodUtils.java:130) ~[classes/:?]
	at org.apache.hadoop.hive.ql.exec.MethodUtils.getMethodInternal(MethodUtils.java:60) ~[classes/:?]
	at org.apache.hadoop.hive.ql.exec.DefaultUDFMethodResolver.getEvalMethod(DefaultUDFMethodResolver.java:59) ~[classes/:?]
	at org.apache.hadoop.hive.ql.udf.TimestampCastRestrictorResolver.getEvalMethod(TimestampCastRestrictorResolver.java:68) ~[classes/:?]
	at org.apache.hadoop.hive.ql.udf.generic.GenericUDFBridge.initialize(GenericUDFBridge.java:168) ~[classes/:?]
	at org.apache.hadoop.hive.ql.udf.generic.GenericUDF.initializeAndFoldConstants(GenericUDF.java:149) ~[classes/:?]
	at org.apache.hadoop.hive.ql.exec.ExprNodeGenericFuncEvaluator.initialize(ExprNodeGenericFuncEvaluator.java:184) ~[classes/:?]
	at org.apache.hadoop.hive.ql.exec.Operator.initEvaluators(Operator.java:1073) ~[classes/:?]
	at org.apache.hadoop.hive.ql.exec.ReduceSinkOperator.process(ReduceSinkOperator.java:307) ~[classes/:?]
	at org.apache.hadoop.hive.ql.exec.vector.VectorReduceSinkOperator.process(VectorReduceSinkOperator.java:115) ~[classes/:?]
	at org.apache.hadoop.hive.ql.exec.Operator.vectorForward(Operator.java:919) ~[classes/:?]
	at org.apache.hadoop.hive.ql.exec.TableScanOperator.process(TableScanOperator.java:171) ~[classes/:?]
	at org.apache.hadoop.hive.ql.exec.vector.VectorMapOperator.closeOp(VectorMapOperator.java:1010) ~[classes/:?]
	at org.apache.hadoop.hive.ql.exec.Operator.close(Operator.java:686) ~[classes/:?]
	at org.apache.hadoop.hive.ql.exec.mr.ExecMapper.close(ExecMapper.java:187) ~[classes/:?]
	at org.apache.hadoop.mapred.MapRunner.run(MapRunner.java:61) ~[hadoop-mapreduce-client-core-3.1.0.jar:?]
	at org.apache.hadoop.hive.ql.exec.mr.ExecMapRunner.run(ExecMapRunner.java:37) ~[classes/:?]
	at org.apache.hadoop.mapred.MapTask.runOldMapper(MapTask.java:465) ~[hadoop-mapreduce-client-core-3.1.0.jar:?]
	at org.apache.hadoop.mapred.MapTask.run(MapTask.java:349) ~[hadoop-mapreduce-client-core-3.1.0.jar:?]
	at org.apache.hadoop.mapred.LocalJobRunner$Job$MapTaskRunnable.run(LocalJobRunner.java:271) ~[hadoop-mapreduce-client-common-3.1.0.jar:?]
	at java.util.concurrent.Executors$RunnableAdapter.call(Executors.java:511) ~[?:1.8.0_402]
	at java.util.concurrent.FutureTask.run(FutureTask.java:266) ~[?:1.8.0_402]
	at java.util.concurrent.ThreadPoolExecutor.runWorker(ThreadPoolExecutor.java:1149) ~[?:1.8.0_402]
	at java.util.concurrent.ThreadPoolExecutor$Worker.run(ThreadPoolExecutor.java:624) ~[?:1.8.0_402]
	at java.lang.Thread.run(Thread.java:750) ~[?:1.8.0_402]
2024-04-24T01:11:41,624  WARN [main] mapreduce.Counters: Group org.apache.hadoop.mapred.Task$Counter is deprecated. Use org.apache.hadoop.mapreduce.TaskCounter instead
2024-04-24 01:11:41,624 Stage-6 map = 0%,  reduce = 0%
2024-04-24T01:11:41,625  INFO [main] exec.Task: 2024-04-24 01:11:41,624 Stage-6 map = 0%,  reduce = 0%
2024-04-24T01:11:41,625  WARN [main] mapreduce.Counters: Group org.apache.hadoop.mapred.Task$Counter is deprecated. Use org.apache.hadoop.mapreduce.TaskCounter instead
Ended Job = job_local916585089_0078 with errors
2024-04-24T01:11:41,625 ERROR [main] exec.Task: Ended Job = job_local916585089_0078 with errors
Error during job, obtaining debugging information...
2024-04-24T01:11:41,626 ERROR [Thread-6388] exec.Task: Error during job, obtaining debugging information...
2024-04-24T01:11:41,629  INFO [main] FileOperations: Deleting file:/home/alex/Repositories/hive/ql/target/tmp/org.apache.hadoop.hive.ql.TestTxnCommands-1713946100941/warehouse/target/_tmp.delete_delta_0000002_0000002_0000 on failure
FAILED: Execution Error, return code 2 from org.apache.hadoop.hive.ql.exec.mr.MapRedTask
2024-04-24T01:11:41,630 ERROR [main] ql.Driver: FAILED: Execution Error, return code 2 from org.apache.hadoop.hive.ql.exec.mr.MapRedTask
2024-04-24T01:11:41,630  INFO [main] metadata.Hive: Dumping metastore api call timing information for : execution phase
2024-04-24T01:11:41,630  INFO [main] metadata.Hive: Total time spent in each metastore function (ms): {}
MapReduce Jobs Launched: 
2024-04-24T01:11:41,631  INFO [main] ql.Driver: MapReduce Jobs Launched: 
Stage-Stage-14:  HDFS Read: 0 HDFS Write: 0 SUCCESS
2024-04-24T01:11:41,631  INFO [main] ql.Driver: Stage-Stage-14:  HDFS Read: 0 HDFS Write: 0 SUCCESS
Stage-Stage-5:  HDFS Read: 0 HDFS Write: 0 SUCCESS
2024-04-24T01:11:41,631  INFO [main] ql.Driver: Stage-Stage-5:  HDFS Read: 0 HDFS Write: 0 SUCCESS
2024-04-24T01:11:41,632  WARN [main] mapreduce.Counters: Group FileSystemCounters is deprecated. Use org.apache.hadoop.mapreduce.FileSystemCounter instead
Stage-Stage-6:  HDFS Read: 0 HDFS Write: 0 FAIL
2024-04-24T01:11:41,632  INFO [main] ql.Driver: Stage-Stage-6:  HDFS Read: 0 HDFS Write: 0 FAIL
Total MapReduce CPU Time Spent: 0 msec
2024-04-24T01:11:41,632  INFO [main] ql.Driver: Total MapReduce CPU Time Spent: 0 msec
2024-04-24T01:11:41,632  INFO [main] ql.Driver: Completed executing command(queryId=alex_20240424011136_5518b988-27e8-4116-bc9c-77ce94727a4f); Time taken: 3.882 seconds
2024-04-24T01:11:41,632  INFO [main] lockmgr.DbTxnManager: Stopped heartbeat for query: alex_20240424011136_5518b988-27e8-4116-bc9c-77ce94727a4f
2024-04-24T01:11:41,635  INFO [main] txn.TxnHandler: Removed transactions: ([19]) from MIN_HISTORY_LEVEL
2024-04-24T01:11:41,643  INFO [main] ql.TxnCommandsBaseForTests: Running the query: drop table if exists acidTbl
2024-04-24T01:11:41,643  INFO [main] ql.Context: Deleting scratch dir: file:/home/alex/Repositories/hive/ql/target/tmp/localscratchdir/f8b04dbc-625a-4530-ace9-c9b171c687c0/hive_2024-04-24_01-11-37_014_2306414603969023444-1
2024-04-24T01:11:41,645  INFO [main] cleanup.SyncCleanupService: Deleted directory: file:/home/alex/Repositories/hive/ql/target/tmp/localscratchdir/f8b04dbc-625a-4530-ace9-c9b171c687c0/hive_2024-04-24_01-11-37_014_2306414603969023444-1 on fs with scheme file
2024-04-24T01:11:41,645  INFO [main] ql.Context: Deleting scratch dir: file:/home/alex/Repositories/hive/ql/target/tmp/scratchdir/alex/f8b04dbc-625a-4530-ace9-c9b171c687c0/_tmp_space.db/merge_tmp_table/.hive-staging_hive_2024-04-24_01-11-37_014_2306414603969023444-1
2024-04-24T01:11:41,645  INFO [main] cleanup.SyncCleanupService: Deleted directory: file:/home/alex/Repositories/hive/ql/target/tmp/scratchdir/alex/f8b04dbc-625a-4530-ace9-c9b171c687c0/_tmp_space.db/merge_tmp_table/.hive-staging_hive_2024-04-24_01-11-37_014_2306414603969023444-1 on fs with scheme file
2024-04-24T01:11:41,645  INFO [main] ql.Context: Deleting scratch dir: file:/home/alex/Repositories/hive/ql/target/tmp/localscratchdir/f8b04dbc-625a-4530-ace9-c9b171c687c0/hive_2024-04-24_01-11-36_997_333183995621186394-1
2024-04-24T01:11:41,646  INFO [main] cleanup.SyncCleanupService: Deleted directory: file:/home/alex/Repositories/hive/ql/target/tmp/localscratchdir/f8b04dbc-625a-4530-ace9-c9b171c687c0/hive_2024-04-24_01-11-36_997_333183995621186394-1 on fs with scheme file
2024-04-24T01:11:41,646  INFO [main] ql.Driver: Compiling command(queryId=alex_20240424011141_dadf3b2f-b87d-437c-8e67-41f0b5052ffa): drop table if exists acidTbl
2024-04-24T01:11:41,649  INFO [main] txn.TxnHandler: Added entries to MIN_HISTORY_LEVEL for current txns: ([20]) with min_open_txn: 20
2024-04-24T01:11:41,649  INFO [main] lockmgr.DbTxnManager: Opened txnid:20
2024-04-24T01:11:41,649  INFO [main] HiveMetaStore.audit: ugi=alex	ip=unknown-ip-addr	cmd=get_table : tbl=hive.default.acidTbl	
2024-04-24T01:11:41,656  INFO [main] metastore.HMSHandler: Skipping translation for processor with null
2024-04-24T01:11:41,656  INFO [main] ql.Driver: Semantic Analysis Completed (retrial = false)
2024-04-24T01:11:41,656  INFO [main] ql.Driver: Created Hive schema: Schema(fieldSchemas:null, properties:null)
2024-04-24T01:11:41,656  INFO [main] metadata.Hive: Dumping metastore api call timing information for : compilation phase
2024-04-24T01:11:41,657  INFO [main] metadata.Hive: Total time spent in each metastore function (ms): {getTable_(GetTableRequest)=7, isCompatibleWith_(Configuration)=1, getValidTxns_(long)=0, flushCache_()=0, openTxn_(String, TxnType)=2, rollbackTxn_(long)=11}
2024-04-24T01:11:41,657  INFO [main] ql.Driver: Completed compiling command(queryId=alex_20240424011141_dadf3b2f-b87d-437c-8e67-41f0b5052ffa); Time taken: 0.01 seconds
2024-04-24T01:11:41,657  INFO [main] lockmgr.DbTxnManager: Setting lock request transaction to txnid:20 for queryId=alex_20240424011141_dadf3b2f-b87d-437c-8e67-41f0b5052ffa
2024-04-24T01:11:41,657  INFO [main] lockmgr.DbLockManager: Requesting lock for queryId=alex_20240424011141_dadf3b2f-b87d-437c-8e67-41f0b5052ffa
2024-04-24T01:11:41,672  INFO [main] lockmgr.DbLockManager: Response to queryId=alex_20240424011141_dadf3b2f-b87d-437c-8e67-41f0b5052ffa LockResponse(lockid:14, state:ACQUIRED)
2024-04-24T01:11:41,672  INFO [main] ql.Driver: Operation DROPTABLE obtained 1 locks
2024-04-24T01:11:41,672  INFO [main] ql.Driver: Executing command(queryId=alex_20240424011141_dadf3b2f-b87d-437c-8e67-41f0b5052ffa): drop table if exists acidTbl
2024-04-24T01:11:41,673  INFO [main] ql.Driver: Starting task [Stage-0:DDL] in serial mode
2024-04-24T01:11:41,673  INFO [main] HiveMetaStore.audit: ugi=alex	ip=unknown-ip-addr	cmd=get_table : tbl=hive.default.acidTbl	
2024-04-24T01:11:41,679  INFO [main] metastore.HMSHandler: Skipping translation for processor with null
2024-04-24T01:11:41,679  INFO [main] HiveMetaStore.audit: ugi=alex	ip=unknown-ip-addr	cmd=get_table : tbl=hive.default.acidTbl	
2024-04-24T01:11:41,685  INFO [main] metastore.HMSHandler: Skipping translation for processor with null
2024-04-24T01:11:41,685  INFO [main] HiveMetaStore.audit: ugi=alex	ip=unknown-ip-addr	cmd=drop_table : tbl=hive.default.acidTbl	
2024-04-24T01:11:41,782  INFO [main] metadata.Hive: Dumping metastore api call timing information for : execution phase
2024-04-24T01:11:41,782  INFO [main] metadata.Hive: Total time spent in each metastore function (ms): {isCompatibleWith_(Configuration)=0, dropTable_(String, String, boolean, boolean, boolean)=103, getTable_(GetTableRequest)=6}
2024-04-24T01:11:41,782  INFO [main] ql.Driver: Completed executing command(queryId=alex_20240424011141_dadf3b2f-b87d-437c-8e67-41f0b5052ffa); Time taken: 0.11 seconds
2024-04-24T01:11:41,782  INFO [main] lockmgr.DbTxnManager: Stopped heartbeat for query: alex_20240424011141_dadf3b2f-b87d-437c-8e67-41f0b5052ffa
2024-04-24T01:11:41,787  INFO [main] txn.TxnHandler: Expected to move at least one record from txn_components to completed_txn_components when committing txn! txnid:20
2024-04-24T01:11:41,793  INFO [main] txn.TxnHandler: Removed transactions: ([20]) from MIN_HISTORY_LEVEL
2024-04-24T01:11:41,795  WARN [main] txn.CompactionTxnHandler: No compaction queue record found for Compaction type transaction commit. txnId:20
2024-04-24T01:11:41,795  INFO [main] ql.TxnCommandsBaseForTests: Running the query: drop table if exists acidTblPart
2024-04-24T01:11:41,796  INFO [main] ql.Driver: Compiling command(queryId=alex_20240424011141_0184c193-eca4-436e-9789-148d2084c907): drop table if exists acidTblPart
2024-04-24T01:11:41,798  INFO [main] txn.TxnHandler: Added entries to MIN_HISTORY_LEVEL for current txns: ([21]) with min_open_txn: 20
2024-04-24T01:11:41,798  INFO [main] lockmgr.DbTxnManager: Opened txnid:21
2024-04-24T01:11:41,799  INFO [main] HiveMetaStore.audit: ugi=alex	ip=unknown-ip-addr	cmd=get_table : tbl=hive.default.acidTblPart	
2024-04-24T01:11:41,809  INFO [main] metastore.HMSHandler: Skipping translation for processor with null
2024-04-24T01:11:41,809  INFO [main] ql.Driver: Semantic Analysis Completed (retrial = false)
2024-04-24T01:11:41,809  INFO [main] ql.Driver: Created Hive schema: Schema(fieldSchemas:null, properties:null)
2024-04-24T01:11:41,809  INFO [main] metadata.Hive: Dumping metastore api call timing information for : compilation phase
2024-04-24T01:11:41,809  INFO [main] metadata.Hive: Total time spent in each metastore function (ms): {getTable_(GetTableRequest)=10, openTxn_(String, TxnType)=2, getValidTxns_(long)=1, flushCache_()=0, commitTxn_(CommitTxnRequest)=12, isCompatibleWith_(Configuration)=1}
2024-04-24T01:11:41,809  INFO [main] ql.Driver: Completed compiling command(queryId=alex_20240424011141_0184c193-eca4-436e-9789-148d2084c907); Time taken: 0.013 seconds
2024-04-24T01:11:41,809  INFO [main] lockmgr.DbTxnManager: Setting lock request transaction to txnid:21 for queryId=alex_20240424011141_0184c193-eca4-436e-9789-148d2084c907
2024-04-24T01:11:41,810  INFO [main] lockmgr.DbLockManager: Requesting lock for queryId=alex_20240424011141_0184c193-eca4-436e-9789-148d2084c907
2024-04-24T01:11:41,824  INFO [main] lockmgr.DbLockManager: Response to queryId=alex_20240424011141_0184c193-eca4-436e-9789-148d2084c907 LockResponse(lockid:15, state:ACQUIRED)
2024-04-24T01:11:41,824  INFO [main] ql.Driver: Operation DROPTABLE obtained 1 locks
2024-04-24T01:11:41,824  INFO [main] ql.Driver: Executing command(queryId=alex_20240424011141_0184c193-eca4-436e-9789-148d2084c907): drop table if exists acidTblPart
2024-04-24T01:11:41,824  INFO [main] ql.Driver: Starting task [Stage-0:DDL] in serial mode
2024-04-24T01:11:41,825  INFO [main] HiveMetaStore.audit: ugi=alex	ip=unknown-ip-addr	cmd=get_table : tbl=hive.default.acidTblPart	
2024-04-24T01:11:41,831  INFO [main] metastore.HMSHandler: Skipping translation for processor with null
2024-04-24T01:11:41,831  INFO [main] HiveMetaStore.audit: ugi=alex	ip=unknown-ip-addr	cmd=get_table : tbl=hive.default.acidTblPart	
2024-04-24T01:11:41,837  INFO [main] metastore.HMSHandler: Skipping translation for processor with null
2024-04-24T01:11:41,837  INFO [main] HiveMetaStore.audit: ugi=alex	ip=unknown-ip-addr	cmd=drop_table : tbl=hive.default.acidTblPart	
2024-04-24T01:11:41,875  INFO [main] metadata.Hive: Dumping metastore api call timing information for : execution phase
2024-04-24T01:11:41,876  INFO [main] metadata.Hive: Total time spent in each metastore function (ms): {getTable_(GetTableRequest)=6, dropTable_(String, String, boolean, boolean, boolean)=44, isCompatibleWith_(Configuration)=0}
2024-04-24T01:11:41,876  INFO [main] ql.Driver: Completed executing command(queryId=alex_20240424011141_0184c193-eca4-436e-9789-148d2084c907); Time taken: 0.051 seconds
2024-04-24T01:11:41,876  INFO [main] lockmgr.DbTxnManager: Stopped heartbeat for query: alex_20240424011141_0184c193-eca4-436e-9789-148d2084c907
2024-04-24T01:11:41,880  INFO [main] txn.TxnHandler: Expected to move at least one record from txn_components to completed_txn_components when committing txn! txnid:21
2024-04-24T01:11:41,887  INFO [main] txn.TxnHandler: Removed transactions: ([21]) from MIN_HISTORY_LEVEL
2024-04-24T01:11:41,887  WARN [main] txn.CompactionTxnHandler: No compaction queue record found for Compaction type transaction commit. txnId:21
2024-04-24T01:11:41,887  INFO [main] ql.TxnCommandsBaseForTests: Running the query: drop table if exists acidTbl2
2024-04-24T01:11:41,888  INFO [main] ql.Driver: Compiling command(queryId=alex_20240424011141_1216394f-fad7-4122-b922-3447ad8c0bde): drop table if exists acidTbl2
2024-04-24T01:11:41,890  INFO [main] txn.TxnHandler: Added entries to MIN_HISTORY_LEVEL for current txns: ([22]) with min_open_txn: 20
2024-04-24T01:11:41,890  INFO [main] lockmgr.DbTxnManager: Opened txnid:22
2024-04-24T01:11:41,891  INFO [main] ql.Driver: Semantic Analysis Completed (retrial = false)
2024-04-24T01:11:41,891  INFO [main] ql.Driver: Created Hive schema: Schema(fieldSchemas:null, properties:null)
2024-04-24T01:11:41,891  INFO [main] metadata.Hive: Dumping metastore api call timing information for : compilation phase
2024-04-24T01:11:41,891  INFO [main] metadata.Hive: Total time spent in each metastore function (ms): {openTxn_(String, TxnType)=2, commitTxn_(CommitTxnRequest)=11, getTable_(GetTableRequest)=0, isCompatibleWith_(Configuration)=0, getValidTxns_(long)=1, flushCache_()=0}
2024-04-24T01:11:41,892  INFO [main] ql.Driver: Completed compiling command(queryId=alex_20240424011141_1216394f-fad7-4122-b922-3447ad8c0bde); Time taken: 0.004 seconds
2024-04-24T01:11:41,892  INFO [main] lockmgr.DbTxnManager: Setting lock request transaction to txnid:22 for queryId=alex_20240424011141_1216394f-fad7-4122-b922-3447ad8c0bde
2024-04-24T01:11:41,892  INFO [main] ql.Driver: Operation DROPTABLE obtained 0 locks
2024-04-24T01:11:41,892  INFO [main] ql.Driver: Executing command(queryId=alex_20240424011141_1216394f-fad7-4122-b922-3447ad8c0bde): drop table if exists acidTbl2
2024-04-24T01:11:41,892  INFO [main] ql.Driver: Starting task [Stage-0:DDL] in serial mode
2024-04-24T01:11:41,893  INFO [main] metadata.SessionHiveMetaStoreClient: Column stats doesn't exist for db=default temp table=acidTbl2
2024-04-24T01:11:41,893  INFO [main] metadata.Hive: Dumping metastore api call timing information for : execution phase
2024-04-24T01:11:41,893  INFO [main] metadata.Hive: Total time spent in each metastore function (ms): {isCompatibleWith_(Configuration)=0, getTable_(GetTableRequest)=0, dropTable_(String, String, boolean, boolean, boolean)=1}
2024-04-24T01:11:41,893  INFO [main] ql.Driver: Completed executing command(queryId=alex_20240424011141_1216394f-fad7-4122-b922-3447ad8c0bde); Time taken: 0.001 seconds
2024-04-24T01:11:41,893  INFO [main] lockmgr.DbTxnManager: Stopped heartbeat for query: alex_20240424011141_1216394f-fad7-4122-b922-3447ad8c0bde
2024-04-24T01:11:41,899  INFO [main] txn.TxnHandler: Expected to move at least one record from txn_components to completed_txn_components when committing txn! txnid:22
2024-04-24T01:11:41,906  INFO [main] txn.TxnHandler: Removed transactions: ([22]) from MIN_HISTORY_LEVEL
2024-04-24T01:11:41,906  WARN [main] txn.CompactionTxnHandler: No compaction queue record found for Compaction type transaction commit. txnId:22
2024-04-24T01:11:41,907  INFO [main] ql.TxnCommandsBaseForTests: Running the query: drop table if exists nonAcidOrcTbl
2024-04-24T01:11:41,907  INFO [main] ql.Driver: Compiling command(queryId=alex_20240424011141_9bf8dbe3-7ce2-4c5e-9e69-924932e3909b): drop table if exists nonAcidOrcTbl
2024-04-24T01:11:41,909  INFO [main] txn.TxnHandler: Added entries to MIN_HISTORY_LEVEL for current txns: ([23]) with min_open_txn: 20
2024-04-24T01:11:41,910  INFO [main] lockmgr.DbTxnManager: Opened txnid:23
2024-04-24T01:11:41,911  INFO [main] HiveMetaStore.audit: ugi=alex	ip=unknown-ip-addr	cmd=get_table : tbl=hive.default.nonAcidOrcTbl	
2024-04-24T01:11:41,932  INFO [main] metastore.HMSHandler: Skipping translation for processor with null
2024-04-24T01:11:41,933  INFO [main] ql.Driver: Semantic Analysis Completed (retrial = false)
2024-04-24T01:11:41,933  INFO [main] ql.Driver: Created Hive schema: Schema(fieldSchemas:null, properties:null)
2024-04-24T01:11:41,933  INFO [main] metadata.Hive: Dumping metastore api call timing information for : compilation phase
2024-04-24T01:11:41,933  INFO [main] metadata.Hive: Total time spent in each metastore function (ms): {openTxn_(String, TxnType)=3, commitTxn_(CommitTxnRequest)=13, getTable_(GetTableRequest)=23, isCompatibleWith_(Configuration)=0, flushCache_()=0, getValidTxns_(long)=0}
2024-04-24T01:11:41,933  INFO [main] ql.Driver: Completed compiling command(queryId=alex_20240424011141_9bf8dbe3-7ce2-4c5e-9e69-924932e3909b); Time taken: 0.026 seconds
2024-04-24T01:11:41,933  INFO [main] lockmgr.DbTxnManager: Setting lock request transaction to txnid:23 for queryId=alex_20240424011141_9bf8dbe3-7ce2-4c5e-9e69-924932e3909b
2024-04-24T01:11:41,934  INFO [main] lockmgr.DbLockManager: Requesting lock for queryId=alex_20240424011141_9bf8dbe3-7ce2-4c5e-9e69-924932e3909b
2024-04-24T01:11:41,950  INFO [main] lockmgr.DbLockManager: Response to queryId=alex_20240424011141_9bf8dbe3-7ce2-4c5e-9e69-924932e3909b LockResponse(lockid:16, state:ACQUIRED)
2024-04-24T01:11:41,950  INFO [main] ql.Driver: Operation DROPTABLE obtained 1 locks
2024-04-24T01:11:41,950  INFO [main] ql.Driver: Executing command(queryId=alex_20240424011141_9bf8dbe3-7ce2-4c5e-9e69-924932e3909b): drop table if exists nonAcidOrcTbl
2024-04-24T01:11:41,950  INFO [main] ql.Driver: Starting task [Stage-0:DDL] in serial mode
2024-04-24T01:11:41,950  INFO [main] HiveMetaStore.audit: ugi=alex	ip=unknown-ip-addr	cmd=get_table : tbl=hive.default.nonAcidOrcTbl	
2024-04-24T01:11:41,971  INFO [main] metastore.HMSHandler: Skipping translation for processor with null
2024-04-24T01:11:41,971  INFO [main] HiveMetaStore.audit: ugi=alex	ip=unknown-ip-addr	cmd=get_table : tbl=hive.default.nonAcidOrcTbl	
2024-04-24T01:11:41,978  INFO [main] metastore.HMSHandler: Skipping translation for processor with null
2024-04-24T01:11:41,978  INFO [main] HiveMetaStore.audit: ugi=alex	ip=unknown-ip-addr	cmd=drop_table : tbl=hive.default.nonAcidOrcTbl	
2024-04-24T01:11:42,013  INFO [main] metadata.Hive: Dumping metastore api call timing information for : execution phase
2024-04-24T01:11:42,013  INFO [main] metadata.Hive: Total time spent in each metastore function (ms): {getTable_(GetTableRequest)=21, dropTable_(String, String, boolean, boolean, boolean)=42, isCompatibleWith_(Configuration)=0}
2024-04-24T01:11:42,013  INFO [main] ql.Driver: Completed executing command(queryId=alex_20240424011141_9bf8dbe3-7ce2-4c5e-9e69-924932e3909b); Time taken: 0.063 seconds
2024-04-24T01:11:42,013  INFO [main] lockmgr.DbTxnManager: Stopped heartbeat for query: alex_20240424011141_9bf8dbe3-7ce2-4c5e-9e69-924932e3909b
2024-04-24T01:11:42,018  INFO [main] txn.TxnHandler: Expected to move at least one record from txn_components to completed_txn_components when committing txn! txnid:23
2024-04-24T01:11:42,025  INFO [main] txn.TxnHandler: Removed transactions: ([23]) from MIN_HISTORY_LEVEL
2024-04-24T01:11:42,025  WARN [main] txn.CompactionTxnHandler: No compaction queue record found for Compaction type transaction commit. txnId:23
2024-04-24T01:11:42,025  INFO [main] ql.TxnCommandsBaseForTests: Running the query: drop table if exists nonAcidOrcTbl2
2024-04-24T01:11:42,026  INFO [main] ql.Driver: Compiling command(queryId=alex_20240424011142_3a26ba64-9265-4c00-bb5f-ae8b2c9d549c): drop table if exists nonAcidOrcTbl2
2024-04-24T01:11:42,028  INFO [main] txn.TxnHandler: Added entries to MIN_HISTORY_LEVEL for current txns: ([24]) with min_open_txn: 20
2024-04-24T01:11:42,028  INFO [main] lockmgr.DbTxnManager: Opened txnid:24
2024-04-24T01:11:42,029  INFO [main] HiveMetaStore.audit: ugi=alex	ip=unknown-ip-addr	cmd=get_table : tbl=hive.default.nonAcidOrcTbl2	
2024-04-24T01:11:42,038  INFO [main] metastore.HMSHandler: Skipping translation for processor with null
2024-04-24T01:11:42,038  INFO [main] ql.Driver: Semantic Analysis Completed (retrial = false)
2024-04-24T01:11:42,038  INFO [main] ql.Driver: Created Hive schema: Schema(fieldSchemas:null, properties:null)
2024-04-24T01:11:42,038  INFO [main] metadata.Hive: Dumping metastore api call timing information for : compilation phase
2024-04-24T01:11:42,038  INFO [main] metadata.Hive: Total time spent in each metastore function (ms): {commitTxn_(CommitTxnRequest)=12, getTable_(GetTableRequest)=9, openTxn_(String, TxnType)=2, flushCache_()=0, isCompatibleWith_(Configuration)=1, getValidTxns_(long)=0}
2024-04-24T01:11:42,038  INFO [main] ql.Driver: Completed compiling command(queryId=alex_20240424011142_3a26ba64-9265-4c00-bb5f-ae8b2c9d549c); Time taken: 0.012 seconds
2024-04-24T01:11:42,038  INFO [main] lockmgr.DbTxnManager: Setting lock request transaction to txnid:24 for queryId=alex_20240424011142_3a26ba64-9265-4c00-bb5f-ae8b2c9d549c
2024-04-24T01:11:42,039  INFO [main] lockmgr.DbLockManager: Requesting lock for queryId=alex_20240424011142_3a26ba64-9265-4c00-bb5f-ae8b2c9d549c
2024-04-24T01:11:42,059  INFO [main] lockmgr.DbLockManager: Response to queryId=alex_20240424011142_3a26ba64-9265-4c00-bb5f-ae8b2c9d549c LockResponse(lockid:17, state:ACQUIRED)
2024-04-24T01:11:42,059  INFO [main] ql.Driver: Operation DROPTABLE obtained 1 locks
2024-04-24T01:11:42,059  INFO [main] ql.Driver: Executing command(queryId=alex_20240424011142_3a26ba64-9265-4c00-bb5f-ae8b2c9d549c): drop table if exists nonAcidOrcTbl2
2024-04-24T01:11:42,059  INFO [main] ql.Driver: Starting task [Stage-0:DDL] in serial mode
2024-04-24T01:11:42,059  INFO [main] HiveMetaStore.audit: ugi=alex	ip=unknown-ip-addr	cmd=get_table : tbl=hive.default.nonAcidOrcTbl2	
2024-04-24T01:11:42,068  INFO [main] metastore.HMSHandler: Skipping translation for processor with null
2024-04-24T01:11:42,068  INFO [main] HiveMetaStore.audit: ugi=alex	ip=unknown-ip-addr	cmd=get_table : tbl=hive.default.nonAcidOrcTbl2	
2024-04-24T01:11:42,075  INFO [main] metastore.HMSHandler: Skipping translation for processor with null
2024-04-24T01:11:42,076  INFO [main] HiveMetaStore.audit: ugi=alex	ip=unknown-ip-addr	cmd=drop_table : tbl=hive.default.nonAcidOrcTbl2	
2024-04-24T01:11:42,102  INFO [main] metadata.Hive: Dumping metastore api call timing information for : execution phase
2024-04-24T01:11:42,102  INFO [main] metadata.Hive: Total time spent in each metastore function (ms): {dropTable_(String, String, boolean, boolean, boolean)=34, isCompatibleWith_(Configuration)=0, getTable_(GetTableRequest)=9}
2024-04-24T01:11:42,102  INFO [main] ql.Driver: Completed executing command(queryId=alex_20240424011142_3a26ba64-9265-4c00-bb5f-ae8b2c9d549c); Time taken: 0.043 seconds
2024-04-24T01:11:42,102  INFO [main] lockmgr.DbTxnManager: Stopped heartbeat for query: alex_20240424011142_3a26ba64-9265-4c00-bb5f-ae8b2c9d549c
2024-04-24T01:11:42,107  INFO [main] txn.TxnHandler: Expected to move at least one record from txn_components to completed_txn_components when committing txn! txnid:24
2024-04-24T01:11:42,113  INFO [main] txn.TxnHandler: Removed transactions: ([24]) from MIN_HISTORY_LEVEL
2024-04-24T01:11:42,113  WARN [main] txn.CompactionTxnHandler: No compaction queue record found for Compaction type transaction commit. txnId:24
2024-04-24T01:11:42,114  INFO [main] ql.TxnCommandsBaseForTests: Running the query: drop table if exists nonAcidNonBucket
2024-04-24T01:11:42,114  INFO [main] ql.Driver: Compiling command(queryId=alex_20240424011142_ffe45410-5bdd-42ab-8f79-7d86360aa777): drop table if exists nonAcidNonBucket
2024-04-24T01:11:42,116  INFO [main] txn.TxnHandler: Added entries to MIN_HISTORY_LEVEL for current txns: ([25]) with min_open_txn: 20
2024-04-24T01:11:42,116  INFO [main] lockmgr.DbTxnManager: Opened txnid:25
2024-04-24T01:11:42,117  INFO [main] HiveMetaStore.audit: ugi=alex	ip=unknown-ip-addr	cmd=get_table : tbl=hive.default.nonAcidNonBucket	
2024-04-24T01:11:42,125  INFO [main] metastore.HMSHandler: Skipping translation for processor with null
2024-04-24T01:11:42,125  INFO [main] ql.Driver: Semantic Analysis Completed (retrial = false)
2024-04-24T01:11:42,125  INFO [main] ql.Driver: Created Hive schema: Schema(fieldSchemas:null, properties:null)
2024-04-24T01:11:42,125  INFO [main] metadata.Hive: Dumping metastore api call timing information for : compilation phase
2024-04-24T01:11:42,125  INFO [main] metadata.Hive: Total time spent in each metastore function (ms): {openTxn_(String, TxnType)=2, getTable_(GetTableRequest)=8, isCompatibleWith_(Configuration)=0, flushCache_()=0, commitTxn_(CommitTxnRequest)=12, getValidTxns_(long)=0}
2024-04-24T01:11:42,125  INFO [main] ql.Driver: Completed compiling command(queryId=alex_20240424011142_ffe45410-5bdd-42ab-8f79-7d86360aa777); Time taken: 0.011 seconds
2024-04-24T01:11:42,126  INFO [main] lockmgr.DbTxnManager: Setting lock request transaction to txnid:25 for queryId=alex_20240424011142_ffe45410-5bdd-42ab-8f79-7d86360aa777
2024-04-24T01:11:42,126  INFO [main] lockmgr.DbLockManager: Requesting lock for queryId=alex_20240424011142_ffe45410-5bdd-42ab-8f79-7d86360aa777
2024-04-24T01:11:42,141  INFO [main] lockmgr.DbLockManager: Response to queryId=alex_20240424011142_ffe45410-5bdd-42ab-8f79-7d86360aa777 LockResponse(lockid:18, state:ACQUIRED)
2024-04-24T01:11:42,141  INFO [main] ql.Driver: Operation DROPTABLE obtained 1 locks
2024-04-24T01:11:42,141  INFO [main] ql.Driver: Executing command(queryId=alex_20240424011142_ffe45410-5bdd-42ab-8f79-7d86360aa777): drop table if exists nonAcidNonBucket
2024-04-24T01:11:42,141  INFO [main] ql.Driver: Starting task [Stage-0:DDL] in serial mode
2024-04-24T01:11:42,141  INFO [main] HiveMetaStore.audit: ugi=alex	ip=unknown-ip-addr	cmd=get_table : tbl=hive.default.nonAcidNonBucket	
2024-04-24T01:11:42,148  INFO [main] metastore.HMSHandler: Skipping translation for processor with null
2024-04-24T01:11:42,149  INFO [main] HiveMetaStore.audit: ugi=alex	ip=unknown-ip-addr	cmd=get_table : tbl=hive.default.nonAcidNonBucket	
2024-04-24T01:11:42,156  INFO [main] metastore.HMSHandler: Skipping translation for processor with null
2024-04-24T01:11:42,156  INFO [main] HiveMetaStore.audit: ugi=alex	ip=unknown-ip-addr	cmd=drop_table : tbl=hive.default.nonAcidNonBucket	
2024-04-24T01:11:42,182  INFO [main] metadata.Hive: Dumping metastore api call timing information for : execution phase
2024-04-24T01:11:42,182  INFO [main] metadata.Hive: Total time spent in each metastore function (ms): {isCompatibleWith_(Configuration)=0, dropTable_(String, String, boolean, boolean, boolean)=33, getTable_(GetTableRequest)=8}
2024-04-24T01:11:42,182  INFO [main] ql.Driver: Completed executing command(queryId=alex_20240424011142_ffe45410-5bdd-42ab-8f79-7d86360aa777); Time taken: 0.041 seconds
2024-04-24T01:11:42,182  INFO [main] lockmgr.DbTxnManager: Stopped heartbeat for query: alex_20240424011142_ffe45410-5bdd-42ab-8f79-7d86360aa777
2024-04-24T01:11:42,188  INFO [main] txn.TxnHandler: Expected to move at least one record from txn_components to completed_txn_components when committing txn! txnid:25
2024-04-24T01:11:42,197  INFO [main] txn.TxnHandler: Removed transactions: ([25]) from MIN_HISTORY_LEVEL
2024-04-24T01:11:42,197  WARN [main] txn.CompactionTxnHandler: No compaction queue record found for Compaction type transaction commit. txnId:25
2024-04-24T01:11:42,197  INFO [main] utils.TestTxnDbUtil: Cleaning transactional tables
]]></system-err>
  </testcase>
  <testcase name="testQuotedIdentifier2" classname="org.apache.hadoop.hive.ql.TestTxnCommandsWithSplitUpdateAndVectorization" time="2.077">
    <error type="java.lang.RuntimeException"><![CDATA[java.lang.RuntimeException: 
merge into `aci/d_u/ami` as `d/8` using `src/name` as `a/b` on i=`g/h`
when matched and `g/h` > 5 then delete 
when matched and `g/h` < 0 then update set vc='∆∋', `d?*de e` =  `d?*de e` * j + 1
when not matched and `d?*de e` <> 0 then insert values(`a/b`.`g/h`,`a/b`.j,`a/b`.k) failed: (responseCode = 40000, errorMessage = FAILED: NoMatchingMethodException No matching method for class org.apache.hadoop.hive.ql.udf.UDFToInteger with (struct<writeid:bigint,bucketid:int,rowid:bigint>). Possible choices: _FUNC_(bigint)  _FUNC_(boolean)  _FUNC_(decimal(38,18))  _FUNC_(double)  _FUNC_(float)  _FUNC_(smallint)  _FUNC_(string)  _FUNC_(struct<rowid:bigint,writeid:bigint,bucketid:int>)  _FUNC_(timestamp)  _FUNC_(tinyint)  _FUNC_(void)  , hiveErrorCode = 40000, SQLState = 42000, exception = No matching method for class org.apache.hadoop.hive.ql.udf.UDFToInteger with (struct<writeid:bigint,bucketid:int,rowid:bigint>). Possible choices: _FUNC_(bigint)  _FUNC_(boolean)  _FUNC_(decimal(38,18))  _FUNC_(double)  _FUNC_(float)  _FUNC_(smallint)  _FUNC_(string)  _FUNC_(struct<rowid:bigint,writeid:bigint,bucketid:int>)  _FUNC_(timestamp)  _FUNC_(tinyint)  _FUNC_(void)  )
	at org.apache.hadoop.hive.ql.TxnCommandsBaseForTests.runStatementOnDriver(TxnCommandsBaseForTests.java:247)
	at org.apache.hadoop.hive.ql.TestTxnCommands.testQuotedIdentifier2(TestTxnCommands.java:1097)
	at sun.reflect.NativeMethodAccessorImpl.invoke0(Native Method)
	at sun.reflect.NativeMethodAccessorImpl.invoke(NativeMethodAccessorImpl.java:62)
	at sun.reflect.DelegatingMethodAccessorImpl.invoke(DelegatingMethodAccessorImpl.java:43)
	at java.lang.reflect.Method.invoke(Method.java:498)
	at org.junit.runners.model.FrameworkMethod$1.runReflectiveCall(FrameworkMethod.java:59)
	at org.junit.internal.runners.model.ReflectiveCallable.run(ReflectiveCallable.java:12)
	at org.junit.runners.model.FrameworkMethod.invokeExplosively(FrameworkMethod.java:56)
	at org.junit.internal.runners.statements.InvokeMethod.evaluate(InvokeMethod.java:17)
	at org.junit.internal.runners.statements.RunBefores.evaluate(RunBefores.java:26)
	at org.junit.internal.runners.statements.RunAfters.evaluate(RunAfters.java:27)
	at org.junit.rules.TestWatcher$1.evaluate(TestWatcher.java:61)
	at org.junit.runners.ParentRunner$3.evaluate(ParentRunner.java:306)
	at org.junit.runners.BlockJUnit4ClassRunner$1.evaluate(BlockJUnit4ClassRunner.java:100)
	at org.junit.runners.ParentRunner.runLeaf(ParentRunner.java:366)
	at org.junit.runners.BlockJUnit4ClassRunner.runChild(BlockJUnit4ClassRunner.java:103)
	at org.junit.runners.BlockJUnit4ClassRunner.runChild(BlockJUnit4ClassRunner.java:63)
	at org.junit.runners.ParentRunner$4.run(ParentRunner.java:331)
	at org.junit.runners.ParentRunner$1.schedule(ParentRunner.java:79)
	at org.junit.runners.ParentRunner.runChildren(ParentRunner.java:329)
	at org.junit.runners.ParentRunner.access$100(ParentRunner.java:66)
	at org.junit.runners.ParentRunner$2.evaluate(ParentRunner.java:293)
	at org.junit.runners.ParentRunner$3.evaluate(ParentRunner.java:306)
	at org.junit.runners.ParentRunner.run(ParentRunner.java:413)
	at org.junit.runner.JUnitCore.run(JUnitCore.java:137)
	at org.junit.runner.JUnitCore.run(JUnitCore.java:115)
	at org.junit.vintage.engine.execution.RunnerExecutor.execute(RunnerExecutor.java:43)
	at java.util.stream.ForEachOps$ForEachOp$OfRef.accept(ForEachOps.java:183)
	at java.util.stream.ReferencePipeline$3$1.accept(ReferencePipeline.java:193)
	at java.util.Iterator.forEachRemaining(Iterator.java:116)
	at java.util.Spliterators$IteratorSpliterator.forEachRemaining(Spliterators.java:1801)
	at java.util.stream.AbstractPipeline.copyInto(AbstractPipeline.java:482)
	at java.util.stream.AbstractPipeline.wrapAndCopyInto(AbstractPipeline.java:472)
	at java.util.stream.ForEachOps$ForEachOp.evaluateSequential(ForEachOps.java:150)
	at java.util.stream.ForEachOps$ForEachOp$OfRef.evaluateSequential(ForEachOps.java:173)
	at java.util.stream.AbstractPipeline.evaluate(AbstractPipeline.java:234)
	at java.util.stream.ReferencePipeline.forEach(ReferencePipeline.java:485)
	at org.junit.vintage.engine.VintageTestEngine.executeAllChildren(VintageTestEngine.java:82)
	at org.junit.vintage.engine.VintageTestEngine.execute(VintageTestEngine.java:73)
	at org.junit.platform.launcher.core.DefaultLauncher.execute(DefaultLauncher.java:248)
	at org.junit.platform.launcher.core.DefaultLauncher.lambda$execute$5(DefaultLauncher.java:211)
	at org.junit.platform.launcher.core.DefaultLauncher.withInterceptedStreams(DefaultLauncher.java:226)
	at org.junit.platform.launcher.core.DefaultLauncher.execute(DefaultLauncher.java:199)
	at org.junit.platform.launcher.core.DefaultLauncher.execute(DefaultLauncher.java:132)
	at org.apache.maven.surefire.junitplatform.JUnitPlatformProvider.invokeAllTests(JUnitPlatformProvider.java:154)
	at org.apache.maven.surefire.junitplatform.JUnitPlatformProvider.invoke(JUnitPlatformProvider.java:123)
	at org.apache.maven.surefire.booter.ForkedBooter.runSuitesInProcess(ForkedBooter.java:377)
	at org.apache.maven.surefire.booter.ForkedBooter.execute(ForkedBooter.java:138)
	at org.apache.maven.surefire.booter.ForkedBooter.run(ForkedBooter.java:465)
	at org.apache.maven.surefire.booter.ForkedBooter.main(ForkedBooter.java:451)
]]></error>
    <system-err><![CDATA[2024-04-24T01:11:42,263  WARN [main] conf.HiveConf: HiveConf of name hive.metastore.client.cache.recordStats does not exist
2024-04-24T01:11:42,263  WARN [main] conf.HiveConf: HiveConf of name hive.dummyparam.test.server.specific.config.metastoresite does not exist
2024-04-24T01:11:42,263  WARN [main] conf.HiveConf: HiveConf of name hive.llap.io.cache.orc.alloc.min does not exist
2024-04-24T01:11:42,263  WARN [main] conf.HiveConf: HiveConf of name hive.llap.io.cache.orc.size does not exist
2024-04-24T01:11:42,264  WARN [main] conf.HiveConf: HiveConf of name hive.stats.key.prefix.reserve.length does not exist
2024-04-24T01:11:42,264  WARN [main] conf.HiveConf: HiveConf of name hive.llap.io.cache.orc.alloc.max does not exist
2024-04-24T01:11:42,264  WARN [main] conf.HiveConf: HiveConf of name hive.metastore.client.cache.maxSize does not exist
2024-04-24T01:11:42,264  WARN [main] conf.HiveConf: HiveConf of name hive.metastore.metadb.dir does not exist
2024-04-24T01:11:42,264  WARN [main] conf.HiveConf: HiveConf of name hive.llap.io.cache.orc.arena.size does not exist
2024-04-24T01:11:42,264  WARN [main] conf.HiveConf: HiveConf of name hive.dummyparam.test.server.specific.config.hivesite does not exist
2024-04-24T01:11:42,264  WARN [main] conf.HiveConf: HiveConf of name hive.dummyparam.test.server.specific.config.override does not exist
2024-04-24T01:11:42,266  INFO [main] utils.TestTxnDbUtil: Creating transactional tables
Hive Session ID = 61fb946c-b890-41bc-a56a-54f8c4fa32f3
2024-04-24T01:11:42,269  INFO [main] SessionState: Hive Session ID = 61fb946c-b890-41bc-a56a-54f8c4fa32f3
ivysettings.xml file not found in HIVE_HOME or HIVE_CONF_DIR,/home/alex/Repositories/hive/conf/ivysettings.xml will be used
2024-04-24T01:11:42,269  INFO [main] DependencyResolver: ivysettings.xml file not found in HIVE_HOME or HIVE_CONF_DIR,/home/alex/Repositories/hive/conf/ivysettings.xml will be used
2024-04-24T01:11:42,274  INFO [main] session.SessionState: Created HDFS directory: /home/alex/Repositories/hive/ql/target/tmp/scratchdir/alex/61fb946c-b890-41bc-a56a-54f8c4fa32f3
2024-04-24T01:11:42,276  INFO [main] session.SessionState: Created local directory: /home/alex/Repositories/hive/ql/target/tmp/localscratchdir/61fb946c-b890-41bc-a56a-54f8c4fa32f3
2024-04-24T01:11:42,278  INFO [main] session.SessionState: Created HDFS directory: /home/alex/Repositories/hive/ql/target/tmp/scratchdir/alex/61fb946c-b890-41bc-a56a-54f8c4fa32f3/_tmp_space.db
2024-04-24T01:11:42,279  INFO [main] sqlstd.SQLStdHiveAccessController: Created SQLStdHiveAccessController for session context : HiveAuthzSessionContext [sessionString=61fb946c-b890-41bc-a56a-54f8c4fa32f3, clientType=HIVECLI]
2024-04-24T01:11:42,279  INFO [main] ql.TxnCommandsBaseForTests: Running the query: drop table if exists acidTbl
2024-04-24T01:11:42,279  INFO [main] ql.Driver: Compiling command(queryId=alex_20240424011142_21b8ab16-5dc0-4f22-afde-a5bac49044a9): drop table if exists acidTbl
2024-04-24T01:11:42,289  INFO [main] txn.TxnHandler: Added entries to MIN_HISTORY_LEVEL for current txns: ([1]) with min_open_txn: 1
2024-04-24T01:11:42,289  INFO [main] lockmgr.DbTxnManager: Opened txnid:1
2024-04-24T01:11:42,291  INFO [main] HiveMetaStore.audit: ugi=alex	ip=unknown-ip-addr	cmd=get_table : tbl=hive.default.acidTbl	
2024-04-24T01:11:42,297  INFO [main] ql.Driver: Semantic Analysis Completed (retrial = false)
2024-04-24T01:11:42,297  INFO [main] ql.Driver: Created Hive schema: Schema(fieldSchemas:null, properties:null)
2024-04-24T01:11:42,297  INFO [main] metadata.Hive: Dumping metastore api call timing information for : compilation phase
2024-04-24T01:11:42,297  INFO [main] metadata.Hive: Total time spent in each metastore function (ms): {openTxn_(String, TxnType)=9, getValidTxns_(long)=2, commitTxn_(CommitTxnRequest)=15, flushCache_()=0, isCompatibleWith_(Configuration)=0}
2024-04-24T01:11:42,297  INFO [main] ql.Driver: Completed compiling command(queryId=alex_20240424011142_21b8ab16-5dc0-4f22-afde-a5bac49044a9); Time taken: 0.018 seconds
2024-04-24T01:11:42,297  INFO [main] lockmgr.DbTxnManager: Setting lock request transaction to txnid:1 for queryId=alex_20240424011142_21b8ab16-5dc0-4f22-afde-a5bac49044a9
2024-04-24T01:11:42,297  INFO [main] ql.Driver: Operation DROPTABLE obtained 0 locks
2024-04-24T01:11:42,297  INFO [main] ql.Driver: Executing command(queryId=alex_20240424011142_21b8ab16-5dc0-4f22-afde-a5bac49044a9): drop table if exists acidTbl
2024-04-24T01:11:42,297  INFO [main] ql.Driver: Starting task [Stage-0:DDL] in serial mode
2024-04-24T01:11:42,298  INFO [main] HiveMetaStore.audit: ugi=alex	ip=unknown-ip-addr	cmd=get_table : tbl=hive.default.acidTbl	
2024-04-24T01:11:42,300  INFO [main] metadata.Hive: Dumping metastore api call timing information for : execution phase
2024-04-24T01:11:42,301  INFO [main] metadata.Hive: Total time spent in each metastore function (ms): {isCompatibleWith_(Configuration)=0}
2024-04-24T01:11:42,301  INFO [main] ql.Driver: Completed executing command(queryId=alex_20240424011142_21b8ab16-5dc0-4f22-afde-a5bac49044a9); Time taken: 0.003 seconds
2024-04-24T01:11:42,301  INFO [main] lockmgr.DbTxnManager: Stopped heartbeat for query: alex_20240424011142_21b8ab16-5dc0-4f22-afde-a5bac49044a9
2024-04-24T01:11:42,307  INFO [main] txn.TxnHandler: Expected to move at least one record from txn_components to completed_txn_components when committing txn! txnid:1
2024-04-24T01:11:42,314  INFO [main] txn.TxnHandler: Removed transactions: ([1]) from MIN_HISTORY_LEVEL
2024-04-24T01:11:42,314  WARN [main] txn.CompactionTxnHandler: No compaction queue record found for Compaction type transaction commit. txnId:1
2024-04-24T01:11:42,315  INFO [main] ql.TxnCommandsBaseForTests: Running the query: drop table if exists acidTblPart
2024-04-24T01:11:42,315  INFO [main] ql.Driver: Compiling command(queryId=alex_20240424011142_432fbf36-b7e4-4059-b0a3-26df09174661): drop table if exists acidTblPart
2024-04-24T01:11:42,317  INFO [main] txn.TxnHandler: Added entries to MIN_HISTORY_LEVEL for current txns: ([2]) with min_open_txn: 1
2024-04-24T01:11:42,317  INFO [main] lockmgr.DbTxnManager: Opened txnid:2
2024-04-24T01:11:42,318  INFO [main] HiveMetaStore.audit: ugi=alex	ip=unknown-ip-addr	cmd=get_table : tbl=hive.default.acidTblPart	
2024-04-24T01:11:42,320  INFO [main] ql.Driver: Semantic Analysis Completed (retrial = false)
2024-04-24T01:11:42,320  INFO [main] ql.Driver: Created Hive schema: Schema(fieldSchemas:null, properties:null)
2024-04-24T01:11:42,320  INFO [main] metadata.Hive: Dumping metastore api call timing information for : compilation phase
2024-04-24T01:11:42,321  INFO [main] metadata.Hive: Total time spent in each metastore function (ms): {isCompatibleWith_(Configuration)=0, getValidTxns_(long)=1, openTxn_(String, TxnType)=2, flushCache_()=0, commitTxn_(CommitTxnRequest)=14}
2024-04-24T01:11:42,321  INFO [main] ql.Driver: Completed compiling command(queryId=alex_20240424011142_432fbf36-b7e4-4059-b0a3-26df09174661); Time taken: 0.005 seconds
2024-04-24T01:11:42,321  INFO [main] lockmgr.DbTxnManager: Setting lock request transaction to txnid:2 for queryId=alex_20240424011142_432fbf36-b7e4-4059-b0a3-26df09174661
2024-04-24T01:11:42,321  INFO [main] ql.Driver: Operation DROPTABLE obtained 0 locks
2024-04-24T01:11:42,321  INFO [main] ql.Driver: Executing command(queryId=alex_20240424011142_432fbf36-b7e4-4059-b0a3-26df09174661): drop table if exists acidTblPart
2024-04-24T01:11:42,321  INFO [main] ql.Driver: Starting task [Stage-0:DDL] in serial mode
2024-04-24T01:11:42,321  INFO [main] HiveMetaStore.audit: ugi=alex	ip=unknown-ip-addr	cmd=get_table : tbl=hive.default.acidTblPart	
2024-04-24T01:11:42,324  INFO [main] metadata.Hive: Dumping metastore api call timing information for : execution phase
2024-04-24T01:11:42,324  INFO [main] metadata.Hive: Total time spent in each metastore function (ms): {isCompatibleWith_(Configuration)=0}
2024-04-24T01:11:42,324  INFO [main] ql.Driver: Completed executing command(queryId=alex_20240424011142_432fbf36-b7e4-4059-b0a3-26df09174661); Time taken: 0.003 seconds
2024-04-24T01:11:42,324  INFO [main] lockmgr.DbTxnManager: Stopped heartbeat for query: alex_20240424011142_432fbf36-b7e4-4059-b0a3-26df09174661
2024-04-24T01:11:42,330  INFO [main] txn.TxnHandler: Expected to move at least one record from txn_components to completed_txn_components when committing txn! txnid:2
2024-04-24T01:11:42,338  INFO [main] txn.TxnHandler: Removed transactions: ([2]) from MIN_HISTORY_LEVEL
2024-04-24T01:11:42,338  WARN [main] txn.CompactionTxnHandler: No compaction queue record found for Compaction type transaction commit. txnId:2
2024-04-24T01:11:42,339  INFO [main] ql.TxnCommandsBaseForTests: Running the query: drop table if exists acidTbl2
2024-04-24T01:11:42,339  INFO [main] ql.Driver: Compiling command(queryId=alex_20240424011142_35015ef6-2a8d-4c2c-b5f9-81793f833061): drop table if exists acidTbl2
2024-04-24T01:11:42,341  INFO [main] txn.TxnHandler: Added entries to MIN_HISTORY_LEVEL for current txns: ([3]) with min_open_txn: 1
2024-04-24T01:11:42,342  INFO [main] lockmgr.DbTxnManager: Opened txnid:3
2024-04-24T01:11:42,342  INFO [main] HiveMetaStore.audit: ugi=alex	ip=unknown-ip-addr	cmd=get_table : tbl=hive.default.acidTbl2	
2024-04-24T01:11:42,345  INFO [main] ql.Driver: Semantic Analysis Completed (retrial = false)
2024-04-24T01:11:42,345  INFO [main] ql.Driver: Created Hive schema: Schema(fieldSchemas:null, properties:null)
2024-04-24T01:11:42,345  INFO [main] metadata.Hive: Dumping metastore api call timing information for : compilation phase
2024-04-24T01:11:42,345  INFO [main] metadata.Hive: Total time spent in each metastore function (ms): {commitTxn_(CommitTxnRequest)=15, getValidTxns_(long)=0, isCompatibleWith_(Configuration)=0, openTxn_(String, TxnType)=2, flushCache_()=0}
2024-04-24T01:11:42,345  INFO [main] ql.Driver: Completed compiling command(queryId=alex_20240424011142_35015ef6-2a8d-4c2c-b5f9-81793f833061); Time taken: 0.006 seconds
2024-04-24T01:11:42,345  INFO [main] lockmgr.DbTxnManager: Setting lock request transaction to txnid:3 for queryId=alex_20240424011142_35015ef6-2a8d-4c2c-b5f9-81793f833061
2024-04-24T01:11:42,345  INFO [main] ql.Driver: Operation DROPTABLE obtained 0 locks
2024-04-24T01:11:42,345  INFO [main] ql.Driver: Executing command(queryId=alex_20240424011142_35015ef6-2a8d-4c2c-b5f9-81793f833061): drop table if exists acidTbl2
2024-04-24T01:11:42,346  INFO [main] ql.Driver: Starting task [Stage-0:DDL] in serial mode
2024-04-24T01:11:42,346  INFO [main] HiveMetaStore.audit: ugi=alex	ip=unknown-ip-addr	cmd=get_table : tbl=hive.default.acidTbl2	
2024-04-24T01:11:42,348  INFO [main] metadata.Hive: Dumping metastore api call timing information for : execution phase
2024-04-24T01:11:42,349  INFO [main] metadata.Hive: Total time spent in each metastore function (ms): {isCompatibleWith_(Configuration)=0}
2024-04-24T01:11:42,349  INFO [main] ql.Driver: Completed executing command(queryId=alex_20240424011142_35015ef6-2a8d-4c2c-b5f9-81793f833061); Time taken: 0.003 seconds
2024-04-24T01:11:42,349  INFO [main] lockmgr.DbTxnManager: Stopped heartbeat for query: alex_20240424011142_35015ef6-2a8d-4c2c-b5f9-81793f833061
2024-04-24T01:11:42,355  INFO [main] txn.TxnHandler: Expected to move at least one record from txn_components to completed_txn_components when committing txn! txnid:3
2024-04-24T01:11:42,361  INFO [main] txn.TxnHandler: Removed transactions: ([3]) from MIN_HISTORY_LEVEL
2024-04-24T01:11:42,362  WARN [main] txn.CompactionTxnHandler: No compaction queue record found for Compaction type transaction commit. txnId:3
2024-04-24T01:11:42,362  INFO [main] ql.TxnCommandsBaseForTests: Running the query: drop table if exists nonAcidOrcTbl
2024-04-24T01:11:42,362  INFO [main] ql.Driver: Compiling command(queryId=alex_20240424011142_38868b4f-c03e-44bc-9ac9-4787203e1cca): drop table if exists nonAcidOrcTbl
2024-04-24T01:11:42,364  INFO [main] txn.TxnHandler: Added entries to MIN_HISTORY_LEVEL for current txns: ([4]) with min_open_txn: 1
2024-04-24T01:11:42,365  INFO [main] lockmgr.DbTxnManager: Opened txnid:4
2024-04-24T01:11:42,365  INFO [main] HiveMetaStore.audit: ugi=alex	ip=unknown-ip-addr	cmd=get_table : tbl=hive.default.nonAcidOrcTbl	
2024-04-24T01:11:42,367  INFO [main] ql.Driver: Semantic Analysis Completed (retrial = false)
2024-04-24T01:11:42,368  INFO [main] ql.Driver: Created Hive schema: Schema(fieldSchemas:null, properties:null)
2024-04-24T01:11:42,368  INFO [main] metadata.Hive: Dumping metastore api call timing information for : compilation phase
2024-04-24T01:11:42,368  INFO [main] metadata.Hive: Total time spent in each metastore function (ms): {flushCache_()=0, getValidTxns_(long)=0, openTxn_(String, TxnType)=2, commitTxn_(CommitTxnRequest)=13, isCompatibleWith_(Configuration)=1}
2024-04-24T01:11:42,368  INFO [main] ql.Driver: Completed compiling command(queryId=alex_20240424011142_38868b4f-c03e-44bc-9ac9-4787203e1cca); Time taken: 0.006 seconds
2024-04-24T01:11:42,368  INFO [main] lockmgr.DbTxnManager: Setting lock request transaction to txnid:4 for queryId=alex_20240424011142_38868b4f-c03e-44bc-9ac9-4787203e1cca
2024-04-24T01:11:42,368  INFO [main] ql.Driver: Operation DROPTABLE obtained 0 locks
2024-04-24T01:11:42,368  INFO [main] ql.Driver: Executing command(queryId=alex_20240424011142_38868b4f-c03e-44bc-9ac9-4787203e1cca): drop table if exists nonAcidOrcTbl
2024-04-24T01:11:42,368  INFO [main] ql.Driver: Starting task [Stage-0:DDL] in serial mode
2024-04-24T01:11:42,368  INFO [main] HiveMetaStore.audit: ugi=alex	ip=unknown-ip-addr	cmd=get_table : tbl=hive.default.nonAcidOrcTbl	
2024-04-24T01:11:42,371  INFO [main] metadata.Hive: Dumping metastore api call timing information for : execution phase
2024-04-24T01:11:42,371  INFO [main] metadata.Hive: Total time spent in each metastore function (ms): {isCompatibleWith_(Configuration)=0}
2024-04-24T01:11:42,371  INFO [main] ql.Driver: Completed executing command(queryId=alex_20240424011142_38868b4f-c03e-44bc-9ac9-4787203e1cca); Time taken: 0.003 seconds
2024-04-24T01:11:42,371  INFO [main] lockmgr.DbTxnManager: Stopped heartbeat for query: alex_20240424011142_38868b4f-c03e-44bc-9ac9-4787203e1cca
2024-04-24T01:11:42,377  INFO [main] txn.TxnHandler: Expected to move at least one record from txn_components to completed_txn_components when committing txn! txnid:4
2024-04-24T01:11:42,384  INFO [main] txn.TxnHandler: Removed transactions: ([4]) from MIN_HISTORY_LEVEL
2024-04-24T01:11:42,384  WARN [main] txn.CompactionTxnHandler: No compaction queue record found for Compaction type transaction commit. txnId:4
2024-04-24T01:11:42,384  INFO [main] ql.TxnCommandsBaseForTests: Running the query: drop table if exists nonAcidOrcTbl2
2024-04-24T01:11:42,385  INFO [main] ql.Driver: Compiling command(queryId=alex_20240424011142_acaee163-61ab-46ee-9dda-fc7385dad129): drop table if exists nonAcidOrcTbl2
2024-04-24T01:11:42,387  INFO [main] txn.TxnHandler: Added entries to MIN_HISTORY_LEVEL for current txns: ([5]) with min_open_txn: 1
2024-04-24T01:11:42,387  INFO [main] lockmgr.DbTxnManager: Opened txnid:5
2024-04-24T01:11:42,388  INFO [main] HiveMetaStore.audit: ugi=alex	ip=unknown-ip-addr	cmd=get_table : tbl=hive.default.nonAcidOrcTbl2	
2024-04-24T01:11:42,390  INFO [main] ql.Driver: Semantic Analysis Completed (retrial = false)
2024-04-24T01:11:42,390  INFO [main] ql.Driver: Created Hive schema: Schema(fieldSchemas:null, properties:null)
2024-04-24T01:11:42,390  INFO [main] metadata.Hive: Dumping metastore api call timing information for : compilation phase
2024-04-24T01:11:42,390  INFO [main] metadata.Hive: Total time spent in each metastore function (ms): {flushCache_()=0, getValidTxns_(long)=0, openTxn_(String, TxnType)=2, isCompatibleWith_(Configuration)=0, commitTxn_(CommitTxnRequest)=13}
2024-04-24T01:11:42,390  INFO [main] ql.Driver: Completed compiling command(queryId=alex_20240424011142_acaee163-61ab-46ee-9dda-fc7385dad129); Time taken: 0.005 seconds
2024-04-24T01:11:42,391  INFO [main] lockmgr.DbTxnManager: Setting lock request transaction to txnid:5 for queryId=alex_20240424011142_acaee163-61ab-46ee-9dda-fc7385dad129
2024-04-24T01:11:42,391  INFO [main] ql.Driver: Operation DROPTABLE obtained 0 locks
2024-04-24T01:11:42,391  INFO [main] ql.Driver: Executing command(queryId=alex_20240424011142_acaee163-61ab-46ee-9dda-fc7385dad129): drop table if exists nonAcidOrcTbl2
2024-04-24T01:11:42,391  INFO [main] ql.Driver: Starting task [Stage-0:DDL] in serial mode
2024-04-24T01:11:42,391  INFO [main] HiveMetaStore.audit: ugi=alex	ip=unknown-ip-addr	cmd=get_table : tbl=hive.default.nonAcidOrcTbl2	
2024-04-24T01:11:42,393  INFO [main] metadata.Hive: Dumping metastore api call timing information for : execution phase
2024-04-24T01:11:42,394  INFO [main] metadata.Hive: Total time spent in each metastore function (ms): {isCompatibleWith_(Configuration)=0}
2024-04-24T01:11:42,394  INFO [main] ql.Driver: Completed executing command(queryId=alex_20240424011142_acaee163-61ab-46ee-9dda-fc7385dad129); Time taken: 0.002 seconds
2024-04-24T01:11:42,394  INFO [main] lockmgr.DbTxnManager: Stopped heartbeat for query: alex_20240424011142_acaee163-61ab-46ee-9dda-fc7385dad129
2024-04-24T01:11:42,400  INFO [main] txn.TxnHandler: Expected to move at least one record from txn_components to completed_txn_components when committing txn! txnid:5
2024-04-24T01:11:42,407  INFO [main] txn.TxnHandler: Removed transactions: ([5]) from MIN_HISTORY_LEVEL
2024-04-24T01:11:42,407  WARN [main] txn.CompactionTxnHandler: No compaction queue record found for Compaction type transaction commit. txnId:5
2024-04-24T01:11:42,407  INFO [main] ql.TxnCommandsBaseForTests: Running the query: drop table if exists nonAcidNonBucket
2024-04-24T01:11:42,408  INFO [main] ql.Driver: Compiling command(queryId=alex_20240424011142_70f3a444-2d3c-4c90-b782-8c45d39d79b5): drop table if exists nonAcidNonBucket
2024-04-24T01:11:42,410  INFO [main] txn.TxnHandler: Added entries to MIN_HISTORY_LEVEL for current txns: ([6]) with min_open_txn: 1
2024-04-24T01:11:42,410  INFO [main] lockmgr.DbTxnManager: Opened txnid:6
2024-04-24T01:11:42,411  INFO [main] HiveMetaStore.audit: ugi=alex	ip=unknown-ip-addr	cmd=get_table : tbl=hive.default.nonAcidNonBucket	
2024-04-24T01:11:42,413  INFO [main] ql.Driver: Semantic Analysis Completed (retrial = false)
2024-04-24T01:11:42,413  INFO [main] ql.Driver: Created Hive schema: Schema(fieldSchemas:null, properties:null)
2024-04-24T01:11:42,413  INFO [main] metadata.Hive: Dumping metastore api call timing information for : compilation phase
2024-04-24T01:11:42,413  INFO [main] metadata.Hive: Total time spent in each metastore function (ms): {isCompatibleWith_(Configuration)=0, flushCache_()=0, commitTxn_(CommitTxnRequest)=13, getValidTxns_(long)=1, openTxn_(String, TxnType)=2}
2024-04-24T01:11:42,414  INFO [main] ql.Driver: Completed compiling command(queryId=alex_20240424011142_70f3a444-2d3c-4c90-b782-8c45d39d79b5); Time taken: 0.005 seconds
2024-04-24T01:11:42,414  INFO [main] lockmgr.DbTxnManager: Setting lock request transaction to txnid:6 for queryId=alex_20240424011142_70f3a444-2d3c-4c90-b782-8c45d39d79b5
2024-04-24T01:11:42,414  INFO [main] ql.Driver: Operation DROPTABLE obtained 0 locks
2024-04-24T01:11:42,414  INFO [main] ql.Driver: Executing command(queryId=alex_20240424011142_70f3a444-2d3c-4c90-b782-8c45d39d79b5): drop table if exists nonAcidNonBucket
2024-04-24T01:11:42,414  INFO [main] ql.Driver: Starting task [Stage-0:DDL] in serial mode
2024-04-24T01:11:42,414  INFO [main] HiveMetaStore.audit: ugi=alex	ip=unknown-ip-addr	cmd=get_table : tbl=hive.default.nonAcidNonBucket	
2024-04-24T01:11:42,417  INFO [main] metadata.Hive: Dumping metastore api call timing information for : execution phase
2024-04-24T01:11:42,417  INFO [main] metadata.Hive: Total time spent in each metastore function (ms): {isCompatibleWith_(Configuration)=0}
2024-04-24T01:11:42,417  INFO [main] ql.Driver: Completed executing command(queryId=alex_20240424011142_70f3a444-2d3c-4c90-b782-8c45d39d79b5); Time taken: 0.003 seconds
2024-04-24T01:11:42,417  INFO [main] lockmgr.DbTxnManager: Stopped heartbeat for query: alex_20240424011142_70f3a444-2d3c-4c90-b782-8c45d39d79b5
2024-04-24T01:11:42,424  INFO [main] txn.TxnHandler: Expected to move at least one record from txn_components to completed_txn_components when committing txn! txnid:6
2024-04-24T01:11:42,431  INFO [main] txn.TxnHandler: Removed transactions: ([6]) from MIN_HISTORY_LEVEL
2024-04-24T01:11:42,431  WARN [main] txn.CompactionTxnHandler: No compaction queue record found for Compaction type transaction commit. txnId:6
2024-04-24T01:11:42,432  INFO [main] ql.TxnCommandsBaseForTests: Running the query: create table acidTbl(a int, b int) clustered by (a) into 2 buckets stored as orc TBLPROPERTIES ('transactional'='true')
2024-04-24T01:11:42,432  INFO [main] ql.Driver: Compiling command(queryId=alex_20240424011142_6edf57fc-cba2-404e-b683-a1729464eccf): create table acidTbl(a int, b int) clustered by (a) into 2 buckets stored as orc TBLPROPERTIES ('transactional'='true')
2024-04-24T01:11:42,434  INFO [main] txn.TxnHandler: Added entries to MIN_HISTORY_LEVEL for current txns: ([7]) with min_open_txn: 1
2024-04-24T01:11:42,434  INFO [main] lockmgr.DbTxnManager: Opened txnid:7
2024-04-24T01:11:42,435  INFO [main] parse.CalcitePlanner: Starting caching scope for: 
2024-04-24T01:11:42,435  INFO [main] parse.CalcitePlanner: Starting Semantic Analysis
2024-04-24T01:11:42,441  INFO [main] parse.CalcitePlanner: Creating table default.acidTbl position=13
2024-04-24T01:11:42,441  INFO [main] HiveMetaStore.audit: ugi=alex	ip=unknown-ip-addr	cmd=get_database: default	
2024-04-24T01:11:42,442  INFO [main] parse.CalcitePlanner: Ending caching scope for: 
2024-04-24T01:11:42,442  INFO [main] ql.Driver: Semantic Analysis Completed (retrial = false)
2024-04-24T01:11:42,442  INFO [main] ql.Driver: Created Hive schema: Schema(fieldSchemas:null, properties:null)
2024-04-24T01:11:42,443  INFO [main] metadata.Hive: Dumping metastore api call timing information for : compilation phase
2024-04-24T01:11:42,443  INFO [main] metadata.Hive: Total time spent in each metastore function (ms): {isCompatibleWith_(Configuration)=0, commitTxn_(CommitTxnRequest)=14, getValidWriteIds_(List, String)=6, flushCache_()=0, getValidTxns_(long)=1, openTxn_(String, TxnType)=2, getDatabase_(String)=1}
2024-04-24T01:11:42,443  INFO [main] ql.Driver: Completed compiling command(queryId=alex_20240424011142_6edf57fc-cba2-404e-b683-a1729464eccf); Time taken: 0.01 seconds
2024-04-24T01:11:42,443  INFO [main] lockmgr.DbTxnManager: Setting lock request transaction to txnid:7 for queryId=alex_20240424011142_6edf57fc-cba2-404e-b683-a1729464eccf
2024-04-24T01:11:42,443  INFO [main] lockmgr.DbLockManager: Requesting lock for queryId=alex_20240424011142_6edf57fc-cba2-404e-b683-a1729464eccf
2024-04-24T01:11:42,462  INFO [main] lockmgr.DbLockManager: Response to queryId=alex_20240424011142_6edf57fc-cba2-404e-b683-a1729464eccf LockResponse(lockid:1, state:ACQUIRED)
2024-04-24T01:11:42,462  INFO [main] ql.Driver: Operation CREATETABLE obtained 1 locks
2024-04-24T01:11:42,463  INFO [main] ql.Driver: Executing command(queryId=alex_20240424011142_6edf57fc-cba2-404e-b683-a1729464eccf): create table acidTbl(a int, b int) clustered by (a) into 2 buckets stored as orc TBLPROPERTIES ('transactional'='true')
2024-04-24T01:11:42,463  INFO [main] ql.Driver: Starting task [Stage-0:DDL] in serial mode
2024-04-24T01:11:42,464  INFO [main] HiveMetaStore.audit: ugi=alex	ip=unknown-ip-addr	cmd=create_table_req: Table(tableName:acidTbl, dbName:default, owner:alex, createTime:1713946302, lastAccessTime:0, retention:0, sd:StorageDescriptor(cols:[FieldSchema(name:a, type:int, comment:null), FieldSchema(name:b, type:int, comment:null)], location:null, inputFormat:org.apache.hadoop.hive.ql.io.orc.OrcInputFormat, outputFormat:org.apache.hadoop.hive.ql.io.orc.OrcOutputFormat, compressed:false, numBuckets:2, serdeInfo:SerDeInfo(name:null, serializationLib:org.apache.hadoop.hive.ql.io.orc.OrcSerde, parameters:{serialization.format=1}), bucketCols:[a], sortCols:[], parameters:{}, skewedInfo:SkewedInfo(skewedColNames:[], skewedColValues:[], skewedColValueLocationMaps:{}), storedAsSubDirectories:false), partitionKeys:[], parameters:{numRows=0, rawDataSize=0, transactional=true, bucketing_version=2, totalSize=0, numFiles=0, COLUMN_STATS_ACCURATE={"BASIC_STATS":"true","COLUMN_STATS":{"a":"true","b":"true"}}, numFilesErasureCoded=0}, viewOriginalText:null, viewExpandedText:null, tableType:MANAGED_TABLE, privileges:PrincipalPrivilegeSet(userPrivileges:{alex=[PrivilegeGrantInfo(privilege:INSERT, createTime:-1, grantor:alex, grantorType:USER, grantOption:true), PrivilegeGrantInfo(privilege:SELECT, createTime:-1, grantor:alex, grantorType:USER, grantOption:true), PrivilegeGrantInfo(privilege:UPDATE, createTime:-1, grantor:alex, grantorType:USER, grantOption:true), PrivilegeGrantInfo(privilege:DELETE, createTime:-1, grantor:alex, grantorType:USER, grantOption:true)]}, groupPrivileges:null, rolePrivileges:null), temporary:false, catName:hive, ownerType:USER, writeId:0)	
2024-04-24T01:11:42,469  INFO [main] utils.FileUtils: Creating directory if it doesn't exist: file:/home/alex/Repositories/hive/ql/target/tmp/org.apache.hadoop.hive.ql.TestTxnCommands-1713946100941/warehouse/acidtbl
2024-04-24T01:11:42,507  INFO [main] metadata.Hive: Dumping metastore api call timing information for : execution phase
2024-04-24T01:11:42,507  INFO [main] metadata.Hive: Total time spent in each metastore function (ms): {createTable_(Table)=44, isCompatibleWith_(Configuration)=0}
2024-04-24T01:11:42,507  INFO [main] ql.Driver: Completed executing command(queryId=alex_20240424011142_6edf57fc-cba2-404e-b683-a1729464eccf); Time taken: 0.044 seconds
2024-04-24T01:11:42,507  INFO [main] lockmgr.DbTxnManager: Stopped heartbeat for query: alex_20240424011142_6edf57fc-cba2-404e-b683-a1729464eccf
2024-04-24T01:11:42,511  INFO [main] txn.TxnHandler: Expected to move at least one record from txn_components to completed_txn_components when committing txn! txnid:7
2024-04-24T01:11:42,518  INFO [main] txn.TxnHandler: Removed transactions: ([7]) from MIN_HISTORY_LEVEL
2024-04-24T01:11:42,518  WARN [main] txn.CompactionTxnHandler: No compaction queue record found for Compaction type transaction commit. txnId:7
2024-04-24T01:11:42,519  INFO [main] ql.TxnCommandsBaseForTests: Running the query: create table acidTblPart(a int, b int) partitioned by (p string) clustered by (a) into 2 buckets stored as orc TBLPROPERTIES ('transactional'='true')
2024-04-24T01:11:42,519  INFO [main] ql.Driver: Compiling command(queryId=alex_20240424011142_7c3542f5-c94f-446e-bcb4-39beb506448f): create table acidTblPart(a int, b int) partitioned by (p string) clustered by (a) into 2 buckets stored as orc TBLPROPERTIES ('transactional'='true')
2024-04-24T01:11:42,521  INFO [main] txn.TxnHandler: Added entries to MIN_HISTORY_LEVEL for current txns: ([8]) with min_open_txn: 1
2024-04-24T01:11:42,522  INFO [main] lockmgr.DbTxnManager: Opened txnid:8
2024-04-24T01:11:42,522  INFO [main] parse.CalcitePlanner: Starting caching scope for: 
2024-04-24T01:11:42,522  INFO [main] parse.CalcitePlanner: Starting Semantic Analysis
2024-04-24T01:11:42,525  INFO [main] parse.CalcitePlanner: Creating table default.acidTblPart position=13
2024-04-24T01:11:42,525  INFO [main] HiveMetaStore.audit: ugi=alex	ip=unknown-ip-addr	cmd=get_database: default	
2024-04-24T01:11:42,526  INFO [main] parse.CalcitePlanner: Ending caching scope for: 
2024-04-24T01:11:42,526  INFO [main] ql.Driver: Semantic Analysis Completed (retrial = false)
2024-04-24T01:11:42,526  INFO [main] ql.Driver: Created Hive schema: Schema(fieldSchemas:null, properties:null)
2024-04-24T01:11:42,526  INFO [main] metadata.Hive: Dumping metastore api call timing information for : compilation phase
2024-04-24T01:11:42,526  INFO [main] metadata.Hive: Total time spent in each metastore function (ms): {getValidTxns_(long)=0, getValidWriteIds_(List, String)=3, openTxn_(String, TxnType)=2, getDatabase_(String)=1, isCompatibleWith_(Configuration)=1, commitTxn_(CommitTxnRequest)=12, flushCache_()=0}
2024-04-24T01:11:42,527  INFO [main] ql.Driver: Completed compiling command(queryId=alex_20240424011142_7c3542f5-c94f-446e-bcb4-39beb506448f); Time taken: 0.007 seconds
2024-04-24T01:11:42,527  INFO [main] lockmgr.DbTxnManager: Setting lock request transaction to txnid:8 for queryId=alex_20240424011142_7c3542f5-c94f-446e-bcb4-39beb506448f
2024-04-24T01:11:42,527  INFO [main] lockmgr.DbLockManager: Requesting lock for queryId=alex_20240424011142_7c3542f5-c94f-446e-bcb4-39beb506448f
2024-04-24T01:11:42,542  INFO [main] lockmgr.DbLockManager: Response to queryId=alex_20240424011142_7c3542f5-c94f-446e-bcb4-39beb506448f LockResponse(lockid:2, state:ACQUIRED)
2024-04-24T01:11:42,542  INFO [main] ql.Driver: Operation CREATETABLE obtained 1 locks
2024-04-24T01:11:42,542  INFO [main] ql.Driver: Executing command(queryId=alex_20240424011142_7c3542f5-c94f-446e-bcb4-39beb506448f): create table acidTblPart(a int, b int) partitioned by (p string) clustered by (a) into 2 buckets stored as orc TBLPROPERTIES ('transactional'='true')
2024-04-24T01:11:42,543  INFO [main] ql.Driver: Starting task [Stage-0:DDL] in serial mode
2024-04-24T01:11:42,543  INFO [main] HiveMetaStore.audit: ugi=alex	ip=unknown-ip-addr	cmd=create_table_req: Table(tableName:acidTblPart, dbName:default, owner:alex, createTime:1713946302, lastAccessTime:0, retention:0, sd:StorageDescriptor(cols:[FieldSchema(name:a, type:int, comment:null), FieldSchema(name:b, type:int, comment:null)], location:null, inputFormat:org.apache.hadoop.hive.ql.io.orc.OrcInputFormat, outputFormat:org.apache.hadoop.hive.ql.io.orc.OrcOutputFormat, compressed:false, numBuckets:2, serdeInfo:SerDeInfo(name:null, serializationLib:org.apache.hadoop.hive.ql.io.orc.OrcSerde, parameters:{serialization.format=1}), bucketCols:[a], sortCols:[], parameters:{}, skewedInfo:SkewedInfo(skewedColNames:[], skewedColValues:[], skewedColValueLocationMaps:{}), storedAsSubDirectories:false), partitionKeys:[FieldSchema(name:p, type:string, comment:null)], parameters:{bucketing_version=2, transactional=true}, viewOriginalText:null, viewExpandedText:null, tableType:MANAGED_TABLE, privileges:PrincipalPrivilegeSet(userPrivileges:{alex=[PrivilegeGrantInfo(privilege:INSERT, createTime:-1, grantor:alex, grantorType:USER, grantOption:true), PrivilegeGrantInfo(privilege:SELECT, createTime:-1, grantor:alex, grantorType:USER, grantOption:true), PrivilegeGrantInfo(privilege:UPDATE, createTime:-1, grantor:alex, grantorType:USER, grantOption:true), PrivilegeGrantInfo(privilege:DELETE, createTime:-1, grantor:alex, grantorType:USER, grantOption:true)]}, groupPrivileges:null, rolePrivileges:null), temporary:false, catName:hive, ownerType:USER, writeId:0)	
2024-04-24T01:11:42,548  INFO [main] utils.FileUtils: Creating directory if it doesn't exist: file:/home/alex/Repositories/hive/ql/target/tmp/org.apache.hadoop.hive.ql.TestTxnCommands-1713946100941/warehouse/acidtblpart
2024-04-24T01:11:42,562  INFO [main] metadata.Hive: Dumping metastore api call timing information for : execution phase
2024-04-24T01:11:42,562  INFO [main] metadata.Hive: Total time spent in each metastore function (ms): {createTable_(Table)=19, isCompatibleWith_(Configuration)=0}
2024-04-24T01:11:42,562  INFO [main] ql.Driver: Completed executing command(queryId=alex_20240424011142_7c3542f5-c94f-446e-bcb4-39beb506448f); Time taken: 0.02 seconds
2024-04-24T01:11:42,563  INFO [main] lockmgr.DbTxnManager: Stopped heartbeat for query: alex_20240424011142_7c3542f5-c94f-446e-bcb4-39beb506448f
2024-04-24T01:11:42,567  INFO [main] txn.TxnHandler: Expected to move at least one record from txn_components to completed_txn_components when committing txn! txnid:8
2024-04-24T01:11:42,574  INFO [main] txn.TxnHandler: Removed transactions: ([8]) from MIN_HISTORY_LEVEL
2024-04-24T01:11:42,574  WARN [main] txn.CompactionTxnHandler: No compaction queue record found for Compaction type transaction commit. txnId:8
2024-04-24T01:11:42,574  INFO [main] ql.TxnCommandsBaseForTests: Running the query: create table nonAcidOrcTbl(a int, b int) clustered by (a) into 2 buckets stored as orc TBLPROPERTIES ('transactional'='false')
2024-04-24T01:11:42,575  INFO [main] ql.Driver: Compiling command(queryId=alex_20240424011142_143222e5-8631-4be8-b1bd-f45447901e50): create table nonAcidOrcTbl(a int, b int) clustered by (a) into 2 buckets stored as orc TBLPROPERTIES ('transactional'='false')
2024-04-24T01:11:42,577  INFO [main] txn.TxnHandler: Added entries to MIN_HISTORY_LEVEL for current txns: ([9]) with min_open_txn: 1
2024-04-24T01:11:42,577  INFO [main] lockmgr.DbTxnManager: Opened txnid:9
2024-04-24T01:11:42,577  INFO [main] parse.CalcitePlanner: Starting caching scope for: 
2024-04-24T01:11:42,577  INFO [main] parse.CalcitePlanner: Starting Semantic Analysis
2024-04-24T01:11:42,580  INFO [main] parse.CalcitePlanner: Creating table default.nonAcidOrcTbl position=13
2024-04-24T01:11:42,580  INFO [main] HiveMetaStore.audit: ugi=alex	ip=unknown-ip-addr	cmd=get_database: default	
2024-04-24T01:11:42,581  INFO [main] parse.CalcitePlanner: Ending caching scope for: 
2024-04-24T01:11:42,581  INFO [main] ql.Driver: Semantic Analysis Completed (retrial = false)
2024-04-24T01:11:42,581  INFO [main] ql.Driver: Created Hive schema: Schema(fieldSchemas:null, properties:null)
2024-04-24T01:11:42,582  INFO [main] metadata.Hive: Dumping metastore api call timing information for : compilation phase
2024-04-24T01:11:42,582  INFO [main] metadata.Hive: Total time spent in each metastore function (ms): {getValidWriteIds_(List, String)=3, isCompatibleWith_(Configuration)=0, flushCache_()=0, getValidTxns_(long)=0, openTxn_(String, TxnType)=2, commitTxn_(CommitTxnRequest)=11, getDatabase_(String)=1}
2024-04-24T01:11:42,582  INFO [main] ql.Driver: Completed compiling command(queryId=alex_20240424011142_143222e5-8631-4be8-b1bd-f45447901e50); Time taken: 0.006 seconds
2024-04-24T01:11:42,582  INFO [main] lockmgr.DbTxnManager: Setting lock request transaction to txnid:9 for queryId=alex_20240424011142_143222e5-8631-4be8-b1bd-f45447901e50
2024-04-24T01:11:42,582  INFO [main] lockmgr.DbLockManager: Requesting lock for queryId=alex_20240424011142_143222e5-8631-4be8-b1bd-f45447901e50
2024-04-24T01:11:42,598  INFO [main] lockmgr.DbLockManager: Response to queryId=alex_20240424011142_143222e5-8631-4be8-b1bd-f45447901e50 LockResponse(lockid:3, state:ACQUIRED)
2024-04-24T01:11:42,598  INFO [main] ql.Driver: Operation CREATETABLE obtained 1 locks
2024-04-24T01:11:42,598  INFO [main] ql.Driver: Executing command(queryId=alex_20240424011142_143222e5-8631-4be8-b1bd-f45447901e50): create table nonAcidOrcTbl(a int, b int) clustered by (a) into 2 buckets stored as orc TBLPROPERTIES ('transactional'='false')
2024-04-24T01:11:42,598  INFO [main] ql.Driver: Starting task [Stage-0:DDL] in serial mode
2024-04-24T01:11:42,599  INFO [main] HiveMetaStore.audit: ugi=alex	ip=unknown-ip-addr	cmd=create_table_req: Table(tableName:nonAcidOrcTbl, dbName:default, owner:alex, createTime:1713946302, lastAccessTime:0, retention:0, sd:StorageDescriptor(cols:[FieldSchema(name:a, type:int, comment:null), FieldSchema(name:b, type:int, comment:null)], location:null, inputFormat:org.apache.hadoop.hive.ql.io.orc.OrcInputFormat, outputFormat:org.apache.hadoop.hive.ql.io.orc.OrcOutputFormat, compressed:false, numBuckets:2, serdeInfo:SerDeInfo(name:null, serializationLib:org.apache.hadoop.hive.ql.io.orc.OrcSerde, parameters:{serialization.format=1}), bucketCols:[a], sortCols:[], parameters:{}, skewedInfo:SkewedInfo(skewedColNames:[], skewedColValues:[], skewedColValueLocationMaps:{}), storedAsSubDirectories:false), partitionKeys:[], parameters:{COLUMN_STATS_ACCURATE={"BASIC_STATS":"true","COLUMN_STATS":{"a":"true","b":"true"}}, bucketing_version=2, transactional=false, rawDataSize=0, totalSize=0, numFiles=0, numRows=0, numFilesErasureCoded=0}, viewOriginalText:null, viewExpandedText:null, tableType:MANAGED_TABLE, privileges:PrincipalPrivilegeSet(userPrivileges:{alex=[PrivilegeGrantInfo(privilege:INSERT, createTime:-1, grantor:alex, grantorType:USER, grantOption:true), PrivilegeGrantInfo(privilege:SELECT, createTime:-1, grantor:alex, grantorType:USER, grantOption:true), PrivilegeGrantInfo(privilege:UPDATE, createTime:-1, grantor:alex, grantorType:USER, grantOption:true), PrivilegeGrantInfo(privilege:DELETE, createTime:-1, grantor:alex, grantorType:USER, grantOption:true)]}, groupPrivileges:null, rolePrivileges:null), temporary:false, catName:hive, ownerType:USER)	
2024-04-24T01:11:42,604  INFO [main] utils.FileUtils: Creating directory if it doesn't exist: file:/home/alex/Repositories/hive/ql/target/tmp/org.apache.hadoop.hive.ql.TestTxnCommands-1713946100941/warehouse/nonacidorctbl
2024-04-24T01:11:42,617  INFO [main] metadata.Hive: Dumping metastore api call timing information for : execution phase
2024-04-24T01:11:42,617  INFO [main] metadata.Hive: Total time spent in each metastore function (ms): {isCompatibleWith_(Configuration)=0, createTable_(Table)=17}
2024-04-24T01:11:42,617  INFO [main] ql.Driver: Completed executing command(queryId=alex_20240424011142_143222e5-8631-4be8-b1bd-f45447901e50); Time taken: 0.019 seconds
2024-04-24T01:11:42,617  INFO [main] lockmgr.DbTxnManager: Stopped heartbeat for query: alex_20240424011142_143222e5-8631-4be8-b1bd-f45447901e50
2024-04-24T01:11:42,621  INFO [main] txn.TxnHandler: Expected to move at least one record from txn_components to completed_txn_components when committing txn! txnid:9
2024-04-24T01:11:42,628  INFO [main] txn.TxnHandler: Removed transactions: ([9]) from MIN_HISTORY_LEVEL
2024-04-24T01:11:42,628  WARN [main] txn.CompactionTxnHandler: No compaction queue record found for Compaction type transaction commit. txnId:9
2024-04-24T01:11:42,629  INFO [main] ql.TxnCommandsBaseForTests: Running the query: create table nonAcidOrcTbl2(a int, b int) clustered by (a) into 2 buckets stored as orc TBLPROPERTIES ('transactional'='false')
2024-04-24T01:11:42,629  INFO [main] ql.Driver: Compiling command(queryId=alex_20240424011142_6d73cfad-566d-416f-8b06-f016bd1f6534): create table nonAcidOrcTbl2(a int, b int) clustered by (a) into 2 buckets stored as orc TBLPROPERTIES ('transactional'='false')
2024-04-24T01:11:42,631  INFO [main] txn.TxnHandler: Added entries to MIN_HISTORY_LEVEL for current txns: ([10]) with min_open_txn: 1
2024-04-24T01:11:42,631  INFO [main] lockmgr.DbTxnManager: Opened txnid:10
2024-04-24T01:11:42,632  INFO [main] parse.CalcitePlanner: Starting caching scope for: 
2024-04-24T01:11:42,632  INFO [main] parse.CalcitePlanner: Starting Semantic Analysis
2024-04-24T01:11:42,634  INFO [main] parse.CalcitePlanner: Creating table default.nonAcidOrcTbl2 position=13
2024-04-24T01:11:42,635  INFO [main] HiveMetaStore.audit: ugi=alex	ip=unknown-ip-addr	cmd=get_database: default	
2024-04-24T01:11:42,636  INFO [main] parse.CalcitePlanner: Ending caching scope for: 
2024-04-24T01:11:42,636  INFO [main] ql.Driver: Semantic Analysis Completed (retrial = false)
2024-04-24T01:11:42,636  INFO [main] ql.Driver: Created Hive schema: Schema(fieldSchemas:null, properties:null)
2024-04-24T01:11:42,636  INFO [main] metadata.Hive: Dumping metastore api call timing information for : compilation phase
2024-04-24T01:11:42,636  INFO [main] metadata.Hive: Total time spent in each metastore function (ms): {isCompatibleWith_(Configuration)=0, getValidTxns_(long)=0, getValidWriteIds_(List, String)=2, commitTxn_(CommitTxnRequest)=11, getDatabase_(String)=1, openTxn_(String, TxnType)=2, flushCache_()=0}
2024-04-24T01:11:42,636  INFO [main] ql.Driver: Completed compiling command(queryId=alex_20240424011142_6d73cfad-566d-416f-8b06-f016bd1f6534); Time taken: 0.007 seconds
2024-04-24T01:11:42,637  INFO [main] lockmgr.DbTxnManager: Setting lock request transaction to txnid:10 for queryId=alex_20240424011142_6d73cfad-566d-416f-8b06-f016bd1f6534
2024-04-24T01:11:42,637  INFO [main] lockmgr.DbLockManager: Requesting lock for queryId=alex_20240424011142_6d73cfad-566d-416f-8b06-f016bd1f6534
2024-04-24T01:11:42,652  INFO [main] lockmgr.DbLockManager: Response to queryId=alex_20240424011142_6d73cfad-566d-416f-8b06-f016bd1f6534 LockResponse(lockid:4, state:ACQUIRED)
2024-04-24T01:11:42,652  INFO [main] ql.Driver: Operation CREATETABLE obtained 1 locks
2024-04-24T01:11:42,652  INFO [main] ql.Driver: Executing command(queryId=alex_20240424011142_6d73cfad-566d-416f-8b06-f016bd1f6534): create table nonAcidOrcTbl2(a int, b int) clustered by (a) into 2 buckets stored as orc TBLPROPERTIES ('transactional'='false')
2024-04-24T01:11:42,652  INFO [main] ql.Driver: Starting task [Stage-0:DDL] in serial mode
2024-04-24T01:11:42,653  INFO [main] HiveMetaStore.audit: ugi=alex	ip=unknown-ip-addr	cmd=create_table_req: Table(tableName:nonAcidOrcTbl2, dbName:default, owner:alex, createTime:1713946302, lastAccessTime:0, retention:0, sd:StorageDescriptor(cols:[FieldSchema(name:a, type:int, comment:null), FieldSchema(name:b, type:int, comment:null)], location:null, inputFormat:org.apache.hadoop.hive.ql.io.orc.OrcInputFormat, outputFormat:org.apache.hadoop.hive.ql.io.orc.OrcOutputFormat, compressed:false, numBuckets:2, serdeInfo:SerDeInfo(name:null, serializationLib:org.apache.hadoop.hive.ql.io.orc.OrcSerde, parameters:{serialization.format=1}), bucketCols:[a], sortCols:[], parameters:{}, skewedInfo:SkewedInfo(skewedColNames:[], skewedColValues:[], skewedColValueLocationMaps:{}), storedAsSubDirectories:false), partitionKeys:[], parameters:{rawDataSize=0, numRows=0, numFiles=0, transactional=false, numFilesErasureCoded=0, COLUMN_STATS_ACCURATE={"BASIC_STATS":"true","COLUMN_STATS":{"a":"true","b":"true"}}, totalSize=0, bucketing_version=2}, viewOriginalText:null, viewExpandedText:null, tableType:MANAGED_TABLE, privileges:PrincipalPrivilegeSet(userPrivileges:{alex=[PrivilegeGrantInfo(privilege:INSERT, createTime:-1, grantor:alex, grantorType:USER, grantOption:true), PrivilegeGrantInfo(privilege:SELECT, createTime:-1, grantor:alex, grantorType:USER, grantOption:true), PrivilegeGrantInfo(privilege:UPDATE, createTime:-1, grantor:alex, grantorType:USER, grantOption:true), PrivilegeGrantInfo(privilege:DELETE, createTime:-1, grantor:alex, grantorType:USER, grantOption:true)]}, groupPrivileges:null, rolePrivileges:null), temporary:false, catName:hive, ownerType:USER)	
2024-04-24T01:11:42,658  INFO [main] utils.FileUtils: Creating directory if it doesn't exist: file:/home/alex/Repositories/hive/ql/target/tmp/org.apache.hadoop.hive.ql.TestTxnCommands-1713946100941/warehouse/nonacidorctbl2
2024-04-24T01:11:42,671  INFO [main] metadata.Hive: Dumping metastore api call timing information for : execution phase
2024-04-24T01:11:42,671  INFO [main] metadata.Hive: Total time spent in each metastore function (ms): {isCompatibleWith_(Configuration)=0, createTable_(Table)=19}
2024-04-24T01:11:42,671  INFO [main] ql.Driver: Completed executing command(queryId=alex_20240424011142_6d73cfad-566d-416f-8b06-f016bd1f6534); Time taken: 0.019 seconds
2024-04-24T01:11:42,671  INFO [main] lockmgr.DbTxnManager: Stopped heartbeat for query: alex_20240424011142_6d73cfad-566d-416f-8b06-f016bd1f6534
2024-04-24T01:11:42,676  INFO [main] txn.TxnHandler: Expected to move at least one record from txn_components to completed_txn_components when committing txn! txnid:10
2024-04-24T01:11:42,684  INFO [main] txn.TxnHandler: Removed transactions: ([10]) from MIN_HISTORY_LEVEL
2024-04-24T01:11:42,684  WARN [main] txn.CompactionTxnHandler: No compaction queue record found for Compaction type transaction commit. txnId:10
2024-04-24T01:11:42,685  INFO [main] ql.TxnCommandsBaseForTests: Running the query: create temporary  table acidTbl2(a int, b int, c int) clustered by (c) into 2 buckets stored as orc TBLPROPERTIES ('transactional'='true')
2024-04-24T01:11:42,685  INFO [main] ql.Driver: Compiling command(queryId=alex_20240424011142_2460ee49-e036-454a-955b-d57ade4cf4a5): create temporary  table acidTbl2(a int, b int, c int) clustered by (c) into 2 buckets stored as orc TBLPROPERTIES ('transactional'='true')
2024-04-24T01:11:42,688  INFO [main] txn.TxnHandler: Added entries to MIN_HISTORY_LEVEL for current txns: ([11]) with min_open_txn: 1
2024-04-24T01:11:42,688  INFO [main] lockmgr.DbTxnManager: Opened txnid:11
2024-04-24T01:11:42,688  INFO [main] parse.CalcitePlanner: Starting caching scope for: 
2024-04-24T01:11:42,688  INFO [main] parse.CalcitePlanner: Starting Semantic Analysis
2024-04-24T01:11:42,691  INFO [main] parse.CalcitePlanner: Creating table default.acidTbl2 position=24
2024-04-24T01:11:42,691  INFO [main] HiveMetaStore.audit: ugi=alex	ip=unknown-ip-addr	cmd=get_database: default	
2024-04-24T01:11:42,693  INFO [main] parse.CalcitePlanner: Ending caching scope for: 
2024-04-24T01:11:42,693  INFO [main] ql.Driver: Semantic Analysis Completed (retrial = false)
2024-04-24T01:11:42,693  INFO [main] ql.Driver: Created Hive schema: Schema(fieldSchemas:null, properties:null)
2024-04-24T01:11:42,693  INFO [main] metadata.Hive: Dumping metastore api call timing information for : compilation phase
2024-04-24T01:11:42,693  INFO [main] metadata.Hive: Total time spent in each metastore function (ms): {openTxn_(String, TxnType)=2, getDatabase_(String)=2, commitTxn_(CommitTxnRequest)=14, getValidTxns_(long)=0, flushCache_()=0, getValidWriteIds_(List, String)=3, isCompatibleWith_(Configuration)=0}
2024-04-24T01:11:42,693  INFO [main] ql.Driver: Completed compiling command(queryId=alex_20240424011142_2460ee49-e036-454a-955b-d57ade4cf4a5); Time taken: 0.008 seconds
2024-04-24T01:11:42,694  INFO [main] lockmgr.DbTxnManager: Setting lock request transaction to txnid:11 for queryId=alex_20240424011142_2460ee49-e036-454a-955b-d57ade4cf4a5
2024-04-24T01:11:42,694  INFO [main] lockmgr.DbLockManager: Requesting lock for queryId=alex_20240424011142_2460ee49-e036-454a-955b-d57ade4cf4a5
2024-04-24T01:11:42,709  INFO [main] lockmgr.DbLockManager: Response to queryId=alex_20240424011142_2460ee49-e036-454a-955b-d57ade4cf4a5 LockResponse(lockid:5, state:ACQUIRED)
2024-04-24T01:11:42,709  INFO [main] ql.Driver: Operation CREATETABLE obtained 1 locks
2024-04-24T01:11:42,710  INFO [main] ql.Driver: Executing command(queryId=alex_20240424011142_2460ee49-e036-454a-955b-d57ade4cf4a5): create temporary  table acidTbl2(a int, b int, c int) clustered by (c) into 2 buckets stored as orc TBLPROPERTIES ('transactional'='true')
2024-04-24T01:11:42,710  INFO [main] ql.Driver: Starting task [Stage-0:DDL] in serial mode
2024-04-24T01:11:42,711  INFO [main] utils.FileUtils: Creating directory if it doesn't exist: file:/home/alex/Repositories/hive/ql/target/tmp/scratchdir/alex/61fb946c-b890-41bc-a56a-54f8c4fa32f3/_tmp_space.db/7c319fea-6649-4516-9ede-fa1ce9c11e17
2024-04-24T01:11:42,714  INFO [main] metadata.Hive: Dumping metastore api call timing information for : execution phase
2024-04-24T01:11:42,714  INFO [main] metadata.Hive: Total time spent in each metastore function (ms): {isCompatibleWith_(Configuration)=0, createTable_(Table)=3}
2024-04-24T01:11:42,714  INFO [main] ql.Driver: Completed executing command(queryId=alex_20240424011142_2460ee49-e036-454a-955b-d57ade4cf4a5); Time taken: 0.004 seconds
2024-04-24T01:11:42,714  INFO [main] lockmgr.DbTxnManager: Stopped heartbeat for query: alex_20240424011142_2460ee49-e036-454a-955b-d57ade4cf4a5
2024-04-24T01:11:42,720  INFO [main] txn.TxnHandler: Expected to move at least one record from txn_components to completed_txn_components when committing txn! txnid:11
2024-04-24T01:11:42,730  INFO [main] txn.TxnHandler: Removed transactions: ([11]) from MIN_HISTORY_LEVEL
2024-04-24T01:11:42,730  WARN [main] txn.CompactionTxnHandler: No compaction queue record found for Compaction type transaction commit. txnId:11
2024-04-24T01:11:42,731  INFO [main] ql.TxnCommandsBaseForTests: Running the query: create table nonAcidNonBucket(a int, b int) stored as orc TBLPROPERTIES ('transactional'='false')
2024-04-24T01:11:42,731  INFO [main] ql.Driver: Compiling command(queryId=alex_20240424011142_accc1f3a-c647-40d6-b07d-e91ab1d4b59a): create table nonAcidNonBucket(a int, b int) stored as orc TBLPROPERTIES ('transactional'='false')
2024-04-24T01:11:42,735  INFO [main] txn.TxnHandler: Added entries to MIN_HISTORY_LEVEL for current txns: ([12]) with min_open_txn: 1
2024-04-24T01:11:42,735  INFO [main] lockmgr.DbTxnManager: Opened txnid:12
2024-04-24T01:11:42,736  INFO [main] parse.CalcitePlanner: Starting caching scope for: 
2024-04-24T01:11:42,736  INFO [main] parse.CalcitePlanner: Starting Semantic Analysis
2024-04-24T01:11:42,740  INFO [main] parse.CalcitePlanner: Creating table default.nonAcidNonBucket position=13
2024-04-24T01:11:42,740  INFO [main] HiveMetaStore.audit: ugi=alex	ip=unknown-ip-addr	cmd=get_database: default	
2024-04-24T01:11:42,742  INFO [main] parse.CalcitePlanner: Ending caching scope for: 
2024-04-24T01:11:42,742  INFO [main] ql.Driver: Semantic Analysis Completed (retrial = false)
2024-04-24T01:11:42,742  INFO [main] ql.Driver: Created Hive schema: Schema(fieldSchemas:null, properties:null)
2024-04-24T01:11:42,742  INFO [main] metadata.Hive: Dumping metastore api call timing information for : compilation phase
2024-04-24T01:11:42,743  INFO [main] metadata.Hive: Total time spent in each metastore function (ms): {flushCache_()=0, getValidTxns_(long)=1, isCompatibleWith_(Configuration)=0, getValidWriteIds_(List, String)=3, commitTxn_(CommitTxnRequest)=17, openTxn_(String, TxnType)=3, getDatabase_(String)=2}
2024-04-24T01:11:42,743  INFO [main] ql.Driver: Completed compiling command(queryId=alex_20240424011142_accc1f3a-c647-40d6-b07d-e91ab1d4b59a); Time taken: 0.011 seconds
2024-04-24T01:11:42,743  INFO [main] lockmgr.DbTxnManager: Setting lock request transaction to txnid:12 for queryId=alex_20240424011142_accc1f3a-c647-40d6-b07d-e91ab1d4b59a
2024-04-24T01:11:42,744  INFO [main] lockmgr.DbLockManager: Requesting lock for queryId=alex_20240424011142_accc1f3a-c647-40d6-b07d-e91ab1d4b59a
2024-04-24T01:11:42,763  INFO [main] lockmgr.DbLockManager: Response to queryId=alex_20240424011142_accc1f3a-c647-40d6-b07d-e91ab1d4b59a LockResponse(lockid:6, state:ACQUIRED)
2024-04-24T01:11:42,763  INFO [main] ql.Driver: Operation CREATETABLE obtained 1 locks
2024-04-24T01:11:42,763  INFO [main] ql.Driver: Executing command(queryId=alex_20240424011142_accc1f3a-c647-40d6-b07d-e91ab1d4b59a): create table nonAcidNonBucket(a int, b int) stored as orc TBLPROPERTIES ('transactional'='false')
2024-04-24T01:11:42,763  INFO [main] ql.Driver: Starting task [Stage-0:DDL] in serial mode
2024-04-24T01:11:42,764  INFO [main] HiveMetaStore.audit: ugi=alex	ip=unknown-ip-addr	cmd=create_table_req: Table(tableName:nonAcidNonBucket, dbName:default, owner:alex, createTime:1713946302, lastAccessTime:0, retention:0, sd:StorageDescriptor(cols:[FieldSchema(name:a, type:int, comment:null), FieldSchema(name:b, type:int, comment:null)], location:null, inputFormat:org.apache.hadoop.hive.ql.io.orc.OrcInputFormat, outputFormat:org.apache.hadoop.hive.ql.io.orc.OrcOutputFormat, compressed:false, numBuckets:-1, serdeInfo:SerDeInfo(name:null, serializationLib:org.apache.hadoop.hive.ql.io.orc.OrcSerde, parameters:{serialization.format=1}), bucketCols:[], sortCols:[], parameters:{}, skewedInfo:SkewedInfo(skewedColNames:[], skewedColValues:[], skewedColValueLocationMaps:{}), storedAsSubDirectories:false), partitionKeys:[], parameters:{numRows=0, COLUMN_STATS_ACCURATE={"BASIC_STATS":"true","COLUMN_STATS":{"a":"true","b":"true"}}, totalSize=0, numFilesErasureCoded=0, rawDataSize=0, bucketing_version=2, numFiles=0, transactional=false}, viewOriginalText:null, viewExpandedText:null, tableType:MANAGED_TABLE, privileges:PrincipalPrivilegeSet(userPrivileges:{alex=[PrivilegeGrantInfo(privilege:INSERT, createTime:-1, grantor:alex, grantorType:USER, grantOption:true), PrivilegeGrantInfo(privilege:SELECT, createTime:-1, grantor:alex, grantorType:USER, grantOption:true), PrivilegeGrantInfo(privilege:UPDATE, createTime:-1, grantor:alex, grantorType:USER, grantOption:true), PrivilegeGrantInfo(privilege:DELETE, createTime:-1, grantor:alex, grantorType:USER, grantOption:true)]}, groupPrivileges:null, rolePrivileges:null), temporary:false, catName:hive, ownerType:USER)	
2024-04-24T01:11:42,770  INFO [main] utils.FileUtils: Creating directory if it doesn't exist: file:/home/alex/Repositories/hive/ql/target/tmp/org.apache.hadoop.hive.ql.TestTxnCommands-1713946100941/warehouse/nonacidnonbucket
2024-04-24T01:11:42,782  INFO [main] metadata.Hive: Dumping metastore api call timing information for : execution phase
2024-04-24T01:11:42,782  INFO [main] metadata.Hive: Total time spent in each metastore function (ms): {isCompatibleWith_(Configuration)=0, createTable_(Table)=18}
2024-04-24T01:11:42,782  INFO [main] ql.Driver: Completed executing command(queryId=alex_20240424011142_accc1f3a-c647-40d6-b07d-e91ab1d4b59a); Time taken: 0.019 seconds
2024-04-24T01:11:42,782  INFO [main] lockmgr.DbTxnManager: Stopped heartbeat for query: alex_20240424011142_accc1f3a-c647-40d6-b07d-e91ab1d4b59a
2024-04-24T01:11:42,787  INFO [main] txn.TxnHandler: Expected to move at least one record from txn_components to completed_txn_components when committing txn! txnid:12
2024-04-24T01:11:42,794  INFO [main] txn.TxnHandler: Removed transactions: ([12]) from MIN_HISTORY_LEVEL
2024-04-24T01:11:42,794  WARN [main] txn.CompactionTxnHandler: No compaction queue record found for Compaction type transaction commit. txnId:12
2024-04-24T01:11:42,795  INFO [main] ql.TxnCommandsBaseForTests: Running the query: drop table if exists `aci/d_u/ami`
2024-04-24T01:11:42,795  INFO [main] ql.Driver: Compiling command(queryId=alex_20240424011142_b0998715-6064-4e56-bd4b-c13c6fb75817): drop table if exists `aci/d_u/ami`
2024-04-24T01:11:42,797  INFO [main] txn.TxnHandler: Added entries to MIN_HISTORY_LEVEL for current txns: ([13]) with min_open_txn: 1
2024-04-24T01:11:42,798  INFO [main] lockmgr.DbTxnManager: Opened txnid:13
2024-04-24T01:11:42,798  INFO [main] HiveMetaStore.audit: ugi=alex	ip=unknown-ip-addr	cmd=get_table : tbl=hive.default.aci/d_u/ami	
2024-04-24T01:11:42,818  INFO [main] metastore.HMSHandler: Skipping translation for processor with null
2024-04-24T01:11:42,819  INFO [main] ql.Driver: Semantic Analysis Completed (retrial = false)
2024-04-24T01:11:42,819  INFO [main] ql.Driver: Created Hive schema: Schema(fieldSchemas:null, properties:null)
2024-04-24T01:11:42,819  INFO [main] metadata.Hive: Dumping metastore api call timing information for : compilation phase
2024-04-24T01:11:42,819  INFO [main] metadata.Hive: Total time spent in each metastore function (ms): {isCompatibleWith_(Configuration)=0, getValidTxns_(long)=0, getTable_(GetTableRequest)=21, commitTxn_(CommitTxnRequest)=13, flushCache_()=0, openTxn_(String, TxnType)=3}
2024-04-24T01:11:42,820  INFO [main] ql.Driver: Completed compiling command(queryId=alex_20240424011142_b0998715-6064-4e56-bd4b-c13c6fb75817); Time taken: 0.024 seconds
2024-04-24T01:11:42,820  INFO [main] lockmgr.DbTxnManager: Setting lock request transaction to txnid:13 for queryId=alex_20240424011142_b0998715-6064-4e56-bd4b-c13c6fb75817
2024-04-24T01:11:42,820  INFO [main] lockmgr.DbLockManager: Requesting lock for queryId=alex_20240424011142_b0998715-6064-4e56-bd4b-c13c6fb75817
2024-04-24T01:11:42,841  INFO [main] lockmgr.DbLockManager: Response to queryId=alex_20240424011142_b0998715-6064-4e56-bd4b-c13c6fb75817 LockResponse(lockid:7, state:ACQUIRED)
2024-04-24T01:11:42,841  INFO [main] ql.Driver: Operation DROPTABLE obtained 1 locks
2024-04-24T01:11:42,841  INFO [main] ql.Driver: Executing command(queryId=alex_20240424011142_b0998715-6064-4e56-bd4b-c13c6fb75817): drop table if exists `aci/d_u/ami`
2024-04-24T01:11:42,842  INFO [main] ql.Driver: Starting task [Stage-0:DDL] in serial mode
2024-04-24T01:11:42,842  INFO [main] HiveMetaStore.audit: ugi=alex	ip=unknown-ip-addr	cmd=get_table : tbl=hive.default.aci/d_u/ami	
2024-04-24T01:11:42,848  INFO [main] metastore.HMSHandler: Skipping translation for processor with null
2024-04-24T01:11:42,848  INFO [main] HiveMetaStore.audit: ugi=alex	ip=unknown-ip-addr	cmd=get_table : tbl=hive.default.aci/d_u/ami	
2024-04-24T01:11:42,854  INFO [main] metastore.HMSHandler: Skipping translation for processor with null
2024-04-24T01:11:42,854  INFO [main] HiveMetaStore.audit: ugi=alex	ip=unknown-ip-addr	cmd=drop_table : tbl=hive.default.aci/d_u/ami	
2024-04-24T01:11:42,976  WARN [main] utils.FileUtils: File file:/home/alex/Repositories/hive/ql/target/tmp/org.apache.hadoop.hive.ql.TestTxnCommands-1713946100941/warehouse/aci-47-d_u-47-ami does not exist; Force to delete it.
2024-04-24T01:11:42,976 ERROR [main] utils.FileUtils: Failed to delete file:/home/alex/Repositories/hive/ql/target/tmp/org.apache.hadoop.hive.ql.TestTxnCommands-1713946100941/warehouse/aci-47-d_u-47-ami
2024-04-24T01:11:42,976  INFO [main] metadata.Hive: Dumping metastore api call timing information for : execution phase
2024-04-24T01:11:42,977  INFO [main] metadata.Hive: Total time spent in each metastore function (ms): {isCompatibleWith_(Configuration)=0, getTable_(GetTableRequest)=6, dropTable_(String, String, boolean, boolean, boolean)=128}
2024-04-24T01:11:42,977  INFO [main] ql.Driver: Completed executing command(queryId=alex_20240424011142_b0998715-6064-4e56-bd4b-c13c6fb75817); Time taken: 0.135 seconds
2024-04-24T01:11:42,977  INFO [main] lockmgr.DbTxnManager: Stopped heartbeat for query: alex_20240424011142_b0998715-6064-4e56-bd4b-c13c6fb75817
2024-04-24T01:11:42,983  INFO [main] txn.TxnHandler: Expected to move at least one record from txn_components to completed_txn_components when committing txn! txnid:13
2024-04-24T01:11:42,993  INFO [main] txn.TxnHandler: Removed transactions: ([13]) from MIN_HISTORY_LEVEL
2024-04-24T01:11:42,993  WARN [main] txn.CompactionTxnHandler: No compaction queue record found for Compaction type transaction commit. txnId:13
2024-04-24T01:11:42,994  INFO [main] ql.TxnCommandsBaseForTests: Running the query: drop table if exists `src/name`
2024-04-24T01:11:42,994  INFO [main] ql.Driver: Compiling command(queryId=alex_20240424011142_71da53fa-9008-4559-95cf-3617aa9afa69): drop table if exists `src/name`
2024-04-24T01:11:42,997  INFO [main] txn.TxnHandler: Added entries to MIN_HISTORY_LEVEL for current txns: ([14]) with min_open_txn: 1
2024-04-24T01:11:42,997  INFO [main] lockmgr.DbTxnManager: Opened txnid:14
2024-04-24T01:11:42,998  INFO [main] HiveMetaStore.audit: ugi=alex	ip=unknown-ip-addr	cmd=get_table : tbl=hive.default.src/name	
2024-04-24T01:11:43,027  INFO [main] metastore.HMSHandler: Skipping translation for processor with null
2024-04-24T01:11:43,027  INFO [main] ql.Driver: Semantic Analysis Completed (retrial = false)
2024-04-24T01:11:43,027  INFO [main] ql.Driver: Created Hive schema: Schema(fieldSchemas:null, properties:null)
2024-04-24T01:11:43,027  INFO [main] metadata.Hive: Dumping metastore api call timing information for : compilation phase
2024-04-24T01:11:43,027  INFO [main] metadata.Hive: Total time spent in each metastore function (ms): {getValidTxns_(long)=0, isCompatibleWith_(Configuration)=2, getTable_(GetTableRequest)=29, openTxn_(String, TxnType)=2, flushCache_()=0, commitTxn_(CommitTxnRequest)=17}
2024-04-24T01:11:43,027  INFO [main] ql.Driver: Completed compiling command(queryId=alex_20240424011142_71da53fa-9008-4559-95cf-3617aa9afa69); Time taken: 0.033 seconds
2024-04-24T01:11:43,027  INFO [main] lockmgr.DbTxnManager: Setting lock request transaction to txnid:14 for queryId=alex_20240424011142_71da53fa-9008-4559-95cf-3617aa9afa69
2024-04-24T01:11:43,028  INFO [main] lockmgr.DbLockManager: Requesting lock for queryId=alex_20240424011142_71da53fa-9008-4559-95cf-3617aa9afa69
2024-04-24T01:11:43,045  INFO [main] lockmgr.DbLockManager: Response to queryId=alex_20240424011142_71da53fa-9008-4559-95cf-3617aa9afa69 LockResponse(lockid:8, state:ACQUIRED)
2024-04-24T01:11:43,045  INFO [main] ql.Driver: Operation DROPTABLE obtained 1 locks
2024-04-24T01:11:43,045  INFO [main] ql.Driver: Executing command(queryId=alex_20240424011142_71da53fa-9008-4559-95cf-3617aa9afa69): drop table if exists `src/name`
2024-04-24T01:11:43,045  INFO [main] ql.Driver: Starting task [Stage-0:DDL] in serial mode
2024-04-24T01:11:43,045  INFO [main] HiveMetaStore.audit: ugi=alex	ip=unknown-ip-addr	cmd=get_table : tbl=hive.default.src/name	
2024-04-24T01:11:43,054  INFO [main] metastore.HMSHandler: Skipping translation for processor with null
2024-04-24T01:11:43,054  INFO [main] HiveMetaStore.audit: ugi=alex	ip=unknown-ip-addr	cmd=get_table : tbl=hive.default.src/name	
2024-04-24T01:11:43,062  INFO [main] metastore.HMSHandler: Skipping translation for processor with null
2024-04-24T01:11:43,062  INFO [main] HiveMetaStore.audit: ugi=alex	ip=unknown-ip-addr	cmd=drop_table : tbl=hive.default.src/name	
2024-04-24T01:11:43,094  WARN [main] utils.FileUtils: File file:/home/alex/Repositories/hive/ql/target/tmp/org.apache.hadoop.hive.ql.TestTxnCommands-1713946100941/warehouse/src-47-name does not exist; Force to delete it.
2024-04-24T01:11:43,094 ERROR [main] utils.FileUtils: Failed to delete file:/home/alex/Repositories/hive/ql/target/tmp/org.apache.hadoop.hive.ql.TestTxnCommands-1713946100941/warehouse/src-47-name
2024-04-24T01:11:43,094  INFO [main] metadata.Hive: Dumping metastore api call timing information for : execution phase
2024-04-24T01:11:43,094  INFO [main] metadata.Hive: Total time spent in each metastore function (ms): {getTable_(GetTableRequest)=9, isCompatibleWith_(Configuration)=0, dropTable_(String, String, boolean, boolean, boolean)=40}
2024-04-24T01:11:43,094  INFO [main] ql.Driver: Completed executing command(queryId=alex_20240424011142_71da53fa-9008-4559-95cf-3617aa9afa69); Time taken: 0.049 seconds
2024-04-24T01:11:43,094  INFO [main] lockmgr.DbTxnManager: Stopped heartbeat for query: alex_20240424011142_71da53fa-9008-4559-95cf-3617aa9afa69
2024-04-24T01:11:43,099  INFO [main] txn.TxnHandler: Expected to move at least one record from txn_components to completed_txn_components when committing txn! txnid:14
2024-04-24T01:11:43,107  INFO [main] txn.TxnHandler: Removed transactions: ([14]) from MIN_HISTORY_LEVEL
2024-04-24T01:11:43,107  WARN [main] txn.CompactionTxnHandler: No compaction queue record found for Compaction type transaction commit. txnId:14
2024-04-24T01:11:43,108  INFO [main] ql.TxnCommandsBaseForTests: Running the query: create table `aci/d_u/ami`(i int,`d?*de e` decimal(5,2),vc varchar(128)) clustered by (i) into 2 buckets stored as orc TBLPROPERTIES ('transactional'='true')
2024-04-24T01:11:43,108  INFO [main] ql.Driver: Compiling command(queryId=alex_20240424011143_32b00abf-05d3-4bc8-9da9-50b96c413df5): create table `aci/d_u/ami`(i int,`d?*de e` decimal(5,2),vc varchar(128)) clustered by (i) into 2 buckets stored as orc TBLPROPERTIES ('transactional'='true')
2024-04-24T01:11:43,111  INFO [main] txn.TxnHandler: Added entries to MIN_HISTORY_LEVEL for current txns: ([15]) with min_open_txn: 1
2024-04-24T01:11:43,111  INFO [main] lockmgr.DbTxnManager: Opened txnid:15
2024-04-24T01:11:43,112  INFO [main] parse.CalcitePlanner: Starting caching scope for: 
2024-04-24T01:11:43,112  INFO [main] parse.CalcitePlanner: Starting Semantic Analysis
2024-04-24T01:11:43,118  INFO [main] parse.CalcitePlanner: Creating table default.aci/d_u/ami position=13
2024-04-24T01:11:43,118  INFO [main] HiveMetaStore.audit: ugi=alex	ip=unknown-ip-addr	cmd=get_database: default	
2024-04-24T01:11:43,120  INFO [main] parse.CalcitePlanner: Ending caching scope for: 
2024-04-24T01:11:43,120  INFO [main] ql.Driver: Semantic Analysis Completed (retrial = false)
2024-04-24T01:11:43,120  INFO [main] ql.Driver: Created Hive schema: Schema(fieldSchemas:null, properties:null)
2024-04-24T01:11:43,120  INFO [main] metadata.Hive: Dumping metastore api call timing information for : compilation phase
2024-04-24T01:11:43,120  INFO [main] metadata.Hive: Total time spent in each metastore function (ms): {commitTxn_(CommitTxnRequest)=14, isCompatibleWith_(Configuration)=0, getValidTxns_(long)=1, flushCache_()=0, getDatabase_(String)=2, getValidWriteIds_(List, String)=6, openTxn_(String, TxnType)=2}
2024-04-24T01:11:43,120  INFO [main] ql.Driver: Completed compiling command(queryId=alex_20240424011143_32b00abf-05d3-4bc8-9da9-50b96c413df5); Time taken: 0.012 seconds
2024-04-24T01:11:43,121  INFO [main] lockmgr.DbTxnManager: Setting lock request transaction to txnid:15 for queryId=alex_20240424011143_32b00abf-05d3-4bc8-9da9-50b96c413df5
2024-04-24T01:11:43,121  INFO [main] lockmgr.DbLockManager: Requesting lock for queryId=alex_20240424011143_32b00abf-05d3-4bc8-9da9-50b96c413df5
2024-04-24T01:11:43,139  INFO [main] lockmgr.DbLockManager: Response to queryId=alex_20240424011143_32b00abf-05d3-4bc8-9da9-50b96c413df5 LockResponse(lockid:9, state:ACQUIRED)
2024-04-24T01:11:43,139  INFO [main] ql.Driver: Operation CREATETABLE obtained 1 locks
2024-04-24T01:11:43,139  INFO [main] ql.Driver: Executing command(queryId=alex_20240424011143_32b00abf-05d3-4bc8-9da9-50b96c413df5): create table `aci/d_u/ami`(i int,`d?*de e` decimal(5,2),vc varchar(128)) clustered by (i) into 2 buckets stored as orc TBLPROPERTIES ('transactional'='true')
2024-04-24T01:11:43,139  INFO [main] ql.Driver: Starting task [Stage-0:DDL] in serial mode
2024-04-24T01:11:43,140  INFO [main] HiveMetaStore.audit: ugi=alex	ip=unknown-ip-addr	cmd=create_table_req: Table(tableName:aci/d_u/ami, dbName:default, owner:alex, createTime:1713946303, lastAccessTime:0, retention:0, sd:StorageDescriptor(cols:[FieldSchema(name:i, type:int, comment:null), FieldSchema(name:d?*de e, type:decimal(5,2), comment:null), FieldSchema(name:vc, type:varchar(128), comment:null)], location:null, inputFormat:org.apache.hadoop.hive.ql.io.orc.OrcInputFormat, outputFormat:org.apache.hadoop.hive.ql.io.orc.OrcOutputFormat, compressed:false, numBuckets:2, serdeInfo:SerDeInfo(name:null, serializationLib:org.apache.hadoop.hive.ql.io.orc.OrcSerde, parameters:{serialization.format=1}), bucketCols:[i], sortCols:[], parameters:{}, skewedInfo:SkewedInfo(skewedColNames:[], skewedColValues:[], skewedColValueLocationMaps:{}), storedAsSubDirectories:false), partitionKeys:[], parameters:{numFilesErasureCoded=0, numFiles=0, transactional=true, totalSize=0, numRows=0, COLUMN_STATS_ACCURATE={"BASIC_STATS":"true","COLUMN_STATS":{"d?*de e":"true","i":"true","vc":"true"}}, bucketing_version=2, rawDataSize=0}, viewOriginalText:null, viewExpandedText:null, tableType:MANAGED_TABLE, privileges:PrincipalPrivilegeSet(userPrivileges:{alex=[PrivilegeGrantInfo(privilege:INSERT, createTime:-1, grantor:alex, grantorType:USER, grantOption:true), PrivilegeGrantInfo(privilege:SELECT, createTime:-1, grantor:alex, grantorType:USER, grantOption:true), PrivilegeGrantInfo(privilege:UPDATE, createTime:-1, grantor:alex, grantorType:USER, grantOption:true), PrivilegeGrantInfo(privilege:DELETE, createTime:-1, grantor:alex, grantorType:USER, grantOption:true)]}, groupPrivileges:null, rolePrivileges:null), temporary:false, catName:hive, ownerType:USER, writeId:0)	
2024-04-24T01:11:43,146  INFO [main] utils.FileUtils: Creating directory if it doesn't exist: file:/home/alex/Repositories/hive/ql/target/tmp/org.apache.hadoop.hive.ql.TestTxnCommands-1713946100941/warehouse/aci-47-d_u-47-ami
2024-04-24T01:11:43,188  INFO [main] metadata.Hive: Dumping metastore api call timing information for : execution phase
2024-04-24T01:11:43,188  INFO [main] metadata.Hive: Total time spent in each metastore function (ms): {createTable_(Table)=48, isCompatibleWith_(Configuration)=0}
2024-04-24T01:11:43,189  INFO [main] ql.Driver: Completed executing command(queryId=alex_20240424011143_32b00abf-05d3-4bc8-9da9-50b96c413df5); Time taken: 0.049 seconds
2024-04-24T01:11:43,189  INFO [main] lockmgr.DbTxnManager: Stopped heartbeat for query: alex_20240424011143_32b00abf-05d3-4bc8-9da9-50b96c413df5
2024-04-24T01:11:43,193  INFO [main] txn.TxnHandler: Expected to move at least one record from txn_components to completed_txn_components when committing txn! txnid:15
2024-04-24T01:11:43,202  INFO [main] txn.TxnHandler: Removed transactions: ([15]) from MIN_HISTORY_LEVEL
2024-04-24T01:11:43,202  WARN [main] txn.CompactionTxnHandler: No compaction queue record found for Compaction type transaction commit. txnId:15
2024-04-24T01:11:43,202  INFO [main] ql.TxnCommandsBaseForTests: Running the query: create table `src/name`(`g/h` int, j decimal(5,2), k varchar(128))
2024-04-24T01:11:43,203  INFO [main] ql.Driver: Compiling command(queryId=alex_20240424011143_ae88a1c4-d118-4154-924c-2a9f1c3b74ef): create table `src/name`(`g/h` int, j decimal(5,2), k varchar(128))
2024-04-24T01:11:43,207  INFO [main] txn.TxnHandler: Added entries to MIN_HISTORY_LEVEL for current txns: ([16]) with min_open_txn: 1
2024-04-24T01:11:43,207  INFO [main] lockmgr.DbTxnManager: Opened txnid:16
2024-04-24T01:11:43,208  INFO [main] parse.CalcitePlanner: Starting caching scope for: 
2024-04-24T01:11:43,208  INFO [main] parse.CalcitePlanner: Starting Semantic Analysis
2024-04-24T01:11:43,211  INFO [main] parse.CalcitePlanner: Creating table default.src/name position=13
2024-04-24T01:11:43,211  INFO [main] HiveMetaStore.audit: ugi=alex	ip=unknown-ip-addr	cmd=get_database: default	
2024-04-24T01:11:43,213  INFO [main] parse.CalcitePlanner: Ending caching scope for: 
2024-04-24T01:11:43,213  INFO [main] ql.Driver: Semantic Analysis Completed (retrial = false)
2024-04-24T01:11:43,213  INFO [main] ql.Driver: Created Hive schema: Schema(fieldSchemas:null, properties:null)
2024-04-24T01:11:43,213  INFO [main] metadata.Hive: Dumping metastore api call timing information for : compilation phase
2024-04-24T01:11:43,213  INFO [main] metadata.Hive: Total time spent in each metastore function (ms): {isCompatibleWith_(Configuration)=0, commitTxn_(CommitTxnRequest)=13, openTxn_(String, TxnType)=4, getDatabase_(String)=2, flushCache_()=0, getValidTxns_(long)=1, getValidWriteIds_(List, String)=3}
2024-04-24T01:11:43,213  INFO [main] ql.Driver: Completed compiling command(queryId=alex_20240424011143_ae88a1c4-d118-4154-924c-2a9f1c3b74ef); Time taken: 0.01 seconds
2024-04-24T01:11:43,214  INFO [main] lockmgr.DbTxnManager: Setting lock request transaction to txnid:16 for queryId=alex_20240424011143_ae88a1c4-d118-4154-924c-2a9f1c3b74ef
2024-04-24T01:11:43,214  INFO [main] lockmgr.DbLockManager: Requesting lock for queryId=alex_20240424011143_ae88a1c4-d118-4154-924c-2a9f1c3b74ef
2024-04-24T01:11:43,237  INFO [main] lockmgr.DbLockManager: Response to queryId=alex_20240424011143_ae88a1c4-d118-4154-924c-2a9f1c3b74ef LockResponse(lockid:10, state:ACQUIRED)
2024-04-24T01:11:43,237  INFO [main] ql.Driver: Operation CREATETABLE obtained 1 locks
2024-04-24T01:11:43,237  INFO [main] ql.Driver: Executing command(queryId=alex_20240424011143_ae88a1c4-d118-4154-924c-2a9f1c3b74ef): create table `src/name`(`g/h` int, j decimal(5,2), k varchar(128))
2024-04-24T01:11:43,238  INFO [main] ql.Driver: Starting task [Stage-0:DDL] in serial mode
2024-04-24T01:11:43,239  INFO [main] HiveMetaStore.audit: ugi=alex	ip=unknown-ip-addr	cmd=create_table_req: Table(tableName:src/name, dbName:default, owner:alex, createTime:1713946303, lastAccessTime:0, retention:0, sd:StorageDescriptor(cols:[FieldSchema(name:g/h, type:int, comment:null), FieldSchema(name:j, type:decimal(5,2), comment:null), FieldSchema(name:k, type:varchar(128), comment:null)], location:null, inputFormat:org.apache.hadoop.mapred.TextInputFormat, outputFormat:org.apache.hadoop.hive.ql.io.HiveIgnoreKeyTextOutputFormat, compressed:false, numBuckets:-1, serdeInfo:SerDeInfo(name:null, serializationLib:org.apache.hadoop.hive.serde2.lazy.LazySimpleSerDe, parameters:{serialization.format=1}), bucketCols:[], sortCols:[], parameters:{}, skewedInfo:SkewedInfo(skewedColNames:[], skewedColValues:[], skewedColValueLocationMaps:{}), storedAsSubDirectories:false), partitionKeys:[], parameters:{numFilesErasureCoded=0, totalSize=0, numRows=0, rawDataSize=0, numFiles=0, COLUMN_STATS_ACCURATE={"BASIC_STATS":"true","COLUMN_STATS":{"g/h":"true","j":"true","k":"true"}}, bucketing_version=2}, viewOriginalText:null, viewExpandedText:null, tableType:MANAGED_TABLE, privileges:PrincipalPrivilegeSet(userPrivileges:{alex=[PrivilegeGrantInfo(privilege:INSERT, createTime:-1, grantor:alex, grantorType:USER, grantOption:true), PrivilegeGrantInfo(privilege:SELECT, createTime:-1, grantor:alex, grantorType:USER, grantOption:true), PrivilegeGrantInfo(privilege:UPDATE, createTime:-1, grantor:alex, grantorType:USER, grantOption:true), PrivilegeGrantInfo(privilege:DELETE, createTime:-1, grantor:alex, grantorType:USER, grantOption:true)]}, groupPrivileges:null, rolePrivileges:null), temporary:false, catName:hive, ownerType:USER)	
2024-04-24T01:11:43,244  INFO [main] utils.FileUtils: Creating directory if it doesn't exist: file:/home/alex/Repositories/hive/ql/target/tmp/org.apache.hadoop.hive.ql.TestTxnCommands-1713946100941/warehouse/src-47-name
2024-04-24T01:11:43,258  INFO [main] metadata.Hive: Dumping metastore api call timing information for : execution phase
2024-04-24T01:11:43,258  INFO [main] metadata.Hive: Total time spent in each metastore function (ms): {createTable_(Table)=20, isCompatibleWith_(Configuration)=0}
2024-04-24T01:11:43,258  INFO [main] ql.Driver: Completed executing command(queryId=alex_20240424011143_ae88a1c4-d118-4154-924c-2a9f1c3b74ef); Time taken: 0.021 seconds
2024-04-24T01:11:43,258  INFO [main] lockmgr.DbTxnManager: Stopped heartbeat for query: alex_20240424011143_ae88a1c4-d118-4154-924c-2a9f1c3b74ef
2024-04-24T01:11:43,263  INFO [main] txn.TxnHandler: Expected to move at least one record from txn_components to completed_txn_components when committing txn! txnid:16
2024-04-24T01:11:43,271  INFO [main] txn.TxnHandler: Removed transactions: ([16]) from MIN_HISTORY_LEVEL
2024-04-24T01:11:43,271  WARN [main] txn.CompactionTxnHandler: No compaction queue record found for Compaction type transaction commit. txnId:16
2024-04-24T01:11:43,272  INFO [main] ql.TxnCommandsBaseForTests: Running the query: merge into `aci/d_u/ami` as `d/8` using `src/name` as `a/b` on i=`g/h`
when matched and `g/h` > 5 then delete 
when matched and `g/h` < 0 then update set vc='∆∋', `d?*de e` =  `d?*de e` * j + 1
when not matched and `d?*de e` <> 0 then insert values(`a/b`.`g/h`,`a/b`.j,`a/b`.k)
2024-04-24T01:11:43,272  INFO [main] ql.Driver: Compiling command(queryId=alex_20240424011143_b697c8cc-bd6f-4ae1-ae46-77fc5bda6e2c): merge into `aci/d_u/ami` as `d/8` using `src/name` as `a/b` on i=`g/h`
when matched and `g/h` > 5 then delete 
when matched and `g/h` < 0 then update set vc='∆∋', `d?*de e` =  `d?*de e` * j + 1
when not matched and `d?*de e` <> 0 then insert values(`a/b`.`g/h`,`a/b`.j,`a/b`.k)
2024-04-24T01:11:43,276  INFO [main] txn.TxnHandler: Added entries to MIN_HISTORY_LEVEL for current txns: ([17]) with min_open_txn: 1
2024-04-24T01:11:43,277  INFO [main] lockmgr.DbTxnManager: Opened txnid:17
2024-04-24T01:11:43,277  INFO [main] parse.MergeSemanticAnalyzer: Starting caching scope for: 
2024-04-24T01:11:43,278  INFO [main] HiveMetaStore.audit: ugi=alex	ip=unknown-ip-addr	cmd=get_table : tbl=hive.default.aci/d_u/ami	
2024-04-24T01:11:43,299  INFO [main] metastore.HMSHandler: Skipping translation for processor with null
2024-04-24T01:11:43,300  INFO [main] HiveMetaStore.audit: ugi=alex	ip=unknown-ip-addr	cmd=get_table : tbl=hive.default.merge_tmp_table	
2024-04-24T01:11:43,303  INFO [main] utils.FileUtils: Creating directory if it doesn't exist: file:/home/alex/Repositories/hive/ql/target/tmp/scratchdir/alex/61fb946c-b890-41bc-a56a-54f8c4fa32f3/_tmp_space.db/merge_tmp_table
2024-04-24T01:11:43,306  INFO [main] parse.RewriteSemanticAnalyzer: Going to reparse <merge into `aci/d_u/ami` as `d/8` using `src/name` as `a/b` on i=`g/h`
when matched and `g/h` > 5 then delete 
when matched and `g/h` < 0 then update set vc='∆∋', `d?*de e` =  `d?*de e` * j + 1
when not matched and `d?*de e` <> 0 then insert values(`a/b`.`g/h`,`a/b`.j,`a/b`.k)> as 
<FROM
  `default`.`aci/d_u/ami` `d/8`
  RIGHT OUTER JOIN
  `default`.`src/name` `a/b`
  ON `i`=`g/h`
INSERT INTO `default`.`aci/d_u/ami`    -- delete clause
 SELECT `d/8`.ROW__ID 
   WHERE `i`=`g/h` AND `g/h` > 5
 SORT BY `d/8`.ROW__ID 
INSERT INTO `default`.`aci/d_u/ami`    -- update clause(insert part)
 SELECT `d/8`.`i`, `d?*de e` * `j` + 1, '∆∋'
   WHERE `i`=`g/h` AND `g/h` < 0 AND NOT(`g/h` > 5)
INSERT INTO `default`.`aci/d_u/ami`    -- update clause (delete part)
 SELECT `d/8`.ROW__ID 
   WHERE `i`=`g/h` AND `g/h` < 0 AND NOT(`g/h` > 5)
 SORT BY `d/8`.ROW__ID 
INSERT INTO `default`.`aci/d_u/ami`    -- insert clause
  SELECT `a/b`.`g/h`,`a/b`.`j`,`a/b`.`k`
   WHERE `d/8`.`i` IS NULL AND `d?*de e` <> 0
INSERT INTO merge_tmp_table
  SELECT cardinality_violation(`d/8`.ROW__ID)
 WHERE `i`=`g/h` GROUP BY `d/8`.ROW__ID HAVING count(*) > 1>
2024-04-24T01:11:43,308  INFO [main] parse.MergeSemanticAnalyzer: Starting Semantic Analysis
2024-04-24T01:11:43,312  INFO [main] parse.MergeSemanticAnalyzer: Completed phase 1 of Semantic Analysis
2024-04-24T01:11:43,312  INFO [main] parse.MergeSemanticAnalyzer: Get metadata for source tables
2024-04-24T01:11:43,313  INFO [main] HiveMetaStore.audit: ugi=alex	ip=unknown-ip-addr	cmd=get_table : tbl=hive.default.aci/d_u/ami	
2024-04-24T01:11:43,319  INFO [main] metastore.HMSHandler: Skipping translation for processor with null
2024-04-24T01:11:43,320  INFO [main] HiveMetaStore.audit: ugi=alex	ip=unknown-ip-addr	cmd=get_table : tbl=hive.default.src/name	
2024-04-24T01:11:43,328  INFO [main] metastore.HMSHandler: Skipping translation for processor with null
2024-04-24T01:11:43,328  INFO [main] parse.MergeSemanticAnalyzer: Get metadata for subqueries
2024-04-24T01:11:43,328  INFO [main] parse.MergeSemanticAnalyzer: Get metadata for destination tables
2024-04-24T01:11:43,329  INFO [main] HiveMetaStore.audit: ugi=alex	ip=unknown-ip-addr	cmd=get_table : tbl=hive.default.aci/d_u/ami	
2024-04-24T01:11:43,336  INFO [main] metastore.HMSHandler: Skipping translation for processor with null
2024-04-24T01:11:43,336  INFO [main] HiveMetaStore.audit: ugi=alex	ip=unknown-ip-addr	cmd=get_table : tbl=hive.default.aci/d_u/ami	
2024-04-24T01:11:43,342  INFO [main] metastore.HMSHandler: Skipping translation for processor with null
2024-04-24T01:11:43,343  INFO [main] HiveMetaStore.audit: ugi=alex	ip=unknown-ip-addr	cmd=get_table : tbl=hive.default.aci/d_u/ami	
2024-04-24T01:11:43,349  INFO [main] metastore.HMSHandler: Skipping translation for processor with null
2024-04-24T01:11:43,349  INFO [main] HiveMetaStore.audit: ugi=alex	ip=unknown-ip-addr	cmd=get_table : tbl=hive.default.aci/d_u/ami	
2024-04-24T01:11:43,356  INFO [main] metastore.HMSHandler: Skipping translation for processor with null
2024-04-24T01:11:43,356  INFO [main] parse.MergeSemanticAnalyzer: Completed getting MetaData in Semantic Analysis
2024-04-24T01:11:43,356  INFO [main] parse.MergeSemanticAnalyzer: Disabling LLAP IO encode as ETL query is detected
2024-04-24T01:11:43,357  INFO [main] parse.MergeSemanticAnalyzer: Get metadata for source tables
2024-04-24T01:11:43,357  INFO [main] parse.MergeSemanticAnalyzer: Get metadata for subqueries
2024-04-24T01:11:43,357  INFO [main] parse.MergeSemanticAnalyzer: Get metadata for destination tables
2024-04-24T01:11:43,369  INFO [main] HiveMetaStore.audit: ugi=alex	ip=unknown-ip-addr	cmd=get_all_table_constraints : tbl=hive.default.aci/d_u/ami	
2024-04-24T01:11:43,400  INFO [main] HiveMetaStore.audit: ugi=alex	ip=unknown-ip-addr	cmd=get_all_table_constraints : tbl=hive.default.src/name	
2024-04-24T01:11:43,434  INFO [main] calcite.RelOptHiveTable: Calculating column statistics for default.aci/d_u/ami, projIndxSet: [0, 1], allowMissingStats: true
2024-04-24T01:11:43,434  INFO [main] HiveMetaStore.audit: ugi=alex	ip=unknown-ip-addr	cmd=get_table : tbl=hive.default.aci/d_u/ami	
2024-04-24T01:11:43,444  INFO [main] metastore.HMSHandler: Skipping translation for processor with null
2024-04-24T01:11:43,444  INFO [main] HiveMetaStore.audit: ugi=alex	ip=unknown-ip-addr	cmd=get_table : tbl=hive.default.aci/d_u/ami	
2024-04-24T01:11:43,455  INFO [main] metastore.HMSHandler: Skipping translation for processor with null
2024-04-24T01:11:43,455  INFO [main] HiveMetaStore.audit: ugi=alex	ip=unknown-ip-addr	cmd=get_table_statistics_req: table=hive.default.aci/d_u/ami	
2024-04-24T01:11:43,468  WARN [main] calcite.RelOptHiveTable: No Stats for default@aci/d_u/ami, Columns: i, d?*de e
No Stats for default@aci/d_u/ami, Columns: i, d?*de e
2024-04-24T01:11:43,468  INFO [main] SessionState: No Stats for default@aci/d_u/ami, Columns: i, d?*de e
2024-04-24T01:11:43,468  INFO [main] calcite.RelOptHiveTable: Calculating column statistics for default.src/name, projIndxSet: [0, 1, 2], allowMissingStats: true
2024-04-24T01:11:43,469  INFO [main] HiveMetaStore.audit: ugi=alex	ip=unknown-ip-addr	cmd=get_table : tbl=hive.default.src/name	
2024-04-24T01:11:43,481  INFO [main] metastore.HMSHandler: Skipping translation for processor with null
2024-04-24T01:11:43,481  INFO [main] HiveMetaStore.audit: ugi=alex	ip=unknown-ip-addr	cmd=get_table : tbl=hive.default.src/name	
2024-04-24T01:11:43,492  INFO [main] metastore.HMSHandler: Skipping translation for processor with null
2024-04-24T01:11:43,493  INFO [main] HiveMetaStore.audit: ugi=alex	ip=unknown-ip-addr	cmd=get_table_statistics_req: table=hive.default.src/name	
2024-04-24T01:11:43,507  WARN [main] calcite.RelOptHiveTable: No Stats for default@src/name, Columns: k, j, g/h
No Stats for default@src/name, Columns: k, j, g/h
2024-04-24T01:11:43,507  INFO [main] SessionState: No Stats for default@src/name, Columns: k, j, g/h
2024-04-24T01:11:43,678  INFO [main] parse.MergeSemanticAnalyzer: Get metadata for source tables
2024-04-24T01:11:43,678  INFO [main] parse.MergeSemanticAnalyzer: Get metadata for subqueries
2024-04-24T01:11:43,678  INFO [main] parse.MergeSemanticAnalyzer: Get metadata for source tables
2024-04-24T01:11:43,678  INFO [main] parse.MergeSemanticAnalyzer: Get metadata for subqueries
2024-04-24T01:11:43,678  INFO [main] parse.MergeSemanticAnalyzer: Get metadata for source tables
2024-04-24T01:11:43,678  INFO [main] parse.MergeSemanticAnalyzer: Get metadata for subqueries
2024-04-24T01:11:43,678  INFO [main] parse.MergeSemanticAnalyzer: Get metadata for destination tables
2024-04-24T01:11:43,678  INFO [main] parse.MergeSemanticAnalyzer: Get metadata for source tables
2024-04-24T01:11:43,679  INFO [main] parse.MergeSemanticAnalyzer: Get metadata for subqueries
2024-04-24T01:11:43,679  INFO [main] parse.MergeSemanticAnalyzer: Get metadata for destination tables
2024-04-24T01:11:43,679  INFO [main] parse.MergeSemanticAnalyzer: Get metadata for destination tables
2024-04-24T01:11:43,679  INFO [main] parse.MergeSemanticAnalyzer: Get metadata for destination tables
2024-04-24T01:11:43,679  INFO [main] HiveMetaStore.audit: ugi=alex	ip=unknown-ip-addr	cmd=get_table : tbl=hive.default.aci/d_u/ami	
2024-04-24T01:11:43,685  INFO [main] metastore.HMSHandler: Skipping translation for processor with null
2024-04-24T01:11:43,686  INFO [main] HiveMetaStore.audit: ugi=alex	ip=unknown-ip-addr	cmd=get_table : tbl=hive.default.aci/d_u/ami	
2024-04-24T01:11:43,692  INFO [main] metastore.HMSHandler: Skipping translation for processor with null
2024-04-24T01:11:43,692  INFO [main] HiveMetaStore.audit: ugi=alex	ip=unknown-ip-addr	cmd=get_table : tbl=hive.default.aci/d_u/ami	
2024-04-24T01:11:43,700  INFO [main] metastore.HMSHandler: Skipping translation for processor with null
2024-04-24T01:11:43,701  INFO [main] HiveMetaStore.audit: ugi=alex	ip=unknown-ip-addr	cmd=get_table : tbl=hive.default.aci/d_u/ami	
2024-04-24T01:11:43,707  INFO [main] metastore.HMSHandler: Skipping translation for processor with null
2024-04-24T01:11:43,713 ERROR [main] parse.MergeSemanticAnalyzer: CBO failed, skipping CBO. 
org.apache.hadoop.hive.ql.exec.NoMatchingMethodException: No matching method for class org.apache.hadoop.hive.ql.udf.UDFToInteger with (struct<writeid:bigint,bucketid:int,rowid:bigint>). Possible choices: _FUNC_(bigint)  _FUNC_(boolean)  _FUNC_(decimal(38,18))  _FUNC_(double)  _FUNC_(float)  _FUNC_(smallint)  _FUNC_(string)  _FUNC_(struct<rowid:bigint,writeid:bigint,bucketid:int>)  _FUNC_(timestamp)  _FUNC_(tinyint)  _FUNC_(void)  
	at org.apache.hadoop.hive.ql.exec.MethodUtils.getMethodInternal(MethodUtils.java:130) ~[classes/:?]
	at org.apache.hadoop.hive.ql.exec.MethodUtils.getMethodInternal(MethodUtils.java:60) ~[classes/:?]
	at org.apache.hadoop.hive.ql.exec.DefaultUDFMethodResolver.getEvalMethod(DefaultUDFMethodResolver.java:59) ~[classes/:?]
	at org.apache.hadoop.hive.ql.udf.TimestampCastRestrictorResolver.getEvalMethod(TimestampCastRestrictorResolver.java:68) ~[classes/:?]
	at org.apache.hadoop.hive.ql.udf.generic.GenericUDFBridge.initialize(GenericUDFBridge.java:168) ~[classes/:?]
	at org.apache.hadoop.hive.ql.udf.generic.GenericUDF.initializeAndFoldConstants(GenericUDF.java:149) ~[classes/:?]
	at org.apache.hadoop.hive.ql.plan.ExprNodeGenericFuncDesc.newInstance(ExprNodeGenericFuncDesc.java:235) ~[classes/:?]
	at org.apache.hadoop.hive.ql.parse.type.ExprNodeDescExprFactory.createFuncCallExpr(ExprNodeDescExprFactory.java:584) ~[classes/:?]
	at org.apache.hadoop.hive.ql.parse.type.ExprNodeDescExprFactory.createFuncCallExpr(ExprNodeDescExprFactory.java:97) ~[classes/:?]
	at org.apache.hadoop.hive.ql.parse.type.TypeCheckProcFactory$DefaultExprProcessor.getFuncExprNodeDescWithUdfData(TypeCheckProcFactory.java:762) ~[classes/:?]
	at org.apache.hadoop.hive.ql.parse.type.TypeCheckProcFactory$DefaultExprProcessor.createConversionCast(TypeCheckProcFactory.java:783) ~[classes/:?]
	at org.apache.hadoop.hive.ql.parse.SemanticAnalyzer.getPartitionColsFromBucketColsForUpdateDelete(SemanticAnalyzer.java:8725) ~[classes/:?]
	at org.apache.hadoop.hive.ql.parse.SemanticAnalyzer.genBucketingSortingDest(SemanticAnalyzer.java:6906) ~[classes/:?]
	at org.apache.hadoop.hive.ql.parse.SemanticAnalyzer.genFileSinkPlan(SemanticAnalyzer.java:7335) ~[classes/:?]
	at org.apache.hadoop.hive.ql.parse.SemanticAnalyzer.genPostGroupByBodyPlan(SemanticAnalyzer.java:11063) ~[classes/:?]
	at org.apache.hadoop.hive.ql.parse.SemanticAnalyzer.genBodyPlan(SemanticAnalyzer.java:10938) ~[classes/:?]
	at org.apache.hadoop.hive.ql.parse.SemanticAnalyzer.genPlan(SemanticAnalyzer.java:11853) ~[classes/:?]
	at org.apache.hadoop.hive.ql.parse.SemanticAnalyzer.genPlan(SemanticAnalyzer.java:11723) ~[classes/:?]
	at org.apache.hadoop.hive.ql.parse.CalcitePlanner.genOPTree(CalcitePlanner.java:626) ~[classes/:?]
	at org.apache.hadoop.hive.ql.parse.SemanticAnalyzer.analyzeInternal(SemanticAnalyzer.java:12558) ~[classes/:?]
	at org.apache.hadoop.hive.ql.parse.CalcitePlanner.analyzeInternal(CalcitePlanner.java:456) ~[classes/:?]
	at org.apache.hadoop.hive.ql.parse.RewriteSemanticAnalyzer.analyzeInternal(RewriteSemanticAnalyzer.java:67) ~[classes/:?]
	at org.apache.hadoop.hive.ql.parse.BaseSemanticAnalyzer.analyze(BaseSemanticAnalyzer.java:317) ~[classes/:?]
	at org.apache.hadoop.hive.ql.parse.MergeSemanticAnalyzer.analyzeMerge(MergeSemanticAnalyzer.java:317) ~[classes/:?]
	at org.apache.hadoop.hive.ql.parse.MergeSemanticAnalyzer.analyze(MergeSemanticAnalyzer.java:63) ~[classes/:?]
	at org.apache.hadoop.hive.ql.parse.RewriteSemanticAnalyzer.analyzeInternal(RewriteSemanticAnalyzer.java:72) ~[classes/:?]
	at org.apache.hadoop.hive.ql.parse.BaseSemanticAnalyzer.analyze(BaseSemanticAnalyzer.java:317) ~[classes/:?]
	at org.apache.hadoop.hive.ql.Compiler.analyze(Compiler.java:223) ~[classes/:?]
	at org.apache.hadoop.hive.ql.Compiler.compile(Compiler.java:105) ~[classes/:?]
	at org.apache.hadoop.hive.ql.Driver.compile(Driver.java:500) ~[classes/:?]
	at org.apache.hadoop.hive.ql.Driver.compileInternal(Driver.java:453) ~[classes/:?]
	at org.apache.hadoop.hive.ql.Driver.runInternal(Driver.java:181) ~[classes/:?]
	at org.apache.hadoop.hive.ql.Driver.run(Driver.java:153) ~[classes/:?]
	at org.apache.hadoop.hive.ql.Driver.run(Driver.java:140) ~[classes/:?]
	at org.apache.hadoop.hive.ql.TxnCommandsBaseForTests.runStatementOnDriver(TxnCommandsBaseForTests.java:245) ~[test-classes/:?]
	at org.apache.hadoop.hive.ql.TestTxnCommands.testQuotedIdentifier2(TestTxnCommands.java:1097) ~[test-classes/:?]
	at sun.reflect.NativeMethodAccessorImpl.invoke0(Native Method) ~[?:1.8.0_402]
	at sun.reflect.NativeMethodAccessorImpl.invoke(NativeMethodAccessorImpl.java:62) ~[?:1.8.0_402]
	at sun.reflect.DelegatingMethodAccessorImpl.invoke(DelegatingMethodAccessorImpl.java:43) ~[?:1.8.0_402]
	at java.lang.reflect.Method.invoke(Method.java:498) ~[?:1.8.0_402]
	at org.junit.runners.model.FrameworkMethod$1.runReflectiveCall(FrameworkMethod.java:59) ~[junit-4.13.jar:4.13]
	at org.junit.internal.runners.model.ReflectiveCallable.run(ReflectiveCallable.java:12) ~[junit-4.13.jar:4.13]
	at org.junit.runners.model.FrameworkMethod.invokeExplosively(FrameworkMethod.java:56) ~[junit-4.13.jar:4.13]
	at org.junit.internal.runners.statements.InvokeMethod.evaluate(InvokeMethod.java:17) ~[junit-4.13.jar:4.13]
	at org.junit.internal.runners.statements.RunBefores.evaluate(RunBefores.java:26) ~[junit-4.13.jar:4.13]
	at org.junit.internal.runners.statements.RunAfters.evaluate(RunAfters.java:27) ~[junit-4.13.jar:4.13]
	at org.junit.rules.TestWatcher$1.evaluate(TestWatcher.java:61) ~[junit-4.13.jar:4.13]
	at org.junit.runners.ParentRunner$3.evaluate(ParentRunner.java:306) ~[junit-4.13.jar:4.13]
	at org.junit.runners.BlockJUnit4ClassRunner$1.evaluate(BlockJUnit4ClassRunner.java:100) ~[junit-4.13.jar:4.13]
	at org.junit.runners.ParentRunner.runLeaf(ParentRunner.java:366) ~[junit-4.13.jar:4.13]
	at org.junit.runners.BlockJUnit4ClassRunner.runChild(BlockJUnit4ClassRunner.java:103) ~[junit-4.13.jar:4.13]
	at org.junit.runners.BlockJUnit4ClassRunner.runChild(BlockJUnit4ClassRunner.java:63) ~[junit-4.13.jar:4.13]
	at org.junit.runners.ParentRunner$4.run(ParentRunner.java:331) ~[junit-4.13.jar:4.13]
	at org.junit.runners.ParentRunner$1.schedule(ParentRunner.java:79) ~[junit-4.13.jar:4.13]
	at org.junit.runners.ParentRunner.runChildren(ParentRunner.java:329) ~[junit-4.13.jar:4.13]
	at org.junit.runners.ParentRunner.access$100(ParentRunner.java:66) ~[junit-4.13.jar:4.13]
	at org.junit.runners.ParentRunner$2.evaluate(ParentRunner.java:293) ~[junit-4.13.jar:4.13]
	at org.junit.runners.ParentRunner$3.evaluate(ParentRunner.java:306) ~[junit-4.13.jar:4.13]
	at org.junit.runners.ParentRunner.run(ParentRunner.java:413) ~[junit-4.13.jar:4.13]
	at org.junit.runner.JUnitCore.run(JUnitCore.java:137) ~[junit-4.13.jar:4.13]
	at org.junit.runner.JUnitCore.run(JUnitCore.java:115) ~[junit-4.13.jar:4.13]
	at org.junit.vintage.engine.execution.RunnerExecutor.execute(RunnerExecutor.java:43) ~[junit-vintage-engine-5.6.2.jar:5.6.2]
	at java.util.stream.ForEachOps$ForEachOp$OfRef.accept(ForEachOps.java:183) ~[?:1.8.0_402]
	at java.util.stream.ReferencePipeline$3$1.accept(ReferencePipeline.java:193) ~[?:1.8.0_402]
	at java.util.Iterator.forEachRemaining(Iterator.java:116) ~[?:1.8.0_402]
	at java.util.Spliterators$IteratorSpliterator.forEachRemaining(Spliterators.java:1801) ~[?:1.8.0_402]
	at java.util.stream.AbstractPipeline.copyInto(AbstractPipeline.java:482) ~[?:1.8.0_402]
	at java.util.stream.AbstractPipeline.wrapAndCopyInto(AbstractPipeline.java:472) ~[?:1.8.0_402]
	at java.util.stream.ForEachOps$ForEachOp.evaluateSequential(ForEachOps.java:150) ~[?:1.8.0_402]
	at java.util.stream.ForEachOps$ForEachOp$OfRef.evaluateSequential(ForEachOps.java:173) ~[?:1.8.0_402]
	at java.util.stream.AbstractPipeline.evaluate(AbstractPipeline.java:234) ~[?:1.8.0_402]
	at java.util.stream.ReferencePipeline.forEach(ReferencePipeline.java:485) ~[?:1.8.0_402]
	at org.junit.vintage.engine.VintageTestEngine.executeAllChildren(VintageTestEngine.java:82) ~[junit-vintage-engine-5.6.2.jar:5.6.2]
	at org.junit.vintage.engine.VintageTestEngine.execute(VintageTestEngine.java:73) ~[junit-vintage-engine-5.6.2.jar:5.6.2]
	at org.junit.platform.launcher.core.DefaultLauncher.execute(DefaultLauncher.java:248) ~[junit-platform-launcher-1.6.2.jar:1.6.2]
	at org.junit.platform.launcher.core.DefaultLauncher.lambda$execute$5(DefaultLauncher.java:211) ~[junit-platform-launcher-1.6.2.jar:1.6.2]
	at org.junit.platform.launcher.core.DefaultLauncher.withInterceptedStreams(DefaultLauncher.java:226) [junit-platform-launcher-1.6.2.jar:1.6.2]
	at org.junit.platform.launcher.core.DefaultLauncher.execute(DefaultLauncher.java:199) [junit-platform-launcher-1.6.2.jar:1.6.2]
	at org.junit.platform.launcher.core.DefaultLauncher.execute(DefaultLauncher.java:132) [junit-platform-launcher-1.6.2.jar:1.6.2]
	at org.apache.maven.surefire.junitplatform.JUnitPlatformProvider.invokeAllTests(JUnitPlatformProvider.java:154) [surefire-junit-platform-3.0.0-M4.jar:3.0.0-M4]
	at org.apache.maven.surefire.junitplatform.JUnitPlatformProvider.invoke(JUnitPlatformProvider.java:123) [surefire-junit-platform-3.0.0-M4.jar:3.0.0-M4]
	at org.apache.maven.surefire.booter.ForkedBooter.runSuitesInProcess(ForkedBooter.java:377) [surefire-booter-3.0.0-M4.jar:3.0.0-M4]
	at org.apache.maven.surefire.booter.ForkedBooter.execute(ForkedBooter.java:138) [surefire-booter-3.0.0-M4.jar:3.0.0-M4]
	at org.apache.maven.surefire.booter.ForkedBooter.run(ForkedBooter.java:465) [surefire-booter-3.0.0-M4.jar:3.0.0-M4]
	at org.apache.maven.surefire.booter.ForkedBooter.main(ForkedBooter.java:451) [surefire-booter-3.0.0-M4.jar:3.0.0-M4]
2024-04-24T01:11:43,714 ERROR [main] parse.MergeSemanticAnalyzer: CBO failed due to missing column stats (see previous errors), skipping CBO
2024-04-24T01:11:43,714  INFO [main] parse.MergeSemanticAnalyzer: Ending caching scope for: 
FAILED: NoMatchingMethodException No matching method for class org.apache.hadoop.hive.ql.udf.UDFToInteger with (struct<writeid:bigint,bucketid:int,rowid:bigint>). Possible choices: _FUNC_(bigint)  _FUNC_(boolean)  _FUNC_(decimal(38,18))  _FUNC_(double)  _FUNC_(float)  _FUNC_(smallint)  _FUNC_(string)  _FUNC_(struct<rowid:bigint,writeid:bigint,bucketid:int>)  _FUNC_(timestamp)  _FUNC_(tinyint)  _FUNC_(void)  
2024-04-24T01:11:43,715 ERROR [main] ql.Driver: FAILED: NoMatchingMethodException No matching method for class org.apache.hadoop.hive.ql.udf.UDFToInteger with (struct<writeid:bigint,bucketid:int,rowid:bigint>). Possible choices: _FUNC_(bigint)  _FUNC_(boolean)  _FUNC_(decimal(38,18))  _FUNC_(double)  _FUNC_(float)  _FUNC_(smallint)  _FUNC_(string)  _FUNC_(struct<rowid:bigint,writeid:bigint,bucketid:int>)  _FUNC_(timestamp)  _FUNC_(tinyint)  _FUNC_(void)  
org.apache.hadoop.hive.ql.exec.NoMatchingMethodException: No matching method for class org.apache.hadoop.hive.ql.udf.UDFToInteger with (struct<writeid:bigint,bucketid:int,rowid:bigint>). Possible choices: _FUNC_(bigint)  _FUNC_(boolean)  _FUNC_(decimal(38,18))  _FUNC_(double)  _FUNC_(float)  _FUNC_(smallint)  _FUNC_(string)  _FUNC_(struct<rowid:bigint,writeid:bigint,bucketid:int>)  _FUNC_(timestamp)  _FUNC_(tinyint)  _FUNC_(void)  
	at org.apache.hadoop.hive.ql.exec.MethodUtils.getMethodInternal(MethodUtils.java:130)
	at org.apache.hadoop.hive.ql.exec.MethodUtils.getMethodInternal(MethodUtils.java:60)
	at org.apache.hadoop.hive.ql.exec.DefaultUDFMethodResolver.getEvalMethod(DefaultUDFMethodResolver.java:59)
	at org.apache.hadoop.hive.ql.udf.TimestampCastRestrictorResolver.getEvalMethod(TimestampCastRestrictorResolver.java:68)
	at org.apache.hadoop.hive.ql.udf.generic.GenericUDFBridge.initialize(GenericUDFBridge.java:168)
	at org.apache.hadoop.hive.ql.udf.generic.GenericUDF.initializeAndFoldConstants(GenericUDF.java:149)
	at org.apache.hadoop.hive.ql.plan.ExprNodeGenericFuncDesc.newInstance(ExprNodeGenericFuncDesc.java:235)
	at org.apache.hadoop.hive.ql.parse.type.ExprNodeDescExprFactory.createFuncCallExpr(ExprNodeDescExprFactory.java:584)
	at org.apache.hadoop.hive.ql.parse.type.ExprNodeDescExprFactory.createFuncCallExpr(ExprNodeDescExprFactory.java:97)
	at org.apache.hadoop.hive.ql.parse.type.TypeCheckProcFactory$DefaultExprProcessor.getFuncExprNodeDescWithUdfData(TypeCheckProcFactory.java:762)
	at org.apache.hadoop.hive.ql.parse.type.TypeCheckProcFactory$DefaultExprProcessor.createConversionCast(TypeCheckProcFactory.java:783)
	at org.apache.hadoop.hive.ql.parse.SemanticAnalyzer.getPartitionColsFromBucketColsForUpdateDelete(SemanticAnalyzer.java:8725)
	at org.apache.hadoop.hive.ql.parse.SemanticAnalyzer.genBucketingSortingDest(SemanticAnalyzer.java:6906)
	at org.apache.hadoop.hive.ql.parse.SemanticAnalyzer.genFileSinkPlan(SemanticAnalyzer.java:7335)
	at org.apache.hadoop.hive.ql.parse.SemanticAnalyzer.genPostGroupByBodyPlan(SemanticAnalyzer.java:11063)
	at org.apache.hadoop.hive.ql.parse.SemanticAnalyzer.genBodyPlan(SemanticAnalyzer.java:10938)
	at org.apache.hadoop.hive.ql.parse.SemanticAnalyzer.genPlan(SemanticAnalyzer.java:11853)
	at org.apache.hadoop.hive.ql.parse.SemanticAnalyzer.genPlan(SemanticAnalyzer.java:11723)
	at org.apache.hadoop.hive.ql.parse.CalcitePlanner.genOPTree(CalcitePlanner.java:626)
	at org.apache.hadoop.hive.ql.parse.SemanticAnalyzer.analyzeInternal(SemanticAnalyzer.java:12558)
	at org.apache.hadoop.hive.ql.parse.CalcitePlanner.analyzeInternal(CalcitePlanner.java:456)
	at org.apache.hadoop.hive.ql.parse.RewriteSemanticAnalyzer.analyzeInternal(RewriteSemanticAnalyzer.java:67)
	at org.apache.hadoop.hive.ql.parse.BaseSemanticAnalyzer.analyze(BaseSemanticAnalyzer.java:317)
	at org.apache.hadoop.hive.ql.parse.MergeSemanticAnalyzer.analyzeMerge(MergeSemanticAnalyzer.java:317)
	at org.apache.hadoop.hive.ql.parse.MergeSemanticAnalyzer.analyze(MergeSemanticAnalyzer.java:63)
	at org.apache.hadoop.hive.ql.parse.RewriteSemanticAnalyzer.analyzeInternal(RewriteSemanticAnalyzer.java:72)
	at org.apache.hadoop.hive.ql.parse.BaseSemanticAnalyzer.analyze(BaseSemanticAnalyzer.java:317)
	at org.apache.hadoop.hive.ql.Compiler.analyze(Compiler.java:223)
	at org.apache.hadoop.hive.ql.Compiler.compile(Compiler.java:105)
	at org.apache.hadoop.hive.ql.Driver.compile(Driver.java:500)
	at org.apache.hadoop.hive.ql.Driver.compileInternal(Driver.java:453)
	at org.apache.hadoop.hive.ql.Driver.runInternal(Driver.java:181)
	at org.apache.hadoop.hive.ql.Driver.run(Driver.java:153)
	at org.apache.hadoop.hive.ql.Driver.run(Driver.java:140)
	at org.apache.hadoop.hive.ql.TxnCommandsBaseForTests.runStatementOnDriver(TxnCommandsBaseForTests.java:245)
	at org.apache.hadoop.hive.ql.TestTxnCommands.testQuotedIdentifier2(TestTxnCommands.java:1097)
	at sun.reflect.NativeMethodAccessorImpl.invoke0(Native Method)
	at sun.reflect.NativeMethodAccessorImpl.invoke(NativeMethodAccessorImpl.java:62)
	at sun.reflect.DelegatingMethodAccessorImpl.invoke(DelegatingMethodAccessorImpl.java:43)
	at java.lang.reflect.Method.invoke(Method.java:498)
	at org.junit.runners.model.FrameworkMethod$1.runReflectiveCall(FrameworkMethod.java:59)
	at org.junit.internal.runners.model.ReflectiveCallable.run(ReflectiveCallable.java:12)
	at org.junit.runners.model.FrameworkMethod.invokeExplosively(FrameworkMethod.java:56)
	at org.junit.internal.runners.statements.InvokeMethod.evaluate(InvokeMethod.java:17)
	at org.junit.internal.runners.statements.RunBefores.evaluate(RunBefores.java:26)
	at org.junit.internal.runners.statements.RunAfters.evaluate(RunAfters.java:27)
	at org.junit.rules.TestWatcher$1.evaluate(TestWatcher.java:61)
	at org.junit.runners.ParentRunner$3.evaluate(ParentRunner.java:306)
	at org.junit.runners.BlockJUnit4ClassRunner$1.evaluate(BlockJUnit4ClassRunner.java:100)
	at org.junit.runners.ParentRunner.runLeaf(ParentRunner.java:366)
	at org.junit.runners.BlockJUnit4ClassRunner.runChild(BlockJUnit4ClassRunner.java:103)
	at org.junit.runners.BlockJUnit4ClassRunner.runChild(BlockJUnit4ClassRunner.java:63)
	at org.junit.runners.ParentRunner$4.run(ParentRunner.java:331)
	at org.junit.runners.ParentRunner$1.schedule(ParentRunner.java:79)
	at org.junit.runners.ParentRunner.runChildren(ParentRunner.java:329)
	at org.junit.runners.ParentRunner.access$100(ParentRunner.java:66)
	at org.junit.runners.ParentRunner$2.evaluate(ParentRunner.java:293)
	at org.junit.runners.ParentRunner$3.evaluate(ParentRunner.java:306)
	at org.junit.runners.ParentRunner.run(ParentRunner.java:413)
	at org.junit.runner.JUnitCore.run(JUnitCore.java:137)
	at org.junit.runner.JUnitCore.run(JUnitCore.java:115)
	at org.junit.vintage.engine.execution.RunnerExecutor.execute(RunnerExecutor.java:43)
	at java.util.stream.ForEachOps$ForEachOp$OfRef.accept(ForEachOps.java:183)
	at java.util.stream.ReferencePipeline$3$1.accept(ReferencePipeline.java:193)
	at java.util.Iterator.forEachRemaining(Iterator.java:116)
	at java.util.Spliterators$IteratorSpliterator.forEachRemaining(Spliterators.java:1801)
	at java.util.stream.AbstractPipeline.copyInto(AbstractPipeline.java:482)
	at java.util.stream.AbstractPipeline.wrapAndCopyInto(AbstractPipeline.java:472)
	at java.util.stream.ForEachOps$ForEachOp.evaluateSequential(ForEachOps.java:150)
	at java.util.stream.ForEachOps$ForEachOp$OfRef.evaluateSequential(ForEachOps.java:173)
	at java.util.stream.AbstractPipeline.evaluate(AbstractPipeline.java:234)
	at java.util.stream.ReferencePipeline.forEach(ReferencePipeline.java:485)
	at org.junit.vintage.engine.VintageTestEngine.executeAllChildren(VintageTestEngine.java:82)
	at org.junit.vintage.engine.VintageTestEngine.execute(VintageTestEngine.java:73)
	at org.junit.platform.launcher.core.DefaultLauncher.execute(DefaultLauncher.java:248)
	at org.junit.platform.launcher.core.DefaultLauncher.lambda$execute$5(DefaultLauncher.java:211)
	at org.junit.platform.launcher.core.DefaultLauncher.withInterceptedStreams(DefaultLauncher.java:226)
	at org.junit.platform.launcher.core.DefaultLauncher.execute(DefaultLauncher.java:199)
	at org.junit.platform.launcher.core.DefaultLauncher.execute(DefaultLauncher.java:132)
	at org.apache.maven.surefire.junitplatform.JUnitPlatformProvider.invokeAllTests(JUnitPlatformProvider.java:154)
	at org.apache.maven.surefire.junitplatform.JUnitPlatformProvider.invoke(JUnitPlatformProvider.java:123)
	at org.apache.maven.surefire.booter.ForkedBooter.runSuitesInProcess(ForkedBooter.java:377)
	at org.apache.maven.surefire.booter.ForkedBooter.execute(ForkedBooter.java:138)
	at org.apache.maven.surefire.booter.ForkedBooter.run(ForkedBooter.java:465)
	at org.apache.maven.surefire.booter.ForkedBooter.main(ForkedBooter.java:451)

2024-04-24T01:11:43,715  INFO [main] metadata.Hive: Dumping metastore api call timing information for : compilation phase
2024-04-24T01:11:43,715  INFO [main] metadata.Hive: Total time spent in each metastore function (ms): {getTableColumnStatistics_(String, String, List, String)=70, isCompatibleWith_(Configuration)=1, createTable_(Table)=3, getValidTxns_(long)=0, commitTxn_(CommitTxnRequest)=13, flushCache_()=1, getAllTableConstraints_(AllTableConstraintsRequest)=36, getValidWriteIds_(List, String)=6, openTxn_(String, TxnType)=3, getTable_(GetTableRequest)=92}
2024-04-24T01:11:43,716  INFO [main] ql.Driver: Completed compiling command(queryId=alex_20240424011143_b697c8cc-bd6f-4ae1-ae46-77fc5bda6e2c); Time taken: 0.443 seconds
2024-04-24T01:11:43,716  INFO [main] lockmgr.DbTxnManager: Stopped heartbeat for query: null
2024-04-24T01:11:43,720  INFO [main] txn.TxnHandler: Removed transactions: ([17]) from MIN_HISTORY_LEVEL
2024-04-24T01:11:43,728  INFO [main] ql.TxnCommandsBaseForTests: Running the query: drop table if exists acidTbl
2024-04-24T01:11:43,728  INFO [main] ql.Context: Deleting scratch dir: file:/home/alex/Repositories/hive/ql/target/tmp/localscratchdir/61fb946c-b890-41bc-a56a-54f8c4fa32f3/hive_2024-04-24_01-11-43_306_5537671637565144244-1
2024-04-24T01:11:43,728  INFO [main] ql.Driver: Compiling command(queryId=alex_20240424011143_b8ee0e64-25e8-43bc-ab83-abbb0004a28e): drop table if exists acidTbl
2024-04-24T01:11:43,731  INFO [main] txn.TxnHandler: Added entries to MIN_HISTORY_LEVEL for current txns: ([18]) with min_open_txn: 12
2024-04-24T01:11:43,731  INFO [main] lockmgr.DbTxnManager: Opened txnid:18
2024-04-24T01:11:43,731  INFO [main] HiveMetaStore.audit: ugi=alex	ip=unknown-ip-addr	cmd=get_table : tbl=hive.default.acidTbl	
2024-04-24T01:11:43,737  INFO [main] metastore.HMSHandler: Skipping translation for processor with null
2024-04-24T01:11:43,737  INFO [main] ql.Driver: Semantic Analysis Completed (retrial = false)
2024-04-24T01:11:43,737  INFO [main] ql.Driver: Created Hive schema: Schema(fieldSchemas:null, properties:null)
2024-04-24T01:11:43,737  INFO [main] metadata.Hive: Dumping metastore api call timing information for : compilation phase
2024-04-24T01:11:43,737  INFO [main] metadata.Hive: Total time spent in each metastore function (ms): {getValidTxns_(long)=0, getTable_(GetTableRequest)=6, isCompatibleWith_(Configuration)=0, flushCache_()=0, openTxn_(String, TxnType)=2, rollbackTxn_(long)=12}
2024-04-24T01:11:43,737  INFO [main] ql.Driver: Completed compiling command(queryId=alex_20240424011143_b8ee0e64-25e8-43bc-ab83-abbb0004a28e); Time taken: 0.009 seconds
2024-04-24T01:11:43,738  INFO [main] lockmgr.DbTxnManager: Setting lock request transaction to txnid:18 for queryId=alex_20240424011143_b8ee0e64-25e8-43bc-ab83-abbb0004a28e
2024-04-24T01:11:43,738  INFO [main] lockmgr.DbLockManager: Requesting lock for queryId=alex_20240424011143_b8ee0e64-25e8-43bc-ab83-abbb0004a28e
2024-04-24T01:11:43,753  INFO [main] lockmgr.DbLockManager: Response to queryId=alex_20240424011143_b8ee0e64-25e8-43bc-ab83-abbb0004a28e LockResponse(lockid:11, state:ACQUIRED)
2024-04-24T01:11:43,753  INFO [main] ql.Driver: Operation DROPTABLE obtained 1 locks
2024-04-24T01:11:43,753  INFO [main] ql.Driver: Executing command(queryId=alex_20240424011143_b8ee0e64-25e8-43bc-ab83-abbb0004a28e): drop table if exists acidTbl
2024-04-24T01:11:43,754  INFO [main] ql.Driver: Starting task [Stage-0:DDL] in serial mode
2024-04-24T01:11:43,754  INFO [main] HiveMetaStore.audit: ugi=alex	ip=unknown-ip-addr	cmd=get_table : tbl=hive.default.acidTbl	
2024-04-24T01:11:43,759  INFO [main] metastore.HMSHandler: Skipping translation for processor with null
2024-04-24T01:11:43,760  INFO [main] HiveMetaStore.audit: ugi=alex	ip=unknown-ip-addr	cmd=get_table : tbl=hive.default.acidTbl	
2024-04-24T01:11:43,765  INFO [main] metastore.HMSHandler: Skipping translation for processor with null
2024-04-24T01:11:43,765  INFO [main] HiveMetaStore.audit: ugi=alex	ip=unknown-ip-addr	cmd=drop_table : tbl=hive.default.acidTbl	
2024-04-24T01:11:43,868  INFO [main] metadata.Hive: Dumping metastore api call timing information for : execution phase
2024-04-24T01:11:43,868  INFO [main] metadata.Hive: Total time spent in each metastore function (ms): {getTable_(GetTableRequest)=5, dropTable_(String, String, boolean, boolean, boolean)=109, isCompatibleWith_(Configuration)=0}
2024-04-24T01:11:43,868  INFO [main] ql.Driver: Completed executing command(queryId=alex_20240424011143_b8ee0e64-25e8-43bc-ab83-abbb0004a28e); Time taken: 0.115 seconds
2024-04-24T01:11:43,868  INFO [main] lockmgr.DbTxnManager: Stopped heartbeat for query: alex_20240424011143_b8ee0e64-25e8-43bc-ab83-abbb0004a28e
2024-04-24T01:11:43,872  INFO [main] txn.TxnHandler: Expected to move at least one record from txn_components to completed_txn_components when committing txn! txnid:18
2024-04-24T01:11:43,879  INFO [main] txn.TxnHandler: Removed transactions: ([18]) from MIN_HISTORY_LEVEL
2024-04-24T01:11:43,881  WARN [main] txn.CompactionTxnHandler: No compaction queue record found for Compaction type transaction commit. txnId:18
2024-04-24T01:11:43,881  INFO [main] ql.TxnCommandsBaseForTests: Running the query: drop table if exists acidTblPart
2024-04-24T01:11:43,882  INFO [main] ql.Driver: Compiling command(queryId=alex_20240424011143_251a4e1b-52d2-4d44-8ecd-0363dcc539e3): drop table if exists acidTblPart
2024-04-24T01:11:43,884  INFO [main] txn.TxnHandler: Added entries to MIN_HISTORY_LEVEL for current txns: ([19]) with min_open_txn: 14
2024-04-24T01:11:43,884  INFO [main] lockmgr.DbTxnManager: Opened txnid:19
2024-04-24T01:11:43,885  INFO [main] HiveMetaStore.audit: ugi=alex	ip=unknown-ip-addr	cmd=get_table : tbl=hive.default.acidTblPart	
2024-04-24T01:11:43,894  INFO [main] metastore.HMSHandler: Skipping translation for processor with null
2024-04-24T01:11:43,894  INFO [main] ql.Driver: Semantic Analysis Completed (retrial = false)
2024-04-24T01:11:43,894  INFO [main] ql.Driver: Created Hive schema: Schema(fieldSchemas:null, properties:null)
2024-04-24T01:11:43,894  INFO [main] metadata.Hive: Dumping metastore api call timing information for : compilation phase
2024-04-24T01:11:43,895  INFO [main] metadata.Hive: Total time spent in each metastore function (ms): {openTxn_(String, TxnType)=2, flushCache_()=0, getTable_(GetTableRequest)=9, commitTxn_(CommitTxnRequest)=13, getValidTxns_(long)=1, isCompatibleWith_(Configuration)=0}
2024-04-24T01:11:43,895  INFO [main] ql.Driver: Completed compiling command(queryId=alex_20240424011143_251a4e1b-52d2-4d44-8ecd-0363dcc539e3); Time taken: 0.012 seconds
2024-04-24T01:11:43,895  INFO [main] lockmgr.DbTxnManager: Setting lock request transaction to txnid:19 for queryId=alex_20240424011143_251a4e1b-52d2-4d44-8ecd-0363dcc539e3
2024-04-24T01:11:43,895  INFO [main] lockmgr.DbLockManager: Requesting lock for queryId=alex_20240424011143_251a4e1b-52d2-4d44-8ecd-0363dcc539e3
2024-04-24T01:11:43,910  INFO [main] lockmgr.DbLockManager: Response to queryId=alex_20240424011143_251a4e1b-52d2-4d44-8ecd-0363dcc539e3 LockResponse(lockid:12, state:ACQUIRED)
2024-04-24T01:11:43,910  INFO [main] ql.Driver: Operation DROPTABLE obtained 1 locks
2024-04-24T01:11:43,910  INFO [main] ql.Driver: Executing command(queryId=alex_20240424011143_251a4e1b-52d2-4d44-8ecd-0363dcc539e3): drop table if exists acidTblPart
2024-04-24T01:11:43,910  INFO [main] ql.Driver: Starting task [Stage-0:DDL] in serial mode
2024-04-24T01:11:43,911  INFO [main] HiveMetaStore.audit: ugi=alex	ip=unknown-ip-addr	cmd=get_table : tbl=hive.default.acidTblPart	
2024-04-24T01:11:43,916  INFO [main] metastore.HMSHandler: Skipping translation for processor with null
2024-04-24T01:11:43,917  INFO [main] HiveMetaStore.audit: ugi=alex	ip=unknown-ip-addr	cmd=get_table : tbl=hive.default.acidTblPart	
2024-04-24T01:11:43,922  INFO [main] metastore.HMSHandler: Skipping translation for processor with null
2024-04-24T01:11:43,922  INFO [main] HiveMetaStore.audit: ugi=alex	ip=unknown-ip-addr	cmd=drop_table : tbl=hive.default.acidTblPart	
2024-04-24T01:11:43,959  INFO [main] metadata.Hive: Dumping metastore api call timing information for : execution phase
2024-04-24T01:11:43,959  INFO [main] metadata.Hive: Total time spent in each metastore function (ms): {isCompatibleWith_(Configuration)=0, dropTable_(String, String, boolean, boolean, boolean)=43, getTable_(GetTableRequest)=5}
2024-04-24T01:11:43,959  INFO [main] ql.Driver: Completed executing command(queryId=alex_20240424011143_251a4e1b-52d2-4d44-8ecd-0363dcc539e3); Time taken: 0.049 seconds
2024-04-24T01:11:43,959  INFO [main] lockmgr.DbTxnManager: Stopped heartbeat for query: alex_20240424011143_251a4e1b-52d2-4d44-8ecd-0363dcc539e3
2024-04-24T01:11:43,964  INFO [main] txn.TxnHandler: Expected to move at least one record from txn_components to completed_txn_components when committing txn! txnid:19
2024-04-24T01:11:43,971  INFO [main] txn.TxnHandler: Removed transactions: ([19]) from MIN_HISTORY_LEVEL
2024-04-24T01:11:43,971  WARN [main] txn.CompactionTxnHandler: No compaction queue record found for Compaction type transaction commit. txnId:19
2024-04-24T01:11:43,971  INFO [main] ql.TxnCommandsBaseForTests: Running the query: drop table if exists acidTbl2
2024-04-24T01:11:43,972  INFO [main] ql.Driver: Compiling command(queryId=alex_20240424011143_113bd4b3-3bb9-4206-8994-31788456b1bf): drop table if exists acidTbl2
2024-04-24T01:11:43,974  INFO [main] txn.TxnHandler: Added entries to MIN_HISTORY_LEVEL for current txns: ([20]) with min_open_txn: 14
2024-04-24T01:11:43,974  INFO [main] lockmgr.DbTxnManager: Opened txnid:20
2024-04-24T01:11:43,975  INFO [main] ql.Driver: Semantic Analysis Completed (retrial = false)
2024-04-24T01:11:43,975  INFO [main] ql.Driver: Created Hive schema: Schema(fieldSchemas:null, properties:null)
2024-04-24T01:11:43,975  INFO [main] metadata.Hive: Dumping metastore api call timing information for : compilation phase
2024-04-24T01:11:43,975  INFO [main] metadata.Hive: Total time spent in each metastore function (ms): {isCompatibleWith_(Configuration)=0, getTable_(GetTableRequest)=0, openTxn_(String, TxnType)=2, getValidTxns_(long)=1, flushCache_()=0, commitTxn_(CommitTxnRequest)=12}
2024-04-24T01:11:43,975  INFO [main] ql.Driver: Completed compiling command(queryId=alex_20240424011143_113bd4b3-3bb9-4206-8994-31788456b1bf); Time taken: 0.003 seconds
2024-04-24T01:11:43,975  INFO [main] lockmgr.DbTxnManager: Setting lock request transaction to txnid:20 for queryId=alex_20240424011143_113bd4b3-3bb9-4206-8994-31788456b1bf
2024-04-24T01:11:43,975  INFO [main] ql.Driver: Operation DROPTABLE obtained 0 locks
2024-04-24T01:11:43,975  INFO [main] ql.Driver: Executing command(queryId=alex_20240424011143_113bd4b3-3bb9-4206-8994-31788456b1bf): drop table if exists acidTbl2
2024-04-24T01:11:43,976  INFO [main] ql.Driver: Starting task [Stage-0:DDL] in serial mode
2024-04-24T01:11:43,976  INFO [main] metadata.SessionHiveMetaStoreClient: Column stats doesn't exist for db=default temp table=acidTbl2
2024-04-24T01:11:43,976  INFO [main] metadata.Hive: Dumping metastore api call timing information for : execution phase
2024-04-24T01:11:43,976  INFO [main] metadata.Hive: Total time spent in each metastore function (ms): {isCompatibleWith_(Configuration)=0, getTable_(GetTableRequest)=0, dropTable_(String, String, boolean, boolean, boolean)=0}
2024-04-24T01:11:43,976  INFO [main] ql.Driver: Completed executing command(queryId=alex_20240424011143_113bd4b3-3bb9-4206-8994-31788456b1bf); Time taken: 0.001 seconds
2024-04-24T01:11:43,976  INFO [main] lockmgr.DbTxnManager: Stopped heartbeat for query: alex_20240424011143_113bd4b3-3bb9-4206-8994-31788456b1bf
2024-04-24T01:11:43,982  INFO [main] txn.TxnHandler: Expected to move at least one record from txn_components to completed_txn_components when committing txn! txnid:20
2024-04-24T01:11:43,989  INFO [main] txn.TxnHandler: Removed transactions: ([20]) from MIN_HISTORY_LEVEL
2024-04-24T01:11:43,989  WARN [main] txn.CompactionTxnHandler: No compaction queue record found for Compaction type transaction commit. txnId:20
2024-04-24T01:11:43,990  INFO [main] ql.TxnCommandsBaseForTests: Running the query: drop table if exists nonAcidOrcTbl
2024-04-24T01:11:43,990  INFO [main] ql.Driver: Compiling command(queryId=alex_20240424011143_cccb01e4-11ae-422b-8144-c76cda7603fe): drop table if exists nonAcidOrcTbl
2024-04-24T01:11:43,992  INFO [main] txn.TxnHandler: Added entries to MIN_HISTORY_LEVEL for current txns: ([21]) with min_open_txn: 14
2024-04-24T01:11:43,993  INFO [main] lockmgr.DbTxnManager: Opened txnid:21
2024-04-24T01:11:43,993  INFO [main] HiveMetaStore.audit: ugi=alex	ip=unknown-ip-addr	cmd=get_table : tbl=hive.default.nonAcidOrcTbl	
2024-04-24T01:11:44,015  INFO [main] metastore.HMSHandler: Skipping translation for processor with null
2024-04-24T01:11:44,015  INFO [main] ql.Driver: Semantic Analysis Completed (retrial = false)
2024-04-24T01:11:44,015  INFO [main] ql.Driver: Created Hive schema: Schema(fieldSchemas:null, properties:null)
2024-04-24T01:11:44,016  INFO [main] metadata.Hive: Dumping metastore api call timing information for : compilation phase
2024-04-24T01:11:44,016  INFO [main] metadata.Hive: Total time spent in each metastore function (ms): {getTable_(GetTableRequest)=22, openTxn_(String, TxnType)=2, flushCache_()=0, commitTxn_(CommitTxnRequest)=13, isCompatibleWith_(Configuration)=0, getValidTxns_(long)=0}
2024-04-24T01:11:44,016  INFO [main] ql.Driver: Completed compiling command(queryId=alex_20240424011143_cccb01e4-11ae-422b-8144-c76cda7603fe); Time taken: 0.025 seconds
2024-04-24T01:11:44,016  INFO [main] lockmgr.DbTxnManager: Setting lock request transaction to txnid:21 for queryId=alex_20240424011143_cccb01e4-11ae-422b-8144-c76cda7603fe
2024-04-24T01:11:44,016  INFO [main] lockmgr.DbLockManager: Requesting lock for queryId=alex_20240424011143_cccb01e4-11ae-422b-8144-c76cda7603fe
2024-04-24T01:11:44,033  INFO [main] lockmgr.DbLockManager: Response to queryId=alex_20240424011143_cccb01e4-11ae-422b-8144-c76cda7603fe LockResponse(lockid:13, state:ACQUIRED)
2024-04-24T01:11:44,034  INFO [main] ql.Driver: Operation DROPTABLE obtained 1 locks
2024-04-24T01:11:44,034  INFO [main] ql.Driver: Executing command(queryId=alex_20240424011143_cccb01e4-11ae-422b-8144-c76cda7603fe): drop table if exists nonAcidOrcTbl
2024-04-24T01:11:44,034  INFO [main] ql.Driver: Starting task [Stage-0:DDL] in serial mode
2024-04-24T01:11:44,034  INFO [main] HiveMetaStore.audit: ugi=alex	ip=unknown-ip-addr	cmd=get_table : tbl=hive.default.nonAcidOrcTbl	
2024-04-24T01:11:44,041  INFO [main] metastore.HMSHandler: Skipping translation for processor with null
2024-04-24T01:11:44,042  INFO [main] HiveMetaStore.audit: ugi=alex	ip=unknown-ip-addr	cmd=get_table : tbl=hive.default.nonAcidOrcTbl	
2024-04-24T01:11:44,049  INFO [main] metastore.HMSHandler: Skipping translation for processor with null
2024-04-24T01:11:44,049  INFO [main] HiveMetaStore.audit: ugi=alex	ip=unknown-ip-addr	cmd=drop_table : tbl=hive.default.nonAcidOrcTbl	
2024-04-24T01:11:44,103  INFO [main] metadata.Hive: Dumping metastore api call timing information for : execution phase
2024-04-24T01:11:44,103  INFO [main] metadata.Hive: Total time spent in each metastore function (ms): {dropTable_(String, String, boolean, boolean, boolean)=61, isCompatibleWith_(Configuration)=0, getTable_(GetTableRequest)=8}
2024-04-24T01:11:44,104  INFO [main] ql.Driver: Completed executing command(queryId=alex_20240424011143_cccb01e4-11ae-422b-8144-c76cda7603fe); Time taken: 0.069 seconds
2024-04-24T01:11:44,104  INFO [main] lockmgr.DbTxnManager: Stopped heartbeat for query: alex_20240424011143_cccb01e4-11ae-422b-8144-c76cda7603fe
2024-04-24T01:11:44,108  INFO [main] txn.TxnHandler: Expected to move at least one record from txn_components to completed_txn_components when committing txn! txnid:21
2024-04-24T01:11:44,115  INFO [main] txn.TxnHandler: Removed transactions: ([21]) from MIN_HISTORY_LEVEL
2024-04-24T01:11:44,115  WARN [main] txn.CompactionTxnHandler: No compaction queue record found for Compaction type transaction commit. txnId:21
2024-04-24T01:11:44,116  INFO [main] ql.TxnCommandsBaseForTests: Running the query: drop table if exists nonAcidOrcTbl2
2024-04-24T01:11:44,116  INFO [main] ql.Driver: Compiling command(queryId=alex_20240424011144_db9d4dcb-e031-4e60-bd9f-041d569661ec): drop table if exists nonAcidOrcTbl2
2024-04-24T01:11:44,118  INFO [main] txn.TxnHandler: Added entries to MIN_HISTORY_LEVEL for current txns: ([22]) with min_open_txn: 16
2024-04-24T01:11:44,118  INFO [main] lockmgr.DbTxnManager: Opened txnid:22
2024-04-24T01:11:44,119  INFO [main] HiveMetaStore.audit: ugi=alex	ip=unknown-ip-addr	cmd=get_table : tbl=hive.default.nonAcidOrcTbl2	
2024-04-24T01:11:44,127  INFO [main] metastore.HMSHandler: Skipping translation for processor with null
2024-04-24T01:11:44,127  INFO [main] ql.Driver: Semantic Analysis Completed (retrial = false)
2024-04-24T01:11:44,127  INFO [main] ql.Driver: Created Hive schema: Schema(fieldSchemas:null, properties:null)
2024-04-24T01:11:44,127  INFO [main] metadata.Hive: Dumping metastore api call timing information for : compilation phase
2024-04-24T01:11:44,127  INFO [main] metadata.Hive: Total time spent in each metastore function (ms): {openTxn_(String, TxnType)=2, flushCache_()=0, isCompatibleWith_(Configuration)=1, getTable_(GetTableRequest)=8, commitTxn_(CommitTxnRequest)=12, getValidTxns_(long)=0}
2024-04-24T01:11:44,127  INFO [main] ql.Driver: Completed compiling command(queryId=alex_20240424011144_db9d4dcb-e031-4e60-bd9f-041d569661ec); Time taken: 0.011 seconds
2024-04-24T01:11:44,128  INFO [main] lockmgr.DbTxnManager: Setting lock request transaction to txnid:22 for queryId=alex_20240424011144_db9d4dcb-e031-4e60-bd9f-041d569661ec
2024-04-24T01:11:44,128  INFO [main] lockmgr.DbLockManager: Requesting lock for queryId=alex_20240424011144_db9d4dcb-e031-4e60-bd9f-041d569661ec
2024-04-24T01:11:44,143  INFO [main] lockmgr.DbLockManager: Response to queryId=alex_20240424011144_db9d4dcb-e031-4e60-bd9f-041d569661ec LockResponse(lockid:14, state:ACQUIRED)
2024-04-24T01:11:44,143  INFO [main] ql.Driver: Operation DROPTABLE obtained 1 locks
2024-04-24T01:11:44,144  INFO [main] ql.Driver: Executing command(queryId=alex_20240424011144_db9d4dcb-e031-4e60-bd9f-041d569661ec): drop table if exists nonAcidOrcTbl2
2024-04-24T01:11:44,144  INFO [main] ql.Driver: Starting task [Stage-0:DDL] in serial mode
2024-04-24T01:11:44,144  INFO [main] HiveMetaStore.audit: ugi=alex	ip=unknown-ip-addr	cmd=get_table : tbl=hive.default.nonAcidOrcTbl2	
2024-04-24T01:11:44,151  INFO [main] metastore.HMSHandler: Skipping translation for processor with null
2024-04-24T01:11:44,152  INFO [main] HiveMetaStore.audit: ugi=alex	ip=unknown-ip-addr	cmd=get_table : tbl=hive.default.nonAcidOrcTbl2	
2024-04-24T01:11:44,159  INFO [main] metastore.HMSHandler: Skipping translation for processor with null
2024-04-24T01:11:44,159  INFO [main] HiveMetaStore.audit: ugi=alex	ip=unknown-ip-addr	cmd=drop_table : tbl=hive.default.nonAcidOrcTbl2	
2024-04-24T01:11:44,187  INFO [main] metadata.Hive: Dumping metastore api call timing information for : execution phase
2024-04-24T01:11:44,187  INFO [main] metadata.Hive: Total time spent in each metastore function (ms): {dropTable_(String, String, boolean, boolean, boolean)=34, getTable_(GetTableRequest)=8, isCompatibleWith_(Configuration)=0}
2024-04-24T01:11:44,187  INFO [main] ql.Driver: Completed executing command(queryId=alex_20240424011144_db9d4dcb-e031-4e60-bd9f-041d569661ec); Time taken: 0.043 seconds
2024-04-24T01:11:44,187  INFO [main] lockmgr.DbTxnManager: Stopped heartbeat for query: alex_20240424011144_db9d4dcb-e031-4e60-bd9f-041d569661ec
2024-04-24T01:11:44,191  INFO [main] txn.TxnHandler: Expected to move at least one record from txn_components to completed_txn_components when committing txn! txnid:22
2024-04-24T01:11:44,198  INFO [main] txn.TxnHandler: Removed transactions: ([22]) from MIN_HISTORY_LEVEL
2024-04-24T01:11:44,198  WARN [main] txn.CompactionTxnHandler: No compaction queue record found for Compaction type transaction commit. txnId:22
2024-04-24T01:11:44,199  INFO [main] ql.TxnCommandsBaseForTests: Running the query: drop table if exists nonAcidNonBucket
2024-04-24T01:11:44,199  INFO [main] ql.Driver: Compiling command(queryId=alex_20240424011144_8beb0831-7636-4392-8d74-60233e06d2df): drop table if exists nonAcidNonBucket
2024-04-24T01:11:44,202  INFO [main] txn.TxnHandler: Added entries to MIN_HISTORY_LEVEL for current txns: ([23]) with min_open_txn: 16
2024-04-24T01:11:44,202  INFO [main] lockmgr.DbTxnManager: Opened txnid:23
2024-04-24T01:11:44,203  INFO [main] HiveMetaStore.audit: ugi=alex	ip=unknown-ip-addr	cmd=get_table : tbl=hive.default.nonAcidNonBucket	
2024-04-24T01:11:44,210  INFO [main] metastore.HMSHandler: Skipping translation for processor with null
2024-04-24T01:11:44,210  INFO [main] ql.Driver: Semantic Analysis Completed (retrial = false)
2024-04-24T01:11:44,211  INFO [main] ql.Driver: Created Hive schema: Schema(fieldSchemas:null, properties:null)
2024-04-24T01:11:44,211  INFO [main] metadata.Hive: Dumping metastore api call timing information for : compilation phase
2024-04-24T01:11:44,211  INFO [main] metadata.Hive: Total time spent in each metastore function (ms): {getTable_(GetTableRequest)=7, flushCache_()=0, commitTxn_(CommitTxnRequest)=12, openTxn_(String, TxnType)=2, isCompatibleWith_(Configuration)=0, getValidTxns_(long)=1}
2024-04-24T01:11:44,211  INFO [main] ql.Driver: Completed compiling command(queryId=alex_20240424011144_8beb0831-7636-4392-8d74-60233e06d2df); Time taken: 0.012 seconds
2024-04-24T01:11:44,211  INFO [main] lockmgr.DbTxnManager: Setting lock request transaction to txnid:23 for queryId=alex_20240424011144_8beb0831-7636-4392-8d74-60233e06d2df
2024-04-24T01:11:44,211  INFO [main] lockmgr.DbLockManager: Requesting lock for queryId=alex_20240424011144_8beb0831-7636-4392-8d74-60233e06d2df
2024-04-24T01:11:44,227  INFO [main] lockmgr.DbLockManager: Response to queryId=alex_20240424011144_8beb0831-7636-4392-8d74-60233e06d2df LockResponse(lockid:15, state:ACQUIRED)
2024-04-24T01:11:44,227  INFO [main] ql.Driver: Operation DROPTABLE obtained 1 locks
2024-04-24T01:11:44,227  INFO [main] ql.Driver: Executing command(queryId=alex_20240424011144_8beb0831-7636-4392-8d74-60233e06d2df): drop table if exists nonAcidNonBucket
2024-04-24T01:11:44,227  INFO [main] ql.Driver: Starting task [Stage-0:DDL] in serial mode
2024-04-24T01:11:44,227  INFO [main] HiveMetaStore.audit: ugi=alex	ip=unknown-ip-addr	cmd=get_table : tbl=hive.default.nonAcidNonBucket	
2024-04-24T01:11:44,235  INFO [main] metastore.HMSHandler: Skipping translation for processor with null
2024-04-24T01:11:44,235  INFO [main] HiveMetaStore.audit: ugi=alex	ip=unknown-ip-addr	cmd=get_table : tbl=hive.default.nonAcidNonBucket	
2024-04-24T01:11:44,242  INFO [main] metastore.HMSHandler: Skipping translation for processor with null
2024-04-24T01:11:44,242  INFO [main] HiveMetaStore.audit: ugi=alex	ip=unknown-ip-addr	cmd=drop_table : tbl=hive.default.nonAcidNonBucket	
2024-04-24T01:11:44,268  INFO [main] metadata.Hive: Dumping metastore api call timing information for : execution phase
2024-04-24T01:11:44,268  INFO [main] metadata.Hive: Total time spent in each metastore function (ms): {dropTable_(String, String, boolean, boolean, boolean)=33, isCompatibleWith_(Configuration)=0, getTable_(GetTableRequest)=8}
2024-04-24T01:11:44,268  INFO [main] ql.Driver: Completed executing command(queryId=alex_20240424011144_8beb0831-7636-4392-8d74-60233e06d2df); Time taken: 0.041 seconds
2024-04-24T01:11:44,268  INFO [main] lockmgr.DbTxnManager: Stopped heartbeat for query: alex_20240424011144_8beb0831-7636-4392-8d74-60233e06d2df
2024-04-24T01:11:44,273  INFO [main] txn.TxnHandler: Expected to move at least one record from txn_components to completed_txn_components when committing txn! txnid:23
2024-04-24T01:11:44,280  INFO [main] txn.TxnHandler: Removed transactions: ([23]) from MIN_HISTORY_LEVEL
2024-04-24T01:11:44,280  WARN [main] txn.CompactionTxnHandler: No compaction queue record found for Compaction type transaction commit. txnId:23
2024-04-24T01:11:44,281  INFO [main] utils.TestTxnDbUtil: Cleaning transactional tables
]]></system-err>
  </testcase>
  <testcase name="testDelete" classname="org.apache.hadoop.hive.ql.TestTxnCommandsWithSplitUpdateAndVectorization" time="4.656">
    <error type="java.lang.RuntimeException"><![CDATA[java.lang.RuntimeException: delete from acidTbl where b = 4 failed: (responseCode = 40000, errorMessage = FAILED: NoMatchingMethodException No matching method for class org.apache.hadoop.hive.ql.udf.UDFToInteger with (struct<writeid:bigint,bucketid:int,rowid:bigint>). Possible choices: _FUNC_(bigint)  _FUNC_(boolean)  _FUNC_(decimal(38,18))  _FUNC_(double)  _FUNC_(float)  _FUNC_(smallint)  _FUNC_(string)  _FUNC_(struct<rowid:bigint,writeid:bigint,bucketid:int>)  _FUNC_(timestamp)  _FUNC_(tinyint)  _FUNC_(void)  , hiveErrorCode = 40000, SQLState = 42000, exception = No matching method for class org.apache.hadoop.hive.ql.udf.UDFToInteger with (struct<writeid:bigint,bucketid:int,rowid:bigint>). Possible choices: _FUNC_(bigint)  _FUNC_(boolean)  _FUNC_(decimal(38,18))  _FUNC_(double)  _FUNC_(float)  _FUNC_(smallint)  _FUNC_(string)  _FUNC_(struct<rowid:bigint,writeid:bigint,bucketid:int>)  _FUNC_(timestamp)  _FUNC_(tinyint)  _FUNC_(void)  )
	at org.apache.hadoop.hive.ql.TxnCommandsBaseForTests.runStatementOnDriver(TxnCommandsBaseForTests.java:247)
	at org.apache.hadoop.hive.ql.TestTxnCommands.testDelete(TestTxnCommands.java:840)
	at sun.reflect.NativeMethodAccessorImpl.invoke0(Native Method)
	at sun.reflect.NativeMethodAccessorImpl.invoke(NativeMethodAccessorImpl.java:62)
	at sun.reflect.DelegatingMethodAccessorImpl.invoke(DelegatingMethodAccessorImpl.java:43)
	at java.lang.reflect.Method.invoke(Method.java:498)
	at org.junit.runners.model.FrameworkMethod$1.runReflectiveCall(FrameworkMethod.java:59)
	at org.junit.internal.runners.model.ReflectiveCallable.run(ReflectiveCallable.java:12)
	at org.junit.runners.model.FrameworkMethod.invokeExplosively(FrameworkMethod.java:56)
	at org.junit.internal.runners.statements.InvokeMethod.evaluate(InvokeMethod.java:17)
	at org.junit.internal.runners.statements.RunBefores.evaluate(RunBefores.java:26)
	at org.junit.internal.runners.statements.RunAfters.evaluate(RunAfters.java:27)
	at org.junit.rules.TestWatcher$1.evaluate(TestWatcher.java:61)
	at org.junit.runners.ParentRunner$3.evaluate(ParentRunner.java:306)
	at org.junit.runners.BlockJUnit4ClassRunner$1.evaluate(BlockJUnit4ClassRunner.java:100)
	at org.junit.runners.ParentRunner.runLeaf(ParentRunner.java:366)
	at org.junit.runners.BlockJUnit4ClassRunner.runChild(BlockJUnit4ClassRunner.java:103)
	at org.junit.runners.BlockJUnit4ClassRunner.runChild(BlockJUnit4ClassRunner.java:63)
	at org.junit.runners.ParentRunner$4.run(ParentRunner.java:331)
	at org.junit.runners.ParentRunner$1.schedule(ParentRunner.java:79)
	at org.junit.runners.ParentRunner.runChildren(ParentRunner.java:329)
	at org.junit.runners.ParentRunner.access$100(ParentRunner.java:66)
	at org.junit.runners.ParentRunner$2.evaluate(ParentRunner.java:293)
	at org.junit.runners.ParentRunner$3.evaluate(ParentRunner.java:306)
	at org.junit.runners.ParentRunner.run(ParentRunner.java:413)
	at org.junit.runner.JUnitCore.run(JUnitCore.java:137)
	at org.junit.runner.JUnitCore.run(JUnitCore.java:115)
	at org.junit.vintage.engine.execution.RunnerExecutor.execute(RunnerExecutor.java:43)
	at java.util.stream.ForEachOps$ForEachOp$OfRef.accept(ForEachOps.java:183)
	at java.util.stream.ReferencePipeline$3$1.accept(ReferencePipeline.java:193)
	at java.util.Iterator.forEachRemaining(Iterator.java:116)
	at java.util.Spliterators$IteratorSpliterator.forEachRemaining(Spliterators.java:1801)
	at java.util.stream.AbstractPipeline.copyInto(AbstractPipeline.java:482)
	at java.util.stream.AbstractPipeline.wrapAndCopyInto(AbstractPipeline.java:472)
	at java.util.stream.ForEachOps$ForEachOp.evaluateSequential(ForEachOps.java:150)
	at java.util.stream.ForEachOps$ForEachOp$OfRef.evaluateSequential(ForEachOps.java:173)
	at java.util.stream.AbstractPipeline.evaluate(AbstractPipeline.java:234)
	at java.util.stream.ReferencePipeline.forEach(ReferencePipeline.java:485)
	at org.junit.vintage.engine.VintageTestEngine.executeAllChildren(VintageTestEngine.java:82)
	at org.junit.vintage.engine.VintageTestEngine.execute(VintageTestEngine.java:73)
	at org.junit.platform.launcher.core.DefaultLauncher.execute(DefaultLauncher.java:248)
	at org.junit.platform.launcher.core.DefaultLauncher.lambda$execute$5(DefaultLauncher.java:211)
	at org.junit.platform.launcher.core.DefaultLauncher.withInterceptedStreams(DefaultLauncher.java:226)
	at org.junit.platform.launcher.core.DefaultLauncher.execute(DefaultLauncher.java:199)
	at org.junit.platform.launcher.core.DefaultLauncher.execute(DefaultLauncher.java:132)
	at org.apache.maven.surefire.junitplatform.JUnitPlatformProvider.invokeAllTests(JUnitPlatformProvider.java:154)
	at org.apache.maven.surefire.junitplatform.JUnitPlatformProvider.invoke(JUnitPlatformProvider.java:123)
	at org.apache.maven.surefire.booter.ForkedBooter.runSuitesInProcess(ForkedBooter.java:377)
	at org.apache.maven.surefire.booter.ForkedBooter.execute(ForkedBooter.java:138)
	at org.apache.maven.surefire.booter.ForkedBooter.run(ForkedBooter.java:465)
	at org.apache.maven.surefire.booter.ForkedBooter.main(ForkedBooter.java:451)
]]></error>
    <system-err><![CDATA[2024-04-24T01:11:44,345  WARN [main] conf.HiveConf: HiveConf of name hive.llap.io.cache.orc.arena.size does not exist
2024-04-24T01:11:44,346  WARN [main] conf.HiveConf: HiveConf of name hive.dummyparam.test.server.specific.config.override does not exist
2024-04-24T01:11:44,346  WARN [main] conf.HiveConf: HiveConf of name hive.stats.key.prefix.reserve.length does not exist
2024-04-24T01:11:44,346  WARN [main] conf.HiveConf: HiveConf of name hive.dummyparam.test.server.specific.config.metastoresite does not exist
2024-04-24T01:11:44,346  WARN [main] conf.HiveConf: HiveConf of name hive.llap.io.cache.orc.alloc.min does not exist
2024-04-24T01:11:44,346  WARN [main] conf.HiveConf: HiveConf of name hive.metastore.metadb.dir does not exist
2024-04-24T01:11:44,346  WARN [main] conf.HiveConf: HiveConf of name hive.dummyparam.test.server.specific.config.hivesite does not exist
2024-04-24T01:11:44,346  WARN [main] conf.HiveConf: HiveConf of name hive.metastore.client.cache.maxSize does not exist
2024-04-24T01:11:44,346  WARN [main] conf.HiveConf: HiveConf of name hive.llap.io.cache.orc.size does not exist
2024-04-24T01:11:44,346  WARN [main] conf.HiveConf: HiveConf of name hive.metastore.client.cache.recordStats does not exist
2024-04-24T01:11:44,346  WARN [main] conf.HiveConf: HiveConf of name hive.llap.io.cache.orc.alloc.max does not exist
2024-04-24T01:11:44,348  INFO [main] utils.TestTxnDbUtil: Creating transactional tables
Hive Session ID = 344f1643-ea29-4684-8a1f-bc823cf544b5
2024-04-24T01:11:44,351  INFO [main] SessionState: Hive Session ID = 344f1643-ea29-4684-8a1f-bc823cf544b5
ivysettings.xml file not found in HIVE_HOME or HIVE_CONF_DIR,/home/alex/Repositories/hive/conf/ivysettings.xml will be used
2024-04-24T01:11:44,351  INFO [main] DependencyResolver: ivysettings.xml file not found in HIVE_HOME or HIVE_CONF_DIR,/home/alex/Repositories/hive/conf/ivysettings.xml will be used
2024-04-24T01:11:44,356  INFO [main] session.SessionState: Created HDFS directory: /home/alex/Repositories/hive/ql/target/tmp/scratchdir/alex/344f1643-ea29-4684-8a1f-bc823cf544b5
2024-04-24T01:11:44,359  INFO [main] session.SessionState: Created local directory: /home/alex/Repositories/hive/ql/target/tmp/localscratchdir/344f1643-ea29-4684-8a1f-bc823cf544b5
2024-04-24T01:11:44,361  INFO [main] session.SessionState: Created HDFS directory: /home/alex/Repositories/hive/ql/target/tmp/scratchdir/alex/344f1643-ea29-4684-8a1f-bc823cf544b5/_tmp_space.db
2024-04-24T01:11:44,361  INFO [main] sqlstd.SQLStdHiveAccessController: Created SQLStdHiveAccessController for session context : HiveAuthzSessionContext [sessionString=344f1643-ea29-4684-8a1f-bc823cf544b5, clientType=HIVECLI]
2024-04-24T01:11:44,361  INFO [main] ql.TxnCommandsBaseForTests: Running the query: drop table if exists acidTbl
2024-04-24T01:11:44,362  INFO [main] ql.Driver: Compiling command(queryId=alex_20240424011144_325fb96f-1b75-496e-9a4d-0851d815ae52): drop table if exists acidTbl
2024-04-24T01:11:44,370  INFO [main] txn.TxnHandler: Added entries to MIN_HISTORY_LEVEL for current txns: ([1]) with min_open_txn: 1
2024-04-24T01:11:44,371  INFO [main] lockmgr.DbTxnManager: Opened txnid:1
2024-04-24T01:11:44,373  INFO [main] HiveMetaStore.audit: ugi=alex	ip=unknown-ip-addr	cmd=get_table : tbl=hive.default.acidTbl	
2024-04-24T01:11:44,376  INFO [main] ql.Driver: Semantic Analysis Completed (retrial = false)
2024-04-24T01:11:44,376  INFO [main] ql.Driver: Created Hive schema: Schema(fieldSchemas:null, properties:null)
2024-04-24T01:11:44,376  INFO [main] metadata.Hive: Dumping metastore api call timing information for : compilation phase
2024-04-24T01:11:44,376  INFO [main] metadata.Hive: Total time spent in each metastore function (ms): {openTxn_(String, TxnType)=9, flushCache_()=0, isCompatibleWith_(Configuration)=1, commitTxn_(CommitTxnRequest)=11, getValidTxns_(long)=2}
2024-04-24T01:11:44,376  INFO [main] ql.Driver: Completed compiling command(queryId=alex_20240424011144_325fb96f-1b75-496e-9a4d-0851d815ae52); Time taken: 0.014 seconds
2024-04-24T01:11:44,377  INFO [main] lockmgr.DbTxnManager: Setting lock request transaction to txnid:1 for queryId=alex_20240424011144_325fb96f-1b75-496e-9a4d-0851d815ae52
2024-04-24T01:11:44,377  INFO [main] ql.Driver: Operation DROPTABLE obtained 0 locks
2024-04-24T01:11:44,377  INFO [main] ql.Driver: Executing command(queryId=alex_20240424011144_325fb96f-1b75-496e-9a4d-0851d815ae52): drop table if exists acidTbl
2024-04-24T01:11:44,377  INFO [main] ql.Driver: Starting task [Stage-0:DDL] in serial mode
2024-04-24T01:11:44,377  INFO [main] HiveMetaStore.audit: ugi=alex	ip=unknown-ip-addr	cmd=get_table : tbl=hive.default.acidTbl	
2024-04-24T01:11:44,380  INFO [main] metadata.Hive: Dumping metastore api call timing information for : execution phase
2024-04-24T01:11:44,380  INFO [main] metadata.Hive: Total time spent in each metastore function (ms): {isCompatibleWith_(Configuration)=0}
2024-04-24T01:11:44,380  INFO [main] ql.Driver: Completed executing command(queryId=alex_20240424011144_325fb96f-1b75-496e-9a4d-0851d815ae52); Time taken: 0.003 seconds
2024-04-24T01:11:44,380  INFO [main] lockmgr.DbTxnManager: Stopped heartbeat for query: alex_20240424011144_325fb96f-1b75-496e-9a4d-0851d815ae52
2024-04-24T01:11:44,387  INFO [main] txn.TxnHandler: Expected to move at least one record from txn_components to completed_txn_components when committing txn! txnid:1
2024-04-24T01:11:44,394  INFO [main] txn.TxnHandler: Removed transactions: ([1]) from MIN_HISTORY_LEVEL
2024-04-24T01:11:44,394  WARN [main] txn.CompactionTxnHandler: No compaction queue record found for Compaction type transaction commit. txnId:1
2024-04-24T01:11:44,395  INFO [main] ql.TxnCommandsBaseForTests: Running the query: drop table if exists acidTblPart
2024-04-24T01:11:44,395  INFO [main] ql.Driver: Compiling command(queryId=alex_20240424011144_53c708be-1b9d-4d8a-b35d-badf48be9248): drop table if exists acidTblPart
2024-04-24T01:11:44,397  INFO [main] txn.TxnHandler: Added entries to MIN_HISTORY_LEVEL for current txns: ([2]) with min_open_txn: 1
2024-04-24T01:11:44,397  INFO [main] lockmgr.DbTxnManager: Opened txnid:2
2024-04-24T01:11:44,398  INFO [main] HiveMetaStore.audit: ugi=alex	ip=unknown-ip-addr	cmd=get_table : tbl=hive.default.acidTblPart	
2024-04-24T01:11:44,400  INFO [main] ql.Driver: Semantic Analysis Completed (retrial = false)
2024-04-24T01:11:44,400  INFO [main] ql.Driver: Created Hive schema: Schema(fieldSchemas:null, properties:null)
2024-04-24T01:11:44,400  INFO [main] metadata.Hive: Dumping metastore api call timing information for : compilation phase
2024-04-24T01:11:44,400  INFO [main] metadata.Hive: Total time spent in each metastore function (ms): {flushCache_()=0, isCompatibleWith_(Configuration)=0, commitTxn_(CommitTxnRequest)=15, openTxn_(String, TxnType)=2, getValidTxns_(long)=1}
2024-04-24T01:11:44,401  INFO [main] ql.Driver: Completed compiling command(queryId=alex_20240424011144_53c708be-1b9d-4d8a-b35d-badf48be9248); Time taken: 0.005 seconds
2024-04-24T01:11:44,401  INFO [main] lockmgr.DbTxnManager: Setting lock request transaction to txnid:2 for queryId=alex_20240424011144_53c708be-1b9d-4d8a-b35d-badf48be9248
2024-04-24T01:11:44,401  INFO [main] ql.Driver: Operation DROPTABLE obtained 0 locks
2024-04-24T01:11:44,401  INFO [main] ql.Driver: Executing command(queryId=alex_20240424011144_53c708be-1b9d-4d8a-b35d-badf48be9248): drop table if exists acidTblPart
2024-04-24T01:11:44,401  INFO [main] ql.Driver: Starting task [Stage-0:DDL] in serial mode
2024-04-24T01:11:44,401  INFO [main] HiveMetaStore.audit: ugi=alex	ip=unknown-ip-addr	cmd=get_table : tbl=hive.default.acidTblPart	
2024-04-24T01:11:44,404  INFO [main] metadata.Hive: Dumping metastore api call timing information for : execution phase
2024-04-24T01:11:44,404  INFO [main] metadata.Hive: Total time spent in each metastore function (ms): {isCompatibleWith_(Configuration)=0}
2024-04-24T01:11:44,404  INFO [main] ql.Driver: Completed executing command(queryId=alex_20240424011144_53c708be-1b9d-4d8a-b35d-badf48be9248); Time taken: 0.003 seconds
2024-04-24T01:11:44,404  INFO [main] lockmgr.DbTxnManager: Stopped heartbeat for query: alex_20240424011144_53c708be-1b9d-4d8a-b35d-badf48be9248
2024-04-24T01:11:44,411  INFO [main] txn.TxnHandler: Expected to move at least one record from txn_components to completed_txn_components when committing txn! txnid:2
2024-04-24T01:11:44,417  INFO [main] txn.TxnHandler: Removed transactions: ([2]) from MIN_HISTORY_LEVEL
2024-04-24T01:11:44,418  WARN [main] txn.CompactionTxnHandler: No compaction queue record found for Compaction type transaction commit. txnId:2
2024-04-24T01:11:44,418  INFO [main] ql.TxnCommandsBaseForTests: Running the query: drop table if exists acidTbl2
2024-04-24T01:11:44,419  INFO [main] ql.Driver: Compiling command(queryId=alex_20240424011144_b3fcc24a-f404-4afa-b6f0-86ed7dd3cb50): drop table if exists acidTbl2
2024-04-24T01:11:44,421  INFO [main] txn.TxnHandler: Added entries to MIN_HISTORY_LEVEL for current txns: ([3]) with min_open_txn: 1
2024-04-24T01:11:44,421  INFO [main] lockmgr.DbTxnManager: Opened txnid:3
2024-04-24T01:11:44,422  INFO [main] HiveMetaStore.audit: ugi=alex	ip=unknown-ip-addr	cmd=get_table : tbl=hive.default.acidTbl2	
2024-04-24T01:11:44,424  INFO [main] ql.Driver: Semantic Analysis Completed (retrial = false)
2024-04-24T01:11:44,424  INFO [main] ql.Driver: Created Hive schema: Schema(fieldSchemas:null, properties:null)
2024-04-24T01:11:44,425  INFO [main] metadata.Hive: Dumping metastore api call timing information for : compilation phase
2024-04-24T01:11:44,425  INFO [main] metadata.Hive: Total time spent in each metastore function (ms): {commitTxn_(CommitTxnRequest)=14, openTxn_(String, TxnType)=2, isCompatibleWith_(Configuration)=0, flushCache_()=0, getValidTxns_(long)=1}
2024-04-24T01:11:44,425  INFO [main] ql.Driver: Completed compiling command(queryId=alex_20240424011144_b3fcc24a-f404-4afa-b6f0-86ed7dd3cb50); Time taken: 0.006 seconds
2024-04-24T01:11:44,425  INFO [main] lockmgr.DbTxnManager: Setting lock request transaction to txnid:3 for queryId=alex_20240424011144_b3fcc24a-f404-4afa-b6f0-86ed7dd3cb50
2024-04-24T01:11:44,425  INFO [main] ql.Driver: Operation DROPTABLE obtained 0 locks
2024-04-24T01:11:44,425  INFO [main] ql.Driver: Executing command(queryId=alex_20240424011144_b3fcc24a-f404-4afa-b6f0-86ed7dd3cb50): drop table if exists acidTbl2
2024-04-24T01:11:44,425  INFO [main] ql.Driver: Starting task [Stage-0:DDL] in serial mode
2024-04-24T01:11:44,426  INFO [main] HiveMetaStore.audit: ugi=alex	ip=unknown-ip-addr	cmd=get_table : tbl=hive.default.acidTbl2	
2024-04-24T01:11:44,428  INFO [main] metadata.Hive: Dumping metastore api call timing information for : execution phase
2024-04-24T01:11:44,428  INFO [main] metadata.Hive: Total time spent in each metastore function (ms): {isCompatibleWith_(Configuration)=0}
2024-04-24T01:11:44,428  INFO [main] ql.Driver: Completed executing command(queryId=alex_20240424011144_b3fcc24a-f404-4afa-b6f0-86ed7dd3cb50); Time taken: 0.003 seconds
2024-04-24T01:11:44,428  INFO [main] lockmgr.DbTxnManager: Stopped heartbeat for query: alex_20240424011144_b3fcc24a-f404-4afa-b6f0-86ed7dd3cb50
2024-04-24T01:11:44,434  INFO [main] txn.TxnHandler: Expected to move at least one record from txn_components to completed_txn_components when committing txn! txnid:3
2024-04-24T01:11:44,441  INFO [main] txn.TxnHandler: Removed transactions: ([3]) from MIN_HISTORY_LEVEL
2024-04-24T01:11:44,441  WARN [main] txn.CompactionTxnHandler: No compaction queue record found for Compaction type transaction commit. txnId:3
2024-04-24T01:11:44,442  INFO [main] ql.TxnCommandsBaseForTests: Running the query: drop table if exists nonAcidOrcTbl
2024-04-24T01:11:44,442  INFO [main] ql.Driver: Compiling command(queryId=alex_20240424011144_7eee6552-318c-4f00-b304-c7f7af852781): drop table if exists nonAcidOrcTbl
2024-04-24T01:11:44,444  INFO [main] txn.TxnHandler: Added entries to MIN_HISTORY_LEVEL for current txns: ([4]) with min_open_txn: 1
2024-04-24T01:11:44,445  INFO [main] lockmgr.DbTxnManager: Opened txnid:4
2024-04-24T01:11:44,445  INFO [main] HiveMetaStore.audit: ugi=alex	ip=unknown-ip-addr	cmd=get_table : tbl=hive.default.nonAcidOrcTbl	
2024-04-24T01:11:44,448  INFO [main] ql.Driver: Semantic Analysis Completed (retrial = false)
2024-04-24T01:11:44,448  INFO [main] ql.Driver: Created Hive schema: Schema(fieldSchemas:null, properties:null)
2024-04-24T01:11:44,448  INFO [main] metadata.Hive: Dumping metastore api call timing information for : compilation phase
2024-04-24T01:11:44,448  INFO [main] metadata.Hive: Total time spent in each metastore function (ms): {flushCache_()=0, openTxn_(String, TxnType)=2, commitTxn_(CommitTxnRequest)=13, isCompatibleWith_(Configuration)=0, getValidTxns_(long)=0}
2024-04-24T01:11:44,448  INFO [main] ql.Driver: Completed compiling command(queryId=alex_20240424011144_7eee6552-318c-4f00-b304-c7f7af852781); Time taken: 0.006 seconds
2024-04-24T01:11:44,449  INFO [main] lockmgr.DbTxnManager: Setting lock request transaction to txnid:4 for queryId=alex_20240424011144_7eee6552-318c-4f00-b304-c7f7af852781
2024-04-24T01:11:44,449  INFO [main] ql.Driver: Operation DROPTABLE obtained 0 locks
2024-04-24T01:11:44,449  INFO [main] ql.Driver: Executing command(queryId=alex_20240424011144_7eee6552-318c-4f00-b304-c7f7af852781): drop table if exists nonAcidOrcTbl
2024-04-24T01:11:44,449  INFO [main] ql.Driver: Starting task [Stage-0:DDL] in serial mode
2024-04-24T01:11:44,449  INFO [main] HiveMetaStore.audit: ugi=alex	ip=unknown-ip-addr	cmd=get_table : tbl=hive.default.nonAcidOrcTbl	
2024-04-24T01:11:44,452  INFO [main] metadata.Hive: Dumping metastore api call timing information for : execution phase
2024-04-24T01:11:44,452  INFO [main] metadata.Hive: Total time spent in each metastore function (ms): {isCompatibleWith_(Configuration)=0}
2024-04-24T01:11:44,452  INFO [main] ql.Driver: Completed executing command(queryId=alex_20240424011144_7eee6552-318c-4f00-b304-c7f7af852781); Time taken: 0.003 seconds
2024-04-24T01:11:44,452  INFO [main] lockmgr.DbTxnManager: Stopped heartbeat for query: alex_20240424011144_7eee6552-318c-4f00-b304-c7f7af852781
2024-04-24T01:11:44,458  INFO [main] txn.TxnHandler: Expected to move at least one record from txn_components to completed_txn_components when committing txn! txnid:4
2024-04-24T01:11:44,465  INFO [main] txn.TxnHandler: Removed transactions: ([4]) from MIN_HISTORY_LEVEL
2024-04-24T01:11:44,466  WARN [main] txn.CompactionTxnHandler: No compaction queue record found for Compaction type transaction commit. txnId:4
2024-04-24T01:11:44,466  INFO [main] ql.TxnCommandsBaseForTests: Running the query: drop table if exists nonAcidOrcTbl2
2024-04-24T01:11:44,466  INFO [main] ql.Driver: Compiling command(queryId=alex_20240424011144_4f988ef2-c261-4f4a-9321-c467ce8d5003): drop table if exists nonAcidOrcTbl2
2024-04-24T01:11:44,469  INFO [main] txn.TxnHandler: Added entries to MIN_HISTORY_LEVEL for current txns: ([5]) with min_open_txn: 1
2024-04-24T01:11:44,469  INFO [main] lockmgr.DbTxnManager: Opened txnid:5
2024-04-24T01:11:44,470  INFO [main] HiveMetaStore.audit: ugi=alex	ip=unknown-ip-addr	cmd=get_table : tbl=hive.default.nonAcidOrcTbl2	
2024-04-24T01:11:44,472  INFO [main] ql.Driver: Semantic Analysis Completed (retrial = false)
2024-04-24T01:11:44,472  INFO [main] ql.Driver: Created Hive schema: Schema(fieldSchemas:null, properties:null)
2024-04-24T01:11:44,472  INFO [main] metadata.Hive: Dumping metastore api call timing information for : compilation phase
2024-04-24T01:11:44,472  INFO [main] metadata.Hive: Total time spent in each metastore function (ms): {flushCache_()=0, commitTxn_(CommitTxnRequest)=14, isCompatibleWith_(Configuration)=0, openTxn_(String, TxnType)=2, getValidTxns_(long)=0}
2024-04-24T01:11:44,473  INFO [main] ql.Driver: Completed compiling command(queryId=alex_20240424011144_4f988ef2-c261-4f4a-9321-c467ce8d5003); Time taken: 0.006 seconds
2024-04-24T01:11:44,473  INFO [main] lockmgr.DbTxnManager: Setting lock request transaction to txnid:5 for queryId=alex_20240424011144_4f988ef2-c261-4f4a-9321-c467ce8d5003
2024-04-24T01:11:44,473  INFO [main] ql.Driver: Operation DROPTABLE obtained 0 locks
2024-04-24T01:11:44,473  INFO [main] ql.Driver: Executing command(queryId=alex_20240424011144_4f988ef2-c261-4f4a-9321-c467ce8d5003): drop table if exists nonAcidOrcTbl2
2024-04-24T01:11:44,473  INFO [main] ql.Driver: Starting task [Stage-0:DDL] in serial mode
2024-04-24T01:11:44,473  INFO [main] HiveMetaStore.audit: ugi=alex	ip=unknown-ip-addr	cmd=get_table : tbl=hive.default.nonAcidOrcTbl2	
2024-04-24T01:11:44,476  INFO [main] metadata.Hive: Dumping metastore api call timing information for : execution phase
2024-04-24T01:11:44,476  INFO [main] metadata.Hive: Total time spent in each metastore function (ms): {isCompatibleWith_(Configuration)=0}
2024-04-24T01:11:44,476  INFO [main] ql.Driver: Completed executing command(queryId=alex_20240424011144_4f988ef2-c261-4f4a-9321-c467ce8d5003); Time taken: 0.003 seconds
2024-04-24T01:11:44,476  INFO [main] lockmgr.DbTxnManager: Stopped heartbeat for query: alex_20240424011144_4f988ef2-c261-4f4a-9321-c467ce8d5003
2024-04-24T01:11:44,484  INFO [main] txn.TxnHandler: Expected to move at least one record from txn_components to completed_txn_components when committing txn! txnid:5
2024-04-24T01:11:44,492  INFO [main] txn.TxnHandler: Removed transactions: ([5]) from MIN_HISTORY_LEVEL
2024-04-24T01:11:44,492  WARN [main] txn.CompactionTxnHandler: No compaction queue record found for Compaction type transaction commit. txnId:5
2024-04-24T01:11:44,492  INFO [main] ql.TxnCommandsBaseForTests: Running the query: drop table if exists nonAcidNonBucket
2024-04-24T01:11:44,493  INFO [main] ql.Driver: Compiling command(queryId=alex_20240424011144_54bd3701-f019-4309-83af-cecb99aca5eb): drop table if exists nonAcidNonBucket
2024-04-24T01:11:44,495  INFO [main] txn.TxnHandler: Added entries to MIN_HISTORY_LEVEL for current txns: ([6]) with min_open_txn: 1
2024-04-24T01:11:44,495  INFO [main] lockmgr.DbTxnManager: Opened txnid:6
2024-04-24T01:11:44,496  INFO [main] HiveMetaStore.audit: ugi=alex	ip=unknown-ip-addr	cmd=get_table : tbl=hive.default.nonAcidNonBucket	
2024-04-24T01:11:44,498  INFO [main] ql.Driver: Semantic Analysis Completed (retrial = false)
2024-04-24T01:11:44,498  INFO [main] ql.Driver: Created Hive schema: Schema(fieldSchemas:null, properties:null)
2024-04-24T01:11:44,498  INFO [main] metadata.Hive: Dumping metastore api call timing information for : compilation phase
2024-04-24T01:11:44,499  INFO [main] metadata.Hive: Total time spent in each metastore function (ms): {getValidTxns_(long)=1, flushCache_()=0, isCompatibleWith_(Configuration)=0, commitTxn_(CommitTxnRequest)=16, openTxn_(String, TxnType)=2}
2024-04-24T01:11:44,499  INFO [main] ql.Driver: Completed compiling command(queryId=alex_20240424011144_54bd3701-f019-4309-83af-cecb99aca5eb); Time taken: 0.005 seconds
2024-04-24T01:11:44,499  INFO [main] lockmgr.DbTxnManager: Setting lock request transaction to txnid:6 for queryId=alex_20240424011144_54bd3701-f019-4309-83af-cecb99aca5eb
2024-04-24T01:11:44,499  INFO [main] ql.Driver: Operation DROPTABLE obtained 0 locks
2024-04-24T01:11:44,499  INFO [main] ql.Driver: Executing command(queryId=alex_20240424011144_54bd3701-f019-4309-83af-cecb99aca5eb): drop table if exists nonAcidNonBucket
2024-04-24T01:11:44,499  INFO [main] ql.Driver: Starting task [Stage-0:DDL] in serial mode
2024-04-24T01:11:44,500  INFO [main] HiveMetaStore.audit: ugi=alex	ip=unknown-ip-addr	cmd=get_table : tbl=hive.default.nonAcidNonBucket	
2024-04-24T01:11:44,503  INFO [main] metadata.Hive: Dumping metastore api call timing information for : execution phase
2024-04-24T01:11:44,503  INFO [main] metadata.Hive: Total time spent in each metastore function (ms): {isCompatibleWith_(Configuration)=0}
2024-04-24T01:11:44,503  INFO [main] ql.Driver: Completed executing command(queryId=alex_20240424011144_54bd3701-f019-4309-83af-cecb99aca5eb); Time taken: 0.004 seconds
2024-04-24T01:11:44,503  INFO [main] lockmgr.DbTxnManager: Stopped heartbeat for query: alex_20240424011144_54bd3701-f019-4309-83af-cecb99aca5eb
2024-04-24T01:11:44,510  INFO [main] txn.TxnHandler: Expected to move at least one record from txn_components to completed_txn_components when committing txn! txnid:6
2024-04-24T01:11:44,519  INFO [main] txn.TxnHandler: Removed transactions: ([6]) from MIN_HISTORY_LEVEL
2024-04-24T01:11:44,519  WARN [main] txn.CompactionTxnHandler: No compaction queue record found for Compaction type transaction commit. txnId:6
2024-04-24T01:11:44,519  INFO [main] ql.TxnCommandsBaseForTests: Running the query: create table acidTbl(a int, b int) clustered by (a) into 2 buckets stored as orc TBLPROPERTIES ('transactional'='true')
2024-04-24T01:11:44,519  INFO [main] ql.Driver: Compiling command(queryId=alex_20240424011144_6248471d-ada1-47a4-ace4-16045f061704): create table acidTbl(a int, b int) clustered by (a) into 2 buckets stored as orc TBLPROPERTIES ('transactional'='true')
2024-04-24T01:11:44,522  INFO [main] txn.TxnHandler: Added entries to MIN_HISTORY_LEVEL for current txns: ([7]) with min_open_txn: 1
2024-04-24T01:11:44,522  INFO [main] lockmgr.DbTxnManager: Opened txnid:7
2024-04-24T01:11:44,523  INFO [main] parse.CalcitePlanner: Starting caching scope for: 
2024-04-24T01:11:44,523  INFO [main] parse.CalcitePlanner: Starting Semantic Analysis
2024-04-24T01:11:44,529  INFO [main] parse.CalcitePlanner: Creating table default.acidTbl position=13
2024-04-24T01:11:44,529  INFO [main] HiveMetaStore.audit: ugi=alex	ip=unknown-ip-addr	cmd=get_database: default	
2024-04-24T01:11:44,531  INFO [main] parse.CalcitePlanner: Ending caching scope for: 
2024-04-24T01:11:44,531  INFO [main] ql.Driver: Semantic Analysis Completed (retrial = false)
2024-04-24T01:11:44,531  INFO [main] ql.Driver: Created Hive schema: Schema(fieldSchemas:null, properties:null)
2024-04-24T01:11:44,531  INFO [main] metadata.Hive: Dumping metastore api call timing information for : compilation phase
2024-04-24T01:11:44,531  INFO [main] metadata.Hive: Total time spent in each metastore function (ms): {getValidTxns_(long)=1, isCompatibleWith_(Configuration)=0, getDatabase_(String)=2, openTxn_(String, TxnType)=2, getValidWriteIds_(List, String)=6, commitTxn_(CommitTxnRequest)=16, flushCache_()=0}
2024-04-24T01:11:44,532  INFO [main] ql.Driver: Completed compiling command(queryId=alex_20240424011144_6248471d-ada1-47a4-ace4-16045f061704); Time taken: 0.012 seconds
2024-04-24T01:11:44,532  INFO [main] lockmgr.DbTxnManager: Setting lock request transaction to txnid:7 for queryId=alex_20240424011144_6248471d-ada1-47a4-ace4-16045f061704
2024-04-24T01:11:44,532  INFO [main] lockmgr.DbLockManager: Requesting lock for queryId=alex_20240424011144_6248471d-ada1-47a4-ace4-16045f061704
2024-04-24T01:11:44,561  INFO [main] lockmgr.DbLockManager: Response to queryId=alex_20240424011144_6248471d-ada1-47a4-ace4-16045f061704 LockResponse(lockid:1, state:ACQUIRED)
2024-04-24T01:11:44,561  INFO [main] ql.Driver: Operation CREATETABLE obtained 1 locks
2024-04-24T01:11:44,562  INFO [main] ql.Driver: Executing command(queryId=alex_20240424011144_6248471d-ada1-47a4-ace4-16045f061704): create table acidTbl(a int, b int) clustered by (a) into 2 buckets stored as orc TBLPROPERTIES ('transactional'='true')
2024-04-24T01:11:44,562  INFO [main] ql.Driver: Starting task [Stage-0:DDL] in serial mode
2024-04-24T01:11:44,563  INFO [main] HiveMetaStore.audit: ugi=alex	ip=unknown-ip-addr	cmd=create_table_req: Table(tableName:acidTbl, dbName:default, owner:alex, createTime:1713946304, lastAccessTime:0, retention:0, sd:StorageDescriptor(cols:[FieldSchema(name:a, type:int, comment:null), FieldSchema(name:b, type:int, comment:null)], location:null, inputFormat:org.apache.hadoop.hive.ql.io.orc.OrcInputFormat, outputFormat:org.apache.hadoop.hive.ql.io.orc.OrcOutputFormat, compressed:false, numBuckets:2, serdeInfo:SerDeInfo(name:null, serializationLib:org.apache.hadoop.hive.ql.io.orc.OrcSerde, parameters:{serialization.format=1}), bucketCols:[a], sortCols:[], parameters:{}, skewedInfo:SkewedInfo(skewedColNames:[], skewedColValues:[], skewedColValueLocationMaps:{}), storedAsSubDirectories:false), partitionKeys:[], parameters:{bucketing_version=2, numRows=0, numFiles=0, numFilesErasureCoded=0, totalSize=0, COLUMN_STATS_ACCURATE={"BASIC_STATS":"true","COLUMN_STATS":{"a":"true","b":"true"}}, transactional=true, rawDataSize=0}, viewOriginalText:null, viewExpandedText:null, tableType:MANAGED_TABLE, privileges:PrincipalPrivilegeSet(userPrivileges:{alex=[PrivilegeGrantInfo(privilege:INSERT, createTime:-1, grantor:alex, grantorType:USER, grantOption:true), PrivilegeGrantInfo(privilege:SELECT, createTime:-1, grantor:alex, grantorType:USER, grantOption:true), PrivilegeGrantInfo(privilege:UPDATE, createTime:-1, grantor:alex, grantorType:USER, grantOption:true), PrivilegeGrantInfo(privilege:DELETE, createTime:-1, grantor:alex, grantorType:USER, grantOption:true)]}, groupPrivileges:null, rolePrivileges:null), temporary:false, catName:hive, ownerType:USER, writeId:0)	
2024-04-24T01:11:44,568  INFO [main] utils.FileUtils: Creating directory if it doesn't exist: file:/home/alex/Repositories/hive/ql/target/tmp/org.apache.hadoop.hive.ql.TestTxnCommands-1713946100941/warehouse/acidtbl
2024-04-24T01:11:44,603  INFO [main] metadata.Hive: Dumping metastore api call timing information for : execution phase
2024-04-24T01:11:44,603  INFO [main] metadata.Hive: Total time spent in each metastore function (ms): {isCompatibleWith_(Configuration)=0, createTable_(Table)=39}
2024-04-24T01:11:44,603  INFO [main] ql.Driver: Completed executing command(queryId=alex_20240424011144_6248471d-ada1-47a4-ace4-16045f061704); Time taken: 0.04 seconds
2024-04-24T01:11:44,603  INFO [main] lockmgr.DbTxnManager: Stopped heartbeat for query: alex_20240424011144_6248471d-ada1-47a4-ace4-16045f061704
2024-04-24T01:11:44,608  INFO [main] txn.TxnHandler: Expected to move at least one record from txn_components to completed_txn_components when committing txn! txnid:7
2024-04-24T01:11:44,615  INFO [main] txn.TxnHandler: Removed transactions: ([7]) from MIN_HISTORY_LEVEL
2024-04-24T01:11:44,615  WARN [main] txn.CompactionTxnHandler: No compaction queue record found for Compaction type transaction commit. txnId:7
2024-04-24T01:11:44,616  INFO [main] ql.TxnCommandsBaseForTests: Running the query: create table acidTblPart(a int, b int) partitioned by (p string) clustered by (a) into 2 buckets stored as orc TBLPROPERTIES ('transactional'='true')
2024-04-24T01:11:44,616  INFO [main] ql.Driver: Compiling command(queryId=alex_20240424011144_48b7de6a-2133-42f8-9a1c-dd610eee9473): create table acidTblPart(a int, b int) partitioned by (p string) clustered by (a) into 2 buckets stored as orc TBLPROPERTIES ('transactional'='true')
2024-04-24T01:11:44,619  INFO [main] txn.TxnHandler: Added entries to MIN_HISTORY_LEVEL for current txns: ([8]) with min_open_txn: 1
2024-04-24T01:11:44,619  INFO [main] lockmgr.DbTxnManager: Opened txnid:8
2024-04-24T01:11:44,619  INFO [main] parse.CalcitePlanner: Starting caching scope for: 
2024-04-24T01:11:44,619  INFO [main] parse.CalcitePlanner: Starting Semantic Analysis
2024-04-24T01:11:44,622  INFO [main] parse.CalcitePlanner: Creating table default.acidTblPart position=13
2024-04-24T01:11:44,622  INFO [main] HiveMetaStore.audit: ugi=alex	ip=unknown-ip-addr	cmd=get_database: default	
2024-04-24T01:11:44,624  INFO [main] parse.CalcitePlanner: Ending caching scope for: 
2024-04-24T01:11:44,624  INFO [main] ql.Driver: Semantic Analysis Completed (retrial = false)
2024-04-24T01:11:44,624  INFO [main] ql.Driver: Created Hive schema: Schema(fieldSchemas:null, properties:null)
2024-04-24T01:11:44,624  INFO [main] metadata.Hive: Dumping metastore api call timing information for : compilation phase
2024-04-24T01:11:44,624  INFO [main] metadata.Hive: Total time spent in each metastore function (ms): {isCompatibleWith_(Configuration)=0, getValidTxns_(long)=0, commitTxn_(CommitTxnRequest)=12, flushCache_()=0, getDatabase_(String)=2, openTxn_(String, TxnType)=2, getValidWriteIds_(List, String)=2}
2024-04-24T01:11:44,625  INFO [main] ql.Driver: Completed compiling command(queryId=alex_20240424011144_48b7de6a-2133-42f8-9a1c-dd610eee9473); Time taken: 0.008 seconds
2024-04-24T01:11:44,625  INFO [main] lockmgr.DbTxnManager: Setting lock request transaction to txnid:8 for queryId=alex_20240424011144_48b7de6a-2133-42f8-9a1c-dd610eee9473
2024-04-24T01:11:44,625  INFO [main] lockmgr.DbLockManager: Requesting lock for queryId=alex_20240424011144_48b7de6a-2133-42f8-9a1c-dd610eee9473
2024-04-24T01:11:44,642  INFO [main] lockmgr.DbLockManager: Response to queryId=alex_20240424011144_48b7de6a-2133-42f8-9a1c-dd610eee9473 LockResponse(lockid:2, state:ACQUIRED)
2024-04-24T01:11:44,642  INFO [main] ql.Driver: Operation CREATETABLE obtained 1 locks
2024-04-24T01:11:44,643  INFO [main] ql.Driver: Executing command(queryId=alex_20240424011144_48b7de6a-2133-42f8-9a1c-dd610eee9473): create table acidTblPart(a int, b int) partitioned by (p string) clustered by (a) into 2 buckets stored as orc TBLPROPERTIES ('transactional'='true')
2024-04-24T01:11:44,643  INFO [main] ql.Driver: Starting task [Stage-0:DDL] in serial mode
2024-04-24T01:11:44,644  INFO [main] HiveMetaStore.audit: ugi=alex	ip=unknown-ip-addr	cmd=create_table_req: Table(tableName:acidTblPart, dbName:default, owner:alex, createTime:1713946304, lastAccessTime:0, retention:0, sd:StorageDescriptor(cols:[FieldSchema(name:a, type:int, comment:null), FieldSchema(name:b, type:int, comment:null)], location:null, inputFormat:org.apache.hadoop.hive.ql.io.orc.OrcInputFormat, outputFormat:org.apache.hadoop.hive.ql.io.orc.OrcOutputFormat, compressed:false, numBuckets:2, serdeInfo:SerDeInfo(name:null, serializationLib:org.apache.hadoop.hive.ql.io.orc.OrcSerde, parameters:{serialization.format=1}), bucketCols:[a], sortCols:[], parameters:{}, skewedInfo:SkewedInfo(skewedColNames:[], skewedColValues:[], skewedColValueLocationMaps:{}), storedAsSubDirectories:false), partitionKeys:[FieldSchema(name:p, type:string, comment:null)], parameters:{transactional=true, bucketing_version=2}, viewOriginalText:null, viewExpandedText:null, tableType:MANAGED_TABLE, privileges:PrincipalPrivilegeSet(userPrivileges:{alex=[PrivilegeGrantInfo(privilege:INSERT, createTime:-1, grantor:alex, grantorType:USER, grantOption:true), PrivilegeGrantInfo(privilege:SELECT, createTime:-1, grantor:alex, grantorType:USER, grantOption:true), PrivilegeGrantInfo(privilege:UPDATE, createTime:-1, grantor:alex, grantorType:USER, grantOption:true), PrivilegeGrantInfo(privilege:DELETE, createTime:-1, grantor:alex, grantorType:USER, grantOption:true)]}, groupPrivileges:null, rolePrivileges:null), temporary:false, catName:hive, ownerType:USER, writeId:0)	
2024-04-24T01:11:44,649  INFO [main] utils.FileUtils: Creating directory if it doesn't exist: file:/home/alex/Repositories/hive/ql/target/tmp/org.apache.hadoop.hive.ql.TestTxnCommands-1713946100941/warehouse/acidtblpart
2024-04-24T01:11:44,667  INFO [main] metadata.Hive: Dumping metastore api call timing information for : execution phase
2024-04-24T01:11:44,667  INFO [main] metadata.Hive: Total time spent in each metastore function (ms): {isCompatibleWith_(Configuration)=0, createTable_(Table)=23}
2024-04-24T01:11:44,667  INFO [main] ql.Driver: Completed executing command(queryId=alex_20240424011144_48b7de6a-2133-42f8-9a1c-dd610eee9473); Time taken: 0.024 seconds
2024-04-24T01:11:44,668  INFO [main] lockmgr.DbTxnManager: Stopped heartbeat for query: alex_20240424011144_48b7de6a-2133-42f8-9a1c-dd610eee9473
2024-04-24T01:11:44,672  INFO [main] txn.TxnHandler: Expected to move at least one record from txn_components to completed_txn_components when committing txn! txnid:8
2024-04-24T01:11:44,680  INFO [main] txn.TxnHandler: Removed transactions: ([8]) from MIN_HISTORY_LEVEL
2024-04-24T01:11:44,680  WARN [main] txn.CompactionTxnHandler: No compaction queue record found for Compaction type transaction commit. txnId:8
2024-04-24T01:11:44,681  INFO [main] ql.TxnCommandsBaseForTests: Running the query: create table nonAcidOrcTbl(a int, b int) clustered by (a) into 2 buckets stored as orc TBLPROPERTIES ('transactional'='false')
2024-04-24T01:11:44,681  INFO [main] ql.Driver: Compiling command(queryId=alex_20240424011144_af864e42-9104-42fa-a8ce-23137442b0d6): create table nonAcidOrcTbl(a int, b int) clustered by (a) into 2 buckets stored as orc TBLPROPERTIES ('transactional'='false')
2024-04-24T01:11:44,683  INFO [main] txn.TxnHandler: Added entries to MIN_HISTORY_LEVEL for current txns: ([9]) with min_open_txn: 1
2024-04-24T01:11:44,684  INFO [main] lockmgr.DbTxnManager: Opened txnid:9
2024-04-24T01:11:44,684  INFO [main] parse.CalcitePlanner: Starting caching scope for: 
2024-04-24T01:11:44,684  INFO [main] parse.CalcitePlanner: Starting Semantic Analysis
2024-04-24T01:11:44,687  INFO [main] parse.CalcitePlanner: Creating table default.nonAcidOrcTbl position=13
2024-04-24T01:11:44,687  INFO [main] HiveMetaStore.audit: ugi=alex	ip=unknown-ip-addr	cmd=get_database: default	
2024-04-24T01:11:44,688  INFO [main] parse.CalcitePlanner: Ending caching scope for: 
2024-04-24T01:11:44,688  INFO [main] ql.Driver: Semantic Analysis Completed (retrial = false)
2024-04-24T01:11:44,689  INFO [main] ql.Driver: Created Hive schema: Schema(fieldSchemas:null, properties:null)
2024-04-24T01:11:44,689  INFO [main] metadata.Hive: Dumping metastore api call timing information for : compilation phase
2024-04-24T01:11:44,689  INFO [main] metadata.Hive: Total time spent in each metastore function (ms): {isCompatibleWith_(Configuration)=0, getDatabase_(String)=1, flushCache_()=0, commitTxn_(CommitTxnRequest)=12, getValidWriteIds_(List, String)=3, getValidTxns_(long)=0, openTxn_(String, TxnType)=3}
2024-04-24T01:11:44,689  INFO [main] ql.Driver: Completed compiling command(queryId=alex_20240424011144_af864e42-9104-42fa-a8ce-23137442b0d6); Time taken: 0.008 seconds
2024-04-24T01:11:44,689  INFO [main] lockmgr.DbTxnManager: Setting lock request transaction to txnid:9 for queryId=alex_20240424011144_af864e42-9104-42fa-a8ce-23137442b0d6
2024-04-24T01:11:44,689  INFO [main] lockmgr.DbLockManager: Requesting lock for queryId=alex_20240424011144_af864e42-9104-42fa-a8ce-23137442b0d6
2024-04-24T01:11:44,705  INFO [main] lockmgr.DbLockManager: Response to queryId=alex_20240424011144_af864e42-9104-42fa-a8ce-23137442b0d6 LockResponse(lockid:3, state:ACQUIRED)
2024-04-24T01:11:44,705  INFO [main] ql.Driver: Operation CREATETABLE obtained 1 locks
2024-04-24T01:11:44,705  INFO [main] ql.Driver: Executing command(queryId=alex_20240424011144_af864e42-9104-42fa-a8ce-23137442b0d6): create table nonAcidOrcTbl(a int, b int) clustered by (a) into 2 buckets stored as orc TBLPROPERTIES ('transactional'='false')
2024-04-24T01:11:44,706  INFO [main] ql.Driver: Starting task [Stage-0:DDL] in serial mode
2024-04-24T01:11:44,707  INFO [main] HiveMetaStore.audit: ugi=alex	ip=unknown-ip-addr	cmd=create_table_req: Table(tableName:nonAcidOrcTbl, dbName:default, owner:alex, createTime:1713946304, lastAccessTime:0, retention:0, sd:StorageDescriptor(cols:[FieldSchema(name:a, type:int, comment:null), FieldSchema(name:b, type:int, comment:null)], location:null, inputFormat:org.apache.hadoop.hive.ql.io.orc.OrcInputFormat, outputFormat:org.apache.hadoop.hive.ql.io.orc.OrcOutputFormat, compressed:false, numBuckets:2, serdeInfo:SerDeInfo(name:null, serializationLib:org.apache.hadoop.hive.ql.io.orc.OrcSerde, parameters:{serialization.format=1}), bucketCols:[a], sortCols:[], parameters:{}, skewedInfo:SkewedInfo(skewedColNames:[], skewedColValues:[], skewedColValueLocationMaps:{}), storedAsSubDirectories:false), partitionKeys:[], parameters:{numFiles=0, numRows=0, totalSize=0, transactional=false, rawDataSize=0, bucketing_version=2, COLUMN_STATS_ACCURATE={"BASIC_STATS":"true","COLUMN_STATS":{"a":"true","b":"true"}}, numFilesErasureCoded=0}, viewOriginalText:null, viewExpandedText:null, tableType:MANAGED_TABLE, privileges:PrincipalPrivilegeSet(userPrivileges:{alex=[PrivilegeGrantInfo(privilege:INSERT, createTime:-1, grantor:alex, grantorType:USER, grantOption:true), PrivilegeGrantInfo(privilege:SELECT, createTime:-1, grantor:alex, grantorType:USER, grantOption:true), PrivilegeGrantInfo(privilege:UPDATE, createTime:-1, grantor:alex, grantorType:USER, grantOption:true), PrivilegeGrantInfo(privilege:DELETE, createTime:-1, grantor:alex, grantorType:USER, grantOption:true)]}, groupPrivileges:null, rolePrivileges:null), temporary:false, catName:hive, ownerType:USER)	
2024-04-24T01:11:44,712  INFO [main] utils.FileUtils: Creating directory if it doesn't exist: file:/home/alex/Repositories/hive/ql/target/tmp/org.apache.hadoop.hive.ql.TestTxnCommands-1713946100941/warehouse/nonacidorctbl
2024-04-24T01:11:44,726  INFO [main] metadata.Hive: Dumping metastore api call timing information for : execution phase
2024-04-24T01:11:44,726  INFO [main] metadata.Hive: Total time spent in each metastore function (ms): {createTable_(Table)=20, isCompatibleWith_(Configuration)=0}
2024-04-24T01:11:44,726  INFO [main] ql.Driver: Completed executing command(queryId=alex_20240424011144_af864e42-9104-42fa-a8ce-23137442b0d6); Time taken: 0.021 seconds
2024-04-24T01:11:44,727  INFO [main] lockmgr.DbTxnManager: Stopped heartbeat for query: alex_20240424011144_af864e42-9104-42fa-a8ce-23137442b0d6
2024-04-24T01:11:44,731  INFO [main] txn.TxnHandler: Expected to move at least one record from txn_components to completed_txn_components when committing txn! txnid:9
2024-04-24T01:11:44,739  INFO [main] txn.TxnHandler: Removed transactions: ([9]) from MIN_HISTORY_LEVEL
2024-04-24T01:11:44,739  WARN [main] txn.CompactionTxnHandler: No compaction queue record found for Compaction type transaction commit. txnId:9
2024-04-24T01:11:44,740  INFO [main] ql.TxnCommandsBaseForTests: Running the query: create table nonAcidOrcTbl2(a int, b int) clustered by (a) into 2 buckets stored as orc TBLPROPERTIES ('transactional'='false')
2024-04-24T01:11:44,740  INFO [main] ql.Driver: Compiling command(queryId=alex_20240424011144_76992c68-0cd6-40b7-a0f9-5867cda0940f): create table nonAcidOrcTbl2(a int, b int) clustered by (a) into 2 buckets stored as orc TBLPROPERTIES ('transactional'='false')
2024-04-24T01:11:44,743  INFO [main] txn.TxnHandler: Added entries to MIN_HISTORY_LEVEL for current txns: ([10]) with min_open_txn: 1
2024-04-24T01:11:44,743  INFO [main] lockmgr.DbTxnManager: Opened txnid:10
2024-04-24T01:11:44,744  INFO [main] parse.CalcitePlanner: Starting caching scope for: 
2024-04-24T01:11:44,744  INFO [main] parse.CalcitePlanner: Starting Semantic Analysis
2024-04-24T01:11:44,746  INFO [main] parse.CalcitePlanner: Creating table default.nonAcidOrcTbl2 position=13
2024-04-24T01:11:44,747  INFO [main] HiveMetaStore.audit: ugi=alex	ip=unknown-ip-addr	cmd=get_database: default	
2024-04-24T01:11:44,748  INFO [main] parse.CalcitePlanner: Ending caching scope for: 
2024-04-24T01:11:44,748  INFO [main] ql.Driver: Semantic Analysis Completed (retrial = false)
2024-04-24T01:11:44,748  INFO [main] ql.Driver: Created Hive schema: Schema(fieldSchemas:null, properties:null)
2024-04-24T01:11:44,748  INFO [main] metadata.Hive: Dumping metastore api call timing information for : compilation phase
2024-04-24T01:11:44,749  INFO [main] metadata.Hive: Total time spent in each metastore function (ms): {commitTxn_(CommitTxnRequest)=13, flushCache_()=0, getValidWriteIds_(List, String)=2, isCompatibleWith_(Configuration)=0, getDatabase_(String)=2, getValidTxns_(long)=1, openTxn_(String, TxnType)=2}
2024-04-24T01:11:44,749  INFO [main] ql.Driver: Completed compiling command(queryId=alex_20240424011144_76992c68-0cd6-40b7-a0f9-5867cda0940f); Time taken: 0.008 seconds
2024-04-24T01:11:44,749  INFO [main] lockmgr.DbTxnManager: Setting lock request transaction to txnid:10 for queryId=alex_20240424011144_76992c68-0cd6-40b7-a0f9-5867cda0940f
2024-04-24T01:11:44,749  INFO [main] lockmgr.DbLockManager: Requesting lock for queryId=alex_20240424011144_76992c68-0cd6-40b7-a0f9-5867cda0940f
2024-04-24T01:11:44,766  INFO [main] lockmgr.DbLockManager: Response to queryId=alex_20240424011144_76992c68-0cd6-40b7-a0f9-5867cda0940f LockResponse(lockid:4, state:ACQUIRED)
2024-04-24T01:11:44,766  INFO [main] ql.Driver: Operation CREATETABLE obtained 1 locks
2024-04-24T01:11:44,766  INFO [main] ql.Driver: Executing command(queryId=alex_20240424011144_76992c68-0cd6-40b7-a0f9-5867cda0940f): create table nonAcidOrcTbl2(a int, b int) clustered by (a) into 2 buckets stored as orc TBLPROPERTIES ('transactional'='false')
2024-04-24T01:11:44,766  INFO [main] ql.Driver: Starting task [Stage-0:DDL] in serial mode
2024-04-24T01:11:44,767  INFO [main] HiveMetaStore.audit: ugi=alex	ip=unknown-ip-addr	cmd=create_table_req: Table(tableName:nonAcidOrcTbl2, dbName:default, owner:alex, createTime:1713946304, lastAccessTime:0, retention:0, sd:StorageDescriptor(cols:[FieldSchema(name:a, type:int, comment:null), FieldSchema(name:b, type:int, comment:null)], location:null, inputFormat:org.apache.hadoop.hive.ql.io.orc.OrcInputFormat, outputFormat:org.apache.hadoop.hive.ql.io.orc.OrcOutputFormat, compressed:false, numBuckets:2, serdeInfo:SerDeInfo(name:null, serializationLib:org.apache.hadoop.hive.ql.io.orc.OrcSerde, parameters:{serialization.format=1}), bucketCols:[a], sortCols:[], parameters:{}, skewedInfo:SkewedInfo(skewedColNames:[], skewedColValues:[], skewedColValueLocationMaps:{}), storedAsSubDirectories:false), partitionKeys:[], parameters:{numFiles=0, transactional=false, rawDataSize=0, numRows=0, COLUMN_STATS_ACCURATE={"BASIC_STATS":"true","COLUMN_STATS":{"a":"true","b":"true"}}, bucketing_version=2, totalSize=0, numFilesErasureCoded=0}, viewOriginalText:null, viewExpandedText:null, tableType:MANAGED_TABLE, privileges:PrincipalPrivilegeSet(userPrivileges:{alex=[PrivilegeGrantInfo(privilege:INSERT, createTime:-1, grantor:alex, grantorType:USER, grantOption:true), PrivilegeGrantInfo(privilege:SELECT, createTime:-1, grantor:alex, grantorType:USER, grantOption:true), PrivilegeGrantInfo(privilege:UPDATE, createTime:-1, grantor:alex, grantorType:USER, grantOption:true), PrivilegeGrantInfo(privilege:DELETE, createTime:-1, grantor:alex, grantorType:USER, grantOption:true)]}, groupPrivileges:null, rolePrivileges:null), temporary:false, catName:hive, ownerType:USER)	
2024-04-24T01:11:44,773  INFO [main] utils.FileUtils: Creating directory if it doesn't exist: file:/home/alex/Repositories/hive/ql/target/tmp/org.apache.hadoop.hive.ql.TestTxnCommands-1713946100941/warehouse/nonacidorctbl2
2024-04-24T01:11:44,786  INFO [main] metadata.Hive: Dumping metastore api call timing information for : execution phase
2024-04-24T01:11:44,786  INFO [main] metadata.Hive: Total time spent in each metastore function (ms): {isCompatibleWith_(Configuration)=1, createTable_(Table)=19}
2024-04-24T01:11:44,786  INFO [main] ql.Driver: Completed executing command(queryId=alex_20240424011144_76992c68-0cd6-40b7-a0f9-5867cda0940f); Time taken: 0.02 seconds
2024-04-24T01:11:44,786  INFO [main] lockmgr.DbTxnManager: Stopped heartbeat for query: alex_20240424011144_76992c68-0cd6-40b7-a0f9-5867cda0940f
2024-04-24T01:11:44,791  INFO [main] txn.TxnHandler: Expected to move at least one record from txn_components to completed_txn_components when committing txn! txnid:10
2024-04-24T01:11:44,799  INFO [main] txn.TxnHandler: Removed transactions: ([10]) from MIN_HISTORY_LEVEL
2024-04-24T01:11:44,799  WARN [main] txn.CompactionTxnHandler: No compaction queue record found for Compaction type transaction commit. txnId:10
2024-04-24T01:11:44,799  INFO [main] ql.TxnCommandsBaseForTests: Running the query: create temporary  table acidTbl2(a int, b int, c int) clustered by (c) into 2 buckets stored as orc TBLPROPERTIES ('transactional'='true')
2024-04-24T01:11:44,800  INFO [main] ql.Driver: Compiling command(queryId=alex_20240424011144_98858898-ed84-488e-8d20-68f352864a2c): create temporary  table acidTbl2(a int, b int, c int) clustered by (c) into 2 buckets stored as orc TBLPROPERTIES ('transactional'='true')
2024-04-24T01:11:44,802  INFO [main] txn.TxnHandler: Added entries to MIN_HISTORY_LEVEL for current txns: ([11]) with min_open_txn: 1
2024-04-24T01:11:44,802  INFO [main] lockmgr.DbTxnManager: Opened txnid:11
2024-04-24T01:11:44,803  INFO [main] parse.CalcitePlanner: Starting caching scope for: 
2024-04-24T01:11:44,803  INFO [main] parse.CalcitePlanner: Starting Semantic Analysis
2024-04-24T01:11:44,806  INFO [main] parse.CalcitePlanner: Creating table default.acidTbl2 position=24
2024-04-24T01:11:44,807  INFO [main] HiveMetaStore.audit: ugi=alex	ip=unknown-ip-addr	cmd=get_database: default	
2024-04-24T01:11:44,808  INFO [main] parse.CalcitePlanner: Ending caching scope for: 
2024-04-24T01:11:44,808  INFO [main] ql.Driver: Semantic Analysis Completed (retrial = false)
2024-04-24T01:11:44,808  INFO [main] ql.Driver: Created Hive schema: Schema(fieldSchemas:null, properties:null)
2024-04-24T01:11:44,808  INFO [main] metadata.Hive: Dumping metastore api call timing information for : compilation phase
2024-04-24T01:11:44,808  INFO [main] metadata.Hive: Total time spent in each metastore function (ms): {isCompatibleWith_(Configuration)=0, getDatabase_(String)=1, flushCache_()=0, getValidTxns_(long)=0, getValidWriteIds_(List, String)=3, commitTxn_(CommitTxnRequest)=13, openTxn_(String, TxnType)=2}
2024-04-24T01:11:44,809  INFO [main] ql.Driver: Completed compiling command(queryId=alex_20240424011144_98858898-ed84-488e-8d20-68f352864a2c); Time taken: 0.008 seconds
2024-04-24T01:11:44,809  INFO [main] lockmgr.DbTxnManager: Setting lock request transaction to txnid:11 for queryId=alex_20240424011144_98858898-ed84-488e-8d20-68f352864a2c
2024-04-24T01:11:44,809  INFO [main] lockmgr.DbLockManager: Requesting lock for queryId=alex_20240424011144_98858898-ed84-488e-8d20-68f352864a2c
2024-04-24T01:11:44,825  INFO [main] lockmgr.DbLockManager: Response to queryId=alex_20240424011144_98858898-ed84-488e-8d20-68f352864a2c LockResponse(lockid:5, state:ACQUIRED)
2024-04-24T01:11:44,825  INFO [main] ql.Driver: Operation CREATETABLE obtained 1 locks
2024-04-24T01:11:44,826  INFO [main] ql.Driver: Executing command(queryId=alex_20240424011144_98858898-ed84-488e-8d20-68f352864a2c): create temporary  table acidTbl2(a int, b int, c int) clustered by (c) into 2 buckets stored as orc TBLPROPERTIES ('transactional'='true')
2024-04-24T01:11:44,826  INFO [main] ql.Driver: Starting task [Stage-0:DDL] in serial mode
2024-04-24T01:11:44,827  INFO [main] utils.FileUtils: Creating directory if it doesn't exist: file:/home/alex/Repositories/hive/ql/target/tmp/scratchdir/alex/344f1643-ea29-4684-8a1f-bc823cf544b5/_tmp_space.db/83a2efe1-1a96-4831-8c6f-643bad9d6fed
2024-04-24T01:11:44,830  INFO [main] metadata.Hive: Dumping metastore api call timing information for : execution phase
2024-04-24T01:11:44,830  INFO [main] metadata.Hive: Total time spent in each metastore function (ms): {isCompatibleWith_(Configuration)=0, createTable_(Table)=2}
2024-04-24T01:11:44,830  INFO [main] ql.Driver: Completed executing command(queryId=alex_20240424011144_98858898-ed84-488e-8d20-68f352864a2c); Time taken: 0.004 seconds
2024-04-24T01:11:44,830  INFO [main] lockmgr.DbTxnManager: Stopped heartbeat for query: alex_20240424011144_98858898-ed84-488e-8d20-68f352864a2c
2024-04-24T01:11:44,835  INFO [main] txn.TxnHandler: Expected to move at least one record from txn_components to completed_txn_components when committing txn! txnid:11
2024-04-24T01:11:44,842  INFO [main] txn.TxnHandler: Removed transactions: ([11]) from MIN_HISTORY_LEVEL
2024-04-24T01:11:44,843  WARN [main] txn.CompactionTxnHandler: No compaction queue record found for Compaction type transaction commit. txnId:11
2024-04-24T01:11:44,843  INFO [main] ql.TxnCommandsBaseForTests: Running the query: create table nonAcidNonBucket(a int, b int) stored as orc TBLPROPERTIES ('transactional'='false')
2024-04-24T01:11:44,843  INFO [main] ql.Driver: Compiling command(queryId=alex_20240424011144_c593d7cf-3bf8-4e4f-b5fc-4d7a63875d2c): create table nonAcidNonBucket(a int, b int) stored as orc TBLPROPERTIES ('transactional'='false')
2024-04-24T01:11:44,846  INFO [main] txn.TxnHandler: Added entries to MIN_HISTORY_LEVEL for current txns: ([12]) with min_open_txn: 1
2024-04-24T01:11:44,846  INFO [main] lockmgr.DbTxnManager: Opened txnid:12
2024-04-24T01:11:44,847  INFO [main] parse.CalcitePlanner: Starting caching scope for: 
2024-04-24T01:11:44,847  INFO [main] parse.CalcitePlanner: Starting Semantic Analysis
2024-04-24T01:11:44,850  INFO [main] parse.CalcitePlanner: Creating table default.nonAcidNonBucket position=13
2024-04-24T01:11:44,850  INFO [main] HiveMetaStore.audit: ugi=alex	ip=unknown-ip-addr	cmd=get_database: default	
2024-04-24T01:11:44,851  INFO [main] parse.CalcitePlanner: Ending caching scope for: 
2024-04-24T01:11:44,851  INFO [main] ql.Driver: Semantic Analysis Completed (retrial = false)
2024-04-24T01:11:44,851  INFO [main] ql.Driver: Created Hive schema: Schema(fieldSchemas:null, properties:null)
2024-04-24T01:11:44,852  INFO [main] metadata.Hive: Dumping metastore api call timing information for : compilation phase
2024-04-24T01:11:44,852  INFO [main] metadata.Hive: Total time spent in each metastore function (ms): {getValidWriteIds_(List, String)=3, getValidTxns_(long)=1, commitTxn_(CommitTxnRequest)=13, flushCache_()=0, getDatabase_(String)=1, openTxn_(String, TxnType)=2, isCompatibleWith_(Configuration)=0}
2024-04-24T01:11:44,852  INFO [main] ql.Driver: Completed compiling command(queryId=alex_20240424011144_c593d7cf-3bf8-4e4f-b5fc-4d7a63875d2c); Time taken: 0.008 seconds
2024-04-24T01:11:44,852  INFO [main] lockmgr.DbTxnManager: Setting lock request transaction to txnid:12 for queryId=alex_20240424011144_c593d7cf-3bf8-4e4f-b5fc-4d7a63875d2c
2024-04-24T01:11:44,852  INFO [main] lockmgr.DbLockManager: Requesting lock for queryId=alex_20240424011144_c593d7cf-3bf8-4e4f-b5fc-4d7a63875d2c
2024-04-24T01:11:44,869  INFO [main] lockmgr.DbLockManager: Response to queryId=alex_20240424011144_c593d7cf-3bf8-4e4f-b5fc-4d7a63875d2c LockResponse(lockid:6, state:ACQUIRED)
2024-04-24T01:11:44,869  INFO [main] ql.Driver: Operation CREATETABLE obtained 1 locks
2024-04-24T01:11:44,869  INFO [main] ql.Driver: Executing command(queryId=alex_20240424011144_c593d7cf-3bf8-4e4f-b5fc-4d7a63875d2c): create table nonAcidNonBucket(a int, b int) stored as orc TBLPROPERTIES ('transactional'='false')
2024-04-24T01:11:44,869  INFO [main] ql.Driver: Starting task [Stage-0:DDL] in serial mode
2024-04-24T01:11:44,870  INFO [main] HiveMetaStore.audit: ugi=alex	ip=unknown-ip-addr	cmd=create_table_req: Table(tableName:nonAcidNonBucket, dbName:default, owner:alex, createTime:1713946304, lastAccessTime:0, retention:0, sd:StorageDescriptor(cols:[FieldSchema(name:a, type:int, comment:null), FieldSchema(name:b, type:int, comment:null)], location:null, inputFormat:org.apache.hadoop.hive.ql.io.orc.OrcInputFormat, outputFormat:org.apache.hadoop.hive.ql.io.orc.OrcOutputFormat, compressed:false, numBuckets:-1, serdeInfo:SerDeInfo(name:null, serializationLib:org.apache.hadoop.hive.ql.io.orc.OrcSerde, parameters:{serialization.format=1}), bucketCols:[], sortCols:[], parameters:{}, skewedInfo:SkewedInfo(skewedColNames:[], skewedColValues:[], skewedColValueLocationMaps:{}), storedAsSubDirectories:false), partitionKeys:[], parameters:{COLUMN_STATS_ACCURATE={"BASIC_STATS":"true","COLUMN_STATS":{"a":"true","b":"true"}}, transactional=false, bucketing_version=2, totalSize=0, rawDataSize=0, numFilesErasureCoded=0, numFiles=0, numRows=0}, viewOriginalText:null, viewExpandedText:null, tableType:MANAGED_TABLE, privileges:PrincipalPrivilegeSet(userPrivileges:{alex=[PrivilegeGrantInfo(privilege:INSERT, createTime:-1, grantor:alex, grantorType:USER, grantOption:true), PrivilegeGrantInfo(privilege:SELECT, createTime:-1, grantor:alex, grantorType:USER, grantOption:true), PrivilegeGrantInfo(privilege:UPDATE, createTime:-1, grantor:alex, grantorType:USER, grantOption:true), PrivilegeGrantInfo(privilege:DELETE, createTime:-1, grantor:alex, grantorType:USER, grantOption:true)]}, groupPrivileges:null, rolePrivileges:null), temporary:false, catName:hive, ownerType:USER)	
2024-04-24T01:11:44,875  INFO [main] utils.FileUtils: Creating directory if it doesn't exist: file:/home/alex/Repositories/hive/ql/target/tmp/org.apache.hadoop.hive.ql.TestTxnCommands-1713946100941/warehouse/nonacidnonbucket
2024-04-24T01:11:44,888  INFO [main] metadata.Hive: Dumping metastore api call timing information for : execution phase
2024-04-24T01:11:44,889  INFO [main] metadata.Hive: Total time spent in each metastore function (ms): {createTable_(Table)=18, isCompatibleWith_(Configuration)=0}
2024-04-24T01:11:44,889  INFO [main] ql.Driver: Completed executing command(queryId=alex_20240424011144_c593d7cf-3bf8-4e4f-b5fc-4d7a63875d2c); Time taken: 0.019 seconds
2024-04-24T01:11:44,889  INFO [main] lockmgr.DbTxnManager: Stopped heartbeat for query: alex_20240424011144_c593d7cf-3bf8-4e4f-b5fc-4d7a63875d2c
2024-04-24T01:11:44,894  INFO [main] txn.TxnHandler: Expected to move at least one record from txn_components to completed_txn_components when committing txn! txnid:12
2024-04-24T01:11:44,901  INFO [main] txn.TxnHandler: Removed transactions: ([12]) from MIN_HISTORY_LEVEL
2024-04-24T01:11:44,902  WARN [main] txn.CompactionTxnHandler: No compaction queue record found for Compaction type transaction commit. txnId:12
2024-04-24T01:11:44,902  INFO [main] ql.TxnCommandsBaseForTests: Running the query: insert into acidTbl(a,b)  values(1,2),(3,4)
2024-04-24T01:11:44,902  INFO [main] ql.Driver: Compiling command(queryId=alex_20240424011144_9b500a60-3478-44b3-843f-127235c50402): insert into acidTbl(a,b)  values(1,2),(3,4)
2024-04-24T01:11:44,905  INFO [main] txn.TxnHandler: Added entries to MIN_HISTORY_LEVEL for current txns: ([13]) with min_open_txn: 1
2024-04-24T01:11:44,905  INFO [main] lockmgr.DbTxnManager: Opened txnid:13
2024-04-24T01:11:44,906  INFO [main] parse.CalcitePlanner: Starting caching scope for: 
2024-04-24T01:11:44,906  INFO [main] parse.CalcitePlanner: Starting Semantic Analysis
2024-04-24T01:11:44,909  INFO [main] HiveMetaStore.audit: ugi=alex	ip=unknown-ip-addr	cmd=get_table : tbl=hive.default.acidTbl	
2024-04-24T01:11:44,930  INFO [main] metastore.HMSHandler: Skipping translation for processor with null
2024-04-24T01:11:44,931  INFO [main] parse.CalcitePlanner: Completed phase 1 of Semantic Analysis
2024-04-24T01:11:44,931  INFO [main] parse.CalcitePlanner: Get metadata for source tables
2024-04-24T01:11:44,931  INFO [main] parse.CalcitePlanner: Get metadata for subqueries
2024-04-24T01:11:44,931  INFO [main] parse.CalcitePlanner: Get metadata for destination tables
2024-04-24T01:11:44,931  INFO [main] HiveMetaStore.audit: ugi=alex	ip=unknown-ip-addr	cmd=get_table : tbl=hive.default.acidTbl	
2024-04-24T01:11:44,937  INFO [main] metastore.HMSHandler: Skipping translation for processor with null
2024-04-24T01:11:44,937  INFO [main] parse.CalcitePlanner: Completed getting MetaData in Semantic Analysis
2024-04-24T01:11:44,937  INFO [main] parse.CalcitePlanner: Disabling LLAP IO encode as ETL query is detected
2024-04-24T01:11:44,957  INFO [main] HiveMetaStore.audit: ugi=alex	ip=unknown-ip-addr	cmd=get_all_table_constraints : tbl=hive._dummy_database._dummy_table	
2024-04-24T01:11:45,053  INFO [main] parse.CalcitePlanner: Get metadata for source tables
2024-04-24T01:11:45,053  INFO [main] parse.CalcitePlanner: Get metadata for subqueries
2024-04-24T01:11:45,053  INFO [main] parse.CalcitePlanner: Get metadata for source tables
2024-04-24T01:11:45,054  INFO [main] HiveMetaStore.audit: ugi=alex	ip=unknown-ip-addr	cmd=get_table : tbl=hive._dummy_database._dummy_table	
2024-04-24T01:11:45,056  INFO [main] parse.CalcitePlanner: Get metadata for subqueries
2024-04-24T01:11:45,056  INFO [main] parse.CalcitePlanner: Get metadata for destination tables
2024-04-24T01:11:45,056  INFO [main] parse.CalcitePlanner: Get metadata for destination tables
2024-04-24T01:11:45,056  INFO [main] HiveMetaStore.audit: ugi=alex	ip=unknown-ip-addr	cmd=get_table : tbl=hive.default.acidTbl	
2024-04-24T01:11:45,062  INFO [main] metastore.HMSHandler: Skipping translation for processor with null
2024-04-24T01:11:45,065  INFO [main] HiveMetaStore.audit: ugi=alex	ip=unknown-ip-addr	cmd=get_not_null_constraints : tbl=hive.default.acidtbl	
2024-04-24T01:11:45,066  INFO [main] HiveMetaStore.audit: ugi=alex	ip=unknown-ip-addr	cmd=get_check_constraints : tbl=hive.default.acidtbl	
2024-04-24T01:11:45,077  INFO [main] txn.TxnHandler: Allocated writeId: 1 for txnId: 13
2024-04-24T01:11:45,078  INFO [main] txn.TxnHandler: Allocated write ids for dbName=default, tblName=acidtbl (txnIds: [13])
2024-04-24T01:11:45,079  INFO [main] parse.CalcitePlanner: CBO Succeeded; optimized logical plan.
2024-04-24T01:11:45,081  INFO [main] optimizer.ColumnPrunerProcFactory: RS 4 oldColExprMap: {VALUE._col0=Column[_col1], KEY.reducesinkkey0=Column[_col0]}
2024-04-24T01:11:45,082  INFO [main] optimizer.ColumnPrunerProcFactory: RS 4 newColExprMap: {KEY.reducesinkkey0=Column[_col0], VALUE._col0=Column[_col1]}
2024-04-24T01:11:45,083  INFO [main] optimizer.BucketVersionPopulator: not considering bucketingVersion for: TS[0] because it has -1<2 buckets 
2024-04-24T01:11:45,083  INFO [main] optimizer.SortedDynPartitionOptimizer: Sorted dynamic partitioning optimization kicked in..
2024-04-24T01:11:45,092  INFO [main] HiveMetaStore.audit: ugi=alex	ip=unknown-ip-addr	cmd=get_table : tbl=hive.default.acidtbl	
2024-04-24T01:11:45,102  INFO [main] metastore.HMSHandler: Skipping translation for processor with null
2024-04-24T01:11:45,103  INFO [main] physical.Vectorizer: Examining input format to see if vectorization is enabled.
2024-04-24T01:11:45,104  INFO [main] physical.Vectorizer: Map vectorization enabled: false
2024-04-24T01:11:45,104  INFO [main] physical.Vectorizer: Map vectorized: false
2024-04-24T01:11:45,104  INFO [main] physical.Vectorizer: Map vectorizedVertexNum: 0
2024-04-24T01:11:45,104  INFO [main] physical.Vectorizer: Map enabledConditionsMet: [hive.vectorized.use.vectorized.input.format IS true]
2024-04-24T01:11:45,104  INFO [main] physical.Vectorizer: Map enabledConditionsNotMet: [Could not enable vectorization due to partition column names size 1 is greater than the number of table column names size 0 IS false]
2024-04-24T01:11:45,104  INFO [main] physical.Vectorizer: Map inputFileFormatClassNameSet: [org.apache.hadoop.hive.ql.io.NullRowsInputFormat]
2024-04-24T01:11:45,104  INFO [main] physical.Vectorizer: Reduce vectorization enabled: false
2024-04-24T01:11:45,104  INFO [main] physical.Vectorizer: Reduce vectorized: false
2024-04-24T01:11:45,104  INFO [main] physical.Vectorizer: Reduce vectorizedVertexNum: 1
2024-04-24T01:11:45,104  INFO [main] physical.Vectorizer: Reducer hive.vectorized.execution.reduce.enabled: true
2024-04-24T01:11:45,104  INFO [main] physical.Vectorizer: Reducer engine: mr
2024-04-24T01:11:45,104  INFO [main] parse.CalcitePlanner: Completed plan generation
2024-04-24T01:11:45,104  INFO [main] parse.CalcitePlanner: Ending caching scope for: 
2024-04-24T01:11:45,104  INFO [main] ql.Driver: Semantic Analysis Completed (retrial = false)
2024-04-24T01:11:45,104  INFO [main] ql.Driver: Created Hive schema: Schema(fieldSchemas:[FieldSchema(name:_col0, type:int, comment:null), FieldSchema(name:_col1, type:int, comment:null)], properties:null)
2024-04-24T01:11:45,104  INFO [main] metadata.Hive: Dumping metastore api call timing information for : compilation phase
2024-04-24T01:11:45,104  INFO [main] metadata.Hive: Total time spent in each metastore function (ms): {isCompatibleWith_(Configuration)=0, getNotNullConstraints_(NotNullConstraintsRequest)=2, getAllTableConstraints_(AllTableConstraintsRequest)=32, openTxn_(String, TxnType)=2, allocateTableWriteId_(long, String, String)=10, getTable_(GetTableRequest)=45, getValidWriteIds_(List, String)=4, getCheckConstraints_(CheckConstraintsRequest)=1, getValidTxns_(long)=1, flushCache_()=0, commitTxn_(CommitTxnRequest)=13}
2024-04-24T01:11:45,105  INFO [main] ql.Driver: Completed compiling command(queryId=alex_20240424011144_9b500a60-3478-44b3-843f-127235c50402); Time taken: 0.202 seconds
2024-04-24T01:11:45,105  INFO [main] lockmgr.DbTxnManager: Setting lock request transaction to txnid:13 for queryId=alex_20240424011144_9b500a60-3478-44b3-843f-127235c50402
2024-04-24T01:11:45,105  INFO [main] lockmgr.DbLockManager: Requesting lock for queryId=alex_20240424011144_9b500a60-3478-44b3-843f-127235c50402
2024-04-24T01:11:45,148  INFO [main] lockmgr.DbLockManager: Response to queryId=alex_20240424011144_9b500a60-3478-44b3-843f-127235c50402 LockResponse(lockid:7, state:ACQUIRED)
2024-04-24T01:11:45,148  INFO [main] ql.Driver: Operation QUERY obtained 1 locks
2024-04-24T01:11:45,153  INFO [main] ql.Driver: Executing command(queryId=alex_20240424011144_9b500a60-3478-44b3-843f-127235c50402): insert into acidTbl(a,b)  values(1,2),(3,4)
2024-04-24T01:11:45,153  WARN [main] ql.Driver: Hive-on-MR is deprecated in Hive 2 and may not be available in the future versions. Consider using a different execution engine (i.e. tez, spark) or using Hive 1.X releases.
Query ID = alex_20240424011144_9b500a60-3478-44b3-843f-127235c50402
2024-04-24T01:11:45,153  INFO [main] ql.Driver: Query ID = alex_20240424011144_9b500a60-3478-44b3-843f-127235c50402
Total jobs = 1
2024-04-24T01:11:45,153  INFO [main] ql.Driver: Total jobs = 1
Launching Job 1 out of 1
2024-04-24T01:11:45,153  INFO [main] ql.Driver: Launching Job 1 out of 1
2024-04-24T01:11:45,357  INFO [main] ql.Driver: Starting task [Stage-1:MAPRED] in serial mode
Number of reduce tasks determined at compile time: 2
2024-04-24T01:11:45,357  INFO [main] exec.Task: Number of reduce tasks determined at compile time: 2
In order to change the average load for a reducer (in bytes):
2024-04-24T01:11:45,357  INFO [main] exec.Task: In order to change the average load for a reducer (in bytes):
  set hive.exec.reducers.bytes.per.reducer=<number>
2024-04-24T01:11:45,357  INFO [main] exec.Task:   set hive.exec.reducers.bytes.per.reducer=<number>
In order to limit the maximum number of reducers:
2024-04-24T01:11:45,357  INFO [main] exec.Task: In order to limit the maximum number of reducers:
  set hive.exec.reducers.max=<number>
2024-04-24T01:11:45,357  INFO [main] exec.Task:   set hive.exec.reducers.max=<number>
In order to set a constant number of reducers:
2024-04-24T01:11:45,357  INFO [main] exec.Task: In order to set a constant number of reducers:
  set mapreduce.job.reduces=<number>
2024-04-24T01:11:45,357  INFO [main] exec.Task:   set mapreduce.job.reduces=<number>
2024-04-24T01:11:45,360  INFO [main] mr.ExecDriver: Using org.apache.hadoop.hive.ql.io.HiveInputFormat
2024-04-24T01:11:45,360  INFO [main] exec.Utilities: Processing alias $hdt$_0:_dummy_table
2024-04-24T01:11:45,360  INFO [main] exec.Utilities: Adding 1 inputs; the first input is file:/home/alex/Repositories/hive/ql/target/tmp/localscratchdir/344f1643-ea29-4684-8a1f-bc823cf544b5/hive_2024-04-24_01-11-44_902_1338508019996566074-1/dummy_path
2024-04-24T01:11:45,372  INFO [main] exec.SerializationUtilities: Serializing MapWork using kryo
2024-04-24T01:11:45,373  INFO [main] exec.Utilities: Serialized plan (via FILE) - name: null size: 5,31KB
2024-04-24T01:11:45,379  INFO [main] exec.SerializationUtilities: Serializing ReduceWork using kryo
2024-04-24T01:11:45,380  INFO [main] exec.Utilities: Serialized plan (via FILE) - name: null size: 5,92KB
2024-04-24T01:11:45,381  WARN [main] impl.MetricsSystemImpl: JobTracker metrics system already initialized!
2024-04-24T01:11:45,387  INFO [main] fs.FSStatsPublisher: created : file:/home/alex/Repositories/hive/ql/target/tmp/localscratchdir/344f1643-ea29-4684-8a1f-bc823cf544b5/hive_2024-04-24_01-11-44_902_1338508019996566074-1/-mr-10000
2024-04-24T01:11:45,390  WARN [main] impl.MetricsSystemImpl: JobTracker metrics system already initialized!
2024-04-24T01:11:45,400  WARN [main] mapreduce.JobResourceUploader: Hadoop command-line option parsing not performed. Implement the Tool interface and execute your application with ToolRunner to remedy this.
2024-04-24T01:11:45,405  WARN [main] mapreduce.JobResourceUploader: No job jar file set.  User classes may not be found. See Job or Job#setJar(String).
2024-04-24T01:11:45,406  INFO [main] io.HiveInputFormat: hive.io.file.readcolumn.ids = 
2024-04-24T01:11:45,406  INFO [main] io.HiveInputFormat: hive.io.file.readcolumn.names = 
2024-04-24T01:11:45,406  INFO [main] io.HiveInputFormat: Generating splits for dirs: file:/home/alex/Repositories/hive/ql/target/tmp/localscratchdir/344f1643-ea29-4684-8a1f-bc823cf544b5/hive_2024-04-24_01-11-44_902_1338508019996566074-1/dummy_path
2024-04-24T01:11:45,406  INFO [main] io.HiveInputFormat: number of splits 1
2024-04-24T01:11:45,425  INFO [main] mapreduce.JobSubmitter: number of splits:1
2024-04-24T01:11:45,444  INFO [main] mapreduce.JobSubmitter: Submitting tokens for job: job_local1265915292_0079
2024-04-24T01:11:45,445  INFO [main] mapreduce.JobSubmitter: Executing with tokens: []
2024-04-24T01:11:45,507  INFO [main] mapreduce.Job: The url to track the job: http://localhost:8080/
Job running in-process (local Hadoop)
2024-04-24T01:11:45,507  INFO [main] exec.Task: Job running in-process (local Hadoop)
2024-04-24T01:11:45,508  INFO [Thread-6486] mapred.LocalJobRunner: OutputCommitter set in config org.apache.hadoop.hive.ql.io.HiveFileFormatUtils$NullOutputCommitter
2024-04-24T01:11:45,508  INFO [Thread-6486] mapred.LocalJobRunner: OutputCommitter is org.apache.hadoop.hive.ql.io.HiveFileFormatUtils$NullOutputCommitter
2024-04-24T01:11:45,510  INFO [Thread-6486] mapred.LocalJobRunner: Waiting for map tasks
2024-04-24T01:11:45,510  INFO [LocalJobRunner Map Task Executor #0] mapred.LocalJobRunner: Starting task: attempt_local1265915292_0079_m_000000_0
2024-04-24T01:11:45,513  INFO [LocalJobRunner Map Task Executor #0] mapred.Task:  Using ResourceCalculatorProcessTree : [ ]
2024-04-24T01:11:45,514  INFO [LocalJobRunner Map Task Executor #0] mapred.MapTask: Processing split: org.apache.hadoop.hive.ql.io.NullRowsInputFormat:file:/home/alex/Repositories/hive/ql/target/tmp/localscratchdir/344f1643-ea29-4684-8a1f-bc823cf544b5/hive_2024-04-24_01-11-44_902_1338508019996566074-1/dummy_path/null:0+1
2024-04-24T01:11:45,517  INFO [LocalJobRunner Map Task Executor #0] exec.SerializationUtilities: Deserializing MapWork using kryo
2024-04-24T01:11:45,517  INFO [LocalJobRunner Map Task Executor #0] exec.Utilities: Deserialized plan (via FILE) - name: null size: 5,31KB
2024-04-24T01:11:45,518  INFO [LocalJobRunner Map Task Executor #0] mapred.MapTask: numReduceTasks: 2
2024-04-24T01:11:45,522  INFO [LocalJobRunner Map Task Executor #0] mapred.MapTask: (EQUATOR) 0 kvi 26214396(104857584)
2024-04-24T01:11:45,522  INFO [LocalJobRunner Map Task Executor #0] mapred.MapTask: mapreduce.task.io.sort.mb: 100
2024-04-24T01:11:45,522  INFO [LocalJobRunner Map Task Executor #0] mapred.MapTask: soft limit at 83886080
2024-04-24T01:11:45,522  INFO [LocalJobRunner Map Task Executor #0] mapred.MapTask: bufstart = 0; bufvoid = 104857600
2024-04-24T01:11:45,522  INFO [LocalJobRunner Map Task Executor #0] mapred.MapTask: kvstart = 26214396; length = 6553600
2024-04-24T01:11:45,523  INFO [LocalJobRunner Map Task Executor #0] mapred.MapTask: Map output collector class = org.apache.hadoop.mapred.MapTask$MapOutputBuffer
2024-04-24T01:11:45,523  INFO [LocalJobRunner Map Task Executor #0] exec.MapOperator: Initializing Operator: MAP[0]
2024-04-24T01:11:45,524  INFO [LocalJobRunner Map Task Executor #0] mr.ExecMapper: 
<MAP>Id =0
  <Children>null
  <\Children>
  <Parent><\Parent>
<\MAP>
2024-04-24T01:11:45,524  INFO [LocalJobRunner Map Task Executor #0] exec.TableScanOperator: Initializing Operator: TS[0]
2024-04-24T01:11:45,525  INFO [LocalJobRunner Map Task Executor #0] exec.SelectOperator: Initializing Operator: SEL[1]
2024-04-24T01:11:45,525  INFO [LocalJobRunner Map Task Executor #0] exec.SelectOperator: SELECT null
2024-04-24T01:11:45,525  INFO [LocalJobRunner Map Task Executor #0] exec.UDTFOperator: Initializing Operator: UDTF[2]
2024-04-24T01:11:45,525  INFO [LocalJobRunner Map Task Executor #0] exec.SelectOperator: Initializing Operator: SEL[3]
2024-04-24T01:11:45,525  INFO [LocalJobRunner Map Task Executor #0] exec.SelectOperator: SELECT struct<col1:int,col2:int>
2024-04-24T01:11:45,525  INFO [LocalJobRunner Map Task Executor #0] exec.ReduceSinkOperator: Initializing Operator: RS[4]
2024-04-24T01:11:45,525  INFO [LocalJobRunner Map Task Executor #0] exec.ReduceSinkOperator: Using tag = -1
2024-04-24T01:11:45,526  INFO [LocalJobRunner Map Task Executor #0] exec.ReduceSinkOperator: keys are [reducesinkkey0] num distributions: 1
2024-04-24T01:11:45,526  INFO [LocalJobRunner Map Task Executor #0] exec.ReduceSinkOperator: RS[4]: records written - 1
2024-04-24T01:11:45,526  INFO [LocalJobRunner Map Task Executor #0] exec.MapOperator: MAP[0]: records read - 1
2024-04-24T01:11:45,526  INFO [LocalJobRunner Map Task Executor #0] exec.MapOperator: Closing Operator: MAP[0]
2024-04-24T01:11:45,526  INFO [LocalJobRunner Map Task Executor #0] exec.MapOperator: MAP[0]: Total records read - 3. abort - false
2024-04-24T01:11:45,526  INFO [LocalJobRunner Map Task Executor #0] exec.MapOperator: RECORDS_OUT_INTERMEDIATE:0, RECORDS_OUT_OPERATOR_MAP_0:0, DESERIALIZE_ERRORS:0, RECORDS_IN:3, 
2024-04-24T01:11:45,526  INFO [LocalJobRunner Map Task Executor #0] exec.TableScanOperator: Closing Operator: TS[0]
2024-04-24T01:11:45,527  INFO [LocalJobRunner Map Task Executor #0] exec.TableScanOperator: RECORDS_OUT_OPERATOR_TS_0:1, RECORDS_OUT_INTERMEDIATE:0, 
2024-04-24T01:11:45,527  INFO [LocalJobRunner Map Task Executor #0] exec.SelectOperator: Closing Operator: SEL[1]
2024-04-24T01:11:45,527  INFO [LocalJobRunner Map Task Executor #0] exec.SelectOperator: RECORDS_OUT_OPERATOR_SEL_1:1, RECORDS_OUT_INTERMEDIATE:0, 
2024-04-24T01:11:45,527  INFO [LocalJobRunner Map Task Executor #0] exec.UDTFOperator: Closing Operator: UDTF[2]
2024-04-24T01:11:45,527  INFO [LocalJobRunner Map Task Executor #0] exec.UDTFOperator: RECORDS_OUT_OPERATOR_UDTF_2:2, RECORDS_OUT_INTERMEDIATE:0, 
2024-04-24T01:11:45,527  INFO [LocalJobRunner Map Task Executor #0] exec.SelectOperator: Closing Operator: SEL[3]
2024-04-24T01:11:45,527  INFO [LocalJobRunner Map Task Executor #0] exec.SelectOperator: RECORDS_OUT_OPERATOR_SEL_3:2, RECORDS_OUT_INTERMEDIATE:0, 
2024-04-24T01:11:45,527  INFO [LocalJobRunner Map Task Executor #0] exec.ReduceSinkOperator: Closing Operator: RS[4]
2024-04-24T01:11:45,527  INFO [LocalJobRunner Map Task Executor #0] exec.ReduceSinkOperator: RS[4]: Total records written - 2. abort - false
2024-04-24T01:11:45,527  INFO [LocalJobRunner Map Task Executor #0] exec.ReduceSinkOperator: RECORDS_OUT_OPERATOR_RS_4:2, RECORDS_OUT_INTERMEDIATE:2, 
2024-04-24T01:11:45,530  INFO [LocalJobRunner Map Task Executor #0] mapred.LocalJobRunner: 
2024-04-24T01:11:45,531  INFO [LocalJobRunner Map Task Executor #0] mapred.MapTask: Starting flush of map output
2024-04-24T01:11:45,531  INFO [LocalJobRunner Map Task Executor #0] mapred.MapTask: Spilling map output
2024-04-24T01:11:45,531  INFO [LocalJobRunner Map Task Executor #0] mapred.MapTask: bufstart = 0; bufend = 32; bufvoid = 104857600
2024-04-24T01:11:45,531  INFO [LocalJobRunner Map Task Executor #0] mapred.MapTask: kvstart = 26214396(104857584); kvend = 26214392(104857568); length = 5/6553600
2024-04-24T01:11:45,541  INFO [LocalJobRunner Map Task Executor #0] mapred.MapTask: Finished spill 0
2024-04-24T01:11:45,546  INFO [LocalJobRunner Map Task Executor #0] mapred.Task: Task:attempt_local1265915292_0079_m_000000_0 is done. And is in the process of committing
2024-04-24T01:11:45,547  INFO [LocalJobRunner Map Task Executor #0] mapred.LocalJobRunner: map
2024-04-24T01:11:45,547  INFO [LocalJobRunner Map Task Executor #0] mapred.Task: Task 'attempt_local1265915292_0079_m_000000_0' done.
2024-04-24T01:11:45,547  INFO [LocalJobRunner Map Task Executor #0] mapred.Task: Final Counters for attempt_local1265915292_0079_m_000000_0: Counters: 31
	File System Counters
		FILE: Number of bytes read=1773454
		FILE: Number of bytes written=99107840
		FILE: Number of read operations=0
		FILE: Number of large read operations=0
		FILE: Number of write operations=0
		HDFS: Number of bytes read=0
		HDFS: Number of bytes written=0
		HDFS: Number of read operations=0
		HDFS: Number of large read operations=0
		HDFS: Number of write operations=0
	Map-Reduce Framework
		Map input records=4
		Map output records=2
		Map output bytes=32
		Map output materialized bytes=48
		Input split bytes=361
		Combine input records=0
		Spilled Records=2
		Failed Shuffles=0
		Merged Map outputs=0
		GC time elapsed (ms)=0
		Total committed heap usage (bytes)=2085093376
	HIVE
		DESERIALIZE_ERRORS=0
		RECORDS_IN=3
		RECORDS_OUT_INTERMEDIATE=2
		RECORDS_OUT_OPERATOR_MAP_0=0
		RECORDS_OUT_OPERATOR_RS_4=2
		RECORDS_OUT_OPERATOR_SEL_1=1
		RECORDS_OUT_OPERATOR_SEL_3=2
		RECORDS_OUT_OPERATOR_TS_0=1
		RECORDS_OUT_OPERATOR_UDTF_2=2
	File Input Format Counters 
		Bytes Read=5362
2024-04-24T01:11:45,547  INFO [LocalJobRunner Map Task Executor #0] mapred.LocalJobRunner: Finishing task: attempt_local1265915292_0079_m_000000_0
2024-04-24T01:11:45,547  INFO [Thread-6486] mapred.LocalJobRunner: map task executor complete.
2024-04-24T01:11:45,548  INFO [Thread-6486] mapred.LocalJobRunner: Waiting for reduce tasks
2024-04-24T01:11:45,548  INFO [pool-379-thread-1] mapred.LocalJobRunner: Starting task: attempt_local1265915292_0079_r_000000_0
2024-04-24T01:11:45,551  INFO [pool-379-thread-1] mapred.Task:  Using ResourceCalculatorProcessTree : [ ]
2024-04-24T01:11:45,551  INFO [pool-379-thread-1] mapred.ReduceTask: Using ShuffleConsumerPlugin: org.apache.hadoop.mapreduce.task.reduce.Shuffle@44e9f87a
2024-04-24T01:11:45,551  WARN [pool-379-thread-1] impl.MetricsSystemImpl: JobTracker metrics system already initialized!
2024-04-24T01:11:45,552  INFO [pool-379-thread-1] reduce.MergeManagerImpl: MergerManager: memoryLimit=1459565312, maxSingleShuffleLimit=364891328, mergeThreshold=963313152, ioSortFactor=10, memToMemMergeOutputsThreshold=10
2024-04-24T01:11:45,553  INFO [EventFetcher for fetching Map Completion Events] reduce.EventFetcher: attempt_local1265915292_0079_r_000000_0 Thread started: EventFetcher for fetching Map Completion Events
2024-04-24T01:11:45,555  INFO [localfetcher#101] reduce.LocalFetcher: localfetcher#101 about to shuffle output of map attempt_local1265915292_0079_m_000000_0 decomp: 20 len: 24 to MEMORY
2024-04-24T01:11:45,556  INFO [localfetcher#101] reduce.InMemoryMapOutput: Read 20 bytes from map-output for attempt_local1265915292_0079_m_000000_0
2024-04-24T01:11:45,556  INFO [localfetcher#101] reduce.MergeManagerImpl: closeInMemoryFile -> map-output of size: 20, inMemoryMapOutputs.size() -> 1, commitMemory -> 0, usedMemory ->20
2024-04-24T01:11:45,556  INFO [EventFetcher for fetching Map Completion Events] reduce.EventFetcher: EventFetcher is interrupted.. Returning
2024-04-24T01:11:45,556  INFO [pool-379-thread-1] mapred.LocalJobRunner: 1 / 1 copied.
2024-04-24T01:11:45,556  INFO [pool-379-thread-1] reduce.MergeManagerImpl: finalMerge called with 1 in-memory map-outputs and 0 on-disk map-outputs
2024-04-24T01:11:45,563  INFO [pool-379-thread-1] mapred.Merger: Merging 1 sorted segments
2024-04-24T01:11:45,563  INFO [pool-379-thread-1] mapred.Merger: Down to the last merge-pass, with 1 segments left of total size: 8 bytes
2024-04-24T01:11:45,566  INFO [pool-379-thread-1] reduce.MergeManagerImpl: Merged 1 segments, 20 bytes to disk to satisfy reduce memory limit
2024-04-24T01:11:45,566  INFO [pool-379-thread-1] reduce.MergeManagerImpl: Merging 1 files, 24 bytes from disk
2024-04-24T01:11:45,566  INFO [pool-379-thread-1] reduce.MergeManagerImpl: Merging 0 segments, 0 bytes from memory into reduce
2024-04-24T01:11:45,566  INFO [pool-379-thread-1] mapred.Merger: Merging 1 sorted segments
2024-04-24T01:11:45,566  INFO [pool-379-thread-1] mapred.Merger: Down to the last merge-pass, with 1 segments left of total size: 8 bytes
2024-04-24T01:11:45,566  INFO [pool-379-thread-1] mapred.LocalJobRunner: 1 / 1 copied.
2024-04-24T01:11:45,567  INFO [pool-379-thread-1] exec.SerializationUtilities: Deserializing ReduceWork using kryo
2024-04-24T01:11:45,567  INFO [pool-379-thread-1] exec.Utilities: Deserialized plan (via FILE) - name: null size: 5,92KB
2024-04-24T01:11:45,568  INFO [pool-379-thread-1] ExecReducer: 
<SEL>Id =5
  <Children>
    <FS>Id =6
      <Children>
      <\Children>
      <Parent>Id = 5 null<\Parent>
    <\FS>
  <\Children>
  <Parent><\Parent>
<\SEL>
2024-04-24T01:11:45,568  INFO [pool-379-thread-1] exec.SelectOperator: Initializing Operator: SEL[5]
2024-04-24T01:11:45,568  INFO [pool-379-thread-1] exec.SelectOperator: SELECT struct<key:struct<reducesinkkey0:int>,value:struct<_col0:int>>
2024-04-24T01:11:45,568  INFO [pool-379-thread-1] exec.FileSinkOperator: Initializing Operator: FS[6]
2024-04-24T01:11:45,569  INFO [pool-379-thread-1] exec.FileSinkOperator: Using serializer : AbstractSerDe [log=org.apache.logging.slf4j.Log4jLogger@7c52fdfa, configuration=Optional[Configuration: core-default.xml, core-site.xml, mapred-default.xml, mapred-site.xml, yarn-default.xml, yarn-site.xml, hdfs-default.xml, hdfs-site.xml, file:/home/alex/Repositories/hive/ql/target/tmp/TestTxnCommandsWithSplitUpdateAndVectorization/mapred/local/localRunner/alex/job_local1265915292_0079/job_local1265915292_0079.xml], properties={transactional_properties=default, name=default.acidtbl, transactional=true, columns.types=int:int, bucket_field_name=a, columns=a,b, numFilesErasureCoded=0, columns.comments=&amp#0;, bucketing_version=2, bucket_count=2, serialization.lib=org.apache.hadoop.hive.ql.io.orc.OrcSerde, file.inputformat=org.apache.hadoop.hive.ql.io.orc.OrcInputFormat, file.outputformat=org.apache.hadoop.hive.ql.io.orc.OrcOutputFormat, location=file:/home/alex/Repositories/hive/ql/target/tmp/org.apache.hadoop.hive.ql.TestTxnCommands-1713946100941/warehouse/acidtbl, column.name.delimiter=,}, tableProperties={transactional_properties=default, name=default.acidtbl, transactional=true, columns.types=int:int, bucket_field_name=a, columns=a,b, numFilesErasureCoded=0, columns.comments=&amp#0;, bucketing_version=2, bucket_count=2, serialization.lib=org.apache.hadoop.hive.ql.io.orc.OrcSerde, file.inputformat=org.apache.hadoop.hive.ql.io.orc.OrcInputFormat, location=file:/home/alex/Repositories/hive/ql/target/tmp/org.apache.hadoop.hive.ql.TestTxnCommands-1713946100941/warehouse/acidtbl, file.outputformat=org.apache.hadoop.hive.ql.io.orc.OrcOutputFormat, column.name.delimiter=,}, partitionProperties=Optional.empty, columnNames=[a, b], columnTypes=[int, int], getClass()=class org.apache.hadoop.hive.ql.io.orc.OrcSerde] and formatter : org.apache.hadoop.hive.ql.io.orc.OrcOutputFormat@6e94ef7d
2024-04-24T01:11:45,569  INFO [pool-379-thread-1] exec.FileSinkOperator: Final Path: FS file:/home/alex/Repositories/hive/ql/target/tmp/org.apache.hadoop.hive.ql.TestTxnCommands-1713946100941/warehouse/acidtbl
2024-04-24T01:11:45,569  INFO [pool-379-thread-1] exec.FileSinkOperator: New Final Path: FS file:/home/alex/Repositories/hive/ql/target/tmp/org.apache.hadoop.hive.ql.TestTxnCommands-1713946100941/warehouse/acidtbl
2024-04-24T01:11:45,569  INFO [pool-379-thread-1] common.FileUtils: Creating directory if it doesn't exist: file:/home/alex/Repositories/hive/ql/target/tmp/org.apache.hadoop.hive.ql.TestTxnCommands-1713946100941/warehouse
2024-04-24T01:11:45,570  INFO [pool-379-thread-1] exec.FileSinkOperator: FS[6]: records written - 1
2024-04-24T01:11:45,570  INFO [pool-379-thread-1] impl.PhysicalFsWriter: ORC writer created for path: file:/home/alex/Repositories/hive/ql/target/tmp/org.apache.hadoop.hive.ql.TestTxnCommands-1713946100941/warehouse/acidtbl/delta_0000001_0000001_0000/bucket_00000_0 with stripeSize: 8388608 blockSize: 268435456 compression: Compress: ZLIB buffer: 32768
2024-04-24T01:11:45,577  INFO [pool-379-thread-1] impl.WriterImpl: ORC writer created for path: file:/home/alex/Repositories/hive/ql/target/tmp/org.apache.hadoop.hive.ql.TestTxnCommands-1713946100941/warehouse/acidtbl/delta_0000001_0000001_0000/bucket_00000_0 with stripeSize: 8388608 options: Compress: ZLIB buffer: 32768
2024-04-24T01:11:45,582  INFO [pool-379-thread-1] exec.SelectOperator: Closing Operator: SEL[5]
2024-04-24T01:11:45,582  INFO [pool-379-thread-1] exec.SelectOperator: RECORDS_OUT_OPERATOR_SEL_5:1, RECORDS_OUT_INTERMEDIATE:0, 
2024-04-24T01:11:45,582  INFO [pool-379-thread-1] exec.FileSinkOperator: Closing Operator: FS[6]
2024-04-24T01:11:45,582  INFO [pool-379-thread-1] exec.FileSinkOperator: FS[6]: records written - 1
2024-04-24T01:11:45,584  INFO [pool-379-thread-1] FileOperations: Writing manifest to file:/home/alex/Repositories/hive/ql/target/tmp/org.apache.hadoop.hive.ql.TestTxnCommands-1713946100941/warehouse/acidtbl/_tmp.delta_0000001_0000001_0000/000000_0.manifest with [file:/home/alex/Repositories/hive/ql/target/tmp/org.apache.hadoop.hive.ql.TestTxnCommands-1713946100941/warehouse/acidtbl/delta_0000001_0000001_0000/bucket_00000_0]
2024-04-24T01:11:45,597  INFO [pool-379-thread-1] exec.FileSinkOperator: RECORDS_OUT_OPERATOR_FS_6:1, TOTAL_TABLE_ROWS_WRITTEN:1, RECORDS_OUT_1_default.acidtbl:1, RECORDS_OUT_INTERMEDIATE:0, 
2024-04-24T01:11:45,597  INFO [pool-379-thread-1] mapred.Task: Task:attempt_local1265915292_0079_r_000000_0 is done. And is in the process of committing
2024-04-24T01:11:45,598  INFO [pool-379-thread-1] mapred.LocalJobRunner: reduce > reduce
2024-04-24T01:11:45,598  INFO [pool-379-thread-1] mapred.Task: Task 'attempt_local1265915292_0079_r_000000_0' done.
2024-04-24T01:11:45,598  INFO [pool-379-thread-1] mapred.Task: Final Counters for attempt_local1265915292_0079_r_000000_0: Counters: 35
	File System Counters
		FILE: Number of bytes read=1779561
		FILE: Number of bytes written=99108879
		FILE: Number of read operations=0
		FILE: Number of large read operations=0
		FILE: Number of write operations=0
		HDFS: Number of bytes read=0
		HDFS: Number of bytes written=0
		HDFS: Number of read operations=0
		HDFS: Number of large read operations=0
		HDFS: Number of write operations=0
	Map-Reduce Framework
		Combine input records=0
		Combine output records=0
		Reduce input groups=1
		Reduce shuffle bytes=24
		Reduce input records=1
		Reduce output records=0
		Spilled Records=1
		Shuffled Maps =1
		Failed Shuffles=0
		Merged Map outputs=1
		GC time elapsed (ms)=0
		Total committed heap usage (bytes)=2085093376
	HIVE
		CREATED_FILES=1
		RECORDS_OUT_1_default.acidtbl=1
		RECORDS_OUT_INTERMEDIATE=0
		RECORDS_OUT_OPERATOR_FS_6=1
		RECORDS_OUT_OPERATOR_SEL_5=1
		TOTAL_TABLE_ROWS_WRITTEN=1
	Shuffle Errors
		BAD_ID=0
		CONNECTION=0
		IO_ERROR=0
		WRONG_LENGTH=0
		WRONG_MAP=0
		WRONG_REDUCE=0
	File Output Format Counters 
		Bytes Written=0
2024-04-24T01:11:45,598  INFO [pool-379-thread-1] mapred.LocalJobRunner: Finishing task: attempt_local1265915292_0079_r_000000_0
2024-04-24T01:11:45,598  INFO [pool-379-thread-1] mapred.LocalJobRunner: Starting task: attempt_local1265915292_0079_r_000001_0
2024-04-24T01:11:45,599  INFO [pool-379-thread-1] mapred.Task:  Using ResourceCalculatorProcessTree : [ ]
2024-04-24T01:11:45,599  INFO [pool-379-thread-1] mapred.ReduceTask: Using ShuffleConsumerPlugin: org.apache.hadoop.mapreduce.task.reduce.Shuffle@2047278a
2024-04-24T01:11:45,599  WARN [pool-379-thread-1] impl.MetricsSystemImpl: JobTracker metrics system already initialized!
2024-04-24T01:11:45,600  INFO [pool-379-thread-1] reduce.MergeManagerImpl: MergerManager: memoryLimit=1459565312, maxSingleShuffleLimit=364891328, mergeThreshold=963313152, ioSortFactor=10, memToMemMergeOutputsThreshold=10
2024-04-24T01:11:45,601  INFO [EventFetcher for fetching Map Completion Events] reduce.EventFetcher: attempt_local1265915292_0079_r_000001_0 Thread started: EventFetcher for fetching Map Completion Events
2024-04-24T01:11:45,603  INFO [localfetcher#102] reduce.LocalFetcher: localfetcher#102 about to shuffle output of map attempt_local1265915292_0079_m_000000_0 decomp: 20 len: 24 to MEMORY
2024-04-24T01:11:45,604  INFO [localfetcher#102] reduce.InMemoryMapOutput: Read 20 bytes from map-output for attempt_local1265915292_0079_m_000000_0
2024-04-24T01:11:45,604  INFO [localfetcher#102] reduce.MergeManagerImpl: closeInMemoryFile -> map-output of size: 20, inMemoryMapOutputs.size() -> 1, commitMemory -> 0, usedMemory ->20
2024-04-24T01:11:45,604  INFO [EventFetcher for fetching Map Completion Events] reduce.EventFetcher: EventFetcher is interrupted.. Returning
2024-04-24T01:11:45,604  INFO [pool-379-thread-1] mapred.LocalJobRunner: 1 / 1 copied.
2024-04-24T01:11:45,604  INFO [pool-379-thread-1] reduce.MergeManagerImpl: finalMerge called with 1 in-memory map-outputs and 0 on-disk map-outputs
2024-04-24T01:11:45,610  INFO [pool-379-thread-1] mapred.Merger: Merging 1 sorted segments
2024-04-24T01:11:45,610  INFO [pool-379-thread-1] mapred.Merger: Down to the last merge-pass, with 1 segments left of total size: 8 bytes
2024-04-24T01:11:45,613  INFO [pool-379-thread-1] reduce.MergeManagerImpl: Merged 1 segments, 20 bytes to disk to satisfy reduce memory limit
2024-04-24T01:11:45,613  INFO [pool-379-thread-1] reduce.MergeManagerImpl: Merging 1 files, 24 bytes from disk
2024-04-24T01:11:45,613  INFO [pool-379-thread-1] reduce.MergeManagerImpl: Merging 0 segments, 0 bytes from memory into reduce
2024-04-24T01:11:45,613  INFO [pool-379-thread-1] mapred.Merger: Merging 1 sorted segments
2024-04-24T01:11:45,613  INFO [pool-379-thread-1] mapred.Merger: Down to the last merge-pass, with 1 segments left of total size: 8 bytes
2024-04-24T01:11:45,613  INFO [pool-379-thread-1] mapred.LocalJobRunner: 1 / 1 copied.
2024-04-24T01:11:45,613  INFO [pool-379-thread-1] exec.SerializationUtilities: Deserializing ReduceWork using kryo
2024-04-24T01:11:45,614  INFO [pool-379-thread-1] exec.Utilities: Deserialized plan (via FILE) - name: null size: 5,92KB
2024-04-24T01:11:45,614  INFO [pool-379-thread-1] ExecReducer: 
<SEL>Id =5
  <Children>
    <FS>Id =6
      <Children>
      <\Children>
      <Parent>Id = 5 null<\Parent>
    <\FS>
  <\Children>
  <Parent><\Parent>
<\SEL>
2024-04-24T01:11:45,614  INFO [pool-379-thread-1] exec.SelectOperator: Initializing Operator: SEL[5]
2024-04-24T01:11:45,614  INFO [pool-379-thread-1] exec.SelectOperator: SELECT struct<key:struct<reducesinkkey0:int>,value:struct<_col0:int>>
2024-04-24T01:11:45,614  INFO [pool-379-thread-1] exec.FileSinkOperator: Initializing Operator: FS[6]
2024-04-24T01:11:45,615  INFO [pool-379-thread-1] exec.FileSinkOperator: Using serializer : AbstractSerDe [log=org.apache.logging.slf4j.Log4jLogger@7c52fdfa, configuration=Optional[Configuration: core-default.xml, core-site.xml, mapred-default.xml, mapred-site.xml, yarn-default.xml, yarn-site.xml, hdfs-default.xml, hdfs-site.xml, file:/home/alex/Repositories/hive/ql/target/tmp/TestTxnCommandsWithSplitUpdateAndVectorization/mapred/local/localRunner/alex/job_local1265915292_0079/job_local1265915292_0079.xml], properties={transactional_properties=default, name=default.acidtbl, transactional=true, columns.types=int:int, bucket_field_name=a, columns=a,b, numFilesErasureCoded=0, columns.comments=&amp#0;, bucketing_version=2, bucket_count=2, serialization.lib=org.apache.hadoop.hive.ql.io.orc.OrcSerde, file.inputformat=org.apache.hadoop.hive.ql.io.orc.OrcInputFormat, file.outputformat=org.apache.hadoop.hive.ql.io.orc.OrcOutputFormat, location=file:/home/alex/Repositories/hive/ql/target/tmp/org.apache.hadoop.hive.ql.TestTxnCommands-1713946100941/warehouse/acidtbl, column.name.delimiter=,}, tableProperties={transactional_properties=default, name=default.acidtbl, transactional=true, columns.types=int:int, bucket_field_name=a, columns=a,b, numFilesErasureCoded=0, columns.comments=&amp#0;, bucketing_version=2, bucket_count=2, serialization.lib=org.apache.hadoop.hive.ql.io.orc.OrcSerde, file.inputformat=org.apache.hadoop.hive.ql.io.orc.OrcInputFormat, location=file:/home/alex/Repositories/hive/ql/target/tmp/org.apache.hadoop.hive.ql.TestTxnCommands-1713946100941/warehouse/acidtbl, file.outputformat=org.apache.hadoop.hive.ql.io.orc.OrcOutputFormat, column.name.delimiter=,}, partitionProperties=Optional.empty, columnNames=[a, b], columnTypes=[int, int], getClass()=class org.apache.hadoop.hive.ql.io.orc.OrcSerde] and formatter : org.apache.hadoop.hive.ql.io.orc.OrcOutputFormat@450942eb
2024-04-24T01:11:45,615  INFO [pool-379-thread-1] exec.FileSinkOperator: Final Path: FS file:/home/alex/Repositories/hive/ql/target/tmp/org.apache.hadoop.hive.ql.TestTxnCommands-1713946100941/warehouse/acidtbl
2024-04-24T01:11:45,615  INFO [pool-379-thread-1] exec.FileSinkOperator: New Final Path: FS file:/home/alex/Repositories/hive/ql/target/tmp/org.apache.hadoop.hive.ql.TestTxnCommands-1713946100941/warehouse/acidtbl
2024-04-24T01:11:45,615  INFO [pool-379-thread-1] common.FileUtils: Creating directory if it doesn't exist: file:/home/alex/Repositories/hive/ql/target/tmp/org.apache.hadoop.hive.ql.TestTxnCommands-1713946100941/warehouse
2024-04-24T01:11:45,616  INFO [pool-379-thread-1] exec.FileSinkOperator: FS[6]: records written - 1
2024-04-24T01:11:45,616  INFO [pool-379-thread-1] impl.PhysicalFsWriter: ORC writer created for path: file:/home/alex/Repositories/hive/ql/target/tmp/org.apache.hadoop.hive.ql.TestTxnCommands-1713946100941/warehouse/acidtbl/delta_0000001_0000001_0000/bucket_00001_0 with stripeSize: 8388608 blockSize: 268435456 compression: Compress: ZLIB buffer: 32768
2024-04-24T01:11:45,621  INFO [pool-379-thread-1] impl.WriterImpl: ORC writer created for path: file:/home/alex/Repositories/hive/ql/target/tmp/org.apache.hadoop.hive.ql.TestTxnCommands-1713946100941/warehouse/acidtbl/delta_0000001_0000001_0000/bucket_00001_0 with stripeSize: 8388608 options: Compress: ZLIB buffer: 32768
2024-04-24T01:11:45,621  INFO [pool-379-thread-1] exec.SelectOperator: Closing Operator: SEL[5]
2024-04-24T01:11:45,621  INFO [pool-379-thread-1] exec.SelectOperator: RECORDS_OUT_INTERMEDIATE:0, RECORDS_OUT_OPERATOR_SEL_5:1, 
2024-04-24T01:11:45,622  INFO [pool-379-thread-1] exec.FileSinkOperator: Closing Operator: FS[6]
2024-04-24T01:11:45,622  INFO [pool-379-thread-1] exec.FileSinkOperator: FS[6]: records written - 1
2024-04-24T01:11:45,623  INFO [pool-379-thread-1] FileOperations: Writing manifest to file:/home/alex/Repositories/hive/ql/target/tmp/org.apache.hadoop.hive.ql.TestTxnCommands-1713946100941/warehouse/acidtbl/_tmp.delta_0000001_0000001_0000/000001_0.manifest with [file:/home/alex/Repositories/hive/ql/target/tmp/org.apache.hadoop.hive.ql.TestTxnCommands-1713946100941/warehouse/acidtbl/delta_0000001_0000001_0000/bucket_00001_0]
2024-04-24T01:11:45,633  INFO [pool-379-thread-1] exec.FileSinkOperator: TOTAL_TABLE_ROWS_WRITTEN:1, RECORDS_OUT_INTERMEDIATE:0, RECORDS_OUT_OPERATOR_FS_6:1, RECORDS_OUT_1_default.acidtbl:1, 
2024-04-24T01:11:45,633  INFO [pool-379-thread-1] mapred.Task: Task:attempt_local1265915292_0079_r_000001_0 is done. And is in the process of committing
2024-04-24T01:11:45,633  INFO [pool-379-thread-1] mapred.LocalJobRunner: reduce > reduce
2024-04-24T01:11:45,633  INFO [pool-379-thread-1] mapred.Task: Task 'attempt_local1265915292_0079_r_000001_0' done.
2024-04-24T01:11:45,633  INFO [pool-379-thread-1] mapred.Task: Final Counters for attempt_local1265915292_0079_r_000001_0: Counters: 35
	File System Counters
		FILE: Number of bytes read=1785644
		FILE: Number of bytes written=99109907
		FILE: Number of read operations=0
		FILE: Number of large read operations=0
		FILE: Number of write operations=0
		HDFS: Number of bytes read=0
		HDFS: Number of bytes written=0
		HDFS: Number of read operations=0
		HDFS: Number of large read operations=0
		HDFS: Number of write operations=0
	Map-Reduce Framework
		Combine input records=0
		Combine output records=0
		Reduce input groups=1
		Reduce shuffle bytes=24
		Reduce input records=1
		Reduce output records=0
		Spilled Records=1
		Shuffled Maps =1
		Failed Shuffles=0
		Merged Map outputs=1
		GC time elapsed (ms)=0
		Total committed heap usage (bytes)=2085093376
	HIVE
		CREATED_FILES=1
		RECORDS_OUT_1_default.acidtbl=1
		RECORDS_OUT_INTERMEDIATE=0
		RECORDS_OUT_OPERATOR_FS_6=1
		RECORDS_OUT_OPERATOR_SEL_5=1
		TOTAL_TABLE_ROWS_WRITTEN=1
	Shuffle Errors
		BAD_ID=0
		CONNECTION=0
		IO_ERROR=0
		WRONG_LENGTH=0
		WRONG_MAP=0
		WRONG_REDUCE=0
	File Output Format Counters 
		Bytes Written=0
2024-04-24T01:11:45,633  INFO [pool-379-thread-1] mapred.LocalJobRunner: Finishing task: attempt_local1265915292_0079_r_000001_0
2024-04-24T01:11:45,633  INFO [Thread-6486] mapred.LocalJobRunner: reduce task executor complete.
2024-04-24 01:11:46,511 Stage-1 map = 100%,  reduce = 100%
2024-04-24T01:11:46,511  INFO [main] exec.Task: 2024-04-24 01:11:46,511 Stage-1 map = 100%,  reduce = 100%
Ended Job = job_local1265915292_0079
2024-04-24T01:11:46,513  INFO [main] exec.Task: Ended Job = job_local1265915292_0079
2024-04-24T01:11:46,515  INFO [main] FileOperations: Found manifest file file:/home/alex/Repositories/hive/ql/target/tmp/org.apache.hadoop.hive.ql.TestTxnCommands-1713946100941/warehouse/acidtbl/_tmp.delta_0000001_0000001_0000/000000_0.manifest with attemptId 0.
2024-04-24T01:11:46,515  INFO [main] FileOperations: Found manifest file file:/home/alex/Repositories/hive/ql/target/tmp/org.apache.hadoop.hive.ql.TestTxnCommands-1713946100941/warehouse/acidtbl/_tmp.delta_0000001_0000001_0000/000001_0.manifest with attemptId 0.
2024-04-24T01:11:46,516  INFO [main] FileOperations: Looking at manifest file: file:/home/alex/Repositories/hive/ql/target/tmp/org.apache.hadoop.hive.ql.TestTxnCommands-1713946100941/warehouse/acidtbl/_tmp.delta_0000001_0000001_0000/000000_0.manifest
2024-04-24T01:11:46,516  INFO [main] FileOperations: Looking at manifest file: file:/home/alex/Repositories/hive/ql/target/tmp/org.apache.hadoop.hive.ql.TestTxnCommands-1713946100941/warehouse/acidtbl/_tmp.delta_0000001_0000001_0000/000001_0.manifest
2024-04-24T01:11:46,517  INFO [main] FileOperations: Deleting manifest directory file:/home/alex/Repositories/hive/ql/target/tmp/org.apache.hadoop.hive.ql.TestTxnCommands-1713946100941/warehouse/acidtbl/_tmp.delta_0000001_0000001_0000
2024-04-24T01:11:46,519  INFO [main] ql.Driver: Starting task [Stage-0:MOVE] in serial mode
Loading data to table default.acidtbl
2024-04-24T01:11:46,520  INFO [main] exec.Task: Loading data to table default.acidtbl from file:/home/alex/Repositories/hive/ql/target/tmp/org.apache.hadoop.hive.ql.TestTxnCommands-1713946100941/warehouse/acidtbl
2024-04-24T01:11:46,520  INFO [main] HiveMetaStore.audit: ugi=alex	ip=unknown-ip-addr	cmd=get_table : tbl=hive.default.acidtbl	
2024-04-24T01:11:46,528  INFO [main] metastore.HMSHandler: Skipping translation for processor with null
2024-04-24T01:11:46,528  INFO [main] HiveMetaStore.audit: ugi=alex	ip=unknown-ip-addr	cmd=get_table : tbl=hive.default.acidtbl	
2024-04-24T01:11:46,534  INFO [main] metastore.HMSHandler: Skipping translation for processor with null
2024-04-24T01:11:46,534  INFO [main] HiveMetaStore.audit: ugi=alex	ip=unknown-ip-addr	cmd=alter_table: hive.default.acidtbl newtbl=acidtbl	
2024-04-24T01:11:46,568  INFO [main] ql.Driver: Starting task [Stage-2:STATS] in serial mode
2024-04-24T01:11:46,568  INFO [main] HiveMetaStore.audit: ugi=alex	ip=unknown-ip-addr	cmd=get_table : tbl=hive.default.acidtbl	
2024-04-24T01:11:46,574  INFO [main] metastore.HMSHandler: Skipping translation for processor with null
2024-04-24T01:11:46,574  INFO [main] stats.BasicStatsTask: Executing stats task
2024-04-24T01:11:46,574  INFO [main] fs.FSStatsPublisher: created : file:/home/alex/Repositories/hive/ql/target/tmp/localscratchdir/344f1643-ea29-4684-8a1f-bc823cf544b5/hive_2024-04-24_01-11-44_902_1338508019996566074-1/-mr-10000
2024-04-24T01:11:46,576  INFO [main] HiveMetaStore.audit: ugi=alex	ip=unknown-ip-addr	cmd=get_table : tbl=hive.default.acidtbl	
2024-04-24T01:11:46,581  INFO [main] metastore.HMSHandler: Skipping translation for processor with null
2024-04-24T01:11:46,592  WARN [main] FileOperations: Computing stats for an ACID table; stats may be inaccurate
2024-04-24T01:11:46,592  INFO [main] FileOperations: Read stats for default.acidtbl/, numRows, true, 2, false: 
2024-04-24T01:11:46,592  INFO [main] FileOperations: Read stats for default.acidtbl/, rawDataSize, true, 0, false: 
2024-04-24T01:11:46,593  INFO [main] HiveMetaStore.audit: ugi=alex	ip=unknown-ip-addr	cmd=alter_table: hive.default.acidtbl newtbl=acidtbl	
2024-04-24T01:11:46,611  INFO [main] FileOperations: Read stats for default.acidtbl/, insertCount, true, 2, false: 
2024-04-24T01:11:46,611  INFO [main] FileOperations: Read stats for default.acidtbl/, updateCount, true, 0, false: 
2024-04-24T01:11:46,611  INFO [main] FileOperations: Read stats for default.acidtbl/, deleteCount, true, 0, false: 
2024-04-24T01:11:46,614  INFO [main] stats.BasicStatsTask: Table default.acidtbl stats: [numFiles=2, numRows=2, totalSize=1344, rawDataSize=0, numFilesErasureCoded=0]
2024-04-24T01:11:46,614  INFO [main] metadata.Hive: Dumping metastore api call timing information for : execution phase
2024-04-24T01:11:46,614  INFO [main] metadata.Hive: Total time spent in each metastore function (ms): {alter_table_(String, String, String, Table, EnvironmentContext, String)=53, getTable_(GetTableRequest)=26, isCompatibleWith_(Configuration)=0, updateTransactionalStatistics_(UpdateTransactionalStatsRequest)=3}
MapReduce Jobs Launched: 
2024-04-24T01:11:46,615  INFO [main] ql.Driver: MapReduce Jobs Launched: 
Stage-Stage-1:  HDFS Read: 0 HDFS Write: 0 SUCCESS
2024-04-24T01:11:46,615  INFO [main] ql.Driver: Stage-Stage-1:  HDFS Read: 0 HDFS Write: 0 SUCCESS
Total MapReduce CPU Time Spent: 0 msec
2024-04-24T01:11:46,615  INFO [main] ql.Driver: Total MapReduce CPU Time Spent: 0 msec
2024-04-24T01:11:46,615  INFO [main] ql.Driver: Completed executing command(queryId=alex_20240424011144_9b500a60-3478-44b3-843f-127235c50402); Time taken: 1.461 seconds
2024-04-24T01:11:46,615  INFO [main] lockmgr.DbTxnManager: Stopped heartbeat for query: alex_20240424011144_9b500a60-3478-44b3-843f-127235c50402
2024-04-24T01:11:46,627  INFO [main] txn.TxnHandler: Removed transactions: ([13]) from MIN_HISTORY_LEVEL
2024-04-24T01:11:46,627  WARN [main] txn.CompactionTxnHandler: No compaction queue record found for Compaction type transaction commit. txnId:13
2024-04-24T01:11:46,628  INFO [main] ql.TxnCommandsBaseForTests: Running the query: select a,b from acidTbl order by a,b
2024-04-24T01:11:46,628  INFO [main] ql.Context: Deleting scratch dir: file:/home/alex/Repositories/hive/ql/target/tmp/localscratchdir/344f1643-ea29-4684-8a1f-bc823cf544b5/hive_2024-04-24_01-11-44_902_1338508019996566074-1
2024-04-24T01:11:46,629  INFO [main] cleanup.SyncCleanupService: Deleted directory: file:/home/alex/Repositories/hive/ql/target/tmp/localscratchdir/344f1643-ea29-4684-8a1f-bc823cf544b5/hive_2024-04-24_01-11-44_902_1338508019996566074-1 on fs with scheme file
2024-04-24T01:11:46,629  INFO [main] ql.Driver: Compiling command(queryId=alex_20240424011146_ef8a1ec2-3b87-4e37-a806-7c183d3c7eb7): select a,b from acidTbl order by a,b
2024-04-24T01:11:46,632  INFO [main] txn.TxnHandler: Added entries to MIN_HISTORY_LEVEL for current txns: ([14]) with min_open_txn: 14
2024-04-24T01:11:46,632  INFO [main] lockmgr.DbTxnManager: Opened txnid:14
2024-04-24T01:11:46,632  INFO [main] parse.CalcitePlanner: Starting caching scope for: 
2024-04-24T01:11:46,632  INFO [main] parse.CalcitePlanner: Starting Semantic Analysis
2024-04-24T01:11:46,635  INFO [main] parse.CalcitePlanner: Completed phase 1 of Semantic Analysis
2024-04-24T01:11:46,635  INFO [main] parse.CalcitePlanner: Get metadata for source tables
2024-04-24T01:11:46,636  INFO [main] HiveMetaStore.audit: ugi=alex	ip=unknown-ip-addr	cmd=get_table : tbl=hive.default.acidtbl	
2024-04-24T01:11:46,642  INFO [main] metastore.HMSHandler: Skipping translation for processor with null
2024-04-24T01:11:46,642  INFO [main] parse.CalcitePlanner: Get metadata for subqueries
2024-04-24T01:11:46,642  INFO [main] parse.CalcitePlanner: Get metadata for destination tables
2024-04-24T01:11:46,642  INFO [main] parse.CalcitePlanner: Completed getting MetaData in Semantic Analysis
2024-04-24T01:11:46,653  INFO [main] HiveMetaStore.audit: ugi=alex	ip=unknown-ip-addr	cmd=get_all_table_constraints : tbl=hive.default.acidtbl	
2024-04-24T01:11:46,674  INFO [main] calcite.RelOptHiveTable: Calculating column statistics for default.acidtbl, projIndxSet: [0, 1], allowMissingStats: true
2024-04-24T01:11:46,675  INFO [main] HiveMetaStore.audit: ugi=alex	ip=unknown-ip-addr	cmd=get_table : tbl=hive.default.acidtbl	
2024-04-24T01:11:46,683  INFO [main] metastore.HMSHandler: Skipping translation for processor with null
2024-04-24T01:11:46,683  INFO [main] HiveMetaStore.audit: ugi=alex	ip=unknown-ip-addr	cmd=get_table : tbl=hive.default.acidtbl	
2024-04-24T01:11:46,691  INFO [main] metastore.HMSHandler: Skipping translation for processor with null
2024-04-24T01:11:46,691  INFO [main] HiveMetaStore.audit: ugi=alex	ip=unknown-ip-addr	cmd=get_table_statistics_req: table=hive.default.acidtbl	
2024-04-24T01:11:46,702  WARN [main] calcite.RelOptHiveTable: No Stats for default@acidtbl, Columns: a, b
No Stats for default@acidtbl, Columns: a, b
2024-04-24T01:11:46,702  INFO [main] SessionState: No Stats for default@acidtbl, Columns: a, b
2024-04-24T01:11:46,762  INFO [main] parse.CalcitePlanner: Get metadata for source tables
2024-04-24T01:11:46,762  INFO [main] parse.CalcitePlanner: Get metadata for subqueries
2024-04-24T01:11:46,762  INFO [main] parse.CalcitePlanner: Get metadata for destination tables
2024-04-24T01:11:46,764  INFO [main] common.FileUtils: Creating directory if it doesn't exist: file:/home/alex/Repositories/hive/ql/target/tmp/localscratchdir/344f1643-ea29-4684-8a1f-bc823cf544b5/hive_2024-04-24_01-11-46_629_5835302696657115066-1/-mr-10001/.hive-staging_hive_2024-04-24_01-11-46_629_5835302696657115066-1
2024-04-24T01:11:46,771  INFO [main] parse.CalcitePlanner: CBO Succeeded; optimized logical plan.
2024-04-24T01:11:46,776  INFO [main] optimizer.ColumnPrunerProcFactory: RS 2 oldColExprMap: {KEY.reducesinkkey0=Column[_col0], KEY.reducesinkkey1=Column[_col1]}
2024-04-24T01:11:46,776  INFO [main] optimizer.ColumnPrunerProcFactory: RS 2 newColExprMap: {KEY.reducesinkkey1=Column[_col1], KEY.reducesinkkey0=Column[_col0]}
2024-04-24T01:11:46,778  INFO [main] optimizer.SortedDynPartitionOptimizer: Sorted dynamic partitioning optimization kicked in..
2024-04-24T01:11:46,793  INFO [main] physical.Vectorizer: Examining input format to see if vectorization is enabled.
2024-04-24T01:11:46,794  INFO [main] physical.Vectorizer: Vectorization is enabled for input format(s) [org.apache.hadoop.hive.ql.io.orc.OrcInputFormat]
2024-04-24T01:11:46,794  INFO [main] physical.Vectorizer: Validating and vectorizing MapWork... (vectorizedVertexNum 0)
2024-04-24T01:11:46,796  INFO [main] physical.Vectorizer: Map vectorization enabled: true
2024-04-24T01:11:46,796  INFO [main] physical.Vectorizer: Map vectorized: true
2024-04-24T01:11:46,796  INFO [main] physical.Vectorizer: Map vectorizedVertexNum: 0
2024-04-24T01:11:46,796  INFO [main] physical.Vectorizer: Map enabledConditionsMet: [hive.vectorized.use.vectorized.input.format IS true]
2024-04-24T01:11:46,796  INFO [main] physical.Vectorizer: Map inputFileFormatClassNameSet: [org.apache.hadoop.hive.ql.io.orc.OrcInputFormat]
2024-04-24T01:11:46,796  INFO [main] physical.Vectorizer: Reduce vectorization enabled: false
2024-04-24T01:11:46,796  INFO [main] physical.Vectorizer: Reduce vectorized: false
2024-04-24T01:11:46,796  INFO [main] physical.Vectorizer: Reduce vectorizedVertexNum: 1
2024-04-24T01:11:46,796  INFO [main] physical.Vectorizer: Reducer hive.vectorized.execution.reduce.enabled: true
2024-04-24T01:11:46,796  INFO [main] physical.Vectorizer: Reducer engine: mr
2024-04-24T01:11:46,796  INFO [main] parse.CalcitePlanner: Completed plan generation
2024-04-24T01:11:46,796  INFO [main] parse.CalcitePlanner: Ending caching scope for: 
2024-04-24T01:11:46,796  INFO [main] ql.Driver: Semantic Analysis Completed (retrial = false)
2024-04-24T01:11:46,796  INFO [main] ql.Driver: Created Hive schema: Schema(fieldSchemas:[FieldSchema(name:a, type:int, comment:null), FieldSchema(name:b, type:int, comment:null)], properties:null)
2024-04-24T01:11:46,798  INFO [main] exec.ListSinkOperator: Initializing Operator: LIST_SINK[7]
2024-04-24T01:11:46,798  INFO [main] metadata.Hive: Dumping metastore api call timing information for : compilation phase
2024-04-24T01:11:46,798  INFO [main] metadata.Hive: Total time spent in each metastore function (ms): {getAllTableConstraints_(AllTableConstraintsRequest)=4, getValidTxns_(long)=0, flushCache_()=0, openTxn_(String, TxnType)=2, isCompatibleWith_(Configuration)=0, getTable_(GetTableRequest)=6, getTableColumnStatistics_(String, String, List, String)=26, commitTxn_(CommitTxnRequest)=13, getValidWriteIds_(List, String)=5}
2024-04-24T01:11:46,798  INFO [main] ql.Driver: Completed compiling command(queryId=alex_20240424011146_ef8a1ec2-3b87-4e37-a806-7c183d3c7eb7); Time taken: 0.169 seconds
2024-04-24T01:11:46,799  INFO [main] lockmgr.DbTxnManager: Setting lock request transaction to txnid:14 for queryId=alex_20240424011146_ef8a1ec2-3b87-4e37-a806-7c183d3c7eb7
2024-04-24T01:11:46,799  INFO [main] lockmgr.DbLockManager: Requesting lock for queryId=alex_20240424011146_ef8a1ec2-3b87-4e37-a806-7c183d3c7eb7
2024-04-24T01:11:46,829  INFO [main] lockmgr.DbLockManager: Response to queryId=alex_20240424011146_ef8a1ec2-3b87-4e37-a806-7c183d3c7eb7 LockResponse(lockid:8, state:ACQUIRED)
2024-04-24T01:11:46,829  INFO [main] ql.Driver: Operation QUERY obtained 1 locks
2024-04-24T01:11:46,830  INFO [main] ql.Driver: Executing command(queryId=alex_20240424011146_ef8a1ec2-3b87-4e37-a806-7c183d3c7eb7): select a,b from acidTbl order by a,b
2024-04-24T01:11:46,830  WARN [main] ql.Driver: Hive-on-MR is deprecated in Hive 2 and may not be available in the future versions. Consider using a different execution engine (i.e. tez, spark) or using Hive 1.X releases.
Query ID = alex_20240424011146_ef8a1ec2-3b87-4e37-a806-7c183d3c7eb7
2024-04-24T01:11:46,830  INFO [main] ql.Driver: Query ID = alex_20240424011146_ef8a1ec2-3b87-4e37-a806-7c183d3c7eb7
Total jobs = 1
2024-04-24T01:11:46,830  INFO [main] ql.Driver: Total jobs = 1
Launching Job 1 out of 1
2024-04-24T01:11:46,830  INFO [main] ql.Driver: Launching Job 1 out of 1
2024-04-24T01:11:46,961  INFO [main] ql.Driver: Starting task [Stage-1:MAPRED] in serial mode
Number of reduce tasks determined at compile time: 1
2024-04-24T01:11:46,961  INFO [main] exec.Task: Number of reduce tasks determined at compile time: 1
In order to change the average load for a reducer (in bytes):
2024-04-24T01:11:46,961  INFO [main] exec.Task: In order to change the average load for a reducer (in bytes):
  set hive.exec.reducers.bytes.per.reducer=<number>
2024-04-24T01:11:46,961  INFO [main] exec.Task:   set hive.exec.reducers.bytes.per.reducer=<number>
In order to limit the maximum number of reducers:
2024-04-24T01:11:46,961  INFO [main] exec.Task: In order to limit the maximum number of reducers:
  set hive.exec.reducers.max=<number>
2024-04-24T01:11:46,961  INFO [main] exec.Task:   set hive.exec.reducers.max=<number>
In order to set a constant number of reducers:
2024-04-24T01:11:46,961  INFO [main] exec.Task: In order to set a constant number of reducers:
  set mapreduce.job.reduces=<number>
2024-04-24T01:11:46,961  INFO [main] exec.Task:   set mapreduce.job.reduces=<number>
2024-04-24T01:11:46,964  INFO [main] mr.ExecDriver: Using org.apache.hadoop.hive.ql.io.HiveInputFormat
2024-04-24T01:11:46,964  INFO [main] exec.Utilities: Processing alias acidtbl
2024-04-24T01:11:46,964  INFO [main] exec.Utilities: Adding 1 inputs; the first input is file:/home/alex/Repositories/hive/ql/target/tmp/org.apache.hadoop.hive.ql.TestTxnCommands-1713946100941/warehouse/acidtbl
2024-04-24T01:11:46,973  INFO [main] exec.SerializationUtilities: Serializing MapWork using kryo
2024-04-24T01:11:46,974  INFO [main] exec.Utilities: Serialized plan (via FILE) - name: null size: 6,04KB
2024-04-24T01:11:46,979  INFO [main] exec.SerializationUtilities: Serializing ReduceWork using kryo
2024-04-24T01:11:46,980  INFO [main] exec.Utilities: Serialized plan (via FILE) - name: null size: 7,01KB
2024-04-24T01:11:46,982  WARN [main] impl.MetricsSystemImpl: JobTracker metrics system already initialized!
2024-04-24T01:11:46,989  WARN [main] impl.MetricsSystemImpl: JobTracker metrics system already initialized!
2024-04-24T01:11:46,996  WARN [main] mapreduce.JobResourceUploader: Hadoop command-line option parsing not performed. Implement the Tool interface and execute your application with ToolRunner to remedy this.
2024-04-24T01:11:47,001  WARN [main] mapreduce.JobResourceUploader: No job jar file set.  User classes may not be found. See Job or Job#setJar(String).
2024-04-24T01:11:47,002  INFO [main] io.HiveInputFormat: hive.io.file.readcolumn.ids = 0,1
2024-04-24T01:11:47,002  INFO [main] io.HiveInputFormat: hive.io.file.readcolumn.names = a,b
2024-04-24T01:11:47,002  INFO [main] io.HiveInputFormat: Generating splits for dirs: file:/home/alex/Repositories/hive/ql/target/tmp/org.apache.hadoop.hive.ql.TestTxnCommands-1713946100941/warehouse/acidtbl
2024-04-24T01:11:47,002  INFO [main] orc.OrcInputFormat: getSplits started
2024-04-24T01:11:47,002  INFO [main] orc.OrcInputFormat: Context:: isAcid: true isVectorMode: true sarg: null minSplitSize: 1 maxSplitSize: 256000000 splitStrategy: HYBRID footerInSplits: false numBuckets: 2 numThreads: 10 cacheMemSize: 268435456 cacheStripeDetails: true useSoftReference: false writeIdList: default.acidtbl:1:9223372036854775807:: isTransactionalTable: true txnProperties: default 
2024-04-24T01:11:47,002  INFO [main] orc.OrcInputFormat: ORC pushdown predicate: null
2024-04-24T01:11:47,014  INFO [main] orc.OrcInputFormat: FooterCacheHitRatio: 0/2
2024-04-24T01:11:47,014  INFO [main] orc.OrcInputFormat: getSplits finished (#splits: 2). duration: 12 ms
2024-04-24T01:11:47,014  INFO [main] io.HiveInputFormat: number of splits 2
2024-04-24T01:11:47,032  INFO [main] mapreduce.JobSubmitter: number of splits:2
2024-04-24T01:11:47,054  INFO [main] mapreduce.JobSubmitter: Submitting tokens for job: job_local78024948_0080
2024-04-24T01:11:47,054  INFO [main] mapreduce.JobSubmitter: Executing with tokens: []
2024-04-24T01:11:47,131  INFO [main] mapreduce.Job: The url to track the job: http://localhost:8080/
Job running in-process (local Hadoop)
2024-04-24T01:11:47,131  INFO [main] exec.Task: Job running in-process (local Hadoop)
2024-04-24T01:11:47,132  INFO [Thread-6563] mapred.LocalJobRunner: OutputCommitter set in config org.apache.hadoop.hive.ql.io.HiveFileFormatUtils$NullOutputCommitter
2024-04-24T01:11:47,132  INFO [Thread-6563] mapred.LocalJobRunner: OutputCommitter is org.apache.hadoop.hive.ql.io.HiveFileFormatUtils$NullOutputCommitter
2024-04-24T01:11:47,133  INFO [Thread-6563] mapred.LocalJobRunner: Waiting for map tasks
2024-04-24T01:11:47,133  INFO [LocalJobRunner Map Task Executor #0] mapred.LocalJobRunner: Starting task: attempt_local78024948_0080_m_000000_0
2024-04-24T01:11:47,134  INFO [LocalJobRunner Map Task Executor #0] mapred.Task:  Using ResourceCalculatorProcessTree : [ ]
2024-04-24T01:11:47,134  INFO [LocalJobRunner Map Task Executor #0] mapred.MapTask: Processing split: org.apache.hadoop.hive.ql.io.orc.OrcInputFormat:OrcSplit [file:/home/alex/Repositories/hive/ql/target/tmp/org.apache.hadoop.hive.ql.TestTxnCommands-1713946100941/warehouse/acidtbl/delta_0000001_0000001_0000/bucket_00001_0, start=0, length=673, isOriginal=false, fileLength=673, hasFooter=false, hasBase=true, deltas=0]
2024-04-24T01:11:47,135  INFO [LocalJobRunner Map Task Executor #0] exec.SerializationUtilities: Deserializing MapWork using kryo
2024-04-24T01:11:47,135  INFO [LocalJobRunner Map Task Executor #0] exec.Utilities: Deserialized plan (via FILE) - name: null size: 6,04KB
2024-04-24T01:11:47,136  INFO [LocalJobRunner Map Task Executor #0] orc.VectorizedOrcAcidRowBatchReader: Read ValidWriteIdList: default.acidtbl:1:9223372036854775807:::OrcSplit [file:/home/alex/Repositories/hive/ql/target/tmp/org.apache.hadoop.hive.ql.TestTxnCommands-1713946100941/warehouse/acidtbl/delta_0000001_0000001_0000/bucket_00001_0, start=0, length=673, isOriginal=false, fileLength=673, hasFooter=false, hasBase=true, deltas=0]
2024-04-24T01:11:47,136  INFO [LocalJobRunner Map Task Executor #0] orc.ReaderImpl: Reading ORC rows from file:/home/alex/Repositories/hive/ql/target/tmp/org.apache.hadoop.hive.ql.TestTxnCommands-1713946100941/warehouse/acidtbl/delta_0000001_0000001_0000/bucket_00001_0 with {include: [true, true, true], offset: 0, length: 673, schema: struct<a:int,b:int>, includeAcidColumns: false}
2024-04-24T01:11:47,137  INFO [LocalJobRunner Map Task Executor #0] mapred.MapTask: numReduceTasks: 1
2024-04-24T01:11:47,142  INFO [LocalJobRunner Map Task Executor #0] mapred.MapTask: (EQUATOR) 0 kvi 26214396(104857584)
2024-04-24T01:11:47,142  INFO [LocalJobRunner Map Task Executor #0] mapred.MapTask: mapreduce.task.io.sort.mb: 100
2024-04-24T01:11:47,142  INFO [LocalJobRunner Map Task Executor #0] mapred.MapTask: soft limit at 83886080
2024-04-24T01:11:47,142  INFO [LocalJobRunner Map Task Executor #0] mapred.MapTask: bufstart = 0; bufvoid = 104857600
2024-04-24T01:11:47,142  INFO [LocalJobRunner Map Task Executor #0] mapred.MapTask: kvstart = 26214396; length = 6553600
2024-04-24T01:11:47,142  INFO [LocalJobRunner Map Task Executor #0] mapred.MapTask: Map output collector class = org.apache.hadoop.mapred.MapTask$MapOutputBuffer
2024-04-24T01:11:47,143  INFO [LocalJobRunner Map Task Executor #0] vector.VectorMapOperator: Initializing Operator: MAP[0]
2024-04-24T01:11:47,143  INFO [LocalJobRunner Map Task Executor #0] mr.ExecMapper: 
<MAP>Id =0
  <Children>null
  <\Children>
  <Parent><\Parent>
<\MAP>
2024-04-24T01:11:47,143  INFO [LocalJobRunner Map Task Executor #0] exec.TableScanOperator: Initializing Operator: TS[0]
2024-04-24T01:11:47,143  INFO [LocalJobRunner Map Task Executor #0] vector.VectorSelectOperator: Initializing Operator: SEL[5]
2024-04-24T01:11:47,144  INFO [LocalJobRunner Map Task Executor #0] vector.VectorReduceSinkOperator: Initializing Operator: RS[6]
2024-04-24T01:11:47,144  INFO [LocalJobRunner Map Task Executor #0] vector.VectorReduceSinkOperator: Using tag = -1
2024-04-24T01:11:47,144  INFO [LocalJobRunner Map Task Executor #0] vector.VectorReduceSinkOperator: keys are [reducesinkkey0, reducesinkkey1] num distributions: 2
2024-04-24T01:11:47,144  INFO [LocalJobRunner Map Task Executor #0] vector.VectorReduceSinkOperator: RS[6]: records written - 1
2024-04-24T01:11:47,144  INFO [LocalJobRunner Map Task Executor #0] vector.VectorMapOperator: Closing Operator: MAP[0]
2024-04-24T01:11:47,144  INFO [LocalJobRunner Map Task Executor #0] vector.VectorMapOperator: DESERIALIZE_ERRORS:0, RECORDS_OUT_OPERATOR_MAP_0:0, RECORDS_IN:1, RECORDS_OUT_INTERMEDIATE:0, 
2024-04-24T01:11:47,144  INFO [LocalJobRunner Map Task Executor #0] exec.TableScanOperator: Closing Operator: TS[0]
2024-04-24T01:11:47,144  INFO [LocalJobRunner Map Task Executor #0] exec.TableScanOperator: RECORDS_OUT_INTERMEDIATE:0, RECORDS_OUT_OPERATOR_TS_0:1, 
2024-04-24T01:11:47,144  INFO [LocalJobRunner Map Task Executor #0] vector.VectorSelectOperator: Closing Operator: SEL[5]
2024-04-24T01:11:47,145  INFO [LocalJobRunner Map Task Executor #0] vector.VectorSelectOperator: RECORDS_OUT_INTERMEDIATE:0, RECORDS_OUT_OPERATOR_SEL_5:1, 
2024-04-24T01:11:47,145  INFO [LocalJobRunner Map Task Executor #0] vector.VectorReduceSinkOperator: Closing Operator: RS[6]
2024-04-24T01:11:47,145  INFO [LocalJobRunner Map Task Executor #0] vector.VectorReduceSinkOperator: RS[6]: Total records written - 1. abort - false
2024-04-24T01:11:47,145  INFO [LocalJobRunner Map Task Executor #0] vector.VectorReduceSinkOperator: RECORDS_OUT_OPERATOR_RS_6:1, RECORDS_OUT_INTERMEDIATE:1, 
2024-04-24T01:11:47,145  INFO [LocalJobRunner Map Task Executor #0] mapred.LocalJobRunner: 
2024-04-24T01:11:47,145  INFO [LocalJobRunner Map Task Executor #0] mapred.MapTask: Starting flush of map output
2024-04-24T01:11:47,145  INFO [LocalJobRunner Map Task Executor #0] mapred.MapTask: Spilling map output
2024-04-24T01:11:47,145  INFO [LocalJobRunner Map Task Executor #0] mapred.MapTask: bufstart = 0; bufend = 19; bufvoid = 104857600
2024-04-24T01:11:47,145  INFO [LocalJobRunner Map Task Executor #0] mapred.MapTask: kvstart = 26214396(104857584); kvend = 26214396(104857584); length = 1/6553600
2024-04-24T01:11:47,157  INFO [LocalJobRunner Map Task Executor #0] mapred.MapTask: Finished spill 0
2024-04-24T01:11:47,160  INFO [LocalJobRunner Map Task Executor #0] mapred.Task: Task:attempt_local78024948_0080_m_000000_0 is done. And is in the process of committing
2024-04-24T01:11:47,160  INFO [LocalJobRunner Map Task Executor #0] mapred.LocalJobRunner: OrcSplit [file:/home/alex/Repositories/hive/ql/target/tmp/org.apache.hadoop.hive.ql.TestTxnCommands-1713946100941/warehouse/acidtbl/delta_0000001_0000001_0000/bucket_00001_0, start=0, length=673, isOriginal=false, fileLength=673, hasFooter=false, hasBase=true, deltas=0]
2024-04-24T01:11:47,160  INFO [LocalJobRunner Map Task Executor #0] mapred.Task: Task 'attempt_local78024948_0080_m_000000_0' done.
2024-04-24T01:11:47,160  INFO [LocalJobRunner Map Task Executor #0] mapred.Task: Final Counters for attempt_local78024948_0080_m_000000_0: Counters: 29
	File System Counters
		FILE: Number of bytes read=1796218
		FILE: Number of bytes written=100354761
		FILE: Number of read operations=0
		FILE: Number of large read operations=0
		FILE: Number of write operations=0
		HDFS: Number of bytes read=0
		HDFS: Number of bytes written=0
		HDFS: Number of read operations=0
		HDFS: Number of large read operations=0
		HDFS: Number of write operations=0
	Map-Reduce Framework
		Map input records=1
		Map output records=1
		Map output bytes=19
		Map output materialized bytes=27
		Input split bytes=495
		Combine input records=0
		Spilled Records=1
		Failed Shuffles=0
		Merged Map outputs=0
		GC time elapsed (ms)=0
		Total committed heap usage (bytes)=2085093376
	HIVE
		DESERIALIZE_ERRORS=0
		RECORDS_IN=1
		RECORDS_OUT_INTERMEDIATE=1
		RECORDS_OUT_OPERATOR_MAP_0=0
		RECORDS_OUT_OPERATOR_RS_6=1
		RECORDS_OUT_OPERATOR_SEL_5=1
		RECORDS_OUT_OPERATOR_TS_0=1
	File Input Format Counters 
		Bytes Read=8869
2024-04-24T01:11:47,160  INFO [LocalJobRunner Map Task Executor #0] mapred.LocalJobRunner: Finishing task: attempt_local78024948_0080_m_000000_0
2024-04-24T01:11:47,160  INFO [LocalJobRunner Map Task Executor #0] mapred.LocalJobRunner: Starting task: attempt_local78024948_0080_m_000001_0
2024-04-24T01:11:47,161  INFO [LocalJobRunner Map Task Executor #0] mapred.Task:  Using ResourceCalculatorProcessTree : [ ]
2024-04-24T01:11:47,161  INFO [LocalJobRunner Map Task Executor #0] mapred.MapTask: Processing split: org.apache.hadoop.hive.ql.io.orc.OrcInputFormat:OrcSplit [file:/home/alex/Repositories/hive/ql/target/tmp/org.apache.hadoop.hive.ql.TestTxnCommands-1713946100941/warehouse/acidtbl/delta_0000001_0000001_0000/bucket_00000_0, start=0, length=671, isOriginal=false, fileLength=671, hasFooter=false, hasBase=true, deltas=0]
2024-04-24T01:11:47,162  INFO [LocalJobRunner Map Task Executor #0] exec.SerializationUtilities: Deserializing MapWork using kryo
2024-04-24T01:11:47,162  INFO [LocalJobRunner Map Task Executor #0] exec.Utilities: Deserialized plan (via FILE) - name: null size: 6,04KB
2024-04-24T01:11:47,162  INFO [LocalJobRunner Map Task Executor #0] orc.VectorizedOrcAcidRowBatchReader: Read ValidWriteIdList: default.acidtbl:1:9223372036854775807:::OrcSplit [file:/home/alex/Repositories/hive/ql/target/tmp/org.apache.hadoop.hive.ql.TestTxnCommands-1713946100941/warehouse/acidtbl/delta_0000001_0000001_0000/bucket_00000_0, start=0, length=671, isOriginal=false, fileLength=671, hasFooter=false, hasBase=true, deltas=0]
2024-04-24T01:11:47,164  INFO [LocalJobRunner Map Task Executor #0] orc.ReaderImpl: Reading ORC rows from file:/home/alex/Repositories/hive/ql/target/tmp/org.apache.hadoop.hive.ql.TestTxnCommands-1713946100941/warehouse/acidtbl/delta_0000001_0000001_0000/bucket_00000_0 with {include: [true, true, true], offset: 0, length: 671, schema: struct<a:int,b:int>, includeAcidColumns: false}
2024-04-24T01:11:47,164  INFO [LocalJobRunner Map Task Executor #0] mapred.MapTask: numReduceTasks: 1
2024-04-24T01:11:47,169  INFO [LocalJobRunner Map Task Executor #0] mapred.MapTask: (EQUATOR) 0 kvi 26214396(104857584)
2024-04-24T01:11:47,169  INFO [LocalJobRunner Map Task Executor #0] mapred.MapTask: mapreduce.task.io.sort.mb: 100
2024-04-24T01:11:47,169  INFO [LocalJobRunner Map Task Executor #0] mapred.MapTask: soft limit at 83886080
2024-04-24T01:11:47,169  INFO [LocalJobRunner Map Task Executor #0] mapred.MapTask: bufstart = 0; bufvoid = 104857600
2024-04-24T01:11:47,169  INFO [LocalJobRunner Map Task Executor #0] mapred.MapTask: kvstart = 26214396; length = 6553600
2024-04-24T01:11:47,169  INFO [LocalJobRunner Map Task Executor #0] mapred.MapTask: Map output collector class = org.apache.hadoop.mapred.MapTask$MapOutputBuffer
2024-04-24T01:11:47,170  INFO [LocalJobRunner Map Task Executor #0] vector.VectorMapOperator: Initializing Operator: MAP[0]
2024-04-24T01:11:47,170  INFO [LocalJobRunner Map Task Executor #0] mr.ExecMapper: 
<MAP>Id =0
  <Children>null
  <\Children>
  <Parent><\Parent>
<\MAP>
2024-04-24T01:11:47,171  INFO [LocalJobRunner Map Task Executor #0] exec.TableScanOperator: Initializing Operator: TS[0]
2024-04-24T01:11:47,171  INFO [LocalJobRunner Map Task Executor #0] vector.VectorSelectOperator: Initializing Operator: SEL[5]
2024-04-24T01:11:47,171  INFO [LocalJobRunner Map Task Executor #0] vector.VectorReduceSinkOperator: Initializing Operator: RS[6]
2024-04-24T01:11:47,171  INFO [LocalJobRunner Map Task Executor #0] vector.VectorReduceSinkOperator: Using tag = -1
2024-04-24T01:11:47,171  INFO [LocalJobRunner Map Task Executor #0] vector.VectorReduceSinkOperator: keys are [reducesinkkey0, reducesinkkey1] num distributions: 2
2024-04-24T01:11:47,171  INFO [LocalJobRunner Map Task Executor #0] vector.VectorReduceSinkOperator: RS[6]: records written - 1
2024-04-24T01:11:47,171  INFO [LocalJobRunner Map Task Executor #0] vector.VectorMapOperator: Closing Operator: MAP[0]
2024-04-24T01:11:47,172  INFO [LocalJobRunner Map Task Executor #0] vector.VectorMapOperator: RECORDS_IN:1, DESERIALIZE_ERRORS:0, RECORDS_OUT_INTERMEDIATE:0, RECORDS_OUT_OPERATOR_MAP_0:0, 
2024-04-24T01:11:47,172  INFO [LocalJobRunner Map Task Executor #0] exec.TableScanOperator: Closing Operator: TS[0]
2024-04-24T01:11:47,172  INFO [LocalJobRunner Map Task Executor #0] exec.TableScanOperator: RECORDS_OUT_OPERATOR_TS_0:1, RECORDS_OUT_INTERMEDIATE:0, 
2024-04-24T01:11:47,172  INFO [LocalJobRunner Map Task Executor #0] vector.VectorSelectOperator: Closing Operator: SEL[5]
2024-04-24T01:11:47,172  INFO [LocalJobRunner Map Task Executor #0] vector.VectorSelectOperator: RECORDS_OUT_INTERMEDIATE:0, RECORDS_OUT_OPERATOR_SEL_5:1, 
2024-04-24T01:11:47,172  INFO [LocalJobRunner Map Task Executor #0] vector.VectorReduceSinkOperator: Closing Operator: RS[6]
2024-04-24T01:11:47,172  INFO [LocalJobRunner Map Task Executor #0] vector.VectorReduceSinkOperator: RS[6]: Total records written - 1. abort - false
2024-04-24T01:11:47,172  INFO [LocalJobRunner Map Task Executor #0] vector.VectorReduceSinkOperator: RECORDS_OUT_OPERATOR_RS_6:1, RECORDS_OUT_INTERMEDIATE:1, 
2024-04-24T01:11:47,172  INFO [LocalJobRunner Map Task Executor #0] mapred.LocalJobRunner: 
2024-04-24T01:11:47,172  INFO [LocalJobRunner Map Task Executor #0] mapred.MapTask: Starting flush of map output
2024-04-24T01:11:47,172  INFO [LocalJobRunner Map Task Executor #0] mapred.MapTask: Spilling map output
2024-04-24T01:11:47,172  INFO [LocalJobRunner Map Task Executor #0] mapred.MapTask: bufstart = 0; bufend = 19; bufvoid = 104857600
2024-04-24T01:11:47,172  INFO [LocalJobRunner Map Task Executor #0] mapred.MapTask: kvstart = 26214396(104857584); kvend = 26214396(104857584); length = 1/6553600
2024-04-24T01:11:47,180  INFO [LocalJobRunner Map Task Executor #0] mapred.MapTask: Finished spill 0
2024-04-24T01:11:47,183  INFO [LocalJobRunner Map Task Executor #0] mapred.Task: Task:attempt_local78024948_0080_m_000001_0 is done. And is in the process of committing
2024-04-24T01:11:47,184  INFO [LocalJobRunner Map Task Executor #0] mapred.LocalJobRunner: OrcSplit [file:/home/alex/Repositories/hive/ql/target/tmp/org.apache.hadoop.hive.ql.TestTxnCommands-1713946100941/warehouse/acidtbl/delta_0000001_0000001_0000/bucket_00000_0, start=0, length=671, isOriginal=false, fileLength=671, hasFooter=false, hasBase=true, deltas=0]
2024-04-24T01:11:47,184  INFO [LocalJobRunner Map Task Executor #0] mapred.Task: Task 'attempt_local78024948_0080_m_000001_0' done.
2024-04-24T01:11:47,184  INFO [LocalJobRunner Map Task Executor #0] mapred.Task: Final Counters for attempt_local78024948_0080_m_000001_0: Counters: 29
	File System Counters
		FILE: Number of bytes read=1806092
		FILE: Number of bytes written=100354820
		FILE: Number of read operations=0
		FILE: Number of large read operations=0
		FILE: Number of write operations=0
		HDFS: Number of bytes read=0
		HDFS: Number of bytes written=0
		HDFS: Number of read operations=0
		HDFS: Number of large read operations=0
		HDFS: Number of write operations=0
	Map-Reduce Framework
		Map input records=1
		Map output records=1
		Map output bytes=19
		Map output materialized bytes=27
		Input split bytes=495
		Combine input records=0
		Spilled Records=1
		Failed Shuffles=0
		Merged Map outputs=0
		GC time elapsed (ms)=0
		Total committed heap usage (bytes)=2085093376
	HIVE
		DESERIALIZE_ERRORS=0
		RECORDS_IN=1
		RECORDS_OUT_INTERMEDIATE=1
		RECORDS_OUT_OPERATOR_MAP_0=0
		RECORDS_OUT_OPERATOR_RS_6=1
		RECORDS_OUT_OPERATOR_SEL_5=1
		RECORDS_OUT_OPERATOR_TS_0=1
	File Input Format Counters 
		Bytes Read=8861
2024-04-24T01:11:47,184  INFO [LocalJobRunner Map Task Executor #0] mapred.LocalJobRunner: Finishing task: attempt_local78024948_0080_m_000001_0
2024-04-24T01:11:47,184  INFO [Thread-6563] mapred.LocalJobRunner: map task executor complete.
2024-04-24T01:11:47,185  INFO [Thread-6563] mapred.LocalJobRunner: Waiting for reduce tasks
2024-04-24T01:11:47,185  INFO [pool-384-thread-1] mapred.LocalJobRunner: Starting task: attempt_local78024948_0080_r_000000_0
2024-04-24T01:11:47,185  INFO [pool-384-thread-1] mapred.Task:  Using ResourceCalculatorProcessTree : [ ]
2024-04-24T01:11:47,185  INFO [pool-384-thread-1] mapred.ReduceTask: Using ShuffleConsumerPlugin: org.apache.hadoop.mapreduce.task.reduce.Shuffle@762c079b
2024-04-24T01:11:47,185  WARN [pool-384-thread-1] impl.MetricsSystemImpl: JobTracker metrics system already initialized!
2024-04-24T01:11:47,186  INFO [pool-384-thread-1] reduce.MergeManagerImpl: MergerManager: memoryLimit=1459565312, maxSingleShuffleLimit=364891328, mergeThreshold=963313152, ioSortFactor=10, memToMemMergeOutputsThreshold=10
2024-04-24T01:11:47,204  INFO [EventFetcher for fetching Map Completion Events] reduce.EventFetcher: attempt_local78024948_0080_r_000000_0 Thread started: EventFetcher for fetching Map Completion Events
2024-04-24T01:11:47,205  INFO [localfetcher#103] reduce.LocalFetcher: localfetcher#103 about to shuffle output of map attempt_local78024948_0080_m_000001_0 decomp: 23 len: 27 to MEMORY
2024-04-24T01:11:47,206  INFO [localfetcher#103] reduce.InMemoryMapOutput: Read 23 bytes from map-output for attempt_local78024948_0080_m_000001_0
2024-04-24T01:11:47,206  INFO [localfetcher#103] reduce.MergeManagerImpl: closeInMemoryFile -> map-output of size: 23, inMemoryMapOutputs.size() -> 1, commitMemory -> 0, usedMemory ->23
2024-04-24T01:11:47,208  INFO [localfetcher#103] reduce.LocalFetcher: localfetcher#103 about to shuffle output of map attempt_local78024948_0080_m_000000_0 decomp: 23 len: 27 to MEMORY
2024-04-24T01:11:47,208  INFO [localfetcher#103] reduce.InMemoryMapOutput: Read 23 bytes from map-output for attempt_local78024948_0080_m_000000_0
2024-04-24T01:11:47,208  INFO [localfetcher#103] reduce.MergeManagerImpl: closeInMemoryFile -> map-output of size: 23, inMemoryMapOutputs.size() -> 2, commitMemory -> 23, usedMemory ->46
2024-04-24T01:11:47,209  INFO [EventFetcher for fetching Map Completion Events] reduce.EventFetcher: EventFetcher is interrupted.. Returning
2024-04-24T01:11:47,209  INFO [pool-384-thread-1] mapred.LocalJobRunner: 2 / 2 copied.
2024-04-24T01:11:47,209  INFO [pool-384-thread-1] reduce.MergeManagerImpl: finalMerge called with 2 in-memory map-outputs and 0 on-disk map-outputs
2024-04-24T01:11:47,216  INFO [pool-384-thread-1] mapred.Merger: Merging 2 sorted segments
2024-04-24T01:11:47,216  INFO [pool-384-thread-1] mapred.Merger: Down to the last merge-pass, with 2 segments left of total size: 12 bytes
2024-04-24T01:11:47,218  INFO [pool-384-thread-1] reduce.MergeManagerImpl: Merged 2 segments, 46 bytes to disk to satisfy reduce memory limit
2024-04-24T01:11:47,219  INFO [pool-384-thread-1] reduce.MergeManagerImpl: Merging 1 files, 48 bytes from disk
2024-04-24T01:11:47,219  INFO [pool-384-thread-1] reduce.MergeManagerImpl: Merging 0 segments, 0 bytes from memory into reduce
2024-04-24T01:11:47,219  INFO [pool-384-thread-1] mapred.Merger: Merging 1 sorted segments
2024-04-24T01:11:47,219  INFO [pool-384-thread-1] mapred.Merger: Down to the last merge-pass, with 1 segments left of total size: 27 bytes
2024-04-24T01:11:47,219  INFO [pool-384-thread-1] mapred.LocalJobRunner: 2 / 2 copied.
2024-04-24T01:11:47,219  INFO [pool-384-thread-1] exec.SerializationUtilities: Deserializing ReduceWork using kryo
2024-04-24T01:11:47,220  INFO [pool-384-thread-1] exec.Utilities: Deserialized plan (via FILE) - name: null size: 7,01KB
2024-04-24T01:11:47,221  INFO [pool-384-thread-1] ExecReducer: 
<SEL>Id =3
  <Children>
    <FS>Id =4
      <Children>
      <\Children>
      <Parent>Id = 3 null<\Parent>
    <\FS>
  <\Children>
  <Parent><\Parent>
<\SEL>
2024-04-24T01:11:47,221  INFO [pool-384-thread-1] exec.SelectOperator: Initializing Operator: SEL[3]
2024-04-24T01:11:47,221  INFO [pool-384-thread-1] exec.SelectOperator: SELECT struct<key:struct<reducesinkkey0:int,reducesinkkey1:int>,value:struct<>>
2024-04-24T01:11:47,221  INFO [pool-384-thread-1] exec.FileSinkOperator: Initializing Operator: FS[4]
2024-04-24T01:11:47,221  INFO [pool-384-thread-1] exec.FileSinkOperator: Using serializer : class org.apache.hadoop.hive.serde2.lazy.LazySimpleSerDe [serdeParams=org.apache.hadoop.hive.serde2.lazy.LazySerDeParameters@772c8f73, cachedObjectInspector=org.apache.hadoop.hive.serde2.lazy.objectinspector.LazySimpleStructObjectInspector<org.apache.hadoop.hive.serde2.lazy.objectinspector.primitive.LazyIntObjectInspector@31a9eaa,org.apache.hadoop.hive.serde2.lazy.objectinspector.primitive.LazyIntObjectInspector@31a9eaa>, serializedSize=0, stats=org.apache.hadoop.hive.serde2.SerDeStats@5007a88b, lastOperationSerialize=false, lastOperationDeserialize=false [1, 2, 3, 4, 5, 6, 7, 8, 11, 14, 15, 16, 17, 18, 19, 20, 21, 22, 23, 24, 25, 26, 28, 29, 30, 31, -128, -127, -126, -125, -124, -123, -122, -121, -120, -119, -118, -117, -116, -115, -114, -113, -112, -111, -110, -109, -108, -107, -106, -105, -104, -103, -102, -101, -100, -99, -98, -97, -96, -95, -94, -93, -92, -91, -90, -89, -88, -87, -86, -85, -84, -83, -82, -81, -80, -79, -78, -77, -76, -75, -74, -73, -72, -71, -70, -69, -68, -67, -66, -65, -64, -63, -62, -61, -60, -59, -58, -57, -56, -55, -54, -53, -52, -51, -50, -49, -48, -47, -46, -45, -44, -43, -42, -41, -40, -39, -38, -37, -36, -35, -34, -33, -32, -31, -30, -29, -28, -27, -26, -25, -24, -23, -22, -21, -20, -19, -18, -17, -16, -15, -14, -13, -12, -11, -10, -9, -8, -7, -6, -5, -4, -3, -2, -1] : [_col0, _col1] : [int, int]] and formatter : org.apache.hadoop.hive.ql.io.HiveSequenceFileOutputFormat@4ccd0f13
2024-04-24T01:11:47,222  INFO [pool-384-thread-1] exec.FileSinkOperator: Final Path: FS file:/home/alex/Repositories/hive/ql/target/tmp/localscratchdir/344f1643-ea29-4684-8a1f-bc823cf544b5/hive_2024-04-24_01-11-46_629_5835302696657115066-1/-mr-10001/.hive-staging_hive_2024-04-24_01-11-46_629_5835302696657115066-1/_tmp.-ext-10002/000000_0
2024-04-24T01:11:47,222  INFO [pool-384-thread-1] exec.FileSinkOperator: Writing to temp file: FS file:/home/alex/Repositories/hive/ql/target/tmp/localscratchdir/344f1643-ea29-4684-8a1f-bc823cf544b5/hive_2024-04-24_01-11-46_629_5835302696657115066-1/-mr-10001/.hive-staging_hive_2024-04-24_01-11-46_629_5835302696657115066-1/_task_tmp.-ext-10002/_tmp.000000_0
2024-04-24T01:11:47,222  INFO [pool-384-thread-1] exec.FileSinkOperator: New Final Path: FS file:/home/alex/Repositories/hive/ql/target/tmp/localscratchdir/344f1643-ea29-4684-8a1f-bc823cf544b5/hive_2024-04-24_01-11-46_629_5835302696657115066-1/-mr-10001/.hive-staging_hive_2024-04-24_01-11-46_629_5835302696657115066-1/_tmp.-ext-10002/000000_0
2024-04-24T01:11:47,229  INFO [pool-384-thread-1] exec.FileSinkOperator: FS[4]: records written - 1
2024-04-24T01:11:47,229  INFO [pool-384-thread-1] exec.SelectOperator: Closing Operator: SEL[3]
2024-04-24T01:11:47,229  INFO [pool-384-thread-1] exec.SelectOperator: RECORDS_OUT_INTERMEDIATE:0, RECORDS_OUT_OPERATOR_SEL_3:2, 
2024-04-24T01:11:47,229  INFO [pool-384-thread-1] exec.FileSinkOperator: Closing Operator: FS[4]
2024-04-24T01:11:47,229  INFO [pool-384-thread-1] exec.FileSinkOperator: FS[4]: records written - 2
2024-04-24T01:11:47,230  INFO [pool-384-thread-1] exec.FileSinkOperator: RECORDS_OUT_OPERATOR_FS_4:2, RECORDS_OUT_INTERMEDIATE:0, RECORDS_OUT_0:2, 
2024-04-24T01:11:47,230  INFO [pool-384-thread-1] mapred.Task: Task:attempt_local78024948_0080_r_000000_0 is done. And is in the process of committing
2024-04-24T01:11:47,231  INFO [pool-384-thread-1] mapred.LocalJobRunner: reduce > reduce
2024-04-24T01:11:47,231  INFO [pool-384-thread-1] mapred.Task: Task 'attempt_local78024948_0080_r_000000_0' done.
2024-04-24T01:11:47,231  INFO [pool-384-thread-1] mapred.Task: Final Counters for attempt_local78024948_0080_r_000000_0: Counters: 34
	File System Counters
		FILE: Number of bytes read=1813336
		FILE: Number of bytes written=100354999
		FILE: Number of read operations=0
		FILE: Number of large read operations=0
		FILE: Number of write operations=0
		HDFS: Number of bytes read=0
		HDFS: Number of bytes written=0
		HDFS: Number of read operations=0
		HDFS: Number of large read operations=0
		HDFS: Number of write operations=0
	Map-Reduce Framework
		Combine input records=0
		Combine output records=0
		Reduce input groups=2
		Reduce shuffle bytes=54
		Reduce input records=2
		Reduce output records=0
		Spilled Records=2
		Shuffled Maps =2
		Failed Shuffles=0
		Merged Map outputs=2
		GC time elapsed (ms)=17
		Total committed heap usage (bytes)=2100297728
	HIVE
		CREATED_FILES=1
		RECORDS_OUT_0=2
		RECORDS_OUT_INTERMEDIATE=0
		RECORDS_OUT_OPERATOR_FS_4=2
		RECORDS_OUT_OPERATOR_SEL_3=2
	Shuffle Errors
		BAD_ID=0
		CONNECTION=0
		IO_ERROR=0
		WRONG_LENGTH=0
		WRONG_MAP=0
		WRONG_REDUCE=0
	File Output Format Counters 
		Bytes Written=0
2024-04-24T01:11:47,231  INFO [pool-384-thread-1] mapred.LocalJobRunner: Finishing task: attempt_local78024948_0080_r_000000_0
2024-04-24T01:11:47,231  INFO [Thread-6563] mapred.LocalJobRunner: reduce task executor complete.
2024-04-24 01:11:48,134 Stage-1 map = 100%,  reduce = 100%
2024-04-24T01:11:48,134  INFO [main] exec.Task: 2024-04-24 01:11:48,134 Stage-1 map = 100%,  reduce = 100%
Ended Job = job_local78024948_0080
2024-04-24T01:11:48,135  INFO [main] exec.Task: Ended Job = job_local78024948_0080
2024-04-24T01:11:48,137  INFO [main] metadata.Hive: Dumping metastore api call timing information for : execution phase
2024-04-24T01:11:48,138  INFO [main] metadata.Hive: Total time spent in each metastore function (ms): {}
MapReduce Jobs Launched: 
2024-04-24T01:11:48,138  INFO [main] ql.Driver: MapReduce Jobs Launched: 
Stage-Stage-1:  HDFS Read: 0 HDFS Write: 0 SUCCESS
2024-04-24T01:11:48,138  INFO [main] ql.Driver: Stage-Stage-1:  HDFS Read: 0 HDFS Write: 0 SUCCESS
Total MapReduce CPU Time Spent: 0 msec
2024-04-24T01:11:48,138  INFO [main] ql.Driver: Total MapReduce CPU Time Spent: 0 msec
2024-04-24T01:11:48,138  INFO [main] ql.Driver: Completed executing command(queryId=alex_20240424011146_ef8a1ec2-3b87-4e37-a806-7c183d3c7eb7); Time taken: 1.307 seconds
2024-04-24T01:11:48,138  INFO [main] lockmgr.DbTxnManager: Stopped heartbeat for query: alex_20240424011146_ef8a1ec2-3b87-4e37-a806-7c183d3c7eb7
2024-04-24T01:11:48,143  INFO [main] txn.TxnHandler: Expected to move at least one record from txn_components to completed_txn_components when committing txn! txnid:14
2024-04-24T01:11:48,151  INFO [main] txn.TxnHandler: Removed transactions: ([14]) from MIN_HISTORY_LEVEL
2024-04-24T01:11:48,151  WARN [main] txn.CompactionTxnHandler: No compaction queue record found for Compaction type transaction commit. txnId:14
2024-04-24T01:11:48,155  INFO [main] mapred.FileInputFormat: Total input files to process : 1
2024-04-24T01:11:48,156  INFO [main] exec.ListSinkOperator: Closing Operator: LIST_SINK[7]
2024-04-24T01:11:48,156  INFO [main] exec.ListSinkOperator: RECORDS_OUT_INTERMEDIATE:0, RECORDS_OUT_OPERATOR_LIST_SINK_7:2, 
2024-04-24T01:11:48,156  INFO [main] ql.TxnCommandsBaseForTests: Running the query: START TRANSACTION
2024-04-24T01:11:48,156  INFO [main] ql.Context: Deleting scratch dir: file:/home/alex/Repositories/hive/ql/target/tmp/localscratchdir/344f1643-ea29-4684-8a1f-bc823cf544b5/hive_2024-04-24_01-11-46_629_5835302696657115066-1
2024-04-24T01:11:48,157  INFO [main] cleanup.SyncCleanupService: Deleted directory: file:/home/alex/Repositories/hive/ql/target/tmp/localscratchdir/344f1643-ea29-4684-8a1f-bc823cf544b5/hive_2024-04-24_01-11-46_629_5835302696657115066-1 on fs with scheme file
2024-04-24T01:11:48,157  INFO [main] ql.Driver: Compiling command(queryId=alex_20240424011148_e046c1ed-ca95-4303-9b7d-ed11dbca27ca): START TRANSACTION
2024-04-24T01:11:48,159  INFO [main] txn.TxnHandler: Added entries to MIN_HISTORY_LEVEL for current txns: ([15]) with min_open_txn: 15
2024-04-24T01:11:48,160  INFO [main] lockmgr.DbTxnManager: Opened txnid:15
2024-04-24T01:11:48,160  INFO [main] parse.CalcitePlanner: Starting caching scope for: 
2024-04-24T01:11:48,160  INFO [main] parse.CalcitePlanner: Starting Semantic Analysis
2024-04-24T01:11:48,160  INFO [main] parse.CalcitePlanner: Ending caching scope for: 
2024-04-24T01:11:48,160  INFO [main] ql.Driver: Semantic Analysis Completed (retrial = false)
2024-04-24T01:11:48,160  INFO [main] ql.Driver: Created Hive schema: Schema(fieldSchemas:null, properties:null)
2024-04-24T01:11:48,160  INFO [main] metadata.Hive: Dumping metastore api call timing information for : compilation phase
2024-04-24T01:11:48,160  INFO [main] metadata.Hive: Total time spent in each metastore function (ms): {getValidWriteIds_(List, String)=0, isCompatibleWith_(Configuration)=0, openTxn_(String, TxnType)=3, commitTxn_(CommitTxnRequest)=14, getValidTxns_(long)=0, flushCache_()=0}
2024-04-24T01:11:48,161  INFO [main] ql.Driver: Completed compiling command(queryId=alex_20240424011148_e046c1ed-ca95-4303-9b7d-ed11dbca27ca); Time taken: 0.003 seconds
2024-04-24T01:11:48,161  INFO [main] lockmgr.DbTxnManager: Setting lock request transaction to txnid:15 for queryId=alex_20240424011148_e046c1ed-ca95-4303-9b7d-ed11dbca27ca
2024-04-24T01:11:48,161  INFO [main] ql.Driver: Operation START_TRANSACTION obtained 0 locks
2024-04-24T01:11:48,161  INFO [main] ql.Driver: Executing command(queryId=alex_20240424011148_e046c1ed-ca95-4303-9b7d-ed11dbca27ca): START TRANSACTION
2024-04-24T01:11:48,161  INFO [main] metadata.Hive: Dumping metastore api call timing information for : execution phase
2024-04-24T01:11:48,161  INFO [main] metadata.Hive: Total time spent in each metastore function (ms): {}
2024-04-24T01:11:48,161  INFO [main] ql.Driver: Completed executing command(queryId=alex_20240424011148_e046c1ed-ca95-4303-9b7d-ed11dbca27ca); Time taken: 0.0 seconds
2024-04-24T01:11:48,161  INFO [main] ql.TxnCommandsBaseForTests: Running the query: delete from acidTbl where b = 4
2024-04-24T01:11:48,161  INFO [main] ql.Driver: Compiling command(queryId=alex_20240424011148_b5e7c827-f946-439e-8280-3b44cf3ec143): delete from acidTbl where b = 4
2024-04-24T01:11:48,162  INFO [main] parse.UpdateDeleteSemanticAnalyzer: Starting caching scope for: 
2024-04-24T01:11:48,162  INFO [main] HiveMetaStore.audit: ugi=alex	ip=unknown-ip-addr	cmd=get_table : tbl=hive.default.acidTbl	
2024-04-24T01:11:48,168  INFO [main] metastore.HMSHandler: Skipping translation for processor with null
2024-04-24T01:11:48,168  INFO [main] parse.RewriteSemanticAnalyzer: Going to reparse <delete from acidTbl where b = 4> as 
<insert into table `default`.`acidTbl` select ROW__ID from `default`.`acidTbl` sort by ROW__ID >
2024-04-24T01:11:48,168  INFO [main] parse.UpdateDeleteSemanticAnalyzer: Starting Semantic Analysis
2024-04-24T01:11:48,171  INFO [main] parse.UpdateDeleteSemanticAnalyzer: Completed phase 1 of Semantic Analysis
2024-04-24T01:11:48,171  INFO [main] parse.UpdateDeleteSemanticAnalyzer: Get metadata for source tables
2024-04-24T01:11:48,172  INFO [main] HiveMetaStore.audit: ugi=alex	ip=unknown-ip-addr	cmd=get_table : tbl=hive.default.acidtbl	
2024-04-24T01:11:48,178  INFO [main] metastore.HMSHandler: Skipping translation for processor with null
2024-04-24T01:11:48,178  INFO [main] parse.UpdateDeleteSemanticAnalyzer: Get metadata for subqueries
2024-04-24T01:11:48,178  INFO [main] parse.UpdateDeleteSemanticAnalyzer: Get metadata for destination tables
2024-04-24T01:11:48,178  INFO [main] HiveMetaStore.audit: ugi=alex	ip=unknown-ip-addr	cmd=get_table : tbl=hive.default.acidTbl	
2024-04-24T01:11:48,184  INFO [main] metastore.HMSHandler: Skipping translation for processor with null
2024-04-24T01:11:48,184  INFO [main] parse.UpdateDeleteSemanticAnalyzer: Completed getting MetaData in Semantic Analysis
2024-04-24T01:11:48,184  INFO [main] parse.UpdateDeleteSemanticAnalyzer: Disabling LLAP IO encode as ETL query is detected
2024-04-24T01:11:48,195  INFO [main] HiveMetaStore.audit: ugi=alex	ip=unknown-ip-addr	cmd=get_all_table_constraints : tbl=hive.default.acidtbl	
2024-04-24T01:11:48,220  INFO [main] calcite.RelOptHiveTable: Calculating column statistics for default.acidtbl, projIndxSet: [1], allowMissingStats: true
2024-04-24T01:11:48,220  INFO [main] HiveMetaStore.audit: ugi=alex	ip=unknown-ip-addr	cmd=get_table : tbl=hive.default.acidtbl	
2024-04-24T01:11:48,229  INFO [main] metastore.HMSHandler: Skipping translation for processor with null
2024-04-24T01:11:48,229  INFO [main] HiveMetaStore.audit: ugi=alex	ip=unknown-ip-addr	cmd=get_table : tbl=hive.default.acidtbl	
2024-04-24T01:11:48,237  INFO [main] metastore.HMSHandler: Skipping translation for processor with null
2024-04-24T01:11:48,237  INFO [main] HiveMetaStore.audit: ugi=alex	ip=unknown-ip-addr	cmd=get_table_statistics_req: table=hive.default.acidtbl	
2024-04-24T01:11:48,247  WARN [main] calcite.RelOptHiveTable: No Stats for default@acidtbl, Columns: b
No Stats for default@acidtbl, Columns: b
2024-04-24T01:11:48,247  INFO [main] SessionState: No Stats for default@acidtbl, Columns: b
2024-04-24T01:11:48,302  INFO [main] parse.UpdateDeleteSemanticAnalyzer: Get metadata for source tables
2024-04-24T01:11:48,303  INFO [main] parse.UpdateDeleteSemanticAnalyzer: Get metadata for subqueries
2024-04-24T01:11:48,303  INFO [main] parse.UpdateDeleteSemanticAnalyzer: Get metadata for destination tables
2024-04-24T01:11:48,303  INFO [main] HiveMetaStore.audit: ugi=alex	ip=unknown-ip-addr	cmd=get_table : tbl=hive.default.acidTbl	
2024-04-24T01:11:48,309  INFO [main] metastore.HMSHandler: Skipping translation for processor with null
2024-04-24T01:11:48,311 ERROR [main] parse.UpdateDeleteSemanticAnalyzer: CBO failed, skipping CBO. 
org.apache.hadoop.hive.ql.exec.NoMatchingMethodException: No matching method for class org.apache.hadoop.hive.ql.udf.UDFToInteger with (struct<writeid:bigint,bucketid:int,rowid:bigint>). Possible choices: _FUNC_(bigint)  _FUNC_(boolean)  _FUNC_(decimal(38,18))  _FUNC_(double)  _FUNC_(float)  _FUNC_(smallint)  _FUNC_(string)  _FUNC_(struct<rowid:bigint,writeid:bigint,bucketid:int>)  _FUNC_(timestamp)  _FUNC_(tinyint)  _FUNC_(void)  
	at org.apache.hadoop.hive.ql.exec.MethodUtils.getMethodInternal(MethodUtils.java:130) ~[classes/:?]
	at org.apache.hadoop.hive.ql.exec.MethodUtils.getMethodInternal(MethodUtils.java:60) ~[classes/:?]
	at org.apache.hadoop.hive.ql.exec.DefaultUDFMethodResolver.getEvalMethod(DefaultUDFMethodResolver.java:59) ~[classes/:?]
	at org.apache.hadoop.hive.ql.udf.TimestampCastRestrictorResolver.getEvalMethod(TimestampCastRestrictorResolver.java:68) ~[classes/:?]
	at org.apache.hadoop.hive.ql.udf.generic.GenericUDFBridge.initialize(GenericUDFBridge.java:168) ~[classes/:?]
	at org.apache.hadoop.hive.ql.udf.generic.GenericUDF.initializeAndFoldConstants(GenericUDF.java:149) ~[classes/:?]
	at org.apache.hadoop.hive.ql.plan.ExprNodeGenericFuncDesc.newInstance(ExprNodeGenericFuncDesc.java:235) ~[classes/:?]
	at org.apache.hadoop.hive.ql.parse.type.ExprNodeDescExprFactory.createFuncCallExpr(ExprNodeDescExprFactory.java:584) ~[classes/:?]
	at org.apache.hadoop.hive.ql.parse.type.ExprNodeDescExprFactory.createFuncCallExpr(ExprNodeDescExprFactory.java:97) ~[classes/:?]
	at org.apache.hadoop.hive.ql.parse.type.TypeCheckProcFactory$DefaultExprProcessor.getFuncExprNodeDescWithUdfData(TypeCheckProcFactory.java:762) ~[classes/:?]
	at org.apache.hadoop.hive.ql.parse.type.TypeCheckProcFactory$DefaultExprProcessor.createConversionCast(TypeCheckProcFactory.java:783) ~[classes/:?]
	at org.apache.hadoop.hive.ql.parse.SemanticAnalyzer.getPartitionColsFromBucketColsForUpdateDelete(SemanticAnalyzer.java:8725) ~[classes/:?]
	at org.apache.hadoop.hive.ql.parse.SemanticAnalyzer.genBucketingSortingDest(SemanticAnalyzer.java:6906) ~[classes/:?]
	at org.apache.hadoop.hive.ql.parse.SemanticAnalyzer.genFileSinkPlan(SemanticAnalyzer.java:7335) ~[classes/:?]
	at org.apache.hadoop.hive.ql.parse.SemanticAnalyzer.genPostGroupByBodyPlan(SemanticAnalyzer.java:11063) ~[classes/:?]
	at org.apache.hadoop.hive.ql.parse.SemanticAnalyzer.genBodyPlan(SemanticAnalyzer.java:10938) ~[classes/:?]
	at org.apache.hadoop.hive.ql.parse.SemanticAnalyzer.genPlan(SemanticAnalyzer.java:11853) ~[classes/:?]
	at org.apache.hadoop.hive.ql.parse.SemanticAnalyzer.genPlan(SemanticAnalyzer.java:11723) ~[classes/:?]
	at org.apache.hadoop.hive.ql.parse.CalcitePlanner.genOPTree(CalcitePlanner.java:626) ~[classes/:?]
	at org.apache.hadoop.hive.ql.parse.SemanticAnalyzer.analyzeInternal(SemanticAnalyzer.java:12558) ~[classes/:?]
	at org.apache.hadoop.hive.ql.parse.CalcitePlanner.analyzeInternal(CalcitePlanner.java:456) ~[classes/:?]
	at org.apache.hadoop.hive.ql.parse.RewriteSemanticAnalyzer.analyzeInternal(RewriteSemanticAnalyzer.java:67) ~[classes/:?]
	at org.apache.hadoop.hive.ql.parse.BaseSemanticAnalyzer.analyze(BaseSemanticAnalyzer.java:317) ~[classes/:?]
	at org.apache.hadoop.hive.ql.parse.UpdateDeleteSemanticAnalyzer.reparseAndSuperAnalyze(UpdateDeleteSemanticAnalyzer.java:208) ~[classes/:?]
	at org.apache.hadoop.hive.ql.parse.UpdateDeleteSemanticAnalyzer.analyzeDelete(UpdateDeleteSemanticAnalyzer.java:68) ~[classes/:?]
	at org.apache.hadoop.hive.ql.parse.UpdateDeleteSemanticAnalyzer.analyze(UpdateDeleteSemanticAnalyzer.java:50) ~[classes/:?]
	at org.apache.hadoop.hive.ql.parse.RewriteSemanticAnalyzer.analyzeInternal(RewriteSemanticAnalyzer.java:72) ~[classes/:?]
	at org.apache.hadoop.hive.ql.parse.BaseSemanticAnalyzer.analyze(BaseSemanticAnalyzer.java:317) ~[classes/:?]
	at org.apache.hadoop.hive.ql.Compiler.analyze(Compiler.java:223) ~[classes/:?]
	at org.apache.hadoop.hive.ql.Compiler.compile(Compiler.java:105) ~[classes/:?]
	at org.apache.hadoop.hive.ql.Driver.compile(Driver.java:500) ~[classes/:?]
	at org.apache.hadoop.hive.ql.Driver.compileInternal(Driver.java:453) ~[classes/:?]
	at org.apache.hadoop.hive.ql.Driver.runInternal(Driver.java:181) ~[classes/:?]
	at org.apache.hadoop.hive.ql.Driver.run(Driver.java:153) ~[classes/:?]
	at org.apache.hadoop.hive.ql.Driver.run(Driver.java:140) ~[classes/:?]
	at org.apache.hadoop.hive.ql.TxnCommandsBaseForTests.runStatementOnDriver(TxnCommandsBaseForTests.java:245) ~[test-classes/:?]
	at org.apache.hadoop.hive.ql.TestTxnCommands.testDelete(TestTxnCommands.java:840) ~[test-classes/:?]
	at sun.reflect.NativeMethodAccessorImpl.invoke0(Native Method) ~[?:1.8.0_402]
	at sun.reflect.NativeMethodAccessorImpl.invoke(NativeMethodAccessorImpl.java:62) ~[?:1.8.0_402]
	at sun.reflect.DelegatingMethodAccessorImpl.invoke(DelegatingMethodAccessorImpl.java:43) ~[?:1.8.0_402]
	at java.lang.reflect.Method.invoke(Method.java:498) ~[?:1.8.0_402]
	at org.junit.runners.model.FrameworkMethod$1.runReflectiveCall(FrameworkMethod.java:59) ~[junit-4.13.jar:4.13]
	at org.junit.internal.runners.model.ReflectiveCallable.run(ReflectiveCallable.java:12) ~[junit-4.13.jar:4.13]
	at org.junit.runners.model.FrameworkMethod.invokeExplosively(FrameworkMethod.java:56) ~[junit-4.13.jar:4.13]
	at org.junit.internal.runners.statements.InvokeMethod.evaluate(InvokeMethod.java:17) ~[junit-4.13.jar:4.13]
	at org.junit.internal.runners.statements.RunBefores.evaluate(RunBefores.java:26) ~[junit-4.13.jar:4.13]
	at org.junit.internal.runners.statements.RunAfters.evaluate(RunAfters.java:27) ~[junit-4.13.jar:4.13]
	at org.junit.rules.TestWatcher$1.evaluate(TestWatcher.java:61) ~[junit-4.13.jar:4.13]
	at org.junit.runners.ParentRunner$3.evaluate(ParentRunner.java:306) ~[junit-4.13.jar:4.13]
	at org.junit.runners.BlockJUnit4ClassRunner$1.evaluate(BlockJUnit4ClassRunner.java:100) ~[junit-4.13.jar:4.13]
	at org.junit.runners.ParentRunner.runLeaf(ParentRunner.java:366) ~[junit-4.13.jar:4.13]
	at org.junit.runners.BlockJUnit4ClassRunner.runChild(BlockJUnit4ClassRunner.java:103) ~[junit-4.13.jar:4.13]
	at org.junit.runners.BlockJUnit4ClassRunner.runChild(BlockJUnit4ClassRunner.java:63) ~[junit-4.13.jar:4.13]
	at org.junit.runners.ParentRunner$4.run(ParentRunner.java:331) ~[junit-4.13.jar:4.13]
	at org.junit.runners.ParentRunner$1.schedule(ParentRunner.java:79) ~[junit-4.13.jar:4.13]
	at org.junit.runners.ParentRunner.runChildren(ParentRunner.java:329) ~[junit-4.13.jar:4.13]
	at org.junit.runners.ParentRunner.access$100(ParentRunner.java:66) ~[junit-4.13.jar:4.13]
	at org.junit.runners.ParentRunner$2.evaluate(ParentRunner.java:293) ~[junit-4.13.jar:4.13]
	at org.junit.runners.ParentRunner$3.evaluate(ParentRunner.java:306) ~[junit-4.13.jar:4.13]
	at org.junit.runners.ParentRunner.run(ParentRunner.java:413) ~[junit-4.13.jar:4.13]
	at org.junit.runner.JUnitCore.run(JUnitCore.java:137) ~[junit-4.13.jar:4.13]
	at org.junit.runner.JUnitCore.run(JUnitCore.java:115) ~[junit-4.13.jar:4.13]
	at org.junit.vintage.engine.execution.RunnerExecutor.execute(RunnerExecutor.java:43) ~[junit-vintage-engine-5.6.2.jar:5.6.2]
	at java.util.stream.ForEachOps$ForEachOp$OfRef.accept(ForEachOps.java:183) ~[?:1.8.0_402]
	at java.util.stream.ReferencePipeline$3$1.accept(ReferencePipeline.java:193) ~[?:1.8.0_402]
	at java.util.Iterator.forEachRemaining(Iterator.java:116) ~[?:1.8.0_402]
	at java.util.Spliterators$IteratorSpliterator.forEachRemaining(Spliterators.java:1801) ~[?:1.8.0_402]
	at java.util.stream.AbstractPipeline.copyInto(AbstractPipeline.java:482) ~[?:1.8.0_402]
	at java.util.stream.AbstractPipeline.wrapAndCopyInto(AbstractPipeline.java:472) ~[?:1.8.0_402]
	at java.util.stream.ForEachOps$ForEachOp.evaluateSequential(ForEachOps.java:150) ~[?:1.8.0_402]
	at java.util.stream.ForEachOps$ForEachOp$OfRef.evaluateSequential(ForEachOps.java:173) ~[?:1.8.0_402]
	at java.util.stream.AbstractPipeline.evaluate(AbstractPipeline.java:234) ~[?:1.8.0_402]
	at java.util.stream.ReferencePipeline.forEach(ReferencePipeline.java:485) ~[?:1.8.0_402]
	at org.junit.vintage.engine.VintageTestEngine.executeAllChildren(VintageTestEngine.java:82) ~[junit-vintage-engine-5.6.2.jar:5.6.2]
	at org.junit.vintage.engine.VintageTestEngine.execute(VintageTestEngine.java:73) ~[junit-vintage-engine-5.6.2.jar:5.6.2]
	at org.junit.platform.launcher.core.DefaultLauncher.execute(DefaultLauncher.java:248) ~[junit-platform-launcher-1.6.2.jar:1.6.2]
	at org.junit.platform.launcher.core.DefaultLauncher.lambda$execute$5(DefaultLauncher.java:211) ~[junit-platform-launcher-1.6.2.jar:1.6.2]
	at org.junit.platform.launcher.core.DefaultLauncher.withInterceptedStreams(DefaultLauncher.java:226) [junit-platform-launcher-1.6.2.jar:1.6.2]
	at org.junit.platform.launcher.core.DefaultLauncher.execute(DefaultLauncher.java:199) [junit-platform-launcher-1.6.2.jar:1.6.2]
	at org.junit.platform.launcher.core.DefaultLauncher.execute(DefaultLauncher.java:132) [junit-platform-launcher-1.6.2.jar:1.6.2]
	at org.apache.maven.surefire.junitplatform.JUnitPlatformProvider.invokeAllTests(JUnitPlatformProvider.java:154) [surefire-junit-platform-3.0.0-M4.jar:3.0.0-M4]
	at org.apache.maven.surefire.junitplatform.JUnitPlatformProvider.invoke(JUnitPlatformProvider.java:123) [surefire-junit-platform-3.0.0-M4.jar:3.0.0-M4]
	at org.apache.maven.surefire.booter.ForkedBooter.runSuitesInProcess(ForkedBooter.java:377) [surefire-booter-3.0.0-M4.jar:3.0.0-M4]
	at org.apache.maven.surefire.booter.ForkedBooter.execute(ForkedBooter.java:138) [surefire-booter-3.0.0-M4.jar:3.0.0-M4]
	at org.apache.maven.surefire.booter.ForkedBooter.run(ForkedBooter.java:465) [surefire-booter-3.0.0-M4.jar:3.0.0-M4]
	at org.apache.maven.surefire.booter.ForkedBooter.main(ForkedBooter.java:451) [surefire-booter-3.0.0-M4.jar:3.0.0-M4]
2024-04-24T01:11:48,312 ERROR [main] parse.UpdateDeleteSemanticAnalyzer: CBO failed due to missing column stats (see previous errors), skipping CBO
2024-04-24T01:11:48,312  INFO [main] parse.UpdateDeleteSemanticAnalyzer: Ending caching scope for: 
FAILED: NoMatchingMethodException No matching method for class org.apache.hadoop.hive.ql.udf.UDFToInteger with (struct<writeid:bigint,bucketid:int,rowid:bigint>). Possible choices: _FUNC_(bigint)  _FUNC_(boolean)  _FUNC_(decimal(38,18))  _FUNC_(double)  _FUNC_(float)  _FUNC_(smallint)  _FUNC_(string)  _FUNC_(struct<rowid:bigint,writeid:bigint,bucketid:int>)  _FUNC_(timestamp)  _FUNC_(tinyint)  _FUNC_(void)  
2024-04-24T01:11:48,313 ERROR [main] ql.Driver: FAILED: NoMatchingMethodException No matching method for class org.apache.hadoop.hive.ql.udf.UDFToInteger with (struct<writeid:bigint,bucketid:int,rowid:bigint>). Possible choices: _FUNC_(bigint)  _FUNC_(boolean)  _FUNC_(decimal(38,18))  _FUNC_(double)  _FUNC_(float)  _FUNC_(smallint)  _FUNC_(string)  _FUNC_(struct<rowid:bigint,writeid:bigint,bucketid:int>)  _FUNC_(timestamp)  _FUNC_(tinyint)  _FUNC_(void)  
org.apache.hadoop.hive.ql.exec.NoMatchingMethodException: No matching method for class org.apache.hadoop.hive.ql.udf.UDFToInteger with (struct<writeid:bigint,bucketid:int,rowid:bigint>). Possible choices: _FUNC_(bigint)  _FUNC_(boolean)  _FUNC_(decimal(38,18))  _FUNC_(double)  _FUNC_(float)  _FUNC_(smallint)  _FUNC_(string)  _FUNC_(struct<rowid:bigint,writeid:bigint,bucketid:int>)  _FUNC_(timestamp)  _FUNC_(tinyint)  _FUNC_(void)  
	at org.apache.hadoop.hive.ql.exec.MethodUtils.getMethodInternal(MethodUtils.java:130)
	at org.apache.hadoop.hive.ql.exec.MethodUtils.getMethodInternal(MethodUtils.java:60)
	at org.apache.hadoop.hive.ql.exec.DefaultUDFMethodResolver.getEvalMethod(DefaultUDFMethodResolver.java:59)
	at org.apache.hadoop.hive.ql.udf.TimestampCastRestrictorResolver.getEvalMethod(TimestampCastRestrictorResolver.java:68)
	at org.apache.hadoop.hive.ql.udf.generic.GenericUDFBridge.initialize(GenericUDFBridge.java:168)
	at org.apache.hadoop.hive.ql.udf.generic.GenericUDF.initializeAndFoldConstants(GenericUDF.java:149)
	at org.apache.hadoop.hive.ql.plan.ExprNodeGenericFuncDesc.newInstance(ExprNodeGenericFuncDesc.java:235)
	at org.apache.hadoop.hive.ql.parse.type.ExprNodeDescExprFactory.createFuncCallExpr(ExprNodeDescExprFactory.java:584)
	at org.apache.hadoop.hive.ql.parse.type.ExprNodeDescExprFactory.createFuncCallExpr(ExprNodeDescExprFactory.java:97)
	at org.apache.hadoop.hive.ql.parse.type.TypeCheckProcFactory$DefaultExprProcessor.getFuncExprNodeDescWithUdfData(TypeCheckProcFactory.java:762)
	at org.apache.hadoop.hive.ql.parse.type.TypeCheckProcFactory$DefaultExprProcessor.createConversionCast(TypeCheckProcFactory.java:783)
	at org.apache.hadoop.hive.ql.parse.SemanticAnalyzer.getPartitionColsFromBucketColsForUpdateDelete(SemanticAnalyzer.java:8725)
	at org.apache.hadoop.hive.ql.parse.SemanticAnalyzer.genBucketingSortingDest(SemanticAnalyzer.java:6906)
	at org.apache.hadoop.hive.ql.parse.SemanticAnalyzer.genFileSinkPlan(SemanticAnalyzer.java:7335)
	at org.apache.hadoop.hive.ql.parse.SemanticAnalyzer.genPostGroupByBodyPlan(SemanticAnalyzer.java:11063)
	at org.apache.hadoop.hive.ql.parse.SemanticAnalyzer.genBodyPlan(SemanticAnalyzer.java:10938)
	at org.apache.hadoop.hive.ql.parse.SemanticAnalyzer.genPlan(SemanticAnalyzer.java:11853)
	at org.apache.hadoop.hive.ql.parse.SemanticAnalyzer.genPlan(SemanticAnalyzer.java:11723)
	at org.apache.hadoop.hive.ql.parse.CalcitePlanner.genOPTree(CalcitePlanner.java:626)
	at org.apache.hadoop.hive.ql.parse.SemanticAnalyzer.analyzeInternal(SemanticAnalyzer.java:12558)
	at org.apache.hadoop.hive.ql.parse.CalcitePlanner.analyzeInternal(CalcitePlanner.java:456)
	at org.apache.hadoop.hive.ql.parse.RewriteSemanticAnalyzer.analyzeInternal(RewriteSemanticAnalyzer.java:67)
	at org.apache.hadoop.hive.ql.parse.BaseSemanticAnalyzer.analyze(BaseSemanticAnalyzer.java:317)
	at org.apache.hadoop.hive.ql.parse.UpdateDeleteSemanticAnalyzer.reparseAndSuperAnalyze(UpdateDeleteSemanticAnalyzer.java:208)
	at org.apache.hadoop.hive.ql.parse.UpdateDeleteSemanticAnalyzer.analyzeDelete(UpdateDeleteSemanticAnalyzer.java:68)
	at org.apache.hadoop.hive.ql.parse.UpdateDeleteSemanticAnalyzer.analyze(UpdateDeleteSemanticAnalyzer.java:50)
	at org.apache.hadoop.hive.ql.parse.RewriteSemanticAnalyzer.analyzeInternal(RewriteSemanticAnalyzer.java:72)
	at org.apache.hadoop.hive.ql.parse.BaseSemanticAnalyzer.analyze(BaseSemanticAnalyzer.java:317)
	at org.apache.hadoop.hive.ql.Compiler.analyze(Compiler.java:223)
	at org.apache.hadoop.hive.ql.Compiler.compile(Compiler.java:105)
	at org.apache.hadoop.hive.ql.Driver.compile(Driver.java:500)
	at org.apache.hadoop.hive.ql.Driver.compileInternal(Driver.java:453)
	at org.apache.hadoop.hive.ql.Driver.runInternal(Driver.java:181)
	at org.apache.hadoop.hive.ql.Driver.run(Driver.java:153)
	at org.apache.hadoop.hive.ql.Driver.run(Driver.java:140)
	at org.apache.hadoop.hive.ql.TxnCommandsBaseForTests.runStatementOnDriver(TxnCommandsBaseForTests.java:245)
	at org.apache.hadoop.hive.ql.TestTxnCommands.testDelete(TestTxnCommands.java:840)
	at sun.reflect.NativeMethodAccessorImpl.invoke0(Native Method)
	at sun.reflect.NativeMethodAccessorImpl.invoke(NativeMethodAccessorImpl.java:62)
	at sun.reflect.DelegatingMethodAccessorImpl.invoke(DelegatingMethodAccessorImpl.java:43)
	at java.lang.reflect.Method.invoke(Method.java:498)
	at org.junit.runners.model.FrameworkMethod$1.runReflectiveCall(FrameworkMethod.java:59)
	at org.junit.internal.runners.model.ReflectiveCallable.run(ReflectiveCallable.java:12)
	at org.junit.runners.model.FrameworkMethod.invokeExplosively(FrameworkMethod.java:56)
	at org.junit.internal.runners.statements.InvokeMethod.evaluate(InvokeMethod.java:17)
	at org.junit.internal.runners.statements.RunBefores.evaluate(RunBefores.java:26)
	at org.junit.internal.runners.statements.RunAfters.evaluate(RunAfters.java:27)
	at org.junit.rules.TestWatcher$1.evaluate(TestWatcher.java:61)
	at org.junit.runners.ParentRunner$3.evaluate(ParentRunner.java:306)
	at org.junit.runners.BlockJUnit4ClassRunner$1.evaluate(BlockJUnit4ClassRunner.java:100)
	at org.junit.runners.ParentRunner.runLeaf(ParentRunner.java:366)
	at org.junit.runners.BlockJUnit4ClassRunner.runChild(BlockJUnit4ClassRunner.java:103)
	at org.junit.runners.BlockJUnit4ClassRunner.runChild(BlockJUnit4ClassRunner.java:63)
	at org.junit.runners.ParentRunner$4.run(ParentRunner.java:331)
	at org.junit.runners.ParentRunner$1.schedule(ParentRunner.java:79)
	at org.junit.runners.ParentRunner.runChildren(ParentRunner.java:329)
	at org.junit.runners.ParentRunner.access$100(ParentRunner.java:66)
	at org.junit.runners.ParentRunner$2.evaluate(ParentRunner.java:293)
	at org.junit.runners.ParentRunner$3.evaluate(ParentRunner.java:306)
	at org.junit.runners.ParentRunner.run(ParentRunner.java:413)
	at org.junit.runner.JUnitCore.run(JUnitCore.java:137)
	at org.junit.runner.JUnitCore.run(JUnitCore.java:115)
	at org.junit.vintage.engine.execution.RunnerExecutor.execute(RunnerExecutor.java:43)
	at java.util.stream.ForEachOps$ForEachOp$OfRef.accept(ForEachOps.java:183)
	at java.util.stream.ReferencePipeline$3$1.accept(ReferencePipeline.java:193)
	at java.util.Iterator.forEachRemaining(Iterator.java:116)
	at java.util.Spliterators$IteratorSpliterator.forEachRemaining(Spliterators.java:1801)
	at java.util.stream.AbstractPipeline.copyInto(AbstractPipeline.java:482)
	at java.util.stream.AbstractPipeline.wrapAndCopyInto(AbstractPipeline.java:472)
	at java.util.stream.ForEachOps$ForEachOp.evaluateSequential(ForEachOps.java:150)
	at java.util.stream.ForEachOps$ForEachOp$OfRef.evaluateSequential(ForEachOps.java:173)
	at java.util.stream.AbstractPipeline.evaluate(AbstractPipeline.java:234)
	at java.util.stream.ReferencePipeline.forEach(ReferencePipeline.java:485)
	at org.junit.vintage.engine.VintageTestEngine.executeAllChildren(VintageTestEngine.java:82)
	at org.junit.vintage.engine.VintageTestEngine.execute(VintageTestEngine.java:73)
	at org.junit.platform.launcher.core.DefaultLauncher.execute(DefaultLauncher.java:248)
	at org.junit.platform.launcher.core.DefaultLauncher.lambda$execute$5(DefaultLauncher.java:211)
	at org.junit.platform.launcher.core.DefaultLauncher.withInterceptedStreams(DefaultLauncher.java:226)
	at org.junit.platform.launcher.core.DefaultLauncher.execute(DefaultLauncher.java:199)
	at org.junit.platform.launcher.core.DefaultLauncher.execute(DefaultLauncher.java:132)
	at org.apache.maven.surefire.junitplatform.JUnitPlatformProvider.invokeAllTests(JUnitPlatformProvider.java:154)
	at org.apache.maven.surefire.junitplatform.JUnitPlatformProvider.invoke(JUnitPlatformProvider.java:123)
	at org.apache.maven.surefire.booter.ForkedBooter.runSuitesInProcess(ForkedBooter.java:377)
	at org.apache.maven.surefire.booter.ForkedBooter.execute(ForkedBooter.java:138)
	at org.apache.maven.surefire.booter.ForkedBooter.run(ForkedBooter.java:465)
	at org.apache.maven.surefire.booter.ForkedBooter.main(ForkedBooter.java:451)

2024-04-24T01:11:48,313  INFO [main] metadata.Hive: Dumping metastore api call timing information for : compilation phase
2024-04-24T01:11:48,313  INFO [main] metadata.Hive: Total time spent in each metastore function (ms): {flushCache_()=0, getTable_(GetTableRequest)=24, isCompatibleWith_(Configuration)=1, getAllTableConstraints_(AllTableConstraintsRequest)=5, getTableColumnStatistics_(String, String, List, String)=27, getValidWriteIds_(List, String)=3}
2024-04-24T01:11:48,313  INFO [main] ql.Driver: Completed compiling command(queryId=alex_20240424011148_b5e7c827-f946-439e-8280-3b44cf3ec143); Time taken: 0.152 seconds
2024-04-24T01:11:48,313  INFO [main] lockmgr.DbTxnManager: Stopped heartbeat for query: alex_20240424011148_e046c1ed-ca95-4303-9b7d-ed11dbca27ca
2024-04-24T01:11:48,317  INFO [main] txn.TxnHandler: Removed transactions: ([15]) from MIN_HISTORY_LEVEL
2024-04-24T01:11:48,325  INFO [main] ql.TxnCommandsBaseForTests: Running the query: drop table if exists acidTbl
2024-04-24T01:11:48,325  INFO [main] ql.Driver: Compiling command(queryId=alex_20240424011148_98d2145d-00e0-4fa5-b5e4-df36f3357267): drop table if exists acidTbl
2024-04-24T01:11:48,328  INFO [main] txn.TxnHandler: Added entries to MIN_HISTORY_LEVEL for current txns: ([16]) with min_open_txn: 15
2024-04-24T01:11:48,329  INFO [main] lockmgr.DbTxnManager: Opened txnid:16
2024-04-24T01:11:48,330  INFO [main] HiveMetaStore.audit: ugi=alex	ip=unknown-ip-addr	cmd=get_table : tbl=hive.default.acidTbl	
2024-04-24T01:11:48,337  INFO [main] metastore.HMSHandler: Skipping translation for processor with null
2024-04-24T01:11:48,337  INFO [main] ql.Driver: Semantic Analysis Completed (retrial = false)
2024-04-24T01:11:48,337  INFO [main] ql.Driver: Created Hive schema: Schema(fieldSchemas:null, properties:null)
2024-04-24T01:11:48,337  INFO [main] metadata.Hive: Dumping metastore api call timing information for : compilation phase
2024-04-24T01:11:48,337  INFO [main] metadata.Hive: Total time spent in each metastore function (ms): {openTxn_(String, TxnType)=3, getValidTxns_(long)=0, flushCache_()=0, getTable_(GetTableRequest)=8, isCompatibleWith_(Configuration)=0, rollbackTxn_(long)=12}
2024-04-24T01:11:48,338  INFO [main] ql.Driver: Completed compiling command(queryId=alex_20240424011148_98d2145d-00e0-4fa5-b5e4-df36f3357267); Time taken: 0.012 seconds
2024-04-24T01:11:48,338  INFO [main] lockmgr.DbTxnManager: Setting lock request transaction to txnid:16 for queryId=alex_20240424011148_98d2145d-00e0-4fa5-b5e4-df36f3357267
2024-04-24T01:11:48,339  INFO [main] lockmgr.DbLockManager: Requesting lock for queryId=alex_20240424011148_98d2145d-00e0-4fa5-b5e4-df36f3357267
2024-04-24T01:11:48,356  INFO [main] lockmgr.DbLockManager: Response to queryId=alex_20240424011148_98d2145d-00e0-4fa5-b5e4-df36f3357267 LockResponse(lockid:9, state:ACQUIRED)
2024-04-24T01:11:48,356  INFO [main] ql.Driver: Operation DROPTABLE obtained 1 locks
2024-04-24T01:11:48,356  INFO [main] ql.Driver: Executing command(queryId=alex_20240424011148_98d2145d-00e0-4fa5-b5e4-df36f3357267): drop table if exists acidTbl
2024-04-24T01:11:48,356  INFO [main] ql.Driver: Starting task [Stage-0:DDL] in serial mode
2024-04-24T01:11:48,356  INFO [main] HiveMetaStore.audit: ugi=alex	ip=unknown-ip-addr	cmd=get_table : tbl=hive.default.acidTbl	
2024-04-24T01:11:48,362  INFO [main] metastore.HMSHandler: Skipping translation for processor with null
2024-04-24T01:11:48,362  INFO [main] HiveMetaStore.audit: ugi=alex	ip=unknown-ip-addr	cmd=get_table : tbl=hive.default.acidTbl	
2024-04-24T01:11:48,368  INFO [main] metastore.HMSHandler: Skipping translation for processor with null
2024-04-24T01:11:48,368  INFO [main] HiveMetaStore.audit: ugi=alex	ip=unknown-ip-addr	cmd=drop_table : tbl=hive.default.acidTbl	
2024-04-24T01:11:48,471  INFO [main] metadata.Hive: Dumping metastore api call timing information for : execution phase
2024-04-24T01:11:48,472  INFO [main] metadata.Hive: Total time spent in each metastore function (ms): {dropTable_(String, String, boolean, boolean, boolean)=109, getTable_(GetTableRequest)=6, isCompatibleWith_(Configuration)=0}
2024-04-24T01:11:48,472  INFO [main] ql.Driver: Completed executing command(queryId=alex_20240424011148_98d2145d-00e0-4fa5-b5e4-df36f3357267); Time taken: 0.115 seconds
2024-04-24T01:11:48,472  INFO [main] lockmgr.DbTxnManager: Stopped heartbeat for query: alex_20240424011148_98d2145d-00e0-4fa5-b5e4-df36f3357267
2024-04-24T01:11:48,476  INFO [main] txn.TxnHandler: Expected to move at least one record from txn_components to completed_txn_components when committing txn! txnid:16
2024-04-24T01:11:48,484  INFO [main] txn.TxnHandler: Removed transactions: ([16]) from MIN_HISTORY_LEVEL
2024-04-24T01:11:48,486  WARN [main] txn.CompactionTxnHandler: No compaction queue record found for Compaction type transaction commit. txnId:16
2024-04-24T01:11:48,486  INFO [main] ql.TxnCommandsBaseForTests: Running the query: drop table if exists acidTblPart
2024-04-24T01:11:48,486  INFO [main] ql.Driver: Compiling command(queryId=alex_20240424011148_9828c1e9-9624-4117-9ed5-8e1f2ff90bc3): drop table if exists acidTblPart
2024-04-24T01:11:48,496  INFO [main] txn.TxnHandler: Added entries to MIN_HISTORY_LEVEL for current txns: ([17]) with min_open_txn: 15
2024-04-24T01:11:48,496  INFO [main] lockmgr.DbTxnManager: Opened txnid:17
2024-04-24T01:11:48,499  INFO [main] HiveMetaStore.audit: ugi=alex	ip=unknown-ip-addr	cmd=get_table : tbl=hive.default.acidTblPart	
2024-04-24T01:11:48,509  INFO [main] metastore.HMSHandler: Skipping translation for processor with null
2024-04-24T01:11:48,509  INFO [main] ql.Driver: Semantic Analysis Completed (retrial = false)
2024-04-24T01:11:48,509  INFO [main] ql.Driver: Created Hive schema: Schema(fieldSchemas:null, properties:null)
2024-04-24T01:11:48,509  INFO [main] metadata.Hive: Dumping metastore api call timing information for : compilation phase
2024-04-24T01:11:48,509  INFO [main] metadata.Hive: Total time spent in each metastore function (ms): {commitTxn_(CommitTxnRequest)=14, getValidTxns_(long)=3, flushCache_()=0, openTxn_(String, TxnType)=9, getTable_(GetTableRequest)=10, isCompatibleWith_(Configuration)=0}
2024-04-24T01:11:48,510  INFO [main] ql.Driver: Completed compiling command(queryId=alex_20240424011148_9828c1e9-9624-4117-9ed5-8e1f2ff90bc3); Time taken: 0.023 seconds
2024-04-24T01:11:48,510  INFO [main] lockmgr.DbTxnManager: Setting lock request transaction to txnid:17 for queryId=alex_20240424011148_9828c1e9-9624-4117-9ed5-8e1f2ff90bc3
2024-04-24T01:11:48,510  INFO [main] lockmgr.DbLockManager: Requesting lock for queryId=alex_20240424011148_9828c1e9-9624-4117-9ed5-8e1f2ff90bc3
2024-04-24T01:11:48,530  INFO [main] lockmgr.DbLockManager: Response to queryId=alex_20240424011148_9828c1e9-9624-4117-9ed5-8e1f2ff90bc3 LockResponse(lockid:10, state:ACQUIRED)
2024-04-24T01:11:48,530  INFO [main] ql.Driver: Operation DROPTABLE obtained 1 locks
2024-04-24T01:11:48,530  INFO [main] ql.Driver: Executing command(queryId=alex_20240424011148_9828c1e9-9624-4117-9ed5-8e1f2ff90bc3): drop table if exists acidTblPart
2024-04-24T01:11:48,531  INFO [main] ql.Driver: Starting task [Stage-0:DDL] in serial mode
2024-04-24T01:11:48,531  INFO [main] HiveMetaStore.audit: ugi=alex	ip=unknown-ip-addr	cmd=get_table : tbl=hive.default.acidTblPart	
2024-04-24T01:11:48,536  INFO [main] metastore.HMSHandler: Skipping translation for processor with null
2024-04-24T01:11:48,537  INFO [main] HiveMetaStore.audit: ugi=alex	ip=unknown-ip-addr	cmd=get_table : tbl=hive.default.acidTblPart	
2024-04-24T01:11:48,542  INFO [main] metastore.HMSHandler: Skipping translation for processor with null
2024-04-24T01:11:48,542  INFO [main] HiveMetaStore.audit: ugi=alex	ip=unknown-ip-addr	cmd=drop_table : tbl=hive.default.acidTblPart	
2024-04-24T01:11:48,582  INFO [main] metadata.Hive: Dumping metastore api call timing information for : execution phase
2024-04-24T01:11:48,582  INFO [main] metadata.Hive: Total time spent in each metastore function (ms): {isCompatibleWith_(Configuration)=0, dropTable_(String, String, boolean, boolean, boolean)=46, getTable_(GetTableRequest)=5}
2024-04-24T01:11:48,582  INFO [main] ql.Driver: Completed executing command(queryId=alex_20240424011148_9828c1e9-9624-4117-9ed5-8e1f2ff90bc3); Time taken: 0.052 seconds
2024-04-24T01:11:48,582  INFO [main] lockmgr.DbTxnManager: Stopped heartbeat for query: alex_20240424011148_9828c1e9-9624-4117-9ed5-8e1f2ff90bc3
2024-04-24T01:11:48,587  INFO [main] txn.TxnHandler: Expected to move at least one record from txn_components to completed_txn_components when committing txn! txnid:17
2024-04-24T01:11:48,594  INFO [main] txn.TxnHandler: Removed transactions: ([17]) from MIN_HISTORY_LEVEL
2024-04-24T01:11:48,594  WARN [main] txn.CompactionTxnHandler: No compaction queue record found for Compaction type transaction commit. txnId:17
2024-04-24T01:11:48,595  INFO [main] ql.TxnCommandsBaseForTests: Running the query: drop table if exists acidTbl2
2024-04-24T01:11:48,595  INFO [main] ql.Driver: Compiling command(queryId=alex_20240424011148_9dc95fb5-042c-45eb-8077-7e63bfcd54fe): drop table if exists acidTbl2
2024-04-24T01:11:48,597  INFO [main] txn.TxnHandler: Added entries to MIN_HISTORY_LEVEL for current txns: ([18]) with min_open_txn: 15
2024-04-24T01:11:48,598  INFO [main] lockmgr.DbTxnManager: Opened txnid:18
2024-04-24T01:11:48,598  INFO [main] ql.Driver: Semantic Analysis Completed (retrial = false)
2024-04-24T01:11:48,598  INFO [main] ql.Driver: Created Hive schema: Schema(fieldSchemas:null, properties:null)
2024-04-24T01:11:48,598  INFO [main] metadata.Hive: Dumping metastore api call timing information for : compilation phase
2024-04-24T01:11:48,598  INFO [main] metadata.Hive: Total time spent in each metastore function (ms): {openTxn_(String, TxnType)=3, getValidTxns_(long)=0, getTable_(GetTableRequest)=0, isCompatibleWith_(Configuration)=0, flushCache_()=0, commitTxn_(CommitTxnRequest)=12}
2024-04-24T01:11:48,599  INFO [main] ql.Driver: Completed compiling command(queryId=alex_20240424011148_9dc95fb5-042c-45eb-8077-7e63bfcd54fe); Time taken: 0.003 seconds
2024-04-24T01:11:48,599  INFO [main] lockmgr.DbTxnManager: Setting lock request transaction to txnid:18 for queryId=alex_20240424011148_9dc95fb5-042c-45eb-8077-7e63bfcd54fe
2024-04-24T01:11:48,599  INFO [main] ql.Driver: Operation DROPTABLE obtained 0 locks
2024-04-24T01:11:48,599  INFO [main] ql.Driver: Executing command(queryId=alex_20240424011148_9dc95fb5-042c-45eb-8077-7e63bfcd54fe): drop table if exists acidTbl2
2024-04-24T01:11:48,599  INFO [main] ql.Driver: Starting task [Stage-0:DDL] in serial mode
2024-04-24T01:11:48,599  INFO [main] metadata.SessionHiveMetaStoreClient: Column stats doesn't exist for db=default temp table=acidTbl2
2024-04-24T01:11:48,600  INFO [main] metadata.Hive: Dumping metastore api call timing information for : execution phase
2024-04-24T01:11:48,600  INFO [main] metadata.Hive: Total time spent in each metastore function (ms): {getTable_(GetTableRequest)=0, dropTable_(String, String, boolean, boolean, boolean)=1, isCompatibleWith_(Configuration)=0}
2024-04-24T01:11:48,600  INFO [main] ql.Driver: Completed executing command(queryId=alex_20240424011148_9dc95fb5-042c-45eb-8077-7e63bfcd54fe); Time taken: 0.001 seconds
2024-04-24T01:11:48,600  INFO [main] lockmgr.DbTxnManager: Stopped heartbeat for query: alex_20240424011148_9dc95fb5-042c-45eb-8077-7e63bfcd54fe
2024-04-24T01:11:48,607  INFO [main] txn.TxnHandler: Expected to move at least one record from txn_components to completed_txn_components when committing txn! txnid:18
2024-04-24T01:11:48,615  INFO [main] txn.TxnHandler: Removed transactions: ([18]) from MIN_HISTORY_LEVEL
2024-04-24T01:11:48,616  WARN [main] txn.CompactionTxnHandler: No compaction queue record found for Compaction type transaction commit. txnId:18
2024-04-24T01:11:48,616  INFO [main] ql.TxnCommandsBaseForTests: Running the query: drop table if exists nonAcidOrcTbl
2024-04-24T01:11:48,616  INFO [main] ql.Driver: Compiling command(queryId=alex_20240424011148_58299348-6cdc-4c85-be28-b0a3f433e941): drop table if exists nonAcidOrcTbl
2024-04-24T01:11:48,619  INFO [main] txn.TxnHandler: Added entries to MIN_HISTORY_LEVEL for current txns: ([19]) with min_open_txn: 15
2024-04-24T01:11:48,619  INFO [main] lockmgr.DbTxnManager: Opened txnid:19
2024-04-24T01:11:48,620  INFO [main] HiveMetaStore.audit: ugi=alex	ip=unknown-ip-addr	cmd=get_table : tbl=hive.default.nonAcidOrcTbl	
2024-04-24T01:11:48,641  INFO [main] metastore.HMSHandler: Skipping translation for processor with null
2024-04-24T01:11:48,642  INFO [main] ql.Driver: Semantic Analysis Completed (retrial = false)
2024-04-24T01:11:48,642  INFO [main] ql.Driver: Created Hive schema: Schema(fieldSchemas:null, properties:null)
2024-04-24T01:11:48,642  INFO [main] metadata.Hive: Dumping metastore api call timing information for : compilation phase
2024-04-24T01:11:48,642  INFO [main] metadata.Hive: Total time spent in each metastore function (ms): {flushCache_()=0, isCompatibleWith_(Configuration)=0, openTxn_(String, TxnType)=2, getTable_(GetTableRequest)=22, commitTxn_(CommitTxnRequest)=16, getValidTxns_(long)=1}
2024-04-24T01:11:48,642  INFO [main] ql.Driver: Completed compiling command(queryId=alex_20240424011148_58299348-6cdc-4c85-be28-b0a3f433e941); Time taken: 0.026 seconds
2024-04-24T01:11:48,642  INFO [main] lockmgr.DbTxnManager: Setting lock request transaction to txnid:19 for queryId=alex_20240424011148_58299348-6cdc-4c85-be28-b0a3f433e941
2024-04-24T01:11:48,643  INFO [main] lockmgr.DbLockManager: Requesting lock for queryId=alex_20240424011148_58299348-6cdc-4c85-be28-b0a3f433e941
2024-04-24T01:11:48,658  INFO [main] lockmgr.DbLockManager: Response to queryId=alex_20240424011148_58299348-6cdc-4c85-be28-b0a3f433e941 LockResponse(lockid:11, state:ACQUIRED)
2024-04-24T01:11:48,658  INFO [main] ql.Driver: Operation DROPTABLE obtained 1 locks
2024-04-24T01:11:48,658  INFO [main] ql.Driver: Executing command(queryId=alex_20240424011148_58299348-6cdc-4c85-be28-b0a3f433e941): drop table if exists nonAcidOrcTbl
2024-04-24T01:11:48,658  INFO [main] ql.Driver: Starting task [Stage-0:DDL] in serial mode
2024-04-24T01:11:48,658  INFO [main] HiveMetaStore.audit: ugi=alex	ip=unknown-ip-addr	cmd=get_table : tbl=hive.default.nonAcidOrcTbl	
2024-04-24T01:11:48,670  INFO [main] metastore.HMSHandler: Skipping translation for processor with null
2024-04-24T01:11:48,670  INFO [main] HiveMetaStore.audit: ugi=alex	ip=unknown-ip-addr	cmd=get_table : tbl=hive.default.nonAcidOrcTbl	
2024-04-24T01:11:48,677  INFO [main] metastore.HMSHandler: Skipping translation for processor with null
2024-04-24T01:11:48,677  INFO [main] HiveMetaStore.audit: ugi=alex	ip=unknown-ip-addr	cmd=drop_table : tbl=hive.default.nonAcidOrcTbl	
2024-04-24T01:11:48,743  INFO [main] metadata.Hive: Dumping metastore api call timing information for : execution phase
2024-04-24T01:11:48,744  INFO [main] metadata.Hive: Total time spent in each metastore function (ms): {dropTable_(String, String, boolean, boolean, boolean)=73, isCompatibleWith_(Configuration)=0, getTable_(GetTableRequest)=12}
2024-04-24T01:11:48,744  INFO [main] ql.Driver: Completed executing command(queryId=alex_20240424011148_58299348-6cdc-4c85-be28-b0a3f433e941); Time taken: 0.085 seconds
2024-04-24T01:11:48,744  INFO [main] lockmgr.DbTxnManager: Stopped heartbeat for query: alex_20240424011148_58299348-6cdc-4c85-be28-b0a3f433e941
2024-04-24T01:11:48,749  INFO [main] txn.TxnHandler: Expected to move at least one record from txn_components to completed_txn_components when committing txn! txnid:19
2024-04-24T01:11:48,756  INFO [main] txn.TxnHandler: Removed transactions: ([19]) from MIN_HISTORY_LEVEL
2024-04-24T01:11:48,756  WARN [main] txn.CompactionTxnHandler: No compaction queue record found for Compaction type transaction commit. txnId:19
2024-04-24T01:11:48,757  INFO [main] ql.TxnCommandsBaseForTests: Running the query: drop table if exists nonAcidOrcTbl2
2024-04-24T01:11:48,757  INFO [main] ql.Driver: Compiling command(queryId=alex_20240424011148_b10172d9-fe58-4ab8-9a44-a2778b989c4b): drop table if exists nonAcidOrcTbl2
2024-04-24T01:11:48,760  INFO [main] txn.TxnHandler: Added entries to MIN_HISTORY_LEVEL for current txns: ([20]) with min_open_txn: 15
2024-04-24T01:11:48,760  INFO [main] lockmgr.DbTxnManager: Opened txnid:20
2024-04-24T01:11:48,760  INFO [main] HiveMetaStore.audit: ugi=alex	ip=unknown-ip-addr	cmd=get_table : tbl=hive.default.nonAcidOrcTbl2	
2024-04-24T01:11:48,768  INFO [main] metastore.HMSHandler: Skipping translation for processor with null
2024-04-24T01:11:48,768  INFO [main] ql.Driver: Semantic Analysis Completed (retrial = false)
2024-04-24T01:11:48,768  INFO [main] ql.Driver: Created Hive schema: Schema(fieldSchemas:null, properties:null)
2024-04-24T01:11:48,768  INFO [main] metadata.Hive: Dumping metastore api call timing information for : compilation phase
2024-04-24T01:11:48,768  INFO [main] metadata.Hive: Total time spent in each metastore function (ms): {getValidTxns_(long)=0, commitTxn_(CommitTxnRequest)=13, openTxn_(String, TxnType)=3, isCompatibleWith_(Configuration)=0, getTable_(GetTableRequest)=8, flushCache_()=0}
2024-04-24T01:11:48,769  INFO [main] ql.Driver: Completed compiling command(queryId=alex_20240424011148_b10172d9-fe58-4ab8-9a44-a2778b989c4b); Time taken: 0.011 seconds
2024-04-24T01:11:48,769  INFO [main] lockmgr.DbTxnManager: Setting lock request transaction to txnid:20 for queryId=alex_20240424011148_b10172d9-fe58-4ab8-9a44-a2778b989c4b
2024-04-24T01:11:48,769  INFO [main] lockmgr.DbLockManager: Requesting lock for queryId=alex_20240424011148_b10172d9-fe58-4ab8-9a44-a2778b989c4b
2024-04-24T01:11:48,786  INFO [main] lockmgr.DbLockManager: Response to queryId=alex_20240424011148_b10172d9-fe58-4ab8-9a44-a2778b989c4b LockResponse(lockid:12, state:ACQUIRED)
2024-04-24T01:11:48,786  INFO [main] ql.Driver: Operation DROPTABLE obtained 1 locks
2024-04-24T01:11:48,786  INFO [main] ql.Driver: Executing command(queryId=alex_20240424011148_b10172d9-fe58-4ab8-9a44-a2778b989c4b): drop table if exists nonAcidOrcTbl2
2024-04-24T01:11:48,786  INFO [main] ql.Driver: Starting task [Stage-0:DDL] in serial mode
2024-04-24T01:11:48,786  INFO [main] HiveMetaStore.audit: ugi=alex	ip=unknown-ip-addr	cmd=get_table : tbl=hive.default.nonAcidOrcTbl2	
2024-04-24T01:11:48,794  INFO [main] metastore.HMSHandler: Skipping translation for processor with null
2024-04-24T01:11:48,794  INFO [main] HiveMetaStore.audit: ugi=alex	ip=unknown-ip-addr	cmd=get_table : tbl=hive.default.nonAcidOrcTbl2	
2024-04-24T01:11:48,801  INFO [main] metastore.HMSHandler: Skipping translation for processor with null
2024-04-24T01:11:48,802  INFO [main] HiveMetaStore.audit: ugi=alex	ip=unknown-ip-addr	cmd=drop_table : tbl=hive.default.nonAcidOrcTbl2	
2024-04-24T01:11:48,831  INFO [main] metadata.Hive: Dumping metastore api call timing information for : execution phase
2024-04-24T01:11:48,831  INFO [main] metadata.Hive: Total time spent in each metastore function (ms): {isCompatibleWith_(Configuration)=0, getTable_(GetTableRequest)=8, dropTable_(String, String, boolean, boolean, boolean)=37}
2024-04-24T01:11:48,831  INFO [main] ql.Driver: Completed executing command(queryId=alex_20240424011148_b10172d9-fe58-4ab8-9a44-a2778b989c4b); Time taken: 0.045 seconds
2024-04-24T01:11:48,831  INFO [main] lockmgr.DbTxnManager: Stopped heartbeat for query: alex_20240424011148_b10172d9-fe58-4ab8-9a44-a2778b989c4b
2024-04-24T01:11:48,836  INFO [main] txn.TxnHandler: Expected to move at least one record from txn_components to completed_txn_components when committing txn! txnid:20
2024-04-24T01:11:48,844  INFO [main] txn.TxnHandler: Removed transactions: ([20]) from MIN_HISTORY_LEVEL
2024-04-24T01:11:48,844  WARN [main] txn.CompactionTxnHandler: No compaction queue record found for Compaction type transaction commit. txnId:20
2024-04-24T01:11:48,844  INFO [main] ql.TxnCommandsBaseForTests: Running the query: drop table if exists nonAcidNonBucket
2024-04-24T01:11:48,845  INFO [main] ql.Driver: Compiling command(queryId=alex_20240424011148_eb1dfa70-b7e7-46f9-a390-2a389b4ab0d0): drop table if exists nonAcidNonBucket
2024-04-24T01:11:48,847  INFO [main] txn.TxnHandler: Added entries to MIN_HISTORY_LEVEL for current txns: ([21]) with min_open_txn: 15
2024-04-24T01:11:48,847  INFO [main] lockmgr.DbTxnManager: Opened txnid:21
2024-04-24T01:11:48,848  INFO [main] HiveMetaStore.audit: ugi=alex	ip=unknown-ip-addr	cmd=get_table : tbl=hive.default.nonAcidNonBucket	
2024-04-24T01:11:48,855  INFO [main] metastore.HMSHandler: Skipping translation for processor with null
2024-04-24T01:11:48,855  INFO [main] ql.Driver: Semantic Analysis Completed (retrial = false)
2024-04-24T01:11:48,856  INFO [main] ql.Driver: Created Hive schema: Schema(fieldSchemas:null, properties:null)
2024-04-24T01:11:48,856  INFO [main] metadata.Hive: Dumping metastore api call timing information for : compilation phase
2024-04-24T01:11:48,856  INFO [main] metadata.Hive: Total time spent in each metastore function (ms): {flushCache_()=0, openTxn_(String, TxnType)=2, getTable_(GetTableRequest)=7, isCompatibleWith_(Configuration)=0, getValidTxns_(long)=1, commitTxn_(CommitTxnRequest)=13}
2024-04-24T01:11:48,856  INFO [main] ql.Driver: Completed compiling command(queryId=alex_20240424011148_eb1dfa70-b7e7-46f9-a390-2a389b4ab0d0); Time taken: 0.011 seconds
2024-04-24T01:11:48,856  INFO [main] lockmgr.DbTxnManager: Setting lock request transaction to txnid:21 for queryId=alex_20240424011148_eb1dfa70-b7e7-46f9-a390-2a389b4ab0d0
2024-04-24T01:11:48,857  INFO [main] lockmgr.DbLockManager: Requesting lock for queryId=alex_20240424011148_eb1dfa70-b7e7-46f9-a390-2a389b4ab0d0
2024-04-24T01:11:48,874  INFO [main] lockmgr.DbLockManager: Response to queryId=alex_20240424011148_eb1dfa70-b7e7-46f9-a390-2a389b4ab0d0 LockResponse(lockid:13, state:ACQUIRED)
2024-04-24T01:11:48,874  INFO [main] ql.Driver: Operation DROPTABLE obtained 1 locks
2024-04-24T01:11:48,874  INFO [main] ql.Driver: Executing command(queryId=alex_20240424011148_eb1dfa70-b7e7-46f9-a390-2a389b4ab0d0): drop table if exists nonAcidNonBucket
2024-04-24T01:11:48,874  INFO [main] ql.Driver: Starting task [Stage-0:DDL] in serial mode
2024-04-24T01:11:48,874  INFO [main] HiveMetaStore.audit: ugi=alex	ip=unknown-ip-addr	cmd=get_table : tbl=hive.default.nonAcidNonBucket	
2024-04-24T01:11:48,882  INFO [main] metastore.HMSHandler: Skipping translation for processor with null
2024-04-24T01:11:48,882  INFO [main] HiveMetaStore.audit: ugi=alex	ip=unknown-ip-addr	cmd=get_table : tbl=hive.default.nonAcidNonBucket	
2024-04-24T01:11:48,890  INFO [main] metastore.HMSHandler: Skipping translation for processor with null
2024-04-24T01:11:48,890  INFO [main] HiveMetaStore.audit: ugi=alex	ip=unknown-ip-addr	cmd=drop_table : tbl=hive.default.nonAcidNonBucket	
2024-04-24T01:11:48,918  INFO [main] metadata.Hive: Dumping metastore api call timing information for : execution phase
2024-04-24T01:11:48,918  INFO [main] metadata.Hive: Total time spent in each metastore function (ms): {isCompatibleWith_(Configuration)=0, getTable_(GetTableRequest)=8, dropTable_(String, String, boolean, boolean, boolean)=36}
2024-04-24T01:11:48,918  INFO [main] ql.Driver: Completed executing command(queryId=alex_20240424011148_eb1dfa70-b7e7-46f9-a390-2a389b4ab0d0); Time taken: 0.044 seconds
2024-04-24T01:11:48,918  INFO [main] lockmgr.DbTxnManager: Stopped heartbeat for query: alex_20240424011148_eb1dfa70-b7e7-46f9-a390-2a389b4ab0d0
2024-04-24T01:11:48,923  INFO [main] txn.TxnHandler: Expected to move at least one record from txn_components to completed_txn_components when committing txn! txnid:21
2024-04-24T01:11:48,931  INFO [main] txn.TxnHandler: Removed transactions: ([21]) from MIN_HISTORY_LEVEL
2024-04-24T01:11:48,931  WARN [main] txn.CompactionTxnHandler: No compaction queue record found for Compaction type transaction commit. txnId:21
2024-04-24T01:11:48,932  INFO [main] utils.TestTxnDbUtil: Cleaning transactional tables
]]></system-err>
  </testcase>
  <testcase name="testErrors" classname="org.apache.hadoop.hive.ql.TestTxnCommandsWithSplitUpdateAndVectorization" time="5.848"/>
  <testcase name="testMoreBucketsThanReducers" classname="org.apache.hadoop.hive.ql.TestTxnCommandsWithSplitUpdateAndVectorization" time="4.741">
    <error type="java.lang.RuntimeException"><![CDATA[java.lang.RuntimeException: update acidTbl set b = -1 failed: (responseCode = 40000, errorMessage = FAILED: NoMatchingMethodException No matching method for class org.apache.hadoop.hive.ql.udf.UDFToInteger with (struct<writeid:bigint,bucketid:int,rowid:bigint>). Possible choices: _FUNC_(bigint)  _FUNC_(boolean)  _FUNC_(decimal(38,18))  _FUNC_(double)  _FUNC_(float)  _FUNC_(smallint)  _FUNC_(string)  _FUNC_(struct<rowid:bigint,writeid:bigint,bucketid:int>)  _FUNC_(timestamp)  _FUNC_(tinyint)  _FUNC_(void)  , hiveErrorCode = 40000, SQLState = 42000, exception = No matching method for class org.apache.hadoop.hive.ql.udf.UDFToInteger with (struct<writeid:bigint,bucketid:int,rowid:bigint>). Possible choices: _FUNC_(bigint)  _FUNC_(boolean)  _FUNC_(decimal(38,18))  _FUNC_(double)  _FUNC_(float)  _FUNC_(smallint)  _FUNC_(string)  _FUNC_(struct<rowid:bigint,writeid:bigint,bucketid:int>)  _FUNC_(timestamp)  _FUNC_(tinyint)  _FUNC_(void)  )
	at org.apache.hadoop.hive.ql.TxnCommandsBaseForTests.runStatementOnDriver(TxnCommandsBaseForTests.java:247)
	at org.apache.hadoop.hive.ql.TestTxnCommands.testMoreBucketsThanReducers(TestTxnCommands.java:1429)
	at sun.reflect.NativeMethodAccessorImpl.invoke0(Native Method)
	at sun.reflect.NativeMethodAccessorImpl.invoke(NativeMethodAccessorImpl.java:62)
	at sun.reflect.DelegatingMethodAccessorImpl.invoke(DelegatingMethodAccessorImpl.java:43)
	at java.lang.reflect.Method.invoke(Method.java:498)
	at org.junit.runners.model.FrameworkMethod$1.runReflectiveCall(FrameworkMethod.java:59)
	at org.junit.internal.runners.model.ReflectiveCallable.run(ReflectiveCallable.java:12)
	at org.junit.runners.model.FrameworkMethod.invokeExplosively(FrameworkMethod.java:56)
	at org.junit.internal.runners.statements.InvokeMethod.evaluate(InvokeMethod.java:17)
	at org.junit.internal.runners.statements.RunBefores.evaluate(RunBefores.java:26)
	at org.junit.internal.runners.statements.RunAfters.evaluate(RunAfters.java:27)
	at org.junit.rules.TestWatcher$1.evaluate(TestWatcher.java:61)
	at org.junit.runners.ParentRunner$3.evaluate(ParentRunner.java:306)
	at org.junit.runners.BlockJUnit4ClassRunner$1.evaluate(BlockJUnit4ClassRunner.java:100)
	at org.junit.runners.ParentRunner.runLeaf(ParentRunner.java:366)
	at org.junit.runners.BlockJUnit4ClassRunner.runChild(BlockJUnit4ClassRunner.java:103)
	at org.junit.runners.BlockJUnit4ClassRunner.runChild(BlockJUnit4ClassRunner.java:63)
	at org.junit.runners.ParentRunner$4.run(ParentRunner.java:331)
	at org.junit.runners.ParentRunner$1.schedule(ParentRunner.java:79)
	at org.junit.runners.ParentRunner.runChildren(ParentRunner.java:329)
	at org.junit.runners.ParentRunner.access$100(ParentRunner.java:66)
	at org.junit.runners.ParentRunner$2.evaluate(ParentRunner.java:293)
	at org.junit.runners.ParentRunner$3.evaluate(ParentRunner.java:306)
	at org.junit.runners.ParentRunner.run(ParentRunner.java:413)
	at org.junit.runner.JUnitCore.run(JUnitCore.java:137)
	at org.junit.runner.JUnitCore.run(JUnitCore.java:115)
	at org.junit.vintage.engine.execution.RunnerExecutor.execute(RunnerExecutor.java:43)
	at java.util.stream.ForEachOps$ForEachOp$OfRef.accept(ForEachOps.java:183)
	at java.util.stream.ReferencePipeline$3$1.accept(ReferencePipeline.java:193)
	at java.util.Iterator.forEachRemaining(Iterator.java:116)
	at java.util.Spliterators$IteratorSpliterator.forEachRemaining(Spliterators.java:1801)
	at java.util.stream.AbstractPipeline.copyInto(AbstractPipeline.java:482)
	at java.util.stream.AbstractPipeline.wrapAndCopyInto(AbstractPipeline.java:472)
	at java.util.stream.ForEachOps$ForEachOp.evaluateSequential(ForEachOps.java:150)
	at java.util.stream.ForEachOps$ForEachOp$OfRef.evaluateSequential(ForEachOps.java:173)
	at java.util.stream.AbstractPipeline.evaluate(AbstractPipeline.java:234)
	at java.util.stream.ReferencePipeline.forEach(ReferencePipeline.java:485)
	at org.junit.vintage.engine.VintageTestEngine.executeAllChildren(VintageTestEngine.java:82)
	at org.junit.vintage.engine.VintageTestEngine.execute(VintageTestEngine.java:73)
	at org.junit.platform.launcher.core.DefaultLauncher.execute(DefaultLauncher.java:248)
	at org.junit.platform.launcher.core.DefaultLauncher.lambda$execute$5(DefaultLauncher.java:211)
	at org.junit.platform.launcher.core.DefaultLauncher.withInterceptedStreams(DefaultLauncher.java:226)
	at org.junit.platform.launcher.core.DefaultLauncher.execute(DefaultLauncher.java:199)
	at org.junit.platform.launcher.core.DefaultLauncher.execute(DefaultLauncher.java:132)
	at org.apache.maven.surefire.junitplatform.JUnitPlatformProvider.invokeAllTests(JUnitPlatformProvider.java:154)
	at org.apache.maven.surefire.junitplatform.JUnitPlatformProvider.invoke(JUnitPlatformProvider.java:123)
	at org.apache.maven.surefire.booter.ForkedBooter.runSuitesInProcess(ForkedBooter.java:377)
	at org.apache.maven.surefire.booter.ForkedBooter.execute(ForkedBooter.java:138)
	at org.apache.maven.surefire.booter.ForkedBooter.run(ForkedBooter.java:465)
	at org.apache.maven.surefire.booter.ForkedBooter.main(ForkedBooter.java:451)
]]></error>
    <system-err><![CDATA[2024-04-24T01:11:54,846  WARN [main] conf.HiveConf: HiveConf of name hive.llap.io.cache.orc.alloc.max does not exist
2024-04-24T01:11:54,846  WARN [main] conf.HiveConf: HiveConf of name hive.metastore.client.cache.maxSize does not exist
2024-04-24T01:11:54,846  WARN [main] conf.HiveConf: HiveConf of name hive.metastore.client.cache.recordStats does not exist
2024-04-24T01:11:54,846  WARN [main] conf.HiveConf: HiveConf of name hive.llap.io.cache.orc.arena.size does not exist
2024-04-24T01:11:54,846  WARN [main] conf.HiveConf: HiveConf of name hive.metastore.metadb.dir does not exist
2024-04-24T01:11:54,846  WARN [main] conf.HiveConf: HiveConf of name hive.dummyparam.test.server.specific.config.hivesite does not exist
2024-04-24T01:11:54,846  WARN [main] conf.HiveConf: HiveConf of name hive.dummyparam.test.server.specific.config.override does not exist
2024-04-24T01:11:54,846  WARN [main] conf.HiveConf: HiveConf of name hive.llap.io.cache.orc.size does not exist
2024-04-24T01:11:54,847  WARN [main] conf.HiveConf: HiveConf of name hive.dummyparam.test.server.specific.config.metastoresite does not exist
2024-04-24T01:11:54,847  WARN [main] conf.HiveConf: HiveConf of name hive.llap.io.cache.orc.alloc.min does not exist
2024-04-24T01:11:54,847  WARN [main] conf.HiveConf: HiveConf of name hive.stats.key.prefix.reserve.length does not exist
2024-04-24T01:11:54,849  INFO [main] utils.TestTxnDbUtil: Creating transactional tables
Hive Session ID = 7477d5a1-794d-4495-967b-75e540050804
2024-04-24T01:11:54,852  INFO [main] SessionState: Hive Session ID = 7477d5a1-794d-4495-967b-75e540050804
ivysettings.xml file not found in HIVE_HOME or HIVE_CONF_DIR,/home/alex/Repositories/hive/conf/ivysettings.xml will be used
2024-04-24T01:11:54,852  INFO [main] DependencyResolver: ivysettings.xml file not found in HIVE_HOME or HIVE_CONF_DIR,/home/alex/Repositories/hive/conf/ivysettings.xml will be used
2024-04-24T01:11:54,858  INFO [main] session.SessionState: Created HDFS directory: /home/alex/Repositories/hive/ql/target/tmp/scratchdir/alex/7477d5a1-794d-4495-967b-75e540050804
2024-04-24T01:11:54,860  INFO [main] session.SessionState: Created local directory: /home/alex/Repositories/hive/ql/target/tmp/localscratchdir/7477d5a1-794d-4495-967b-75e540050804
2024-04-24T01:11:54,862  INFO [main] session.SessionState: Created HDFS directory: /home/alex/Repositories/hive/ql/target/tmp/scratchdir/alex/7477d5a1-794d-4495-967b-75e540050804/_tmp_space.db
2024-04-24T01:11:54,863  INFO [main] sqlstd.SQLStdHiveAccessController: Created SQLStdHiveAccessController for session context : HiveAuthzSessionContext [sessionString=7477d5a1-794d-4495-967b-75e540050804, clientType=HIVECLI]
2024-04-24T01:11:54,863  INFO [main] ql.TxnCommandsBaseForTests: Running the query: drop table if exists acidTbl
2024-04-24T01:11:54,863  INFO [main] ql.Driver: Compiling command(queryId=alex_20240424011154_89fde717-159b-46d6-a004-c33355887a5c): drop table if exists acidTbl
2024-04-24T01:11:54,872  INFO [main] txn.TxnHandler: Added entries to MIN_HISTORY_LEVEL for current txns: ([1]) with min_open_txn: 1
2024-04-24T01:11:54,872  INFO [main] lockmgr.DbTxnManager: Opened txnid:1
2024-04-24T01:11:54,875  INFO [main] HiveMetaStore.audit: ugi=alex	ip=unknown-ip-addr	cmd=get_table : tbl=hive.default.acidTbl	
2024-04-24T01:11:54,878  INFO [main] ql.Driver: Semantic Analysis Completed (retrial = false)
2024-04-24T01:11:54,878  INFO [main] ql.Driver: Created Hive schema: Schema(fieldSchemas:null, properties:null)
2024-04-24T01:11:54,878  INFO [main] metadata.Hive: Dumping metastore api call timing information for : compilation phase
2024-04-24T01:11:54,878  INFO [main] metadata.Hive: Total time spent in each metastore function (ms): {openTxn_(String, TxnType)=9, isCompatibleWith_(Configuration)=0, getValidTxns_(long)=3, commitTxn_(CommitTxnRequest)=15, flushCache_()=0}
2024-04-24T01:11:54,878  INFO [main] ql.Driver: Completed compiling command(queryId=alex_20240424011154_89fde717-159b-46d6-a004-c33355887a5c); Time taken: 0.015 seconds
2024-04-24T01:11:54,878  INFO [main] lockmgr.DbTxnManager: Setting lock request transaction to txnid:1 for queryId=alex_20240424011154_89fde717-159b-46d6-a004-c33355887a5c
2024-04-24T01:11:54,878  INFO [main] ql.Driver: Operation DROPTABLE obtained 0 locks
2024-04-24T01:11:54,878  INFO [main] ql.Driver: Executing command(queryId=alex_20240424011154_89fde717-159b-46d6-a004-c33355887a5c): drop table if exists acidTbl
2024-04-24T01:11:54,878  INFO [main] ql.Driver: Starting task [Stage-0:DDL] in serial mode
2024-04-24T01:11:54,879  INFO [main] HiveMetaStore.audit: ugi=alex	ip=unknown-ip-addr	cmd=get_table : tbl=hive.default.acidTbl	
2024-04-24T01:11:54,881  INFO [main] metadata.Hive: Dumping metastore api call timing information for : execution phase
2024-04-24T01:11:54,881  INFO [main] metadata.Hive: Total time spent in each metastore function (ms): {isCompatibleWith_(Configuration)=1}
2024-04-24T01:11:54,881  INFO [main] ql.Driver: Completed executing command(queryId=alex_20240424011154_89fde717-159b-46d6-a004-c33355887a5c); Time taken: 0.003 seconds
2024-04-24T01:11:54,881  INFO [main] lockmgr.DbTxnManager: Stopped heartbeat for query: alex_20240424011154_89fde717-159b-46d6-a004-c33355887a5c
2024-04-24T01:11:54,889  INFO [main] txn.TxnHandler: Expected to move at least one record from txn_components to completed_txn_components when committing txn! txnid:1
2024-04-24T01:11:54,897  INFO [main] txn.TxnHandler: Removed transactions: ([1]) from MIN_HISTORY_LEVEL
2024-04-24T01:11:54,897  WARN [main] txn.CompactionTxnHandler: No compaction queue record found for Compaction type transaction commit. txnId:1
2024-04-24T01:11:54,898  INFO [main] ql.TxnCommandsBaseForTests: Running the query: drop table if exists acidTblPart
2024-04-24T01:11:54,898  INFO [main] ql.Driver: Compiling command(queryId=alex_20240424011154_00b238e2-af8a-4d28-9917-dd397de70995): drop table if exists acidTblPart
2024-04-24T01:11:54,900  INFO [main] txn.TxnHandler: Added entries to MIN_HISTORY_LEVEL for current txns: ([2]) with min_open_txn: 1
2024-04-24T01:11:54,900  INFO [main] lockmgr.DbTxnManager: Opened txnid:2
2024-04-24T01:11:54,901  INFO [main] HiveMetaStore.audit: ugi=alex	ip=unknown-ip-addr	cmd=get_table : tbl=hive.default.acidTblPart	
2024-04-24T01:11:54,903  INFO [main] ql.Driver: Semantic Analysis Completed (retrial = false)
2024-04-24T01:11:54,903  INFO [main] ql.Driver: Created Hive schema: Schema(fieldSchemas:null, properties:null)
2024-04-24T01:11:54,903  INFO [main] metadata.Hive: Dumping metastore api call timing information for : compilation phase
2024-04-24T01:11:54,904  INFO [main] metadata.Hive: Total time spent in each metastore function (ms): {getValidTxns_(long)=0, openTxn_(String, TxnType)=2, flushCache_()=0, isCompatibleWith_(Configuration)=2, commitTxn_(CommitTxnRequest)=16}
2024-04-24T01:11:54,904  INFO [main] ql.Driver: Completed compiling command(queryId=alex_20240424011154_00b238e2-af8a-4d28-9917-dd397de70995); Time taken: 0.005 seconds
2024-04-24T01:11:54,904  INFO [main] lockmgr.DbTxnManager: Setting lock request transaction to txnid:2 for queryId=alex_20240424011154_00b238e2-af8a-4d28-9917-dd397de70995
2024-04-24T01:11:54,904  INFO [main] ql.Driver: Operation DROPTABLE obtained 0 locks
2024-04-24T01:11:54,904  INFO [main] ql.Driver: Executing command(queryId=alex_20240424011154_00b238e2-af8a-4d28-9917-dd397de70995): drop table if exists acidTblPart
2024-04-24T01:11:54,904  INFO [main] ql.Driver: Starting task [Stage-0:DDL] in serial mode
2024-04-24T01:11:54,904  INFO [main] HiveMetaStore.audit: ugi=alex	ip=unknown-ip-addr	cmd=get_table : tbl=hive.default.acidTblPart	
2024-04-24T01:11:54,907  INFO [main] metadata.Hive: Dumping metastore api call timing information for : execution phase
2024-04-24T01:11:54,907  INFO [main] metadata.Hive: Total time spent in each metastore function (ms): {isCompatibleWith_(Configuration)=0}
2024-04-24T01:11:54,907  INFO [main] ql.Driver: Completed executing command(queryId=alex_20240424011154_00b238e2-af8a-4d28-9917-dd397de70995); Time taken: 0.003 seconds
2024-04-24T01:11:54,907  INFO [main] lockmgr.DbTxnManager: Stopped heartbeat for query: alex_20240424011154_00b238e2-af8a-4d28-9917-dd397de70995
2024-04-24T01:11:54,914  INFO [main] txn.TxnHandler: Expected to move at least one record from txn_components to completed_txn_components when committing txn! txnid:2
2024-04-24T01:11:54,922  INFO [main] txn.TxnHandler: Removed transactions: ([2]) from MIN_HISTORY_LEVEL
2024-04-24T01:11:54,922  WARN [main] txn.CompactionTxnHandler: No compaction queue record found for Compaction type transaction commit. txnId:2
2024-04-24T01:11:54,922  INFO [main] ql.TxnCommandsBaseForTests: Running the query: drop table if exists acidTbl2
2024-04-24T01:11:54,923  INFO [main] ql.Driver: Compiling command(queryId=alex_20240424011154_1a5a387c-c253-4903-85ae-ff396a3f5bd2): drop table if exists acidTbl2
2024-04-24T01:11:54,925  INFO [main] txn.TxnHandler: Added entries to MIN_HISTORY_LEVEL for current txns: ([3]) with min_open_txn: 1
2024-04-24T01:11:54,925  INFO [main] lockmgr.DbTxnManager: Opened txnid:3
2024-04-24T01:11:54,926  INFO [main] HiveMetaStore.audit: ugi=alex	ip=unknown-ip-addr	cmd=get_table : tbl=hive.default.acidTbl2	
2024-04-24T01:11:54,928  INFO [main] ql.Driver: Semantic Analysis Completed (retrial = false)
2024-04-24T01:11:54,928  INFO [main] ql.Driver: Created Hive schema: Schema(fieldSchemas:null, properties:null)
2024-04-24T01:11:54,928  INFO [main] metadata.Hive: Dumping metastore api call timing information for : compilation phase
2024-04-24T01:11:54,928  INFO [main] metadata.Hive: Total time spent in each metastore function (ms): {getValidTxns_(long)=1, flushCache_()=0, isCompatibleWith_(Configuration)=0, openTxn_(String, TxnType)=2, commitTxn_(CommitTxnRequest)=15}
2024-04-24T01:11:54,929  INFO [main] ql.Driver: Completed compiling command(queryId=alex_20240424011154_1a5a387c-c253-4903-85ae-ff396a3f5bd2); Time taken: 0.005 seconds
2024-04-24T01:11:54,929  INFO [main] lockmgr.DbTxnManager: Setting lock request transaction to txnid:3 for queryId=alex_20240424011154_1a5a387c-c253-4903-85ae-ff396a3f5bd2
2024-04-24T01:11:54,929  INFO [main] ql.Driver: Operation DROPTABLE obtained 0 locks
2024-04-24T01:11:54,929  INFO [main] ql.Driver: Executing command(queryId=alex_20240424011154_1a5a387c-c253-4903-85ae-ff396a3f5bd2): drop table if exists acidTbl2
2024-04-24T01:11:54,929  INFO [main] ql.Driver: Starting task [Stage-0:DDL] in serial mode
2024-04-24T01:11:54,929  INFO [main] HiveMetaStore.audit: ugi=alex	ip=unknown-ip-addr	cmd=get_table : tbl=hive.default.acidTbl2	
2024-04-24T01:11:54,932  INFO [main] metadata.Hive: Dumping metastore api call timing information for : execution phase
2024-04-24T01:11:54,932  INFO [main] metadata.Hive: Total time spent in each metastore function (ms): {isCompatibleWith_(Configuration)=0}
2024-04-24T01:11:54,932  INFO [main] ql.Driver: Completed executing command(queryId=alex_20240424011154_1a5a387c-c253-4903-85ae-ff396a3f5bd2); Time taken: 0.003 seconds
2024-04-24T01:11:54,932  INFO [main] lockmgr.DbTxnManager: Stopped heartbeat for query: alex_20240424011154_1a5a387c-c253-4903-85ae-ff396a3f5bd2
2024-04-24T01:11:54,939  INFO [main] txn.TxnHandler: Expected to move at least one record from txn_components to completed_txn_components when committing txn! txnid:3
2024-04-24T01:11:54,947  INFO [main] txn.TxnHandler: Removed transactions: ([3]) from MIN_HISTORY_LEVEL
2024-04-24T01:11:54,947  WARN [main] txn.CompactionTxnHandler: No compaction queue record found for Compaction type transaction commit. txnId:3
2024-04-24T01:11:54,947  INFO [main] ql.TxnCommandsBaseForTests: Running the query: drop table if exists nonAcidOrcTbl
2024-04-24T01:11:54,948  INFO [main] ql.Driver: Compiling command(queryId=alex_20240424011154_2a684406-2254-4043-8d57-f4d20aa9ad98): drop table if exists nonAcidOrcTbl
2024-04-24T01:11:54,950  INFO [main] txn.TxnHandler: Added entries to MIN_HISTORY_LEVEL for current txns: ([4]) with min_open_txn: 1
2024-04-24T01:11:54,950  INFO [main] lockmgr.DbTxnManager: Opened txnid:4
2024-04-24T01:11:54,950  INFO [main] HiveMetaStore.audit: ugi=alex	ip=unknown-ip-addr	cmd=get_table : tbl=hive.default.nonAcidOrcTbl	
2024-04-24T01:11:54,953  INFO [main] ql.Driver: Semantic Analysis Completed (retrial = false)
2024-04-24T01:11:54,953  INFO [main] ql.Driver: Created Hive schema: Schema(fieldSchemas:null, properties:null)
2024-04-24T01:11:54,953  INFO [main] metadata.Hive: Dumping metastore api call timing information for : compilation phase
2024-04-24T01:11:54,953  INFO [main] metadata.Hive: Total time spent in each metastore function (ms): {isCompatibleWith_(Configuration)=0, flushCache_()=0, getValidTxns_(long)=0, openTxn_(String, TxnType)=2, commitTxn_(CommitTxnRequest)=15}
2024-04-24T01:11:54,953  INFO [main] ql.Driver: Completed compiling command(queryId=alex_20240424011154_2a684406-2254-4043-8d57-f4d20aa9ad98); Time taken: 0.005 seconds
2024-04-24T01:11:54,954  INFO [main] lockmgr.DbTxnManager: Setting lock request transaction to txnid:4 for queryId=alex_20240424011154_2a684406-2254-4043-8d57-f4d20aa9ad98
2024-04-24T01:11:54,954  INFO [main] ql.Driver: Operation DROPTABLE obtained 0 locks
2024-04-24T01:11:54,954  INFO [main] ql.Driver: Executing command(queryId=alex_20240424011154_2a684406-2254-4043-8d57-f4d20aa9ad98): drop table if exists nonAcidOrcTbl
2024-04-24T01:11:54,954  INFO [main] ql.Driver: Starting task [Stage-0:DDL] in serial mode
2024-04-24T01:11:54,954  INFO [main] HiveMetaStore.audit: ugi=alex	ip=unknown-ip-addr	cmd=get_table : tbl=hive.default.nonAcidOrcTbl	
2024-04-24T01:11:54,956  INFO [main] metadata.Hive: Dumping metastore api call timing information for : execution phase
2024-04-24T01:11:54,957  INFO [main] metadata.Hive: Total time spent in each metastore function (ms): {isCompatibleWith_(Configuration)=0}
2024-04-24T01:11:54,957  INFO [main] ql.Driver: Completed executing command(queryId=alex_20240424011154_2a684406-2254-4043-8d57-f4d20aa9ad98); Time taken: 0.002 seconds
2024-04-24T01:11:54,957  INFO [main] lockmgr.DbTxnManager: Stopped heartbeat for query: alex_20240424011154_2a684406-2254-4043-8d57-f4d20aa9ad98
2024-04-24T01:11:54,964  INFO [main] txn.TxnHandler: Expected to move at least one record from txn_components to completed_txn_components when committing txn! txnid:4
2024-04-24T01:11:54,972  INFO [main] txn.TxnHandler: Removed transactions: ([4]) from MIN_HISTORY_LEVEL
2024-04-24T01:11:54,972  WARN [main] txn.CompactionTxnHandler: No compaction queue record found for Compaction type transaction commit. txnId:4
2024-04-24T01:11:54,973  INFO [main] ql.TxnCommandsBaseForTests: Running the query: drop table if exists nonAcidOrcTbl2
2024-04-24T01:11:54,973  INFO [main] ql.Driver: Compiling command(queryId=alex_20240424011154_f0512089-28ad-413b-b802-1b2b2b8ccc8d): drop table if exists nonAcidOrcTbl2
2024-04-24T01:11:54,975  INFO [main] txn.TxnHandler: Added entries to MIN_HISTORY_LEVEL for current txns: ([5]) with min_open_txn: 1
2024-04-24T01:11:54,976  INFO [main] lockmgr.DbTxnManager: Opened txnid:5
2024-04-24T01:11:54,976  INFO [main] HiveMetaStore.audit: ugi=alex	ip=unknown-ip-addr	cmd=get_table : tbl=hive.default.nonAcidOrcTbl2	
2024-04-24T01:11:54,979  INFO [main] ql.Driver: Semantic Analysis Completed (retrial = false)
2024-04-24T01:11:54,979  INFO [main] ql.Driver: Created Hive schema: Schema(fieldSchemas:null, properties:null)
2024-04-24T01:11:54,979  INFO [main] metadata.Hive: Dumping metastore api call timing information for : compilation phase
2024-04-24T01:11:54,979  INFO [main] metadata.Hive: Total time spent in each metastore function (ms): {openTxn_(String, TxnType)=3, isCompatibleWith_(Configuration)=0, flushCache_()=0, commitTxn_(CommitTxnRequest)=15, getValidTxns_(long)=0}
2024-04-24T01:11:54,979  INFO [main] ql.Driver: Completed compiling command(queryId=alex_20240424011154_f0512089-28ad-413b-b802-1b2b2b8ccc8d); Time taken: 0.006 seconds
2024-04-24T01:11:54,980  INFO [main] lockmgr.DbTxnManager: Setting lock request transaction to txnid:5 for queryId=alex_20240424011154_f0512089-28ad-413b-b802-1b2b2b8ccc8d
2024-04-24T01:11:54,980  INFO [main] ql.Driver: Operation DROPTABLE obtained 0 locks
2024-04-24T01:11:54,980  INFO [main] ql.Driver: Executing command(queryId=alex_20240424011154_f0512089-28ad-413b-b802-1b2b2b8ccc8d): drop table if exists nonAcidOrcTbl2
2024-04-24T01:11:54,980  INFO [main] ql.Driver: Starting task [Stage-0:DDL] in serial mode
2024-04-24T01:11:54,980  INFO [main] HiveMetaStore.audit: ugi=alex	ip=unknown-ip-addr	cmd=get_table : tbl=hive.default.nonAcidOrcTbl2	
2024-04-24T01:11:54,983  INFO [main] metadata.Hive: Dumping metastore api call timing information for : execution phase
2024-04-24T01:11:54,983  INFO [main] metadata.Hive: Total time spent in each metastore function (ms): {isCompatibleWith_(Configuration)=0}
2024-04-24T01:11:54,983  INFO [main] ql.Driver: Completed executing command(queryId=alex_20240424011154_f0512089-28ad-413b-b802-1b2b2b8ccc8d); Time taken: 0.003 seconds
2024-04-24T01:11:54,983  INFO [main] lockmgr.DbTxnManager: Stopped heartbeat for query: alex_20240424011154_f0512089-28ad-413b-b802-1b2b2b8ccc8d
2024-04-24T01:11:54,990  INFO [main] txn.TxnHandler: Expected to move at least one record from txn_components to completed_txn_components when committing txn! txnid:5
2024-04-24T01:11:54,998  INFO [main] txn.TxnHandler: Removed transactions: ([5]) from MIN_HISTORY_LEVEL
2024-04-24T01:11:54,998  WARN [main] txn.CompactionTxnHandler: No compaction queue record found for Compaction type transaction commit. txnId:5
2024-04-24T01:11:54,999  INFO [main] ql.TxnCommandsBaseForTests: Running the query: drop table if exists nonAcidNonBucket
2024-04-24T01:11:54,999  INFO [main] ql.Driver: Compiling command(queryId=alex_20240424011154_f5479935-ff79-4bbd-970a-b88ad52479c2): drop table if exists nonAcidNonBucket
2024-04-24T01:11:55,001  INFO [main] txn.TxnHandler: Added entries to MIN_HISTORY_LEVEL for current txns: ([6]) with min_open_txn: 1
2024-04-24T01:11:55,002  INFO [main] lockmgr.DbTxnManager: Opened txnid:6
2024-04-24T01:11:55,002  INFO [main] HiveMetaStore.audit: ugi=alex	ip=unknown-ip-addr	cmd=get_table : tbl=hive.default.nonAcidNonBucket	
2024-04-24T01:11:55,005  INFO [main] ql.Driver: Semantic Analysis Completed (retrial = false)
2024-04-24T01:11:55,005  INFO [main] ql.Driver: Created Hive schema: Schema(fieldSchemas:null, properties:null)
2024-04-24T01:11:55,005  INFO [main] metadata.Hive: Dumping metastore api call timing information for : compilation phase
2024-04-24T01:11:55,005  INFO [main] metadata.Hive: Total time spent in each metastore function (ms): {flushCache_()=0, openTxn_(String, TxnType)=3, isCompatibleWith_(Configuration)=0, getValidTxns_(long)=0, commitTxn_(CommitTxnRequest)=15}
2024-04-24T01:11:55,005  INFO [main] ql.Driver: Completed compiling command(queryId=alex_20240424011154_f5479935-ff79-4bbd-970a-b88ad52479c2); Time taken: 0.006 seconds
2024-04-24T01:11:55,006  INFO [main] lockmgr.DbTxnManager: Setting lock request transaction to txnid:6 for queryId=alex_20240424011154_f5479935-ff79-4bbd-970a-b88ad52479c2
2024-04-24T01:11:55,006  INFO [main] ql.Driver: Operation DROPTABLE obtained 0 locks
2024-04-24T01:11:55,006  INFO [main] ql.Driver: Executing command(queryId=alex_20240424011154_f5479935-ff79-4bbd-970a-b88ad52479c2): drop table if exists nonAcidNonBucket
2024-04-24T01:11:55,006  INFO [main] ql.Driver: Starting task [Stage-0:DDL] in serial mode
2024-04-24T01:11:55,006  INFO [main] HiveMetaStore.audit: ugi=alex	ip=unknown-ip-addr	cmd=get_table : tbl=hive.default.nonAcidNonBucket	
2024-04-24T01:11:55,009  INFO [main] metadata.Hive: Dumping metastore api call timing information for : execution phase
2024-04-24T01:11:55,009  INFO [main] metadata.Hive: Total time spent in each metastore function (ms): {isCompatibleWith_(Configuration)=0}
2024-04-24T01:11:55,009  INFO [main] ql.Driver: Completed executing command(queryId=alex_20240424011154_f5479935-ff79-4bbd-970a-b88ad52479c2); Time taken: 0.003 seconds
2024-04-24T01:11:55,009  INFO [main] lockmgr.DbTxnManager: Stopped heartbeat for query: alex_20240424011154_f5479935-ff79-4bbd-970a-b88ad52479c2
2024-04-24T01:11:55,018  INFO [main] txn.TxnHandler: Expected to move at least one record from txn_components to completed_txn_components when committing txn! txnid:6
2024-04-24T01:11:55,026  INFO [main] txn.TxnHandler: Removed transactions: ([6]) from MIN_HISTORY_LEVEL
2024-04-24T01:11:55,026  WARN [main] txn.CompactionTxnHandler: No compaction queue record found for Compaction type transaction commit. txnId:6
2024-04-24T01:11:55,027  INFO [main] ql.TxnCommandsBaseForTests: Running the query: create table acidTbl(a int, b int) clustered by (a) into 2 buckets stored as orc TBLPROPERTIES ('transactional'='true')
2024-04-24T01:11:55,027  INFO [main] ql.Driver: Compiling command(queryId=alex_20240424011155_a0a08689-dc06-4184-af30-7aa9ea529e35): create table acidTbl(a int, b int) clustered by (a) into 2 buckets stored as orc TBLPROPERTIES ('transactional'='true')
2024-04-24T01:11:55,030  INFO [main] txn.TxnHandler: Added entries to MIN_HISTORY_LEVEL for current txns: ([7]) with min_open_txn: 1
2024-04-24T01:11:55,030  INFO [main] lockmgr.DbTxnManager: Opened txnid:7
2024-04-24T01:11:55,030  INFO [main] parse.CalcitePlanner: Starting caching scope for: 
2024-04-24T01:11:55,030  INFO [main] parse.CalcitePlanner: Starting Semantic Analysis
2024-04-24T01:11:55,037  INFO [main] parse.CalcitePlanner: Creating table default.acidTbl position=13
2024-04-24T01:11:55,038  INFO [main] HiveMetaStore.audit: ugi=alex	ip=unknown-ip-addr	cmd=get_database: default	
2024-04-24T01:11:55,039  INFO [main] parse.CalcitePlanner: Ending caching scope for: 
2024-04-24T01:11:55,039  INFO [main] ql.Driver: Semantic Analysis Completed (retrial = false)
2024-04-24T01:11:55,039  INFO [main] ql.Driver: Created Hive schema: Schema(fieldSchemas:null, properties:null)
2024-04-24T01:11:55,039  INFO [main] metadata.Hive: Dumping metastore api call timing information for : compilation phase
2024-04-24T01:11:55,039  INFO [main] metadata.Hive: Total time spent in each metastore function (ms): {getDatabase_(String)=2, isCompatibleWith_(Configuration)=0, getValidWriteIds_(List, String)=7, openTxn_(String, TxnType)=2, getValidTxns_(long)=0, commitTxn_(CommitTxnRequest)=18, flushCache_()=0}
2024-04-24T01:11:55,040  INFO [main] ql.Driver: Completed compiling command(queryId=alex_20240424011155_a0a08689-dc06-4184-af30-7aa9ea529e35); Time taken: 0.012 seconds
2024-04-24T01:11:55,040  INFO [main] lockmgr.DbTxnManager: Setting lock request transaction to txnid:7 for queryId=alex_20240424011155_a0a08689-dc06-4184-af30-7aa9ea529e35
2024-04-24T01:11:55,040  INFO [main] lockmgr.DbLockManager: Requesting lock for queryId=alex_20240424011155_a0a08689-dc06-4184-af30-7aa9ea529e35
2024-04-24T01:11:55,064  INFO [main] lockmgr.DbLockManager: Response to queryId=alex_20240424011155_a0a08689-dc06-4184-af30-7aa9ea529e35 LockResponse(lockid:1, state:ACQUIRED)
2024-04-24T01:11:55,064  INFO [main] ql.Driver: Operation CREATETABLE obtained 1 locks
2024-04-24T01:11:55,064  INFO [main] ql.Driver: Executing command(queryId=alex_20240424011155_a0a08689-dc06-4184-af30-7aa9ea529e35): create table acidTbl(a int, b int) clustered by (a) into 2 buckets stored as orc TBLPROPERTIES ('transactional'='true')
2024-04-24T01:11:55,065  INFO [main] ql.Driver: Starting task [Stage-0:DDL] in serial mode
2024-04-24T01:11:55,065  INFO [main] HiveMetaStore.audit: ugi=alex	ip=unknown-ip-addr	cmd=create_table_req: Table(tableName:acidTbl, dbName:default, owner:alex, createTime:1713946315, lastAccessTime:0, retention:0, sd:StorageDescriptor(cols:[FieldSchema(name:a, type:int, comment:null), FieldSchema(name:b, type:int, comment:null)], location:null, inputFormat:org.apache.hadoop.hive.ql.io.orc.OrcInputFormat, outputFormat:org.apache.hadoop.hive.ql.io.orc.OrcOutputFormat, compressed:false, numBuckets:2, serdeInfo:SerDeInfo(name:null, serializationLib:org.apache.hadoop.hive.ql.io.orc.OrcSerde, parameters:{serialization.format=1}), bucketCols:[a], sortCols:[], parameters:{}, skewedInfo:SkewedInfo(skewedColNames:[], skewedColValues:[], skewedColValueLocationMaps:{}), storedAsSubDirectories:false), partitionKeys:[], parameters:{COLUMN_STATS_ACCURATE={"BASIC_STATS":"true","COLUMN_STATS":{"a":"true","b":"true"}}, transactional=true, numFilesErasureCoded=0, bucketing_version=2, numFiles=0, numRows=0, rawDataSize=0, totalSize=0}, viewOriginalText:null, viewExpandedText:null, tableType:MANAGED_TABLE, privileges:PrincipalPrivilegeSet(userPrivileges:{alex=[PrivilegeGrantInfo(privilege:INSERT, createTime:-1, grantor:alex, grantorType:USER, grantOption:true), PrivilegeGrantInfo(privilege:SELECT, createTime:-1, grantor:alex, grantorType:USER, grantOption:true), PrivilegeGrantInfo(privilege:UPDATE, createTime:-1, grantor:alex, grantorType:USER, grantOption:true), PrivilegeGrantInfo(privilege:DELETE, createTime:-1, grantor:alex, grantorType:USER, grantOption:true)]}, groupPrivileges:null, rolePrivileges:null), temporary:false, catName:hive, ownerType:USER, writeId:0)	
2024-04-24T01:11:55,071  INFO [main] utils.FileUtils: Creating directory if it doesn't exist: file:/home/alex/Repositories/hive/ql/target/tmp/org.apache.hadoop.hive.ql.TestTxnCommands-1713946100941/warehouse/acidtbl
2024-04-24T01:11:55,112  INFO [main] metadata.Hive: Dumping metastore api call timing information for : execution phase
2024-04-24T01:11:55,112  INFO [main] metadata.Hive: Total time spent in each metastore function (ms): {isCompatibleWith_(Configuration)=0, createTable_(Table)=47}
2024-04-24T01:11:55,112  INFO [main] ql.Driver: Completed executing command(queryId=alex_20240424011155_a0a08689-dc06-4184-af30-7aa9ea529e35); Time taken: 0.048 seconds
2024-04-24T01:11:55,113  INFO [main] lockmgr.DbTxnManager: Stopped heartbeat for query: alex_20240424011155_a0a08689-dc06-4184-af30-7aa9ea529e35
2024-04-24T01:11:55,118  INFO [main] txn.TxnHandler: Expected to move at least one record from txn_components to completed_txn_components when committing txn! txnid:7
2024-04-24T01:11:55,128  INFO [main] txn.TxnHandler: Removed transactions: ([7]) from MIN_HISTORY_LEVEL
2024-04-24T01:11:55,128  WARN [main] txn.CompactionTxnHandler: No compaction queue record found for Compaction type transaction commit. txnId:7
2024-04-24T01:11:55,128  INFO [main] ql.TxnCommandsBaseForTests: Running the query: create table acidTblPart(a int, b int) partitioned by (p string) clustered by (a) into 2 buckets stored as orc TBLPROPERTIES ('transactional'='true')
2024-04-24T01:11:55,129  INFO [main] ql.Driver: Compiling command(queryId=alex_20240424011155_69888dfb-7ae5-41e7-a9aa-fef0cede87e2): create table acidTblPart(a int, b int) partitioned by (p string) clustered by (a) into 2 buckets stored as orc TBLPROPERTIES ('transactional'='true')
2024-04-24T01:11:55,131  INFO [main] txn.TxnHandler: Added entries to MIN_HISTORY_LEVEL for current txns: ([8]) with min_open_txn: 1
2024-04-24T01:11:55,131  INFO [main] lockmgr.DbTxnManager: Opened txnid:8
2024-04-24T01:11:55,132  INFO [main] parse.CalcitePlanner: Starting caching scope for: 
2024-04-24T01:11:55,132  INFO [main] parse.CalcitePlanner: Starting Semantic Analysis
2024-04-24T01:11:55,135  INFO [main] parse.CalcitePlanner: Creating table default.acidTblPart position=13
2024-04-24T01:11:55,135  INFO [main] HiveMetaStore.audit: ugi=alex	ip=unknown-ip-addr	cmd=get_database: default	
2024-04-24T01:11:55,137  INFO [main] parse.CalcitePlanner: Ending caching scope for: 
2024-04-24T01:11:55,137  INFO [main] ql.Driver: Semantic Analysis Completed (retrial = false)
2024-04-24T01:11:55,137  INFO [main] ql.Driver: Created Hive schema: Schema(fieldSchemas:null, properties:null)
2024-04-24T01:11:55,137  INFO [main] metadata.Hive: Dumping metastore api call timing information for : compilation phase
2024-04-24T01:11:55,137  INFO [main] metadata.Hive: Total time spent in each metastore function (ms): {getValidTxns_(long)=0, getValidWriteIds_(List, String)=3, openTxn_(String, TxnType)=2, getDatabase_(String)=2, isCompatibleWith_(Configuration)=0, flushCache_()=0, commitTxn_(CommitTxnRequest)=15}
2024-04-24T01:11:55,137  INFO [main] ql.Driver: Completed compiling command(queryId=alex_20240424011155_69888dfb-7ae5-41e7-a9aa-fef0cede87e2); Time taken: 0.008 seconds
2024-04-24T01:11:55,137  INFO [main] lockmgr.DbTxnManager: Setting lock request transaction to txnid:8 for queryId=alex_20240424011155_69888dfb-7ae5-41e7-a9aa-fef0cede87e2
2024-04-24T01:11:55,138  INFO [main] lockmgr.DbLockManager: Requesting lock for queryId=alex_20240424011155_69888dfb-7ae5-41e7-a9aa-fef0cede87e2
2024-04-24T01:11:55,156  INFO [main] lockmgr.DbLockManager: Response to queryId=alex_20240424011155_69888dfb-7ae5-41e7-a9aa-fef0cede87e2 LockResponse(lockid:2, state:ACQUIRED)
2024-04-24T01:11:55,156  INFO [main] ql.Driver: Operation CREATETABLE obtained 1 locks
2024-04-24T01:11:55,157  INFO [main] ql.Driver: Executing command(queryId=alex_20240424011155_69888dfb-7ae5-41e7-a9aa-fef0cede87e2): create table acidTblPart(a int, b int) partitioned by (p string) clustered by (a) into 2 buckets stored as orc TBLPROPERTIES ('transactional'='true')
2024-04-24T01:11:55,157  INFO [main] ql.Driver: Starting task [Stage-0:DDL] in serial mode
2024-04-24T01:11:55,158  INFO [main] HiveMetaStore.audit: ugi=alex	ip=unknown-ip-addr	cmd=create_table_req: Table(tableName:acidTblPart, dbName:default, owner:alex, createTime:1713946315, lastAccessTime:0, retention:0, sd:StorageDescriptor(cols:[FieldSchema(name:a, type:int, comment:null), FieldSchema(name:b, type:int, comment:null)], location:null, inputFormat:org.apache.hadoop.hive.ql.io.orc.OrcInputFormat, outputFormat:org.apache.hadoop.hive.ql.io.orc.OrcOutputFormat, compressed:false, numBuckets:2, serdeInfo:SerDeInfo(name:null, serializationLib:org.apache.hadoop.hive.ql.io.orc.OrcSerde, parameters:{serialization.format=1}), bucketCols:[a], sortCols:[], parameters:{}, skewedInfo:SkewedInfo(skewedColNames:[], skewedColValues:[], skewedColValueLocationMaps:{}), storedAsSubDirectories:false), partitionKeys:[FieldSchema(name:p, type:string, comment:null)], parameters:{bucketing_version=2, transactional=true}, viewOriginalText:null, viewExpandedText:null, tableType:MANAGED_TABLE, privileges:PrincipalPrivilegeSet(userPrivileges:{alex=[PrivilegeGrantInfo(privilege:INSERT, createTime:-1, grantor:alex, grantorType:USER, grantOption:true), PrivilegeGrantInfo(privilege:SELECT, createTime:-1, grantor:alex, grantorType:USER, grantOption:true), PrivilegeGrantInfo(privilege:UPDATE, createTime:-1, grantor:alex, grantorType:USER, grantOption:true), PrivilegeGrantInfo(privilege:DELETE, createTime:-1, grantor:alex, grantorType:USER, grantOption:true)]}, groupPrivileges:null, rolePrivileges:null), temporary:false, catName:hive, ownerType:USER, writeId:0)	
2024-04-24T01:11:55,163  INFO [main] utils.FileUtils: Creating directory if it doesn't exist: file:/home/alex/Repositories/hive/ql/target/tmp/org.apache.hadoop.hive.ql.TestTxnCommands-1713946100941/warehouse/acidtblpart
2024-04-24T01:11:55,182  INFO [main] metadata.Hive: Dumping metastore api call timing information for : execution phase
2024-04-24T01:11:55,182  INFO [main] metadata.Hive: Total time spent in each metastore function (ms): {isCompatibleWith_(Configuration)=0, createTable_(Table)=24}
2024-04-24T01:11:55,183  INFO [main] ql.Driver: Completed executing command(queryId=alex_20240424011155_69888dfb-7ae5-41e7-a9aa-fef0cede87e2); Time taken: 0.025 seconds
2024-04-24T01:11:55,183  INFO [main] lockmgr.DbTxnManager: Stopped heartbeat for query: alex_20240424011155_69888dfb-7ae5-41e7-a9aa-fef0cede87e2
2024-04-24T01:11:55,188  INFO [main] txn.TxnHandler: Expected to move at least one record from txn_components to completed_txn_components when committing txn! txnid:8
2024-04-24T01:11:55,198  INFO [main] txn.TxnHandler: Removed transactions: ([8]) from MIN_HISTORY_LEVEL
2024-04-24T01:11:55,199  WARN [main] txn.CompactionTxnHandler: No compaction queue record found for Compaction type transaction commit. txnId:8
2024-04-24T01:11:55,199  INFO [main] ql.TxnCommandsBaseForTests: Running the query: create table nonAcidOrcTbl(a int, b int) clustered by (a) into 2 buckets stored as orc TBLPROPERTIES ('transactional'='false')
2024-04-24T01:11:55,199  INFO [main] ql.Driver: Compiling command(queryId=alex_20240424011155_9a1c3b05-8e3a-475a-a063-3b4da1c8e964): create table nonAcidOrcTbl(a int, b int) clustered by (a) into 2 buckets stored as orc TBLPROPERTIES ('transactional'='false')
2024-04-24T01:11:55,202  INFO [main] txn.TxnHandler: Added entries to MIN_HISTORY_LEVEL for current txns: ([9]) with min_open_txn: 1
2024-04-24T01:11:55,202  INFO [main] lockmgr.DbTxnManager: Opened txnid:9
2024-04-24T01:11:55,203  INFO [main] parse.CalcitePlanner: Starting caching scope for: 
2024-04-24T01:11:55,203  INFO [main] parse.CalcitePlanner: Starting Semantic Analysis
2024-04-24T01:11:55,206  INFO [main] parse.CalcitePlanner: Creating table default.nonAcidOrcTbl position=13
2024-04-24T01:11:55,206  INFO [main] HiveMetaStore.audit: ugi=alex	ip=unknown-ip-addr	cmd=get_database: default	
2024-04-24T01:11:55,208  INFO [main] parse.CalcitePlanner: Ending caching scope for: 
2024-04-24T01:11:55,208  INFO [main] ql.Driver: Semantic Analysis Completed (retrial = false)
2024-04-24T01:11:55,208  INFO [main] ql.Driver: Created Hive schema: Schema(fieldSchemas:null, properties:null)
2024-04-24T01:11:55,208  INFO [main] metadata.Hive: Dumping metastore api call timing information for : compilation phase
2024-04-24T01:11:55,208  INFO [main] metadata.Hive: Total time spent in each metastore function (ms): {getValidTxns_(long)=0, isCompatibleWith_(Configuration)=0, openTxn_(String, TxnType)=2, flushCache_()=0, commitTxn_(CommitTxnRequest)=16, getDatabase_(String)=2, getValidWriteIds_(List, String)=3}
2024-04-24T01:11:55,208  INFO [main] ql.Driver: Completed compiling command(queryId=alex_20240424011155_9a1c3b05-8e3a-475a-a063-3b4da1c8e964); Time taken: 0.009 seconds
2024-04-24T01:11:55,209  INFO [main] lockmgr.DbTxnManager: Setting lock request transaction to txnid:9 for queryId=alex_20240424011155_9a1c3b05-8e3a-475a-a063-3b4da1c8e964
2024-04-24T01:11:55,209  INFO [main] lockmgr.DbLockManager: Requesting lock for queryId=alex_20240424011155_9a1c3b05-8e3a-475a-a063-3b4da1c8e964
2024-04-24T01:11:55,227  INFO [main] lockmgr.DbLockManager: Response to queryId=alex_20240424011155_9a1c3b05-8e3a-475a-a063-3b4da1c8e964 LockResponse(lockid:3, state:ACQUIRED)
2024-04-24T01:11:55,227  INFO [main] ql.Driver: Operation CREATETABLE obtained 1 locks
2024-04-24T01:11:55,227  INFO [main] ql.Driver: Executing command(queryId=alex_20240424011155_9a1c3b05-8e3a-475a-a063-3b4da1c8e964): create table nonAcidOrcTbl(a int, b int) clustered by (a) into 2 buckets stored as orc TBLPROPERTIES ('transactional'='false')
2024-04-24T01:11:55,227  INFO [main] ql.Driver: Starting task [Stage-0:DDL] in serial mode
2024-04-24T01:11:55,228  INFO [main] HiveMetaStore.audit: ugi=alex	ip=unknown-ip-addr	cmd=create_table_req: Table(tableName:nonAcidOrcTbl, dbName:default, owner:alex, createTime:1713946315, lastAccessTime:0, retention:0, sd:StorageDescriptor(cols:[FieldSchema(name:a, type:int, comment:null), FieldSchema(name:b, type:int, comment:null)], location:null, inputFormat:org.apache.hadoop.hive.ql.io.orc.OrcInputFormat, outputFormat:org.apache.hadoop.hive.ql.io.orc.OrcOutputFormat, compressed:false, numBuckets:2, serdeInfo:SerDeInfo(name:null, serializationLib:org.apache.hadoop.hive.ql.io.orc.OrcSerde, parameters:{serialization.format=1}), bucketCols:[a], sortCols:[], parameters:{}, skewedInfo:SkewedInfo(skewedColNames:[], skewedColValues:[], skewedColValueLocationMaps:{}), storedAsSubDirectories:false), partitionKeys:[], parameters:{totalSize=0, bucketing_version=2, rawDataSize=0, transactional=false, numFiles=0, numRows=0, COLUMN_STATS_ACCURATE={"BASIC_STATS":"true","COLUMN_STATS":{"a":"true","b":"true"}}, numFilesErasureCoded=0}, viewOriginalText:null, viewExpandedText:null, tableType:MANAGED_TABLE, privileges:PrincipalPrivilegeSet(userPrivileges:{alex=[PrivilegeGrantInfo(privilege:INSERT, createTime:-1, grantor:alex, grantorType:USER, grantOption:true), PrivilegeGrantInfo(privilege:SELECT, createTime:-1, grantor:alex, grantorType:USER, grantOption:true), PrivilegeGrantInfo(privilege:UPDATE, createTime:-1, grantor:alex, grantorType:USER, grantOption:true), PrivilegeGrantInfo(privilege:DELETE, createTime:-1, grantor:alex, grantorType:USER, grantOption:true)]}, groupPrivileges:null, rolePrivileges:null), temporary:false, catName:hive, ownerType:USER)	
2024-04-24T01:11:55,234  INFO [main] utils.FileUtils: Creating directory if it doesn't exist: file:/home/alex/Repositories/hive/ql/target/tmp/org.apache.hadoop.hive.ql.TestTxnCommands-1713946100941/warehouse/nonacidorctbl
2024-04-24T01:11:55,248  INFO [main] metadata.Hive: Dumping metastore api call timing information for : execution phase
2024-04-24T01:11:55,248  INFO [main] metadata.Hive: Total time spent in each metastore function (ms): {isCompatibleWith_(Configuration)=0, createTable_(Table)=19}
2024-04-24T01:11:55,248  INFO [main] ql.Driver: Completed executing command(queryId=alex_20240424011155_9a1c3b05-8e3a-475a-a063-3b4da1c8e964); Time taken: 0.021 seconds
2024-04-24T01:11:55,248  INFO [main] lockmgr.DbTxnManager: Stopped heartbeat for query: alex_20240424011155_9a1c3b05-8e3a-475a-a063-3b4da1c8e964
2024-04-24T01:11:55,253  INFO [main] txn.TxnHandler: Expected to move at least one record from txn_components to completed_txn_components when committing txn! txnid:9
2024-04-24T01:11:55,262  INFO [main] txn.TxnHandler: Removed transactions: ([9]) from MIN_HISTORY_LEVEL
2024-04-24T01:11:55,262  WARN [main] txn.CompactionTxnHandler: No compaction queue record found for Compaction type transaction commit. txnId:9
2024-04-24T01:11:55,263  INFO [main] ql.TxnCommandsBaseForTests: Running the query: create table nonAcidOrcTbl2(a int, b int) clustered by (a) into 2 buckets stored as orc TBLPROPERTIES ('transactional'='false')
2024-04-24T01:11:55,263  INFO [main] ql.Driver: Compiling command(queryId=alex_20240424011155_c54b9b6c-137a-4211-8072-98579c0c2b85): create table nonAcidOrcTbl2(a int, b int) clustered by (a) into 2 buckets stored as orc TBLPROPERTIES ('transactional'='false')
2024-04-24T01:11:55,265  INFO [main] txn.TxnHandler: Added entries to MIN_HISTORY_LEVEL for current txns: ([10]) with min_open_txn: 1
2024-04-24T01:11:55,266  INFO [main] lockmgr.DbTxnManager: Opened txnid:10
2024-04-24T01:11:55,266  INFO [main] parse.CalcitePlanner: Starting caching scope for: 
2024-04-24T01:11:55,266  INFO [main] parse.CalcitePlanner: Starting Semantic Analysis
2024-04-24T01:11:55,269  INFO [main] parse.CalcitePlanner: Creating table default.nonAcidOrcTbl2 position=13
2024-04-24T01:11:55,270  INFO [main] HiveMetaStore.audit: ugi=alex	ip=unknown-ip-addr	cmd=get_database: default	
2024-04-24T01:11:55,271  INFO [main] parse.CalcitePlanner: Ending caching scope for: 
2024-04-24T01:11:55,271  INFO [main] ql.Driver: Semantic Analysis Completed (retrial = false)
2024-04-24T01:11:55,271  INFO [main] ql.Driver: Created Hive schema: Schema(fieldSchemas:null, properties:null)
2024-04-24T01:11:55,271  INFO [main] metadata.Hive: Dumping metastore api call timing information for : compilation phase
2024-04-24T01:11:55,271  INFO [main] metadata.Hive: Total time spent in each metastore function (ms): {isCompatibleWith_(Configuration)=0, flushCache_()=0, getDatabase_(String)=2, getValidWriteIds_(List, String)=3, getValidTxns_(long)=0, commitTxn_(CommitTxnRequest)=14, openTxn_(String, TxnType)=3}
2024-04-24T01:11:55,272  INFO [main] ql.Driver: Completed compiling command(queryId=alex_20240424011155_c54b9b6c-137a-4211-8072-98579c0c2b85); Time taken: 0.008 seconds
2024-04-24T01:11:55,272  INFO [main] lockmgr.DbTxnManager: Setting lock request transaction to txnid:10 for queryId=alex_20240424011155_c54b9b6c-137a-4211-8072-98579c0c2b85
2024-04-24T01:11:55,272  INFO [main] lockmgr.DbLockManager: Requesting lock for queryId=alex_20240424011155_c54b9b6c-137a-4211-8072-98579c0c2b85
2024-04-24T01:11:55,290  INFO [main] lockmgr.DbLockManager: Response to queryId=alex_20240424011155_c54b9b6c-137a-4211-8072-98579c0c2b85 LockResponse(lockid:4, state:ACQUIRED)
2024-04-24T01:11:55,290  INFO [main] ql.Driver: Operation CREATETABLE obtained 1 locks
2024-04-24T01:11:55,290  INFO [main] ql.Driver: Executing command(queryId=alex_20240424011155_c54b9b6c-137a-4211-8072-98579c0c2b85): create table nonAcidOrcTbl2(a int, b int) clustered by (a) into 2 buckets stored as orc TBLPROPERTIES ('transactional'='false')
2024-04-24T01:11:55,290  INFO [main] ql.Driver: Starting task [Stage-0:DDL] in serial mode
2024-04-24T01:11:55,291  INFO [main] HiveMetaStore.audit: ugi=alex	ip=unknown-ip-addr	cmd=create_table_req: Table(tableName:nonAcidOrcTbl2, dbName:default, owner:alex, createTime:1713946315, lastAccessTime:0, retention:0, sd:StorageDescriptor(cols:[FieldSchema(name:a, type:int, comment:null), FieldSchema(name:b, type:int, comment:null)], location:null, inputFormat:org.apache.hadoop.hive.ql.io.orc.OrcInputFormat, outputFormat:org.apache.hadoop.hive.ql.io.orc.OrcOutputFormat, compressed:false, numBuckets:2, serdeInfo:SerDeInfo(name:null, serializationLib:org.apache.hadoop.hive.ql.io.orc.OrcSerde, parameters:{serialization.format=1}), bucketCols:[a], sortCols:[], parameters:{}, skewedInfo:SkewedInfo(skewedColNames:[], skewedColValues:[], skewedColValueLocationMaps:{}), storedAsSubDirectories:false), partitionKeys:[], parameters:{totalSize=0, COLUMN_STATS_ACCURATE={"BASIC_STATS":"true","COLUMN_STATS":{"a":"true","b":"true"}}, bucketing_version=2, rawDataSize=0, numFilesErasureCoded=0, transactional=false, numRows=0, numFiles=0}, viewOriginalText:null, viewExpandedText:null, tableType:MANAGED_TABLE, privileges:PrincipalPrivilegeSet(userPrivileges:{alex=[PrivilegeGrantInfo(privilege:INSERT, createTime:-1, grantor:alex, grantorType:USER, grantOption:true), PrivilegeGrantInfo(privilege:SELECT, createTime:-1, grantor:alex, grantorType:USER, grantOption:true), PrivilegeGrantInfo(privilege:UPDATE, createTime:-1, grantor:alex, grantorType:USER, grantOption:true), PrivilegeGrantInfo(privilege:DELETE, createTime:-1, grantor:alex, grantorType:USER, grantOption:true)]}, groupPrivileges:null, rolePrivileges:null), temporary:false, catName:hive, ownerType:USER)	
2024-04-24T01:11:55,296  INFO [main] utils.FileUtils: Creating directory if it doesn't exist: file:/home/alex/Repositories/hive/ql/target/tmp/org.apache.hadoop.hive.ql.TestTxnCommands-1713946100941/warehouse/nonacidorctbl2
2024-04-24T01:11:55,309  INFO [main] metadata.Hive: Dumping metastore api call timing information for : execution phase
2024-04-24T01:11:55,310  INFO [main] metadata.Hive: Total time spent in each metastore function (ms): {createTable_(Table)=19, isCompatibleWith_(Configuration)=0}
2024-04-24T01:11:55,310  INFO [main] ql.Driver: Completed executing command(queryId=alex_20240424011155_c54b9b6c-137a-4211-8072-98579c0c2b85); Time taken: 0.019 seconds
2024-04-24T01:11:55,310  INFO [main] lockmgr.DbTxnManager: Stopped heartbeat for query: alex_20240424011155_c54b9b6c-137a-4211-8072-98579c0c2b85
2024-04-24T01:11:55,315  INFO [main] txn.TxnHandler: Expected to move at least one record from txn_components to completed_txn_components when committing txn! txnid:10
2024-04-24T01:11:55,324  INFO [main] txn.TxnHandler: Removed transactions: ([10]) from MIN_HISTORY_LEVEL
2024-04-24T01:11:55,324  WARN [main] txn.CompactionTxnHandler: No compaction queue record found for Compaction type transaction commit. txnId:10
2024-04-24T01:11:55,325  INFO [main] ql.TxnCommandsBaseForTests: Running the query: create temporary  table acidTbl2(a int, b int, c int) clustered by (c) into 2 buckets stored as orc TBLPROPERTIES ('transactional'='true')
2024-04-24T01:11:55,325  INFO [main] ql.Driver: Compiling command(queryId=alex_20240424011155_4879a1c5-062a-4dd3-9a03-4b7bbc1c8838): create temporary  table acidTbl2(a int, b int, c int) clustered by (c) into 2 buckets stored as orc TBLPROPERTIES ('transactional'='true')
2024-04-24T01:11:55,328  INFO [main] txn.TxnHandler: Added entries to MIN_HISTORY_LEVEL for current txns: ([11]) with min_open_txn: 1
2024-04-24T01:11:55,329  INFO [main] lockmgr.DbTxnManager: Opened txnid:11
2024-04-24T01:11:55,329  INFO [main] parse.CalcitePlanner: Starting caching scope for: 
2024-04-24T01:11:55,329  INFO [main] parse.CalcitePlanner: Starting Semantic Analysis
2024-04-24T01:11:55,332  INFO [main] parse.CalcitePlanner: Creating table default.acidTbl2 position=24
2024-04-24T01:11:55,333  INFO [main] HiveMetaStore.audit: ugi=alex	ip=unknown-ip-addr	cmd=get_database: default	
2024-04-24T01:11:55,334  INFO [main] parse.CalcitePlanner: Ending caching scope for: 
2024-04-24T01:11:55,334  INFO [main] ql.Driver: Semantic Analysis Completed (retrial = false)
2024-04-24T01:11:55,334  INFO [main] ql.Driver: Created Hive schema: Schema(fieldSchemas:null, properties:null)
2024-04-24T01:11:55,334  INFO [main] metadata.Hive: Dumping metastore api call timing information for : compilation phase
2024-04-24T01:11:55,335  INFO [main] metadata.Hive: Total time spent in each metastore function (ms): {commitTxn_(CommitTxnRequest)=14, isCompatibleWith_(Configuration)=0, getDatabase_(String)=2, getValidTxns_(long)=0, getValidWriteIds_(List, String)=3, openTxn_(String, TxnType)=4, flushCache_()=0}
2024-04-24T01:11:55,335  INFO [main] ql.Driver: Completed compiling command(queryId=alex_20240424011155_4879a1c5-062a-4dd3-9a03-4b7bbc1c8838); Time taken: 0.009 seconds
2024-04-24T01:11:55,335  INFO [main] lockmgr.DbTxnManager: Setting lock request transaction to txnid:11 for queryId=alex_20240424011155_4879a1c5-062a-4dd3-9a03-4b7bbc1c8838
2024-04-24T01:11:55,335  INFO [main] lockmgr.DbLockManager: Requesting lock for queryId=alex_20240424011155_4879a1c5-062a-4dd3-9a03-4b7bbc1c8838
2024-04-24T01:11:55,353  INFO [main] lockmgr.DbLockManager: Response to queryId=alex_20240424011155_4879a1c5-062a-4dd3-9a03-4b7bbc1c8838 LockResponse(lockid:5, state:ACQUIRED)
2024-04-24T01:11:55,353  INFO [main] ql.Driver: Operation CREATETABLE obtained 1 locks
2024-04-24T01:11:55,354  INFO [main] ql.Driver: Executing command(queryId=alex_20240424011155_4879a1c5-062a-4dd3-9a03-4b7bbc1c8838): create temporary  table acidTbl2(a int, b int, c int) clustered by (c) into 2 buckets stored as orc TBLPROPERTIES ('transactional'='true')
2024-04-24T01:11:55,354  INFO [main] ql.Driver: Starting task [Stage-0:DDL] in serial mode
2024-04-24T01:11:55,355  INFO [main] utils.FileUtils: Creating directory if it doesn't exist: file:/home/alex/Repositories/hive/ql/target/tmp/scratchdir/alex/7477d5a1-794d-4495-967b-75e540050804/_tmp_space.db/6394eb1c-fbcf-4ccc-96cf-41ab37602323
2024-04-24T01:11:55,358  INFO [main] metadata.Hive: Dumping metastore api call timing information for : execution phase
2024-04-24T01:11:55,358  INFO [main] metadata.Hive: Total time spent in each metastore function (ms): {isCompatibleWith_(Configuration)=0, createTable_(Table)=3}
2024-04-24T01:11:55,358  INFO [main] ql.Driver: Completed executing command(queryId=alex_20240424011155_4879a1c5-062a-4dd3-9a03-4b7bbc1c8838); Time taken: 0.004 seconds
2024-04-24T01:11:55,358  INFO [main] lockmgr.DbTxnManager: Stopped heartbeat for query: alex_20240424011155_4879a1c5-062a-4dd3-9a03-4b7bbc1c8838
2024-04-24T01:11:55,363  INFO [main] txn.TxnHandler: Expected to move at least one record from txn_components to completed_txn_components when committing txn! txnid:11
2024-04-24T01:11:55,372  INFO [main] txn.TxnHandler: Removed transactions: ([11]) from MIN_HISTORY_LEVEL
2024-04-24T01:11:55,372  WARN [main] txn.CompactionTxnHandler: No compaction queue record found for Compaction type transaction commit. txnId:11
2024-04-24T01:11:55,372  INFO [main] ql.TxnCommandsBaseForTests: Running the query: create table nonAcidNonBucket(a int, b int) stored as orc TBLPROPERTIES ('transactional'='false')
2024-04-24T01:11:55,373  INFO [main] ql.Driver: Compiling command(queryId=alex_20240424011155_83fd0196-c4a1-452b-adbe-3bc92b23ba6b): create table nonAcidNonBucket(a int, b int) stored as orc TBLPROPERTIES ('transactional'='false')
2024-04-24T01:11:55,375  INFO [main] txn.TxnHandler: Added entries to MIN_HISTORY_LEVEL for current txns: ([12]) with min_open_txn: 1
2024-04-24T01:11:55,375  INFO [main] lockmgr.DbTxnManager: Opened txnid:12
2024-04-24T01:11:55,376  INFO [main] parse.CalcitePlanner: Starting caching scope for: 
2024-04-24T01:11:55,376  INFO [main] parse.CalcitePlanner: Starting Semantic Analysis
2024-04-24T01:11:55,379  INFO [main] parse.CalcitePlanner: Creating table default.nonAcidNonBucket position=13
2024-04-24T01:11:55,379  INFO [main] HiveMetaStore.audit: ugi=alex	ip=unknown-ip-addr	cmd=get_database: default	
2024-04-24T01:11:55,381  INFO [main] parse.CalcitePlanner: Ending caching scope for: 
2024-04-24T01:11:55,381  INFO [main] ql.Driver: Semantic Analysis Completed (retrial = false)
2024-04-24T01:11:55,381  INFO [main] ql.Driver: Created Hive schema: Schema(fieldSchemas:null, properties:null)
2024-04-24T01:11:55,381  INFO [main] metadata.Hive: Dumping metastore api call timing information for : compilation phase
2024-04-24T01:11:55,381  INFO [main] metadata.Hive: Total time spent in each metastore function (ms): {commitTxn_(CommitTxnRequest)=14, getValidWriteIds_(List, String)=3, openTxn_(String, TxnType)=2, isCompatibleWith_(Configuration)=1, flushCache_()=0, getDatabase_(String)=2, getValidTxns_(long)=0}
2024-04-24T01:11:55,381  INFO [main] ql.Driver: Completed compiling command(queryId=alex_20240424011155_83fd0196-c4a1-452b-adbe-3bc92b23ba6b); Time taken: 0.008 seconds
2024-04-24T01:11:55,381  INFO [main] lockmgr.DbTxnManager: Setting lock request transaction to txnid:12 for queryId=alex_20240424011155_83fd0196-c4a1-452b-adbe-3bc92b23ba6b
2024-04-24T01:11:55,381  INFO [main] lockmgr.DbLockManager: Requesting lock for queryId=alex_20240424011155_83fd0196-c4a1-452b-adbe-3bc92b23ba6b
2024-04-24T01:11:55,399  INFO [main] lockmgr.DbLockManager: Response to queryId=alex_20240424011155_83fd0196-c4a1-452b-adbe-3bc92b23ba6b LockResponse(lockid:6, state:ACQUIRED)
2024-04-24T01:11:55,399  INFO [main] ql.Driver: Operation CREATETABLE obtained 1 locks
2024-04-24T01:11:55,399  INFO [main] ql.Driver: Executing command(queryId=alex_20240424011155_83fd0196-c4a1-452b-adbe-3bc92b23ba6b): create table nonAcidNonBucket(a int, b int) stored as orc TBLPROPERTIES ('transactional'='false')
2024-04-24T01:11:55,399  INFO [main] ql.Driver: Starting task [Stage-0:DDL] in serial mode
2024-04-24T01:11:55,400  INFO [main] HiveMetaStore.audit: ugi=alex	ip=unknown-ip-addr	cmd=create_table_req: Table(tableName:nonAcidNonBucket, dbName:default, owner:alex, createTime:1713946315, lastAccessTime:0, retention:0, sd:StorageDescriptor(cols:[FieldSchema(name:a, type:int, comment:null), FieldSchema(name:b, type:int, comment:null)], location:null, inputFormat:org.apache.hadoop.hive.ql.io.orc.OrcInputFormat, outputFormat:org.apache.hadoop.hive.ql.io.orc.OrcOutputFormat, compressed:false, numBuckets:-1, serdeInfo:SerDeInfo(name:null, serializationLib:org.apache.hadoop.hive.ql.io.orc.OrcSerde, parameters:{serialization.format=1}), bucketCols:[], sortCols:[], parameters:{}, skewedInfo:SkewedInfo(skewedColNames:[], skewedColValues:[], skewedColValueLocationMaps:{}), storedAsSubDirectories:false), partitionKeys:[], parameters:{bucketing_version=2, numFiles=0, transactional=false, COLUMN_STATS_ACCURATE={"BASIC_STATS":"true","COLUMN_STATS":{"a":"true","b":"true"}}, rawDataSize=0, totalSize=0, numFilesErasureCoded=0, numRows=0}, viewOriginalText:null, viewExpandedText:null, tableType:MANAGED_TABLE, privileges:PrincipalPrivilegeSet(userPrivileges:{alex=[PrivilegeGrantInfo(privilege:INSERT, createTime:-1, grantor:alex, grantorType:USER, grantOption:true), PrivilegeGrantInfo(privilege:SELECT, createTime:-1, grantor:alex, grantorType:USER, grantOption:true), PrivilegeGrantInfo(privilege:UPDATE, createTime:-1, grantor:alex, grantorType:USER, grantOption:true), PrivilegeGrantInfo(privilege:DELETE, createTime:-1, grantor:alex, grantorType:USER, grantOption:true)]}, groupPrivileges:null, rolePrivileges:null), temporary:false, catName:hive, ownerType:USER)	
2024-04-24T01:11:55,406  INFO [main] utils.FileUtils: Creating directory if it doesn't exist: file:/home/alex/Repositories/hive/ql/target/tmp/org.apache.hadoop.hive.ql.TestTxnCommands-1713946100941/warehouse/nonacidnonbucket
2024-04-24T01:11:55,420  INFO [main] metadata.Hive: Dumping metastore api call timing information for : execution phase
2024-04-24T01:11:55,420  INFO [main] metadata.Hive: Total time spent in each metastore function (ms): {createTable_(Table)=20, isCompatibleWith_(Configuration)=0}
2024-04-24T01:11:55,420  INFO [main] ql.Driver: Completed executing command(queryId=alex_20240424011155_83fd0196-c4a1-452b-adbe-3bc92b23ba6b); Time taken: 0.021 seconds
2024-04-24T01:11:55,420  INFO [main] lockmgr.DbTxnManager: Stopped heartbeat for query: alex_20240424011155_83fd0196-c4a1-452b-adbe-3bc92b23ba6b
2024-04-24T01:11:55,427  INFO [main] txn.TxnHandler: Expected to move at least one record from txn_components to completed_txn_components when committing txn! txnid:12
2024-04-24T01:11:55,437  INFO [main] txn.TxnHandler: Removed transactions: ([12]) from MIN_HISTORY_LEVEL
2024-04-24T01:11:55,437  WARN [main] txn.CompactionTxnHandler: No compaction queue record found for Compaction type transaction commit. txnId:12
2024-04-24T01:11:55,439  INFO [main] ql.TxnCommandsBaseForTests: Running the query: insert into acidTbl values(1,1)
2024-04-24T01:11:55,439  INFO [main] ql.Driver: Compiling command(queryId=alex_20240424011155_5e8590b0-fe08-467d-a7be-5e8717ecff31): insert into acidTbl values(1,1)
2024-04-24T01:11:55,442  INFO [main] txn.TxnHandler: Added entries to MIN_HISTORY_LEVEL for current txns: ([13]) with min_open_txn: 1
2024-04-24T01:11:55,442  INFO [main] lockmgr.DbTxnManager: Opened txnid:13
2024-04-24T01:11:55,443  INFO [main] parse.CalcitePlanner: Starting caching scope for: alex_20240424011155_5e8590b0-fe08-467d-a7be-5e8717ecff31
2024-04-24T01:11:55,443  INFO [main] parse.CalcitePlanner: Starting Semantic Analysis
2024-04-24T01:11:55,448  INFO [main] HiveMetaStore.audit: ugi=alex	ip=unknown-ip-addr	cmd=get_table : tbl=hive.default.acidTbl	
2024-04-24T01:11:55,473  INFO [main] metastore.HMSHandler: Skipping translation for processor with null
2024-04-24T01:11:55,473  INFO [main] parse.CalcitePlanner: Completed phase 1 of Semantic Analysis
2024-04-24T01:11:55,473  INFO [main] parse.CalcitePlanner: Get metadata for source tables
2024-04-24T01:11:55,473  INFO [main] parse.CalcitePlanner: Get metadata for subqueries
2024-04-24T01:11:55,473  INFO [main] parse.CalcitePlanner: Get metadata for destination tables
2024-04-24T01:11:55,473  INFO [main] HiveMetaStore.audit: ugi=alex	ip=unknown-ip-addr	cmd=get_table : tbl=hive.default.acidTbl	
2024-04-24T01:11:55,479  INFO [main] metastore.HMSHandler: Skipping translation for processor with null
2024-04-24T01:11:55,479  INFO [main] parse.CalcitePlanner: Completed getting MetaData in Semantic Analysis
2024-04-24T01:11:55,479  INFO [main] parse.CalcitePlanner: Disabling LLAP IO encode as ETL query is detected
2024-04-24T01:11:55,502  INFO [main] HiveMetaStore.audit: ugi=alex	ip=unknown-ip-addr	cmd=get_all_table_constraints : tbl=hive._dummy_database._dummy_table	
2024-04-24T01:11:55,575  INFO [main] parse.CalcitePlanner: Get metadata for source tables
2024-04-24T01:11:55,575  INFO [main] parse.CalcitePlanner: Get metadata for subqueries
2024-04-24T01:11:55,575  INFO [main] parse.CalcitePlanner: Get metadata for source tables
2024-04-24T01:11:55,575  INFO [main] HiveMetaStore.audit: ugi=alex	ip=unknown-ip-addr	cmd=get_table : tbl=hive._dummy_database._dummy_table	
2024-04-24T01:11:55,577  INFO [main] parse.CalcitePlanner: Get metadata for subqueries
2024-04-24T01:11:55,577  INFO [main] parse.CalcitePlanner: Get metadata for destination tables
2024-04-24T01:11:55,577  INFO [main] parse.CalcitePlanner: Get metadata for destination tables
2024-04-24T01:11:55,579  INFO [main] HiveMetaStore.audit: ugi=alex	ip=unknown-ip-addr	cmd=get_not_null_constraints : tbl=hive.default.acidtbl	
2024-04-24T01:11:55,580  INFO [main] HiveMetaStore.audit: ugi=alex	ip=unknown-ip-addr	cmd=get_check_constraints : tbl=hive.default.acidtbl	
2024-04-24T01:11:55,590  INFO [main] txn.TxnHandler: Allocated writeId: 1 for txnId: 13
2024-04-24T01:11:55,590  INFO [main] txn.TxnHandler: Allocated write ids for dbName=default, tblName=acidtbl (txnIds: [13])
2024-04-24T01:11:55,591  INFO [main] parse.CalcitePlanner: CBO Succeeded; optimized logical plan.
2024-04-24T01:11:55,595  INFO [main] optimizer.ColumnPrunerProcFactory: RS 4 oldColExprMap: {VALUE._col0=Column[_col1], KEY.reducesinkkey0=Column[_col0]}
2024-04-24T01:11:55,595  INFO [main] optimizer.ColumnPrunerProcFactory: RS 4 newColExprMap: {VALUE._col0=Column[_col1], KEY.reducesinkkey0=Column[_col0]}
2024-04-24T01:11:55,596  INFO [main] optimizer.BucketVersionPopulator: not considering bucketingVersion for: TS[0] because it has -1<2 buckets 
2024-04-24T01:11:55,597  INFO [main] optimizer.SortedDynPartitionOptimizer: Sorted dynamic partitioning optimization kicked in..
2024-04-24T01:11:55,605  INFO [main] HiveMetaStore.audit: ugi=alex	ip=unknown-ip-addr	cmd=get_table : tbl=hive.default.acidtbl	
2024-04-24T01:11:55,612  INFO [main] metastore.HMSHandler: Skipping translation for processor with null
2024-04-24T01:11:55,612  INFO [main] physical.Vectorizer: Examining input format to see if vectorization is enabled.
2024-04-24T01:11:55,613  INFO [main] physical.Vectorizer: Map vectorization enabled: false
2024-04-24T01:11:55,613  INFO [main] physical.Vectorizer: Map vectorized: false
2024-04-24T01:11:55,613  INFO [main] physical.Vectorizer: Map vectorizedVertexNum: 0
2024-04-24T01:11:55,613  INFO [main] physical.Vectorizer: Map enabledConditionsMet: [hive.vectorized.use.vectorized.input.format IS true]
2024-04-24T01:11:55,613  INFO [main] physical.Vectorizer: Map enabledConditionsNotMet: [Could not enable vectorization due to partition column names size 1 is greater than the number of table column names size 0 IS false]
2024-04-24T01:11:55,613  INFO [main] physical.Vectorizer: Map inputFileFormatClassNameSet: [org.apache.hadoop.hive.ql.io.NullRowsInputFormat]
2024-04-24T01:11:55,613  INFO [main] physical.Vectorizer: Reduce vectorization enabled: false
2024-04-24T01:11:55,613  INFO [main] physical.Vectorizer: Reduce vectorized: false
2024-04-24T01:11:55,613  INFO [main] physical.Vectorizer: Reduce vectorizedVertexNum: 1
2024-04-24T01:11:55,613  INFO [main] physical.Vectorizer: Reducer hive.vectorized.execution.reduce.enabled: true
2024-04-24T01:11:55,613  INFO [main] physical.Vectorizer: Reducer engine: mr
2024-04-24T01:11:55,613  INFO [main] parse.CalcitePlanner: Completed plan generation
2024-04-24T01:11:55,613  INFO [main] parse.CalcitePlanner: Ending caching scope for: alex_20240424011155_5e8590b0-fe08-467d-a7be-5e8717ecff31
2024-04-24T01:11:55,613  INFO [main] ql.Driver: Semantic Analysis Completed (retrial = false)
2024-04-24T01:11:55,613  INFO [main] ql.Driver: Created Hive schema: Schema(fieldSchemas:[FieldSchema(name:col1, type:int, comment:null), FieldSchema(name:col2, type:int, comment:null)], properties:null)
2024-04-24T01:11:55,613  INFO [main] metadata.Hive: Dumping metastore api call timing information for : compilation phase
2024-04-24T01:11:55,613  INFO [main] metadata.Hive: Total time spent in each metastore function (ms): {getNotNullConstraints_(NotNullConstraintsRequest)=1, getValidWriteIds_(List, String)=5, allocateTableWriteId_(long, String, String)=9, flushCache_()=0, getValidTxns_(long)=0, commitTxn_(CommitTxnRequest)=16, openTxn_(String, TxnType)=2, isCompatibleWith_(Configuration)=3, getAllTableConstraints_(AllTableConstraintsRequest)=30, getTable_(GetTableRequest)=38, getCheckConstraints_(CheckConstraintsRequest)=1}
2024-04-24T01:11:55,614  INFO [main] ql.Driver: Completed compiling command(queryId=alex_20240424011155_5e8590b0-fe08-467d-a7be-5e8717ecff31); Time taken: 0.174 seconds
2024-04-24T01:11:55,614  INFO [main] lockmgr.DbTxnManager: Setting lock request transaction to txnid:13 for queryId=alex_20240424011155_5e8590b0-fe08-467d-a7be-5e8717ecff31
2024-04-24T01:11:55,614  INFO [main] lockmgr.DbLockManager: Requesting lock for queryId=alex_20240424011155_5e8590b0-fe08-467d-a7be-5e8717ecff31
2024-04-24T01:11:55,637  INFO [main] lockmgr.DbLockManager: Response to queryId=alex_20240424011155_5e8590b0-fe08-467d-a7be-5e8717ecff31 LockResponse(lockid:7, state:ACQUIRED)
2024-04-24T01:11:55,637  INFO [main] ql.Driver: Operation QUERY obtained 1 locks
2024-04-24T01:11:55,640  INFO [main] ql.Driver: Executing command(queryId=alex_20240424011155_5e8590b0-fe08-467d-a7be-5e8717ecff31): insert into acidTbl values(1,1)
2024-04-24T01:11:55,640  WARN [main] ql.Driver: Hive-on-MR is deprecated in Hive 2 and may not be available in the future versions. Consider using a different execution engine (i.e. tez, spark) or using Hive 1.X releases.
Query ID = alex_20240424011155_5e8590b0-fe08-467d-a7be-5e8717ecff31
2024-04-24T01:11:55,640  INFO [main] ql.Driver: Query ID = alex_20240424011155_5e8590b0-fe08-467d-a7be-5e8717ecff31
Total jobs = 1
2024-04-24T01:11:55,640  INFO [main] ql.Driver: Total jobs = 1
Launching Job 1 out of 1
2024-04-24T01:11:55,640  INFO [main] ql.Driver: Launching Job 1 out of 1
2024-04-24T01:11:55,764  INFO [main] ql.Driver: Starting task [Stage-1:MAPRED] in serial mode
Number of reduce tasks determined at compile time: 1
2024-04-24T01:11:55,764  INFO [main] exec.Task: Number of reduce tasks determined at compile time: 1
In order to change the average load for a reducer (in bytes):
2024-04-24T01:11:55,764  INFO [main] exec.Task: In order to change the average load for a reducer (in bytes):
  set hive.exec.reducers.bytes.per.reducer=<number>
2024-04-24T01:11:55,764  INFO [main] exec.Task:   set hive.exec.reducers.bytes.per.reducer=<number>
In order to limit the maximum number of reducers:
2024-04-24T01:11:55,764  INFO [main] exec.Task: In order to limit the maximum number of reducers:
  set hive.exec.reducers.max=<number>
2024-04-24T01:11:55,764  INFO [main] exec.Task:   set hive.exec.reducers.max=<number>
In order to set a constant number of reducers:
2024-04-24T01:11:55,764  INFO [main] exec.Task: In order to set a constant number of reducers:
  set mapreduce.job.reduces=<number>
2024-04-24T01:11:55,764  INFO [main] exec.Task:   set mapreduce.job.reduces=<number>
2024-04-24T01:11:55,766  INFO [main] mr.ExecDriver: Using org.apache.hadoop.hive.ql.io.HiveInputFormat
2024-04-24T01:11:55,767  INFO [main] exec.Utilities: Processing alias $hdt$_0:_dummy_table
2024-04-24T01:11:55,767  INFO [main] exec.Utilities: Adding 1 inputs; the first input is file:/home/alex/Repositories/hive/ql/target/tmp/localscratchdir/7477d5a1-794d-4495-967b-75e540050804/hive_2024-04-24_01-11-55_439_2457608152395922397-1/dummy_path
2024-04-24T01:11:55,775  INFO [main] exec.SerializationUtilities: Serializing MapWork using kryo
2024-04-24T01:11:55,776  INFO [main] exec.Utilities: Serialized plan (via FILE) - name: null size: 5,28KB
2024-04-24T01:11:55,780  INFO [main] exec.SerializationUtilities: Serializing ReduceWork using kryo
2024-04-24T01:11:55,781  INFO [main] exec.Utilities: Serialized plan (via FILE) - name: null size: 5,90KB
2024-04-24T01:11:55,782  WARN [main] impl.MetricsSystemImpl: JobTracker metrics system already initialized!
2024-04-24T01:11:55,785  INFO [main] fs.FSStatsPublisher: created : file:/home/alex/Repositories/hive/ql/target/tmp/localscratchdir/7477d5a1-794d-4495-967b-75e540050804/hive_2024-04-24_01-11-55_439_2457608152395922397-1/-mr-10000
2024-04-24T01:11:55,787  WARN [main] impl.MetricsSystemImpl: JobTracker metrics system already initialized!
2024-04-24T01:11:55,794  WARN [main] mapreduce.JobResourceUploader: Hadoop command-line option parsing not performed. Implement the Tool interface and execute your application with ToolRunner to remedy this.
2024-04-24T01:11:55,813  WARN [main] mapreduce.JobResourceUploader: No job jar file set.  User classes may not be found. See Job or Job#setJar(String).
2024-04-24T01:11:55,814  INFO [main] io.HiveInputFormat: hive.io.file.readcolumn.ids = 
2024-04-24T01:11:55,814  INFO [main] io.HiveInputFormat: hive.io.file.readcolumn.names = 
2024-04-24T01:11:55,814  INFO [main] io.HiveInputFormat: Generating splits for dirs: file:/home/alex/Repositories/hive/ql/target/tmp/localscratchdir/7477d5a1-794d-4495-967b-75e540050804/hive_2024-04-24_01-11-55_439_2457608152395922397-1/dummy_path
2024-04-24T01:11:55,814  INFO [main] io.HiveInputFormat: number of splits 1
2024-04-24T01:11:55,831  INFO [main] mapreduce.JobSubmitter: number of splits:1
2024-04-24T01:11:55,850  INFO [main] mapreduce.JobSubmitter: Submitting tokens for job: job_local48014567_0084
2024-04-24T01:11:55,850  INFO [main] mapreduce.JobSubmitter: Executing with tokens: []
2024-04-24T01:11:55,913  INFO [main] mapreduce.Job: The url to track the job: http://localhost:8080/
Job running in-process (local Hadoop)
2024-04-24T01:11:55,913  INFO [main] exec.Task: Job running in-process (local Hadoop)
2024-04-24T01:11:55,913  INFO [Thread-6847] mapred.LocalJobRunner: OutputCommitter set in config org.apache.hadoop.hive.ql.io.HiveFileFormatUtils$NullOutputCommitter
2024-04-24T01:11:55,914  INFO [Thread-6847] mapred.LocalJobRunner: OutputCommitter is org.apache.hadoop.hive.ql.io.HiveFileFormatUtils$NullOutputCommitter
2024-04-24T01:11:55,915  INFO [Thread-6847] mapred.LocalJobRunner: Waiting for map tasks
2024-04-24T01:11:55,915  INFO [LocalJobRunner Map Task Executor #0] mapred.LocalJobRunner: Starting task: attempt_local48014567_0084_m_000000_0
2024-04-24T01:11:55,918  INFO [LocalJobRunner Map Task Executor #0] mapred.Task:  Using ResourceCalculatorProcessTree : [ ]
2024-04-24T01:11:55,918  INFO [LocalJobRunner Map Task Executor #0] mapred.MapTask: Processing split: org.apache.hadoop.hive.ql.io.NullRowsInputFormat:file:/home/alex/Repositories/hive/ql/target/tmp/localscratchdir/7477d5a1-794d-4495-967b-75e540050804/hive_2024-04-24_01-11-55_439_2457608152395922397-1/dummy_path/null:0+1
2024-04-24T01:11:55,920  INFO [LocalJobRunner Map Task Executor #0] exec.SerializationUtilities: Deserializing MapWork using kryo
2024-04-24T01:11:55,921  INFO [LocalJobRunner Map Task Executor #0] exec.Utilities: Deserialized plan (via FILE) - name: null size: 5,28KB
2024-04-24T01:11:55,921  INFO [LocalJobRunner Map Task Executor #0] mapred.MapTask: numReduceTasks: 1
2024-04-24T01:11:55,925  INFO [LocalJobRunner Map Task Executor #0] mapred.MapTask: (EQUATOR) 0 kvi 26214396(104857584)
2024-04-24T01:11:55,925  INFO [LocalJobRunner Map Task Executor #0] mapred.MapTask: mapreduce.task.io.sort.mb: 100
2024-04-24T01:11:55,925  INFO [LocalJobRunner Map Task Executor #0] mapred.MapTask: soft limit at 83886080
2024-04-24T01:11:55,925  INFO [LocalJobRunner Map Task Executor #0] mapred.MapTask: bufstart = 0; bufvoid = 104857600
2024-04-24T01:11:55,925  INFO [LocalJobRunner Map Task Executor #0] mapred.MapTask: kvstart = 26214396; length = 6553600
2024-04-24T01:11:55,926  INFO [LocalJobRunner Map Task Executor #0] mapred.MapTask: Map output collector class = org.apache.hadoop.mapred.MapTask$MapOutputBuffer
2024-04-24T01:11:55,926  INFO [LocalJobRunner Map Task Executor #0] exec.MapOperator: Initializing Operator: MAP[0]
2024-04-24T01:11:55,927  INFO [LocalJobRunner Map Task Executor #0] mr.ExecMapper: 
<MAP>Id =0
  <Children>null
  <\Children>
  <Parent><\Parent>
<\MAP>
2024-04-24T01:11:55,927  INFO [LocalJobRunner Map Task Executor #0] exec.TableScanOperator: Initializing Operator: TS[0]
2024-04-24T01:11:55,927  INFO [LocalJobRunner Map Task Executor #0] exec.SelectOperator: Initializing Operator: SEL[1]
2024-04-24T01:11:55,927  INFO [LocalJobRunner Map Task Executor #0] exec.SelectOperator: SELECT null
2024-04-24T01:11:55,928  INFO [LocalJobRunner Map Task Executor #0] exec.UDTFOperator: Initializing Operator: UDTF[2]
2024-04-24T01:11:55,928  INFO [LocalJobRunner Map Task Executor #0] exec.SelectOperator: Initializing Operator: SEL[3]
2024-04-24T01:11:55,928  INFO [LocalJobRunner Map Task Executor #0] exec.SelectOperator: SELECT struct<col1:int,col2:int>
2024-04-24T01:11:55,928  INFO [LocalJobRunner Map Task Executor #0] exec.ReduceSinkOperator: Initializing Operator: RS[4]
2024-04-24T01:11:55,928  INFO [LocalJobRunner Map Task Executor #0] exec.ReduceSinkOperator: Using tag = -1
2024-04-24T01:11:55,928  INFO [LocalJobRunner Map Task Executor #0] exec.ReduceSinkOperator: keys are [reducesinkkey0] num distributions: 1
2024-04-24T01:11:55,928  INFO [LocalJobRunner Map Task Executor #0] exec.ReduceSinkOperator: RS[4]: records written - 1
2024-04-24T01:11:55,928  INFO [LocalJobRunner Map Task Executor #0] exec.MapOperator: MAP[0]: records read - 1
2024-04-24T01:11:55,929  INFO [LocalJobRunner Map Task Executor #0] exec.MapOperator: Closing Operator: MAP[0]
2024-04-24T01:11:55,929  INFO [LocalJobRunner Map Task Executor #0] exec.MapOperator: MAP[0]: Total records read - 3. abort - false
2024-04-24T01:11:55,929  INFO [LocalJobRunner Map Task Executor #0] exec.MapOperator: RECORDS_OUT_OPERATOR_MAP_0:0, RECORDS_IN:3, DESERIALIZE_ERRORS:0, RECORDS_OUT_INTERMEDIATE:0, 
2024-04-24T01:11:55,929  INFO [LocalJobRunner Map Task Executor #0] exec.TableScanOperator: Closing Operator: TS[0]
2024-04-24T01:11:55,929  INFO [LocalJobRunner Map Task Executor #0] exec.TableScanOperator: RECORDS_OUT_INTERMEDIATE:0, RECORDS_OUT_OPERATOR_TS_0:1, 
2024-04-24T01:11:55,929  INFO [LocalJobRunner Map Task Executor #0] exec.SelectOperator: Closing Operator: SEL[1]
2024-04-24T01:11:55,929  INFO [LocalJobRunner Map Task Executor #0] exec.SelectOperator: RECORDS_OUT_OPERATOR_SEL_1:1, RECORDS_OUT_INTERMEDIATE:0, 
2024-04-24T01:11:55,929  INFO [LocalJobRunner Map Task Executor #0] exec.UDTFOperator: Closing Operator: UDTF[2]
2024-04-24T01:11:55,929  INFO [LocalJobRunner Map Task Executor #0] exec.UDTFOperator: RECORDS_OUT_INTERMEDIATE:0, RECORDS_OUT_OPERATOR_UDTF_2:1, 
2024-04-24T01:11:55,929  INFO [LocalJobRunner Map Task Executor #0] exec.SelectOperator: Closing Operator: SEL[3]
2024-04-24T01:11:55,929  INFO [LocalJobRunner Map Task Executor #0] exec.SelectOperator: RECORDS_OUT_OPERATOR_SEL_3:1, RECORDS_OUT_INTERMEDIATE:0, 
2024-04-24T01:11:55,929  INFO [LocalJobRunner Map Task Executor #0] exec.ReduceSinkOperator: Closing Operator: RS[4]
2024-04-24T01:11:55,929  INFO [LocalJobRunner Map Task Executor #0] exec.ReduceSinkOperator: RS[4]: Total records written - 1. abort - false
2024-04-24T01:11:55,929  INFO [LocalJobRunner Map Task Executor #0] exec.ReduceSinkOperator: RECORDS_OUT_INTERMEDIATE:1, RECORDS_OUT_OPERATOR_RS_4:1, 
2024-04-24T01:11:55,932  INFO [LocalJobRunner Map Task Executor #0] mapred.LocalJobRunner: 
2024-04-24T01:11:55,932  INFO [LocalJobRunner Map Task Executor #0] mapred.MapTask: Starting flush of map output
2024-04-24T01:11:55,932  INFO [LocalJobRunner Map Task Executor #0] mapred.MapTask: Spilling map output
2024-04-24T01:11:55,932  INFO [LocalJobRunner Map Task Executor #0] mapred.MapTask: bufstart = 0; bufend = 16; bufvoid = 104857600
2024-04-24T01:11:55,932  INFO [LocalJobRunner Map Task Executor #0] mapred.MapTask: kvstart = 26214396(104857584); kvend = 26214396(104857584); length = 1/6553600
2024-04-24T01:11:55,942  INFO [LocalJobRunner Map Task Executor #0] mapred.MapTask: Finished spill 0
2024-04-24T01:11:55,947  INFO [LocalJobRunner Map Task Executor #0] mapred.Task: Task:attempt_local48014567_0084_m_000000_0 is done. And is in the process of committing
2024-04-24T01:11:55,947  INFO [LocalJobRunner Map Task Executor #0] mapred.LocalJobRunner: map
2024-04-24T01:11:55,947  INFO [LocalJobRunner Map Task Executor #0] mapred.Task: Task 'attempt_local48014567_0084_m_000000_0' done.
2024-04-24T01:11:55,948  INFO [LocalJobRunner Map Task Executor #0] mapred.Task: Final Counters for attempt_local48014567_0084_m_000000_0: Counters: 31
	File System Counters
		FILE: Number of bytes read=1871721
		FILE: Number of bytes written=105352656
		FILE: Number of read operations=0
		FILE: Number of large read operations=0
		FILE: Number of write operations=0
		HDFS: Number of bytes read=0
		HDFS: Number of bytes written=0
		HDFS: Number of read operations=0
		HDFS: Number of large read operations=0
		HDFS: Number of write operations=0
	Map-Reduce Framework
		Map input records=4
		Map output records=1
		Map output bytes=16
		Map output materialized bytes=24
		Input split bytes=361
		Combine input records=0
		Spilled Records=1
		Failed Shuffles=0
		Merged Map outputs=0
		GC time elapsed (ms)=0
		Total committed heap usage (bytes)=2100822016
	HIVE
		DESERIALIZE_ERRORS=0
		RECORDS_IN=3
		RECORDS_OUT_INTERMEDIATE=1
		RECORDS_OUT_OPERATOR_MAP_0=0
		RECORDS_OUT_OPERATOR_RS_4=1
		RECORDS_OUT_OPERATOR_SEL_1=1
		RECORDS_OUT_OPERATOR_SEL_3=1
		RECORDS_OUT_OPERATOR_TS_0=1
		RECORDS_OUT_OPERATOR_UDTF_2=1
	File Input Format Counters 
		Bytes Read=5335
2024-04-24T01:11:55,948  INFO [LocalJobRunner Map Task Executor #0] mapred.LocalJobRunner: Finishing task: attempt_local48014567_0084_m_000000_0
2024-04-24T01:11:55,948  INFO [Thread-6847] mapred.LocalJobRunner: map task executor complete.
2024-04-24T01:11:55,948  INFO [Thread-6847] mapred.LocalJobRunner: Waiting for reduce tasks
2024-04-24T01:11:55,949  INFO [pool-398-thread-1] mapred.LocalJobRunner: Starting task: attempt_local48014567_0084_r_000000_0
2024-04-24T01:11:55,951  INFO [pool-398-thread-1] mapred.Task:  Using ResourceCalculatorProcessTree : [ ]
2024-04-24T01:11:55,951  INFO [pool-398-thread-1] mapred.ReduceTask: Using ShuffleConsumerPlugin: org.apache.hadoop.mapreduce.task.reduce.Shuffle@564e9ccd
2024-04-24T01:11:55,951  WARN [pool-398-thread-1] impl.MetricsSystemImpl: JobTracker metrics system already initialized!
2024-04-24T01:11:55,952  INFO [pool-398-thread-1] reduce.MergeManagerImpl: MergerManager: memoryLimit=1470575360, maxSingleShuffleLimit=367643840, mergeThreshold=970579776, ioSortFactor=10, memToMemMergeOutputsThreshold=10
2024-04-24T01:11:55,953  INFO [EventFetcher for fetching Map Completion Events] reduce.EventFetcher: attempt_local48014567_0084_r_000000_0 Thread started: EventFetcher for fetching Map Completion Events
2024-04-24T01:11:55,955  INFO [localfetcher#108] reduce.LocalFetcher: localfetcher#108 about to shuffle output of map attempt_local48014567_0084_m_000000_0 decomp: 20 len: 24 to MEMORY
2024-04-24T01:11:55,955  INFO [localfetcher#108] reduce.InMemoryMapOutput: Read 20 bytes from map-output for attempt_local48014567_0084_m_000000_0
2024-04-24T01:11:55,955  INFO [localfetcher#108] reduce.MergeManagerImpl: closeInMemoryFile -> map-output of size: 20, inMemoryMapOutputs.size() -> 1, commitMemory -> 0, usedMemory ->20
2024-04-24T01:11:55,956  INFO [EventFetcher for fetching Map Completion Events] reduce.EventFetcher: EventFetcher is interrupted.. Returning
2024-04-24T01:11:55,956  INFO [pool-398-thread-1] mapred.LocalJobRunner: 1 / 1 copied.
2024-04-24T01:11:55,956  INFO [pool-398-thread-1] reduce.MergeManagerImpl: finalMerge called with 1 in-memory map-outputs and 0 on-disk map-outputs
2024-04-24T01:11:55,963  INFO [pool-398-thread-1] mapred.Merger: Merging 1 sorted segments
2024-04-24T01:11:55,963  INFO [pool-398-thread-1] mapred.Merger: Down to the last merge-pass, with 1 segments left of total size: 8 bytes
2024-04-24T01:11:55,965  INFO [pool-398-thread-1] reduce.MergeManagerImpl: Merged 1 segments, 20 bytes to disk to satisfy reduce memory limit
2024-04-24T01:11:55,966  INFO [pool-398-thread-1] reduce.MergeManagerImpl: Merging 1 files, 24 bytes from disk
2024-04-24T01:11:55,966  INFO [pool-398-thread-1] reduce.MergeManagerImpl: Merging 0 segments, 0 bytes from memory into reduce
2024-04-24T01:11:55,966  INFO [pool-398-thread-1] mapred.Merger: Merging 1 sorted segments
2024-04-24T01:11:55,966  INFO [pool-398-thread-1] mapred.Merger: Down to the last merge-pass, with 1 segments left of total size: 8 bytes
2024-04-24T01:11:55,966  INFO [pool-398-thread-1] mapred.LocalJobRunner: 1 / 1 copied.
2024-04-24T01:11:55,966  INFO [pool-398-thread-1] exec.SerializationUtilities: Deserializing ReduceWork using kryo
2024-04-24T01:11:55,967  INFO [pool-398-thread-1] exec.Utilities: Deserialized plan (via FILE) - name: null size: 5,90KB
2024-04-24T01:11:55,968  INFO [pool-398-thread-1] ExecReducer: 
<SEL>Id =5
  <Children>
    <FS>Id =6
      <Children>
      <\Children>
      <Parent>Id = 5 null<\Parent>
    <\FS>
  <\Children>
  <Parent><\Parent>
<\SEL>
2024-04-24T01:11:55,968  INFO [pool-398-thread-1] exec.SelectOperator: Initializing Operator: SEL[5]
2024-04-24T01:11:55,968  INFO [pool-398-thread-1] exec.SelectOperator: SELECT struct<key:struct<reducesinkkey0:int>,value:struct<_col0:int>>
2024-04-24T01:11:55,968  INFO [pool-398-thread-1] exec.FileSinkOperator: Initializing Operator: FS[6]
2024-04-24T01:11:55,968  INFO [pool-398-thread-1] exec.FileSinkOperator: Using serializer : AbstractSerDe [log=org.apache.logging.slf4j.Log4jLogger@7c52fdfa, configuration=Optional[Configuration: core-default.xml, core-site.xml, mapred-default.xml, mapred-site.xml, yarn-default.xml, yarn-site.xml, hdfs-default.xml, hdfs-site.xml, file:/home/alex/Repositories/hive/ql/target/tmp/TestTxnCommandsWithSplitUpdateAndVectorization/mapred/local/localRunner/alex/job_local48014567_0084/job_local48014567_0084.xml], properties={transactional_properties=default, name=default.acidtbl, transactional=true, columns.types=int:int, bucket_field_name=a, columns=a,b, numFilesErasureCoded=0, columns.comments=&amp#0;, bucketing_version=2, bucket_count=2, serialization.lib=org.apache.hadoop.hive.ql.io.orc.OrcSerde, file.inputformat=org.apache.hadoop.hive.ql.io.orc.OrcInputFormat, file.outputformat=org.apache.hadoop.hive.ql.io.orc.OrcOutputFormat, location=file:/home/alex/Repositories/hive/ql/target/tmp/org.apache.hadoop.hive.ql.TestTxnCommands-1713946100941/warehouse/acidtbl, column.name.delimiter=,}, tableProperties={transactional_properties=default, name=default.acidtbl, transactional=true, columns.types=int:int, bucket_field_name=a, columns=a,b, numFilesErasureCoded=0, columns.comments=&amp#0;, bucketing_version=2, bucket_count=2, serialization.lib=org.apache.hadoop.hive.ql.io.orc.OrcSerde, file.inputformat=org.apache.hadoop.hive.ql.io.orc.OrcInputFormat, location=file:/home/alex/Repositories/hive/ql/target/tmp/org.apache.hadoop.hive.ql.TestTxnCommands-1713946100941/warehouse/acidtbl, file.outputformat=org.apache.hadoop.hive.ql.io.orc.OrcOutputFormat, column.name.delimiter=,}, partitionProperties=Optional.empty, columnNames=[a, b], columnTypes=[int, int], getClass()=class org.apache.hadoop.hive.ql.io.orc.OrcSerde] and formatter : org.apache.hadoop.hive.ql.io.orc.OrcOutputFormat@b46e7a0
2024-04-24T01:11:55,969  INFO [pool-398-thread-1] exec.FileSinkOperator: Final Path: FS file:/home/alex/Repositories/hive/ql/target/tmp/org.apache.hadoop.hive.ql.TestTxnCommands-1713946100941/warehouse/acidtbl
2024-04-24T01:11:55,969  INFO [pool-398-thread-1] exec.FileSinkOperator: New Final Path: FS file:/home/alex/Repositories/hive/ql/target/tmp/org.apache.hadoop.hive.ql.TestTxnCommands-1713946100941/warehouse/acidtbl
2024-04-24T01:11:55,969  INFO [pool-398-thread-1] common.FileUtils: Creating directory if it doesn't exist: file:/home/alex/Repositories/hive/ql/target/tmp/org.apache.hadoop.hive.ql.TestTxnCommands-1713946100941/warehouse
2024-04-24T01:11:55,969  INFO [pool-398-thread-1] exec.FileSinkOperator: Final Path: FS file:/home/alex/Repositories/hive/ql/target/tmp/org.apache.hadoop.hive.ql.TestTxnCommands-1713946100941/warehouse/acidtbl
2024-04-24T01:11:55,969  INFO [pool-398-thread-1] exec.FileSinkOperator: New Final Path: FS file:/home/alex/Repositories/hive/ql/target/tmp/org.apache.hadoop.hive.ql.TestTxnCommands-1713946100941/warehouse/acidtbl
2024-04-24T01:11:55,969  INFO [pool-398-thread-1] common.FileUtils: Creating directory if it doesn't exist: file:/home/alex/Repositories/hive/ql/target/tmp/org.apache.hadoop.hive.ql.TestTxnCommands-1713946100941/warehouse
2024-04-24T01:11:55,970  INFO [pool-398-thread-1] exec.FileSinkOperator: FS[6]: records written - 1
2024-04-24T01:11:55,970  INFO [pool-398-thread-1] impl.PhysicalFsWriter: ORC writer created for path: file:/home/alex/Repositories/hive/ql/target/tmp/org.apache.hadoop.hive.ql.TestTxnCommands-1713946100941/warehouse/acidtbl/delta_0000001_0000001_0000/bucket_00001_0 with stripeSize: 8388608 blockSize: 268435456 compression: Compress: ZLIB buffer: 32768
2024-04-24T01:11:55,977  INFO [pool-398-thread-1] impl.WriterImpl: ORC writer created for path: file:/home/alex/Repositories/hive/ql/target/tmp/org.apache.hadoop.hive.ql.TestTxnCommands-1713946100941/warehouse/acidtbl/delta_0000001_0000001_0000/bucket_00001_0 with stripeSize: 8388608 options: Compress: ZLIB buffer: 32768
2024-04-24T01:11:55,981  INFO [pool-398-thread-1] exec.SelectOperator: Closing Operator: SEL[5]
2024-04-24T01:11:55,981  INFO [pool-398-thread-1] exec.SelectOperator: RECORDS_OUT_INTERMEDIATE:0, RECORDS_OUT_OPERATOR_SEL_5:1, 
2024-04-24T01:11:55,981  INFO [pool-398-thread-1] exec.FileSinkOperator: Closing Operator: FS[6]
2024-04-24T01:11:55,981  INFO [pool-398-thread-1] exec.FileSinkOperator: FS[6]: records written - 1
2024-04-24T01:11:55,982  INFO [pool-398-thread-1] FileOperations: Writing manifest to file:/home/alex/Repositories/hive/ql/target/tmp/org.apache.hadoop.hive.ql.TestTxnCommands-1713946100941/warehouse/acidtbl/_tmp.delta_0000001_0000001_0000/000000_0.manifest with [file:/home/alex/Repositories/hive/ql/target/tmp/org.apache.hadoop.hive.ql.TestTxnCommands-1713946100941/warehouse/acidtbl/delta_0000001_0000001_0000/bucket_00001_0]
2024-04-24T01:11:55,993  INFO [pool-398-thread-1] exec.FileSinkOperator: RECORDS_OUT_OPERATOR_FS_6:1, RECORDS_OUT_INTERMEDIATE:0, RECORDS_OUT_1_default.acidtbl:1, TOTAL_TABLE_ROWS_WRITTEN:1, 
2024-04-24T01:11:55,993  INFO [pool-398-thread-1] mapred.Task: Task:attempt_local48014567_0084_r_000000_0 is done. And is in the process of committing
2024-04-24T01:11:55,994  INFO [pool-398-thread-1] mapred.LocalJobRunner: reduce > reduce
2024-04-24T01:11:55,994  INFO [pool-398-thread-1] mapred.Task: Task 'attempt_local48014567_0084_r_000000_0' done.
2024-04-24T01:11:55,994  INFO [pool-398-thread-1] mapred.Task: Final Counters for attempt_local48014567_0084_r_000000_0: Counters: 35
	File System Counters
		FILE: Number of bytes read=1877757
		FILE: Number of bytes written=105353683
		FILE: Number of read operations=0
		FILE: Number of large read operations=0
		FILE: Number of write operations=0
		HDFS: Number of bytes read=0
		HDFS: Number of bytes written=0
		HDFS: Number of read operations=0
		HDFS: Number of large read operations=0
		HDFS: Number of write operations=0
	Map-Reduce Framework
		Combine input records=0
		Combine output records=0
		Reduce input groups=1
		Reduce shuffle bytes=24
		Reduce input records=1
		Reduce output records=0
		Spilled Records=1
		Shuffled Maps =1
		Failed Shuffles=0
		Merged Map outputs=1
		GC time elapsed (ms)=0
		Total committed heap usage (bytes)=2100822016
	HIVE
		CREATED_FILES=2
		RECORDS_OUT_1_default.acidtbl=1
		RECORDS_OUT_INTERMEDIATE=0
		RECORDS_OUT_OPERATOR_FS_6=1
		RECORDS_OUT_OPERATOR_SEL_5=1
		TOTAL_TABLE_ROWS_WRITTEN=1
	Shuffle Errors
		BAD_ID=0
		CONNECTION=0
		IO_ERROR=0
		WRONG_LENGTH=0
		WRONG_MAP=0
		WRONG_REDUCE=0
	File Output Format Counters 
		Bytes Written=0
2024-04-24T01:11:55,994  INFO [pool-398-thread-1] mapred.LocalJobRunner: Finishing task: attempt_local48014567_0084_r_000000_0
2024-04-24T01:11:55,994  INFO [Thread-6847] mapred.LocalJobRunner: reduce task executor complete.
2024-04-24 01:11:56,914 Stage-1 map = 100%,  reduce = 100%
2024-04-24T01:11:56,914  INFO [main] exec.Task: 2024-04-24 01:11:56,914 Stage-1 map = 100%,  reduce = 100%
Ended Job = job_local48014567_0084
2024-04-24T01:11:56,914  INFO [main] exec.Task: Ended Job = job_local48014567_0084
2024-04-24T01:11:56,915  INFO [main] FileOperations: Found manifest file file:/home/alex/Repositories/hive/ql/target/tmp/org.apache.hadoop.hive.ql.TestTxnCommands-1713946100941/warehouse/acidtbl/_tmp.delta_0000001_0000001_0000/000000_0.manifest with attemptId 0.
2024-04-24T01:11:56,915  INFO [main] FileOperations: Looking at manifest file: file:/home/alex/Repositories/hive/ql/target/tmp/org.apache.hadoop.hive.ql.TestTxnCommands-1713946100941/warehouse/acidtbl/_tmp.delta_0000001_0000001_0000/000000_0.manifest
2024-04-24T01:11:56,915  INFO [main] FileOperations: Deleting manifest directory file:/home/alex/Repositories/hive/ql/target/tmp/org.apache.hadoop.hive.ql.TestTxnCommands-1713946100941/warehouse/acidtbl/_tmp.delta_0000001_0000001_0000
2024-04-24T01:11:56,916  INFO [main] ql.Driver: Starting task [Stage-0:MOVE] in serial mode
Loading data to table default.acidtbl
2024-04-24T01:11:56,917  INFO [main] exec.Task: Loading data to table default.acidtbl from file:/home/alex/Repositories/hive/ql/target/tmp/org.apache.hadoop.hive.ql.TestTxnCommands-1713946100941/warehouse/acidtbl
2024-04-24T01:11:56,917  INFO [main] HiveMetaStore.audit: ugi=alex	ip=unknown-ip-addr	cmd=get_table : tbl=hive.default.acidtbl	
2024-04-24T01:11:56,923  INFO [main] metastore.HMSHandler: Skipping translation for processor with null
2024-04-24T01:11:56,923  INFO [main] HiveMetaStore.audit: ugi=alex	ip=unknown-ip-addr	cmd=get_table : tbl=hive.default.acidtbl	
2024-04-24T01:11:56,929  INFO [main] metastore.HMSHandler: Skipping translation for processor with null
2024-04-24T01:11:56,929  INFO [main] HiveMetaStore.audit: ugi=alex	ip=unknown-ip-addr	cmd=alter_table: hive.default.acidtbl newtbl=acidtbl	
2024-04-24T01:11:56,969  INFO [main] ql.Driver: Starting task [Stage-2:STATS] in serial mode
2024-04-24T01:11:56,969  INFO [main] HiveMetaStore.audit: ugi=alex	ip=unknown-ip-addr	cmd=get_table : tbl=hive.default.acidtbl	
2024-04-24T01:11:56,976  INFO [main] metastore.HMSHandler: Skipping translation for processor with null
2024-04-24T01:11:56,976  INFO [main] stats.BasicStatsTask: Executing stats task
2024-04-24T01:11:56,976  INFO [main] fs.FSStatsPublisher: created : file:/home/alex/Repositories/hive/ql/target/tmp/localscratchdir/7477d5a1-794d-4495-967b-75e540050804/hive_2024-04-24_01-11-55_439_2457608152395922397-1/-mr-10000
2024-04-24T01:11:56,977  INFO [main] HiveMetaStore.audit: ugi=alex	ip=unknown-ip-addr	cmd=get_table : tbl=hive.default.acidtbl	
2024-04-24T01:11:56,983  INFO [main] metastore.HMSHandler: Skipping translation for processor with null
2024-04-24T01:11:56,992  WARN [main] FileOperations: Computing stats for an ACID table; stats may be inaccurate
2024-04-24T01:11:56,992  INFO [main] FileOperations: Read stats for default.acidtbl/, numRows, true, 1, false: 
2024-04-24T01:11:56,992  INFO [main] FileOperations: Read stats for default.acidtbl/, rawDataSize, true, 0, false: 
2024-04-24T01:11:56,992  INFO [main] HiveMetaStore.audit: ugi=alex	ip=unknown-ip-addr	cmd=alter_table: hive.default.acidtbl newtbl=acidtbl	
2024-04-24T01:11:57,013  INFO [main] FileOperations: Read stats for default.acidtbl/, insertCount, true, 1, false: 
2024-04-24T01:11:57,013  INFO [main] FileOperations: Read stats for default.acidtbl/, updateCount, true, 0, false: 
2024-04-24T01:11:57,013  INFO [main] FileOperations: Read stats for default.acidtbl/, deleteCount, true, 0, false: 
2024-04-24T01:11:57,016  INFO [main] stats.BasicStatsTask: Table default.acidtbl stats: [numFiles=1, numRows=1, totalSize=659, rawDataSize=0, numFilesErasureCoded=0]
2024-04-24T01:11:57,016  INFO [main] metadata.Hive: Dumping metastore api call timing information for : execution phase
2024-04-24T01:11:57,016  INFO [main] metadata.Hive: Total time spent in each metastore function (ms): {updateTransactionalStatistics_(UpdateTransactionalStatsRequest)=3, isCompatibleWith_(Configuration)=0, alter_table_(String, String, String, Table, EnvironmentContext, String)=61, getTable_(GetTableRequest)=25}
MapReduce Jobs Launched: 
2024-04-24T01:11:57,017  INFO [main] ql.Driver: MapReduce Jobs Launched: 
Stage-Stage-1:  HDFS Read: 0 HDFS Write: 0 SUCCESS
2024-04-24T01:11:57,017  INFO [main] ql.Driver: Stage-Stage-1:  HDFS Read: 0 HDFS Write: 0 SUCCESS
Total MapReduce CPU Time Spent: 0 msec
2024-04-24T01:11:57,017  INFO [main] ql.Driver: Total MapReduce CPU Time Spent: 0 msec
2024-04-24T01:11:57,017  INFO [main] ql.Driver: Completed executing command(queryId=alex_20240424011155_5e8590b0-fe08-467d-a7be-5e8717ecff31); Time taken: 1.376 seconds
2024-04-24T01:11:57,017  INFO [main] lockmgr.DbTxnManager: Stopped heartbeat for query: alex_20240424011155_5e8590b0-fe08-467d-a7be-5e8717ecff31
2024-04-24T01:11:57,030  INFO [main] txn.TxnHandler: Removed transactions: ([13]) from MIN_HISTORY_LEVEL
2024-04-24T01:11:57,031  WARN [main] txn.CompactionTxnHandler: No compaction queue record found for Compaction type transaction commit. txnId:13
2024-04-24T01:11:57,031  INFO [main] ql.TxnCommandsBaseForTests: Running the query: insert into acidTbl values(0,0),(3,3)
2024-04-24T01:11:57,031  INFO [main] ql.Context: Deleting scratch dir: file:/home/alex/Repositories/hive/ql/target/tmp/localscratchdir/7477d5a1-794d-4495-967b-75e540050804/hive_2024-04-24_01-11-55_439_2457608152395922397-1
2024-04-24T01:11:57,032  INFO [main] cleanup.SyncCleanupService: Deleted directory: file:/home/alex/Repositories/hive/ql/target/tmp/localscratchdir/7477d5a1-794d-4495-967b-75e540050804/hive_2024-04-24_01-11-55_439_2457608152395922397-1 on fs with scheme file
2024-04-24T01:11:57,032  INFO [main] ql.Driver: Compiling command(queryId=alex_20240424011155_5e8590b0-fe08-467d-a7be-5e8717ecff31): insert into acidTbl values(0,0),(3,3)
2024-04-24T01:11:57,035  INFO [main] txn.TxnHandler: Added entries to MIN_HISTORY_LEVEL for current txns: ([14]) with min_open_txn: 14
2024-04-24T01:11:57,035  INFO [main] lockmgr.DbTxnManager: Opened txnid:14
2024-04-24T01:11:57,036  INFO [main] parse.CalcitePlanner: Starting caching scope for: alex_20240424011155_5e8590b0-fe08-467d-a7be-5e8717ecff31
2024-04-24T01:11:57,036  INFO [main] parse.CalcitePlanner: Starting Semantic Analysis
2024-04-24T01:11:57,039  INFO [main] HiveMetaStore.audit: ugi=alex	ip=unknown-ip-addr	cmd=get_table : tbl=hive.default.acidTbl	
2024-04-24T01:11:57,047  INFO [main] metastore.HMSHandler: Skipping translation for processor with null
2024-04-24T01:11:57,047  INFO [main] parse.CalcitePlanner: Completed phase 1 of Semantic Analysis
2024-04-24T01:11:57,047  INFO [main] parse.CalcitePlanner: Get metadata for source tables
2024-04-24T01:11:57,047  INFO [main] parse.CalcitePlanner: Get metadata for subqueries
2024-04-24T01:11:57,047  INFO [main] parse.CalcitePlanner: Get metadata for destination tables
2024-04-24T01:11:57,047  INFO [main] HiveMetaStore.audit: ugi=alex	ip=unknown-ip-addr	cmd=get_table : tbl=hive.default.acidTbl	
2024-04-24T01:11:57,053  INFO [main] metastore.HMSHandler: Skipping translation for processor with null
2024-04-24T01:11:57,054  INFO [main] parse.CalcitePlanner: Completed getting MetaData in Semantic Analysis
2024-04-24T01:11:57,054  INFO [main] parse.CalcitePlanner: Disabling LLAP IO encode as ETL query is detected
2024-04-24T01:11:57,074  INFO [main] HiveMetaStore.audit: ugi=alex	ip=unknown-ip-addr	cmd=get_all_table_constraints : tbl=hive._dummy_database._dummy_table	
2024-04-24T01:11:57,135  INFO [main] parse.CalcitePlanner: Get metadata for source tables
2024-04-24T01:11:57,135  INFO [main] parse.CalcitePlanner: Get metadata for subqueries
2024-04-24T01:11:57,135  INFO [main] parse.CalcitePlanner: Get metadata for source tables
2024-04-24T01:11:57,135  INFO [main] HiveMetaStore.audit: ugi=alex	ip=unknown-ip-addr	cmd=get_table : tbl=hive._dummy_database._dummy_table	
2024-04-24T01:11:57,137  INFO [main] parse.CalcitePlanner: Get metadata for subqueries
2024-04-24T01:11:57,137  INFO [main] parse.CalcitePlanner: Get metadata for destination tables
2024-04-24T01:11:57,137  INFO [main] parse.CalcitePlanner: Get metadata for destination tables
2024-04-24T01:11:57,139  INFO [main] HiveMetaStore.audit: ugi=alex	ip=unknown-ip-addr	cmd=get_not_null_constraints : tbl=hive.default.acidtbl	
2024-04-24T01:11:57,141  INFO [main] HiveMetaStore.audit: ugi=alex	ip=unknown-ip-addr	cmd=get_check_constraints : tbl=hive.default.acidtbl	
2024-04-24T01:11:57,152  INFO [main] txn.TxnHandler: Allocated writeId: 2 for txnId: 14
2024-04-24T01:11:57,152  INFO [main] txn.TxnHandler: Allocated write ids for dbName=default, tblName=acidtbl (txnIds: [14])
2024-04-24T01:11:57,153  INFO [main] parse.CalcitePlanner: CBO Succeeded; optimized logical plan.
2024-04-24T01:11:57,157  INFO [main] optimizer.ColumnPrunerProcFactory: RS 4 oldColExprMap: {KEY.reducesinkkey0=Column[_col0], VALUE._col0=Column[_col1]}
2024-04-24T01:11:57,157  INFO [main] optimizer.ColumnPrunerProcFactory: RS 4 newColExprMap: {VALUE._col0=Column[_col1], KEY.reducesinkkey0=Column[_col0]}
2024-04-24T01:11:57,158  INFO [main] optimizer.BucketVersionPopulator: not considering bucketingVersion for: TS[0] because it has -1<2 buckets 
2024-04-24T01:11:57,159  INFO [main] optimizer.SortedDynPartitionOptimizer: Sorted dynamic partitioning optimization kicked in..
2024-04-24T01:11:57,168  INFO [main] HiveMetaStore.audit: ugi=alex	ip=unknown-ip-addr	cmd=get_table : tbl=hive.default.acidtbl	
2024-04-24T01:11:57,174  INFO [main] metastore.HMSHandler: Skipping translation for processor with null
2024-04-24T01:11:57,175  INFO [main] physical.Vectorizer: Examining input format to see if vectorization is enabled.
2024-04-24T01:11:57,175  INFO [main] physical.Vectorizer: Map vectorization enabled: false
2024-04-24T01:11:57,175  INFO [main] physical.Vectorizer: Map vectorized: false
2024-04-24T01:11:57,175  INFO [main] physical.Vectorizer: Map vectorizedVertexNum: 0
2024-04-24T01:11:57,175  INFO [main] physical.Vectorizer: Map enabledConditionsMet: [hive.vectorized.use.vectorized.input.format IS true]
2024-04-24T01:11:57,175  INFO [main] physical.Vectorizer: Map enabledConditionsNotMet: [Could not enable vectorization due to partition column names size 1 is greater than the number of table column names size 0 IS false]
2024-04-24T01:11:57,175  INFO [main] physical.Vectorizer: Map inputFileFormatClassNameSet: [org.apache.hadoop.hive.ql.io.NullRowsInputFormat]
2024-04-24T01:11:57,175  INFO [main] physical.Vectorizer: Reduce vectorization enabled: false
2024-04-24T01:11:57,175  INFO [main] physical.Vectorizer: Reduce vectorized: false
2024-04-24T01:11:57,175  INFO [main] physical.Vectorizer: Reduce vectorizedVertexNum: 1
2024-04-24T01:11:57,175  INFO [main] physical.Vectorizer: Reducer hive.vectorized.execution.reduce.enabled: true
2024-04-24T01:11:57,175  INFO [main] physical.Vectorizer: Reducer engine: mr
2024-04-24T01:11:57,175  INFO [main] parse.CalcitePlanner: Completed plan generation
2024-04-24T01:11:57,175  INFO [main] parse.CalcitePlanner: Ending caching scope for: alex_20240424011155_5e8590b0-fe08-467d-a7be-5e8717ecff31
2024-04-24T01:11:57,175  INFO [main] ql.Driver: Semantic Analysis Completed (retrial = false)
2024-04-24T01:11:57,175  INFO [main] ql.Driver: Created Hive schema: Schema(fieldSchemas:[FieldSchema(name:col1, type:int, comment:null), FieldSchema(name:col2, type:int, comment:null)], properties:null)
2024-04-24T01:11:57,176  INFO [main] metadata.Hive: Dumping metastore api call timing information for : compilation phase
2024-04-24T01:11:57,176  INFO [main] metadata.Hive: Total time spent in each metastore function (ms): {commitTxn_(CommitTxnRequest)=14, getNotNullConstraints_(NotNullConstraintsRequest)=2, getValidWriteIds_(List, String)=3, allocateTableWriteId_(long, String, String)=10, isCompatibleWith_(Configuration)=0, getTable_(GetTableRequest)=21, openTxn_(String, TxnType)=2, flushCache_()=0, getAllTableConstraints_(AllTableConstraintsRequest)=5, getValidTxns_(long)=1, getCheckConstraints_(CheckConstraintsRequest)=1}
2024-04-24T01:11:57,176  INFO [main] ql.Driver: Completed compiling command(queryId=alex_20240424011155_5e8590b0-fe08-467d-a7be-5e8717ecff31); Time taken: 0.144 seconds
2024-04-24T01:11:57,176  INFO [main] lockmgr.DbTxnManager: Setting lock request transaction to txnid:14 for queryId=alex_20240424011155_5e8590b0-fe08-467d-a7be-5e8717ecff31
2024-04-24T01:11:57,176  INFO [main] lockmgr.DbLockManager: Requesting lock for queryId=alex_20240424011155_5e8590b0-fe08-467d-a7be-5e8717ecff31
2024-04-24T01:11:57,196  INFO [main] lockmgr.DbLockManager: Response to queryId=alex_20240424011155_5e8590b0-fe08-467d-a7be-5e8717ecff31 LockResponse(lockid:8, state:ACQUIRED)
2024-04-24T01:11:57,196  INFO [main] ql.Driver: Operation QUERY obtained 1 locks
2024-04-24T01:11:57,199  INFO [main] ql.Driver: Executing command(queryId=alex_20240424011155_5e8590b0-fe08-467d-a7be-5e8717ecff31): insert into acidTbl values(0,0),(3,3)
2024-04-24T01:11:57,199  WARN [main] ql.Driver: Hive-on-MR is deprecated in Hive 2 and may not be available in the future versions. Consider using a different execution engine (i.e. tez, spark) or using Hive 1.X releases.
Query ID = alex_20240424011155_5e8590b0-fe08-467d-a7be-5e8717ecff31
2024-04-24T01:11:57,199  INFO [main] ql.Driver: Query ID = alex_20240424011155_5e8590b0-fe08-467d-a7be-5e8717ecff31
Total jobs = 1
2024-04-24T01:11:57,199  INFO [main] ql.Driver: Total jobs = 1
Launching Job 1 out of 1
2024-04-24T01:11:57,199  INFO [main] ql.Driver: Launching Job 1 out of 1
2024-04-24T01:11:57,333  INFO [main] ql.Driver: Starting task [Stage-1:MAPRED] in serial mode
Number of reduce tasks determined at compile time: 1
2024-04-24T01:11:57,333  INFO [main] exec.Task: Number of reduce tasks determined at compile time: 1
In order to change the average load for a reducer (in bytes):
2024-04-24T01:11:57,333  INFO [main] exec.Task: In order to change the average load for a reducer (in bytes):
  set hive.exec.reducers.bytes.per.reducer=<number>
2024-04-24T01:11:57,333  INFO [main] exec.Task:   set hive.exec.reducers.bytes.per.reducer=<number>
In order to limit the maximum number of reducers:
2024-04-24T01:11:57,333  INFO [main] exec.Task: In order to limit the maximum number of reducers:
  set hive.exec.reducers.max=<number>
2024-04-24T01:11:57,333  INFO [main] exec.Task:   set hive.exec.reducers.max=<number>
In order to set a constant number of reducers:
2024-04-24T01:11:57,333  INFO [main] exec.Task: In order to set a constant number of reducers:
  set mapreduce.job.reduces=<number>
2024-04-24T01:11:57,333  INFO [main] exec.Task:   set mapreduce.job.reduces=<number>
2024-04-24T01:11:57,336  INFO [main] mr.ExecDriver: Using org.apache.hadoop.hive.ql.io.HiveInputFormat
2024-04-24T01:11:57,336  INFO [main] exec.Utilities: Processing alias $hdt$_0:_dummy_table
2024-04-24T01:11:57,336  INFO [main] exec.Utilities: Adding 1 inputs; the first input is file:/home/alex/Repositories/hive/ql/target/tmp/localscratchdir/7477d5a1-794d-4495-967b-75e540050804/hive_2024-04-24_01-11-57_032_6842899130349823606-1/dummy_path
2024-04-24T01:11:57,345  INFO [main] exec.SerializationUtilities: Serializing MapWork using kryo
2024-04-24T01:11:57,346  INFO [main] exec.Utilities: Serialized plan (via FILE) - name: null size: 5,30KB
2024-04-24T01:11:57,351  INFO [main] exec.SerializationUtilities: Serializing ReduceWork using kryo
2024-04-24T01:11:57,352  INFO [main] exec.Utilities: Serialized plan (via FILE) - name: null size: 5,92KB
2024-04-24T01:11:57,353  WARN [main] impl.MetricsSystemImpl: JobTracker metrics system already initialized!
2024-04-24T01:11:57,356  INFO [main] fs.FSStatsPublisher: created : file:/home/alex/Repositories/hive/ql/target/tmp/localscratchdir/7477d5a1-794d-4495-967b-75e540050804/hive_2024-04-24_01-11-57_032_6842899130349823606-1/-mr-10000
2024-04-24T01:11:57,358  WARN [main] impl.MetricsSystemImpl: JobTracker metrics system already initialized!
2024-04-24T01:11:57,365  WARN [main] mapreduce.JobResourceUploader: Hadoop command-line option parsing not performed. Implement the Tool interface and execute your application with ToolRunner to remedy this.
2024-04-24T01:11:57,370  WARN [main] mapreduce.JobResourceUploader: No job jar file set.  User classes may not be found. See Job or Job#setJar(String).
2024-04-24T01:11:57,371  INFO [main] io.HiveInputFormat: hive.io.file.readcolumn.ids = 
2024-04-24T01:11:57,371  INFO [main] io.HiveInputFormat: hive.io.file.readcolumn.names = 
2024-04-24T01:11:57,371  INFO [main] io.HiveInputFormat: Generating splits for dirs: file:/home/alex/Repositories/hive/ql/target/tmp/localscratchdir/7477d5a1-794d-4495-967b-75e540050804/hive_2024-04-24_01-11-57_032_6842899130349823606-1/dummy_path
2024-04-24T01:11:57,372  INFO [main] io.HiveInputFormat: number of splits 1
2024-04-24T01:11:57,391  INFO [main] mapreduce.JobSubmitter: number of splits:1
2024-04-24T01:11:57,415  INFO [main] mapreduce.JobSubmitter: Submitting tokens for job: job_local1587599589_0085
2024-04-24T01:11:57,415  INFO [main] mapreduce.JobSubmitter: Executing with tokens: []
2024-04-24T01:11:57,484  INFO [main] mapreduce.Job: The url to track the job: http://localhost:8080/
Job running in-process (local Hadoop)
2024-04-24T01:11:57,484  INFO [main] exec.Task: Job running in-process (local Hadoop)
2024-04-24T01:11:57,484  INFO [Thread-6907] mapred.LocalJobRunner: OutputCommitter set in config org.apache.hadoop.hive.ql.io.HiveFileFormatUtils$NullOutputCommitter
2024-04-24T01:11:57,484  INFO [Thread-6907] mapred.LocalJobRunner: OutputCommitter is org.apache.hadoop.hive.ql.io.HiveFileFormatUtils$NullOutputCommitter
2024-04-24T01:11:57,486  INFO [Thread-6907] mapred.LocalJobRunner: Waiting for map tasks
2024-04-24T01:11:57,486  INFO [LocalJobRunner Map Task Executor #0] mapred.LocalJobRunner: Starting task: attempt_local1587599589_0085_m_000000_0
2024-04-24T01:11:57,486  INFO [LocalJobRunner Map Task Executor #0] mapred.Task:  Using ResourceCalculatorProcessTree : [ ]
2024-04-24T01:11:57,487  INFO [LocalJobRunner Map Task Executor #0] mapred.MapTask: Processing split: org.apache.hadoop.hive.ql.io.NullRowsInputFormat:file:/home/alex/Repositories/hive/ql/target/tmp/localscratchdir/7477d5a1-794d-4495-967b-75e540050804/hive_2024-04-24_01-11-57_032_6842899130349823606-1/dummy_path/null:0+1
2024-04-24T01:11:57,487  INFO [LocalJobRunner Map Task Executor #0] exec.SerializationUtilities: Deserializing MapWork using kryo
2024-04-24T01:11:57,488  INFO [LocalJobRunner Map Task Executor #0] exec.Utilities: Deserialized plan (via FILE) - name: null size: 5,30KB
2024-04-24T01:11:57,488  INFO [LocalJobRunner Map Task Executor #0] mapred.MapTask: numReduceTasks: 1
2024-04-24T01:11:57,493  INFO [LocalJobRunner Map Task Executor #0] mapred.MapTask: (EQUATOR) 0 kvi 26214396(104857584)
2024-04-24T01:11:57,493  INFO [LocalJobRunner Map Task Executor #0] mapred.MapTask: mapreduce.task.io.sort.mb: 100
2024-04-24T01:11:57,493  INFO [LocalJobRunner Map Task Executor #0] mapred.MapTask: soft limit at 83886080
2024-04-24T01:11:57,493  INFO [LocalJobRunner Map Task Executor #0] mapred.MapTask: bufstart = 0; bufvoid = 104857600
2024-04-24T01:11:57,493  INFO [LocalJobRunner Map Task Executor #0] mapred.MapTask: kvstart = 26214396; length = 6553600
2024-04-24T01:11:57,494  INFO [LocalJobRunner Map Task Executor #0] mapred.MapTask: Map output collector class = org.apache.hadoop.mapred.MapTask$MapOutputBuffer
2024-04-24T01:11:57,494  INFO [LocalJobRunner Map Task Executor #0] exec.MapOperator: Initializing Operator: MAP[0]
2024-04-24T01:11:57,494  INFO [LocalJobRunner Map Task Executor #0] mr.ExecMapper: 
<MAP>Id =0
  <Children>null
  <\Children>
  <Parent><\Parent>
<\MAP>
2024-04-24T01:11:57,495  INFO [LocalJobRunner Map Task Executor #0] exec.TableScanOperator: Initializing Operator: TS[0]
2024-04-24T01:11:57,495  INFO [LocalJobRunner Map Task Executor #0] exec.SelectOperator: Initializing Operator: SEL[1]
2024-04-24T01:11:57,495  INFO [LocalJobRunner Map Task Executor #0] exec.SelectOperator: SELECT null
2024-04-24T01:11:57,496  INFO [LocalJobRunner Map Task Executor #0] exec.UDTFOperator: Initializing Operator: UDTF[2]
2024-04-24T01:11:57,496  INFO [LocalJobRunner Map Task Executor #0] exec.SelectOperator: Initializing Operator: SEL[3]
2024-04-24T01:11:57,496  INFO [LocalJobRunner Map Task Executor #0] exec.SelectOperator: SELECT struct<col1:int,col2:int>
2024-04-24T01:11:57,496  INFO [LocalJobRunner Map Task Executor #0] exec.ReduceSinkOperator: Initializing Operator: RS[4]
2024-04-24T01:11:57,496  INFO [LocalJobRunner Map Task Executor #0] exec.ReduceSinkOperator: Using tag = -1
2024-04-24T01:11:57,496  INFO [LocalJobRunner Map Task Executor #0] exec.ReduceSinkOperator: keys are [reducesinkkey0] num distributions: 1
2024-04-24T01:11:57,496  INFO [LocalJobRunner Map Task Executor #0] exec.ReduceSinkOperator: RS[4]: records written - 1
2024-04-24T01:11:57,496  INFO [LocalJobRunner Map Task Executor #0] exec.MapOperator: MAP[0]: records read - 1
2024-04-24T01:11:57,497  INFO [LocalJobRunner Map Task Executor #0] exec.MapOperator: Closing Operator: MAP[0]
2024-04-24T01:11:57,497  INFO [LocalJobRunner Map Task Executor #0] exec.MapOperator: MAP[0]: Total records read - 3. abort - false
2024-04-24T01:11:57,497  INFO [LocalJobRunner Map Task Executor #0] exec.MapOperator: RECORDS_IN:3, RECORDS_OUT_INTERMEDIATE:0, RECORDS_OUT_OPERATOR_MAP_0:0, DESERIALIZE_ERRORS:0, 
2024-04-24T01:11:57,497  INFO [LocalJobRunner Map Task Executor #0] exec.TableScanOperator: Closing Operator: TS[0]
2024-04-24T01:11:57,497  INFO [LocalJobRunner Map Task Executor #0] exec.TableScanOperator: RECORDS_OUT_OPERATOR_TS_0:1, RECORDS_OUT_INTERMEDIATE:0, 
2024-04-24T01:11:57,497  INFO [LocalJobRunner Map Task Executor #0] exec.SelectOperator: Closing Operator: SEL[1]
2024-04-24T01:11:57,497  INFO [LocalJobRunner Map Task Executor #0] exec.SelectOperator: RECORDS_OUT_OPERATOR_SEL_1:1, RECORDS_OUT_INTERMEDIATE:0, 
2024-04-24T01:11:57,497  INFO [LocalJobRunner Map Task Executor #0] exec.UDTFOperator: Closing Operator: UDTF[2]
2024-04-24T01:11:57,497  INFO [LocalJobRunner Map Task Executor #0] exec.UDTFOperator: RECORDS_OUT_OPERATOR_UDTF_2:2, RECORDS_OUT_INTERMEDIATE:0, 
2024-04-24T01:11:57,497  INFO [LocalJobRunner Map Task Executor #0] exec.SelectOperator: Closing Operator: SEL[3]
2024-04-24T01:11:57,497  INFO [LocalJobRunner Map Task Executor #0] exec.SelectOperator: RECORDS_OUT_OPERATOR_SEL_3:2, RECORDS_OUT_INTERMEDIATE:0, 
2024-04-24T01:11:57,497  INFO [LocalJobRunner Map Task Executor #0] exec.ReduceSinkOperator: Closing Operator: RS[4]
2024-04-24T01:11:57,497  INFO [LocalJobRunner Map Task Executor #0] exec.ReduceSinkOperator: RS[4]: Total records written - 2. abort - false
2024-04-24T01:11:57,497  INFO [LocalJobRunner Map Task Executor #0] exec.ReduceSinkOperator: RECORDS_OUT_INTERMEDIATE:2, RECORDS_OUT_OPERATOR_RS_4:2, 
2024-04-24T01:11:57,498  INFO [LocalJobRunner Map Task Executor #0] mapred.LocalJobRunner: 
2024-04-24T01:11:57,498  INFO [LocalJobRunner Map Task Executor #0] mapred.MapTask: Starting flush of map output
2024-04-24T01:11:57,498  INFO [LocalJobRunner Map Task Executor #0] mapred.MapTask: Spilling map output
2024-04-24T01:11:57,498  INFO [LocalJobRunner Map Task Executor #0] mapred.MapTask: bufstart = 0; bufend = 32; bufvoid = 104857600
2024-04-24T01:11:57,498  INFO [LocalJobRunner Map Task Executor #0] mapred.MapTask: kvstart = 26214396(104857584); kvend = 26214392(104857568); length = 5/6553600
2024-04-24T01:11:57,508  INFO [LocalJobRunner Map Task Executor #0] mapred.MapTask: Finished spill 0
2024-04-24T01:11:57,511  INFO [LocalJobRunner Map Task Executor #0] mapred.Task: Task:attempt_local1587599589_0085_m_000000_0 is done. And is in the process of committing
2024-04-24T01:11:57,511  INFO [LocalJobRunner Map Task Executor #0] mapred.LocalJobRunner: map
2024-04-24T01:11:57,511  INFO [LocalJobRunner Map Task Executor #0] mapred.Task: Task 'attempt_local1587599589_0085_m_000000_0' done.
2024-04-24T01:11:57,511  INFO [LocalJobRunner Map Task Executor #0] mapred.Task: Final Counters for attempt_local1587599589_0085_m_000000_0: Counters: 31
	File System Counters
		FILE: Number of bytes read=1883838
		FILE: Number of bytes written=106610627
		FILE: Number of read operations=0
		FILE: Number of large read operations=0
		FILE: Number of write operations=0
		HDFS: Number of bytes read=0
		HDFS: Number of bytes written=0
		HDFS: Number of read operations=0
		HDFS: Number of large read operations=0
		HDFS: Number of write operations=0
	Map-Reduce Framework
		Map input records=4
		Map output records=2
		Map output bytes=32
		Map output materialized bytes=42
		Input split bytes=361
		Combine input records=0
		Spilled Records=2
		Failed Shuffles=0
		Merged Map outputs=0
		GC time elapsed (ms)=0
		Total committed heap usage (bytes)=2100822016
	HIVE
		DESERIALIZE_ERRORS=0
		RECORDS_IN=3
		RECORDS_OUT_INTERMEDIATE=2
		RECORDS_OUT_OPERATOR_MAP_0=0
		RECORDS_OUT_OPERATOR_RS_4=2
		RECORDS_OUT_OPERATOR_SEL_1=1
		RECORDS_OUT_OPERATOR_SEL_3=2
		RECORDS_OUT_OPERATOR_TS_0=1
		RECORDS_OUT_OPERATOR_UDTF_2=2
	File Input Format Counters 
		Bytes Read=5357
2024-04-24T01:11:57,511  INFO [LocalJobRunner Map Task Executor #0] mapred.LocalJobRunner: Finishing task: attempt_local1587599589_0085_m_000000_0
2024-04-24T01:11:57,511  INFO [Thread-6907] mapred.LocalJobRunner: map task executor complete.
2024-04-24T01:11:57,512  INFO [Thread-6907] mapred.LocalJobRunner: Waiting for reduce tasks
2024-04-24T01:11:57,513  INFO [pool-403-thread-1] mapred.LocalJobRunner: Starting task: attempt_local1587599589_0085_r_000000_0
2024-04-24T01:11:57,513  INFO [pool-403-thread-1] mapred.Task:  Using ResourceCalculatorProcessTree : [ ]
2024-04-24T01:11:57,513  INFO [pool-403-thread-1] mapred.ReduceTask: Using ShuffleConsumerPlugin: org.apache.hadoop.mapreduce.task.reduce.Shuffle@61026fd1
2024-04-24T01:11:57,513  WARN [pool-403-thread-1] impl.MetricsSystemImpl: JobTracker metrics system already initialized!
2024-04-24T01:11:57,514  INFO [pool-403-thread-1] reduce.MergeManagerImpl: MergerManager: memoryLimit=1470575360, maxSingleShuffleLimit=367643840, mergeThreshold=970579776, ioSortFactor=10, memToMemMergeOutputsThreshold=10
2024-04-24T01:11:57,514  INFO [EventFetcher for fetching Map Completion Events] reduce.EventFetcher: attempt_local1587599589_0085_r_000000_0 Thread started: EventFetcher for fetching Map Completion Events
2024-04-24T01:11:57,515  INFO [localfetcher#109] reduce.LocalFetcher: localfetcher#109 about to shuffle output of map attempt_local1587599589_0085_m_000000_0 decomp: 38 len: 42 to MEMORY
2024-04-24T01:11:57,515  INFO [localfetcher#109] reduce.InMemoryMapOutput: Read 38 bytes from map-output for attempt_local1587599589_0085_m_000000_0
2024-04-24T01:11:57,515  INFO [localfetcher#109] reduce.MergeManagerImpl: closeInMemoryFile -> map-output of size: 38, inMemoryMapOutputs.size() -> 1, commitMemory -> 0, usedMemory ->38
2024-04-24T01:11:57,516  INFO [EventFetcher for fetching Map Completion Events] reduce.EventFetcher: EventFetcher is interrupted.. Returning
2024-04-24T01:11:57,516  INFO [pool-403-thread-1] mapred.LocalJobRunner: 1 / 1 copied.
2024-04-24T01:11:57,516  INFO [pool-403-thread-1] reduce.MergeManagerImpl: finalMerge called with 1 in-memory map-outputs and 0 on-disk map-outputs
2024-04-24T01:11:57,522  INFO [pool-403-thread-1] mapred.Merger: Merging 1 sorted segments
2024-04-24T01:11:57,522  INFO [pool-403-thread-1] mapred.Merger: Down to the last merge-pass, with 1 segments left of total size: 26 bytes
2024-04-24T01:11:57,525  INFO [pool-403-thread-1] reduce.MergeManagerImpl: Merged 1 segments, 38 bytes to disk to satisfy reduce memory limit
2024-04-24T01:11:57,525  INFO [pool-403-thread-1] reduce.MergeManagerImpl: Merging 1 files, 42 bytes from disk
2024-04-24T01:11:57,525  INFO [pool-403-thread-1] reduce.MergeManagerImpl: Merging 0 segments, 0 bytes from memory into reduce
2024-04-24T01:11:57,525  INFO [pool-403-thread-1] mapred.Merger: Merging 1 sorted segments
2024-04-24T01:11:57,525  INFO [pool-403-thread-1] mapred.Merger: Down to the last merge-pass, with 1 segments left of total size: 26 bytes
2024-04-24T01:11:57,525  INFO [pool-403-thread-1] mapred.LocalJobRunner: 1 / 1 copied.
2024-04-24T01:11:57,525  INFO [pool-403-thread-1] exec.SerializationUtilities: Deserializing ReduceWork using kryo
2024-04-24T01:11:57,526  INFO [pool-403-thread-1] exec.Utilities: Deserialized plan (via FILE) - name: null size: 5,92KB
2024-04-24T01:11:57,527  INFO [pool-403-thread-1] ExecReducer: 
<SEL>Id =5
  <Children>
    <FS>Id =6
      <Children>
      <\Children>
      <Parent>Id = 5 null<\Parent>
    <\FS>
  <\Children>
  <Parent><\Parent>
<\SEL>
2024-04-24T01:11:57,527  INFO [pool-403-thread-1] exec.SelectOperator: Initializing Operator: SEL[5]
2024-04-24T01:11:57,527  INFO [pool-403-thread-1] exec.SelectOperator: SELECT struct<key:struct<reducesinkkey0:int>,value:struct<_col0:int>>
2024-04-24T01:11:57,527  INFO [pool-403-thread-1] exec.FileSinkOperator: Initializing Operator: FS[6]
2024-04-24T01:11:57,527  INFO [pool-403-thread-1] exec.FileSinkOperator: Using serializer : AbstractSerDe [log=org.apache.logging.slf4j.Log4jLogger@7c52fdfa, configuration=Optional[Configuration: core-default.xml, core-site.xml, mapred-default.xml, mapred-site.xml, yarn-default.xml, yarn-site.xml, hdfs-default.xml, hdfs-site.xml, file:/home/alex/Repositories/hive/ql/target/tmp/TestTxnCommandsWithSplitUpdateAndVectorization/mapred/local/localRunner/alex/job_local1587599589_0085/job_local1587599589_0085.xml], properties={transactional_properties=default, name=default.acidtbl, transactional=true, columns.types=int:int, bucket_field_name=a, columns=a,b, numFilesErasureCoded=0, columns.comments=&amp#0;, bucketing_version=2, bucket_count=2, serialization.lib=org.apache.hadoop.hive.ql.io.orc.OrcSerde, file.inputformat=org.apache.hadoop.hive.ql.io.orc.OrcInputFormat, file.outputformat=org.apache.hadoop.hive.ql.io.orc.OrcOutputFormat, location=file:/home/alex/Repositories/hive/ql/target/tmp/org.apache.hadoop.hive.ql.TestTxnCommands-1713946100941/warehouse/acidtbl, column.name.delimiter=,}, tableProperties={transactional_properties=default, name=default.acidtbl, transactional=true, columns.types=int:int, bucket_field_name=a, columns=a,b, numFilesErasureCoded=0, columns.comments=&amp#0;, bucketing_version=2, bucket_count=2, serialization.lib=org.apache.hadoop.hive.ql.io.orc.OrcSerde, file.inputformat=org.apache.hadoop.hive.ql.io.orc.OrcInputFormat, location=file:/home/alex/Repositories/hive/ql/target/tmp/org.apache.hadoop.hive.ql.TestTxnCommands-1713946100941/warehouse/acidtbl, file.outputformat=org.apache.hadoop.hive.ql.io.orc.OrcOutputFormat, column.name.delimiter=,}, partitionProperties=Optional.empty, columnNames=[a, b], columnTypes=[int, int], getClass()=class org.apache.hadoop.hive.ql.io.orc.OrcSerde] and formatter : org.apache.hadoop.hive.ql.io.orc.OrcOutputFormat@3ffc0541
2024-04-24T01:11:57,527  INFO [pool-403-thread-1] exec.FileSinkOperator: Final Path: FS file:/home/alex/Repositories/hive/ql/target/tmp/org.apache.hadoop.hive.ql.TestTxnCommands-1713946100941/warehouse/acidtbl
2024-04-24T01:11:57,527  INFO [pool-403-thread-1] exec.FileSinkOperator: New Final Path: FS file:/home/alex/Repositories/hive/ql/target/tmp/org.apache.hadoop.hive.ql.TestTxnCommands-1713946100941/warehouse/acidtbl
2024-04-24T01:11:57,527  INFO [pool-403-thread-1] common.FileUtils: Creating directory if it doesn't exist: file:/home/alex/Repositories/hive/ql/target/tmp/org.apache.hadoop.hive.ql.TestTxnCommands-1713946100941/warehouse
2024-04-24T01:11:57,528  INFO [pool-403-thread-1] exec.FileSinkOperator: Final Path: FS file:/home/alex/Repositories/hive/ql/target/tmp/org.apache.hadoop.hive.ql.TestTxnCommands-1713946100941/warehouse/acidtbl
2024-04-24T01:11:57,528  INFO [pool-403-thread-1] exec.FileSinkOperator: New Final Path: FS file:/home/alex/Repositories/hive/ql/target/tmp/org.apache.hadoop.hive.ql.TestTxnCommands-1713946100941/warehouse/acidtbl
2024-04-24T01:11:57,528  INFO [pool-403-thread-1] common.FileUtils: Creating directory if it doesn't exist: file:/home/alex/Repositories/hive/ql/target/tmp/org.apache.hadoop.hive.ql.TestTxnCommands-1713946100941/warehouse
2024-04-24T01:11:57,528  INFO [pool-403-thread-1] exec.FileSinkOperator: FS[6]: records written - 1
2024-04-24T01:11:57,528  INFO [pool-403-thread-1] impl.PhysicalFsWriter: ORC writer created for path: file:/home/alex/Repositories/hive/ql/target/tmp/org.apache.hadoop.hive.ql.TestTxnCommands-1713946100941/warehouse/acidtbl/delta_0000002_0000002_0000/bucket_00001_0 with stripeSize: 8388608 blockSize: 268435456 compression: Compress: ZLIB buffer: 32768
2024-04-24T01:11:57,535  INFO [pool-403-thread-1] impl.WriterImpl: ORC writer created for path: file:/home/alex/Repositories/hive/ql/target/tmp/org.apache.hadoop.hive.ql.TestTxnCommands-1713946100941/warehouse/acidtbl/delta_0000002_0000002_0000/bucket_00001_0 with stripeSize: 8388608 options: Compress: ZLIB buffer: 32768
2024-04-24T01:11:57,540  INFO [pool-403-thread-1] impl.PhysicalFsWriter: ORC writer created for path: file:/home/alex/Repositories/hive/ql/target/tmp/org.apache.hadoop.hive.ql.TestTxnCommands-1713946100941/warehouse/acidtbl/delta_0000002_0000002_0000/bucket_00000_0 with stripeSize: 8388608 blockSize: 268435456 compression: Compress: ZLIB buffer: 32768
2024-04-24T01:11:57,545  INFO [pool-403-thread-1] impl.WriterImpl: ORC writer created for path: file:/home/alex/Repositories/hive/ql/target/tmp/org.apache.hadoop.hive.ql.TestTxnCommands-1713946100941/warehouse/acidtbl/delta_0000002_0000002_0000/bucket_00000_0 with stripeSize: 8388608 options: Compress: ZLIB buffer: 32768
2024-04-24T01:11:57,545  INFO [pool-403-thread-1] exec.SelectOperator: Closing Operator: SEL[5]
2024-04-24T01:11:57,545  INFO [pool-403-thread-1] exec.SelectOperator: RECORDS_OUT_OPERATOR_SEL_5:2, RECORDS_OUT_INTERMEDIATE:0, 
2024-04-24T01:11:57,545  INFO [pool-403-thread-1] exec.FileSinkOperator: Closing Operator: FS[6]
2024-04-24T01:11:57,545  INFO [pool-403-thread-1] exec.FileSinkOperator: FS[6]: records written - 2
2024-04-24T01:11:57,548  INFO [pool-403-thread-1] FileOperations: Writing manifest to file:/home/alex/Repositories/hive/ql/target/tmp/org.apache.hadoop.hive.ql.TestTxnCommands-1713946100941/warehouse/acidtbl/_tmp.delta_0000002_0000002_0000/000000_0.manifest with [file:/home/alex/Repositories/hive/ql/target/tmp/org.apache.hadoop.hive.ql.TestTxnCommands-1713946100941/warehouse/acidtbl/delta_0000002_0000002_0000/bucket_00000_0, file:/home/alex/Repositories/hive/ql/target/tmp/org.apache.hadoop.hive.ql.TestTxnCommands-1713946100941/warehouse/acidtbl/delta_0000002_0000002_0000/bucket_00001_0]
2024-04-24T01:11:57,559  INFO [pool-403-thread-1] exec.FileSinkOperator: RECORDS_OUT_OPERATOR_FS_6:2, RECORDS_OUT_INTERMEDIATE:0, TOTAL_TABLE_ROWS_WRITTEN:2, RECORDS_OUT_1_default.acidtbl:2, 
2024-04-24T01:11:57,560  INFO [pool-403-thread-1] mapred.Task: Task:attempt_local1587599589_0085_r_000000_0 is done. And is in the process of committing
2024-04-24T01:11:57,560  INFO [pool-403-thread-1] mapred.LocalJobRunner: reduce > reduce
2024-04-24T01:11:57,560  INFO [pool-403-thread-1] mapred.Task: Task 'attempt_local1587599589_0085_r_000000_0' done.
2024-04-24T01:11:57,560  INFO [pool-403-thread-1] mapred.Task: Final Counters for attempt_local1587599589_0085_r_000000_0: Counters: 35
	File System Counters
		FILE: Number of bytes read=1889932
		FILE: Number of bytes written=106612513
		FILE: Number of read operations=0
		FILE: Number of large read operations=0
		FILE: Number of write operations=0
		HDFS: Number of bytes read=0
		HDFS: Number of bytes written=0
		HDFS: Number of read operations=0
		HDFS: Number of large read operations=0
		HDFS: Number of write operations=0
	Map-Reduce Framework
		Combine input records=0
		Combine output records=0
		Reduce input groups=2
		Reduce shuffle bytes=42
		Reduce input records=2
		Reduce output records=0
		Spilled Records=2
		Shuffled Maps =1
		Failed Shuffles=0
		Merged Map outputs=1
		GC time elapsed (ms)=0
		Total committed heap usage (bytes)=2100822016
	HIVE
		CREATED_FILES=2
		RECORDS_OUT_1_default.acidtbl=2
		RECORDS_OUT_INTERMEDIATE=0
		RECORDS_OUT_OPERATOR_FS_6=2
		RECORDS_OUT_OPERATOR_SEL_5=2
		TOTAL_TABLE_ROWS_WRITTEN=2
	Shuffle Errors
		BAD_ID=0
		CONNECTION=0
		IO_ERROR=0
		WRONG_LENGTH=0
		WRONG_MAP=0
		WRONG_REDUCE=0
	File Output Format Counters 
		Bytes Written=0
2024-04-24T01:11:57,560  INFO [pool-403-thread-1] mapred.LocalJobRunner: Finishing task: attempt_local1587599589_0085_r_000000_0
2024-04-24T01:11:57,560  INFO [Thread-6907] mapred.LocalJobRunner: reduce task executor complete.
2024-04-24 01:11:58,486 Stage-1 map = 100%,  reduce = 100%
2024-04-24T01:11:58,486  INFO [main] exec.Task: 2024-04-24 01:11:58,486 Stage-1 map = 100%,  reduce = 100%
Ended Job = job_local1587599589_0085
2024-04-24T01:11:58,488  INFO [main] exec.Task: Ended Job = job_local1587599589_0085
2024-04-24T01:11:58,490  INFO [main] FileOperations: Found manifest file file:/home/alex/Repositories/hive/ql/target/tmp/org.apache.hadoop.hive.ql.TestTxnCommands-1713946100941/warehouse/acidtbl/_tmp.delta_0000002_0000002_0000/000000_0.manifest with attemptId 0.
2024-04-24T01:11:58,490  INFO [main] FileOperations: Looking at manifest file: file:/home/alex/Repositories/hive/ql/target/tmp/org.apache.hadoop.hive.ql.TestTxnCommands-1713946100941/warehouse/acidtbl/_tmp.delta_0000002_0000002_0000/000000_0.manifest
2024-04-24T01:11:58,490  INFO [main] FileOperations: Deleting manifest directory file:/home/alex/Repositories/hive/ql/target/tmp/org.apache.hadoop.hive.ql.TestTxnCommands-1713946100941/warehouse/acidtbl/_tmp.delta_0000002_0000002_0000
2024-04-24T01:11:58,492  INFO [main] ql.Driver: Starting task [Stage-0:MOVE] in serial mode
Loading data to table default.acidtbl
2024-04-24T01:11:58,492  INFO [main] exec.Task: Loading data to table default.acidtbl from file:/home/alex/Repositories/hive/ql/target/tmp/org.apache.hadoop.hive.ql.TestTxnCommands-1713946100941/warehouse/acidtbl
2024-04-24T01:11:58,492  INFO [main] HiveMetaStore.audit: ugi=alex	ip=unknown-ip-addr	cmd=get_table : tbl=hive.default.acidtbl	
2024-04-24T01:11:58,498  INFO [main] metastore.HMSHandler: Skipping translation for processor with null
2024-04-24T01:11:58,498  INFO [main] HiveMetaStore.audit: ugi=alex	ip=unknown-ip-addr	cmd=get_table : tbl=hive.default.acidtbl	
2024-04-24T01:11:58,506  INFO [main] metastore.HMSHandler: Skipping translation for processor with null
2024-04-24T01:11:58,507  INFO [main] HiveMetaStore.audit: ugi=alex	ip=unknown-ip-addr	cmd=alter_table: hive.default.acidtbl newtbl=acidtbl	
2024-04-24T01:11:58,526  INFO [main] ql.Driver: Starting task [Stage-2:STATS] in serial mode
2024-04-24T01:11:58,526  INFO [main] HiveMetaStore.audit: ugi=alex	ip=unknown-ip-addr	cmd=get_table : tbl=hive.default.acidtbl	
2024-04-24T01:11:58,532  INFO [main] metastore.HMSHandler: Skipping translation for processor with null
2024-04-24T01:11:58,532  INFO [main] stats.BasicStatsTask: Executing stats task
2024-04-24T01:11:58,532  INFO [main] fs.FSStatsPublisher: created : file:/home/alex/Repositories/hive/ql/target/tmp/localscratchdir/7477d5a1-794d-4495-967b-75e540050804/hive_2024-04-24_01-11-57_032_6842899130349823606-1/-mr-10000
2024-04-24T01:11:58,533  INFO [main] HiveMetaStore.audit: ugi=alex	ip=unknown-ip-addr	cmd=get_table : tbl=hive.default.acidtbl	
2024-04-24T01:11:58,539  INFO [main] metastore.HMSHandler: Skipping translation for processor with null
2024-04-24T01:11:58,557  WARN [main] FileOperations: Computing stats for an ACID table; stats may be inaccurate
2024-04-24T01:11:58,557  INFO [main] FileOperations: Read stats for default.acidtbl/, numRows, true, 2, false: 
2024-04-24T01:11:58,557  INFO [main] FileOperations: Read stats for default.acidtbl/, rawDataSize, true, 0, false: 
2024-04-24T01:11:58,557  INFO [main] HiveMetaStore.audit: ugi=alex	ip=unknown-ip-addr	cmd=alter_table: hive.default.acidtbl newtbl=acidtbl	
2024-04-24T01:11:58,576  INFO [main] FileOperations: Read stats for default.acidtbl/, insertCount, true, 2, false: 
2024-04-24T01:11:58,576  INFO [main] FileOperations: Read stats for default.acidtbl/, updateCount, true, 0, false: 
2024-04-24T01:11:58,576  INFO [main] FileOperations: Read stats for default.acidtbl/, deleteCount, true, 0, false: 
2024-04-24T01:11:58,576  INFO [main] stats.BasicStatsTask: Table default.acidtbl stats: [numFiles=3, numRows=3, totalSize=1978, rawDataSize=0, numFilesErasureCoded=0]
2024-04-24T01:11:58,577  INFO [main] metadata.Hive: Dumping metastore api call timing information for : execution phase
2024-04-24T01:11:58,577  INFO [main] metadata.Hive: Total time spent in each metastore function (ms): {isCompatibleWith_(Configuration)=0, updateTransactionalStatistics_(UpdateTransactionalStatsRequest)=0, getTable_(GetTableRequest)=26, alter_table_(String, String, String, Table, EnvironmentContext, String)=38}
MapReduce Jobs Launched: 
2024-04-24T01:11:58,577  INFO [main] ql.Driver: MapReduce Jobs Launched: 
Stage-Stage-1:  HDFS Read: 0 HDFS Write: 0 SUCCESS
2024-04-24T01:11:58,577  INFO [main] ql.Driver: Stage-Stage-1:  HDFS Read: 0 HDFS Write: 0 SUCCESS
Total MapReduce CPU Time Spent: 0 msec
2024-04-24T01:11:58,577  INFO [main] ql.Driver: Total MapReduce CPU Time Spent: 0 msec
2024-04-24T01:11:58,577  INFO [main] ql.Driver: Completed executing command(queryId=alex_20240424011155_5e8590b0-fe08-467d-a7be-5e8717ecff31); Time taken: 1.378 seconds
2024-04-24T01:11:58,577  INFO [main] lockmgr.DbTxnManager: Stopped heartbeat for query: alex_20240424011155_5e8590b0-fe08-467d-a7be-5e8717ecff31
2024-04-24T01:11:58,591  INFO [main] txn.TxnHandler: Removed transactions: ([14]) from MIN_HISTORY_LEVEL
2024-04-24T01:11:58,591  WARN [main] txn.CompactionTxnHandler: No compaction queue record found for Compaction type transaction commit. txnId:14
2024-04-24T01:11:58,591  INFO [main] ql.TxnCommandsBaseForTests: Running the query: update acidTbl set b = -1
2024-04-24T01:11:58,591  INFO [main] ql.Context: Deleting scratch dir: file:/home/alex/Repositories/hive/ql/target/tmp/localscratchdir/7477d5a1-794d-4495-967b-75e540050804/hive_2024-04-24_01-11-57_032_6842899130349823606-1
2024-04-24T01:11:58,592  INFO [main] cleanup.SyncCleanupService: Deleted directory: file:/home/alex/Repositories/hive/ql/target/tmp/localscratchdir/7477d5a1-794d-4495-967b-75e540050804/hive_2024-04-24_01-11-57_032_6842899130349823606-1 on fs with scheme file
2024-04-24T01:11:58,592  INFO [main] ql.Driver: Compiling command(queryId=alex_20240424011155_5e8590b0-fe08-467d-a7be-5e8717ecff31): update acidTbl set b = -1
2024-04-24T01:11:58,595  INFO [main] txn.TxnHandler: Added entries to MIN_HISTORY_LEVEL for current txns: ([15]) with min_open_txn: 15
2024-04-24T01:11:58,595  INFO [main] lockmgr.DbTxnManager: Opened txnid:15
2024-04-24T01:11:58,596  INFO [main] parse.UpdateDeleteSemanticAnalyzer: Starting caching scope for: alex_20240424011155_5e8590b0-fe08-467d-a7be-5e8717ecff31
2024-04-24T01:11:58,596  INFO [main] HiveMetaStore.audit: ugi=alex	ip=unknown-ip-addr	cmd=get_table : tbl=hive.default.acidTbl	
2024-04-24T01:11:58,602  INFO [main] metastore.HMSHandler: Skipping translation for processor with null
2024-04-24T01:11:58,602  INFO [main] parse.RewriteSemanticAnalyzer: Going to reparse <update acidTbl set b = -1> as 
<insert into table `default`.`acidTbl` select ROW__ID,`a`,`b` from `default`.`acidTbl` sort by ROW__ID >
2024-04-24T01:11:58,602  INFO [main] parse.UpdateDeleteSemanticAnalyzer: Starting Semantic Analysis
2024-04-24T01:11:58,606  INFO [main] HiveMetaStore.audit: ugi=alex	ip=unknown-ip-addr	cmd=get_table : tbl=hive.default.acidTbl	
2024-04-24T01:11:58,612  INFO [main] metastore.HMSHandler: Skipping translation for processor with null
2024-04-24T01:11:58,613  INFO [main] parse.UpdateDeleteSemanticAnalyzer: Completed phase 1 of Semantic Analysis
2024-04-24T01:11:58,613  INFO [main] parse.UpdateDeleteSemanticAnalyzer: Get metadata for source tables
2024-04-24T01:11:58,613  INFO [main] HiveMetaStore.audit: ugi=alex	ip=unknown-ip-addr	cmd=get_table : tbl=hive.default.acidtbl	
2024-04-24T01:11:58,619  INFO [main] metastore.HMSHandler: Skipping translation for processor with null
2024-04-24T01:11:58,620  INFO [main] parse.UpdateDeleteSemanticAnalyzer: Get metadata for subqueries
2024-04-24T01:11:58,620  INFO [main] parse.UpdateDeleteSemanticAnalyzer: Get metadata for destination tables
2024-04-24T01:11:58,620  INFO [main] parse.UpdateDeleteSemanticAnalyzer: Completed getting MetaData in Semantic Analysis
2024-04-24T01:11:58,620  INFO [main] parse.UpdateDeleteSemanticAnalyzer: Disabling LLAP IO encode as ETL query is detected
2024-04-24T01:11:58,631  INFO [main] HiveMetaStore.audit: ugi=alex	ip=unknown-ip-addr	cmd=get_all_table_constraints : tbl=hive.default.acidtbl	
2024-04-24T01:11:58,638  INFO [main] HiveMetaStore.audit: ugi=alex	ip=unknown-ip-addr	cmd=get_not_null_constraints : tbl=hive.default.acidtbl	
2024-04-24T01:11:58,639  INFO [main] HiveMetaStore.audit: ugi=alex	ip=unknown-ip-addr	cmd=get_check_constraints : tbl=hive.default.acidtbl	
2024-04-24T01:11:58,659  INFO [main] calcite.RelOptHiveTable: Calculating column statistics for default.acidtbl, projIndxSet: [0], allowMissingStats: true
2024-04-24T01:11:58,659  INFO [main] HiveMetaStore.audit: ugi=alex	ip=unknown-ip-addr	cmd=get_table : tbl=hive.default.acidtbl	
2024-04-24T01:11:58,668  INFO [main] metastore.HMSHandler: Skipping translation for processor with null
2024-04-24T01:11:58,668  INFO [main] HiveMetaStore.audit: ugi=alex	ip=unknown-ip-addr	cmd=get_table : tbl=hive.default.acidtbl	
2024-04-24T01:11:58,677  INFO [main] metastore.HMSHandler: Skipping translation for processor with null
2024-04-24T01:11:58,678  INFO [main] HiveMetaStore.audit: ugi=alex	ip=unknown-ip-addr	cmd=get_table_statistics_req: table=hive.default.acidtbl	
2024-04-24T01:11:58,688  WARN [main] calcite.RelOptHiveTable: No Stats for default@acidtbl, Columns: a
No Stats for default@acidtbl, Columns: a
2024-04-24T01:11:58,688  INFO [main] SessionState: No Stats for default@acidtbl, Columns: a
2024-04-24T01:11:58,752  INFO [main] parse.UpdateDeleteSemanticAnalyzer: Get metadata for source tables
2024-04-24T01:11:58,752  INFO [main] parse.UpdateDeleteSemanticAnalyzer: Get metadata for subqueries
2024-04-24T01:11:58,752  INFO [main] parse.UpdateDeleteSemanticAnalyzer: Get metadata for destination tables
2024-04-24T01:11:58,755 ERROR [main] parse.UpdateDeleteSemanticAnalyzer: CBO failed, skipping CBO. 
org.apache.hadoop.hive.ql.exec.NoMatchingMethodException: No matching method for class org.apache.hadoop.hive.ql.udf.UDFToInteger with (struct<writeid:bigint,bucketid:int,rowid:bigint>). Possible choices: _FUNC_(bigint)  _FUNC_(boolean)  _FUNC_(decimal(38,18))  _FUNC_(double)  _FUNC_(float)  _FUNC_(smallint)  _FUNC_(string)  _FUNC_(struct<rowid:bigint,writeid:bigint,bucketid:int>)  _FUNC_(timestamp)  _FUNC_(tinyint)  _FUNC_(void)  
	at org.apache.hadoop.hive.ql.exec.MethodUtils.getMethodInternal(MethodUtils.java:130) ~[classes/:?]
	at org.apache.hadoop.hive.ql.exec.MethodUtils.getMethodInternal(MethodUtils.java:60) ~[classes/:?]
	at org.apache.hadoop.hive.ql.exec.DefaultUDFMethodResolver.getEvalMethod(DefaultUDFMethodResolver.java:59) ~[classes/:?]
	at org.apache.hadoop.hive.ql.udf.TimestampCastRestrictorResolver.getEvalMethod(TimestampCastRestrictorResolver.java:68) ~[classes/:?]
	at org.apache.hadoop.hive.ql.udf.generic.GenericUDFBridge.initialize(GenericUDFBridge.java:168) ~[classes/:?]
	at org.apache.hadoop.hive.ql.udf.generic.GenericUDF.initializeAndFoldConstants(GenericUDF.java:149) ~[classes/:?]
	at org.apache.hadoop.hive.ql.plan.ExprNodeGenericFuncDesc.newInstance(ExprNodeGenericFuncDesc.java:235) ~[classes/:?]
	at org.apache.hadoop.hive.ql.parse.type.ExprNodeDescExprFactory.createFuncCallExpr(ExprNodeDescExprFactory.java:584) ~[classes/:?]
	at org.apache.hadoop.hive.ql.parse.type.ExprNodeDescExprFactory.createFuncCallExpr(ExprNodeDescExprFactory.java:97) ~[classes/:?]
	at org.apache.hadoop.hive.ql.parse.type.TypeCheckProcFactory$DefaultExprProcessor.getFuncExprNodeDescWithUdfData(TypeCheckProcFactory.java:762) ~[classes/:?]
	at org.apache.hadoop.hive.ql.parse.type.TypeCheckProcFactory$DefaultExprProcessor.createConversionCast(TypeCheckProcFactory.java:783) ~[classes/:?]
	at org.apache.hadoop.hive.ql.parse.SemanticAnalyzer.getPartitionColsFromBucketColsForUpdateDelete(SemanticAnalyzer.java:8725) ~[classes/:?]
	at org.apache.hadoop.hive.ql.parse.SemanticAnalyzer.genBucketingSortingDest(SemanticAnalyzer.java:6906) ~[classes/:?]
	at org.apache.hadoop.hive.ql.parse.SemanticAnalyzer.genFileSinkPlan(SemanticAnalyzer.java:7335) ~[classes/:?]
	at org.apache.hadoop.hive.ql.parse.SemanticAnalyzer.genPostGroupByBodyPlan(SemanticAnalyzer.java:11063) ~[classes/:?]
	at org.apache.hadoop.hive.ql.parse.SemanticAnalyzer.genBodyPlan(SemanticAnalyzer.java:10938) ~[classes/:?]
	at org.apache.hadoop.hive.ql.parse.SemanticAnalyzer.genPlan(SemanticAnalyzer.java:11853) ~[classes/:?]
	at org.apache.hadoop.hive.ql.parse.SemanticAnalyzer.genPlan(SemanticAnalyzer.java:11723) ~[classes/:?]
	at org.apache.hadoop.hive.ql.parse.CalcitePlanner.genOPTree(CalcitePlanner.java:626) ~[classes/:?]
	at org.apache.hadoop.hive.ql.parse.SemanticAnalyzer.analyzeInternal(SemanticAnalyzer.java:12558) ~[classes/:?]
	at org.apache.hadoop.hive.ql.parse.CalcitePlanner.analyzeInternal(CalcitePlanner.java:456) ~[classes/:?]
	at org.apache.hadoop.hive.ql.parse.RewriteSemanticAnalyzer.analyzeInternal(RewriteSemanticAnalyzer.java:67) ~[classes/:?]
	at org.apache.hadoop.hive.ql.parse.BaseSemanticAnalyzer.analyze(BaseSemanticAnalyzer.java:317) ~[classes/:?]
	at org.apache.hadoop.hive.ql.parse.UpdateDeleteSemanticAnalyzer.reparseAndSuperAnalyze(UpdateDeleteSemanticAnalyzer.java:208) ~[classes/:?]
	at org.apache.hadoop.hive.ql.parse.UpdateDeleteSemanticAnalyzer.analyzeUpdate(UpdateDeleteSemanticAnalyzer.java:63) ~[classes/:?]
	at org.apache.hadoop.hive.ql.parse.UpdateDeleteSemanticAnalyzer.analyze(UpdateDeleteSemanticAnalyzer.java:53) ~[classes/:?]
	at org.apache.hadoop.hive.ql.parse.RewriteSemanticAnalyzer.analyzeInternal(RewriteSemanticAnalyzer.java:72) ~[classes/:?]
	at org.apache.hadoop.hive.ql.parse.BaseSemanticAnalyzer.analyze(BaseSemanticAnalyzer.java:317) ~[classes/:?]
	at org.apache.hadoop.hive.ql.Compiler.analyze(Compiler.java:223) ~[classes/:?]
	at org.apache.hadoop.hive.ql.Compiler.compile(Compiler.java:105) ~[classes/:?]
	at org.apache.hadoop.hive.ql.Driver.compile(Driver.java:500) ~[classes/:?]
	at org.apache.hadoop.hive.ql.Driver.compileInternal(Driver.java:453) ~[classes/:?]
	at org.apache.hadoop.hive.ql.Driver.runInternal(Driver.java:181) ~[classes/:?]
	at org.apache.hadoop.hive.ql.Driver.run(Driver.java:153) ~[classes/:?]
	at org.apache.hadoop.hive.ql.Driver.run(Driver.java:140) ~[classes/:?]
	at org.apache.hadoop.hive.ql.TxnCommandsBaseForTests.runStatementOnDriver(TxnCommandsBaseForTests.java:245) ~[test-classes/:?]
	at org.apache.hadoop.hive.ql.TestTxnCommands.testMoreBucketsThanReducers(TestTxnCommands.java:1429) ~[test-classes/:?]
	at sun.reflect.NativeMethodAccessorImpl.invoke0(Native Method) ~[?:1.8.0_402]
	at sun.reflect.NativeMethodAccessorImpl.invoke(NativeMethodAccessorImpl.java:62) ~[?:1.8.0_402]
	at sun.reflect.DelegatingMethodAccessorImpl.invoke(DelegatingMethodAccessorImpl.java:43) ~[?:1.8.0_402]
	at java.lang.reflect.Method.invoke(Method.java:498) ~[?:1.8.0_402]
	at org.junit.runners.model.FrameworkMethod$1.runReflectiveCall(FrameworkMethod.java:59) ~[junit-4.13.jar:4.13]
	at org.junit.internal.runners.model.ReflectiveCallable.run(ReflectiveCallable.java:12) ~[junit-4.13.jar:4.13]
	at org.junit.runners.model.FrameworkMethod.invokeExplosively(FrameworkMethod.java:56) ~[junit-4.13.jar:4.13]
	at org.junit.internal.runners.statements.InvokeMethod.evaluate(InvokeMethod.java:17) ~[junit-4.13.jar:4.13]
	at org.junit.internal.runners.statements.RunBefores.evaluate(RunBefores.java:26) ~[junit-4.13.jar:4.13]
	at org.junit.internal.runners.statements.RunAfters.evaluate(RunAfters.java:27) ~[junit-4.13.jar:4.13]
	at org.junit.rules.TestWatcher$1.evaluate(TestWatcher.java:61) ~[junit-4.13.jar:4.13]
	at org.junit.runners.ParentRunner$3.evaluate(ParentRunner.java:306) ~[junit-4.13.jar:4.13]
	at org.junit.runners.BlockJUnit4ClassRunner$1.evaluate(BlockJUnit4ClassRunner.java:100) ~[junit-4.13.jar:4.13]
	at org.junit.runners.ParentRunner.runLeaf(ParentRunner.java:366) ~[junit-4.13.jar:4.13]
	at org.junit.runners.BlockJUnit4ClassRunner.runChild(BlockJUnit4ClassRunner.java:103) ~[junit-4.13.jar:4.13]
	at org.junit.runners.BlockJUnit4ClassRunner.runChild(BlockJUnit4ClassRunner.java:63) ~[junit-4.13.jar:4.13]
	at org.junit.runners.ParentRunner$4.run(ParentRunner.java:331) ~[junit-4.13.jar:4.13]
	at org.junit.runners.ParentRunner$1.schedule(ParentRunner.java:79) ~[junit-4.13.jar:4.13]
	at org.junit.runners.ParentRunner.runChildren(ParentRunner.java:329) ~[junit-4.13.jar:4.13]
	at org.junit.runners.ParentRunner.access$100(ParentRunner.java:66) ~[junit-4.13.jar:4.13]
	at org.junit.runners.ParentRunner$2.evaluate(ParentRunner.java:293) ~[junit-4.13.jar:4.13]
	at org.junit.runners.ParentRunner$3.evaluate(ParentRunner.java:306) ~[junit-4.13.jar:4.13]
	at org.junit.runners.ParentRunner.run(ParentRunner.java:413) ~[junit-4.13.jar:4.13]
	at org.junit.runner.JUnitCore.run(JUnitCore.java:137) ~[junit-4.13.jar:4.13]
	at org.junit.runner.JUnitCore.run(JUnitCore.java:115) ~[junit-4.13.jar:4.13]
	at org.junit.vintage.engine.execution.RunnerExecutor.execute(RunnerExecutor.java:43) ~[junit-vintage-engine-5.6.2.jar:5.6.2]
	at java.util.stream.ForEachOps$ForEachOp$OfRef.accept(ForEachOps.java:183) ~[?:1.8.0_402]
	at java.util.stream.ReferencePipeline$3$1.accept(ReferencePipeline.java:193) ~[?:1.8.0_402]
	at java.util.Iterator.forEachRemaining(Iterator.java:116) ~[?:1.8.0_402]
	at java.util.Spliterators$IteratorSpliterator.forEachRemaining(Spliterators.java:1801) ~[?:1.8.0_402]
	at java.util.stream.AbstractPipeline.copyInto(AbstractPipeline.java:482) ~[?:1.8.0_402]
	at java.util.stream.AbstractPipeline.wrapAndCopyInto(AbstractPipeline.java:472) ~[?:1.8.0_402]
	at java.util.stream.ForEachOps$ForEachOp.evaluateSequential(ForEachOps.java:150) ~[?:1.8.0_402]
	at java.util.stream.ForEachOps$ForEachOp$OfRef.evaluateSequential(ForEachOps.java:173) ~[?:1.8.0_402]
	at java.util.stream.AbstractPipeline.evaluate(AbstractPipeline.java:234) ~[?:1.8.0_402]
	at java.util.stream.ReferencePipeline.forEach(ReferencePipeline.java:485) ~[?:1.8.0_402]
	at org.junit.vintage.engine.VintageTestEngine.executeAllChildren(VintageTestEngine.java:82) ~[junit-vintage-engine-5.6.2.jar:5.6.2]
	at org.junit.vintage.engine.VintageTestEngine.execute(VintageTestEngine.java:73) ~[junit-vintage-engine-5.6.2.jar:5.6.2]
	at org.junit.platform.launcher.core.DefaultLauncher.execute(DefaultLauncher.java:248) ~[junit-platform-launcher-1.6.2.jar:1.6.2]
	at org.junit.platform.launcher.core.DefaultLauncher.lambda$execute$5(DefaultLauncher.java:211) ~[junit-platform-launcher-1.6.2.jar:1.6.2]
	at org.junit.platform.launcher.core.DefaultLauncher.withInterceptedStreams(DefaultLauncher.java:226) [junit-platform-launcher-1.6.2.jar:1.6.2]
	at org.junit.platform.launcher.core.DefaultLauncher.execute(DefaultLauncher.java:199) [junit-platform-launcher-1.6.2.jar:1.6.2]
	at org.junit.platform.launcher.core.DefaultLauncher.execute(DefaultLauncher.java:132) [junit-platform-launcher-1.6.2.jar:1.6.2]
	at org.apache.maven.surefire.junitplatform.JUnitPlatformProvider.invokeAllTests(JUnitPlatformProvider.java:154) [surefire-junit-platform-3.0.0-M4.jar:3.0.0-M4]
	at org.apache.maven.surefire.junitplatform.JUnitPlatformProvider.invoke(JUnitPlatformProvider.java:123) [surefire-junit-platform-3.0.0-M4.jar:3.0.0-M4]
	at org.apache.maven.surefire.booter.ForkedBooter.runSuitesInProcess(ForkedBooter.java:377) [surefire-booter-3.0.0-M4.jar:3.0.0-M4]
	at org.apache.maven.surefire.booter.ForkedBooter.execute(ForkedBooter.java:138) [surefire-booter-3.0.0-M4.jar:3.0.0-M4]
	at org.apache.maven.surefire.booter.ForkedBooter.run(ForkedBooter.java:465) [surefire-booter-3.0.0-M4.jar:3.0.0-M4]
	at org.apache.maven.surefire.booter.ForkedBooter.main(ForkedBooter.java:451) [surefire-booter-3.0.0-M4.jar:3.0.0-M4]
2024-04-24T01:11:58,756 ERROR [main] parse.UpdateDeleteSemanticAnalyzer: CBO failed due to missing column stats (see previous errors), skipping CBO
2024-04-24T01:11:58,756  INFO [main] parse.UpdateDeleteSemanticAnalyzer: Ending caching scope for: alex_20240424011155_5e8590b0-fe08-467d-a7be-5e8717ecff31
FAILED: NoMatchingMethodException No matching method for class org.apache.hadoop.hive.ql.udf.UDFToInteger with (struct<writeid:bigint,bucketid:int,rowid:bigint>). Possible choices: _FUNC_(bigint)  _FUNC_(boolean)  _FUNC_(decimal(38,18))  _FUNC_(double)  _FUNC_(float)  _FUNC_(smallint)  _FUNC_(string)  _FUNC_(struct<rowid:bigint,writeid:bigint,bucketid:int>)  _FUNC_(timestamp)  _FUNC_(tinyint)  _FUNC_(void)  
2024-04-24T01:11:58,757 ERROR [main] ql.Driver: FAILED: NoMatchingMethodException No matching method for class org.apache.hadoop.hive.ql.udf.UDFToInteger with (struct<writeid:bigint,bucketid:int,rowid:bigint>). Possible choices: _FUNC_(bigint)  _FUNC_(boolean)  _FUNC_(decimal(38,18))  _FUNC_(double)  _FUNC_(float)  _FUNC_(smallint)  _FUNC_(string)  _FUNC_(struct<rowid:bigint,writeid:bigint,bucketid:int>)  _FUNC_(timestamp)  _FUNC_(tinyint)  _FUNC_(void)  
org.apache.hadoop.hive.ql.exec.NoMatchingMethodException: No matching method for class org.apache.hadoop.hive.ql.udf.UDFToInteger with (struct<writeid:bigint,bucketid:int,rowid:bigint>). Possible choices: _FUNC_(bigint)  _FUNC_(boolean)  _FUNC_(decimal(38,18))  _FUNC_(double)  _FUNC_(float)  _FUNC_(smallint)  _FUNC_(string)  _FUNC_(struct<rowid:bigint,writeid:bigint,bucketid:int>)  _FUNC_(timestamp)  _FUNC_(tinyint)  _FUNC_(void)  
	at org.apache.hadoop.hive.ql.exec.MethodUtils.getMethodInternal(MethodUtils.java:130)
	at org.apache.hadoop.hive.ql.exec.MethodUtils.getMethodInternal(MethodUtils.java:60)
	at org.apache.hadoop.hive.ql.exec.DefaultUDFMethodResolver.getEvalMethod(DefaultUDFMethodResolver.java:59)
	at org.apache.hadoop.hive.ql.udf.TimestampCastRestrictorResolver.getEvalMethod(TimestampCastRestrictorResolver.java:68)
	at org.apache.hadoop.hive.ql.udf.generic.GenericUDFBridge.initialize(GenericUDFBridge.java:168)
	at org.apache.hadoop.hive.ql.udf.generic.GenericUDF.initializeAndFoldConstants(GenericUDF.java:149)
	at org.apache.hadoop.hive.ql.plan.ExprNodeGenericFuncDesc.newInstance(ExprNodeGenericFuncDesc.java:235)
	at org.apache.hadoop.hive.ql.parse.type.ExprNodeDescExprFactory.createFuncCallExpr(ExprNodeDescExprFactory.java:584)
	at org.apache.hadoop.hive.ql.parse.type.ExprNodeDescExprFactory.createFuncCallExpr(ExprNodeDescExprFactory.java:97)
	at org.apache.hadoop.hive.ql.parse.type.TypeCheckProcFactory$DefaultExprProcessor.getFuncExprNodeDescWithUdfData(TypeCheckProcFactory.java:762)
	at org.apache.hadoop.hive.ql.parse.type.TypeCheckProcFactory$DefaultExprProcessor.createConversionCast(TypeCheckProcFactory.java:783)
	at org.apache.hadoop.hive.ql.parse.SemanticAnalyzer.getPartitionColsFromBucketColsForUpdateDelete(SemanticAnalyzer.java:8725)
	at org.apache.hadoop.hive.ql.parse.SemanticAnalyzer.genBucketingSortingDest(SemanticAnalyzer.java:6906)
	at org.apache.hadoop.hive.ql.parse.SemanticAnalyzer.genFileSinkPlan(SemanticAnalyzer.java:7335)
	at org.apache.hadoop.hive.ql.parse.SemanticAnalyzer.genPostGroupByBodyPlan(SemanticAnalyzer.java:11063)
	at org.apache.hadoop.hive.ql.parse.SemanticAnalyzer.genBodyPlan(SemanticAnalyzer.java:10938)
	at org.apache.hadoop.hive.ql.parse.SemanticAnalyzer.genPlan(SemanticAnalyzer.java:11853)
	at org.apache.hadoop.hive.ql.parse.SemanticAnalyzer.genPlan(SemanticAnalyzer.java:11723)
	at org.apache.hadoop.hive.ql.parse.CalcitePlanner.genOPTree(CalcitePlanner.java:626)
	at org.apache.hadoop.hive.ql.parse.SemanticAnalyzer.analyzeInternal(SemanticAnalyzer.java:12558)
	at org.apache.hadoop.hive.ql.parse.CalcitePlanner.analyzeInternal(CalcitePlanner.java:456)
	at org.apache.hadoop.hive.ql.parse.RewriteSemanticAnalyzer.analyzeInternal(RewriteSemanticAnalyzer.java:67)
	at org.apache.hadoop.hive.ql.parse.BaseSemanticAnalyzer.analyze(BaseSemanticAnalyzer.java:317)
	at org.apache.hadoop.hive.ql.parse.UpdateDeleteSemanticAnalyzer.reparseAndSuperAnalyze(UpdateDeleteSemanticAnalyzer.java:208)
	at org.apache.hadoop.hive.ql.parse.UpdateDeleteSemanticAnalyzer.analyzeUpdate(UpdateDeleteSemanticAnalyzer.java:63)
	at org.apache.hadoop.hive.ql.parse.UpdateDeleteSemanticAnalyzer.analyze(UpdateDeleteSemanticAnalyzer.java:53)
	at org.apache.hadoop.hive.ql.parse.RewriteSemanticAnalyzer.analyzeInternal(RewriteSemanticAnalyzer.java:72)
	at org.apache.hadoop.hive.ql.parse.BaseSemanticAnalyzer.analyze(BaseSemanticAnalyzer.java:317)
	at org.apache.hadoop.hive.ql.Compiler.analyze(Compiler.java:223)
	at org.apache.hadoop.hive.ql.Compiler.compile(Compiler.java:105)
	at org.apache.hadoop.hive.ql.Driver.compile(Driver.java:500)
	at org.apache.hadoop.hive.ql.Driver.compileInternal(Driver.java:453)
	at org.apache.hadoop.hive.ql.Driver.runInternal(Driver.java:181)
	at org.apache.hadoop.hive.ql.Driver.run(Driver.java:153)
	at org.apache.hadoop.hive.ql.Driver.run(Driver.java:140)
	at org.apache.hadoop.hive.ql.TxnCommandsBaseForTests.runStatementOnDriver(TxnCommandsBaseForTests.java:245)
	at org.apache.hadoop.hive.ql.TestTxnCommands.testMoreBucketsThanReducers(TestTxnCommands.java:1429)
	at sun.reflect.NativeMethodAccessorImpl.invoke0(Native Method)
	at sun.reflect.NativeMethodAccessorImpl.invoke(NativeMethodAccessorImpl.java:62)
	at sun.reflect.DelegatingMethodAccessorImpl.invoke(DelegatingMethodAccessorImpl.java:43)
	at java.lang.reflect.Method.invoke(Method.java:498)
	at org.junit.runners.model.FrameworkMethod$1.runReflectiveCall(FrameworkMethod.java:59)
	at org.junit.internal.runners.model.ReflectiveCallable.run(ReflectiveCallable.java:12)
	at org.junit.runners.model.FrameworkMethod.invokeExplosively(FrameworkMethod.java:56)
	at org.junit.internal.runners.statements.InvokeMethod.evaluate(InvokeMethod.java:17)
	at org.junit.internal.runners.statements.RunBefores.evaluate(RunBefores.java:26)
	at org.junit.internal.runners.statements.RunAfters.evaluate(RunAfters.java:27)
	at org.junit.rules.TestWatcher$1.evaluate(TestWatcher.java:61)
	at org.junit.runners.ParentRunner$3.evaluate(ParentRunner.java:306)
	at org.junit.runners.BlockJUnit4ClassRunner$1.evaluate(BlockJUnit4ClassRunner.java:100)
	at org.junit.runners.ParentRunner.runLeaf(ParentRunner.java:366)
	at org.junit.runners.BlockJUnit4ClassRunner.runChild(BlockJUnit4ClassRunner.java:103)
	at org.junit.runners.BlockJUnit4ClassRunner.runChild(BlockJUnit4ClassRunner.java:63)
	at org.junit.runners.ParentRunner$4.run(ParentRunner.java:331)
	at org.junit.runners.ParentRunner$1.schedule(ParentRunner.java:79)
	at org.junit.runners.ParentRunner.runChildren(ParentRunner.java:329)
	at org.junit.runners.ParentRunner.access$100(ParentRunner.java:66)
	at org.junit.runners.ParentRunner$2.evaluate(ParentRunner.java:293)
	at org.junit.runners.ParentRunner$3.evaluate(ParentRunner.java:306)
	at org.junit.runners.ParentRunner.run(ParentRunner.java:413)
	at org.junit.runner.JUnitCore.run(JUnitCore.java:137)
	at org.junit.runner.JUnitCore.run(JUnitCore.java:115)
	at org.junit.vintage.engine.execution.RunnerExecutor.execute(RunnerExecutor.java:43)
	at java.util.stream.ForEachOps$ForEachOp$OfRef.accept(ForEachOps.java:183)
	at java.util.stream.ReferencePipeline$3$1.accept(ReferencePipeline.java:193)
	at java.util.Iterator.forEachRemaining(Iterator.java:116)
	at java.util.Spliterators$IteratorSpliterator.forEachRemaining(Spliterators.java:1801)
	at java.util.stream.AbstractPipeline.copyInto(AbstractPipeline.java:482)
	at java.util.stream.AbstractPipeline.wrapAndCopyInto(AbstractPipeline.java:472)
	at java.util.stream.ForEachOps$ForEachOp.evaluateSequential(ForEachOps.java:150)
	at java.util.stream.ForEachOps$ForEachOp$OfRef.evaluateSequential(ForEachOps.java:173)
	at java.util.stream.AbstractPipeline.evaluate(AbstractPipeline.java:234)
	at java.util.stream.ReferencePipeline.forEach(ReferencePipeline.java:485)
	at org.junit.vintage.engine.VintageTestEngine.executeAllChildren(VintageTestEngine.java:82)
	at org.junit.vintage.engine.VintageTestEngine.execute(VintageTestEngine.java:73)
	at org.junit.platform.launcher.core.DefaultLauncher.execute(DefaultLauncher.java:248)
	at org.junit.platform.launcher.core.DefaultLauncher.lambda$execute$5(DefaultLauncher.java:211)
	at org.junit.platform.launcher.core.DefaultLauncher.withInterceptedStreams(DefaultLauncher.java:226)
	at org.junit.platform.launcher.core.DefaultLauncher.execute(DefaultLauncher.java:199)
	at org.junit.platform.launcher.core.DefaultLauncher.execute(DefaultLauncher.java:132)
	at org.apache.maven.surefire.junitplatform.JUnitPlatformProvider.invokeAllTests(JUnitPlatformProvider.java:154)
	at org.apache.maven.surefire.junitplatform.JUnitPlatformProvider.invoke(JUnitPlatformProvider.java:123)
	at org.apache.maven.surefire.booter.ForkedBooter.runSuitesInProcess(ForkedBooter.java:377)
	at org.apache.maven.surefire.booter.ForkedBooter.execute(ForkedBooter.java:138)
	at org.apache.maven.surefire.booter.ForkedBooter.run(ForkedBooter.java:465)
	at org.apache.maven.surefire.booter.ForkedBooter.main(ForkedBooter.java:451)

2024-04-24T01:11:58,758  INFO [main] metadata.Hive: Dumping metastore api call timing information for : compilation phase
2024-04-24T01:11:58,758  INFO [main] metadata.Hive: Total time spent in each metastore function (ms): {getAllTableConstraints_(AllTableConstraintsRequest)=5, getCheckConstraints_(CheckConstraintsRequest)=1, openTxn_(String, TxnType)=2, flushCache_()=0, isCompatibleWith_(Configuration)=3, getTableColumnStatistics_(String, String, List, String)=29, getValidWriteIds_(List, String)=2, getNotNullConstraints_(NotNullConstraintsRequest)=1, commitTxn_(CommitTxnRequest)=13, getTable_(GetTableRequest)=19, getValidTxns_(long)=1}
2024-04-24T01:11:58,758  INFO [main] ql.Driver: Completed compiling command(queryId=alex_20240424011155_5e8590b0-fe08-467d-a7be-5e8717ecff31); Time taken: 0.165 seconds
2024-04-24T01:11:58,758  INFO [main] lockmgr.DbTxnManager: Stopped heartbeat for query: alex_20240424011155_5e8590b0-fe08-467d-a7be-5e8717ecff31
2024-04-24T01:11:58,763  INFO [main] txn.TxnHandler: Removed transactions: ([15]) from MIN_HISTORY_LEVEL
2024-04-24T01:11:58,773  INFO [main] ql.TxnCommandsBaseForTests: Running the query: drop table if exists acidTbl
2024-04-24T01:11:58,774  INFO [main] ql.Driver: Compiling command(queryId=alex_20240424011155_5e8590b0-fe08-467d-a7be-5e8717ecff31): drop table if exists acidTbl
2024-04-24T01:11:58,777  INFO [main] txn.TxnHandler: Added entries to MIN_HISTORY_LEVEL for current txns: ([16]) with min_open_txn: 15
2024-04-24T01:11:58,778  INFO [main] lockmgr.DbTxnManager: Opened txnid:16
2024-04-24T01:11:58,779  INFO [main] HiveMetaStore.audit: ugi=alex	ip=unknown-ip-addr	cmd=get_table : tbl=hive.default.acidTbl	
2024-04-24T01:11:58,784  INFO [main] metastore.HMSHandler: Skipping translation for processor with null
2024-04-24T01:11:58,785  INFO [main] ql.Driver: Semantic Analysis Completed (retrial = false)
2024-04-24T01:11:58,785  INFO [main] ql.Driver: Created Hive schema: Schema(fieldSchemas:null, properties:null)
2024-04-24T01:11:58,785  INFO [main] metadata.Hive: Dumping metastore api call timing information for : compilation phase
2024-04-24T01:11:58,785  INFO [main] metadata.Hive: Total time spent in each metastore function (ms): {flushCache_()=0, isCompatibleWith_(Configuration)=0, getTable_(GetTableRequest)=7, rollbackTxn_(long)=15, openTxn_(String, TxnType)=4, getValidTxns_(long)=0}
2024-04-24T01:11:58,785  INFO [main] ql.Driver: Completed compiling command(queryId=alex_20240424011155_5e8590b0-fe08-467d-a7be-5e8717ecff31); Time taken: 0.011 seconds
2024-04-24T01:11:58,785  INFO [main] lockmgr.DbTxnManager: Setting lock request transaction to txnid:16 for queryId=alex_20240424011155_5e8590b0-fe08-467d-a7be-5e8717ecff31
2024-04-24T01:11:58,785  INFO [main] lockmgr.DbLockManager: Requesting lock for queryId=alex_20240424011155_5e8590b0-fe08-467d-a7be-5e8717ecff31
2024-04-24T01:11:58,805  INFO [main] lockmgr.DbLockManager: Response to queryId=alex_20240424011155_5e8590b0-fe08-467d-a7be-5e8717ecff31 LockResponse(lockid:9, state:ACQUIRED)
2024-04-24T01:11:58,805  INFO [main] ql.Driver: Operation DROPTABLE obtained 1 locks
2024-04-24T01:11:58,805  INFO [main] ql.Driver: Executing command(queryId=alex_20240424011155_5e8590b0-fe08-467d-a7be-5e8717ecff31): drop table if exists acidTbl
2024-04-24T01:11:58,805  INFO [main] ql.Driver: Starting task [Stage-0:DDL] in serial mode
2024-04-24T01:11:58,805  INFO [main] HiveMetaStore.audit: ugi=alex	ip=unknown-ip-addr	cmd=get_table : tbl=hive.default.acidTbl	
2024-04-24T01:11:58,812  INFO [main] metastore.HMSHandler: Skipping translation for processor with null
2024-04-24T01:11:58,812  INFO [main] HiveMetaStore.audit: ugi=alex	ip=unknown-ip-addr	cmd=get_table : tbl=hive.default.acidTbl	
2024-04-24T01:11:58,818  INFO [main] metastore.HMSHandler: Skipping translation for processor with null
2024-04-24T01:11:58,818  INFO [main] HiveMetaStore.audit: ugi=alex	ip=unknown-ip-addr	cmd=drop_table : tbl=hive.default.acidTbl	
2024-04-24T01:11:58,950  INFO [main] metadata.Hive: Dumping metastore api call timing information for : execution phase
2024-04-24T01:11:58,950  INFO [main] metadata.Hive: Total time spent in each metastore function (ms): {isCompatibleWith_(Configuration)=0, dropTable_(String, String, boolean, boolean, boolean)=138, getTable_(GetTableRequest)=7}
2024-04-24T01:11:58,950  INFO [main] ql.Driver: Completed executing command(queryId=alex_20240424011155_5e8590b0-fe08-467d-a7be-5e8717ecff31); Time taken: 0.145 seconds
2024-04-24T01:11:58,956  INFO [main] lockmgr.DbTxnManager: Stopped heartbeat for query: alex_20240424011155_5e8590b0-fe08-467d-a7be-5e8717ecff31
2024-04-24T01:11:58,962  INFO [main] txn.TxnHandler: Expected to move at least one record from txn_components to completed_txn_components when committing txn! txnid:16
2024-04-24T01:11:58,971  INFO [main] txn.TxnHandler: Removed transactions: ([16]) from MIN_HISTORY_LEVEL
2024-04-24T01:11:58,973  WARN [main] txn.CompactionTxnHandler: No compaction queue record found for Compaction type transaction commit. txnId:16
2024-04-24T01:11:58,974  INFO [main] ql.TxnCommandsBaseForTests: Running the query: drop table if exists acidTblPart
2024-04-24T01:11:58,974  INFO [main] ql.Driver: Compiling command(queryId=alex_20240424011155_5e8590b0-fe08-467d-a7be-5e8717ecff31): drop table if exists acidTblPart
2024-04-24T01:11:58,986  INFO [main] txn.TxnHandler: Added entries to MIN_HISTORY_LEVEL for current txns: ([17]) with min_open_txn: 15
2024-04-24T01:11:58,986  INFO [main] lockmgr.DbTxnManager: Opened txnid:17
2024-04-24T01:11:58,989  INFO [main] HiveMetaStore.audit: ugi=alex	ip=unknown-ip-addr	cmd=get_table : tbl=hive.default.acidTblPart	
2024-04-24T01:11:59,009  INFO [main] metastore.HMSHandler: Skipping translation for processor with null
2024-04-24T01:11:59,009  INFO [main] ql.Driver: Semantic Analysis Completed (retrial = false)
2024-04-24T01:11:59,009  INFO [main] ql.Driver: Created Hive schema: Schema(fieldSchemas:null, properties:null)
2024-04-24T01:11:59,009  INFO [main] metadata.Hive: Dumping metastore api call timing information for : compilation phase
2024-04-24T01:11:59,009  INFO [main] metadata.Hive: Total time spent in each metastore function (ms): {flushCache_()=0, getTable_(GetTableRequest)=20, commitTxn_(CommitTxnRequest)=18, openTxn_(String, TxnType)=12, getValidTxns_(long)=2, isCompatibleWith_(Configuration)=1}
2024-04-24T01:11:59,009  INFO [main] ql.Driver: Completed compiling command(queryId=alex_20240424011155_5e8590b0-fe08-467d-a7be-5e8717ecff31); Time taken: 0.035 seconds
2024-04-24T01:11:59,010  INFO [main] lockmgr.DbTxnManager: Setting lock request transaction to txnid:17 for queryId=alex_20240424011155_5e8590b0-fe08-467d-a7be-5e8717ecff31
2024-04-24T01:11:59,010  INFO [main] lockmgr.DbLockManager: Requesting lock for queryId=alex_20240424011155_5e8590b0-fe08-467d-a7be-5e8717ecff31
2024-04-24T01:11:59,034  INFO [main] lockmgr.DbLockManager: Response to queryId=alex_20240424011155_5e8590b0-fe08-467d-a7be-5e8717ecff31 LockResponse(lockid:10, state:ACQUIRED)
2024-04-24T01:11:59,034  INFO [main] ql.Driver: Operation DROPTABLE obtained 1 locks
2024-04-24T01:11:59,034  INFO [main] ql.Driver: Executing command(queryId=alex_20240424011155_5e8590b0-fe08-467d-a7be-5e8717ecff31): drop table if exists acidTblPart
2024-04-24T01:11:59,034  INFO [main] ql.Driver: Starting task [Stage-0:DDL] in serial mode
2024-04-24T01:11:59,034  INFO [main] HiveMetaStore.audit: ugi=alex	ip=unknown-ip-addr	cmd=get_table : tbl=hive.default.acidTblPart	
2024-04-24T01:11:59,041  INFO [main] metastore.HMSHandler: Skipping translation for processor with null
2024-04-24T01:11:59,041  INFO [main] HiveMetaStore.audit: ugi=alex	ip=unknown-ip-addr	cmd=get_table : tbl=hive.default.acidTblPart	
2024-04-24T01:11:59,047  INFO [main] metastore.HMSHandler: Skipping translation for processor with null
2024-04-24T01:11:59,047  INFO [main] HiveMetaStore.audit: ugi=alex	ip=unknown-ip-addr	cmd=drop_table : tbl=hive.default.acidTblPart	
2024-04-24T01:11:59,092  INFO [main] metadata.Hive: Dumping metastore api call timing information for : execution phase
2024-04-24T01:11:59,092  INFO [main] metadata.Hive: Total time spent in each metastore function (ms): {isCompatibleWith_(Configuration)=0, getTable_(GetTableRequest)=7, dropTable_(String, String, boolean, boolean, boolean)=51}
2024-04-24T01:11:59,092  INFO [main] ql.Driver: Completed executing command(queryId=alex_20240424011155_5e8590b0-fe08-467d-a7be-5e8717ecff31); Time taken: 0.058 seconds
2024-04-24T01:11:59,092  INFO [main] lockmgr.DbTxnManager: Stopped heartbeat for query: alex_20240424011155_5e8590b0-fe08-467d-a7be-5e8717ecff31
2024-04-24T01:11:59,098  INFO [main] txn.TxnHandler: Expected to move at least one record from txn_components to completed_txn_components when committing txn! txnid:17
2024-04-24T01:11:59,107  INFO [main] txn.TxnHandler: Removed transactions: ([17]) from MIN_HISTORY_LEVEL
2024-04-24T01:11:59,107  WARN [main] txn.CompactionTxnHandler: No compaction queue record found for Compaction type transaction commit. txnId:17
2024-04-24T01:11:59,108  INFO [main] ql.TxnCommandsBaseForTests: Running the query: drop table if exists acidTbl2
2024-04-24T01:11:59,108  INFO [main] ql.Driver: Compiling command(queryId=alex_20240424011155_5e8590b0-fe08-467d-a7be-5e8717ecff31): drop table if exists acidTbl2
2024-04-24T01:11:59,110  INFO [main] txn.TxnHandler: Added entries to MIN_HISTORY_LEVEL for current txns: ([18]) with min_open_txn: 15
2024-04-24T01:11:59,111  INFO [main] lockmgr.DbTxnManager: Opened txnid:18
2024-04-24T01:11:59,111  INFO [main] ql.Driver: Semantic Analysis Completed (retrial = false)
2024-04-24T01:11:59,111  INFO [main] ql.Driver: Created Hive schema: Schema(fieldSchemas:null, properties:null)
2024-04-24T01:11:59,111  INFO [main] metadata.Hive: Dumping metastore api call timing information for : compilation phase
2024-04-24T01:11:59,111  INFO [main] metadata.Hive: Total time spent in each metastore function (ms): {getTable_(GetTableRequest)=0, isCompatibleWith_(Configuration)=0, getValidTxns_(long)=0, openTxn_(String, TxnType)=3, commitTxn_(CommitTxnRequest)=16, flushCache_()=0}
2024-04-24T01:11:59,112  INFO [main] ql.Driver: Completed compiling command(queryId=alex_20240424011155_5e8590b0-fe08-467d-a7be-5e8717ecff31); Time taken: 0.003 seconds
2024-04-24T01:11:59,112  INFO [main] lockmgr.DbTxnManager: Setting lock request transaction to txnid:18 for queryId=alex_20240424011155_5e8590b0-fe08-467d-a7be-5e8717ecff31
2024-04-24T01:11:59,112  INFO [main] ql.Driver: Operation DROPTABLE obtained 0 locks
2024-04-24T01:11:59,112  INFO [main] ql.Driver: Executing command(queryId=alex_20240424011155_5e8590b0-fe08-467d-a7be-5e8717ecff31): drop table if exists acidTbl2
2024-04-24T01:11:59,112  INFO [main] ql.Driver: Starting task [Stage-0:DDL] in serial mode
2024-04-24T01:11:59,112  INFO [main] metadata.SessionHiveMetaStoreClient: Column stats doesn't exist for db=default temp table=acidTbl2
2024-04-24T01:11:59,113  INFO [main] metadata.Hive: Dumping metastore api call timing information for : execution phase
2024-04-24T01:11:59,113  INFO [main] metadata.Hive: Total time spent in each metastore function (ms): {isCompatibleWith_(Configuration)=0, dropTable_(String, String, boolean, boolean, boolean)=0, getTable_(GetTableRequest)=0}
2024-04-24T01:11:59,113  INFO [main] ql.Driver: Completed executing command(queryId=alex_20240424011155_5e8590b0-fe08-467d-a7be-5e8717ecff31); Time taken: 0.001 seconds
2024-04-24T01:11:59,113  INFO [main] lockmgr.DbTxnManager: Stopped heartbeat for query: alex_20240424011155_5e8590b0-fe08-467d-a7be-5e8717ecff31
2024-04-24T01:11:59,121  INFO [main] txn.TxnHandler: Expected to move at least one record from txn_components to completed_txn_components when committing txn! txnid:18
2024-04-24T01:11:59,130  INFO [main] txn.TxnHandler: Removed transactions: ([18]) from MIN_HISTORY_LEVEL
2024-04-24T01:11:59,130  WARN [main] txn.CompactionTxnHandler: No compaction queue record found for Compaction type transaction commit. txnId:18
2024-04-24T01:11:59,131  INFO [main] ql.TxnCommandsBaseForTests: Running the query: drop table if exists nonAcidOrcTbl
2024-04-24T01:11:59,131  INFO [main] ql.Driver: Compiling command(queryId=alex_20240424011155_5e8590b0-fe08-467d-a7be-5e8717ecff31): drop table if exists nonAcidOrcTbl
2024-04-24T01:11:59,134  INFO [main] txn.TxnHandler: Added entries to MIN_HISTORY_LEVEL for current txns: ([19]) with min_open_txn: 15
2024-04-24T01:11:59,134  INFO [main] lockmgr.DbTxnManager: Opened txnid:19
2024-04-24T01:11:59,134  INFO [main] HiveMetaStore.audit: ugi=alex	ip=unknown-ip-addr	cmd=get_table : tbl=hive.default.nonAcidOrcTbl	
2024-04-24T01:11:59,163  INFO [main] metastore.HMSHandler: Skipping translation for processor with null
2024-04-24T01:11:59,163  INFO [main] ql.Driver: Semantic Analysis Completed (retrial = false)
2024-04-24T01:11:59,163  INFO [main] ql.Driver: Created Hive schema: Schema(fieldSchemas:null, properties:null)
2024-04-24T01:11:59,163  INFO [main] metadata.Hive: Dumping metastore api call timing information for : compilation phase
2024-04-24T01:11:59,163  INFO [main] metadata.Hive: Total time spent in each metastore function (ms): {openTxn_(String, TxnType)=3, getValidTxns_(long)=0, isCompatibleWith_(Configuration)=0, commitTxn_(CommitTxnRequest)=18, getTable_(GetTableRequest)=29, flushCache_()=0}
2024-04-24T01:11:59,164  INFO [main] ql.Driver: Completed compiling command(queryId=alex_20240424011155_5e8590b0-fe08-467d-a7be-5e8717ecff31); Time taken: 0.032 seconds
2024-04-24T01:11:59,164  INFO [main] lockmgr.DbTxnManager: Setting lock request transaction to txnid:19 for queryId=alex_20240424011155_5e8590b0-fe08-467d-a7be-5e8717ecff31
2024-04-24T01:11:59,164  INFO [main] lockmgr.DbLockManager: Requesting lock for queryId=alex_20240424011155_5e8590b0-fe08-467d-a7be-5e8717ecff31
2024-04-24T01:11:59,184  INFO [main] lockmgr.DbLockManager: Response to queryId=alex_20240424011155_5e8590b0-fe08-467d-a7be-5e8717ecff31 LockResponse(lockid:11, state:ACQUIRED)
2024-04-24T01:11:59,184  INFO [main] ql.Driver: Operation DROPTABLE obtained 1 locks
2024-04-24T01:11:59,184  INFO [main] ql.Driver: Executing command(queryId=alex_20240424011155_5e8590b0-fe08-467d-a7be-5e8717ecff31): drop table if exists nonAcidOrcTbl
2024-04-24T01:11:59,184  INFO [main] ql.Driver: Starting task [Stage-0:DDL] in serial mode
2024-04-24T01:11:59,184  INFO [main] HiveMetaStore.audit: ugi=alex	ip=unknown-ip-addr	cmd=get_table : tbl=hive.default.nonAcidOrcTbl	
2024-04-24T01:11:59,193  INFO [main] metastore.HMSHandler: Skipping translation for processor with null
2024-04-24T01:11:59,193  INFO [main] HiveMetaStore.audit: ugi=alex	ip=unknown-ip-addr	cmd=get_table : tbl=hive.default.nonAcidOrcTbl	
2024-04-24T01:11:59,202  INFO [main] metastore.HMSHandler: Skipping translation for processor with null
2024-04-24T01:11:59,202  INFO [main] HiveMetaStore.audit: ugi=alex	ip=unknown-ip-addr	cmd=drop_table : tbl=hive.default.nonAcidOrcTbl	
2024-04-24T01:11:59,269  INFO [main] metadata.Hive: Dumping metastore api call timing information for : execution phase
2024-04-24T01:11:59,269  INFO [main] metadata.Hive: Total time spent in each metastore function (ms): {isCompatibleWith_(Configuration)=0, getTable_(GetTableRequest)=9, dropTable_(String, String, boolean, boolean, boolean)=76}
2024-04-24T01:11:59,269  INFO [main] ql.Driver: Completed executing command(queryId=alex_20240424011155_5e8590b0-fe08-467d-a7be-5e8717ecff31); Time taken: 0.085 seconds
2024-04-24T01:11:59,270  INFO [main] lockmgr.DbTxnManager: Stopped heartbeat for query: alex_20240424011155_5e8590b0-fe08-467d-a7be-5e8717ecff31
2024-04-24T01:11:59,275  INFO [main] txn.TxnHandler: Expected to move at least one record from txn_components to completed_txn_components when committing txn! txnid:19
2024-04-24T01:11:59,285  INFO [main] txn.TxnHandler: Removed transactions: ([19]) from MIN_HISTORY_LEVEL
2024-04-24T01:11:59,285  WARN [main] txn.CompactionTxnHandler: No compaction queue record found for Compaction type transaction commit. txnId:19
2024-04-24T01:11:59,286  INFO [main] ql.TxnCommandsBaseForTests: Running the query: drop table if exists nonAcidOrcTbl2
2024-04-24T01:11:59,286  INFO [main] ql.Driver: Compiling command(queryId=alex_20240424011155_5e8590b0-fe08-467d-a7be-5e8717ecff31): drop table if exists nonAcidOrcTbl2
2024-04-24T01:11:59,289  INFO [main] txn.TxnHandler: Added entries to MIN_HISTORY_LEVEL for current txns: ([20]) with min_open_txn: 15
2024-04-24T01:11:59,290  INFO [main] lockmgr.DbTxnManager: Opened txnid:20
2024-04-24T01:11:59,290  INFO [main] HiveMetaStore.audit: ugi=alex	ip=unknown-ip-addr	cmd=get_table : tbl=hive.default.nonAcidOrcTbl2	
2024-04-24T01:11:59,298  INFO [main] metastore.HMSHandler: Skipping translation for processor with null
2024-04-24T01:11:59,298  INFO [main] ql.Driver: Semantic Analysis Completed (retrial = false)
2024-04-24T01:11:59,298  INFO [main] ql.Driver: Created Hive schema: Schema(fieldSchemas:null, properties:null)
2024-04-24T01:11:59,298  INFO [main] metadata.Hive: Dumping metastore api call timing information for : compilation phase
2024-04-24T01:11:59,298  INFO [main] metadata.Hive: Total time spent in each metastore function (ms): {flushCache_()=0, commitTxn_(CommitTxnRequest)=15, getTable_(GetTableRequest)=8, isCompatibleWith_(Configuration)=0, openTxn_(String, TxnType)=4, getValidTxns_(long)=0}
2024-04-24T01:11:59,298  INFO [main] ql.Driver: Completed compiling command(queryId=alex_20240424011155_5e8590b0-fe08-467d-a7be-5e8717ecff31); Time taken: 0.012 seconds
2024-04-24T01:11:59,298  INFO [main] lockmgr.DbTxnManager: Setting lock request transaction to txnid:20 for queryId=alex_20240424011155_5e8590b0-fe08-467d-a7be-5e8717ecff31
2024-04-24T01:11:59,299  INFO [main] lockmgr.DbLockManager: Requesting lock for queryId=alex_20240424011155_5e8590b0-fe08-467d-a7be-5e8717ecff31
2024-04-24T01:11:59,317  INFO [main] lockmgr.DbLockManager: Response to queryId=alex_20240424011155_5e8590b0-fe08-467d-a7be-5e8717ecff31 LockResponse(lockid:12, state:ACQUIRED)
2024-04-24T01:11:59,317  INFO [main] ql.Driver: Operation DROPTABLE obtained 1 locks
2024-04-24T01:11:59,317  INFO [main] ql.Driver: Executing command(queryId=alex_20240424011155_5e8590b0-fe08-467d-a7be-5e8717ecff31): drop table if exists nonAcidOrcTbl2
2024-04-24T01:11:59,317  INFO [main] ql.Driver: Starting task [Stage-0:DDL] in serial mode
2024-04-24T01:11:59,317  INFO [main] HiveMetaStore.audit: ugi=alex	ip=unknown-ip-addr	cmd=get_table : tbl=hive.default.nonAcidOrcTbl2	
2024-04-24T01:11:59,325  INFO [main] metastore.HMSHandler: Skipping translation for processor with null
2024-04-24T01:11:59,326  INFO [main] HiveMetaStore.audit: ugi=alex	ip=unknown-ip-addr	cmd=get_table : tbl=hive.default.nonAcidOrcTbl2	
2024-04-24T01:11:59,335  INFO [main] metastore.HMSHandler: Skipping translation for processor with null
2024-04-24T01:11:59,335  INFO [main] HiveMetaStore.audit: ugi=alex	ip=unknown-ip-addr	cmd=drop_table : tbl=hive.default.nonAcidOrcTbl2	
2024-04-24T01:11:59,367  INFO [main] metadata.Hive: Dumping metastore api call timing information for : execution phase
2024-04-24T01:11:59,367  INFO [main] metadata.Hive: Total time spent in each metastore function (ms): {getTable_(GetTableRequest)=8, isCompatibleWith_(Configuration)=0, dropTable_(String, String, boolean, boolean, boolean)=42}
2024-04-24T01:11:59,367  INFO [main] ql.Driver: Completed executing command(queryId=alex_20240424011155_5e8590b0-fe08-467d-a7be-5e8717ecff31); Time taken: 0.05 seconds
2024-04-24T01:11:59,367  INFO [main] lockmgr.DbTxnManager: Stopped heartbeat for query: alex_20240424011155_5e8590b0-fe08-467d-a7be-5e8717ecff31
2024-04-24T01:11:59,374  INFO [main] txn.TxnHandler: Expected to move at least one record from txn_components to completed_txn_components when committing txn! txnid:20
2024-04-24T01:11:59,383  INFO [main] txn.TxnHandler: Removed transactions: ([20]) from MIN_HISTORY_LEVEL
2024-04-24T01:11:59,384  WARN [main] txn.CompactionTxnHandler: No compaction queue record found for Compaction type transaction commit. txnId:20
2024-04-24T01:11:59,384  INFO [main] ql.TxnCommandsBaseForTests: Running the query: drop table if exists nonAcidNonBucket
2024-04-24T01:11:59,384  INFO [main] ql.Driver: Compiling command(queryId=alex_20240424011155_5e8590b0-fe08-467d-a7be-5e8717ecff31): drop table if exists nonAcidNonBucket
2024-04-24T01:11:59,387  INFO [main] txn.TxnHandler: Added entries to MIN_HISTORY_LEVEL for current txns: ([21]) with min_open_txn: 15
2024-04-24T01:11:59,387  INFO [main] lockmgr.DbTxnManager: Opened txnid:21
2024-04-24T01:11:59,388  INFO [main] HiveMetaStore.audit: ugi=alex	ip=unknown-ip-addr	cmd=get_table : tbl=hive.default.nonAcidNonBucket	
2024-04-24T01:11:59,396  INFO [main] metastore.HMSHandler: Skipping translation for processor with null
2024-04-24T01:11:59,396  INFO [main] ql.Driver: Semantic Analysis Completed (retrial = false)
2024-04-24T01:11:59,396  INFO [main] ql.Driver: Created Hive schema: Schema(fieldSchemas:null, properties:null)
2024-04-24T01:11:59,396  INFO [main] metadata.Hive: Dumping metastore api call timing information for : compilation phase
2024-04-24T01:11:59,396  INFO [main] metadata.Hive: Total time spent in each metastore function (ms): {flushCache_()=0, getTable_(GetTableRequest)=9, openTxn_(String, TxnType)=2, isCompatibleWith_(Configuration)=0, getValidTxns_(long)=0, commitTxn_(CommitTxnRequest)=17}
2024-04-24T01:11:59,396  INFO [main] ql.Driver: Completed compiling command(queryId=alex_20240424011155_5e8590b0-fe08-467d-a7be-5e8717ecff31); Time taken: 0.012 seconds
2024-04-24T01:11:59,396  INFO [main] lockmgr.DbTxnManager: Setting lock request transaction to txnid:21 for queryId=alex_20240424011155_5e8590b0-fe08-467d-a7be-5e8717ecff31
2024-04-24T01:11:59,396  INFO [main] lockmgr.DbLockManager: Requesting lock for queryId=alex_20240424011155_5e8590b0-fe08-467d-a7be-5e8717ecff31
2024-04-24T01:11:59,421  INFO [main] lockmgr.DbLockManager: Response to queryId=alex_20240424011155_5e8590b0-fe08-467d-a7be-5e8717ecff31 LockResponse(lockid:13, state:ACQUIRED)
2024-04-24T01:11:59,421  INFO [main] ql.Driver: Operation DROPTABLE obtained 1 locks
2024-04-24T01:11:59,421  INFO [main] ql.Driver: Executing command(queryId=alex_20240424011155_5e8590b0-fe08-467d-a7be-5e8717ecff31): drop table if exists nonAcidNonBucket
2024-04-24T01:11:59,421  INFO [main] ql.Driver: Starting task [Stage-0:DDL] in serial mode
2024-04-24T01:11:59,421  INFO [main] HiveMetaStore.audit: ugi=alex	ip=unknown-ip-addr	cmd=get_table : tbl=hive.default.nonAcidNonBucket	
2024-04-24T01:11:59,434  INFO [main] metastore.HMSHandler: Skipping translation for processor with null
2024-04-24T01:11:59,434  INFO [main] HiveMetaStore.audit: ugi=alex	ip=unknown-ip-addr	cmd=get_table : tbl=hive.default.nonAcidNonBucket	
2024-04-24T01:11:59,447  INFO [main] metastore.HMSHandler: Skipping translation for processor with null
2024-04-24T01:11:59,447  INFO [main] HiveMetaStore.audit: ugi=alex	ip=unknown-ip-addr	cmd=drop_table : tbl=hive.default.nonAcidNonBucket	
2024-04-24T01:11:59,488  INFO [main] metadata.Hive: Dumping metastore api call timing information for : execution phase
2024-04-24T01:11:59,488  INFO [main] metadata.Hive: Total time spent in each metastore function (ms): {getTable_(GetTableRequest)=13, dropTable_(String, String, boolean, boolean, boolean)=54, isCompatibleWith_(Configuration)=0}
2024-04-24T01:11:59,488  INFO [main] ql.Driver: Completed executing command(queryId=alex_20240424011155_5e8590b0-fe08-467d-a7be-5e8717ecff31); Time taken: 0.067 seconds
2024-04-24T01:11:59,488  INFO [main] lockmgr.DbTxnManager: Stopped heartbeat for query: alex_20240424011155_5e8590b0-fe08-467d-a7be-5e8717ecff31
2024-04-24T01:11:59,495  INFO [main] txn.TxnHandler: Expected to move at least one record from txn_components to completed_txn_components when committing txn! txnid:21
2024-04-24T01:11:59,508  INFO [main] txn.TxnHandler: Removed transactions: ([21]) from MIN_HISTORY_LEVEL
2024-04-24T01:11:59,508  WARN [main] txn.CompactionTxnHandler: No compaction queue record found for Compaction type transaction commit. txnId:21
2024-04-24T01:11:59,509  INFO [main] utils.TestTxnDbUtil: Cleaning transactional tables
]]></system-err>
  </testcase>
  <testcase name="testInsertOverwrite" classname="org.apache.hadoop.hive.ql.TestTxnCommandsWithSplitUpdateAndVectorization" time="10.953"/>
  <testcase name="testMergeNegative" classname="org.apache.hadoop.hive.ql.TestTxnCommandsWithSplitUpdateAndVectorization" time="1.548"/>
  <testcase name="testParallelInsertStats" classname="org.apache.hadoop.hive.ql.TestTxnCommandsWithSplitUpdateAndVectorization" time="10.98"/>
  <testcase name="testDeleteIn" classname="org.apache.hadoop.hive.ql.TestTxnCommandsWithSplitUpdateAndVectorization" time="2.227">
    <error type="java.lang.RuntimeException"><![CDATA[java.lang.RuntimeException: delete from acidTbl where a IN (SELECT A.a from acidTbl  A) failed: (responseCode = 40000, errorMessage = FAILED: NoMatchingMethodException No matching method for class org.apache.hadoop.hive.ql.udf.UDFToInteger with (struct<writeid:bigint,bucketid:int,rowid:bigint>). Possible choices: _FUNC_(bigint)  _FUNC_(boolean)  _FUNC_(decimal(38,18))  _FUNC_(double)  _FUNC_(float)  _FUNC_(smallint)  _FUNC_(string)  _FUNC_(struct<rowid:bigint,writeid:bigint,bucketid:int>)  _FUNC_(timestamp)  _FUNC_(tinyint)  _FUNC_(void)  , hiveErrorCode = 40000, SQLState = 42000, exception = No matching method for class org.apache.hadoop.hive.ql.udf.UDFToInteger with (struct<writeid:bigint,bucketid:int,rowid:bigint>). Possible choices: _FUNC_(bigint)  _FUNC_(boolean)  _FUNC_(decimal(38,18))  _FUNC_(double)  _FUNC_(float)  _FUNC_(smallint)  _FUNC_(string)  _FUNC_(struct<rowid:bigint,writeid:bigint,bucketid:int>)  _FUNC_(timestamp)  _FUNC_(tinyint)  _FUNC_(void)  )
	at org.apache.hadoop.hive.ql.TxnCommandsBaseForTests.runStatementOnDriver(TxnCommandsBaseForTests.java:247)
	at org.apache.hadoop.hive.ql.TestTxnCommands.testDeleteIn(TestTxnCommands.java:929)
	at sun.reflect.NativeMethodAccessorImpl.invoke0(Native Method)
	at sun.reflect.NativeMethodAccessorImpl.invoke(NativeMethodAccessorImpl.java:62)
	at sun.reflect.DelegatingMethodAccessorImpl.invoke(DelegatingMethodAccessorImpl.java:43)
	at java.lang.reflect.Method.invoke(Method.java:498)
	at org.junit.runners.model.FrameworkMethod$1.runReflectiveCall(FrameworkMethod.java:59)
	at org.junit.internal.runners.model.ReflectiveCallable.run(ReflectiveCallable.java:12)
	at org.junit.runners.model.FrameworkMethod.invokeExplosively(FrameworkMethod.java:56)
	at org.junit.internal.runners.statements.InvokeMethod.evaluate(InvokeMethod.java:17)
	at org.junit.internal.runners.statements.RunBefores.evaluate(RunBefores.java:26)
	at org.junit.internal.runners.statements.RunAfters.evaluate(RunAfters.java:27)
	at org.junit.rules.TestWatcher$1.evaluate(TestWatcher.java:61)
	at org.junit.runners.ParentRunner$3.evaluate(ParentRunner.java:306)
	at org.junit.runners.BlockJUnit4ClassRunner$1.evaluate(BlockJUnit4ClassRunner.java:100)
	at org.junit.runners.ParentRunner.runLeaf(ParentRunner.java:366)
	at org.junit.runners.BlockJUnit4ClassRunner.runChild(BlockJUnit4ClassRunner.java:103)
	at org.junit.runners.BlockJUnit4ClassRunner.runChild(BlockJUnit4ClassRunner.java:63)
	at org.junit.runners.ParentRunner$4.run(ParentRunner.java:331)
	at org.junit.runners.ParentRunner$1.schedule(ParentRunner.java:79)
	at org.junit.runners.ParentRunner.runChildren(ParentRunner.java:329)
	at org.junit.runners.ParentRunner.access$100(ParentRunner.java:66)
	at org.junit.runners.ParentRunner$2.evaluate(ParentRunner.java:293)
	at org.junit.runners.ParentRunner$3.evaluate(ParentRunner.java:306)
	at org.junit.runners.ParentRunner.run(ParentRunner.java:413)
	at org.junit.runner.JUnitCore.run(JUnitCore.java:137)
	at org.junit.runner.JUnitCore.run(JUnitCore.java:115)
	at org.junit.vintage.engine.execution.RunnerExecutor.execute(RunnerExecutor.java:43)
	at java.util.stream.ForEachOps$ForEachOp$OfRef.accept(ForEachOps.java:183)
	at java.util.stream.ReferencePipeline$3$1.accept(ReferencePipeline.java:193)
	at java.util.Iterator.forEachRemaining(Iterator.java:116)
	at java.util.Spliterators$IteratorSpliterator.forEachRemaining(Spliterators.java:1801)
	at java.util.stream.AbstractPipeline.copyInto(AbstractPipeline.java:482)
	at java.util.stream.AbstractPipeline.wrapAndCopyInto(AbstractPipeline.java:472)
	at java.util.stream.ForEachOps$ForEachOp.evaluateSequential(ForEachOps.java:150)
	at java.util.stream.ForEachOps$ForEachOp$OfRef.evaluateSequential(ForEachOps.java:173)
	at java.util.stream.AbstractPipeline.evaluate(AbstractPipeline.java:234)
	at java.util.stream.ReferencePipeline.forEach(ReferencePipeline.java:485)
	at org.junit.vintage.engine.VintageTestEngine.executeAllChildren(VintageTestEngine.java:82)
	at org.junit.vintage.engine.VintageTestEngine.execute(VintageTestEngine.java:73)
	at org.junit.platform.launcher.core.DefaultLauncher.execute(DefaultLauncher.java:248)
	at org.junit.platform.launcher.core.DefaultLauncher.lambda$execute$5(DefaultLauncher.java:211)
	at org.junit.platform.launcher.core.DefaultLauncher.withInterceptedStreams(DefaultLauncher.java:226)
	at org.junit.platform.launcher.core.DefaultLauncher.execute(DefaultLauncher.java:199)
	at org.junit.platform.launcher.core.DefaultLauncher.execute(DefaultLauncher.java:132)
	at org.apache.maven.surefire.junitplatform.JUnitPlatformProvider.invokeAllTests(JUnitPlatformProvider.java:154)
	at org.apache.maven.surefire.junitplatform.JUnitPlatformProvider.invoke(JUnitPlatformProvider.java:123)
	at org.apache.maven.surefire.booter.ForkedBooter.runSuitesInProcess(ForkedBooter.java:377)
	at org.apache.maven.surefire.booter.ForkedBooter.execute(ForkedBooter.java:138)
	at org.apache.maven.surefire.booter.ForkedBooter.run(ForkedBooter.java:465)
	at org.apache.maven.surefire.booter.ForkedBooter.main(ForkedBooter.java:451)
]]></error>
    <system-err><![CDATA[2024-04-24T01:12:23,077  WARN [main] conf.HiveConf: HiveConf of name hive.dummyparam.test.server.specific.config.hivesite does not exist
2024-04-24T01:12:23,077  WARN [main] conf.HiveConf: HiveConf of name hive.dummyparam.test.server.specific.config.metastoresite does not exist
2024-04-24T01:12:23,077  WARN [main] conf.HiveConf: HiveConf of name hive.llap.io.cache.orc.alloc.min does not exist
2024-04-24T01:12:23,077  WARN [main] conf.HiveConf: HiveConf of name hive.metastore.client.cache.maxSize does not exist
2024-04-24T01:12:23,077  WARN [main] conf.HiveConf: HiveConf of name hive.llap.io.cache.orc.arena.size does not exist
2024-04-24T01:12:23,077  WARN [main] conf.HiveConf: HiveConf of name hive.metastore.metadb.dir does not exist
2024-04-24T01:12:23,077  WARN [main] conf.HiveConf: HiveConf of name hive.llap.io.cache.orc.alloc.max does not exist
2024-04-24T01:12:23,077  WARN [main] conf.HiveConf: HiveConf of name hive.metastore.client.cache.recordStats does not exist
2024-04-24T01:12:23,077  WARN [main] conf.HiveConf: HiveConf of name hive.stats.key.prefix.reserve.length does not exist
2024-04-24T01:12:23,077  WARN [main] conf.HiveConf: HiveConf of name hive.llap.io.cache.orc.size does not exist
2024-04-24T01:12:23,077  WARN [main] conf.HiveConf: HiveConf of name hive.dummyparam.test.server.specific.config.override does not exist
2024-04-24T01:12:23,081  INFO [main] utils.TestTxnDbUtil: Creating transactional tables
Hive Session ID = 8804c7d4-3c41-4f3b-8f2e-fee0b8d7a37c
2024-04-24T01:12:23,084  INFO [main] SessionState: Hive Session ID = 8804c7d4-3c41-4f3b-8f2e-fee0b8d7a37c
ivysettings.xml file not found in HIVE_HOME or HIVE_CONF_DIR,/home/alex/Repositories/hive/conf/ivysettings.xml will be used
2024-04-24T01:12:23,085  INFO [main] DependencyResolver: ivysettings.xml file not found in HIVE_HOME or HIVE_CONF_DIR,/home/alex/Repositories/hive/conf/ivysettings.xml will be used
2024-04-24T01:12:23,090  INFO [main] session.SessionState: Created HDFS directory: /home/alex/Repositories/hive/ql/target/tmp/scratchdir/alex/8804c7d4-3c41-4f3b-8f2e-fee0b8d7a37c
2024-04-24T01:12:23,092  INFO [main] session.SessionState: Created local directory: /home/alex/Repositories/hive/ql/target/tmp/localscratchdir/8804c7d4-3c41-4f3b-8f2e-fee0b8d7a37c
2024-04-24T01:12:23,095  INFO [main] session.SessionState: Created HDFS directory: /home/alex/Repositories/hive/ql/target/tmp/scratchdir/alex/8804c7d4-3c41-4f3b-8f2e-fee0b8d7a37c/_tmp_space.db
2024-04-24T01:12:23,095  INFO [main] sqlstd.SQLStdHiveAccessController: Created SQLStdHiveAccessController for session context : HiveAuthzSessionContext [sessionString=8804c7d4-3c41-4f3b-8f2e-fee0b8d7a37c, clientType=HIVECLI]
2024-04-24T01:12:23,096  INFO [main] ql.TxnCommandsBaseForTests: Running the query: drop table if exists acidTbl
2024-04-24T01:12:23,096  INFO [main] ql.Driver: Compiling command(queryId=alex_20240424011223_a2a78aae-1739-483c-bc7c-1b2072ee3e35): drop table if exists acidTbl
2024-04-24T01:12:23,113  INFO [main] txn.TxnHandler: Added entries to MIN_HISTORY_LEVEL for current txns: ([1]) with min_open_txn: 1
2024-04-24T01:12:23,113  INFO [main] lockmgr.DbTxnManager: Opened txnid:1
2024-04-24T01:12:23,118  INFO [main] HiveMetaStore.audit: ugi=alex	ip=unknown-ip-addr	cmd=get_table : tbl=hive.default.acidTbl	
2024-04-24T01:12:23,123  INFO [main] ql.Driver: Semantic Analysis Completed (retrial = false)
2024-04-24T01:12:23,123  INFO [main] ql.Driver: Created Hive schema: Schema(fieldSchemas:null, properties:null)
2024-04-24T01:12:23,123  INFO [main] metadata.Hive: Dumping metastore api call timing information for : compilation phase
2024-04-24T01:12:23,123  INFO [main] metadata.Hive: Total time spent in each metastore function (ms): {isCompatibleWith_(Configuration)=0, commitTxn_(CommitTxnRequest)=15, getValidTxns_(long)=4, flushCache_()=0, openTxn_(String, TxnType)=17}
2024-04-24T01:12:23,123  INFO [main] ql.Driver: Completed compiling command(queryId=alex_20240424011223_a2a78aae-1739-483c-bc7c-1b2072ee3e35); Time taken: 0.027 seconds
2024-04-24T01:12:23,124  INFO [main] lockmgr.DbTxnManager: Setting lock request transaction to txnid:1 for queryId=alex_20240424011223_a2a78aae-1739-483c-bc7c-1b2072ee3e35
2024-04-24T01:12:23,124  INFO [main] ql.Driver: Operation DROPTABLE obtained 0 locks
2024-04-24T01:12:23,124  INFO [main] ql.Driver: Executing command(queryId=alex_20240424011223_a2a78aae-1739-483c-bc7c-1b2072ee3e35): drop table if exists acidTbl
2024-04-24T01:12:23,124  INFO [main] ql.Driver: Starting task [Stage-0:DDL] in serial mode
2024-04-24T01:12:23,124  INFO [main] HiveMetaStore.audit: ugi=alex	ip=unknown-ip-addr	cmd=get_table : tbl=hive.default.acidTbl	
2024-04-24T01:12:23,128  INFO [main] metadata.Hive: Dumping metastore api call timing information for : execution phase
2024-04-24T01:12:23,129  INFO [main] metadata.Hive: Total time spent in each metastore function (ms): {isCompatibleWith_(Configuration)=0}
2024-04-24T01:12:23,129  INFO [main] ql.Driver: Completed executing command(queryId=alex_20240424011223_a2a78aae-1739-483c-bc7c-1b2072ee3e35); Time taken: 0.004 seconds
2024-04-24T01:12:23,129  INFO [main] lockmgr.DbTxnManager: Stopped heartbeat for query: alex_20240424011223_a2a78aae-1739-483c-bc7c-1b2072ee3e35
2024-04-24T01:12:23,141  INFO [main] txn.TxnHandler: Expected to move at least one record from txn_components to completed_txn_components when committing txn! txnid:1
2024-04-24T01:12:23,155  INFO [main] txn.TxnHandler: Removed transactions: ([1]) from MIN_HISTORY_LEVEL
2024-04-24T01:12:23,157  WARN [main] txn.CompactionTxnHandler: No compaction queue record found for Compaction type transaction commit. txnId:1
2024-04-24T01:12:23,158  INFO [main] ql.TxnCommandsBaseForTests: Running the query: drop table if exists acidTblPart
2024-04-24T01:12:23,158  INFO [main] ql.Driver: Compiling command(queryId=alex_20240424011223_4fb42132-26fe-4abe-a5d3-7e441e8a280a): drop table if exists acidTblPart
2024-04-24T01:12:23,162  INFO [main] txn.TxnHandler: Added entries to MIN_HISTORY_LEVEL for current txns: ([2]) with min_open_txn: 1
2024-04-24T01:12:23,162  INFO [main] lockmgr.DbTxnManager: Opened txnid:2
2024-04-24T01:12:23,163  INFO [main] HiveMetaStore.audit: ugi=alex	ip=unknown-ip-addr	cmd=get_table : tbl=hive.default.acidTblPart	
2024-04-24T01:12:23,167  INFO [main] ql.Driver: Semantic Analysis Completed (retrial = false)
2024-04-24T01:12:23,167  INFO [main] ql.Driver: Created Hive schema: Schema(fieldSchemas:null, properties:null)
2024-04-24T01:12:23,167  INFO [main] metadata.Hive: Dumping metastore api call timing information for : compilation phase
2024-04-24T01:12:23,167  INFO [main] metadata.Hive: Total time spent in each metastore function (ms): {isCompatibleWith_(Configuration)=0, flushCache_()=0, commitTxn_(CommitTxnRequest)=29, getValidTxns_(long)=1, openTxn_(String, TxnType)=3}
2024-04-24T01:12:23,167  INFO [main] ql.Driver: Completed compiling command(queryId=alex_20240424011223_4fb42132-26fe-4abe-a5d3-7e441e8a280a); Time taken: 0.009 seconds
2024-04-24T01:12:23,168  INFO [main] lockmgr.DbTxnManager: Setting lock request transaction to txnid:2 for queryId=alex_20240424011223_4fb42132-26fe-4abe-a5d3-7e441e8a280a
2024-04-24T01:12:23,168  INFO [main] ql.Driver: Operation DROPTABLE obtained 0 locks
2024-04-24T01:12:23,168  INFO [main] ql.Driver: Executing command(queryId=alex_20240424011223_4fb42132-26fe-4abe-a5d3-7e441e8a280a): drop table if exists acidTblPart
2024-04-24T01:12:23,168  INFO [main] ql.Driver: Starting task [Stage-0:DDL] in serial mode
2024-04-24T01:12:23,168  INFO [main] HiveMetaStore.audit: ugi=alex	ip=unknown-ip-addr	cmd=get_table : tbl=hive.default.acidTblPart	
2024-04-24T01:12:23,172  INFO [main] metadata.Hive: Dumping metastore api call timing information for : execution phase
2024-04-24T01:12:23,173  INFO [main] metadata.Hive: Total time spent in each metastore function (ms): {isCompatibleWith_(Configuration)=0}
2024-04-24T01:12:23,173  INFO [main] ql.Driver: Completed executing command(queryId=alex_20240424011223_4fb42132-26fe-4abe-a5d3-7e441e8a280a); Time taken: 0.004 seconds
2024-04-24T01:12:23,173  INFO [main] lockmgr.DbTxnManager: Stopped heartbeat for query: alex_20240424011223_4fb42132-26fe-4abe-a5d3-7e441e8a280a
2024-04-24T01:12:23,187  INFO [main] txn.TxnHandler: Expected to move at least one record from txn_components to completed_txn_components when committing txn! txnid:2
2024-04-24T01:12:23,198  INFO [main] txn.TxnHandler: Removed transactions: ([2]) from MIN_HISTORY_LEVEL
2024-04-24T01:12:23,198  WARN [main] txn.CompactionTxnHandler: No compaction queue record found for Compaction type transaction commit. txnId:2
2024-04-24T01:12:23,198  INFO [main] ql.TxnCommandsBaseForTests: Running the query: drop table if exists acidTbl2
2024-04-24T01:12:23,199  INFO [main] ql.Driver: Compiling command(queryId=alex_20240424011223_44ad1bba-95b5-45e6-a559-1ba202db012a): drop table if exists acidTbl2
2024-04-24T01:12:23,201  INFO [main] txn.TxnHandler: Added entries to MIN_HISTORY_LEVEL for current txns: ([3]) with min_open_txn: 1
2024-04-24T01:12:23,201  INFO [main] lockmgr.DbTxnManager: Opened txnid:3
2024-04-24T01:12:23,202  INFO [main] HiveMetaStore.audit: ugi=alex	ip=unknown-ip-addr	cmd=get_table : tbl=hive.default.acidTbl2	
2024-04-24T01:12:23,204  INFO [main] ql.Driver: Semantic Analysis Completed (retrial = false)
2024-04-24T01:12:23,204  INFO [main] ql.Driver: Created Hive schema: Schema(fieldSchemas:null, properties:null)
2024-04-24T01:12:23,204  INFO [main] metadata.Hive: Dumping metastore api call timing information for : compilation phase
2024-04-24T01:12:23,205  INFO [main] metadata.Hive: Total time spent in each metastore function (ms): {openTxn_(String, TxnType)=2, flushCache_()=0, commitTxn_(CommitTxnRequest)=25, isCompatibleWith_(Configuration)=0, getValidTxns_(long)=1}
2024-04-24T01:12:23,205  INFO [main] ql.Driver: Completed compiling command(queryId=alex_20240424011223_44ad1bba-95b5-45e6-a559-1ba202db012a); Time taken: 0.005 seconds
2024-04-24T01:12:23,205  INFO [main] lockmgr.DbTxnManager: Setting lock request transaction to txnid:3 for queryId=alex_20240424011223_44ad1bba-95b5-45e6-a559-1ba202db012a
2024-04-24T01:12:23,205  INFO [main] ql.Driver: Operation DROPTABLE obtained 0 locks
2024-04-24T01:12:23,205  INFO [main] ql.Driver: Executing command(queryId=alex_20240424011223_44ad1bba-95b5-45e6-a559-1ba202db012a): drop table if exists acidTbl2
2024-04-24T01:12:23,205  INFO [main] ql.Driver: Starting task [Stage-0:DDL] in serial mode
2024-04-24T01:12:23,205  INFO [main] HiveMetaStore.audit: ugi=alex	ip=unknown-ip-addr	cmd=get_table : tbl=hive.default.acidTbl2	
2024-04-24T01:12:23,208  INFO [main] metadata.Hive: Dumping metastore api call timing information for : execution phase
2024-04-24T01:12:23,208  INFO [main] metadata.Hive: Total time spent in each metastore function (ms): {isCompatibleWith_(Configuration)=0}
2024-04-24T01:12:23,208  INFO [main] ql.Driver: Completed executing command(queryId=alex_20240424011223_44ad1bba-95b5-45e6-a559-1ba202db012a); Time taken: 0.003 seconds
2024-04-24T01:12:23,208  INFO [main] lockmgr.DbTxnManager: Stopped heartbeat for query: alex_20240424011223_44ad1bba-95b5-45e6-a559-1ba202db012a
2024-04-24T01:12:23,216  INFO [main] txn.TxnHandler: Expected to move at least one record from txn_components to completed_txn_components when committing txn! txnid:3
2024-04-24T01:12:23,226  INFO [main] txn.TxnHandler: Removed transactions: ([3]) from MIN_HISTORY_LEVEL
2024-04-24T01:12:23,226  WARN [main] txn.CompactionTxnHandler: No compaction queue record found for Compaction type transaction commit. txnId:3
2024-04-24T01:12:23,227  INFO [main] ql.TxnCommandsBaseForTests: Running the query: drop table if exists nonAcidOrcTbl
2024-04-24T01:12:23,227  INFO [main] ql.Driver: Compiling command(queryId=alex_20240424011223_502b843e-33ed-49f9-bfa8-2bf8f2ffbf18): drop table if exists nonAcidOrcTbl
2024-04-24T01:12:23,229  INFO [main] txn.TxnHandler: Added entries to MIN_HISTORY_LEVEL for current txns: ([4]) with min_open_txn: 1
2024-04-24T01:12:23,230  INFO [main] lockmgr.DbTxnManager: Opened txnid:4
2024-04-24T01:12:23,230  INFO [main] HiveMetaStore.audit: ugi=alex	ip=unknown-ip-addr	cmd=get_table : tbl=hive.default.nonAcidOrcTbl	
2024-04-24T01:12:23,234  INFO [main] ql.Driver: Semantic Analysis Completed (retrial = false)
2024-04-24T01:12:23,234  INFO [main] ql.Driver: Created Hive schema: Schema(fieldSchemas:null, properties:null)
2024-04-24T01:12:23,234  INFO [main] metadata.Hive: Dumping metastore api call timing information for : compilation phase
2024-04-24T01:12:23,234  INFO [main] metadata.Hive: Total time spent in each metastore function (ms): {commitTxn_(CommitTxnRequest)=18, getValidTxns_(long)=0, flushCache_()=0, isCompatibleWith_(Configuration)=0, openTxn_(String, TxnType)=3}
2024-04-24T01:12:23,234  INFO [main] ql.Driver: Completed compiling command(queryId=alex_20240424011223_502b843e-33ed-49f9-bfa8-2bf8f2ffbf18); Time taken: 0.007 seconds
2024-04-24T01:12:23,235  INFO [main] lockmgr.DbTxnManager: Setting lock request transaction to txnid:4 for queryId=alex_20240424011223_502b843e-33ed-49f9-bfa8-2bf8f2ffbf18
2024-04-24T01:12:23,235  INFO [main] ql.Driver: Operation DROPTABLE obtained 0 locks
2024-04-24T01:12:23,235  INFO [main] ql.Driver: Executing command(queryId=alex_20240424011223_502b843e-33ed-49f9-bfa8-2bf8f2ffbf18): drop table if exists nonAcidOrcTbl
2024-04-24T01:12:23,235  INFO [main] ql.Driver: Starting task [Stage-0:DDL] in serial mode
2024-04-24T01:12:23,235  INFO [main] HiveMetaStore.audit: ugi=alex	ip=unknown-ip-addr	cmd=get_table : tbl=hive.default.nonAcidOrcTbl	
2024-04-24T01:12:23,238  INFO [main] metadata.Hive: Dumping metastore api call timing information for : execution phase
2024-04-24T01:12:23,238  INFO [main] metadata.Hive: Total time spent in each metastore function (ms): {isCompatibleWith_(Configuration)=0}
2024-04-24T01:12:23,238  INFO [main] ql.Driver: Completed executing command(queryId=alex_20240424011223_502b843e-33ed-49f9-bfa8-2bf8f2ffbf18); Time taken: 0.003 seconds
2024-04-24T01:12:23,238  INFO [main] lockmgr.DbTxnManager: Stopped heartbeat for query: alex_20240424011223_502b843e-33ed-49f9-bfa8-2bf8f2ffbf18
2024-04-24T01:12:23,247  INFO [main] txn.TxnHandler: Expected to move at least one record from txn_components to completed_txn_components when committing txn! txnid:4
2024-04-24T01:12:23,257  INFO [main] txn.TxnHandler: Removed transactions: ([4]) from MIN_HISTORY_LEVEL
2024-04-24T01:12:23,257  WARN [main] txn.CompactionTxnHandler: No compaction queue record found for Compaction type transaction commit. txnId:4
2024-04-24T01:12:23,258  INFO [main] ql.TxnCommandsBaseForTests: Running the query: drop table if exists nonAcidOrcTbl2
2024-04-24T01:12:23,258  INFO [main] ql.Driver: Compiling command(queryId=alex_20240424011223_a087237f-957b-4e29-8d97-39f6690bc9cd): drop table if exists nonAcidOrcTbl2
2024-04-24T01:12:23,260  INFO [main] txn.TxnHandler: Added entries to MIN_HISTORY_LEVEL for current txns: ([5]) with min_open_txn: 1
2024-04-24T01:12:23,261  INFO [main] lockmgr.DbTxnManager: Opened txnid:5
2024-04-24T01:12:23,261  INFO [main] HiveMetaStore.audit: ugi=alex	ip=unknown-ip-addr	cmd=get_table : tbl=hive.default.nonAcidOrcTbl2	
2024-04-24T01:12:23,264  INFO [main] ql.Driver: Semantic Analysis Completed (retrial = false)
2024-04-24T01:12:23,264  INFO [main] ql.Driver: Created Hive schema: Schema(fieldSchemas:null, properties:null)
2024-04-24T01:12:23,264  INFO [main] metadata.Hive: Dumping metastore api call timing information for : compilation phase
2024-04-24T01:12:23,264  INFO [main] metadata.Hive: Total time spent in each metastore function (ms): {commitTxn_(CommitTxnRequest)=19, getValidTxns_(long)=0, isCompatibleWith_(Configuration)=0, flushCache_()=0, openTxn_(String, TxnType)=3}
2024-04-24T01:12:23,264  INFO [main] ql.Driver: Completed compiling command(queryId=alex_20240424011223_a087237f-957b-4e29-8d97-39f6690bc9cd); Time taken: 0.006 seconds
2024-04-24T01:12:23,264  INFO [main] lockmgr.DbTxnManager: Setting lock request transaction to txnid:5 for queryId=alex_20240424011223_a087237f-957b-4e29-8d97-39f6690bc9cd
2024-04-24T01:12:23,264  INFO [main] ql.Driver: Operation DROPTABLE obtained 0 locks
2024-04-24T01:12:23,264  INFO [main] ql.Driver: Executing command(queryId=alex_20240424011223_a087237f-957b-4e29-8d97-39f6690bc9cd): drop table if exists nonAcidOrcTbl2
2024-04-24T01:12:23,264  INFO [main] ql.Driver: Starting task [Stage-0:DDL] in serial mode
2024-04-24T01:12:23,264  INFO [main] HiveMetaStore.audit: ugi=alex	ip=unknown-ip-addr	cmd=get_table : tbl=hive.default.nonAcidOrcTbl2	
2024-04-24T01:12:23,267  INFO [main] metadata.Hive: Dumping metastore api call timing information for : execution phase
2024-04-24T01:12:23,267  INFO [main] metadata.Hive: Total time spent in each metastore function (ms): {isCompatibleWith_(Configuration)=0}
2024-04-24T01:12:23,268  INFO [main] ql.Driver: Completed executing command(queryId=alex_20240424011223_a087237f-957b-4e29-8d97-39f6690bc9cd); Time taken: 0.003 seconds
2024-04-24T01:12:23,268  INFO [main] lockmgr.DbTxnManager: Stopped heartbeat for query: alex_20240424011223_a087237f-957b-4e29-8d97-39f6690bc9cd
2024-04-24T01:12:23,276  INFO [main] txn.TxnHandler: Expected to move at least one record from txn_components to completed_txn_components when committing txn! txnid:5
2024-04-24T01:12:23,288  INFO [main] txn.TxnHandler: Removed transactions: ([5]) from MIN_HISTORY_LEVEL
2024-04-24T01:12:23,288  WARN [main] txn.CompactionTxnHandler: No compaction queue record found for Compaction type transaction commit. txnId:5
2024-04-24T01:12:23,288  INFO [main] ql.TxnCommandsBaseForTests: Running the query: drop table if exists nonAcidNonBucket
2024-04-24T01:12:23,288  INFO [main] ql.Driver: Compiling command(queryId=alex_20240424011223_4051f171-cf30-436a-9ef8-26ca1e042698): drop table if exists nonAcidNonBucket
2024-04-24T01:12:23,291  INFO [main] txn.TxnHandler: Added entries to MIN_HISTORY_LEVEL for current txns: ([6]) with min_open_txn: 1
2024-04-24T01:12:23,291  INFO [main] lockmgr.DbTxnManager: Opened txnid:6
2024-04-24T01:12:23,292  INFO [main] HiveMetaStore.audit: ugi=alex	ip=unknown-ip-addr	cmd=get_table : tbl=hive.default.nonAcidNonBucket	
2024-04-24T01:12:23,294  INFO [main] ql.Driver: Semantic Analysis Completed (retrial = false)
2024-04-24T01:12:23,294  INFO [main] ql.Driver: Created Hive schema: Schema(fieldSchemas:null, properties:null)
2024-04-24T01:12:23,294  INFO [main] metadata.Hive: Dumping metastore api call timing information for : compilation phase
2024-04-24T01:12:23,294  INFO [main] metadata.Hive: Total time spent in each metastore function (ms): {getValidTxns_(long)=1, commitTxn_(CommitTxnRequest)=20, openTxn_(String, TxnType)=2, flushCache_()=0, isCompatibleWith_(Configuration)=0}
2024-04-24T01:12:23,295  INFO [main] ql.Driver: Completed compiling command(queryId=alex_20240424011223_4051f171-cf30-436a-9ef8-26ca1e042698); Time taken: 0.006 seconds
2024-04-24T01:12:23,295  INFO [main] lockmgr.DbTxnManager: Setting lock request transaction to txnid:6 for queryId=alex_20240424011223_4051f171-cf30-436a-9ef8-26ca1e042698
2024-04-24T01:12:23,295  INFO [main] ql.Driver: Operation DROPTABLE obtained 0 locks
2024-04-24T01:12:23,295  INFO [main] ql.Driver: Executing command(queryId=alex_20240424011223_4051f171-cf30-436a-9ef8-26ca1e042698): drop table if exists nonAcidNonBucket
2024-04-24T01:12:23,295  INFO [main] ql.Driver: Starting task [Stage-0:DDL] in serial mode
2024-04-24T01:12:23,295  INFO [main] HiveMetaStore.audit: ugi=alex	ip=unknown-ip-addr	cmd=get_table : tbl=hive.default.nonAcidNonBucket	
2024-04-24T01:12:23,298  INFO [main] metadata.Hive: Dumping metastore api call timing information for : execution phase
2024-04-24T01:12:23,298  INFO [main] metadata.Hive: Total time spent in each metastore function (ms): {isCompatibleWith_(Configuration)=0}
2024-04-24T01:12:23,298  INFO [main] ql.Driver: Completed executing command(queryId=alex_20240424011223_4051f171-cf30-436a-9ef8-26ca1e042698); Time taken: 0.003 seconds
2024-04-24T01:12:23,298  INFO [main] lockmgr.DbTxnManager: Stopped heartbeat for query: alex_20240424011223_4051f171-cf30-436a-9ef8-26ca1e042698
2024-04-24T01:12:23,306  INFO [main] txn.TxnHandler: Expected to move at least one record from txn_components to completed_txn_components when committing txn! txnid:6
2024-04-24T01:12:23,316  INFO [main] txn.TxnHandler: Removed transactions: ([6]) from MIN_HISTORY_LEVEL
2024-04-24T01:12:23,316  WARN [main] txn.CompactionTxnHandler: No compaction queue record found for Compaction type transaction commit. txnId:6
2024-04-24T01:12:23,317  INFO [main] ql.TxnCommandsBaseForTests: Running the query: create table acidTbl(a int, b int) clustered by (a) into 2 buckets stored as orc TBLPROPERTIES ('transactional'='true')
2024-04-24T01:12:23,317  INFO [main] ql.Driver: Compiling command(queryId=alex_20240424011223_1e52b02a-6a2b-49cf-950b-cd9b119a4093): create table acidTbl(a int, b int) clustered by (a) into 2 buckets stored as orc TBLPROPERTIES ('transactional'='true')
2024-04-24T01:12:23,319  INFO [main] txn.TxnHandler: Added entries to MIN_HISTORY_LEVEL for current txns: ([7]) with min_open_txn: 1
2024-04-24T01:12:23,320  INFO [main] lockmgr.DbTxnManager: Opened txnid:7
2024-04-24T01:12:23,320  INFO [main] parse.CalcitePlanner: Starting caching scope for: 
2024-04-24T01:12:23,320  INFO [main] parse.CalcitePlanner: Starting Semantic Analysis
2024-04-24T01:12:23,329  INFO [main] parse.CalcitePlanner: Creating table default.acidTbl position=13
2024-04-24T01:12:23,329  INFO [main] HiveMetaStore.audit: ugi=alex	ip=unknown-ip-addr	cmd=get_database: default	
2024-04-24T01:12:23,332  INFO [main] parse.CalcitePlanner: Ending caching scope for: 
2024-04-24T01:12:23,332  INFO [main] ql.Driver: Semantic Analysis Completed (retrial = false)
2024-04-24T01:12:23,332  INFO [main] ql.Driver: Created Hive schema: Schema(fieldSchemas:null, properties:null)
2024-04-24T01:12:23,332  INFO [main] metadata.Hive: Dumping metastore api call timing information for : compilation phase
2024-04-24T01:12:23,332  INFO [main] metadata.Hive: Total time spent in each metastore function (ms): {getValidWriteIds_(List, String)=9, flushCache_()=0, getValidTxns_(long)=0, openTxn_(String, TxnType)=3, getDatabase_(String)=2, commitTxn_(CommitTxnRequest)=18, isCompatibleWith_(Configuration)=0}
2024-04-24T01:12:23,332  INFO [main] ql.Driver: Completed compiling command(queryId=alex_20240424011223_1e52b02a-6a2b-49cf-950b-cd9b119a4093); Time taken: 0.015 seconds
2024-04-24T01:12:23,332  INFO [main] lockmgr.DbTxnManager: Setting lock request transaction to txnid:7 for queryId=alex_20240424011223_1e52b02a-6a2b-49cf-950b-cd9b119a4093
2024-04-24T01:12:23,332  INFO [main] lockmgr.DbLockManager: Requesting lock for queryId=alex_20240424011223_1e52b02a-6a2b-49cf-950b-cd9b119a4093
2024-04-24T01:12:23,359  INFO [main] lockmgr.DbLockManager: Response to queryId=alex_20240424011223_1e52b02a-6a2b-49cf-950b-cd9b119a4093 LockResponse(lockid:1, state:ACQUIRED)
2024-04-24T01:12:23,359  INFO [main] ql.Driver: Operation CREATETABLE obtained 1 locks
2024-04-24T01:12:23,360  INFO [main] ql.Driver: Executing command(queryId=alex_20240424011223_1e52b02a-6a2b-49cf-950b-cd9b119a4093): create table acidTbl(a int, b int) clustered by (a) into 2 buckets stored as orc TBLPROPERTIES ('transactional'='true')
2024-04-24T01:12:23,360  INFO [main] ql.Driver: Starting task [Stage-0:DDL] in serial mode
2024-04-24T01:12:23,361  INFO [main] HiveMetaStore.audit: ugi=alex	ip=unknown-ip-addr	cmd=create_table_req: Table(tableName:acidTbl, dbName:default, owner:alex, createTime:1713946343, lastAccessTime:0, retention:0, sd:StorageDescriptor(cols:[FieldSchema(name:a, type:int, comment:null), FieldSchema(name:b, type:int, comment:null)], location:null, inputFormat:org.apache.hadoop.hive.ql.io.orc.OrcInputFormat, outputFormat:org.apache.hadoop.hive.ql.io.orc.OrcOutputFormat, compressed:false, numBuckets:2, serdeInfo:SerDeInfo(name:null, serializationLib:org.apache.hadoop.hive.ql.io.orc.OrcSerde, parameters:{serialization.format=1}), bucketCols:[a], sortCols:[], parameters:{}, skewedInfo:SkewedInfo(skewedColNames:[], skewedColValues:[], skewedColValueLocationMaps:{}), storedAsSubDirectories:false), partitionKeys:[], parameters:{totalSize=0, transactional=true, numFilesErasureCoded=0, numFiles=0, COLUMN_STATS_ACCURATE={"BASIC_STATS":"true","COLUMN_STATS":{"a":"true","b":"true"}}, bucketing_version=2, numRows=0, rawDataSize=0}, viewOriginalText:null, viewExpandedText:null, tableType:MANAGED_TABLE, privileges:PrincipalPrivilegeSet(userPrivileges:{alex=[PrivilegeGrantInfo(privilege:INSERT, createTime:-1, grantor:alex, grantorType:USER, grantOption:true), PrivilegeGrantInfo(privilege:SELECT, createTime:-1, grantor:alex, grantorType:USER, grantOption:true), PrivilegeGrantInfo(privilege:UPDATE, createTime:-1, grantor:alex, grantorType:USER, grantOption:true), PrivilegeGrantInfo(privilege:DELETE, createTime:-1, grantor:alex, grantorType:USER, grantOption:true)]}, groupPrivileges:null, rolePrivileges:null), temporary:false, catName:hive, ownerType:USER, writeId:0)	
2024-04-24T01:12:23,368  INFO [main] utils.FileUtils: Creating directory if it doesn't exist: file:/home/alex/Repositories/hive/ql/target/tmp/org.apache.hadoop.hive.ql.TestTxnCommands-1713946100941/warehouse/acidtbl
2024-04-24T01:12:23,413  INFO [main] metadata.Hive: Dumping metastore api call timing information for : execution phase
2024-04-24T01:12:23,414  INFO [main] metadata.Hive: Total time spent in each metastore function (ms): {isCompatibleWith_(Configuration)=0, createTable_(Table)=52}
2024-04-24T01:12:23,414  INFO [main] ql.Driver: Completed executing command(queryId=alex_20240424011223_1e52b02a-6a2b-49cf-950b-cd9b119a4093); Time taken: 0.053 seconds
2024-04-24T01:12:23,414  INFO [main] lockmgr.DbTxnManager: Stopped heartbeat for query: alex_20240424011223_1e52b02a-6a2b-49cf-950b-cd9b119a4093
2024-04-24T01:12:23,419  INFO [main] txn.TxnHandler: Expected to move at least one record from txn_components to completed_txn_components when committing txn! txnid:7
2024-04-24T01:12:23,429  INFO [main] txn.TxnHandler: Removed transactions: ([7]) from MIN_HISTORY_LEVEL
2024-04-24T01:12:23,429  WARN [main] txn.CompactionTxnHandler: No compaction queue record found for Compaction type transaction commit. txnId:7
2024-04-24T01:12:23,430  INFO [main] ql.TxnCommandsBaseForTests: Running the query: create table acidTblPart(a int, b int) partitioned by (p string) clustered by (a) into 2 buckets stored as orc TBLPROPERTIES ('transactional'='true')
2024-04-24T01:12:23,430  INFO [main] ql.Driver: Compiling command(queryId=alex_20240424011223_b8fcd6c5-a943-47f3-9ac9-f8d8f90f6293): create table acidTblPart(a int, b int) partitioned by (p string) clustered by (a) into 2 buckets stored as orc TBLPROPERTIES ('transactional'='true')
2024-04-24T01:12:23,433  INFO [main] txn.TxnHandler: Added entries to MIN_HISTORY_LEVEL for current txns: ([8]) with min_open_txn: 1
2024-04-24T01:12:23,433  INFO [main] lockmgr.DbTxnManager: Opened txnid:8
2024-04-24T01:12:23,433  INFO [main] parse.CalcitePlanner: Starting caching scope for: 
2024-04-24T01:12:23,433  INFO [main] parse.CalcitePlanner: Starting Semantic Analysis
2024-04-24T01:12:23,436  INFO [main] parse.CalcitePlanner: Creating table default.acidTblPart position=13
2024-04-24T01:12:23,437  INFO [main] HiveMetaStore.audit: ugi=alex	ip=unknown-ip-addr	cmd=get_database: default	
2024-04-24T01:12:23,438  INFO [main] parse.CalcitePlanner: Ending caching scope for: 
2024-04-24T01:12:23,438  INFO [main] ql.Driver: Semantic Analysis Completed (retrial = false)
2024-04-24T01:12:23,438  INFO [main] ql.Driver: Created Hive schema: Schema(fieldSchemas:null, properties:null)
2024-04-24T01:12:23,438  INFO [main] metadata.Hive: Dumping metastore api call timing information for : compilation phase
2024-04-24T01:12:23,438  INFO [main] metadata.Hive: Total time spent in each metastore function (ms): {getValidWriteIds_(List, String)=3, getValidTxns_(long)=0, commitTxn_(CommitTxnRequest)=16, flushCache_()=0, isCompatibleWith_(Configuration)=0, openTxn_(String, TxnType)=3, getDatabase_(String)=2}
2024-04-24T01:12:23,439  INFO [main] ql.Driver: Completed compiling command(queryId=alex_20240424011223_b8fcd6c5-a943-47f3-9ac9-f8d8f90f6293); Time taken: 0.008 seconds
2024-04-24T01:12:23,439  INFO [main] lockmgr.DbTxnManager: Setting lock request transaction to txnid:8 for queryId=alex_20240424011223_b8fcd6c5-a943-47f3-9ac9-f8d8f90f6293
2024-04-24T01:12:23,439  INFO [main] lockmgr.DbLockManager: Requesting lock for queryId=alex_20240424011223_b8fcd6c5-a943-47f3-9ac9-f8d8f90f6293
2024-04-24T01:12:23,459  INFO [main] lockmgr.DbLockManager: Response to queryId=alex_20240424011223_b8fcd6c5-a943-47f3-9ac9-f8d8f90f6293 LockResponse(lockid:2, state:ACQUIRED)
2024-04-24T01:12:23,459  INFO [main] ql.Driver: Operation CREATETABLE obtained 1 locks
2024-04-24T01:12:23,459  INFO [main] ql.Driver: Executing command(queryId=alex_20240424011223_b8fcd6c5-a943-47f3-9ac9-f8d8f90f6293): create table acidTblPart(a int, b int) partitioned by (p string) clustered by (a) into 2 buckets stored as orc TBLPROPERTIES ('transactional'='true')
2024-04-24T01:12:23,460  INFO [main] ql.Driver: Starting task [Stage-0:DDL] in serial mode
2024-04-24T01:12:23,460  INFO [main] HiveMetaStore.audit: ugi=alex	ip=unknown-ip-addr	cmd=create_table_req: Table(tableName:acidTblPart, dbName:default, owner:alex, createTime:1713946343, lastAccessTime:0, retention:0, sd:StorageDescriptor(cols:[FieldSchema(name:a, type:int, comment:null), FieldSchema(name:b, type:int, comment:null)], location:null, inputFormat:org.apache.hadoop.hive.ql.io.orc.OrcInputFormat, outputFormat:org.apache.hadoop.hive.ql.io.orc.OrcOutputFormat, compressed:false, numBuckets:2, serdeInfo:SerDeInfo(name:null, serializationLib:org.apache.hadoop.hive.ql.io.orc.OrcSerde, parameters:{serialization.format=1}), bucketCols:[a], sortCols:[], parameters:{}, skewedInfo:SkewedInfo(skewedColNames:[], skewedColValues:[], skewedColValueLocationMaps:{}), storedAsSubDirectories:false), partitionKeys:[FieldSchema(name:p, type:string, comment:null)], parameters:{bucketing_version=2, transactional=true}, viewOriginalText:null, viewExpandedText:null, tableType:MANAGED_TABLE, privileges:PrincipalPrivilegeSet(userPrivileges:{alex=[PrivilegeGrantInfo(privilege:INSERT, createTime:-1, grantor:alex, grantorType:USER, grantOption:true), PrivilegeGrantInfo(privilege:SELECT, createTime:-1, grantor:alex, grantorType:USER, grantOption:true), PrivilegeGrantInfo(privilege:UPDATE, createTime:-1, grantor:alex, grantorType:USER, grantOption:true), PrivilegeGrantInfo(privilege:DELETE, createTime:-1, grantor:alex, grantorType:USER, grantOption:true)]}, groupPrivileges:null, rolePrivileges:null), temporary:false, catName:hive, ownerType:USER, writeId:0)	
2024-04-24T01:12:23,466  INFO [main] utils.FileUtils: Creating directory if it doesn't exist: file:/home/alex/Repositories/hive/ql/target/tmp/org.apache.hadoop.hive.ql.TestTxnCommands-1713946100941/warehouse/acidtblpart
2024-04-24T01:12:23,486  INFO [main] metadata.Hive: Dumping metastore api call timing information for : execution phase
2024-04-24T01:12:23,486  INFO [main] metadata.Hive: Total time spent in each metastore function (ms): {isCompatibleWith_(Configuration)=0, createTable_(Table)=26}
2024-04-24T01:12:23,487  INFO [main] ql.Driver: Completed executing command(queryId=alex_20240424011223_b8fcd6c5-a943-47f3-9ac9-f8d8f90f6293); Time taken: 0.027 seconds
2024-04-24T01:12:23,487  INFO [main] lockmgr.DbTxnManager: Stopped heartbeat for query: alex_20240424011223_b8fcd6c5-a943-47f3-9ac9-f8d8f90f6293
2024-04-24T01:12:23,492  INFO [main] txn.TxnHandler: Expected to move at least one record from txn_components to completed_txn_components when committing txn! txnid:8
2024-04-24T01:12:23,502  INFO [main] txn.TxnHandler: Removed transactions: ([8]) from MIN_HISTORY_LEVEL
2024-04-24T01:12:23,503  WARN [main] txn.CompactionTxnHandler: No compaction queue record found for Compaction type transaction commit. txnId:8
2024-04-24T01:12:23,504  INFO [main] ql.TxnCommandsBaseForTests: Running the query: create table nonAcidOrcTbl(a int, b int) clustered by (a) into 2 buckets stored as orc TBLPROPERTIES ('transactional'='false')
2024-04-24T01:12:23,504  INFO [main] ql.Driver: Compiling command(queryId=alex_20240424011223_ba5675f5-1d75-465f-ad59-37c9a349cc06): create table nonAcidOrcTbl(a int, b int) clustered by (a) into 2 buckets stored as orc TBLPROPERTIES ('transactional'='false')
2024-04-24T01:12:23,507  INFO [main] txn.TxnHandler: Added entries to MIN_HISTORY_LEVEL for current txns: ([9]) with min_open_txn: 1
2024-04-24T01:12:23,507  INFO [main] lockmgr.DbTxnManager: Opened txnid:9
2024-04-24T01:12:23,507  INFO [main] parse.CalcitePlanner: Starting caching scope for: 
2024-04-24T01:12:23,507  INFO [main] parse.CalcitePlanner: Starting Semantic Analysis
2024-04-24T01:12:23,510  INFO [main] parse.CalcitePlanner: Creating table default.nonAcidOrcTbl position=13
2024-04-24T01:12:23,511  INFO [main] HiveMetaStore.audit: ugi=alex	ip=unknown-ip-addr	cmd=get_database: default	
2024-04-24T01:12:23,512  INFO [main] parse.CalcitePlanner: Ending caching scope for: 
2024-04-24T01:12:23,512  INFO [main] ql.Driver: Semantic Analysis Completed (retrial = false)
2024-04-24T01:12:23,512  INFO [main] ql.Driver: Created Hive schema: Schema(fieldSchemas:null, properties:null)
2024-04-24T01:12:23,512  INFO [main] metadata.Hive: Dumping metastore api call timing information for : compilation phase
2024-04-24T01:12:23,512  INFO [main] metadata.Hive: Total time spent in each metastore function (ms): {commitTxn_(CommitTxnRequest)=16, openTxn_(String, TxnType)=3, getValidWriteIds_(List, String)=2, isCompatibleWith_(Configuration)=1, getValidTxns_(long)=0, getDatabase_(String)=1, flushCache_()=0}
2024-04-24T01:12:23,512  INFO [main] ql.Driver: Completed compiling command(queryId=alex_20240424011223_ba5675f5-1d75-465f-ad59-37c9a349cc06); Time taken: 0.008 seconds
2024-04-24T01:12:23,513  INFO [main] lockmgr.DbTxnManager: Setting lock request transaction to txnid:9 for queryId=alex_20240424011223_ba5675f5-1d75-465f-ad59-37c9a349cc06
2024-04-24T01:12:23,513  INFO [main] lockmgr.DbLockManager: Requesting lock for queryId=alex_20240424011223_ba5675f5-1d75-465f-ad59-37c9a349cc06
2024-04-24T01:12:23,532  INFO [main] lockmgr.DbLockManager: Response to queryId=alex_20240424011223_ba5675f5-1d75-465f-ad59-37c9a349cc06 LockResponse(lockid:3, state:ACQUIRED)
2024-04-24T01:12:23,532  INFO [main] ql.Driver: Operation CREATETABLE obtained 1 locks
2024-04-24T01:12:23,532  INFO [main] ql.Driver: Executing command(queryId=alex_20240424011223_ba5675f5-1d75-465f-ad59-37c9a349cc06): create table nonAcidOrcTbl(a int, b int) clustered by (a) into 2 buckets stored as orc TBLPROPERTIES ('transactional'='false')
2024-04-24T01:12:23,532  INFO [main] ql.Driver: Starting task [Stage-0:DDL] in serial mode
2024-04-24T01:12:23,532  INFO [main] HiveMetaStore.audit: ugi=alex	ip=unknown-ip-addr	cmd=create_table_req: Table(tableName:nonAcidOrcTbl, dbName:default, owner:alex, createTime:1713946343, lastAccessTime:0, retention:0, sd:StorageDescriptor(cols:[FieldSchema(name:a, type:int, comment:null), FieldSchema(name:b, type:int, comment:null)], location:null, inputFormat:org.apache.hadoop.hive.ql.io.orc.OrcInputFormat, outputFormat:org.apache.hadoop.hive.ql.io.orc.OrcOutputFormat, compressed:false, numBuckets:2, serdeInfo:SerDeInfo(name:null, serializationLib:org.apache.hadoop.hive.ql.io.orc.OrcSerde, parameters:{serialization.format=1}), bucketCols:[a], sortCols:[], parameters:{}, skewedInfo:SkewedInfo(skewedColNames:[], skewedColValues:[], skewedColValueLocationMaps:{}), storedAsSubDirectories:false), partitionKeys:[], parameters:{rawDataSize=0, numFilesErasureCoded=0, numFiles=0, COLUMN_STATS_ACCURATE={"BASIC_STATS":"true","COLUMN_STATS":{"a":"true","b":"true"}}, totalSize=0, bucketing_version=2, transactional=false, numRows=0}, viewOriginalText:null, viewExpandedText:null, tableType:MANAGED_TABLE, privileges:PrincipalPrivilegeSet(userPrivileges:{alex=[PrivilegeGrantInfo(privilege:INSERT, createTime:-1, grantor:alex, grantorType:USER, grantOption:true), PrivilegeGrantInfo(privilege:SELECT, createTime:-1, grantor:alex, grantorType:USER, grantOption:true), PrivilegeGrantInfo(privilege:UPDATE, createTime:-1, grantor:alex, grantorType:USER, grantOption:true), PrivilegeGrantInfo(privilege:DELETE, createTime:-1, grantor:alex, grantorType:USER, grantOption:true)]}, groupPrivileges:null, rolePrivileges:null), temporary:false, catName:hive, ownerType:USER)	
2024-04-24T01:12:23,537  INFO [main] utils.FileUtils: Creating directory if it doesn't exist: file:/home/alex/Repositories/hive/ql/target/tmp/org.apache.hadoop.hive.ql.TestTxnCommands-1713946100941/warehouse/nonacidorctbl
2024-04-24T01:12:23,552  INFO [main] metadata.Hive: Dumping metastore api call timing information for : execution phase
2024-04-24T01:12:23,552  INFO [main] metadata.Hive: Total time spent in each metastore function (ms): {createTable_(Table)=20, isCompatibleWith_(Configuration)=0}
2024-04-24T01:12:23,553  INFO [main] ql.Driver: Completed executing command(queryId=alex_20240424011223_ba5675f5-1d75-465f-ad59-37c9a349cc06); Time taken: 0.02 seconds
2024-04-24T01:12:23,553  INFO [main] lockmgr.DbTxnManager: Stopped heartbeat for query: alex_20240424011223_ba5675f5-1d75-465f-ad59-37c9a349cc06
2024-04-24T01:12:23,559  INFO [main] txn.TxnHandler: Expected to move at least one record from txn_components to completed_txn_components when committing txn! txnid:9
2024-04-24T01:12:23,569  INFO [main] txn.TxnHandler: Removed transactions: ([9]) from MIN_HISTORY_LEVEL
2024-04-24T01:12:23,569  WARN [main] txn.CompactionTxnHandler: No compaction queue record found for Compaction type transaction commit. txnId:9
2024-04-24T01:12:23,570  INFO [main] ql.TxnCommandsBaseForTests: Running the query: create table nonAcidOrcTbl2(a int, b int) clustered by (a) into 2 buckets stored as orc TBLPROPERTIES ('transactional'='false')
2024-04-24T01:12:23,570  INFO [main] ql.Driver: Compiling command(queryId=alex_20240424011223_e5382602-1634-46d3-a386-12e0ac5fb1b5): create table nonAcidOrcTbl2(a int, b int) clustered by (a) into 2 buckets stored as orc TBLPROPERTIES ('transactional'='false')
2024-04-24T01:12:23,573  INFO [main] txn.TxnHandler: Added entries to MIN_HISTORY_LEVEL for current txns: ([10]) with min_open_txn: 1
2024-04-24T01:12:23,573  INFO [main] lockmgr.DbTxnManager: Opened txnid:10
2024-04-24T01:12:23,574  INFO [main] parse.CalcitePlanner: Starting caching scope for: 
2024-04-24T01:12:23,574  INFO [main] parse.CalcitePlanner: Starting Semantic Analysis
2024-04-24T01:12:23,577  INFO [main] parse.CalcitePlanner: Creating table default.nonAcidOrcTbl2 position=13
2024-04-24T01:12:23,577  INFO [main] HiveMetaStore.audit: ugi=alex	ip=unknown-ip-addr	cmd=get_database: default	
2024-04-24T01:12:23,579  INFO [main] parse.CalcitePlanner: Ending caching scope for: 
2024-04-24T01:12:23,579  INFO [main] ql.Driver: Semantic Analysis Completed (retrial = false)
2024-04-24T01:12:23,579  INFO [main] ql.Driver: Created Hive schema: Schema(fieldSchemas:null, properties:null)
2024-04-24T01:12:23,579  INFO [main] metadata.Hive: Dumping metastore api call timing information for : compilation phase
2024-04-24T01:12:23,579  INFO [main] metadata.Hive: Total time spent in each metastore function (ms): {getValidWriteIds_(List, String)=3, flushCache_()=0, openTxn_(String, TxnType)=2, commitTxn_(CommitTxnRequest)=16, getDatabase_(String)=2, getValidTxns_(long)=1, isCompatibleWith_(Configuration)=0}
2024-04-24T01:12:23,579  INFO [main] ql.Driver: Completed compiling command(queryId=alex_20240424011223_e5382602-1634-46d3-a386-12e0ac5fb1b5); Time taken: 0.009 seconds
2024-04-24T01:12:23,579  INFO [main] lockmgr.DbTxnManager: Setting lock request transaction to txnid:10 for queryId=alex_20240424011223_e5382602-1634-46d3-a386-12e0ac5fb1b5
2024-04-24T01:12:23,580  INFO [main] lockmgr.DbLockManager: Requesting lock for queryId=alex_20240424011223_e5382602-1634-46d3-a386-12e0ac5fb1b5
2024-04-24T01:12:23,600  INFO [main] lockmgr.DbLockManager: Response to queryId=alex_20240424011223_e5382602-1634-46d3-a386-12e0ac5fb1b5 LockResponse(lockid:4, state:ACQUIRED)
2024-04-24T01:12:23,600  INFO [main] ql.Driver: Operation CREATETABLE obtained 1 locks
2024-04-24T01:12:23,600  INFO [main] ql.Driver: Executing command(queryId=alex_20240424011223_e5382602-1634-46d3-a386-12e0ac5fb1b5): create table nonAcidOrcTbl2(a int, b int) clustered by (a) into 2 buckets stored as orc TBLPROPERTIES ('transactional'='false')
2024-04-24T01:12:23,600  INFO [main] ql.Driver: Starting task [Stage-0:DDL] in serial mode
2024-04-24T01:12:23,601  INFO [main] HiveMetaStore.audit: ugi=alex	ip=unknown-ip-addr	cmd=create_table_req: Table(tableName:nonAcidOrcTbl2, dbName:default, owner:alex, createTime:1713946343, lastAccessTime:0, retention:0, sd:StorageDescriptor(cols:[FieldSchema(name:a, type:int, comment:null), FieldSchema(name:b, type:int, comment:null)], location:null, inputFormat:org.apache.hadoop.hive.ql.io.orc.OrcInputFormat, outputFormat:org.apache.hadoop.hive.ql.io.orc.OrcOutputFormat, compressed:false, numBuckets:2, serdeInfo:SerDeInfo(name:null, serializationLib:org.apache.hadoop.hive.ql.io.orc.OrcSerde, parameters:{serialization.format=1}), bucketCols:[a], sortCols:[], parameters:{}, skewedInfo:SkewedInfo(skewedColNames:[], skewedColValues:[], skewedColValueLocationMaps:{}), storedAsSubDirectories:false), partitionKeys:[], parameters:{numFilesErasureCoded=0, numRows=0, transactional=false, bucketing_version=2, rawDataSize=0, COLUMN_STATS_ACCURATE={"BASIC_STATS":"true","COLUMN_STATS":{"a":"true","b":"true"}}, totalSize=0, numFiles=0}, viewOriginalText:null, viewExpandedText:null, tableType:MANAGED_TABLE, privileges:PrincipalPrivilegeSet(userPrivileges:{alex=[PrivilegeGrantInfo(privilege:INSERT, createTime:-1, grantor:alex, grantorType:USER, grantOption:true), PrivilegeGrantInfo(privilege:SELECT, createTime:-1, grantor:alex, grantorType:USER, grantOption:true), PrivilegeGrantInfo(privilege:UPDATE, createTime:-1, grantor:alex, grantorType:USER, grantOption:true), PrivilegeGrantInfo(privilege:DELETE, createTime:-1, grantor:alex, grantorType:USER, grantOption:true)]}, groupPrivileges:null, rolePrivileges:null), temporary:false, catName:hive, ownerType:USER)	
2024-04-24T01:12:23,607  INFO [main] utils.FileUtils: Creating directory if it doesn't exist: file:/home/alex/Repositories/hive/ql/target/tmp/org.apache.hadoop.hive.ql.TestTxnCommands-1713946100941/warehouse/nonacidorctbl2
2024-04-24T01:12:23,624  INFO [main] metadata.Hive: Dumping metastore api call timing information for : execution phase
2024-04-24T01:12:23,624  INFO [main] metadata.Hive: Total time spent in each metastore function (ms): {isCompatibleWith_(Configuration)=0, createTable_(Table)=23}
2024-04-24T01:12:23,624  INFO [main] ql.Driver: Completed executing command(queryId=alex_20240424011223_e5382602-1634-46d3-a386-12e0ac5fb1b5); Time taken: 0.024 seconds
2024-04-24T01:12:23,625  INFO [main] lockmgr.DbTxnManager: Stopped heartbeat for query: alex_20240424011223_e5382602-1634-46d3-a386-12e0ac5fb1b5
2024-04-24T01:12:23,633  INFO [main] txn.TxnHandler: Expected to move at least one record from txn_components to completed_txn_components when committing txn! txnid:10
2024-04-24T01:12:23,648  INFO [main] txn.TxnHandler: Removed transactions: ([10]) from MIN_HISTORY_LEVEL
2024-04-24T01:12:23,649  WARN [main] txn.CompactionTxnHandler: No compaction queue record found for Compaction type transaction commit. txnId:10
2024-04-24T01:12:23,649  INFO [main] ql.TxnCommandsBaseForTests: Running the query: create temporary  table acidTbl2(a int, b int, c int) clustered by (c) into 2 buckets stored as orc TBLPROPERTIES ('transactional'='true')
2024-04-24T01:12:23,650  INFO [main] ql.Driver: Compiling command(queryId=alex_20240424011223_2439f52a-cfe8-437e-8ce6-d8ea21627481): create temporary  table acidTbl2(a int, b int, c int) clustered by (c) into 2 buckets stored as orc TBLPROPERTIES ('transactional'='true')
2024-04-24T01:12:23,653  INFO [main] txn.TxnHandler: Added entries to MIN_HISTORY_LEVEL for current txns: ([11]) with min_open_txn: 1
2024-04-24T01:12:23,654  INFO [main] lockmgr.DbTxnManager: Opened txnid:11
2024-04-24T01:12:23,654  INFO [main] parse.CalcitePlanner: Starting caching scope for: 
2024-04-24T01:12:23,654  INFO [main] parse.CalcitePlanner: Starting Semantic Analysis
2024-04-24T01:12:23,659  INFO [main] parse.CalcitePlanner: Creating table default.acidTbl2 position=24
2024-04-24T01:12:23,660  INFO [main] HiveMetaStore.audit: ugi=alex	ip=unknown-ip-addr	cmd=get_database: default	
2024-04-24T01:12:23,663  INFO [main] parse.CalcitePlanner: Ending caching scope for: 
2024-04-24T01:12:23,663  INFO [main] ql.Driver: Semantic Analysis Completed (retrial = false)
2024-04-24T01:12:23,663  INFO [main] ql.Driver: Created Hive schema: Schema(fieldSchemas:null, properties:null)
2024-04-24T01:12:23,663  INFO [main] metadata.Hive: Dumping metastore api call timing information for : compilation phase
2024-04-24T01:12:23,663  INFO [main] metadata.Hive: Total time spent in each metastore function (ms): {getValidTxns_(long)=0, openTxn_(String, TxnType)=4, isCompatibleWith_(Configuration)=0, commitTxn_(CommitTxnRequest)=24, getValidWriteIds_(List, String)=4, getDatabase_(String)=3, flushCache_()=0}
2024-04-24T01:12:23,664  INFO [main] ql.Driver: Completed compiling command(queryId=alex_20240424011223_2439f52a-cfe8-437e-8ce6-d8ea21627481); Time taken: 0.013 seconds
2024-04-24T01:12:23,664  INFO [main] lockmgr.DbTxnManager: Setting lock request transaction to txnid:11 for queryId=alex_20240424011223_2439f52a-cfe8-437e-8ce6-d8ea21627481
2024-04-24T01:12:23,664  INFO [main] lockmgr.DbLockManager: Requesting lock for queryId=alex_20240424011223_2439f52a-cfe8-437e-8ce6-d8ea21627481
2024-04-24T01:12:23,696  INFO [main] lockmgr.DbLockManager: Response to queryId=alex_20240424011223_2439f52a-cfe8-437e-8ce6-d8ea21627481 LockResponse(lockid:5, state:ACQUIRED)
2024-04-24T01:12:23,696  INFO [main] ql.Driver: Operation CREATETABLE obtained 1 locks
2024-04-24T01:12:23,696  INFO [main] ql.Driver: Executing command(queryId=alex_20240424011223_2439f52a-cfe8-437e-8ce6-d8ea21627481): create temporary  table acidTbl2(a int, b int, c int) clustered by (c) into 2 buckets stored as orc TBLPROPERTIES ('transactional'='true')
2024-04-24T01:12:23,697  INFO [main] ql.Driver: Starting task [Stage-0:DDL] in serial mode
2024-04-24T01:12:23,698  INFO [main] utils.FileUtils: Creating directory if it doesn't exist: file:/home/alex/Repositories/hive/ql/target/tmp/scratchdir/alex/8804c7d4-3c41-4f3b-8f2e-fee0b8d7a37c/_tmp_space.db/0184ed9d-2b3d-4a4d-ba22-99cdbb6ce728
2024-04-24T01:12:23,700  INFO [main] metadata.Hive: Dumping metastore api call timing information for : execution phase
2024-04-24T01:12:23,701  INFO [main] metadata.Hive: Total time spent in each metastore function (ms): {createTable_(Table)=3, isCompatibleWith_(Configuration)=0}
2024-04-24T01:12:23,701  INFO [main] ql.Driver: Completed executing command(queryId=alex_20240424011223_2439f52a-cfe8-437e-8ce6-d8ea21627481); Time taken: 0.004 seconds
2024-04-24T01:12:23,701  INFO [main] lockmgr.DbTxnManager: Stopped heartbeat for query: alex_20240424011223_2439f52a-cfe8-437e-8ce6-d8ea21627481
2024-04-24T01:12:23,710  INFO [main] txn.TxnHandler: Expected to move at least one record from txn_components to completed_txn_components when committing txn! txnid:11
2024-04-24T01:12:23,725  INFO [main] txn.TxnHandler: Removed transactions: ([11]) from MIN_HISTORY_LEVEL
2024-04-24T01:12:23,725  WARN [main] txn.CompactionTxnHandler: No compaction queue record found for Compaction type transaction commit. txnId:11
2024-04-24T01:12:23,726  INFO [main] ql.TxnCommandsBaseForTests: Running the query: create table nonAcidNonBucket(a int, b int) stored as orc TBLPROPERTIES ('transactional'='false')
2024-04-24T01:12:23,726  INFO [main] ql.Driver: Compiling command(queryId=alex_20240424011223_97135e66-ab62-48cf-8cdb-ffcbe5d3d3ae): create table nonAcidNonBucket(a int, b int) stored as orc TBLPROPERTIES ('transactional'='false')
2024-04-24T01:12:23,730  INFO [main] txn.TxnHandler: Added entries to MIN_HISTORY_LEVEL for current txns: ([12]) with min_open_txn: 1
2024-04-24T01:12:23,730  INFO [main] lockmgr.DbTxnManager: Opened txnid:12
2024-04-24T01:12:23,731  INFO [main] parse.CalcitePlanner: Starting caching scope for: 
2024-04-24T01:12:23,731  INFO [main] parse.CalcitePlanner: Starting Semantic Analysis
2024-04-24T01:12:23,735  INFO [main] parse.CalcitePlanner: Creating table default.nonAcidNonBucket position=13
2024-04-24T01:12:23,736  INFO [main] HiveMetaStore.audit: ugi=alex	ip=unknown-ip-addr	cmd=get_database: default	
2024-04-24T01:12:23,737  INFO [main] parse.CalcitePlanner: Ending caching scope for: 
2024-04-24T01:12:23,737  INFO [main] ql.Driver: Semantic Analysis Completed (retrial = false)
2024-04-24T01:12:23,737  INFO [main] ql.Driver: Created Hive schema: Schema(fieldSchemas:null, properties:null)
2024-04-24T01:12:23,737  INFO [main] metadata.Hive: Dumping metastore api call timing information for : compilation phase
2024-04-24T01:12:23,737  INFO [main] metadata.Hive: Total time spent in each metastore function (ms): {getValidWriteIds_(List, String)=4, isCompatibleWith_(Configuration)=1, flushCache_()=1, commitTxn_(CommitTxnRequest)=25, getDatabase_(String)=2, openTxn_(String, TxnType)=3, getValidTxns_(long)=0}
2024-04-24T01:12:23,737  INFO [main] ql.Driver: Completed compiling command(queryId=alex_20240424011223_97135e66-ab62-48cf-8cdb-ffcbe5d3d3ae); Time taken: 0.011 seconds
2024-04-24T01:12:23,737  INFO [main] lockmgr.DbTxnManager: Setting lock request transaction to txnid:12 for queryId=alex_20240424011223_97135e66-ab62-48cf-8cdb-ffcbe5d3d3ae
2024-04-24T01:12:23,738  INFO [main] lockmgr.DbLockManager: Requesting lock for queryId=alex_20240424011223_97135e66-ab62-48cf-8cdb-ffcbe5d3d3ae
2024-04-24T01:12:23,757  INFO [main] lockmgr.DbLockManager: Response to queryId=alex_20240424011223_97135e66-ab62-48cf-8cdb-ffcbe5d3d3ae LockResponse(lockid:6, state:ACQUIRED)
2024-04-24T01:12:23,757  INFO [main] ql.Driver: Operation CREATETABLE obtained 1 locks
2024-04-24T01:12:23,757  INFO [main] ql.Driver: Executing command(queryId=alex_20240424011223_97135e66-ab62-48cf-8cdb-ffcbe5d3d3ae): create table nonAcidNonBucket(a int, b int) stored as orc TBLPROPERTIES ('transactional'='false')
2024-04-24T01:12:23,757  INFO [main] ql.Driver: Starting task [Stage-0:DDL] in serial mode
2024-04-24T01:12:23,758  INFO [main] HiveMetaStore.audit: ugi=alex	ip=unknown-ip-addr	cmd=create_table_req: Table(tableName:nonAcidNonBucket, dbName:default, owner:alex, createTime:1713946343, lastAccessTime:0, retention:0, sd:StorageDescriptor(cols:[FieldSchema(name:a, type:int, comment:null), FieldSchema(name:b, type:int, comment:null)], location:null, inputFormat:org.apache.hadoop.hive.ql.io.orc.OrcInputFormat, outputFormat:org.apache.hadoop.hive.ql.io.orc.OrcOutputFormat, compressed:false, numBuckets:-1, serdeInfo:SerDeInfo(name:null, serializationLib:org.apache.hadoop.hive.ql.io.orc.OrcSerde, parameters:{serialization.format=1}), bucketCols:[], sortCols:[], parameters:{}, skewedInfo:SkewedInfo(skewedColNames:[], skewedColValues:[], skewedColValueLocationMaps:{}), storedAsSubDirectories:false), partitionKeys:[], parameters:{transactional=false, numRows=0, totalSize=0, numFilesErasureCoded=0, bucketing_version=2, COLUMN_STATS_ACCURATE={"BASIC_STATS":"true","COLUMN_STATS":{"a":"true","b":"true"}}, numFiles=0, rawDataSize=0}, viewOriginalText:null, viewExpandedText:null, tableType:MANAGED_TABLE, privileges:PrincipalPrivilegeSet(userPrivileges:{alex=[PrivilegeGrantInfo(privilege:INSERT, createTime:-1, grantor:alex, grantorType:USER, grantOption:true), PrivilegeGrantInfo(privilege:SELECT, createTime:-1, grantor:alex, grantorType:USER, grantOption:true), PrivilegeGrantInfo(privilege:UPDATE, createTime:-1, grantor:alex, grantorType:USER, grantOption:true), PrivilegeGrantInfo(privilege:DELETE, createTime:-1, grantor:alex, grantorType:USER, grantOption:true)]}, groupPrivileges:null, rolePrivileges:null), temporary:false, catName:hive, ownerType:USER)	
2024-04-24T01:12:23,763  INFO [main] utils.FileUtils: Creating directory if it doesn't exist: file:/home/alex/Repositories/hive/ql/target/tmp/org.apache.hadoop.hive.ql.TestTxnCommands-1713946100941/warehouse/nonacidnonbucket
2024-04-24T01:12:23,777  INFO [main] metadata.Hive: Dumping metastore api call timing information for : execution phase
2024-04-24T01:12:23,777  INFO [main] metadata.Hive: Total time spent in each metastore function (ms): {createTable_(Table)=18, isCompatibleWith_(Configuration)=0}
2024-04-24T01:12:23,777  INFO [main] ql.Driver: Completed executing command(queryId=alex_20240424011223_97135e66-ab62-48cf-8cdb-ffcbe5d3d3ae); Time taken: 0.02 seconds
2024-04-24T01:12:23,777  INFO [main] lockmgr.DbTxnManager: Stopped heartbeat for query: alex_20240424011223_97135e66-ab62-48cf-8cdb-ffcbe5d3d3ae
2024-04-24T01:12:23,783  INFO [main] txn.TxnHandler: Expected to move at least one record from txn_components to completed_txn_components when committing txn! txnid:12
2024-04-24T01:12:23,793  INFO [main] txn.TxnHandler: Removed transactions: ([12]) from MIN_HISTORY_LEVEL
2024-04-24T01:12:23,793  WARN [main] txn.CompactionTxnHandler: No compaction queue record found for Compaction type transaction commit. txnId:12
2024-04-24T01:12:23,793  INFO [main] ql.TxnCommandsBaseForTests: Running the query: delete from acidTbl where a IN (SELECT A.a from acidTbl  A)
2024-04-24T01:12:23,793  INFO [main] ql.Driver: Compiling command(queryId=alex_20240424011223_6c3f1367-f29f-4f32-80c4-d96522ff59a4): delete from acidTbl where a IN (SELECT A.a from acidTbl  A)
2024-04-24T01:12:23,796  INFO [main] txn.TxnHandler: Added entries to MIN_HISTORY_LEVEL for current txns: ([13]) with min_open_txn: 1
2024-04-24T01:12:23,797  INFO [main] lockmgr.DbTxnManager: Opened txnid:13
2024-04-24T01:12:23,797  INFO [main] parse.UpdateDeleteSemanticAnalyzer: Starting caching scope for: 
2024-04-24T01:12:23,797  INFO [main] HiveMetaStore.audit: ugi=alex	ip=unknown-ip-addr	cmd=get_table : tbl=hive.default.acidTbl	
2024-04-24T01:12:23,826  INFO [main] metastore.HMSHandler: Skipping translation for processor with null
2024-04-24T01:12:23,826  INFO [main] parse.RewriteSemanticAnalyzer: Going to reparse <delete from acidTbl where a IN (SELECT A.a from acidTbl  A)> as 
<insert into table `default`.`acidTbl` select ROW__ID from `default`.`acidTbl` sort by ROW__ID >
2024-04-24T01:12:23,827  INFO [main] parse.UpdateDeleteSemanticAnalyzer: Starting Semantic Analysis
2024-04-24T01:12:23,831  INFO [main] parse.UpdateDeleteSemanticAnalyzer: Completed phase 1 of Semantic Analysis
2024-04-24T01:12:23,831  INFO [main] parse.UpdateDeleteSemanticAnalyzer: Get metadata for source tables
2024-04-24T01:12:23,832  INFO [main] HiveMetaStore.audit: ugi=alex	ip=unknown-ip-addr	cmd=get_table : tbl=hive.default.acidtbl	
2024-04-24T01:12:23,842  INFO [main] metastore.HMSHandler: Skipping translation for processor with null
2024-04-24T01:12:23,843  INFO [main] parse.UpdateDeleteSemanticAnalyzer: Get metadata for subqueries
2024-04-24T01:12:23,843  INFO [main] parse.UpdateDeleteSemanticAnalyzer: Get metadata for destination tables
2024-04-24T01:12:23,843  INFO [main] HiveMetaStore.audit: ugi=alex	ip=unknown-ip-addr	cmd=get_table : tbl=hive.default.acidTbl	
2024-04-24T01:12:23,853  INFO [main] metastore.HMSHandler: Skipping translation for processor with null
2024-04-24T01:12:23,853  INFO [main] parse.UpdateDeleteSemanticAnalyzer: Completed getting MetaData in Semantic Analysis
2024-04-24T01:12:23,853  INFO [main] parse.UpdateDeleteSemanticAnalyzer: Disabling LLAP IO encode as ETL query is detected
2024-04-24T01:12:23,874  INFO [main] HiveMetaStore.audit: ugi=alex	ip=unknown-ip-addr	cmd=get_all_table_constraints : tbl=hive.default.acidtbl	
2024-04-24T01:12:23,928  INFO [main] parse.UpdateDeleteSemanticAnalyzer: Get metadata for source tables
2024-04-24T01:12:23,929  INFO [main] parse.UpdateDeleteSemanticAnalyzer: Get metadata for subqueries
2024-04-24T01:12:23,929  INFO [main] parse.UpdateDeleteSemanticAnalyzer: Get metadata for destination tables
2024-04-24T01:12:23,930  INFO [main] HiveMetaStore.audit: ugi=alex	ip=unknown-ip-addr	cmd=get_all_table_constraints : tbl=hive.default.acidtbl	
2024-04-24T01:12:24,093  INFO [main] calcite.RelOptHiveTable: Calculating column statistics for default.acidtbl, projIndxSet: [0], allowMissingStats: true
2024-04-24T01:12:24,093  INFO [main] HiveMetaStore.audit: ugi=alex	ip=unknown-ip-addr	cmd=get_table : tbl=hive.default.acidtbl	
2024-04-24T01:12:24,103  INFO [main] metastore.HMSHandler: Skipping translation for processor with null
2024-04-24T01:12:24,104  INFO [main] HiveMetaStore.audit: ugi=alex	ip=unknown-ip-addr	cmd=get_table : tbl=hive.default.acidtbl	
2024-04-24T01:12:24,113  INFO [main] metastore.HMSHandler: Skipping translation for processor with null
2024-04-24T01:12:24,113  INFO [main] HiveMetaStore.audit: ugi=alex	ip=unknown-ip-addr	cmd=get_table_statistics_req: table=hive.default.acidtbl	
2024-04-24T01:12:24,124  WARN [main] calcite.RelOptHiveTable: No Stats for default@acidtbl, Columns: a
No Stats for default@acidtbl, Columns: a
2024-04-24T01:12:24,124  INFO [main] SessionState: No Stats for default@acidtbl, Columns: a
2024-04-24T01:12:24,125  INFO [main] calcite.RelOptHiveTable: Calculating column statistics for default.acidtbl, projIndxSet: [0], allowMissingStats: true
2024-04-24T01:12:24,125  WARN [main] calcite.RelOptHiveTable: No Stats for default@acidtbl, Columns: a
No Stats for default@acidtbl, Columns: a
2024-04-24T01:12:24,125  INFO [main] SessionState: No Stats for default@acidtbl, Columns: a
2024-04-24T01:12:24,256  INFO [main] parse.UpdateDeleteSemanticAnalyzer: Get metadata for source tables
2024-04-24T01:12:24,256  INFO [main] parse.UpdateDeleteSemanticAnalyzer: Get metadata for subqueries
2024-04-24T01:12:24,256  INFO [main] parse.UpdateDeleteSemanticAnalyzer: Get metadata for source tables
2024-04-24T01:12:24,256  INFO [main] parse.UpdateDeleteSemanticAnalyzer: Get metadata for subqueries
2024-04-24T01:12:24,257  INFO [main] parse.UpdateDeleteSemanticAnalyzer: Get metadata for destination tables
2024-04-24T01:12:24,257  INFO [main] parse.UpdateDeleteSemanticAnalyzer: Get metadata for source tables
2024-04-24T01:12:24,257  INFO [main] parse.UpdateDeleteSemanticAnalyzer: Get metadata for subqueries
2024-04-24T01:12:24,257  INFO [main] parse.UpdateDeleteSemanticAnalyzer: Get metadata for destination tables
2024-04-24T01:12:24,257  INFO [main] parse.UpdateDeleteSemanticAnalyzer: Get metadata for destination tables
2024-04-24T01:12:24,257  INFO [main] HiveMetaStore.audit: ugi=alex	ip=unknown-ip-addr	cmd=get_table : tbl=hive.default.acidTbl	
2024-04-24T01:12:24,268  INFO [main] metastore.HMSHandler: Skipping translation for processor with null
2024-04-24T01:12:24,273 ERROR [main] parse.UpdateDeleteSemanticAnalyzer: CBO failed, skipping CBO. 
org.apache.hadoop.hive.ql.exec.NoMatchingMethodException: No matching method for class org.apache.hadoop.hive.ql.udf.UDFToInteger with (struct<writeid:bigint,bucketid:int,rowid:bigint>). Possible choices: _FUNC_(bigint)  _FUNC_(boolean)  _FUNC_(decimal(38,18))  _FUNC_(double)  _FUNC_(float)  _FUNC_(smallint)  _FUNC_(string)  _FUNC_(struct<rowid:bigint,writeid:bigint,bucketid:int>)  _FUNC_(timestamp)  _FUNC_(tinyint)  _FUNC_(void)  
	at org.apache.hadoop.hive.ql.exec.MethodUtils.getMethodInternal(MethodUtils.java:130) ~[classes/:?]
	at org.apache.hadoop.hive.ql.exec.MethodUtils.getMethodInternal(MethodUtils.java:60) ~[classes/:?]
	at org.apache.hadoop.hive.ql.exec.DefaultUDFMethodResolver.getEvalMethod(DefaultUDFMethodResolver.java:59) ~[classes/:?]
	at org.apache.hadoop.hive.ql.udf.TimestampCastRestrictorResolver.getEvalMethod(TimestampCastRestrictorResolver.java:68) ~[classes/:?]
	at org.apache.hadoop.hive.ql.udf.generic.GenericUDFBridge.initialize(GenericUDFBridge.java:168) ~[classes/:?]
	at org.apache.hadoop.hive.ql.udf.generic.GenericUDF.initializeAndFoldConstants(GenericUDF.java:149) ~[classes/:?]
	at org.apache.hadoop.hive.ql.plan.ExprNodeGenericFuncDesc.newInstance(ExprNodeGenericFuncDesc.java:235) ~[classes/:?]
	at org.apache.hadoop.hive.ql.parse.type.ExprNodeDescExprFactory.createFuncCallExpr(ExprNodeDescExprFactory.java:584) ~[classes/:?]
	at org.apache.hadoop.hive.ql.parse.type.ExprNodeDescExprFactory.createFuncCallExpr(ExprNodeDescExprFactory.java:97) ~[classes/:?]
	at org.apache.hadoop.hive.ql.parse.type.TypeCheckProcFactory$DefaultExprProcessor.getFuncExprNodeDescWithUdfData(TypeCheckProcFactory.java:762) ~[classes/:?]
	at org.apache.hadoop.hive.ql.parse.type.TypeCheckProcFactory$DefaultExprProcessor.createConversionCast(TypeCheckProcFactory.java:783) ~[classes/:?]
	at org.apache.hadoop.hive.ql.parse.SemanticAnalyzer.getPartitionColsFromBucketColsForUpdateDelete(SemanticAnalyzer.java:8725) ~[classes/:?]
	at org.apache.hadoop.hive.ql.parse.SemanticAnalyzer.genBucketingSortingDest(SemanticAnalyzer.java:6906) ~[classes/:?]
	at org.apache.hadoop.hive.ql.parse.SemanticAnalyzer.genFileSinkPlan(SemanticAnalyzer.java:7335) ~[classes/:?]
	at org.apache.hadoop.hive.ql.parse.SemanticAnalyzer.genPostGroupByBodyPlan(SemanticAnalyzer.java:11063) ~[classes/:?]
	at org.apache.hadoop.hive.ql.parse.SemanticAnalyzer.genBodyPlan(SemanticAnalyzer.java:10938) ~[classes/:?]
	at org.apache.hadoop.hive.ql.parse.SemanticAnalyzer.genPlan(SemanticAnalyzer.java:11853) ~[classes/:?]
	at org.apache.hadoop.hive.ql.parse.SemanticAnalyzer.genPlan(SemanticAnalyzer.java:11723) ~[classes/:?]
	at org.apache.hadoop.hive.ql.parse.CalcitePlanner.genOPTree(CalcitePlanner.java:626) ~[classes/:?]
	at org.apache.hadoop.hive.ql.parse.SemanticAnalyzer.analyzeInternal(SemanticAnalyzer.java:12558) ~[classes/:?]
	at org.apache.hadoop.hive.ql.parse.CalcitePlanner.analyzeInternal(CalcitePlanner.java:456) ~[classes/:?]
	at org.apache.hadoop.hive.ql.parse.RewriteSemanticAnalyzer.analyzeInternal(RewriteSemanticAnalyzer.java:67) ~[classes/:?]
	at org.apache.hadoop.hive.ql.parse.BaseSemanticAnalyzer.analyze(BaseSemanticAnalyzer.java:317) ~[classes/:?]
	at org.apache.hadoop.hive.ql.parse.UpdateDeleteSemanticAnalyzer.reparseAndSuperAnalyze(UpdateDeleteSemanticAnalyzer.java:208) ~[classes/:?]
	at org.apache.hadoop.hive.ql.parse.UpdateDeleteSemanticAnalyzer.analyzeDelete(UpdateDeleteSemanticAnalyzer.java:68) ~[classes/:?]
	at org.apache.hadoop.hive.ql.parse.UpdateDeleteSemanticAnalyzer.analyze(UpdateDeleteSemanticAnalyzer.java:50) ~[classes/:?]
	at org.apache.hadoop.hive.ql.parse.RewriteSemanticAnalyzer.analyzeInternal(RewriteSemanticAnalyzer.java:72) ~[classes/:?]
	at org.apache.hadoop.hive.ql.parse.BaseSemanticAnalyzer.analyze(BaseSemanticAnalyzer.java:317) ~[classes/:?]
	at org.apache.hadoop.hive.ql.Compiler.analyze(Compiler.java:223) ~[classes/:?]
	at org.apache.hadoop.hive.ql.Compiler.compile(Compiler.java:105) ~[classes/:?]
	at org.apache.hadoop.hive.ql.Driver.compile(Driver.java:500) ~[classes/:?]
	at org.apache.hadoop.hive.ql.Driver.compileInternal(Driver.java:453) ~[classes/:?]
	at org.apache.hadoop.hive.ql.Driver.runInternal(Driver.java:181) ~[classes/:?]
	at org.apache.hadoop.hive.ql.Driver.run(Driver.java:153) ~[classes/:?]
	at org.apache.hadoop.hive.ql.Driver.run(Driver.java:140) ~[classes/:?]
	at org.apache.hadoop.hive.ql.TxnCommandsBaseForTests.runStatementOnDriver(TxnCommandsBaseForTests.java:245) ~[test-classes/:?]
	at org.apache.hadoop.hive.ql.TestTxnCommands.testDeleteIn(TestTxnCommands.java:929) ~[test-classes/:?]
	at sun.reflect.NativeMethodAccessorImpl.invoke0(Native Method) ~[?:1.8.0_402]
	at sun.reflect.NativeMethodAccessorImpl.invoke(NativeMethodAccessorImpl.java:62) ~[?:1.8.0_402]
	at sun.reflect.DelegatingMethodAccessorImpl.invoke(DelegatingMethodAccessorImpl.java:43) ~[?:1.8.0_402]
	at java.lang.reflect.Method.invoke(Method.java:498) ~[?:1.8.0_402]
	at org.junit.runners.model.FrameworkMethod$1.runReflectiveCall(FrameworkMethod.java:59) ~[junit-4.13.jar:4.13]
	at org.junit.internal.runners.model.ReflectiveCallable.run(ReflectiveCallable.java:12) ~[junit-4.13.jar:4.13]
	at org.junit.runners.model.FrameworkMethod.invokeExplosively(FrameworkMethod.java:56) ~[junit-4.13.jar:4.13]
	at org.junit.internal.runners.statements.InvokeMethod.evaluate(InvokeMethod.java:17) ~[junit-4.13.jar:4.13]
	at org.junit.internal.runners.statements.RunBefores.evaluate(RunBefores.java:26) ~[junit-4.13.jar:4.13]
	at org.junit.internal.runners.statements.RunAfters.evaluate(RunAfters.java:27) ~[junit-4.13.jar:4.13]
	at org.junit.rules.TestWatcher$1.evaluate(TestWatcher.java:61) ~[junit-4.13.jar:4.13]
	at org.junit.runners.ParentRunner$3.evaluate(ParentRunner.java:306) ~[junit-4.13.jar:4.13]
	at org.junit.runners.BlockJUnit4ClassRunner$1.evaluate(BlockJUnit4ClassRunner.java:100) ~[junit-4.13.jar:4.13]
	at org.junit.runners.ParentRunner.runLeaf(ParentRunner.java:366) ~[junit-4.13.jar:4.13]
	at org.junit.runners.BlockJUnit4ClassRunner.runChild(BlockJUnit4ClassRunner.java:103) ~[junit-4.13.jar:4.13]
	at org.junit.runners.BlockJUnit4ClassRunner.runChild(BlockJUnit4ClassRunner.java:63) ~[junit-4.13.jar:4.13]
	at org.junit.runners.ParentRunner$4.run(ParentRunner.java:331) ~[junit-4.13.jar:4.13]
	at org.junit.runners.ParentRunner$1.schedule(ParentRunner.java:79) ~[junit-4.13.jar:4.13]
	at org.junit.runners.ParentRunner.runChildren(ParentRunner.java:329) ~[junit-4.13.jar:4.13]
	at org.junit.runners.ParentRunner.access$100(ParentRunner.java:66) ~[junit-4.13.jar:4.13]
	at org.junit.runners.ParentRunner$2.evaluate(ParentRunner.java:293) ~[junit-4.13.jar:4.13]
	at org.junit.runners.ParentRunner$3.evaluate(ParentRunner.java:306) ~[junit-4.13.jar:4.13]
	at org.junit.runners.ParentRunner.run(ParentRunner.java:413) ~[junit-4.13.jar:4.13]
	at org.junit.runner.JUnitCore.run(JUnitCore.java:137) ~[junit-4.13.jar:4.13]
	at org.junit.runner.JUnitCore.run(JUnitCore.java:115) ~[junit-4.13.jar:4.13]
	at org.junit.vintage.engine.execution.RunnerExecutor.execute(RunnerExecutor.java:43) ~[junit-vintage-engine-5.6.2.jar:5.6.2]
	at java.util.stream.ForEachOps$ForEachOp$OfRef.accept(ForEachOps.java:183) ~[?:1.8.0_402]
	at java.util.stream.ReferencePipeline$3$1.accept(ReferencePipeline.java:193) ~[?:1.8.0_402]
	at java.util.Iterator.forEachRemaining(Iterator.java:116) ~[?:1.8.0_402]
	at java.util.Spliterators$IteratorSpliterator.forEachRemaining(Spliterators.java:1801) ~[?:1.8.0_402]
	at java.util.stream.AbstractPipeline.copyInto(AbstractPipeline.java:482) ~[?:1.8.0_402]
	at java.util.stream.AbstractPipeline.wrapAndCopyInto(AbstractPipeline.java:472) ~[?:1.8.0_402]
	at java.util.stream.ForEachOps$ForEachOp.evaluateSequential(ForEachOps.java:150) ~[?:1.8.0_402]
	at java.util.stream.ForEachOps$ForEachOp$OfRef.evaluateSequential(ForEachOps.java:173) ~[?:1.8.0_402]
	at java.util.stream.AbstractPipeline.evaluate(AbstractPipeline.java:234) ~[?:1.8.0_402]
	at java.util.stream.ReferencePipeline.forEach(ReferencePipeline.java:485) ~[?:1.8.0_402]
	at org.junit.vintage.engine.VintageTestEngine.executeAllChildren(VintageTestEngine.java:82) ~[junit-vintage-engine-5.6.2.jar:5.6.2]
	at org.junit.vintage.engine.VintageTestEngine.execute(VintageTestEngine.java:73) ~[junit-vintage-engine-5.6.2.jar:5.6.2]
	at org.junit.platform.launcher.core.DefaultLauncher.execute(DefaultLauncher.java:248) ~[junit-platform-launcher-1.6.2.jar:1.6.2]
	at org.junit.platform.launcher.core.DefaultLauncher.lambda$execute$5(DefaultLauncher.java:211) ~[junit-platform-launcher-1.6.2.jar:1.6.2]
	at org.junit.platform.launcher.core.DefaultLauncher.withInterceptedStreams(DefaultLauncher.java:226) [junit-platform-launcher-1.6.2.jar:1.6.2]
	at org.junit.platform.launcher.core.DefaultLauncher.execute(DefaultLauncher.java:199) [junit-platform-launcher-1.6.2.jar:1.6.2]
	at org.junit.platform.launcher.core.DefaultLauncher.execute(DefaultLauncher.java:132) [junit-platform-launcher-1.6.2.jar:1.6.2]
	at org.apache.maven.surefire.junitplatform.JUnitPlatformProvider.invokeAllTests(JUnitPlatformProvider.java:154) [surefire-junit-platform-3.0.0-M4.jar:3.0.0-M4]
	at org.apache.maven.surefire.junitplatform.JUnitPlatformProvider.invoke(JUnitPlatformProvider.java:123) [surefire-junit-platform-3.0.0-M4.jar:3.0.0-M4]
	at org.apache.maven.surefire.booter.ForkedBooter.runSuitesInProcess(ForkedBooter.java:377) [surefire-booter-3.0.0-M4.jar:3.0.0-M4]
	at org.apache.maven.surefire.booter.ForkedBooter.execute(ForkedBooter.java:138) [surefire-booter-3.0.0-M4.jar:3.0.0-M4]
	at org.apache.maven.surefire.booter.ForkedBooter.run(ForkedBooter.java:465) [surefire-booter-3.0.0-M4.jar:3.0.0-M4]
	at org.apache.maven.surefire.booter.ForkedBooter.main(ForkedBooter.java:451) [surefire-booter-3.0.0-M4.jar:3.0.0-M4]
2024-04-24T01:12:24,275 ERROR [main] parse.UpdateDeleteSemanticAnalyzer: CBO failed due to missing column stats (see previous errors), skipping CBO
2024-04-24T01:12:24,275  INFO [main] parse.UpdateDeleteSemanticAnalyzer: Ending caching scope for: 
FAILED: NoMatchingMethodException No matching method for class org.apache.hadoop.hive.ql.udf.UDFToInteger with (struct<writeid:bigint,bucketid:int,rowid:bigint>). Possible choices: _FUNC_(bigint)  _FUNC_(boolean)  _FUNC_(decimal(38,18))  _FUNC_(double)  _FUNC_(float)  _FUNC_(smallint)  _FUNC_(string)  _FUNC_(struct<rowid:bigint,writeid:bigint,bucketid:int>)  _FUNC_(timestamp)  _FUNC_(tinyint)  _FUNC_(void)  
2024-04-24T01:12:24,275 ERROR [main] ql.Driver: FAILED: NoMatchingMethodException No matching method for class org.apache.hadoop.hive.ql.udf.UDFToInteger with (struct<writeid:bigint,bucketid:int,rowid:bigint>). Possible choices: _FUNC_(bigint)  _FUNC_(boolean)  _FUNC_(decimal(38,18))  _FUNC_(double)  _FUNC_(float)  _FUNC_(smallint)  _FUNC_(string)  _FUNC_(struct<rowid:bigint,writeid:bigint,bucketid:int>)  _FUNC_(timestamp)  _FUNC_(tinyint)  _FUNC_(void)  
org.apache.hadoop.hive.ql.exec.NoMatchingMethodException: No matching method for class org.apache.hadoop.hive.ql.udf.UDFToInteger with (struct<writeid:bigint,bucketid:int,rowid:bigint>). Possible choices: _FUNC_(bigint)  _FUNC_(boolean)  _FUNC_(decimal(38,18))  _FUNC_(double)  _FUNC_(float)  _FUNC_(smallint)  _FUNC_(string)  _FUNC_(struct<rowid:bigint,writeid:bigint,bucketid:int>)  _FUNC_(timestamp)  _FUNC_(tinyint)  _FUNC_(void)  
	at org.apache.hadoop.hive.ql.exec.MethodUtils.getMethodInternal(MethodUtils.java:130)
	at org.apache.hadoop.hive.ql.exec.MethodUtils.getMethodInternal(MethodUtils.java:60)
	at org.apache.hadoop.hive.ql.exec.DefaultUDFMethodResolver.getEvalMethod(DefaultUDFMethodResolver.java:59)
	at org.apache.hadoop.hive.ql.udf.TimestampCastRestrictorResolver.getEvalMethod(TimestampCastRestrictorResolver.java:68)
	at org.apache.hadoop.hive.ql.udf.generic.GenericUDFBridge.initialize(GenericUDFBridge.java:168)
	at org.apache.hadoop.hive.ql.udf.generic.GenericUDF.initializeAndFoldConstants(GenericUDF.java:149)
	at org.apache.hadoop.hive.ql.plan.ExprNodeGenericFuncDesc.newInstance(ExprNodeGenericFuncDesc.java:235)
	at org.apache.hadoop.hive.ql.parse.type.ExprNodeDescExprFactory.createFuncCallExpr(ExprNodeDescExprFactory.java:584)
	at org.apache.hadoop.hive.ql.parse.type.ExprNodeDescExprFactory.createFuncCallExpr(ExprNodeDescExprFactory.java:97)
	at org.apache.hadoop.hive.ql.parse.type.TypeCheckProcFactory$DefaultExprProcessor.getFuncExprNodeDescWithUdfData(TypeCheckProcFactory.java:762)
	at org.apache.hadoop.hive.ql.parse.type.TypeCheckProcFactory$DefaultExprProcessor.createConversionCast(TypeCheckProcFactory.java:783)
	at org.apache.hadoop.hive.ql.parse.SemanticAnalyzer.getPartitionColsFromBucketColsForUpdateDelete(SemanticAnalyzer.java:8725)
	at org.apache.hadoop.hive.ql.parse.SemanticAnalyzer.genBucketingSortingDest(SemanticAnalyzer.java:6906)
	at org.apache.hadoop.hive.ql.parse.SemanticAnalyzer.genFileSinkPlan(SemanticAnalyzer.java:7335)
	at org.apache.hadoop.hive.ql.parse.SemanticAnalyzer.genPostGroupByBodyPlan(SemanticAnalyzer.java:11063)
	at org.apache.hadoop.hive.ql.parse.SemanticAnalyzer.genBodyPlan(SemanticAnalyzer.java:10938)
	at org.apache.hadoop.hive.ql.parse.SemanticAnalyzer.genPlan(SemanticAnalyzer.java:11853)
	at org.apache.hadoop.hive.ql.parse.SemanticAnalyzer.genPlan(SemanticAnalyzer.java:11723)
	at org.apache.hadoop.hive.ql.parse.CalcitePlanner.genOPTree(CalcitePlanner.java:626)
	at org.apache.hadoop.hive.ql.parse.SemanticAnalyzer.analyzeInternal(SemanticAnalyzer.java:12558)
	at org.apache.hadoop.hive.ql.parse.CalcitePlanner.analyzeInternal(CalcitePlanner.java:456)
	at org.apache.hadoop.hive.ql.parse.RewriteSemanticAnalyzer.analyzeInternal(RewriteSemanticAnalyzer.java:67)
	at org.apache.hadoop.hive.ql.parse.BaseSemanticAnalyzer.analyze(BaseSemanticAnalyzer.java:317)
	at org.apache.hadoop.hive.ql.parse.UpdateDeleteSemanticAnalyzer.reparseAndSuperAnalyze(UpdateDeleteSemanticAnalyzer.java:208)
	at org.apache.hadoop.hive.ql.parse.UpdateDeleteSemanticAnalyzer.analyzeDelete(UpdateDeleteSemanticAnalyzer.java:68)
	at org.apache.hadoop.hive.ql.parse.UpdateDeleteSemanticAnalyzer.analyze(UpdateDeleteSemanticAnalyzer.java:50)
	at org.apache.hadoop.hive.ql.parse.RewriteSemanticAnalyzer.analyzeInternal(RewriteSemanticAnalyzer.java:72)
	at org.apache.hadoop.hive.ql.parse.BaseSemanticAnalyzer.analyze(BaseSemanticAnalyzer.java:317)
	at org.apache.hadoop.hive.ql.Compiler.analyze(Compiler.java:223)
	at org.apache.hadoop.hive.ql.Compiler.compile(Compiler.java:105)
	at org.apache.hadoop.hive.ql.Driver.compile(Driver.java:500)
	at org.apache.hadoop.hive.ql.Driver.compileInternal(Driver.java:453)
	at org.apache.hadoop.hive.ql.Driver.runInternal(Driver.java:181)
	at org.apache.hadoop.hive.ql.Driver.run(Driver.java:153)
	at org.apache.hadoop.hive.ql.Driver.run(Driver.java:140)
	at org.apache.hadoop.hive.ql.TxnCommandsBaseForTests.runStatementOnDriver(TxnCommandsBaseForTests.java:245)
	at org.apache.hadoop.hive.ql.TestTxnCommands.testDeleteIn(TestTxnCommands.java:929)
	at sun.reflect.NativeMethodAccessorImpl.invoke0(Native Method)
	at sun.reflect.NativeMethodAccessorImpl.invoke(NativeMethodAccessorImpl.java:62)
	at sun.reflect.DelegatingMethodAccessorImpl.invoke(DelegatingMethodAccessorImpl.java:43)
	at java.lang.reflect.Method.invoke(Method.java:498)
	at org.junit.runners.model.FrameworkMethod$1.runReflectiveCall(FrameworkMethod.java:59)
	at org.junit.internal.runners.model.ReflectiveCallable.run(ReflectiveCallable.java:12)
	at org.junit.runners.model.FrameworkMethod.invokeExplosively(FrameworkMethod.java:56)
	at org.junit.internal.runners.statements.InvokeMethod.evaluate(InvokeMethod.java:17)
	at org.junit.internal.runners.statements.RunBefores.evaluate(RunBefores.java:26)
	at org.junit.internal.runners.statements.RunAfters.evaluate(RunAfters.java:27)
	at org.junit.rules.TestWatcher$1.evaluate(TestWatcher.java:61)
	at org.junit.runners.ParentRunner$3.evaluate(ParentRunner.java:306)
	at org.junit.runners.BlockJUnit4ClassRunner$1.evaluate(BlockJUnit4ClassRunner.java:100)
	at org.junit.runners.ParentRunner.runLeaf(ParentRunner.java:366)
	at org.junit.runners.BlockJUnit4ClassRunner.runChild(BlockJUnit4ClassRunner.java:103)
	at org.junit.runners.BlockJUnit4ClassRunner.runChild(BlockJUnit4ClassRunner.java:63)
	at org.junit.runners.ParentRunner$4.run(ParentRunner.java:331)
	at org.junit.runners.ParentRunner$1.schedule(ParentRunner.java:79)
	at org.junit.runners.ParentRunner.runChildren(ParentRunner.java:329)
	at org.junit.runners.ParentRunner.access$100(ParentRunner.java:66)
	at org.junit.runners.ParentRunner$2.evaluate(ParentRunner.java:293)
	at org.junit.runners.ParentRunner$3.evaluate(ParentRunner.java:306)
	at org.junit.runners.ParentRunner.run(ParentRunner.java:413)
	at org.junit.runner.JUnitCore.run(JUnitCore.java:137)
	at org.junit.runner.JUnitCore.run(JUnitCore.java:115)
	at org.junit.vintage.engine.execution.RunnerExecutor.execute(RunnerExecutor.java:43)
	at java.util.stream.ForEachOps$ForEachOp$OfRef.accept(ForEachOps.java:183)
	at java.util.stream.ReferencePipeline$3$1.accept(ReferencePipeline.java:193)
	at java.util.Iterator.forEachRemaining(Iterator.java:116)
	at java.util.Spliterators$IteratorSpliterator.forEachRemaining(Spliterators.java:1801)
	at java.util.stream.AbstractPipeline.copyInto(AbstractPipeline.java:482)
	at java.util.stream.AbstractPipeline.wrapAndCopyInto(AbstractPipeline.java:472)
	at java.util.stream.ForEachOps$ForEachOp.evaluateSequential(ForEachOps.java:150)
	at java.util.stream.ForEachOps$ForEachOp$OfRef.evaluateSequential(ForEachOps.java:173)
	at java.util.stream.AbstractPipeline.evaluate(AbstractPipeline.java:234)
	at java.util.stream.ReferencePipeline.forEach(ReferencePipeline.java:485)
	at org.junit.vintage.engine.VintageTestEngine.executeAllChildren(VintageTestEngine.java:82)
	at org.junit.vintage.engine.VintageTestEngine.execute(VintageTestEngine.java:73)
	at org.junit.platform.launcher.core.DefaultLauncher.execute(DefaultLauncher.java:248)
	at org.junit.platform.launcher.core.DefaultLauncher.lambda$execute$5(DefaultLauncher.java:211)
	at org.junit.platform.launcher.core.DefaultLauncher.withInterceptedStreams(DefaultLauncher.java:226)
	at org.junit.platform.launcher.core.DefaultLauncher.execute(DefaultLauncher.java:199)
	at org.junit.platform.launcher.core.DefaultLauncher.execute(DefaultLauncher.java:132)
	at org.apache.maven.surefire.junitplatform.JUnitPlatformProvider.invokeAllTests(JUnitPlatformProvider.java:154)
	at org.apache.maven.surefire.junitplatform.JUnitPlatformProvider.invoke(JUnitPlatformProvider.java:123)
	at org.apache.maven.surefire.booter.ForkedBooter.runSuitesInProcess(ForkedBooter.java:377)
	at org.apache.maven.surefire.booter.ForkedBooter.execute(ForkedBooter.java:138)
	at org.apache.maven.surefire.booter.ForkedBooter.run(ForkedBooter.java:465)
	at org.apache.maven.surefire.booter.ForkedBooter.main(ForkedBooter.java:451)

2024-04-24T01:12:24,276  INFO [main] metadata.Hive: Dumping metastore api call timing information for : compilation phase
2024-04-24T01:12:24,276  INFO [main] metadata.Hive: Total time spent in each metastore function (ms): {getTable_(GetTableRequest)=60, commitTxn_(CommitTxnRequest)=16, flushCache_()=0, isCompatibleWith_(Configuration)=2, getValidWriteIds_(List, String)=6, getValidTxns_(long)=0, getAllTableConstraints_(AllTableConstraintsRequest)=57, getTableColumnStatistics_(String, String, List, String)=31, openTxn_(String, TxnType)=3}
2024-04-24T01:12:24,276  INFO [main] ql.Driver: Completed compiling command(queryId=alex_20240424011223_6c3f1367-f29f-4f32-80c4-d96522ff59a4); Time taken: 0.483 seconds
2024-04-24T01:12:24,276  INFO [main] lockmgr.DbTxnManager: Stopped heartbeat for query: null
2024-04-24T01:12:24,283  INFO [main] txn.TxnHandler: Removed transactions: ([13]) from MIN_HISTORY_LEVEL
2024-04-24T01:12:24,295  INFO [main] ql.TxnCommandsBaseForTests: Running the query: drop table if exists acidTbl
2024-04-24T01:12:24,295  INFO [main] ql.Driver: Compiling command(queryId=alex_20240424011224_2d968aa2-3bb1-40d4-8cf7-9adcd3b8fffa): drop table if exists acidTbl
2024-04-24T01:12:24,298  INFO [main] txn.TxnHandler: Added entries to MIN_HISTORY_LEVEL for current txns: ([14]) with min_open_txn: 7
2024-04-24T01:12:24,298  INFO [main] lockmgr.DbTxnManager: Opened txnid:14
2024-04-24T01:12:24,299  INFO [main] HiveMetaStore.audit: ugi=alex	ip=unknown-ip-addr	cmd=get_table : tbl=hive.default.acidTbl	
2024-04-24T01:12:24,305  INFO [main] metastore.HMSHandler: Skipping translation for processor with null
2024-04-24T01:12:24,305  INFO [main] ql.Driver: Semantic Analysis Completed (retrial = false)
2024-04-24T01:12:24,305  INFO [main] ql.Driver: Created Hive schema: Schema(fieldSchemas:null, properties:null)
2024-04-24T01:12:24,305  INFO [main] metadata.Hive: Dumping metastore api call timing information for : compilation phase
2024-04-24T01:12:24,305  INFO [main] metadata.Hive: Total time spent in each metastore function (ms): {getTable_(GetTableRequest)=6, rollbackTxn_(long)=19, isCompatibleWith_(Configuration)=0, openTxn_(String, TxnType)=2, flushCache_()=0, getValidTxns_(long)=0}
2024-04-24T01:12:24,305  INFO [main] ql.Driver: Completed compiling command(queryId=alex_20240424011224_2d968aa2-3bb1-40d4-8cf7-9adcd3b8fffa); Time taken: 0.01 seconds
2024-04-24T01:12:24,305  INFO [main] lockmgr.DbTxnManager: Setting lock request transaction to txnid:14 for queryId=alex_20240424011224_2d968aa2-3bb1-40d4-8cf7-9adcd3b8fffa
2024-04-24T01:12:24,306  INFO [main] lockmgr.DbLockManager: Requesting lock for queryId=alex_20240424011224_2d968aa2-3bb1-40d4-8cf7-9adcd3b8fffa
2024-04-24T01:12:24,334  INFO [main] lockmgr.DbLockManager: Response to queryId=alex_20240424011224_2d968aa2-3bb1-40d4-8cf7-9adcd3b8fffa LockResponse(lockid:7, state:ACQUIRED)
2024-04-24T01:12:24,334  INFO [main] ql.Driver: Operation DROPTABLE obtained 1 locks
2024-04-24T01:12:24,334  INFO [main] ql.Driver: Executing command(queryId=alex_20240424011224_2d968aa2-3bb1-40d4-8cf7-9adcd3b8fffa): drop table if exists acidTbl
2024-04-24T01:12:24,334  INFO [main] ql.Driver: Starting task [Stage-0:DDL] in serial mode
2024-04-24T01:12:24,334  INFO [main] HiveMetaStore.audit: ugi=alex	ip=unknown-ip-addr	cmd=get_table : tbl=hive.default.acidTbl	
2024-04-24T01:12:24,342  INFO [main] metastore.HMSHandler: Skipping translation for processor with null
2024-04-24T01:12:24,342  INFO [main] HiveMetaStore.audit: ugi=alex	ip=unknown-ip-addr	cmd=get_table : tbl=hive.default.acidTbl	
2024-04-24T01:12:24,352  INFO [main] metastore.HMSHandler: Skipping translation for processor with null
2024-04-24T01:12:24,352  INFO [main] HiveMetaStore.audit: ugi=alex	ip=unknown-ip-addr	cmd=drop_table : tbl=hive.default.acidTbl	
2024-04-24T01:12:24,787  INFO [main] metadata.Hive: Dumping metastore api call timing information for : execution phase
2024-04-24T01:12:24,787  INFO [main] metadata.Hive: Total time spent in each metastore function (ms): {getTable_(GetTableRequest)=8, dropTable_(String, String, boolean, boolean, boolean)=444, isCompatibleWith_(Configuration)=0}
2024-04-24T01:12:24,787  INFO [main] ql.Driver: Completed executing command(queryId=alex_20240424011224_2d968aa2-3bb1-40d4-8cf7-9adcd3b8fffa); Time taken: 0.453 seconds
2024-04-24T01:12:24,787  INFO [main] lockmgr.DbTxnManager: Stopped heartbeat for query: alex_20240424011224_2d968aa2-3bb1-40d4-8cf7-9adcd3b8fffa
2024-04-24T01:12:24,791  INFO [main] txn.TxnHandler: Expected to move at least one record from txn_components to completed_txn_components when committing txn! txnid:14
2024-04-24T01:12:24,796  INFO [main] txn.TxnHandler: Removed transactions: ([14]) from MIN_HISTORY_LEVEL
2024-04-24T01:12:24,796  WARN [main] txn.CompactionTxnHandler: No compaction queue record found for Compaction type transaction commit. txnId:14
2024-04-24T01:12:24,796  INFO [main] ql.TxnCommandsBaseForTests: Running the query: drop table if exists acidTblPart
2024-04-24T01:12:24,797  INFO [main] ql.Driver: Compiling command(queryId=alex_20240424011224_a208ff0d-72a1-44f3-9f2b-b3277cc0ec48): drop table if exists acidTblPart
2024-04-24T01:12:24,799  INFO [main] txn.TxnHandler: Added entries to MIN_HISTORY_LEVEL for current txns: ([15]) with min_open_txn: 14
2024-04-24T01:12:24,799  INFO [main] lockmgr.DbTxnManager: Opened txnid:15
2024-04-24T01:12:24,799  INFO [main] HiveMetaStore.audit: ugi=alex	ip=unknown-ip-addr	cmd=get_table : tbl=hive.default.acidTblPart	
2024-04-24T01:12:24,808  INFO [main] metastore.HMSHandler: Skipping translation for processor with null
2024-04-24T01:12:24,808  INFO [main] ql.Driver: Semantic Analysis Completed (retrial = false)
2024-04-24T01:12:24,808  INFO [main] ql.Driver: Created Hive schema: Schema(fieldSchemas:null, properties:null)
2024-04-24T01:12:24,808  INFO [main] metadata.Hive: Dumping metastore api call timing information for : compilation phase
2024-04-24T01:12:24,808  INFO [main] metadata.Hive: Total time spent in each metastore function (ms): {flushCache_()=0, isCompatibleWith_(Configuration)=0, getTable_(GetTableRequest)=9, getValidTxns_(long)=0, commitTxn_(CommitTxnRequest)=9, openTxn_(String, TxnType)=2}
2024-04-24T01:12:24,808  INFO [main] ql.Driver: Completed compiling command(queryId=alex_20240424011224_a208ff0d-72a1-44f3-9f2b-b3277cc0ec48); Time taken: 0.011 seconds
2024-04-24T01:12:24,809  INFO [main] lockmgr.DbTxnManager: Setting lock request transaction to txnid:15 for queryId=alex_20240424011224_a208ff0d-72a1-44f3-9f2b-b3277cc0ec48
2024-04-24T01:12:24,809  INFO [main] lockmgr.DbLockManager: Requesting lock for queryId=alex_20240424011224_a208ff0d-72a1-44f3-9f2b-b3277cc0ec48
2024-04-24T01:12:24,828  INFO [main] lockmgr.DbLockManager: Response to queryId=alex_20240424011224_a208ff0d-72a1-44f3-9f2b-b3277cc0ec48 LockResponse(lockid:8, state:ACQUIRED)
2024-04-24T01:12:24,828  INFO [main] ql.Driver: Operation DROPTABLE obtained 1 locks
2024-04-24T01:12:24,829  INFO [main] ql.Driver: Executing command(queryId=alex_20240424011224_a208ff0d-72a1-44f3-9f2b-b3277cc0ec48): drop table if exists acidTblPart
2024-04-24T01:12:24,829  INFO [main] ql.Driver: Starting task [Stage-0:DDL] in serial mode
2024-04-24T01:12:24,829  INFO [main] HiveMetaStore.audit: ugi=alex	ip=unknown-ip-addr	cmd=get_table : tbl=hive.default.acidTblPart	
2024-04-24T01:12:24,835  INFO [main] metastore.HMSHandler: Skipping translation for processor with null
2024-04-24T01:12:24,835  INFO [main] HiveMetaStore.audit: ugi=alex	ip=unknown-ip-addr	cmd=get_table : tbl=hive.default.acidTblPart	
2024-04-24T01:12:24,841  INFO [main] metastore.HMSHandler: Skipping translation for processor with null
2024-04-24T01:12:24,841  INFO [main] HiveMetaStore.audit: ugi=alex	ip=unknown-ip-addr	cmd=drop_table : tbl=hive.default.acidTblPart	
2024-04-24T01:12:24,886  INFO [main] metadata.Hive: Dumping metastore api call timing information for : execution phase
2024-04-24T01:12:24,886  INFO [main] metadata.Hive: Total time spent in each metastore function (ms): {getTable_(GetTableRequest)=6, isCompatibleWith_(Configuration)=0, dropTable_(String, String, boolean, boolean, boolean)=51}
2024-04-24T01:12:24,886  INFO [main] ql.Driver: Completed executing command(queryId=alex_20240424011224_a208ff0d-72a1-44f3-9f2b-b3277cc0ec48); Time taken: 0.057 seconds
2024-04-24T01:12:24,886  INFO [main] lockmgr.DbTxnManager: Stopped heartbeat for query: alex_20240424011224_a208ff0d-72a1-44f3-9f2b-b3277cc0ec48
2024-04-24T01:12:24,891  INFO [main] txn.TxnHandler: Expected to move at least one record from txn_components to completed_txn_components when committing txn! txnid:15
2024-04-24T01:12:24,897  INFO [main] txn.TxnHandler: Removed transactions: ([15]) from MIN_HISTORY_LEVEL
2024-04-24T01:12:24,897  WARN [main] txn.CompactionTxnHandler: No compaction queue record found for Compaction type transaction commit. txnId:15
2024-04-24T01:12:24,898  INFO [main] ql.TxnCommandsBaseForTests: Running the query: drop table if exists acidTbl2
2024-04-24T01:12:24,898  INFO [main] ql.Driver: Compiling command(queryId=alex_20240424011224_588214f4-2a23-45f2-8b0e-4c3251070c00): drop table if exists acidTbl2
2024-04-24T01:12:24,901  INFO [main] txn.TxnHandler: Added entries to MIN_HISTORY_LEVEL for current txns: ([16]) with min_open_txn: 14
2024-04-24T01:12:24,901  INFO [main] lockmgr.DbTxnManager: Opened txnid:16
2024-04-24T01:12:24,902  INFO [main] ql.Driver: Semantic Analysis Completed (retrial = false)
2024-04-24T01:12:24,902  INFO [main] ql.Driver: Created Hive schema: Schema(fieldSchemas:null, properties:null)
2024-04-24T01:12:24,902  INFO [main] metadata.Hive: Dumping metastore api call timing information for : compilation phase
2024-04-24T01:12:24,903  INFO [main] metadata.Hive: Total time spent in each metastore function (ms): {getTable_(GetTableRequest)=0, getValidTxns_(long)=0, openTxn_(String, TxnType)=3, commitTxn_(CommitTxnRequest)=11, flushCache_()=0, isCompatibleWith_(Configuration)=0}
2024-04-24T01:12:24,903  INFO [main] ql.Driver: Completed compiling command(queryId=alex_20240424011224_588214f4-2a23-45f2-8b0e-4c3251070c00); Time taken: 0.004 seconds
2024-04-24T01:12:24,903  INFO [main] lockmgr.DbTxnManager: Setting lock request transaction to txnid:16 for queryId=alex_20240424011224_588214f4-2a23-45f2-8b0e-4c3251070c00
2024-04-24T01:12:24,903  INFO [main] ql.Driver: Operation DROPTABLE obtained 0 locks
2024-04-24T01:12:24,903  INFO [main] ql.Driver: Executing command(queryId=alex_20240424011224_588214f4-2a23-45f2-8b0e-4c3251070c00): drop table if exists acidTbl2
2024-04-24T01:12:24,904  INFO [main] ql.Driver: Starting task [Stage-0:DDL] in serial mode
2024-04-24T01:12:24,904  INFO [main] metadata.SessionHiveMetaStoreClient: Column stats doesn't exist for db=default temp table=acidTbl2
2024-04-24T01:12:24,905  INFO [main] metadata.Hive: Dumping metastore api call timing information for : execution phase
2024-04-24T01:12:24,905  INFO [main] metadata.Hive: Total time spent in each metastore function (ms): {isCompatibleWith_(Configuration)=0, dropTable_(String, String, boolean, boolean, boolean)=0, getTable_(GetTableRequest)=0}
2024-04-24T01:12:24,905  INFO [main] ql.Driver: Completed executing command(queryId=alex_20240424011224_588214f4-2a23-45f2-8b0e-4c3251070c00); Time taken: 0.002 seconds
2024-04-24T01:12:24,905  INFO [main] lockmgr.DbTxnManager: Stopped heartbeat for query: alex_20240424011224_588214f4-2a23-45f2-8b0e-4c3251070c00
2024-04-24T01:12:24,911  INFO [main] txn.TxnHandler: Expected to move at least one record from txn_components to completed_txn_components when committing txn! txnid:16
2024-04-24T01:12:24,918  INFO [main] txn.TxnHandler: Removed transactions: ([16]) from MIN_HISTORY_LEVEL
2024-04-24T01:12:24,919  WARN [main] txn.CompactionTxnHandler: No compaction queue record found for Compaction type transaction commit. txnId:16
2024-04-24T01:12:24,919  INFO [main] ql.TxnCommandsBaseForTests: Running the query: drop table if exists nonAcidOrcTbl
2024-04-24T01:12:24,919  INFO [main] ql.Driver: Compiling command(queryId=alex_20240424011224_c868d4df-9b5a-431b-b029-1e91b687c8a2): drop table if exists nonAcidOrcTbl
2024-04-24T01:12:24,922  INFO [main] txn.TxnHandler: Added entries to MIN_HISTORY_LEVEL for current txns: ([17]) with min_open_txn: 14
2024-04-24T01:12:24,922  INFO [main] lockmgr.DbTxnManager: Opened txnid:17
2024-04-24T01:12:24,923  INFO [main] HiveMetaStore.audit: ugi=alex	ip=unknown-ip-addr	cmd=get_table : tbl=hive.default.nonAcidOrcTbl	
2024-04-24T01:12:24,951  INFO [main] metastore.HMSHandler: Skipping translation for processor with null
2024-04-24T01:12:24,951  INFO [main] ql.Driver: Semantic Analysis Completed (retrial = false)
2024-04-24T01:12:24,951  INFO [main] ql.Driver: Created Hive schema: Schema(fieldSchemas:null, properties:null)
2024-04-24T01:12:24,951  INFO [main] metadata.Hive: Dumping metastore api call timing information for : compilation phase
2024-04-24T01:12:24,952  INFO [main] metadata.Hive: Total time spent in each metastore function (ms): {getValidTxns_(long)=1, commitTxn_(CommitTxnRequest)=14, isCompatibleWith_(Configuration)=0, getTable_(GetTableRequest)=28, openTxn_(String, TxnType)=2, flushCache_()=0}
2024-04-24T01:12:24,952  INFO [main] ql.Driver: Completed compiling command(queryId=alex_20240424011224_c868d4df-9b5a-431b-b029-1e91b687c8a2); Time taken: 0.032 seconds
2024-04-24T01:12:24,952  INFO [main] lockmgr.DbTxnManager: Setting lock request transaction to txnid:17 for queryId=alex_20240424011224_c868d4df-9b5a-431b-b029-1e91b687c8a2
2024-04-24T01:12:24,953  INFO [main] lockmgr.DbLockManager: Requesting lock for queryId=alex_20240424011224_c868d4df-9b5a-431b-b029-1e91b687c8a2
2024-04-24T01:12:24,969  INFO [main] lockmgr.DbLockManager: Response to queryId=alex_20240424011224_c868d4df-9b5a-431b-b029-1e91b687c8a2 LockResponse(lockid:9, state:ACQUIRED)
2024-04-24T01:12:24,969  INFO [main] ql.Driver: Operation DROPTABLE obtained 1 locks
2024-04-24T01:12:24,969  INFO [main] ql.Driver: Executing command(queryId=alex_20240424011224_c868d4df-9b5a-431b-b029-1e91b687c8a2): drop table if exists nonAcidOrcTbl
2024-04-24T01:12:24,969  INFO [main] ql.Driver: Starting task [Stage-0:DDL] in serial mode
2024-04-24T01:12:24,969  INFO [main] HiveMetaStore.audit: ugi=alex	ip=unknown-ip-addr	cmd=get_table : tbl=hive.default.nonAcidOrcTbl	
2024-04-24T01:12:24,977  INFO [main] metastore.HMSHandler: Skipping translation for processor with null
2024-04-24T01:12:24,977  INFO [main] HiveMetaStore.audit: ugi=alex	ip=unknown-ip-addr	cmd=get_table : tbl=hive.default.nonAcidOrcTbl	
2024-04-24T01:12:24,985  INFO [main] metastore.HMSHandler: Skipping translation for processor with null
2024-04-24T01:12:24,985  INFO [main] HiveMetaStore.audit: ugi=alex	ip=unknown-ip-addr	cmd=drop_table : tbl=hive.default.nonAcidOrcTbl	
2024-04-24T01:12:25,067  INFO [main] metadata.Hive: Dumping metastore api call timing information for : execution phase
2024-04-24T01:12:25,068  INFO [main] metadata.Hive: Total time spent in each metastore function (ms): {dropTable_(String, String, boolean, boolean, boolean)=90, getTable_(GetTableRequest)=8, isCompatibleWith_(Configuration)=0}
2024-04-24T01:12:25,068  INFO [main] ql.Driver: Completed executing command(queryId=alex_20240424011224_c868d4df-9b5a-431b-b029-1e91b687c8a2); Time taken: 0.098 seconds
2024-04-24T01:12:25,068  INFO [main] lockmgr.DbTxnManager: Stopped heartbeat for query: alex_20240424011224_c868d4df-9b5a-431b-b029-1e91b687c8a2
2024-04-24T01:12:25,072  INFO [main] txn.TxnHandler: Expected to move at least one record from txn_components to completed_txn_components when committing txn! txnid:17
2024-04-24T01:12:25,076  INFO [main] txn.TxnHandler: Removed transactions: ([17]) from MIN_HISTORY_LEVEL
2024-04-24T01:12:25,077  WARN [main] txn.CompactionTxnHandler: No compaction queue record found for Compaction type transaction commit. txnId:17
2024-04-24T01:12:25,077  INFO [main] ql.TxnCommandsBaseForTests: Running the query: drop table if exists nonAcidOrcTbl2
2024-04-24T01:12:25,077  INFO [main] ql.Driver: Compiling command(queryId=alex_20240424011225_1f2e0ede-c2f3-440d-8e54-fee10be9647c): drop table if exists nonAcidOrcTbl2
2024-04-24T01:12:25,079  INFO [main] txn.TxnHandler: Added entries to MIN_HISTORY_LEVEL for current txns: ([18]) with min_open_txn: 14
2024-04-24T01:12:25,079  INFO [main] lockmgr.DbTxnManager: Opened txnid:18
2024-04-24T01:12:25,080  INFO [main] HiveMetaStore.audit: ugi=alex	ip=unknown-ip-addr	cmd=get_table : tbl=hive.default.nonAcidOrcTbl2	
2024-04-24T01:12:25,088  INFO [main] metastore.HMSHandler: Skipping translation for processor with null
2024-04-24T01:12:25,088  INFO [main] ql.Driver: Semantic Analysis Completed (retrial = false)
2024-04-24T01:12:25,088  INFO [main] ql.Driver: Created Hive schema: Schema(fieldSchemas:null, properties:null)
2024-04-24T01:12:25,088  INFO [main] metadata.Hive: Dumping metastore api call timing information for : compilation phase
2024-04-24T01:12:25,088  INFO [main] metadata.Hive: Total time spent in each metastore function (ms): {commitTxn_(CommitTxnRequest)=9, getTable_(GetTableRequest)=8, getValidTxns_(long)=1, openTxn_(String, TxnType)=1, isCompatibleWith_(Configuration)=0, flushCache_()=0}
2024-04-24T01:12:25,088  INFO [main] ql.Driver: Completed compiling command(queryId=alex_20240424011225_1f2e0ede-c2f3-440d-8e54-fee10be9647c); Time taken: 0.011 seconds
2024-04-24T01:12:25,088  INFO [main] lockmgr.DbTxnManager: Setting lock request transaction to txnid:18 for queryId=alex_20240424011225_1f2e0ede-c2f3-440d-8e54-fee10be9647c
2024-04-24T01:12:25,089  INFO [main] lockmgr.DbLockManager: Requesting lock for queryId=alex_20240424011225_1f2e0ede-c2f3-440d-8e54-fee10be9647c
2024-04-24T01:12:25,102  INFO [main] lockmgr.DbLockManager: Response to queryId=alex_20240424011225_1f2e0ede-c2f3-440d-8e54-fee10be9647c LockResponse(lockid:10, state:ACQUIRED)
2024-04-24T01:12:25,102  INFO [main] ql.Driver: Operation DROPTABLE obtained 1 locks
2024-04-24T01:12:25,102  INFO [main] ql.Driver: Executing command(queryId=alex_20240424011225_1f2e0ede-c2f3-440d-8e54-fee10be9647c): drop table if exists nonAcidOrcTbl2
2024-04-24T01:12:25,102  INFO [main] ql.Driver: Starting task [Stage-0:DDL] in serial mode
2024-04-24T01:12:25,102  INFO [main] HiveMetaStore.audit: ugi=alex	ip=unknown-ip-addr	cmd=get_table : tbl=hive.default.nonAcidOrcTbl2	
2024-04-24T01:12:25,110  INFO [main] metastore.HMSHandler: Skipping translation for processor with null
2024-04-24T01:12:25,110  INFO [main] HiveMetaStore.audit: ugi=alex	ip=unknown-ip-addr	cmd=get_table : tbl=hive.default.nonAcidOrcTbl2	
2024-04-24T01:12:25,118  INFO [main] metastore.HMSHandler: Skipping translation for processor with null
2024-04-24T01:12:25,118  INFO [main] HiveMetaStore.audit: ugi=alex	ip=unknown-ip-addr	cmd=drop_table : tbl=hive.default.nonAcidOrcTbl2	
2024-04-24T01:12:25,148  INFO [main] metadata.Hive: Dumping metastore api call timing information for : execution phase
2024-04-24T01:12:25,148  INFO [main] metadata.Hive: Total time spent in each metastore function (ms): {getTable_(GetTableRequest)=8, isCompatibleWith_(Configuration)=0, dropTable_(String, String, boolean, boolean, boolean)=38}
2024-04-24T01:12:25,148  INFO [main] ql.Driver: Completed executing command(queryId=alex_20240424011225_1f2e0ede-c2f3-440d-8e54-fee10be9647c); Time taken: 0.046 seconds
2024-04-24T01:12:25,148  INFO [main] lockmgr.DbTxnManager: Stopped heartbeat for query: alex_20240424011225_1f2e0ede-c2f3-440d-8e54-fee10be9647c
2024-04-24T01:12:25,151  INFO [main] txn.TxnHandler: Expected to move at least one record from txn_components to completed_txn_components when committing txn! txnid:18
2024-04-24T01:12:25,156  INFO [main] txn.TxnHandler: Removed transactions: ([18]) from MIN_HISTORY_LEVEL
2024-04-24T01:12:25,156  WARN [main] txn.CompactionTxnHandler: No compaction queue record found for Compaction type transaction commit. txnId:18
2024-04-24T01:12:25,156  INFO [main] ql.TxnCommandsBaseForTests: Running the query: drop table if exists nonAcidNonBucket
2024-04-24T01:12:25,157  INFO [main] ql.Driver: Compiling command(queryId=alex_20240424011225_8d534689-7c55-4bb3-9015-4e821e4a6509): drop table if exists nonAcidNonBucket
2024-04-24T01:12:25,158  INFO [main] txn.TxnHandler: Added entries to MIN_HISTORY_LEVEL for current txns: ([19]) with min_open_txn: 14
2024-04-24T01:12:25,158  INFO [main] lockmgr.DbTxnManager: Opened txnid:19
2024-04-24T01:12:25,159  INFO [main] HiveMetaStore.audit: ugi=alex	ip=unknown-ip-addr	cmd=get_table : tbl=hive.default.nonAcidNonBucket	
2024-04-24T01:12:25,166  INFO [main] metastore.HMSHandler: Skipping translation for processor with null
2024-04-24T01:12:25,166  INFO [main] ql.Driver: Semantic Analysis Completed (retrial = false)
2024-04-24T01:12:25,166  INFO [main] ql.Driver: Created Hive schema: Schema(fieldSchemas:null, properties:null)
2024-04-24T01:12:25,166  INFO [main] metadata.Hive: Dumping metastore api call timing information for : compilation phase
2024-04-24T01:12:25,166  INFO [main] metadata.Hive: Total time spent in each metastore function (ms): {isCompatibleWith_(Configuration)=0, getValidTxns_(long)=1, getTable_(GetTableRequest)=7, commitTxn_(CommitTxnRequest)=8, openTxn_(String, TxnType)=1, flushCache_()=0}
2024-04-24T01:12:25,167  INFO [main] ql.Driver: Completed compiling command(queryId=alex_20240424011225_8d534689-7c55-4bb3-9015-4e821e4a6509); Time taken: 0.01 seconds
2024-04-24T01:12:25,167  INFO [main] lockmgr.DbTxnManager: Setting lock request transaction to txnid:19 for queryId=alex_20240424011225_8d534689-7c55-4bb3-9015-4e821e4a6509
2024-04-24T01:12:25,167  INFO [main] lockmgr.DbLockManager: Requesting lock for queryId=alex_20240424011225_8d534689-7c55-4bb3-9015-4e821e4a6509
2024-04-24T01:12:25,180  INFO [main] lockmgr.DbLockManager: Response to queryId=alex_20240424011225_8d534689-7c55-4bb3-9015-4e821e4a6509 LockResponse(lockid:11, state:ACQUIRED)
2024-04-24T01:12:25,180  INFO [main] ql.Driver: Operation DROPTABLE obtained 1 locks
2024-04-24T01:12:25,180  INFO [main] ql.Driver: Executing command(queryId=alex_20240424011225_8d534689-7c55-4bb3-9015-4e821e4a6509): drop table if exists nonAcidNonBucket
2024-04-24T01:12:25,180  INFO [main] ql.Driver: Starting task [Stage-0:DDL] in serial mode
2024-04-24T01:12:25,180  INFO [main] HiveMetaStore.audit: ugi=alex	ip=unknown-ip-addr	cmd=get_table : tbl=hive.default.nonAcidNonBucket	
2024-04-24T01:12:25,188  INFO [main] metastore.HMSHandler: Skipping translation for processor with null
2024-04-24T01:12:25,188  INFO [main] HiveMetaStore.audit: ugi=alex	ip=unknown-ip-addr	cmd=get_table : tbl=hive.default.nonAcidNonBucket	
2024-04-24T01:12:25,195  INFO [main] metastore.HMSHandler: Skipping translation for processor with null
2024-04-24T01:12:25,196  INFO [main] HiveMetaStore.audit: ugi=alex	ip=unknown-ip-addr	cmd=drop_table : tbl=hive.default.nonAcidNonBucket	
2024-04-24T01:12:25,224  INFO [main] metadata.Hive: Dumping metastore api call timing information for : execution phase
2024-04-24T01:12:25,224  INFO [main] metadata.Hive: Total time spent in each metastore function (ms): {getTable_(GetTableRequest)=8, dropTable_(String, String, boolean, boolean, boolean)=36, isCompatibleWith_(Configuration)=0}
2024-04-24T01:12:25,224  INFO [main] ql.Driver: Completed executing command(queryId=alex_20240424011225_8d534689-7c55-4bb3-9015-4e821e4a6509); Time taken: 0.044 seconds
2024-04-24T01:12:25,225  INFO [main] lockmgr.DbTxnManager: Stopped heartbeat for query: alex_20240424011225_8d534689-7c55-4bb3-9015-4e821e4a6509
2024-04-24T01:12:25,228  INFO [main] txn.TxnHandler: Expected to move at least one record from txn_components to completed_txn_components when committing txn! txnid:19
2024-04-24T01:12:25,232  INFO [main] txn.TxnHandler: Removed transactions: ([19]) from MIN_HISTORY_LEVEL
2024-04-24T01:12:25,232  WARN [main] txn.CompactionTxnHandler: No compaction queue record found for Compaction type transaction commit. txnId:19
2024-04-24T01:12:25,233  INFO [main] utils.TestTxnDbUtil: Cleaning transactional tables
]]></system-err>
  </testcase>
  <testcase name="testMmExim" classname="org.apache.hadoop.hive.ql.TestTxnCommandsWithSplitUpdateAndVectorization" time="10.14"/>
  <testcase name="testExplicitRollback" classname="org.apache.hadoop.hive.ql.TestTxnCommandsWithSplitUpdateAndVectorization" time="4.273"/>
  <testcase name="testNonAcidInsert" classname="org.apache.hadoop.hive.ql.TestTxnCommandsWithSplitUpdateAndVectorization" time="0">
    <skipped message="not needed but useful for testing"/>
  </testcase>
</testsuite>