<?xml version="1.0" encoding="UTF-8"?>
<testsuite xmlns:xsi="http://www.w3.org/2001/XMLSchema-instance" xsi:noNamespaceSchemaLocation="https://maven.apache.org/surefire/maven-surefire-plugin/xsd/surefire-test-report-3.0.xsd" version="3.0" name="org.apache.hadoop.hive.ql.optimizer.calcite.rules.TestHivePointLookupOptimizerRule" time="3.266" tests="9" errors="0" skipped="0" failures="7">
  <properties>
    <property name="build.test.dir" value="/home/alex/Repositories/hive/ql/target/tmp"/>
    <property name="awt.toolkit" value="sun.awt.X11.XToolkit"/>
    <property name="test.tmp.dir.uri" value="file:///home/alex/Repositories/hive/ql/target/tmp"/>
    <property name="java.specification.version" value="1.8"/>
    <property name="qfile" value=""/>
    <property name="test.warehouse.dir" value="pfile:///home/alex/Repositories/hive/ql/target/warehouse"/>
    <property name="sun.cpu.isalist" value=""/>
    <property name="sun.jnu.encoding" value="UTF-8"/>
    <property name="run_disabled" value=""/>
    <property name="nondexPrintstack" value="false"/>
    <property name="sun.arch.data.model" value="64"/>
    <property name="java.vendor.url" value="http://java.oracle.com/"/>
    <property name="user.country.format" value="PT"/>
    <property name="test.tmp.dir" value="/home/alex/Repositories/hive/ql/target/tmp"/>
    <property name="sun.boot.library.path" value="/usr/lib/jvm/java-8-openjdk-amd64/jre/lib/amd64"/>
    <property name="sun.java.command" value="/home/alex/Repositories/hive/ql/target/surefire/surefirebooter8920794697043284699.jar /home/alex/Repositories/hive/ql/target/surefire 2024-04-23T21-59-46_173-jvmRun1 surefire3675179461840271699tmp surefire_23801806565824414894918tmp"/>
    <property name="nondexExecid" value="oUi5h03YaAsr1zYbyWcL7OlHtDlCKFQ0UmQw8pMP1CI="/>
    <property name="java.specification.vendor" value="Oracle Corporation"/>
    <property name="java.home" value="/usr/lib/jvm/java-8-openjdk-amd64/jre"/>
    <property name="basedir" value="/home/alex/Repositories/hive/ql"/>
    <property name="file.separator" value="/"/>
    <property name="nondexEnd" value="9223372036854775807"/>
    <property name="line.separator" value="&#10;"/>
    <property name="java.vm.specification.vendor" value="Oracle Corporation"/>
    <property name="derby.stream.error.file" value="/home/alex/Repositories/hive/ql/target/tmp/derby.log"/>
    <property name="java.specification.name" value="Java Platform API Specification"/>
    <property name="sun.boot.class.path" value="/home/alex/Repositories/hive/ql/.nondex/nondex-instr.jar:/home/alex/.m2/repository/edu/illinois/nondex-common/2.1.7/nondex-common-2.1.7.jar:/home/alex/.m2/repository/edu/illinois/nondex-annotations/2.1.7/nondex-annotations-2.1.7.jar:/usr/lib/jvm/java-8-openjdk-amd64/jre/lib/resources.jar:/usr/lib/jvm/java-8-openjdk-amd64/jre/lib/rt.jar:/usr/lib/jvm/java-8-openjdk-amd64/jre/lib/sunrsasign.jar:/usr/lib/jvm/java-8-openjdk-amd64/jre/lib/jsse.jar:/usr/lib/jvm/java-8-openjdk-amd64/jre/lib/jce.jar:/usr/lib/jvm/java-8-openjdk-amd64/jre/lib/charsets.jar:/usr/lib/jvm/java-8-openjdk-amd64/jre/lib/jfr.jar:/usr/lib/jvm/java-8-openjdk-amd64/jre/classes"/>
    <property name="log4j.debug" value="true"/>
    <property name="sun.management.compiler" value="HotSpot 64-Bit Tiered Compilers"/>
    <property name="spark.home" value=""/>
    <property name="java.runtime.version" value="1.8.0_402-8u402-ga-2ubuntu1~22.04-b06"/>
    <property name="user.name" value="alex"/>
    <property name="test.src.tables" value=""/>
    <property name="file.encoding" value="UTF-8"/>
    <property name="qfile_regex" value=""/>
    <property name="hadoop.bin.path" value="/home/alex/Repositories/hive/ql/../testutils/hadoop"/>
    <property name="localRepository" value="/home/alex/.m2/repository"/>
    <property name="build.dir" value="/home/alex/Repositories/hive/ql/target"/>
    <property name="nondexDir" value="/home/alex/Repositories/hive/ql/.nondex"/>
    <property name="nondexJarDir" value="/home/alex/Repositories/hive/ql/.nondex"/>
    <property name="mapred.job.tracker" value="local"/>
    <property name="java.io.tmpdir" value="/home/alex/Repositories/hive/ql/target/tmp"/>
    <property name="java.version" value="1.8.0_402"/>
    <property name="hive.version" value="4.0.0-SNAPSHOT"/>
    <property name="java.vm.specification.name" value="Java Virtual Machine Specification"/>
    <property name="java.awt.printerjob" value="sun.print.PSPrinterJob"/>
    <property name="sun.os.patch.level" value="unknown"/>
    <property name="test.data.dir" value="/home/alex/Repositories/hive/ql/../data/files"/>
    <property name="java.library.path" value="/usr/java/packages/lib/amd64:/usr/lib/x86_64-linux-gnu/jni:/lib/x86_64-linux-gnu:/usr/lib/x86_64-linux-gnu:/usr/lib/jni:/lib:/usr/lib"/>
    <property name="java.vendor" value="Private Build"/>
    <property name="java.specification.maintenance.version" value="5"/>
    <property name="sun.io.unicode.encoding" value="UnicodeLittle"/>
    <property name="initScript" value=""/>
    <property name="sun.desktop" value="gnome"/>
    <property name="nondexStart" value="0"/>
    <property name="file.encoding.pkg" value="sun.io"/>
    <property name="log4j.configurationFile" value="file:///home/alex/Repositories/hive/ql/target/testconf/hive-log4j2.properties"/>
    <property name="java.class.path" value="/home/alex/Repositories/hive/ql/target/test-classes:/home/alex/Repositories/hive/ql/target/classes:/home/alex/.m2/repository/org/apache/atlas/atlas-client-v2/2.1.0/atlas-client-v2-2.1.0.jar:/home/alex/.m2/repository/cglib/cglib/2.2.2/cglib-2.2.2.jar:/home/alex/.m2/repository/asm/asm/3.3.1/asm-3.3.1.jar:/home/alex/.m2/repository/org/apache/atlas/atlas-client-common/2.1.0/atlas-client-common-2.1.0.jar:/home/alex/.m2/repository/org/apache/httpcomponents/httpclient/4.5.13/httpclient-4.5.13.jar:/home/alex/.m2/repository/com/sun/jersey/jersey-client/1.19/jersey-client-1.19.jar:/home/alex/.m2/repository/org/apache/atlas/atlas-intg/2.1.0/atlas-intg-2.1.0.jar:/home/alex/.m2/repository/commons-collections/commons-collections/3.2.2/commons-collections-3.2.2.jar:/home/alex/.m2/repository/commons-validator/commons-validator/1.6/commons-validator-1.6.jar:/home/alex/.m2/repository/commons-digester/commons-digester/1.8.1/commons-digester-1.8.1.jar:/home/alex/.m2/repository/com/fasterxml/jackson/jaxrs/jackson-jaxrs-base/2.12.0/jackson-jaxrs-base-2.12.0.jar:/home/alex/.m2/repository/com/fasterxml/jackson/jaxrs/jackson-jaxrs-json-provider/2.12.0/jackson-jaxrs-json-provider-2.12.0.jar:/home/alex/.m2/repository/javax/inject/javax.inject/1/javax.inject-1.jar:/home/alex/.m2/repository/org/springframework/spring-context/4.3.20.RELEASE/spring-context-4.3.20.RELEASE.jar:/home/alex/.m2/repository/org/springframework/spring-aop/4.3.20.RELEASE/spring-aop-4.3.20.RELEASE.jar:/home/alex/.m2/repository/org/springframework/spring-beans/4.3.20.RELEASE/spring-beans-4.3.20.RELEASE.jar:/home/alex/.m2/repository/org/springframework/spring-core/4.3.20.RELEASE/spring-core-4.3.20.RELEASE.jar:/home/alex/.m2/repository/org/springframework/spring-expression/4.3.20.RELEASE/spring-expression-4.3.20.RELEASE.jar:/home/alex/.m2/repository/commons-configuration/commons-configuration/1.10/commons-configuration-1.10.jar:/home/alex/.m2/repository/commons-lang/commons-lang/2.6/commons-lang-2.6.jar:/home/alex/.m2/repository/commons-logging/commons-logging/1.1.1/commons-logging-1.1.1.jar:/home/alex/.m2/repository/org/apache/commons/commons-math3/3.6.1/commons-math3-3.6.1.jar:/home/alex/Repositories/hive/vector-code-gen/target/classes:/home/alex/.m2/repository/org/apache/velocity/velocity/1.5/velocity-1.5.jar:/home/alex/Repositories/hive/common/target/classes:/home/alex/Repositories/hive/classification/target/classes:/home/alex/Repositories/hive/standalone-metastore/metastore-common/target/classes:/home/alex/.m2/repository/commons-cli/commons-cli/1.4/commons-cli-1.4.jar:/home/alex/.m2/repository/org/apache/orc/orc-core/1.6.9/orc-core-1.6.9.jar:/home/alex/.m2/repository/org/apache/orc/orc-shims/1.6.9/orc-shims-1.6.9.jar:/home/alex/.m2/repository/io/airlift/aircompressor/0.19/aircompressor-0.19.jar:/home/alex/.m2/repository/org/jetbrains/annotations/17.0.0/annotations-17.0.0.jar:/home/alex/.m2/repository/org/threeten/threeten-extra/1.5.0/threeten-extra-1.5.0.jar:/home/alex/.m2/repository/jline/jline/2.14.6/jline-2.14.6.jar:/home/alex/.m2/repository/javax/servlet/javax.servlet-api/3.1.0/javax.servlet-api-3.1.0.jar:/home/alex/.m2/repository/org/eclipse/jetty/jetty-http/9.3.27.v20190418/jetty-http-9.3.27.v20190418.jar:/home/alex/.m2/repository/org/eclipse/jetty/jetty-rewrite/9.3.27.v20190418/jetty-rewrite-9.3.27.v20190418.jar:/home/alex/.m2/repository/org/eclipse/jetty/jetty-client/9.3.27.v20190418/jetty-client-9.3.27.v20190418.jar:/home/alex/.m2/repository/org/eclipse/jetty/jetty-server/9.3.27.v20190418/jetty-server-9.3.27.v20190418.jar:/home/alex/.m2/repository/org/eclipse/jetty/jetty-io/9.3.27.v20190418/jetty-io-9.3.27.v20190418.jar:/home/alex/.m2/repository/org/eclipse/jetty/jetty-servlet/9.3.27.v20190418/jetty-servlet-9.3.27.v20190418.jar:/home/alex/.m2/repository/org/eclipse/jetty/jetty-security/9.3.27.v20190418/jetty-security-9.3.27.v20190418.jar:/home/alex/.m2/repository/org/eclipse/jetty/jetty-webapp/9.3.27.v20190418/jetty-webapp-9.3.27.v20190418.jar:/home/alex/.m2/repository/org/eclipse/jetty/jetty-xml/9.3.27.v20190418/jetty-xml-9.3.27.v20190418.jar:/home/alex/.m2/repository/joda-time/joda-time/2.9.9/joda-time-2.9.9.jar:/home/alex/.m2/repository/org/apache/logging/log4j/log4j-web/2.13.2/log4j-web-2.13.2.jar:/home/alex/.m2/repository/net/sf/jpam/jpam/1.1/jpam-1.1.jar:/home/alex/.m2/repository/io/dropwizard/metrics/metrics-core/3.1.0/metrics-core-3.1.0.jar:/home/alex/.m2/repository/io/dropwizard/metrics/metrics-jvm/3.1.0/metrics-jvm-3.1.0.jar:/home/alex/.m2/repository/io/dropwizard/metrics/metrics-json/3.1.0/metrics-json-3.1.0.jar:/home/alex/.m2/repository/com/github/joshelser/dropwizard-metrics-hadoop-metrics2-reporter/0.1.2/dropwizard-metrics-hadoop-metrics2-reporter-0.1.2.jar:/home/alex/Repositories/hive/metastore/target/classes:/home/alex/.m2/repository/org/apache/derby/derby/10.14.1.0/derby-10.14.1.0.jar:/home/alex/Repositories/hive/serde/target/classes:/home/alex/.m2/repository/com/google/code/findbugs/jsr305/3.0.0/jsr305-3.0.0.jar:/home/alex/.m2/repository/org/apache/arrow/arrow-vector/0.15.1/arrow-vector-0.15.1.jar:/home/alex/.m2/repository/org/apache/arrow/arrow-format/0.15.1/arrow-format-0.15.1.jar:/home/alex/.m2/repository/org/apache/arrow/arrow-memory/0.15.1/arrow-memory-0.15.1.jar:/home/alex/.m2/repository/com/google/flatbuffers/flatbuffers-java/1.9.0/flatbuffers-java-1.9.0.jar:/home/alex/.m2/repository/com/carrotsearch/hppc/0.7.2/hppc-0.7.2.jar:/home/alex/.m2/repository/com/github/davidmoten/flatbuffers-java/1.6.0.1/flatbuffers-java-1.6.0.1.jar:/home/alex/Repositories/hive/parser/target/classes:/home/alex/Repositories/hive/udf/target/classes:/home/alex/Repositories/hive/service-rpc/target/classes:/home/alex/Repositories/hive/llap-client/target/classes:/home/alex/Repositories/hive/llap-common/target/classes:/home/alex/.m2/repository/io/jsonwebtoken/jjwt-api/0.10.5/jjwt-api-0.10.5.jar:/home/alex/.m2/repository/io/jsonwebtoken/jjwt-impl/0.10.5/jjwt-impl-0.10.5.jar:/home/alex/.m2/repository/io/jsonwebtoken/jjwt-jackson/0.10.5/jjwt-jackson-0.10.5.jar:/home/alex/Repositories/hive/llap-tez/target/classes:/home/alex/Repositories/hive/shims/aggregator/target/classes:/home/alex/Repositories/hive/shims/common/target/classes:/home/alex/Repositories/hive/shims/0.23/target/classes:/home/alex/.m2/repository/org/apache/hadoop/hadoop-yarn-server-resourcemanager/3.1.0/hadoop-yarn-server-resourcemanager-3.1.0.jar:/home/alex/.m2/repository/org/apache/hadoop/hadoop-yarn-server-applicationhistoryservice/3.1.0/hadoop-yarn-server-applicationhistoryservice-3.1.0.jar:/home/alex/.m2/repository/de/ruedigermoeller/fst/2.50/fst-2.50.jar:/home/alex/.m2/repository/com/cedarsoftware/java-util/1.9.0/java-util-1.9.0.jar:/home/alex/.m2/repository/com/cedarsoftware/json-io/2.5.1/json-io-2.5.1.jar:/home/alex/Repositories/hive/shims/scheduler/target/classes:/home/alex/Repositories/hive/spark-client/target/classes:/home/alex/.m2/repository/io/netty/netty-all/4.1.65.Final/netty-all-4.1.65.Final.jar:/home/alex/.m2/repository/com/fasterxml/jackson/module/jackson-module-scala_2.12/2.12.0/jackson-module-scala_2.12-2.12.0.jar:/home/alex/.m2/repository/org/apache/spark/spark-yarn_2.12/2.4.5/spark-yarn_2.12-2.4.5.jar:/home/alex/Repositories/hive/storage-api/target/classes:/home/alex/.m2/repository/com/amazonaws/aws-java-sdk-bundle/1.11.901/aws-java-sdk-bundle-1.11.901.jar:/home/alex/.m2/repository/com/amazonaws/secretsmanager/aws-secretsmanager-caching-java/1.0.1/aws-secretsmanager-caching-java-1.0.1.jar:/home/alex/.m2/repository/com/esotericsoftware/kryo/5.0.3/kryo-5.0.3.jar:/home/alex/.m2/repository/org/objenesis/objenesis/3.1/objenesis-3.1.jar:/home/alex/.m2/repository/com/esotericsoftware/minlog/1.3.1/minlog-1.3.1.jar:/home/alex/.m2/repository/com/esotericsoftware/reflectasm/1.11.9/reflectasm-1.11.9.jar:/home/alex/.m2/repository/com/google/protobuf/protobuf-java/2.5.0/protobuf-java-2.5.0.jar:/home/alex/.m2/repository/org/apache/hbase/hbase-common/2.0.0-alpha4/hbase-common-2.0.0-alpha4.jar:/home/alex/.m2/repository/org/apache/hbase/thirdparty/hbase-shaded-miscellaneous/1.0.1/hbase-shaded-miscellaneous-1.0.1.jar:/home/alex/.m2/repository/org/apache/htrace/htrace-core/3.2.0-incubating/htrace-core-3.2.0-incubating.jar:/home/alex/.m2/repository/org/apache/commons/commons-crypto/1.0.0/commons-crypto-1.0.0.jar:/home/alex/.m2/repository/com/github/stephenc/findbugs/findbugs-annotations/1.3.9-1/findbugs-annotations-1.3.9-1.jar:/home/alex/.m2/repository/log4j/log4j/1.2.17/log4j-1.2.17.jar:/home/alex/.m2/repository/org/apache/yetus/audience-annotations/0.5.0/audience-annotations-0.5.0.jar:/home/alex/.m2/repository/org/apache/parquet/parquet-hadoop-bundle/1.11.1/parquet-hadoop-bundle-1.11.1.jar:/home/alex/.m2/repository/commons-codec/commons-codec/1.15/commons-codec-1.15.jar:/home/alex/.m2/repository/commons-io/commons-io/2.6/commons-io-2.6.jar:/home/alex/.m2/repository/org/apache/commons/commons-collections4/4.1/commons-collections4-4.1.jar:/home/alex/.m2/repository/org/apache/commons/commons-lang3/3.9/commons-lang3-3.9.jar:/home/alex/.m2/repository/org/apache/commons/commons-text/1.8/commons-text-1.8.jar:/home/alex/.m2/repository/javolution/javolution/5.5.1/javolution-5.5.1.jar:/home/alex/.m2/repository/org/apache/logging/log4j/log4j-1.2-api/2.13.2/log4j-1.2-api-2.13.2.jar:/home/alex/.m2/repository/org/apache/logging/log4j/log4j-api/2.13.2/log4j-api-2.13.2.jar:/home/alex/.m2/repository/org/apache/logging/log4j/log4j-core/2.13.2/log4j-core-2.13.2.jar:/home/alex/.m2/repository/org/apache/logging/log4j/log4j-slf4j-impl/2.13.2/log4j-slf4j-impl-2.13.2.jar:/home/alex/.m2/repository/org/antlr/antlr-runtime/3.5.2/antlr-runtime-3.5.2.jar:/home/alex/.m2/repository/org/antlr/ST4/4.0.4/ST4-4.0.4.jar:/home/alex/.m2/repository/org/apache/avro/avro/1.8.2/avro-1.8.2.jar:/home/alex/.m2/repository/org/codehaus/jackson/jackson-core-asl/1.9.13/jackson-core-asl-1.9.13.jar:/home/alex/.m2/repository/org/codehaus/jackson/jackson-mapper-asl/1.9.13/jackson-mapper-asl-1.9.13.jar:/home/alex/.m2/repository/com/thoughtworks/paranamer/paranamer/2.8/paranamer-2.8.jar:/home/alex/.m2/repository/org/xerial/snappy/snappy-java/1.1.4/snappy-java-1.1.4.jar:/home/alex/.m2/repository/org/tukaani/xz/1.5/xz-1.5.jar:/home/alex/.m2/repository/org/apache/avro/avro-mapred/1.8.2/avro-mapred-1.8.2-hadoop2.jar:/home/alex/.m2/repository/org/apache/avro/avro-ipc/1.8.2/avro-ipc-1.8.2.jar:/home/alex/.m2/repository/org/mortbay/jetty/jetty/6.1.26/jetty-6.1.26.jar:/home/alex/.m2/repository/org/apache/ant/ant/1.9.1/ant-1.9.1.jar:/home/alex/.m2/repository/org/apache/ant/ant-launcher/1.9.1/ant-launcher-1.9.1.jar:/home/alex/.m2/repository/org/apache/commons/commons-compress/1.21/commons-compress-1.21.jar:/home/alex/.m2/repository/org/apache/thrift/libfb303/0.9.3/libfb303-0.9.3.jar:/home/alex/.m2/repository/org/apache/hadoop/hadoop-common/3.1.0/hadoop-common-3.1.0.jar:/home/alex/.m2/repository/org/apache/hadoop/hadoop-annotations/3.1.0/hadoop-annotations-3.1.0.jar:/home/alex/.m2/repository/commons-net/commons-net/3.6/commons-net-3.6.jar:/home/alex/.m2/repository/org/eclipse/jetty/jetty-util/9.3.27.v20190418/jetty-util-9.3.27.v20190418.jar:/home/alex/.m2/repository/javax/servlet/jsp/jsp-api/2.1/jsp-api-2.1.jar:/home/alex/.m2/repository/com/sun/jersey/jersey-core/1.19/jersey-core-1.19.jar:/home/alex/.m2/repository/javax/ws/rs/jsr311-api/1.1.1/jsr311-api-1.1.1.jar:/home/alex/.m2/repository/com/sun/jersey/jersey-json/1.19/jersey-json-1.19.jar:/home/alex/.m2/repository/com/sun/xml/bind/jaxb-impl/2.2.3-1/jaxb-impl-2.2.3-1.jar:/home/alex/.m2/repository/org/codehaus/jackson/jackson-jaxrs/1.9.2/jackson-jaxrs-1.9.2.jar:/home/alex/.m2/repository/org/codehaus/jackson/jackson-xc/1.9.2/jackson-xc-1.9.2.jar:/home/alex/.m2/repository/com/sun/jersey/jersey-server/1.19/jersey-server-1.19.jar:/home/alex/.m2/repository/org/apache/commons/commons-configuration2/2.1.1/commons-configuration2-2.1.1.jar:/home/alex/.m2/repository/org/apache/hadoop/hadoop-auth/3.1.0/hadoop-auth-3.1.0.jar:/home/alex/.m2/repository/com/nimbusds/nimbus-jose-jwt/4.41.1/nimbus-jose-jwt-4.41.1.jar:/home/alex/.m2/repository/com/github/stephenc/jcip/jcip-annotations/1.0-1/jcip-annotations-1.0-1.jar:/home/alex/.m2/repository/com/jcraft/jsch/0.1.54/jsch-0.1.54.jar:/home/alex/.m2/repository/org/apache/htrace/htrace-core4/4.1.0-incubating/htrace-core4-4.1.0-incubating.jar:/home/alex/.m2/repository/org/apache/kerby/kerb-simplekdc/1.0.1/kerb-simplekdc-1.0.1.jar:/home/alex/.m2/repository/org/apache/kerby/kerb-client/1.0.1/kerb-client-1.0.1.jar:/home/alex/.m2/repository/org/apache/kerby/kerby-config/1.0.1/kerby-config-1.0.1.jar:/home/alex/.m2/repository/org/apache/kerby/kerb-core/1.0.1/kerb-core-1.0.1.jar:/home/alex/.m2/repository/org/apache/kerby/kerby-pkix/1.0.1/kerby-pkix-1.0.1.jar:/home/alex/.m2/repository/org/apache/kerby/kerby-asn1/1.0.1/kerby-asn1-1.0.1.jar:/home/alex/.m2/repository/org/apache/kerby/kerby-util/1.0.1/kerby-util-1.0.1.jar:/home/alex/.m2/repository/org/apache/kerby/kerb-common/1.0.1/kerb-common-1.0.1.jar:/home/alex/.m2/repository/org/apache/kerby/kerb-crypto/1.0.1/kerb-crypto-1.0.1.jar:/home/alex/.m2/repository/org/apache/kerby/kerb-util/1.0.1/kerb-util-1.0.1.jar:/home/alex/.m2/repository/org/apache/kerby/token-provider/1.0.1/token-provider-1.0.1.jar:/home/alex/.m2/repository/org/apache/kerby/kerb-admin/1.0.1/kerb-admin-1.0.1.jar:/home/alex/.m2/repository/org/apache/kerby/kerb-server/1.0.1/kerb-server-1.0.1.jar:/home/alex/.m2/repository/org/apache/kerby/kerb-identity/1.0.1/kerb-identity-1.0.1.jar:/home/alex/.m2/repository/org/apache/kerby/kerby-xdr/1.0.1/kerby-xdr-1.0.1.jar:/home/alex/.m2/repository/org/codehaus/woodstox/stax2-api/3.1.4/stax2-api-3.1.4.jar:/home/alex/.m2/repository/com/fasterxml/woodstox/woodstox-core/5.0.3/woodstox-core-5.0.3.jar:/home/alex/.m2/repository/org/apache/hadoop/hadoop-archives/3.1.0/hadoop-archives-3.1.0.jar:/home/alex/.m2/repository/org/apache/hadoop/hadoop-yarn-registry/3.1.0/hadoop-yarn-registry-3.1.0.jar:/home/alex/.m2/repository/org/apache/curator/curator-client/4.2.0/curator-client-4.2.0.jar:/home/alex/.m2/repository/org/apache/curator/curator-recipes/4.2.0/curator-recipes-4.2.0.jar:/home/alex/.m2/repository/commons-daemon/commons-daemon/1.0.13/commons-daemon-1.0.13.jar:/home/alex/.m2/repository/dnsjava/dnsjava/2.1.7/dnsjava-2.1.7.jar:/home/alex/.m2/repository/org/apache/hadoop/hadoop-mapreduce-client-core/3.1.0/hadoop-mapreduce-client-core-3.1.0.jar:/home/alex/.m2/repository/org/apache/hadoop/hadoop-hdfs-client/3.1.0/hadoop-hdfs-client-3.1.0.jar:/home/alex/.m2/repository/com/squareup/okhttp/okhttp/2.7.5/okhttp-2.7.5.jar:/home/alex/.m2/repository/com/squareup/okio/okio/1.6.0/okio-1.6.0.jar:/home/alex/.m2/repository/com/google/inject/extensions/guice-servlet/4.0/guice-servlet-4.0.jar:/home/alex/.m2/repository/org/apache/hadoop/hadoop-mapreduce-client-common/3.1.0/hadoop-mapreduce-client-common-3.1.0.jar:/home/alex/.m2/repository/org/apache/hadoop/hadoop-hdfs/3.1.0/hadoop-hdfs-3.1.0.jar:/home/alex/.m2/repository/org/eclipse/jetty/jetty-util-ajax/9.3.19.v20170502/jetty-util-ajax-9.3.19.v20170502.jar:/home/alex/.m2/repository/org/fusesource/leveldbjni/leveldbjni-all/1.8/leveldbjni-all-1.8.jar:/home/alex/.m2/repository/org/apache/hadoop/hadoop-yarn-api/3.1.0/hadoop-yarn-api-3.1.0.jar:/home/alex/.m2/repository/javax/xml/bind/jaxb-api/2.2.11/jaxb-api-2.2.11.jar:/home/alex/.m2/repository/org/apache/hadoop/hadoop-yarn-common/3.1.0/hadoop-yarn-common-3.1.0.jar:/home/alex/.m2/repository/com/google/inject/guice/4.0/guice-4.0.jar:/home/alex/.m2/repository/aopalliance/aopalliance/1.0/aopalliance-1.0.jar:/home/alex/.m2/repository/com/sun/jersey/contribs/jersey-guice/1.19/jersey-guice-1.19.jar:/home/alex/.m2/repository/com/fasterxml/jackson/module/jackson-module-jaxb-annotations/2.12.0/jackson-module-jaxb-annotations-2.12.0.jar:/home/alex/.m2/repository/jakarta/xml/bind/jakarta.xml.bind-api/2.3.2/jakarta.xml.bind-api-2.3.2.jar:/home/alex/.m2/repository/jakarta/activation/jakarta.activation-api/1.2.1/jakarta.activation-api-1.2.1.jar:/home/alex/.m2/repository/org/apache/hadoop/hadoop-yarn-client/3.1.0/hadoop-yarn-client-3.1.0.jar:/home/alex/.m2/repository/org/apache/orc/orc-tools/1.6.9/orc-tools-1.6.9.jar:/home/alex/.m2/repository/com/opencsv/opencsv/3.9/opencsv-3.9.jar:/home/alex/.m2/repository/org/codehaus/jettison/jettison/1.1/jettison-1.1.jar:/home/alex/.m2/repository/org/threeten/threetenbp/1.3.5/threetenbp-1.3.5.jar:/home/alex/.m2/repository/org/apache/ivy/ivy/2.4.0/ivy-2.4.0.jar:/home/alex/.m2/repository/org/apache/thrift/libthrift/0.14.1/libthrift-0.14.1.jar:/home/alex/.m2/repository/org/apache/httpcomponents/httpcore/4.4.13/httpcore-4.4.13.jar:/home/alex/.m2/repository/org/apache/tomcat/embed/tomcat-embed-core/8.5.46/tomcat-embed-core-8.5.46.jar:/home/alex/.m2/repository/org/apache/tomcat/tomcat-annotations-api/8.5.46/tomcat-annotations-api-8.5.46.jar:/home/alex/.m2/repository/javax/annotation/javax.annotation-api/1.3.2/javax.annotation-api-1.3.2.jar:/home/alex/.m2/repository/org/apache/zookeeper/zookeeper/3.5.5/zookeeper-3.5.5.jar:/home/alex/.m2/repository/org/apache/zookeeper/zookeeper-jute/3.5.5/zookeeper-jute-3.5.5.jar:/home/alex/.m2/repository/org/apache/curator/curator-framework/4.2.0/curator-framework-4.2.0.jar:/home/alex/.m2/repository/org/apache/curator/curator-test/4.2.0/curator-test-4.2.0.jar:/home/alex/.m2/repository/org/apache/datasketches/datasketches-hive/1.1.0-incubating/datasketches-hive-1.1.0-incubating.jar:/home/alex/.m2/repository/org/apache/datasketches/datasketches-java/1.3.0-incubating/datasketches-java-1.3.0-incubating.jar:/home/alex/.m2/repository/org/apache/datasketches/datasketches-memory/1.2.0-incubating/datasketches-memory-1.2.0-incubating.jar:/home/alex/.m2/repository/org/slf4j/slf4j-simple/1.7.27/slf4j-simple-1.7.27.jar:/home/alex/.m2/repository/com/lmax/disruptor/3.3.7/disruptor-3.3.7.jar:/home/alex/.m2/repository/org/codehaus/groovy/groovy-all/2.4.11/groovy-all-2.4.11.jar:/home/alex/.m2/repository/org/jodd/jodd-util/6.0.0/jodd-util-6.0.0.jar:/home/alex/.m2/repository/com/fasterxml/jackson/core/jackson-annotations/2.12.0/jackson-annotations-2.12.0.jar:/home/alex/.m2/repository/com/fasterxml/jackson/core/jackson-core/2.12.0/jackson-core-2.12.0.jar:/home/alex/.m2/repository/com/fasterxml/jackson/core/jackson-databind/2.12.0/jackson-databind-2.12.0.jar:/home/alex/.m2/repository/com/fasterxml/jackson/dataformat/jackson-dataformat-yaml/2.12.0/jackson-dataformat-yaml-2.12.0.jar:/home/alex/.m2/repository/org/yaml/snakeyaml/1.27/snakeyaml-1.27.jar:/home/alex/.m2/repository/org/datanucleus/datanucleus-core/5.2.4/datanucleus-core-5.2.4.jar:/home/alex/.m2/repository/org/apache/calcite/calcite-core/1.25.0/calcite-core-1.25.0.jar:/home/alex/.m2/repository/org/apache/calcite/calcite-linq4j/1.25.0/calcite-linq4j-1.25.0.jar:/home/alex/.m2/repository/org/apiguardian/apiguardian-api/1.1.0/apiguardian-api-1.1.0.jar:/home/alex/.m2/repository/com/esri/geometry/esri-geometry-api/2.2.0/esri-geometry-api-2.2.0.jar:/home/alex/.m2/repository/com/yahoo/datasketches/sketches-core/0.9.0/sketches-core-0.9.0.jar:/home/alex/.m2/repository/com/yahoo/datasketches/memory/0.9.0/memory-0.9.0.jar:/home/alex/.m2/repository/org/apache/commons/commons-dbcp2/2.7.0/commons-dbcp2-2.7.0.jar:/home/alex/.m2/repository/org/apache/commons/commons-pool2/2.7.0/commons-pool2-2.7.0.jar:/home/alex/.m2/repository/org/apache/calcite/calcite-druid/1.25.0/calcite-druid-1.25.0.jar:/home/alex/.m2/repository/org/apache/calcite/avatica/avatica/1.12.0/avatica-1.12.0.jar:/home/alex/.m2/repository/com/google/guava/guava/19.0/guava-19.0.jar:/home/alex/.m2/repository/com/googlecode/javaewah/JavaEWAH/0.3.2/JavaEWAH-0.3.2.jar:/home/alex/.m2/repository/com/google/code/gson/gson/2.2.4/gson-2.2.4.jar:/home/alex/.m2/repository/com/tdunning/json/1.8/json-1.8.jar:/home/alex/.m2/repository/stax/stax-api/1.0.1/stax-api-1.0.1.jar:/home/alex/.m2/repository/net/sf/opencsv/opencsv/2.3/opencsv-2.3.jar:/home/alex/Repositories/hive/standalone-metastore/metastore-server/target/classes:/home/alex/.m2/repository/com/zaxxer/HikariCP/2.6.1/HikariCP-2.6.1.jar:/home/alex/.m2/repository/commons-beanutils/commons-beanutils/1.9.4/commons-beanutils-1.9.4.jar:/home/alex/.m2/repository/org/datanucleus/datanucleus-api-jdo/5.2.4/datanucleus-api-jdo-5.2.4.jar:/home/alex/.m2/repository/org/datanucleus/datanucleus-rdbms/5.2.4/datanucleus-rdbms-5.2.4.jar:/home/alex/.m2/repository/org/datanucleus/javax.jdo/3.2.0-release/javax.jdo-3.2.0-release.jar:/home/alex/.m2/repository/javax/transaction/javax.transaction-api/1.3/javax.transaction-api-1.3.jar:/home/alex/.m2/repository/org/glassfish/corba/glassfish-corba-omgapi/4.2.2/glassfish-corba-omgapi-4.2.2.jar:/home/alex/.m2/repository/sqlline/sqlline/1.9.0/sqlline-1.9.0.jar:/home/alex/.m2/repository/org/jline/jline-terminal/3.12.1/jline-terminal-3.12.1.jar:/home/alex/.m2/repository/org/jline/jline-reader/3.12.1/jline-reader-3.12.1.jar:/home/alex/.m2/repository/org/jline/jline-terminal-jansi/3.12.1/jline-terminal-jansi-3.12.1.jar:/home/alex/.m2/repository/org/fusesource/jansi/jansi/1.18/jansi-1.18.jar:/home/alex/.m2/repository/org/jline/jline-terminal-jna/3.12.1/jline-terminal-jna-3.12.1.jar:/home/alex/.m2/repository/net/java/dev/jna/jna/5.3.1/jna-5.3.1.jar:/home/alex/.m2/repository/org/jline/jline-builtins/3.12.1/jline-builtins-3.12.1.jar:/home/alex/.m2/repository/org/jline/jline-style/3.12.1/jline-style-3.12.1.jar:/home/alex/.m2/repository/com/cronutils/cron-utils/9.1.3/cron-utils-9.1.3.jar:/home/alex/.m2/repository/org/glassfish/javax.el/3.0.0/javax.el-3.0.0.jar:/home/alex/.m2/repository/com/oracle/database/jdbc/ojdbc8/21.3.0.0/ojdbc8-21.3.0.0.jar:/home/alex/.m2/repository/mysql/mysql-connector-java/8.0.27/mysql-connector-java-8.0.27.jar:/home/alex/.m2/repository/com/microsoft/sqlserver/mssql-jdbc/6.2.1.jre8/mssql-jdbc-6.2.1.jre8.jar:/home/alex/.m2/repository/org/postgresql/postgresql/42.2.14/postgresql-42.2.14.jar:/home/alex/Repositories/hive/common/target/test-classes:/home/alex/Repositories/hive/standalone-metastore/metastore-common/target/test-classes:/home/alex/.m2/repository/com/github/ben-manes/caffeine/caffeine/2.8.4/caffeine-2.8.4.jar:/home/alex/.m2/repository/org/checkerframework/checker-qual/3.4.0/checker-qual-3.4.0.jar:/home/alex/Repositories/hive/standalone-metastore/metastore-server/target/test-classes:/home/alex/.m2/repository/org/apache/parquet/parquet-column/1.11.1/parquet-column-1.11.1-tests.jar:/home/alex/.m2/repository/org/apache/parquet/parquet-common/1.11.1/parquet-common-1.11.1.jar:/home/alex/.m2/repository/org/apache/parquet/parquet-format-structures/1.11.1/parquet-format-structures-1.11.1.jar:/home/alex/.m2/repository/org/apache/parquet/parquet-encoding/1.11.1/parquet-encoding-1.11.1.jar:/home/alex/.m2/repository/junit/junit/4.13/junit-4.13.jar:/home/alex/.m2/repository/org/hamcrest/hamcrest-core/1.3/hamcrest-core-1.3.jar:/home/alex/.m2/repository/org/junit/jupiter/junit-jupiter-engine/5.6.2/junit-jupiter-engine-5.6.2.jar:/home/alex/.m2/repository/org/junit/platform/junit-platform-engine/1.6.2/junit-platform-engine-1.6.2.jar:/home/alex/.m2/repository/org/opentest4j/opentest4j/1.2.0/opentest4j-1.2.0.jar:/home/alex/.m2/repository/org/junit/platform/junit-platform-commons/1.6.2/junit-platform-commons-1.6.2.jar:/home/alex/.m2/repository/org/junit/jupiter/junit-jupiter-api/5.6.2/junit-jupiter-api-5.6.2.jar:/home/alex/.m2/repository/org/junit/jupiter/junit-jupiter-params/5.6.2/junit-jupiter-params-5.6.2.jar:/home/alex/.m2/repository/org/junit/vintage/junit-vintage-engine/5.6.2/junit-vintage-engine-5.6.2.jar:/home/alex/.m2/repository/org/apache/tez/tez-api/0.10.1/tez-api-0.10.1.jar:/usr/lib/jvm/java-8-openjdk-amd64/jre/../lib/tools.jar:/home/alex/.m2/repository/org/apache/tez/tez-runtime-library/0.10.1/tez-runtime-library-0.10.1.jar:/home/alex/.m2/repository/org/roaringbitmap/RoaringBitmap/0.5.21/RoaringBitmap-0.5.21.jar:/home/alex/.m2/repository/org/asynchttpclient/async-http-client/2.12.1/async-http-client-2.12.1.jar:/home/alex/.m2/repository/org/asynchttpclient/async-http-client-netty-utils/2.12.1/async-http-client-netty-utils-2.12.1.jar:/home/alex/.m2/repository/io/netty/netty-buffer/4.1.48.Final/netty-buffer-4.1.48.Final.jar:/home/alex/.m2/repository/io/netty/netty-codec-http/4.1.48.Final/netty-codec-http-4.1.48.Final.jar:/home/alex/.m2/repository/io/netty/netty-common/4.1.48.Final/netty-common-4.1.48.Final.jar:/home/alex/.m2/repository/io/netty/netty-transport/4.1.48.Final/netty-transport-4.1.48.Final.jar:/home/alex/.m2/repository/io/netty/netty-codec/4.1.48.Final/netty-codec-4.1.48.Final.jar:/home/alex/.m2/repository/io/netty/netty-handler/4.1.48.Final/netty-handler-4.1.48.Final.jar:/home/alex/.m2/repository/io/netty/netty-resolver/4.1.48.Final/netty-resolver-4.1.48.Final.jar:/home/alex/.m2/repository/io/netty/netty-codec-socks/4.1.48.Final/netty-codec-socks-4.1.48.Final.jar:/home/alex/.m2/repository/io/netty/netty-handler-proxy/4.1.48.Final/netty-handler-proxy-4.1.48.Final.jar:/home/alex/.m2/repository/io/netty/netty-transport-native-epoll/4.1.48.Final/netty-transport-native-epoll-4.1.48.Final-linux-x86_64.jar:/home/alex/.m2/repository/io/netty/netty-transport-native-unix-common/4.1.48.Final/netty-transport-native-unix-common-4.1.48.Final.jar:/home/alex/.m2/repository/io/netty/netty-transport-native-kqueue/4.1.48.Final/netty-transport-native-kqueue-4.1.48.Final-osx-x86_64.jar:/home/alex/.m2/repository/org/reactivestreams/reactive-streams/1.0.3/reactive-streams-1.0.3.jar:/home/alex/.m2/repository/com/typesafe/netty/netty-reactive-streams/2.0.4/netty-reactive-streams-2.0.4.jar:/home/alex/.m2/repository/com/sun/activation/javax.activation/1.2.0/javax.activation-1.2.0.jar:/home/alex/.m2/repository/org/apache/tez/tez-common/0.10.1/tez-common-0.10.1.jar:/home/alex/.m2/repository/org/apache/tez/tez-runtime-internals/0.10.1/tez-runtime-internals-0.10.1.jar:/home/alex/.m2/repository/org/apache/tez/hadoop-shim/0.10.1/hadoop-shim-0.10.1.jar:/home/alex/.m2/repository/org/apache/tez/tez-mapreduce/0.10.1/tez-mapreduce-0.10.1.jar:/home/alex/.m2/repository/org/apache/tez/tez-dag/0.10.1/tez-dag-0.10.1.jar:/home/alex/.m2/repository/org/apache/hadoop/hadoop-yarn-server-web-proxy/3.1.0/hadoop-yarn-server-web-proxy-3.1.0.jar:/home/alex/.m2/repository/org/apache/hadoop/hadoop-yarn-server-common/3.1.0/hadoop-yarn-server-common-3.1.0.jar:/home/alex/.m2/repository/org/apache/geronimo/specs/geronimo-jcache_1.0_spec/1.0-alpha-1/geronimo-jcache_1.0_spec-1.0-alpha-1.jar:/home/alex/.m2/repository/org/ehcache/ehcache/3.3.1/ehcache-3.3.1.jar:/home/alex/.m2/repository/com/zaxxer/HikariCP-java7/2.4.12/HikariCP-java7-2.4.12.jar:/home/alex/.m2/repository/org/apache/spark/spark-core_2.12/2.4.5/spark-core_2.12-2.4.5.jar:/home/alex/.m2/repository/com/twitter/chill_2.12/0.9.3/chill_2.12-0.9.3.jar:/home/alex/.m2/repository/com/twitter/chill-java/0.9.3/chill-java-0.9.3.jar:/home/alex/.m2/repository/org/apache/xbean/xbean-asm6-shaded/4.8/xbean-asm6-shaded-4.8.jar:/home/alex/.m2/repository/org/apache/hadoop/hadoop-client/3.1.0/hadoop-client-3.1.0.jar:/home/alex/.m2/repository/org/apache/hadoop/hadoop-mapreduce-client-jobclient/3.1.0/hadoop-mapreduce-client-jobclient-3.1.0.jar:/home/alex/.m2/repository/org/apache/spark/spark-launcher_2.12/2.4.5/spark-launcher_2.12-2.4.5.jar:/home/alex/.m2/repository/org/apache/spark/spark-kvstore_2.12/2.4.5/spark-kvstore_2.12-2.4.5.jar:/home/alex/.m2/repository/org/apache/spark/spark-network-common_2.12/2.4.5/spark-network-common_2.12-2.4.5.jar:/home/alex/.m2/repository/org/apache/spark/spark-network-shuffle_2.12/2.4.5/spark-network-shuffle_2.12-2.4.5.jar:/home/alex/.m2/repository/org/apache/spark/spark-unsafe_2.12/2.4.5/spark-unsafe_2.12-2.4.5.jar:/home/alex/.m2/repository/javax/activation/activation/1.1.1/activation-1.1.1.jar:/home/alex/.m2/repository/org/slf4j/jul-to-slf4j/1.7.16/jul-to-slf4j-1.7.16.jar:/home/alex/.m2/repository/org/slf4j/jcl-over-slf4j/1.7.16/jcl-over-slf4j-1.7.16.jar:/home/alex/.m2/repository/com/ning/compress-lzf/1.0.3/compress-lzf-1.0.3.jar:/home/alex/.m2/repository/org/lz4/lz4-java/1.4.0/lz4-java-1.4.0.jar:/home/alex/.m2/repository/com/github/luben/zstd-jni/1.3.2-2/zstd-jni-1.3.2-2.jar:/home/alex/.m2/repository/org/scala-lang/scala-library/2.12.10/scala-library-2.12.10.jar:/home/alex/.m2/repository/org/json4s/json4s-jackson_2.12/3.5.3/json4s-jackson_2.12-3.5.3.jar:/home/alex/.m2/repository/org/json4s/json4s-core_2.12/3.5.3/json4s-core_2.12-3.5.3.jar:/home/alex/.m2/repository/org/json4s/json4s-ast_2.12/3.5.3/json4s-ast_2.12-3.5.3.jar:/home/alex/.m2/repository/org/json4s/json4s-scalap_2.12/3.5.3/json4s-scalap_2.12-3.5.3.jar:/home/alex/.m2/repository/org/scala-lang/modules/scala-xml_2.12/1.0.6/scala-xml_2.12-1.0.6.jar:/home/alex/.m2/repository/com/clearspring/analytics/stream/2.7.0/stream-2.7.0.jar:/home/alex/.m2/repository/io/dropwizard/metrics/metrics-graphite/3.1.5/metrics-graphite-3.1.5.jar:/home/alex/.m2/repository/oro/oro/2.0.8/oro-2.0.8.jar:/home/alex/.m2/repository/net/razorvine/pyrolite/4.13/pyrolite-4.13.jar:/home/alex/.m2/repository/net/sf/py4j/py4j/0.10.7/py4j-0.10.7.jar:/home/alex/.m2/repository/org/apache/spark/spark-tags_2.12/2.4.5/spark-tags_2.12-2.4.5.jar:/home/alex/.m2/repository/org/spark-project/spark/unused/1.0.0/unused-1.0.0.jar:/home/alex/.m2/repository/com/sun/jersey/jersey-servlet/1.19/jersey-servlet-1.19.jar:/home/alex/.m2/repository/org/glassfish/jersey/core/jersey-server/2.22.2/jersey-server-2.22.2.jar:/home/alex/.m2/repository/org/glassfish/jersey/core/jersey-common/2.22.2/jersey-common-2.22.2.jar:/home/alex/.m2/repository/org/glassfish/jersey/bundles/repackaged/jersey-guava/2.22.2/jersey-guava-2.22.2.jar:/home/alex/.m2/repository/org/glassfish/hk2/osgi-resource-locator/1.0.1/osgi-resource-locator-1.0.1.jar:/home/alex/.m2/repository/org/glassfish/jersey/core/jersey-client/2.22.2/jersey-client-2.22.2.jar:/home/alex/.m2/repository/javax/ws/rs/javax.ws.rs-api/2.0.1/javax.ws.rs-api-2.0.1.jar:/home/alex/.m2/repository/org/glassfish/jersey/media/jersey-media-jaxb/2.22.2/jersey-media-jaxb-2.22.2.jar:/home/alex/.m2/repository/org/glassfish/hk2/hk2-api/2.4.0-b34/hk2-api-2.4.0-b34.jar:/home/alex/.m2/repository/org/glassfish/hk2/hk2-utils/2.4.0-b34/hk2-utils-2.4.0-b34.jar:/home/alex/.m2/repository/org/glassfish/hk2/external/aopalliance-repackaged/2.4.0-b34/aopalliance-repackaged-2.4.0-b34.jar:/home/alex/.m2/repository/org/glassfish/hk2/external/javax.inject/2.4.0-b34/javax.inject-2.4.0-b34.jar:/home/alex/.m2/repository/org/glassfish/hk2/hk2-locator/2.4.0-b34/hk2-locator-2.4.0-b34.jar:/home/alex/.m2/repository/javax/validation/validation-api/1.1.0.Final/validation-api-1.1.0.Final.jar:/home/alex/.m2/repository/org/glassfish/jersey/containers/jersey-container-servlet-core/2.22.2/jersey-container-servlet-core-2.22.2.jar:/home/alex/.m2/repository/org/hamcrest/hamcrest-all/1.3/hamcrest-all-1.3.jar:/home/alex/.m2/repository/org/powermock/powermock-module-junit4/2.0.2/powermock-module-junit4-2.0.2.jar:/home/alex/.m2/repository/org/powermock/powermock-module-junit4-common/2.0.2/powermock-module-junit4-common-2.0.2.jar:/home/alex/.m2/repository/org/powermock/powermock-reflect/2.0.2/powermock-reflect-2.0.2.jar:/home/alex/.m2/repository/org/powermock/powermock-core/2.0.2/powermock-core-2.0.2.jar:/home/alex/.m2/repository/org/powermock/powermock-api-mockito2/2.0.2/powermock-api-mockito2-2.0.2.jar:/home/alex/.m2/repository/org/powermock/powermock-api-support/2.0.2/powermock-api-support-2.0.2.jar:/home/alex/.m2/repository/com/google/guava/guava-testlib/19.0/guava-testlib-19.0.jar:/home/alex/.m2/repository/com/google/errorprone/error_prone_annotations/2.0.2/error_prone_annotations-2.0.2.jar:/home/alex/.m2/repository/com/google/re2j/re2j/1.2/re2j-1.2.jar:/home/alex/.m2/repository/org/reflections/reflections/0.9.10/reflections-0.9.10.jar:/home/alex/.m2/repository/org/javassist/javassist/3.19.0-GA/javassist-3.19.0-GA.jar:/home/alex/.m2/repository/com/jayway/jsonpath/json-path/2.4.0/json-path-2.4.0.jar:/home/alex/.m2/repository/net/minidev/json-smart/2.3/json-smart-2.3.jar:/home/alex/.m2/repository/net/minidev/accessors-smart/1.2/accessors-smart-1.2.jar:/home/alex/.m2/repository/org/ow2/asm/asm/5.0.4/asm-5.0.4.jar:/home/alex/.m2/repository/org/codehaus/janino/commons-compiler/3.0.11/commons-compiler-3.0.11.jar:/home/alex/.m2/repository/org/codehaus/janino/janino/3.0.11/janino-3.0.11.jar:/home/alex/.m2/repository/com/sun/jersey/contribs/jersey-multipart/1.19/jersey-multipart-1.19.jar:/home/alex/.m2/repository/org/jvnet/mimepull/mimepull/1.9.3/mimepull-1.9.3.jar:/home/alex/.m2/repository/org/apache/kafka/kafka-clients/2.5.0/kafka-clients-2.5.0.jar:/home/alex/.m2/repository/org/slf4j/slf4j-api/1.7.30/slf4j-api-1.7.30.jar:/home/alex/.m2/repository/org/mockito/mockito-core/3.4.4/mockito-core-3.4.4.jar:/home/alex/.m2/repository/net/bytebuddy/byte-buddy/1.10.13/byte-buddy-1.10.13.jar:/home/alex/.m2/repository/net/bytebuddy/byte-buddy-agent/1.10.13/byte-buddy-agent-1.10.13.jar:/home/alex/Repositories/hive/ql/target/testconf:/home/alex/Repositories/hive/ql/../conf:"/>
    <property name="java.vm.vendor" value="Private Build"/>
    <property name="hadoop.version" value="3.1.0"/>
    <property name="user.timezone" value="US/Pacific"/>
    <property name="test.local.warehouse.dir" value="pfile:///home/alex/Repositories/hive/ql/target/localfs/warehouse"/>
    <property name="java.vm.specification.version" value="1.8"/>
    <property name="os.name" value="Linux"/>
    <property name="clustermode" value=""/>
    <property name="test.build.data" value="/home/alex/Repositories/hive/ql/target/tmp"/>
    <property name="user.country" value="US"/>
    <property name="sun.java.launcher" value="SUN_STANDARD"/>
    <property name="test.data.files" value="/home/alex/Repositories/hive/ql/../data/files"/>
    <property name="nondexLogging" value="CONFIG"/>
    <property name="surefire.test.class.path" value="/home/alex/Repositories/hive/ql/target/test-classes:/home/alex/Repositories/hive/ql/target/classes:/home/alex/.m2/repository/org/apache/atlas/atlas-client-v2/2.1.0/atlas-client-v2-2.1.0.jar:/home/alex/.m2/repository/cglib/cglib/2.2.2/cglib-2.2.2.jar:/home/alex/.m2/repository/asm/asm/3.3.1/asm-3.3.1.jar:/home/alex/.m2/repository/org/apache/atlas/atlas-client-common/2.1.0/atlas-client-common-2.1.0.jar:/home/alex/.m2/repository/org/apache/httpcomponents/httpclient/4.5.13/httpclient-4.5.13.jar:/home/alex/.m2/repository/com/sun/jersey/jersey-client/1.19/jersey-client-1.19.jar:/home/alex/.m2/repository/org/apache/atlas/atlas-intg/2.1.0/atlas-intg-2.1.0.jar:/home/alex/.m2/repository/commons-collections/commons-collections/3.2.2/commons-collections-3.2.2.jar:/home/alex/.m2/repository/commons-validator/commons-validator/1.6/commons-validator-1.6.jar:/home/alex/.m2/repository/commons-digester/commons-digester/1.8.1/commons-digester-1.8.1.jar:/home/alex/.m2/repository/com/fasterxml/jackson/jaxrs/jackson-jaxrs-base/2.12.0/jackson-jaxrs-base-2.12.0.jar:/home/alex/.m2/repository/com/fasterxml/jackson/jaxrs/jackson-jaxrs-json-provider/2.12.0/jackson-jaxrs-json-provider-2.12.0.jar:/home/alex/.m2/repository/javax/inject/javax.inject/1/javax.inject-1.jar:/home/alex/.m2/repository/org/springframework/spring-context/4.3.20.RELEASE/spring-context-4.3.20.RELEASE.jar:/home/alex/.m2/repository/org/springframework/spring-aop/4.3.20.RELEASE/spring-aop-4.3.20.RELEASE.jar:/home/alex/.m2/repository/org/springframework/spring-beans/4.3.20.RELEASE/spring-beans-4.3.20.RELEASE.jar:/home/alex/.m2/repository/org/springframework/spring-core/4.3.20.RELEASE/spring-core-4.3.20.RELEASE.jar:/home/alex/.m2/repository/org/springframework/spring-expression/4.3.20.RELEASE/spring-expression-4.3.20.RELEASE.jar:/home/alex/.m2/repository/commons-configuration/commons-configuration/1.10/commons-configuration-1.10.jar:/home/alex/.m2/repository/commons-lang/commons-lang/2.6/commons-lang-2.6.jar:/home/alex/.m2/repository/commons-logging/commons-logging/1.1.1/commons-logging-1.1.1.jar:/home/alex/.m2/repository/org/apache/commons/commons-math3/3.6.1/commons-math3-3.6.1.jar:/home/alex/Repositories/hive/vector-code-gen/target/classes:/home/alex/.m2/repository/org/apache/velocity/velocity/1.5/velocity-1.5.jar:/home/alex/Repositories/hive/common/target/classes:/home/alex/Repositories/hive/classification/target/classes:/home/alex/Repositories/hive/standalone-metastore/metastore-common/target/classes:/home/alex/.m2/repository/commons-cli/commons-cli/1.4/commons-cli-1.4.jar:/home/alex/.m2/repository/org/apache/orc/orc-core/1.6.9/orc-core-1.6.9.jar:/home/alex/.m2/repository/org/apache/orc/orc-shims/1.6.9/orc-shims-1.6.9.jar:/home/alex/.m2/repository/io/airlift/aircompressor/0.19/aircompressor-0.19.jar:/home/alex/.m2/repository/org/jetbrains/annotations/17.0.0/annotations-17.0.0.jar:/home/alex/.m2/repository/org/threeten/threeten-extra/1.5.0/threeten-extra-1.5.0.jar:/home/alex/.m2/repository/jline/jline/2.14.6/jline-2.14.6.jar:/home/alex/.m2/repository/javax/servlet/javax.servlet-api/3.1.0/javax.servlet-api-3.1.0.jar:/home/alex/.m2/repository/org/eclipse/jetty/jetty-http/9.3.27.v20190418/jetty-http-9.3.27.v20190418.jar:/home/alex/.m2/repository/org/eclipse/jetty/jetty-rewrite/9.3.27.v20190418/jetty-rewrite-9.3.27.v20190418.jar:/home/alex/.m2/repository/org/eclipse/jetty/jetty-client/9.3.27.v20190418/jetty-client-9.3.27.v20190418.jar:/home/alex/.m2/repository/org/eclipse/jetty/jetty-server/9.3.27.v20190418/jetty-server-9.3.27.v20190418.jar:/home/alex/.m2/repository/org/eclipse/jetty/jetty-io/9.3.27.v20190418/jetty-io-9.3.27.v20190418.jar:/home/alex/.m2/repository/org/eclipse/jetty/jetty-servlet/9.3.27.v20190418/jetty-servlet-9.3.27.v20190418.jar:/home/alex/.m2/repository/org/eclipse/jetty/jetty-security/9.3.27.v20190418/jetty-security-9.3.27.v20190418.jar:/home/alex/.m2/repository/org/eclipse/jetty/jetty-webapp/9.3.27.v20190418/jetty-webapp-9.3.27.v20190418.jar:/home/alex/.m2/repository/org/eclipse/jetty/jetty-xml/9.3.27.v20190418/jetty-xml-9.3.27.v20190418.jar:/home/alex/.m2/repository/joda-time/joda-time/2.9.9/joda-time-2.9.9.jar:/home/alex/.m2/repository/org/apache/logging/log4j/log4j-web/2.13.2/log4j-web-2.13.2.jar:/home/alex/.m2/repository/net/sf/jpam/jpam/1.1/jpam-1.1.jar:/home/alex/.m2/repository/io/dropwizard/metrics/metrics-core/3.1.0/metrics-core-3.1.0.jar:/home/alex/.m2/repository/io/dropwizard/metrics/metrics-jvm/3.1.0/metrics-jvm-3.1.0.jar:/home/alex/.m2/repository/io/dropwizard/metrics/metrics-json/3.1.0/metrics-json-3.1.0.jar:/home/alex/.m2/repository/com/github/joshelser/dropwizard-metrics-hadoop-metrics2-reporter/0.1.2/dropwizard-metrics-hadoop-metrics2-reporter-0.1.2.jar:/home/alex/Repositories/hive/metastore/target/classes:/home/alex/.m2/repository/org/apache/derby/derby/10.14.1.0/derby-10.14.1.0.jar:/home/alex/Repositories/hive/serde/target/classes:/home/alex/.m2/repository/com/google/code/findbugs/jsr305/3.0.0/jsr305-3.0.0.jar:/home/alex/.m2/repository/org/apache/arrow/arrow-vector/0.15.1/arrow-vector-0.15.1.jar:/home/alex/.m2/repository/org/apache/arrow/arrow-format/0.15.1/arrow-format-0.15.1.jar:/home/alex/.m2/repository/org/apache/arrow/arrow-memory/0.15.1/arrow-memory-0.15.1.jar:/home/alex/.m2/repository/com/google/flatbuffers/flatbuffers-java/1.9.0/flatbuffers-java-1.9.0.jar:/home/alex/.m2/repository/com/carrotsearch/hppc/0.7.2/hppc-0.7.2.jar:/home/alex/.m2/repository/com/github/davidmoten/flatbuffers-java/1.6.0.1/flatbuffers-java-1.6.0.1.jar:/home/alex/Repositories/hive/parser/target/classes:/home/alex/Repositories/hive/udf/target/classes:/home/alex/Repositories/hive/service-rpc/target/classes:/home/alex/Repositories/hive/llap-client/target/classes:/home/alex/Repositories/hive/llap-common/target/classes:/home/alex/.m2/repository/io/jsonwebtoken/jjwt-api/0.10.5/jjwt-api-0.10.5.jar:/home/alex/.m2/repository/io/jsonwebtoken/jjwt-impl/0.10.5/jjwt-impl-0.10.5.jar:/home/alex/.m2/repository/io/jsonwebtoken/jjwt-jackson/0.10.5/jjwt-jackson-0.10.5.jar:/home/alex/Repositories/hive/llap-tez/target/classes:/home/alex/Repositories/hive/shims/aggregator/target/classes:/home/alex/Repositories/hive/shims/common/target/classes:/home/alex/Repositories/hive/shims/0.23/target/classes:/home/alex/.m2/repository/org/apache/hadoop/hadoop-yarn-server-resourcemanager/3.1.0/hadoop-yarn-server-resourcemanager-3.1.0.jar:/home/alex/.m2/repository/org/apache/hadoop/hadoop-yarn-server-applicationhistoryservice/3.1.0/hadoop-yarn-server-applicationhistoryservice-3.1.0.jar:/home/alex/.m2/repository/de/ruedigermoeller/fst/2.50/fst-2.50.jar:/home/alex/.m2/repository/com/cedarsoftware/java-util/1.9.0/java-util-1.9.0.jar:/home/alex/.m2/repository/com/cedarsoftware/json-io/2.5.1/json-io-2.5.1.jar:/home/alex/Repositories/hive/shims/scheduler/target/classes:/home/alex/Repositories/hive/spark-client/target/classes:/home/alex/.m2/repository/io/netty/netty-all/4.1.65.Final/netty-all-4.1.65.Final.jar:/home/alex/.m2/repository/com/fasterxml/jackson/module/jackson-module-scala_2.12/2.12.0/jackson-module-scala_2.12-2.12.0.jar:/home/alex/.m2/repository/org/apache/spark/spark-yarn_2.12/2.4.5/spark-yarn_2.12-2.4.5.jar:/home/alex/Repositories/hive/storage-api/target/classes:/home/alex/.m2/repository/com/amazonaws/aws-java-sdk-bundle/1.11.901/aws-java-sdk-bundle-1.11.901.jar:/home/alex/.m2/repository/com/amazonaws/secretsmanager/aws-secretsmanager-caching-java/1.0.1/aws-secretsmanager-caching-java-1.0.1.jar:/home/alex/.m2/repository/com/esotericsoftware/kryo/5.0.3/kryo-5.0.3.jar:/home/alex/.m2/repository/org/objenesis/objenesis/3.1/objenesis-3.1.jar:/home/alex/.m2/repository/com/esotericsoftware/minlog/1.3.1/minlog-1.3.1.jar:/home/alex/.m2/repository/com/esotericsoftware/reflectasm/1.11.9/reflectasm-1.11.9.jar:/home/alex/.m2/repository/com/google/protobuf/protobuf-java/2.5.0/protobuf-java-2.5.0.jar:/home/alex/.m2/repository/org/apache/hbase/hbase-common/2.0.0-alpha4/hbase-common-2.0.0-alpha4.jar:/home/alex/.m2/repository/org/apache/hbase/thirdparty/hbase-shaded-miscellaneous/1.0.1/hbase-shaded-miscellaneous-1.0.1.jar:/home/alex/.m2/repository/org/apache/htrace/htrace-core/3.2.0-incubating/htrace-core-3.2.0-incubating.jar:/home/alex/.m2/repository/org/apache/commons/commons-crypto/1.0.0/commons-crypto-1.0.0.jar:/home/alex/.m2/repository/com/github/stephenc/findbugs/findbugs-annotations/1.3.9-1/findbugs-annotations-1.3.9-1.jar:/home/alex/.m2/repository/log4j/log4j/1.2.17/log4j-1.2.17.jar:/home/alex/.m2/repository/org/apache/yetus/audience-annotations/0.5.0/audience-annotations-0.5.0.jar:/home/alex/.m2/repository/org/apache/parquet/parquet-hadoop-bundle/1.11.1/parquet-hadoop-bundle-1.11.1.jar:/home/alex/.m2/repository/commons-codec/commons-codec/1.15/commons-codec-1.15.jar:/home/alex/.m2/repository/commons-io/commons-io/2.6/commons-io-2.6.jar:/home/alex/.m2/repository/org/apache/commons/commons-collections4/4.1/commons-collections4-4.1.jar:/home/alex/.m2/repository/org/apache/commons/commons-lang3/3.9/commons-lang3-3.9.jar:/home/alex/.m2/repository/org/apache/commons/commons-text/1.8/commons-text-1.8.jar:/home/alex/.m2/repository/javolution/javolution/5.5.1/javolution-5.5.1.jar:/home/alex/.m2/repository/org/apache/logging/log4j/log4j-1.2-api/2.13.2/log4j-1.2-api-2.13.2.jar:/home/alex/.m2/repository/org/apache/logging/log4j/log4j-api/2.13.2/log4j-api-2.13.2.jar:/home/alex/.m2/repository/org/apache/logging/log4j/log4j-core/2.13.2/log4j-core-2.13.2.jar:/home/alex/.m2/repository/org/apache/logging/log4j/log4j-slf4j-impl/2.13.2/log4j-slf4j-impl-2.13.2.jar:/home/alex/.m2/repository/org/antlr/antlr-runtime/3.5.2/antlr-runtime-3.5.2.jar:/home/alex/.m2/repository/org/antlr/ST4/4.0.4/ST4-4.0.4.jar:/home/alex/.m2/repository/org/apache/avro/avro/1.8.2/avro-1.8.2.jar:/home/alex/.m2/repository/org/codehaus/jackson/jackson-core-asl/1.9.13/jackson-core-asl-1.9.13.jar:/home/alex/.m2/repository/org/codehaus/jackson/jackson-mapper-asl/1.9.13/jackson-mapper-asl-1.9.13.jar:/home/alex/.m2/repository/com/thoughtworks/paranamer/paranamer/2.8/paranamer-2.8.jar:/home/alex/.m2/repository/org/xerial/snappy/snappy-java/1.1.4/snappy-java-1.1.4.jar:/home/alex/.m2/repository/org/tukaani/xz/1.5/xz-1.5.jar:/home/alex/.m2/repository/org/apache/avro/avro-mapred/1.8.2/avro-mapred-1.8.2-hadoop2.jar:/home/alex/.m2/repository/org/apache/avro/avro-ipc/1.8.2/avro-ipc-1.8.2.jar:/home/alex/.m2/repository/org/mortbay/jetty/jetty/6.1.26/jetty-6.1.26.jar:/home/alex/.m2/repository/org/apache/ant/ant/1.9.1/ant-1.9.1.jar:/home/alex/.m2/repository/org/apache/ant/ant-launcher/1.9.1/ant-launcher-1.9.1.jar:/home/alex/.m2/repository/org/apache/commons/commons-compress/1.21/commons-compress-1.21.jar:/home/alex/.m2/repository/org/apache/thrift/libfb303/0.9.3/libfb303-0.9.3.jar:/home/alex/.m2/repository/org/apache/hadoop/hadoop-common/3.1.0/hadoop-common-3.1.0.jar:/home/alex/.m2/repository/org/apache/hadoop/hadoop-annotations/3.1.0/hadoop-annotations-3.1.0.jar:/home/alex/.m2/repository/commons-net/commons-net/3.6/commons-net-3.6.jar:/home/alex/.m2/repository/org/eclipse/jetty/jetty-util/9.3.27.v20190418/jetty-util-9.3.27.v20190418.jar:/home/alex/.m2/repository/javax/servlet/jsp/jsp-api/2.1/jsp-api-2.1.jar:/home/alex/.m2/repository/com/sun/jersey/jersey-core/1.19/jersey-core-1.19.jar:/home/alex/.m2/repository/javax/ws/rs/jsr311-api/1.1.1/jsr311-api-1.1.1.jar:/home/alex/.m2/repository/com/sun/jersey/jersey-json/1.19/jersey-json-1.19.jar:/home/alex/.m2/repository/com/sun/xml/bind/jaxb-impl/2.2.3-1/jaxb-impl-2.2.3-1.jar:/home/alex/.m2/repository/org/codehaus/jackson/jackson-jaxrs/1.9.2/jackson-jaxrs-1.9.2.jar:/home/alex/.m2/repository/org/codehaus/jackson/jackson-xc/1.9.2/jackson-xc-1.9.2.jar:/home/alex/.m2/repository/com/sun/jersey/jersey-server/1.19/jersey-server-1.19.jar:/home/alex/.m2/repository/org/apache/commons/commons-configuration2/2.1.1/commons-configuration2-2.1.1.jar:/home/alex/.m2/repository/org/apache/hadoop/hadoop-auth/3.1.0/hadoop-auth-3.1.0.jar:/home/alex/.m2/repository/com/nimbusds/nimbus-jose-jwt/4.41.1/nimbus-jose-jwt-4.41.1.jar:/home/alex/.m2/repository/com/github/stephenc/jcip/jcip-annotations/1.0-1/jcip-annotations-1.0-1.jar:/home/alex/.m2/repository/com/jcraft/jsch/0.1.54/jsch-0.1.54.jar:/home/alex/.m2/repository/org/apache/htrace/htrace-core4/4.1.0-incubating/htrace-core4-4.1.0-incubating.jar:/home/alex/.m2/repository/org/apache/kerby/kerb-simplekdc/1.0.1/kerb-simplekdc-1.0.1.jar:/home/alex/.m2/repository/org/apache/kerby/kerb-client/1.0.1/kerb-client-1.0.1.jar:/home/alex/.m2/repository/org/apache/kerby/kerby-config/1.0.1/kerby-config-1.0.1.jar:/home/alex/.m2/repository/org/apache/kerby/kerb-core/1.0.1/kerb-core-1.0.1.jar:/home/alex/.m2/repository/org/apache/kerby/kerby-pkix/1.0.1/kerby-pkix-1.0.1.jar:/home/alex/.m2/repository/org/apache/kerby/kerby-asn1/1.0.1/kerby-asn1-1.0.1.jar:/home/alex/.m2/repository/org/apache/kerby/kerby-util/1.0.1/kerby-util-1.0.1.jar:/home/alex/.m2/repository/org/apache/kerby/kerb-common/1.0.1/kerb-common-1.0.1.jar:/home/alex/.m2/repository/org/apache/kerby/kerb-crypto/1.0.1/kerb-crypto-1.0.1.jar:/home/alex/.m2/repository/org/apache/kerby/kerb-util/1.0.1/kerb-util-1.0.1.jar:/home/alex/.m2/repository/org/apache/kerby/token-provider/1.0.1/token-provider-1.0.1.jar:/home/alex/.m2/repository/org/apache/kerby/kerb-admin/1.0.1/kerb-admin-1.0.1.jar:/home/alex/.m2/repository/org/apache/kerby/kerb-server/1.0.1/kerb-server-1.0.1.jar:/home/alex/.m2/repository/org/apache/kerby/kerb-identity/1.0.1/kerb-identity-1.0.1.jar:/home/alex/.m2/repository/org/apache/kerby/kerby-xdr/1.0.1/kerby-xdr-1.0.1.jar:/home/alex/.m2/repository/org/codehaus/woodstox/stax2-api/3.1.4/stax2-api-3.1.4.jar:/home/alex/.m2/repository/com/fasterxml/woodstox/woodstox-core/5.0.3/woodstox-core-5.0.3.jar:/home/alex/.m2/repository/org/apache/hadoop/hadoop-archives/3.1.0/hadoop-archives-3.1.0.jar:/home/alex/.m2/repository/org/apache/hadoop/hadoop-yarn-registry/3.1.0/hadoop-yarn-registry-3.1.0.jar:/home/alex/.m2/repository/org/apache/curator/curator-client/4.2.0/curator-client-4.2.0.jar:/home/alex/.m2/repository/org/apache/curator/curator-recipes/4.2.0/curator-recipes-4.2.0.jar:/home/alex/.m2/repository/commons-daemon/commons-daemon/1.0.13/commons-daemon-1.0.13.jar:/home/alex/.m2/repository/dnsjava/dnsjava/2.1.7/dnsjava-2.1.7.jar:/home/alex/.m2/repository/org/apache/hadoop/hadoop-mapreduce-client-core/3.1.0/hadoop-mapreduce-client-core-3.1.0.jar:/home/alex/.m2/repository/org/apache/hadoop/hadoop-hdfs-client/3.1.0/hadoop-hdfs-client-3.1.0.jar:/home/alex/.m2/repository/com/squareup/okhttp/okhttp/2.7.5/okhttp-2.7.5.jar:/home/alex/.m2/repository/com/squareup/okio/okio/1.6.0/okio-1.6.0.jar:/home/alex/.m2/repository/com/google/inject/extensions/guice-servlet/4.0/guice-servlet-4.0.jar:/home/alex/.m2/repository/org/apache/hadoop/hadoop-mapreduce-client-common/3.1.0/hadoop-mapreduce-client-common-3.1.0.jar:/home/alex/.m2/repository/org/apache/hadoop/hadoop-hdfs/3.1.0/hadoop-hdfs-3.1.0.jar:/home/alex/.m2/repository/org/eclipse/jetty/jetty-util-ajax/9.3.19.v20170502/jetty-util-ajax-9.3.19.v20170502.jar:/home/alex/.m2/repository/org/fusesource/leveldbjni/leveldbjni-all/1.8/leveldbjni-all-1.8.jar:/home/alex/.m2/repository/org/apache/hadoop/hadoop-yarn-api/3.1.0/hadoop-yarn-api-3.1.0.jar:/home/alex/.m2/repository/javax/xml/bind/jaxb-api/2.2.11/jaxb-api-2.2.11.jar:/home/alex/.m2/repository/org/apache/hadoop/hadoop-yarn-common/3.1.0/hadoop-yarn-common-3.1.0.jar:/home/alex/.m2/repository/com/google/inject/guice/4.0/guice-4.0.jar:/home/alex/.m2/repository/aopalliance/aopalliance/1.0/aopalliance-1.0.jar:/home/alex/.m2/repository/com/sun/jersey/contribs/jersey-guice/1.19/jersey-guice-1.19.jar:/home/alex/.m2/repository/com/fasterxml/jackson/module/jackson-module-jaxb-annotations/2.12.0/jackson-module-jaxb-annotations-2.12.0.jar:/home/alex/.m2/repository/jakarta/xml/bind/jakarta.xml.bind-api/2.3.2/jakarta.xml.bind-api-2.3.2.jar:/home/alex/.m2/repository/jakarta/activation/jakarta.activation-api/1.2.1/jakarta.activation-api-1.2.1.jar:/home/alex/.m2/repository/org/apache/hadoop/hadoop-yarn-client/3.1.0/hadoop-yarn-client-3.1.0.jar:/home/alex/.m2/repository/org/apache/orc/orc-tools/1.6.9/orc-tools-1.6.9.jar:/home/alex/.m2/repository/com/opencsv/opencsv/3.9/opencsv-3.9.jar:/home/alex/.m2/repository/org/codehaus/jettison/jettison/1.1/jettison-1.1.jar:/home/alex/.m2/repository/org/threeten/threetenbp/1.3.5/threetenbp-1.3.5.jar:/home/alex/.m2/repository/org/apache/ivy/ivy/2.4.0/ivy-2.4.0.jar:/home/alex/.m2/repository/org/apache/thrift/libthrift/0.14.1/libthrift-0.14.1.jar:/home/alex/.m2/repository/org/apache/httpcomponents/httpcore/4.4.13/httpcore-4.4.13.jar:/home/alex/.m2/repository/org/apache/tomcat/embed/tomcat-embed-core/8.5.46/tomcat-embed-core-8.5.46.jar:/home/alex/.m2/repository/org/apache/tomcat/tomcat-annotations-api/8.5.46/tomcat-annotations-api-8.5.46.jar:/home/alex/.m2/repository/javax/annotation/javax.annotation-api/1.3.2/javax.annotation-api-1.3.2.jar:/home/alex/.m2/repository/org/apache/zookeeper/zookeeper/3.5.5/zookeeper-3.5.5.jar:/home/alex/.m2/repository/org/apache/zookeeper/zookeeper-jute/3.5.5/zookeeper-jute-3.5.5.jar:/home/alex/.m2/repository/org/apache/curator/curator-framework/4.2.0/curator-framework-4.2.0.jar:/home/alex/.m2/repository/org/apache/curator/curator-test/4.2.0/curator-test-4.2.0.jar:/home/alex/.m2/repository/org/apache/datasketches/datasketches-hive/1.1.0-incubating/datasketches-hive-1.1.0-incubating.jar:/home/alex/.m2/repository/org/apache/datasketches/datasketches-java/1.3.0-incubating/datasketches-java-1.3.0-incubating.jar:/home/alex/.m2/repository/org/apache/datasketches/datasketches-memory/1.2.0-incubating/datasketches-memory-1.2.0-incubating.jar:/home/alex/.m2/repository/org/slf4j/slf4j-simple/1.7.27/slf4j-simple-1.7.27.jar:/home/alex/.m2/repository/com/lmax/disruptor/3.3.7/disruptor-3.3.7.jar:/home/alex/.m2/repository/org/codehaus/groovy/groovy-all/2.4.11/groovy-all-2.4.11.jar:/home/alex/.m2/repository/org/jodd/jodd-util/6.0.0/jodd-util-6.0.0.jar:/home/alex/.m2/repository/com/fasterxml/jackson/core/jackson-annotations/2.12.0/jackson-annotations-2.12.0.jar:/home/alex/.m2/repository/com/fasterxml/jackson/core/jackson-core/2.12.0/jackson-core-2.12.0.jar:/home/alex/.m2/repository/com/fasterxml/jackson/core/jackson-databind/2.12.0/jackson-databind-2.12.0.jar:/home/alex/.m2/repository/com/fasterxml/jackson/dataformat/jackson-dataformat-yaml/2.12.0/jackson-dataformat-yaml-2.12.0.jar:/home/alex/.m2/repository/org/yaml/snakeyaml/1.27/snakeyaml-1.27.jar:/home/alex/.m2/repository/org/datanucleus/datanucleus-core/5.2.4/datanucleus-core-5.2.4.jar:/home/alex/.m2/repository/org/apache/calcite/calcite-core/1.25.0/calcite-core-1.25.0.jar:/home/alex/.m2/repository/org/apache/calcite/calcite-linq4j/1.25.0/calcite-linq4j-1.25.0.jar:/home/alex/.m2/repository/org/apiguardian/apiguardian-api/1.1.0/apiguardian-api-1.1.0.jar:/home/alex/.m2/repository/com/esri/geometry/esri-geometry-api/2.2.0/esri-geometry-api-2.2.0.jar:/home/alex/.m2/repository/com/yahoo/datasketches/sketches-core/0.9.0/sketches-core-0.9.0.jar:/home/alex/.m2/repository/com/yahoo/datasketches/memory/0.9.0/memory-0.9.0.jar:/home/alex/.m2/repository/org/apache/commons/commons-dbcp2/2.7.0/commons-dbcp2-2.7.0.jar:/home/alex/.m2/repository/org/apache/commons/commons-pool2/2.7.0/commons-pool2-2.7.0.jar:/home/alex/.m2/repository/org/apache/calcite/calcite-druid/1.25.0/calcite-druid-1.25.0.jar:/home/alex/.m2/repository/org/apache/calcite/avatica/avatica/1.12.0/avatica-1.12.0.jar:/home/alex/.m2/repository/com/google/guava/guava/19.0/guava-19.0.jar:/home/alex/.m2/repository/com/googlecode/javaewah/JavaEWAH/0.3.2/JavaEWAH-0.3.2.jar:/home/alex/.m2/repository/com/google/code/gson/gson/2.2.4/gson-2.2.4.jar:/home/alex/.m2/repository/com/tdunning/json/1.8/json-1.8.jar:/home/alex/.m2/repository/stax/stax-api/1.0.1/stax-api-1.0.1.jar:/home/alex/.m2/repository/net/sf/opencsv/opencsv/2.3/opencsv-2.3.jar:/home/alex/Repositories/hive/standalone-metastore/metastore-server/target/classes:/home/alex/.m2/repository/com/zaxxer/HikariCP/2.6.1/HikariCP-2.6.1.jar:/home/alex/.m2/repository/commons-beanutils/commons-beanutils/1.9.4/commons-beanutils-1.9.4.jar:/home/alex/.m2/repository/org/datanucleus/datanucleus-api-jdo/5.2.4/datanucleus-api-jdo-5.2.4.jar:/home/alex/.m2/repository/org/datanucleus/datanucleus-rdbms/5.2.4/datanucleus-rdbms-5.2.4.jar:/home/alex/.m2/repository/org/datanucleus/javax.jdo/3.2.0-release/javax.jdo-3.2.0-release.jar:/home/alex/.m2/repository/javax/transaction/javax.transaction-api/1.3/javax.transaction-api-1.3.jar:/home/alex/.m2/repository/org/glassfish/corba/glassfish-corba-omgapi/4.2.2/glassfish-corba-omgapi-4.2.2.jar:/home/alex/.m2/repository/sqlline/sqlline/1.9.0/sqlline-1.9.0.jar:/home/alex/.m2/repository/org/jline/jline-terminal/3.12.1/jline-terminal-3.12.1.jar:/home/alex/.m2/repository/org/jline/jline-reader/3.12.1/jline-reader-3.12.1.jar:/home/alex/.m2/repository/org/jline/jline-terminal-jansi/3.12.1/jline-terminal-jansi-3.12.1.jar:/home/alex/.m2/repository/org/fusesource/jansi/jansi/1.18/jansi-1.18.jar:/home/alex/.m2/repository/org/jline/jline-terminal-jna/3.12.1/jline-terminal-jna-3.12.1.jar:/home/alex/.m2/repository/net/java/dev/jna/jna/5.3.1/jna-5.3.1.jar:/home/alex/.m2/repository/org/jline/jline-builtins/3.12.1/jline-builtins-3.12.1.jar:/home/alex/.m2/repository/org/jline/jline-style/3.12.1/jline-style-3.12.1.jar:/home/alex/.m2/repository/com/cronutils/cron-utils/9.1.3/cron-utils-9.1.3.jar:/home/alex/.m2/repository/org/glassfish/javax.el/3.0.0/javax.el-3.0.0.jar:/home/alex/.m2/repository/com/oracle/database/jdbc/ojdbc8/21.3.0.0/ojdbc8-21.3.0.0.jar:/home/alex/.m2/repository/mysql/mysql-connector-java/8.0.27/mysql-connector-java-8.0.27.jar:/home/alex/.m2/repository/com/microsoft/sqlserver/mssql-jdbc/6.2.1.jre8/mssql-jdbc-6.2.1.jre8.jar:/home/alex/.m2/repository/org/postgresql/postgresql/42.2.14/postgresql-42.2.14.jar:/home/alex/Repositories/hive/common/target/test-classes:/home/alex/Repositories/hive/standalone-metastore/metastore-common/target/test-classes:/home/alex/.m2/repository/com/github/ben-manes/caffeine/caffeine/2.8.4/caffeine-2.8.4.jar:/home/alex/.m2/repository/org/checkerframework/checker-qual/3.4.0/checker-qual-3.4.0.jar:/home/alex/Repositories/hive/standalone-metastore/metastore-server/target/test-classes:/home/alex/.m2/repository/org/apache/parquet/parquet-column/1.11.1/parquet-column-1.11.1-tests.jar:/home/alex/.m2/repository/org/apache/parquet/parquet-common/1.11.1/parquet-common-1.11.1.jar:/home/alex/.m2/repository/org/apache/parquet/parquet-format-structures/1.11.1/parquet-format-structures-1.11.1.jar:/home/alex/.m2/repository/org/apache/parquet/parquet-encoding/1.11.1/parquet-encoding-1.11.1.jar:/home/alex/.m2/repository/junit/junit/4.13/junit-4.13.jar:/home/alex/.m2/repository/org/hamcrest/hamcrest-core/1.3/hamcrest-core-1.3.jar:/home/alex/.m2/repository/org/junit/jupiter/junit-jupiter-engine/5.6.2/junit-jupiter-engine-5.6.2.jar:/home/alex/.m2/repository/org/junit/platform/junit-platform-engine/1.6.2/junit-platform-engine-1.6.2.jar:/home/alex/.m2/repository/org/opentest4j/opentest4j/1.2.0/opentest4j-1.2.0.jar:/home/alex/.m2/repository/org/junit/platform/junit-platform-commons/1.6.2/junit-platform-commons-1.6.2.jar:/home/alex/.m2/repository/org/junit/jupiter/junit-jupiter-api/5.6.2/junit-jupiter-api-5.6.2.jar:/home/alex/.m2/repository/org/junit/jupiter/junit-jupiter-params/5.6.2/junit-jupiter-params-5.6.2.jar:/home/alex/.m2/repository/org/junit/vintage/junit-vintage-engine/5.6.2/junit-vintage-engine-5.6.2.jar:/home/alex/.m2/repository/org/apache/tez/tez-api/0.10.1/tez-api-0.10.1.jar:/usr/lib/jvm/java-8-openjdk-amd64/jre/../lib/tools.jar:/home/alex/.m2/repository/org/apache/tez/tez-runtime-library/0.10.1/tez-runtime-library-0.10.1.jar:/home/alex/.m2/repository/org/roaringbitmap/RoaringBitmap/0.5.21/RoaringBitmap-0.5.21.jar:/home/alex/.m2/repository/org/asynchttpclient/async-http-client/2.12.1/async-http-client-2.12.1.jar:/home/alex/.m2/repository/org/asynchttpclient/async-http-client-netty-utils/2.12.1/async-http-client-netty-utils-2.12.1.jar:/home/alex/.m2/repository/io/netty/netty-buffer/4.1.48.Final/netty-buffer-4.1.48.Final.jar:/home/alex/.m2/repository/io/netty/netty-codec-http/4.1.48.Final/netty-codec-http-4.1.48.Final.jar:/home/alex/.m2/repository/io/netty/netty-common/4.1.48.Final/netty-common-4.1.48.Final.jar:/home/alex/.m2/repository/io/netty/netty-transport/4.1.48.Final/netty-transport-4.1.48.Final.jar:/home/alex/.m2/repository/io/netty/netty-codec/4.1.48.Final/netty-codec-4.1.48.Final.jar:/home/alex/.m2/repository/io/netty/netty-handler/4.1.48.Final/netty-handler-4.1.48.Final.jar:/home/alex/.m2/repository/io/netty/netty-resolver/4.1.48.Final/netty-resolver-4.1.48.Final.jar:/home/alex/.m2/repository/io/netty/netty-codec-socks/4.1.48.Final/netty-codec-socks-4.1.48.Final.jar:/home/alex/.m2/repository/io/netty/netty-handler-proxy/4.1.48.Final/netty-handler-proxy-4.1.48.Final.jar:/home/alex/.m2/repository/io/netty/netty-transport-native-epoll/4.1.48.Final/netty-transport-native-epoll-4.1.48.Final-linux-x86_64.jar:/home/alex/.m2/repository/io/netty/netty-transport-native-unix-common/4.1.48.Final/netty-transport-native-unix-common-4.1.48.Final.jar:/home/alex/.m2/repository/io/netty/netty-transport-native-kqueue/4.1.48.Final/netty-transport-native-kqueue-4.1.48.Final-osx-x86_64.jar:/home/alex/.m2/repository/org/reactivestreams/reactive-streams/1.0.3/reactive-streams-1.0.3.jar:/home/alex/.m2/repository/com/typesafe/netty/netty-reactive-streams/2.0.4/netty-reactive-streams-2.0.4.jar:/home/alex/.m2/repository/com/sun/activation/javax.activation/1.2.0/javax.activation-1.2.0.jar:/home/alex/.m2/repository/org/apache/tez/tez-common/0.10.1/tez-common-0.10.1.jar:/home/alex/.m2/repository/org/apache/tez/tez-runtime-internals/0.10.1/tez-runtime-internals-0.10.1.jar:/home/alex/.m2/repository/org/apache/tez/hadoop-shim/0.10.1/hadoop-shim-0.10.1.jar:/home/alex/.m2/repository/org/apache/tez/tez-mapreduce/0.10.1/tez-mapreduce-0.10.1.jar:/home/alex/.m2/repository/org/apache/tez/tez-dag/0.10.1/tez-dag-0.10.1.jar:/home/alex/.m2/repository/org/apache/hadoop/hadoop-yarn-server-web-proxy/3.1.0/hadoop-yarn-server-web-proxy-3.1.0.jar:/home/alex/.m2/repository/org/apache/hadoop/hadoop-yarn-server-common/3.1.0/hadoop-yarn-server-common-3.1.0.jar:/home/alex/.m2/repository/org/apache/geronimo/specs/geronimo-jcache_1.0_spec/1.0-alpha-1/geronimo-jcache_1.0_spec-1.0-alpha-1.jar:/home/alex/.m2/repository/org/ehcache/ehcache/3.3.1/ehcache-3.3.1.jar:/home/alex/.m2/repository/com/zaxxer/HikariCP-java7/2.4.12/HikariCP-java7-2.4.12.jar:/home/alex/.m2/repository/org/apache/spark/spark-core_2.12/2.4.5/spark-core_2.12-2.4.5.jar:/home/alex/.m2/repository/com/twitter/chill_2.12/0.9.3/chill_2.12-0.9.3.jar:/home/alex/.m2/repository/com/twitter/chill-java/0.9.3/chill-java-0.9.3.jar:/home/alex/.m2/repository/org/apache/xbean/xbean-asm6-shaded/4.8/xbean-asm6-shaded-4.8.jar:/home/alex/.m2/repository/org/apache/hadoop/hadoop-client/3.1.0/hadoop-client-3.1.0.jar:/home/alex/.m2/repository/org/apache/hadoop/hadoop-mapreduce-client-jobclient/3.1.0/hadoop-mapreduce-client-jobclient-3.1.0.jar:/home/alex/.m2/repository/org/apache/spark/spark-launcher_2.12/2.4.5/spark-launcher_2.12-2.4.5.jar:/home/alex/.m2/repository/org/apache/spark/spark-kvstore_2.12/2.4.5/spark-kvstore_2.12-2.4.5.jar:/home/alex/.m2/repository/org/apache/spark/spark-network-common_2.12/2.4.5/spark-network-common_2.12-2.4.5.jar:/home/alex/.m2/repository/org/apache/spark/spark-network-shuffle_2.12/2.4.5/spark-network-shuffle_2.12-2.4.5.jar:/home/alex/.m2/repository/org/apache/spark/spark-unsafe_2.12/2.4.5/spark-unsafe_2.12-2.4.5.jar:/home/alex/.m2/repository/javax/activation/activation/1.1.1/activation-1.1.1.jar:/home/alex/.m2/repository/org/slf4j/jul-to-slf4j/1.7.16/jul-to-slf4j-1.7.16.jar:/home/alex/.m2/repository/org/slf4j/jcl-over-slf4j/1.7.16/jcl-over-slf4j-1.7.16.jar:/home/alex/.m2/repository/com/ning/compress-lzf/1.0.3/compress-lzf-1.0.3.jar:/home/alex/.m2/repository/org/lz4/lz4-java/1.4.0/lz4-java-1.4.0.jar:/home/alex/.m2/repository/com/github/luben/zstd-jni/1.3.2-2/zstd-jni-1.3.2-2.jar:/home/alex/.m2/repository/org/scala-lang/scala-library/2.12.10/scala-library-2.12.10.jar:/home/alex/.m2/repository/org/json4s/json4s-jackson_2.12/3.5.3/json4s-jackson_2.12-3.5.3.jar:/home/alex/.m2/repository/org/json4s/json4s-core_2.12/3.5.3/json4s-core_2.12-3.5.3.jar:/home/alex/.m2/repository/org/json4s/json4s-ast_2.12/3.5.3/json4s-ast_2.12-3.5.3.jar:/home/alex/.m2/repository/org/json4s/json4s-scalap_2.12/3.5.3/json4s-scalap_2.12-3.5.3.jar:/home/alex/.m2/repository/org/scala-lang/modules/scala-xml_2.12/1.0.6/scala-xml_2.12-1.0.6.jar:/home/alex/.m2/repository/com/clearspring/analytics/stream/2.7.0/stream-2.7.0.jar:/home/alex/.m2/repository/io/dropwizard/metrics/metrics-graphite/3.1.5/metrics-graphite-3.1.5.jar:/home/alex/.m2/repository/oro/oro/2.0.8/oro-2.0.8.jar:/home/alex/.m2/repository/net/razorvine/pyrolite/4.13/pyrolite-4.13.jar:/home/alex/.m2/repository/net/sf/py4j/py4j/0.10.7/py4j-0.10.7.jar:/home/alex/.m2/repository/org/apache/spark/spark-tags_2.12/2.4.5/spark-tags_2.12-2.4.5.jar:/home/alex/.m2/repository/org/spark-project/spark/unused/1.0.0/unused-1.0.0.jar:/home/alex/.m2/repository/com/sun/jersey/jersey-servlet/1.19/jersey-servlet-1.19.jar:/home/alex/.m2/repository/org/glassfish/jersey/core/jersey-server/2.22.2/jersey-server-2.22.2.jar:/home/alex/.m2/repository/org/glassfish/jersey/core/jersey-common/2.22.2/jersey-common-2.22.2.jar:/home/alex/.m2/repository/org/glassfish/jersey/bundles/repackaged/jersey-guava/2.22.2/jersey-guava-2.22.2.jar:/home/alex/.m2/repository/org/glassfish/hk2/osgi-resource-locator/1.0.1/osgi-resource-locator-1.0.1.jar:/home/alex/.m2/repository/org/glassfish/jersey/core/jersey-client/2.22.2/jersey-client-2.22.2.jar:/home/alex/.m2/repository/javax/ws/rs/javax.ws.rs-api/2.0.1/javax.ws.rs-api-2.0.1.jar:/home/alex/.m2/repository/org/glassfish/jersey/media/jersey-media-jaxb/2.22.2/jersey-media-jaxb-2.22.2.jar:/home/alex/.m2/repository/org/glassfish/hk2/hk2-api/2.4.0-b34/hk2-api-2.4.0-b34.jar:/home/alex/.m2/repository/org/glassfish/hk2/hk2-utils/2.4.0-b34/hk2-utils-2.4.0-b34.jar:/home/alex/.m2/repository/org/glassfish/hk2/external/aopalliance-repackaged/2.4.0-b34/aopalliance-repackaged-2.4.0-b34.jar:/home/alex/.m2/repository/org/glassfish/hk2/external/javax.inject/2.4.0-b34/javax.inject-2.4.0-b34.jar:/home/alex/.m2/repository/org/glassfish/hk2/hk2-locator/2.4.0-b34/hk2-locator-2.4.0-b34.jar:/home/alex/.m2/repository/javax/validation/validation-api/1.1.0.Final/validation-api-1.1.0.Final.jar:/home/alex/.m2/repository/org/glassfish/jersey/containers/jersey-container-servlet-core/2.22.2/jersey-container-servlet-core-2.22.2.jar:/home/alex/.m2/repository/org/hamcrest/hamcrest-all/1.3/hamcrest-all-1.3.jar:/home/alex/.m2/repository/org/powermock/powermock-module-junit4/2.0.2/powermock-module-junit4-2.0.2.jar:/home/alex/.m2/repository/org/powermock/powermock-module-junit4-common/2.0.2/powermock-module-junit4-common-2.0.2.jar:/home/alex/.m2/repository/org/powermock/powermock-reflect/2.0.2/powermock-reflect-2.0.2.jar:/home/alex/.m2/repository/org/powermock/powermock-core/2.0.2/powermock-core-2.0.2.jar:/home/alex/.m2/repository/org/powermock/powermock-api-mockito2/2.0.2/powermock-api-mockito2-2.0.2.jar:/home/alex/.m2/repository/org/powermock/powermock-api-support/2.0.2/powermock-api-support-2.0.2.jar:/home/alex/.m2/repository/com/google/guava/guava-testlib/19.0/guava-testlib-19.0.jar:/home/alex/.m2/repository/com/google/errorprone/error_prone_annotations/2.0.2/error_prone_annotations-2.0.2.jar:/home/alex/.m2/repository/com/google/re2j/re2j/1.2/re2j-1.2.jar:/home/alex/.m2/repository/org/reflections/reflections/0.9.10/reflections-0.9.10.jar:/home/alex/.m2/repository/org/javassist/javassist/3.19.0-GA/javassist-3.19.0-GA.jar:/home/alex/.m2/repository/com/jayway/jsonpath/json-path/2.4.0/json-path-2.4.0.jar:/home/alex/.m2/repository/net/minidev/json-smart/2.3/json-smart-2.3.jar:/home/alex/.m2/repository/net/minidev/accessors-smart/1.2/accessors-smart-1.2.jar:/home/alex/.m2/repository/org/ow2/asm/asm/5.0.4/asm-5.0.4.jar:/home/alex/.m2/repository/org/codehaus/janino/commons-compiler/3.0.11/commons-compiler-3.0.11.jar:/home/alex/.m2/repository/org/codehaus/janino/janino/3.0.11/janino-3.0.11.jar:/home/alex/.m2/repository/com/sun/jersey/contribs/jersey-multipart/1.19/jersey-multipart-1.19.jar:/home/alex/.m2/repository/org/jvnet/mimepull/mimepull/1.9.3/mimepull-1.9.3.jar:/home/alex/.m2/repository/org/apache/kafka/kafka-clients/2.5.0/kafka-clients-2.5.0.jar:/home/alex/.m2/repository/org/slf4j/slf4j-api/1.7.30/slf4j-api-1.7.30.jar:/home/alex/.m2/repository/org/mockito/mockito-core/3.4.4/mockito-core-3.4.4.jar:/home/alex/.m2/repository/net/bytebuddy/byte-buddy/1.10.13/byte-buddy-1.10.13.jar:/home/alex/.m2/repository/net/bytebuddy/byte-buddy-agent/1.10.13/byte-buddy-agent-1.10.13.jar:/home/alex/Repositories/hive/ql/target/testconf:/home/alex/Repositories/hive/ql/../conf:"/>
    <property name="sun.cpu.endian" value="little"/>
    <property name="user.home" value="/home/alex"/>
    <property name="user.language" value="en"/>
    <property name="java.security.krb5.conf" value="/home/alex/Repositories/hive/ql/target/testconf/krb5.conf"/>
    <property name="test.dfs.mkdir" value=""/>
    <property name="java.awt.graphicsenv" value="sun.awt.X11GraphicsEnvironment"/>
    <property name="nondexFilter" value=".*"/>
    <property name="nondexSeed" value="974622"/>
    <property name="surefire.real.class.path" value="/home/alex/Repositories/hive/ql/target/surefire/surefirebooter8920794697043284699.jar"/>
    <property name="hadoop.log.dir" value="/home/alex/Repositories/hive/ql/target/tmp"/>
    <property name="java.net.preferIPv4Stack" value="true"/>
    <property name="path.separator" value=":"/>
    <property name="os.version" value="6.5.0-28-generic"/>
    <property name="java.endorsed.dirs" value="/usr/lib/jvm/java-8-openjdk-amd64/jre/lib/endorsed"/>
    <property name="java.runtime.name" value="OpenJDK Runtime Environment"/>
    <property name="hive.test.console.log.level" value="INFO"/>
    <property name="java.vm.name" value="OpenJDK 64-Bit Server VM"/>
    <property name="java.vendor.url.bug" value="http://bugreport.sun.com/bugreport/"/>
    <property name="maven.local.repository" value="/home/alex/.m2/repository"/>
    <property name="user.dir" value="/home/alex/Repositories/hive/ql"/>
    <property name="os.arch" value="amd64"/>
    <property name="nondexMode" value="FULL"/>
    <property name="user.language.format" value="pt"/>
    <property name="antlr.version" value="3.5.2"/>
    <property name="derby.version" value="10.14.1.0"/>
    <property name="java.vm.info" value="mixed mode"/>
    <property name="java.vm.version" value="25.402-b06"/>
    <property name="java.ext.dirs" value="/usr/lib/jvm/java-8-openjdk-amd64/jre/lib/ext:/usr/java/packages/lib/ext"/>
    <property name="test.output.overwrite" value=""/>
    <property name="java.class.version" value="52.0"/>
    <property name="hive.root" value="/home/alex/Repositories/hive/ql/../"/>
  </properties>
  <testcase name="testSimpleCase" classname="org.apache.hadoop.hive.ql.optimizer.calcite.rules.TestHivePointLookupOptimizerRule" time="3.148">
    <failure type="org.junit.ComparisonFailure"><![CDATA[org.junit.ComparisonFailure: expected:<AND(IN($[0], 1, 2), IN($1, 3, 4...> but was:<AND(IN($[3], 1, 2), IN($1, 3, 4...>
	at org.junit.Assert.assertEquals(Assert.java:117)
	at org.junit.Assert.assertEquals(Assert.java:146)
	at org.apache.hadoop.hive.ql.optimizer.calcite.rules.TestHivePointLookupOptimizerRule.testSimpleCase(TestHivePointLookupOptimizerRule.java:132)
	at sun.reflect.NativeMethodAccessorImpl.invoke0(Native Method)
	at sun.reflect.NativeMethodAccessorImpl.invoke(NativeMethodAccessorImpl.java:62)
	at sun.reflect.DelegatingMethodAccessorImpl.invoke(DelegatingMethodAccessorImpl.java:43)
	at java.lang.reflect.Method.invoke(Method.java:498)
	at org.junit.runners.model.FrameworkMethod$1.runReflectiveCall(FrameworkMethod.java:59)
	at org.junit.internal.runners.model.ReflectiveCallable.run(ReflectiveCallable.java:12)
	at org.junit.runners.model.FrameworkMethod.invokeExplosively(FrameworkMethod.java:56)
	at org.junit.internal.runners.statements.InvokeMethod.evaluate(InvokeMethod.java:17)
	at org.junit.internal.runners.statements.RunBefores.evaluate(RunBefores.java:26)
	at org.mockito.internal.runners.DefaultInternalRunner$1$1.evaluate(DefaultInternalRunner.java:54)
	at org.junit.runners.ParentRunner$3.evaluate(ParentRunner.java:306)
	at org.junit.runners.BlockJUnit4ClassRunner$1.evaluate(BlockJUnit4ClassRunner.java:100)
	at org.junit.runners.ParentRunner.runLeaf(ParentRunner.java:366)
	at org.junit.runners.BlockJUnit4ClassRunner.runChild(BlockJUnit4ClassRunner.java:103)
	at org.junit.runners.BlockJUnit4ClassRunner.runChild(BlockJUnit4ClassRunner.java:63)
	at org.junit.runners.ParentRunner$4.run(ParentRunner.java:331)
	at org.junit.runners.ParentRunner$1.schedule(ParentRunner.java:79)
	at org.junit.runners.ParentRunner.runChildren(ParentRunner.java:329)
	at org.junit.runners.ParentRunner.access$100(ParentRunner.java:66)
	at org.junit.runners.ParentRunner$2.evaluate(ParentRunner.java:293)
	at org.junit.runners.ParentRunner$3.evaluate(ParentRunner.java:306)
	at org.junit.runners.ParentRunner.run(ParentRunner.java:413)
	at org.mockito.internal.runners.DefaultInternalRunner$1.run(DefaultInternalRunner.java:99)
	at org.mockito.internal.runners.DefaultInternalRunner.run(DefaultInternalRunner.java:105)
	at org.mockito.internal.runners.StrictRunner.run(StrictRunner.java:40)
	at org.mockito.junit.MockitoJUnitRunner.run(MockitoJUnitRunner.java:163)
	at org.junit.runner.JUnitCore.run(JUnitCore.java:137)
	at org.junit.runner.JUnitCore.run(JUnitCore.java:115)
	at org.junit.vintage.engine.execution.RunnerExecutor.execute(RunnerExecutor.java:43)
	at java.util.stream.ForEachOps$ForEachOp$OfRef.accept(ForEachOps.java:183)
	at java.util.stream.ReferencePipeline$3$1.accept(ReferencePipeline.java:193)
	at java.util.Iterator.forEachRemaining(Iterator.java:116)
	at java.util.Spliterators$IteratorSpliterator.forEachRemaining(Spliterators.java:1801)
	at java.util.stream.AbstractPipeline.copyInto(AbstractPipeline.java:482)
	at java.util.stream.AbstractPipeline.wrapAndCopyInto(AbstractPipeline.java:472)
	at java.util.stream.ForEachOps$ForEachOp.evaluateSequential(ForEachOps.java:150)
	at java.util.stream.ForEachOps$ForEachOp$OfRef.evaluateSequential(ForEachOps.java:173)
	at java.util.stream.AbstractPipeline.evaluate(AbstractPipeline.java:234)
	at java.util.stream.ReferencePipeline.forEach(ReferencePipeline.java:485)
	at org.junit.vintage.engine.VintageTestEngine.executeAllChildren(VintageTestEngine.java:82)
	at org.junit.vintage.engine.VintageTestEngine.execute(VintageTestEngine.java:73)
	at org.junit.platform.launcher.core.DefaultLauncher.execute(DefaultLauncher.java:248)
	at org.junit.platform.launcher.core.DefaultLauncher.lambda$execute$5(DefaultLauncher.java:211)
	at org.junit.platform.launcher.core.DefaultLauncher.withInterceptedStreams(DefaultLauncher.java:226)
	at org.junit.platform.launcher.core.DefaultLauncher.execute(DefaultLauncher.java:199)
	at org.junit.platform.launcher.core.DefaultLauncher.execute(DefaultLauncher.java:132)
	at org.apache.maven.surefire.junitplatform.JUnitPlatformProvider.invokeAllTests(JUnitPlatformProvider.java:154)
	at org.apache.maven.surefire.junitplatform.JUnitPlatformProvider.invoke(JUnitPlatformProvider.java:123)
	at org.apache.maven.surefire.booter.ForkedBooter.runSuitesInProcess(ForkedBooter.java:377)
	at org.apache.maven.surefire.booter.ForkedBooter.execute(ForkedBooter.java:138)
	at org.apache.maven.surefire.booter.ForkedBooter.run(ForkedBooter.java:465)
	at org.apache.maven.surefire.booter.ForkedBooter.main(ForkedBooter.java:451)
]]></failure>
    <system-err><![CDATA[SLF4J: Class path contains multiple SLF4J bindings.
SLF4J: Found binding in [jar:file:/home/alex/.m2/repository/org/apache/logging/log4j/log4j-slf4j-impl/2.13.2/log4j-slf4j-impl-2.13.2.jar!/org/slf4j/impl/StaticLoggerBinder.class]
SLF4J: Found binding in [jar:file:/home/alex/.m2/repository/org/slf4j/slf4j-simple/1.7.27/slf4j-simple-1.7.27.jar!/org/slf4j/impl/StaticLoggerBinder.class]
SLF4J: See http://www.slf4j.org/codes.html#multiple_bindings for an explanation.
SLF4J: Actual binding is of type [org.apache.logging.slf4j.Log4jLoggerFactory]
DEBUG StatusLogger Using ShutdownCallbackRegistry class org.apache.logging.log4j.core.util.DefaultShutdownCallbackRegistry
DEBUG StatusLogger Took 0,093000 seconds to load 250 plugins from sun.misc.Launcher$AppClassLoader@330bedb4
DEBUG StatusLogger PluginManager 'Converter' found 46 plugins
DEBUG StatusLogger Starting OutputStreamManager SYSTEM_OUT.false.false-1
DEBUG StatusLogger Starting LoggerContext[name=330bedb4, org.apache.logging.log4j.core.LoggerContext@18e8473e]...
DEBUG StatusLogger Reconfiguration started for context[name=330bedb4] at URI null (org.apache.logging.log4j.core.LoggerContext@18e8473e) with optional ClassLoader: null
DEBUG StatusLogger PluginManager 'ConfigurationFactory' found 6 plugins
DEBUG StatusLogger Using configurationFactory org.apache.logging.log4j.core.config.ConfigurationFactory$Factory@3f3c966c
DEBUG StatusLogger Apache Log4j Core 2.13.2 initializing configuration org.apache.logging.log4j.core.config.properties.PropertiesConfiguration@17ae98d7
DEBUG StatusLogger Installed 2 script engines
DEBUG StatusLogger Oracle Nashorn version: 1.8.0_402, language: ECMAScript, threading: Not Thread Safe, compile: true, names: [nashorn, Nashorn, js, JS, JavaScript, javascript, ECMAScript, ecmascript], factory class: jdk.nashorn.api.scripting.NashornScriptEngineFactory
DEBUG StatusLogger Groovy Scripting Engine version: 2.0, language: Groovy, threading: MULTITHREADED, compile: true, names: [groovy, Groovy], factory class: org.codehaus.groovy.jsr223.GroovyScriptEngineFactory
INFO StatusLogger Scanning for classes in '/home/alex/Repositories/hive/ql/target/test-classes/org/apache/hadoop/hive/ql/log' matching criteria annotated with @Plugin
DEBUG StatusLogger Checking to see if class org.apache.hadoop.hive.ql.log.TestLog4j2Appenders matches criteria annotated with @Plugin
DEBUG StatusLogger Checking to see if class org.apache.hadoop.hive.ql.log.TestSyslogInputFormat matches criteria annotated with @Plugin
DEBUG StatusLogger Checking to see if class org.apache.hadoop.hive.ql.log.TestSlidingFilenameRolloverStrategy matches criteria annotated with @Plugin
INFO StatusLogger Scanning for classes in '/home/alex/Repositories/hive/ql/target/classes/org/apache/hadoop/hive/ql/log' matching criteria annotated with @Plugin
DEBUG StatusLogger Checking to see if class org.apache.hadoop.hive.ql.log.LogDivertAppenderForTest$TestFilter matches criteria annotated with @Plugin
DEBUG StatusLogger Checking to see if class org.apache.hadoop.hive.ql.log.HushableRandomAccessFileAppender matches criteria annotated with @Plugin
DEBUG StatusLogger Checking to see if class org.apache.hadoop.hive.ql.log.HiveEventCounter matches criteria annotated with @Plugin
DEBUG StatusLogger Checking to see if class org.apache.hadoop.hive.ql.log.LogDivertAppender matches criteria annotated with @Plugin
DEBUG StatusLogger Checking to see if class org.apache.hadoop.hive.ql.log.NullAppender matches criteria annotated with @Plugin
DEBUG StatusLogger Checking to see if class org.apache.hadoop.hive.ql.log.PidFilePatternConverter matches criteria annotated with @Plugin
DEBUG StatusLogger Checking to see if class org.apache.hadoop.hive.ql.log.HiveEventCounter$EventCounts matches criteria annotated with @Plugin
DEBUG StatusLogger Checking to see if class org.apache.hadoop.hive.ql.log.LogDivertAppender$NameFilter matches criteria annotated with @Plugin
DEBUG StatusLogger Checking to see if class org.apache.hadoop.hive.ql.log.SlidingFilenameRolloverStrategy matches criteria annotated with @Plugin
DEBUG StatusLogger Checking to see if class org.apache.hadoop.hive.ql.log.syslog.SyslogParser matches criteria annotated with @Plugin
DEBUG StatusLogger Checking to see if class org.apache.hadoop.hive.ql.log.syslog.SyslogStorageHandler matches criteria annotated with @Plugin
DEBUG StatusLogger Checking to see if class org.apache.hadoop.hive.ql.log.syslog.SyslogInputFormat matches criteria annotated with @Plugin
DEBUG StatusLogger Checking to see if class org.apache.hadoop.hive.ql.log.syslog.SyslogSerDe matches criteria annotated with @Plugin
DEBUG StatusLogger Checking to see if class org.apache.hadoop.hive.ql.log.syslog.SyslogInputFormat$Location matches criteria annotated with @Plugin
DEBUG StatusLogger Checking to see if class org.apache.hadoop.hive.ql.log.HiveEventCounter$1 matches criteria annotated with @Plugin
DEBUG StatusLogger Checking to see if class org.apache.hadoop.hive.ql.log.SlidingFilenameRolloverStrategy$1 matches criteria annotated with @Plugin
DEBUG StatusLogger Checking to see if class org.apache.hadoop.hive.ql.log.LogDivertAppenderForTest matches criteria annotated with @Plugin
DEBUG StatusLogger Checking to see if class org.apache.hadoop.hive.ql.log.HushableRandomAccessFileAppender$1 matches criteria annotated with @Plugin
INFO StatusLogger Scanning for classes in '/home/alex/Repositories/hive/common/target/classes/org/apache/hadoop/hive/ql/log' matching criteria annotated with @Plugin
DEBUG StatusLogger Checking to see if class org.apache.hadoop.hive.ql.log.PerfLogger matches criteria annotated with @Plugin
DEBUG StatusLogger Took 0,020190 seconds to load 7 plugins from package org.apache.hadoop.hive.ql.log
DEBUG StatusLogger PluginManager 'Core' found 132 plugins
DEBUG StatusLogger PluginManager 'Level' found 0 plugins
DEBUG StatusLogger Building Plugin[name=property, class=org.apache.logging.log4j.core.config.Property].
TRACE StatusLogger TypeConverterRegistry initializing.
DEBUG StatusLogger PluginManager 'TypeConverter' found 26 plugins
DEBUG StatusLogger createProperty(name="hive.log.file", value="hive.log")
DEBUG StatusLogger Building Plugin[name=property, class=org.apache.logging.log4j.core.config.Property].
DEBUG StatusLogger createProperty(name="hive.log.dir", value="/home/alex/Repositories/hive/ql/target/tmp/log")
DEBUG StatusLogger Building Plugin[name=property, class=org.apache.logging.log4j.core.config.Property].
DEBUG StatusLogger createProperty(name="hive.root.logger", value="DRFA")
DEBUG StatusLogger Building Plugin[name=property, class=org.apache.logging.log4j.core.config.Property].
DEBUG StatusLogger createProperty(name="hive.log.level", value="DEBUG")
DEBUG StatusLogger Building Plugin[name=property, class=org.apache.logging.log4j.core.config.Property].
DEBUG StatusLogger createProperty(name="hive.test.console.log.level", value="INFO")
DEBUG StatusLogger Building Plugin[name=properties, class=org.apache.logging.log4j.core.config.PropertiesPlugin].
DEBUG StatusLogger configureSubstitutor(={hive.log.file=hive.log, hive.log.dir=/home/alex/Repositories/hive/ql/target/tmp/log, hive.root.logger=DRFA, hive.log.level=DEBUG, hive.test.console.log.level=INFO}, Configuration(HiveLog4j2Test))
DEBUG StatusLogger PluginManager 'Lookup' found 17 plugins
DEBUG StatusLogger Building Plugin[name=logger, class=org.apache.logging.log4j.core.config.LoggerConfig].
DEBUG StatusLogger createLogger(additivity="true", level="WARN", name="org.apache.hadoop.ipc", includeLocation="null", ={}, ={}, Configuration(HiveLog4j2Test), Filter=null)
DEBUG StatusLogger Building Plugin[name=logger, class=org.apache.logging.log4j.core.config.LoggerConfig].
DEBUG StatusLogger createLogger(additivity="true", level="INFO", name="org.apache.hadoop.security", includeLocation="null", ={}, ={}, Configuration(HiveLog4j2Test), Filter=null)
DEBUG StatusLogger Building Plugin[name=logger, class=org.apache.logging.log4j.core.config.LoggerConfig].
DEBUG StatusLogger createLogger(additivity="true", level="INFO", name="org.apache.hadoop.hdfs", includeLocation="null", ={}, ={}, Configuration(HiveLog4j2Test), Filter=null)
DEBUG StatusLogger Building Plugin[name=logger, class=org.apache.logging.log4j.core.config.LoggerConfig].
DEBUG StatusLogger createLogger(additivity="true", level="WARN", name="org.apache.hadoop.hdfs.server", includeLocation="null", ={}, ={}, Configuration(HiveLog4j2Test), Filter=null)
DEBUG StatusLogger Building Plugin[name=logger, class=org.apache.logging.log4j.core.config.LoggerConfig].
DEBUG StatusLogger createLogger(additivity="true", level="INFO", name="org.apache.hadoop.metrics2", includeLocation="null", ={}, ={}, Configuration(HiveLog4j2Test), Filter=null)
DEBUG StatusLogger Building Plugin[name=logger, class=org.apache.logging.log4j.core.config.LoggerConfig].
DEBUG StatusLogger createLogger(additivity="true", level="INFO", name="org.mortbay", includeLocation="null", ={}, ={}, Configuration(HiveLog4j2Test), Filter=null)
DEBUG StatusLogger Building Plugin[name=logger, class=org.apache.logging.log4j.core.config.LoggerConfig].
DEBUG StatusLogger createLogger(additivity="true", level="INFO", name="org.apache.hadoop.yarn", includeLocation="null", ={}, ={}, Configuration(HiveLog4j2Test), Filter=null)
DEBUG StatusLogger Building Plugin[name=logger, class=org.apache.logging.log4j.core.config.LoggerConfig].
DEBUG StatusLogger createLogger(additivity="true", level="WARN", name="org.apache.hadoop.yarn.server", includeLocation="null", ={}, ={}, Configuration(HiveLog4j2Test), Filter=null)
DEBUG StatusLogger Building Plugin[name=logger, class=org.apache.logging.log4j.core.config.LoggerConfig].
DEBUG StatusLogger createLogger(additivity="true", level="INFO", name="org.apache.tez", includeLocation="null", ={}, ={}, Configuration(HiveLog4j2Test), Filter=null)
DEBUG StatusLogger Building Plugin[name=logger, class=org.apache.logging.log4j.core.config.LoggerConfig].
DEBUG StatusLogger createLogger(additivity="true", level="ERROR", name="org.apache.hadoop.conf.Configuration", includeLocation="null", ={}, ={}, Configuration(HiveLog4j2Test), Filter=null)
DEBUG StatusLogger Building Plugin[name=logger, class=org.apache.logging.log4j.core.config.LoggerConfig].
DEBUG StatusLogger createLogger(additivity="true", level="INFO", name="org.apache.zookeeper", includeLocation="null", ={}, ={}, Configuration(HiveLog4j2Test), Filter=null)
DEBUG StatusLogger Building Plugin[name=logger, class=org.apache.logging.log4j.core.config.LoggerConfig].
DEBUG StatusLogger createLogger(additivity="true", level="WARN", name="org.apache.zookeeper.server.ServerCnxn", includeLocation="null", ={}, ={}, Configuration(HiveLog4j2Test), Filter=null)
DEBUG StatusLogger Building Plugin[name=logger, class=org.apache.logging.log4j.core.config.LoggerConfig].
DEBUG StatusLogger createLogger(additivity="true", level="WARN", name="org.apache.zookeeper.server.NIOServerCnxn", includeLocation="null", ={}, ={}, Configuration(HiveLog4j2Test), Filter=null)
DEBUG StatusLogger Building Plugin[name=logger, class=org.apache.logging.log4j.core.config.LoggerConfig].
DEBUG StatusLogger createLogger(additivity="true", level="WARN", name="org.apache.zookeeper.ClientCnxn", includeLocation="null", ={}, ={}, Configuration(HiveLog4j2Test), Filter=null)
DEBUG StatusLogger Building Plugin[name=logger, class=org.apache.logging.log4j.core.config.LoggerConfig].
DEBUG StatusLogger createLogger(additivity="true", level="WARN", name="org.apache.zookeeper.ClientCnxnSocket", includeLocation="null", ={}, ={}, Configuration(HiveLog4j2Test), Filter=null)
DEBUG StatusLogger Building Plugin[name=logger, class=org.apache.logging.log4j.core.config.LoggerConfig].
DEBUG StatusLogger createLogger(additivity="true", level="WARN", name="org.apache.zookeeper.ClientCnxnSocketNIO", includeLocation="null", ={}, ={}, Configuration(HiveLog4j2Test), Filter=null)
DEBUG StatusLogger Building Plugin[name=logger, class=org.apache.logging.log4j.core.config.LoggerConfig].
DEBUG StatusLogger createLogger(additivity="true", level="ERROR", name="DataNucleus", includeLocation="null", ={}, ={}, Configuration(HiveLog4j2Test), Filter=null)
DEBUG StatusLogger Building Plugin[name=logger, class=org.apache.logging.log4j.core.config.LoggerConfig].
DEBUG StatusLogger createLogger(additivity="true", level="ERROR", name="Datastore", includeLocation="null", ={}, ={}, Configuration(HiveLog4j2Test), Filter=null)
DEBUG StatusLogger Building Plugin[name=logger, class=org.apache.logging.log4j.core.config.LoggerConfig].
DEBUG StatusLogger createLogger(additivity="true", level="ERROR", name="JPOX", includeLocation="null", ={}, ={}, Configuration(HiveLog4j2Test), Filter=null)
DEBUG StatusLogger Building Plugin[name=logger, class=org.apache.logging.log4j.core.config.LoggerConfig].
DEBUG StatusLogger createLogger(additivity="true", level="INFO", name="org.apache.hadoop.hive.ql.exec.Operator", includeLocation="null", ={}, ={}, Configuration(HiveLog4j2Test), Filter=null)
DEBUG StatusLogger Building Plugin[name=logger, class=org.apache.logging.log4j.core.config.LoggerConfig].
DEBUG StatusLogger createLogger(additivity="true", level="INFO", name="org.apache.hadoop.hive.serde2.lazy", includeLocation="null", ={}, ={}, Configuration(HiveLog4j2Test), Filter=null)
DEBUG StatusLogger Building Plugin[name=logger, class=org.apache.logging.log4j.core.config.LoggerConfig].
DEBUG StatusLogger createLogger(additivity="true", level="INFO", name="org.apache.hadoop.hive.metastore.ObjectStore", includeLocation="null", ={}, ={}, Configuration(HiveLog4j2Test), Filter=null)
DEBUG StatusLogger Building Plugin[name=logger, class=org.apache.logging.log4j.core.config.LoggerConfig].
DEBUG StatusLogger createLogger(additivity="true", level="INFO", name="org.apache.calcite.plan.RelOptPlanner", includeLocation="null", ={}, ={}, Configuration(HiveLog4j2Test), Filter=null)
DEBUG StatusLogger Building Plugin[name=logger, class=org.apache.logging.log4j.core.config.LoggerConfig].
DEBUG StatusLogger createLogger(additivity="true", level="INFO", name="com.amazonaws", includeLocation="null", ={}, ={}, Configuration(HiveLog4j2Test), Filter=null)
DEBUG StatusLogger Building Plugin[name=logger, class=org.apache.logging.log4j.core.config.LoggerConfig].
DEBUG StatusLogger createLogger(additivity="true", level="INFO", name="org.apache.http", includeLocation="null", ={}, ={}, Configuration(HiveLog4j2Test), Filter=null)
DEBUG StatusLogger Building Plugin[name=logger, class=org.apache.logging.log4j.core.config.LoggerConfig].
DEBUG StatusLogger createLogger(additivity="true", level="WARN", name="org.apache.thrift", includeLocation="null", ={}, ={}, Configuration(HiveLog4j2Test), Filter=null)
DEBUG StatusLogger Building Plugin[name=logger, class=org.apache.logging.log4j.core.config.LoggerConfig].
DEBUG StatusLogger createLogger(additivity="true", level="WARN", name="org.eclipse.jetty", includeLocation="null", ={}, ={}, Configuration(HiveLog4j2Test), Filter=null)
DEBUG StatusLogger Building Plugin[name=logger, class=org.apache.logging.log4j.core.config.LoggerConfig].
DEBUG StatusLogger createLogger(additivity="true", level="WARN", name="BlockStateChange", includeLocation="null", ={}, ={}, Configuration(HiveLog4j2Test), Filter=null)
DEBUG StatusLogger Building Plugin[name=logger, class=org.apache.logging.log4j.core.config.LoggerConfig].
DEBUG StatusLogger createLogger(additivity="true", level="DEBUG", name="org.apache.hadoop.hive.ql.optimizer.SharedWorkOptimizer", includeLocation="null", ={}, ={}, Configuration(HiveLog4j2Test), Filter=null)
DEBUG StatusLogger Building Plugin[name=AppenderRef, class=org.apache.logging.log4j.core.config.AppenderRef].
DEBUG StatusLogger createAppenderRef(ref="console", level="INFO", Filter=null)
DEBUG StatusLogger Building Plugin[name=AppenderRef, class=org.apache.logging.log4j.core.config.AppenderRef].
DEBUG StatusLogger createAppenderRef(ref="DRFA", level="null", Filter=null)
DEBUG StatusLogger Building Plugin[name=root, class=org.apache.logging.log4j.core.config.LoggerConfig$RootLogger].
DEBUG StatusLogger createLogger(additivity="null", level="DEBUG", includeLocation="null", ={console, DRFA}, ={}, Configuration(HiveLog4j2Test), Filter=null)
DEBUG StatusLogger Building Plugin[name=loggers, class=org.apache.logging.log4j.core.config.LoggersPlugin].
DEBUG StatusLogger createLoggers(={org.apache.hadoop.ipc, org.apache.hadoop.security, org.apache.hadoop.hdfs, org.apache.hadoop.hdfs.server, org.apache.hadoop.metrics2, org.mortbay, org.apache.hadoop.yarn, org.apache.hadoop.yarn.server, org.apache.tez, org.apache.hadoop.conf.Configuration, org.apache.zookeeper, org.apache.zookeeper.server.ServerCnxn, org.apache.zookeeper.server.NIOServerCnxn, org.apache.zookeeper.ClientCnxn, org.apache.zookeeper.ClientCnxnSocket, org.apache.zookeeper.ClientCnxnSocketNIO, DataNucleus, Datastore, JPOX, org.apache.hadoop.hive.ql.exec.Operator, org.apache.hadoop.hive.serde2.lazy, org.apache.hadoop.hive.metastore.ObjectStore, org.apache.calcite.plan.RelOptPlanner, com.amazonaws, org.apache.http, org.apache.thrift, org.eclipse.jetty, BlockStateChange, org.apache.hadoop.hive.ql.optimizer.SharedWorkOptimizer, root})
DEBUG StatusLogger Building Plugin[name=layout, class=org.apache.logging.log4j.core.layout.PatternLayout].
DEBUG StatusLogger PatternLayout$Builder(disableAnsi="null", PatternSelector=null, charset="null", alwaysWriteExceptions="null", noConsoleNoAnsi="null", Configuration(HiveLog4j2Test), footer="null", pattern="%d{ISO8601} %5p [%t] %c{2}: %m%n", Replace=null, header="null")
DEBUG StatusLogger PluginManager 'Converter' found 46 plugins
DEBUG StatusLogger Building Plugin[name=appender, class=org.apache.logging.log4j.core.appender.ConsoleAppender].
DEBUG StatusLogger ConsoleAppender$Builder(direct="null", target="SYSTEM_ERR", follow="null", bufferedIo="null", immediateFlush="null", bufferSize="null", PatternLayout(%d{ISO8601} %5p [%t] %c{2}: %m%n), Configuration(HiveLog4j2Test), ignoreExceptions="null", name="console", Filter=null, ={})
DEBUG StatusLogger Starting OutputStreamManager SYSTEM_ERR.false.false
DEBUG StatusLogger Building Plugin[name=layout, class=org.apache.logging.log4j.core.layout.PatternLayout].
DEBUG StatusLogger PatternLayout$Builder(charset="null", alwaysWriteExceptions="null", PatternSelector=null, footer="null", pattern="%d{ISO8601} %5p [%t] %c{2}: %m%n", Configuration(HiveLog4j2Test), header="null", noConsoleNoAnsi="null", Replace=null, disableAnsi="null")
DEBUG StatusLogger Building Plugin[name=TimeBasedTriggeringPolicy, class=org.apache.logging.log4j.core.appender.rolling.TimeBasedTriggeringPolicy].
DEBUG StatusLogger TimeBasedTriggeringPolicy$Builder(maxRandomDelay="null", interval="1", modulate="true")
DEBUG StatusLogger Building Plugin[name=Policies, class=org.apache.logging.log4j.core.appender.rolling.CompositeTriggeringPolicy].
DEBUG StatusLogger createPolicy(={TimeBasedTriggeringPolicy(nextRolloverMillis=0, interval=1, modulate=true)})
DEBUG StatusLogger Building Plugin[name=DefaultRolloverStrategy, class=org.apache.logging.log4j.core.appender.rolling.DefaultRolloverStrategy].
DEBUG StatusLogger DefaultRolloverStrategy$Builder(max="30", Configuration(HiveLog4j2Test), min="null", ={}, tempCompressedFilePattern="null", stopCustomActionsOnError="null", compressionLevel="null", fileIndex="null")
DEBUG StatusLogger Building Plugin[name=appender, class=org.apache.logging.log4j.core.appender.RollingRandomAccessFileAppender].
DEBUG StatusLogger RollingRandomAccessFileAppender$Builder(fileOwner="null", advertiseURI="null", append="null", fileGroup="null", filePattern="/home/alex/Repositories/hive/ql/target/tmp/log/hive.log.%d{yyyy-MM-dd}", advertise="null", fileName="/home/alex/Repositories/hive/ql/target/tmp/log/hive.log", filePermissions="null", Policies(CompositeTriggeringPolicy(policies=[TimeBasedTriggeringPolicy(nextRolloverMillis=0, interval=1, modulate=true)])), DefaultRolloverStrategy(DefaultRolloverStrategy(min=1, max=30, useMax=true)), bufferSize="null", immediateFlush="null", bufferedIo="null", name="DRFA", Configuration(HiveLog4j2Test), PatternLayout(%d{ISO8601} %5p [%t] %c{2}: %m%n), ignoreExceptions="null", ={}, Filter=null)
TRACE StatusLogger RandomAccessFile /home/alex/Repositories/hive/ql/target/tmp/log/hive.log seek to 964739940
DEBUG StatusLogger Starting RollingRandomAccessFileManager /home/alex/Repositories/hive/ql/target/tmp/log/hive.log
DEBUG StatusLogger PluginManager 'FileConverter' found 3 plugins
DEBUG StatusLogger Setting prev file time to 2024-04-24T01:30:39.987-0700
DEBUG StatusLogger Initializing triggering policy CompositeTriggeringPolicy(policies=[TimeBasedTriggeringPolicy(nextRolloverMillis=0, interval=1, modulate=true)])
DEBUG StatusLogger Initializing triggering policy TimeBasedTriggeringPolicy(nextRolloverMillis=0, interval=1, modulate=true)
TRACE StatusLogger PatternProcessor.getNextTime returning 2024/04/25-00:00:00.000, nextFileTime=2024/04/24-00:00:00.000, prevFileTime=1969/12/31-16:00:00.000, current=2024/04/24-01:30:43.520, freq=DAILY
TRACE StatusLogger PatternProcessor.getNextTime returning 2024/04/25-00:00:00.000, nextFileTime=2024/04/24-00:00:00.000, prevFileTime=2024/04/24-00:00:00.000, current=2024/04/24-01:30:43.521, freq=DAILY
DEBUG StatusLogger Building Plugin[name=appenders, class=org.apache.logging.log4j.core.config.AppendersPlugin].
DEBUG StatusLogger createAppenders(={console, DRFA})
DEBUG StatusLogger Configuration org.apache.logging.log4j.core.config.properties.PropertiesConfiguration@17ae98d7 initialized
DEBUG StatusLogger Starting configuration org.apache.logging.log4j.core.config.properties.PropertiesConfiguration@17ae98d7
DEBUG StatusLogger Started configuration org.apache.logging.log4j.core.config.properties.PropertiesConfiguration@17ae98d7 OK.
TRACE StatusLogger Stopping org.apache.logging.log4j.core.config.DefaultConfiguration@71104a4...
TRACE StatusLogger DefaultConfiguration notified 1 ReliabilityStrategies that config will be stopped.
TRACE StatusLogger DefaultConfiguration stopping root LoggerConfig.
TRACE StatusLogger DefaultConfiguration notifying ReliabilityStrategies that appenders will be stopped.
TRACE StatusLogger DefaultConfiguration stopping remaining Appenders.
DEBUG StatusLogger Shutting down OutputStreamManager SYSTEM_OUT.false.false-1
DEBUG StatusLogger OutputStream closed
DEBUG StatusLogger Shut down OutputStreamManager SYSTEM_OUT.false.false-1, all resources released: true
DEBUG StatusLogger Appender DefaultConsole-1 stopped with status true
TRACE StatusLogger DefaultConfiguration stopped 1 remaining Appenders.
TRACE StatusLogger DefaultConfiguration cleaning Appenders from 1 LoggerConfigs.
DEBUG StatusLogger Stopped org.apache.logging.log4j.core.config.DefaultConfiguration@71104a4 OK
TRACE StatusLogger Reregistering MBeans after reconfigure. Selector=org.apache.logging.log4j.core.selector.ClassLoaderContextSelector@34dc85a
TRACE StatusLogger Reregistering context (1/1): '330bedb4' org.apache.logging.log4j.core.LoggerContext@18e8473e
TRACE StatusLogger Unregistering but no MBeans found matching 'org.apache.logging.log4j2:type=330bedb4'
TRACE StatusLogger Unregistering but no MBeans found matching 'org.apache.logging.log4j2:type=330bedb4,component=StatusLogger'
TRACE StatusLogger Unregistering but no MBeans found matching 'org.apache.logging.log4j2:type=330bedb4,component=ContextSelector'
TRACE StatusLogger Unregistering but no MBeans found matching 'org.apache.logging.log4j2:type=330bedb4,component=Loggers,name=*'
TRACE StatusLogger Unregistering but no MBeans found matching 'org.apache.logging.log4j2:type=330bedb4,component=Appenders,name=*'
TRACE StatusLogger Unregistering but no MBeans found matching 'org.apache.logging.log4j2:type=330bedb4,component=AsyncAppenders,name=*'
TRACE StatusLogger Unregistering but no MBeans found matching 'org.apache.logging.log4j2:type=330bedb4,component=AsyncLoggerRingBuffer'
TRACE StatusLogger Unregistering but no MBeans found matching 'org.apache.logging.log4j2:type=330bedb4,component=Loggers,name=*,subtype=RingBuffer'
DEBUG StatusLogger Registering MBean org.apache.logging.log4j2:type=330bedb4
DEBUG StatusLogger Registering MBean org.apache.logging.log4j2:type=330bedb4,component=StatusLogger
DEBUG StatusLogger Registering MBean org.apache.logging.log4j2:type=330bedb4,component=ContextSelector
DEBUG StatusLogger Registering MBean org.apache.logging.log4j2:type=330bedb4,component=Loggers,name=org.apache.http
DEBUG StatusLogger Registering MBean org.apache.logging.log4j2:type=330bedb4,component=Loggers,name=org.apache.hadoop.conf.Configuration
DEBUG StatusLogger Registering MBean org.apache.logging.log4j2:type=330bedb4,component=Loggers,name=org.mortbay
DEBUG StatusLogger Registering MBean org.apache.logging.log4j2:type=330bedb4,component=Loggers,name=org.apache.hadoop.metrics2
DEBUG StatusLogger Registering MBean org.apache.logging.log4j2:type=330bedb4,component=Loggers,name=org.apache.zookeeper.ClientCnxn
DEBUG StatusLogger Registering MBean org.apache.logging.log4j2:type=330bedb4,component=Loggers,name=
DEBUG StatusLogger Registering MBean org.apache.logging.log4j2:type=330bedb4,component=Loggers,name=org.apache.hadoop.hive.ql.exec.Operator
DEBUG StatusLogger Registering MBean org.apache.logging.log4j2:type=330bedb4,component=Loggers,name=org.apache.zookeeper.server.NIOServerCnxn
DEBUG StatusLogger Registering MBean org.apache.logging.log4j2:type=330bedb4,component=Loggers,name=com.amazonaws
DEBUG StatusLogger Registering MBean org.apache.logging.log4j2:type=330bedb4,component=Loggers,name=org.apache.thrift
DEBUG StatusLogger Registering MBean org.apache.logging.log4j2:type=330bedb4,component=Loggers,name=org.eclipse.jetty
DEBUG StatusLogger Registering MBean org.apache.logging.log4j2:type=330bedb4,component=Loggers,name=BlockStateChange
DEBUG StatusLogger Registering MBean org.apache.logging.log4j2:type=330bedb4,component=Loggers,name=DataNucleus
DEBUG StatusLogger Registering MBean org.apache.logging.log4j2:type=330bedb4,component=Loggers,name=org.apache.calcite.plan.RelOptPlanner
DEBUG StatusLogger Registering MBean org.apache.logging.log4j2:type=330bedb4,component=Loggers,name=org.apache.hadoop.yarn
DEBUG StatusLogger Registering MBean org.apache.logging.log4j2:type=330bedb4,component=Loggers,name=org.apache.zookeeper.ClientCnxnSocketNIO
DEBUG StatusLogger Registering MBean org.apache.logging.log4j2:type=330bedb4,component=Loggers,name=org.apache.hadoop.hdfs
DEBUG StatusLogger Registering MBean org.apache.logging.log4j2:type=330bedb4,component=Loggers,name=org.apache.zookeeper.server.ServerCnxn
DEBUG StatusLogger Registering MBean org.apache.logging.log4j2:type=330bedb4,component=Loggers,name=Datastore
DEBUG StatusLogger Registering MBean org.apache.logging.log4j2:type=330bedb4,component=Loggers,name=org.apache.hadoop.hive.metastore.ObjectStore
DEBUG StatusLogger Registering MBean org.apache.logging.log4j2:type=330bedb4,component=Loggers,name=org.apache.hadoop.security
DEBUG StatusLogger Registering MBean org.apache.logging.log4j2:type=330bedb4,component=Loggers,name=JPOX
DEBUG StatusLogger Registering MBean org.apache.logging.log4j2:type=330bedb4,component=Loggers,name=org.apache.tez
DEBUG StatusLogger Registering MBean org.apache.logging.log4j2:type=330bedb4,component=Loggers,name=org.apache.hadoop.hdfs.server
DEBUG StatusLogger Registering MBean org.apache.logging.log4j2:type=330bedb4,component=Loggers,name=org.apache.hadoop.hive.serde2.lazy
DEBUG StatusLogger Registering MBean org.apache.logging.log4j2:type=330bedb4,component=Loggers,name=org.apache.hadoop.ipc
DEBUG StatusLogger Registering MBean org.apache.logging.log4j2:type=330bedb4,component=Loggers,name=org.apache.hadoop.hive.ql.optimizer.SharedWorkOptimizer
DEBUG StatusLogger Registering MBean org.apache.logging.log4j2:type=330bedb4,component=Loggers,name=org.apache.hadoop.yarn.server
DEBUG StatusLogger Registering MBean org.apache.logging.log4j2:type=330bedb4,component=Loggers,name=org.apache.zookeeper
DEBUG StatusLogger Registering MBean org.apache.logging.log4j2:type=330bedb4,component=Loggers,name=org.apache.zookeeper.ClientCnxnSocket
DEBUG StatusLogger Registering MBean org.apache.logging.log4j2:type=330bedb4,component=Appenders,name=console
DEBUG StatusLogger Registering MBean org.apache.logging.log4j2:type=330bedb4,component=Appenders,name=DRFA
TRACE StatusLogger Using default SystemClock for timestamps.
DEBUG StatusLogger org.apache.logging.log4j.core.util.SystemClock does not support precise timestamps.
TRACE StatusLogger Using DummyNanoClock for nanosecond timestamps.
DEBUG StatusLogger Reconfiguration complete for context[name=330bedb4] at URI /home/alex/Repositories/hive/ql/target/testconf/hive-log4j2.properties (org.apache.logging.log4j.core.LoggerContext@18e8473e) with optional ClassLoader: null
DEBUG StatusLogger Shutdown hook enabled. Registering a new one.
DEBUG StatusLogger LoggerContext[name=330bedb4, org.apache.logging.log4j.core.LoggerContext@18e8473e] started OK.
DEBUG StatusLogger AsyncLogger.ThreadNameStrategy=UNCACHED (user specified null, default is UNCACHED)
TRACE StatusLogger Using default SystemClock for timestamps.
DEBUG StatusLogger org.apache.logging.log4j.core.util.SystemClock does not support precise timestamps.
]]></system-err>
  </testcase>
  <testcase name="testCaseInAndEqualsWithConstantsOfDifferentType" classname="org.apache.hadoop.hive.ql.optimizer.calcite.rules.TestHivePointLookupOptimizerRule" time="0.016">
    <failure type="org.junit.ComparisonFailure"><![CDATA[org.junit.ComparisonFailure: expected:<AND(=($[0, 1), =($3], 4.1E0:DOUBLE))> but was:<AND(=($[3, 1), =($0], 4.1E0:DOUBLE))>
	at org.junit.Assert.assertEquals(Assert.java:117)
	at org.junit.Assert.assertEquals(Assert.java:146)
	at org.apache.hadoop.hive.ql.optimizer.calcite.rules.TestHivePointLookupOptimizerRule.testCaseInAndEqualsWithConstantsOfDifferentType(TestHivePointLookupOptimizerRule.java:288)
	at sun.reflect.NativeMethodAccessorImpl.invoke0(Native Method)
	at sun.reflect.NativeMethodAccessorImpl.invoke(NativeMethodAccessorImpl.java:62)
	at sun.reflect.DelegatingMethodAccessorImpl.invoke(DelegatingMethodAccessorImpl.java:43)
	at java.lang.reflect.Method.invoke(Method.java:498)
	at org.junit.runners.model.FrameworkMethod$1.runReflectiveCall(FrameworkMethod.java:59)
	at org.junit.internal.runners.model.ReflectiveCallable.run(ReflectiveCallable.java:12)
	at org.junit.runners.model.FrameworkMethod.invokeExplosively(FrameworkMethod.java:56)
	at org.junit.internal.runners.statements.InvokeMethod.evaluate(InvokeMethod.java:17)
	at org.junit.internal.runners.statements.RunBefores.evaluate(RunBefores.java:26)
	at org.mockito.internal.runners.DefaultInternalRunner$1$1.evaluate(DefaultInternalRunner.java:54)
	at org.junit.runners.ParentRunner$3.evaluate(ParentRunner.java:306)
	at org.junit.runners.BlockJUnit4ClassRunner$1.evaluate(BlockJUnit4ClassRunner.java:100)
	at org.junit.runners.ParentRunner.runLeaf(ParentRunner.java:366)
	at org.junit.runners.BlockJUnit4ClassRunner.runChild(BlockJUnit4ClassRunner.java:103)
	at org.junit.runners.BlockJUnit4ClassRunner.runChild(BlockJUnit4ClassRunner.java:63)
	at org.junit.runners.ParentRunner$4.run(ParentRunner.java:331)
	at org.junit.runners.ParentRunner$1.schedule(ParentRunner.java:79)
	at org.junit.runners.ParentRunner.runChildren(ParentRunner.java:329)
	at org.junit.runners.ParentRunner.access$100(ParentRunner.java:66)
	at org.junit.runners.ParentRunner$2.evaluate(ParentRunner.java:293)
	at org.junit.runners.ParentRunner$3.evaluate(ParentRunner.java:306)
	at org.junit.runners.ParentRunner.run(ParentRunner.java:413)
	at org.mockito.internal.runners.DefaultInternalRunner$1.run(DefaultInternalRunner.java:99)
	at org.mockito.internal.runners.DefaultInternalRunner.run(DefaultInternalRunner.java:105)
	at org.mockito.internal.runners.StrictRunner.run(StrictRunner.java:40)
	at org.mockito.junit.MockitoJUnitRunner.run(MockitoJUnitRunner.java:163)
	at org.junit.runner.JUnitCore.run(JUnitCore.java:137)
	at org.junit.runner.JUnitCore.run(JUnitCore.java:115)
	at org.junit.vintage.engine.execution.RunnerExecutor.execute(RunnerExecutor.java:43)
	at java.util.stream.ForEachOps$ForEachOp$OfRef.accept(ForEachOps.java:183)
	at java.util.stream.ReferencePipeline$3$1.accept(ReferencePipeline.java:193)
	at java.util.Iterator.forEachRemaining(Iterator.java:116)
	at java.util.Spliterators$IteratorSpliterator.forEachRemaining(Spliterators.java:1801)
	at java.util.stream.AbstractPipeline.copyInto(AbstractPipeline.java:482)
	at java.util.stream.AbstractPipeline.wrapAndCopyInto(AbstractPipeline.java:472)
	at java.util.stream.ForEachOps$ForEachOp.evaluateSequential(ForEachOps.java:150)
	at java.util.stream.ForEachOps$ForEachOp$OfRef.evaluateSequential(ForEachOps.java:173)
	at java.util.stream.AbstractPipeline.evaluate(AbstractPipeline.java:234)
	at java.util.stream.ReferencePipeline.forEach(ReferencePipeline.java:485)
	at org.junit.vintage.engine.VintageTestEngine.executeAllChildren(VintageTestEngine.java:82)
	at org.junit.vintage.engine.VintageTestEngine.execute(VintageTestEngine.java:73)
	at org.junit.platform.launcher.core.DefaultLauncher.execute(DefaultLauncher.java:248)
	at org.junit.platform.launcher.core.DefaultLauncher.lambda$execute$5(DefaultLauncher.java:211)
	at org.junit.platform.launcher.core.DefaultLauncher.withInterceptedStreams(DefaultLauncher.java:226)
	at org.junit.platform.launcher.core.DefaultLauncher.execute(DefaultLauncher.java:199)
	at org.junit.platform.launcher.core.DefaultLauncher.execute(DefaultLauncher.java:132)
	at org.apache.maven.surefire.junitplatform.JUnitPlatformProvider.invokeAllTests(JUnitPlatformProvider.java:154)
	at org.apache.maven.surefire.junitplatform.JUnitPlatformProvider.invoke(JUnitPlatformProvider.java:123)
	at org.apache.maven.surefire.booter.ForkedBooter.runSuitesInProcess(ForkedBooter.java:377)
	at org.apache.maven.surefire.booter.ForkedBooter.execute(ForkedBooter.java:138)
	at org.apache.maven.surefire.booter.ForkedBooter.run(ForkedBooter.java:465)
	at org.apache.maven.surefire.booter.ForkedBooter.main(ForkedBooter.java:451)
]]></failure>
  </testcase>
  <testcase name="testCaseWithConstantsOfDifferentType" classname="org.apache.hadoop.hive.ql.optimizer.calcite.rules.TestHivePointLookupOptimizerRule" time="0.007">
    <failure type="org.junit.ComparisonFailure"><![CDATA[org.junit.ComparisonFailure: expected:<AND(IN($[0, 1, 2), =($0], 1.0E0:DOUBLE), IN(...> but was:<AND(IN($[2, 1, 2), =($2], 1.0E0:DOUBLE), IN(...>
	at org.junit.Assert.assertEquals(Assert.java:117)
	at org.junit.Assert.assertEquals(Assert.java:146)
	at org.apache.hadoop.hive.ql.optimizer.calcite.rules.TestHivePointLookupOptimizerRule.testCaseWithConstantsOfDifferentType(TestHivePointLookupOptimizerRule.java:256)
	at sun.reflect.NativeMethodAccessorImpl.invoke0(Native Method)
	at sun.reflect.NativeMethodAccessorImpl.invoke(NativeMethodAccessorImpl.java:62)
	at sun.reflect.DelegatingMethodAccessorImpl.invoke(DelegatingMethodAccessorImpl.java:43)
	at java.lang.reflect.Method.invoke(Method.java:498)
	at org.junit.runners.model.FrameworkMethod$1.runReflectiveCall(FrameworkMethod.java:59)
	at org.junit.internal.runners.model.ReflectiveCallable.run(ReflectiveCallable.java:12)
	at org.junit.runners.model.FrameworkMethod.invokeExplosively(FrameworkMethod.java:56)
	at org.junit.internal.runners.statements.InvokeMethod.evaluate(InvokeMethod.java:17)
	at org.junit.internal.runners.statements.RunBefores.evaluate(RunBefores.java:26)
	at org.mockito.internal.runners.DefaultInternalRunner$1$1.evaluate(DefaultInternalRunner.java:54)
	at org.junit.runners.ParentRunner$3.evaluate(ParentRunner.java:306)
	at org.junit.runners.BlockJUnit4ClassRunner$1.evaluate(BlockJUnit4ClassRunner.java:100)
	at org.junit.runners.ParentRunner.runLeaf(ParentRunner.java:366)
	at org.junit.runners.BlockJUnit4ClassRunner.runChild(BlockJUnit4ClassRunner.java:103)
	at org.junit.runners.BlockJUnit4ClassRunner.runChild(BlockJUnit4ClassRunner.java:63)
	at org.junit.runners.ParentRunner$4.run(ParentRunner.java:331)
	at org.junit.runners.ParentRunner$1.schedule(ParentRunner.java:79)
	at org.junit.runners.ParentRunner.runChildren(ParentRunner.java:329)
	at org.junit.runners.ParentRunner.access$100(ParentRunner.java:66)
	at org.junit.runners.ParentRunner$2.evaluate(ParentRunner.java:293)
	at org.junit.runners.ParentRunner$3.evaluate(ParentRunner.java:306)
	at org.junit.runners.ParentRunner.run(ParentRunner.java:413)
	at org.mockito.internal.runners.DefaultInternalRunner$1.run(DefaultInternalRunner.java:99)
	at org.mockito.internal.runners.DefaultInternalRunner.run(DefaultInternalRunner.java:105)
	at org.mockito.internal.runners.StrictRunner.run(StrictRunner.java:40)
	at org.mockito.junit.MockitoJUnitRunner.run(MockitoJUnitRunner.java:163)
	at org.junit.runner.JUnitCore.run(JUnitCore.java:137)
	at org.junit.runner.JUnitCore.run(JUnitCore.java:115)
	at org.junit.vintage.engine.execution.RunnerExecutor.execute(RunnerExecutor.java:43)
	at java.util.stream.ForEachOps$ForEachOp$OfRef.accept(ForEachOps.java:183)
	at java.util.stream.ReferencePipeline$3$1.accept(ReferencePipeline.java:193)
	at java.util.Iterator.forEachRemaining(Iterator.java:116)
	at java.util.Spliterators$IteratorSpliterator.forEachRemaining(Spliterators.java:1801)
	at java.util.stream.AbstractPipeline.copyInto(AbstractPipeline.java:482)
	at java.util.stream.AbstractPipeline.wrapAndCopyInto(AbstractPipeline.java:472)
	at java.util.stream.ForEachOps$ForEachOp.evaluateSequential(ForEachOps.java:150)
	at java.util.stream.ForEachOps$ForEachOp$OfRef.evaluateSequential(ForEachOps.java:173)
	at java.util.stream.AbstractPipeline.evaluate(AbstractPipeline.java:234)
	at java.util.stream.ReferencePipeline.forEach(ReferencePipeline.java:485)
	at org.junit.vintage.engine.VintageTestEngine.executeAllChildren(VintageTestEngine.java:82)
	at org.junit.vintage.engine.VintageTestEngine.execute(VintageTestEngine.java:73)
	at org.junit.platform.launcher.core.DefaultLauncher.execute(DefaultLauncher.java:248)
	at org.junit.platform.launcher.core.DefaultLauncher.lambda$execute$5(DefaultLauncher.java:211)
	at org.junit.platform.launcher.core.DefaultLauncher.withInterceptedStreams(DefaultLauncher.java:226)
	at org.junit.platform.launcher.core.DefaultLauncher.execute(DefaultLauncher.java:199)
	at org.junit.platform.launcher.core.DefaultLauncher.execute(DefaultLauncher.java:132)
	at org.apache.maven.surefire.junitplatform.JUnitPlatformProvider.invokeAllTests(JUnitPlatformProvider.java:154)
	at org.apache.maven.surefire.junitplatform.JUnitPlatformProvider.invoke(JUnitPlatformProvider.java:123)
	at org.apache.maven.surefire.booter.ForkedBooter.runSuitesInProcess(ForkedBooter.java:377)
	at org.apache.maven.surefire.booter.ForkedBooter.execute(ForkedBooter.java:138)
	at org.apache.maven.surefire.booter.ForkedBooter.run(ForkedBooter.java:465)
	at org.apache.maven.surefire.booter.ForkedBooter.main(ForkedBooter.java:451)
]]></failure>
  </testcase>
  <testcase name="testObscuredSimple" classname="org.apache.hadoop.hive.ql.optimizer.calcite.rules.TestHivePointLookupOptimizerRule" time="0.006">
    <failure type="org.junit.ComparisonFailure"><![CDATA[org.junit.ComparisonFailure: expected:<OR(IN($[0, 1, 2), =($1], 99))> but was:<OR(IN($[2, 1, 2), =($0], 99))>
	at org.junit.Assert.assertEquals(Assert.java:117)
	at org.junit.Assert.assertEquals(Assert.java:146)
	at org.apache.hadoop.hive.ql.optimizer.calcite.rules.TestHivePointLookupOptimizerRule.testObscuredSimple(TestHivePointLookupOptimizerRule.java:337)
	at sun.reflect.NativeMethodAccessorImpl.invoke0(Native Method)
	at sun.reflect.NativeMethodAccessorImpl.invoke(NativeMethodAccessorImpl.java:62)
	at sun.reflect.DelegatingMethodAccessorImpl.invoke(DelegatingMethodAccessorImpl.java:43)
	at java.lang.reflect.Method.invoke(Method.java:498)
	at org.junit.runners.model.FrameworkMethod$1.runReflectiveCall(FrameworkMethod.java:59)
	at org.junit.internal.runners.model.ReflectiveCallable.run(ReflectiveCallable.java:12)
	at org.junit.runners.model.FrameworkMethod.invokeExplosively(FrameworkMethod.java:56)
	at org.junit.internal.runners.statements.InvokeMethod.evaluate(InvokeMethod.java:17)
	at org.junit.internal.runners.statements.RunBefores.evaluate(RunBefores.java:26)
	at org.mockito.internal.runners.DefaultInternalRunner$1$1.evaluate(DefaultInternalRunner.java:54)
	at org.junit.runners.ParentRunner$3.evaluate(ParentRunner.java:306)
	at org.junit.runners.BlockJUnit4ClassRunner$1.evaluate(BlockJUnit4ClassRunner.java:100)
	at org.junit.runners.ParentRunner.runLeaf(ParentRunner.java:366)
	at org.junit.runners.BlockJUnit4ClassRunner.runChild(BlockJUnit4ClassRunner.java:103)
	at org.junit.runners.BlockJUnit4ClassRunner.runChild(BlockJUnit4ClassRunner.java:63)
	at org.junit.runners.ParentRunner$4.run(ParentRunner.java:331)
	at org.junit.runners.ParentRunner$1.schedule(ParentRunner.java:79)
	at org.junit.runners.ParentRunner.runChildren(ParentRunner.java:329)
	at org.junit.runners.ParentRunner.access$100(ParentRunner.java:66)
	at org.junit.runners.ParentRunner$2.evaluate(ParentRunner.java:293)
	at org.junit.runners.ParentRunner$3.evaluate(ParentRunner.java:306)
	at org.junit.runners.ParentRunner.run(ParentRunner.java:413)
	at org.mockito.internal.runners.DefaultInternalRunner$1.run(DefaultInternalRunner.java:99)
	at org.mockito.internal.runners.DefaultInternalRunner.run(DefaultInternalRunner.java:105)
	at org.mockito.internal.runners.StrictRunner.run(StrictRunner.java:40)
	at org.mockito.junit.MockitoJUnitRunner.run(MockitoJUnitRunner.java:163)
	at org.junit.runner.JUnitCore.run(JUnitCore.java:137)
	at org.junit.runner.JUnitCore.run(JUnitCore.java:115)
	at org.junit.vintage.engine.execution.RunnerExecutor.execute(RunnerExecutor.java:43)
	at java.util.stream.ForEachOps$ForEachOp$OfRef.accept(ForEachOps.java:183)
	at java.util.stream.ReferencePipeline$3$1.accept(ReferencePipeline.java:193)
	at java.util.Iterator.forEachRemaining(Iterator.java:116)
	at java.util.Spliterators$IteratorSpliterator.forEachRemaining(Spliterators.java:1801)
	at java.util.stream.AbstractPipeline.copyInto(AbstractPipeline.java:482)
	at java.util.stream.AbstractPipeline.wrapAndCopyInto(AbstractPipeline.java:472)
	at java.util.stream.ForEachOps$ForEachOp.evaluateSequential(ForEachOps.java:150)
	at java.util.stream.ForEachOps$ForEachOp$OfRef.evaluateSequential(ForEachOps.java:173)
	at java.util.stream.AbstractPipeline.evaluate(AbstractPipeline.java:234)
	at java.util.stream.ReferencePipeline.forEach(ReferencePipeline.java:485)
	at org.junit.vintage.engine.VintageTestEngine.executeAllChildren(VintageTestEngine.java:82)
	at org.junit.vintage.engine.VintageTestEngine.execute(VintageTestEngine.java:73)
	at org.junit.platform.launcher.core.DefaultLauncher.execute(DefaultLauncher.java:248)
	at org.junit.platform.launcher.core.DefaultLauncher.lambda$execute$5(DefaultLauncher.java:211)
	at org.junit.platform.launcher.core.DefaultLauncher.withInterceptedStreams(DefaultLauncher.java:226)
	at org.junit.platform.launcher.core.DefaultLauncher.execute(DefaultLauncher.java:199)
	at org.junit.platform.launcher.core.DefaultLauncher.execute(DefaultLauncher.java:132)
	at org.apache.maven.surefire.junitplatform.JUnitPlatformProvider.invokeAllTests(JUnitPlatformProvider.java:154)
	at org.apache.maven.surefire.junitplatform.JUnitPlatformProvider.invoke(JUnitPlatformProvider.java:123)
	at org.apache.maven.surefire.booter.ForkedBooter.runSuitesInProcess(ForkedBooter.java:377)
	at org.apache.maven.surefire.booter.ForkedBooter.execute(ForkedBooter.java:138)
	at org.apache.maven.surefire.booter.ForkedBooter.run(ForkedBooter.java:465)
	at org.apache.maven.surefire.booter.ForkedBooter.main(ForkedBooter.java:451)
]]></failure>
    <system-out><![CDATA[OR(IN($2, 1, 2), =($0, 99))
]]></system-out>
  </testcase>
  <testcase name="testSimpleStructCase" classname="org.apache.hadoop.hive.ql.optimizer.calcite.rules.TestHivePointLookupOptimizerRule" time="0.009"/>
  <testcase name="testInExprsMergedMultipleOverlap" classname="org.apache.hadoop.hive.ql.optimizer.calcite.rules.TestHivePointLookupOptimizerRule" time="0.006"/>
  <testcase name="testRecursionIsNotObstructed" classname="org.apache.hadoop.hive.ql.optimizer.calcite.rules.TestHivePointLookupOptimizerRule" time="0.008">
    <failure type="org.junit.ComparisonFailure"><![CDATA[org.junit.ComparisonFailure: expected:<AND(IN($[0, 1, 2), OR(AND(IN($1, 1, 2), IN($2, 1, 2)), AND(IN($1, 3, 4), IN($2], 3, 4))))> but was:<AND(IN($[1, 1, 2), OR(AND(IN($0, 1, 2), IN($3, 1, 2)), AND(IN($0, 3, 4), IN($3], 3, 4))))>
	at org.junit.Assert.assertEquals(Assert.java:117)
	at org.junit.Assert.assertEquals(Assert.java:146)
	at org.apache.hadoop.hive.ql.optimizer.calcite.rules.TestHivePointLookupOptimizerRule.testRecursionIsNotObstructed(TestHivePointLookupOptimizerRule.java:374)
	at sun.reflect.NativeMethodAccessorImpl.invoke0(Native Method)
	at sun.reflect.NativeMethodAccessorImpl.invoke(NativeMethodAccessorImpl.java:62)
	at sun.reflect.DelegatingMethodAccessorImpl.invoke(DelegatingMethodAccessorImpl.java:43)
	at java.lang.reflect.Method.invoke(Method.java:498)
	at org.junit.runners.model.FrameworkMethod$1.runReflectiveCall(FrameworkMethod.java:59)
	at org.junit.internal.runners.model.ReflectiveCallable.run(ReflectiveCallable.java:12)
	at org.junit.runners.model.FrameworkMethod.invokeExplosively(FrameworkMethod.java:56)
	at org.junit.internal.runners.statements.InvokeMethod.evaluate(InvokeMethod.java:17)
	at org.junit.internal.runners.statements.RunBefores.evaluate(RunBefores.java:26)
	at org.mockito.internal.runners.DefaultInternalRunner$1$1.evaluate(DefaultInternalRunner.java:54)
	at org.junit.runners.ParentRunner$3.evaluate(ParentRunner.java:306)
	at org.junit.runners.BlockJUnit4ClassRunner$1.evaluate(BlockJUnit4ClassRunner.java:100)
	at org.junit.runners.ParentRunner.runLeaf(ParentRunner.java:366)
	at org.junit.runners.BlockJUnit4ClassRunner.runChild(BlockJUnit4ClassRunner.java:103)
	at org.junit.runners.BlockJUnit4ClassRunner.runChild(BlockJUnit4ClassRunner.java:63)
	at org.junit.runners.ParentRunner$4.run(ParentRunner.java:331)
	at org.junit.runners.ParentRunner$1.schedule(ParentRunner.java:79)
	at org.junit.runners.ParentRunner.runChildren(ParentRunner.java:329)
	at org.junit.runners.ParentRunner.access$100(ParentRunner.java:66)
	at org.junit.runners.ParentRunner$2.evaluate(ParentRunner.java:293)
	at org.junit.runners.ParentRunner$3.evaluate(ParentRunner.java:306)
	at org.junit.runners.ParentRunner.run(ParentRunner.java:413)
	at org.mockito.internal.runners.DefaultInternalRunner$1.run(DefaultInternalRunner.java:99)
	at org.mockito.internal.runners.DefaultInternalRunner.run(DefaultInternalRunner.java:105)
	at org.mockito.internal.runners.StrictRunner.run(StrictRunner.java:40)
	at org.mockito.junit.MockitoJUnitRunner.run(MockitoJUnitRunner.java:163)
	at org.junit.runner.JUnitCore.run(JUnitCore.java:137)
	at org.junit.runner.JUnitCore.run(JUnitCore.java:115)
	at org.junit.vintage.engine.execution.RunnerExecutor.execute(RunnerExecutor.java:43)
	at java.util.stream.ForEachOps$ForEachOp$OfRef.accept(ForEachOps.java:183)
	at java.util.stream.ReferencePipeline$3$1.accept(ReferencePipeline.java:193)
	at java.util.Iterator.forEachRemaining(Iterator.java:116)
	at java.util.Spliterators$IteratorSpliterator.forEachRemaining(Spliterators.java:1801)
	at java.util.stream.AbstractPipeline.copyInto(AbstractPipeline.java:482)
	at java.util.stream.AbstractPipeline.wrapAndCopyInto(AbstractPipeline.java:472)
	at java.util.stream.ForEachOps$ForEachOp.evaluateSequential(ForEachOps.java:150)
	at java.util.stream.ForEachOps$ForEachOp$OfRef.evaluateSequential(ForEachOps.java:173)
	at java.util.stream.AbstractPipeline.evaluate(AbstractPipeline.java:234)
	at java.util.stream.ReferencePipeline.forEach(ReferencePipeline.java:485)
	at org.junit.vintage.engine.VintageTestEngine.executeAllChildren(VintageTestEngine.java:82)
	at org.junit.vintage.engine.VintageTestEngine.execute(VintageTestEngine.java:73)
	at org.junit.platform.launcher.core.DefaultLauncher.execute(DefaultLauncher.java:248)
	at org.junit.platform.launcher.core.DefaultLauncher.lambda$execute$5(DefaultLauncher.java:211)
	at org.junit.platform.launcher.core.DefaultLauncher.withInterceptedStreams(DefaultLauncher.java:226)
	at org.junit.platform.launcher.core.DefaultLauncher.execute(DefaultLauncher.java:199)
	at org.junit.platform.launcher.core.DefaultLauncher.execute(DefaultLauncher.java:132)
	at org.apache.maven.surefire.junitplatform.JUnitPlatformProvider.invokeAllTests(JUnitPlatformProvider.java:154)
	at org.apache.maven.surefire.junitplatform.JUnitPlatformProvider.invoke(JUnitPlatformProvider.java:123)
	at org.apache.maven.surefire.booter.ForkedBooter.runSuitesInProcess(ForkedBooter.java:377)
	at org.apache.maven.surefire.booter.ForkedBooter.execute(ForkedBooter.java:138)
	at org.apache.maven.surefire.booter.ForkedBooter.run(ForkedBooter.java:465)
	at org.apache.maven.surefire.booter.ForkedBooter.main(ForkedBooter.java:451)
]]></failure>
    <system-out><![CDATA[AND(IN($1, 1, 2), OR(AND(IN($0, 1, 2), IN($3, 1, 2)), AND(IN($0, 3, 4), IN($3, 3, 4))))
]]></system-out>
  </testcase>
  <testcase name="testInExprsAndEqualsMerged" classname="org.apache.hadoop.hive.ql.optimizer.calcite.rules.TestHivePointLookupOptimizerRule" time="0.007">
    <failure type="org.junit.ComparisonFailure"><![CDATA[org.junit.ComparisonFailure: expected:<=($[0], 1)> but was:<=($[2], 1)>
	at org.junit.Assert.assertEquals(Assert.java:117)
	at org.junit.Assert.assertEquals(Assert.java:146)
	at org.apache.hadoop.hive.ql.optimizer.calcite.rules.TestHivePointLookupOptimizerRule.testInExprsAndEqualsMerged(TestHivePointLookupOptimizerRule.java:191)
	at sun.reflect.NativeMethodAccessorImpl.invoke0(Native Method)
	at sun.reflect.NativeMethodAccessorImpl.invoke(NativeMethodAccessorImpl.java:62)
	at sun.reflect.DelegatingMethodAccessorImpl.invoke(DelegatingMethodAccessorImpl.java:43)
	at java.lang.reflect.Method.invoke(Method.java:498)
	at org.junit.runners.model.FrameworkMethod$1.runReflectiveCall(FrameworkMethod.java:59)
	at org.junit.internal.runners.model.ReflectiveCallable.run(ReflectiveCallable.java:12)
	at org.junit.runners.model.FrameworkMethod.invokeExplosively(FrameworkMethod.java:56)
	at org.junit.internal.runners.statements.InvokeMethod.evaluate(InvokeMethod.java:17)
	at org.junit.internal.runners.statements.RunBefores.evaluate(RunBefores.java:26)
	at org.mockito.internal.runners.DefaultInternalRunner$1$1.evaluate(DefaultInternalRunner.java:54)
	at org.junit.runners.ParentRunner$3.evaluate(ParentRunner.java:306)
	at org.junit.runners.BlockJUnit4ClassRunner$1.evaluate(BlockJUnit4ClassRunner.java:100)
	at org.junit.runners.ParentRunner.runLeaf(ParentRunner.java:366)
	at org.junit.runners.BlockJUnit4ClassRunner.runChild(BlockJUnit4ClassRunner.java:103)
	at org.junit.runners.BlockJUnit4ClassRunner.runChild(BlockJUnit4ClassRunner.java:63)
	at org.junit.runners.ParentRunner$4.run(ParentRunner.java:331)
	at org.junit.runners.ParentRunner$1.schedule(ParentRunner.java:79)
	at org.junit.runners.ParentRunner.runChildren(ParentRunner.java:329)
	at org.junit.runners.ParentRunner.access$100(ParentRunner.java:66)
	at org.junit.runners.ParentRunner$2.evaluate(ParentRunner.java:293)
	at org.junit.runners.ParentRunner$3.evaluate(ParentRunner.java:306)
	at org.junit.runners.ParentRunner.run(ParentRunner.java:413)
	at org.mockito.internal.runners.DefaultInternalRunner$1.run(DefaultInternalRunner.java:99)
	at org.mockito.internal.runners.DefaultInternalRunner.run(DefaultInternalRunner.java:105)
	at org.mockito.internal.runners.StrictRunner.run(StrictRunner.java:40)
	at org.mockito.junit.MockitoJUnitRunner.run(MockitoJUnitRunner.java:163)
	at org.junit.runner.JUnitCore.run(JUnitCore.java:137)
	at org.junit.runner.JUnitCore.run(JUnitCore.java:115)
	at org.junit.vintage.engine.execution.RunnerExecutor.execute(RunnerExecutor.java:43)
	at java.util.stream.ForEachOps$ForEachOp$OfRef.accept(ForEachOps.java:183)
	at java.util.stream.ReferencePipeline$3$1.accept(ReferencePipeline.java:193)
	at java.util.Iterator.forEachRemaining(Iterator.java:116)
	at java.util.Spliterators$IteratorSpliterator.forEachRemaining(Spliterators.java:1801)
	at java.util.stream.AbstractPipeline.copyInto(AbstractPipeline.java:482)
	at java.util.stream.AbstractPipeline.wrapAndCopyInto(AbstractPipeline.java:472)
	at java.util.stream.ForEachOps$ForEachOp.evaluateSequential(ForEachOps.java:150)
	at java.util.stream.ForEachOps$ForEachOp$OfRef.evaluateSequential(ForEachOps.java:173)
	at java.util.stream.AbstractPipeline.evaluate(AbstractPipeline.java:234)
	at java.util.stream.ReferencePipeline.forEach(ReferencePipeline.java:485)
	at org.junit.vintage.engine.VintageTestEngine.executeAllChildren(VintageTestEngine.java:82)
	at org.junit.vintage.engine.VintageTestEngine.execute(VintageTestEngine.java:73)
	at org.junit.platform.launcher.core.DefaultLauncher.execute(DefaultLauncher.java:248)
	at org.junit.platform.launcher.core.DefaultLauncher.lambda$execute$5(DefaultLauncher.java:211)
	at org.junit.platform.launcher.core.DefaultLauncher.withInterceptedStreams(DefaultLauncher.java:226)
	at org.junit.platform.launcher.core.DefaultLauncher.execute(DefaultLauncher.java:199)
	at org.junit.platform.launcher.core.DefaultLauncher.execute(DefaultLauncher.java:132)
	at org.apache.maven.surefire.junitplatform.JUnitPlatformProvider.invokeAllTests(JUnitPlatformProvider.java:154)
	at org.apache.maven.surefire.junitplatform.JUnitPlatformProvider.invoke(JUnitPlatformProvider.java:123)
	at org.apache.maven.surefire.booter.ForkedBooter.runSuitesInProcess(ForkedBooter.java:377)
	at org.apache.maven.surefire.booter.ForkedBooter.execute(ForkedBooter.java:138)
	at org.apache.maven.surefire.booter.ForkedBooter.run(ForkedBooter.java:465)
	at org.apache.maven.surefire.booter.ForkedBooter.main(ForkedBooter.java:451)
]]></failure>
  </testcase>
  <testcase name="testInExprsMergedSingleOverlap" classname="org.apache.hadoop.hive.ql.optimizer.calcite.rules.TestHivePointLookupOptimizerRule" time="0.006">
    <failure type="org.junit.ComparisonFailure"><![CDATA[org.junit.ComparisonFailure: expected:<=($[0], 1)> but was:<=($[3], 1)>
	at org.junit.Assert.assertEquals(Assert.java:117)
	at org.junit.Assert.assertEquals(Assert.java:146)
	at org.apache.hadoop.hive.ql.optimizer.calcite.rules.TestHivePointLookupOptimizerRule.testInExprsMergedSingleOverlap(TestHivePointLookupOptimizerRule.java:161)
	at sun.reflect.NativeMethodAccessorImpl.invoke0(Native Method)
	at sun.reflect.NativeMethodAccessorImpl.invoke(NativeMethodAccessorImpl.java:62)
	at sun.reflect.DelegatingMethodAccessorImpl.invoke(DelegatingMethodAccessorImpl.java:43)
	at java.lang.reflect.Method.invoke(Method.java:498)
	at org.junit.runners.model.FrameworkMethod$1.runReflectiveCall(FrameworkMethod.java:59)
	at org.junit.internal.runners.model.ReflectiveCallable.run(ReflectiveCallable.java:12)
	at org.junit.runners.model.FrameworkMethod.invokeExplosively(FrameworkMethod.java:56)
	at org.junit.internal.runners.statements.InvokeMethod.evaluate(InvokeMethod.java:17)
	at org.junit.internal.runners.statements.RunBefores.evaluate(RunBefores.java:26)
	at org.mockito.internal.runners.DefaultInternalRunner$1$1.evaluate(DefaultInternalRunner.java:54)
	at org.junit.runners.ParentRunner$3.evaluate(ParentRunner.java:306)
	at org.junit.runners.BlockJUnit4ClassRunner$1.evaluate(BlockJUnit4ClassRunner.java:100)
	at org.junit.runners.ParentRunner.runLeaf(ParentRunner.java:366)
	at org.junit.runners.BlockJUnit4ClassRunner.runChild(BlockJUnit4ClassRunner.java:103)
	at org.junit.runners.BlockJUnit4ClassRunner.runChild(BlockJUnit4ClassRunner.java:63)
	at org.junit.runners.ParentRunner$4.run(ParentRunner.java:331)
	at org.junit.runners.ParentRunner$1.schedule(ParentRunner.java:79)
	at org.junit.runners.ParentRunner.runChildren(ParentRunner.java:329)
	at org.junit.runners.ParentRunner.access$100(ParentRunner.java:66)
	at org.junit.runners.ParentRunner$2.evaluate(ParentRunner.java:293)
	at org.junit.runners.ParentRunner$3.evaluate(ParentRunner.java:306)
	at org.junit.runners.ParentRunner.run(ParentRunner.java:413)
	at org.mockito.internal.runners.DefaultInternalRunner$1.run(DefaultInternalRunner.java:99)
	at org.mockito.internal.runners.DefaultInternalRunner.run(DefaultInternalRunner.java:105)
	at org.mockito.internal.runners.StrictRunner.run(StrictRunner.java:40)
	at org.mockito.junit.MockitoJUnitRunner.run(MockitoJUnitRunner.java:163)
	at org.junit.runner.JUnitCore.run(JUnitCore.java:137)
	at org.junit.runner.JUnitCore.run(JUnitCore.java:115)
	at org.junit.vintage.engine.execution.RunnerExecutor.execute(RunnerExecutor.java:43)
	at java.util.stream.ForEachOps$ForEachOp$OfRef.accept(ForEachOps.java:183)
	at java.util.stream.ReferencePipeline$3$1.accept(ReferencePipeline.java:193)
	at java.util.Iterator.forEachRemaining(Iterator.java:116)
	at java.util.Spliterators$IteratorSpliterator.forEachRemaining(Spliterators.java:1801)
	at java.util.stream.AbstractPipeline.copyInto(AbstractPipeline.java:482)
	at java.util.stream.AbstractPipeline.wrapAndCopyInto(AbstractPipeline.java:472)
	at java.util.stream.ForEachOps$ForEachOp.evaluateSequential(ForEachOps.java:150)
	at java.util.stream.ForEachOps$ForEachOp$OfRef.evaluateSequential(ForEachOps.java:173)
	at java.util.stream.AbstractPipeline.evaluate(AbstractPipeline.java:234)
	at java.util.stream.ReferencePipeline.forEach(ReferencePipeline.java:485)
	at org.junit.vintage.engine.VintageTestEngine.executeAllChildren(VintageTestEngine.java:82)
	at org.junit.vintage.engine.VintageTestEngine.execute(VintageTestEngine.java:73)
	at org.junit.platform.launcher.core.DefaultLauncher.execute(DefaultLauncher.java:248)
	at org.junit.platform.launcher.core.DefaultLauncher.lambda$execute$5(DefaultLauncher.java:211)
	at org.junit.platform.launcher.core.DefaultLauncher.withInterceptedStreams(DefaultLauncher.java:226)
	at org.junit.platform.launcher.core.DefaultLauncher.execute(DefaultLauncher.java:199)
	at org.junit.platform.launcher.core.DefaultLauncher.execute(DefaultLauncher.java:132)
	at org.apache.maven.surefire.junitplatform.JUnitPlatformProvider.invokeAllTests(JUnitPlatformProvider.java:154)
	at org.apache.maven.surefire.junitplatform.JUnitPlatformProvider.invoke(JUnitPlatformProvider.java:123)
	at org.apache.maven.surefire.booter.ForkedBooter.runSuitesInProcess(ForkedBooter.java:377)
	at org.apache.maven.surefire.booter.ForkedBooter.execute(ForkedBooter.java:138)
	at org.apache.maven.surefire.booter.ForkedBooter.run(ForkedBooter.java:465)
	at org.apache.maven.surefire.booter.ForkedBooter.main(ForkedBooter.java:451)
]]></failure>
  </testcase>
</testsuite>