<?xml version="1.0" encoding="UTF-8"?>
<testsuite xmlns:xsi="http://www.w3.org/2001/XMLSchema-instance" xsi:noNamespaceSchemaLocation="https://maven.apache.org/surefire/maven-surefire-plugin/xsd/surefire-test-report-3.0.xsd" version="3.0" name="org.apache.hadoop.hive.ql.TestTxnLoadData" time="195.975" tests="13" errors="2" skipped="0" failures="0">
  <properties>
    <property name="build.test.dir" value="/home/alex/Repositories/hive/ql/target/tmp"/>
    <property name="awt.toolkit" value="sun.awt.X11.XToolkit"/>
    <property name="test.tmp.dir.uri" value="file:///home/alex/Repositories/hive/ql/target/tmp"/>
    <property name="java.specification.version" value="1.8"/>
    <property name="qfile" value=""/>
    <property name="test.warehouse.dir" value="pfile:///home/alex/Repositories/hive/ql/target/warehouse"/>
    <property name="sun.cpu.isalist" value=""/>
    <property name="sun.jnu.encoding" value="UTF-8"/>
    <property name="run_disabled" value=""/>
    <property name="nondexPrintstack" value="false"/>
    <property name="sun.arch.data.model" value="64"/>
    <property name="java.vendor.url" value="http://java.oracle.com/"/>
    <property name="user.country.format" value="PT"/>
    <property name="test.tmp.dir" value="/home/alex/Repositories/hive/ql/target/tmp"/>
    <property name="sun.boot.library.path" value="/usr/lib/jvm/java-8-openjdk-amd64/jre/lib/amd64"/>
    <property name="sun.java.command" value="/home/alex/Repositories/hive/ql/target/surefire/surefirebooter6645456665533345828.jar /home/alex/Repositories/hive/ql/target/surefire 2024-04-23T21-59-46_173-jvmRun1 surefire4438213316502394257tmp surefire_24465844191431193880517tmp"/>
    <property name="nondexExecid" value="oUi5h03YaAsr1zYbyWcL7OlHtDlCKFQ0UmQw8pMP1CI="/>
    <property name="java.specification.vendor" value="Oracle Corporation"/>
    <property name="java.home" value="/usr/lib/jvm/java-8-openjdk-amd64/jre"/>
    <property name="file.separator" value="/"/>
    <property name="basedir" value="/home/alex/Repositories/hive/ql"/>
    <property name="line.separator" value="&#10;"/>
    <property name="nondexEnd" value="9223372036854775807"/>
    <property name="java.specification.name" value="Java Platform API Specification"/>
    <property name="derby.stream.error.file" value="/home/alex/Repositories/hive/ql/target/tmp/derby.log"/>
    <property name="java.vm.specification.vendor" value="Oracle Corporation"/>
    <property name="sun.boot.class.path" value="/home/alex/Repositories/hive/ql/.nondex/nondex-instr.jar:/home/alex/.m2/repository/edu/illinois/nondex-common/2.1.7/nondex-common-2.1.7.jar:/home/alex/.m2/repository/edu/illinois/nondex-annotations/2.1.7/nondex-annotations-2.1.7.jar:/usr/lib/jvm/java-8-openjdk-amd64/jre/lib/resources.jar:/usr/lib/jvm/java-8-openjdk-amd64/jre/lib/rt.jar:/usr/lib/jvm/java-8-openjdk-amd64/jre/lib/sunrsasign.jar:/usr/lib/jvm/java-8-openjdk-amd64/jre/lib/jsse.jar:/usr/lib/jvm/java-8-openjdk-amd64/jre/lib/jce.jar:/usr/lib/jvm/java-8-openjdk-amd64/jre/lib/charsets.jar:/usr/lib/jvm/java-8-openjdk-amd64/jre/lib/jfr.jar:/usr/lib/jvm/java-8-openjdk-amd64/jre/classes"/>
    <property name="log4j.debug" value="true"/>
    <property name="sun.management.compiler" value="HotSpot 64-Bit Tiered Compilers"/>
    <property name="spark.home" value=""/>
    <property name="java.runtime.version" value="1.8.0_402-8u402-ga-2ubuntu1~22.04-b06"/>
    <property name="user.name" value="alex"/>
    <property name="test.src.tables" value=""/>
    <property name="file.encoding" value="UTF-8"/>
    <property name="qfile_regex" value=""/>
    <property name="hadoop.bin.path" value="/home/alex/Repositories/hive/ql/../testutils/hadoop"/>
    <property name="localRepository" value="/home/alex/.m2/repository"/>
    <property name="build.dir" value="/home/alex/Repositories/hive/ql/target"/>
    <property name="nondexDir" value="/home/alex/Repositories/hive/ql/.nondex"/>
    <property name="nondexJarDir" value="/home/alex/Repositories/hive/ql/.nondex"/>
    <property name="mapred.job.tracker" value="local"/>
    <property name="java.io.tmpdir" value="/home/alex/Repositories/hive/ql/target/tmp"/>
    <property name="com.zaxxer.hikari.pool_number" value="3"/>
    <property name="java.version" value="1.8.0_402"/>
    <property name="hive.version" value="4.0.0-SNAPSHOT"/>
    <property name="java.vm.specification.name" value="Java Virtual Machine Specification"/>
    <property name="java.awt.printerjob" value="sun.print.PSPrinterJob"/>
    <property name="sun.os.patch.level" value="unknown"/>
    <property name="test.data.dir" value="/home/alex/Repositories/hive/ql/../data/files"/>
    <property name="java.library.path" value="/usr/java/packages/lib/amd64:/usr/lib/x86_64-linux-gnu/jni:/lib/x86_64-linux-gnu:/usr/lib/x86_64-linux-gnu:/usr/lib/jni:/lib:/usr/lib"/>
    <property name="java.vendor" value="Private Build"/>
    <property name="java.specification.maintenance.version" value="5"/>
    <property name="sun.io.unicode.encoding" value="UnicodeLittle"/>
    <property name="initScript" value=""/>
    <property name="sun.desktop" value="gnome"/>
    <property name="calcite.enable.rexnode.digest.normalize" value="false"/>
    <property name="nondexStart" value="0"/>
    <property name="file.encoding.pkg" value="sun.io"/>
    <property name="log4j.configurationFile" value="file:///home/alex/Repositories/hive/ql/target/testconf/hive-log4j2.properties"/>
    <property name="java.class.path" value="/home/alex/Repositories/hive/ql/target/test-classes:/home/alex/Repositories/hive/ql/target/classes:/home/alex/.m2/repository/org/apache/atlas/atlas-client-v2/2.1.0/atlas-client-v2-2.1.0.jar:/home/alex/.m2/repository/cglib/cglib/2.2.2/cglib-2.2.2.jar:/home/alex/.m2/repository/asm/asm/3.3.1/asm-3.3.1.jar:/home/alex/.m2/repository/org/apache/atlas/atlas-client-common/2.1.0/atlas-client-common-2.1.0.jar:/home/alex/.m2/repository/org/apache/httpcomponents/httpclient/4.5.13/httpclient-4.5.13.jar:/home/alex/.m2/repository/com/sun/jersey/jersey-client/1.19/jersey-client-1.19.jar:/home/alex/.m2/repository/org/apache/atlas/atlas-intg/2.1.0/atlas-intg-2.1.0.jar:/home/alex/.m2/repository/commons-collections/commons-collections/3.2.2/commons-collections-3.2.2.jar:/home/alex/.m2/repository/commons-validator/commons-validator/1.6/commons-validator-1.6.jar:/home/alex/.m2/repository/commons-digester/commons-digester/1.8.1/commons-digester-1.8.1.jar:/home/alex/.m2/repository/com/fasterxml/jackson/jaxrs/jackson-jaxrs-base/2.12.0/jackson-jaxrs-base-2.12.0.jar:/home/alex/.m2/repository/com/fasterxml/jackson/jaxrs/jackson-jaxrs-json-provider/2.12.0/jackson-jaxrs-json-provider-2.12.0.jar:/home/alex/.m2/repository/javax/inject/javax.inject/1/javax.inject-1.jar:/home/alex/.m2/repository/org/springframework/spring-context/4.3.20.RELEASE/spring-context-4.3.20.RELEASE.jar:/home/alex/.m2/repository/org/springframework/spring-aop/4.3.20.RELEASE/spring-aop-4.3.20.RELEASE.jar:/home/alex/.m2/repository/org/springframework/spring-beans/4.3.20.RELEASE/spring-beans-4.3.20.RELEASE.jar:/home/alex/.m2/repository/org/springframework/spring-core/4.3.20.RELEASE/spring-core-4.3.20.RELEASE.jar:/home/alex/.m2/repository/org/springframework/spring-expression/4.3.20.RELEASE/spring-expression-4.3.20.RELEASE.jar:/home/alex/.m2/repository/commons-configuration/commons-configuration/1.10/commons-configuration-1.10.jar:/home/alex/.m2/repository/commons-lang/commons-lang/2.6/commons-lang-2.6.jar:/home/alex/.m2/repository/commons-logging/commons-logging/1.1.1/commons-logging-1.1.1.jar:/home/alex/.m2/repository/org/apache/commons/commons-math3/3.6.1/commons-math3-3.6.1.jar:/home/alex/Repositories/hive/vector-code-gen/target/classes:/home/alex/.m2/repository/org/apache/velocity/velocity/1.5/velocity-1.5.jar:/home/alex/Repositories/hive/common/target/classes:/home/alex/Repositories/hive/classification/target/classes:/home/alex/Repositories/hive/standalone-metastore/metastore-common/target/classes:/home/alex/.m2/repository/commons-cli/commons-cli/1.4/commons-cli-1.4.jar:/home/alex/.m2/repository/org/apache/orc/orc-core/1.6.9/orc-core-1.6.9.jar:/home/alex/.m2/repository/org/apache/orc/orc-shims/1.6.9/orc-shims-1.6.9.jar:/home/alex/.m2/repository/io/airlift/aircompressor/0.19/aircompressor-0.19.jar:/home/alex/.m2/repository/org/jetbrains/annotations/17.0.0/annotations-17.0.0.jar:/home/alex/.m2/repository/org/threeten/threeten-extra/1.5.0/threeten-extra-1.5.0.jar:/home/alex/.m2/repository/jline/jline/2.14.6/jline-2.14.6.jar:/home/alex/.m2/repository/javax/servlet/javax.servlet-api/3.1.0/javax.servlet-api-3.1.0.jar:/home/alex/.m2/repository/org/eclipse/jetty/jetty-http/9.3.27.v20190418/jetty-http-9.3.27.v20190418.jar:/home/alex/.m2/repository/org/eclipse/jetty/jetty-rewrite/9.3.27.v20190418/jetty-rewrite-9.3.27.v20190418.jar:/home/alex/.m2/repository/org/eclipse/jetty/jetty-client/9.3.27.v20190418/jetty-client-9.3.27.v20190418.jar:/home/alex/.m2/repository/org/eclipse/jetty/jetty-server/9.3.27.v20190418/jetty-server-9.3.27.v20190418.jar:/home/alex/.m2/repository/org/eclipse/jetty/jetty-io/9.3.27.v20190418/jetty-io-9.3.27.v20190418.jar:/home/alex/.m2/repository/org/eclipse/jetty/jetty-servlet/9.3.27.v20190418/jetty-servlet-9.3.27.v20190418.jar:/home/alex/.m2/repository/org/eclipse/jetty/jetty-security/9.3.27.v20190418/jetty-security-9.3.27.v20190418.jar:/home/alex/.m2/repository/org/eclipse/jetty/jetty-webapp/9.3.27.v20190418/jetty-webapp-9.3.27.v20190418.jar:/home/alex/.m2/repository/org/eclipse/jetty/jetty-xml/9.3.27.v20190418/jetty-xml-9.3.27.v20190418.jar:/home/alex/.m2/repository/joda-time/joda-time/2.9.9/joda-time-2.9.9.jar:/home/alex/.m2/repository/org/apache/logging/log4j/log4j-web/2.13.2/log4j-web-2.13.2.jar:/home/alex/.m2/repository/net/sf/jpam/jpam/1.1/jpam-1.1.jar:/home/alex/.m2/repository/io/dropwizard/metrics/metrics-core/3.1.0/metrics-core-3.1.0.jar:/home/alex/.m2/repository/io/dropwizard/metrics/metrics-jvm/3.1.0/metrics-jvm-3.1.0.jar:/home/alex/.m2/repository/io/dropwizard/metrics/metrics-json/3.1.0/metrics-json-3.1.0.jar:/home/alex/.m2/repository/com/github/joshelser/dropwizard-metrics-hadoop-metrics2-reporter/0.1.2/dropwizard-metrics-hadoop-metrics2-reporter-0.1.2.jar:/home/alex/Repositories/hive/metastore/target/classes:/home/alex/.m2/repository/org/apache/derby/derby/10.14.1.0/derby-10.14.1.0.jar:/home/alex/Repositories/hive/serde/target/classes:/home/alex/.m2/repository/com/google/code/findbugs/jsr305/3.0.0/jsr305-3.0.0.jar:/home/alex/.m2/repository/org/apache/arrow/arrow-vector/0.15.1/arrow-vector-0.15.1.jar:/home/alex/.m2/repository/org/apache/arrow/arrow-format/0.15.1/arrow-format-0.15.1.jar:/home/alex/.m2/repository/org/apache/arrow/arrow-memory/0.15.1/arrow-memory-0.15.1.jar:/home/alex/.m2/repository/com/google/flatbuffers/flatbuffers-java/1.9.0/flatbuffers-java-1.9.0.jar:/home/alex/.m2/repository/com/carrotsearch/hppc/0.7.2/hppc-0.7.2.jar:/home/alex/.m2/repository/com/github/davidmoten/flatbuffers-java/1.6.0.1/flatbuffers-java-1.6.0.1.jar:/home/alex/Repositories/hive/parser/target/classes:/home/alex/Repositories/hive/udf/target/classes:/home/alex/Repositories/hive/service-rpc/target/classes:/home/alex/Repositories/hive/llap-client/target/classes:/home/alex/Repositories/hive/llap-common/target/classes:/home/alex/.m2/repository/io/jsonwebtoken/jjwt-api/0.10.5/jjwt-api-0.10.5.jar:/home/alex/.m2/repository/io/jsonwebtoken/jjwt-impl/0.10.5/jjwt-impl-0.10.5.jar:/home/alex/.m2/repository/io/jsonwebtoken/jjwt-jackson/0.10.5/jjwt-jackson-0.10.5.jar:/home/alex/Repositories/hive/llap-tez/target/classes:/home/alex/Repositories/hive/shims/aggregator/target/classes:/home/alex/Repositories/hive/shims/common/target/classes:/home/alex/Repositories/hive/shims/0.23/target/classes:/home/alex/.m2/repository/org/apache/hadoop/hadoop-yarn-server-resourcemanager/3.1.0/hadoop-yarn-server-resourcemanager-3.1.0.jar:/home/alex/.m2/repository/org/apache/hadoop/hadoop-yarn-server-applicationhistoryservice/3.1.0/hadoop-yarn-server-applicationhistoryservice-3.1.0.jar:/home/alex/.m2/repository/de/ruedigermoeller/fst/2.50/fst-2.50.jar:/home/alex/.m2/repository/com/cedarsoftware/java-util/1.9.0/java-util-1.9.0.jar:/home/alex/.m2/repository/com/cedarsoftware/json-io/2.5.1/json-io-2.5.1.jar:/home/alex/Repositories/hive/shims/scheduler/target/classes:/home/alex/Repositories/hive/spark-client/target/classes:/home/alex/.m2/repository/io/netty/netty-all/4.1.65.Final/netty-all-4.1.65.Final.jar:/home/alex/.m2/repository/com/fasterxml/jackson/module/jackson-module-scala_2.12/2.12.0/jackson-module-scala_2.12-2.12.0.jar:/home/alex/.m2/repository/org/apache/spark/spark-yarn_2.12/2.4.5/spark-yarn_2.12-2.4.5.jar:/home/alex/Repositories/hive/storage-api/target/classes:/home/alex/.m2/repository/com/amazonaws/aws-java-sdk-bundle/1.11.901/aws-java-sdk-bundle-1.11.901.jar:/home/alex/.m2/repository/com/amazonaws/secretsmanager/aws-secretsmanager-caching-java/1.0.1/aws-secretsmanager-caching-java-1.0.1.jar:/home/alex/.m2/repository/com/esotericsoftware/kryo/5.0.3/kryo-5.0.3.jar:/home/alex/.m2/repository/org/objenesis/objenesis/3.1/objenesis-3.1.jar:/home/alex/.m2/repository/com/esotericsoftware/minlog/1.3.1/minlog-1.3.1.jar:/home/alex/.m2/repository/com/esotericsoftware/reflectasm/1.11.9/reflectasm-1.11.9.jar:/home/alex/.m2/repository/com/google/protobuf/protobuf-java/2.5.0/protobuf-java-2.5.0.jar:/home/alex/.m2/repository/org/apache/hbase/hbase-common/2.0.0-alpha4/hbase-common-2.0.0-alpha4.jar:/home/alex/.m2/repository/org/apache/hbase/thirdparty/hbase-shaded-miscellaneous/1.0.1/hbase-shaded-miscellaneous-1.0.1.jar:/home/alex/.m2/repository/org/apache/htrace/htrace-core/3.2.0-incubating/htrace-core-3.2.0-incubating.jar:/home/alex/.m2/repository/org/apache/commons/commons-crypto/1.0.0/commons-crypto-1.0.0.jar:/home/alex/.m2/repository/com/github/stephenc/findbugs/findbugs-annotations/1.3.9-1/findbugs-annotations-1.3.9-1.jar:/home/alex/.m2/repository/log4j/log4j/1.2.17/log4j-1.2.17.jar:/home/alex/.m2/repository/org/apache/yetus/audience-annotations/0.5.0/audience-annotations-0.5.0.jar:/home/alex/.m2/repository/org/apache/parquet/parquet-hadoop-bundle/1.11.1/parquet-hadoop-bundle-1.11.1.jar:/home/alex/.m2/repository/commons-codec/commons-codec/1.15/commons-codec-1.15.jar:/home/alex/.m2/repository/commons-io/commons-io/2.6/commons-io-2.6.jar:/home/alex/.m2/repository/org/apache/commons/commons-collections4/4.1/commons-collections4-4.1.jar:/home/alex/.m2/repository/org/apache/commons/commons-lang3/3.9/commons-lang3-3.9.jar:/home/alex/.m2/repository/org/apache/commons/commons-text/1.8/commons-text-1.8.jar:/home/alex/.m2/repository/javolution/javolution/5.5.1/javolution-5.5.1.jar:/home/alex/.m2/repository/org/apache/logging/log4j/log4j-1.2-api/2.13.2/log4j-1.2-api-2.13.2.jar:/home/alex/.m2/repository/org/apache/logging/log4j/log4j-api/2.13.2/log4j-api-2.13.2.jar:/home/alex/.m2/repository/org/apache/logging/log4j/log4j-core/2.13.2/log4j-core-2.13.2.jar:/home/alex/.m2/repository/org/apache/logging/log4j/log4j-slf4j-impl/2.13.2/log4j-slf4j-impl-2.13.2.jar:/home/alex/.m2/repository/org/antlr/antlr-runtime/3.5.2/antlr-runtime-3.5.2.jar:/home/alex/.m2/repository/org/antlr/ST4/4.0.4/ST4-4.0.4.jar:/home/alex/.m2/repository/org/apache/avro/avro/1.8.2/avro-1.8.2.jar:/home/alex/.m2/repository/org/codehaus/jackson/jackson-core-asl/1.9.13/jackson-core-asl-1.9.13.jar:/home/alex/.m2/repository/org/codehaus/jackson/jackson-mapper-asl/1.9.13/jackson-mapper-asl-1.9.13.jar:/home/alex/.m2/repository/com/thoughtworks/paranamer/paranamer/2.8/paranamer-2.8.jar:/home/alex/.m2/repository/org/xerial/snappy/snappy-java/1.1.4/snappy-java-1.1.4.jar:/home/alex/.m2/repository/org/tukaani/xz/1.5/xz-1.5.jar:/home/alex/.m2/repository/org/apache/avro/avro-mapred/1.8.2/avro-mapred-1.8.2-hadoop2.jar:/home/alex/.m2/repository/org/apache/avro/avro-ipc/1.8.2/avro-ipc-1.8.2.jar:/home/alex/.m2/repository/org/mortbay/jetty/jetty/6.1.26/jetty-6.1.26.jar:/home/alex/.m2/repository/org/apache/ant/ant/1.9.1/ant-1.9.1.jar:/home/alex/.m2/repository/org/apache/ant/ant-launcher/1.9.1/ant-launcher-1.9.1.jar:/home/alex/.m2/repository/org/apache/commons/commons-compress/1.21/commons-compress-1.21.jar:/home/alex/.m2/repository/org/apache/thrift/libfb303/0.9.3/libfb303-0.9.3.jar:/home/alex/.m2/repository/org/apache/hadoop/hadoop-common/3.1.0/hadoop-common-3.1.0.jar:/home/alex/.m2/repository/org/apache/hadoop/hadoop-annotations/3.1.0/hadoop-annotations-3.1.0.jar:/home/alex/.m2/repository/commons-net/commons-net/3.6/commons-net-3.6.jar:/home/alex/.m2/repository/org/eclipse/jetty/jetty-util/9.3.27.v20190418/jetty-util-9.3.27.v20190418.jar:/home/alex/.m2/repository/javax/servlet/jsp/jsp-api/2.1/jsp-api-2.1.jar:/home/alex/.m2/repository/com/sun/jersey/jersey-core/1.19/jersey-core-1.19.jar:/home/alex/.m2/repository/javax/ws/rs/jsr311-api/1.1.1/jsr311-api-1.1.1.jar:/home/alex/.m2/repository/com/sun/jersey/jersey-json/1.19/jersey-json-1.19.jar:/home/alex/.m2/repository/com/sun/xml/bind/jaxb-impl/2.2.3-1/jaxb-impl-2.2.3-1.jar:/home/alex/.m2/repository/org/codehaus/jackson/jackson-jaxrs/1.9.2/jackson-jaxrs-1.9.2.jar:/home/alex/.m2/repository/org/codehaus/jackson/jackson-xc/1.9.2/jackson-xc-1.9.2.jar:/home/alex/.m2/repository/com/sun/jersey/jersey-server/1.19/jersey-server-1.19.jar:/home/alex/.m2/repository/org/apache/commons/commons-configuration2/2.1.1/commons-configuration2-2.1.1.jar:/home/alex/.m2/repository/org/apache/hadoop/hadoop-auth/3.1.0/hadoop-auth-3.1.0.jar:/home/alex/.m2/repository/com/nimbusds/nimbus-jose-jwt/4.41.1/nimbus-jose-jwt-4.41.1.jar:/home/alex/.m2/repository/com/github/stephenc/jcip/jcip-annotations/1.0-1/jcip-annotations-1.0-1.jar:/home/alex/.m2/repository/com/jcraft/jsch/0.1.54/jsch-0.1.54.jar:/home/alex/.m2/repository/org/apache/htrace/htrace-core4/4.1.0-incubating/htrace-core4-4.1.0-incubating.jar:/home/alex/.m2/repository/org/apache/kerby/kerb-simplekdc/1.0.1/kerb-simplekdc-1.0.1.jar:/home/alex/.m2/repository/org/apache/kerby/kerb-client/1.0.1/kerb-client-1.0.1.jar:/home/alex/.m2/repository/org/apache/kerby/kerby-config/1.0.1/kerby-config-1.0.1.jar:/home/alex/.m2/repository/org/apache/kerby/kerb-core/1.0.1/kerb-core-1.0.1.jar:/home/alex/.m2/repository/org/apache/kerby/kerby-pkix/1.0.1/kerby-pkix-1.0.1.jar:/home/alex/.m2/repository/org/apache/kerby/kerby-asn1/1.0.1/kerby-asn1-1.0.1.jar:/home/alex/.m2/repository/org/apache/kerby/kerby-util/1.0.1/kerby-util-1.0.1.jar:/home/alex/.m2/repository/org/apache/kerby/kerb-common/1.0.1/kerb-common-1.0.1.jar:/home/alex/.m2/repository/org/apache/kerby/kerb-crypto/1.0.1/kerb-crypto-1.0.1.jar:/home/alex/.m2/repository/org/apache/kerby/kerb-util/1.0.1/kerb-util-1.0.1.jar:/home/alex/.m2/repository/org/apache/kerby/token-provider/1.0.1/token-provider-1.0.1.jar:/home/alex/.m2/repository/org/apache/kerby/kerb-admin/1.0.1/kerb-admin-1.0.1.jar:/home/alex/.m2/repository/org/apache/kerby/kerb-server/1.0.1/kerb-server-1.0.1.jar:/home/alex/.m2/repository/org/apache/kerby/kerb-identity/1.0.1/kerb-identity-1.0.1.jar:/home/alex/.m2/repository/org/apache/kerby/kerby-xdr/1.0.1/kerby-xdr-1.0.1.jar:/home/alex/.m2/repository/org/codehaus/woodstox/stax2-api/3.1.4/stax2-api-3.1.4.jar:/home/alex/.m2/repository/com/fasterxml/woodstox/woodstox-core/5.0.3/woodstox-core-5.0.3.jar:/home/alex/.m2/repository/org/apache/hadoop/hadoop-archives/3.1.0/hadoop-archives-3.1.0.jar:/home/alex/.m2/repository/org/apache/hadoop/hadoop-yarn-registry/3.1.0/hadoop-yarn-registry-3.1.0.jar:/home/alex/.m2/repository/org/apache/curator/curator-client/4.2.0/curator-client-4.2.0.jar:/home/alex/.m2/repository/org/apache/curator/curator-recipes/4.2.0/curator-recipes-4.2.0.jar:/home/alex/.m2/repository/commons-daemon/commons-daemon/1.0.13/commons-daemon-1.0.13.jar:/home/alex/.m2/repository/dnsjava/dnsjava/2.1.7/dnsjava-2.1.7.jar:/home/alex/.m2/repository/org/apache/hadoop/hadoop-mapreduce-client-core/3.1.0/hadoop-mapreduce-client-core-3.1.0.jar:/home/alex/.m2/repository/org/apache/hadoop/hadoop-hdfs-client/3.1.0/hadoop-hdfs-client-3.1.0.jar:/home/alex/.m2/repository/com/squareup/okhttp/okhttp/2.7.5/okhttp-2.7.5.jar:/home/alex/.m2/repository/com/squareup/okio/okio/1.6.0/okio-1.6.0.jar:/home/alex/.m2/repository/com/google/inject/extensions/guice-servlet/4.0/guice-servlet-4.0.jar:/home/alex/.m2/repository/org/apache/hadoop/hadoop-mapreduce-client-common/3.1.0/hadoop-mapreduce-client-common-3.1.0.jar:/home/alex/.m2/repository/org/apache/hadoop/hadoop-hdfs/3.1.0/hadoop-hdfs-3.1.0.jar:/home/alex/.m2/repository/org/eclipse/jetty/jetty-util-ajax/9.3.19.v20170502/jetty-util-ajax-9.3.19.v20170502.jar:/home/alex/.m2/repository/org/fusesource/leveldbjni/leveldbjni-all/1.8/leveldbjni-all-1.8.jar:/home/alex/.m2/repository/org/apache/hadoop/hadoop-yarn-api/3.1.0/hadoop-yarn-api-3.1.0.jar:/home/alex/.m2/repository/javax/xml/bind/jaxb-api/2.2.11/jaxb-api-2.2.11.jar:/home/alex/.m2/repository/org/apache/hadoop/hadoop-yarn-common/3.1.0/hadoop-yarn-common-3.1.0.jar:/home/alex/.m2/repository/com/google/inject/guice/4.0/guice-4.0.jar:/home/alex/.m2/repository/aopalliance/aopalliance/1.0/aopalliance-1.0.jar:/home/alex/.m2/repository/com/sun/jersey/contribs/jersey-guice/1.19/jersey-guice-1.19.jar:/home/alex/.m2/repository/com/fasterxml/jackson/module/jackson-module-jaxb-annotations/2.12.0/jackson-module-jaxb-annotations-2.12.0.jar:/home/alex/.m2/repository/jakarta/xml/bind/jakarta.xml.bind-api/2.3.2/jakarta.xml.bind-api-2.3.2.jar:/home/alex/.m2/repository/jakarta/activation/jakarta.activation-api/1.2.1/jakarta.activation-api-1.2.1.jar:/home/alex/.m2/repository/org/apache/hadoop/hadoop-yarn-client/3.1.0/hadoop-yarn-client-3.1.0.jar:/home/alex/.m2/repository/org/apache/orc/orc-tools/1.6.9/orc-tools-1.6.9.jar:/home/alex/.m2/repository/com/opencsv/opencsv/3.9/opencsv-3.9.jar:/home/alex/.m2/repository/org/codehaus/jettison/jettison/1.1/jettison-1.1.jar:/home/alex/.m2/repository/org/threeten/threetenbp/1.3.5/threetenbp-1.3.5.jar:/home/alex/.m2/repository/org/apache/ivy/ivy/2.4.0/ivy-2.4.0.jar:/home/alex/.m2/repository/org/apache/thrift/libthrift/0.14.1/libthrift-0.14.1.jar:/home/alex/.m2/repository/org/apache/httpcomponents/httpcore/4.4.13/httpcore-4.4.13.jar:/home/alex/.m2/repository/org/apache/tomcat/embed/tomcat-embed-core/8.5.46/tomcat-embed-core-8.5.46.jar:/home/alex/.m2/repository/org/apache/tomcat/tomcat-annotations-api/8.5.46/tomcat-annotations-api-8.5.46.jar:/home/alex/.m2/repository/javax/annotation/javax.annotation-api/1.3.2/javax.annotation-api-1.3.2.jar:/home/alex/.m2/repository/org/apache/zookeeper/zookeeper/3.5.5/zookeeper-3.5.5.jar:/home/alex/.m2/repository/org/apache/zookeeper/zookeeper-jute/3.5.5/zookeeper-jute-3.5.5.jar:/home/alex/.m2/repository/org/apache/curator/curator-framework/4.2.0/curator-framework-4.2.0.jar:/home/alex/.m2/repository/org/apache/curator/curator-test/4.2.0/curator-test-4.2.0.jar:/home/alex/.m2/repository/org/apache/datasketches/datasketches-hive/1.1.0-incubating/datasketches-hive-1.1.0-incubating.jar:/home/alex/.m2/repository/org/apache/datasketches/datasketches-java/1.3.0-incubating/datasketches-java-1.3.0-incubating.jar:/home/alex/.m2/repository/org/apache/datasketches/datasketches-memory/1.2.0-incubating/datasketches-memory-1.2.0-incubating.jar:/home/alex/.m2/repository/org/slf4j/slf4j-simple/1.7.27/slf4j-simple-1.7.27.jar:/home/alex/.m2/repository/com/lmax/disruptor/3.3.7/disruptor-3.3.7.jar:/home/alex/.m2/repository/org/codehaus/groovy/groovy-all/2.4.11/groovy-all-2.4.11.jar:/home/alex/.m2/repository/org/jodd/jodd-util/6.0.0/jodd-util-6.0.0.jar:/home/alex/.m2/repository/com/fasterxml/jackson/core/jackson-annotations/2.12.0/jackson-annotations-2.12.0.jar:/home/alex/.m2/repository/com/fasterxml/jackson/core/jackson-core/2.12.0/jackson-core-2.12.0.jar:/home/alex/.m2/repository/com/fasterxml/jackson/core/jackson-databind/2.12.0/jackson-databind-2.12.0.jar:/home/alex/.m2/repository/com/fasterxml/jackson/dataformat/jackson-dataformat-yaml/2.12.0/jackson-dataformat-yaml-2.12.0.jar:/home/alex/.m2/repository/org/yaml/snakeyaml/1.27/snakeyaml-1.27.jar:/home/alex/.m2/repository/org/datanucleus/datanucleus-core/5.2.4/datanucleus-core-5.2.4.jar:/home/alex/.m2/repository/org/apache/calcite/calcite-core/1.25.0/calcite-core-1.25.0.jar:/home/alex/.m2/repository/org/apache/calcite/calcite-linq4j/1.25.0/calcite-linq4j-1.25.0.jar:/home/alex/.m2/repository/org/apiguardian/apiguardian-api/1.1.0/apiguardian-api-1.1.0.jar:/home/alex/.m2/repository/com/esri/geometry/esri-geometry-api/2.2.0/esri-geometry-api-2.2.0.jar:/home/alex/.m2/repository/com/yahoo/datasketches/sketches-core/0.9.0/sketches-core-0.9.0.jar:/home/alex/.m2/repository/com/yahoo/datasketches/memory/0.9.0/memory-0.9.0.jar:/home/alex/.m2/repository/org/apache/commons/commons-dbcp2/2.7.0/commons-dbcp2-2.7.0.jar:/home/alex/.m2/repository/org/apache/commons/commons-pool2/2.7.0/commons-pool2-2.7.0.jar:/home/alex/.m2/repository/org/apache/calcite/calcite-druid/1.25.0/calcite-druid-1.25.0.jar:/home/alex/.m2/repository/org/apache/calcite/avatica/avatica/1.12.0/avatica-1.12.0.jar:/home/alex/.m2/repository/com/google/guava/guava/19.0/guava-19.0.jar:/home/alex/.m2/repository/com/googlecode/javaewah/JavaEWAH/0.3.2/JavaEWAH-0.3.2.jar:/home/alex/.m2/repository/com/google/code/gson/gson/2.2.4/gson-2.2.4.jar:/home/alex/.m2/repository/com/tdunning/json/1.8/json-1.8.jar:/home/alex/.m2/repository/stax/stax-api/1.0.1/stax-api-1.0.1.jar:/home/alex/.m2/repository/net/sf/opencsv/opencsv/2.3/opencsv-2.3.jar:/home/alex/Repositories/hive/standalone-metastore/metastore-server/target/classes:/home/alex/.m2/repository/com/zaxxer/HikariCP/2.6.1/HikariCP-2.6.1.jar:/home/alex/.m2/repository/commons-beanutils/commons-beanutils/1.9.4/commons-beanutils-1.9.4.jar:/home/alex/.m2/repository/org/datanucleus/datanucleus-api-jdo/5.2.4/datanucleus-api-jdo-5.2.4.jar:/home/alex/.m2/repository/org/datanucleus/datanucleus-rdbms/5.2.4/datanucleus-rdbms-5.2.4.jar:/home/alex/.m2/repository/org/datanucleus/javax.jdo/3.2.0-release/javax.jdo-3.2.0-release.jar:/home/alex/.m2/repository/javax/transaction/javax.transaction-api/1.3/javax.transaction-api-1.3.jar:/home/alex/.m2/repository/org/glassfish/corba/glassfish-corba-omgapi/4.2.2/glassfish-corba-omgapi-4.2.2.jar:/home/alex/.m2/repository/sqlline/sqlline/1.9.0/sqlline-1.9.0.jar:/home/alex/.m2/repository/org/jline/jline-terminal/3.12.1/jline-terminal-3.12.1.jar:/home/alex/.m2/repository/org/jline/jline-reader/3.12.1/jline-reader-3.12.1.jar:/home/alex/.m2/repository/org/jline/jline-terminal-jansi/3.12.1/jline-terminal-jansi-3.12.1.jar:/home/alex/.m2/repository/org/fusesource/jansi/jansi/1.18/jansi-1.18.jar:/home/alex/.m2/repository/org/jline/jline-terminal-jna/3.12.1/jline-terminal-jna-3.12.1.jar:/home/alex/.m2/repository/net/java/dev/jna/jna/5.3.1/jna-5.3.1.jar:/home/alex/.m2/repository/org/jline/jline-builtins/3.12.1/jline-builtins-3.12.1.jar:/home/alex/.m2/repository/org/jline/jline-style/3.12.1/jline-style-3.12.1.jar:/home/alex/.m2/repository/com/cronutils/cron-utils/9.1.3/cron-utils-9.1.3.jar:/home/alex/.m2/repository/org/glassfish/javax.el/3.0.0/javax.el-3.0.0.jar:/home/alex/.m2/repository/com/oracle/database/jdbc/ojdbc8/21.3.0.0/ojdbc8-21.3.0.0.jar:/home/alex/.m2/repository/mysql/mysql-connector-java/8.0.27/mysql-connector-java-8.0.27.jar:/home/alex/.m2/repository/com/microsoft/sqlserver/mssql-jdbc/6.2.1.jre8/mssql-jdbc-6.2.1.jre8.jar:/home/alex/.m2/repository/org/postgresql/postgresql/42.2.14/postgresql-42.2.14.jar:/home/alex/Repositories/hive/common/target/test-classes:/home/alex/Repositories/hive/standalone-metastore/metastore-common/target/test-classes:/home/alex/.m2/repository/com/github/ben-manes/caffeine/caffeine/2.8.4/caffeine-2.8.4.jar:/home/alex/.m2/repository/org/checkerframework/checker-qual/3.4.0/checker-qual-3.4.0.jar:/home/alex/Repositories/hive/standalone-metastore/metastore-server/target/test-classes:/home/alex/.m2/repository/org/apache/parquet/parquet-column/1.11.1/parquet-column-1.11.1-tests.jar:/home/alex/.m2/repository/org/apache/parquet/parquet-common/1.11.1/parquet-common-1.11.1.jar:/home/alex/.m2/repository/org/apache/parquet/parquet-format-structures/1.11.1/parquet-format-structures-1.11.1.jar:/home/alex/.m2/repository/org/apache/parquet/parquet-encoding/1.11.1/parquet-encoding-1.11.1.jar:/home/alex/.m2/repository/junit/junit/4.13/junit-4.13.jar:/home/alex/.m2/repository/org/hamcrest/hamcrest-core/1.3/hamcrest-core-1.3.jar:/home/alex/.m2/repository/org/junit/jupiter/junit-jupiter-engine/5.6.2/junit-jupiter-engine-5.6.2.jar:/home/alex/.m2/repository/org/junit/platform/junit-platform-engine/1.6.2/junit-platform-engine-1.6.2.jar:/home/alex/.m2/repository/org/opentest4j/opentest4j/1.2.0/opentest4j-1.2.0.jar:/home/alex/.m2/repository/org/junit/platform/junit-platform-commons/1.6.2/junit-platform-commons-1.6.2.jar:/home/alex/.m2/repository/org/junit/jupiter/junit-jupiter-api/5.6.2/junit-jupiter-api-5.6.2.jar:/home/alex/.m2/repository/org/junit/jupiter/junit-jupiter-params/5.6.2/junit-jupiter-params-5.6.2.jar:/home/alex/.m2/repository/org/junit/vintage/junit-vintage-engine/5.6.2/junit-vintage-engine-5.6.2.jar:/home/alex/.m2/repository/org/apache/tez/tez-api/0.10.1/tez-api-0.10.1.jar:/usr/lib/jvm/java-8-openjdk-amd64/jre/../lib/tools.jar:/home/alex/.m2/repository/org/apache/tez/tez-runtime-library/0.10.1/tez-runtime-library-0.10.1.jar:/home/alex/.m2/repository/org/roaringbitmap/RoaringBitmap/0.5.21/RoaringBitmap-0.5.21.jar:/home/alex/.m2/repository/org/asynchttpclient/async-http-client/2.12.1/async-http-client-2.12.1.jar:/home/alex/.m2/repository/org/asynchttpclient/async-http-client-netty-utils/2.12.1/async-http-client-netty-utils-2.12.1.jar:/home/alex/.m2/repository/io/netty/netty-buffer/4.1.48.Final/netty-buffer-4.1.48.Final.jar:/home/alex/.m2/repository/io/netty/netty-codec-http/4.1.48.Final/netty-codec-http-4.1.48.Final.jar:/home/alex/.m2/repository/io/netty/netty-common/4.1.48.Final/netty-common-4.1.48.Final.jar:/home/alex/.m2/repository/io/netty/netty-transport/4.1.48.Final/netty-transport-4.1.48.Final.jar:/home/alex/.m2/repository/io/netty/netty-codec/4.1.48.Final/netty-codec-4.1.48.Final.jar:/home/alex/.m2/repository/io/netty/netty-handler/4.1.48.Final/netty-handler-4.1.48.Final.jar:/home/alex/.m2/repository/io/netty/netty-resolver/4.1.48.Final/netty-resolver-4.1.48.Final.jar:/home/alex/.m2/repository/io/netty/netty-codec-socks/4.1.48.Final/netty-codec-socks-4.1.48.Final.jar:/home/alex/.m2/repository/io/netty/netty-handler-proxy/4.1.48.Final/netty-handler-proxy-4.1.48.Final.jar:/home/alex/.m2/repository/io/netty/netty-transport-native-epoll/4.1.48.Final/netty-transport-native-epoll-4.1.48.Final-linux-x86_64.jar:/home/alex/.m2/repository/io/netty/netty-transport-native-unix-common/4.1.48.Final/netty-transport-native-unix-common-4.1.48.Final.jar:/home/alex/.m2/repository/io/netty/netty-transport-native-kqueue/4.1.48.Final/netty-transport-native-kqueue-4.1.48.Final-osx-x86_64.jar:/home/alex/.m2/repository/org/reactivestreams/reactive-streams/1.0.3/reactive-streams-1.0.3.jar:/home/alex/.m2/repository/com/typesafe/netty/netty-reactive-streams/2.0.4/netty-reactive-streams-2.0.4.jar:/home/alex/.m2/repository/com/sun/activation/javax.activation/1.2.0/javax.activation-1.2.0.jar:/home/alex/.m2/repository/org/apache/tez/tez-common/0.10.1/tez-common-0.10.1.jar:/home/alex/.m2/repository/org/apache/tez/tez-runtime-internals/0.10.1/tez-runtime-internals-0.10.1.jar:/home/alex/.m2/repository/org/apache/tez/hadoop-shim/0.10.1/hadoop-shim-0.10.1.jar:/home/alex/.m2/repository/org/apache/tez/tez-mapreduce/0.10.1/tez-mapreduce-0.10.1.jar:/home/alex/.m2/repository/org/apache/tez/tez-dag/0.10.1/tez-dag-0.10.1.jar:/home/alex/.m2/repository/org/apache/hadoop/hadoop-yarn-server-web-proxy/3.1.0/hadoop-yarn-server-web-proxy-3.1.0.jar:/home/alex/.m2/repository/org/apache/hadoop/hadoop-yarn-server-common/3.1.0/hadoop-yarn-server-common-3.1.0.jar:/home/alex/.m2/repository/org/apache/geronimo/specs/geronimo-jcache_1.0_spec/1.0-alpha-1/geronimo-jcache_1.0_spec-1.0-alpha-1.jar:/home/alex/.m2/repository/org/ehcache/ehcache/3.3.1/ehcache-3.3.1.jar:/home/alex/.m2/repository/com/zaxxer/HikariCP-java7/2.4.12/HikariCP-java7-2.4.12.jar:/home/alex/.m2/repository/org/apache/spark/spark-core_2.12/2.4.5/spark-core_2.12-2.4.5.jar:/home/alex/.m2/repository/com/twitter/chill_2.12/0.9.3/chill_2.12-0.9.3.jar:/home/alex/.m2/repository/com/twitter/chill-java/0.9.3/chill-java-0.9.3.jar:/home/alex/.m2/repository/org/apache/xbean/xbean-asm6-shaded/4.8/xbean-asm6-shaded-4.8.jar:/home/alex/.m2/repository/org/apache/hadoop/hadoop-client/3.1.0/hadoop-client-3.1.0.jar:/home/alex/.m2/repository/org/apache/hadoop/hadoop-mapreduce-client-jobclient/3.1.0/hadoop-mapreduce-client-jobclient-3.1.0.jar:/home/alex/.m2/repository/org/apache/spark/spark-launcher_2.12/2.4.5/spark-launcher_2.12-2.4.5.jar:/home/alex/.m2/repository/org/apache/spark/spark-kvstore_2.12/2.4.5/spark-kvstore_2.12-2.4.5.jar:/home/alex/.m2/repository/org/apache/spark/spark-network-common_2.12/2.4.5/spark-network-common_2.12-2.4.5.jar:/home/alex/.m2/repository/org/apache/spark/spark-network-shuffle_2.12/2.4.5/spark-network-shuffle_2.12-2.4.5.jar:/home/alex/.m2/repository/org/apache/spark/spark-unsafe_2.12/2.4.5/spark-unsafe_2.12-2.4.5.jar:/home/alex/.m2/repository/javax/activation/activation/1.1.1/activation-1.1.1.jar:/home/alex/.m2/repository/org/slf4j/jul-to-slf4j/1.7.16/jul-to-slf4j-1.7.16.jar:/home/alex/.m2/repository/org/slf4j/jcl-over-slf4j/1.7.16/jcl-over-slf4j-1.7.16.jar:/home/alex/.m2/repository/com/ning/compress-lzf/1.0.3/compress-lzf-1.0.3.jar:/home/alex/.m2/repository/org/lz4/lz4-java/1.4.0/lz4-java-1.4.0.jar:/home/alex/.m2/repository/com/github/luben/zstd-jni/1.3.2-2/zstd-jni-1.3.2-2.jar:/home/alex/.m2/repository/org/scala-lang/scala-library/2.12.10/scala-library-2.12.10.jar:/home/alex/.m2/repository/org/json4s/json4s-jackson_2.12/3.5.3/json4s-jackson_2.12-3.5.3.jar:/home/alex/.m2/repository/org/json4s/json4s-core_2.12/3.5.3/json4s-core_2.12-3.5.3.jar:/home/alex/.m2/repository/org/json4s/json4s-ast_2.12/3.5.3/json4s-ast_2.12-3.5.3.jar:/home/alex/.m2/repository/org/json4s/json4s-scalap_2.12/3.5.3/json4s-scalap_2.12-3.5.3.jar:/home/alex/.m2/repository/org/scala-lang/modules/scala-xml_2.12/1.0.6/scala-xml_2.12-1.0.6.jar:/home/alex/.m2/repository/com/clearspring/analytics/stream/2.7.0/stream-2.7.0.jar:/home/alex/.m2/repository/io/dropwizard/metrics/metrics-graphite/3.1.5/metrics-graphite-3.1.5.jar:/home/alex/.m2/repository/oro/oro/2.0.8/oro-2.0.8.jar:/home/alex/.m2/repository/net/razorvine/pyrolite/4.13/pyrolite-4.13.jar:/home/alex/.m2/repository/net/sf/py4j/py4j/0.10.7/py4j-0.10.7.jar:/home/alex/.m2/repository/org/apache/spark/spark-tags_2.12/2.4.5/spark-tags_2.12-2.4.5.jar:/home/alex/.m2/repository/org/spark-project/spark/unused/1.0.0/unused-1.0.0.jar:/home/alex/.m2/repository/com/sun/jersey/jersey-servlet/1.19/jersey-servlet-1.19.jar:/home/alex/.m2/repository/org/glassfish/jersey/core/jersey-server/2.22.2/jersey-server-2.22.2.jar:/home/alex/.m2/repository/org/glassfish/jersey/core/jersey-common/2.22.2/jersey-common-2.22.2.jar:/home/alex/.m2/repository/org/glassfish/jersey/bundles/repackaged/jersey-guava/2.22.2/jersey-guava-2.22.2.jar:/home/alex/.m2/repository/org/glassfish/hk2/osgi-resource-locator/1.0.1/osgi-resource-locator-1.0.1.jar:/home/alex/.m2/repository/org/glassfish/jersey/core/jersey-client/2.22.2/jersey-client-2.22.2.jar:/home/alex/.m2/repository/javax/ws/rs/javax.ws.rs-api/2.0.1/javax.ws.rs-api-2.0.1.jar:/home/alex/.m2/repository/org/glassfish/jersey/media/jersey-media-jaxb/2.22.2/jersey-media-jaxb-2.22.2.jar:/home/alex/.m2/repository/org/glassfish/hk2/hk2-api/2.4.0-b34/hk2-api-2.4.0-b34.jar:/home/alex/.m2/repository/org/glassfish/hk2/hk2-utils/2.4.0-b34/hk2-utils-2.4.0-b34.jar:/home/alex/.m2/repository/org/glassfish/hk2/external/aopalliance-repackaged/2.4.0-b34/aopalliance-repackaged-2.4.0-b34.jar:/home/alex/.m2/repository/org/glassfish/hk2/external/javax.inject/2.4.0-b34/javax.inject-2.4.0-b34.jar:/home/alex/.m2/repository/org/glassfish/hk2/hk2-locator/2.4.0-b34/hk2-locator-2.4.0-b34.jar:/home/alex/.m2/repository/javax/validation/validation-api/1.1.0.Final/validation-api-1.1.0.Final.jar:/home/alex/.m2/repository/org/glassfish/jersey/containers/jersey-container-servlet-core/2.22.2/jersey-container-servlet-core-2.22.2.jar:/home/alex/.m2/repository/org/hamcrest/hamcrest-all/1.3/hamcrest-all-1.3.jar:/home/alex/.m2/repository/org/powermock/powermock-module-junit4/2.0.2/powermock-module-junit4-2.0.2.jar:/home/alex/.m2/repository/org/powermock/powermock-module-junit4-common/2.0.2/powermock-module-junit4-common-2.0.2.jar:/home/alex/.m2/repository/org/powermock/powermock-reflect/2.0.2/powermock-reflect-2.0.2.jar:/home/alex/.m2/repository/org/powermock/powermock-core/2.0.2/powermock-core-2.0.2.jar:/home/alex/.m2/repository/org/powermock/powermock-api-mockito2/2.0.2/powermock-api-mockito2-2.0.2.jar:/home/alex/.m2/repository/org/powermock/powermock-api-support/2.0.2/powermock-api-support-2.0.2.jar:/home/alex/.m2/repository/com/google/guava/guava-testlib/19.0/guava-testlib-19.0.jar:/home/alex/.m2/repository/com/google/errorprone/error_prone_annotations/2.0.2/error_prone_annotations-2.0.2.jar:/home/alex/.m2/repository/com/google/re2j/re2j/1.2/re2j-1.2.jar:/home/alex/.m2/repository/org/reflections/reflections/0.9.10/reflections-0.9.10.jar:/home/alex/.m2/repository/org/javassist/javassist/3.19.0-GA/javassist-3.19.0-GA.jar:/home/alex/.m2/repository/com/jayway/jsonpath/json-path/2.4.0/json-path-2.4.0.jar:/home/alex/.m2/repository/net/minidev/json-smart/2.3/json-smart-2.3.jar:/home/alex/.m2/repository/net/minidev/accessors-smart/1.2/accessors-smart-1.2.jar:/home/alex/.m2/repository/org/ow2/asm/asm/5.0.4/asm-5.0.4.jar:/home/alex/.m2/repository/org/codehaus/janino/commons-compiler/3.0.11/commons-compiler-3.0.11.jar:/home/alex/.m2/repository/org/codehaus/janino/janino/3.0.11/janino-3.0.11.jar:/home/alex/.m2/repository/com/sun/jersey/contribs/jersey-multipart/1.19/jersey-multipart-1.19.jar:/home/alex/.m2/repository/org/jvnet/mimepull/mimepull/1.9.3/mimepull-1.9.3.jar:/home/alex/.m2/repository/org/apache/kafka/kafka-clients/2.5.0/kafka-clients-2.5.0.jar:/home/alex/.m2/repository/org/slf4j/slf4j-api/1.7.30/slf4j-api-1.7.30.jar:/home/alex/.m2/repository/org/mockito/mockito-core/3.4.4/mockito-core-3.4.4.jar:/home/alex/.m2/repository/net/bytebuddy/byte-buddy/1.10.13/byte-buddy-1.10.13.jar:/home/alex/.m2/repository/net/bytebuddy/byte-buddy-agent/1.10.13/byte-buddy-agent-1.10.13.jar:/home/alex/Repositories/hive/ql/target/testconf:/home/alex/Repositories/hive/ql/../conf:"/>
    <property name="java.vm.vendor" value="Private Build"/>
    <property name="hadoop.version" value="3.1.0"/>
    <property name="user.timezone" value="US/Pacific"/>
    <property name="test.local.warehouse.dir" value="pfile:///home/alex/Repositories/hive/ql/target/localfs/warehouse"/>
    <property name="os.name" value="Linux"/>
    <property name="java.vm.specification.version" value="1.8"/>
    <property name="clustermode" value=""/>
    <property name="test.build.data" value="/home/alex/Repositories/hive/ql/target/tmp"/>
    <property name="sun.java.launcher" value="SUN_STANDARD"/>
    <property name="user.country" value="US"/>
    <property name="test.data.files" value="/home/alex/Repositories/hive/ql/../data/files"/>
    <property name="nondexLogging" value="CONFIG"/>
    <property name="surefire.test.class.path" value="/home/alex/Repositories/hive/ql/target/test-classes:/home/alex/Repositories/hive/ql/target/classes:/home/alex/.m2/repository/org/apache/atlas/atlas-client-v2/2.1.0/atlas-client-v2-2.1.0.jar:/home/alex/.m2/repository/cglib/cglib/2.2.2/cglib-2.2.2.jar:/home/alex/.m2/repository/asm/asm/3.3.1/asm-3.3.1.jar:/home/alex/.m2/repository/org/apache/atlas/atlas-client-common/2.1.0/atlas-client-common-2.1.0.jar:/home/alex/.m2/repository/org/apache/httpcomponents/httpclient/4.5.13/httpclient-4.5.13.jar:/home/alex/.m2/repository/com/sun/jersey/jersey-client/1.19/jersey-client-1.19.jar:/home/alex/.m2/repository/org/apache/atlas/atlas-intg/2.1.0/atlas-intg-2.1.0.jar:/home/alex/.m2/repository/commons-collections/commons-collections/3.2.2/commons-collections-3.2.2.jar:/home/alex/.m2/repository/commons-validator/commons-validator/1.6/commons-validator-1.6.jar:/home/alex/.m2/repository/commons-digester/commons-digester/1.8.1/commons-digester-1.8.1.jar:/home/alex/.m2/repository/com/fasterxml/jackson/jaxrs/jackson-jaxrs-base/2.12.0/jackson-jaxrs-base-2.12.0.jar:/home/alex/.m2/repository/com/fasterxml/jackson/jaxrs/jackson-jaxrs-json-provider/2.12.0/jackson-jaxrs-json-provider-2.12.0.jar:/home/alex/.m2/repository/javax/inject/javax.inject/1/javax.inject-1.jar:/home/alex/.m2/repository/org/springframework/spring-context/4.3.20.RELEASE/spring-context-4.3.20.RELEASE.jar:/home/alex/.m2/repository/org/springframework/spring-aop/4.3.20.RELEASE/spring-aop-4.3.20.RELEASE.jar:/home/alex/.m2/repository/org/springframework/spring-beans/4.3.20.RELEASE/spring-beans-4.3.20.RELEASE.jar:/home/alex/.m2/repository/org/springframework/spring-core/4.3.20.RELEASE/spring-core-4.3.20.RELEASE.jar:/home/alex/.m2/repository/org/springframework/spring-expression/4.3.20.RELEASE/spring-expression-4.3.20.RELEASE.jar:/home/alex/.m2/repository/commons-configuration/commons-configuration/1.10/commons-configuration-1.10.jar:/home/alex/.m2/repository/commons-lang/commons-lang/2.6/commons-lang-2.6.jar:/home/alex/.m2/repository/commons-logging/commons-logging/1.1.1/commons-logging-1.1.1.jar:/home/alex/.m2/repository/org/apache/commons/commons-math3/3.6.1/commons-math3-3.6.1.jar:/home/alex/Repositories/hive/vector-code-gen/target/classes:/home/alex/.m2/repository/org/apache/velocity/velocity/1.5/velocity-1.5.jar:/home/alex/Repositories/hive/common/target/classes:/home/alex/Repositories/hive/classification/target/classes:/home/alex/Repositories/hive/standalone-metastore/metastore-common/target/classes:/home/alex/.m2/repository/commons-cli/commons-cli/1.4/commons-cli-1.4.jar:/home/alex/.m2/repository/org/apache/orc/orc-core/1.6.9/orc-core-1.6.9.jar:/home/alex/.m2/repository/org/apache/orc/orc-shims/1.6.9/orc-shims-1.6.9.jar:/home/alex/.m2/repository/io/airlift/aircompressor/0.19/aircompressor-0.19.jar:/home/alex/.m2/repository/org/jetbrains/annotations/17.0.0/annotations-17.0.0.jar:/home/alex/.m2/repository/org/threeten/threeten-extra/1.5.0/threeten-extra-1.5.0.jar:/home/alex/.m2/repository/jline/jline/2.14.6/jline-2.14.6.jar:/home/alex/.m2/repository/javax/servlet/javax.servlet-api/3.1.0/javax.servlet-api-3.1.0.jar:/home/alex/.m2/repository/org/eclipse/jetty/jetty-http/9.3.27.v20190418/jetty-http-9.3.27.v20190418.jar:/home/alex/.m2/repository/org/eclipse/jetty/jetty-rewrite/9.3.27.v20190418/jetty-rewrite-9.3.27.v20190418.jar:/home/alex/.m2/repository/org/eclipse/jetty/jetty-client/9.3.27.v20190418/jetty-client-9.3.27.v20190418.jar:/home/alex/.m2/repository/org/eclipse/jetty/jetty-server/9.3.27.v20190418/jetty-server-9.3.27.v20190418.jar:/home/alex/.m2/repository/org/eclipse/jetty/jetty-io/9.3.27.v20190418/jetty-io-9.3.27.v20190418.jar:/home/alex/.m2/repository/org/eclipse/jetty/jetty-servlet/9.3.27.v20190418/jetty-servlet-9.3.27.v20190418.jar:/home/alex/.m2/repository/org/eclipse/jetty/jetty-security/9.3.27.v20190418/jetty-security-9.3.27.v20190418.jar:/home/alex/.m2/repository/org/eclipse/jetty/jetty-webapp/9.3.27.v20190418/jetty-webapp-9.3.27.v20190418.jar:/home/alex/.m2/repository/org/eclipse/jetty/jetty-xml/9.3.27.v20190418/jetty-xml-9.3.27.v20190418.jar:/home/alex/.m2/repository/joda-time/joda-time/2.9.9/joda-time-2.9.9.jar:/home/alex/.m2/repository/org/apache/logging/log4j/log4j-web/2.13.2/log4j-web-2.13.2.jar:/home/alex/.m2/repository/net/sf/jpam/jpam/1.1/jpam-1.1.jar:/home/alex/.m2/repository/io/dropwizard/metrics/metrics-core/3.1.0/metrics-core-3.1.0.jar:/home/alex/.m2/repository/io/dropwizard/metrics/metrics-jvm/3.1.0/metrics-jvm-3.1.0.jar:/home/alex/.m2/repository/io/dropwizard/metrics/metrics-json/3.1.0/metrics-json-3.1.0.jar:/home/alex/.m2/repository/com/github/joshelser/dropwizard-metrics-hadoop-metrics2-reporter/0.1.2/dropwizard-metrics-hadoop-metrics2-reporter-0.1.2.jar:/home/alex/Repositories/hive/metastore/target/classes:/home/alex/.m2/repository/org/apache/derby/derby/10.14.1.0/derby-10.14.1.0.jar:/home/alex/Repositories/hive/serde/target/classes:/home/alex/.m2/repository/com/google/code/findbugs/jsr305/3.0.0/jsr305-3.0.0.jar:/home/alex/.m2/repository/org/apache/arrow/arrow-vector/0.15.1/arrow-vector-0.15.1.jar:/home/alex/.m2/repository/org/apache/arrow/arrow-format/0.15.1/arrow-format-0.15.1.jar:/home/alex/.m2/repository/org/apache/arrow/arrow-memory/0.15.1/arrow-memory-0.15.1.jar:/home/alex/.m2/repository/com/google/flatbuffers/flatbuffers-java/1.9.0/flatbuffers-java-1.9.0.jar:/home/alex/.m2/repository/com/carrotsearch/hppc/0.7.2/hppc-0.7.2.jar:/home/alex/.m2/repository/com/github/davidmoten/flatbuffers-java/1.6.0.1/flatbuffers-java-1.6.0.1.jar:/home/alex/Repositories/hive/parser/target/classes:/home/alex/Repositories/hive/udf/target/classes:/home/alex/Repositories/hive/service-rpc/target/classes:/home/alex/Repositories/hive/llap-client/target/classes:/home/alex/Repositories/hive/llap-common/target/classes:/home/alex/.m2/repository/io/jsonwebtoken/jjwt-api/0.10.5/jjwt-api-0.10.5.jar:/home/alex/.m2/repository/io/jsonwebtoken/jjwt-impl/0.10.5/jjwt-impl-0.10.5.jar:/home/alex/.m2/repository/io/jsonwebtoken/jjwt-jackson/0.10.5/jjwt-jackson-0.10.5.jar:/home/alex/Repositories/hive/llap-tez/target/classes:/home/alex/Repositories/hive/shims/aggregator/target/classes:/home/alex/Repositories/hive/shims/common/target/classes:/home/alex/Repositories/hive/shims/0.23/target/classes:/home/alex/.m2/repository/org/apache/hadoop/hadoop-yarn-server-resourcemanager/3.1.0/hadoop-yarn-server-resourcemanager-3.1.0.jar:/home/alex/.m2/repository/org/apache/hadoop/hadoop-yarn-server-applicationhistoryservice/3.1.0/hadoop-yarn-server-applicationhistoryservice-3.1.0.jar:/home/alex/.m2/repository/de/ruedigermoeller/fst/2.50/fst-2.50.jar:/home/alex/.m2/repository/com/cedarsoftware/java-util/1.9.0/java-util-1.9.0.jar:/home/alex/.m2/repository/com/cedarsoftware/json-io/2.5.1/json-io-2.5.1.jar:/home/alex/Repositories/hive/shims/scheduler/target/classes:/home/alex/Repositories/hive/spark-client/target/classes:/home/alex/.m2/repository/io/netty/netty-all/4.1.65.Final/netty-all-4.1.65.Final.jar:/home/alex/.m2/repository/com/fasterxml/jackson/module/jackson-module-scala_2.12/2.12.0/jackson-module-scala_2.12-2.12.0.jar:/home/alex/.m2/repository/org/apache/spark/spark-yarn_2.12/2.4.5/spark-yarn_2.12-2.4.5.jar:/home/alex/Repositories/hive/storage-api/target/classes:/home/alex/.m2/repository/com/amazonaws/aws-java-sdk-bundle/1.11.901/aws-java-sdk-bundle-1.11.901.jar:/home/alex/.m2/repository/com/amazonaws/secretsmanager/aws-secretsmanager-caching-java/1.0.1/aws-secretsmanager-caching-java-1.0.1.jar:/home/alex/.m2/repository/com/esotericsoftware/kryo/5.0.3/kryo-5.0.3.jar:/home/alex/.m2/repository/org/objenesis/objenesis/3.1/objenesis-3.1.jar:/home/alex/.m2/repository/com/esotericsoftware/minlog/1.3.1/minlog-1.3.1.jar:/home/alex/.m2/repository/com/esotericsoftware/reflectasm/1.11.9/reflectasm-1.11.9.jar:/home/alex/.m2/repository/com/google/protobuf/protobuf-java/2.5.0/protobuf-java-2.5.0.jar:/home/alex/.m2/repository/org/apache/hbase/hbase-common/2.0.0-alpha4/hbase-common-2.0.0-alpha4.jar:/home/alex/.m2/repository/org/apache/hbase/thirdparty/hbase-shaded-miscellaneous/1.0.1/hbase-shaded-miscellaneous-1.0.1.jar:/home/alex/.m2/repository/org/apache/htrace/htrace-core/3.2.0-incubating/htrace-core-3.2.0-incubating.jar:/home/alex/.m2/repository/org/apache/commons/commons-crypto/1.0.0/commons-crypto-1.0.0.jar:/home/alex/.m2/repository/com/github/stephenc/findbugs/findbugs-annotations/1.3.9-1/findbugs-annotations-1.3.9-1.jar:/home/alex/.m2/repository/log4j/log4j/1.2.17/log4j-1.2.17.jar:/home/alex/.m2/repository/org/apache/yetus/audience-annotations/0.5.0/audience-annotations-0.5.0.jar:/home/alex/.m2/repository/org/apache/parquet/parquet-hadoop-bundle/1.11.1/parquet-hadoop-bundle-1.11.1.jar:/home/alex/.m2/repository/commons-codec/commons-codec/1.15/commons-codec-1.15.jar:/home/alex/.m2/repository/commons-io/commons-io/2.6/commons-io-2.6.jar:/home/alex/.m2/repository/org/apache/commons/commons-collections4/4.1/commons-collections4-4.1.jar:/home/alex/.m2/repository/org/apache/commons/commons-lang3/3.9/commons-lang3-3.9.jar:/home/alex/.m2/repository/org/apache/commons/commons-text/1.8/commons-text-1.8.jar:/home/alex/.m2/repository/javolution/javolution/5.5.1/javolution-5.5.1.jar:/home/alex/.m2/repository/org/apache/logging/log4j/log4j-1.2-api/2.13.2/log4j-1.2-api-2.13.2.jar:/home/alex/.m2/repository/org/apache/logging/log4j/log4j-api/2.13.2/log4j-api-2.13.2.jar:/home/alex/.m2/repository/org/apache/logging/log4j/log4j-core/2.13.2/log4j-core-2.13.2.jar:/home/alex/.m2/repository/org/apache/logging/log4j/log4j-slf4j-impl/2.13.2/log4j-slf4j-impl-2.13.2.jar:/home/alex/.m2/repository/org/antlr/antlr-runtime/3.5.2/antlr-runtime-3.5.2.jar:/home/alex/.m2/repository/org/antlr/ST4/4.0.4/ST4-4.0.4.jar:/home/alex/.m2/repository/org/apache/avro/avro/1.8.2/avro-1.8.2.jar:/home/alex/.m2/repository/org/codehaus/jackson/jackson-core-asl/1.9.13/jackson-core-asl-1.9.13.jar:/home/alex/.m2/repository/org/codehaus/jackson/jackson-mapper-asl/1.9.13/jackson-mapper-asl-1.9.13.jar:/home/alex/.m2/repository/com/thoughtworks/paranamer/paranamer/2.8/paranamer-2.8.jar:/home/alex/.m2/repository/org/xerial/snappy/snappy-java/1.1.4/snappy-java-1.1.4.jar:/home/alex/.m2/repository/org/tukaani/xz/1.5/xz-1.5.jar:/home/alex/.m2/repository/org/apache/avro/avro-mapred/1.8.2/avro-mapred-1.8.2-hadoop2.jar:/home/alex/.m2/repository/org/apache/avro/avro-ipc/1.8.2/avro-ipc-1.8.2.jar:/home/alex/.m2/repository/org/mortbay/jetty/jetty/6.1.26/jetty-6.1.26.jar:/home/alex/.m2/repository/org/apache/ant/ant/1.9.1/ant-1.9.1.jar:/home/alex/.m2/repository/org/apache/ant/ant-launcher/1.9.1/ant-launcher-1.9.1.jar:/home/alex/.m2/repository/org/apache/commons/commons-compress/1.21/commons-compress-1.21.jar:/home/alex/.m2/repository/org/apache/thrift/libfb303/0.9.3/libfb303-0.9.3.jar:/home/alex/.m2/repository/org/apache/hadoop/hadoop-common/3.1.0/hadoop-common-3.1.0.jar:/home/alex/.m2/repository/org/apache/hadoop/hadoop-annotations/3.1.0/hadoop-annotations-3.1.0.jar:/home/alex/.m2/repository/commons-net/commons-net/3.6/commons-net-3.6.jar:/home/alex/.m2/repository/org/eclipse/jetty/jetty-util/9.3.27.v20190418/jetty-util-9.3.27.v20190418.jar:/home/alex/.m2/repository/javax/servlet/jsp/jsp-api/2.1/jsp-api-2.1.jar:/home/alex/.m2/repository/com/sun/jersey/jersey-core/1.19/jersey-core-1.19.jar:/home/alex/.m2/repository/javax/ws/rs/jsr311-api/1.1.1/jsr311-api-1.1.1.jar:/home/alex/.m2/repository/com/sun/jersey/jersey-json/1.19/jersey-json-1.19.jar:/home/alex/.m2/repository/com/sun/xml/bind/jaxb-impl/2.2.3-1/jaxb-impl-2.2.3-1.jar:/home/alex/.m2/repository/org/codehaus/jackson/jackson-jaxrs/1.9.2/jackson-jaxrs-1.9.2.jar:/home/alex/.m2/repository/org/codehaus/jackson/jackson-xc/1.9.2/jackson-xc-1.9.2.jar:/home/alex/.m2/repository/com/sun/jersey/jersey-server/1.19/jersey-server-1.19.jar:/home/alex/.m2/repository/org/apache/commons/commons-configuration2/2.1.1/commons-configuration2-2.1.1.jar:/home/alex/.m2/repository/org/apache/hadoop/hadoop-auth/3.1.0/hadoop-auth-3.1.0.jar:/home/alex/.m2/repository/com/nimbusds/nimbus-jose-jwt/4.41.1/nimbus-jose-jwt-4.41.1.jar:/home/alex/.m2/repository/com/github/stephenc/jcip/jcip-annotations/1.0-1/jcip-annotations-1.0-1.jar:/home/alex/.m2/repository/com/jcraft/jsch/0.1.54/jsch-0.1.54.jar:/home/alex/.m2/repository/org/apache/htrace/htrace-core4/4.1.0-incubating/htrace-core4-4.1.0-incubating.jar:/home/alex/.m2/repository/org/apache/kerby/kerb-simplekdc/1.0.1/kerb-simplekdc-1.0.1.jar:/home/alex/.m2/repository/org/apache/kerby/kerb-client/1.0.1/kerb-client-1.0.1.jar:/home/alex/.m2/repository/org/apache/kerby/kerby-config/1.0.1/kerby-config-1.0.1.jar:/home/alex/.m2/repository/org/apache/kerby/kerb-core/1.0.1/kerb-core-1.0.1.jar:/home/alex/.m2/repository/org/apache/kerby/kerby-pkix/1.0.1/kerby-pkix-1.0.1.jar:/home/alex/.m2/repository/org/apache/kerby/kerby-asn1/1.0.1/kerby-asn1-1.0.1.jar:/home/alex/.m2/repository/org/apache/kerby/kerby-util/1.0.1/kerby-util-1.0.1.jar:/home/alex/.m2/repository/org/apache/kerby/kerb-common/1.0.1/kerb-common-1.0.1.jar:/home/alex/.m2/repository/org/apache/kerby/kerb-crypto/1.0.1/kerb-crypto-1.0.1.jar:/home/alex/.m2/repository/org/apache/kerby/kerb-util/1.0.1/kerb-util-1.0.1.jar:/home/alex/.m2/repository/org/apache/kerby/token-provider/1.0.1/token-provider-1.0.1.jar:/home/alex/.m2/repository/org/apache/kerby/kerb-admin/1.0.1/kerb-admin-1.0.1.jar:/home/alex/.m2/repository/org/apache/kerby/kerb-server/1.0.1/kerb-server-1.0.1.jar:/home/alex/.m2/repository/org/apache/kerby/kerb-identity/1.0.1/kerb-identity-1.0.1.jar:/home/alex/.m2/repository/org/apache/kerby/kerby-xdr/1.0.1/kerby-xdr-1.0.1.jar:/home/alex/.m2/repository/org/codehaus/woodstox/stax2-api/3.1.4/stax2-api-3.1.4.jar:/home/alex/.m2/repository/com/fasterxml/woodstox/woodstox-core/5.0.3/woodstox-core-5.0.3.jar:/home/alex/.m2/repository/org/apache/hadoop/hadoop-archives/3.1.0/hadoop-archives-3.1.0.jar:/home/alex/.m2/repository/org/apache/hadoop/hadoop-yarn-registry/3.1.0/hadoop-yarn-registry-3.1.0.jar:/home/alex/.m2/repository/org/apache/curator/curator-client/4.2.0/curator-client-4.2.0.jar:/home/alex/.m2/repository/org/apache/curator/curator-recipes/4.2.0/curator-recipes-4.2.0.jar:/home/alex/.m2/repository/commons-daemon/commons-daemon/1.0.13/commons-daemon-1.0.13.jar:/home/alex/.m2/repository/dnsjava/dnsjava/2.1.7/dnsjava-2.1.7.jar:/home/alex/.m2/repository/org/apache/hadoop/hadoop-mapreduce-client-core/3.1.0/hadoop-mapreduce-client-core-3.1.0.jar:/home/alex/.m2/repository/org/apache/hadoop/hadoop-hdfs-client/3.1.0/hadoop-hdfs-client-3.1.0.jar:/home/alex/.m2/repository/com/squareup/okhttp/okhttp/2.7.5/okhttp-2.7.5.jar:/home/alex/.m2/repository/com/squareup/okio/okio/1.6.0/okio-1.6.0.jar:/home/alex/.m2/repository/com/google/inject/extensions/guice-servlet/4.0/guice-servlet-4.0.jar:/home/alex/.m2/repository/org/apache/hadoop/hadoop-mapreduce-client-common/3.1.0/hadoop-mapreduce-client-common-3.1.0.jar:/home/alex/.m2/repository/org/apache/hadoop/hadoop-hdfs/3.1.0/hadoop-hdfs-3.1.0.jar:/home/alex/.m2/repository/org/eclipse/jetty/jetty-util-ajax/9.3.19.v20170502/jetty-util-ajax-9.3.19.v20170502.jar:/home/alex/.m2/repository/org/fusesource/leveldbjni/leveldbjni-all/1.8/leveldbjni-all-1.8.jar:/home/alex/.m2/repository/org/apache/hadoop/hadoop-yarn-api/3.1.0/hadoop-yarn-api-3.1.0.jar:/home/alex/.m2/repository/javax/xml/bind/jaxb-api/2.2.11/jaxb-api-2.2.11.jar:/home/alex/.m2/repository/org/apache/hadoop/hadoop-yarn-common/3.1.0/hadoop-yarn-common-3.1.0.jar:/home/alex/.m2/repository/com/google/inject/guice/4.0/guice-4.0.jar:/home/alex/.m2/repository/aopalliance/aopalliance/1.0/aopalliance-1.0.jar:/home/alex/.m2/repository/com/sun/jersey/contribs/jersey-guice/1.19/jersey-guice-1.19.jar:/home/alex/.m2/repository/com/fasterxml/jackson/module/jackson-module-jaxb-annotations/2.12.0/jackson-module-jaxb-annotations-2.12.0.jar:/home/alex/.m2/repository/jakarta/xml/bind/jakarta.xml.bind-api/2.3.2/jakarta.xml.bind-api-2.3.2.jar:/home/alex/.m2/repository/jakarta/activation/jakarta.activation-api/1.2.1/jakarta.activation-api-1.2.1.jar:/home/alex/.m2/repository/org/apache/hadoop/hadoop-yarn-client/3.1.0/hadoop-yarn-client-3.1.0.jar:/home/alex/.m2/repository/org/apache/orc/orc-tools/1.6.9/orc-tools-1.6.9.jar:/home/alex/.m2/repository/com/opencsv/opencsv/3.9/opencsv-3.9.jar:/home/alex/.m2/repository/org/codehaus/jettison/jettison/1.1/jettison-1.1.jar:/home/alex/.m2/repository/org/threeten/threetenbp/1.3.5/threetenbp-1.3.5.jar:/home/alex/.m2/repository/org/apache/ivy/ivy/2.4.0/ivy-2.4.0.jar:/home/alex/.m2/repository/org/apache/thrift/libthrift/0.14.1/libthrift-0.14.1.jar:/home/alex/.m2/repository/org/apache/httpcomponents/httpcore/4.4.13/httpcore-4.4.13.jar:/home/alex/.m2/repository/org/apache/tomcat/embed/tomcat-embed-core/8.5.46/tomcat-embed-core-8.5.46.jar:/home/alex/.m2/repository/org/apache/tomcat/tomcat-annotations-api/8.5.46/tomcat-annotations-api-8.5.46.jar:/home/alex/.m2/repository/javax/annotation/javax.annotation-api/1.3.2/javax.annotation-api-1.3.2.jar:/home/alex/.m2/repository/org/apache/zookeeper/zookeeper/3.5.5/zookeeper-3.5.5.jar:/home/alex/.m2/repository/org/apache/zookeeper/zookeeper-jute/3.5.5/zookeeper-jute-3.5.5.jar:/home/alex/.m2/repository/org/apache/curator/curator-framework/4.2.0/curator-framework-4.2.0.jar:/home/alex/.m2/repository/org/apache/curator/curator-test/4.2.0/curator-test-4.2.0.jar:/home/alex/.m2/repository/org/apache/datasketches/datasketches-hive/1.1.0-incubating/datasketches-hive-1.1.0-incubating.jar:/home/alex/.m2/repository/org/apache/datasketches/datasketches-java/1.3.0-incubating/datasketches-java-1.3.0-incubating.jar:/home/alex/.m2/repository/org/apache/datasketches/datasketches-memory/1.2.0-incubating/datasketches-memory-1.2.0-incubating.jar:/home/alex/.m2/repository/org/slf4j/slf4j-simple/1.7.27/slf4j-simple-1.7.27.jar:/home/alex/.m2/repository/com/lmax/disruptor/3.3.7/disruptor-3.3.7.jar:/home/alex/.m2/repository/org/codehaus/groovy/groovy-all/2.4.11/groovy-all-2.4.11.jar:/home/alex/.m2/repository/org/jodd/jodd-util/6.0.0/jodd-util-6.0.0.jar:/home/alex/.m2/repository/com/fasterxml/jackson/core/jackson-annotations/2.12.0/jackson-annotations-2.12.0.jar:/home/alex/.m2/repository/com/fasterxml/jackson/core/jackson-core/2.12.0/jackson-core-2.12.0.jar:/home/alex/.m2/repository/com/fasterxml/jackson/core/jackson-databind/2.12.0/jackson-databind-2.12.0.jar:/home/alex/.m2/repository/com/fasterxml/jackson/dataformat/jackson-dataformat-yaml/2.12.0/jackson-dataformat-yaml-2.12.0.jar:/home/alex/.m2/repository/org/yaml/snakeyaml/1.27/snakeyaml-1.27.jar:/home/alex/.m2/repository/org/datanucleus/datanucleus-core/5.2.4/datanucleus-core-5.2.4.jar:/home/alex/.m2/repository/org/apache/calcite/calcite-core/1.25.0/calcite-core-1.25.0.jar:/home/alex/.m2/repository/org/apache/calcite/calcite-linq4j/1.25.0/calcite-linq4j-1.25.0.jar:/home/alex/.m2/repository/org/apiguardian/apiguardian-api/1.1.0/apiguardian-api-1.1.0.jar:/home/alex/.m2/repository/com/esri/geometry/esri-geometry-api/2.2.0/esri-geometry-api-2.2.0.jar:/home/alex/.m2/repository/com/yahoo/datasketches/sketches-core/0.9.0/sketches-core-0.9.0.jar:/home/alex/.m2/repository/com/yahoo/datasketches/memory/0.9.0/memory-0.9.0.jar:/home/alex/.m2/repository/org/apache/commons/commons-dbcp2/2.7.0/commons-dbcp2-2.7.0.jar:/home/alex/.m2/repository/org/apache/commons/commons-pool2/2.7.0/commons-pool2-2.7.0.jar:/home/alex/.m2/repository/org/apache/calcite/calcite-druid/1.25.0/calcite-druid-1.25.0.jar:/home/alex/.m2/repository/org/apache/calcite/avatica/avatica/1.12.0/avatica-1.12.0.jar:/home/alex/.m2/repository/com/google/guava/guava/19.0/guava-19.0.jar:/home/alex/.m2/repository/com/googlecode/javaewah/JavaEWAH/0.3.2/JavaEWAH-0.3.2.jar:/home/alex/.m2/repository/com/google/code/gson/gson/2.2.4/gson-2.2.4.jar:/home/alex/.m2/repository/com/tdunning/json/1.8/json-1.8.jar:/home/alex/.m2/repository/stax/stax-api/1.0.1/stax-api-1.0.1.jar:/home/alex/.m2/repository/net/sf/opencsv/opencsv/2.3/opencsv-2.3.jar:/home/alex/Repositories/hive/standalone-metastore/metastore-server/target/classes:/home/alex/.m2/repository/com/zaxxer/HikariCP/2.6.1/HikariCP-2.6.1.jar:/home/alex/.m2/repository/commons-beanutils/commons-beanutils/1.9.4/commons-beanutils-1.9.4.jar:/home/alex/.m2/repository/org/datanucleus/datanucleus-api-jdo/5.2.4/datanucleus-api-jdo-5.2.4.jar:/home/alex/.m2/repository/org/datanucleus/datanucleus-rdbms/5.2.4/datanucleus-rdbms-5.2.4.jar:/home/alex/.m2/repository/org/datanucleus/javax.jdo/3.2.0-release/javax.jdo-3.2.0-release.jar:/home/alex/.m2/repository/javax/transaction/javax.transaction-api/1.3/javax.transaction-api-1.3.jar:/home/alex/.m2/repository/org/glassfish/corba/glassfish-corba-omgapi/4.2.2/glassfish-corba-omgapi-4.2.2.jar:/home/alex/.m2/repository/sqlline/sqlline/1.9.0/sqlline-1.9.0.jar:/home/alex/.m2/repository/org/jline/jline-terminal/3.12.1/jline-terminal-3.12.1.jar:/home/alex/.m2/repository/org/jline/jline-reader/3.12.1/jline-reader-3.12.1.jar:/home/alex/.m2/repository/org/jline/jline-terminal-jansi/3.12.1/jline-terminal-jansi-3.12.1.jar:/home/alex/.m2/repository/org/fusesource/jansi/jansi/1.18/jansi-1.18.jar:/home/alex/.m2/repository/org/jline/jline-terminal-jna/3.12.1/jline-terminal-jna-3.12.1.jar:/home/alex/.m2/repository/net/java/dev/jna/jna/5.3.1/jna-5.3.1.jar:/home/alex/.m2/repository/org/jline/jline-builtins/3.12.1/jline-builtins-3.12.1.jar:/home/alex/.m2/repository/org/jline/jline-style/3.12.1/jline-style-3.12.1.jar:/home/alex/.m2/repository/com/cronutils/cron-utils/9.1.3/cron-utils-9.1.3.jar:/home/alex/.m2/repository/org/glassfish/javax.el/3.0.0/javax.el-3.0.0.jar:/home/alex/.m2/repository/com/oracle/database/jdbc/ojdbc8/21.3.0.0/ojdbc8-21.3.0.0.jar:/home/alex/.m2/repository/mysql/mysql-connector-java/8.0.27/mysql-connector-java-8.0.27.jar:/home/alex/.m2/repository/com/microsoft/sqlserver/mssql-jdbc/6.2.1.jre8/mssql-jdbc-6.2.1.jre8.jar:/home/alex/.m2/repository/org/postgresql/postgresql/42.2.14/postgresql-42.2.14.jar:/home/alex/Repositories/hive/common/target/test-classes:/home/alex/Repositories/hive/standalone-metastore/metastore-common/target/test-classes:/home/alex/.m2/repository/com/github/ben-manes/caffeine/caffeine/2.8.4/caffeine-2.8.4.jar:/home/alex/.m2/repository/org/checkerframework/checker-qual/3.4.0/checker-qual-3.4.0.jar:/home/alex/Repositories/hive/standalone-metastore/metastore-server/target/test-classes:/home/alex/.m2/repository/org/apache/parquet/parquet-column/1.11.1/parquet-column-1.11.1-tests.jar:/home/alex/.m2/repository/org/apache/parquet/parquet-common/1.11.1/parquet-common-1.11.1.jar:/home/alex/.m2/repository/org/apache/parquet/parquet-format-structures/1.11.1/parquet-format-structures-1.11.1.jar:/home/alex/.m2/repository/org/apache/parquet/parquet-encoding/1.11.1/parquet-encoding-1.11.1.jar:/home/alex/.m2/repository/junit/junit/4.13/junit-4.13.jar:/home/alex/.m2/repository/org/hamcrest/hamcrest-core/1.3/hamcrest-core-1.3.jar:/home/alex/.m2/repository/org/junit/jupiter/junit-jupiter-engine/5.6.2/junit-jupiter-engine-5.6.2.jar:/home/alex/.m2/repository/org/junit/platform/junit-platform-engine/1.6.2/junit-platform-engine-1.6.2.jar:/home/alex/.m2/repository/org/opentest4j/opentest4j/1.2.0/opentest4j-1.2.0.jar:/home/alex/.m2/repository/org/junit/platform/junit-platform-commons/1.6.2/junit-platform-commons-1.6.2.jar:/home/alex/.m2/repository/org/junit/jupiter/junit-jupiter-api/5.6.2/junit-jupiter-api-5.6.2.jar:/home/alex/.m2/repository/org/junit/jupiter/junit-jupiter-params/5.6.2/junit-jupiter-params-5.6.2.jar:/home/alex/.m2/repository/org/junit/vintage/junit-vintage-engine/5.6.2/junit-vintage-engine-5.6.2.jar:/home/alex/.m2/repository/org/apache/tez/tez-api/0.10.1/tez-api-0.10.1.jar:/usr/lib/jvm/java-8-openjdk-amd64/jre/../lib/tools.jar:/home/alex/.m2/repository/org/apache/tez/tez-runtime-library/0.10.1/tez-runtime-library-0.10.1.jar:/home/alex/.m2/repository/org/roaringbitmap/RoaringBitmap/0.5.21/RoaringBitmap-0.5.21.jar:/home/alex/.m2/repository/org/asynchttpclient/async-http-client/2.12.1/async-http-client-2.12.1.jar:/home/alex/.m2/repository/org/asynchttpclient/async-http-client-netty-utils/2.12.1/async-http-client-netty-utils-2.12.1.jar:/home/alex/.m2/repository/io/netty/netty-buffer/4.1.48.Final/netty-buffer-4.1.48.Final.jar:/home/alex/.m2/repository/io/netty/netty-codec-http/4.1.48.Final/netty-codec-http-4.1.48.Final.jar:/home/alex/.m2/repository/io/netty/netty-common/4.1.48.Final/netty-common-4.1.48.Final.jar:/home/alex/.m2/repository/io/netty/netty-transport/4.1.48.Final/netty-transport-4.1.48.Final.jar:/home/alex/.m2/repository/io/netty/netty-codec/4.1.48.Final/netty-codec-4.1.48.Final.jar:/home/alex/.m2/repository/io/netty/netty-handler/4.1.48.Final/netty-handler-4.1.48.Final.jar:/home/alex/.m2/repository/io/netty/netty-resolver/4.1.48.Final/netty-resolver-4.1.48.Final.jar:/home/alex/.m2/repository/io/netty/netty-codec-socks/4.1.48.Final/netty-codec-socks-4.1.48.Final.jar:/home/alex/.m2/repository/io/netty/netty-handler-proxy/4.1.48.Final/netty-handler-proxy-4.1.48.Final.jar:/home/alex/.m2/repository/io/netty/netty-transport-native-epoll/4.1.48.Final/netty-transport-native-epoll-4.1.48.Final-linux-x86_64.jar:/home/alex/.m2/repository/io/netty/netty-transport-native-unix-common/4.1.48.Final/netty-transport-native-unix-common-4.1.48.Final.jar:/home/alex/.m2/repository/io/netty/netty-transport-native-kqueue/4.1.48.Final/netty-transport-native-kqueue-4.1.48.Final-osx-x86_64.jar:/home/alex/.m2/repository/org/reactivestreams/reactive-streams/1.0.3/reactive-streams-1.0.3.jar:/home/alex/.m2/repository/com/typesafe/netty/netty-reactive-streams/2.0.4/netty-reactive-streams-2.0.4.jar:/home/alex/.m2/repository/com/sun/activation/javax.activation/1.2.0/javax.activation-1.2.0.jar:/home/alex/.m2/repository/org/apache/tez/tez-common/0.10.1/tez-common-0.10.1.jar:/home/alex/.m2/repository/org/apache/tez/tez-runtime-internals/0.10.1/tez-runtime-internals-0.10.1.jar:/home/alex/.m2/repository/org/apache/tez/hadoop-shim/0.10.1/hadoop-shim-0.10.1.jar:/home/alex/.m2/repository/org/apache/tez/tez-mapreduce/0.10.1/tez-mapreduce-0.10.1.jar:/home/alex/.m2/repository/org/apache/tez/tez-dag/0.10.1/tez-dag-0.10.1.jar:/home/alex/.m2/repository/org/apache/hadoop/hadoop-yarn-server-web-proxy/3.1.0/hadoop-yarn-server-web-proxy-3.1.0.jar:/home/alex/.m2/repository/org/apache/hadoop/hadoop-yarn-server-common/3.1.0/hadoop-yarn-server-common-3.1.0.jar:/home/alex/.m2/repository/org/apache/geronimo/specs/geronimo-jcache_1.0_spec/1.0-alpha-1/geronimo-jcache_1.0_spec-1.0-alpha-1.jar:/home/alex/.m2/repository/org/ehcache/ehcache/3.3.1/ehcache-3.3.1.jar:/home/alex/.m2/repository/com/zaxxer/HikariCP-java7/2.4.12/HikariCP-java7-2.4.12.jar:/home/alex/.m2/repository/org/apache/spark/spark-core_2.12/2.4.5/spark-core_2.12-2.4.5.jar:/home/alex/.m2/repository/com/twitter/chill_2.12/0.9.3/chill_2.12-0.9.3.jar:/home/alex/.m2/repository/com/twitter/chill-java/0.9.3/chill-java-0.9.3.jar:/home/alex/.m2/repository/org/apache/xbean/xbean-asm6-shaded/4.8/xbean-asm6-shaded-4.8.jar:/home/alex/.m2/repository/org/apache/hadoop/hadoop-client/3.1.0/hadoop-client-3.1.0.jar:/home/alex/.m2/repository/org/apache/hadoop/hadoop-mapreduce-client-jobclient/3.1.0/hadoop-mapreduce-client-jobclient-3.1.0.jar:/home/alex/.m2/repository/org/apache/spark/spark-launcher_2.12/2.4.5/spark-launcher_2.12-2.4.5.jar:/home/alex/.m2/repository/org/apache/spark/spark-kvstore_2.12/2.4.5/spark-kvstore_2.12-2.4.5.jar:/home/alex/.m2/repository/org/apache/spark/spark-network-common_2.12/2.4.5/spark-network-common_2.12-2.4.5.jar:/home/alex/.m2/repository/org/apache/spark/spark-network-shuffle_2.12/2.4.5/spark-network-shuffle_2.12-2.4.5.jar:/home/alex/.m2/repository/org/apache/spark/spark-unsafe_2.12/2.4.5/spark-unsafe_2.12-2.4.5.jar:/home/alex/.m2/repository/javax/activation/activation/1.1.1/activation-1.1.1.jar:/home/alex/.m2/repository/org/slf4j/jul-to-slf4j/1.7.16/jul-to-slf4j-1.7.16.jar:/home/alex/.m2/repository/org/slf4j/jcl-over-slf4j/1.7.16/jcl-over-slf4j-1.7.16.jar:/home/alex/.m2/repository/com/ning/compress-lzf/1.0.3/compress-lzf-1.0.3.jar:/home/alex/.m2/repository/org/lz4/lz4-java/1.4.0/lz4-java-1.4.0.jar:/home/alex/.m2/repository/com/github/luben/zstd-jni/1.3.2-2/zstd-jni-1.3.2-2.jar:/home/alex/.m2/repository/org/scala-lang/scala-library/2.12.10/scala-library-2.12.10.jar:/home/alex/.m2/repository/org/json4s/json4s-jackson_2.12/3.5.3/json4s-jackson_2.12-3.5.3.jar:/home/alex/.m2/repository/org/json4s/json4s-core_2.12/3.5.3/json4s-core_2.12-3.5.3.jar:/home/alex/.m2/repository/org/json4s/json4s-ast_2.12/3.5.3/json4s-ast_2.12-3.5.3.jar:/home/alex/.m2/repository/org/json4s/json4s-scalap_2.12/3.5.3/json4s-scalap_2.12-3.5.3.jar:/home/alex/.m2/repository/org/scala-lang/modules/scala-xml_2.12/1.0.6/scala-xml_2.12-1.0.6.jar:/home/alex/.m2/repository/com/clearspring/analytics/stream/2.7.0/stream-2.7.0.jar:/home/alex/.m2/repository/io/dropwizard/metrics/metrics-graphite/3.1.5/metrics-graphite-3.1.5.jar:/home/alex/.m2/repository/oro/oro/2.0.8/oro-2.0.8.jar:/home/alex/.m2/repository/net/razorvine/pyrolite/4.13/pyrolite-4.13.jar:/home/alex/.m2/repository/net/sf/py4j/py4j/0.10.7/py4j-0.10.7.jar:/home/alex/.m2/repository/org/apache/spark/spark-tags_2.12/2.4.5/spark-tags_2.12-2.4.5.jar:/home/alex/.m2/repository/org/spark-project/spark/unused/1.0.0/unused-1.0.0.jar:/home/alex/.m2/repository/com/sun/jersey/jersey-servlet/1.19/jersey-servlet-1.19.jar:/home/alex/.m2/repository/org/glassfish/jersey/core/jersey-server/2.22.2/jersey-server-2.22.2.jar:/home/alex/.m2/repository/org/glassfish/jersey/core/jersey-common/2.22.2/jersey-common-2.22.2.jar:/home/alex/.m2/repository/org/glassfish/jersey/bundles/repackaged/jersey-guava/2.22.2/jersey-guava-2.22.2.jar:/home/alex/.m2/repository/org/glassfish/hk2/osgi-resource-locator/1.0.1/osgi-resource-locator-1.0.1.jar:/home/alex/.m2/repository/org/glassfish/jersey/core/jersey-client/2.22.2/jersey-client-2.22.2.jar:/home/alex/.m2/repository/javax/ws/rs/javax.ws.rs-api/2.0.1/javax.ws.rs-api-2.0.1.jar:/home/alex/.m2/repository/org/glassfish/jersey/media/jersey-media-jaxb/2.22.2/jersey-media-jaxb-2.22.2.jar:/home/alex/.m2/repository/org/glassfish/hk2/hk2-api/2.4.0-b34/hk2-api-2.4.0-b34.jar:/home/alex/.m2/repository/org/glassfish/hk2/hk2-utils/2.4.0-b34/hk2-utils-2.4.0-b34.jar:/home/alex/.m2/repository/org/glassfish/hk2/external/aopalliance-repackaged/2.4.0-b34/aopalliance-repackaged-2.4.0-b34.jar:/home/alex/.m2/repository/org/glassfish/hk2/external/javax.inject/2.4.0-b34/javax.inject-2.4.0-b34.jar:/home/alex/.m2/repository/org/glassfish/hk2/hk2-locator/2.4.0-b34/hk2-locator-2.4.0-b34.jar:/home/alex/.m2/repository/javax/validation/validation-api/1.1.0.Final/validation-api-1.1.0.Final.jar:/home/alex/.m2/repository/org/glassfish/jersey/containers/jersey-container-servlet-core/2.22.2/jersey-container-servlet-core-2.22.2.jar:/home/alex/.m2/repository/org/hamcrest/hamcrest-all/1.3/hamcrest-all-1.3.jar:/home/alex/.m2/repository/org/powermock/powermock-module-junit4/2.0.2/powermock-module-junit4-2.0.2.jar:/home/alex/.m2/repository/org/powermock/powermock-module-junit4-common/2.0.2/powermock-module-junit4-common-2.0.2.jar:/home/alex/.m2/repository/org/powermock/powermock-reflect/2.0.2/powermock-reflect-2.0.2.jar:/home/alex/.m2/repository/org/powermock/powermock-core/2.0.2/powermock-core-2.0.2.jar:/home/alex/.m2/repository/org/powermock/powermock-api-mockito2/2.0.2/powermock-api-mockito2-2.0.2.jar:/home/alex/.m2/repository/org/powermock/powermock-api-support/2.0.2/powermock-api-support-2.0.2.jar:/home/alex/.m2/repository/com/google/guava/guava-testlib/19.0/guava-testlib-19.0.jar:/home/alex/.m2/repository/com/google/errorprone/error_prone_annotations/2.0.2/error_prone_annotations-2.0.2.jar:/home/alex/.m2/repository/com/google/re2j/re2j/1.2/re2j-1.2.jar:/home/alex/.m2/repository/org/reflections/reflections/0.9.10/reflections-0.9.10.jar:/home/alex/.m2/repository/org/javassist/javassist/3.19.0-GA/javassist-3.19.0-GA.jar:/home/alex/.m2/repository/com/jayway/jsonpath/json-path/2.4.0/json-path-2.4.0.jar:/home/alex/.m2/repository/net/minidev/json-smart/2.3/json-smart-2.3.jar:/home/alex/.m2/repository/net/minidev/accessors-smart/1.2/accessors-smart-1.2.jar:/home/alex/.m2/repository/org/ow2/asm/asm/5.0.4/asm-5.0.4.jar:/home/alex/.m2/repository/org/codehaus/janino/commons-compiler/3.0.11/commons-compiler-3.0.11.jar:/home/alex/.m2/repository/org/codehaus/janino/janino/3.0.11/janino-3.0.11.jar:/home/alex/.m2/repository/com/sun/jersey/contribs/jersey-multipart/1.19/jersey-multipart-1.19.jar:/home/alex/.m2/repository/org/jvnet/mimepull/mimepull/1.9.3/mimepull-1.9.3.jar:/home/alex/.m2/repository/org/apache/kafka/kafka-clients/2.5.0/kafka-clients-2.5.0.jar:/home/alex/.m2/repository/org/slf4j/slf4j-api/1.7.30/slf4j-api-1.7.30.jar:/home/alex/.m2/repository/org/mockito/mockito-core/3.4.4/mockito-core-3.4.4.jar:/home/alex/.m2/repository/net/bytebuddy/byte-buddy/1.10.13/byte-buddy-1.10.13.jar:/home/alex/.m2/repository/net/bytebuddy/byte-buddy-agent/1.10.13/byte-buddy-agent-1.10.13.jar:/home/alex/Repositories/hive/ql/target/testconf:/home/alex/Repositories/hive/ql/../conf:"/>
    <property name="sun.cpu.endian" value="little"/>
    <property name="user.home" value="/home/alex"/>
    <property name="user.language" value="en"/>
    <property name="java.security.krb5.conf" value="/home/alex/Repositories/hive/ql/target/testconf/krb5.conf"/>
    <property name="test.dfs.mkdir" value=""/>
    <property name="java.awt.graphicsenv" value="sun.awt.X11GraphicsEnvironment"/>
    <property name="nondexFilter" value=".*"/>
    <property name="nondexSeed" value="974622"/>
    <property name="surefire.real.class.path" value="/home/alex/Repositories/hive/ql/target/surefire/surefirebooter6645456665533345828.jar"/>
    <property name="hadoop.log.dir" value="/home/alex/Repositories/hive/ql/target/tmp"/>
    <property name="java.net.preferIPv4Stack" value="true"/>
    <property name="path.separator" value=":"/>
    <property name="os.version" value="6.5.0-28-generic"/>
    <property name="java.endorsed.dirs" value="/usr/lib/jvm/java-8-openjdk-amd64/jre/lib/endorsed"/>
    <property name="java.runtime.name" value="OpenJDK Runtime Environment"/>
    <property name="hive.test.console.log.level" value="INFO"/>
    <property name="java.vm.name" value="OpenJDK 64-Bit Server VM"/>
    <property name="java.vendor.url.bug" value="http://bugreport.sun.com/bugreport/"/>
    <property name="maven.local.repository" value="/home/alex/.m2/repository"/>
    <property name="user.dir" value="/home/alex/Repositories/hive/ql"/>
    <property name="os.arch" value="amd64"/>
    <property name="nondexMode" value="FULL"/>
    <property name="user.language.format" value="pt"/>
    <property name="antlr.version" value="3.5.2"/>
    <property name="derby.version" value="10.14.1.0"/>
    <property name="java.vm.info" value="mixed mode"/>
    <property name="java.vm.version" value="25.402-b06"/>
    <property name="java.ext.dirs" value="/usr/lib/jvm/java-8-openjdk-amd64/jre/lib/ext:/usr/java/packages/lib/ext"/>
    <property name="test.output.overwrite" value=""/>
    <property name="java.class.version" value="52.0"/>
    <property name="hive.root" value="/home/alex/Repositories/hive/ql/../"/>
  </properties>
  <testcase name="loadDataNonAcid2AcidConversionVectorized" classname="org.apache.hadoop.hive.ql.TestTxnLoadData" time="36.72"/>
  <testcase name="loadDataNonAcid2AcidConversion" classname="org.apache.hadoop.hive.ql.TestTxnLoadData" time="23.629"/>
  <testcase name="testValidations" classname="org.apache.hadoop.hive.ql.TestTxnLoadData" time="4.794"/>
  <testcase name="loadDataUpdate" classname="org.apache.hadoop.hive.ql.TestTxnLoadData" time="5.401">
    <error type="java.lang.RuntimeException"><![CDATA[java.lang.RuntimeException: update T set b = 17 where a = 1 failed: (responseCode = 40000, errorMessage = FAILED: NoMatchingMethodException No matching method for class org.apache.hadoop.hive.ql.udf.UDFToInteger with (struct<writeid:bigint,bucketid:int,rowid:bigint>). Possible choices: _FUNC_(bigint)  _FUNC_(boolean)  _FUNC_(decimal(38,18))  _FUNC_(double)  _FUNC_(float)  _FUNC_(smallint)  _FUNC_(string)  _FUNC_(struct<writeid:bigint,rowid:bigint,bucketid:int>)  _FUNC_(timestamp)  _FUNC_(tinyint)  _FUNC_(void)  , hiveErrorCode = 40000, SQLState = 42000, exception = No matching method for class org.apache.hadoop.hive.ql.udf.UDFToInteger with (struct<writeid:bigint,bucketid:int,rowid:bigint>). Possible choices: _FUNC_(bigint)  _FUNC_(boolean)  _FUNC_(decimal(38,18))  _FUNC_(double)  _FUNC_(float)  _FUNC_(smallint)  _FUNC_(string)  _FUNC_(struct<writeid:bigint,rowid:bigint,bucketid:int>)  _FUNC_(timestamp)  _FUNC_(tinyint)  _FUNC_(void)  )
	at org.apache.hadoop.hive.ql.TxnCommandsBaseForTests.runStatementOnDriver(TxnCommandsBaseForTests.java:247)
	at org.apache.hadoop.hive.ql.TestTxnLoadData.loadDataUpdate(TestTxnLoadData.java:118)
	at org.apache.hadoop.hive.ql.TestTxnLoadData.loadDataUpdate(TestTxnLoadData.java:71)
	at sun.reflect.NativeMethodAccessorImpl.invoke0(Native Method)
	at sun.reflect.NativeMethodAccessorImpl.invoke(NativeMethodAccessorImpl.java:62)
	at sun.reflect.DelegatingMethodAccessorImpl.invoke(DelegatingMethodAccessorImpl.java:43)
	at java.lang.reflect.Method.invoke(Method.java:498)
	at org.junit.runners.model.FrameworkMethod$1.runReflectiveCall(FrameworkMethod.java:59)
	at org.junit.internal.runners.model.ReflectiveCallable.run(ReflectiveCallable.java:12)
	at org.junit.runners.model.FrameworkMethod.invokeExplosively(FrameworkMethod.java:56)
	at org.junit.internal.runners.statements.InvokeMethod.evaluate(InvokeMethod.java:17)
	at org.junit.internal.runners.statements.RunBefores.evaluate(RunBefores.java:26)
	at org.junit.internal.runners.statements.RunAfters.evaluate(RunAfters.java:27)
	at org.junit.rules.ExternalResource$1.evaluate(ExternalResource.java:54)
	at org.junit.rules.TestWatcher$1.evaluate(TestWatcher.java:61)
	at org.junit.runners.ParentRunner$3.evaluate(ParentRunner.java:306)
	at org.junit.runners.BlockJUnit4ClassRunner$1.evaluate(BlockJUnit4ClassRunner.java:100)
	at org.junit.runners.ParentRunner.runLeaf(ParentRunner.java:366)
	at org.junit.runners.BlockJUnit4ClassRunner.runChild(BlockJUnit4ClassRunner.java:103)
	at org.junit.runners.BlockJUnit4ClassRunner.runChild(BlockJUnit4ClassRunner.java:63)
	at org.junit.runners.ParentRunner$4.run(ParentRunner.java:331)
	at org.junit.runners.ParentRunner$1.schedule(ParentRunner.java:79)
	at org.junit.runners.ParentRunner.runChildren(ParentRunner.java:329)
	at org.junit.runners.ParentRunner.access$100(ParentRunner.java:66)
	at org.junit.runners.ParentRunner$2.evaluate(ParentRunner.java:293)
	at org.junit.runners.ParentRunner$3.evaluate(ParentRunner.java:306)
	at org.junit.runners.ParentRunner.run(ParentRunner.java:413)
	at org.junit.runner.JUnitCore.run(JUnitCore.java:137)
	at org.junit.runner.JUnitCore.run(JUnitCore.java:115)
	at org.junit.vintage.engine.execution.RunnerExecutor.execute(RunnerExecutor.java:43)
	at java.util.stream.ForEachOps$ForEachOp$OfRef.accept(ForEachOps.java:183)
	at java.util.stream.ReferencePipeline$3$1.accept(ReferencePipeline.java:193)
	at java.util.Iterator.forEachRemaining(Iterator.java:116)
	at java.util.Spliterators$IteratorSpliterator.forEachRemaining(Spliterators.java:1801)
	at java.util.stream.AbstractPipeline.copyInto(AbstractPipeline.java:482)
	at java.util.stream.AbstractPipeline.wrapAndCopyInto(AbstractPipeline.java:472)
	at java.util.stream.ForEachOps$ForEachOp.evaluateSequential(ForEachOps.java:150)
	at java.util.stream.ForEachOps$ForEachOp$OfRef.evaluateSequential(ForEachOps.java:173)
	at java.util.stream.AbstractPipeline.evaluate(AbstractPipeline.java:234)
	at java.util.stream.ReferencePipeline.forEach(ReferencePipeline.java:485)
	at org.junit.vintage.engine.VintageTestEngine.executeAllChildren(VintageTestEngine.java:82)
	at org.junit.vintage.engine.VintageTestEngine.execute(VintageTestEngine.java:73)
	at org.junit.platform.launcher.core.DefaultLauncher.execute(DefaultLauncher.java:248)
	at org.junit.platform.launcher.core.DefaultLauncher.lambda$execute$5(DefaultLauncher.java:211)
	at org.junit.platform.launcher.core.DefaultLauncher.withInterceptedStreams(DefaultLauncher.java:226)
	at org.junit.platform.launcher.core.DefaultLauncher.execute(DefaultLauncher.java:199)
	at org.junit.platform.launcher.core.DefaultLauncher.execute(DefaultLauncher.java:132)
	at org.apache.maven.surefire.junitplatform.JUnitPlatformProvider.invokeAllTests(JUnitPlatformProvider.java:154)
	at org.apache.maven.surefire.junitplatform.JUnitPlatformProvider.invoke(JUnitPlatformProvider.java:123)
	at org.apache.maven.surefire.booter.ForkedBooter.runSuitesInProcess(ForkedBooter.java:377)
	at org.apache.maven.surefire.booter.ForkedBooter.execute(ForkedBooter.java:138)
	at org.apache.maven.surefire.booter.ForkedBooter.run(ForkedBooter.java:465)
	at org.apache.maven.surefire.booter.ForkedBooter.main(ForkedBooter.java:451)
]]></error>
    <system-err><![CDATA[2024-04-24T01:54:24,754  WARN [main] conf.HiveConf: HiveConf of name hive.llap.io.cache.orc.alloc.max does not exist
2024-04-24T01:54:24,755  WARN [main] conf.HiveConf: HiveConf of name hive.dummyparam.test.server.specific.config.metastoresite does not exist
2024-04-24T01:54:24,755  WARN [main] conf.HiveConf: HiveConf of name hive.stats.key.prefix.reserve.length does not exist
2024-04-24T01:54:24,755  WARN [main] conf.HiveConf: HiveConf of name hive.llap.io.cache.orc.arena.size does not exist
2024-04-24T01:54:24,755  WARN [main] conf.HiveConf: HiveConf of name hive.dummyparam.test.server.specific.config.override does not exist
2024-04-24T01:54:24,755  WARN [main] conf.HiveConf: HiveConf of name hive.metastore.client.cache.recordStats does not exist
2024-04-24T01:54:24,755  WARN [main] conf.HiveConf: HiveConf of name hive.dummyparam.test.server.specific.config.hivesite does not exist
2024-04-24T01:54:24,755  WARN [main] conf.HiveConf: HiveConf of name hive.llap.io.cache.orc.alloc.min does not exist
2024-04-24T01:54:24,755  WARN [main] conf.HiveConf: HiveConf of name hive.metastore.metadb.dir does not exist
2024-04-24T01:54:24,755  WARN [main] conf.HiveConf: HiveConf of name hive.llap.io.cache.orc.size does not exist
2024-04-24T01:54:24,755  WARN [main] conf.HiveConf: HiveConf of name hive.metastore.client.cache.maxSize does not exist
2024-04-24T01:54:24,757  INFO [main] utils.TestTxnDbUtil: Creating transactional tables
Hive Session ID = 0bf36452-6a2f-42a6-86dd-1513487ffb8d
2024-04-24T01:54:24,760  INFO [main] SessionState: Hive Session ID = 0bf36452-6a2f-42a6-86dd-1513487ffb8d
ivysettings.xml file not found in HIVE_HOME or HIVE_CONF_DIR,/home/alex/Repositories/hive/conf/ivysettings.xml will be used
2024-04-24T01:54:24,760  INFO [main] DependencyResolver: ivysettings.xml file not found in HIVE_HOME or HIVE_CONF_DIR,/home/alex/Repositories/hive/conf/ivysettings.xml will be used
2024-04-24T01:54:24,766  INFO [main] session.SessionState: Created HDFS directory: /home/alex/Repositories/hive/ql/target/tmp/scratchdir/alex/0bf36452-6a2f-42a6-86dd-1513487ffb8d
2024-04-24T01:54:24,768  INFO [main] session.SessionState: Created local directory: /home/alex/Repositories/hive/ql/target/tmp/localscratchdir/0bf36452-6a2f-42a6-86dd-1513487ffb8d
2024-04-24T01:54:24,770  INFO [main] session.SessionState: Created HDFS directory: /home/alex/Repositories/hive/ql/target/tmp/scratchdir/alex/0bf36452-6a2f-42a6-86dd-1513487ffb8d/_tmp_space.db
2024-04-24T01:54:24,770  INFO [main] sqlstd.SQLStdHiveAccessController: Created SQLStdHiveAccessController for session context : HiveAuthzSessionContext [sessionString=0bf36452-6a2f-42a6-86dd-1513487ffb8d, clientType=HIVECLI]
2024-04-24T01:54:24,771  INFO [main] ql.TxnCommandsBaseForTests: Running the query: drop table if exists acidTbl
2024-04-24T01:54:24,771  INFO [main] ql.Driver: Compiling command(queryId=alex_20240424015424_6328a122-5ca6-45a3-bc42-360d20c5fbf2): drop table if exists acidTbl
2024-04-24T01:54:24,779  INFO [main] txn.TxnHandler: Added entries to MIN_HISTORY_LEVEL for current txns: ([1]) with min_open_txn: 1
2024-04-24T01:54:24,780  INFO [main] lockmgr.DbTxnManager: Opened txnid:1
2024-04-24T01:54:24,782  INFO [main] HiveMetaStore.audit: ugi=alex	ip=unknown-ip-addr	cmd=get_table : tbl=hive.default.acidTbl	
2024-04-24T01:54:24,785  INFO [main] ql.Driver: Semantic Analysis Completed (retrial = false)
2024-04-24T01:54:24,785  INFO [main] ql.Driver: Created Hive schema: Schema(fieldSchemas:null, properties:null)
2024-04-24T01:54:24,785  INFO [main] metadata.Hive: Dumping metastore api call timing information for : compilation phase
2024-04-24T01:54:24,785  INFO [main] metadata.Hive: Total time spent in each metastore function (ms): {isCompatibleWith_(Configuration)=0, flushCache_()=0, openTxn_(String, TxnType)=9, commitTxn_(CommitTxnRequest)=8, getValidTxns_(long)=2}
2024-04-24T01:54:24,785  INFO [main] ql.Driver: Completed compiling command(queryId=alex_20240424015424_6328a122-5ca6-45a3-bc42-360d20c5fbf2); Time taken: 0.014 seconds
2024-04-24T01:54:24,785  INFO [main] lockmgr.DbTxnManager: Setting lock request transaction to txnid:1 for queryId=alex_20240424015424_6328a122-5ca6-45a3-bc42-360d20c5fbf2
2024-04-24T01:54:24,785  INFO [main] ql.Driver: Operation DROPTABLE obtained 0 locks
2024-04-24T01:54:24,785  INFO [main] ql.Driver: Executing command(queryId=alex_20240424015424_6328a122-5ca6-45a3-bc42-360d20c5fbf2): drop table if exists acidTbl
2024-04-24T01:54:24,786  INFO [main] ql.Driver: Starting task [Stage-0:DDL] in serial mode
2024-04-24T01:54:24,786  INFO [main] HiveMetaStore.audit: ugi=alex	ip=unknown-ip-addr	cmd=get_table : tbl=hive.default.acidTbl	
2024-04-24T01:54:24,789  INFO [main] metadata.Hive: Dumping metastore api call timing information for : execution phase
2024-04-24T01:54:24,789  INFO [main] metadata.Hive: Total time spent in each metastore function (ms): {isCompatibleWith_(Configuration)=0}
2024-04-24T01:54:24,789  INFO [main] ql.Driver: Completed executing command(queryId=alex_20240424015424_6328a122-5ca6-45a3-bc42-360d20c5fbf2); Time taken: 0.004 seconds
2024-04-24T01:54:24,789  INFO [main] lockmgr.DbTxnManager: Stopped heartbeat for query: alex_20240424015424_6328a122-5ca6-45a3-bc42-360d20c5fbf2
2024-04-24T01:54:24,794  INFO [main] txn.TxnHandler: Expected to move at least one record from txn_components to completed_txn_components when committing txn! txnid:1
2024-04-24T01:54:24,800  INFO [main] txn.TxnHandler: Removed transactions: ([1]) from MIN_HISTORY_LEVEL
2024-04-24T01:54:24,800  WARN [main] txn.CompactionTxnHandler: No compaction queue record found for Compaction type transaction commit. txnId:1
2024-04-24T01:54:24,801  INFO [main] ql.TxnCommandsBaseForTests: Running the query: drop table if exists acidTblPart
2024-04-24T01:54:24,801  INFO [main] ql.Driver: Compiling command(queryId=alex_20240424015424_93fb4ba9-6209-46ca-9320-f0088ed8f83b): drop table if exists acidTblPart
2024-04-24T01:54:24,803  INFO [main] txn.TxnHandler: Added entries to MIN_HISTORY_LEVEL for current txns: ([2]) with min_open_txn: 1
2024-04-24T01:54:24,803  INFO [main] lockmgr.DbTxnManager: Opened txnid:2
2024-04-24T01:54:24,804  INFO [main] HiveMetaStore.audit: ugi=alex	ip=unknown-ip-addr	cmd=get_table : tbl=hive.default.acidTblPart	
2024-04-24T01:54:24,807  INFO [main] ql.Driver: Semantic Analysis Completed (retrial = false)
2024-04-24T01:54:24,807  INFO [main] ql.Driver: Created Hive schema: Schema(fieldSchemas:null, properties:null)
2024-04-24T01:54:24,807  INFO [main] metadata.Hive: Dumping metastore api call timing information for : compilation phase
2024-04-24T01:54:24,807  INFO [main] metadata.Hive: Total time spent in each metastore function (ms): {openTxn_(String, TxnType)=2, getValidTxns_(long)=1, flushCache_()=0, commitTxn_(CommitTxnRequest)=11, isCompatibleWith_(Configuration)=0}
2024-04-24T01:54:24,808  INFO [main] ql.Driver: Completed compiling command(queryId=alex_20240424015424_93fb4ba9-6209-46ca-9320-f0088ed8f83b); Time taken: 0.006 seconds
2024-04-24T01:54:24,808  INFO [main] lockmgr.DbTxnManager: Setting lock request transaction to txnid:2 for queryId=alex_20240424015424_93fb4ba9-6209-46ca-9320-f0088ed8f83b
2024-04-24T01:54:24,808  INFO [main] ql.Driver: Operation DROPTABLE obtained 0 locks
2024-04-24T01:54:24,808  INFO [main] ql.Driver: Executing command(queryId=alex_20240424015424_93fb4ba9-6209-46ca-9320-f0088ed8f83b): drop table if exists acidTblPart
2024-04-24T01:54:24,808  INFO [main] ql.Driver: Starting task [Stage-0:DDL] in serial mode
2024-04-24T01:54:24,808  INFO [main] HiveMetaStore.audit: ugi=alex	ip=unknown-ip-addr	cmd=get_table : tbl=hive.default.acidTblPart	
2024-04-24T01:54:24,812  INFO [main] metadata.Hive: Dumping metastore api call timing information for : execution phase
2024-04-24T01:54:24,812  INFO [main] metadata.Hive: Total time spent in each metastore function (ms): {isCompatibleWith_(Configuration)=0}
2024-04-24T01:54:24,812  INFO [main] ql.Driver: Completed executing command(queryId=alex_20240424015424_93fb4ba9-6209-46ca-9320-f0088ed8f83b); Time taken: 0.004 seconds
2024-04-24T01:54:24,812  INFO [main] lockmgr.DbTxnManager: Stopped heartbeat for query: alex_20240424015424_93fb4ba9-6209-46ca-9320-f0088ed8f83b
2024-04-24T01:54:24,818  INFO [main] txn.TxnHandler: Expected to move at least one record from txn_components to completed_txn_components when committing txn! txnid:2
2024-04-24T01:54:24,824  INFO [main] txn.TxnHandler: Removed transactions: ([2]) from MIN_HISTORY_LEVEL
2024-04-24T01:54:24,824  WARN [main] txn.CompactionTxnHandler: No compaction queue record found for Compaction type transaction commit. txnId:2
2024-04-24T01:54:24,825  INFO [main] ql.TxnCommandsBaseForTests: Running the query: drop table if exists acidTbl2
2024-04-24T01:54:24,825  INFO [main] ql.Driver: Compiling command(queryId=alex_20240424015424_b950c2da-22e3-4c9a-8388-d1a1bdf41fe7): drop table if exists acidTbl2
2024-04-24T01:54:24,827  INFO [main] txn.TxnHandler: Added entries to MIN_HISTORY_LEVEL for current txns: ([3]) with min_open_txn: 1
2024-04-24T01:54:24,828  INFO [main] lockmgr.DbTxnManager: Opened txnid:3
2024-04-24T01:54:24,828  INFO [main] HiveMetaStore.audit: ugi=alex	ip=unknown-ip-addr	cmd=get_table : tbl=hive.default.acidTbl2	
2024-04-24T01:54:24,831  INFO [main] ql.Driver: Semantic Analysis Completed (retrial = false)
2024-04-24T01:54:24,831  INFO [main] ql.Driver: Created Hive schema: Schema(fieldSchemas:null, properties:null)
2024-04-24T01:54:24,831  INFO [main] metadata.Hive: Dumping metastore api call timing information for : compilation phase
2024-04-24T01:54:24,831  INFO [main] metadata.Hive: Total time spent in each metastore function (ms): {openTxn_(String, TxnType)=3, isCompatibleWith_(Configuration)=0, commitTxn_(CommitTxnRequest)=12, getValidTxns_(long)=0, flushCache_()=0}
2024-04-24T01:54:24,831  INFO [main] ql.Driver: Completed compiling command(queryId=alex_20240424015424_b950c2da-22e3-4c9a-8388-d1a1bdf41fe7); Time taken: 0.006 seconds
2024-04-24T01:54:24,832  INFO [main] lockmgr.DbTxnManager: Setting lock request transaction to txnid:3 for queryId=alex_20240424015424_b950c2da-22e3-4c9a-8388-d1a1bdf41fe7
2024-04-24T01:54:24,832  INFO [main] ql.Driver: Operation DROPTABLE obtained 0 locks
2024-04-24T01:54:24,832  INFO [main] ql.Driver: Executing command(queryId=alex_20240424015424_b950c2da-22e3-4c9a-8388-d1a1bdf41fe7): drop table if exists acidTbl2
2024-04-24T01:54:24,832  INFO [main] ql.Driver: Starting task [Stage-0:DDL] in serial mode
2024-04-24T01:54:24,832  INFO [main] HiveMetaStore.audit: ugi=alex	ip=unknown-ip-addr	cmd=get_table : tbl=hive.default.acidTbl2	
2024-04-24T01:54:24,836  INFO [main] metadata.Hive: Dumping metastore api call timing information for : execution phase
2024-04-24T01:54:24,836  INFO [main] metadata.Hive: Total time spent in each metastore function (ms): {isCompatibleWith_(Configuration)=0}
2024-04-24T01:54:24,836  INFO [main] ql.Driver: Completed executing command(queryId=alex_20240424015424_b950c2da-22e3-4c9a-8388-d1a1bdf41fe7); Time taken: 0.004 seconds
2024-04-24T01:54:24,837  INFO [main] lockmgr.DbTxnManager: Stopped heartbeat for query: alex_20240424015424_b950c2da-22e3-4c9a-8388-d1a1bdf41fe7
2024-04-24T01:54:24,844  INFO [main] txn.TxnHandler: Expected to move at least one record from txn_components to completed_txn_components when committing txn! txnid:3
2024-04-24T01:54:24,849  INFO [main] txn.TxnHandler: Removed transactions: ([3]) from MIN_HISTORY_LEVEL
2024-04-24T01:54:24,850  WARN [main] txn.CompactionTxnHandler: No compaction queue record found for Compaction type transaction commit. txnId:3
2024-04-24T01:54:24,850  INFO [main] ql.TxnCommandsBaseForTests: Running the query: drop table if exists nonAcidOrcTbl
2024-04-24T01:54:24,850  INFO [main] ql.Driver: Compiling command(queryId=alex_20240424015424_731d8ac8-9cbc-40e0-9bc3-a6d7315832a8): drop table if exists nonAcidOrcTbl
2024-04-24T01:54:24,853  INFO [main] txn.TxnHandler: Added entries to MIN_HISTORY_LEVEL for current txns: ([4]) with min_open_txn: 1
2024-04-24T01:54:24,853  INFO [main] lockmgr.DbTxnManager: Opened txnid:4
2024-04-24T01:54:24,854  INFO [main] HiveMetaStore.audit: ugi=alex	ip=unknown-ip-addr	cmd=get_table : tbl=hive.default.nonAcidOrcTbl	
2024-04-24T01:54:24,857  INFO [main] ql.Driver: Semantic Analysis Completed (retrial = false)
2024-04-24T01:54:24,857  INFO [main] ql.Driver: Created Hive schema: Schema(fieldSchemas:null, properties:null)
2024-04-24T01:54:24,857  INFO [main] metadata.Hive: Dumping metastore api call timing information for : compilation phase
2024-04-24T01:54:24,857  INFO [main] metadata.Hive: Total time spent in each metastore function (ms): {getValidTxns_(long)=1, commitTxn_(CommitTxnRequest)=13, openTxn_(String, TxnType)=2, flushCache_()=0, isCompatibleWith_(Configuration)=0}
2024-04-24T01:54:24,857  INFO [main] ql.Driver: Completed compiling command(queryId=alex_20240424015424_731d8ac8-9cbc-40e0-9bc3-a6d7315832a8); Time taken: 0.007 seconds
2024-04-24T01:54:24,857  INFO [main] lockmgr.DbTxnManager: Setting lock request transaction to txnid:4 for queryId=alex_20240424015424_731d8ac8-9cbc-40e0-9bc3-a6d7315832a8
2024-04-24T01:54:24,857  INFO [main] ql.Driver: Operation DROPTABLE obtained 0 locks
2024-04-24T01:54:24,857  INFO [main] ql.Driver: Executing command(queryId=alex_20240424015424_731d8ac8-9cbc-40e0-9bc3-a6d7315832a8): drop table if exists nonAcidOrcTbl
2024-04-24T01:54:24,858  INFO [main] ql.Driver: Starting task [Stage-0:DDL] in serial mode
2024-04-24T01:54:24,858  INFO [main] HiveMetaStore.audit: ugi=alex	ip=unknown-ip-addr	cmd=get_table : tbl=hive.default.nonAcidOrcTbl	
2024-04-24T01:54:24,861  INFO [main] metadata.Hive: Dumping metastore api call timing information for : execution phase
2024-04-24T01:54:24,861  INFO [main] metadata.Hive: Total time spent in each metastore function (ms): {isCompatibleWith_(Configuration)=0}
2024-04-24T01:54:24,861  INFO [main] ql.Driver: Completed executing command(queryId=alex_20240424015424_731d8ac8-9cbc-40e0-9bc3-a6d7315832a8); Time taken: 0.004 seconds
2024-04-24T01:54:24,861  INFO [main] lockmgr.DbTxnManager: Stopped heartbeat for query: alex_20240424015424_731d8ac8-9cbc-40e0-9bc3-a6d7315832a8
2024-04-24T01:54:24,866  INFO [main] txn.TxnHandler: Expected to move at least one record from txn_components to completed_txn_components when committing txn! txnid:4
2024-04-24T01:54:24,872  INFO [main] txn.TxnHandler: Removed transactions: ([4]) from MIN_HISTORY_LEVEL
2024-04-24T01:54:24,872  WARN [main] txn.CompactionTxnHandler: No compaction queue record found for Compaction type transaction commit. txnId:4
2024-04-24T01:54:24,873  INFO [main] ql.TxnCommandsBaseForTests: Running the query: drop table if exists nonAcidOrcTbl2
2024-04-24T01:54:24,873  INFO [main] ql.Driver: Compiling command(queryId=alex_20240424015424_86245b65-7f38-4911-9b07-f53f91f0a267): drop table if exists nonAcidOrcTbl2
2024-04-24T01:54:24,876  INFO [main] txn.TxnHandler: Added entries to MIN_HISTORY_LEVEL for current txns: ([5]) with min_open_txn: 1
2024-04-24T01:54:24,876  INFO [main] lockmgr.DbTxnManager: Opened txnid:5
2024-04-24T01:54:24,877  INFO [main] HiveMetaStore.audit: ugi=alex	ip=unknown-ip-addr	cmd=get_table : tbl=hive.default.nonAcidOrcTbl2	
2024-04-24T01:54:24,882  INFO [main] ql.Driver: Semantic Analysis Completed (retrial = false)
2024-04-24T01:54:24,882  INFO [main] ql.Driver: Created Hive schema: Schema(fieldSchemas:null, properties:null)
2024-04-24T01:54:24,882  INFO [main] metadata.Hive: Dumping metastore api call timing information for : compilation phase
2024-04-24T01:54:24,882  INFO [main] metadata.Hive: Total time spent in each metastore function (ms): {openTxn_(String, TxnType)=2, getValidTxns_(long)=1, commitTxn_(CommitTxnRequest)=12, flushCache_()=0, isCompatibleWith_(Configuration)=0}
2024-04-24T01:54:24,882  INFO [main] ql.Driver: Completed compiling command(queryId=alex_20240424015424_86245b65-7f38-4911-9b07-f53f91f0a267); Time taken: 0.009 seconds
2024-04-24T01:54:24,883  INFO [main] lockmgr.DbTxnManager: Setting lock request transaction to txnid:5 for queryId=alex_20240424015424_86245b65-7f38-4911-9b07-f53f91f0a267
2024-04-24T01:54:24,883  INFO [main] ql.Driver: Operation DROPTABLE obtained 0 locks
2024-04-24T01:54:24,883  INFO [main] ql.Driver: Executing command(queryId=alex_20240424015424_86245b65-7f38-4911-9b07-f53f91f0a267): drop table if exists nonAcidOrcTbl2
2024-04-24T01:54:24,883  INFO [main] ql.Driver: Starting task [Stage-0:DDL] in serial mode
2024-04-24T01:54:24,883  INFO [main] HiveMetaStore.audit: ugi=alex	ip=unknown-ip-addr	cmd=get_table : tbl=hive.default.nonAcidOrcTbl2	
2024-04-24T01:54:24,886  INFO [main] metadata.Hive: Dumping metastore api call timing information for : execution phase
2024-04-24T01:54:24,886  INFO [main] metadata.Hive: Total time spent in each metastore function (ms): {isCompatibleWith_(Configuration)=0}
2024-04-24T01:54:24,886  INFO [main] ql.Driver: Completed executing command(queryId=alex_20240424015424_86245b65-7f38-4911-9b07-f53f91f0a267); Time taken: 0.003 seconds
2024-04-24T01:54:24,886  INFO [main] lockmgr.DbTxnManager: Stopped heartbeat for query: alex_20240424015424_86245b65-7f38-4911-9b07-f53f91f0a267
2024-04-24T01:54:24,891  INFO [main] txn.TxnHandler: Expected to move at least one record from txn_components to completed_txn_components when committing txn! txnid:5
2024-04-24T01:54:24,896  INFO [main] txn.TxnHandler: Removed transactions: ([5]) from MIN_HISTORY_LEVEL
2024-04-24T01:54:24,896  WARN [main] txn.CompactionTxnHandler: No compaction queue record found for Compaction type transaction commit. txnId:5
2024-04-24T01:54:24,896  INFO [main] ql.TxnCommandsBaseForTests: Running the query: drop table if exists nonAcidNonBucket
2024-04-24T01:54:24,897  INFO [main] ql.Driver: Compiling command(queryId=alex_20240424015424_22813876-57fd-400f-a289-3cc087496821): drop table if exists nonAcidNonBucket
2024-04-24T01:54:24,899  INFO [main] txn.TxnHandler: Added entries to MIN_HISTORY_LEVEL for current txns: ([6]) with min_open_txn: 1
2024-04-24T01:54:24,899  INFO [main] lockmgr.DbTxnManager: Opened txnid:6
2024-04-24T01:54:24,899  INFO [main] HiveMetaStore.audit: ugi=alex	ip=unknown-ip-addr	cmd=get_table : tbl=hive.default.nonAcidNonBucket	
2024-04-24T01:54:24,902  INFO [main] ql.Driver: Semantic Analysis Completed (retrial = false)
2024-04-24T01:54:24,902  INFO [main] ql.Driver: Created Hive schema: Schema(fieldSchemas:null, properties:null)
2024-04-24T01:54:24,902  INFO [main] metadata.Hive: Dumping metastore api call timing information for : compilation phase
2024-04-24T01:54:24,902  INFO [main] metadata.Hive: Total time spent in each metastore function (ms): {commitTxn_(CommitTxnRequest)=10, openTxn_(String, TxnType)=2, flushCache_()=0, isCompatibleWith_(Configuration)=0, getValidTxns_(long)=0}
2024-04-24T01:54:24,903  INFO [main] ql.Driver: Completed compiling command(queryId=alex_20240424015424_22813876-57fd-400f-a289-3cc087496821); Time taken: 0.005 seconds
2024-04-24T01:54:24,903  INFO [main] lockmgr.DbTxnManager: Setting lock request transaction to txnid:6 for queryId=alex_20240424015424_22813876-57fd-400f-a289-3cc087496821
2024-04-24T01:54:24,903  INFO [main] ql.Driver: Operation DROPTABLE obtained 0 locks
2024-04-24T01:54:24,903  INFO [main] ql.Driver: Executing command(queryId=alex_20240424015424_22813876-57fd-400f-a289-3cc087496821): drop table if exists nonAcidNonBucket
2024-04-24T01:54:24,903  INFO [main] ql.Driver: Starting task [Stage-0:DDL] in serial mode
2024-04-24T01:54:24,903  INFO [main] HiveMetaStore.audit: ugi=alex	ip=unknown-ip-addr	cmd=get_table : tbl=hive.default.nonAcidNonBucket	
2024-04-24T01:54:24,906  INFO [main] metadata.Hive: Dumping metastore api call timing information for : execution phase
2024-04-24T01:54:24,906  INFO [main] metadata.Hive: Total time spent in each metastore function (ms): {isCompatibleWith_(Configuration)=0}
2024-04-24T01:54:24,906  INFO [main] ql.Driver: Completed executing command(queryId=alex_20240424015424_22813876-57fd-400f-a289-3cc087496821); Time taken: 0.003 seconds
2024-04-24T01:54:24,906  INFO [main] lockmgr.DbTxnManager: Stopped heartbeat for query: alex_20240424015424_22813876-57fd-400f-a289-3cc087496821
2024-04-24T01:54:24,911  INFO [main] txn.TxnHandler: Expected to move at least one record from txn_components to completed_txn_components when committing txn! txnid:6
2024-04-24T01:54:24,916  INFO [main] txn.TxnHandler: Removed transactions: ([6]) from MIN_HISTORY_LEVEL
2024-04-24T01:54:24,916  WARN [main] txn.CompactionTxnHandler: No compaction queue record found for Compaction type transaction commit. txnId:6
2024-04-24T01:54:24,916  INFO [main] ql.TxnCommandsBaseForTests: Running the query: create table acidTbl(a int, b int) clustered by (a) into 2 buckets stored as orc TBLPROPERTIES ('transactional'='true')
2024-04-24T01:54:24,917  INFO [main] ql.Driver: Compiling command(queryId=alex_20240424015424_8c5d449b-6aa3-4b2b-8b67-1d2f6dbbdaa4): create table acidTbl(a int, b int) clustered by (a) into 2 buckets stored as orc TBLPROPERTIES ('transactional'='true')
2024-04-24T01:54:24,919  INFO [main] txn.TxnHandler: Added entries to MIN_HISTORY_LEVEL for current txns: ([7]) with min_open_txn: 1
2024-04-24T01:54:24,919  INFO [main] lockmgr.DbTxnManager: Opened txnid:7
2024-04-24T01:54:24,919  INFO [main] parse.CalcitePlanner: Starting caching scope for: 
2024-04-24T01:54:24,919  INFO [main] parse.CalcitePlanner: Starting Semantic Analysis
2024-04-24T01:54:24,924  INFO [main] parse.CalcitePlanner: Creating table default.acidTbl position=13
2024-04-24T01:54:24,925  INFO [main] HiveMetaStore.audit: ugi=alex	ip=unknown-ip-addr	cmd=get_database: default	
2024-04-24T01:54:24,926  INFO [main] parse.CalcitePlanner: Ending caching scope for: 
2024-04-24T01:54:24,926  INFO [main] ql.Driver: Semantic Analysis Completed (retrial = false)
2024-04-24T01:54:24,926  INFO [main] ql.Driver: Created Hive schema: Schema(fieldSchemas:null, properties:null)
2024-04-24T01:54:24,926  INFO [main] metadata.Hive: Dumping metastore api call timing information for : compilation phase
2024-04-24T01:54:24,927  INFO [main] metadata.Hive: Total time spent in each metastore function (ms): {openTxn_(String, TxnType)=2, getDatabase_(String)=1, isCompatibleWith_(Configuration)=0, getValidWriteIds_(List, String)=4, flushCache_()=0, commitTxn_(CommitTxnRequest)=10, getValidTxns_(long)=0}
2024-04-24T01:54:24,927  INFO [main] ql.Driver: Completed compiling command(queryId=alex_20240424015424_8c5d449b-6aa3-4b2b-8b67-1d2f6dbbdaa4); Time taken: 0.009 seconds
2024-04-24T01:54:24,927  INFO [main] lockmgr.DbTxnManager: Setting lock request transaction to txnid:7 for queryId=alex_20240424015424_8c5d449b-6aa3-4b2b-8b67-1d2f6dbbdaa4
2024-04-24T01:54:24,927  INFO [main] lockmgr.DbLockManager: Requesting lock for queryId=alex_20240424015424_8c5d449b-6aa3-4b2b-8b67-1d2f6dbbdaa4
2024-04-24T01:54:24,945  INFO [main] lockmgr.DbLockManager: Response to queryId=alex_20240424015424_8c5d449b-6aa3-4b2b-8b67-1d2f6dbbdaa4 LockResponse(lockid:1, state:ACQUIRED)
2024-04-24T01:54:24,945  INFO [main] ql.Driver: Operation CREATETABLE obtained 1 locks
2024-04-24T01:54:24,946  INFO [main] ql.Driver: Executing command(queryId=alex_20240424015424_8c5d449b-6aa3-4b2b-8b67-1d2f6dbbdaa4): create table acidTbl(a int, b int) clustered by (a) into 2 buckets stored as orc TBLPROPERTIES ('transactional'='true')
2024-04-24T01:54:24,946  INFO [main] ql.Driver: Starting task [Stage-0:DDL] in serial mode
2024-04-24T01:54:24,947  INFO [main] HiveMetaStore.audit: ugi=alex	ip=unknown-ip-addr	cmd=create_table_req: Table(tableName:acidTbl, dbName:default, owner:alex, createTime:1713948864, lastAccessTime:0, retention:0, sd:StorageDescriptor(cols:[FieldSchema(name:a, type:int, comment:null), FieldSchema(name:b, type:int, comment:null)], location:null, inputFormat:org.apache.hadoop.hive.ql.io.orc.OrcInputFormat, outputFormat:org.apache.hadoop.hive.ql.io.orc.OrcOutputFormat, compressed:false, numBuckets:2, serdeInfo:SerDeInfo(name:null, serializationLib:org.apache.hadoop.hive.ql.io.orc.OrcSerde, parameters:{serialization.format=1}), bucketCols:[a], sortCols:[], parameters:{}, skewedInfo:SkewedInfo(skewedColNames:[], skewedColValues:[], skewedColValueLocationMaps:{}), storedAsSubDirectories:false), partitionKeys:[], parameters:{numFilesErasureCoded=0, rawDataSize=0, COLUMN_STATS_ACCURATE={"BASIC_STATS":"true","COLUMN_STATS":{"a":"true","b":"true"}}, bucketing_version=2, transactional=true, totalSize=0, numFiles=0, numRows=0}, viewOriginalText:null, viewExpandedText:null, tableType:MANAGED_TABLE, privileges:PrincipalPrivilegeSet(userPrivileges:{alex=[PrivilegeGrantInfo(privilege:INSERT, createTime:-1, grantor:alex, grantorType:USER, grantOption:true), PrivilegeGrantInfo(privilege:SELECT, createTime:-1, grantor:alex, grantorType:USER, grantOption:true), PrivilegeGrantInfo(privilege:UPDATE, createTime:-1, grantor:alex, grantorType:USER, grantOption:true), PrivilegeGrantInfo(privilege:DELETE, createTime:-1, grantor:alex, grantorType:USER, grantOption:true)]}, groupPrivileges:null, rolePrivileges:null), temporary:false, catName:hive, ownerType:USER, writeId:0)	
2024-04-24T01:54:24,952  INFO [main] utils.FileUtils: Creating directory if it doesn't exist: file:/home/alex/Repositories/hive/ql/target/tmp/org.apache.hadoop.hive.ql.TestTxnLoadData-1713948800221/warehouse/acidtbl
2024-04-24T01:54:24,993  INFO [main] metadata.Hive: Dumping metastore api call timing information for : execution phase
2024-04-24T01:54:24,993  INFO [main] metadata.Hive: Total time spent in each metastore function (ms): {isCompatibleWith_(Configuration)=0, createTable_(Table)=46}
2024-04-24T01:54:24,993  INFO [main] ql.Driver: Completed executing command(queryId=alex_20240424015424_8c5d449b-6aa3-4b2b-8b67-1d2f6dbbdaa4); Time taken: 0.047 seconds
2024-04-24T01:54:24,993  INFO [main] lockmgr.DbTxnManager: Stopped heartbeat for query: alex_20240424015424_8c5d449b-6aa3-4b2b-8b67-1d2f6dbbdaa4
2024-04-24T01:54:24,997  INFO [main] txn.TxnHandler: Expected to move at least one record from txn_components to completed_txn_components when committing txn! txnid:7
2024-04-24T01:54:25,004  INFO [main] txn.TxnHandler: Removed transactions: ([7]) from MIN_HISTORY_LEVEL
2024-04-24T01:54:25,006  WARN [main] txn.CompactionTxnHandler: No compaction queue record found for Compaction type transaction commit. txnId:7
2024-04-24T01:54:25,007  INFO [main] ql.TxnCommandsBaseForTests: Running the query: create table acidTblPart(a int, b int) partitioned by (p string) clustered by (a) into 2 buckets stored as orc TBLPROPERTIES ('transactional'='true')
2024-04-24T01:54:25,007  INFO [main] ql.Driver: Compiling command(queryId=alex_20240424015425_8d7a0fa4-b0d9-4d20-b670-2e0d3aaa4176): create table acidTblPart(a int, b int) partitioned by (p string) clustered by (a) into 2 buckets stored as orc TBLPROPERTIES ('transactional'='true')
2024-04-24T01:54:25,009  INFO [main] txn.TxnHandler: Added entries to MIN_HISTORY_LEVEL for current txns: ([8]) with min_open_txn: 1
2024-04-24T01:54:25,010  INFO [main] lockmgr.DbTxnManager: Opened txnid:8
2024-04-24T01:54:25,010  INFO [main] parse.CalcitePlanner: Starting caching scope for: 
2024-04-24T01:54:25,010  INFO [main] parse.CalcitePlanner: Starting Semantic Analysis
2024-04-24T01:54:25,013  INFO [main] parse.CalcitePlanner: Creating table default.acidTblPart position=13
2024-04-24T01:54:25,013  INFO [main] HiveMetaStore.audit: ugi=alex	ip=unknown-ip-addr	cmd=get_database: default	
2024-04-24T01:54:25,016  INFO [main] parse.CalcitePlanner: Ending caching scope for: 
2024-04-24T01:54:25,016  INFO [main] ql.Driver: Semantic Analysis Completed (retrial = false)
2024-04-24T01:54:25,017  INFO [main] ql.Driver: Created Hive schema: Schema(fieldSchemas:null, properties:null)
2024-04-24T01:54:25,017  INFO [main] metadata.Hive: Dumping metastore api call timing information for : compilation phase
2024-04-24T01:54:25,017  INFO [main] metadata.Hive: Total time spent in each metastore function (ms): {getValidWriteIds_(List, String)=3, flushCache_()=0, openTxn_(String, TxnType)=2, getDatabase_(String)=3, isCompatibleWith_(Configuration)=1, commitTxn_(CommitTxnRequest)=13, getValidTxns_(long)=0}
2024-04-24T01:54:25,017  INFO [main] ql.Driver: Completed compiling command(queryId=alex_20240424015425_8d7a0fa4-b0d9-4d20-b670-2e0d3aaa4176); Time taken: 0.01 seconds
2024-04-24T01:54:25,017  INFO [main] lockmgr.DbTxnManager: Setting lock request transaction to txnid:8 for queryId=alex_20240424015425_8d7a0fa4-b0d9-4d20-b670-2e0d3aaa4176
2024-04-24T01:54:25,018  INFO [main] lockmgr.DbLockManager: Requesting lock for queryId=alex_20240424015425_8d7a0fa4-b0d9-4d20-b670-2e0d3aaa4176
2024-04-24T01:54:25,033  INFO [main] lockmgr.DbLockManager: Response to queryId=alex_20240424015425_8d7a0fa4-b0d9-4d20-b670-2e0d3aaa4176 LockResponse(lockid:2, state:ACQUIRED)
2024-04-24T01:54:25,033  INFO [main] ql.Driver: Operation CREATETABLE obtained 1 locks
2024-04-24T01:54:25,033  INFO [main] ql.Driver: Executing command(queryId=alex_20240424015425_8d7a0fa4-b0d9-4d20-b670-2e0d3aaa4176): create table acidTblPart(a int, b int) partitioned by (p string) clustered by (a) into 2 buckets stored as orc TBLPROPERTIES ('transactional'='true')
2024-04-24T01:54:25,034  INFO [main] ql.Driver: Starting task [Stage-0:DDL] in serial mode
2024-04-24T01:54:25,034  INFO [main] HiveMetaStore.audit: ugi=alex	ip=unknown-ip-addr	cmd=create_table_req: Table(tableName:acidTblPart, dbName:default, owner:alex, createTime:1713948865, lastAccessTime:0, retention:0, sd:StorageDescriptor(cols:[FieldSchema(name:a, type:int, comment:null), FieldSchema(name:b, type:int, comment:null)], location:null, inputFormat:org.apache.hadoop.hive.ql.io.orc.OrcInputFormat, outputFormat:org.apache.hadoop.hive.ql.io.orc.OrcOutputFormat, compressed:false, numBuckets:2, serdeInfo:SerDeInfo(name:null, serializationLib:org.apache.hadoop.hive.ql.io.orc.OrcSerde, parameters:{serialization.format=1}), bucketCols:[a], sortCols:[], parameters:{}, skewedInfo:SkewedInfo(skewedColNames:[], skewedColValues:[], skewedColValueLocationMaps:{}), storedAsSubDirectories:false), partitionKeys:[FieldSchema(name:p, type:string, comment:null)], parameters:{transactional=true, bucketing_version=2}, viewOriginalText:null, viewExpandedText:null, tableType:MANAGED_TABLE, privileges:PrincipalPrivilegeSet(userPrivileges:{alex=[PrivilegeGrantInfo(privilege:INSERT, createTime:-1, grantor:alex, grantorType:USER, grantOption:true), PrivilegeGrantInfo(privilege:SELECT, createTime:-1, grantor:alex, grantorType:USER, grantOption:true), PrivilegeGrantInfo(privilege:UPDATE, createTime:-1, grantor:alex, grantorType:USER, grantOption:true), PrivilegeGrantInfo(privilege:DELETE, createTime:-1, grantor:alex, grantorType:USER, grantOption:true)]}, groupPrivileges:null, rolePrivileges:null), temporary:false, catName:hive, ownerType:USER, writeId:0)	
2024-04-24T01:54:25,042  INFO [main] utils.FileUtils: Creating directory if it doesn't exist: file:/home/alex/Repositories/hive/ql/target/tmp/org.apache.hadoop.hive.ql.TestTxnLoadData-1713948800221/warehouse/acidtblpart
2024-04-24T01:54:25,066  INFO [main] metadata.Hive: Dumping metastore api call timing information for : execution phase
2024-04-24T01:54:25,066  INFO [main] metadata.Hive: Total time spent in each metastore function (ms): {isCompatibleWith_(Configuration)=0, createTable_(Table)=32}
2024-04-24T01:54:25,066  INFO [main] ql.Driver: Completed executing command(queryId=alex_20240424015425_8d7a0fa4-b0d9-4d20-b670-2e0d3aaa4176); Time taken: 0.033 seconds
2024-04-24T01:54:25,066  INFO [main] lockmgr.DbTxnManager: Stopped heartbeat for query: alex_20240424015425_8d7a0fa4-b0d9-4d20-b670-2e0d3aaa4176
2024-04-24T01:54:25,070  INFO [main] txn.TxnHandler: Expected to move at least one record from txn_components to completed_txn_components when committing txn! txnid:8
2024-04-24T01:54:25,078  INFO [main] txn.TxnHandler: Removed transactions: ([8]) from MIN_HISTORY_LEVEL
2024-04-24T01:54:25,078  WARN [main] txn.CompactionTxnHandler: No compaction queue record found for Compaction type transaction commit. txnId:8
2024-04-24T01:54:25,078  INFO [main] ql.TxnCommandsBaseForTests: Running the query: create table nonAcidOrcTbl(a int, b int) clustered by (a) into 2 buckets stored as orc TBLPROPERTIES ('transactional'='false')
2024-04-24T01:54:25,079  INFO [main] ql.Driver: Compiling command(queryId=alex_20240424015425_e19bca3c-38b9-4cbb-b3cd-9a292df6b103): create table nonAcidOrcTbl(a int, b int) clustered by (a) into 2 buckets stored as orc TBLPROPERTIES ('transactional'='false')
2024-04-24T01:54:25,081  INFO [main] txn.TxnHandler: Added entries to MIN_HISTORY_LEVEL for current txns: ([9]) with min_open_txn: 1
2024-04-24T01:54:25,082  INFO [main] lockmgr.DbTxnManager: Opened txnid:9
2024-04-24T01:54:25,082  INFO [main] parse.CalcitePlanner: Starting caching scope for: 
2024-04-24T01:54:25,082  INFO [main] parse.CalcitePlanner: Starting Semantic Analysis
2024-04-24T01:54:25,085  INFO [main] parse.CalcitePlanner: Creating table default.nonAcidOrcTbl position=13
2024-04-24T01:54:25,085  INFO [main] HiveMetaStore.audit: ugi=alex	ip=unknown-ip-addr	cmd=get_database: default	
2024-04-24T01:54:25,087  INFO [main] parse.CalcitePlanner: Ending caching scope for: 
2024-04-24T01:54:25,087  INFO [main] ql.Driver: Semantic Analysis Completed (retrial = false)
2024-04-24T01:54:25,087  INFO [main] ql.Driver: Created Hive schema: Schema(fieldSchemas:null, properties:null)
2024-04-24T01:54:25,087  INFO [main] metadata.Hive: Dumping metastore api call timing information for : compilation phase
2024-04-24T01:54:25,087  INFO [main] metadata.Hive: Total time spent in each metastore function (ms): {flushCache_()=0, getDatabase_(String)=2, getValidWriteIds_(List, String)=2, commitTxn_(CommitTxnRequest)=12, isCompatibleWith_(Configuration)=1, openTxn_(String, TxnType)=3, getValidTxns_(long)=0}
2024-04-24T01:54:25,088  INFO [main] ql.Driver: Completed compiling command(queryId=alex_20240424015425_e19bca3c-38b9-4cbb-b3cd-9a292df6b103); Time taken: 0.008 seconds
2024-04-24T01:54:25,088  INFO [main] lockmgr.DbTxnManager: Setting lock request transaction to txnid:9 for queryId=alex_20240424015425_e19bca3c-38b9-4cbb-b3cd-9a292df6b103
2024-04-24T01:54:25,088  INFO [main] lockmgr.DbLockManager: Requesting lock for queryId=alex_20240424015425_e19bca3c-38b9-4cbb-b3cd-9a292df6b103
2024-04-24T01:54:25,104  INFO [main] lockmgr.DbLockManager: Response to queryId=alex_20240424015425_e19bca3c-38b9-4cbb-b3cd-9a292df6b103 LockResponse(lockid:3, state:ACQUIRED)
2024-04-24T01:54:25,104  INFO [main] ql.Driver: Operation CREATETABLE obtained 1 locks
2024-04-24T01:54:25,104  INFO [main] ql.Driver: Executing command(queryId=alex_20240424015425_e19bca3c-38b9-4cbb-b3cd-9a292df6b103): create table nonAcidOrcTbl(a int, b int) clustered by (a) into 2 buckets stored as orc TBLPROPERTIES ('transactional'='false')
2024-04-24T01:54:25,104  INFO [main] ql.Driver: Starting task [Stage-0:DDL] in serial mode
2024-04-24T01:54:25,105  INFO [main] HiveMetaStore.audit: ugi=alex	ip=unknown-ip-addr	cmd=create_table_req: Table(tableName:nonAcidOrcTbl, dbName:default, owner:alex, createTime:1713948865, lastAccessTime:0, retention:0, sd:StorageDescriptor(cols:[FieldSchema(name:a, type:int, comment:null), FieldSchema(name:b, type:int, comment:null)], location:null, inputFormat:org.apache.hadoop.hive.ql.io.orc.OrcInputFormat, outputFormat:org.apache.hadoop.hive.ql.io.orc.OrcOutputFormat, compressed:false, numBuckets:2, serdeInfo:SerDeInfo(name:null, serializationLib:org.apache.hadoop.hive.ql.io.orc.OrcSerde, parameters:{serialization.format=1}), bucketCols:[a], sortCols:[], parameters:{}, skewedInfo:SkewedInfo(skewedColNames:[], skewedColValues:[], skewedColValueLocationMaps:{}), storedAsSubDirectories:false), partitionKeys:[], parameters:{numRows=0, numFiles=0, rawDataSize=0, numFilesErasureCoded=0, bucketing_version=2, transactional=false, COLUMN_STATS_ACCURATE={"BASIC_STATS":"true","COLUMN_STATS":{"a":"true","b":"true"}}, totalSize=0}, viewOriginalText:null, viewExpandedText:null, tableType:MANAGED_TABLE, privileges:PrincipalPrivilegeSet(userPrivileges:{alex=[PrivilegeGrantInfo(privilege:INSERT, createTime:-1, grantor:alex, grantorType:USER, grantOption:true), PrivilegeGrantInfo(privilege:SELECT, createTime:-1, grantor:alex, grantorType:USER, grantOption:true), PrivilegeGrantInfo(privilege:UPDATE, createTime:-1, grantor:alex, grantorType:USER, grantOption:true), PrivilegeGrantInfo(privilege:DELETE, createTime:-1, grantor:alex, grantorType:USER, grantOption:true)]}, groupPrivileges:null, rolePrivileges:null), temporary:false, catName:hive, ownerType:USER)	
2024-04-24T01:54:25,110  INFO [main] utils.FileUtils: Creating directory if it doesn't exist: file:/home/alex/Repositories/hive/ql/target/tmp/org.apache.hadoop.hive.ql.TestTxnLoadData-1713948800221/warehouse/nonacidorctbl
2024-04-24T01:54:25,124  INFO [main] metadata.Hive: Dumping metastore api call timing information for : execution phase
2024-04-24T01:54:25,124  INFO [main] metadata.Hive: Total time spent in each metastore function (ms): {isCompatibleWith_(Configuration)=0, createTable_(Table)=19}
2024-04-24T01:54:25,124  INFO [main] ql.Driver: Completed executing command(queryId=alex_20240424015425_e19bca3c-38b9-4cbb-b3cd-9a292df6b103); Time taken: 0.02 seconds
2024-04-24T01:54:25,125  INFO [main] lockmgr.DbTxnManager: Stopped heartbeat for query: alex_20240424015425_e19bca3c-38b9-4cbb-b3cd-9a292df6b103
2024-04-24T01:54:25,128  INFO [main] txn.TxnHandler: Expected to move at least one record from txn_components to completed_txn_components when committing txn! txnid:9
2024-04-24T01:54:25,134  INFO [main] txn.TxnHandler: Removed transactions: ([9]) from MIN_HISTORY_LEVEL
2024-04-24T01:54:25,134  WARN [main] txn.CompactionTxnHandler: No compaction queue record found for Compaction type transaction commit. txnId:9
2024-04-24T01:54:25,135  INFO [main] ql.TxnCommandsBaseForTests: Running the query: create table nonAcidOrcTbl2(a int, b int) clustered by (a) into 2 buckets stored as orc TBLPROPERTIES ('transactional'='false')
2024-04-24T01:54:25,135  INFO [main] ql.Driver: Compiling command(queryId=alex_20240424015425_834741c6-d1b3-41dc-8457-3c7dbffe7eeb): create table nonAcidOrcTbl2(a int, b int) clustered by (a) into 2 buckets stored as orc TBLPROPERTIES ('transactional'='false')
2024-04-24T01:54:25,138  INFO [main] txn.TxnHandler: Added entries to MIN_HISTORY_LEVEL for current txns: ([10]) with min_open_txn: 1
2024-04-24T01:54:25,138  INFO [main] lockmgr.DbTxnManager: Opened txnid:10
2024-04-24T01:54:25,138  INFO [main] parse.CalcitePlanner: Starting caching scope for: 
2024-04-24T01:54:25,139  INFO [main] parse.CalcitePlanner: Starting Semantic Analysis
2024-04-24T01:54:25,141  INFO [main] parse.CalcitePlanner: Creating table default.nonAcidOrcTbl2 position=13
2024-04-24T01:54:25,141  INFO [main] HiveMetaStore.audit: ugi=alex	ip=unknown-ip-addr	cmd=get_database: default	
2024-04-24T01:54:25,142  INFO [main] parse.CalcitePlanner: Ending caching scope for: 
2024-04-24T01:54:25,142  INFO [main] ql.Driver: Semantic Analysis Completed (retrial = false)
2024-04-24T01:54:25,142  INFO [main] ql.Driver: Created Hive schema: Schema(fieldSchemas:null, properties:null)
2024-04-24T01:54:25,142  INFO [main] metadata.Hive: Dumping metastore api call timing information for : compilation phase
2024-04-24T01:54:25,142  INFO [main] metadata.Hive: Total time spent in each metastore function (ms): {getDatabase_(String)=1, flushCache_()=0, getValidWriteIds_(List, String)=2, commitTxn_(CommitTxnRequest)=9, isCompatibleWith_(Configuration)=0, openTxn_(String, TxnType)=3, getValidTxns_(long)=0}
2024-04-24T01:54:25,143  INFO [main] ql.Driver: Completed compiling command(queryId=alex_20240424015425_834741c6-d1b3-41dc-8457-3c7dbffe7eeb); Time taken: 0.007 seconds
2024-04-24T01:54:25,143  INFO [main] lockmgr.DbTxnManager: Setting lock request transaction to txnid:10 for queryId=alex_20240424015425_834741c6-d1b3-41dc-8457-3c7dbffe7eeb
2024-04-24T01:54:25,143  INFO [main] lockmgr.DbLockManager: Requesting lock for queryId=alex_20240424015425_834741c6-d1b3-41dc-8457-3c7dbffe7eeb
2024-04-24T01:54:25,157  INFO [main] lockmgr.DbLockManager: Response to queryId=alex_20240424015425_834741c6-d1b3-41dc-8457-3c7dbffe7eeb LockResponse(lockid:4, state:ACQUIRED)
2024-04-24T01:54:25,157  INFO [main] ql.Driver: Operation CREATETABLE obtained 1 locks
2024-04-24T01:54:25,158  INFO [main] ql.Driver: Executing command(queryId=alex_20240424015425_834741c6-d1b3-41dc-8457-3c7dbffe7eeb): create table nonAcidOrcTbl2(a int, b int) clustered by (a) into 2 buckets stored as orc TBLPROPERTIES ('transactional'='false')
2024-04-24T01:54:25,158  INFO [main] ql.Driver: Starting task [Stage-0:DDL] in serial mode
2024-04-24T01:54:25,159  INFO [main] HiveMetaStore.audit: ugi=alex	ip=unknown-ip-addr	cmd=create_table_req: Table(tableName:nonAcidOrcTbl2, dbName:default, owner:alex, createTime:1713948865, lastAccessTime:0, retention:0, sd:StorageDescriptor(cols:[FieldSchema(name:a, type:int, comment:null), FieldSchema(name:b, type:int, comment:null)], location:null, inputFormat:org.apache.hadoop.hive.ql.io.orc.OrcInputFormat, outputFormat:org.apache.hadoop.hive.ql.io.orc.OrcOutputFormat, compressed:false, numBuckets:2, serdeInfo:SerDeInfo(name:null, serializationLib:org.apache.hadoop.hive.ql.io.orc.OrcSerde, parameters:{serialization.format=1}), bucketCols:[a], sortCols:[], parameters:{}, skewedInfo:SkewedInfo(skewedColNames:[], skewedColValues:[], skewedColValueLocationMaps:{}), storedAsSubDirectories:false), partitionKeys:[], parameters:{COLUMN_STATS_ACCURATE={"BASIC_STATS":"true","COLUMN_STATS":{"a":"true","b":"true"}}, numFilesErasureCoded=0, numRows=0, rawDataSize=0, totalSize=0, transactional=false, bucketing_version=2, numFiles=0}, viewOriginalText:null, viewExpandedText:null, tableType:MANAGED_TABLE, privileges:PrincipalPrivilegeSet(userPrivileges:{alex=[PrivilegeGrantInfo(privilege:INSERT, createTime:-1, grantor:alex, grantorType:USER, grantOption:true), PrivilegeGrantInfo(privilege:SELECT, createTime:-1, grantor:alex, grantorType:USER, grantOption:true), PrivilegeGrantInfo(privilege:UPDATE, createTime:-1, grantor:alex, grantorType:USER, grantOption:true), PrivilegeGrantInfo(privilege:DELETE, createTime:-1, grantor:alex, grantorType:USER, grantOption:true)]}, groupPrivileges:null, rolePrivileges:null), temporary:false, catName:hive, ownerType:USER)	
2024-04-24T01:54:25,164  INFO [main] utils.FileUtils: Creating directory if it doesn't exist: file:/home/alex/Repositories/hive/ql/target/tmp/org.apache.hadoop.hive.ql.TestTxnLoadData-1713948800221/warehouse/nonacidorctbl2
2024-04-24T01:54:25,179  INFO [main] metadata.Hive: Dumping metastore api call timing information for : execution phase
2024-04-24T01:54:25,179  INFO [main] metadata.Hive: Total time spent in each metastore function (ms): {isCompatibleWith_(Configuration)=0, createTable_(Table)=21}
2024-04-24T01:54:25,180  INFO [main] ql.Driver: Completed executing command(queryId=alex_20240424015425_834741c6-d1b3-41dc-8457-3c7dbffe7eeb); Time taken: 0.022 seconds
2024-04-24T01:54:25,180  INFO [main] lockmgr.DbTxnManager: Stopped heartbeat for query: alex_20240424015425_834741c6-d1b3-41dc-8457-3c7dbffe7eeb
2024-04-24T01:54:25,183  INFO [main] txn.TxnHandler: Expected to move at least one record from txn_components to completed_txn_components when committing txn! txnid:10
2024-04-24T01:54:25,189  INFO [main] txn.TxnHandler: Removed transactions: ([10]) from MIN_HISTORY_LEVEL
2024-04-24T01:54:25,189  WARN [main] txn.CompactionTxnHandler: No compaction queue record found for Compaction type transaction commit. txnId:10
2024-04-24T01:54:25,189  INFO [main] ql.TxnCommandsBaseForTests: Running the query: create temporary  table acidTbl2(a int, b int, c int) clustered by (c) into 2 buckets stored as orc TBLPROPERTIES ('transactional'='true')
2024-04-24T01:54:25,190  INFO [main] ql.Driver: Compiling command(queryId=alex_20240424015425_621cd0af-b620-41a4-a416-0b50518fecc0): create temporary  table acidTbl2(a int, b int, c int) clustered by (c) into 2 buckets stored as orc TBLPROPERTIES ('transactional'='true')
2024-04-24T01:54:25,192  INFO [main] txn.TxnHandler: Added entries to MIN_HISTORY_LEVEL for current txns: ([11]) with min_open_txn: 1
2024-04-24T01:54:25,193  INFO [main] lockmgr.DbTxnManager: Opened txnid:11
2024-04-24T01:54:25,193  INFO [main] parse.CalcitePlanner: Starting caching scope for: 
2024-04-24T01:54:25,193  INFO [main] parse.CalcitePlanner: Starting Semantic Analysis
2024-04-24T01:54:25,196  INFO [main] parse.CalcitePlanner: Creating table default.acidTbl2 position=24
2024-04-24T01:54:25,196  INFO [main] HiveMetaStore.audit: ugi=alex	ip=unknown-ip-addr	cmd=get_database: default	
2024-04-24T01:54:25,197  INFO [main] parse.CalcitePlanner: Ending caching scope for: 
2024-04-24T01:54:25,197  INFO [main] ql.Driver: Semantic Analysis Completed (retrial = false)
2024-04-24T01:54:25,198  INFO [main] ql.Driver: Created Hive schema: Schema(fieldSchemas:null, properties:null)
2024-04-24T01:54:25,198  INFO [main] metadata.Hive: Dumping metastore api call timing information for : compilation phase
2024-04-24T01:54:25,198  INFO [main] metadata.Hive: Total time spent in each metastore function (ms): {getValidTxns_(long)=0, getValidWriteIds_(List, String)=2, openTxn_(String, TxnType)=2, getDatabase_(String)=1, isCompatibleWith_(Configuration)=0, flushCache_()=0, commitTxn_(CommitTxnRequest)=9}
2024-04-24T01:54:25,198  INFO [main] ql.Driver: Completed compiling command(queryId=alex_20240424015425_621cd0af-b620-41a4-a416-0b50518fecc0); Time taken: 0.008 seconds
2024-04-24T01:54:25,198  INFO [main] lockmgr.DbTxnManager: Setting lock request transaction to txnid:11 for queryId=alex_20240424015425_621cd0af-b620-41a4-a416-0b50518fecc0
2024-04-24T01:54:25,199  INFO [main] lockmgr.DbLockManager: Requesting lock for queryId=alex_20240424015425_621cd0af-b620-41a4-a416-0b50518fecc0
2024-04-24T01:54:25,213  INFO [main] lockmgr.DbLockManager: Response to queryId=alex_20240424015425_621cd0af-b620-41a4-a416-0b50518fecc0 LockResponse(lockid:5, state:ACQUIRED)
2024-04-24T01:54:25,213  INFO [main] ql.Driver: Operation CREATETABLE obtained 1 locks
2024-04-24T01:54:25,213  INFO [main] ql.Driver: Executing command(queryId=alex_20240424015425_621cd0af-b620-41a4-a416-0b50518fecc0): create temporary  table acidTbl2(a int, b int, c int) clustered by (c) into 2 buckets stored as orc TBLPROPERTIES ('transactional'='true')
2024-04-24T01:54:25,214  INFO [main] ql.Driver: Starting task [Stage-0:DDL] in serial mode
2024-04-24T01:54:25,215  INFO [main] utils.FileUtils: Creating directory if it doesn't exist: file:/home/alex/Repositories/hive/ql/target/tmp/scratchdir/alex/0bf36452-6a2f-42a6-86dd-1513487ffb8d/_tmp_space.db/0b0f45e0-009f-418c-b5e1-bda90685cb17
2024-04-24T01:54:25,218  INFO [main] metadata.Hive: Dumping metastore api call timing information for : execution phase
2024-04-24T01:54:25,218  INFO [main] metadata.Hive: Total time spent in each metastore function (ms): {createTable_(Table)=3, isCompatibleWith_(Configuration)=0}
2024-04-24T01:54:25,218  INFO [main] ql.Driver: Completed executing command(queryId=alex_20240424015425_621cd0af-b620-41a4-a416-0b50518fecc0); Time taken: 0.005 seconds
2024-04-24T01:54:25,218  INFO [main] lockmgr.DbTxnManager: Stopped heartbeat for query: alex_20240424015425_621cd0af-b620-41a4-a416-0b50518fecc0
2024-04-24T01:54:25,222  INFO [main] txn.TxnHandler: Expected to move at least one record from txn_components to completed_txn_components when committing txn! txnid:11
2024-04-24T01:54:25,227  INFO [main] txn.TxnHandler: Removed transactions: ([11]) from MIN_HISTORY_LEVEL
2024-04-24T01:54:25,228  WARN [main] txn.CompactionTxnHandler: No compaction queue record found for Compaction type transaction commit. txnId:11
2024-04-24T01:54:25,228  INFO [main] ql.TxnCommandsBaseForTests: Running the query: create table nonAcidNonBucket(a int, b int) stored as orc TBLPROPERTIES ('transactional'='false')
2024-04-24T01:54:25,229  INFO [main] ql.Driver: Compiling command(queryId=alex_20240424015425_ba259db6-2751-4827-ab88-0e1b5259f5fc): create table nonAcidNonBucket(a int, b int) stored as orc TBLPROPERTIES ('transactional'='false')
2024-04-24T01:54:25,231  INFO [main] txn.TxnHandler: Added entries to MIN_HISTORY_LEVEL for current txns: ([12]) with min_open_txn: 1
2024-04-24T01:54:25,231  INFO [main] lockmgr.DbTxnManager: Opened txnid:12
2024-04-24T01:54:25,232  INFO [main] parse.CalcitePlanner: Starting caching scope for: 
2024-04-24T01:54:25,232  INFO [main] parse.CalcitePlanner: Starting Semantic Analysis
2024-04-24T01:54:25,234  INFO [main] parse.CalcitePlanner: Creating table default.nonAcidNonBucket position=13
2024-04-24T01:54:25,234  INFO [main] HiveMetaStore.audit: ugi=alex	ip=unknown-ip-addr	cmd=get_database: default	
2024-04-24T01:54:25,236  INFO [main] parse.CalcitePlanner: Ending caching scope for: 
2024-04-24T01:54:25,236  INFO [main] ql.Driver: Semantic Analysis Completed (retrial = false)
2024-04-24T01:54:25,236  INFO [main] ql.Driver: Created Hive schema: Schema(fieldSchemas:null, properties:null)
2024-04-24T01:54:25,236  INFO [main] metadata.Hive: Dumping metastore api call timing information for : compilation phase
2024-04-24T01:54:25,236  INFO [main] metadata.Hive: Total time spent in each metastore function (ms): {openTxn_(String, TxnType)=2, getValidWriteIds_(List, String)=2, commitTxn_(CommitTxnRequest)=9, flushCache_()=0, isCompatibleWith_(Configuration)=0, getDatabase_(String)=2, getValidTxns_(long)=1}
2024-04-24T01:54:25,236  INFO [main] ql.Driver: Completed compiling command(queryId=alex_20240424015425_ba259db6-2751-4827-ab88-0e1b5259f5fc); Time taken: 0.007 seconds
2024-04-24T01:54:25,236  INFO [main] lockmgr.DbTxnManager: Setting lock request transaction to txnid:12 for queryId=alex_20240424015425_ba259db6-2751-4827-ab88-0e1b5259f5fc
2024-04-24T01:54:25,237  INFO [main] lockmgr.DbLockManager: Requesting lock for queryId=alex_20240424015425_ba259db6-2751-4827-ab88-0e1b5259f5fc
2024-04-24T01:54:25,251  INFO [main] lockmgr.DbLockManager: Response to queryId=alex_20240424015425_ba259db6-2751-4827-ab88-0e1b5259f5fc LockResponse(lockid:6, state:ACQUIRED)
2024-04-24T01:54:25,251  INFO [main] ql.Driver: Operation CREATETABLE obtained 1 locks
2024-04-24T01:54:25,251  INFO [main] ql.Driver: Executing command(queryId=alex_20240424015425_ba259db6-2751-4827-ab88-0e1b5259f5fc): create table nonAcidNonBucket(a int, b int) stored as orc TBLPROPERTIES ('transactional'='false')
2024-04-24T01:54:25,251  INFO [main] ql.Driver: Starting task [Stage-0:DDL] in serial mode
2024-04-24T01:54:25,252  INFO [main] HiveMetaStore.audit: ugi=alex	ip=unknown-ip-addr	cmd=create_table_req: Table(tableName:nonAcidNonBucket, dbName:default, owner:alex, createTime:1713948865, lastAccessTime:0, retention:0, sd:StorageDescriptor(cols:[FieldSchema(name:a, type:int, comment:null), FieldSchema(name:b, type:int, comment:null)], location:null, inputFormat:org.apache.hadoop.hive.ql.io.orc.OrcInputFormat, outputFormat:org.apache.hadoop.hive.ql.io.orc.OrcOutputFormat, compressed:false, numBuckets:-1, serdeInfo:SerDeInfo(name:null, serializationLib:org.apache.hadoop.hive.ql.io.orc.OrcSerde, parameters:{serialization.format=1}), bucketCols:[], sortCols:[], parameters:{}, skewedInfo:SkewedInfo(skewedColNames:[], skewedColValues:[], skewedColValueLocationMaps:{}), storedAsSubDirectories:false), partitionKeys:[], parameters:{transactional=false, COLUMN_STATS_ACCURATE={"BASIC_STATS":"true","COLUMN_STATS":{"a":"true","b":"true"}}, numFilesErasureCoded=0, totalSize=0, numRows=0, rawDataSize=0, bucketing_version=2, numFiles=0}, viewOriginalText:null, viewExpandedText:null, tableType:MANAGED_TABLE, privileges:PrincipalPrivilegeSet(userPrivileges:{alex=[PrivilegeGrantInfo(privilege:INSERT, createTime:-1, grantor:alex, grantorType:USER, grantOption:true), PrivilegeGrantInfo(privilege:SELECT, createTime:-1, grantor:alex, grantorType:USER, grantOption:true), PrivilegeGrantInfo(privilege:UPDATE, createTime:-1, grantor:alex, grantorType:USER, grantOption:true), PrivilegeGrantInfo(privilege:DELETE, createTime:-1, grantor:alex, grantorType:USER, grantOption:true)]}, groupPrivileges:null, rolePrivileges:null), temporary:false, catName:hive, ownerType:USER)	
2024-04-24T01:54:25,258  INFO [main] utils.FileUtils: Creating directory if it doesn't exist: file:/home/alex/Repositories/hive/ql/target/tmp/org.apache.hadoop.hive.ql.TestTxnLoadData-1713948800221/warehouse/nonacidnonbucket
2024-04-24T01:54:25,273  INFO [main] metadata.Hive: Dumping metastore api call timing information for : execution phase
2024-04-24T01:54:25,273  INFO [main] metadata.Hive: Total time spent in each metastore function (ms): {isCompatibleWith_(Configuration)=0, createTable_(Table)=21}
2024-04-24T01:54:25,274  INFO [main] ql.Driver: Completed executing command(queryId=alex_20240424015425_ba259db6-2751-4827-ab88-0e1b5259f5fc); Time taken: 0.022 seconds
2024-04-24T01:54:25,274  INFO [main] lockmgr.DbTxnManager: Stopped heartbeat for query: alex_20240424015425_ba259db6-2751-4827-ab88-0e1b5259f5fc
2024-04-24T01:54:25,277  INFO [main] txn.TxnHandler: Expected to move at least one record from txn_components to completed_txn_components when committing txn! txnid:12
2024-04-24T01:54:25,283  INFO [main] txn.TxnHandler: Removed transactions: ([12]) from MIN_HISTORY_LEVEL
2024-04-24T01:54:25,283  WARN [main] txn.CompactionTxnHandler: No compaction queue record found for Compaction type transaction commit. txnId:12
2024-04-24T01:54:25,283  INFO [main] ql.TxnCommandsBaseForTests: Running the query: drop table if exists T
2024-04-24T01:54:25,284  INFO [main] ql.Driver: Compiling command(queryId=alex_20240424015425_11187e43-1a52-467d-ac69-0599a395441d): drop table if exists T
2024-04-24T01:54:25,286  INFO [main] txn.TxnHandler: Added entries to MIN_HISTORY_LEVEL for current txns: ([13]) with min_open_txn: 1
2024-04-24T01:54:25,286  INFO [main] lockmgr.DbTxnManager: Opened txnid:13
2024-04-24T01:54:25,287  INFO [main] HiveMetaStore.audit: ugi=alex	ip=unknown-ip-addr	cmd=get_table : tbl=hive.default.T	
2024-04-24T01:54:25,305  INFO [main] metastore.HMSHandler: Skipping translation for processor with null
2024-04-24T01:54:25,305  INFO [main] ql.Driver: Semantic Analysis Completed (retrial = false)
2024-04-24T01:54:25,306  INFO [main] ql.Driver: Created Hive schema: Schema(fieldSchemas:null, properties:null)
2024-04-24T01:54:25,306  INFO [main] metadata.Hive: Dumping metastore api call timing information for : compilation phase
2024-04-24T01:54:25,306  INFO [main] metadata.Hive: Total time spent in each metastore function (ms): {commitTxn_(CommitTxnRequest)=9, getTable_(GetTableRequest)=18, isCompatibleWith_(Configuration)=0, openTxn_(String, TxnType)=2, getValidTxns_(long)=1, flushCache_()=0}
2024-04-24T01:54:25,306  INFO [main] ql.Driver: Completed compiling command(queryId=alex_20240424015425_11187e43-1a52-467d-ac69-0599a395441d); Time taken: 0.022 seconds
2024-04-24T01:54:25,306  INFO [main] lockmgr.DbTxnManager: Setting lock request transaction to txnid:13 for queryId=alex_20240424015425_11187e43-1a52-467d-ac69-0599a395441d
2024-04-24T01:54:25,307  INFO [main] lockmgr.DbLockManager: Requesting lock for queryId=alex_20240424015425_11187e43-1a52-467d-ac69-0599a395441d
2024-04-24T01:54:25,327  INFO [main] lockmgr.DbLockManager: Response to queryId=alex_20240424015425_11187e43-1a52-467d-ac69-0599a395441d LockResponse(lockid:7, state:ACQUIRED)
2024-04-24T01:54:25,327  INFO [main] ql.Driver: Operation DROPTABLE obtained 1 locks
2024-04-24T01:54:25,327  INFO [main] ql.Driver: Executing command(queryId=alex_20240424015425_11187e43-1a52-467d-ac69-0599a395441d): drop table if exists T
2024-04-24T01:54:25,327  INFO [main] ql.Driver: Starting task [Stage-0:DDL] in serial mode
2024-04-24T01:54:25,328  INFO [main] HiveMetaStore.audit: ugi=alex	ip=unknown-ip-addr	cmd=get_table : tbl=hive.default.T	
2024-04-24T01:54:25,334  INFO [main] metastore.HMSHandler: Skipping translation for processor with null
2024-04-24T01:54:25,334  INFO [main] HiveMetaStore.audit: ugi=alex	ip=unknown-ip-addr	cmd=get_table : tbl=hive.default.T	
2024-04-24T01:54:25,340  INFO [main] metastore.HMSHandler: Skipping translation for processor with null
2024-04-24T01:54:25,340  INFO [main] HiveMetaStore.audit: ugi=alex	ip=unknown-ip-addr	cmd=drop_table : tbl=hive.default.T	
2024-04-24T01:54:25,440  WARN [main] utils.FileUtils: File file:/home/alex/Repositories/hive/ql/target/tmp/org.apache.hadoop.hive.ql.TestTxnLoadData-1713948800221/warehouse/t does not exist; Force to delete it.
2024-04-24T01:54:25,440 ERROR [main] utils.FileUtils: Failed to delete file:/home/alex/Repositories/hive/ql/target/tmp/org.apache.hadoop.hive.ql.TestTxnLoadData-1713948800221/warehouse/t
2024-04-24T01:54:25,440  INFO [main] metadata.Hive: Dumping metastore api call timing information for : execution phase
2024-04-24T01:54:25,440  INFO [main] metadata.Hive: Total time spent in each metastore function (ms): {isCompatibleWith_(Configuration)=1, getTable_(GetTableRequest)=6, dropTable_(String, String, boolean, boolean, boolean)=106}
2024-04-24T01:54:25,441  INFO [main] ql.Driver: Completed executing command(queryId=alex_20240424015425_11187e43-1a52-467d-ac69-0599a395441d); Time taken: 0.113 seconds
2024-04-24T01:54:25,441  INFO [main] lockmgr.DbTxnManager: Stopped heartbeat for query: alex_20240424015425_11187e43-1a52-467d-ac69-0599a395441d
2024-04-24T01:54:25,444  INFO [main] txn.TxnHandler: Expected to move at least one record from txn_components to completed_txn_components when committing txn! txnid:13
2024-04-24T01:54:25,449  INFO [main] txn.TxnHandler: Removed transactions: ([13]) from MIN_HISTORY_LEVEL
2024-04-24T01:54:25,449  WARN [main] txn.CompactionTxnHandler: No compaction queue record found for Compaction type transaction commit. txnId:13
2024-04-24T01:54:25,451  INFO [main] ql.TxnCommandsBaseForTests: Running the query: drop table if exists Tstage
2024-04-24T01:54:25,451  INFO [main] ql.Driver: Compiling command(queryId=alex_20240424015425_52605e16-bbd6-4f1e-9f45-647acddc2e67): drop table if exists Tstage
2024-04-24T01:54:25,453  INFO [main] txn.TxnHandler: Added entries to MIN_HISTORY_LEVEL for current txns: ([14]) with min_open_txn: 1
2024-04-24T01:54:25,454  INFO [main] lockmgr.DbTxnManager: Opened txnid:14
2024-04-24T01:54:25,454  INFO [main] HiveMetaStore.audit: ugi=alex	ip=unknown-ip-addr	cmd=get_table : tbl=hive.default.Tstage	
2024-04-24T01:54:25,476  INFO [main] metastore.HMSHandler: Skipping translation for processor with null
2024-04-24T01:54:25,476  INFO [main] ql.Driver: Semantic Analysis Completed (retrial = false)
2024-04-24T01:54:25,476  INFO [main] ql.Driver: Created Hive schema: Schema(fieldSchemas:null, properties:null)
2024-04-24T01:54:25,476  INFO [main] metadata.Hive: Dumping metastore api call timing information for : compilation phase
2024-04-24T01:54:25,476  INFO [main] metadata.Hive: Total time spent in each metastore function (ms): {openTxn_(String, TxnType)=2, getValidTxns_(long)=0, getTable_(GetTableRequest)=22, commitTxn_(CommitTxnRequest)=9, flushCache_()=0, isCompatibleWith_(Configuration)=1}
2024-04-24T01:54:25,477  INFO [main] ql.Driver: Completed compiling command(queryId=alex_20240424015425_52605e16-bbd6-4f1e-9f45-647acddc2e67); Time taken: 0.025 seconds
2024-04-24T01:54:25,477  INFO [main] lockmgr.DbTxnManager: Setting lock request transaction to txnid:14 for queryId=alex_20240424015425_52605e16-bbd6-4f1e-9f45-647acddc2e67
2024-04-24T01:54:25,477  INFO [main] lockmgr.DbLockManager: Requesting lock for queryId=alex_20240424015425_52605e16-bbd6-4f1e-9f45-647acddc2e67
2024-04-24T01:54:25,494  INFO [main] lockmgr.DbLockManager: Response to queryId=alex_20240424015425_52605e16-bbd6-4f1e-9f45-647acddc2e67 LockResponse(lockid:8, state:ACQUIRED)
2024-04-24T01:54:25,494  INFO [main] ql.Driver: Operation DROPTABLE obtained 1 locks
2024-04-24T01:54:25,494  INFO [main] ql.Driver: Executing command(queryId=alex_20240424015425_52605e16-bbd6-4f1e-9f45-647acddc2e67): drop table if exists Tstage
2024-04-24T01:54:25,494  INFO [main] ql.Driver: Starting task [Stage-0:DDL] in serial mode
2024-04-24T01:54:25,494  INFO [main] HiveMetaStore.audit: ugi=alex	ip=unknown-ip-addr	cmd=get_table : tbl=hive.default.Tstage	
2024-04-24T01:54:25,503  INFO [main] metastore.HMSHandler: Skipping translation for processor with null
2024-04-24T01:54:25,503  INFO [main] HiveMetaStore.audit: ugi=alex	ip=unknown-ip-addr	cmd=get_table : tbl=hive.default.Tstage	
2024-04-24T01:54:25,511  INFO [main] metastore.HMSHandler: Skipping translation for processor with null
2024-04-24T01:54:25,511  INFO [main] HiveMetaStore.audit: ugi=alex	ip=unknown-ip-addr	cmd=drop_table : tbl=hive.default.Tstage	
2024-04-24T01:54:25,542  WARN [main] utils.FileUtils: File file:/home/alex/Repositories/hive/ql/target/tmp/org.apache.hadoop.hive.ql.TestTxnLoadData-1713948800221/warehouse/tstage does not exist; Force to delete it.
2024-04-24T01:54:25,542 ERROR [main] utils.FileUtils: Failed to delete file:/home/alex/Repositories/hive/ql/target/tmp/org.apache.hadoop.hive.ql.TestTxnLoadData-1713948800221/warehouse/tstage
2024-04-24T01:54:25,542  INFO [main] metadata.Hive: Dumping metastore api call timing information for : execution phase
2024-04-24T01:54:25,542  INFO [main] metadata.Hive: Total time spent in each metastore function (ms): {getTable_(GetTableRequest)=9, isCompatibleWith_(Configuration)=0, dropTable_(String, String, boolean, boolean, boolean)=39}
2024-04-24T01:54:25,543  INFO [main] ql.Driver: Completed executing command(queryId=alex_20240424015425_52605e16-bbd6-4f1e-9f45-647acddc2e67); Time taken: 0.048 seconds
2024-04-24T01:54:25,543  INFO [main] lockmgr.DbTxnManager: Stopped heartbeat for query: alex_20240424015425_52605e16-bbd6-4f1e-9f45-647acddc2e67
2024-04-24T01:54:25,546  INFO [main] txn.TxnHandler: Expected to move at least one record from txn_components to completed_txn_components when committing txn! txnid:14
2024-04-24T01:54:25,552  INFO [main] txn.TxnHandler: Removed transactions: ([14]) from MIN_HISTORY_LEVEL
2024-04-24T01:54:25,552  WARN [main] txn.CompactionTxnHandler: No compaction queue record found for Compaction type transaction commit. txnId:14
2024-04-24T01:54:25,553  INFO [main] ql.TxnCommandsBaseForTests: Running the query: create table T (a int, b int) stored as orc tblproperties('transactional'='true')
2024-04-24T01:54:25,554  INFO [main] ql.Driver: Compiling command(queryId=alex_20240424015425_16e5dc2e-4087-4782-af72-5499784ce580): create table T (a int, b int) stored as orc tblproperties('transactional'='true')
2024-04-24T01:54:25,556  INFO [main] txn.TxnHandler: Added entries to MIN_HISTORY_LEVEL for current txns: ([15]) with min_open_txn: 1
2024-04-24T01:54:25,557  INFO [main] lockmgr.DbTxnManager: Opened txnid:15
2024-04-24T01:54:25,558  INFO [main] parse.CalcitePlanner: Starting caching scope for: 
2024-04-24T01:54:25,558  INFO [main] parse.CalcitePlanner: Starting Semantic Analysis
2024-04-24T01:54:25,563  INFO [main] parse.CalcitePlanner: Creating table default.T position=13
2024-04-24T01:54:25,563  INFO [main] HiveMetaStore.audit: ugi=alex	ip=unknown-ip-addr	cmd=get_database: default	
2024-04-24T01:54:25,565  INFO [main] parse.CalcitePlanner: Ending caching scope for: 
2024-04-24T01:54:25,565  INFO [main] ql.Driver: Semantic Analysis Completed (retrial = false)
2024-04-24T01:54:25,565  INFO [main] ql.Driver: Created Hive schema: Schema(fieldSchemas:null, properties:null)
2024-04-24T01:54:25,565  INFO [main] metadata.Hive: Dumping metastore api call timing information for : compilation phase
2024-04-24T01:54:25,565  INFO [main] metadata.Hive: Total time spent in each metastore function (ms): {commitTxn_(CommitTxnRequest)=10, flushCache_()=0, openTxn_(String, TxnType)=3, isCompatibleWith_(Configuration)=0, getDatabase_(String)=2, getValidWriteIds_(List, String)=5, getValidTxns_(long)=1}
2024-04-24T01:54:25,565  INFO [main] ql.Driver: Completed compiling command(queryId=alex_20240424015425_16e5dc2e-4087-4782-af72-5499784ce580); Time taken: 0.011 seconds
2024-04-24T01:54:25,566  INFO [main] lockmgr.DbTxnManager: Setting lock request transaction to txnid:15 for queryId=alex_20240424015425_16e5dc2e-4087-4782-af72-5499784ce580
2024-04-24T01:54:25,566  INFO [main] lockmgr.DbLockManager: Requesting lock for queryId=alex_20240424015425_16e5dc2e-4087-4782-af72-5499784ce580
2024-04-24T01:54:25,579  INFO [main] lockmgr.DbLockManager: Response to queryId=alex_20240424015425_16e5dc2e-4087-4782-af72-5499784ce580 LockResponse(lockid:9, state:ACQUIRED)
2024-04-24T01:54:25,579  INFO [main] ql.Driver: Operation CREATETABLE obtained 1 locks
2024-04-24T01:54:25,580  INFO [main] ql.Driver: Executing command(queryId=alex_20240424015425_16e5dc2e-4087-4782-af72-5499784ce580): create table T (a int, b int) stored as orc tblproperties('transactional'='true')
2024-04-24T01:54:25,580  INFO [main] ql.Driver: Starting task [Stage-0:DDL] in serial mode
2024-04-24T01:54:25,581  INFO [main] HiveMetaStore.audit: ugi=alex	ip=unknown-ip-addr	cmd=create_table_req: Table(tableName:T, dbName:default, owner:alex, createTime:1713948865, lastAccessTime:0, retention:0, sd:StorageDescriptor(cols:[FieldSchema(name:a, type:int, comment:null), FieldSchema(name:b, type:int, comment:null)], location:null, inputFormat:org.apache.hadoop.hive.ql.io.orc.OrcInputFormat, outputFormat:org.apache.hadoop.hive.ql.io.orc.OrcOutputFormat, compressed:false, numBuckets:-1, serdeInfo:SerDeInfo(name:null, serializationLib:org.apache.hadoop.hive.ql.io.orc.OrcSerde, parameters:{serialization.format=1}), bucketCols:[], sortCols:[], parameters:{}, skewedInfo:SkewedInfo(skewedColNames:[], skewedColValues:[], skewedColValueLocationMaps:{}), storedAsSubDirectories:false), partitionKeys:[], parameters:{numFilesErasureCoded=0, totalSize=0, numRows=0, bucketing_version=2, rawDataSize=0, COLUMN_STATS_ACCURATE={"BASIC_STATS":"true","COLUMN_STATS":{"a":"true","b":"true"}}, transactional=true, numFiles=0}, viewOriginalText:null, viewExpandedText:null, tableType:MANAGED_TABLE, privileges:PrincipalPrivilegeSet(userPrivileges:{alex=[PrivilegeGrantInfo(privilege:INSERT, createTime:-1, grantor:alex, grantorType:USER, grantOption:true), PrivilegeGrantInfo(privilege:SELECT, createTime:-1, grantor:alex, grantorType:USER, grantOption:true), PrivilegeGrantInfo(privilege:UPDATE, createTime:-1, grantor:alex, grantorType:USER, grantOption:true), PrivilegeGrantInfo(privilege:DELETE, createTime:-1, grantor:alex, grantorType:USER, grantOption:true)]}, groupPrivileges:null, rolePrivileges:null), temporary:false, catName:hive, ownerType:USER, writeId:0)	
2024-04-24T01:54:25,586  INFO [main] utils.FileUtils: Creating directory if it doesn't exist: file:/home/alex/Repositories/hive/ql/target/tmp/org.apache.hadoop.hive.ql.TestTxnLoadData-1713948800221/warehouse/t
2024-04-24T01:54:25,616  INFO [main] metadata.Hive: Dumping metastore api call timing information for : execution phase
2024-04-24T01:54:25,616  INFO [main] metadata.Hive: Total time spent in each metastore function (ms): {createTable_(Table)=35, isCompatibleWith_(Configuration)=0}
2024-04-24T01:54:25,616  INFO [main] ql.Driver: Completed executing command(queryId=alex_20240424015425_16e5dc2e-4087-4782-af72-5499784ce580); Time taken: 0.036 seconds
2024-04-24T01:54:25,616  INFO [main] lockmgr.DbTxnManager: Stopped heartbeat for query: alex_20240424015425_16e5dc2e-4087-4782-af72-5499784ce580
2024-04-24T01:54:25,620  INFO [main] txn.TxnHandler: Expected to move at least one record from txn_components to completed_txn_components when committing txn! txnid:15
2024-04-24T01:54:25,625  INFO [main] txn.TxnHandler: Removed transactions: ([15]) from MIN_HISTORY_LEVEL
2024-04-24T01:54:25,627  WARN [main] txn.CompactionTxnHandler: No compaction queue record found for Compaction type transaction commit. txnId:15
2024-04-24T01:54:25,627  INFO [main] ql.TxnCommandsBaseForTests: Running the query: create table Tstage (a int, b int) stored as orc tblproperties('transactional'='false')
2024-04-24T01:54:25,628  INFO [main] ql.Driver: Compiling command(queryId=alex_20240424015425_543fb8a2-ca6c-482c-bddd-751850c97f67): create table Tstage (a int, b int) stored as orc tblproperties('transactional'='false')
2024-04-24T01:54:25,632  INFO [main] txn.TxnHandler: Added entries to MIN_HISTORY_LEVEL for current txns: ([16]) with min_open_txn: 1
2024-04-24T01:54:25,632  INFO [main] lockmgr.DbTxnManager: Opened txnid:16
2024-04-24T01:54:25,634  INFO [main] parse.CalcitePlanner: Starting caching scope for: 
2024-04-24T01:54:25,634  INFO [main] parse.CalcitePlanner: Starting Semantic Analysis
2024-04-24T01:54:25,636  INFO [main] parse.CalcitePlanner: Creating table default.Tstage position=13
2024-04-24T01:54:25,636  INFO [main] HiveMetaStore.audit: ugi=alex	ip=unknown-ip-addr	cmd=get_database: default	
2024-04-24T01:54:25,638  INFO [main] parse.CalcitePlanner: Ending caching scope for: 
2024-04-24T01:54:25,638  INFO [main] ql.Driver: Semantic Analysis Completed (retrial = false)
2024-04-24T01:54:25,638  INFO [main] ql.Driver: Created Hive schema: Schema(fieldSchemas:null, properties:null)
2024-04-24T01:54:25,638  INFO [main] metadata.Hive: Dumping metastore api call timing information for : compilation phase
2024-04-24T01:54:25,638  INFO [main] metadata.Hive: Total time spent in each metastore function (ms): {getValidTxns_(long)=0, flushCache_()=0, getDatabase_(String)=2, openTxn_(String, TxnType)=3, commitTxn_(CommitTxnRequest)=10, isCompatibleWith_(Configuration)=2, getValidWriteIds_(List, String)=2}
2024-04-24T01:54:25,638  INFO [main] ql.Driver: Completed compiling command(queryId=alex_20240424015425_543fb8a2-ca6c-482c-bddd-751850c97f67); Time taken: 0.01 seconds
2024-04-24T01:54:25,639  INFO [main] lockmgr.DbTxnManager: Setting lock request transaction to txnid:16 for queryId=alex_20240424015425_543fb8a2-ca6c-482c-bddd-751850c97f67
2024-04-24T01:54:25,639  INFO [main] lockmgr.DbLockManager: Requesting lock for queryId=alex_20240424015425_543fb8a2-ca6c-482c-bddd-751850c97f67
2024-04-24T01:54:25,659  INFO [main] lockmgr.DbLockManager: Response to queryId=alex_20240424015425_543fb8a2-ca6c-482c-bddd-751850c97f67 LockResponse(lockid:10, state:ACQUIRED)
2024-04-24T01:54:25,659  INFO [main] ql.Driver: Operation CREATETABLE obtained 1 locks
2024-04-24T01:54:25,659  INFO [main] ql.Driver: Executing command(queryId=alex_20240424015425_543fb8a2-ca6c-482c-bddd-751850c97f67): create table Tstage (a int, b int) stored as orc tblproperties('transactional'='false')
2024-04-24T01:54:25,659  INFO [main] ql.Driver: Starting task [Stage-0:DDL] in serial mode
2024-04-24T01:54:25,660  INFO [main] HiveMetaStore.audit: ugi=alex	ip=unknown-ip-addr	cmd=create_table_req: Table(tableName:Tstage, dbName:default, owner:alex, createTime:1713948865, lastAccessTime:0, retention:0, sd:StorageDescriptor(cols:[FieldSchema(name:a, type:int, comment:null), FieldSchema(name:b, type:int, comment:null)], location:null, inputFormat:org.apache.hadoop.hive.ql.io.orc.OrcInputFormat, outputFormat:org.apache.hadoop.hive.ql.io.orc.OrcOutputFormat, compressed:false, numBuckets:-1, serdeInfo:SerDeInfo(name:null, serializationLib:org.apache.hadoop.hive.ql.io.orc.OrcSerde, parameters:{serialization.format=1}), bucketCols:[], sortCols:[], parameters:{}, skewedInfo:SkewedInfo(skewedColNames:[], skewedColValues:[], skewedColValueLocationMaps:{}), storedAsSubDirectories:false), partitionKeys:[], parameters:{transactional=false, numFiles=0, bucketing_version=2, numRows=0, rawDataSize=0, COLUMN_STATS_ACCURATE={"BASIC_STATS":"true","COLUMN_STATS":{"a":"true","b":"true"}}, numFilesErasureCoded=0, totalSize=0}, viewOriginalText:null, viewExpandedText:null, tableType:MANAGED_TABLE, privileges:PrincipalPrivilegeSet(userPrivileges:{alex=[PrivilegeGrantInfo(privilege:INSERT, createTime:-1, grantor:alex, grantorType:USER, grantOption:true), PrivilegeGrantInfo(privilege:SELECT, createTime:-1, grantor:alex, grantorType:USER, grantOption:true), PrivilegeGrantInfo(privilege:UPDATE, createTime:-1, grantor:alex, grantorType:USER, grantOption:true), PrivilegeGrantInfo(privilege:DELETE, createTime:-1, grantor:alex, grantorType:USER, grantOption:true)]}, groupPrivileges:null, rolePrivileges:null), temporary:false, catName:hive, ownerType:USER)	
2024-04-24T01:54:25,665  INFO [main] utils.FileUtils: Creating directory if it doesn't exist: file:/home/alex/Repositories/hive/ql/target/tmp/org.apache.hadoop.hive.ql.TestTxnLoadData-1713948800221/warehouse/tstage
2024-04-24T01:54:25,685  INFO [main] metadata.Hive: Dumping metastore api call timing information for : execution phase
2024-04-24T01:54:25,685  INFO [main] metadata.Hive: Total time spent in each metastore function (ms): {createTable_(Table)=25, isCompatibleWith_(Configuration)=0}
2024-04-24T01:54:25,686  INFO [main] ql.Driver: Completed executing command(queryId=alex_20240424015425_543fb8a2-ca6c-482c-bddd-751850c97f67); Time taken: 0.026 seconds
2024-04-24T01:54:25,686  INFO [main] lockmgr.DbTxnManager: Stopped heartbeat for query: alex_20240424015425_543fb8a2-ca6c-482c-bddd-751850c97f67
2024-04-24T01:54:25,689  INFO [main] txn.TxnHandler: Expected to move at least one record from txn_components to completed_txn_components when committing txn! txnid:16
2024-04-24T01:54:25,694  INFO [main] txn.TxnHandler: Removed transactions: ([16]) from MIN_HISTORY_LEVEL
2024-04-24T01:54:25,695  WARN [main] txn.CompactionTxnHandler: No compaction queue record found for Compaction type transaction commit. txnId:16
2024-04-24T01:54:25,695  INFO [main] ql.TxnCommandsBaseForTests: Running the query: insert into Tstage values(1,2),(3,4)
2024-04-24T01:54:25,695  INFO [main] ql.Driver: Compiling command(queryId=alex_20240424015425_f82063ec-a87a-410e-8a21-a5efa70efb00): insert into Tstage values(1,2),(3,4)
2024-04-24T01:54:25,698  INFO [main] txn.TxnHandler: Added entries to MIN_HISTORY_LEVEL for current txns: ([17]) with min_open_txn: 1
2024-04-24T01:54:25,698  INFO [main] lockmgr.DbTxnManager: Opened txnid:17
2024-04-24T01:54:25,699  INFO [main] parse.CalcitePlanner: Starting caching scope for: 
2024-04-24T01:54:25,699  INFO [main] parse.CalcitePlanner: Starting Semantic Analysis
2024-04-24T01:54:25,702  INFO [main] HiveMetaStore.audit: ugi=alex	ip=unknown-ip-addr	cmd=get_table : tbl=hive.default.Tstage	
2024-04-24T01:54:25,723  INFO [main] metastore.HMSHandler: Skipping translation for processor with null
2024-04-24T01:54:25,723  INFO [main] parse.CalcitePlanner: Completed phase 1 of Semantic Analysis
2024-04-24T01:54:25,723  INFO [main] parse.CalcitePlanner: Get metadata for source tables
2024-04-24T01:54:25,723  INFO [main] parse.CalcitePlanner: Get metadata for subqueries
2024-04-24T01:54:25,723  INFO [main] parse.CalcitePlanner: Get metadata for destination tables
2024-04-24T01:54:25,723  INFO [main] HiveMetaStore.audit: ugi=alex	ip=unknown-ip-addr	cmd=get_table : tbl=hive.default.Tstage	
2024-04-24T01:54:25,731  INFO [main] metastore.HMSHandler: Skipping translation for processor with null
2024-04-24T01:54:25,732  INFO [main] parse.CalcitePlanner: Completed getting MetaData in Semantic Analysis
2024-04-24T01:54:25,732  INFO [main] parse.CalcitePlanner: Disabling LLAP IO encode as ETL query is detected
2024-04-24T01:54:25,752  INFO [main] HiveMetaStore.audit: ugi=alex	ip=unknown-ip-addr	cmd=get_all_table_constraints : tbl=hive._dummy_database._dummy_table	
2024-04-24T01:54:25,820  INFO [main] parse.CalcitePlanner: Get metadata for source tables
2024-04-24T01:54:25,820  INFO [main] parse.CalcitePlanner: Get metadata for subqueries
2024-04-24T01:54:25,820  INFO [main] parse.CalcitePlanner: Get metadata for source tables
2024-04-24T01:54:25,821  INFO [main] HiveMetaStore.audit: ugi=alex	ip=unknown-ip-addr	cmd=get_table : tbl=hive._dummy_database._dummy_table	
2024-04-24T01:54:25,823  INFO [main] parse.CalcitePlanner: Get metadata for subqueries
2024-04-24T01:54:25,823  INFO [main] parse.CalcitePlanner: Get metadata for destination tables
2024-04-24T01:54:25,823  INFO [main] parse.CalcitePlanner: Get metadata for destination tables
2024-04-24T01:54:25,823  INFO [main] HiveMetaStore.audit: ugi=alex	ip=unknown-ip-addr	cmd=get_table : tbl=hive.default.Tstage	
2024-04-24T01:54:25,831  INFO [main] metastore.HMSHandler: Skipping translation for processor with null
2024-04-24T01:54:25,833  INFO [main] common.FileUtils: Creating directory if it doesn't exist: file:/home/alex/Repositories/hive/ql/target/tmp/org.apache.hadoop.hive.ql.TestTxnLoadData-1713948800221/warehouse/tstage/.hive-staging_hive_2024-04-24_01-54-25_695_1759114337582720693-1
2024-04-24T01:54:25,836  INFO [main] HiveMetaStore.audit: ugi=alex	ip=unknown-ip-addr	cmd=get_not_null_constraints : tbl=hive.default.tstage	
2024-04-24T01:54:25,837  INFO [main] HiveMetaStore.audit: ugi=alex	ip=unknown-ip-addr	cmd=get_check_constraints : tbl=hive.default.tstage	
2024-04-24T01:54:25,838  INFO [main] parse.CalcitePlanner: CBO Succeeded; optimized logical plan.
2024-04-24T01:54:25,842  INFO [main] optimizer.BucketVersionPopulator: not considering bucketingVersion for: TS[0] because it has -1<2 buckets 
2024-04-24T01:54:25,842  INFO [main] optimizer.SortedDynPartitionOptimizer: Sorted dynamic partitioning optimization kicked in..
2024-04-24T01:54:25,850  INFO [main] HiveMetaStore.audit: ugi=alex	ip=unknown-ip-addr	cmd=get_table : tbl=hive.default.tstage	
2024-04-24T01:54:25,858  INFO [main] metastore.HMSHandler: Skipping translation for processor with null
2024-04-24T01:54:25,859  INFO [main] optimizer.GenMRFileSink1: using CombineHiveInputformat for the merge job
2024-04-24T01:54:25,859  INFO [main] HiveMetaStore.audit: ugi=alex	ip=unknown-ip-addr	cmd=get_table : tbl=hive.default.tstage	
2024-04-24T01:54:25,868  INFO [main] metastore.HMSHandler: Skipping translation for processor with null
2024-04-24T01:54:25,869  INFO [main] parse.CalcitePlanner: Completed plan generation
2024-04-24T01:54:25,869  INFO [main] parse.CalcitePlanner: Ending caching scope for: 
2024-04-24T01:54:25,869  INFO [main] ql.Driver: Semantic Analysis Completed (retrial = false)
2024-04-24T01:54:25,869  INFO [main] ql.Driver: Created Hive schema: Schema(fieldSchemas:[FieldSchema(name:col1, type:int, comment:null), FieldSchema(name:col2, type:int, comment:null)], properties:null)
2024-04-24T01:54:25,870  INFO [main] metadata.Hive: Dumping metastore api call timing information for : compilation phase
2024-04-24T01:54:25,870  INFO [main] metadata.Hive: Total time spent in each metastore function (ms): {getNotNullConstraints_(NotNullConstraintsRequest)=1, flushCache_()=0, getCheckConstraints_(CheckConstraintsRequest)=1, getValidWriteIds_(List, String)=5, getValidTxns_(long)=0, isCompatibleWith_(Configuration)=0, getTable_(GetTableRequest)=56, commitTxn_(CommitTxnRequest)=9, getAllTableConstraints_(AllTableConstraintsRequest)=25, openTxn_(String, TxnType)=2}
2024-04-24T01:54:25,870  INFO [main] ql.Driver: Completed compiling command(queryId=alex_20240424015425_f82063ec-a87a-410e-8a21-a5efa70efb00); Time taken: 0.175 seconds
2024-04-24T01:54:25,870  INFO [main] lockmgr.DbTxnManager: Setting lock request transaction to txnid:17 for queryId=alex_20240424015425_f82063ec-a87a-410e-8a21-a5efa70efb00
2024-04-24T01:54:25,870  INFO [main] lockmgr.DbLockManager: Requesting lock for queryId=alex_20240424015425_f82063ec-a87a-410e-8a21-a5efa70efb00
2024-04-24T01:54:25,884  INFO [main] lockmgr.DbLockManager: Response to queryId=alex_20240424015425_f82063ec-a87a-410e-8a21-a5efa70efb00 LockResponse(lockid:11, state:ACQUIRED)
2024-04-24T01:54:25,884  INFO [main] ql.Driver: Operation QUERY obtained 1 locks
2024-04-24T01:54:25,884  INFO [main] ql.Driver: Executing command(queryId=alex_20240424015425_f82063ec-a87a-410e-8a21-a5efa70efb00): insert into Tstage values(1,2),(3,4)
2024-04-24T01:54:25,885  WARN [main] ql.Driver: Hive-on-MR is deprecated in Hive 2 and may not be available in the future versions. Consider using a different execution engine (i.e. spark, tez) or using Hive 1.X releases.
Query ID = alex_20240424015425_f82063ec-a87a-410e-8a21-a5efa70efb00
2024-04-24T01:54:25,885  INFO [main] ql.Driver: Query ID = alex_20240424015425_f82063ec-a87a-410e-8a21-a5efa70efb00
Total jobs = 1
2024-04-24T01:54:25,885  INFO [main] ql.Driver: Total jobs = 1
Launching Job 1 out of 1
2024-04-24T01:54:25,885  INFO [main] ql.Driver: Launching Job 1 out of 1
2024-04-24T01:54:25,942  INFO [Metastore Scheduled Worker 0] metastore.HMSHandler: 4: Opening raw store with implementation class:org.apache.hadoop.hive.metastore.ObjectStore
2024-04-24T01:54:25,943  INFO [Metastore Scheduled Worker 0] metastore.ObjectStore: RawStore: org.apache.hadoop.hive.metastore.ObjectStore@2ad48290, with PersistenceManager: null will be shutdown
2024-04-24T01:54:25,943  INFO [Metastore Scheduled Worker 0] metastore.ObjectStore: RawStore: org.apache.hadoop.hive.metastore.ObjectStore@2ad48290, with PersistenceManager: org.datanucleus.api.jdo.JDOPersistenceManager@5486adcc created in the thread with id: 44
2024-04-24T01:54:25,964  INFO [Metastore Scheduled Worker 0] metastore.HMSHandler: Created RawStore: org.apache.hadoop.hive.metastore.ObjectStore@2ad48290 from thread id: 44
2024-04-24T01:54:26,030  INFO [main] ql.Driver: Starting task [Stage-1:MAPRED] in serial mode
Number of reduce tasks is set to 0 since there's no reduce operator
2024-04-24T01:54:26,030  INFO [main] exec.Task: Number of reduce tasks is set to 0 since there's no reduce operator
2024-04-24T01:54:26,033  INFO [main] mr.ExecDriver: Using org.apache.hadoop.hive.ql.io.HiveInputFormat
2024-04-24T01:54:26,033  INFO [main] exec.Utilities: Processing alias $hdt$_0:_dummy_table
2024-04-24T01:54:26,033  INFO [main] exec.Utilities: Adding 1 inputs; the first input is file:/home/alex/Repositories/hive/ql/target/tmp/localscratchdir/0bf36452-6a2f-42a6-86dd-1513487ffb8d/hive_2024-04-24_01-54-25_695_1759114337582720693-1/dummy_path
2024-04-24T01:54:26,044  INFO [main] exec.SerializationUtilities: Serializing MapWork using kryo
2024-04-24T01:54:26,045  INFO [main] exec.Utilities: Serialized plan (via FILE) - name: null size: 5,77KB
2024-04-24T01:54:26,046  WARN [main] impl.MetricsSystemImpl: JobTracker metrics system already initialized!
2024-04-24T01:54:26,050  INFO [main] fs.FSStatsPublisher: created : file:/home/alex/Repositories/hive/ql/target/tmp/localscratchdir/0bf36452-6a2f-42a6-86dd-1513487ffb8d/hive_2024-04-24_01-54-25_695_1759114337582720693-1/-mr-10001
2024-04-24T01:54:26,054  WARN [main] impl.MetricsSystemImpl: JobTracker metrics system already initialized!
2024-04-24T01:54:26,061  WARN [main] mapreduce.JobResourceUploader: Hadoop command-line option parsing not performed. Implement the Tool interface and execute your application with ToolRunner to remedy this.
2024-04-24T01:54:26,065  WARN [main] mapreduce.JobResourceUploader: No job jar file set.  User classes may not be found. See Job or Job#setJar(String).
2024-04-24T01:54:26,066  INFO [main] io.HiveInputFormat: hive.io.file.readcolumn.ids = 
2024-04-24T01:54:26,066  INFO [main] io.HiveInputFormat: hive.io.file.readcolumn.names = 
2024-04-24T01:54:26,066  INFO [main] io.HiveInputFormat: Generating splits for dirs: file:/home/alex/Repositories/hive/ql/target/tmp/localscratchdir/0bf36452-6a2f-42a6-86dd-1513487ffb8d/hive_2024-04-24_01-54-25_695_1759114337582720693-1/dummy_path
2024-04-24T01:54:26,066  INFO [main] io.HiveInputFormat: number of splits 1
2024-04-24T01:54:26,083  INFO [main] mapreduce.JobSubmitter: number of splits:1
2024-04-24T01:54:26,102  INFO [main] mapreduce.JobSubmitter: Submitting tokens for job: job_local91642269_0025
2024-04-24T01:54:26,102  INFO [main] mapreduce.JobSubmitter: Executing with tokens: []
2024-04-24T01:54:26,177  INFO [main] mapreduce.Job: The url to track the job: http://localhost:8080/
Job running in-process (local Hadoop)
2024-04-24T01:54:26,177  INFO [main] exec.Task: Job running in-process (local Hadoop)
2024-04-24T01:54:26,177  INFO [Thread-1544] mapred.LocalJobRunner: OutputCommitter set in config org.apache.hadoop.hive.ql.io.HiveFileFormatUtils$NullOutputCommitter
2024-04-24T01:54:26,178  INFO [Thread-1544] mapred.LocalJobRunner: OutputCommitter is org.apache.hadoop.hive.ql.io.HiveFileFormatUtils$NullOutputCommitter
2024-04-24T01:54:26,179  INFO [Thread-1544] mapred.LocalJobRunner: Waiting for map tasks
2024-04-24T01:54:26,179  INFO [LocalJobRunner Map Task Executor #0] mapred.LocalJobRunner: Starting task: attempt_local91642269_0025_m_000000_0
2024-04-24T01:54:26,182  INFO [LocalJobRunner Map Task Executor #0] mapred.Task:  Using ResourceCalculatorProcessTree : [ ]
2024-04-24T01:54:26,182  INFO [LocalJobRunner Map Task Executor #0] mapred.MapTask: Processing split: org.apache.hadoop.hive.ql.io.NullRowsInputFormat:file:/home/alex/Repositories/hive/ql/target/tmp/localscratchdir/0bf36452-6a2f-42a6-86dd-1513487ffb8d/hive_2024-04-24_01-54-25_695_1759114337582720693-1/dummy_path/null:0+1
2024-04-24T01:54:26,185  INFO [LocalJobRunner Map Task Executor #0] exec.SerializationUtilities: Deserializing MapWork using kryo
2024-04-24T01:54:26,194  INFO [LocalJobRunner Map Task Executor #0] exec.Utilities: Deserialized plan (via FILE) - name: null size: 5,77KB
2024-04-24T01:54:26,195  INFO [LocalJobRunner Map Task Executor #0] mapred.MapTask: numReduceTasks: 0
2024-04-24T01:54:26,197  INFO [LocalJobRunner Map Task Executor #0] exec.MapOperator: Initializing Operator: MAP[0]
2024-04-24T01:54:26,197  INFO [LocalJobRunner Map Task Executor #0] mr.ExecMapper: 
<MAP>Id =0
  <Children>null
  <\Children>
  <Parent><\Parent>
<\MAP>
2024-04-24T01:54:26,198  INFO [LocalJobRunner Map Task Executor #0] exec.TableScanOperator: Initializing Operator: TS[0]
2024-04-24T01:54:26,198  INFO [LocalJobRunner Map Task Executor #0] exec.SelectOperator: Initializing Operator: SEL[1]
2024-04-24T01:54:26,198  INFO [LocalJobRunner Map Task Executor #0] exec.SelectOperator: SELECT null
2024-04-24T01:54:26,198  INFO [LocalJobRunner Map Task Executor #0] exec.UDTFOperator: Initializing Operator: UDTF[2]
2024-04-24T01:54:26,198  INFO [LocalJobRunner Map Task Executor #0] exec.SelectOperator: Initializing Operator: SEL[3]
2024-04-24T01:54:26,198  INFO [LocalJobRunner Map Task Executor #0] exec.SelectOperator: SELECT struct<col1:int,col2:int>
2024-04-24T01:54:26,198  INFO [LocalJobRunner Map Task Executor #0] exec.FileSinkOperator: Initializing Operator: FS[4]
2024-04-24T01:54:26,198  INFO [LocalJobRunner Map Task Executor #0] exec.FileSinkOperator: Using serializer : AbstractSerDe [log=org.apache.logging.slf4j.Log4jLogger@56cc83f7, configuration=Optional[Configuration: core-default.xml, core-site.xml, mapred-default.xml, mapred-site.xml, yarn-default.xml, yarn-site.xml, hdfs-default.xml, hdfs-site.xml, file:/home/alex/Repositories/hive/ql/target/tmp/TestTxnLoadData/mapred/local/localRunner/alex/job_local91642269_0025/job_local91642269_0025.xml], properties={name=default.tstage, columns.types=int:int, serialization.format=1, columns=a,b, numFilesErasureCoded=0, columns.comments=&amp#0;, bucketing_version=2, serialization.lib=org.apache.hadoop.hive.ql.io.orc.OrcSerde, file.inputformat=org.apache.hadoop.hive.ql.io.orc.OrcInputFormat, file.outputformat=org.apache.hadoop.hive.ql.io.orc.OrcOutputFormat, location=file:/home/alex/Repositories/hive/ql/target/tmp/org.apache.hadoop.hive.ql.TestTxnLoadData-1713948800221/warehouse/tstage, column.name.delimiter=,}, tableProperties={name=default.tstage, columns.types=int:int, serialization.format=1, columns=a,b, numFilesErasureCoded=0, columns.comments=&amp#0;, bucketing_version=2, serialization.lib=org.apache.hadoop.hive.ql.io.orc.OrcSerde, file.inputformat=org.apache.hadoop.hive.ql.io.orc.OrcInputFormat, location=file:/home/alex/Repositories/hive/ql/target/tmp/org.apache.hadoop.hive.ql.TestTxnLoadData-1713948800221/warehouse/tstage, file.outputformat=org.apache.hadoop.hive.ql.io.orc.OrcOutputFormat, column.name.delimiter=,}, partitionProperties=Optional.empty, columnNames=[a, b], columnTypes=[int, int], getClass()=class org.apache.hadoop.hive.ql.io.orc.OrcSerde] and formatter : org.apache.hadoop.hive.ql.io.orc.OrcOutputFormat@3757fe56
2024-04-24T01:54:26,199  INFO [LocalJobRunner Map Task Executor #0] exec.FileSinkOperator: Final Path: FS file:/home/alex/Repositories/hive/ql/target/tmp/org.apache.hadoop.hive.ql.TestTxnLoadData-1713948800221/warehouse/tstage/.hive-staging_hive_2024-04-24_01-54-25_695_1759114337582720693-1/_tmp.-ext-10002/000000_0
2024-04-24T01:54:26,199  INFO [LocalJobRunner Map Task Executor #0] exec.FileSinkOperator: Writing to temp file: FS file:/home/alex/Repositories/hive/ql/target/tmp/org.apache.hadoop.hive.ql.TestTxnLoadData-1713948800221/warehouse/tstage/.hive-staging_hive_2024-04-24_01-54-25_695_1759114337582720693-1/_task_tmp.-ext-10002/_tmp.000000_0
2024-04-24T01:54:26,199  INFO [LocalJobRunner Map Task Executor #0] exec.FileSinkOperator: New Final Path: FS file:/home/alex/Repositories/hive/ql/target/tmp/org.apache.hadoop.hive.ql.TestTxnLoadData-1713948800221/warehouse/tstage/.hive-staging_hive_2024-04-24_01-54-25_695_1759114337582720693-1/_tmp.-ext-10002/000000_0
2024-04-24T01:54:26,201  INFO [LocalJobRunner Map Task Executor #0] exec.FileSinkOperator: FS[4]: records written - 1
2024-04-24T01:54:26,201  INFO [LocalJobRunner Map Task Executor #0] impl.PhysicalFsWriter: ORC writer created for path: file:/home/alex/Repositories/hive/ql/target/tmp/org.apache.hadoop.hive.ql.TestTxnLoadData-1713948800221/warehouse/tstage/.hive-staging_hive_2024-04-24_01-54-25_695_1759114337582720693-1/_task_tmp.-ext-10002/_tmp.000000_0 with stripeSize: 67108864 blockSize: 268435456 compression: Compress: ZLIB buffer: 262144
2024-04-24T01:54:26,208  INFO [LocalJobRunner Map Task Executor #0] impl.WriterImpl: ORC writer created for path: file:/home/alex/Repositories/hive/ql/target/tmp/org.apache.hadoop.hive.ql.TestTxnLoadData-1713948800221/warehouse/tstage/.hive-staging_hive_2024-04-24_01-54-25_695_1759114337582720693-1/_task_tmp.-ext-10002/_tmp.000000_0 with stripeSize: 67108864 options: Compress: ZLIB buffer: 262144
2024-04-24T01:54:26,208  INFO [LocalJobRunner Map Task Executor #0] exec.MapOperator: MAP[0]: records read - 1
2024-04-24T01:54:26,208  INFO [LocalJobRunner Map Task Executor #0] exec.MapOperator: Closing Operator: MAP[0]
2024-04-24T01:54:26,208  INFO [LocalJobRunner Map Task Executor #0] exec.MapOperator: MAP[0]: Total records read - 3. abort - false
2024-04-24T01:54:26,208  INFO [LocalJobRunner Map Task Executor #0] exec.MapOperator: DESERIALIZE_ERRORS:0, RECORDS_OUT_OPERATOR_MAP_0:0, RECORDS_OUT_INTERMEDIATE:0, RECORDS_IN:3, 
2024-04-24T01:54:26,208  INFO [LocalJobRunner Map Task Executor #0] exec.TableScanOperator: Closing Operator: TS[0]
2024-04-24T01:54:26,208  INFO [LocalJobRunner Map Task Executor #0] exec.TableScanOperator: RECORDS_OUT_OPERATOR_TS_0:1, RECORDS_OUT_INTERMEDIATE:0, 
2024-04-24T01:54:26,208  INFO [LocalJobRunner Map Task Executor #0] exec.SelectOperator: Closing Operator: SEL[1]
2024-04-24T01:54:26,208  INFO [LocalJobRunner Map Task Executor #0] exec.SelectOperator: RECORDS_OUT_OPERATOR_SEL_1:1, RECORDS_OUT_INTERMEDIATE:0, 
2024-04-24T01:54:26,208  INFO [LocalJobRunner Map Task Executor #0] exec.UDTFOperator: Closing Operator: UDTF[2]
2024-04-24T01:54:26,209  INFO [LocalJobRunner Map Task Executor #0] exec.UDTFOperator: RECORDS_OUT_OPERATOR_UDTF_2:2, RECORDS_OUT_INTERMEDIATE:0, 
2024-04-24T01:54:26,209  INFO [LocalJobRunner Map Task Executor #0] exec.SelectOperator: Closing Operator: SEL[3]
2024-04-24T01:54:26,209  INFO [LocalJobRunner Map Task Executor #0] exec.SelectOperator: RECORDS_OUT_OPERATOR_SEL_3:2, RECORDS_OUT_INTERMEDIATE:0, 
2024-04-24T01:54:26,209  INFO [LocalJobRunner Map Task Executor #0] exec.FileSinkOperator: Closing Operator: FS[4]
2024-04-24T01:54:26,209  INFO [LocalJobRunner Map Task Executor #0] exec.FileSinkOperator: FS[4]: records written - 2
2024-04-24T01:54:26,216  INFO [LocalJobRunner Map Task Executor #0] exec.FileSinkOperator: TOTAL_TABLE_ROWS_WRITTEN:2, RECORDS_OUT_1_default.tstage:2, RECORDS_OUT_INTERMEDIATE:0, RECORDS_OUT_OPERATOR_FS_4:2, 
2024-04-24T01:54:26,216  INFO [LocalJobRunner Map Task Executor #0] mapred.LocalJobRunner: 
2024-04-24T01:54:26,218  INFO [LocalJobRunner Map Task Executor #0] mapred.Task: Task:attempt_local91642269_0025_m_000000_0 is done. And is in the process of committing
2024-04-24T01:54:26,218  INFO [LocalJobRunner Map Task Executor #0] mapred.LocalJobRunner: map
2024-04-24T01:54:26,218  INFO [LocalJobRunner Map Task Executor #0] mapred.Task: Task 'attempt_local91642269_0025_m_000000_0' done.
2024-04-24T01:54:26,218  INFO [LocalJobRunner Map Task Executor #0] mapred.Task: Final Counters for attempt_local91642269_0025_m_000000_0: Counters: 27
	File System Counters
		FILE: Number of bytes read=350740
		FILE: Number of bytes written=29315736
		FILE: Number of read operations=0
		FILE: Number of large read operations=0
		FILE: Number of write operations=0
	Map-Reduce Framework
		Map input records=4
		Map output records=0
		Input split bytes=361
		Spilled Records=0
		Failed Shuffles=0
		Merged Map outputs=0
		GC time elapsed (ms)=0
		Total committed heap usage (bytes)=1068498944
	HIVE
		CREATED_FILES=1
		DESERIALIZE_ERRORS=0
		RECORDS_IN=3
		RECORDS_OUT_1_default.tstage=2
		RECORDS_OUT_INTERMEDIATE=0
		RECORDS_OUT_OPERATOR_FS_4=2
		RECORDS_OUT_OPERATOR_MAP_0=0
		RECORDS_OUT_OPERATOR_SEL_1=1
		RECORDS_OUT_OPERATOR_SEL_3=2
		RECORDS_OUT_OPERATOR_TS_0=1
		RECORDS_OUT_OPERATOR_UDTF_2=2
		TOTAL_TABLE_ROWS_WRITTEN=2
	File Input Format Counters 
		Bytes Read=5833
	File Output Format Counters 
		Bytes Written=0
2024-04-24T01:54:26,219  INFO [LocalJobRunner Map Task Executor #0] mapred.LocalJobRunner: Finishing task: attempt_local91642269_0025_m_000000_0
2024-04-24T01:54:26,219  INFO [Thread-1544] mapred.LocalJobRunner: map task executor complete.
2024-04-24 01:54:27,179 Stage-1 map = 100%,  reduce = 0%
2024-04-24T01:54:27,179  INFO [main] exec.Task: 2024-04-24 01:54:27,179 Stage-1 map = 100%,  reduce = 0%
Ended Job = job_local91642269_0025
2024-04-24T01:54:27,181  INFO [main] exec.Task: Ended Job = job_local91642269_0025
2024-04-24T01:54:27,186  INFO [main] ql.Driver: Starting task [Stage-7:CONDITIONAL] in serial mode
Stage-4 is selected by condition resolver.
2024-04-24T01:54:27,187  INFO [main] exec.Task: Stage-4 is selected by condition resolver.
Stage-3 is filtered out by condition resolver.
2024-04-24T01:54:27,187  INFO [main] exec.Task: Stage-3 is filtered out by condition resolver.
Stage-5 is filtered out by condition resolver.
2024-04-24T01:54:27,187  INFO [main] exec.Task: Stage-5 is filtered out by condition resolver.
2024-04-24T01:54:27,187  INFO [main] ql.Driver: Starting task [Stage-4:MOVE] in serial mode
Moving data to directory file:/home/alex/Repositories/hive/ql/target/tmp/org.apache.hadoop.hive.ql.TestTxnLoadData-1713948800221/warehouse/tstage/.hive-staging_hive_2024-04-24_01-54-25_695_1759114337582720693-1/-ext-10000
2024-04-24T01:54:27,187  INFO [main] exec.Task: Moving data to directory file:/home/alex/Repositories/hive/ql/target/tmp/org.apache.hadoop.hive.ql.TestTxnLoadData-1713948800221/warehouse/tstage/.hive-staging_hive_2024-04-24_01-54-25_695_1759114337582720693-1/-ext-10000 from file:/home/alex/Repositories/hive/ql/target/tmp/org.apache.hadoop.hive.ql.TestTxnLoadData-1713948800221/warehouse/tstage/.hive-staging_hive_2024-04-24_01-54-25_695_1759114337582720693-1/-ext-10002
2024-04-24T01:54:27,187  INFO [main] ql.Driver: Starting task [Stage-0:MOVE] in serial mode
Loading data to table default.tstage
2024-04-24T01:54:27,188  INFO [main] exec.Task: Loading data to table default.tstage from file:/home/alex/Repositories/hive/ql/target/tmp/org.apache.hadoop.hive.ql.TestTxnLoadData-1713948800221/warehouse/tstage/.hive-staging_hive_2024-04-24_01-54-25_695_1759114337582720693-1/-ext-10000
2024-04-24T01:54:27,188  INFO [main] HiveMetaStore.audit: ugi=alex	ip=unknown-ip-addr	cmd=get_table : tbl=hive.default.tstage	
2024-04-24T01:54:27,198  INFO [main] metastore.HMSHandler: Skipping translation for processor with null
2024-04-24T01:54:27,198  INFO [main] HiveMetaStore.audit: ugi=alex	ip=unknown-ip-addr	cmd=get_table : tbl=hive.default.tstage	
2024-04-24T01:54:27,206  INFO [main] metastore.HMSHandler: Skipping translation for processor with null
2024-04-24T01:54:27,216  WARN [main] metadata.Hive: Cannot get a table snapshot for tstage
2024-04-24T01:54:27,216  INFO [main] HiveMetaStore.audit: ugi=alex	ip=unknown-ip-addr	cmd=alter_table: hive.default.tstage newtbl=tstage	
2024-04-24T01:54:27,243  INFO [main] ql.Driver: Starting task [Stage-2:STATS] in serial mode
2024-04-24T01:54:27,244  INFO [main] HiveMetaStore.audit: ugi=alex	ip=unknown-ip-addr	cmd=get_table : tbl=hive.default.tstage	
2024-04-24T01:54:27,256  INFO [main] metastore.HMSHandler: Skipping translation for processor with null
2024-04-24T01:54:27,256  INFO [main] stats.BasicStatsTask: Executing stats task
2024-04-24T01:54:27,256  INFO [main] fs.FSStatsPublisher: created : file:/home/alex/Repositories/hive/ql/target/tmp/localscratchdir/0bf36452-6a2f-42a6-86dd-1513487ffb8d/hive_2024-04-24_01-54-25_695_1759114337582720693-1/-mr-10001
2024-04-24T01:54:27,258  INFO [main] HiveMetaStore.audit: ugi=alex	ip=unknown-ip-addr	cmd=get_table : tbl=hive.default.tstage	
2024-04-24T01:54:27,268  INFO [main] metastore.HMSHandler: Skipping translation for processor with null
2024-04-24T01:54:27,269  INFO [main] FileOperations: Read stats for default.tstage/, numRows, true, 2, false: 
2024-04-24T01:54:27,269  INFO [main] FileOperations: Read stats for default.tstage/, rawDataSize, true, 16, false: 
2024-04-24T01:54:27,269  WARN [main] metadata.Hive: Cannot get a table snapshot for tstage
2024-04-24T01:54:27,269  INFO [main] HiveMetaStore.audit: ugi=alex	ip=unknown-ip-addr	cmd=alter_table: hive.default.tstage newtbl=tstage	
2024-04-24T01:54:27,294  INFO [main] stats.BasicStatsTask: Table default.tstage stats: [numFiles=1, numRows=2, totalSize=254, rawDataSize=16, numFilesErasureCoded=0]
2024-04-24T01:54:27,294  INFO [main] metadata.Hive: Dumping metastore api call timing information for : execution phase
2024-04-24T01:54:27,294  INFO [main] metadata.Hive: Total time spent in each metastore function (ms): {isCompatibleWith_(Configuration)=2, alter_table_(String, String, String, Table, EnvironmentContext, String)=52, getTable_(GetTableRequest)=40}
MapReduce Jobs Launched: 
2024-04-24T01:54:27,294  INFO [main] ql.Driver: MapReduce Jobs Launched: 
Stage-Stage-1:  HDFS Read: 0 HDFS Write: 0 SUCCESS
2024-04-24T01:54:27,294  INFO [main] ql.Driver: Stage-Stage-1:  HDFS Read: 0 HDFS Write: 0 SUCCESS
Total MapReduce CPU Time Spent: 0 msec
2024-04-24T01:54:27,294  INFO [main] ql.Driver: Total MapReduce CPU Time Spent: 0 msec
2024-04-24T01:54:27,294  INFO [main] ql.Driver: Completed executing command(queryId=alex_20240424015425_f82063ec-a87a-410e-8a21-a5efa70efb00); Time taken: 1.41 seconds
2024-04-24T01:54:27,295  INFO [main] lockmgr.DbTxnManager: Stopped heartbeat for query: alex_20240424015425_f82063ec-a87a-410e-8a21-a5efa70efb00
2024-04-24T01:54:27,299  INFO [main] txn.TxnHandler: Expected to move at least one record from txn_components to completed_txn_components when committing txn! txnid:17
2024-04-24T01:54:27,305  INFO [main] txn.TxnHandler: Removed transactions: ([17]) from MIN_HISTORY_LEVEL
2024-04-24T01:54:27,305  WARN [main] txn.CompactionTxnHandler: No compaction queue record found for Compaction type transaction commit. txnId:17
2024-04-24T01:54:27,306  INFO [main] ql.TxnCommandsBaseForTests: Running the query: export table Tstage to '/home/alex/Repositories/hive/ql/target/tmp/org.apache.hadoop.hive.ql.TestTxnLoadData-1713948800221/warehouse/1'
2024-04-24T01:54:27,306  INFO [main] ql.Context: Deleting scratch dir: file:/home/alex/Repositories/hive/ql/target/tmp/org.apache.hadoop.hive.ql.TestTxnLoadData-1713948800221/warehouse/tstage/.hive-staging_hive_2024-04-24_01-54-25_695_1759114337582720693-1
2024-04-24T01:54:27,306  INFO [main] cleanup.SyncCleanupService: Deleted directory: file:/home/alex/Repositories/hive/ql/target/tmp/org.apache.hadoop.hive.ql.TestTxnLoadData-1713948800221/warehouse/tstage/.hive-staging_hive_2024-04-24_01-54-25_695_1759114337582720693-1 on fs with scheme file
2024-04-24T01:54:27,306  INFO [main] ql.Context: Deleting scratch dir: file:/home/alex/Repositories/hive/ql/target/tmp/localscratchdir/0bf36452-6a2f-42a6-86dd-1513487ffb8d/hive_2024-04-24_01-54-25_695_1759114337582720693-1
2024-04-24T01:54:27,307  INFO [main] cleanup.SyncCleanupService: Deleted directory: file:/home/alex/Repositories/hive/ql/target/tmp/localscratchdir/0bf36452-6a2f-42a6-86dd-1513487ffb8d/hive_2024-04-24_01-54-25_695_1759114337582720693-1 on fs with scheme file
2024-04-24T01:54:27,307  INFO [main] ql.Driver: Compiling command(queryId=alex_20240424015427_74ec17d4-818f-48b2-8632-a709bb91bb1d): export table Tstage to '/home/alex/Repositories/hive/ql/target/tmp/org.apache.hadoop.hive.ql.TestTxnLoadData-1713948800221/warehouse/1'
2024-04-24T01:54:27,308  INFO [main] HiveMetaStore.audit: ugi=alex	ip=unknown-ip-addr	cmd=get_table : tbl=hive.default.Tstage	
2024-04-24T01:54:27,320  INFO [main] metastore.HMSHandler: Skipping translation for processor with null
2024-04-24T01:54:27,322  INFO [main] txn.TxnHandler: Added entries to MIN_HISTORY_LEVEL for current txns: ([18]) with min_open_txn: 18
2024-04-24T01:54:27,323  INFO [main] lockmgr.DbTxnManager: Opened txnid:18
2024-04-24T01:54:27,325  INFO [main] HiveMetaStore.audit: ugi=alex	ip=unknown-ip-addr	cmd=get_table : tbl=hive.default.Tstage	
2024-04-24T01:54:27,333  INFO [main] metastore.HMSHandler: Skipping translation for processor with null
2024-04-24T01:54:27,333  INFO [main] parse.EximUtil: Path before norm :/home/alex/Repositories/hive/ql/target/tmp/org.apache.hadoop.hive.ql.TestTxnLoadData-1713948800221/warehouse/1
2024-04-24T01:54:27,333  INFO [main] parse.EximUtil: Scheme:file, authority:null, path:/home/alex/Repositories/hive/ql/target/tmp/org.apache.hadoop.hive.ql.TestTxnLoadData-1713948800221/warehouse/1
2024-04-24T01:54:27,333  INFO [main] parse.EximUtil: Path before norm :/home/alex/Repositories/hive/ql/target/tmp/org.apache.hadoop.hive.ql.TestTxnLoadData-1713948800221/warehouse/1
2024-04-24T01:54:27,333  INFO [main] parse.EximUtil: Scheme:file, authority:null, path:/home/alex/Repositories/hive/ql/target/tmp/org.apache.hadoop.hive.ql.TestTxnLoadData-1713948800221/warehouse/1
2024-04-24T01:54:27,334  INFO [main] ql.Driver: Semantic Analysis Completed (retrial = false)
2024-04-24T01:54:27,334  INFO [main] ql.Driver: Created Hive schema: Schema(fieldSchemas:null, properties:null)
2024-04-24T01:54:27,334  INFO [main] metadata.Hive: Dumping metastore api call timing information for : compilation phase
2024-04-24T01:54:27,334  INFO [main] metadata.Hive: Total time spent in each metastore function (ms): {getValidTxns_(long)=0, commitTxn_(CommitTxnRequest)=11, getCurrentNotificationEventId_()=2, isCompatibleWith_(Configuration)=0, openTxn_(String, TxnType)=3, flushCache_()=0, getTable_(GetTableRequest)=20}
2024-04-24T01:54:27,334  INFO [main] ql.Driver: Completed compiling command(queryId=alex_20240424015427_74ec17d4-818f-48b2-8632-a709bb91bb1d); Time taken: 0.027 seconds
2024-04-24T01:54:27,334  INFO [main] lockmgr.DbTxnManager: Setting lock request transaction to txnid:18 for queryId=alex_20240424015427_74ec17d4-818f-48b2-8632-a709bb91bb1d
2024-04-24T01:54:27,335  INFO [main] lockmgr.DbLockManager: Requesting lock for queryId=alex_20240424015427_74ec17d4-818f-48b2-8632-a709bb91bb1d
2024-04-24T01:54:27,350  INFO [main] lockmgr.DbLockManager: Response to queryId=alex_20240424015427_74ec17d4-818f-48b2-8632-a709bb91bb1d LockResponse(lockid:12, state:ACQUIRED)
2024-04-24T01:54:27,350  INFO [main] ql.Driver: Operation EXPORT obtained 1 locks
2024-04-24T01:54:27,350  INFO [main] ql.Driver: Executing command(queryId=alex_20240424015427_74ec17d4-818f-48b2-8632-a709bb91bb1d): export table Tstage to '/home/alex/Repositories/hive/ql/target/tmp/org.apache.hadoop.hive.ql.TestTxnLoadData-1713948800221/warehouse/1'
2024-04-24T01:54:27,350  INFO [main] ql.Driver: Starting task [Stage-0:REPL_DUMP] in serial mode
2024-04-24T01:54:27,350  INFO [main] parse.EximUtil: Path before norm :/home/alex/Repositories/hive/ql/target/tmp/org.apache.hadoop.hive.ql.TestTxnLoadData-1713948800221/warehouse/1
2024-04-24T01:54:27,350  INFO [main] parse.EximUtil: Scheme:file, authority:null, path:/home/alex/Repositories/hive/ql/target/tmp/org.apache.hadoop.hive.ql.TestTxnLoadData-1713948800221/warehouse/1
2024-04-24T01:54:27,350  INFO [main] parse.EximUtil: Path before norm :/home/alex/Repositories/hive/ql/target/tmp/org.apache.hadoop.hive.ql.TestTxnLoadData-1713948800221/warehouse/1
2024-04-24T01:54:27,350  INFO [main] parse.EximUtil: Scheme:file, authority:null, path:/home/alex/Repositories/hive/ql/target/tmp/org.apache.hadoop.hive.ql.TestTxnLoadData-1713948800221/warehouse/1
2024-04-24T01:54:27,361  WARN [main] shims.Utils: XAttr won't be preserved since it is not supported for file system: file:///
2024-04-24T01:54:27,367  INFO [main] metadata.Hive: Dumping metastore api call timing information for : execution phase
2024-04-24T01:54:27,367  INFO [main] metadata.Hive: Total time spent in each metastore function (ms): {isCompatibleWith_(Configuration)=0}
2024-04-24T01:54:27,367  INFO [main] ql.Driver: Completed executing command(queryId=alex_20240424015427_74ec17d4-818f-48b2-8632-a709bb91bb1d); Time taken: 0.016 seconds
2024-04-24T01:54:27,367  INFO [main] lockmgr.DbTxnManager: Stopped heartbeat for query: alex_20240424015427_74ec17d4-818f-48b2-8632-a709bb91bb1d
2024-04-24T01:54:27,373  INFO [main] txn.TxnHandler: Expected to move at least one record from txn_components to completed_txn_components when committing txn! txnid:18
2024-04-24T01:54:27,382  INFO [main] txn.TxnHandler: Removed transactions: ([18]) from MIN_HISTORY_LEVEL
2024-04-24T01:54:27,382  WARN [main] txn.CompactionTxnHandler: No compaction queue record found for Compaction type transaction commit. txnId:18
2024-04-24T01:54:27,383  INFO [main] ql.TxnCommandsBaseForTests: Running the query: truncate table Tstage
2024-04-24T01:54:27,383  INFO [main] ql.Driver: Compiling command(queryId=alex_20240424015427_069b288a-37fe-4a6c-8682-08583ec78fc1): truncate table Tstage
2024-04-24T01:54:27,386  INFO [main] txn.TxnHandler: Added entries to MIN_HISTORY_LEVEL for current txns: ([19]) with min_open_txn: 18
2024-04-24T01:54:27,387  INFO [main] lockmgr.DbTxnManager: Opened txnid:19
2024-04-24T01:54:27,388  INFO [main] HiveMetaStore.audit: ugi=alex	ip=unknown-ip-addr	cmd=get_table : tbl=hive.default.Tstage	
2024-04-24T01:54:27,401  INFO [main] metastore.HMSHandler: Skipping translation for processor with null
2024-04-24T01:54:27,402  INFO [main] ql.Driver: Semantic Analysis Completed (retrial = false)
2024-04-24T01:54:27,402  INFO [main] ql.Driver: Created Hive schema: Schema(fieldSchemas:null, properties:null)
2024-04-24T01:54:27,402  INFO [main] metadata.Hive: Dumping metastore api call timing information for : compilation phase
2024-04-24T01:54:27,402  INFO [main] metadata.Hive: Total time spent in each metastore function (ms): {commitTxn_(CommitTxnRequest)=16, getValidTxns_(long)=0, flushCache_()=0, isCompatibleWith_(Configuration)=0, openTxn_(String, TxnType)=3, getTable_(GetTableRequest)=14}
2024-04-24T01:54:27,402  INFO [main] ql.Driver: Completed compiling command(queryId=alex_20240424015427_069b288a-37fe-4a6c-8682-08583ec78fc1); Time taken: 0.019 seconds
2024-04-24T01:54:27,402  INFO [main] lockmgr.DbTxnManager: Setting lock request transaction to txnid:19 for queryId=alex_20240424015427_069b288a-37fe-4a6c-8682-08583ec78fc1
2024-04-24T01:54:27,402  INFO [main] lockmgr.DbLockManager: Requesting lock for queryId=alex_20240424015427_069b288a-37fe-4a6c-8682-08583ec78fc1
2024-04-24T01:54:27,418  INFO [main] lockmgr.DbLockManager: Response to queryId=alex_20240424015427_069b288a-37fe-4a6c-8682-08583ec78fc1 LockResponse(lockid:13, state:ACQUIRED)
2024-04-24T01:54:27,418  INFO [main] ql.Driver: Operation TRUNCATETABLE obtained 1 locks
2024-04-24T01:54:27,418  INFO [main] ql.Driver: Executing command(queryId=alex_20240424015427_069b288a-37fe-4a6c-8682-08583ec78fc1): truncate table Tstage
2024-04-24T01:54:27,418  INFO [main] ql.Driver: Starting task [Stage-0:DDL] in serial mode
2024-04-24T01:54:27,419  INFO [main] HiveMetaStore.audit: ugi=alex	ip=unknown-ip-addr	cmd=get_table : tbl=hive.default.tstage	
2024-04-24T01:54:27,427  INFO [main] metastore.HMSHandler: Skipping translation for processor with null
2024-04-24T01:54:27,427  INFO [main] HiveMetaStore.audit: ugi=alex	ip=unknown-ip-addr	cmd=get_table : tbl=hive.default.tstage	
2024-04-24T01:54:27,436  INFO [main] metastore.HMSHandler: Skipping translation for processor with null
2024-04-24T01:54:27,465  INFO [main] utils.MetaStoreServerUtils: Updated size of table tstage to 0
2024-04-24T01:54:27,475  INFO [main] metadata.Hive: Dumping metastore api call timing information for : execution phase
2024-04-24T01:54:27,475  INFO [main] metadata.Hive: Total time spent in each metastore function (ms): {truncateTable_(String, String, List)=48, isCompatibleWith_(Configuration)=0, getTable_(GetTableRequest)=9}
2024-04-24T01:54:27,475  INFO [main] ql.Driver: Completed executing command(queryId=alex_20240424015427_069b288a-37fe-4a6c-8682-08583ec78fc1); Time taken: 0.057 seconds
2024-04-24T01:54:27,475  INFO [main] lockmgr.DbTxnManager: Stopped heartbeat for query: alex_20240424015427_069b288a-37fe-4a6c-8682-08583ec78fc1
2024-04-24T01:54:27,479  INFO [main] txn.TxnHandler: Expected to move at least one record from txn_components to completed_txn_components when committing txn! txnid:19
2024-04-24T01:54:27,486  INFO [main] txn.TxnHandler: Removed transactions: ([19]) from MIN_HISTORY_LEVEL
2024-04-24T01:54:27,486  WARN [main] txn.CompactionTxnHandler: No compaction queue record found for Compaction type transaction commit. txnId:19
2024-04-24T01:54:27,487  INFO [main] ql.TxnCommandsBaseForTests: Running the query: load data local inpath '/home/alex/Repositories/hive/ql/target/tmp/org.apache.hadoop.hive.ql.TestTxnLoadData-1713948800221/warehouse/1/data' into table T
2024-04-24T01:54:27,487  INFO [main] ql.Driver: Compiling command(queryId=alex_20240424015427_7af2df4a-049a-42f9-85e7-a28cf8ecbc43): load data local inpath '/home/alex/Repositories/hive/ql/target/tmp/org.apache.hadoop.hive.ql.TestTxnLoadData-1713948800221/warehouse/1/data' into table T
2024-04-24T01:54:27,490  INFO [main] txn.TxnHandler: Added entries to MIN_HISTORY_LEVEL for current txns: ([20]) with min_open_txn: 18
2024-04-24T01:54:27,490  INFO [main] lockmgr.DbTxnManager: Opened txnid:20
2024-04-24T01:54:27,491  INFO [main] parse.LoadSemanticAnalyzer: Starting caching scope for: 
2024-04-24T01:54:27,491  INFO [main] HiveMetaStore.audit: ugi=alex	ip=unknown-ip-addr	cmd=get_table : tbl=hive.default.T	
2024-04-24T01:54:27,498  INFO [main] metastore.HMSHandler: Skipping translation for processor with null
2024-04-24T01:54:27,508  INFO [main] txn.TxnHandler: Allocated writeId: 1 for txnId: 20
2024-04-24T01:54:27,509  INFO [main] txn.TxnHandler: Allocated write ids for dbName=default, tblName=t (txnIds: [20])
2024-04-24T01:54:27,509  INFO [main] parse.LoadSemanticAnalyzer: Ending caching scope for: 
2024-04-24T01:54:27,509  INFO [main] ql.Driver: Semantic Analysis Completed (retrial = false)
2024-04-24T01:54:27,509  INFO [main] ql.Driver: Created Hive schema: Schema(fieldSchemas:null, properties:null)
2024-04-24T01:54:27,509  INFO [main] metadata.Hive: Dumping metastore api call timing information for : compilation phase
2024-04-24T01:54:27,510  INFO [main] metadata.Hive: Total time spent in each metastore function (ms): {commitTxn_(CommitTxnRequest)=11, isCompatibleWith_(Configuration)=0, flushCache_()=0, getValidTxns_(long)=0, openTxn_(String, TxnType)=2, getTable_(GetTableRequest)=7, allocateTableWriteId_(long, String, String)=10}
2024-04-24T01:54:27,510  INFO [main] ql.Driver: Completed compiling command(queryId=alex_20240424015427_7af2df4a-049a-42f9-85e7-a28cf8ecbc43); Time taken: 0.022 seconds
2024-04-24T01:54:27,510  INFO [main] lockmgr.DbTxnManager: Setting lock request transaction to txnid:20 for queryId=alex_20240424015427_7af2df4a-049a-42f9-85e7-a28cf8ecbc43
2024-04-24T01:54:27,510  INFO [main] lockmgr.DbLockManager: Requesting lock for queryId=alex_20240424015427_7af2df4a-049a-42f9-85e7-a28cf8ecbc43
2024-04-24T01:54:27,527  INFO [main] lockmgr.DbLockManager: Response to queryId=alex_20240424015427_7af2df4a-049a-42f9-85e7-a28cf8ecbc43 LockResponse(lockid:14, state:ACQUIRED)
2024-04-24T01:54:27,527  INFO [main] ql.Driver: Operation LOAD obtained 1 locks
2024-04-24T01:54:27,532  INFO [main] ql.Driver: Executing command(queryId=alex_20240424015427_7af2df4a-049a-42f9-85e7-a28cf8ecbc43): load data local inpath '/home/alex/Repositories/hive/ql/target/tmp/org.apache.hadoop.hive.ql.TestTxnLoadData-1713948800221/warehouse/1/data' into table T
2024-04-24T01:54:27,532  INFO [main] ql.Driver: Starting task [Stage-0:MOVE] in serial mode
Loading data to table default.t
2024-04-24T01:54:27,532  INFO [main] exec.Task: Loading data to table default.t from file:/home/alex/Repositories/hive/ql/target/tmp/org.apache.hadoop.hive.ql.TestTxnLoadData-1713948800221/warehouse/1/data
2024-04-24T01:54:27,533  INFO [main] HiveMetaStore.audit: ugi=alex	ip=unknown-ip-addr	cmd=get_table : tbl=hive.default.t	
2024-04-24T01:54:27,539  INFO [main] metastore.HMSHandler: Skipping translation for processor with null
2024-04-24T01:54:27,540  INFO [main] HiveMetaStore.audit: ugi=alex	ip=unknown-ip-addr	cmd=get_table : tbl=hive.default.t	
2024-04-24T01:54:27,546  INFO [main] metastore.HMSHandler: Skipping translation for processor with null
2024-04-24T01:54:27,547  INFO [main] common.FileUtils: Creating directory if it doesn't exist: file:/home/alex/Repositories/hive/ql/target/tmp/org.apache.hadoop.hive.ql.TestTxnLoadData-1713948800221/warehouse/t/delta_0000001_0000001_0000
2024-04-24T01:54:27,555  INFO [main] HiveMetaStore.audit: ugi=alex	ip=unknown-ip-addr	cmd=alter_table: hive.default.t newtbl=t	
2024-04-24T01:54:27,580  INFO [main] ql.Driver: Starting task [Stage-1:STATS] in serial mode
2024-04-24T01:54:27,581  INFO [main] HiveMetaStore.audit: ugi=alex	ip=unknown-ip-addr	cmd=get_table : tbl=hive.default.t	
2024-04-24T01:54:27,587  INFO [main] metastore.HMSHandler: Skipping translation for processor with null
2024-04-24T01:54:27,587  INFO [main] stats.BasicStatsTask: Executing stats task
2024-04-24T01:54:27,587  INFO [main] HiveMetaStore.audit: ugi=alex	ip=unknown-ip-addr	cmd=get_table : tbl=hive.default.t	
2024-04-24T01:54:27,593  INFO [main] metastore.HMSHandler: Skipping translation for processor with null
2024-04-24T01:54:27,599  WARN [main] FileOperations: Computing stats for an ACID table; stats may be inaccurate
2024-04-24T01:54:27,600  INFO [main] HiveMetaStore.audit: ugi=alex	ip=unknown-ip-addr	cmd=alter_table: hive.default.t newtbl=t	
2024-04-24T01:54:27,620  INFO [main] stats.BasicStatsTask: Table default.t stats: [numFiles=1, numRows=0, totalSize=254, rawDataSize=0, numFilesErasureCoded=0]
2024-04-24T01:54:27,620  INFO [main] metadata.Hive: Dumping metastore api call timing information for : execution phase
2024-04-24T01:54:27,621  INFO [main] metadata.Hive: Total time spent in each metastore function (ms): {isCompatibleWith_(Configuration)=0, alter_table_(String, String, String, Table, EnvironmentContext, String)=45, getTable_(GetTableRequest)=27}
2024-04-24T01:54:27,621  INFO [main] ql.Driver: Completed executing command(queryId=alex_20240424015427_7af2df4a-049a-42f9-85e7-a28cf8ecbc43); Time taken: 0.088 seconds
2024-04-24T01:54:27,621  INFO [main] lockmgr.DbTxnManager: Stopped heartbeat for query: alex_20240424015427_7af2df4a-049a-42f9-85e7-a28cf8ecbc43
2024-04-24T01:54:27,631  INFO [main] txn.TxnHandler: Removed transactions: ([20]) from MIN_HISTORY_LEVEL
2024-04-24T01:54:27,631  WARN [main] txn.CompactionTxnHandler: No compaction queue record found for Compaction type transaction commit. txnId:20
2024-04-24T01:54:27,632  INFO [main] ql.TxnCommandsBaseForTests: Running the query: select ROW__ID, a, b, INPUT__FILE__NAME from T order by ROW__ID
2024-04-24T01:54:27,633  INFO [main] ql.Driver: Compiling command(queryId=alex_20240424015427_333d605e-f610-4c44-97cf-b1b5c0c77ab1): select ROW__ID, a, b, INPUT__FILE__NAME from T order by ROW__ID
2024-04-24T01:54:27,636  INFO [main] txn.TxnHandler: Added entries to MIN_HISTORY_LEVEL for current txns: ([21]) with min_open_txn: 18
2024-04-24T01:54:27,636  INFO [main] lockmgr.DbTxnManager: Opened txnid:21
2024-04-24T01:54:27,637  INFO [main] parse.CalcitePlanner: Starting caching scope for: 
2024-04-24T01:54:27,637  INFO [main] parse.CalcitePlanner: Starting Semantic Analysis
2024-04-24T01:54:27,642  INFO [main] parse.CalcitePlanner: Completed phase 1 of Semantic Analysis
2024-04-24T01:54:27,642  INFO [main] parse.CalcitePlanner: Get metadata for source tables
2024-04-24T01:54:27,643  INFO [main] HiveMetaStore.audit: ugi=alex	ip=unknown-ip-addr	cmd=get_table : tbl=hive.default.t	
2024-04-24T01:54:27,648  INFO [main] metastore.ObjectStore: Removed COLUMN_STATS_ACCURATE from Table's parameters.
2024-04-24T01:54:27,649  INFO [main] metastore.HMSHandler: Skipping translation for processor with null
2024-04-24T01:54:27,650  INFO [main] parse.CalcitePlanner: Get metadata for subqueries
2024-04-24T01:54:27,650  INFO [main] parse.CalcitePlanner: Get metadata for destination tables
2024-04-24T01:54:27,650  INFO [main] parse.CalcitePlanner: Completed getting MetaData in Semantic Analysis
2024-04-24T01:54:27,661  INFO [main] HiveMetaStore.audit: ugi=alex	ip=unknown-ip-addr	cmd=get_all_table_constraints : tbl=hive.default.t	
2024-04-24T01:54:27,693  INFO [main] calcite.RelOptHiveTable: Calculating column statistics for default.t, projIndxSet: [0, 1], allowMissingStats: true
2024-04-24T01:54:27,693  INFO [main] HiveMetaStore.audit: ugi=alex	ip=unknown-ip-addr	cmd=get_table_statistics_req: table=hive.default.t	
2024-04-24T01:54:27,704  WARN [main] calcite.RelOptHiveTable: No Stats for default@t, Columns: a, b
No Stats for default@t, Columns: a, b
2024-04-24T01:54:27,704  INFO [main] SessionState: No Stats for default@t, Columns: a, b
2024-04-24T01:54:27,748  INFO [main] parse.CalcitePlanner: Get metadata for source tables
2024-04-24T01:54:27,748  INFO [main] parse.CalcitePlanner: Get metadata for subqueries
2024-04-24T01:54:27,748  INFO [main] parse.CalcitePlanner: Get metadata for destination tables
2024-04-24T01:54:27,749  INFO [main] common.FileUtils: Creating directory if it doesn't exist: file:/home/alex/Repositories/hive/ql/target/tmp/localscratchdir/0bf36452-6a2f-42a6-86dd-1513487ffb8d/hive_2024-04-24_01-54-27_633_8210740227792205806-1/-mr-10001/.hive-staging_hive_2024-04-24_01-54-27_633_8210740227792205806-1
2024-04-24T01:54:27,757  INFO [main] parse.CalcitePlanner: CBO Succeeded; optimized logical plan.
2024-04-24T01:54:27,759  INFO [main] optimizer.ColumnPrunerProcFactory: RS 2 oldColExprMap: {VALUE._col0=Column[_col1], VALUE._col1=Column[_col2], KEY.reducesinkkey0=Column[_col0], VALUE._col2=Column[_col3]}
2024-04-24T01:54:27,759  INFO [main] optimizer.ColumnPrunerProcFactory: RS 2 newColExprMap: {KEY.reducesinkkey0=Column[_col0], VALUE._col1=Column[_col2], VALUE._col2=Column[_col3], VALUE._col0=Column[_col1]}
2024-04-24T01:54:27,760  INFO [main] optimizer.BucketVersionPopulator: not considering bucketingVersion for: TS[0] because it has -1<2 buckets 
2024-04-24T01:54:27,761  INFO [main] optimizer.SortedDynPartitionOptimizer: Sorted dynamic partitioning optimization kicked in..
2024-04-24T01:54:27,769  INFO [main] parse.CalcitePlanner: Completed plan generation
2024-04-24T01:54:27,769  INFO [main] parse.CalcitePlanner: Ending caching scope for: 
2024-04-24T01:54:27,769  INFO [main] ql.Driver: Semantic Analysis Completed (retrial = false)
2024-04-24T01:54:27,769  INFO [main] ql.Driver: Created Hive schema: Schema(fieldSchemas:[FieldSchema(name:row__id, type:struct<writeid:bigint,bucketid:int,rowid:bigint>, comment:null), FieldSchema(name:a, type:int, comment:null), FieldSchema(name:b, type:int, comment:null), FieldSchema(name:input__file__name, type:string, comment:null)], properties:null)
2024-04-24T01:54:27,770  INFO [main] exec.ListSinkOperator: Initializing Operator: LIST_SINK[5]
2024-04-24T01:54:27,771  INFO [main] metadata.Hive: Dumping metastore api call timing information for : compilation phase
2024-04-24T01:54:27,771  INFO [main] metadata.Hive: Total time spent in each metastore function (ms): {openTxn_(String, TxnType)=2, commitTxn_(CommitTxnRequest)=11, isCompatibleWith_(Configuration)=0, getValidWriteIds_(List, String)=6, flushCache_()=0, getTableColumnStatistics_(String, String, List, String)=10, getAllTableConstraints_(AllTableConstraintsRequest)=27, getValidTxns_(long)=1, getTable_(GetTableRequest)=7}
2024-04-24T01:54:27,771  INFO [main] ql.Driver: Completed compiling command(queryId=alex_20240424015427_333d605e-f610-4c44-97cf-b1b5c0c77ab1); Time taken: 0.138 seconds
2024-04-24T01:54:27,771  INFO [main] lockmgr.DbTxnManager: Setting lock request transaction to txnid:21 for queryId=alex_20240424015427_333d605e-f610-4c44-97cf-b1b5c0c77ab1
2024-04-24T01:54:27,772  INFO [main] lockmgr.DbLockManager: Requesting lock for queryId=alex_20240424015427_333d605e-f610-4c44-97cf-b1b5c0c77ab1
2024-04-24T01:54:27,785  INFO [main] lockmgr.DbLockManager: Response to queryId=alex_20240424015427_333d605e-f610-4c44-97cf-b1b5c0c77ab1 LockResponse(lockid:15, state:ACQUIRED)
2024-04-24T01:54:27,785  INFO [main] ql.Driver: Operation QUERY obtained 1 locks
2024-04-24T01:54:27,786  INFO [main] ql.Driver: Executing command(queryId=alex_20240424015427_333d605e-f610-4c44-97cf-b1b5c0c77ab1): select ROW__ID, a, b, INPUT__FILE__NAME from T order by ROW__ID
2024-04-24T01:54:27,786  WARN [main] ql.Driver: Hive-on-MR is deprecated in Hive 2 and may not be available in the future versions. Consider using a different execution engine (i.e. spark, tez) or using Hive 1.X releases.
Query ID = alex_20240424015427_333d605e-f610-4c44-97cf-b1b5c0c77ab1
2024-04-24T01:54:27,786  INFO [main] ql.Driver: Query ID = alex_20240424015427_333d605e-f610-4c44-97cf-b1b5c0c77ab1
Total jobs = 1
2024-04-24T01:54:27,786  INFO [main] ql.Driver: Total jobs = 1
Launching Job 1 out of 1
2024-04-24T01:54:27,786  INFO [main] ql.Driver: Launching Job 1 out of 1
2024-04-24T01:54:27,915  INFO [main] ql.Driver: Starting task [Stage-1:MAPRED] in serial mode
Number of reduce tasks determined at compile time: 1
2024-04-24T01:54:27,915  INFO [main] exec.Task: Number of reduce tasks determined at compile time: 1
In order to change the average load for a reducer (in bytes):
2024-04-24T01:54:27,915  INFO [main] exec.Task: In order to change the average load for a reducer (in bytes):
  set hive.exec.reducers.bytes.per.reducer=<number>
2024-04-24T01:54:27,915  INFO [main] exec.Task:   set hive.exec.reducers.bytes.per.reducer=<number>
In order to limit the maximum number of reducers:
2024-04-24T01:54:27,915  INFO [main] exec.Task: In order to limit the maximum number of reducers:
  set hive.exec.reducers.max=<number>
2024-04-24T01:54:27,915  INFO [main] exec.Task:   set hive.exec.reducers.max=<number>
In order to set a constant number of reducers:
2024-04-24T01:54:27,915  INFO [main] exec.Task: In order to set a constant number of reducers:
  set mapreduce.job.reduces=<number>
2024-04-24T01:54:27,915  INFO [main] exec.Task:   set mapreduce.job.reduces=<number>
2024-04-24T01:54:27,918  INFO [main] mr.ExecDriver: Using org.apache.hadoop.hive.ql.io.HiveInputFormat
2024-04-24T01:54:27,918  INFO [main] exec.Utilities: Processing alias t
2024-04-24T01:54:27,918  INFO [main] exec.Utilities: Adding 1 inputs; the first input is file:/home/alex/Repositories/hive/ql/target/tmp/org.apache.hadoop.hive.ql.TestTxnLoadData-1713948800221/warehouse/t
2024-04-24T01:54:27,927  INFO [main] exec.SerializationUtilities: Serializing MapWork using kryo
2024-04-24T01:54:27,928  INFO [main] exec.Utilities: Serialized plan (via FILE) - name: null size: 4,83KB
2024-04-24T01:54:27,933  INFO [main] exec.SerializationUtilities: Serializing ReduceWork using kryo
2024-04-24T01:54:27,938  INFO [main] exec.Utilities: Serialized plan (via FILE) - name: null size: 6,00KB
2024-04-24T01:54:27,939  WARN [main] impl.MetricsSystemImpl: JobTracker metrics system already initialized!
2024-04-24T01:54:27,946  WARN [main] impl.MetricsSystemImpl: JobTracker metrics system already initialized!
2024-04-24T01:54:27,955  WARN [main] mapreduce.JobResourceUploader: Hadoop command-line option parsing not performed. Implement the Tool interface and execute your application with ToolRunner to remedy this.
2024-04-24T01:54:27,959  WARN [main] mapreduce.JobResourceUploader: No job jar file set.  User classes may not be found. See Job or Job#setJar(String).
2024-04-24T01:54:27,960  INFO [main] io.HiveInputFormat: hive.io.file.readcolumn.ids = 0,1
2024-04-24T01:54:27,960  INFO [main] io.HiveInputFormat: hive.io.file.readcolumn.names = a,b
2024-04-24T01:54:27,960  INFO [main] io.HiveInputFormat: Generating splits for dirs: file:/home/alex/Repositories/hive/ql/target/tmp/org.apache.hadoop.hive.ql.TestTxnLoadData-1713948800221/warehouse/t
2024-04-24T01:54:27,960  INFO [main] orc.OrcInputFormat: getSplits started
2024-04-24T01:54:27,960  INFO [main] orc.OrcInputFormat: Context:: isAcid: true isVectorMode: false sarg: null minSplitSize: 1 maxSplitSize: 256000000 splitStrategy: HYBRID footerInSplits: false numBuckets: 0 numThreads: 10 cacheMemSize: 268435456 cacheStripeDetails: true useSoftReference: false writeIdList: default.t:1:9223372036854775807:: isTransactionalTable: true txnProperties: default 
2024-04-24T01:54:27,960  INFO [main] orc.OrcInputFormat: ORC pushdown predicate: null
2024-04-24T01:54:27,973  INFO [main] orc.OrcInputFormat: FooterCacheHitRatio: 0/1
2024-04-24T01:54:27,973  INFO [main] orc.OrcInputFormat: getSplits finished (#splits: 1). duration: 13 ms
2024-04-24T01:54:27,973  INFO [main] io.HiveInputFormat: number of splits 1
2024-04-24T01:54:27,989  INFO [main] mapreduce.JobSubmitter: number of splits:1
2024-04-24T01:54:28,007  INFO [main] mapreduce.JobSubmitter: Submitting tokens for job: job_local173069823_0026
2024-04-24T01:54:28,007  INFO [main] mapreduce.JobSubmitter: Executing with tokens: []
2024-04-24T01:54:28,063  INFO [main] mapreduce.Job: The url to track the job: http://localhost:8080/
Job running in-process (local Hadoop)
2024-04-24T01:54:28,063  INFO [main] exec.Task: Job running in-process (local Hadoop)
2024-04-24T01:54:28,063  INFO [Thread-1606] mapred.LocalJobRunner: OutputCommitter set in config org.apache.hadoop.hive.ql.io.HiveFileFormatUtils$NullOutputCommitter
2024-04-24T01:54:28,063  INFO [Thread-1606] mapred.LocalJobRunner: OutputCommitter is org.apache.hadoop.hive.ql.io.HiveFileFormatUtils$NullOutputCommitter
2024-04-24T01:54:28,065  INFO [Thread-1606] mapred.LocalJobRunner: Waiting for map tasks
2024-04-24T01:54:28,065  INFO [LocalJobRunner Map Task Executor #0] mapred.LocalJobRunner: Starting task: attempt_local173069823_0026_m_000000_0
2024-04-24T01:54:28,066  INFO [LocalJobRunner Map Task Executor #0] mapred.Task:  Using ResourceCalculatorProcessTree : [ ]
2024-04-24T01:54:28,066  INFO [LocalJobRunner Map Task Executor #0] mapred.MapTask: Processing split: org.apache.hadoop.hive.ql.io.orc.OrcInputFormat:OrcSplit [file:/home/alex/Repositories/hive/ql/target/tmp/org.apache.hadoop.hive.ql.TestTxnLoadData-1713948800221/warehouse/t/delta_0000001_0000001_0000/000000_0, start=3, length=110, isOriginal=true, fileLength=254, hasFooter=false, hasBase=true, deltas=0]
2024-04-24T01:54:28,067  INFO [LocalJobRunner Map Task Executor #0] exec.SerializationUtilities: Deserializing MapWork using kryo
2024-04-24T01:54:28,067  INFO [LocalJobRunner Map Task Executor #0] exec.Utilities: Deserialized plan (via FILE) - name: null size: 4,83KB
2024-04-24T01:54:28,068  INFO [LocalJobRunner Map Task Executor #0] orc.OrcRawRecordMerger: min key = null, max key = null
2024-04-24T01:54:28,068  INFO [LocalJobRunner Map Task Executor #0] orc.ReaderImpl: Reading ORC rows from file:/home/alex/Repositories/hive/ql/target/tmp/org.apache.hadoop.hive.ql.TestTxnLoadData-1713948800221/warehouse/t/delta_0000001_0000001_0000/000000_0 with {include: [true, true, true], offset: 3, length: 110, schema: struct<a:int,b:int>, includeAcidColumns: true}
2024-04-24T01:54:28,072  INFO [LocalJobRunner Map Task Executor #0] orc.OrcRawRecordMerger: updated min key = null, max key = null
2024-04-24T01:54:28,072  INFO [LocalJobRunner Map Task Executor #0] mapred.MapTask: numReduceTasks: 1
2024-04-24T01:54:28,076  INFO [LocalJobRunner Map Task Executor #0] mapred.MapTask: (EQUATOR) 0 kvi 26214396(104857584)
2024-04-24T01:54:28,076  INFO [LocalJobRunner Map Task Executor #0] mapred.MapTask: mapreduce.task.io.sort.mb: 100
2024-04-24T01:54:28,076  INFO [LocalJobRunner Map Task Executor #0] mapred.MapTask: soft limit at 83886080
2024-04-24T01:54:28,076  INFO [LocalJobRunner Map Task Executor #0] mapred.MapTask: bufstart = 0; bufvoid = 104857600
2024-04-24T01:54:28,076  INFO [LocalJobRunner Map Task Executor #0] mapred.MapTask: kvstart = 26214396; length = 6553600
2024-04-24T01:54:28,077  INFO [LocalJobRunner Map Task Executor #0] mapred.MapTask: Map output collector class = org.apache.hadoop.mapred.MapTask$MapOutputBuffer
2024-04-24T01:54:28,077  INFO [LocalJobRunner Map Task Executor #0] exec.MapOperator: Initializing Operator: MAP[0]
2024-04-24T01:54:28,078  INFO [LocalJobRunner Map Task Executor #0] mr.ExecMapper: 
<MAP>Id =0
  <Children>null
  <\Children>
  <Parent><\Parent>
<\MAP>
2024-04-24T01:54:28,079  INFO [LocalJobRunner Map Task Executor #0] exec.TableScanOperator: Initializing Operator: TS[0]
2024-04-24T01:54:28,079  INFO [LocalJobRunner Map Task Executor #0] exec.SelectOperator: Initializing Operator: SEL[1]
2024-04-24T01:54:28,079  INFO [LocalJobRunner Map Task Executor #0] exec.SelectOperator: SELECT struct<a:int,b:int,row__id:struct<writeid:bigint,bucketid:int,rowid:bigint>,input__file__name:string>
2024-04-24T01:54:28,079  INFO [LocalJobRunner Map Task Executor #0] exec.ReduceSinkOperator: Initializing Operator: RS[2]
2024-04-24T01:54:28,079  INFO [LocalJobRunner Map Task Executor #0] exec.ReduceSinkOperator: Using tag = -1
2024-04-24T01:54:28,079  INFO [LocalJobRunner Map Task Executor #0] exec.ReduceSinkOperator: keys are [reducesinkkey0] num distributions: 1
2024-04-24T01:54:28,079  INFO [LocalJobRunner Map Task Executor #0] exec.ReduceSinkOperator: RS[2]: records written - 1
2024-04-24T01:54:28,079  INFO [LocalJobRunner Map Task Executor #0] exec.MapOperator: MAP[0]: records read - 1
2024-04-24T01:54:28,080  INFO [LocalJobRunner Map Task Executor #0] exec.MapOperator: Closing Operator: MAP[0]
2024-04-24T01:54:28,080  INFO [LocalJobRunner Map Task Executor #0] exec.MapOperator: MAP[0]: Total records read - 2. abort - false
2024-04-24T01:54:28,080  INFO [LocalJobRunner Map Task Executor #0] exec.MapOperator: RECORDS_IN:2, DESERIALIZE_ERRORS:0, RECORDS_OUT_OPERATOR_MAP_0:0, RECORDS_OUT_INTERMEDIATE:0, 
2024-04-24T01:54:28,080  INFO [LocalJobRunner Map Task Executor #0] exec.TableScanOperator: Closing Operator: TS[0]
2024-04-24T01:54:28,080  INFO [LocalJobRunner Map Task Executor #0] exec.TableScanOperator: RECORDS_OUT_INTERMEDIATE:0, RECORDS_OUT_OPERATOR_TS_0:2, 
2024-04-24T01:54:28,080  INFO [LocalJobRunner Map Task Executor #0] exec.SelectOperator: Closing Operator: SEL[1]
2024-04-24T01:54:28,080  INFO [LocalJobRunner Map Task Executor #0] exec.SelectOperator: RECORDS_OUT_INTERMEDIATE:0, RECORDS_OUT_OPERATOR_SEL_1:2, 
2024-04-24T01:54:28,080  INFO [LocalJobRunner Map Task Executor #0] exec.ReduceSinkOperator: Closing Operator: RS[2]
2024-04-24T01:54:28,080  INFO [LocalJobRunner Map Task Executor #0] exec.ReduceSinkOperator: RS[2]: Total records written - 2. abort - false
2024-04-24T01:54:28,080  INFO [LocalJobRunner Map Task Executor #0] exec.ReduceSinkOperator: RECORDS_OUT_OPERATOR_RS_2:2, RECORDS_OUT_INTERMEDIATE:2, 
2024-04-24T01:54:28,081  INFO [LocalJobRunner Map Task Executor #0] mapred.LocalJobRunner: 
2024-04-24T01:54:28,081  INFO [LocalJobRunner Map Task Executor #0] mapred.MapTask: Starting flush of map output
2024-04-24T01:54:28,081  INFO [LocalJobRunner Map Task Executor #0] mapred.MapTask: Spilling map output
2024-04-24T01:54:28,081  INFO [LocalJobRunner Map Task Executor #0] mapred.MapTask: bufstart = 0; bufend = 378; bufvoid = 104857600
2024-04-24T01:54:28,081  INFO [LocalJobRunner Map Task Executor #0] mapred.MapTask: kvstart = 26214396(104857584); kvend = 26214392(104857568); length = 5/6553600
2024-04-24T01:54:28,091  INFO [LocalJobRunner Map Task Executor #0] mapred.MapTask: Finished spill 0
2024-04-24T01:54:28,093  INFO [LocalJobRunner Map Task Executor #0] mapred.Task: Task:attempt_local173069823_0026_m_000000_0 is done. And is in the process of committing
2024-04-24T01:54:28,094  INFO [LocalJobRunner Map Task Executor #0] mapred.LocalJobRunner: OrcSplit [file:/home/alex/Repositories/hive/ql/target/tmp/org.apache.hadoop.hive.ql.TestTxnLoadData-1713948800221/warehouse/t/delta_0000001_0000001_0000/000000_0, start=3, length=110, isOriginal=true, fileLength=254, hasFooter=false, hasBase=true, deltas=0]
2024-04-24T01:54:28,094  INFO [LocalJobRunner Map Task Executor #0] mapred.Task: Task 'attempt_local173069823_0026_m_000000_0' done.
2024-04-24T01:54:28,094  INFO [LocalJobRunner Map Task Executor #0] mapred.Task: Final Counters for attempt_local173069823_0026_m_000000_0: Counters: 24
	File System Counters
		FILE: Number of bytes read=359526
		FILE: Number of bytes written=30489991
		FILE: Number of read operations=0
		FILE: Number of large read operations=0
		FILE: Number of write operations=0
	Map-Reduce Framework
		Map input records=2
		Map output records=2
		Map output bytes=378
		Map output materialized bytes=390
		Input split bytes=477
		Combine input records=0
		Spilled Records=2
		Failed Shuffles=0
		Merged Map outputs=0
		GC time elapsed (ms)=0
		Total committed heap usage (bytes)=1086849024
	HIVE
		DESERIALIZE_ERRORS=0
		RECORDS_IN=2
		RECORDS_OUT_INTERMEDIATE=2
		RECORDS_OUT_OPERATOR_MAP_0=0
		RECORDS_OUT_OPERATOR_RS_2=2
		RECORDS_OUT_OPERATOR_SEL_1=2
		RECORDS_OUT_OPERATOR_TS_0=2
	File Input Format Counters 
		Bytes Read=5953
2024-04-24T01:54:28,094  INFO [LocalJobRunner Map Task Executor #0] mapred.LocalJobRunner: Finishing task: attempt_local173069823_0026_m_000000_0
2024-04-24T01:54:28,094  INFO [Thread-1606] mapred.LocalJobRunner: map task executor complete.
2024-04-24T01:54:28,095  INFO [Thread-1606] mapred.LocalJobRunner: Waiting for reduce tasks
2024-04-24T01:54:28,095  INFO [pool-109-thread-1] mapred.LocalJobRunner: Starting task: attempt_local173069823_0026_r_000000_0
2024-04-24T01:54:28,096  INFO [pool-109-thread-1] mapred.Task:  Using ResourceCalculatorProcessTree : [ ]
2024-04-24T01:54:28,096  INFO [pool-109-thread-1] mapred.ReduceTask: Using ShuffleConsumerPlugin: org.apache.hadoop.mapreduce.task.reduce.Shuffle@45c974d6
2024-04-24T01:54:28,096  WARN [pool-109-thread-1] impl.MetricsSystemImpl: JobTracker metrics system already initialized!
2024-04-24T01:54:28,097  INFO [pool-109-thread-1] reduce.MergeManagerImpl: MergerManager: memoryLimit=1336252800, maxSingleShuffleLimit=334063200, mergeThreshold=881926912, ioSortFactor=10, memToMemMergeOutputsThreshold=10
2024-04-24T01:54:28,098  INFO [EventFetcher for fetching Map Completion Events] reduce.EventFetcher: attempt_local173069823_0026_r_000000_0 Thread started: EventFetcher for fetching Map Completion Events
2024-04-24T01:54:28,101  INFO [localfetcher#9] reduce.LocalFetcher: localfetcher#9 about to shuffle output of map attempt_local173069823_0026_m_000000_0 decomp: 386 len: 390 to MEMORY
2024-04-24T01:54:28,101  INFO [localfetcher#9] reduce.InMemoryMapOutput: Read 386 bytes from map-output for attempt_local173069823_0026_m_000000_0
2024-04-24T01:54:28,101  INFO [localfetcher#9] reduce.MergeManagerImpl: closeInMemoryFile -> map-output of size: 386, inMemoryMapOutputs.size() -> 1, commitMemory -> 0, usedMemory ->386
2024-04-24T01:54:28,101  INFO [EventFetcher for fetching Map Completion Events] reduce.EventFetcher: EventFetcher is interrupted.. Returning
2024-04-24T01:54:28,102  INFO [pool-109-thread-1] mapred.LocalJobRunner: 1 / 1 copied.
2024-04-24T01:54:28,102  INFO [pool-109-thread-1] reduce.MergeManagerImpl: finalMerge called with 1 in-memory map-outputs and 0 on-disk map-outputs
2024-04-24T01:54:28,108  INFO [pool-109-thread-1] mapred.Merger: Merging 1 sorted segments
2024-04-24T01:54:28,108  INFO [pool-109-thread-1] mapred.Merger: Down to the last merge-pass, with 1 segments left of total size: 354 bytes
2024-04-24T01:54:28,111  INFO [pool-109-thread-1] reduce.MergeManagerImpl: Merged 1 segments, 386 bytes to disk to satisfy reduce memory limit
2024-04-24T01:54:28,111  INFO [pool-109-thread-1] reduce.MergeManagerImpl: Merging 1 files, 390 bytes from disk
2024-04-24T01:54:28,111  INFO [pool-109-thread-1] reduce.MergeManagerImpl: Merging 0 segments, 0 bytes from memory into reduce
2024-04-24T01:54:28,111  INFO [pool-109-thread-1] mapred.Merger: Merging 1 sorted segments
2024-04-24T01:54:28,111  INFO [pool-109-thread-1] mapred.Merger: Down to the last merge-pass, with 1 segments left of total size: 354 bytes
2024-04-24T01:54:28,111  INFO [pool-109-thread-1] mapred.LocalJobRunner: 1 / 1 copied.
2024-04-24T01:54:28,112  INFO [pool-109-thread-1] exec.SerializationUtilities: Deserializing ReduceWork using kryo
2024-04-24T01:54:28,113  INFO [pool-109-thread-1] exec.Utilities: Deserialized plan (via FILE) - name: null size: 6,00KB
2024-04-24T01:54:28,114  INFO [pool-109-thread-1] ExecReducer: 
<SEL>Id =3
  <Children>
    <FS>Id =4
      <Children>
      <\Children>
      <Parent>Id = 3 null<\Parent>
    <\FS>
  <\Children>
  <Parent><\Parent>
<\SEL>
2024-04-24T01:54:28,114  INFO [pool-109-thread-1] exec.SelectOperator: Initializing Operator: SEL[3]
2024-04-24T01:54:28,114  INFO [pool-109-thread-1] exec.SelectOperator: SELECT struct<key:struct<reducesinkkey0:struct<writeid:bigint,bucketid:int,rowid:bigint>>,value:struct<_col0:int,_col1:int,_col2:string>>
2024-04-24T01:54:28,114  INFO [pool-109-thread-1] exec.FileSinkOperator: Initializing Operator: FS[4]
2024-04-24T01:54:28,114  INFO [pool-109-thread-1] exec.FileSinkOperator: Using serializer : class org.apache.hadoop.hive.serde2.lazy.LazySimpleSerDe [serdeParams=org.apache.hadoop.hive.serde2.lazy.LazySerDeParameters@6e52f9c6, cachedObjectInspector=org.apache.hadoop.hive.serde2.lazy.objectinspector.LazySimpleStructObjectInspector<org.apache.hadoop.hive.serde2.lazy.objectinspector.LazySimpleStructObjectInspector<org.apache.hadoop.hive.serde2.lazy.objectinspector.primitive.LazyLongObjectInspector@775c865f,org.apache.hadoop.hive.serde2.lazy.objectinspector.primitive.LazyIntObjectInspector@5410bbdf,org.apache.hadoop.hive.serde2.lazy.objectinspector.primitive.LazyLongObjectInspector@775c865f>,org.apache.hadoop.hive.serde2.lazy.objectinspector.primitive.LazyIntObjectInspector@5410bbdf,org.apache.hadoop.hive.serde2.lazy.objectinspector.primitive.LazyIntObjectInspector@5410bbdf,org.apache.hadoop.hive.serde2.lazy.objectinspector.primitive.LazyStringObjectInspector@8cca656>, serializedSize=0, stats=org.apache.hadoop.hive.serde2.SerDeStats@55ee2a3f, lastOperationSerialize=false, lastOperationDeserialize=false [1, 2, 3, 4, 5, 6, 7, 8, 11, 14, 15, 16, 17, 18, 19, 20, 21, 22, 23, 24, 25, 26, 28, 29, 30, 31, -128, -127, -126, -125, -124, -123, -122, -121, -120, -119, -118, -117, -116, -115, -114, -113, -112, -111, -110, -109, -108, -107, -106, -105, -104, -103, -102, -101, -100, -99, -98, -97, -96, -95, -94, -93, -92, -91, -90, -89, -88, -87, -86, -85, -84, -83, -82, -81, -80, -79, -78, -77, -76, -75, -74, -73, -72, -71, -70, -69, -68, -67, -66, -65, -64, -63, -62, -61, -60, -59, -58, -57, -56, -55, -54, -53, -52, -51, -50, -49, -48, -47, -46, -45, -44, -43, -42, -41, -40, -39, -38, -37, -36, -35, -34, -33, -32, -31, -30, -29, -28, -27, -26, -25, -24, -23, -22, -21, -20, -19, -18, -17, -16, -15, -14, -13, -12, -11, -10, -9, -8, -7, -6, -5, -4, -3, -2, -1] : [_col0, _col1, _col2, _col3] : [struct<writeid:bigint,bucketid:int,rowid:bigint>, int, int, string]] and formatter : org.apache.hadoop.hive.ql.io.HiveSequenceFileOutputFormat@5c3088df
2024-04-24T01:54:28,115  INFO [pool-109-thread-1] exec.FileSinkOperator: Final Path: FS file:/home/alex/Repositories/hive/ql/target/tmp/localscratchdir/0bf36452-6a2f-42a6-86dd-1513487ffb8d/hive_2024-04-24_01-54-27_633_8210740227792205806-1/-mr-10001/.hive-staging_hive_2024-04-24_01-54-27_633_8210740227792205806-1/_tmp.-ext-10002/000000_0
2024-04-24T01:54:28,115  INFO [pool-109-thread-1] exec.FileSinkOperator: Writing to temp file: FS file:/home/alex/Repositories/hive/ql/target/tmp/localscratchdir/0bf36452-6a2f-42a6-86dd-1513487ffb8d/hive_2024-04-24_01-54-27_633_8210740227792205806-1/-mr-10001/.hive-staging_hive_2024-04-24_01-54-27_633_8210740227792205806-1/_task_tmp.-ext-10002/_tmp.000000_0
2024-04-24T01:54:28,115  INFO [pool-109-thread-1] exec.FileSinkOperator: New Final Path: FS file:/home/alex/Repositories/hive/ql/target/tmp/localscratchdir/0bf36452-6a2f-42a6-86dd-1513487ffb8d/hive_2024-04-24_01-54-27_633_8210740227792205806-1/-mr-10001/.hive-staging_hive_2024-04-24_01-54-27_633_8210740227792205806-1/_tmp.-ext-10002/000000_0
2024-04-24T01:54:28,122  INFO [pool-109-thread-1] exec.FileSinkOperator: FS[4]: records written - 1
2024-04-24T01:54:28,123  INFO [pool-109-thread-1] exec.SelectOperator: Closing Operator: SEL[3]
2024-04-24T01:54:28,123  INFO [pool-109-thread-1] exec.SelectOperator: RECORDS_OUT_INTERMEDIATE:0, RECORDS_OUT_OPERATOR_SEL_3:2, 
2024-04-24T01:54:28,123  INFO [pool-109-thread-1] exec.FileSinkOperator: Closing Operator: FS[4]
2024-04-24T01:54:28,123  INFO [pool-109-thread-1] exec.FileSinkOperator: FS[4]: records written - 2
2024-04-24T01:54:28,123  INFO [pool-109-thread-1] exec.FileSinkOperator: RECORDS_OUT_INTERMEDIATE:0, RECORDS_OUT_0:2, RECORDS_OUT_OPERATOR_FS_4:2, 
2024-04-24T01:54:28,124  INFO [pool-109-thread-1] mapred.Task: Task:attempt_local173069823_0026_r_000000_0 is done. And is in the process of committing
2024-04-24T01:54:28,124  INFO [pool-109-thread-1] mapred.LocalJobRunner: reduce > reduce
2024-04-24T01:54:28,124  INFO [pool-109-thread-1] mapred.Task: Task 'attempt_local173069823_0026_r_000000_0' done.
2024-04-24T01:54:28,124  INFO [pool-109-thread-1] mapred.Task: Final Counters for attempt_local173069823_0026_r_000000_0: Counters: 29
	File System Counters
		FILE: Number of bytes read=366396
		FILE: Number of bytes written=30490846
		FILE: Number of read operations=0
		FILE: Number of large read operations=0
		FILE: Number of write operations=0
	Map-Reduce Framework
		Combine input records=0
		Combine output records=0
		Reduce input groups=2
		Reduce shuffle bytes=390
		Reduce input records=2
		Reduce output records=0
		Spilled Records=2
		Shuffled Maps =1
		Failed Shuffles=0
		Merged Map outputs=1
		GC time elapsed (ms)=0
		Total committed heap usage (bytes)=1086849024
	HIVE
		CREATED_FILES=1
		RECORDS_OUT_0=2
		RECORDS_OUT_INTERMEDIATE=0
		RECORDS_OUT_OPERATOR_FS_4=2
		RECORDS_OUT_OPERATOR_SEL_3=2
	Shuffle Errors
		BAD_ID=0
		CONNECTION=0
		IO_ERROR=0
		WRONG_LENGTH=0
		WRONG_MAP=0
		WRONG_REDUCE=0
	File Output Format Counters 
		Bytes Written=0
2024-04-24T01:54:28,124  INFO [pool-109-thread-1] mapred.LocalJobRunner: Finishing task: attempt_local173069823_0026_r_000000_0
2024-04-24T01:54:28,124  INFO [Thread-1606] mapred.LocalJobRunner: reduce task executor complete.
2024-04-24 01:54:29,066 Stage-1 map = 100%,  reduce = 100%
2024-04-24T01:54:29,067  INFO [main] exec.Task: 2024-04-24 01:54:29,066 Stage-1 map = 100%,  reduce = 100%
Ended Job = job_local173069823_0026
2024-04-24T01:54:29,069  INFO [main] exec.Task: Ended Job = job_local173069823_0026
2024-04-24T01:54:29,071  INFO [main] metadata.Hive: Dumping metastore api call timing information for : execution phase
2024-04-24T01:54:29,072  INFO [main] metadata.Hive: Total time spent in each metastore function (ms): {}
MapReduce Jobs Launched: 
2024-04-24T01:54:29,072  INFO [main] ql.Driver: MapReduce Jobs Launched: 
Stage-Stage-1:  HDFS Read: 0 HDFS Write: 0 SUCCESS
2024-04-24T01:54:29,072  INFO [main] ql.Driver: Stage-Stage-1:  HDFS Read: 0 HDFS Write: 0 SUCCESS
Total MapReduce CPU Time Spent: 0 msec
2024-04-24T01:54:29,072  INFO [main] ql.Driver: Total MapReduce CPU Time Spent: 0 msec
2024-04-24T01:54:29,072  INFO [main] ql.Driver: Completed executing command(queryId=alex_20240424015427_333d605e-f610-4c44-97cf-b1b5c0c77ab1); Time taken: 1.285 seconds
2024-04-24T01:54:29,072  INFO [main] lockmgr.DbTxnManager: Stopped heartbeat for query: alex_20240424015427_333d605e-f610-4c44-97cf-b1b5c0c77ab1
2024-04-24T01:54:29,078  INFO [main] txn.TxnHandler: Expected to move at least one record from txn_components to completed_txn_components when committing txn! txnid:21
2024-04-24T01:54:29,086  INFO [main] txn.TxnHandler: Removed transactions: ([21]) from MIN_HISTORY_LEVEL
2024-04-24T01:54:29,086  WARN [main] txn.CompactionTxnHandler: No compaction queue record found for Compaction type transaction commit. txnId:21
2024-04-24T01:54:29,091  INFO [main] mapred.FileInputFormat: Total input files to process : 1
2024-04-24T01:54:29,092  INFO [main] exec.ListSinkOperator: Closing Operator: LIST_SINK[5]
2024-04-24T01:54:29,092  INFO [main] exec.ListSinkOperator: RECORDS_OUT_OPERATOR_LIST_SINK_5:2, RECORDS_OUT_INTERMEDIATE:0, 
2024-04-24T01:54:29,092  WARN [main] ql.TestTxnLoadData: loadDataUpdate: read data(load data inpath): 
2024-04-24T01:54:29,092  INFO [main] ql.TestTxnLoadData: {"writeid":1,"bucketid":536870912,"rowid":0}	1	2	file:/home/alex/Repositories/hive/ql/target/tmp/org.apache.hadoop.hive.ql.TestTxnLoadData-1713948800221/warehouse/t/delta_0000001_0000001_0000/000000_0
{"writeid":1,"bucketid":536870912,"rowid":1}	3	4	file:/home/alex/Repositories/hive/ql/target/tmp/org.apache.hadoop.hive.ql.TestTxnLoadData-1713948800221/warehouse/t/delta_0000001_0000001_0000/000000_0

2024-04-24T01:54:29,092  INFO [main] ql.TxnCommandsBaseForTests: Running the query: EXPLAIN VECTORIZATION DETAIL select ROW__ID, a, b, INPUT__FILE__NAME from T order by ROW__ID
2024-04-24T01:54:29,092  INFO [main] ql.Context: Deleting scratch dir: file:/home/alex/Repositories/hive/ql/target/tmp/localscratchdir/0bf36452-6a2f-42a6-86dd-1513487ffb8d/hive_2024-04-24_01-54-27_633_8210740227792205806-1
2024-04-24T01:54:29,093  INFO [main] cleanup.SyncCleanupService: Deleted directory: file:/home/alex/Repositories/hive/ql/target/tmp/localscratchdir/0bf36452-6a2f-42a6-86dd-1513487ffb8d/hive_2024-04-24_01-54-27_633_8210740227792205806-1 on fs with scheme file
2024-04-24T01:54:29,093  INFO [main] ql.Driver: Compiling command(queryId=alex_20240424015429_098ba6a5-05f7-481b-8cc8-f14883a5a61f): EXPLAIN VECTORIZATION DETAIL select ROW__ID, a, b, INPUT__FILE__NAME from T order by ROW__ID
2024-04-24T01:54:29,096  INFO [main] txn.TxnHandler: Added entries to MIN_HISTORY_LEVEL for current txns: ([22]) with min_open_txn: 22
2024-04-24T01:54:29,096  INFO [main] lockmgr.DbTxnManager: Opened txnid:22
2024-04-24T01:54:29,097  INFO [main] parse.CalcitePlanner: Starting Semantic Analysis
2024-04-24T01:54:29,099  INFO [main] parse.CalcitePlanner: Completed phase 1 of Semantic Analysis
2024-04-24T01:54:29,099  INFO [main] parse.CalcitePlanner: Get metadata for source tables
2024-04-24T01:54:29,100  INFO [main] HiveMetaStore.audit: ugi=alex	ip=unknown-ip-addr	cmd=get_table : tbl=hive.default.t	
2024-04-24T01:54:29,105  INFO [main] metastore.ObjectStore: Removed COLUMN_STATS_ACCURATE from Table's parameters.
2024-04-24T01:54:29,107  INFO [main] metastore.HMSHandler: Skipping translation for processor with null
2024-04-24T01:54:29,107  INFO [main] parse.CalcitePlanner: Get metadata for subqueries
2024-04-24T01:54:29,107  INFO [main] parse.CalcitePlanner: Get metadata for destination tables
2024-04-24T01:54:29,107  INFO [main] parse.CalcitePlanner: Completed getting MetaData in Semantic Analysis
2024-04-24T01:54:29,119  INFO [main] HiveMetaStore.audit: ugi=alex	ip=unknown-ip-addr	cmd=get_all_table_constraints : tbl=hive.default.t	
2024-04-24T01:54:29,127  INFO [main] calcite.RelOptHiveTable: Calculating column statistics for default.t, projIndxSet: [0, 1], allowMissingStats: true
2024-04-24T01:54:29,128  INFO [main] HiveMetaStore.audit: ugi=alex	ip=unknown-ip-addr	cmd=get_table_statistics_req: table=hive.default.t	
2024-04-24T01:54:29,136  WARN [main] calcite.RelOptHiveTable: No Stats for default@t, Columns: b, a
No Stats for default@t, Columns: b, a
2024-04-24T01:54:29,136  INFO [main] SessionState: No Stats for default@t, Columns: b, a
2024-04-24T01:54:29,178  INFO [main] parse.CalcitePlanner: Get metadata for source tables
2024-04-24T01:54:29,178  INFO [main] parse.CalcitePlanner: Get metadata for subqueries
2024-04-24T01:54:29,178  INFO [main] parse.CalcitePlanner: Get metadata for destination tables
2024-04-24T01:54:29,180  INFO [main] parse.CalcitePlanner: CBO Succeeded; optimized logical plan.
2024-04-24T01:54:29,184  INFO [main] optimizer.ColumnPrunerProcFactory: RS 2 oldColExprMap: {KEY.reducesinkkey0=Column[_col0], VALUE._col0=Column[_col1], VALUE._col2=Column[_col3], VALUE._col1=Column[_col2]}
2024-04-24T01:54:29,184  INFO [main] optimizer.ColumnPrunerProcFactory: RS 2 newColExprMap: {KEY.reducesinkkey0=Column[_col0], VALUE._col2=Column[_col3], VALUE._col1=Column[_col2], VALUE._col0=Column[_col1]}
2024-04-24T01:54:29,185  INFO [main] optimizer.BucketVersionPopulator: not considering bucketingVersion for: TS[0] because it has -1<2 buckets 
2024-04-24T01:54:29,189  INFO [main] optimizer.SortedDynPartitionOptimizer: Sorted dynamic partitioning optimization kicked in..
2024-04-24T01:54:29,197  INFO [main] parse.CalcitePlanner: Completed plan generation
2024-04-24T01:54:29,197  INFO [main] ql.Driver: Semantic Analysis Completed (retrial = false)
2024-04-24T01:54:29,197  INFO [main] ql.Driver: Created Hive schema: Schema(fieldSchemas:[FieldSchema(name:Explain, type:string, comment:null)], properties:null)
2024-04-24T01:54:29,197  INFO [main] metadata.Hive: Dumping metastore api call timing information for : compilation phase
2024-04-24T01:54:29,198  INFO [main] metadata.Hive: Total time spent in each metastore function (ms): {isCompatibleWith_(Configuration)=0, getTable_(GetTableRequest)=7, flushCache_()=0, getTableColumnStatistics_(String, String, List, String)=7, commitTxn_(CommitTxnRequest)=15, openTxn_(String, TxnType)=2, getAllTableConstraints_(AllTableConstraintsRequest)=4, getValidTxns_(long)=1, getValidWriteIds_(List, String)=3}
2024-04-24T01:54:29,198  INFO [main] ql.Driver: Completed compiling command(queryId=alex_20240424015429_098ba6a5-05f7-481b-8cc8-f14883a5a61f); Time taken: 0.104 seconds
2024-04-24T01:54:29,198  INFO [main] ql.Driver: Executing command(queryId=alex_20240424015429_098ba6a5-05f7-481b-8cc8-f14883a5a61f): EXPLAIN VECTORIZATION DETAIL select ROW__ID, a, b, INPUT__FILE__NAME from T order by ROW__ID
2024-04-24T01:54:29,198  INFO [main] ql.Driver: Starting task [Stage-2:EXPLAIN] in serial mode
2024-04-24T01:54:29,207  INFO [main] metadata.Hive: Dumping metastore api call timing information for : execution phase
2024-04-24T01:54:29,208  INFO [main] metadata.Hive: Total time spent in each metastore function (ms): {}
2024-04-24T01:54:29,208  INFO [main] ql.Driver: Completed executing command(queryId=alex_20240424015429_098ba6a5-05f7-481b-8cc8-f14883a5a61f); Time taken: 0.009 seconds
2024-04-24T01:54:29,208  INFO [main] lockmgr.DbTxnManager: Stopped heartbeat for query: null
2024-04-24T01:54:29,215  INFO [main] txn.TxnHandler: Expected to move at least one record from txn_components to completed_txn_components when committing txn! txnid:22
2024-04-24T01:54:29,222  INFO [main] txn.TxnHandler: Removed transactions: ([22]) from MIN_HISTORY_LEVEL
2024-04-24T01:54:29,222  WARN [main] txn.CompactionTxnHandler: No compaction queue record found for Compaction type transaction commit. txnId:22
2024-04-24T01:54:29,224  INFO [main] ql.TxnCommandsBaseForTests: Running the query: update T set b = 17 where a = 1
2024-04-24T01:54:29,224  INFO [main] ql.Context: Deleting scratch dir: file:/home/alex/Repositories/hive/ql/target/tmp/localscratchdir/0bf36452-6a2f-42a6-86dd-1513487ffb8d/hive_2024-04-24_01-54-29_093_7697737551420748180-1
2024-04-24T01:54:29,224  INFO [main] cleanup.SyncCleanupService: Deleted directory: file:/home/alex/Repositories/hive/ql/target/tmp/localscratchdir/0bf36452-6a2f-42a6-86dd-1513487ffb8d/hive_2024-04-24_01-54-29_093_7697737551420748180-1 on fs with scheme file
2024-04-24T01:54:29,225  INFO [main] ql.Driver: Compiling command(queryId=alex_20240424015429_0ab33ed1-058f-44ff-94ac-0385ac94bbb6): update T set b = 17 where a = 1
2024-04-24T01:54:29,230  INFO [main] txn.TxnHandler: Added entries to MIN_HISTORY_LEVEL for current txns: ([23]) with min_open_txn: 22
2024-04-24T01:54:29,230  INFO [main] lockmgr.DbTxnManager: Opened txnid:23
2024-04-24T01:54:29,231  INFO [main] parse.UpdateDeleteSemanticAnalyzer: Starting caching scope for: 
2024-04-24T01:54:29,231  INFO [main] HiveMetaStore.audit: ugi=alex	ip=unknown-ip-addr	cmd=get_table : tbl=hive.default.T	
2024-04-24T01:54:29,237  INFO [main] metastore.HMSHandler: Skipping translation for processor with null
2024-04-24T01:54:29,238  INFO [main] parse.RewriteSemanticAnalyzer: Going to reparse <update T set b = 17 where a = 1> as 
<insert into table `default`.`T` select ROW__ID,`a`,`b` from `default`.`T` sort by ROW__ID >
2024-04-24T01:54:29,239  INFO [main] parse.UpdateDeleteSemanticAnalyzer: Starting Semantic Analysis
2024-04-24T01:54:29,242  INFO [main] HiveMetaStore.audit: ugi=alex	ip=unknown-ip-addr	cmd=get_table : tbl=hive.default.T	
2024-04-24T01:54:29,247  INFO [main] metastore.ObjectStore: Removed COLUMN_STATS_ACCURATE from Table's parameters.
2024-04-24T01:54:29,248  INFO [main] metastore.HMSHandler: Skipping translation for processor with null
2024-04-24T01:54:29,248  INFO [main] parse.UpdateDeleteSemanticAnalyzer: Completed phase 1 of Semantic Analysis
2024-04-24T01:54:29,249  INFO [main] parse.UpdateDeleteSemanticAnalyzer: Get metadata for source tables
2024-04-24T01:54:29,249  INFO [main] HiveMetaStore.audit: ugi=alex	ip=unknown-ip-addr	cmd=get_table : tbl=hive.default.t	
2024-04-24T01:54:29,253  INFO [main] metastore.ObjectStore: Removed COLUMN_STATS_ACCURATE from Table's parameters.
2024-04-24T01:54:29,255  INFO [main] metastore.HMSHandler: Skipping translation for processor with null
2024-04-24T01:54:29,255  INFO [main] parse.UpdateDeleteSemanticAnalyzer: Get metadata for subqueries
2024-04-24T01:54:29,255  INFO [main] parse.UpdateDeleteSemanticAnalyzer: Get metadata for destination tables
2024-04-24T01:54:29,255  INFO [main] HiveMetaStore.audit: ugi=alex	ip=unknown-ip-addr	cmd=get_table : tbl=hive.default.T	
2024-04-24T01:54:29,262  INFO [main] metastore.HMSHandler: Skipping translation for processor with null
2024-04-24T01:54:29,262  INFO [main] parse.UpdateDeleteSemanticAnalyzer: Completed getting MetaData in Semantic Analysis
2024-04-24T01:54:29,262  INFO [main] parse.UpdateDeleteSemanticAnalyzer: Disabling LLAP IO encode as ETL query is detected
2024-04-24T01:54:29,274  INFO [main] HiveMetaStore.audit: ugi=alex	ip=unknown-ip-addr	cmd=get_all_table_constraints : tbl=hive.default.t	
2024-04-24T01:54:29,285  INFO [main] HiveMetaStore.audit: ugi=alex	ip=unknown-ip-addr	cmd=get_not_null_constraints : tbl=hive.default.t	
2024-04-24T01:54:29,286  INFO [main] HiveMetaStore.audit: ugi=alex	ip=unknown-ip-addr	cmd=get_check_constraints : tbl=hive.default.t	
2024-04-24T01:54:29,380  INFO [main] calcite.RelOptHiveTable: Calculating column statistics for default.t, projIndxSet: [0], allowMissingStats: true
2024-04-24T01:54:29,381  INFO [main] HiveMetaStore.audit: ugi=alex	ip=unknown-ip-addr	cmd=get_table_statistics_req: table=hive.default.t	
2024-04-24T01:54:29,390  WARN [main] calcite.RelOptHiveTable: No Stats for default@t, Columns: a
No Stats for default@t, Columns: a
2024-04-24T01:54:29,390  INFO [main] SessionState: No Stats for default@t, Columns: a
2024-04-24T01:54:29,469  INFO [main] parse.UpdateDeleteSemanticAnalyzer: Get metadata for source tables
2024-04-24T01:54:29,469  INFO [main] parse.UpdateDeleteSemanticAnalyzer: Get metadata for subqueries
2024-04-24T01:54:29,469  INFO [main] parse.UpdateDeleteSemanticAnalyzer: Get metadata for destination tables
2024-04-24T01:54:29,469  INFO [main] HiveMetaStore.audit: ugi=alex	ip=unknown-ip-addr	cmd=get_table : tbl=hive.default.T	
2024-04-24T01:54:29,480  INFO [main] metastore.HMSHandler: Skipping translation for processor with null
2024-04-24T01:54:29,492 ERROR [main] parse.UpdateDeleteSemanticAnalyzer: CBO failed, skipping CBO. 
org.apache.hadoop.hive.ql.exec.NoMatchingMethodException: No matching method for class org.apache.hadoop.hive.ql.udf.UDFToInteger with (struct<writeid:bigint,bucketid:int,rowid:bigint>). Possible choices: _FUNC_(bigint)  _FUNC_(boolean)  _FUNC_(decimal(38,18))  _FUNC_(double)  _FUNC_(float)  _FUNC_(smallint)  _FUNC_(string)  _FUNC_(struct<writeid:bigint,rowid:bigint,bucketid:int>)  _FUNC_(timestamp)  _FUNC_(tinyint)  _FUNC_(void)  
	at org.apache.hadoop.hive.ql.exec.MethodUtils.getMethodInternal(MethodUtils.java:130) ~[classes/:?]
	at org.apache.hadoop.hive.ql.exec.MethodUtils.getMethodInternal(MethodUtils.java:60) ~[classes/:?]
	at org.apache.hadoop.hive.ql.exec.DefaultUDFMethodResolver.getEvalMethod(DefaultUDFMethodResolver.java:59) ~[classes/:?]
	at org.apache.hadoop.hive.ql.udf.TimestampCastRestrictorResolver.getEvalMethod(TimestampCastRestrictorResolver.java:68) ~[classes/:?]
	at org.apache.hadoop.hive.ql.udf.generic.GenericUDFBridge.initialize(GenericUDFBridge.java:168) ~[classes/:?]
	at org.apache.hadoop.hive.ql.udf.generic.GenericUDF.initializeAndFoldConstants(GenericUDF.java:149) ~[classes/:?]
	at org.apache.hadoop.hive.ql.plan.ExprNodeGenericFuncDesc.newInstance(ExprNodeGenericFuncDesc.java:235) ~[classes/:?]
	at org.apache.hadoop.hive.ql.parse.type.ExprNodeDescExprFactory.createFuncCallExpr(ExprNodeDescExprFactory.java:584) ~[classes/:?]
	at org.apache.hadoop.hive.ql.parse.type.ExprNodeDescExprFactory.createFuncCallExpr(ExprNodeDescExprFactory.java:97) ~[classes/:?]
	at org.apache.hadoop.hive.ql.parse.type.TypeCheckProcFactory$DefaultExprProcessor.getFuncExprNodeDescWithUdfData(TypeCheckProcFactory.java:762) ~[classes/:?]
	at org.apache.hadoop.hive.ql.parse.type.TypeCheckProcFactory$DefaultExprProcessor.createConversionCast(TypeCheckProcFactory.java:783) ~[classes/:?]
	at org.apache.hadoop.hive.ql.parse.SemanticAnalyzer.getPartitionColsFromBucketColsForUpdateDelete(SemanticAnalyzer.java:8725) ~[classes/:?]
	at org.apache.hadoop.hive.ql.parse.SemanticAnalyzer.genBucketingSortingDest(SemanticAnalyzer.java:6914) ~[classes/:?]
	at org.apache.hadoop.hive.ql.parse.SemanticAnalyzer.genFileSinkPlan(SemanticAnalyzer.java:7335) ~[classes/:?]
	at org.apache.hadoop.hive.ql.parse.SemanticAnalyzer.genPostGroupByBodyPlan(SemanticAnalyzer.java:11063) ~[classes/:?]
	at org.apache.hadoop.hive.ql.parse.SemanticAnalyzer.genBodyPlan(SemanticAnalyzer.java:10938) ~[classes/:?]
	at org.apache.hadoop.hive.ql.parse.SemanticAnalyzer.genPlan(SemanticAnalyzer.java:11853) ~[classes/:?]
	at org.apache.hadoop.hive.ql.parse.SemanticAnalyzer.genPlan(SemanticAnalyzer.java:11723) ~[classes/:?]
	at org.apache.hadoop.hive.ql.parse.CalcitePlanner.genOPTree(CalcitePlanner.java:626) ~[classes/:?]
	at org.apache.hadoop.hive.ql.parse.SemanticAnalyzer.analyzeInternal(SemanticAnalyzer.java:12558) ~[classes/:?]
	at org.apache.hadoop.hive.ql.parse.CalcitePlanner.analyzeInternal(CalcitePlanner.java:456) ~[classes/:?]
	at org.apache.hadoop.hive.ql.parse.RewriteSemanticAnalyzer.analyzeInternal(RewriteSemanticAnalyzer.java:67) ~[classes/:?]
	at org.apache.hadoop.hive.ql.parse.BaseSemanticAnalyzer.analyze(BaseSemanticAnalyzer.java:317) ~[classes/:?]
	at org.apache.hadoop.hive.ql.parse.UpdateDeleteSemanticAnalyzer.reparseAndSuperAnalyze(UpdateDeleteSemanticAnalyzer.java:208) ~[classes/:?]
	at org.apache.hadoop.hive.ql.parse.UpdateDeleteSemanticAnalyzer.analyzeUpdate(UpdateDeleteSemanticAnalyzer.java:63) ~[classes/:?]
	at org.apache.hadoop.hive.ql.parse.UpdateDeleteSemanticAnalyzer.analyze(UpdateDeleteSemanticAnalyzer.java:53) ~[classes/:?]
	at org.apache.hadoop.hive.ql.parse.RewriteSemanticAnalyzer.analyzeInternal(RewriteSemanticAnalyzer.java:72) ~[classes/:?]
	at org.apache.hadoop.hive.ql.parse.BaseSemanticAnalyzer.analyze(BaseSemanticAnalyzer.java:317) ~[classes/:?]
	at org.apache.hadoop.hive.ql.Compiler.analyze(Compiler.java:223) ~[classes/:?]
	at org.apache.hadoop.hive.ql.Compiler.compile(Compiler.java:105) ~[classes/:?]
	at org.apache.hadoop.hive.ql.Driver.compile(Driver.java:500) ~[classes/:?]
	at org.apache.hadoop.hive.ql.Driver.compileInternal(Driver.java:453) ~[classes/:?]
	at org.apache.hadoop.hive.ql.Driver.runInternal(Driver.java:181) ~[classes/:?]
	at org.apache.hadoop.hive.ql.Driver.run(Driver.java:153) ~[classes/:?]
	at org.apache.hadoop.hive.ql.Driver.run(Driver.java:140) ~[classes/:?]
	at org.apache.hadoop.hive.ql.TxnCommandsBaseForTests.runStatementOnDriver(TxnCommandsBaseForTests.java:245) ~[test-classes/:?]
	at org.apache.hadoop.hive.ql.TestTxnLoadData.loadDataUpdate(TestTxnLoadData.java:118) ~[test-classes/:?]
	at org.apache.hadoop.hive.ql.TestTxnLoadData.loadDataUpdate(TestTxnLoadData.java:71) ~[test-classes/:?]
	at sun.reflect.NativeMethodAccessorImpl.invoke0(Native Method) ~[?:1.8.0_402]
	at sun.reflect.NativeMethodAccessorImpl.invoke(NativeMethodAccessorImpl.java:62) ~[?:1.8.0_402]
	at sun.reflect.DelegatingMethodAccessorImpl.invoke(DelegatingMethodAccessorImpl.java:43) ~[?:1.8.0_402]
	at java.lang.reflect.Method.invoke(Method.java:498) ~[?:1.8.0_402]
	at org.junit.runners.model.FrameworkMethod$1.runReflectiveCall(FrameworkMethod.java:59) ~[junit-4.13.jar:4.13]
	at org.junit.internal.runners.model.ReflectiveCallable.run(ReflectiveCallable.java:12) ~[junit-4.13.jar:4.13]
	at org.junit.runners.model.FrameworkMethod.invokeExplosively(FrameworkMethod.java:56) ~[junit-4.13.jar:4.13]
	at org.junit.internal.runners.statements.InvokeMethod.evaluate(InvokeMethod.java:17) ~[junit-4.13.jar:4.13]
	at org.junit.internal.runners.statements.RunBefores.evaluate(RunBefores.java:26) ~[junit-4.13.jar:4.13]
	at org.junit.internal.runners.statements.RunAfters.evaluate(RunAfters.java:27) ~[junit-4.13.jar:4.13]
	at org.junit.rules.ExternalResource$1.evaluate(ExternalResource.java:54) ~[junit-4.13.jar:4.13]
	at org.junit.rules.TestWatcher$1.evaluate(TestWatcher.java:61) ~[junit-4.13.jar:4.13]
	at org.junit.runners.ParentRunner$3.evaluate(ParentRunner.java:306) ~[junit-4.13.jar:4.13]
	at org.junit.runners.BlockJUnit4ClassRunner$1.evaluate(BlockJUnit4ClassRunner.java:100) ~[junit-4.13.jar:4.13]
	at org.junit.runners.ParentRunner.runLeaf(ParentRunner.java:366) ~[junit-4.13.jar:4.13]
	at org.junit.runners.BlockJUnit4ClassRunner.runChild(BlockJUnit4ClassRunner.java:103) ~[junit-4.13.jar:4.13]
	at org.junit.runners.BlockJUnit4ClassRunner.runChild(BlockJUnit4ClassRunner.java:63) ~[junit-4.13.jar:4.13]
	at org.junit.runners.ParentRunner$4.run(ParentRunner.java:331) ~[junit-4.13.jar:4.13]
	at org.junit.runners.ParentRunner$1.schedule(ParentRunner.java:79) ~[junit-4.13.jar:4.13]
	at org.junit.runners.ParentRunner.runChildren(ParentRunner.java:329) ~[junit-4.13.jar:4.13]
	at org.junit.runners.ParentRunner.access$100(ParentRunner.java:66) ~[junit-4.13.jar:4.13]
	at org.junit.runners.ParentRunner$2.evaluate(ParentRunner.java:293) ~[junit-4.13.jar:4.13]
	at org.junit.runners.ParentRunner$3.evaluate(ParentRunner.java:306) ~[junit-4.13.jar:4.13]
	at org.junit.runners.ParentRunner.run(ParentRunner.java:413) ~[junit-4.13.jar:4.13]
	at org.junit.runner.JUnitCore.run(JUnitCore.java:137) ~[junit-4.13.jar:4.13]
	at org.junit.runner.JUnitCore.run(JUnitCore.java:115) ~[junit-4.13.jar:4.13]
	at org.junit.vintage.engine.execution.RunnerExecutor.execute(RunnerExecutor.java:43) ~[junit-vintage-engine-5.6.2.jar:5.6.2]
	at java.util.stream.ForEachOps$ForEachOp$OfRef.accept(ForEachOps.java:183) ~[?:1.8.0_402]
	at java.util.stream.ReferencePipeline$3$1.accept(ReferencePipeline.java:193) ~[?:1.8.0_402]
	at java.util.Iterator.forEachRemaining(Iterator.java:116) ~[?:1.8.0_402]
	at java.util.Spliterators$IteratorSpliterator.forEachRemaining(Spliterators.java:1801) ~[?:1.8.0_402]
	at java.util.stream.AbstractPipeline.copyInto(AbstractPipeline.java:482) ~[?:1.8.0_402]
	at java.util.stream.AbstractPipeline.wrapAndCopyInto(AbstractPipeline.java:472) ~[?:1.8.0_402]
	at java.util.stream.ForEachOps$ForEachOp.evaluateSequential(ForEachOps.java:150) ~[?:1.8.0_402]
	at java.util.stream.ForEachOps$ForEachOp$OfRef.evaluateSequential(ForEachOps.java:173) ~[?:1.8.0_402]
	at java.util.stream.AbstractPipeline.evaluate(AbstractPipeline.java:234) ~[?:1.8.0_402]
	at java.util.stream.ReferencePipeline.forEach(ReferencePipeline.java:485) ~[?:1.8.0_402]
	at org.junit.vintage.engine.VintageTestEngine.executeAllChildren(VintageTestEngine.java:82) ~[junit-vintage-engine-5.6.2.jar:5.6.2]
	at org.junit.vintage.engine.VintageTestEngine.execute(VintageTestEngine.java:73) ~[junit-vintage-engine-5.6.2.jar:5.6.2]
	at org.junit.platform.launcher.core.DefaultLauncher.execute(DefaultLauncher.java:248) ~[junit-platform-launcher-1.6.2.jar:1.6.2]
	at org.junit.platform.launcher.core.DefaultLauncher.lambda$execute$5(DefaultLauncher.java:211) ~[junit-platform-launcher-1.6.2.jar:1.6.2]
	at org.junit.platform.launcher.core.DefaultLauncher.withInterceptedStreams(DefaultLauncher.java:226) [junit-platform-launcher-1.6.2.jar:1.6.2]
	at org.junit.platform.launcher.core.DefaultLauncher.execute(DefaultLauncher.java:199) [junit-platform-launcher-1.6.2.jar:1.6.2]
	at org.junit.platform.launcher.core.DefaultLauncher.execute(DefaultLauncher.java:132) [junit-platform-launcher-1.6.2.jar:1.6.2]
	at org.apache.maven.surefire.junitplatform.JUnitPlatformProvider.invokeAllTests(JUnitPlatformProvider.java:154) [surefire-junit-platform-3.0.0-M4.jar:3.0.0-M4]
	at org.apache.maven.surefire.junitplatform.JUnitPlatformProvider.invoke(JUnitPlatformProvider.java:123) [surefire-junit-platform-3.0.0-M4.jar:3.0.0-M4]
	at org.apache.maven.surefire.booter.ForkedBooter.runSuitesInProcess(ForkedBooter.java:377) [surefire-booter-3.0.0-M4.jar:3.0.0-M4]
	at org.apache.maven.surefire.booter.ForkedBooter.execute(ForkedBooter.java:138) [surefire-booter-3.0.0-M4.jar:3.0.0-M4]
	at org.apache.maven.surefire.booter.ForkedBooter.run(ForkedBooter.java:465) [surefire-booter-3.0.0-M4.jar:3.0.0-M4]
	at org.apache.maven.surefire.booter.ForkedBooter.main(ForkedBooter.java:451) [surefire-booter-3.0.0-M4.jar:3.0.0-M4]
2024-04-24T01:54:29,494 ERROR [main] parse.UpdateDeleteSemanticAnalyzer: CBO failed due to missing column stats (see previous errors), skipping CBO
2024-04-24T01:54:29,494  INFO [main] parse.UpdateDeleteSemanticAnalyzer: Ending caching scope for: 
FAILED: NoMatchingMethodException No matching method for class org.apache.hadoop.hive.ql.udf.UDFToInteger with (struct<writeid:bigint,bucketid:int,rowid:bigint>). Possible choices: _FUNC_(bigint)  _FUNC_(boolean)  _FUNC_(decimal(38,18))  _FUNC_(double)  _FUNC_(float)  _FUNC_(smallint)  _FUNC_(string)  _FUNC_(struct<writeid:bigint,rowid:bigint,bucketid:int>)  _FUNC_(timestamp)  _FUNC_(tinyint)  _FUNC_(void)  
2024-04-24T01:54:29,496 ERROR [main] ql.Driver: FAILED: NoMatchingMethodException No matching method for class org.apache.hadoop.hive.ql.udf.UDFToInteger with (struct<writeid:bigint,bucketid:int,rowid:bigint>). Possible choices: _FUNC_(bigint)  _FUNC_(boolean)  _FUNC_(decimal(38,18))  _FUNC_(double)  _FUNC_(float)  _FUNC_(smallint)  _FUNC_(string)  _FUNC_(struct<writeid:bigint,rowid:bigint,bucketid:int>)  _FUNC_(timestamp)  _FUNC_(tinyint)  _FUNC_(void)  
org.apache.hadoop.hive.ql.exec.NoMatchingMethodException: No matching method for class org.apache.hadoop.hive.ql.udf.UDFToInteger with (struct<writeid:bigint,bucketid:int,rowid:bigint>). Possible choices: _FUNC_(bigint)  _FUNC_(boolean)  _FUNC_(decimal(38,18))  _FUNC_(double)  _FUNC_(float)  _FUNC_(smallint)  _FUNC_(string)  _FUNC_(struct<writeid:bigint,rowid:bigint,bucketid:int>)  _FUNC_(timestamp)  _FUNC_(tinyint)  _FUNC_(void)  
	at org.apache.hadoop.hive.ql.exec.MethodUtils.getMethodInternal(MethodUtils.java:130)
	at org.apache.hadoop.hive.ql.exec.MethodUtils.getMethodInternal(MethodUtils.java:60)
	at org.apache.hadoop.hive.ql.exec.DefaultUDFMethodResolver.getEvalMethod(DefaultUDFMethodResolver.java:59)
	at org.apache.hadoop.hive.ql.udf.TimestampCastRestrictorResolver.getEvalMethod(TimestampCastRestrictorResolver.java:68)
	at org.apache.hadoop.hive.ql.udf.generic.GenericUDFBridge.initialize(GenericUDFBridge.java:168)
	at org.apache.hadoop.hive.ql.udf.generic.GenericUDF.initializeAndFoldConstants(GenericUDF.java:149)
	at org.apache.hadoop.hive.ql.plan.ExprNodeGenericFuncDesc.newInstance(ExprNodeGenericFuncDesc.java:235)
	at org.apache.hadoop.hive.ql.parse.type.ExprNodeDescExprFactory.createFuncCallExpr(ExprNodeDescExprFactory.java:584)
	at org.apache.hadoop.hive.ql.parse.type.ExprNodeDescExprFactory.createFuncCallExpr(ExprNodeDescExprFactory.java:97)
	at org.apache.hadoop.hive.ql.parse.type.TypeCheckProcFactory$DefaultExprProcessor.getFuncExprNodeDescWithUdfData(TypeCheckProcFactory.java:762)
	at org.apache.hadoop.hive.ql.parse.type.TypeCheckProcFactory$DefaultExprProcessor.createConversionCast(TypeCheckProcFactory.java:783)
	at org.apache.hadoop.hive.ql.parse.SemanticAnalyzer.getPartitionColsFromBucketColsForUpdateDelete(SemanticAnalyzer.java:8725)
	at org.apache.hadoop.hive.ql.parse.SemanticAnalyzer.genBucketingSortingDest(SemanticAnalyzer.java:6914)
	at org.apache.hadoop.hive.ql.parse.SemanticAnalyzer.genFileSinkPlan(SemanticAnalyzer.java:7335)
	at org.apache.hadoop.hive.ql.parse.SemanticAnalyzer.genPostGroupByBodyPlan(SemanticAnalyzer.java:11063)
	at org.apache.hadoop.hive.ql.parse.SemanticAnalyzer.genBodyPlan(SemanticAnalyzer.java:10938)
	at org.apache.hadoop.hive.ql.parse.SemanticAnalyzer.genPlan(SemanticAnalyzer.java:11853)
	at org.apache.hadoop.hive.ql.parse.SemanticAnalyzer.genPlan(SemanticAnalyzer.java:11723)
	at org.apache.hadoop.hive.ql.parse.CalcitePlanner.genOPTree(CalcitePlanner.java:626)
	at org.apache.hadoop.hive.ql.parse.SemanticAnalyzer.analyzeInternal(SemanticAnalyzer.java:12558)
	at org.apache.hadoop.hive.ql.parse.CalcitePlanner.analyzeInternal(CalcitePlanner.java:456)
	at org.apache.hadoop.hive.ql.parse.RewriteSemanticAnalyzer.analyzeInternal(RewriteSemanticAnalyzer.java:67)
	at org.apache.hadoop.hive.ql.parse.BaseSemanticAnalyzer.analyze(BaseSemanticAnalyzer.java:317)
	at org.apache.hadoop.hive.ql.parse.UpdateDeleteSemanticAnalyzer.reparseAndSuperAnalyze(UpdateDeleteSemanticAnalyzer.java:208)
	at org.apache.hadoop.hive.ql.parse.UpdateDeleteSemanticAnalyzer.analyzeUpdate(UpdateDeleteSemanticAnalyzer.java:63)
	at org.apache.hadoop.hive.ql.parse.UpdateDeleteSemanticAnalyzer.analyze(UpdateDeleteSemanticAnalyzer.java:53)
	at org.apache.hadoop.hive.ql.parse.RewriteSemanticAnalyzer.analyzeInternal(RewriteSemanticAnalyzer.java:72)
	at org.apache.hadoop.hive.ql.parse.BaseSemanticAnalyzer.analyze(BaseSemanticAnalyzer.java:317)
	at org.apache.hadoop.hive.ql.Compiler.analyze(Compiler.java:223)
	at org.apache.hadoop.hive.ql.Compiler.compile(Compiler.java:105)
	at org.apache.hadoop.hive.ql.Driver.compile(Driver.java:500)
	at org.apache.hadoop.hive.ql.Driver.compileInternal(Driver.java:453)
	at org.apache.hadoop.hive.ql.Driver.runInternal(Driver.java:181)
	at org.apache.hadoop.hive.ql.Driver.run(Driver.java:153)
	at org.apache.hadoop.hive.ql.Driver.run(Driver.java:140)
	at org.apache.hadoop.hive.ql.TxnCommandsBaseForTests.runStatementOnDriver(TxnCommandsBaseForTests.java:245)
	at org.apache.hadoop.hive.ql.TestTxnLoadData.loadDataUpdate(TestTxnLoadData.java:118)
	at org.apache.hadoop.hive.ql.TestTxnLoadData.loadDataUpdate(TestTxnLoadData.java:71)
	at sun.reflect.NativeMethodAccessorImpl.invoke0(Native Method)
	at sun.reflect.NativeMethodAccessorImpl.invoke(NativeMethodAccessorImpl.java:62)
	at sun.reflect.DelegatingMethodAccessorImpl.invoke(DelegatingMethodAccessorImpl.java:43)
	at java.lang.reflect.Method.invoke(Method.java:498)
	at org.junit.runners.model.FrameworkMethod$1.runReflectiveCall(FrameworkMethod.java:59)
	at org.junit.internal.runners.model.ReflectiveCallable.run(ReflectiveCallable.java:12)
	at org.junit.runners.model.FrameworkMethod.invokeExplosively(FrameworkMethod.java:56)
	at org.junit.internal.runners.statements.InvokeMethod.evaluate(InvokeMethod.java:17)
	at org.junit.internal.runners.statements.RunBefores.evaluate(RunBefores.java:26)
	at org.junit.internal.runners.statements.RunAfters.evaluate(RunAfters.java:27)
	at org.junit.rules.ExternalResource$1.evaluate(ExternalResource.java:54)
	at org.junit.rules.TestWatcher$1.evaluate(TestWatcher.java:61)
	at org.junit.runners.ParentRunner$3.evaluate(ParentRunner.java:306)
	at org.junit.runners.BlockJUnit4ClassRunner$1.evaluate(BlockJUnit4ClassRunner.java:100)
	at org.junit.runners.ParentRunner.runLeaf(ParentRunner.java:366)
	at org.junit.runners.BlockJUnit4ClassRunner.runChild(BlockJUnit4ClassRunner.java:103)
	at org.junit.runners.BlockJUnit4ClassRunner.runChild(BlockJUnit4ClassRunner.java:63)
	at org.junit.runners.ParentRunner$4.run(ParentRunner.java:331)
	at org.junit.runners.ParentRunner$1.schedule(ParentRunner.java:79)
	at org.junit.runners.ParentRunner.runChildren(ParentRunner.java:329)
	at org.junit.runners.ParentRunner.access$100(ParentRunner.java:66)
	at org.junit.runners.ParentRunner$2.evaluate(ParentRunner.java:293)
	at org.junit.runners.ParentRunner$3.evaluate(ParentRunner.java:306)
	at org.junit.runners.ParentRunner.run(ParentRunner.java:413)
	at org.junit.runner.JUnitCore.run(JUnitCore.java:137)
	at org.junit.runner.JUnitCore.run(JUnitCore.java:115)
	at org.junit.vintage.engine.execution.RunnerExecutor.execute(RunnerExecutor.java:43)
	at java.util.stream.ForEachOps$ForEachOp$OfRef.accept(ForEachOps.java:183)
	at java.util.stream.ReferencePipeline$3$1.accept(ReferencePipeline.java:193)
	at java.util.Iterator.forEachRemaining(Iterator.java:116)
	at java.util.Spliterators$IteratorSpliterator.forEachRemaining(Spliterators.java:1801)
	at java.util.stream.AbstractPipeline.copyInto(AbstractPipeline.java:482)
	at java.util.stream.AbstractPipeline.wrapAndCopyInto(AbstractPipeline.java:472)
	at java.util.stream.ForEachOps$ForEachOp.evaluateSequential(ForEachOps.java:150)
	at java.util.stream.ForEachOps$ForEachOp$OfRef.evaluateSequential(ForEachOps.java:173)
	at java.util.stream.AbstractPipeline.evaluate(AbstractPipeline.java:234)
	at java.util.stream.ReferencePipeline.forEach(ReferencePipeline.java:485)
	at org.junit.vintage.engine.VintageTestEngine.executeAllChildren(VintageTestEngine.java:82)
	at org.junit.vintage.engine.VintageTestEngine.execute(VintageTestEngine.java:73)
	at org.junit.platform.launcher.core.DefaultLauncher.execute(DefaultLauncher.java:248)
	at org.junit.platform.launcher.core.DefaultLauncher.lambda$execute$5(DefaultLauncher.java:211)
	at org.junit.platform.launcher.core.DefaultLauncher.withInterceptedStreams(DefaultLauncher.java:226)
	at org.junit.platform.launcher.core.DefaultLauncher.execute(DefaultLauncher.java:199)
	at org.junit.platform.launcher.core.DefaultLauncher.execute(DefaultLauncher.java:132)
	at org.apache.maven.surefire.junitplatform.JUnitPlatformProvider.invokeAllTests(JUnitPlatformProvider.java:154)
	at org.apache.maven.surefire.junitplatform.JUnitPlatformProvider.invoke(JUnitPlatformProvider.java:123)
	at org.apache.maven.surefire.booter.ForkedBooter.runSuitesInProcess(ForkedBooter.java:377)
	at org.apache.maven.surefire.booter.ForkedBooter.execute(ForkedBooter.java:138)
	at org.apache.maven.surefire.booter.ForkedBooter.run(ForkedBooter.java:465)
	at org.apache.maven.surefire.booter.ForkedBooter.main(ForkedBooter.java:451)

2024-04-24T01:54:29,497  INFO [main] metadata.Hive: Dumping metastore api call timing information for : compilation phase
2024-04-24T01:54:29,497  INFO [main] metadata.Hive: Total time spent in each metastore function (ms): {getTable_(GetTableRequest)=36, isCompatibleWith_(Configuration)=1, getAllTableConstraints_(AllTableConstraintsRequest)=5, commitTxn_(CommitTxnRequest)=15, getNotNullConstraints_(NotNullConstraintsRequest)=1, flushCache_()=0, openTxn_(String, TxnType)=3, getValidWriteIds_(List, String)=2, getValidTxns_(long)=1, getCheckConstraints_(CheckConstraintsRequest)=1, getTableColumnStatistics_(String, String, List, String)=9}
2024-04-24T01:54:29,497  INFO [main] ql.Driver: Completed compiling command(queryId=alex_20240424015429_0ab33ed1-058f-44ff-94ac-0385ac94bbb6); Time taken: 0.272 seconds
2024-04-24T01:54:29,497  INFO [main] lockmgr.DbTxnManager: Stopped heartbeat for query: null
2024-04-24T01:54:29,502  INFO [main] txn.TxnHandler: Removed transactions: ([23]) from MIN_HISTORY_LEVEL
2024-04-24T01:54:29,511  INFO [main] ql.TxnCommandsBaseForTests: Running the query: drop table if exists acidTbl
2024-04-24T01:54:29,512  INFO [main] ql.Driver: Compiling command(queryId=alex_20240424015429_ea1e5f22-2b13-4983-899b-4c8b12294de1): drop table if exists acidTbl
2024-04-24T01:54:29,515  INFO [main] txn.TxnHandler: Added entries to MIN_HISTORY_LEVEL for current txns: ([24]) with min_open_txn: 22
2024-04-24T01:54:29,515  INFO [main] lockmgr.DbTxnManager: Opened txnid:24
2024-04-24T01:54:29,516  INFO [main] HiveMetaStore.audit: ugi=alex	ip=unknown-ip-addr	cmd=get_table : tbl=hive.default.acidTbl	
2024-04-24T01:54:29,522  INFO [main] metastore.HMSHandler: Skipping translation for processor with null
2024-04-24T01:54:29,523  INFO [main] ql.Driver: Semantic Analysis Completed (retrial = false)
2024-04-24T01:54:29,523  INFO [main] ql.Driver: Created Hive schema: Schema(fieldSchemas:null, properties:null)
2024-04-24T01:54:29,523  INFO [main] metadata.Hive: Dumping metastore api call timing information for : compilation phase
2024-04-24T01:54:29,523  INFO [main] metadata.Hive: Total time spent in each metastore function (ms): {getTable_(GetTableRequest)=7, rollbackTxn_(long)=12, isCompatibleWith_(Configuration)=1, flushCache_()=0, openTxn_(String, TxnType)=2, getValidTxns_(long)=1}
2024-04-24T01:54:29,523  INFO [main] ql.Driver: Completed compiling command(queryId=alex_20240424015429_ea1e5f22-2b13-4983-899b-4c8b12294de1); Time taken: 0.011 seconds
2024-04-24T01:54:29,523  INFO [main] lockmgr.DbTxnManager: Setting lock request transaction to txnid:24 for queryId=alex_20240424015429_ea1e5f22-2b13-4983-899b-4c8b12294de1
2024-04-24T01:54:29,524  INFO [main] lockmgr.DbLockManager: Requesting lock for queryId=alex_20240424015429_ea1e5f22-2b13-4983-899b-4c8b12294de1
2024-04-24T01:54:29,539  INFO [main] lockmgr.DbLockManager: Response to queryId=alex_20240424015429_ea1e5f22-2b13-4983-899b-4c8b12294de1 LockResponse(lockid:16, state:ACQUIRED)
2024-04-24T01:54:29,539  INFO [main] ql.Driver: Operation DROPTABLE obtained 1 locks
2024-04-24T01:54:29,539  INFO [main] ql.Driver: Executing command(queryId=alex_20240424015429_ea1e5f22-2b13-4983-899b-4c8b12294de1): drop table if exists acidTbl
2024-04-24T01:54:29,539  INFO [main] ql.Driver: Starting task [Stage-0:DDL] in serial mode
2024-04-24T01:54:29,539  INFO [main] HiveMetaStore.audit: ugi=alex	ip=unknown-ip-addr	cmd=get_table : tbl=hive.default.acidTbl	
2024-04-24T01:54:29,545  INFO [main] metastore.HMSHandler: Skipping translation for processor with null
2024-04-24T01:54:29,546  INFO [main] HiveMetaStore.audit: ugi=alex	ip=unknown-ip-addr	cmd=get_table : tbl=hive.default.acidTbl	
2024-04-24T01:54:29,552  INFO [main] metastore.HMSHandler: Skipping translation for processor with null
2024-04-24T01:54:29,552  INFO [main] HiveMetaStore.audit: ugi=alex	ip=unknown-ip-addr	cmd=drop_table : tbl=hive.default.acidTbl	
2024-04-24T01:54:29,658  INFO [main] metadata.Hive: Dumping metastore api call timing information for : execution phase
2024-04-24T01:54:29,658  INFO [main] metadata.Hive: Total time spent in each metastore function (ms): {getTable_(GetTableRequest)=7, dropTable_(String, String, boolean, boolean, boolean)=112, isCompatibleWith_(Configuration)=0}
2024-04-24T01:54:29,658  INFO [main] ql.Driver: Completed executing command(queryId=alex_20240424015429_ea1e5f22-2b13-4983-899b-4c8b12294de1); Time taken: 0.119 seconds
2024-04-24T01:54:29,658  INFO [main] lockmgr.DbTxnManager: Stopped heartbeat for query: alex_20240424015429_ea1e5f22-2b13-4983-899b-4c8b12294de1
2024-04-24T01:54:29,662  INFO [main] txn.TxnHandler: Expected to move at least one record from txn_components to completed_txn_components when committing txn! txnid:24
2024-04-24T01:54:29,668  INFO [main] txn.TxnHandler: Removed transactions: ([24]) from MIN_HISTORY_LEVEL
2024-04-24T01:54:29,669  WARN [main] txn.CompactionTxnHandler: No compaction queue record found for Compaction type transaction commit. txnId:24
2024-04-24T01:54:29,669  INFO [main] ql.TxnCommandsBaseForTests: Running the query: drop table if exists acidTblPart
2024-04-24T01:54:29,670  INFO [main] ql.Driver: Compiling command(queryId=alex_20240424015429_5c6ec103-d0fa-4e52-8eca-6c0616ab9880): drop table if exists acidTblPart
2024-04-24T01:54:29,679  INFO [main] txn.TxnHandler: Added entries to MIN_HISTORY_LEVEL for current txns: ([25]) with min_open_txn: 22
2024-04-24T01:54:29,679  INFO [main] lockmgr.DbTxnManager: Opened txnid:25
2024-04-24T01:54:29,681  INFO [main] HiveMetaStore.audit: ugi=alex	ip=unknown-ip-addr	cmd=get_table : tbl=hive.default.acidTblPart	
2024-04-24T01:54:29,695  INFO [main] metastore.HMSHandler: Skipping translation for processor with null
2024-04-24T01:54:29,695  INFO [main] ql.Driver: Semantic Analysis Completed (retrial = false)
2024-04-24T01:54:29,695  INFO [main] ql.Driver: Created Hive schema: Schema(fieldSchemas:null, properties:null)
2024-04-24T01:54:29,695  INFO [main] metadata.Hive: Dumping metastore api call timing information for : compilation phase
2024-04-24T01:54:29,695  INFO [main] metadata.Hive: Total time spent in each metastore function (ms): {openTxn_(String, TxnType)=9, commitTxn_(CommitTxnRequest)=11, getValidTxns_(long)=2, flushCache_()=0, getTable_(GetTableRequest)=14, isCompatibleWith_(Configuration)=0}
2024-04-24T01:54:29,695  INFO [main] ql.Driver: Completed compiling command(queryId=alex_20240424015429_5c6ec103-d0fa-4e52-8eca-6c0616ab9880); Time taken: 0.025 seconds
2024-04-24T01:54:29,695  INFO [main] lockmgr.DbTxnManager: Setting lock request transaction to txnid:25 for queryId=alex_20240424015429_5c6ec103-d0fa-4e52-8eca-6c0616ab9880
2024-04-24T01:54:29,696  INFO [main] lockmgr.DbLockManager: Requesting lock for queryId=alex_20240424015429_5c6ec103-d0fa-4e52-8eca-6c0616ab9880
2024-04-24T01:54:29,715  INFO [main] lockmgr.DbLockManager: Response to queryId=alex_20240424015429_5c6ec103-d0fa-4e52-8eca-6c0616ab9880 LockResponse(lockid:17, state:ACQUIRED)
2024-04-24T01:54:29,715  INFO [main] ql.Driver: Operation DROPTABLE obtained 1 locks
2024-04-24T01:54:29,715  INFO [main] ql.Driver: Executing command(queryId=alex_20240424015429_5c6ec103-d0fa-4e52-8eca-6c0616ab9880): drop table if exists acidTblPart
2024-04-24T01:54:29,715  INFO [main] ql.Driver: Starting task [Stage-0:DDL] in serial mode
2024-04-24T01:54:29,715  INFO [main] HiveMetaStore.audit: ugi=alex	ip=unknown-ip-addr	cmd=get_table : tbl=hive.default.acidTblPart	
2024-04-24T01:54:29,722  INFO [main] metastore.HMSHandler: Skipping translation for processor with null
2024-04-24T01:54:29,722  INFO [main] HiveMetaStore.audit: ugi=alex	ip=unknown-ip-addr	cmd=get_table : tbl=hive.default.acidTblPart	
2024-04-24T01:54:29,728  INFO [main] metastore.HMSHandler: Skipping translation for processor with null
2024-04-24T01:54:29,728  INFO [main] HiveMetaStore.audit: ugi=alex	ip=unknown-ip-addr	cmd=drop_table : tbl=hive.default.acidTblPart	
2024-04-24T01:54:29,768  INFO [main] metadata.Hive: Dumping metastore api call timing information for : execution phase
2024-04-24T01:54:29,769  INFO [main] metadata.Hive: Total time spent in each metastore function (ms): {isCompatibleWith_(Configuration)=0, getTable_(GetTableRequest)=7, dropTable_(String, String, boolean, boolean, boolean)=46}
2024-04-24T01:54:29,769  INFO [main] ql.Driver: Completed executing command(queryId=alex_20240424015429_5c6ec103-d0fa-4e52-8eca-6c0616ab9880); Time taken: 0.053 seconds
2024-04-24T01:54:29,769  INFO [main] lockmgr.DbTxnManager: Stopped heartbeat for query: alex_20240424015429_5c6ec103-d0fa-4e52-8eca-6c0616ab9880
2024-04-24T01:54:29,772  INFO [main] txn.TxnHandler: Expected to move at least one record from txn_components to completed_txn_components when committing txn! txnid:25
2024-04-24T01:54:29,778  INFO [main] txn.TxnHandler: Removed transactions: ([25]) from MIN_HISTORY_LEVEL
2024-04-24T01:54:29,778  WARN [main] txn.CompactionTxnHandler: No compaction queue record found for Compaction type transaction commit. txnId:25
2024-04-24T01:54:29,779  INFO [main] ql.TxnCommandsBaseForTests: Running the query: drop table if exists acidTbl2
2024-04-24T01:54:29,779  INFO [main] ql.Driver: Compiling command(queryId=alex_20240424015429_e3dd8d7a-ee69-4c9d-a6db-617dc3b5c399): drop table if exists acidTbl2
2024-04-24T01:54:29,781  INFO [main] txn.TxnHandler: Added entries to MIN_HISTORY_LEVEL for current txns: ([26]) with min_open_txn: 22
2024-04-24T01:54:29,782  INFO [main] lockmgr.DbTxnManager: Opened txnid:26
2024-04-24T01:54:29,783  INFO [main] ql.Driver: Semantic Analysis Completed (retrial = false)
2024-04-24T01:54:29,783  INFO [main] ql.Driver: Created Hive schema: Schema(fieldSchemas:null, properties:null)
2024-04-24T01:54:29,783  INFO [main] metadata.Hive: Dumping metastore api call timing information for : compilation phase
2024-04-24T01:54:29,783  INFO [main] metadata.Hive: Total time spent in each metastore function (ms): {openTxn_(String, TxnType)=3, getTable_(GetTableRequest)=0, commitTxn_(CommitTxnRequest)=9, flushCache_()=0, getValidTxns_(long)=0, isCompatibleWith_(Configuration)=0}
2024-04-24T01:54:29,783  INFO [main] ql.Driver: Completed compiling command(queryId=alex_20240424015429_e3dd8d7a-ee69-4c9d-a6db-617dc3b5c399); Time taken: 0.004 seconds
2024-04-24T01:54:29,783  INFO [main] lockmgr.DbTxnManager: Setting lock request transaction to txnid:26 for queryId=alex_20240424015429_e3dd8d7a-ee69-4c9d-a6db-617dc3b5c399
2024-04-24T01:54:29,784  INFO [main] ql.Driver: Operation DROPTABLE obtained 0 locks
2024-04-24T01:54:29,784  INFO [main] ql.Driver: Executing command(queryId=alex_20240424015429_e3dd8d7a-ee69-4c9d-a6db-617dc3b5c399): drop table if exists acidTbl2
2024-04-24T01:54:29,784  INFO [main] ql.Driver: Starting task [Stage-0:DDL] in serial mode
2024-04-24T01:54:29,784  INFO [main] metadata.SessionHiveMetaStoreClient: Column stats doesn't exist for db=default temp table=acidTbl2
2024-04-24T01:54:29,785  INFO [main] metadata.Hive: Dumping metastore api call timing information for : execution phase
2024-04-24T01:54:29,785  INFO [main] metadata.Hive: Total time spent in each metastore function (ms): {getTable_(GetTableRequest)=0, isCompatibleWith_(Configuration)=0, dropTable_(String, String, boolean, boolean, boolean)=0}
2024-04-24T01:54:29,785  INFO [main] ql.Driver: Completed executing command(queryId=alex_20240424015429_e3dd8d7a-ee69-4c9d-a6db-617dc3b5c399); Time taken: 0.001 seconds
2024-04-24T01:54:29,785  INFO [main] lockmgr.DbTxnManager: Stopped heartbeat for query: alex_20240424015429_e3dd8d7a-ee69-4c9d-a6db-617dc3b5c399
2024-04-24T01:54:29,790  INFO [main] txn.TxnHandler: Expected to move at least one record from txn_components to completed_txn_components when committing txn! txnid:26
2024-04-24T01:54:29,797  INFO [main] txn.TxnHandler: Removed transactions: ([26]) from MIN_HISTORY_LEVEL
2024-04-24T01:54:29,797  WARN [main] txn.CompactionTxnHandler: No compaction queue record found for Compaction type transaction commit. txnId:26
2024-04-24T01:54:29,797  INFO [main] ql.TxnCommandsBaseForTests: Running the query: drop table if exists nonAcidOrcTbl
2024-04-24T01:54:29,798  INFO [main] ql.Driver: Compiling command(queryId=alex_20240424015429_eba46c3e-a5fe-436f-a253-56564ff5d0cd): drop table if exists nonAcidOrcTbl
2024-04-24T01:54:29,800  INFO [main] txn.TxnHandler: Added entries to MIN_HISTORY_LEVEL for current txns: ([27]) with min_open_txn: 22
2024-04-24T01:54:29,800  INFO [main] lockmgr.DbTxnManager: Opened txnid:27
2024-04-24T01:54:29,801  INFO [main] HiveMetaStore.audit: ugi=alex	ip=unknown-ip-addr	cmd=get_table : tbl=hive.default.nonAcidOrcTbl	
2024-04-24T01:54:29,825  INFO [main] metastore.HMSHandler: Skipping translation for processor with null
2024-04-24T01:54:29,825  INFO [main] ql.Driver: Semantic Analysis Completed (retrial = false)
2024-04-24T01:54:29,825  INFO [main] ql.Driver: Created Hive schema: Schema(fieldSchemas:null, properties:null)
2024-04-24T01:54:29,825  INFO [main] metadata.Hive: Dumping metastore api call timing information for : compilation phase
2024-04-24T01:54:29,826  INFO [main] metadata.Hive: Total time spent in each metastore function (ms): {commitTxn_(CommitTxnRequest)=12, getValidTxns_(long)=1, openTxn_(String, TxnType)=2, flushCache_()=0, getTable_(GetTableRequest)=24, isCompatibleWith_(Configuration)=0}
2024-04-24T01:54:29,826  INFO [main] ql.Driver: Completed compiling command(queryId=alex_20240424015429_eba46c3e-a5fe-436f-a253-56564ff5d0cd); Time taken: 0.027 seconds
2024-04-24T01:54:29,826  INFO [main] lockmgr.DbTxnManager: Setting lock request transaction to txnid:27 for queryId=alex_20240424015429_eba46c3e-a5fe-436f-a253-56564ff5d0cd
2024-04-24T01:54:29,826  INFO [main] lockmgr.DbLockManager: Requesting lock for queryId=alex_20240424015429_eba46c3e-a5fe-436f-a253-56564ff5d0cd
2024-04-24T01:54:29,843  INFO [main] lockmgr.DbLockManager: Response to queryId=alex_20240424015429_eba46c3e-a5fe-436f-a253-56564ff5d0cd LockResponse(lockid:18, state:ACQUIRED)
2024-04-24T01:54:29,843  INFO [main] ql.Driver: Operation DROPTABLE obtained 1 locks
2024-04-24T01:54:29,843  INFO [main] ql.Driver: Executing command(queryId=alex_20240424015429_eba46c3e-a5fe-436f-a253-56564ff5d0cd): drop table if exists nonAcidOrcTbl
2024-04-24T01:54:29,843  INFO [main] ql.Driver: Starting task [Stage-0:DDL] in serial mode
2024-04-24T01:54:29,843  INFO [main] HiveMetaStore.audit: ugi=alex	ip=unknown-ip-addr	cmd=get_table : tbl=hive.default.nonAcidOrcTbl	
2024-04-24T01:54:29,852  INFO [main] metastore.HMSHandler: Skipping translation for processor with null
2024-04-24T01:54:29,853  INFO [main] HiveMetaStore.audit: ugi=alex	ip=unknown-ip-addr	cmd=get_table : tbl=hive.default.nonAcidOrcTbl	
2024-04-24T01:54:29,862  INFO [main] metastore.HMSHandler: Skipping translation for processor with null
2024-04-24T01:54:29,862  INFO [main] HiveMetaStore.audit: ugi=alex	ip=unknown-ip-addr	cmd=drop_table : tbl=hive.default.nonAcidOrcTbl	
2024-04-24T01:54:29,895  INFO [main] metadata.Hive: Dumping metastore api call timing information for : execution phase
2024-04-24T01:54:29,895  INFO [main] metadata.Hive: Total time spent in each metastore function (ms): {getTable_(GetTableRequest)=10, dropTable_(String, String, boolean, boolean, boolean)=42, isCompatibleWith_(Configuration)=0}
2024-04-24T01:54:29,895  INFO [main] ql.Driver: Completed executing command(queryId=alex_20240424015429_eba46c3e-a5fe-436f-a253-56564ff5d0cd); Time taken: 0.052 seconds
2024-04-24T01:54:29,895  INFO [main] lockmgr.DbTxnManager: Stopped heartbeat for query: alex_20240424015429_eba46c3e-a5fe-436f-a253-56564ff5d0cd
2024-04-24T01:54:29,900  INFO [main] txn.TxnHandler: Expected to move at least one record from txn_components to completed_txn_components when committing txn! txnid:27
2024-04-24T01:54:29,906  INFO [main] txn.TxnHandler: Removed transactions: ([27]) from MIN_HISTORY_LEVEL
2024-04-24T01:54:29,906  WARN [main] txn.CompactionTxnHandler: No compaction queue record found for Compaction type transaction commit. txnId:27
2024-04-24T01:54:29,906  INFO [main] ql.TxnCommandsBaseForTests: Running the query: drop table if exists nonAcidOrcTbl2
2024-04-24T01:54:29,907  INFO [main] ql.Driver: Compiling command(queryId=alex_20240424015429_c686f079-74a8-4296-908e-5895c33d003b): drop table if exists nonAcidOrcTbl2
2024-04-24T01:54:29,909  INFO [main] txn.TxnHandler: Added entries to MIN_HISTORY_LEVEL for current txns: ([28]) with min_open_txn: 22
2024-04-24T01:54:29,910  INFO [main] lockmgr.DbTxnManager: Opened txnid:28
2024-04-24T01:54:29,911  INFO [main] HiveMetaStore.audit: ugi=alex	ip=unknown-ip-addr	cmd=get_table : tbl=hive.default.nonAcidOrcTbl2	
2024-04-24T01:54:29,919  INFO [main] metastore.HMSHandler: Skipping translation for processor with null
2024-04-24T01:54:29,920  INFO [main] ql.Driver: Semantic Analysis Completed (retrial = false)
2024-04-24T01:54:29,920  INFO [main] ql.Driver: Created Hive schema: Schema(fieldSchemas:null, properties:null)
2024-04-24T01:54:29,920  INFO [main] metadata.Hive: Dumping metastore api call timing information for : compilation phase
2024-04-24T01:54:29,920  INFO [main] metadata.Hive: Total time spent in each metastore function (ms): {flushCache_()=0, getValidTxns_(long)=1, isCompatibleWith_(Configuration)=0, getTable_(GetTableRequest)=9, commitTxn_(CommitTxnRequest)=11, openTxn_(String, TxnType)=3}
2024-04-24T01:54:29,920  INFO [main] ql.Driver: Completed compiling command(queryId=alex_20240424015429_c686f079-74a8-4296-908e-5895c33d003b); Time taken: 0.013 seconds
2024-04-24T01:54:29,920  INFO [main] lockmgr.DbTxnManager: Setting lock request transaction to txnid:28 for queryId=alex_20240424015429_c686f079-74a8-4296-908e-5895c33d003b
2024-04-24T01:54:29,921  INFO [main] lockmgr.DbLockManager: Requesting lock for queryId=alex_20240424015429_c686f079-74a8-4296-908e-5895c33d003b
2024-04-24T01:54:29,935  INFO [main] lockmgr.DbLockManager: Response to queryId=alex_20240424015429_c686f079-74a8-4296-908e-5895c33d003b LockResponse(lockid:19, state:ACQUIRED)
2024-04-24T01:54:29,935  INFO [main] ql.Driver: Operation DROPTABLE obtained 1 locks
2024-04-24T01:54:29,935  INFO [main] ql.Driver: Executing command(queryId=alex_20240424015429_c686f079-74a8-4296-908e-5895c33d003b): drop table if exists nonAcidOrcTbl2
2024-04-24T01:54:29,936  INFO [main] ql.Driver: Starting task [Stage-0:DDL] in serial mode
2024-04-24T01:54:29,936  INFO [main] HiveMetaStore.audit: ugi=alex	ip=unknown-ip-addr	cmd=get_table : tbl=hive.default.nonAcidOrcTbl2	
2024-04-24T01:54:29,944  INFO [main] metastore.HMSHandler: Skipping translation for processor with null
2024-04-24T01:54:29,944  INFO [main] HiveMetaStore.audit: ugi=alex	ip=unknown-ip-addr	cmd=get_table : tbl=hive.default.nonAcidOrcTbl2	
2024-04-24T01:54:29,953  INFO [main] metastore.HMSHandler: Skipping translation for processor with null
2024-04-24T01:54:29,953  INFO [main] HiveMetaStore.audit: ugi=alex	ip=unknown-ip-addr	cmd=drop_table : tbl=hive.default.nonAcidOrcTbl2	
2024-04-24T01:54:29,985  INFO [main] metadata.Hive: Dumping metastore api call timing information for : execution phase
2024-04-24T01:54:29,985  INFO [main] metadata.Hive: Total time spent in each metastore function (ms): {getTable_(GetTableRequest)=8, isCompatibleWith_(Configuration)=0, dropTable_(String, String, boolean, boolean, boolean)=40}
2024-04-24T01:54:29,985  INFO [main] ql.Driver: Completed executing command(queryId=alex_20240424015429_c686f079-74a8-4296-908e-5895c33d003b); Time taken: 0.05 seconds
2024-04-24T01:54:29,985  INFO [main] lockmgr.DbTxnManager: Stopped heartbeat for query: alex_20240424015429_c686f079-74a8-4296-908e-5895c33d003b
2024-04-24T01:54:29,989  INFO [main] txn.TxnHandler: Expected to move at least one record from txn_components to completed_txn_components when committing txn! txnid:28
2024-04-24T01:54:29,995  INFO [main] txn.TxnHandler: Removed transactions: ([28]) from MIN_HISTORY_LEVEL
2024-04-24T01:54:29,995  WARN [main] txn.CompactionTxnHandler: No compaction queue record found for Compaction type transaction commit. txnId:28
2024-04-24T01:54:29,996  INFO [main] ql.TxnCommandsBaseForTests: Running the query: drop table if exists nonAcidNonBucket
2024-04-24T01:54:29,996  INFO [main] ql.Driver: Compiling command(queryId=alex_20240424015429_18a469e6-1379-4c97-992a-4f8672b80de6): drop table if exists nonAcidNonBucket
2024-04-24T01:54:29,998  INFO [main] txn.TxnHandler: Added entries to MIN_HISTORY_LEVEL for current txns: ([29]) with min_open_txn: 22
2024-04-24T01:54:29,999  INFO [main] lockmgr.DbTxnManager: Opened txnid:29
2024-04-24T01:54:29,999  INFO [main] HiveMetaStore.audit: ugi=alex	ip=unknown-ip-addr	cmd=get_table : tbl=hive.default.nonAcidNonBucket	
2024-04-24T01:54:30,008  INFO [main] metastore.HMSHandler: Skipping translation for processor with null
2024-04-24T01:54:30,008  INFO [main] ql.Driver: Semantic Analysis Completed (retrial = false)
2024-04-24T01:54:30,008  INFO [main] ql.Driver: Created Hive schema: Schema(fieldSchemas:null, properties:null)
2024-04-24T01:54:30,008  INFO [main] metadata.Hive: Dumping metastore api call timing information for : compilation phase
2024-04-24T01:54:30,009  INFO [main] metadata.Hive: Total time spent in each metastore function (ms): {commitTxn_(CommitTxnRequest)=11, openTxn_(String, TxnType)=3, getValidTxns_(long)=0, isCompatibleWith_(Configuration)=0, getTable_(GetTableRequest)=9, flushCache_()=0}
2024-04-24T01:54:30,009  INFO [main] ql.Driver: Completed compiling command(queryId=alex_20240424015429_18a469e6-1379-4c97-992a-4f8672b80de6); Time taken: 0.012 seconds
2024-04-24T01:54:30,009  INFO [main] lockmgr.DbTxnManager: Setting lock request transaction to txnid:29 for queryId=alex_20240424015429_18a469e6-1379-4c97-992a-4f8672b80de6
2024-04-24T01:54:30,010  INFO [main] lockmgr.DbLockManager: Requesting lock for queryId=alex_20240424015429_18a469e6-1379-4c97-992a-4f8672b80de6
2024-04-24T01:54:30,025  INFO [main] lockmgr.DbLockManager: Response to queryId=alex_20240424015429_18a469e6-1379-4c97-992a-4f8672b80de6 LockResponse(lockid:20, state:ACQUIRED)
2024-04-24T01:54:30,025  INFO [main] ql.Driver: Operation DROPTABLE obtained 1 locks
2024-04-24T01:54:30,025  INFO [main] ql.Driver: Executing command(queryId=alex_20240424015429_18a469e6-1379-4c97-992a-4f8672b80de6): drop table if exists nonAcidNonBucket
2024-04-24T01:54:30,025  INFO [main] ql.Driver: Starting task [Stage-0:DDL] in serial mode
2024-04-24T01:54:30,025  INFO [main] HiveMetaStore.audit: ugi=alex	ip=unknown-ip-addr	cmd=get_table : tbl=hive.default.nonAcidNonBucket	
2024-04-24T01:54:30,035  INFO [main] metastore.HMSHandler: Skipping translation for processor with null
2024-04-24T01:54:30,035  INFO [main] HiveMetaStore.audit: ugi=alex	ip=unknown-ip-addr	cmd=get_table : tbl=hive.default.nonAcidNonBucket	
2024-04-24T01:54:30,044  INFO [main] metastore.HMSHandler: Skipping translation for processor with null
2024-04-24T01:54:30,044  INFO [main] HiveMetaStore.audit: ugi=alex	ip=unknown-ip-addr	cmd=drop_table : tbl=hive.default.nonAcidNonBucket	
2024-04-24T01:54:30,077  INFO [main] metadata.Hive: Dumping metastore api call timing information for : execution phase
2024-04-24T01:54:30,077  INFO [main] metadata.Hive: Total time spent in each metastore function (ms): {getTable_(GetTableRequest)=10, dropTable_(String, String, boolean, boolean, boolean)=41, isCompatibleWith_(Configuration)=0}
2024-04-24T01:54:30,077  INFO [main] ql.Driver: Completed executing command(queryId=alex_20240424015429_18a469e6-1379-4c97-992a-4f8672b80de6); Time taken: 0.052 seconds
2024-04-24T01:54:30,077  INFO [main] lockmgr.DbTxnManager: Stopped heartbeat for query: alex_20240424015429_18a469e6-1379-4c97-992a-4f8672b80de6
2024-04-24T01:54:30,081  INFO [main] txn.TxnHandler: Expected to move at least one record from txn_components to completed_txn_components when committing txn! txnid:29
2024-04-24T01:54:30,086  INFO [main] txn.TxnHandler: Removed transactions: ([29]) from MIN_HISTORY_LEVEL
2024-04-24T01:54:30,086  WARN [main] txn.CompactionTxnHandler: No compaction queue record found for Compaction type transaction commit. txnId:29
2024-04-24T01:54:30,087  INFO [main] utils.TestTxnDbUtil: Cleaning transactional tables
]]></system-err>
  </testcase>
  <testcase name="testAbort" classname="org.apache.hadoop.hive.ql.TestTxnLoadData" time="6.531"/>
  <testcase name="testMMOrcTable" classname="org.apache.hadoop.hive.ql.TestTxnLoadData" time="4.429"/>
  <testcase name="testMultiStatement" classname="org.apache.hadoop.hive.ql.TestTxnLoadData" time="13.463"/>
  <testcase name="loadDataPartitioned" classname="org.apache.hadoop.hive.ql.TestTxnLoadData" time="12.326"/>
  <testcase name="loadDataUpdateVectorized" classname="org.apache.hadoop.hive.ql.TestTxnLoadData" time="5.206">
    <error type="java.lang.RuntimeException"><![CDATA[java.lang.RuntimeException: update T set b = 17 where a = 1 failed: (responseCode = 40000, errorMessage = FAILED: NoMatchingMethodException No matching method for class org.apache.hadoop.hive.ql.udf.UDFToInteger with (struct<writeid:bigint,bucketid:int,rowid:bigint>). Possible choices: _FUNC_(bigint)  _FUNC_(boolean)  _FUNC_(decimal(38,18))  _FUNC_(double)  _FUNC_(float)  _FUNC_(smallint)  _FUNC_(string)  _FUNC_(struct<writeid:bigint,rowid:bigint,bucketid:int>)  _FUNC_(timestamp)  _FUNC_(tinyint)  _FUNC_(void)  , hiveErrorCode = 40000, SQLState = 42000, exception = No matching method for class org.apache.hadoop.hive.ql.udf.UDFToInteger with (struct<writeid:bigint,bucketid:int,rowid:bigint>). Possible choices: _FUNC_(bigint)  _FUNC_(boolean)  _FUNC_(decimal(38,18))  _FUNC_(double)  _FUNC_(float)  _FUNC_(smallint)  _FUNC_(string)  _FUNC_(struct<writeid:bigint,rowid:bigint,bucketid:int>)  _FUNC_(timestamp)  _FUNC_(tinyint)  _FUNC_(void)  )
	at org.apache.hadoop.hive.ql.TxnCommandsBaseForTests.runStatementOnDriver(TxnCommandsBaseForTests.java:247)
	at org.apache.hadoop.hive.ql.TestTxnLoadData.loadDataUpdate(TestTxnLoadData.java:118)
	at org.apache.hadoop.hive.ql.TestTxnLoadData.loadDataUpdateVectorized(TestTxnLoadData.java:76)
	at sun.reflect.NativeMethodAccessorImpl.invoke0(Native Method)
	at sun.reflect.NativeMethodAccessorImpl.invoke(NativeMethodAccessorImpl.java:62)
	at sun.reflect.DelegatingMethodAccessorImpl.invoke(DelegatingMethodAccessorImpl.java:43)
	at java.lang.reflect.Method.invoke(Method.java:498)
	at org.junit.runners.model.FrameworkMethod$1.runReflectiveCall(FrameworkMethod.java:59)
	at org.junit.internal.runners.model.ReflectiveCallable.run(ReflectiveCallable.java:12)
	at org.junit.runners.model.FrameworkMethod.invokeExplosively(FrameworkMethod.java:56)
	at org.junit.internal.runners.statements.InvokeMethod.evaluate(InvokeMethod.java:17)
	at org.junit.internal.runners.statements.RunBefores.evaluate(RunBefores.java:26)
	at org.junit.internal.runners.statements.RunAfters.evaluate(RunAfters.java:27)
	at org.junit.rules.ExternalResource$1.evaluate(ExternalResource.java:54)
	at org.junit.rules.TestWatcher$1.evaluate(TestWatcher.java:61)
	at org.junit.runners.ParentRunner$3.evaluate(ParentRunner.java:306)
	at org.junit.runners.BlockJUnit4ClassRunner$1.evaluate(BlockJUnit4ClassRunner.java:100)
	at org.junit.runners.ParentRunner.runLeaf(ParentRunner.java:366)
	at org.junit.runners.BlockJUnit4ClassRunner.runChild(BlockJUnit4ClassRunner.java:103)
	at org.junit.runners.BlockJUnit4ClassRunner.runChild(BlockJUnit4ClassRunner.java:63)
	at org.junit.runners.ParentRunner$4.run(ParentRunner.java:331)
	at org.junit.runners.ParentRunner$1.schedule(ParentRunner.java:79)
	at org.junit.runners.ParentRunner.runChildren(ParentRunner.java:329)
	at org.junit.runners.ParentRunner.access$100(ParentRunner.java:66)
	at org.junit.runners.ParentRunner$2.evaluate(ParentRunner.java:293)
	at org.junit.runners.ParentRunner$3.evaluate(ParentRunner.java:306)
	at org.junit.runners.ParentRunner.run(ParentRunner.java:413)
	at org.junit.runner.JUnitCore.run(JUnitCore.java:137)
	at org.junit.runner.JUnitCore.run(JUnitCore.java:115)
	at org.junit.vintage.engine.execution.RunnerExecutor.execute(RunnerExecutor.java:43)
	at java.util.stream.ForEachOps$ForEachOp$OfRef.accept(ForEachOps.java:183)
	at java.util.stream.ReferencePipeline$3$1.accept(ReferencePipeline.java:193)
	at java.util.Iterator.forEachRemaining(Iterator.java:116)
	at java.util.Spliterators$IteratorSpliterator.forEachRemaining(Spliterators.java:1801)
	at java.util.stream.AbstractPipeline.copyInto(AbstractPipeline.java:482)
	at java.util.stream.AbstractPipeline.wrapAndCopyInto(AbstractPipeline.java:472)
	at java.util.stream.ForEachOps$ForEachOp.evaluateSequential(ForEachOps.java:150)
	at java.util.stream.ForEachOps$ForEachOp$OfRef.evaluateSequential(ForEachOps.java:173)
	at java.util.stream.AbstractPipeline.evaluate(AbstractPipeline.java:234)
	at java.util.stream.ReferencePipeline.forEach(ReferencePipeline.java:485)
	at org.junit.vintage.engine.VintageTestEngine.executeAllChildren(VintageTestEngine.java:82)
	at org.junit.vintage.engine.VintageTestEngine.execute(VintageTestEngine.java:73)
	at org.junit.platform.launcher.core.DefaultLauncher.execute(DefaultLauncher.java:248)
	at org.junit.platform.launcher.core.DefaultLauncher.lambda$execute$5(DefaultLauncher.java:211)
	at org.junit.platform.launcher.core.DefaultLauncher.withInterceptedStreams(DefaultLauncher.java:226)
	at org.junit.platform.launcher.core.DefaultLauncher.execute(DefaultLauncher.java:199)
	at org.junit.platform.launcher.core.DefaultLauncher.execute(DefaultLauncher.java:132)
	at org.apache.maven.surefire.junitplatform.JUnitPlatformProvider.invokeAllTests(JUnitPlatformProvider.java:154)
	at org.apache.maven.surefire.junitplatform.JUnitPlatformProvider.invoke(JUnitPlatformProvider.java:123)
	at org.apache.maven.surefire.booter.ForkedBooter.runSuitesInProcess(ForkedBooter.java:377)
	at org.apache.maven.surefire.booter.ForkedBooter.execute(ForkedBooter.java:138)
	at org.apache.maven.surefire.booter.ForkedBooter.run(ForkedBooter.java:465)
	at org.apache.maven.surefire.booter.ForkedBooter.main(ForkedBooter.java:451)
]]></error>
    <system-err><![CDATA[2024-04-24T01:55:06,906  WARN [main] conf.HiveConf: HiveConf of name hive.dummyparam.test.server.specific.config.hivesite does not exist
2024-04-24T01:55:06,906  WARN [main] conf.HiveConf: HiveConf of name hive.metastore.client.cache.maxSize does not exist
2024-04-24T01:55:06,906  WARN [main] conf.HiveConf: HiveConf of name hive.llap.io.cache.orc.alloc.min does not exist
2024-04-24T01:55:06,906  WARN [main] conf.HiveConf: HiveConf of name hive.llap.io.cache.orc.alloc.max does not exist
2024-04-24T01:55:06,906  WARN [main] conf.HiveConf: HiveConf of name hive.stats.key.prefix.reserve.length does not exist
2024-04-24T01:55:06,906  WARN [main] conf.HiveConf: HiveConf of name hive.llap.io.cache.orc.arena.size does not exist
2024-04-24T01:55:06,906  WARN [main] conf.HiveConf: HiveConf of name hive.metastore.metadb.dir does not exist
2024-04-24T01:55:06,906  WARN [main] conf.HiveConf: HiveConf of name hive.llap.io.cache.orc.size does not exist
2024-04-24T01:55:06,906  WARN [main] conf.HiveConf: HiveConf of name hive.dummyparam.test.server.specific.config.metastoresite does not exist
2024-04-24T01:55:06,906  WARN [main] conf.HiveConf: HiveConf of name hive.dummyparam.test.server.specific.config.override does not exist
2024-04-24T01:55:06,906  WARN [main] conf.HiveConf: HiveConf of name hive.metastore.client.cache.recordStats does not exist
2024-04-24T01:55:06,908  INFO [main] utils.TestTxnDbUtil: Creating transactional tables
Hive Session ID = 9fc47fff-cafa-47ec-954c-5ee310d78230
2024-04-24T01:55:06,911  INFO [main] SessionState: Hive Session ID = 9fc47fff-cafa-47ec-954c-5ee310d78230
ivysettings.xml file not found in HIVE_HOME or HIVE_CONF_DIR,/home/alex/Repositories/hive/conf/ivysettings.xml will be used
2024-04-24T01:55:06,911  INFO [main] DependencyResolver: ivysettings.xml file not found in HIVE_HOME or HIVE_CONF_DIR,/home/alex/Repositories/hive/conf/ivysettings.xml will be used
2024-04-24T01:55:06,917  INFO [main] session.SessionState: Created HDFS directory: /home/alex/Repositories/hive/ql/target/tmp/scratchdir/alex/9fc47fff-cafa-47ec-954c-5ee310d78230
2024-04-24T01:55:06,919  INFO [main] session.SessionState: Created local directory: /home/alex/Repositories/hive/ql/target/tmp/localscratchdir/9fc47fff-cafa-47ec-954c-5ee310d78230
2024-04-24T01:55:06,922  INFO [main] session.SessionState: Created HDFS directory: /home/alex/Repositories/hive/ql/target/tmp/scratchdir/alex/9fc47fff-cafa-47ec-954c-5ee310d78230/_tmp_space.db
2024-04-24T01:55:06,922  INFO [main] sqlstd.SQLStdHiveAccessController: Created SQLStdHiveAccessController for session context : HiveAuthzSessionContext [sessionString=9fc47fff-cafa-47ec-954c-5ee310d78230, clientType=HIVECLI]
2024-04-24T01:55:06,922  INFO [main] ql.TxnCommandsBaseForTests: Running the query: drop table if exists acidTbl
2024-04-24T01:55:06,923  INFO [main] ql.Driver: Compiling command(queryId=alex_20240424015506_5423226e-1d1f-4e78-b514-5ece902a105a): drop table if exists acidTbl
2024-04-24T01:55:06,932  INFO [main] txn.TxnHandler: Added entries to MIN_HISTORY_LEVEL for current txns: ([1]) with min_open_txn: 1
2024-04-24T01:55:06,932  INFO [main] lockmgr.DbTxnManager: Opened txnid:1
2024-04-24T01:55:06,934  INFO [main] HiveMetaStore.audit: ugi=alex	ip=unknown-ip-addr	cmd=get_table : tbl=hive.default.acidTbl	
2024-04-24T01:55:06,937  INFO [main] ql.Driver: Semantic Analysis Completed (retrial = false)
2024-04-24T01:55:06,937  INFO [main] ql.Driver: Created Hive schema: Schema(fieldSchemas:null, properties:null)
2024-04-24T01:55:06,938  INFO [main] metadata.Hive: Dumping metastore api call timing information for : compilation phase
2024-04-24T01:55:06,938  INFO [main] metadata.Hive: Total time spent in each metastore function (ms): {openTxn_(String, TxnType)=9, isCompatibleWith_(Configuration)=0, commitTxn_(CommitTxnRequest)=8, getValidTxns_(long)=2, flushCache_()=0}
2024-04-24T01:55:06,938  INFO [main] ql.Driver: Completed compiling command(queryId=alex_20240424015506_5423226e-1d1f-4e78-b514-5ece902a105a); Time taken: 0.014 seconds
2024-04-24T01:55:06,938  INFO [main] lockmgr.DbTxnManager: Setting lock request transaction to txnid:1 for queryId=alex_20240424015506_5423226e-1d1f-4e78-b514-5ece902a105a
2024-04-24T01:55:06,938  INFO [main] ql.Driver: Operation DROPTABLE obtained 0 locks
2024-04-24T01:55:06,938  INFO [main] ql.Driver: Executing command(queryId=alex_20240424015506_5423226e-1d1f-4e78-b514-5ece902a105a): drop table if exists acidTbl
2024-04-24T01:55:06,938  INFO [main] ql.Driver: Starting task [Stage-0:DDL] in serial mode
2024-04-24T01:55:06,938  INFO [main] HiveMetaStore.audit: ugi=alex	ip=unknown-ip-addr	cmd=get_table : tbl=hive.default.acidTbl	
2024-04-24T01:55:06,942  INFO [main] metadata.Hive: Dumping metastore api call timing information for : execution phase
2024-04-24T01:55:06,942  INFO [main] metadata.Hive: Total time spent in each metastore function (ms): {isCompatibleWith_(Configuration)=0}
2024-04-24T01:55:06,942  INFO [main] ql.Driver: Completed executing command(queryId=alex_20240424015506_5423226e-1d1f-4e78-b514-5ece902a105a); Time taken: 0.004 seconds
2024-04-24T01:55:06,942  INFO [main] lockmgr.DbTxnManager: Stopped heartbeat for query: alex_20240424015506_5423226e-1d1f-4e78-b514-5ece902a105a
2024-04-24T01:55:06,948  INFO [main] txn.TxnHandler: Expected to move at least one record from txn_components to completed_txn_components when committing txn! txnid:1
2024-04-24T01:55:06,955  INFO [main] txn.TxnHandler: Removed transactions: ([1]) from MIN_HISTORY_LEVEL
2024-04-24T01:55:06,955  WARN [main] txn.CompactionTxnHandler: No compaction queue record found for Compaction type transaction commit. txnId:1
2024-04-24T01:55:06,956  INFO [main] ql.TxnCommandsBaseForTests: Running the query: drop table if exists acidTblPart
2024-04-24T01:55:06,956  INFO [main] ql.Driver: Compiling command(queryId=alex_20240424015506_daa30f24-7dd2-4a1b-aa8e-d30aed49c134): drop table if exists acidTblPart
2024-04-24T01:55:06,959  INFO [main] txn.TxnHandler: Added entries to MIN_HISTORY_LEVEL for current txns: ([2]) with min_open_txn: 1
2024-04-24T01:55:06,959  INFO [main] lockmgr.DbTxnManager: Opened txnid:2
2024-04-24T01:55:06,960  INFO [main] HiveMetaStore.audit: ugi=alex	ip=unknown-ip-addr	cmd=get_table : tbl=hive.default.acidTblPart	
2024-04-24T01:55:06,963  INFO [main] ql.Driver: Semantic Analysis Completed (retrial = false)
2024-04-24T01:55:06,963  INFO [main] ql.Driver: Created Hive schema: Schema(fieldSchemas:null, properties:null)
2024-04-24T01:55:06,963  INFO [main] metadata.Hive: Dumping metastore api call timing information for : compilation phase
2024-04-24T01:55:06,963  INFO [main] metadata.Hive: Total time spent in each metastore function (ms): {openTxn_(String, TxnType)=2, flushCache_()=0, isCompatibleWith_(Configuration)=0, getValidTxns_(long)=1, commitTxn_(CommitTxnRequest)=14}
2024-04-24T01:55:06,963  INFO [main] ql.Driver: Completed compiling command(queryId=alex_20240424015506_daa30f24-7dd2-4a1b-aa8e-d30aed49c134); Time taken: 0.007 seconds
2024-04-24T01:55:06,963  INFO [main] lockmgr.DbTxnManager: Setting lock request transaction to txnid:2 for queryId=alex_20240424015506_daa30f24-7dd2-4a1b-aa8e-d30aed49c134
2024-04-24T01:55:06,963  INFO [main] ql.Driver: Operation DROPTABLE obtained 0 locks
2024-04-24T01:55:06,963  INFO [main] ql.Driver: Executing command(queryId=alex_20240424015506_daa30f24-7dd2-4a1b-aa8e-d30aed49c134): drop table if exists acidTblPart
2024-04-24T01:55:06,964  INFO [main] ql.Driver: Starting task [Stage-0:DDL] in serial mode
2024-04-24T01:55:06,964  INFO [main] HiveMetaStore.audit: ugi=alex	ip=unknown-ip-addr	cmd=get_table : tbl=hive.default.acidTblPart	
2024-04-24T01:55:06,968  INFO [main] metadata.Hive: Dumping metastore api call timing information for : execution phase
2024-04-24T01:55:06,968  INFO [main] metadata.Hive: Total time spent in each metastore function (ms): {isCompatibleWith_(Configuration)=0}
2024-04-24T01:55:06,968  INFO [main] ql.Driver: Completed executing command(queryId=alex_20240424015506_daa30f24-7dd2-4a1b-aa8e-d30aed49c134); Time taken: 0.005 seconds
2024-04-24T01:55:06,968  INFO [main] lockmgr.DbTxnManager: Stopped heartbeat for query: alex_20240424015506_daa30f24-7dd2-4a1b-aa8e-d30aed49c134
2024-04-24T01:55:06,974  INFO [main] txn.TxnHandler: Expected to move at least one record from txn_components to completed_txn_components when committing txn! txnid:2
2024-04-24T01:55:06,980  INFO [main] txn.TxnHandler: Removed transactions: ([2]) from MIN_HISTORY_LEVEL
2024-04-24T01:55:06,980  WARN [main] txn.CompactionTxnHandler: No compaction queue record found for Compaction type transaction commit. txnId:2
2024-04-24T01:55:06,981  INFO [main] ql.TxnCommandsBaseForTests: Running the query: drop table if exists acidTbl2
2024-04-24T01:55:06,981  INFO [main] ql.Driver: Compiling command(queryId=alex_20240424015506_f168b374-3c0b-46f0-b511-16d4f3f7390a): drop table if exists acidTbl2
2024-04-24T01:55:06,984  INFO [main] txn.TxnHandler: Added entries to MIN_HISTORY_LEVEL for current txns: ([3]) with min_open_txn: 1
2024-04-24T01:55:06,984  INFO [main] lockmgr.DbTxnManager: Opened txnid:3
2024-04-24T01:55:06,985  INFO [main] HiveMetaStore.audit: ugi=alex	ip=unknown-ip-addr	cmd=get_table : tbl=hive.default.acidTbl2	
2024-04-24T01:55:06,988  INFO [main] ql.Driver: Semantic Analysis Completed (retrial = false)
2024-04-24T01:55:06,988  INFO [main] ql.Driver: Created Hive schema: Schema(fieldSchemas:null, properties:null)
2024-04-24T01:55:06,988  INFO [main] metadata.Hive: Dumping metastore api call timing information for : compilation phase
2024-04-24T01:55:06,988  INFO [main] metadata.Hive: Total time spent in each metastore function (ms): {flushCache_()=0, isCompatibleWith_(Configuration)=0, openTxn_(String, TxnType)=2, commitTxn_(CommitTxnRequest)=13, getValidTxns_(long)=1}
2024-04-24T01:55:06,988  INFO [main] ql.Driver: Completed compiling command(queryId=alex_20240424015506_f168b374-3c0b-46f0-b511-16d4f3f7390a); Time taken: 0.007 seconds
2024-04-24T01:55:06,988  INFO [main] lockmgr.DbTxnManager: Setting lock request transaction to txnid:3 for queryId=alex_20240424015506_f168b374-3c0b-46f0-b511-16d4f3f7390a
2024-04-24T01:55:06,988  INFO [main] ql.Driver: Operation DROPTABLE obtained 0 locks
2024-04-24T01:55:06,988  INFO [main] ql.Driver: Executing command(queryId=alex_20240424015506_f168b374-3c0b-46f0-b511-16d4f3f7390a): drop table if exists acidTbl2
2024-04-24T01:55:06,989  INFO [main] ql.Driver: Starting task [Stage-0:DDL] in serial mode
2024-04-24T01:55:06,989  INFO [main] HiveMetaStore.audit: ugi=alex	ip=unknown-ip-addr	cmd=get_table : tbl=hive.default.acidTbl2	
2024-04-24T01:55:06,992  INFO [main] metadata.Hive: Dumping metastore api call timing information for : execution phase
2024-04-24T01:55:06,992  INFO [main] metadata.Hive: Total time spent in each metastore function (ms): {isCompatibleWith_(Configuration)=0}
2024-04-24T01:55:06,992  INFO [main] ql.Driver: Completed executing command(queryId=alex_20240424015506_f168b374-3c0b-46f0-b511-16d4f3f7390a); Time taken: 0.004 seconds
2024-04-24T01:55:06,992  INFO [main] lockmgr.DbTxnManager: Stopped heartbeat for query: alex_20240424015506_f168b374-3c0b-46f0-b511-16d4f3f7390a
2024-04-24T01:55:06,997  INFO [main] txn.TxnHandler: Expected to move at least one record from txn_components to completed_txn_components when committing txn! txnid:3
2024-04-24T01:55:07,003  INFO [main] txn.TxnHandler: Removed transactions: ([3]) from MIN_HISTORY_LEVEL
2024-04-24T01:55:07,004  WARN [main] txn.CompactionTxnHandler: No compaction queue record found for Compaction type transaction commit. txnId:3
2024-04-24T01:55:07,004  INFO [main] ql.TxnCommandsBaseForTests: Running the query: drop table if exists nonAcidOrcTbl
2024-04-24T01:55:07,004  INFO [main] ql.Driver: Compiling command(queryId=alex_20240424015507_3af96452-58db-447a-a10d-3dc76439f22e): drop table if exists nonAcidOrcTbl
2024-04-24T01:55:07,006  INFO [main] txn.TxnHandler: Added entries to MIN_HISTORY_LEVEL for current txns: ([4]) with min_open_txn: 1
2024-04-24T01:55:07,007  INFO [main] lockmgr.DbTxnManager: Opened txnid:4
2024-04-24T01:55:07,007  INFO [main] HiveMetaStore.audit: ugi=alex	ip=unknown-ip-addr	cmd=get_table : tbl=hive.default.nonAcidOrcTbl	
2024-04-24T01:55:07,010  INFO [main] ql.Driver: Semantic Analysis Completed (retrial = false)
2024-04-24T01:55:07,010  INFO [main] ql.Driver: Created Hive schema: Schema(fieldSchemas:null, properties:null)
2024-04-24T01:55:07,010  INFO [main] metadata.Hive: Dumping metastore api call timing information for : compilation phase
2024-04-24T01:55:07,010  INFO [main] metadata.Hive: Total time spent in each metastore function (ms): {flushCache_()=0, getValidTxns_(long)=0, commitTxn_(CommitTxnRequest)=11, openTxn_(String, TxnType)=2, isCompatibleWith_(Configuration)=1}
2024-04-24T01:55:07,011  INFO [main] ql.Driver: Completed compiling command(queryId=alex_20240424015507_3af96452-58db-447a-a10d-3dc76439f22e); Time taken: 0.006 seconds
2024-04-24T01:55:07,011  INFO [main] lockmgr.DbTxnManager: Setting lock request transaction to txnid:4 for queryId=alex_20240424015507_3af96452-58db-447a-a10d-3dc76439f22e
2024-04-24T01:55:07,011  INFO [main] ql.Driver: Operation DROPTABLE obtained 0 locks
2024-04-24T01:55:07,011  INFO [main] ql.Driver: Executing command(queryId=alex_20240424015507_3af96452-58db-447a-a10d-3dc76439f22e): drop table if exists nonAcidOrcTbl
2024-04-24T01:55:07,011  INFO [main] ql.Driver: Starting task [Stage-0:DDL] in serial mode
2024-04-24T01:55:07,011  INFO [main] HiveMetaStore.audit: ugi=alex	ip=unknown-ip-addr	cmd=get_table : tbl=hive.default.nonAcidOrcTbl	
2024-04-24T01:55:07,015  INFO [main] metadata.Hive: Dumping metastore api call timing information for : execution phase
2024-04-24T01:55:07,015  INFO [main] metadata.Hive: Total time spent in each metastore function (ms): {isCompatibleWith_(Configuration)=0}
2024-04-24T01:55:07,015  INFO [main] ql.Driver: Completed executing command(queryId=alex_20240424015507_3af96452-58db-447a-a10d-3dc76439f22e); Time taken: 0.004 seconds
2024-04-24T01:55:07,015  INFO [main] lockmgr.DbTxnManager: Stopped heartbeat for query: alex_20240424015507_3af96452-58db-447a-a10d-3dc76439f22e
2024-04-24T01:55:07,023  INFO [main] txn.TxnHandler: Expected to move at least one record from txn_components to completed_txn_components when committing txn! txnid:4
2024-04-24T01:55:07,029  INFO [main] txn.TxnHandler: Removed transactions: ([4]) from MIN_HISTORY_LEVEL
2024-04-24T01:55:07,029  WARN [main] txn.CompactionTxnHandler: No compaction queue record found for Compaction type transaction commit. txnId:4
2024-04-24T01:55:07,030  INFO [main] ql.TxnCommandsBaseForTests: Running the query: drop table if exists nonAcidOrcTbl2
2024-04-24T01:55:07,030  INFO [main] ql.Driver: Compiling command(queryId=alex_20240424015507_24a8045a-0db0-4a41-90b5-8be8cb8284b0): drop table if exists nonAcidOrcTbl2
2024-04-24T01:55:07,032  INFO [main] txn.TxnHandler: Added entries to MIN_HISTORY_LEVEL for current txns: ([5]) with min_open_txn: 1
2024-04-24T01:55:07,032  INFO [main] lockmgr.DbTxnManager: Opened txnid:5
2024-04-24T01:55:07,033  INFO [main] HiveMetaStore.audit: ugi=alex	ip=unknown-ip-addr	cmd=get_table : tbl=hive.default.nonAcidOrcTbl2	
2024-04-24T01:55:07,036  INFO [main] ql.Driver: Semantic Analysis Completed (retrial = false)
2024-04-24T01:55:07,036  INFO [main] ql.Driver: Created Hive schema: Schema(fieldSchemas:null, properties:null)
2024-04-24T01:55:07,036  INFO [main] metadata.Hive: Dumping metastore api call timing information for : compilation phase
2024-04-24T01:55:07,036  INFO [main] metadata.Hive: Total time spent in each metastore function (ms): {commitTxn_(CommitTxnRequest)=13, flushCache_()=0, openTxn_(String, TxnType)=2, isCompatibleWith_(Configuration)=1, getValidTxns_(long)=0}
2024-04-24T01:55:07,036  INFO [main] ql.Driver: Completed compiling command(queryId=alex_20240424015507_24a8045a-0db0-4a41-90b5-8be8cb8284b0); Time taken: 0.006 seconds
2024-04-24T01:55:07,037  INFO [main] lockmgr.DbTxnManager: Setting lock request transaction to txnid:5 for queryId=alex_20240424015507_24a8045a-0db0-4a41-90b5-8be8cb8284b0
2024-04-24T01:55:07,037  INFO [main] ql.Driver: Operation DROPTABLE obtained 0 locks
2024-04-24T01:55:07,037  INFO [main] ql.Driver: Executing command(queryId=alex_20240424015507_24a8045a-0db0-4a41-90b5-8be8cb8284b0): drop table if exists nonAcidOrcTbl2
2024-04-24T01:55:07,037  INFO [main] ql.Driver: Starting task [Stage-0:DDL] in serial mode
2024-04-24T01:55:07,037  INFO [main] HiveMetaStore.audit: ugi=alex	ip=unknown-ip-addr	cmd=get_table : tbl=hive.default.nonAcidOrcTbl2	
2024-04-24T01:55:07,040  INFO [main] metadata.Hive: Dumping metastore api call timing information for : execution phase
2024-04-24T01:55:07,041  INFO [main] metadata.Hive: Total time spent in each metastore function (ms): {isCompatibleWith_(Configuration)=0}
2024-04-24T01:55:07,041  INFO [main] ql.Driver: Completed executing command(queryId=alex_20240424015507_24a8045a-0db0-4a41-90b5-8be8cb8284b0); Time taken: 0.003 seconds
2024-04-24T01:55:07,041  INFO [main] lockmgr.DbTxnManager: Stopped heartbeat for query: alex_20240424015507_24a8045a-0db0-4a41-90b5-8be8cb8284b0
2024-04-24T01:55:07,046  INFO [main] txn.TxnHandler: Expected to move at least one record from txn_components to completed_txn_components when committing txn! txnid:5
2024-04-24T01:55:07,052  INFO [main] txn.TxnHandler: Removed transactions: ([5]) from MIN_HISTORY_LEVEL
2024-04-24T01:55:07,052  WARN [main] txn.CompactionTxnHandler: No compaction queue record found for Compaction type transaction commit. txnId:5
2024-04-24T01:55:07,053  INFO [main] ql.TxnCommandsBaseForTests: Running the query: drop table if exists nonAcidNonBucket
2024-04-24T01:55:07,053  INFO [main] ql.Driver: Compiling command(queryId=alex_20240424015507_32e7c617-7a24-4665-8933-6ee833a75c50): drop table if exists nonAcidNonBucket
2024-04-24T01:55:07,055  INFO [main] txn.TxnHandler: Added entries to MIN_HISTORY_LEVEL for current txns: ([6]) with min_open_txn: 1
2024-04-24T01:55:07,056  INFO [main] lockmgr.DbTxnManager: Opened txnid:6
2024-04-24T01:55:07,056  INFO [main] HiveMetaStore.audit: ugi=alex	ip=unknown-ip-addr	cmd=get_table : tbl=hive.default.nonAcidNonBucket	
2024-04-24T01:55:07,059  INFO [main] ql.Driver: Semantic Analysis Completed (retrial = false)
2024-04-24T01:55:07,059  INFO [main] ql.Driver: Created Hive schema: Schema(fieldSchemas:null, properties:null)
2024-04-24T01:55:07,059  INFO [main] metadata.Hive: Dumping metastore api call timing information for : compilation phase
2024-04-24T01:55:07,059  INFO [main] metadata.Hive: Total time spent in each metastore function (ms): {flushCache_()=0, commitTxn_(CommitTxnRequest)=11, isCompatibleWith_(Configuration)=0, getValidTxns_(long)=0, openTxn_(String, TxnType)=3}
2024-04-24T01:55:07,060  INFO [main] ql.Driver: Completed compiling command(queryId=alex_20240424015507_32e7c617-7a24-4665-8933-6ee833a75c50); Time taken: 0.006 seconds
2024-04-24T01:55:07,060  INFO [main] lockmgr.DbTxnManager: Setting lock request transaction to txnid:6 for queryId=alex_20240424015507_32e7c617-7a24-4665-8933-6ee833a75c50
2024-04-24T01:55:07,060  INFO [main] ql.Driver: Operation DROPTABLE obtained 0 locks
2024-04-24T01:55:07,060  INFO [main] ql.Driver: Executing command(queryId=alex_20240424015507_32e7c617-7a24-4665-8933-6ee833a75c50): drop table if exists nonAcidNonBucket
2024-04-24T01:55:07,060  INFO [main] ql.Driver: Starting task [Stage-0:DDL] in serial mode
2024-04-24T01:55:07,060  INFO [main] HiveMetaStore.audit: ugi=alex	ip=unknown-ip-addr	cmd=get_table : tbl=hive.default.nonAcidNonBucket	
2024-04-24T01:55:07,063  INFO [main] metadata.Hive: Dumping metastore api call timing information for : execution phase
2024-04-24T01:55:07,064  INFO [main] metadata.Hive: Total time spent in each metastore function (ms): {isCompatibleWith_(Configuration)=0}
2024-04-24T01:55:07,064  INFO [main] ql.Driver: Completed executing command(queryId=alex_20240424015507_32e7c617-7a24-4665-8933-6ee833a75c50); Time taken: 0.003 seconds
2024-04-24T01:55:07,064  INFO [main] lockmgr.DbTxnManager: Stopped heartbeat for query: alex_20240424015507_32e7c617-7a24-4665-8933-6ee833a75c50
2024-04-24T01:55:07,069  INFO [main] txn.TxnHandler: Expected to move at least one record from txn_components to completed_txn_components when committing txn! txnid:6
2024-04-24T01:55:07,075  INFO [main] txn.TxnHandler: Removed transactions: ([6]) from MIN_HISTORY_LEVEL
2024-04-24T01:55:07,075  WARN [main] txn.CompactionTxnHandler: No compaction queue record found for Compaction type transaction commit. txnId:6
2024-04-24T01:55:07,076  INFO [main] ql.TxnCommandsBaseForTests: Running the query: create table acidTbl(a int, b int) clustered by (a) into 2 buckets stored as orc TBLPROPERTIES ('transactional'='true')
2024-04-24T01:55:07,076  INFO [main] ql.Driver: Compiling command(queryId=alex_20240424015507_10b9cf98-92a5-432f-921d-493b8c1da271): create table acidTbl(a int, b int) clustered by (a) into 2 buckets stored as orc TBLPROPERTIES ('transactional'='true')
2024-04-24T01:55:07,078  INFO [main] txn.TxnHandler: Added entries to MIN_HISTORY_LEVEL for current txns: ([7]) with min_open_txn: 1
2024-04-24T01:55:07,078  INFO [main] lockmgr.DbTxnManager: Opened txnid:7
2024-04-24T01:55:07,079  INFO [main] parse.CalcitePlanner: Starting caching scope for: 
2024-04-24T01:55:07,079  INFO [main] parse.CalcitePlanner: Starting Semantic Analysis
2024-04-24T01:55:07,084  INFO [main] parse.CalcitePlanner: Creating table default.acidTbl position=13
2024-04-24T01:55:07,085  INFO [main] HiveMetaStore.audit: ugi=alex	ip=unknown-ip-addr	cmd=get_database: default	
2024-04-24T01:55:07,086  INFO [main] parse.CalcitePlanner: Ending caching scope for: 
2024-04-24T01:55:07,087  INFO [main] ql.Driver: Semantic Analysis Completed (retrial = false)
2024-04-24T01:55:07,087  INFO [main] ql.Driver: Created Hive schema: Schema(fieldSchemas:null, properties:null)
2024-04-24T01:55:07,087  INFO [main] metadata.Hive: Dumping metastore api call timing information for : compilation phase
2024-04-24T01:55:07,087  INFO [main] metadata.Hive: Total time spent in each metastore function (ms): {openTxn_(String, TxnType)=1, getDatabase_(String)=1, flushCache_()=0, commitTxn_(CommitTxnRequest)=11, getValidWriteIds_(List, String)=5, isCompatibleWith_(Configuration)=0, getValidTxns_(long)=0}
2024-04-24T01:55:07,087  INFO [main] ql.Driver: Completed compiling command(queryId=alex_20240424015507_10b9cf98-92a5-432f-921d-493b8c1da271); Time taken: 0.011 seconds
2024-04-24T01:55:07,087  INFO [main] lockmgr.DbTxnManager: Setting lock request transaction to txnid:7 for queryId=alex_20240424015507_10b9cf98-92a5-432f-921d-493b8c1da271
2024-04-24T01:55:07,088  INFO [main] lockmgr.DbLockManager: Requesting lock for queryId=alex_20240424015507_10b9cf98-92a5-432f-921d-493b8c1da271
2024-04-24T01:55:07,115  INFO [main] lockmgr.DbLockManager: Response to queryId=alex_20240424015507_10b9cf98-92a5-432f-921d-493b8c1da271 LockResponse(lockid:1, state:ACQUIRED)
2024-04-24T01:55:07,115  INFO [main] ql.Driver: Operation CREATETABLE obtained 1 locks
2024-04-24T01:55:07,116  INFO [main] ql.Driver: Executing command(queryId=alex_20240424015507_10b9cf98-92a5-432f-921d-493b8c1da271): create table acidTbl(a int, b int) clustered by (a) into 2 buckets stored as orc TBLPROPERTIES ('transactional'='true')
2024-04-24T01:55:07,116  INFO [main] ql.Driver: Starting task [Stage-0:DDL] in serial mode
2024-04-24T01:55:07,118  INFO [main] HiveMetaStore.audit: ugi=alex	ip=unknown-ip-addr	cmd=create_table_req: Table(tableName:acidTbl, dbName:default, owner:alex, createTime:1713948907, lastAccessTime:0, retention:0, sd:StorageDescriptor(cols:[FieldSchema(name:a, type:int, comment:null), FieldSchema(name:b, type:int, comment:null)], location:null, inputFormat:org.apache.hadoop.hive.ql.io.orc.OrcInputFormat, outputFormat:org.apache.hadoop.hive.ql.io.orc.OrcOutputFormat, compressed:false, numBuckets:2, serdeInfo:SerDeInfo(name:null, serializationLib:org.apache.hadoop.hive.ql.io.orc.OrcSerde, parameters:{serialization.format=1}), bucketCols:[a], sortCols:[], parameters:{}, skewedInfo:SkewedInfo(skewedColNames:[], skewedColValues:[], skewedColValueLocationMaps:{}), storedAsSubDirectories:false), partitionKeys:[], parameters:{totalSize=0, COLUMN_STATS_ACCURATE={"BASIC_STATS":"true","COLUMN_STATS":{"a":"true","b":"true"}}, transactional=true, numRows=0, numFilesErasureCoded=0, numFiles=0, bucketing_version=2, rawDataSize=0}, viewOriginalText:null, viewExpandedText:null, tableType:MANAGED_TABLE, privileges:PrincipalPrivilegeSet(userPrivileges:{alex=[PrivilegeGrantInfo(privilege:INSERT, createTime:-1, grantor:alex, grantorType:USER, grantOption:true), PrivilegeGrantInfo(privilege:SELECT, createTime:-1, grantor:alex, grantorType:USER, grantOption:true), PrivilegeGrantInfo(privilege:UPDATE, createTime:-1, grantor:alex, grantorType:USER, grantOption:true), PrivilegeGrantInfo(privilege:DELETE, createTime:-1, grantor:alex, grantorType:USER, grantOption:true)]}, groupPrivileges:null, rolePrivileges:null), temporary:false, catName:hive, ownerType:USER, writeId:0)	
2024-04-24T01:55:07,125  INFO [main] utils.FileUtils: Creating directory if it doesn't exist: file:/home/alex/Repositories/hive/ql/target/tmp/org.apache.hadoop.hive.ql.TestTxnLoadData-1713948800221/warehouse/acidtbl
2024-04-24T01:55:07,167  INFO [main] metadata.Hive: Dumping metastore api call timing information for : execution phase
2024-04-24T01:55:07,167  INFO [main] metadata.Hive: Total time spent in each metastore function (ms): {createTable_(Table)=48, isCompatibleWith_(Configuration)=1}
2024-04-24T01:55:07,167  INFO [main] ql.Driver: Completed executing command(queryId=alex_20240424015507_10b9cf98-92a5-432f-921d-493b8c1da271); Time taken: 0.051 seconds
2024-04-24T01:55:07,167  INFO [main] lockmgr.DbTxnManager: Stopped heartbeat for query: alex_20240424015507_10b9cf98-92a5-432f-921d-493b8c1da271
2024-04-24T01:55:07,171  INFO [main] txn.TxnHandler: Expected to move at least one record from txn_components to completed_txn_components when committing txn! txnid:7
2024-04-24T01:55:07,178  INFO [main] txn.TxnHandler: Removed transactions: ([7]) from MIN_HISTORY_LEVEL
2024-04-24T01:55:07,179  WARN [main] txn.CompactionTxnHandler: No compaction queue record found for Compaction type transaction commit. txnId:7
2024-04-24T01:55:07,180  INFO [main] ql.TxnCommandsBaseForTests: Running the query: create table acidTblPart(a int, b int) partitioned by (p string) clustered by (a) into 2 buckets stored as orc TBLPROPERTIES ('transactional'='true')
2024-04-24T01:55:07,180  INFO [main] ql.Driver: Compiling command(queryId=alex_20240424015507_a8789ec0-1d1a-40bd-a944-3c34402d275d): create table acidTblPart(a int, b int) partitioned by (p string) clustered by (a) into 2 buckets stored as orc TBLPROPERTIES ('transactional'='true')
2024-04-24T01:55:07,183  INFO [main] txn.TxnHandler: Added entries to MIN_HISTORY_LEVEL for current txns: ([8]) with min_open_txn: 1
2024-04-24T01:55:07,183  INFO [main] lockmgr.DbTxnManager: Opened txnid:8
2024-04-24T01:55:07,184  INFO [main] parse.CalcitePlanner: Starting caching scope for: 
2024-04-24T01:55:07,184  INFO [main] parse.CalcitePlanner: Starting Semantic Analysis
2024-04-24T01:55:07,186  INFO [main] parse.CalcitePlanner: Creating table default.acidTblPart position=13
2024-04-24T01:55:07,186  INFO [main] HiveMetaStore.audit: ugi=alex	ip=unknown-ip-addr	cmd=get_database: default	
2024-04-24T01:55:07,188  INFO [main] parse.CalcitePlanner: Ending caching scope for: 
2024-04-24T01:55:07,188  INFO [main] ql.Driver: Semantic Analysis Completed (retrial = false)
2024-04-24T01:55:07,188  INFO [main] ql.Driver: Created Hive schema: Schema(fieldSchemas:null, properties:null)
2024-04-24T01:55:07,188  INFO [main] metadata.Hive: Dumping metastore api call timing information for : compilation phase
2024-04-24T01:55:07,188  INFO [main] metadata.Hive: Total time spent in each metastore function (ms): {getDatabase_(String)=2, openTxn_(String, TxnType)=2, isCompatibleWith_(Configuration)=1, getValidTxns_(long)=1, flushCache_()=0, getValidWriteIds_(List, String)=2, commitTxn_(CommitTxnRequest)=13}
2024-04-24T01:55:07,188  INFO [main] ql.Driver: Completed compiling command(queryId=alex_20240424015507_a8789ec0-1d1a-40bd-a944-3c34402d275d); Time taken: 0.008 seconds
2024-04-24T01:55:07,189  INFO [main] lockmgr.DbTxnManager: Setting lock request transaction to txnid:8 for queryId=alex_20240424015507_a8789ec0-1d1a-40bd-a944-3c34402d275d
2024-04-24T01:55:07,189  INFO [main] lockmgr.DbLockManager: Requesting lock for queryId=alex_20240424015507_a8789ec0-1d1a-40bd-a944-3c34402d275d
2024-04-24T01:55:07,202  INFO [main] lockmgr.DbLockManager: Response to queryId=alex_20240424015507_a8789ec0-1d1a-40bd-a944-3c34402d275d LockResponse(lockid:2, state:ACQUIRED)
2024-04-24T01:55:07,202  INFO [main] ql.Driver: Operation CREATETABLE obtained 1 locks
2024-04-24T01:55:07,203  INFO [main] ql.Driver: Executing command(queryId=alex_20240424015507_a8789ec0-1d1a-40bd-a944-3c34402d275d): create table acidTblPart(a int, b int) partitioned by (p string) clustered by (a) into 2 buckets stored as orc TBLPROPERTIES ('transactional'='true')
2024-04-24T01:55:07,203  INFO [main] ql.Driver: Starting task [Stage-0:DDL] in serial mode
2024-04-24T01:55:07,204  INFO [main] HiveMetaStore.audit: ugi=alex	ip=unknown-ip-addr	cmd=create_table_req: Table(tableName:acidTblPart, dbName:default, owner:alex, createTime:1713948907, lastAccessTime:0, retention:0, sd:StorageDescriptor(cols:[FieldSchema(name:a, type:int, comment:null), FieldSchema(name:b, type:int, comment:null)], location:null, inputFormat:org.apache.hadoop.hive.ql.io.orc.OrcInputFormat, outputFormat:org.apache.hadoop.hive.ql.io.orc.OrcOutputFormat, compressed:false, numBuckets:2, serdeInfo:SerDeInfo(name:null, serializationLib:org.apache.hadoop.hive.ql.io.orc.OrcSerde, parameters:{serialization.format=1}), bucketCols:[a], sortCols:[], parameters:{}, skewedInfo:SkewedInfo(skewedColNames:[], skewedColValues:[], skewedColValueLocationMaps:{}), storedAsSubDirectories:false), partitionKeys:[FieldSchema(name:p, type:string, comment:null)], parameters:{transactional=true, bucketing_version=2}, viewOriginalText:null, viewExpandedText:null, tableType:MANAGED_TABLE, privileges:PrincipalPrivilegeSet(userPrivileges:{alex=[PrivilegeGrantInfo(privilege:INSERT, createTime:-1, grantor:alex, grantorType:USER, grantOption:true), PrivilegeGrantInfo(privilege:SELECT, createTime:-1, grantor:alex, grantorType:USER, grantOption:true), PrivilegeGrantInfo(privilege:UPDATE, createTime:-1, grantor:alex, grantorType:USER, grantOption:true), PrivilegeGrantInfo(privilege:DELETE, createTime:-1, grantor:alex, grantorType:USER, grantOption:true)]}, groupPrivileges:null, rolePrivileges:null), temporary:false, catName:hive, ownerType:USER, writeId:0)	
2024-04-24T01:55:07,210  INFO [main] utils.FileUtils: Creating directory if it doesn't exist: file:/home/alex/Repositories/hive/ql/target/tmp/org.apache.hadoop.hive.ql.TestTxnLoadData-1713948800221/warehouse/acidtblpart
2024-04-24T01:55:07,225  INFO [main] metadata.Hive: Dumping metastore api call timing information for : execution phase
2024-04-24T01:55:07,225  INFO [main] metadata.Hive: Total time spent in each metastore function (ms): {isCompatibleWith_(Configuration)=0, createTable_(Table)=21}
2024-04-24T01:55:07,225  INFO [main] ql.Driver: Completed executing command(queryId=alex_20240424015507_a8789ec0-1d1a-40bd-a944-3c34402d275d); Time taken: 0.022 seconds
2024-04-24T01:55:07,225  INFO [main] lockmgr.DbTxnManager: Stopped heartbeat for query: alex_20240424015507_a8789ec0-1d1a-40bd-a944-3c34402d275d
2024-04-24T01:55:07,229  INFO [main] txn.TxnHandler: Expected to move at least one record from txn_components to completed_txn_components when committing txn! txnid:8
2024-04-24T01:55:07,234  INFO [main] txn.TxnHandler: Removed transactions: ([8]) from MIN_HISTORY_LEVEL
2024-04-24T01:55:07,234  WARN [main] txn.CompactionTxnHandler: No compaction queue record found for Compaction type transaction commit. txnId:8
2024-04-24T01:55:07,234  INFO [main] ql.TxnCommandsBaseForTests: Running the query: create table nonAcidOrcTbl(a int, b int) clustered by (a) into 2 buckets stored as orc TBLPROPERTIES ('transactional'='false')
2024-04-24T01:55:07,235  INFO [main] ql.Driver: Compiling command(queryId=alex_20240424015507_2c55ab5e-ddca-4784-818d-a109f7def177): create table nonAcidOrcTbl(a int, b int) clustered by (a) into 2 buckets stored as orc TBLPROPERTIES ('transactional'='false')
2024-04-24T01:55:07,237  INFO [main] txn.TxnHandler: Added entries to MIN_HISTORY_LEVEL for current txns: ([9]) with min_open_txn: 1
2024-04-24T01:55:07,237  INFO [main] lockmgr.DbTxnManager: Opened txnid:9
2024-04-24T01:55:07,238  INFO [main] parse.CalcitePlanner: Starting caching scope for: 
2024-04-24T01:55:07,238  INFO [main] parse.CalcitePlanner: Starting Semantic Analysis
2024-04-24T01:55:07,240  INFO [main] parse.CalcitePlanner: Creating table default.nonAcidOrcTbl position=13
2024-04-24T01:55:07,240  INFO [main] HiveMetaStore.audit: ugi=alex	ip=unknown-ip-addr	cmd=get_database: default	
2024-04-24T01:55:07,242  INFO [main] parse.CalcitePlanner: Ending caching scope for: 
2024-04-24T01:55:07,242  INFO [main] ql.Driver: Semantic Analysis Completed (retrial = false)
2024-04-24T01:55:07,242  INFO [main] ql.Driver: Created Hive schema: Schema(fieldSchemas:null, properties:null)
2024-04-24T01:55:07,242  INFO [main] metadata.Hive: Dumping metastore api call timing information for : compilation phase
2024-04-24T01:55:07,242  INFO [main] metadata.Hive: Total time spent in each metastore function (ms): {getValidTxns_(long)=1, getValidWriteIds_(List, String)=2, getDatabase_(String)=2, openTxn_(String, TxnType)=2, flushCache_()=0, isCompatibleWith_(Configuration)=0, commitTxn_(CommitTxnRequest)=9}
2024-04-24T01:55:07,242  INFO [main] ql.Driver: Completed compiling command(queryId=alex_20240424015507_2c55ab5e-ddca-4784-818d-a109f7def177); Time taken: 0.007 seconds
2024-04-24T01:55:07,242  INFO [main] lockmgr.DbTxnManager: Setting lock request transaction to txnid:9 for queryId=alex_20240424015507_2c55ab5e-ddca-4784-818d-a109f7def177
2024-04-24T01:55:07,243  INFO [main] lockmgr.DbLockManager: Requesting lock for queryId=alex_20240424015507_2c55ab5e-ddca-4784-818d-a109f7def177
2024-04-24T01:55:07,256  INFO [main] lockmgr.DbLockManager: Response to queryId=alex_20240424015507_2c55ab5e-ddca-4784-818d-a109f7def177 LockResponse(lockid:3, state:ACQUIRED)
2024-04-24T01:55:07,256  INFO [main] ql.Driver: Operation CREATETABLE obtained 1 locks
2024-04-24T01:55:07,256  INFO [main] ql.Driver: Executing command(queryId=alex_20240424015507_2c55ab5e-ddca-4784-818d-a109f7def177): create table nonAcidOrcTbl(a int, b int) clustered by (a) into 2 buckets stored as orc TBLPROPERTIES ('transactional'='false')
2024-04-24T01:55:07,256  INFO [main] ql.Driver: Starting task [Stage-0:DDL] in serial mode
2024-04-24T01:55:07,257  INFO [main] HiveMetaStore.audit: ugi=alex	ip=unknown-ip-addr	cmd=create_table_req: Table(tableName:nonAcidOrcTbl, dbName:default, owner:alex, createTime:1713948907, lastAccessTime:0, retention:0, sd:StorageDescriptor(cols:[FieldSchema(name:a, type:int, comment:null), FieldSchema(name:b, type:int, comment:null)], location:null, inputFormat:org.apache.hadoop.hive.ql.io.orc.OrcInputFormat, outputFormat:org.apache.hadoop.hive.ql.io.orc.OrcOutputFormat, compressed:false, numBuckets:2, serdeInfo:SerDeInfo(name:null, serializationLib:org.apache.hadoop.hive.ql.io.orc.OrcSerde, parameters:{serialization.format=1}), bucketCols:[a], sortCols:[], parameters:{}, skewedInfo:SkewedInfo(skewedColNames:[], skewedColValues:[], skewedColValueLocationMaps:{}), storedAsSubDirectories:false), partitionKeys:[], parameters:{COLUMN_STATS_ACCURATE={"BASIC_STATS":"true","COLUMN_STATS":{"a":"true","b":"true"}}, totalSize=0, transactional=false, bucketing_version=2, numRows=0, numFiles=0, rawDataSize=0, numFilesErasureCoded=0}, viewOriginalText:null, viewExpandedText:null, tableType:MANAGED_TABLE, privileges:PrincipalPrivilegeSet(userPrivileges:{alex=[PrivilegeGrantInfo(privilege:INSERT, createTime:-1, grantor:alex, grantorType:USER, grantOption:true), PrivilegeGrantInfo(privilege:SELECT, createTime:-1, grantor:alex, grantorType:USER, grantOption:true), PrivilegeGrantInfo(privilege:UPDATE, createTime:-1, grantor:alex, grantorType:USER, grantOption:true), PrivilegeGrantInfo(privilege:DELETE, createTime:-1, grantor:alex, grantorType:USER, grantOption:true)]}, groupPrivileges:null, rolePrivileges:null), temporary:false, catName:hive, ownerType:USER)	
2024-04-24T01:55:07,262  INFO [main] utils.FileUtils: Creating directory if it doesn't exist: file:/home/alex/Repositories/hive/ql/target/tmp/org.apache.hadoop.hive.ql.TestTxnLoadData-1713948800221/warehouse/nonacidorctbl
2024-04-24T01:55:07,277  INFO [main] metadata.Hive: Dumping metastore api call timing information for : execution phase
2024-04-24T01:55:07,277  INFO [main] metadata.Hive: Total time spent in each metastore function (ms): {createTable_(Table)=21, isCompatibleWith_(Configuration)=0}
2024-04-24T01:55:07,277  INFO [main] ql.Driver: Completed executing command(queryId=alex_20240424015507_2c55ab5e-ddca-4784-818d-a109f7def177); Time taken: 0.021 seconds
2024-04-24T01:55:07,277  INFO [main] lockmgr.DbTxnManager: Stopped heartbeat for query: alex_20240424015507_2c55ab5e-ddca-4784-818d-a109f7def177
2024-04-24T01:55:07,281  INFO [main] txn.TxnHandler: Expected to move at least one record from txn_components to completed_txn_components when committing txn! txnid:9
2024-04-24T01:55:07,286  INFO [main] txn.TxnHandler: Removed transactions: ([9]) from MIN_HISTORY_LEVEL
2024-04-24T01:55:07,286  WARN [main] txn.CompactionTxnHandler: No compaction queue record found for Compaction type transaction commit. txnId:9
2024-04-24T01:55:07,286  INFO [main] ql.TxnCommandsBaseForTests: Running the query: create table nonAcidOrcTbl2(a int, b int) clustered by (a) into 2 buckets stored as orc TBLPROPERTIES ('transactional'='false')
2024-04-24T01:55:07,287  INFO [main] ql.Driver: Compiling command(queryId=alex_20240424015507_bd0c0fa4-f944-40f2-a48f-f22408561d20): create table nonAcidOrcTbl2(a int, b int) clustered by (a) into 2 buckets stored as orc TBLPROPERTIES ('transactional'='false')
2024-04-24T01:55:07,289  INFO [main] txn.TxnHandler: Added entries to MIN_HISTORY_LEVEL for current txns: ([10]) with min_open_txn: 1
2024-04-24T01:55:07,289  INFO [main] lockmgr.DbTxnManager: Opened txnid:10
2024-04-24T01:55:07,290  INFO [main] parse.CalcitePlanner: Starting caching scope for: 
2024-04-24T01:55:07,290  INFO [main] parse.CalcitePlanner: Starting Semantic Analysis
2024-04-24T01:55:07,292  INFO [main] parse.CalcitePlanner: Creating table default.nonAcidOrcTbl2 position=13
2024-04-24T01:55:07,292  INFO [main] HiveMetaStore.audit: ugi=alex	ip=unknown-ip-addr	cmd=get_database: default	
2024-04-24T01:55:07,293  INFO [main] parse.CalcitePlanner: Ending caching scope for: 
2024-04-24T01:55:07,293  INFO [main] ql.Driver: Semantic Analysis Completed (retrial = false)
2024-04-24T01:55:07,293  INFO [main] ql.Driver: Created Hive schema: Schema(fieldSchemas:null, properties:null)
2024-04-24T01:55:07,294  INFO [main] metadata.Hive: Dumping metastore api call timing information for : compilation phase
2024-04-24T01:55:07,294  INFO [main] metadata.Hive: Total time spent in each metastore function (ms): {getDatabase_(String)=1, getValidTxns_(long)=1, commitTxn_(CommitTxnRequest)=9, openTxn_(String, TxnType)=2, isCompatibleWith_(Configuration)=0, flushCache_()=0, getValidWriteIds_(List, String)=2}
2024-04-24T01:55:07,294  INFO [main] ql.Driver: Completed compiling command(queryId=alex_20240424015507_bd0c0fa4-f944-40f2-a48f-f22408561d20); Time taken: 0.007 seconds
2024-04-24T01:55:07,294  INFO [main] lockmgr.DbTxnManager: Setting lock request transaction to txnid:10 for queryId=alex_20240424015507_bd0c0fa4-f944-40f2-a48f-f22408561d20
2024-04-24T01:55:07,294  INFO [main] lockmgr.DbLockManager: Requesting lock for queryId=alex_20240424015507_bd0c0fa4-f944-40f2-a48f-f22408561d20
2024-04-24T01:55:07,307  INFO [main] lockmgr.DbLockManager: Response to queryId=alex_20240424015507_bd0c0fa4-f944-40f2-a48f-f22408561d20 LockResponse(lockid:4, state:ACQUIRED)
2024-04-24T01:55:07,307  INFO [main] ql.Driver: Operation CREATETABLE obtained 1 locks
2024-04-24T01:55:07,307  INFO [main] ql.Driver: Executing command(queryId=alex_20240424015507_bd0c0fa4-f944-40f2-a48f-f22408561d20): create table nonAcidOrcTbl2(a int, b int) clustered by (a) into 2 buckets stored as orc TBLPROPERTIES ('transactional'='false')
2024-04-24T01:55:07,308  INFO [main] ql.Driver: Starting task [Stage-0:DDL] in serial mode
2024-04-24T01:55:07,308  INFO [main] HiveMetaStore.audit: ugi=alex	ip=unknown-ip-addr	cmd=create_table_req: Table(tableName:nonAcidOrcTbl2, dbName:default, owner:alex, createTime:1713948907, lastAccessTime:0, retention:0, sd:StorageDescriptor(cols:[FieldSchema(name:a, type:int, comment:null), FieldSchema(name:b, type:int, comment:null)], location:null, inputFormat:org.apache.hadoop.hive.ql.io.orc.OrcInputFormat, outputFormat:org.apache.hadoop.hive.ql.io.orc.OrcOutputFormat, compressed:false, numBuckets:2, serdeInfo:SerDeInfo(name:null, serializationLib:org.apache.hadoop.hive.ql.io.orc.OrcSerde, parameters:{serialization.format=1}), bucketCols:[a], sortCols:[], parameters:{}, skewedInfo:SkewedInfo(skewedColNames:[], skewedColValues:[], skewedColValueLocationMaps:{}), storedAsSubDirectories:false), partitionKeys:[], parameters:{totalSize=0, numFiles=0, bucketing_version=2, transactional=false, numFilesErasureCoded=0, COLUMN_STATS_ACCURATE={"BASIC_STATS":"true","COLUMN_STATS":{"a":"true","b":"true"}}, numRows=0, rawDataSize=0}, viewOriginalText:null, viewExpandedText:null, tableType:MANAGED_TABLE, privileges:PrincipalPrivilegeSet(userPrivileges:{alex=[PrivilegeGrantInfo(privilege:INSERT, createTime:-1, grantor:alex, grantorType:USER, grantOption:true), PrivilegeGrantInfo(privilege:SELECT, createTime:-1, grantor:alex, grantorType:USER, grantOption:true), PrivilegeGrantInfo(privilege:UPDATE, createTime:-1, grantor:alex, grantorType:USER, grantOption:true), PrivilegeGrantInfo(privilege:DELETE, createTime:-1, grantor:alex, grantorType:USER, grantOption:true)]}, groupPrivileges:null, rolePrivileges:null), temporary:false, catName:hive, ownerType:USER)	
2024-04-24T01:55:07,313  INFO [main] utils.FileUtils: Creating directory if it doesn't exist: file:/home/alex/Repositories/hive/ql/target/tmp/org.apache.hadoop.hive.ql.TestTxnLoadData-1713948800221/warehouse/nonacidorctbl2
2024-04-24T01:55:07,327  INFO [main] metadata.Hive: Dumping metastore api call timing information for : execution phase
2024-04-24T01:55:07,327  INFO [main] metadata.Hive: Total time spent in each metastore function (ms): {createTable_(Table)=19, isCompatibleWith_(Configuration)=0}
2024-04-24T01:55:07,327  INFO [main] ql.Driver: Completed executing command(queryId=alex_20240424015507_bd0c0fa4-f944-40f2-a48f-f22408561d20); Time taken: 0.02 seconds
2024-04-24T01:55:07,327  INFO [main] lockmgr.DbTxnManager: Stopped heartbeat for query: alex_20240424015507_bd0c0fa4-f944-40f2-a48f-f22408561d20
2024-04-24T01:55:07,331  INFO [main] txn.TxnHandler: Expected to move at least one record from txn_components to completed_txn_components when committing txn! txnid:10
2024-04-24T01:55:07,336  INFO [main] txn.TxnHandler: Removed transactions: ([10]) from MIN_HISTORY_LEVEL
2024-04-24T01:55:07,336  WARN [main] txn.CompactionTxnHandler: No compaction queue record found for Compaction type transaction commit. txnId:10
2024-04-24T01:55:07,336  INFO [main] ql.TxnCommandsBaseForTests: Running the query: create temporary  table acidTbl2(a int, b int, c int) clustered by (c) into 2 buckets stored as orc TBLPROPERTIES ('transactional'='true')
2024-04-24T01:55:07,337  INFO [main] ql.Driver: Compiling command(queryId=alex_20240424015507_42bc75eb-0ecf-436f-b474-21716f26b619): create temporary  table acidTbl2(a int, b int, c int) clustered by (c) into 2 buckets stored as orc TBLPROPERTIES ('transactional'='true')
2024-04-24T01:55:07,339  INFO [main] txn.TxnHandler: Added entries to MIN_HISTORY_LEVEL for current txns: ([11]) with min_open_txn: 1
2024-04-24T01:55:07,339  INFO [main] lockmgr.DbTxnManager: Opened txnid:11
2024-04-24T01:55:07,339  INFO [main] parse.CalcitePlanner: Starting caching scope for: 
2024-04-24T01:55:07,339  INFO [main] parse.CalcitePlanner: Starting Semantic Analysis
2024-04-24T01:55:07,341  INFO [main] parse.CalcitePlanner: Creating table default.acidTbl2 position=24
2024-04-24T01:55:07,342  INFO [main] HiveMetaStore.audit: ugi=alex	ip=unknown-ip-addr	cmd=get_database: default	
2024-04-24T01:55:07,343  INFO [main] parse.CalcitePlanner: Ending caching scope for: 
2024-04-24T01:55:07,343  INFO [main] ql.Driver: Semantic Analysis Completed (retrial = false)
2024-04-24T01:55:07,343  INFO [main] ql.Driver: Created Hive schema: Schema(fieldSchemas:null, properties:null)
2024-04-24T01:55:07,343  INFO [main] metadata.Hive: Dumping metastore api call timing information for : compilation phase
2024-04-24T01:55:07,344  INFO [main] metadata.Hive: Total time spent in each metastore function (ms): {openTxn_(String, TxnType)=2, getDatabase_(String)=2, commitTxn_(CommitTxnRequest)=9, getValidWriteIds_(List, String)=1, isCompatibleWith_(Configuration)=0, getValidTxns_(long)=0, flushCache_()=0}
2024-04-24T01:55:07,344  INFO [main] ql.Driver: Completed compiling command(queryId=alex_20240424015507_42bc75eb-0ecf-436f-b474-21716f26b619); Time taken: 0.006 seconds
2024-04-24T01:55:07,344  INFO [main] lockmgr.DbTxnManager: Setting lock request transaction to txnid:11 for queryId=alex_20240424015507_42bc75eb-0ecf-436f-b474-21716f26b619
2024-04-24T01:55:07,344  INFO [main] lockmgr.DbLockManager: Requesting lock for queryId=alex_20240424015507_42bc75eb-0ecf-436f-b474-21716f26b619
2024-04-24T01:55:07,357  INFO [main] lockmgr.DbLockManager: Response to queryId=alex_20240424015507_42bc75eb-0ecf-436f-b474-21716f26b619 LockResponse(lockid:5, state:ACQUIRED)
2024-04-24T01:55:07,357  INFO [main] ql.Driver: Operation CREATETABLE obtained 1 locks
2024-04-24T01:55:07,358  INFO [main] ql.Driver: Executing command(queryId=alex_20240424015507_42bc75eb-0ecf-436f-b474-21716f26b619): create temporary  table acidTbl2(a int, b int, c int) clustered by (c) into 2 buckets stored as orc TBLPROPERTIES ('transactional'='true')
2024-04-24T01:55:07,358  INFO [main] ql.Driver: Starting task [Stage-0:DDL] in serial mode
2024-04-24T01:55:07,359  INFO [main] utils.FileUtils: Creating directory if it doesn't exist: file:/home/alex/Repositories/hive/ql/target/tmp/scratchdir/alex/9fc47fff-cafa-47ec-954c-5ee310d78230/_tmp_space.db/85573e55-c675-46a5-aeeb-d422930dfa76
2024-04-24T01:55:07,362  INFO [main] metadata.Hive: Dumping metastore api call timing information for : execution phase
2024-04-24T01:55:07,362  INFO [main] metadata.Hive: Total time spent in each metastore function (ms): {isCompatibleWith_(Configuration)=0, createTable_(Table)=3}
2024-04-24T01:55:07,362  INFO [main] ql.Driver: Completed executing command(queryId=alex_20240424015507_42bc75eb-0ecf-436f-b474-21716f26b619); Time taken: 0.004 seconds
2024-04-24T01:55:07,362  INFO [main] lockmgr.DbTxnManager: Stopped heartbeat for query: alex_20240424015507_42bc75eb-0ecf-436f-b474-21716f26b619
2024-04-24T01:55:07,366  INFO [main] txn.TxnHandler: Expected to move at least one record from txn_components to completed_txn_components when committing txn! txnid:11
2024-04-24T01:55:07,370  INFO [main] txn.TxnHandler: Removed transactions: ([11]) from MIN_HISTORY_LEVEL
2024-04-24T01:55:07,370  WARN [main] txn.CompactionTxnHandler: No compaction queue record found for Compaction type transaction commit. txnId:11
2024-04-24T01:55:07,371  INFO [main] ql.TxnCommandsBaseForTests: Running the query: create table nonAcidNonBucket(a int, b int) stored as orc TBLPROPERTIES ('transactional'='false')
2024-04-24T01:55:07,371  INFO [main] ql.Driver: Compiling command(queryId=alex_20240424015507_656a5b65-7e47-49c7-94f2-84fb702f0e7c): create table nonAcidNonBucket(a int, b int) stored as orc TBLPROPERTIES ('transactional'='false')
2024-04-24T01:55:07,373  INFO [main] txn.TxnHandler: Added entries to MIN_HISTORY_LEVEL for current txns: ([12]) with min_open_txn: 1
2024-04-24T01:55:07,373  INFO [main] lockmgr.DbTxnManager: Opened txnid:12
2024-04-24T01:55:07,374  INFO [main] parse.CalcitePlanner: Starting caching scope for: 
2024-04-24T01:55:07,374  INFO [main] parse.CalcitePlanner: Starting Semantic Analysis
2024-04-24T01:55:07,376  INFO [main] parse.CalcitePlanner: Creating table default.nonAcidNonBucket position=13
2024-04-24T01:55:07,376  INFO [main] HiveMetaStore.audit: ugi=alex	ip=unknown-ip-addr	cmd=get_database: default	
2024-04-24T01:55:07,377  INFO [main] parse.CalcitePlanner: Ending caching scope for: 
2024-04-24T01:55:07,377  INFO [main] ql.Driver: Semantic Analysis Completed (retrial = false)
2024-04-24T01:55:07,378  INFO [main] ql.Driver: Created Hive schema: Schema(fieldSchemas:null, properties:null)
2024-04-24T01:55:07,378  INFO [main] metadata.Hive: Dumping metastore api call timing information for : compilation phase
2024-04-24T01:55:07,378  INFO [main] metadata.Hive: Total time spent in each metastore function (ms): {getValidTxns_(long)=1, getValidWriteIds_(List, String)=2, commitTxn_(CommitTxnRequest)=9, openTxn_(String, TxnType)=1, isCompatibleWith_(Configuration)=0, flushCache_()=0, getDatabase_(String)=1}
2024-04-24T01:55:07,378  INFO [main] ql.Driver: Completed compiling command(queryId=alex_20240424015507_656a5b65-7e47-49c7-94f2-84fb702f0e7c); Time taken: 0.007 seconds
2024-04-24T01:55:07,378  INFO [main] lockmgr.DbTxnManager: Setting lock request transaction to txnid:12 for queryId=alex_20240424015507_656a5b65-7e47-49c7-94f2-84fb702f0e7c
2024-04-24T01:55:07,378  INFO [main] lockmgr.DbLockManager: Requesting lock for queryId=alex_20240424015507_656a5b65-7e47-49c7-94f2-84fb702f0e7c
2024-04-24T01:55:07,391  INFO [main] lockmgr.DbLockManager: Response to queryId=alex_20240424015507_656a5b65-7e47-49c7-94f2-84fb702f0e7c LockResponse(lockid:6, state:ACQUIRED)
2024-04-24T01:55:07,391  INFO [main] ql.Driver: Operation CREATETABLE obtained 1 locks
2024-04-24T01:55:07,391  INFO [main] ql.Driver: Executing command(queryId=alex_20240424015507_656a5b65-7e47-49c7-94f2-84fb702f0e7c): create table nonAcidNonBucket(a int, b int) stored as orc TBLPROPERTIES ('transactional'='false')
2024-04-24T01:55:07,391  INFO [main] ql.Driver: Starting task [Stage-0:DDL] in serial mode
2024-04-24T01:55:07,392  INFO [main] HiveMetaStore.audit: ugi=alex	ip=unknown-ip-addr	cmd=create_table_req: Table(tableName:nonAcidNonBucket, dbName:default, owner:alex, createTime:1713948907, lastAccessTime:0, retention:0, sd:StorageDescriptor(cols:[FieldSchema(name:a, type:int, comment:null), FieldSchema(name:b, type:int, comment:null)], location:null, inputFormat:org.apache.hadoop.hive.ql.io.orc.OrcInputFormat, outputFormat:org.apache.hadoop.hive.ql.io.orc.OrcOutputFormat, compressed:false, numBuckets:-1, serdeInfo:SerDeInfo(name:null, serializationLib:org.apache.hadoop.hive.ql.io.orc.OrcSerde, parameters:{serialization.format=1}), bucketCols:[], sortCols:[], parameters:{}, skewedInfo:SkewedInfo(skewedColNames:[], skewedColValues:[], skewedColValueLocationMaps:{}), storedAsSubDirectories:false), partitionKeys:[], parameters:{rawDataSize=0, totalSize=0, numRows=0, numFilesErasureCoded=0, transactional=false, bucketing_version=2, COLUMN_STATS_ACCURATE={"BASIC_STATS":"true","COLUMN_STATS":{"a":"true","b":"true"}}, numFiles=0}, viewOriginalText:null, viewExpandedText:null, tableType:MANAGED_TABLE, privileges:PrincipalPrivilegeSet(userPrivileges:{alex=[PrivilegeGrantInfo(privilege:INSERT, createTime:-1, grantor:alex, grantorType:USER, grantOption:true), PrivilegeGrantInfo(privilege:SELECT, createTime:-1, grantor:alex, grantorType:USER, grantOption:true), PrivilegeGrantInfo(privilege:UPDATE, createTime:-1, grantor:alex, grantorType:USER, grantOption:true), PrivilegeGrantInfo(privilege:DELETE, createTime:-1, grantor:alex, grantorType:USER, grantOption:true)]}, groupPrivileges:null, rolePrivileges:null), temporary:false, catName:hive, ownerType:USER)	
2024-04-24T01:55:07,398  INFO [main] utils.FileUtils: Creating directory if it doesn't exist: file:/home/alex/Repositories/hive/ql/target/tmp/org.apache.hadoop.hive.ql.TestTxnLoadData-1713948800221/warehouse/nonacidnonbucket
2024-04-24T01:55:07,411  INFO [main] metadata.Hive: Dumping metastore api call timing information for : execution phase
2024-04-24T01:55:07,411  INFO [main] metadata.Hive: Total time spent in each metastore function (ms): {createTable_(Table)=19, isCompatibleWith_(Configuration)=0}
2024-04-24T01:55:07,411  INFO [main] ql.Driver: Completed executing command(queryId=alex_20240424015507_656a5b65-7e47-49c7-94f2-84fb702f0e7c); Time taken: 0.02 seconds
2024-04-24T01:55:07,411  INFO [main] lockmgr.DbTxnManager: Stopped heartbeat for query: alex_20240424015507_656a5b65-7e47-49c7-94f2-84fb702f0e7c
2024-04-24T01:55:07,415  INFO [main] txn.TxnHandler: Expected to move at least one record from txn_components to completed_txn_components when committing txn! txnid:12
2024-04-24T01:55:07,419  INFO [main] txn.TxnHandler: Removed transactions: ([12]) from MIN_HISTORY_LEVEL
2024-04-24T01:55:07,420  WARN [main] txn.CompactionTxnHandler: No compaction queue record found for Compaction type transaction commit. txnId:12
2024-04-24T01:55:07,420  INFO [main] ql.TxnCommandsBaseForTests: Running the query: drop table if exists T
2024-04-24T01:55:07,420  INFO [main] ql.Driver: Compiling command(queryId=alex_20240424015507_a4ba5877-155f-4bac-9652-2a27d8613d84): drop table if exists T
2024-04-24T01:55:07,422  INFO [main] txn.TxnHandler: Added entries to MIN_HISTORY_LEVEL for current txns: ([13]) with min_open_txn: 1
2024-04-24T01:55:07,423  INFO [main] lockmgr.DbTxnManager: Opened txnid:13
2024-04-24T01:55:07,423  INFO [main] HiveMetaStore.audit: ugi=alex	ip=unknown-ip-addr	cmd=get_table : tbl=hive.default.T	
2024-04-24T01:55:07,439  INFO [main] metastore.HMSHandler: Skipping translation for processor with null
2024-04-24T01:55:07,440  INFO [main] ql.Driver: Semantic Analysis Completed (retrial = false)
2024-04-24T01:55:07,440  INFO [main] ql.Driver: Created Hive schema: Schema(fieldSchemas:null, properties:null)
2024-04-24T01:55:07,440  INFO [main] metadata.Hive: Dumping metastore api call timing information for : compilation phase
2024-04-24T01:55:07,440  INFO [main] metadata.Hive: Total time spent in each metastore function (ms): {openTxn_(String, TxnType)=2, commitTxn_(CommitTxnRequest)=8, flushCache_()=0, getTable_(GetTableRequest)=17, getValidTxns_(long)=0, isCompatibleWith_(Configuration)=1}
2024-04-24T01:55:07,440  INFO [main] ql.Driver: Completed compiling command(queryId=alex_20240424015507_a4ba5877-155f-4bac-9652-2a27d8613d84); Time taken: 0.02 seconds
2024-04-24T01:55:07,440  INFO [main] lockmgr.DbTxnManager: Setting lock request transaction to txnid:13 for queryId=alex_20240424015507_a4ba5877-155f-4bac-9652-2a27d8613d84
2024-04-24T01:55:07,441  INFO [main] lockmgr.DbLockManager: Requesting lock for queryId=alex_20240424015507_a4ba5877-155f-4bac-9652-2a27d8613d84
2024-04-24T01:55:07,456  INFO [main] lockmgr.DbLockManager: Response to queryId=alex_20240424015507_a4ba5877-155f-4bac-9652-2a27d8613d84 LockResponse(lockid:7, state:ACQUIRED)
2024-04-24T01:55:07,456  INFO [main] ql.Driver: Operation DROPTABLE obtained 1 locks
2024-04-24T01:55:07,456  INFO [main] ql.Driver: Executing command(queryId=alex_20240424015507_a4ba5877-155f-4bac-9652-2a27d8613d84): drop table if exists T
2024-04-24T01:55:07,456  INFO [main] ql.Driver: Starting task [Stage-0:DDL] in serial mode
2024-04-24T01:55:07,456  INFO [main] HiveMetaStore.audit: ugi=alex	ip=unknown-ip-addr	cmd=get_table : tbl=hive.default.T	
2024-04-24T01:55:07,462  INFO [main] metastore.HMSHandler: Skipping translation for processor with null
2024-04-24T01:55:07,462  INFO [main] HiveMetaStore.audit: ugi=alex	ip=unknown-ip-addr	cmd=get_table : tbl=hive.default.T	
2024-04-24T01:55:07,468  INFO [main] metastore.HMSHandler: Skipping translation for processor with null
2024-04-24T01:55:07,468  INFO [main] HiveMetaStore.audit: ugi=alex	ip=unknown-ip-addr	cmd=drop_table : tbl=hive.default.T	
2024-04-24T01:55:07,604  WARN [main] utils.FileUtils: File file:/home/alex/Repositories/hive/ql/target/tmp/org.apache.hadoop.hive.ql.TestTxnLoadData-1713948800221/warehouse/t does not exist; Force to delete it.
2024-04-24T01:55:07,604 ERROR [main] utils.FileUtils: Failed to delete file:/home/alex/Repositories/hive/ql/target/tmp/org.apache.hadoop.hive.ql.TestTxnLoadData-1713948800221/warehouse/t
2024-04-24T01:55:07,604  INFO [main] metadata.Hive: Dumping metastore api call timing information for : execution phase
2024-04-24T01:55:07,604  INFO [main] metadata.Hive: Total time spent in each metastore function (ms): {dropTable_(String, String, boolean, boolean, boolean)=142, getTable_(GetTableRequest)=6, isCompatibleWith_(Configuration)=0}
2024-04-24T01:55:07,605  INFO [main] ql.Driver: Completed executing command(queryId=alex_20240424015507_a4ba5877-155f-4bac-9652-2a27d8613d84); Time taken: 0.148 seconds
2024-04-24T01:55:07,605  INFO [main] lockmgr.DbTxnManager: Stopped heartbeat for query: alex_20240424015507_a4ba5877-155f-4bac-9652-2a27d8613d84
2024-04-24T01:55:07,608  INFO [main] txn.TxnHandler: Expected to move at least one record from txn_components to completed_txn_components when committing txn! txnid:13
2024-04-24T01:55:07,614  INFO [main] txn.TxnHandler: Removed transactions: ([13]) from MIN_HISTORY_LEVEL
2024-04-24T01:55:07,614  WARN [main] txn.CompactionTxnHandler: No compaction queue record found for Compaction type transaction commit. txnId:13
2024-04-24T01:55:07,615  INFO [main] ql.TxnCommandsBaseForTests: Running the query: drop table if exists Tstage
2024-04-24T01:55:07,615  INFO [main] ql.Driver: Compiling command(queryId=alex_20240424015507_5b057a0e-364b-4cc5-bdd8-1a5adb805751): drop table if exists Tstage
2024-04-24T01:55:07,617  INFO [main] txn.TxnHandler: Added entries to MIN_HISTORY_LEVEL for current txns: ([14]) with min_open_txn: 1
2024-04-24T01:55:07,617  INFO [main] lockmgr.DbTxnManager: Opened txnid:14
2024-04-24T01:55:07,618  INFO [main] HiveMetaStore.audit: ugi=alex	ip=unknown-ip-addr	cmd=get_table : tbl=hive.default.Tstage	
2024-04-24T01:55:07,639  INFO [main] metastore.HMSHandler: Skipping translation for processor with null
2024-04-24T01:55:07,639  INFO [main] ql.Driver: Semantic Analysis Completed (retrial = false)
2024-04-24T01:55:07,639  INFO [main] ql.Driver: Created Hive schema: Schema(fieldSchemas:null, properties:null)
2024-04-24T01:55:07,639  INFO [main] metadata.Hive: Dumping metastore api call timing information for : compilation phase
2024-04-24T01:55:07,639  INFO [main] metadata.Hive: Total time spent in each metastore function (ms): {getTable_(GetTableRequest)=21, isCompatibleWith_(Configuration)=1, flushCache_()=0, getValidTxns_(long)=0, commitTxn_(CommitTxnRequest)=10, openTxn_(String, TxnType)=2}
2024-04-24T01:55:07,639  INFO [main] ql.Driver: Completed compiling command(queryId=alex_20240424015507_5b057a0e-364b-4cc5-bdd8-1a5adb805751); Time taken: 0.024 seconds
2024-04-24T01:55:07,639  INFO [main] lockmgr.DbTxnManager: Setting lock request transaction to txnid:14 for queryId=alex_20240424015507_5b057a0e-364b-4cc5-bdd8-1a5adb805751
2024-04-24T01:55:07,640  INFO [main] lockmgr.DbLockManager: Requesting lock for queryId=alex_20240424015507_5b057a0e-364b-4cc5-bdd8-1a5adb805751
2024-04-24T01:55:07,654  INFO [main] lockmgr.DbLockManager: Response to queryId=alex_20240424015507_5b057a0e-364b-4cc5-bdd8-1a5adb805751 LockResponse(lockid:8, state:ACQUIRED)
2024-04-24T01:55:07,654  INFO [main] ql.Driver: Operation DROPTABLE obtained 1 locks
2024-04-24T01:55:07,654  INFO [main] ql.Driver: Executing command(queryId=alex_20240424015507_5b057a0e-364b-4cc5-bdd8-1a5adb805751): drop table if exists Tstage
2024-04-24T01:55:07,654  INFO [main] ql.Driver: Starting task [Stage-0:DDL] in serial mode
2024-04-24T01:55:07,654  INFO [main] HiveMetaStore.audit: ugi=alex	ip=unknown-ip-addr	cmd=get_table : tbl=hive.default.Tstage	
2024-04-24T01:55:07,662  INFO [main] metastore.HMSHandler: Skipping translation for processor with null
2024-04-24T01:55:07,663  INFO [main] HiveMetaStore.audit: ugi=alex	ip=unknown-ip-addr	cmd=get_table : tbl=hive.default.Tstage	
2024-04-24T01:55:07,671  INFO [main] metastore.HMSHandler: Skipping translation for processor with null
2024-04-24T01:55:07,671  INFO [main] HiveMetaStore.audit: ugi=alex	ip=unknown-ip-addr	cmd=drop_table : tbl=hive.default.Tstage	
2024-04-24T01:55:07,699  WARN [main] utils.FileUtils: File file:/home/alex/Repositories/hive/ql/target/tmp/org.apache.hadoop.hive.ql.TestTxnLoadData-1713948800221/warehouse/tstage does not exist; Force to delete it.
2024-04-24T01:55:07,699 ERROR [main] utils.FileUtils: Failed to delete file:/home/alex/Repositories/hive/ql/target/tmp/org.apache.hadoop.hive.ql.TestTxnLoadData-1713948800221/warehouse/tstage
2024-04-24T01:55:07,699  INFO [main] metadata.Hive: Dumping metastore api call timing information for : execution phase
2024-04-24T01:55:07,699  INFO [main] metadata.Hive: Total time spent in each metastore function (ms): {getTable_(GetTableRequest)=9, isCompatibleWith_(Configuration)=0, dropTable_(String, String, boolean, boolean, boolean)=36}
2024-04-24T01:55:07,699  INFO [main] ql.Driver: Completed executing command(queryId=alex_20240424015507_5b057a0e-364b-4cc5-bdd8-1a5adb805751); Time taken: 0.045 seconds
2024-04-24T01:55:07,699  INFO [main] lockmgr.DbTxnManager: Stopped heartbeat for query: alex_20240424015507_5b057a0e-364b-4cc5-bdd8-1a5adb805751
2024-04-24T01:55:07,703  INFO [main] txn.TxnHandler: Expected to move at least one record from txn_components to completed_txn_components when committing txn! txnid:14
2024-04-24T01:55:07,707  INFO [main] txn.TxnHandler: Removed transactions: ([14]) from MIN_HISTORY_LEVEL
2024-04-24T01:55:07,708  WARN [main] txn.CompactionTxnHandler: No compaction queue record found for Compaction type transaction commit. txnId:14
2024-04-24T01:55:07,709  INFO [main] ql.TxnCommandsBaseForTests: Running the query: create table T (a int, b int) stored as orc tblproperties('transactional'='true')
2024-04-24T01:55:07,709  INFO [main] ql.Driver: Compiling command(queryId=alex_20240424015507_9ee8c836-0b76-4c87-b3ce-4e6c39659e87): create table T (a int, b int) stored as orc tblproperties('transactional'='true')
2024-04-24T01:55:07,711  INFO [main] txn.TxnHandler: Added entries to MIN_HISTORY_LEVEL for current txns: ([15]) with min_open_txn: 1
2024-04-24T01:55:07,711  INFO [main] lockmgr.DbTxnManager: Opened txnid:15
2024-04-24T01:55:07,712  INFO [main] parse.CalcitePlanner: Starting caching scope for: 
2024-04-24T01:55:07,712  INFO [main] parse.CalcitePlanner: Starting Semantic Analysis
2024-04-24T01:55:07,716  INFO [main] parse.CalcitePlanner: Creating table default.T position=13
2024-04-24T01:55:07,717  INFO [main] HiveMetaStore.audit: ugi=alex	ip=unknown-ip-addr	cmd=get_database: default	
2024-04-24T01:55:07,718  INFO [main] parse.CalcitePlanner: Ending caching scope for: 
2024-04-24T01:55:07,718  INFO [main] ql.Driver: Semantic Analysis Completed (retrial = false)
2024-04-24T01:55:07,718  INFO [main] ql.Driver: Created Hive schema: Schema(fieldSchemas:null, properties:null)
2024-04-24T01:55:07,718  INFO [main] metadata.Hive: Dumping metastore api call timing information for : compilation phase
2024-04-24T01:55:07,718  INFO [main] metadata.Hive: Total time spent in each metastore function (ms): {commitTxn_(CommitTxnRequest)=9, flushCache_()=0, getValidTxns_(long)=0, getValidWriteIds_(List, String)=4, openTxn_(String, TxnType)=1, getDatabase_(String)=1, isCompatibleWith_(Configuration)=2}
2024-04-24T01:55:07,719  INFO [main] ql.Driver: Completed compiling command(queryId=alex_20240424015507_9ee8c836-0b76-4c87-b3ce-4e6c39659e87); Time taken: 0.009 seconds
2024-04-24T01:55:07,719  INFO [main] lockmgr.DbTxnManager: Setting lock request transaction to txnid:15 for queryId=alex_20240424015507_9ee8c836-0b76-4c87-b3ce-4e6c39659e87
2024-04-24T01:55:07,719  INFO [main] lockmgr.DbLockManager: Requesting lock for queryId=alex_20240424015507_9ee8c836-0b76-4c87-b3ce-4e6c39659e87
2024-04-24T01:55:07,731  INFO [main] lockmgr.DbLockManager: Response to queryId=alex_20240424015507_9ee8c836-0b76-4c87-b3ce-4e6c39659e87 LockResponse(lockid:9, state:ACQUIRED)
2024-04-24T01:55:07,731  INFO [main] ql.Driver: Operation CREATETABLE obtained 1 locks
2024-04-24T01:55:07,732  INFO [main] ql.Driver: Executing command(queryId=alex_20240424015507_9ee8c836-0b76-4c87-b3ce-4e6c39659e87): create table T (a int, b int) stored as orc tblproperties('transactional'='true')
2024-04-24T01:55:07,732  INFO [main] ql.Driver: Starting task [Stage-0:DDL] in serial mode
2024-04-24T01:55:07,733  INFO [main] HiveMetaStore.audit: ugi=alex	ip=unknown-ip-addr	cmd=create_table_req: Table(tableName:T, dbName:default, owner:alex, createTime:1713948907, lastAccessTime:0, retention:0, sd:StorageDescriptor(cols:[FieldSchema(name:a, type:int, comment:null), FieldSchema(name:b, type:int, comment:null)], location:null, inputFormat:org.apache.hadoop.hive.ql.io.orc.OrcInputFormat, outputFormat:org.apache.hadoop.hive.ql.io.orc.OrcOutputFormat, compressed:false, numBuckets:-1, serdeInfo:SerDeInfo(name:null, serializationLib:org.apache.hadoop.hive.ql.io.orc.OrcSerde, parameters:{serialization.format=1}), bucketCols:[], sortCols:[], parameters:{}, skewedInfo:SkewedInfo(skewedColNames:[], skewedColValues:[], skewedColValueLocationMaps:{}), storedAsSubDirectories:false), partitionKeys:[], parameters:{numFiles=0, COLUMN_STATS_ACCURATE={"BASIC_STATS":"true","COLUMN_STATS":{"a":"true","b":"true"}}, totalSize=0, numRows=0, transactional=true, numFilesErasureCoded=0, bucketing_version=2, rawDataSize=0}, viewOriginalText:null, viewExpandedText:null, tableType:MANAGED_TABLE, privileges:PrincipalPrivilegeSet(userPrivileges:{alex=[PrivilegeGrantInfo(privilege:INSERT, createTime:-1, grantor:alex, grantorType:USER, grantOption:true), PrivilegeGrantInfo(privilege:SELECT, createTime:-1, grantor:alex, grantorType:USER, grantOption:true), PrivilegeGrantInfo(privilege:UPDATE, createTime:-1, grantor:alex, grantorType:USER, grantOption:true), PrivilegeGrantInfo(privilege:DELETE, createTime:-1, grantor:alex, grantorType:USER, grantOption:true)]}, groupPrivileges:null, rolePrivileges:null), temporary:false, catName:hive, ownerType:USER, writeId:0)	
2024-04-24T01:55:07,738  INFO [main] utils.FileUtils: Creating directory if it doesn't exist: file:/home/alex/Repositories/hive/ql/target/tmp/org.apache.hadoop.hive.ql.TestTxnLoadData-1713948800221/warehouse/t
2024-04-24T01:55:07,769  INFO [main] metadata.Hive: Dumping metastore api call timing information for : execution phase
2024-04-24T01:55:07,769  INFO [main] metadata.Hive: Total time spent in each metastore function (ms): {createTable_(Table)=37, isCompatibleWith_(Configuration)=0}
2024-04-24T01:55:07,769  INFO [main] ql.Driver: Completed executing command(queryId=alex_20240424015507_9ee8c836-0b76-4c87-b3ce-4e6c39659e87); Time taken: 0.037 seconds
2024-04-24T01:55:07,769  INFO [main] lockmgr.DbTxnManager: Stopped heartbeat for query: alex_20240424015507_9ee8c836-0b76-4c87-b3ce-4e6c39659e87
2024-04-24T01:55:07,772  INFO [main] txn.TxnHandler: Expected to move at least one record from txn_components to completed_txn_components when committing txn! txnid:15
2024-04-24T01:55:07,777  INFO [main] txn.TxnHandler: Removed transactions: ([15]) from MIN_HISTORY_LEVEL
2024-04-24T01:55:07,777  WARN [main] txn.CompactionTxnHandler: No compaction queue record found for Compaction type transaction commit. txnId:15
2024-04-24T01:55:07,778  INFO [main] ql.TxnCommandsBaseForTests: Running the query: create table Tstage (a int, b int) stored as orc tblproperties('transactional'='false')
2024-04-24T01:55:07,778  INFO [main] ql.Driver: Compiling command(queryId=alex_20240424015507_bd00f790-b47b-499c-9420-3f3fc03a33a1): create table Tstage (a int, b int) stored as orc tblproperties('transactional'='false')
2024-04-24T01:55:07,781  INFO [main] txn.TxnHandler: Added entries to MIN_HISTORY_LEVEL for current txns: ([16]) with min_open_txn: 1
2024-04-24T01:55:07,781  INFO [main] lockmgr.DbTxnManager: Opened txnid:16
2024-04-24T01:55:07,782  INFO [main] parse.CalcitePlanner: Starting caching scope for: 
2024-04-24T01:55:07,782  INFO [main] parse.CalcitePlanner: Starting Semantic Analysis
2024-04-24T01:55:07,784  INFO [main] parse.CalcitePlanner: Creating table default.Tstage position=13
2024-04-24T01:55:07,785  INFO [main] HiveMetaStore.audit: ugi=alex	ip=unknown-ip-addr	cmd=get_database: default	
2024-04-24T01:55:07,786  INFO [main] parse.CalcitePlanner: Ending caching scope for: 
2024-04-24T01:55:07,786  INFO [main] ql.Driver: Semantic Analysis Completed (retrial = false)
2024-04-24T01:55:07,786  INFO [main] ql.Driver: Created Hive schema: Schema(fieldSchemas:null, properties:null)
2024-04-24T01:55:07,786  INFO [main] metadata.Hive: Dumping metastore api call timing information for : compilation phase
2024-04-24T01:55:07,786  INFO [main] metadata.Hive: Total time spent in each metastore function (ms): {commitTxn_(CommitTxnRequest)=9, getValidTxns_(long)=0, openTxn_(String, TxnType)=2, getDatabase_(String)=1, isCompatibleWith_(Configuration)=0, getValidWriteIds_(List, String)=2, flushCache_()=0}
2024-04-24T01:55:07,787  INFO [main] ql.Driver: Completed compiling command(queryId=alex_20240424015507_bd00f790-b47b-499c-9420-3f3fc03a33a1); Time taken: 0.008 seconds
2024-04-24T01:55:07,787  INFO [main] lockmgr.DbTxnManager: Setting lock request transaction to txnid:16 for queryId=alex_20240424015507_bd00f790-b47b-499c-9420-3f3fc03a33a1
2024-04-24T01:55:07,787  INFO [main] lockmgr.DbLockManager: Requesting lock for queryId=alex_20240424015507_bd00f790-b47b-499c-9420-3f3fc03a33a1
2024-04-24T01:55:07,800  INFO [main] lockmgr.DbLockManager: Response to queryId=alex_20240424015507_bd00f790-b47b-499c-9420-3f3fc03a33a1 LockResponse(lockid:10, state:ACQUIRED)
2024-04-24T01:55:07,800  INFO [main] ql.Driver: Operation CREATETABLE obtained 1 locks
2024-04-24T01:55:07,800  INFO [main] ql.Driver: Executing command(queryId=alex_20240424015507_bd00f790-b47b-499c-9420-3f3fc03a33a1): create table Tstage (a int, b int) stored as orc tblproperties('transactional'='false')
2024-04-24T01:55:07,800  INFO [main] ql.Driver: Starting task [Stage-0:DDL] in serial mode
2024-04-24T01:55:07,801  INFO [main] HiveMetaStore.audit: ugi=alex	ip=unknown-ip-addr	cmd=create_table_req: Table(tableName:Tstage, dbName:default, owner:alex, createTime:1713948907, lastAccessTime:0, retention:0, sd:StorageDescriptor(cols:[FieldSchema(name:a, type:int, comment:null), FieldSchema(name:b, type:int, comment:null)], location:null, inputFormat:org.apache.hadoop.hive.ql.io.orc.OrcInputFormat, outputFormat:org.apache.hadoop.hive.ql.io.orc.OrcOutputFormat, compressed:false, numBuckets:-1, serdeInfo:SerDeInfo(name:null, serializationLib:org.apache.hadoop.hive.ql.io.orc.OrcSerde, parameters:{serialization.format=1}), bucketCols:[], sortCols:[], parameters:{}, skewedInfo:SkewedInfo(skewedColNames:[], skewedColValues:[], skewedColValueLocationMaps:{}), storedAsSubDirectories:false), partitionKeys:[], parameters:{bucketing_version=2, rawDataSize=0, COLUMN_STATS_ACCURATE={"BASIC_STATS":"true","COLUMN_STATS":{"a":"true","b":"true"}}, transactional=false, numFilesErasureCoded=0, totalSize=0, numRows=0, numFiles=0}, viewOriginalText:null, viewExpandedText:null, tableType:MANAGED_TABLE, privileges:PrincipalPrivilegeSet(userPrivileges:{alex=[PrivilegeGrantInfo(privilege:INSERT, createTime:-1, grantor:alex, grantorType:USER, grantOption:true), PrivilegeGrantInfo(privilege:SELECT, createTime:-1, grantor:alex, grantorType:USER, grantOption:true), PrivilegeGrantInfo(privilege:UPDATE, createTime:-1, grantor:alex, grantorType:USER, grantOption:true), PrivilegeGrantInfo(privilege:DELETE, createTime:-1, grantor:alex, grantorType:USER, grantOption:true)]}, groupPrivileges:null, rolePrivileges:null), temporary:false, catName:hive, ownerType:USER)	
2024-04-24T01:55:07,807  INFO [main] utils.FileUtils: Creating directory if it doesn't exist: file:/home/alex/Repositories/hive/ql/target/tmp/org.apache.hadoop.hive.ql.TestTxnLoadData-1713948800221/warehouse/tstage
2024-04-24T01:55:07,821  INFO [main] metadata.Hive: Dumping metastore api call timing information for : execution phase
2024-04-24T01:55:07,822  INFO [main] metadata.Hive: Total time spent in each metastore function (ms): {createTable_(Table)=20, isCompatibleWith_(Configuration)=0}
2024-04-24T01:55:07,822  INFO [main] ql.Driver: Completed executing command(queryId=alex_20240424015507_bd00f790-b47b-499c-9420-3f3fc03a33a1); Time taken: 0.021 seconds
2024-04-24T01:55:07,822  INFO [main] lockmgr.DbTxnManager: Stopped heartbeat for query: alex_20240424015507_bd00f790-b47b-499c-9420-3f3fc03a33a1
2024-04-24T01:55:07,825  INFO [main] txn.TxnHandler: Expected to move at least one record from txn_components to completed_txn_components when committing txn! txnid:16
2024-04-24T01:55:07,831  INFO [main] txn.TxnHandler: Removed transactions: ([16]) from MIN_HISTORY_LEVEL
2024-04-24T01:55:07,831  WARN [main] txn.CompactionTxnHandler: No compaction queue record found for Compaction type transaction commit. txnId:16
2024-04-24T01:55:07,831  INFO [main] ql.TxnCommandsBaseForTests: Running the query: insert into Tstage values(1,2),(3,4)
2024-04-24T01:55:07,832  INFO [main] ql.Driver: Compiling command(queryId=alex_20240424015507_16e8853b-941c-4c99-922b-8e42bd4575db): insert into Tstage values(1,2),(3,4)
2024-04-24T01:55:07,834  INFO [main] txn.TxnHandler: Added entries to MIN_HISTORY_LEVEL for current txns: ([17]) with min_open_txn: 1
2024-04-24T01:55:07,834  INFO [main] lockmgr.DbTxnManager: Opened txnid:17
2024-04-24T01:55:07,835  INFO [main] parse.CalcitePlanner: Starting caching scope for: 
2024-04-24T01:55:07,835  INFO [main] parse.CalcitePlanner: Starting Semantic Analysis
2024-04-24T01:55:07,837  INFO [main] HiveMetaStore.audit: ugi=alex	ip=unknown-ip-addr	cmd=get_table : tbl=hive.default.Tstage	
2024-04-24T01:55:07,846  INFO [main] metastore.HMSHandler: Skipping translation for processor with null
2024-04-24T01:55:07,846  INFO [main] parse.CalcitePlanner: Completed phase 1 of Semantic Analysis
2024-04-24T01:55:07,846  INFO [main] parse.CalcitePlanner: Get metadata for source tables
2024-04-24T01:55:07,846  INFO [main] parse.CalcitePlanner: Get metadata for subqueries
2024-04-24T01:55:07,846  INFO [main] parse.CalcitePlanner: Get metadata for destination tables
2024-04-24T01:55:07,846  INFO [main] HiveMetaStore.audit: ugi=alex	ip=unknown-ip-addr	cmd=get_table : tbl=hive.default.Tstage	
2024-04-24T01:55:07,855  INFO [main] metastore.HMSHandler: Skipping translation for processor with null
2024-04-24T01:55:07,855  INFO [main] parse.CalcitePlanner: Completed getting MetaData in Semantic Analysis
2024-04-24T01:55:07,855  INFO [main] parse.CalcitePlanner: Disabling LLAP IO encode as ETL query is detected
2024-04-24T01:55:07,875  INFO [main] HiveMetaStore.audit: ugi=alex	ip=unknown-ip-addr	cmd=get_all_table_constraints : tbl=hive._dummy_database._dummy_table	
2024-04-24T01:55:07,940  INFO [main] parse.CalcitePlanner: Get metadata for source tables
2024-04-24T01:55:07,940  INFO [main] parse.CalcitePlanner: Get metadata for subqueries
2024-04-24T01:55:07,940  INFO [main] parse.CalcitePlanner: Get metadata for source tables
2024-04-24T01:55:07,941  INFO [main] HiveMetaStore.audit: ugi=alex	ip=unknown-ip-addr	cmd=get_table : tbl=hive._dummy_database._dummy_table	
2024-04-24T01:55:07,944  INFO [main] parse.CalcitePlanner: Get metadata for subqueries
2024-04-24T01:55:07,945  INFO [main] parse.CalcitePlanner: Get metadata for destination tables
2024-04-24T01:55:07,945  INFO [main] parse.CalcitePlanner: Get metadata for destination tables
2024-04-24T01:55:07,945  INFO [main] HiveMetaStore.audit: ugi=alex	ip=unknown-ip-addr	cmd=get_table : tbl=hive.default.Tstage	
2024-04-24T01:55:07,954  INFO [main] metastore.HMSHandler: Skipping translation for processor with null
2024-04-24T01:55:07,956  INFO [main] common.FileUtils: Creating directory if it doesn't exist: file:/home/alex/Repositories/hive/ql/target/tmp/org.apache.hadoop.hive.ql.TestTxnLoadData-1713948800221/warehouse/tstage/.hive-staging_hive_2024-04-24_01-55-07_832_5998844998120618742-1
2024-04-24T01:55:07,958  INFO [main] HiveMetaStore.audit: ugi=alex	ip=unknown-ip-addr	cmd=get_not_null_constraints : tbl=hive.default.tstage	
2024-04-24T01:55:07,959  INFO [main] HiveMetaStore.audit: ugi=alex	ip=unknown-ip-addr	cmd=get_check_constraints : tbl=hive.default.tstage	
2024-04-24T01:55:07,961  INFO [main] parse.CalcitePlanner: CBO Succeeded; optimized logical plan.
2024-04-24T01:55:07,963  INFO [main] optimizer.BucketVersionPopulator: not considering bucketingVersion for: TS[0] because it has -1<2 buckets 
2024-04-24T01:55:07,963  INFO [main] optimizer.SortedDynPartitionOptimizer: Sorted dynamic partitioning optimization kicked in..
2024-04-24T01:55:07,971  INFO [main] HiveMetaStore.audit: ugi=alex	ip=unknown-ip-addr	cmd=get_table : tbl=hive.default.tstage	
2024-04-24T01:55:07,980  INFO [main] metastore.HMSHandler: Skipping translation for processor with null
2024-04-24T01:55:07,981  INFO [main] optimizer.GenMRFileSink1: using CombineHiveInputformat for the merge job
2024-04-24T01:55:07,981  INFO [main] HiveMetaStore.audit: ugi=alex	ip=unknown-ip-addr	cmd=get_table : tbl=hive.default.tstage	
2024-04-24T01:55:07,990  INFO [main] metastore.HMSHandler: Skipping translation for processor with null
2024-04-24T01:55:07,991  INFO [main] physical.Vectorizer: Examining input format to see if vectorization is enabled.
2024-04-24T01:55:07,991  INFO [main] physical.Vectorizer: Map vectorization enabled: false
2024-04-24T01:55:07,991  INFO [main] physical.Vectorizer: Map vectorized: false
2024-04-24T01:55:07,991  INFO [main] physical.Vectorizer: Map vectorizedVertexNum: 0
2024-04-24T01:55:07,991  INFO [main] physical.Vectorizer: Map enabledConditionsMet: [hive.vectorized.use.vectorized.input.format IS true]
2024-04-24T01:55:07,991  INFO [main] physical.Vectorizer: Map enabledConditionsNotMet: [Could not enable vectorization due to partition column names size 1 is greater than the number of table column names size 0 IS false]
2024-04-24T01:55:07,991  INFO [main] physical.Vectorizer: Map inputFileFormatClassNameSet: [org.apache.hadoop.hive.ql.io.NullRowsInputFormat]
2024-04-24T01:55:07,992  INFO [main] parse.CalcitePlanner: Completed plan generation
2024-04-24T01:55:07,992  INFO [main] parse.CalcitePlanner: Ending caching scope for: 
2024-04-24T01:55:07,992  INFO [main] ql.Driver: Semantic Analysis Completed (retrial = false)
2024-04-24T01:55:07,992  INFO [main] ql.Driver: Created Hive schema: Schema(fieldSchemas:[FieldSchema(name:col1, type:int, comment:null), FieldSchema(name:col2, type:int, comment:null)], properties:null)
2024-04-24T01:55:07,992  INFO [main] metadata.Hive: Dumping metastore api call timing information for : compilation phase
2024-04-24T01:55:07,992  INFO [main] metadata.Hive: Total time spent in each metastore function (ms): {openTxn_(String, TxnType)=2, getAllTableConstraints_(AllTableConstraintsRequest)=24, commitTxn_(CommitTxnRequest)=9, getValidTxns_(long)=1, getTable_(GetTableRequest)=45, isCompatibleWith_(Configuration)=0, getNotNullConstraints_(NotNullConstraintsRequest)=1, getCheckConstraints_(CheckConstraintsRequest)=1, getValidWriteIds_(List, String)=3, flushCache_()=0}
2024-04-24T01:55:07,992  INFO [main] ql.Driver: Completed compiling command(queryId=alex_20240424015507_16e8853b-941c-4c99-922b-8e42bd4575db); Time taken: 0.16 seconds
2024-04-24T01:55:07,992  INFO [main] lockmgr.DbTxnManager: Setting lock request transaction to txnid:17 for queryId=alex_20240424015507_16e8853b-941c-4c99-922b-8e42bd4575db
2024-04-24T01:55:07,992  INFO [main] lockmgr.DbLockManager: Requesting lock for queryId=alex_20240424015507_16e8853b-941c-4c99-922b-8e42bd4575db
2024-04-24T01:55:08,005  INFO [main] lockmgr.DbLockManager: Response to queryId=alex_20240424015507_16e8853b-941c-4c99-922b-8e42bd4575db LockResponse(lockid:11, state:ACQUIRED)
2024-04-24T01:55:08,005  INFO [main] ql.Driver: Operation QUERY obtained 1 locks
2024-04-24T01:55:08,005  INFO [main] ql.Driver: Executing command(queryId=alex_20240424015507_16e8853b-941c-4c99-922b-8e42bd4575db): insert into Tstage values(1,2),(3,4)
2024-04-24T01:55:08,006  WARN [main] ql.Driver: Hive-on-MR is deprecated in Hive 2 and may not be available in the future versions. Consider using a different execution engine (i.e. tez, spark) or using Hive 1.X releases.
Query ID = alex_20240424015507_16e8853b-941c-4c99-922b-8e42bd4575db
2024-04-24T01:55:08,006  INFO [main] ql.Driver: Query ID = alex_20240424015507_16e8853b-941c-4c99-922b-8e42bd4575db
Total jobs = 1
2024-04-24T01:55:08,006  INFO [main] ql.Driver: Total jobs = 1
Launching Job 1 out of 1
2024-04-24T01:55:08,006  INFO [main] ql.Driver: Launching Job 1 out of 1
2024-04-24T01:55:08,132  INFO [main] ql.Driver: Starting task [Stage-1:MAPRED] in serial mode
Number of reduce tasks is set to 0 since there's no reduce operator
2024-04-24T01:55:08,132  INFO [main] exec.Task: Number of reduce tasks is set to 0 since there's no reduce operator
2024-04-24T01:55:08,135  INFO [main] mr.ExecDriver: Using org.apache.hadoop.hive.ql.io.HiveInputFormat
2024-04-24T01:55:08,135  INFO [main] exec.Utilities: Processing alias $hdt$_0:_dummy_table
2024-04-24T01:55:08,135  INFO [main] exec.Utilities: Adding 1 inputs; the first input is file:/home/alex/Repositories/hive/ql/target/tmp/localscratchdir/9fc47fff-cafa-47ec-954c-5ee310d78230/hive_2024-04-24_01-55-07_832_5998844998120618742-1/dummy_path
2024-04-24T01:55:08,143  INFO [main] exec.SerializationUtilities: Serializing MapWork using kryo
2024-04-24T01:55:08,144  INFO [main] exec.Utilities: Serialized plan (via FILE) - name: null size: 6,07KB
2024-04-24T01:55:08,145  WARN [main] impl.MetricsSystemImpl: JobTracker metrics system already initialized!
2024-04-24T01:55:08,148  INFO [main] fs.FSStatsPublisher: created : file:/home/alex/Repositories/hive/ql/target/tmp/localscratchdir/9fc47fff-cafa-47ec-954c-5ee310d78230/hive_2024-04-24_01-55-07_832_5998844998120618742-1/-mr-10001
2024-04-24T01:55:08,152  WARN [main] impl.MetricsSystemImpl: JobTracker metrics system already initialized!
2024-04-24T01:55:08,159  WARN [main] mapreduce.JobResourceUploader: Hadoop command-line option parsing not performed. Implement the Tool interface and execute your application with ToolRunner to remedy this.
2024-04-24T01:55:08,163  WARN [main] mapreduce.JobResourceUploader: No job jar file set.  User classes may not be found. See Job or Job#setJar(String).
2024-04-24T01:55:08,164  INFO [main] io.HiveInputFormat: hive.io.file.readcolumn.ids = 
2024-04-24T01:55:08,164  INFO [main] io.HiveInputFormat: hive.io.file.readcolumn.names = 
2024-04-24T01:55:08,164  INFO [main] io.HiveInputFormat: Generating splits for dirs: file:/home/alex/Repositories/hive/ql/target/tmp/localscratchdir/9fc47fff-cafa-47ec-954c-5ee310d78230/hive_2024-04-24_01-55-07_832_5998844998120618742-1/dummy_path
2024-04-24T01:55:08,164  INFO [main] io.HiveInputFormat: number of splits 1
2024-04-24T01:55:08,182  INFO [main] mapreduce.JobSubmitter: number of splits:1
2024-04-24T01:55:08,200  INFO [main] mapreduce.JobSubmitter: Submitting tokens for job: job_local173768479_0043
2024-04-24T01:55:08,200  INFO [main] mapreduce.JobSubmitter: Executing with tokens: []
2024-04-24T01:55:08,260  INFO [main] mapreduce.Job: The url to track the job: http://localhost:8080/
Job running in-process (local Hadoop)
2024-04-24T01:55:08,260  INFO [main] exec.Task: Job running in-process (local Hadoop)
2024-04-24T01:55:08,260  INFO [Thread-2739] mapred.LocalJobRunner: OutputCommitter set in config org.apache.hadoop.hive.ql.io.HiveFileFormatUtils$NullOutputCommitter
2024-04-24T01:55:08,260  INFO [Thread-2739] mapred.LocalJobRunner: OutputCommitter is org.apache.hadoop.hive.ql.io.HiveFileFormatUtils$NullOutputCommitter
2024-04-24T01:55:08,262  INFO [Thread-2739] mapred.LocalJobRunner: Waiting for map tasks
2024-04-24T01:55:08,262  INFO [LocalJobRunner Map Task Executor #0] mapred.LocalJobRunner: Starting task: attempt_local173768479_0043_m_000000_0
2024-04-24T01:55:08,264  INFO [LocalJobRunner Map Task Executor #0] mapred.Task:  Using ResourceCalculatorProcessTree : [ ]
2024-04-24T01:55:08,265  INFO [LocalJobRunner Map Task Executor #0] mapred.MapTask: Processing split: org.apache.hadoop.hive.ql.io.NullRowsInputFormat:file:/home/alex/Repositories/hive/ql/target/tmp/localscratchdir/9fc47fff-cafa-47ec-954c-5ee310d78230/hive_2024-04-24_01-55-07_832_5998844998120618742-1/dummy_path/null:0+1
2024-04-24T01:55:08,266  INFO [LocalJobRunner Map Task Executor #0] exec.SerializationUtilities: Deserializing MapWork using kryo
2024-04-24T01:55:08,268  INFO [LocalJobRunner Map Task Executor #0] exec.Utilities: Deserialized plan (via FILE) - name: null size: 6,07KB
2024-04-24T01:55:08,268  INFO [LocalJobRunner Map Task Executor #0] mapred.MapTask: numReduceTasks: 0
2024-04-24T01:55:08,270  INFO [LocalJobRunner Map Task Executor #0] exec.MapOperator: Initializing Operator: MAP[0]
2024-04-24T01:55:08,270  INFO [LocalJobRunner Map Task Executor #0] mr.ExecMapper: 
<MAP>Id =0
  <Children>null
  <\Children>
  <Parent><\Parent>
<\MAP>
2024-04-24T01:55:08,271  INFO [LocalJobRunner Map Task Executor #0] exec.TableScanOperator: Initializing Operator: TS[0]
2024-04-24T01:55:08,271  INFO [LocalJobRunner Map Task Executor #0] exec.SelectOperator: Initializing Operator: SEL[1]
2024-04-24T01:55:08,271  INFO [LocalJobRunner Map Task Executor #0] exec.SelectOperator: SELECT null
2024-04-24T01:55:08,271  INFO [LocalJobRunner Map Task Executor #0] exec.UDTFOperator: Initializing Operator: UDTF[2]
2024-04-24T01:55:08,271  INFO [LocalJobRunner Map Task Executor #0] exec.SelectOperator: Initializing Operator: SEL[3]
2024-04-24T01:55:08,271  INFO [LocalJobRunner Map Task Executor #0] exec.SelectOperator: SELECT struct<col1:int,col2:int>
2024-04-24T01:55:08,271  INFO [LocalJobRunner Map Task Executor #0] exec.FileSinkOperator: Initializing Operator: FS[4]
2024-04-24T01:55:08,272  INFO [LocalJobRunner Map Task Executor #0] exec.FileSinkOperator: Using serializer : AbstractSerDe [log=org.apache.logging.slf4j.Log4jLogger@56cc83f7, configuration=Optional[Configuration: core-default.xml, core-site.xml, mapred-default.xml, mapred-site.xml, yarn-default.xml, yarn-site.xml, hdfs-default.xml, hdfs-site.xml, file:/home/alex/Repositories/hive/ql/target/tmp/TestTxnLoadData/mapred/local/localRunner/alex/job_local173768479_0043/job_local173768479_0043.xml], properties={name=default.tstage, columns.types=int:int, serialization.format=1, columns=a,b, numFilesErasureCoded=0, columns.comments=&amp#0;, bucketing_version=2, serialization.lib=org.apache.hadoop.hive.ql.io.orc.OrcSerde, file.inputformat=org.apache.hadoop.hive.ql.io.orc.OrcInputFormat, file.outputformat=org.apache.hadoop.hive.ql.io.orc.OrcOutputFormat, location=file:/home/alex/Repositories/hive/ql/target/tmp/org.apache.hadoop.hive.ql.TestTxnLoadData-1713948800221/warehouse/tstage, column.name.delimiter=,}, tableProperties={name=default.tstage, columns.types=int:int, serialization.format=1, columns=a,b, numFilesErasureCoded=0, columns.comments=&amp#0;, bucketing_version=2, serialization.lib=org.apache.hadoop.hive.ql.io.orc.OrcSerde, file.inputformat=org.apache.hadoop.hive.ql.io.orc.OrcInputFormat, location=file:/home/alex/Repositories/hive/ql/target/tmp/org.apache.hadoop.hive.ql.TestTxnLoadData-1713948800221/warehouse/tstage, file.outputformat=org.apache.hadoop.hive.ql.io.orc.OrcOutputFormat, column.name.delimiter=,}, partitionProperties=Optional.empty, columnNames=[a, b], columnTypes=[int, int], getClass()=class org.apache.hadoop.hive.ql.io.orc.OrcSerde] and formatter : org.apache.hadoop.hive.ql.io.orc.OrcOutputFormat@337b8e89
2024-04-24T01:55:08,272  INFO [LocalJobRunner Map Task Executor #0] exec.FileSinkOperator: Final Path: FS file:/home/alex/Repositories/hive/ql/target/tmp/org.apache.hadoop.hive.ql.TestTxnLoadData-1713948800221/warehouse/tstage/.hive-staging_hive_2024-04-24_01-55-07_832_5998844998120618742-1/_tmp.-ext-10002/000000_0
2024-04-24T01:55:08,272  INFO [LocalJobRunner Map Task Executor #0] exec.FileSinkOperator: Writing to temp file: FS file:/home/alex/Repositories/hive/ql/target/tmp/org.apache.hadoop.hive.ql.TestTxnLoadData-1713948800221/warehouse/tstage/.hive-staging_hive_2024-04-24_01-55-07_832_5998844998120618742-1/_task_tmp.-ext-10002/_tmp.000000_0
2024-04-24T01:55:08,272  INFO [LocalJobRunner Map Task Executor #0] exec.FileSinkOperator: New Final Path: FS file:/home/alex/Repositories/hive/ql/target/tmp/org.apache.hadoop.hive.ql.TestTxnLoadData-1713948800221/warehouse/tstage/.hive-staging_hive_2024-04-24_01-55-07_832_5998844998120618742-1/_tmp.-ext-10002/000000_0
2024-04-24T01:55:08,274  INFO [LocalJobRunner Map Task Executor #0] exec.FileSinkOperator: FS[4]: records written - 1
2024-04-24T01:55:08,274  INFO [LocalJobRunner Map Task Executor #0] impl.PhysicalFsWriter: ORC writer created for path: file:/home/alex/Repositories/hive/ql/target/tmp/org.apache.hadoop.hive.ql.TestTxnLoadData-1713948800221/warehouse/tstage/.hive-staging_hive_2024-04-24_01-55-07_832_5998844998120618742-1/_task_tmp.-ext-10002/_tmp.000000_0 with stripeSize: 67108864 blockSize: 268435456 compression: Compress: ZLIB buffer: 262144
2024-04-24T01:55:08,281  INFO [LocalJobRunner Map Task Executor #0] impl.WriterImpl: ORC writer created for path: file:/home/alex/Repositories/hive/ql/target/tmp/org.apache.hadoop.hive.ql.TestTxnLoadData-1713948800221/warehouse/tstage/.hive-staging_hive_2024-04-24_01-55-07_832_5998844998120618742-1/_task_tmp.-ext-10002/_tmp.000000_0 with stripeSize: 67108864 options: Compress: ZLIB buffer: 262144
2024-04-24T01:55:08,281  INFO [LocalJobRunner Map Task Executor #0] exec.MapOperator: MAP[0]: records read - 1
2024-04-24T01:55:08,281  INFO [LocalJobRunner Map Task Executor #0] exec.MapOperator: Closing Operator: MAP[0]
2024-04-24T01:55:08,281  INFO [LocalJobRunner Map Task Executor #0] exec.MapOperator: MAP[0]: Total records read - 3. abort - false
2024-04-24T01:55:08,281  INFO [LocalJobRunner Map Task Executor #0] exec.MapOperator: RECORDS_IN:3, DESERIALIZE_ERRORS:0, RECORDS_OUT_OPERATOR_MAP_0:0, RECORDS_OUT_INTERMEDIATE:0, 
2024-04-24T01:55:08,281  INFO [LocalJobRunner Map Task Executor #0] exec.TableScanOperator: Closing Operator: TS[0]
2024-04-24T01:55:08,281  INFO [LocalJobRunner Map Task Executor #0] exec.TableScanOperator: RECORDS_OUT_INTERMEDIATE:0, RECORDS_OUT_OPERATOR_TS_0:1, 
2024-04-24T01:55:08,281  INFO [LocalJobRunner Map Task Executor #0] exec.SelectOperator: Closing Operator: SEL[1]
2024-04-24T01:55:08,281  INFO [LocalJobRunner Map Task Executor #0] exec.SelectOperator: RECORDS_OUT_INTERMEDIATE:0, RECORDS_OUT_OPERATOR_SEL_1:1, 
2024-04-24T01:55:08,281  INFO [LocalJobRunner Map Task Executor #0] exec.UDTFOperator: Closing Operator: UDTF[2]
2024-04-24T01:55:08,281  INFO [LocalJobRunner Map Task Executor #0] exec.UDTFOperator: RECORDS_OUT_INTERMEDIATE:0, RECORDS_OUT_OPERATOR_UDTF_2:2, 
2024-04-24T01:55:08,281  INFO [LocalJobRunner Map Task Executor #0] exec.SelectOperator: Closing Operator: SEL[3]
2024-04-24T01:55:08,281  INFO [LocalJobRunner Map Task Executor #0] exec.SelectOperator: RECORDS_OUT_OPERATOR_SEL_3:2, RECORDS_OUT_INTERMEDIATE:0, 
2024-04-24T01:55:08,281  INFO [LocalJobRunner Map Task Executor #0] exec.FileSinkOperator: Closing Operator: FS[4]
2024-04-24T01:55:08,281  INFO [LocalJobRunner Map Task Executor #0] exec.FileSinkOperator: FS[4]: records written - 2
2024-04-24T01:55:08,288  INFO [LocalJobRunner Map Task Executor #0] exec.FileSinkOperator: RECORDS_OUT_OPERATOR_FS_4:2, RECORDS_OUT_INTERMEDIATE:0, TOTAL_TABLE_ROWS_WRITTEN:2, RECORDS_OUT_1_default.tstage:2, 
2024-04-24T01:55:08,288  INFO [LocalJobRunner Map Task Executor #0] mapred.LocalJobRunner: 
2024-04-24T01:55:08,298  INFO [LocalJobRunner Map Task Executor #0] mapred.Task: Task:attempt_local173768479_0043_m_000000_0 is done. And is in the process of committing
2024-04-24T01:55:08,298  INFO [LocalJobRunner Map Task Executor #0] mapred.LocalJobRunner: map
2024-04-24T01:55:08,298  INFO [LocalJobRunner Map Task Executor #0] mapred.Task: Task 'attempt_local173768479_0043_m_000000_0' done.
2024-04-24T01:55:08,298  INFO [LocalJobRunner Map Task Executor #0] mapred.Task: Final Counters for attempt_local173768479_0043_m_000000_0: Counters: 27
	File System Counters
		FILE: Number of bytes read=586570
		FILE: Number of bytes written=50421731
		FILE: Number of read operations=0
		FILE: Number of large read operations=0
		FILE: Number of write operations=0
	Map-Reduce Framework
		Map input records=4
		Map output records=0
		Input split bytes=361
		Spilled Records=0
		Failed Shuffles=0
		Merged Map outputs=0
		GC time elapsed (ms)=6
		Total committed heap usage (bytes)=1208483840
	HIVE
		CREATED_FILES=1
		DESERIALIZE_ERRORS=0
		RECORDS_IN=3
		RECORDS_OUT_1_default.tstage=2
		RECORDS_OUT_INTERMEDIATE=0
		RECORDS_OUT_OPERATOR_FS_4=2
		RECORDS_OUT_OPERATOR_MAP_0=0
		RECORDS_OUT_OPERATOR_SEL_1=1
		RECORDS_OUT_OPERATOR_SEL_3=2
		RECORDS_OUT_OPERATOR_TS_0=1
		RECORDS_OUT_OPERATOR_UDTF_2=2
		TOTAL_TABLE_ROWS_WRITTEN=2
	File Input Format Counters 
		Bytes Read=6132
	File Output Format Counters 
		Bytes Written=0
2024-04-24T01:55:08,298  INFO [LocalJobRunner Map Task Executor #0] mapred.LocalJobRunner: Finishing task: attempt_local173768479_0043_m_000000_0
2024-04-24T01:55:08,298  INFO [Thread-2739] mapred.LocalJobRunner: map task executor complete.
2024-04-24 01:55:09,262 Stage-1 map = 100%,  reduce = 0%
2024-04-24T01:55:09,262  INFO [main] exec.Task: 2024-04-24 01:55:09,262 Stage-1 map = 100%,  reduce = 0%
Ended Job = job_local173768479_0043
2024-04-24T01:55:09,263  INFO [main] exec.Task: Ended Job = job_local173768479_0043
2024-04-24T01:55:09,265  INFO [main] ql.Driver: Starting task [Stage-7:CONDITIONAL] in serial mode
Stage-4 is selected by condition resolver.
2024-04-24T01:55:09,265  INFO [main] exec.Task: Stage-4 is selected by condition resolver.
Stage-3 is filtered out by condition resolver.
2024-04-24T01:55:09,265  INFO [main] exec.Task: Stage-3 is filtered out by condition resolver.
Stage-5 is filtered out by condition resolver.
2024-04-24T01:55:09,265  INFO [main] exec.Task: Stage-5 is filtered out by condition resolver.
2024-04-24T01:55:09,265  INFO [main] ql.Driver: Starting task [Stage-4:MOVE] in serial mode
Moving data to directory file:/home/alex/Repositories/hive/ql/target/tmp/org.apache.hadoop.hive.ql.TestTxnLoadData-1713948800221/warehouse/tstage/.hive-staging_hive_2024-04-24_01-55-07_832_5998844998120618742-1/-ext-10000
2024-04-24T01:55:09,265  INFO [main] exec.Task: Moving data to directory file:/home/alex/Repositories/hive/ql/target/tmp/org.apache.hadoop.hive.ql.TestTxnLoadData-1713948800221/warehouse/tstage/.hive-staging_hive_2024-04-24_01-55-07_832_5998844998120618742-1/-ext-10000 from file:/home/alex/Repositories/hive/ql/target/tmp/org.apache.hadoop.hive.ql.TestTxnLoadData-1713948800221/warehouse/tstage/.hive-staging_hive_2024-04-24_01-55-07_832_5998844998120618742-1/-ext-10002
2024-04-24T01:55:09,266  INFO [main] ql.Driver: Starting task [Stage-0:MOVE] in serial mode
Loading data to table default.tstage
2024-04-24T01:55:09,266  INFO [main] exec.Task: Loading data to table default.tstage from file:/home/alex/Repositories/hive/ql/target/tmp/org.apache.hadoop.hive.ql.TestTxnLoadData-1713948800221/warehouse/tstage/.hive-staging_hive_2024-04-24_01-55-07_832_5998844998120618742-1/-ext-10000
2024-04-24T01:55:09,266  INFO [main] HiveMetaStore.audit: ugi=alex	ip=unknown-ip-addr	cmd=get_table : tbl=hive.default.tstage	
2024-04-24T01:55:09,275  INFO [main] metastore.HMSHandler: Skipping translation for processor with null
2024-04-24T01:55:09,276  INFO [main] HiveMetaStore.audit: ugi=alex	ip=unknown-ip-addr	cmd=get_table : tbl=hive.default.tstage	
2024-04-24T01:55:09,284  INFO [main] metastore.HMSHandler: Skipping translation for processor with null
2024-04-24T01:55:09,286  WARN [main] metadata.Hive: Cannot get a table snapshot for tstage
2024-04-24T01:55:09,286  INFO [main] HiveMetaStore.audit: ugi=alex	ip=unknown-ip-addr	cmd=alter_table: hive.default.tstage newtbl=tstage	
2024-04-24T01:55:09,311  INFO [main] ql.Driver: Starting task [Stage-2:STATS] in serial mode
2024-04-24T01:55:09,311  INFO [main] HiveMetaStore.audit: ugi=alex	ip=unknown-ip-addr	cmd=get_table : tbl=hive.default.tstage	
2024-04-24T01:55:09,318  INFO [main] metastore.HMSHandler: Skipping translation for processor with null
2024-04-24T01:55:09,318  INFO [main] stats.BasicStatsTask: Executing stats task
2024-04-24T01:55:09,319  INFO [main] fs.FSStatsPublisher: created : file:/home/alex/Repositories/hive/ql/target/tmp/localscratchdir/9fc47fff-cafa-47ec-954c-5ee310d78230/hive_2024-04-24_01-55-07_832_5998844998120618742-1/-mr-10001
2024-04-24T01:55:09,320  INFO [main] HiveMetaStore.audit: ugi=alex	ip=unknown-ip-addr	cmd=get_table : tbl=hive.default.tstage	
2024-04-24T01:55:09,327  INFO [main] metastore.HMSHandler: Skipping translation for processor with null
2024-04-24T01:55:09,328  INFO [main] FileOperations: Read stats for default.tstage/, numRows, true, 2, false: 
2024-04-24T01:55:09,328  INFO [main] FileOperations: Read stats for default.tstage/, rawDataSize, true, 16, false: 
2024-04-24T01:55:09,328  WARN [main] metadata.Hive: Cannot get a table snapshot for tstage
2024-04-24T01:55:09,328  INFO [main] HiveMetaStore.audit: ugi=alex	ip=unknown-ip-addr	cmd=alter_table: hive.default.tstage newtbl=tstage	
2024-04-24T01:55:09,351  INFO [main] stats.BasicStatsTask: Table default.tstage stats: [numFiles=1, numRows=2, totalSize=254, rawDataSize=16, numFilesErasureCoded=0]
2024-04-24T01:55:09,351  INFO [main] metadata.Hive: Dumping metastore api call timing information for : execution phase
2024-04-24T01:55:09,351  INFO [main] metadata.Hive: Total time spent in each metastore function (ms): {getTable_(GetTableRequest)=31, alter_table_(String, String, String, Table, EnvironmentContext, String)=47, isCompatibleWith_(Configuration)=0}
MapReduce Jobs Launched: 
2024-04-24T01:55:09,352  INFO [main] ql.Driver: MapReduce Jobs Launched: 
Stage-Stage-1:  HDFS Read: 0 HDFS Write: 0 SUCCESS
2024-04-24T01:55:09,352  INFO [main] ql.Driver: Stage-Stage-1:  HDFS Read: 0 HDFS Write: 0 SUCCESS
Total MapReduce CPU Time Spent: 0 msec
2024-04-24T01:55:09,352  INFO [main] ql.Driver: Total MapReduce CPU Time Spent: 0 msec
2024-04-24T01:55:09,352  INFO [main] ql.Driver: Completed executing command(queryId=alex_20240424015507_16e8853b-941c-4c99-922b-8e42bd4575db); Time taken: 1.346 seconds
2024-04-24T01:55:09,352  INFO [main] lockmgr.DbTxnManager: Stopped heartbeat for query: alex_20240424015507_16e8853b-941c-4c99-922b-8e42bd4575db
2024-04-24T01:55:09,355  INFO [main] txn.TxnHandler: Expected to move at least one record from txn_components to completed_txn_components when committing txn! txnid:17
2024-04-24T01:55:09,360  INFO [main] txn.TxnHandler: Removed transactions: ([17]) from MIN_HISTORY_LEVEL
2024-04-24T01:55:09,360  WARN [main] txn.CompactionTxnHandler: No compaction queue record found for Compaction type transaction commit. txnId:17
2024-04-24T01:55:09,361  INFO [main] ql.TxnCommandsBaseForTests: Running the query: export table Tstage to '/home/alex/Repositories/hive/ql/target/tmp/org.apache.hadoop.hive.ql.TestTxnLoadData-1713948800221/warehouse/1'
2024-04-24T01:55:09,361  INFO [main] ql.Context: Deleting scratch dir: file:/home/alex/Repositories/hive/ql/target/tmp/localscratchdir/9fc47fff-cafa-47ec-954c-5ee310d78230/hive_2024-04-24_01-55-07_832_5998844998120618742-1
2024-04-24T01:55:09,361  INFO [main] cleanup.SyncCleanupService: Deleted directory: file:/home/alex/Repositories/hive/ql/target/tmp/localscratchdir/9fc47fff-cafa-47ec-954c-5ee310d78230/hive_2024-04-24_01-55-07_832_5998844998120618742-1 on fs with scheme file
2024-04-24T01:55:09,361  INFO [main] ql.Context: Deleting scratch dir: file:/home/alex/Repositories/hive/ql/target/tmp/org.apache.hadoop.hive.ql.TestTxnLoadData-1713948800221/warehouse/tstage/.hive-staging_hive_2024-04-24_01-55-07_832_5998844998120618742-1
2024-04-24T01:55:09,362  INFO [main] cleanup.SyncCleanupService: Deleted directory: file:/home/alex/Repositories/hive/ql/target/tmp/org.apache.hadoop.hive.ql.TestTxnLoadData-1713948800221/warehouse/tstage/.hive-staging_hive_2024-04-24_01-55-07_832_5998844998120618742-1 on fs with scheme file
2024-04-24T01:55:09,362  INFO [main] ql.Driver: Compiling command(queryId=alex_20240424015509_81826f8d-3519-4470-85ed-b4546665a617): export table Tstage to '/home/alex/Repositories/hive/ql/target/tmp/org.apache.hadoop.hive.ql.TestTxnLoadData-1713948800221/warehouse/1'
2024-04-24T01:55:09,362  INFO [main] HiveMetaStore.audit: ugi=alex	ip=unknown-ip-addr	cmd=get_table : tbl=hive.default.Tstage	
2024-04-24T01:55:09,370  INFO [main] metastore.HMSHandler: Skipping translation for processor with null
2024-04-24T01:55:09,373  INFO [main] txn.TxnHandler: Added entries to MIN_HISTORY_LEVEL for current txns: ([18]) with min_open_txn: 18
2024-04-24T01:55:09,373  INFO [main] lockmgr.DbTxnManager: Opened txnid:18
2024-04-24T01:55:09,376  INFO [main] HiveMetaStore.audit: ugi=alex	ip=unknown-ip-addr	cmd=get_table : tbl=hive.default.Tstage	
2024-04-24T01:55:09,384  INFO [main] metastore.HMSHandler: Skipping translation for processor with null
2024-04-24T01:55:09,384  INFO [main] parse.EximUtil: Path before norm :/home/alex/Repositories/hive/ql/target/tmp/org.apache.hadoop.hive.ql.TestTxnLoadData-1713948800221/warehouse/1
2024-04-24T01:55:09,384  INFO [main] parse.EximUtil: Scheme:file, authority:null, path:/home/alex/Repositories/hive/ql/target/tmp/org.apache.hadoop.hive.ql.TestTxnLoadData-1713948800221/warehouse/1
2024-04-24T01:55:09,385  INFO [main] parse.EximUtil: Path before norm :/home/alex/Repositories/hive/ql/target/tmp/org.apache.hadoop.hive.ql.TestTxnLoadData-1713948800221/warehouse/1
2024-04-24T01:55:09,385  INFO [main] parse.EximUtil: Scheme:file, authority:null, path:/home/alex/Repositories/hive/ql/target/tmp/org.apache.hadoop.hive.ql.TestTxnLoadData-1713948800221/warehouse/1
2024-04-24T01:55:09,385  INFO [main] ql.Driver: Semantic Analysis Completed (retrial = false)
2024-04-24T01:55:09,385  INFO [main] ql.Driver: Created Hive schema: Schema(fieldSchemas:null, properties:null)
2024-04-24T01:55:09,385  INFO [main] metadata.Hive: Dumping metastore api call timing information for : compilation phase
2024-04-24T01:55:09,385  INFO [main] metadata.Hive: Total time spent in each metastore function (ms): {isCompatibleWith_(Configuration)=0, commitTxn_(CommitTxnRequest)=8, openTxn_(String, TxnType)=2, flushCache_()=0, getTable_(GetTableRequest)=16, getValidTxns_(long)=1, getCurrentNotificationEventId_()=2}
2024-04-24T01:55:09,385  INFO [main] ql.Driver: Completed compiling command(queryId=alex_20240424015509_81826f8d-3519-4470-85ed-b4546665a617); Time taken: 0.023 seconds
2024-04-24T01:55:09,385  INFO [main] lockmgr.DbTxnManager: Setting lock request transaction to txnid:18 for queryId=alex_20240424015509_81826f8d-3519-4470-85ed-b4546665a617
2024-04-24T01:55:09,386  INFO [main] lockmgr.DbLockManager: Requesting lock for queryId=alex_20240424015509_81826f8d-3519-4470-85ed-b4546665a617
2024-04-24T01:55:09,399  INFO [main] lockmgr.DbLockManager: Response to queryId=alex_20240424015509_81826f8d-3519-4470-85ed-b4546665a617 LockResponse(lockid:12, state:ACQUIRED)
2024-04-24T01:55:09,399  INFO [main] ql.Driver: Operation EXPORT obtained 1 locks
2024-04-24T01:55:09,399  INFO [main] ql.Driver: Executing command(queryId=alex_20240424015509_81826f8d-3519-4470-85ed-b4546665a617): export table Tstage to '/home/alex/Repositories/hive/ql/target/tmp/org.apache.hadoop.hive.ql.TestTxnLoadData-1713948800221/warehouse/1'
2024-04-24T01:55:09,400  INFO [main] ql.Driver: Starting task [Stage-0:REPL_DUMP] in serial mode
2024-04-24T01:55:09,400  INFO [main] parse.EximUtil: Path before norm :/home/alex/Repositories/hive/ql/target/tmp/org.apache.hadoop.hive.ql.TestTxnLoadData-1713948800221/warehouse/1
2024-04-24T01:55:09,400  INFO [main] parse.EximUtil: Scheme:file, authority:null, path:/home/alex/Repositories/hive/ql/target/tmp/org.apache.hadoop.hive.ql.TestTxnLoadData-1713948800221/warehouse/1
2024-04-24T01:55:09,400  INFO [main] parse.EximUtil: Path before norm :/home/alex/Repositories/hive/ql/target/tmp/org.apache.hadoop.hive.ql.TestTxnLoadData-1713948800221/warehouse/1
2024-04-24T01:55:09,400  INFO [main] parse.EximUtil: Scheme:file, authority:null, path:/home/alex/Repositories/hive/ql/target/tmp/org.apache.hadoop.hive.ql.TestTxnLoadData-1713948800221/warehouse/1
2024-04-24T01:55:09,410  WARN [main] shims.Utils: XAttr won't be preserved since it is not supported for file system: file:///
2024-04-24T01:55:09,416  INFO [main] metadata.Hive: Dumping metastore api call timing information for : execution phase
2024-04-24T01:55:09,416  INFO [main] metadata.Hive: Total time spent in each metastore function (ms): {isCompatibleWith_(Configuration)=0}
2024-04-24T01:55:09,416  INFO [main] ql.Driver: Completed executing command(queryId=alex_20240424015509_81826f8d-3519-4470-85ed-b4546665a617); Time taken: 0.017 seconds
2024-04-24T01:55:09,416  INFO [main] lockmgr.DbTxnManager: Stopped heartbeat for query: alex_20240424015509_81826f8d-3519-4470-85ed-b4546665a617
2024-04-24T01:55:09,421  INFO [main] txn.TxnHandler: Expected to move at least one record from txn_components to completed_txn_components when committing txn! txnid:18
2024-04-24T01:55:09,426  INFO [main] txn.TxnHandler: Removed transactions: ([18]) from MIN_HISTORY_LEVEL
2024-04-24T01:55:09,428  WARN [main] txn.CompactionTxnHandler: No compaction queue record found for Compaction type transaction commit. txnId:18
2024-04-24T01:55:09,428  INFO [main] ql.TxnCommandsBaseForTests: Running the query: truncate table Tstage
2024-04-24T01:55:09,428  INFO [main] ql.Driver: Compiling command(queryId=alex_20240424015509_423464df-9c48-48ec-98ee-f28290e0bf3d): truncate table Tstage
2024-04-24T01:55:09,430  INFO [main] txn.TxnHandler: Added entries to MIN_HISTORY_LEVEL for current txns: ([19]) with min_open_txn: 18
2024-04-24T01:55:09,431  INFO [main] lockmgr.DbTxnManager: Opened txnid:19
2024-04-24T01:55:09,431  INFO [main] HiveMetaStore.audit: ugi=alex	ip=unknown-ip-addr	cmd=get_table : tbl=hive.default.Tstage	
2024-04-24T01:55:09,440  INFO [main] metastore.HMSHandler: Skipping translation for processor with null
2024-04-24T01:55:09,440  INFO [main] ql.Driver: Semantic Analysis Completed (retrial = false)
2024-04-24T01:55:09,440  INFO [main] ql.Driver: Created Hive schema: Schema(fieldSchemas:null, properties:null)
2024-04-24T01:55:09,440  INFO [main] metadata.Hive: Dumping metastore api call timing information for : compilation phase
2024-04-24T01:55:09,440  INFO [main] metadata.Hive: Total time spent in each metastore function (ms): {getTable_(GetTableRequest)=9, commitTxn_(CommitTxnRequest)=12, openTxn_(String, TxnType)=2, isCompatibleWith_(Configuration)=0, getValidTxns_(long)=0, flushCache_()=0}
2024-04-24T01:55:09,440  INFO [main] ql.Driver: Completed compiling command(queryId=alex_20240424015509_423464df-9c48-48ec-98ee-f28290e0bf3d); Time taken: 0.012 seconds
2024-04-24T01:55:09,440  INFO [main] lockmgr.DbTxnManager: Setting lock request transaction to txnid:19 for queryId=alex_20240424015509_423464df-9c48-48ec-98ee-f28290e0bf3d
2024-04-24T01:55:09,441  INFO [main] lockmgr.DbLockManager: Requesting lock for queryId=alex_20240424015509_423464df-9c48-48ec-98ee-f28290e0bf3d
2024-04-24T01:55:09,456  INFO [main] lockmgr.DbLockManager: Response to queryId=alex_20240424015509_423464df-9c48-48ec-98ee-f28290e0bf3d LockResponse(lockid:13, state:ACQUIRED)
2024-04-24T01:55:09,456  INFO [main] ql.Driver: Operation TRUNCATETABLE obtained 1 locks
2024-04-24T01:55:09,456  INFO [main] ql.Driver: Executing command(queryId=alex_20240424015509_423464df-9c48-48ec-98ee-f28290e0bf3d): truncate table Tstage
2024-04-24T01:55:09,456  INFO [main] ql.Driver: Starting task [Stage-0:DDL] in serial mode
2024-04-24T01:55:09,457  INFO [main] HiveMetaStore.audit: ugi=alex	ip=unknown-ip-addr	cmd=get_table : tbl=hive.default.tstage	
2024-04-24T01:55:09,467  INFO [main] metastore.HMSHandler: Skipping translation for processor with null
2024-04-24T01:55:09,467  INFO [main] HiveMetaStore.audit: ugi=alex	ip=unknown-ip-addr	cmd=get_table : tbl=hive.default.tstage	
2024-04-24T01:55:09,481  INFO [main] metastore.HMSHandler: Skipping translation for processor with null
2024-04-24T01:55:09,521  INFO [main] utils.MetaStoreServerUtils: Updated size of table tstage to 0
2024-04-24T01:55:09,537  INFO [main] metadata.Hive: Dumping metastore api call timing information for : execution phase
2024-04-24T01:55:09,537  INFO [main] metadata.Hive: Total time spent in each metastore function (ms): {truncateTable_(String, String, List)=70, getTable_(GetTableRequest)=10, isCompatibleWith_(Configuration)=0}
2024-04-24T01:55:09,537  INFO [main] ql.Driver: Completed executing command(queryId=alex_20240424015509_423464df-9c48-48ec-98ee-f28290e0bf3d); Time taken: 0.081 seconds
2024-04-24T01:55:09,537  INFO [main] lockmgr.DbTxnManager: Stopped heartbeat for query: alex_20240424015509_423464df-9c48-48ec-98ee-f28290e0bf3d
2024-04-24T01:55:09,542  INFO [main] txn.TxnHandler: Expected to move at least one record from txn_components to completed_txn_components when committing txn! txnid:19
2024-04-24T01:55:09,549  INFO [main] txn.TxnHandler: Removed transactions: ([19]) from MIN_HISTORY_LEVEL
2024-04-24T01:55:09,549  WARN [main] txn.CompactionTxnHandler: No compaction queue record found for Compaction type transaction commit. txnId:19
2024-04-24T01:55:09,550  INFO [main] ql.TxnCommandsBaseForTests: Running the query: load data local inpath '/home/alex/Repositories/hive/ql/target/tmp/org.apache.hadoop.hive.ql.TestTxnLoadData-1713948800221/warehouse/1/data' into table T
2024-04-24T01:55:09,550  INFO [main] ql.Driver: Compiling command(queryId=alex_20240424015509_b7a21401-70c0-4d80-b7b1-01d8ae5701d1): load data local inpath '/home/alex/Repositories/hive/ql/target/tmp/org.apache.hadoop.hive.ql.TestTxnLoadData-1713948800221/warehouse/1/data' into table T
2024-04-24T01:55:09,553  INFO [main] txn.TxnHandler: Added entries to MIN_HISTORY_LEVEL for current txns: ([20]) with min_open_txn: 18
2024-04-24T01:55:09,553  INFO [main] lockmgr.DbTxnManager: Opened txnid:20
2024-04-24T01:55:09,554  INFO [main] parse.LoadSemanticAnalyzer: Starting caching scope for: 
2024-04-24T01:55:09,554  INFO [main] HiveMetaStore.audit: ugi=alex	ip=unknown-ip-addr	cmd=get_table : tbl=hive.default.T	
2024-04-24T01:55:09,561  INFO [main] metastore.HMSHandler: Skipping translation for processor with null
2024-04-24T01:55:09,569  INFO [main] txn.TxnHandler: Allocated writeId: 1 for txnId: 20
2024-04-24T01:55:09,569  INFO [main] txn.TxnHandler: Allocated write ids for dbName=default, tblName=t (txnIds: [20])
2024-04-24T01:55:09,570  INFO [main] parse.LoadSemanticAnalyzer: Ending caching scope for: 
2024-04-24T01:55:09,570  INFO [main] ql.Driver: Semantic Analysis Completed (retrial = false)
2024-04-24T01:55:09,570  INFO [main] ql.Driver: Created Hive schema: Schema(fieldSchemas:null, properties:null)
2024-04-24T01:55:09,570  INFO [main] metadata.Hive: Dumping metastore api call timing information for : compilation phase
2024-04-24T01:55:09,570  INFO [main] metadata.Hive: Total time spent in each metastore function (ms): {isCompatibleWith_(Configuration)=1, flushCache_()=0, getTable_(GetTableRequest)=7, allocateTableWriteId_(long, String, String)=7, getValidTxns_(long)=1, openTxn_(String, TxnType)=2, commitTxn_(CommitTxnRequest)=12}
2024-04-24T01:55:09,570  INFO [main] ql.Driver: Completed compiling command(queryId=alex_20240424015509_b7a21401-70c0-4d80-b7b1-01d8ae5701d1); Time taken: 0.02 seconds
2024-04-24T01:55:09,570  INFO [main] lockmgr.DbTxnManager: Setting lock request transaction to txnid:20 for queryId=alex_20240424015509_b7a21401-70c0-4d80-b7b1-01d8ae5701d1
2024-04-24T01:55:09,570  INFO [main] lockmgr.DbLockManager: Requesting lock for queryId=alex_20240424015509_b7a21401-70c0-4d80-b7b1-01d8ae5701d1
2024-04-24T01:55:09,586  INFO [main] lockmgr.DbLockManager: Response to queryId=alex_20240424015509_b7a21401-70c0-4d80-b7b1-01d8ae5701d1 LockResponse(lockid:14, state:ACQUIRED)
2024-04-24T01:55:09,586  INFO [main] ql.Driver: Operation LOAD obtained 1 locks
2024-04-24T01:55:09,590  INFO [main] ql.Driver: Executing command(queryId=alex_20240424015509_b7a21401-70c0-4d80-b7b1-01d8ae5701d1): load data local inpath '/home/alex/Repositories/hive/ql/target/tmp/org.apache.hadoop.hive.ql.TestTxnLoadData-1713948800221/warehouse/1/data' into table T
2024-04-24T01:55:09,590  INFO [main] ql.Driver: Starting task [Stage-0:MOVE] in serial mode
Loading data to table default.t
2024-04-24T01:55:09,590  INFO [main] exec.Task: Loading data to table default.t from file:/home/alex/Repositories/hive/ql/target/tmp/org.apache.hadoop.hive.ql.TestTxnLoadData-1713948800221/warehouse/1/data
2024-04-24T01:55:09,590  INFO [main] HiveMetaStore.audit: ugi=alex	ip=unknown-ip-addr	cmd=get_table : tbl=hive.default.t	
2024-04-24T01:55:09,597  INFO [main] metastore.HMSHandler: Skipping translation for processor with null
2024-04-24T01:55:09,598  INFO [main] HiveMetaStore.audit: ugi=alex	ip=unknown-ip-addr	cmd=get_table : tbl=hive.default.t	
2024-04-24T01:55:09,605  INFO [main] metastore.HMSHandler: Skipping translation for processor with null
2024-04-24T01:55:09,605  INFO [main] common.FileUtils: Creating directory if it doesn't exist: file:/home/alex/Repositories/hive/ql/target/tmp/org.apache.hadoop.hive.ql.TestTxnLoadData-1713948800221/warehouse/t/delta_0000001_0000001_0000
2024-04-24T01:55:09,613  INFO [main] HiveMetaStore.audit: ugi=alex	ip=unknown-ip-addr	cmd=alter_table: hive.default.t newtbl=t	
2024-04-24T01:55:09,641  INFO [main] ql.Driver: Starting task [Stage-1:STATS] in serial mode
2024-04-24T01:55:09,642  INFO [main] HiveMetaStore.audit: ugi=alex	ip=unknown-ip-addr	cmd=get_table : tbl=hive.default.t	
2024-04-24T01:55:09,648  INFO [main] metastore.HMSHandler: Skipping translation for processor with null
2024-04-24T01:55:09,649  INFO [main] stats.BasicStatsTask: Executing stats task
2024-04-24T01:55:09,649  INFO [main] HiveMetaStore.audit: ugi=alex	ip=unknown-ip-addr	cmd=get_table : tbl=hive.default.t	
2024-04-24T01:55:09,656  INFO [main] metastore.HMSHandler: Skipping translation for processor with null
2024-04-24T01:55:09,662  WARN [main] FileOperations: Computing stats for an ACID table; stats may be inaccurate
2024-04-24T01:55:09,663  INFO [main] HiveMetaStore.audit: ugi=alex	ip=unknown-ip-addr	cmd=alter_table: hive.default.t newtbl=t	
2024-04-24T01:55:09,684  INFO [main] stats.BasicStatsTask: Table default.t stats: [numFiles=1, numRows=0, totalSize=254, rawDataSize=0, numFilesErasureCoded=0]
2024-04-24T01:55:09,684  INFO [main] metadata.Hive: Dumping metastore api call timing information for : execution phase
2024-04-24T01:55:09,684  INFO [main] metadata.Hive: Total time spent in each metastore function (ms): {alter_table_(String, String, String, Table, EnvironmentContext, String)=50, getTable_(GetTableRequest)=28, isCompatibleWith_(Configuration)=1}
2024-04-24T01:55:09,684  INFO [main] ql.Driver: Completed executing command(queryId=alex_20240424015509_b7a21401-70c0-4d80-b7b1-01d8ae5701d1); Time taken: 0.094 seconds
2024-04-24T01:55:09,684  INFO [main] lockmgr.DbTxnManager: Stopped heartbeat for query: alex_20240424015509_b7a21401-70c0-4d80-b7b1-01d8ae5701d1
2024-04-24T01:55:09,694  INFO [main] txn.TxnHandler: Removed transactions: ([20]) from MIN_HISTORY_LEVEL
2024-04-24T01:55:09,694  WARN [main] txn.CompactionTxnHandler: No compaction queue record found for Compaction type transaction commit. txnId:20
2024-04-24T01:55:09,695  INFO [main] ql.TxnCommandsBaseForTests: Running the query: select ROW__ID, a, b from T order by ROW__ID
2024-04-24T01:55:09,695  INFO [main] ql.Driver: Compiling command(queryId=alex_20240424015509_9a6fc33b-3340-493d-b0f6-b14489d024f6): select ROW__ID, a, b from T order by ROW__ID
2024-04-24T01:55:09,697  INFO [main] txn.TxnHandler: Added entries to MIN_HISTORY_LEVEL for current txns: ([21]) with min_open_txn: 18
2024-04-24T01:55:09,697  INFO [main] lockmgr.DbTxnManager: Opened txnid:21
2024-04-24T01:55:09,698  INFO [main] parse.CalcitePlanner: Starting caching scope for: 
2024-04-24T01:55:09,698  INFO [main] parse.CalcitePlanner: Starting Semantic Analysis
2024-04-24T01:55:09,703  INFO [main] parse.CalcitePlanner: Completed phase 1 of Semantic Analysis
2024-04-24T01:55:09,703  INFO [main] parse.CalcitePlanner: Get metadata for source tables
2024-04-24T01:55:09,703  INFO [main] HiveMetaStore.audit: ugi=alex	ip=unknown-ip-addr	cmd=get_table : tbl=hive.default.t	
2024-04-24T01:55:09,708  INFO [main] metastore.ObjectStore: Removed COLUMN_STATS_ACCURATE from Table's parameters.
2024-04-24T01:55:09,710  INFO [main] metastore.HMSHandler: Skipping translation for processor with null
2024-04-24T01:55:09,710  INFO [main] parse.CalcitePlanner: Get metadata for subqueries
2024-04-24T01:55:09,710  INFO [main] parse.CalcitePlanner: Get metadata for destination tables
2024-04-24T01:55:09,710  INFO [main] parse.CalcitePlanner: Completed getting MetaData in Semantic Analysis
2024-04-24T01:55:09,722  INFO [main] HiveMetaStore.audit: ugi=alex	ip=unknown-ip-addr	cmd=get_all_table_constraints : tbl=hive.default.t	
2024-04-24T01:55:09,752  INFO [main] calcite.RelOptHiveTable: Calculating column statistics for default.t, projIndxSet: [0, 1], allowMissingStats: true
2024-04-24T01:55:09,752  INFO [main] HiveMetaStore.audit: ugi=alex	ip=unknown-ip-addr	cmd=get_table_statistics_req: table=hive.default.t	
2024-04-24T01:55:09,762  WARN [main] calcite.RelOptHiveTable: No Stats for default@t, Columns: b, a
No Stats for default@t, Columns: b, a
2024-04-24T01:55:09,763  INFO [main] SessionState: No Stats for default@t, Columns: b, a
2024-04-24T01:55:09,804  INFO [main] parse.CalcitePlanner: Get metadata for source tables
2024-04-24T01:55:09,804  INFO [main] parse.CalcitePlanner: Get metadata for subqueries
2024-04-24T01:55:09,804  INFO [main] parse.CalcitePlanner: Get metadata for destination tables
2024-04-24T01:55:09,806  INFO [main] common.FileUtils: Creating directory if it doesn't exist: file:/home/alex/Repositories/hive/ql/target/tmp/localscratchdir/9fc47fff-cafa-47ec-954c-5ee310d78230/hive_2024-04-24_01-55-09_695_2721976284259369179-1/-mr-10001/.hive-staging_hive_2024-04-24_01-55-09_695_2721976284259369179-1
2024-04-24T01:55:09,813  INFO [main] parse.CalcitePlanner: CBO Succeeded; optimized logical plan.
2024-04-24T01:55:09,815  INFO [main] optimizer.ColumnPrunerProcFactory: RS 2 oldColExprMap: {VALUE._col1=Column[_col2], VALUE._col0=Column[_col1], KEY.reducesinkkey0=Column[_col0]}
2024-04-24T01:55:09,816  INFO [main] optimizer.ColumnPrunerProcFactory: RS 2 newColExprMap: {KEY.reducesinkkey0=Column[_col0], VALUE._col1=Column[_col2], VALUE._col0=Column[_col1]}
2024-04-24T01:55:09,816  INFO [main] optimizer.BucketVersionPopulator: not considering bucketingVersion for: TS[0] because it has -1<2 buckets 
2024-04-24T01:55:09,817  INFO [main] optimizer.SortedDynPartitionOptimizer: Sorted dynamic partitioning optimization kicked in..
2024-04-24T01:55:09,826  INFO [main] physical.Vectorizer: Examining input format to see if vectorization is enabled.
2024-04-24T01:55:09,826  INFO [main] physical.Vectorizer: Vectorization is enabled for input format(s) [org.apache.hadoop.hive.ql.io.orc.OrcInputFormat]
2024-04-24T01:55:09,826  INFO [main] physical.Vectorizer: Validating and vectorizing MapWork... (vectorizedVertexNum 0)
2024-04-24T01:55:09,827  INFO [main] physical.Vectorizer: Map vectorization enabled: true
2024-04-24T01:55:09,827  INFO [main] physical.Vectorizer: Map vectorized: true
2024-04-24T01:55:09,827  INFO [main] physical.Vectorizer: Map vectorizedVertexNum: 0
2024-04-24T01:55:09,827  INFO [main] physical.Vectorizer: Map enabledConditionsMet: [hive.vectorized.use.vectorized.input.format IS true]
2024-04-24T01:55:09,827  INFO [main] physical.Vectorizer: Map inputFileFormatClassNameSet: [org.apache.hadoop.hive.ql.io.orc.OrcInputFormat]
2024-04-24T01:55:09,827  INFO [main] physical.Vectorizer: Reduce vectorization enabled: false
2024-04-24T01:55:09,827  INFO [main] physical.Vectorizer: Reduce vectorized: false
2024-04-24T01:55:09,827  INFO [main] physical.Vectorizer: Reduce vectorizedVertexNum: 1
2024-04-24T01:55:09,827  INFO [main] physical.Vectorizer: Reducer hive.vectorized.execution.reduce.enabled: true
2024-04-24T01:55:09,827  INFO [main] physical.Vectorizer: Reducer engine: mr
2024-04-24T01:55:09,827  INFO [main] parse.CalcitePlanner: Completed plan generation
2024-04-24T01:55:09,827  INFO [main] parse.CalcitePlanner: Ending caching scope for: 
2024-04-24T01:55:09,827  INFO [main] ql.Driver: Semantic Analysis Completed (retrial = false)
2024-04-24T01:55:09,828  INFO [main] ql.Driver: Created Hive schema: Schema(fieldSchemas:[FieldSchema(name:row__id, type:struct<writeid:bigint,bucketid:int,rowid:bigint>, comment:null), FieldSchema(name:a, type:int, comment:null), FieldSchema(name:b, type:int, comment:null)], properties:null)
2024-04-24T01:55:09,829  INFO [main] exec.ListSinkOperator: Initializing Operator: LIST_SINK[7]
2024-04-24T01:55:09,829  INFO [main] metadata.Hive: Dumping metastore api call timing information for : compilation phase
2024-04-24T01:55:09,829  INFO [main] metadata.Hive: Total time spent in each metastore function (ms): {openTxn_(String, TxnType)=2, commitTxn_(CommitTxnRequest)=10, getValidWriteIds_(List, String)=5, getAllTableConstraints_(AllTableConstraintsRequest)=25, isCompatibleWith_(Configuration)=1, getValidTxns_(long)=1, flushCache_()=0, getTable_(GetTableRequest)=7, getTableColumnStatistics_(String, String, List, String)=10}
2024-04-24T01:55:09,829  INFO [main] ql.Driver: Completed compiling command(queryId=alex_20240424015509_9a6fc33b-3340-493d-b0f6-b14489d024f6); Time taken: 0.134 seconds
2024-04-24T01:55:09,829  INFO [main] lockmgr.DbTxnManager: Setting lock request transaction to txnid:21 for queryId=alex_20240424015509_9a6fc33b-3340-493d-b0f6-b14489d024f6
2024-04-24T01:55:09,830  INFO [main] lockmgr.DbLockManager: Requesting lock for queryId=alex_20240424015509_9a6fc33b-3340-493d-b0f6-b14489d024f6
2024-04-24T01:55:09,844  INFO [main] lockmgr.DbLockManager: Response to queryId=alex_20240424015509_9a6fc33b-3340-493d-b0f6-b14489d024f6 LockResponse(lockid:15, state:ACQUIRED)
2024-04-24T01:55:09,844  INFO [main] ql.Driver: Operation QUERY obtained 1 locks
2024-04-24T01:55:09,844  INFO [main] ql.Driver: Executing command(queryId=alex_20240424015509_9a6fc33b-3340-493d-b0f6-b14489d024f6): select ROW__ID, a, b from T order by ROW__ID
2024-04-24T01:55:09,845  WARN [main] ql.Driver: Hive-on-MR is deprecated in Hive 2 and may not be available in the future versions. Consider using a different execution engine (i.e. spark, tez) or using Hive 1.X releases.
Query ID = alex_20240424015509_9a6fc33b-3340-493d-b0f6-b14489d024f6
2024-04-24T01:55:09,845  INFO [main] ql.Driver: Query ID = alex_20240424015509_9a6fc33b-3340-493d-b0f6-b14489d024f6
Total jobs = 1
2024-04-24T01:55:09,845  INFO [main] ql.Driver: Total jobs = 1
Launching Job 1 out of 1
2024-04-24T01:55:09,845  INFO [main] ql.Driver: Launching Job 1 out of 1
2024-04-24T01:55:09,981  INFO [main] ql.Driver: Starting task [Stage-1:MAPRED] in serial mode
Number of reduce tasks determined at compile time: 1
2024-04-24T01:55:09,981  INFO [main] exec.Task: Number of reduce tasks determined at compile time: 1
In order to change the average load for a reducer (in bytes):
2024-04-24T01:55:09,981  INFO [main] exec.Task: In order to change the average load for a reducer (in bytes):
  set hive.exec.reducers.bytes.per.reducer=<number>
2024-04-24T01:55:09,981  INFO [main] exec.Task:   set hive.exec.reducers.bytes.per.reducer=<number>
In order to limit the maximum number of reducers:
2024-04-24T01:55:09,981  INFO [main] exec.Task: In order to limit the maximum number of reducers:
  set hive.exec.reducers.max=<number>
2024-04-24T01:55:09,981  INFO [main] exec.Task:   set hive.exec.reducers.max=<number>
In order to set a constant number of reducers:
2024-04-24T01:55:09,981  INFO [main] exec.Task: In order to set a constant number of reducers:
  set mapreduce.job.reduces=<number>
2024-04-24T01:55:09,981  INFO [main] exec.Task:   set mapreduce.job.reduces=<number>
2024-04-24T01:55:09,983  INFO [main] mr.ExecDriver: Using org.apache.hadoop.hive.ql.io.HiveInputFormat
2024-04-24T01:55:09,984  INFO [main] exec.Utilities: Processing alias t
2024-04-24T01:55:09,984  INFO [main] exec.Utilities: Adding 1 inputs; the first input is file:/home/alex/Repositories/hive/ql/target/tmp/org.apache.hadoop.hive.ql.TestTxnLoadData-1713948800221/warehouse/t
2024-04-24T01:55:09,992  INFO [main] exec.SerializationUtilities: Serializing MapWork using kryo
2024-04-24T01:55:09,994  INFO [main] exec.Utilities: Serialized plan (via FILE) - name: null size: 5,99KB
2024-04-24T01:55:09,998  INFO [main] exec.SerializationUtilities: Serializing ReduceWork using kryo
2024-04-24T01:55:10,002  INFO [main] exec.Utilities: Serialized plan (via FILE) - name: null size: 7,16KB
2024-04-24T01:55:10,003  WARN [main] impl.MetricsSystemImpl: JobTracker metrics system already initialized!
2024-04-24T01:55:10,008  WARN [main] impl.MetricsSystemImpl: JobTracker metrics system already initialized!
2024-04-24T01:55:10,015  WARN [main] mapreduce.JobResourceUploader: Hadoop command-line option parsing not performed. Implement the Tool interface and execute your application with ToolRunner to remedy this.
2024-04-24T01:55:10,020  WARN [main] mapreduce.JobResourceUploader: No job jar file set.  User classes may not be found. See Job or Job#setJar(String).
2024-04-24T01:55:10,021  INFO [main] io.HiveInputFormat: hive.io.file.readcolumn.ids = 0,1
2024-04-24T01:55:10,021  INFO [main] io.HiveInputFormat: hive.io.file.readcolumn.names = a,b
2024-04-24T01:55:10,021  INFO [main] io.HiveInputFormat: Generating splits for dirs: file:/home/alex/Repositories/hive/ql/target/tmp/org.apache.hadoop.hive.ql.TestTxnLoadData-1713948800221/warehouse/t
2024-04-24T01:55:10,021  INFO [main] orc.OrcInputFormat: getSplits started
2024-04-24T01:55:10,021  INFO [main] orc.OrcInputFormat: Context:: isAcid: true isVectorMode: true sarg: null minSplitSize: 1 maxSplitSize: 256000000 splitStrategy: HYBRID footerInSplits: false numBuckets: 0 numThreads: 10 cacheMemSize: 268435456 cacheStripeDetails: true useSoftReference: false writeIdList: default.t:1:9223372036854775807:: isTransactionalTable: true txnProperties: default 
2024-04-24T01:55:10,021  INFO [main] orc.OrcInputFormat: ORC pushdown predicate: null
2024-04-24T01:55:10,031  INFO [main] orc.OrcInputFormat: FooterCacheHitRatio: 0/1
2024-04-24T01:55:10,031  INFO [main] orc.OrcInputFormat: getSplits finished (#splits: 1). duration: 10 ms
2024-04-24T01:55:10,032  INFO [main] io.HiveInputFormat: number of splits 1
2024-04-24T01:55:10,048  INFO [main] mapreduce.JobSubmitter: number of splits:1
2024-04-24T01:55:10,066  INFO [main] mapreduce.JobSubmitter: Submitting tokens for job: job_local1338982293_0044
2024-04-24T01:55:10,066  INFO [main] mapreduce.JobSubmitter: Executing with tokens: []
2024-04-24T01:55:10,128  INFO [main] mapreduce.Job: The url to track the job: http://localhost:8080/
Job running in-process (local Hadoop)
2024-04-24T01:55:10,129  INFO [main] exec.Task: Job running in-process (local Hadoop)
2024-04-24T01:55:10,129  INFO [Thread-2802] mapred.LocalJobRunner: OutputCommitter set in config org.apache.hadoop.hive.ql.io.HiveFileFormatUtils$NullOutputCommitter
2024-04-24T01:55:10,129  INFO [Thread-2802] mapred.LocalJobRunner: OutputCommitter is org.apache.hadoop.hive.ql.io.HiveFileFormatUtils$NullOutputCommitter
2024-04-24T01:55:10,130  INFO [Thread-2802] mapred.LocalJobRunner: Waiting for map tasks
2024-04-24T01:55:10,130  INFO [LocalJobRunner Map Task Executor #0] mapred.LocalJobRunner: Starting task: attempt_local1338982293_0044_m_000000_0
2024-04-24T01:55:10,131  INFO [LocalJobRunner Map Task Executor #0] mapred.Task:  Using ResourceCalculatorProcessTree : [ ]
2024-04-24T01:55:10,131  INFO [LocalJobRunner Map Task Executor #0] mapred.MapTask: Processing split: org.apache.hadoop.hive.ql.io.orc.OrcInputFormat:OrcSplit [file:/home/alex/Repositories/hive/ql/target/tmp/org.apache.hadoop.hive.ql.TestTxnLoadData-1713948800221/warehouse/t/delta_0000001_0000001_0000/000000_0, start=3, length=110, isOriginal=true, fileLength=254, hasFooter=false, hasBase=true, deltas=0]
2024-04-24T01:55:10,132  INFO [LocalJobRunner Map Task Executor #0] exec.SerializationUtilities: Deserializing MapWork using kryo
2024-04-24T01:55:10,132  INFO [LocalJobRunner Map Task Executor #0] exec.Utilities: Deserialized plan (via FILE) - name: null size: 5,99KB
2024-04-24T01:55:10,133  INFO [LocalJobRunner Map Task Executor #0] orc.VectorizedOrcAcidRowBatchReader: Read ValidWriteIdList: default.t:1:9223372036854775807:::OrcSplit [file:/home/alex/Repositories/hive/ql/target/tmp/org.apache.hadoop.hive.ql.TestTxnLoadData-1713948800221/warehouse/t/delta_0000001_0000001_0000/000000_0, start=3, length=110, isOriginal=true, fileLength=254, hasFooter=false, hasBase=true, deltas=0]
2024-04-24T01:55:10,133  INFO [LocalJobRunner Map Task Executor #0] orc.ReaderImpl: Reading ORC rows from file:/home/alex/Repositories/hive/ql/target/tmp/org.apache.hadoop.hive.ql.TestTxnLoadData-1713948800221/warehouse/t/delta_0000001_0000001_0000/000000_0 with {include: [true, true, true], offset: 3, length: 110, schema: struct<a:int,b:int>, includeAcidColumns: true}
2024-04-24T01:55:10,134  INFO [LocalJobRunner Map Task Executor #0] mapred.MapTask: numReduceTasks: 1
2024-04-24T01:55:10,138  INFO [LocalJobRunner Map Task Executor #0] mapred.MapTask: (EQUATOR) 0 kvi 26214396(104857584)
2024-04-24T01:55:10,138  INFO [LocalJobRunner Map Task Executor #0] mapred.MapTask: mapreduce.task.io.sort.mb: 100
2024-04-24T01:55:10,138  INFO [LocalJobRunner Map Task Executor #0] mapred.MapTask: soft limit at 83886080
2024-04-24T01:55:10,138  INFO [LocalJobRunner Map Task Executor #0] mapred.MapTask: bufstart = 0; bufvoid = 104857600
2024-04-24T01:55:10,138  INFO [LocalJobRunner Map Task Executor #0] mapred.MapTask: kvstart = 26214396; length = 6553600
2024-04-24T01:55:10,138  INFO [LocalJobRunner Map Task Executor #0] mapred.MapTask: Map output collector class = org.apache.hadoop.mapred.MapTask$MapOutputBuffer
2024-04-24T01:55:10,139  INFO [LocalJobRunner Map Task Executor #0] vector.VectorMapOperator: Initializing Operator: MAP[0]
2024-04-24T01:55:10,139  INFO [LocalJobRunner Map Task Executor #0] mr.ExecMapper: 
<MAP>Id =0
  <Children>null
  <\Children>
  <Parent><\Parent>
<\MAP>
2024-04-24T01:55:10,140  INFO [LocalJobRunner Map Task Executor #0] exec.TableScanOperator: Initializing Operator: TS[0]
2024-04-24T01:55:10,140  INFO [LocalJobRunner Map Task Executor #0] vector.VectorSelectOperator: Initializing Operator: SEL[5]
2024-04-24T01:55:10,140  INFO [LocalJobRunner Map Task Executor #0] vector.VectorReduceSinkOperator: Initializing Operator: RS[6]
2024-04-24T01:55:10,140  INFO [LocalJobRunner Map Task Executor #0] vector.VectorReduceSinkOperator: Using tag = -1
2024-04-24T01:55:10,140  INFO [LocalJobRunner Map Task Executor #0] vector.VectorReduceSinkOperator: keys are [reducesinkkey0] num distributions: 1
2024-04-24T01:55:10,140  INFO [LocalJobRunner Map Task Executor #0] vector.VectorReduceSinkOperator: RS[6]: records written - 1
2024-04-24T01:55:10,141  INFO [LocalJobRunner Map Task Executor #0] vector.VectorMapOperator: Closing Operator: MAP[0]
2024-04-24T01:55:10,141  INFO [LocalJobRunner Map Task Executor #0] vector.VectorMapOperator: RECORDS_IN:2, DESERIALIZE_ERRORS:0, RECORDS_OUT_OPERATOR_MAP_0:0, RECORDS_OUT_INTERMEDIATE:0, 
2024-04-24T01:55:10,141  INFO [LocalJobRunner Map Task Executor #0] exec.TableScanOperator: Closing Operator: TS[0]
2024-04-24T01:55:10,141  INFO [LocalJobRunner Map Task Executor #0] exec.TableScanOperator: RECORDS_OUT_OPERATOR_TS_0:2, RECORDS_OUT_INTERMEDIATE:0, 
2024-04-24T01:55:10,141  INFO [LocalJobRunner Map Task Executor #0] vector.VectorSelectOperator: Closing Operator: SEL[5]
2024-04-24T01:55:10,141  INFO [LocalJobRunner Map Task Executor #0] vector.VectorSelectOperator: RECORDS_OUT_OPERATOR_SEL_5:2, RECORDS_OUT_INTERMEDIATE:0, 
2024-04-24T01:55:10,141  INFO [LocalJobRunner Map Task Executor #0] vector.VectorReduceSinkOperator: Closing Operator: RS[6]
2024-04-24T01:55:10,141  INFO [LocalJobRunner Map Task Executor #0] vector.VectorReduceSinkOperator: RS[6]: Total records written - 2. abort - false
2024-04-24T01:55:10,141  INFO [LocalJobRunner Map Task Executor #0] vector.VectorReduceSinkOperator: RECORDS_OUT_INTERMEDIATE:2, RECORDS_OUT_OPERATOR_RS_6:2, 
2024-04-24T01:55:10,141  INFO [LocalJobRunner Map Task Executor #0] mapred.LocalJobRunner: 
2024-04-24T01:55:10,141  INFO [LocalJobRunner Map Task Executor #0] mapred.MapTask: Starting flush of map output
2024-04-24T01:55:10,141  INFO [LocalJobRunner Map Task Executor #0] mapred.MapTask: Spilling map output
2024-04-24T01:55:10,141  INFO [LocalJobRunner Map Task Executor #0] mapred.MapTask: bufstart = 0; bufend = 72; bufvoid = 104857600
2024-04-24T01:55:10,141  INFO [LocalJobRunner Map Task Executor #0] mapred.MapTask: kvstart = 26214396(104857584); kvend = 26214392(104857568); length = 5/6553600
2024-04-24T01:55:10,154  INFO [LocalJobRunner Map Task Executor #0] mapred.MapTask: Finished spill 0
2024-04-24T01:55:10,156  INFO [LocalJobRunner Map Task Executor #0] mapred.Task: Task:attempt_local1338982293_0044_m_000000_0 is done. And is in the process of committing
2024-04-24T01:55:10,157  INFO [LocalJobRunner Map Task Executor #0] mapred.LocalJobRunner: OrcSplit [file:/home/alex/Repositories/hive/ql/target/tmp/org.apache.hadoop.hive.ql.TestTxnLoadData-1713948800221/warehouse/t/delta_0000001_0000001_0000/000000_0, start=3, length=110, isOriginal=true, fileLength=254, hasFooter=false, hasBase=true, deltas=0]
2024-04-24T01:55:10,157  INFO [LocalJobRunner Map Task Executor #0] mapred.Task: Task 'attempt_local1338982293_0044_m_000000_0' done.
2024-04-24T01:55:10,157  INFO [LocalJobRunner Map Task Executor #0] mapred.Task: Final Counters for attempt_local1338982293_0044_m_000000_0: Counters: 24
	File System Counters
		FILE: Number of bytes read=596552
		FILE: Number of bytes written=51602783
		FILE: Number of read operations=0
		FILE: Number of large read operations=0
		FILE: Number of write operations=0
	Map-Reduce Framework
		Map input records=1
		Map output records=2
		Map output bytes=72
		Map output materialized bytes=82
		Input split bytes=497
		Combine input records=0
		Spilled Records=2
		Failed Shuffles=0
		Merged Map outputs=0
		GC time elapsed (ms)=0
		Total committed heap usage (bytes)=1208483840
	HIVE
		DESERIALIZE_ERRORS=0
		RECORDS_IN=2
		RECORDS_OUT_INTERMEDIATE=2
		RECORDS_OUT_OPERATOR_MAP_0=0
		RECORDS_OUT_OPERATOR_RS_6=2
		RECORDS_OUT_OPERATOR_SEL_5=2
		RECORDS_OUT_OPERATOR_TS_0=2
	File Input Format Counters 
		Bytes Read=7129
2024-04-24T01:55:10,157  INFO [LocalJobRunner Map Task Executor #0] mapred.LocalJobRunner: Finishing task: attempt_local1338982293_0044_m_000000_0
2024-04-24T01:55:10,157  INFO [Thread-2802] mapred.LocalJobRunner: map task executor complete.
2024-04-24T01:55:10,158  INFO [Thread-2802] mapred.LocalJobRunner: Waiting for reduce tasks
2024-04-24T01:55:10,158  INFO [pool-184-thread-1] mapred.LocalJobRunner: Starting task: attempt_local1338982293_0044_r_000000_0
2024-04-24T01:55:10,159  INFO [pool-184-thread-1] mapred.Task:  Using ResourceCalculatorProcessTree : [ ]
2024-04-24T01:55:10,159  INFO [pool-184-thread-1] mapred.ReduceTask: Using ShuffleConsumerPlugin: org.apache.hadoop.mapreduce.task.reduce.Shuffle@5d08d2e1
2024-04-24T01:55:10,159  WARN [pool-184-thread-1] impl.MetricsSystemImpl: JobTracker metrics system already initialized!
2024-04-24T01:55:10,160  INFO [pool-184-thread-1] reduce.MergeManagerImpl: MergerManager: memoryLimit=1336252800, maxSingleShuffleLimit=334063200, mergeThreshold=881926912, ioSortFactor=10, memToMemMergeOutputsThreshold=10
2024-04-24T01:55:10,161  INFO [EventFetcher for fetching Map Completion Events] reduce.EventFetcher: attempt_local1338982293_0044_r_000000_0 Thread started: EventFetcher for fetching Map Completion Events
2024-04-24T01:55:10,163  INFO [localfetcher#16] reduce.LocalFetcher: localfetcher#16 about to shuffle output of map attempt_local1338982293_0044_m_000000_0 decomp: 78 len: 82 to MEMORY
2024-04-24T01:55:10,163  INFO [localfetcher#16] reduce.InMemoryMapOutput: Read 78 bytes from map-output for attempt_local1338982293_0044_m_000000_0
2024-04-24T01:55:10,164  INFO [localfetcher#16] reduce.MergeManagerImpl: closeInMemoryFile -> map-output of size: 78, inMemoryMapOutputs.size() -> 1, commitMemory -> 0, usedMemory ->78
2024-04-24T01:55:10,164  INFO [EventFetcher for fetching Map Completion Events] reduce.EventFetcher: EventFetcher is interrupted.. Returning
2024-04-24T01:55:10,165  INFO [pool-184-thread-1] mapred.LocalJobRunner: 1 / 1 copied.
2024-04-24T01:55:10,165  INFO [pool-184-thread-1] reduce.MergeManagerImpl: finalMerge called with 1 in-memory map-outputs and 0 on-disk map-outputs
2024-04-24T01:55:10,171  INFO [pool-184-thread-1] mapred.Merger: Merging 1 sorted segments
2024-04-24T01:55:10,171  INFO [pool-184-thread-1] mapred.Merger: Down to the last merge-pass, with 1 segments left of total size: 47 bytes
2024-04-24T01:55:10,174  INFO [pool-184-thread-1] reduce.MergeManagerImpl: Merged 1 segments, 78 bytes to disk to satisfy reduce memory limit
2024-04-24T01:55:10,174  INFO [pool-184-thread-1] reduce.MergeManagerImpl: Merging 1 files, 82 bytes from disk
2024-04-24T01:55:10,174  INFO [pool-184-thread-1] reduce.MergeManagerImpl: Merging 0 segments, 0 bytes from memory into reduce
2024-04-24T01:55:10,174  INFO [pool-184-thread-1] mapred.Merger: Merging 1 sorted segments
2024-04-24T01:55:10,174  INFO [pool-184-thread-1] mapred.Merger: Down to the last merge-pass, with 1 segments left of total size: 47 bytes
2024-04-24T01:55:10,174  INFO [pool-184-thread-1] mapred.LocalJobRunner: 1 / 1 copied.
2024-04-24T01:55:10,175  INFO [pool-184-thread-1] exec.SerializationUtilities: Deserializing ReduceWork using kryo
2024-04-24T01:55:10,176  INFO [pool-184-thread-1] exec.Utilities: Deserialized plan (via FILE) - name: null size: 7,16KB
2024-04-24T01:55:10,177  INFO [pool-184-thread-1] ExecReducer: 
<SEL>Id =3
  <Children>
    <FS>Id =4
      <Children>
      <\Children>
      <Parent>Id = 3 null<\Parent>
    <\FS>
  <\Children>
  <Parent><\Parent>
<\SEL>
2024-04-24T01:55:10,177  INFO [pool-184-thread-1] exec.SelectOperator: Initializing Operator: SEL[3]
2024-04-24T01:55:10,177  INFO [pool-184-thread-1] exec.SelectOperator: SELECT struct<key:struct<reducesinkkey0:struct<writeid:bigint,bucketid:int,rowid:bigint>>,value:struct<_col0:int,_col1:int>>
2024-04-24T01:55:10,177  INFO [pool-184-thread-1] exec.FileSinkOperator: Initializing Operator: FS[4]
2024-04-24T01:55:10,178  INFO [pool-184-thread-1] exec.FileSinkOperator: Using serializer : class org.apache.hadoop.hive.serde2.lazy.LazySimpleSerDe [serdeParams=org.apache.hadoop.hive.serde2.lazy.LazySerDeParameters@7b9feedc, cachedObjectInspector=org.apache.hadoop.hive.serde2.lazy.objectinspector.LazySimpleStructObjectInspector<org.apache.hadoop.hive.serde2.lazy.objectinspector.LazySimpleStructObjectInspector<org.apache.hadoop.hive.serde2.lazy.objectinspector.primitive.LazyLongObjectInspector@775c865f,org.apache.hadoop.hive.serde2.lazy.objectinspector.primitive.LazyIntObjectInspector@5410bbdf,org.apache.hadoop.hive.serde2.lazy.objectinspector.primitive.LazyLongObjectInspector@775c865f>,org.apache.hadoop.hive.serde2.lazy.objectinspector.primitive.LazyIntObjectInspector@5410bbdf,org.apache.hadoop.hive.serde2.lazy.objectinspector.primitive.LazyIntObjectInspector@5410bbdf>, serializedSize=0, stats=org.apache.hadoop.hive.serde2.SerDeStats@26ef834e, lastOperationSerialize=false, lastOperationDeserialize=false [1, 2, 3, 4, 5, 6, 7, 8, 11, 14, 15, 16, 17, 18, 19, 20, 21, 22, 23, 24, 25, 26, 28, 29, 30, 31, -128, -127, -126, -125, -124, -123, -122, -121, -120, -119, -118, -117, -116, -115, -114, -113, -112, -111, -110, -109, -108, -107, -106, -105, -104, -103, -102, -101, -100, -99, -98, -97, -96, -95, -94, -93, -92, -91, -90, -89, -88, -87, -86, -85, -84, -83, -82, -81, -80, -79, -78, -77, -76, -75, -74, -73, -72, -71, -70, -69, -68, -67, -66, -65, -64, -63, -62, -61, -60, -59, -58, -57, -56, -55, -54, -53, -52, -51, -50, -49, -48, -47, -46, -45, -44, -43, -42, -41, -40, -39, -38, -37, -36, -35, -34, -33, -32, -31, -30, -29, -28, -27, -26, -25, -24, -23, -22, -21, -20, -19, -18, -17, -16, -15, -14, -13, -12, -11, -10, -9, -8, -7, -6, -5, -4, -3, -2, -1] : [_col0, _col1, _col2] : [struct<writeid:bigint,bucketid:int,rowid:bigint>, int, int]] and formatter : org.apache.hadoop.hive.ql.io.HiveSequenceFileOutputFormat@40371625
2024-04-24T01:55:10,178  INFO [pool-184-thread-1] exec.FileSinkOperator: Final Path: FS file:/home/alex/Repositories/hive/ql/target/tmp/localscratchdir/9fc47fff-cafa-47ec-954c-5ee310d78230/hive_2024-04-24_01-55-09_695_2721976284259369179-1/-mr-10001/.hive-staging_hive_2024-04-24_01-55-09_695_2721976284259369179-1/_tmp.-ext-10002/000000_0
2024-04-24T01:55:10,178  INFO [pool-184-thread-1] exec.FileSinkOperator: Writing to temp file: FS file:/home/alex/Repositories/hive/ql/target/tmp/localscratchdir/9fc47fff-cafa-47ec-954c-5ee310d78230/hive_2024-04-24_01-55-09_695_2721976284259369179-1/-mr-10001/.hive-staging_hive_2024-04-24_01-55-09_695_2721976284259369179-1/_task_tmp.-ext-10002/_tmp.000000_0
2024-04-24T01:55:10,178  INFO [pool-184-thread-1] exec.FileSinkOperator: New Final Path: FS file:/home/alex/Repositories/hive/ql/target/tmp/localscratchdir/9fc47fff-cafa-47ec-954c-5ee310d78230/hive_2024-04-24_01-55-09_695_2721976284259369179-1/-mr-10001/.hive-staging_hive_2024-04-24_01-55-09_695_2721976284259369179-1/_tmp.-ext-10002/000000_0
2024-04-24T01:55:10,185  INFO [pool-184-thread-1] exec.FileSinkOperator: FS[4]: records written - 1
2024-04-24T01:55:10,186  INFO [pool-184-thread-1] exec.SelectOperator: Closing Operator: SEL[3]
2024-04-24T01:55:10,186  INFO [pool-184-thread-1] exec.SelectOperator: RECORDS_OUT_INTERMEDIATE:0, RECORDS_OUT_OPERATOR_SEL_3:2, 
2024-04-24T01:55:10,186  INFO [pool-184-thread-1] exec.FileSinkOperator: Closing Operator: FS[4]
2024-04-24T01:55:10,186  INFO [pool-184-thread-1] exec.FileSinkOperator: FS[4]: records written - 2
2024-04-24T01:55:10,186  INFO [pool-184-thread-1] exec.FileSinkOperator: RECORDS_OUT_OPERATOR_FS_4:2, RECORDS_OUT_INTERMEDIATE:0, RECORDS_OUT_0:2, 
2024-04-24T01:55:10,187  INFO [pool-184-thread-1] mapred.Task: Task:attempt_local1338982293_0044_r_000000_0 is done. And is in the process of committing
2024-04-24T01:55:10,187  INFO [pool-184-thread-1] mapred.LocalJobRunner: reduce > reduce
2024-04-24T01:55:10,187  INFO [pool-184-thread-1] mapred.Task: Task 'attempt_local1338982293_0044_r_000000_0' done.
2024-04-24T01:55:10,187  INFO [pool-184-thread-1] mapred.Task: Final Counters for attempt_local1338982293_0044_r_000000_0: Counters: 29
	File System Counters
		FILE: Number of bytes read=603979
		FILE: Number of bytes written=51603024
		FILE: Number of read operations=0
		FILE: Number of large read operations=0
		FILE: Number of write operations=0
	Map-Reduce Framework
		Combine input records=0
		Combine output records=0
		Reduce input groups=2
		Reduce shuffle bytes=82
		Reduce input records=2
		Reduce output records=0
		Spilled Records=2
		Shuffled Maps =1
		Failed Shuffles=0
		Merged Map outputs=1
		GC time elapsed (ms)=0
		Total committed heap usage (bytes)=1208483840
	HIVE
		CREATED_FILES=1
		RECORDS_OUT_0=2
		RECORDS_OUT_INTERMEDIATE=0
		RECORDS_OUT_OPERATOR_FS_4=2
		RECORDS_OUT_OPERATOR_SEL_3=2
	Shuffle Errors
		BAD_ID=0
		CONNECTION=0
		IO_ERROR=0
		WRONG_LENGTH=0
		WRONG_MAP=0
		WRONG_REDUCE=0
	File Output Format Counters 
		Bytes Written=0
2024-04-24T01:55:10,187  INFO [pool-184-thread-1] mapred.LocalJobRunner: Finishing task: attempt_local1338982293_0044_r_000000_0
2024-04-24T01:55:10,187  INFO [Thread-2802] mapred.LocalJobRunner: reduce task executor complete.
2024-04-24 01:55:11,131 Stage-1 map = 100%,  reduce = 100%
2024-04-24T01:55:11,131  INFO [main] exec.Task: 2024-04-24 01:55:11,131 Stage-1 map = 100%,  reduce = 100%
Ended Job = job_local1338982293_0044
2024-04-24T01:55:11,132  INFO [main] exec.Task: Ended Job = job_local1338982293_0044
2024-04-24T01:55:11,134  INFO [main] metadata.Hive: Dumping metastore api call timing information for : execution phase
2024-04-24T01:55:11,134  INFO [main] metadata.Hive: Total time spent in each metastore function (ms): {}
MapReduce Jobs Launched: 
2024-04-24T01:55:11,134  INFO [main] ql.Driver: MapReduce Jobs Launched: 
Stage-Stage-1:  HDFS Read: 0 HDFS Write: 0 SUCCESS
2024-04-24T01:55:11,134  INFO [main] ql.Driver: Stage-Stage-1:  HDFS Read: 0 HDFS Write: 0 SUCCESS
Total MapReduce CPU Time Spent: 0 msec
2024-04-24T01:55:11,134  INFO [main] ql.Driver: Total MapReduce CPU Time Spent: 0 msec
2024-04-24T01:55:11,134  INFO [main] ql.Driver: Completed executing command(queryId=alex_20240424015509_9a6fc33b-3340-493d-b0f6-b14489d024f6); Time taken: 1.29 seconds
2024-04-24T01:55:11,134  INFO [main] lockmgr.DbTxnManager: Stopped heartbeat for query: alex_20240424015509_9a6fc33b-3340-493d-b0f6-b14489d024f6
2024-04-24T01:55:11,138  INFO [main] txn.TxnHandler: Expected to move at least one record from txn_components to completed_txn_components when committing txn! txnid:21
2024-04-24T01:55:11,143  INFO [main] txn.TxnHandler: Removed transactions: ([21]) from MIN_HISTORY_LEVEL
2024-04-24T01:55:11,143  WARN [main] txn.CompactionTxnHandler: No compaction queue record found for Compaction type transaction commit. txnId:21
2024-04-24T01:55:11,147  INFO [main] mapred.FileInputFormat: Total input files to process : 1
2024-04-24T01:55:11,148  INFO [main] exec.ListSinkOperator: Closing Operator: LIST_SINK[7]
2024-04-24T01:55:11,148  INFO [main] exec.ListSinkOperator: RECORDS_OUT_OPERATOR_LIST_SINK_7:2, RECORDS_OUT_INTERMEDIATE:0, 
2024-04-24T01:55:11,148  WARN [main] ql.TestTxnLoadData: loadDataUpdateVectorized: read data(load data inpath vect): 
2024-04-24T01:55:11,148  INFO [main] ql.TestTxnLoadData: {"writeid":1,"bucketid":536870912,"rowid":0}	1	2
{"writeid":1,"bucketid":536870912,"rowid":1}	3	4

2024-04-24T01:55:11,148  INFO [main] ql.TxnCommandsBaseForTests: Running the query: EXPLAIN VECTORIZATION DETAIL select ROW__ID, a, b from T order by ROW__ID
2024-04-24T01:55:11,148  INFO [main] ql.Context: Deleting scratch dir: file:/home/alex/Repositories/hive/ql/target/tmp/localscratchdir/9fc47fff-cafa-47ec-954c-5ee310d78230/hive_2024-04-24_01-55-09_695_2721976284259369179-1
2024-04-24T01:55:11,149  INFO [main] cleanup.SyncCleanupService: Deleted directory: file:/home/alex/Repositories/hive/ql/target/tmp/localscratchdir/9fc47fff-cafa-47ec-954c-5ee310d78230/hive_2024-04-24_01-55-09_695_2721976284259369179-1 on fs with scheme file
2024-04-24T01:55:11,149  INFO [main] ql.Driver: Compiling command(queryId=alex_20240424015511_8032fd72-e812-4f25-a668-494d05592e0c): EXPLAIN VECTORIZATION DETAIL select ROW__ID, a, b from T order by ROW__ID
2024-04-24T01:55:11,152  INFO [main] txn.TxnHandler: Added entries to MIN_HISTORY_LEVEL for current txns: ([22]) with min_open_txn: 22
2024-04-24T01:55:11,152  INFO [main] lockmgr.DbTxnManager: Opened txnid:22
2024-04-24T01:55:11,153  INFO [main] parse.CalcitePlanner: Starting Semantic Analysis
2024-04-24T01:55:11,155  INFO [main] parse.CalcitePlanner: Completed phase 1 of Semantic Analysis
2024-04-24T01:55:11,155  INFO [main] parse.CalcitePlanner: Get metadata for source tables
2024-04-24T01:55:11,156  INFO [main] HiveMetaStore.audit: ugi=alex	ip=unknown-ip-addr	cmd=get_table : tbl=hive.default.t	
2024-04-24T01:55:11,161  INFO [main] metastore.ObjectStore: Removed COLUMN_STATS_ACCURATE from Table's parameters.
2024-04-24T01:55:11,163  INFO [main] metastore.HMSHandler: Skipping translation for processor with null
2024-04-24T01:55:11,163  INFO [main] parse.CalcitePlanner: Get metadata for subqueries
2024-04-24T01:55:11,163  INFO [main] parse.CalcitePlanner: Get metadata for destination tables
2024-04-24T01:55:11,163  INFO [main] parse.CalcitePlanner: Completed getting MetaData in Semantic Analysis
2024-04-24T01:55:11,176  INFO [main] HiveMetaStore.audit: ugi=alex	ip=unknown-ip-addr	cmd=get_all_table_constraints : tbl=hive.default.t	
2024-04-24T01:55:11,184  INFO [main] calcite.RelOptHiveTable: Calculating column statistics for default.t, projIndxSet: [0, 1], allowMissingStats: true
2024-04-24T01:55:11,185  INFO [main] HiveMetaStore.audit: ugi=alex	ip=unknown-ip-addr	cmd=get_table_statistics_req: table=hive.default.t	
2024-04-24T01:55:11,193  WARN [main] calcite.RelOptHiveTable: No Stats for default@t, Columns: b, a
No Stats for default@t, Columns: b, a
2024-04-24T01:55:11,193  INFO [main] SessionState: No Stats for default@t, Columns: b, a
2024-04-24T01:55:11,233  INFO [main] parse.CalcitePlanner: Get metadata for source tables
2024-04-24T01:55:11,234  INFO [main] parse.CalcitePlanner: Get metadata for subqueries
2024-04-24T01:55:11,234  INFO [main] parse.CalcitePlanner: Get metadata for destination tables
2024-04-24T01:55:11,235  INFO [main] parse.CalcitePlanner: CBO Succeeded; optimized logical plan.
2024-04-24T01:55:11,238  INFO [main] optimizer.ColumnPrunerProcFactory: RS 2 oldColExprMap: {KEY.reducesinkkey0=Column[_col0], VALUE._col0=Column[_col1], VALUE._col1=Column[_col2]}
2024-04-24T01:55:11,238  INFO [main] optimizer.ColumnPrunerProcFactory: RS 2 newColExprMap: {VALUE._col0=Column[_col1], VALUE._col1=Column[_col2], KEY.reducesinkkey0=Column[_col0]}
2024-04-24T01:55:11,239  INFO [main] optimizer.BucketVersionPopulator: not considering bucketingVersion for: TS[0] because it has -1<2 buckets 
2024-04-24T01:55:11,242  INFO [main] optimizer.SortedDynPartitionOptimizer: Sorted dynamic partitioning optimization kicked in..
2024-04-24T01:55:11,250  INFO [main] physical.Vectorizer: Examining input format to see if vectorization is enabled.
2024-04-24T01:55:11,250  INFO [main] physical.Vectorizer: Vectorization is enabled for input format(s) [org.apache.hadoop.hive.ql.io.orc.OrcInputFormat]
2024-04-24T01:55:11,250  INFO [main] physical.Vectorizer: Validating and vectorizing MapWork... (vectorizedVertexNum 0)
2024-04-24T01:55:11,251  INFO [main] physical.Vectorizer: Map vectorization enabled: true
2024-04-24T01:55:11,251  INFO [main] physical.Vectorizer: Map vectorized: true
2024-04-24T01:55:11,251  INFO [main] physical.Vectorizer: Map vectorizedVertexNum: 0
2024-04-24T01:55:11,251  INFO [main] physical.Vectorizer: Map enabledConditionsMet: [hive.vectorized.use.vectorized.input.format IS true]
2024-04-24T01:55:11,251  INFO [main] physical.Vectorizer: Map inputFileFormatClassNameSet: [org.apache.hadoop.hive.ql.io.orc.OrcInputFormat]
2024-04-24T01:55:11,251  INFO [main] physical.Vectorizer: Reduce vectorization enabled: false
2024-04-24T01:55:11,251  INFO [main] physical.Vectorizer: Reduce vectorized: false
2024-04-24T01:55:11,251  INFO [main] physical.Vectorizer: Reduce vectorizedVertexNum: 1
2024-04-24T01:55:11,251  INFO [main] physical.Vectorizer: Reducer hive.vectorized.execution.reduce.enabled: true
2024-04-24T01:55:11,251  INFO [main] physical.Vectorizer: Reducer engine: mr
2024-04-24T01:55:11,252  INFO [main] parse.CalcitePlanner: Completed plan generation
2024-04-24T01:55:11,252  INFO [main] ql.Driver: Semantic Analysis Completed (retrial = false)
2024-04-24T01:55:11,252  INFO [main] ql.Driver: Created Hive schema: Schema(fieldSchemas:[FieldSchema(name:Explain, type:string, comment:null)], properties:null)
2024-04-24T01:55:11,252  INFO [main] metadata.Hive: Dumping metastore api call timing information for : compilation phase
2024-04-24T01:55:11,252  INFO [main] metadata.Hive: Total time spent in each metastore function (ms): {getAllTableConstraints_(AllTableConstraintsRequest)=5, getValidWriteIds_(List, String)=3, commitTxn_(CommitTxnRequest)=9, getValidTxns_(long)=1, getTable_(GetTableRequest)=7, getTableColumnStatistics_(String, String, List, String)=7, isCompatibleWith_(Configuration)=1, flushCache_()=0, openTxn_(String, TxnType)=2}
2024-04-24T01:55:11,252  INFO [main] ql.Driver: Completed compiling command(queryId=alex_20240424015511_8032fd72-e812-4f25-a668-494d05592e0c); Time taken: 0.103 seconds
2024-04-24T01:55:11,252  INFO [main] ql.Driver: Executing command(queryId=alex_20240424015511_8032fd72-e812-4f25-a668-494d05592e0c): EXPLAIN VECTORIZATION DETAIL select ROW__ID, a, b from T order by ROW__ID
2024-04-24T01:55:11,252  INFO [main] ql.Driver: Starting task [Stage-2:EXPLAIN] in serial mode
2024-04-24T01:55:11,262  INFO [main] metadata.Hive: Dumping metastore api call timing information for : execution phase
2024-04-24T01:55:11,262  INFO [main] metadata.Hive: Total time spent in each metastore function (ms): {}
2024-04-24T01:55:11,262  INFO [main] ql.Driver: Completed executing command(queryId=alex_20240424015511_8032fd72-e812-4f25-a668-494d05592e0c); Time taken: 0.01 seconds
2024-04-24T01:55:11,263  INFO [main] lockmgr.DbTxnManager: Stopped heartbeat for query: null
2024-04-24T01:55:11,267  INFO [main] txn.TxnHandler: Expected to move at least one record from txn_components to completed_txn_components when committing txn! txnid:22
2024-04-24T01:55:11,273  INFO [main] txn.TxnHandler: Removed transactions: ([22]) from MIN_HISTORY_LEVEL
2024-04-24T01:55:11,273  WARN [main] txn.CompactionTxnHandler: No compaction queue record found for Compaction type transaction commit. txnId:22
2024-04-24T01:55:11,274  INFO [main] ql.TxnCommandsBaseForTests: Running the query: update T set b = 17 where a = 1
2024-04-24T01:55:11,274  INFO [main] ql.Context: Deleting scratch dir: file:/home/alex/Repositories/hive/ql/target/tmp/localscratchdir/9fc47fff-cafa-47ec-954c-5ee310d78230/hive_2024-04-24_01-55-11_149_3929783866047343392-1
2024-04-24T01:55:11,274  INFO [main] cleanup.SyncCleanupService: Deleted directory: file:/home/alex/Repositories/hive/ql/target/tmp/localscratchdir/9fc47fff-cafa-47ec-954c-5ee310d78230/hive_2024-04-24_01-55-11_149_3929783866047343392-1 on fs with scheme file
2024-04-24T01:55:11,274  INFO [main] ql.Driver: Compiling command(queryId=alex_20240424015511_b3767a70-fbaf-4657-95a1-7feab0fdf4be): update T set b = 17 where a = 1
2024-04-24T01:55:11,277  INFO [main] txn.TxnHandler: Added entries to MIN_HISTORY_LEVEL for current txns: ([23]) with min_open_txn: 22
2024-04-24T01:55:11,277  INFO [main] lockmgr.DbTxnManager: Opened txnid:23
2024-04-24T01:55:11,278  INFO [main] parse.UpdateDeleteSemanticAnalyzer: Starting caching scope for: 
2024-04-24T01:55:11,278  INFO [main] HiveMetaStore.audit: ugi=alex	ip=unknown-ip-addr	cmd=get_table : tbl=hive.default.T	
2024-04-24T01:55:11,285  INFO [main] metastore.HMSHandler: Skipping translation for processor with null
2024-04-24T01:55:11,285  INFO [main] parse.RewriteSemanticAnalyzer: Going to reparse <update T set b = 17 where a = 1> as 
<insert into table `default`.`T` select ROW__ID,`a`,`b` from `default`.`T` sort by ROW__ID >
2024-04-24T01:55:11,286  INFO [main] parse.UpdateDeleteSemanticAnalyzer: Starting Semantic Analysis
2024-04-24T01:55:11,289  INFO [main] HiveMetaStore.audit: ugi=alex	ip=unknown-ip-addr	cmd=get_table : tbl=hive.default.T	
2024-04-24T01:55:11,295  INFO [main] metastore.ObjectStore: Removed COLUMN_STATS_ACCURATE from Table's parameters.
2024-04-24T01:55:11,297  INFO [main] metastore.HMSHandler: Skipping translation for processor with null
2024-04-24T01:55:11,297  INFO [main] parse.UpdateDeleteSemanticAnalyzer: Completed phase 1 of Semantic Analysis
2024-04-24T01:55:11,297  INFO [main] parse.UpdateDeleteSemanticAnalyzer: Get metadata for source tables
2024-04-24T01:55:11,298  INFO [main] HiveMetaStore.audit: ugi=alex	ip=unknown-ip-addr	cmd=get_table : tbl=hive.default.t	
2024-04-24T01:55:11,303  INFO [main] metastore.ObjectStore: Removed COLUMN_STATS_ACCURATE from Table's parameters.
2024-04-24T01:55:11,305  INFO [main] metastore.HMSHandler: Skipping translation for processor with null
2024-04-24T01:55:11,305  INFO [main] parse.UpdateDeleteSemanticAnalyzer: Get metadata for subqueries
2024-04-24T01:55:11,305  INFO [main] parse.UpdateDeleteSemanticAnalyzer: Get metadata for destination tables
2024-04-24T01:55:11,305  INFO [main] HiveMetaStore.audit: ugi=alex	ip=unknown-ip-addr	cmd=get_table : tbl=hive.default.T	
2024-04-24T01:55:11,313  INFO [main] metastore.HMSHandler: Skipping translation for processor with null
2024-04-24T01:55:11,313  INFO [main] parse.UpdateDeleteSemanticAnalyzer: Completed getting MetaData in Semantic Analysis
2024-04-24T01:55:11,313  INFO [main] parse.UpdateDeleteSemanticAnalyzer: Disabling LLAP IO encode as ETL query is detected
2024-04-24T01:55:11,326  INFO [main] HiveMetaStore.audit: ugi=alex	ip=unknown-ip-addr	cmd=get_all_table_constraints : tbl=hive.default.t	
2024-04-24T01:55:11,334  INFO [main] HiveMetaStore.audit: ugi=alex	ip=unknown-ip-addr	cmd=get_not_null_constraints : tbl=hive.default.t	
2024-04-24T01:55:11,335  INFO [main] HiveMetaStore.audit: ugi=alex	ip=unknown-ip-addr	cmd=get_check_constraints : tbl=hive.default.t	
2024-04-24T01:55:11,362  INFO [main] calcite.RelOptHiveTable: Calculating column statistics for default.t, projIndxSet: [0], allowMissingStats: true
2024-04-24T01:55:11,362  INFO [main] HiveMetaStore.audit: ugi=alex	ip=unknown-ip-addr	cmd=get_table_statistics_req: table=hive.default.t	
2024-04-24T01:55:11,373  WARN [main] calcite.RelOptHiveTable: No Stats for default@t, Columns: a
No Stats for default@t, Columns: a
2024-04-24T01:55:11,373  INFO [main] SessionState: No Stats for default@t, Columns: a
2024-04-24T01:55:11,433  INFO [main] parse.UpdateDeleteSemanticAnalyzer: Get metadata for source tables
2024-04-24T01:55:11,433  INFO [main] parse.UpdateDeleteSemanticAnalyzer: Get metadata for subqueries
2024-04-24T01:55:11,433  INFO [main] parse.UpdateDeleteSemanticAnalyzer: Get metadata for destination tables
2024-04-24T01:55:11,433  INFO [main] HiveMetaStore.audit: ugi=alex	ip=unknown-ip-addr	cmd=get_table : tbl=hive.default.T	
2024-04-24T01:55:11,440  INFO [main] metastore.HMSHandler: Skipping translation for processor with null
2024-04-24T01:55:11,443 ERROR [main] parse.UpdateDeleteSemanticAnalyzer: CBO failed, skipping CBO. 
org.apache.hadoop.hive.ql.exec.NoMatchingMethodException: No matching method for class org.apache.hadoop.hive.ql.udf.UDFToInteger with (struct<writeid:bigint,bucketid:int,rowid:bigint>). Possible choices: _FUNC_(bigint)  _FUNC_(boolean)  _FUNC_(decimal(38,18))  _FUNC_(double)  _FUNC_(float)  _FUNC_(smallint)  _FUNC_(string)  _FUNC_(struct<writeid:bigint,rowid:bigint,bucketid:int>)  _FUNC_(timestamp)  _FUNC_(tinyint)  _FUNC_(void)  
	at org.apache.hadoop.hive.ql.exec.MethodUtils.getMethodInternal(MethodUtils.java:130) ~[classes/:?]
	at org.apache.hadoop.hive.ql.exec.MethodUtils.getMethodInternal(MethodUtils.java:60) ~[classes/:?]
	at org.apache.hadoop.hive.ql.exec.DefaultUDFMethodResolver.getEvalMethod(DefaultUDFMethodResolver.java:59) ~[classes/:?]
	at org.apache.hadoop.hive.ql.udf.TimestampCastRestrictorResolver.getEvalMethod(TimestampCastRestrictorResolver.java:68) ~[classes/:?]
	at org.apache.hadoop.hive.ql.udf.generic.GenericUDFBridge.initialize(GenericUDFBridge.java:168) ~[classes/:?]
	at org.apache.hadoop.hive.ql.udf.generic.GenericUDF.initializeAndFoldConstants(GenericUDF.java:149) ~[classes/:?]
	at org.apache.hadoop.hive.ql.plan.ExprNodeGenericFuncDesc.newInstance(ExprNodeGenericFuncDesc.java:235) ~[classes/:?]
	at org.apache.hadoop.hive.ql.parse.type.ExprNodeDescExprFactory.createFuncCallExpr(ExprNodeDescExprFactory.java:584) ~[classes/:?]
	at org.apache.hadoop.hive.ql.parse.type.ExprNodeDescExprFactory.createFuncCallExpr(ExprNodeDescExprFactory.java:97) ~[classes/:?]
	at org.apache.hadoop.hive.ql.parse.type.TypeCheckProcFactory$DefaultExprProcessor.getFuncExprNodeDescWithUdfData(TypeCheckProcFactory.java:762) ~[classes/:?]
	at org.apache.hadoop.hive.ql.parse.type.TypeCheckProcFactory$DefaultExprProcessor.createConversionCast(TypeCheckProcFactory.java:783) ~[classes/:?]
	at org.apache.hadoop.hive.ql.parse.SemanticAnalyzer.getPartitionColsFromBucketColsForUpdateDelete(SemanticAnalyzer.java:8725) ~[classes/:?]
	at org.apache.hadoop.hive.ql.parse.SemanticAnalyzer.genBucketingSortingDest(SemanticAnalyzer.java:6914) ~[classes/:?]
	at org.apache.hadoop.hive.ql.parse.SemanticAnalyzer.genFileSinkPlan(SemanticAnalyzer.java:7335) ~[classes/:?]
	at org.apache.hadoop.hive.ql.parse.SemanticAnalyzer.genPostGroupByBodyPlan(SemanticAnalyzer.java:11063) ~[classes/:?]
	at org.apache.hadoop.hive.ql.parse.SemanticAnalyzer.genBodyPlan(SemanticAnalyzer.java:10938) ~[classes/:?]
	at org.apache.hadoop.hive.ql.parse.SemanticAnalyzer.genPlan(SemanticAnalyzer.java:11853) ~[classes/:?]
	at org.apache.hadoop.hive.ql.parse.SemanticAnalyzer.genPlan(SemanticAnalyzer.java:11723) ~[classes/:?]
	at org.apache.hadoop.hive.ql.parse.CalcitePlanner.genOPTree(CalcitePlanner.java:626) ~[classes/:?]
	at org.apache.hadoop.hive.ql.parse.SemanticAnalyzer.analyzeInternal(SemanticAnalyzer.java:12558) ~[classes/:?]
	at org.apache.hadoop.hive.ql.parse.CalcitePlanner.analyzeInternal(CalcitePlanner.java:456) ~[classes/:?]
	at org.apache.hadoop.hive.ql.parse.RewriteSemanticAnalyzer.analyzeInternal(RewriteSemanticAnalyzer.java:67) ~[classes/:?]
	at org.apache.hadoop.hive.ql.parse.BaseSemanticAnalyzer.analyze(BaseSemanticAnalyzer.java:317) ~[classes/:?]
	at org.apache.hadoop.hive.ql.parse.UpdateDeleteSemanticAnalyzer.reparseAndSuperAnalyze(UpdateDeleteSemanticAnalyzer.java:208) ~[classes/:?]
	at org.apache.hadoop.hive.ql.parse.UpdateDeleteSemanticAnalyzer.analyzeUpdate(UpdateDeleteSemanticAnalyzer.java:63) ~[classes/:?]
	at org.apache.hadoop.hive.ql.parse.UpdateDeleteSemanticAnalyzer.analyze(UpdateDeleteSemanticAnalyzer.java:53) ~[classes/:?]
	at org.apache.hadoop.hive.ql.parse.RewriteSemanticAnalyzer.analyzeInternal(RewriteSemanticAnalyzer.java:72) ~[classes/:?]
	at org.apache.hadoop.hive.ql.parse.BaseSemanticAnalyzer.analyze(BaseSemanticAnalyzer.java:317) ~[classes/:?]
	at org.apache.hadoop.hive.ql.Compiler.analyze(Compiler.java:223) ~[classes/:?]
	at org.apache.hadoop.hive.ql.Compiler.compile(Compiler.java:105) ~[classes/:?]
	at org.apache.hadoop.hive.ql.Driver.compile(Driver.java:500) ~[classes/:?]
	at org.apache.hadoop.hive.ql.Driver.compileInternal(Driver.java:453) ~[classes/:?]
	at org.apache.hadoop.hive.ql.Driver.runInternal(Driver.java:181) ~[classes/:?]
	at org.apache.hadoop.hive.ql.Driver.run(Driver.java:153) ~[classes/:?]
	at org.apache.hadoop.hive.ql.Driver.run(Driver.java:140) ~[classes/:?]
	at org.apache.hadoop.hive.ql.TxnCommandsBaseForTests.runStatementOnDriver(TxnCommandsBaseForTests.java:245) ~[test-classes/:?]
	at org.apache.hadoop.hive.ql.TestTxnLoadData.loadDataUpdate(TestTxnLoadData.java:118) ~[test-classes/:?]
	at org.apache.hadoop.hive.ql.TestTxnLoadData.loadDataUpdateVectorized(TestTxnLoadData.java:76) ~[test-classes/:?]
	at sun.reflect.NativeMethodAccessorImpl.invoke0(Native Method) ~[?:1.8.0_402]
	at sun.reflect.NativeMethodAccessorImpl.invoke(NativeMethodAccessorImpl.java:62) ~[?:1.8.0_402]
	at sun.reflect.DelegatingMethodAccessorImpl.invoke(DelegatingMethodAccessorImpl.java:43) ~[?:1.8.0_402]
	at java.lang.reflect.Method.invoke(Method.java:498) ~[?:1.8.0_402]
	at org.junit.runners.model.FrameworkMethod$1.runReflectiveCall(FrameworkMethod.java:59) ~[junit-4.13.jar:4.13]
	at org.junit.internal.runners.model.ReflectiveCallable.run(ReflectiveCallable.java:12) ~[junit-4.13.jar:4.13]
	at org.junit.runners.model.FrameworkMethod.invokeExplosively(FrameworkMethod.java:56) ~[junit-4.13.jar:4.13]
	at org.junit.internal.runners.statements.InvokeMethod.evaluate(InvokeMethod.java:17) ~[junit-4.13.jar:4.13]
	at org.junit.internal.runners.statements.RunBefores.evaluate(RunBefores.java:26) ~[junit-4.13.jar:4.13]
	at org.junit.internal.runners.statements.RunAfters.evaluate(RunAfters.java:27) ~[junit-4.13.jar:4.13]
	at org.junit.rules.ExternalResource$1.evaluate(ExternalResource.java:54) ~[junit-4.13.jar:4.13]
	at org.junit.rules.TestWatcher$1.evaluate(TestWatcher.java:61) ~[junit-4.13.jar:4.13]
	at org.junit.runners.ParentRunner$3.evaluate(ParentRunner.java:306) ~[junit-4.13.jar:4.13]
	at org.junit.runners.BlockJUnit4ClassRunner$1.evaluate(BlockJUnit4ClassRunner.java:100) ~[junit-4.13.jar:4.13]
	at org.junit.runners.ParentRunner.runLeaf(ParentRunner.java:366) ~[junit-4.13.jar:4.13]
	at org.junit.runners.BlockJUnit4ClassRunner.runChild(BlockJUnit4ClassRunner.java:103) ~[junit-4.13.jar:4.13]
	at org.junit.runners.BlockJUnit4ClassRunner.runChild(BlockJUnit4ClassRunner.java:63) ~[junit-4.13.jar:4.13]
	at org.junit.runners.ParentRunner$4.run(ParentRunner.java:331) ~[junit-4.13.jar:4.13]
	at org.junit.runners.ParentRunner$1.schedule(ParentRunner.java:79) ~[junit-4.13.jar:4.13]
	at org.junit.runners.ParentRunner.runChildren(ParentRunner.java:329) ~[junit-4.13.jar:4.13]
	at org.junit.runners.ParentRunner.access$100(ParentRunner.java:66) ~[junit-4.13.jar:4.13]
	at org.junit.runners.ParentRunner$2.evaluate(ParentRunner.java:293) ~[junit-4.13.jar:4.13]
	at org.junit.runners.ParentRunner$3.evaluate(ParentRunner.java:306) ~[junit-4.13.jar:4.13]
	at org.junit.runners.ParentRunner.run(ParentRunner.java:413) ~[junit-4.13.jar:4.13]
	at org.junit.runner.JUnitCore.run(JUnitCore.java:137) ~[junit-4.13.jar:4.13]
	at org.junit.runner.JUnitCore.run(JUnitCore.java:115) ~[junit-4.13.jar:4.13]
	at org.junit.vintage.engine.execution.RunnerExecutor.execute(RunnerExecutor.java:43) ~[junit-vintage-engine-5.6.2.jar:5.6.2]
	at java.util.stream.ForEachOps$ForEachOp$OfRef.accept(ForEachOps.java:183) ~[?:1.8.0_402]
	at java.util.stream.ReferencePipeline$3$1.accept(ReferencePipeline.java:193) ~[?:1.8.0_402]
	at java.util.Iterator.forEachRemaining(Iterator.java:116) ~[?:1.8.0_402]
	at java.util.Spliterators$IteratorSpliterator.forEachRemaining(Spliterators.java:1801) ~[?:1.8.0_402]
	at java.util.stream.AbstractPipeline.copyInto(AbstractPipeline.java:482) ~[?:1.8.0_402]
	at java.util.stream.AbstractPipeline.wrapAndCopyInto(AbstractPipeline.java:472) ~[?:1.8.0_402]
	at java.util.stream.ForEachOps$ForEachOp.evaluateSequential(ForEachOps.java:150) ~[?:1.8.0_402]
	at java.util.stream.ForEachOps$ForEachOp$OfRef.evaluateSequential(ForEachOps.java:173) ~[?:1.8.0_402]
	at java.util.stream.AbstractPipeline.evaluate(AbstractPipeline.java:234) ~[?:1.8.0_402]
	at java.util.stream.ReferencePipeline.forEach(ReferencePipeline.java:485) ~[?:1.8.0_402]
	at org.junit.vintage.engine.VintageTestEngine.executeAllChildren(VintageTestEngine.java:82) ~[junit-vintage-engine-5.6.2.jar:5.6.2]
	at org.junit.vintage.engine.VintageTestEngine.execute(VintageTestEngine.java:73) ~[junit-vintage-engine-5.6.2.jar:5.6.2]
	at org.junit.platform.launcher.core.DefaultLauncher.execute(DefaultLauncher.java:248) ~[junit-platform-launcher-1.6.2.jar:1.6.2]
	at org.junit.platform.launcher.core.DefaultLauncher.lambda$execute$5(DefaultLauncher.java:211) ~[junit-platform-launcher-1.6.2.jar:1.6.2]
	at org.junit.platform.launcher.core.DefaultLauncher.withInterceptedStreams(DefaultLauncher.java:226) [junit-platform-launcher-1.6.2.jar:1.6.2]
	at org.junit.platform.launcher.core.DefaultLauncher.execute(DefaultLauncher.java:199) [junit-platform-launcher-1.6.2.jar:1.6.2]
	at org.junit.platform.launcher.core.DefaultLauncher.execute(DefaultLauncher.java:132) [junit-platform-launcher-1.6.2.jar:1.6.2]
	at org.apache.maven.surefire.junitplatform.JUnitPlatformProvider.invokeAllTests(JUnitPlatformProvider.java:154) [surefire-junit-platform-3.0.0-M4.jar:3.0.0-M4]
	at org.apache.maven.surefire.junitplatform.JUnitPlatformProvider.invoke(JUnitPlatformProvider.java:123) [surefire-junit-platform-3.0.0-M4.jar:3.0.0-M4]
	at org.apache.maven.surefire.booter.ForkedBooter.runSuitesInProcess(ForkedBooter.java:377) [surefire-booter-3.0.0-M4.jar:3.0.0-M4]
	at org.apache.maven.surefire.booter.ForkedBooter.execute(ForkedBooter.java:138) [surefire-booter-3.0.0-M4.jar:3.0.0-M4]
	at org.apache.maven.surefire.booter.ForkedBooter.run(ForkedBooter.java:465) [surefire-booter-3.0.0-M4.jar:3.0.0-M4]
	at org.apache.maven.surefire.booter.ForkedBooter.main(ForkedBooter.java:451) [surefire-booter-3.0.0-M4.jar:3.0.0-M4]
2024-04-24T01:55:11,444 ERROR [main] parse.UpdateDeleteSemanticAnalyzer: CBO failed due to missing column stats (see previous errors), skipping CBO
2024-04-24T01:55:11,444  INFO [main] parse.UpdateDeleteSemanticAnalyzer: Ending caching scope for: 
FAILED: NoMatchingMethodException No matching method for class org.apache.hadoop.hive.ql.udf.UDFToInteger with (struct<writeid:bigint,bucketid:int,rowid:bigint>). Possible choices: _FUNC_(bigint)  _FUNC_(boolean)  _FUNC_(decimal(38,18))  _FUNC_(double)  _FUNC_(float)  _FUNC_(smallint)  _FUNC_(string)  _FUNC_(struct<writeid:bigint,rowid:bigint,bucketid:int>)  _FUNC_(timestamp)  _FUNC_(tinyint)  _FUNC_(void)  
2024-04-24T01:55:11,445 ERROR [main] ql.Driver: FAILED: NoMatchingMethodException No matching method for class org.apache.hadoop.hive.ql.udf.UDFToInteger with (struct<writeid:bigint,bucketid:int,rowid:bigint>). Possible choices: _FUNC_(bigint)  _FUNC_(boolean)  _FUNC_(decimal(38,18))  _FUNC_(double)  _FUNC_(float)  _FUNC_(smallint)  _FUNC_(string)  _FUNC_(struct<writeid:bigint,rowid:bigint,bucketid:int>)  _FUNC_(timestamp)  _FUNC_(tinyint)  _FUNC_(void)  
org.apache.hadoop.hive.ql.exec.NoMatchingMethodException: No matching method for class org.apache.hadoop.hive.ql.udf.UDFToInteger with (struct<writeid:bigint,bucketid:int,rowid:bigint>). Possible choices: _FUNC_(bigint)  _FUNC_(boolean)  _FUNC_(decimal(38,18))  _FUNC_(double)  _FUNC_(float)  _FUNC_(smallint)  _FUNC_(string)  _FUNC_(struct<writeid:bigint,rowid:bigint,bucketid:int>)  _FUNC_(timestamp)  _FUNC_(tinyint)  _FUNC_(void)  
	at org.apache.hadoop.hive.ql.exec.MethodUtils.getMethodInternal(MethodUtils.java:130)
	at org.apache.hadoop.hive.ql.exec.MethodUtils.getMethodInternal(MethodUtils.java:60)
	at org.apache.hadoop.hive.ql.exec.DefaultUDFMethodResolver.getEvalMethod(DefaultUDFMethodResolver.java:59)
	at org.apache.hadoop.hive.ql.udf.TimestampCastRestrictorResolver.getEvalMethod(TimestampCastRestrictorResolver.java:68)
	at org.apache.hadoop.hive.ql.udf.generic.GenericUDFBridge.initialize(GenericUDFBridge.java:168)
	at org.apache.hadoop.hive.ql.udf.generic.GenericUDF.initializeAndFoldConstants(GenericUDF.java:149)
	at org.apache.hadoop.hive.ql.plan.ExprNodeGenericFuncDesc.newInstance(ExprNodeGenericFuncDesc.java:235)
	at org.apache.hadoop.hive.ql.parse.type.ExprNodeDescExprFactory.createFuncCallExpr(ExprNodeDescExprFactory.java:584)
	at org.apache.hadoop.hive.ql.parse.type.ExprNodeDescExprFactory.createFuncCallExpr(ExprNodeDescExprFactory.java:97)
	at org.apache.hadoop.hive.ql.parse.type.TypeCheckProcFactory$DefaultExprProcessor.getFuncExprNodeDescWithUdfData(TypeCheckProcFactory.java:762)
	at org.apache.hadoop.hive.ql.parse.type.TypeCheckProcFactory$DefaultExprProcessor.createConversionCast(TypeCheckProcFactory.java:783)
	at org.apache.hadoop.hive.ql.parse.SemanticAnalyzer.getPartitionColsFromBucketColsForUpdateDelete(SemanticAnalyzer.java:8725)
	at org.apache.hadoop.hive.ql.parse.SemanticAnalyzer.genBucketingSortingDest(SemanticAnalyzer.java:6914)
	at org.apache.hadoop.hive.ql.parse.SemanticAnalyzer.genFileSinkPlan(SemanticAnalyzer.java:7335)
	at org.apache.hadoop.hive.ql.parse.SemanticAnalyzer.genPostGroupByBodyPlan(SemanticAnalyzer.java:11063)
	at org.apache.hadoop.hive.ql.parse.SemanticAnalyzer.genBodyPlan(SemanticAnalyzer.java:10938)
	at org.apache.hadoop.hive.ql.parse.SemanticAnalyzer.genPlan(SemanticAnalyzer.java:11853)
	at org.apache.hadoop.hive.ql.parse.SemanticAnalyzer.genPlan(SemanticAnalyzer.java:11723)
	at org.apache.hadoop.hive.ql.parse.CalcitePlanner.genOPTree(CalcitePlanner.java:626)
	at org.apache.hadoop.hive.ql.parse.SemanticAnalyzer.analyzeInternal(SemanticAnalyzer.java:12558)
	at org.apache.hadoop.hive.ql.parse.CalcitePlanner.analyzeInternal(CalcitePlanner.java:456)
	at org.apache.hadoop.hive.ql.parse.RewriteSemanticAnalyzer.analyzeInternal(RewriteSemanticAnalyzer.java:67)
	at org.apache.hadoop.hive.ql.parse.BaseSemanticAnalyzer.analyze(BaseSemanticAnalyzer.java:317)
	at org.apache.hadoop.hive.ql.parse.UpdateDeleteSemanticAnalyzer.reparseAndSuperAnalyze(UpdateDeleteSemanticAnalyzer.java:208)
	at org.apache.hadoop.hive.ql.parse.UpdateDeleteSemanticAnalyzer.analyzeUpdate(UpdateDeleteSemanticAnalyzer.java:63)
	at org.apache.hadoop.hive.ql.parse.UpdateDeleteSemanticAnalyzer.analyze(UpdateDeleteSemanticAnalyzer.java:53)
	at org.apache.hadoop.hive.ql.parse.RewriteSemanticAnalyzer.analyzeInternal(RewriteSemanticAnalyzer.java:72)
	at org.apache.hadoop.hive.ql.parse.BaseSemanticAnalyzer.analyze(BaseSemanticAnalyzer.java:317)
	at org.apache.hadoop.hive.ql.Compiler.analyze(Compiler.java:223)
	at org.apache.hadoop.hive.ql.Compiler.compile(Compiler.java:105)
	at org.apache.hadoop.hive.ql.Driver.compile(Driver.java:500)
	at org.apache.hadoop.hive.ql.Driver.compileInternal(Driver.java:453)
	at org.apache.hadoop.hive.ql.Driver.runInternal(Driver.java:181)
	at org.apache.hadoop.hive.ql.Driver.run(Driver.java:153)
	at org.apache.hadoop.hive.ql.Driver.run(Driver.java:140)
	at org.apache.hadoop.hive.ql.TxnCommandsBaseForTests.runStatementOnDriver(TxnCommandsBaseForTests.java:245)
	at org.apache.hadoop.hive.ql.TestTxnLoadData.loadDataUpdate(TestTxnLoadData.java:118)
	at org.apache.hadoop.hive.ql.TestTxnLoadData.loadDataUpdateVectorized(TestTxnLoadData.java:76)
	at sun.reflect.NativeMethodAccessorImpl.invoke0(Native Method)
	at sun.reflect.NativeMethodAccessorImpl.invoke(NativeMethodAccessorImpl.java:62)
	at sun.reflect.DelegatingMethodAccessorImpl.invoke(DelegatingMethodAccessorImpl.java:43)
	at java.lang.reflect.Method.invoke(Method.java:498)
	at org.junit.runners.model.FrameworkMethod$1.runReflectiveCall(FrameworkMethod.java:59)
	at org.junit.internal.runners.model.ReflectiveCallable.run(ReflectiveCallable.java:12)
	at org.junit.runners.model.FrameworkMethod.invokeExplosively(FrameworkMethod.java:56)
	at org.junit.internal.runners.statements.InvokeMethod.evaluate(InvokeMethod.java:17)
	at org.junit.internal.runners.statements.RunBefores.evaluate(RunBefores.java:26)
	at org.junit.internal.runners.statements.RunAfters.evaluate(RunAfters.java:27)
	at org.junit.rules.ExternalResource$1.evaluate(ExternalResource.java:54)
	at org.junit.rules.TestWatcher$1.evaluate(TestWatcher.java:61)
	at org.junit.runners.ParentRunner$3.evaluate(ParentRunner.java:306)
	at org.junit.runners.BlockJUnit4ClassRunner$1.evaluate(BlockJUnit4ClassRunner.java:100)
	at org.junit.runners.ParentRunner.runLeaf(ParentRunner.java:366)
	at org.junit.runners.BlockJUnit4ClassRunner.runChild(BlockJUnit4ClassRunner.java:103)
	at org.junit.runners.BlockJUnit4ClassRunner.runChild(BlockJUnit4ClassRunner.java:63)
	at org.junit.runners.ParentRunner$4.run(ParentRunner.java:331)
	at org.junit.runners.ParentRunner$1.schedule(ParentRunner.java:79)
	at org.junit.runners.ParentRunner.runChildren(ParentRunner.java:329)
	at org.junit.runners.ParentRunner.access$100(ParentRunner.java:66)
	at org.junit.runners.ParentRunner$2.evaluate(ParentRunner.java:293)
	at org.junit.runners.ParentRunner$3.evaluate(ParentRunner.java:306)
	at org.junit.runners.ParentRunner.run(ParentRunner.java:413)
	at org.junit.runner.JUnitCore.run(JUnitCore.java:137)
	at org.junit.runner.JUnitCore.run(JUnitCore.java:115)
	at org.junit.vintage.engine.execution.RunnerExecutor.execute(RunnerExecutor.java:43)
	at java.util.stream.ForEachOps$ForEachOp$OfRef.accept(ForEachOps.java:183)
	at java.util.stream.ReferencePipeline$3$1.accept(ReferencePipeline.java:193)
	at java.util.Iterator.forEachRemaining(Iterator.java:116)
	at java.util.Spliterators$IteratorSpliterator.forEachRemaining(Spliterators.java:1801)
	at java.util.stream.AbstractPipeline.copyInto(AbstractPipeline.java:482)
	at java.util.stream.AbstractPipeline.wrapAndCopyInto(AbstractPipeline.java:472)
	at java.util.stream.ForEachOps$ForEachOp.evaluateSequential(ForEachOps.java:150)
	at java.util.stream.ForEachOps$ForEachOp$OfRef.evaluateSequential(ForEachOps.java:173)
	at java.util.stream.AbstractPipeline.evaluate(AbstractPipeline.java:234)
	at java.util.stream.ReferencePipeline.forEach(ReferencePipeline.java:485)
	at org.junit.vintage.engine.VintageTestEngine.executeAllChildren(VintageTestEngine.java:82)
	at org.junit.vintage.engine.VintageTestEngine.execute(VintageTestEngine.java:73)
	at org.junit.platform.launcher.core.DefaultLauncher.execute(DefaultLauncher.java:248)
	at org.junit.platform.launcher.core.DefaultLauncher.lambda$execute$5(DefaultLauncher.java:211)
	at org.junit.platform.launcher.core.DefaultLauncher.withInterceptedStreams(DefaultLauncher.java:226)
	at org.junit.platform.launcher.core.DefaultLauncher.execute(DefaultLauncher.java:199)
	at org.junit.platform.launcher.core.DefaultLauncher.execute(DefaultLauncher.java:132)
	at org.apache.maven.surefire.junitplatform.JUnitPlatformProvider.invokeAllTests(JUnitPlatformProvider.java:154)
	at org.apache.maven.surefire.junitplatform.JUnitPlatformProvider.invoke(JUnitPlatformProvider.java:123)
	at org.apache.maven.surefire.booter.ForkedBooter.runSuitesInProcess(ForkedBooter.java:377)
	at org.apache.maven.surefire.booter.ForkedBooter.execute(ForkedBooter.java:138)
	at org.apache.maven.surefire.booter.ForkedBooter.run(ForkedBooter.java:465)
	at org.apache.maven.surefire.booter.ForkedBooter.main(ForkedBooter.java:451)

2024-04-24T01:55:11,445  INFO [main] metadata.Hive: Dumping metastore api call timing information for : compilation phase
2024-04-24T01:55:11,445  INFO [main] metadata.Hive: Total time spent in each metastore function (ms): {flushCache_()=0, getNotNullConstraints_(NotNullConstraintsRequest)=1, openTxn_(String, TxnType)=2, getValidWriteIds_(List, String)=5, getTable_(GetTableRequest)=37, getTableColumnStatistics_(String, String, List, String)=11, isCompatibleWith_(Configuration)=0, getValidTxns_(long)=0, getCheckConstraints_(CheckConstraintsRequest)=1, getAllTableConstraints_(AllTableConstraintsRequest)=5, commitTxn_(CommitTxnRequest)=10}
2024-04-24T01:55:11,445  INFO [main] ql.Driver: Completed compiling command(queryId=alex_20240424015511_b3767a70-fbaf-4657-95a1-7feab0fdf4be); Time taken: 0.171 seconds
2024-04-24T01:55:11,445  INFO [main] lockmgr.DbTxnManager: Stopped heartbeat for query: null
2024-04-24T01:55:11,449  INFO [main] txn.TxnHandler: Removed transactions: ([23]) from MIN_HISTORY_LEVEL
2024-04-24T01:55:11,456  INFO [main] ql.TxnCommandsBaseForTests: Running the query: drop table if exists acidTbl
2024-04-24T01:55:11,456  INFO [main] ql.Driver: Compiling command(queryId=alex_20240424015511_0e95f78f-6a1b-43b1-b48d-acb6cb4eaf46): drop table if exists acidTbl
2024-04-24T01:55:11,459  INFO [main] txn.TxnHandler: Added entries to MIN_HISTORY_LEVEL for current txns: ([24]) with min_open_txn: 22
2024-04-24T01:55:11,459  INFO [main] lockmgr.DbTxnManager: Opened txnid:24
2024-04-24T01:55:11,460  INFO [main] HiveMetaStore.audit: ugi=alex	ip=unknown-ip-addr	cmd=get_table : tbl=hive.default.acidTbl	
2024-04-24T01:55:11,467  INFO [main] metastore.HMSHandler: Skipping translation for processor with null
2024-04-24T01:55:11,467  INFO [main] ql.Driver: Semantic Analysis Completed (retrial = false)
2024-04-24T01:55:11,467  INFO [main] ql.Driver: Created Hive schema: Schema(fieldSchemas:null, properties:null)
2024-04-24T01:55:11,467  INFO [main] metadata.Hive: Dumping metastore api call timing information for : compilation phase
2024-04-24T01:55:11,467  INFO [main] metadata.Hive: Total time spent in each metastore function (ms): {rollbackTxn_(long)=11, flushCache_()=0, getValidTxns_(long)=1, getTable_(GetTableRequest)=7, openTxn_(String, TxnType)=2, isCompatibleWith_(Configuration)=0}
2024-04-24T01:55:11,467  INFO [main] ql.Driver: Completed compiling command(queryId=alex_20240424015511_0e95f78f-6a1b-43b1-b48d-acb6cb4eaf46); Time taken: 0.011 seconds
2024-04-24T01:55:11,467  INFO [main] lockmgr.DbTxnManager: Setting lock request transaction to txnid:24 for queryId=alex_20240424015511_0e95f78f-6a1b-43b1-b48d-acb6cb4eaf46
2024-04-24T01:55:11,468  INFO [main] lockmgr.DbLockManager: Requesting lock for queryId=alex_20240424015511_0e95f78f-6a1b-43b1-b48d-acb6cb4eaf46
2024-04-24T01:55:11,485  INFO [main] lockmgr.DbLockManager: Response to queryId=alex_20240424015511_0e95f78f-6a1b-43b1-b48d-acb6cb4eaf46 LockResponse(lockid:16, state:ACQUIRED)
2024-04-24T01:55:11,485  INFO [main] ql.Driver: Operation DROPTABLE obtained 1 locks
2024-04-24T01:55:11,485  INFO [main] ql.Driver: Executing command(queryId=alex_20240424015511_0e95f78f-6a1b-43b1-b48d-acb6cb4eaf46): drop table if exists acidTbl
2024-04-24T01:55:11,486  INFO [main] ql.Driver: Starting task [Stage-0:DDL] in serial mode
2024-04-24T01:55:11,486  INFO [main] HiveMetaStore.audit: ugi=alex	ip=unknown-ip-addr	cmd=get_table : tbl=hive.default.acidTbl	
2024-04-24T01:55:11,493  INFO [main] metastore.HMSHandler: Skipping translation for processor with null
2024-04-24T01:55:11,493  INFO [main] HiveMetaStore.audit: ugi=alex	ip=unknown-ip-addr	cmd=get_table : tbl=hive.default.acidTbl	
2024-04-24T01:55:11,501  INFO [main] metastore.HMSHandler: Skipping translation for processor with null
2024-04-24T01:55:11,501  INFO [main] HiveMetaStore.audit: ugi=alex	ip=unknown-ip-addr	cmd=drop_table : tbl=hive.default.acidTbl	
2024-04-24T01:55:11,606  INFO [main] metadata.Hive: Dumping metastore api call timing information for : execution phase
2024-04-24T01:55:11,606  INFO [main] metadata.Hive: Total time spent in each metastore function (ms): {getTable_(GetTableRequest)=7, dropTable_(String, String, boolean, boolean, boolean)=113, isCompatibleWith_(Configuration)=0}
2024-04-24T01:55:11,607  INFO [main] ql.Driver: Completed executing command(queryId=alex_20240424015511_0e95f78f-6a1b-43b1-b48d-acb6cb4eaf46); Time taken: 0.121 seconds
2024-04-24T01:55:11,607  INFO [main] lockmgr.DbTxnManager: Stopped heartbeat for query: alex_20240424015511_0e95f78f-6a1b-43b1-b48d-acb6cb4eaf46
2024-04-24T01:55:11,610  INFO [main] txn.TxnHandler: Expected to move at least one record from txn_components to completed_txn_components when committing txn! txnid:24
2024-04-24T01:55:11,616  INFO [main] txn.TxnHandler: Removed transactions: ([24]) from MIN_HISTORY_LEVEL
2024-04-24T01:55:11,616  WARN [main] txn.CompactionTxnHandler: No compaction queue record found for Compaction type transaction commit. txnId:24
2024-04-24T01:55:11,616  INFO [main] ql.TxnCommandsBaseForTests: Running the query: drop table if exists acidTblPart
2024-04-24T01:55:11,617  INFO [main] ql.Driver: Compiling command(queryId=alex_20240424015511_c3dfe003-df37-432b-a8a8-bdc7606ac0a8): drop table if exists acidTblPart
2024-04-24T01:55:11,619  INFO [main] txn.TxnHandler: Added entries to MIN_HISTORY_LEVEL for current txns: ([25]) with min_open_txn: 22
2024-04-24T01:55:11,619  INFO [main] lockmgr.DbTxnManager: Opened txnid:25
2024-04-24T01:55:11,619  INFO [main] HiveMetaStore.audit: ugi=alex	ip=unknown-ip-addr	cmd=get_table : tbl=hive.default.acidTblPart	
2024-04-24T01:55:11,626  INFO [main] metastore.HMSHandler: Skipping translation for processor with null
2024-04-24T01:55:11,626  INFO [main] ql.Driver: Semantic Analysis Completed (retrial = false)
2024-04-24T01:55:11,626  INFO [main] ql.Driver: Created Hive schema: Schema(fieldSchemas:null, properties:null)
2024-04-24T01:55:11,626  INFO [main] metadata.Hive: Dumping metastore api call timing information for : compilation phase
2024-04-24T01:55:11,626  INFO [main] metadata.Hive: Total time spent in each metastore function (ms): {commitTxn_(CommitTxnRequest)=9, openTxn_(String, TxnType)=2, isCompatibleWith_(Configuration)=0, flushCache_()=0, getValidTxns_(long)=0, getTable_(GetTableRequest)=7}
2024-04-24T01:55:11,627  INFO [main] ql.Driver: Completed compiling command(queryId=alex_20240424015511_c3dfe003-df37-432b-a8a8-bdc7606ac0a8); Time taken: 0.009 seconds
2024-04-24T01:55:11,627  INFO [main] lockmgr.DbTxnManager: Setting lock request transaction to txnid:25 for queryId=alex_20240424015511_c3dfe003-df37-432b-a8a8-bdc7606ac0a8
2024-04-24T01:55:11,627  INFO [main] lockmgr.DbLockManager: Requesting lock for queryId=alex_20240424015511_c3dfe003-df37-432b-a8a8-bdc7606ac0a8
2024-04-24T01:55:11,641  INFO [main] lockmgr.DbLockManager: Response to queryId=alex_20240424015511_c3dfe003-df37-432b-a8a8-bdc7606ac0a8 LockResponse(lockid:17, state:ACQUIRED)
2024-04-24T01:55:11,641  INFO [main] ql.Driver: Operation DROPTABLE obtained 1 locks
2024-04-24T01:55:11,641  INFO [main] ql.Driver: Executing command(queryId=alex_20240424015511_c3dfe003-df37-432b-a8a8-bdc7606ac0a8): drop table if exists acidTblPart
2024-04-24T01:55:11,642  INFO [main] ql.Driver: Starting task [Stage-0:DDL] in serial mode
2024-04-24T01:55:11,642  INFO [main] HiveMetaStore.audit: ugi=alex	ip=unknown-ip-addr	cmd=get_table : tbl=hive.default.acidTblPart	
2024-04-24T01:55:11,648  INFO [main] metastore.HMSHandler: Skipping translation for processor with null
2024-04-24T01:55:11,648  INFO [main] HiveMetaStore.audit: ugi=alex	ip=unknown-ip-addr	cmd=get_table : tbl=hive.default.acidTblPart	
2024-04-24T01:55:11,655  INFO [main] metastore.HMSHandler: Skipping translation for processor with null
2024-04-24T01:55:11,655  INFO [main] HiveMetaStore.audit: ugi=alex	ip=unknown-ip-addr	cmd=drop_table : tbl=hive.default.acidTblPart	
2024-04-24T01:55:11,695  INFO [main] metadata.Hive: Dumping metastore api call timing information for : execution phase
2024-04-24T01:55:11,695  INFO [main] metadata.Hive: Total time spent in each metastore function (ms): {dropTable_(String, String, boolean, boolean, boolean)=47, getTable_(GetTableRequest)=6, isCompatibleWith_(Configuration)=0}
2024-04-24T01:55:11,696  INFO [main] ql.Driver: Completed executing command(queryId=alex_20240424015511_c3dfe003-df37-432b-a8a8-bdc7606ac0a8); Time taken: 0.054 seconds
2024-04-24T01:55:11,696  INFO [main] lockmgr.DbTxnManager: Stopped heartbeat for query: alex_20240424015511_c3dfe003-df37-432b-a8a8-bdc7606ac0a8
2024-04-24T01:55:11,700  INFO [main] txn.TxnHandler: Expected to move at least one record from txn_components to completed_txn_components when committing txn! txnid:25
2024-04-24T01:55:11,706  INFO [main] txn.TxnHandler: Removed transactions: ([25]) from MIN_HISTORY_LEVEL
2024-04-24T01:55:11,706  WARN [main] txn.CompactionTxnHandler: No compaction queue record found for Compaction type transaction commit. txnId:25
2024-04-24T01:55:11,706  INFO [main] ql.TxnCommandsBaseForTests: Running the query: drop table if exists acidTbl2
2024-04-24T01:55:11,707  INFO [main] ql.Driver: Compiling command(queryId=alex_20240424015511_8678802e-4fd9-4daf-8725-84fe68c84054): drop table if exists acidTbl2
2024-04-24T01:55:11,709  INFO [main] txn.TxnHandler: Added entries to MIN_HISTORY_LEVEL for current txns: ([26]) with min_open_txn: 22
2024-04-24T01:55:11,709  INFO [main] lockmgr.DbTxnManager: Opened txnid:26
2024-04-24T01:55:11,710  INFO [main] ql.Driver: Semantic Analysis Completed (retrial = false)
2024-04-24T01:55:11,710  INFO [main] ql.Driver: Created Hive schema: Schema(fieldSchemas:null, properties:null)
2024-04-24T01:55:11,710  INFO [main] metadata.Hive: Dumping metastore api call timing information for : compilation phase
2024-04-24T01:55:11,710  INFO [main] metadata.Hive: Total time spent in each metastore function (ms): {getTable_(GetTableRequest)=0, flushCache_()=0, getValidTxns_(long)=1, openTxn_(String, TxnType)=2, isCompatibleWith_(Configuration)=0, commitTxn_(CommitTxnRequest)=10}
2024-04-24T01:55:11,710  INFO [main] ql.Driver: Completed compiling command(queryId=alex_20240424015511_8678802e-4fd9-4daf-8725-84fe68c84054); Time taken: 0.003 seconds
2024-04-24T01:55:11,711  INFO [main] lockmgr.DbTxnManager: Setting lock request transaction to txnid:26 for queryId=alex_20240424015511_8678802e-4fd9-4daf-8725-84fe68c84054
2024-04-24T01:55:11,711  INFO [main] ql.Driver: Operation DROPTABLE obtained 0 locks
2024-04-24T01:55:11,711  INFO [main] ql.Driver: Executing command(queryId=alex_20240424015511_8678802e-4fd9-4daf-8725-84fe68c84054): drop table if exists acidTbl2
2024-04-24T01:55:11,711  INFO [main] ql.Driver: Starting task [Stage-0:DDL] in serial mode
2024-04-24T01:55:11,711  INFO [main] metadata.SessionHiveMetaStoreClient: Column stats doesn't exist for db=default temp table=acidTbl2
2024-04-24T01:55:11,712  INFO [main] metadata.Hive: Dumping metastore api call timing information for : execution phase
2024-04-24T01:55:11,712  INFO [main] metadata.Hive: Total time spent in each metastore function (ms): {dropTable_(String, String, boolean, boolean, boolean)=1, isCompatibleWith_(Configuration)=0, getTable_(GetTableRequest)=0}
2024-04-24T01:55:11,712  INFO [main] ql.Driver: Completed executing command(queryId=alex_20240424015511_8678802e-4fd9-4daf-8725-84fe68c84054); Time taken: 0.001 seconds
2024-04-24T01:55:11,712  INFO [main] lockmgr.DbTxnManager: Stopped heartbeat for query: alex_20240424015511_8678802e-4fd9-4daf-8725-84fe68c84054
2024-04-24T01:55:11,717  INFO [main] txn.TxnHandler: Expected to move at least one record from txn_components to completed_txn_components when committing txn! txnid:26
2024-04-24T01:55:11,723  INFO [main] txn.TxnHandler: Removed transactions: ([26]) from MIN_HISTORY_LEVEL
2024-04-24T01:55:11,723  WARN [main] txn.CompactionTxnHandler: No compaction queue record found for Compaction type transaction commit. txnId:26
2024-04-24T01:55:11,724  INFO [main] ql.TxnCommandsBaseForTests: Running the query: drop table if exists nonAcidOrcTbl
2024-04-24T01:55:11,724  INFO [main] ql.Driver: Compiling command(queryId=alex_20240424015511_cc1b3e63-47f5-40f0-9c6f-d1f76ad1d1de): drop table if exists nonAcidOrcTbl
2024-04-24T01:55:11,726  INFO [main] txn.TxnHandler: Added entries to MIN_HISTORY_LEVEL for current txns: ([27]) with min_open_txn: 22
2024-04-24T01:55:11,726  INFO [main] lockmgr.DbTxnManager: Opened txnid:27
2024-04-24T01:55:11,727  INFO [main] HiveMetaStore.audit: ugi=alex	ip=unknown-ip-addr	cmd=get_table : tbl=hive.default.nonAcidOrcTbl	
2024-04-24T01:55:11,747  INFO [main] metastore.HMSHandler: Skipping translation for processor with null
2024-04-24T01:55:11,747  INFO [main] ql.Driver: Semantic Analysis Completed (retrial = false)
2024-04-24T01:55:11,747  INFO [main] ql.Driver: Created Hive schema: Schema(fieldSchemas:null, properties:null)
2024-04-24T01:55:11,747  INFO [main] metadata.Hive: Dumping metastore api call timing information for : compilation phase
2024-04-24T01:55:11,747  INFO [main] metadata.Hive: Total time spent in each metastore function (ms): {commitTxn_(CommitTxnRequest)=12, flushCache_()=0, isCompatibleWith_(Configuration)=1, openTxn_(String, TxnType)=2, getTable_(GetTableRequest)=20, getValidTxns_(long)=0}
2024-04-24T01:55:11,747  INFO [main] ql.Driver: Completed compiling command(queryId=alex_20240424015511_cc1b3e63-47f5-40f0-9c6f-d1f76ad1d1de); Time taken: 0.023 seconds
2024-04-24T01:55:11,748  INFO [main] lockmgr.DbTxnManager: Setting lock request transaction to txnid:27 for queryId=alex_20240424015511_cc1b3e63-47f5-40f0-9c6f-d1f76ad1d1de
2024-04-24T01:55:11,748  INFO [main] lockmgr.DbLockManager: Requesting lock for queryId=alex_20240424015511_cc1b3e63-47f5-40f0-9c6f-d1f76ad1d1de
2024-04-24T01:55:11,764  INFO [main] lockmgr.DbLockManager: Response to queryId=alex_20240424015511_cc1b3e63-47f5-40f0-9c6f-d1f76ad1d1de LockResponse(lockid:18, state:ACQUIRED)
2024-04-24T01:55:11,764  INFO [main] ql.Driver: Operation DROPTABLE obtained 1 locks
2024-04-24T01:55:11,764  INFO [main] ql.Driver: Executing command(queryId=alex_20240424015511_cc1b3e63-47f5-40f0-9c6f-d1f76ad1d1de): drop table if exists nonAcidOrcTbl
2024-04-24T01:55:11,764  INFO [main] ql.Driver: Starting task [Stage-0:DDL] in serial mode
2024-04-24T01:55:11,764  INFO [main] HiveMetaStore.audit: ugi=alex	ip=unknown-ip-addr	cmd=get_table : tbl=hive.default.nonAcidOrcTbl	
2024-04-24T01:55:11,773  INFO [main] metastore.HMSHandler: Skipping translation for processor with null
2024-04-24T01:55:11,773  INFO [main] HiveMetaStore.audit: ugi=alex	ip=unknown-ip-addr	cmd=get_table : tbl=hive.default.nonAcidOrcTbl	
2024-04-24T01:55:11,781  INFO [main] metastore.HMSHandler: Skipping translation for processor with null
2024-04-24T01:55:11,782  INFO [main] HiveMetaStore.audit: ugi=alex	ip=unknown-ip-addr	cmd=drop_table : tbl=hive.default.nonAcidOrcTbl	
2024-04-24T01:55:11,862  INFO [main] metadata.Hive: Dumping metastore api call timing information for : execution phase
2024-04-24T01:55:11,863  INFO [main] metadata.Hive: Total time spent in each metastore function (ms): {dropTable_(String, String, boolean, boolean, boolean)=89, isCompatibleWith_(Configuration)=0, getTable_(GetTableRequest)=9}
2024-04-24T01:55:11,863  INFO [main] ql.Driver: Completed executing command(queryId=alex_20240424015511_cc1b3e63-47f5-40f0-9c6f-d1f76ad1d1de); Time taken: 0.098 seconds
2024-04-24T01:55:11,863  INFO [main] lockmgr.DbTxnManager: Stopped heartbeat for query: alex_20240424015511_cc1b3e63-47f5-40f0-9c6f-d1f76ad1d1de
2024-04-24T01:55:11,866  INFO [main] txn.TxnHandler: Expected to move at least one record from txn_components to completed_txn_components when committing txn! txnid:27
2024-04-24T01:55:11,873  INFO [main] txn.TxnHandler: Removed transactions: ([27]) from MIN_HISTORY_LEVEL
2024-04-24T01:55:11,873  WARN [main] txn.CompactionTxnHandler: No compaction queue record found for Compaction type transaction commit. txnId:27
2024-04-24T01:55:11,874  INFO [main] ql.TxnCommandsBaseForTests: Running the query: drop table if exists nonAcidOrcTbl2
2024-04-24T01:55:11,874  INFO [main] ql.Driver: Compiling command(queryId=alex_20240424015511_fa758cb8-0c2a-419e-8c5e-616862dcc4ef): drop table if exists nonAcidOrcTbl2
2024-04-24T01:55:11,876  INFO [main] txn.TxnHandler: Added entries to MIN_HISTORY_LEVEL for current txns: ([28]) with min_open_txn: 22
2024-04-24T01:55:11,876  INFO [main] lockmgr.DbTxnManager: Opened txnid:28
2024-04-24T01:55:11,877  INFO [main] HiveMetaStore.audit: ugi=alex	ip=unknown-ip-addr	cmd=get_table : tbl=hive.default.nonAcidOrcTbl2	
2024-04-24T01:55:11,885  INFO [main] metastore.HMSHandler: Skipping translation for processor with null
2024-04-24T01:55:11,886  INFO [main] ql.Driver: Semantic Analysis Completed (retrial = false)
2024-04-24T01:55:11,886  INFO [main] ql.Driver: Created Hive schema: Schema(fieldSchemas:null, properties:null)
2024-04-24T01:55:11,886  INFO [main] metadata.Hive: Dumping metastore api call timing information for : compilation phase
2024-04-24T01:55:11,886  INFO [main] metadata.Hive: Total time spent in each metastore function (ms): {openTxn_(String, TxnType)=2, commitTxn_(CommitTxnRequest)=11, flushCache_()=0, getTable_(GetTableRequest)=8, getValidTxns_(long)=1, isCompatibleWith_(Configuration)=0}
2024-04-24T01:55:11,886  INFO [main] ql.Driver: Completed compiling command(queryId=alex_20240424015511_fa758cb8-0c2a-419e-8c5e-616862dcc4ef); Time taken: 0.012 seconds
2024-04-24T01:55:11,886  INFO [main] lockmgr.DbTxnManager: Setting lock request transaction to txnid:28 for queryId=alex_20240424015511_fa758cb8-0c2a-419e-8c5e-616862dcc4ef
2024-04-24T01:55:11,887  INFO [main] lockmgr.DbLockManager: Requesting lock for queryId=alex_20240424015511_fa758cb8-0c2a-419e-8c5e-616862dcc4ef
2024-04-24T01:55:11,900  INFO [main] lockmgr.DbLockManager: Response to queryId=alex_20240424015511_fa758cb8-0c2a-419e-8c5e-616862dcc4ef LockResponse(lockid:19, state:ACQUIRED)
2024-04-24T01:55:11,900  INFO [main] ql.Driver: Operation DROPTABLE obtained 1 locks
2024-04-24T01:55:11,900  INFO [main] ql.Driver: Executing command(queryId=alex_20240424015511_fa758cb8-0c2a-419e-8c5e-616862dcc4ef): drop table if exists nonAcidOrcTbl2
2024-04-24T01:55:11,900  INFO [main] ql.Driver: Starting task [Stage-0:DDL] in serial mode
2024-04-24T01:55:11,900  INFO [main] HiveMetaStore.audit: ugi=alex	ip=unknown-ip-addr	cmd=get_table : tbl=hive.default.nonAcidOrcTbl2	
2024-04-24T01:55:11,908  INFO [main] metastore.HMSHandler: Skipping translation for processor with null
2024-04-24T01:55:11,908  INFO [main] HiveMetaStore.audit: ugi=alex	ip=unknown-ip-addr	cmd=get_table : tbl=hive.default.nonAcidOrcTbl2	
2024-04-24T01:55:11,916  INFO [main] metastore.HMSHandler: Skipping translation for processor with null
2024-04-24T01:55:11,916  INFO [main] HiveMetaStore.audit: ugi=alex	ip=unknown-ip-addr	cmd=drop_table : tbl=hive.default.nonAcidOrcTbl2	
2024-04-24T01:55:11,947  INFO [main] metadata.Hive: Dumping metastore api call timing information for : execution phase
2024-04-24T01:55:11,948  INFO [main] metadata.Hive: Total time spent in each metastore function (ms): {isCompatibleWith_(Configuration)=0, getTable_(GetTableRequest)=8, dropTable_(String, String, boolean, boolean, boolean)=39}
2024-04-24T01:55:11,948  INFO [main] ql.Driver: Completed executing command(queryId=alex_20240424015511_fa758cb8-0c2a-419e-8c5e-616862dcc4ef); Time taken: 0.047 seconds
2024-04-24T01:55:11,948  INFO [main] lockmgr.DbTxnManager: Stopped heartbeat for query: alex_20240424015511_fa758cb8-0c2a-419e-8c5e-616862dcc4ef
2024-04-24T01:55:11,952  INFO [main] txn.TxnHandler: Expected to move at least one record from txn_components to completed_txn_components when committing txn! txnid:28
2024-04-24T01:55:11,959  INFO [main] txn.TxnHandler: Removed transactions: ([28]) from MIN_HISTORY_LEVEL
2024-04-24T01:55:11,959  WARN [main] txn.CompactionTxnHandler: No compaction queue record found for Compaction type transaction commit. txnId:28
2024-04-24T01:55:11,960  INFO [main] ql.TxnCommandsBaseForTests: Running the query: drop table if exists nonAcidNonBucket
2024-04-24T01:55:11,960  INFO [main] ql.Driver: Compiling command(queryId=alex_20240424015511_b6672911-c6ac-4c5f-a2bc-92eaccfbce9f): drop table if exists nonAcidNonBucket
2024-04-24T01:55:11,963  INFO [main] txn.TxnHandler: Added entries to MIN_HISTORY_LEVEL for current txns: ([29]) with min_open_txn: 22
2024-04-24T01:55:11,963  INFO [main] lockmgr.DbTxnManager: Opened txnid:29
2024-04-24T01:55:11,964  INFO [main] HiveMetaStore.audit: ugi=alex	ip=unknown-ip-addr	cmd=get_table : tbl=hive.default.nonAcidNonBucket	
2024-04-24T01:55:11,973  INFO [main] metastore.HMSHandler: Skipping translation for processor with null
2024-04-24T01:55:11,973  INFO [main] ql.Driver: Semantic Analysis Completed (retrial = false)
2024-04-24T01:55:11,973  INFO [main] ql.Driver: Created Hive schema: Schema(fieldSchemas:null, properties:null)
2024-04-24T01:55:11,973  INFO [main] metadata.Hive: Dumping metastore api call timing information for : compilation phase
2024-04-24T01:55:11,973  INFO [main] metadata.Hive: Total time spent in each metastore function (ms): {flushCache_()=0, getValidTxns_(long)=1, getTable_(GetTableRequest)=9, commitTxn_(CommitTxnRequest)=11, openTxn_(String, TxnType)=3, isCompatibleWith_(Configuration)=0}
2024-04-24T01:55:11,974  INFO [main] ql.Driver: Completed compiling command(queryId=alex_20240424015511_b6672911-c6ac-4c5f-a2bc-92eaccfbce9f); Time taken: 0.013 seconds
2024-04-24T01:55:11,974  INFO [main] lockmgr.DbTxnManager: Setting lock request transaction to txnid:29 for queryId=alex_20240424015511_b6672911-c6ac-4c5f-a2bc-92eaccfbce9f
2024-04-24T01:55:11,974  INFO [main] lockmgr.DbLockManager: Requesting lock for queryId=alex_20240424015511_b6672911-c6ac-4c5f-a2bc-92eaccfbce9f
2024-04-24T01:55:11,989  INFO [main] lockmgr.DbLockManager: Response to queryId=alex_20240424015511_b6672911-c6ac-4c5f-a2bc-92eaccfbce9f LockResponse(lockid:20, state:ACQUIRED)
2024-04-24T01:55:11,989  INFO [main] ql.Driver: Operation DROPTABLE obtained 1 locks
2024-04-24T01:55:11,989  INFO [main] ql.Driver: Executing command(queryId=alex_20240424015511_b6672911-c6ac-4c5f-a2bc-92eaccfbce9f): drop table if exists nonAcidNonBucket
2024-04-24T01:55:11,989  INFO [main] ql.Driver: Starting task [Stage-0:DDL] in serial mode
2024-04-24T01:55:11,989  INFO [main] HiveMetaStore.audit: ugi=alex	ip=unknown-ip-addr	cmd=get_table : tbl=hive.default.nonAcidNonBucket	
2024-04-24T01:55:11,998  INFO [main] metastore.HMSHandler: Skipping translation for processor with null
2024-04-24T01:55:11,998  INFO [main] HiveMetaStore.audit: ugi=alex	ip=unknown-ip-addr	cmd=get_table : tbl=hive.default.nonAcidNonBucket	
2024-04-24T01:55:12,007  INFO [main] metastore.HMSHandler: Skipping translation for processor with null
2024-04-24T01:55:12,007  INFO [main] HiveMetaStore.audit: ugi=alex	ip=unknown-ip-addr	cmd=drop_table : tbl=hive.default.nonAcidNonBucket	
2024-04-24T01:55:12,038  INFO [main] metadata.Hive: Dumping metastore api call timing information for : execution phase
2024-04-24T01:55:12,038  INFO [main] metadata.Hive: Total time spent in each metastore function (ms): {dropTable_(String, String, boolean, boolean, boolean)=40, getTable_(GetTableRequest)=9, isCompatibleWith_(Configuration)=0}
2024-04-24T01:55:12,038  INFO [main] ql.Driver: Completed executing command(queryId=alex_20240424015511_b6672911-c6ac-4c5f-a2bc-92eaccfbce9f); Time taken: 0.049 seconds
2024-04-24T01:55:12,038  INFO [main] lockmgr.DbTxnManager: Stopped heartbeat for query: alex_20240424015511_b6672911-c6ac-4c5f-a2bc-92eaccfbce9f
2024-04-24T01:55:12,042  INFO [main] txn.TxnHandler: Expected to move at least one record from txn_components to completed_txn_components when committing txn! txnid:29
2024-04-24T01:55:12,047  INFO [main] txn.TxnHandler: Removed transactions: ([29]) from MIN_HISTORY_LEVEL
2024-04-24T01:55:12,047  WARN [main] txn.CompactionTxnHandler: No compaction queue record found for Compaction type transaction commit. txnId:29
2024-04-24T01:55:12,048  INFO [main] utils.TestTxnDbUtil: Cleaning transactional tables
]]></system-err>
  </testcase>
  <testcase name="testLoadAcidFile" classname="org.apache.hadoop.hive.ql.TestTxnLoadData" time="3.265"/>
  <testcase name="testMultiStatementVectorized" classname="org.apache.hadoop.hive.ql.TestTxnLoadData" time="13.166"/>
  <testcase name="loadDataVectorized" classname="org.apache.hadoop.hive.ql.TestTxnLoadData" time="33.411"/>
  <testcase name="loadData" classname="org.apache.hadoop.hive.ql.TestTxnLoadData" time="33.619"/>
</testsuite>