<?xml version="1.0" encoding="UTF-8"?>
<testsuite xmlns:xsi="http://www.w3.org/2001/XMLSchema-instance" xsi:noNamespaceSchemaLocation="https://maven.apache.org/surefire/maven-surefire-plugin/xsd/surefire-test-report-3.0.xsd" version="3.0" name="org.apache.hadoop.hive.ql.TestTxnNoBucketsVectorized" time="168.472" tests="15" errors="5" skipped="0" failures="0">
  <properties>
    <property name="build.test.dir" value="/home/alex/Repositories/hive/ql/target/tmp"/>
    <property name="awt.toolkit" value="sun.awt.X11.XToolkit"/>
    <property name="test.tmp.dir.uri" value="file:///home/alex/Repositories/hive/ql/target/tmp"/>
    <property name="java.specification.version" value="1.8"/>
    <property name="qfile" value=""/>
    <property name="sun.cpu.isalist" value=""/>
    <property name="test.warehouse.dir" value="pfile:///home/alex/Repositories/hive/ql/target/warehouse"/>
    <property name="sun.jnu.encoding" value="UTF-8"/>
    <property name="run_disabled" value=""/>
    <property name="nondexPrintstack" value="false"/>
    <property name="sun.arch.data.model" value="64"/>
    <property name="java.vendor.url" value="http://java.oracle.com/"/>
    <property name="user.country.format" value="PT"/>
    <property name="test.tmp.dir" value="/home/alex/Repositories/hive/ql/target/tmp"/>
    <property name="sun.boot.library.path" value="/usr/lib/jvm/java-8-openjdk-amd64/jre/lib/amd64"/>
    <property name="sun.java.command" value="/home/alex/Repositories/hive/ql/target/surefire/surefirebooter3342669082924269941.jar /home/alex/Repositories/hive/ql/target/surefire 2024-04-23T21-59-46_173-jvmRun1 surefire510714816525342930tmp surefire_22865558009274148678158tmp"/>
    <property name="nondexExecid" value="oUi5h03YaAsr1zYbyWcL7OlHtDlCKFQ0UmQw8pMP1CI="/>
    <property name="java.specification.vendor" value="Oracle Corporation"/>
    <property name="java.home" value="/usr/lib/jvm/java-8-openjdk-amd64/jre"/>
    <property name="file.separator" value="/"/>
    <property name="basedir" value="/home/alex/Repositories/hive/ql"/>
    <property name="nondexEnd" value="9223372036854775807"/>
    <property name="line.separator" value="&#10;"/>
    <property name="java.specification.name" value="Java Platform API Specification"/>
    <property name="derby.stream.error.file" value="/home/alex/Repositories/hive/ql/target/tmp/derby.log"/>
    <property name="java.vm.specification.vendor" value="Oracle Corporation"/>
    <property name="log4j.debug" value="true"/>
    <property name="sun.boot.class.path" value="/home/alex/Repositories/hive/ql/.nondex/nondex-instr.jar:/home/alex/.m2/repository/edu/illinois/nondex-common/2.1.7/nondex-common-2.1.7.jar:/home/alex/.m2/repository/edu/illinois/nondex-annotations/2.1.7/nondex-annotations-2.1.7.jar:/usr/lib/jvm/java-8-openjdk-amd64/jre/lib/resources.jar:/usr/lib/jvm/java-8-openjdk-amd64/jre/lib/rt.jar:/usr/lib/jvm/java-8-openjdk-amd64/jre/lib/sunrsasign.jar:/usr/lib/jvm/java-8-openjdk-amd64/jre/lib/jsse.jar:/usr/lib/jvm/java-8-openjdk-amd64/jre/lib/jce.jar:/usr/lib/jvm/java-8-openjdk-amd64/jre/lib/charsets.jar:/usr/lib/jvm/java-8-openjdk-amd64/jre/lib/jfr.jar:/usr/lib/jvm/java-8-openjdk-amd64/jre/classes"/>
    <property name="sun.management.compiler" value="HotSpot 64-Bit Tiered Compilers"/>
    <property name="spark.home" value=""/>
    <property name="java.runtime.version" value="1.8.0_402-8u402-ga-2ubuntu1~22.04-b06"/>
    <property name="user.name" value="alex"/>
    <property name="test.src.tables" value=""/>
    <property name="file.encoding" value="UTF-8"/>
    <property name="qfile_regex" value=""/>
    <property name="hadoop.bin.path" value="/home/alex/Repositories/hive/ql/../testutils/hadoop"/>
    <property name="localRepository" value="/home/alex/.m2/repository"/>
    <property name="build.dir" value="/home/alex/Repositories/hive/ql/target"/>
    <property name="nondexDir" value="/home/alex/Repositories/hive/ql/.nondex"/>
    <property name="mapred.job.tracker" value="local"/>
    <property name="nondexJarDir" value="/home/alex/Repositories/hive/ql/.nondex"/>
    <property name="java.io.tmpdir" value="/home/alex/Repositories/hive/ql/target/tmp"/>
    <property name="com.zaxxer.hikari.pool_number" value="3"/>
    <property name="java.version" value="1.8.0_402"/>
    <property name="hive.version" value="4.0.0-SNAPSHOT"/>
    <property name="java.vm.specification.name" value="Java Virtual Machine Specification"/>
    <property name="java.awt.printerjob" value="sun.print.PSPrinterJob"/>
    <property name="sun.os.patch.level" value="unknown"/>
    <property name="test.data.dir" value="/home/alex/Repositories/hive/ql/../data/files"/>
    <property name="java.library.path" value="/usr/java/packages/lib/amd64:/usr/lib/x86_64-linux-gnu/jni:/lib/x86_64-linux-gnu:/usr/lib/x86_64-linux-gnu:/usr/lib/jni:/lib:/usr/lib"/>
    <property name="java.vendor" value="Private Build"/>
    <property name="java.specification.maintenance.version" value="5"/>
    <property name="sun.io.unicode.encoding" value="UnicodeLittle"/>
    <property name="initScript" value=""/>
    <property name="sun.desktop" value="gnome"/>
    <property name="calcite.enable.rexnode.digest.normalize" value="false"/>
    <property name="file.encoding.pkg" value="sun.io"/>
    <property name="nondexStart" value="0"/>
    <property name="log4j.configurationFile" value="file:///home/alex/Repositories/hive/ql/target/testconf/hive-log4j2.properties"/>
    <property name="java.class.path" value="/home/alex/Repositories/hive/ql/target/test-classes:/home/alex/Repositories/hive/ql/target/classes:/home/alex/.m2/repository/org/apache/atlas/atlas-client-v2/2.1.0/atlas-client-v2-2.1.0.jar:/home/alex/.m2/repository/cglib/cglib/2.2.2/cglib-2.2.2.jar:/home/alex/.m2/repository/asm/asm/3.3.1/asm-3.3.1.jar:/home/alex/.m2/repository/org/apache/atlas/atlas-client-common/2.1.0/atlas-client-common-2.1.0.jar:/home/alex/.m2/repository/org/apache/httpcomponents/httpclient/4.5.13/httpclient-4.5.13.jar:/home/alex/.m2/repository/com/sun/jersey/jersey-client/1.19/jersey-client-1.19.jar:/home/alex/.m2/repository/org/apache/atlas/atlas-intg/2.1.0/atlas-intg-2.1.0.jar:/home/alex/.m2/repository/commons-collections/commons-collections/3.2.2/commons-collections-3.2.2.jar:/home/alex/.m2/repository/commons-validator/commons-validator/1.6/commons-validator-1.6.jar:/home/alex/.m2/repository/commons-digester/commons-digester/1.8.1/commons-digester-1.8.1.jar:/home/alex/.m2/repository/com/fasterxml/jackson/jaxrs/jackson-jaxrs-base/2.12.0/jackson-jaxrs-base-2.12.0.jar:/home/alex/.m2/repository/com/fasterxml/jackson/jaxrs/jackson-jaxrs-json-provider/2.12.0/jackson-jaxrs-json-provider-2.12.0.jar:/home/alex/.m2/repository/javax/inject/javax.inject/1/javax.inject-1.jar:/home/alex/.m2/repository/org/springframework/spring-context/4.3.20.RELEASE/spring-context-4.3.20.RELEASE.jar:/home/alex/.m2/repository/org/springframework/spring-aop/4.3.20.RELEASE/spring-aop-4.3.20.RELEASE.jar:/home/alex/.m2/repository/org/springframework/spring-beans/4.3.20.RELEASE/spring-beans-4.3.20.RELEASE.jar:/home/alex/.m2/repository/org/springframework/spring-core/4.3.20.RELEASE/spring-core-4.3.20.RELEASE.jar:/home/alex/.m2/repository/org/springframework/spring-expression/4.3.20.RELEASE/spring-expression-4.3.20.RELEASE.jar:/home/alex/.m2/repository/commons-configuration/commons-configuration/1.10/commons-configuration-1.10.jar:/home/alex/.m2/repository/commons-lang/commons-lang/2.6/commons-lang-2.6.jar:/home/alex/.m2/repository/commons-logging/commons-logging/1.1.1/commons-logging-1.1.1.jar:/home/alex/.m2/repository/org/apache/commons/commons-math3/3.6.1/commons-math3-3.6.1.jar:/home/alex/Repositories/hive/vector-code-gen/target/classes:/home/alex/.m2/repository/org/apache/velocity/velocity/1.5/velocity-1.5.jar:/home/alex/Repositories/hive/common/target/classes:/home/alex/Repositories/hive/classification/target/classes:/home/alex/Repositories/hive/standalone-metastore/metastore-common/target/classes:/home/alex/.m2/repository/commons-cli/commons-cli/1.4/commons-cli-1.4.jar:/home/alex/.m2/repository/org/apache/orc/orc-core/1.6.9/orc-core-1.6.9.jar:/home/alex/.m2/repository/org/apache/orc/orc-shims/1.6.9/orc-shims-1.6.9.jar:/home/alex/.m2/repository/io/airlift/aircompressor/0.19/aircompressor-0.19.jar:/home/alex/.m2/repository/org/jetbrains/annotations/17.0.0/annotations-17.0.0.jar:/home/alex/.m2/repository/org/threeten/threeten-extra/1.5.0/threeten-extra-1.5.0.jar:/home/alex/.m2/repository/jline/jline/2.14.6/jline-2.14.6.jar:/home/alex/.m2/repository/javax/servlet/javax.servlet-api/3.1.0/javax.servlet-api-3.1.0.jar:/home/alex/.m2/repository/org/eclipse/jetty/jetty-http/9.3.27.v20190418/jetty-http-9.3.27.v20190418.jar:/home/alex/.m2/repository/org/eclipse/jetty/jetty-rewrite/9.3.27.v20190418/jetty-rewrite-9.3.27.v20190418.jar:/home/alex/.m2/repository/org/eclipse/jetty/jetty-client/9.3.27.v20190418/jetty-client-9.3.27.v20190418.jar:/home/alex/.m2/repository/org/eclipse/jetty/jetty-server/9.3.27.v20190418/jetty-server-9.3.27.v20190418.jar:/home/alex/.m2/repository/org/eclipse/jetty/jetty-io/9.3.27.v20190418/jetty-io-9.3.27.v20190418.jar:/home/alex/.m2/repository/org/eclipse/jetty/jetty-servlet/9.3.27.v20190418/jetty-servlet-9.3.27.v20190418.jar:/home/alex/.m2/repository/org/eclipse/jetty/jetty-security/9.3.27.v20190418/jetty-security-9.3.27.v20190418.jar:/home/alex/.m2/repository/org/eclipse/jetty/jetty-webapp/9.3.27.v20190418/jetty-webapp-9.3.27.v20190418.jar:/home/alex/.m2/repository/org/eclipse/jetty/jetty-xml/9.3.27.v20190418/jetty-xml-9.3.27.v20190418.jar:/home/alex/.m2/repository/joda-time/joda-time/2.9.9/joda-time-2.9.9.jar:/home/alex/.m2/repository/org/apache/logging/log4j/log4j-web/2.13.2/log4j-web-2.13.2.jar:/home/alex/.m2/repository/net/sf/jpam/jpam/1.1/jpam-1.1.jar:/home/alex/.m2/repository/io/dropwizard/metrics/metrics-core/3.1.0/metrics-core-3.1.0.jar:/home/alex/.m2/repository/io/dropwizard/metrics/metrics-jvm/3.1.0/metrics-jvm-3.1.0.jar:/home/alex/.m2/repository/io/dropwizard/metrics/metrics-json/3.1.0/metrics-json-3.1.0.jar:/home/alex/.m2/repository/com/github/joshelser/dropwizard-metrics-hadoop-metrics2-reporter/0.1.2/dropwizard-metrics-hadoop-metrics2-reporter-0.1.2.jar:/home/alex/Repositories/hive/metastore/target/classes:/home/alex/.m2/repository/org/apache/derby/derby/10.14.1.0/derby-10.14.1.0.jar:/home/alex/Repositories/hive/serde/target/classes:/home/alex/.m2/repository/com/google/code/findbugs/jsr305/3.0.0/jsr305-3.0.0.jar:/home/alex/.m2/repository/org/apache/arrow/arrow-vector/0.15.1/arrow-vector-0.15.1.jar:/home/alex/.m2/repository/org/apache/arrow/arrow-format/0.15.1/arrow-format-0.15.1.jar:/home/alex/.m2/repository/org/apache/arrow/arrow-memory/0.15.1/arrow-memory-0.15.1.jar:/home/alex/.m2/repository/com/google/flatbuffers/flatbuffers-java/1.9.0/flatbuffers-java-1.9.0.jar:/home/alex/.m2/repository/com/carrotsearch/hppc/0.7.2/hppc-0.7.2.jar:/home/alex/.m2/repository/com/github/davidmoten/flatbuffers-java/1.6.0.1/flatbuffers-java-1.6.0.1.jar:/home/alex/Repositories/hive/parser/target/classes:/home/alex/Repositories/hive/udf/target/classes:/home/alex/Repositories/hive/service-rpc/target/classes:/home/alex/Repositories/hive/llap-client/target/classes:/home/alex/Repositories/hive/llap-common/target/classes:/home/alex/.m2/repository/io/jsonwebtoken/jjwt-api/0.10.5/jjwt-api-0.10.5.jar:/home/alex/.m2/repository/io/jsonwebtoken/jjwt-impl/0.10.5/jjwt-impl-0.10.5.jar:/home/alex/.m2/repository/io/jsonwebtoken/jjwt-jackson/0.10.5/jjwt-jackson-0.10.5.jar:/home/alex/Repositories/hive/llap-tez/target/classes:/home/alex/Repositories/hive/shims/aggregator/target/classes:/home/alex/Repositories/hive/shims/common/target/classes:/home/alex/Repositories/hive/shims/0.23/target/classes:/home/alex/.m2/repository/org/apache/hadoop/hadoop-yarn-server-resourcemanager/3.1.0/hadoop-yarn-server-resourcemanager-3.1.0.jar:/home/alex/.m2/repository/org/apache/hadoop/hadoop-yarn-server-applicationhistoryservice/3.1.0/hadoop-yarn-server-applicationhistoryservice-3.1.0.jar:/home/alex/.m2/repository/de/ruedigermoeller/fst/2.50/fst-2.50.jar:/home/alex/.m2/repository/com/cedarsoftware/java-util/1.9.0/java-util-1.9.0.jar:/home/alex/.m2/repository/com/cedarsoftware/json-io/2.5.1/json-io-2.5.1.jar:/home/alex/Repositories/hive/shims/scheduler/target/classes:/home/alex/Repositories/hive/spark-client/target/classes:/home/alex/.m2/repository/io/netty/netty-all/4.1.65.Final/netty-all-4.1.65.Final.jar:/home/alex/.m2/repository/com/fasterxml/jackson/module/jackson-module-scala_2.12/2.12.0/jackson-module-scala_2.12-2.12.0.jar:/home/alex/.m2/repository/org/apache/spark/spark-yarn_2.12/2.4.5/spark-yarn_2.12-2.4.5.jar:/home/alex/Repositories/hive/storage-api/target/classes:/home/alex/.m2/repository/com/amazonaws/aws-java-sdk-bundle/1.11.901/aws-java-sdk-bundle-1.11.901.jar:/home/alex/.m2/repository/com/amazonaws/secretsmanager/aws-secretsmanager-caching-java/1.0.1/aws-secretsmanager-caching-java-1.0.1.jar:/home/alex/.m2/repository/com/esotericsoftware/kryo/5.0.3/kryo-5.0.3.jar:/home/alex/.m2/repository/org/objenesis/objenesis/3.1/objenesis-3.1.jar:/home/alex/.m2/repository/com/esotericsoftware/minlog/1.3.1/minlog-1.3.1.jar:/home/alex/.m2/repository/com/esotericsoftware/reflectasm/1.11.9/reflectasm-1.11.9.jar:/home/alex/.m2/repository/com/google/protobuf/protobuf-java/2.5.0/protobuf-java-2.5.0.jar:/home/alex/.m2/repository/org/apache/hbase/hbase-common/2.0.0-alpha4/hbase-common-2.0.0-alpha4.jar:/home/alex/.m2/repository/org/apache/hbase/thirdparty/hbase-shaded-miscellaneous/1.0.1/hbase-shaded-miscellaneous-1.0.1.jar:/home/alex/.m2/repository/org/apache/htrace/htrace-core/3.2.0-incubating/htrace-core-3.2.0-incubating.jar:/home/alex/.m2/repository/org/apache/commons/commons-crypto/1.0.0/commons-crypto-1.0.0.jar:/home/alex/.m2/repository/com/github/stephenc/findbugs/findbugs-annotations/1.3.9-1/findbugs-annotations-1.3.9-1.jar:/home/alex/.m2/repository/log4j/log4j/1.2.17/log4j-1.2.17.jar:/home/alex/.m2/repository/org/apache/yetus/audience-annotations/0.5.0/audience-annotations-0.5.0.jar:/home/alex/.m2/repository/org/apache/parquet/parquet-hadoop-bundle/1.11.1/parquet-hadoop-bundle-1.11.1.jar:/home/alex/.m2/repository/commons-codec/commons-codec/1.15/commons-codec-1.15.jar:/home/alex/.m2/repository/commons-io/commons-io/2.6/commons-io-2.6.jar:/home/alex/.m2/repository/org/apache/commons/commons-collections4/4.1/commons-collections4-4.1.jar:/home/alex/.m2/repository/org/apache/commons/commons-lang3/3.9/commons-lang3-3.9.jar:/home/alex/.m2/repository/org/apache/commons/commons-text/1.8/commons-text-1.8.jar:/home/alex/.m2/repository/javolution/javolution/5.5.1/javolution-5.5.1.jar:/home/alex/.m2/repository/org/apache/logging/log4j/log4j-1.2-api/2.13.2/log4j-1.2-api-2.13.2.jar:/home/alex/.m2/repository/org/apache/logging/log4j/log4j-api/2.13.2/log4j-api-2.13.2.jar:/home/alex/.m2/repository/org/apache/logging/log4j/log4j-core/2.13.2/log4j-core-2.13.2.jar:/home/alex/.m2/repository/org/apache/logging/log4j/log4j-slf4j-impl/2.13.2/log4j-slf4j-impl-2.13.2.jar:/home/alex/.m2/repository/org/antlr/antlr-runtime/3.5.2/antlr-runtime-3.5.2.jar:/home/alex/.m2/repository/org/antlr/ST4/4.0.4/ST4-4.0.4.jar:/home/alex/.m2/repository/org/apache/avro/avro/1.8.2/avro-1.8.2.jar:/home/alex/.m2/repository/org/codehaus/jackson/jackson-core-asl/1.9.13/jackson-core-asl-1.9.13.jar:/home/alex/.m2/repository/org/codehaus/jackson/jackson-mapper-asl/1.9.13/jackson-mapper-asl-1.9.13.jar:/home/alex/.m2/repository/com/thoughtworks/paranamer/paranamer/2.8/paranamer-2.8.jar:/home/alex/.m2/repository/org/xerial/snappy/snappy-java/1.1.4/snappy-java-1.1.4.jar:/home/alex/.m2/repository/org/tukaani/xz/1.5/xz-1.5.jar:/home/alex/.m2/repository/org/apache/avro/avro-mapred/1.8.2/avro-mapred-1.8.2-hadoop2.jar:/home/alex/.m2/repository/org/apache/avro/avro-ipc/1.8.2/avro-ipc-1.8.2.jar:/home/alex/.m2/repository/org/mortbay/jetty/jetty/6.1.26/jetty-6.1.26.jar:/home/alex/.m2/repository/org/apache/ant/ant/1.9.1/ant-1.9.1.jar:/home/alex/.m2/repository/org/apache/ant/ant-launcher/1.9.1/ant-launcher-1.9.1.jar:/home/alex/.m2/repository/org/apache/commons/commons-compress/1.21/commons-compress-1.21.jar:/home/alex/.m2/repository/org/apache/thrift/libfb303/0.9.3/libfb303-0.9.3.jar:/home/alex/.m2/repository/org/apache/hadoop/hadoop-common/3.1.0/hadoop-common-3.1.0.jar:/home/alex/.m2/repository/org/apache/hadoop/hadoop-annotations/3.1.0/hadoop-annotations-3.1.0.jar:/home/alex/.m2/repository/commons-net/commons-net/3.6/commons-net-3.6.jar:/home/alex/.m2/repository/org/eclipse/jetty/jetty-util/9.3.27.v20190418/jetty-util-9.3.27.v20190418.jar:/home/alex/.m2/repository/javax/servlet/jsp/jsp-api/2.1/jsp-api-2.1.jar:/home/alex/.m2/repository/com/sun/jersey/jersey-core/1.19/jersey-core-1.19.jar:/home/alex/.m2/repository/javax/ws/rs/jsr311-api/1.1.1/jsr311-api-1.1.1.jar:/home/alex/.m2/repository/com/sun/jersey/jersey-json/1.19/jersey-json-1.19.jar:/home/alex/.m2/repository/com/sun/xml/bind/jaxb-impl/2.2.3-1/jaxb-impl-2.2.3-1.jar:/home/alex/.m2/repository/org/codehaus/jackson/jackson-jaxrs/1.9.2/jackson-jaxrs-1.9.2.jar:/home/alex/.m2/repository/org/codehaus/jackson/jackson-xc/1.9.2/jackson-xc-1.9.2.jar:/home/alex/.m2/repository/com/sun/jersey/jersey-server/1.19/jersey-server-1.19.jar:/home/alex/.m2/repository/org/apache/commons/commons-configuration2/2.1.1/commons-configuration2-2.1.1.jar:/home/alex/.m2/repository/org/apache/hadoop/hadoop-auth/3.1.0/hadoop-auth-3.1.0.jar:/home/alex/.m2/repository/com/nimbusds/nimbus-jose-jwt/4.41.1/nimbus-jose-jwt-4.41.1.jar:/home/alex/.m2/repository/com/github/stephenc/jcip/jcip-annotations/1.0-1/jcip-annotations-1.0-1.jar:/home/alex/.m2/repository/com/jcraft/jsch/0.1.54/jsch-0.1.54.jar:/home/alex/.m2/repository/org/apache/htrace/htrace-core4/4.1.0-incubating/htrace-core4-4.1.0-incubating.jar:/home/alex/.m2/repository/org/apache/kerby/kerb-simplekdc/1.0.1/kerb-simplekdc-1.0.1.jar:/home/alex/.m2/repository/org/apache/kerby/kerb-client/1.0.1/kerb-client-1.0.1.jar:/home/alex/.m2/repository/org/apache/kerby/kerby-config/1.0.1/kerby-config-1.0.1.jar:/home/alex/.m2/repository/org/apache/kerby/kerb-core/1.0.1/kerb-core-1.0.1.jar:/home/alex/.m2/repository/org/apache/kerby/kerby-pkix/1.0.1/kerby-pkix-1.0.1.jar:/home/alex/.m2/repository/org/apache/kerby/kerby-asn1/1.0.1/kerby-asn1-1.0.1.jar:/home/alex/.m2/repository/org/apache/kerby/kerby-util/1.0.1/kerby-util-1.0.1.jar:/home/alex/.m2/repository/org/apache/kerby/kerb-common/1.0.1/kerb-common-1.0.1.jar:/home/alex/.m2/repository/org/apache/kerby/kerb-crypto/1.0.1/kerb-crypto-1.0.1.jar:/home/alex/.m2/repository/org/apache/kerby/kerb-util/1.0.1/kerb-util-1.0.1.jar:/home/alex/.m2/repository/org/apache/kerby/token-provider/1.0.1/token-provider-1.0.1.jar:/home/alex/.m2/repository/org/apache/kerby/kerb-admin/1.0.1/kerb-admin-1.0.1.jar:/home/alex/.m2/repository/org/apache/kerby/kerb-server/1.0.1/kerb-server-1.0.1.jar:/home/alex/.m2/repository/org/apache/kerby/kerb-identity/1.0.1/kerb-identity-1.0.1.jar:/home/alex/.m2/repository/org/apache/kerby/kerby-xdr/1.0.1/kerby-xdr-1.0.1.jar:/home/alex/.m2/repository/org/codehaus/woodstox/stax2-api/3.1.4/stax2-api-3.1.4.jar:/home/alex/.m2/repository/com/fasterxml/woodstox/woodstox-core/5.0.3/woodstox-core-5.0.3.jar:/home/alex/.m2/repository/org/apache/hadoop/hadoop-archives/3.1.0/hadoop-archives-3.1.0.jar:/home/alex/.m2/repository/org/apache/hadoop/hadoop-yarn-registry/3.1.0/hadoop-yarn-registry-3.1.0.jar:/home/alex/.m2/repository/org/apache/curator/curator-client/4.2.0/curator-client-4.2.0.jar:/home/alex/.m2/repository/org/apache/curator/curator-recipes/4.2.0/curator-recipes-4.2.0.jar:/home/alex/.m2/repository/commons-daemon/commons-daemon/1.0.13/commons-daemon-1.0.13.jar:/home/alex/.m2/repository/dnsjava/dnsjava/2.1.7/dnsjava-2.1.7.jar:/home/alex/.m2/repository/org/apache/hadoop/hadoop-mapreduce-client-core/3.1.0/hadoop-mapreduce-client-core-3.1.0.jar:/home/alex/.m2/repository/org/apache/hadoop/hadoop-hdfs-client/3.1.0/hadoop-hdfs-client-3.1.0.jar:/home/alex/.m2/repository/com/squareup/okhttp/okhttp/2.7.5/okhttp-2.7.5.jar:/home/alex/.m2/repository/com/squareup/okio/okio/1.6.0/okio-1.6.0.jar:/home/alex/.m2/repository/com/google/inject/extensions/guice-servlet/4.0/guice-servlet-4.0.jar:/home/alex/.m2/repository/org/apache/hadoop/hadoop-mapreduce-client-common/3.1.0/hadoop-mapreduce-client-common-3.1.0.jar:/home/alex/.m2/repository/org/apache/hadoop/hadoop-hdfs/3.1.0/hadoop-hdfs-3.1.0.jar:/home/alex/.m2/repository/org/eclipse/jetty/jetty-util-ajax/9.3.19.v20170502/jetty-util-ajax-9.3.19.v20170502.jar:/home/alex/.m2/repository/org/fusesource/leveldbjni/leveldbjni-all/1.8/leveldbjni-all-1.8.jar:/home/alex/.m2/repository/org/apache/hadoop/hadoop-yarn-api/3.1.0/hadoop-yarn-api-3.1.0.jar:/home/alex/.m2/repository/javax/xml/bind/jaxb-api/2.2.11/jaxb-api-2.2.11.jar:/home/alex/.m2/repository/org/apache/hadoop/hadoop-yarn-common/3.1.0/hadoop-yarn-common-3.1.0.jar:/home/alex/.m2/repository/com/google/inject/guice/4.0/guice-4.0.jar:/home/alex/.m2/repository/aopalliance/aopalliance/1.0/aopalliance-1.0.jar:/home/alex/.m2/repository/com/sun/jersey/contribs/jersey-guice/1.19/jersey-guice-1.19.jar:/home/alex/.m2/repository/com/fasterxml/jackson/module/jackson-module-jaxb-annotations/2.12.0/jackson-module-jaxb-annotations-2.12.0.jar:/home/alex/.m2/repository/jakarta/xml/bind/jakarta.xml.bind-api/2.3.2/jakarta.xml.bind-api-2.3.2.jar:/home/alex/.m2/repository/jakarta/activation/jakarta.activation-api/1.2.1/jakarta.activation-api-1.2.1.jar:/home/alex/.m2/repository/org/apache/hadoop/hadoop-yarn-client/3.1.0/hadoop-yarn-client-3.1.0.jar:/home/alex/.m2/repository/org/apache/orc/orc-tools/1.6.9/orc-tools-1.6.9.jar:/home/alex/.m2/repository/com/opencsv/opencsv/3.9/opencsv-3.9.jar:/home/alex/.m2/repository/org/codehaus/jettison/jettison/1.1/jettison-1.1.jar:/home/alex/.m2/repository/org/threeten/threetenbp/1.3.5/threetenbp-1.3.5.jar:/home/alex/.m2/repository/org/apache/ivy/ivy/2.4.0/ivy-2.4.0.jar:/home/alex/.m2/repository/org/apache/thrift/libthrift/0.14.1/libthrift-0.14.1.jar:/home/alex/.m2/repository/org/apache/httpcomponents/httpcore/4.4.13/httpcore-4.4.13.jar:/home/alex/.m2/repository/org/apache/tomcat/embed/tomcat-embed-core/8.5.46/tomcat-embed-core-8.5.46.jar:/home/alex/.m2/repository/org/apache/tomcat/tomcat-annotations-api/8.5.46/tomcat-annotations-api-8.5.46.jar:/home/alex/.m2/repository/javax/annotation/javax.annotation-api/1.3.2/javax.annotation-api-1.3.2.jar:/home/alex/.m2/repository/org/apache/zookeeper/zookeeper/3.5.5/zookeeper-3.5.5.jar:/home/alex/.m2/repository/org/apache/zookeeper/zookeeper-jute/3.5.5/zookeeper-jute-3.5.5.jar:/home/alex/.m2/repository/org/apache/curator/curator-framework/4.2.0/curator-framework-4.2.0.jar:/home/alex/.m2/repository/org/apache/curator/curator-test/4.2.0/curator-test-4.2.0.jar:/home/alex/.m2/repository/org/apache/datasketches/datasketches-hive/1.1.0-incubating/datasketches-hive-1.1.0-incubating.jar:/home/alex/.m2/repository/org/apache/datasketches/datasketches-java/1.3.0-incubating/datasketches-java-1.3.0-incubating.jar:/home/alex/.m2/repository/org/apache/datasketches/datasketches-memory/1.2.0-incubating/datasketches-memory-1.2.0-incubating.jar:/home/alex/.m2/repository/org/slf4j/slf4j-simple/1.7.27/slf4j-simple-1.7.27.jar:/home/alex/.m2/repository/com/lmax/disruptor/3.3.7/disruptor-3.3.7.jar:/home/alex/.m2/repository/org/codehaus/groovy/groovy-all/2.4.11/groovy-all-2.4.11.jar:/home/alex/.m2/repository/org/jodd/jodd-util/6.0.0/jodd-util-6.0.0.jar:/home/alex/.m2/repository/com/fasterxml/jackson/core/jackson-annotations/2.12.0/jackson-annotations-2.12.0.jar:/home/alex/.m2/repository/com/fasterxml/jackson/core/jackson-core/2.12.0/jackson-core-2.12.0.jar:/home/alex/.m2/repository/com/fasterxml/jackson/core/jackson-databind/2.12.0/jackson-databind-2.12.0.jar:/home/alex/.m2/repository/com/fasterxml/jackson/dataformat/jackson-dataformat-yaml/2.12.0/jackson-dataformat-yaml-2.12.0.jar:/home/alex/.m2/repository/org/yaml/snakeyaml/1.27/snakeyaml-1.27.jar:/home/alex/.m2/repository/org/datanucleus/datanucleus-core/5.2.4/datanucleus-core-5.2.4.jar:/home/alex/.m2/repository/org/apache/calcite/calcite-core/1.25.0/calcite-core-1.25.0.jar:/home/alex/.m2/repository/org/apache/calcite/calcite-linq4j/1.25.0/calcite-linq4j-1.25.0.jar:/home/alex/.m2/repository/org/apiguardian/apiguardian-api/1.1.0/apiguardian-api-1.1.0.jar:/home/alex/.m2/repository/com/esri/geometry/esri-geometry-api/2.2.0/esri-geometry-api-2.2.0.jar:/home/alex/.m2/repository/com/yahoo/datasketches/sketches-core/0.9.0/sketches-core-0.9.0.jar:/home/alex/.m2/repository/com/yahoo/datasketches/memory/0.9.0/memory-0.9.0.jar:/home/alex/.m2/repository/org/apache/commons/commons-dbcp2/2.7.0/commons-dbcp2-2.7.0.jar:/home/alex/.m2/repository/org/apache/commons/commons-pool2/2.7.0/commons-pool2-2.7.0.jar:/home/alex/.m2/repository/org/apache/calcite/calcite-druid/1.25.0/calcite-druid-1.25.0.jar:/home/alex/.m2/repository/org/apache/calcite/avatica/avatica/1.12.0/avatica-1.12.0.jar:/home/alex/.m2/repository/com/google/guava/guava/19.0/guava-19.0.jar:/home/alex/.m2/repository/com/googlecode/javaewah/JavaEWAH/0.3.2/JavaEWAH-0.3.2.jar:/home/alex/.m2/repository/com/google/code/gson/gson/2.2.4/gson-2.2.4.jar:/home/alex/.m2/repository/com/tdunning/json/1.8/json-1.8.jar:/home/alex/.m2/repository/stax/stax-api/1.0.1/stax-api-1.0.1.jar:/home/alex/.m2/repository/net/sf/opencsv/opencsv/2.3/opencsv-2.3.jar:/home/alex/Repositories/hive/standalone-metastore/metastore-server/target/classes:/home/alex/.m2/repository/com/zaxxer/HikariCP/2.6.1/HikariCP-2.6.1.jar:/home/alex/.m2/repository/commons-beanutils/commons-beanutils/1.9.4/commons-beanutils-1.9.4.jar:/home/alex/.m2/repository/org/datanucleus/datanucleus-api-jdo/5.2.4/datanucleus-api-jdo-5.2.4.jar:/home/alex/.m2/repository/org/datanucleus/datanucleus-rdbms/5.2.4/datanucleus-rdbms-5.2.4.jar:/home/alex/.m2/repository/org/datanucleus/javax.jdo/3.2.0-release/javax.jdo-3.2.0-release.jar:/home/alex/.m2/repository/javax/transaction/javax.transaction-api/1.3/javax.transaction-api-1.3.jar:/home/alex/.m2/repository/org/glassfish/corba/glassfish-corba-omgapi/4.2.2/glassfish-corba-omgapi-4.2.2.jar:/home/alex/.m2/repository/sqlline/sqlline/1.9.0/sqlline-1.9.0.jar:/home/alex/.m2/repository/org/jline/jline-terminal/3.12.1/jline-terminal-3.12.1.jar:/home/alex/.m2/repository/org/jline/jline-reader/3.12.1/jline-reader-3.12.1.jar:/home/alex/.m2/repository/org/jline/jline-terminal-jansi/3.12.1/jline-terminal-jansi-3.12.1.jar:/home/alex/.m2/repository/org/fusesource/jansi/jansi/1.18/jansi-1.18.jar:/home/alex/.m2/repository/org/jline/jline-terminal-jna/3.12.1/jline-terminal-jna-3.12.1.jar:/home/alex/.m2/repository/net/java/dev/jna/jna/5.3.1/jna-5.3.1.jar:/home/alex/.m2/repository/org/jline/jline-builtins/3.12.1/jline-builtins-3.12.1.jar:/home/alex/.m2/repository/org/jline/jline-style/3.12.1/jline-style-3.12.1.jar:/home/alex/.m2/repository/com/cronutils/cron-utils/9.1.3/cron-utils-9.1.3.jar:/home/alex/.m2/repository/org/glassfish/javax.el/3.0.0/javax.el-3.0.0.jar:/home/alex/.m2/repository/com/oracle/database/jdbc/ojdbc8/21.3.0.0/ojdbc8-21.3.0.0.jar:/home/alex/.m2/repository/mysql/mysql-connector-java/8.0.27/mysql-connector-java-8.0.27.jar:/home/alex/.m2/repository/com/microsoft/sqlserver/mssql-jdbc/6.2.1.jre8/mssql-jdbc-6.2.1.jre8.jar:/home/alex/.m2/repository/org/postgresql/postgresql/42.2.14/postgresql-42.2.14.jar:/home/alex/Repositories/hive/common/target/test-classes:/home/alex/Repositories/hive/standalone-metastore/metastore-common/target/test-classes:/home/alex/.m2/repository/com/github/ben-manes/caffeine/caffeine/2.8.4/caffeine-2.8.4.jar:/home/alex/.m2/repository/org/checkerframework/checker-qual/3.4.0/checker-qual-3.4.0.jar:/home/alex/Repositories/hive/standalone-metastore/metastore-server/target/test-classes:/home/alex/.m2/repository/org/apache/parquet/parquet-column/1.11.1/parquet-column-1.11.1-tests.jar:/home/alex/.m2/repository/org/apache/parquet/parquet-common/1.11.1/parquet-common-1.11.1.jar:/home/alex/.m2/repository/org/apache/parquet/parquet-format-structures/1.11.1/parquet-format-structures-1.11.1.jar:/home/alex/.m2/repository/org/apache/parquet/parquet-encoding/1.11.1/parquet-encoding-1.11.1.jar:/home/alex/.m2/repository/junit/junit/4.13/junit-4.13.jar:/home/alex/.m2/repository/org/hamcrest/hamcrest-core/1.3/hamcrest-core-1.3.jar:/home/alex/.m2/repository/org/junit/jupiter/junit-jupiter-engine/5.6.2/junit-jupiter-engine-5.6.2.jar:/home/alex/.m2/repository/org/junit/platform/junit-platform-engine/1.6.2/junit-platform-engine-1.6.2.jar:/home/alex/.m2/repository/org/opentest4j/opentest4j/1.2.0/opentest4j-1.2.0.jar:/home/alex/.m2/repository/org/junit/platform/junit-platform-commons/1.6.2/junit-platform-commons-1.6.2.jar:/home/alex/.m2/repository/org/junit/jupiter/junit-jupiter-api/5.6.2/junit-jupiter-api-5.6.2.jar:/home/alex/.m2/repository/org/junit/jupiter/junit-jupiter-params/5.6.2/junit-jupiter-params-5.6.2.jar:/home/alex/.m2/repository/org/junit/vintage/junit-vintage-engine/5.6.2/junit-vintage-engine-5.6.2.jar:/home/alex/.m2/repository/org/apache/tez/tez-api/0.10.1/tez-api-0.10.1.jar:/usr/lib/jvm/java-8-openjdk-amd64/jre/../lib/tools.jar:/home/alex/.m2/repository/org/apache/tez/tez-runtime-library/0.10.1/tez-runtime-library-0.10.1.jar:/home/alex/.m2/repository/org/roaringbitmap/RoaringBitmap/0.5.21/RoaringBitmap-0.5.21.jar:/home/alex/.m2/repository/org/asynchttpclient/async-http-client/2.12.1/async-http-client-2.12.1.jar:/home/alex/.m2/repository/org/asynchttpclient/async-http-client-netty-utils/2.12.1/async-http-client-netty-utils-2.12.1.jar:/home/alex/.m2/repository/io/netty/netty-buffer/4.1.48.Final/netty-buffer-4.1.48.Final.jar:/home/alex/.m2/repository/io/netty/netty-codec-http/4.1.48.Final/netty-codec-http-4.1.48.Final.jar:/home/alex/.m2/repository/io/netty/netty-common/4.1.48.Final/netty-common-4.1.48.Final.jar:/home/alex/.m2/repository/io/netty/netty-transport/4.1.48.Final/netty-transport-4.1.48.Final.jar:/home/alex/.m2/repository/io/netty/netty-codec/4.1.48.Final/netty-codec-4.1.48.Final.jar:/home/alex/.m2/repository/io/netty/netty-handler/4.1.48.Final/netty-handler-4.1.48.Final.jar:/home/alex/.m2/repository/io/netty/netty-resolver/4.1.48.Final/netty-resolver-4.1.48.Final.jar:/home/alex/.m2/repository/io/netty/netty-codec-socks/4.1.48.Final/netty-codec-socks-4.1.48.Final.jar:/home/alex/.m2/repository/io/netty/netty-handler-proxy/4.1.48.Final/netty-handler-proxy-4.1.48.Final.jar:/home/alex/.m2/repository/io/netty/netty-transport-native-epoll/4.1.48.Final/netty-transport-native-epoll-4.1.48.Final-linux-x86_64.jar:/home/alex/.m2/repository/io/netty/netty-transport-native-unix-common/4.1.48.Final/netty-transport-native-unix-common-4.1.48.Final.jar:/home/alex/.m2/repository/io/netty/netty-transport-native-kqueue/4.1.48.Final/netty-transport-native-kqueue-4.1.48.Final-osx-x86_64.jar:/home/alex/.m2/repository/org/reactivestreams/reactive-streams/1.0.3/reactive-streams-1.0.3.jar:/home/alex/.m2/repository/com/typesafe/netty/netty-reactive-streams/2.0.4/netty-reactive-streams-2.0.4.jar:/home/alex/.m2/repository/com/sun/activation/javax.activation/1.2.0/javax.activation-1.2.0.jar:/home/alex/.m2/repository/org/apache/tez/tez-common/0.10.1/tez-common-0.10.1.jar:/home/alex/.m2/repository/org/apache/tez/tez-runtime-internals/0.10.1/tez-runtime-internals-0.10.1.jar:/home/alex/.m2/repository/org/apache/tez/hadoop-shim/0.10.1/hadoop-shim-0.10.1.jar:/home/alex/.m2/repository/org/apache/tez/tez-mapreduce/0.10.1/tez-mapreduce-0.10.1.jar:/home/alex/.m2/repository/org/apache/tez/tez-dag/0.10.1/tez-dag-0.10.1.jar:/home/alex/.m2/repository/org/apache/hadoop/hadoop-yarn-server-web-proxy/3.1.0/hadoop-yarn-server-web-proxy-3.1.0.jar:/home/alex/.m2/repository/org/apache/hadoop/hadoop-yarn-server-common/3.1.0/hadoop-yarn-server-common-3.1.0.jar:/home/alex/.m2/repository/org/apache/geronimo/specs/geronimo-jcache_1.0_spec/1.0-alpha-1/geronimo-jcache_1.0_spec-1.0-alpha-1.jar:/home/alex/.m2/repository/org/ehcache/ehcache/3.3.1/ehcache-3.3.1.jar:/home/alex/.m2/repository/com/zaxxer/HikariCP-java7/2.4.12/HikariCP-java7-2.4.12.jar:/home/alex/.m2/repository/org/apache/spark/spark-core_2.12/2.4.5/spark-core_2.12-2.4.5.jar:/home/alex/.m2/repository/com/twitter/chill_2.12/0.9.3/chill_2.12-0.9.3.jar:/home/alex/.m2/repository/com/twitter/chill-java/0.9.3/chill-java-0.9.3.jar:/home/alex/.m2/repository/org/apache/xbean/xbean-asm6-shaded/4.8/xbean-asm6-shaded-4.8.jar:/home/alex/.m2/repository/org/apache/hadoop/hadoop-client/3.1.0/hadoop-client-3.1.0.jar:/home/alex/.m2/repository/org/apache/hadoop/hadoop-mapreduce-client-jobclient/3.1.0/hadoop-mapreduce-client-jobclient-3.1.0.jar:/home/alex/.m2/repository/org/apache/spark/spark-launcher_2.12/2.4.5/spark-launcher_2.12-2.4.5.jar:/home/alex/.m2/repository/org/apache/spark/spark-kvstore_2.12/2.4.5/spark-kvstore_2.12-2.4.5.jar:/home/alex/.m2/repository/org/apache/spark/spark-network-common_2.12/2.4.5/spark-network-common_2.12-2.4.5.jar:/home/alex/.m2/repository/org/apache/spark/spark-network-shuffle_2.12/2.4.5/spark-network-shuffle_2.12-2.4.5.jar:/home/alex/.m2/repository/org/apache/spark/spark-unsafe_2.12/2.4.5/spark-unsafe_2.12-2.4.5.jar:/home/alex/.m2/repository/javax/activation/activation/1.1.1/activation-1.1.1.jar:/home/alex/.m2/repository/org/slf4j/jul-to-slf4j/1.7.16/jul-to-slf4j-1.7.16.jar:/home/alex/.m2/repository/org/slf4j/jcl-over-slf4j/1.7.16/jcl-over-slf4j-1.7.16.jar:/home/alex/.m2/repository/com/ning/compress-lzf/1.0.3/compress-lzf-1.0.3.jar:/home/alex/.m2/repository/org/lz4/lz4-java/1.4.0/lz4-java-1.4.0.jar:/home/alex/.m2/repository/com/github/luben/zstd-jni/1.3.2-2/zstd-jni-1.3.2-2.jar:/home/alex/.m2/repository/org/scala-lang/scala-library/2.12.10/scala-library-2.12.10.jar:/home/alex/.m2/repository/org/json4s/json4s-jackson_2.12/3.5.3/json4s-jackson_2.12-3.5.3.jar:/home/alex/.m2/repository/org/json4s/json4s-core_2.12/3.5.3/json4s-core_2.12-3.5.3.jar:/home/alex/.m2/repository/org/json4s/json4s-ast_2.12/3.5.3/json4s-ast_2.12-3.5.3.jar:/home/alex/.m2/repository/org/json4s/json4s-scalap_2.12/3.5.3/json4s-scalap_2.12-3.5.3.jar:/home/alex/.m2/repository/org/scala-lang/modules/scala-xml_2.12/1.0.6/scala-xml_2.12-1.0.6.jar:/home/alex/.m2/repository/com/clearspring/analytics/stream/2.7.0/stream-2.7.0.jar:/home/alex/.m2/repository/io/dropwizard/metrics/metrics-graphite/3.1.5/metrics-graphite-3.1.5.jar:/home/alex/.m2/repository/oro/oro/2.0.8/oro-2.0.8.jar:/home/alex/.m2/repository/net/razorvine/pyrolite/4.13/pyrolite-4.13.jar:/home/alex/.m2/repository/net/sf/py4j/py4j/0.10.7/py4j-0.10.7.jar:/home/alex/.m2/repository/org/apache/spark/spark-tags_2.12/2.4.5/spark-tags_2.12-2.4.5.jar:/home/alex/.m2/repository/org/spark-project/spark/unused/1.0.0/unused-1.0.0.jar:/home/alex/.m2/repository/com/sun/jersey/jersey-servlet/1.19/jersey-servlet-1.19.jar:/home/alex/.m2/repository/org/glassfish/jersey/core/jersey-server/2.22.2/jersey-server-2.22.2.jar:/home/alex/.m2/repository/org/glassfish/jersey/core/jersey-common/2.22.2/jersey-common-2.22.2.jar:/home/alex/.m2/repository/org/glassfish/jersey/bundles/repackaged/jersey-guava/2.22.2/jersey-guava-2.22.2.jar:/home/alex/.m2/repository/org/glassfish/hk2/osgi-resource-locator/1.0.1/osgi-resource-locator-1.0.1.jar:/home/alex/.m2/repository/org/glassfish/jersey/core/jersey-client/2.22.2/jersey-client-2.22.2.jar:/home/alex/.m2/repository/javax/ws/rs/javax.ws.rs-api/2.0.1/javax.ws.rs-api-2.0.1.jar:/home/alex/.m2/repository/org/glassfish/jersey/media/jersey-media-jaxb/2.22.2/jersey-media-jaxb-2.22.2.jar:/home/alex/.m2/repository/org/glassfish/hk2/hk2-api/2.4.0-b34/hk2-api-2.4.0-b34.jar:/home/alex/.m2/repository/org/glassfish/hk2/hk2-utils/2.4.0-b34/hk2-utils-2.4.0-b34.jar:/home/alex/.m2/repository/org/glassfish/hk2/external/aopalliance-repackaged/2.4.0-b34/aopalliance-repackaged-2.4.0-b34.jar:/home/alex/.m2/repository/org/glassfish/hk2/external/javax.inject/2.4.0-b34/javax.inject-2.4.0-b34.jar:/home/alex/.m2/repository/org/glassfish/hk2/hk2-locator/2.4.0-b34/hk2-locator-2.4.0-b34.jar:/home/alex/.m2/repository/javax/validation/validation-api/1.1.0.Final/validation-api-1.1.0.Final.jar:/home/alex/.m2/repository/org/glassfish/jersey/containers/jersey-container-servlet-core/2.22.2/jersey-container-servlet-core-2.22.2.jar:/home/alex/.m2/repository/org/hamcrest/hamcrest-all/1.3/hamcrest-all-1.3.jar:/home/alex/.m2/repository/org/powermock/powermock-module-junit4/2.0.2/powermock-module-junit4-2.0.2.jar:/home/alex/.m2/repository/org/powermock/powermock-module-junit4-common/2.0.2/powermock-module-junit4-common-2.0.2.jar:/home/alex/.m2/repository/org/powermock/powermock-reflect/2.0.2/powermock-reflect-2.0.2.jar:/home/alex/.m2/repository/org/powermock/powermock-core/2.0.2/powermock-core-2.0.2.jar:/home/alex/.m2/repository/org/powermock/powermock-api-mockito2/2.0.2/powermock-api-mockito2-2.0.2.jar:/home/alex/.m2/repository/org/powermock/powermock-api-support/2.0.2/powermock-api-support-2.0.2.jar:/home/alex/.m2/repository/com/google/guava/guava-testlib/19.0/guava-testlib-19.0.jar:/home/alex/.m2/repository/com/google/errorprone/error_prone_annotations/2.0.2/error_prone_annotations-2.0.2.jar:/home/alex/.m2/repository/com/google/re2j/re2j/1.2/re2j-1.2.jar:/home/alex/.m2/repository/org/reflections/reflections/0.9.10/reflections-0.9.10.jar:/home/alex/.m2/repository/org/javassist/javassist/3.19.0-GA/javassist-3.19.0-GA.jar:/home/alex/.m2/repository/com/jayway/jsonpath/json-path/2.4.0/json-path-2.4.0.jar:/home/alex/.m2/repository/net/minidev/json-smart/2.3/json-smart-2.3.jar:/home/alex/.m2/repository/net/minidev/accessors-smart/1.2/accessors-smart-1.2.jar:/home/alex/.m2/repository/org/ow2/asm/asm/5.0.4/asm-5.0.4.jar:/home/alex/.m2/repository/org/codehaus/janino/commons-compiler/3.0.11/commons-compiler-3.0.11.jar:/home/alex/.m2/repository/org/codehaus/janino/janino/3.0.11/janino-3.0.11.jar:/home/alex/.m2/repository/com/sun/jersey/contribs/jersey-multipart/1.19/jersey-multipart-1.19.jar:/home/alex/.m2/repository/org/jvnet/mimepull/mimepull/1.9.3/mimepull-1.9.3.jar:/home/alex/.m2/repository/org/apache/kafka/kafka-clients/2.5.0/kafka-clients-2.5.0.jar:/home/alex/.m2/repository/org/slf4j/slf4j-api/1.7.30/slf4j-api-1.7.30.jar:/home/alex/.m2/repository/org/mockito/mockito-core/3.4.4/mockito-core-3.4.4.jar:/home/alex/.m2/repository/net/bytebuddy/byte-buddy/1.10.13/byte-buddy-1.10.13.jar:/home/alex/.m2/repository/net/bytebuddy/byte-buddy-agent/1.10.13/byte-buddy-agent-1.10.13.jar:/home/alex/Repositories/hive/ql/target/testconf:/home/alex/Repositories/hive/ql/../conf:"/>
    <property name="java.vm.vendor" value="Private Build"/>
    <property name="hadoop.version" value="3.1.0"/>
    <property name="user.timezone" value="US/Pacific"/>
    <property name="test.local.warehouse.dir" value="pfile:///home/alex/Repositories/hive/ql/target/localfs/warehouse"/>
    <property name="java.vm.specification.version" value="1.8"/>
    <property name="os.name" value="Linux"/>
    <property name="clustermode" value=""/>
    <property name="test.build.data" value="/home/alex/Repositories/hive/ql/target/tmp"/>
    <property name="user.country" value="US"/>
    <property name="sun.java.launcher" value="SUN_STANDARD"/>
    <property name="test.data.files" value="/home/alex/Repositories/hive/ql/../data/files"/>
    <property name="nondexLogging" value="CONFIG"/>
    <property name="surefire.test.class.path" value="/home/alex/Repositories/hive/ql/target/test-classes:/home/alex/Repositories/hive/ql/target/classes:/home/alex/.m2/repository/org/apache/atlas/atlas-client-v2/2.1.0/atlas-client-v2-2.1.0.jar:/home/alex/.m2/repository/cglib/cglib/2.2.2/cglib-2.2.2.jar:/home/alex/.m2/repository/asm/asm/3.3.1/asm-3.3.1.jar:/home/alex/.m2/repository/org/apache/atlas/atlas-client-common/2.1.0/atlas-client-common-2.1.0.jar:/home/alex/.m2/repository/org/apache/httpcomponents/httpclient/4.5.13/httpclient-4.5.13.jar:/home/alex/.m2/repository/com/sun/jersey/jersey-client/1.19/jersey-client-1.19.jar:/home/alex/.m2/repository/org/apache/atlas/atlas-intg/2.1.0/atlas-intg-2.1.0.jar:/home/alex/.m2/repository/commons-collections/commons-collections/3.2.2/commons-collections-3.2.2.jar:/home/alex/.m2/repository/commons-validator/commons-validator/1.6/commons-validator-1.6.jar:/home/alex/.m2/repository/commons-digester/commons-digester/1.8.1/commons-digester-1.8.1.jar:/home/alex/.m2/repository/com/fasterxml/jackson/jaxrs/jackson-jaxrs-base/2.12.0/jackson-jaxrs-base-2.12.0.jar:/home/alex/.m2/repository/com/fasterxml/jackson/jaxrs/jackson-jaxrs-json-provider/2.12.0/jackson-jaxrs-json-provider-2.12.0.jar:/home/alex/.m2/repository/javax/inject/javax.inject/1/javax.inject-1.jar:/home/alex/.m2/repository/org/springframework/spring-context/4.3.20.RELEASE/spring-context-4.3.20.RELEASE.jar:/home/alex/.m2/repository/org/springframework/spring-aop/4.3.20.RELEASE/spring-aop-4.3.20.RELEASE.jar:/home/alex/.m2/repository/org/springframework/spring-beans/4.3.20.RELEASE/spring-beans-4.3.20.RELEASE.jar:/home/alex/.m2/repository/org/springframework/spring-core/4.3.20.RELEASE/spring-core-4.3.20.RELEASE.jar:/home/alex/.m2/repository/org/springframework/spring-expression/4.3.20.RELEASE/spring-expression-4.3.20.RELEASE.jar:/home/alex/.m2/repository/commons-configuration/commons-configuration/1.10/commons-configuration-1.10.jar:/home/alex/.m2/repository/commons-lang/commons-lang/2.6/commons-lang-2.6.jar:/home/alex/.m2/repository/commons-logging/commons-logging/1.1.1/commons-logging-1.1.1.jar:/home/alex/.m2/repository/org/apache/commons/commons-math3/3.6.1/commons-math3-3.6.1.jar:/home/alex/Repositories/hive/vector-code-gen/target/classes:/home/alex/.m2/repository/org/apache/velocity/velocity/1.5/velocity-1.5.jar:/home/alex/Repositories/hive/common/target/classes:/home/alex/Repositories/hive/classification/target/classes:/home/alex/Repositories/hive/standalone-metastore/metastore-common/target/classes:/home/alex/.m2/repository/commons-cli/commons-cli/1.4/commons-cli-1.4.jar:/home/alex/.m2/repository/org/apache/orc/orc-core/1.6.9/orc-core-1.6.9.jar:/home/alex/.m2/repository/org/apache/orc/orc-shims/1.6.9/orc-shims-1.6.9.jar:/home/alex/.m2/repository/io/airlift/aircompressor/0.19/aircompressor-0.19.jar:/home/alex/.m2/repository/org/jetbrains/annotations/17.0.0/annotations-17.0.0.jar:/home/alex/.m2/repository/org/threeten/threeten-extra/1.5.0/threeten-extra-1.5.0.jar:/home/alex/.m2/repository/jline/jline/2.14.6/jline-2.14.6.jar:/home/alex/.m2/repository/javax/servlet/javax.servlet-api/3.1.0/javax.servlet-api-3.1.0.jar:/home/alex/.m2/repository/org/eclipse/jetty/jetty-http/9.3.27.v20190418/jetty-http-9.3.27.v20190418.jar:/home/alex/.m2/repository/org/eclipse/jetty/jetty-rewrite/9.3.27.v20190418/jetty-rewrite-9.3.27.v20190418.jar:/home/alex/.m2/repository/org/eclipse/jetty/jetty-client/9.3.27.v20190418/jetty-client-9.3.27.v20190418.jar:/home/alex/.m2/repository/org/eclipse/jetty/jetty-server/9.3.27.v20190418/jetty-server-9.3.27.v20190418.jar:/home/alex/.m2/repository/org/eclipse/jetty/jetty-io/9.3.27.v20190418/jetty-io-9.3.27.v20190418.jar:/home/alex/.m2/repository/org/eclipse/jetty/jetty-servlet/9.3.27.v20190418/jetty-servlet-9.3.27.v20190418.jar:/home/alex/.m2/repository/org/eclipse/jetty/jetty-security/9.3.27.v20190418/jetty-security-9.3.27.v20190418.jar:/home/alex/.m2/repository/org/eclipse/jetty/jetty-webapp/9.3.27.v20190418/jetty-webapp-9.3.27.v20190418.jar:/home/alex/.m2/repository/org/eclipse/jetty/jetty-xml/9.3.27.v20190418/jetty-xml-9.3.27.v20190418.jar:/home/alex/.m2/repository/joda-time/joda-time/2.9.9/joda-time-2.9.9.jar:/home/alex/.m2/repository/org/apache/logging/log4j/log4j-web/2.13.2/log4j-web-2.13.2.jar:/home/alex/.m2/repository/net/sf/jpam/jpam/1.1/jpam-1.1.jar:/home/alex/.m2/repository/io/dropwizard/metrics/metrics-core/3.1.0/metrics-core-3.1.0.jar:/home/alex/.m2/repository/io/dropwizard/metrics/metrics-jvm/3.1.0/metrics-jvm-3.1.0.jar:/home/alex/.m2/repository/io/dropwizard/metrics/metrics-json/3.1.0/metrics-json-3.1.0.jar:/home/alex/.m2/repository/com/github/joshelser/dropwizard-metrics-hadoop-metrics2-reporter/0.1.2/dropwizard-metrics-hadoop-metrics2-reporter-0.1.2.jar:/home/alex/Repositories/hive/metastore/target/classes:/home/alex/.m2/repository/org/apache/derby/derby/10.14.1.0/derby-10.14.1.0.jar:/home/alex/Repositories/hive/serde/target/classes:/home/alex/.m2/repository/com/google/code/findbugs/jsr305/3.0.0/jsr305-3.0.0.jar:/home/alex/.m2/repository/org/apache/arrow/arrow-vector/0.15.1/arrow-vector-0.15.1.jar:/home/alex/.m2/repository/org/apache/arrow/arrow-format/0.15.1/arrow-format-0.15.1.jar:/home/alex/.m2/repository/org/apache/arrow/arrow-memory/0.15.1/arrow-memory-0.15.1.jar:/home/alex/.m2/repository/com/google/flatbuffers/flatbuffers-java/1.9.0/flatbuffers-java-1.9.0.jar:/home/alex/.m2/repository/com/carrotsearch/hppc/0.7.2/hppc-0.7.2.jar:/home/alex/.m2/repository/com/github/davidmoten/flatbuffers-java/1.6.0.1/flatbuffers-java-1.6.0.1.jar:/home/alex/Repositories/hive/parser/target/classes:/home/alex/Repositories/hive/udf/target/classes:/home/alex/Repositories/hive/service-rpc/target/classes:/home/alex/Repositories/hive/llap-client/target/classes:/home/alex/Repositories/hive/llap-common/target/classes:/home/alex/.m2/repository/io/jsonwebtoken/jjwt-api/0.10.5/jjwt-api-0.10.5.jar:/home/alex/.m2/repository/io/jsonwebtoken/jjwt-impl/0.10.5/jjwt-impl-0.10.5.jar:/home/alex/.m2/repository/io/jsonwebtoken/jjwt-jackson/0.10.5/jjwt-jackson-0.10.5.jar:/home/alex/Repositories/hive/llap-tez/target/classes:/home/alex/Repositories/hive/shims/aggregator/target/classes:/home/alex/Repositories/hive/shims/common/target/classes:/home/alex/Repositories/hive/shims/0.23/target/classes:/home/alex/.m2/repository/org/apache/hadoop/hadoop-yarn-server-resourcemanager/3.1.0/hadoop-yarn-server-resourcemanager-3.1.0.jar:/home/alex/.m2/repository/org/apache/hadoop/hadoop-yarn-server-applicationhistoryservice/3.1.0/hadoop-yarn-server-applicationhistoryservice-3.1.0.jar:/home/alex/.m2/repository/de/ruedigermoeller/fst/2.50/fst-2.50.jar:/home/alex/.m2/repository/com/cedarsoftware/java-util/1.9.0/java-util-1.9.0.jar:/home/alex/.m2/repository/com/cedarsoftware/json-io/2.5.1/json-io-2.5.1.jar:/home/alex/Repositories/hive/shims/scheduler/target/classes:/home/alex/Repositories/hive/spark-client/target/classes:/home/alex/.m2/repository/io/netty/netty-all/4.1.65.Final/netty-all-4.1.65.Final.jar:/home/alex/.m2/repository/com/fasterxml/jackson/module/jackson-module-scala_2.12/2.12.0/jackson-module-scala_2.12-2.12.0.jar:/home/alex/.m2/repository/org/apache/spark/spark-yarn_2.12/2.4.5/spark-yarn_2.12-2.4.5.jar:/home/alex/Repositories/hive/storage-api/target/classes:/home/alex/.m2/repository/com/amazonaws/aws-java-sdk-bundle/1.11.901/aws-java-sdk-bundle-1.11.901.jar:/home/alex/.m2/repository/com/amazonaws/secretsmanager/aws-secretsmanager-caching-java/1.0.1/aws-secretsmanager-caching-java-1.0.1.jar:/home/alex/.m2/repository/com/esotericsoftware/kryo/5.0.3/kryo-5.0.3.jar:/home/alex/.m2/repository/org/objenesis/objenesis/3.1/objenesis-3.1.jar:/home/alex/.m2/repository/com/esotericsoftware/minlog/1.3.1/minlog-1.3.1.jar:/home/alex/.m2/repository/com/esotericsoftware/reflectasm/1.11.9/reflectasm-1.11.9.jar:/home/alex/.m2/repository/com/google/protobuf/protobuf-java/2.5.0/protobuf-java-2.5.0.jar:/home/alex/.m2/repository/org/apache/hbase/hbase-common/2.0.0-alpha4/hbase-common-2.0.0-alpha4.jar:/home/alex/.m2/repository/org/apache/hbase/thirdparty/hbase-shaded-miscellaneous/1.0.1/hbase-shaded-miscellaneous-1.0.1.jar:/home/alex/.m2/repository/org/apache/htrace/htrace-core/3.2.0-incubating/htrace-core-3.2.0-incubating.jar:/home/alex/.m2/repository/org/apache/commons/commons-crypto/1.0.0/commons-crypto-1.0.0.jar:/home/alex/.m2/repository/com/github/stephenc/findbugs/findbugs-annotations/1.3.9-1/findbugs-annotations-1.3.9-1.jar:/home/alex/.m2/repository/log4j/log4j/1.2.17/log4j-1.2.17.jar:/home/alex/.m2/repository/org/apache/yetus/audience-annotations/0.5.0/audience-annotations-0.5.0.jar:/home/alex/.m2/repository/org/apache/parquet/parquet-hadoop-bundle/1.11.1/parquet-hadoop-bundle-1.11.1.jar:/home/alex/.m2/repository/commons-codec/commons-codec/1.15/commons-codec-1.15.jar:/home/alex/.m2/repository/commons-io/commons-io/2.6/commons-io-2.6.jar:/home/alex/.m2/repository/org/apache/commons/commons-collections4/4.1/commons-collections4-4.1.jar:/home/alex/.m2/repository/org/apache/commons/commons-lang3/3.9/commons-lang3-3.9.jar:/home/alex/.m2/repository/org/apache/commons/commons-text/1.8/commons-text-1.8.jar:/home/alex/.m2/repository/javolution/javolution/5.5.1/javolution-5.5.1.jar:/home/alex/.m2/repository/org/apache/logging/log4j/log4j-1.2-api/2.13.2/log4j-1.2-api-2.13.2.jar:/home/alex/.m2/repository/org/apache/logging/log4j/log4j-api/2.13.2/log4j-api-2.13.2.jar:/home/alex/.m2/repository/org/apache/logging/log4j/log4j-core/2.13.2/log4j-core-2.13.2.jar:/home/alex/.m2/repository/org/apache/logging/log4j/log4j-slf4j-impl/2.13.2/log4j-slf4j-impl-2.13.2.jar:/home/alex/.m2/repository/org/antlr/antlr-runtime/3.5.2/antlr-runtime-3.5.2.jar:/home/alex/.m2/repository/org/antlr/ST4/4.0.4/ST4-4.0.4.jar:/home/alex/.m2/repository/org/apache/avro/avro/1.8.2/avro-1.8.2.jar:/home/alex/.m2/repository/org/codehaus/jackson/jackson-core-asl/1.9.13/jackson-core-asl-1.9.13.jar:/home/alex/.m2/repository/org/codehaus/jackson/jackson-mapper-asl/1.9.13/jackson-mapper-asl-1.9.13.jar:/home/alex/.m2/repository/com/thoughtworks/paranamer/paranamer/2.8/paranamer-2.8.jar:/home/alex/.m2/repository/org/xerial/snappy/snappy-java/1.1.4/snappy-java-1.1.4.jar:/home/alex/.m2/repository/org/tukaani/xz/1.5/xz-1.5.jar:/home/alex/.m2/repository/org/apache/avro/avro-mapred/1.8.2/avro-mapred-1.8.2-hadoop2.jar:/home/alex/.m2/repository/org/apache/avro/avro-ipc/1.8.2/avro-ipc-1.8.2.jar:/home/alex/.m2/repository/org/mortbay/jetty/jetty/6.1.26/jetty-6.1.26.jar:/home/alex/.m2/repository/org/apache/ant/ant/1.9.1/ant-1.9.1.jar:/home/alex/.m2/repository/org/apache/ant/ant-launcher/1.9.1/ant-launcher-1.9.1.jar:/home/alex/.m2/repository/org/apache/commons/commons-compress/1.21/commons-compress-1.21.jar:/home/alex/.m2/repository/org/apache/thrift/libfb303/0.9.3/libfb303-0.9.3.jar:/home/alex/.m2/repository/org/apache/hadoop/hadoop-common/3.1.0/hadoop-common-3.1.0.jar:/home/alex/.m2/repository/org/apache/hadoop/hadoop-annotations/3.1.0/hadoop-annotations-3.1.0.jar:/home/alex/.m2/repository/commons-net/commons-net/3.6/commons-net-3.6.jar:/home/alex/.m2/repository/org/eclipse/jetty/jetty-util/9.3.27.v20190418/jetty-util-9.3.27.v20190418.jar:/home/alex/.m2/repository/javax/servlet/jsp/jsp-api/2.1/jsp-api-2.1.jar:/home/alex/.m2/repository/com/sun/jersey/jersey-core/1.19/jersey-core-1.19.jar:/home/alex/.m2/repository/javax/ws/rs/jsr311-api/1.1.1/jsr311-api-1.1.1.jar:/home/alex/.m2/repository/com/sun/jersey/jersey-json/1.19/jersey-json-1.19.jar:/home/alex/.m2/repository/com/sun/xml/bind/jaxb-impl/2.2.3-1/jaxb-impl-2.2.3-1.jar:/home/alex/.m2/repository/org/codehaus/jackson/jackson-jaxrs/1.9.2/jackson-jaxrs-1.9.2.jar:/home/alex/.m2/repository/org/codehaus/jackson/jackson-xc/1.9.2/jackson-xc-1.9.2.jar:/home/alex/.m2/repository/com/sun/jersey/jersey-server/1.19/jersey-server-1.19.jar:/home/alex/.m2/repository/org/apache/commons/commons-configuration2/2.1.1/commons-configuration2-2.1.1.jar:/home/alex/.m2/repository/org/apache/hadoop/hadoop-auth/3.1.0/hadoop-auth-3.1.0.jar:/home/alex/.m2/repository/com/nimbusds/nimbus-jose-jwt/4.41.1/nimbus-jose-jwt-4.41.1.jar:/home/alex/.m2/repository/com/github/stephenc/jcip/jcip-annotations/1.0-1/jcip-annotations-1.0-1.jar:/home/alex/.m2/repository/com/jcraft/jsch/0.1.54/jsch-0.1.54.jar:/home/alex/.m2/repository/org/apache/htrace/htrace-core4/4.1.0-incubating/htrace-core4-4.1.0-incubating.jar:/home/alex/.m2/repository/org/apache/kerby/kerb-simplekdc/1.0.1/kerb-simplekdc-1.0.1.jar:/home/alex/.m2/repository/org/apache/kerby/kerb-client/1.0.1/kerb-client-1.0.1.jar:/home/alex/.m2/repository/org/apache/kerby/kerby-config/1.0.1/kerby-config-1.0.1.jar:/home/alex/.m2/repository/org/apache/kerby/kerb-core/1.0.1/kerb-core-1.0.1.jar:/home/alex/.m2/repository/org/apache/kerby/kerby-pkix/1.0.1/kerby-pkix-1.0.1.jar:/home/alex/.m2/repository/org/apache/kerby/kerby-asn1/1.0.1/kerby-asn1-1.0.1.jar:/home/alex/.m2/repository/org/apache/kerby/kerby-util/1.0.1/kerby-util-1.0.1.jar:/home/alex/.m2/repository/org/apache/kerby/kerb-common/1.0.1/kerb-common-1.0.1.jar:/home/alex/.m2/repository/org/apache/kerby/kerb-crypto/1.0.1/kerb-crypto-1.0.1.jar:/home/alex/.m2/repository/org/apache/kerby/kerb-util/1.0.1/kerb-util-1.0.1.jar:/home/alex/.m2/repository/org/apache/kerby/token-provider/1.0.1/token-provider-1.0.1.jar:/home/alex/.m2/repository/org/apache/kerby/kerb-admin/1.0.1/kerb-admin-1.0.1.jar:/home/alex/.m2/repository/org/apache/kerby/kerb-server/1.0.1/kerb-server-1.0.1.jar:/home/alex/.m2/repository/org/apache/kerby/kerb-identity/1.0.1/kerb-identity-1.0.1.jar:/home/alex/.m2/repository/org/apache/kerby/kerby-xdr/1.0.1/kerby-xdr-1.0.1.jar:/home/alex/.m2/repository/org/codehaus/woodstox/stax2-api/3.1.4/stax2-api-3.1.4.jar:/home/alex/.m2/repository/com/fasterxml/woodstox/woodstox-core/5.0.3/woodstox-core-5.0.3.jar:/home/alex/.m2/repository/org/apache/hadoop/hadoop-archives/3.1.0/hadoop-archives-3.1.0.jar:/home/alex/.m2/repository/org/apache/hadoop/hadoop-yarn-registry/3.1.0/hadoop-yarn-registry-3.1.0.jar:/home/alex/.m2/repository/org/apache/curator/curator-client/4.2.0/curator-client-4.2.0.jar:/home/alex/.m2/repository/org/apache/curator/curator-recipes/4.2.0/curator-recipes-4.2.0.jar:/home/alex/.m2/repository/commons-daemon/commons-daemon/1.0.13/commons-daemon-1.0.13.jar:/home/alex/.m2/repository/dnsjava/dnsjava/2.1.7/dnsjava-2.1.7.jar:/home/alex/.m2/repository/org/apache/hadoop/hadoop-mapreduce-client-core/3.1.0/hadoop-mapreduce-client-core-3.1.0.jar:/home/alex/.m2/repository/org/apache/hadoop/hadoop-hdfs-client/3.1.0/hadoop-hdfs-client-3.1.0.jar:/home/alex/.m2/repository/com/squareup/okhttp/okhttp/2.7.5/okhttp-2.7.5.jar:/home/alex/.m2/repository/com/squareup/okio/okio/1.6.0/okio-1.6.0.jar:/home/alex/.m2/repository/com/google/inject/extensions/guice-servlet/4.0/guice-servlet-4.0.jar:/home/alex/.m2/repository/org/apache/hadoop/hadoop-mapreduce-client-common/3.1.0/hadoop-mapreduce-client-common-3.1.0.jar:/home/alex/.m2/repository/org/apache/hadoop/hadoop-hdfs/3.1.0/hadoop-hdfs-3.1.0.jar:/home/alex/.m2/repository/org/eclipse/jetty/jetty-util-ajax/9.3.19.v20170502/jetty-util-ajax-9.3.19.v20170502.jar:/home/alex/.m2/repository/org/fusesource/leveldbjni/leveldbjni-all/1.8/leveldbjni-all-1.8.jar:/home/alex/.m2/repository/org/apache/hadoop/hadoop-yarn-api/3.1.0/hadoop-yarn-api-3.1.0.jar:/home/alex/.m2/repository/javax/xml/bind/jaxb-api/2.2.11/jaxb-api-2.2.11.jar:/home/alex/.m2/repository/org/apache/hadoop/hadoop-yarn-common/3.1.0/hadoop-yarn-common-3.1.0.jar:/home/alex/.m2/repository/com/google/inject/guice/4.0/guice-4.0.jar:/home/alex/.m2/repository/aopalliance/aopalliance/1.0/aopalliance-1.0.jar:/home/alex/.m2/repository/com/sun/jersey/contribs/jersey-guice/1.19/jersey-guice-1.19.jar:/home/alex/.m2/repository/com/fasterxml/jackson/module/jackson-module-jaxb-annotations/2.12.0/jackson-module-jaxb-annotations-2.12.0.jar:/home/alex/.m2/repository/jakarta/xml/bind/jakarta.xml.bind-api/2.3.2/jakarta.xml.bind-api-2.3.2.jar:/home/alex/.m2/repository/jakarta/activation/jakarta.activation-api/1.2.1/jakarta.activation-api-1.2.1.jar:/home/alex/.m2/repository/org/apache/hadoop/hadoop-yarn-client/3.1.0/hadoop-yarn-client-3.1.0.jar:/home/alex/.m2/repository/org/apache/orc/orc-tools/1.6.9/orc-tools-1.6.9.jar:/home/alex/.m2/repository/com/opencsv/opencsv/3.9/opencsv-3.9.jar:/home/alex/.m2/repository/org/codehaus/jettison/jettison/1.1/jettison-1.1.jar:/home/alex/.m2/repository/org/threeten/threetenbp/1.3.5/threetenbp-1.3.5.jar:/home/alex/.m2/repository/org/apache/ivy/ivy/2.4.0/ivy-2.4.0.jar:/home/alex/.m2/repository/org/apache/thrift/libthrift/0.14.1/libthrift-0.14.1.jar:/home/alex/.m2/repository/org/apache/httpcomponents/httpcore/4.4.13/httpcore-4.4.13.jar:/home/alex/.m2/repository/org/apache/tomcat/embed/tomcat-embed-core/8.5.46/tomcat-embed-core-8.5.46.jar:/home/alex/.m2/repository/org/apache/tomcat/tomcat-annotations-api/8.5.46/tomcat-annotations-api-8.5.46.jar:/home/alex/.m2/repository/javax/annotation/javax.annotation-api/1.3.2/javax.annotation-api-1.3.2.jar:/home/alex/.m2/repository/org/apache/zookeeper/zookeeper/3.5.5/zookeeper-3.5.5.jar:/home/alex/.m2/repository/org/apache/zookeeper/zookeeper-jute/3.5.5/zookeeper-jute-3.5.5.jar:/home/alex/.m2/repository/org/apache/curator/curator-framework/4.2.0/curator-framework-4.2.0.jar:/home/alex/.m2/repository/org/apache/curator/curator-test/4.2.0/curator-test-4.2.0.jar:/home/alex/.m2/repository/org/apache/datasketches/datasketches-hive/1.1.0-incubating/datasketches-hive-1.1.0-incubating.jar:/home/alex/.m2/repository/org/apache/datasketches/datasketches-java/1.3.0-incubating/datasketches-java-1.3.0-incubating.jar:/home/alex/.m2/repository/org/apache/datasketches/datasketches-memory/1.2.0-incubating/datasketches-memory-1.2.0-incubating.jar:/home/alex/.m2/repository/org/slf4j/slf4j-simple/1.7.27/slf4j-simple-1.7.27.jar:/home/alex/.m2/repository/com/lmax/disruptor/3.3.7/disruptor-3.3.7.jar:/home/alex/.m2/repository/org/codehaus/groovy/groovy-all/2.4.11/groovy-all-2.4.11.jar:/home/alex/.m2/repository/org/jodd/jodd-util/6.0.0/jodd-util-6.0.0.jar:/home/alex/.m2/repository/com/fasterxml/jackson/core/jackson-annotations/2.12.0/jackson-annotations-2.12.0.jar:/home/alex/.m2/repository/com/fasterxml/jackson/core/jackson-core/2.12.0/jackson-core-2.12.0.jar:/home/alex/.m2/repository/com/fasterxml/jackson/core/jackson-databind/2.12.0/jackson-databind-2.12.0.jar:/home/alex/.m2/repository/com/fasterxml/jackson/dataformat/jackson-dataformat-yaml/2.12.0/jackson-dataformat-yaml-2.12.0.jar:/home/alex/.m2/repository/org/yaml/snakeyaml/1.27/snakeyaml-1.27.jar:/home/alex/.m2/repository/org/datanucleus/datanucleus-core/5.2.4/datanucleus-core-5.2.4.jar:/home/alex/.m2/repository/org/apache/calcite/calcite-core/1.25.0/calcite-core-1.25.0.jar:/home/alex/.m2/repository/org/apache/calcite/calcite-linq4j/1.25.0/calcite-linq4j-1.25.0.jar:/home/alex/.m2/repository/org/apiguardian/apiguardian-api/1.1.0/apiguardian-api-1.1.0.jar:/home/alex/.m2/repository/com/esri/geometry/esri-geometry-api/2.2.0/esri-geometry-api-2.2.0.jar:/home/alex/.m2/repository/com/yahoo/datasketches/sketches-core/0.9.0/sketches-core-0.9.0.jar:/home/alex/.m2/repository/com/yahoo/datasketches/memory/0.9.0/memory-0.9.0.jar:/home/alex/.m2/repository/org/apache/commons/commons-dbcp2/2.7.0/commons-dbcp2-2.7.0.jar:/home/alex/.m2/repository/org/apache/commons/commons-pool2/2.7.0/commons-pool2-2.7.0.jar:/home/alex/.m2/repository/org/apache/calcite/calcite-druid/1.25.0/calcite-druid-1.25.0.jar:/home/alex/.m2/repository/org/apache/calcite/avatica/avatica/1.12.0/avatica-1.12.0.jar:/home/alex/.m2/repository/com/google/guava/guava/19.0/guava-19.0.jar:/home/alex/.m2/repository/com/googlecode/javaewah/JavaEWAH/0.3.2/JavaEWAH-0.3.2.jar:/home/alex/.m2/repository/com/google/code/gson/gson/2.2.4/gson-2.2.4.jar:/home/alex/.m2/repository/com/tdunning/json/1.8/json-1.8.jar:/home/alex/.m2/repository/stax/stax-api/1.0.1/stax-api-1.0.1.jar:/home/alex/.m2/repository/net/sf/opencsv/opencsv/2.3/opencsv-2.3.jar:/home/alex/Repositories/hive/standalone-metastore/metastore-server/target/classes:/home/alex/.m2/repository/com/zaxxer/HikariCP/2.6.1/HikariCP-2.6.1.jar:/home/alex/.m2/repository/commons-beanutils/commons-beanutils/1.9.4/commons-beanutils-1.9.4.jar:/home/alex/.m2/repository/org/datanucleus/datanucleus-api-jdo/5.2.4/datanucleus-api-jdo-5.2.4.jar:/home/alex/.m2/repository/org/datanucleus/datanucleus-rdbms/5.2.4/datanucleus-rdbms-5.2.4.jar:/home/alex/.m2/repository/org/datanucleus/javax.jdo/3.2.0-release/javax.jdo-3.2.0-release.jar:/home/alex/.m2/repository/javax/transaction/javax.transaction-api/1.3/javax.transaction-api-1.3.jar:/home/alex/.m2/repository/org/glassfish/corba/glassfish-corba-omgapi/4.2.2/glassfish-corba-omgapi-4.2.2.jar:/home/alex/.m2/repository/sqlline/sqlline/1.9.0/sqlline-1.9.0.jar:/home/alex/.m2/repository/org/jline/jline-terminal/3.12.1/jline-terminal-3.12.1.jar:/home/alex/.m2/repository/org/jline/jline-reader/3.12.1/jline-reader-3.12.1.jar:/home/alex/.m2/repository/org/jline/jline-terminal-jansi/3.12.1/jline-terminal-jansi-3.12.1.jar:/home/alex/.m2/repository/org/fusesource/jansi/jansi/1.18/jansi-1.18.jar:/home/alex/.m2/repository/org/jline/jline-terminal-jna/3.12.1/jline-terminal-jna-3.12.1.jar:/home/alex/.m2/repository/net/java/dev/jna/jna/5.3.1/jna-5.3.1.jar:/home/alex/.m2/repository/org/jline/jline-builtins/3.12.1/jline-builtins-3.12.1.jar:/home/alex/.m2/repository/org/jline/jline-style/3.12.1/jline-style-3.12.1.jar:/home/alex/.m2/repository/com/cronutils/cron-utils/9.1.3/cron-utils-9.1.3.jar:/home/alex/.m2/repository/org/glassfish/javax.el/3.0.0/javax.el-3.0.0.jar:/home/alex/.m2/repository/com/oracle/database/jdbc/ojdbc8/21.3.0.0/ojdbc8-21.3.0.0.jar:/home/alex/.m2/repository/mysql/mysql-connector-java/8.0.27/mysql-connector-java-8.0.27.jar:/home/alex/.m2/repository/com/microsoft/sqlserver/mssql-jdbc/6.2.1.jre8/mssql-jdbc-6.2.1.jre8.jar:/home/alex/.m2/repository/org/postgresql/postgresql/42.2.14/postgresql-42.2.14.jar:/home/alex/Repositories/hive/common/target/test-classes:/home/alex/Repositories/hive/standalone-metastore/metastore-common/target/test-classes:/home/alex/.m2/repository/com/github/ben-manes/caffeine/caffeine/2.8.4/caffeine-2.8.4.jar:/home/alex/.m2/repository/org/checkerframework/checker-qual/3.4.0/checker-qual-3.4.0.jar:/home/alex/Repositories/hive/standalone-metastore/metastore-server/target/test-classes:/home/alex/.m2/repository/org/apache/parquet/parquet-column/1.11.1/parquet-column-1.11.1-tests.jar:/home/alex/.m2/repository/org/apache/parquet/parquet-common/1.11.1/parquet-common-1.11.1.jar:/home/alex/.m2/repository/org/apache/parquet/parquet-format-structures/1.11.1/parquet-format-structures-1.11.1.jar:/home/alex/.m2/repository/org/apache/parquet/parquet-encoding/1.11.1/parquet-encoding-1.11.1.jar:/home/alex/.m2/repository/junit/junit/4.13/junit-4.13.jar:/home/alex/.m2/repository/org/hamcrest/hamcrest-core/1.3/hamcrest-core-1.3.jar:/home/alex/.m2/repository/org/junit/jupiter/junit-jupiter-engine/5.6.2/junit-jupiter-engine-5.6.2.jar:/home/alex/.m2/repository/org/junit/platform/junit-platform-engine/1.6.2/junit-platform-engine-1.6.2.jar:/home/alex/.m2/repository/org/opentest4j/opentest4j/1.2.0/opentest4j-1.2.0.jar:/home/alex/.m2/repository/org/junit/platform/junit-platform-commons/1.6.2/junit-platform-commons-1.6.2.jar:/home/alex/.m2/repository/org/junit/jupiter/junit-jupiter-api/5.6.2/junit-jupiter-api-5.6.2.jar:/home/alex/.m2/repository/org/junit/jupiter/junit-jupiter-params/5.6.2/junit-jupiter-params-5.6.2.jar:/home/alex/.m2/repository/org/junit/vintage/junit-vintage-engine/5.6.2/junit-vintage-engine-5.6.2.jar:/home/alex/.m2/repository/org/apache/tez/tez-api/0.10.1/tez-api-0.10.1.jar:/usr/lib/jvm/java-8-openjdk-amd64/jre/../lib/tools.jar:/home/alex/.m2/repository/org/apache/tez/tez-runtime-library/0.10.1/tez-runtime-library-0.10.1.jar:/home/alex/.m2/repository/org/roaringbitmap/RoaringBitmap/0.5.21/RoaringBitmap-0.5.21.jar:/home/alex/.m2/repository/org/asynchttpclient/async-http-client/2.12.1/async-http-client-2.12.1.jar:/home/alex/.m2/repository/org/asynchttpclient/async-http-client-netty-utils/2.12.1/async-http-client-netty-utils-2.12.1.jar:/home/alex/.m2/repository/io/netty/netty-buffer/4.1.48.Final/netty-buffer-4.1.48.Final.jar:/home/alex/.m2/repository/io/netty/netty-codec-http/4.1.48.Final/netty-codec-http-4.1.48.Final.jar:/home/alex/.m2/repository/io/netty/netty-common/4.1.48.Final/netty-common-4.1.48.Final.jar:/home/alex/.m2/repository/io/netty/netty-transport/4.1.48.Final/netty-transport-4.1.48.Final.jar:/home/alex/.m2/repository/io/netty/netty-codec/4.1.48.Final/netty-codec-4.1.48.Final.jar:/home/alex/.m2/repository/io/netty/netty-handler/4.1.48.Final/netty-handler-4.1.48.Final.jar:/home/alex/.m2/repository/io/netty/netty-resolver/4.1.48.Final/netty-resolver-4.1.48.Final.jar:/home/alex/.m2/repository/io/netty/netty-codec-socks/4.1.48.Final/netty-codec-socks-4.1.48.Final.jar:/home/alex/.m2/repository/io/netty/netty-handler-proxy/4.1.48.Final/netty-handler-proxy-4.1.48.Final.jar:/home/alex/.m2/repository/io/netty/netty-transport-native-epoll/4.1.48.Final/netty-transport-native-epoll-4.1.48.Final-linux-x86_64.jar:/home/alex/.m2/repository/io/netty/netty-transport-native-unix-common/4.1.48.Final/netty-transport-native-unix-common-4.1.48.Final.jar:/home/alex/.m2/repository/io/netty/netty-transport-native-kqueue/4.1.48.Final/netty-transport-native-kqueue-4.1.48.Final-osx-x86_64.jar:/home/alex/.m2/repository/org/reactivestreams/reactive-streams/1.0.3/reactive-streams-1.0.3.jar:/home/alex/.m2/repository/com/typesafe/netty/netty-reactive-streams/2.0.4/netty-reactive-streams-2.0.4.jar:/home/alex/.m2/repository/com/sun/activation/javax.activation/1.2.0/javax.activation-1.2.0.jar:/home/alex/.m2/repository/org/apache/tez/tez-common/0.10.1/tez-common-0.10.1.jar:/home/alex/.m2/repository/org/apache/tez/tez-runtime-internals/0.10.1/tez-runtime-internals-0.10.1.jar:/home/alex/.m2/repository/org/apache/tez/hadoop-shim/0.10.1/hadoop-shim-0.10.1.jar:/home/alex/.m2/repository/org/apache/tez/tez-mapreduce/0.10.1/tez-mapreduce-0.10.1.jar:/home/alex/.m2/repository/org/apache/tez/tez-dag/0.10.1/tez-dag-0.10.1.jar:/home/alex/.m2/repository/org/apache/hadoop/hadoop-yarn-server-web-proxy/3.1.0/hadoop-yarn-server-web-proxy-3.1.0.jar:/home/alex/.m2/repository/org/apache/hadoop/hadoop-yarn-server-common/3.1.0/hadoop-yarn-server-common-3.1.0.jar:/home/alex/.m2/repository/org/apache/geronimo/specs/geronimo-jcache_1.0_spec/1.0-alpha-1/geronimo-jcache_1.0_spec-1.0-alpha-1.jar:/home/alex/.m2/repository/org/ehcache/ehcache/3.3.1/ehcache-3.3.1.jar:/home/alex/.m2/repository/com/zaxxer/HikariCP-java7/2.4.12/HikariCP-java7-2.4.12.jar:/home/alex/.m2/repository/org/apache/spark/spark-core_2.12/2.4.5/spark-core_2.12-2.4.5.jar:/home/alex/.m2/repository/com/twitter/chill_2.12/0.9.3/chill_2.12-0.9.3.jar:/home/alex/.m2/repository/com/twitter/chill-java/0.9.3/chill-java-0.9.3.jar:/home/alex/.m2/repository/org/apache/xbean/xbean-asm6-shaded/4.8/xbean-asm6-shaded-4.8.jar:/home/alex/.m2/repository/org/apache/hadoop/hadoop-client/3.1.0/hadoop-client-3.1.0.jar:/home/alex/.m2/repository/org/apache/hadoop/hadoop-mapreduce-client-jobclient/3.1.0/hadoop-mapreduce-client-jobclient-3.1.0.jar:/home/alex/.m2/repository/org/apache/spark/spark-launcher_2.12/2.4.5/spark-launcher_2.12-2.4.5.jar:/home/alex/.m2/repository/org/apache/spark/spark-kvstore_2.12/2.4.5/spark-kvstore_2.12-2.4.5.jar:/home/alex/.m2/repository/org/apache/spark/spark-network-common_2.12/2.4.5/spark-network-common_2.12-2.4.5.jar:/home/alex/.m2/repository/org/apache/spark/spark-network-shuffle_2.12/2.4.5/spark-network-shuffle_2.12-2.4.5.jar:/home/alex/.m2/repository/org/apache/spark/spark-unsafe_2.12/2.4.5/spark-unsafe_2.12-2.4.5.jar:/home/alex/.m2/repository/javax/activation/activation/1.1.1/activation-1.1.1.jar:/home/alex/.m2/repository/org/slf4j/jul-to-slf4j/1.7.16/jul-to-slf4j-1.7.16.jar:/home/alex/.m2/repository/org/slf4j/jcl-over-slf4j/1.7.16/jcl-over-slf4j-1.7.16.jar:/home/alex/.m2/repository/com/ning/compress-lzf/1.0.3/compress-lzf-1.0.3.jar:/home/alex/.m2/repository/org/lz4/lz4-java/1.4.0/lz4-java-1.4.0.jar:/home/alex/.m2/repository/com/github/luben/zstd-jni/1.3.2-2/zstd-jni-1.3.2-2.jar:/home/alex/.m2/repository/org/scala-lang/scala-library/2.12.10/scala-library-2.12.10.jar:/home/alex/.m2/repository/org/json4s/json4s-jackson_2.12/3.5.3/json4s-jackson_2.12-3.5.3.jar:/home/alex/.m2/repository/org/json4s/json4s-core_2.12/3.5.3/json4s-core_2.12-3.5.3.jar:/home/alex/.m2/repository/org/json4s/json4s-ast_2.12/3.5.3/json4s-ast_2.12-3.5.3.jar:/home/alex/.m2/repository/org/json4s/json4s-scalap_2.12/3.5.3/json4s-scalap_2.12-3.5.3.jar:/home/alex/.m2/repository/org/scala-lang/modules/scala-xml_2.12/1.0.6/scala-xml_2.12-1.0.6.jar:/home/alex/.m2/repository/com/clearspring/analytics/stream/2.7.0/stream-2.7.0.jar:/home/alex/.m2/repository/io/dropwizard/metrics/metrics-graphite/3.1.5/metrics-graphite-3.1.5.jar:/home/alex/.m2/repository/oro/oro/2.0.8/oro-2.0.8.jar:/home/alex/.m2/repository/net/razorvine/pyrolite/4.13/pyrolite-4.13.jar:/home/alex/.m2/repository/net/sf/py4j/py4j/0.10.7/py4j-0.10.7.jar:/home/alex/.m2/repository/org/apache/spark/spark-tags_2.12/2.4.5/spark-tags_2.12-2.4.5.jar:/home/alex/.m2/repository/org/spark-project/spark/unused/1.0.0/unused-1.0.0.jar:/home/alex/.m2/repository/com/sun/jersey/jersey-servlet/1.19/jersey-servlet-1.19.jar:/home/alex/.m2/repository/org/glassfish/jersey/core/jersey-server/2.22.2/jersey-server-2.22.2.jar:/home/alex/.m2/repository/org/glassfish/jersey/core/jersey-common/2.22.2/jersey-common-2.22.2.jar:/home/alex/.m2/repository/org/glassfish/jersey/bundles/repackaged/jersey-guava/2.22.2/jersey-guava-2.22.2.jar:/home/alex/.m2/repository/org/glassfish/hk2/osgi-resource-locator/1.0.1/osgi-resource-locator-1.0.1.jar:/home/alex/.m2/repository/org/glassfish/jersey/core/jersey-client/2.22.2/jersey-client-2.22.2.jar:/home/alex/.m2/repository/javax/ws/rs/javax.ws.rs-api/2.0.1/javax.ws.rs-api-2.0.1.jar:/home/alex/.m2/repository/org/glassfish/jersey/media/jersey-media-jaxb/2.22.2/jersey-media-jaxb-2.22.2.jar:/home/alex/.m2/repository/org/glassfish/hk2/hk2-api/2.4.0-b34/hk2-api-2.4.0-b34.jar:/home/alex/.m2/repository/org/glassfish/hk2/hk2-utils/2.4.0-b34/hk2-utils-2.4.0-b34.jar:/home/alex/.m2/repository/org/glassfish/hk2/external/aopalliance-repackaged/2.4.0-b34/aopalliance-repackaged-2.4.0-b34.jar:/home/alex/.m2/repository/org/glassfish/hk2/external/javax.inject/2.4.0-b34/javax.inject-2.4.0-b34.jar:/home/alex/.m2/repository/org/glassfish/hk2/hk2-locator/2.4.0-b34/hk2-locator-2.4.0-b34.jar:/home/alex/.m2/repository/javax/validation/validation-api/1.1.0.Final/validation-api-1.1.0.Final.jar:/home/alex/.m2/repository/org/glassfish/jersey/containers/jersey-container-servlet-core/2.22.2/jersey-container-servlet-core-2.22.2.jar:/home/alex/.m2/repository/org/hamcrest/hamcrest-all/1.3/hamcrest-all-1.3.jar:/home/alex/.m2/repository/org/powermock/powermock-module-junit4/2.0.2/powermock-module-junit4-2.0.2.jar:/home/alex/.m2/repository/org/powermock/powermock-module-junit4-common/2.0.2/powermock-module-junit4-common-2.0.2.jar:/home/alex/.m2/repository/org/powermock/powermock-reflect/2.0.2/powermock-reflect-2.0.2.jar:/home/alex/.m2/repository/org/powermock/powermock-core/2.0.2/powermock-core-2.0.2.jar:/home/alex/.m2/repository/org/powermock/powermock-api-mockito2/2.0.2/powermock-api-mockito2-2.0.2.jar:/home/alex/.m2/repository/org/powermock/powermock-api-support/2.0.2/powermock-api-support-2.0.2.jar:/home/alex/.m2/repository/com/google/guava/guava-testlib/19.0/guava-testlib-19.0.jar:/home/alex/.m2/repository/com/google/errorprone/error_prone_annotations/2.0.2/error_prone_annotations-2.0.2.jar:/home/alex/.m2/repository/com/google/re2j/re2j/1.2/re2j-1.2.jar:/home/alex/.m2/repository/org/reflections/reflections/0.9.10/reflections-0.9.10.jar:/home/alex/.m2/repository/org/javassist/javassist/3.19.0-GA/javassist-3.19.0-GA.jar:/home/alex/.m2/repository/com/jayway/jsonpath/json-path/2.4.0/json-path-2.4.0.jar:/home/alex/.m2/repository/net/minidev/json-smart/2.3/json-smart-2.3.jar:/home/alex/.m2/repository/net/minidev/accessors-smart/1.2/accessors-smart-1.2.jar:/home/alex/.m2/repository/org/ow2/asm/asm/5.0.4/asm-5.0.4.jar:/home/alex/.m2/repository/org/codehaus/janino/commons-compiler/3.0.11/commons-compiler-3.0.11.jar:/home/alex/.m2/repository/org/codehaus/janino/janino/3.0.11/janino-3.0.11.jar:/home/alex/.m2/repository/com/sun/jersey/contribs/jersey-multipart/1.19/jersey-multipart-1.19.jar:/home/alex/.m2/repository/org/jvnet/mimepull/mimepull/1.9.3/mimepull-1.9.3.jar:/home/alex/.m2/repository/org/apache/kafka/kafka-clients/2.5.0/kafka-clients-2.5.0.jar:/home/alex/.m2/repository/org/slf4j/slf4j-api/1.7.30/slf4j-api-1.7.30.jar:/home/alex/.m2/repository/org/mockito/mockito-core/3.4.4/mockito-core-3.4.4.jar:/home/alex/.m2/repository/net/bytebuddy/byte-buddy/1.10.13/byte-buddy-1.10.13.jar:/home/alex/.m2/repository/net/bytebuddy/byte-buddy-agent/1.10.13/byte-buddy-agent-1.10.13.jar:/home/alex/Repositories/hive/ql/target/testconf:/home/alex/Repositories/hive/ql/../conf:"/>
    <property name="sun.cpu.endian" value="little"/>
    <property name="user.home" value="/home/alex"/>
    <property name="user.language" value="en"/>
    <property name="java.security.krb5.conf" value="/home/alex/Repositories/hive/ql/target/testconf/krb5.conf"/>
    <property name="test.dfs.mkdir" value=""/>
    <property name="java.awt.graphicsenv" value="sun.awt.X11GraphicsEnvironment"/>
    <property name="nondexFilter" value=".*"/>
    <property name="nondexSeed" value="974622"/>
    <property name="surefire.real.class.path" value="/home/alex/Repositories/hive/ql/target/surefire/surefirebooter3342669082924269941.jar"/>
    <property name="hadoop.log.dir" value="/home/alex/Repositories/hive/ql/target/tmp"/>
    <property name="java.net.preferIPv4Stack" value="true"/>
    <property name="path.separator" value=":"/>
    <property name="os.version" value="6.5.0-28-generic"/>
    <property name="java.endorsed.dirs" value="/usr/lib/jvm/java-8-openjdk-amd64/jre/lib/endorsed"/>
    <property name="java.runtime.name" value="OpenJDK Runtime Environment"/>
    <property name="hive.test.console.log.level" value="INFO"/>
    <property name="java.vm.name" value="OpenJDK 64-Bit Server VM"/>
    <property name="java.vendor.url.bug" value="http://bugreport.sun.com/bugreport/"/>
    <property name="maven.local.repository" value="/home/alex/.m2/repository"/>
    <property name="user.dir" value="/home/alex/Repositories/hive/ql"/>
    <property name="os.arch" value="amd64"/>
    <property name="nondexMode" value="FULL"/>
    <property name="user.language.format" value="pt"/>
    <property name="antlr.version" value="3.5.2"/>
    <property name="derby.version" value="10.14.1.0"/>
    <property name="java.vm.info" value="mixed mode"/>
    <property name="java.vm.version" value="25.402-b06"/>
    <property name="java.ext.dirs" value="/usr/lib/jvm/java-8-openjdk-amd64/jre/lib/ext:/usr/java/packages/lib/ext"/>
    <property name="java.class.version" value="52.0"/>
    <property name="test.output.overwrite" value=""/>
    <property name="hive.root" value="/home/alex/Repositories/hive/ql/../"/>
  </properties>
  <testcase name="testInsertFromUnion" classname="org.apache.hadoop.hive.ql.TestTxnNoBucketsVectorized" time="24.654"/>
  <testcase name="testCtasPartitioned" classname="org.apache.hadoop.hive.ql.TestTxnNoBucketsVectorized" time="3.691"/>
  <testcase name="testNoBucketsDP" classname="org.apache.hadoop.hive.ql.TestTxnNoBucketsVectorized" time="15.519">
    <error type="java.lang.RuntimeException"><![CDATA[java.lang.RuntimeException: update nobuckets set c2 = 17 where c2 in(0,3) failed: (responseCode = 40000, errorMessage = FAILED: NoMatchingMethodException No matching method for class org.apache.hadoop.hive.ql.udf.UDFToInteger with (struct<writeid:bigint,bucketid:int,rowid:bigint>). Possible choices: _FUNC_(bigint)  _FUNC_(boolean)  _FUNC_(decimal(38,18))  _FUNC_(double)  _FUNC_(float)  _FUNC_(smallint)  _FUNC_(string)  _FUNC_(struct<bucketid:bigint,writeid:int,rowid:bigint>)  _FUNC_(timestamp)  _FUNC_(tinyint)  _FUNC_(void)  , hiveErrorCode = 40000, SQLState = 42000, exception = No matching method for class org.apache.hadoop.hive.ql.udf.UDFToInteger with (struct<writeid:bigint,bucketid:int,rowid:bigint>). Possible choices: _FUNC_(bigint)  _FUNC_(boolean)  _FUNC_(decimal(38,18))  _FUNC_(double)  _FUNC_(float)  _FUNC_(smallint)  _FUNC_(string)  _FUNC_(struct<bucketid:bigint,writeid:int,rowid:bigint>)  _FUNC_(timestamp)  _FUNC_(tinyint)  _FUNC_(void)  )
	at org.apache.hadoop.hive.ql.TxnCommandsBaseForTests.runStatementOnDriver(TxnCommandsBaseForTests.java:247)
	at org.apache.hadoop.hive.ql.TestTxnNoBuckets.testNoBucketsDP(TestTxnNoBuckets.java:233)
	at sun.reflect.NativeMethodAccessorImpl.invoke0(Native Method)
	at sun.reflect.NativeMethodAccessorImpl.invoke(NativeMethodAccessorImpl.java:62)
	at sun.reflect.DelegatingMethodAccessorImpl.invoke(DelegatingMethodAccessorImpl.java:43)
	at java.lang.reflect.Method.invoke(Method.java:498)
	at org.junit.runners.model.FrameworkMethod$1.runReflectiveCall(FrameworkMethod.java:59)
	at org.junit.internal.runners.model.ReflectiveCallable.run(ReflectiveCallable.java:12)
	at org.junit.runners.model.FrameworkMethod.invokeExplosively(FrameworkMethod.java:56)
	at org.junit.internal.runners.statements.InvokeMethod.evaluate(InvokeMethod.java:17)
	at org.junit.internal.runners.statements.RunBefores.evaluate(RunBefores.java:26)
	at org.junit.internal.runners.statements.RunAfters.evaluate(RunAfters.java:27)
	at org.junit.rules.TestWatcher$1.evaluate(TestWatcher.java:61)
	at org.junit.runners.ParentRunner$3.evaluate(ParentRunner.java:306)
	at org.junit.runners.BlockJUnit4ClassRunner$1.evaluate(BlockJUnit4ClassRunner.java:100)
	at org.junit.runners.ParentRunner.runLeaf(ParentRunner.java:366)
	at org.junit.runners.BlockJUnit4ClassRunner.runChild(BlockJUnit4ClassRunner.java:103)
	at org.junit.runners.BlockJUnit4ClassRunner.runChild(BlockJUnit4ClassRunner.java:63)
	at org.junit.runners.ParentRunner$4.run(ParentRunner.java:331)
	at org.junit.runners.ParentRunner$1.schedule(ParentRunner.java:79)
	at org.junit.runners.ParentRunner.runChildren(ParentRunner.java:329)
	at org.junit.runners.ParentRunner.access$100(ParentRunner.java:66)
	at org.junit.runners.ParentRunner$2.evaluate(ParentRunner.java:293)
	at org.junit.runners.ParentRunner$3.evaluate(ParentRunner.java:306)
	at org.junit.runners.ParentRunner.run(ParentRunner.java:413)
	at org.junit.runner.JUnitCore.run(JUnitCore.java:137)
	at org.junit.runner.JUnitCore.run(JUnitCore.java:115)
	at org.junit.vintage.engine.execution.RunnerExecutor.execute(RunnerExecutor.java:43)
	at java.util.stream.ForEachOps$ForEachOp$OfRef.accept(ForEachOps.java:183)
	at java.util.stream.ReferencePipeline$3$1.accept(ReferencePipeline.java:193)
	at java.util.Iterator.forEachRemaining(Iterator.java:116)
	at java.util.Spliterators$IteratorSpliterator.forEachRemaining(Spliterators.java:1801)
	at java.util.stream.AbstractPipeline.copyInto(AbstractPipeline.java:482)
	at java.util.stream.AbstractPipeline.wrapAndCopyInto(AbstractPipeline.java:472)
	at java.util.stream.ForEachOps$ForEachOp.evaluateSequential(ForEachOps.java:150)
	at java.util.stream.ForEachOps$ForEachOp$OfRef.evaluateSequential(ForEachOps.java:173)
	at java.util.stream.AbstractPipeline.evaluate(AbstractPipeline.java:234)
	at java.util.stream.ReferencePipeline.forEach(ReferencePipeline.java:485)
	at org.junit.vintage.engine.VintageTestEngine.executeAllChildren(VintageTestEngine.java:82)
	at org.junit.vintage.engine.VintageTestEngine.execute(VintageTestEngine.java:73)
	at org.junit.platform.launcher.core.DefaultLauncher.execute(DefaultLauncher.java:248)
	at org.junit.platform.launcher.core.DefaultLauncher.lambda$execute$5(DefaultLauncher.java:211)
	at org.junit.platform.launcher.core.DefaultLauncher.withInterceptedStreams(DefaultLauncher.java:226)
	at org.junit.platform.launcher.core.DefaultLauncher.execute(DefaultLauncher.java:199)
	at org.junit.platform.launcher.core.DefaultLauncher.execute(DefaultLauncher.java:132)
	at org.apache.maven.surefire.junitplatform.JUnitPlatformProvider.invokeAllTests(JUnitPlatformProvider.java:154)
	at org.apache.maven.surefire.junitplatform.JUnitPlatformProvider.invoke(JUnitPlatformProvider.java:123)
	at org.apache.maven.surefire.booter.ForkedBooter.runSuitesInProcess(ForkedBooter.java:377)
	at org.apache.maven.surefire.booter.ForkedBooter.execute(ForkedBooter.java:138)
	at org.apache.maven.surefire.booter.ForkedBooter.run(ForkedBooter.java:465)
	at org.apache.maven.surefire.booter.ForkedBooter.main(ForkedBooter.java:451)
]]></error>
    <system-err><![CDATA[2024-04-24T00:53:30,854  WARN [main] conf.HiveConf: HiveConf of name hive.dummyparam.test.server.specific.config.override does not exist
2024-04-24T00:53:30,854  WARN [main] conf.HiveConf: HiveConf of name hive.llap.io.cache.orc.arena.size does not exist
2024-04-24T00:53:30,855  WARN [main] conf.HiveConf: HiveConf of name hive.llap.io.cache.orc.alloc.min does not exist
2024-04-24T00:53:30,855  WARN [main] conf.HiveConf: HiveConf of name hive.dummyparam.test.server.specific.config.hivesite does not exist
2024-04-24T00:53:30,855  WARN [main] conf.HiveConf: HiveConf of name hive.llap.io.cache.orc.size does not exist
2024-04-24T00:53:30,855  WARN [main] conf.HiveConf: HiveConf of name hive.metastore.client.cache.recordStats does not exist
2024-04-24T00:53:30,855  WARN [main] conf.HiveConf: HiveConf of name hive.stats.key.prefix.reserve.length does not exist
2024-04-24T00:53:30,855  WARN [main] conf.HiveConf: HiveConf of name hive.metastore.client.cache.maxSize does not exist
2024-04-24T00:53:30,855  WARN [main] conf.HiveConf: HiveConf of name hive.llap.io.cache.orc.alloc.max does not exist
2024-04-24T00:53:30,855  WARN [main] conf.HiveConf: HiveConf of name hive.metastore.metadb.dir does not exist
2024-04-24T00:53:30,855  WARN [main] conf.HiveConf: HiveConf of name hive.dummyparam.test.server.specific.config.metastoresite does not exist
2024-04-24T00:53:30,858  INFO [main] utils.TestTxnDbUtil: Creating transactional tables
Hive Session ID = b8bea980-26cf-4ecb-93b4-cf7974ce2d23
2024-04-24T00:53:30,860  INFO [main] SessionState: Hive Session ID = b8bea980-26cf-4ecb-93b4-cf7974ce2d23
ivysettings.xml file not found in HIVE_HOME or HIVE_CONF_DIR,/home/alex/Repositories/hive/conf/ivysettings.xml will be used
2024-04-24T00:53:30,861  INFO [main] DependencyResolver: ivysettings.xml file not found in HIVE_HOME or HIVE_CONF_DIR,/home/alex/Repositories/hive/conf/ivysettings.xml will be used
2024-04-24T00:53:30,867  INFO [main] session.SessionState: Created HDFS directory: /home/alex/Repositories/hive/ql/target/tmp/scratchdir/alex/b8bea980-26cf-4ecb-93b4-cf7974ce2d23
2024-04-24T00:53:30,869  INFO [main] session.SessionState: Created local directory: /home/alex/Repositories/hive/ql/target/tmp/localscratchdir/b8bea980-26cf-4ecb-93b4-cf7974ce2d23
2024-04-24T00:53:30,885  INFO [main] session.SessionState: Created HDFS directory: /home/alex/Repositories/hive/ql/target/tmp/scratchdir/alex/b8bea980-26cf-4ecb-93b4-cf7974ce2d23/_tmp_space.db
2024-04-24T00:53:30,886  INFO [main] sqlstd.SQLStdHiveAccessController: Created SQLStdHiveAccessController for session context : HiveAuthzSessionContext [sessionString=b8bea980-26cf-4ecb-93b4-cf7974ce2d23, clientType=HIVECLI]
2024-04-24T00:53:30,886  INFO [main] ql.TxnCommandsBaseForTests: Running the query: drop table if exists acidTbl
2024-04-24T00:53:30,886  INFO [main] ql.Driver: Compiling command(queryId=alex_20240424005330_9f18a303-7b75-4802-9b52-6e75ea30ba6c): drop table if exists acidTbl
2024-04-24T00:53:30,900  INFO [main] txn.TxnHandler: Added entries to MIN_HISTORY_LEVEL for current txns: ([1]) with min_open_txn: 1
2024-04-24T00:53:30,900  INFO [main] lockmgr.DbTxnManager: Opened txnid:1
2024-04-24T00:53:30,904  INFO [main] HiveMetaStore.audit: ugi=alex	ip=unknown-ip-addr	cmd=get_table : tbl=hive.default.acidTbl	
2024-04-24T00:53:30,913  INFO [main] ql.Driver: Semantic Analysis Completed (retrial = false)
2024-04-24T00:53:30,913  INFO [main] ql.Driver: Created Hive schema: Schema(fieldSchemas:null, properties:null)
2024-04-24T00:53:30,913  INFO [main] metadata.Hive: Dumping metastore api call timing information for : compilation phase
2024-04-24T00:53:30,913  INFO [main] metadata.Hive: Total time spent in each metastore function (ms): {isCompatibleWith_(Configuration)=0, getValidTxns_(long)=3, commitTxn_(CommitTxnRequest)=15, openTxn_(String, TxnType)=13, flushCache_()=0}
2024-04-24T00:53:30,914  INFO [main] ql.Driver: Completed compiling command(queryId=alex_20240424005330_9f18a303-7b75-4802-9b52-6e75ea30ba6c); Time taken: 0.027 seconds
2024-04-24T00:53:30,914  INFO [main] lockmgr.DbTxnManager: Setting lock request transaction to txnid:1 for queryId=alex_20240424005330_9f18a303-7b75-4802-9b52-6e75ea30ba6c
2024-04-24T00:53:30,914  INFO [main] ql.Driver: Operation DROPTABLE obtained 0 locks
2024-04-24T00:53:30,914  INFO [main] ql.Driver: Executing command(queryId=alex_20240424005330_9f18a303-7b75-4802-9b52-6e75ea30ba6c): drop table if exists acidTbl
2024-04-24T00:53:30,914  INFO [main] ql.Driver: Starting task [Stage-0:DDL] in serial mode
2024-04-24T00:53:30,915  INFO [main] HiveMetaStore.audit: ugi=alex	ip=unknown-ip-addr	cmd=get_table : tbl=hive.default.acidTbl	
2024-04-24T00:53:30,920  INFO [main] metadata.Hive: Dumping metastore api call timing information for : execution phase
2024-04-24T00:53:30,920  INFO [main] metadata.Hive: Total time spent in each metastore function (ms): {isCompatibleWith_(Configuration)=1}
2024-04-24T00:53:30,921  INFO [main] ql.Driver: Completed executing command(queryId=alex_20240424005330_9f18a303-7b75-4802-9b52-6e75ea30ba6c); Time taken: 0.006 seconds
2024-04-24T00:53:30,921  INFO [main] lockmgr.DbTxnManager: Stopped heartbeat for query: alex_20240424005330_9f18a303-7b75-4802-9b52-6e75ea30ba6c
2024-04-24T00:53:30,930  INFO [main] txn.TxnHandler: Expected to move at least one record from txn_components to completed_txn_components when committing txn! txnid:1
2024-04-24T00:53:30,941  INFO [main] txn.TxnHandler: Removed transactions: ([1]) from MIN_HISTORY_LEVEL
2024-04-24T00:53:30,941  WARN [main] txn.CompactionTxnHandler: No compaction queue record found for Compaction type transaction commit. txnId:1
2024-04-24T00:53:30,942  INFO [main] ql.TxnCommandsBaseForTests: Running the query: drop table if exists acidTblPart
2024-04-24T00:53:30,942  INFO [main] ql.Driver: Compiling command(queryId=alex_20240424005330_1af8c952-22e6-40e4-bac4-cf89aafbc8ec): drop table if exists acidTblPart
2024-04-24T00:53:30,946  INFO [main] txn.TxnHandler: Added entries to MIN_HISTORY_LEVEL for current txns: ([2]) with min_open_txn: 1
2024-04-24T00:53:30,947  INFO [main] lockmgr.DbTxnManager: Opened txnid:2
2024-04-24T00:53:30,948  INFO [main] HiveMetaStore.audit: ugi=alex	ip=unknown-ip-addr	cmd=get_table : tbl=hive.default.acidTblPart	
2024-04-24T00:53:30,953  INFO [main] ql.Driver: Semantic Analysis Completed (retrial = false)
2024-04-24T00:53:30,953  INFO [main] ql.Driver: Created Hive schema: Schema(fieldSchemas:null, properties:null)
2024-04-24T00:53:30,953  INFO [main] metadata.Hive: Dumping metastore api call timing information for : compilation phase
2024-04-24T00:53:30,953  INFO [main] metadata.Hive: Total time spent in each metastore function (ms): {isCompatibleWith_(Configuration)=0, openTxn_(String, TxnType)=4, flushCache_()=0, commitTxn_(CommitTxnRequest)=20, getValidTxns_(long)=1}
2024-04-24T00:53:30,953  INFO [main] ql.Driver: Completed compiling command(queryId=alex_20240424005330_1af8c952-22e6-40e4-bac4-cf89aafbc8ec); Time taken: 0.011 seconds
2024-04-24T00:53:30,954  INFO [main] lockmgr.DbTxnManager: Setting lock request transaction to txnid:2 for queryId=alex_20240424005330_1af8c952-22e6-40e4-bac4-cf89aafbc8ec
2024-04-24T00:53:30,954  INFO [main] ql.Driver: Operation DROPTABLE obtained 0 locks
2024-04-24T00:53:30,954  INFO [main] ql.Driver: Executing command(queryId=alex_20240424005330_1af8c952-22e6-40e4-bac4-cf89aafbc8ec): drop table if exists acidTblPart
2024-04-24T00:53:30,954  INFO [main] ql.Driver: Starting task [Stage-0:DDL] in serial mode
2024-04-24T00:53:30,955  INFO [main] HiveMetaStore.audit: ugi=alex	ip=unknown-ip-addr	cmd=get_table : tbl=hive.default.acidTblPart	
2024-04-24T00:53:30,960  INFO [main] metadata.Hive: Dumping metastore api call timing information for : execution phase
2024-04-24T00:53:30,960  INFO [main] metadata.Hive: Total time spent in each metastore function (ms): {isCompatibleWith_(Configuration)=0}
2024-04-24T00:53:30,960  INFO [main] ql.Driver: Completed executing command(queryId=alex_20240424005330_1af8c952-22e6-40e4-bac4-cf89aafbc8ec); Time taken: 0.006 seconds
2024-04-24T00:53:30,960  INFO [main] lockmgr.DbTxnManager: Stopped heartbeat for query: alex_20240424005330_1af8c952-22e6-40e4-bac4-cf89aafbc8ec
2024-04-24T00:53:30,967  INFO [main] txn.TxnHandler: Expected to move at least one record from txn_components to completed_txn_components when committing txn! txnid:2
2024-04-24T00:53:30,973  INFO [main] txn.TxnHandler: Removed transactions: ([2]) from MIN_HISTORY_LEVEL
2024-04-24T00:53:30,974  WARN [main] txn.CompactionTxnHandler: No compaction queue record found for Compaction type transaction commit. txnId:2
2024-04-24T00:53:30,975  INFO [main] ql.TxnCommandsBaseForTests: Running the query: drop table if exists acidTbl2
2024-04-24T00:53:30,975  INFO [main] ql.Driver: Compiling command(queryId=alex_20240424005330_25874d8c-f32e-4962-b10b-70451a78c50a): drop table if exists acidTbl2
2024-04-24T00:53:30,978  INFO [main] txn.TxnHandler: Added entries to MIN_HISTORY_LEVEL for current txns: ([3]) with min_open_txn: 1
2024-04-24T00:53:30,978  INFO [main] lockmgr.DbTxnManager: Opened txnid:3
2024-04-24T00:53:30,979  INFO [main] HiveMetaStore.audit: ugi=alex	ip=unknown-ip-addr	cmd=get_table : tbl=hive.default.acidTbl2	
2024-04-24T00:53:30,982  INFO [main] ql.Driver: Semantic Analysis Completed (retrial = false)
2024-04-24T00:53:30,982  INFO [main] ql.Driver: Created Hive schema: Schema(fieldSchemas:null, properties:null)
2024-04-24T00:53:30,982  INFO [main] metadata.Hive: Dumping metastore api call timing information for : compilation phase
2024-04-24T00:53:30,983  INFO [main] metadata.Hive: Total time spent in each metastore function (ms): {commitTxn_(CommitTxnRequest)=13, isCompatibleWith_(Configuration)=1, flushCache_()=0, openTxn_(String, TxnType)=2, getValidTxns_(long)=0}
2024-04-24T00:53:30,983  INFO [main] ql.Driver: Completed compiling command(queryId=alex_20240424005330_25874d8c-f32e-4962-b10b-70451a78c50a); Time taken: 0.007 seconds
2024-04-24T00:53:30,983  INFO [main] lockmgr.DbTxnManager: Setting lock request transaction to txnid:3 for queryId=alex_20240424005330_25874d8c-f32e-4962-b10b-70451a78c50a
2024-04-24T00:53:30,983  INFO [main] ql.Driver: Operation DROPTABLE obtained 0 locks
2024-04-24T00:53:30,983  INFO [main] ql.Driver: Executing command(queryId=alex_20240424005330_25874d8c-f32e-4962-b10b-70451a78c50a): drop table if exists acidTbl2
2024-04-24T00:53:30,983  INFO [main] ql.Driver: Starting task [Stage-0:DDL] in serial mode
2024-04-24T00:53:30,984  INFO [main] HiveMetaStore.audit: ugi=alex	ip=unknown-ip-addr	cmd=get_table : tbl=hive.default.acidTbl2	
2024-04-24T00:53:30,987  INFO [main] metadata.Hive: Dumping metastore api call timing information for : execution phase
2024-04-24T00:53:30,987  INFO [main] metadata.Hive: Total time spent in each metastore function (ms): {isCompatibleWith_(Configuration)=1}
2024-04-24T00:53:30,987  INFO [main] ql.Driver: Completed executing command(queryId=alex_20240424005330_25874d8c-f32e-4962-b10b-70451a78c50a); Time taken: 0.004 seconds
2024-04-24T00:53:30,988  INFO [main] lockmgr.DbTxnManager: Stopped heartbeat for query: alex_20240424005330_25874d8c-f32e-4962-b10b-70451a78c50a
2024-04-24T00:53:30,993  INFO [main] txn.TxnHandler: Expected to move at least one record from txn_components to completed_txn_components when committing txn! txnid:3
2024-04-24T00:53:31,000  INFO [main] txn.TxnHandler: Removed transactions: ([3]) from MIN_HISTORY_LEVEL
2024-04-24T00:53:31,000  WARN [main] txn.CompactionTxnHandler: No compaction queue record found for Compaction type transaction commit. txnId:3
2024-04-24T00:53:31,001  INFO [main] ql.TxnCommandsBaseForTests: Running the query: drop table if exists nonAcidOrcTbl
2024-04-24T00:53:31,001  INFO [main] ql.Driver: Compiling command(queryId=alex_20240424005331_93730d9f-e962-4423-908e-eaab262bb115): drop table if exists nonAcidOrcTbl
2024-04-24T00:53:31,005  INFO [main] txn.TxnHandler: Added entries to MIN_HISTORY_LEVEL for current txns: ([4]) with min_open_txn: 1
2024-04-24T00:53:31,005  INFO [main] lockmgr.DbTxnManager: Opened txnid:4
2024-04-24T00:53:31,007  INFO [main] HiveMetaStore.audit: ugi=alex	ip=unknown-ip-addr	cmd=get_table : tbl=hive.default.nonAcidOrcTbl	
2024-04-24T00:53:31,012  INFO [main] ql.Driver: Semantic Analysis Completed (retrial = false)
2024-04-24T00:53:31,012  INFO [main] ql.Driver: Created Hive schema: Schema(fieldSchemas:null, properties:null)
2024-04-24T00:53:31,012  INFO [main] metadata.Hive: Dumping metastore api call timing information for : compilation phase
2024-04-24T00:53:31,012  INFO [main] metadata.Hive: Total time spent in each metastore function (ms): {commitTxn_(CommitTxnRequest)=13, openTxn_(String, TxnType)=3, flushCache_()=0, getValidTxns_(long)=0, isCompatibleWith_(Configuration)=1}
2024-04-24T00:53:31,012  INFO [main] ql.Driver: Completed compiling command(queryId=alex_20240424005331_93730d9f-e962-4423-908e-eaab262bb115); Time taken: 0.011 seconds
2024-04-24T00:53:31,012  INFO [main] lockmgr.DbTxnManager: Setting lock request transaction to txnid:4 for queryId=alex_20240424005331_93730d9f-e962-4423-908e-eaab262bb115
2024-04-24T00:53:31,012  INFO [main] ql.Driver: Operation DROPTABLE obtained 0 locks
2024-04-24T00:53:31,012  INFO [main] ql.Driver: Executing command(queryId=alex_20240424005331_93730d9f-e962-4423-908e-eaab262bb115): drop table if exists nonAcidOrcTbl
2024-04-24T00:53:31,013  INFO [main] ql.Driver: Starting task [Stage-0:DDL] in serial mode
2024-04-24T00:53:31,013  INFO [main] HiveMetaStore.audit: ugi=alex	ip=unknown-ip-addr	cmd=get_table : tbl=hive.default.nonAcidOrcTbl	
2024-04-24T00:53:31,016  INFO [main] metadata.Hive: Dumping metastore api call timing information for : execution phase
2024-04-24T00:53:31,017  INFO [main] metadata.Hive: Total time spent in each metastore function (ms): {isCompatibleWith_(Configuration)=0}
2024-04-24T00:53:31,017  INFO [main] ql.Driver: Completed executing command(queryId=alex_20240424005331_93730d9f-e962-4423-908e-eaab262bb115); Time taken: 0.004 seconds
2024-04-24T00:53:31,017  INFO [main] lockmgr.DbTxnManager: Stopped heartbeat for query: alex_20240424005331_93730d9f-e962-4423-908e-eaab262bb115
2024-04-24T00:53:31,023  INFO [main] txn.TxnHandler: Expected to move at least one record from txn_components to completed_txn_components when committing txn! txnid:4
2024-04-24T00:53:31,033  INFO [main] txn.TxnHandler: Removed transactions: ([4]) from MIN_HISTORY_LEVEL
2024-04-24T00:53:31,033  WARN [main] txn.CompactionTxnHandler: No compaction queue record found for Compaction type transaction commit. txnId:4
2024-04-24T00:53:31,034  INFO [main] ql.TxnCommandsBaseForTests: Running the query: drop table if exists nonAcidOrcTbl2
2024-04-24T00:53:31,034  INFO [main] ql.Driver: Compiling command(queryId=alex_20240424005331_b514812c-d6d0-4292-9c0b-cd77451d7352): drop table if exists nonAcidOrcTbl2
2024-04-24T00:53:31,038  INFO [main] txn.TxnHandler: Added entries to MIN_HISTORY_LEVEL for current txns: ([5]) with min_open_txn: 1
2024-04-24T00:53:31,039  INFO [main] lockmgr.DbTxnManager: Opened txnid:5
2024-04-24T00:53:31,040  INFO [main] HiveMetaStore.audit: ugi=alex	ip=unknown-ip-addr	cmd=get_table : tbl=hive.default.nonAcidOrcTbl2	
2024-04-24T00:53:31,045  INFO [main] ql.Driver: Semantic Analysis Completed (retrial = false)
2024-04-24T00:53:31,045  INFO [main] ql.Driver: Created Hive schema: Schema(fieldSchemas:null, properties:null)
2024-04-24T00:53:31,045  INFO [main] metadata.Hive: Dumping metastore api call timing information for : compilation phase
2024-04-24T00:53:31,045  INFO [main] metadata.Hive: Total time spent in each metastore function (ms): {getValidTxns_(long)=0, commitTxn_(CommitTxnRequest)=16, isCompatibleWith_(Configuration)=0, flushCache_()=0, openTxn_(String, TxnType)=4}
2024-04-24T00:53:31,046  INFO [main] ql.Driver: Completed compiling command(queryId=alex_20240424005331_b514812c-d6d0-4292-9c0b-cd77451d7352); Time taken: 0.011 seconds
2024-04-24T00:53:31,046  INFO [main] lockmgr.DbTxnManager: Setting lock request transaction to txnid:5 for queryId=alex_20240424005331_b514812c-d6d0-4292-9c0b-cd77451d7352
2024-04-24T00:53:31,046  INFO [main] ql.Driver: Operation DROPTABLE obtained 0 locks
2024-04-24T00:53:31,046  INFO [main] ql.Driver: Executing command(queryId=alex_20240424005331_b514812c-d6d0-4292-9c0b-cd77451d7352): drop table if exists nonAcidOrcTbl2
2024-04-24T00:53:31,046  INFO [main] ql.Driver: Starting task [Stage-0:DDL] in serial mode
2024-04-24T00:53:31,047  INFO [main] HiveMetaStore.audit: ugi=alex	ip=unknown-ip-addr	cmd=get_table : tbl=hive.default.nonAcidOrcTbl2	
2024-04-24T00:53:31,053  INFO [main] metadata.Hive: Dumping metastore api call timing information for : execution phase
2024-04-24T00:53:31,053  INFO [main] metadata.Hive: Total time spent in each metastore function (ms): {isCompatibleWith_(Configuration)=0}
2024-04-24T00:53:31,053  INFO [main] ql.Driver: Completed executing command(queryId=alex_20240424005331_b514812c-d6d0-4292-9c0b-cd77451d7352); Time taken: 0.006 seconds
2024-04-24T00:53:31,053  INFO [main] lockmgr.DbTxnManager: Stopped heartbeat for query: alex_20240424005331_b514812c-d6d0-4292-9c0b-cd77451d7352
2024-04-24T00:53:31,060  INFO [main] txn.TxnHandler: Expected to move at least one record from txn_components to completed_txn_components when committing txn! txnid:5
2024-04-24T00:53:31,068  INFO [main] txn.TxnHandler: Removed transactions: ([5]) from MIN_HISTORY_LEVEL
2024-04-24T00:53:31,068  WARN [main] txn.CompactionTxnHandler: No compaction queue record found for Compaction type transaction commit. txnId:5
2024-04-24T00:53:31,069  INFO [main] ql.TxnCommandsBaseForTests: Running the query: drop table if exists nonAcidNonBucket
2024-04-24T00:53:31,069  INFO [main] ql.Driver: Compiling command(queryId=alex_20240424005331_e3c28592-c075-4605-8653-08a08e2c912d): drop table if exists nonAcidNonBucket
2024-04-24T00:53:31,073  INFO [main] txn.TxnHandler: Added entries to MIN_HISTORY_LEVEL for current txns: ([6]) with min_open_txn: 1
2024-04-24T00:53:31,074  INFO [main] lockmgr.DbTxnManager: Opened txnid:6
2024-04-24T00:53:31,075  INFO [main] HiveMetaStore.audit: ugi=alex	ip=unknown-ip-addr	cmd=get_table : tbl=hive.default.nonAcidNonBucket	
2024-04-24T00:53:31,080  INFO [main] ql.Driver: Semantic Analysis Completed (retrial = false)
2024-04-24T00:53:31,081  INFO [main] ql.Driver: Created Hive schema: Schema(fieldSchemas:null, properties:null)
2024-04-24T00:53:31,081  INFO [main] metadata.Hive: Dumping metastore api call timing information for : compilation phase
2024-04-24T00:53:31,081  INFO [main] metadata.Hive: Total time spent in each metastore function (ms): {getValidTxns_(long)=1, isCompatibleWith_(Configuration)=0, commitTxn_(CommitTxnRequest)=14, flushCache_()=1, openTxn_(String, TxnType)=4}
2024-04-24T00:53:31,081  INFO [main] ql.Driver: Completed compiling command(queryId=alex_20240424005331_e3c28592-c075-4605-8653-08a08e2c912d); Time taken: 0.012 seconds
2024-04-24T00:53:31,081  INFO [main] lockmgr.DbTxnManager: Setting lock request transaction to txnid:6 for queryId=alex_20240424005331_e3c28592-c075-4605-8653-08a08e2c912d
2024-04-24T00:53:31,081  INFO [main] ql.Driver: Operation DROPTABLE obtained 0 locks
2024-04-24T00:53:31,082  INFO [main] ql.Driver: Executing command(queryId=alex_20240424005331_e3c28592-c075-4605-8653-08a08e2c912d): drop table if exists nonAcidNonBucket
2024-04-24T00:53:31,082  INFO [main] ql.Driver: Starting task [Stage-0:DDL] in serial mode
2024-04-24T00:53:31,082  INFO [main] HiveMetaStore.audit: ugi=alex	ip=unknown-ip-addr	cmd=get_table : tbl=hive.default.nonAcidNonBucket	
2024-04-24T00:53:31,086  INFO [main] metadata.Hive: Dumping metastore api call timing information for : execution phase
2024-04-24T00:53:31,086  INFO [main] metadata.Hive: Total time spent in each metastore function (ms): {isCompatibleWith_(Configuration)=0}
2024-04-24T00:53:31,086  INFO [main] ql.Driver: Completed executing command(queryId=alex_20240424005331_e3c28592-c075-4605-8653-08a08e2c912d); Time taken: 0.004 seconds
2024-04-24T00:53:31,086  INFO [main] lockmgr.DbTxnManager: Stopped heartbeat for query: alex_20240424005331_e3c28592-c075-4605-8653-08a08e2c912d
2024-04-24T00:53:31,093  INFO [main] txn.TxnHandler: Expected to move at least one record from txn_components to completed_txn_components when committing txn! txnid:6
2024-04-24T00:53:31,100  INFO [main] txn.TxnHandler: Removed transactions: ([6]) from MIN_HISTORY_LEVEL
2024-04-24T00:53:31,100  WARN [main] txn.CompactionTxnHandler: No compaction queue record found for Compaction type transaction commit. txnId:6
2024-04-24T00:53:31,101  INFO [main] ql.TxnCommandsBaseForTests: Running the query: create table acidTbl(a int, b int) clustered by (a) into 2 buckets stored as orc TBLPROPERTIES ('transactional'='true')
2024-04-24T00:53:31,101  INFO [main] ql.Driver: Compiling command(queryId=alex_20240424005331_00828a11-62ac-4b72-bde3-a23258298573): create table acidTbl(a int, b int) clustered by (a) into 2 buckets stored as orc TBLPROPERTIES ('transactional'='true')
2024-04-24T00:53:31,104  INFO [main] txn.TxnHandler: Added entries to MIN_HISTORY_LEVEL for current txns: ([7]) with min_open_txn: 1
2024-04-24T00:53:31,104  INFO [main] lockmgr.DbTxnManager: Opened txnid:7
2024-04-24T00:53:31,105  INFO [main] parse.CalcitePlanner: Starting caching scope for: 
2024-04-24T00:53:31,105  INFO [main] parse.CalcitePlanner: Starting Semantic Analysis
2024-04-24T00:53:31,112  INFO [main] parse.CalcitePlanner: Creating table default.acidTbl position=13
2024-04-24T00:53:31,112  INFO [main] HiveMetaStore.audit: ugi=alex	ip=unknown-ip-addr	cmd=get_database: default	
2024-04-24T00:53:31,114  INFO [main] parse.CalcitePlanner: Ending caching scope for: 
2024-04-24T00:53:31,114  INFO [main] ql.Driver: Semantic Analysis Completed (retrial = false)
2024-04-24T00:53:31,114  INFO [main] ql.Driver: Created Hive schema: Schema(fieldSchemas:null, properties:null)
2024-04-24T00:53:31,114  INFO [main] metadata.Hive: Dumping metastore api call timing information for : compilation phase
2024-04-24T00:53:31,114  INFO [main] metadata.Hive: Total time spent in each metastore function (ms): {openTxn_(String, TxnType)=2, getValidTxns_(long)=1, flushCache_()=0, commitTxn_(CommitTxnRequest)=15, getValidWriteIds_(List, String)=6, isCompatibleWith_(Configuration)=0, getDatabase_(String)=2}
2024-04-24T00:53:31,114  INFO [main] ql.Driver: Completed compiling command(queryId=alex_20240424005331_00828a11-62ac-4b72-bde3-a23258298573); Time taken: 0.013 seconds
2024-04-24T00:53:31,114  INFO [main] lockmgr.DbTxnManager: Setting lock request transaction to txnid:7 for queryId=alex_20240424005331_00828a11-62ac-4b72-bde3-a23258298573
2024-04-24T00:53:31,115  INFO [main] lockmgr.DbLockManager: Requesting lock for queryId=alex_20240424005331_00828a11-62ac-4b72-bde3-a23258298573
2024-04-24T00:53:31,137  INFO [main] lockmgr.DbLockManager: Response to queryId=alex_20240424005331_00828a11-62ac-4b72-bde3-a23258298573 LockResponse(lockid:1, state:ACQUIRED)
2024-04-24T00:53:31,137  INFO [main] ql.Driver: Operation CREATETABLE obtained 1 locks
2024-04-24T00:53:31,137  INFO [main] ql.Driver: Executing command(queryId=alex_20240424005331_00828a11-62ac-4b72-bde3-a23258298573): create table acidTbl(a int, b int) clustered by (a) into 2 buckets stored as orc TBLPROPERTIES ('transactional'='true')
2024-04-24T00:53:31,138  INFO [main] ql.Driver: Starting task [Stage-0:DDL] in serial mode
2024-04-24T00:53:31,139  INFO [main] HiveMetaStore.audit: ugi=alex	ip=unknown-ip-addr	cmd=create_table_req: Table(tableName:acidTbl, dbName:default, owner:alex, createTime:1713945211, lastAccessTime:0, retention:0, sd:StorageDescriptor(cols:[FieldSchema(name:a, type:int, comment:null), FieldSchema(name:b, type:int, comment:null)], location:null, inputFormat:org.apache.hadoop.hive.ql.io.orc.OrcInputFormat, outputFormat:org.apache.hadoop.hive.ql.io.orc.OrcOutputFormat, compressed:false, numBuckets:2, serdeInfo:SerDeInfo(name:null, serializationLib:org.apache.hadoop.hive.ql.io.orc.OrcSerde, parameters:{serialization.format=1}), bucketCols:[a], sortCols:[], parameters:{}, skewedInfo:SkewedInfo(skewedColNames:[], skewedColValues:[], skewedColValueLocationMaps:{}), storedAsSubDirectories:false), partitionKeys:[], parameters:{COLUMN_STATS_ACCURATE={"BASIC_STATS":"true","COLUMN_STATS":{"a":"true","b":"true"}}, numRows=0, rawDataSize=0, numFiles=0, numFilesErasureCoded=0, transactional=true, bucketing_version=2, totalSize=0}, viewOriginalText:null, viewExpandedText:null, tableType:MANAGED_TABLE, privileges:PrincipalPrivilegeSet(userPrivileges:{alex=[PrivilegeGrantInfo(privilege:INSERT, createTime:-1, grantor:alex, grantorType:USER, grantOption:true), PrivilegeGrantInfo(privilege:SELECT, createTime:-1, grantor:alex, grantorType:USER, grantOption:true), PrivilegeGrantInfo(privilege:UPDATE, createTime:-1, grantor:alex, grantorType:USER, grantOption:true), PrivilegeGrantInfo(privilege:DELETE, createTime:-1, grantor:alex, grantorType:USER, grantOption:true)]}, groupPrivileges:null, rolePrivileges:null), temporary:false, catName:hive, ownerType:USER, writeId:0)	
2024-04-24T00:53:31,146  INFO [main] utils.FileUtils: Creating directory if it doesn't exist: file:/home/alex/Repositories/hive/ql/target/tmp/org.apache.hadoop.hive.ql.TestTxnNoBuckets-1713945183193/warehouse/acidtbl
2024-04-24T00:53:31,196  INFO [main] metadata.Hive: Dumping metastore api call timing information for : execution phase
2024-04-24T00:53:31,196  INFO [main] metadata.Hive: Total time spent in each metastore function (ms): {createTable_(Table)=57, isCompatibleWith_(Configuration)=0}
2024-04-24T00:53:31,196  INFO [main] ql.Driver: Completed executing command(queryId=alex_20240424005331_00828a11-62ac-4b72-bde3-a23258298573); Time taken: 0.059 seconds
2024-04-24T00:53:31,196  INFO [main] lockmgr.DbTxnManager: Stopped heartbeat for query: alex_20240424005331_00828a11-62ac-4b72-bde3-a23258298573
2024-04-24T00:53:31,201  INFO [main] txn.TxnHandler: Expected to move at least one record from txn_components to completed_txn_components when committing txn! txnid:7
2024-04-24T00:53:31,209  INFO [main] txn.TxnHandler: Removed transactions: ([7]) from MIN_HISTORY_LEVEL
2024-04-24T00:53:31,209  WARN [main] txn.CompactionTxnHandler: No compaction queue record found for Compaction type transaction commit. txnId:7
2024-04-24T00:53:31,210  INFO [main] ql.TxnCommandsBaseForTests: Running the query: create table acidTblPart(a int, b int) partitioned by (p string) clustered by (a) into 2 buckets stored as orc TBLPROPERTIES ('transactional'='true')
2024-04-24T00:53:31,210  INFO [main] ql.Driver: Compiling command(queryId=alex_20240424005331_0727317d-45d5-4f71-ba0f-efca3b8d5cfe): create table acidTblPart(a int, b int) partitioned by (p string) clustered by (a) into 2 buckets stored as orc TBLPROPERTIES ('transactional'='true')
2024-04-24T00:53:31,214  INFO [main] txn.TxnHandler: Added entries to MIN_HISTORY_LEVEL for current txns: ([8]) with min_open_txn: 1
2024-04-24T00:53:31,214  INFO [main] lockmgr.DbTxnManager: Opened txnid:8
2024-04-24T00:53:31,215  INFO [main] parse.CalcitePlanner: Starting caching scope for: 
2024-04-24T00:53:31,215  INFO [main] parse.CalcitePlanner: Starting Semantic Analysis
2024-04-24T00:53:31,218  INFO [main] parse.CalcitePlanner: Creating table default.acidTblPart position=13
2024-04-24T00:53:31,218  INFO [main] HiveMetaStore.audit: ugi=alex	ip=unknown-ip-addr	cmd=get_database: default	
2024-04-24T00:53:31,220  INFO [main] parse.CalcitePlanner: Ending caching scope for: 
2024-04-24T00:53:31,220  INFO [main] ql.Driver: Semantic Analysis Completed (retrial = false)
2024-04-24T00:53:31,220  INFO [main] ql.Driver: Created Hive schema: Schema(fieldSchemas:null, properties:null)
2024-04-24T00:53:31,220  INFO [main] metadata.Hive: Dumping metastore api call timing information for : compilation phase
2024-04-24T00:53:31,221  INFO [main] metadata.Hive: Total time spent in each metastore function (ms): {getValidTxns_(long)=0, flushCache_()=0, getValidWriteIds_(List, String)=3, openTxn_(String, TxnType)=3, getDatabase_(String)=2, commitTxn_(CommitTxnRequest)=13, isCompatibleWith_(Configuration)=0}
2024-04-24T00:53:31,221  INFO [main] ql.Driver: Completed compiling command(queryId=alex_20240424005331_0727317d-45d5-4f71-ba0f-efca3b8d5cfe); Time taken: 0.01 seconds
2024-04-24T00:53:31,221  INFO [main] lockmgr.DbTxnManager: Setting lock request transaction to txnid:8 for queryId=alex_20240424005331_0727317d-45d5-4f71-ba0f-efca3b8d5cfe
2024-04-24T00:53:31,221  INFO [main] lockmgr.DbLockManager: Requesting lock for queryId=alex_20240424005331_0727317d-45d5-4f71-ba0f-efca3b8d5cfe
2024-04-24T00:53:31,244  INFO [main] lockmgr.DbLockManager: Response to queryId=alex_20240424005331_0727317d-45d5-4f71-ba0f-efca3b8d5cfe LockResponse(lockid:2, state:ACQUIRED)
2024-04-24T00:53:31,244  INFO [main] ql.Driver: Operation CREATETABLE obtained 1 locks
2024-04-24T00:53:31,245  INFO [main] ql.Driver: Executing command(queryId=alex_20240424005331_0727317d-45d5-4f71-ba0f-efca3b8d5cfe): create table acidTblPart(a int, b int) partitioned by (p string) clustered by (a) into 2 buckets stored as orc TBLPROPERTIES ('transactional'='true')
2024-04-24T00:53:31,246  INFO [main] ql.Driver: Starting task [Stage-0:DDL] in serial mode
2024-04-24T00:53:31,246  INFO [main] HiveMetaStore.audit: ugi=alex	ip=unknown-ip-addr	cmd=create_table_req: Table(tableName:acidTblPart, dbName:default, owner:alex, createTime:1713945211, lastAccessTime:0, retention:0, sd:StorageDescriptor(cols:[FieldSchema(name:a, type:int, comment:null), FieldSchema(name:b, type:int, comment:null)], location:null, inputFormat:org.apache.hadoop.hive.ql.io.orc.OrcInputFormat, outputFormat:org.apache.hadoop.hive.ql.io.orc.OrcOutputFormat, compressed:false, numBuckets:2, serdeInfo:SerDeInfo(name:null, serializationLib:org.apache.hadoop.hive.ql.io.orc.OrcSerde, parameters:{serialization.format=1}), bucketCols:[a], sortCols:[], parameters:{}, skewedInfo:SkewedInfo(skewedColNames:[], skewedColValues:[], skewedColValueLocationMaps:{}), storedAsSubDirectories:false), partitionKeys:[FieldSchema(name:p, type:string, comment:null)], parameters:{transactional=true, bucketing_version=2}, viewOriginalText:null, viewExpandedText:null, tableType:MANAGED_TABLE, privileges:PrincipalPrivilegeSet(userPrivileges:{alex=[PrivilegeGrantInfo(privilege:INSERT, createTime:-1, grantor:alex, grantorType:USER, grantOption:true), PrivilegeGrantInfo(privilege:SELECT, createTime:-1, grantor:alex, grantorType:USER, grantOption:true), PrivilegeGrantInfo(privilege:UPDATE, createTime:-1, grantor:alex, grantorType:USER, grantOption:true), PrivilegeGrantInfo(privilege:DELETE, createTime:-1, grantor:alex, grantorType:USER, grantOption:true)]}, groupPrivileges:null, rolePrivileges:null), temporary:false, catName:hive, ownerType:USER, writeId:0)	
2024-04-24T00:53:31,254  INFO [main] utils.FileUtils: Creating directory if it doesn't exist: file:/home/alex/Repositories/hive/ql/target/tmp/org.apache.hadoop.hive.ql.TestTxnNoBuckets-1713945183193/warehouse/acidtblpart
2024-04-24T00:53:31,287  INFO [main] metadata.Hive: Dumping metastore api call timing information for : execution phase
2024-04-24T00:53:31,287  INFO [main] metadata.Hive: Total time spent in each metastore function (ms): {createTable_(Table)=41, isCompatibleWith_(Configuration)=0}
2024-04-24T00:53:31,288  INFO [main] ql.Driver: Completed executing command(queryId=alex_20240424005331_0727317d-45d5-4f71-ba0f-efca3b8d5cfe); Time taken: 0.042 seconds
2024-04-24T00:53:31,288  INFO [main] lockmgr.DbTxnManager: Stopped heartbeat for query: alex_20240424005331_0727317d-45d5-4f71-ba0f-efca3b8d5cfe
2024-04-24T00:53:31,292  INFO [main] txn.TxnHandler: Expected to move at least one record from txn_components to completed_txn_components when committing txn! txnid:8
2024-04-24T00:53:31,300  INFO [main] txn.TxnHandler: Removed transactions: ([8]) from MIN_HISTORY_LEVEL
2024-04-24T00:53:31,300  WARN [main] txn.CompactionTxnHandler: No compaction queue record found for Compaction type transaction commit. txnId:8
2024-04-24T00:53:31,301  INFO [main] ql.TxnCommandsBaseForTests: Running the query: create table nonAcidOrcTbl(a int, b int) clustered by (a) into 2 buckets stored as orc TBLPROPERTIES ('transactional'='false')
2024-04-24T00:53:31,301  INFO [main] ql.Driver: Compiling command(queryId=alex_20240424005331_4ee21694-efea-4288-9bf1-3d7b42fa678b): create table nonAcidOrcTbl(a int, b int) clustered by (a) into 2 buckets stored as orc TBLPROPERTIES ('transactional'='false')
2024-04-24T00:53:31,304  INFO [main] txn.TxnHandler: Added entries to MIN_HISTORY_LEVEL for current txns: ([9]) with min_open_txn: 1
2024-04-24T00:53:31,305  INFO [main] lockmgr.DbTxnManager: Opened txnid:9
2024-04-24T00:53:31,306  INFO [main] parse.CalcitePlanner: Starting caching scope for: 
2024-04-24T00:53:31,306  INFO [main] parse.CalcitePlanner: Starting Semantic Analysis
2024-04-24T00:53:31,308  INFO [main] parse.CalcitePlanner: Creating table default.nonAcidOrcTbl position=13
2024-04-24T00:53:31,309  INFO [main] HiveMetaStore.audit: ugi=alex	ip=unknown-ip-addr	cmd=get_database: default	
2024-04-24T00:53:31,311  INFO [main] parse.CalcitePlanner: Ending caching scope for: 
2024-04-24T00:53:31,311  INFO [main] ql.Driver: Semantic Analysis Completed (retrial = false)
2024-04-24T00:53:31,311  INFO [main] ql.Driver: Created Hive schema: Schema(fieldSchemas:null, properties:null)
2024-04-24T00:53:31,312  INFO [main] metadata.Hive: Dumping metastore api call timing information for : compilation phase
2024-04-24T00:53:31,312  INFO [main] metadata.Hive: Total time spent in each metastore function (ms): {isCompatibleWith_(Configuration)=0, getValidWriteIds_(List, String)=2, flushCache_()=0, getValidTxns_(long)=1, getDatabase_(String)=2, commitTxn_(CommitTxnRequest)=12, openTxn_(String, TxnType)=3}
2024-04-24T00:53:31,312  INFO [main] ql.Driver: Completed compiling command(queryId=alex_20240424005331_4ee21694-efea-4288-9bf1-3d7b42fa678b); Time taken: 0.01 seconds
2024-04-24T00:53:31,312  INFO [main] lockmgr.DbTxnManager: Setting lock request transaction to txnid:9 for queryId=alex_20240424005331_4ee21694-efea-4288-9bf1-3d7b42fa678b
2024-04-24T00:53:31,312  INFO [main] lockmgr.DbLockManager: Requesting lock for queryId=alex_20240424005331_4ee21694-efea-4288-9bf1-3d7b42fa678b
2024-04-24T00:53:31,332  INFO [main] lockmgr.DbLockManager: Response to queryId=alex_20240424005331_4ee21694-efea-4288-9bf1-3d7b42fa678b LockResponse(lockid:3, state:ACQUIRED)
2024-04-24T00:53:31,332  INFO [main] ql.Driver: Operation CREATETABLE obtained 1 locks
2024-04-24T00:53:31,333  INFO [main] ql.Driver: Executing command(queryId=alex_20240424005331_4ee21694-efea-4288-9bf1-3d7b42fa678b): create table nonAcidOrcTbl(a int, b int) clustered by (a) into 2 buckets stored as orc TBLPROPERTIES ('transactional'='false')
2024-04-24T00:53:31,333  INFO [main] ql.Driver: Starting task [Stage-0:DDL] in serial mode
2024-04-24T00:53:31,335  INFO [main] HiveMetaStore.audit: ugi=alex	ip=unknown-ip-addr	cmd=create_table_req: Table(tableName:nonAcidOrcTbl, dbName:default, owner:alex, createTime:1713945211, lastAccessTime:0, retention:0, sd:StorageDescriptor(cols:[FieldSchema(name:a, type:int, comment:null), FieldSchema(name:b, type:int, comment:null)], location:null, inputFormat:org.apache.hadoop.hive.ql.io.orc.OrcInputFormat, outputFormat:org.apache.hadoop.hive.ql.io.orc.OrcOutputFormat, compressed:false, numBuckets:2, serdeInfo:SerDeInfo(name:null, serializationLib:org.apache.hadoop.hive.ql.io.orc.OrcSerde, parameters:{serialization.format=1}), bucketCols:[a], sortCols:[], parameters:{}, skewedInfo:SkewedInfo(skewedColNames:[], skewedColValues:[], skewedColValueLocationMaps:{}), storedAsSubDirectories:false), partitionKeys:[], parameters:{transactional=false, COLUMN_STATS_ACCURATE={"BASIC_STATS":"true","COLUMN_STATS":{"a":"true","b":"true"}}, numFiles=0, bucketing_version=2, numFilesErasureCoded=0, rawDataSize=0, numRows=0, totalSize=0}, viewOriginalText:null, viewExpandedText:null, tableType:MANAGED_TABLE, privileges:PrincipalPrivilegeSet(userPrivileges:{alex=[PrivilegeGrantInfo(privilege:INSERT, createTime:-1, grantor:alex, grantorType:USER, grantOption:true), PrivilegeGrantInfo(privilege:SELECT, createTime:-1, grantor:alex, grantorType:USER, grantOption:true), PrivilegeGrantInfo(privilege:UPDATE, createTime:-1, grantor:alex, grantorType:USER, grantOption:true), PrivilegeGrantInfo(privilege:DELETE, createTime:-1, grantor:alex, grantorType:USER, grantOption:true)]}, groupPrivileges:null, rolePrivileges:null), temporary:false, catName:hive, ownerType:USER)	
2024-04-24T00:53:31,341  INFO [main] utils.FileUtils: Creating directory if it doesn't exist: file:/home/alex/Repositories/hive/ql/target/tmp/org.apache.hadoop.hive.ql.TestTxnNoBuckets-1713945183193/warehouse/nonacidorctbl
2024-04-24T00:53:31,365  INFO [main] metadata.Hive: Dumping metastore api call timing information for : execution phase
2024-04-24T00:53:31,366  INFO [main] metadata.Hive: Total time spent in each metastore function (ms): {isCompatibleWith_(Configuration)=0, createTable_(Table)=31}
2024-04-24T00:53:31,366  INFO [main] ql.Driver: Completed executing command(queryId=alex_20240424005331_4ee21694-efea-4288-9bf1-3d7b42fa678b); Time taken: 0.032 seconds
2024-04-24T00:53:31,366  INFO [main] lockmgr.DbTxnManager: Stopped heartbeat for query: alex_20240424005331_4ee21694-efea-4288-9bf1-3d7b42fa678b
2024-04-24T00:53:31,372  INFO [main] txn.TxnHandler: Expected to move at least one record from txn_components to completed_txn_components when committing txn! txnid:9
2024-04-24T00:53:31,525  INFO [main] txn.TxnHandler: Removed transactions: ([9]) from MIN_HISTORY_LEVEL
2024-04-24T00:53:31,525  WARN [main] txn.CompactionTxnHandler: No compaction queue record found for Compaction type transaction commit. txnId:9
2024-04-24T00:53:31,526  INFO [main] ql.TxnCommandsBaseForTests: Running the query: create table nonAcidOrcTbl2(a int, b int) clustered by (a) into 2 buckets stored as orc TBLPROPERTIES ('transactional'='false')
2024-04-24T00:53:31,527  INFO [main] ql.Driver: Compiling command(queryId=alex_20240424005331_f99f650b-e3e0-41ce-904e-46e73d57fcd4): create table nonAcidOrcTbl2(a int, b int) clustered by (a) into 2 buckets stored as orc TBLPROPERTIES ('transactional'='false')
2024-04-24T00:53:31,530  INFO [main] txn.TxnHandler: Added entries to MIN_HISTORY_LEVEL for current txns: ([10]) with min_open_txn: 1
2024-04-24T00:53:31,531  INFO [main] lockmgr.DbTxnManager: Opened txnid:10
2024-04-24T00:53:31,532  INFO [main] parse.CalcitePlanner: Starting caching scope for: 
2024-04-24T00:53:31,532  INFO [main] parse.CalcitePlanner: Starting Semantic Analysis
2024-04-24T00:53:31,535  INFO [main] parse.CalcitePlanner: Creating table default.nonAcidOrcTbl2 position=13
2024-04-24T00:53:31,535  INFO [main] HiveMetaStore.audit: ugi=alex	ip=unknown-ip-addr	cmd=get_database: default	
2024-04-24T00:53:31,537  INFO [main] parse.CalcitePlanner: Ending caching scope for: 
2024-04-24T00:53:31,537  INFO [main] ql.Driver: Semantic Analysis Completed (retrial = false)
2024-04-24T00:53:31,537  INFO [main] ql.Driver: Created Hive schema: Schema(fieldSchemas:null, properties:null)
2024-04-24T00:53:31,537  INFO [main] metadata.Hive: Dumping metastore api call timing information for : compilation phase
2024-04-24T00:53:31,537  INFO [main] metadata.Hive: Total time spent in each metastore function (ms): {isCompatibleWith_(Configuration)=0, flushCache_()=0, openTxn_(String, TxnType)=3, getDatabase_(String)=2, commitTxn_(CommitTxnRequest)=160, getValidTxns_(long)=1, getValidWriteIds_(List, String)=3}
2024-04-24T00:53:31,538  INFO [main] ql.Driver: Completed compiling command(queryId=alex_20240424005331_f99f650b-e3e0-41ce-904e-46e73d57fcd4); Time taken: 0.01 seconds
2024-04-24T00:53:31,538  INFO [main] lockmgr.DbTxnManager: Setting lock request transaction to txnid:10 for queryId=alex_20240424005331_f99f650b-e3e0-41ce-904e-46e73d57fcd4
2024-04-24T00:53:31,538  INFO [main] lockmgr.DbLockManager: Requesting lock for queryId=alex_20240424005331_f99f650b-e3e0-41ce-904e-46e73d57fcd4
2024-04-24T00:53:31,556  INFO [main] lockmgr.DbLockManager: Response to queryId=alex_20240424005331_f99f650b-e3e0-41ce-904e-46e73d57fcd4 LockResponse(lockid:4, state:ACQUIRED)
2024-04-24T00:53:31,556  INFO [main] ql.Driver: Operation CREATETABLE obtained 1 locks
2024-04-24T00:53:31,556  INFO [main] ql.Driver: Executing command(queryId=alex_20240424005331_f99f650b-e3e0-41ce-904e-46e73d57fcd4): create table nonAcidOrcTbl2(a int, b int) clustered by (a) into 2 buckets stored as orc TBLPROPERTIES ('transactional'='false')
2024-04-24T00:53:31,557  INFO [main] ql.Driver: Starting task [Stage-0:DDL] in serial mode
2024-04-24T00:53:31,558  INFO [main] HiveMetaStore.audit: ugi=alex	ip=unknown-ip-addr	cmd=create_table_req: Table(tableName:nonAcidOrcTbl2, dbName:default, owner:alex, createTime:1713945211, lastAccessTime:0, retention:0, sd:StorageDescriptor(cols:[FieldSchema(name:a, type:int, comment:null), FieldSchema(name:b, type:int, comment:null)], location:null, inputFormat:org.apache.hadoop.hive.ql.io.orc.OrcInputFormat, outputFormat:org.apache.hadoop.hive.ql.io.orc.OrcOutputFormat, compressed:false, numBuckets:2, serdeInfo:SerDeInfo(name:null, serializationLib:org.apache.hadoop.hive.ql.io.orc.OrcSerde, parameters:{serialization.format=1}), bucketCols:[a], sortCols:[], parameters:{}, skewedInfo:SkewedInfo(skewedColNames:[], skewedColValues:[], skewedColValueLocationMaps:{}), storedAsSubDirectories:false), partitionKeys:[], parameters:{bucketing_version=2, numFilesErasureCoded=0, numRows=0, numFiles=0, transactional=false, COLUMN_STATS_ACCURATE={"BASIC_STATS":"true","COLUMN_STATS":{"a":"true","b":"true"}}, totalSize=0, rawDataSize=0}, viewOriginalText:null, viewExpandedText:null, tableType:MANAGED_TABLE, privileges:PrincipalPrivilegeSet(userPrivileges:{alex=[PrivilegeGrantInfo(privilege:INSERT, createTime:-1, grantor:alex, grantorType:USER, grantOption:true), PrivilegeGrantInfo(privilege:SELECT, createTime:-1, grantor:alex, grantorType:USER, grantOption:true), PrivilegeGrantInfo(privilege:UPDATE, createTime:-1, grantor:alex, grantorType:USER, grantOption:true), PrivilegeGrantInfo(privilege:DELETE, createTime:-1, grantor:alex, grantorType:USER, grantOption:true)]}, groupPrivileges:null, rolePrivileges:null), temporary:false, catName:hive, ownerType:USER)	
2024-04-24T00:53:31,567  INFO [main] utils.FileUtils: Creating directory if it doesn't exist: file:/home/alex/Repositories/hive/ql/target/tmp/org.apache.hadoop.hive.ql.TestTxnNoBuckets-1713945183193/warehouse/nonacidorctbl2
2024-04-24T00:53:31,596  INFO [main] metadata.Hive: Dumping metastore api call timing information for : execution phase
2024-04-24T00:53:31,596  INFO [main] metadata.Hive: Total time spent in each metastore function (ms): {createTable_(Table)=37, isCompatibleWith_(Configuration)=0}
2024-04-24T00:53:31,596  INFO [main] ql.Driver: Completed executing command(queryId=alex_20240424005331_f99f650b-e3e0-41ce-904e-46e73d57fcd4); Time taken: 0.04 seconds
2024-04-24T00:53:31,596  INFO [main] lockmgr.DbTxnManager: Stopped heartbeat for query: alex_20240424005331_f99f650b-e3e0-41ce-904e-46e73d57fcd4
2024-04-24T00:53:31,603  INFO [main] txn.TxnHandler: Expected to move at least one record from txn_components to completed_txn_components when committing txn! txnid:10
2024-04-24T00:53:31,612  INFO [main] txn.TxnHandler: Removed transactions: ([10]) from MIN_HISTORY_LEVEL
2024-04-24T00:53:31,612  WARN [main] txn.CompactionTxnHandler: No compaction queue record found for Compaction type transaction commit. txnId:10
2024-04-24T00:53:31,613  INFO [main] ql.TxnCommandsBaseForTests: Running the query: create temporary  table acidTbl2(a int, b int, c int) clustered by (c) into 2 buckets stored as orc TBLPROPERTIES ('transactional'='true')
2024-04-24T00:53:31,614  INFO [main] ql.Driver: Compiling command(queryId=alex_20240424005331_d2954f0f-8e7b-4c11-8e07-a8c1efb278d6): create temporary  table acidTbl2(a int, b int, c int) clustered by (c) into 2 buckets stored as orc TBLPROPERTIES ('transactional'='true')
2024-04-24T00:53:31,618  INFO [main] txn.TxnHandler: Added entries to MIN_HISTORY_LEVEL for current txns: ([11]) with min_open_txn: 1
2024-04-24T00:53:31,619  INFO [main] lockmgr.DbTxnManager: Opened txnid:11
2024-04-24T00:53:31,620  INFO [main] parse.CalcitePlanner: Starting caching scope for: 
2024-04-24T00:53:31,620  INFO [main] parse.CalcitePlanner: Starting Semantic Analysis
2024-04-24T00:53:31,636  INFO [main] parse.CalcitePlanner: Creating table default.acidTbl2 position=24
2024-04-24T00:53:31,636  INFO [main] HiveMetaStore.audit: ugi=alex	ip=unknown-ip-addr	cmd=get_database: default	
2024-04-24T00:53:31,639  INFO [main] parse.CalcitePlanner: Ending caching scope for: 
2024-04-24T00:53:31,639  INFO [main] ql.Driver: Semantic Analysis Completed (retrial = false)
2024-04-24T00:53:31,639  INFO [main] ql.Driver: Created Hive schema: Schema(fieldSchemas:null, properties:null)
2024-04-24T00:53:31,640  INFO [main] metadata.Hive: Dumping metastore api call timing information for : compilation phase
2024-04-24T00:53:31,640  INFO [main] metadata.Hive: Total time spent in each metastore function (ms): {isCompatibleWith_(Configuration)=1, getValidTxns_(long)=1, getValidWriteIds_(List, String)=16, flushCache_()=0, commitTxn_(CommitTxnRequest)=16, getDatabase_(String)=3, openTxn_(String, TxnType)=4}
2024-04-24T00:53:31,640  INFO [main] ql.Driver: Completed compiling command(queryId=alex_20240424005331_d2954f0f-8e7b-4c11-8e07-a8c1efb278d6); Time taken: 0.026 seconds
2024-04-24T00:53:31,640  INFO [main] lockmgr.DbTxnManager: Setting lock request transaction to txnid:11 for queryId=alex_20240424005331_d2954f0f-8e7b-4c11-8e07-a8c1efb278d6
2024-04-24T00:53:31,641  INFO [main] lockmgr.DbLockManager: Requesting lock for queryId=alex_20240424005331_d2954f0f-8e7b-4c11-8e07-a8c1efb278d6
2024-04-24T00:53:31,667  INFO [main] lockmgr.DbLockManager: Response to queryId=alex_20240424005331_d2954f0f-8e7b-4c11-8e07-a8c1efb278d6 LockResponse(lockid:5, state:ACQUIRED)
2024-04-24T00:53:31,667  INFO [main] ql.Driver: Operation CREATETABLE obtained 1 locks
2024-04-24T00:53:31,668  INFO [main] ql.Driver: Executing command(queryId=alex_20240424005331_d2954f0f-8e7b-4c11-8e07-a8c1efb278d6): create temporary  table acidTbl2(a int, b int, c int) clustered by (c) into 2 buckets stored as orc TBLPROPERTIES ('transactional'='true')
2024-04-24T00:53:31,669  INFO [main] ql.Driver: Starting task [Stage-0:DDL] in serial mode
2024-04-24T00:53:31,671  INFO [main] utils.FileUtils: Creating directory if it doesn't exist: file:/home/alex/Repositories/hive/ql/target/tmp/scratchdir/alex/b8bea980-26cf-4ecb-93b4-cf7974ce2d23/_tmp_space.db/8a914aa4-4a57-4c94-9a0c-622532b8cff3
2024-04-24T00:53:31,674  INFO [main] metadata.Hive: Dumping metastore api call timing information for : execution phase
2024-04-24T00:53:31,674  INFO [main] metadata.Hive: Total time spent in each metastore function (ms): {isCompatibleWith_(Configuration)=0, createTable_(Table)=4}
2024-04-24T00:53:31,675  INFO [main] ql.Driver: Completed executing command(queryId=alex_20240424005331_d2954f0f-8e7b-4c11-8e07-a8c1efb278d6); Time taken: 0.006 seconds
2024-04-24T00:53:31,675  INFO [main] lockmgr.DbTxnManager: Stopped heartbeat for query: alex_20240424005331_d2954f0f-8e7b-4c11-8e07-a8c1efb278d6
2024-04-24T00:53:31,681  INFO [main] txn.TxnHandler: Expected to move at least one record from txn_components to completed_txn_components when committing txn! txnid:11
2024-04-24T00:53:31,690  INFO [main] txn.TxnHandler: Removed transactions: ([11]) from MIN_HISTORY_LEVEL
2024-04-24T00:53:31,690  WARN [main] txn.CompactionTxnHandler: No compaction queue record found for Compaction type transaction commit. txnId:11
2024-04-24T00:53:31,691  INFO [main] ql.TxnCommandsBaseForTests: Running the query: create table nonAcidNonBucket(a int, b int) stored as orc TBLPROPERTIES ('transactional'='false')
2024-04-24T00:53:31,692  INFO [main] ql.Driver: Compiling command(queryId=alex_20240424005331_0b7a6c7b-5b9d-4416-9a74-70e9fd6c3b71): create table nonAcidNonBucket(a int, b int) stored as orc TBLPROPERTIES ('transactional'='false')
2024-04-24T00:53:31,695  INFO [main] txn.TxnHandler: Added entries to MIN_HISTORY_LEVEL for current txns: ([12]) with min_open_txn: 1
2024-04-24T00:53:31,696  INFO [main] lockmgr.DbTxnManager: Opened txnid:12
2024-04-24T00:53:31,696  INFO [main] parse.CalcitePlanner: Starting caching scope for: 
2024-04-24T00:53:31,696  INFO [main] parse.CalcitePlanner: Starting Semantic Analysis
2024-04-24T00:53:31,700  INFO [main] parse.CalcitePlanner: Creating table default.nonAcidNonBucket position=13
2024-04-24T00:53:31,701  INFO [main] HiveMetaStore.audit: ugi=alex	ip=unknown-ip-addr	cmd=get_database: default	
2024-04-24T00:53:31,703  INFO [main] parse.CalcitePlanner: Ending caching scope for: 
2024-04-24T00:53:31,704  INFO [main] ql.Driver: Semantic Analysis Completed (retrial = false)
2024-04-24T00:53:31,704  INFO [main] ql.Driver: Created Hive schema: Schema(fieldSchemas:null, properties:null)
2024-04-24T00:53:31,704  INFO [main] metadata.Hive: Dumping metastore api call timing information for : compilation phase
2024-04-24T00:53:31,704  INFO [main] metadata.Hive: Total time spent in each metastore function (ms): {getValidTxns_(long)=0, openTxn_(String, TxnType)=3, isCompatibleWith_(Configuration)=1, flushCache_()=0, getValidWriteIds_(List, String)=3, commitTxn_(CommitTxnRequest)=16, getDatabase_(String)=3}
2024-04-24T00:53:31,704  INFO [main] ql.Driver: Completed compiling command(queryId=alex_20240424005331_0b7a6c7b-5b9d-4416-9a74-70e9fd6c3b71); Time taken: 0.012 seconds
2024-04-24T00:53:31,705  INFO [main] lockmgr.DbTxnManager: Setting lock request transaction to txnid:12 for queryId=alex_20240424005331_0b7a6c7b-5b9d-4416-9a74-70e9fd6c3b71
2024-04-24T00:53:31,705  INFO [main] lockmgr.DbLockManager: Requesting lock for queryId=alex_20240424005331_0b7a6c7b-5b9d-4416-9a74-70e9fd6c3b71
2024-04-24T00:53:31,729  INFO [main] lockmgr.DbLockManager: Response to queryId=alex_20240424005331_0b7a6c7b-5b9d-4416-9a74-70e9fd6c3b71 LockResponse(lockid:6, state:ACQUIRED)
2024-04-24T00:53:31,729  INFO [main] ql.Driver: Operation CREATETABLE obtained 1 locks
2024-04-24T00:53:31,730  INFO [main] ql.Driver: Executing command(queryId=alex_20240424005331_0b7a6c7b-5b9d-4416-9a74-70e9fd6c3b71): create table nonAcidNonBucket(a int, b int) stored as orc TBLPROPERTIES ('transactional'='false')
2024-04-24T00:53:31,730  INFO [main] ql.Driver: Starting task [Stage-0:DDL] in serial mode
2024-04-24T00:53:31,732  INFO [main] HiveMetaStore.audit: ugi=alex	ip=unknown-ip-addr	cmd=create_table_req: Table(tableName:nonAcidNonBucket, dbName:default, owner:alex, createTime:1713945211, lastAccessTime:0, retention:0, sd:StorageDescriptor(cols:[FieldSchema(name:a, type:int, comment:null), FieldSchema(name:b, type:int, comment:null)], location:null, inputFormat:org.apache.hadoop.hive.ql.io.orc.OrcInputFormat, outputFormat:org.apache.hadoop.hive.ql.io.orc.OrcOutputFormat, compressed:false, numBuckets:-1, serdeInfo:SerDeInfo(name:null, serializationLib:org.apache.hadoop.hive.ql.io.orc.OrcSerde, parameters:{serialization.format=1}), bucketCols:[], sortCols:[], parameters:{}, skewedInfo:SkewedInfo(skewedColNames:[], skewedColValues:[], skewedColValueLocationMaps:{}), storedAsSubDirectories:false), partitionKeys:[], parameters:{transactional=false, rawDataSize=0, totalSize=0, COLUMN_STATS_ACCURATE={"BASIC_STATS":"true","COLUMN_STATS":{"a":"true","b":"true"}}, numRows=0, bucketing_version=2, numFiles=0, numFilesErasureCoded=0}, viewOriginalText:null, viewExpandedText:null, tableType:MANAGED_TABLE, privileges:PrincipalPrivilegeSet(userPrivileges:{alex=[PrivilegeGrantInfo(privilege:INSERT, createTime:-1, grantor:alex, grantorType:USER, grantOption:true), PrivilegeGrantInfo(privilege:SELECT, createTime:-1, grantor:alex, grantorType:USER, grantOption:true), PrivilegeGrantInfo(privilege:UPDATE, createTime:-1, grantor:alex, grantorType:USER, grantOption:true), PrivilegeGrantInfo(privilege:DELETE, createTime:-1, grantor:alex, grantorType:USER, grantOption:true)]}, groupPrivileges:null, rolePrivileges:null), temporary:false, catName:hive, ownerType:USER)	
2024-04-24T00:53:31,740  INFO [main] utils.FileUtils: Creating directory if it doesn't exist: file:/home/alex/Repositories/hive/ql/target/tmp/org.apache.hadoop.hive.ql.TestTxnNoBuckets-1713945183193/warehouse/nonacidnonbucket
2024-04-24T00:53:31,763  INFO [main] metadata.Hive: Dumping metastore api call timing information for : execution phase
2024-04-24T00:53:31,763  INFO [main] metadata.Hive: Total time spent in each metastore function (ms): {createTable_(Table)=31, isCompatibleWith_(Configuration)=0}
2024-04-24T00:53:31,763  INFO [main] ql.Driver: Completed executing command(queryId=alex_20240424005331_0b7a6c7b-5b9d-4416-9a74-70e9fd6c3b71); Time taken: 0.033 seconds
2024-04-24T00:53:31,763  INFO [main] lockmgr.DbTxnManager: Stopped heartbeat for query: alex_20240424005331_0b7a6c7b-5b9d-4416-9a74-70e9fd6c3b71
2024-04-24T00:53:31,768  INFO [main] txn.TxnHandler: Expected to move at least one record from txn_components to completed_txn_components when committing txn! txnid:12
2024-04-24T00:53:31,775  INFO [main] txn.TxnHandler: Removed transactions: ([12]) from MIN_HISTORY_LEVEL
2024-04-24T00:53:31,775  WARN [main] txn.CompactionTxnHandler: No compaction queue record found for Compaction type transaction commit. txnId:12
2024-04-24T00:53:31,776  INFO [main] ql.TxnCommandsBaseForTests: Running the query: drop table if exists tmp
2024-04-24T00:53:31,776  INFO [main] ql.Driver: Compiling command(queryId=alex_20240424005331_af29189d-fe06-4ec7-8e28-e070ba3e11dd): drop table if exists tmp
2024-04-24T00:53:31,779  INFO [main] txn.TxnHandler: Added entries to MIN_HISTORY_LEVEL for current txns: ([13]) with min_open_txn: 1
2024-04-24T00:53:31,779  INFO [main] lockmgr.DbTxnManager: Opened txnid:13
2024-04-24T00:53:31,780  INFO [main] HiveMetaStore.audit: ugi=alex	ip=unknown-ip-addr	cmd=get_table : tbl=hive.default.tmp	
2024-04-24T00:53:31,784  INFO [main] ql.Driver: Semantic Analysis Completed (retrial = false)
2024-04-24T00:53:31,784  INFO [main] ql.Driver: Created Hive schema: Schema(fieldSchemas:null, properties:null)
2024-04-24T00:53:31,784  INFO [main] metadata.Hive: Dumping metastore api call timing information for : compilation phase
2024-04-24T00:53:31,784  INFO [main] metadata.Hive: Total time spent in each metastore function (ms): {getValidTxns_(long)=0, flushCache_()=0, isCompatibleWith_(Configuration)=0, commitTxn_(CommitTxnRequest)=13, openTxn_(String, TxnType)=2}
2024-04-24T00:53:31,784  INFO [main] ql.Driver: Completed compiling command(queryId=alex_20240424005331_af29189d-fe06-4ec7-8e28-e070ba3e11dd); Time taken: 0.008 seconds
2024-04-24T00:53:31,785  INFO [main] lockmgr.DbTxnManager: Setting lock request transaction to txnid:13 for queryId=alex_20240424005331_af29189d-fe06-4ec7-8e28-e070ba3e11dd
2024-04-24T00:53:31,785  INFO [main] ql.Driver: Operation DROPTABLE obtained 0 locks
2024-04-24T00:53:31,785  INFO [main] ql.Driver: Executing command(queryId=alex_20240424005331_af29189d-fe06-4ec7-8e28-e070ba3e11dd): drop table if exists tmp
2024-04-24T00:53:31,785  INFO [main] ql.Driver: Starting task [Stage-0:DDL] in serial mode
2024-04-24T00:53:31,785  INFO [main] HiveMetaStore.audit: ugi=alex	ip=unknown-ip-addr	cmd=get_table : tbl=hive.default.tmp	
2024-04-24T00:53:31,789  INFO [main] metadata.Hive: Dumping metastore api call timing information for : execution phase
2024-04-24T00:53:31,789  INFO [main] metadata.Hive: Total time spent in each metastore function (ms): {isCompatibleWith_(Configuration)=0}
2024-04-24T00:53:31,789  INFO [main] ql.Driver: Completed executing command(queryId=alex_20240424005331_af29189d-fe06-4ec7-8e28-e070ba3e11dd); Time taken: 0.004 seconds
2024-04-24T00:53:31,789  INFO [main] lockmgr.DbTxnManager: Stopped heartbeat for query: alex_20240424005331_af29189d-fe06-4ec7-8e28-e070ba3e11dd
2024-04-24T00:53:31,797  INFO [main] txn.TxnHandler: Expected to move at least one record from txn_components to completed_txn_components when committing txn! txnid:13
2024-04-24T00:53:31,807  INFO [main] txn.TxnHandler: Removed transactions: ([13]) from MIN_HISTORY_LEVEL
2024-04-24T00:53:31,807  WARN [main] txn.CompactionTxnHandler: No compaction queue record found for Compaction type transaction commit. txnId:13
2024-04-24T00:53:31,808  INFO [main] ql.TxnCommandsBaseForTests: Running the query: create table tmp (c1 integer, c2 integer) partitioned by (c3 integer) stored as orc tblproperties('transactional'='false')
2024-04-24T00:53:31,809  INFO [main] ql.Driver: Compiling command(queryId=alex_20240424005331_6284862e-c425-49d0-8d4e-96f65d1051e0): create table tmp (c1 integer, c2 integer) partitioned by (c3 integer) stored as orc tblproperties('transactional'='false')
2024-04-24T00:53:31,813  INFO [main] txn.TxnHandler: Added entries to MIN_HISTORY_LEVEL for current txns: ([14]) with min_open_txn: 1
2024-04-24T00:53:31,814  INFO [main] lockmgr.DbTxnManager: Opened txnid:14
2024-04-24T00:53:31,815  INFO [main] parse.CalcitePlanner: Starting caching scope for: 
2024-04-24T00:53:31,815  INFO [main] parse.CalcitePlanner: Starting Semantic Analysis
2024-04-24T00:53:31,823  INFO [main] parse.CalcitePlanner: Creating table default.tmp position=13
2024-04-24T00:53:31,823  INFO [main] HiveMetaStore.audit: ugi=alex	ip=unknown-ip-addr	cmd=get_database: default	
2024-04-24T00:53:31,826  INFO [main] parse.CalcitePlanner: Ending caching scope for: 
2024-04-24T00:53:31,826  INFO [main] ql.Driver: Semantic Analysis Completed (retrial = false)
2024-04-24T00:53:31,826  INFO [main] ql.Driver: Created Hive schema: Schema(fieldSchemas:null, properties:null)
2024-04-24T00:53:31,827  INFO [main] metadata.Hive: Dumping metastore api call timing information for : compilation phase
2024-04-24T00:53:31,827  INFO [main] metadata.Hive: Total time spent in each metastore function (ms): {commitTxn_(CommitTxnRequest)=19, openTxn_(String, TxnType)=4, getValidTxns_(long)=1, isCompatibleWith_(Configuration)=0, flushCache_()=0, getDatabase_(String)=3, getValidWriteIds_(List, String)=8}
2024-04-24T00:53:31,827  INFO [main] ql.Driver: Completed compiling command(queryId=alex_20240424005331_6284862e-c425-49d0-8d4e-96f65d1051e0); Time taken: 0.018 seconds
2024-04-24T00:53:31,828  INFO [main] lockmgr.DbTxnManager: Setting lock request transaction to txnid:14 for queryId=alex_20240424005331_6284862e-c425-49d0-8d4e-96f65d1051e0
2024-04-24T00:53:31,828  INFO [main] lockmgr.DbLockManager: Requesting lock for queryId=alex_20240424005331_6284862e-c425-49d0-8d4e-96f65d1051e0
2024-04-24T00:53:31,858  INFO [main] lockmgr.DbLockManager: Response to queryId=alex_20240424005331_6284862e-c425-49d0-8d4e-96f65d1051e0 LockResponse(lockid:7, state:ACQUIRED)
2024-04-24T00:53:31,858  INFO [main] ql.Driver: Operation CREATETABLE obtained 1 locks
2024-04-24T00:53:31,858  INFO [main] ql.Driver: Executing command(queryId=alex_20240424005331_6284862e-c425-49d0-8d4e-96f65d1051e0): create table tmp (c1 integer, c2 integer) partitioned by (c3 integer) stored as orc tblproperties('transactional'='false')
2024-04-24T00:53:31,858  INFO [main] ql.Driver: Starting task [Stage-0:DDL] in serial mode
2024-04-24T00:53:31,859  INFO [main] HiveMetaStore.audit: ugi=alex	ip=unknown-ip-addr	cmd=create_table_req: Table(tableName:tmp, dbName:default, owner:alex, createTime:1713945211, lastAccessTime:0, retention:0, sd:StorageDescriptor(cols:[FieldSchema(name:c1, type:int, comment:null), FieldSchema(name:c2, type:int, comment:null)], location:null, inputFormat:org.apache.hadoop.hive.ql.io.orc.OrcInputFormat, outputFormat:org.apache.hadoop.hive.ql.io.orc.OrcOutputFormat, compressed:false, numBuckets:-1, serdeInfo:SerDeInfo(name:null, serializationLib:org.apache.hadoop.hive.ql.io.orc.OrcSerde, parameters:{serialization.format=1}), bucketCols:[], sortCols:[], parameters:{}, skewedInfo:SkewedInfo(skewedColNames:[], skewedColValues:[], skewedColValueLocationMaps:{}), storedAsSubDirectories:false), partitionKeys:[FieldSchema(name:c3, type:int, comment:null)], parameters:{transactional=false, bucketing_version=2}, viewOriginalText:null, viewExpandedText:null, tableType:MANAGED_TABLE, privileges:PrincipalPrivilegeSet(userPrivileges:{alex=[PrivilegeGrantInfo(privilege:INSERT, createTime:-1, grantor:alex, grantorType:USER, grantOption:true), PrivilegeGrantInfo(privilege:SELECT, createTime:-1, grantor:alex, grantorType:USER, grantOption:true), PrivilegeGrantInfo(privilege:UPDATE, createTime:-1, grantor:alex, grantorType:USER, grantOption:true), PrivilegeGrantInfo(privilege:DELETE, createTime:-1, grantor:alex, grantorType:USER, grantOption:true)]}, groupPrivileges:null, rolePrivileges:null), temporary:false, catName:hive, ownerType:USER)	
2024-04-24T00:53:31,869  INFO [main] utils.FileUtils: Creating directory if it doesn't exist: file:/home/alex/Repositories/hive/ql/target/tmp/org.apache.hadoop.hive.ql.TestTxnNoBuckets-1713945183193/warehouse/tmp
2024-04-24T00:53:31,906  INFO [main] metadata.Hive: Dumping metastore api call timing information for : execution phase
2024-04-24T00:53:31,906  INFO [main] metadata.Hive: Total time spent in each metastore function (ms): {createTable_(Table)=47, isCompatibleWith_(Configuration)=0}
2024-04-24T00:53:31,907  INFO [main] ql.Driver: Completed executing command(queryId=alex_20240424005331_6284862e-c425-49d0-8d4e-96f65d1051e0); Time taken: 0.048 seconds
2024-04-24T00:53:31,907  INFO [main] lockmgr.DbTxnManager: Stopped heartbeat for query: alex_20240424005331_6284862e-c425-49d0-8d4e-96f65d1051e0
2024-04-24T00:53:31,911  INFO [main] txn.TxnHandler: Expected to move at least one record from txn_components to completed_txn_components when committing txn! txnid:14
2024-04-24T00:53:31,918  INFO [main] txn.TxnHandler: Removed transactions: ([14]) from MIN_HISTORY_LEVEL
2024-04-24T00:53:31,918  WARN [main] txn.CompactionTxnHandler: No compaction queue record found for Compaction type transaction commit. txnId:14
2024-04-24T00:53:31,919  INFO [main] ql.TxnCommandsBaseForTests: Running the query: insert into tmp  values(0,0,0),(3,3,3)
2024-04-24T00:53:31,919  INFO [main] ql.Driver: Compiling command(queryId=alex_20240424005331_519a8249-ea0b-4939-8bef-fae291218ada): insert into tmp  values(0,0,0),(3,3,3)
2024-04-24T00:53:31,922  INFO [main] txn.TxnHandler: Added entries to MIN_HISTORY_LEVEL for current txns: ([15]) with min_open_txn: 2
2024-04-24T00:53:31,923  INFO [main] lockmgr.DbTxnManager: Opened txnid:15
2024-04-24T00:53:31,923  INFO [main] parse.CalcitePlanner: Starting caching scope for: 
2024-04-24T00:53:31,923  INFO [main] parse.CalcitePlanner: Starting Semantic Analysis
2024-04-24T00:53:31,927  INFO [main] HiveMetaStore.audit: ugi=alex	ip=unknown-ip-addr	cmd=get_table : tbl=hive.default.tmp	
2024-04-24T00:53:31,970  INFO [main] metastore.HMSHandler: Skipping translation for processor with null
2024-04-24T00:53:31,970  INFO [main] parse.CalcitePlanner: Completed phase 1 of Semantic Analysis
2024-04-24T00:53:31,970  INFO [main] parse.CalcitePlanner: Get metadata for source tables
2024-04-24T00:53:31,970  INFO [main] parse.CalcitePlanner: Get metadata for subqueries
2024-04-24T00:53:31,971  INFO [main] parse.CalcitePlanner: Get metadata for destination tables
2024-04-24T00:53:31,971  INFO [main] HiveMetaStore.audit: ugi=alex	ip=unknown-ip-addr	cmd=get_table : tbl=hive.default.tmp	
2024-04-24T00:53:31,982  INFO [main] metastore.HMSHandler: Skipping translation for processor with null
2024-04-24T00:53:31,982  INFO [main] parse.CalcitePlanner: Completed getting MetaData in Semantic Analysis
2024-04-24T00:53:31,982  INFO [main] parse.CalcitePlanner: Disabling LLAP IO encode as ETL query is detected
2024-04-24T00:53:32,007  INFO [main] HiveMetaStore.audit: ugi=alex	ip=unknown-ip-addr	cmd=get_all_table_constraints : tbl=hive._dummy_database._dummy_table	
2024-04-24T00:53:32,102  INFO [main] parse.CalcitePlanner: Get metadata for source tables
2024-04-24T00:53:32,102  INFO [main] parse.CalcitePlanner: Get metadata for subqueries
2024-04-24T00:53:32,102  INFO [main] parse.CalcitePlanner: Get metadata for source tables
2024-04-24T00:53:32,103  INFO [main] HiveMetaStore.audit: ugi=alex	ip=unknown-ip-addr	cmd=get_table : tbl=hive._dummy_database._dummy_table	
2024-04-24T00:53:32,105  INFO [main] parse.CalcitePlanner: Get metadata for subqueries
2024-04-24T00:53:32,105  INFO [main] parse.CalcitePlanner: Get metadata for destination tables
2024-04-24T00:53:32,105  INFO [main] parse.CalcitePlanner: Get metadata for destination tables
2024-04-24T00:53:32,106  INFO [main] HiveMetaStore.audit: ugi=alex	ip=unknown-ip-addr	cmd=get_table : tbl=hive.default.tmp	
2024-04-24T00:53:32,118  INFO [main] metastore.HMSHandler: Skipping translation for processor with null
2024-04-24T00:53:32,122  INFO [main] common.FileUtils: Creating directory if it doesn't exist: file:/home/alex/Repositories/hive/ql/target/tmp/org.apache.hadoop.hive.ql.TestTxnNoBuckets-1713945183193/warehouse/tmp/.hive-staging_hive_2024-04-24_00-53-31_919_1699868300653250574-1
2024-04-24T00:53:32,124  INFO [main] HiveMetaStore.audit: ugi=alex	ip=unknown-ip-addr	cmd=get_not_null_constraints : tbl=hive.default.tmp	
2024-04-24T00:53:32,126  INFO [main] HiveMetaStore.audit: ugi=alex	ip=unknown-ip-addr	cmd=get_check_constraints : tbl=hive.default.tmp	
2024-04-24T00:53:32,128  INFO [main] parse.CalcitePlanner: CBO Succeeded; optimized logical plan.
2024-04-24T00:53:32,133  INFO [main] optimizer.BucketVersionPopulator: not considering bucketingVersion for: TS[0] because it has -1<2 buckets 
2024-04-24T00:53:32,133  INFO [main] optimizer.SortedDynPartitionOptimizer: Sorted dynamic partitioning optimization kicked in..
2024-04-24T00:53:32,135  INFO [main] optimizer.SortedDynPartitionOptimizer: Inserted RS_5 and SEL_6 as parent of FS_4 and child of SEL_3
2024-04-24T00:53:32,144  INFO [main] HiveMetaStore.audit: ugi=alex	ip=unknown-ip-addr	cmd=get_table : tbl=hive.default.tmp	
2024-04-24T00:53:32,158  INFO [main] metastore.HMSHandler: Skipping translation for processor with null
2024-04-24T00:53:32,159  INFO [main] physical.Vectorizer: Examining input format to see if vectorization is enabled.
2024-04-24T00:53:32,159  INFO [main] physical.Vectorizer: Map vectorization enabled: false
2024-04-24T00:53:32,159  INFO [main] physical.Vectorizer: Map vectorized: false
2024-04-24T00:53:32,159  INFO [main] physical.Vectorizer: Map vectorizedVertexNum: 0
2024-04-24T00:53:32,159  INFO [main] physical.Vectorizer: Map enabledConditionsMet: [hive.vectorized.use.vectorized.input.format IS true]
2024-04-24T00:53:32,159  INFO [main] physical.Vectorizer: Map enabledConditionsNotMet: [Could not enable vectorization due to partition column names size 1 is greater than the number of table column names size 0 IS false]
2024-04-24T00:53:32,159  INFO [main] physical.Vectorizer: Map inputFileFormatClassNameSet: [org.apache.hadoop.hive.ql.io.NullRowsInputFormat]
2024-04-24T00:53:32,159  INFO [main] physical.Vectorizer: Reduce vectorization enabled: false
2024-04-24T00:53:32,159  INFO [main] physical.Vectorizer: Reduce vectorized: false
2024-04-24T00:53:32,159  INFO [main] physical.Vectorizer: Reduce vectorizedVertexNum: 1
2024-04-24T00:53:32,159  INFO [main] physical.Vectorizer: Reducer hive.vectorized.execution.reduce.enabled: true
2024-04-24T00:53:32,159  INFO [main] physical.Vectorizer: Reducer engine: mr
2024-04-24T00:53:32,160  INFO [main] parse.CalcitePlanner: Completed plan generation
2024-04-24T00:53:32,160  INFO [main] parse.CalcitePlanner: Ending caching scope for: 
2024-04-24T00:53:32,160  INFO [main] ql.Driver: Semantic Analysis Completed (retrial = false)
2024-04-24T00:53:32,160  INFO [main] ql.Driver: Created Hive schema: Schema(fieldSchemas:[FieldSchema(name:col1, type:int, comment:null), FieldSchema(name:col2, type:int, comment:null), FieldSchema(name:col3, type:int, comment:null)], properties:null)
2024-04-24T00:53:32,160  INFO [main] metadata.Hive: Dumping metastore api call timing information for : compilation phase
2024-04-24T00:53:32,160  INFO [main] metadata.Hive: Total time spent in each metastore function (ms): {getNotNullConstraints_(NotNullConstraintsRequest)=2, getValidWriteIds_(List, String)=3, getMetaConf_(String)=0, getAllTableConstraints_(AllTableConstraintsRequest)=34, getCheckConstraints_(CheckConstraintsRequest)=1, isCompatibleWith_(Configuration)=0, getTable_(GetTableRequest)=80, flushCache_()=0, commitTxn_(CommitTxnRequest)=11, getValidTxns_(long)=0, openTxn_(String, TxnType)=3}
2024-04-24T00:53:32,160  INFO [main] ql.Driver: Completed compiling command(queryId=alex_20240424005331_519a8249-ea0b-4939-8bef-fae291218ada); Time taken: 0.241 seconds
2024-04-24T00:53:32,161  INFO [main] lockmgr.DbTxnManager: Setting lock request transaction to txnid:15 for queryId=alex_20240424005331_519a8249-ea0b-4939-8bef-fae291218ada
2024-04-24T00:53:32,161  INFO [main] lockmgr.DbLockManager: Requesting lock for queryId=alex_20240424005331_519a8249-ea0b-4939-8bef-fae291218ada
2024-04-24T00:53:32,177  INFO [main] lockmgr.DbLockManager: Response to queryId=alex_20240424005331_519a8249-ea0b-4939-8bef-fae291218ada LockResponse(lockid:8, state:ACQUIRED)
2024-04-24T00:53:32,177  INFO [main] ql.Driver: Operation QUERY obtained 1 locks
2024-04-24T00:53:32,177  INFO [main] ql.Driver: Executing command(queryId=alex_20240424005331_519a8249-ea0b-4939-8bef-fae291218ada): insert into tmp  values(0,0,0),(3,3,3)
2024-04-24T00:53:32,178  WARN [main] ql.Driver: Hive-on-MR is deprecated in Hive 2 and may not be available in the future versions. Consider using a different execution engine (i.e. spark, tez) or using Hive 1.X releases.
Query ID = alex_20240424005331_519a8249-ea0b-4939-8bef-fae291218ada
2024-04-24T00:53:32,178  INFO [main] ql.Driver: Query ID = alex_20240424005331_519a8249-ea0b-4939-8bef-fae291218ada
Total jobs = 1
2024-04-24T00:53:32,178  INFO [main] ql.Driver: Total jobs = 1
Launching Job 1 out of 1
2024-04-24T00:53:32,178  INFO [main] ql.Driver: Launching Job 1 out of 1
2024-04-24T00:53:32,320  INFO [main] ql.Driver: Starting task [Stage-1:MAPRED] in serial mode
2024-04-24T00:53:32,320  INFO [main] exec.Utilities: Not using thread pool for getContentSummary
2024-04-24T00:53:32,321  INFO [main] exec.Utilities: BytesPerReducer=256000000 maxReducers=1009 totalInputFileSize=1
Number of reduce tasks not specified. Estimated from input data size: 1
2024-04-24T00:53:32,322  INFO [main] exec.Task: Number of reduce tasks not specified. Estimated from input data size: 1
In order to change the average load for a reducer (in bytes):
2024-04-24T00:53:32,322  INFO [main] exec.Task: In order to change the average load for a reducer (in bytes):
  set hive.exec.reducers.bytes.per.reducer=<number>
2024-04-24T00:53:32,322  INFO [main] exec.Task:   set hive.exec.reducers.bytes.per.reducer=<number>
In order to limit the maximum number of reducers:
2024-04-24T00:53:32,322  INFO [main] exec.Task: In order to limit the maximum number of reducers:
  set hive.exec.reducers.max=<number>
2024-04-24T00:53:32,322  INFO [main] exec.Task:   set hive.exec.reducers.max=<number>
In order to set a constant number of reducers:
2024-04-24T00:53:32,322  INFO [main] exec.Task: In order to set a constant number of reducers:
  set mapreduce.job.reduces=<number>
2024-04-24T00:53:32,322  INFO [main] exec.Task:   set mapreduce.job.reduces=<number>
2024-04-24T00:53:32,324  INFO [main] mr.ExecDriver: Using org.apache.hadoop.hive.ql.io.HiveInputFormat
2024-04-24T00:53:32,324  INFO [main] exec.Utilities: Processing alias $hdt$_0:_dummy_table
2024-04-24T00:53:32,324  INFO [main] exec.Utilities: Adding 1 inputs; the first input is file:/home/alex/Repositories/hive/ql/target/tmp/localscratchdir/b8bea980-26cf-4ecb-93b4-cf7974ce2d23/hive_2024-04-24_00-53-31_919_1699868300653250574-1/dummy_path
2024-04-24T00:53:32,334  INFO [main] exec.SerializationUtilities: Serializing MapWork using kryo
2024-04-24T00:53:32,335  INFO [main] exec.Utilities: Serialized plan (via FILE) - name: null size: 5,39KB
2024-04-24T00:53:32,340  INFO [main] exec.SerializationUtilities: Serializing ReduceWork using kryo
2024-04-24T00:53:32,341  INFO [main] exec.Utilities: Serialized plan (via FILE) - name: null size: 6,46KB
2024-04-24T00:53:32,343  WARN [main] impl.MetricsSystemImpl: JobTracker metrics system already initialized!
2024-04-24T00:53:32,347  INFO [main] fs.FSStatsPublisher: created : file:/home/alex/Repositories/hive/ql/target/tmp/localscratchdir/b8bea980-26cf-4ecb-93b4-cf7974ce2d23/hive_2024-04-24_00-53-31_919_1699868300653250574-1/-mr-10001
2024-04-24T00:53:32,353  WARN [main] impl.MetricsSystemImpl: JobTracker metrics system already initialized!
2024-04-24T00:53:32,361  WARN [main] mapreduce.JobResourceUploader: Hadoop command-line option parsing not performed. Implement the Tool interface and execute your application with ToolRunner to remedy this.
2024-04-24T00:53:32,366  WARN [main] mapreduce.JobResourceUploader: No job jar file set.  User classes may not be found. See Job or Job#setJar(String).
2024-04-24T00:53:32,367  INFO [main] io.HiveInputFormat: hive.io.file.readcolumn.ids = 
2024-04-24T00:53:32,367  INFO [main] io.HiveInputFormat: hive.io.file.readcolumn.names = 
2024-04-24T00:53:32,367  INFO [main] io.HiveInputFormat: Generating splits for dirs: file:/home/alex/Repositories/hive/ql/target/tmp/localscratchdir/b8bea980-26cf-4ecb-93b4-cf7974ce2d23/hive_2024-04-24_00-53-31_919_1699868300653250574-1/dummy_path
2024-04-24T00:53:32,368  INFO [main] io.HiveInputFormat: number of splits 1
2024-04-24T00:53:32,387  INFO [main] mapreduce.JobSubmitter: number of splits:1
2024-04-24T00:53:32,408  INFO [main] mapreduce.JobSubmitter: Submitting tokens for job: job_local562488145_0008
2024-04-24T00:53:32,408  INFO [main] mapreduce.JobSubmitter: Executing with tokens: []
2024-04-24T00:53:32,474  INFO [main] mapreduce.Job: The url to track the job: http://localhost:8080/
Job running in-process (local Hadoop)
2024-04-24T00:53:32,474  INFO [main] exec.Task: Job running in-process (local Hadoop)
2024-04-24T00:53:32,474  INFO [Thread-491] mapred.LocalJobRunner: OutputCommitter set in config org.apache.hadoop.hive.ql.io.HiveFileFormatUtils$NullOutputCommitter
2024-04-24T00:53:32,474  INFO [Thread-491] mapred.LocalJobRunner: OutputCommitter is org.apache.hadoop.hive.ql.io.HiveFileFormatUtils$NullOutputCommitter
2024-04-24T00:53:32,476  INFO [Thread-491] mapred.LocalJobRunner: Waiting for map tasks
2024-04-24T00:53:32,476  INFO [LocalJobRunner Map Task Executor #0] mapred.LocalJobRunner: Starting task: attempt_local562488145_0008_m_000000_0
2024-04-24T00:53:32,479  INFO [LocalJobRunner Map Task Executor #0] mapred.Task:  Using ResourceCalculatorProcessTree : [ ]
2024-04-24T00:53:32,480  INFO [LocalJobRunner Map Task Executor #0] mapred.MapTask: Processing split: org.apache.hadoop.hive.ql.io.NullRowsInputFormat:file:/home/alex/Repositories/hive/ql/target/tmp/localscratchdir/b8bea980-26cf-4ecb-93b4-cf7974ce2d23/hive_2024-04-24_00-53-31_919_1699868300653250574-1/dummy_path/null:0+1
2024-04-24T00:53:32,482  INFO [LocalJobRunner Map Task Executor #0] exec.SerializationUtilities: Deserializing MapWork using kryo
2024-04-24T00:53:32,484  INFO [LocalJobRunner Map Task Executor #0] exec.Utilities: Deserialized plan (via FILE) - name: null size: 5,39KB
2024-04-24T00:53:32,484  INFO [LocalJobRunner Map Task Executor #0] mapred.MapTask: numReduceTasks: 1
2024-04-24T00:53:32,490  INFO [LocalJobRunner Map Task Executor #0] mapred.MapTask: (EQUATOR) 0 kvi 26214396(104857584)
2024-04-24T00:53:32,490  INFO [LocalJobRunner Map Task Executor #0] mapred.MapTask: mapreduce.task.io.sort.mb: 100
2024-04-24T00:53:32,490  INFO [LocalJobRunner Map Task Executor #0] mapred.MapTask: soft limit at 83886080
2024-04-24T00:53:32,490  INFO [LocalJobRunner Map Task Executor #0] mapred.MapTask: bufstart = 0; bufvoid = 104857600
2024-04-24T00:53:32,490  INFO [LocalJobRunner Map Task Executor #0] mapred.MapTask: kvstart = 26214396; length = 6553600
2024-04-24T00:53:32,491  INFO [LocalJobRunner Map Task Executor #0] mapred.MapTask: Map output collector class = org.apache.hadoop.mapred.MapTask$MapOutputBuffer
2024-04-24T00:53:32,491  INFO [LocalJobRunner Map Task Executor #0] exec.MapOperator: Initializing Operator: MAP[0]
2024-04-24T00:53:32,492  INFO [LocalJobRunner Map Task Executor #0] mr.ExecMapper: 
<MAP>Id =0
  <Children>null
  <\Children>
  <Parent><\Parent>
<\MAP>
2024-04-24T00:53:32,493  INFO [LocalJobRunner Map Task Executor #0] exec.TableScanOperator: Initializing Operator: TS[0]
2024-04-24T00:53:32,493  INFO [LocalJobRunner Map Task Executor #0] exec.SelectOperator: Initializing Operator: SEL[1]
2024-04-24T00:53:32,493  INFO [LocalJobRunner Map Task Executor #0] exec.SelectOperator: SELECT null
2024-04-24T00:53:32,494  INFO [LocalJobRunner Map Task Executor #0] exec.UDTFOperator: Initializing Operator: UDTF[2]
2024-04-24T00:53:32,494  INFO [LocalJobRunner Map Task Executor #0] exec.SelectOperator: Initializing Operator: SEL[3]
2024-04-24T00:53:32,494  INFO [LocalJobRunner Map Task Executor #0] exec.SelectOperator: SELECT struct<col1:int,col2:int,col3:int>
2024-04-24T00:53:32,494  INFO [LocalJobRunner Map Task Executor #0] exec.ReduceSinkOperator: Initializing Operator: RS[5]
2024-04-24T00:53:32,494  INFO [LocalJobRunner Map Task Executor #0] exec.ReduceSinkOperator: Using tag = -1
2024-04-24T00:53:32,495  INFO [LocalJobRunner Map Task Executor #0] exec.ReduceSinkOperator: keys are [_col2] num distributions: 1
2024-04-24T00:53:32,495  INFO [LocalJobRunner Map Task Executor #0] exec.ReduceSinkOperator: RS[5]: records written - 1
2024-04-24T00:53:32,495  INFO [LocalJobRunner Map Task Executor #0] exec.MapOperator: MAP[0]: records read - 1
2024-04-24T00:53:32,496  INFO [LocalJobRunner Map Task Executor #0] exec.MapOperator: Closing Operator: MAP[0]
2024-04-24T00:53:32,496  INFO [LocalJobRunner Map Task Executor #0] exec.MapOperator: MAP[0]: Total records read - 3. abort - false
2024-04-24T00:53:32,496  INFO [LocalJobRunner Map Task Executor #0] exec.MapOperator: RECORDS_OUT_OPERATOR_MAP_0:0, DESERIALIZE_ERRORS:0, RECORDS_IN:3, RECORDS_OUT_INTERMEDIATE:0, 
2024-04-24T00:53:32,496  INFO [LocalJobRunner Map Task Executor #0] exec.TableScanOperator: Closing Operator: TS[0]
2024-04-24T00:53:32,496  INFO [LocalJobRunner Map Task Executor #0] exec.TableScanOperator: RECORDS_OUT_INTERMEDIATE:0, RECORDS_OUT_OPERATOR_TS_0:1, 
2024-04-24T00:53:32,496  INFO [LocalJobRunner Map Task Executor #0] exec.SelectOperator: Closing Operator: SEL[1]
2024-04-24T00:53:32,496  INFO [LocalJobRunner Map Task Executor #0] exec.SelectOperator: RECORDS_OUT_OPERATOR_SEL_1:1, RECORDS_OUT_INTERMEDIATE:0, 
2024-04-24T00:53:32,496  INFO [LocalJobRunner Map Task Executor #0] exec.UDTFOperator: Closing Operator: UDTF[2]
2024-04-24T00:53:32,496  INFO [LocalJobRunner Map Task Executor #0] exec.UDTFOperator: RECORDS_OUT_OPERATOR_UDTF_2:2, RECORDS_OUT_INTERMEDIATE:0, 
2024-04-24T00:53:32,496  INFO [LocalJobRunner Map Task Executor #0] exec.SelectOperator: Closing Operator: SEL[3]
2024-04-24T00:53:32,496  INFO [LocalJobRunner Map Task Executor #0] exec.SelectOperator: RECORDS_OUT_OPERATOR_SEL_3:2, RECORDS_OUT_INTERMEDIATE:0, 
2024-04-24T00:53:32,496  INFO [LocalJobRunner Map Task Executor #0] exec.ReduceSinkOperator: Closing Operator: RS[5]
2024-04-24T00:53:32,496  INFO [LocalJobRunner Map Task Executor #0] exec.ReduceSinkOperator: RS[5]: Total records written - 2. abort - false
2024-04-24T00:53:32,496  INFO [LocalJobRunner Map Task Executor #0] exec.ReduceSinkOperator: RECORDS_OUT_INTERMEDIATE:2, RECORDS_OUT_OPERATOR_RS_5:2, 
2024-04-24T00:53:32,500  INFO [LocalJobRunner Map Task Executor #0] mapred.LocalJobRunner: 
2024-04-24T00:53:32,500  INFO [LocalJobRunner Map Task Executor #0] mapred.MapTask: Starting flush of map output
2024-04-24T00:53:32,500  INFO [LocalJobRunner Map Task Executor #0] mapred.MapTask: Spilling map output
2024-04-24T00:53:32,500  INFO [LocalJobRunner Map Task Executor #0] mapred.MapTask: bufstart = 0; bufend = 34; bufvoid = 104857600
2024-04-24T00:53:32,500  INFO [LocalJobRunner Map Task Executor #0] mapred.MapTask: kvstart = 26214396(104857584); kvend = 26214392(104857568); length = 5/6553600
2024-04-24T00:53:32,511  INFO [LocalJobRunner Map Task Executor #0] mapred.MapTask: Finished spill 0
2024-04-24T00:53:32,518  INFO [LocalJobRunner Map Task Executor #0] mapred.Task: Task:attempt_local562488145_0008_m_000000_0 is done. And is in the process of committing
2024-04-24T00:53:32,519  INFO [LocalJobRunner Map Task Executor #0] mapred.LocalJobRunner: map
2024-04-24T00:53:32,519  INFO [LocalJobRunner Map Task Executor #0] mapred.Task: Task 'attempt_local562488145_0008_m_000000_0' done.
2024-04-24T00:53:32,519  INFO [LocalJobRunner Map Task Executor #0] mapred.Task: Final Counters for attempt_local562488145_0008_m_000000_0: Counters: 26
	File System Counters
		FILE: Number of bytes read=134665
		FILE: Number of bytes written=9614870
		FILE: Number of read operations=0
		FILE: Number of large read operations=0
		FILE: Number of write operations=0
	Map-Reduce Framework
		Map input records=4
		Map output records=2
		Map output bytes=34
		Map output materialized bytes=44
		Input split bytes=361
		Combine input records=0
		Spilled Records=2
		Failed Shuffles=0
		Merged Map outputs=0
		GC time elapsed (ms)=0
		Total committed heap usage (bytes)=1119354880
	HIVE
		DESERIALIZE_ERRORS=0
		RECORDS_IN=3
		RECORDS_OUT_INTERMEDIATE=2
		RECORDS_OUT_OPERATOR_MAP_0=0
		RECORDS_OUT_OPERATOR_RS_5=2
		RECORDS_OUT_OPERATOR_SEL_1=1
		RECORDS_OUT_OPERATOR_SEL_3=2
		RECORDS_OUT_OPERATOR_TS_0=1
		RECORDS_OUT_OPERATOR_UDTF_2=2
	File Input Format Counters 
		Bytes Read=5446
2024-04-24T00:53:32,519  INFO [LocalJobRunner Map Task Executor #0] mapred.LocalJobRunner: Finishing task: attempt_local562488145_0008_m_000000_0
2024-04-24T00:53:32,519  INFO [Thread-491] mapred.LocalJobRunner: map task executor complete.
2024-04-24T00:53:32,521  INFO [Thread-491] mapred.LocalJobRunner: Waiting for reduce tasks
2024-04-24T00:53:32,521  INFO [pool-33-thread-1] mapred.LocalJobRunner: Starting task: attempt_local562488145_0008_r_000000_0
2024-04-24T00:53:32,524  INFO [pool-33-thread-1] mapred.Task:  Using ResourceCalculatorProcessTree : [ ]
2024-04-24T00:53:32,524  INFO [pool-33-thread-1] mapred.ReduceTask: Using ShuffleConsumerPlugin: org.apache.hadoop.mapreduce.task.reduce.Shuffle@bc8cec4
2024-04-24T00:53:32,524  WARN [pool-33-thread-1] impl.MetricsSystemImpl: JobTracker metrics system already initialized!
2024-04-24T00:53:32,525  INFO [pool-33-thread-1] reduce.MergeManagerImpl: MergerManager: memoryLimit=1336252800, maxSingleShuffleLimit=334063200, mergeThreshold=881926912, ioSortFactor=10, memToMemMergeOutputsThreshold=10
2024-04-24T00:53:32,526  INFO [EventFetcher for fetching Map Completion Events] reduce.EventFetcher: attempt_local562488145_0008_r_000000_0 Thread started: EventFetcher for fetching Map Completion Events
2024-04-24T00:53:32,529  INFO [localfetcher#5] reduce.LocalFetcher: localfetcher#5 about to shuffle output of map attempt_local562488145_0008_m_000000_0 decomp: 40 len: 44 to MEMORY
2024-04-24T00:53:32,529  INFO [localfetcher#5] reduce.InMemoryMapOutput: Read 40 bytes from map-output for attempt_local562488145_0008_m_000000_0
2024-04-24T00:53:32,529  INFO [localfetcher#5] reduce.MergeManagerImpl: closeInMemoryFile -> map-output of size: 40, inMemoryMapOutputs.size() -> 1, commitMemory -> 0, usedMemory ->40
2024-04-24T00:53:32,529  INFO [EventFetcher for fetching Map Completion Events] reduce.EventFetcher: EventFetcher is interrupted.. Returning
2024-04-24T00:53:32,530  INFO [pool-33-thread-1] mapred.LocalJobRunner: 1 / 1 copied.
2024-04-24T00:53:32,530  INFO [pool-33-thread-1] reduce.MergeManagerImpl: finalMerge called with 1 in-memory map-outputs and 0 on-disk map-outputs
2024-04-24T00:53:32,536  INFO [pool-33-thread-1] mapred.Merger: Merging 1 sorted segments
2024-04-24T00:53:32,536  INFO [pool-33-thread-1] mapred.Merger: Down to the last merge-pass, with 1 segments left of total size: 28 bytes
2024-04-24T00:53:32,539  INFO [pool-33-thread-1] reduce.MergeManagerImpl: Merged 1 segments, 40 bytes to disk to satisfy reduce memory limit
2024-04-24T00:53:32,539  INFO [pool-33-thread-1] reduce.MergeManagerImpl: Merging 1 files, 44 bytes from disk
2024-04-24T00:53:32,539  INFO [pool-33-thread-1] reduce.MergeManagerImpl: Merging 0 segments, 0 bytes from memory into reduce
2024-04-24T00:53:32,539  INFO [pool-33-thread-1] mapred.Merger: Merging 1 sorted segments
2024-04-24T00:53:32,539  INFO [pool-33-thread-1] mapred.Merger: Down to the last merge-pass, with 1 segments left of total size: 28 bytes
2024-04-24T00:53:32,540  INFO [pool-33-thread-1] mapred.LocalJobRunner: 1 / 1 copied.
2024-04-24T00:53:32,541  INFO [pool-33-thread-1] exec.SerializationUtilities: Deserializing ReduceWork using kryo
2024-04-24T00:53:32,542  INFO [pool-33-thread-1] exec.Utilities: Deserialized plan (via FILE) - name: null size: 6,46KB
2024-04-24T00:53:32,543  INFO [pool-33-thread-1] ExecReducer: 
<SEL>Id =6
  <Children>
    <FS>Id =4
      <Children>
      <\Children>
      <Parent>Id = 6 null<\Parent>
    <\FS>
  <\Children>
  <Parent><\Parent>
<\SEL>
2024-04-24T00:53:32,543  INFO [pool-33-thread-1] exec.SelectOperator: Initializing Operator: SEL[6]
2024-04-24T00:53:32,543  INFO [pool-33-thread-1] exec.SelectOperator: SELECT struct<key:struct<_col2:int>,value:struct<_col0:int,_col1:int>>
2024-04-24T00:53:32,543  INFO [pool-33-thread-1] exec.FileSinkOperator: Initializing Operator: FS[4]
2024-04-24T00:53:32,544  INFO [pool-33-thread-1] exec.FileSinkOperator: Using serializer : AbstractSerDe [log=org.apache.logging.slf4j.Log4jLogger@22a08b61, configuration=Optional[Configuration: core-default.xml, core-site.xml, mapred-default.xml, mapred-site.xml, yarn-default.xml, yarn-site.xml, hdfs-default.xml, hdfs-site.xml, file:/home/alex/Repositories/hive/ql/target/tmp/TestTxnNoBucketsVectorized/mapred/local/localRunner/alex/job_local562488145_0008/job_local562488145_0008.xml], properties={name=default.tmp, columns.types=int:int, serialization.format=1, columns=c1,c2, columns.comments=&amp#0;, partition_columns.types=int, partition_columns=c3, bucketing_version=2, serialization.lib=org.apache.hadoop.hive.ql.io.orc.OrcSerde, file.inputformat=org.apache.hadoop.hive.ql.io.orc.OrcInputFormat, file.outputformat=org.apache.hadoop.hive.ql.io.orc.OrcOutputFormat, location=file:/home/alex/Repositories/hive/ql/target/tmp/org.apache.hadoop.hive.ql.TestTxnNoBuckets-1713945183193/warehouse/tmp, column.name.delimiter=,}, tableProperties={name=default.tmp, columns.types=int:int, serialization.format=1, columns=c1,c2, columns.comments=&amp#0;, partition_columns.types=int, partition_columns=c3, bucketing_version=2, serialization.lib=org.apache.hadoop.hive.ql.io.orc.OrcSerde, file.inputformat=org.apache.hadoop.hive.ql.io.orc.OrcInputFormat, location=file:/home/alex/Repositories/hive/ql/target/tmp/org.apache.hadoop.hive.ql.TestTxnNoBuckets-1713945183193/warehouse/tmp, file.outputformat=org.apache.hadoop.hive.ql.io.orc.OrcOutputFormat, column.name.delimiter=,}, partitionProperties=Optional.empty, columnNames=[c1, c2], columnTypes=[int, int], getClass()=class org.apache.hadoop.hive.ql.io.orc.OrcSerde] and formatter : org.apache.hadoop.hive.ql.io.orc.OrcOutputFormat@57c7b09c
2024-04-24T00:53:32,546  INFO [pool-33-thread-1] exec.FileSinkOperator: Final Path: FS file:/home/alex/Repositories/hive/ql/target/tmp/org.apache.hadoop.hive.ql.TestTxnNoBuckets-1713945183193/warehouse/tmp/.hive-staging_hive_2024-04-24_00-53-31_919_1699868300653250574-1/_tmp.-ext-10000/c3=0/000000_0
2024-04-24T00:53:32,546  INFO [pool-33-thread-1] exec.FileSinkOperator: Writing to temp file: FS file:/home/alex/Repositories/hive/ql/target/tmp/org.apache.hadoop.hive.ql.TestTxnNoBuckets-1713945183193/warehouse/tmp/.hive-staging_hive_2024-04-24_00-53-31_919_1699868300653250574-1/_task_tmp.-ext-10000/c3=0/_tmp.000000_0
2024-04-24T00:53:32,546  INFO [pool-33-thread-1] exec.FileSinkOperator: New Final Path: FS file:/home/alex/Repositories/hive/ql/target/tmp/org.apache.hadoop.hive.ql.TestTxnNoBuckets-1713945183193/warehouse/tmp/.hive-staging_hive_2024-04-24_00-53-31_919_1699868300653250574-1/_tmp.-ext-10000/c3=0/000000_0
2024-04-24T00:53:32,551  INFO [pool-33-thread-1] exec.FileSinkOperator: FS[4]: records written - 1
2024-04-24T00:53:32,551  INFO [pool-33-thread-1] impl.PhysicalFsWriter: ORC writer created for path: file:/home/alex/Repositories/hive/ql/target/tmp/org.apache.hadoop.hive.ql.TestTxnNoBuckets-1713945183193/warehouse/tmp/.hive-staging_hive_2024-04-24_00-53-31_919_1699868300653250574-1/_task_tmp.-ext-10000/c3=0/_tmp.000000_0 with stripeSize: 67108864 blockSize: 268435456 compression: Compress: ZLIB buffer: 262144
2024-04-24T00:53:32,557  INFO [pool-33-thread-1] impl.WriterImpl: ORC writer created for path: file:/home/alex/Repositories/hive/ql/target/tmp/org.apache.hadoop.hive.ql.TestTxnNoBuckets-1713945183193/warehouse/tmp/.hive-staging_hive_2024-04-24_00-53-31_919_1699868300653250574-1/_task_tmp.-ext-10000/c3=0/_tmp.000000_0 with stripeSize: 67108864 options: Compress: ZLIB buffer: 262144
2024-04-24T00:53:32,559  INFO [pool-33-thread-1] exec.FileSinkOperator: Final Path: FS file:/home/alex/Repositories/hive/ql/target/tmp/org.apache.hadoop.hive.ql.TestTxnNoBuckets-1713945183193/warehouse/tmp/.hive-staging_hive_2024-04-24_00-53-31_919_1699868300653250574-1/_tmp.-ext-10000/c3=3/000000_0
2024-04-24T00:53:32,559  INFO [pool-33-thread-1] exec.FileSinkOperator: Writing to temp file: FS file:/home/alex/Repositories/hive/ql/target/tmp/org.apache.hadoop.hive.ql.TestTxnNoBuckets-1713945183193/warehouse/tmp/.hive-staging_hive_2024-04-24_00-53-31_919_1699868300653250574-1/_task_tmp.-ext-10000/c3=3/_tmp.000000_0
2024-04-24T00:53:32,559  INFO [pool-33-thread-1] exec.FileSinkOperator: New Final Path: FS file:/home/alex/Repositories/hive/ql/target/tmp/org.apache.hadoop.hive.ql.TestTxnNoBuckets-1713945183193/warehouse/tmp/.hive-staging_hive_2024-04-24_00-53-31_919_1699868300653250574-1/_tmp.-ext-10000/c3=3/000000_0
2024-04-24T00:53:32,562  INFO [pool-33-thread-1] impl.PhysicalFsWriter: ORC writer created for path: file:/home/alex/Repositories/hive/ql/target/tmp/org.apache.hadoop.hive.ql.TestTxnNoBuckets-1713945183193/warehouse/tmp/.hive-staging_hive_2024-04-24_00-53-31_919_1699868300653250574-1/_task_tmp.-ext-10000/c3=3/_tmp.000000_0 with stripeSize: 67108864 blockSize: 268435456 compression: Compress: ZLIB buffer: 262144
2024-04-24T00:53:32,567  INFO [pool-33-thread-1] impl.WriterImpl: ORC writer created for path: file:/home/alex/Repositories/hive/ql/target/tmp/org.apache.hadoop.hive.ql.TestTxnNoBuckets-1713945183193/warehouse/tmp/.hive-staging_hive_2024-04-24_00-53-31_919_1699868300653250574-1/_task_tmp.-ext-10000/c3=3/_tmp.000000_0 with stripeSize: 67108864 options: Compress: ZLIB buffer: 262144
2024-04-24T00:53:32,567  INFO [pool-33-thread-1] exec.SelectOperator: Closing Operator: SEL[6]
2024-04-24T00:53:32,567  INFO [pool-33-thread-1] exec.SelectOperator: RECORDS_OUT_OPERATOR_SEL_6:2, RECORDS_OUT_INTERMEDIATE:0, 
2024-04-24T00:53:32,568  INFO [pool-33-thread-1] exec.FileSinkOperator: Closing Operator: FS[4]
2024-04-24T00:53:32,568  INFO [pool-33-thread-1] exec.FileSinkOperator: FS[4]: records written - 2
2024-04-24T00:53:32,569  INFO [pool-33-thread-1] common.FileUtils: Creating directory if it doesn't exist: file:/home/alex/Repositories/hive/ql/target/tmp/org.apache.hadoop.hive.ql.TestTxnNoBuckets-1713945183193/warehouse/tmp/.hive-staging_hive_2024-04-24_00-53-31_919_1699868300653250574-1/_tmp.-ext-10000/c3=3
2024-04-24T00:53:32,572  INFO [pool-33-thread-1] common.FileUtils: Creating directory if it doesn't exist: file:/home/alex/Repositories/hive/ql/target/tmp/org.apache.hadoop.hive.ql.TestTxnNoBuckets-1713945183193/warehouse/tmp/.hive-staging_hive_2024-04-24_00-53-31_919_1699868300653250574-1/_tmp.-ext-10000/c3=0
2024-04-24T00:53:32,580  INFO [pool-33-thread-1] exec.FileSinkOperator: RECORDS_OUT_INTERMEDIATE:0, RECORDS_OUT_1_default.tmp:2, TOTAL_TABLE_ROWS_WRITTEN:2, RECORDS_OUT_OPERATOR_FS_4:2, 
2024-04-24T00:53:32,581  INFO [pool-33-thread-1] mapred.Task: Task:attempt_local562488145_0008_r_000000_0 is done. And is in the process of committing
2024-04-24T00:53:32,581  INFO [pool-33-thread-1] mapred.LocalJobRunner: reduce > reduce
2024-04-24T00:53:32,581  INFO [pool-33-thread-1] mapred.Task: Task 'attempt_local562488145_0008_r_000000_0' done.
2024-04-24T00:53:32,581  INFO [pool-33-thread-1] mapred.Task: Final Counters for attempt_local562488145_0008_r_000000_0: Counters: 31
	File System Counters
		FILE: Number of bytes read=141308
		FILE: Number of bytes written=9615541
		FILE: Number of read operations=0
		FILE: Number of large read operations=0
		FILE: Number of write operations=0
	Map-Reduce Framework
		Combine input records=0
		Combine output records=0
		Reduce input groups=2
		Reduce shuffle bytes=44
		Reduce input records=2
		Reduce output records=0
		Spilled Records=2
		Shuffled Maps =1
		Failed Shuffles=0
		Merged Map outputs=1
		GC time elapsed (ms)=0
		Total committed heap usage (bytes)=1119354880
	HIVE
		CREATED_DYNAMIC_PARTITIONS=2
		CREATED_FILES=2
		RECORDS_OUT_1_default.tmp=2
		RECORDS_OUT_INTERMEDIATE=0
		RECORDS_OUT_OPERATOR_FS_4=2
		RECORDS_OUT_OPERATOR_SEL_6=2
		TOTAL_TABLE_ROWS_WRITTEN=2
	Shuffle Errors
		BAD_ID=0
		CONNECTION=0
		IO_ERROR=0
		WRONG_LENGTH=0
		WRONG_MAP=0
		WRONG_REDUCE=0
	File Output Format Counters 
		Bytes Written=0
2024-04-24T00:53:32,581  INFO [pool-33-thread-1] mapred.LocalJobRunner: Finishing task: attempt_local562488145_0008_r_000000_0
2024-04-24T00:53:32,581  INFO [Thread-491] mapred.LocalJobRunner: reduce task executor complete.
2024-04-24 00:53:33,477 Stage-1 map = 100%,  reduce = 100%
2024-04-24T00:53:33,477  INFO [main] exec.Task: 2024-04-24 00:53:33,477 Stage-1 map = 100%,  reduce = 100%
Ended Job = job_local562488145_0008
2024-04-24T00:53:33,478  INFO [main] exec.Task: Ended Job = job_local562488145_0008
2024-04-24T00:53:33,482  INFO [main] ql.Driver: Starting task [Stage-0:MOVE] in serial mode
Loading data to table default.tmp partition (c3=null)
2024-04-24T00:53:33,482  INFO [main] exec.Task: Loading data to table default.tmp partition (c3=null) from file:/home/alex/Repositories/hive/ql/target/tmp/org.apache.hadoop.hive.ql.TestTxnNoBuckets-1713945183193/warehouse/tmp/.hive-staging_hive_2024-04-24_00-53-31_919_1699868300653250574-1/-ext-10000
2024-04-24T00:53:33,483  INFO [main] HiveMetaStore.audit: ugi=alex	ip=unknown-ip-addr	cmd=get_table : tbl=hive.default.tmp	
2024-04-24T00:53:33,494  INFO [main] metastore.HMSHandler: Skipping translation for processor with null
2024-04-24T00:53:33,494  INFO [main] exec.MoveTask: Partition is: {c3=null}


2024-04-24T00:53:33,496  INFO [main] exec.Task: 

2024-04-24T00:53:33,496  INFO [main] HiveMetaStore.audit: ugi=alex	ip=unknown-ip-addr	cmd=get_table : tbl=hive.default.tmp	
2024-04-24T00:53:33,511  INFO [main] metastore.HMSHandler: Skipping translation for processor with null
2024-04-24T00:53:33,513  INFO [main] HiveMetaStore.audit: ugi=alex	ip=unknown-ip-addr	cmd=get_table : tbl=hive.default.tmp	
2024-04-24T00:53:33,525  INFO [main] metastore.HMSHandler: Skipping translation for processor with null
2024-04-24T00:53:33,526  INFO [main] HiveMetaStore.audit: ugi=alex	ip=unknown-ip-addr	cmd=get_table : tbl=hive.default.tmp	
2024-04-24T00:53:33,538  INFO [main] metastore.HMSHandler: Skipping translation for processor with null
2024-04-24T00:53:33,539  INFO [main] HiveMetaStore.audit: ugi=alex	ip=unknown-ip-addr	cmd=get_partitions_names_ps : tbl=hive.default.tmp[]	
2024-04-24T00:53:33,564  INFO [load-dynamic-partitionsToAdd-0] metadata.Hive: New loading path = file:/home/alex/Repositories/hive/ql/target/tmp/org.apache.hadoop.hive.ql.TestTxnNoBuckets-1713945183193/warehouse/tmp/.hive-staging_hive_2024-04-24_00-53-31_919_1699868300653250574-1/-ext-10000/c3=0 withPartSpec {c3=0}
2024-04-24T00:53:33,564  INFO [load-dynamic-partitionsToAdd-1] metadata.Hive: New loading path = file:/home/alex/Repositories/hive/ql/target/tmp/org.apache.hadoop.hive.ql.TestTxnNoBuckets-1713945183193/warehouse/tmp/.hive-staging_hive_2024-04-24_00-53-31_919_1699868300653250574-1/-ext-10000/c3=3 withPartSpec {c3=3}
2024-04-24T00:53:33,567  INFO [load-dynamic-partitionsToAdd-1] metastore.HiveMetaStoreClient: HMS client filtering is enabled.
2024-04-24T00:53:33,568  INFO [load-dynamic-partitionsToAdd-1] metastore.HMSHandler: 1: Opening raw store with implementation class:org.apache.hadoop.hive.metastore.ObjectStore
2024-04-24T00:53:33,568  INFO [load-dynamic-partitionsToAdd-1] metastore.PersistenceManagerProvider: Configuration datanucleus.autoStartMechanismMode is not set. Defaulting to 'ignored'
2024-04-24T00:53:33,569  INFO [load-dynamic-partitionsToAdd-1] metastore.ObjectStore: RawStore: org.apache.hadoop.hive.metastore.ObjectStore@738d0534, with PersistenceManager: null will be shutdown
2024-04-24T00:53:33,570  INFO [load-dynamic-partitionsToAdd-1] metastore.ObjectStore: RawStore: org.apache.hadoop.hive.metastore.ObjectStore@738d0534, with PersistenceManager: org.datanucleus.api.jdo.JDOPersistenceManager@773c324 created in the thread with id: 598
2024-04-24T00:53:33,599  INFO [load-dynamic-partitionsToAdd-1] metastore.HMSHandler: Created RawStore: org.apache.hadoop.hive.metastore.ObjectStore@738d0534 from thread id: 598
2024-04-24T00:53:33,599  INFO [load-dynamic-partitionsToAdd-1] metastore.HMSHandler: HMS server filtering is disabled by configuration
2024-04-24T00:53:33,599  INFO [load-dynamic-partitionsToAdd-1] metastore.RetryingMetaStoreClient: RetryingMetaStoreClient proxy=class org.apache.hadoop.hive.ql.metadata.SessionHiveMetaStoreClient ugi=alex (auth:SIMPLE) retries=1 delay=1 lifetime=0
2024-04-24T00:53:33,601  INFO [load-dynamic-partitionsToAdd-1] HiveMetaStore.audit: ugi=alex	ip=unknown-ip-addr	cmd=get_all_functions	
2024-04-24T00:53:33,648  INFO [load-dynamic-partitionsToAdd-1] HiveMetaStore.audit: ugi=alex	ip=unknown-ip-addr	cmd=get_database: default	
2024-04-24T00:53:33,650  INFO [load-dynamic-partitionsToAdd-0] metastore.HiveMetaStoreClient: HMS client filtering is enabled.
2024-04-24T00:53:33,652  INFO [load-dynamic-partitionsToAdd-0] metastore.HMSHandler: 2: Opening raw store with implementation class:org.apache.hadoop.hive.metastore.ObjectStore
2024-04-24T00:53:33,652  INFO [load-dynamic-partitionsToAdd-0] metastore.PersistenceManagerProvider: Configuration datanucleus.autoStartMechanismMode is not set. Defaulting to 'ignored'
2024-04-24T00:53:33,652  INFO [load-dynamic-partitionsToAdd-1] common.FileUtils: Creating directory if it doesn't exist: file:/home/alex/Repositories/hive/ql/target/tmp/org.apache.hadoop.hive.ql.TestTxnNoBuckets-1713945183193/warehouse/tmp/c3=3
2024-04-24T00:53:33,652  INFO [load-dynamic-partitionsToAdd-0] metastore.ObjectStore: RawStore: org.apache.hadoop.hive.metastore.ObjectStore@70a3815a, with PersistenceManager: null will be shutdown
2024-04-24T00:53:33,653  INFO [load-dynamic-partitionsToAdd-0] metastore.ObjectStore: RawStore: org.apache.hadoop.hive.metastore.ObjectStore@70a3815a, with PersistenceManager: org.datanucleus.api.jdo.JDOPersistenceManager@45e628d created in the thread with id: 597
2024-04-24T00:53:33,659  INFO [load-dynamic-partitionsToAdd-0] metastore.HMSHandler: Created RawStore: org.apache.hadoop.hive.metastore.ObjectStore@70a3815a from thread id: 597
2024-04-24T00:53:33,659  INFO [load-dynamic-partitionsToAdd-0] metastore.HMSHandler: HMS server filtering is disabled by configuration
2024-04-24T00:53:33,659  INFO [load-dynamic-partitionsToAdd-0] metastore.RetryingMetaStoreClient: RetryingMetaStoreClient proxy=class org.apache.hadoop.hive.ql.metadata.SessionHiveMetaStoreClient ugi=alex (auth:SIMPLE) retries=1 delay=1 lifetime=0
2024-04-24T00:53:33,660  INFO [load-dynamic-partitionsToAdd-0] HiveMetaStore.audit: ugi=alex	ip=unknown-ip-addr	cmd=get_database: default	
2024-04-24T00:53:33,660  INFO [load-dynamic-partitionsToAdd-1] HiveMetaStore.audit: ugi=alex	ip=unknown-ip-addr	cmd=Cleaning up thread local RawStore...	
2024-04-24T00:53:33,660  INFO [load-dynamic-partitionsToAdd-1] metastore.ObjectStore: RawStore: org.apache.hadoop.hive.metastore.ObjectStore@738d0534, with PersistenceManager: org.datanucleus.api.jdo.JDOPersistenceManager@773c324 will be shutdown
2024-04-24T00:53:33,660  INFO [load-dynamic-partitionsToAdd-1] HiveMetaStore.audit: ugi=alex	ip=unknown-ip-addr	cmd=Done cleaning up thread local RawStore	
2024-04-24T00:53:33,660  INFO [load-dynamic-partitionsToAdd-1] metastore.HiveMetaStoreClient: Closed a connection to metastore, current connections: -1
2024-04-24T00:53:33,662  INFO [load-dynamic-partitionsToAdd-0] common.FileUtils: Creating directory if it doesn't exist: file:/home/alex/Repositories/hive/ql/target/tmp/org.apache.hadoop.hive.ql.TestTxnNoBuckets-1713945183193/warehouse/tmp/c3=0
2024-04-24T00:53:33,666  INFO [load-dynamic-partitionsToAdd-0] HiveMetaStore.audit: ugi=alex	ip=unknown-ip-addr	cmd=Cleaning up thread local RawStore...	
2024-04-24T00:53:33,666  INFO [load-dynamic-partitionsToAdd-0] metastore.ObjectStore: RawStore: org.apache.hadoop.hive.metastore.ObjectStore@70a3815a, with PersistenceManager: org.datanucleus.api.jdo.JDOPersistenceManager@45e628d will be shutdown
2024-04-24T00:53:33,666  INFO [load-dynamic-partitionsToAdd-0] HiveMetaStore.audit: ugi=alex	ip=unknown-ip-addr	cmd=Done cleaning up thread local RawStore	
2024-04-24T00:53:33,666  INFO [load-dynamic-partitionsToAdd-0] metastore.HiveMetaStoreClient: Closed a connection to metastore, current connections: -2
2024-04-24T00:53:33,666  INFO [main] metadata.Hive: Number of partitionsToAdd to be added is 2
2024-04-24T00:53:33,671  INFO [main] HiveMetaStore.audit: ugi=alex	ip=unknown-ip-addr	cmd=add_partitions	
2024-04-24T00:53:33,738  INFO [main] metadata.Hive: Loaded 2partitionsToAdd
	 Time taken to load dynamic partitions: 0.242 seconds
2024-04-24T00:53:33,738  INFO [main] exec.Task: 	 Time taken to load dynamic partitions: 0.242 seconds
2024-04-24T00:53:33,738  INFO [main] exec.MoveTask: 	 Time taken to load dynamic partitions: 0.242 seconds
2024-04-24T00:53:33,738  INFO [main] exec.MoveTask: Loading partition {c3=0}
2024-04-24T00:53:33,739  INFO [main] exec.MoveTask: Loading partition {c3=3}
	 Time taken for adding to write entity : 0.001 seconds
2024-04-24T00:53:33,739  INFO [main] exec.Task: 	 Time taken for adding to write entity : 0.001 seconds
2024-04-24T00:53:33,739  INFO [main] ql.Driver: Starting task [Stage-2:STATS] in serial mode
2024-04-24T00:53:33,739  INFO [main] HiveMetaStore.audit: ugi=alex	ip=unknown-ip-addr	cmd=get_table : tbl=hive.default.tmp	
2024-04-24T00:53:33,754  INFO [main] metastore.HMSHandler: Skipping translation for processor with null
2024-04-24T00:53:33,754  INFO [main] stats.BasicStatsTask: Executing stats task
2024-04-24T00:53:33,754  INFO [main] fs.FSStatsPublisher: created : file:/home/alex/Repositories/hive/ql/target/tmp/localscratchdir/b8bea980-26cf-4ecb-93b4-cf7974ce2d23/hive_2024-04-24_00-53-31_919_1699868300653250574-1/-mr-10001
2024-04-24T00:53:33,756  INFO [main] HiveMetaStore.audit: ugi=alex	ip=unknown-ip-addr	cmd=get_table : tbl=hive.default.tmp	
2024-04-24T00:53:33,771  INFO [main] metastore.HMSHandler: Skipping translation for processor with null
2024-04-24T00:53:33,773  INFO [main] FileOperations: Read stats for default.tmp/c3=0/, numRows, true, 1, false: 
2024-04-24T00:53:33,773  INFO [main] FileOperations: Read stats for default.tmp/c3=0/, rawDataSize, true, 8, false: 
2024-04-24T00:53:33,773  INFO [main] stats.BasicStatsTask: Partition {c3=0} stats: [numFiles=1, numRows=1, totalSize=242, rawDataSize=8, numFilesErasureCoded=0]
2024-04-24T00:53:33,773  INFO [main] FileOperations: Read stats for default.tmp/c3=3/, numRows, true, 1, false: 
2024-04-24T00:53:33,773  INFO [main] FileOperations: Read stats for default.tmp/c3=3/, rawDataSize, true, 8, false: 
2024-04-24T00:53:33,773  INFO [main] stats.BasicStatsTask: Partition {c3=3} stats: [numFiles=1, numRows=1, totalSize=242, rawDataSize=8, numFilesErasureCoded=0]
2024-04-24T00:53:33,774  INFO [main] HiveMetaStore.audit: ugi=alex	ip=unknown-ip-addr	cmd=alter_partitions : tbl=hive.default.tmp	
2024-04-24T00:53:33,774  INFO [main] metastore.HMSHandler: New partition values:[0]
2024-04-24T00:53:33,774  INFO [main] metastore.HMSHandler: New partition values:[3]
2024-04-24T00:53:33,908  INFO [main] metadata.Hive: Dumping metastore api call timing information for : execution phase
2024-04-24T00:53:33,908  INFO [main] metadata.Hive: Total time spent in each metastore function (ms): {listPartitionNamesRequest_(GetPartitionNamesPsRequest)=35, alter_partitions_(String, String, List, EnvironmentContext, String, long)=134, getTable_(GetTableRequest)=69, isCompatibleWith_(Configuration)=0, add_partitions_(List)=69}
MapReduce Jobs Launched: 
2024-04-24T00:53:33,908  INFO [main] ql.Driver: MapReduce Jobs Launched: 
Stage-Stage-1:  HDFS Read: 0 HDFS Write: 0 SUCCESS
2024-04-24T00:53:33,908  INFO [main] ql.Driver: Stage-Stage-1:  HDFS Read: 0 HDFS Write: 0 SUCCESS
Total MapReduce CPU Time Spent: 0 msec
2024-04-24T00:53:33,908  INFO [main] ql.Driver: Total MapReduce CPU Time Spent: 0 msec
2024-04-24T00:53:33,908  INFO [main] ql.Driver: Completed executing command(queryId=alex_20240424005331_519a8249-ea0b-4939-8bef-fae291218ada); Time taken: 1.73 seconds
2024-04-24T00:53:33,908  INFO [main] lockmgr.DbTxnManager: Stopped heartbeat for query: alex_20240424005331_519a8249-ea0b-4939-8bef-fae291218ada
2024-04-24T00:53:33,912  INFO [main] txn.TxnHandler: Expected to move at least one record from txn_components to completed_txn_components when committing txn! txnid:15
2024-04-24T00:53:33,919  INFO [main] txn.TxnHandler: Removed transactions: ([15]) from MIN_HISTORY_LEVEL
2024-04-24T00:53:33,921  WARN [main] txn.CompactionTxnHandler: No compaction queue record found for Compaction type transaction commit. txnId:15
2024-04-24T00:53:33,921  INFO [main] ql.TxnCommandsBaseForTests: Running the query: insert into tmp  values(1,1,1),(2,2,2)
2024-04-24T00:53:33,922  INFO [main] ql.Context: Deleting scratch dir: file:/home/alex/Repositories/hive/ql/target/tmp/localscratchdir/b8bea980-26cf-4ecb-93b4-cf7974ce2d23/hive_2024-04-24_00-53-31_919_1699868300653250574-1
2024-04-24T00:53:33,922  INFO [main] cleanup.SyncCleanupService: Deleted directory: file:/home/alex/Repositories/hive/ql/target/tmp/localscratchdir/b8bea980-26cf-4ecb-93b4-cf7974ce2d23/hive_2024-04-24_00-53-31_919_1699868300653250574-1 on fs with scheme file
2024-04-24T00:53:33,923  INFO [main] ql.Context: Deleting scratch dir: file:/home/alex/Repositories/hive/ql/target/tmp/org.apache.hadoop.hive.ql.TestTxnNoBuckets-1713945183193/warehouse/tmp/.hive-staging_hive_2024-04-24_00-53-31_919_1699868300653250574-1
2024-04-24T00:53:33,923  INFO [main] cleanup.SyncCleanupService: Deleted directory: file:/home/alex/Repositories/hive/ql/target/tmp/org.apache.hadoop.hive.ql.TestTxnNoBuckets-1713945183193/warehouse/tmp/.hive-staging_hive_2024-04-24_00-53-31_919_1699868300653250574-1 on fs with scheme file
2024-04-24T00:53:33,923  INFO [main] ql.Driver: Compiling command(queryId=alex_20240424005333_64ba3047-5a4c-4e5b-9045-7a8d781c5fc0): insert into tmp  values(1,1,1),(2,2,2)
2024-04-24T00:53:33,933  INFO [main] txn.TxnHandler: Added entries to MIN_HISTORY_LEVEL for current txns: ([16]) with min_open_txn: 16
2024-04-24T00:53:33,933  INFO [main] lockmgr.DbTxnManager: Opened txnid:16
2024-04-24T00:53:33,936  INFO [main] parse.CalcitePlanner: Starting caching scope for: 
2024-04-24T00:53:33,936  INFO [main] parse.CalcitePlanner: Starting Semantic Analysis
2024-04-24T00:53:33,942  INFO [main] HiveMetaStore.audit: ugi=alex	ip=unknown-ip-addr	cmd=get_table : tbl=hive.default.tmp	
2024-04-24T00:53:33,956  INFO [main] metastore.HMSHandler: Skipping translation for processor with null
2024-04-24T00:53:33,956  INFO [main] parse.CalcitePlanner: Completed phase 1 of Semantic Analysis
2024-04-24T00:53:33,956  INFO [main] parse.CalcitePlanner: Get metadata for source tables
2024-04-24T00:53:33,956  INFO [main] parse.CalcitePlanner: Get metadata for subqueries
2024-04-24T00:53:33,956  INFO [main] parse.CalcitePlanner: Get metadata for destination tables
2024-04-24T00:53:33,957  INFO [main] HiveMetaStore.audit: ugi=alex	ip=unknown-ip-addr	cmd=get_table : tbl=hive.default.tmp	
2024-04-24T00:53:33,972  INFO [main] metastore.HMSHandler: Skipping translation for processor with null
2024-04-24T00:53:33,972  INFO [main] parse.CalcitePlanner: Completed getting MetaData in Semantic Analysis
2024-04-24T00:53:33,972  INFO [main] parse.CalcitePlanner: Disabling LLAP IO encode as ETL query is detected
2024-04-24T00:53:33,999  INFO [main] HiveMetaStore.audit: ugi=alex	ip=unknown-ip-addr	cmd=get_all_table_constraints : tbl=hive._dummy_database._dummy_table	
2024-04-24T00:53:34,056  INFO [main] parse.CalcitePlanner: Get metadata for source tables
2024-04-24T00:53:34,056  INFO [main] parse.CalcitePlanner: Get metadata for subqueries
2024-04-24T00:53:34,056  INFO [main] parse.CalcitePlanner: Get metadata for source tables
2024-04-24T00:53:34,057  INFO [main] HiveMetaStore.audit: ugi=alex	ip=unknown-ip-addr	cmd=get_table : tbl=hive._dummy_database._dummy_table	
2024-04-24T00:53:34,060  INFO [main] parse.CalcitePlanner: Get metadata for subqueries
2024-04-24T00:53:34,060  INFO [main] parse.CalcitePlanner: Get metadata for destination tables
2024-04-24T00:53:34,060  INFO [main] parse.CalcitePlanner: Get metadata for destination tables
2024-04-24T00:53:34,060  INFO [main] HiveMetaStore.audit: ugi=alex	ip=unknown-ip-addr	cmd=get_table : tbl=hive.default.tmp	
2024-04-24T00:53:34,071  INFO [main] metastore.HMSHandler: Skipping translation for processor with null
2024-04-24T00:53:34,074  INFO [main] common.FileUtils: Creating directory if it doesn't exist: file:/home/alex/Repositories/hive/ql/target/tmp/org.apache.hadoop.hive.ql.TestTxnNoBuckets-1713945183193/warehouse/tmp/.hive-staging_hive_2024-04-24_00-53-33_923_2773812388953549619-1
2024-04-24T00:53:34,077  INFO [main] HiveMetaStore.audit: ugi=alex	ip=unknown-ip-addr	cmd=get_not_null_constraints : tbl=hive.default.tmp	
2024-04-24T00:53:34,078  INFO [main] HiveMetaStore.audit: ugi=alex	ip=unknown-ip-addr	cmd=get_check_constraints : tbl=hive.default.tmp	
2024-04-24T00:53:34,080  INFO [main] parse.CalcitePlanner: CBO Succeeded; optimized logical plan.
2024-04-24T00:53:34,084  INFO [main] optimizer.BucketVersionPopulator: not considering bucketingVersion for: TS[0] because it has -1<2 buckets 
2024-04-24T00:53:34,085  INFO [main] optimizer.SortedDynPartitionOptimizer: Sorted dynamic partitioning optimization kicked in..
2024-04-24T00:53:34,085  INFO [main] optimizer.SortedDynPartitionOptimizer: Inserted RS_5 and SEL_6 as parent of FS_4 and child of SEL_3
2024-04-24T00:53:34,094  INFO [main] HiveMetaStore.audit: ugi=alex	ip=unknown-ip-addr	cmd=get_table : tbl=hive.default.tmp	
2024-04-24T00:53:34,106  INFO [main] metastore.HMSHandler: Skipping translation for processor with null
2024-04-24T00:53:34,107  INFO [main] physical.Vectorizer: Examining input format to see if vectorization is enabled.
2024-04-24T00:53:34,107  INFO [main] physical.Vectorizer: Map vectorization enabled: false
2024-04-24T00:53:34,107  INFO [main] physical.Vectorizer: Map vectorized: false
2024-04-24T00:53:34,107  INFO [main] physical.Vectorizer: Map vectorizedVertexNum: 0
2024-04-24T00:53:34,107  INFO [main] physical.Vectorizer: Map enabledConditionsMet: [hive.vectorized.use.vectorized.input.format IS true]
2024-04-24T00:53:34,107  INFO [main] physical.Vectorizer: Map enabledConditionsNotMet: [Could not enable vectorization due to partition column names size 1 is greater than the number of table column names size 0 IS false]
2024-04-24T00:53:34,107  INFO [main] physical.Vectorizer: Map inputFileFormatClassNameSet: [org.apache.hadoop.hive.ql.io.NullRowsInputFormat]
2024-04-24T00:53:34,107  INFO [main] physical.Vectorizer: Reduce vectorization enabled: false
2024-04-24T00:53:34,107  INFO [main] physical.Vectorizer: Reduce vectorized: false
2024-04-24T00:53:34,107  INFO [main] physical.Vectorizer: Reduce vectorizedVertexNum: 1
2024-04-24T00:53:34,107  INFO [main] physical.Vectorizer: Reducer hive.vectorized.execution.reduce.enabled: true
2024-04-24T00:53:34,107  INFO [main] physical.Vectorizer: Reducer engine: mr
2024-04-24T00:53:34,107  INFO [main] parse.CalcitePlanner: Completed plan generation
2024-04-24T00:53:34,107  INFO [main] parse.CalcitePlanner: Ending caching scope for: 
2024-04-24T00:53:34,108  INFO [main] ql.Driver: Semantic Analysis Completed (retrial = false)
2024-04-24T00:53:34,108  INFO [main] ql.Driver: Created Hive schema: Schema(fieldSchemas:[FieldSchema(name:col1, type:int, comment:null), FieldSchema(name:col2, type:int, comment:null), FieldSchema(name:col3, type:int, comment:null)], properties:null)
2024-04-24T00:53:34,108  INFO [main] metadata.Hive: Dumping metastore api call timing information for : compilation phase
2024-04-24T00:53:34,108  INFO [main] metadata.Hive: Total time spent in each metastore function (ms): {commitTxn_(CommitTxnRequest)=13, getTable_(GetTableRequest)=53, getValidWriteIds_(List, String)=6, getMetaConf_(String)=1, flushCache_()=0, getValidTxns_(long)=2, getNotNullConstraints_(NotNullConstraintsRequest)=1, getAllTableConstraints_(AllTableConstraintsRequest)=6, openTxn_(String, TxnType)=9, getCheckConstraints_(CheckConstraintsRequest)=1, isCompatibleWith_(Configuration)=0}
2024-04-24T00:53:34,108  INFO [main] ql.Driver: Completed compiling command(queryId=alex_20240424005333_64ba3047-5a4c-4e5b-9045-7a8d781c5fc0); Time taken: 0.185 seconds
2024-04-24T00:53:34,109  INFO [main] lockmgr.DbTxnManager: Setting lock request transaction to txnid:16 for queryId=alex_20240424005333_64ba3047-5a4c-4e5b-9045-7a8d781c5fc0
2024-04-24T00:53:34,109  INFO [main] lockmgr.DbLockManager: Requesting lock for queryId=alex_20240424005333_64ba3047-5a4c-4e5b-9045-7a8d781c5fc0
2024-04-24T00:53:34,133  INFO [main] lockmgr.DbLockManager: Response to queryId=alex_20240424005333_64ba3047-5a4c-4e5b-9045-7a8d781c5fc0 LockResponse(lockid:9, state:ACQUIRED)
2024-04-24T00:53:34,133  INFO [main] ql.Driver: Operation QUERY obtained 1 locks
2024-04-24T00:53:34,133  INFO [main] ql.Driver: Executing command(queryId=alex_20240424005333_64ba3047-5a4c-4e5b-9045-7a8d781c5fc0): insert into tmp  values(1,1,1),(2,2,2)
2024-04-24T00:53:34,134  WARN [main] ql.Driver: Hive-on-MR is deprecated in Hive 2 and may not be available in the future versions. Consider using a different execution engine (i.e. spark, tez) or using Hive 1.X releases.
Query ID = alex_20240424005333_64ba3047-5a4c-4e5b-9045-7a8d781c5fc0
2024-04-24T00:53:34,134  INFO [main] ql.Driver: Query ID = alex_20240424005333_64ba3047-5a4c-4e5b-9045-7a8d781c5fc0
Total jobs = 1
2024-04-24T00:53:34,134  INFO [main] ql.Driver: Total jobs = 1
Launching Job 1 out of 1
2024-04-24T00:53:34,134  INFO [main] ql.Driver: Launching Job 1 out of 1
2024-04-24T00:53:34,285  INFO [main] ql.Driver: Starting task [Stage-1:MAPRED] in serial mode
2024-04-24T00:53:34,285  INFO [main] exec.Utilities: Not using thread pool for getContentSummary
2024-04-24T00:53:34,286  INFO [main] exec.Utilities: BytesPerReducer=256000000 maxReducers=1009 totalInputFileSize=1
Number of reduce tasks not specified. Estimated from input data size: 1
2024-04-24T00:53:34,286  INFO [main] exec.Task: Number of reduce tasks not specified. Estimated from input data size: 1
In order to change the average load for a reducer (in bytes):
2024-04-24T00:53:34,286  INFO [main] exec.Task: In order to change the average load for a reducer (in bytes):
  set hive.exec.reducers.bytes.per.reducer=<number>
2024-04-24T00:53:34,286  INFO [main] exec.Task:   set hive.exec.reducers.bytes.per.reducer=<number>
In order to limit the maximum number of reducers:
2024-04-24T00:53:34,286  INFO [main] exec.Task: In order to limit the maximum number of reducers:
  set hive.exec.reducers.max=<number>
2024-04-24T00:53:34,286  INFO [main] exec.Task:   set hive.exec.reducers.max=<number>
In order to set a constant number of reducers:
2024-04-24T00:53:34,286  INFO [main] exec.Task: In order to set a constant number of reducers:
  set mapreduce.job.reduces=<number>
2024-04-24T00:53:34,286  INFO [main] exec.Task:   set mapreduce.job.reduces=<number>
2024-04-24T00:53:34,289  INFO [main] mr.ExecDriver: Using org.apache.hadoop.hive.ql.io.HiveInputFormat
2024-04-24T00:53:34,289  INFO [main] exec.Utilities: Processing alias $hdt$_0:_dummy_table
2024-04-24T00:53:34,289  INFO [main] exec.Utilities: Adding 1 inputs; the first input is file:/home/alex/Repositories/hive/ql/target/tmp/localscratchdir/b8bea980-26cf-4ecb-93b4-cf7974ce2d23/hive_2024-04-24_00-53-33_923_2773812388953549619-1/dummy_path
2024-04-24T00:53:34,298  INFO [main] exec.SerializationUtilities: Serializing MapWork using kryo
2024-04-24T00:53:34,299  INFO [main] exec.Utilities: Serialized plan (via FILE) - name: null size: 5,41KB
2024-04-24T00:53:34,304  INFO [main] exec.SerializationUtilities: Serializing ReduceWork using kryo
2024-04-24T00:53:34,304  INFO [main] exec.Utilities: Serialized plan (via FILE) - name: null size: 6,46KB
2024-04-24T00:53:34,305  WARN [main] impl.MetricsSystemImpl: JobTracker metrics system already initialized!
2024-04-24T00:53:34,309  INFO [main] fs.FSStatsPublisher: created : file:/home/alex/Repositories/hive/ql/target/tmp/localscratchdir/b8bea980-26cf-4ecb-93b4-cf7974ce2d23/hive_2024-04-24_00-53-33_923_2773812388953549619-1/-mr-10001
2024-04-24T00:53:34,314  WARN [main] impl.MetricsSystemImpl: JobTracker metrics system already initialized!
2024-04-24T00:53:34,322  WARN [main] mapreduce.JobResourceUploader: Hadoop command-line option parsing not performed. Implement the Tool interface and execute your application with ToolRunner to remedy this.
2024-04-24T00:53:34,327  WARN [main] mapreduce.JobResourceUploader: No job jar file set.  User classes may not be found. See Job or Job#setJar(String).
2024-04-24T00:53:34,328  INFO [main] io.HiveInputFormat: hive.io.file.readcolumn.ids = 
2024-04-24T00:53:34,328  INFO [main] io.HiveInputFormat: hive.io.file.readcolumn.names = 
2024-04-24T00:53:34,328  INFO [main] io.HiveInputFormat: Generating splits for dirs: file:/home/alex/Repositories/hive/ql/target/tmp/localscratchdir/b8bea980-26cf-4ecb-93b4-cf7974ce2d23/hive_2024-04-24_00-53-33_923_2773812388953549619-1/dummy_path
2024-04-24T00:53:34,329  INFO [main] io.HiveInputFormat: number of splits 1
2024-04-24T00:53:34,347  INFO [main] mapreduce.JobSubmitter: number of splits:1
2024-04-24T00:53:34,367  INFO [main] mapreduce.JobSubmitter: Submitting tokens for job: job_local482265318_0009
2024-04-24T00:53:34,367  INFO [main] mapreduce.JobSubmitter: Executing with tokens: []
2024-04-24T00:53:34,456  INFO [main] mapreduce.Job: The url to track the job: http://localhost:8080/
Job running in-process (local Hadoop)
2024-04-24T00:53:34,457  INFO [main] exec.Task: Job running in-process (local Hadoop)
2024-04-24T00:53:34,457  INFO [Thread-553] mapred.LocalJobRunner: OutputCommitter set in config org.apache.hadoop.hive.ql.io.HiveFileFormatUtils$NullOutputCommitter
2024-04-24T00:53:34,457  INFO [Thread-553] mapred.LocalJobRunner: OutputCommitter is org.apache.hadoop.hive.ql.io.HiveFileFormatUtils$NullOutputCommitter
2024-04-24T00:53:34,459  INFO [Thread-553] mapred.LocalJobRunner: Waiting for map tasks
2024-04-24T00:53:34,459  INFO [LocalJobRunner Map Task Executor #0] mapred.LocalJobRunner: Starting task: attempt_local482265318_0009_m_000000_0
2024-04-24T00:53:34,460  INFO [LocalJobRunner Map Task Executor #0] mapred.Task:  Using ResourceCalculatorProcessTree : [ ]
2024-04-24T00:53:34,460  INFO [LocalJobRunner Map Task Executor #0] mapred.MapTask: Processing split: org.apache.hadoop.hive.ql.io.NullRowsInputFormat:file:/home/alex/Repositories/hive/ql/target/tmp/localscratchdir/b8bea980-26cf-4ecb-93b4-cf7974ce2d23/hive_2024-04-24_00-53-33_923_2773812388953549619-1/dummy_path/null:0+1
2024-04-24T00:53:34,461  INFO [LocalJobRunner Map Task Executor #0] exec.SerializationUtilities: Deserializing MapWork using kryo
2024-04-24T00:53:34,461  INFO [LocalJobRunner Map Task Executor #0] exec.Utilities: Deserialized plan (via FILE) - name: null size: 5,41KB
2024-04-24T00:53:34,462  INFO [LocalJobRunner Map Task Executor #0] mapred.MapTask: numReduceTasks: 1
2024-04-24T00:53:34,472  INFO [LocalJobRunner Map Task Executor #0] mapred.MapTask: (EQUATOR) 0 kvi 26214396(104857584)
2024-04-24T00:53:34,472  INFO [LocalJobRunner Map Task Executor #0] mapred.MapTask: mapreduce.task.io.sort.mb: 100
2024-04-24T00:53:34,472  INFO [LocalJobRunner Map Task Executor #0] mapred.MapTask: soft limit at 83886080
2024-04-24T00:53:34,472  INFO [LocalJobRunner Map Task Executor #0] mapred.MapTask: bufstart = 0; bufvoid = 104857600
2024-04-24T00:53:34,472  INFO [LocalJobRunner Map Task Executor #0] mapred.MapTask: kvstart = 26214396; length = 6553600
2024-04-24T00:53:34,473  INFO [LocalJobRunner Map Task Executor #0] mapred.MapTask: Map output collector class = org.apache.hadoop.mapred.MapTask$MapOutputBuffer
2024-04-24T00:53:34,473  INFO [LocalJobRunner Map Task Executor #0] exec.MapOperator: Initializing Operator: MAP[0]
2024-04-24T00:53:34,473  INFO [LocalJobRunner Map Task Executor #0] mr.ExecMapper: 
<MAP>Id =0
  <Children>null
  <\Children>
  <Parent><\Parent>
<\MAP>
2024-04-24T00:53:34,474  INFO [LocalJobRunner Map Task Executor #0] exec.TableScanOperator: Initializing Operator: TS[0]
2024-04-24T00:53:34,474  INFO [LocalJobRunner Map Task Executor #0] exec.SelectOperator: Initializing Operator: SEL[1]
2024-04-24T00:53:34,474  INFO [LocalJobRunner Map Task Executor #0] exec.SelectOperator: SELECT null
2024-04-24T00:53:34,474  INFO [LocalJobRunner Map Task Executor #0] exec.UDTFOperator: Initializing Operator: UDTF[2]
2024-04-24T00:53:34,475  INFO [LocalJobRunner Map Task Executor #0] exec.SelectOperator: Initializing Operator: SEL[3]
2024-04-24T00:53:34,475  INFO [LocalJobRunner Map Task Executor #0] exec.SelectOperator: SELECT struct<col1:int,col2:int,col3:int>
2024-04-24T00:53:34,475  INFO [LocalJobRunner Map Task Executor #0] exec.ReduceSinkOperator: Initializing Operator: RS[5]
2024-04-24T00:53:34,475  INFO [LocalJobRunner Map Task Executor #0] exec.ReduceSinkOperator: Using tag = -1
2024-04-24T00:53:34,476  INFO [LocalJobRunner Map Task Executor #0] exec.ReduceSinkOperator: keys are [_col2] num distributions: 1
2024-04-24T00:53:34,476  INFO [LocalJobRunner Map Task Executor #0] exec.ReduceSinkOperator: RS[5]: records written - 1
2024-04-24T00:53:34,476  INFO [LocalJobRunner Map Task Executor #0] exec.MapOperator: MAP[0]: records read - 1
2024-04-24T00:53:34,476  INFO [LocalJobRunner Map Task Executor #0] exec.MapOperator: Closing Operator: MAP[0]
2024-04-24T00:53:34,476  INFO [LocalJobRunner Map Task Executor #0] exec.MapOperator: MAP[0]: Total records read - 3. abort - false
2024-04-24T00:53:34,477  INFO [LocalJobRunner Map Task Executor #0] exec.MapOperator: RECORDS_IN:3, DESERIALIZE_ERRORS:0, RECORDS_OUT_INTERMEDIATE:0, RECORDS_OUT_OPERATOR_MAP_0:0, 
2024-04-24T00:53:34,477  INFO [LocalJobRunner Map Task Executor #0] exec.TableScanOperator: Closing Operator: TS[0]
2024-04-24T00:53:34,477  INFO [LocalJobRunner Map Task Executor #0] exec.TableScanOperator: RECORDS_OUT_INTERMEDIATE:0, RECORDS_OUT_OPERATOR_TS_0:1, 
2024-04-24T00:53:34,477  INFO [LocalJobRunner Map Task Executor #0] exec.SelectOperator: Closing Operator: SEL[1]
2024-04-24T00:53:34,477  INFO [LocalJobRunner Map Task Executor #0] exec.SelectOperator: RECORDS_OUT_OPERATOR_SEL_1:1, RECORDS_OUT_INTERMEDIATE:0, 
2024-04-24T00:53:34,477  INFO [LocalJobRunner Map Task Executor #0] exec.UDTFOperator: Closing Operator: UDTF[2]
2024-04-24T00:53:34,477  INFO [LocalJobRunner Map Task Executor #0] exec.UDTFOperator: RECORDS_OUT_OPERATOR_UDTF_2:2, RECORDS_OUT_INTERMEDIATE:0, 
2024-04-24T00:53:34,477  INFO [LocalJobRunner Map Task Executor #0] exec.SelectOperator: Closing Operator: SEL[3]
2024-04-24T00:53:34,477  INFO [LocalJobRunner Map Task Executor #0] exec.SelectOperator: RECORDS_OUT_INTERMEDIATE:0, RECORDS_OUT_OPERATOR_SEL_3:2, 
2024-04-24T00:53:34,477  INFO [LocalJobRunner Map Task Executor #0] exec.ReduceSinkOperator: Closing Operator: RS[5]
2024-04-24T00:53:34,477  INFO [LocalJobRunner Map Task Executor #0] exec.ReduceSinkOperator: RS[5]: Total records written - 2. abort - false
2024-04-24T00:53:34,477  INFO [LocalJobRunner Map Task Executor #0] exec.ReduceSinkOperator: RECORDS_OUT_OPERATOR_RS_5:2, RECORDS_OUT_INTERMEDIATE:2, 
2024-04-24T00:53:34,478  INFO [LocalJobRunner Map Task Executor #0] mapred.LocalJobRunner: 
2024-04-24T00:53:34,478  INFO [LocalJobRunner Map Task Executor #0] mapred.MapTask: Starting flush of map output
2024-04-24T00:53:34,478  INFO [LocalJobRunner Map Task Executor #0] mapred.MapTask: Spilling map output
2024-04-24T00:53:34,478  INFO [LocalJobRunner Map Task Executor #0] mapred.MapTask: bufstart = 0; bufend = 34; bufvoid = 104857600
2024-04-24T00:53:34,478  INFO [LocalJobRunner Map Task Executor #0] mapred.MapTask: kvstart = 26214396(104857584); kvend = 26214392(104857568); length = 5/6553600
2024-04-24T00:53:34,489  INFO [LocalJobRunner Map Task Executor #0] mapred.MapTask: Finished spill 0
2024-04-24T00:53:34,492  INFO [LocalJobRunner Map Task Executor #0] mapred.Task: Task:attempt_local482265318_0009_m_000000_0 is done. And is in the process of committing
2024-04-24T00:53:34,493  INFO [LocalJobRunner Map Task Executor #0] mapred.LocalJobRunner: map
2024-04-24T00:53:34,493  INFO [LocalJobRunner Map Task Executor #0] mapred.Task: Task 'attempt_local482265318_0009_m_000000_0' done.
2024-04-24T00:53:34,493  INFO [LocalJobRunner Map Task Executor #0] mapred.Task: Final Counters for attempt_local482265318_0009_m_000000_0: Counters: 26
	File System Counters
		FILE: Number of bytes read=147302
		FILE: Number of bytes written=10817079
		FILE: Number of read operations=0
		FILE: Number of large read operations=0
		FILE: Number of write operations=0
	Map-Reduce Framework
		Map input records=4
		Map output records=2
		Map output bytes=34
		Map output materialized bytes=44
		Input split bytes=361
		Combine input records=0
		Spilled Records=2
		Failed Shuffles=0
		Merged Map outputs=0
		GC time elapsed (ms)=5
		Total committed heap usage (bytes)=1096810496
	HIVE
		DESERIALIZE_ERRORS=0
		RECORDS_IN=3
		RECORDS_OUT_INTERMEDIATE=2
		RECORDS_OUT_OPERATOR_MAP_0=0
		RECORDS_OUT_OPERATOR_RS_5=2
		RECORDS_OUT_OPERATOR_SEL_1=1
		RECORDS_OUT_OPERATOR_SEL_3=2
		RECORDS_OUT_OPERATOR_TS_0=1
		RECORDS_OUT_OPERATOR_UDTF_2=2
	File Input Format Counters 
		Bytes Read=5466
2024-04-24T00:53:34,493  INFO [LocalJobRunner Map Task Executor #0] mapred.LocalJobRunner: Finishing task: attempt_local482265318_0009_m_000000_0
2024-04-24T00:53:34,493  INFO [Thread-553] mapred.LocalJobRunner: map task executor complete.
2024-04-24T00:53:34,494  INFO [Thread-553] mapred.LocalJobRunner: Waiting for reduce tasks
2024-04-24T00:53:34,494  INFO [pool-42-thread-1] mapred.LocalJobRunner: Starting task: attempt_local482265318_0009_r_000000_0
2024-04-24T00:53:34,495  INFO [pool-42-thread-1] mapred.Task:  Using ResourceCalculatorProcessTree : [ ]
2024-04-24T00:53:34,495  INFO [pool-42-thread-1] mapred.ReduceTask: Using ShuffleConsumerPlugin: org.apache.hadoop.mapreduce.task.reduce.Shuffle@29d706c8
2024-04-24T00:53:34,495  WARN [pool-42-thread-1] impl.MetricsSystemImpl: JobTracker metrics system already initialized!
2024-04-24T00:53:34,496  INFO [pool-42-thread-1] reduce.MergeManagerImpl: MergerManager: memoryLimit=1336252800, maxSingleShuffleLimit=334063200, mergeThreshold=881926912, ioSortFactor=10, memToMemMergeOutputsThreshold=10
2024-04-24T00:53:34,496  INFO [EventFetcher for fetching Map Completion Events] reduce.EventFetcher: attempt_local482265318_0009_r_000000_0 Thread started: EventFetcher for fetching Map Completion Events
2024-04-24T00:53:34,497  INFO [localfetcher#6] reduce.LocalFetcher: localfetcher#6 about to shuffle output of map attempt_local482265318_0009_m_000000_0 decomp: 40 len: 44 to MEMORY
2024-04-24T00:53:34,498  INFO [localfetcher#6] reduce.InMemoryMapOutput: Read 40 bytes from map-output for attempt_local482265318_0009_m_000000_0
2024-04-24T00:53:34,498  INFO [localfetcher#6] reduce.MergeManagerImpl: closeInMemoryFile -> map-output of size: 40, inMemoryMapOutputs.size() -> 1, commitMemory -> 0, usedMemory ->40
2024-04-24T00:53:34,498  INFO [EventFetcher for fetching Map Completion Events] reduce.EventFetcher: EventFetcher is interrupted.. Returning
2024-04-24T00:53:34,498  INFO [pool-42-thread-1] mapred.LocalJobRunner: 1 / 1 copied.
2024-04-24T00:53:34,499  INFO [pool-42-thread-1] reduce.MergeManagerImpl: finalMerge called with 1 in-memory map-outputs and 0 on-disk map-outputs
2024-04-24T00:53:34,505  INFO [pool-42-thread-1] mapred.Merger: Merging 1 sorted segments
2024-04-24T00:53:34,505  INFO [pool-42-thread-1] mapred.Merger: Down to the last merge-pass, with 1 segments left of total size: 28 bytes
2024-04-24T00:53:34,508  INFO [pool-42-thread-1] reduce.MergeManagerImpl: Merged 1 segments, 40 bytes to disk to satisfy reduce memory limit
2024-04-24T00:53:34,508  INFO [pool-42-thread-1] reduce.MergeManagerImpl: Merging 1 files, 44 bytes from disk
2024-04-24T00:53:34,508  INFO [pool-42-thread-1] reduce.MergeManagerImpl: Merging 0 segments, 0 bytes from memory into reduce
2024-04-24T00:53:34,508  INFO [pool-42-thread-1] mapred.Merger: Merging 1 sorted segments
2024-04-24T00:53:34,508  INFO [pool-42-thread-1] mapred.Merger: Down to the last merge-pass, with 1 segments left of total size: 28 bytes
2024-04-24T00:53:34,508  INFO [pool-42-thread-1] mapred.LocalJobRunner: 1 / 1 copied.
2024-04-24T00:53:34,509  INFO [pool-42-thread-1] exec.SerializationUtilities: Deserializing ReduceWork using kryo
2024-04-24T00:53:34,509  INFO [pool-42-thread-1] exec.Utilities: Deserialized plan (via FILE) - name: null size: 6,46KB
2024-04-24T00:53:34,510  INFO [pool-42-thread-1] ExecReducer: 
<SEL>Id =6
  <Children>
    <FS>Id =4
      <Children>
      <\Children>
      <Parent>Id = 6 null<\Parent>
    <\FS>
  <\Children>
  <Parent><\Parent>
<\SEL>
2024-04-24T00:53:34,510  INFO [pool-42-thread-1] exec.SelectOperator: Initializing Operator: SEL[6]
2024-04-24T00:53:34,510  INFO [pool-42-thread-1] exec.SelectOperator: SELECT struct<key:struct<_col2:int>,value:struct<_col0:int,_col1:int>>
2024-04-24T00:53:34,511  INFO [pool-42-thread-1] exec.FileSinkOperator: Initializing Operator: FS[4]
2024-04-24T00:53:34,511  INFO [pool-42-thread-1] exec.FileSinkOperator: Using serializer : AbstractSerDe [log=org.apache.logging.slf4j.Log4jLogger@22a08b61, configuration=Optional[Configuration: core-default.xml, core-site.xml, mapred-default.xml, mapred-site.xml, yarn-default.xml, yarn-site.xml, hdfs-default.xml, hdfs-site.xml, file:/home/alex/Repositories/hive/ql/target/tmp/TestTxnNoBucketsVectorized/mapred/local/localRunner/alex/job_local482265318_0009/job_local482265318_0009.xml], properties={name=default.tmp, columns.types=int:int, serialization.format=1, columns=c1,c2, columns.comments=&amp#0;, partition_columns.types=int, partition_columns=c3, bucketing_version=2, serialization.lib=org.apache.hadoop.hive.ql.io.orc.OrcSerde, file.inputformat=org.apache.hadoop.hive.ql.io.orc.OrcInputFormat, file.outputformat=org.apache.hadoop.hive.ql.io.orc.OrcOutputFormat, location=file:/home/alex/Repositories/hive/ql/target/tmp/org.apache.hadoop.hive.ql.TestTxnNoBuckets-1713945183193/warehouse/tmp, column.name.delimiter=,}, tableProperties={name=default.tmp, columns.types=int:int, serialization.format=1, columns=c1,c2, columns.comments=&amp#0;, partition_columns.types=int, partition_columns=c3, bucketing_version=2, serialization.lib=org.apache.hadoop.hive.ql.io.orc.OrcSerde, file.inputformat=org.apache.hadoop.hive.ql.io.orc.OrcInputFormat, location=file:/home/alex/Repositories/hive/ql/target/tmp/org.apache.hadoop.hive.ql.TestTxnNoBuckets-1713945183193/warehouse/tmp, file.outputformat=org.apache.hadoop.hive.ql.io.orc.OrcOutputFormat, column.name.delimiter=,}, partitionProperties=Optional.empty, columnNames=[c1, c2], columnTypes=[int, int], getClass()=class org.apache.hadoop.hive.ql.io.orc.OrcSerde] and formatter : org.apache.hadoop.hive.ql.io.orc.OrcOutputFormat@141f9d98
2024-04-24T00:53:34,512  INFO [pool-42-thread-1] exec.FileSinkOperator: Final Path: FS file:/home/alex/Repositories/hive/ql/target/tmp/org.apache.hadoop.hive.ql.TestTxnNoBuckets-1713945183193/warehouse/tmp/.hive-staging_hive_2024-04-24_00-53-33_923_2773812388953549619-1/_tmp.-ext-10000/c3=1/000000_0
2024-04-24T00:53:34,512  INFO [pool-42-thread-1] exec.FileSinkOperator: Writing to temp file: FS file:/home/alex/Repositories/hive/ql/target/tmp/org.apache.hadoop.hive.ql.TestTxnNoBuckets-1713945183193/warehouse/tmp/.hive-staging_hive_2024-04-24_00-53-33_923_2773812388953549619-1/_task_tmp.-ext-10000/c3=1/_tmp.000000_0
2024-04-24T00:53:34,512  INFO [pool-42-thread-1] exec.FileSinkOperator: New Final Path: FS file:/home/alex/Repositories/hive/ql/target/tmp/org.apache.hadoop.hive.ql.TestTxnNoBuckets-1713945183193/warehouse/tmp/.hive-staging_hive_2024-04-24_00-53-33_923_2773812388953549619-1/_tmp.-ext-10000/c3=1/000000_0
2024-04-24T00:53:34,517  INFO [pool-42-thread-1] exec.FileSinkOperator: FS[4]: records written - 1
2024-04-24T00:53:34,517  INFO [pool-42-thread-1] impl.PhysicalFsWriter: ORC writer created for path: file:/home/alex/Repositories/hive/ql/target/tmp/org.apache.hadoop.hive.ql.TestTxnNoBuckets-1713945183193/warehouse/tmp/.hive-staging_hive_2024-04-24_00-53-33_923_2773812388953549619-1/_task_tmp.-ext-10000/c3=1/_tmp.000000_0 with stripeSize: 67108864 blockSize: 268435456 compression: Compress: ZLIB buffer: 262144
2024-04-24T00:53:34,522  INFO [pool-42-thread-1] impl.WriterImpl: ORC writer created for path: file:/home/alex/Repositories/hive/ql/target/tmp/org.apache.hadoop.hive.ql.TestTxnNoBuckets-1713945183193/warehouse/tmp/.hive-staging_hive_2024-04-24_00-53-33_923_2773812388953549619-1/_task_tmp.-ext-10000/c3=1/_tmp.000000_0 with stripeSize: 67108864 options: Compress: ZLIB buffer: 262144
2024-04-24T00:53:34,524  INFO [pool-42-thread-1] exec.FileSinkOperator: Final Path: FS file:/home/alex/Repositories/hive/ql/target/tmp/org.apache.hadoop.hive.ql.TestTxnNoBuckets-1713945183193/warehouse/tmp/.hive-staging_hive_2024-04-24_00-53-33_923_2773812388953549619-1/_tmp.-ext-10000/c3=2/000000_0
2024-04-24T00:53:34,524  INFO [pool-42-thread-1] exec.FileSinkOperator: Writing to temp file: FS file:/home/alex/Repositories/hive/ql/target/tmp/org.apache.hadoop.hive.ql.TestTxnNoBuckets-1713945183193/warehouse/tmp/.hive-staging_hive_2024-04-24_00-53-33_923_2773812388953549619-1/_task_tmp.-ext-10000/c3=2/_tmp.000000_0
2024-04-24T00:53:34,524  INFO [pool-42-thread-1] exec.FileSinkOperator: New Final Path: FS file:/home/alex/Repositories/hive/ql/target/tmp/org.apache.hadoop.hive.ql.TestTxnNoBuckets-1713945183193/warehouse/tmp/.hive-staging_hive_2024-04-24_00-53-33_923_2773812388953549619-1/_tmp.-ext-10000/c3=2/000000_0
2024-04-24T00:53:34,527  INFO [pool-42-thread-1] impl.PhysicalFsWriter: ORC writer created for path: file:/home/alex/Repositories/hive/ql/target/tmp/org.apache.hadoop.hive.ql.TestTxnNoBuckets-1713945183193/warehouse/tmp/.hive-staging_hive_2024-04-24_00-53-33_923_2773812388953549619-1/_task_tmp.-ext-10000/c3=2/_tmp.000000_0 with stripeSize: 67108864 blockSize: 268435456 compression: Compress: ZLIB buffer: 262144
2024-04-24T00:53:34,532  INFO [pool-42-thread-1] impl.WriterImpl: ORC writer created for path: file:/home/alex/Repositories/hive/ql/target/tmp/org.apache.hadoop.hive.ql.TestTxnNoBuckets-1713945183193/warehouse/tmp/.hive-staging_hive_2024-04-24_00-53-33_923_2773812388953549619-1/_task_tmp.-ext-10000/c3=2/_tmp.000000_0 with stripeSize: 67108864 options: Compress: ZLIB buffer: 262144
2024-04-24T00:53:34,532  INFO [pool-42-thread-1] exec.SelectOperator: Closing Operator: SEL[6]
2024-04-24T00:53:34,532  INFO [pool-42-thread-1] exec.SelectOperator: RECORDS_OUT_OPERATOR_SEL_6:2, RECORDS_OUT_INTERMEDIATE:0, 
2024-04-24T00:53:34,532  INFO [pool-42-thread-1] exec.FileSinkOperator: Closing Operator: FS[4]
2024-04-24T00:53:34,532  INFO [pool-42-thread-1] exec.FileSinkOperator: FS[4]: records written - 2
2024-04-24T00:53:34,534  INFO [pool-42-thread-1] common.FileUtils: Creating directory if it doesn't exist: file:/home/alex/Repositories/hive/ql/target/tmp/org.apache.hadoop.hive.ql.TestTxnNoBuckets-1713945183193/warehouse/tmp/.hive-staging_hive_2024-04-24_00-53-33_923_2773812388953549619-1/_tmp.-ext-10000/c3=2
2024-04-24T00:53:34,537  INFO [pool-42-thread-1] common.FileUtils: Creating directory if it doesn't exist: file:/home/alex/Repositories/hive/ql/target/tmp/org.apache.hadoop.hive.ql.TestTxnNoBuckets-1713945183193/warehouse/tmp/.hive-staging_hive_2024-04-24_00-53-33_923_2773812388953549619-1/_tmp.-ext-10000/c3=1
2024-04-24T00:53:34,545  INFO [pool-42-thread-1] exec.FileSinkOperator: RECORDS_OUT_1_default.tmp:2, RECORDS_OUT_INTERMEDIATE:0, TOTAL_TABLE_ROWS_WRITTEN:2, RECORDS_OUT_OPERATOR_FS_4:2, 
2024-04-24T00:53:34,545  INFO [pool-42-thread-1] mapred.Task: Task:attempt_local482265318_0009_r_000000_0 is done. And is in the process of committing
2024-04-24T00:53:34,546  INFO [pool-42-thread-1] mapred.LocalJobRunner: reduce > reduce
2024-04-24T00:53:34,546  INFO [pool-42-thread-1] mapred.Task: Task 'attempt_local482265318_0009_r_000000_0' done.
2024-04-24T00:53:34,546  INFO [pool-42-thread-1] mapred.Task: Final Counters for attempt_local482265318_0009_r_000000_0: Counters: 31
	File System Counters
		FILE: Number of bytes read=153945
		FILE: Number of bytes written=10817750
		FILE: Number of read operations=0
		FILE: Number of large read operations=0
		FILE: Number of write operations=0
	Map-Reduce Framework
		Combine input records=0
		Combine output records=0
		Reduce input groups=2
		Reduce shuffle bytes=44
		Reduce input records=2
		Reduce output records=0
		Spilled Records=2
		Shuffled Maps =1
		Failed Shuffles=0
		Merged Map outputs=1
		GC time elapsed (ms)=0
		Total committed heap usage (bytes)=1096810496
	HIVE
		CREATED_DYNAMIC_PARTITIONS=2
		CREATED_FILES=2
		RECORDS_OUT_1_default.tmp=2
		RECORDS_OUT_INTERMEDIATE=0
		RECORDS_OUT_OPERATOR_FS_4=2
		RECORDS_OUT_OPERATOR_SEL_6=2
		TOTAL_TABLE_ROWS_WRITTEN=2
	Shuffle Errors
		BAD_ID=0
		CONNECTION=0
		IO_ERROR=0
		WRONG_LENGTH=0
		WRONG_MAP=0
		WRONG_REDUCE=0
	File Output Format Counters 
		Bytes Written=0
2024-04-24T00:53:34,546  INFO [pool-42-thread-1] mapred.LocalJobRunner: Finishing task: attempt_local482265318_0009_r_000000_0
2024-04-24T00:53:34,546  INFO [Thread-553] mapred.LocalJobRunner: reduce task executor complete.
2024-04-24 00:53:35,458 Stage-1 map = 100%,  reduce = 100%
2024-04-24T00:53:35,458  INFO [main] exec.Task: 2024-04-24 00:53:35,458 Stage-1 map = 100%,  reduce = 100%
Ended Job = job_local482265318_0009
2024-04-24T00:53:35,460  INFO [main] exec.Task: Ended Job = job_local482265318_0009
2024-04-24T00:53:35,465  INFO [main] ql.Driver: Starting task [Stage-0:MOVE] in serial mode
Loading data to table default.tmp partition (c3=null)
2024-04-24T00:53:35,465  INFO [main] exec.Task: Loading data to table default.tmp partition (c3=null) from file:/home/alex/Repositories/hive/ql/target/tmp/org.apache.hadoop.hive.ql.TestTxnNoBuckets-1713945183193/warehouse/tmp/.hive-staging_hive_2024-04-24_00-53-33_923_2773812388953549619-1/-ext-10000
2024-04-24T00:53:35,466  INFO [main] HiveMetaStore.audit: ugi=alex	ip=unknown-ip-addr	cmd=get_table : tbl=hive.default.tmp	
2024-04-24T00:53:35,484  INFO [main] metastore.HMSHandler: Skipping translation for processor with null
2024-04-24T00:53:35,485  INFO [main] exec.MoveTask: Partition is: {c3=null}


2024-04-24T00:53:35,486  INFO [main] exec.Task: 

2024-04-24T00:53:35,487  INFO [main] HiveMetaStore.audit: ugi=alex	ip=unknown-ip-addr	cmd=get_table : tbl=hive.default.tmp	
2024-04-24T00:53:35,504  INFO [main] metastore.HMSHandler: Skipping translation for processor with null
2024-04-24T00:53:35,505  INFO [main] HiveMetaStore.audit: ugi=alex	ip=unknown-ip-addr	cmd=get_table : tbl=hive.default.tmp	
2024-04-24T00:53:35,523  INFO [main] metastore.HMSHandler: Skipping translation for processor with null
2024-04-24T00:53:35,523  INFO [main] HiveMetaStore.audit: ugi=alex	ip=unknown-ip-addr	cmd=get_table : tbl=hive.default.tmp	
2024-04-24T00:53:35,542  INFO [main] metastore.HMSHandler: Skipping translation for processor with null
2024-04-24T00:53:35,543  INFO [main] HiveMetaStore.audit: ugi=alex	ip=unknown-ip-addr	cmd=get_partitions_names_ps : tbl=hive.default.tmp[]	
2024-04-24T00:53:35,564  INFO [main] HiveMetaStore.audit: ugi=alex	ip=unknown-ip-addr	cmd=get_table : tbl=hive.default.tmp	
2024-04-24T00:53:35,582  INFO [main] metastore.HMSHandler: Skipping translation for processor with null
2024-04-24T00:53:35,583  INFO [main] HiveMetaStore.audit: ugi=alex	ip=unknown-ip-addr	cmd=get_partitions_by_names : tbl=hive.default.tmp	
2024-04-24T00:53:35,607  INFO [main] metastore.HMSHandler: Skipping translation for processor with null
2024-04-24T00:53:35,616  INFO [load-dynamic-partitionsToAdd-0] metadata.Hive: New loading path = file:/home/alex/Repositories/hive/ql/target/tmp/org.apache.hadoop.hive.ql.TestTxnNoBuckets-1713945183193/warehouse/tmp/.hive-staging_hive_2024-04-24_00-53-33_923_2773812388953549619-1/-ext-10000/c3=2 withPartSpec {c3=2}
2024-04-24T00:53:35,616  INFO [load-dynamic-partitionsToAdd-1] metadata.Hive: New loading path = file:/home/alex/Repositories/hive/ql/target/tmp/org.apache.hadoop.hive.ql.TestTxnNoBuckets-1713945183193/warehouse/tmp/.hive-staging_hive_2024-04-24_00-53-33_923_2773812388953549619-1/-ext-10000/c3=1 withPartSpec {c3=1}
2024-04-24T00:53:35,617  INFO [load-dynamic-partitionsToAdd-0] metastore.HiveMetaStoreClient: HMS client filtering is enabled.
2024-04-24T00:53:35,618  INFO [load-dynamic-partitionsToAdd-1] metastore.HiveMetaStoreClient: HMS client filtering is enabled.
2024-04-24T00:53:35,620  INFO [load-dynamic-partitionsToAdd-1] metastore.HMSHandler: 4: Opening raw store with implementation class:org.apache.hadoop.hive.metastore.ObjectStore
2024-04-24T00:53:35,620  INFO [load-dynamic-partitionsToAdd-0] metastore.HMSHandler: 3: Opening raw store with implementation class:org.apache.hadoop.hive.metastore.ObjectStore
2024-04-24T00:53:35,620  INFO [load-dynamic-partitionsToAdd-1] metastore.PersistenceManagerProvider: Configuration datanucleus.autoStartMechanismMode is not set. Defaulting to 'ignored'
2024-04-24T00:53:35,620  INFO [load-dynamic-partitionsToAdd-0] metastore.PersistenceManagerProvider: Configuration datanucleus.autoStartMechanismMode is not set. Defaulting to 'ignored'
2024-04-24T00:53:35,621  INFO [load-dynamic-partitionsToAdd-0] metastore.ObjectStore: RawStore: org.apache.hadoop.hive.metastore.ObjectStore@195ceba2, with PersistenceManager: null will be shutdown
2024-04-24T00:53:35,621  INFO [load-dynamic-partitionsToAdd-1] metastore.ObjectStore: RawStore: org.apache.hadoop.hive.metastore.ObjectStore@707e85d4, with PersistenceManager: null will be shutdown
2024-04-24T00:53:35,621  INFO [load-dynamic-partitionsToAdd-0] metastore.ObjectStore: RawStore: org.apache.hadoop.hive.metastore.ObjectStore@195ceba2, with PersistenceManager: org.datanucleus.api.jdo.JDOPersistenceManager@6b4bdfa4 created in the thread with id: 674
2024-04-24T00:53:35,622  INFO [load-dynamic-partitionsToAdd-1] metastore.ObjectStore: RawStore: org.apache.hadoop.hive.metastore.ObjectStore@707e85d4, with PersistenceManager: org.datanucleus.api.jdo.JDOPersistenceManager@78423e7a created in the thread with id: 675
2024-04-24T00:53:35,625  INFO [load-dynamic-partitionsToAdd-1] metastore.HMSHandler: Created RawStore: org.apache.hadoop.hive.metastore.ObjectStore@707e85d4 from thread id: 675
2024-04-24T00:53:35,625  INFO [load-dynamic-partitionsToAdd-0] metastore.HMSHandler: Created RawStore: org.apache.hadoop.hive.metastore.ObjectStore@195ceba2 from thread id: 674
2024-04-24T00:53:35,625  INFO [load-dynamic-partitionsToAdd-1] metastore.HMSHandler: HMS server filtering is disabled by configuration
2024-04-24T00:53:35,625  INFO [load-dynamic-partitionsToAdd-0] metastore.HMSHandler: HMS server filtering is disabled by configuration
2024-04-24T00:53:35,626  INFO [load-dynamic-partitionsToAdd-1] metastore.RetryingMetaStoreClient: RetryingMetaStoreClient proxy=class org.apache.hadoop.hive.ql.metadata.SessionHiveMetaStoreClient ugi=alex (auth:SIMPLE) retries=1 delay=1 lifetime=0
2024-04-24T00:53:35,626  INFO [load-dynamic-partitionsToAdd-0] metastore.RetryingMetaStoreClient: RetryingMetaStoreClient proxy=class org.apache.hadoop.hive.ql.metadata.SessionHiveMetaStoreClient ugi=alex (auth:SIMPLE) retries=1 delay=1 lifetime=0
2024-04-24T00:53:35,626  INFO [load-dynamic-partitionsToAdd-1] HiveMetaStore.audit: ugi=alex	ip=unknown-ip-addr	cmd=get_database: default	
2024-04-24T00:53:35,626  INFO [load-dynamic-partitionsToAdd-0] HiveMetaStore.audit: ugi=alex	ip=unknown-ip-addr	cmd=get_database: default	
2024-04-24T00:53:35,628  INFO [load-dynamic-partitionsToAdd-1] common.FileUtils: Creating directory if it doesn't exist: file:/home/alex/Repositories/hive/ql/target/tmp/org.apache.hadoop.hive.ql.TestTxnNoBuckets-1713945183193/warehouse/tmp/c3=1
2024-04-24T00:53:35,628  INFO [load-dynamic-partitionsToAdd-0] common.FileUtils: Creating directory if it doesn't exist: file:/home/alex/Repositories/hive/ql/target/tmp/org.apache.hadoop.hive.ql.TestTxnNoBuckets-1713945183193/warehouse/tmp/c3=2
2024-04-24T00:53:35,631  INFO [load-dynamic-partitionsToAdd-1] HiveMetaStore.audit: ugi=alex	ip=unknown-ip-addr	cmd=Cleaning up thread local RawStore...	
2024-04-24T00:53:35,631  INFO [load-dynamic-partitionsToAdd-1] metastore.ObjectStore: RawStore: org.apache.hadoop.hive.metastore.ObjectStore@707e85d4, with PersistenceManager: org.datanucleus.api.jdo.JDOPersistenceManager@78423e7a will be shutdown
2024-04-24T00:53:35,631  INFO [load-dynamic-partitionsToAdd-1] HiveMetaStore.audit: ugi=alex	ip=unknown-ip-addr	cmd=Done cleaning up thread local RawStore	
2024-04-24T00:53:35,631  INFO [load-dynamic-partitionsToAdd-1] metastore.HiveMetaStoreClient: Closed a connection to metastore, current connections: -3
2024-04-24T00:53:35,631  INFO [load-dynamic-partitionsToAdd-0] HiveMetaStore.audit: ugi=alex	ip=unknown-ip-addr	cmd=Cleaning up thread local RawStore...	
2024-04-24T00:53:35,631  INFO [load-dynamic-partitionsToAdd-0] metastore.ObjectStore: RawStore: org.apache.hadoop.hive.metastore.ObjectStore@195ceba2, with PersistenceManager: org.datanucleus.api.jdo.JDOPersistenceManager@6b4bdfa4 will be shutdown
2024-04-24T00:53:35,632  INFO [load-dynamic-partitionsToAdd-0] HiveMetaStore.audit: ugi=alex	ip=unknown-ip-addr	cmd=Done cleaning up thread local RawStore	
2024-04-24T00:53:35,632  INFO [load-dynamic-partitionsToAdd-0] metastore.HiveMetaStoreClient: Closed a connection to metastore, current connections: -4
2024-04-24T00:53:35,632  INFO [main] metadata.Hive: Number of partitionsToAdd to be added is 2
2024-04-24T00:53:35,632  INFO [main] HiveMetaStore.audit: ugi=alex	ip=unknown-ip-addr	cmd=add_partitions	
2024-04-24T00:53:35,677  INFO [main] metadata.Hive: Loaded 2partitionsToAdd
	 Time taken to load dynamic partitions: 0.191 seconds
2024-04-24T00:53:35,677  INFO [main] exec.Task: 	 Time taken to load dynamic partitions: 0.191 seconds
2024-04-24T00:53:35,677  INFO [main] exec.MoveTask: 	 Time taken to load dynamic partitions: 0.191 seconds
2024-04-24T00:53:35,677  INFO [main] exec.MoveTask: Loading partition {c3=2}
2024-04-24T00:53:35,677  INFO [main] exec.MoveTask: Loading partition {c3=1}
	 Time taken for adding to write entity : 0.0 seconds
2024-04-24T00:53:35,677  INFO [main] exec.Task: 	 Time taken for adding to write entity : 0.0 seconds
2024-04-24T00:53:35,677  INFO [main] ql.Driver: Starting task [Stage-2:STATS] in serial mode
2024-04-24T00:53:35,678  INFO [main] HiveMetaStore.audit: ugi=alex	ip=unknown-ip-addr	cmd=get_table : tbl=hive.default.tmp	
2024-04-24T00:53:35,689  INFO [main] metastore.HMSHandler: Skipping translation for processor with null
2024-04-24T00:53:35,690  INFO [main] stats.BasicStatsTask: Executing stats task
2024-04-24T00:53:35,690  INFO [main] fs.FSStatsPublisher: created : file:/home/alex/Repositories/hive/ql/target/tmp/localscratchdir/b8bea980-26cf-4ecb-93b4-cf7974ce2d23/hive_2024-04-24_00-53-33_923_2773812388953549619-1/-mr-10001
2024-04-24T00:53:35,692  INFO [main] HiveMetaStore.audit: ugi=alex	ip=unknown-ip-addr	cmd=get_table : tbl=hive.default.tmp	
2024-04-24T00:53:35,704  INFO [main] metastore.HMSHandler: Skipping translation for processor with null
2024-04-24T00:53:35,705  INFO [main] FileOperations: Read stats for default.tmp/c3=2/, numRows, true, 1, false: 
2024-04-24T00:53:35,705  INFO [main] FileOperations: Read stats for default.tmp/c3=2/, rawDataSize, true, 8, false: 
2024-04-24T00:53:35,705  INFO [main] stats.BasicStatsTask: Partition {c3=2} stats: [numFiles=1, numRows=1, totalSize=242, rawDataSize=8, numFilesErasureCoded=0]
2024-04-24T00:53:35,705  INFO [main] FileOperations: Read stats for default.tmp/c3=1/, numRows, true, 1, false: 
2024-04-24T00:53:35,706  INFO [main] FileOperations: Read stats for default.tmp/c3=1/, rawDataSize, true, 8, false: 
2024-04-24T00:53:35,706  INFO [main] stats.BasicStatsTask: Partition {c3=1} stats: [numFiles=1, numRows=1, totalSize=242, rawDataSize=8, numFilesErasureCoded=0]
2024-04-24T00:53:35,706  INFO [main] HiveMetaStore.audit: ugi=alex	ip=unknown-ip-addr	cmd=alter_partitions : tbl=hive.default.tmp	
2024-04-24T00:53:35,706  INFO [main] metastore.HMSHandler: New partition values:[2]
2024-04-24T00:53:35,706  INFO [main] metastore.HMSHandler: New partition values:[1]
2024-04-24T00:53:35,791  INFO [main] metadata.Hive: Dumping metastore api call timing information for : execution phase
2024-04-24T00:53:35,791  INFO [main] metadata.Hive: Total time spent in each metastore function (ms): {add_partitions_(List)=44, getPartitionsByNames_(String, String, List, boolean, String)=49, listPartitionNamesRequest_(GetPartitionNamesPsRequest)=41, alter_partitions_(String, String, List, EnvironmentContext, String, long)=84, isCompatibleWith_(Configuration)=0, getTable_(GetTableRequest)=83}
MapReduce Jobs Launched: 
2024-04-24T00:53:35,791  INFO [main] ql.Driver: MapReduce Jobs Launched: 
Stage-Stage-1:  HDFS Read: 0 HDFS Write: 0 SUCCESS
2024-04-24T00:53:35,791  INFO [main] ql.Driver: Stage-Stage-1:  HDFS Read: 0 HDFS Write: 0 SUCCESS
Total MapReduce CPU Time Spent: 0 msec
2024-04-24T00:53:35,791  INFO [main] ql.Driver: Total MapReduce CPU Time Spent: 0 msec
2024-04-24T00:53:35,792  INFO [main] ql.Driver: Completed executing command(queryId=alex_20240424005333_64ba3047-5a4c-4e5b-9045-7a8d781c5fc0); Time taken: 1.658 seconds
2024-04-24T00:53:35,792  INFO [main] lockmgr.DbTxnManager: Stopped heartbeat for query: alex_20240424005333_64ba3047-5a4c-4e5b-9045-7a8d781c5fc0
2024-04-24T00:53:35,797  INFO [main] txn.TxnHandler: Expected to move at least one record from txn_components to completed_txn_components when committing txn! txnid:16
2024-04-24T00:53:35,805  INFO [main] txn.TxnHandler: Removed transactions: ([16]) from MIN_HISTORY_LEVEL
2024-04-24T00:53:35,805  WARN [main] txn.CompactionTxnHandler: No compaction queue record found for Compaction type transaction commit. txnId:16
2024-04-24T00:53:35,806  INFO [main] ql.TxnCommandsBaseForTests: Running the query: insert into tmp  values(3,3,3),(4,4,4)
2024-04-24T00:53:35,806  INFO [main] ql.Context: Deleting scratch dir: file:/home/alex/Repositories/hive/ql/target/tmp/org.apache.hadoop.hive.ql.TestTxnNoBuckets-1713945183193/warehouse/tmp/.hive-staging_hive_2024-04-24_00-53-33_923_2773812388953549619-1
2024-04-24T00:53:35,807  INFO [main] cleanup.SyncCleanupService: Deleted directory: file:/home/alex/Repositories/hive/ql/target/tmp/org.apache.hadoop.hive.ql.TestTxnNoBuckets-1713945183193/warehouse/tmp/.hive-staging_hive_2024-04-24_00-53-33_923_2773812388953549619-1 on fs with scheme file
2024-04-24T00:53:35,807  INFO [main] ql.Context: Deleting scratch dir: file:/home/alex/Repositories/hive/ql/target/tmp/localscratchdir/b8bea980-26cf-4ecb-93b4-cf7974ce2d23/hive_2024-04-24_00-53-33_923_2773812388953549619-1
2024-04-24T00:53:35,808  INFO [main] cleanup.SyncCleanupService: Deleted directory: file:/home/alex/Repositories/hive/ql/target/tmp/localscratchdir/b8bea980-26cf-4ecb-93b4-cf7974ce2d23/hive_2024-04-24_00-53-33_923_2773812388953549619-1 on fs with scheme file
2024-04-24T00:53:35,808  INFO [main] ql.Driver: Compiling command(queryId=alex_20240424005335_605018ae-3cc2-4c1a-ad89-963ee7851ad4): insert into tmp  values(3,3,3),(4,4,4)
2024-04-24T00:53:35,812  INFO [main] txn.TxnHandler: Added entries to MIN_HISTORY_LEVEL for current txns: ([17]) with min_open_txn: 17
2024-04-24T00:53:35,813  INFO [main] lockmgr.DbTxnManager: Opened txnid:17
2024-04-24T00:53:35,814  INFO [main] parse.CalcitePlanner: Starting caching scope for: 
2024-04-24T00:53:35,814  INFO [main] parse.CalcitePlanner: Starting Semantic Analysis
2024-04-24T00:53:35,819  INFO [main] HiveMetaStore.audit: ugi=alex	ip=unknown-ip-addr	cmd=get_table : tbl=hive.default.tmp	
2024-04-24T00:53:35,831  INFO [main] metastore.HMSHandler: Skipping translation for processor with null
2024-04-24T00:53:35,831  INFO [main] parse.CalcitePlanner: Completed phase 1 of Semantic Analysis
2024-04-24T00:53:35,831  INFO [main] parse.CalcitePlanner: Get metadata for source tables
2024-04-24T00:53:35,831  INFO [main] parse.CalcitePlanner: Get metadata for subqueries
2024-04-24T00:53:35,831  INFO [main] parse.CalcitePlanner: Get metadata for destination tables
2024-04-24T00:53:35,832  INFO [main] HiveMetaStore.audit: ugi=alex	ip=unknown-ip-addr	cmd=get_table : tbl=hive.default.tmp	
2024-04-24T00:53:35,845  INFO [main] metastore.HMSHandler: Skipping translation for processor with null
2024-04-24T00:53:35,845  INFO [main] parse.CalcitePlanner: Completed getting MetaData in Semantic Analysis
2024-04-24T00:53:35,845  INFO [main] parse.CalcitePlanner: Disabling LLAP IO encode as ETL query is detected
2024-04-24T00:53:35,871  INFO [main] HiveMetaStore.audit: ugi=alex	ip=unknown-ip-addr	cmd=get_all_table_constraints : tbl=hive._dummy_database._dummy_table	
2024-04-24T00:53:35,967  INFO [main] parse.CalcitePlanner: Get metadata for source tables
2024-04-24T00:53:35,967  INFO [main] parse.CalcitePlanner: Get metadata for subqueries
2024-04-24T00:53:35,967  INFO [main] parse.CalcitePlanner: Get metadata for source tables
2024-04-24T00:53:35,969  INFO [main] HiveMetaStore.audit: ugi=alex	ip=unknown-ip-addr	cmd=get_table : tbl=hive._dummy_database._dummy_table	
2024-04-24T00:53:35,972  INFO [main] parse.CalcitePlanner: Get metadata for subqueries
2024-04-24T00:53:35,972  INFO [main] parse.CalcitePlanner: Get metadata for destination tables
2024-04-24T00:53:35,972  INFO [main] parse.CalcitePlanner: Get metadata for destination tables
2024-04-24T00:53:35,972  INFO [main] HiveMetaStore.audit: ugi=alex	ip=unknown-ip-addr	cmd=get_table : tbl=hive.default.tmp	
2024-04-24T00:53:35,984  INFO [main] metastore.HMSHandler: Skipping translation for processor with null
2024-04-24T00:53:35,988  INFO [main] common.FileUtils: Creating directory if it doesn't exist: file:/home/alex/Repositories/hive/ql/target/tmp/org.apache.hadoop.hive.ql.TestTxnNoBuckets-1713945183193/warehouse/tmp/.hive-staging_hive_2024-04-24_00-53-35_808_2036819331222153971-1
2024-04-24T00:53:35,991  INFO [main] HiveMetaStore.audit: ugi=alex	ip=unknown-ip-addr	cmd=get_not_null_constraints : tbl=hive.default.tmp	
2024-04-24T00:53:35,992  INFO [main] HiveMetaStore.audit: ugi=alex	ip=unknown-ip-addr	cmd=get_check_constraints : tbl=hive.default.tmp	
2024-04-24T00:53:35,994  INFO [main] parse.CalcitePlanner: CBO Succeeded; optimized logical plan.
2024-04-24T00:53:35,998  INFO [main] optimizer.BucketVersionPopulator: not considering bucketingVersion for: TS[0] because it has -1<2 buckets 
2024-04-24T00:53:35,999  INFO [main] optimizer.SortedDynPartitionOptimizer: Sorted dynamic partitioning optimization kicked in..
2024-04-24T00:53:35,999  INFO [main] optimizer.SortedDynPartitionOptimizer: Inserted RS_5 and SEL_6 as parent of FS_4 and child of SEL_3
2024-04-24T00:53:36,012  INFO [main] HiveMetaStore.audit: ugi=alex	ip=unknown-ip-addr	cmd=get_table : tbl=hive.default.tmp	
2024-04-24T00:53:36,030  INFO [main] metastore.HMSHandler: Skipping translation for processor with null
2024-04-24T00:53:36,031  INFO [main] physical.Vectorizer: Examining input format to see if vectorization is enabled.
2024-04-24T00:53:36,031  INFO [main] physical.Vectorizer: Map vectorization enabled: false
2024-04-24T00:53:36,032  INFO [main] physical.Vectorizer: Map vectorized: false
2024-04-24T00:53:36,032  INFO [main] physical.Vectorizer: Map vectorizedVertexNum: 0
2024-04-24T00:53:36,032  INFO [main] physical.Vectorizer: Map enabledConditionsMet: [hive.vectorized.use.vectorized.input.format IS true]
2024-04-24T00:53:36,032  INFO [main] physical.Vectorizer: Map enabledConditionsNotMet: [Could not enable vectorization due to partition column names size 1 is greater than the number of table column names size 0 IS false]
2024-04-24T00:53:36,032  INFO [main] physical.Vectorizer: Map inputFileFormatClassNameSet: [org.apache.hadoop.hive.ql.io.NullRowsInputFormat]
2024-04-24T00:53:36,032  INFO [main] physical.Vectorizer: Reduce vectorization enabled: false
2024-04-24T00:53:36,032  INFO [main] physical.Vectorizer: Reduce vectorized: false
2024-04-24T00:53:36,032  INFO [main] physical.Vectorizer: Reduce vectorizedVertexNum: 1
2024-04-24T00:53:36,032  INFO [main] physical.Vectorizer: Reducer hive.vectorized.execution.reduce.enabled: true
2024-04-24T00:53:36,032  INFO [main] physical.Vectorizer: Reducer engine: mr
2024-04-24T00:53:36,032  INFO [main] parse.CalcitePlanner: Completed plan generation
2024-04-24T00:53:36,032  INFO [main] parse.CalcitePlanner: Ending caching scope for: 
2024-04-24T00:53:36,032  INFO [main] ql.Driver: Semantic Analysis Completed (retrial = false)
2024-04-24T00:53:36,032  INFO [main] ql.Driver: Created Hive schema: Schema(fieldSchemas:[FieldSchema(name:col1, type:int, comment:null), FieldSchema(name:col2, type:int, comment:null), FieldSchema(name:col3, type:int, comment:null)], properties:null)
2024-04-24T00:53:36,032  INFO [main] metadata.Hive: Dumping metastore api call timing information for : compilation phase
2024-04-24T00:53:36,032  INFO [main] metadata.Hive: Total time spent in each metastore function (ms): {openTxn_(String, TxnType)=4, getValidTxns_(long)=1, getTable_(GetTableRequest)=58, commitTxn_(CommitTxnRequest)=13, getValidWriteIds_(List, String)=4, getCheckConstraints_(CheckConstraintsRequest)=2, isCompatibleWith_(Configuration)=1, getMetaConf_(String)=0, getNotNullConstraints_(NotNullConstraintsRequest)=2, flushCache_()=0, getAllTableConstraints_(AllTableConstraintsRequest)=35}
2024-04-24T00:53:36,033  INFO [main] ql.Driver: Completed compiling command(queryId=alex_20240424005335_605018ae-3cc2-4c1a-ad89-963ee7851ad4); Time taken: 0.224 seconds
2024-04-24T00:53:36,033  INFO [main] lockmgr.DbTxnManager: Setting lock request transaction to txnid:17 for queryId=alex_20240424005335_605018ae-3cc2-4c1a-ad89-963ee7851ad4
2024-04-24T00:53:36,033  INFO [main] lockmgr.DbLockManager: Requesting lock for queryId=alex_20240424005335_605018ae-3cc2-4c1a-ad89-963ee7851ad4
2024-04-24T00:53:36,058  INFO [main] lockmgr.DbLockManager: Response to queryId=alex_20240424005335_605018ae-3cc2-4c1a-ad89-963ee7851ad4 LockResponse(lockid:10, state:ACQUIRED)
2024-04-24T00:53:36,058  INFO [main] ql.Driver: Operation QUERY obtained 1 locks
2024-04-24T00:53:36,058  INFO [main] ql.Driver: Executing command(queryId=alex_20240424005335_605018ae-3cc2-4c1a-ad89-963ee7851ad4): insert into tmp  values(3,3,3),(4,4,4)
2024-04-24T00:53:36,059  WARN [main] ql.Driver: Hive-on-MR is deprecated in Hive 2 and may not be available in the future versions. Consider using a different execution engine (i.e. spark, tez) or using Hive 1.X releases.
Query ID = alex_20240424005335_605018ae-3cc2-4c1a-ad89-963ee7851ad4
2024-04-24T00:53:36,059  INFO [main] ql.Driver: Query ID = alex_20240424005335_605018ae-3cc2-4c1a-ad89-963ee7851ad4
Total jobs = 1
2024-04-24T00:53:36,059  INFO [main] ql.Driver: Total jobs = 1
Launching Job 1 out of 1
2024-04-24T00:53:36,059  INFO [main] ql.Driver: Launching Job 1 out of 1
2024-04-24T00:53:36,209  INFO [main] ql.Driver: Starting task [Stage-1:MAPRED] in serial mode
2024-04-24T00:53:36,209  INFO [main] exec.Utilities: Not using thread pool for getContentSummary
2024-04-24T00:53:36,210  INFO [main] exec.Utilities: BytesPerReducer=256000000 maxReducers=1009 totalInputFileSize=1
Number of reduce tasks not specified. Estimated from input data size: 1
2024-04-24T00:53:36,210  INFO [main] exec.Task: Number of reduce tasks not specified. Estimated from input data size: 1
In order to change the average load for a reducer (in bytes):
2024-04-24T00:53:36,210  INFO [main] exec.Task: In order to change the average load for a reducer (in bytes):
  set hive.exec.reducers.bytes.per.reducer=<number>
2024-04-24T00:53:36,210  INFO [main] exec.Task:   set hive.exec.reducers.bytes.per.reducer=<number>
In order to limit the maximum number of reducers:
2024-04-24T00:53:36,210  INFO [main] exec.Task: In order to limit the maximum number of reducers:
  set hive.exec.reducers.max=<number>
2024-04-24T00:53:36,210  INFO [main] exec.Task:   set hive.exec.reducers.max=<number>
In order to set a constant number of reducers:
2024-04-24T00:53:36,210  INFO [main] exec.Task: In order to set a constant number of reducers:
  set mapreduce.job.reduces=<number>
2024-04-24T00:53:36,210  INFO [main] exec.Task:   set mapreduce.job.reduces=<number>
2024-04-24T00:53:36,212  INFO [main] mr.ExecDriver: Using org.apache.hadoop.hive.ql.io.HiveInputFormat
2024-04-24T00:53:36,213  INFO [main] exec.Utilities: Processing alias $hdt$_0:_dummy_table
2024-04-24T00:53:36,213  INFO [main] exec.Utilities: Adding 1 inputs; the first input is file:/home/alex/Repositories/hive/ql/target/tmp/localscratchdir/b8bea980-26cf-4ecb-93b4-cf7974ce2d23/hive_2024-04-24_00-53-35_808_2036819331222153971-1/dummy_path
2024-04-24T00:53:36,223  INFO [main] exec.SerializationUtilities: Serializing MapWork using kryo
2024-04-24T00:53:36,223  INFO [main] exec.Utilities: Serialized plan (via FILE) - name: null size: 5,41KB
2024-04-24T00:53:36,229  INFO [main] exec.SerializationUtilities: Serializing ReduceWork using kryo
2024-04-24T00:53:36,230  INFO [main] exec.Utilities: Serialized plan (via FILE) - name: null size: 6,46KB
2024-04-24T00:53:36,231  WARN [main] impl.MetricsSystemImpl: JobTracker metrics system already initialized!
2024-04-24T00:53:36,236  INFO [main] fs.FSStatsPublisher: created : file:/home/alex/Repositories/hive/ql/target/tmp/localscratchdir/b8bea980-26cf-4ecb-93b4-cf7974ce2d23/hive_2024-04-24_00-53-35_808_2036819331222153971-1/-mr-10001
2024-04-24T00:53:36,242  WARN [main] impl.MetricsSystemImpl: JobTracker metrics system already initialized!
2024-04-24T00:53:36,252  WARN [main] mapreduce.JobResourceUploader: Hadoop command-line option parsing not performed. Implement the Tool interface and execute your application with ToolRunner to remedy this.
2024-04-24T00:53:36,256  WARN [main] mapreduce.JobResourceUploader: No job jar file set.  User classes may not be found. See Job or Job#setJar(String).
2024-04-24T00:53:36,258  INFO [main] io.HiveInputFormat: hive.io.file.readcolumn.ids = 
2024-04-24T00:53:36,258  INFO [main] io.HiveInputFormat: hive.io.file.readcolumn.names = 
2024-04-24T00:53:36,258  INFO [main] io.HiveInputFormat: Generating splits for dirs: file:/home/alex/Repositories/hive/ql/target/tmp/localscratchdir/b8bea980-26cf-4ecb-93b4-cf7974ce2d23/hive_2024-04-24_00-53-35_808_2036819331222153971-1/dummy_path
2024-04-24T00:53:36,258  INFO [main] io.HiveInputFormat: number of splits 1
2024-04-24T00:53:36,277  INFO [main] mapreduce.JobSubmitter: number of splits:1
2024-04-24T00:53:36,303  INFO [main] mapreduce.JobSubmitter: Submitting tokens for job: job_local331188619_0010
2024-04-24T00:53:36,303  INFO [main] mapreduce.JobSubmitter: Executing with tokens: []
2024-04-24T00:53:36,370  INFO [main] mapreduce.Job: The url to track the job: http://localhost:8080/
Job running in-process (local Hadoop)
2024-04-24T00:53:36,370  INFO [main] exec.Task: Job running in-process (local Hadoop)
2024-04-24T00:53:36,370  INFO [Thread-615] mapred.LocalJobRunner: OutputCommitter set in config org.apache.hadoop.hive.ql.io.HiveFileFormatUtils$NullOutputCommitter
2024-04-24T00:53:36,370  INFO [Thread-615] mapred.LocalJobRunner: OutputCommitter is org.apache.hadoop.hive.ql.io.HiveFileFormatUtils$NullOutputCommitter
2024-04-24T00:53:36,372  INFO [Thread-615] mapred.LocalJobRunner: Waiting for map tasks
2024-04-24T00:53:36,372  INFO [LocalJobRunner Map Task Executor #0] mapred.LocalJobRunner: Starting task: attempt_local331188619_0010_m_000000_0
2024-04-24T00:53:36,373  INFO [LocalJobRunner Map Task Executor #0] mapred.Task:  Using ResourceCalculatorProcessTree : [ ]
2024-04-24T00:53:36,373  INFO [LocalJobRunner Map Task Executor #0] mapred.MapTask: Processing split: org.apache.hadoop.hive.ql.io.NullRowsInputFormat:file:/home/alex/Repositories/hive/ql/target/tmp/localscratchdir/b8bea980-26cf-4ecb-93b4-cf7974ce2d23/hive_2024-04-24_00-53-35_808_2036819331222153971-1/dummy_path/null:0+1
2024-04-24T00:53:36,374  INFO [LocalJobRunner Map Task Executor #0] exec.SerializationUtilities: Deserializing MapWork using kryo
2024-04-24T00:53:36,375  INFO [LocalJobRunner Map Task Executor #0] exec.Utilities: Deserialized plan (via FILE) - name: null size: 5,41KB
2024-04-24T00:53:36,375  INFO [LocalJobRunner Map Task Executor #0] mapred.MapTask: numReduceTasks: 1
2024-04-24T00:53:36,380  INFO [LocalJobRunner Map Task Executor #0] mapred.MapTask: (EQUATOR) 0 kvi 26214396(104857584)
2024-04-24T00:53:36,380  INFO [LocalJobRunner Map Task Executor #0] mapred.MapTask: mapreduce.task.io.sort.mb: 100
2024-04-24T00:53:36,380  INFO [LocalJobRunner Map Task Executor #0] mapred.MapTask: soft limit at 83886080
2024-04-24T00:53:36,380  INFO [LocalJobRunner Map Task Executor #0] mapred.MapTask: bufstart = 0; bufvoid = 104857600
2024-04-24T00:53:36,380  INFO [LocalJobRunner Map Task Executor #0] mapred.MapTask: kvstart = 26214396; length = 6553600
2024-04-24T00:53:36,380  INFO [LocalJobRunner Map Task Executor #0] mapred.MapTask: Map output collector class = org.apache.hadoop.mapred.MapTask$MapOutputBuffer
2024-04-24T00:53:36,381  INFO [LocalJobRunner Map Task Executor #0] exec.MapOperator: Initializing Operator: MAP[0]
2024-04-24T00:53:36,381  INFO [LocalJobRunner Map Task Executor #0] mr.ExecMapper: 
<MAP>Id =0
  <Children>null
  <\Children>
  <Parent><\Parent>
<\MAP>
2024-04-24T00:53:36,382  INFO [LocalJobRunner Map Task Executor #0] exec.TableScanOperator: Initializing Operator: TS[0]
2024-04-24T00:53:36,382  INFO [LocalJobRunner Map Task Executor #0] exec.SelectOperator: Initializing Operator: SEL[1]
2024-04-24T00:53:36,382  INFO [LocalJobRunner Map Task Executor #0] exec.SelectOperator: SELECT null
2024-04-24T00:53:36,382  INFO [LocalJobRunner Map Task Executor #0] exec.UDTFOperator: Initializing Operator: UDTF[2]
2024-04-24T00:53:36,382  INFO [LocalJobRunner Map Task Executor #0] exec.SelectOperator: Initializing Operator: SEL[3]
2024-04-24T00:53:36,382  INFO [LocalJobRunner Map Task Executor #0] exec.SelectOperator: SELECT struct<col1:int,col2:int,col3:int>
2024-04-24T00:53:36,383  INFO [LocalJobRunner Map Task Executor #0] exec.ReduceSinkOperator: Initializing Operator: RS[5]
2024-04-24T00:53:36,383  INFO [LocalJobRunner Map Task Executor #0] exec.ReduceSinkOperator: Using tag = -1
2024-04-24T00:53:36,384  INFO [LocalJobRunner Map Task Executor #0] exec.ReduceSinkOperator: keys are [_col2] num distributions: 1
2024-04-24T00:53:36,384  INFO [LocalJobRunner Map Task Executor #0] exec.ReduceSinkOperator: RS[5]: records written - 1
2024-04-24T00:53:36,384  INFO [LocalJobRunner Map Task Executor #0] exec.MapOperator: MAP[0]: records read - 1
2024-04-24T00:53:36,384  INFO [LocalJobRunner Map Task Executor #0] exec.MapOperator: Closing Operator: MAP[0]
2024-04-24T00:53:36,384  INFO [LocalJobRunner Map Task Executor #0] exec.MapOperator: MAP[0]: Total records read - 3. abort - false
2024-04-24T00:53:36,385  INFO [LocalJobRunner Map Task Executor #0] exec.MapOperator: RECORDS_OUT_OPERATOR_MAP_0:0, DESERIALIZE_ERRORS:0, RECORDS_OUT_INTERMEDIATE:0, RECORDS_IN:3, 
2024-04-24T00:53:36,385  INFO [LocalJobRunner Map Task Executor #0] exec.TableScanOperator: Closing Operator: TS[0]
2024-04-24T00:53:36,385  INFO [LocalJobRunner Map Task Executor #0] exec.TableScanOperator: RECORDS_OUT_OPERATOR_TS_0:1, RECORDS_OUT_INTERMEDIATE:0, 
2024-04-24T00:53:36,385  INFO [LocalJobRunner Map Task Executor #0] exec.SelectOperator: Closing Operator: SEL[1]
2024-04-24T00:53:36,385  INFO [LocalJobRunner Map Task Executor #0] exec.SelectOperator: RECORDS_OUT_INTERMEDIATE:0, RECORDS_OUT_OPERATOR_SEL_1:1, 
2024-04-24T00:53:36,385  INFO [LocalJobRunner Map Task Executor #0] exec.UDTFOperator: Closing Operator: UDTF[2]
2024-04-24T00:53:36,385  INFO [LocalJobRunner Map Task Executor #0] exec.UDTFOperator: RECORDS_OUT_INTERMEDIATE:0, RECORDS_OUT_OPERATOR_UDTF_2:2, 
2024-04-24T00:53:36,385  INFO [LocalJobRunner Map Task Executor #0] exec.SelectOperator: Closing Operator: SEL[3]
2024-04-24T00:53:36,385  INFO [LocalJobRunner Map Task Executor #0] exec.SelectOperator: RECORDS_OUT_INTERMEDIATE:0, RECORDS_OUT_OPERATOR_SEL_3:2, 
2024-04-24T00:53:36,385  INFO [LocalJobRunner Map Task Executor #0] exec.ReduceSinkOperator: Closing Operator: RS[5]
2024-04-24T00:53:36,385  INFO [LocalJobRunner Map Task Executor #0] exec.ReduceSinkOperator: RS[5]: Total records written - 2. abort - false
2024-04-24T00:53:36,385  INFO [LocalJobRunner Map Task Executor #0] exec.ReduceSinkOperator: RECORDS_OUT_INTERMEDIATE:2, RECORDS_OUT_OPERATOR_RS_5:2, 
2024-04-24T00:53:36,386  INFO [LocalJobRunner Map Task Executor #0] mapred.LocalJobRunner: 
2024-04-24T00:53:36,386  INFO [LocalJobRunner Map Task Executor #0] mapred.MapTask: Starting flush of map output
2024-04-24T00:53:36,386  INFO [LocalJobRunner Map Task Executor #0] mapred.MapTask: Spilling map output
2024-04-24T00:53:36,386  INFO [LocalJobRunner Map Task Executor #0] mapred.MapTask: bufstart = 0; bufend = 34; bufvoid = 104857600
2024-04-24T00:53:36,386  INFO [LocalJobRunner Map Task Executor #0] mapred.MapTask: kvstart = 26214396(104857584); kvend = 26214392(104857568); length = 5/6553600
2024-04-24T00:53:36,396  INFO [LocalJobRunner Map Task Executor #0] mapred.MapTask: Finished spill 0
2024-04-24T00:53:36,399  INFO [LocalJobRunner Map Task Executor #0] mapred.Task: Task:attempt_local331188619_0010_m_000000_0 is done. And is in the process of committing
2024-04-24T00:53:36,400  INFO [LocalJobRunner Map Task Executor #0] mapred.LocalJobRunner: map
2024-04-24T00:53:36,400  INFO [LocalJobRunner Map Task Executor #0] mapred.Task: Task 'attempt_local331188619_0010_m_000000_0' done.
2024-04-24T00:53:36,400  INFO [LocalJobRunner Map Task Executor #0] mapred.Task: Final Counters for attempt_local331188619_0010_m_000000_0: Counters: 26
	File System Counters
		FILE: Number of bytes read=159939
		FILE: Number of bytes written=12019288
		FILE: Number of read operations=0
		FILE: Number of large read operations=0
		FILE: Number of write operations=0
	Map-Reduce Framework
		Map input records=4
		Map output records=2
		Map output bytes=34
		Map output materialized bytes=44
		Input split bytes=361
		Combine input records=0
		Spilled Records=2
		Failed Shuffles=0
		Merged Map outputs=0
		GC time elapsed (ms)=0
		Total committed heap usage (bytes)=1096810496
	HIVE
		DESERIALIZE_ERRORS=0
		RECORDS_IN=3
		RECORDS_OUT_INTERMEDIATE=2
		RECORDS_OUT_OPERATOR_MAP_0=0
		RECORDS_OUT_OPERATOR_RS_5=2
		RECORDS_OUT_OPERATOR_SEL_1=1
		RECORDS_OUT_OPERATOR_SEL_3=2
		RECORDS_OUT_OPERATOR_TS_0=1
		RECORDS_OUT_OPERATOR_UDTF_2=2
	File Input Format Counters 
		Bytes Read=5466
2024-04-24T00:53:36,400  INFO [LocalJobRunner Map Task Executor #0] mapred.LocalJobRunner: Finishing task: attempt_local331188619_0010_m_000000_0
2024-04-24T00:53:36,400  INFO [Thread-615] mapred.LocalJobRunner: map task executor complete.
2024-04-24T00:53:36,401  INFO [Thread-615] mapred.LocalJobRunner: Waiting for reduce tasks
2024-04-24T00:53:36,401  INFO [pool-51-thread-1] mapred.LocalJobRunner: Starting task: attempt_local331188619_0010_r_000000_0
2024-04-24T00:53:36,402  INFO [pool-51-thread-1] mapred.Task:  Using ResourceCalculatorProcessTree : [ ]
2024-04-24T00:53:36,402  INFO [pool-51-thread-1] mapred.ReduceTask: Using ShuffleConsumerPlugin: org.apache.hadoop.mapreduce.task.reduce.Shuffle@3ee2e887
2024-04-24T00:53:36,402  WARN [pool-51-thread-1] impl.MetricsSystemImpl: JobTracker metrics system already initialized!
2024-04-24T00:53:36,403  INFO [pool-51-thread-1] reduce.MergeManagerImpl: MergerManager: memoryLimit=1336252800, maxSingleShuffleLimit=334063200, mergeThreshold=881926912, ioSortFactor=10, memToMemMergeOutputsThreshold=10
2024-04-24T00:53:36,404  INFO [EventFetcher for fetching Map Completion Events] reduce.EventFetcher: attempt_local331188619_0010_r_000000_0 Thread started: EventFetcher for fetching Map Completion Events
2024-04-24T00:53:36,405  INFO [localfetcher#7] reduce.LocalFetcher: localfetcher#7 about to shuffle output of map attempt_local331188619_0010_m_000000_0 decomp: 40 len: 44 to MEMORY
2024-04-24T00:53:36,405  INFO [localfetcher#7] reduce.InMemoryMapOutput: Read 40 bytes from map-output for attempt_local331188619_0010_m_000000_0
2024-04-24T00:53:36,405  INFO [localfetcher#7] reduce.MergeManagerImpl: closeInMemoryFile -> map-output of size: 40, inMemoryMapOutputs.size() -> 1, commitMemory -> 0, usedMemory ->40
2024-04-24T00:53:36,405  INFO [EventFetcher for fetching Map Completion Events] reduce.EventFetcher: EventFetcher is interrupted.. Returning
2024-04-24T00:53:36,405  INFO [pool-51-thread-1] mapred.LocalJobRunner: 1 / 1 copied.
2024-04-24T00:53:36,405  INFO [pool-51-thread-1] reduce.MergeManagerImpl: finalMerge called with 1 in-memory map-outputs and 0 on-disk map-outputs
2024-04-24T00:53:36,412  INFO [pool-51-thread-1] mapred.Merger: Merging 1 sorted segments
2024-04-24T00:53:36,412  INFO [pool-51-thread-1] mapred.Merger: Down to the last merge-pass, with 1 segments left of total size: 28 bytes
2024-04-24T00:53:36,414  INFO [pool-51-thread-1] reduce.MergeManagerImpl: Merged 1 segments, 40 bytes to disk to satisfy reduce memory limit
2024-04-24T00:53:36,414  INFO [pool-51-thread-1] reduce.MergeManagerImpl: Merging 1 files, 44 bytes from disk
2024-04-24T00:53:36,414  INFO [pool-51-thread-1] reduce.MergeManagerImpl: Merging 0 segments, 0 bytes from memory into reduce
2024-04-24T00:53:36,414  INFO [pool-51-thread-1] mapred.Merger: Merging 1 sorted segments
2024-04-24T00:53:36,414  INFO [pool-51-thread-1] mapred.Merger: Down to the last merge-pass, with 1 segments left of total size: 28 bytes
2024-04-24T00:53:36,415  INFO [pool-51-thread-1] mapred.LocalJobRunner: 1 / 1 copied.
2024-04-24T00:53:36,415  INFO [pool-51-thread-1] exec.SerializationUtilities: Deserializing ReduceWork using kryo
2024-04-24T00:53:36,416  INFO [pool-51-thread-1] exec.Utilities: Deserialized plan (via FILE) - name: null size: 6,46KB
2024-04-24T00:53:36,417  INFO [pool-51-thread-1] ExecReducer: 
<SEL>Id =6
  <Children>
    <FS>Id =4
      <Children>
      <\Children>
      <Parent>Id = 6 null<\Parent>
    <\FS>
  <\Children>
  <Parent><\Parent>
<\SEL>
2024-04-24T00:53:36,417  INFO [pool-51-thread-1] exec.SelectOperator: Initializing Operator: SEL[6]
2024-04-24T00:53:36,417  INFO [pool-51-thread-1] exec.SelectOperator: SELECT struct<key:struct<_col2:int>,value:struct<_col0:int,_col1:int>>
2024-04-24T00:53:36,417  INFO [pool-51-thread-1] exec.FileSinkOperator: Initializing Operator: FS[4]
2024-04-24T00:53:36,417  INFO [pool-51-thread-1] exec.FileSinkOperator: Using serializer : AbstractSerDe [log=org.apache.logging.slf4j.Log4jLogger@22a08b61, configuration=Optional[Configuration: core-default.xml, core-site.xml, mapred-default.xml, mapred-site.xml, yarn-default.xml, yarn-site.xml, hdfs-default.xml, hdfs-site.xml, file:/home/alex/Repositories/hive/ql/target/tmp/TestTxnNoBucketsVectorized/mapred/local/localRunner/alex/job_local331188619_0010/job_local331188619_0010.xml], properties={name=default.tmp, columns.types=int:int, serialization.format=1, columns=c1,c2, columns.comments=&amp#0;, partition_columns.types=int, partition_columns=c3, bucketing_version=2, serialization.lib=org.apache.hadoop.hive.ql.io.orc.OrcSerde, file.inputformat=org.apache.hadoop.hive.ql.io.orc.OrcInputFormat, file.outputformat=org.apache.hadoop.hive.ql.io.orc.OrcOutputFormat, location=file:/home/alex/Repositories/hive/ql/target/tmp/org.apache.hadoop.hive.ql.TestTxnNoBuckets-1713945183193/warehouse/tmp, column.name.delimiter=,}, tableProperties={name=default.tmp, columns.types=int:int, serialization.format=1, columns=c1,c2, columns.comments=&amp#0;, partition_columns.types=int, partition_columns=c3, bucketing_version=2, serialization.lib=org.apache.hadoop.hive.ql.io.orc.OrcSerde, file.inputformat=org.apache.hadoop.hive.ql.io.orc.OrcInputFormat, location=file:/home/alex/Repositories/hive/ql/target/tmp/org.apache.hadoop.hive.ql.TestTxnNoBuckets-1713945183193/warehouse/tmp, file.outputformat=org.apache.hadoop.hive.ql.io.orc.OrcOutputFormat, column.name.delimiter=,}, partitionProperties=Optional.empty, columnNames=[c1, c2], columnTypes=[int, int], getClass()=class org.apache.hadoop.hive.ql.io.orc.OrcSerde] and formatter : org.apache.hadoop.hive.ql.io.orc.OrcOutputFormat@3bc297f2
2024-04-24T00:53:36,418  INFO [pool-51-thread-1] exec.FileSinkOperator: Final Path: FS file:/home/alex/Repositories/hive/ql/target/tmp/org.apache.hadoop.hive.ql.TestTxnNoBuckets-1713945183193/warehouse/tmp/.hive-staging_hive_2024-04-24_00-53-35_808_2036819331222153971-1/_tmp.-ext-10000/c3=3/000000_0
2024-04-24T00:53:36,418  INFO [pool-51-thread-1] exec.FileSinkOperator: Writing to temp file: FS file:/home/alex/Repositories/hive/ql/target/tmp/org.apache.hadoop.hive.ql.TestTxnNoBuckets-1713945183193/warehouse/tmp/.hive-staging_hive_2024-04-24_00-53-35_808_2036819331222153971-1/_task_tmp.-ext-10000/c3=3/_tmp.000000_0
2024-04-24T00:53:36,418  INFO [pool-51-thread-1] exec.FileSinkOperator: New Final Path: FS file:/home/alex/Repositories/hive/ql/target/tmp/org.apache.hadoop.hive.ql.TestTxnNoBuckets-1713945183193/warehouse/tmp/.hive-staging_hive_2024-04-24_00-53-35_808_2036819331222153971-1/_tmp.-ext-10000/c3=3/000000_0
2024-04-24T00:53:36,418  INFO [pool-51-thread-1] exec.FileSinkOperator: FS[4]: records written - 1
2024-04-24T00:53:36,418  INFO [pool-51-thread-1] impl.PhysicalFsWriter: ORC writer created for path: file:/home/alex/Repositories/hive/ql/target/tmp/org.apache.hadoop.hive.ql.TestTxnNoBuckets-1713945183193/warehouse/tmp/.hive-staging_hive_2024-04-24_00-53-35_808_2036819331222153971-1/_task_tmp.-ext-10000/c3=3/_tmp.000000_0 with stripeSize: 67108864 blockSize: 268435456 compression: Compress: ZLIB buffer: 262144
2024-04-24T00:53:36,427  INFO [pool-51-thread-1] impl.WriterImpl: ORC writer created for path: file:/home/alex/Repositories/hive/ql/target/tmp/org.apache.hadoop.hive.ql.TestTxnNoBuckets-1713945183193/warehouse/tmp/.hive-staging_hive_2024-04-24_00-53-35_808_2036819331222153971-1/_task_tmp.-ext-10000/c3=3/_tmp.000000_0 with stripeSize: 67108864 options: Compress: ZLIB buffer: 262144
2024-04-24T00:53:36,429  INFO [pool-51-thread-1] exec.FileSinkOperator: Final Path: FS file:/home/alex/Repositories/hive/ql/target/tmp/org.apache.hadoop.hive.ql.TestTxnNoBuckets-1713945183193/warehouse/tmp/.hive-staging_hive_2024-04-24_00-53-35_808_2036819331222153971-1/_tmp.-ext-10000/c3=4/000000_0
2024-04-24T00:53:36,429  INFO [pool-51-thread-1] exec.FileSinkOperator: Writing to temp file: FS file:/home/alex/Repositories/hive/ql/target/tmp/org.apache.hadoop.hive.ql.TestTxnNoBuckets-1713945183193/warehouse/tmp/.hive-staging_hive_2024-04-24_00-53-35_808_2036819331222153971-1/_task_tmp.-ext-10000/c3=4/_tmp.000000_0
2024-04-24T00:53:36,429  INFO [pool-51-thread-1] exec.FileSinkOperator: New Final Path: FS file:/home/alex/Repositories/hive/ql/target/tmp/org.apache.hadoop.hive.ql.TestTxnNoBuckets-1713945183193/warehouse/tmp/.hive-staging_hive_2024-04-24_00-53-35_808_2036819331222153971-1/_tmp.-ext-10000/c3=4/000000_0
2024-04-24T00:53:36,432  INFO [pool-51-thread-1] impl.PhysicalFsWriter: ORC writer created for path: file:/home/alex/Repositories/hive/ql/target/tmp/org.apache.hadoop.hive.ql.TestTxnNoBuckets-1713945183193/warehouse/tmp/.hive-staging_hive_2024-04-24_00-53-35_808_2036819331222153971-1/_task_tmp.-ext-10000/c3=4/_tmp.000000_0 with stripeSize: 67108864 blockSize: 268435456 compression: Compress: ZLIB buffer: 262144
2024-04-24T00:53:36,436  INFO [pool-51-thread-1] impl.WriterImpl: ORC writer created for path: file:/home/alex/Repositories/hive/ql/target/tmp/org.apache.hadoop.hive.ql.TestTxnNoBuckets-1713945183193/warehouse/tmp/.hive-staging_hive_2024-04-24_00-53-35_808_2036819331222153971-1/_task_tmp.-ext-10000/c3=4/_tmp.000000_0 with stripeSize: 67108864 options: Compress: ZLIB buffer: 262144
2024-04-24T00:53:36,436  INFO [pool-51-thread-1] exec.SelectOperator: Closing Operator: SEL[6]
2024-04-24T00:53:36,436  INFO [pool-51-thread-1] exec.SelectOperator: RECORDS_OUT_INTERMEDIATE:0, RECORDS_OUT_OPERATOR_SEL_6:2, 
2024-04-24T00:53:36,436  INFO [pool-51-thread-1] exec.FileSinkOperator: Closing Operator: FS[4]
2024-04-24T00:53:36,436  INFO [pool-51-thread-1] exec.FileSinkOperator: FS[4]: records written - 2
2024-04-24T00:53:36,436  INFO [pool-51-thread-1] common.FileUtils: Creating directory if it doesn't exist: file:/home/alex/Repositories/hive/ql/target/tmp/org.apache.hadoop.hive.ql.TestTxnNoBuckets-1713945183193/warehouse/tmp/.hive-staging_hive_2024-04-24_00-53-35_808_2036819331222153971-1/_tmp.-ext-10000/c3=3
2024-04-24T00:53:36,440  INFO [pool-51-thread-1] common.FileUtils: Creating directory if it doesn't exist: file:/home/alex/Repositories/hive/ql/target/tmp/org.apache.hadoop.hive.ql.TestTxnNoBuckets-1713945183193/warehouse/tmp/.hive-staging_hive_2024-04-24_00-53-35_808_2036819331222153971-1/_tmp.-ext-10000/c3=4
2024-04-24T00:53:36,448  INFO [pool-51-thread-1] exec.FileSinkOperator: RECORDS_OUT_OPERATOR_FS_4:2, RECORDS_OUT_INTERMEDIATE:0, RECORDS_OUT_1_default.tmp:2, TOTAL_TABLE_ROWS_WRITTEN:2, 
2024-04-24T00:53:36,448  INFO [pool-51-thread-1] mapred.Task: Task:attempt_local331188619_0010_r_000000_0 is done. And is in the process of committing
2024-04-24T00:53:36,448  INFO [pool-51-thread-1] mapred.LocalJobRunner: reduce > reduce
2024-04-24T00:53:36,449  INFO [pool-51-thread-1] mapred.Task: Task 'attempt_local331188619_0010_r_000000_0' done.
2024-04-24T00:53:36,449  INFO [pool-51-thread-1] mapred.Task: Final Counters for attempt_local331188619_0010_r_000000_0: Counters: 31
	File System Counters
		FILE: Number of bytes read=166582
		FILE: Number of bytes written=12019959
		FILE: Number of read operations=0
		FILE: Number of large read operations=0
		FILE: Number of write operations=0
	Map-Reduce Framework
		Combine input records=0
		Combine output records=0
		Reduce input groups=2
		Reduce shuffle bytes=44
		Reduce input records=2
		Reduce output records=0
		Spilled Records=2
		Shuffled Maps =1
		Failed Shuffles=0
		Merged Map outputs=1
		GC time elapsed (ms)=0
		Total committed heap usage (bytes)=1096810496
	HIVE
		CREATED_DYNAMIC_PARTITIONS=1
		CREATED_FILES=2
		RECORDS_OUT_1_default.tmp=2
		RECORDS_OUT_INTERMEDIATE=0
		RECORDS_OUT_OPERATOR_FS_4=2
		RECORDS_OUT_OPERATOR_SEL_6=2
		TOTAL_TABLE_ROWS_WRITTEN=2
	Shuffle Errors
		BAD_ID=0
		CONNECTION=0
		IO_ERROR=0
		WRONG_LENGTH=0
		WRONG_MAP=0
		WRONG_REDUCE=0
	File Output Format Counters 
		Bytes Written=0
2024-04-24T00:53:36,449  INFO [pool-51-thread-1] mapred.LocalJobRunner: Finishing task: attempt_local331188619_0010_r_000000_0
2024-04-24T00:53:36,449  INFO [Thread-615] mapred.LocalJobRunner: reduce task executor complete.
2024-04-24 00:53:37,373 Stage-1 map = 100%,  reduce = 100%
2024-04-24T00:53:37,373  INFO [main] exec.Task: 2024-04-24 00:53:37,373 Stage-1 map = 100%,  reduce = 100%
Ended Job = job_local331188619_0010
2024-04-24T00:53:37,375  INFO [main] exec.Task: Ended Job = job_local331188619_0010
2024-04-24T00:53:37,384  INFO [main] ql.Driver: Starting task [Stage-0:MOVE] in serial mode
Loading data to table default.tmp partition (c3=null)
2024-04-24T00:53:37,384  INFO [main] exec.Task: Loading data to table default.tmp partition (c3=null) from file:/home/alex/Repositories/hive/ql/target/tmp/org.apache.hadoop.hive.ql.TestTxnNoBuckets-1713945183193/warehouse/tmp/.hive-staging_hive_2024-04-24_00-53-35_808_2036819331222153971-1/-ext-10000
2024-04-24T00:53:37,385  INFO [main] HiveMetaStore.audit: ugi=alex	ip=unknown-ip-addr	cmd=get_table : tbl=hive.default.tmp	
2024-04-24T00:53:37,418  INFO [main] metastore.HMSHandler: Skipping translation for processor with null
2024-04-24T00:53:37,418  INFO [main] exec.MoveTask: Partition is: {c3=null}


2024-04-24T00:53:37,420  INFO [main] exec.Task: 

2024-04-24T00:53:37,421  INFO [main] HiveMetaStore.audit: ugi=alex	ip=unknown-ip-addr	cmd=get_table : tbl=hive.default.tmp	
2024-04-24T00:53:37,437  INFO [main] metastore.HMSHandler: Skipping translation for processor with null
2024-04-24T00:53:37,438  INFO [main] HiveMetaStore.audit: ugi=alex	ip=unknown-ip-addr	cmd=get_table : tbl=hive.default.tmp	
2024-04-24T00:53:37,448  INFO [main] metastore.HMSHandler: Skipping translation for processor with null
2024-04-24T00:53:37,448  INFO [main] HiveMetaStore.audit: ugi=alex	ip=unknown-ip-addr	cmd=get_table : tbl=hive.default.tmp	
2024-04-24T00:53:37,459  INFO [main] metastore.HMSHandler: Skipping translation for processor with null
2024-04-24T00:53:37,459  INFO [main] HiveMetaStore.audit: ugi=alex	ip=unknown-ip-addr	cmd=get_partitions_names_ps : tbl=hive.default.tmp[]	
2024-04-24T00:53:37,474  INFO [main] HiveMetaStore.audit: ugi=alex	ip=unknown-ip-addr	cmd=get_table : tbl=hive.default.tmp	
2024-04-24T00:53:37,484  INFO [main] metastore.HMSHandler: Skipping translation for processor with null
2024-04-24T00:53:37,485  INFO [main] HiveMetaStore.audit: ugi=alex	ip=unknown-ip-addr	cmd=get_partitions_by_names : tbl=hive.default.tmp	
2024-04-24T00:53:37,516  INFO [main] metastore.HMSHandler: Skipping translation for processor with null
2024-04-24T00:53:37,520  INFO [load-dynamic-partitionsToAdd-0] metadata.Hive: New loading path = file:/home/alex/Repositories/hive/ql/target/tmp/org.apache.hadoop.hive.ql.TestTxnNoBuckets-1713945183193/warehouse/tmp/.hive-staging_hive_2024-04-24_00-53-35_808_2036819331222153971-1/-ext-10000/c3=4 withPartSpec {c3=4}
2024-04-24T00:53:37,521  INFO [load-dynamic-partitionsToAdd-1] metadata.Hive: New loading path = file:/home/alex/Repositories/hive/ql/target/tmp/org.apache.hadoop.hive.ql.TestTxnNoBuckets-1713945183193/warehouse/tmp/.hive-staging_hive_2024-04-24_00-53-35_808_2036819331222153971-1/-ext-10000/c3=3 withPartSpec {c3=3}
2024-04-24T00:53:37,522  INFO [load-dynamic-partitionsToAdd-0] metastore.HiveMetaStoreClient: HMS client filtering is enabled.
2024-04-24T00:53:37,523  INFO [load-dynamic-partitionsToAdd-0] metastore.HMSHandler: 5: Opening raw store with implementation class:org.apache.hadoop.hive.metastore.ObjectStore
2024-04-24T00:53:37,523  INFO [load-dynamic-partitionsToAdd-0] metastore.PersistenceManagerProvider: Configuration datanucleus.autoStartMechanismMode is not set. Defaulting to 'ignored'
2024-04-24T00:53:37,523  INFO [load-dynamic-partitionsToAdd-0] metastore.ObjectStore: RawStore: org.apache.hadoop.hive.metastore.ObjectStore@15e77c84, with PersistenceManager: null will be shutdown
2024-04-24T00:53:37,524  INFO [load-dynamic-partitionsToAdd-0] metastore.ObjectStore: RawStore: org.apache.hadoop.hive.metastore.ObjectStore@15e77c84, with PersistenceManager: org.datanucleus.api.jdo.JDOPersistenceManager@37a2ed03 created in the thread with id: 750
2024-04-24T00:53:37,546  INFO [load-dynamic-partitionsToAdd-0] metastore.HMSHandler: Created RawStore: org.apache.hadoop.hive.metastore.ObjectStore@15e77c84 from thread id: 750
2024-04-24T00:53:37,546  INFO [load-dynamic-partitionsToAdd-0] metastore.HMSHandler: HMS server filtering is disabled by configuration
2024-04-24T00:53:37,546  INFO [load-dynamic-partitionsToAdd-0] metastore.RetryingMetaStoreClient: RetryingMetaStoreClient proxy=class org.apache.hadoop.hive.ql.metadata.SessionHiveMetaStoreClient ugi=alex (auth:SIMPLE) retries=1 delay=1 lifetime=0
2024-04-24T00:53:37,547  INFO [load-dynamic-partitionsToAdd-0] HiveMetaStore.audit: ugi=alex	ip=unknown-ip-addr	cmd=get_database: default	
2024-04-24T00:53:37,549  INFO [load-dynamic-partitionsToAdd-0] common.FileUtils: Creating directory if it doesn't exist: file:/home/alex/Repositories/hive/ql/target/tmp/org.apache.hadoop.hive.ql.TestTxnNoBuckets-1713945183193/warehouse/tmp/c3=4
2024-04-24T00:53:37,552  INFO [load-dynamic-partitionsToAdd-0] HiveMetaStore.audit: ugi=alex	ip=unknown-ip-addr	cmd=Cleaning up thread local RawStore...	
2024-04-24T00:53:37,553  INFO [load-dynamic-partitionsToAdd-0] metastore.ObjectStore: RawStore: org.apache.hadoop.hive.metastore.ObjectStore@15e77c84, with PersistenceManager: org.datanucleus.api.jdo.JDOPersistenceManager@37a2ed03 will be shutdown
2024-04-24T00:53:37,553  INFO [load-dynamic-partitionsToAdd-0] HiveMetaStore.audit: ugi=alex	ip=unknown-ip-addr	cmd=Done cleaning up thread local RawStore	
2024-04-24T00:53:37,553  INFO [load-dynamic-partitionsToAdd-0] metastore.HiveMetaStoreClient: Closed a connection to metastore, current connections: -5
2024-04-24T00:53:37,553  INFO [main] metadata.Hive: Number of partitionsToAdd to be added is 2
2024-04-24T00:53:37,553  INFO [main] HiveMetaStore.audit: ugi=alex	ip=unknown-ip-addr	cmd=add_partitions	
2024-04-24T00:53:37,591  INFO [main] HiveMetaStore.audit: ugi=alex	ip=unknown-ip-addr	cmd=alter_partitions : tbl=hive.default.tmp	
2024-04-24T00:53:37,591  INFO [main] metastore.HMSHandler: New partition values:[3]
2024-04-24T00:53:37,666  INFO [main] metadata.Hive: Loaded 2partitionsToAdd
	 Time taken to load dynamic partitions: 0.246 seconds
2024-04-24T00:53:37,666  INFO [main] exec.Task: 	 Time taken to load dynamic partitions: 0.246 seconds
2024-04-24T00:53:37,666  INFO [main] exec.MoveTask: 	 Time taken to load dynamic partitions: 0.246 seconds
2024-04-24T00:53:37,666  INFO [main] exec.MoveTask: Loading partition {c3=4}
2024-04-24T00:53:37,666  INFO [main] exec.MoveTask: Loading partition {c3=3}
	 Time taken for adding to write entity : 0.0 seconds
2024-04-24T00:53:37,666  INFO [main] exec.Task: 	 Time taken for adding to write entity : 0.0 seconds
2024-04-24T00:53:37,666  INFO [main] ql.Driver: Starting task [Stage-2:STATS] in serial mode
2024-04-24T00:53:37,667  INFO [main] HiveMetaStore.audit: ugi=alex	ip=unknown-ip-addr	cmd=get_table : tbl=hive.default.tmp	
2024-04-24T00:53:37,678  INFO [main] metastore.HMSHandler: Skipping translation for processor with null
2024-04-24T00:53:37,678  INFO [main] stats.BasicStatsTask: Executing stats task
2024-04-24T00:53:37,678  INFO [main] fs.FSStatsPublisher: created : file:/home/alex/Repositories/hive/ql/target/tmp/localscratchdir/b8bea980-26cf-4ecb-93b4-cf7974ce2d23/hive_2024-04-24_00-53-35_808_2036819331222153971-1/-mr-10001
2024-04-24T00:53:37,679  INFO [main] HiveMetaStore.audit: ugi=alex	ip=unknown-ip-addr	cmd=get_table : tbl=hive.default.tmp	
2024-04-24T00:53:37,689  INFO [main] metastore.HMSHandler: Skipping translation for processor with null
2024-04-24T00:53:37,691  INFO [main] FileOperations: Read stats for default.tmp/c3=4/, numRows, true, 1, false: 
2024-04-24T00:53:37,691  INFO [main] FileOperations: Read stats for default.tmp/c3=4/, rawDataSize, true, 8, false: 
2024-04-24T00:53:37,691  INFO [main] stats.BasicStatsTask: Partition {c3=4} stats: [numFiles=1, numRows=1, totalSize=242, rawDataSize=8, numFilesErasureCoded=0]
2024-04-24T00:53:37,691  INFO [main] FileOperations: Read stats for default.tmp/c3=3/, numRows, true, 1, false: 
2024-04-24T00:53:37,691  INFO [main] FileOperations: Read stats for default.tmp/c3=3/, rawDataSize, true, 8, false: 
2024-04-24T00:53:37,691  INFO [main] stats.BasicStatsTask: Partition {c3=3} stats: [numFiles=2, numRows=2, totalSize=484, rawDataSize=16, numFilesErasureCoded=0]
2024-04-24T00:53:37,691  INFO [main] HiveMetaStore.audit: ugi=alex	ip=unknown-ip-addr	cmd=alter_partitions : tbl=hive.default.tmp	
2024-04-24T00:53:37,691  INFO [main] metastore.HMSHandler: New partition values:[4]
2024-04-24T00:53:37,691  INFO [main] metastore.HMSHandler: New partition values:[3]
2024-04-24T00:53:37,760  INFO [main] metadata.Hive: Dumping metastore api call timing information for : execution phase
2024-04-24T00:53:37,761  INFO [main] metadata.Hive: Total time spent in each metastore function (ms): {getTable_(GetTableRequest)=83, alter_partitions_(String, String, String, List, EnvironmentContext, String, long)=75, listPartitionNamesRequest_(GetPartitionNamesPsRequest)=26, alter_partitions_(String, String, List, EnvironmentContext, String, long)=69, getPartitionsByNames_(String, String, List, boolean, String)=45, isCompatibleWith_(Configuration)=0, add_partitions_(List)=37}
MapReduce Jobs Launched: 
2024-04-24T00:53:37,761  INFO [main] ql.Driver: MapReduce Jobs Launched: 
Stage-Stage-1:  HDFS Read: 0 HDFS Write: 0 SUCCESS
2024-04-24T00:53:37,761  INFO [main] ql.Driver: Stage-Stage-1:  HDFS Read: 0 HDFS Write: 0 SUCCESS
Total MapReduce CPU Time Spent: 0 msec
2024-04-24T00:53:37,761  INFO [main] ql.Driver: Total MapReduce CPU Time Spent: 0 msec
2024-04-24T00:53:37,761  INFO [main] ql.Driver: Completed executing command(queryId=alex_20240424005335_605018ae-3cc2-4c1a-ad89-963ee7851ad4); Time taken: 1.702 seconds
2024-04-24T00:53:37,761  INFO [main] lockmgr.DbTxnManager: Stopped heartbeat for query: alex_20240424005335_605018ae-3cc2-4c1a-ad89-963ee7851ad4
2024-04-24T00:53:37,767  INFO [main] txn.TxnHandler: Expected to move at least one record from txn_components to completed_txn_components when committing txn! txnid:17
2024-04-24T00:53:37,773  INFO [main] txn.TxnHandler: Removed transactions: ([17]) from MIN_HISTORY_LEVEL
2024-04-24T00:53:37,774  WARN [main] txn.CompactionTxnHandler: No compaction queue record found for Compaction type transaction commit. txnId:17
2024-04-24T00:53:37,775  INFO [main] ql.TxnCommandsBaseForTests: Running the query: insert into tmp  values(5,5,5),(6,6,6)
2024-04-24T00:53:37,776  INFO [main] ql.Context: Deleting scratch dir: file:/home/alex/Repositories/hive/ql/target/tmp/localscratchdir/b8bea980-26cf-4ecb-93b4-cf7974ce2d23/hive_2024-04-24_00-53-35_808_2036819331222153971-1
2024-04-24T00:53:37,776  INFO [main] cleanup.SyncCleanupService: Deleted directory: file:/home/alex/Repositories/hive/ql/target/tmp/localscratchdir/b8bea980-26cf-4ecb-93b4-cf7974ce2d23/hive_2024-04-24_00-53-35_808_2036819331222153971-1 on fs with scheme file
2024-04-24T00:53:37,777  INFO [main] ql.Context: Deleting scratch dir: file:/home/alex/Repositories/hive/ql/target/tmp/org.apache.hadoop.hive.ql.TestTxnNoBuckets-1713945183193/warehouse/tmp/.hive-staging_hive_2024-04-24_00-53-35_808_2036819331222153971-1
2024-04-24T00:53:37,777  INFO [main] cleanup.SyncCleanupService: Deleted directory: file:/home/alex/Repositories/hive/ql/target/tmp/org.apache.hadoop.hive.ql.TestTxnNoBuckets-1713945183193/warehouse/tmp/.hive-staging_hive_2024-04-24_00-53-35_808_2036819331222153971-1 on fs with scheme file
2024-04-24T00:53:37,777  INFO [main] ql.Driver: Compiling command(queryId=alex_20240424005337_a37e9ee4-46f9-4e4f-80e4-bf0da6fcd1d8): insert into tmp  values(5,5,5),(6,6,6)
2024-04-24T00:53:37,787  INFO [main] txn.TxnHandler: Added entries to MIN_HISTORY_LEVEL for current txns: ([18]) with min_open_txn: 18
2024-04-24T00:53:37,788  INFO [main] lockmgr.DbTxnManager: Opened txnid:18
2024-04-24T00:53:37,790  INFO [main] parse.CalcitePlanner: Starting caching scope for: 
2024-04-24T00:53:37,790  INFO [main] parse.CalcitePlanner: Starting Semantic Analysis
2024-04-24T00:53:37,797  INFO [main] HiveMetaStore.audit: ugi=alex	ip=unknown-ip-addr	cmd=get_table : tbl=hive.default.tmp	
2024-04-24T00:53:37,808  INFO [main] metastore.HMSHandler: Skipping translation for processor with null
2024-04-24T00:53:37,808  INFO [main] parse.CalcitePlanner: Completed phase 1 of Semantic Analysis
2024-04-24T00:53:37,808  INFO [main] parse.CalcitePlanner: Get metadata for source tables
2024-04-24T00:53:37,808  INFO [main] parse.CalcitePlanner: Get metadata for subqueries
2024-04-24T00:53:37,808  INFO [main] parse.CalcitePlanner: Get metadata for destination tables
2024-04-24T00:53:37,808  INFO [main] HiveMetaStore.audit: ugi=alex	ip=unknown-ip-addr	cmd=get_table : tbl=hive.default.tmp	
2024-04-24T00:53:37,819  INFO [main] metastore.HMSHandler: Skipping translation for processor with null
2024-04-24T00:53:37,819  INFO [main] parse.CalcitePlanner: Completed getting MetaData in Semantic Analysis
2024-04-24T00:53:37,819  INFO [main] parse.CalcitePlanner: Disabling LLAP IO encode as ETL query is detected
2024-04-24T00:53:37,841  INFO [main] HiveMetaStore.audit: ugi=alex	ip=unknown-ip-addr	cmd=get_all_table_constraints : tbl=hive._dummy_database._dummy_table	
2024-04-24T00:53:37,942  INFO [main] parse.CalcitePlanner: Get metadata for source tables
2024-04-24T00:53:37,942  INFO [main] parse.CalcitePlanner: Get metadata for subqueries
2024-04-24T00:53:37,942  INFO [main] parse.CalcitePlanner: Get metadata for source tables
2024-04-24T00:53:37,943  INFO [main] HiveMetaStore.audit: ugi=alex	ip=unknown-ip-addr	cmd=get_table : tbl=hive._dummy_database._dummy_table	
2024-04-24T00:53:37,946  INFO [main] parse.CalcitePlanner: Get metadata for subqueries
2024-04-24T00:53:37,946  INFO [main] parse.CalcitePlanner: Get metadata for destination tables
2024-04-24T00:53:37,946  INFO [main] parse.CalcitePlanner: Get metadata for destination tables
2024-04-24T00:53:37,946  INFO [main] HiveMetaStore.audit: ugi=alex	ip=unknown-ip-addr	cmd=get_table : tbl=hive.default.tmp	
2024-04-24T00:53:37,958  INFO [main] metastore.HMSHandler: Skipping translation for processor with null
2024-04-24T00:53:37,961  INFO [main] common.FileUtils: Creating directory if it doesn't exist: file:/home/alex/Repositories/hive/ql/target/tmp/org.apache.hadoop.hive.ql.TestTxnNoBuckets-1713945183193/warehouse/tmp/.hive-staging_hive_2024-04-24_00-53-37_777_4855864772699951889-1
2024-04-24T00:53:37,963  INFO [main] HiveMetaStore.audit: ugi=alex	ip=unknown-ip-addr	cmd=get_not_null_constraints : tbl=hive.default.tmp	
2024-04-24T00:53:37,965  INFO [main] HiveMetaStore.audit: ugi=alex	ip=unknown-ip-addr	cmd=get_check_constraints : tbl=hive.default.tmp	
2024-04-24T00:53:37,967  INFO [main] parse.CalcitePlanner: CBO Succeeded; optimized logical plan.
2024-04-24T00:53:37,971  INFO [main] optimizer.BucketVersionPopulator: not considering bucketingVersion for: TS[0] because it has -1<2 buckets 
2024-04-24T00:53:37,971  INFO [main] optimizer.SortedDynPartitionOptimizer: Sorted dynamic partitioning optimization kicked in..
2024-04-24T00:53:37,972  INFO [main] optimizer.SortedDynPartitionOptimizer: Inserted RS_5 and SEL_6 as parent of FS_4 and child of SEL_3
2024-04-24T00:53:37,981  INFO [main] HiveMetaStore.audit: ugi=alex	ip=unknown-ip-addr	cmd=get_table : tbl=hive.default.tmp	
2024-04-24T00:53:37,994  INFO [main] metastore.HMSHandler: Skipping translation for processor with null
2024-04-24T00:53:37,995  INFO [main] physical.Vectorizer: Examining input format to see if vectorization is enabled.
2024-04-24T00:53:37,995  INFO [main] physical.Vectorizer: Map vectorization enabled: false
2024-04-24T00:53:37,995  INFO [main] physical.Vectorizer: Map vectorized: false
2024-04-24T00:53:37,995  INFO [main] physical.Vectorizer: Map vectorizedVertexNum: 0
2024-04-24T00:53:37,995  INFO [main] physical.Vectorizer: Map enabledConditionsMet: [hive.vectorized.use.vectorized.input.format IS true]
2024-04-24T00:53:37,995  INFO [main] physical.Vectorizer: Map enabledConditionsNotMet: [Could not enable vectorization due to partition column names size 1 is greater than the number of table column names size 0 IS false]
2024-04-24T00:53:37,995  INFO [main] physical.Vectorizer: Map inputFileFormatClassNameSet: [org.apache.hadoop.hive.ql.io.NullRowsInputFormat]
2024-04-24T00:53:37,995  INFO [main] physical.Vectorizer: Reduce vectorization enabled: false
2024-04-24T00:53:37,995  INFO [main] physical.Vectorizer: Reduce vectorized: false
2024-04-24T00:53:37,995  INFO [main] physical.Vectorizer: Reduce vectorizedVertexNum: 1
2024-04-24T00:53:37,995  INFO [main] physical.Vectorizer: Reducer hive.vectorized.execution.reduce.enabled: true
2024-04-24T00:53:37,995  INFO [main] physical.Vectorizer: Reducer engine: mr
2024-04-24T00:53:37,995  INFO [main] parse.CalcitePlanner: Completed plan generation
2024-04-24T00:53:37,995  INFO [main] parse.CalcitePlanner: Ending caching scope for: 
2024-04-24T00:53:37,995  INFO [main] ql.Driver: Semantic Analysis Completed (retrial = false)
2024-04-24T00:53:37,995  INFO [main] ql.Driver: Created Hive schema: Schema(fieldSchemas:[FieldSchema(name:col1, type:int, comment:null), FieldSchema(name:col2, type:int, comment:null), FieldSchema(name:col3, type:int, comment:null)], properties:null)
2024-04-24T00:53:37,995  INFO [main] metadata.Hive: Dumping metastore api call timing information for : compilation phase
2024-04-24T00:53:37,995  INFO [main] metadata.Hive: Total time spent in each metastore function (ms): {getValidTxns_(long)=2, getValidWriteIds_(List, String)=6, isCompatibleWith_(Configuration)=2, openTxn_(String, TxnType)=9, getCheckConstraints_(CheckConstraintsRequest)=2, getMetaConf_(String)=0, getNotNullConstraints_(NotNullConstraintsRequest)=2, getTable_(GetTableRequest)=47, flushCache_()=0, getAllTableConstraints_(AllTableConstraintsRequest)=42, commitTxn_(CommitTxnRequest)=14}
2024-04-24T00:53:37,996  INFO [main] ql.Driver: Completed compiling command(queryId=alex_20240424005337_a37e9ee4-46f9-4e4f-80e4-bf0da6fcd1d8); Time taken: 0.218 seconds
2024-04-24T00:53:37,996  INFO [main] lockmgr.DbTxnManager: Setting lock request transaction to txnid:18 for queryId=alex_20240424005337_a37e9ee4-46f9-4e4f-80e4-bf0da6fcd1d8
2024-04-24T00:53:37,996  INFO [main] lockmgr.DbLockManager: Requesting lock for queryId=alex_20240424005337_a37e9ee4-46f9-4e4f-80e4-bf0da6fcd1d8
2024-04-24T00:53:38,021  INFO [main] lockmgr.DbLockManager: Response to queryId=alex_20240424005337_a37e9ee4-46f9-4e4f-80e4-bf0da6fcd1d8 LockResponse(lockid:11, state:ACQUIRED)
2024-04-24T00:53:38,021  INFO [main] ql.Driver: Operation QUERY obtained 1 locks
2024-04-24T00:53:38,021  INFO [main] ql.Driver: Executing command(queryId=alex_20240424005337_a37e9ee4-46f9-4e4f-80e4-bf0da6fcd1d8): insert into tmp  values(5,5,5),(6,6,6)
2024-04-24T00:53:38,021  WARN [main] ql.Driver: Hive-on-MR is deprecated in Hive 2 and may not be available in the future versions. Consider using a different execution engine (i.e. tez, spark) or using Hive 1.X releases.
Query ID = alex_20240424005337_a37e9ee4-46f9-4e4f-80e4-bf0da6fcd1d8
2024-04-24T00:53:38,021  INFO [main] ql.Driver: Query ID = alex_20240424005337_a37e9ee4-46f9-4e4f-80e4-bf0da6fcd1d8
Total jobs = 1
2024-04-24T00:53:38,022  INFO [main] ql.Driver: Total jobs = 1
Launching Job 1 out of 1
2024-04-24T00:53:38,022  INFO [main] ql.Driver: Launching Job 1 out of 1
2024-04-24T00:53:38,182  INFO [main] ql.Driver: Starting task [Stage-1:MAPRED] in serial mode
2024-04-24T00:53:38,182  INFO [main] exec.Utilities: Not using thread pool for getContentSummary
2024-04-24T00:53:38,183  INFO [main] exec.Utilities: BytesPerReducer=256000000 maxReducers=1009 totalInputFileSize=1
Number of reduce tasks not specified. Estimated from input data size: 1
2024-04-24T00:53:38,184  INFO [main] exec.Task: Number of reduce tasks not specified. Estimated from input data size: 1
In order to change the average load for a reducer (in bytes):
2024-04-24T00:53:38,184  INFO [main] exec.Task: In order to change the average load for a reducer (in bytes):
  set hive.exec.reducers.bytes.per.reducer=<number>
2024-04-24T00:53:38,184  INFO [main] exec.Task:   set hive.exec.reducers.bytes.per.reducer=<number>
In order to limit the maximum number of reducers:
2024-04-24T00:53:38,184  INFO [main] exec.Task: In order to limit the maximum number of reducers:
  set hive.exec.reducers.max=<number>
2024-04-24T00:53:38,184  INFO [main] exec.Task:   set hive.exec.reducers.max=<number>
In order to set a constant number of reducers:
2024-04-24T00:53:38,184  INFO [main] exec.Task: In order to set a constant number of reducers:
  set mapreduce.job.reduces=<number>
2024-04-24T00:53:38,184  INFO [main] exec.Task:   set mapreduce.job.reduces=<number>
2024-04-24T00:53:38,186  INFO [main] mr.ExecDriver: Using org.apache.hadoop.hive.ql.io.HiveInputFormat
2024-04-24T00:53:38,186  INFO [main] exec.Utilities: Processing alias $hdt$_0:_dummy_table
2024-04-24T00:53:38,186  INFO [main] exec.Utilities: Adding 1 inputs; the first input is file:/home/alex/Repositories/hive/ql/target/tmp/localscratchdir/b8bea980-26cf-4ecb-93b4-cf7974ce2d23/hive_2024-04-24_00-53-37_777_4855864772699951889-1/dummy_path
2024-04-24T00:53:38,202  INFO [main] exec.SerializationUtilities: Serializing MapWork using kryo
2024-04-24T00:53:38,203  INFO [main] exec.Utilities: Serialized plan (via FILE) - name: null size: 5,41KB
2024-04-24T00:53:38,208  INFO [main] exec.SerializationUtilities: Serializing ReduceWork using kryo
2024-04-24T00:53:38,209  INFO [main] exec.Utilities: Serialized plan (via FILE) - name: null size: 6,46KB
2024-04-24T00:53:38,210  WARN [main] impl.MetricsSystemImpl: JobTracker metrics system already initialized!
2024-04-24T00:53:38,216  INFO [main] fs.FSStatsPublisher: created : file:/home/alex/Repositories/hive/ql/target/tmp/localscratchdir/b8bea980-26cf-4ecb-93b4-cf7974ce2d23/hive_2024-04-24_00-53-37_777_4855864772699951889-1/-mr-10001
2024-04-24T00:53:38,221  WARN [main] impl.MetricsSystemImpl: JobTracker metrics system already initialized!
2024-04-24T00:53:38,229  WARN [main] mapreduce.JobResourceUploader: Hadoop command-line option parsing not performed. Implement the Tool interface and execute your application with ToolRunner to remedy this.
2024-04-24T00:53:38,234  WARN [main] mapreduce.JobResourceUploader: No job jar file set.  User classes may not be found. See Job or Job#setJar(String).
2024-04-24T00:53:38,235  INFO [main] io.HiveInputFormat: hive.io.file.readcolumn.ids = 
2024-04-24T00:53:38,235  INFO [main] io.HiveInputFormat: hive.io.file.readcolumn.names = 
2024-04-24T00:53:38,235  INFO [main] io.HiveInputFormat: Generating splits for dirs: file:/home/alex/Repositories/hive/ql/target/tmp/localscratchdir/b8bea980-26cf-4ecb-93b4-cf7974ce2d23/hive_2024-04-24_00-53-37_777_4855864772699951889-1/dummy_path
2024-04-24T00:53:38,236  INFO [main] io.HiveInputFormat: number of splits 1
2024-04-24T00:53:38,254  INFO [main] mapreduce.JobSubmitter: number of splits:1
2024-04-24T00:53:38,275  INFO [main] mapreduce.JobSubmitter: Submitting tokens for job: job_local864158931_0011
2024-04-24T00:53:38,275  INFO [main] mapreduce.JobSubmitter: Executing with tokens: []
2024-04-24T00:53:38,338  INFO [main] mapreduce.Job: The url to track the job: http://localhost:8080/
Job running in-process (local Hadoop)
2024-04-24T00:53:38,338  INFO [main] exec.Task: Job running in-process (local Hadoop)
2024-04-24T00:53:38,338  INFO [Thread-676] mapred.LocalJobRunner: OutputCommitter set in config org.apache.hadoop.hive.ql.io.HiveFileFormatUtils$NullOutputCommitter
2024-04-24T00:53:38,338  INFO [Thread-676] mapred.LocalJobRunner: OutputCommitter is org.apache.hadoop.hive.ql.io.HiveFileFormatUtils$NullOutputCommitter
2024-04-24T00:53:38,339  INFO [Thread-676] mapred.LocalJobRunner: Waiting for map tasks
2024-04-24T00:53:38,340  INFO [LocalJobRunner Map Task Executor #0] mapred.LocalJobRunner: Starting task: attempt_local864158931_0011_m_000000_0
2024-04-24T00:53:38,340  INFO [LocalJobRunner Map Task Executor #0] mapred.Task:  Using ResourceCalculatorProcessTree : [ ]
2024-04-24T00:53:38,341  INFO [LocalJobRunner Map Task Executor #0] mapred.MapTask: Processing split: org.apache.hadoop.hive.ql.io.NullRowsInputFormat:file:/home/alex/Repositories/hive/ql/target/tmp/localscratchdir/b8bea980-26cf-4ecb-93b4-cf7974ce2d23/hive_2024-04-24_00-53-37_777_4855864772699951889-1/dummy_path/null:0+1
2024-04-24T00:53:38,341  INFO [LocalJobRunner Map Task Executor #0] exec.SerializationUtilities: Deserializing MapWork using kryo
2024-04-24T00:53:38,342  INFO [LocalJobRunner Map Task Executor #0] exec.Utilities: Deserialized plan (via FILE) - name: null size: 5,41KB
2024-04-24T00:53:38,342  INFO [LocalJobRunner Map Task Executor #0] mapred.MapTask: numReduceTasks: 1
2024-04-24T00:53:38,346  INFO [LocalJobRunner Map Task Executor #0] mapred.MapTask: (EQUATOR) 0 kvi 26214396(104857584)
2024-04-24T00:53:38,347  INFO [LocalJobRunner Map Task Executor #0] mapred.MapTask: mapreduce.task.io.sort.mb: 100
2024-04-24T00:53:38,347  INFO [LocalJobRunner Map Task Executor #0] mapred.MapTask: soft limit at 83886080
2024-04-24T00:53:38,347  INFO [LocalJobRunner Map Task Executor #0] mapred.MapTask: bufstart = 0; bufvoid = 104857600
2024-04-24T00:53:38,347  INFO [LocalJobRunner Map Task Executor #0] mapred.MapTask: kvstart = 26214396; length = 6553600
2024-04-24T00:53:38,347  INFO [LocalJobRunner Map Task Executor #0] mapred.MapTask: Map output collector class = org.apache.hadoop.mapred.MapTask$MapOutputBuffer
2024-04-24T00:53:38,347  INFO [LocalJobRunner Map Task Executor #0] exec.MapOperator: Initializing Operator: MAP[0]
2024-04-24T00:53:38,348  INFO [LocalJobRunner Map Task Executor #0] mr.ExecMapper: 
<MAP>Id =0
  <Children>null
  <\Children>
  <Parent><\Parent>
<\MAP>
2024-04-24T00:53:38,348  INFO [LocalJobRunner Map Task Executor #0] exec.TableScanOperator: Initializing Operator: TS[0]
2024-04-24T00:53:38,348  INFO [LocalJobRunner Map Task Executor #0] exec.SelectOperator: Initializing Operator: SEL[1]
2024-04-24T00:53:38,349  INFO [LocalJobRunner Map Task Executor #0] exec.SelectOperator: SELECT null
2024-04-24T00:53:38,349  INFO [LocalJobRunner Map Task Executor #0] exec.UDTFOperator: Initializing Operator: UDTF[2]
2024-04-24T00:53:38,349  INFO [LocalJobRunner Map Task Executor #0] exec.SelectOperator: Initializing Operator: SEL[3]
2024-04-24T00:53:38,349  INFO [LocalJobRunner Map Task Executor #0] exec.SelectOperator: SELECT struct<col1:int,col2:int,col3:int>
2024-04-24T00:53:38,349  INFO [LocalJobRunner Map Task Executor #0] exec.ReduceSinkOperator: Initializing Operator: RS[5]
2024-04-24T00:53:38,349  INFO [LocalJobRunner Map Task Executor #0] exec.ReduceSinkOperator: Using tag = -1
2024-04-24T00:53:38,350  INFO [LocalJobRunner Map Task Executor #0] exec.ReduceSinkOperator: keys are [_col2] num distributions: 1
2024-04-24T00:53:38,350  INFO [LocalJobRunner Map Task Executor #0] exec.ReduceSinkOperator: RS[5]: records written - 1
2024-04-24T00:53:38,350  INFO [LocalJobRunner Map Task Executor #0] exec.MapOperator: MAP[0]: records read - 1
2024-04-24T00:53:38,350  INFO [LocalJobRunner Map Task Executor #0] exec.MapOperator: Closing Operator: MAP[0]
2024-04-24T00:53:38,350  INFO [LocalJobRunner Map Task Executor #0] exec.MapOperator: MAP[0]: Total records read - 3. abort - false
2024-04-24T00:53:38,350  INFO [LocalJobRunner Map Task Executor #0] exec.MapOperator: DESERIALIZE_ERRORS:0, RECORDS_OUT_OPERATOR_MAP_0:0, RECORDS_OUT_INTERMEDIATE:0, RECORDS_IN:3, 
2024-04-24T00:53:38,350  INFO [LocalJobRunner Map Task Executor #0] exec.TableScanOperator: Closing Operator: TS[0]
2024-04-24T00:53:38,350  INFO [LocalJobRunner Map Task Executor #0] exec.TableScanOperator: RECORDS_OUT_OPERATOR_TS_0:1, RECORDS_OUT_INTERMEDIATE:0, 
2024-04-24T00:53:38,350  INFO [LocalJobRunner Map Task Executor #0] exec.SelectOperator: Closing Operator: SEL[1]
2024-04-24T00:53:38,350  INFO [LocalJobRunner Map Task Executor #0] exec.SelectOperator: RECORDS_OUT_OPERATOR_SEL_1:1, RECORDS_OUT_INTERMEDIATE:0, 
2024-04-24T00:53:38,351  INFO [LocalJobRunner Map Task Executor #0] exec.UDTFOperator: Closing Operator: UDTF[2]
2024-04-24T00:53:38,351  INFO [LocalJobRunner Map Task Executor #0] exec.UDTFOperator: RECORDS_OUT_INTERMEDIATE:0, RECORDS_OUT_OPERATOR_UDTF_2:2, 
2024-04-24T00:53:38,351  INFO [LocalJobRunner Map Task Executor #0] exec.SelectOperator: Closing Operator: SEL[3]
2024-04-24T00:53:38,351  INFO [LocalJobRunner Map Task Executor #0] exec.SelectOperator: RECORDS_OUT_INTERMEDIATE:0, RECORDS_OUT_OPERATOR_SEL_3:2, 
2024-04-24T00:53:38,351  INFO [LocalJobRunner Map Task Executor #0] exec.ReduceSinkOperator: Closing Operator: RS[5]
2024-04-24T00:53:38,351  INFO [LocalJobRunner Map Task Executor #0] exec.ReduceSinkOperator: RS[5]: Total records written - 2. abort - false
2024-04-24T00:53:38,351  INFO [LocalJobRunner Map Task Executor #0] exec.ReduceSinkOperator: RECORDS_OUT_OPERATOR_RS_5:2, RECORDS_OUT_INTERMEDIATE:2, 
2024-04-24T00:53:38,352  INFO [LocalJobRunner Map Task Executor #0] mapred.LocalJobRunner: 
2024-04-24T00:53:38,352  INFO [LocalJobRunner Map Task Executor #0] mapred.MapTask: Starting flush of map output
2024-04-24T00:53:38,352  INFO [LocalJobRunner Map Task Executor #0] mapred.MapTask: Spilling map output
2024-04-24T00:53:38,352  INFO [LocalJobRunner Map Task Executor #0] mapred.MapTask: bufstart = 0; bufend = 34; bufvoid = 104857600
2024-04-24T00:53:38,352  INFO [LocalJobRunner Map Task Executor #0] mapred.MapTask: kvstart = 26214396(104857584); kvend = 26214392(104857568); length = 5/6553600
2024-04-24T00:53:38,362  INFO [LocalJobRunner Map Task Executor #0] mapred.MapTask: Finished spill 0
2024-04-24T00:53:38,365  INFO [LocalJobRunner Map Task Executor #0] mapred.Task: Task:attempt_local864158931_0011_m_000000_0 is done. And is in the process of committing
2024-04-24T00:53:38,366  INFO [LocalJobRunner Map Task Executor #0] mapred.LocalJobRunner: map
2024-04-24T00:53:38,366  INFO [LocalJobRunner Map Task Executor #0] mapred.Task: Task 'attempt_local864158931_0011_m_000000_0' done.
2024-04-24T00:53:38,366  INFO [LocalJobRunner Map Task Executor #0] mapred.Task: Final Counters for attempt_local864158931_0011_m_000000_0: Counters: 26
	File System Counters
		FILE: Number of bytes read=172576
		FILE: Number of bytes written=13221497
		FILE: Number of read operations=0
		FILE: Number of large read operations=0
		FILE: Number of write operations=0
	Map-Reduce Framework
		Map input records=4
		Map output records=2
		Map output bytes=34
		Map output materialized bytes=44
		Input split bytes=361
		Combine input records=0
		Spilled Records=2
		Failed Shuffles=0
		Merged Map outputs=0
		GC time elapsed (ms)=0
		Total committed heap usage (bytes)=1117782016
	HIVE
		DESERIALIZE_ERRORS=0
		RECORDS_IN=3
		RECORDS_OUT_INTERMEDIATE=2
		RECORDS_OUT_OPERATOR_MAP_0=0
		RECORDS_OUT_OPERATOR_RS_5=2
		RECORDS_OUT_OPERATOR_SEL_1=1
		RECORDS_OUT_OPERATOR_SEL_3=2
		RECORDS_OUT_OPERATOR_TS_0=1
		RECORDS_OUT_OPERATOR_UDTF_2=2
	File Input Format Counters 
		Bytes Read=5466
2024-04-24T00:53:38,366  INFO [LocalJobRunner Map Task Executor #0] mapred.LocalJobRunner: Finishing task: attempt_local864158931_0011_m_000000_0
2024-04-24T00:53:38,366  INFO [Thread-676] mapred.LocalJobRunner: map task executor complete.
2024-04-24T00:53:38,367  INFO [Thread-676] mapred.LocalJobRunner: Waiting for reduce tasks
2024-04-24T00:53:38,367  INFO [pool-60-thread-1] mapred.LocalJobRunner: Starting task: attempt_local864158931_0011_r_000000_0
2024-04-24T00:53:38,368  INFO [pool-60-thread-1] mapred.Task:  Using ResourceCalculatorProcessTree : [ ]
2024-04-24T00:53:38,368  INFO [pool-60-thread-1] mapred.ReduceTask: Using ShuffleConsumerPlugin: org.apache.hadoop.mapreduce.task.reduce.Shuffle@6784ded2
2024-04-24T00:53:38,368  WARN [pool-60-thread-1] impl.MetricsSystemImpl: JobTracker metrics system already initialized!
2024-04-24T00:53:38,369  INFO [pool-60-thread-1] reduce.MergeManagerImpl: MergerManager: memoryLimit=1336252800, maxSingleShuffleLimit=334063200, mergeThreshold=881926912, ioSortFactor=10, memToMemMergeOutputsThreshold=10
2024-04-24T00:53:38,369  INFO [EventFetcher for fetching Map Completion Events] reduce.EventFetcher: attempt_local864158931_0011_r_000000_0 Thread started: EventFetcher for fetching Map Completion Events
2024-04-24T00:53:38,370  INFO [localfetcher#8] reduce.LocalFetcher: localfetcher#8 about to shuffle output of map attempt_local864158931_0011_m_000000_0 decomp: 40 len: 44 to MEMORY
2024-04-24T00:53:38,370  INFO [localfetcher#8] reduce.InMemoryMapOutput: Read 40 bytes from map-output for attempt_local864158931_0011_m_000000_0
2024-04-24T00:53:38,370  INFO [localfetcher#8] reduce.MergeManagerImpl: closeInMemoryFile -> map-output of size: 40, inMemoryMapOutputs.size() -> 1, commitMemory -> 0, usedMemory ->40
2024-04-24T00:53:38,371  INFO [EventFetcher for fetching Map Completion Events] reduce.EventFetcher: EventFetcher is interrupted.. Returning
2024-04-24T00:53:38,371  INFO [pool-60-thread-1] mapred.LocalJobRunner: 1 / 1 copied.
2024-04-24T00:53:38,371  INFO [pool-60-thread-1] reduce.MergeManagerImpl: finalMerge called with 1 in-memory map-outputs and 0 on-disk map-outputs
2024-04-24T00:53:38,377  INFO [pool-60-thread-1] mapred.Merger: Merging 1 sorted segments
2024-04-24T00:53:38,377  INFO [pool-60-thread-1] mapred.Merger: Down to the last merge-pass, with 1 segments left of total size: 28 bytes
2024-04-24T00:53:38,380  INFO [pool-60-thread-1] reduce.MergeManagerImpl: Merged 1 segments, 40 bytes to disk to satisfy reduce memory limit
2024-04-24T00:53:38,380  INFO [pool-60-thread-1] reduce.MergeManagerImpl: Merging 1 files, 44 bytes from disk
2024-04-24T00:53:38,380  INFO [pool-60-thread-1] reduce.MergeManagerImpl: Merging 0 segments, 0 bytes from memory into reduce
2024-04-24T00:53:38,380  INFO [pool-60-thread-1] mapred.Merger: Merging 1 sorted segments
2024-04-24T00:53:38,380  INFO [pool-60-thread-1] mapred.Merger: Down to the last merge-pass, with 1 segments left of total size: 28 bytes
2024-04-24T00:53:38,381  INFO [pool-60-thread-1] mapred.LocalJobRunner: 1 / 1 copied.
2024-04-24T00:53:38,381  INFO [pool-60-thread-1] exec.SerializationUtilities: Deserializing ReduceWork using kryo
2024-04-24T00:53:38,382  INFO [pool-60-thread-1] exec.Utilities: Deserialized plan (via FILE) - name: null size: 6,46KB
2024-04-24T00:53:38,383  INFO [pool-60-thread-1] ExecReducer: 
<SEL>Id =6
  <Children>
    <FS>Id =4
      <Children>
      <\Children>
      <Parent>Id = 6 null<\Parent>
    <\FS>
  <\Children>
  <Parent><\Parent>
<\SEL>
2024-04-24T00:53:38,383  INFO [pool-60-thread-1] exec.SelectOperator: Initializing Operator: SEL[6]
2024-04-24T00:53:38,383  INFO [pool-60-thread-1] exec.SelectOperator: SELECT struct<key:struct<_col2:int>,value:struct<_col0:int,_col1:int>>
2024-04-24T00:53:38,383  INFO [pool-60-thread-1] exec.FileSinkOperator: Initializing Operator: FS[4]
2024-04-24T00:53:38,383  INFO [pool-60-thread-1] exec.FileSinkOperator: Using serializer : AbstractSerDe [log=org.apache.logging.slf4j.Log4jLogger@22a08b61, configuration=Optional[Configuration: core-default.xml, core-site.xml, mapred-default.xml, mapred-site.xml, yarn-default.xml, yarn-site.xml, hdfs-default.xml, hdfs-site.xml, file:/home/alex/Repositories/hive/ql/target/tmp/TestTxnNoBucketsVectorized/mapred/local/localRunner/alex/job_local864158931_0011/job_local864158931_0011.xml], properties={name=default.tmp, columns.types=int:int, serialization.format=1, columns=c1,c2, columns.comments=&amp#0;, partition_columns.types=int, partition_columns=c3, bucketing_version=2, serialization.lib=org.apache.hadoop.hive.ql.io.orc.OrcSerde, file.inputformat=org.apache.hadoop.hive.ql.io.orc.OrcInputFormat, file.outputformat=org.apache.hadoop.hive.ql.io.orc.OrcOutputFormat, location=file:/home/alex/Repositories/hive/ql/target/tmp/org.apache.hadoop.hive.ql.TestTxnNoBuckets-1713945183193/warehouse/tmp, column.name.delimiter=,}, tableProperties={name=default.tmp, columns.types=int:int, serialization.format=1, columns=c1,c2, columns.comments=&amp#0;, partition_columns.types=int, partition_columns=c3, bucketing_version=2, serialization.lib=org.apache.hadoop.hive.ql.io.orc.OrcSerde, file.inputformat=org.apache.hadoop.hive.ql.io.orc.OrcInputFormat, location=file:/home/alex/Repositories/hive/ql/target/tmp/org.apache.hadoop.hive.ql.TestTxnNoBuckets-1713945183193/warehouse/tmp, file.outputformat=org.apache.hadoop.hive.ql.io.orc.OrcOutputFormat, column.name.delimiter=,}, partitionProperties=Optional.empty, columnNames=[c1, c2], columnTypes=[int, int], getClass()=class org.apache.hadoop.hive.ql.io.orc.OrcSerde] and formatter : org.apache.hadoop.hive.ql.io.orc.OrcOutputFormat@a419559
2024-04-24T00:53:38,384  INFO [pool-60-thread-1] exec.FileSinkOperator: Final Path: FS file:/home/alex/Repositories/hive/ql/target/tmp/org.apache.hadoop.hive.ql.TestTxnNoBuckets-1713945183193/warehouse/tmp/.hive-staging_hive_2024-04-24_00-53-37_777_4855864772699951889-1/_tmp.-ext-10000/c3=5/000000_0
2024-04-24T00:53:38,384  INFO [pool-60-thread-1] exec.FileSinkOperator: Writing to temp file: FS file:/home/alex/Repositories/hive/ql/target/tmp/org.apache.hadoop.hive.ql.TestTxnNoBuckets-1713945183193/warehouse/tmp/.hive-staging_hive_2024-04-24_00-53-37_777_4855864772699951889-1/_task_tmp.-ext-10000/c3=5/_tmp.000000_0
2024-04-24T00:53:38,384  INFO [pool-60-thread-1] exec.FileSinkOperator: New Final Path: FS file:/home/alex/Repositories/hive/ql/target/tmp/org.apache.hadoop.hive.ql.TestTxnNoBuckets-1713945183193/warehouse/tmp/.hive-staging_hive_2024-04-24_00-53-37_777_4855864772699951889-1/_tmp.-ext-10000/c3=5/000000_0
2024-04-24T00:53:38,389  INFO [pool-60-thread-1] exec.FileSinkOperator: FS[4]: records written - 1
2024-04-24T00:53:38,389  INFO [pool-60-thread-1] impl.PhysicalFsWriter: ORC writer created for path: file:/home/alex/Repositories/hive/ql/target/tmp/org.apache.hadoop.hive.ql.TestTxnNoBuckets-1713945183193/warehouse/tmp/.hive-staging_hive_2024-04-24_00-53-37_777_4855864772699951889-1/_task_tmp.-ext-10000/c3=5/_tmp.000000_0 with stripeSize: 67108864 blockSize: 268435456 compression: Compress: ZLIB buffer: 262144
2024-04-24T00:53:38,394  INFO [pool-60-thread-1] impl.WriterImpl: ORC writer created for path: file:/home/alex/Repositories/hive/ql/target/tmp/org.apache.hadoop.hive.ql.TestTxnNoBuckets-1713945183193/warehouse/tmp/.hive-staging_hive_2024-04-24_00-53-37_777_4855864772699951889-1/_task_tmp.-ext-10000/c3=5/_tmp.000000_0 with stripeSize: 67108864 options: Compress: ZLIB buffer: 262144
2024-04-24T00:53:38,396  INFO [pool-60-thread-1] exec.FileSinkOperator: Final Path: FS file:/home/alex/Repositories/hive/ql/target/tmp/org.apache.hadoop.hive.ql.TestTxnNoBuckets-1713945183193/warehouse/tmp/.hive-staging_hive_2024-04-24_00-53-37_777_4855864772699951889-1/_tmp.-ext-10000/c3=6/000000_0
2024-04-24T00:53:38,396  INFO [pool-60-thread-1] exec.FileSinkOperator: Writing to temp file: FS file:/home/alex/Repositories/hive/ql/target/tmp/org.apache.hadoop.hive.ql.TestTxnNoBuckets-1713945183193/warehouse/tmp/.hive-staging_hive_2024-04-24_00-53-37_777_4855864772699951889-1/_task_tmp.-ext-10000/c3=6/_tmp.000000_0
2024-04-24T00:53:38,396  INFO [pool-60-thread-1] exec.FileSinkOperator: New Final Path: FS file:/home/alex/Repositories/hive/ql/target/tmp/org.apache.hadoop.hive.ql.TestTxnNoBuckets-1713945183193/warehouse/tmp/.hive-staging_hive_2024-04-24_00-53-37_777_4855864772699951889-1/_tmp.-ext-10000/c3=6/000000_0
2024-04-24T00:53:38,399  INFO [pool-60-thread-1] impl.PhysicalFsWriter: ORC writer created for path: file:/home/alex/Repositories/hive/ql/target/tmp/org.apache.hadoop.hive.ql.TestTxnNoBuckets-1713945183193/warehouse/tmp/.hive-staging_hive_2024-04-24_00-53-37_777_4855864772699951889-1/_task_tmp.-ext-10000/c3=6/_tmp.000000_0 with stripeSize: 67108864 blockSize: 268435456 compression: Compress: ZLIB buffer: 262144
2024-04-24T00:53:38,404  INFO [pool-60-thread-1] impl.WriterImpl: ORC writer created for path: file:/home/alex/Repositories/hive/ql/target/tmp/org.apache.hadoop.hive.ql.TestTxnNoBuckets-1713945183193/warehouse/tmp/.hive-staging_hive_2024-04-24_00-53-37_777_4855864772699951889-1/_task_tmp.-ext-10000/c3=6/_tmp.000000_0 with stripeSize: 67108864 options: Compress: ZLIB buffer: 262144
2024-04-24T00:53:38,404  INFO [pool-60-thread-1] exec.SelectOperator: Closing Operator: SEL[6]
2024-04-24T00:53:38,405  INFO [pool-60-thread-1] exec.SelectOperator: RECORDS_OUT_OPERATOR_SEL_6:2, RECORDS_OUT_INTERMEDIATE:0, 
2024-04-24T00:53:38,405  INFO [pool-60-thread-1] exec.FileSinkOperator: Closing Operator: FS[4]
2024-04-24T00:53:38,405  INFO [pool-60-thread-1] exec.FileSinkOperator: FS[4]: records written - 2
2024-04-24T00:53:38,407  INFO [pool-60-thread-1] common.FileUtils: Creating directory if it doesn't exist: file:/home/alex/Repositories/hive/ql/target/tmp/org.apache.hadoop.hive.ql.TestTxnNoBuckets-1713945183193/warehouse/tmp/.hive-staging_hive_2024-04-24_00-53-37_777_4855864772699951889-1/_tmp.-ext-10000/c3=6
2024-04-24T00:53:38,409  INFO [pool-60-thread-1] common.FileUtils: Creating directory if it doesn't exist: file:/home/alex/Repositories/hive/ql/target/tmp/org.apache.hadoop.hive.ql.TestTxnNoBuckets-1713945183193/warehouse/tmp/.hive-staging_hive_2024-04-24_00-53-37_777_4855864772699951889-1/_tmp.-ext-10000/c3=5
2024-04-24T00:53:38,417  INFO [pool-60-thread-1] exec.FileSinkOperator: RECORDS_OUT_INTERMEDIATE:0, RECORDS_OUT_1_default.tmp:2, RECORDS_OUT_OPERATOR_FS_4:2, TOTAL_TABLE_ROWS_WRITTEN:2, 
2024-04-24T00:53:38,418  INFO [pool-60-thread-1] mapred.Task: Task:attempt_local864158931_0011_r_000000_0 is done. And is in the process of committing
2024-04-24T00:53:38,418  INFO [pool-60-thread-1] mapred.LocalJobRunner: reduce > reduce
2024-04-24T00:53:38,418  INFO [pool-60-thread-1] mapred.Task: Task 'attempt_local864158931_0011_r_000000_0' done.
2024-04-24T00:53:38,418  INFO [pool-60-thread-1] mapred.Task: Final Counters for attempt_local864158931_0011_r_000000_0: Counters: 31
	File System Counters
		FILE: Number of bytes read=179219
		FILE: Number of bytes written=13222168
		FILE: Number of read operations=0
		FILE: Number of large read operations=0
		FILE: Number of write operations=0
	Map-Reduce Framework
		Combine input records=0
		Combine output records=0
		Reduce input groups=2
		Reduce shuffle bytes=44
		Reduce input records=2
		Reduce output records=0
		Spilled Records=2
		Shuffled Maps =1
		Failed Shuffles=0
		Merged Map outputs=1
		GC time elapsed (ms)=0
		Total committed heap usage (bytes)=1117782016
	HIVE
		CREATED_DYNAMIC_PARTITIONS=2
		CREATED_FILES=2
		RECORDS_OUT_1_default.tmp=2
		RECORDS_OUT_INTERMEDIATE=0
		RECORDS_OUT_OPERATOR_FS_4=2
		RECORDS_OUT_OPERATOR_SEL_6=2
		TOTAL_TABLE_ROWS_WRITTEN=2
	Shuffle Errors
		BAD_ID=0
		CONNECTION=0
		IO_ERROR=0
		WRONG_LENGTH=0
		WRONG_MAP=0
		WRONG_REDUCE=0
	File Output Format Counters 
		Bytes Written=0
2024-04-24T00:53:38,418  INFO [pool-60-thread-1] mapred.LocalJobRunner: Finishing task: attempt_local864158931_0011_r_000000_0
2024-04-24T00:53:38,419  INFO [Thread-676] mapred.LocalJobRunner: reduce task executor complete.
2024-04-24 00:53:39,339 Stage-1 map = 100%,  reduce = 100%
2024-04-24T00:53:39,339  INFO [main] exec.Task: 2024-04-24 00:53:39,339 Stage-1 map = 100%,  reduce = 100%
Ended Job = job_local864158931_0011
2024-04-24T00:53:39,340  INFO [main] exec.Task: Ended Job = job_local864158931_0011
2024-04-24T00:53:39,343  INFO [main] ql.Driver: Starting task [Stage-0:MOVE] in serial mode
Loading data to table default.tmp partition (c3=null)
2024-04-24T00:53:39,344  INFO [main] exec.Task: Loading data to table default.tmp partition (c3=null) from file:/home/alex/Repositories/hive/ql/target/tmp/org.apache.hadoop.hive.ql.TestTxnNoBuckets-1713945183193/warehouse/tmp/.hive-staging_hive_2024-04-24_00-53-37_777_4855864772699951889-1/-ext-10000
2024-04-24T00:53:39,344  INFO [main] HiveMetaStore.audit: ugi=alex	ip=unknown-ip-addr	cmd=get_table : tbl=hive.default.tmp	
2024-04-24T00:53:39,358  INFO [main] metastore.HMSHandler: Skipping translation for processor with null
2024-04-24T00:53:39,359  INFO [main] exec.MoveTask: Partition is: {c3=null}


2024-04-24T00:53:39,360  INFO [main] exec.Task: 

2024-04-24T00:53:39,360  INFO [main] HiveMetaStore.audit: ugi=alex	ip=unknown-ip-addr	cmd=get_table : tbl=hive.default.tmp	
2024-04-24T00:53:39,370  INFO [main] metastore.HMSHandler: Skipping translation for processor with null
2024-04-24T00:53:39,371  INFO [main] HiveMetaStore.audit: ugi=alex	ip=unknown-ip-addr	cmd=get_table : tbl=hive.default.tmp	
2024-04-24T00:53:39,382  INFO [main] metastore.HMSHandler: Skipping translation for processor with null
2024-04-24T00:53:39,382  INFO [main] HiveMetaStore.audit: ugi=alex	ip=unknown-ip-addr	cmd=get_table : tbl=hive.default.tmp	
2024-04-24T00:53:39,393  INFO [main] metastore.HMSHandler: Skipping translation for processor with null
2024-04-24T00:53:39,393  INFO [main] HiveMetaStore.audit: ugi=alex	ip=unknown-ip-addr	cmd=get_partitions_names_ps : tbl=hive.default.tmp[]	
2024-04-24T00:53:39,409  INFO [main] HiveMetaStore.audit: ugi=alex	ip=unknown-ip-addr	cmd=get_table : tbl=hive.default.tmp	
2024-04-24T00:53:39,421  INFO [main] metastore.HMSHandler: Skipping translation for processor with null
2024-04-24T00:53:39,421  INFO [main] HiveMetaStore.audit: ugi=alex	ip=unknown-ip-addr	cmd=get_partitions_by_names : tbl=hive.default.tmp	
2024-04-24T00:53:39,457  INFO [main] metastore.HMSHandler: Skipping translation for processor with null
2024-04-24T00:53:39,462  INFO [load-dynamic-partitionsToAdd-0] metadata.Hive: New loading path = file:/home/alex/Repositories/hive/ql/target/tmp/org.apache.hadoop.hive.ql.TestTxnNoBuckets-1713945183193/warehouse/tmp/.hive-staging_hive_2024-04-24_00-53-37_777_4855864772699951889-1/-ext-10000/c3=6 withPartSpec {c3=6}
2024-04-24T00:53:39,462  INFO [load-dynamic-partitionsToAdd-1] metadata.Hive: New loading path = file:/home/alex/Repositories/hive/ql/target/tmp/org.apache.hadoop.hive.ql.TestTxnNoBuckets-1713945183193/warehouse/tmp/.hive-staging_hive_2024-04-24_00-53-37_777_4855864772699951889-1/-ext-10000/c3=5 withPartSpec {c3=5}
2024-04-24T00:53:39,463  INFO [load-dynamic-partitionsToAdd-1] metastore.HiveMetaStoreClient: HMS client filtering is enabled.
2024-04-24T00:53:39,464  INFO [load-dynamic-partitionsToAdd-0] metastore.HiveMetaStoreClient: HMS client filtering is enabled.
2024-04-24T00:53:39,465  INFO [load-dynamic-partitionsToAdd-0] metastore.HMSHandler: 7: Opening raw store with implementation class:org.apache.hadoop.hive.metastore.ObjectStore
2024-04-24T00:53:39,465  INFO [load-dynamic-partitionsToAdd-1] metastore.HMSHandler: 6: Opening raw store with implementation class:org.apache.hadoop.hive.metastore.ObjectStore
2024-04-24T00:53:39,465  INFO [load-dynamic-partitionsToAdd-0] metastore.PersistenceManagerProvider: Configuration datanucleus.autoStartMechanismMode is not set. Defaulting to 'ignored'
2024-04-24T00:53:39,465  INFO [load-dynamic-partitionsToAdd-1] metastore.PersistenceManagerProvider: Configuration datanucleus.autoStartMechanismMode is not set. Defaulting to 'ignored'
2024-04-24T00:53:39,466  INFO [load-dynamic-partitionsToAdd-1] metastore.ObjectStore: RawStore: org.apache.hadoop.hive.metastore.ObjectStore@3d22fbb0, with PersistenceManager: null will be shutdown
2024-04-24T00:53:39,466  INFO [load-dynamic-partitionsToAdd-0] metastore.ObjectStore: RawStore: org.apache.hadoop.hive.metastore.ObjectStore@5ab7f769, with PersistenceManager: null will be shutdown
2024-04-24T00:53:39,466  INFO [load-dynamic-partitionsToAdd-1] metastore.ObjectStore: RawStore: org.apache.hadoop.hive.metastore.ObjectStore@3d22fbb0, with PersistenceManager: org.datanucleus.api.jdo.JDOPersistenceManager@1b1fb124 created in the thread with id: 825
2024-04-24T00:53:39,466  INFO [load-dynamic-partitionsToAdd-0] metastore.ObjectStore: RawStore: org.apache.hadoop.hive.metastore.ObjectStore@5ab7f769, with PersistenceManager: org.datanucleus.api.jdo.JDOPersistenceManager@33b68ae0 created in the thread with id: 824
2024-04-24T00:53:39,497  INFO [load-dynamic-partitionsToAdd-1] metastore.HMSHandler: Created RawStore: org.apache.hadoop.hive.metastore.ObjectStore@3d22fbb0 from thread id: 825
2024-04-24T00:53:39,497  INFO [load-dynamic-partitionsToAdd-0] metastore.HMSHandler: Created RawStore: org.apache.hadoop.hive.metastore.ObjectStore@5ab7f769 from thread id: 824
2024-04-24T00:53:39,497  INFO [load-dynamic-partitionsToAdd-1] metastore.HMSHandler: HMS server filtering is disabled by configuration
2024-04-24T00:53:39,497  INFO [load-dynamic-partitionsToAdd-0] metastore.HMSHandler: HMS server filtering is disabled by configuration
2024-04-24T00:53:39,497  INFO [load-dynamic-partitionsToAdd-1] metastore.RetryingMetaStoreClient: RetryingMetaStoreClient proxy=class org.apache.hadoop.hive.ql.metadata.SessionHiveMetaStoreClient ugi=alex (auth:SIMPLE) retries=1 delay=1 lifetime=0
2024-04-24T00:53:39,497  INFO [load-dynamic-partitionsToAdd-0] metastore.RetryingMetaStoreClient: RetryingMetaStoreClient proxy=class org.apache.hadoop.hive.ql.metadata.SessionHiveMetaStoreClient ugi=alex (auth:SIMPLE) retries=1 delay=1 lifetime=0
2024-04-24T00:53:39,497  INFO [load-dynamic-partitionsToAdd-1] HiveMetaStore.audit: ugi=alex	ip=unknown-ip-addr	cmd=get_database: default	
2024-04-24T00:53:39,497  INFO [load-dynamic-partitionsToAdd-0] HiveMetaStore.audit: ugi=alex	ip=unknown-ip-addr	cmd=get_database: default	
2024-04-24T00:53:39,499  INFO [load-dynamic-partitionsToAdd-1] common.FileUtils: Creating directory if it doesn't exist: file:/home/alex/Repositories/hive/ql/target/tmp/org.apache.hadoop.hive.ql.TestTxnNoBuckets-1713945183193/warehouse/tmp/c3=5
2024-04-24T00:53:39,499  INFO [load-dynamic-partitionsToAdd-0] common.FileUtils: Creating directory if it doesn't exist: file:/home/alex/Repositories/hive/ql/target/tmp/org.apache.hadoop.hive.ql.TestTxnNoBuckets-1713945183193/warehouse/tmp/c3=6
2024-04-24T00:53:39,503  INFO [load-dynamic-partitionsToAdd-0] HiveMetaStore.audit: ugi=alex	ip=unknown-ip-addr	cmd=Cleaning up thread local RawStore...	
2024-04-24T00:53:39,503  INFO [load-dynamic-partitionsToAdd-0] metastore.ObjectStore: RawStore: org.apache.hadoop.hive.metastore.ObjectStore@5ab7f769, with PersistenceManager: org.datanucleus.api.jdo.JDOPersistenceManager@33b68ae0 will be shutdown
2024-04-24T00:53:39,503  INFO [load-dynamic-partitionsToAdd-0] HiveMetaStore.audit: ugi=alex	ip=unknown-ip-addr	cmd=Done cleaning up thread local RawStore	
2024-04-24T00:53:39,503  INFO [load-dynamic-partitionsToAdd-0] metastore.HiveMetaStoreClient: Closed a connection to metastore, current connections: -6
2024-04-24T00:53:39,503  INFO [load-dynamic-partitionsToAdd-1] HiveMetaStore.audit: ugi=alex	ip=unknown-ip-addr	cmd=Cleaning up thread local RawStore...	
2024-04-24T00:53:39,503  INFO [load-dynamic-partitionsToAdd-1] metastore.ObjectStore: RawStore: org.apache.hadoop.hive.metastore.ObjectStore@3d22fbb0, with PersistenceManager: org.datanucleus.api.jdo.JDOPersistenceManager@1b1fb124 will be shutdown
2024-04-24T00:53:39,503  INFO [load-dynamic-partitionsToAdd-1] HiveMetaStore.audit: ugi=alex	ip=unknown-ip-addr	cmd=Done cleaning up thread local RawStore	
2024-04-24T00:53:39,503  INFO [load-dynamic-partitionsToAdd-1] metastore.HiveMetaStoreClient: Closed a connection to metastore, current connections: -7
2024-04-24T00:53:39,503  INFO [main] metadata.Hive: Number of partitionsToAdd to be added is 2
2024-04-24T00:53:39,504  INFO [main] HiveMetaStore.audit: ugi=alex	ip=unknown-ip-addr	cmd=add_partitions	
2024-04-24T00:53:39,555  INFO [main] metadata.Hive: Loaded 2partitionsToAdd
	 Time taken to load dynamic partitions: 0.195 seconds
2024-04-24T00:53:39,555  INFO [main] exec.Task: 	 Time taken to load dynamic partitions: 0.195 seconds
2024-04-24T00:53:39,555  INFO [main] exec.MoveTask: 	 Time taken to load dynamic partitions: 0.195 seconds
2024-04-24T00:53:39,555  INFO [main] exec.MoveTask: Loading partition {c3=6}
2024-04-24T00:53:39,555  INFO [main] exec.MoveTask: Loading partition {c3=5}
	 Time taken for adding to write entity : 0.0 seconds
2024-04-24T00:53:39,555  INFO [main] exec.Task: 	 Time taken for adding to write entity : 0.0 seconds
2024-04-24T00:53:39,555  INFO [main] ql.Driver: Starting task [Stage-2:STATS] in serial mode
2024-04-24T00:53:39,556  INFO [main] HiveMetaStore.audit: ugi=alex	ip=unknown-ip-addr	cmd=get_table : tbl=hive.default.tmp	
2024-04-24T00:53:39,568  INFO [main] metastore.HMSHandler: Skipping translation for processor with null
2024-04-24T00:53:39,568  INFO [main] stats.BasicStatsTask: Executing stats task
2024-04-24T00:53:39,569  INFO [main] fs.FSStatsPublisher: created : file:/home/alex/Repositories/hive/ql/target/tmp/localscratchdir/b8bea980-26cf-4ecb-93b4-cf7974ce2d23/hive_2024-04-24_00-53-37_777_4855864772699951889-1/-mr-10001
2024-04-24T00:53:39,570  INFO [main] HiveMetaStore.audit: ugi=alex	ip=unknown-ip-addr	cmd=get_table : tbl=hive.default.tmp	
2024-04-24T00:53:39,582  INFO [main] metastore.HMSHandler: Skipping translation for processor with null
2024-04-24T00:53:39,584  INFO [main] FileOperations: Read stats for default.tmp/c3=6/, numRows, true, 1, false: 
2024-04-24T00:53:39,584  INFO [main] FileOperations: Read stats for default.tmp/c3=6/, rawDataSize, true, 8, false: 
2024-04-24T00:53:39,584  INFO [main] stats.BasicStatsTask: Partition {c3=6} stats: [numFiles=1, numRows=1, totalSize=242, rawDataSize=8, numFilesErasureCoded=0]
2024-04-24T00:53:39,584  INFO [main] FileOperations: Read stats for default.tmp/c3=5/, numRows, true, 1, false: 
2024-04-24T00:53:39,584  INFO [main] FileOperations: Read stats for default.tmp/c3=5/, rawDataSize, true, 8, false: 
2024-04-24T00:53:39,584  INFO [main] stats.BasicStatsTask: Partition {c3=5} stats: [numFiles=1, numRows=1, totalSize=242, rawDataSize=8, numFilesErasureCoded=0]
2024-04-24T00:53:39,585  INFO [main] HiveMetaStore.audit: ugi=alex	ip=unknown-ip-addr	cmd=alter_partitions : tbl=hive.default.tmp	
2024-04-24T00:53:39,585  INFO [main] metastore.HMSHandler: New partition values:[6]
2024-04-24T00:53:39,585  INFO [main] metastore.HMSHandler: New partition values:[5]
2024-04-24T00:53:39,677  INFO [main] metadata.Hive: Dumping metastore api call timing information for : execution phase
2024-04-24T00:53:39,677  INFO [main] metadata.Hive: Total time spent in each metastore function (ms): {add_partitions_(List)=51, alter_partitions_(String, String, List, EnvironmentContext, String, long)=91, getTable_(GetTableRequest)=62, getPartitionsByNames_(String, String, List, boolean, String)=52, listPartitionNamesRequest_(GetPartitionNamesPsRequest)=27, isCompatibleWith_(Configuration)=1}
MapReduce Jobs Launched: 
2024-04-24T00:53:39,677  INFO [main] ql.Driver: MapReduce Jobs Launched: 
Stage-Stage-1:  HDFS Read: 0 HDFS Write: 0 SUCCESS
2024-04-24T00:53:39,677  INFO [main] ql.Driver: Stage-Stage-1:  HDFS Read: 0 HDFS Write: 0 SUCCESS
Total MapReduce CPU Time Spent: 0 msec
2024-04-24T00:53:39,677  INFO [main] ql.Driver: Total MapReduce CPU Time Spent: 0 msec
2024-04-24T00:53:39,677  INFO [main] ql.Driver: Completed executing command(queryId=alex_20240424005337_a37e9ee4-46f9-4e4f-80e4-bf0da6fcd1d8); Time taken: 1.656 seconds
2024-04-24T00:53:39,677  INFO [main] lockmgr.DbTxnManager: Stopped heartbeat for query: alex_20240424005337_a37e9ee4-46f9-4e4f-80e4-bf0da6fcd1d8
2024-04-24T00:53:39,682  INFO [main] txn.TxnHandler: Expected to move at least one record from txn_components to completed_txn_components when committing txn! txnid:18
2024-04-24T00:53:39,689  INFO [main] txn.TxnHandler: Removed transactions: ([18]) from MIN_HISTORY_LEVEL
2024-04-24T00:53:39,689  WARN [main] txn.CompactionTxnHandler: No compaction queue record found for Compaction type transaction commit. txnId:18
2024-04-24T00:53:39,690  INFO [main] ql.TxnCommandsBaseForTests: Running the query: drop table if exists nobuckets
2024-04-24T00:53:39,691  INFO [main] ql.Context: Deleting scratch dir: file:/home/alex/Repositories/hive/ql/target/tmp/org.apache.hadoop.hive.ql.TestTxnNoBuckets-1713945183193/warehouse/tmp/.hive-staging_hive_2024-04-24_00-53-37_777_4855864772699951889-1
2024-04-24T00:53:39,691  INFO [main] cleanup.SyncCleanupService: Deleted directory: file:/home/alex/Repositories/hive/ql/target/tmp/org.apache.hadoop.hive.ql.TestTxnNoBuckets-1713945183193/warehouse/tmp/.hive-staging_hive_2024-04-24_00-53-37_777_4855864772699951889-1 on fs with scheme file
2024-04-24T00:53:39,691  INFO [main] ql.Context: Deleting scratch dir: file:/home/alex/Repositories/hive/ql/target/tmp/localscratchdir/b8bea980-26cf-4ecb-93b4-cf7974ce2d23/hive_2024-04-24_00-53-37_777_4855864772699951889-1
2024-04-24T00:53:39,692  INFO [main] cleanup.SyncCleanupService: Deleted directory: file:/home/alex/Repositories/hive/ql/target/tmp/localscratchdir/b8bea980-26cf-4ecb-93b4-cf7974ce2d23/hive_2024-04-24_00-53-37_777_4855864772699951889-1 on fs with scheme file
2024-04-24T00:53:39,692  INFO [main] ql.Driver: Compiling command(queryId=alex_20240424005339_23526dd1-af70-4c51-bf5a-e1db12bdd7d3): drop table if exists nobuckets
2024-04-24T00:53:39,696  INFO [main] txn.TxnHandler: Added entries to MIN_HISTORY_LEVEL for current txns: ([19]) with min_open_txn: 19
2024-04-24T00:53:39,696  INFO [main] lockmgr.DbTxnManager: Opened txnid:19
2024-04-24T00:53:39,698  INFO [main] HiveMetaStore.audit: ugi=alex	ip=unknown-ip-addr	cmd=get_table : tbl=hive.default.nobuckets	
2024-04-24T00:53:39,701  INFO [main] ql.Driver: Semantic Analysis Completed (retrial = false)
2024-04-24T00:53:39,702  INFO [main] ql.Driver: Created Hive schema: Schema(fieldSchemas:null, properties:null)
2024-04-24T00:53:39,702  INFO [main] metadata.Hive: Dumping metastore api call timing information for : compilation phase
2024-04-24T00:53:39,702  INFO [main] metadata.Hive: Total time spent in each metastore function (ms): {commitTxn_(CommitTxnRequest)=12, getValidTxns_(long)=0, flushCache_()=1, openTxn_(String, TxnType)=3, isCompatibleWith_(Configuration)=0}
2024-04-24T00:53:39,702  INFO [main] ql.Driver: Completed compiling command(queryId=alex_20240424005339_23526dd1-af70-4c51-bf5a-e1db12bdd7d3); Time taken: 0.01 seconds
2024-04-24T00:53:39,702  INFO [main] lockmgr.DbTxnManager: Setting lock request transaction to txnid:19 for queryId=alex_20240424005339_23526dd1-af70-4c51-bf5a-e1db12bdd7d3
2024-04-24T00:53:39,702  INFO [main] ql.Driver: Operation DROPTABLE obtained 0 locks
2024-04-24T00:53:39,702  INFO [main] ql.Driver: Executing command(queryId=alex_20240424005339_23526dd1-af70-4c51-bf5a-e1db12bdd7d3): drop table if exists nobuckets
2024-04-24T00:53:39,702  INFO [main] ql.Driver: Starting task [Stage-0:DDL] in serial mode
2024-04-24T00:53:39,703  INFO [main] HiveMetaStore.audit: ugi=alex	ip=unknown-ip-addr	cmd=get_table : tbl=hive.default.nobuckets	
2024-04-24T00:53:39,707  INFO [main] metadata.Hive: Dumping metastore api call timing information for : execution phase
2024-04-24T00:53:39,707  INFO [main] metadata.Hive: Total time spent in each metastore function (ms): {isCompatibleWith_(Configuration)=1}
2024-04-24T00:53:39,707  INFO [main] ql.Driver: Completed executing command(queryId=alex_20240424005339_23526dd1-af70-4c51-bf5a-e1db12bdd7d3); Time taken: 0.005 seconds
2024-04-24T00:53:39,707  INFO [main] lockmgr.DbTxnManager: Stopped heartbeat for query: alex_20240424005339_23526dd1-af70-4c51-bf5a-e1db12bdd7d3
2024-04-24T00:53:39,713  INFO [main] txn.TxnHandler: Expected to move at least one record from txn_components to completed_txn_components when committing txn! txnid:19
2024-04-24T00:53:39,720  INFO [main] txn.TxnHandler: Removed transactions: ([19]) from MIN_HISTORY_LEVEL
2024-04-24T00:53:39,721  WARN [main] txn.CompactionTxnHandler: No compaction queue record found for Compaction type transaction commit. txnId:19
2024-04-24T00:53:39,722  INFO [main] ql.TxnCommandsBaseForTests: Running the query: create table nobuckets (c1 integer, c2 integer) partitioned by (c3 integer) stored as orc tblproperties('transactional'='true', 'transactional_properties'='default')
2024-04-24T00:53:39,722  INFO [main] ql.Driver: Compiling command(queryId=alex_20240424005339_74ecf751-b2f8-4b97-abaf-169f7b41dc27): create table nobuckets (c1 integer, c2 integer) partitioned by (c3 integer) stored as orc tblproperties('transactional'='true', 'transactional_properties'='default')
2024-04-24T00:53:39,725  INFO [main] txn.TxnHandler: Added entries to MIN_HISTORY_LEVEL for current txns: ([20]) with min_open_txn: 19
2024-04-24T00:53:39,726  INFO [main] lockmgr.DbTxnManager: Opened txnid:20
2024-04-24T00:53:39,726  INFO [main] parse.CalcitePlanner: Starting caching scope for: 
2024-04-24T00:53:39,726  INFO [main] parse.CalcitePlanner: Starting Semantic Analysis
2024-04-24T00:53:39,735  INFO [main] parse.CalcitePlanner: Creating table default.nobuckets position=13
2024-04-24T00:53:39,735  INFO [main] HiveMetaStore.audit: ugi=alex	ip=unknown-ip-addr	cmd=get_database: default	
2024-04-24T00:53:39,738  INFO [main] parse.CalcitePlanner: Ending caching scope for: 
2024-04-24T00:53:39,738  INFO [main] ql.Driver: Semantic Analysis Completed (retrial = false)
2024-04-24T00:53:39,738  INFO [main] ql.Driver: Created Hive schema: Schema(fieldSchemas:null, properties:null)
2024-04-24T00:53:39,738  INFO [main] metadata.Hive: Dumping metastore api call timing information for : compilation phase
2024-04-24T00:53:39,738  INFO [main] metadata.Hive: Total time spent in each metastore function (ms): {commitTxn_(CommitTxnRequest)=14, getDatabase_(String)=3, openTxn_(String, TxnType)=3, getValidWriteIds_(List, String)=8, flushCache_()=0, getValidTxns_(long)=0, isCompatibleWith_(Configuration)=1}
2024-04-24T00:53:39,738  INFO [main] ql.Driver: Completed compiling command(queryId=alex_20240424005339_74ecf751-b2f8-4b97-abaf-169f7b41dc27); Time taken: 0.016 seconds
2024-04-24T00:53:39,739  INFO [main] lockmgr.DbTxnManager: Setting lock request transaction to txnid:20 for queryId=alex_20240424005339_74ecf751-b2f8-4b97-abaf-169f7b41dc27
2024-04-24T00:53:39,739  INFO [main] lockmgr.DbLockManager: Requesting lock for queryId=alex_20240424005339_74ecf751-b2f8-4b97-abaf-169f7b41dc27
2024-04-24T00:53:39,763  INFO [main] lockmgr.DbLockManager: Response to queryId=alex_20240424005339_74ecf751-b2f8-4b97-abaf-169f7b41dc27 LockResponse(lockid:12, state:ACQUIRED)
2024-04-24T00:53:39,763  INFO [main] ql.Driver: Operation CREATETABLE obtained 1 locks
2024-04-24T00:53:39,764  INFO [main] ql.Driver: Executing command(queryId=alex_20240424005339_74ecf751-b2f8-4b97-abaf-169f7b41dc27): create table nobuckets (c1 integer, c2 integer) partitioned by (c3 integer) stored as orc tblproperties('transactional'='true', 'transactional_properties'='default')
2024-04-24T00:53:39,764  INFO [main] ql.Driver: Starting task [Stage-0:DDL] in serial mode
2024-04-24T00:53:39,765  INFO [main] HiveMetaStore.audit: ugi=alex	ip=unknown-ip-addr	cmd=create_table_req: Table(tableName:nobuckets, dbName:default, owner:alex, createTime:1713945219, lastAccessTime:0, retention:0, sd:StorageDescriptor(cols:[FieldSchema(name:c1, type:int, comment:null), FieldSchema(name:c2, type:int, comment:null)], location:null, inputFormat:org.apache.hadoop.hive.ql.io.orc.OrcInputFormat, outputFormat:org.apache.hadoop.hive.ql.io.orc.OrcOutputFormat, compressed:false, numBuckets:-1, serdeInfo:SerDeInfo(name:null, serializationLib:org.apache.hadoop.hive.ql.io.orc.OrcSerde, parameters:{serialization.format=1}), bucketCols:[], sortCols:[], parameters:{}, skewedInfo:SkewedInfo(skewedColNames:[], skewedColValues:[], skewedColValueLocationMaps:{}), storedAsSubDirectories:false), partitionKeys:[FieldSchema(name:c3, type:int, comment:null)], parameters:{transactional_properties=default, transactional=true, bucketing_version=2}, viewOriginalText:null, viewExpandedText:null, tableType:MANAGED_TABLE, privileges:PrincipalPrivilegeSet(userPrivileges:{alex=[PrivilegeGrantInfo(privilege:INSERT, createTime:-1, grantor:alex, grantorType:USER, grantOption:true), PrivilegeGrantInfo(privilege:SELECT, createTime:-1, grantor:alex, grantorType:USER, grantOption:true), PrivilegeGrantInfo(privilege:UPDATE, createTime:-1, grantor:alex, grantorType:USER, grantOption:true), PrivilegeGrantInfo(privilege:DELETE, createTime:-1, grantor:alex, grantorType:USER, grantOption:true)]}, groupPrivileges:null, rolePrivileges:null), temporary:false, catName:hive, ownerType:USER, writeId:0)	
2024-04-24T00:53:39,772  INFO [main] utils.FileUtils: Creating directory if it doesn't exist: file:/home/alex/Repositories/hive/ql/target/tmp/org.apache.hadoop.hive.ql.TestTxnNoBuckets-1713945183193/warehouse/nobuckets
2024-04-24T00:53:39,821  INFO [main] metadata.Hive: Dumping metastore api call timing information for : execution phase
2024-04-24T00:53:39,821  INFO [main] metadata.Hive: Total time spent in each metastore function (ms): {createTable_(Table)=56, isCompatibleWith_(Configuration)=0}
2024-04-24T00:53:39,822  INFO [main] ql.Driver: Completed executing command(queryId=alex_20240424005339_74ecf751-b2f8-4b97-abaf-169f7b41dc27); Time taken: 0.057 seconds
2024-04-24T00:53:39,822  INFO [main] lockmgr.DbTxnManager: Stopped heartbeat for query: alex_20240424005339_74ecf751-b2f8-4b97-abaf-169f7b41dc27
2024-04-24T00:53:39,829  INFO [main] txn.TxnHandler: Expected to move at least one record from txn_components to completed_txn_components when committing txn! txnid:20
2024-04-24T00:53:39,839  INFO [main] txn.TxnHandler: Removed transactions: ([20]) from MIN_HISTORY_LEVEL
2024-04-24T00:53:39,839  WARN [main] txn.CompactionTxnHandler: No compaction queue record found for Compaction type transaction commit. txnId:20
2024-04-24T00:53:39,840  INFO [main] ql.TxnCommandsBaseForTests: Running the query: insert into nobuckets partition(c3) select * from tmp
2024-04-24T00:53:39,840  INFO [main] ql.Driver: Compiling command(queryId=alex_20240424005339_42806b3a-0e41-4690-852c-36828c703ff7): insert into nobuckets partition(c3) select * from tmp
2024-04-24T00:53:39,845  INFO [main] txn.TxnHandler: Added entries to MIN_HISTORY_LEVEL for current txns: ([21]) with min_open_txn: 19
2024-04-24T00:53:39,845  INFO [main] lockmgr.DbTxnManager: Opened txnid:21
2024-04-24T00:53:39,846  INFO [main] parse.CalcitePlanner: Starting caching scope for: 
2024-04-24T00:53:39,847  INFO [main] parse.CalcitePlanner: Starting Semantic Analysis
2024-04-24T00:53:39,851  INFO [main] parse.CalcitePlanner: Completed phase 1 of Semantic Analysis
2024-04-24T00:53:39,851  INFO [main] parse.CalcitePlanner: Get metadata for source tables
2024-04-24T00:53:39,852  INFO [main] HiveMetaStore.audit: ugi=alex	ip=unknown-ip-addr	cmd=get_table : tbl=hive.default.tmp	
2024-04-24T00:53:39,911  INFO [main] metastore.HMSHandler: Skipping translation for processor with null
2024-04-24T00:53:39,911  INFO [main] parse.CalcitePlanner: Get metadata for subqueries
2024-04-24T00:53:39,911  INFO [main] parse.CalcitePlanner: Get metadata for destination tables
2024-04-24T00:53:39,912  INFO [main] HiveMetaStore.audit: ugi=alex	ip=unknown-ip-addr	cmd=get_table : tbl=hive.default.nobuckets	
2024-04-24T00:53:39,921  INFO [main] metastore.HMSHandler: Skipping translation for processor with null
2024-04-24T00:53:39,921  WARN [main] parse.BaseSemanticAnalyzer: Dynamic partitioning is used; only validating 0 columns
2024-04-24T00:53:39,921  INFO [main] parse.CalcitePlanner: Completed getting MetaData in Semantic Analysis
2024-04-24T00:53:39,922  INFO [main] parse.CalcitePlanner: Disabling LLAP IO encode as ETL query is detected
2024-04-24T00:53:39,936  INFO [main] HiveMetaStore.audit: ugi=alex	ip=unknown-ip-addr	cmd=get_all_table_constraints : tbl=hive.default.tmp	
2024-04-24T00:53:39,983  INFO [main] calcite.RelOptHiveTable: Calculating column statistics for default.tmp, projIndxSet: [0, 1, 2], allowMissingStats: true
2024-04-24T00:53:39,984  INFO [main] HiveMetaStore.audit: ugi=alex	ip=unknown-ip-addr	cmd=get_partitions : tbl=hive.default.tmp	
2024-04-24T00:53:40,035  INFO [main] HiveMetaStore.audit: ugi=alex	ip=unknown-ip-addr	cmd=get_aggr_stats_for: table=hive.default.tmp	
2024-04-24T00:53:40,063  WARN [main] calcite.RelOptHiveTable: No Stats for default@tmp, Columns: c1, c2
No Stats for default@tmp, Columns: c1, c2
2024-04-24T00:53:40,063  INFO [main] SessionState: No Stats for default@tmp, Columns: c1, c2
2024-04-24T00:53:40,120  INFO [main] parse.CalcitePlanner: Get metadata for source tables
2024-04-24T00:53:40,120  INFO [main] parse.CalcitePlanner: Get metadata for subqueries
2024-04-24T00:53:40,120  INFO [main] parse.CalcitePlanner: Get metadata for destination tables
2024-04-24T00:53:40,121  INFO [main] HiveMetaStore.audit: ugi=alex	ip=unknown-ip-addr	cmd=get_table : tbl=hive.default.nobuckets	
2024-04-24T00:53:40,131  INFO [main] metastore.HMSHandler: Skipping translation for processor with null
2024-04-24T00:53:40,131  WARN [main] parse.BaseSemanticAnalyzer: Dynamic partitioning is used; only validating 0 columns
2024-04-24T00:53:40,134  INFO [main] HiveMetaStore.audit: ugi=alex	ip=unknown-ip-addr	cmd=get_not_null_constraints : tbl=hive.default.nobuckets	
2024-04-24T00:53:40,136  INFO [main] HiveMetaStore.audit: ugi=alex	ip=unknown-ip-addr	cmd=get_check_constraints : tbl=hive.default.nobuckets	
2024-04-24T00:53:40,149  INFO [main] txn.TxnHandler: Allocated writeId: 1 for txnId: 21
2024-04-24T00:53:40,149  INFO [main] txn.TxnHandler: Allocated write ids for dbName=default, tblName=nobuckets (txnIds: [21])
2024-04-24T00:53:40,153  INFO [main] parse.CalcitePlanner: CBO Succeeded; optimized logical plan.
2024-04-24T00:53:40,155  INFO [main] optimizer.BucketVersionPopulator: not considering bucketingVersion for: TS[0] because it has -1<2 buckets 
2024-04-24T00:53:40,156  INFO [main] optimizer.SortedDynPartitionOptimizer: Sorted dynamic partitioning optimization kicked in..
2024-04-24T00:53:40,156  INFO [main] optimizer.SortedDynPartitionOptimizer: Inserted RS_3 and SEL_4 as parent of FS_2 and child of SEL_1
2024-04-24T00:53:40,167  INFO [main] HiveMetaStore.audit: ugi=alex	ip=unknown-ip-addr	cmd=get_table : tbl=hive.default.nobuckets	
2024-04-24T00:53:40,175  INFO [main] metastore.HMSHandler: Skipping translation for processor with null
2024-04-24T00:53:40,176  INFO [main] physical.Vectorizer: Examining input format to see if vectorization is enabled.
2024-04-24T00:53:40,177  INFO [main] physical.Vectorizer: Vectorization is enabled for input format(s) [org.apache.hadoop.hive.ql.io.orc.OrcInputFormat]
2024-04-24T00:53:40,177  INFO [main] physical.Vectorizer: Validating and vectorizing MapWork... (vectorizedVertexNum 0)
2024-04-24T00:53:40,178  INFO [main] physical.Vectorizer: Map vectorization enabled: true
2024-04-24T00:53:40,178  INFO [main] physical.Vectorizer: Map vectorized: true
2024-04-24T00:53:40,178  INFO [main] physical.Vectorizer: Map vectorizedVertexNum: 0
2024-04-24T00:53:40,178  INFO [main] physical.Vectorizer: Map enabledConditionsMet: [hive.vectorized.use.vectorized.input.format IS true]
2024-04-24T00:53:40,178  INFO [main] physical.Vectorizer: Map inputFileFormatClassNameSet: [org.apache.hadoop.hive.ql.io.orc.OrcInputFormat]
2024-04-24T00:53:40,178  INFO [main] physical.Vectorizer: Reduce vectorization enabled: false
2024-04-24T00:53:40,178  INFO [main] physical.Vectorizer: Reduce vectorized: false
2024-04-24T00:53:40,178  INFO [main] physical.Vectorizer: Reduce vectorizedVertexNum: 1
2024-04-24T00:53:40,178  INFO [main] physical.Vectorizer: Reducer hive.vectorized.execution.reduce.enabled: true
2024-04-24T00:53:40,178  INFO [main] physical.Vectorizer: Reducer engine: mr
2024-04-24T00:53:40,178  INFO [main] parse.CalcitePlanner: Completed plan generation
2024-04-24T00:53:40,178  INFO [main] parse.CalcitePlanner: Ending caching scope for: 
2024-04-24T00:53:40,178  INFO [main] ql.Driver: Semantic Analysis Completed (retrial = false)
2024-04-24T00:53:40,178  INFO [main] ql.Driver: Created Hive schema: Schema(fieldSchemas:[FieldSchema(name:tmp.c1, type:int, comment:null), FieldSchema(name:tmp.c2, type:int, comment:null), FieldSchema(name:tmp.c3, type:int, comment:null)], properties:null)
2024-04-24T00:53:40,178  INFO [main] metadata.Hive: Dumping metastore api call timing information for : compilation phase
2024-04-24T00:53:40,179  INFO [main] metadata.Hive: Total time spent in each metastore function (ms): {getMetaConf_(String)=0, getAllTableConstraints_(AllTableConstraintsRequest)=42, getCheckConstraints_(CheckConstraintsRequest)=2, commitTxn_(CommitTxnRequest)=18, allocateTableWriteId_(long, String, String)=12, getValidTxns_(long)=0, getNotNullConstraints_(NotNullConstraintsRequest)=2, getTable_(GetTableRequest)=87, openTxn_(String, TxnType)=3, getValidWriteIds_(List, String)=5, isCompatibleWith_(Configuration)=0, flushCache_()=0, getAggrColStatsFor_(String, String, List, List, String, String)=28, listPartitions_(String, String, short)=48}
2024-04-24T00:53:40,179  INFO [main] ql.Driver: Completed compiling command(queryId=alex_20240424005339_42806b3a-0e41-4690-852c-36828c703ff7); Time taken: 0.338 seconds
2024-04-24T00:53:40,179  INFO [main] lockmgr.DbTxnManager: Setting lock request transaction to txnid:21 for queryId=alex_20240424005339_42806b3a-0e41-4690-852c-36828c703ff7
2024-04-24T00:53:40,181  INFO [main] lockmgr.DbLockManager: Requesting lock for queryId=alex_20240424005339_42806b3a-0e41-4690-852c-36828c703ff7
2024-04-24T00:53:40,209  INFO [main] lockmgr.DbLockManager: Response to queryId=alex_20240424005339_42806b3a-0e41-4690-852c-36828c703ff7 LockResponse(lockid:13, state:ACQUIRED)
2024-04-24T00:53:40,209  INFO [main] ql.Driver: Operation QUERY obtained 1 locks
2024-04-24T00:53:40,212  INFO [main] ql.Driver: Executing command(queryId=alex_20240424005339_42806b3a-0e41-4690-852c-36828c703ff7): insert into nobuckets partition(c3) select * from tmp
2024-04-24T00:53:40,213  WARN [main] ql.Driver: Hive-on-MR is deprecated in Hive 2 and may not be available in the future versions. Consider using a different execution engine (i.e. spark, tez) or using Hive 1.X releases.
Query ID = alex_20240424005339_42806b3a-0e41-4690-852c-36828c703ff7
2024-04-24T00:53:40,213  INFO [main] ql.Driver: Query ID = alex_20240424005339_42806b3a-0e41-4690-852c-36828c703ff7
Total jobs = 1
2024-04-24T00:53:40,213  INFO [main] ql.Driver: Total jobs = 1
Launching Job 1 out of 1
2024-04-24T00:53:40,213  INFO [main] ql.Driver: Launching Job 1 out of 1
2024-04-24T00:53:40,366  INFO [main] ql.Driver: Starting task [Stage-1:MAPRED] in serial mode
2024-04-24T00:53:40,366  INFO [main] exec.Utilities: Not using thread pool for getContentSummary
2024-04-24T00:53:40,370  INFO [main] exec.Utilities: BytesPerReducer=256000000 maxReducers=1009 totalInputFileSize=1936
Number of reduce tasks not specified. Estimated from input data size: 1
2024-04-24T00:53:40,370  INFO [main] exec.Task: Number of reduce tasks not specified. Estimated from input data size: 1
In order to change the average load for a reducer (in bytes):
2024-04-24T00:53:40,370  INFO [main] exec.Task: In order to change the average load for a reducer (in bytes):
  set hive.exec.reducers.bytes.per.reducer=<number>
2024-04-24T00:53:40,370  INFO [main] exec.Task:   set hive.exec.reducers.bytes.per.reducer=<number>
In order to limit the maximum number of reducers:
2024-04-24T00:53:40,370  INFO [main] exec.Task: In order to limit the maximum number of reducers:
  set hive.exec.reducers.max=<number>
2024-04-24T00:53:40,370  INFO [main] exec.Task:   set hive.exec.reducers.max=<number>
In order to set a constant number of reducers:
2024-04-24T00:53:40,370  INFO [main] exec.Task: In order to set a constant number of reducers:
  set mapreduce.job.reduces=<number>
2024-04-24T00:53:40,370  INFO [main] exec.Task:   set mapreduce.job.reduces=<number>
2024-04-24T00:53:40,372  INFO [main] mr.ExecDriver: Using org.apache.hadoop.hive.ql.io.HiveInputFormat
2024-04-24T00:53:40,373  INFO [main] exec.Utilities: Processing alias tmp
2024-04-24T00:53:40,373  INFO [main] exec.Utilities: Adding 7 inputs; the first input is file:/home/alex/Repositories/hive/ql/target/tmp/org.apache.hadoop.hive.ql.TestTxnNoBuckets-1713945183193/warehouse/tmp/c3=0
2024-04-24T00:53:40,382  INFO [main] exec.SerializationUtilities: Serializing MapWork using kryo
2024-04-24T00:53:40,384  INFO [main] exec.Utilities: Serialized plan (via FILE) - name: null size: 8,20KB
2024-04-24T00:53:40,388  INFO [main] exec.SerializationUtilities: Serializing ReduceWork using kryo
2024-04-24T00:53:40,389  INFO [main] exec.Utilities: Serialized plan (via FILE) - name: null size: 6,77KB
2024-04-24T00:53:40,390  WARN [main] impl.MetricsSystemImpl: JobTracker metrics system already initialized!
2024-04-24T00:53:40,394  INFO [main] fs.FSStatsPublisher: created : file:/home/alex/Repositories/hive/ql/target/tmp/localscratchdir/b8bea980-26cf-4ecb-93b4-cf7974ce2d23/hive_2024-04-24_00-53-39_840_1759521566945539904-1/-mr-10000
2024-04-24T00:53:40,397  WARN [main] impl.MetricsSystemImpl: JobTracker metrics system already initialized!
2024-04-24T00:53:40,404  WARN [main] mapreduce.JobResourceUploader: Hadoop command-line option parsing not performed. Implement the Tool interface and execute your application with ToolRunner to remedy this.
2024-04-24T00:53:40,408  WARN [main] mapreduce.JobResourceUploader: No job jar file set.  User classes may not be found. See Job or Job#setJar(String).
2024-04-24T00:53:40,409  INFO [main] io.HiveInputFormat: hive.io.file.readcolumn.ids = 0,1
2024-04-24T00:53:40,410  INFO [main] io.HiveInputFormat: hive.io.file.readcolumn.names = c1,c2
2024-04-24T00:53:40,410  INFO [main] io.HiveInputFormat: Generating splits for dirs: file:/home/alex/Repositories/hive/ql/target/tmp/org.apache.hadoop.hive.ql.TestTxnNoBuckets-1713945183193/warehouse/tmp/c3=0
2024-04-24T00:53:40,410  INFO [main] orc.OrcInputFormat: getSplits started
2024-04-24T00:53:40,410  INFO [main] orc.OrcInputFormat: Context:: isAcid: false isVectorMode: true sarg: null minSplitSize: 1 maxSplitSize: 256000000 splitStrategy: HYBRID footerInSplits: false numBuckets: 0 numThreads: 10 cacheMemSize: 268435456 cacheStripeDetails: true useSoftReference: false writeIdList: null:9223372036854775807:9223372036854775807:: isTransactionalTable: true txnProperties: default 
2024-04-24T00:53:40,410  INFO [main] orc.OrcInputFormat: ORC pushdown predicate: null
2024-04-24T00:53:40,422  INFO [main] orc.OrcInputFormat: FooterCacheHitRatio: 0/8
2024-04-24T00:53:40,422  INFO [main] orc.OrcInputFormat: getSplits finished (#splits: 8). duration: 12 ms
2024-04-24T00:53:40,422  INFO [main] io.HiveInputFormat: number of splits 8
2024-04-24T00:53:40,440  INFO [main] mapreduce.JobSubmitter: number of splits:8
2024-04-24T00:53:40,460  INFO [main] mapreduce.JobSubmitter: Submitting tokens for job: job_local685244723_0012
2024-04-24T00:53:40,460  INFO [main] mapreduce.JobSubmitter: Executing with tokens: []
2024-04-24T00:53:40,525  INFO [main] mapreduce.Job: The url to track the job: http://localhost:8080/
Job running in-process (local Hadoop)
2024-04-24T00:53:40,525  INFO [main] exec.Task: Job running in-process (local Hadoop)
2024-04-24T00:53:40,525  INFO [Thread-744] mapred.LocalJobRunner: OutputCommitter set in config org.apache.hadoop.hive.ql.io.HiveFileFormatUtils$NullOutputCommitter
2024-04-24T00:53:40,526  INFO [Thread-744] mapred.LocalJobRunner: OutputCommitter is org.apache.hadoop.hive.ql.io.HiveFileFormatUtils$NullOutputCommitter
2024-04-24T00:53:40,530  INFO [Thread-744] mapred.LocalJobRunner: Waiting for map tasks
2024-04-24T00:53:40,530  INFO [LocalJobRunner Map Task Executor #0] mapred.LocalJobRunner: Starting task: attempt_local685244723_0012_m_000000_0
2024-04-24T00:53:40,530  INFO [LocalJobRunner Map Task Executor #0] mapred.Task:  Using ResourceCalculatorProcessTree : [ ]
2024-04-24T00:53:40,531  INFO [LocalJobRunner Map Task Executor #0] mapred.MapTask: Processing split: org.apache.hadoop.hive.ql.io.orc.OrcInputFormat:OrcSplit [file:/home/alex/Repositories/hive/ql/target/tmp/org.apache.hadoop.hive.ql.TestTxnNoBuckets-1713945183193/warehouse/tmp/c3=5/000000_0, start=3, length=110, isOriginal=true, fileLength=242, hasFooter=false, hasBase=true, deltas=0]
2024-04-24T00:53:40,531  INFO [LocalJobRunner Map Task Executor #0] exec.SerializationUtilities: Deserializing MapWork using kryo
2024-04-24T00:53:40,532  INFO [LocalJobRunner Map Task Executor #0] exec.Utilities: Deserialized plan (via FILE) - name: null size: 8,20KB
2024-04-24T00:53:40,534  INFO [LocalJobRunner Map Task Executor #0] orc.ReaderImpl: Reading ORC rows from file:/home/alex/Repositories/hive/ql/target/tmp/org.apache.hadoop.hive.ql.TestTxnNoBuckets-1713945183193/warehouse/tmp/c3=5/000000_0 with {include: [true, true, true], offset: 3, length: 110, schema: struct<c1:int,c2:int>, includeAcidColumns: true}
2024-04-24T00:53:40,535  INFO [LocalJobRunner Map Task Executor #0] mapred.MapTask: numReduceTasks: 1
2024-04-24T00:53:40,541  INFO [LocalJobRunner Map Task Executor #0] mapred.MapTask: (EQUATOR) 0 kvi 26214396(104857584)
2024-04-24T00:53:40,541  INFO [LocalJobRunner Map Task Executor #0] mapred.MapTask: mapreduce.task.io.sort.mb: 100
2024-04-24T00:53:40,541  INFO [LocalJobRunner Map Task Executor #0] mapred.MapTask: soft limit at 83886080
2024-04-24T00:53:40,541  INFO [LocalJobRunner Map Task Executor #0] mapred.MapTask: bufstart = 0; bufvoid = 104857600
2024-04-24T00:53:40,541  INFO [LocalJobRunner Map Task Executor #0] mapred.MapTask: kvstart = 26214396; length = 6553600
2024-04-24T00:53:40,541  INFO [LocalJobRunner Map Task Executor #0] mapred.MapTask: Map output collector class = org.apache.hadoop.mapred.MapTask$MapOutputBuffer
2024-04-24T00:53:40,542  INFO [LocalJobRunner Map Task Executor #0] vector.VectorMapOperator: Initializing Operator: MAP[0]
2024-04-24T00:53:40,543  INFO [LocalJobRunner Map Task Executor #0] mr.ExecMapper: 
<MAP>Id =0
  <Children>null
  <\Children>
  <Parent><\Parent>
<\MAP>
2024-04-24T00:53:40,544  INFO [LocalJobRunner Map Task Executor #0] exec.TableScanOperator: Initializing Operator: TS[0]
2024-04-24T00:53:40,544  INFO [LocalJobRunner Map Task Executor #0] vector.VectorSelectOperator: Initializing Operator: SEL[5]
2024-04-24T00:53:40,544  INFO [LocalJobRunner Map Task Executor #0] vector.VectorReduceSinkOperator: Initializing Operator: RS[6]
2024-04-24T00:53:40,544  INFO [LocalJobRunner Map Task Executor #0] vector.VectorReduceSinkOperator: Using tag = -1
2024-04-24T00:53:40,545  INFO [LocalJobRunner Map Task Executor #0] vector.VectorReduceSinkOperator: keys are [_col2] num distributions: 1
2024-04-24T00:53:40,545  INFO [LocalJobRunner Map Task Executor #0] vector.VectorReduceSinkOperator: RS[6]: records written - 1
2024-04-24T00:53:40,545  INFO [LocalJobRunner Map Task Executor #0] vector.VectorMapOperator: Closing Operator: MAP[0]
2024-04-24T00:53:40,545  INFO [LocalJobRunner Map Task Executor #0] vector.VectorMapOperator: RECORDS_OUT_OPERATOR_MAP_0:0, RECORDS_OUT_INTERMEDIATE:0, RECORDS_IN:1, DESERIALIZE_ERRORS:0, 
2024-04-24T00:53:40,545  INFO [LocalJobRunner Map Task Executor #0] exec.TableScanOperator: Closing Operator: TS[0]
2024-04-24T00:53:40,545  INFO [LocalJobRunner Map Task Executor #0] exec.TableScanOperator: RECORDS_OUT_INTERMEDIATE:0, RECORDS_OUT_OPERATOR_TS_0:1, 
2024-04-24T00:53:40,545  INFO [LocalJobRunner Map Task Executor #0] vector.VectorSelectOperator: Closing Operator: SEL[5]
2024-04-24T00:53:40,545  INFO [LocalJobRunner Map Task Executor #0] vector.VectorSelectOperator: RECORDS_OUT_OPERATOR_SEL_5:1, RECORDS_OUT_INTERMEDIATE:0, 
2024-04-24T00:53:40,545  INFO [LocalJobRunner Map Task Executor #0] vector.VectorReduceSinkOperator: Closing Operator: RS[6]
2024-04-24T00:53:40,545  INFO [LocalJobRunner Map Task Executor #0] vector.VectorReduceSinkOperator: RS[6]: Total records written - 1. abort - false
2024-04-24T00:53:40,546  INFO [LocalJobRunner Map Task Executor #0] vector.VectorReduceSinkOperator: RECORDS_OUT_INTERMEDIATE:1, RECORDS_OUT_OPERATOR_RS_6:1, 
2024-04-24T00:53:40,546  INFO [LocalJobRunner Map Task Executor #0] mapred.LocalJobRunner: 
2024-04-24T00:53:40,546  INFO [LocalJobRunner Map Task Executor #0] mapred.MapTask: Starting flush of map output
2024-04-24T00:53:40,546  INFO [LocalJobRunner Map Task Executor #0] mapred.MapTask: Spilling map output
2024-04-24T00:53:40,546  INFO [LocalJobRunner Map Task Executor #0] mapred.MapTask: bufstart = 0; bufend = 17; bufvoid = 104857600
2024-04-24T00:53:40,546  INFO [LocalJobRunner Map Task Executor #0] mapred.MapTask: kvstart = 26214396(104857584); kvend = 26214396(104857584); length = 1/6553600
2024-04-24T00:53:40,557  INFO [LocalJobRunner Map Task Executor #0] mapred.MapTask: Finished spill 0
2024-04-24T00:53:40,560  INFO [LocalJobRunner Map Task Executor #0] mapred.Task: Task:attempt_local685244723_0012_m_000000_0 is done. And is in the process of committing
2024-04-24T00:53:40,561  INFO [LocalJobRunner Map Task Executor #0] mapred.LocalJobRunner: OrcSplit [file:/home/alex/Repositories/hive/ql/target/tmp/org.apache.hadoop.hive.ql.TestTxnNoBuckets-1713945183193/warehouse/tmp/c3=5/000000_0, start=3, length=110, isOriginal=true, fileLength=242, hasFooter=false, hasBase=true, deltas=0]
2024-04-24T00:53:40,561  INFO [LocalJobRunner Map Task Executor #0] mapred.Task: Task 'attempt_local685244723_0012_m_000000_0' done.
2024-04-24T00:53:40,561  INFO [LocalJobRunner Map Task Executor #0] mapred.Task: Final Counters for attempt_local685244723_0012_m_000000_0: Counters: 24
	File System Counters
		FILE: Number of bytes read=194704
		FILE: Number of bytes written=14433138
		FILE: Number of read operations=0
		FILE: Number of large read operations=0
		FILE: Number of write operations=0
	Map-Reduce Framework
		Map input records=1
		Map output records=1
		Map output bytes=17
		Map output materialized bytes=25
		Input split bytes=466
		Combine input records=0
		Spilled Records=1
		Failed Shuffles=0
		Merged Map outputs=0
		GC time elapsed (ms)=0
		Total committed heap usage (bytes)=1117782016
	HIVE
		DESERIALIZE_ERRORS=0
		RECORDS_IN=1
		RECORDS_OUT_INTERMEDIATE=1
		RECORDS_OUT_OPERATOR_MAP_0=0
		RECORDS_OUT_OPERATOR_RS_6=1
		RECORDS_OUT_OPERATOR_SEL_5=1
		RECORDS_OUT_OPERATOR_TS_0=1
	File Input Format Counters 
		Bytes Read=9312
2024-04-24T00:53:40,561  INFO [LocalJobRunner Map Task Executor #0] mapred.LocalJobRunner: Finishing task: attempt_local685244723_0012_m_000000_0
2024-04-24T00:53:40,561  INFO [LocalJobRunner Map Task Executor #0] mapred.LocalJobRunner: Starting task: attempt_local685244723_0012_m_000001_0
2024-04-24T00:53:40,562  INFO [LocalJobRunner Map Task Executor #0] mapred.Task:  Using ResourceCalculatorProcessTree : [ ]
2024-04-24T00:53:40,562  INFO [LocalJobRunner Map Task Executor #0] mapred.MapTask: Processing split: org.apache.hadoop.hive.ql.io.orc.OrcInputFormat:OrcSplit [file:/home/alex/Repositories/hive/ql/target/tmp/org.apache.hadoop.hive.ql.TestTxnNoBuckets-1713945183193/warehouse/tmp/c3=4/000000_0, start=3, length=110, isOriginal=true, fileLength=242, hasFooter=false, hasBase=true, deltas=0]
2024-04-24T00:53:40,563  INFO [LocalJobRunner Map Task Executor #0] exec.SerializationUtilities: Deserializing MapWork using kryo
2024-04-24T00:53:40,563  INFO [LocalJobRunner Map Task Executor #0] exec.Utilities: Deserialized plan (via FILE) - name: null size: 8,20KB
2024-04-24T00:53:40,565  INFO [LocalJobRunner Map Task Executor #0] orc.ReaderImpl: Reading ORC rows from file:/home/alex/Repositories/hive/ql/target/tmp/org.apache.hadoop.hive.ql.TestTxnNoBuckets-1713945183193/warehouse/tmp/c3=4/000000_0 with {include: [true, true, true], offset: 3, length: 110, schema: struct<c1:int,c2:int>, includeAcidColumns: true}
2024-04-24T00:53:40,566  INFO [LocalJobRunner Map Task Executor #0] mapred.MapTask: numReduceTasks: 1
2024-04-24T00:53:40,576  INFO [LocalJobRunner Map Task Executor #0] mapred.MapTask: (EQUATOR) 0 kvi 26214396(104857584)
2024-04-24T00:53:40,576  INFO [LocalJobRunner Map Task Executor #0] mapred.MapTask: mapreduce.task.io.sort.mb: 100
2024-04-24T00:53:40,576  INFO [LocalJobRunner Map Task Executor #0] mapred.MapTask: soft limit at 83886080
2024-04-24T00:53:40,576  INFO [LocalJobRunner Map Task Executor #0] mapred.MapTask: bufstart = 0; bufvoid = 104857600
2024-04-24T00:53:40,576  INFO [LocalJobRunner Map Task Executor #0] mapred.MapTask: kvstart = 26214396; length = 6553600
2024-04-24T00:53:40,577  INFO [LocalJobRunner Map Task Executor #0] mapred.MapTask: Map output collector class = org.apache.hadoop.mapred.MapTask$MapOutputBuffer
2024-04-24T00:53:40,577  INFO [LocalJobRunner Map Task Executor #0] vector.VectorMapOperator: Initializing Operator: MAP[0]
2024-04-24T00:53:40,577  INFO [LocalJobRunner Map Task Executor #0] mr.ExecMapper: 
<MAP>Id =0
  <Children>null
  <\Children>
  <Parent><\Parent>
<\MAP>
2024-04-24T00:53:40,578  INFO [LocalJobRunner Map Task Executor #0] exec.TableScanOperator: Initializing Operator: TS[0]
2024-04-24T00:53:40,578  INFO [LocalJobRunner Map Task Executor #0] vector.VectorSelectOperator: Initializing Operator: SEL[5]
2024-04-24T00:53:40,578  INFO [LocalJobRunner Map Task Executor #0] vector.VectorReduceSinkOperator: Initializing Operator: RS[6]
2024-04-24T00:53:40,578  INFO [LocalJobRunner Map Task Executor #0] vector.VectorReduceSinkOperator: Using tag = -1
2024-04-24T00:53:40,579  INFO [LocalJobRunner Map Task Executor #0] vector.VectorReduceSinkOperator: keys are [_col2] num distributions: 1
2024-04-24T00:53:40,579  INFO [LocalJobRunner Map Task Executor #0] vector.VectorReduceSinkOperator: RS[6]: records written - 1
2024-04-24T00:53:40,579  INFO [LocalJobRunner Map Task Executor #0] vector.VectorMapOperator: Closing Operator: MAP[0]
2024-04-24T00:53:40,579  INFO [LocalJobRunner Map Task Executor #0] vector.VectorMapOperator: RECORDS_OUT_INTERMEDIATE:0, DESERIALIZE_ERRORS:0, RECORDS_OUT_OPERATOR_MAP_0:0, RECORDS_IN:1, 
2024-04-24T00:53:40,579  INFO [LocalJobRunner Map Task Executor #0] exec.TableScanOperator: Closing Operator: TS[0]
2024-04-24T00:53:40,579  INFO [LocalJobRunner Map Task Executor #0] exec.TableScanOperator: RECORDS_OUT_INTERMEDIATE:0, RECORDS_OUT_OPERATOR_TS_0:1, 
2024-04-24T00:53:40,579  INFO [LocalJobRunner Map Task Executor #0] vector.VectorSelectOperator: Closing Operator: SEL[5]
2024-04-24T00:53:40,579  INFO [LocalJobRunner Map Task Executor #0] vector.VectorSelectOperator: RECORDS_OUT_INTERMEDIATE:0, RECORDS_OUT_OPERATOR_SEL_5:1, 
2024-04-24T00:53:40,579  INFO [LocalJobRunner Map Task Executor #0] vector.VectorReduceSinkOperator: Closing Operator: RS[6]
2024-04-24T00:53:40,579  INFO [LocalJobRunner Map Task Executor #0] vector.VectorReduceSinkOperator: RS[6]: Total records written - 1. abort - false
2024-04-24T00:53:40,579  INFO [LocalJobRunner Map Task Executor #0] vector.VectorReduceSinkOperator: RECORDS_OUT_OPERATOR_RS_6:1, RECORDS_OUT_INTERMEDIATE:1, 
2024-04-24T00:53:40,580  INFO [LocalJobRunner Map Task Executor #0] mapred.LocalJobRunner: 
2024-04-24T00:53:40,580  INFO [LocalJobRunner Map Task Executor #0] mapred.MapTask: Starting flush of map output
2024-04-24T00:53:40,580  INFO [LocalJobRunner Map Task Executor #0] mapred.MapTask: Spilling map output
2024-04-24T00:53:40,580  INFO [LocalJobRunner Map Task Executor #0] mapred.MapTask: bufstart = 0; bufend = 17; bufvoid = 104857600
2024-04-24T00:53:40,580  INFO [LocalJobRunner Map Task Executor #0] mapred.MapTask: kvstart = 26214396(104857584); kvend = 26214396(104857584); length = 1/6553600
2024-04-24T00:53:40,589  INFO [LocalJobRunner Map Task Executor #0] mapred.MapTask: Finished spill 0
2024-04-24T00:53:40,592  INFO [LocalJobRunner Map Task Executor #0] mapred.Task: Task:attempt_local685244723_0012_m_000001_0 is done. And is in the process of committing
2024-04-24T00:53:40,592  INFO [LocalJobRunner Map Task Executor #0] mapred.LocalJobRunner: OrcSplit [file:/home/alex/Repositories/hive/ql/target/tmp/org.apache.hadoop.hive.ql.TestTxnNoBuckets-1713945183193/warehouse/tmp/c3=4/000000_0, start=3, length=110, isOriginal=true, fileLength=242, hasFooter=false, hasBase=true, deltas=0]
2024-04-24T00:53:40,592  INFO [LocalJobRunner Map Task Executor #0] mapred.Task: Task 'attempt_local685244723_0012_m_000001_0' done.
2024-04-24T00:53:40,592  INFO [LocalJobRunner Map Task Executor #0] mapred.Task: Final Counters for attempt_local685244723_0012_m_000001_0: Counters: 24
	File System Counters
		FILE: Number of bytes read=207798
		FILE: Number of bytes written=14433195
		FILE: Number of read operations=0
		FILE: Number of large read operations=0
		FILE: Number of write operations=0
	Map-Reduce Framework
		Map input records=1
		Map output records=1
		Map output bytes=17
		Map output materialized bytes=25
		Input split bytes=466
		Combine input records=0
		Spilled Records=1
		Failed Shuffles=0
		Merged Map outputs=0
		GC time elapsed (ms)=6
		Total committed heap usage (bytes)=1096810496
	HIVE
		DESERIALIZE_ERRORS=0
		RECORDS_IN=1
		RECORDS_OUT_INTERMEDIATE=1
		RECORDS_OUT_OPERATOR_MAP_0=0
		RECORDS_OUT_OPERATOR_RS_6=1
		RECORDS_OUT_OPERATOR_SEL_5=1
		RECORDS_OUT_OPERATOR_TS_0=1
	File Input Format Counters 
		Bytes Read=9312
2024-04-24T00:53:40,593  INFO [LocalJobRunner Map Task Executor #0] mapred.LocalJobRunner: Finishing task: attempt_local685244723_0012_m_000001_0
2024-04-24T00:53:40,593  INFO [LocalJobRunner Map Task Executor #0] mapred.LocalJobRunner: Starting task: attempt_local685244723_0012_m_000002_0
2024-04-24T00:53:40,593  INFO [LocalJobRunner Map Task Executor #0] mapred.Task:  Using ResourceCalculatorProcessTree : [ ]
2024-04-24T00:53:40,594  INFO [LocalJobRunner Map Task Executor #0] mapred.MapTask: Processing split: org.apache.hadoop.hive.ql.io.orc.OrcInputFormat:OrcSplit [file:/home/alex/Repositories/hive/ql/target/tmp/org.apache.hadoop.hive.ql.TestTxnNoBuckets-1713945183193/warehouse/tmp/c3=1/000000_0, start=3, length=110, isOriginal=true, fileLength=242, hasFooter=false, hasBase=true, deltas=0]
2024-04-24T00:53:40,594  INFO [LocalJobRunner Map Task Executor #0] exec.SerializationUtilities: Deserializing MapWork using kryo
2024-04-24T00:53:40,595  INFO [LocalJobRunner Map Task Executor #0] exec.Utilities: Deserialized plan (via FILE) - name: null size: 8,20KB
2024-04-24T00:53:40,596  INFO [LocalJobRunner Map Task Executor #0] orc.ReaderImpl: Reading ORC rows from file:/home/alex/Repositories/hive/ql/target/tmp/org.apache.hadoop.hive.ql.TestTxnNoBuckets-1713945183193/warehouse/tmp/c3=1/000000_0 with {include: [true, true, true], offset: 3, length: 110, schema: struct<c1:int,c2:int>, includeAcidColumns: true}
2024-04-24T00:53:40,597  INFO [LocalJobRunner Map Task Executor #0] mapred.MapTask: numReduceTasks: 1
2024-04-24T00:53:40,602  INFO [LocalJobRunner Map Task Executor #0] mapred.MapTask: (EQUATOR) 0 kvi 26214396(104857584)
2024-04-24T00:53:40,602  INFO [LocalJobRunner Map Task Executor #0] mapred.MapTask: mapreduce.task.io.sort.mb: 100
2024-04-24T00:53:40,602  INFO [LocalJobRunner Map Task Executor #0] mapred.MapTask: soft limit at 83886080
2024-04-24T00:53:40,602  INFO [LocalJobRunner Map Task Executor #0] mapred.MapTask: bufstart = 0; bufvoid = 104857600
2024-04-24T00:53:40,602  INFO [LocalJobRunner Map Task Executor #0] mapred.MapTask: kvstart = 26214396; length = 6553600
2024-04-24T00:53:40,602  INFO [LocalJobRunner Map Task Executor #0] mapred.MapTask: Map output collector class = org.apache.hadoop.mapred.MapTask$MapOutputBuffer
2024-04-24T00:53:40,603  INFO [LocalJobRunner Map Task Executor #0] vector.VectorMapOperator: Initializing Operator: MAP[0]
2024-04-24T00:53:40,603  INFO [LocalJobRunner Map Task Executor #0] mr.ExecMapper: 
<MAP>Id =0
  <Children>null
  <\Children>
  <Parent><\Parent>
<\MAP>
2024-04-24T00:53:40,604  INFO [LocalJobRunner Map Task Executor #0] exec.TableScanOperator: Initializing Operator: TS[0]
2024-04-24T00:53:40,604  INFO [LocalJobRunner Map Task Executor #0] vector.VectorSelectOperator: Initializing Operator: SEL[5]
2024-04-24T00:53:40,604  INFO [LocalJobRunner Map Task Executor #0] vector.VectorReduceSinkOperator: Initializing Operator: RS[6]
2024-04-24T00:53:40,604  INFO [LocalJobRunner Map Task Executor #0] vector.VectorReduceSinkOperator: Using tag = -1
2024-04-24T00:53:40,604  INFO [LocalJobRunner Map Task Executor #0] vector.VectorReduceSinkOperator: keys are [_col2] num distributions: 1
2024-04-24T00:53:40,604  INFO [LocalJobRunner Map Task Executor #0] vector.VectorReduceSinkOperator: RS[6]: records written - 1
2024-04-24T00:53:40,604  INFO [LocalJobRunner Map Task Executor #0] vector.VectorMapOperator: Closing Operator: MAP[0]
2024-04-24T00:53:40,605  INFO [LocalJobRunner Map Task Executor #0] vector.VectorMapOperator: RECORDS_IN:1, RECORDS_OUT_INTERMEDIATE:0, DESERIALIZE_ERRORS:0, RECORDS_OUT_OPERATOR_MAP_0:0, 
2024-04-24T00:53:40,605  INFO [LocalJobRunner Map Task Executor #0] exec.TableScanOperator: Closing Operator: TS[0]
2024-04-24T00:53:40,605  INFO [LocalJobRunner Map Task Executor #0] exec.TableScanOperator: RECORDS_OUT_OPERATOR_TS_0:1, RECORDS_OUT_INTERMEDIATE:0, 
2024-04-24T00:53:40,605  INFO [LocalJobRunner Map Task Executor #0] vector.VectorSelectOperator: Closing Operator: SEL[5]
2024-04-24T00:53:40,605  INFO [LocalJobRunner Map Task Executor #0] vector.VectorSelectOperator: RECORDS_OUT_OPERATOR_SEL_5:1, RECORDS_OUT_INTERMEDIATE:0, 
2024-04-24T00:53:40,605  INFO [LocalJobRunner Map Task Executor #0] vector.VectorReduceSinkOperator: Closing Operator: RS[6]
2024-04-24T00:53:40,605  INFO [LocalJobRunner Map Task Executor #0] vector.VectorReduceSinkOperator: RS[6]: Total records written - 1. abort - false
2024-04-24T00:53:40,605  INFO [LocalJobRunner Map Task Executor #0] vector.VectorReduceSinkOperator: RECORDS_OUT_INTERMEDIATE:1, RECORDS_OUT_OPERATOR_RS_6:1, 
2024-04-24T00:53:40,605  INFO [LocalJobRunner Map Task Executor #0] mapred.LocalJobRunner: 
2024-04-24T00:53:40,605  INFO [LocalJobRunner Map Task Executor #0] mapred.MapTask: Starting flush of map output
2024-04-24T00:53:40,605  INFO [LocalJobRunner Map Task Executor #0] mapred.MapTask: Spilling map output
2024-04-24T00:53:40,605  INFO [LocalJobRunner Map Task Executor #0] mapred.MapTask: bufstart = 0; bufend = 17; bufvoid = 104857600
2024-04-24T00:53:40,605  INFO [LocalJobRunner Map Task Executor #0] mapred.MapTask: kvstart = 26214396(104857584); kvend = 26214396(104857584); length = 1/6553600
2024-04-24T00:53:40,614  INFO [LocalJobRunner Map Task Executor #0] mapred.MapTask: Finished spill 0
2024-04-24T00:53:40,617  INFO [LocalJobRunner Map Task Executor #0] mapred.Task: Task:attempt_local685244723_0012_m_000002_0 is done. And is in the process of committing
2024-04-24T00:53:40,617  INFO [LocalJobRunner Map Task Executor #0] mapred.LocalJobRunner: OrcSplit [file:/home/alex/Repositories/hive/ql/target/tmp/org.apache.hadoop.hive.ql.TestTxnNoBuckets-1713945183193/warehouse/tmp/c3=1/000000_0, start=3, length=110, isOriginal=true, fileLength=242, hasFooter=false, hasBase=true, deltas=0]
2024-04-24T00:53:40,617  INFO [LocalJobRunner Map Task Executor #0] mapred.Task: Task 'attempt_local685244723_0012_m_000002_0' done.
2024-04-24T00:53:40,618  INFO [LocalJobRunner Map Task Executor #0] mapred.Task: Final Counters for attempt_local685244723_0012_m_000002_0: Counters: 24
	File System Counters
		FILE: Number of bytes read=220380
		FILE: Number of bytes written=14433252
		FILE: Number of read operations=0
		FILE: Number of large read operations=0
		FILE: Number of write operations=0
	Map-Reduce Framework
		Map input records=1
		Map output records=1
		Map output bytes=17
		Map output materialized bytes=25
		Input split bytes=466
		Combine input records=0
		Spilled Records=1
		Failed Shuffles=0
		Merged Map outputs=0
		GC time elapsed (ms)=0
		Total committed heap usage (bytes)=1096810496
	HIVE
		DESERIALIZE_ERRORS=0
		RECORDS_IN=1
		RECORDS_OUT_INTERMEDIATE=1
		RECORDS_OUT_OPERATOR_MAP_0=0
		RECORDS_OUT_OPERATOR_RS_6=1
		RECORDS_OUT_OPERATOR_SEL_5=1
		RECORDS_OUT_OPERATOR_TS_0=1
	File Input Format Counters 
		Bytes Read=9312
2024-04-24T00:53:40,618  INFO [LocalJobRunner Map Task Executor #0] mapred.LocalJobRunner: Finishing task: attempt_local685244723_0012_m_000002_0
2024-04-24T00:53:40,618  INFO [LocalJobRunner Map Task Executor #0] mapred.LocalJobRunner: Starting task: attempt_local685244723_0012_m_000003_0
2024-04-24T00:53:40,618  INFO [LocalJobRunner Map Task Executor #0] mapred.Task:  Using ResourceCalculatorProcessTree : [ ]
2024-04-24T00:53:40,619  INFO [LocalJobRunner Map Task Executor #0] mapred.MapTask: Processing split: org.apache.hadoop.hive.ql.io.orc.OrcInputFormat:OrcSplit [file:/home/alex/Repositories/hive/ql/target/tmp/org.apache.hadoop.hive.ql.TestTxnNoBuckets-1713945183193/warehouse/tmp/c3=2/000000_0, start=3, length=110, isOriginal=true, fileLength=242, hasFooter=false, hasBase=true, deltas=0]
2024-04-24T00:53:40,619  INFO [LocalJobRunner Map Task Executor #0] exec.SerializationUtilities: Deserializing MapWork using kryo
2024-04-24T00:53:40,620  INFO [LocalJobRunner Map Task Executor #0] exec.Utilities: Deserialized plan (via FILE) - name: null size: 8,20KB
2024-04-24T00:53:40,621  INFO [LocalJobRunner Map Task Executor #0] orc.ReaderImpl: Reading ORC rows from file:/home/alex/Repositories/hive/ql/target/tmp/org.apache.hadoop.hive.ql.TestTxnNoBuckets-1713945183193/warehouse/tmp/c3=2/000000_0 with {include: [true, true, true], offset: 3, length: 110, schema: struct<c1:int,c2:int>, includeAcidColumns: true}
2024-04-24T00:53:40,622  INFO [LocalJobRunner Map Task Executor #0] mapred.MapTask: numReduceTasks: 1
2024-04-24T00:53:40,626  INFO [LocalJobRunner Map Task Executor #0] mapred.MapTask: (EQUATOR) 0 kvi 26214396(104857584)
2024-04-24T00:53:40,626  INFO [LocalJobRunner Map Task Executor #0] mapred.MapTask: mapreduce.task.io.sort.mb: 100
2024-04-24T00:53:40,627  INFO [LocalJobRunner Map Task Executor #0] mapred.MapTask: soft limit at 83886080
2024-04-24T00:53:40,627  INFO [LocalJobRunner Map Task Executor #0] mapred.MapTask: bufstart = 0; bufvoid = 104857600
2024-04-24T00:53:40,627  INFO [LocalJobRunner Map Task Executor #0] mapred.MapTask: kvstart = 26214396; length = 6553600
2024-04-24T00:53:40,627  INFO [LocalJobRunner Map Task Executor #0] mapred.MapTask: Map output collector class = org.apache.hadoop.mapred.MapTask$MapOutputBuffer
2024-04-24T00:53:40,627  INFO [LocalJobRunner Map Task Executor #0] vector.VectorMapOperator: Initializing Operator: MAP[0]
2024-04-24T00:53:40,628  INFO [LocalJobRunner Map Task Executor #0] mr.ExecMapper: 
<MAP>Id =0
  <Children>null
  <\Children>
  <Parent><\Parent>
<\MAP>
2024-04-24T00:53:40,628  INFO [LocalJobRunner Map Task Executor #0] exec.TableScanOperator: Initializing Operator: TS[0]
2024-04-24T00:53:40,628  INFO [LocalJobRunner Map Task Executor #0] vector.VectorSelectOperator: Initializing Operator: SEL[5]
2024-04-24T00:53:40,628  INFO [LocalJobRunner Map Task Executor #0] vector.VectorReduceSinkOperator: Initializing Operator: RS[6]
2024-04-24T00:53:40,628  INFO [LocalJobRunner Map Task Executor #0] vector.VectorReduceSinkOperator: Using tag = -1
2024-04-24T00:53:40,629  INFO [LocalJobRunner Map Task Executor #0] vector.VectorReduceSinkOperator: keys are [_col2] num distributions: 1
2024-04-24T00:53:40,629  INFO [LocalJobRunner Map Task Executor #0] vector.VectorReduceSinkOperator: RS[6]: records written - 1
2024-04-24T00:53:40,629  INFO [LocalJobRunner Map Task Executor #0] vector.VectorMapOperator: Closing Operator: MAP[0]
2024-04-24T00:53:40,629  INFO [LocalJobRunner Map Task Executor #0] vector.VectorMapOperator: DESERIALIZE_ERRORS:0, RECORDS_IN:1, RECORDS_OUT_INTERMEDIATE:0, RECORDS_OUT_OPERATOR_MAP_0:0, 
2024-04-24T00:53:40,629  INFO [LocalJobRunner Map Task Executor #0] exec.TableScanOperator: Closing Operator: TS[0]
2024-04-24T00:53:40,629  INFO [LocalJobRunner Map Task Executor #0] exec.TableScanOperator: RECORDS_OUT_OPERATOR_TS_0:1, RECORDS_OUT_INTERMEDIATE:0, 
2024-04-24T00:53:40,629  INFO [LocalJobRunner Map Task Executor #0] vector.VectorSelectOperator: Closing Operator: SEL[5]
2024-04-24T00:53:40,629  INFO [LocalJobRunner Map Task Executor #0] vector.VectorSelectOperator: RECORDS_OUT_OPERATOR_SEL_5:1, RECORDS_OUT_INTERMEDIATE:0, 
2024-04-24T00:53:40,629  INFO [LocalJobRunner Map Task Executor #0] vector.VectorReduceSinkOperator: Closing Operator: RS[6]
2024-04-24T00:53:40,629  INFO [LocalJobRunner Map Task Executor #0] vector.VectorReduceSinkOperator: RS[6]: Total records written - 1. abort - false
2024-04-24T00:53:40,629  INFO [LocalJobRunner Map Task Executor #0] vector.VectorReduceSinkOperator: RECORDS_OUT_OPERATOR_RS_6:1, RECORDS_OUT_INTERMEDIATE:1, 
2024-04-24T00:53:40,630  INFO [LocalJobRunner Map Task Executor #0] mapred.LocalJobRunner: 
2024-04-24T00:53:40,630  INFO [LocalJobRunner Map Task Executor #0] mapred.MapTask: Starting flush of map output
2024-04-24T00:53:40,630  INFO [LocalJobRunner Map Task Executor #0] mapred.MapTask: Spilling map output
2024-04-24T00:53:40,630  INFO [LocalJobRunner Map Task Executor #0] mapred.MapTask: bufstart = 0; bufend = 17; bufvoid = 104857600
2024-04-24T00:53:40,630  INFO [LocalJobRunner Map Task Executor #0] mapred.MapTask: kvstart = 26214396(104857584); kvend = 26214396(104857584); length = 1/6553600
2024-04-24T00:53:40,638  INFO [LocalJobRunner Map Task Executor #0] mapred.MapTask: Finished spill 0
2024-04-24T00:53:40,641  INFO [LocalJobRunner Map Task Executor #0] mapred.Task: Task:attempt_local685244723_0012_m_000003_0 is done. And is in the process of committing
2024-04-24T00:53:40,642  INFO [LocalJobRunner Map Task Executor #0] mapred.LocalJobRunner: OrcSplit [file:/home/alex/Repositories/hive/ql/target/tmp/org.apache.hadoop.hive.ql.TestTxnNoBuckets-1713945183193/warehouse/tmp/c3=2/000000_0, start=3, length=110, isOriginal=true, fileLength=242, hasFooter=false, hasBase=true, deltas=0]
2024-04-24T00:53:40,642  INFO [LocalJobRunner Map Task Executor #0] mapred.Task: Task 'attempt_local685244723_0012_m_000003_0' done.
2024-04-24T00:53:40,642  INFO [LocalJobRunner Map Task Executor #0] mapred.Task: Final Counters for attempt_local685244723_0012_m_000003_0: Counters: 24
	File System Counters
		FILE: Number of bytes read=232450
		FILE: Number of bytes written=14433309
		FILE: Number of read operations=0
		FILE: Number of large read operations=0
		FILE: Number of write operations=0
	Map-Reduce Framework
		Map input records=1
		Map output records=1
		Map output bytes=17
		Map output materialized bytes=25
		Input split bytes=466
		Combine input records=0
		Spilled Records=1
		Failed Shuffles=0
		Merged Map outputs=0
		GC time elapsed (ms)=0
		Total committed heap usage (bytes)=1096810496
	HIVE
		DESERIALIZE_ERRORS=0
		RECORDS_IN=1
		RECORDS_OUT_INTERMEDIATE=1
		RECORDS_OUT_OPERATOR_MAP_0=0
		RECORDS_OUT_OPERATOR_RS_6=1
		RECORDS_OUT_OPERATOR_SEL_5=1
		RECORDS_OUT_OPERATOR_TS_0=1
	File Input Format Counters 
		Bytes Read=9312
2024-04-24T00:53:40,642  INFO [LocalJobRunner Map Task Executor #0] mapred.LocalJobRunner: Finishing task: attempt_local685244723_0012_m_000003_0
2024-04-24T00:53:40,642  INFO [LocalJobRunner Map Task Executor #0] mapred.LocalJobRunner: Starting task: attempt_local685244723_0012_m_000004_0
2024-04-24T00:53:40,642  INFO [LocalJobRunner Map Task Executor #0] mapred.Task:  Using ResourceCalculatorProcessTree : [ ]
2024-04-24T00:53:40,643  INFO [LocalJobRunner Map Task Executor #0] mapred.MapTask: Processing split: org.apache.hadoop.hive.ql.io.orc.OrcInputFormat:OrcSplit [file:/home/alex/Repositories/hive/ql/target/tmp/org.apache.hadoop.hive.ql.TestTxnNoBuckets-1713945183193/warehouse/tmp/c3=6/000000_0, start=3, length=110, isOriginal=true, fileLength=242, hasFooter=false, hasBase=true, deltas=0]
2024-04-24T00:53:40,643  INFO [LocalJobRunner Map Task Executor #0] exec.SerializationUtilities: Deserializing MapWork using kryo
2024-04-24T00:53:40,644  INFO [LocalJobRunner Map Task Executor #0] exec.Utilities: Deserialized plan (via FILE) - name: null size: 8,20KB
2024-04-24T00:53:40,645  INFO [LocalJobRunner Map Task Executor #0] orc.ReaderImpl: Reading ORC rows from file:/home/alex/Repositories/hive/ql/target/tmp/org.apache.hadoop.hive.ql.TestTxnNoBuckets-1713945183193/warehouse/tmp/c3=6/000000_0 with {include: [true, true, true], offset: 3, length: 110, schema: struct<c1:int,c2:int>, includeAcidColumns: true}
2024-04-24T00:53:40,646  INFO [LocalJobRunner Map Task Executor #0] mapred.MapTask: numReduceTasks: 1
2024-04-24T00:53:40,652  INFO [LocalJobRunner Map Task Executor #0] mapred.MapTask: (EQUATOR) 0 kvi 26214396(104857584)
2024-04-24T00:53:40,652  INFO [LocalJobRunner Map Task Executor #0] mapred.MapTask: mapreduce.task.io.sort.mb: 100
2024-04-24T00:53:40,652  INFO [LocalJobRunner Map Task Executor #0] mapred.MapTask: soft limit at 83886080
2024-04-24T00:53:40,652  INFO [LocalJobRunner Map Task Executor #0] mapred.MapTask: bufstart = 0; bufvoid = 104857600
2024-04-24T00:53:40,652  INFO [LocalJobRunner Map Task Executor #0] mapred.MapTask: kvstart = 26214396; length = 6553600
2024-04-24T00:53:40,652  INFO [LocalJobRunner Map Task Executor #0] mapred.MapTask: Map output collector class = org.apache.hadoop.mapred.MapTask$MapOutputBuffer
2024-04-24T00:53:40,652  INFO [LocalJobRunner Map Task Executor #0] vector.VectorMapOperator: Initializing Operator: MAP[0]
2024-04-24T00:53:40,653  INFO [LocalJobRunner Map Task Executor #0] mr.ExecMapper: 
<MAP>Id =0
  <Children>null
  <\Children>
  <Parent><\Parent>
<\MAP>
2024-04-24T00:53:40,653  INFO [LocalJobRunner Map Task Executor #0] exec.TableScanOperator: Initializing Operator: TS[0]
2024-04-24T00:53:40,653  INFO [LocalJobRunner Map Task Executor #0] vector.VectorSelectOperator: Initializing Operator: SEL[5]
2024-04-24T00:53:40,653  INFO [LocalJobRunner Map Task Executor #0] vector.VectorReduceSinkOperator: Initializing Operator: RS[6]
2024-04-24T00:53:40,653  INFO [LocalJobRunner Map Task Executor #0] vector.VectorReduceSinkOperator: Using tag = -1
2024-04-24T00:53:40,654  INFO [LocalJobRunner Map Task Executor #0] vector.VectorReduceSinkOperator: keys are [_col2] num distributions: 1
2024-04-24T00:53:40,654  INFO [LocalJobRunner Map Task Executor #0] vector.VectorReduceSinkOperator: RS[6]: records written - 1
2024-04-24T00:53:40,654  INFO [LocalJobRunner Map Task Executor #0] vector.VectorMapOperator: Closing Operator: MAP[0]
2024-04-24T00:53:40,654  INFO [LocalJobRunner Map Task Executor #0] vector.VectorMapOperator: RECORDS_OUT_OPERATOR_MAP_0:0, DESERIALIZE_ERRORS:0, RECORDS_IN:1, RECORDS_OUT_INTERMEDIATE:0, 
2024-04-24T00:53:40,654  INFO [LocalJobRunner Map Task Executor #0] exec.TableScanOperator: Closing Operator: TS[0]
2024-04-24T00:53:40,654  INFO [LocalJobRunner Map Task Executor #0] exec.TableScanOperator: RECORDS_OUT_INTERMEDIATE:0, RECORDS_OUT_OPERATOR_TS_0:1, 
2024-04-24T00:53:40,654  INFO [LocalJobRunner Map Task Executor #0] vector.VectorSelectOperator: Closing Operator: SEL[5]
2024-04-24T00:53:40,654  INFO [LocalJobRunner Map Task Executor #0] vector.VectorSelectOperator: RECORDS_OUT_OPERATOR_SEL_5:1, RECORDS_OUT_INTERMEDIATE:0, 
2024-04-24T00:53:40,654  INFO [LocalJobRunner Map Task Executor #0] vector.VectorReduceSinkOperator: Closing Operator: RS[6]
2024-04-24T00:53:40,654  INFO [LocalJobRunner Map Task Executor #0] vector.VectorReduceSinkOperator: RS[6]: Total records written - 1. abort - false
2024-04-24T00:53:40,655  INFO [LocalJobRunner Map Task Executor #0] vector.VectorReduceSinkOperator: RECORDS_OUT_OPERATOR_RS_6:1, RECORDS_OUT_INTERMEDIATE:1, 
2024-04-24T00:53:40,655  INFO [LocalJobRunner Map Task Executor #0] mapred.LocalJobRunner: 
2024-04-24T00:53:40,655  INFO [LocalJobRunner Map Task Executor #0] mapred.MapTask: Starting flush of map output
2024-04-24T00:53:40,655  INFO [LocalJobRunner Map Task Executor #0] mapred.MapTask: Spilling map output
2024-04-24T00:53:40,655  INFO [LocalJobRunner Map Task Executor #0] mapred.MapTask: bufstart = 0; bufend = 17; bufvoid = 104857600
2024-04-24T00:53:40,655  INFO [LocalJobRunner Map Task Executor #0] mapred.MapTask: kvstart = 26214396(104857584); kvend = 26214396(104857584); length = 1/6553600
2024-04-24T00:53:40,663  INFO [LocalJobRunner Map Task Executor #0] mapred.MapTask: Finished spill 0
2024-04-24T00:53:40,666  INFO [LocalJobRunner Map Task Executor #0] mapred.Task: Task:attempt_local685244723_0012_m_000004_0 is done. And is in the process of committing
2024-04-24T00:53:40,667  INFO [LocalJobRunner Map Task Executor #0] mapred.LocalJobRunner: OrcSplit [file:/home/alex/Repositories/hive/ql/target/tmp/org.apache.hadoop.hive.ql.TestTxnNoBuckets-1713945183193/warehouse/tmp/c3=6/000000_0, start=3, length=110, isOriginal=true, fileLength=242, hasFooter=false, hasBase=true, deltas=0]
2024-04-24T00:53:40,667  INFO [LocalJobRunner Map Task Executor #0] mapred.Task: Task 'attempt_local685244723_0012_m_000004_0' done.
2024-04-24T00:53:40,667  INFO [LocalJobRunner Map Task Executor #0] mapred.Task: Final Counters for attempt_local685244723_0012_m_000004_0: Counters: 24
	File System Counters
		FILE: Number of bytes read=244008
		FILE: Number of bytes written=14433366
		FILE: Number of read operations=0
		FILE: Number of large read operations=0
		FILE: Number of write operations=0
	Map-Reduce Framework
		Map input records=1
		Map output records=1
		Map output bytes=17
		Map output materialized bytes=25
		Input split bytes=466
		Combine input records=0
		Spilled Records=1
		Failed Shuffles=0
		Merged Map outputs=0
		GC time elapsed (ms)=0
		Total committed heap usage (bytes)=1096810496
	HIVE
		DESERIALIZE_ERRORS=0
		RECORDS_IN=1
		RECORDS_OUT_INTERMEDIATE=1
		RECORDS_OUT_OPERATOR_MAP_0=0
		RECORDS_OUT_OPERATOR_RS_6=1
		RECORDS_OUT_OPERATOR_SEL_5=1
		RECORDS_OUT_OPERATOR_TS_0=1
	File Input Format Counters 
		Bytes Read=9312
2024-04-24T00:53:40,667  INFO [LocalJobRunner Map Task Executor #0] mapred.LocalJobRunner: Finishing task: attempt_local685244723_0012_m_000004_0
2024-04-24T00:53:40,667  INFO [LocalJobRunner Map Task Executor #0] mapred.LocalJobRunner: Starting task: attempt_local685244723_0012_m_000005_0
2024-04-24T00:53:40,668  INFO [LocalJobRunner Map Task Executor #0] mapred.Task:  Using ResourceCalculatorProcessTree : [ ]
2024-04-24T00:53:40,668  INFO [LocalJobRunner Map Task Executor #0] mapred.MapTask: Processing split: org.apache.hadoop.hive.ql.io.orc.OrcInputFormat:OrcSplit [file:/home/alex/Repositories/hive/ql/target/tmp/org.apache.hadoop.hive.ql.TestTxnNoBuckets-1713945183193/warehouse/tmp/c3=0/000000_0, start=3, length=110, isOriginal=true, fileLength=242, hasFooter=false, hasBase=true, deltas=0]
2024-04-24T00:53:40,668  INFO [LocalJobRunner Map Task Executor #0] exec.SerializationUtilities: Deserializing MapWork using kryo
2024-04-24T00:53:40,669  INFO [LocalJobRunner Map Task Executor #0] exec.Utilities: Deserialized plan (via FILE) - name: null size: 8,20KB
2024-04-24T00:53:40,671  INFO [LocalJobRunner Map Task Executor #0] orc.ReaderImpl: Reading ORC rows from file:/home/alex/Repositories/hive/ql/target/tmp/org.apache.hadoop.hive.ql.TestTxnNoBuckets-1713945183193/warehouse/tmp/c3=0/000000_0 with {include: [true, true, true], offset: 3, length: 110, schema: struct<c1:int,c2:int>, includeAcidColumns: true}
2024-04-24T00:53:40,672  INFO [LocalJobRunner Map Task Executor #0] mapred.MapTask: numReduceTasks: 1
2024-04-24T00:53:40,676  INFO [LocalJobRunner Map Task Executor #0] mapred.MapTask: (EQUATOR) 0 kvi 26214396(104857584)
2024-04-24T00:53:40,676  INFO [LocalJobRunner Map Task Executor #0] mapred.MapTask: mapreduce.task.io.sort.mb: 100
2024-04-24T00:53:40,676  INFO [LocalJobRunner Map Task Executor #0] mapred.MapTask: soft limit at 83886080
2024-04-24T00:53:40,676  INFO [LocalJobRunner Map Task Executor #0] mapred.MapTask: bufstart = 0; bufvoid = 104857600
2024-04-24T00:53:40,676  INFO [LocalJobRunner Map Task Executor #0] mapred.MapTask: kvstart = 26214396; length = 6553600
2024-04-24T00:53:40,677  INFO [LocalJobRunner Map Task Executor #0] mapred.MapTask: Map output collector class = org.apache.hadoop.mapred.MapTask$MapOutputBuffer
2024-04-24T00:53:40,677  INFO [LocalJobRunner Map Task Executor #0] vector.VectorMapOperator: Initializing Operator: MAP[0]
2024-04-24T00:53:40,677  INFO [LocalJobRunner Map Task Executor #0] mr.ExecMapper: 
<MAP>Id =0
  <Children>null
  <\Children>
  <Parent><\Parent>
<\MAP>
2024-04-24T00:53:40,678  INFO [LocalJobRunner Map Task Executor #0] exec.TableScanOperator: Initializing Operator: TS[0]
2024-04-24T00:53:40,678  INFO [LocalJobRunner Map Task Executor #0] vector.VectorSelectOperator: Initializing Operator: SEL[5]
2024-04-24T00:53:40,678  INFO [LocalJobRunner Map Task Executor #0] vector.VectorReduceSinkOperator: Initializing Operator: RS[6]
2024-04-24T00:53:40,678  INFO [LocalJobRunner Map Task Executor #0] vector.VectorReduceSinkOperator: Using tag = -1
2024-04-24T00:53:40,679  INFO [LocalJobRunner Map Task Executor #0] vector.VectorReduceSinkOperator: keys are [_col2] num distributions: 1
2024-04-24T00:53:40,679  INFO [LocalJobRunner Map Task Executor #0] vector.VectorReduceSinkOperator: RS[6]: records written - 1
2024-04-24T00:53:40,679  INFO [LocalJobRunner Map Task Executor #0] vector.VectorMapOperator: Closing Operator: MAP[0]
2024-04-24T00:53:40,679  INFO [LocalJobRunner Map Task Executor #0] vector.VectorMapOperator: RECORDS_OUT_INTERMEDIATE:0, RECORDS_OUT_OPERATOR_MAP_0:0, RECORDS_IN:1, DESERIALIZE_ERRORS:0, 
2024-04-24T00:53:40,679  INFO [LocalJobRunner Map Task Executor #0] exec.TableScanOperator: Closing Operator: TS[0]
2024-04-24T00:53:40,679  INFO [LocalJobRunner Map Task Executor #0] exec.TableScanOperator: RECORDS_OUT_INTERMEDIATE:0, RECORDS_OUT_OPERATOR_TS_0:1, 
2024-04-24T00:53:40,679  INFO [LocalJobRunner Map Task Executor #0] vector.VectorSelectOperator: Closing Operator: SEL[5]
2024-04-24T00:53:40,679  INFO [LocalJobRunner Map Task Executor #0] vector.VectorSelectOperator: RECORDS_OUT_INTERMEDIATE:0, RECORDS_OUT_OPERATOR_SEL_5:1, 
2024-04-24T00:53:40,679  INFO [LocalJobRunner Map Task Executor #0] vector.VectorReduceSinkOperator: Closing Operator: RS[6]
2024-04-24T00:53:40,679  INFO [LocalJobRunner Map Task Executor #0] vector.VectorReduceSinkOperator: RS[6]: Total records written - 1. abort - false
2024-04-24T00:53:40,679  INFO [LocalJobRunner Map Task Executor #0] vector.VectorReduceSinkOperator: RECORDS_OUT_INTERMEDIATE:1, RECORDS_OUT_OPERATOR_RS_6:1, 
2024-04-24T00:53:40,680  INFO [LocalJobRunner Map Task Executor #0] mapred.LocalJobRunner: 
2024-04-24T00:53:40,680  INFO [LocalJobRunner Map Task Executor #0] mapred.MapTask: Starting flush of map output
2024-04-24T00:53:40,680  INFO [LocalJobRunner Map Task Executor #0] mapred.MapTask: Spilling map output
2024-04-24T00:53:40,680  INFO [LocalJobRunner Map Task Executor #0] mapred.MapTask: bufstart = 0; bufend = 17; bufvoid = 104857600
2024-04-24T00:53:40,680  INFO [LocalJobRunner Map Task Executor #0] mapred.MapTask: kvstart = 26214396(104857584); kvend = 26214396(104857584); length = 1/6553600
2024-04-24T00:53:40,688  INFO [LocalJobRunner Map Task Executor #0] mapred.MapTask: Finished spill 0
2024-04-24T00:53:40,691  INFO [LocalJobRunner Map Task Executor #0] mapred.Task: Task:attempt_local685244723_0012_m_000005_0 is done. And is in the process of committing
2024-04-24T00:53:40,692  INFO [LocalJobRunner Map Task Executor #0] mapred.LocalJobRunner: OrcSplit [file:/home/alex/Repositories/hive/ql/target/tmp/org.apache.hadoop.hive.ql.TestTxnNoBuckets-1713945183193/warehouse/tmp/c3=0/000000_0, start=3, length=110, isOriginal=true, fileLength=242, hasFooter=false, hasBase=true, deltas=0]
2024-04-24T00:53:40,692  INFO [LocalJobRunner Map Task Executor #0] mapred.Task: Task 'attempt_local685244723_0012_m_000005_0' done.
2024-04-24T00:53:40,692  INFO [LocalJobRunner Map Task Executor #0] mapred.Task: Final Counters for attempt_local685244723_0012_m_000005_0: Counters: 24
	File System Counters
		FILE: Number of bytes read=255054
		FILE: Number of bytes written=14433423
		FILE: Number of read operations=0
		FILE: Number of large read operations=0
		FILE: Number of write operations=0
	Map-Reduce Framework
		Map input records=1
		Map output records=1
		Map output bytes=17
		Map output materialized bytes=25
		Input split bytes=466
		Combine input records=0
		Spilled Records=1
		Failed Shuffles=0
		Merged Map outputs=0
		GC time elapsed (ms)=0
		Total committed heap usage (bytes)=1096810496
	HIVE
		DESERIALIZE_ERRORS=0
		RECORDS_IN=1
		RECORDS_OUT_INTERMEDIATE=1
		RECORDS_OUT_OPERATOR_MAP_0=0
		RECORDS_OUT_OPERATOR_RS_6=1
		RECORDS_OUT_OPERATOR_SEL_5=1
		RECORDS_OUT_OPERATOR_TS_0=1
	File Input Format Counters 
		Bytes Read=9312
2024-04-24T00:53:40,692  INFO [LocalJobRunner Map Task Executor #0] mapred.LocalJobRunner: Finishing task: attempt_local685244723_0012_m_000005_0
2024-04-24T00:53:40,692  INFO [LocalJobRunner Map Task Executor #0] mapred.LocalJobRunner: Starting task: attempt_local685244723_0012_m_000006_0
2024-04-24T00:53:40,692  INFO [LocalJobRunner Map Task Executor #0] mapred.Task:  Using ResourceCalculatorProcessTree : [ ]
2024-04-24T00:53:40,693  INFO [LocalJobRunner Map Task Executor #0] mapred.MapTask: Processing split: org.apache.hadoop.hive.ql.io.orc.OrcInputFormat:OrcSplit [file:/home/alex/Repositories/hive/ql/target/tmp/org.apache.hadoop.hive.ql.TestTxnNoBuckets-1713945183193/warehouse/tmp/c3=3/000000_0, start=3, length=110, isOriginal=true, fileLength=242, hasFooter=false, hasBase=true, deltas=0]
2024-04-24T00:53:40,693  INFO [LocalJobRunner Map Task Executor #0] exec.SerializationUtilities: Deserializing MapWork using kryo
2024-04-24T00:53:40,694  INFO [LocalJobRunner Map Task Executor #0] exec.Utilities: Deserialized plan (via FILE) - name: null size: 8,20KB
2024-04-24T00:53:40,695  INFO [LocalJobRunner Map Task Executor #0] orc.ReaderImpl: Reading ORC rows from file:/home/alex/Repositories/hive/ql/target/tmp/org.apache.hadoop.hive.ql.TestTxnNoBuckets-1713945183193/warehouse/tmp/c3=3/000000_0 with {include: [true, true, true], offset: 3, length: 110, schema: struct<c1:int,c2:int>, includeAcidColumns: true}
2024-04-24T00:53:40,696  INFO [LocalJobRunner Map Task Executor #0] mapred.MapTask: numReduceTasks: 1
2024-04-24T00:53:40,706  INFO [LocalJobRunner Map Task Executor #0] mapred.MapTask: (EQUATOR) 0 kvi 26214396(104857584)
2024-04-24T00:53:40,706  INFO [LocalJobRunner Map Task Executor #0] mapred.MapTask: mapreduce.task.io.sort.mb: 100
2024-04-24T00:53:40,706  INFO [LocalJobRunner Map Task Executor #0] mapred.MapTask: soft limit at 83886080
2024-04-24T00:53:40,706  INFO [LocalJobRunner Map Task Executor #0] mapred.MapTask: bufstart = 0; bufvoid = 104857600
2024-04-24T00:53:40,706  INFO [LocalJobRunner Map Task Executor #0] mapred.MapTask: kvstart = 26214396; length = 6553600
2024-04-24T00:53:40,707  INFO [LocalJobRunner Map Task Executor #0] mapred.MapTask: Map output collector class = org.apache.hadoop.mapred.MapTask$MapOutputBuffer
2024-04-24T00:53:40,707  INFO [LocalJobRunner Map Task Executor #0] vector.VectorMapOperator: Initializing Operator: MAP[0]
2024-04-24T00:53:40,707  INFO [LocalJobRunner Map Task Executor #0] mr.ExecMapper: 
<MAP>Id =0
  <Children>null
  <\Children>
  <Parent><\Parent>
<\MAP>
2024-04-24T00:53:40,708  INFO [LocalJobRunner Map Task Executor #0] exec.TableScanOperator: Initializing Operator: TS[0]
2024-04-24T00:53:40,708  INFO [LocalJobRunner Map Task Executor #0] vector.VectorSelectOperator: Initializing Operator: SEL[5]
2024-04-24T00:53:40,708  INFO [LocalJobRunner Map Task Executor #0] vector.VectorReduceSinkOperator: Initializing Operator: RS[6]
2024-04-24T00:53:40,708  INFO [LocalJobRunner Map Task Executor #0] vector.VectorReduceSinkOperator: Using tag = -1
2024-04-24T00:53:40,708  INFO [LocalJobRunner Map Task Executor #0] vector.VectorReduceSinkOperator: keys are [_col2] num distributions: 1
2024-04-24T00:53:40,708  INFO [LocalJobRunner Map Task Executor #0] vector.VectorReduceSinkOperator: RS[6]: records written - 1
2024-04-24T00:53:40,709  INFO [LocalJobRunner Map Task Executor #0] vector.VectorMapOperator: Closing Operator: MAP[0]
2024-04-24T00:53:40,709  INFO [LocalJobRunner Map Task Executor #0] vector.VectorMapOperator: RECORDS_OUT_OPERATOR_MAP_0:0, DESERIALIZE_ERRORS:0, RECORDS_IN:1, RECORDS_OUT_INTERMEDIATE:0, 
2024-04-24T00:53:40,709  INFO [LocalJobRunner Map Task Executor #0] exec.TableScanOperator: Closing Operator: TS[0]
2024-04-24T00:53:40,709  INFO [LocalJobRunner Map Task Executor #0] exec.TableScanOperator: RECORDS_OUT_OPERATOR_TS_0:1, RECORDS_OUT_INTERMEDIATE:0, 
2024-04-24T00:53:40,709  INFO [LocalJobRunner Map Task Executor #0] vector.VectorSelectOperator: Closing Operator: SEL[5]
2024-04-24T00:53:40,709  INFO [LocalJobRunner Map Task Executor #0] vector.VectorSelectOperator: RECORDS_OUT_OPERATOR_SEL_5:1, RECORDS_OUT_INTERMEDIATE:0, 
2024-04-24T00:53:40,709  INFO [LocalJobRunner Map Task Executor #0] vector.VectorReduceSinkOperator: Closing Operator: RS[6]
2024-04-24T00:53:40,709  INFO [LocalJobRunner Map Task Executor #0] vector.VectorReduceSinkOperator: RS[6]: Total records written - 1. abort - false
2024-04-24T00:53:40,709  INFO [LocalJobRunner Map Task Executor #0] vector.VectorReduceSinkOperator: RECORDS_OUT_OPERATOR_RS_6:1, RECORDS_OUT_INTERMEDIATE:1, 
2024-04-24T00:53:40,710  INFO [LocalJobRunner Map Task Executor #0] mapred.LocalJobRunner: 
2024-04-24T00:53:40,710  INFO [LocalJobRunner Map Task Executor #0] mapred.MapTask: Starting flush of map output
2024-04-24T00:53:40,710  INFO [LocalJobRunner Map Task Executor #0] mapred.MapTask: Spilling map output
2024-04-24T00:53:40,710  INFO [LocalJobRunner Map Task Executor #0] mapred.MapTask: bufstart = 0; bufend = 17; bufvoid = 104857600
2024-04-24T00:53:40,710  INFO [LocalJobRunner Map Task Executor #0] mapred.MapTask: kvstart = 26214396(104857584); kvend = 26214396(104857584); length = 1/6553600
2024-04-24T00:53:40,718  INFO [LocalJobRunner Map Task Executor #0] mapred.MapTask: Finished spill 0
2024-04-24T00:53:40,721  INFO [LocalJobRunner Map Task Executor #0] mapred.Task: Task:attempt_local685244723_0012_m_000006_0 is done. And is in the process of committing
2024-04-24T00:53:40,722  INFO [LocalJobRunner Map Task Executor #0] mapred.LocalJobRunner: OrcSplit [file:/home/alex/Repositories/hive/ql/target/tmp/org.apache.hadoop.hive.ql.TestTxnNoBuckets-1713945183193/warehouse/tmp/c3=3/000000_0, start=3, length=110, isOriginal=true, fileLength=242, hasFooter=false, hasBase=true, deltas=0]
2024-04-24T00:53:40,722  INFO [LocalJobRunner Map Task Executor #0] mapred.Task: Task 'attempt_local685244723_0012_m_000006_0' done.
2024-04-24T00:53:40,722  INFO [LocalJobRunner Map Task Executor #0] mapred.Task: Final Counters for attempt_local685244723_0012_m_000006_0: Counters: 24
	File System Counters
		FILE: Number of bytes read=265588
		FILE: Number of bytes written=14433480
		FILE: Number of read operations=0
		FILE: Number of large read operations=0
		FILE: Number of write operations=0
	Map-Reduce Framework
		Map input records=1
		Map output records=1
		Map output bytes=17
		Map output materialized bytes=25
		Input split bytes=466
		Combine input records=0
		Spilled Records=1
		Failed Shuffles=0
		Merged Map outputs=0
		GC time elapsed (ms)=5
		Total committed heap usage (bytes)=1118306304
	HIVE
		DESERIALIZE_ERRORS=0
		RECORDS_IN=1
		RECORDS_OUT_INTERMEDIATE=1
		RECORDS_OUT_OPERATOR_MAP_0=0
		RECORDS_OUT_OPERATOR_RS_6=1
		RECORDS_OUT_OPERATOR_SEL_5=1
		RECORDS_OUT_OPERATOR_TS_0=1
	File Input Format Counters 
		Bytes Read=9312
2024-04-24T00:53:40,722  INFO [LocalJobRunner Map Task Executor #0] mapred.LocalJobRunner: Finishing task: attempt_local685244723_0012_m_000006_0
2024-04-24T00:53:40,722  INFO [LocalJobRunner Map Task Executor #0] mapred.LocalJobRunner: Starting task: attempt_local685244723_0012_m_000007_0
2024-04-24T00:53:40,723  INFO [LocalJobRunner Map Task Executor #0] mapred.Task:  Using ResourceCalculatorProcessTree : [ ]
2024-04-24T00:53:40,723  INFO [LocalJobRunner Map Task Executor #0] mapred.MapTask: Processing split: org.apache.hadoop.hive.ql.io.orc.OrcInputFormat:OrcSplit [file:/home/alex/Repositories/hive/ql/target/tmp/org.apache.hadoop.hive.ql.TestTxnNoBuckets-1713945183193/warehouse/tmp/c3=3/000000_0_copy_1, start=3, length=110, isOriginal=true, fileLength=242, hasFooter=false, hasBase=true, deltas=0]
2024-04-24T00:53:40,724  INFO [LocalJobRunner Map Task Executor #0] exec.SerializationUtilities: Deserializing MapWork using kryo
2024-04-24T00:53:40,725  INFO [LocalJobRunner Map Task Executor #0] exec.Utilities: Deserialized plan (via FILE) - name: null size: 8,20KB
2024-04-24T00:53:40,727  INFO [LocalJobRunner Map Task Executor #0] orc.ReaderImpl: Reading ORC rows from file:/home/alex/Repositories/hive/ql/target/tmp/org.apache.hadoop.hive.ql.TestTxnNoBuckets-1713945183193/warehouse/tmp/c3=3/000000_0_copy_1 with {include: [true, true, true], offset: 3, length: 110, schema: struct<c1:int,c2:int>, includeAcidColumns: true}
2024-04-24T00:53:40,728  INFO [LocalJobRunner Map Task Executor #0] mapred.MapTask: numReduceTasks: 1
2024-04-24T00:53:40,733  INFO [LocalJobRunner Map Task Executor #0] mapred.MapTask: (EQUATOR) 0 kvi 26214396(104857584)
2024-04-24T00:53:40,733  INFO [LocalJobRunner Map Task Executor #0] mapred.MapTask: mapreduce.task.io.sort.mb: 100
2024-04-24T00:53:40,733  INFO [LocalJobRunner Map Task Executor #0] mapred.MapTask: soft limit at 83886080
2024-04-24T00:53:40,733  INFO [LocalJobRunner Map Task Executor #0] mapred.MapTask: bufstart = 0; bufvoid = 104857600
2024-04-24T00:53:40,733  INFO [LocalJobRunner Map Task Executor #0] mapred.MapTask: kvstart = 26214396; length = 6553600
2024-04-24T00:53:40,734  INFO [LocalJobRunner Map Task Executor #0] mapred.MapTask: Map output collector class = org.apache.hadoop.mapred.MapTask$MapOutputBuffer
2024-04-24T00:53:40,734  INFO [LocalJobRunner Map Task Executor #0] vector.VectorMapOperator: Initializing Operator: MAP[0]
2024-04-24T00:53:40,735  INFO [LocalJobRunner Map Task Executor #0] mr.ExecMapper: 
<MAP>Id =0
  <Children>null
  <\Children>
  <Parent><\Parent>
<\MAP>
2024-04-24T00:53:40,736  INFO [LocalJobRunner Map Task Executor #0] exec.TableScanOperator: Initializing Operator: TS[0]
2024-04-24T00:53:40,736  INFO [LocalJobRunner Map Task Executor #0] vector.VectorSelectOperator: Initializing Operator: SEL[5]
2024-04-24T00:53:40,736  INFO [LocalJobRunner Map Task Executor #0] vector.VectorReduceSinkOperator: Initializing Operator: RS[6]
2024-04-24T00:53:40,736  INFO [LocalJobRunner Map Task Executor #0] vector.VectorReduceSinkOperator: Using tag = -1
2024-04-24T00:53:40,736  INFO [LocalJobRunner Map Task Executor #0] vector.VectorReduceSinkOperator: keys are [_col2] num distributions: 1
2024-04-24T00:53:40,736  INFO [LocalJobRunner Map Task Executor #0] vector.VectorReduceSinkOperator: RS[6]: records written - 1
2024-04-24T00:53:40,737  INFO [LocalJobRunner Map Task Executor #0] vector.VectorMapOperator: Closing Operator: MAP[0]
2024-04-24T00:53:40,737  INFO [LocalJobRunner Map Task Executor #0] vector.VectorMapOperator: DESERIALIZE_ERRORS:0, RECORDS_OUT_INTERMEDIATE:0, RECORDS_IN:1, RECORDS_OUT_OPERATOR_MAP_0:0, 
2024-04-24T00:53:40,737  INFO [LocalJobRunner Map Task Executor #0] exec.TableScanOperator: Closing Operator: TS[0]
2024-04-24T00:53:40,737  INFO [LocalJobRunner Map Task Executor #0] exec.TableScanOperator: RECORDS_OUT_INTERMEDIATE:0, RECORDS_OUT_OPERATOR_TS_0:1, 
2024-04-24T00:53:40,737  INFO [LocalJobRunner Map Task Executor #0] vector.VectorSelectOperator: Closing Operator: SEL[5]
2024-04-24T00:53:40,737  INFO [LocalJobRunner Map Task Executor #0] vector.VectorSelectOperator: RECORDS_OUT_OPERATOR_SEL_5:1, RECORDS_OUT_INTERMEDIATE:0, 
2024-04-24T00:53:40,737  INFO [LocalJobRunner Map Task Executor #0] vector.VectorReduceSinkOperator: Closing Operator: RS[6]
2024-04-24T00:53:40,737  INFO [LocalJobRunner Map Task Executor #0] vector.VectorReduceSinkOperator: RS[6]: Total records written - 1. abort - false
2024-04-24T00:53:40,737  INFO [LocalJobRunner Map Task Executor #0] vector.VectorReduceSinkOperator: RECORDS_OUT_OPERATOR_RS_6:1, RECORDS_OUT_INTERMEDIATE:1, 
2024-04-24T00:53:40,738  INFO [LocalJobRunner Map Task Executor #0] mapred.LocalJobRunner: 
2024-04-24T00:53:40,738  INFO [LocalJobRunner Map Task Executor #0] mapred.MapTask: Starting flush of map output
2024-04-24T00:53:40,738  INFO [LocalJobRunner Map Task Executor #0] mapred.MapTask: Spilling map output
2024-04-24T00:53:40,738  INFO [LocalJobRunner Map Task Executor #0] mapred.MapTask: bufstart = 0; bufend = 17; bufvoid = 104857600
2024-04-24T00:53:40,738  INFO [LocalJobRunner Map Task Executor #0] mapred.MapTask: kvstart = 26214396(104857584); kvend = 26214396(104857584); length = 1/6553600
2024-04-24T00:53:40,746  INFO [LocalJobRunner Map Task Executor #0] mapred.MapTask: Finished spill 0
2024-04-24T00:53:40,749  INFO [LocalJobRunner Map Task Executor #0] mapred.Task: Task:attempt_local685244723_0012_m_000007_0 is done. And is in the process of committing
2024-04-24T00:53:40,750  INFO [LocalJobRunner Map Task Executor #0] mapred.LocalJobRunner: OrcSplit [file:/home/alex/Repositories/hive/ql/target/tmp/org.apache.hadoop.hive.ql.TestTxnNoBuckets-1713945183193/warehouse/tmp/c3=3/000000_0_copy_1, start=3, length=110, isOriginal=true, fileLength=242, hasFooter=false, hasBase=true, deltas=0]
2024-04-24T00:53:40,750  INFO [LocalJobRunner Map Task Executor #0] mapred.Task: Task 'attempt_local685244723_0012_m_000007_0' done.
2024-04-24T00:53:40,750  INFO [LocalJobRunner Map Task Executor #0] mapred.Task: Final Counters for attempt_local685244723_0012_m_000007_0: Counters: 24
	File System Counters
		FILE: Number of bytes read=275610
		FILE: Number of bytes written=14433537
		FILE: Number of read operations=0
		FILE: Number of large read operations=0
		FILE: Number of write operations=0
	Map-Reduce Framework
		Map input records=1
		Map output records=1
		Map output bytes=17
		Map output materialized bytes=25
		Input split bytes=473
		Combine input records=0
		Spilled Records=1
		Failed Shuffles=0
		Merged Map outputs=0
		GC time elapsed (ms)=0
		Total committed heap usage (bytes)=1118306304
	HIVE
		DESERIALIZE_ERRORS=0
		RECORDS_IN=1
		RECORDS_OUT_INTERMEDIATE=1
		RECORDS_OUT_OPERATOR_MAP_0=0
		RECORDS_OUT_OPERATOR_RS_6=1
		RECORDS_OUT_OPERATOR_SEL_5=1
		RECORDS_OUT_OPERATOR_TS_0=1
	File Input Format Counters 
		Bytes Read=9312
2024-04-24T00:53:40,750  INFO [LocalJobRunner Map Task Executor #0] mapred.LocalJobRunner: Finishing task: attempt_local685244723_0012_m_000007_0
2024-04-24T00:53:40,750  INFO [Thread-744] mapred.LocalJobRunner: map task executor complete.
2024-04-24T00:53:40,751  INFO [Thread-744] mapred.LocalJobRunner: Waiting for reduce tasks
2024-04-24T00:53:40,751  INFO [pool-69-thread-1] mapred.LocalJobRunner: Starting task: attempt_local685244723_0012_r_000000_0
2024-04-24T00:53:40,752  INFO [pool-69-thread-1] mapred.Task:  Using ResourceCalculatorProcessTree : [ ]
2024-04-24T00:53:40,752  INFO [pool-69-thread-1] mapred.ReduceTask: Using ShuffleConsumerPlugin: org.apache.hadoop.mapreduce.task.reduce.Shuffle@5fc4b8d4
2024-04-24T00:53:40,752  WARN [pool-69-thread-1] impl.MetricsSystemImpl: JobTracker metrics system already initialized!
2024-04-24T00:53:40,753  INFO [pool-69-thread-1] reduce.MergeManagerImpl: MergerManager: memoryLimit=1336252800, maxSingleShuffleLimit=334063200, mergeThreshold=881926912, ioSortFactor=10, memToMemMergeOutputsThreshold=10
2024-04-24T00:53:40,754  INFO [EventFetcher for fetching Map Completion Events] reduce.EventFetcher: attempt_local685244723_0012_r_000000_0 Thread started: EventFetcher for fetching Map Completion Events
2024-04-24T00:53:40,756  INFO [localfetcher#9] reduce.LocalFetcher: localfetcher#9 about to shuffle output of map attempt_local685244723_0012_m_000003_0 decomp: 21 len: 25 to MEMORY
2024-04-24T00:53:40,757  INFO [localfetcher#9] reduce.InMemoryMapOutput: Read 21 bytes from map-output for attempt_local685244723_0012_m_000003_0
2024-04-24T00:53:40,757  INFO [localfetcher#9] reduce.MergeManagerImpl: closeInMemoryFile -> map-output of size: 21, inMemoryMapOutputs.size() -> 1, commitMemory -> 0, usedMemory ->21
2024-04-24T00:53:40,759  INFO [localfetcher#9] reduce.LocalFetcher: localfetcher#9 about to shuffle output of map attempt_local685244723_0012_m_000005_0 decomp: 21 len: 25 to MEMORY
2024-04-24T00:53:40,759  INFO [localfetcher#9] reduce.InMemoryMapOutput: Read 21 bytes from map-output for attempt_local685244723_0012_m_000005_0
2024-04-24T00:53:40,759  INFO [localfetcher#9] reduce.MergeManagerImpl: closeInMemoryFile -> map-output of size: 21, inMemoryMapOutputs.size() -> 2, commitMemory -> 21, usedMemory ->42
2024-04-24T00:53:40,761  INFO [localfetcher#9] reduce.LocalFetcher: localfetcher#9 about to shuffle output of map attempt_local685244723_0012_m_000007_0 decomp: 21 len: 25 to MEMORY
2024-04-24T00:53:40,762  INFO [localfetcher#9] reduce.InMemoryMapOutput: Read 21 bytes from map-output for attempt_local685244723_0012_m_000007_0
2024-04-24T00:53:40,762  INFO [localfetcher#9] reduce.MergeManagerImpl: closeInMemoryFile -> map-output of size: 21, inMemoryMapOutputs.size() -> 3, commitMemory -> 42, usedMemory ->63
2024-04-24T00:53:40,764  INFO [localfetcher#9] reduce.LocalFetcher: localfetcher#9 about to shuffle output of map attempt_local685244723_0012_m_000002_0 decomp: 21 len: 25 to MEMORY
2024-04-24T00:53:40,764  INFO [localfetcher#9] reduce.InMemoryMapOutput: Read 21 bytes from map-output for attempt_local685244723_0012_m_000002_0
2024-04-24T00:53:40,764  INFO [localfetcher#9] reduce.MergeManagerImpl: closeInMemoryFile -> map-output of size: 21, inMemoryMapOutputs.size() -> 4, commitMemory -> 63, usedMemory ->84
2024-04-24T00:53:40,766  INFO [localfetcher#9] reduce.LocalFetcher: localfetcher#9 about to shuffle output of map attempt_local685244723_0012_m_000004_0 decomp: 21 len: 25 to MEMORY
2024-04-24T00:53:40,766  INFO [localfetcher#9] reduce.InMemoryMapOutput: Read 21 bytes from map-output for attempt_local685244723_0012_m_000004_0
2024-04-24T00:53:40,766  INFO [localfetcher#9] reduce.MergeManagerImpl: closeInMemoryFile -> map-output of size: 21, inMemoryMapOutputs.size() -> 5, commitMemory -> 84, usedMemory ->105
2024-04-24T00:53:40,768  INFO [localfetcher#9] reduce.LocalFetcher: localfetcher#9 about to shuffle output of map attempt_local685244723_0012_m_000001_0 decomp: 21 len: 25 to MEMORY
2024-04-24T00:53:40,769  INFO [localfetcher#9] reduce.InMemoryMapOutput: Read 21 bytes from map-output for attempt_local685244723_0012_m_000001_0
2024-04-24T00:53:40,769  INFO [localfetcher#9] reduce.MergeManagerImpl: closeInMemoryFile -> map-output of size: 21, inMemoryMapOutputs.size() -> 6, commitMemory -> 105, usedMemory ->126
2024-04-24T00:53:40,771  INFO [localfetcher#9] reduce.LocalFetcher: localfetcher#9 about to shuffle output of map attempt_local685244723_0012_m_000000_0 decomp: 21 len: 25 to MEMORY
2024-04-24T00:53:40,772  INFO [localfetcher#9] reduce.InMemoryMapOutput: Read 21 bytes from map-output for attempt_local685244723_0012_m_000000_0
2024-04-24T00:53:40,772  INFO [localfetcher#9] reduce.MergeManagerImpl: closeInMemoryFile -> map-output of size: 21, inMemoryMapOutputs.size() -> 7, commitMemory -> 126, usedMemory ->147
2024-04-24T00:53:40,774  INFO [localfetcher#9] reduce.LocalFetcher: localfetcher#9 about to shuffle output of map attempt_local685244723_0012_m_000006_0 decomp: 21 len: 25 to MEMORY
2024-04-24T00:53:40,774  INFO [localfetcher#9] reduce.InMemoryMapOutput: Read 21 bytes from map-output for attempt_local685244723_0012_m_000006_0
2024-04-24T00:53:40,774  INFO [localfetcher#9] reduce.MergeManagerImpl: closeInMemoryFile -> map-output of size: 21, inMemoryMapOutputs.size() -> 8, commitMemory -> 147, usedMemory ->168
2024-04-24T00:53:40,775  INFO [EventFetcher for fetching Map Completion Events] reduce.EventFetcher: EventFetcher is interrupted.. Returning
2024-04-24T00:53:40,775  INFO [pool-69-thread-1] mapred.LocalJobRunner: 8 / 8 copied.
2024-04-24T00:53:40,775  INFO [pool-69-thread-1] reduce.MergeManagerImpl: finalMerge called with 8 in-memory map-outputs and 0 on-disk map-outputs
2024-04-24T00:53:40,783  INFO [pool-69-thread-1] mapred.Merger: Merging 8 sorted segments
2024-04-24T00:53:40,783  INFO [pool-69-thread-1] mapred.Merger: Down to the last merge-pass, with 8 segments left of total size: 72 bytes
2024-04-24T00:53:40,786  INFO [pool-69-thread-1] reduce.MergeManagerImpl: Merged 8 segments, 168 bytes to disk to satisfy reduce memory limit
2024-04-24T00:53:40,786  INFO [pool-69-thread-1] reduce.MergeManagerImpl: Merging 1 files, 158 bytes from disk
2024-04-24T00:53:40,786  INFO [pool-69-thread-1] reduce.MergeManagerImpl: Merging 0 segments, 0 bytes from memory into reduce
2024-04-24T00:53:40,786  INFO [pool-69-thread-1] mapred.Merger: Merging 1 sorted segments
2024-04-24T00:53:40,786  INFO [pool-69-thread-1] mapred.Merger: Down to the last merge-pass, with 1 segments left of total size: 142 bytes
2024-04-24T00:53:40,786  INFO [pool-69-thread-1] mapred.LocalJobRunner: 8 / 8 copied.
2024-04-24T00:53:40,787  INFO [pool-69-thread-1] exec.SerializationUtilities: Deserializing ReduceWork using kryo
2024-04-24T00:53:40,788  INFO [pool-69-thread-1] exec.Utilities: Deserialized plan (via FILE) - name: null size: 6,77KB
2024-04-24T00:53:40,789  INFO [pool-69-thread-1] ExecReducer: 
<SEL>Id =4
  <Children>
    <FS>Id =2
      <Children>
      <\Children>
      <Parent>Id = 4 null<\Parent>
    <\FS>
  <\Children>
  <Parent><\Parent>
<\SEL>
2024-04-24T00:53:40,789  INFO [pool-69-thread-1] exec.SelectOperator: Initializing Operator: SEL[4]
2024-04-24T00:53:40,789  INFO [pool-69-thread-1] exec.SelectOperator: SELECT struct<key:struct<_col2:int>,value:struct<_col0:int,_col1:int>>
2024-04-24T00:53:40,789  INFO [pool-69-thread-1] exec.FileSinkOperator: Initializing Operator: FS[2]
2024-04-24T00:53:40,790  INFO [pool-69-thread-1] exec.FileSinkOperator: Using serializer : AbstractSerDe [log=org.apache.logging.slf4j.Log4jLogger@22a08b61, configuration=Optional[Configuration: core-default.xml, core-site.xml, mapred-default.xml, mapred-site.xml, yarn-default.xml, yarn-site.xml, hdfs-default.xml, hdfs-site.xml, file:/home/alex/Repositories/hive/ql/target/tmp/TestTxnNoBucketsVectorized/mapred/local/localRunner/alex/job_local685244723_0012/job_local685244723_0012.xml], properties={transactional_properties=default, name=default.nobuckets, transactional=true, columns.types=int:int, columns=c1,c2, columns.comments=&amp#0;, partition_columns.types=int, partition_columns=c3, bucketing_version=2, serialization.lib=org.apache.hadoop.hive.ql.io.orc.OrcSerde, file.inputformat=org.apache.hadoop.hive.ql.io.orc.OrcInputFormat, file.outputformat=org.apache.hadoop.hive.ql.io.orc.OrcOutputFormat, location=file:/home/alex/Repositories/hive/ql/target/tmp/org.apache.hadoop.hive.ql.TestTxnNoBuckets-1713945183193/warehouse/nobuckets, column.name.delimiter=,}, tableProperties={transactional_properties=default, name=default.nobuckets, transactional=true, columns.types=int:int, columns=c1,c2, columns.comments=&amp#0;, partition_columns.types=int, partition_columns=c3, bucketing_version=2, serialization.lib=org.apache.hadoop.hive.ql.io.orc.OrcSerde, file.inputformat=org.apache.hadoop.hive.ql.io.orc.OrcInputFormat, location=file:/home/alex/Repositories/hive/ql/target/tmp/org.apache.hadoop.hive.ql.TestTxnNoBuckets-1713945183193/warehouse/nobuckets, file.outputformat=org.apache.hadoop.hive.ql.io.orc.OrcOutputFormat, column.name.delimiter=,}, partitionProperties=Optional.empty, columnNames=[c1, c2], columnTypes=[int, int], getClass()=class org.apache.hadoop.hive.ql.io.orc.OrcSerde] and formatter : org.apache.hadoop.hive.ql.io.orc.OrcOutputFormat@9728d76
2024-04-24T00:53:40,791  INFO [pool-69-thread-1] exec.FileSinkOperator: Final Path: FS file:/home/alex/Repositories/hive/ql/target/tmp/org.apache.hadoop.hive.ql.TestTxnNoBuckets-1713945183193/warehouse/nobuckets/c3=0
2024-04-24T00:53:40,791  INFO [pool-69-thread-1] exec.FileSinkOperator: New Final Path: FS file:/home/alex/Repositories/hive/ql/target/tmp/org.apache.hadoop.hive.ql.TestTxnNoBuckets-1713945183193/warehouse/nobuckets/c3=0
2024-04-24T00:53:40,793  INFO [pool-69-thread-1] common.FileUtils: Creating directory if it doesn't exist: file:/home/alex/Repositories/hive/ql/target/tmp/org.apache.hadoop.hive.ql.TestTxnNoBuckets-1713945183193/warehouse/nobuckets
2024-04-24T00:53:40,793  INFO [pool-69-thread-1] exec.FileSinkOperator: FS[2]: records written - 1
2024-04-24T00:53:40,794  INFO [pool-69-thread-1] impl.PhysicalFsWriter: ORC writer created for path: file:/home/alex/Repositories/hive/ql/target/tmp/org.apache.hadoop.hive.ql.TestTxnNoBuckets-1713945183193/warehouse/nobuckets/c3=0/delta_0000001_0000001_0000/bucket_00000_0 with stripeSize: 8388608 blockSize: 268435456 compression: Compress: ZLIB buffer: 32768
2024-04-24T00:53:40,801  INFO [pool-69-thread-1] impl.WriterImpl: ORC writer created for path: file:/home/alex/Repositories/hive/ql/target/tmp/org.apache.hadoop.hive.ql.TestTxnNoBuckets-1713945183193/warehouse/nobuckets/c3=0/delta_0000001_0000001_0000/bucket_00000_0 with stripeSize: 8388608 options: Compress: ZLIB buffer: 32768
2024-04-24T00:53:40,808  INFO [pool-69-thread-1] exec.FileSinkOperator: Final Path: FS file:/home/alex/Repositories/hive/ql/target/tmp/org.apache.hadoop.hive.ql.TestTxnNoBuckets-1713945183193/warehouse/nobuckets/c3=1
2024-04-24T00:53:40,808  INFO [pool-69-thread-1] exec.FileSinkOperator: New Final Path: FS file:/home/alex/Repositories/hive/ql/target/tmp/org.apache.hadoop.hive.ql.TestTxnNoBuckets-1713945183193/warehouse/nobuckets/c3=1
2024-04-24T00:53:40,811  INFO [pool-69-thread-1] common.FileUtils: Creating directory if it doesn't exist: file:/home/alex/Repositories/hive/ql/target/tmp/org.apache.hadoop.hive.ql.TestTxnNoBuckets-1713945183193/warehouse/nobuckets
2024-04-24T00:53:40,812  INFO [pool-69-thread-1] impl.PhysicalFsWriter: ORC writer created for path: file:/home/alex/Repositories/hive/ql/target/tmp/org.apache.hadoop.hive.ql.TestTxnNoBuckets-1713945183193/warehouse/nobuckets/c3=1/delta_0000001_0000001_0000/bucket_00000_0 with stripeSize: 8388608 blockSize: 268435456 compression: Compress: ZLIB buffer: 32768
2024-04-24T00:53:40,819  INFO [pool-69-thread-1] impl.WriterImpl: ORC writer created for path: file:/home/alex/Repositories/hive/ql/target/tmp/org.apache.hadoop.hive.ql.TestTxnNoBuckets-1713945183193/warehouse/nobuckets/c3=1/delta_0000001_0000001_0000/bucket_00000_0 with stripeSize: 8388608 options: Compress: ZLIB buffer: 32768
2024-04-24T00:53:40,828  INFO [pool-69-thread-1] exec.FileSinkOperator: Final Path: FS file:/home/alex/Repositories/hive/ql/target/tmp/org.apache.hadoop.hive.ql.TestTxnNoBuckets-1713945183193/warehouse/nobuckets/c3=2
2024-04-24T00:53:40,828  INFO [pool-69-thread-1] exec.FileSinkOperator: New Final Path: FS file:/home/alex/Repositories/hive/ql/target/tmp/org.apache.hadoop.hive.ql.TestTxnNoBuckets-1713945183193/warehouse/nobuckets/c3=2
2024-04-24T00:53:40,830  INFO [pool-69-thread-1] common.FileUtils: Creating directory if it doesn't exist: file:/home/alex/Repositories/hive/ql/target/tmp/org.apache.hadoop.hive.ql.TestTxnNoBuckets-1713945183193/warehouse/nobuckets
2024-04-24T00:53:40,831  INFO [pool-69-thread-1] impl.PhysicalFsWriter: ORC writer created for path: file:/home/alex/Repositories/hive/ql/target/tmp/org.apache.hadoop.hive.ql.TestTxnNoBuckets-1713945183193/warehouse/nobuckets/c3=2/delta_0000001_0000001_0000/bucket_00000_0 with stripeSize: 8388608 blockSize: 268435456 compression: Compress: ZLIB buffer: 32768
2024-04-24T00:53:40,838  INFO [pool-69-thread-1] impl.WriterImpl: ORC writer created for path: file:/home/alex/Repositories/hive/ql/target/tmp/org.apache.hadoop.hive.ql.TestTxnNoBuckets-1713945183193/warehouse/nobuckets/c3=2/delta_0000001_0000001_0000/bucket_00000_0 with stripeSize: 8388608 options: Compress: ZLIB buffer: 32768
2024-04-24T00:53:40,845  INFO [pool-69-thread-1] exec.FileSinkOperator: Final Path: FS file:/home/alex/Repositories/hive/ql/target/tmp/org.apache.hadoop.hive.ql.TestTxnNoBuckets-1713945183193/warehouse/nobuckets/c3=3
2024-04-24T00:53:40,846  INFO [pool-69-thread-1] exec.FileSinkOperator: New Final Path: FS file:/home/alex/Repositories/hive/ql/target/tmp/org.apache.hadoop.hive.ql.TestTxnNoBuckets-1713945183193/warehouse/nobuckets/c3=3
2024-04-24T00:53:40,848  INFO [pool-69-thread-1] common.FileUtils: Creating directory if it doesn't exist: file:/home/alex/Repositories/hive/ql/target/tmp/org.apache.hadoop.hive.ql.TestTxnNoBuckets-1713945183193/warehouse/nobuckets
2024-04-24T00:53:40,848  INFO [pool-69-thread-1] impl.PhysicalFsWriter: ORC writer created for path: file:/home/alex/Repositories/hive/ql/target/tmp/org.apache.hadoop.hive.ql.TestTxnNoBuckets-1713945183193/warehouse/nobuckets/c3=3/delta_0000001_0000001_0000/bucket_00000_0 with stripeSize: 8388608 blockSize: 268435456 compression: Compress: ZLIB buffer: 32768
2024-04-24T00:53:40,855  INFO [pool-69-thread-1] impl.WriterImpl: ORC writer created for path: file:/home/alex/Repositories/hive/ql/target/tmp/org.apache.hadoop.hive.ql.TestTxnNoBuckets-1713945183193/warehouse/nobuckets/c3=3/delta_0000001_0000001_0000/bucket_00000_0 with stripeSize: 8388608 options: Compress: ZLIB buffer: 32768
2024-04-24T00:53:40,862  INFO [pool-69-thread-1] exec.FileSinkOperator: Final Path: FS file:/home/alex/Repositories/hive/ql/target/tmp/org.apache.hadoop.hive.ql.TestTxnNoBuckets-1713945183193/warehouse/nobuckets/c3=4
2024-04-24T00:53:40,862  INFO [pool-69-thread-1] exec.FileSinkOperator: New Final Path: FS file:/home/alex/Repositories/hive/ql/target/tmp/org.apache.hadoop.hive.ql.TestTxnNoBuckets-1713945183193/warehouse/nobuckets/c3=4
2024-04-24T00:53:40,864  INFO [pool-69-thread-1] common.FileUtils: Creating directory if it doesn't exist: file:/home/alex/Repositories/hive/ql/target/tmp/org.apache.hadoop.hive.ql.TestTxnNoBuckets-1713945183193/warehouse/nobuckets
2024-04-24T00:53:40,865  INFO [pool-69-thread-1] impl.PhysicalFsWriter: ORC writer created for path: file:/home/alex/Repositories/hive/ql/target/tmp/org.apache.hadoop.hive.ql.TestTxnNoBuckets-1713945183193/warehouse/nobuckets/c3=4/delta_0000001_0000001_0000/bucket_00000_0 with stripeSize: 8388608 blockSize: 268435456 compression: Compress: ZLIB buffer: 32768
2024-04-24T00:53:40,871  INFO [pool-69-thread-1] impl.WriterImpl: ORC writer created for path: file:/home/alex/Repositories/hive/ql/target/tmp/org.apache.hadoop.hive.ql.TestTxnNoBuckets-1713945183193/warehouse/nobuckets/c3=4/delta_0000001_0000001_0000/bucket_00000_0 with stripeSize: 8388608 options: Compress: ZLIB buffer: 32768
2024-04-24T00:53:40,878  INFO [pool-69-thread-1] exec.FileSinkOperator: Final Path: FS file:/home/alex/Repositories/hive/ql/target/tmp/org.apache.hadoop.hive.ql.TestTxnNoBuckets-1713945183193/warehouse/nobuckets/c3=5
2024-04-24T00:53:40,878  INFO [pool-69-thread-1] exec.FileSinkOperator: New Final Path: FS file:/home/alex/Repositories/hive/ql/target/tmp/org.apache.hadoop.hive.ql.TestTxnNoBuckets-1713945183193/warehouse/nobuckets/c3=5
2024-04-24T00:53:40,880  INFO [pool-69-thread-1] common.FileUtils: Creating directory if it doesn't exist: file:/home/alex/Repositories/hive/ql/target/tmp/org.apache.hadoop.hive.ql.TestTxnNoBuckets-1713945183193/warehouse/nobuckets
2024-04-24T00:53:40,881  INFO [pool-69-thread-1] impl.PhysicalFsWriter: ORC writer created for path: file:/home/alex/Repositories/hive/ql/target/tmp/org.apache.hadoop.hive.ql.TestTxnNoBuckets-1713945183193/warehouse/nobuckets/c3=5/delta_0000001_0000001_0000/bucket_00000_0 with stripeSize: 8388608 blockSize: 268435456 compression: Compress: ZLIB buffer: 32768
2024-04-24T00:53:40,888  INFO [pool-69-thread-1] impl.WriterImpl: ORC writer created for path: file:/home/alex/Repositories/hive/ql/target/tmp/org.apache.hadoop.hive.ql.TestTxnNoBuckets-1713945183193/warehouse/nobuckets/c3=5/delta_0000001_0000001_0000/bucket_00000_0 with stripeSize: 8388608 options: Compress: ZLIB buffer: 32768
2024-04-24T00:53:40,895  INFO [pool-69-thread-1] exec.FileSinkOperator: Final Path: FS file:/home/alex/Repositories/hive/ql/target/tmp/org.apache.hadoop.hive.ql.TestTxnNoBuckets-1713945183193/warehouse/nobuckets/c3=6
2024-04-24T00:53:40,895  INFO [pool-69-thread-1] exec.FileSinkOperator: New Final Path: FS file:/home/alex/Repositories/hive/ql/target/tmp/org.apache.hadoop.hive.ql.TestTxnNoBuckets-1713945183193/warehouse/nobuckets/c3=6
2024-04-24T00:53:40,897  INFO [pool-69-thread-1] common.FileUtils: Creating directory if it doesn't exist: file:/home/alex/Repositories/hive/ql/target/tmp/org.apache.hadoop.hive.ql.TestTxnNoBuckets-1713945183193/warehouse/nobuckets
2024-04-24T00:53:40,898  INFO [pool-69-thread-1] impl.PhysicalFsWriter: ORC writer created for path: file:/home/alex/Repositories/hive/ql/target/tmp/org.apache.hadoop.hive.ql.TestTxnNoBuckets-1713945183193/warehouse/nobuckets/c3=6/delta_0000001_0000001_0000/bucket_00000_0 with stripeSize: 8388608 blockSize: 268435456 compression: Compress: ZLIB buffer: 32768
2024-04-24T00:53:40,905  INFO [pool-69-thread-1] impl.WriterImpl: ORC writer created for path: file:/home/alex/Repositories/hive/ql/target/tmp/org.apache.hadoop.hive.ql.TestTxnNoBuckets-1713945183193/warehouse/nobuckets/c3=6/delta_0000001_0000001_0000/bucket_00000_0 with stripeSize: 8388608 options: Compress: ZLIB buffer: 32768
2024-04-24T00:53:40,910  INFO [pool-69-thread-1] exec.SelectOperator: Closing Operator: SEL[4]
2024-04-24T00:53:40,910  INFO [pool-69-thread-1] exec.SelectOperator: RECORDS_OUT_INTERMEDIATE:0, RECORDS_OUT_OPERATOR_SEL_4:8, 
2024-04-24T00:53:40,910  INFO [pool-69-thread-1] exec.FileSinkOperator: Closing Operator: FS[2]
2024-04-24T00:53:40,910  INFO [pool-69-thread-1] exec.FileSinkOperator: FS[2]: records written - 8
2024-04-24T00:53:40,913  INFO [pool-69-thread-1] FileOperations: Writing manifest to file:/home/alex/Repositories/hive/ql/target/tmp/org.apache.hadoop.hive.ql.TestTxnNoBuckets-1713945183193/warehouse/nobuckets/_tmp.delta_0000001_0000001_0000/000000_0.manifest with [file:/home/alex/Repositories/hive/ql/target/tmp/org.apache.hadoop.hive.ql.TestTxnNoBuckets-1713945183193/warehouse/nobuckets/c3=1/delta_0000001_0000001_0000/bucket_00000_0, file:/home/alex/Repositories/hive/ql/target/tmp/org.apache.hadoop.hive.ql.TestTxnNoBuckets-1713945183193/warehouse/nobuckets/c3=5/delta_0000001_0000001_0000/bucket_00000_0, file:/home/alex/Repositories/hive/ql/target/tmp/org.apache.hadoop.hive.ql.TestTxnNoBuckets-1713945183193/warehouse/nobuckets/c3=4/delta_0000001_0000001_0000/bucket_00000_0, file:/home/alex/Repositories/hive/ql/target/tmp/org.apache.hadoop.hive.ql.TestTxnNoBuckets-1713945183193/warehouse/nobuckets/c3=0/delta_0000001_0000001_0000/bucket_00000_0, file:/home/alex/Repositories/hive/ql/target/tmp/org.apache.hadoop.hive.ql.TestTxnNoBuckets-1713945183193/warehouse/nobuckets/c3=3/delta_0000001_0000001_0000/bucket_00000_0, file:/home/alex/Repositories/hive/ql/target/tmp/org.apache.hadoop.hive.ql.TestTxnNoBuckets-1713945183193/warehouse/nobuckets/c3=6/delta_0000001_0000001_0000/bucket_00000_0, file:/home/alex/Repositories/hive/ql/target/tmp/org.apache.hadoop.hive.ql.TestTxnNoBuckets-1713945183193/warehouse/nobuckets/c3=2/delta_0000001_0000001_0000/bucket_00000_0]
2024-04-24T00:53:40,925  INFO [pool-69-thread-1] exec.FileSinkOperator: RECORDS_OUT_INTERMEDIATE:0, RECORDS_OUT_1_default.nobuckets:8, RECORDS_OUT_OPERATOR_FS_2:8, TOTAL_TABLE_ROWS_WRITTEN:8, 
2024-04-24T00:53:40,926  INFO [pool-69-thread-1] mapred.Task: Task:attempt_local685244723_0012_r_000000_0 is done. And is in the process of committing
2024-04-24T00:53:40,926  INFO [pool-69-thread-1] mapred.LocalJobRunner: reduce > reduce
2024-04-24T00:53:40,926  INFO [pool-69-thread-1] mapred.Task: Task 'attempt_local685244723_0012_r_000000_0' done.
2024-04-24T00:53:40,926  INFO [pool-69-thread-1] mapred.Task: Final Counters for attempt_local685244723_0012_r_000000_0: Counters: 31
	File System Counters
		FILE: Number of bytes read=283063
		FILE: Number of bytes written=14440314
		FILE: Number of read operations=0
		FILE: Number of large read operations=0
		FILE: Number of write operations=0
	Map-Reduce Framework
		Combine input records=0
		Combine output records=0
		Reduce input groups=7
		Reduce shuffle bytes=200
		Reduce input records=8
		Reduce output records=0
		Spilled Records=8
		Shuffled Maps =8
		Failed Shuffles=0
		Merged Map outputs=8
		GC time elapsed (ms)=0
		Total committed heap usage (bytes)=1118306304
	HIVE
		CREATED_DYNAMIC_PARTITIONS=7
		CREATED_FILES=7
		RECORDS_OUT_1_default.nobuckets=8
		RECORDS_OUT_INTERMEDIATE=0
		RECORDS_OUT_OPERATOR_FS_2=8
		RECORDS_OUT_OPERATOR_SEL_4=8
		TOTAL_TABLE_ROWS_WRITTEN=8
	Shuffle Errors
		BAD_ID=0
		CONNECTION=0
		IO_ERROR=0
		WRONG_LENGTH=0
		WRONG_MAP=0
		WRONG_REDUCE=0
	File Output Format Counters 
		Bytes Written=0
2024-04-24T00:53:40,927  INFO [pool-69-thread-1] mapred.LocalJobRunner: Finishing task: attempt_local685244723_0012_r_000000_0
2024-04-24T00:53:40,927  INFO [Thread-744] mapred.LocalJobRunner: reduce task executor complete.
2024-04-24 00:53:41,528 Stage-1 map = 100%,  reduce = 100%
2024-04-24T00:53:41,528  INFO [main] exec.Task: 2024-04-24 00:53:41,528 Stage-1 map = 100%,  reduce = 100%
Ended Job = job_local685244723_0012
2024-04-24T00:53:41,530  INFO [main] exec.Task: Ended Job = job_local685244723_0012
2024-04-24T00:53:41,531  INFO [main] FileOperations: Found manifest file file:/home/alex/Repositories/hive/ql/target/tmp/org.apache.hadoop.hive.ql.TestTxnNoBuckets-1713945183193/warehouse/nobuckets/_tmp.delta_0000001_0000001_0000/000000_0.manifest with attemptId 0.
2024-04-24T00:53:41,531  INFO [main] FileOperations: Looking at manifest file: file:/home/alex/Repositories/hive/ql/target/tmp/org.apache.hadoop.hive.ql.TestTxnNoBuckets-1713945183193/warehouse/nobuckets/_tmp.delta_0000001_0000001_0000/000000_0.manifest
2024-04-24T00:53:41,532  INFO [main] FileOperations: Deleting manifest directory file:/home/alex/Repositories/hive/ql/target/tmp/org.apache.hadoop.hive.ql.TestTxnNoBuckets-1713945183193/warehouse/nobuckets/_tmp.delta_0000001_0000001_0000
2024-04-24T00:53:41,535  INFO [main] ql.Driver: Starting task [Stage-0:MOVE] in serial mode
Loading data to table default.nobuckets partition (c3=null)
2024-04-24T00:53:41,535  INFO [main] exec.Task: Loading data to table default.nobuckets partition (c3=null) from file:/home/alex/Repositories/hive/ql/target/tmp/org.apache.hadoop.hive.ql.TestTxnNoBuckets-1713945183193/warehouse/nobuckets
2024-04-24T00:53:41,535  INFO [main] HiveMetaStore.audit: ugi=alex	ip=unknown-ip-addr	cmd=get_table : tbl=hive.default.nobuckets	
2024-04-24T00:53:41,545  INFO [main] metastore.HMSHandler: Skipping translation for processor with null
2024-04-24T00:53:41,545  INFO [main] exec.MoveTask: Partition is: {c3=null}


2024-04-24T00:53:41,546  INFO [main] exec.Task: 

2024-04-24T00:53:41,546  INFO [main] HiveMetaStore.audit: ugi=alex	ip=unknown-ip-addr	cmd=get_table : tbl=hive.default.nobuckets	
2024-04-24T00:53:41,555  INFO [main] metastore.HMSHandler: Skipping translation for processor with null
2024-04-24T00:53:41,555  INFO [main] HiveMetaStore.audit: ugi=alex	ip=unknown-ip-addr	cmd=get_table : tbl=hive.default.nobuckets	
2024-04-24T00:53:41,565  INFO [main] metastore.HMSHandler: Skipping translation for processor with null
2024-04-24T00:53:41,566  INFO [main] HiveMetaStore.audit: ugi=alex	ip=unknown-ip-addr	cmd=get_partitions_names_ps : tbl=hive.default.nobuckets[]	
2024-04-24T00:53:41,586  INFO [load-dynamic-partitionsToAdd-0] metadata.Hive: New loading path = file:/home/alex/Repositories/hive/ql/target/tmp/org.apache.hadoop.hive.ql.TestTxnNoBuckets-1713945183193/warehouse/nobuckets/c3=3 withPartSpec {c3=3}
2024-04-24T00:53:41,586  INFO [load-dynamic-partitionsToAdd-1] metadata.Hive: New loading path = file:/home/alex/Repositories/hive/ql/target/tmp/org.apache.hadoop.hive.ql.TestTxnNoBuckets-1713945183193/warehouse/nobuckets/c3=0 withPartSpec {c3=0}
2024-04-24T00:53:41,586  INFO [load-dynamic-partitionsToAdd-3] metadata.Hive: New loading path = file:/home/alex/Repositories/hive/ql/target/tmp/org.apache.hadoop.hive.ql.TestTxnNoBuckets-1713945183193/warehouse/nobuckets/c3=4 withPartSpec {c3=4}
2024-04-24T00:53:41,586  INFO [load-dynamic-partitionsToAdd-2] metadata.Hive: New loading path = file:/home/alex/Repositories/hive/ql/target/tmp/org.apache.hadoop.hive.ql.TestTxnNoBuckets-1713945183193/warehouse/nobuckets/c3=1 withPartSpec {c3=1}
2024-04-24T00:53:41,586  INFO [load-dynamic-partitionsToAdd-4] metadata.Hive: New loading path = file:/home/alex/Repositories/hive/ql/target/tmp/org.apache.hadoop.hive.ql.TestTxnNoBuckets-1713945183193/warehouse/nobuckets/c3=2 withPartSpec {c3=2}
2024-04-24T00:53:41,586  INFO [load-dynamic-partitionsToAdd-5] metadata.Hive: New loading path = file:/home/alex/Repositories/hive/ql/target/tmp/org.apache.hadoop.hive.ql.TestTxnNoBuckets-1713945183193/warehouse/nobuckets/c3=6 withPartSpec {c3=6}
2024-04-24T00:53:41,586  INFO [load-dynamic-partitionsToAdd-6] metadata.Hive: New loading path = file:/home/alex/Repositories/hive/ql/target/tmp/org.apache.hadoop.hive.ql.TestTxnNoBuckets-1713945183193/warehouse/nobuckets/c3=5 withPartSpec {c3=5}
2024-04-24T00:53:41,587  INFO [main] metadata.Hive: Number of partitionsToAdd to be added is 7
2024-04-24T00:53:41,587  INFO [main] HiveMetaStore.audit: ugi=alex	ip=unknown-ip-addr	cmd=add_partitions	
2024-04-24T00:53:41,685  INFO [main] metadata.Hive: Loaded 7partitionsToAdd
	 Time taken to load dynamic partitions: 0.139 seconds
2024-04-24T00:53:41,685  INFO [main] exec.Task: 	 Time taken to load dynamic partitions: 0.139 seconds
2024-04-24T00:53:41,685  INFO [main] exec.MoveTask: 	 Time taken to load dynamic partitions: 0.139 seconds
2024-04-24T00:53:41,686  INFO [main] exec.MoveTask: Loading partition {c3=3}
2024-04-24T00:53:41,686  INFO [main] exec.MoveTask: Loading partition {c3=0}
2024-04-24T00:53:41,686  INFO [main] exec.MoveTask: Loading partition {c3=1}
2024-04-24T00:53:41,686  INFO [main] exec.MoveTask: Loading partition {c3=4}
2024-04-24T00:53:41,686  INFO [main] exec.MoveTask: Loading partition {c3=2}
2024-04-24T00:53:41,686  INFO [main] exec.MoveTask: Loading partition {c3=6}
2024-04-24T00:53:41,686  INFO [main] exec.MoveTask: Loading partition {c3=5}
	 Time taken for adding to write entity : 0.0 seconds
2024-04-24T00:53:41,686  INFO [main] exec.Task: 	 Time taken for adding to write entity : 0.0 seconds
2024-04-24T00:53:41,686  INFO [main] ql.Driver: Starting task [Stage-2:STATS] in serial mode
2024-04-24T00:53:41,686  INFO [main] HiveMetaStore.audit: ugi=alex	ip=unknown-ip-addr	cmd=get_table : tbl=hive.default.nobuckets	
2024-04-24T00:53:41,695  INFO [main] metastore.HMSHandler: Skipping translation for processor with null
2024-04-24T00:53:41,695  INFO [main] stats.BasicStatsTask: Executing stats task
2024-04-24T00:53:41,695  INFO [main] fs.FSStatsPublisher: created : file:/home/alex/Repositories/hive/ql/target/tmp/localscratchdir/b8bea980-26cf-4ecb-93b4-cf7974ce2d23/hive_2024-04-24_00-53-39_840_1759521566945539904-1/-mr-10000
2024-04-24T00:53:41,696  INFO [main] HiveMetaStore.audit: ugi=alex	ip=unknown-ip-addr	cmd=get_table : tbl=hive.default.nobuckets	
2024-04-24T00:53:41,706  INFO [main] metastore.HMSHandler: Skipping translation for processor with null
2024-04-24T00:53:41,719  WARN [stats-updater-thread-4] FileOperations: Computing stats for an ACID table; stats may be inaccurate
2024-04-24T00:53:41,720  WARN [stats-updater-thread-6] FileOperations: Computing stats for an ACID table; stats may be inaccurate
2024-04-24T00:53:41,721  WARN [stats-updater-thread-0] FileOperations: Computing stats for an ACID table; stats may be inaccurate
2024-04-24T00:53:41,721  WARN [stats-updater-thread-2] FileOperations: Computing stats for an ACID table; stats may be inaccurate
2024-04-24T00:53:41,722  WARN [stats-updater-thread-3] FileOperations: Computing stats for an ACID table; stats may be inaccurate
2024-04-24T00:53:41,722  WARN [stats-updater-thread-1] FileOperations: Computing stats for an ACID table; stats may be inaccurate
2024-04-24T00:53:41,722  WARN [stats-updater-thread-5] FileOperations: Computing stats for an ACID table; stats may be inaccurate
2024-04-24T00:53:41,723  INFO [main] FileOperations: Read stats for default.nobuckets/c3=3/, numRows, true, 2, false: 
2024-04-24T00:53:41,723  INFO [main] FileOperations: Read stats for default.nobuckets/c3=3/, rawDataSize, true, 0, false: 
2024-04-24T00:53:41,723  INFO [main] stats.BasicStatsTask: Partition {c3=3} stats: [numFiles=1, numRows=2, totalSize=679, rawDataSize=0, numFilesErasureCoded=0]
2024-04-24T00:53:41,723  INFO [main] FileOperations: Read stats for default.nobuckets/c3=0/, numRows, true, 1, false: 
2024-04-24T00:53:41,723  INFO [main] FileOperations: Read stats for default.nobuckets/c3=0/, rawDataSize, true, 0, false: 
2024-04-24T00:53:41,723  INFO [main] stats.BasicStatsTask: Partition {c3=0} stats: [numFiles=1, numRows=1, totalSize=651, rawDataSize=0, numFilesErasureCoded=0]
2024-04-24T00:53:41,723  INFO [main] FileOperations: Read stats for default.nobuckets/c3=1/, numRows, true, 1, false: 
2024-04-24T00:53:41,723  INFO [main] FileOperations: Read stats for default.nobuckets/c3=1/, rawDataSize, true, 0, false: 
2024-04-24T00:53:41,723  INFO [main] stats.BasicStatsTask: Partition {c3=1} stats: [numFiles=1, numRows=1, totalSize=655, rawDataSize=0, numFilesErasureCoded=0]
2024-04-24T00:53:41,724  INFO [main] FileOperations: Read stats for default.nobuckets/c3=4/, numRows, true, 1, false: 
2024-04-24T00:53:41,724  INFO [main] FileOperations: Read stats for default.nobuckets/c3=4/, rawDataSize, true, 0, false: 
2024-04-24T00:53:41,724  INFO [main] stats.BasicStatsTask: Partition {c3=4} stats: [numFiles=1, numRows=1, totalSize=663, rawDataSize=0, numFilesErasureCoded=0]
2024-04-24T00:53:41,724  INFO [main] FileOperations: Read stats for default.nobuckets/c3=2/, numRows, true, 1, false: 
2024-04-24T00:53:41,724  INFO [main] FileOperations: Read stats for default.nobuckets/c3=2/, rawDataSize, true, 0, false: 
2024-04-24T00:53:41,724  INFO [main] stats.BasicStatsTask: Partition {c3=2} stats: [numFiles=1, numRows=1, totalSize=663, rawDataSize=0, numFilesErasureCoded=0]
2024-04-24T00:53:41,724  INFO [main] FileOperations: Read stats for default.nobuckets/c3=6/, numRows, true, 1, false: 
2024-04-24T00:53:41,724  INFO [main] FileOperations: Read stats for default.nobuckets/c3=6/, rawDataSize, true, 0, false: 
2024-04-24T00:53:41,724  INFO [main] stats.BasicStatsTask: Partition {c3=6} stats: [numFiles=1, numRows=1, totalSize=665, rawDataSize=0, numFilesErasureCoded=0]
2024-04-24T00:53:41,725  INFO [main] FileOperations: Read stats for default.nobuckets/c3=5/, numRows, true, 1, false: 
2024-04-24T00:53:41,725  INFO [main] FileOperations: Read stats for default.nobuckets/c3=5/, rawDataSize, true, 0, false: 
2024-04-24T00:53:41,725  INFO [main] stats.BasicStatsTask: Partition {c3=5} stats: [numFiles=1, numRows=1, totalSize=664, rawDataSize=0, numFilesErasureCoded=0]
2024-04-24T00:53:41,725  INFO [main] HiveMetaStore.audit: ugi=alex	ip=unknown-ip-addr	cmd=alter_partitions : tbl=hive.default.nobuckets	
2024-04-24T00:53:41,725  INFO [main] metastore.HMSHandler: New partition values:[3]
2024-04-24T00:53:41,725  INFO [main] metastore.HMSHandler: New partition values:[0]
2024-04-24T00:53:41,725  INFO [main] metastore.HMSHandler: New partition values:[1]
2024-04-24T00:53:41,725  INFO [main] metastore.HMSHandler: New partition values:[4]
2024-04-24T00:53:41,725  INFO [main] metastore.HMSHandler: New partition values:[2]
2024-04-24T00:53:41,725  INFO [main] metastore.HMSHandler: New partition values:[6]
2024-04-24T00:53:41,725  INFO [main] metastore.HMSHandler: New partition values:[5]
2024-04-24T00:53:41,884  INFO [main] FileOperations: Read stats for default.nobuckets/c3=3/, insertCount, true, 2, false: 
2024-04-24T00:53:41,884  INFO [main] FileOperations: Read stats for default.nobuckets/c3=3/, updateCount, true, 0, false: 
2024-04-24T00:53:41,884  INFO [main] FileOperations: Read stats for default.nobuckets/c3=3/, deleteCount, true, 0, false: 
2024-04-24T00:53:41,887  INFO [main] FileOperations: Read stats for default.nobuckets/c3=0/, insertCount, true, 1, false: 
2024-04-24T00:53:41,887  INFO [main] FileOperations: Read stats for default.nobuckets/c3=0/, updateCount, true, 0, false: 
2024-04-24T00:53:41,887  INFO [main] FileOperations: Read stats for default.nobuckets/c3=0/, deleteCount, true, 0, false: 
2024-04-24T00:53:41,887  INFO [main] FileOperations: Read stats for default.nobuckets/c3=1/, insertCount, true, 1, false: 
2024-04-24T00:53:41,887  INFO [main] FileOperations: Read stats for default.nobuckets/c3=1/, updateCount, true, 0, false: 
2024-04-24T00:53:41,887  INFO [main] FileOperations: Read stats for default.nobuckets/c3=1/, deleteCount, true, 0, false: 
2024-04-24T00:53:41,887  INFO [main] FileOperations: Read stats for default.nobuckets/c3=4/, insertCount, true, 1, false: 
2024-04-24T00:53:41,888  INFO [main] FileOperations: Read stats for default.nobuckets/c3=4/, updateCount, true, 0, false: 
2024-04-24T00:53:41,888  INFO [main] FileOperations: Read stats for default.nobuckets/c3=4/, deleteCount, true, 0, false: 
2024-04-24T00:53:41,888  INFO [main] FileOperations: Read stats for default.nobuckets/c3=2/, insertCount, true, 1, false: 
2024-04-24T00:53:41,888  INFO [main] FileOperations: Read stats for default.nobuckets/c3=2/, updateCount, true, 0, false: 
2024-04-24T00:53:41,888  INFO [main] FileOperations: Read stats for default.nobuckets/c3=2/, deleteCount, true, 0, false: 
2024-04-24T00:53:41,888  INFO [main] FileOperations: Read stats for default.nobuckets/c3=6/, insertCount, true, 1, false: 
2024-04-24T00:53:41,888  INFO [main] FileOperations: Read stats for default.nobuckets/c3=6/, updateCount, true, 0, false: 
2024-04-24T00:53:41,888  INFO [main] FileOperations: Read stats for default.nobuckets/c3=6/, deleteCount, true, 0, false: 
2024-04-24T00:53:41,888  INFO [main] FileOperations: Read stats for default.nobuckets/c3=5/, insertCount, true, 1, false: 
2024-04-24T00:53:41,888  INFO [main] FileOperations: Read stats for default.nobuckets/c3=5/, updateCount, true, 0, false: 
2024-04-24T00:53:41,888  INFO [main] FileOperations: Read stats for default.nobuckets/c3=5/, deleteCount, true, 0, false: 
2024-04-24T00:53:41,889  INFO [main] metadata.Hive: Dumping metastore api call timing information for : execution phase
2024-04-24T00:53:41,889  INFO [main] metadata.Hive: Total time spent in each metastore function (ms): {alter_partitions_(String, String, List, EnvironmentContext, String, long)=159, getTable_(GetTableRequest)=48, updateTransactionalStatistics_(UpdateTransactionalStatsRequest)=3, add_partitions_(List)=93, listPartitionNamesRequest_(GetPartitionNamesPsRequest)=18, isCompatibleWith_(Configuration)=0, getValidWriteIds_(List, String)=2, addDynamicPartitions_(long, long, String, String, List, DataOperationType)=3}
MapReduce Jobs Launched: 
2024-04-24T00:53:41,889  INFO [main] ql.Driver: MapReduce Jobs Launched: 
Stage-Stage-1:  HDFS Read: 0 HDFS Write: 0 SUCCESS
2024-04-24T00:53:41,889  INFO [main] ql.Driver: Stage-Stage-1:  HDFS Read: 0 HDFS Write: 0 SUCCESS
Total MapReduce CPU Time Spent: 0 msec
2024-04-24T00:53:41,889  INFO [main] ql.Driver: Total MapReduce CPU Time Spent: 0 msec
2024-04-24T00:53:41,889  INFO [main] ql.Driver: Completed executing command(queryId=alex_20240424005339_42806b3a-0e41-4690-852c-36828c703ff7); Time taken: 1.677 seconds
2024-04-24T00:53:41,890  INFO [main] lockmgr.DbTxnManager: Stopped heartbeat for query: alex_20240424005339_42806b3a-0e41-4690-852c-36828c703ff7
2024-04-24T00:53:41,902  INFO [main] txn.TxnHandler: Removed transactions: ([21]) from MIN_HISTORY_LEVEL
2024-04-24T00:53:41,903  WARN [main] txn.CompactionTxnHandler: No compaction queue record found for Compaction type transaction commit. txnId:21
2024-04-24T00:53:41,904  INFO [main] ql.TxnCommandsBaseForTests: Running the query: select ROW__ID, c1, c2, c3, INPUT__FILE__NAME from nobuckets order by ROW__ID
2024-04-24T00:53:41,905  INFO [main] ql.Context: Deleting scratch dir: file:/home/alex/Repositories/hive/ql/target/tmp/localscratchdir/b8bea980-26cf-4ecb-93b4-cf7974ce2d23/hive_2024-04-24_00-53-39_840_1759521566945539904-1
2024-04-24T00:53:41,905  INFO [main] cleanup.SyncCleanupService: Deleted directory: file:/home/alex/Repositories/hive/ql/target/tmp/localscratchdir/b8bea980-26cf-4ecb-93b4-cf7974ce2d23/hive_2024-04-24_00-53-39_840_1759521566945539904-1 on fs with scheme file
2024-04-24T00:53:41,905  INFO [main] ql.Driver: Compiling command(queryId=alex_20240424005341_5e4c153f-c733-4614-ac9f-575fbaed28a0): select ROW__ID, c1, c2, c3, INPUT__FILE__NAME from nobuckets order by ROW__ID
2024-04-24T00:53:41,916  INFO [main] txn.TxnHandler: Added entries to MIN_HISTORY_LEVEL for current txns: ([22]) with min_open_txn: 22
2024-04-24T00:53:41,916  INFO [main] lockmgr.DbTxnManager: Opened txnid:22
2024-04-24T00:53:41,919  INFO [main] parse.CalcitePlanner: Starting caching scope for: 
2024-04-24T00:53:41,919  INFO [main] parse.CalcitePlanner: Starting Semantic Analysis
2024-04-24T00:53:41,922  INFO [main] parse.CalcitePlanner: Completed phase 1 of Semantic Analysis
2024-04-24T00:53:41,922  INFO [main] parse.CalcitePlanner: Get metadata for source tables
2024-04-24T00:53:41,923  INFO [main] HiveMetaStore.audit: ugi=alex	ip=unknown-ip-addr	cmd=get_table : tbl=hive.default.nobuckets	
2024-04-24T00:53:41,932  INFO [main] metastore.HMSHandler: Skipping translation for processor with null
2024-04-24T00:53:41,932  INFO [main] parse.CalcitePlanner: Get metadata for subqueries
2024-04-24T00:53:41,932  INFO [main] parse.CalcitePlanner: Get metadata for destination tables
2024-04-24T00:53:41,933  INFO [main] parse.CalcitePlanner: Completed getting MetaData in Semantic Analysis
2024-04-24T00:53:41,947  INFO [main] HiveMetaStore.audit: ugi=alex	ip=unknown-ip-addr	cmd=get_all_table_constraints : tbl=hive.default.nobuckets	
2024-04-24T00:53:41,962  INFO [main] calcite.RelOptHiveTable: Calculating column statistics for default.nobuckets, projIndxSet: [0, 1, 2], allowMissingStats: true
2024-04-24T00:53:41,963  INFO [main] HiveMetaStore.audit: ugi=alex	ip=unknown-ip-addr	cmd=get_partitions : tbl=hive.default.nobuckets	
2024-04-24T00:53:41,989  INFO [main] HiveMetaStore.audit: ugi=alex	ip=unknown-ip-addr	cmd=get_aggr_stats_for: table=hive.default.nobuckets	
2024-04-24T00:53:42,002  WARN [main] calcite.RelOptHiveTable: No Stats for default@nobuckets, Columns: c2, c1
No Stats for default@nobuckets, Columns: c2, c1
2024-04-24T00:53:42,002  INFO [main] SessionState: No Stats for default@nobuckets, Columns: c2, c1
2024-04-24T00:53:42,050  INFO [main] parse.CalcitePlanner: Get metadata for source tables
2024-04-24T00:53:42,050  INFO [main] parse.CalcitePlanner: Get metadata for subqueries
2024-04-24T00:53:42,050  INFO [main] parse.CalcitePlanner: Get metadata for destination tables
2024-04-24T00:53:42,052  INFO [main] common.FileUtils: Creating directory if it doesn't exist: file:/home/alex/Repositories/hive/ql/target/tmp/localscratchdir/b8bea980-26cf-4ecb-93b4-cf7974ce2d23/hive_2024-04-24_00-53-41_905_3559845388759849739-1/-mr-10001/.hive-staging_hive_2024-04-24_00-53-41_905_3559845388759849739-1
2024-04-24T00:53:42,060  INFO [main] parse.CalcitePlanner: CBO Succeeded; optimized logical plan.
2024-04-24T00:53:42,063  INFO [main] optimizer.ColumnPrunerProcFactory: RS 2 oldColExprMap: {VALUE._col1=Column[_col2], KEY.reducesinkkey0=Column[_col0], VALUE._col3=Column[_col4], VALUE._col2=Column[_col3], VALUE._col0=Column[_col1]}
2024-04-24T00:53:42,063  INFO [main] optimizer.ColumnPrunerProcFactory: RS 2 newColExprMap: {VALUE._col3=Column[_col4], VALUE._col2=Column[_col3], VALUE._col1=Column[_col2], VALUE._col0=Column[_col1], KEY.reducesinkkey0=Column[_col0]}
2024-04-24T00:53:42,064  INFO [main] optimizer.BucketVersionPopulator: not considering bucketingVersion for: TS[0] because it has -1<2 buckets 
2024-04-24T00:53:42,065  INFO [main] optimizer.SortedDynPartitionOptimizer: Sorted dynamic partitioning optimization kicked in..
2024-04-24T00:53:42,075  INFO [main] physical.Vectorizer: Examining input format to see if vectorization is enabled.
2024-04-24T00:53:42,076  INFO [main] physical.Vectorizer: Vectorization is enabled for input format(s) [org.apache.hadoop.hive.ql.io.orc.OrcInputFormat]
2024-04-24T00:53:42,076  INFO [main] physical.Vectorizer: Validating and vectorizing MapWork... (vectorizedVertexNum 0)
2024-04-24T00:53:42,076  INFO [main] physical.Vectorizer: Map vectorization enabled: true
2024-04-24T00:53:42,076  INFO [main] physical.Vectorizer: Map vectorized: false
2024-04-24T00:53:42,076  INFO [main] physical.Vectorizer: Map notVectorizedReason: Select expression for SELECT operator: Virtual column INPUT__FILE__NAME is not supported
2024-04-24T00:53:42,076  INFO [main] physical.Vectorizer: Map vectorizedVertexNum: 0
2024-04-24T00:53:42,076  INFO [main] physical.Vectorizer: Map enabledConditionsMet: [hive.vectorized.use.vectorized.input.format IS true]
2024-04-24T00:53:42,076  INFO [main] physical.Vectorizer: Map inputFileFormatClassNameSet: [org.apache.hadoop.hive.ql.io.orc.OrcInputFormat]
2024-04-24T00:53:42,076  INFO [main] physical.Vectorizer: Reduce vectorization enabled: false
2024-04-24T00:53:42,077  INFO [main] physical.Vectorizer: Reduce vectorized: false
2024-04-24T00:53:42,077  INFO [main] physical.Vectorizer: Reduce vectorizedVertexNum: 1
2024-04-24T00:53:42,077  INFO [main] physical.Vectorizer: Reducer hive.vectorized.execution.reduce.enabled: true
2024-04-24T00:53:42,077  INFO [main] physical.Vectorizer: Reducer engine: mr
2024-04-24T00:53:42,077  INFO [main] parse.CalcitePlanner: Completed plan generation
2024-04-24T00:53:42,077  INFO [main] parse.CalcitePlanner: Ending caching scope for: 
2024-04-24T00:53:42,077  INFO [main] ql.Driver: Semantic Analysis Completed (retrial = false)
2024-04-24T00:53:42,077  INFO [main] ql.Driver: Created Hive schema: Schema(fieldSchemas:[FieldSchema(name:row__id, type:struct<writeid:bigint,bucketid:int,rowid:bigint>, comment:null), FieldSchema(name:c1, type:int, comment:null), FieldSchema(name:c2, type:int, comment:null), FieldSchema(name:c3, type:int, comment:null), FieldSchema(name:input__file__name, type:string, comment:null)], properties:null)
2024-04-24T00:53:42,078  INFO [main] exec.ListSinkOperator: Initializing Operator: LIST_SINK[5]
2024-04-24T00:53:42,079  INFO [main] metadata.Hive: Dumping metastore api call timing information for : compilation phase
2024-04-24T00:53:42,079  INFO [main] metadata.Hive: Total time spent in each metastore function (ms): {getValidWriteIds_(List, String)=3, getAggrColStatsFor_(String, String, List, List, String, String)=12, commitTxn_(CommitTxnRequest)=14, flushCache_()=0, isCompatibleWith_(Configuration)=2, openTxn_(String, TxnType)=9, getTable_(GetTableRequest)=9, listPartitions_(String, String, short)=25, getValidTxns_(long)=2, getAllTableConstraints_(AllTableConstraintsRequest)=7}
2024-04-24T00:53:42,079  INFO [main] ql.Driver: Completed compiling command(queryId=alex_20240424005341_5e4c153f-c733-4614-ac9f-575fbaed28a0); Time taken: 0.174 seconds
2024-04-24T00:53:42,080  INFO [main] lockmgr.DbTxnManager: Setting lock request transaction to txnid:22 for queryId=alex_20240424005341_5e4c153f-c733-4614-ac9f-575fbaed28a0
2024-04-24T00:53:42,083  INFO [main] lockmgr.DbLockManager: Requesting lock for queryId=alex_20240424005341_5e4c153f-c733-4614-ac9f-575fbaed28a0
2024-04-24T00:53:42,102  INFO [main] lockmgr.DbLockManager: Response to queryId=alex_20240424005341_5e4c153f-c733-4614-ac9f-575fbaed28a0 LockResponse(lockid:14, state:ACQUIRED)
2024-04-24T00:53:42,102  INFO [main] ql.Driver: Operation QUERY obtained 1 locks
2024-04-24T00:53:42,103  INFO [main] ql.Driver: Executing command(queryId=alex_20240424005341_5e4c153f-c733-4614-ac9f-575fbaed28a0): select ROW__ID, c1, c2, c3, INPUT__FILE__NAME from nobuckets order by ROW__ID
2024-04-24T00:53:42,103  WARN [main] ql.Driver: Hive-on-MR is deprecated in Hive 2 and may not be available in the future versions. Consider using a different execution engine (i.e. spark, tez) or using Hive 1.X releases.
Query ID = alex_20240424005341_5e4c153f-c733-4614-ac9f-575fbaed28a0
2024-04-24T00:53:42,103  INFO [main] ql.Driver: Query ID = alex_20240424005341_5e4c153f-c733-4614-ac9f-575fbaed28a0
Total jobs = 1
2024-04-24T00:53:42,103  INFO [main] ql.Driver: Total jobs = 1
Launching Job 1 out of 1
2024-04-24T00:53:42,103  INFO [main] ql.Driver: Launching Job 1 out of 1
2024-04-24T00:53:42,262  INFO [main] ql.Driver: Starting task [Stage-1:MAPRED] in serial mode
Number of reduce tasks determined at compile time: 1
2024-04-24T00:53:42,262  INFO [main] exec.Task: Number of reduce tasks determined at compile time: 1
In order to change the average load for a reducer (in bytes):
2024-04-24T00:53:42,262  INFO [main] exec.Task: In order to change the average load for a reducer (in bytes):
  set hive.exec.reducers.bytes.per.reducer=<number>
2024-04-24T00:53:42,262  INFO [main] exec.Task:   set hive.exec.reducers.bytes.per.reducer=<number>
In order to limit the maximum number of reducers:
2024-04-24T00:53:42,262  INFO [main] exec.Task: In order to limit the maximum number of reducers:
  set hive.exec.reducers.max=<number>
2024-04-24T00:53:42,262  INFO [main] exec.Task:   set hive.exec.reducers.max=<number>
In order to set a constant number of reducers:
2024-04-24T00:53:42,263  INFO [main] exec.Task: In order to set a constant number of reducers:
  set mapreduce.job.reduces=<number>
2024-04-24T00:53:42,263  INFO [main] exec.Task:   set mapreduce.job.reduces=<number>
2024-04-24T00:53:42,265  INFO [main] mr.ExecDriver: Using org.apache.hadoop.hive.ql.io.HiveInputFormat
2024-04-24T00:53:42,265  INFO [main] exec.Utilities: Processing alias nobuckets
2024-04-24T00:53:42,265  INFO [main] exec.Utilities: Adding 7 inputs; the first input is file:/home/alex/Repositories/hive/ql/target/tmp/org.apache.hadoop.hive.ql.TestTxnNoBuckets-1713945183193/warehouse/nobuckets/c3=0
2024-04-24T00:53:42,275  INFO [main] exec.SerializationUtilities: Serializing MapWork using kryo
2024-04-24T00:53:42,276  INFO [main] exec.Utilities: Serialized plan (via FILE) - name: null size: 7,48KB
2024-04-24T00:53:42,281  INFO [main] exec.SerializationUtilities: Serializing ReduceWork using kryo
2024-04-24T00:53:42,282  INFO [main] exec.Utilities: Serialized plan (via FILE) - name: null size: 6,15KB
2024-04-24T00:53:42,283  WARN [main] impl.MetricsSystemImpl: JobTracker metrics system already initialized!
2024-04-24T00:53:42,289  WARN [main] impl.MetricsSystemImpl: JobTracker metrics system already initialized!
2024-04-24T00:53:42,296  WARN [main] mapreduce.JobResourceUploader: Hadoop command-line option parsing not performed. Implement the Tool interface and execute your application with ToolRunner to remedy this.
2024-04-24T00:53:42,301  WARN [main] mapreduce.JobResourceUploader: No job jar file set.  User classes may not be found. See Job or Job#setJar(String).
2024-04-24T00:53:42,302  INFO [main] io.HiveInputFormat: hive.io.file.readcolumn.ids = 0,1
2024-04-24T00:53:42,302  INFO [main] io.HiveInputFormat: hive.io.file.readcolumn.names = c1,c2
2024-04-24T00:53:42,302  INFO [main] io.HiveInputFormat: Generating splits for dirs: file:/home/alex/Repositories/hive/ql/target/tmp/org.apache.hadoop.hive.ql.TestTxnNoBuckets-1713945183193/warehouse/nobuckets/c3=0
2024-04-24T00:53:42,303  INFO [main] orc.OrcInputFormat: getSplits started
2024-04-24T00:53:42,303  INFO [main] orc.OrcInputFormat: Context:: isAcid: true isVectorMode: false sarg: null minSplitSize: 1 maxSplitSize: 256000000 splitStrategy: HYBRID footerInSplits: false numBuckets: 0 numThreads: 10 cacheMemSize: 268435456 cacheStripeDetails: true useSoftReference: false writeIdList: default.nobuckets:1:9223372036854775807:: isTransactionalTable: true txnProperties: default 
2024-04-24T00:53:42,303  INFO [main] orc.OrcInputFormat: ORC pushdown predicate: null
2024-04-24T00:53:42,320  INFO [main] orc.OrcInputFormat: FooterCacheHitRatio: 0/7
2024-04-24T00:53:42,320  INFO [main] orc.OrcInputFormat: getSplits finished (#splits: 7). duration: 17 ms
2024-04-24T00:53:42,320  INFO [main] io.HiveInputFormat: number of splits 7
2024-04-24T00:53:42,339  INFO [main] mapreduce.JobSubmitter: number of splits:7
2024-04-24T00:53:42,359  INFO [main] mapreduce.JobSubmitter: Submitting tokens for job: job_local1296571944_0013
2024-04-24T00:53:42,359  INFO [main] mapreduce.JobSubmitter: Executing with tokens: []
2024-04-24T00:53:42,421  INFO [main] mapreduce.Job: The url to track the job: http://localhost:8080/
Job running in-process (local Hadoop)
2024-04-24T00:53:42,421  INFO [main] exec.Task: Job running in-process (local Hadoop)
2024-04-24T00:53:42,422  INFO [Thread-907] mapred.LocalJobRunner: OutputCommitter set in config org.apache.hadoop.hive.ql.io.HiveFileFormatUtils$NullOutputCommitter
2024-04-24T00:53:42,422  INFO [Thread-907] mapred.LocalJobRunner: OutputCommitter is org.apache.hadoop.hive.ql.io.HiveFileFormatUtils$NullOutputCommitter
2024-04-24T00:53:42,425  INFO [Thread-907] mapred.LocalJobRunner: Waiting for map tasks
2024-04-24T00:53:42,425  INFO [LocalJobRunner Map Task Executor #0] mapred.LocalJobRunner: Starting task: attempt_local1296571944_0013_m_000000_0
2024-04-24T00:53:42,426  INFO [LocalJobRunner Map Task Executor #0] mapred.Task:  Using ResourceCalculatorProcessTree : [ ]
2024-04-24T00:53:42,427  INFO [LocalJobRunner Map Task Executor #0] mapred.MapTask: Processing split: org.apache.hadoop.hive.ql.io.orc.OrcInputFormat:OrcSplit [file:/home/alex/Repositories/hive/ql/target/tmp/org.apache.hadoop.hive.ql.TestTxnNoBuckets-1713945183193/warehouse/nobuckets/c3=3/delta_0000001_0000001_0000/bucket_00000_0, start=3, length=314, isOriginal=false, fileLength=679, hasFooter=false, hasBase=true, deltas=0]
2024-04-24T00:53:42,427  INFO [LocalJobRunner Map Task Executor #0] exec.SerializationUtilities: Deserializing MapWork using kryo
2024-04-24T00:53:42,428  INFO [LocalJobRunner Map Task Executor #0] exec.Utilities: Deserialized plan (via FILE) - name: null size: 7,48KB
2024-04-24T00:53:42,430  INFO [LocalJobRunner Map Task Executor #0] orc.OrcRawRecordMerger: min key = null, max key = null
2024-04-24T00:53:42,430  INFO [LocalJobRunner Map Task Executor #0] orc.ReaderImpl: Reading ORC rows from file:/home/alex/Repositories/hive/ql/target/tmp/org.apache.hadoop.hive.ql.TestTxnNoBuckets-1713945183193/warehouse/nobuckets/c3=3/delta_0000001_0000001_0000/bucket_00000_0 with {include: [true, true, true], offset: 3, length: 314, schema: struct<c1:int,c2:int>, includeAcidColumns: true}
2024-04-24T00:53:42,431  INFO [LocalJobRunner Map Task Executor #0] orc.OrcRawRecordMerger: updated min key = null, max key = null
2024-04-24T00:53:42,432  INFO [LocalJobRunner Map Task Executor #0] mapred.MapTask: numReduceTasks: 1
2024-04-24T00:53:42,441  INFO [LocalJobRunner Map Task Executor #0] mapred.MapTask: (EQUATOR) 0 kvi 26214396(104857584)
2024-04-24T00:53:42,442  INFO [LocalJobRunner Map Task Executor #0] mapred.MapTask: mapreduce.task.io.sort.mb: 100
2024-04-24T00:53:42,442  INFO [LocalJobRunner Map Task Executor #0] mapred.MapTask: soft limit at 83886080
2024-04-24T00:53:42,442  INFO [LocalJobRunner Map Task Executor #0] mapred.MapTask: bufstart = 0; bufvoid = 104857600
2024-04-24T00:53:42,442  INFO [LocalJobRunner Map Task Executor #0] mapred.MapTask: kvstart = 26214396; length = 6553600
2024-04-24T00:53:42,442  INFO [LocalJobRunner Map Task Executor #0] mapred.MapTask: Map output collector class = org.apache.hadoop.mapred.MapTask$MapOutputBuffer
2024-04-24T00:53:42,443  INFO [LocalJobRunner Map Task Executor #0] exec.MapOperator: Initializing Operator: MAP[0]
2024-04-24T00:53:42,446  INFO [LocalJobRunner Map Task Executor #0] mr.ExecMapper: 
<MAP>Id =0
  <Children>null
  <\Children>
  <Parent><\Parent>
<\MAP>
2024-04-24T00:53:42,447  INFO [LocalJobRunner Map Task Executor #0] exec.TableScanOperator: Initializing Operator: TS[0]
2024-04-24T00:53:42,447  INFO [LocalJobRunner Map Task Executor #0] exec.SelectOperator: Initializing Operator: SEL[1]
2024-04-24T00:53:42,447  INFO [LocalJobRunner Map Task Executor #0] exec.SelectOperator: SELECT struct<c1:int,c2:int,c3:int,row__id:struct<writeid:bigint,bucketid:int,rowid:bigint>,input__file__name:string>
2024-04-24T00:53:42,447  INFO [LocalJobRunner Map Task Executor #0] exec.ReduceSinkOperator: Initializing Operator: RS[2]
2024-04-24T00:53:42,448  INFO [LocalJobRunner Map Task Executor #0] exec.ReduceSinkOperator: Using tag = -1
2024-04-24T00:53:42,448  INFO [LocalJobRunner Map Task Executor #0] exec.ReduceSinkOperator: keys are [reducesinkkey0] num distributions: 1
2024-04-24T00:53:42,449  INFO [LocalJobRunner Map Task Executor #0] exec.ReduceSinkOperator: RS[2]: records written - 1
2024-04-24T00:53:42,449  INFO [LocalJobRunner Map Task Executor #0] exec.MapOperator: MAP[0]: records read - 1
2024-04-24T00:53:42,449  INFO [LocalJobRunner Map Task Executor #0] exec.MapOperator: Closing Operator: MAP[0]
2024-04-24T00:53:42,449  INFO [LocalJobRunner Map Task Executor #0] exec.MapOperator: MAP[0]: Total records read - 2. abort - false
2024-04-24T00:53:42,449  INFO [LocalJobRunner Map Task Executor #0] exec.MapOperator: RECORDS_OUT_INTERMEDIATE:0, RECORDS_IN:2, DESERIALIZE_ERRORS:0, RECORDS_OUT_OPERATOR_MAP_0:0, 
2024-04-24T00:53:42,449  INFO [LocalJobRunner Map Task Executor #0] exec.TableScanOperator: Closing Operator: TS[0]
2024-04-24T00:53:42,449  INFO [LocalJobRunner Map Task Executor #0] exec.TableScanOperator: RECORDS_OUT_OPERATOR_TS_0:2, RECORDS_OUT_INTERMEDIATE:0, 
2024-04-24T00:53:42,449  INFO [LocalJobRunner Map Task Executor #0] exec.SelectOperator: Closing Operator: SEL[1]
2024-04-24T00:53:42,449  INFO [LocalJobRunner Map Task Executor #0] exec.SelectOperator: RECORDS_OUT_INTERMEDIATE:0, RECORDS_OUT_OPERATOR_SEL_1:2, 
2024-04-24T00:53:42,449  INFO [LocalJobRunner Map Task Executor #0] exec.ReduceSinkOperator: Closing Operator: RS[2]
2024-04-24T00:53:42,449  INFO [LocalJobRunner Map Task Executor #0] exec.ReduceSinkOperator: RS[2]: Total records written - 2. abort - false
2024-04-24T00:53:42,449  INFO [LocalJobRunner Map Task Executor #0] exec.ReduceSinkOperator: RECORDS_OUT_OPERATOR_RS_2:2, RECORDS_OUT_INTERMEDIATE:2, 
2024-04-24T00:53:42,450  INFO [LocalJobRunner Map Task Executor #0] mapred.LocalJobRunner: 
2024-04-24T00:53:42,450  INFO [LocalJobRunner Map Task Executor #0] mapred.MapTask: Starting flush of map output
2024-04-24T00:53:42,450  INFO [LocalJobRunner Map Task Executor #0] mapred.MapTask: Spilling map output
2024-04-24T00:53:42,450  INFO [LocalJobRunner Map Task Executor #0] mapred.MapTask: bufstart = 0; bufend = 420; bufvoid = 104857600
2024-04-24T00:53:42,450  INFO [LocalJobRunner Map Task Executor #0] mapred.MapTask: kvstart = 26214396(104857584); kvend = 26214392(104857568); length = 5/6553600
2024-04-24T00:53:42,461  INFO [LocalJobRunner Map Task Executor #0] mapred.MapTask: Finished spill 0
2024-04-24T00:53:42,464  INFO [LocalJobRunner Map Task Executor #0] mapred.Task: Task:attempt_local1296571944_0013_m_000000_0 is done. And is in the process of committing
2024-04-24T00:53:42,465  INFO [LocalJobRunner Map Task Executor #0] mapred.LocalJobRunner: OrcSplit [file:/home/alex/Repositories/hive/ql/target/tmp/org.apache.hadoop.hive.ql.TestTxnNoBuckets-1713945183193/warehouse/nobuckets/c3=3/delta_0000001_0000001_0000/bucket_00000_0, start=3, length=314, isOriginal=false, fileLength=679, hasFooter=false, hasBase=true, deltas=0]
2024-04-24T00:53:42,465  INFO [LocalJobRunner Map Task Executor #0] mapred.Task: Task 'attempt_local1296571944_0013_m_000000_0' done.
2024-04-24T00:53:42,465  INFO [LocalJobRunner Map Task Executor #0] mapred.Task: Final Counters for attempt_local1296571944_0013_m_000000_0: Counters: 24
	File System Counters
		FILE: Number of bytes read=303816
		FILE: Number of bytes written=15652502
		FILE: Number of read operations=0
		FILE: Number of large read operations=0
		FILE: Number of write operations=0
	Map-Reduce Framework
		Map input records=2
		Map output records=2
		Map output bytes=420
		Map output materialized bytes=432
		Input split bytes=511
		Combine input records=0
		Spilled Records=2
		Failed Shuffles=0
		Merged Map outputs=0
		GC time elapsed (ms)=5
		Total committed heap usage (bytes)=1117782016
	HIVE
		DESERIALIZE_ERRORS=0
		RECORDS_IN=2
		RECORDS_OUT_INTERMEDIATE=2
		RECORDS_OUT_OPERATOR_MAP_0=0
		RECORDS_OUT_OPERATOR_RS_2=2
		RECORDS_OUT_OPERATOR_SEL_1=2
		RECORDS_OUT_OPERATOR_TS_0=2
	File Input Format Counters 
		Bytes Read=10350
2024-04-24T00:53:42,465  INFO [LocalJobRunner Map Task Executor #0] mapred.LocalJobRunner: Finishing task: attempt_local1296571944_0013_m_000000_0
2024-04-24T00:53:42,465  INFO [LocalJobRunner Map Task Executor #0] mapred.LocalJobRunner: Starting task: attempt_local1296571944_0013_m_000001_0
2024-04-24T00:53:42,466  INFO [LocalJobRunner Map Task Executor #0] mapred.Task:  Using ResourceCalculatorProcessTree : [ ]
2024-04-24T00:53:42,466  INFO [LocalJobRunner Map Task Executor #0] mapred.MapTask: Processing split: org.apache.hadoop.hive.ql.io.orc.OrcInputFormat:OrcSplit [file:/home/alex/Repositories/hive/ql/target/tmp/org.apache.hadoop.hive.ql.TestTxnNoBuckets-1713945183193/warehouse/nobuckets/c3=0/delta_0000001_0000001_0000/bucket_00000_0, start=3, length=309, isOriginal=false, fileLength=651, hasFooter=false, hasBase=true, deltas=0]
2024-04-24T00:53:42,467  INFO [LocalJobRunner Map Task Executor #0] exec.SerializationUtilities: Deserializing MapWork using kryo
2024-04-24T00:53:42,467  INFO [LocalJobRunner Map Task Executor #0] exec.Utilities: Deserialized plan (via FILE) - name: null size: 7,48KB
2024-04-24T00:53:42,469  INFO [LocalJobRunner Map Task Executor #0] orc.OrcRawRecordMerger: min key = null, max key = null
2024-04-24T00:53:42,469  INFO [LocalJobRunner Map Task Executor #0] orc.ReaderImpl: Reading ORC rows from file:/home/alex/Repositories/hive/ql/target/tmp/org.apache.hadoop.hive.ql.TestTxnNoBuckets-1713945183193/warehouse/nobuckets/c3=0/delta_0000001_0000001_0000/bucket_00000_0 with {include: [true, true, true], offset: 3, length: 309, schema: struct<c1:int,c2:int>, includeAcidColumns: true}
2024-04-24T00:53:42,470  INFO [LocalJobRunner Map Task Executor #0] orc.OrcRawRecordMerger: updated min key = null, max key = null
2024-04-24T00:53:42,470  INFO [LocalJobRunner Map Task Executor #0] mapred.MapTask: numReduceTasks: 1
2024-04-24T00:53:42,475  INFO [LocalJobRunner Map Task Executor #0] mapred.MapTask: (EQUATOR) 0 kvi 26214396(104857584)
2024-04-24T00:53:42,475  INFO [LocalJobRunner Map Task Executor #0] mapred.MapTask: mapreduce.task.io.sort.mb: 100
2024-04-24T00:53:42,475  INFO [LocalJobRunner Map Task Executor #0] mapred.MapTask: soft limit at 83886080
2024-04-24T00:53:42,475  INFO [LocalJobRunner Map Task Executor #0] mapred.MapTask: bufstart = 0; bufvoid = 104857600
2024-04-24T00:53:42,475  INFO [LocalJobRunner Map Task Executor #0] mapred.MapTask: kvstart = 26214396; length = 6553600
2024-04-24T00:53:42,476  INFO [LocalJobRunner Map Task Executor #0] mapred.MapTask: Map output collector class = org.apache.hadoop.mapred.MapTask$MapOutputBuffer
2024-04-24T00:53:42,476  INFO [LocalJobRunner Map Task Executor #0] exec.MapOperator: Initializing Operator: MAP[0]
2024-04-24T00:53:42,480  INFO [LocalJobRunner Map Task Executor #0] mr.ExecMapper: 
<MAP>Id =0
  <Children>null
  <\Children>
  <Parent><\Parent>
<\MAP>
2024-04-24T00:53:42,480  INFO [LocalJobRunner Map Task Executor #0] exec.TableScanOperator: Initializing Operator: TS[0]
2024-04-24T00:53:42,481  INFO [LocalJobRunner Map Task Executor #0] exec.SelectOperator: Initializing Operator: SEL[1]
2024-04-24T00:53:42,481  INFO [LocalJobRunner Map Task Executor #0] exec.SelectOperator: SELECT struct<c1:int,c2:int,c3:int,row__id:struct<writeid:bigint,bucketid:int,rowid:bigint>,input__file__name:string>
2024-04-24T00:53:42,481  INFO [LocalJobRunner Map Task Executor #0] exec.ReduceSinkOperator: Initializing Operator: RS[2]
2024-04-24T00:53:42,481  INFO [LocalJobRunner Map Task Executor #0] exec.ReduceSinkOperator: Using tag = -1
2024-04-24T00:53:42,481  INFO [LocalJobRunner Map Task Executor #0] exec.ReduceSinkOperator: keys are [reducesinkkey0] num distributions: 1
2024-04-24T00:53:42,482  INFO [LocalJobRunner Map Task Executor #0] exec.ReduceSinkOperator: RS[2]: records written - 1
2024-04-24T00:53:42,482  INFO [LocalJobRunner Map Task Executor #0] exec.MapOperator: MAP[0]: records read - 1
2024-04-24T00:53:42,482  INFO [LocalJobRunner Map Task Executor #0] exec.MapOperator: Closing Operator: MAP[0]
2024-04-24T00:53:42,482  INFO [LocalJobRunner Map Task Executor #0] exec.MapOperator: MAP[0]: Total records read - 1. abort - false
2024-04-24T00:53:42,482  INFO [LocalJobRunner Map Task Executor #0] exec.MapOperator: RECORDS_OUT_INTERMEDIATE:0, RECORDS_IN:1, RECORDS_OUT_OPERATOR_MAP_0:0, DESERIALIZE_ERRORS:0, 
2024-04-24T00:53:42,482  INFO [LocalJobRunner Map Task Executor #0] exec.TableScanOperator: Closing Operator: TS[0]
2024-04-24T00:53:42,482  INFO [LocalJobRunner Map Task Executor #0] exec.TableScanOperator: RECORDS_OUT_OPERATOR_TS_0:1, RECORDS_OUT_INTERMEDIATE:0, 
2024-04-24T00:53:42,482  INFO [LocalJobRunner Map Task Executor #0] exec.SelectOperator: Closing Operator: SEL[1]
2024-04-24T00:53:42,482  INFO [LocalJobRunner Map Task Executor #0] exec.SelectOperator: RECORDS_OUT_INTERMEDIATE:0, RECORDS_OUT_OPERATOR_SEL_1:1, 
2024-04-24T00:53:42,482  INFO [LocalJobRunner Map Task Executor #0] exec.ReduceSinkOperator: Closing Operator: RS[2]
2024-04-24T00:53:42,482  INFO [LocalJobRunner Map Task Executor #0] exec.ReduceSinkOperator: RS[2]: Total records written - 1. abort - false
2024-04-24T00:53:42,482  INFO [LocalJobRunner Map Task Executor #0] exec.ReduceSinkOperator: RECORDS_OUT_INTERMEDIATE:1, RECORDS_OUT_OPERATOR_RS_2:1, 
2024-04-24T00:53:42,483  INFO [LocalJobRunner Map Task Executor #0] mapred.LocalJobRunner: 
2024-04-24T00:53:42,483  INFO [LocalJobRunner Map Task Executor #0] mapred.MapTask: Starting flush of map output
2024-04-24T00:53:42,483  INFO [LocalJobRunner Map Task Executor #0] mapred.MapTask: Spilling map output
2024-04-24T00:53:42,483  INFO [LocalJobRunner Map Task Executor #0] mapred.MapTask: bufstart = 0; bufend = 210; bufvoid = 104857600
2024-04-24T00:53:42,483  INFO [LocalJobRunner Map Task Executor #0] mapred.MapTask: kvstart = 26214396(104857584); kvend = 26214396(104857584); length = 1/6553600
2024-04-24T00:53:42,491  INFO [LocalJobRunner Map Task Executor #0] mapred.MapTask: Finished spill 0
2024-04-24T00:53:42,494  INFO [LocalJobRunner Map Task Executor #0] mapred.Task: Task:attempt_local1296571944_0013_m_000001_0 is done. And is in the process of committing
2024-04-24T00:53:42,495  INFO [LocalJobRunner Map Task Executor #0] mapred.LocalJobRunner: OrcSplit [file:/home/alex/Repositories/hive/ql/target/tmp/org.apache.hadoop.hive.ql.TestTxnNoBuckets-1713945183193/warehouse/nobuckets/c3=0/delta_0000001_0000001_0000/bucket_00000_0, start=3, length=309, isOriginal=false, fileLength=651, hasFooter=false, hasBase=true, deltas=0]
2024-04-24T00:53:42,495  INFO [LocalJobRunner Map Task Executor #0] mapred.Task: Task 'attempt_local1296571944_0013_m_000001_0' done.
2024-04-24T00:53:42,495  INFO [LocalJobRunner Map Task Executor #0] mapred.Task: Final Counters for attempt_local1296571944_0013_m_000001_0: Counters: 24
	File System Counters
		FILE: Number of bytes read=317162
		FILE: Number of bytes written=15652753
		FILE: Number of read operations=0
		FILE: Number of large read operations=0
		FILE: Number of write operations=0
	Map-Reduce Framework
		Map input records=1
		Map output records=1
		Map output bytes=210
		Map output materialized bytes=219
		Input split bytes=511
		Combine input records=0
		Spilled Records=1
		Failed Shuffles=0
		Merged Map outputs=0
		GC time elapsed (ms)=0
		Total committed heap usage (bytes)=1117782016
	HIVE
		DESERIALIZE_ERRORS=0
		RECORDS_IN=1
		RECORDS_OUT_INTERMEDIATE=1
		RECORDS_OUT_OPERATOR_MAP_0=0
		RECORDS_OUT_OPERATOR_RS_2=1
		RECORDS_OUT_OPERATOR_SEL_1=1
		RECORDS_OUT_OPERATOR_TS_0=1
	File Input Format Counters 
		Bytes Read=10238
2024-04-24T00:53:42,495  INFO [LocalJobRunner Map Task Executor #0] mapred.LocalJobRunner: Finishing task: attempt_local1296571944_0013_m_000001_0
2024-04-24T00:53:42,495  INFO [LocalJobRunner Map Task Executor #0] mapred.LocalJobRunner: Starting task: attempt_local1296571944_0013_m_000002_0
2024-04-24T00:53:42,496  INFO [LocalJobRunner Map Task Executor #0] mapred.Task:  Using ResourceCalculatorProcessTree : [ ]
2024-04-24T00:53:42,496  INFO [LocalJobRunner Map Task Executor #0] mapred.MapTask: Processing split: org.apache.hadoop.hive.ql.io.orc.OrcInputFormat:OrcSplit [file:/home/alex/Repositories/hive/ql/target/tmp/org.apache.hadoop.hive.ql.TestTxnNoBuckets-1713945183193/warehouse/nobuckets/c3=4/delta_0000001_0000001_0000/bucket_00000_0, start=3, length=309, isOriginal=false, fileLength=663, hasFooter=false, hasBase=true, deltas=0]
2024-04-24T00:53:42,496  INFO [LocalJobRunner Map Task Executor #0] exec.SerializationUtilities: Deserializing MapWork using kryo
2024-04-24T00:53:42,497  INFO [LocalJobRunner Map Task Executor #0] exec.Utilities: Deserialized plan (via FILE) - name: null size: 7,48KB
2024-04-24T00:53:42,498  INFO [LocalJobRunner Map Task Executor #0] orc.OrcRawRecordMerger: min key = null, max key = null
2024-04-24T00:53:42,498  INFO [LocalJobRunner Map Task Executor #0] orc.ReaderImpl: Reading ORC rows from file:/home/alex/Repositories/hive/ql/target/tmp/org.apache.hadoop.hive.ql.TestTxnNoBuckets-1713945183193/warehouse/nobuckets/c3=4/delta_0000001_0000001_0000/bucket_00000_0 with {include: [true, true, true], offset: 3, length: 309, schema: struct<c1:int,c2:int>, includeAcidColumns: true}
2024-04-24T00:53:42,499  INFO [LocalJobRunner Map Task Executor #0] orc.OrcRawRecordMerger: updated min key = null, max key = null
2024-04-24T00:53:42,500  INFO [LocalJobRunner Map Task Executor #0] mapred.MapTask: numReduceTasks: 1
2024-04-24T00:53:42,504  INFO [LocalJobRunner Map Task Executor #0] mapred.MapTask: (EQUATOR) 0 kvi 26214396(104857584)
2024-04-24T00:53:42,504  INFO [LocalJobRunner Map Task Executor #0] mapred.MapTask: mapreduce.task.io.sort.mb: 100
2024-04-24T00:53:42,504  INFO [LocalJobRunner Map Task Executor #0] mapred.MapTask: soft limit at 83886080
2024-04-24T00:53:42,504  INFO [LocalJobRunner Map Task Executor #0] mapred.MapTask: bufstart = 0; bufvoid = 104857600
2024-04-24T00:53:42,504  INFO [LocalJobRunner Map Task Executor #0] mapred.MapTask: kvstart = 26214396; length = 6553600
2024-04-24T00:53:42,505  INFO [LocalJobRunner Map Task Executor #0] mapred.MapTask: Map output collector class = org.apache.hadoop.mapred.MapTask$MapOutputBuffer
2024-04-24T00:53:42,505  INFO [LocalJobRunner Map Task Executor #0] exec.MapOperator: Initializing Operator: MAP[0]
2024-04-24T00:53:42,508  INFO [LocalJobRunner Map Task Executor #0] mr.ExecMapper: 
<MAP>Id =0
  <Children>null
  <\Children>
  <Parent><\Parent>
<\MAP>
2024-04-24T00:53:42,509  INFO [LocalJobRunner Map Task Executor #0] exec.TableScanOperator: Initializing Operator: TS[0]
2024-04-24T00:53:42,509  INFO [LocalJobRunner Map Task Executor #0] exec.SelectOperator: Initializing Operator: SEL[1]
2024-04-24T00:53:42,509  INFO [LocalJobRunner Map Task Executor #0] exec.SelectOperator: SELECT struct<c1:int,c2:int,c3:int,row__id:struct<writeid:bigint,bucketid:int,rowid:bigint>,input__file__name:string>
2024-04-24T00:53:42,509  INFO [LocalJobRunner Map Task Executor #0] exec.ReduceSinkOperator: Initializing Operator: RS[2]
2024-04-24T00:53:42,509  INFO [LocalJobRunner Map Task Executor #0] exec.ReduceSinkOperator: Using tag = -1
2024-04-24T00:53:42,510  INFO [LocalJobRunner Map Task Executor #0] exec.ReduceSinkOperator: keys are [reducesinkkey0] num distributions: 1
2024-04-24T00:53:42,510  INFO [LocalJobRunner Map Task Executor #0] exec.ReduceSinkOperator: RS[2]: records written - 1
2024-04-24T00:53:42,510  INFO [LocalJobRunner Map Task Executor #0] exec.MapOperator: MAP[0]: records read - 1
2024-04-24T00:53:42,510  INFO [LocalJobRunner Map Task Executor #0] exec.MapOperator: Closing Operator: MAP[0]
2024-04-24T00:53:42,510  INFO [LocalJobRunner Map Task Executor #0] exec.MapOperator: MAP[0]: Total records read - 1. abort - false
2024-04-24T00:53:42,510  INFO [LocalJobRunner Map Task Executor #0] exec.MapOperator: RECORDS_IN:1, RECORDS_OUT_INTERMEDIATE:0, DESERIALIZE_ERRORS:0, RECORDS_OUT_OPERATOR_MAP_0:0, 
2024-04-24T00:53:42,510  INFO [LocalJobRunner Map Task Executor #0] exec.TableScanOperator: Closing Operator: TS[0]
2024-04-24T00:53:42,510  INFO [LocalJobRunner Map Task Executor #0] exec.TableScanOperator: RECORDS_OUT_INTERMEDIATE:0, RECORDS_OUT_OPERATOR_TS_0:1, 
2024-04-24T00:53:42,511  INFO [LocalJobRunner Map Task Executor #0] exec.SelectOperator: Closing Operator: SEL[1]
2024-04-24T00:53:42,511  INFO [LocalJobRunner Map Task Executor #0] exec.SelectOperator: RECORDS_OUT_OPERATOR_SEL_1:1, RECORDS_OUT_INTERMEDIATE:0, 
2024-04-24T00:53:42,511  INFO [LocalJobRunner Map Task Executor #0] exec.ReduceSinkOperator: Closing Operator: RS[2]
2024-04-24T00:53:42,511  INFO [LocalJobRunner Map Task Executor #0] exec.ReduceSinkOperator: RS[2]: Total records written - 1. abort - false
2024-04-24T00:53:42,511  INFO [LocalJobRunner Map Task Executor #0] exec.ReduceSinkOperator: RECORDS_OUT_OPERATOR_RS_2:1, RECORDS_OUT_INTERMEDIATE:1, 
2024-04-24T00:53:42,511  INFO [LocalJobRunner Map Task Executor #0] mapred.LocalJobRunner: 
2024-04-24T00:53:42,511  INFO [LocalJobRunner Map Task Executor #0] mapred.MapTask: Starting flush of map output
2024-04-24T00:53:42,511  INFO [LocalJobRunner Map Task Executor #0] mapred.MapTask: Spilling map output
2024-04-24T00:53:42,512  INFO [LocalJobRunner Map Task Executor #0] mapred.MapTask: bufstart = 0; bufend = 210; bufvoid = 104857600
2024-04-24T00:53:42,512  INFO [LocalJobRunner Map Task Executor #0] mapred.MapTask: kvstart = 26214396(104857584); kvend = 26214396(104857584); length = 1/6553600
2024-04-24T00:53:42,520  INFO [LocalJobRunner Map Task Executor #0] mapred.MapTask: Finished spill 0
2024-04-24T00:53:42,523  INFO [LocalJobRunner Map Task Executor #0] mapred.Task: Task:attempt_local1296571944_0013_m_000002_0 is done. And is in the process of committing
2024-04-24T00:53:42,523  INFO [LocalJobRunner Map Task Executor #0] mapred.LocalJobRunner: OrcSplit [file:/home/alex/Repositories/hive/ql/target/tmp/org.apache.hadoop.hive.ql.TestTxnNoBuckets-1713945183193/warehouse/nobuckets/c3=4/delta_0000001_0000001_0000/bucket_00000_0, start=3, length=309, isOriginal=false, fileLength=663, hasFooter=false, hasBase=true, deltas=0]
2024-04-24T00:53:42,523  INFO [LocalJobRunner Map Task Executor #0] mapred.Task: Task 'attempt_local1296571944_0013_m_000002_0' done.
2024-04-24T00:53:42,524  INFO [LocalJobRunner Map Task Executor #0] mapred.Task: Final Counters for attempt_local1296571944_0013_m_000002_0: Counters: 24
	File System Counters
		FILE: Number of bytes read=330044
		FILE: Number of bytes written=15653004
		FILE: Number of read operations=0
		FILE: Number of large read operations=0
		FILE: Number of write operations=0
	Map-Reduce Framework
		Map input records=1
		Map output records=1
		Map output bytes=210
		Map output materialized bytes=219
		Input split bytes=511
		Combine input records=0
		Spilled Records=1
		Failed Shuffles=0
		Merged Map outputs=0
		GC time elapsed (ms)=0
		Total committed heap usage (bytes)=1117782016
	HIVE
		DESERIALIZE_ERRORS=0
		RECORDS_IN=1
		RECORDS_OUT_INTERMEDIATE=1
		RECORDS_OUT_OPERATOR_MAP_0=0
		RECORDS_OUT_OPERATOR_RS_2=1
		RECORDS_OUT_OPERATOR_SEL_1=1
		RECORDS_OUT_OPERATOR_TS_0=1
	File Input Format Counters 
		Bytes Read=10286
2024-04-24T00:53:42,524  INFO [LocalJobRunner Map Task Executor #0] mapred.LocalJobRunner: Finishing task: attempt_local1296571944_0013_m_000002_0
2024-04-24T00:53:42,524  INFO [LocalJobRunner Map Task Executor #0] mapred.LocalJobRunner: Starting task: attempt_local1296571944_0013_m_000003_0
2024-04-24T00:53:42,524  INFO [LocalJobRunner Map Task Executor #0] mapred.Task:  Using ResourceCalculatorProcessTree : [ ]
2024-04-24T00:53:42,525  INFO [LocalJobRunner Map Task Executor #0] mapred.MapTask: Processing split: org.apache.hadoop.hive.ql.io.orc.OrcInputFormat:OrcSplit [file:/home/alex/Repositories/hive/ql/target/tmp/org.apache.hadoop.hive.ql.TestTxnNoBuckets-1713945183193/warehouse/nobuckets/c3=6/delta_0000001_0000001_0000/bucket_00000_0, start=3, length=309, isOriginal=false, fileLength=665, hasFooter=false, hasBase=true, deltas=0]
2024-04-24T00:53:42,526  INFO [LocalJobRunner Map Task Executor #0] exec.SerializationUtilities: Deserializing MapWork using kryo
2024-04-24T00:53:42,526  INFO [LocalJobRunner Map Task Executor #0] exec.Utilities: Deserialized plan (via FILE) - name: null size: 7,48KB
2024-04-24T00:53:42,528  INFO [LocalJobRunner Map Task Executor #0] orc.OrcRawRecordMerger: min key = null, max key = null
2024-04-24T00:53:42,529  INFO [LocalJobRunner Map Task Executor #0] orc.ReaderImpl: Reading ORC rows from file:/home/alex/Repositories/hive/ql/target/tmp/org.apache.hadoop.hive.ql.TestTxnNoBuckets-1713945183193/warehouse/nobuckets/c3=6/delta_0000001_0000001_0000/bucket_00000_0 with {include: [true, true, true], offset: 3, length: 309, schema: struct<c1:int,c2:int>, includeAcidColumns: true}
2024-04-24T00:53:42,530  INFO [LocalJobRunner Map Task Executor #0] orc.OrcRawRecordMerger: updated min key = null, max key = null
2024-04-24T00:53:42,530  INFO [LocalJobRunner Map Task Executor #0] mapred.MapTask: numReduceTasks: 1
2024-04-24T00:53:42,534  INFO [LocalJobRunner Map Task Executor #0] mapred.MapTask: (EQUATOR) 0 kvi 26214396(104857584)
2024-04-24T00:53:42,535  INFO [LocalJobRunner Map Task Executor #0] mapred.MapTask: mapreduce.task.io.sort.mb: 100
2024-04-24T00:53:42,535  INFO [LocalJobRunner Map Task Executor #0] mapred.MapTask: soft limit at 83886080
2024-04-24T00:53:42,535  INFO [LocalJobRunner Map Task Executor #0] mapred.MapTask: bufstart = 0; bufvoid = 104857600
2024-04-24T00:53:42,535  INFO [LocalJobRunner Map Task Executor #0] mapred.MapTask: kvstart = 26214396; length = 6553600
2024-04-24T00:53:42,535  INFO [LocalJobRunner Map Task Executor #0] mapred.MapTask: Map output collector class = org.apache.hadoop.mapred.MapTask$MapOutputBuffer
2024-04-24T00:53:42,536  INFO [LocalJobRunner Map Task Executor #0] exec.MapOperator: Initializing Operator: MAP[0]
2024-04-24T00:53:42,538  INFO [LocalJobRunner Map Task Executor #0] mr.ExecMapper: 
<MAP>Id =0
  <Children>null
  <\Children>
  <Parent><\Parent>
<\MAP>
2024-04-24T00:53:42,539  INFO [LocalJobRunner Map Task Executor #0] exec.TableScanOperator: Initializing Operator: TS[0]
2024-04-24T00:53:42,539  INFO [LocalJobRunner Map Task Executor #0] exec.SelectOperator: Initializing Operator: SEL[1]
2024-04-24T00:53:42,539  INFO [LocalJobRunner Map Task Executor #0] exec.SelectOperator: SELECT struct<c1:int,c2:int,c3:int,row__id:struct<writeid:bigint,bucketid:int,rowid:bigint>,input__file__name:string>
2024-04-24T00:53:42,539  INFO [LocalJobRunner Map Task Executor #0] exec.ReduceSinkOperator: Initializing Operator: RS[2]
2024-04-24T00:53:42,539  INFO [LocalJobRunner Map Task Executor #0] exec.ReduceSinkOperator: Using tag = -1
2024-04-24T00:53:42,540  INFO [LocalJobRunner Map Task Executor #0] exec.ReduceSinkOperator: keys are [reducesinkkey0] num distributions: 1
2024-04-24T00:53:42,540  INFO [LocalJobRunner Map Task Executor #0] exec.ReduceSinkOperator: RS[2]: records written - 1
2024-04-24T00:53:42,540  INFO [LocalJobRunner Map Task Executor #0] exec.MapOperator: MAP[0]: records read - 1
2024-04-24T00:53:42,540  INFO [LocalJobRunner Map Task Executor #0] exec.MapOperator: Closing Operator: MAP[0]
2024-04-24T00:53:42,540  INFO [LocalJobRunner Map Task Executor #0] exec.MapOperator: MAP[0]: Total records read - 1. abort - false
2024-04-24T00:53:42,540  INFO [LocalJobRunner Map Task Executor #0] exec.MapOperator: RECORDS_IN:1, DESERIALIZE_ERRORS:0, RECORDS_OUT_OPERATOR_MAP_0:0, RECORDS_OUT_INTERMEDIATE:0, 
2024-04-24T00:53:42,540  INFO [LocalJobRunner Map Task Executor #0] exec.TableScanOperator: Closing Operator: TS[0]
2024-04-24T00:53:42,540  INFO [LocalJobRunner Map Task Executor #0] exec.TableScanOperator: RECORDS_OUT_OPERATOR_TS_0:1, RECORDS_OUT_INTERMEDIATE:0, 
2024-04-24T00:53:42,540  INFO [LocalJobRunner Map Task Executor #0] exec.SelectOperator: Closing Operator: SEL[1]
2024-04-24T00:53:42,540  INFO [LocalJobRunner Map Task Executor #0] exec.SelectOperator: RECORDS_OUT_INTERMEDIATE:0, RECORDS_OUT_OPERATOR_SEL_1:1, 
2024-04-24T00:53:42,540  INFO [LocalJobRunner Map Task Executor #0] exec.ReduceSinkOperator: Closing Operator: RS[2]
2024-04-24T00:53:42,540  INFO [LocalJobRunner Map Task Executor #0] exec.ReduceSinkOperator: RS[2]: Total records written - 1. abort - false
2024-04-24T00:53:42,540  INFO [LocalJobRunner Map Task Executor #0] exec.ReduceSinkOperator: RECORDS_OUT_INTERMEDIATE:1, RECORDS_OUT_OPERATOR_RS_2:1, 
2024-04-24T00:53:42,541  INFO [LocalJobRunner Map Task Executor #0] mapred.LocalJobRunner: 
2024-04-24T00:53:42,541  INFO [LocalJobRunner Map Task Executor #0] mapred.MapTask: Starting flush of map output
2024-04-24T00:53:42,541  INFO [LocalJobRunner Map Task Executor #0] mapred.MapTask: Spilling map output
2024-04-24T00:53:42,541  INFO [LocalJobRunner Map Task Executor #0] mapred.MapTask: bufstart = 0; bufend = 210; bufvoid = 104857600
2024-04-24T00:53:42,541  INFO [LocalJobRunner Map Task Executor #0] mapred.MapTask: kvstart = 26214396(104857584); kvend = 26214396(104857584); length = 1/6553600
2024-04-24T00:53:42,549  INFO [LocalJobRunner Map Task Executor #0] mapred.MapTask: Finished spill 0
2024-04-24T00:53:42,552  INFO [LocalJobRunner Map Task Executor #0] mapred.Task: Task:attempt_local1296571944_0013_m_000003_0 is done. And is in the process of committing
2024-04-24T00:53:42,553  INFO [LocalJobRunner Map Task Executor #0] mapred.LocalJobRunner: OrcSplit [file:/home/alex/Repositories/hive/ql/target/tmp/org.apache.hadoop.hive.ql.TestTxnNoBuckets-1713945183193/warehouse/nobuckets/c3=6/delta_0000001_0000001_0000/bucket_00000_0, start=3, length=309, isOriginal=false, fileLength=665, hasFooter=false, hasBase=true, deltas=0]
2024-04-24T00:53:42,553  INFO [LocalJobRunner Map Task Executor #0] mapred.Task: Task 'attempt_local1296571944_0013_m_000003_0' done.
2024-04-24T00:53:42,553  INFO [LocalJobRunner Map Task Executor #0] mapred.Task: Final Counters for attempt_local1296571944_0013_m_000003_0: Counters: 24
	File System Counters
		FILE: Number of bytes read=342422
		FILE: Number of bytes written=15653255
		FILE: Number of read operations=0
		FILE: Number of large read operations=0
		FILE: Number of write operations=0
	Map-Reduce Framework
		Map input records=1
		Map output records=1
		Map output bytes=210
		Map output materialized bytes=219
		Input split bytes=511
		Combine input records=0
		Spilled Records=1
		Failed Shuffles=0
		Merged Map outputs=0
		GC time elapsed (ms)=0
		Total committed heap usage (bytes)=1117782016
	HIVE
		DESERIALIZE_ERRORS=0
		RECORDS_IN=1
		RECORDS_OUT_INTERMEDIATE=1
		RECORDS_OUT_OPERATOR_MAP_0=0
		RECORDS_OUT_OPERATOR_RS_2=1
		RECORDS_OUT_OPERATOR_SEL_1=1
		RECORDS_OUT_OPERATOR_TS_0=1
	File Input Format Counters 
		Bytes Read=10294
2024-04-24T00:53:42,553  INFO [LocalJobRunner Map Task Executor #0] mapred.LocalJobRunner: Finishing task: attempt_local1296571944_0013_m_000003_0
2024-04-24T00:53:42,553  INFO [LocalJobRunner Map Task Executor #0] mapred.LocalJobRunner: Starting task: attempt_local1296571944_0013_m_000004_0
2024-04-24T00:53:42,554  INFO [LocalJobRunner Map Task Executor #0] mapred.Task:  Using ResourceCalculatorProcessTree : [ ]
2024-04-24T00:53:42,554  INFO [LocalJobRunner Map Task Executor #0] mapred.MapTask: Processing split: org.apache.hadoop.hive.ql.io.orc.OrcInputFormat:OrcSplit [file:/home/alex/Repositories/hive/ql/target/tmp/org.apache.hadoop.hive.ql.TestTxnNoBuckets-1713945183193/warehouse/nobuckets/c3=1/delta_0000001_0000001_0000/bucket_00000_0, start=3, length=309, isOriginal=false, fileLength=655, hasFooter=false, hasBase=true, deltas=0]
2024-04-24T00:53:42,555  INFO [LocalJobRunner Map Task Executor #0] exec.SerializationUtilities: Deserializing MapWork using kryo
2024-04-24T00:53:42,555  INFO [LocalJobRunner Map Task Executor #0] exec.Utilities: Deserialized plan (via FILE) - name: null size: 7,48KB
2024-04-24T00:53:42,557  INFO [LocalJobRunner Map Task Executor #0] orc.OrcRawRecordMerger: min key = null, max key = null
2024-04-24T00:53:42,557  INFO [LocalJobRunner Map Task Executor #0] orc.ReaderImpl: Reading ORC rows from file:/home/alex/Repositories/hive/ql/target/tmp/org.apache.hadoop.hive.ql.TestTxnNoBuckets-1713945183193/warehouse/nobuckets/c3=1/delta_0000001_0000001_0000/bucket_00000_0 with {include: [true, true, true], offset: 3, length: 309, schema: struct<c1:int,c2:int>, includeAcidColumns: true}
2024-04-24T00:53:42,558  INFO [LocalJobRunner Map Task Executor #0] orc.OrcRawRecordMerger: updated min key = null, max key = null
2024-04-24T00:53:42,558  INFO [LocalJobRunner Map Task Executor #0] mapred.MapTask: numReduceTasks: 1
2024-04-24T00:53:42,563  INFO [LocalJobRunner Map Task Executor #0] mapred.MapTask: (EQUATOR) 0 kvi 26214396(104857584)
2024-04-24T00:53:42,563  INFO [LocalJobRunner Map Task Executor #0] mapred.MapTask: mapreduce.task.io.sort.mb: 100
2024-04-24T00:53:42,563  INFO [LocalJobRunner Map Task Executor #0] mapred.MapTask: soft limit at 83886080
2024-04-24T00:53:42,563  INFO [LocalJobRunner Map Task Executor #0] mapred.MapTask: bufstart = 0; bufvoid = 104857600
2024-04-24T00:53:42,563  INFO [LocalJobRunner Map Task Executor #0] mapred.MapTask: kvstart = 26214396; length = 6553600
2024-04-24T00:53:42,563  INFO [LocalJobRunner Map Task Executor #0] mapred.MapTask: Map output collector class = org.apache.hadoop.mapred.MapTask$MapOutputBuffer
2024-04-24T00:53:42,564  INFO [LocalJobRunner Map Task Executor #0] exec.MapOperator: Initializing Operator: MAP[0]
2024-04-24T00:53:42,567  INFO [LocalJobRunner Map Task Executor #0] mr.ExecMapper: 
<MAP>Id =0
  <Children>null
  <\Children>
  <Parent><\Parent>
<\MAP>
2024-04-24T00:53:42,567  INFO [LocalJobRunner Map Task Executor #0] exec.TableScanOperator: Initializing Operator: TS[0]
2024-04-24T00:53:42,567  INFO [LocalJobRunner Map Task Executor #0] exec.SelectOperator: Initializing Operator: SEL[1]
2024-04-24T00:53:42,568  INFO [LocalJobRunner Map Task Executor #0] exec.SelectOperator: SELECT struct<c1:int,c2:int,c3:int,row__id:struct<writeid:bigint,bucketid:int,rowid:bigint>,input__file__name:string>
2024-04-24T00:53:42,568  INFO [LocalJobRunner Map Task Executor #0] exec.ReduceSinkOperator: Initializing Operator: RS[2]
2024-04-24T00:53:42,568  INFO [LocalJobRunner Map Task Executor #0] exec.ReduceSinkOperator: Using tag = -1
2024-04-24T00:53:42,568  INFO [LocalJobRunner Map Task Executor #0] exec.ReduceSinkOperator: keys are [reducesinkkey0] num distributions: 1
2024-04-24T00:53:42,568  INFO [LocalJobRunner Map Task Executor #0] exec.ReduceSinkOperator: RS[2]: records written - 1
2024-04-24T00:53:42,568  INFO [LocalJobRunner Map Task Executor #0] exec.MapOperator: MAP[0]: records read - 1
2024-04-24T00:53:42,568  INFO [LocalJobRunner Map Task Executor #0] exec.MapOperator: Closing Operator: MAP[0]
2024-04-24T00:53:42,568  INFO [LocalJobRunner Map Task Executor #0] exec.MapOperator: MAP[0]: Total records read - 1. abort - false
2024-04-24T00:53:42,569  INFO [LocalJobRunner Map Task Executor #0] exec.MapOperator: RECORDS_IN:1, DESERIALIZE_ERRORS:0, RECORDS_OUT_OPERATOR_MAP_0:0, RECORDS_OUT_INTERMEDIATE:0, 
2024-04-24T00:53:42,569  INFO [LocalJobRunner Map Task Executor #0] exec.TableScanOperator: Closing Operator: TS[0]
2024-04-24T00:53:42,569  INFO [LocalJobRunner Map Task Executor #0] exec.TableScanOperator: RECORDS_OUT_INTERMEDIATE:0, RECORDS_OUT_OPERATOR_TS_0:1, 
2024-04-24T00:53:42,569  INFO [LocalJobRunner Map Task Executor #0] exec.SelectOperator: Closing Operator: SEL[1]
2024-04-24T00:53:42,569  INFO [LocalJobRunner Map Task Executor #0] exec.SelectOperator: RECORDS_OUT_INTERMEDIATE:0, RECORDS_OUT_OPERATOR_SEL_1:1, 
2024-04-24T00:53:42,569  INFO [LocalJobRunner Map Task Executor #0] exec.ReduceSinkOperator: Closing Operator: RS[2]
2024-04-24T00:53:42,569  INFO [LocalJobRunner Map Task Executor #0] exec.ReduceSinkOperator: RS[2]: Total records written - 1. abort - false
2024-04-24T00:53:42,569  INFO [LocalJobRunner Map Task Executor #0] exec.ReduceSinkOperator: RECORDS_OUT_OPERATOR_RS_2:1, RECORDS_OUT_INTERMEDIATE:1, 
2024-04-24T00:53:42,569  INFO [LocalJobRunner Map Task Executor #0] mapred.LocalJobRunner: 
2024-04-24T00:53:42,569  INFO [LocalJobRunner Map Task Executor #0] mapred.MapTask: Starting flush of map output
2024-04-24T00:53:42,569  INFO [LocalJobRunner Map Task Executor #0] mapred.MapTask: Spilling map output
2024-04-24T00:53:42,569  INFO [LocalJobRunner Map Task Executor #0] mapred.MapTask: bufstart = 0; bufend = 210; bufvoid = 104857600
2024-04-24T00:53:42,569  INFO [LocalJobRunner Map Task Executor #0] mapred.MapTask: kvstart = 26214396(104857584); kvend = 26214396(104857584); length = 1/6553600
2024-04-24T00:53:42,582  INFO [LocalJobRunner Map Task Executor #0] mapred.MapTask: Finished spill 0
2024-04-24T00:53:42,589  INFO [LocalJobRunner Map Task Executor #0] mapred.Task: Task:attempt_local1296571944_0013_m_000004_0 is done. And is in the process of committing
2024-04-24T00:53:42,591  INFO [LocalJobRunner Map Task Executor #0] mapred.LocalJobRunner: OrcSplit [file:/home/alex/Repositories/hive/ql/target/tmp/org.apache.hadoop.hive.ql.TestTxnNoBuckets-1713945183193/warehouse/nobuckets/c3=1/delta_0000001_0000001_0000/bucket_00000_0, start=3, length=309, isOriginal=false, fileLength=655, hasFooter=false, hasBase=true, deltas=0]
2024-04-24T00:53:42,591  INFO [LocalJobRunner Map Task Executor #0] mapred.Task: Task 'attempt_local1296571944_0013_m_000004_0' done.
2024-04-24T00:53:42,591  INFO [LocalJobRunner Map Task Executor #0] mapred.Task: Final Counters for attempt_local1296571944_0013_m_000004_0: Counters: 24
	File System Counters
		FILE: Number of bytes read=354248
		FILE: Number of bytes written=15653506
		FILE: Number of read operations=0
		FILE: Number of large read operations=0
		FILE: Number of write operations=0
	Map-Reduce Framework
		Map input records=1
		Map output records=1
		Map output bytes=210
		Map output materialized bytes=219
		Input split bytes=511
		Combine input records=0
		Spilled Records=1
		Failed Shuffles=0
		Merged Map outputs=0
		GC time elapsed (ms)=0
		Total committed heap usage (bytes)=1117782016
	HIVE
		DESERIALIZE_ERRORS=0
		RECORDS_IN=1
		RECORDS_OUT_INTERMEDIATE=1
		RECORDS_OUT_OPERATOR_MAP_0=0
		RECORDS_OUT_OPERATOR_RS_2=1
		RECORDS_OUT_OPERATOR_SEL_1=1
		RECORDS_OUT_OPERATOR_TS_0=1
	File Input Format Counters 
		Bytes Read=10254
2024-04-24T00:53:42,591  INFO [LocalJobRunner Map Task Executor #0] mapred.LocalJobRunner: Finishing task: attempt_local1296571944_0013_m_000004_0
2024-04-24T00:53:42,591  INFO [LocalJobRunner Map Task Executor #0] mapred.LocalJobRunner: Starting task: attempt_local1296571944_0013_m_000005_0
2024-04-24T00:53:42,592  INFO [LocalJobRunner Map Task Executor #0] mapred.Task:  Using ResourceCalculatorProcessTree : [ ]
2024-04-24T00:53:42,593  INFO [LocalJobRunner Map Task Executor #0] mapred.MapTask: Processing split: org.apache.hadoop.hive.ql.io.orc.OrcInputFormat:OrcSplit [file:/home/alex/Repositories/hive/ql/target/tmp/org.apache.hadoop.hive.ql.TestTxnNoBuckets-1713945183193/warehouse/nobuckets/c3=5/delta_0000001_0000001_0000/bucket_00000_0, start=3, length=309, isOriginal=false, fileLength=664, hasFooter=false, hasBase=true, deltas=0]
2024-04-24T00:53:42,595  INFO [LocalJobRunner Map Task Executor #0] exec.SerializationUtilities: Deserializing MapWork using kryo
2024-04-24T00:53:42,598  INFO [LocalJobRunner Map Task Executor #0] exec.Utilities: Deserialized plan (via FILE) - name: null size: 7,48KB
2024-04-24T00:53:42,601  INFO [LocalJobRunner Map Task Executor #0] orc.OrcRawRecordMerger: min key = null, max key = null
2024-04-24T00:53:42,601  INFO [LocalJobRunner Map Task Executor #0] orc.ReaderImpl: Reading ORC rows from file:/home/alex/Repositories/hive/ql/target/tmp/org.apache.hadoop.hive.ql.TestTxnNoBuckets-1713945183193/warehouse/nobuckets/c3=5/delta_0000001_0000001_0000/bucket_00000_0 with {include: [true, true, true], offset: 3, length: 309, schema: struct<c1:int,c2:int>, includeAcidColumns: true}
2024-04-24T00:53:42,602  INFO [LocalJobRunner Map Task Executor #0] orc.OrcRawRecordMerger: updated min key = null, max key = null
2024-04-24T00:53:42,603  INFO [LocalJobRunner Map Task Executor #0] mapred.MapTask: numReduceTasks: 1
2024-04-24T00:53:42,616  INFO [LocalJobRunner Map Task Executor #0] mapred.MapTask: (EQUATOR) 0 kvi 26214396(104857584)
2024-04-24T00:53:42,616  INFO [LocalJobRunner Map Task Executor #0] mapred.MapTask: mapreduce.task.io.sort.mb: 100
2024-04-24T00:53:42,616  INFO [LocalJobRunner Map Task Executor #0] mapred.MapTask: soft limit at 83886080
2024-04-24T00:53:42,616  INFO [LocalJobRunner Map Task Executor #0] mapred.MapTask: bufstart = 0; bufvoid = 104857600
2024-04-24T00:53:42,616  INFO [LocalJobRunner Map Task Executor #0] mapred.MapTask: kvstart = 26214396; length = 6553600
2024-04-24T00:53:42,616  INFO [LocalJobRunner Map Task Executor #0] mapred.MapTask: Map output collector class = org.apache.hadoop.mapred.MapTask$MapOutputBuffer
2024-04-24T00:53:42,617  INFO [LocalJobRunner Map Task Executor #0] exec.MapOperator: Initializing Operator: MAP[0]
2024-04-24T00:53:42,620  INFO [LocalJobRunner Map Task Executor #0] mr.ExecMapper: 
<MAP>Id =0
  <Children>null
  <\Children>
  <Parent><\Parent>
<\MAP>
2024-04-24T00:53:42,620  INFO [LocalJobRunner Map Task Executor #0] exec.TableScanOperator: Initializing Operator: TS[0]
2024-04-24T00:53:42,620  INFO [LocalJobRunner Map Task Executor #0] exec.SelectOperator: Initializing Operator: SEL[1]
2024-04-24T00:53:42,620  INFO [LocalJobRunner Map Task Executor #0] exec.SelectOperator: SELECT struct<c1:int,c2:int,c3:int,row__id:struct<writeid:bigint,bucketid:int,rowid:bigint>,input__file__name:string>
2024-04-24T00:53:42,621  INFO [LocalJobRunner Map Task Executor #0] exec.ReduceSinkOperator: Initializing Operator: RS[2]
2024-04-24T00:53:42,621  INFO [LocalJobRunner Map Task Executor #0] exec.ReduceSinkOperator: Using tag = -1
2024-04-24T00:53:42,621  INFO [LocalJobRunner Map Task Executor #0] exec.ReduceSinkOperator: keys are [reducesinkkey0] num distributions: 1
2024-04-24T00:53:42,621  INFO [LocalJobRunner Map Task Executor #0] exec.ReduceSinkOperator: RS[2]: records written - 1
2024-04-24T00:53:42,621  INFO [LocalJobRunner Map Task Executor #0] exec.MapOperator: MAP[0]: records read - 1
2024-04-24T00:53:42,621  INFO [LocalJobRunner Map Task Executor #0] exec.MapOperator: Closing Operator: MAP[0]
2024-04-24T00:53:42,621  INFO [LocalJobRunner Map Task Executor #0] exec.MapOperator: MAP[0]: Total records read - 1. abort - false
2024-04-24T00:53:42,621  INFO [LocalJobRunner Map Task Executor #0] exec.MapOperator: RECORDS_IN:1, RECORDS_OUT_INTERMEDIATE:0, RECORDS_OUT_OPERATOR_MAP_0:0, DESERIALIZE_ERRORS:0, 
2024-04-24T00:53:42,621  INFO [LocalJobRunner Map Task Executor #0] exec.TableScanOperator: Closing Operator: TS[0]
2024-04-24T00:53:42,621  INFO [LocalJobRunner Map Task Executor #0] exec.TableScanOperator: RECORDS_OUT_INTERMEDIATE:0, RECORDS_OUT_OPERATOR_TS_0:1, 
2024-04-24T00:53:42,621  INFO [LocalJobRunner Map Task Executor #0] exec.SelectOperator: Closing Operator: SEL[1]
2024-04-24T00:53:42,621  INFO [LocalJobRunner Map Task Executor #0] exec.SelectOperator: RECORDS_OUT_OPERATOR_SEL_1:1, RECORDS_OUT_INTERMEDIATE:0, 
2024-04-24T00:53:42,621  INFO [LocalJobRunner Map Task Executor #0] exec.ReduceSinkOperator: Closing Operator: RS[2]
2024-04-24T00:53:42,621  INFO [LocalJobRunner Map Task Executor #0] exec.ReduceSinkOperator: RS[2]: Total records written - 1. abort - false
2024-04-24T00:53:42,622  INFO [LocalJobRunner Map Task Executor #0] exec.ReduceSinkOperator: RECORDS_OUT_OPERATOR_RS_2:1, RECORDS_OUT_INTERMEDIATE:1, 
2024-04-24T00:53:42,622  INFO [LocalJobRunner Map Task Executor #0] mapred.LocalJobRunner: 
2024-04-24T00:53:42,622  INFO [LocalJobRunner Map Task Executor #0] mapred.MapTask: Starting flush of map output
2024-04-24T00:53:42,622  INFO [LocalJobRunner Map Task Executor #0] mapred.MapTask: Spilling map output
2024-04-24T00:53:42,622  INFO [LocalJobRunner Map Task Executor #0] mapred.MapTask: bufstart = 0; bufend = 210; bufvoid = 104857600
2024-04-24T00:53:42,622  INFO [LocalJobRunner Map Task Executor #0] mapred.MapTask: kvstart = 26214396(104857584); kvend = 26214396(104857584); length = 1/6553600
2024-04-24T00:53:42,631  INFO [LocalJobRunner Map Task Executor #0] mapred.MapTask: Finished spill 0
2024-04-24T00:53:42,634  INFO [LocalJobRunner Map Task Executor #0] mapred.Task: Task:attempt_local1296571944_0013_m_000005_0 is done. And is in the process of committing
2024-04-24T00:53:42,634  INFO [LocalJobRunner Map Task Executor #0] mapred.LocalJobRunner: OrcSplit [file:/home/alex/Repositories/hive/ql/target/tmp/org.apache.hadoop.hive.ql.TestTxnNoBuckets-1713945183193/warehouse/nobuckets/c3=5/delta_0000001_0000001_0000/bucket_00000_0, start=3, length=309, isOriginal=false, fileLength=664, hasFooter=false, hasBase=true, deltas=0]
2024-04-24T00:53:42,634  INFO [LocalJobRunner Map Task Executor #0] mapred.Task: Task 'attempt_local1296571944_0013_m_000005_0' done.
2024-04-24T00:53:42,635  INFO [LocalJobRunner Map Task Executor #0] mapred.Task: Final Counters for attempt_local1296571944_0013_m_000005_0: Counters: 24
	File System Counters
		FILE: Number of bytes read=365598
		FILE: Number of bytes written=15653757
		FILE: Number of read operations=0
		FILE: Number of large read operations=0
		FILE: Number of write operations=0
	Map-Reduce Framework
		Map input records=1
		Map output records=1
		Map output bytes=210
		Map output materialized bytes=219
		Input split bytes=511
		Combine input records=0
		Spilled Records=1
		Failed Shuffles=0
		Merged Map outputs=0
		GC time elapsed (ms)=6
		Total committed heap usage (bytes)=1118830592
	HIVE
		DESERIALIZE_ERRORS=0
		RECORDS_IN=1
		RECORDS_OUT_INTERMEDIATE=1
		RECORDS_OUT_OPERATOR_MAP_0=0
		RECORDS_OUT_OPERATOR_RS_2=1
		RECORDS_OUT_OPERATOR_SEL_1=1
		RECORDS_OUT_OPERATOR_TS_0=1
	File Input Format Counters 
		Bytes Read=10290
2024-04-24T00:53:42,635  INFO [LocalJobRunner Map Task Executor #0] mapred.LocalJobRunner: Finishing task: attempt_local1296571944_0013_m_000005_0
2024-04-24T00:53:42,635  INFO [LocalJobRunner Map Task Executor #0] mapred.LocalJobRunner: Starting task: attempt_local1296571944_0013_m_000006_0
2024-04-24T00:53:42,635  INFO [LocalJobRunner Map Task Executor #0] mapred.Task:  Using ResourceCalculatorProcessTree : [ ]
2024-04-24T00:53:42,636  INFO [LocalJobRunner Map Task Executor #0] mapred.MapTask: Processing split: org.apache.hadoop.hive.ql.io.orc.OrcInputFormat:OrcSplit [file:/home/alex/Repositories/hive/ql/target/tmp/org.apache.hadoop.hive.ql.TestTxnNoBuckets-1713945183193/warehouse/nobuckets/c3=2/delta_0000001_0000001_0000/bucket_00000_0, start=3, length=309, isOriginal=false, fileLength=663, hasFooter=false, hasBase=true, deltas=0]
2024-04-24T00:53:42,636  INFO [LocalJobRunner Map Task Executor #0] exec.SerializationUtilities: Deserializing MapWork using kryo
2024-04-24T00:53:42,637  INFO [LocalJobRunner Map Task Executor #0] exec.Utilities: Deserialized plan (via FILE) - name: null size: 7,48KB
2024-04-24T00:53:42,638  INFO [LocalJobRunner Map Task Executor #0] orc.OrcRawRecordMerger: min key = null, max key = null
2024-04-24T00:53:42,638  INFO [LocalJobRunner Map Task Executor #0] orc.ReaderImpl: Reading ORC rows from file:/home/alex/Repositories/hive/ql/target/tmp/org.apache.hadoop.hive.ql.TestTxnNoBuckets-1713945183193/warehouse/nobuckets/c3=2/delta_0000001_0000001_0000/bucket_00000_0 with {include: [true, true, true], offset: 3, length: 309, schema: struct<c1:int,c2:int>, includeAcidColumns: true}
2024-04-24T00:53:42,639  INFO [LocalJobRunner Map Task Executor #0] orc.OrcRawRecordMerger: updated min key = null, max key = null
2024-04-24T00:53:42,639  INFO [LocalJobRunner Map Task Executor #0] mapred.MapTask: numReduceTasks: 1
2024-04-24T00:53:42,644  INFO [LocalJobRunner Map Task Executor #0] mapred.MapTask: (EQUATOR) 0 kvi 26214396(104857584)
2024-04-24T00:53:42,644  INFO [LocalJobRunner Map Task Executor #0] mapred.MapTask: mapreduce.task.io.sort.mb: 100
2024-04-24T00:53:42,644  INFO [LocalJobRunner Map Task Executor #0] mapred.MapTask: soft limit at 83886080
2024-04-24T00:53:42,644  INFO [LocalJobRunner Map Task Executor #0] mapred.MapTask: bufstart = 0; bufvoid = 104857600
2024-04-24T00:53:42,644  INFO [LocalJobRunner Map Task Executor #0] mapred.MapTask: kvstart = 26214396; length = 6553600
2024-04-24T00:53:42,645  INFO [LocalJobRunner Map Task Executor #0] mapred.MapTask: Map output collector class = org.apache.hadoop.mapred.MapTask$MapOutputBuffer
2024-04-24T00:53:42,645  INFO [LocalJobRunner Map Task Executor #0] exec.MapOperator: Initializing Operator: MAP[0]
2024-04-24T00:53:42,648  INFO [LocalJobRunner Map Task Executor #0] mr.ExecMapper: 
<MAP>Id =0
  <Children>null
  <\Children>
  <Parent><\Parent>
<\MAP>
2024-04-24T00:53:42,648  INFO [LocalJobRunner Map Task Executor #0] exec.TableScanOperator: Initializing Operator: TS[0]
2024-04-24T00:53:42,649  INFO [LocalJobRunner Map Task Executor #0] exec.SelectOperator: Initializing Operator: SEL[1]
2024-04-24T00:53:42,649  INFO [LocalJobRunner Map Task Executor #0] exec.SelectOperator: SELECT struct<c1:int,c2:int,c3:int,row__id:struct<writeid:bigint,bucketid:int,rowid:bigint>,input__file__name:string>
2024-04-24T00:53:42,649  INFO [LocalJobRunner Map Task Executor #0] exec.ReduceSinkOperator: Initializing Operator: RS[2]
2024-04-24T00:53:42,649  INFO [LocalJobRunner Map Task Executor #0] exec.ReduceSinkOperator: Using tag = -1
2024-04-24T00:53:42,649  INFO [LocalJobRunner Map Task Executor #0] exec.ReduceSinkOperator: keys are [reducesinkkey0] num distributions: 1
2024-04-24T00:53:42,649  INFO [LocalJobRunner Map Task Executor #0] exec.ReduceSinkOperator: RS[2]: records written - 1
2024-04-24T00:53:42,649  INFO [LocalJobRunner Map Task Executor #0] exec.MapOperator: MAP[0]: records read - 1
2024-04-24T00:53:42,649  INFO [LocalJobRunner Map Task Executor #0] exec.MapOperator: Closing Operator: MAP[0]
2024-04-24T00:53:42,649  INFO [LocalJobRunner Map Task Executor #0] exec.MapOperator: MAP[0]: Total records read - 1. abort - false
2024-04-24T00:53:42,649  INFO [LocalJobRunner Map Task Executor #0] exec.MapOperator: RECORDS_OUT_OPERATOR_MAP_0:0, DESERIALIZE_ERRORS:0, RECORDS_IN:1, RECORDS_OUT_INTERMEDIATE:0, 
2024-04-24T00:53:42,649  INFO [LocalJobRunner Map Task Executor #0] exec.TableScanOperator: Closing Operator: TS[0]
2024-04-24T00:53:42,649  INFO [LocalJobRunner Map Task Executor #0] exec.TableScanOperator: RECORDS_OUT_INTERMEDIATE:0, RECORDS_OUT_OPERATOR_TS_0:1, 
2024-04-24T00:53:42,649  INFO [LocalJobRunner Map Task Executor #0] exec.SelectOperator: Closing Operator: SEL[1]
2024-04-24T00:53:42,649  INFO [LocalJobRunner Map Task Executor #0] exec.SelectOperator: RECORDS_OUT_OPERATOR_SEL_1:1, RECORDS_OUT_INTERMEDIATE:0, 
2024-04-24T00:53:42,649  INFO [LocalJobRunner Map Task Executor #0] exec.ReduceSinkOperator: Closing Operator: RS[2]
2024-04-24T00:53:42,649  INFO [LocalJobRunner Map Task Executor #0] exec.ReduceSinkOperator: RS[2]: Total records written - 1. abort - false
2024-04-24T00:53:42,650  INFO [LocalJobRunner Map Task Executor #0] exec.ReduceSinkOperator: RECORDS_OUT_OPERATOR_RS_2:1, RECORDS_OUT_INTERMEDIATE:1, 
2024-04-24T00:53:42,650  INFO [LocalJobRunner Map Task Executor #0] mapred.LocalJobRunner: 
2024-04-24T00:53:42,650  INFO [LocalJobRunner Map Task Executor #0] mapred.MapTask: Starting flush of map output
2024-04-24T00:53:42,650  INFO [LocalJobRunner Map Task Executor #0] mapred.MapTask: Spilling map output
2024-04-24T00:53:42,650  INFO [LocalJobRunner Map Task Executor #0] mapred.MapTask: bufstart = 0; bufend = 210; bufvoid = 104857600
2024-04-24T00:53:42,650  INFO [LocalJobRunner Map Task Executor #0] mapred.MapTask: kvstart = 26214396(104857584); kvend = 26214396(104857584); length = 1/6553600
2024-04-24T00:53:42,659  INFO [LocalJobRunner Map Task Executor #0] mapred.MapTask: Finished spill 0
2024-04-24T00:53:42,662  INFO [LocalJobRunner Map Task Executor #0] mapred.Task: Task:attempt_local1296571944_0013_m_000006_0 is done. And is in the process of committing
2024-04-24T00:53:42,663  INFO [LocalJobRunner Map Task Executor #0] mapred.LocalJobRunner: OrcSplit [file:/home/alex/Repositories/hive/ql/target/tmp/org.apache.hadoop.hive.ql.TestTxnNoBuckets-1713945183193/warehouse/nobuckets/c3=2/delta_0000001_0000001_0000/bucket_00000_0, start=3, length=309, isOriginal=false, fileLength=663, hasFooter=false, hasBase=true, deltas=0]
2024-04-24T00:53:42,663  INFO [LocalJobRunner Map Task Executor #0] mapred.Task: Task 'attempt_local1296571944_0013_m_000006_0' done.
2024-04-24T00:53:42,663  INFO [LocalJobRunner Map Task Executor #0] mapred.Task: Final Counters for attempt_local1296571944_0013_m_000006_0: Counters: 24
	File System Counters
		FILE: Number of bytes read=376432
		FILE: Number of bytes written=15654008
		FILE: Number of read operations=0
		FILE: Number of large read operations=0
		FILE: Number of write operations=0
	Map-Reduce Framework
		Map input records=1
		Map output records=1
		Map output bytes=210
		Map output materialized bytes=219
		Input split bytes=511
		Combine input records=0
		Spilled Records=1
		Failed Shuffles=0
		Merged Map outputs=0
		GC time elapsed (ms)=0
		Total committed heap usage (bytes)=1118830592
	HIVE
		DESERIALIZE_ERRORS=0
		RECORDS_IN=1
		RECORDS_OUT_INTERMEDIATE=1
		RECORDS_OUT_OPERATOR_MAP_0=0
		RECORDS_OUT_OPERATOR_RS_2=1
		RECORDS_OUT_OPERATOR_SEL_1=1
		RECORDS_OUT_OPERATOR_TS_0=1
	File Input Format Counters 
		Bytes Read=10286
2024-04-24T00:53:42,663  INFO [LocalJobRunner Map Task Executor #0] mapred.LocalJobRunner: Finishing task: attempt_local1296571944_0013_m_000006_0
2024-04-24T00:53:42,663  INFO [Thread-907] mapred.LocalJobRunner: map task executor complete.
2024-04-24T00:53:42,664  INFO [Thread-907] mapred.LocalJobRunner: Waiting for reduce tasks
2024-04-24T00:53:42,664  INFO [pool-76-thread-1] mapred.LocalJobRunner: Starting task: attempt_local1296571944_0013_r_000000_0
2024-04-24T00:53:42,665  INFO [pool-76-thread-1] mapred.Task:  Using ResourceCalculatorProcessTree : [ ]
2024-04-24T00:53:42,665  INFO [pool-76-thread-1] mapred.ReduceTask: Using ShuffleConsumerPlugin: org.apache.hadoop.mapreduce.task.reduce.Shuffle@3b33717b
2024-04-24T00:53:42,665  WARN [pool-76-thread-1] impl.MetricsSystemImpl: JobTracker metrics system already initialized!
2024-04-24T00:53:42,666  INFO [pool-76-thread-1] reduce.MergeManagerImpl: MergerManager: memoryLimit=1336252800, maxSingleShuffleLimit=334063200, mergeThreshold=881926912, ioSortFactor=10, memToMemMergeOutputsThreshold=10
2024-04-24T00:53:42,667  INFO [EventFetcher for fetching Map Completion Events] reduce.EventFetcher: attempt_local1296571944_0013_r_000000_0 Thread started: EventFetcher for fetching Map Completion Events
2024-04-24T00:53:42,669  INFO [localfetcher#10] reduce.LocalFetcher: localfetcher#10 about to shuffle output of map attempt_local1296571944_0013_m_000005_0 decomp: 215 len: 219 to MEMORY
2024-04-24T00:53:42,670  INFO [localfetcher#10] reduce.InMemoryMapOutput: Read 215 bytes from map-output for attempt_local1296571944_0013_m_000005_0
2024-04-24T00:53:42,670  INFO [localfetcher#10] reduce.MergeManagerImpl: closeInMemoryFile -> map-output of size: 215, inMemoryMapOutputs.size() -> 1, commitMemory -> 0, usedMemory ->215
2024-04-24T00:53:42,672  INFO [localfetcher#10] reduce.LocalFetcher: localfetcher#10 about to shuffle output of map attempt_local1296571944_0013_m_000006_0 decomp: 215 len: 219 to MEMORY
2024-04-24T00:53:42,672  INFO [localfetcher#10] reduce.InMemoryMapOutput: Read 215 bytes from map-output for attempt_local1296571944_0013_m_000006_0
2024-04-24T00:53:42,672  INFO [localfetcher#10] reduce.MergeManagerImpl: closeInMemoryFile -> map-output of size: 215, inMemoryMapOutputs.size() -> 2, commitMemory -> 215, usedMemory ->430
2024-04-24T00:53:42,674  INFO [localfetcher#10] reduce.LocalFetcher: localfetcher#10 about to shuffle output of map attempt_local1296571944_0013_m_000000_0 decomp: 428 len: 432 to MEMORY
2024-04-24T00:53:42,674  INFO [localfetcher#10] reduce.InMemoryMapOutput: Read 428 bytes from map-output for attempt_local1296571944_0013_m_000000_0
2024-04-24T00:53:42,674  INFO [localfetcher#10] reduce.MergeManagerImpl: closeInMemoryFile -> map-output of size: 428, inMemoryMapOutputs.size() -> 3, commitMemory -> 430, usedMemory ->858
2024-04-24T00:53:42,676  INFO [localfetcher#10] reduce.LocalFetcher: localfetcher#10 about to shuffle output of map attempt_local1296571944_0013_m_000004_0 decomp: 215 len: 219 to MEMORY
2024-04-24T00:53:42,677  INFO [localfetcher#10] reduce.InMemoryMapOutput: Read 215 bytes from map-output for attempt_local1296571944_0013_m_000004_0
2024-04-24T00:53:42,677  INFO [localfetcher#10] reduce.MergeManagerImpl: closeInMemoryFile -> map-output of size: 215, inMemoryMapOutputs.size() -> 4, commitMemory -> 858, usedMemory ->1073
2024-04-24T00:53:42,679  INFO [localfetcher#10] reduce.LocalFetcher: localfetcher#10 about to shuffle output of map attempt_local1296571944_0013_m_000003_0 decomp: 215 len: 219 to MEMORY
2024-04-24T00:53:42,679  INFO [localfetcher#10] reduce.InMemoryMapOutput: Read 215 bytes from map-output for attempt_local1296571944_0013_m_000003_0
2024-04-24T00:53:42,679  INFO [localfetcher#10] reduce.MergeManagerImpl: closeInMemoryFile -> map-output of size: 215, inMemoryMapOutputs.size() -> 5, commitMemory -> 1073, usedMemory ->1288
2024-04-24T00:53:42,681  INFO [localfetcher#10] reduce.LocalFetcher: localfetcher#10 about to shuffle output of map attempt_local1296571944_0013_m_000002_0 decomp: 215 len: 219 to MEMORY
2024-04-24T00:53:42,681  INFO [localfetcher#10] reduce.InMemoryMapOutput: Read 215 bytes from map-output for attempt_local1296571944_0013_m_000002_0
2024-04-24T00:53:42,681  INFO [localfetcher#10] reduce.MergeManagerImpl: closeInMemoryFile -> map-output of size: 215, inMemoryMapOutputs.size() -> 6, commitMemory -> 1288, usedMemory ->1503
2024-04-24T00:53:42,683  INFO [localfetcher#10] reduce.LocalFetcher: localfetcher#10 about to shuffle output of map attempt_local1296571944_0013_m_000001_0 decomp: 215 len: 219 to MEMORY
2024-04-24T00:53:42,683  INFO [localfetcher#10] reduce.InMemoryMapOutput: Read 215 bytes from map-output for attempt_local1296571944_0013_m_000001_0
2024-04-24T00:53:42,683  INFO [localfetcher#10] reduce.MergeManagerImpl: closeInMemoryFile -> map-output of size: 215, inMemoryMapOutputs.size() -> 7, commitMemory -> 1503, usedMemory ->1718
2024-04-24T00:53:42,684  INFO [EventFetcher for fetching Map Completion Events] reduce.EventFetcher: EventFetcher is interrupted.. Returning
2024-04-24T00:53:42,684  INFO [pool-76-thread-1] mapred.LocalJobRunner: 7 / 7 copied.
2024-04-24T00:53:42,684  INFO [pool-76-thread-1] reduce.MergeManagerImpl: finalMerge called with 7 in-memory map-outputs and 0 on-disk map-outputs
2024-04-24T00:53:42,690  INFO [pool-76-thread-1] mapred.Merger: Merging 7 sorted segments
2024-04-24T00:53:42,691  INFO [pool-76-thread-1] mapred.Merger: Down to the last merge-pass, with 7 segments left of total size: 1494 bytes
2024-04-24T00:53:42,693  INFO [pool-76-thread-1] reduce.MergeManagerImpl: Merged 7 segments, 1718 bytes to disk to satisfy reduce memory limit
2024-04-24T00:53:42,693  INFO [pool-76-thread-1] reduce.MergeManagerImpl: Merging 1 files, 1710 bytes from disk
2024-04-24T00:53:42,693  INFO [pool-76-thread-1] reduce.MergeManagerImpl: Merging 0 segments, 0 bytes from memory into reduce
2024-04-24T00:53:42,693  INFO [pool-76-thread-1] mapred.Merger: Merging 1 sorted segments
2024-04-24T00:53:42,694  INFO [pool-76-thread-1] mapred.Merger: Down to the last merge-pass, with 1 segments left of total size: 1674 bytes
2024-04-24T00:53:42,694  INFO [pool-76-thread-1] mapred.LocalJobRunner: 7 / 7 copied.
2024-04-24T00:53:42,694  INFO [pool-76-thread-1] exec.SerializationUtilities: Deserializing ReduceWork using kryo
2024-04-24T00:53:42,695  INFO [pool-76-thread-1] exec.Utilities: Deserialized plan (via FILE) - name: null size: 6,15KB
2024-04-24T00:53:42,696  INFO [pool-76-thread-1] ExecReducer: 
<SEL>Id =3
  <Children>
    <FS>Id =4
      <Children>
      <\Children>
      <Parent>Id = 3 null<\Parent>
    <\FS>
  <\Children>
  <Parent><\Parent>
<\SEL>
2024-04-24T00:53:42,696  INFO [pool-76-thread-1] exec.SelectOperator: Initializing Operator: SEL[3]
2024-04-24T00:53:42,696  INFO [pool-76-thread-1] exec.SelectOperator: SELECT struct<key:struct<reducesinkkey0:struct<writeid:bigint,bucketid:int,rowid:bigint>>,value:struct<_col0:int,_col1:int,_col2:int,_col3:string>>
2024-04-24T00:53:42,696  INFO [pool-76-thread-1] exec.FileSinkOperator: Initializing Operator: FS[4]
2024-04-24T00:53:42,697  INFO [pool-76-thread-1] exec.FileSinkOperator: Using serializer : class org.apache.hadoop.hive.serde2.lazy.LazySimpleSerDe [serdeParams=org.apache.hadoop.hive.serde2.lazy.LazySerDeParameters@65c5446d, cachedObjectInspector=org.apache.hadoop.hive.serde2.lazy.objectinspector.LazySimpleStructObjectInspector<org.apache.hadoop.hive.serde2.lazy.objectinspector.LazySimpleStructObjectInspector<org.apache.hadoop.hive.serde2.lazy.objectinspector.primitive.LazyLongObjectInspector@f1b0658,org.apache.hadoop.hive.serde2.lazy.objectinspector.primitive.LazyIntObjectInspector@4870d2e1,org.apache.hadoop.hive.serde2.lazy.objectinspector.primitive.LazyLongObjectInspector@f1b0658>,org.apache.hadoop.hive.serde2.lazy.objectinspector.primitive.LazyIntObjectInspector@4870d2e1,org.apache.hadoop.hive.serde2.lazy.objectinspector.primitive.LazyIntObjectInspector@4870d2e1,org.apache.hadoop.hive.serde2.lazy.objectinspector.primitive.LazyIntObjectInspector@4870d2e1,org.apache.hadoop.hive.serde2.lazy.objectinspector.primitive.LazyStringObjectInspector@361065d1>, serializedSize=0, stats=org.apache.hadoop.hive.serde2.SerDeStats@286c5947, lastOperationSerialize=false, lastOperationDeserialize=false [1, 2, 3, 4, 5, 6, 7, 8, 11, 14, 15, 16, 17, 18, 19, 20, 21, 22, 23, 24, 25, 26, 28, 29, 30, 31, -128, -127, -126, -125, -124, -123, -122, -121, -120, -119, -118, -117, -116, -115, -114, -113, -112, -111, -110, -109, -108, -107, -106, -105, -104, -103, -102, -101, -100, -99, -98, -97, -96, -95, -94, -93, -92, -91, -90, -89, -88, -87, -86, -85, -84, -83, -82, -81, -80, -79, -78, -77, -76, -75, -74, -73, -72, -71, -70, -69, -68, -67, -66, -65, -64, -63, -62, -61, -60, -59, -58, -57, -56, -55, -54, -53, -52, -51, -50, -49, -48, -47, -46, -45, -44, -43, -42, -41, -40, -39, -38, -37, -36, -35, -34, -33, -32, -31, -30, -29, -28, -27, -26, -25, -24, -23, -22, -21, -20, -19, -18, -17, -16, -15, -14, -13, -12, -11, -10, -9, -8, -7, -6, -5, -4, -3, -2, -1] : [_col0, _col1, _col2, _col3, _col4] : [struct<writeid:bigint,bucketid:int,rowid:bigint>, int, int, int, string]] and formatter : org.apache.hadoop.hive.ql.io.HiveSequenceFileOutputFormat@121725f0
2024-04-24T00:53:42,697  INFO [pool-76-thread-1] exec.FileSinkOperator: Final Path: FS file:/home/alex/Repositories/hive/ql/target/tmp/localscratchdir/b8bea980-26cf-4ecb-93b4-cf7974ce2d23/hive_2024-04-24_00-53-41_905_3559845388759849739-1/-mr-10001/.hive-staging_hive_2024-04-24_00-53-41_905_3559845388759849739-1/_tmp.-ext-10002/000000_0
2024-04-24T00:53:42,697  INFO [pool-76-thread-1] exec.FileSinkOperator: Writing to temp file: FS file:/home/alex/Repositories/hive/ql/target/tmp/localscratchdir/b8bea980-26cf-4ecb-93b4-cf7974ce2d23/hive_2024-04-24_00-53-41_905_3559845388759849739-1/-mr-10001/.hive-staging_hive_2024-04-24_00-53-41_905_3559845388759849739-1/_task_tmp.-ext-10002/_tmp.000000_0
2024-04-24T00:53:42,697  INFO [pool-76-thread-1] exec.FileSinkOperator: New Final Path: FS file:/home/alex/Repositories/hive/ql/target/tmp/localscratchdir/b8bea980-26cf-4ecb-93b4-cf7974ce2d23/hive_2024-04-24_00-53-41_905_3559845388759849739-1/-mr-10001/.hive-staging_hive_2024-04-24_00-53-41_905_3559845388759849739-1/_tmp.-ext-10002/000000_0
2024-04-24T00:53:42,705  INFO [pool-76-thread-1] exec.FileSinkOperator: FS[4]: records written - 1
2024-04-24T00:53:42,706  INFO [pool-76-thread-1] exec.SelectOperator: Closing Operator: SEL[3]
2024-04-24T00:53:42,706  INFO [pool-76-thread-1] exec.SelectOperator: RECORDS_OUT_OPERATOR_SEL_3:8, RECORDS_OUT_INTERMEDIATE:0, 
2024-04-24T00:53:42,706  INFO [pool-76-thread-1] exec.FileSinkOperator: Closing Operator: FS[4]
2024-04-24T00:53:42,706  INFO [pool-76-thread-1] exec.FileSinkOperator: FS[4]: records written - 8
2024-04-24T00:53:42,706  INFO [pool-76-thread-1] exec.FileSinkOperator: RECORDS_OUT_INTERMEDIATE:0, RECORDS_OUT_0:8, RECORDS_OUT_OPERATOR_FS_4:8, 
2024-04-24T00:53:42,707  INFO [pool-76-thread-1] mapred.Task: Task:attempt_local1296571944_0013_r_000000_0 is done. And is in the process of committing
2024-04-24T00:53:42,707  INFO [pool-76-thread-1] mapred.LocalJobRunner: reduce > reduce
2024-04-24T00:53:42,707  INFO [pool-76-thread-1] mapred.Task: Task 'attempt_local1296571944_0013_r_000000_0' done.
2024-04-24T00:53:42,707  INFO [pool-76-thread-1] mapred.Task: Final Counters for attempt_local1296571944_0013_r_000000_0: Counters: 29
	File System Counters
		FILE: Number of bytes read=386325
		FILE: Number of bytes written=15657469
		FILE: Number of read operations=0
		FILE: Number of large read operations=0
		FILE: Number of write operations=0
	Map-Reduce Framework
		Combine input records=0
		Combine output records=0
		Reduce input groups=2
		Reduce shuffle bytes=1746
		Reduce input records=8
		Reduce output records=0
		Spilled Records=8
		Shuffled Maps =7
		Failed Shuffles=0
		Merged Map outputs=7
		GC time elapsed (ms)=0
		Total committed heap usage (bytes)=1118830592
	HIVE
		CREATED_FILES=1
		RECORDS_OUT_0=8
		RECORDS_OUT_INTERMEDIATE=0
		RECORDS_OUT_OPERATOR_FS_4=8
		RECORDS_OUT_OPERATOR_SEL_3=8
	Shuffle Errors
		BAD_ID=0
		CONNECTION=0
		IO_ERROR=0
		WRONG_LENGTH=0
		WRONG_MAP=0
		WRONG_REDUCE=0
	File Output Format Counters 
		Bytes Written=0
2024-04-24T00:53:42,707  INFO [pool-76-thread-1] mapred.LocalJobRunner: Finishing task: attempt_local1296571944_0013_r_000000_0
2024-04-24T00:53:42,707  INFO [Thread-907] mapred.LocalJobRunner: reduce task executor complete.
2024-04-24 00:53:43,424 Stage-1 map = 100%,  reduce = 100%
2024-04-24T00:53:43,424  INFO [main] exec.Task: 2024-04-24 00:53:43,424 Stage-1 map = 100%,  reduce = 100%
Ended Job = job_local1296571944_0013
2024-04-24T00:53:43,426  INFO [main] exec.Task: Ended Job = job_local1296571944_0013
2024-04-24T00:53:43,429  INFO [main] metadata.Hive: Dumping metastore api call timing information for : execution phase
2024-04-24T00:53:43,429  INFO [main] metadata.Hive: Total time spent in each metastore function (ms): {}
MapReduce Jobs Launched: 
2024-04-24T00:53:43,430  INFO [main] ql.Driver: MapReduce Jobs Launched: 
Stage-Stage-1:  HDFS Read: 0 HDFS Write: 0 SUCCESS
2024-04-24T00:53:43,430  INFO [main] ql.Driver: Stage-Stage-1:  HDFS Read: 0 HDFS Write: 0 SUCCESS
Total MapReduce CPU Time Spent: 0 msec
2024-04-24T00:53:43,430  INFO [main] ql.Driver: Total MapReduce CPU Time Spent: 0 msec
2024-04-24T00:53:43,430  INFO [main] ql.Driver: Completed executing command(queryId=alex_20240424005341_5e4c153f-c733-4614-ac9f-575fbaed28a0); Time taken: 1.326 seconds
2024-04-24T00:53:43,430  INFO [main] lockmgr.DbTxnManager: Stopped heartbeat for query: alex_20240424005341_5e4c153f-c733-4614-ac9f-575fbaed28a0
2024-04-24T00:53:43,436  INFO [main] txn.TxnHandler: Expected to move at least one record from txn_components to completed_txn_components when committing txn! txnid:22
2024-04-24T00:53:43,446  INFO [main] txn.TxnHandler: Removed transactions: ([22]) from MIN_HISTORY_LEVEL
2024-04-24T00:53:43,446  WARN [main] txn.CompactionTxnHandler: No compaction queue record found for Compaction type transaction commit. txnId:22
2024-04-24T00:53:43,450  INFO [main] mapred.FileInputFormat: Total input files to process : 1
2024-04-24T00:53:43,452  INFO [main] exec.ListSinkOperator: Closing Operator: LIST_SINK[5]
2024-04-24T00:53:43,452  INFO [main] exec.ListSinkOperator: RECORDS_OUT_OPERATOR_LIST_SINK_5:8, RECORDS_OUT_INTERMEDIATE:0, 
2024-04-24T00:53:43,452  WARN [main] ql.TestTxnNoBuckets: after insert
2024-04-24T00:53:43,452  WARN [main] ql.TestTxnNoBuckets: {"writeid":1,"bucketid":536870912,"rowid":0}	5	5	5	file:/home/alex/Repositories/hive/ql/target/tmp/org.apache.hadoop.hive.ql.TestTxnNoBuckets-1713945183193/warehouse/nobuckets/c3=5/delta_0000001_0000001_0000/bucket_00000_0
2024-04-24T00:53:43,452  WARN [main] ql.TestTxnNoBuckets: {"writeid":1,"bucketid":536870912,"rowid":0}	3	3	3	file:/home/alex/Repositories/hive/ql/target/tmp/org.apache.hadoop.hive.ql.TestTxnNoBuckets-1713945183193/warehouse/nobuckets/c3=3/delta_0000001_0000001_0000/bucket_00000_0
2024-04-24T00:53:43,452  WARN [main] ql.TestTxnNoBuckets: {"writeid":1,"bucketid":536870912,"rowid":0}	2	2	2	file:/home/alex/Repositories/hive/ql/target/tmp/org.apache.hadoop.hive.ql.TestTxnNoBuckets-1713945183193/warehouse/nobuckets/c3=2/delta_0000001_0000001_0000/bucket_00000_0
2024-04-24T00:53:43,452  WARN [main] ql.TestTxnNoBuckets: {"writeid":1,"bucketid":536870912,"rowid":0}	0	0	0	file:/home/alex/Repositories/hive/ql/target/tmp/org.apache.hadoop.hive.ql.TestTxnNoBuckets-1713945183193/warehouse/nobuckets/c3=0/delta_0000001_0000001_0000/bucket_00000_0
2024-04-24T00:53:43,452  WARN [main] ql.TestTxnNoBuckets: {"writeid":1,"bucketid":536870912,"rowid":0}	4	4	4	file:/home/alex/Repositories/hive/ql/target/tmp/org.apache.hadoop.hive.ql.TestTxnNoBuckets-1713945183193/warehouse/nobuckets/c3=4/delta_0000001_0000001_0000/bucket_00000_0
2024-04-24T00:53:43,452  WARN [main] ql.TestTxnNoBuckets: {"writeid":1,"bucketid":536870912,"rowid":0}	6	6	6	file:/home/alex/Repositories/hive/ql/target/tmp/org.apache.hadoop.hive.ql.TestTxnNoBuckets-1713945183193/warehouse/nobuckets/c3=6/delta_0000001_0000001_0000/bucket_00000_0
2024-04-24T00:53:43,452  WARN [main] ql.TestTxnNoBuckets: {"writeid":1,"bucketid":536870912,"rowid":0}	1	1	1	file:/home/alex/Repositories/hive/ql/target/tmp/org.apache.hadoop.hive.ql.TestTxnNoBuckets-1713945183193/warehouse/nobuckets/c3=1/delta_0000001_0000001_0000/bucket_00000_0
2024-04-24T00:53:43,452  WARN [main] ql.TestTxnNoBuckets: {"writeid":1,"bucketid":536870912,"rowid":1}	3	3	3	file:/home/alex/Repositories/hive/ql/target/tmp/org.apache.hadoop.hive.ql.TestTxnNoBuckets-1713945183193/warehouse/nobuckets/c3=3/delta_0000001_0000001_0000/bucket_00000_0
2024-04-24T00:53:43,452  INFO [main] ql.TxnCommandsBaseForTests: Running the query: select * from nobuckets where c2 in (0,3)
2024-04-24T00:53:43,453  INFO [main] ql.Context: Deleting scratch dir: file:/home/alex/Repositories/hive/ql/target/tmp/localscratchdir/b8bea980-26cf-4ecb-93b4-cf7974ce2d23/hive_2024-04-24_00-53-41_905_3559845388759849739-1
2024-04-24T00:53:43,453  INFO [main] cleanup.SyncCleanupService: Deleted directory: file:/home/alex/Repositories/hive/ql/target/tmp/localscratchdir/b8bea980-26cf-4ecb-93b4-cf7974ce2d23/hive_2024-04-24_00-53-41_905_3559845388759849739-1 on fs with scheme file
2024-04-24T00:53:43,454  INFO [main] ql.Driver: Compiling command(queryId=alex_20240424005343_8841bdef-71d0-43b7-98c4-e037bddd13f5): select * from nobuckets where c2 in (0,3)
2024-04-24T00:53:43,457  INFO [main] txn.TxnHandler: Added entries to MIN_HISTORY_LEVEL for current txns: ([23]) with min_open_txn: 23
2024-04-24T00:53:43,457  INFO [main] lockmgr.DbTxnManager: Opened txnid:23
2024-04-24T00:53:43,458  INFO [main] parse.CalcitePlanner: Starting caching scope for: 
2024-04-24T00:53:43,458  INFO [main] parse.CalcitePlanner: Starting Semantic Analysis
2024-04-24T00:53:43,461  INFO [main] parse.CalcitePlanner: Completed phase 1 of Semantic Analysis
2024-04-24T00:53:43,461  INFO [main] parse.CalcitePlanner: Get metadata for source tables
2024-04-24T00:53:43,461  INFO [main] HiveMetaStore.audit: ugi=alex	ip=unknown-ip-addr	cmd=get_table : tbl=hive.default.nobuckets	
2024-04-24T00:53:43,469  INFO [main] metastore.HMSHandler: Skipping translation for processor with null
2024-04-24T00:53:43,470  INFO [main] parse.CalcitePlanner: Get metadata for subqueries
2024-04-24T00:53:43,470  INFO [main] parse.CalcitePlanner: Get metadata for destination tables
2024-04-24T00:53:43,470  INFO [main] parse.CalcitePlanner: Completed getting MetaData in Semantic Analysis
2024-04-24T00:53:43,483  INFO [main] HiveMetaStore.audit: ugi=alex	ip=unknown-ip-addr	cmd=get_all_table_constraints : tbl=hive.default.nobuckets	
2024-04-24T00:53:43,517  INFO [main] HiveMetaStore.audit: ugi=alex	ip=unknown-ip-addr	cmd=get_partitions : tbl=hive.default.nobuckets	
2024-04-24T00:53:43,540  INFO [main] calcite.RelOptHiveTable: Calculating column statistics for default.nobuckets, projIndxSet: [0, 1, 2], allowMissingStats: true
2024-04-24T00:53:43,541  INFO [main] HiveMetaStore.audit: ugi=alex	ip=unknown-ip-addr	cmd=get_aggr_stats_for: table=hive.default.nobuckets	
2024-04-24T00:53:43,559  WARN [main] calcite.RelOptHiveTable: No Stats for default@nobuckets, Columns: c1, c2
No Stats for default@nobuckets, Columns: c1, c2
2024-04-24T00:53:43,559  INFO [main] SessionState: No Stats for default@nobuckets, Columns: c1, c2
2024-04-24T00:53:43,642  INFO [main] parse.CalcitePlanner: Get metadata for source tables
2024-04-24T00:53:43,643  INFO [main] parse.CalcitePlanner: Get metadata for subqueries
2024-04-24T00:53:43,643  INFO [main] parse.CalcitePlanner: Get metadata for destination tables
2024-04-24T00:53:43,645  INFO [main] common.FileUtils: Creating directory if it doesn't exist: file:/home/alex/Repositories/hive/ql/target/tmp/localscratchdir/b8bea980-26cf-4ecb-93b4-cf7974ce2d23/hive_2024-04-24_00-53-43_453_5403244033910082759-1/-mr-10001/.hive-staging_hive_2024-04-24_00-53-43_453_5403244033910082759-1
2024-04-24T00:53:43,652  INFO [main] parse.CalcitePlanner: CBO Succeeded; optimized logical plan.
2024-04-24T00:53:43,657  INFO [main] optimizer.BucketVersionPopulator: not considering bucketingVersion for: TS[0] because it has -1<2 buckets 
2024-04-24T00:53:43,658  INFO [main] optimizer.SortedDynPartitionOptimizer: Sorted dynamic partitioning optimization kicked in..
2024-04-24T00:53:43,669  INFO [main] physical.Vectorizer: Examining input format to see if vectorization is enabled.
2024-04-24T00:53:43,670  INFO [main] physical.Vectorizer: Vectorization is enabled for input format(s) [org.apache.hadoop.hive.ql.io.orc.OrcInputFormat]
2024-04-24T00:53:43,670  INFO [main] physical.Vectorizer: Validating and vectorizing MapWork... (vectorizedVertexNum 0)
2024-04-24T00:53:43,673  INFO [main] physical.Vectorizer: Map vectorization enabled: true
2024-04-24T00:53:43,673  INFO [main] physical.Vectorizer: Map vectorized: true
2024-04-24T00:53:43,673  INFO [main] physical.Vectorizer: Map vectorizedVertexNum: 0
2024-04-24T00:53:43,674  INFO [main] physical.Vectorizer: Map enabledConditionsMet: [hive.vectorized.use.vectorized.input.format IS true]
2024-04-24T00:53:43,674  INFO [main] physical.Vectorizer: Map inputFileFormatClassNameSet: [org.apache.hadoop.hive.ql.io.orc.OrcInputFormat]
2024-04-24T00:53:43,674  INFO [main] parse.CalcitePlanner: Completed plan generation
2024-04-24T00:53:43,674  INFO [main] parse.CalcitePlanner: Ending caching scope for: 
2024-04-24T00:53:43,674  INFO [main] ql.Driver: Semantic Analysis Completed (retrial = false)
2024-04-24T00:53:43,674  INFO [main] ql.Driver: Created Hive schema: Schema(fieldSchemas:[FieldSchema(name:nobuckets.c1, type:int, comment:null), FieldSchema(name:nobuckets.c2, type:int, comment:null), FieldSchema(name:nobuckets.c3, type:int, comment:null)], properties:null)
2024-04-24T00:53:43,675  INFO [main] exec.ListSinkOperator: Initializing Operator: LIST_SINK[8]
2024-04-24T00:53:43,676  INFO [main] metadata.Hive: Dumping metastore api call timing information for : compilation phase
2024-04-24T00:53:43,676  INFO [main] metadata.Hive: Total time spent in each metastore function (ms): {commitTxn_(CommitTxnRequest)=16, isCompatibleWith_(Configuration)=0, listPartitions_(String, String, short)=20, getValidWriteIds_(List, String)=3, getValidTxns_(long)=1, getAggrColStatsFor_(String, String, List, List, String, String)=17, getTable_(GetTableRequest)=8, getAllTableConstraints_(AllTableConstraintsRequest)=6, openTxn_(String, TxnType)=2, flushCache_()=0}
2024-04-24T00:53:43,676  INFO [main] ql.Driver: Completed compiling command(queryId=alex_20240424005343_8841bdef-71d0-43b7-98c4-e037bddd13f5); Time taken: 0.221 seconds
2024-04-24T00:53:43,676  INFO [main] lockmgr.DbTxnManager: Setting lock request transaction to txnid:23 for queryId=alex_20240424005343_8841bdef-71d0-43b7-98c4-e037bddd13f5
2024-04-24T00:53:43,678  INFO [main] lockmgr.DbLockManager: Requesting lock for queryId=alex_20240424005343_8841bdef-71d0-43b7-98c4-e037bddd13f5
2024-04-24T00:53:43,696  INFO [main] lockmgr.DbLockManager: Response to queryId=alex_20240424005343_8841bdef-71d0-43b7-98c4-e037bddd13f5 LockResponse(lockid:15, state:ACQUIRED)
2024-04-24T00:53:43,697  INFO [main] ql.Driver: Operation QUERY obtained 1 locks
2024-04-24T00:53:43,697  INFO [main] ql.Driver: Executing command(queryId=alex_20240424005343_8841bdef-71d0-43b7-98c4-e037bddd13f5): select * from nobuckets where c2 in (0,3)
2024-04-24T00:53:43,698  WARN [main] ql.Driver: Hive-on-MR is deprecated in Hive 2 and may not be available in the future versions. Consider using a different execution engine (i.e. tez, spark) or using Hive 1.X releases.
Query ID = alex_20240424005343_8841bdef-71d0-43b7-98c4-e037bddd13f5
2024-04-24T00:53:43,698  INFO [main] ql.Driver: Query ID = alex_20240424005343_8841bdef-71d0-43b7-98c4-e037bddd13f5
Total jobs = 1
2024-04-24T00:53:43,698  INFO [main] ql.Driver: Total jobs = 1
Launching Job 1 out of 1
2024-04-24T00:53:43,698  INFO [main] ql.Driver: Launching Job 1 out of 1
2024-04-24T00:53:43,850  INFO [main] ql.Driver: Starting task [Stage-1:MAPRED] in serial mode
Number of reduce tasks is set to 0 since there's no reduce operator
2024-04-24T00:53:43,850  INFO [main] exec.Task: Number of reduce tasks is set to 0 since there's no reduce operator
2024-04-24T00:53:43,852  INFO [main] mr.ExecDriver: Using org.apache.hadoop.hive.ql.io.HiveInputFormat
2024-04-24T00:53:43,852  INFO [main] exec.Utilities: Processing alias nobuckets
2024-04-24T00:53:43,852  INFO [main] exec.Utilities: Adding 7 inputs; the first input is file:/home/alex/Repositories/hive/ql/target/tmp/org.apache.hadoop.hive.ql.TestTxnNoBuckets-1713945183193/warehouse/nobuckets/c3=0
2024-04-24T00:53:43,862  INFO [main] exec.SerializationUtilities: Serializing MapWork using kryo
2024-04-24T00:53:43,865  INFO [main] exec.Utilities: Serialized plan (via FILE) - name: null size: 9,43KB
2024-04-24T00:53:43,866  WARN [main] impl.MetricsSystemImpl: JobTracker metrics system already initialized!
2024-04-24T00:53:43,872  WARN [main] impl.MetricsSystemImpl: JobTracker metrics system already initialized!
2024-04-24T00:53:43,879  WARN [main] mapreduce.JobResourceUploader: Hadoop command-line option parsing not performed. Implement the Tool interface and execute your application with ToolRunner to remedy this.
2024-04-24T00:53:43,884  WARN [main] mapreduce.JobResourceUploader: No job jar file set.  User classes may not be found. See Job or Job#setJar(String).
2024-04-24T00:53:43,886  INFO [main] io.HiveInputFormat: hive.io.file.readcolumn.ids = 0,1
2024-04-24T00:53:43,886  INFO [main] io.HiveInputFormat: hive.io.file.readcolumn.names = c1,c2
2024-04-24T00:53:43,886  INFO [main] io.HiveInputFormat: Generating splits for dirs: file:/home/alex/Repositories/hive/ql/target/tmp/org.apache.hadoop.hive.ql.TestTxnNoBuckets-1713945183193/warehouse/nobuckets/c3=0
2024-04-24T00:53:43,886  INFO [main] orc.OrcInputFormat: getSplits started
2024-04-24T00:53:43,887  INFO [main] orc.OrcInputFormat: Context:: isAcid: true isVectorMode: true sarg: leaf-(IN c2 0 3) minSplitSize: 1 maxSplitSize: 256000000 splitStrategy: HYBRID footerInSplits: false numBuckets: 0 numThreads: 10 cacheMemSize: 268435456 cacheStripeDetails: true useSoftReference: false writeIdList: default.nobuckets:1:9223372036854775807:: isTransactionalTable: true txnProperties: default 
2024-04-24T00:53:43,887  INFO [main] orc.OrcInputFormat: ORC pushdown predicate: leaf-(IN c2 0 3)
2024-04-24T00:53:43,902  INFO [main] orc.OrcInputFormat: FooterCacheHitRatio: 7/7
2024-04-24T00:53:43,902  INFO [main] orc.OrcInputFormat: getSplits finished (#splits: 2). duration: 16 ms
2024-04-24T00:53:43,902  INFO [main] io.HiveInputFormat: number of splits 2
2024-04-24T00:53:43,922  INFO [main] mapreduce.JobSubmitter: number of splits:2
2024-04-24T00:53:43,941  INFO [main] mapreduce.JobSubmitter: Submitting tokens for job: job_local1406671735_0014
2024-04-24T00:53:43,941  INFO [main] mapreduce.JobSubmitter: Executing with tokens: []
2024-04-24T00:53:44,023  INFO [main] mapreduce.Job: The url to track the job: http://localhost:8080/
Job running in-process (local Hadoop)
2024-04-24T00:53:44,023  INFO [main] exec.Task: Job running in-process (local Hadoop)
2024-04-24T00:53:44,024  INFO [Thread-998] mapred.LocalJobRunner: OutputCommitter set in config org.apache.hadoop.hive.ql.io.HiveFileFormatUtils$NullOutputCommitter
2024-04-24T00:53:44,024  INFO [Thread-998] mapred.LocalJobRunner: OutputCommitter is org.apache.hadoop.hive.ql.io.HiveFileFormatUtils$NullOutputCommitter
2024-04-24T00:53:44,026  INFO [Thread-998] mapred.LocalJobRunner: Waiting for map tasks
2024-04-24T00:53:44,026  INFO [LocalJobRunner Map Task Executor #0] mapred.LocalJobRunner: Starting task: attempt_local1406671735_0014_m_000000_0
2024-04-24T00:53:44,027  INFO [LocalJobRunner Map Task Executor #0] mapred.Task:  Using ResourceCalculatorProcessTree : [ ]
2024-04-24T00:53:44,028  INFO [LocalJobRunner Map Task Executor #0] mapred.MapTask: Processing split: org.apache.hadoop.hive.ql.io.orc.OrcInputFormat:OrcSplit [file:/home/alex/Repositories/hive/ql/target/tmp/org.apache.hadoop.hive.ql.TestTxnNoBuckets-1713945183193/warehouse/nobuckets/c3=3/delta_0000001_0000001_0000/bucket_00000_0, start=3, length=314, isOriginal=false, fileLength=679, hasFooter=false, hasBase=true, deltas=0]
2024-04-24T00:53:44,028  INFO [LocalJobRunner Map Task Executor #0] exec.SerializationUtilities: Deserializing MapWork using kryo
2024-04-24T00:53:44,030  INFO [LocalJobRunner Map Task Executor #0] exec.Utilities: Deserialized plan (via FILE) - name: null size: 9,43KB
2024-04-24T00:53:44,031  INFO [LocalJobRunner Map Task Executor #0] orc.OrcInputFormat: ORC pushdown predicate: leaf-(IN c2 0 3)
2024-04-24T00:53:44,031  INFO [LocalJobRunner Map Task Executor #0] orc.VectorizedOrcAcidRowBatchReader: Read ValidWriteIdList: default.nobuckets:1:9223372036854775807:::OrcSplit [file:/home/alex/Repositories/hive/ql/target/tmp/org.apache.hadoop.hive.ql.TestTxnNoBuckets-1713945183193/warehouse/nobuckets/c3=3/delta_0000001_0000001_0000/bucket_00000_0, start=3, length=314, isOriginal=false, fileLength=679, hasFooter=false, hasBase=true, deltas=0]
2024-04-24T00:53:44,032  INFO [LocalJobRunner Map Task Executor #0] orc.ReaderImpl: Reading ORC rows from file:/home/alex/Repositories/hive/ql/target/tmp/org.apache.hadoop.hive.ql.TestTxnNoBuckets-1713945183193/warehouse/nobuckets/c3=3/delta_0000001_0000001_0000/bucket_00000_0 with {include: [true, true, true], offset: 3, length: 314, sarg: leaf-(IN c2 0 3), schema: struct<c1:int,c2:int>, includeAcidColumns: false}
2024-04-24T00:53:44,034  INFO [LocalJobRunner Map Task Executor #0] mapred.MapTask: numReduceTasks: 0
2024-04-24T00:53:44,034  INFO [LocalJobRunner Map Task Executor #0] vector.VectorMapOperator: Initializing Operator: MAP[0]
2024-04-24T00:53:44,034  INFO [LocalJobRunner Map Task Executor #0] mr.ExecMapper: 
<MAP>Id =0
  <Children>null
  <\Children>
  <Parent><\Parent>
<\MAP>
2024-04-24T00:53:44,035  INFO [LocalJobRunner Map Task Executor #0] exec.TableScanOperator: Initializing Operator: TS[0]
2024-04-24T00:53:44,035  INFO [LocalJobRunner Map Task Executor #0] vector.VectorFilterOperator: Initializing Operator: FIL[5]
2024-04-24T00:53:44,036  INFO [LocalJobRunner Map Task Executor #0] vector.VectorSelectOperator: Initializing Operator: SEL[6]
2024-04-24T00:53:44,036  INFO [LocalJobRunner Map Task Executor #0] vector.VectorFileSinkOperator: Initializing Operator: FS[7]
2024-04-24T00:53:44,037  INFO [LocalJobRunner Map Task Executor #0] exec.FileSinkOperator: Using serializer : class org.apache.hadoop.hive.serde2.lazy.LazySimpleSerDe [serdeParams=org.apache.hadoop.hive.serde2.lazy.LazySerDeParameters@36e0006e, cachedObjectInspector=org.apache.hadoop.hive.serde2.lazy.objectinspector.LazySimpleStructObjectInspector<org.apache.hadoop.hive.serde2.lazy.objectinspector.primitive.LazyIntObjectInspector@4870d2e1,org.apache.hadoop.hive.serde2.lazy.objectinspector.primitive.LazyIntObjectInspector@4870d2e1,org.apache.hadoop.hive.serde2.lazy.objectinspector.primitive.LazyIntObjectInspector@4870d2e1>, serializedSize=0, stats=org.apache.hadoop.hive.serde2.SerDeStats@3332c637, lastOperationSerialize=false, lastOperationDeserialize=false [1, 2, 3, 4, 5, 6, 7, 8, 11, 14, 15, 16, 17, 18, 19, 20, 21, 22, 23, 24, 25, 26, 28, 29, 30, 31, -128, -127, -126, -125, -124, -123, -122, -121, -120, -119, -118, -117, -116, -115, -114, -113, -112, -111, -110, -109, -108, -107, -106, -105, -104, -103, -102, -101, -100, -99, -98, -97, -96, -95, -94, -93, -92, -91, -90, -89, -88, -87, -86, -85, -84, -83, -82, -81, -80, -79, -78, -77, -76, -75, -74, -73, -72, -71, -70, -69, -68, -67, -66, -65, -64, -63, -62, -61, -60, -59, -58, -57, -56, -55, -54, -53, -52, -51, -50, -49, -48, -47, -46, -45, -44, -43, -42, -41, -40, -39, -38, -37, -36, -35, -34, -33, -32, -31, -30, -29, -28, -27, -26, -25, -24, -23, -22, -21, -20, -19, -18, -17, -16, -15, -14, -13, -12, -11, -10, -9, -8, -7, -6, -5, -4, -3, -2, -1] : [_col0, _col1, _col2] : [int, int, int]] and formatter : org.apache.hadoop.hive.ql.io.HiveSequenceFileOutputFormat@2f22a69b
2024-04-24T00:53:44,037  INFO [LocalJobRunner Map Task Executor #0] exec.FileSinkOperator: Final Path: FS file:/home/alex/Repositories/hive/ql/target/tmp/localscratchdir/b8bea980-26cf-4ecb-93b4-cf7974ce2d23/hive_2024-04-24_00-53-43_453_5403244033910082759-1/-mr-10001/.hive-staging_hive_2024-04-24_00-53-43_453_5403244033910082759-1/_tmp.-ext-10002/000000_0
2024-04-24T00:53:44,037  INFO [LocalJobRunner Map Task Executor #0] exec.FileSinkOperator: Writing to temp file: FS file:/home/alex/Repositories/hive/ql/target/tmp/localscratchdir/b8bea980-26cf-4ecb-93b4-cf7974ce2d23/hive_2024-04-24_00-53-43_453_5403244033910082759-1/-mr-10001/.hive-staging_hive_2024-04-24_00-53-43_453_5403244033910082759-1/_task_tmp.-ext-10002/_tmp.000000_0
2024-04-24T00:53:44,038  INFO [LocalJobRunner Map Task Executor #0] exec.FileSinkOperator: New Final Path: FS file:/home/alex/Repositories/hive/ql/target/tmp/localscratchdir/b8bea980-26cf-4ecb-93b4-cf7974ce2d23/hive_2024-04-24_00-53-43_453_5403244033910082759-1/-mr-10001/.hive-staging_hive_2024-04-24_00-53-43_453_5403244033910082759-1/_tmp.-ext-10002/000000_0
2024-04-24T00:53:44,044  INFO [LocalJobRunner Map Task Executor #0] exec.FileSinkOperator: FS[7]: records written - 1
2024-04-24T00:53:44,045  INFO [LocalJobRunner Map Task Executor #0] vector.VectorMapOperator: Closing Operator: MAP[0]
2024-04-24T00:53:44,045  INFO [LocalJobRunner Map Task Executor #0] vector.VectorMapOperator: RECORDS_OUT_OPERATOR_MAP_0:0, RECORDS_IN:2, DESERIALIZE_ERRORS:0, RECORDS_OUT_INTERMEDIATE:0, 
2024-04-24T00:53:44,045  INFO [LocalJobRunner Map Task Executor #0] exec.TableScanOperator: Closing Operator: TS[0]
2024-04-24T00:53:44,045  INFO [LocalJobRunner Map Task Executor #0] exec.TableScanOperator: RECORDS_OUT_OPERATOR_TS_0:2, RECORDS_OUT_INTERMEDIATE:0, 
2024-04-24T00:53:44,045  INFO [LocalJobRunner Map Task Executor #0] vector.VectorFilterOperator: Closing Operator: FIL[5]
2024-04-24T00:53:44,045  INFO [LocalJobRunner Map Task Executor #0] vector.VectorFilterOperator: RECORDS_OUT_OPERATOR_FIL_5:2, RECORDS_OUT_INTERMEDIATE:0, 
2024-04-24T00:53:44,045  INFO [LocalJobRunner Map Task Executor #0] vector.VectorSelectOperator: Closing Operator: SEL[6]
2024-04-24T00:53:44,045  INFO [LocalJobRunner Map Task Executor #0] vector.VectorSelectOperator: RECORDS_OUT_OPERATOR_SEL_6:2, RECORDS_OUT_INTERMEDIATE:0, 
2024-04-24T00:53:44,045  INFO [LocalJobRunner Map Task Executor #0] vector.VectorFileSinkOperator: Closing Operator: FS[7]
2024-04-24T00:53:44,045  INFO [LocalJobRunner Map Task Executor #0] exec.FileSinkOperator: FS[7]: records written - 2
2024-04-24T00:53:44,045  INFO [LocalJobRunner Map Task Executor #0] vector.VectorFileSinkOperator: RECORDS_OUT_OPERATOR_FS_7:2, RECORDS_OUT_INTERMEDIATE:0, RECORDS_OUT_0:2, 
2024-04-24T00:53:44,046  INFO [LocalJobRunner Map Task Executor #0] mapred.LocalJobRunner: 
2024-04-24T00:53:44,046  INFO [LocalJobRunner Map Task Executor #0] mapred.Task: Task:attempt_local1406671735_0014_m_000000_0 is done. And is in the process of committing
2024-04-24T00:53:44,047  INFO [LocalJobRunner Map Task Executor #0] mapred.LocalJobRunner: OrcSplit [file:/home/alex/Repositories/hive/ql/target/tmp/org.apache.hadoop.hive.ql.TestTxnNoBuckets-1713945183193/warehouse/nobuckets/c3=3/delta_0000001_0000001_0000/bucket_00000_0, start=3, length=314, isOriginal=false, fileLength=679, hasFooter=false, hasBase=true, deltas=0]
2024-04-24T00:53:44,047  INFO [LocalJobRunner Map Task Executor #0] mapred.Task: Task 'attempt_local1406671735_0014_m_000000_0' done.
2024-04-24T00:53:44,047  INFO [LocalJobRunner Map Task Executor #0] mapred.Task: Final Counters for attempt_local1406671735_0014_m_000000_0: Counters: 25
	File System Counters
		FILE: Number of bytes read=402881
		FILE: Number of bytes written=16861784
		FILE: Number of read operations=0
		FILE: Number of large read operations=0
		FILE: Number of write operations=0
	Map-Reduce Framework
		Map input records=1
		Map output records=0
		Input split bytes=511
		Spilled Records=0
		Failed Shuffles=0
		Merged Map outputs=0
		GC time elapsed (ms)=0
		Total committed heap usage (bytes)=1118830592
	HIVE
		CREATED_FILES=1
		DESERIALIZE_ERRORS=0
		RECORDS_IN=2
		RECORDS_OUT_0=2
		RECORDS_OUT_INTERMEDIATE=0
		RECORDS_OUT_OPERATOR_FIL_5=2
		RECORDS_OUT_OPERATOR_FS_7=2
		RECORDS_OUT_OPERATOR_MAP_0=0
		RECORDS_OUT_OPERATOR_SEL_6=2
		RECORDS_OUT_OPERATOR_TS_0=2
	File Input Format Counters 
		Bytes Read=13702
	File Output Format Counters 
		Bytes Written=0
2024-04-24T00:53:44,047  INFO [LocalJobRunner Map Task Executor #0] mapred.LocalJobRunner: Finishing task: attempt_local1406671735_0014_m_000000_0
2024-04-24T00:53:44,047  INFO [LocalJobRunner Map Task Executor #0] mapred.LocalJobRunner: Starting task: attempt_local1406671735_0014_m_000001_0
2024-04-24T00:53:44,047  INFO [LocalJobRunner Map Task Executor #0] mapred.Task:  Using ResourceCalculatorProcessTree : [ ]
2024-04-24T00:53:44,048  INFO [LocalJobRunner Map Task Executor #0] mapred.MapTask: Processing split: org.apache.hadoop.hive.ql.io.orc.OrcInputFormat:OrcSplit [file:/home/alex/Repositories/hive/ql/target/tmp/org.apache.hadoop.hive.ql.TestTxnNoBuckets-1713945183193/warehouse/nobuckets/c3=0/delta_0000001_0000001_0000/bucket_00000_0, start=3, length=309, isOriginal=false, fileLength=651, hasFooter=false, hasBase=true, deltas=0]
2024-04-24T00:53:44,048  INFO [LocalJobRunner Map Task Executor #0] exec.SerializationUtilities: Deserializing MapWork using kryo
2024-04-24T00:53:44,049  INFO [LocalJobRunner Map Task Executor #0] exec.Utilities: Deserialized plan (via FILE) - name: null size: 9,43KB
2024-04-24T00:53:44,050  INFO [LocalJobRunner Map Task Executor #0] orc.OrcInputFormat: ORC pushdown predicate: leaf-(IN c2 0 3)
2024-04-24T00:53:44,050  INFO [LocalJobRunner Map Task Executor #0] orc.VectorizedOrcAcidRowBatchReader: Read ValidWriteIdList: default.nobuckets:1:9223372036854775807:::OrcSplit [file:/home/alex/Repositories/hive/ql/target/tmp/org.apache.hadoop.hive.ql.TestTxnNoBuckets-1713945183193/warehouse/nobuckets/c3=0/delta_0000001_0000001_0000/bucket_00000_0, start=3, length=309, isOriginal=false, fileLength=651, hasFooter=false, hasBase=true, deltas=0]
2024-04-24T00:53:44,051  INFO [LocalJobRunner Map Task Executor #0] orc.ReaderImpl: Reading ORC rows from file:/home/alex/Repositories/hive/ql/target/tmp/org.apache.hadoop.hive.ql.TestTxnNoBuckets-1713945183193/warehouse/nobuckets/c3=0/delta_0000001_0000001_0000/bucket_00000_0 with {include: [true, true, true], offset: 3, length: 309, sarg: leaf-(IN c2 0 3), schema: struct<c1:int,c2:int>, includeAcidColumns: false}
2024-04-24T00:53:44,052  INFO [LocalJobRunner Map Task Executor #0] mapred.MapTask: numReduceTasks: 0
2024-04-24T00:53:44,053  INFO [LocalJobRunner Map Task Executor #0] vector.VectorMapOperator: Initializing Operator: MAP[0]
2024-04-24T00:53:44,053  INFO [LocalJobRunner Map Task Executor #0] mr.ExecMapper: 
<MAP>Id =0
  <Children>null
  <\Children>
  <Parent><\Parent>
<\MAP>
2024-04-24T00:53:44,054  INFO [LocalJobRunner Map Task Executor #0] exec.TableScanOperator: Initializing Operator: TS[0]
2024-04-24T00:53:44,054  INFO [LocalJobRunner Map Task Executor #0] vector.VectorFilterOperator: Initializing Operator: FIL[5]
2024-04-24T00:53:44,054  INFO [LocalJobRunner Map Task Executor #0] vector.VectorSelectOperator: Initializing Operator: SEL[6]
2024-04-24T00:53:44,054  INFO [LocalJobRunner Map Task Executor #0] vector.VectorFileSinkOperator: Initializing Operator: FS[7]
2024-04-24T00:53:44,056  INFO [LocalJobRunner Map Task Executor #0] exec.FileSinkOperator: Using serializer : class org.apache.hadoop.hive.serde2.lazy.LazySimpleSerDe [serdeParams=org.apache.hadoop.hive.serde2.lazy.LazySerDeParameters@30619cda, cachedObjectInspector=org.apache.hadoop.hive.serde2.lazy.objectinspector.LazySimpleStructObjectInspector<org.apache.hadoop.hive.serde2.lazy.objectinspector.primitive.LazyIntObjectInspector@4870d2e1,org.apache.hadoop.hive.serde2.lazy.objectinspector.primitive.LazyIntObjectInspector@4870d2e1,org.apache.hadoop.hive.serde2.lazy.objectinspector.primitive.LazyIntObjectInspector@4870d2e1>, serializedSize=0, stats=org.apache.hadoop.hive.serde2.SerDeStats@715c97ae, lastOperationSerialize=false, lastOperationDeserialize=false [1, 2, 3, 4, 5, 6, 7, 8, 11, 14, 15, 16, 17, 18, 19, 20, 21, 22, 23, 24, 25, 26, 28, 29, 30, 31, -128, -127, -126, -125, -124, -123, -122, -121, -120, -119, -118, -117, -116, -115, -114, -113, -112, -111, -110, -109, -108, -107, -106, -105, -104, -103, -102, -101, -100, -99, -98, -97, -96, -95, -94, -93, -92, -91, -90, -89, -88, -87, -86, -85, -84, -83, -82, -81, -80, -79, -78, -77, -76, -75, -74, -73, -72, -71, -70, -69, -68, -67, -66, -65, -64, -63, -62, -61, -60, -59, -58, -57, -56, -55, -54, -53, -52, -51, -50, -49, -48, -47, -46, -45, -44, -43, -42, -41, -40, -39, -38, -37, -36, -35, -34, -33, -32, -31, -30, -29, -28, -27, -26, -25, -24, -23, -22, -21, -20, -19, -18, -17, -16, -15, -14, -13, -12, -11, -10, -9, -8, -7, -6, -5, -4, -3, -2, -1] : [_col0, _col1, _col2] : [int, int, int]] and formatter : org.apache.hadoop.hive.ql.io.HiveSequenceFileOutputFormat@74187fba
2024-04-24T00:53:44,056  INFO [LocalJobRunner Map Task Executor #0] exec.FileSinkOperator: Final Path: FS file:/home/alex/Repositories/hive/ql/target/tmp/localscratchdir/b8bea980-26cf-4ecb-93b4-cf7974ce2d23/hive_2024-04-24_00-53-43_453_5403244033910082759-1/-mr-10001/.hive-staging_hive_2024-04-24_00-53-43_453_5403244033910082759-1/_tmp.-ext-10002/000001_0
2024-04-24T00:53:44,056  INFO [LocalJobRunner Map Task Executor #0] exec.FileSinkOperator: Writing to temp file: FS file:/home/alex/Repositories/hive/ql/target/tmp/localscratchdir/b8bea980-26cf-4ecb-93b4-cf7974ce2d23/hive_2024-04-24_00-53-43_453_5403244033910082759-1/-mr-10001/.hive-staging_hive_2024-04-24_00-53-43_453_5403244033910082759-1/_task_tmp.-ext-10002/_tmp.000001_0
2024-04-24T00:53:44,056  INFO [LocalJobRunner Map Task Executor #0] exec.FileSinkOperator: New Final Path: FS file:/home/alex/Repositories/hive/ql/target/tmp/localscratchdir/b8bea980-26cf-4ecb-93b4-cf7974ce2d23/hive_2024-04-24_00-53-43_453_5403244033910082759-1/-mr-10001/.hive-staging_hive_2024-04-24_00-53-43_453_5403244033910082759-1/_tmp.-ext-10002/000001_0
2024-04-24T00:53:44,061  INFO [LocalJobRunner Map Task Executor #0] exec.FileSinkOperator: FS[7]: records written - 1
2024-04-24T00:53:44,061  INFO [LocalJobRunner Map Task Executor #0] vector.VectorMapOperator: Closing Operator: MAP[0]
2024-04-24T00:53:44,061  INFO [LocalJobRunner Map Task Executor #0] vector.VectorMapOperator: RECORDS_IN:1, DESERIALIZE_ERRORS:0, RECORDS_OUT_INTERMEDIATE:0, RECORDS_OUT_OPERATOR_MAP_0:0, 
2024-04-24T00:53:44,061  INFO [LocalJobRunner Map Task Executor #0] exec.TableScanOperator: Closing Operator: TS[0]
2024-04-24T00:53:44,061  INFO [LocalJobRunner Map Task Executor #0] exec.TableScanOperator: RECORDS_OUT_INTERMEDIATE:0, RECORDS_OUT_OPERATOR_TS_0:1, 
2024-04-24T00:53:44,061  INFO [LocalJobRunner Map Task Executor #0] vector.VectorFilterOperator: Closing Operator: FIL[5]
2024-04-24T00:53:44,061  INFO [LocalJobRunner Map Task Executor #0] vector.VectorFilterOperator: RECORDS_OUT_OPERATOR_FIL_5:1, RECORDS_OUT_INTERMEDIATE:0, 
2024-04-24T00:53:44,061  INFO [LocalJobRunner Map Task Executor #0] vector.VectorSelectOperator: Closing Operator: SEL[6]
2024-04-24T00:53:44,061  INFO [LocalJobRunner Map Task Executor #0] vector.VectorSelectOperator: RECORDS_OUT_OPERATOR_SEL_6:1, RECORDS_OUT_INTERMEDIATE:0, 
2024-04-24T00:53:44,061  INFO [LocalJobRunner Map Task Executor #0] vector.VectorFileSinkOperator: Closing Operator: FS[7]
2024-04-24T00:53:44,061  INFO [LocalJobRunner Map Task Executor #0] exec.FileSinkOperator: FS[7]: records written - 1
2024-04-24T00:53:44,061  INFO [LocalJobRunner Map Task Executor #0] vector.VectorFileSinkOperator: RECORDS_OUT_0:1, RECORDS_OUT_INTERMEDIATE:0, RECORDS_OUT_OPERATOR_FS_7:1, 
2024-04-24T00:53:44,062  INFO [LocalJobRunner Map Task Executor #0] mapred.LocalJobRunner: 
2024-04-24T00:53:44,062  INFO [LocalJobRunner Map Task Executor #0] mapred.Task: Task:attempt_local1406671735_0014_m_000001_0 is done. And is in the process of committing
2024-04-24T00:53:44,062  INFO [LocalJobRunner Map Task Executor #0] mapred.LocalJobRunner: OrcSplit [file:/home/alex/Repositories/hive/ql/target/tmp/org.apache.hadoop.hive.ql.TestTxnNoBuckets-1713945183193/warehouse/nobuckets/c3=0/delta_0000001_0000001_0000/bucket_00000_0, start=3, length=309, isOriginal=false, fileLength=651, hasFooter=false, hasBase=true, deltas=0]
2024-04-24T00:53:44,062  INFO [LocalJobRunner Map Task Executor #0] mapred.Task: Task 'attempt_local1406671735_0014_m_000001_0' done.
2024-04-24T00:53:44,063  INFO [LocalJobRunner Map Task Executor #0] mapred.Task: Final Counters for attempt_local1406671735_0014_m_000001_0: Counters: 25
	File System Counters
		FILE: Number of bytes read=416952
		FILE: Number of bytes written=16861901
		FILE: Number of read operations=0
		FILE: Number of large read operations=0
		FILE: Number of write operations=0
	Map-Reduce Framework
		Map input records=1
		Map output records=0
		Input split bytes=511
		Spilled Records=0
		Failed Shuffles=0
		Merged Map outputs=0
		GC time elapsed (ms)=0
		Total committed heap usage (bytes)=1118830592
	HIVE
		CREATED_FILES=1
		DESERIALIZE_ERRORS=0
		RECORDS_IN=1
		RECORDS_OUT_0=1
		RECORDS_OUT_INTERMEDIATE=0
		RECORDS_OUT_OPERATOR_FIL_5=1
		RECORDS_OUT_OPERATOR_FS_7=1
		RECORDS_OUT_OPERATOR_MAP_0=0
		RECORDS_OUT_OPERATOR_SEL_6=1
		RECORDS_OUT_OPERATOR_TS_0=1
	File Input Format Counters 
		Bytes Read=13534
	File Output Format Counters 
		Bytes Written=0
2024-04-24T00:53:44,063  INFO [LocalJobRunner Map Task Executor #0] mapred.LocalJobRunner: Finishing task: attempt_local1406671735_0014_m_000001_0
2024-04-24T00:53:44,063  INFO [Thread-998] mapred.LocalJobRunner: map task executor complete.
2024-04-24 00:53:45,027 Stage-1 map = 100%,  reduce = 0%
2024-04-24T00:53:45,027  INFO [main] exec.Task: 2024-04-24 00:53:45,027 Stage-1 map = 100%,  reduce = 0%
Ended Job = job_local1406671735_0014
2024-04-24T00:53:45,028  INFO [main] exec.Task: Ended Job = job_local1406671735_0014
2024-04-24T00:53:45,030  INFO [main] metadata.Hive: Dumping metastore api call timing information for : execution phase
2024-04-24T00:53:45,031  INFO [main] metadata.Hive: Total time spent in each metastore function (ms): {}
MapReduce Jobs Launched: 
2024-04-24T00:53:45,031  INFO [main] ql.Driver: MapReduce Jobs Launched: 
Stage-Stage-1:  HDFS Read: 0 HDFS Write: 0 SUCCESS
2024-04-24T00:53:45,031  INFO [main] ql.Driver: Stage-Stage-1:  HDFS Read: 0 HDFS Write: 0 SUCCESS
Total MapReduce CPU Time Spent: 0 msec
2024-04-24T00:53:45,031  INFO [main] ql.Driver: Total MapReduce CPU Time Spent: 0 msec
2024-04-24T00:53:45,031  INFO [main] ql.Driver: Completed executing command(queryId=alex_20240424005343_8841bdef-71d0-43b7-98c4-e037bddd13f5); Time taken: 1.333 seconds
2024-04-24T00:53:45,031  INFO [main] lockmgr.DbTxnManager: Stopped heartbeat for query: alex_20240424005343_8841bdef-71d0-43b7-98c4-e037bddd13f5
2024-04-24T00:53:45,036  INFO [main] txn.TxnHandler: Expected to move at least one record from txn_components to completed_txn_components when committing txn! txnid:23
2024-04-24T00:53:45,045  INFO [main] txn.TxnHandler: Removed transactions: ([23]) from MIN_HISTORY_LEVEL
2024-04-24T00:53:45,046  WARN [main] txn.CompactionTxnHandler: No compaction queue record found for Compaction type transaction commit. txnId:23
2024-04-24T00:53:45,053  INFO [main] mapred.FileInputFormat: Total input files to process : 2
2024-04-24T00:53:45,055  INFO [main] exec.ListSinkOperator: Closing Operator: LIST_SINK[8]
2024-04-24T00:53:45,055  INFO [main] exec.ListSinkOperator: RECORDS_OUT_OPERATOR_LIST_SINK_8:3, RECORDS_OUT_INTERMEDIATE:0, 
2024-04-24T00:53:45,055  INFO [main] ql.TxnCommandsBaseForTests: Running the query: update nobuckets set c2 = 17 where c2 in(0,3)
2024-04-24T00:53:45,055  INFO [main] ql.Context: Deleting scratch dir: file:/home/alex/Repositories/hive/ql/target/tmp/localscratchdir/b8bea980-26cf-4ecb-93b4-cf7974ce2d23/hive_2024-04-24_00-53-43_453_5403244033910082759-1
2024-04-24T00:53:45,056  INFO [main] cleanup.SyncCleanupService: Deleted directory: file:/home/alex/Repositories/hive/ql/target/tmp/localscratchdir/b8bea980-26cf-4ecb-93b4-cf7974ce2d23/hive_2024-04-24_00-53-43_453_5403244033910082759-1 on fs with scheme file
2024-04-24T00:53:45,057  INFO [main] ql.Driver: Compiling command(queryId=alex_20240424005345_5564baba-b8fa-42a0-a7ae-3caf824b1659): update nobuckets set c2 = 17 where c2 in(0,3)
2024-04-24T00:53:45,061  INFO [main] txn.TxnHandler: Added entries to MIN_HISTORY_LEVEL for current txns: ([24]) with min_open_txn: 24
2024-04-24T00:53:45,061  INFO [main] lockmgr.DbTxnManager: Opened txnid:24
2024-04-24T00:53:45,062  INFO [main] parse.UpdateDeleteSemanticAnalyzer: Starting caching scope for: 
2024-04-24T00:53:45,062  INFO [main] HiveMetaStore.audit: ugi=alex	ip=unknown-ip-addr	cmd=get_table : tbl=hive.default.nobuckets	
2024-04-24T00:53:45,070  INFO [main] metastore.HMSHandler: Skipping translation for processor with null
2024-04-24T00:53:45,071  INFO [main] parse.RewriteSemanticAnalyzer: Going to reparse <update nobuckets set c2 = 17 where c2 in(0,3)> as 
<insert into table `default`.`nobuckets` partition (`c3`) select ROW__ID,`c1`,`c2`, `c3` from `default`.`nobuckets` sort by ROW__ID >
2024-04-24T00:53:45,072  INFO [main] parse.UpdateDeleteSemanticAnalyzer: Starting Semantic Analysis
2024-04-24T00:53:45,077  INFO [main] HiveMetaStore.audit: ugi=alex	ip=unknown-ip-addr	cmd=get_table : tbl=hive.default.nobuckets	
2024-04-24T00:53:45,086  INFO [main] metastore.HMSHandler: Skipping translation for processor with null
2024-04-24T00:53:45,086  INFO [main] parse.UpdateDeleteSemanticAnalyzer: Completed phase 1 of Semantic Analysis
2024-04-24T00:53:45,086  INFO [main] parse.UpdateDeleteSemanticAnalyzer: Get metadata for source tables
2024-04-24T00:53:45,087  INFO [main] parse.UpdateDeleteSemanticAnalyzer: Get metadata for subqueries
2024-04-24T00:53:45,087  INFO [main] parse.UpdateDeleteSemanticAnalyzer: Get metadata for destination tables
2024-04-24T00:53:45,087  INFO [main] HiveMetaStore.audit: ugi=alex	ip=unknown-ip-addr	cmd=get_table : tbl=hive.default.nobuckets	
2024-04-24T00:53:45,094  INFO [main] metastore.HMSHandler: Skipping translation for processor with null
2024-04-24T00:53:45,095  WARN [main] parse.BaseSemanticAnalyzer: Dynamic partitioning is used; only validating 0 columns
2024-04-24T00:53:45,095  INFO [main] parse.UpdateDeleteSemanticAnalyzer: Completed getting MetaData in Semantic Analysis
2024-04-24T00:53:45,095  INFO [main] parse.UpdateDeleteSemanticAnalyzer: Disabling LLAP IO encode as ETL query is detected
2024-04-24T00:53:45,110  INFO [main] HiveMetaStore.audit: ugi=alex	ip=unknown-ip-addr	cmd=get_all_table_constraints : tbl=hive.default.nobuckets	
2024-04-24T00:53:45,119  INFO [main] HiveMetaStore.audit: ugi=alex	ip=unknown-ip-addr	cmd=get_not_null_constraints : tbl=hive.default.nobuckets	
2024-04-24T00:53:45,120  INFO [main] HiveMetaStore.audit: ugi=alex	ip=unknown-ip-addr	cmd=get_check_constraints : tbl=hive.default.nobuckets	
2024-04-24T00:53:45,196  INFO [main] HiveMetaStore.audit: ugi=alex	ip=unknown-ip-addr	cmd=get_partitions : tbl=hive.default.nobuckets	
2024-04-24T00:53:45,214  INFO [main] calcite.RelOptHiveTable: Calculating column statistics for default.nobuckets, projIndxSet: [0, 1, 2], allowMissingStats: true
2024-04-24T00:53:45,215  INFO [main] HiveMetaStore.audit: ugi=alex	ip=unknown-ip-addr	cmd=get_aggr_stats_for: table=hive.default.nobuckets	
2024-04-24T00:53:45,228  WARN [main] calcite.RelOptHiveTable: No Stats for default@nobuckets, Columns: c1, c2
No Stats for default@nobuckets, Columns: c1, c2
2024-04-24T00:53:45,228  INFO [main] SessionState: No Stats for default@nobuckets, Columns: c1, c2
2024-04-24T00:53:45,300  INFO [main] parse.UpdateDeleteSemanticAnalyzer: Get metadata for source tables
2024-04-24T00:53:45,300  INFO [main] parse.UpdateDeleteSemanticAnalyzer: Get metadata for subqueries
2024-04-24T00:53:45,300  INFO [main] parse.UpdateDeleteSemanticAnalyzer: Get metadata for destination tables
2024-04-24T00:53:45,301  INFO [main] HiveMetaStore.audit: ugi=alex	ip=unknown-ip-addr	cmd=get_table : tbl=hive.default.nobuckets	
2024-04-24T00:53:45,310  INFO [main] metastore.HMSHandler: Skipping translation for processor with null
2024-04-24T00:53:45,310  WARN [main] parse.BaseSemanticAnalyzer: Dynamic partitioning is used; only validating 0 columns
2024-04-24T00:53:45,320 ERROR [main] parse.UpdateDeleteSemanticAnalyzer: CBO failed, skipping CBO. 
org.apache.hadoop.hive.ql.exec.NoMatchingMethodException: No matching method for class org.apache.hadoop.hive.ql.udf.UDFToInteger with (struct<writeid:bigint,bucketid:int,rowid:bigint>). Possible choices: _FUNC_(bigint)  _FUNC_(boolean)  _FUNC_(decimal(38,18))  _FUNC_(double)  _FUNC_(float)  _FUNC_(smallint)  _FUNC_(string)  _FUNC_(struct<bucketid:bigint,writeid:int,rowid:bigint>)  _FUNC_(timestamp)  _FUNC_(tinyint)  _FUNC_(void)  
	at org.apache.hadoop.hive.ql.exec.MethodUtils.getMethodInternal(MethodUtils.java:130) ~[classes/:?]
	at org.apache.hadoop.hive.ql.exec.MethodUtils.getMethodInternal(MethodUtils.java:60) ~[classes/:?]
	at org.apache.hadoop.hive.ql.exec.DefaultUDFMethodResolver.getEvalMethod(DefaultUDFMethodResolver.java:59) ~[classes/:?]
	at org.apache.hadoop.hive.ql.udf.TimestampCastRestrictorResolver.getEvalMethod(TimestampCastRestrictorResolver.java:68) ~[classes/:?]
	at org.apache.hadoop.hive.ql.udf.generic.GenericUDFBridge.initialize(GenericUDFBridge.java:168) ~[classes/:?]
	at org.apache.hadoop.hive.ql.udf.generic.GenericUDF.initializeAndFoldConstants(GenericUDF.java:149) ~[classes/:?]
	at org.apache.hadoop.hive.ql.plan.ExprNodeGenericFuncDesc.newInstance(ExprNodeGenericFuncDesc.java:235) ~[classes/:?]
	at org.apache.hadoop.hive.ql.parse.type.ExprNodeDescExprFactory.createFuncCallExpr(ExprNodeDescExprFactory.java:584) ~[classes/:?]
	at org.apache.hadoop.hive.ql.parse.type.ExprNodeDescExprFactory.createFuncCallExpr(ExprNodeDescExprFactory.java:97) ~[classes/:?]
	at org.apache.hadoop.hive.ql.parse.type.TypeCheckProcFactory$DefaultExprProcessor.getFuncExprNodeDescWithUdfData(TypeCheckProcFactory.java:762) ~[classes/:?]
	at org.apache.hadoop.hive.ql.parse.type.TypeCheckProcFactory$DefaultExprProcessor.createConversionCast(TypeCheckProcFactory.java:783) ~[classes/:?]
	at org.apache.hadoop.hive.ql.parse.SemanticAnalyzer.getPartitionColsFromBucketColsForUpdateDelete(SemanticAnalyzer.java:8725) ~[classes/:?]
	at org.apache.hadoop.hive.ql.parse.SemanticAnalyzer.genBucketingSortingDest(SemanticAnalyzer.java:6914) ~[classes/:?]
	at org.apache.hadoop.hive.ql.parse.SemanticAnalyzer.genFileSinkPlan(SemanticAnalyzer.java:7335) ~[classes/:?]
	at org.apache.hadoop.hive.ql.parse.SemanticAnalyzer.genPostGroupByBodyPlan(SemanticAnalyzer.java:11063) ~[classes/:?]
	at org.apache.hadoop.hive.ql.parse.SemanticAnalyzer.genBodyPlan(SemanticAnalyzer.java:10938) ~[classes/:?]
	at org.apache.hadoop.hive.ql.parse.SemanticAnalyzer.genPlan(SemanticAnalyzer.java:11853) ~[classes/:?]
	at org.apache.hadoop.hive.ql.parse.SemanticAnalyzer.genPlan(SemanticAnalyzer.java:11723) ~[classes/:?]
	at org.apache.hadoop.hive.ql.parse.CalcitePlanner.genOPTree(CalcitePlanner.java:626) ~[classes/:?]
	at org.apache.hadoop.hive.ql.parse.SemanticAnalyzer.analyzeInternal(SemanticAnalyzer.java:12558) ~[classes/:?]
	at org.apache.hadoop.hive.ql.parse.CalcitePlanner.analyzeInternal(CalcitePlanner.java:456) ~[classes/:?]
	at org.apache.hadoop.hive.ql.parse.RewriteSemanticAnalyzer.analyzeInternal(RewriteSemanticAnalyzer.java:67) ~[classes/:?]
	at org.apache.hadoop.hive.ql.parse.BaseSemanticAnalyzer.analyze(BaseSemanticAnalyzer.java:317) ~[classes/:?]
	at org.apache.hadoop.hive.ql.parse.UpdateDeleteSemanticAnalyzer.reparseAndSuperAnalyze(UpdateDeleteSemanticAnalyzer.java:208) ~[classes/:?]
	at org.apache.hadoop.hive.ql.parse.UpdateDeleteSemanticAnalyzer.analyzeUpdate(UpdateDeleteSemanticAnalyzer.java:63) ~[classes/:?]
	at org.apache.hadoop.hive.ql.parse.UpdateDeleteSemanticAnalyzer.analyze(UpdateDeleteSemanticAnalyzer.java:53) ~[classes/:?]
	at org.apache.hadoop.hive.ql.parse.RewriteSemanticAnalyzer.analyzeInternal(RewriteSemanticAnalyzer.java:72) ~[classes/:?]
	at org.apache.hadoop.hive.ql.parse.BaseSemanticAnalyzer.analyze(BaseSemanticAnalyzer.java:317) ~[classes/:?]
	at org.apache.hadoop.hive.ql.Compiler.analyze(Compiler.java:223) ~[classes/:?]
	at org.apache.hadoop.hive.ql.Compiler.compile(Compiler.java:105) ~[classes/:?]
	at org.apache.hadoop.hive.ql.Driver.compile(Driver.java:500) ~[classes/:?]
	at org.apache.hadoop.hive.ql.Driver.compileInternal(Driver.java:453) ~[classes/:?]
	at org.apache.hadoop.hive.ql.Driver.runInternal(Driver.java:181) ~[classes/:?]
	at org.apache.hadoop.hive.ql.Driver.run(Driver.java:153) ~[classes/:?]
	at org.apache.hadoop.hive.ql.Driver.run(Driver.java:140) ~[classes/:?]
	at org.apache.hadoop.hive.ql.TxnCommandsBaseForTests.runStatementOnDriver(TxnCommandsBaseForTests.java:245) ~[test-classes/:?]
	at org.apache.hadoop.hive.ql.TestTxnNoBuckets.testNoBucketsDP(TestTxnNoBuckets.java:233) ~[test-classes/:?]
	at sun.reflect.NativeMethodAccessorImpl.invoke0(Native Method) ~[?:1.8.0_402]
	at sun.reflect.NativeMethodAccessorImpl.invoke(NativeMethodAccessorImpl.java:62) ~[?:1.8.0_402]
	at sun.reflect.DelegatingMethodAccessorImpl.invoke(DelegatingMethodAccessorImpl.java:43) ~[?:1.8.0_402]
	at java.lang.reflect.Method.invoke(Method.java:498) ~[?:1.8.0_402]
	at org.junit.runners.model.FrameworkMethod$1.runReflectiveCall(FrameworkMethod.java:59) ~[junit-4.13.jar:4.13]
	at org.junit.internal.runners.model.ReflectiveCallable.run(ReflectiveCallable.java:12) ~[junit-4.13.jar:4.13]
	at org.junit.runners.model.FrameworkMethod.invokeExplosively(FrameworkMethod.java:56) ~[junit-4.13.jar:4.13]
	at org.junit.internal.runners.statements.InvokeMethod.evaluate(InvokeMethod.java:17) ~[junit-4.13.jar:4.13]
	at org.junit.internal.runners.statements.RunBefores.evaluate(RunBefores.java:26) ~[junit-4.13.jar:4.13]
	at org.junit.internal.runners.statements.RunAfters.evaluate(RunAfters.java:27) ~[junit-4.13.jar:4.13]
	at org.junit.rules.TestWatcher$1.evaluate(TestWatcher.java:61) ~[junit-4.13.jar:4.13]
	at org.junit.runners.ParentRunner$3.evaluate(ParentRunner.java:306) ~[junit-4.13.jar:4.13]
	at org.junit.runners.BlockJUnit4ClassRunner$1.evaluate(BlockJUnit4ClassRunner.java:100) ~[junit-4.13.jar:4.13]
	at org.junit.runners.ParentRunner.runLeaf(ParentRunner.java:366) ~[junit-4.13.jar:4.13]
	at org.junit.runners.BlockJUnit4ClassRunner.runChild(BlockJUnit4ClassRunner.java:103) ~[junit-4.13.jar:4.13]
	at org.junit.runners.BlockJUnit4ClassRunner.runChild(BlockJUnit4ClassRunner.java:63) ~[junit-4.13.jar:4.13]
	at org.junit.runners.ParentRunner$4.run(ParentRunner.java:331) ~[junit-4.13.jar:4.13]
	at org.junit.runners.ParentRunner$1.schedule(ParentRunner.java:79) ~[junit-4.13.jar:4.13]
	at org.junit.runners.ParentRunner.runChildren(ParentRunner.java:329) ~[junit-4.13.jar:4.13]
	at org.junit.runners.ParentRunner.access$100(ParentRunner.java:66) ~[junit-4.13.jar:4.13]
	at org.junit.runners.ParentRunner$2.evaluate(ParentRunner.java:293) ~[junit-4.13.jar:4.13]
	at org.junit.runners.ParentRunner$3.evaluate(ParentRunner.java:306) ~[junit-4.13.jar:4.13]
	at org.junit.runners.ParentRunner.run(ParentRunner.java:413) ~[junit-4.13.jar:4.13]
	at org.junit.runner.JUnitCore.run(JUnitCore.java:137) ~[junit-4.13.jar:4.13]
	at org.junit.runner.JUnitCore.run(JUnitCore.java:115) ~[junit-4.13.jar:4.13]
	at org.junit.vintage.engine.execution.RunnerExecutor.execute(RunnerExecutor.java:43) ~[junit-vintage-engine-5.6.2.jar:5.6.2]
	at java.util.stream.ForEachOps$ForEachOp$OfRef.accept(ForEachOps.java:183) ~[?:1.8.0_402]
	at java.util.stream.ReferencePipeline$3$1.accept(ReferencePipeline.java:193) ~[?:1.8.0_402]
	at java.util.Iterator.forEachRemaining(Iterator.java:116) ~[?:1.8.0_402]
	at java.util.Spliterators$IteratorSpliterator.forEachRemaining(Spliterators.java:1801) ~[?:1.8.0_402]
	at java.util.stream.AbstractPipeline.copyInto(AbstractPipeline.java:482) ~[?:1.8.0_402]
	at java.util.stream.AbstractPipeline.wrapAndCopyInto(AbstractPipeline.java:472) ~[?:1.8.0_402]
	at java.util.stream.ForEachOps$ForEachOp.evaluateSequential(ForEachOps.java:150) ~[?:1.8.0_402]
	at java.util.stream.ForEachOps$ForEachOp$OfRef.evaluateSequential(ForEachOps.java:173) ~[?:1.8.0_402]
	at java.util.stream.AbstractPipeline.evaluate(AbstractPipeline.java:234) ~[?:1.8.0_402]
	at java.util.stream.ReferencePipeline.forEach(ReferencePipeline.java:485) ~[?:1.8.0_402]
	at org.junit.vintage.engine.VintageTestEngine.executeAllChildren(VintageTestEngine.java:82) ~[junit-vintage-engine-5.6.2.jar:5.6.2]
	at org.junit.vintage.engine.VintageTestEngine.execute(VintageTestEngine.java:73) ~[junit-vintage-engine-5.6.2.jar:5.6.2]
	at org.junit.platform.launcher.core.DefaultLauncher.execute(DefaultLauncher.java:248) ~[junit-platform-launcher-1.6.2.jar:1.6.2]
	at org.junit.platform.launcher.core.DefaultLauncher.lambda$execute$5(DefaultLauncher.java:211) ~[junit-platform-launcher-1.6.2.jar:1.6.2]
	at org.junit.platform.launcher.core.DefaultLauncher.withInterceptedStreams(DefaultLauncher.java:226) [junit-platform-launcher-1.6.2.jar:1.6.2]
	at org.junit.platform.launcher.core.DefaultLauncher.execute(DefaultLauncher.java:199) [junit-platform-launcher-1.6.2.jar:1.6.2]
	at org.junit.platform.launcher.core.DefaultLauncher.execute(DefaultLauncher.java:132) [junit-platform-launcher-1.6.2.jar:1.6.2]
	at org.apache.maven.surefire.junitplatform.JUnitPlatformProvider.invokeAllTests(JUnitPlatformProvider.java:154) [surefire-junit-platform-3.0.0-M4.jar:3.0.0-M4]
	at org.apache.maven.surefire.junitplatform.JUnitPlatformProvider.invoke(JUnitPlatformProvider.java:123) [surefire-junit-platform-3.0.0-M4.jar:3.0.0-M4]
	at org.apache.maven.surefire.booter.ForkedBooter.runSuitesInProcess(ForkedBooter.java:377) [surefire-booter-3.0.0-M4.jar:3.0.0-M4]
	at org.apache.maven.surefire.booter.ForkedBooter.execute(ForkedBooter.java:138) [surefire-booter-3.0.0-M4.jar:3.0.0-M4]
	at org.apache.maven.surefire.booter.ForkedBooter.run(ForkedBooter.java:465) [surefire-booter-3.0.0-M4.jar:3.0.0-M4]
	at org.apache.maven.surefire.booter.ForkedBooter.main(ForkedBooter.java:451) [surefire-booter-3.0.0-M4.jar:3.0.0-M4]
2024-04-24T00:53:45,322 ERROR [main] parse.UpdateDeleteSemanticAnalyzer: CBO failed due to missing column stats (see previous errors), skipping CBO
2024-04-24T00:53:45,322  INFO [main] parse.UpdateDeleteSemanticAnalyzer: Ending caching scope for: 
FAILED: NoMatchingMethodException No matching method for class org.apache.hadoop.hive.ql.udf.UDFToInteger with (struct<writeid:bigint,bucketid:int,rowid:bigint>). Possible choices: _FUNC_(bigint)  _FUNC_(boolean)  _FUNC_(decimal(38,18))  _FUNC_(double)  _FUNC_(float)  _FUNC_(smallint)  _FUNC_(string)  _FUNC_(struct<bucketid:bigint,writeid:int,rowid:bigint>)  _FUNC_(timestamp)  _FUNC_(tinyint)  _FUNC_(void)  
2024-04-24T00:53:45,322 ERROR [main] ql.Driver: FAILED: NoMatchingMethodException No matching method for class org.apache.hadoop.hive.ql.udf.UDFToInteger with (struct<writeid:bigint,bucketid:int,rowid:bigint>). Possible choices: _FUNC_(bigint)  _FUNC_(boolean)  _FUNC_(decimal(38,18))  _FUNC_(double)  _FUNC_(float)  _FUNC_(smallint)  _FUNC_(string)  _FUNC_(struct<bucketid:bigint,writeid:int,rowid:bigint>)  _FUNC_(timestamp)  _FUNC_(tinyint)  _FUNC_(void)  
org.apache.hadoop.hive.ql.exec.NoMatchingMethodException: No matching method for class org.apache.hadoop.hive.ql.udf.UDFToInteger with (struct<writeid:bigint,bucketid:int,rowid:bigint>). Possible choices: _FUNC_(bigint)  _FUNC_(boolean)  _FUNC_(decimal(38,18))  _FUNC_(double)  _FUNC_(float)  _FUNC_(smallint)  _FUNC_(string)  _FUNC_(struct<bucketid:bigint,writeid:int,rowid:bigint>)  _FUNC_(timestamp)  _FUNC_(tinyint)  _FUNC_(void)  
	at org.apache.hadoop.hive.ql.exec.MethodUtils.getMethodInternal(MethodUtils.java:130)
	at org.apache.hadoop.hive.ql.exec.MethodUtils.getMethodInternal(MethodUtils.java:60)
	at org.apache.hadoop.hive.ql.exec.DefaultUDFMethodResolver.getEvalMethod(DefaultUDFMethodResolver.java:59)
	at org.apache.hadoop.hive.ql.udf.TimestampCastRestrictorResolver.getEvalMethod(TimestampCastRestrictorResolver.java:68)
	at org.apache.hadoop.hive.ql.udf.generic.GenericUDFBridge.initialize(GenericUDFBridge.java:168)
	at org.apache.hadoop.hive.ql.udf.generic.GenericUDF.initializeAndFoldConstants(GenericUDF.java:149)
	at org.apache.hadoop.hive.ql.plan.ExprNodeGenericFuncDesc.newInstance(ExprNodeGenericFuncDesc.java:235)
	at org.apache.hadoop.hive.ql.parse.type.ExprNodeDescExprFactory.createFuncCallExpr(ExprNodeDescExprFactory.java:584)
	at org.apache.hadoop.hive.ql.parse.type.ExprNodeDescExprFactory.createFuncCallExpr(ExprNodeDescExprFactory.java:97)
	at org.apache.hadoop.hive.ql.parse.type.TypeCheckProcFactory$DefaultExprProcessor.getFuncExprNodeDescWithUdfData(TypeCheckProcFactory.java:762)
	at org.apache.hadoop.hive.ql.parse.type.TypeCheckProcFactory$DefaultExprProcessor.createConversionCast(TypeCheckProcFactory.java:783)
	at org.apache.hadoop.hive.ql.parse.SemanticAnalyzer.getPartitionColsFromBucketColsForUpdateDelete(SemanticAnalyzer.java:8725)
	at org.apache.hadoop.hive.ql.parse.SemanticAnalyzer.genBucketingSortingDest(SemanticAnalyzer.java:6914)
	at org.apache.hadoop.hive.ql.parse.SemanticAnalyzer.genFileSinkPlan(SemanticAnalyzer.java:7335)
	at org.apache.hadoop.hive.ql.parse.SemanticAnalyzer.genPostGroupByBodyPlan(SemanticAnalyzer.java:11063)
	at org.apache.hadoop.hive.ql.parse.SemanticAnalyzer.genBodyPlan(SemanticAnalyzer.java:10938)
	at org.apache.hadoop.hive.ql.parse.SemanticAnalyzer.genPlan(SemanticAnalyzer.java:11853)
	at org.apache.hadoop.hive.ql.parse.SemanticAnalyzer.genPlan(SemanticAnalyzer.java:11723)
	at org.apache.hadoop.hive.ql.parse.CalcitePlanner.genOPTree(CalcitePlanner.java:626)
	at org.apache.hadoop.hive.ql.parse.SemanticAnalyzer.analyzeInternal(SemanticAnalyzer.java:12558)
	at org.apache.hadoop.hive.ql.parse.CalcitePlanner.analyzeInternal(CalcitePlanner.java:456)
	at org.apache.hadoop.hive.ql.parse.RewriteSemanticAnalyzer.analyzeInternal(RewriteSemanticAnalyzer.java:67)
	at org.apache.hadoop.hive.ql.parse.BaseSemanticAnalyzer.analyze(BaseSemanticAnalyzer.java:317)
	at org.apache.hadoop.hive.ql.parse.UpdateDeleteSemanticAnalyzer.reparseAndSuperAnalyze(UpdateDeleteSemanticAnalyzer.java:208)
	at org.apache.hadoop.hive.ql.parse.UpdateDeleteSemanticAnalyzer.analyzeUpdate(UpdateDeleteSemanticAnalyzer.java:63)
	at org.apache.hadoop.hive.ql.parse.UpdateDeleteSemanticAnalyzer.analyze(UpdateDeleteSemanticAnalyzer.java:53)
	at org.apache.hadoop.hive.ql.parse.RewriteSemanticAnalyzer.analyzeInternal(RewriteSemanticAnalyzer.java:72)
	at org.apache.hadoop.hive.ql.parse.BaseSemanticAnalyzer.analyze(BaseSemanticAnalyzer.java:317)
	at org.apache.hadoop.hive.ql.Compiler.analyze(Compiler.java:223)
	at org.apache.hadoop.hive.ql.Compiler.compile(Compiler.java:105)
	at org.apache.hadoop.hive.ql.Driver.compile(Driver.java:500)
	at org.apache.hadoop.hive.ql.Driver.compileInternal(Driver.java:453)
	at org.apache.hadoop.hive.ql.Driver.runInternal(Driver.java:181)
	at org.apache.hadoop.hive.ql.Driver.run(Driver.java:153)
	at org.apache.hadoop.hive.ql.Driver.run(Driver.java:140)
	at org.apache.hadoop.hive.ql.TxnCommandsBaseForTests.runStatementOnDriver(TxnCommandsBaseForTests.java:245)
	at org.apache.hadoop.hive.ql.TestTxnNoBuckets.testNoBucketsDP(TestTxnNoBuckets.java:233)
	at sun.reflect.NativeMethodAccessorImpl.invoke0(Native Method)
	at sun.reflect.NativeMethodAccessorImpl.invoke(NativeMethodAccessorImpl.java:62)
	at sun.reflect.DelegatingMethodAccessorImpl.invoke(DelegatingMethodAccessorImpl.java:43)
	at java.lang.reflect.Method.invoke(Method.java:498)
	at org.junit.runners.model.FrameworkMethod$1.runReflectiveCall(FrameworkMethod.java:59)
	at org.junit.internal.runners.model.ReflectiveCallable.run(ReflectiveCallable.java:12)
	at org.junit.runners.model.FrameworkMethod.invokeExplosively(FrameworkMethod.java:56)
	at org.junit.internal.runners.statements.InvokeMethod.evaluate(InvokeMethod.java:17)
	at org.junit.internal.runners.statements.RunBefores.evaluate(RunBefores.java:26)
	at org.junit.internal.runners.statements.RunAfters.evaluate(RunAfters.java:27)
	at org.junit.rules.TestWatcher$1.evaluate(TestWatcher.java:61)
	at org.junit.runners.ParentRunner$3.evaluate(ParentRunner.java:306)
	at org.junit.runners.BlockJUnit4ClassRunner$1.evaluate(BlockJUnit4ClassRunner.java:100)
	at org.junit.runners.ParentRunner.runLeaf(ParentRunner.java:366)
	at org.junit.runners.BlockJUnit4ClassRunner.runChild(BlockJUnit4ClassRunner.java:103)
	at org.junit.runners.BlockJUnit4ClassRunner.runChild(BlockJUnit4ClassRunner.java:63)
	at org.junit.runners.ParentRunner$4.run(ParentRunner.java:331)
	at org.junit.runners.ParentRunner$1.schedule(ParentRunner.java:79)
	at org.junit.runners.ParentRunner.runChildren(ParentRunner.java:329)
	at org.junit.runners.ParentRunner.access$100(ParentRunner.java:66)
	at org.junit.runners.ParentRunner$2.evaluate(ParentRunner.java:293)
	at org.junit.runners.ParentRunner$3.evaluate(ParentRunner.java:306)
	at org.junit.runners.ParentRunner.run(ParentRunner.java:413)
	at org.junit.runner.JUnitCore.run(JUnitCore.java:137)
	at org.junit.runner.JUnitCore.run(JUnitCore.java:115)
	at org.junit.vintage.engine.execution.RunnerExecutor.execute(RunnerExecutor.java:43)
	at java.util.stream.ForEachOps$ForEachOp$OfRef.accept(ForEachOps.java:183)
	at java.util.stream.ReferencePipeline$3$1.accept(ReferencePipeline.java:193)
	at java.util.Iterator.forEachRemaining(Iterator.java:116)
	at java.util.Spliterators$IteratorSpliterator.forEachRemaining(Spliterators.java:1801)
	at java.util.stream.AbstractPipeline.copyInto(AbstractPipeline.java:482)
	at java.util.stream.AbstractPipeline.wrapAndCopyInto(AbstractPipeline.java:472)
	at java.util.stream.ForEachOps$ForEachOp.evaluateSequential(ForEachOps.java:150)
	at java.util.stream.ForEachOps$ForEachOp$OfRef.evaluateSequential(ForEachOps.java:173)
	at java.util.stream.AbstractPipeline.evaluate(AbstractPipeline.java:234)
	at java.util.stream.ReferencePipeline.forEach(ReferencePipeline.java:485)
	at org.junit.vintage.engine.VintageTestEngine.executeAllChildren(VintageTestEngine.java:82)
	at org.junit.vintage.engine.VintageTestEngine.execute(VintageTestEngine.java:73)
	at org.junit.platform.launcher.core.DefaultLauncher.execute(DefaultLauncher.java:248)
	at org.junit.platform.launcher.core.DefaultLauncher.lambda$execute$5(DefaultLauncher.java:211)
	at org.junit.platform.launcher.core.DefaultLauncher.withInterceptedStreams(DefaultLauncher.java:226)
	at org.junit.platform.launcher.core.DefaultLauncher.execute(DefaultLauncher.java:199)
	at org.junit.platform.launcher.core.DefaultLauncher.execute(DefaultLauncher.java:132)
	at org.apache.maven.surefire.junitplatform.JUnitPlatformProvider.invokeAllTests(JUnitPlatformProvider.java:154)
	at org.apache.maven.surefire.junitplatform.JUnitPlatformProvider.invoke(JUnitPlatformProvider.java:123)
	at org.apache.maven.surefire.booter.ForkedBooter.runSuitesInProcess(ForkedBooter.java:377)
	at org.apache.maven.surefire.booter.ForkedBooter.execute(ForkedBooter.java:138)
	at org.apache.maven.surefire.booter.ForkedBooter.run(ForkedBooter.java:465)
	at org.apache.maven.surefire.booter.ForkedBooter.main(ForkedBooter.java:451)

2024-04-24T00:53:45,323  INFO [main] metadata.Hive: Dumping metastore api call timing information for : compilation phase
2024-04-24T00:53:45,324  INFO [main] metadata.Hive: Total time spent in each metastore function (ms): {getCheckConstraints_(CheckConstraintsRequest)=1, openTxn_(String, TxnType)=2, commitTxn_(CommitTxnRequest)=15, getAllTableConstraints_(AllTableConstraintsRequest)=7, getTable_(GetTableRequest)=35, getMetaConf_(String)=0, getNotNullConstraints_(NotNullConstraintsRequest)=2, getValidWriteIds_(List, String)=4, getAggrColStatsFor_(String, String, List, List, String, String)=12, listPartitions_(String, String, short)=14, isCompatibleWith_(Configuration)=2, getValidTxns_(long)=0, flushCache_()=0}
2024-04-24T00:53:45,324  INFO [main] ql.Driver: Completed compiling command(queryId=alex_20240424005345_5564baba-b8fa-42a0-a7ae-3caf824b1659); Time taken: 0.266 seconds
2024-04-24T00:53:45,324  INFO [main] lockmgr.DbTxnManager: Stopped heartbeat for query: null
2024-04-24T00:53:45,329  INFO [main] txn.TxnHandler: Removed transactions: ([24]) from MIN_HISTORY_LEVEL
2024-04-24T00:53:45,337  INFO [main] ql.TxnCommandsBaseForTests: Running the query: drop table if exists acidTbl
2024-04-24T00:53:45,338  INFO [main] ql.Driver: Compiling command(queryId=alex_20240424005345_0f0d2539-5d76-4d8f-94a8-420f1ecd8e56): drop table if exists acidTbl
2024-04-24T00:53:45,341  INFO [main] txn.TxnHandler: Added entries to MIN_HISTORY_LEVEL for current txns: ([25]) with min_open_txn: 24
2024-04-24T00:53:45,341  INFO [main] lockmgr.DbTxnManager: Opened txnid:25
2024-04-24T00:53:45,342  INFO [main] HiveMetaStore.audit: ugi=alex	ip=unknown-ip-addr	cmd=get_table : tbl=hive.default.acidTbl	
2024-04-24T00:53:45,351  INFO [main] metastore.HMSHandler: Skipping translation for processor with null
2024-04-24T00:53:45,351  INFO [main] ql.Driver: Semantic Analysis Completed (retrial = false)
2024-04-24T00:53:45,351  INFO [main] ql.Driver: Created Hive schema: Schema(fieldSchemas:null, properties:null)
2024-04-24T00:53:45,351  INFO [main] metadata.Hive: Dumping metastore api call timing information for : compilation phase
2024-04-24T00:53:45,351  INFO [main] metadata.Hive: Total time spent in each metastore function (ms): {isCompatibleWith_(Configuration)=1, flushCache_()=0, getTable_(GetTableRequest)=9, openTxn_(String, TxnType)=2, getValidTxns_(long)=0, rollbackTxn_(long)=13}
2024-04-24T00:53:45,352  INFO [main] ql.Driver: Completed compiling command(queryId=alex_20240424005345_0f0d2539-5d76-4d8f-94a8-420f1ecd8e56); Time taken: 0.013 seconds
2024-04-24T00:53:45,352  INFO [main] lockmgr.DbTxnManager: Setting lock request transaction to txnid:25 for queryId=alex_20240424005345_0f0d2539-5d76-4d8f-94a8-420f1ecd8e56
2024-04-24T00:53:45,352  INFO [main] lockmgr.DbLockManager: Requesting lock for queryId=alex_20240424005345_0f0d2539-5d76-4d8f-94a8-420f1ecd8e56
2024-04-24T00:53:45,374  INFO [main] lockmgr.DbLockManager: Response to queryId=alex_20240424005345_0f0d2539-5d76-4d8f-94a8-420f1ecd8e56 LockResponse(lockid:16, state:ACQUIRED)
2024-04-24T00:53:45,375  INFO [main] ql.Driver: Operation DROPTABLE obtained 1 locks
2024-04-24T00:53:45,375  INFO [main] ql.Driver: Executing command(queryId=alex_20240424005345_0f0d2539-5d76-4d8f-94a8-420f1ecd8e56): drop table if exists acidTbl
2024-04-24T00:53:45,375  INFO [main] ql.Driver: Starting task [Stage-0:DDL] in serial mode
2024-04-24T00:53:45,375  INFO [main] HiveMetaStore.audit: ugi=alex	ip=unknown-ip-addr	cmd=get_table : tbl=hive.default.acidTbl	
2024-04-24T00:53:45,389  INFO [main] metastore.HMSHandler: Skipping translation for processor with null
2024-04-24T00:53:45,389  INFO [main] HiveMetaStore.audit: ugi=alex	ip=unknown-ip-addr	cmd=get_table : tbl=hive.default.acidTbl	
2024-04-24T00:53:45,403  INFO [main] metastore.HMSHandler: Skipping translation for processor with null
2024-04-24T00:53:45,403  INFO [main] HiveMetaStore.audit: ugi=alex	ip=unknown-ip-addr	cmd=drop_table : tbl=hive.default.acidTbl	
2024-04-24T00:53:45,566  INFO [main] metadata.Hive: Dumping metastore api call timing information for : execution phase
2024-04-24T00:53:45,567  INFO [main] metadata.Hive: Total time spent in each metastore function (ms): {dropTable_(String, String, boolean, boolean, boolean)=177, isCompatibleWith_(Configuration)=0, getTable_(GetTableRequest)=14}
2024-04-24T00:53:45,567  INFO [main] ql.Driver: Completed executing command(queryId=alex_20240424005345_0f0d2539-5d76-4d8f-94a8-420f1ecd8e56); Time taken: 0.191 seconds
2024-04-24T00:53:45,567  INFO [main] lockmgr.DbTxnManager: Stopped heartbeat for query: alex_20240424005345_0f0d2539-5d76-4d8f-94a8-420f1ecd8e56
2024-04-24T00:53:45,571  INFO [main] txn.TxnHandler: Expected to move at least one record from txn_components to completed_txn_components when committing txn! txnid:25
2024-04-24T00:53:45,578  INFO [main] txn.TxnHandler: Removed transactions: ([25]) from MIN_HISTORY_LEVEL
2024-04-24T00:53:45,578  WARN [main] txn.CompactionTxnHandler: No compaction queue record found for Compaction type transaction commit. txnId:25
2024-04-24T00:53:45,580  INFO [main] ql.TxnCommandsBaseForTests: Running the query: drop table if exists acidTblPart
2024-04-24T00:53:45,580  INFO [main] ql.Driver: Compiling command(queryId=alex_20240424005345_1969df77-e9fa-4b8d-bb15-8e0f4340adc1): drop table if exists acidTblPart
2024-04-24T00:53:45,583  INFO [main] txn.TxnHandler: Added entries to MIN_HISTORY_LEVEL for current txns: ([26]) with min_open_txn: 24
2024-04-24T00:53:45,584  INFO [main] lockmgr.DbTxnManager: Opened txnid:26
2024-04-24T00:53:45,585  INFO [main] HiveMetaStore.audit: ugi=alex	ip=unknown-ip-addr	cmd=get_table : tbl=hive.default.acidTblPart	
2024-04-24T00:53:45,601  INFO [main] metastore.HMSHandler: Skipping translation for processor with null
2024-04-24T00:53:45,602  INFO [main] ql.Driver: Semantic Analysis Completed (retrial = false)
2024-04-24T00:53:45,602  INFO [main] ql.Driver: Created Hive schema: Schema(fieldSchemas:null, properties:null)
2024-04-24T00:53:45,602  INFO [main] metadata.Hive: Dumping metastore api call timing information for : compilation phase
2024-04-24T00:53:45,602  INFO [main] metadata.Hive: Total time spent in each metastore function (ms): {flushCache_()=0, openTxn_(String, TxnType)=3, isCompatibleWith_(Configuration)=0, commitTxn_(CommitTxnRequest)=12, getTable_(GetTableRequest)=16, getValidTxns_(long)=1}
2024-04-24T00:53:45,602  INFO [main] ql.Driver: Completed compiling command(queryId=alex_20240424005345_1969df77-e9fa-4b8d-bb15-8e0f4340adc1); Time taken: 0.022 seconds
2024-04-24T00:53:45,603  INFO [main] lockmgr.DbTxnManager: Setting lock request transaction to txnid:26 for queryId=alex_20240424005345_1969df77-e9fa-4b8d-bb15-8e0f4340adc1
2024-04-24T00:53:45,604  INFO [main] lockmgr.DbLockManager: Requesting lock for queryId=alex_20240424005345_1969df77-e9fa-4b8d-bb15-8e0f4340adc1
2024-04-24T00:53:45,631  INFO [main] lockmgr.DbLockManager: Response to queryId=alex_20240424005345_1969df77-e9fa-4b8d-bb15-8e0f4340adc1 LockResponse(lockid:17, state:ACQUIRED)
2024-04-24T00:53:45,631  INFO [main] ql.Driver: Operation DROPTABLE obtained 1 locks
2024-04-24T00:53:45,632  INFO [main] ql.Driver: Executing command(queryId=alex_20240424005345_1969df77-e9fa-4b8d-bb15-8e0f4340adc1): drop table if exists acidTblPart
2024-04-24T00:53:45,632  INFO [main] ql.Driver: Starting task [Stage-0:DDL] in serial mode
2024-04-24T00:53:45,632  INFO [main] HiveMetaStore.audit: ugi=alex	ip=unknown-ip-addr	cmd=get_table : tbl=hive.default.acidTblPart	
2024-04-24T00:53:45,646  INFO [main] metastore.HMSHandler: Skipping translation for processor with null
2024-04-24T00:53:45,647  INFO [main] HiveMetaStore.audit: ugi=alex	ip=unknown-ip-addr	cmd=get_table : tbl=hive.default.acidTblPart	
2024-04-24T00:53:45,660  INFO [main] metastore.HMSHandler: Skipping translation for processor with null
2024-04-24T00:53:45,661  INFO [main] HiveMetaStore.audit: ugi=alex	ip=unknown-ip-addr	cmd=drop_table : tbl=hive.default.acidTblPart	
2024-04-24T00:53:45,744  INFO [main] metadata.Hive: Dumping metastore api call timing information for : execution phase
2024-04-24T00:53:45,744  INFO [main] metadata.Hive: Total time spent in each metastore function (ms): {isCompatibleWith_(Configuration)=0, getTable_(GetTableRequest)=15, dropTable_(String, String, boolean, boolean, boolean)=96}
2024-04-24T00:53:45,744  INFO [main] ql.Driver: Completed executing command(queryId=alex_20240424005345_1969df77-e9fa-4b8d-bb15-8e0f4340adc1); Time taken: 0.112 seconds
2024-04-24T00:53:45,744  INFO [main] lockmgr.DbTxnManager: Stopped heartbeat for query: alex_20240424005345_1969df77-e9fa-4b8d-bb15-8e0f4340adc1
2024-04-24T00:53:45,751  INFO [main] txn.TxnHandler: Expected to move at least one record from txn_components to completed_txn_components when committing txn! txnid:26
2024-04-24T00:53:45,760  INFO [main] txn.TxnHandler: Removed transactions: ([26]) from MIN_HISTORY_LEVEL
2024-04-24T00:53:45,761  WARN [main] txn.CompactionTxnHandler: No compaction queue record found for Compaction type transaction commit. txnId:26
2024-04-24T00:53:45,762  INFO [main] ql.TxnCommandsBaseForTests: Running the query: drop table if exists acidTbl2
2024-04-24T00:53:45,762  INFO [main] ql.Driver: Compiling command(queryId=alex_20240424005345_e8df7fc4-c5f0-4021-aa89-f0de64a0c6ae): drop table if exists acidTbl2
2024-04-24T00:53:45,766  INFO [main] txn.TxnHandler: Added entries to MIN_HISTORY_LEVEL for current txns: ([27]) with min_open_txn: 24
2024-04-24T00:53:45,766  INFO [main] lockmgr.DbTxnManager: Opened txnid:27
2024-04-24T00:53:45,768  INFO [main] ql.Driver: Semantic Analysis Completed (retrial = false)
2024-04-24T00:53:45,768  INFO [main] ql.Driver: Created Hive schema: Schema(fieldSchemas:null, properties:null)
2024-04-24T00:53:45,768  INFO [main] metadata.Hive: Dumping metastore api call timing information for : compilation phase
2024-04-24T00:53:45,768  INFO [main] metadata.Hive: Total time spent in each metastore function (ms): {getTable_(GetTableRequest)=1, openTxn_(String, TxnType)=3, getValidTxns_(long)=1, commitTxn_(CommitTxnRequest)=17, flushCache_()=0, isCompatibleWith_(Configuration)=0}
2024-04-24T00:53:45,768  INFO [main] ql.Driver: Completed compiling command(queryId=alex_20240424005345_e8df7fc4-c5f0-4021-aa89-f0de64a0c6ae); Time taken: 0.006 seconds
2024-04-24T00:53:45,769  INFO [main] lockmgr.DbTxnManager: Setting lock request transaction to txnid:27 for queryId=alex_20240424005345_e8df7fc4-c5f0-4021-aa89-f0de64a0c6ae
2024-04-24T00:53:45,769  INFO [main] ql.Driver: Operation DROPTABLE obtained 0 locks
2024-04-24T00:53:45,769  INFO [main] ql.Driver: Executing command(queryId=alex_20240424005345_e8df7fc4-c5f0-4021-aa89-f0de64a0c6ae): drop table if exists acidTbl2
2024-04-24T00:53:45,769  INFO [main] ql.Driver: Starting task [Stage-0:DDL] in serial mode
2024-04-24T00:53:45,770  INFO [main] metadata.SessionHiveMetaStoreClient: Column stats doesn't exist for db=default temp table=acidTbl2
2024-04-24T00:53:45,770  INFO [main] metadata.Hive: Dumping metastore api call timing information for : execution phase
2024-04-24T00:53:45,770  INFO [main] metadata.Hive: Total time spent in each metastore function (ms): {isCompatibleWith_(Configuration)=0, dropTable_(String, String, boolean, boolean, boolean)=1, getTable_(GetTableRequest)=0}
2024-04-24T00:53:45,771  INFO [main] ql.Driver: Completed executing command(queryId=alex_20240424005345_e8df7fc4-c5f0-4021-aa89-f0de64a0c6ae); Time taken: 0.001 seconds
2024-04-24T00:53:45,771  INFO [main] lockmgr.DbTxnManager: Stopped heartbeat for query: alex_20240424005345_e8df7fc4-c5f0-4021-aa89-f0de64a0c6ae
2024-04-24T00:53:45,780  INFO [main] txn.TxnHandler: Expected to move at least one record from txn_components to completed_txn_components when committing txn! txnid:27
2024-04-24T00:53:45,790  INFO [main] txn.TxnHandler: Removed transactions: ([27]) from MIN_HISTORY_LEVEL
2024-04-24T00:53:45,790  WARN [main] txn.CompactionTxnHandler: No compaction queue record found for Compaction type transaction commit. txnId:27
2024-04-24T00:53:45,791  INFO [main] ql.TxnCommandsBaseForTests: Running the query: drop table if exists nonAcidOrcTbl
2024-04-24T00:53:45,792  INFO [main] ql.Driver: Compiling command(queryId=alex_20240424005345_6c1287c8-525a-4dc3-9537-85249b0d6ccf): drop table if exists nonAcidOrcTbl
2024-04-24T00:53:45,795  INFO [main] txn.TxnHandler: Added entries to MIN_HISTORY_LEVEL for current txns: ([28]) with min_open_txn: 24
2024-04-24T00:53:45,796  INFO [main] lockmgr.DbTxnManager: Opened txnid:28
2024-04-24T00:53:45,797  INFO [main] HiveMetaStore.audit: ugi=alex	ip=unknown-ip-addr	cmd=get_table : tbl=hive.default.nonAcidOrcTbl	
2024-04-24T00:53:45,835  INFO [main] metastore.HMSHandler: Skipping translation for processor with null
2024-04-24T00:53:45,836  INFO [main] ql.Driver: Semantic Analysis Completed (retrial = false)
2024-04-24T00:53:45,836  INFO [main] ql.Driver: Created Hive schema: Schema(fieldSchemas:null, properties:null)
2024-04-24T00:53:45,836  INFO [main] metadata.Hive: Dumping metastore api call timing information for : compilation phase
2024-04-24T00:53:45,836  INFO [main] metadata.Hive: Total time spent in each metastore function (ms): {flushCache_()=0, openTxn_(String, TxnType)=4, getTable_(GetTableRequest)=39, commitTxn_(CommitTxnRequest)=20, getValidTxns_(long)=1, isCompatibleWith_(Configuration)=0}
2024-04-24T00:53:45,836  INFO [main] ql.Driver: Completed compiling command(queryId=alex_20240424005345_6c1287c8-525a-4dc3-9537-85249b0d6ccf); Time taken: 0.044 seconds
2024-04-24T00:53:45,837  INFO [main] lockmgr.DbTxnManager: Setting lock request transaction to txnid:28 for queryId=alex_20240424005345_6c1287c8-525a-4dc3-9537-85249b0d6ccf
2024-04-24T00:53:45,837  INFO [main] lockmgr.DbLockManager: Requesting lock for queryId=alex_20240424005345_6c1287c8-525a-4dc3-9537-85249b0d6ccf
2024-04-24T00:53:45,864  INFO [main] lockmgr.DbLockManager: Response to queryId=alex_20240424005345_6c1287c8-525a-4dc3-9537-85249b0d6ccf LockResponse(lockid:18, state:ACQUIRED)
2024-04-24T00:53:45,864  INFO [main] ql.Driver: Operation DROPTABLE obtained 1 locks
2024-04-24T00:53:45,864  INFO [main] ql.Driver: Executing command(queryId=alex_20240424005345_6c1287c8-525a-4dc3-9537-85249b0d6ccf): drop table if exists nonAcidOrcTbl
2024-04-24T00:53:45,864  INFO [main] ql.Driver: Starting task [Stage-0:DDL] in serial mode
2024-04-24T00:53:45,864  INFO [main] HiveMetaStore.audit: ugi=alex	ip=unknown-ip-addr	cmd=get_table : tbl=hive.default.nonAcidOrcTbl	
2024-04-24T00:53:45,881  INFO [main] metastore.HMSHandler: Skipping translation for processor with null
2024-04-24T00:53:45,882  INFO [main] HiveMetaStore.audit: ugi=alex	ip=unknown-ip-addr	cmd=get_table : tbl=hive.default.nonAcidOrcTbl	
2024-04-24T00:53:45,900  INFO [main] metastore.HMSHandler: Skipping translation for processor with null
2024-04-24T00:53:45,901  INFO [main] HiveMetaStore.audit: ugi=alex	ip=unknown-ip-addr	cmd=drop_table : tbl=hive.default.nonAcidOrcTbl	
2024-04-24T00:53:46,034  INFO [main] metadata.Hive: Dumping metastore api call timing information for : execution phase
2024-04-24T00:53:46,034  INFO [main] metadata.Hive: Total time spent in each metastore function (ms): {dropTable_(String, String, boolean, boolean, boolean)=152, getTable_(GetTableRequest)=17, isCompatibleWith_(Configuration)=0}
2024-04-24T00:53:46,034  INFO [main] ql.Driver: Completed executing command(queryId=alex_20240424005345_6c1287c8-525a-4dc3-9537-85249b0d6ccf); Time taken: 0.17 seconds
2024-04-24T00:53:46,034  INFO [main] lockmgr.DbTxnManager: Stopped heartbeat for query: alex_20240424005345_6c1287c8-525a-4dc3-9537-85249b0d6ccf
2024-04-24T00:53:46,039  INFO [main] txn.TxnHandler: Expected to move at least one record from txn_components to completed_txn_components when committing txn! txnid:28
2024-04-24T00:53:46,046  INFO [main] txn.TxnHandler: Removed transactions: ([28]) from MIN_HISTORY_LEVEL
2024-04-24T00:53:46,046  WARN [main] txn.CompactionTxnHandler: No compaction queue record found for Compaction type transaction commit. txnId:28
2024-04-24T00:53:46,047  INFO [main] ql.TxnCommandsBaseForTests: Running the query: drop table if exists nonAcidOrcTbl2
2024-04-24T00:53:46,047  INFO [main] ql.Driver: Compiling command(queryId=alex_20240424005346_bfd7ab83-a201-4861-9ced-dc648e9f7a62): drop table if exists nonAcidOrcTbl2
2024-04-24T00:53:46,050  INFO [main] txn.TxnHandler: Added entries to MIN_HISTORY_LEVEL for current txns: ([29]) with min_open_txn: 24
2024-04-24T00:53:46,051  INFO [main] lockmgr.DbTxnManager: Opened txnid:29
2024-04-24T00:53:46,052  INFO [main] HiveMetaStore.audit: ugi=alex	ip=unknown-ip-addr	cmd=get_table : tbl=hive.default.nonAcidOrcTbl2	
2024-04-24T00:53:46,062  INFO [main] metastore.HMSHandler: Skipping translation for processor with null
2024-04-24T00:53:46,062  INFO [main] ql.Driver: Semantic Analysis Completed (retrial = false)
2024-04-24T00:53:46,062  INFO [main] ql.Driver: Created Hive schema: Schema(fieldSchemas:null, properties:null)
2024-04-24T00:53:46,062  INFO [main] metadata.Hive: Dumping metastore api call timing information for : compilation phase
2024-04-24T00:53:46,063  INFO [main] metadata.Hive: Total time spent in each metastore function (ms): {isCompatibleWith_(Configuration)=0, getValidTxns_(long)=1, getTable_(GetTableRequest)=10, openTxn_(String, TxnType)=3, commitTxn_(CommitTxnRequest)=13, flushCache_()=0}
2024-04-24T00:53:46,063  INFO [main] ql.Driver: Completed compiling command(queryId=alex_20240424005346_bfd7ab83-a201-4861-9ced-dc648e9f7a62); Time taken: 0.015 seconds
2024-04-24T00:53:46,063  INFO [main] lockmgr.DbTxnManager: Setting lock request transaction to txnid:29 for queryId=alex_20240424005346_bfd7ab83-a201-4861-9ced-dc648e9f7a62
2024-04-24T00:53:46,064  INFO [main] lockmgr.DbLockManager: Requesting lock for queryId=alex_20240424005346_bfd7ab83-a201-4861-9ced-dc648e9f7a62
2024-04-24T00:53:46,086  INFO [main] lockmgr.DbLockManager: Response to queryId=alex_20240424005346_bfd7ab83-a201-4861-9ced-dc648e9f7a62 LockResponse(lockid:19, state:ACQUIRED)
2024-04-24T00:53:46,086  INFO [main] ql.Driver: Operation DROPTABLE obtained 1 locks
2024-04-24T00:53:46,086  INFO [main] ql.Driver: Executing command(queryId=alex_20240424005346_bfd7ab83-a201-4861-9ced-dc648e9f7a62): drop table if exists nonAcidOrcTbl2
2024-04-24T00:53:46,086  INFO [main] ql.Driver: Starting task [Stage-0:DDL] in serial mode
2024-04-24T00:53:46,087  INFO [main] HiveMetaStore.audit: ugi=alex	ip=unknown-ip-addr	cmd=get_table : tbl=hive.default.nonAcidOrcTbl2	
2024-04-24T00:53:46,102  INFO [main] metastore.HMSHandler: Skipping translation for processor with null
2024-04-24T00:53:46,103  INFO [main] HiveMetaStore.audit: ugi=alex	ip=unknown-ip-addr	cmd=get_table : tbl=hive.default.nonAcidOrcTbl2	
2024-04-24T00:53:46,118  INFO [main] metastore.HMSHandler: Skipping translation for processor with null
2024-04-24T00:53:46,118  INFO [main] HiveMetaStore.audit: ugi=alex	ip=unknown-ip-addr	cmd=drop_table : tbl=hive.default.nonAcidOrcTbl2	
2024-04-24T00:53:46,163  INFO [main] metadata.Hive: Dumping metastore api call timing information for : execution phase
2024-04-24T00:53:46,164  INFO [main] metadata.Hive: Total time spent in each metastore function (ms): {isCompatibleWith_(Configuration)=1, getTable_(GetTableRequest)=15, dropTable_(String, String, boolean, boolean, boolean)=61}
2024-04-24T00:53:46,164  INFO [main] ql.Driver: Completed executing command(queryId=alex_20240424005346_bfd7ab83-a201-4861-9ced-dc648e9f7a62); Time taken: 0.077 seconds
2024-04-24T00:53:46,164  INFO [main] lockmgr.DbTxnManager: Stopped heartbeat for query: alex_20240424005346_bfd7ab83-a201-4861-9ced-dc648e9f7a62
2024-04-24T00:53:46,168  INFO [main] txn.TxnHandler: Expected to move at least one record from txn_components to completed_txn_components when committing txn! txnid:29
2024-04-24T00:53:46,176  INFO [main] txn.TxnHandler: Removed transactions: ([29]) from MIN_HISTORY_LEVEL
2024-04-24T00:53:46,176  WARN [main] txn.CompactionTxnHandler: No compaction queue record found for Compaction type transaction commit. txnId:29
2024-04-24T00:53:46,177  INFO [main] ql.TxnCommandsBaseForTests: Running the query: drop table if exists nonAcidNonBucket
2024-04-24T00:53:46,178  INFO [main] ql.Driver: Compiling command(queryId=alex_20240424005346_943b9b3f-437c-4e59-b089-d9389a9e34c8): drop table if exists nonAcidNonBucket
2024-04-24T00:53:46,181  INFO [main] txn.TxnHandler: Added entries to MIN_HISTORY_LEVEL for current txns: ([30]) with min_open_txn: 25
2024-04-24T00:53:46,181  INFO [main] lockmgr.DbTxnManager: Opened txnid:30
2024-04-24T00:53:46,182  INFO [main] HiveMetaStore.audit: ugi=alex	ip=unknown-ip-addr	cmd=get_table : tbl=hive.default.nonAcidNonBucket	
2024-04-24T00:53:46,195  INFO [main] metastore.HMSHandler: Skipping translation for processor with null
2024-04-24T00:53:46,195  INFO [main] ql.Driver: Semantic Analysis Completed (retrial = false)
2024-04-24T00:53:46,195  INFO [main] ql.Driver: Created Hive schema: Schema(fieldSchemas:null, properties:null)
2024-04-24T00:53:46,195  INFO [main] metadata.Hive: Dumping metastore api call timing information for : compilation phase
2024-04-24T00:53:46,195  INFO [main] metadata.Hive: Total time spent in each metastore function (ms): {commitTxn_(CommitTxnRequest)=13, isCompatibleWith_(Configuration)=0, getTable_(GetTableRequest)=13, openTxn_(String, TxnType)=3, getValidTxns_(long)=1, flushCache_()=0}
2024-04-24T00:53:46,196  INFO [main] ql.Driver: Completed compiling command(queryId=alex_20240424005346_943b9b3f-437c-4e59-b089-d9389a9e34c8); Time taken: 0.017 seconds
2024-04-24T00:53:46,196  INFO [main] lockmgr.DbTxnManager: Setting lock request transaction to txnid:30 for queryId=alex_20240424005346_943b9b3f-437c-4e59-b089-d9389a9e34c8
2024-04-24T00:53:46,197  INFO [main] lockmgr.DbLockManager: Requesting lock for queryId=alex_20240424005346_943b9b3f-437c-4e59-b089-d9389a9e34c8
2024-04-24T00:53:46,215  INFO [main] lockmgr.DbLockManager: Response to queryId=alex_20240424005346_943b9b3f-437c-4e59-b089-d9389a9e34c8 LockResponse(lockid:20, state:ACQUIRED)
2024-04-24T00:53:46,215  INFO [main] ql.Driver: Operation DROPTABLE obtained 1 locks
2024-04-24T00:53:46,215  INFO [main] ql.Driver: Executing command(queryId=alex_20240424005346_943b9b3f-437c-4e59-b089-d9389a9e34c8): drop table if exists nonAcidNonBucket
2024-04-24T00:53:46,215  INFO [main] ql.Driver: Starting task [Stage-0:DDL] in serial mode
2024-04-24T00:53:46,215  INFO [main] HiveMetaStore.audit: ugi=alex	ip=unknown-ip-addr	cmd=get_table : tbl=hive.default.nonAcidNonBucket	
2024-04-24T00:53:46,227  INFO [main] metastore.HMSHandler: Skipping translation for processor with null
2024-04-24T00:53:46,227  INFO [main] HiveMetaStore.audit: ugi=alex	ip=unknown-ip-addr	cmd=get_table : tbl=hive.default.nonAcidNonBucket	
2024-04-24T00:53:46,238  INFO [main] metastore.HMSHandler: Skipping translation for processor with null
2024-04-24T00:53:46,238  INFO [main] HiveMetaStore.audit: ugi=alex	ip=unknown-ip-addr	cmd=drop_table : tbl=hive.default.nonAcidNonBucket	
2024-04-24T00:53:46,277  INFO [main] metadata.Hive: Dumping metastore api call timing information for : execution phase
2024-04-24T00:53:46,277  INFO [main] metadata.Hive: Total time spent in each metastore function (ms): {isCompatibleWith_(Configuration)=0, dropTable_(String, String, boolean, boolean, boolean)=49, getTable_(GetTableRequest)=12}
2024-04-24T00:53:46,277  INFO [main] ql.Driver: Completed executing command(queryId=alex_20240424005346_943b9b3f-437c-4e59-b089-d9389a9e34c8); Time taken: 0.062 seconds
2024-04-24T00:53:46,277  INFO [main] lockmgr.DbTxnManager: Stopped heartbeat for query: alex_20240424005346_943b9b3f-437c-4e59-b089-d9389a9e34c8
2024-04-24T00:53:46,282  INFO [main] txn.TxnHandler: Expected to move at least one record from txn_components to completed_txn_components when committing txn! txnid:30
2024-04-24T00:53:46,289  INFO [main] txn.TxnHandler: Removed transactions: ([30]) from MIN_HISTORY_LEVEL
2024-04-24T00:53:46,289  WARN [main] txn.CompactionTxnHandler: No compaction queue record found for Compaction type transaction commit. txnId:30
2024-04-24T00:53:46,290  INFO [main] utils.TestTxnDbUtil: Cleaning transactional tables
]]></system-err>
  </testcase>
  <testcase name="testEmptyCompactionResult" classname="org.apache.hadoop.hive.ql.TestTxnNoBucketsVectorized" time="20.641"/>
  <testcase name="testToAcidConversion02" classname="org.apache.hadoop.hive.ql.TestTxnNoBucketsVectorized" time="11.507">
    <error type="java.lang.RuntimeException"><![CDATA[java.lang.RuntimeException: update nonAcidNonBucket set b = 120 where a = 0 and b = 12 failed: (responseCode = 2, errorMessage = FAILED: Execution Error, return code 2 from org.apache.hadoop.hive.ql.exec.mr.MapRedTask, SQLState = 08S01)
	at org.apache.hadoop.hive.ql.TxnCommandsBaseForTests.runStatementOnDriver(TxnCommandsBaseForTests.java:247)
	at org.apache.hadoop.hive.ql.TestTxnNoBuckets.testToAcidConversion02(TestTxnNoBuckets.java:553)
	at sun.reflect.NativeMethodAccessorImpl.invoke0(Native Method)
	at sun.reflect.NativeMethodAccessorImpl.invoke(NativeMethodAccessorImpl.java:62)
	at sun.reflect.DelegatingMethodAccessorImpl.invoke(DelegatingMethodAccessorImpl.java:43)
	at java.lang.reflect.Method.invoke(Method.java:498)
	at org.junit.runners.model.FrameworkMethod$1.runReflectiveCall(FrameworkMethod.java:59)
	at org.junit.internal.runners.model.ReflectiveCallable.run(ReflectiveCallable.java:12)
	at org.junit.runners.model.FrameworkMethod.invokeExplosively(FrameworkMethod.java:56)
	at org.junit.internal.runners.statements.InvokeMethod.evaluate(InvokeMethod.java:17)
	at org.junit.internal.runners.statements.RunBefores.evaluate(RunBefores.java:26)
	at org.junit.internal.runners.statements.RunAfters.evaluate(RunAfters.java:27)
	at org.junit.rules.TestWatcher$1.evaluate(TestWatcher.java:61)
	at org.junit.runners.ParentRunner$3.evaluate(ParentRunner.java:306)
	at org.junit.runners.BlockJUnit4ClassRunner$1.evaluate(BlockJUnit4ClassRunner.java:100)
	at org.junit.runners.ParentRunner.runLeaf(ParentRunner.java:366)
	at org.junit.runners.BlockJUnit4ClassRunner.runChild(BlockJUnit4ClassRunner.java:103)
	at org.junit.runners.BlockJUnit4ClassRunner.runChild(BlockJUnit4ClassRunner.java:63)
	at org.junit.runners.ParentRunner$4.run(ParentRunner.java:331)
	at org.junit.runners.ParentRunner$1.schedule(ParentRunner.java:79)
	at org.junit.runners.ParentRunner.runChildren(ParentRunner.java:329)
	at org.junit.runners.ParentRunner.access$100(ParentRunner.java:66)
	at org.junit.runners.ParentRunner$2.evaluate(ParentRunner.java:293)
	at org.junit.runners.ParentRunner$3.evaluate(ParentRunner.java:306)
	at org.junit.runners.ParentRunner.run(ParentRunner.java:413)
	at org.junit.runner.JUnitCore.run(JUnitCore.java:137)
	at org.junit.runner.JUnitCore.run(JUnitCore.java:115)
	at org.junit.vintage.engine.execution.RunnerExecutor.execute(RunnerExecutor.java:43)
	at java.util.stream.ForEachOps$ForEachOp$OfRef.accept(ForEachOps.java:183)
	at java.util.stream.ReferencePipeline$3$1.accept(ReferencePipeline.java:193)
	at java.util.Iterator.forEachRemaining(Iterator.java:116)
	at java.util.Spliterators$IteratorSpliterator.forEachRemaining(Spliterators.java:1801)
	at java.util.stream.AbstractPipeline.copyInto(AbstractPipeline.java:482)
	at java.util.stream.AbstractPipeline.wrapAndCopyInto(AbstractPipeline.java:472)
	at java.util.stream.ForEachOps$ForEachOp.evaluateSequential(ForEachOps.java:150)
	at java.util.stream.ForEachOps$ForEachOp$OfRef.evaluateSequential(ForEachOps.java:173)
	at java.util.stream.AbstractPipeline.evaluate(AbstractPipeline.java:234)
	at java.util.stream.ReferencePipeline.forEach(ReferencePipeline.java:485)
	at org.junit.vintage.engine.VintageTestEngine.executeAllChildren(VintageTestEngine.java:82)
	at org.junit.vintage.engine.VintageTestEngine.execute(VintageTestEngine.java:73)
	at org.junit.platform.launcher.core.DefaultLauncher.execute(DefaultLauncher.java:248)
	at org.junit.platform.launcher.core.DefaultLauncher.lambda$execute$5(DefaultLauncher.java:211)
	at org.junit.platform.launcher.core.DefaultLauncher.withInterceptedStreams(DefaultLauncher.java:226)
	at org.junit.platform.launcher.core.DefaultLauncher.execute(DefaultLauncher.java:199)
	at org.junit.platform.launcher.core.DefaultLauncher.execute(DefaultLauncher.java:132)
	at org.apache.maven.surefire.junitplatform.JUnitPlatformProvider.invokeAllTests(JUnitPlatformProvider.java:154)
	at org.apache.maven.surefire.junitplatform.JUnitPlatformProvider.invoke(JUnitPlatformProvider.java:123)
	at org.apache.maven.surefire.booter.ForkedBooter.runSuitesInProcess(ForkedBooter.java:377)
	at org.apache.maven.surefire.booter.ForkedBooter.execute(ForkedBooter.java:138)
	at org.apache.maven.surefire.booter.ForkedBooter.run(ForkedBooter.java:465)
	at org.apache.maven.surefire.booter.ForkedBooter.main(ForkedBooter.java:451)
]]></error>
    <system-err><![CDATA[2024-04-24T00:54:07,017  WARN [main] conf.HiveConf: HiveConf of name hive.metastore.metadb.dir does not exist
2024-04-24T00:54:07,017  WARN [main] conf.HiveConf: HiveConf of name hive.llap.io.cache.orc.alloc.max does not exist
2024-04-24T00:54:07,018  WARN [main] conf.HiveConf: HiveConf of name hive.dummyparam.test.server.specific.config.override does not exist
2024-04-24T00:54:07,018  WARN [main] conf.HiveConf: HiveConf of name hive.metastore.client.cache.recordStats does not exist
2024-04-24T00:54:07,018  WARN [main] conf.HiveConf: HiveConf of name hive.llap.io.cache.orc.arena.size does not exist
2024-04-24T00:54:07,018  WARN [main] conf.HiveConf: HiveConf of name hive.llap.io.cache.orc.alloc.min does not exist
2024-04-24T00:54:07,018  WARN [main] conf.HiveConf: HiveConf of name hive.dummyparam.test.server.specific.config.hivesite does not exist
2024-04-24T00:54:07,018  WARN [main] conf.HiveConf: HiveConf of name hive.metastore.client.cache.maxSize does not exist
2024-04-24T00:54:07,018  WARN [main] conf.HiveConf: HiveConf of name hive.stats.key.prefix.reserve.length does not exist
2024-04-24T00:54:07,018  WARN [main] conf.HiveConf: HiveConf of name hive.dummyparam.test.server.specific.config.metastoresite does not exist
2024-04-24T00:54:07,018  WARN [main] conf.HiveConf: HiveConf of name hive.llap.io.cache.orc.size does not exist
2024-04-24T00:54:07,020  INFO [main] utils.TestTxnDbUtil: Creating transactional tables
Hive Session ID = 5cf0a0f8-53f1-4859-9489-cf76cd9d84a2
2024-04-24T00:54:07,023  INFO [main] SessionState: Hive Session ID = 5cf0a0f8-53f1-4859-9489-cf76cd9d84a2
ivysettings.xml file not found in HIVE_HOME or HIVE_CONF_DIR,/home/alex/Repositories/hive/conf/ivysettings.xml will be used
2024-04-24T00:54:07,023  INFO [main] DependencyResolver: ivysettings.xml file not found in HIVE_HOME or HIVE_CONF_DIR,/home/alex/Repositories/hive/conf/ivysettings.xml will be used
2024-04-24T00:54:07,028  INFO [main] session.SessionState: Created HDFS directory: /home/alex/Repositories/hive/ql/target/tmp/scratchdir/alex/5cf0a0f8-53f1-4859-9489-cf76cd9d84a2
2024-04-24T00:54:07,031  INFO [main] session.SessionState: Created local directory: /home/alex/Repositories/hive/ql/target/tmp/localscratchdir/5cf0a0f8-53f1-4859-9489-cf76cd9d84a2
2024-04-24T00:54:07,033  INFO [main] session.SessionState: Created HDFS directory: /home/alex/Repositories/hive/ql/target/tmp/scratchdir/alex/5cf0a0f8-53f1-4859-9489-cf76cd9d84a2/_tmp_space.db
2024-04-24T00:54:07,034  INFO [main] sqlstd.SQLStdHiveAccessController: Created SQLStdHiveAccessController for session context : HiveAuthzSessionContext [sessionString=5cf0a0f8-53f1-4859-9489-cf76cd9d84a2, clientType=HIVECLI]
2024-04-24T00:54:07,034  INFO [main] ql.TxnCommandsBaseForTests: Running the query: drop table if exists acidTbl
2024-04-24T00:54:07,035  INFO [main] ql.Driver: Compiling command(queryId=alex_20240424005407_3fe9ef20-4eae-418d-a956-b6d8ded68747): drop table if exists acidTbl
2024-04-24T00:54:07,047  INFO [main] txn.TxnHandler: Added entries to MIN_HISTORY_LEVEL for current txns: ([1]) with min_open_txn: 1
2024-04-24T00:54:07,048  INFO [main] lockmgr.DbTxnManager: Opened txnid:1
2024-04-24T00:54:07,050  INFO [main] HiveMetaStore.audit: ugi=alex	ip=unknown-ip-addr	cmd=get_table : tbl=hive.default.acidTbl	
2024-04-24T00:54:07,054  INFO [main] ql.Driver: Semantic Analysis Completed (retrial = false)
2024-04-24T00:54:07,054  INFO [main] ql.Driver: Created Hive schema: Schema(fieldSchemas:null, properties:null)
2024-04-24T00:54:07,054  INFO [main] metadata.Hive: Dumping metastore api call timing information for : compilation phase
2024-04-24T00:54:07,055  INFO [main] metadata.Hive: Total time spent in each metastore function (ms): {openTxn_(String, TxnType)=13, getValidTxns_(long)=2, isCompatibleWith_(Configuration)=0, flushCache_()=0, commitTxn_(CommitTxnRequest)=16}
2024-04-24T00:54:07,055  INFO [main] ql.Driver: Completed compiling command(queryId=alex_20240424005407_3fe9ef20-4eae-418d-a956-b6d8ded68747); Time taken: 0.019 seconds
2024-04-24T00:54:07,055  INFO [main] lockmgr.DbTxnManager: Setting lock request transaction to txnid:1 for queryId=alex_20240424005407_3fe9ef20-4eae-418d-a956-b6d8ded68747
2024-04-24T00:54:07,055  INFO [main] ql.Driver: Operation DROPTABLE obtained 0 locks
2024-04-24T00:54:07,055  INFO [main] ql.Driver: Executing command(queryId=alex_20240424005407_3fe9ef20-4eae-418d-a956-b6d8ded68747): drop table if exists acidTbl
2024-04-24T00:54:07,056  INFO [main] ql.Driver: Starting task [Stage-0:DDL] in serial mode
2024-04-24T00:54:07,056  INFO [main] HiveMetaStore.audit: ugi=alex	ip=unknown-ip-addr	cmd=get_table : tbl=hive.default.acidTbl	
2024-04-24T00:54:07,061  INFO [main] metadata.Hive: Dumping metastore api call timing information for : execution phase
2024-04-24T00:54:07,062  INFO [main] metadata.Hive: Total time spent in each metastore function (ms): {isCompatibleWith_(Configuration)=0}
2024-04-24T00:54:07,062  INFO [main] ql.Driver: Completed executing command(queryId=alex_20240424005407_3fe9ef20-4eae-418d-a956-b6d8ded68747); Time taken: 0.006 seconds
2024-04-24T00:54:07,062  INFO [main] lockmgr.DbTxnManager: Stopped heartbeat for query: alex_20240424005407_3fe9ef20-4eae-418d-a956-b6d8ded68747
2024-04-24T00:54:07,071  INFO [main] txn.TxnHandler: Expected to move at least one record from txn_components to completed_txn_components when committing txn! txnid:1
2024-04-24T00:54:07,079  INFO [main] txn.TxnHandler: Removed transactions: ([1]) from MIN_HISTORY_LEVEL
2024-04-24T00:54:07,080  WARN [main] txn.CompactionTxnHandler: No compaction queue record found for Compaction type transaction commit. txnId:1
2024-04-24T00:54:07,080  INFO [main] ql.TxnCommandsBaseForTests: Running the query: drop table if exists acidTblPart
2024-04-24T00:54:07,081  INFO [main] ql.Driver: Compiling command(queryId=alex_20240424005407_ad57d375-f0fe-450f-9479-591fe1acee61): drop table if exists acidTblPart
2024-04-24T00:54:07,083  INFO [main] txn.TxnHandler: Added entries to MIN_HISTORY_LEVEL for current txns: ([2]) with min_open_txn: 1
2024-04-24T00:54:07,084  INFO [main] lockmgr.DbTxnManager: Opened txnid:2
2024-04-24T00:54:07,084  INFO [main] HiveMetaStore.audit: ugi=alex	ip=unknown-ip-addr	cmd=get_table : tbl=hive.default.acidTblPart	
2024-04-24T00:54:07,089  INFO [main] ql.Driver: Semantic Analysis Completed (retrial = false)
2024-04-24T00:54:07,089  INFO [main] ql.Driver: Created Hive schema: Schema(fieldSchemas:null, properties:null)
2024-04-24T00:54:07,089  INFO [main] metadata.Hive: Dumping metastore api call timing information for : compilation phase
2024-04-24T00:54:07,089  INFO [main] metadata.Hive: Total time spent in each metastore function (ms): {flushCache_()=0, getValidTxns_(long)=0, commitTxn_(CommitTxnRequest)=18, isCompatibleWith_(Configuration)=0, openTxn_(String, TxnType)=3}
2024-04-24T00:54:07,089  INFO [main] ql.Driver: Completed compiling command(queryId=alex_20240424005407_ad57d375-f0fe-450f-9479-591fe1acee61); Time taken: 0.008 seconds
2024-04-24T00:54:07,089  INFO [main] lockmgr.DbTxnManager: Setting lock request transaction to txnid:2 for queryId=alex_20240424005407_ad57d375-f0fe-450f-9479-591fe1acee61
2024-04-24T00:54:07,089  INFO [main] ql.Driver: Operation DROPTABLE obtained 0 locks
2024-04-24T00:54:07,089  INFO [main] ql.Driver: Executing command(queryId=alex_20240424005407_ad57d375-f0fe-450f-9479-591fe1acee61): drop table if exists acidTblPart
2024-04-24T00:54:07,090  INFO [main] ql.Driver: Starting task [Stage-0:DDL] in serial mode
2024-04-24T00:54:07,090  INFO [main] HiveMetaStore.audit: ugi=alex	ip=unknown-ip-addr	cmd=get_table : tbl=hive.default.acidTblPart	
2024-04-24T00:54:07,093  INFO [main] metadata.Hive: Dumping metastore api call timing information for : execution phase
2024-04-24T00:54:07,094  INFO [main] metadata.Hive: Total time spent in each metastore function (ms): {isCompatibleWith_(Configuration)=0}
2024-04-24T00:54:07,094  INFO [main] ql.Driver: Completed executing command(queryId=alex_20240424005407_ad57d375-f0fe-450f-9479-591fe1acee61); Time taken: 0.004 seconds
2024-04-24T00:54:07,094  INFO [main] lockmgr.DbTxnManager: Stopped heartbeat for query: alex_20240424005407_ad57d375-f0fe-450f-9479-591fe1acee61
2024-04-24T00:54:07,101  INFO [main] txn.TxnHandler: Expected to move at least one record from txn_components to completed_txn_components when committing txn! txnid:2
2024-04-24T00:54:07,110  INFO [main] txn.TxnHandler: Removed transactions: ([2]) from MIN_HISTORY_LEVEL
2024-04-24T00:54:07,110  WARN [main] txn.CompactionTxnHandler: No compaction queue record found for Compaction type transaction commit. txnId:2
2024-04-24T00:54:07,111  INFO [main] ql.TxnCommandsBaseForTests: Running the query: drop table if exists acidTbl2
2024-04-24T00:54:07,111  INFO [main] ql.Driver: Compiling command(queryId=alex_20240424005407_7674ec8b-e502-4a2a-abed-c712155c42d2): drop table if exists acidTbl2
2024-04-24T00:54:07,115  INFO [main] txn.TxnHandler: Added entries to MIN_HISTORY_LEVEL for current txns: ([3]) with min_open_txn: 1
2024-04-24T00:54:07,115  INFO [main] lockmgr.DbTxnManager: Opened txnid:3
2024-04-24T00:54:07,116  INFO [main] HiveMetaStore.audit: ugi=alex	ip=unknown-ip-addr	cmd=get_table : tbl=hive.default.acidTbl2	
2024-04-24T00:54:07,121  INFO [main] ql.Driver: Semantic Analysis Completed (retrial = false)
2024-04-24T00:54:07,121  INFO [main] ql.Driver: Created Hive schema: Schema(fieldSchemas:null, properties:null)
2024-04-24T00:54:07,122  INFO [main] metadata.Hive: Dumping metastore api call timing information for : compilation phase
2024-04-24T00:54:07,122  INFO [main] metadata.Hive: Total time spent in each metastore function (ms): {getValidTxns_(long)=0, isCompatibleWith_(Configuration)=1, flushCache_()=0, openTxn_(String, TxnType)=3, commitTxn_(CommitTxnRequest)=17}
2024-04-24T00:54:07,122  INFO [main] ql.Driver: Completed compiling command(queryId=alex_20240424005407_7674ec8b-e502-4a2a-abed-c712155c42d2); Time taken: 0.01 seconds
2024-04-24T00:54:07,122  INFO [main] lockmgr.DbTxnManager: Setting lock request transaction to txnid:3 for queryId=alex_20240424005407_7674ec8b-e502-4a2a-abed-c712155c42d2
2024-04-24T00:54:07,122  INFO [main] ql.Driver: Operation DROPTABLE obtained 0 locks
2024-04-24T00:54:07,123  INFO [main] ql.Driver: Executing command(queryId=alex_20240424005407_7674ec8b-e502-4a2a-abed-c712155c42d2): drop table if exists acidTbl2
2024-04-24T00:54:07,123  INFO [main] ql.Driver: Starting task [Stage-0:DDL] in serial mode
2024-04-24T00:54:07,123  INFO [main] HiveMetaStore.audit: ugi=alex	ip=unknown-ip-addr	cmd=get_table : tbl=hive.default.acidTbl2	
2024-04-24T00:54:07,128  INFO [main] metadata.Hive: Dumping metastore api call timing information for : execution phase
2024-04-24T00:54:07,129  INFO [main] metadata.Hive: Total time spent in each metastore function (ms): {isCompatibleWith_(Configuration)=0}
2024-04-24T00:54:07,129  INFO [main] ql.Driver: Completed executing command(queryId=alex_20240424005407_7674ec8b-e502-4a2a-abed-c712155c42d2); Time taken: 0.005 seconds
2024-04-24T00:54:07,129  INFO [main] lockmgr.DbTxnManager: Stopped heartbeat for query: alex_20240424005407_7674ec8b-e502-4a2a-abed-c712155c42d2
2024-04-24T00:54:07,138  INFO [main] txn.TxnHandler: Expected to move at least one record from txn_components to completed_txn_components when committing txn! txnid:3
2024-04-24T00:54:07,147  INFO [main] txn.TxnHandler: Removed transactions: ([3]) from MIN_HISTORY_LEVEL
2024-04-24T00:54:07,148  WARN [main] txn.CompactionTxnHandler: No compaction queue record found for Compaction type transaction commit. txnId:3
2024-04-24T00:54:07,149  INFO [main] ql.TxnCommandsBaseForTests: Running the query: drop table if exists nonAcidOrcTbl
2024-04-24T00:54:07,150  INFO [main] ql.Driver: Compiling command(queryId=alex_20240424005407_ff907d26-b6bc-4c6e-98d5-df0df3160bea): drop table if exists nonAcidOrcTbl
2024-04-24T00:54:07,153  INFO [main] txn.TxnHandler: Added entries to MIN_HISTORY_LEVEL for current txns: ([4]) with min_open_txn: 1
2024-04-24T00:54:07,154  INFO [main] lockmgr.DbTxnManager: Opened txnid:4
2024-04-24T00:54:07,155  INFO [main] HiveMetaStore.audit: ugi=alex	ip=unknown-ip-addr	cmd=get_table : tbl=hive.default.nonAcidOrcTbl	
2024-04-24T00:54:07,160  INFO [main] ql.Driver: Semantic Analysis Completed (retrial = false)
2024-04-24T00:54:07,160  INFO [main] ql.Driver: Created Hive schema: Schema(fieldSchemas:null, properties:null)
2024-04-24T00:54:07,160  INFO [main] metadata.Hive: Dumping metastore api call timing information for : compilation phase
2024-04-24T00:54:07,160  INFO [main] metadata.Hive: Total time spent in each metastore function (ms): {getValidTxns_(long)=0, openTxn_(String, TxnType)=3, commitTxn_(CommitTxnRequest)=20, flushCache_()=0, isCompatibleWith_(Configuration)=0}
2024-04-24T00:54:07,161  INFO [main] ql.Driver: Completed compiling command(queryId=alex_20240424005407_ff907d26-b6bc-4c6e-98d5-df0df3160bea); Time taken: 0.01 seconds
2024-04-24T00:54:07,161  INFO [main] lockmgr.DbTxnManager: Setting lock request transaction to txnid:4 for queryId=alex_20240424005407_ff907d26-b6bc-4c6e-98d5-df0df3160bea
2024-04-24T00:54:07,161  INFO [main] ql.Driver: Operation DROPTABLE obtained 0 locks
2024-04-24T00:54:07,161  INFO [main] ql.Driver: Executing command(queryId=alex_20240424005407_ff907d26-b6bc-4c6e-98d5-df0df3160bea): drop table if exists nonAcidOrcTbl
2024-04-24T00:54:07,161  INFO [main] ql.Driver: Starting task [Stage-0:DDL] in serial mode
2024-04-24T00:54:07,162  INFO [main] HiveMetaStore.audit: ugi=alex	ip=unknown-ip-addr	cmd=get_table : tbl=hive.default.nonAcidOrcTbl	
2024-04-24T00:54:07,167  INFO [main] metadata.Hive: Dumping metastore api call timing information for : execution phase
2024-04-24T00:54:07,168  INFO [main] metadata.Hive: Total time spent in each metastore function (ms): {isCompatibleWith_(Configuration)=1}
2024-04-24T00:54:07,168  INFO [main] ql.Driver: Completed executing command(queryId=alex_20240424005407_ff907d26-b6bc-4c6e-98d5-df0df3160bea); Time taken: 0.006 seconds
2024-04-24T00:54:07,168  INFO [main] lockmgr.DbTxnManager: Stopped heartbeat for query: alex_20240424005407_ff907d26-b6bc-4c6e-98d5-df0df3160bea
2024-04-24T00:54:07,181  INFO [main] txn.TxnHandler: Expected to move at least one record from txn_components to completed_txn_components when committing txn! txnid:4
2024-04-24T00:54:07,190  INFO [main] txn.TxnHandler: Removed transactions: ([4]) from MIN_HISTORY_LEVEL
2024-04-24T00:54:07,190  WARN [main] txn.CompactionTxnHandler: No compaction queue record found for Compaction type transaction commit. txnId:4
2024-04-24T00:54:07,191  INFO [main] ql.TxnCommandsBaseForTests: Running the query: drop table if exists nonAcidOrcTbl2
2024-04-24T00:54:07,191  INFO [main] ql.Driver: Compiling command(queryId=alex_20240424005407_e9b8ead8-c76e-4792-ac6e-f44e6b40a8b1): drop table if exists nonAcidOrcTbl2
2024-04-24T00:54:07,195  INFO [main] txn.TxnHandler: Added entries to MIN_HISTORY_LEVEL for current txns: ([5]) with min_open_txn: 1
2024-04-24T00:54:07,195  INFO [main] lockmgr.DbTxnManager: Opened txnid:5
2024-04-24T00:54:07,196  INFO [main] HiveMetaStore.audit: ugi=alex	ip=unknown-ip-addr	cmd=get_table : tbl=hive.default.nonAcidOrcTbl2	
2024-04-24T00:54:07,200  INFO [main] ql.Driver: Semantic Analysis Completed (retrial = false)
2024-04-24T00:54:07,200  INFO [main] ql.Driver: Created Hive schema: Schema(fieldSchemas:null, properties:null)
2024-04-24T00:54:07,200  INFO [main] metadata.Hive: Dumping metastore api call timing information for : compilation phase
2024-04-24T00:54:07,200  INFO [main] metadata.Hive: Total time spent in each metastore function (ms): {flushCache_()=0, commitTxn_(CommitTxnRequest)=23, getValidTxns_(long)=1, openTxn_(String, TxnType)=3, isCompatibleWith_(Configuration)=0}
2024-04-24T00:54:07,201  INFO [main] ql.Driver: Completed compiling command(queryId=alex_20240424005407_e9b8ead8-c76e-4792-ac6e-f44e6b40a8b1); Time taken: 0.009 seconds
2024-04-24T00:54:07,201  INFO [main] lockmgr.DbTxnManager: Setting lock request transaction to txnid:5 for queryId=alex_20240424005407_e9b8ead8-c76e-4792-ac6e-f44e6b40a8b1
2024-04-24T00:54:07,201  INFO [main] ql.Driver: Operation DROPTABLE obtained 0 locks
2024-04-24T00:54:07,201  INFO [main] ql.Driver: Executing command(queryId=alex_20240424005407_e9b8ead8-c76e-4792-ac6e-f44e6b40a8b1): drop table if exists nonAcidOrcTbl2
2024-04-24T00:54:07,201  INFO [main] ql.Driver: Starting task [Stage-0:DDL] in serial mode
2024-04-24T00:54:07,202  INFO [main] HiveMetaStore.audit: ugi=alex	ip=unknown-ip-addr	cmd=get_table : tbl=hive.default.nonAcidOrcTbl2	
2024-04-24T00:54:07,206  INFO [main] metadata.Hive: Dumping metastore api call timing information for : execution phase
2024-04-24T00:54:07,206  INFO [main] metadata.Hive: Total time spent in each metastore function (ms): {isCompatibleWith_(Configuration)=0}
2024-04-24T00:54:07,207  INFO [main] ql.Driver: Completed executing command(queryId=alex_20240424005407_e9b8ead8-c76e-4792-ac6e-f44e6b40a8b1); Time taken: 0.005 seconds
2024-04-24T00:54:07,207  INFO [main] lockmgr.DbTxnManager: Stopped heartbeat for query: alex_20240424005407_e9b8ead8-c76e-4792-ac6e-f44e6b40a8b1
2024-04-24T00:54:07,214  INFO [main] txn.TxnHandler: Expected to move at least one record from txn_components to completed_txn_components when committing txn! txnid:5
2024-04-24T00:54:07,222  INFO [main] txn.TxnHandler: Removed transactions: ([5]) from MIN_HISTORY_LEVEL
2024-04-24T00:54:07,223  WARN [main] txn.CompactionTxnHandler: No compaction queue record found for Compaction type transaction commit. txnId:5
2024-04-24T00:54:07,223  INFO [main] ql.TxnCommandsBaseForTests: Running the query: drop table if exists nonAcidNonBucket
2024-04-24T00:54:07,224  INFO [main] ql.Driver: Compiling command(queryId=alex_20240424005407_4cb41c8c-546e-4fd0-ab22-cc629ace6820): drop table if exists nonAcidNonBucket
2024-04-24T00:54:07,227  INFO [main] txn.TxnHandler: Added entries to MIN_HISTORY_LEVEL for current txns: ([6]) with min_open_txn: 1
2024-04-24T00:54:07,228  INFO [main] lockmgr.DbTxnManager: Opened txnid:6
2024-04-24T00:54:07,229  INFO [main] HiveMetaStore.audit: ugi=alex	ip=unknown-ip-addr	cmd=get_table : tbl=hive.default.nonAcidNonBucket	
2024-04-24T00:54:07,234  INFO [main] ql.Driver: Semantic Analysis Completed (retrial = false)
2024-04-24T00:54:07,234  INFO [main] ql.Driver: Created Hive schema: Schema(fieldSchemas:null, properties:null)
2024-04-24T00:54:07,234  INFO [main] metadata.Hive: Dumping metastore api call timing information for : compilation phase
2024-04-24T00:54:07,234  INFO [main] metadata.Hive: Total time spent in each metastore function (ms): {flushCache_()=0, getValidTxns_(long)=0, commitTxn_(CommitTxnRequest)=16, openTxn_(String, TxnType)=3, isCompatibleWith_(Configuration)=0}
2024-04-24T00:54:07,234  INFO [main] ql.Driver: Completed compiling command(queryId=alex_20240424005407_4cb41c8c-546e-4fd0-ab22-cc629ace6820); Time taken: 0.01 seconds
2024-04-24T00:54:07,235  INFO [main] lockmgr.DbTxnManager: Setting lock request transaction to txnid:6 for queryId=alex_20240424005407_4cb41c8c-546e-4fd0-ab22-cc629ace6820
2024-04-24T00:54:07,235  INFO [main] ql.Driver: Operation DROPTABLE obtained 0 locks
2024-04-24T00:54:07,235  INFO [main] ql.Driver: Executing command(queryId=alex_20240424005407_4cb41c8c-546e-4fd0-ab22-cc629ace6820): drop table if exists nonAcidNonBucket
2024-04-24T00:54:07,235  INFO [main] ql.Driver: Starting task [Stage-0:DDL] in serial mode
2024-04-24T00:54:07,235  INFO [main] HiveMetaStore.audit: ugi=alex	ip=unknown-ip-addr	cmd=get_table : tbl=hive.default.nonAcidNonBucket	
2024-04-24T00:54:07,240  INFO [main] metadata.Hive: Dumping metastore api call timing information for : execution phase
2024-04-24T00:54:07,240  INFO [main] metadata.Hive: Total time spent in each metastore function (ms): {isCompatibleWith_(Configuration)=0}
2024-04-24T00:54:07,240  INFO [main] ql.Driver: Completed executing command(queryId=alex_20240424005407_4cb41c8c-546e-4fd0-ab22-cc629ace6820); Time taken: 0.005 seconds
2024-04-24T00:54:07,240  INFO [main] lockmgr.DbTxnManager: Stopped heartbeat for query: alex_20240424005407_4cb41c8c-546e-4fd0-ab22-cc629ace6820
2024-04-24T00:54:07,249  INFO [main] txn.TxnHandler: Expected to move at least one record from txn_components to completed_txn_components when committing txn! txnid:6
2024-04-24T00:54:07,258  INFO [main] txn.TxnHandler: Removed transactions: ([6]) from MIN_HISTORY_LEVEL
2024-04-24T00:54:07,258  WARN [main] txn.CompactionTxnHandler: No compaction queue record found for Compaction type transaction commit. txnId:6
2024-04-24T00:54:07,259  INFO [main] ql.TxnCommandsBaseForTests: Running the query: create table acidTbl(a int, b int) clustered by (a) into 2 buckets stored as orc TBLPROPERTIES ('transactional'='true')
2024-04-24T00:54:07,260  INFO [main] ql.Driver: Compiling command(queryId=alex_20240424005407_494cfff6-2204-4b66-b97b-165bb3cf1dcd): create table acidTbl(a int, b int) clustered by (a) into 2 buckets stored as orc TBLPROPERTIES ('transactional'='true')
2024-04-24T00:54:07,263  INFO [main] txn.TxnHandler: Added entries to MIN_HISTORY_LEVEL for current txns: ([7]) with min_open_txn: 1
2024-04-24T00:54:07,263  INFO [main] lockmgr.DbTxnManager: Opened txnid:7
2024-04-24T00:54:07,264  INFO [main] parse.CalcitePlanner: Starting caching scope for: 
2024-04-24T00:54:07,264  INFO [main] parse.CalcitePlanner: Starting Semantic Analysis
2024-04-24T00:54:07,271  INFO [main] parse.CalcitePlanner: Creating table default.acidTbl position=13
2024-04-24T00:54:07,271  INFO [main] HiveMetaStore.audit: ugi=alex	ip=unknown-ip-addr	cmd=get_database: default	
2024-04-24T00:54:07,273  INFO [main] parse.CalcitePlanner: Ending caching scope for: 
2024-04-24T00:54:07,274  INFO [main] ql.Driver: Semantic Analysis Completed (retrial = false)
2024-04-24T00:54:07,274  INFO [main] ql.Driver: Created Hive schema: Schema(fieldSchemas:null, properties:null)
2024-04-24T00:54:07,274  INFO [main] metadata.Hive: Dumping metastore api call timing information for : compilation phase
2024-04-24T00:54:07,274  INFO [main] metadata.Hive: Total time spent in each metastore function (ms): {openTxn_(String, TxnType)=2, getDatabase_(String)=2, commitTxn_(CommitTxnRequest)=19, flushCache_()=0, isCompatibleWith_(Configuration)=1, getValidTxns_(long)=1, getValidWriteIds_(List, String)=7}
2024-04-24T00:54:07,274  INFO [main] ql.Driver: Completed compiling command(queryId=alex_20240424005407_494cfff6-2204-4b66-b97b-165bb3cf1dcd); Time taken: 0.014 seconds
2024-04-24T00:54:07,275  INFO [main] lockmgr.DbTxnManager: Setting lock request transaction to txnid:7 for queryId=alex_20240424005407_494cfff6-2204-4b66-b97b-165bb3cf1dcd
2024-04-24T00:54:07,275  INFO [main] lockmgr.DbLockManager: Requesting lock for queryId=alex_20240424005407_494cfff6-2204-4b66-b97b-165bb3cf1dcd
2024-04-24T00:54:07,310  INFO [main] lockmgr.DbLockManager: Response to queryId=alex_20240424005407_494cfff6-2204-4b66-b97b-165bb3cf1dcd LockResponse(lockid:1, state:ACQUIRED)
2024-04-24T00:54:07,310  INFO [main] ql.Driver: Operation CREATETABLE obtained 1 locks
2024-04-24T00:54:07,311  INFO [main] ql.Driver: Executing command(queryId=alex_20240424005407_494cfff6-2204-4b66-b97b-165bb3cf1dcd): create table acidTbl(a int, b int) clustered by (a) into 2 buckets stored as orc TBLPROPERTIES ('transactional'='true')
2024-04-24T00:54:07,311  INFO [main] ql.Driver: Starting task [Stage-0:DDL] in serial mode
2024-04-24T00:54:07,312  INFO [main] HiveMetaStore.audit: ugi=alex	ip=unknown-ip-addr	cmd=create_table_req: Table(tableName:acidTbl, dbName:default, owner:alex, createTime:1713945247, lastAccessTime:0, retention:0, sd:StorageDescriptor(cols:[FieldSchema(name:a, type:int, comment:null), FieldSchema(name:b, type:int, comment:null)], location:null, inputFormat:org.apache.hadoop.hive.ql.io.orc.OrcInputFormat, outputFormat:org.apache.hadoop.hive.ql.io.orc.OrcOutputFormat, compressed:false, numBuckets:2, serdeInfo:SerDeInfo(name:null, serializationLib:org.apache.hadoop.hive.ql.io.orc.OrcSerde, parameters:{serialization.format=1}), bucketCols:[a], sortCols:[], parameters:{}, skewedInfo:SkewedInfo(skewedColNames:[], skewedColValues:[], skewedColValueLocationMaps:{}), storedAsSubDirectories:false), partitionKeys:[], parameters:{numFilesErasureCoded=0, numFiles=0, transactional=true, rawDataSize=0, numRows=0, bucketing_version=2, COLUMN_STATS_ACCURATE={"BASIC_STATS":"true","COLUMN_STATS":{"a":"true","b":"true"}}, totalSize=0}, viewOriginalText:null, viewExpandedText:null, tableType:MANAGED_TABLE, privileges:PrincipalPrivilegeSet(userPrivileges:{alex=[PrivilegeGrantInfo(privilege:INSERT, createTime:-1, grantor:alex, grantorType:USER, grantOption:true), PrivilegeGrantInfo(privilege:SELECT, createTime:-1, grantor:alex, grantorType:USER, grantOption:true), PrivilegeGrantInfo(privilege:UPDATE, createTime:-1, grantor:alex, grantorType:USER, grantOption:true), PrivilegeGrantInfo(privilege:DELETE, createTime:-1, grantor:alex, grantorType:USER, grantOption:true)]}, groupPrivileges:null, rolePrivileges:null), temporary:false, catName:hive, ownerType:USER, writeId:0)	
2024-04-24T00:54:07,322  INFO [main] utils.FileUtils: Creating directory if it doesn't exist: file:/home/alex/Repositories/hive/ql/target/tmp/org.apache.hadoop.hive.ql.TestTxnNoBuckets-1713945183193/warehouse/acidtbl
2024-04-24T00:54:07,376  INFO [main] metadata.Hive: Dumping metastore api call timing information for : execution phase
2024-04-24T00:54:07,376  INFO [main] metadata.Hive: Total time spent in each metastore function (ms): {createTable_(Table)=64, isCompatibleWith_(Configuration)=0}
2024-04-24T00:54:07,377  INFO [main] ql.Driver: Completed executing command(queryId=alex_20240424005407_494cfff6-2204-4b66-b97b-165bb3cf1dcd); Time taken: 0.065 seconds
2024-04-24T00:54:07,377  INFO [main] lockmgr.DbTxnManager: Stopped heartbeat for query: alex_20240424005407_494cfff6-2204-4b66-b97b-165bb3cf1dcd
2024-04-24T00:54:07,382  INFO [main] txn.TxnHandler: Expected to move at least one record from txn_components to completed_txn_components when committing txn! txnid:7
2024-04-24T00:54:07,392  INFO [main] txn.TxnHandler: Removed transactions: ([7]) from MIN_HISTORY_LEVEL
2024-04-24T00:54:07,395  WARN [main] txn.CompactionTxnHandler: No compaction queue record found for Compaction type transaction commit. txnId:7
2024-04-24T00:54:07,396  INFO [main] ql.TxnCommandsBaseForTests: Running the query: create table acidTblPart(a int, b int) partitioned by (p string) clustered by (a) into 2 buckets stored as orc TBLPROPERTIES ('transactional'='true')
2024-04-24T00:54:07,396  INFO [main] ql.Driver: Compiling command(queryId=alex_20240424005407_05f7a906-b9d2-4511-a859-f39064a83f04): create table acidTblPart(a int, b int) partitioned by (p string) clustered by (a) into 2 buckets stored as orc TBLPROPERTIES ('transactional'='true')
2024-04-24T00:54:07,400  INFO [main] txn.TxnHandler: Added entries to MIN_HISTORY_LEVEL for current txns: ([8]) with min_open_txn: 1
2024-04-24T00:54:07,400  INFO [main] lockmgr.DbTxnManager: Opened txnid:8
2024-04-24T00:54:07,401  INFO [main] parse.CalcitePlanner: Starting caching scope for: 
2024-04-24T00:54:07,401  INFO [main] parse.CalcitePlanner: Starting Semantic Analysis
2024-04-24T00:54:07,405  INFO [main] parse.CalcitePlanner: Creating table default.acidTblPart position=13
2024-04-24T00:54:07,405  INFO [main] HiveMetaStore.audit: ugi=alex	ip=unknown-ip-addr	cmd=get_database: default	
2024-04-24T00:54:07,408  INFO [main] parse.CalcitePlanner: Ending caching scope for: 
2024-04-24T00:54:07,408  INFO [main] ql.Driver: Semantic Analysis Completed (retrial = false)
2024-04-24T00:54:07,408  INFO [main] ql.Driver: Created Hive schema: Schema(fieldSchemas:null, properties:null)
2024-04-24T00:54:07,408  INFO [main] metadata.Hive: Dumping metastore api call timing information for : compilation phase
2024-04-24T00:54:07,408  INFO [main] metadata.Hive: Total time spent in each metastore function (ms): {getValidWriteIds_(List, String)=4, isCompatibleWith_(Configuration)=0, openTxn_(String, TxnType)=3, commitTxn_(CommitTxnRequest)=18, flushCache_()=0, getDatabase_(String)=2, getValidTxns_(long)=0}
2024-04-24T00:54:07,408  INFO [main] ql.Driver: Completed compiling command(queryId=alex_20240424005407_05f7a906-b9d2-4511-a859-f39064a83f04); Time taken: 0.012 seconds
2024-04-24T00:54:07,408  INFO [main] lockmgr.DbTxnManager: Setting lock request transaction to txnid:8 for queryId=alex_20240424005407_05f7a906-b9d2-4511-a859-f39064a83f04
2024-04-24T00:54:07,409  INFO [main] lockmgr.DbLockManager: Requesting lock for queryId=alex_20240424005407_05f7a906-b9d2-4511-a859-f39064a83f04
2024-04-24T00:54:07,432  INFO [main] lockmgr.DbLockManager: Response to queryId=alex_20240424005407_05f7a906-b9d2-4511-a859-f39064a83f04 LockResponse(lockid:2, state:ACQUIRED)
2024-04-24T00:54:07,432  INFO [main] ql.Driver: Operation CREATETABLE obtained 1 locks
2024-04-24T00:54:07,433  INFO [main] ql.Driver: Executing command(queryId=alex_20240424005407_05f7a906-b9d2-4511-a859-f39064a83f04): create table acidTblPart(a int, b int) partitioned by (p string) clustered by (a) into 2 buckets stored as orc TBLPROPERTIES ('transactional'='true')
2024-04-24T00:54:07,433  INFO [main] ql.Driver: Starting task [Stage-0:DDL] in serial mode
2024-04-24T00:54:07,434  INFO [main] HiveMetaStore.audit: ugi=alex	ip=unknown-ip-addr	cmd=create_table_req: Table(tableName:acidTblPart, dbName:default, owner:alex, createTime:1713945247, lastAccessTime:0, retention:0, sd:StorageDescriptor(cols:[FieldSchema(name:a, type:int, comment:null), FieldSchema(name:b, type:int, comment:null)], location:null, inputFormat:org.apache.hadoop.hive.ql.io.orc.OrcInputFormat, outputFormat:org.apache.hadoop.hive.ql.io.orc.OrcOutputFormat, compressed:false, numBuckets:2, serdeInfo:SerDeInfo(name:null, serializationLib:org.apache.hadoop.hive.ql.io.orc.OrcSerde, parameters:{serialization.format=1}), bucketCols:[a], sortCols:[], parameters:{}, skewedInfo:SkewedInfo(skewedColNames:[], skewedColValues:[], skewedColValueLocationMaps:{}), storedAsSubDirectories:false), partitionKeys:[FieldSchema(name:p, type:string, comment:null)], parameters:{bucketing_version=2, transactional=true}, viewOriginalText:null, viewExpandedText:null, tableType:MANAGED_TABLE, privileges:PrincipalPrivilegeSet(userPrivileges:{alex=[PrivilegeGrantInfo(privilege:INSERT, createTime:-1, grantor:alex, grantorType:USER, grantOption:true), PrivilegeGrantInfo(privilege:SELECT, createTime:-1, grantor:alex, grantorType:USER, grantOption:true), PrivilegeGrantInfo(privilege:UPDATE, createTime:-1, grantor:alex, grantorType:USER, grantOption:true), PrivilegeGrantInfo(privilege:DELETE, createTime:-1, grantor:alex, grantorType:USER, grantOption:true)]}, groupPrivileges:null, rolePrivileges:null), temporary:false, catName:hive, ownerType:USER, writeId:0)	
2024-04-24T00:54:07,443  INFO [main] utils.FileUtils: Creating directory if it doesn't exist: file:/home/alex/Repositories/hive/ql/target/tmp/org.apache.hadoop.hive.ql.TestTxnNoBuckets-1713945183193/warehouse/acidtblpart
2024-04-24T00:54:07,474  INFO [main] metadata.Hive: Dumping metastore api call timing information for : execution phase
2024-04-24T00:54:07,474  INFO [main] metadata.Hive: Total time spent in each metastore function (ms): {createTable_(Table)=39, isCompatibleWith_(Configuration)=0}
2024-04-24T00:54:07,474  INFO [main] ql.Driver: Completed executing command(queryId=alex_20240424005407_05f7a906-b9d2-4511-a859-f39064a83f04); Time taken: 0.041 seconds
2024-04-24T00:54:07,474  INFO [main] lockmgr.DbTxnManager: Stopped heartbeat for query: alex_20240424005407_05f7a906-b9d2-4511-a859-f39064a83f04
2024-04-24T00:54:07,480  INFO [main] txn.TxnHandler: Expected to move at least one record from txn_components to completed_txn_components when committing txn! txnid:8
2024-04-24T00:54:07,490  INFO [main] txn.TxnHandler: Removed transactions: ([8]) from MIN_HISTORY_LEVEL
2024-04-24T00:54:07,490  WARN [main] txn.CompactionTxnHandler: No compaction queue record found for Compaction type transaction commit. txnId:8
2024-04-24T00:54:07,491  INFO [main] ql.TxnCommandsBaseForTests: Running the query: create table nonAcidOrcTbl(a int, b int) clustered by (a) into 2 buckets stored as orc TBLPROPERTIES ('transactional'='false')
2024-04-24T00:54:07,491  INFO [main] ql.Driver: Compiling command(queryId=alex_20240424005407_a0727ea3-235b-492b-bece-93bba3348532): create table nonAcidOrcTbl(a int, b int) clustered by (a) into 2 buckets stored as orc TBLPROPERTIES ('transactional'='false')
2024-04-24T00:54:07,495  INFO [main] txn.TxnHandler: Added entries to MIN_HISTORY_LEVEL for current txns: ([9]) with min_open_txn: 1
2024-04-24T00:54:07,495  INFO [main] lockmgr.DbTxnManager: Opened txnid:9
2024-04-24T00:54:07,497  INFO [main] parse.CalcitePlanner: Starting caching scope for: 
2024-04-24T00:54:07,497  INFO [main] parse.CalcitePlanner: Starting Semantic Analysis
2024-04-24T00:54:07,500  INFO [main] parse.CalcitePlanner: Creating table default.nonAcidOrcTbl position=13
2024-04-24T00:54:07,501  INFO [main] HiveMetaStore.audit: ugi=alex	ip=unknown-ip-addr	cmd=get_database: default	
2024-04-24T00:54:07,503  INFO [main] parse.CalcitePlanner: Ending caching scope for: 
2024-04-24T00:54:07,503  INFO [main] ql.Driver: Semantic Analysis Completed (retrial = false)
2024-04-24T00:54:07,503  INFO [main] ql.Driver: Created Hive schema: Schema(fieldSchemas:null, properties:null)
2024-04-24T00:54:07,503  INFO [main] metadata.Hive: Dumping metastore api call timing information for : compilation phase
2024-04-24T00:54:07,503  INFO [main] metadata.Hive: Total time spent in each metastore function (ms): {getValidTxns_(long)=1, getDatabase_(String)=3, commitTxn_(CommitTxnRequest)=17, openTxn_(String, TxnType)=3, flushCache_()=0, isCompatibleWith_(Configuration)=0, getValidWriteIds_(List, String)=3}
2024-04-24T00:54:07,504  INFO [main] ql.Driver: Completed compiling command(queryId=alex_20240424005407_a0727ea3-235b-492b-bece-93bba3348532); Time taken: 0.012 seconds
2024-04-24T00:54:07,504  INFO [main] lockmgr.DbTxnManager: Setting lock request transaction to txnid:9 for queryId=alex_20240424005407_a0727ea3-235b-492b-bece-93bba3348532
2024-04-24T00:54:07,504  INFO [main] lockmgr.DbLockManager: Requesting lock for queryId=alex_20240424005407_a0727ea3-235b-492b-bece-93bba3348532
2024-04-24T00:54:07,528  INFO [main] lockmgr.DbLockManager: Response to queryId=alex_20240424005407_a0727ea3-235b-492b-bece-93bba3348532 LockResponse(lockid:3, state:ACQUIRED)
2024-04-24T00:54:07,528  INFO [main] ql.Driver: Operation CREATETABLE obtained 1 locks
2024-04-24T00:54:07,528  INFO [main] ql.Driver: Executing command(queryId=alex_20240424005407_a0727ea3-235b-492b-bece-93bba3348532): create table nonAcidOrcTbl(a int, b int) clustered by (a) into 2 buckets stored as orc TBLPROPERTIES ('transactional'='false')
2024-04-24T00:54:07,528  INFO [main] ql.Driver: Starting task [Stage-0:DDL] in serial mode
2024-04-24T00:54:07,530  INFO [main] HiveMetaStore.audit: ugi=alex	ip=unknown-ip-addr	cmd=create_table_req: Table(tableName:nonAcidOrcTbl, dbName:default, owner:alex, createTime:1713945247, lastAccessTime:0, retention:0, sd:StorageDescriptor(cols:[FieldSchema(name:a, type:int, comment:null), FieldSchema(name:b, type:int, comment:null)], location:null, inputFormat:org.apache.hadoop.hive.ql.io.orc.OrcInputFormat, outputFormat:org.apache.hadoop.hive.ql.io.orc.OrcOutputFormat, compressed:false, numBuckets:2, serdeInfo:SerDeInfo(name:null, serializationLib:org.apache.hadoop.hive.ql.io.orc.OrcSerde, parameters:{serialization.format=1}), bucketCols:[a], sortCols:[], parameters:{}, skewedInfo:SkewedInfo(skewedColNames:[], skewedColValues:[], skewedColValueLocationMaps:{}), storedAsSubDirectories:false), partitionKeys:[], parameters:{totalSize=0, numFilesErasureCoded=0, bucketing_version=2, transactional=false, numFiles=0, numRows=0, COLUMN_STATS_ACCURATE={"BASIC_STATS":"true","COLUMN_STATS":{"a":"true","b":"true"}}, rawDataSize=0}, viewOriginalText:null, viewExpandedText:null, tableType:MANAGED_TABLE, privileges:PrincipalPrivilegeSet(userPrivileges:{alex=[PrivilegeGrantInfo(privilege:INSERT, createTime:-1, grantor:alex, grantorType:USER, grantOption:true), PrivilegeGrantInfo(privilege:SELECT, createTime:-1, grantor:alex, grantorType:USER, grantOption:true), PrivilegeGrantInfo(privilege:UPDATE, createTime:-1, grantor:alex, grantorType:USER, grantOption:true), PrivilegeGrantInfo(privilege:DELETE, createTime:-1, grantor:alex, grantorType:USER, grantOption:true)]}, groupPrivileges:null, rolePrivileges:null), temporary:false, catName:hive, ownerType:USER)	
2024-04-24T00:54:07,539  INFO [main] utils.FileUtils: Creating directory if it doesn't exist: file:/home/alex/Repositories/hive/ql/target/tmp/org.apache.hadoop.hive.ql.TestTxnNoBuckets-1713945183193/warehouse/nonacidorctbl
2024-04-24T00:54:07,560  INFO [main] metadata.Hive: Dumping metastore api call timing information for : execution phase
2024-04-24T00:54:07,560  INFO [main] metadata.Hive: Total time spent in each metastore function (ms): {isCompatibleWith_(Configuration)=0, createTable_(Table)=31}
2024-04-24T00:54:07,560  INFO [main] ql.Driver: Completed executing command(queryId=alex_20240424005407_a0727ea3-235b-492b-bece-93bba3348532); Time taken: 0.032 seconds
2024-04-24T00:54:07,561  INFO [main] lockmgr.DbTxnManager: Stopped heartbeat for query: alex_20240424005407_a0727ea3-235b-492b-bece-93bba3348532
2024-04-24T00:54:07,565  INFO [main] txn.TxnHandler: Expected to move at least one record from txn_components to completed_txn_components when committing txn! txnid:9
2024-04-24T00:54:07,571  INFO [main] txn.TxnHandler: Removed transactions: ([9]) from MIN_HISTORY_LEVEL
2024-04-24T00:54:07,571  WARN [main] txn.CompactionTxnHandler: No compaction queue record found for Compaction type transaction commit. txnId:9
2024-04-24T00:54:07,572  INFO [main] ql.TxnCommandsBaseForTests: Running the query: create table nonAcidOrcTbl2(a int, b int) clustered by (a) into 2 buckets stored as orc TBLPROPERTIES ('transactional'='false')
2024-04-24T00:54:07,572  INFO [main] ql.Driver: Compiling command(queryId=alex_20240424005407_f1c41260-d843-4e67-bda8-84c3649796a7): create table nonAcidOrcTbl2(a int, b int) clustered by (a) into 2 buckets stored as orc TBLPROPERTIES ('transactional'='false')
2024-04-24T00:54:07,574  INFO [main] txn.TxnHandler: Added entries to MIN_HISTORY_LEVEL for current txns: ([10]) with min_open_txn: 1
2024-04-24T00:54:07,575  INFO [main] lockmgr.DbTxnManager: Opened txnid:10
2024-04-24T00:54:07,576  INFO [main] parse.CalcitePlanner: Starting caching scope for: 
2024-04-24T00:54:07,576  INFO [main] parse.CalcitePlanner: Starting Semantic Analysis
2024-04-24T00:54:07,579  INFO [main] parse.CalcitePlanner: Creating table default.nonAcidOrcTbl2 position=13
2024-04-24T00:54:07,580  INFO [main] HiveMetaStore.audit: ugi=alex	ip=unknown-ip-addr	cmd=get_database: default	
2024-04-24T00:54:07,582  INFO [main] parse.CalcitePlanner: Ending caching scope for: 
2024-04-24T00:54:07,582  INFO [main] ql.Driver: Semantic Analysis Completed (retrial = false)
2024-04-24T00:54:07,582  INFO [main] ql.Driver: Created Hive schema: Schema(fieldSchemas:null, properties:null)
2024-04-24T00:54:07,582  INFO [main] metadata.Hive: Dumping metastore api call timing information for : compilation phase
2024-04-24T00:54:07,582  INFO [main] metadata.Hive: Total time spent in each metastore function (ms): {commitTxn_(CommitTxnRequest)=10, openTxn_(String, TxnType)=2, getDatabase_(String)=3, isCompatibleWith_(Configuration)=1, getValidTxns_(long)=1, getValidWriteIds_(List, String)=3, flushCache_()=0}
2024-04-24T00:54:07,582  INFO [main] ql.Driver: Completed compiling command(queryId=alex_20240424005407_f1c41260-d843-4e67-bda8-84c3649796a7); Time taken: 0.01 seconds
2024-04-24T00:54:07,583  INFO [main] lockmgr.DbTxnManager: Setting lock request transaction to txnid:10 for queryId=alex_20240424005407_f1c41260-d843-4e67-bda8-84c3649796a7
2024-04-24T00:54:07,583  INFO [main] lockmgr.DbLockManager: Requesting lock for queryId=alex_20240424005407_f1c41260-d843-4e67-bda8-84c3649796a7
2024-04-24T00:54:07,600  INFO [main] lockmgr.DbLockManager: Response to queryId=alex_20240424005407_f1c41260-d843-4e67-bda8-84c3649796a7 LockResponse(lockid:4, state:ACQUIRED)
2024-04-24T00:54:07,600  INFO [main] ql.Driver: Operation CREATETABLE obtained 1 locks
2024-04-24T00:54:07,600  INFO [main] ql.Driver: Executing command(queryId=alex_20240424005407_f1c41260-d843-4e67-bda8-84c3649796a7): create table nonAcidOrcTbl2(a int, b int) clustered by (a) into 2 buckets stored as orc TBLPROPERTIES ('transactional'='false')
2024-04-24T00:54:07,600  INFO [main] ql.Driver: Starting task [Stage-0:DDL] in serial mode
2024-04-24T00:54:07,601  INFO [main] HiveMetaStore.audit: ugi=alex	ip=unknown-ip-addr	cmd=create_table_req: Table(tableName:nonAcidOrcTbl2, dbName:default, owner:alex, createTime:1713945247, lastAccessTime:0, retention:0, sd:StorageDescriptor(cols:[FieldSchema(name:a, type:int, comment:null), FieldSchema(name:b, type:int, comment:null)], location:null, inputFormat:org.apache.hadoop.hive.ql.io.orc.OrcInputFormat, outputFormat:org.apache.hadoop.hive.ql.io.orc.OrcOutputFormat, compressed:false, numBuckets:2, serdeInfo:SerDeInfo(name:null, serializationLib:org.apache.hadoop.hive.ql.io.orc.OrcSerde, parameters:{serialization.format=1}), bucketCols:[a], sortCols:[], parameters:{}, skewedInfo:SkewedInfo(skewedColNames:[], skewedColValues:[], skewedColValueLocationMaps:{}), storedAsSubDirectories:false), partitionKeys:[], parameters:{rawDataSize=0, totalSize=0, numRows=0, numFilesErasureCoded=0, transactional=false, COLUMN_STATS_ACCURATE={"BASIC_STATS":"true","COLUMN_STATS":{"a":"true","b":"true"}}, numFiles=0, bucketing_version=2}, viewOriginalText:null, viewExpandedText:null, tableType:MANAGED_TABLE, privileges:PrincipalPrivilegeSet(userPrivileges:{alex=[PrivilegeGrantInfo(privilege:INSERT, createTime:-1, grantor:alex, grantorType:USER, grantOption:true), PrivilegeGrantInfo(privilege:SELECT, createTime:-1, grantor:alex, grantorType:USER, grantOption:true), PrivilegeGrantInfo(privilege:UPDATE, createTime:-1, grantor:alex, grantorType:USER, grantOption:true), PrivilegeGrantInfo(privilege:DELETE, createTime:-1, grantor:alex, grantorType:USER, grantOption:true)]}, groupPrivileges:null, rolePrivileges:null), temporary:false, catName:hive, ownerType:USER)	
2024-04-24T00:54:07,608  INFO [main] utils.FileUtils: Creating directory if it doesn't exist: file:/home/alex/Repositories/hive/ql/target/tmp/org.apache.hadoop.hive.ql.TestTxnNoBuckets-1713945183193/warehouse/nonacidorctbl2
2024-04-24T00:54:07,624  INFO [main] metadata.Hive: Dumping metastore api call timing information for : execution phase
2024-04-24T00:54:07,624  INFO [main] metadata.Hive: Total time spent in each metastore function (ms): {isCompatibleWith_(Configuration)=1, createTable_(Table)=23}
2024-04-24T00:54:07,624  INFO [main] ql.Driver: Completed executing command(queryId=alex_20240424005407_f1c41260-d843-4e67-bda8-84c3649796a7); Time taken: 0.024 seconds
2024-04-24T00:54:07,625  INFO [main] lockmgr.DbTxnManager: Stopped heartbeat for query: alex_20240424005407_f1c41260-d843-4e67-bda8-84c3649796a7
2024-04-24T00:54:07,629  INFO [main] txn.TxnHandler: Expected to move at least one record from txn_components to completed_txn_components when committing txn! txnid:10
2024-04-24T00:54:07,635  INFO [main] txn.TxnHandler: Removed transactions: ([10]) from MIN_HISTORY_LEVEL
2024-04-24T00:54:07,635  WARN [main] txn.CompactionTxnHandler: No compaction queue record found for Compaction type transaction commit. txnId:10
2024-04-24T00:54:07,636  INFO [main] ql.TxnCommandsBaseForTests: Running the query: create temporary  table acidTbl2(a int, b int, c int) clustered by (c) into 2 buckets stored as orc TBLPROPERTIES ('transactional'='true')
2024-04-24T00:54:07,636  INFO [main] ql.Driver: Compiling command(queryId=alex_20240424005407_8efc6a5d-a882-4b90-8119-e4afdde1b630): create temporary  table acidTbl2(a int, b int, c int) clustered by (c) into 2 buckets stored as orc TBLPROPERTIES ('transactional'='true')
2024-04-24T00:54:07,639  INFO [main] txn.TxnHandler: Added entries to MIN_HISTORY_LEVEL for current txns: ([11]) with min_open_txn: 1
2024-04-24T00:54:07,639  INFO [main] lockmgr.DbTxnManager: Opened txnid:11
2024-04-24T00:54:07,640  INFO [main] parse.CalcitePlanner: Starting caching scope for: 
2024-04-24T00:54:07,640  INFO [main] parse.CalcitePlanner: Starting Semantic Analysis
2024-04-24T00:54:07,642  INFO [main] parse.CalcitePlanner: Creating table default.acidTbl2 position=24
2024-04-24T00:54:07,643  INFO [main] HiveMetaStore.audit: ugi=alex	ip=unknown-ip-addr	cmd=get_database: default	
2024-04-24T00:54:07,645  INFO [main] parse.CalcitePlanner: Ending caching scope for: 
2024-04-24T00:54:07,645  INFO [main] ql.Driver: Semantic Analysis Completed (retrial = false)
2024-04-24T00:54:07,645  INFO [main] ql.Driver: Created Hive schema: Schema(fieldSchemas:null, properties:null)
2024-04-24T00:54:07,645  INFO [main] metadata.Hive: Dumping metastore api call timing information for : compilation phase
2024-04-24T00:54:07,645  INFO [main] metadata.Hive: Total time spent in each metastore function (ms): {flushCache_()=0, getValidWriteIds_(List, String)=2, getValidTxns_(long)=0, commitTxn_(CommitTxnRequest)=10, isCompatibleWith_(Configuration)=2, openTxn_(String, TxnType)=2, getDatabase_(String)=1}
2024-04-24T00:54:07,645  INFO [main] ql.Driver: Completed compiling command(queryId=alex_20240424005407_8efc6a5d-a882-4b90-8119-e4afdde1b630); Time taken: 0.009 seconds
2024-04-24T00:54:07,645  INFO [main] lockmgr.DbTxnManager: Setting lock request transaction to txnid:11 for queryId=alex_20240424005407_8efc6a5d-a882-4b90-8119-e4afdde1b630
2024-04-24T00:54:07,646  INFO [main] lockmgr.DbLockManager: Requesting lock for queryId=alex_20240424005407_8efc6a5d-a882-4b90-8119-e4afdde1b630
2024-04-24T00:54:07,661  INFO [main] lockmgr.DbLockManager: Response to queryId=alex_20240424005407_8efc6a5d-a882-4b90-8119-e4afdde1b630 LockResponse(lockid:5, state:ACQUIRED)
2024-04-24T00:54:07,661  INFO [main] ql.Driver: Operation CREATETABLE obtained 1 locks
2024-04-24T00:54:07,661  INFO [main] ql.Driver: Executing command(queryId=alex_20240424005407_8efc6a5d-a882-4b90-8119-e4afdde1b630): create temporary  table acidTbl2(a int, b int, c int) clustered by (c) into 2 buckets stored as orc TBLPROPERTIES ('transactional'='true')
2024-04-24T00:54:07,661  INFO [main] ql.Driver: Starting task [Stage-0:DDL] in serial mode
2024-04-24T00:54:07,663  INFO [main] utils.FileUtils: Creating directory if it doesn't exist: file:/home/alex/Repositories/hive/ql/target/tmp/scratchdir/alex/5cf0a0f8-53f1-4859-9489-cf76cd9d84a2/_tmp_space.db/84b9a1ec-b2dd-4f13-a806-04089e98cbd8
2024-04-24T00:54:07,666  INFO [main] metadata.Hive: Dumping metastore api call timing information for : execution phase
2024-04-24T00:54:07,666  INFO [main] metadata.Hive: Total time spent in each metastore function (ms): {createTable_(Table)=3, isCompatibleWith_(Configuration)=0}
2024-04-24T00:54:07,666  INFO [main] ql.Driver: Completed executing command(queryId=alex_20240424005407_8efc6a5d-a882-4b90-8119-e4afdde1b630); Time taken: 0.005 seconds
2024-04-24T00:54:07,666  INFO [main] lockmgr.DbTxnManager: Stopped heartbeat for query: alex_20240424005407_8efc6a5d-a882-4b90-8119-e4afdde1b630
2024-04-24T00:54:07,670  INFO [main] txn.TxnHandler: Expected to move at least one record from txn_components to completed_txn_components when committing txn! txnid:11
2024-04-24T00:54:07,676  INFO [main] txn.TxnHandler: Removed transactions: ([11]) from MIN_HISTORY_LEVEL
2024-04-24T00:54:07,676  WARN [main] txn.CompactionTxnHandler: No compaction queue record found for Compaction type transaction commit. txnId:11
2024-04-24T00:54:07,677  INFO [main] ql.TxnCommandsBaseForTests: Running the query: create table nonAcidNonBucket(a int, b int) stored as orc TBLPROPERTIES ('transactional'='false')
2024-04-24T00:54:07,677  INFO [main] ql.Driver: Compiling command(queryId=alex_20240424005407_1f8382a4-88ed-43ba-97f4-d46e73e94935): create table nonAcidNonBucket(a int, b int) stored as orc TBLPROPERTIES ('transactional'='false')
2024-04-24T00:54:07,680  INFO [main] txn.TxnHandler: Added entries to MIN_HISTORY_LEVEL for current txns: ([12]) with min_open_txn: 1
2024-04-24T00:54:07,680  INFO [main] lockmgr.DbTxnManager: Opened txnid:12
2024-04-24T00:54:07,681  INFO [main] parse.CalcitePlanner: Starting caching scope for: 
2024-04-24T00:54:07,681  INFO [main] parse.CalcitePlanner: Starting Semantic Analysis
2024-04-24T00:54:07,684  INFO [main] parse.CalcitePlanner: Creating table default.nonAcidNonBucket position=13
2024-04-24T00:54:07,684  INFO [main] HiveMetaStore.audit: ugi=alex	ip=unknown-ip-addr	cmd=get_database: default	
2024-04-24T00:54:07,686  INFO [main] parse.CalcitePlanner: Ending caching scope for: 
2024-04-24T00:54:07,686  INFO [main] ql.Driver: Semantic Analysis Completed (retrial = false)
2024-04-24T00:54:07,686  INFO [main] ql.Driver: Created Hive schema: Schema(fieldSchemas:null, properties:null)
2024-04-24T00:54:07,686  INFO [main] metadata.Hive: Dumping metastore api call timing information for : compilation phase
2024-04-24T00:54:07,686  INFO [main] metadata.Hive: Total time spent in each metastore function (ms): {getValidWriteIds_(List, String)=3, isCompatibleWith_(Configuration)=0, getValidTxns_(long)=0, getDatabase_(String)=2, commitTxn_(CommitTxnRequest)=11, flushCache_()=0, openTxn_(String, TxnType)=2}
2024-04-24T00:54:07,686  INFO [main] ql.Driver: Completed compiling command(queryId=alex_20240424005407_1f8382a4-88ed-43ba-97f4-d46e73e94935); Time taken: 0.009 seconds
2024-04-24T00:54:07,686  INFO [main] lockmgr.DbTxnManager: Setting lock request transaction to txnid:12 for queryId=alex_20240424005407_1f8382a4-88ed-43ba-97f4-d46e73e94935
2024-04-24T00:54:07,687  INFO [main] lockmgr.DbLockManager: Requesting lock for queryId=alex_20240424005407_1f8382a4-88ed-43ba-97f4-d46e73e94935
2024-04-24T00:54:07,702  INFO [main] lockmgr.DbLockManager: Response to queryId=alex_20240424005407_1f8382a4-88ed-43ba-97f4-d46e73e94935 LockResponse(lockid:6, state:ACQUIRED)
2024-04-24T00:54:07,702  INFO [main] ql.Driver: Operation CREATETABLE obtained 1 locks
2024-04-24T00:54:07,702  INFO [main] ql.Driver: Executing command(queryId=alex_20240424005407_1f8382a4-88ed-43ba-97f4-d46e73e94935): create table nonAcidNonBucket(a int, b int) stored as orc TBLPROPERTIES ('transactional'='false')
2024-04-24T00:54:07,703  INFO [main] ql.Driver: Starting task [Stage-0:DDL] in serial mode
2024-04-24T00:54:07,704  INFO [main] HiveMetaStore.audit: ugi=alex	ip=unknown-ip-addr	cmd=create_table_req: Table(tableName:nonAcidNonBucket, dbName:default, owner:alex, createTime:1713945247, lastAccessTime:0, retention:0, sd:StorageDescriptor(cols:[FieldSchema(name:a, type:int, comment:null), FieldSchema(name:b, type:int, comment:null)], location:null, inputFormat:org.apache.hadoop.hive.ql.io.orc.OrcInputFormat, outputFormat:org.apache.hadoop.hive.ql.io.orc.OrcOutputFormat, compressed:false, numBuckets:-1, serdeInfo:SerDeInfo(name:null, serializationLib:org.apache.hadoop.hive.ql.io.orc.OrcSerde, parameters:{serialization.format=1}), bucketCols:[], sortCols:[], parameters:{}, skewedInfo:SkewedInfo(skewedColNames:[], skewedColValues:[], skewedColValueLocationMaps:{}), storedAsSubDirectories:false), partitionKeys:[], parameters:{totalSize=0, bucketing_version=2, transactional=false, numFiles=0, numRows=0, rawDataSize=0, numFilesErasureCoded=0, COLUMN_STATS_ACCURATE={"BASIC_STATS":"true","COLUMN_STATS":{"a":"true","b":"true"}}}, viewOriginalText:null, viewExpandedText:null, tableType:MANAGED_TABLE, privileges:PrincipalPrivilegeSet(userPrivileges:{alex=[PrivilegeGrantInfo(privilege:INSERT, createTime:-1, grantor:alex, grantorType:USER, grantOption:true), PrivilegeGrantInfo(privilege:SELECT, createTime:-1, grantor:alex, grantorType:USER, grantOption:true), PrivilegeGrantInfo(privilege:UPDATE, createTime:-1, grantor:alex, grantorType:USER, grantOption:true), PrivilegeGrantInfo(privilege:DELETE, createTime:-1, grantor:alex, grantorType:USER, grantOption:true)]}, groupPrivileges:null, rolePrivileges:null), temporary:false, catName:hive, ownerType:USER)	
2024-04-24T00:54:07,710  INFO [main] utils.FileUtils: Creating directory if it doesn't exist: file:/home/alex/Repositories/hive/ql/target/tmp/org.apache.hadoop.hive.ql.TestTxnNoBuckets-1713945183193/warehouse/nonacidnonbucket
2024-04-24T00:54:07,725  INFO [main] metadata.Hive: Dumping metastore api call timing information for : execution phase
2024-04-24T00:54:07,726  INFO [main] metadata.Hive: Total time spent in each metastore function (ms): {isCompatibleWith_(Configuration)=0, createTable_(Table)=22}
2024-04-24T00:54:07,726  INFO [main] ql.Driver: Completed executing command(queryId=alex_20240424005407_1f8382a4-88ed-43ba-97f4-d46e73e94935); Time taken: 0.023 seconds
2024-04-24T00:54:07,726  INFO [main] lockmgr.DbTxnManager: Stopped heartbeat for query: alex_20240424005407_1f8382a4-88ed-43ba-97f4-d46e73e94935
2024-04-24T00:54:07,730  INFO [main] txn.TxnHandler: Expected to move at least one record from txn_components to completed_txn_components when committing txn! txnid:12
2024-04-24T00:54:07,737  INFO [main] txn.TxnHandler: Removed transactions: ([12]) from MIN_HISTORY_LEVEL
2024-04-24T00:54:07,737  WARN [main] txn.CompactionTxnHandler: No compaction queue record found for Compaction type transaction commit. txnId:12
2024-04-24T00:54:07,738  INFO [main] ql.TxnCommandsBaseForTests: Running the query: insert into nonAcidNonBucket(a,b) values(1,2),(1,3)
2024-04-24T00:54:07,738  INFO [main] ql.Driver: Compiling command(queryId=alex_20240424005407_332f8649-ca2c-48b4-83f7-a67169326836): insert into nonAcidNonBucket(a,b) values(1,2),(1,3)
2024-04-24T00:54:07,741  INFO [main] txn.TxnHandler: Added entries to MIN_HISTORY_LEVEL for current txns: ([13]) with min_open_txn: 1
2024-04-24T00:54:07,741  INFO [main] lockmgr.DbTxnManager: Opened txnid:13
2024-04-24T00:54:07,742  INFO [main] parse.CalcitePlanner: Starting caching scope for: 
2024-04-24T00:54:07,742  INFO [main] parse.CalcitePlanner: Starting Semantic Analysis
2024-04-24T00:54:07,746  INFO [main] HiveMetaStore.audit: ugi=alex	ip=unknown-ip-addr	cmd=get_table : tbl=hive.default.nonAcidNonBucket	
2024-04-24T00:54:07,784  INFO [main] metastore.HMSHandler: Skipping translation for processor with null
2024-04-24T00:54:07,785  INFO [main] parse.CalcitePlanner: Completed phase 1 of Semantic Analysis
2024-04-24T00:54:07,785  INFO [main] parse.CalcitePlanner: Get metadata for source tables
2024-04-24T00:54:07,785  INFO [main] parse.CalcitePlanner: Get metadata for subqueries
2024-04-24T00:54:07,785  INFO [main] parse.CalcitePlanner: Get metadata for destination tables
2024-04-24T00:54:07,785  INFO [main] HiveMetaStore.audit: ugi=alex	ip=unknown-ip-addr	cmd=get_table : tbl=hive.default.nonAcidNonBucket	
2024-04-24T00:54:07,796  INFO [main] metastore.HMSHandler: Skipping translation for processor with null
2024-04-24T00:54:07,796  INFO [main] parse.CalcitePlanner: Completed getting MetaData in Semantic Analysis
2024-04-24T00:54:07,796  INFO [main] parse.CalcitePlanner: Disabling LLAP IO encode as ETL query is detected
2024-04-24T00:54:07,819  INFO [main] HiveMetaStore.audit: ugi=alex	ip=unknown-ip-addr	cmd=get_all_table_constraints : tbl=hive._dummy_database._dummy_table	
2024-04-24T00:54:07,905  INFO [main] parse.CalcitePlanner: Get metadata for source tables
2024-04-24T00:54:07,905  INFO [main] parse.CalcitePlanner: Get metadata for subqueries
2024-04-24T00:54:07,905  INFO [main] parse.CalcitePlanner: Get metadata for source tables
2024-04-24T00:54:07,906  INFO [main] HiveMetaStore.audit: ugi=alex	ip=unknown-ip-addr	cmd=get_table : tbl=hive._dummy_database._dummy_table	
2024-04-24T00:54:07,908  INFO [main] parse.CalcitePlanner: Get metadata for subqueries
2024-04-24T00:54:07,908  INFO [main] parse.CalcitePlanner: Get metadata for destination tables
2024-04-24T00:54:07,908  INFO [main] parse.CalcitePlanner: Get metadata for destination tables
2024-04-24T00:54:07,908  INFO [main] HiveMetaStore.audit: ugi=alex	ip=unknown-ip-addr	cmd=get_table : tbl=hive.default.nonAcidNonBucket	
2024-04-24T00:54:07,919  INFO [main] metastore.HMSHandler: Skipping translation for processor with null
2024-04-24T00:54:07,922  INFO [main] common.FileUtils: Creating directory if it doesn't exist: file:/home/alex/Repositories/hive/ql/target/tmp/org.apache.hadoop.hive.ql.TestTxnNoBuckets-1713945183193/warehouse/nonacidnonbucket/.hive-staging_hive_2024-04-24_00-54-07_738_489902719953617500-1
2024-04-24T00:54:07,924  INFO [main] HiveMetaStore.audit: ugi=alex	ip=unknown-ip-addr	cmd=get_not_null_constraints : tbl=hive.default.nonacidnonbucket	
2024-04-24T00:54:07,926  INFO [main] HiveMetaStore.audit: ugi=alex	ip=unknown-ip-addr	cmd=get_check_constraints : tbl=hive.default.nonacidnonbucket	
2024-04-24T00:54:07,927  INFO [main] parse.CalcitePlanner: CBO Succeeded; optimized logical plan.
2024-04-24T00:54:07,930  INFO [main] optimizer.BucketVersionPopulator: not considering bucketingVersion for: TS[0] because it has -1<2 buckets 
2024-04-24T00:54:07,931  INFO [main] optimizer.SortedDynPartitionOptimizer: Sorted dynamic partitioning optimization kicked in..
2024-04-24T00:54:07,941  INFO [main] HiveMetaStore.audit: ugi=alex	ip=unknown-ip-addr	cmd=get_table : tbl=hive.default.nonacidnonbucket	
2024-04-24T00:54:07,952  INFO [main] metastore.HMSHandler: Skipping translation for processor with null
2024-04-24T00:54:07,952  INFO [main] optimizer.GenMRFileSink1: using CombineHiveInputformat for the merge job
2024-04-24T00:54:07,953  INFO [main] HiveMetaStore.audit: ugi=alex	ip=unknown-ip-addr	cmd=get_table : tbl=hive.default.nonacidnonbucket	
2024-04-24T00:54:07,964  INFO [main] metastore.HMSHandler: Skipping translation for processor with null
2024-04-24T00:54:07,965  INFO [main] physical.Vectorizer: Examining input format to see if vectorization is enabled.
2024-04-24T00:54:07,966  INFO [main] physical.Vectorizer: Map vectorization enabled: false
2024-04-24T00:54:07,966  INFO [main] physical.Vectorizer: Map vectorized: false
2024-04-24T00:54:07,966  INFO [main] physical.Vectorizer: Map vectorizedVertexNum: 0
2024-04-24T00:54:07,966  INFO [main] physical.Vectorizer: Map enabledConditionsMet: [hive.vectorized.use.vectorized.input.format IS true]
2024-04-24T00:54:07,966  INFO [main] physical.Vectorizer: Map enabledConditionsNotMet: [Could not enable vectorization due to partition column names size 1 is greater than the number of table column names size 0 IS false]
2024-04-24T00:54:07,966  INFO [main] physical.Vectorizer: Map inputFileFormatClassNameSet: [org.apache.hadoop.hive.ql.io.NullRowsInputFormat]
2024-04-24T00:54:07,967  INFO [main] parse.CalcitePlanner: Completed plan generation
2024-04-24T00:54:07,967  INFO [main] parse.CalcitePlanner: Ending caching scope for: 
2024-04-24T00:54:07,967  INFO [main] ql.Driver: Semantic Analysis Completed (retrial = false)
2024-04-24T00:54:07,967  INFO [main] ql.Driver: Created Hive schema: Schema(fieldSchemas:[FieldSchema(name:_col0, type:int, comment:null), FieldSchema(name:_col1, type:int, comment:null)], properties:null)
2024-04-24T00:54:07,967  INFO [main] metadata.Hive: Dumping metastore api call timing information for : compilation phase
2024-04-24T00:54:07,967  INFO [main] metadata.Hive: Total time spent in each metastore function (ms): {getValidTxns_(long)=0, commitTxn_(CommitTxnRequest)=12, getValidWriteIds_(List, String)=4, getCheckConstraints_(CheckConstraintsRequest)=2, getNotNullConstraints_(NotNullConstraintsRequest)=1, openTxn_(String, TxnType)=2, getAllTableConstraints_(AllTableConstraintsRequest)=34, isCompatibleWith_(Configuration)=1, flushCache_()=0, getTable_(GetTableRequest)=82}
2024-04-24T00:54:07,968  INFO [main] ql.Driver: Completed compiling command(queryId=alex_20240424005407_332f8649-ca2c-48b4-83f7-a67169326836); Time taken: 0.229 seconds
2024-04-24T00:54:07,968  INFO [main] lockmgr.DbTxnManager: Setting lock request transaction to txnid:13 for queryId=alex_20240424005407_332f8649-ca2c-48b4-83f7-a67169326836
2024-04-24T00:54:07,968  INFO [main] lockmgr.DbLockManager: Requesting lock for queryId=alex_20240424005407_332f8649-ca2c-48b4-83f7-a67169326836
2024-04-24T00:54:07,989  INFO [main] lockmgr.DbLockManager: Response to queryId=alex_20240424005407_332f8649-ca2c-48b4-83f7-a67169326836 LockResponse(lockid:7, state:ACQUIRED)
2024-04-24T00:54:07,989  INFO [main] ql.Driver: Operation QUERY obtained 1 locks
2024-04-24T00:54:07,989  INFO [main] ql.Driver: Executing command(queryId=alex_20240424005407_332f8649-ca2c-48b4-83f7-a67169326836): insert into nonAcidNonBucket(a,b) values(1,2),(1,3)
2024-04-24T00:54:07,990  WARN [main] ql.Driver: Hive-on-MR is deprecated in Hive 2 and may not be available in the future versions. Consider using a different execution engine (i.e. tez, spark) or using Hive 1.X releases.
Query ID = alex_20240424005407_332f8649-ca2c-48b4-83f7-a67169326836
2024-04-24T00:54:07,990  INFO [main] ql.Driver: Query ID = alex_20240424005407_332f8649-ca2c-48b4-83f7-a67169326836
Total jobs = 1
2024-04-24T00:54:07,990  INFO [main] ql.Driver: Total jobs = 1
Launching Job 1 out of 1
2024-04-24T00:54:07,991  INFO [main] ql.Driver: Launching Job 1 out of 1
2024-04-24T00:54:08,139  INFO [main] ql.Driver: Starting task [Stage-1:MAPRED] in serial mode
Number of reduce tasks is set to 0 since there's no reduce operator
2024-04-24T00:54:08,139  INFO [main] exec.Task: Number of reduce tasks is set to 0 since there's no reduce operator
2024-04-24T00:54:08,142  INFO [main] mr.ExecDriver: Using org.apache.hadoop.hive.ql.io.HiveInputFormat
2024-04-24T00:54:08,142  INFO [main] exec.Utilities: Processing alias $hdt$_0:_dummy_table
2024-04-24T00:54:08,142  INFO [main] exec.Utilities: Adding 1 inputs; the first input is file:/home/alex/Repositories/hive/ql/target/tmp/localscratchdir/5cf0a0f8-53f1-4859-9489-cf76cd9d84a2/hive_2024-04-24_00-54-07_738_489902719953617500-1/dummy_path
2024-04-24T00:54:08,153  INFO [main] exec.SerializationUtilities: Serializing MapWork using kryo
2024-04-24T00:54:08,153  INFO [main] exec.Utilities: Serialized plan (via FILE) - name: null size: 6,13KB
2024-04-24T00:54:08,154  WARN [main] impl.MetricsSystemImpl: JobTracker metrics system already initialized!
2024-04-24T00:54:08,158  INFO [main] fs.FSStatsPublisher: created : file:/home/alex/Repositories/hive/ql/target/tmp/localscratchdir/5cf0a0f8-53f1-4859-9489-cf76cd9d84a2/hive_2024-04-24_00-54-07_738_489902719953617500-1/-mr-10001
2024-04-24T00:54:08,163  WARN [main] impl.MetricsSystemImpl: JobTracker metrics system already initialized!
2024-04-24T00:54:08,170  WARN [main] mapreduce.JobResourceUploader: Hadoop command-line option parsing not performed. Implement the Tool interface and execute your application with ToolRunner to remedy this.
2024-04-24T00:54:08,174  WARN [main] mapreduce.JobResourceUploader: No job jar file set.  User classes may not be found. See Job or Job#setJar(String).
2024-04-24T00:54:08,175  INFO [main] io.HiveInputFormat: hive.io.file.readcolumn.ids = 
2024-04-24T00:54:08,175  INFO [main] io.HiveInputFormat: hive.io.file.readcolumn.names = 
2024-04-24T00:54:08,175  INFO [main] io.HiveInputFormat: Generating splits for dirs: file:/home/alex/Repositories/hive/ql/target/tmp/localscratchdir/5cf0a0f8-53f1-4859-9489-cf76cd9d84a2/hive_2024-04-24_00-54-07_738_489902719953617500-1/dummy_path
2024-04-24T00:54:08,176  INFO [main] io.HiveInputFormat: number of splits 1
2024-04-24T00:54:08,193  INFO [main] mapreduce.JobSubmitter: number of splits:1
2024-04-24T00:54:08,213  INFO [main] mapreduce.JobSubmitter: Submitting tokens for job: job_local398553905_0022
2024-04-24T00:54:08,213  INFO [main] mapreduce.JobSubmitter: Executing with tokens: []
2024-04-24T00:54:08,294  INFO [main] mapreduce.Job: The url to track the job: http://localhost:8080/
Job running in-process (local Hadoop)
2024-04-24T00:54:08,294  INFO [main] exec.Task: Job running in-process (local Hadoop)
2024-04-24T00:54:08,295  INFO [Thread-1437] mapred.LocalJobRunner: OutputCommitter set in config org.apache.hadoop.hive.ql.io.HiveFileFormatUtils$NullOutputCommitter
2024-04-24T00:54:08,295  INFO [Thread-1437] mapred.LocalJobRunner: OutputCommitter is org.apache.hadoop.hive.ql.io.HiveFileFormatUtils$NullOutputCommitter
2024-04-24T00:54:08,297  INFO [Thread-1437] mapred.LocalJobRunner: Waiting for map tasks
2024-04-24T00:54:08,297  INFO [LocalJobRunner Map Task Executor #0] mapred.LocalJobRunner: Starting task: attempt_local398553905_0022_m_000000_0
2024-04-24T00:54:08,299  INFO [LocalJobRunner Map Task Executor #0] mapred.Task:  Using ResourceCalculatorProcessTree : [ ]
2024-04-24T00:54:08,300  INFO [LocalJobRunner Map Task Executor #0] mapred.MapTask: Processing split: org.apache.hadoop.hive.ql.io.NullRowsInputFormat:file:/home/alex/Repositories/hive/ql/target/tmp/localscratchdir/5cf0a0f8-53f1-4859-9489-cf76cd9d84a2/hive_2024-04-24_00-54-07_738_489902719953617500-1/dummy_path/null:0+1
2024-04-24T00:54:08,302  INFO [LocalJobRunner Map Task Executor #0] exec.SerializationUtilities: Deserializing MapWork using kryo
2024-04-24T00:54:08,302  INFO [LocalJobRunner Map Task Executor #0] exec.Utilities: Deserialized plan (via FILE) - name: null size: 6,13KB
2024-04-24T00:54:08,303  INFO [LocalJobRunner Map Task Executor #0] mapred.MapTask: numReduceTasks: 0
2024-04-24T00:54:08,305  INFO [LocalJobRunner Map Task Executor #0] exec.MapOperator: Initializing Operator: MAP[0]
2024-04-24T00:54:08,305  INFO [LocalJobRunner Map Task Executor #0] mr.ExecMapper: 
<MAP>Id =0
  <Children>null
  <\Children>
  <Parent><\Parent>
<\MAP>
2024-04-24T00:54:08,306  INFO [LocalJobRunner Map Task Executor #0] exec.TableScanOperator: Initializing Operator: TS[0]
2024-04-24T00:54:08,306  INFO [LocalJobRunner Map Task Executor #0] exec.SelectOperator: Initializing Operator: SEL[1]
2024-04-24T00:54:08,306  INFO [LocalJobRunner Map Task Executor #0] exec.SelectOperator: SELECT null
2024-04-24T00:54:08,306  INFO [LocalJobRunner Map Task Executor #0] exec.UDTFOperator: Initializing Operator: UDTF[2]
2024-04-24T00:54:08,306  INFO [LocalJobRunner Map Task Executor #0] exec.SelectOperator: Initializing Operator: SEL[3]
2024-04-24T00:54:08,306  INFO [LocalJobRunner Map Task Executor #0] exec.SelectOperator: SELECT struct<col1:int,col2:int>
2024-04-24T00:54:08,307  INFO [LocalJobRunner Map Task Executor #0] exec.FileSinkOperator: Initializing Operator: FS[4]
2024-04-24T00:54:08,307  INFO [LocalJobRunner Map Task Executor #0] exec.FileSinkOperator: Using serializer : AbstractSerDe [log=org.apache.logging.slf4j.Log4jLogger@22a08b61, configuration=Optional[Configuration: core-default.xml, core-site.xml, mapred-default.xml, mapred-site.xml, yarn-default.xml, yarn-site.xml, hdfs-default.xml, hdfs-site.xml, file:/home/alex/Repositories/hive/ql/target/tmp/TestTxnNoBucketsVectorized/mapred/local/localRunner/alex/job_local398553905_0022/job_local398553905_0022.xml], properties={name=default.nonacidnonbucket, columns.types=int:int, serialization.format=1, columns=a,b, numFilesErasureCoded=0, columns.comments=&amp#0;, bucketing_version=2, serialization.lib=org.apache.hadoop.hive.ql.io.orc.OrcSerde, file.inputformat=org.apache.hadoop.hive.ql.io.orc.OrcInputFormat, file.outputformat=org.apache.hadoop.hive.ql.io.orc.OrcOutputFormat, location=file:/home/alex/Repositories/hive/ql/target/tmp/org.apache.hadoop.hive.ql.TestTxnNoBuckets-1713945183193/warehouse/nonacidnonbucket, column.name.delimiter=,}, tableProperties={name=default.nonacidnonbucket, columns.types=int:int, serialization.format=1, columns=a,b, numFilesErasureCoded=0, columns.comments=&amp#0;, bucketing_version=2, serialization.lib=org.apache.hadoop.hive.ql.io.orc.OrcSerde, file.inputformat=org.apache.hadoop.hive.ql.io.orc.OrcInputFormat, location=file:/home/alex/Repositories/hive/ql/target/tmp/org.apache.hadoop.hive.ql.TestTxnNoBuckets-1713945183193/warehouse/nonacidnonbucket, file.outputformat=org.apache.hadoop.hive.ql.io.orc.OrcOutputFormat, column.name.delimiter=,}, partitionProperties=Optional.empty, columnNames=[a, b], columnTypes=[int, int], getClass()=class org.apache.hadoop.hive.ql.io.orc.OrcSerde] and formatter : org.apache.hadoop.hive.ql.io.orc.OrcOutputFormat@6ca13ce3
2024-04-24T00:54:08,307  INFO [LocalJobRunner Map Task Executor #0] exec.FileSinkOperator: Final Path: FS file:/home/alex/Repositories/hive/ql/target/tmp/org.apache.hadoop.hive.ql.TestTxnNoBuckets-1713945183193/warehouse/nonacidnonbucket/.hive-staging_hive_2024-04-24_00-54-07_738_489902719953617500-1/_tmp.-ext-10002/000000_0
2024-04-24T00:54:08,307  INFO [LocalJobRunner Map Task Executor #0] exec.FileSinkOperator: Writing to temp file: FS file:/home/alex/Repositories/hive/ql/target/tmp/org.apache.hadoop.hive.ql.TestTxnNoBuckets-1713945183193/warehouse/nonacidnonbucket/.hive-staging_hive_2024-04-24_00-54-07_738_489902719953617500-1/_task_tmp.-ext-10002/_tmp.000000_0
2024-04-24T00:54:08,307  INFO [LocalJobRunner Map Task Executor #0] exec.FileSinkOperator: New Final Path: FS file:/home/alex/Repositories/hive/ql/target/tmp/org.apache.hadoop.hive.ql.TestTxnNoBuckets-1713945183193/warehouse/nonacidnonbucket/.hive-staging_hive_2024-04-24_00-54-07_738_489902719953617500-1/_tmp.-ext-10002/000000_0
2024-04-24T00:54:08,309  INFO [LocalJobRunner Map Task Executor #0] exec.FileSinkOperator: FS[4]: records written - 1
2024-04-24T00:54:08,309  INFO [LocalJobRunner Map Task Executor #0] impl.PhysicalFsWriter: ORC writer created for path: file:/home/alex/Repositories/hive/ql/target/tmp/org.apache.hadoop.hive.ql.TestTxnNoBuckets-1713945183193/warehouse/nonacidnonbucket/.hive-staging_hive_2024-04-24_00-54-07_738_489902719953617500-1/_task_tmp.-ext-10002/_tmp.000000_0 with stripeSize: 67108864 blockSize: 268435456 compression: Compress: ZLIB buffer: 262144
2024-04-24T00:54:08,316  INFO [LocalJobRunner Map Task Executor #0] impl.WriterImpl: ORC writer created for path: file:/home/alex/Repositories/hive/ql/target/tmp/org.apache.hadoop.hive.ql.TestTxnNoBuckets-1713945183193/warehouse/nonacidnonbucket/.hive-staging_hive_2024-04-24_00-54-07_738_489902719953617500-1/_task_tmp.-ext-10002/_tmp.000000_0 with stripeSize: 67108864 options: Compress: ZLIB buffer: 262144
2024-04-24T00:54:08,316  INFO [LocalJobRunner Map Task Executor #0] exec.MapOperator: MAP[0]: records read - 1
2024-04-24T00:54:08,317  INFO [LocalJobRunner Map Task Executor #0] exec.MapOperator: Closing Operator: MAP[0]
2024-04-24T00:54:08,317  INFO [LocalJobRunner Map Task Executor #0] exec.MapOperator: MAP[0]: Total records read - 3. abort - false
2024-04-24T00:54:08,317  INFO [LocalJobRunner Map Task Executor #0] exec.MapOperator: RECORDS_OUT_INTERMEDIATE:0, DESERIALIZE_ERRORS:0, RECORDS_OUT_OPERATOR_MAP_0:0, RECORDS_IN:3, 
2024-04-24T00:54:08,317  INFO [LocalJobRunner Map Task Executor #0] exec.TableScanOperator: Closing Operator: TS[0]
2024-04-24T00:54:08,317  INFO [LocalJobRunner Map Task Executor #0] exec.TableScanOperator: RECORDS_OUT_INTERMEDIATE:0, RECORDS_OUT_OPERATOR_TS_0:1, 
2024-04-24T00:54:08,317  INFO [LocalJobRunner Map Task Executor #0] exec.SelectOperator: Closing Operator: SEL[1]
2024-04-24T00:54:08,317  INFO [LocalJobRunner Map Task Executor #0] exec.SelectOperator: RECORDS_OUT_INTERMEDIATE:0, RECORDS_OUT_OPERATOR_SEL_1:1, 
2024-04-24T00:54:08,317  INFO [LocalJobRunner Map Task Executor #0] exec.UDTFOperator: Closing Operator: UDTF[2]
2024-04-24T00:54:08,317  INFO [LocalJobRunner Map Task Executor #0] exec.UDTFOperator: RECORDS_OUT_INTERMEDIATE:0, RECORDS_OUT_OPERATOR_UDTF_2:2, 
2024-04-24T00:54:08,317  INFO [LocalJobRunner Map Task Executor #0] exec.SelectOperator: Closing Operator: SEL[3]
2024-04-24T00:54:08,317  INFO [LocalJobRunner Map Task Executor #0] exec.SelectOperator: RECORDS_OUT_OPERATOR_SEL_3:2, RECORDS_OUT_INTERMEDIATE:0, 
2024-04-24T00:54:08,317  INFO [LocalJobRunner Map Task Executor #0] exec.FileSinkOperator: Closing Operator: FS[4]
2024-04-24T00:54:08,317  INFO [LocalJobRunner Map Task Executor #0] exec.FileSinkOperator: FS[4]: records written - 2
2024-04-24T00:54:08,324  INFO [LocalJobRunner Map Task Executor #0] exec.FileSinkOperator: TOTAL_TABLE_ROWS_WRITTEN:2, RECORDS_OUT_1_default.nonacidnonbucket:2, RECORDS_OUT_INTERMEDIATE:0, RECORDS_OUT_OPERATOR_FS_4:2, 
2024-04-24T00:54:08,325  INFO [LocalJobRunner Map Task Executor #0] mapred.LocalJobRunner: 
2024-04-24T00:54:08,327  INFO [LocalJobRunner Map Task Executor #0] mapred.Task: Task:attempt_local398553905_0022_m_000000_0 is done. And is in the process of committing
2024-04-24T00:54:08,327  INFO [LocalJobRunner Map Task Executor #0] mapred.LocalJobRunner: map
2024-04-24T00:54:08,327  INFO [LocalJobRunner Map Task Executor #0] mapred.Task: Task 'attempt_local398553905_0022_m_000000_0' done.
2024-04-24T00:54:08,327  INFO [LocalJobRunner Map Task Executor #0] mapred.Task: Final Counters for attempt_local398553905_0022_m_000000_0: Counters: 27
	File System Counters
		FILE: Number of bytes read=487376
		FILE: Number of bytes written=26441101
		FILE: Number of read operations=0
		FILE: Number of large read operations=0
		FILE: Number of write operations=0
	Map-Reduce Framework
		Map input records=4
		Map output records=0
		Input split bytes=360
		Spilled Records=0
		Failed Shuffles=0
		Merged Map outputs=0
		GC time elapsed (ms)=0
		Total committed heap usage (bytes)=1120403456
	HIVE
		CREATED_FILES=1
		DESERIALIZE_ERRORS=0
		RECORDS_IN=3
		RECORDS_OUT_1_default.nonacidnonbucket=2
		RECORDS_OUT_INTERMEDIATE=0
		RECORDS_OUT_OPERATOR_FS_4=2
		RECORDS_OUT_OPERATOR_MAP_0=0
		RECORDS_OUT_OPERATOR_SEL_1=1
		RECORDS_OUT_OPERATOR_SEL_3=2
		RECORDS_OUT_OPERATOR_TS_0=1
		RECORDS_OUT_OPERATOR_UDTF_2=2
		TOTAL_TABLE_ROWS_WRITTEN=2
	File Input Format Counters 
		Bytes Read=6190
	File Output Format Counters 
		Bytes Written=0
2024-04-24T00:54:08,327  INFO [LocalJobRunner Map Task Executor #0] mapred.LocalJobRunner: Finishing task: attempt_local398553905_0022_m_000000_0
2024-04-24T00:54:08,327  INFO [Thread-1437] mapred.LocalJobRunner: map task executor complete.
2024-04-24T00:54:09,190  INFO [Metastore Scheduled Worker 0] metastore.HMSHandler: 10: Opening raw store with implementation class:org.apache.hadoop.hive.metastore.ObjectStore
2024-04-24T00:54:09,190  INFO [Metastore Scheduled Worker 0] metastore.ObjectStore: RawStore: org.apache.hadoop.hive.metastore.ObjectStore@3d8fd5c9, with PersistenceManager: null will be shutdown
2024-04-24T00:54:09,190  INFO [Metastore Scheduled Worker 0] metastore.ObjectStore: RawStore: org.apache.hadoop.hive.metastore.ObjectStore@3d8fd5c9, with PersistenceManager: org.datanucleus.api.jdo.JDOPersistenceManager@ee6cb09 created in the thread with id: 44
2024-04-24T00:54:09,216  INFO [Metastore Scheduled Worker 0] metastore.HMSHandler: Created RawStore: org.apache.hadoop.hive.metastore.ObjectStore@3d8fd5c9 from thread id: 44
2024-04-24 00:54:09,295 Stage-1 map = 100%,  reduce = 0%
2024-04-24T00:54:09,295  INFO [main] exec.Task: 2024-04-24 00:54:09,295 Stage-1 map = 100%,  reduce = 0%
Ended Job = job_local398553905_0022
2024-04-24T00:54:09,296  INFO [main] exec.Task: Ended Job = job_local398553905_0022
2024-04-24T00:54:09,297  INFO [main] ql.Driver: Starting task [Stage-7:CONDITIONAL] in serial mode
Stage-4 is selected by condition resolver.
2024-04-24T00:54:09,298  INFO [main] exec.Task: Stage-4 is selected by condition resolver.
Stage-3 is filtered out by condition resolver.
2024-04-24T00:54:09,298  INFO [main] exec.Task: Stage-3 is filtered out by condition resolver.
Stage-5 is filtered out by condition resolver.
2024-04-24T00:54:09,298  INFO [main] exec.Task: Stage-5 is filtered out by condition resolver.
2024-04-24T00:54:09,298  INFO [main] ql.Driver: Starting task [Stage-4:MOVE] in serial mode
Moving data to directory file:/home/alex/Repositories/hive/ql/target/tmp/org.apache.hadoop.hive.ql.TestTxnNoBuckets-1713945183193/warehouse/nonacidnonbucket/.hive-staging_hive_2024-04-24_00-54-07_738_489902719953617500-1/-ext-10000
2024-04-24T00:54:09,298  INFO [main] exec.Task: Moving data to directory file:/home/alex/Repositories/hive/ql/target/tmp/org.apache.hadoop.hive.ql.TestTxnNoBuckets-1713945183193/warehouse/nonacidnonbucket/.hive-staging_hive_2024-04-24_00-54-07_738_489902719953617500-1/-ext-10000 from file:/home/alex/Repositories/hive/ql/target/tmp/org.apache.hadoop.hive.ql.TestTxnNoBuckets-1713945183193/warehouse/nonacidnonbucket/.hive-staging_hive_2024-04-24_00-54-07_738_489902719953617500-1/-ext-10002
2024-04-24T00:54:09,298  INFO [main] ql.Driver: Starting task [Stage-0:MOVE] in serial mode
Loading data to table default.nonacidnonbucket
2024-04-24T00:54:09,299  INFO [main] exec.Task: Loading data to table default.nonacidnonbucket from file:/home/alex/Repositories/hive/ql/target/tmp/org.apache.hadoop.hive.ql.TestTxnNoBuckets-1713945183193/warehouse/nonacidnonbucket/.hive-staging_hive_2024-04-24_00-54-07_738_489902719953617500-1/-ext-10000
2024-04-24T00:54:09,299  INFO [main] HiveMetaStore.audit: ugi=alex	ip=unknown-ip-addr	cmd=get_table : tbl=hive.default.nonacidnonbucket	
2024-04-24T00:54:09,312  INFO [main] metastore.HMSHandler: Skipping translation for processor with null
2024-04-24T00:54:09,313  INFO [main] HiveMetaStore.audit: ugi=alex	ip=unknown-ip-addr	cmd=get_table : tbl=hive.default.nonacidnonbucket	
2024-04-24T00:54:09,323  INFO [main] metastore.HMSHandler: Skipping translation for processor with null
2024-04-24T00:54:09,324  WARN [main] metadata.Hive: Cannot get a table snapshot for nonacidnonbucket
2024-04-24T00:54:09,325  INFO [main] HiveMetaStore.audit: ugi=alex	ip=unknown-ip-addr	cmd=alter_table: hive.default.nonacidnonbucket newtbl=nonacidnonbucket	
2024-04-24T00:54:09,362  INFO [main] ql.Driver: Starting task [Stage-2:STATS] in serial mode
2024-04-24T00:54:09,362  INFO [main] HiveMetaStore.audit: ugi=alex	ip=unknown-ip-addr	cmd=get_table : tbl=hive.default.nonacidnonbucket	
2024-04-24T00:54:09,372  INFO [main] metastore.HMSHandler: Skipping translation for processor with null
2024-04-24T00:54:09,372  INFO [main] stats.BasicStatsTask: Executing stats task
2024-04-24T00:54:09,372  INFO [main] fs.FSStatsPublisher: created : file:/home/alex/Repositories/hive/ql/target/tmp/localscratchdir/5cf0a0f8-53f1-4859-9489-cf76cd9d84a2/hive_2024-04-24_00-54-07_738_489902719953617500-1/-mr-10001
2024-04-24T00:54:09,373  INFO [main] HiveMetaStore.audit: ugi=alex	ip=unknown-ip-addr	cmd=get_table : tbl=hive.default.nonacidnonbucket	
2024-04-24T00:54:09,383  INFO [main] metastore.HMSHandler: Skipping translation for processor with null
2024-04-24T00:54:09,384  INFO [main] FileOperations: Read stats for default.nonacidnonbucket/, numRows, true, 2, false: 
2024-04-24T00:54:09,384  INFO [main] FileOperations: Read stats for default.nonacidnonbucket/, rawDataSize, true, 16, false: 
2024-04-24T00:54:09,384  WARN [main] metadata.Hive: Cannot get a table snapshot for nonacidnonbucket
2024-04-24T00:54:09,384  INFO [main] HiveMetaStore.audit: ugi=alex	ip=unknown-ip-addr	cmd=alter_table: hive.default.nonacidnonbucket newtbl=nonacidnonbucket	
2024-04-24T00:54:09,412  INFO [main] stats.BasicStatsTask: Table default.nonacidnonbucket stats: [numFiles=1, numRows=2, totalSize=254, rawDataSize=16, numFilesErasureCoded=0]
2024-04-24T00:54:09,413  INFO [main] metadata.Hive: Dumping metastore api call timing information for : execution phase
2024-04-24T00:54:09,413  INFO [main] metadata.Hive: Total time spent in each metastore function (ms): {isCompatibleWith_(Configuration)=0, getTable_(GetTableRequest)=43, alter_table_(String, String, String, Table, EnvironmentContext, String)=64}
MapReduce Jobs Launched: 
2024-04-24T00:54:09,413  INFO [main] ql.Driver: MapReduce Jobs Launched: 
Stage-Stage-1:  HDFS Read: 0 HDFS Write: 0 SUCCESS
2024-04-24T00:54:09,413  INFO [main] ql.Driver: Stage-Stage-1:  HDFS Read: 0 HDFS Write: 0 SUCCESS
Total MapReduce CPU Time Spent: 0 msec
2024-04-24T00:54:09,413  INFO [main] ql.Driver: Total MapReduce CPU Time Spent: 0 msec
2024-04-24T00:54:09,413  INFO [main] ql.Driver: Completed executing command(queryId=alex_20240424005407_332f8649-ca2c-48b4-83f7-a67169326836); Time taken: 1.424 seconds
2024-04-24T00:54:09,413  INFO [main] lockmgr.DbTxnManager: Stopped heartbeat for query: alex_20240424005407_332f8649-ca2c-48b4-83f7-a67169326836
2024-04-24T00:54:09,419  INFO [main] txn.TxnHandler: Expected to move at least one record from txn_components to completed_txn_components when committing txn! txnid:13
2024-04-24T00:54:09,426  INFO [main] txn.TxnHandler: Removed transactions: ([13]) from MIN_HISTORY_LEVEL
2024-04-24T00:54:09,427  WARN [main] txn.CompactionTxnHandler: No compaction queue record found for Compaction type transaction commit. txnId:13
2024-04-24T00:54:09,427  INFO [main] ql.TxnCommandsBaseForTests: Running the query: insert into nonAcidNonBucket(a,b) values(0,12),(0,13),(1,4),(1,5)
2024-04-24T00:54:09,428  INFO [main] ql.Context: Deleting scratch dir: file:/home/alex/Repositories/hive/ql/target/tmp/org.apache.hadoop.hive.ql.TestTxnNoBuckets-1713945183193/warehouse/nonacidnonbucket/.hive-staging_hive_2024-04-24_00-54-07_738_489902719953617500-1
2024-04-24T00:54:09,428  INFO [main] cleanup.SyncCleanupService: Deleted directory: file:/home/alex/Repositories/hive/ql/target/tmp/org.apache.hadoop.hive.ql.TestTxnNoBuckets-1713945183193/warehouse/nonacidnonbucket/.hive-staging_hive_2024-04-24_00-54-07_738_489902719953617500-1 on fs with scheme file
2024-04-24T00:54:09,428  INFO [main] ql.Context: Deleting scratch dir: file:/home/alex/Repositories/hive/ql/target/tmp/localscratchdir/5cf0a0f8-53f1-4859-9489-cf76cd9d84a2/hive_2024-04-24_00-54-07_738_489902719953617500-1
2024-04-24T00:54:09,429  INFO [main] cleanup.SyncCleanupService: Deleted directory: file:/home/alex/Repositories/hive/ql/target/tmp/localscratchdir/5cf0a0f8-53f1-4859-9489-cf76cd9d84a2/hive_2024-04-24_00-54-07_738_489902719953617500-1 on fs with scheme file
2024-04-24T00:54:09,429  INFO [main] ql.Driver: Compiling command(queryId=alex_20240424005409_dcd39279-86b2-416d-a1c8-b9f36a90e1ed): insert into nonAcidNonBucket(a,b) values(0,12),(0,13),(1,4),(1,5)
2024-04-24T00:54:09,437  INFO [main] txn.TxnHandler: Added entries to MIN_HISTORY_LEVEL for current txns: ([14]) with min_open_txn: 14
2024-04-24T00:54:09,437  INFO [main] lockmgr.DbTxnManager: Opened txnid:14
2024-04-24T00:54:09,438  INFO [main] parse.CalcitePlanner: Starting caching scope for: 
2024-04-24T00:54:09,438  INFO [main] parse.CalcitePlanner: Starting Semantic Analysis
2024-04-24T00:54:09,441  INFO [main] HiveMetaStore.audit: ugi=alex	ip=unknown-ip-addr	cmd=get_table : tbl=hive.default.nonAcidNonBucket	
2024-04-24T00:54:09,451  INFO [main] metastore.HMSHandler: Skipping translation for processor with null
2024-04-24T00:54:09,452  INFO [main] parse.CalcitePlanner: Completed phase 1 of Semantic Analysis
2024-04-24T00:54:09,452  INFO [main] parse.CalcitePlanner: Get metadata for source tables
2024-04-24T00:54:09,452  INFO [main] parse.CalcitePlanner: Get metadata for subqueries
2024-04-24T00:54:09,452  INFO [main] parse.CalcitePlanner: Get metadata for destination tables
2024-04-24T00:54:09,452  INFO [main] HiveMetaStore.audit: ugi=alex	ip=unknown-ip-addr	cmd=get_table : tbl=hive.default.nonAcidNonBucket	
2024-04-24T00:54:09,462  INFO [main] metastore.HMSHandler: Skipping translation for processor with null
2024-04-24T00:54:09,462  INFO [main] parse.CalcitePlanner: Completed getting MetaData in Semantic Analysis
2024-04-24T00:54:09,462  INFO [main] parse.CalcitePlanner: Disabling LLAP IO encode as ETL query is detected
2024-04-24T00:54:09,486  INFO [main] HiveMetaStore.audit: ugi=alex	ip=unknown-ip-addr	cmd=get_all_table_constraints : tbl=hive._dummy_database._dummy_table	
2024-04-24T00:54:09,545  INFO [main] parse.CalcitePlanner: Get metadata for source tables
2024-04-24T00:54:09,545  INFO [main] parse.CalcitePlanner: Get metadata for subqueries
2024-04-24T00:54:09,545  INFO [main] parse.CalcitePlanner: Get metadata for source tables
2024-04-24T00:54:09,546  INFO [main] HiveMetaStore.audit: ugi=alex	ip=unknown-ip-addr	cmd=get_table : tbl=hive._dummy_database._dummy_table	
2024-04-24T00:54:09,548  INFO [main] parse.CalcitePlanner: Get metadata for subqueries
2024-04-24T00:54:09,548  INFO [main] parse.CalcitePlanner: Get metadata for destination tables
2024-04-24T00:54:09,548  INFO [main] parse.CalcitePlanner: Get metadata for destination tables
2024-04-24T00:54:09,549  INFO [main] HiveMetaStore.audit: ugi=alex	ip=unknown-ip-addr	cmd=get_table : tbl=hive.default.nonAcidNonBucket	
2024-04-24T00:54:09,564  INFO [main] metastore.HMSHandler: Skipping translation for processor with null
2024-04-24T00:54:09,566  INFO [main] common.FileUtils: Creating directory if it doesn't exist: file:/home/alex/Repositories/hive/ql/target/tmp/org.apache.hadoop.hive.ql.TestTxnNoBuckets-1713945183193/warehouse/nonacidnonbucket/.hive-staging_hive_2024-04-24_00-54-09_429_8549592145351822012-1
2024-04-24T00:54:09,569  INFO [main] HiveMetaStore.audit: ugi=alex	ip=unknown-ip-addr	cmd=get_not_null_constraints : tbl=hive.default.nonacidnonbucket	
2024-04-24T00:54:09,570  INFO [main] HiveMetaStore.audit: ugi=alex	ip=unknown-ip-addr	cmd=get_check_constraints : tbl=hive.default.nonacidnonbucket	
2024-04-24T00:54:09,572  INFO [main] parse.CalcitePlanner: CBO Succeeded; optimized logical plan.
2024-04-24T00:54:09,575  INFO [main] optimizer.BucketVersionPopulator: not considering bucketingVersion for: TS[0] because it has -1<2 buckets 
2024-04-24T00:54:09,576  INFO [main] optimizer.SortedDynPartitionOptimizer: Sorted dynamic partitioning optimization kicked in..
2024-04-24T00:54:09,585  INFO [main] HiveMetaStore.audit: ugi=alex	ip=unknown-ip-addr	cmd=get_table : tbl=hive.default.nonacidnonbucket	
2024-04-24T00:54:09,596  INFO [main] metastore.HMSHandler: Skipping translation for processor with null
2024-04-24T00:54:09,597  INFO [main] optimizer.GenMRFileSink1: using CombineHiveInputformat for the merge job
2024-04-24T00:54:09,598  INFO [main] HiveMetaStore.audit: ugi=alex	ip=unknown-ip-addr	cmd=get_table : tbl=hive.default.nonacidnonbucket	
2024-04-24T00:54:09,609  INFO [main] metastore.HMSHandler: Skipping translation for processor with null
2024-04-24T00:54:09,611  INFO [main] physical.Vectorizer: Examining input format to see if vectorization is enabled.
2024-04-24T00:54:09,611  INFO [main] physical.Vectorizer: Map vectorization enabled: false
2024-04-24T00:54:09,611  INFO [main] physical.Vectorizer: Map vectorized: false
2024-04-24T00:54:09,611  INFO [main] physical.Vectorizer: Map vectorizedVertexNum: 0
2024-04-24T00:54:09,611  INFO [main] physical.Vectorizer: Map enabledConditionsMet: [hive.vectorized.use.vectorized.input.format IS true]
2024-04-24T00:54:09,611  INFO [main] physical.Vectorizer: Map enabledConditionsNotMet: [Could not enable vectorization due to partition column names size 1 is greater than the number of table column names size 0 IS false]
2024-04-24T00:54:09,611  INFO [main] physical.Vectorizer: Map inputFileFormatClassNameSet: [org.apache.hadoop.hive.ql.io.NullRowsInputFormat]
2024-04-24T00:54:09,612  INFO [main] parse.CalcitePlanner: Completed plan generation
2024-04-24T00:54:09,612  INFO [main] parse.CalcitePlanner: Ending caching scope for: 
2024-04-24T00:54:09,612  INFO [main] ql.Driver: Semantic Analysis Completed (retrial = false)
2024-04-24T00:54:09,612  INFO [main] ql.Driver: Created Hive schema: Schema(fieldSchemas:[FieldSchema(name:_col0, type:int, comment:null), FieldSchema(name:_col1, type:int, comment:null)], properties:null)
2024-04-24T00:54:09,612  INFO [main] metadata.Hive: Dumping metastore api call timing information for : compilation phase
2024-04-24T00:54:09,612  INFO [main] metadata.Hive: Total time spent in each metastore function (ms): {isCompatibleWith_(Configuration)=2, getValidTxns_(long)=0, getValidWriteIds_(List, String)=5, commitTxn_(CommitTxnRequest)=13, getAllTableConstraints_(AllTableConstraintsRequest)=6, getNotNullConstraints_(NotNullConstraintsRequest)=1, flushCache_()=0, openTxn_(String, TxnType)=7, getCheckConstraints_(CheckConstraintsRequest)=1, getTable_(GetTableRequest)=59}
2024-04-24T00:54:09,612  INFO [main] ql.Driver: Completed compiling command(queryId=alex_20240424005409_dcd39279-86b2-416d-a1c8-b9f36a90e1ed); Time taken: 0.183 seconds
2024-04-24T00:54:09,612  INFO [main] lockmgr.DbTxnManager: Setting lock request transaction to txnid:14 for queryId=alex_20240424005409_dcd39279-86b2-416d-a1c8-b9f36a90e1ed
2024-04-24T00:54:09,613  INFO [main] lockmgr.DbLockManager: Requesting lock for queryId=alex_20240424005409_dcd39279-86b2-416d-a1c8-b9f36a90e1ed
2024-04-24T00:54:09,630  INFO [main] lockmgr.DbLockManager: Response to queryId=alex_20240424005409_dcd39279-86b2-416d-a1c8-b9f36a90e1ed LockResponse(lockid:8, state:ACQUIRED)
2024-04-24T00:54:09,631  INFO [main] ql.Driver: Operation QUERY obtained 1 locks
2024-04-24T00:54:09,631  INFO [main] ql.Driver: Executing command(queryId=alex_20240424005409_dcd39279-86b2-416d-a1c8-b9f36a90e1ed): insert into nonAcidNonBucket(a,b) values(0,12),(0,13),(1,4),(1,5)
2024-04-24T00:54:09,632  WARN [main] ql.Driver: Hive-on-MR is deprecated in Hive 2 and may not be available in the future versions. Consider using a different execution engine (i.e. spark, tez) or using Hive 1.X releases.
Query ID = alex_20240424005409_dcd39279-86b2-416d-a1c8-b9f36a90e1ed
2024-04-24T00:54:09,632  INFO [main] ql.Driver: Query ID = alex_20240424005409_dcd39279-86b2-416d-a1c8-b9f36a90e1ed
Total jobs = 1
2024-04-24T00:54:09,632  INFO [main] ql.Driver: Total jobs = 1
Launching Job 1 out of 1
2024-04-24T00:54:09,632  INFO [main] ql.Driver: Launching Job 1 out of 1
2024-04-24T00:54:09,784  INFO [main] ql.Driver: Starting task [Stage-1:MAPRED] in serial mode
Number of reduce tasks is set to 0 since there's no reduce operator
2024-04-24T00:54:09,784  INFO [main] exec.Task: Number of reduce tasks is set to 0 since there's no reduce operator
2024-04-24T00:54:09,786  INFO [main] mr.ExecDriver: Using org.apache.hadoop.hive.ql.io.HiveInputFormat
2024-04-24T00:54:09,786  INFO [main] exec.Utilities: Processing alias $hdt$_0:_dummy_table
2024-04-24T00:54:09,786  INFO [main] exec.Utilities: Adding 1 inputs; the first input is file:/home/alex/Repositories/hive/ql/target/tmp/localscratchdir/5cf0a0f8-53f1-4859-9489-cf76cd9d84a2/hive_2024-04-24_00-54-09_429_8549592145351822012-1/dummy_path
2024-04-24T00:54:09,796  INFO [main] exec.SerializationUtilities: Serializing MapWork using kryo
2024-04-24T00:54:09,796  INFO [main] exec.Utilities: Serialized plan (via FILE) - name: null size: 6,20KB
2024-04-24T00:54:09,797  WARN [main] impl.MetricsSystemImpl: JobTracker metrics system already initialized!
2024-04-24T00:54:09,801  INFO [main] fs.FSStatsPublisher: created : file:/home/alex/Repositories/hive/ql/target/tmp/localscratchdir/5cf0a0f8-53f1-4859-9489-cf76cd9d84a2/hive_2024-04-24_00-54-09_429_8549592145351822012-1/-mr-10001
2024-04-24T00:54:09,805  WARN [main] impl.MetricsSystemImpl: JobTracker metrics system already initialized!
2024-04-24T00:54:09,813  WARN [main] mapreduce.JobResourceUploader: Hadoop command-line option parsing not performed. Implement the Tool interface and execute your application with ToolRunner to remedy this.
2024-04-24T00:54:09,817  WARN [main] mapreduce.JobResourceUploader: No job jar file set.  User classes may not be found. See Job or Job#setJar(String).
2024-04-24T00:54:09,818  INFO [main] io.HiveInputFormat: hive.io.file.readcolumn.ids = 
2024-04-24T00:54:09,818  INFO [main] io.HiveInputFormat: hive.io.file.readcolumn.names = 
2024-04-24T00:54:09,818  INFO [main] io.HiveInputFormat: Generating splits for dirs: file:/home/alex/Repositories/hive/ql/target/tmp/localscratchdir/5cf0a0f8-53f1-4859-9489-cf76cd9d84a2/hive_2024-04-24_00-54-09_429_8549592145351822012-1/dummy_path
2024-04-24T00:54:09,818  INFO [main] io.HiveInputFormat: number of splits 1
2024-04-24T00:54:09,835  INFO [main] mapreduce.JobSubmitter: number of splits:1
2024-04-24T00:54:09,853  INFO [main] mapreduce.JobSubmitter: Submitting tokens for job: job_local171164703_0023
2024-04-24T00:54:09,853  INFO [main] mapreduce.JobSubmitter: Executing with tokens: []
2024-04-24T00:54:09,913  INFO [main] mapreduce.Job: The url to track the job: http://localhost:8080/
Job running in-process (local Hadoop)
2024-04-24T00:54:09,913  INFO [main] exec.Task: Job running in-process (local Hadoop)
2024-04-24T00:54:09,914  INFO [Thread-1479] mapred.LocalJobRunner: OutputCommitter set in config org.apache.hadoop.hive.ql.io.HiveFileFormatUtils$NullOutputCommitter
2024-04-24T00:54:09,914  INFO [Thread-1479] mapred.LocalJobRunner: OutputCommitter is org.apache.hadoop.hive.ql.io.HiveFileFormatUtils$NullOutputCommitter
2024-04-24T00:54:09,915  INFO [Thread-1479] mapred.LocalJobRunner: Waiting for map tasks
2024-04-24T00:54:09,916  INFO [LocalJobRunner Map Task Executor #0] mapred.LocalJobRunner: Starting task: attempt_local171164703_0023_m_000000_0
2024-04-24T00:54:09,916  INFO [LocalJobRunner Map Task Executor #0] mapred.Task:  Using ResourceCalculatorProcessTree : [ ]
2024-04-24T00:54:09,917  INFO [LocalJobRunner Map Task Executor #0] mapred.MapTask: Processing split: org.apache.hadoop.hive.ql.io.NullRowsInputFormat:file:/home/alex/Repositories/hive/ql/target/tmp/localscratchdir/5cf0a0f8-53f1-4859-9489-cf76cd9d84a2/hive_2024-04-24_00-54-09_429_8549592145351822012-1/dummy_path/null:0+1
2024-04-24T00:54:09,917  INFO [LocalJobRunner Map Task Executor #0] exec.SerializationUtilities: Deserializing MapWork using kryo
2024-04-24T00:54:09,918  INFO [LocalJobRunner Map Task Executor #0] exec.Utilities: Deserialized plan (via FILE) - name: null size: 6,20KB
2024-04-24T00:54:09,918  INFO [LocalJobRunner Map Task Executor #0] mapred.MapTask: numReduceTasks: 0
2024-04-24T00:54:09,918  INFO [LocalJobRunner Map Task Executor #0] exec.MapOperator: Initializing Operator: MAP[0]
2024-04-24T00:54:09,919  INFO [LocalJobRunner Map Task Executor #0] mr.ExecMapper: 
<MAP>Id =0
  <Children>null
  <\Children>
  <Parent><\Parent>
<\MAP>
2024-04-24T00:54:09,920  INFO [LocalJobRunner Map Task Executor #0] exec.TableScanOperator: Initializing Operator: TS[0]
2024-04-24T00:54:09,920  INFO [LocalJobRunner Map Task Executor #0] exec.SelectOperator: Initializing Operator: SEL[1]
2024-04-24T00:54:09,920  INFO [LocalJobRunner Map Task Executor #0] exec.SelectOperator: SELECT null
2024-04-24T00:54:09,920  INFO [LocalJobRunner Map Task Executor #0] exec.UDTFOperator: Initializing Operator: UDTF[2]
2024-04-24T00:54:09,920  INFO [LocalJobRunner Map Task Executor #0] exec.SelectOperator: Initializing Operator: SEL[3]
2024-04-24T00:54:09,920  INFO [LocalJobRunner Map Task Executor #0] exec.SelectOperator: SELECT struct<col1:int,col2:int>
2024-04-24T00:54:09,920  INFO [LocalJobRunner Map Task Executor #0] exec.FileSinkOperator: Initializing Operator: FS[4]
2024-04-24T00:54:09,921  INFO [LocalJobRunner Map Task Executor #0] exec.FileSinkOperator: Using serializer : AbstractSerDe [log=org.apache.logging.slf4j.Log4jLogger@22a08b61, configuration=Optional[Configuration: core-default.xml, core-site.xml, mapred-default.xml, mapred-site.xml, yarn-default.xml, yarn-site.xml, hdfs-default.xml, hdfs-site.xml, file:/home/alex/Repositories/hive/ql/target/tmp/TestTxnNoBucketsVectorized/mapred/local/localRunner/alex/job_local171164703_0023/job_local171164703_0023.xml], properties={name=default.nonacidnonbucket, columns.types=int:int, serialization.format=1, columns=a,b, numFilesErasureCoded=0, columns.comments=&amp#0;, bucketing_version=2, serialization.lib=org.apache.hadoop.hive.ql.io.orc.OrcSerde, file.inputformat=org.apache.hadoop.hive.ql.io.orc.OrcInputFormat, file.outputformat=org.apache.hadoop.hive.ql.io.orc.OrcOutputFormat, location=file:/home/alex/Repositories/hive/ql/target/tmp/org.apache.hadoop.hive.ql.TestTxnNoBuckets-1713945183193/warehouse/nonacidnonbucket, column.name.delimiter=,}, tableProperties={name=default.nonacidnonbucket, columns.types=int:int, serialization.format=1, columns=a,b, numFilesErasureCoded=0, columns.comments=&amp#0;, bucketing_version=2, serialization.lib=org.apache.hadoop.hive.ql.io.orc.OrcSerde, file.inputformat=org.apache.hadoop.hive.ql.io.orc.OrcInputFormat, location=file:/home/alex/Repositories/hive/ql/target/tmp/org.apache.hadoop.hive.ql.TestTxnNoBuckets-1713945183193/warehouse/nonacidnonbucket, file.outputformat=org.apache.hadoop.hive.ql.io.orc.OrcOutputFormat, column.name.delimiter=,}, partitionProperties=Optional.empty, columnNames=[a, b], columnTypes=[int, int], getClass()=class org.apache.hadoop.hive.ql.io.orc.OrcSerde] and formatter : org.apache.hadoop.hive.ql.io.orc.OrcOutputFormat@49b45a2e
2024-04-24T00:54:09,921  INFO [LocalJobRunner Map Task Executor #0] exec.FileSinkOperator: Final Path: FS file:/home/alex/Repositories/hive/ql/target/tmp/org.apache.hadoop.hive.ql.TestTxnNoBuckets-1713945183193/warehouse/nonacidnonbucket/.hive-staging_hive_2024-04-24_00-54-09_429_8549592145351822012-1/_tmp.-ext-10002/000000_0
2024-04-24T00:54:09,921  INFO [LocalJobRunner Map Task Executor #0] exec.FileSinkOperator: Writing to temp file: FS file:/home/alex/Repositories/hive/ql/target/tmp/org.apache.hadoop.hive.ql.TestTxnNoBuckets-1713945183193/warehouse/nonacidnonbucket/.hive-staging_hive_2024-04-24_00-54-09_429_8549592145351822012-1/_task_tmp.-ext-10002/_tmp.000000_0
2024-04-24T00:54:09,921  INFO [LocalJobRunner Map Task Executor #0] exec.FileSinkOperator: New Final Path: FS file:/home/alex/Repositories/hive/ql/target/tmp/org.apache.hadoop.hive.ql.TestTxnNoBuckets-1713945183193/warehouse/nonacidnonbucket/.hive-staging_hive_2024-04-24_00-54-09_429_8549592145351822012-1/_tmp.-ext-10002/000000_0
2024-04-24T00:54:09,921  INFO [LocalJobRunner Map Task Executor #0] exec.FileSinkOperator: FS[4]: records written - 1
2024-04-24T00:54:09,921  INFO [LocalJobRunner Map Task Executor #0] impl.PhysicalFsWriter: ORC writer created for path: file:/home/alex/Repositories/hive/ql/target/tmp/org.apache.hadoop.hive.ql.TestTxnNoBuckets-1713945183193/warehouse/nonacidnonbucket/.hive-staging_hive_2024-04-24_00-54-09_429_8549592145351822012-1/_task_tmp.-ext-10002/_tmp.000000_0 with stripeSize: 67108864 blockSize: 268435456 compression: Compress: ZLIB buffer: 262144
2024-04-24T00:54:09,928  INFO [LocalJobRunner Map Task Executor #0] impl.WriterImpl: ORC writer created for path: file:/home/alex/Repositories/hive/ql/target/tmp/org.apache.hadoop.hive.ql.TestTxnNoBuckets-1713945183193/warehouse/nonacidnonbucket/.hive-staging_hive_2024-04-24_00-54-09_429_8549592145351822012-1/_task_tmp.-ext-10002/_tmp.000000_0 with stripeSize: 67108864 options: Compress: ZLIB buffer: 262144
2024-04-24T00:54:09,928  INFO [LocalJobRunner Map Task Executor #0] exec.MapOperator: MAP[0]: records read - 1
2024-04-24T00:54:09,929  INFO [LocalJobRunner Map Task Executor #0] exec.MapOperator: Closing Operator: MAP[0]
2024-04-24T00:54:09,929  INFO [LocalJobRunner Map Task Executor #0] exec.MapOperator: MAP[0]: Total records read - 3. abort - false
2024-04-24T00:54:09,929  INFO [LocalJobRunner Map Task Executor #0] exec.MapOperator: DESERIALIZE_ERRORS:0, RECORDS_IN:3, RECORDS_OUT_OPERATOR_MAP_0:0, RECORDS_OUT_INTERMEDIATE:0, 
2024-04-24T00:54:09,929  INFO [LocalJobRunner Map Task Executor #0] exec.TableScanOperator: Closing Operator: TS[0]
2024-04-24T00:54:09,929  INFO [LocalJobRunner Map Task Executor #0] exec.TableScanOperator: RECORDS_OUT_INTERMEDIATE:0, RECORDS_OUT_OPERATOR_TS_0:1, 
2024-04-24T00:54:09,929  INFO [LocalJobRunner Map Task Executor #0] exec.SelectOperator: Closing Operator: SEL[1]
2024-04-24T00:54:09,929  INFO [LocalJobRunner Map Task Executor #0] exec.SelectOperator: RECORDS_OUT_INTERMEDIATE:0, RECORDS_OUT_OPERATOR_SEL_1:1, 
2024-04-24T00:54:09,929  INFO [LocalJobRunner Map Task Executor #0] exec.UDTFOperator: Closing Operator: UDTF[2]
2024-04-24T00:54:09,929  INFO [LocalJobRunner Map Task Executor #0] exec.UDTFOperator: RECORDS_OUT_OPERATOR_UDTF_2:4, RECORDS_OUT_INTERMEDIATE:0, 
2024-04-24T00:54:09,929  INFO [LocalJobRunner Map Task Executor #0] exec.SelectOperator: Closing Operator: SEL[3]
2024-04-24T00:54:09,929  INFO [LocalJobRunner Map Task Executor #0] exec.SelectOperator: RECORDS_OUT_INTERMEDIATE:0, RECORDS_OUT_OPERATOR_SEL_3:4, 
2024-04-24T00:54:09,929  INFO [LocalJobRunner Map Task Executor #0] exec.FileSinkOperator: Closing Operator: FS[4]
2024-04-24T00:54:09,929  INFO [LocalJobRunner Map Task Executor #0] exec.FileSinkOperator: FS[4]: records written - 4
2024-04-24T00:54:09,936  INFO [LocalJobRunner Map Task Executor #0] exec.FileSinkOperator: RECORDS_OUT_OPERATOR_FS_4:4, RECORDS_OUT_1_default.nonacidnonbucket:4, RECORDS_OUT_INTERMEDIATE:0, TOTAL_TABLE_ROWS_WRITTEN:4, 
2024-04-24T00:54:09,937  INFO [LocalJobRunner Map Task Executor #0] mapred.LocalJobRunner: 
2024-04-24T00:54:09,937  INFO [LocalJobRunner Map Task Executor #0] mapred.Task: Task:attempt_local171164703_0023_m_000000_0 is done. And is in the process of committing
2024-04-24T00:54:09,937  INFO [LocalJobRunner Map Task Executor #0] mapred.LocalJobRunner: map
2024-04-24T00:54:09,937  INFO [LocalJobRunner Map Task Executor #0] mapred.Task: Task 'attempt_local171164703_0023_m_000000_0' done.
2024-04-24T00:54:09,937  INFO [LocalJobRunner Map Task Executor #0] mapred.Task: Final Counters for attempt_local171164703_0023_m_000000_0: Counters: 27
	File System Counters
		FILE: Number of bytes read=494141
		FILE: Number of bytes written=27636126
		FILE: Number of read operations=0
		FILE: Number of large read operations=0
		FILE: Number of write operations=0
	Map-Reduce Framework
		Map input records=4
		Map output records=0
		Input split bytes=361
		Spilled Records=0
		Failed Shuffles=0
		Merged Map outputs=0
		GC time elapsed (ms)=0
		Total committed heap usage (bytes)=1120403456
	HIVE
		CREATED_FILES=1
		DESERIALIZE_ERRORS=0
		RECORDS_IN=3
		RECORDS_OUT_1_default.nonacidnonbucket=4
		RECORDS_OUT_INTERMEDIATE=0
		RECORDS_OUT_OPERATOR_FS_4=4
		RECORDS_OUT_OPERATOR_MAP_0=0
		RECORDS_OUT_OPERATOR_SEL_1=1
		RECORDS_OUT_OPERATOR_SEL_3=4
		RECORDS_OUT_OPERATOR_TS_0=1
		RECORDS_OUT_OPERATOR_UDTF_2=4
		TOTAL_TABLE_ROWS_WRITTEN=4
	File Input Format Counters 
		Bytes Read=6264
	File Output Format Counters 
		Bytes Written=0
2024-04-24T00:54:09,937  INFO [LocalJobRunner Map Task Executor #0] mapred.LocalJobRunner: Finishing task: attempt_local171164703_0023_m_000000_0
2024-04-24T00:54:09,937  INFO [Thread-1479] mapred.LocalJobRunner: map task executor complete.
2024-04-24 00:54:10,914 Stage-1 map = 100%,  reduce = 0%
2024-04-24T00:54:10,914  INFO [main] exec.Task: 2024-04-24 00:54:10,914 Stage-1 map = 100%,  reduce = 0%
Ended Job = job_local171164703_0023
2024-04-24T00:54:10,915  INFO [main] exec.Task: Ended Job = job_local171164703_0023
2024-04-24T00:54:10,916  INFO [main] ql.Driver: Starting task [Stage-7:CONDITIONAL] in serial mode
Stage-4 is selected by condition resolver.
2024-04-24T00:54:10,917  INFO [main] exec.Task: Stage-4 is selected by condition resolver.
Stage-3 is filtered out by condition resolver.
2024-04-24T00:54:10,917  INFO [main] exec.Task: Stage-3 is filtered out by condition resolver.
Stage-5 is filtered out by condition resolver.
2024-04-24T00:54:10,917  INFO [main] exec.Task: Stage-5 is filtered out by condition resolver.
2024-04-24T00:54:10,917  INFO [main] ql.Driver: Starting task [Stage-4:MOVE] in serial mode
Moving data to directory file:/home/alex/Repositories/hive/ql/target/tmp/org.apache.hadoop.hive.ql.TestTxnNoBuckets-1713945183193/warehouse/nonacidnonbucket/.hive-staging_hive_2024-04-24_00-54-09_429_8549592145351822012-1/-ext-10000
2024-04-24T00:54:10,917  INFO [main] exec.Task: Moving data to directory file:/home/alex/Repositories/hive/ql/target/tmp/org.apache.hadoop.hive.ql.TestTxnNoBuckets-1713945183193/warehouse/nonacidnonbucket/.hive-staging_hive_2024-04-24_00-54-09_429_8549592145351822012-1/-ext-10000 from file:/home/alex/Repositories/hive/ql/target/tmp/org.apache.hadoop.hive.ql.TestTxnNoBuckets-1713945183193/warehouse/nonacidnonbucket/.hive-staging_hive_2024-04-24_00-54-09_429_8549592145351822012-1/-ext-10002
2024-04-24T00:54:10,918  INFO [main] ql.Driver: Starting task [Stage-0:MOVE] in serial mode
Loading data to table default.nonacidnonbucket
2024-04-24T00:54:10,918  INFO [main] exec.Task: Loading data to table default.nonacidnonbucket from file:/home/alex/Repositories/hive/ql/target/tmp/org.apache.hadoop.hive.ql.TestTxnNoBuckets-1713945183193/warehouse/nonacidnonbucket/.hive-staging_hive_2024-04-24_00-54-09_429_8549592145351822012-1/-ext-10000
2024-04-24T00:54:10,918  INFO [main] HiveMetaStore.audit: ugi=alex	ip=unknown-ip-addr	cmd=get_table : tbl=hive.default.nonacidnonbucket	
2024-04-24T00:54:10,929  INFO [main] metastore.HMSHandler: Skipping translation for processor with null
2024-04-24T00:54:10,929  INFO [main] HiveMetaStore.audit: ugi=alex	ip=unknown-ip-addr	cmd=get_table : tbl=hive.default.nonacidnonbucket	
2024-04-24T00:54:10,939  INFO [main] metastore.HMSHandler: Skipping translation for processor with null
2024-04-24T00:54:10,941  WARN [main] metadata.Hive: Cannot get a table snapshot for nonacidnonbucket
2024-04-24T00:54:10,941  INFO [main] HiveMetaStore.audit: ugi=alex	ip=unknown-ip-addr	cmd=alter_table: hive.default.nonacidnonbucket newtbl=nonacidnonbucket	
2024-04-24T00:54:10,969  INFO [main] ql.Driver: Starting task [Stage-2:STATS] in serial mode
2024-04-24T00:54:10,970  INFO [main] HiveMetaStore.audit: ugi=alex	ip=unknown-ip-addr	cmd=get_table : tbl=hive.default.nonacidnonbucket	
2024-04-24T00:54:10,980  INFO [main] metastore.HMSHandler: Skipping translation for processor with null
2024-04-24T00:54:10,980  INFO [main] stats.BasicStatsTask: Executing stats task
2024-04-24T00:54:10,980  INFO [main] fs.FSStatsPublisher: created : file:/home/alex/Repositories/hive/ql/target/tmp/localscratchdir/5cf0a0f8-53f1-4859-9489-cf76cd9d84a2/hive_2024-04-24_00-54-09_429_8549592145351822012-1/-mr-10001
2024-04-24T00:54:10,981  INFO [main] HiveMetaStore.audit: ugi=alex	ip=unknown-ip-addr	cmd=get_table : tbl=hive.default.nonacidnonbucket	
2024-04-24T00:54:10,992  INFO [main] metastore.HMSHandler: Skipping translation for processor with null
2024-04-24T00:54:10,993  INFO [main] FileOperations: Read stats for default.nonacidnonbucket/, numRows, true, 4, false: 
2024-04-24T00:54:10,993  INFO [main] FileOperations: Read stats for default.nonacidnonbucket/, rawDataSize, true, 32, false: 
2024-04-24T00:54:10,993  WARN [main] metadata.Hive: Cannot get a table snapshot for nonacidnonbucket
2024-04-24T00:54:10,994  INFO [main] HiveMetaStore.audit: ugi=alex	ip=unknown-ip-addr	cmd=alter_table: hive.default.nonacidnonbucket newtbl=nonacidnonbucket	
2024-04-24T00:54:11,023  INFO [main] stats.BasicStatsTask: Table default.nonacidnonbucket stats: [numFiles=2, numRows=6, totalSize=511, rawDataSize=48, numFilesErasureCoded=0]
2024-04-24T00:54:11,024  INFO [main] metadata.Hive: Dumping metastore api call timing information for : execution phase
2024-04-24T00:54:11,024  INFO [main] metadata.Hive: Total time spent in each metastore function (ms): {getTable_(GetTableRequest)=43, alter_table_(String, String, String, Table, EnvironmentContext, String)=58, isCompatibleWith_(Configuration)=0}
MapReduce Jobs Launched: 
2024-04-24T00:54:11,024  INFO [main] ql.Driver: MapReduce Jobs Launched: 
Stage-Stage-1:  HDFS Read: 0 HDFS Write: 0 SUCCESS
2024-04-24T00:54:11,024  INFO [main] ql.Driver: Stage-Stage-1:  HDFS Read: 0 HDFS Write: 0 SUCCESS
Total MapReduce CPU Time Spent: 0 msec
2024-04-24T00:54:11,024  INFO [main] ql.Driver: Total MapReduce CPU Time Spent: 0 msec
2024-04-24T00:54:11,024  INFO [main] ql.Driver: Completed executing command(queryId=alex_20240424005409_dcd39279-86b2-416d-a1c8-b9f36a90e1ed); Time taken: 1.393 seconds
2024-04-24T00:54:11,024  INFO [main] lockmgr.DbTxnManager: Stopped heartbeat for query: alex_20240424005409_dcd39279-86b2-416d-a1c8-b9f36a90e1ed
2024-04-24T00:54:11,029  INFO [main] txn.TxnHandler: Expected to move at least one record from txn_components to completed_txn_components when committing txn! txnid:14
2024-04-24T00:54:11,035  INFO [main] txn.TxnHandler: Removed transactions: ([14]) from MIN_HISTORY_LEVEL
2024-04-24T00:54:11,035  WARN [main] txn.CompactionTxnHandler: No compaction queue record found for Compaction type transaction commit. txnId:14
2024-04-24T00:54:11,036  INFO [main] ql.TxnCommandsBaseForTests: Running the query: insert into nonAcidNonBucket(a,b) values(1,6)
2024-04-24T00:54:11,037  INFO [main] ql.Context: Deleting scratch dir: file:/home/alex/Repositories/hive/ql/target/tmp/org.apache.hadoop.hive.ql.TestTxnNoBuckets-1713945183193/warehouse/nonacidnonbucket/.hive-staging_hive_2024-04-24_00-54-09_429_8549592145351822012-1
2024-04-24T00:54:11,037  INFO [main] cleanup.SyncCleanupService: Deleted directory: file:/home/alex/Repositories/hive/ql/target/tmp/org.apache.hadoop.hive.ql.TestTxnNoBuckets-1713945183193/warehouse/nonacidnonbucket/.hive-staging_hive_2024-04-24_00-54-09_429_8549592145351822012-1 on fs with scheme file
2024-04-24T00:54:11,037  INFO [main] ql.Context: Deleting scratch dir: file:/home/alex/Repositories/hive/ql/target/tmp/localscratchdir/5cf0a0f8-53f1-4859-9489-cf76cd9d84a2/hive_2024-04-24_00-54-09_429_8549592145351822012-1
2024-04-24T00:54:11,038  INFO [main] cleanup.SyncCleanupService: Deleted directory: file:/home/alex/Repositories/hive/ql/target/tmp/localscratchdir/5cf0a0f8-53f1-4859-9489-cf76cd9d84a2/hive_2024-04-24_00-54-09_429_8549592145351822012-1 on fs with scheme file
2024-04-24T00:54:11,038  INFO [main] ql.Driver: Compiling command(queryId=alex_20240424005411_eb3fe967-53c1-4b88-bb39-60844d7563e9): insert into nonAcidNonBucket(a,b) values(1,6)
2024-04-24T00:54:11,041  INFO [main] txn.TxnHandler: Added entries to MIN_HISTORY_LEVEL for current txns: ([15]) with min_open_txn: 15
2024-04-24T00:54:11,041  INFO [main] lockmgr.DbTxnManager: Opened txnid:15
2024-04-24T00:54:11,042  INFO [main] parse.CalcitePlanner: Starting caching scope for: 
2024-04-24T00:54:11,042  INFO [main] parse.CalcitePlanner: Starting Semantic Analysis
2024-04-24T00:54:11,046  INFO [main] HiveMetaStore.audit: ugi=alex	ip=unknown-ip-addr	cmd=get_table : tbl=hive.default.nonAcidNonBucket	
2024-04-24T00:54:11,056  INFO [main] metastore.HMSHandler: Skipping translation for processor with null
2024-04-24T00:54:11,057  INFO [main] parse.CalcitePlanner: Completed phase 1 of Semantic Analysis
2024-04-24T00:54:11,057  INFO [main] parse.CalcitePlanner: Get metadata for source tables
2024-04-24T00:54:11,057  INFO [main] parse.CalcitePlanner: Get metadata for subqueries
2024-04-24T00:54:11,057  INFO [main] parse.CalcitePlanner: Get metadata for destination tables
2024-04-24T00:54:11,057  INFO [main] HiveMetaStore.audit: ugi=alex	ip=unknown-ip-addr	cmd=get_table : tbl=hive.default.nonAcidNonBucket	
2024-04-24T00:54:11,067  INFO [main] metastore.HMSHandler: Skipping translation for processor with null
2024-04-24T00:54:11,068  INFO [main] parse.CalcitePlanner: Completed getting MetaData in Semantic Analysis
2024-04-24T00:54:11,068  INFO [main] parse.CalcitePlanner: Disabling LLAP IO encode as ETL query is detected
2024-04-24T00:54:11,090  INFO [main] HiveMetaStore.audit: ugi=alex	ip=unknown-ip-addr	cmd=get_all_table_constraints : tbl=hive._dummy_database._dummy_table	
2024-04-24T00:54:11,157  INFO [main] parse.CalcitePlanner: Get metadata for source tables
2024-04-24T00:54:11,157  INFO [main] parse.CalcitePlanner: Get metadata for subqueries
2024-04-24T00:54:11,157  INFO [main] parse.CalcitePlanner: Get metadata for source tables
2024-04-24T00:54:11,158  INFO [main] HiveMetaStore.audit: ugi=alex	ip=unknown-ip-addr	cmd=get_table : tbl=hive._dummy_database._dummy_table	
2024-04-24T00:54:11,161  INFO [main] parse.CalcitePlanner: Get metadata for subqueries
2024-04-24T00:54:11,161  INFO [main] parse.CalcitePlanner: Get metadata for destination tables
2024-04-24T00:54:11,161  INFO [main] parse.CalcitePlanner: Get metadata for destination tables
2024-04-24T00:54:11,161  INFO [main] HiveMetaStore.audit: ugi=alex	ip=unknown-ip-addr	cmd=get_table : tbl=hive.default.nonAcidNonBucket	
2024-04-24T00:54:11,173  INFO [main] metastore.HMSHandler: Skipping translation for processor with null
2024-04-24T00:54:11,175  INFO [main] common.FileUtils: Creating directory if it doesn't exist: file:/home/alex/Repositories/hive/ql/target/tmp/org.apache.hadoop.hive.ql.TestTxnNoBuckets-1713945183193/warehouse/nonacidnonbucket/.hive-staging_hive_2024-04-24_00-54-11_038_3376530628165205135-1
2024-04-24T00:54:11,177  INFO [main] HiveMetaStore.audit: ugi=alex	ip=unknown-ip-addr	cmd=get_not_null_constraints : tbl=hive.default.nonacidnonbucket	
2024-04-24T00:54:11,179  INFO [main] HiveMetaStore.audit: ugi=alex	ip=unknown-ip-addr	cmd=get_check_constraints : tbl=hive.default.nonacidnonbucket	
2024-04-24T00:54:11,181  INFO [main] parse.CalcitePlanner: CBO Succeeded; optimized logical plan.
2024-04-24T00:54:11,185  INFO [main] optimizer.BucketVersionPopulator: not considering bucketingVersion for: TS[0] because it has -1<2 buckets 
2024-04-24T00:54:11,186  INFO [main] optimizer.SortedDynPartitionOptimizer: Sorted dynamic partitioning optimization kicked in..
2024-04-24T00:54:11,195  INFO [main] HiveMetaStore.audit: ugi=alex	ip=unknown-ip-addr	cmd=get_table : tbl=hive.default.nonacidnonbucket	
2024-04-24T00:54:11,207  INFO [main] metastore.HMSHandler: Skipping translation for processor with null
2024-04-24T00:54:11,208  INFO [main] optimizer.GenMRFileSink1: using CombineHiveInputformat for the merge job
2024-04-24T00:54:11,209  INFO [main] HiveMetaStore.audit: ugi=alex	ip=unknown-ip-addr	cmd=get_table : tbl=hive.default.nonacidnonbucket	
2024-04-24T00:54:11,221  INFO [main] metastore.HMSHandler: Skipping translation for processor with null
2024-04-24T00:54:11,222  INFO [main] physical.Vectorizer: Examining input format to see if vectorization is enabled.
2024-04-24T00:54:11,222  INFO [main] physical.Vectorizer: Map vectorization enabled: false
2024-04-24T00:54:11,223  INFO [main] physical.Vectorizer: Map vectorized: false
2024-04-24T00:54:11,223  INFO [main] physical.Vectorizer: Map vectorizedVertexNum: 0
2024-04-24T00:54:11,223  INFO [main] physical.Vectorizer: Map enabledConditionsMet: [hive.vectorized.use.vectorized.input.format IS true]
2024-04-24T00:54:11,223  INFO [main] physical.Vectorizer: Map enabledConditionsNotMet: [Could not enable vectorization due to partition column names size 1 is greater than the number of table column names size 0 IS false]
2024-04-24T00:54:11,223  INFO [main] physical.Vectorizer: Map inputFileFormatClassNameSet: [org.apache.hadoop.hive.ql.io.NullRowsInputFormat]
2024-04-24T00:54:11,223  INFO [main] parse.CalcitePlanner: Completed plan generation
2024-04-24T00:54:11,223  INFO [main] parse.CalcitePlanner: Ending caching scope for: 
2024-04-24T00:54:11,223  INFO [main] ql.Driver: Semantic Analysis Completed (retrial = false)
2024-04-24T00:54:11,224  INFO [main] ql.Driver: Created Hive schema: Schema(fieldSchemas:[FieldSchema(name:_col0, type:int, comment:null), FieldSchema(name:_col1, type:int, comment:null)], properties:null)
2024-04-24T00:54:11,224  INFO [main] metadata.Hive: Dumping metastore api call timing information for : compilation phase
2024-04-24T00:54:11,224  INFO [main] metadata.Hive: Total time spent in each metastore function (ms): {getValidWriteIds_(List, String)=4, getTable_(GetTableRequest)=60, getCheckConstraints_(CheckConstraintsRequest)=1, isCompatibleWith_(Configuration)=1, commitTxn_(CommitTxnRequest)=12, flushCache_()=0, getNotNullConstraints_(NotNullConstraintsRequest)=2, openTxn_(String, TxnType)=2, getAllTableConstraints_(AllTableConstraintsRequest)=7, getValidTxns_(long)=0}
2024-04-24T00:54:11,224  INFO [main] ql.Driver: Completed compiling command(queryId=alex_20240424005411_eb3fe967-53c1-4b88-bb39-60844d7563e9); Time taken: 0.186 seconds
2024-04-24T00:54:11,224  INFO [main] lockmgr.DbTxnManager: Setting lock request transaction to txnid:15 for queryId=alex_20240424005411_eb3fe967-53c1-4b88-bb39-60844d7563e9
2024-04-24T00:54:11,225  INFO [main] lockmgr.DbLockManager: Requesting lock for queryId=alex_20240424005411_eb3fe967-53c1-4b88-bb39-60844d7563e9
2024-04-24T00:54:11,247  INFO [main] lockmgr.DbLockManager: Response to queryId=alex_20240424005411_eb3fe967-53c1-4b88-bb39-60844d7563e9 LockResponse(lockid:9, state:ACQUIRED)
2024-04-24T00:54:11,247  INFO [main] ql.Driver: Operation QUERY obtained 1 locks
2024-04-24T00:54:11,247  INFO [main] ql.Driver: Executing command(queryId=alex_20240424005411_eb3fe967-53c1-4b88-bb39-60844d7563e9): insert into nonAcidNonBucket(a,b) values(1,6)
2024-04-24T00:54:11,248  WARN [main] ql.Driver: Hive-on-MR is deprecated in Hive 2 and may not be available in the future versions. Consider using a different execution engine (i.e. spark, tez) or using Hive 1.X releases.
Query ID = alex_20240424005411_eb3fe967-53c1-4b88-bb39-60844d7563e9
2024-04-24T00:54:11,248  INFO [main] ql.Driver: Query ID = alex_20240424005411_eb3fe967-53c1-4b88-bb39-60844d7563e9
Total jobs = 1
2024-04-24T00:54:11,248  INFO [main] ql.Driver: Total jobs = 1
Launching Job 1 out of 1
2024-04-24T00:54:11,248  INFO [main] ql.Driver: Launching Job 1 out of 1
2024-04-24T00:54:11,434  INFO [main] ql.Driver: Starting task [Stage-1:MAPRED] in serial mode
Number of reduce tasks is set to 0 since there's no reduce operator
2024-04-24T00:54:11,434  INFO [main] exec.Task: Number of reduce tasks is set to 0 since there's no reduce operator
2024-04-24T00:54:11,436  INFO [main] mr.ExecDriver: Using org.apache.hadoop.hive.ql.io.HiveInputFormat
2024-04-24T00:54:11,436  INFO [main] exec.Utilities: Processing alias $hdt$_0:_dummy_table
2024-04-24T00:54:11,436  INFO [main] exec.Utilities: Adding 1 inputs; the first input is file:/home/alex/Repositories/hive/ql/target/tmp/localscratchdir/5cf0a0f8-53f1-4859-9489-cf76cd9d84a2/hive_2024-04-24_00-54-11_038_3376530628165205135-1/dummy_path
2024-04-24T00:54:11,446  INFO [main] exec.SerializationUtilities: Serializing MapWork using kryo
2024-04-24T00:54:11,446  INFO [main] exec.Utilities: Serialized plan (via FILE) - name: null size: 6,11KB
2024-04-24T00:54:11,447  WARN [main] impl.MetricsSystemImpl: JobTracker metrics system already initialized!
2024-04-24T00:54:11,451  INFO [main] fs.FSStatsPublisher: created : file:/home/alex/Repositories/hive/ql/target/tmp/localscratchdir/5cf0a0f8-53f1-4859-9489-cf76cd9d84a2/hive_2024-04-24_00-54-11_038_3376530628165205135-1/-mr-10001
2024-04-24T00:54:11,455  WARN [main] impl.MetricsSystemImpl: JobTracker metrics system already initialized!
2024-04-24T00:54:11,463  WARN [main] mapreduce.JobResourceUploader: Hadoop command-line option parsing not performed. Implement the Tool interface and execute your application with ToolRunner to remedy this.
2024-04-24T00:54:11,467  WARN [main] mapreduce.JobResourceUploader: No job jar file set.  User classes may not be found. See Job or Job#setJar(String).
2024-04-24T00:54:11,468  INFO [main] io.HiveInputFormat: hive.io.file.readcolumn.ids = 
2024-04-24T00:54:11,468  INFO [main] io.HiveInputFormat: hive.io.file.readcolumn.names = 
2024-04-24T00:54:11,468  INFO [main] io.HiveInputFormat: Generating splits for dirs: file:/home/alex/Repositories/hive/ql/target/tmp/localscratchdir/5cf0a0f8-53f1-4859-9489-cf76cd9d84a2/hive_2024-04-24_00-54-11_038_3376530628165205135-1/dummy_path
2024-04-24T00:54:11,469  INFO [main] io.HiveInputFormat: number of splits 1
2024-04-24T00:54:11,486  INFO [main] mapreduce.JobSubmitter: number of splits:1
2024-04-24T00:54:11,507  INFO [main] mapreduce.JobSubmitter: Submitting tokens for job: job_local126295716_0024
2024-04-24T00:54:11,507  INFO [main] mapreduce.JobSubmitter: Executing with tokens: []
2024-04-24T00:54:11,569  INFO [main] mapreduce.Job: The url to track the job: http://localhost:8080/
Job running in-process (local Hadoop)
2024-04-24T00:54:11,569  INFO [main] exec.Task: Job running in-process (local Hadoop)
2024-04-24T00:54:11,569  INFO [Thread-1521] mapred.LocalJobRunner: OutputCommitter set in config org.apache.hadoop.hive.ql.io.HiveFileFormatUtils$NullOutputCommitter
2024-04-24T00:54:11,569  INFO [Thread-1521] mapred.LocalJobRunner: OutputCommitter is org.apache.hadoop.hive.ql.io.HiveFileFormatUtils$NullOutputCommitter
2024-04-24T00:54:11,571  INFO [Thread-1521] mapred.LocalJobRunner: Waiting for map tasks
2024-04-24T00:54:11,571  INFO [LocalJobRunner Map Task Executor #0] mapred.LocalJobRunner: Starting task: attempt_local126295716_0024_m_000000_0
2024-04-24T00:54:11,572  INFO [LocalJobRunner Map Task Executor #0] mapred.Task:  Using ResourceCalculatorProcessTree : [ ]
2024-04-24T00:54:11,572  INFO [LocalJobRunner Map Task Executor #0] mapred.MapTask: Processing split: org.apache.hadoop.hive.ql.io.NullRowsInputFormat:file:/home/alex/Repositories/hive/ql/target/tmp/localscratchdir/5cf0a0f8-53f1-4859-9489-cf76cd9d84a2/hive_2024-04-24_00-54-11_038_3376530628165205135-1/dummy_path/null:0+1
2024-04-24T00:54:11,573  INFO [LocalJobRunner Map Task Executor #0] exec.SerializationUtilities: Deserializing MapWork using kryo
2024-04-24T00:54:11,573  INFO [LocalJobRunner Map Task Executor #0] exec.Utilities: Deserialized plan (via FILE) - name: null size: 6,11KB
2024-04-24T00:54:11,574  INFO [LocalJobRunner Map Task Executor #0] mapred.MapTask: numReduceTasks: 0
2024-04-24T00:54:11,574  INFO [LocalJobRunner Map Task Executor #0] exec.MapOperator: Initializing Operator: MAP[0]
2024-04-24T00:54:11,574  INFO [LocalJobRunner Map Task Executor #0] mr.ExecMapper: 
<MAP>Id =0
  <Children>null
  <\Children>
  <Parent><\Parent>
<\MAP>
2024-04-24T00:54:11,575  INFO [LocalJobRunner Map Task Executor #0] exec.TableScanOperator: Initializing Operator: TS[0]
2024-04-24T00:54:11,575  INFO [LocalJobRunner Map Task Executor #0] exec.SelectOperator: Initializing Operator: SEL[1]
2024-04-24T00:54:11,575  INFO [LocalJobRunner Map Task Executor #0] exec.SelectOperator: SELECT null
2024-04-24T00:54:11,576  INFO [LocalJobRunner Map Task Executor #0] exec.UDTFOperator: Initializing Operator: UDTF[2]
2024-04-24T00:54:11,576  INFO [LocalJobRunner Map Task Executor #0] exec.SelectOperator: Initializing Operator: SEL[3]
2024-04-24T00:54:11,576  INFO [LocalJobRunner Map Task Executor #0] exec.SelectOperator: SELECT struct<col1:int,col2:int>
2024-04-24T00:54:11,576  INFO [LocalJobRunner Map Task Executor #0] exec.FileSinkOperator: Initializing Operator: FS[4]
2024-04-24T00:54:11,576  INFO [LocalJobRunner Map Task Executor #0] exec.FileSinkOperator: Using serializer : AbstractSerDe [log=org.apache.logging.slf4j.Log4jLogger@22a08b61, configuration=Optional[Configuration: core-default.xml, core-site.xml, mapred-default.xml, mapred-site.xml, yarn-default.xml, yarn-site.xml, hdfs-default.xml, hdfs-site.xml, file:/home/alex/Repositories/hive/ql/target/tmp/TestTxnNoBucketsVectorized/mapred/local/localRunner/alex/job_local126295716_0024/job_local126295716_0024.xml], properties={name=default.nonacidnonbucket, columns.types=int:int, serialization.format=1, columns=a,b, numFilesErasureCoded=0, columns.comments=&amp#0;, bucketing_version=2, serialization.lib=org.apache.hadoop.hive.ql.io.orc.OrcSerde, file.inputformat=org.apache.hadoop.hive.ql.io.orc.OrcInputFormat, file.outputformat=org.apache.hadoop.hive.ql.io.orc.OrcOutputFormat, location=file:/home/alex/Repositories/hive/ql/target/tmp/org.apache.hadoop.hive.ql.TestTxnNoBuckets-1713945183193/warehouse/nonacidnonbucket, column.name.delimiter=,}, tableProperties={name=default.nonacidnonbucket, columns.types=int:int, serialization.format=1, columns=a,b, numFilesErasureCoded=0, columns.comments=&amp#0;, bucketing_version=2, serialization.lib=org.apache.hadoop.hive.ql.io.orc.OrcSerde, file.inputformat=org.apache.hadoop.hive.ql.io.orc.OrcInputFormat, location=file:/home/alex/Repositories/hive/ql/target/tmp/org.apache.hadoop.hive.ql.TestTxnNoBuckets-1713945183193/warehouse/nonacidnonbucket, file.outputformat=org.apache.hadoop.hive.ql.io.orc.OrcOutputFormat, column.name.delimiter=,}, partitionProperties=Optional.empty, columnNames=[a, b], columnTypes=[int, int], getClass()=class org.apache.hadoop.hive.ql.io.orc.OrcSerde] and formatter : org.apache.hadoop.hive.ql.io.orc.OrcOutputFormat@267fec32
2024-04-24T00:54:11,577  INFO [LocalJobRunner Map Task Executor #0] exec.FileSinkOperator: Final Path: FS file:/home/alex/Repositories/hive/ql/target/tmp/org.apache.hadoop.hive.ql.TestTxnNoBuckets-1713945183193/warehouse/nonacidnonbucket/.hive-staging_hive_2024-04-24_00-54-11_038_3376530628165205135-1/_tmp.-ext-10002/000000_0
2024-04-24T00:54:11,577  INFO [LocalJobRunner Map Task Executor #0] exec.FileSinkOperator: Writing to temp file: FS file:/home/alex/Repositories/hive/ql/target/tmp/org.apache.hadoop.hive.ql.TestTxnNoBuckets-1713945183193/warehouse/nonacidnonbucket/.hive-staging_hive_2024-04-24_00-54-11_038_3376530628165205135-1/_task_tmp.-ext-10002/_tmp.000000_0
2024-04-24T00:54:11,577  INFO [LocalJobRunner Map Task Executor #0] exec.FileSinkOperator: New Final Path: FS file:/home/alex/Repositories/hive/ql/target/tmp/org.apache.hadoop.hive.ql.TestTxnNoBuckets-1713945183193/warehouse/nonacidnonbucket/.hive-staging_hive_2024-04-24_00-54-11_038_3376530628165205135-1/_tmp.-ext-10002/000000_0
2024-04-24T00:54:11,577  INFO [LocalJobRunner Map Task Executor #0] exec.FileSinkOperator: FS[4]: records written - 1
2024-04-24T00:54:11,577  INFO [LocalJobRunner Map Task Executor #0] impl.PhysicalFsWriter: ORC writer created for path: file:/home/alex/Repositories/hive/ql/target/tmp/org.apache.hadoop.hive.ql.TestTxnNoBuckets-1713945183193/warehouse/nonacidnonbucket/.hive-staging_hive_2024-04-24_00-54-11_038_3376530628165205135-1/_task_tmp.-ext-10002/_tmp.000000_0 with stripeSize: 67108864 blockSize: 268435456 compression: Compress: ZLIB buffer: 262144
2024-04-24T00:54:11,585  INFO [LocalJobRunner Map Task Executor #0] impl.WriterImpl: ORC writer created for path: file:/home/alex/Repositories/hive/ql/target/tmp/org.apache.hadoop.hive.ql.TestTxnNoBuckets-1713945183193/warehouse/nonacidnonbucket/.hive-staging_hive_2024-04-24_00-54-11_038_3376530628165205135-1/_task_tmp.-ext-10002/_tmp.000000_0 with stripeSize: 67108864 options: Compress: ZLIB buffer: 262144
2024-04-24T00:54:11,585  INFO [LocalJobRunner Map Task Executor #0] exec.MapOperator: MAP[0]: records read - 1
2024-04-24T00:54:11,585  INFO [LocalJobRunner Map Task Executor #0] exec.MapOperator: Closing Operator: MAP[0]
2024-04-24T00:54:11,585  INFO [LocalJobRunner Map Task Executor #0] exec.MapOperator: MAP[0]: Total records read - 3. abort - false
2024-04-24T00:54:11,585  INFO [LocalJobRunner Map Task Executor #0] exec.MapOperator: DESERIALIZE_ERRORS:0, RECORDS_OUT_INTERMEDIATE:0, RECORDS_OUT_OPERATOR_MAP_0:0, RECORDS_IN:3, 
2024-04-24T00:54:11,585  INFO [LocalJobRunner Map Task Executor #0] exec.TableScanOperator: Closing Operator: TS[0]
2024-04-24T00:54:11,585  INFO [LocalJobRunner Map Task Executor #0] exec.TableScanOperator: RECORDS_OUT_OPERATOR_TS_0:1, RECORDS_OUT_INTERMEDIATE:0, 
2024-04-24T00:54:11,585  INFO [LocalJobRunner Map Task Executor #0] exec.SelectOperator: Closing Operator: SEL[1]
2024-04-24T00:54:11,586  INFO [LocalJobRunner Map Task Executor #0] exec.SelectOperator: RECORDS_OUT_INTERMEDIATE:0, RECORDS_OUT_OPERATOR_SEL_1:1, 
2024-04-24T00:54:11,586  INFO [LocalJobRunner Map Task Executor #0] exec.UDTFOperator: Closing Operator: UDTF[2]
2024-04-24T00:54:11,586  INFO [LocalJobRunner Map Task Executor #0] exec.UDTFOperator: RECORDS_OUT_OPERATOR_UDTF_2:1, RECORDS_OUT_INTERMEDIATE:0, 
2024-04-24T00:54:11,586  INFO [LocalJobRunner Map Task Executor #0] exec.SelectOperator: Closing Operator: SEL[3]
2024-04-24T00:54:11,586  INFO [LocalJobRunner Map Task Executor #0] exec.SelectOperator: RECORDS_OUT_OPERATOR_SEL_3:1, RECORDS_OUT_INTERMEDIATE:0, 
2024-04-24T00:54:11,586  INFO [LocalJobRunner Map Task Executor #0] exec.FileSinkOperator: Closing Operator: FS[4]
2024-04-24T00:54:11,586  INFO [LocalJobRunner Map Task Executor #0] exec.FileSinkOperator: FS[4]: records written - 1
2024-04-24T00:54:11,593  INFO [LocalJobRunner Map Task Executor #0] exec.FileSinkOperator: RECORDS_OUT_OPERATOR_FS_4:1, RECORDS_OUT_INTERMEDIATE:0, RECORDS_OUT_1_default.nonacidnonbucket:1, TOTAL_TABLE_ROWS_WRITTEN:1, 
2024-04-24T00:54:11,593  INFO [LocalJobRunner Map Task Executor #0] mapred.LocalJobRunner: 
2024-04-24T00:54:11,594  INFO [LocalJobRunner Map Task Executor #0] mapred.Task: Task:attempt_local126295716_0024_m_000000_0 is done. And is in the process of committing
2024-04-24T00:54:11,594  INFO [LocalJobRunner Map Task Executor #0] mapred.LocalJobRunner: map
2024-04-24T00:54:11,594  INFO [LocalJobRunner Map Task Executor #0] mapred.Task: Task 'attempt_local126295716_0024_m_000000_0' done.
2024-04-24T00:54:11,594  INFO [LocalJobRunner Map Task Executor #0] mapred.Task: Final Counters for attempt_local126295716_0024_m_000000_0: Counters: 27
	File System Counters
		FILE: Number of bytes read=500816
		FILE: Number of bytes written=28830966
		FILE: Number of read operations=0
		FILE: Number of large read operations=0
		FILE: Number of write operations=0
	Map-Reduce Framework
		Map input records=4
		Map output records=0
		Input split bytes=361
		Spilled Records=0
		Failed Shuffles=0
		Merged Map outputs=0
		GC time elapsed (ms)=0
		Total committed heap usage (bytes)=1122500608
	HIVE
		CREATED_FILES=1
		DESERIALIZE_ERRORS=0
		RECORDS_IN=3
		RECORDS_OUT_1_default.nonacidnonbucket=1
		RECORDS_OUT_INTERMEDIATE=0
		RECORDS_OUT_OPERATOR_FS_4=1
		RECORDS_OUT_OPERATOR_MAP_0=0
		RECORDS_OUT_OPERATOR_SEL_1=1
		RECORDS_OUT_OPERATOR_SEL_3=1
		RECORDS_OUT_OPERATOR_TS_0=1
		RECORDS_OUT_OPERATOR_UDTF_2=1
		TOTAL_TABLE_ROWS_WRITTEN=1
	File Input Format Counters 
		Bytes Read=6174
	File Output Format Counters 
		Bytes Written=0
2024-04-24T00:54:11,594  INFO [LocalJobRunner Map Task Executor #0] mapred.LocalJobRunner: Finishing task: attempt_local126295716_0024_m_000000_0
2024-04-24T00:54:11,594  INFO [Thread-1521] mapred.LocalJobRunner: map task executor complete.
2024-04-24 00:54:12,571 Stage-1 map = 100%,  reduce = 0%
2024-04-24T00:54:12,571  INFO [main] exec.Task: 2024-04-24 00:54:12,571 Stage-1 map = 100%,  reduce = 0%
Ended Job = job_local126295716_0024
2024-04-24T00:54:12,573  INFO [main] exec.Task: Ended Job = job_local126295716_0024
2024-04-24T00:54:12,577  INFO [main] ql.Driver: Starting task [Stage-7:CONDITIONAL] in serial mode
Stage-4 is selected by condition resolver.
2024-04-24T00:54:12,577  INFO [main] exec.Task: Stage-4 is selected by condition resolver.
Stage-3 is filtered out by condition resolver.
2024-04-24T00:54:12,577  INFO [main] exec.Task: Stage-3 is filtered out by condition resolver.
Stage-5 is filtered out by condition resolver.
2024-04-24T00:54:12,577  INFO [main] exec.Task: Stage-5 is filtered out by condition resolver.
2024-04-24T00:54:12,577  INFO [main] ql.Driver: Starting task [Stage-4:MOVE] in serial mode
Moving data to directory file:/home/alex/Repositories/hive/ql/target/tmp/org.apache.hadoop.hive.ql.TestTxnNoBuckets-1713945183193/warehouse/nonacidnonbucket/.hive-staging_hive_2024-04-24_00-54-11_038_3376530628165205135-1/-ext-10000
2024-04-24T00:54:12,578  INFO [main] exec.Task: Moving data to directory file:/home/alex/Repositories/hive/ql/target/tmp/org.apache.hadoop.hive.ql.TestTxnNoBuckets-1713945183193/warehouse/nonacidnonbucket/.hive-staging_hive_2024-04-24_00-54-11_038_3376530628165205135-1/-ext-10000 from file:/home/alex/Repositories/hive/ql/target/tmp/org.apache.hadoop.hive.ql.TestTxnNoBuckets-1713945183193/warehouse/nonacidnonbucket/.hive-staging_hive_2024-04-24_00-54-11_038_3376530628165205135-1/-ext-10002
2024-04-24T00:54:12,578  INFO [main] ql.Driver: Starting task [Stage-0:MOVE] in serial mode
Loading data to table default.nonacidnonbucket
2024-04-24T00:54:12,578  INFO [main] exec.Task: Loading data to table default.nonacidnonbucket from file:/home/alex/Repositories/hive/ql/target/tmp/org.apache.hadoop.hive.ql.TestTxnNoBuckets-1713945183193/warehouse/nonacidnonbucket/.hive-staging_hive_2024-04-24_00-54-11_038_3376530628165205135-1/-ext-10000
2024-04-24T00:54:12,578  INFO [main] HiveMetaStore.audit: ugi=alex	ip=unknown-ip-addr	cmd=get_table : tbl=hive.default.nonacidnonbucket	
2024-04-24T00:54:12,589  INFO [main] metastore.HMSHandler: Skipping translation for processor with null
2024-04-24T00:54:12,589  INFO [main] HiveMetaStore.audit: ugi=alex	ip=unknown-ip-addr	cmd=get_table : tbl=hive.default.nonacidnonbucket	
2024-04-24T00:54:12,600  INFO [main] metastore.HMSHandler: Skipping translation for processor with null
2024-04-24T00:54:12,602  WARN [main] metadata.Hive: Cannot get a table snapshot for nonacidnonbucket
2024-04-24T00:54:12,602  INFO [main] HiveMetaStore.audit: ugi=alex	ip=unknown-ip-addr	cmd=alter_table: hive.default.nonacidnonbucket newtbl=nonacidnonbucket	
2024-04-24T00:54:12,630  INFO [main] ql.Driver: Starting task [Stage-2:STATS] in serial mode
2024-04-24T00:54:12,630  INFO [main] HiveMetaStore.audit: ugi=alex	ip=unknown-ip-addr	cmd=get_table : tbl=hive.default.nonacidnonbucket	
2024-04-24T00:54:12,639  INFO [main] metastore.HMSHandler: Skipping translation for processor with null
2024-04-24T00:54:12,639  INFO [main] stats.BasicStatsTask: Executing stats task
2024-04-24T00:54:12,639  INFO [main] fs.FSStatsPublisher: created : file:/home/alex/Repositories/hive/ql/target/tmp/localscratchdir/5cf0a0f8-53f1-4859-9489-cf76cd9d84a2/hive_2024-04-24_00-54-11_038_3376530628165205135-1/-mr-10001
2024-04-24T00:54:12,641  INFO [main] HiveMetaStore.audit: ugi=alex	ip=unknown-ip-addr	cmd=get_table : tbl=hive.default.nonacidnonbucket	
2024-04-24T00:54:12,650  INFO [main] metastore.HMSHandler: Skipping translation for processor with null
2024-04-24T00:54:12,651  INFO [main] FileOperations: Read stats for default.nonacidnonbucket/, numRows, true, 1, false: 
2024-04-24T00:54:12,651  INFO [main] FileOperations: Read stats for default.nonacidnonbucket/, rawDataSize, true, 8, false: 
2024-04-24T00:54:12,651  WARN [main] metadata.Hive: Cannot get a table snapshot for nonacidnonbucket
2024-04-24T00:54:12,651  INFO [main] HiveMetaStore.audit: ugi=alex	ip=unknown-ip-addr	cmd=alter_table: hive.default.nonacidnonbucket newtbl=nonacidnonbucket	
2024-04-24T00:54:12,679  INFO [main] stats.BasicStatsTask: Table default.nonacidnonbucket stats: [numFiles=3, numRows=7, totalSize=765, rawDataSize=56, numFilesErasureCoded=0]
2024-04-24T00:54:12,679  INFO [main] metadata.Hive: Dumping metastore api call timing information for : execution phase
2024-04-24T00:54:12,679  INFO [main] metadata.Hive: Total time spent in each metastore function (ms): {isCompatibleWith_(Configuration)=0, getTable_(GetTableRequest)=41, alter_table_(String, String, String, Table, EnvironmentContext, String)=55}
MapReduce Jobs Launched: 
2024-04-24T00:54:12,680  INFO [main] ql.Driver: MapReduce Jobs Launched: 
Stage-Stage-1:  HDFS Read: 0 HDFS Write: 0 SUCCESS
2024-04-24T00:54:12,680  INFO [main] ql.Driver: Stage-Stage-1:  HDFS Read: 0 HDFS Write: 0 SUCCESS
Total MapReduce CPU Time Spent: 0 msec
2024-04-24T00:54:12,680  INFO [main] ql.Driver: Total MapReduce CPU Time Spent: 0 msec
2024-04-24T00:54:12,680  INFO [main] ql.Driver: Completed executing command(queryId=alex_20240424005411_eb3fe967-53c1-4b88-bb39-60844d7563e9); Time taken: 1.432 seconds
2024-04-24T00:54:12,680  INFO [main] lockmgr.DbTxnManager: Stopped heartbeat for query: alex_20240424005411_eb3fe967-53c1-4b88-bb39-60844d7563e9
2024-04-24T00:54:12,684  INFO [main] txn.TxnHandler: Expected to move at least one record from txn_components to completed_txn_components when committing txn! txnid:15
2024-04-24T00:54:12,690  INFO [main] txn.TxnHandler: Removed transactions: ([15]) from MIN_HISTORY_LEVEL
2024-04-24T00:54:12,690  WARN [main] txn.CompactionTxnHandler: No compaction queue record found for Compaction type transaction commit. txnId:15
2024-04-24T00:54:12,691  INFO [main] ql.TxnCommandsBaseForTests: Running the query: alter table nonAcidNonBucket SET TBLPROPERTIES ('transactional'='true', 'transactional_properties'='default')
2024-04-24T00:54:12,691  INFO [main] ql.Context: Deleting scratch dir: file:/home/alex/Repositories/hive/ql/target/tmp/org.apache.hadoop.hive.ql.TestTxnNoBuckets-1713945183193/warehouse/nonacidnonbucket/.hive-staging_hive_2024-04-24_00-54-11_038_3376530628165205135-1
2024-04-24T00:54:12,691  INFO [main] cleanup.SyncCleanupService: Deleted directory: file:/home/alex/Repositories/hive/ql/target/tmp/org.apache.hadoop.hive.ql.TestTxnNoBuckets-1713945183193/warehouse/nonacidnonbucket/.hive-staging_hive_2024-04-24_00-54-11_038_3376530628165205135-1 on fs with scheme file
2024-04-24T00:54:12,692  INFO [main] ql.Context: Deleting scratch dir: file:/home/alex/Repositories/hive/ql/target/tmp/localscratchdir/5cf0a0f8-53f1-4859-9489-cf76cd9d84a2/hive_2024-04-24_00-54-11_038_3376530628165205135-1
2024-04-24T00:54:12,692  INFO [main] cleanup.SyncCleanupService: Deleted directory: file:/home/alex/Repositories/hive/ql/target/tmp/localscratchdir/5cf0a0f8-53f1-4859-9489-cf76cd9d84a2/hive_2024-04-24_00-54-11_038_3376530628165205135-1 on fs with scheme file
2024-04-24T00:54:12,692  INFO [main] ql.Driver: Compiling command(queryId=alex_20240424005412_67728f4c-8ed2-4f74-a07a-3d441f824dd5): alter table nonAcidNonBucket SET TBLPROPERTIES ('transactional'='true', 'transactional_properties'='default')
2024-04-24T00:54:12,696  INFO [main] txn.TxnHandler: Added entries to MIN_HISTORY_LEVEL for current txns: ([16]) with min_open_txn: 16
2024-04-24T00:54:12,697  INFO [main] lockmgr.DbTxnManager: Opened txnid:16
2024-04-24T00:54:12,698  INFO [main] HiveMetaStore.audit: ugi=alex	ip=unknown-ip-addr	cmd=get_table : tbl=hive.default.nonAcidNonBucket	
2024-04-24T00:54:12,707  INFO [main] metastore.HMSHandler: Skipping translation for processor with null
2024-04-24T00:54:12,708  INFO [main] HiveMetaStore.audit: ugi=alex	ip=unknown-ip-addr	cmd=get_table : tbl=hive.default.nonAcidNonBucket	
2024-04-24T00:54:12,718  INFO [main] metastore.HMSHandler: Skipping translation for processor with null
2024-04-24T00:54:12,719  INFO [main] ql.Driver: Semantic Analysis Completed (retrial = false)
2024-04-24T00:54:12,719  INFO [main] ql.Driver: Created Hive schema: Schema(fieldSchemas:null, properties:null)
2024-04-24T00:54:12,719  INFO [main] metadata.Hive: Dumping metastore api call timing information for : compilation phase
2024-04-24T00:54:12,719  INFO [main] metadata.Hive: Total time spent in each metastore function (ms): {isCompatibleWith_(Configuration)=0, getTable_(GetTableRequest)=20, commitTxn_(CommitTxnRequest)=11, openTxn_(String, TxnType)=3, flushCache_()=0, getValidTxns_(long)=1}
2024-04-24T00:54:12,719  INFO [main] ql.Driver: Completed compiling command(queryId=alex_20240424005412_67728f4c-8ed2-4f74-a07a-3d441f824dd5); Time taken: 0.027 seconds
2024-04-24T00:54:12,719  INFO [main] lockmgr.DbTxnManager: Setting lock request transaction to txnid:16 for queryId=alex_20240424005412_67728f4c-8ed2-4f74-a07a-3d441f824dd5
2024-04-24T00:54:12,720  INFO [main] lockmgr.DbLockManager: Requesting lock for queryId=alex_20240424005412_67728f4c-8ed2-4f74-a07a-3d441f824dd5
2024-04-24T00:54:12,735  INFO [main] lockmgr.DbLockManager: Response to queryId=alex_20240424005412_67728f4c-8ed2-4f74-a07a-3d441f824dd5 LockResponse(lockid:10, state:ACQUIRED)
2024-04-24T00:54:12,735  INFO [main] ql.Driver: Operation ALTERTABLE_PROPERTIES obtained 1 locks
2024-04-24T00:54:12,735  INFO [main] ql.Driver: Executing command(queryId=alex_20240424005412_67728f4c-8ed2-4f74-a07a-3d441f824dd5): alter table nonAcidNonBucket SET TBLPROPERTIES ('transactional'='true', 'transactional_properties'='default')
2024-04-24T00:54:12,735  INFO [main] ql.Driver: Starting task [Stage-0:DDL] in serial mode
2024-04-24T00:54:12,737  INFO [main] HiveMetaStore.audit: ugi=alex	ip=unknown-ip-addr	cmd=get_table : tbl=hive.default.nonAcidNonBucket	
2024-04-24T00:54:12,747  INFO [main] metastore.HMSHandler: Skipping translation for processor with null
2024-04-24T00:54:12,755  INFO [main] HiveMetaStore.audit: ugi=alex	ip=unknown-ip-addr	cmd=alter_table: hive.default.nonAcidNonBucket newtbl=nonacidnonbucket	
2024-04-24T00:54:12,798  INFO [main] metadata.Hive: Dumping metastore api call timing information for : execution phase
2024-04-24T00:54:12,798  INFO [main] metadata.Hive: Total time spent in each metastore function (ms): {getTable_(GetTableRequest)=10, isCompatibleWith_(Configuration)=2, alter_table_(String, String, String, Table, EnvironmentContext, String)=43, getValidWriteIds_(List, String)=6}
2024-04-24T00:54:12,799  INFO [main] ql.Driver: Completed executing command(queryId=alex_20240424005412_67728f4c-8ed2-4f74-a07a-3d441f824dd5); Time taken: 0.063 seconds
2024-04-24T00:54:12,799  INFO [main] lockmgr.DbTxnManager: Stopped heartbeat for query: alex_20240424005412_67728f4c-8ed2-4f74-a07a-3d441f824dd5
2024-04-24T00:54:12,803  INFO [main] txn.TxnHandler: Expected to move at least one record from txn_components to completed_txn_components when committing txn! txnid:16
2024-04-24T00:54:12,809  INFO [main] txn.TxnHandler: Removed transactions: ([16]) from MIN_HISTORY_LEVEL
2024-04-24T00:54:12,809  WARN [main] txn.CompactionTxnHandler: No compaction queue record found for Compaction type transaction commit. txnId:16
2024-04-24T00:54:12,810  INFO [main] ql.TxnCommandsBaseForTests: Running the query: select ROW__ID, a, b, INPUT__FILE__NAME from nonAcidNonBucket order by ROW__ID
2024-04-24T00:54:12,810  INFO [main] ql.Driver: Compiling command(queryId=alex_20240424005412_a47c479a-8354-41c2-8035-bcdf7411fd09): select ROW__ID, a, b, INPUT__FILE__NAME from nonAcidNonBucket order by ROW__ID
2024-04-24T00:54:12,814  INFO [main] txn.TxnHandler: Added entries to MIN_HISTORY_LEVEL for current txns: ([17]) with min_open_txn: 16
2024-04-24T00:54:12,814  INFO [main] lockmgr.DbTxnManager: Opened txnid:17
2024-04-24T00:54:12,814  INFO [main] parse.CalcitePlanner: Starting caching scope for: 
2024-04-24T00:54:12,815  INFO [main] parse.CalcitePlanner: Starting Semantic Analysis
2024-04-24T00:54:12,817  INFO [main] parse.CalcitePlanner: Completed phase 1 of Semantic Analysis
2024-04-24T00:54:12,817  INFO [main] parse.CalcitePlanner: Get metadata for source tables
2024-04-24T00:54:12,820  INFO [main] HiveMetaStore.audit: ugi=alex	ip=unknown-ip-addr	cmd=get_table : tbl=hive.default.nonacidnonbucket	
2024-04-24T00:54:12,828  INFO [main] metastore.HMSHandler: Skipping translation for processor with null
2024-04-24T00:54:12,828  INFO [main] parse.CalcitePlanner: Get metadata for subqueries
2024-04-24T00:54:12,828  INFO [main] parse.CalcitePlanner: Get metadata for destination tables
2024-04-24T00:54:12,828  INFO [main] parse.CalcitePlanner: Completed getting MetaData in Semantic Analysis
2024-04-24T00:54:12,841  INFO [main] HiveMetaStore.audit: ugi=alex	ip=unknown-ip-addr	cmd=get_all_table_constraints : tbl=hive.default.nonacidnonbucket	
2024-04-24T00:54:12,887  INFO [main] calcite.RelOptHiveTable: Calculating column statistics for default.nonacidnonbucket, projIndxSet: [0, 1], allowMissingStats: true
2024-04-24T00:54:12,887  INFO [main] HiveMetaStore.audit: ugi=alex	ip=unknown-ip-addr	cmd=get_table_statistics_req: table=hive.default.nonacidnonbucket	
2024-04-24T00:54:12,900  WARN [main] calcite.RelOptHiveTable: No Stats for default@nonacidnonbucket, Columns: b, a
No Stats for default@nonacidnonbucket, Columns: b, a
2024-04-24T00:54:12,900  INFO [main] SessionState: No Stats for default@nonacidnonbucket, Columns: b, a
2024-04-24T00:54:12,954  INFO [main] parse.CalcitePlanner: Get metadata for source tables
2024-04-24T00:54:12,955  INFO [main] parse.CalcitePlanner: Get metadata for subqueries
2024-04-24T00:54:12,955  INFO [main] parse.CalcitePlanner: Get metadata for destination tables
2024-04-24T00:54:12,956  INFO [main] common.FileUtils: Creating directory if it doesn't exist: file:/home/alex/Repositories/hive/ql/target/tmp/localscratchdir/5cf0a0f8-53f1-4859-9489-cf76cd9d84a2/hive_2024-04-24_00-54-12_810_2961774309346846787-1/-mr-10001/.hive-staging_hive_2024-04-24_00-54-12_810_2961774309346846787-1
2024-04-24T00:54:12,964  INFO [main] parse.CalcitePlanner: CBO Succeeded; optimized logical plan.
2024-04-24T00:54:12,967  INFO [main] optimizer.ColumnPrunerProcFactory: RS 2 oldColExprMap: {VALUE._col0=Column[_col1], VALUE._col2=Column[_col3], KEY.reducesinkkey0=Column[_col0], VALUE._col1=Column[_col2]}
2024-04-24T00:54:12,967  INFO [main] optimizer.ColumnPrunerProcFactory: RS 2 newColExprMap: {VALUE._col0=Column[_col1], VALUE._col2=Column[_col3], VALUE._col1=Column[_col2], KEY.reducesinkkey0=Column[_col0]}
2024-04-24T00:54:12,968  INFO [main] optimizer.BucketVersionPopulator: not considering bucketingVersion for: TS[0] because it has -1<2 buckets 
2024-04-24T00:54:12,969  INFO [main] optimizer.SortedDynPartitionOptimizer: Sorted dynamic partitioning optimization kicked in..
2024-04-24T00:54:12,978  INFO [main] physical.Vectorizer: Examining input format to see if vectorization is enabled.
2024-04-24T00:54:12,979  INFO [main] physical.Vectorizer: Vectorization is enabled for input format(s) [org.apache.hadoop.hive.ql.io.orc.OrcInputFormat]
2024-04-24T00:54:12,979  INFO [main] physical.Vectorizer: Validating and vectorizing MapWork... (vectorizedVertexNum 0)
2024-04-24T00:54:12,979  INFO [main] physical.Vectorizer: Map vectorization enabled: true
2024-04-24T00:54:12,979  INFO [main] physical.Vectorizer: Map vectorized: false
2024-04-24T00:54:12,979  INFO [main] physical.Vectorizer: Map notVectorizedReason: Select expression for SELECT operator: Virtual column INPUT__FILE__NAME is not supported
2024-04-24T00:54:12,979  INFO [main] physical.Vectorizer: Map vectorizedVertexNum: 0
2024-04-24T00:54:12,979  INFO [main] physical.Vectorizer: Map enabledConditionsMet: [hive.vectorized.use.vectorized.input.format IS true]
2024-04-24T00:54:12,979  INFO [main] physical.Vectorizer: Map inputFileFormatClassNameSet: [org.apache.hadoop.hive.ql.io.orc.OrcInputFormat]
2024-04-24T00:54:12,979  INFO [main] physical.Vectorizer: Reduce vectorization enabled: false
2024-04-24T00:54:12,979  INFO [main] physical.Vectorizer: Reduce vectorized: false
2024-04-24T00:54:12,979  INFO [main] physical.Vectorizer: Reduce vectorizedVertexNum: 1
2024-04-24T00:54:12,979  INFO [main] physical.Vectorizer: Reducer hive.vectorized.execution.reduce.enabled: true
2024-04-24T00:54:12,979  INFO [main] physical.Vectorizer: Reducer engine: mr
2024-04-24T00:54:12,979  INFO [main] parse.CalcitePlanner: Completed plan generation
2024-04-24T00:54:12,979  INFO [main] parse.CalcitePlanner: Ending caching scope for: 
2024-04-24T00:54:12,979  INFO [main] ql.Driver: Semantic Analysis Completed (retrial = false)
2024-04-24T00:54:12,979  INFO [main] ql.Driver: Created Hive schema: Schema(fieldSchemas:[FieldSchema(name:row__id, type:struct<writeid:bigint,bucketid:int,rowid:bigint>, comment:null), FieldSchema(name:a, type:int, comment:null), FieldSchema(name:b, type:int, comment:null), FieldSchema(name:input__file__name, type:string, comment:null)], properties:null)
2024-04-24T00:54:12,980  INFO [main] exec.ListSinkOperator: Initializing Operator: LIST_SINK[5]
2024-04-24T00:54:12,980  INFO [main] metadata.Hive: Dumping metastore api call timing information for : compilation phase
2024-04-24T00:54:12,981  INFO [main] metadata.Hive: Total time spent in each metastore function (ms): {getValidWriteIds_(List, String)=4, commitTxn_(CommitTxnRequest)=11, getValidTxns_(long)=0, openTxn_(String, TxnType)=3, getTableColumnStatistics_(String, String, List, String)=12, getAllTableConstraints_(AllTableConstraintsRequest)=40, getTable_(GetTableRequest)=8, flushCache_()=0, isCompatibleWith_(Configuration)=0}
2024-04-24T00:54:12,981  INFO [main] ql.Driver: Completed compiling command(queryId=alex_20240424005412_a47c479a-8354-41c2-8035-bcdf7411fd09); Time taken: 0.17 seconds
2024-04-24T00:54:12,981  INFO [main] lockmgr.DbTxnManager: Setting lock request transaction to txnid:17 for queryId=alex_20240424005412_a47c479a-8354-41c2-8035-bcdf7411fd09
2024-04-24T00:54:12,982  INFO [main] lockmgr.DbLockManager: Requesting lock for queryId=alex_20240424005412_a47c479a-8354-41c2-8035-bcdf7411fd09
2024-04-24T00:54:13,000  INFO [main] lockmgr.DbLockManager: Response to queryId=alex_20240424005412_a47c479a-8354-41c2-8035-bcdf7411fd09 LockResponse(lockid:11, state:ACQUIRED)
2024-04-24T00:54:13,000  INFO [main] ql.Driver: Operation QUERY obtained 1 locks
2024-04-24T00:54:13,001  INFO [main] ql.Driver: Executing command(queryId=alex_20240424005412_a47c479a-8354-41c2-8035-bcdf7411fd09): select ROW__ID, a, b, INPUT__FILE__NAME from nonAcidNonBucket order by ROW__ID
2024-04-24T00:54:13,002  WARN [main] ql.Driver: Hive-on-MR is deprecated in Hive 2 and may not be available in the future versions. Consider using a different execution engine (i.e. spark, tez) or using Hive 1.X releases.
Query ID = alex_20240424005412_a47c479a-8354-41c2-8035-bcdf7411fd09
2024-04-24T00:54:13,002  INFO [main] ql.Driver: Query ID = alex_20240424005412_a47c479a-8354-41c2-8035-bcdf7411fd09
Total jobs = 1
2024-04-24T00:54:13,002  INFO [main] ql.Driver: Total jobs = 1
Launching Job 1 out of 1
2024-04-24T00:54:13,002  INFO [main] ql.Driver: Launching Job 1 out of 1
2024-04-24T00:54:13,158  INFO [main] ql.Driver: Starting task [Stage-1:MAPRED] in serial mode
Number of reduce tasks determined at compile time: 1
2024-04-24T00:54:13,158  INFO [main] exec.Task: Number of reduce tasks determined at compile time: 1
In order to change the average load for a reducer (in bytes):
2024-04-24T00:54:13,158  INFO [main] exec.Task: In order to change the average load for a reducer (in bytes):
  set hive.exec.reducers.bytes.per.reducer=<number>
2024-04-24T00:54:13,158  INFO [main] exec.Task:   set hive.exec.reducers.bytes.per.reducer=<number>
In order to limit the maximum number of reducers:
2024-04-24T00:54:13,158  INFO [main] exec.Task: In order to limit the maximum number of reducers:
  set hive.exec.reducers.max=<number>
2024-04-24T00:54:13,158  INFO [main] exec.Task:   set hive.exec.reducers.max=<number>
In order to set a constant number of reducers:
2024-04-24T00:54:13,158  INFO [main] exec.Task: In order to set a constant number of reducers:
  set mapreduce.job.reduces=<number>
2024-04-24T00:54:13,158  INFO [main] exec.Task:   set mapreduce.job.reduces=<number>
2024-04-24T00:54:13,161  INFO [main] mr.ExecDriver: Using org.apache.hadoop.hive.ql.io.HiveInputFormat
2024-04-24T00:54:13,161  INFO [main] exec.Utilities: Processing alias nonacidnonbucket
2024-04-24T00:54:13,161  INFO [main] exec.Utilities: Adding 1 inputs; the first input is file:/home/alex/Repositories/hive/ql/target/tmp/org.apache.hadoop.hive.ql.TestTxnNoBuckets-1713945183193/warehouse/nonacidnonbucket
2024-04-24T00:54:13,172  INFO [main] exec.SerializationUtilities: Serializing MapWork using kryo
2024-04-24T00:54:13,173  INFO [main] exec.Utilities: Serialized plan (via FILE) - name: null size: 5,17KB
2024-04-24T00:54:13,178  INFO [main] exec.SerializationUtilities: Serializing ReduceWork using kryo
2024-04-24T00:54:13,179  INFO [main] exec.Utilities: Serialized plan (via FILE) - name: null size: 6,10KB
2024-04-24T00:54:13,180  WARN [main] impl.MetricsSystemImpl: JobTracker metrics system already initialized!
2024-04-24T00:54:13,186  WARN [main] impl.MetricsSystemImpl: JobTracker metrics system already initialized!
2024-04-24T00:54:13,194  WARN [main] mapreduce.JobResourceUploader: Hadoop command-line option parsing not performed. Implement the Tool interface and execute your application with ToolRunner to remedy this.
2024-04-24T00:54:13,199  WARN [main] mapreduce.JobResourceUploader: No job jar file set.  User classes may not be found. See Job or Job#setJar(String).
2024-04-24T00:54:13,201  INFO [main] io.HiveInputFormat: hive.io.file.readcolumn.ids = 0,1
2024-04-24T00:54:13,201  INFO [main] io.HiveInputFormat: hive.io.file.readcolumn.names = a,b
2024-04-24T00:54:13,201  INFO [main] io.HiveInputFormat: Generating splits for dirs: file:/home/alex/Repositories/hive/ql/target/tmp/org.apache.hadoop.hive.ql.TestTxnNoBuckets-1713945183193/warehouse/nonacidnonbucket
2024-04-24T00:54:13,201  INFO [main] orc.OrcInputFormat: getSplits started
2024-04-24T00:54:13,201  INFO [main] orc.OrcInputFormat: Context:: isAcid: true isVectorMode: false sarg: null minSplitSize: 1 maxSplitSize: 256000000 splitStrategy: HYBRID footerInSplits: false numBuckets: 0 numThreads: 10 cacheMemSize: 268435456 cacheStripeDetails: true useSoftReference: false writeIdList: default.nonacidnonbucket:10000000:9223372036854775807:: isTransactionalTable: true txnProperties: default 
2024-04-24T00:54:13,202  INFO [main] orc.OrcInputFormat: ORC pushdown predicate: null
2024-04-24T00:54:13,211  INFO [main] orc.OrcInputFormat: FooterCacheHitRatio: 0/3
2024-04-24T00:54:13,211  INFO [main] orc.OrcInputFormat: getSplits finished (#splits: 3). duration: 10 ms
2024-04-24T00:54:13,211  INFO [main] io.HiveInputFormat: number of splits 3
2024-04-24T00:54:13,230  INFO [main] mapreduce.JobSubmitter: number of splits:3
2024-04-24T00:54:13,249  INFO [main] mapreduce.JobSubmitter: Submitting tokens for job: job_local344602004_0025
2024-04-24T00:54:13,249  INFO [main] mapreduce.JobSubmitter: Executing with tokens: []
2024-04-24T00:54:13,310  INFO [main] mapreduce.Job: The url to track the job: http://localhost:8080/
Job running in-process (local Hadoop)
2024-04-24T00:54:13,310  INFO [main] exec.Task: Job running in-process (local Hadoop)
2024-04-24T00:54:13,311  INFO [Thread-1569] mapred.LocalJobRunner: OutputCommitter set in config org.apache.hadoop.hive.ql.io.HiveFileFormatUtils$NullOutputCommitter
2024-04-24T00:54:13,311  INFO [Thread-1569] mapred.LocalJobRunner: OutputCommitter is org.apache.hadoop.hive.ql.io.HiveFileFormatUtils$NullOutputCommitter
2024-04-24T00:54:13,313  INFO [Thread-1569] mapred.LocalJobRunner: Waiting for map tasks
2024-04-24T00:54:13,313  INFO [LocalJobRunner Map Task Executor #0] mapred.LocalJobRunner: Starting task: attempt_local344602004_0025_m_000000_0
2024-04-24T00:54:13,314  INFO [LocalJobRunner Map Task Executor #0] mapred.Task:  Using ResourceCalculatorProcessTree : [ ]
2024-04-24T00:54:13,314  INFO [LocalJobRunner Map Task Executor #0] mapred.MapTask: Processing split: org.apache.hadoop.hive.ql.io.orc.OrcInputFormat:OrcSplit [file:/home/alex/Repositories/hive/ql/target/tmp/org.apache.hadoop.hive.ql.TestTxnNoBuckets-1713945183193/warehouse/nonacidnonbucket/000000_0_copy_1, start=0, length=257, isOriginal=true, fileLength=257, hasFooter=false, hasBase=true, deltas=0]
2024-04-24T00:54:13,315  INFO [LocalJobRunner Map Task Executor #0] exec.SerializationUtilities: Deserializing MapWork using kryo
2024-04-24T00:54:13,315  INFO [LocalJobRunner Map Task Executor #0] exec.Utilities: Deserialized plan (via FILE) - name: null size: 5,17KB
2024-04-24T00:54:13,317  INFO [LocalJobRunner Map Task Executor #0] orc.OrcRawRecordMerger: min key = null, max key = null
2024-04-24T00:54:13,318  INFO [LocalJobRunner Map Task Executor #0] orc.ReaderImpl: Reading ORC rows from file:/home/alex/Repositories/hive/ql/target/tmp/org.apache.hadoop.hive.ql.TestTxnNoBuckets-1713945183193/warehouse/nonacidnonbucket/000000_0_copy_1 with {include: [true, true, true], offset: 0, length: 257, schema: struct<a:int,b:int>, includeAcidColumns: true}
2024-04-24T00:54:13,328  INFO [LocalJobRunner Map Task Executor #0] orc.OrcRawRecordMerger: updated min key = null, max key = null
2024-04-24T00:54:13,328  INFO [LocalJobRunner Map Task Executor #0] mapred.MapTask: numReduceTasks: 1
2024-04-24T00:54:13,333  INFO [LocalJobRunner Map Task Executor #0] mapred.MapTask: (EQUATOR) 0 kvi 26214396(104857584)
2024-04-24T00:54:13,333  INFO [LocalJobRunner Map Task Executor #0] mapred.MapTask: mapreduce.task.io.sort.mb: 100
2024-04-24T00:54:13,333  INFO [LocalJobRunner Map Task Executor #0] mapred.MapTask: soft limit at 83886080
2024-04-24T00:54:13,333  INFO [LocalJobRunner Map Task Executor #0] mapred.MapTask: bufstart = 0; bufvoid = 104857600
2024-04-24T00:54:13,333  INFO [LocalJobRunner Map Task Executor #0] mapred.MapTask: kvstart = 26214396; length = 6553600
2024-04-24T00:54:13,334  INFO [LocalJobRunner Map Task Executor #0] mapred.MapTask: Map output collector class = org.apache.hadoop.mapred.MapTask$MapOutputBuffer
2024-04-24T00:54:13,334  INFO [LocalJobRunner Map Task Executor #0] exec.MapOperator: Initializing Operator: MAP[0]
2024-04-24T00:54:13,335  INFO [LocalJobRunner Map Task Executor #0] mr.ExecMapper: 
<MAP>Id =0
  <Children>null
  <\Children>
  <Parent><\Parent>
<\MAP>
2024-04-24T00:54:13,336  INFO [LocalJobRunner Map Task Executor #0] exec.TableScanOperator: Initializing Operator: TS[0]
2024-04-24T00:54:13,336  INFO [LocalJobRunner Map Task Executor #0] exec.SelectOperator: Initializing Operator: SEL[1]
2024-04-24T00:54:13,336  INFO [LocalJobRunner Map Task Executor #0] exec.SelectOperator: SELECT struct<a:int,b:int,row__id:struct<writeid:bigint,bucketid:int,rowid:bigint>,input__file__name:string>
2024-04-24T00:54:13,336  INFO [LocalJobRunner Map Task Executor #0] exec.ReduceSinkOperator: Initializing Operator: RS[2]
2024-04-24T00:54:13,336  INFO [LocalJobRunner Map Task Executor #0] exec.ReduceSinkOperator: Using tag = -1
2024-04-24T00:54:13,337  INFO [LocalJobRunner Map Task Executor #0] exec.ReduceSinkOperator: keys are [reducesinkkey0] num distributions: 1
2024-04-24T00:54:13,337  INFO [LocalJobRunner Map Task Executor #0] exec.ReduceSinkOperator: RS[2]: records written - 1
2024-04-24T00:54:13,337  INFO [LocalJobRunner Map Task Executor #0] exec.MapOperator: MAP[0]: records read - 1
2024-04-24T00:54:13,337  INFO [LocalJobRunner Map Task Executor #0] exec.MapOperator: Closing Operator: MAP[0]
2024-04-24T00:54:13,337  INFO [LocalJobRunner Map Task Executor #0] exec.MapOperator: MAP[0]: Total records read - 4. abort - false
2024-04-24T00:54:13,337  INFO [LocalJobRunner Map Task Executor #0] exec.MapOperator: RECORDS_IN:4, DESERIALIZE_ERRORS:0, RECORDS_OUT_OPERATOR_MAP_0:0, RECORDS_OUT_INTERMEDIATE:0, 
2024-04-24T00:54:13,337  INFO [LocalJobRunner Map Task Executor #0] exec.TableScanOperator: Closing Operator: TS[0]
2024-04-24T00:54:13,337  INFO [LocalJobRunner Map Task Executor #0] exec.TableScanOperator: RECORDS_OUT_OPERATOR_TS_0:4, RECORDS_OUT_INTERMEDIATE:0, 
2024-04-24T00:54:13,338  INFO [LocalJobRunner Map Task Executor #0] exec.SelectOperator: Closing Operator: SEL[1]
2024-04-24T00:54:13,338  INFO [LocalJobRunner Map Task Executor #0] exec.SelectOperator: RECORDS_OUT_OPERATOR_SEL_1:4, RECORDS_OUT_INTERMEDIATE:0, 
2024-04-24T00:54:13,338  INFO [LocalJobRunner Map Task Executor #0] exec.ReduceSinkOperator: Closing Operator: RS[2]
2024-04-24T00:54:13,338  INFO [LocalJobRunner Map Task Executor #0] exec.ReduceSinkOperator: RS[2]: Total records written - 4. abort - false
2024-04-24T00:54:13,338  INFO [LocalJobRunner Map Task Executor #0] exec.ReduceSinkOperator: RECORDS_OUT_INTERMEDIATE:4, RECORDS_OUT_OPERATOR_RS_2:4, 
2024-04-24T00:54:13,338  INFO [LocalJobRunner Map Task Executor #0] mapred.LocalJobRunner: 
2024-04-24T00:54:13,338  INFO [LocalJobRunner Map Task Executor #0] mapred.MapTask: Starting flush of map output
2024-04-24T00:54:13,338  INFO [LocalJobRunner Map Task Executor #0] mapred.MapTask: Spilling map output
2024-04-24T00:54:13,338  INFO [LocalJobRunner Map Task Executor #0] mapred.MapTask: bufstart = 0; bufend = 740; bufvoid = 104857600
2024-04-24T00:54:13,338  INFO [LocalJobRunner Map Task Executor #0] mapred.MapTask: kvstart = 26214396(104857584); kvend = 26214384(104857536); length = 13/6553600
2024-04-24T00:54:13,349  INFO [LocalJobRunner Map Task Executor #0] mapred.MapTask: Finished spill 0
2024-04-24T00:54:13,351  INFO [LocalJobRunner Map Task Executor #0] mapred.Task: Task:attempt_local344602004_0025_m_000000_0 is done. And is in the process of committing
2024-04-24T00:54:13,352  INFO [LocalJobRunner Map Task Executor #0] mapred.LocalJobRunner: OrcSplit [file:/home/alex/Repositories/hive/ql/target/tmp/org.apache.hadoop.hive.ql.TestTxnNoBuckets-1713945183193/warehouse/nonacidnonbucket/000000_0_copy_1, start=0, length=257, isOriginal=true, fileLength=257, hasFooter=false, hasBase=true, deltas=0]
2024-04-24T00:54:13,352  INFO [LocalJobRunner Map Task Executor #0] mapred.Task: Task 'attempt_local344602004_0025_m_000000_0' done.
2024-04-24T00:54:13,352  INFO [LocalJobRunner Map Task Executor #0] mapred.Task: Final Counters for attempt_local344602004_0025_m_000000_0: Counters: 24
	File System Counters
		FILE: Number of bytes read=509063
		FILE: Number of bytes written=30031708
		FILE: Number of read operations=0
		FILE: Number of large read operations=0
		FILE: Number of write operations=0
	Map-Reduce Framework
		Map input records=4
		Map output records=4
		Map output bytes=740
		Map output materialized bytes=758
		Input split bytes=489
		Combine input records=0
		Spilled Records=4
		Failed Shuffles=0
		Merged Map outputs=0
		GC time elapsed (ms)=0
		Total committed heap usage (bytes)=1122500608
	HIVE
		DESERIALIZE_ERRORS=0
		RECORDS_IN=4
		RECORDS_OUT_INTERMEDIATE=4
		RECORDS_OUT_OPERATOR_MAP_0=0
		RECORDS_OUT_OPERATOR_RS_2=4
		RECORDS_OUT_OPERATOR_SEL_1=4
		RECORDS_OUT_OPERATOR_TS_0=4
	File Input Format Counters 
		Bytes Read=6595
2024-04-24T00:54:13,352  INFO [LocalJobRunner Map Task Executor #0] mapred.LocalJobRunner: Finishing task: attempt_local344602004_0025_m_000000_0
2024-04-24T00:54:13,352  INFO [LocalJobRunner Map Task Executor #0] mapred.LocalJobRunner: Starting task: attempt_local344602004_0025_m_000001_0
2024-04-24T00:54:13,353  INFO [LocalJobRunner Map Task Executor #0] mapred.Task:  Using ResourceCalculatorProcessTree : [ ]
2024-04-24T00:54:13,353  INFO [LocalJobRunner Map Task Executor #0] mapred.MapTask: Processing split: org.apache.hadoop.hive.ql.io.orc.OrcInputFormat:OrcSplit [file:/home/alex/Repositories/hive/ql/target/tmp/org.apache.hadoop.hive.ql.TestTxnNoBuckets-1713945183193/warehouse/nonacidnonbucket/000000_0, start=0, length=254, isOriginal=true, fileLength=254, hasFooter=false, hasBase=true, deltas=0]
2024-04-24T00:54:13,353  INFO [LocalJobRunner Map Task Executor #0] exec.SerializationUtilities: Deserializing MapWork using kryo
2024-04-24T00:54:13,354  INFO [LocalJobRunner Map Task Executor #0] exec.Utilities: Deserialized plan (via FILE) - name: null size: 5,17KB
2024-04-24T00:54:13,355  INFO [LocalJobRunner Map Task Executor #0] orc.OrcRawRecordMerger: min key = null, max key = null
2024-04-24T00:54:13,355  INFO [LocalJobRunner Map Task Executor #0] orc.ReaderImpl: Reading ORC rows from file:/home/alex/Repositories/hive/ql/target/tmp/org.apache.hadoop.hive.ql.TestTxnNoBuckets-1713945183193/warehouse/nonacidnonbucket/000000_0 with {include: [true, true, true], offset: 0, length: 254, schema: struct<a:int,b:int>, includeAcidColumns: true}
2024-04-24T00:54:13,364  INFO [LocalJobRunner Map Task Executor #0] orc.OrcRawRecordMerger: updated min key = null, max key = null
2024-04-24T00:54:13,364  INFO [LocalJobRunner Map Task Executor #0] mapred.MapTask: numReduceTasks: 1
2024-04-24T00:54:13,368  INFO [LocalJobRunner Map Task Executor #0] mapred.MapTask: (EQUATOR) 0 kvi 26214396(104857584)
2024-04-24T00:54:13,368  INFO [LocalJobRunner Map Task Executor #0] mapred.MapTask: mapreduce.task.io.sort.mb: 100
2024-04-24T00:54:13,368  INFO [LocalJobRunner Map Task Executor #0] mapred.MapTask: soft limit at 83886080
2024-04-24T00:54:13,368  INFO [LocalJobRunner Map Task Executor #0] mapred.MapTask: bufstart = 0; bufvoid = 104857600
2024-04-24T00:54:13,368  INFO [LocalJobRunner Map Task Executor #0] mapred.MapTask: kvstart = 26214396; length = 6553600
2024-04-24T00:54:13,369  INFO [LocalJobRunner Map Task Executor #0] mapred.MapTask: Map output collector class = org.apache.hadoop.mapred.MapTask$MapOutputBuffer
2024-04-24T00:54:13,369  INFO [LocalJobRunner Map Task Executor #0] exec.MapOperator: Initializing Operator: MAP[0]
2024-04-24T00:54:13,370  INFO [LocalJobRunner Map Task Executor #0] mr.ExecMapper: 
<MAP>Id =0
  <Children>null
  <\Children>
  <Parent><\Parent>
<\MAP>
2024-04-24T00:54:13,371  INFO [LocalJobRunner Map Task Executor #0] exec.TableScanOperator: Initializing Operator: TS[0]
2024-04-24T00:54:13,371  INFO [LocalJobRunner Map Task Executor #0] exec.SelectOperator: Initializing Operator: SEL[1]
2024-04-24T00:54:13,371  INFO [LocalJobRunner Map Task Executor #0] exec.SelectOperator: SELECT struct<a:int,b:int,row__id:struct<writeid:bigint,bucketid:int,rowid:bigint>,input__file__name:string>
2024-04-24T00:54:13,371  INFO [LocalJobRunner Map Task Executor #0] exec.ReduceSinkOperator: Initializing Operator: RS[2]
2024-04-24T00:54:13,371  INFO [LocalJobRunner Map Task Executor #0] exec.ReduceSinkOperator: Using tag = -1
2024-04-24T00:54:13,371  INFO [LocalJobRunner Map Task Executor #0] exec.ReduceSinkOperator: keys are [reducesinkkey0] num distributions: 1
2024-04-24T00:54:13,371  INFO [LocalJobRunner Map Task Executor #0] exec.ReduceSinkOperator: RS[2]: records written - 1
2024-04-24T00:54:13,371  INFO [LocalJobRunner Map Task Executor #0] exec.MapOperator: MAP[0]: records read - 1
2024-04-24T00:54:13,371  INFO [LocalJobRunner Map Task Executor #0] exec.MapOperator: Closing Operator: MAP[0]
2024-04-24T00:54:13,371  INFO [LocalJobRunner Map Task Executor #0] exec.MapOperator: MAP[0]: Total records read - 2. abort - false
2024-04-24T00:54:13,372  INFO [LocalJobRunner Map Task Executor #0] exec.MapOperator: RECORDS_OUT_INTERMEDIATE:0, RECORDS_OUT_OPERATOR_MAP_0:0, RECORDS_IN:2, DESERIALIZE_ERRORS:0, 
2024-04-24T00:54:13,372  INFO [LocalJobRunner Map Task Executor #0] exec.TableScanOperator: Closing Operator: TS[0]
2024-04-24T00:54:13,372  INFO [LocalJobRunner Map Task Executor #0] exec.TableScanOperator: RECORDS_OUT_INTERMEDIATE:0, RECORDS_OUT_OPERATOR_TS_0:2, 
2024-04-24T00:54:13,372  INFO [LocalJobRunner Map Task Executor #0] exec.SelectOperator: Closing Operator: SEL[1]
2024-04-24T00:54:13,372  INFO [LocalJobRunner Map Task Executor #0] exec.SelectOperator: RECORDS_OUT_INTERMEDIATE:0, RECORDS_OUT_OPERATOR_SEL_1:2, 
2024-04-24T00:54:13,372  INFO [LocalJobRunner Map Task Executor #0] exec.ReduceSinkOperator: Closing Operator: RS[2]
2024-04-24T00:54:13,372  INFO [LocalJobRunner Map Task Executor #0] exec.ReduceSinkOperator: RS[2]: Total records written - 2. abort - false
2024-04-24T00:54:13,372  INFO [LocalJobRunner Map Task Executor #0] exec.ReduceSinkOperator: RECORDS_OUT_INTERMEDIATE:2, RECORDS_OUT_OPERATOR_RS_2:2, 
2024-04-24T00:54:13,372  INFO [LocalJobRunner Map Task Executor #0] mapred.LocalJobRunner: 
2024-04-24T00:54:13,372  INFO [LocalJobRunner Map Task Executor #0] mapred.MapTask: Starting flush of map output
2024-04-24T00:54:13,372  INFO [LocalJobRunner Map Task Executor #0] mapred.MapTask: Spilling map output
2024-04-24T00:54:13,372  INFO [LocalJobRunner Map Task Executor #0] mapred.MapTask: bufstart = 0; bufend = 356; bufvoid = 104857600
2024-04-24T00:54:13,372  INFO [LocalJobRunner Map Task Executor #0] mapred.MapTask: kvstart = 26214396(104857584); kvend = 26214392(104857568); length = 5/6553600
2024-04-24T00:54:13,381  INFO [LocalJobRunner Map Task Executor #0] mapred.MapTask: Finished spill 0
2024-04-24T00:54:13,384  INFO [LocalJobRunner Map Task Executor #0] mapred.Task: Task:attempt_local344602004_0025_m_000001_0 is done. And is in the process of committing
2024-04-24T00:54:13,384  INFO [LocalJobRunner Map Task Executor #0] mapred.LocalJobRunner: OrcSplit [file:/home/alex/Repositories/hive/ql/target/tmp/org.apache.hadoop.hive.ql.TestTxnNoBuckets-1713945183193/warehouse/nonacidnonbucket/000000_0, start=0, length=254, isOriginal=true, fileLength=254, hasFooter=false, hasBase=true, deltas=0]
2024-04-24T00:54:13,384  INFO [LocalJobRunner Map Task Executor #0] mapred.Task: Task 'attempt_local344602004_0025_m_000001_0' done.
2024-04-24T00:54:13,385  INFO [LocalJobRunner Map Task Executor #0] mapred.Task: Final Counters for attempt_local344602004_0025_m_000001_0: Counters: 24
	File System Counters
		FILE: Number of bytes read=516855
		FILE: Number of bytes written=30032108
		FILE: Number of read operations=0
		FILE: Number of large read operations=0
		FILE: Number of write operations=0
	Map-Reduce Framework
		Map input records=2
		Map output records=2
		Map output bytes=356
		Map output materialized bytes=368
		Input split bytes=482
		Combine input records=0
		Spilled Records=2
		Failed Shuffles=0
		Merged Map outputs=0
		GC time elapsed (ms)=0
		Total committed heap usage (bytes)=1122500608
	HIVE
		DESERIALIZE_ERRORS=0
		RECORDS_IN=2
		RECORDS_OUT_INTERMEDIATE=2
		RECORDS_OUT_OPERATOR_MAP_0=0
		RECORDS_OUT_OPERATOR_RS_2=2
		RECORDS_OUT_OPERATOR_SEL_1=2
		RECORDS_OUT_OPERATOR_TS_0=2
	File Input Format Counters 
		Bytes Read=6305
2024-04-24T00:54:13,385  INFO [LocalJobRunner Map Task Executor #0] mapred.LocalJobRunner: Finishing task: attempt_local344602004_0025_m_000001_0
2024-04-24T00:54:13,385  INFO [LocalJobRunner Map Task Executor #0] mapred.LocalJobRunner: Starting task: attempt_local344602004_0025_m_000002_0
2024-04-24T00:54:13,385  INFO [LocalJobRunner Map Task Executor #0] mapred.Task:  Using ResourceCalculatorProcessTree : [ ]
2024-04-24T00:54:13,385  INFO [LocalJobRunner Map Task Executor #0] mapred.MapTask: Processing split: org.apache.hadoop.hive.ql.io.orc.OrcInputFormat:OrcSplit [file:/home/alex/Repositories/hive/ql/target/tmp/org.apache.hadoop.hive.ql.TestTxnNoBuckets-1713945183193/warehouse/nonacidnonbucket/000000_0_copy_2, start=0, length=254, isOriginal=true, fileLength=254, hasFooter=false, hasBase=true, deltas=0]
2024-04-24T00:54:13,386  INFO [LocalJobRunner Map Task Executor #0] exec.SerializationUtilities: Deserializing MapWork using kryo
2024-04-24T00:54:13,386  INFO [LocalJobRunner Map Task Executor #0] exec.Utilities: Deserialized plan (via FILE) - name: null size: 5,17KB
2024-04-24T00:54:13,387  INFO [LocalJobRunner Map Task Executor #0] orc.OrcRawRecordMerger: min key = null, max key = null
2024-04-24T00:54:13,387  INFO [LocalJobRunner Map Task Executor #0] orc.ReaderImpl: Reading ORC rows from file:/home/alex/Repositories/hive/ql/target/tmp/org.apache.hadoop.hive.ql.TestTxnNoBuckets-1713945183193/warehouse/nonacidnonbucket/000000_0_copy_2 with {include: [true, true, true], offset: 0, length: 254, schema: struct<a:int,b:int>, includeAcidColumns: true}
2024-04-24T00:54:13,397  INFO [LocalJobRunner Map Task Executor #0] orc.OrcRawRecordMerger: updated min key = null, max key = null
2024-04-24T00:54:13,398  INFO [LocalJobRunner Map Task Executor #0] mapred.MapTask: numReduceTasks: 1
2024-04-24T00:54:13,402  INFO [LocalJobRunner Map Task Executor #0] mapred.MapTask: (EQUATOR) 0 kvi 26214396(104857584)
2024-04-24T00:54:13,402  INFO [LocalJobRunner Map Task Executor #0] mapred.MapTask: mapreduce.task.io.sort.mb: 100
2024-04-24T00:54:13,402  INFO [LocalJobRunner Map Task Executor #0] mapred.MapTask: soft limit at 83886080
2024-04-24T00:54:13,402  INFO [LocalJobRunner Map Task Executor #0] mapred.MapTask: bufstart = 0; bufvoid = 104857600
2024-04-24T00:54:13,402  INFO [LocalJobRunner Map Task Executor #0] mapred.MapTask: kvstart = 26214396; length = 6553600
2024-04-24T00:54:13,403  INFO [LocalJobRunner Map Task Executor #0] mapred.MapTask: Map output collector class = org.apache.hadoop.mapred.MapTask$MapOutputBuffer
2024-04-24T00:54:13,403  INFO [LocalJobRunner Map Task Executor #0] exec.MapOperator: Initializing Operator: MAP[0]
2024-04-24T00:54:13,404  INFO [LocalJobRunner Map Task Executor #0] mr.ExecMapper: 
<MAP>Id =0
  <Children>null
  <\Children>
  <Parent><\Parent>
<\MAP>
2024-04-24T00:54:13,405  INFO [LocalJobRunner Map Task Executor #0] exec.TableScanOperator: Initializing Operator: TS[0]
2024-04-24T00:54:13,405  INFO [LocalJobRunner Map Task Executor #0] exec.SelectOperator: Initializing Operator: SEL[1]
2024-04-24T00:54:13,405  INFO [LocalJobRunner Map Task Executor #0] exec.SelectOperator: SELECT struct<a:int,b:int,row__id:struct<writeid:bigint,bucketid:int,rowid:bigint>,input__file__name:string>
2024-04-24T00:54:13,405  INFO [LocalJobRunner Map Task Executor #0] exec.ReduceSinkOperator: Initializing Operator: RS[2]
2024-04-24T00:54:13,405  INFO [LocalJobRunner Map Task Executor #0] exec.ReduceSinkOperator: Using tag = -1
2024-04-24T00:54:13,405  INFO [LocalJobRunner Map Task Executor #0] exec.ReduceSinkOperator: keys are [reducesinkkey0] num distributions: 1
2024-04-24T00:54:13,406  INFO [LocalJobRunner Map Task Executor #0] exec.ReduceSinkOperator: RS[2]: records written - 1
2024-04-24T00:54:13,406  INFO [LocalJobRunner Map Task Executor #0] exec.MapOperator: MAP[0]: records read - 1
2024-04-24T00:54:13,406  INFO [LocalJobRunner Map Task Executor #0] exec.MapOperator: Closing Operator: MAP[0]
2024-04-24T00:54:13,406  INFO [LocalJobRunner Map Task Executor #0] exec.MapOperator: MAP[0]: Total records read - 1. abort - false
2024-04-24T00:54:13,406  INFO [LocalJobRunner Map Task Executor #0] exec.MapOperator: RECORDS_IN:1, RECORDS_OUT_OPERATOR_MAP_0:0, DESERIALIZE_ERRORS:0, RECORDS_OUT_INTERMEDIATE:0, 
2024-04-24T00:54:13,406  INFO [LocalJobRunner Map Task Executor #0] exec.TableScanOperator: Closing Operator: TS[0]
2024-04-24T00:54:13,406  INFO [LocalJobRunner Map Task Executor #0] exec.TableScanOperator: RECORDS_OUT_INTERMEDIATE:0, RECORDS_OUT_OPERATOR_TS_0:1, 
2024-04-24T00:54:13,406  INFO [LocalJobRunner Map Task Executor #0] exec.SelectOperator: Closing Operator: SEL[1]
2024-04-24T00:54:13,406  INFO [LocalJobRunner Map Task Executor #0] exec.SelectOperator: RECORDS_OUT_OPERATOR_SEL_1:1, RECORDS_OUT_INTERMEDIATE:0, 
2024-04-24T00:54:13,406  INFO [LocalJobRunner Map Task Executor #0] exec.ReduceSinkOperator: Closing Operator: RS[2]
2024-04-24T00:54:13,406  INFO [LocalJobRunner Map Task Executor #0] exec.ReduceSinkOperator: RS[2]: Total records written - 1. abort - false
2024-04-24T00:54:13,406  INFO [LocalJobRunner Map Task Executor #0] exec.ReduceSinkOperator: RECORDS_OUT_OPERATOR_RS_2:1, RECORDS_OUT_INTERMEDIATE:1, 
2024-04-24T00:54:13,407  INFO [LocalJobRunner Map Task Executor #0] mapred.LocalJobRunner: 
2024-04-24T00:54:13,407  INFO [LocalJobRunner Map Task Executor #0] mapred.MapTask: Starting flush of map output
2024-04-24T00:54:13,407  INFO [LocalJobRunner Map Task Executor #0] mapred.MapTask: Spilling map output
2024-04-24T00:54:13,407  INFO [LocalJobRunner Map Task Executor #0] mapred.MapTask: bufstart = 0; bufend = 185; bufvoid = 104857600
2024-04-24T00:54:13,407  INFO [LocalJobRunner Map Task Executor #0] mapred.MapTask: kvstart = 26214396(104857584); kvend = 26214396(104857584); length = 1/6553600
2024-04-24T00:54:13,420  INFO [LocalJobRunner Map Task Executor #0] mapred.MapTask: Finished spill 0
2024-04-24T00:54:13,429  INFO [LocalJobRunner Map Task Executor #0] mapred.Task: Task:attempt_local344602004_0025_m_000002_0 is done. And is in the process of committing
2024-04-24T00:54:13,430  INFO [LocalJobRunner Map Task Executor #0] mapred.LocalJobRunner: OrcSplit [file:/home/alex/Repositories/hive/ql/target/tmp/org.apache.hadoop.hive.ql.TestTxnNoBuckets-1713945183193/warehouse/nonacidnonbucket/000000_0_copy_2, start=0, length=254, isOriginal=true, fileLength=254, hasFooter=false, hasBase=true, deltas=0]
2024-04-24T00:54:13,430  INFO [LocalJobRunner Map Task Executor #0] mapred.Task: Task 'attempt_local344602004_0025_m_000002_0' done.
2024-04-24T00:54:13,430  INFO [LocalJobRunner Map Task Executor #0] mapred.Task: Final Counters for attempt_local344602004_0025_m_000002_0: Counters: 24
	File System Counters
		FILE: Number of bytes read=524694
		FILE: Number of bytes written=30032334
		FILE: Number of read operations=0
		FILE: Number of large read operations=0
		FILE: Number of write operations=0
	Map-Reduce Framework
		Map input records=1
		Map output records=1
		Map output bytes=185
		Map output materialized bytes=194
		Input split bytes=489
		Combine input records=0
		Spilled Records=1
		Failed Shuffles=0
		Merged Map outputs=0
		GC time elapsed (ms)=0
		Total committed heap usage (bytes)=1122500608
	HIVE
		DESERIALIZE_ERRORS=0
		RECORDS_IN=1
		RECORDS_OUT_INTERMEDIATE=1
		RECORDS_OUT_OPERATOR_MAP_0=0
		RECORDS_OUT_OPERATOR_RS_2=1
		RECORDS_OUT_OPERATOR_SEL_1=1
		RECORDS_OUT_OPERATOR_TS_0=1
	File Input Format Counters 
		Bytes Read=6864
2024-04-24T00:54:13,431  INFO [LocalJobRunner Map Task Executor #0] mapred.LocalJobRunner: Finishing task: attempt_local344602004_0025_m_000002_0
2024-04-24T00:54:13,431  INFO [Thread-1569] mapred.LocalJobRunner: map task executor complete.
2024-04-24T00:54:13,433  INFO [Thread-1569] mapred.LocalJobRunner: Waiting for reduce tasks
2024-04-24T00:54:13,434  INFO [pool-119-thread-1] mapred.LocalJobRunner: Starting task: attempt_local344602004_0025_r_000000_0
2024-04-24T00:54:13,435  INFO [pool-119-thread-1] mapred.Task:  Using ResourceCalculatorProcessTree : [ ]
2024-04-24T00:54:13,435  INFO [pool-119-thread-1] mapred.ReduceTask: Using ShuffleConsumerPlugin: org.apache.hadoop.mapreduce.task.reduce.Shuffle@70077078
2024-04-24T00:54:13,435  WARN [pool-119-thread-1] impl.MetricsSystemImpl: JobTracker metrics system already initialized!
2024-04-24T00:54:13,438  INFO [pool-119-thread-1] reduce.MergeManagerImpl: MergerManager: memoryLimit=1336252800, maxSingleShuffleLimit=334063200, mergeThreshold=881926912, ioSortFactor=10, memToMemMergeOutputsThreshold=10
2024-04-24T00:54:13,440  INFO [EventFetcher for fetching Map Completion Events] reduce.EventFetcher: attempt_local344602004_0025_r_000000_0 Thread started: EventFetcher for fetching Map Completion Events
2024-04-24T00:54:13,450  INFO [localfetcher#13] reduce.LocalFetcher: localfetcher#13 about to shuffle output of map attempt_local344602004_0025_m_000000_0 decomp: 754 len: 758 to MEMORY
2024-04-24T00:54:13,451  INFO [localfetcher#13] reduce.InMemoryMapOutput: Read 754 bytes from map-output for attempt_local344602004_0025_m_000000_0
2024-04-24T00:54:13,451  INFO [localfetcher#13] reduce.MergeManagerImpl: closeInMemoryFile -> map-output of size: 754, inMemoryMapOutputs.size() -> 1, commitMemory -> 0, usedMemory ->754
2024-04-24T00:54:13,455  INFO [localfetcher#13] reduce.LocalFetcher: localfetcher#13 about to shuffle output of map attempt_local344602004_0025_m_000002_0 decomp: 190 len: 194 to MEMORY
2024-04-24T00:54:13,456  INFO [localfetcher#13] reduce.InMemoryMapOutput: Read 190 bytes from map-output for attempt_local344602004_0025_m_000002_0
2024-04-24T00:54:13,456  INFO [localfetcher#13] reduce.MergeManagerImpl: closeInMemoryFile -> map-output of size: 190, inMemoryMapOutputs.size() -> 2, commitMemory -> 754, usedMemory ->944
2024-04-24T00:54:13,460  INFO [localfetcher#13] reduce.LocalFetcher: localfetcher#13 about to shuffle output of map attempt_local344602004_0025_m_000001_0 decomp: 364 len: 368 to MEMORY
2024-04-24T00:54:13,461  INFO [localfetcher#13] reduce.InMemoryMapOutput: Read 364 bytes from map-output for attempt_local344602004_0025_m_000001_0
2024-04-24T00:54:13,461  INFO [localfetcher#13] reduce.MergeManagerImpl: closeInMemoryFile -> map-output of size: 364, inMemoryMapOutputs.size() -> 3, commitMemory -> 944, usedMemory ->1308
2024-04-24T00:54:13,461  INFO [EventFetcher for fetching Map Completion Events] reduce.EventFetcher: EventFetcher is interrupted.. Returning
2024-04-24T00:54:13,462  INFO [pool-119-thread-1] mapred.LocalJobRunner: 3 / 3 copied.
2024-04-24T00:54:13,463  INFO [pool-119-thread-1] reduce.MergeManagerImpl: finalMerge called with 3 in-memory map-outputs and 0 on-disk map-outputs
2024-04-24T00:54:13,476  INFO [pool-119-thread-1] mapred.Merger: Merging 3 sorted segments
2024-04-24T00:54:13,476  INFO [pool-119-thread-1] mapred.Merger: Down to the last merge-pass, with 3 segments left of total size: 1212 bytes
2024-04-24T00:54:13,484  INFO [pool-119-thread-1] reduce.MergeManagerImpl: Merged 3 segments, 1308 bytes to disk to satisfy reduce memory limit
2024-04-24T00:54:13,484  INFO [pool-119-thread-1] reduce.MergeManagerImpl: Merging 1 files, 1308 bytes from disk
2024-04-24T00:54:13,484  INFO [pool-119-thread-1] reduce.MergeManagerImpl: Merging 0 segments, 0 bytes from memory into reduce
2024-04-24T00:54:13,484  INFO [pool-119-thread-1] mapred.Merger: Merging 1 sorted segments
2024-04-24T00:54:13,485  INFO [pool-119-thread-1] mapred.Merger: Down to the last merge-pass, with 1 segments left of total size: 1272 bytes
2024-04-24T00:54:13,485  INFO [pool-119-thread-1] mapred.LocalJobRunner: 3 / 3 copied.
2024-04-24T00:54:13,486  INFO [pool-119-thread-1] exec.SerializationUtilities: Deserializing ReduceWork using kryo
2024-04-24T00:54:13,488  INFO [pool-119-thread-1] exec.Utilities: Deserialized plan (via FILE) - name: null size: 6,10KB
2024-04-24T00:54:13,490  INFO [pool-119-thread-1] ExecReducer: 
<SEL>Id =3
  <Children>
    <FS>Id =4
      <Children>
      <\Children>
      <Parent>Id = 3 null<\Parent>
    <\FS>
  <\Children>
  <Parent><\Parent>
<\SEL>
2024-04-24T00:54:13,490  INFO [pool-119-thread-1] exec.SelectOperator: Initializing Operator: SEL[3]
2024-04-24T00:54:13,491  INFO [pool-119-thread-1] exec.SelectOperator: SELECT struct<key:struct<reducesinkkey0:struct<writeid:bigint,bucketid:int,rowid:bigint>>,value:struct<_col0:int,_col1:int,_col2:string>>
2024-04-24T00:54:13,491  INFO [pool-119-thread-1] exec.FileSinkOperator: Initializing Operator: FS[4]
2024-04-24T00:54:13,492  INFO [pool-119-thread-1] exec.FileSinkOperator: Using serializer : class org.apache.hadoop.hive.serde2.lazy.LazySimpleSerDe [serdeParams=org.apache.hadoop.hive.serde2.lazy.LazySerDeParameters@5b9cde07, cachedObjectInspector=org.apache.hadoop.hive.serde2.lazy.objectinspector.LazySimpleStructObjectInspector<org.apache.hadoop.hive.serde2.lazy.objectinspector.LazySimpleStructObjectInspector<org.apache.hadoop.hive.serde2.lazy.objectinspector.primitive.LazyLongObjectInspector@f1b0658,org.apache.hadoop.hive.serde2.lazy.objectinspector.primitive.LazyIntObjectInspector@4870d2e1,org.apache.hadoop.hive.serde2.lazy.objectinspector.primitive.LazyLongObjectInspector@f1b0658>,org.apache.hadoop.hive.serde2.lazy.objectinspector.primitive.LazyIntObjectInspector@4870d2e1,org.apache.hadoop.hive.serde2.lazy.objectinspector.primitive.LazyIntObjectInspector@4870d2e1,org.apache.hadoop.hive.serde2.lazy.objectinspector.primitive.LazyStringObjectInspector@361065d1>, serializedSize=0, stats=org.apache.hadoop.hive.serde2.SerDeStats@2d4ba12a, lastOperationSerialize=false, lastOperationDeserialize=false [1, 2, 3, 4, 5, 6, 7, 8, 11, 14, 15, 16, 17, 18, 19, 20, 21, 22, 23, 24, 25, 26, 28, 29, 30, 31, -128, -127, -126, -125, -124, -123, -122, -121, -120, -119, -118, -117, -116, -115, -114, -113, -112, -111, -110, -109, -108, -107, -106, -105, -104, -103, -102, -101, -100, -99, -98, -97, -96, -95, -94, -93, -92, -91, -90, -89, -88, -87, -86, -85, -84, -83, -82, -81, -80, -79, -78, -77, -76, -75, -74, -73, -72, -71, -70, -69, -68, -67, -66, -65, -64, -63, -62, -61, -60, -59, -58, -57, -56, -55, -54, -53, -52, -51, -50, -49, -48, -47, -46, -45, -44, -43, -42, -41, -40, -39, -38, -37, -36, -35, -34, -33, -32, -31, -30, -29, -28, -27, -26, -25, -24, -23, -22, -21, -20, -19, -18, -17, -16, -15, -14, -13, -12, -11, -10, -9, -8, -7, -6, -5, -4, -3, -2, -1] : [_col0, _col1, _col2, _col3] : [struct<writeid:bigint,bucketid:int,rowid:bigint>, int, int, string]] and formatter : org.apache.hadoop.hive.ql.io.HiveSequenceFileOutputFormat@7a57585b
2024-04-24T00:54:13,494  INFO [pool-119-thread-1] exec.FileSinkOperator: Final Path: FS file:/home/alex/Repositories/hive/ql/target/tmp/localscratchdir/5cf0a0f8-53f1-4859-9489-cf76cd9d84a2/hive_2024-04-24_00-54-12_810_2961774309346846787-1/-mr-10001/.hive-staging_hive_2024-04-24_00-54-12_810_2961774309346846787-1/_tmp.-ext-10002/000000_0
2024-04-24T00:54:13,494  INFO [pool-119-thread-1] exec.FileSinkOperator: Writing to temp file: FS file:/home/alex/Repositories/hive/ql/target/tmp/localscratchdir/5cf0a0f8-53f1-4859-9489-cf76cd9d84a2/hive_2024-04-24_00-54-12_810_2961774309346846787-1/-mr-10001/.hive-staging_hive_2024-04-24_00-54-12_810_2961774309346846787-1/_task_tmp.-ext-10002/_tmp.000000_0
2024-04-24T00:54:13,494  INFO [pool-119-thread-1] exec.FileSinkOperator: New Final Path: FS file:/home/alex/Repositories/hive/ql/target/tmp/localscratchdir/5cf0a0f8-53f1-4859-9489-cf76cd9d84a2/hive_2024-04-24_00-54-12_810_2961774309346846787-1/-mr-10001/.hive-staging_hive_2024-04-24_00-54-12_810_2961774309346846787-1/_tmp.-ext-10002/000000_0
2024-04-24T00:54:13,515  INFO [pool-119-thread-1] exec.FileSinkOperator: FS[4]: records written - 1
2024-04-24T00:54:13,517  INFO [pool-119-thread-1] exec.SelectOperator: Closing Operator: SEL[3]
2024-04-24T00:54:13,517  INFO [pool-119-thread-1] exec.SelectOperator: RECORDS_OUT_INTERMEDIATE:0, RECORDS_OUT_OPERATOR_SEL_3:7, 
2024-04-24T00:54:13,517  INFO [pool-119-thread-1] exec.FileSinkOperator: Closing Operator: FS[4]
2024-04-24T00:54:13,517  INFO [pool-119-thread-1] exec.FileSinkOperator: FS[4]: records written - 7
2024-04-24T00:54:13,519  INFO [pool-119-thread-1] exec.FileSinkOperator: RECORDS_OUT_OPERATOR_FS_4:7, RECORDS_OUT_0:7, RECORDS_OUT_INTERMEDIATE:0, 
2024-04-24T00:54:13,520  INFO [pool-119-thread-1] mapred.Task: Task:attempt_local344602004_0025_r_000000_0 is done. And is in the process of committing
2024-04-24T00:54:13,521  INFO [pool-119-thread-1] mapred.LocalJobRunner: reduce > reduce
2024-04-24T00:54:13,521  INFO [pool-119-thread-1] mapred.Task: Task 'attempt_local344602004_0025_r_000000_0' done.
2024-04-24T00:54:13,522  INFO [pool-119-thread-1] mapred.Task: Final Counters for attempt_local344602004_0025_r_000000_0: Counters: 29
	File System Counters
		FILE: Number of bytes read=533575
		FILE: Number of bytes written=30034990
		FILE: Number of read operations=0
		FILE: Number of large read operations=0
		FILE: Number of write operations=0
	Map-Reduce Framework
		Combine input records=0
		Combine output records=0
		Reduce input groups=7
		Reduce shuffle bytes=1320
		Reduce input records=7
		Reduce output records=0
		Spilled Records=7
		Shuffled Maps =3
		Failed Shuffles=0
		Merged Map outputs=3
		GC time elapsed (ms)=0
		Total committed heap usage (bytes)=1122500608
	HIVE
		CREATED_FILES=1
		RECORDS_OUT_0=7
		RECORDS_OUT_INTERMEDIATE=0
		RECORDS_OUT_OPERATOR_FS_4=7
		RECORDS_OUT_OPERATOR_SEL_3=7
	Shuffle Errors
		BAD_ID=0
		CONNECTION=0
		IO_ERROR=0
		WRONG_LENGTH=0
		WRONG_MAP=0
		WRONG_REDUCE=0
	File Output Format Counters 
		Bytes Written=0
2024-04-24T00:54:13,522  INFO [pool-119-thread-1] mapred.LocalJobRunner: Finishing task: attempt_local344602004_0025_r_000000_0
2024-04-24T00:54:13,522  INFO [Thread-1569] mapred.LocalJobRunner: reduce task executor complete.
2024-04-24 00:54:14,313 Stage-1 map = 100%,  reduce = 100%
2024-04-24T00:54:14,313  INFO [main] exec.Task: 2024-04-24 00:54:14,313 Stage-1 map = 100%,  reduce = 100%
Ended Job = job_local344602004_0025
2024-04-24T00:54:14,315  INFO [main] exec.Task: Ended Job = job_local344602004_0025
2024-04-24T00:54:14,316  INFO [main] metadata.Hive: Dumping metastore api call timing information for : execution phase
2024-04-24T00:54:14,316  INFO [main] metadata.Hive: Total time spent in each metastore function (ms): {}
MapReduce Jobs Launched: 
2024-04-24T00:54:14,317  INFO [main] ql.Driver: MapReduce Jobs Launched: 
Stage-Stage-1:  HDFS Read: 0 HDFS Write: 0 SUCCESS
2024-04-24T00:54:14,317  INFO [main] ql.Driver: Stage-Stage-1:  HDFS Read: 0 HDFS Write: 0 SUCCESS
Total MapReduce CPU Time Spent: 0 msec
2024-04-24T00:54:14,317  INFO [main] ql.Driver: Total MapReduce CPU Time Spent: 0 msec
2024-04-24T00:54:14,317  INFO [main] ql.Driver: Completed executing command(queryId=alex_20240424005412_a47c479a-8354-41c2-8035-bcdf7411fd09); Time taken: 1.315 seconds
2024-04-24T00:54:14,317  INFO [main] lockmgr.DbTxnManager: Stopped heartbeat for query: alex_20240424005412_a47c479a-8354-41c2-8035-bcdf7411fd09
2024-04-24T00:54:14,321  INFO [main] txn.TxnHandler: Expected to move at least one record from txn_components to completed_txn_components when committing txn! txnid:17
2024-04-24T00:54:14,327  INFO [main] txn.TxnHandler: Removed transactions: ([17]) from MIN_HISTORY_LEVEL
2024-04-24T00:54:14,327  WARN [main] txn.CompactionTxnHandler: No compaction queue record found for Compaction type transaction commit. txnId:17
2024-04-24T00:54:14,332  INFO [main] mapred.FileInputFormat: Total input files to process : 1
2024-04-24T00:54:14,333  INFO [main] exec.ListSinkOperator: Closing Operator: LIST_SINK[5]
2024-04-24T00:54:14,333  INFO [main] exec.ListSinkOperator: RECORDS_OUT_INTERMEDIATE:0, RECORDS_OUT_OPERATOR_LIST_SINK_5:7, 
2024-04-24T00:54:14,333  WARN [main] ql.TestTxnNoBuckets: before acid ops (after convert)
2024-04-24T00:54:14,333  WARN [main] ql.TestTxnNoBuckets: {"writeid":0,"bucketid":536870912,"rowid":0}	1	2	file:/home/alex/Repositories/hive/ql/target/tmp/org.apache.hadoop.hive.ql.TestTxnNoBuckets-1713945183193/warehouse/nonacidnonbucket/000000_0
2024-04-24T00:54:14,333  WARN [main] ql.TestTxnNoBuckets: {"writeid":0,"bucketid":536870912,"rowid":1}	1	3	file:/home/alex/Repositories/hive/ql/target/tmp/org.apache.hadoop.hive.ql.TestTxnNoBuckets-1713945183193/warehouse/nonacidnonbucket/000000_0
2024-04-24T00:54:14,333  WARN [main] ql.TestTxnNoBuckets: {"writeid":0,"bucketid":536870912,"rowid":2}	0	12	file:/home/alex/Repositories/hive/ql/target/tmp/org.apache.hadoop.hive.ql.TestTxnNoBuckets-1713945183193/warehouse/nonacidnonbucket/000000_0_copy_1
2024-04-24T00:54:14,333  WARN [main] ql.TestTxnNoBuckets: {"writeid":0,"bucketid":536870912,"rowid":3}	0	13	file:/home/alex/Repositories/hive/ql/target/tmp/org.apache.hadoop.hive.ql.TestTxnNoBuckets-1713945183193/warehouse/nonacidnonbucket/000000_0_copy_1
2024-04-24T00:54:14,333  WARN [main] ql.TestTxnNoBuckets: {"writeid":0,"bucketid":536870912,"rowid":4}	1	4	file:/home/alex/Repositories/hive/ql/target/tmp/org.apache.hadoop.hive.ql.TestTxnNoBuckets-1713945183193/warehouse/nonacidnonbucket/000000_0_copy_1
2024-04-24T00:54:14,333  WARN [main] ql.TestTxnNoBuckets: {"writeid":0,"bucketid":536870912,"rowid":5}	1	5	file:/home/alex/Repositories/hive/ql/target/tmp/org.apache.hadoop.hive.ql.TestTxnNoBuckets-1713945183193/warehouse/nonacidnonbucket/000000_0_copy_1
2024-04-24T00:54:14,333  WARN [main] ql.TestTxnNoBuckets: {"writeid":0,"bucketid":536870912,"rowid":6}	1	6	file:/home/alex/Repositories/hive/ql/target/tmp/org.apache.hadoop.hive.ql.TestTxnNoBuckets-1713945183193/warehouse/nonacidnonbucket/000000_0_copy_2
2024-04-24T00:54:14,333  INFO [main] ql.TxnCommandsBaseForTests: Running the query: insert into nonAcidNonBucket(a,b) values(0,15),(1,16)
2024-04-24T00:54:14,334  INFO [main] ql.Context: Deleting scratch dir: file:/home/alex/Repositories/hive/ql/target/tmp/localscratchdir/5cf0a0f8-53f1-4859-9489-cf76cd9d84a2/hive_2024-04-24_00-54-12_810_2961774309346846787-1
2024-04-24T00:54:14,334  INFO [main] cleanup.SyncCleanupService: Deleted directory: file:/home/alex/Repositories/hive/ql/target/tmp/localscratchdir/5cf0a0f8-53f1-4859-9489-cf76cd9d84a2/hive_2024-04-24_00-54-12_810_2961774309346846787-1 on fs with scheme file
2024-04-24T00:54:14,335  INFO [main] ql.Driver: Compiling command(queryId=alex_20240424005414_405b9345-11d8-49fe-b09c-733a0ea581e3): insert into nonAcidNonBucket(a,b) values(0,15),(1,16)
2024-04-24T00:54:14,338  INFO [main] txn.TxnHandler: Added entries to MIN_HISTORY_LEVEL for current txns: ([18]) with min_open_txn: 18
2024-04-24T00:54:14,338  INFO [main] lockmgr.DbTxnManager: Opened txnid:18
2024-04-24T00:54:14,339  INFO [main] parse.CalcitePlanner: Starting caching scope for: 
2024-04-24T00:54:14,339  INFO [main] parse.CalcitePlanner: Starting Semantic Analysis
2024-04-24T00:54:14,343  INFO [main] HiveMetaStore.audit: ugi=alex	ip=unknown-ip-addr	cmd=get_table : tbl=hive.default.nonAcidNonBucket	
2024-04-24T00:54:14,351  INFO [main] metastore.HMSHandler: Skipping translation for processor with null
2024-04-24T00:54:14,352  INFO [main] parse.CalcitePlanner: Completed phase 1 of Semantic Analysis
2024-04-24T00:54:14,352  INFO [main] parse.CalcitePlanner: Get metadata for source tables
2024-04-24T00:54:14,352  INFO [main] parse.CalcitePlanner: Get metadata for subqueries
2024-04-24T00:54:14,352  INFO [main] parse.CalcitePlanner: Get metadata for destination tables
2024-04-24T00:54:14,352  INFO [main] HiveMetaStore.audit: ugi=alex	ip=unknown-ip-addr	cmd=get_table : tbl=hive.default.nonAcidNonBucket	
2024-04-24T00:54:14,359  INFO [main] metastore.HMSHandler: Skipping translation for processor with null
2024-04-24T00:54:14,359  INFO [main] parse.CalcitePlanner: Completed getting MetaData in Semantic Analysis
2024-04-24T00:54:14,359  INFO [main] parse.CalcitePlanner: Disabling LLAP IO encode as ETL query is detected
2024-04-24T00:54:14,381  INFO [main] HiveMetaStore.audit: ugi=alex	ip=unknown-ip-addr	cmd=get_all_table_constraints : tbl=hive._dummy_database._dummy_table	
2024-04-24T00:54:14,437  INFO [main] parse.CalcitePlanner: Get metadata for source tables
2024-04-24T00:54:14,437  INFO [main] parse.CalcitePlanner: Get metadata for subqueries
2024-04-24T00:54:14,437  INFO [main] parse.CalcitePlanner: Get metadata for source tables
2024-04-24T00:54:14,437  INFO [main] HiveMetaStore.audit: ugi=alex	ip=unknown-ip-addr	cmd=get_table : tbl=hive._dummy_database._dummy_table	
2024-04-24T00:54:14,440  INFO [main] parse.CalcitePlanner: Get metadata for subqueries
2024-04-24T00:54:14,440  INFO [main] parse.CalcitePlanner: Get metadata for destination tables
2024-04-24T00:54:14,440  INFO [main] parse.CalcitePlanner: Get metadata for destination tables
2024-04-24T00:54:14,440  INFO [main] HiveMetaStore.audit: ugi=alex	ip=unknown-ip-addr	cmd=get_table : tbl=hive.default.nonAcidNonBucket	
2024-04-24T00:54:14,454  INFO [main] metastore.HMSHandler: Skipping translation for processor with null
2024-04-24T00:54:14,457  INFO [main] HiveMetaStore.audit: ugi=alex	ip=unknown-ip-addr	cmd=get_not_null_constraints : tbl=hive.default.nonacidnonbucket	
2024-04-24T00:54:14,459  INFO [main] HiveMetaStore.audit: ugi=alex	ip=unknown-ip-addr	cmd=get_check_constraints : tbl=hive.default.nonacidnonbucket	
2024-04-24T00:54:14,469  INFO [main] txn.TxnHandler: Allocated writeId: 10000001 for txnId: 18
2024-04-24T00:54:14,469  INFO [main] txn.TxnHandler: Allocated write ids for dbName=default, tblName=nonacidnonbucket (txnIds: [18])
2024-04-24T00:54:14,470  INFO [main] parse.CalcitePlanner: CBO Succeeded; optimized logical plan.
2024-04-24T00:54:14,472  INFO [main] optimizer.BucketVersionPopulator: not considering bucketingVersion for: TS[0] because it has -1<2 buckets 
2024-04-24T00:54:14,473  INFO [main] optimizer.SortedDynPartitionOptimizer: Sorted dynamic partitioning optimization kicked in..
2024-04-24T00:54:14,481  INFO [main] HiveMetaStore.audit: ugi=alex	ip=unknown-ip-addr	cmd=get_table : tbl=hive.default.nonacidnonbucket	
2024-04-24T00:54:14,489  INFO [main] metastore.HMSHandler: Skipping translation for processor with null
2024-04-24T00:54:14,490  INFO [main] physical.Vectorizer: Examining input format to see if vectorization is enabled.
2024-04-24T00:54:14,490  INFO [main] physical.Vectorizer: Map vectorization enabled: false
2024-04-24T00:54:14,490  INFO [main] physical.Vectorizer: Map vectorized: false
2024-04-24T00:54:14,490  INFO [main] physical.Vectorizer: Map vectorizedVertexNum: 0
2024-04-24T00:54:14,490  INFO [main] physical.Vectorizer: Map enabledConditionsMet: [hive.vectorized.use.vectorized.input.format IS true]
2024-04-24T00:54:14,490  INFO [main] physical.Vectorizer: Map enabledConditionsNotMet: [Could not enable vectorization due to partition column names size 1 is greater than the number of table column names size 0 IS false]
2024-04-24T00:54:14,491  INFO [main] physical.Vectorizer: Map inputFileFormatClassNameSet: [org.apache.hadoop.hive.ql.io.NullRowsInputFormat]
2024-04-24T00:54:14,491  INFO [main] parse.CalcitePlanner: Completed plan generation
2024-04-24T00:54:14,491  INFO [main] parse.CalcitePlanner: Ending caching scope for: 
2024-04-24T00:54:14,491  INFO [main] ql.Driver: Semantic Analysis Completed (retrial = false)
2024-04-24T00:54:14,491  INFO [main] ql.Driver: Created Hive schema: Schema(fieldSchemas:[FieldSchema(name:_col0, type:int, comment:null), FieldSchema(name:_col1, type:int, comment:null)], properties:null)
2024-04-24T00:54:14,491  INFO [main] metadata.Hive: Dumping metastore api call timing information for : compilation phase
2024-04-24T00:54:14,491  INFO [main] metadata.Hive: Total time spent in each metastore function (ms): {getAllTableConstraints_(AllTableConstraintsRequest)=5, getValidWriteIds_(List, String)=5, getValidTxns_(long)=1, allocateTableWriteId_(long, String, String)=9, flushCache_()=0, getNotNullConstraints_(NotNullConstraintsRequest)=2, getCheckConstraints_(CheckConstraintsRequest)=2, isCompatibleWith_(Configuration)=1, getTable_(GetTableRequest)=39, commitTxn_(CommitTxnRequest)=11, openTxn_(String, TxnType)=2}
2024-04-24T00:54:14,491  INFO [main] ql.Driver: Completed compiling command(queryId=alex_20240424005414_405b9345-11d8-49fe-b09c-733a0ea581e3); Time taken: 0.156 seconds
2024-04-24T00:54:14,492  INFO [main] lockmgr.DbTxnManager: Setting lock request transaction to txnid:18 for queryId=alex_20240424005414_405b9345-11d8-49fe-b09c-733a0ea581e3
2024-04-24T00:54:14,492  INFO [main] lockmgr.DbLockManager: Requesting lock for queryId=alex_20240424005414_405b9345-11d8-49fe-b09c-733a0ea581e3
2024-04-24T00:54:14,510  INFO [main] lockmgr.DbLockManager: Response to queryId=alex_20240424005414_405b9345-11d8-49fe-b09c-733a0ea581e3 LockResponse(lockid:12, state:ACQUIRED)
2024-04-24T00:54:14,510  INFO [main] ql.Driver: Operation QUERY obtained 1 locks
2024-04-24T00:54:14,513  INFO [main] ql.Driver: Executing command(queryId=alex_20240424005414_405b9345-11d8-49fe-b09c-733a0ea581e3): insert into nonAcidNonBucket(a,b) values(0,15),(1,16)
2024-04-24T00:54:14,513  WARN [main] ql.Driver: Hive-on-MR is deprecated in Hive 2 and may not be available in the future versions. Consider using a different execution engine (i.e. tez, spark) or using Hive 1.X releases.
Query ID = alex_20240424005414_405b9345-11d8-49fe-b09c-733a0ea581e3
2024-04-24T00:54:14,513  INFO [main] ql.Driver: Query ID = alex_20240424005414_405b9345-11d8-49fe-b09c-733a0ea581e3
Total jobs = 1
2024-04-24T00:54:14,513  INFO [main] ql.Driver: Total jobs = 1
Launching Job 1 out of 1
2024-04-24T00:54:14,513  INFO [main] ql.Driver: Launching Job 1 out of 1
2024-04-24T00:54:14,660  INFO [main] ql.Driver: Starting task [Stage-1:MAPRED] in serial mode
Number of reduce tasks is set to 0 since there's no reduce operator
2024-04-24T00:54:14,660  INFO [main] exec.Task: Number of reduce tasks is set to 0 since there's no reduce operator
2024-04-24T00:54:14,662  INFO [main] mr.ExecDriver: Using org.apache.hadoop.hive.ql.io.HiveInputFormat
2024-04-24T00:54:14,663  INFO [main] exec.Utilities: Processing alias $hdt$_0:_dummy_table
2024-04-24T00:54:14,663  INFO [main] exec.Utilities: Adding 1 inputs; the first input is file:/home/alex/Repositories/hive/ql/target/tmp/localscratchdir/5cf0a0f8-53f1-4859-9489-cf76cd9d84a2/hive_2024-04-24_00-54-14_334_2622473717710014892-1/dummy_path
2024-04-24T00:54:14,673  INFO [main] exec.SerializationUtilities: Serializing MapWork using kryo
2024-04-24T00:54:14,673  INFO [main] exec.Utilities: Serialized plan (via FILE) - name: null size: 5,83KB
2024-04-24T00:54:14,674  WARN [main] impl.MetricsSystemImpl: JobTracker metrics system already initialized!
2024-04-24T00:54:14,678  INFO [main] fs.FSStatsPublisher: created : file:/home/alex/Repositories/hive/ql/target/tmp/localscratchdir/5cf0a0f8-53f1-4859-9489-cf76cd9d84a2/hive_2024-04-24_00-54-14_334_2622473717710014892-1/-mr-10000
2024-04-24T00:54:14,680  WARN [main] impl.MetricsSystemImpl: JobTracker metrics system already initialized!
2024-04-24T00:54:14,687  WARN [main] mapreduce.JobResourceUploader: Hadoop command-line option parsing not performed. Implement the Tool interface and execute your application with ToolRunner to remedy this.
2024-04-24T00:54:14,692  WARN [main] mapreduce.JobResourceUploader: No job jar file set.  User classes may not be found. See Job or Job#setJar(String).
2024-04-24T00:54:14,693  INFO [main] io.HiveInputFormat: hive.io.file.readcolumn.ids = 
2024-04-24T00:54:14,693  INFO [main] io.HiveInputFormat: hive.io.file.readcolumn.names = 
2024-04-24T00:54:14,693  INFO [main] io.HiveInputFormat: Generating splits for dirs: file:/home/alex/Repositories/hive/ql/target/tmp/localscratchdir/5cf0a0f8-53f1-4859-9489-cf76cd9d84a2/hive_2024-04-24_00-54-14_334_2622473717710014892-1/dummy_path
2024-04-24T00:54:14,693  INFO [main] io.HiveInputFormat: number of splits 1
2024-04-24T00:54:14,710  INFO [main] mapreduce.JobSubmitter: number of splits:1
2024-04-24T00:54:14,730  INFO [main] mapreduce.JobSubmitter: Submitting tokens for job: job_local370985485_0026
2024-04-24T00:54:14,730  INFO [main] mapreduce.JobSubmitter: Executing with tokens: []
2024-04-24T00:54:14,809  INFO [main] mapreduce.Job: The url to track the job: http://localhost:8080/
Job running in-process (local Hadoop)
2024-04-24T00:54:14,809  INFO [main] exec.Task: Job running in-process (local Hadoop)
2024-04-24T00:54:14,809  INFO [Thread-1633] mapred.LocalJobRunner: OutputCommitter set in config org.apache.hadoop.hive.ql.io.HiveFileFormatUtils$NullOutputCommitter
2024-04-24T00:54:14,809  INFO [Thread-1633] mapred.LocalJobRunner: OutputCommitter is org.apache.hadoop.hive.ql.io.HiveFileFormatUtils$NullOutputCommitter
2024-04-24T00:54:14,811  INFO [Thread-1633] mapred.LocalJobRunner: Waiting for map tasks
2024-04-24T00:54:14,811  INFO [LocalJobRunner Map Task Executor #0] mapred.LocalJobRunner: Starting task: attempt_local370985485_0026_m_000000_0
2024-04-24T00:54:14,812  INFO [LocalJobRunner Map Task Executor #0] mapred.Task:  Using ResourceCalculatorProcessTree : [ ]
2024-04-24T00:54:14,812  INFO [LocalJobRunner Map Task Executor #0] mapred.MapTask: Processing split: org.apache.hadoop.hive.ql.io.NullRowsInputFormat:file:/home/alex/Repositories/hive/ql/target/tmp/localscratchdir/5cf0a0f8-53f1-4859-9489-cf76cd9d84a2/hive_2024-04-24_00-54-14_334_2622473717710014892-1/dummy_path/null:0+1
2024-04-24T00:54:14,813  INFO [LocalJobRunner Map Task Executor #0] exec.SerializationUtilities: Deserializing MapWork using kryo
2024-04-24T00:54:14,813  INFO [LocalJobRunner Map Task Executor #0] exec.Utilities: Deserialized plan (via FILE) - name: null size: 5,83KB
2024-04-24T00:54:14,814  INFO [LocalJobRunner Map Task Executor #0] mapred.MapTask: numReduceTasks: 0
2024-04-24T00:54:14,814  INFO [LocalJobRunner Map Task Executor #0] exec.MapOperator: Initializing Operator: MAP[0]
2024-04-24T00:54:14,814  INFO [LocalJobRunner Map Task Executor #0] mr.ExecMapper: 
<MAP>Id =0
  <Children>null
  <\Children>
  <Parent><\Parent>
<\MAP>
2024-04-24T00:54:14,815  INFO [LocalJobRunner Map Task Executor #0] exec.TableScanOperator: Initializing Operator: TS[0]
2024-04-24T00:54:14,815  INFO [LocalJobRunner Map Task Executor #0] exec.SelectOperator: Initializing Operator: SEL[1]
2024-04-24T00:54:14,815  INFO [LocalJobRunner Map Task Executor #0] exec.SelectOperator: SELECT null
2024-04-24T00:54:14,815  INFO [LocalJobRunner Map Task Executor #0] exec.UDTFOperator: Initializing Operator: UDTF[2]
2024-04-24T00:54:14,815  INFO [LocalJobRunner Map Task Executor #0] exec.SelectOperator: Initializing Operator: SEL[3]
2024-04-24T00:54:14,815  INFO [LocalJobRunner Map Task Executor #0] exec.SelectOperator: SELECT struct<col1:int,col2:int>
2024-04-24T00:54:14,816  INFO [LocalJobRunner Map Task Executor #0] exec.FileSinkOperator: Initializing Operator: FS[4]
2024-04-24T00:54:14,816  INFO [LocalJobRunner Map Task Executor #0] exec.FileSinkOperator: Using serializer : AbstractSerDe [log=org.apache.logging.slf4j.Log4jLogger@22a08b61, configuration=Optional[Configuration: core-default.xml, core-site.xml, mapred-default.xml, mapred-site.xml, yarn-default.xml, yarn-site.xml, hdfs-default.xml, hdfs-site.xml, file:/home/alex/Repositories/hive/ql/target/tmp/TestTxnNoBucketsVectorized/mapred/local/localRunner/alex/job_local370985485_0026/job_local370985485_0026.xml], properties={transactional_properties=default, name=default.nonacidnonbucket, transactional=true, columns.types=int:int, columns=a,b, numFilesErasureCoded=0, columns.comments=&amp#0;, last_modified_time=1713945252, bucketing_version=2, serialization.lib=org.apache.hadoop.hive.ql.io.orc.OrcSerde, file.inputformat=org.apache.hadoop.hive.ql.io.orc.OrcInputFormat, file.outputformat=org.apache.hadoop.hive.ql.io.orc.OrcOutputFormat, location=file:/home/alex/Repositories/hive/ql/target/tmp/org.apache.hadoop.hive.ql.TestTxnNoBuckets-1713945183193/warehouse/nonacidnonbucket, column.name.delimiter=,, last_modified_by=alex}, tableProperties={transactional_properties=default, name=default.nonacidnonbucket, transactional=true, columns.types=int:int, columns=a,b, numFilesErasureCoded=0, columns.comments=&amp#0;, last_modified_time=1713945252, bucketing_version=2, serialization.lib=org.apache.hadoop.hive.ql.io.orc.OrcSerde, file.inputformat=org.apache.hadoop.hive.ql.io.orc.OrcInputFormat, location=file:/home/alex/Repositories/hive/ql/target/tmp/org.apache.hadoop.hive.ql.TestTxnNoBuckets-1713945183193/warehouse/nonacidnonbucket, file.outputformat=org.apache.hadoop.hive.ql.io.orc.OrcOutputFormat, last_modified_by=alex, column.name.delimiter=,}, partitionProperties=Optional.empty, columnNames=[a, b], columnTypes=[int, int], getClass()=class org.apache.hadoop.hive.ql.io.orc.OrcSerde] and formatter : org.apache.hadoop.hive.ql.io.orc.OrcOutputFormat@4083ba44
2024-04-24T00:54:14,816  INFO [LocalJobRunner Map Task Executor #0] exec.FileSinkOperator: Final Path: FS file:/home/alex/Repositories/hive/ql/target/tmp/org.apache.hadoop.hive.ql.TestTxnNoBuckets-1713945183193/warehouse/nonacidnonbucket
2024-04-24T00:54:14,816  INFO [LocalJobRunner Map Task Executor #0] exec.FileSinkOperator: New Final Path: FS file:/home/alex/Repositories/hive/ql/target/tmp/org.apache.hadoop.hive.ql.TestTxnNoBuckets-1713945183193/warehouse/nonacidnonbucket
2024-04-24T00:54:14,817  INFO [LocalJobRunner Map Task Executor #0] common.FileUtils: Creating directory if it doesn't exist: file:/home/alex/Repositories/hive/ql/target/tmp/org.apache.hadoop.hive.ql.TestTxnNoBuckets-1713945183193/warehouse
2024-04-24T00:54:14,817  INFO [LocalJobRunner Map Task Executor #0] exec.FileSinkOperator: FS[4]: records written - 1
2024-04-24T00:54:14,817  INFO [LocalJobRunner Map Task Executor #0] impl.PhysicalFsWriter: ORC writer created for path: file:/home/alex/Repositories/hive/ql/target/tmp/org.apache.hadoop.hive.ql.TestTxnNoBuckets-1713945183193/warehouse/nonacidnonbucket/delta_10000001_10000001_0000/bucket_00000_0 with stripeSize: 8388608 blockSize: 268435456 compression: Compress: ZLIB buffer: 32768
2024-04-24T00:54:14,825  INFO [LocalJobRunner Map Task Executor #0] impl.WriterImpl: ORC writer created for path: file:/home/alex/Repositories/hive/ql/target/tmp/org.apache.hadoop.hive.ql.TestTxnNoBuckets-1713945183193/warehouse/nonacidnonbucket/delta_10000001_10000001_0000/bucket_00000_0 with stripeSize: 8388608 options: Compress: ZLIB buffer: 32768
2024-04-24T00:54:14,829  INFO [LocalJobRunner Map Task Executor #0] exec.MapOperator: MAP[0]: records read - 1
2024-04-24T00:54:14,829  INFO [LocalJobRunner Map Task Executor #0] exec.MapOperator: Closing Operator: MAP[0]
2024-04-24T00:54:14,829  INFO [LocalJobRunner Map Task Executor #0] exec.MapOperator: MAP[0]: Total records read - 3. abort - false
2024-04-24T00:54:14,830  INFO [LocalJobRunner Map Task Executor #0] exec.MapOperator: RECORDS_OUT_INTERMEDIATE:0, DESERIALIZE_ERRORS:0, RECORDS_IN:3, RECORDS_OUT_OPERATOR_MAP_0:0, 
2024-04-24T00:54:14,830  INFO [LocalJobRunner Map Task Executor #0] exec.TableScanOperator: Closing Operator: TS[0]
2024-04-24T00:54:14,830  INFO [LocalJobRunner Map Task Executor #0] exec.TableScanOperator: RECORDS_OUT_INTERMEDIATE:0, RECORDS_OUT_OPERATOR_TS_0:1, 
2024-04-24T00:54:14,830  INFO [LocalJobRunner Map Task Executor #0] exec.SelectOperator: Closing Operator: SEL[1]
2024-04-24T00:54:14,830  INFO [LocalJobRunner Map Task Executor #0] exec.SelectOperator: RECORDS_OUT_INTERMEDIATE:0, RECORDS_OUT_OPERATOR_SEL_1:1, 
2024-04-24T00:54:14,830  INFO [LocalJobRunner Map Task Executor #0] exec.UDTFOperator: Closing Operator: UDTF[2]
2024-04-24T00:54:14,830  INFO [LocalJobRunner Map Task Executor #0] exec.UDTFOperator: RECORDS_OUT_INTERMEDIATE:0, RECORDS_OUT_OPERATOR_UDTF_2:2, 
2024-04-24T00:54:14,830  INFO [LocalJobRunner Map Task Executor #0] exec.SelectOperator: Closing Operator: SEL[3]
2024-04-24T00:54:14,830  INFO [LocalJobRunner Map Task Executor #0] exec.SelectOperator: RECORDS_OUT_INTERMEDIATE:0, RECORDS_OUT_OPERATOR_SEL_3:2, 
2024-04-24T00:54:14,830  INFO [LocalJobRunner Map Task Executor #0] exec.FileSinkOperator: Closing Operator: FS[4]
2024-04-24T00:54:14,830  INFO [LocalJobRunner Map Task Executor #0] exec.FileSinkOperator: FS[4]: records written - 2
2024-04-24T00:54:14,832  INFO [LocalJobRunner Map Task Executor #0] FileOperations: Writing manifest to file:/home/alex/Repositories/hive/ql/target/tmp/org.apache.hadoop.hive.ql.TestTxnNoBuckets-1713945183193/warehouse/nonacidnonbucket/_tmp.delta_10000001_10000001_0000/000000_0.manifest with [file:/home/alex/Repositories/hive/ql/target/tmp/org.apache.hadoop.hive.ql.TestTxnNoBuckets-1713945183193/warehouse/nonacidnonbucket/delta_10000001_10000001_0000/bucket_00000_0]
2024-04-24T00:54:14,843  INFO [LocalJobRunner Map Task Executor #0] exec.FileSinkOperator: RECORDS_OUT_OPERATOR_FS_4:2, RECORDS_OUT_1_default.nonacidnonbucket:2, RECORDS_OUT_INTERMEDIATE:0, TOTAL_TABLE_ROWS_WRITTEN:2, 
2024-04-24T00:54:14,843  INFO [LocalJobRunner Map Task Executor #0] mapred.LocalJobRunner: 
2024-04-24T00:54:14,844  INFO [LocalJobRunner Map Task Executor #0] mapred.Task: Task:attempt_local370985485_0026_m_000000_0 is done. And is in the process of committing
2024-04-24T00:54:14,844  INFO [LocalJobRunner Map Task Executor #0] mapred.LocalJobRunner: map
2024-04-24T00:54:14,844  INFO [LocalJobRunner Map Task Executor #0] mapred.Task: Task 'attempt_local370985485_0026_m_000000_0' done.
2024-04-24T00:54:14,844  INFO [LocalJobRunner Map Task Executor #0] mapred.Task: Final Counters for attempt_local370985485_0026_m_000000_0: Counters: 27
	File System Counters
		FILE: Number of bytes read=541214
		FILE: Number of bytes written=31232546
		FILE: Number of read operations=0
		FILE: Number of large read operations=0
		FILE: Number of write operations=0
	Map-Reduce Framework
		Map input records=4
		Map output records=0
		Input split bytes=361
		Spilled Records=0
		Failed Shuffles=0
		Merged Map outputs=0
		GC time elapsed (ms)=0
		Total committed heap usage (bytes)=1121976320
	HIVE
		CREATED_FILES=1
		DESERIALIZE_ERRORS=0
		RECORDS_IN=3
		RECORDS_OUT_1_default.nonacidnonbucket=2
		RECORDS_OUT_INTERMEDIATE=0
		RECORDS_OUT_OPERATOR_FS_4=2
		RECORDS_OUT_OPERATOR_MAP_0=0
		RECORDS_OUT_OPERATOR_SEL_1=1
		RECORDS_OUT_OPERATOR_SEL_3=2
		RECORDS_OUT_OPERATOR_TS_0=1
		RECORDS_OUT_OPERATOR_UDTF_2=2
		TOTAL_TABLE_ROWS_WRITTEN=2
	File Input Format Counters 
		Bytes Read=5886
	File Output Format Counters 
		Bytes Written=0
2024-04-24T00:54:14,844  INFO [LocalJobRunner Map Task Executor #0] mapred.LocalJobRunner: Finishing task: attempt_local370985485_0026_m_000000_0
2024-04-24T00:54:14,844  INFO [Thread-1633] mapred.LocalJobRunner: map task executor complete.
2024-04-24 00:54:15,810 Stage-1 map = 100%,  reduce = 0%
2024-04-24T00:54:15,810  INFO [main] exec.Task: 2024-04-24 00:54:15,810 Stage-1 map = 100%,  reduce = 0%
Ended Job = job_local370985485_0026
2024-04-24T00:54:15,811  INFO [main] exec.Task: Ended Job = job_local370985485_0026
2024-04-24T00:54:15,812  INFO [main] FileOperations: Found manifest file file:/home/alex/Repositories/hive/ql/target/tmp/org.apache.hadoop.hive.ql.TestTxnNoBuckets-1713945183193/warehouse/nonacidnonbucket/_tmp.delta_10000001_10000001_0000/000000_0.manifest with attemptId 0.
2024-04-24T00:54:15,812  INFO [main] FileOperations: Looking at manifest file: file:/home/alex/Repositories/hive/ql/target/tmp/org.apache.hadoop.hive.ql.TestTxnNoBuckets-1713945183193/warehouse/nonacidnonbucket/_tmp.delta_10000001_10000001_0000/000000_0.manifest
2024-04-24T00:54:15,812  INFO [main] FileOperations: Deleting manifest directory file:/home/alex/Repositories/hive/ql/target/tmp/org.apache.hadoop.hive.ql.TestTxnNoBuckets-1713945183193/warehouse/nonacidnonbucket/_tmp.delta_10000001_10000001_0000
2024-04-24T00:54:15,814  INFO [main] ql.Driver: Starting task [Stage-0:MOVE] in serial mode
Loading data to table default.nonacidnonbucket
2024-04-24T00:54:15,814  INFO [main] exec.Task: Loading data to table default.nonacidnonbucket from file:/home/alex/Repositories/hive/ql/target/tmp/org.apache.hadoop.hive.ql.TestTxnNoBuckets-1713945183193/warehouse/nonacidnonbucket
2024-04-24T00:54:15,814  INFO [main] HiveMetaStore.audit: ugi=alex	ip=unknown-ip-addr	cmd=get_table : tbl=hive.default.nonacidnonbucket	
2024-04-24T00:54:15,826  INFO [main] metastore.HMSHandler: Skipping translation for processor with null
2024-04-24T00:54:15,826  INFO [main] HiveMetaStore.audit: ugi=alex	ip=unknown-ip-addr	cmd=get_table : tbl=hive.default.nonacidnonbucket	
2024-04-24T00:54:15,838  INFO [main] metastore.HMSHandler: Skipping translation for processor with null
2024-04-24T00:54:15,839  INFO [main] HiveMetaStore.audit: ugi=alex	ip=unknown-ip-addr	cmd=alter_table: hive.default.nonacidnonbucket newtbl=nonacidnonbucket	
2024-04-24T00:54:15,875  INFO [main] ql.Driver: Starting task [Stage-2:STATS] in serial mode
2024-04-24T00:54:15,876  INFO [main] HiveMetaStore.audit: ugi=alex	ip=unknown-ip-addr	cmd=get_table : tbl=hive.default.nonacidnonbucket	
2024-04-24T00:54:15,884  INFO [main] metastore.HMSHandler: Skipping translation for processor with null
2024-04-24T00:54:15,885  INFO [main] stats.BasicStatsTask: Executing stats task
2024-04-24T00:54:15,885  INFO [main] fs.FSStatsPublisher: created : file:/home/alex/Repositories/hive/ql/target/tmp/localscratchdir/5cf0a0f8-53f1-4859-9489-cf76cd9d84a2/hive_2024-04-24_00-54-14_334_2622473717710014892-1/-mr-10000
2024-04-24T00:54:15,886  INFO [main] HiveMetaStore.audit: ugi=alex	ip=unknown-ip-addr	cmd=get_table : tbl=hive.default.nonacidnonbucket	
2024-04-24T00:54:15,894  INFO [main] metastore.HMSHandler: Skipping translation for processor with null
2024-04-24T00:54:15,912  WARN [main] FileOperations: Computing stats for an ACID table; stats may be inaccurate
2024-04-24T00:54:15,912  INFO [main] FileOperations: Read stats for default.nonacidnonbucket/, numRows, true, 2, false: 
2024-04-24T00:54:15,912  INFO [main] FileOperations: Read stats for default.nonacidnonbucket/, rawDataSize, true, 0, false: 
2024-04-24T00:54:15,912  INFO [main] HiveMetaStore.audit: ugi=alex	ip=unknown-ip-addr	cmd=alter_table: hive.default.nonacidnonbucket newtbl=nonacidnonbucket	
2024-04-24T00:54:15,937  INFO [main] FileOperations: Read stats for default.nonacidnonbucket/, insertCount, true, 2, false: 
2024-04-24T00:54:15,937  INFO [main] FileOperations: Read stats for default.nonacidnonbucket/, updateCount, true, 0, false: 
2024-04-24T00:54:15,937  INFO [main] FileOperations: Read stats for default.nonacidnonbucket/, deleteCount, true, 0, false: 
2024-04-24T00:54:15,940  INFO [main] stats.BasicStatsTask: Table default.nonacidnonbucket stats: [numFiles=4, numRows=9, totalSize=1515, rawDataSize=56, numFilesErasureCoded=0]
2024-04-24T00:54:15,940  INFO [main] metadata.Hive: Dumping metastore api call timing information for : execution phase
2024-04-24T00:54:15,940  INFO [main] metadata.Hive: Total time spent in each metastore function (ms): {getTable_(GetTableRequest)=42, updateTransactionalStatistics_(UpdateTransactionalStatsRequest)=3, isCompatibleWith_(Configuration)=0, alter_table_(String, String, String, Table, EnvironmentContext, String)=61}
MapReduce Jobs Launched: 
2024-04-24T00:54:15,941  INFO [main] ql.Driver: MapReduce Jobs Launched: 
Stage-Stage-1:  HDFS Read: 0 HDFS Write: 0 SUCCESS
2024-04-24T00:54:15,941  INFO [main] ql.Driver: Stage-Stage-1:  HDFS Read: 0 HDFS Write: 0 SUCCESS
Total MapReduce CPU Time Spent: 0 msec
2024-04-24T00:54:15,941  INFO [main] ql.Driver: Total MapReduce CPU Time Spent: 0 msec
2024-04-24T00:54:15,941  INFO [main] ql.Driver: Completed executing command(queryId=alex_20240424005414_405b9345-11d8-49fe-b09c-733a0ea581e3); Time taken: 1.427 seconds
2024-04-24T00:54:15,941  INFO [main] lockmgr.DbTxnManager: Stopped heartbeat for query: alex_20240424005414_405b9345-11d8-49fe-b09c-733a0ea581e3
2024-04-24T00:54:15,953  INFO [main] txn.TxnHandler: Removed transactions: ([18]) from MIN_HISTORY_LEVEL
2024-04-24T00:54:15,953  WARN [main] txn.CompactionTxnHandler: No compaction queue record found for Compaction type transaction commit. txnId:18
2024-04-24T00:54:15,954  INFO [main] ql.TxnCommandsBaseForTests: Running the query: update nonAcidNonBucket set b = 120 where a = 0 and b = 12
2024-04-24T00:54:15,954  INFO [main] ql.Context: Deleting scratch dir: file:/home/alex/Repositories/hive/ql/target/tmp/localscratchdir/5cf0a0f8-53f1-4859-9489-cf76cd9d84a2/hive_2024-04-24_00-54-14_334_2622473717710014892-1
2024-04-24T00:54:15,955  INFO [main] cleanup.SyncCleanupService: Deleted directory: file:/home/alex/Repositories/hive/ql/target/tmp/localscratchdir/5cf0a0f8-53f1-4859-9489-cf76cd9d84a2/hive_2024-04-24_00-54-14_334_2622473717710014892-1 on fs with scheme file
2024-04-24T00:54:15,955  INFO [main] ql.Driver: Compiling command(queryId=alex_20240424005415_c843cc5a-073e-4738-8eda-70acef653f25): update nonAcidNonBucket set b = 120 where a = 0 and b = 12
2024-04-24T00:54:15,959  INFO [main] txn.TxnHandler: Added entries to MIN_HISTORY_LEVEL for current txns: ([19]) with min_open_txn: 19
2024-04-24T00:54:15,959  INFO [main] lockmgr.DbTxnManager: Opened txnid:19
2024-04-24T00:54:15,960  INFO [main] parse.UpdateDeleteSemanticAnalyzer: Starting caching scope for: 
2024-04-24T00:54:15,960  INFO [main] HiveMetaStore.audit: ugi=alex	ip=unknown-ip-addr	cmd=get_table : tbl=hive.default.nonAcidNonBucket	
2024-04-24T00:54:15,969  INFO [main] metastore.HMSHandler: Skipping translation for processor with null
2024-04-24T00:54:15,969  INFO [main] parse.RewriteSemanticAnalyzer: Going to reparse <update nonAcidNonBucket set b = 120 where a = 0 and b = 12> as 
<insert into table `default`.`nonAcidNonBucket` select ROW__ID,`a`,`b` from `default`.`nonAcidNonBucket` sort by ROW__ID >
2024-04-24T00:54:15,970  INFO [main] parse.UpdateDeleteSemanticAnalyzer: Starting Semantic Analysis
2024-04-24T00:54:15,973  INFO [main] HiveMetaStore.audit: ugi=alex	ip=unknown-ip-addr	cmd=get_table : tbl=hive.default.nonAcidNonBucket	
2024-04-24T00:54:15,981  INFO [main] metastore.ObjectStore: Removed COLUMN_STATS_ACCURATE from Table's parameters.
2024-04-24T00:54:15,983  INFO [main] metastore.HMSHandler: Skipping translation for processor with null
2024-04-24T00:54:15,983  INFO [main] parse.UpdateDeleteSemanticAnalyzer: Completed phase 1 of Semantic Analysis
2024-04-24T00:54:15,983  INFO [main] parse.UpdateDeleteSemanticAnalyzer: Get metadata for source tables
2024-04-24T00:54:15,983  INFO [main] HiveMetaStore.audit: ugi=alex	ip=unknown-ip-addr	cmd=get_table : tbl=hive.default.nonacidnonbucket	
2024-04-24T00:54:15,990  INFO [main] metastore.ObjectStore: Removed COLUMN_STATS_ACCURATE from Table's parameters.
2024-04-24T00:54:15,992  INFO [main] metastore.HMSHandler: Skipping translation for processor with null
2024-04-24T00:54:15,992  INFO [main] parse.UpdateDeleteSemanticAnalyzer: Get metadata for subqueries
2024-04-24T00:54:15,992  INFO [main] parse.UpdateDeleteSemanticAnalyzer: Get metadata for destination tables
2024-04-24T00:54:15,992  INFO [main] HiveMetaStore.audit: ugi=alex	ip=unknown-ip-addr	cmd=get_table : tbl=hive.default.nonAcidNonBucket	
2024-04-24T00:54:16,001  INFO [main] metastore.HMSHandler: Skipping translation for processor with null
2024-04-24T00:54:16,001  INFO [main] parse.UpdateDeleteSemanticAnalyzer: Completed getting MetaData in Semantic Analysis
2024-04-24T00:54:16,001  INFO [main] parse.UpdateDeleteSemanticAnalyzer: Disabling LLAP IO encode as ETL query is detected
2024-04-24T00:54:16,016  INFO [main] HiveMetaStore.audit: ugi=alex	ip=unknown-ip-addr	cmd=get_all_table_constraints : tbl=hive.default.nonacidnonbucket	
2024-04-24T00:54:16,026  INFO [main] HiveMetaStore.audit: ugi=alex	ip=unknown-ip-addr	cmd=get_not_null_constraints : tbl=hive.default.nonacidnonbucket	
2024-04-24T00:54:16,027  INFO [main] HiveMetaStore.audit: ugi=alex	ip=unknown-ip-addr	cmd=get_check_constraints : tbl=hive.default.nonacidnonbucket	
2024-04-24T00:54:16,060  INFO [main] calcite.RelOptHiveTable: Calculating column statistics for default.nonacidnonbucket, projIndxSet: [0, 1], allowMissingStats: true
2024-04-24T00:54:16,061  INFO [main] HiveMetaStore.audit: ugi=alex	ip=unknown-ip-addr	cmd=get_table_statistics_req: table=hive.default.nonacidnonbucket	
2024-04-24T00:54:16,072  WARN [main] calcite.RelOptHiveTable: No Stats for default@nonacidnonbucket, Columns: b, a
No Stats for default@nonacidnonbucket, Columns: b, a
2024-04-24T00:54:16,072  INFO [main] SessionState: No Stats for default@nonacidnonbucket, Columns: b, a
2024-04-24T00:54:16,197  INFO [main] parse.UpdateDeleteSemanticAnalyzer: Get metadata for source tables
2024-04-24T00:54:16,197  INFO [main] parse.UpdateDeleteSemanticAnalyzer: Get metadata for subqueries
2024-04-24T00:54:16,197  INFO [main] parse.UpdateDeleteSemanticAnalyzer: Get metadata for destination tables
2024-04-24T00:54:16,197  INFO [main] HiveMetaStore.audit: ugi=alex	ip=unknown-ip-addr	cmd=get_table : tbl=hive.default.nonAcidNonBucket	
2024-04-24T00:54:16,209  INFO [main] metastore.HMSHandler: Skipping translation for processor with null
2024-04-24T00:54:16,224  INFO [main] txn.TxnHandler: Allocated writeId: 10000002 for txnId: 19
2024-04-24T00:54:16,225  INFO [main] txn.TxnHandler: Allocated write ids for dbName=default, tblName=nonacidnonbucket (txnIds: [19])
2024-04-24T00:54:16,229  INFO [main] parse.UpdateDeleteSemanticAnalyzer: CBO Succeeded; optimized logical plan.
2024-04-24T00:54:16,237  INFO [main] optimizer.ColumnPrunerProcFactory: RS 5 oldColExprMap: {VALUE._col1=Column[_col1], VALUE._col2=Column[_col2], VALUE._col0=Column[_col0]}
2024-04-24T00:54:16,237  INFO [main] optimizer.ColumnPrunerProcFactory: RS 5 newColExprMap: {VALUE._col2=Column[_col2], VALUE._col0=Column[_col0], VALUE._col1=Column[_col1]}
2024-04-24T00:54:16,237  INFO [main] optimizer.ColumnPrunerProcFactory: RS 3 oldColExprMap: {KEY.reducesinkkey0=Column[_col0]}
2024-04-24T00:54:16,237  INFO [main] optimizer.ColumnPrunerProcFactory: RS 3 newColExprMap: {KEY.reducesinkkey0=Column[_col0]}
2024-04-24T00:54:16,237  INFO [main] optimizer.ColumnPrunerProcFactory: RS 3 oldColExprMap: {KEY.reducesinkkey0=Column[_col0]}
2024-04-24T00:54:16,237  INFO [main] optimizer.ColumnPrunerProcFactory: RS 3 newColExprMap: {KEY.reducesinkkey0=Column[_col0]}
2024-04-24T00:54:16,239  INFO [main] optimizer.BucketVersionPopulator: not considering bucketingVersion for: TS[0] because it has -1<2 buckets 
2024-04-24T00:54:16,244  INFO [main] optimizer.SortedDynPartitionOptimizer: Sorted dynamic partitioning optimization kicked in..
2024-04-24T00:54:16,253  INFO [main] HiveMetaStore.audit: ugi=alex	ip=unknown-ip-addr	cmd=get_table : tbl=hive.default.nonacidnonbucket	
2024-04-24T00:54:16,262  INFO [main] metastore.HMSHandler: Skipping translation for processor with null
2024-04-24T00:54:16,262  INFO [main] physical.Vectorizer: Examining input format to see if vectorization is enabled.
2024-04-24T00:54:16,263  INFO [main] physical.Vectorizer: Vectorization is enabled for input format(s) [org.apache.hadoop.hive.ql.io.orc.OrcInputFormat]
2024-04-24T00:54:16,263  INFO [main] physical.Vectorizer: Validating and vectorizing MapWork... (vectorizedVertexNum 0)
2024-04-24T00:54:16,272  INFO [main] physical.Vectorizer: Map vectorization enabled: true
2024-04-24T00:54:16,272  INFO [main] physical.Vectorizer: Map vectorized: true
2024-04-24T00:54:16,272  INFO [main] physical.Vectorizer: Map vectorizedVertexNum: 0
2024-04-24T00:54:16,272  INFO [main] physical.Vectorizer: Map enabledConditionsMet: [hive.vectorized.use.vectorized.input.format IS true]
2024-04-24T00:54:16,272  INFO [main] physical.Vectorizer: Map inputFileFormatClassNameSet: [org.apache.hadoop.hive.ql.io.orc.OrcInputFormat]
2024-04-24T00:54:16,272  INFO [main] physical.Vectorizer: Reduce vectorization enabled: false
2024-04-24T00:54:16,272  INFO [main] physical.Vectorizer: Reduce vectorized: false
2024-04-24T00:54:16,272  INFO [main] physical.Vectorizer: Reduce vectorizedVertexNum: 1
2024-04-24T00:54:16,272  INFO [main] physical.Vectorizer: Reducer hive.vectorized.execution.reduce.enabled: true
2024-04-24T00:54:16,272  INFO [main] physical.Vectorizer: Reducer engine: mr
2024-04-24T00:54:16,272  INFO [main] parse.UpdateDeleteSemanticAnalyzer: Completed plan generation
2024-04-24T00:54:16,273  INFO [main] parse.UpdateDeleteSemanticAnalyzer: Ending caching scope for: 
2024-04-24T00:54:16,273  INFO [main] ql.Driver: Semantic Analysis Completed (retrial = false)
2024-04-24T00:54:16,273  INFO [main] ql.Driver: Created Hive schema: Schema(fieldSchemas:[FieldSchema(name:row__id, type:struct<writeid:bigint,bucketid:int,rowid:bigint>, comment:null), FieldSchema(name:a, type:int, comment:null), FieldSchema(name:_c2, type:int, comment:null)], properties:null)
2024-04-24T00:54:16,273  INFO [main] metadata.Hive: Dumping metastore api call timing information for : compilation phase
2024-04-24T00:54:16,273  INFO [main] metadata.Hive: Total time spent in each metastore function (ms): {getTable_(GetTableRequest)=58, getAllTableConstraints_(AllTableConstraintsRequest)=7, commitTxn_(CommitTxnRequest)=13, flushCache_()=0, isCompatibleWith_(Configuration)=0, openTxn_(String, TxnType)=2, getValidWriteIds_(List, String)=3, getValidTxns_(long)=1, getTableColumnStatistics_(String, String, List, String)=11, allocateTableWriteId_(long, String, String)=9, getCheckConstraints_(CheckConstraintsRequest)=1, getNotNullConstraints_(NotNullConstraintsRequest)=2}
2024-04-24T00:54:16,273  INFO [main] ql.Driver: Completed compiling command(queryId=alex_20240424005415_c843cc5a-073e-4738-8eda-70acef653f25); Time taken: 0.318 seconds
2024-04-24T00:54:16,273  INFO [main] lockmgr.DbTxnManager: Setting lock request transaction to txnid:19 for queryId=alex_20240424005415_c843cc5a-073e-4738-8eda-70acef653f25
2024-04-24T00:54:16,274  INFO [main] lockmgr.DbLockManager: Requesting lock for queryId=alex_20240424005415_c843cc5a-073e-4738-8eda-70acef653f25
2024-04-24T00:54:16,290  INFO [main] lockmgr.DbLockManager: Response to queryId=alex_20240424005415_c843cc5a-073e-4738-8eda-70acef653f25 LockResponse(lockid:13, state:ACQUIRED)
2024-04-24T00:54:16,290  INFO [main] ql.Driver: Operation QUERY obtained 1 locks
2024-04-24T00:54:16,297  INFO [main] ql.Driver: Executing command(queryId=alex_20240424005415_c843cc5a-073e-4738-8eda-70acef653f25): update nonAcidNonBucket set b = 120 where a = 0 and b = 12
2024-04-24T00:54:16,297  WARN [main] ql.Driver: Hive-on-MR is deprecated in Hive 2 and may not be available in the future versions. Consider using a different execution engine (i.e. tez, spark) or using Hive 1.X releases.
Query ID = alex_20240424005415_c843cc5a-073e-4738-8eda-70acef653f25
2024-04-24T00:54:16,298  INFO [main] ql.Driver: Query ID = alex_20240424005415_c843cc5a-073e-4738-8eda-70acef653f25
Total jobs = 1
2024-04-24T00:54:16,298  INFO [main] ql.Driver: Total jobs = 1
Launching Job 1 out of 1
2024-04-24T00:54:16,298  INFO [main] ql.Driver: Launching Job 1 out of 1
2024-04-24T00:54:16,453  INFO [main] ql.Driver: Starting task [Stage-1:MAPRED] in serial mode
2024-04-24T00:54:16,453  INFO [main] exec.Utilities: Not using thread pool for getContentSummary
2024-04-24T00:54:16,455  INFO [main] exec.Utilities: BytesPerReducer=256000000 maxReducers=1009 totalInputFileSize=1516
Number of reduce tasks not specified. Estimated from input data size: 1
2024-04-24T00:54:16,455  INFO [main] exec.Task: Number of reduce tasks not specified. Estimated from input data size: 1
In order to change the average load for a reducer (in bytes):
2024-04-24T00:54:16,455  INFO [main] exec.Task: In order to change the average load for a reducer (in bytes):
  set hive.exec.reducers.bytes.per.reducer=<number>
2024-04-24T00:54:16,455  INFO [main] exec.Task:   set hive.exec.reducers.bytes.per.reducer=<number>
In order to limit the maximum number of reducers:
2024-04-24T00:54:16,455  INFO [main] exec.Task: In order to limit the maximum number of reducers:
  set hive.exec.reducers.max=<number>
2024-04-24T00:54:16,455  INFO [main] exec.Task:   set hive.exec.reducers.max=<number>
In order to set a constant number of reducers:
2024-04-24T00:54:16,455  INFO [main] exec.Task: In order to set a constant number of reducers:
  set mapreduce.job.reduces=<number>
2024-04-24T00:54:16,455  INFO [main] exec.Task:   set mapreduce.job.reduces=<number>
2024-04-24T00:54:16,460  INFO [main] mr.ExecDriver: Using org.apache.hadoop.hive.ql.io.HiveInputFormat
2024-04-24T00:54:16,460  INFO [main] exec.Utilities: Processing alias nonacidnonbucket
2024-04-24T00:54:16,461  INFO [main] exec.Utilities: Adding 1 inputs; the first input is file:/home/alex/Repositories/hive/ql/target/tmp/org.apache.hadoop.hive.ql.TestTxnNoBuckets-1713945183193/warehouse/nonacidnonbucket
2024-04-24T00:54:16,470  INFO [main] exec.SerializationUtilities: Serializing MapWork using kryo
2024-04-24T00:54:16,475  INFO [main] exec.Utilities: Serialized plan (via FILE) - name: null size: 7,23KB
2024-04-24T00:54:16,479  INFO [main] exec.SerializationUtilities: Serializing ReduceWork using kryo
2024-04-24T00:54:16,482  INFO [main] exec.Utilities: Serialized plan (via FILE) - name: null size: 7,91KB
2024-04-24T00:54:16,483  WARN [main] impl.MetricsSystemImpl: JobTracker metrics system already initialized!
2024-04-24T00:54:16,487  INFO [main] fs.FSStatsPublisher: created : file:/home/alex/Repositories/hive/ql/target/tmp/localscratchdir/5cf0a0f8-53f1-4859-9489-cf76cd9d84a2/hive_2024-04-24_00-54-15_969_1725728613632745630-1/-mr-10000
2024-04-24T00:54:16,489  WARN [main] impl.MetricsSystemImpl: JobTracker metrics system already initialized!
2024-04-24T00:54:16,497  WARN [main] mapreduce.JobResourceUploader: Hadoop command-line option parsing not performed. Implement the Tool interface and execute your application with ToolRunner to remedy this.
2024-04-24T00:54:16,502  WARN [main] mapreduce.JobResourceUploader: No job jar file set.  User classes may not be found. See Job or Job#setJar(String).
2024-04-24T00:54:16,503  INFO [main] io.HiveInputFormat: hive.io.file.readcolumn.ids = 0,1
2024-04-24T00:54:16,503  INFO [main] io.HiveInputFormat: hive.io.file.readcolumn.names = a,b
2024-04-24T00:54:16,503  INFO [main] io.HiveInputFormat: Generating splits for dirs: file:/home/alex/Repositories/hive/ql/target/tmp/org.apache.hadoop.hive.ql.TestTxnNoBuckets-1713945183193/warehouse/nonacidnonbucket
2024-04-24T00:54:16,504  INFO [main] orc.OrcInputFormat: getSplits started
2024-04-24T00:54:16,505  INFO [main] orc.OrcInputFormat: Context:: isAcid: true isVectorMode: true sarg: (and leaf-(EQUALS a 0) leaf-(EQUALS b 12)) minSplitSize: 1 maxSplitSize: 256000000 splitStrategy: HYBRID footerInSplits: false numBuckets: 0 numThreads: 10 cacheMemSize: 268435456 cacheStripeDetails: true useSoftReference: false writeIdList: default.nonacidnonbucket:10000002:9223372036854775807:: isTransactionalTable: true txnProperties: default 
2024-04-24T00:54:16,505  INFO [main] orc.OrcInputFormat: ORC pushdown predicate: (and leaf-(EQUALS a 0) leaf-(EQUALS b 12))
2024-04-24T00:54:16,577  INFO [main] orc.OrcInputFormat: FooterCacheHitRatio: 0/4
2024-04-24T00:54:16,577  INFO [main] orc.OrcInputFormat: getSplits finished (#splits: 4). duration: 73 ms
2024-04-24T00:54:16,577  INFO [main] io.HiveInputFormat: number of splits 4
2024-04-24T00:54:16,595  INFO [main] mapreduce.JobSubmitter: number of splits:4
2024-04-24T00:54:16,616  INFO [main] mapreduce.JobSubmitter: Submitting tokens for job: job_local412644097_0027
2024-04-24T00:54:16,616  INFO [main] mapreduce.JobSubmitter: Executing with tokens: []
2024-04-24T00:54:16,683  INFO [main] mapreduce.Job: The url to track the job: http://localhost:8080/
Job running in-process (local Hadoop)
2024-04-24T00:54:16,684  INFO [main] exec.Task: Job running in-process (local Hadoop)
2024-04-24T00:54:16,684  INFO [Thread-1706] mapred.LocalJobRunner: OutputCommitter set in config org.apache.hadoop.hive.ql.io.HiveFileFormatUtils$NullOutputCommitter
2024-04-24T00:54:16,684  INFO [Thread-1706] mapred.LocalJobRunner: OutputCommitter is org.apache.hadoop.hive.ql.io.HiveFileFormatUtils$NullOutputCommitter
2024-04-24T00:54:16,686  INFO [Thread-1706] mapred.LocalJobRunner: Waiting for map tasks
2024-04-24T00:54:16,687  INFO [LocalJobRunner Map Task Executor #0] mapred.LocalJobRunner: Starting task: attempt_local412644097_0027_m_000000_0
2024-04-24T00:54:16,687  INFO [LocalJobRunner Map Task Executor #0] mapred.Task:  Using ResourceCalculatorProcessTree : [ ]
2024-04-24T00:54:16,688  INFO [LocalJobRunner Map Task Executor #0] mapred.MapTask: Processing split: org.apache.hadoop.hive.ql.io.orc.OrcInputFormat:OrcSplit [file:/home/alex/Repositories/hive/ql/target/tmp/org.apache.hadoop.hive.ql.TestTxnNoBuckets-1713945183193/warehouse/nonacidnonbucket/delta_10000001_10000001_0000/bucket_00000_0, start=0, length=750, isOriginal=false, fileLength=750, hasFooter=false, hasBase=true, deltas=0]
2024-04-24T00:54:16,688  INFO [LocalJobRunner Map Task Executor #0] exec.SerializationUtilities: Deserializing MapWork using kryo
2024-04-24T00:54:16,690  INFO [LocalJobRunner Map Task Executor #0] exec.Utilities: Deserialized plan (via FILE) - name: null size: 7,23KB
2024-04-24T00:54:16,691  INFO [LocalJobRunner Map Task Executor #0] orc.OrcInputFormat: ORC pushdown predicate: (and leaf-(EQUALS a 0) leaf-(EQUALS b 12))
2024-04-24T00:54:16,691  INFO [LocalJobRunner Map Task Executor #0] orc.VectorizedOrcAcidRowBatchReader: Read ValidWriteIdList: default.nonacidnonbucket:10000002:9223372036854775807:::OrcSplit [file:/home/alex/Repositories/hive/ql/target/tmp/org.apache.hadoop.hive.ql.TestTxnNoBuckets-1713945183193/warehouse/nonacidnonbucket/delta_10000001_10000001_0000/bucket_00000_0, start=0, length=750, isOriginal=false, fileLength=750, hasFooter=false, hasBase=true, deltas=0]
2024-04-24T00:54:16,692  INFO [LocalJobRunner Map Task Executor #0] orc.ReaderImpl: Reading ORC rows from file:/home/alex/Repositories/hive/ql/target/tmp/org.apache.hadoop.hive.ql.TestTxnNoBuckets-1713945183193/warehouse/nonacidnonbucket/delta_10000001_10000001_0000/bucket_00000_0 with {include: [true, true, true], offset: 0, length: 750, sarg: (and leaf-(EQUALS a 0) leaf-(EQUALS b 12)), schema: struct<a:int,b:int>, includeAcidColumns: true}
2024-04-24T00:54:16,693  INFO [LocalJobRunner Map Task Executor #0] mapred.MapTask: numReduceTasks: 1
2024-04-24T00:54:16,698  INFO [LocalJobRunner Map Task Executor #0] mapred.MapTask: (EQUATOR) 0 kvi 26214396(104857584)
2024-04-24T00:54:16,698  INFO [LocalJobRunner Map Task Executor #0] mapred.MapTask: mapreduce.task.io.sort.mb: 100
2024-04-24T00:54:16,698  INFO [LocalJobRunner Map Task Executor #0] mapred.MapTask: soft limit at 83886080
2024-04-24T00:54:16,698  INFO [LocalJobRunner Map Task Executor #0] mapred.MapTask: bufstart = 0; bufvoid = 104857600
2024-04-24T00:54:16,698  INFO [LocalJobRunner Map Task Executor #0] mapred.MapTask: kvstart = 26214396; length = 6553600
2024-04-24T00:54:16,698  INFO [LocalJobRunner Map Task Executor #0] mapred.MapTask: Map output collector class = org.apache.hadoop.mapred.MapTask$MapOutputBuffer
2024-04-24T00:54:16,699  INFO [LocalJobRunner Map Task Executor #0] vector.VectorMapOperator: Initializing Operator: MAP[0]
2024-04-24T00:54:16,699  INFO [LocalJobRunner Map Task Executor #0] mr.ExecMapper: 
<MAP>Id =0
  <Children>null
  <\Children>
  <Parent><\Parent>
<\MAP>
2024-04-24T00:54:16,700  INFO [LocalJobRunner Map Task Executor #0] exec.TableScanOperator: Initializing Operator: TS[0]
2024-04-24T00:54:16,700  INFO [LocalJobRunner Map Task Executor #0] vector.VectorFilterOperator: Initializing Operator: FIL[10]
2024-04-24T00:54:16,700  INFO [LocalJobRunner Map Task Executor #0] vector.VectorSelectOperator: Initializing Operator: SEL[11]
2024-04-24T00:54:16,701  INFO [LocalJobRunner Map Task Executor #0] vector.VectorReduceSinkOperator: Initializing Operator: RS[12]
2024-04-24T00:54:16,701  INFO [LocalJobRunner Map Task Executor #0] vector.VectorReduceSinkOperator: Using tag = -1
2024-04-24T00:54:16,702  INFO [LocalJobRunner Map Task Executor #0] vector.VectorMapOperator: Closing Operator: MAP[0]
2024-04-24T00:54:16,702  INFO [LocalJobRunner Map Task Executor #0] vector.VectorMapOperator: RECORDS_OUT_OPERATOR_MAP_0:0, DESERIALIZE_ERRORS:0, RECORDS_IN:0, RECORDS_OUT_INTERMEDIATE:0, 
2024-04-24T00:54:16,702  INFO [LocalJobRunner Map Task Executor #0] exec.TableScanOperator: Closing Operator: TS[0]
2024-04-24T00:54:16,702  INFO [LocalJobRunner Map Task Executor #0] exec.TableScanOperator: RECORDS_OUT_OPERATOR_TS_0:0, RECORDS_OUT_INTERMEDIATE:0, 
2024-04-24T00:54:16,702  INFO [LocalJobRunner Map Task Executor #0] vector.VectorFilterOperator: Closing Operator: FIL[10]
2024-04-24T00:54:16,702  INFO [LocalJobRunner Map Task Executor #0] vector.VectorFilterOperator: RECORDS_OUT_OPERATOR_FIL_10:0, RECORDS_OUT_INTERMEDIATE:0, 
2024-04-24T00:54:16,702  INFO [LocalJobRunner Map Task Executor #0] vector.VectorSelectOperator: Closing Operator: SEL[11]
2024-04-24T00:54:16,702  INFO [LocalJobRunner Map Task Executor #0] vector.VectorSelectOperator: RECORDS_OUT_OPERATOR_SEL_11:0, RECORDS_OUT_INTERMEDIATE:0, 
2024-04-24T00:54:16,702  INFO [LocalJobRunner Map Task Executor #0] vector.VectorReduceSinkOperator: Closing Operator: RS[12]
2024-04-24T00:54:16,702  INFO [LocalJobRunner Map Task Executor #0] vector.VectorReduceSinkOperator: RS[12]: Total records written - 0. abort - false
2024-04-24T00:54:16,702  INFO [LocalJobRunner Map Task Executor #0] vector.VectorReduceSinkOperator: RECORDS_OUT_INTERMEDIATE:0, RECORDS_OUT_OPERATOR_RS_12:0, 
2024-04-24T00:54:16,703  INFO [LocalJobRunner Map Task Executor #0] mapred.LocalJobRunner: 
2024-04-24T00:54:16,703  INFO [LocalJobRunner Map Task Executor #0] mapred.MapTask: Starting flush of map output
2024-04-24T00:54:16,719  INFO [LocalJobRunner Map Task Executor #0] mapred.Task: Task:attempt_local412644097_0027_m_000000_0 is done. And is in the process of committing
2024-04-24T00:54:16,720  INFO [LocalJobRunner Map Task Executor #0] mapred.LocalJobRunner: OrcSplit [file:/home/alex/Repositories/hive/ql/target/tmp/org.apache.hadoop.hive.ql.TestTxnNoBuckets-1713945183193/warehouse/nonacidnonbucket/delta_10000001_10000001_0000/bucket_00000_0, start=0, length=750, isOriginal=false, fileLength=750, hasFooter=false, hasBase=true, deltas=0]
2024-04-24T00:54:16,720  INFO [LocalJobRunner Map Task Executor #0] mapred.Task: Task 'attempt_local412644097_0027_m_000000_0' done.
2024-04-24T00:54:16,720  INFO [LocalJobRunner Map Task Executor #0] mapred.Task: Final Counters for attempt_local412644097_0027_m_000000_0: Counters: 25
	File System Counters
		FILE: Number of bytes read=554924
		FILE: Number of bytes written=32440347
		FILE: Number of read operations=0
		FILE: Number of large read operations=0
		FILE: Number of write operations=0
	Map-Reduce Framework
		Map input records=0
		Map output records=0
		Map output bytes=0
		Map output materialized bytes=6
		Input split bytes=517
		Combine input records=0
		Spilled Records=0
		Failed Shuffles=0
		Merged Map outputs=0
		GC time elapsed (ms)=0
		Total committed heap usage (bytes)=1121976320
	HIVE
		DESERIALIZE_ERRORS=0
		RECORDS_IN=0
		RECORDS_OUT_INTERMEDIATE=0
		RECORDS_OUT_OPERATOR_FIL_10=0
		RECORDS_OUT_OPERATOR_MAP_0=0
		RECORDS_OUT_OPERATOR_RS_12=0
		RECORDS_OUT_OPERATOR_SEL_11=0
		RECORDS_OUT_OPERATOR_TS_0=0
	File Input Format Counters 
		Bytes Read=10379
2024-04-24T00:54:16,720  INFO [LocalJobRunner Map Task Executor #0] mapred.LocalJobRunner: Finishing task: attempt_local412644097_0027_m_000000_0
2024-04-24T00:54:16,720  INFO [LocalJobRunner Map Task Executor #0] mapred.LocalJobRunner: Starting task: attempt_local412644097_0027_m_000001_0
2024-04-24T00:54:16,721  INFO [LocalJobRunner Map Task Executor #0] mapred.Task:  Using ResourceCalculatorProcessTree : [ ]
2024-04-24T00:54:16,721  INFO [LocalJobRunner Map Task Executor #0] mapred.MapTask: Processing split: org.apache.hadoop.hive.ql.io.orc.OrcInputFormat:OrcSplit [file:/home/alex/Repositories/hive/ql/target/tmp/org.apache.hadoop.hive.ql.TestTxnNoBuckets-1713945183193/warehouse/nonacidnonbucket/000000_0_copy_1, start=0, length=257, isOriginal=true, fileLength=257, hasFooter=false, hasBase=true, deltas=0]
2024-04-24T00:54:16,722  INFO [LocalJobRunner Map Task Executor #0] exec.SerializationUtilities: Deserializing MapWork using kryo
2024-04-24T00:54:16,722  INFO [LocalJobRunner Map Task Executor #0] exec.Utilities: Deserialized plan (via FILE) - name: null size: 7,23KB
2024-04-24T00:54:16,723  INFO [LocalJobRunner Map Task Executor #0] orc.OrcInputFormat: ORC pushdown predicate: (and leaf-(EQUALS a 0) leaf-(EQUALS b 12))
2024-04-24T00:54:16,723  INFO [LocalJobRunner Map Task Executor #0] orc.VectorizedOrcAcidRowBatchReader: Read ValidWriteIdList: default.nonacidnonbucket:10000002:9223372036854775807:::OrcSplit [file:/home/alex/Repositories/hive/ql/target/tmp/org.apache.hadoop.hive.ql.TestTxnNoBuckets-1713945183193/warehouse/nonacidnonbucket/000000_0_copy_1, start=0, length=257, isOriginal=true, fileLength=257, hasFooter=false, hasBase=true, deltas=0]
2024-04-24T00:54:16,724  INFO [LocalJobRunner Map Task Executor #0] orc.ReaderImpl: Reading ORC rows from file:/home/alex/Repositories/hive/ql/target/tmp/org.apache.hadoop.hive.ql.TestTxnNoBuckets-1713945183193/warehouse/nonacidnonbucket/000000_0_copy_1 with {include: [true, true, true], offset: 0, length: 257, sarg: (and leaf-(EQUALS a 0) leaf-(EQUALS b 12)), schema: struct<a:int,b:int>, includeAcidColumns: true}
2024-04-24T00:54:16,725  INFO [LocalJobRunner Map Task Executor #0] mapred.MapTask: numReduceTasks: 1
2024-04-24T00:54:16,729  INFO [LocalJobRunner Map Task Executor #0] mapred.MapTask: (EQUATOR) 0 kvi 26214396(104857584)
2024-04-24T00:54:16,729  INFO [LocalJobRunner Map Task Executor #0] mapred.MapTask: mapreduce.task.io.sort.mb: 100
2024-04-24T00:54:16,729  INFO [LocalJobRunner Map Task Executor #0] mapred.MapTask: soft limit at 83886080
2024-04-24T00:54:16,729  INFO [LocalJobRunner Map Task Executor #0] mapred.MapTask: bufstart = 0; bufvoid = 104857600
2024-04-24T00:54:16,729  INFO [LocalJobRunner Map Task Executor #0] mapred.MapTask: kvstart = 26214396; length = 6553600
2024-04-24T00:54:16,730  INFO [LocalJobRunner Map Task Executor #0] mapred.MapTask: Map output collector class = org.apache.hadoop.mapred.MapTask$MapOutputBuffer
2024-04-24T00:54:16,730  INFO [LocalJobRunner Map Task Executor #0] vector.VectorMapOperator: Initializing Operator: MAP[0]
2024-04-24T00:54:16,730  INFO [LocalJobRunner Map Task Executor #0] mr.ExecMapper: 
<MAP>Id =0
  <Children>null
  <\Children>
  <Parent><\Parent>
<\MAP>
2024-04-24T00:54:16,731  INFO [LocalJobRunner Map Task Executor #0] exec.TableScanOperator: Initializing Operator: TS[0]
2024-04-24T00:54:16,731  INFO [LocalJobRunner Map Task Executor #0] vector.VectorFilterOperator: Initializing Operator: FIL[10]
2024-04-24T00:54:16,731  INFO [LocalJobRunner Map Task Executor #0] vector.VectorSelectOperator: Initializing Operator: SEL[11]
2024-04-24T00:54:16,731  INFO [LocalJobRunner Map Task Executor #0] vector.VectorReduceSinkOperator: Initializing Operator: RS[12]
2024-04-24T00:54:16,731  INFO [LocalJobRunner Map Task Executor #0] vector.VectorReduceSinkOperator: Using tag = -1
2024-04-24T00:54:16,732  INFO [LocalJobRunner Map Task Executor #0] vector.VectorReduceSinkOperator: keys are [reducesinkkey0] num distributions: 1
2024-04-24T00:54:16,733 ERROR [LocalJobRunner Map Task Executor #0] mr.ExecMapper: org.apache.hadoop.hive.ql.metadata.HiveException: Hive Runtime Error while processing row 
	at org.apache.hadoop.hive.ql.exec.vector.VectorMapOperator.process(VectorMapOperator.java:993)
	at org.apache.hadoop.hive.ql.exec.mr.ExecMapper.map(ExecMapper.java:148)
	at org.apache.hadoop.mapred.MapRunner.run(MapRunner.java:54)
	at org.apache.hadoop.hive.ql.exec.mr.ExecMapRunner.run(ExecMapRunner.java:37)
	at org.apache.hadoop.mapred.MapTask.runOldMapper(MapTask.java:465)
	at org.apache.hadoop.mapred.MapTask.run(MapTask.java:349)
	at org.apache.hadoop.mapred.LocalJobRunner$Job$MapTaskRunnable.run(LocalJobRunner.java:271)
	at java.util.concurrent.Executors$RunnableAdapter.call(Executors.java:511)
	at java.util.concurrent.FutureTask.run(FutureTask.java:266)
	at java.util.concurrent.ThreadPoolExecutor.runWorker(ThreadPoolExecutor.java:1149)
	at java.util.concurrent.ThreadPoolExecutor$Worker.run(ThreadPoolExecutor.java:624)
	at java.lang.Thread.run(Thread.java:750)
Caused by: org.apache.hadoop.hive.ql.exec.NoMatchingMethodException: No matching method for class org.apache.hadoop.hive.ql.udf.UDFToInteger with (struct<writeid:bigint,bucketid:int,rowid:bigint>). Possible choices: _FUNC_(bigint)  _FUNC_(boolean)  _FUNC_(decimal(38,18))  _FUNC_(double)  _FUNC_(float)  _FUNC_(smallint)  _FUNC_(string)  _FUNC_(struct<bucketid:bigint,writeid:int,rowid:bigint>)  _FUNC_(timestamp)  _FUNC_(tinyint)  _FUNC_(void)  
	at org.apache.hadoop.hive.ql.exec.MethodUtils.getMethodInternal(MethodUtils.java:130)
	at org.apache.hadoop.hive.ql.exec.MethodUtils.getMethodInternal(MethodUtils.java:60)
	at org.apache.hadoop.hive.ql.exec.DefaultUDFMethodResolver.getEvalMethod(DefaultUDFMethodResolver.java:59)
	at org.apache.hadoop.hive.ql.udf.TimestampCastRestrictorResolver.getEvalMethod(TimestampCastRestrictorResolver.java:68)
	at org.apache.hadoop.hive.ql.udf.generic.GenericUDFBridge.initialize(GenericUDFBridge.java:168)
	at org.apache.hadoop.hive.ql.udf.generic.GenericUDF.initializeAndFoldConstants(GenericUDF.java:149)
	at org.apache.hadoop.hive.ql.exec.ExprNodeGenericFuncEvaluator.initialize(ExprNodeGenericFuncEvaluator.java:184)
	at org.apache.hadoop.hive.ql.exec.Operator.initEvaluators(Operator.java:1073)
	at org.apache.hadoop.hive.ql.exec.ReduceSinkOperator.process(ReduceSinkOperator.java:307)
	at org.apache.hadoop.hive.ql.exec.vector.VectorReduceSinkOperator.process(VectorReduceSinkOperator.java:110)
	at org.apache.hadoop.hive.ql.exec.Operator.vectorForward(Operator.java:919)
	at org.apache.hadoop.hive.ql.exec.vector.VectorSelectOperator.process(VectorSelectOperator.java:158)
	at org.apache.hadoop.hive.ql.exec.Operator.vectorForward(Operator.java:919)
	at org.apache.hadoop.hive.ql.exec.vector.VectorFilterOperator.process(VectorFilterOperator.java:136)
	at org.apache.hadoop.hive.ql.exec.Operator.vectorForward(Operator.java:919)
	at org.apache.hadoop.hive.ql.exec.TableScanOperator.process(TableScanOperator.java:171)
	at org.apache.hadoop.hive.ql.exec.vector.VectorMapOperator.deliverVectorizedRowBatch(VectorMapOperator.java:809)
	at org.apache.hadoop.hive.ql.exec.vector.VectorMapOperator.process(VectorMapOperator.java:878)
	... 11 more

2024-04-24T00:54:16,733  INFO [LocalJobRunner Map Task Executor #0] vector.VectorMapOperator: Closing Operator: MAP[0]
2024-04-24T00:54:16,733  INFO [LocalJobRunner Map Task Executor #0] vector.VectorMapOperator: RECORDS_OUT_INTERMEDIATE:0, RECORDS_IN:4, RECORDS_OUT_OPERATOR_MAP_0:0, DESERIALIZE_ERRORS:0, 
2024-04-24T00:54:16,733  INFO [LocalJobRunner Map Task Executor #0] exec.TableScanOperator: Closing Operator: TS[0]
2024-04-24T00:54:16,733  INFO [LocalJobRunner Map Task Executor #0] exec.TableScanOperator: RECORDS_OUT_OPERATOR_TS_0:4, RECORDS_OUT_INTERMEDIATE:0, 
2024-04-24T00:54:16,733  INFO [LocalJobRunner Map Task Executor #0] vector.VectorFilterOperator: Closing Operator: FIL[10]
2024-04-24T00:54:16,733  INFO [LocalJobRunner Map Task Executor #0] vector.VectorFilterOperator: RECORDS_OUT_INTERMEDIATE:0, RECORDS_OUT_OPERATOR_FIL_10:1, 
2024-04-24T00:54:16,733  INFO [LocalJobRunner Map Task Executor #0] vector.VectorSelectOperator: Closing Operator: SEL[11]
2024-04-24T00:54:16,734  INFO [LocalJobRunner Map Task Executor #0] vector.VectorSelectOperator: RECORDS_OUT_OPERATOR_SEL_11:1, RECORDS_OUT_INTERMEDIATE:0, 
2024-04-24T00:54:16,734  INFO [LocalJobRunner Map Task Executor #0] vector.VectorReduceSinkOperator: Closing Operator: RS[12]
2024-04-24T00:54:16,734  INFO [LocalJobRunner Map Task Executor #0] vector.VectorReduceSinkOperator: RS[12]: Total records written - 0. abort - true
2024-04-24T00:54:16,734  INFO [LocalJobRunner Map Task Executor #0] vector.VectorReduceSinkOperator: RECORDS_OUT_INTERMEDIATE:0, RECORDS_OUT_OPERATOR_RS_12:0, 
2024-04-24T00:54:16,734  INFO [LocalJobRunner Map Task Executor #0] mapred.LocalJobRunner: Starting task: attempt_local412644097_0027_m_000002_0
2024-04-24T00:54:16,735  INFO [LocalJobRunner Map Task Executor #0] mapred.Task:  Using ResourceCalculatorProcessTree : [ ]
2024-04-24T00:54:16,735  INFO [LocalJobRunner Map Task Executor #0] mapred.MapTask: Processing split: org.apache.hadoop.hive.ql.io.orc.OrcInputFormat:OrcSplit [file:/home/alex/Repositories/hive/ql/target/tmp/org.apache.hadoop.hive.ql.TestTxnNoBuckets-1713945183193/warehouse/nonacidnonbucket/000000_0, start=0, length=254, isOriginal=true, fileLength=254, hasFooter=false, hasBase=true, deltas=0]
2024-04-24T00:54:16,736  INFO [LocalJobRunner Map Task Executor #0] exec.SerializationUtilities: Deserializing MapWork using kryo
2024-04-24T00:54:16,736  INFO [LocalJobRunner Map Task Executor #0] exec.Utilities: Deserialized plan (via FILE) - name: null size: 7,23KB
2024-04-24T00:54:16,737  INFO [LocalJobRunner Map Task Executor #0] orc.OrcInputFormat: ORC pushdown predicate: (and leaf-(EQUALS a 0) leaf-(EQUALS b 12))
2024-04-24T00:54:16,737  INFO [LocalJobRunner Map Task Executor #0] orc.VectorizedOrcAcidRowBatchReader: Read ValidWriteIdList: default.nonacidnonbucket:10000002:9223372036854775807:::OrcSplit [file:/home/alex/Repositories/hive/ql/target/tmp/org.apache.hadoop.hive.ql.TestTxnNoBuckets-1713945183193/warehouse/nonacidnonbucket/000000_0, start=0, length=254, isOriginal=true, fileLength=254, hasFooter=false, hasBase=true, deltas=0]
2024-04-24T00:54:16,738  INFO [LocalJobRunner Map Task Executor #0] orc.ReaderImpl: Reading ORC rows from file:/home/alex/Repositories/hive/ql/target/tmp/org.apache.hadoop.hive.ql.TestTxnNoBuckets-1713945183193/warehouse/nonacidnonbucket/000000_0 with {include: [true, true, true], offset: 0, length: 254, sarg: (and leaf-(EQUALS a 0) leaf-(EQUALS b 12)), schema: struct<a:int,b:int>, includeAcidColumns: true}
2024-04-24T00:54:16,738  INFO [LocalJobRunner Map Task Executor #0] mapred.MapTask: numReduceTasks: 1
2024-04-24T00:54:16,743  INFO [LocalJobRunner Map Task Executor #0] mapred.MapTask: (EQUATOR) 0 kvi 26214396(104857584)
2024-04-24T00:54:16,743  INFO [LocalJobRunner Map Task Executor #0] mapred.MapTask: mapreduce.task.io.sort.mb: 100
2024-04-24T00:54:16,743  INFO [LocalJobRunner Map Task Executor #0] mapred.MapTask: soft limit at 83886080
2024-04-24T00:54:16,743  INFO [LocalJobRunner Map Task Executor #0] mapred.MapTask: bufstart = 0; bufvoid = 104857600
2024-04-24T00:54:16,743  INFO [LocalJobRunner Map Task Executor #0] mapred.MapTask: kvstart = 26214396; length = 6553600
2024-04-24T00:54:16,743  INFO [LocalJobRunner Map Task Executor #0] mapred.MapTask: Map output collector class = org.apache.hadoop.mapred.MapTask$MapOutputBuffer
2024-04-24T00:54:16,744  INFO [LocalJobRunner Map Task Executor #0] vector.VectorMapOperator: Initializing Operator: MAP[0]
2024-04-24T00:54:16,744  INFO [LocalJobRunner Map Task Executor #0] mr.ExecMapper: 
<MAP>Id =0
  <Children>null
  <\Children>
  <Parent><\Parent>
<\MAP>
2024-04-24T00:54:16,744  INFO [LocalJobRunner Map Task Executor #0] exec.TableScanOperator: Initializing Operator: TS[0]
2024-04-24T00:54:16,744  INFO [LocalJobRunner Map Task Executor #0] vector.VectorFilterOperator: Initializing Operator: FIL[10]
2024-04-24T00:54:16,745  INFO [LocalJobRunner Map Task Executor #0] vector.VectorSelectOperator: Initializing Operator: SEL[11]
2024-04-24T00:54:16,745  INFO [LocalJobRunner Map Task Executor #0] vector.VectorReduceSinkOperator: Initializing Operator: RS[12]
2024-04-24T00:54:16,745  INFO [LocalJobRunner Map Task Executor #0] vector.VectorReduceSinkOperator: Using tag = -1
2024-04-24T00:54:16,745  INFO [LocalJobRunner Map Task Executor #0] vector.VectorMapOperator: Closing Operator: MAP[0]
2024-04-24T00:54:16,745  INFO [LocalJobRunner Map Task Executor #0] vector.VectorMapOperator: RECORDS_OUT_INTERMEDIATE:0, DESERIALIZE_ERRORS:0, RECORDS_IN:0, RECORDS_OUT_OPERATOR_MAP_0:0, 
2024-04-24T00:54:16,745  INFO [LocalJobRunner Map Task Executor #0] exec.TableScanOperator: Closing Operator: TS[0]
2024-04-24T00:54:16,745  INFO [LocalJobRunner Map Task Executor #0] exec.TableScanOperator: RECORDS_OUT_INTERMEDIATE:0, RECORDS_OUT_OPERATOR_TS_0:0, 
2024-04-24T00:54:16,745  INFO [LocalJobRunner Map Task Executor #0] vector.VectorFilterOperator: Closing Operator: FIL[10]
2024-04-24T00:54:16,745  INFO [LocalJobRunner Map Task Executor #0] vector.VectorFilterOperator: RECORDS_OUT_INTERMEDIATE:0, RECORDS_OUT_OPERATOR_FIL_10:0, 
2024-04-24T00:54:16,745  INFO [LocalJobRunner Map Task Executor #0] vector.VectorSelectOperator: Closing Operator: SEL[11]
2024-04-24T00:54:16,746  INFO [LocalJobRunner Map Task Executor #0] vector.VectorSelectOperator: RECORDS_OUT_OPERATOR_SEL_11:0, RECORDS_OUT_INTERMEDIATE:0, 
2024-04-24T00:54:16,746  INFO [LocalJobRunner Map Task Executor #0] vector.VectorReduceSinkOperator: Closing Operator: RS[12]
2024-04-24T00:54:16,746  INFO [LocalJobRunner Map Task Executor #0] vector.VectorReduceSinkOperator: RS[12]: Total records written - 0. abort - false
2024-04-24T00:54:16,746  INFO [LocalJobRunner Map Task Executor #0] vector.VectorReduceSinkOperator: RECORDS_OUT_OPERATOR_RS_12:0, RECORDS_OUT_INTERMEDIATE:0, 
2024-04-24T00:54:16,746  INFO [LocalJobRunner Map Task Executor #0] mapred.LocalJobRunner: 
2024-04-24T00:54:16,746  INFO [LocalJobRunner Map Task Executor #0] mapred.MapTask: Starting flush of map output
2024-04-24T00:54:16,759  INFO [LocalJobRunner Map Task Executor #0] mapred.Task: Task:attempt_local412644097_0027_m_000002_0 is done. And is in the process of committing
2024-04-24T00:54:16,760  INFO [LocalJobRunner Map Task Executor #0] mapred.LocalJobRunner: OrcSplit [file:/home/alex/Repositories/hive/ql/target/tmp/org.apache.hadoop.hive.ql.TestTxnNoBuckets-1713945183193/warehouse/nonacidnonbucket/000000_0, start=0, length=254, isOriginal=true, fileLength=254, hasFooter=false, hasBase=true, deltas=0]
2024-04-24T00:54:16,760  INFO [LocalJobRunner Map Task Executor #0] mapred.Task: Task 'attempt_local412644097_0027_m_000002_0' done.
2024-04-24T00:54:16,760  INFO [LocalJobRunner Map Task Executor #0] mapred.Task: Final Counters for attempt_local412644097_0027_m_000002_0: Counters: 25
	File System Counters
		FILE: Number of bytes read=574555
		FILE: Number of bytes written=32440385
		FILE: Number of read operations=0
		FILE: Number of large read operations=0
		FILE: Number of write operations=0
	Map-Reduce Framework
		Map input records=0
		Map output records=0
		Map output bytes=0
		Map output materialized bytes=6
		Input split bytes=502
		Combine input records=0
		Spilled Records=0
		Failed Shuffles=0
		Merged Map outputs=0
		GC time elapsed (ms)=0
		Total committed heap usage (bytes)=1121976320
	HIVE
		DESERIALIZE_ERRORS=0
		RECORDS_IN=0
		RECORDS_OUT_INTERMEDIATE=0
		RECORDS_OUT_OPERATOR_FIL_10=0
		RECORDS_OUT_OPERATOR_MAP_0=0
		RECORDS_OUT_OPERATOR_RS_12=0
		RECORDS_OUT_OPERATOR_SEL_11=0
		RECORDS_OUT_OPERATOR_TS_0=0
	File Input Format Counters 
		Bytes Read=8375
2024-04-24T00:54:16,760  INFO [LocalJobRunner Map Task Executor #0] mapred.LocalJobRunner: Finishing task: attempt_local412644097_0027_m_000002_0
2024-04-24T00:54:16,760  INFO [LocalJobRunner Map Task Executor #0] mapred.LocalJobRunner: Starting task: attempt_local412644097_0027_m_000003_0
2024-04-24T00:54:16,761  INFO [LocalJobRunner Map Task Executor #0] mapred.Task:  Using ResourceCalculatorProcessTree : [ ]
2024-04-24T00:54:16,761  INFO [LocalJobRunner Map Task Executor #0] mapred.MapTask: Processing split: org.apache.hadoop.hive.ql.io.orc.OrcInputFormat:OrcSplit [file:/home/alex/Repositories/hive/ql/target/tmp/org.apache.hadoop.hive.ql.TestTxnNoBuckets-1713945183193/warehouse/nonacidnonbucket/000000_0_copy_2, start=0, length=254, isOriginal=true, fileLength=254, hasFooter=false, hasBase=true, deltas=0]
2024-04-24T00:54:16,761  INFO [LocalJobRunner Map Task Executor #0] exec.SerializationUtilities: Deserializing MapWork using kryo
2024-04-24T00:54:16,762  INFO [LocalJobRunner Map Task Executor #0] exec.Utilities: Deserialized plan (via FILE) - name: null size: 7,23KB
2024-04-24T00:54:16,763  INFO [LocalJobRunner Map Task Executor #0] orc.OrcInputFormat: ORC pushdown predicate: (and leaf-(EQUALS a 0) leaf-(EQUALS b 12))
2024-04-24T00:54:16,763  INFO [LocalJobRunner Map Task Executor #0] orc.VectorizedOrcAcidRowBatchReader: Read ValidWriteIdList: default.nonacidnonbucket:10000002:9223372036854775807:::OrcSplit [file:/home/alex/Repositories/hive/ql/target/tmp/org.apache.hadoop.hive.ql.TestTxnNoBuckets-1713945183193/warehouse/nonacidnonbucket/000000_0_copy_2, start=0, length=254, isOriginal=true, fileLength=254, hasFooter=false, hasBase=true, deltas=0]
2024-04-24T00:54:16,763  INFO [LocalJobRunner Map Task Executor #0] orc.ReaderImpl: Reading ORC rows from file:/home/alex/Repositories/hive/ql/target/tmp/org.apache.hadoop.hive.ql.TestTxnNoBuckets-1713945183193/warehouse/nonacidnonbucket/000000_0_copy_2 with {include: [true, true, true], offset: 0, length: 254, sarg: (and leaf-(EQUALS a 0) leaf-(EQUALS b 12)), schema: struct<a:int,b:int>, includeAcidColumns: true}
2024-04-24T00:54:16,764  INFO [LocalJobRunner Map Task Executor #0] mapred.MapTask: numReduceTasks: 1
2024-04-24T00:54:16,853  INFO [LocalJobRunner Map Task Executor #0] mapred.MapTask: (EQUATOR) 0 kvi 26214396(104857584)
2024-04-24T00:54:16,853  INFO [LocalJobRunner Map Task Executor #0] mapred.MapTask: mapreduce.task.io.sort.mb: 100
2024-04-24T00:54:16,853  INFO [LocalJobRunner Map Task Executor #0] mapred.MapTask: soft limit at 83886080
2024-04-24T00:54:16,853  INFO [LocalJobRunner Map Task Executor #0] mapred.MapTask: bufstart = 0; bufvoid = 104857600
2024-04-24T00:54:16,853  INFO [LocalJobRunner Map Task Executor #0] mapred.MapTask: kvstart = 26214396; length = 6553600
2024-04-24T00:54:16,854  INFO [LocalJobRunner Map Task Executor #0] mapred.MapTask: Map output collector class = org.apache.hadoop.mapred.MapTask$MapOutputBuffer
2024-04-24T00:54:16,854  INFO [LocalJobRunner Map Task Executor #0] vector.VectorMapOperator: Initializing Operator: MAP[0]
2024-04-24T00:54:16,854  INFO [LocalJobRunner Map Task Executor #0] mr.ExecMapper: 
<MAP>Id =0
  <Children>null
  <\Children>
  <Parent><\Parent>
<\MAP>
2024-04-24T00:54:16,855  INFO [LocalJobRunner Map Task Executor #0] exec.TableScanOperator: Initializing Operator: TS[0]
2024-04-24T00:54:16,855  INFO [LocalJobRunner Map Task Executor #0] vector.VectorFilterOperator: Initializing Operator: FIL[10]
2024-04-24T00:54:16,855  INFO [LocalJobRunner Map Task Executor #0] vector.VectorSelectOperator: Initializing Operator: SEL[11]
2024-04-24T00:54:16,855  INFO [LocalJobRunner Map Task Executor #0] vector.VectorReduceSinkOperator: Initializing Operator: RS[12]
2024-04-24T00:54:16,856  INFO [LocalJobRunner Map Task Executor #0] vector.VectorReduceSinkOperator: Using tag = -1
2024-04-24T00:54:16,856  INFO [LocalJobRunner Map Task Executor #0] vector.VectorMapOperator: Closing Operator: MAP[0]
2024-04-24T00:54:16,856  INFO [LocalJobRunner Map Task Executor #0] vector.VectorMapOperator: RECORDS_OUT_OPERATOR_MAP_0:0, DESERIALIZE_ERRORS:0, RECORDS_IN:0, RECORDS_OUT_INTERMEDIATE:0, 
2024-04-24T00:54:16,856  INFO [LocalJobRunner Map Task Executor #0] exec.TableScanOperator: Closing Operator: TS[0]
2024-04-24T00:54:16,856  INFO [LocalJobRunner Map Task Executor #0] exec.TableScanOperator: RECORDS_OUT_INTERMEDIATE:0, RECORDS_OUT_OPERATOR_TS_0:0, 
2024-04-24T00:54:16,856  INFO [LocalJobRunner Map Task Executor #0] vector.VectorFilterOperator: Closing Operator: FIL[10]
2024-04-24T00:54:16,856  INFO [LocalJobRunner Map Task Executor #0] vector.VectorFilterOperator: RECORDS_OUT_INTERMEDIATE:0, RECORDS_OUT_OPERATOR_FIL_10:0, 
2024-04-24T00:54:16,856  INFO [LocalJobRunner Map Task Executor #0] vector.VectorSelectOperator: Closing Operator: SEL[11]
2024-04-24T00:54:16,856  INFO [LocalJobRunner Map Task Executor #0] vector.VectorSelectOperator: RECORDS_OUT_OPERATOR_SEL_11:0, RECORDS_OUT_INTERMEDIATE:0, 
2024-04-24T00:54:16,856  INFO [LocalJobRunner Map Task Executor #0] vector.VectorReduceSinkOperator: Closing Operator: RS[12]
2024-04-24T00:54:16,856  INFO [LocalJobRunner Map Task Executor #0] vector.VectorReduceSinkOperator: RS[12]: Total records written - 0. abort - false
2024-04-24T00:54:16,856  INFO [LocalJobRunner Map Task Executor #0] vector.VectorReduceSinkOperator: RECORDS_OUT_OPERATOR_RS_12:0, RECORDS_OUT_INTERMEDIATE:0, 
2024-04-24T00:54:16,857  INFO [LocalJobRunner Map Task Executor #0] mapred.LocalJobRunner: 
2024-04-24T00:54:16,857  INFO [LocalJobRunner Map Task Executor #0] mapred.MapTask: Starting flush of map output
2024-04-24T00:54:16,870  INFO [LocalJobRunner Map Task Executor #0] mapred.Task: Task:attempt_local412644097_0027_m_000003_0 is done. And is in the process of committing
2024-04-24T00:54:16,871  INFO [LocalJobRunner Map Task Executor #0] mapred.LocalJobRunner: OrcSplit [file:/home/alex/Repositories/hive/ql/target/tmp/org.apache.hadoop.hive.ql.TestTxnNoBuckets-1713945183193/warehouse/nonacidnonbucket/000000_0_copy_2, start=0, length=254, isOriginal=true, fileLength=254, hasFooter=false, hasBase=true, deltas=0]
2024-04-24T00:54:16,871  INFO [LocalJobRunner Map Task Executor #0] mapred.Task: Task 'attempt_local412644097_0027_m_000003_0' done.
2024-04-24T00:54:16,871  INFO [LocalJobRunner Map Task Executor #0] mapred.Task: Final Counters for attempt_local412644097_0027_m_000003_0: Counters: 25
	File System Counters
		FILE: Number of bytes read=583974
		FILE: Number of bytes written=32440423
		FILE: Number of read operations=0
		FILE: Number of large read operations=0
		FILE: Number of write operations=0
	Map-Reduce Framework
		Map input records=0
		Map output records=0
		Map output bytes=0
		Map output materialized bytes=6
		Input split bytes=509
		Combine input records=0
		Spilled Records=0
		Failed Shuffles=0
		Merged Map outputs=0
		GC time elapsed (ms)=83
		Total committed heap usage (bytes)=1124073472
	HIVE
		DESERIALIZE_ERRORS=0
		RECORDS_IN=0
		RECORDS_OUT_INTERMEDIATE=0
		RECORDS_OUT_OPERATOR_FIL_10=0
		RECORDS_OUT_OPERATOR_MAP_0=0
		RECORDS_OUT_OPERATOR_RS_12=0
		RECORDS_OUT_OPERATOR_SEL_11=0
		RECORDS_OUT_OPERATOR_TS_0=0
	File Input Format Counters 
		Bytes Read=8375
2024-04-24T00:54:16,871  INFO [LocalJobRunner Map Task Executor #0] mapred.LocalJobRunner: Finishing task: attempt_local412644097_0027_m_000003_0
2024-04-24T00:54:16,871  INFO [Thread-1706] mapred.LocalJobRunner: map task executor complete.
2024-04-24T00:54:16,871  WARN [Thread-1706] mapred.LocalJobRunner: job_local412644097_0027
java.lang.Exception: java.lang.RuntimeException: org.apache.hadoop.hive.ql.metadata.HiveException: Hive Runtime Error while processing row 
	at org.apache.hadoop.mapred.LocalJobRunner$Job.runTasks(LocalJobRunner.java:492) ~[hadoop-mapreduce-client-common-3.1.0.jar:?]
	at org.apache.hadoop.mapred.LocalJobRunner$Job.run(LocalJobRunner.java:552) [hadoop-mapreduce-client-common-3.1.0.jar:?]
Caused by: java.lang.RuntimeException: org.apache.hadoop.hive.ql.metadata.HiveException: Hive Runtime Error while processing row 
	at org.apache.hadoop.hive.ql.exec.mr.ExecMapper.map(ExecMapper.java:157) ~[classes/:?]
	at org.apache.hadoop.mapred.MapRunner.run(MapRunner.java:54) ~[hadoop-mapreduce-client-core-3.1.0.jar:?]
	at org.apache.hadoop.hive.ql.exec.mr.ExecMapRunner.run(ExecMapRunner.java:37) ~[classes/:?]
	at org.apache.hadoop.mapred.MapTask.runOldMapper(MapTask.java:465) ~[hadoop-mapreduce-client-core-3.1.0.jar:?]
	at org.apache.hadoop.mapred.MapTask.run(MapTask.java:349) ~[hadoop-mapreduce-client-core-3.1.0.jar:?]
	at org.apache.hadoop.mapred.LocalJobRunner$Job$MapTaskRunnable.run(LocalJobRunner.java:271) ~[hadoop-mapreduce-client-common-3.1.0.jar:?]
	at java.util.concurrent.Executors$RunnableAdapter.call(Executors.java:511) ~[?:1.8.0_402]
	at java.util.concurrent.FutureTask.run(FutureTask.java:266) ~[?:1.8.0_402]
	at java.util.concurrent.ThreadPoolExecutor.runWorker(ThreadPoolExecutor.java:1149) ~[?:1.8.0_402]
	at java.util.concurrent.ThreadPoolExecutor$Worker.run(ThreadPoolExecutor.java:624) ~[?:1.8.0_402]
	at java.lang.Thread.run(Thread.java:750) ~[?:1.8.0_402]
Caused by: org.apache.hadoop.hive.ql.metadata.HiveException: Hive Runtime Error while processing row 
	at org.apache.hadoop.hive.ql.exec.vector.VectorMapOperator.process(VectorMapOperator.java:993) ~[classes/:?]
	at org.apache.hadoop.hive.ql.exec.mr.ExecMapper.map(ExecMapper.java:148) ~[classes/:?]
	at org.apache.hadoop.mapred.MapRunner.run(MapRunner.java:54) ~[hadoop-mapreduce-client-core-3.1.0.jar:?]
	at org.apache.hadoop.hive.ql.exec.mr.ExecMapRunner.run(ExecMapRunner.java:37) ~[classes/:?]
	at org.apache.hadoop.mapred.MapTask.runOldMapper(MapTask.java:465) ~[hadoop-mapreduce-client-core-3.1.0.jar:?]
	at org.apache.hadoop.mapred.MapTask.run(MapTask.java:349) ~[hadoop-mapreduce-client-core-3.1.0.jar:?]
	at org.apache.hadoop.mapred.LocalJobRunner$Job$MapTaskRunnable.run(LocalJobRunner.java:271) ~[hadoop-mapreduce-client-common-3.1.0.jar:?]
	at java.util.concurrent.Executors$RunnableAdapter.call(Executors.java:511) ~[?:1.8.0_402]
	at java.util.concurrent.FutureTask.run(FutureTask.java:266) ~[?:1.8.0_402]
	at java.util.concurrent.ThreadPoolExecutor.runWorker(ThreadPoolExecutor.java:1149) ~[?:1.8.0_402]
	at java.util.concurrent.ThreadPoolExecutor$Worker.run(ThreadPoolExecutor.java:624) ~[?:1.8.0_402]
	at java.lang.Thread.run(Thread.java:750) ~[?:1.8.0_402]
Caused by: org.apache.hadoop.hive.ql.exec.NoMatchingMethodException: No matching method for class org.apache.hadoop.hive.ql.udf.UDFToInteger with (struct<writeid:bigint,bucketid:int,rowid:bigint>). Possible choices: _FUNC_(bigint)  _FUNC_(boolean)  _FUNC_(decimal(38,18))  _FUNC_(double)  _FUNC_(float)  _FUNC_(smallint)  _FUNC_(string)  _FUNC_(struct<bucketid:bigint,writeid:int,rowid:bigint>)  _FUNC_(timestamp)  _FUNC_(tinyint)  _FUNC_(void)  
	at org.apache.hadoop.hive.ql.exec.MethodUtils.getMethodInternal(MethodUtils.java:130) ~[classes/:?]
	at org.apache.hadoop.hive.ql.exec.MethodUtils.getMethodInternal(MethodUtils.java:60) ~[classes/:?]
	at org.apache.hadoop.hive.ql.exec.DefaultUDFMethodResolver.getEvalMethod(DefaultUDFMethodResolver.java:59) ~[classes/:?]
	at org.apache.hadoop.hive.ql.udf.TimestampCastRestrictorResolver.getEvalMethod(TimestampCastRestrictorResolver.java:68) ~[classes/:?]
	at org.apache.hadoop.hive.ql.udf.generic.GenericUDFBridge.initialize(GenericUDFBridge.java:168) ~[classes/:?]
	at org.apache.hadoop.hive.ql.udf.generic.GenericUDF.initializeAndFoldConstants(GenericUDF.java:149) ~[classes/:?]
	at org.apache.hadoop.hive.ql.exec.ExprNodeGenericFuncEvaluator.initialize(ExprNodeGenericFuncEvaluator.java:184) ~[classes/:?]
	at org.apache.hadoop.hive.ql.exec.Operator.initEvaluators(Operator.java:1073) ~[classes/:?]
	at org.apache.hadoop.hive.ql.exec.ReduceSinkOperator.process(ReduceSinkOperator.java:307) ~[classes/:?]
	at org.apache.hadoop.hive.ql.exec.vector.VectorReduceSinkOperator.process(VectorReduceSinkOperator.java:110) ~[classes/:?]
	at org.apache.hadoop.hive.ql.exec.Operator.vectorForward(Operator.java:919) ~[classes/:?]
	at org.apache.hadoop.hive.ql.exec.vector.VectorSelectOperator.process(VectorSelectOperator.java:158) ~[classes/:?]
	at org.apache.hadoop.hive.ql.exec.Operator.vectorForward(Operator.java:919) ~[classes/:?]
	at org.apache.hadoop.hive.ql.exec.vector.VectorFilterOperator.process(VectorFilterOperator.java:136) ~[classes/:?]
	at org.apache.hadoop.hive.ql.exec.Operator.vectorForward(Operator.java:919) ~[classes/:?]
	at org.apache.hadoop.hive.ql.exec.TableScanOperator.process(TableScanOperator.java:171) ~[classes/:?]
	at org.apache.hadoop.hive.ql.exec.vector.VectorMapOperator.deliverVectorizedRowBatch(VectorMapOperator.java:809) ~[classes/:?]
	at org.apache.hadoop.hive.ql.exec.vector.VectorMapOperator.process(VectorMapOperator.java:878) ~[classes/:?]
	at org.apache.hadoop.hive.ql.exec.mr.ExecMapper.map(ExecMapper.java:148) ~[classes/:?]
	at org.apache.hadoop.mapred.MapRunner.run(MapRunner.java:54) ~[hadoop-mapreduce-client-core-3.1.0.jar:?]
	at org.apache.hadoop.hive.ql.exec.mr.ExecMapRunner.run(ExecMapRunner.java:37) ~[classes/:?]
	at org.apache.hadoop.mapred.MapTask.runOldMapper(MapTask.java:465) ~[hadoop-mapreduce-client-core-3.1.0.jar:?]
	at org.apache.hadoop.mapred.MapTask.run(MapTask.java:349) ~[hadoop-mapreduce-client-core-3.1.0.jar:?]
	at org.apache.hadoop.mapred.LocalJobRunner$Job$MapTaskRunnable.run(LocalJobRunner.java:271) ~[hadoop-mapreduce-client-common-3.1.0.jar:?]
	at java.util.concurrent.Executors$RunnableAdapter.call(Executors.java:511) ~[?:1.8.0_402]
	at java.util.concurrent.FutureTask.run(FutureTask.java:266) ~[?:1.8.0_402]
	at java.util.concurrent.ThreadPoolExecutor.runWorker(ThreadPoolExecutor.java:1149) ~[?:1.8.0_402]
	at java.util.concurrent.ThreadPoolExecutor$Worker.run(ThreadPoolExecutor.java:624) ~[?:1.8.0_402]
	at java.lang.Thread.run(Thread.java:750) ~[?:1.8.0_402]
2024-04-24 00:54:17,686 Stage-1 map = 100%,  reduce = 0%
2024-04-24T00:54:17,686  INFO [main] exec.Task: 2024-04-24 00:54:17,686 Stage-1 map = 100%,  reduce = 0%
Ended Job = job_local412644097_0027 with errors
2024-04-24T00:54:17,689 ERROR [main] exec.Task: Ended Job = job_local412644097_0027 with errors
Error during job, obtaining debugging information...
2024-04-24T00:54:17,692 ERROR [Thread-1724] exec.Task: Error during job, obtaining debugging information...
2024-04-24T00:54:17,699  INFO [main] FileOperations: Deleting file:/home/alex/Repositories/hive/ql/target/tmp/org.apache.hadoop.hive.ql.TestTxnNoBuckets-1713945183193/warehouse/nonacidnonbucket/_tmp.delta_10000002_10000002_0000 on failure
FAILED: Execution Error, return code 2 from org.apache.hadoop.hive.ql.exec.mr.MapRedTask
2024-04-24T00:54:17,700 ERROR [main] ql.Driver: FAILED: Execution Error, return code 2 from org.apache.hadoop.hive.ql.exec.mr.MapRedTask
2024-04-24T00:54:17,700  INFO [main] metadata.Hive: Dumping metastore api call timing information for : execution phase
2024-04-24T00:54:17,700  INFO [main] metadata.Hive: Total time spent in each metastore function (ms): {}
MapReduce Jobs Launched: 
2024-04-24T00:54:17,701  INFO [main] ql.Driver: MapReduce Jobs Launched: 
Stage-Stage-1:  HDFS Read: 0 HDFS Write: 0 FAIL
2024-04-24T00:54:17,701  INFO [main] ql.Driver: Stage-Stage-1:  HDFS Read: 0 HDFS Write: 0 FAIL
Total MapReduce CPU Time Spent: 0 msec
2024-04-24T00:54:17,701  INFO [main] ql.Driver: Total MapReduce CPU Time Spent: 0 msec
2024-04-24T00:54:17,701  INFO [main] ql.Driver: Completed executing command(queryId=alex_20240424005415_c843cc5a-073e-4738-8eda-70acef653f25); Time taken: 1.403 seconds
2024-04-24T00:54:17,702  INFO [main] lockmgr.DbTxnManager: Stopped heartbeat for query: alex_20240424005415_c843cc5a-073e-4738-8eda-70acef653f25
2024-04-24T00:54:17,708  INFO [main] txn.TxnHandler: Removed transactions: ([19]) from MIN_HISTORY_LEVEL
2024-04-24T00:54:17,725  INFO [main] ql.TxnCommandsBaseForTests: Running the query: drop table if exists acidTbl
2024-04-24T00:54:17,726  INFO [main] ql.Context: Deleting scratch dir: file:/home/alex/Repositories/hive/ql/target/tmp/localscratchdir/5cf0a0f8-53f1-4859-9489-cf76cd9d84a2/hive_2024-04-24_00-54-15_969_1725728613632745630-1
2024-04-24T00:54:17,726  INFO [main] cleanup.SyncCleanupService: Deleted directory: file:/home/alex/Repositories/hive/ql/target/tmp/localscratchdir/5cf0a0f8-53f1-4859-9489-cf76cd9d84a2/hive_2024-04-24_00-54-15_969_1725728613632745630-1 on fs with scheme file
2024-04-24T00:54:17,726  INFO [main] ql.Context: Deleting scratch dir: file:/home/alex/Repositories/hive/ql/target/tmp/localscratchdir/5cf0a0f8-53f1-4859-9489-cf76cd9d84a2/hive_2024-04-24_00-54-15_955_8509062880440714295-1
2024-04-24T00:54:17,727  INFO [main] cleanup.SyncCleanupService: Deleted directory: file:/home/alex/Repositories/hive/ql/target/tmp/localscratchdir/5cf0a0f8-53f1-4859-9489-cf76cd9d84a2/hive_2024-04-24_00-54-15_955_8509062880440714295-1 on fs with scheme file
2024-04-24T00:54:17,727  INFO [main] ql.Driver: Compiling command(queryId=alex_20240424005417_cbe15148-1f09-4e3d-9681-ce7e1fd9ee39): drop table if exists acidTbl
2024-04-24T00:54:17,732  INFO [main] txn.TxnHandler: Added entries to MIN_HISTORY_LEVEL for current txns: ([20]) with min_open_txn: 20
2024-04-24T00:54:17,732  INFO [main] lockmgr.DbTxnManager: Opened txnid:20
2024-04-24T00:54:17,733  INFO [main] HiveMetaStore.audit: ugi=alex	ip=unknown-ip-addr	cmd=get_table : tbl=hive.default.acidTbl	
2024-04-24T00:54:17,749  INFO [main] metastore.HMSHandler: Skipping translation for processor with null
2024-04-24T00:54:17,749  INFO [main] ql.Driver: Semantic Analysis Completed (retrial = false)
2024-04-24T00:54:17,749  INFO [main] ql.Driver: Created Hive schema: Schema(fieldSchemas:null, properties:null)
2024-04-24T00:54:17,749  INFO [main] metadata.Hive: Dumping metastore api call timing information for : compilation phase
2024-04-24T00:54:17,750  INFO [main] metadata.Hive: Total time spent in each metastore function (ms): {rollbackTxn_(long)=23, isCompatibleWith_(Configuration)=0, openTxn_(String, TxnType)=4, getValidTxns_(long)=1, getTable_(GetTableRequest)=16, flushCache_()=0}
2024-04-24T00:54:17,750  INFO [main] ql.Driver: Completed compiling command(queryId=alex_20240424005417_cbe15148-1f09-4e3d-9681-ce7e1fd9ee39); Time taken: 0.022 seconds
2024-04-24T00:54:17,750  INFO [main] lockmgr.DbTxnManager: Setting lock request transaction to txnid:20 for queryId=alex_20240424005417_cbe15148-1f09-4e3d-9681-ce7e1fd9ee39
2024-04-24T00:54:17,751  INFO [main] lockmgr.DbLockManager: Requesting lock for queryId=alex_20240424005417_cbe15148-1f09-4e3d-9681-ce7e1fd9ee39
2024-04-24T00:54:17,768  INFO [main] lockmgr.DbLockManager: Response to queryId=alex_20240424005417_cbe15148-1f09-4e3d-9681-ce7e1fd9ee39 LockResponse(lockid:14, state:ACQUIRED)
2024-04-24T00:54:17,769  INFO [main] ql.Driver: Operation DROPTABLE obtained 1 locks
2024-04-24T00:54:17,769  INFO [main] ql.Driver: Executing command(queryId=alex_20240424005417_cbe15148-1f09-4e3d-9681-ce7e1fd9ee39): drop table if exists acidTbl
2024-04-24T00:54:17,769  INFO [main] ql.Driver: Starting task [Stage-0:DDL] in serial mode
2024-04-24T00:54:17,769  INFO [main] HiveMetaStore.audit: ugi=alex	ip=unknown-ip-addr	cmd=get_table : tbl=hive.default.acidTbl	
2024-04-24T00:54:17,777  INFO [main] metastore.HMSHandler: Skipping translation for processor with null
2024-04-24T00:54:17,777  INFO [main] HiveMetaStore.audit: ugi=alex	ip=unknown-ip-addr	cmd=get_table : tbl=hive.default.acidTbl	
2024-04-24T00:54:17,785  INFO [main] metastore.HMSHandler: Skipping translation for processor with null
2024-04-24T00:54:17,785  INFO [main] HiveMetaStore.audit: ugi=alex	ip=unknown-ip-addr	cmd=drop_table : tbl=hive.default.acidTbl	
2024-04-24T00:54:17,914  INFO [main] metadata.Hive: Dumping metastore api call timing information for : execution phase
2024-04-24T00:54:17,914  INFO [main] metadata.Hive: Total time spent in each metastore function (ms): {getTable_(GetTableRequest)=8, isCompatibleWith_(Configuration)=0, dropTable_(String, String, boolean, boolean, boolean)=137}
2024-04-24T00:54:17,914  INFO [main] ql.Driver: Completed executing command(queryId=alex_20240424005417_cbe15148-1f09-4e3d-9681-ce7e1fd9ee39); Time taken: 0.145 seconds
2024-04-24T00:54:17,914  INFO [main] lockmgr.DbTxnManager: Stopped heartbeat for query: alex_20240424005417_cbe15148-1f09-4e3d-9681-ce7e1fd9ee39
2024-04-24T00:54:17,919  INFO [main] txn.TxnHandler: Expected to move at least one record from txn_components to completed_txn_components when committing txn! txnid:20
2024-04-24T00:54:17,927  INFO [main] txn.TxnHandler: Removed transactions: ([20]) from MIN_HISTORY_LEVEL
2024-04-24T00:54:17,928  WARN [main] txn.CompactionTxnHandler: No compaction queue record found for Compaction type transaction commit. txnId:20
2024-04-24T00:54:17,929  INFO [main] ql.TxnCommandsBaseForTests: Running the query: drop table if exists acidTblPart
2024-04-24T00:54:17,929  INFO [main] ql.Driver: Compiling command(queryId=alex_20240424005417_792d1800-5e84-4507-b406-53f403bc3ddb): drop table if exists acidTblPart
2024-04-24T00:54:17,932  INFO [main] txn.TxnHandler: Added entries to MIN_HISTORY_LEVEL for current txns: ([21]) with min_open_txn: 20
2024-04-24T00:54:17,933  INFO [main] lockmgr.DbTxnManager: Opened txnid:21
2024-04-24T00:54:17,934  INFO [main] HiveMetaStore.audit: ugi=alex	ip=unknown-ip-addr	cmd=get_table : tbl=hive.default.acidTblPart	
2024-04-24T00:54:17,942  INFO [main] metastore.HMSHandler: Skipping translation for processor with null
2024-04-24T00:54:17,942  INFO [main] ql.Driver: Semantic Analysis Completed (retrial = false)
2024-04-24T00:54:17,942  INFO [main] ql.Driver: Created Hive schema: Schema(fieldSchemas:null, properties:null)
2024-04-24T00:54:17,942  INFO [main] metadata.Hive: Dumping metastore api call timing information for : compilation phase
2024-04-24T00:54:17,943  INFO [main] metadata.Hive: Total time spent in each metastore function (ms): {commitTxn_(CommitTxnRequest)=15, getTable_(GetTableRequest)=8, openTxn_(String, TxnType)=3, getValidTxns_(long)=1, isCompatibleWith_(Configuration)=0, flushCache_()=0}
2024-04-24T00:54:17,943  INFO [main] ql.Driver: Completed compiling command(queryId=alex_20240424005417_792d1800-5e84-4507-b406-53f403bc3ddb); Time taken: 0.013 seconds
2024-04-24T00:54:17,943  INFO [main] lockmgr.DbTxnManager: Setting lock request transaction to txnid:21 for queryId=alex_20240424005417_792d1800-5e84-4507-b406-53f403bc3ddb
2024-04-24T00:54:17,944  INFO [main] lockmgr.DbLockManager: Requesting lock for queryId=alex_20240424005417_792d1800-5e84-4507-b406-53f403bc3ddb
2024-04-24T00:54:17,960  INFO [main] lockmgr.DbLockManager: Response to queryId=alex_20240424005417_792d1800-5e84-4507-b406-53f403bc3ddb LockResponse(lockid:15, state:ACQUIRED)
2024-04-24T00:54:17,960  INFO [main] ql.Driver: Operation DROPTABLE obtained 1 locks
2024-04-24T00:54:17,961  INFO [main] ql.Driver: Executing command(queryId=alex_20240424005417_792d1800-5e84-4507-b406-53f403bc3ddb): drop table if exists acidTblPart
2024-04-24T00:54:17,961  INFO [main] ql.Driver: Starting task [Stage-0:DDL] in serial mode
2024-04-24T00:54:17,961  INFO [main] HiveMetaStore.audit: ugi=alex	ip=unknown-ip-addr	cmd=get_table : tbl=hive.default.acidTblPart	
2024-04-24T00:54:17,969  INFO [main] metastore.HMSHandler: Skipping translation for processor with null
2024-04-24T00:54:17,969  INFO [main] HiveMetaStore.audit: ugi=alex	ip=unknown-ip-addr	cmd=get_table : tbl=hive.default.acidTblPart	
2024-04-24T00:54:17,976  INFO [main] metastore.HMSHandler: Skipping translation for processor with null
2024-04-24T00:54:17,977  INFO [main] HiveMetaStore.audit: ugi=alex	ip=unknown-ip-addr	cmd=drop_table : tbl=hive.default.acidTblPart	
2024-04-24T00:54:18,025  INFO [main] metadata.Hive: Dumping metastore api call timing information for : execution phase
2024-04-24T00:54:18,026  INFO [main] metadata.Hive: Total time spent in each metastore function (ms): {getTable_(GetTableRequest)=8, isCompatibleWith_(Configuration)=0, dropTable_(String, String, boolean, boolean, boolean)=56}
2024-04-24T00:54:18,026  INFO [main] ql.Driver: Completed executing command(queryId=alex_20240424005417_792d1800-5e84-4507-b406-53f403bc3ddb); Time taken: 0.064 seconds
2024-04-24T00:54:18,026  INFO [main] lockmgr.DbTxnManager: Stopped heartbeat for query: alex_20240424005417_792d1800-5e84-4507-b406-53f403bc3ddb
2024-04-24T00:54:18,031  INFO [main] txn.TxnHandler: Expected to move at least one record from txn_components to completed_txn_components when committing txn! txnid:21
2024-04-24T00:54:18,038  INFO [main] txn.TxnHandler: Removed transactions: ([21]) from MIN_HISTORY_LEVEL
2024-04-24T00:54:18,038  WARN [main] txn.CompactionTxnHandler: No compaction queue record found for Compaction type transaction commit. txnId:21
2024-04-24T00:54:18,039  INFO [main] ql.TxnCommandsBaseForTests: Running the query: drop table if exists acidTbl2
2024-04-24T00:54:18,039  INFO [main] ql.Driver: Compiling command(queryId=alex_20240424005418_f74bde41-fbca-4377-bba1-99119b1380da): drop table if exists acidTbl2
2024-04-24T00:54:18,042  INFO [main] txn.TxnHandler: Added entries to MIN_HISTORY_LEVEL for current txns: ([22]) with min_open_txn: 20
2024-04-24T00:54:18,042  INFO [main] lockmgr.DbTxnManager: Opened txnid:22
2024-04-24T00:54:18,043  INFO [main] ql.Driver: Semantic Analysis Completed (retrial = false)
2024-04-24T00:54:18,043  INFO [main] ql.Driver: Created Hive schema: Schema(fieldSchemas:null, properties:null)
2024-04-24T00:54:18,043  INFO [main] metadata.Hive: Dumping metastore api call timing information for : compilation phase
2024-04-24T00:54:18,043  INFO [main] metadata.Hive: Total time spent in each metastore function (ms): {getTable_(GetTableRequest)=0, flushCache_()=0, commitTxn_(CommitTxnRequest)=13, isCompatibleWith_(Configuration)=0, getValidTxns_(long)=1, openTxn_(String, TxnType)=2}
2024-04-24T00:54:18,044  INFO [main] ql.Driver: Completed compiling command(queryId=alex_20240424005418_f74bde41-fbca-4377-bba1-99119b1380da); Time taken: 0.004 seconds
2024-04-24T00:54:18,044  INFO [main] lockmgr.DbTxnManager: Setting lock request transaction to txnid:22 for queryId=alex_20240424005418_f74bde41-fbca-4377-bba1-99119b1380da
2024-04-24T00:54:18,044  INFO [main] ql.Driver: Operation DROPTABLE obtained 0 locks
2024-04-24T00:54:18,044  INFO [main] ql.Driver: Executing command(queryId=alex_20240424005418_f74bde41-fbca-4377-bba1-99119b1380da): drop table if exists acidTbl2
2024-04-24T00:54:18,044  INFO [main] ql.Driver: Starting task [Stage-0:DDL] in serial mode
2024-04-24T00:54:18,045  INFO [main] metadata.SessionHiveMetaStoreClient: Column stats doesn't exist for db=default temp table=acidTbl2
2024-04-24T00:54:18,045  INFO [main] metadata.Hive: Dumping metastore api call timing information for : execution phase
2024-04-24T00:54:18,045  INFO [main] metadata.Hive: Total time spent in each metastore function (ms): {getTable_(GetTableRequest)=1, isCompatibleWith_(Configuration)=0, dropTable_(String, String, boolean, boolean, boolean)=0}
2024-04-24T00:54:18,045  INFO [main] ql.Driver: Completed executing command(queryId=alex_20240424005418_f74bde41-fbca-4377-bba1-99119b1380da); Time taken: 0.001 seconds
2024-04-24T00:54:18,045  INFO [main] lockmgr.DbTxnManager: Stopped heartbeat for query: alex_20240424005418_f74bde41-fbca-4377-bba1-99119b1380da
2024-04-24T00:54:18,051  INFO [main] txn.TxnHandler: Expected to move at least one record from txn_components to completed_txn_components when committing txn! txnid:22
2024-04-24T00:54:18,059  INFO [main] txn.TxnHandler: Removed transactions: ([22]) from MIN_HISTORY_LEVEL
2024-04-24T00:54:18,059  WARN [main] txn.CompactionTxnHandler: No compaction queue record found for Compaction type transaction commit. txnId:22
2024-04-24T00:54:18,060  INFO [main] ql.TxnCommandsBaseForTests: Running the query: drop table if exists nonAcidOrcTbl
2024-04-24T00:54:18,060  INFO [main] ql.Driver: Compiling command(queryId=alex_20240424005418_6a4ba35f-72af-454e-8757-d29216942d6e): drop table if exists nonAcidOrcTbl
2024-04-24T00:54:18,062  INFO [main] txn.TxnHandler: Added entries to MIN_HISTORY_LEVEL for current txns: ([23]) with min_open_txn: 20
2024-04-24T00:54:18,063  INFO [main] lockmgr.DbTxnManager: Opened txnid:23
2024-04-24T00:54:18,064  INFO [main] HiveMetaStore.audit: ugi=alex	ip=unknown-ip-addr	cmd=get_table : tbl=hive.default.nonAcidOrcTbl	
2024-04-24T00:54:18,097  INFO [main] metastore.HMSHandler: Skipping translation for processor with null
2024-04-24T00:54:18,097  INFO [main] ql.Driver: Semantic Analysis Completed (retrial = false)
2024-04-24T00:54:18,097  INFO [main] ql.Driver: Created Hive schema: Schema(fieldSchemas:null, properties:null)
2024-04-24T00:54:18,098  INFO [main] metadata.Hive: Dumping metastore api call timing information for : compilation phase
2024-04-24T00:54:18,098  INFO [main] metadata.Hive: Total time spent in each metastore function (ms): {commitTxn_(CommitTxnRequest)=13, isCompatibleWith_(Configuration)=0, flushCache_()=0, getTable_(GetTableRequest)=33, getValidTxns_(long)=1, openTxn_(String, TxnType)=3}
2024-04-24T00:54:18,098  INFO [main] ql.Driver: Completed compiling command(queryId=alex_20240424005418_6a4ba35f-72af-454e-8757-d29216942d6e); Time taken: 0.037 seconds
2024-04-24T00:54:18,098  INFO [main] lockmgr.DbTxnManager: Setting lock request transaction to txnid:23 for queryId=alex_20240424005418_6a4ba35f-72af-454e-8757-d29216942d6e
2024-04-24T00:54:18,099  INFO [main] lockmgr.DbLockManager: Requesting lock for queryId=alex_20240424005418_6a4ba35f-72af-454e-8757-d29216942d6e
2024-04-24T00:54:18,116  INFO [main] lockmgr.DbLockManager: Response to queryId=alex_20240424005418_6a4ba35f-72af-454e-8757-d29216942d6e LockResponse(lockid:16, state:ACQUIRED)
2024-04-24T00:54:18,116  INFO [main] ql.Driver: Operation DROPTABLE obtained 1 locks
2024-04-24T00:54:18,116  INFO [main] ql.Driver: Executing command(queryId=alex_20240424005418_6a4ba35f-72af-454e-8757-d29216942d6e): drop table if exists nonAcidOrcTbl
2024-04-24T00:54:18,116  INFO [main] ql.Driver: Starting task [Stage-0:DDL] in serial mode
2024-04-24T00:54:18,116  INFO [main] HiveMetaStore.audit: ugi=alex	ip=unknown-ip-addr	cmd=get_table : tbl=hive.default.nonAcidOrcTbl	
2024-04-24T00:54:18,126  INFO [main] metastore.HMSHandler: Skipping translation for processor with null
2024-04-24T00:54:18,126  INFO [main] HiveMetaStore.audit: ugi=alex	ip=unknown-ip-addr	cmd=get_table : tbl=hive.default.nonAcidOrcTbl	
2024-04-24T00:54:18,135  INFO [main] metastore.HMSHandler: Skipping translation for processor with null
2024-04-24T00:54:18,135  INFO [main] HiveMetaStore.audit: ugi=alex	ip=unknown-ip-addr	cmd=drop_table : tbl=hive.default.nonAcidOrcTbl	
2024-04-24T00:54:18,233  INFO [main] metadata.Hive: Dumping metastore api call timing information for : execution phase
2024-04-24T00:54:18,234  INFO [main] metadata.Hive: Total time spent in each metastore function (ms): {isCompatibleWith_(Configuration)=0, dropTable_(String, String, boolean, boolean, boolean)=107, getTable_(GetTableRequest)=10}
2024-04-24T00:54:18,234  INFO [main] ql.Driver: Completed executing command(queryId=alex_20240424005418_6a4ba35f-72af-454e-8757-d29216942d6e); Time taken: 0.117 seconds
2024-04-24T00:54:18,234  INFO [main] lockmgr.DbTxnManager: Stopped heartbeat for query: alex_20240424005418_6a4ba35f-72af-454e-8757-d29216942d6e
2024-04-24T00:54:18,238  INFO [main] txn.TxnHandler: Expected to move at least one record from txn_components to completed_txn_components when committing txn! txnid:23
2024-04-24T00:54:18,246  INFO [main] txn.TxnHandler: Removed transactions: ([23]) from MIN_HISTORY_LEVEL
2024-04-24T00:54:18,246  WARN [main] txn.CompactionTxnHandler: No compaction queue record found for Compaction type transaction commit. txnId:23
2024-04-24T00:54:18,246  INFO [main] ql.TxnCommandsBaseForTests: Running the query: drop table if exists nonAcidOrcTbl2
2024-04-24T00:54:18,247  INFO [main] ql.Driver: Compiling command(queryId=alex_20240424005418_a7b56a79-69e4-403c-ad09-b04d62deef79): drop table if exists nonAcidOrcTbl2
2024-04-24T00:54:18,250  INFO [main] txn.TxnHandler: Added entries to MIN_HISTORY_LEVEL for current txns: ([24]) with min_open_txn: 20
2024-04-24T00:54:18,250  INFO [main] lockmgr.DbTxnManager: Opened txnid:24
2024-04-24T00:54:18,251  INFO [main] HiveMetaStore.audit: ugi=alex	ip=unknown-ip-addr	cmd=get_table : tbl=hive.default.nonAcidOrcTbl2	
2024-04-24T00:54:18,262  INFO [main] metastore.HMSHandler: Skipping translation for processor with null
2024-04-24T00:54:18,262  INFO [main] ql.Driver: Semantic Analysis Completed (retrial = false)
2024-04-24T00:54:18,262  INFO [main] ql.Driver: Created Hive schema: Schema(fieldSchemas:null, properties:null)
2024-04-24T00:54:18,262  INFO [main] metadata.Hive: Dumping metastore api call timing information for : compilation phase
2024-04-24T00:54:18,262  INFO [main] metadata.Hive: Total time spent in each metastore function (ms): {flushCache_()=0, openTxn_(String, TxnType)=2, isCompatibleWith_(Configuration)=1, getValidTxns_(long)=1, getTable_(GetTableRequest)=11, commitTxn_(CommitTxnRequest)=12}
2024-04-24T00:54:18,262  INFO [main] ql.Driver: Completed compiling command(queryId=alex_20240424005418_a7b56a79-69e4-403c-ad09-b04d62deef79); Time taken: 0.015 seconds
2024-04-24T00:54:18,263  INFO [main] lockmgr.DbTxnManager: Setting lock request transaction to txnid:24 for queryId=alex_20240424005418_a7b56a79-69e4-403c-ad09-b04d62deef79
2024-04-24T00:54:18,263  INFO [main] lockmgr.DbLockManager: Requesting lock for queryId=alex_20240424005418_a7b56a79-69e4-403c-ad09-b04d62deef79
2024-04-24T00:54:18,281  INFO [main] lockmgr.DbLockManager: Response to queryId=alex_20240424005418_a7b56a79-69e4-403c-ad09-b04d62deef79 LockResponse(lockid:17, state:ACQUIRED)
2024-04-24T00:54:18,281  INFO [main] ql.Driver: Operation DROPTABLE obtained 1 locks
2024-04-24T00:54:18,281  INFO [main] ql.Driver: Executing command(queryId=alex_20240424005418_a7b56a79-69e4-403c-ad09-b04d62deef79): drop table if exists nonAcidOrcTbl2
2024-04-24T00:54:18,282  INFO [main] ql.Driver: Starting task [Stage-0:DDL] in serial mode
2024-04-24T00:54:18,282  INFO [main] HiveMetaStore.audit: ugi=alex	ip=unknown-ip-addr	cmd=get_table : tbl=hive.default.nonAcidOrcTbl2	
2024-04-24T00:54:18,292  INFO [main] metastore.HMSHandler: Skipping translation for processor with null
2024-04-24T00:54:18,293  INFO [main] HiveMetaStore.audit: ugi=alex	ip=unknown-ip-addr	cmd=get_table : tbl=hive.default.nonAcidOrcTbl2	
2024-04-24T00:54:18,303  INFO [main] metastore.HMSHandler: Skipping translation for processor with null
2024-04-24T00:54:18,304  INFO [main] HiveMetaStore.audit: ugi=alex	ip=unknown-ip-addr	cmd=drop_table : tbl=hive.default.nonAcidOrcTbl2	
2024-04-24T00:54:18,342  INFO [main] metadata.Hive: Dumping metastore api call timing information for : execution phase
2024-04-24T00:54:18,342  INFO [main] metadata.Hive: Total time spent in each metastore function (ms): {dropTable_(String, String, boolean, boolean, boolean)=49, getTable_(GetTableRequest)=10, isCompatibleWith_(Configuration)=0}
2024-04-24T00:54:18,342  INFO [main] ql.Driver: Completed executing command(queryId=alex_20240424005418_a7b56a79-69e4-403c-ad09-b04d62deef79); Time taken: 0.061 seconds
2024-04-24T00:54:18,342  INFO [main] lockmgr.DbTxnManager: Stopped heartbeat for query: alex_20240424005418_a7b56a79-69e4-403c-ad09-b04d62deef79
2024-04-24T00:54:18,346  INFO [main] txn.TxnHandler: Expected to move at least one record from txn_components to completed_txn_components when committing txn! txnid:24
2024-04-24T00:54:18,353  INFO [main] txn.TxnHandler: Removed transactions: ([24]) from MIN_HISTORY_LEVEL
2024-04-24T00:54:18,353  WARN [main] txn.CompactionTxnHandler: No compaction queue record found for Compaction type transaction commit. txnId:24
2024-04-24T00:54:18,354  INFO [main] ql.TxnCommandsBaseForTests: Running the query: drop table if exists nonAcidNonBucket
2024-04-24T00:54:18,354  INFO [main] ql.Driver: Compiling command(queryId=alex_20240424005418_d43c226c-e420-4264-86ae-aadd8af3d3b3): drop table if exists nonAcidNonBucket
2024-04-24T00:54:18,357  INFO [main] txn.TxnHandler: Added entries to MIN_HISTORY_LEVEL for current txns: ([25]) with min_open_txn: 20
2024-04-24T00:54:18,357  INFO [main] lockmgr.DbTxnManager: Opened txnid:25
2024-04-24T00:54:18,358  INFO [main] HiveMetaStore.audit: ugi=alex	ip=unknown-ip-addr	cmd=get_table : tbl=hive.default.nonAcidNonBucket	
2024-04-24T00:54:18,366  INFO [main] metastore.HMSHandler: Skipping translation for processor with null
2024-04-24T00:54:18,366  INFO [main] ql.Driver: Semantic Analysis Completed (retrial = false)
2024-04-24T00:54:18,366  INFO [main] ql.Driver: Created Hive schema: Schema(fieldSchemas:null, properties:null)
2024-04-24T00:54:18,366  INFO [main] metadata.Hive: Dumping metastore api call timing information for : compilation phase
2024-04-24T00:54:18,366  INFO [main] metadata.Hive: Total time spent in each metastore function (ms): {isCompatibleWith_(Configuration)=0, flushCache_()=0, getTable_(GetTableRequest)=8, commitTxn_(CommitTxnRequest)=12, openTxn_(String, TxnType)=2, getValidTxns_(long)=0}
2024-04-24T00:54:18,366  INFO [main] ql.Driver: Completed compiling command(queryId=alex_20240424005418_d43c226c-e420-4264-86ae-aadd8af3d3b3); Time taken: 0.012 seconds
2024-04-24T00:54:18,366  INFO [main] lockmgr.DbTxnManager: Setting lock request transaction to txnid:25 for queryId=alex_20240424005418_d43c226c-e420-4264-86ae-aadd8af3d3b3
2024-04-24T00:54:18,367  INFO [main] lockmgr.DbLockManager: Requesting lock for queryId=alex_20240424005418_d43c226c-e420-4264-86ae-aadd8af3d3b3
2024-04-24T00:54:18,383  INFO [main] lockmgr.DbLockManager: Response to queryId=alex_20240424005418_d43c226c-e420-4264-86ae-aadd8af3d3b3 LockResponse(lockid:18, state:ACQUIRED)
2024-04-24T00:54:18,383  INFO [main] ql.Driver: Operation DROPTABLE obtained 1 locks
2024-04-24T00:54:18,383  INFO [main] ql.Driver: Executing command(queryId=alex_20240424005418_d43c226c-e420-4264-86ae-aadd8af3d3b3): drop table if exists nonAcidNonBucket
2024-04-24T00:54:18,383  INFO [main] ql.Driver: Starting task [Stage-0:DDL] in serial mode
2024-04-24T00:54:18,383  INFO [main] HiveMetaStore.audit: ugi=alex	ip=unknown-ip-addr	cmd=get_table : tbl=hive.default.nonAcidNonBucket	
2024-04-24T00:54:18,391  INFO [main] metastore.HMSHandler: Skipping translation for processor with null
2024-04-24T00:54:18,391  INFO [main] HiveMetaStore.audit: ugi=alex	ip=unknown-ip-addr	cmd=get_table : tbl=hive.default.nonAcidNonBucket	
2024-04-24T00:54:18,399  INFO [main] metastore.HMSHandler: Skipping translation for processor with null
2024-04-24T00:54:18,399  INFO [main] HiveMetaStore.audit: ugi=alex	ip=unknown-ip-addr	cmd=drop_table : tbl=hive.default.nonAcidNonBucket	
2024-04-24T00:54:18,445  INFO [main] metadata.Hive: Dumping metastore api call timing information for : execution phase
2024-04-24T00:54:18,445  INFO [main] metadata.Hive: Total time spent in each metastore function (ms): {dropTable_(String, String, boolean, boolean, boolean)=53, getTable_(GetTableRequest)=8, isCompatibleWith_(Configuration)=0}
2024-04-24T00:54:18,445  INFO [main] ql.Driver: Completed executing command(queryId=alex_20240424005418_d43c226c-e420-4264-86ae-aadd8af3d3b3); Time taken: 0.062 seconds
2024-04-24T00:54:18,445  INFO [main] lockmgr.DbTxnManager: Stopped heartbeat for query: alex_20240424005418_d43c226c-e420-4264-86ae-aadd8af3d3b3
2024-04-24T00:54:18,449  INFO [main] txn.TxnHandler: Expected to move at least one record from txn_components to completed_txn_components when committing txn! txnid:25
2024-04-24T00:54:18,456  INFO [main] txn.TxnHandler: Removed transactions: ([25]) from MIN_HISTORY_LEVEL
2024-04-24T00:54:18,456  WARN [main] txn.CompactionTxnHandler: No compaction queue record found for Compaction type transaction commit. txnId:25
2024-04-24T00:54:18,457  INFO [main] utils.TestTxnDbUtil: Cleaning transactional tables
]]></system-err>
  </testcase>
  <testcase name="testCompactStatsGather" classname="org.apache.hadoop.hive.ql.TestTxnNoBucketsVectorized" time="16.954"/>
  <testcase name="testCTAS" classname="org.apache.hadoop.hive.ql.TestTxnNoBucketsVectorized" time="17.492"/>
  <testcase name="testToAcidConversionMultiBucket" classname="org.apache.hadoop.hive.ql.TestTxnNoBucketsVectorized" time="16.214">
    <error type="java.lang.RuntimeException"><![CDATA[java.lang.RuntimeException: update T set b = 88 where b = 80 failed: (responseCode = 40000, errorMessage = FAILED: NoMatchingMethodException No matching method for class org.apache.hadoop.hive.ql.udf.UDFToInteger with (struct<writeid:bigint,bucketid:int,rowid:bigint>). Possible choices: _FUNC_(bigint)  _FUNC_(boolean)  _FUNC_(decimal(38,18))  _FUNC_(double)  _FUNC_(float)  _FUNC_(smallint)  _FUNC_(string)  _FUNC_(struct<bucketid:bigint,writeid:int,rowid:bigint>)  _FUNC_(timestamp)  _FUNC_(tinyint)  _FUNC_(void)  , hiveErrorCode = 40000, SQLState = 42000, exception = No matching method for class org.apache.hadoop.hive.ql.udf.UDFToInteger with (struct<writeid:bigint,bucketid:int,rowid:bigint>). Possible choices: _FUNC_(bigint)  _FUNC_(boolean)  _FUNC_(decimal(38,18))  _FUNC_(double)  _FUNC_(float)  _FUNC_(smallint)  _FUNC_(string)  _FUNC_(struct<bucketid:bigint,writeid:int,rowid:bigint>)  _FUNC_(timestamp)  _FUNC_(tinyint)  _FUNC_(void)  )
	at org.apache.hadoop.hive.ql.TxnCommandsBaseForTests.runStatementOnDriver(TxnCommandsBaseForTests.java:247)
	at org.apache.hadoop.hive.ql.TestTxnNoBuckets.testToAcidConversionMultiBucket(TestTxnNoBuckets.java:455)
	at sun.reflect.NativeMethodAccessorImpl.invoke0(Native Method)
	at sun.reflect.NativeMethodAccessorImpl.invoke(NativeMethodAccessorImpl.java:62)
	at sun.reflect.DelegatingMethodAccessorImpl.invoke(DelegatingMethodAccessorImpl.java:43)
	at java.lang.reflect.Method.invoke(Method.java:498)
	at org.junit.runners.model.FrameworkMethod$1.runReflectiveCall(FrameworkMethod.java:59)
	at org.junit.internal.runners.model.ReflectiveCallable.run(ReflectiveCallable.java:12)
	at org.junit.runners.model.FrameworkMethod.invokeExplosively(FrameworkMethod.java:56)
	at org.junit.internal.runners.statements.InvokeMethod.evaluate(InvokeMethod.java:17)
	at org.junit.internal.runners.statements.RunBefores.evaluate(RunBefores.java:26)
	at org.junit.internal.runners.statements.RunAfters.evaluate(RunAfters.java:27)
	at org.junit.rules.TestWatcher$1.evaluate(TestWatcher.java:61)
	at org.junit.runners.ParentRunner$3.evaluate(ParentRunner.java:306)
	at org.junit.runners.BlockJUnit4ClassRunner$1.evaluate(BlockJUnit4ClassRunner.java:100)
	at org.junit.runners.ParentRunner.runLeaf(ParentRunner.java:366)
	at org.junit.runners.BlockJUnit4ClassRunner.runChild(BlockJUnit4ClassRunner.java:103)
	at org.junit.runners.BlockJUnit4ClassRunner.runChild(BlockJUnit4ClassRunner.java:63)
	at org.junit.runners.ParentRunner$4.run(ParentRunner.java:331)
	at org.junit.runners.ParentRunner$1.schedule(ParentRunner.java:79)
	at org.junit.runners.ParentRunner.runChildren(ParentRunner.java:329)
	at org.junit.runners.ParentRunner.access$100(ParentRunner.java:66)
	at org.junit.runners.ParentRunner$2.evaluate(ParentRunner.java:293)
	at org.junit.runners.ParentRunner$3.evaluate(ParentRunner.java:306)
	at org.junit.runners.ParentRunner.run(ParentRunner.java:413)
	at org.junit.runner.JUnitCore.run(JUnitCore.java:137)
	at org.junit.runner.JUnitCore.run(JUnitCore.java:115)
	at org.junit.vintage.engine.execution.RunnerExecutor.execute(RunnerExecutor.java:43)
	at java.util.stream.ForEachOps$ForEachOp$OfRef.accept(ForEachOps.java:183)
	at java.util.stream.ReferencePipeline$3$1.accept(ReferencePipeline.java:193)
	at java.util.Iterator.forEachRemaining(Iterator.java:116)
	at java.util.Spliterators$IteratorSpliterator.forEachRemaining(Spliterators.java:1801)
	at java.util.stream.AbstractPipeline.copyInto(AbstractPipeline.java:482)
	at java.util.stream.AbstractPipeline.wrapAndCopyInto(AbstractPipeline.java:472)
	at java.util.stream.ForEachOps$ForEachOp.evaluateSequential(ForEachOps.java:150)
	at java.util.stream.ForEachOps$ForEachOp$OfRef.evaluateSequential(ForEachOps.java:173)
	at java.util.stream.AbstractPipeline.evaluate(AbstractPipeline.java:234)
	at java.util.stream.ReferencePipeline.forEach(ReferencePipeline.java:485)
	at org.junit.vintage.engine.VintageTestEngine.executeAllChildren(VintageTestEngine.java:82)
	at org.junit.vintage.engine.VintageTestEngine.execute(VintageTestEngine.java:73)
	at org.junit.platform.launcher.core.DefaultLauncher.execute(DefaultLauncher.java:248)
	at org.junit.platform.launcher.core.DefaultLauncher.lambda$execute$5(DefaultLauncher.java:211)
	at org.junit.platform.launcher.core.DefaultLauncher.withInterceptedStreams(DefaultLauncher.java:226)
	at org.junit.platform.launcher.core.DefaultLauncher.execute(DefaultLauncher.java:199)
	at org.junit.platform.launcher.core.DefaultLauncher.execute(DefaultLauncher.java:132)
	at org.apache.maven.surefire.junitplatform.JUnitPlatformProvider.invokeAllTests(JUnitPlatformProvider.java:154)
	at org.apache.maven.surefire.junitplatform.JUnitPlatformProvider.invoke(JUnitPlatformProvider.java:123)
	at org.apache.maven.surefire.booter.ForkedBooter.runSuitesInProcess(ForkedBooter.java:377)
	at org.apache.maven.surefire.booter.ForkedBooter.execute(ForkedBooter.java:138)
	at org.apache.maven.surefire.booter.ForkedBooter.run(ForkedBooter.java:465)
	at org.apache.maven.surefire.booter.ForkedBooter.main(ForkedBooter.java:451)
]]></error>
    <system-err><![CDATA[2024-04-24T00:54:52,993  WARN [main] conf.HiveConf: HiveConf of name hive.llap.io.cache.orc.size does not exist
2024-04-24T00:54:52,993  WARN [main] conf.HiveConf: HiveConf of name hive.llap.io.cache.orc.arena.size does not exist
2024-04-24T00:54:52,993  WARN [main] conf.HiveConf: HiveConf of name hive.metastore.client.cache.recordStats does not exist
2024-04-24T00:54:52,993  WARN [main] conf.HiveConf: HiveConf of name hive.dummyparam.test.server.specific.config.hivesite does not exist
2024-04-24T00:54:52,993  WARN [main] conf.HiveConf: HiveConf of name hive.metastore.metadb.dir does not exist
2024-04-24T00:54:52,993  WARN [main] conf.HiveConf: HiveConf of name hive.dummyparam.test.server.specific.config.override does not exist
2024-04-24T00:54:52,993  WARN [main] conf.HiveConf: HiveConf of name hive.dummyparam.test.server.specific.config.metastoresite does not exist
2024-04-24T00:54:52,993  WARN [main] conf.HiveConf: HiveConf of name hive.llap.io.cache.orc.alloc.min does not exist
2024-04-24T00:54:52,993  WARN [main] conf.HiveConf: HiveConf of name hive.stats.key.prefix.reserve.length does not exist
2024-04-24T00:54:52,994  WARN [main] conf.HiveConf: HiveConf of name hive.llap.io.cache.orc.alloc.max does not exist
2024-04-24T00:54:52,994  WARN [main] conf.HiveConf: HiveConf of name hive.metastore.client.cache.maxSize does not exist
2024-04-24T00:54:52,997  INFO [main] utils.TestTxnDbUtil: Creating transactional tables
Hive Session ID = d722f3ca-04ab-4562-aceb-d9034f7af316
2024-04-24T00:54:53,000  INFO [main] SessionState: Hive Session ID = d722f3ca-04ab-4562-aceb-d9034f7af316
ivysettings.xml file not found in HIVE_HOME or HIVE_CONF_DIR,/home/alex/Repositories/hive/conf/ivysettings.xml will be used
2024-04-24T00:54:53,001  INFO [main] DependencyResolver: ivysettings.xml file not found in HIVE_HOME or HIVE_CONF_DIR,/home/alex/Repositories/hive/conf/ivysettings.xml will be used
2024-04-24T00:54:53,007  INFO [main] session.SessionState: Created HDFS directory: /home/alex/Repositories/hive/ql/target/tmp/scratchdir/alex/d722f3ca-04ab-4562-aceb-d9034f7af316
2024-04-24T00:54:53,009  INFO [main] session.SessionState: Created local directory: /home/alex/Repositories/hive/ql/target/tmp/localscratchdir/d722f3ca-04ab-4562-aceb-d9034f7af316
2024-04-24T00:54:53,012  INFO [main] session.SessionState: Created HDFS directory: /home/alex/Repositories/hive/ql/target/tmp/scratchdir/alex/d722f3ca-04ab-4562-aceb-d9034f7af316/_tmp_space.db
2024-04-24T00:54:53,013  INFO [main] sqlstd.SQLStdHiveAccessController: Created SQLStdHiveAccessController for session context : HiveAuthzSessionContext [sessionString=d722f3ca-04ab-4562-aceb-d9034f7af316, clientType=HIVECLI]
2024-04-24T00:54:53,013  INFO [main] ql.TxnCommandsBaseForTests: Running the query: drop table if exists acidTbl
2024-04-24T00:54:53,014  INFO [main] ql.Driver: Compiling command(queryId=alex_20240424005453_1e533714-13a7-4ca1-9d2c-65cd1d737c77): drop table if exists acidTbl
2024-04-24T00:54:53,029  INFO [main] txn.TxnHandler: Added entries to MIN_HISTORY_LEVEL for current txns: ([1]) with min_open_txn: 1
2024-04-24T00:54:53,030  INFO [main] lockmgr.DbTxnManager: Opened txnid:1
2024-04-24T00:54:53,034  INFO [main] HiveMetaStore.audit: ugi=alex	ip=unknown-ip-addr	cmd=get_table : tbl=hive.default.acidTbl	
2024-04-24T00:54:53,039  INFO [main] ql.Driver: Semantic Analysis Completed (retrial = false)
2024-04-24T00:54:53,040  INFO [main] ql.Driver: Created Hive schema: Schema(fieldSchemas:null, properties:null)
2024-04-24T00:54:53,040  INFO [main] metadata.Hive: Dumping metastore api call timing information for : compilation phase
2024-04-24T00:54:53,040  INFO [main] metadata.Hive: Total time spent in each metastore function (ms): {getValidTxns_(long)=3, isCompatibleWith_(Configuration)=0, commitTxn_(CommitTxnRequest)=17, flushCache_()=0, openTxn_(String, TxnType)=16}
2024-04-24T00:54:53,040  INFO [main] ql.Driver: Completed compiling command(queryId=alex_20240424005453_1e533714-13a7-4ca1-9d2c-65cd1d737c77); Time taken: 0.027 seconds
2024-04-24T00:54:53,041  INFO [main] lockmgr.DbTxnManager: Setting lock request transaction to txnid:1 for queryId=alex_20240424005453_1e533714-13a7-4ca1-9d2c-65cd1d737c77
2024-04-24T00:54:53,041  INFO [main] ql.Driver: Operation DROPTABLE obtained 0 locks
2024-04-24T00:54:53,041  INFO [main] ql.Driver: Executing command(queryId=alex_20240424005453_1e533714-13a7-4ca1-9d2c-65cd1d737c77): drop table if exists acidTbl
2024-04-24T00:54:53,041  INFO [main] ql.Driver: Starting task [Stage-0:DDL] in serial mode
2024-04-24T00:54:53,041  INFO [main] HiveMetaStore.audit: ugi=alex	ip=unknown-ip-addr	cmd=get_table : tbl=hive.default.acidTbl	
2024-04-24T00:54:53,046  INFO [main] metadata.Hive: Dumping metastore api call timing information for : execution phase
2024-04-24T00:54:53,046  INFO [main] metadata.Hive: Total time spent in each metastore function (ms): {isCompatibleWith_(Configuration)=0}
2024-04-24T00:54:53,046  INFO [main] ql.Driver: Completed executing command(queryId=alex_20240424005453_1e533714-13a7-4ca1-9d2c-65cd1d737c77); Time taken: 0.005 seconds
2024-04-24T00:54:53,046  INFO [main] lockmgr.DbTxnManager: Stopped heartbeat for query: alex_20240424005453_1e533714-13a7-4ca1-9d2c-65cd1d737c77
2024-04-24T00:54:53,054  INFO [main] txn.TxnHandler: Expected to move at least one record from txn_components to completed_txn_components when committing txn! txnid:1
2024-04-24T00:54:53,063  INFO [main] txn.TxnHandler: Removed transactions: ([1]) from MIN_HISTORY_LEVEL
2024-04-24T00:54:53,063  WARN [main] txn.CompactionTxnHandler: No compaction queue record found for Compaction type transaction commit. txnId:1
2024-04-24T00:54:53,064  INFO [main] ql.TxnCommandsBaseForTests: Running the query: drop table if exists acidTblPart
2024-04-24T00:54:53,064  INFO [main] ql.Driver: Compiling command(queryId=alex_20240424005453_33deb906-f2a8-4bf0-a554-b637caca758e): drop table if exists acidTblPart
2024-04-24T00:54:53,066  INFO [main] txn.TxnHandler: Added entries to MIN_HISTORY_LEVEL for current txns: ([2]) with min_open_txn: 1
2024-04-24T00:54:53,067  INFO [main] lockmgr.DbTxnManager: Opened txnid:2
2024-04-24T00:54:53,068  INFO [main] HiveMetaStore.audit: ugi=alex	ip=unknown-ip-addr	cmd=get_table : tbl=hive.default.acidTblPart	
2024-04-24T00:54:53,071  INFO [main] ql.Driver: Semantic Analysis Completed (retrial = false)
2024-04-24T00:54:53,071  INFO [main] ql.Driver: Created Hive schema: Schema(fieldSchemas:null, properties:null)
2024-04-24T00:54:53,071  INFO [main] metadata.Hive: Dumping metastore api call timing information for : compilation phase
2024-04-24T00:54:53,071  INFO [main] metadata.Hive: Total time spent in each metastore function (ms): {isCompatibleWith_(Configuration)=0, getValidTxns_(long)=0, flushCache_()=0, commitTxn_(CommitTxnRequest)=17, openTxn_(String, TxnType)=3}
2024-04-24T00:54:53,072  INFO [main] ql.Driver: Completed compiling command(queryId=alex_20240424005453_33deb906-f2a8-4bf0-a554-b637caca758e); Time taken: 0.007 seconds
2024-04-24T00:54:53,072  INFO [main] lockmgr.DbTxnManager: Setting lock request transaction to txnid:2 for queryId=alex_20240424005453_33deb906-f2a8-4bf0-a554-b637caca758e
2024-04-24T00:54:53,072  INFO [main] ql.Driver: Operation DROPTABLE obtained 0 locks
2024-04-24T00:54:53,072  INFO [main] ql.Driver: Executing command(queryId=alex_20240424005453_33deb906-f2a8-4bf0-a554-b637caca758e): drop table if exists acidTblPart
2024-04-24T00:54:53,072  INFO [main] ql.Driver: Starting task [Stage-0:DDL] in serial mode
2024-04-24T00:54:53,072  INFO [main] HiveMetaStore.audit: ugi=alex	ip=unknown-ip-addr	cmd=get_table : tbl=hive.default.acidTblPart	
2024-04-24T00:54:53,076  INFO [main] metadata.Hive: Dumping metastore api call timing information for : execution phase
2024-04-24T00:54:53,077  INFO [main] metadata.Hive: Total time spent in each metastore function (ms): {isCompatibleWith_(Configuration)=0}
2024-04-24T00:54:53,077  INFO [main] ql.Driver: Completed executing command(queryId=alex_20240424005453_33deb906-f2a8-4bf0-a554-b637caca758e); Time taken: 0.004 seconds
2024-04-24T00:54:53,077  INFO [main] lockmgr.DbTxnManager: Stopped heartbeat for query: alex_20240424005453_33deb906-f2a8-4bf0-a554-b637caca758e
2024-04-24T00:54:53,084  INFO [main] txn.TxnHandler: Expected to move at least one record from txn_components to completed_txn_components when committing txn! txnid:2
2024-04-24T00:54:53,092  INFO [main] txn.TxnHandler: Removed transactions: ([2]) from MIN_HISTORY_LEVEL
2024-04-24T00:54:53,092  WARN [main] txn.CompactionTxnHandler: No compaction queue record found for Compaction type transaction commit. txnId:2
2024-04-24T00:54:53,093  INFO [main] ql.TxnCommandsBaseForTests: Running the query: drop table if exists acidTbl2
2024-04-24T00:54:53,093  INFO [main] ql.Driver: Compiling command(queryId=alex_20240424005453_61cbf82c-8fc0-473d-82a1-6ee77f907908): drop table if exists acidTbl2
2024-04-24T00:54:53,096  INFO [main] txn.TxnHandler: Added entries to MIN_HISTORY_LEVEL for current txns: ([3]) with min_open_txn: 1
2024-04-24T00:54:53,096  INFO [main] lockmgr.DbTxnManager: Opened txnid:3
2024-04-24T00:54:53,097  INFO [main] HiveMetaStore.audit: ugi=alex	ip=unknown-ip-addr	cmd=get_table : tbl=hive.default.acidTbl2	
2024-04-24T00:54:53,100  INFO [main] ql.Driver: Semantic Analysis Completed (retrial = false)
2024-04-24T00:54:53,101  INFO [main] ql.Driver: Created Hive schema: Schema(fieldSchemas:null, properties:null)
2024-04-24T00:54:53,101  INFO [main] metadata.Hive: Dumping metastore api call timing information for : compilation phase
2024-04-24T00:54:53,101  INFO [main] metadata.Hive: Total time spent in each metastore function (ms): {getValidTxns_(long)=0, openTxn_(String, TxnType)=2, flushCache_()=0, isCompatibleWith_(Configuration)=1, commitTxn_(CommitTxnRequest)=16}
2024-04-24T00:54:53,101  INFO [main] ql.Driver: Completed compiling command(queryId=alex_20240424005453_61cbf82c-8fc0-473d-82a1-6ee77f907908); Time taken: 0.008 seconds
2024-04-24T00:54:53,101  INFO [main] lockmgr.DbTxnManager: Setting lock request transaction to txnid:3 for queryId=alex_20240424005453_61cbf82c-8fc0-473d-82a1-6ee77f907908
2024-04-24T00:54:53,101  INFO [main] ql.Driver: Operation DROPTABLE obtained 0 locks
2024-04-24T00:54:53,101  INFO [main] ql.Driver: Executing command(queryId=alex_20240424005453_61cbf82c-8fc0-473d-82a1-6ee77f907908): drop table if exists acidTbl2
2024-04-24T00:54:53,102  INFO [main] ql.Driver: Starting task [Stage-0:DDL] in serial mode
2024-04-24T00:54:53,102  INFO [main] HiveMetaStore.audit: ugi=alex	ip=unknown-ip-addr	cmd=get_table : tbl=hive.default.acidTbl2	
2024-04-24T00:54:53,105  INFO [main] metadata.Hive: Dumping metastore api call timing information for : execution phase
2024-04-24T00:54:53,106  INFO [main] metadata.Hive: Total time spent in each metastore function (ms): {isCompatibleWith_(Configuration)=0}
2024-04-24T00:54:53,106  INFO [main] ql.Driver: Completed executing command(queryId=alex_20240424005453_61cbf82c-8fc0-473d-82a1-6ee77f907908); Time taken: 0.004 seconds
2024-04-24T00:54:53,106  INFO [main] lockmgr.DbTxnManager: Stopped heartbeat for query: alex_20240424005453_61cbf82c-8fc0-473d-82a1-6ee77f907908
2024-04-24T00:54:53,113  INFO [main] txn.TxnHandler: Expected to move at least one record from txn_components to completed_txn_components when committing txn! txnid:3
2024-04-24T00:54:53,121  INFO [main] txn.TxnHandler: Removed transactions: ([3]) from MIN_HISTORY_LEVEL
2024-04-24T00:54:53,121  WARN [main] txn.CompactionTxnHandler: No compaction queue record found for Compaction type transaction commit. txnId:3
2024-04-24T00:54:53,122  INFO [main] ql.TxnCommandsBaseForTests: Running the query: drop table if exists nonAcidOrcTbl
2024-04-24T00:54:53,122  INFO [main] ql.Driver: Compiling command(queryId=alex_20240424005453_695850c8-a576-47a7-a9a1-351ec6e4600e): drop table if exists nonAcidOrcTbl
2024-04-24T00:54:53,124  INFO [main] txn.TxnHandler: Added entries to MIN_HISTORY_LEVEL for current txns: ([4]) with min_open_txn: 1
2024-04-24T00:54:53,125  INFO [main] lockmgr.DbTxnManager: Opened txnid:4
2024-04-24T00:54:53,126  INFO [main] HiveMetaStore.audit: ugi=alex	ip=unknown-ip-addr	cmd=get_table : tbl=hive.default.nonAcidOrcTbl	
2024-04-24T00:54:53,129  INFO [main] ql.Driver: Semantic Analysis Completed (retrial = false)
2024-04-24T00:54:53,129  INFO [main] ql.Driver: Created Hive schema: Schema(fieldSchemas:null, properties:null)
2024-04-24T00:54:53,129  INFO [main] metadata.Hive: Dumping metastore api call timing information for : compilation phase
2024-04-24T00:54:53,130  INFO [main] metadata.Hive: Total time spent in each metastore function (ms): {openTxn_(String, TxnType)=2, flushCache_()=0, getValidTxns_(long)=1, isCompatibleWith_(Configuration)=1, commitTxn_(CommitTxnRequest)=15}
2024-04-24T00:54:53,130  INFO [main] ql.Driver: Completed compiling command(queryId=alex_20240424005453_695850c8-a576-47a7-a9a1-351ec6e4600e); Time taken: 0.007 seconds
2024-04-24T00:54:53,130  INFO [main] lockmgr.DbTxnManager: Setting lock request transaction to txnid:4 for queryId=alex_20240424005453_695850c8-a576-47a7-a9a1-351ec6e4600e
2024-04-24T00:54:53,130  INFO [main] ql.Driver: Operation DROPTABLE obtained 0 locks
2024-04-24T00:54:53,130  INFO [main] ql.Driver: Executing command(queryId=alex_20240424005453_695850c8-a576-47a7-a9a1-351ec6e4600e): drop table if exists nonAcidOrcTbl
2024-04-24T00:54:53,130  INFO [main] ql.Driver: Starting task [Stage-0:DDL] in serial mode
2024-04-24T00:54:53,131  INFO [main] HiveMetaStore.audit: ugi=alex	ip=unknown-ip-addr	cmd=get_table : tbl=hive.default.nonAcidOrcTbl	
2024-04-24T00:54:53,134  INFO [main] metadata.Hive: Dumping metastore api call timing information for : execution phase
2024-04-24T00:54:53,134  INFO [main] metadata.Hive: Total time spent in each metastore function (ms): {isCompatibleWith_(Configuration)=0}
2024-04-24T00:54:53,134  INFO [main] ql.Driver: Completed executing command(queryId=alex_20240424005453_695850c8-a576-47a7-a9a1-351ec6e4600e); Time taken: 0.004 seconds
2024-04-24T00:54:53,134  INFO [main] lockmgr.DbTxnManager: Stopped heartbeat for query: alex_20240424005453_695850c8-a576-47a7-a9a1-351ec6e4600e
2024-04-24T00:54:53,141  INFO [main] txn.TxnHandler: Expected to move at least one record from txn_components to completed_txn_components when committing txn! txnid:4
2024-04-24T00:54:53,150  INFO [main] txn.TxnHandler: Removed transactions: ([4]) from MIN_HISTORY_LEVEL
2024-04-24T00:54:53,151  WARN [main] txn.CompactionTxnHandler: No compaction queue record found for Compaction type transaction commit. txnId:4
2024-04-24T00:54:53,151  INFO [main] ql.TxnCommandsBaseForTests: Running the query: drop table if exists nonAcidOrcTbl2
2024-04-24T00:54:53,152  INFO [main] ql.Driver: Compiling command(queryId=alex_20240424005453_fab5063a-b2b1-4180-a6e1-40c07a5c9fc2): drop table if exists nonAcidOrcTbl2
2024-04-24T00:54:53,155  INFO [main] txn.TxnHandler: Added entries to MIN_HISTORY_LEVEL for current txns: ([5]) with min_open_txn: 1
2024-04-24T00:54:53,155  INFO [main] lockmgr.DbTxnManager: Opened txnid:5
2024-04-24T00:54:53,156  INFO [main] HiveMetaStore.audit: ugi=alex	ip=unknown-ip-addr	cmd=get_table : tbl=hive.default.nonAcidOrcTbl2	
2024-04-24T00:54:53,160  INFO [main] ql.Driver: Semantic Analysis Completed (retrial = false)
2024-04-24T00:54:53,160  INFO [main] ql.Driver: Created Hive schema: Schema(fieldSchemas:null, properties:null)
2024-04-24T00:54:53,160  INFO [main] metadata.Hive: Dumping metastore api call timing information for : compilation phase
2024-04-24T00:54:53,160  INFO [main] metadata.Hive: Total time spent in each metastore function (ms): {isCompatibleWith_(Configuration)=1, getValidTxns_(long)=0, commitTxn_(CommitTxnRequest)=16, flushCache_()=0, openTxn_(String, TxnType)=3}
2024-04-24T00:54:53,160  INFO [main] ql.Driver: Completed compiling command(queryId=alex_20240424005453_fab5063a-b2b1-4180-a6e1-40c07a5c9fc2); Time taken: 0.008 seconds
2024-04-24T00:54:53,161  INFO [main] lockmgr.DbTxnManager: Setting lock request transaction to txnid:5 for queryId=alex_20240424005453_fab5063a-b2b1-4180-a6e1-40c07a5c9fc2
2024-04-24T00:54:53,161  INFO [main] ql.Driver: Operation DROPTABLE obtained 0 locks
2024-04-24T00:54:53,161  INFO [main] ql.Driver: Executing command(queryId=alex_20240424005453_fab5063a-b2b1-4180-a6e1-40c07a5c9fc2): drop table if exists nonAcidOrcTbl2
2024-04-24T00:54:53,161  INFO [main] ql.Driver: Starting task [Stage-0:DDL] in serial mode
2024-04-24T00:54:53,161  INFO [main] HiveMetaStore.audit: ugi=alex	ip=unknown-ip-addr	cmd=get_table : tbl=hive.default.nonAcidOrcTbl2	
2024-04-24T00:54:53,165  INFO [main] metadata.Hive: Dumping metastore api call timing information for : execution phase
2024-04-24T00:54:53,165  INFO [main] metadata.Hive: Total time spent in each metastore function (ms): {isCompatibleWith_(Configuration)=0}
2024-04-24T00:54:53,165  INFO [main] ql.Driver: Completed executing command(queryId=alex_20240424005453_fab5063a-b2b1-4180-a6e1-40c07a5c9fc2); Time taken: 0.004 seconds
2024-04-24T00:54:53,166  INFO [main] lockmgr.DbTxnManager: Stopped heartbeat for query: alex_20240424005453_fab5063a-b2b1-4180-a6e1-40c07a5c9fc2
2024-04-24T00:54:53,172  INFO [main] txn.TxnHandler: Expected to move at least one record from txn_components to completed_txn_components when committing txn! txnid:5
2024-04-24T00:54:53,180  INFO [main] txn.TxnHandler: Removed transactions: ([5]) from MIN_HISTORY_LEVEL
2024-04-24T00:54:53,180  WARN [main] txn.CompactionTxnHandler: No compaction queue record found for Compaction type transaction commit. txnId:5
2024-04-24T00:54:53,181  INFO [main] ql.TxnCommandsBaseForTests: Running the query: drop table if exists nonAcidNonBucket
2024-04-24T00:54:53,182  INFO [main] ql.Driver: Compiling command(queryId=alex_20240424005453_71135d8d-53a2-41a0-a1ed-c8db756254d8): drop table if exists nonAcidNonBucket
2024-04-24T00:54:53,185  INFO [main] txn.TxnHandler: Added entries to MIN_HISTORY_LEVEL for current txns: ([6]) with min_open_txn: 1
2024-04-24T00:54:53,185  INFO [main] lockmgr.DbTxnManager: Opened txnid:6
2024-04-24T00:54:53,186  INFO [main] HiveMetaStore.audit: ugi=alex	ip=unknown-ip-addr	cmd=get_table : tbl=hive.default.nonAcidNonBucket	
2024-04-24T00:54:53,189  INFO [main] ql.Driver: Semantic Analysis Completed (retrial = false)
2024-04-24T00:54:53,189  INFO [main] ql.Driver: Created Hive schema: Schema(fieldSchemas:null, properties:null)
2024-04-24T00:54:53,189  INFO [main] metadata.Hive: Dumping metastore api call timing information for : compilation phase
2024-04-24T00:54:53,189  INFO [main] metadata.Hive: Total time spent in each metastore function (ms): {isCompatibleWith_(Configuration)=0, openTxn_(String, TxnType)=3, commitTxn_(CommitTxnRequest)=15, getValidTxns_(long)=1, flushCache_()=0}
2024-04-24T00:54:53,190  INFO [main] ql.Driver: Completed compiling command(queryId=alex_20240424005453_71135d8d-53a2-41a0-a1ed-c8db756254d8); Time taken: 0.007 seconds
2024-04-24T00:54:53,190  INFO [main] lockmgr.DbTxnManager: Setting lock request transaction to txnid:6 for queryId=alex_20240424005453_71135d8d-53a2-41a0-a1ed-c8db756254d8
2024-04-24T00:54:53,190  INFO [main] ql.Driver: Operation DROPTABLE obtained 0 locks
2024-04-24T00:54:53,190  INFO [main] ql.Driver: Executing command(queryId=alex_20240424005453_71135d8d-53a2-41a0-a1ed-c8db756254d8): drop table if exists nonAcidNonBucket
2024-04-24T00:54:53,190  INFO [main] ql.Driver: Starting task [Stage-0:DDL] in serial mode
2024-04-24T00:54:53,190  INFO [main] HiveMetaStore.audit: ugi=alex	ip=unknown-ip-addr	cmd=get_table : tbl=hive.default.nonAcidNonBucket	
2024-04-24T00:54:53,194  INFO [main] metadata.Hive: Dumping metastore api call timing information for : execution phase
2024-04-24T00:54:53,194  INFO [main] metadata.Hive: Total time spent in each metastore function (ms): {isCompatibleWith_(Configuration)=0}
2024-04-24T00:54:53,194  INFO [main] ql.Driver: Completed executing command(queryId=alex_20240424005453_71135d8d-53a2-41a0-a1ed-c8db756254d8); Time taken: 0.004 seconds
2024-04-24T00:54:53,194  INFO [main] lockmgr.DbTxnManager: Stopped heartbeat for query: alex_20240424005453_71135d8d-53a2-41a0-a1ed-c8db756254d8
2024-04-24T00:54:53,200  INFO [main] txn.TxnHandler: Expected to move at least one record from txn_components to completed_txn_components when committing txn! txnid:6
2024-04-24T00:54:53,208  INFO [main] txn.TxnHandler: Removed transactions: ([6]) from MIN_HISTORY_LEVEL
2024-04-24T00:54:53,208  WARN [main] txn.CompactionTxnHandler: No compaction queue record found for Compaction type transaction commit. txnId:6
2024-04-24T00:54:53,209  INFO [main] ql.TxnCommandsBaseForTests: Running the query: create table acidTbl(a int, b int) clustered by (a) into 2 buckets stored as orc TBLPROPERTIES ('transactional'='true')
2024-04-24T00:54:53,209  INFO [main] ql.Driver: Compiling command(queryId=alex_20240424005453_45dfc7be-80bb-4611-8188-3f076cfcb10a): create table acidTbl(a int, b int) clustered by (a) into 2 buckets stored as orc TBLPROPERTIES ('transactional'='true')
2024-04-24T00:54:53,213  INFO [main] txn.TxnHandler: Added entries to MIN_HISTORY_LEVEL for current txns: ([7]) with min_open_txn: 1
2024-04-24T00:54:53,214  INFO [main] lockmgr.DbTxnManager: Opened txnid:7
2024-04-24T00:54:53,214  INFO [main] parse.CalcitePlanner: Starting caching scope for: 
2024-04-24T00:54:53,214  INFO [main] parse.CalcitePlanner: Starting Semantic Analysis
2024-04-24T00:54:53,223  INFO [main] parse.CalcitePlanner: Creating table default.acidTbl position=13
2024-04-24T00:54:53,224  INFO [main] HiveMetaStore.audit: ugi=alex	ip=unknown-ip-addr	cmd=get_database: default	
2024-04-24T00:54:53,226  INFO [main] parse.CalcitePlanner: Ending caching scope for: 
2024-04-24T00:54:53,226  INFO [main] ql.Driver: Semantic Analysis Completed (retrial = false)
2024-04-24T00:54:53,226  INFO [main] ql.Driver: Created Hive schema: Schema(fieldSchemas:null, properties:null)
2024-04-24T00:54:53,226  INFO [main] metadata.Hive: Dumping metastore api call timing information for : compilation phase
2024-04-24T00:54:53,226  INFO [main] metadata.Hive: Total time spent in each metastore function (ms): {openTxn_(String, TxnType)=4, getValidWriteIds_(List, String)=8, isCompatibleWith_(Configuration)=0, commitTxn_(CommitTxnRequest)=15, flushCache_()=0, getDatabase_(String)=2, getValidTxns_(long)=0}
2024-04-24T00:54:53,226  INFO [main] ql.Driver: Completed compiling command(queryId=alex_20240424005453_45dfc7be-80bb-4611-8188-3f076cfcb10a); Time taken: 0.017 seconds
2024-04-24T00:54:53,227  INFO [main] lockmgr.DbTxnManager: Setting lock request transaction to txnid:7 for queryId=alex_20240424005453_45dfc7be-80bb-4611-8188-3f076cfcb10a
2024-04-24T00:54:53,227  INFO [main] lockmgr.DbLockManager: Requesting lock for queryId=alex_20240424005453_45dfc7be-80bb-4611-8188-3f076cfcb10a
2024-04-24T00:54:53,251  INFO [main] lockmgr.DbLockManager: Response to queryId=alex_20240424005453_45dfc7be-80bb-4611-8188-3f076cfcb10a LockResponse(lockid:1, state:ACQUIRED)
2024-04-24T00:54:53,251  INFO [main] ql.Driver: Operation CREATETABLE obtained 1 locks
2024-04-24T00:54:53,251  INFO [main] ql.Driver: Executing command(queryId=alex_20240424005453_45dfc7be-80bb-4611-8188-3f076cfcb10a): create table acidTbl(a int, b int) clustered by (a) into 2 buckets stored as orc TBLPROPERTIES ('transactional'='true')
2024-04-24T00:54:53,252  INFO [main] ql.Driver: Starting task [Stage-0:DDL] in serial mode
2024-04-24T00:54:53,253  INFO [main] HiveMetaStore.audit: ugi=alex	ip=unknown-ip-addr	cmd=create_table_req: Table(tableName:acidTbl, dbName:default, owner:alex, createTime:1713945293, lastAccessTime:0, retention:0, sd:StorageDescriptor(cols:[FieldSchema(name:a, type:int, comment:null), FieldSchema(name:b, type:int, comment:null)], location:null, inputFormat:org.apache.hadoop.hive.ql.io.orc.OrcInputFormat, outputFormat:org.apache.hadoop.hive.ql.io.orc.OrcOutputFormat, compressed:false, numBuckets:2, serdeInfo:SerDeInfo(name:null, serializationLib:org.apache.hadoop.hive.ql.io.orc.OrcSerde, parameters:{serialization.format=1}), bucketCols:[a], sortCols:[], parameters:{}, skewedInfo:SkewedInfo(skewedColNames:[], skewedColValues:[], skewedColValueLocationMaps:{}), storedAsSubDirectories:false), partitionKeys:[], parameters:{COLUMN_STATS_ACCURATE={"BASIC_STATS":"true","COLUMN_STATS":{"a":"true","b":"true"}}, bucketing_version=2, transactional=true, numFilesErasureCoded=0, numRows=0, totalSize=0, numFiles=0, rawDataSize=0}, viewOriginalText:null, viewExpandedText:null, tableType:MANAGED_TABLE, privileges:PrincipalPrivilegeSet(userPrivileges:{alex=[PrivilegeGrantInfo(privilege:INSERT, createTime:-1, grantor:alex, grantorType:USER, grantOption:true), PrivilegeGrantInfo(privilege:SELECT, createTime:-1, grantor:alex, grantorType:USER, grantOption:true), PrivilegeGrantInfo(privilege:UPDATE, createTime:-1, grantor:alex, grantorType:USER, grantOption:true), PrivilegeGrantInfo(privilege:DELETE, createTime:-1, grantor:alex, grantorType:USER, grantOption:true)]}, groupPrivileges:null, rolePrivileges:null), temporary:false, catName:hive, ownerType:USER, writeId:0)	
2024-04-24T00:54:53,260  INFO [main] utils.FileUtils: Creating directory if it doesn't exist: file:/home/alex/Repositories/hive/ql/target/tmp/org.apache.hadoop.hive.ql.TestTxnNoBuckets-1713945183193/warehouse/acidtbl
2024-04-24T00:54:53,311  INFO [main] metadata.Hive: Dumping metastore api call timing information for : execution phase
2024-04-24T00:54:53,311  INFO [main] metadata.Hive: Total time spent in each metastore function (ms): {createTable_(Table)=58, isCompatibleWith_(Configuration)=0}
2024-04-24T00:54:53,312  INFO [main] ql.Driver: Completed executing command(queryId=alex_20240424005453_45dfc7be-80bb-4611-8188-3f076cfcb10a); Time taken: 0.06 seconds
2024-04-24T00:54:53,312  INFO [main] lockmgr.DbTxnManager: Stopped heartbeat for query: alex_20240424005453_45dfc7be-80bb-4611-8188-3f076cfcb10a
2024-04-24T00:54:53,317  INFO [main] txn.TxnHandler: Expected to move at least one record from txn_components to completed_txn_components when committing txn! txnid:7
2024-04-24T00:54:53,324  INFO [main] txn.TxnHandler: Removed transactions: ([7]) from MIN_HISTORY_LEVEL
2024-04-24T00:54:53,324  WARN [main] txn.CompactionTxnHandler: No compaction queue record found for Compaction type transaction commit. txnId:7
2024-04-24T00:54:53,324  INFO [main] ql.TxnCommandsBaseForTests: Running the query: create table acidTblPart(a int, b int) partitioned by (p string) clustered by (a) into 2 buckets stored as orc TBLPROPERTIES ('transactional'='true')
2024-04-24T00:54:53,325  INFO [main] ql.Driver: Compiling command(queryId=alex_20240424005453_94fdfda0-65af-4b84-adf1-16af4d029404): create table acidTblPart(a int, b int) partitioned by (p string) clustered by (a) into 2 buckets stored as orc TBLPROPERTIES ('transactional'='true')
2024-04-24T00:54:53,328  INFO [main] txn.TxnHandler: Added entries to MIN_HISTORY_LEVEL for current txns: ([8]) with min_open_txn: 1
2024-04-24T00:54:53,328  INFO [main] lockmgr.DbTxnManager: Opened txnid:8
2024-04-24T00:54:53,328  INFO [main] parse.CalcitePlanner: Starting caching scope for: 
2024-04-24T00:54:53,329  INFO [main] parse.CalcitePlanner: Starting Semantic Analysis
2024-04-24T00:54:53,331  INFO [main] parse.CalcitePlanner: Creating table default.acidTblPart position=13
2024-04-24T00:54:53,331  INFO [main] HiveMetaStore.audit: ugi=alex	ip=unknown-ip-addr	cmd=get_database: default	
2024-04-24T00:54:53,333  INFO [main] parse.CalcitePlanner: Ending caching scope for: 
2024-04-24T00:54:53,333  INFO [main] ql.Driver: Semantic Analysis Completed (retrial = false)
2024-04-24T00:54:53,333  INFO [main] ql.Driver: Created Hive schema: Schema(fieldSchemas:null, properties:null)
2024-04-24T00:54:53,333  INFO [main] metadata.Hive: Dumping metastore api call timing information for : compilation phase
2024-04-24T00:54:53,334  INFO [main] metadata.Hive: Total time spent in each metastore function (ms): {openTxn_(String, TxnType)=2, getDatabase_(String)=2, commitTxn_(CommitTxnRequest)=12, flushCache_()=0, isCompatibleWith_(Configuration)=0, getValidWriteIds_(List, String)=2, getValidTxns_(long)=0}
2024-04-24T00:54:53,334  INFO [main] ql.Driver: Completed compiling command(queryId=alex_20240424005453_94fdfda0-65af-4b84-adf1-16af4d029404); Time taken: 0.008 seconds
2024-04-24T00:54:53,334  INFO [main] lockmgr.DbTxnManager: Setting lock request transaction to txnid:8 for queryId=alex_20240424005453_94fdfda0-65af-4b84-adf1-16af4d029404
2024-04-24T00:54:53,334  INFO [main] lockmgr.DbLockManager: Requesting lock for queryId=alex_20240424005453_94fdfda0-65af-4b84-adf1-16af4d029404
2024-04-24T00:54:53,351  INFO [main] lockmgr.DbLockManager: Response to queryId=alex_20240424005453_94fdfda0-65af-4b84-adf1-16af4d029404 LockResponse(lockid:2, state:ACQUIRED)
2024-04-24T00:54:53,351  INFO [main] ql.Driver: Operation CREATETABLE obtained 1 locks
2024-04-24T00:54:53,352  INFO [main] ql.Driver: Executing command(queryId=alex_20240424005453_94fdfda0-65af-4b84-adf1-16af4d029404): create table acidTblPart(a int, b int) partitioned by (p string) clustered by (a) into 2 buckets stored as orc TBLPROPERTIES ('transactional'='true')
2024-04-24T00:54:53,352  INFO [main] ql.Driver: Starting task [Stage-0:DDL] in serial mode
2024-04-24T00:54:53,352  INFO [main] HiveMetaStore.audit: ugi=alex	ip=unknown-ip-addr	cmd=create_table_req: Table(tableName:acidTblPart, dbName:default, owner:alex, createTime:1713945293, lastAccessTime:0, retention:0, sd:StorageDescriptor(cols:[FieldSchema(name:a, type:int, comment:null), FieldSchema(name:b, type:int, comment:null)], location:null, inputFormat:org.apache.hadoop.hive.ql.io.orc.OrcInputFormat, outputFormat:org.apache.hadoop.hive.ql.io.orc.OrcOutputFormat, compressed:false, numBuckets:2, serdeInfo:SerDeInfo(name:null, serializationLib:org.apache.hadoop.hive.ql.io.orc.OrcSerde, parameters:{serialization.format=1}), bucketCols:[a], sortCols:[], parameters:{}, skewedInfo:SkewedInfo(skewedColNames:[], skewedColValues:[], skewedColValueLocationMaps:{}), storedAsSubDirectories:false), partitionKeys:[FieldSchema(name:p, type:string, comment:null)], parameters:{bucketing_version=2, transactional=true}, viewOriginalText:null, viewExpandedText:null, tableType:MANAGED_TABLE, privileges:PrincipalPrivilegeSet(userPrivileges:{alex=[PrivilegeGrantInfo(privilege:INSERT, createTime:-1, grantor:alex, grantorType:USER, grantOption:true), PrivilegeGrantInfo(privilege:SELECT, createTime:-1, grantor:alex, grantorType:USER, grantOption:true), PrivilegeGrantInfo(privilege:UPDATE, createTime:-1, grantor:alex, grantorType:USER, grantOption:true), PrivilegeGrantInfo(privilege:DELETE, createTime:-1, grantor:alex, grantorType:USER, grantOption:true)]}, groupPrivileges:null, rolePrivileges:null), temporary:false, catName:hive, ownerType:USER, writeId:0)	
2024-04-24T00:54:53,359  INFO [main] utils.FileUtils: Creating directory if it doesn't exist: file:/home/alex/Repositories/hive/ql/target/tmp/org.apache.hadoop.hive.ql.TestTxnNoBuckets-1713945183193/warehouse/acidtblpart
2024-04-24T00:54:53,377  INFO [main] metadata.Hive: Dumping metastore api call timing information for : execution phase
2024-04-24T00:54:53,377  INFO [main] metadata.Hive: Total time spent in each metastore function (ms): {createTable_(Table)=24, isCompatibleWith_(Configuration)=0}
2024-04-24T00:54:53,377  INFO [main] ql.Driver: Completed executing command(queryId=alex_20240424005453_94fdfda0-65af-4b84-adf1-16af4d029404); Time taken: 0.025 seconds
2024-04-24T00:54:53,377  INFO [main] lockmgr.DbTxnManager: Stopped heartbeat for query: alex_20240424005453_94fdfda0-65af-4b84-adf1-16af4d029404
2024-04-24T00:54:53,382  INFO [main] txn.TxnHandler: Expected to move at least one record from txn_components to completed_txn_components when committing txn! txnid:8
2024-04-24T00:54:53,389  INFO [main] txn.TxnHandler: Removed transactions: ([8]) from MIN_HISTORY_LEVEL
2024-04-24T00:54:53,389  WARN [main] txn.CompactionTxnHandler: No compaction queue record found for Compaction type transaction commit. txnId:8
2024-04-24T00:54:53,390  INFO [main] ql.TxnCommandsBaseForTests: Running the query: create table nonAcidOrcTbl(a int, b int) clustered by (a) into 2 buckets stored as orc TBLPROPERTIES ('transactional'='false')
2024-04-24T00:54:53,390  INFO [main] ql.Driver: Compiling command(queryId=alex_20240424005453_9b987bf8-06ee-4e3f-a595-8d45e0270021): create table nonAcidOrcTbl(a int, b int) clustered by (a) into 2 buckets stored as orc TBLPROPERTIES ('transactional'='false')
2024-04-24T00:54:53,545  INFO [main] txn.TxnHandler: Added entries to MIN_HISTORY_LEVEL for current txns: ([9]) with min_open_txn: 1
2024-04-24T00:54:53,546  INFO [main] lockmgr.DbTxnManager: Opened txnid:9
2024-04-24T00:54:53,547  INFO [main] parse.CalcitePlanner: Starting caching scope for: 
2024-04-24T00:54:53,547  INFO [main] parse.CalcitePlanner: Starting Semantic Analysis
2024-04-24T00:54:53,550  INFO [main] parse.CalcitePlanner: Creating table default.nonAcidOrcTbl position=13
2024-04-24T00:54:53,551  INFO [main] HiveMetaStore.audit: ugi=alex	ip=unknown-ip-addr	cmd=get_database: default	
2024-04-24T00:54:53,553  INFO [main] parse.CalcitePlanner: Ending caching scope for: 
2024-04-24T00:54:53,553  INFO [main] ql.Driver: Semantic Analysis Completed (retrial = false)
2024-04-24T00:54:53,553  INFO [main] ql.Driver: Created Hive schema: Schema(fieldSchemas:null, properties:null)
2024-04-24T00:54:53,553  INFO [main] metadata.Hive: Dumping metastore api call timing information for : compilation phase
2024-04-24T00:54:53,553  INFO [main] metadata.Hive: Total time spent in each metastore function (ms): {commitTxn_(CommitTxnRequest)=13, flushCache_()=0, getDatabase_(String)=2, getValidWriteIds_(List, String)=3, getValidTxns_(long)=1, isCompatibleWith_(Configuration)=0, openTxn_(String, TxnType)=155}
2024-04-24T00:54:53,554  INFO [main] ql.Driver: Completed compiling command(queryId=alex_20240424005453_9b987bf8-06ee-4e3f-a595-8d45e0270021); Time taken: 0.163 seconds
2024-04-24T00:54:53,554  INFO [main] lockmgr.DbTxnManager: Setting lock request transaction to txnid:9 for queryId=alex_20240424005453_9b987bf8-06ee-4e3f-a595-8d45e0270021
2024-04-24T00:54:53,554  INFO [main] lockmgr.DbLockManager: Requesting lock for queryId=alex_20240424005453_9b987bf8-06ee-4e3f-a595-8d45e0270021
2024-04-24T00:54:53,572  INFO [main] lockmgr.DbLockManager: Response to queryId=alex_20240424005453_9b987bf8-06ee-4e3f-a595-8d45e0270021 LockResponse(lockid:3, state:ACQUIRED)
2024-04-24T00:54:53,572  INFO [main] ql.Driver: Operation CREATETABLE obtained 1 locks
2024-04-24T00:54:53,572  INFO [main] ql.Driver: Executing command(queryId=alex_20240424005453_9b987bf8-06ee-4e3f-a595-8d45e0270021): create table nonAcidOrcTbl(a int, b int) clustered by (a) into 2 buckets stored as orc TBLPROPERTIES ('transactional'='false')
2024-04-24T00:54:53,573  INFO [main] ql.Driver: Starting task [Stage-0:DDL] in serial mode
2024-04-24T00:54:53,574  INFO [main] HiveMetaStore.audit: ugi=alex	ip=unknown-ip-addr	cmd=create_table_req: Table(tableName:nonAcidOrcTbl, dbName:default, owner:alex, createTime:1713945293, lastAccessTime:0, retention:0, sd:StorageDescriptor(cols:[FieldSchema(name:a, type:int, comment:null), FieldSchema(name:b, type:int, comment:null)], location:null, inputFormat:org.apache.hadoop.hive.ql.io.orc.OrcInputFormat, outputFormat:org.apache.hadoop.hive.ql.io.orc.OrcOutputFormat, compressed:false, numBuckets:2, serdeInfo:SerDeInfo(name:null, serializationLib:org.apache.hadoop.hive.ql.io.orc.OrcSerde, parameters:{serialization.format=1}), bucketCols:[a], sortCols:[], parameters:{}, skewedInfo:SkewedInfo(skewedColNames:[], skewedColValues:[], skewedColValueLocationMaps:{}), storedAsSubDirectories:false), partitionKeys:[], parameters:{bucketing_version=2, COLUMN_STATS_ACCURATE={"BASIC_STATS":"true","COLUMN_STATS":{"a":"true","b":"true"}}, rawDataSize=0, numFiles=0, numFilesErasureCoded=0, totalSize=0, numRows=0, transactional=false}, viewOriginalText:null, viewExpandedText:null, tableType:MANAGED_TABLE, privileges:PrincipalPrivilegeSet(userPrivileges:{alex=[PrivilegeGrantInfo(privilege:INSERT, createTime:-1, grantor:alex, grantorType:USER, grantOption:true), PrivilegeGrantInfo(privilege:SELECT, createTime:-1, grantor:alex, grantorType:USER, grantOption:true), PrivilegeGrantInfo(privilege:UPDATE, createTime:-1, grantor:alex, grantorType:USER, grantOption:true), PrivilegeGrantInfo(privilege:DELETE, createTime:-1, grantor:alex, grantorType:USER, grantOption:true)]}, groupPrivileges:null, rolePrivileges:null), temporary:false, catName:hive, ownerType:USER)	
2024-04-24T00:54:53,581  INFO [main] utils.FileUtils: Creating directory if it doesn't exist: file:/home/alex/Repositories/hive/ql/target/tmp/org.apache.hadoop.hive.ql.TestTxnNoBuckets-1713945183193/warehouse/nonacidorctbl
2024-04-24T00:54:53,601  INFO [main] metadata.Hive: Dumping metastore api call timing information for : execution phase
2024-04-24T00:54:53,601  INFO [main] metadata.Hive: Total time spent in each metastore function (ms): {isCompatibleWith_(Configuration)=0, createTable_(Table)=27}
2024-04-24T00:54:53,602  INFO [main] ql.Driver: Completed executing command(queryId=alex_20240424005453_9b987bf8-06ee-4e3f-a595-8d45e0270021); Time taken: 0.029 seconds
2024-04-24T00:54:53,602  INFO [main] lockmgr.DbTxnManager: Stopped heartbeat for query: alex_20240424005453_9b987bf8-06ee-4e3f-a595-8d45e0270021
2024-04-24T00:54:53,606  INFO [main] txn.TxnHandler: Expected to move at least one record from txn_components to completed_txn_components when committing txn! txnid:9
2024-04-24T00:54:53,613  INFO [main] txn.TxnHandler: Removed transactions: ([9]) from MIN_HISTORY_LEVEL
2024-04-24T00:54:53,613  WARN [main] txn.CompactionTxnHandler: No compaction queue record found for Compaction type transaction commit. txnId:9
2024-04-24T00:54:53,613  INFO [main] ql.TxnCommandsBaseForTests: Running the query: create table nonAcidOrcTbl2(a int, b int) clustered by (a) into 2 buckets stored as orc TBLPROPERTIES ('transactional'='false')
2024-04-24T00:54:53,614  INFO [main] ql.Driver: Compiling command(queryId=alex_20240424005453_6a5dbf62-de23-48e4-8fd2-6363ed239e48): create table nonAcidOrcTbl2(a int, b int) clustered by (a) into 2 buckets stored as orc TBLPROPERTIES ('transactional'='false')
2024-04-24T00:54:53,616  INFO [main] txn.TxnHandler: Added entries to MIN_HISTORY_LEVEL for current txns: ([10]) with min_open_txn: 1
2024-04-24T00:54:53,617  INFO [main] lockmgr.DbTxnManager: Opened txnid:10
2024-04-24T00:54:53,617  INFO [main] parse.CalcitePlanner: Starting caching scope for: 
2024-04-24T00:54:53,617  INFO [main] parse.CalcitePlanner: Starting Semantic Analysis
2024-04-24T00:54:53,620  INFO [main] parse.CalcitePlanner: Creating table default.nonAcidOrcTbl2 position=13
2024-04-24T00:54:53,620  INFO [main] HiveMetaStore.audit: ugi=alex	ip=unknown-ip-addr	cmd=get_database: default	
2024-04-24T00:54:53,623  INFO [main] parse.CalcitePlanner: Ending caching scope for: 
2024-04-24T00:54:53,623  INFO [main] ql.Driver: Semantic Analysis Completed (retrial = false)
2024-04-24T00:54:53,623  INFO [main] ql.Driver: Created Hive schema: Schema(fieldSchemas:null, properties:null)
2024-04-24T00:54:53,623  INFO [main] metadata.Hive: Dumping metastore api call timing information for : compilation phase
2024-04-24T00:54:53,623  INFO [main] metadata.Hive: Total time spent in each metastore function (ms): {getValidWriteIds_(List, String)=2, flushCache_()=0, getDatabase_(String)=2, commitTxn_(CommitTxnRequest)=11, openTxn_(String, TxnType)=2, isCompatibleWith_(Configuration)=0, getValidTxns_(long)=0}
2024-04-24T00:54:53,623  INFO [main] ql.Driver: Completed compiling command(queryId=alex_20240424005453_6a5dbf62-de23-48e4-8fd2-6363ed239e48); Time taken: 0.009 seconds
2024-04-24T00:54:53,624  INFO [main] lockmgr.DbTxnManager: Setting lock request transaction to txnid:10 for queryId=alex_20240424005453_6a5dbf62-de23-48e4-8fd2-6363ed239e48
2024-04-24T00:54:53,624  INFO [main] lockmgr.DbLockManager: Requesting lock for queryId=alex_20240424005453_6a5dbf62-de23-48e4-8fd2-6363ed239e48
2024-04-24T00:54:53,638  INFO [main] lockmgr.DbLockManager: Response to queryId=alex_20240424005453_6a5dbf62-de23-48e4-8fd2-6363ed239e48 LockResponse(lockid:4, state:ACQUIRED)
2024-04-24T00:54:53,638  INFO [main] ql.Driver: Operation CREATETABLE obtained 1 locks
2024-04-24T00:54:53,638  INFO [main] ql.Driver: Executing command(queryId=alex_20240424005453_6a5dbf62-de23-48e4-8fd2-6363ed239e48): create table nonAcidOrcTbl2(a int, b int) clustered by (a) into 2 buckets stored as orc TBLPROPERTIES ('transactional'='false')
2024-04-24T00:54:53,638  INFO [main] ql.Driver: Starting task [Stage-0:DDL] in serial mode
2024-04-24T00:54:53,639  INFO [main] HiveMetaStore.audit: ugi=alex	ip=unknown-ip-addr	cmd=create_table_req: Table(tableName:nonAcidOrcTbl2, dbName:default, owner:alex, createTime:1713945293, lastAccessTime:0, retention:0, sd:StorageDescriptor(cols:[FieldSchema(name:a, type:int, comment:null), FieldSchema(name:b, type:int, comment:null)], location:null, inputFormat:org.apache.hadoop.hive.ql.io.orc.OrcInputFormat, outputFormat:org.apache.hadoop.hive.ql.io.orc.OrcOutputFormat, compressed:false, numBuckets:2, serdeInfo:SerDeInfo(name:null, serializationLib:org.apache.hadoop.hive.ql.io.orc.OrcSerde, parameters:{serialization.format=1}), bucketCols:[a], sortCols:[], parameters:{}, skewedInfo:SkewedInfo(skewedColNames:[], skewedColValues:[], skewedColValueLocationMaps:{}), storedAsSubDirectories:false), partitionKeys:[], parameters:{transactional=false, COLUMN_STATS_ACCURATE={"BASIC_STATS":"true","COLUMN_STATS":{"a":"true","b":"true"}}, numRows=0, bucketing_version=2, numFilesErasureCoded=0, rawDataSize=0, totalSize=0, numFiles=0}, viewOriginalText:null, viewExpandedText:null, tableType:MANAGED_TABLE, privileges:PrincipalPrivilegeSet(userPrivileges:{alex=[PrivilegeGrantInfo(privilege:INSERT, createTime:-1, grantor:alex, grantorType:USER, grantOption:true), PrivilegeGrantInfo(privilege:SELECT, createTime:-1, grantor:alex, grantorType:USER, grantOption:true), PrivilegeGrantInfo(privilege:UPDATE, createTime:-1, grantor:alex, grantorType:USER, grantOption:true), PrivilegeGrantInfo(privilege:DELETE, createTime:-1, grantor:alex, grantorType:USER, grantOption:true)]}, groupPrivileges:null, rolePrivileges:null), temporary:false, catName:hive, ownerType:USER)	
2024-04-24T00:54:53,646  INFO [main] utils.FileUtils: Creating directory if it doesn't exist: file:/home/alex/Repositories/hive/ql/target/tmp/org.apache.hadoop.hive.ql.TestTxnNoBuckets-1713945183193/warehouse/nonacidorctbl2
2024-04-24T00:54:53,665  INFO [main] metadata.Hive: Dumping metastore api call timing information for : execution phase
2024-04-24T00:54:53,665  INFO [main] metadata.Hive: Total time spent in each metastore function (ms): {createTable_(Table)=25, isCompatibleWith_(Configuration)=0}
2024-04-24T00:54:53,665  INFO [main] ql.Driver: Completed executing command(queryId=alex_20240424005453_6a5dbf62-de23-48e4-8fd2-6363ed239e48); Time taken: 0.027 seconds
2024-04-24T00:54:53,665  INFO [main] lockmgr.DbTxnManager: Stopped heartbeat for query: alex_20240424005453_6a5dbf62-de23-48e4-8fd2-6363ed239e48
2024-04-24T00:54:53,669  INFO [main] txn.TxnHandler: Expected to move at least one record from txn_components to completed_txn_components when committing txn! txnid:10
2024-04-24T00:54:53,675  INFO [main] txn.TxnHandler: Removed transactions: ([10]) from MIN_HISTORY_LEVEL
2024-04-24T00:54:53,676  WARN [main] txn.CompactionTxnHandler: No compaction queue record found for Compaction type transaction commit. txnId:10
2024-04-24T00:54:53,676  INFO [main] ql.TxnCommandsBaseForTests: Running the query: create temporary  table acidTbl2(a int, b int, c int) clustered by (c) into 2 buckets stored as orc TBLPROPERTIES ('transactional'='true')
2024-04-24T00:54:53,677  INFO [main] ql.Driver: Compiling command(queryId=alex_20240424005453_dc50a419-4cd5-4266-9947-ccc05ed5a600): create temporary  table acidTbl2(a int, b int, c int) clustered by (c) into 2 buckets stored as orc TBLPROPERTIES ('transactional'='true')
2024-04-24T00:54:53,679  INFO [main] txn.TxnHandler: Added entries to MIN_HISTORY_LEVEL for current txns: ([11]) with min_open_txn: 1
2024-04-24T00:54:53,680  INFO [main] lockmgr.DbTxnManager: Opened txnid:11
2024-04-24T00:54:53,680  INFO [main] parse.CalcitePlanner: Starting caching scope for: 
2024-04-24T00:54:53,680  INFO [main] parse.CalcitePlanner: Starting Semantic Analysis
2024-04-24T00:54:53,683  INFO [main] parse.CalcitePlanner: Creating table default.acidTbl2 position=24
2024-04-24T00:54:53,683  INFO [main] HiveMetaStore.audit: ugi=alex	ip=unknown-ip-addr	cmd=get_database: default	
2024-04-24T00:54:53,685  INFO [main] parse.CalcitePlanner: Ending caching scope for: 
2024-04-24T00:54:53,685  INFO [main] ql.Driver: Semantic Analysis Completed (retrial = false)
2024-04-24T00:54:53,685  INFO [main] ql.Driver: Created Hive schema: Schema(fieldSchemas:null, properties:null)
2024-04-24T00:54:53,685  INFO [main] metadata.Hive: Dumping metastore api call timing information for : compilation phase
2024-04-24T00:54:53,685  INFO [main] metadata.Hive: Total time spent in each metastore function (ms): {flushCache_()=0, isCompatibleWith_(Configuration)=1, getValidWriteIds_(List, String)=2, commitTxn_(CommitTxnRequest)=11, getValidTxns_(long)=0, getDatabase_(String)=2, openTxn_(String, TxnType)=3}
2024-04-24T00:54:53,685  INFO [main] ql.Driver: Completed compiling command(queryId=alex_20240424005453_dc50a419-4cd5-4266-9947-ccc05ed5a600); Time taken: 0.009 seconds
2024-04-24T00:54:53,686  INFO [main] lockmgr.DbTxnManager: Setting lock request transaction to txnid:11 for queryId=alex_20240424005453_dc50a419-4cd5-4266-9947-ccc05ed5a600
2024-04-24T00:54:53,686  INFO [main] lockmgr.DbLockManager: Requesting lock for queryId=alex_20240424005453_dc50a419-4cd5-4266-9947-ccc05ed5a600
2024-04-24T00:54:53,700  INFO [main] lockmgr.DbLockManager: Response to queryId=alex_20240424005453_dc50a419-4cd5-4266-9947-ccc05ed5a600 LockResponse(lockid:5, state:ACQUIRED)
2024-04-24T00:54:53,700  INFO [main] ql.Driver: Operation CREATETABLE obtained 1 locks
2024-04-24T00:54:53,701  INFO [main] ql.Driver: Executing command(queryId=alex_20240424005453_dc50a419-4cd5-4266-9947-ccc05ed5a600): create temporary  table acidTbl2(a int, b int, c int) clustered by (c) into 2 buckets stored as orc TBLPROPERTIES ('transactional'='true')
2024-04-24T00:54:53,701  INFO [main] ql.Driver: Starting task [Stage-0:DDL] in serial mode
2024-04-24T00:54:53,702  INFO [main] utils.FileUtils: Creating directory if it doesn't exist: file:/home/alex/Repositories/hive/ql/target/tmp/scratchdir/alex/d722f3ca-04ab-4562-aceb-d9034f7af316/_tmp_space.db/ff4f70d4-f911-4030-8fea-081616fd4e78
2024-04-24T00:54:53,705  INFO [main] metadata.Hive: Dumping metastore api call timing information for : execution phase
2024-04-24T00:54:53,706  INFO [main] metadata.Hive: Total time spent in each metastore function (ms): {createTable_(Table)=3, isCompatibleWith_(Configuration)=0}
2024-04-24T00:54:53,706  INFO [main] ql.Driver: Completed executing command(queryId=alex_20240424005453_dc50a419-4cd5-4266-9947-ccc05ed5a600); Time taken: 0.004 seconds
2024-04-24T00:54:53,706  INFO [main] lockmgr.DbTxnManager: Stopped heartbeat for query: alex_20240424005453_dc50a419-4cd5-4266-9947-ccc05ed5a600
2024-04-24T00:54:53,709  INFO [main] txn.TxnHandler: Expected to move at least one record from txn_components to completed_txn_components when committing txn! txnid:11
2024-04-24T00:54:53,715  INFO [main] txn.TxnHandler: Removed transactions: ([11]) from MIN_HISTORY_LEVEL
2024-04-24T00:54:53,715  WARN [main] txn.CompactionTxnHandler: No compaction queue record found for Compaction type transaction commit. txnId:11
2024-04-24T00:54:53,716  INFO [main] ql.TxnCommandsBaseForTests: Running the query: create table nonAcidNonBucket(a int, b int) stored as orc TBLPROPERTIES ('transactional'='false')
2024-04-24T00:54:53,716  INFO [main] ql.Driver: Compiling command(queryId=alex_20240424005453_5e4f576f-6b86-4bc0-9027-7b5427e629ef): create table nonAcidNonBucket(a int, b int) stored as orc TBLPROPERTIES ('transactional'='false')
2024-04-24T00:54:53,718  INFO [main] txn.TxnHandler: Added entries to MIN_HISTORY_LEVEL for current txns: ([12]) with min_open_txn: 1
2024-04-24T00:54:53,719  INFO [main] lockmgr.DbTxnManager: Opened txnid:12
2024-04-24T00:54:53,719  INFO [main] parse.CalcitePlanner: Starting caching scope for: 
2024-04-24T00:54:53,719  INFO [main] parse.CalcitePlanner: Starting Semantic Analysis
2024-04-24T00:54:53,721  INFO [main] parse.CalcitePlanner: Creating table default.nonAcidNonBucket position=13
2024-04-24T00:54:53,722  INFO [main] HiveMetaStore.audit: ugi=alex	ip=unknown-ip-addr	cmd=get_database: default	
2024-04-24T00:54:53,723  INFO [main] parse.CalcitePlanner: Ending caching scope for: 
2024-04-24T00:54:53,723  INFO [main] ql.Driver: Semantic Analysis Completed (retrial = false)
2024-04-24T00:54:53,723  INFO [main] ql.Driver: Created Hive schema: Schema(fieldSchemas:null, properties:null)
2024-04-24T00:54:53,724  INFO [main] metadata.Hive: Dumping metastore api call timing information for : compilation phase
2024-04-24T00:54:53,724  INFO [main] metadata.Hive: Total time spent in each metastore function (ms): {openTxn_(String, TxnType)=2, getValidWriteIds_(List, String)=2, commitTxn_(CommitTxnRequest)=9, getValidTxns_(long)=0, isCompatibleWith_(Configuration)=1, getDatabase_(String)=2, flushCache_()=0}
2024-04-24T00:54:53,724  INFO [main] ql.Driver: Completed compiling command(queryId=alex_20240424005453_5e4f576f-6b86-4bc0-9027-7b5427e629ef); Time taken: 0.008 seconds
2024-04-24T00:54:53,724  INFO [main] lockmgr.DbTxnManager: Setting lock request transaction to txnid:12 for queryId=alex_20240424005453_5e4f576f-6b86-4bc0-9027-7b5427e629ef
2024-04-24T00:54:53,724  INFO [main] lockmgr.DbLockManager: Requesting lock for queryId=alex_20240424005453_5e4f576f-6b86-4bc0-9027-7b5427e629ef
2024-04-24T00:54:53,738  INFO [main] lockmgr.DbLockManager: Response to queryId=alex_20240424005453_5e4f576f-6b86-4bc0-9027-7b5427e629ef LockResponse(lockid:6, state:ACQUIRED)
2024-04-24T00:54:53,738  INFO [main] ql.Driver: Operation CREATETABLE obtained 1 locks
2024-04-24T00:54:53,738  INFO [main] ql.Driver: Executing command(queryId=alex_20240424005453_5e4f576f-6b86-4bc0-9027-7b5427e629ef): create table nonAcidNonBucket(a int, b int) stored as orc TBLPROPERTIES ('transactional'='false')
2024-04-24T00:54:53,738  INFO [main] ql.Driver: Starting task [Stage-0:DDL] in serial mode
2024-04-24T00:54:53,739  INFO [main] HiveMetaStore.audit: ugi=alex	ip=unknown-ip-addr	cmd=create_table_req: Table(tableName:nonAcidNonBucket, dbName:default, owner:alex, createTime:1713945293, lastAccessTime:0, retention:0, sd:StorageDescriptor(cols:[FieldSchema(name:a, type:int, comment:null), FieldSchema(name:b, type:int, comment:null)], location:null, inputFormat:org.apache.hadoop.hive.ql.io.orc.OrcInputFormat, outputFormat:org.apache.hadoop.hive.ql.io.orc.OrcOutputFormat, compressed:false, numBuckets:-1, serdeInfo:SerDeInfo(name:null, serializationLib:org.apache.hadoop.hive.ql.io.orc.OrcSerde, parameters:{serialization.format=1}), bucketCols:[], sortCols:[], parameters:{}, skewedInfo:SkewedInfo(skewedColNames:[], skewedColValues:[], skewedColValueLocationMaps:{}), storedAsSubDirectories:false), partitionKeys:[], parameters:{rawDataSize=0, numFiles=0, numRows=0, transactional=false, bucketing_version=2, totalSize=0, numFilesErasureCoded=0, COLUMN_STATS_ACCURATE={"BASIC_STATS":"true","COLUMN_STATS":{"a":"true","b":"true"}}}, viewOriginalText:null, viewExpandedText:null, tableType:MANAGED_TABLE, privileges:PrincipalPrivilegeSet(userPrivileges:{alex=[PrivilegeGrantInfo(privilege:INSERT, createTime:-1, grantor:alex, grantorType:USER, grantOption:true), PrivilegeGrantInfo(privilege:SELECT, createTime:-1, grantor:alex, grantorType:USER, grantOption:true), PrivilegeGrantInfo(privilege:UPDATE, createTime:-1, grantor:alex, grantorType:USER, grantOption:true), PrivilegeGrantInfo(privilege:DELETE, createTime:-1, grantor:alex, grantorType:USER, grantOption:true)]}, groupPrivileges:null, rolePrivileges:null), temporary:false, catName:hive, ownerType:USER)	
2024-04-24T00:54:53,745  INFO [main] utils.FileUtils: Creating directory if it doesn't exist: file:/home/alex/Repositories/hive/ql/target/tmp/org.apache.hadoop.hive.ql.TestTxnNoBuckets-1713945183193/warehouse/nonacidnonbucket
2024-04-24T00:54:53,760  INFO [main] metadata.Hive: Dumping metastore api call timing information for : execution phase
2024-04-24T00:54:53,760  INFO [main] metadata.Hive: Total time spent in each metastore function (ms): {createTable_(Table)=21, isCompatibleWith_(Configuration)=1}
2024-04-24T00:54:53,761  INFO [main] ql.Driver: Completed executing command(queryId=alex_20240424005453_5e4f576f-6b86-4bc0-9027-7b5427e629ef); Time taken: 0.022 seconds
2024-04-24T00:54:53,761  INFO [main] lockmgr.DbTxnManager: Stopped heartbeat for query: alex_20240424005453_5e4f576f-6b86-4bc0-9027-7b5427e629ef
2024-04-24T00:54:53,765  INFO [main] txn.TxnHandler: Expected to move at least one record from txn_components to completed_txn_components when committing txn! txnid:12
2024-04-24T00:54:53,769  INFO [main] txn.TxnHandler: Removed transactions: ([12]) from MIN_HISTORY_LEVEL
2024-04-24T00:54:53,770  WARN [main] txn.CompactionTxnHandler: No compaction queue record found for Compaction type transaction commit. txnId:12
2024-04-24T00:54:53,771  INFO [main] ql.TxnCommandsBaseForTests: Running the query: insert into acidTbl values(1,2),(2,4),(5,6),(6,8),(9,10)
2024-04-24T00:54:53,771  INFO [main] ql.Driver: Compiling command(queryId=alex_20240424005453_a4844c6b-901a-4b7d-8ebf-c288eb290ab4): insert into acidTbl values(1,2),(2,4),(5,6),(6,8),(9,10)
2024-04-24T00:54:53,775  INFO [main] txn.TxnHandler: Added entries to MIN_HISTORY_LEVEL for current txns: ([13]) with min_open_txn: 1
2024-04-24T00:54:53,775  INFO [main] lockmgr.DbTxnManager: Opened txnid:13
2024-04-24T00:54:53,776  INFO [main] parse.CalcitePlanner: Starting caching scope for: alex_20240424005453_a4844c6b-901a-4b7d-8ebf-c288eb290ab4
2024-04-24T00:54:53,776  INFO [main] parse.CalcitePlanner: Starting Semantic Analysis
2024-04-24T00:54:53,779  INFO [main] HiveMetaStore.audit: ugi=alex	ip=unknown-ip-addr	cmd=get_table : tbl=hive.default.acidTbl	
2024-04-24T00:54:53,798  INFO [main] metastore.HMSHandler: Skipping translation for processor with null
2024-04-24T00:54:53,798  INFO [main] parse.CalcitePlanner: Completed phase 1 of Semantic Analysis
2024-04-24T00:54:53,798  INFO [main] parse.CalcitePlanner: Get metadata for source tables
2024-04-24T00:54:53,798  INFO [main] parse.CalcitePlanner: Get metadata for subqueries
2024-04-24T00:54:53,798  INFO [main] parse.CalcitePlanner: Get metadata for destination tables
2024-04-24T00:54:53,798  INFO [main] HiveMetaStore.audit: ugi=alex	ip=unknown-ip-addr	cmd=get_table : tbl=hive.default.acidTbl	
2024-04-24T00:54:53,805  INFO [main] metastore.HMSHandler: Skipping translation for processor with null
2024-04-24T00:54:53,805  INFO [main] parse.CalcitePlanner: Completed getting MetaData in Semantic Analysis
2024-04-24T00:54:53,805  INFO [main] parse.CalcitePlanner: Disabling LLAP IO encode as ETL query is detected
2024-04-24T00:54:53,828  INFO [main] HiveMetaStore.audit: ugi=alex	ip=unknown-ip-addr	cmd=get_all_table_constraints : tbl=hive._dummy_database._dummy_table	
2024-04-24T00:54:53,912  INFO [main] parse.CalcitePlanner: Get metadata for source tables
2024-04-24T00:54:53,912  INFO [main] parse.CalcitePlanner: Get metadata for subqueries
2024-04-24T00:54:53,912  INFO [main] parse.CalcitePlanner: Get metadata for source tables
2024-04-24T00:54:53,912  INFO [main] HiveMetaStore.audit: ugi=alex	ip=unknown-ip-addr	cmd=get_table : tbl=hive._dummy_database._dummy_table	
2024-04-24T00:54:53,915  INFO [main] parse.CalcitePlanner: Get metadata for subqueries
2024-04-24T00:54:53,915  INFO [main] parse.CalcitePlanner: Get metadata for destination tables
2024-04-24T00:54:53,915  INFO [main] parse.CalcitePlanner: Get metadata for destination tables
2024-04-24T00:54:53,918  INFO [main] HiveMetaStore.audit: ugi=alex	ip=unknown-ip-addr	cmd=get_not_null_constraints : tbl=hive.default.acidtbl	
2024-04-24T00:54:53,920  INFO [main] HiveMetaStore.audit: ugi=alex	ip=unknown-ip-addr	cmd=get_check_constraints : tbl=hive.default.acidtbl	
2024-04-24T00:54:53,927  INFO [main] txn.TxnHandler: Allocated writeId: 1 for txnId: 13
2024-04-24T00:54:53,927  INFO [main] txn.TxnHandler: Allocated write ids for dbName=default, tblName=acidtbl (txnIds: [13])
2024-04-24T00:54:53,928  INFO [main] parse.CalcitePlanner: CBO Succeeded; optimized logical plan.
2024-04-24T00:54:53,933  INFO [main] optimizer.ColumnPrunerProcFactory: RS 4 oldColExprMap: {KEY.reducesinkkey0=Column[_col0], VALUE._col0=Column[_col1]}
2024-04-24T00:54:53,933  INFO [main] optimizer.ColumnPrunerProcFactory: RS 4 newColExprMap: {KEY.reducesinkkey0=Column[_col0], VALUE._col0=Column[_col1]}
2024-04-24T00:54:53,933  INFO [main] optimizer.BucketVersionPopulator: not considering bucketingVersion for: TS[0] because it has -1<2 buckets 
2024-04-24T00:54:53,934  INFO [main] optimizer.SortedDynPartitionOptimizer: Sorted dynamic partitioning optimization kicked in..
2024-04-24T00:54:53,943  INFO [main] HiveMetaStore.audit: ugi=alex	ip=unknown-ip-addr	cmd=get_table : tbl=hive.default.acidtbl	
2024-04-24T00:54:53,951  INFO [main] metastore.HMSHandler: Skipping translation for processor with null
2024-04-24T00:54:53,952  INFO [main] physical.Vectorizer: Examining input format to see if vectorization is enabled.
2024-04-24T00:54:53,952  INFO [main] physical.Vectorizer: Map vectorization enabled: false
2024-04-24T00:54:53,952  INFO [main] physical.Vectorizer: Map vectorized: false
2024-04-24T00:54:53,952  INFO [main] physical.Vectorizer: Map vectorizedVertexNum: 0
2024-04-24T00:54:53,952  INFO [main] physical.Vectorizer: Map enabledConditionsMet: [hive.vectorized.use.vectorized.input.format IS true]
2024-04-24T00:54:53,952  INFO [main] physical.Vectorizer: Map enabledConditionsNotMet: [Could not enable vectorization due to partition column names size 1 is greater than the number of table column names size 0 IS false]
2024-04-24T00:54:53,952  INFO [main] physical.Vectorizer: Map inputFileFormatClassNameSet: [org.apache.hadoop.hive.ql.io.NullRowsInputFormat]
2024-04-24T00:54:53,952  INFO [main] physical.Vectorizer: Reduce vectorization enabled: false
2024-04-24T00:54:53,952  INFO [main] physical.Vectorizer: Reduce vectorized: false
2024-04-24T00:54:53,952  INFO [main] physical.Vectorizer: Reduce vectorizedVertexNum: 1
2024-04-24T00:54:53,952  INFO [main] physical.Vectorizer: Reducer hive.vectorized.execution.reduce.enabled: true
2024-04-24T00:54:53,952  INFO [main] physical.Vectorizer: Reducer engine: mr
2024-04-24T00:54:53,952  INFO [main] parse.CalcitePlanner: Completed plan generation
2024-04-24T00:54:53,952  INFO [main] parse.CalcitePlanner: Ending caching scope for: alex_20240424005453_a4844c6b-901a-4b7d-8ebf-c288eb290ab4
2024-04-24T00:54:53,952  INFO [main] ql.Driver: Semantic Analysis Completed (retrial = false)
2024-04-24T00:54:53,952  INFO [main] ql.Driver: Created Hive schema: Schema(fieldSchemas:[FieldSchema(name:col1, type:int, comment:null), FieldSchema(name:col2, type:int, comment:null)], properties:null)
2024-04-24T00:54:53,952  INFO [main] metadata.Hive: Dumping metastore api call timing information for : compilation phase
2024-04-24T00:54:53,953  INFO [main] metadata.Hive: Total time spent in each metastore function (ms): {getValidTxns_(long)=1, getNotNullConstraints_(NotNullConstraintsRequest)=2, isCompatibleWith_(Configuration)=1, getCheckConstraints_(CheckConstraintsRequest)=1, openTxn_(String, TxnType)=2, getAllTableConstraints_(AllTableConstraintsRequest)=27, allocateTableWriteId_(long, String, String)=7, commitTxn_(CommitTxnRequest)=9, getTable_(GetTableRequest)=34, flushCache_()=0, getValidWriteIds_(List, String)=3}
2024-04-24T00:54:53,953  INFO [main] ql.Driver: Completed compiling command(queryId=alex_20240424005453_a4844c6b-901a-4b7d-8ebf-c288eb290ab4); Time taken: 0.181 seconds
2024-04-24T00:54:53,953  INFO [main] lockmgr.DbTxnManager: Setting lock request transaction to txnid:13 for queryId=alex_20240424005453_a4844c6b-901a-4b7d-8ebf-c288eb290ab4
2024-04-24T00:54:53,953  INFO [main] lockmgr.DbLockManager: Requesting lock for queryId=alex_20240424005453_a4844c6b-901a-4b7d-8ebf-c288eb290ab4
2024-04-24T00:54:53,973  INFO [main] lockmgr.DbLockManager: Response to queryId=alex_20240424005453_a4844c6b-901a-4b7d-8ebf-c288eb290ab4 LockResponse(lockid:7, state:ACQUIRED)
2024-04-24T00:54:53,973  INFO [main] ql.Driver: Operation QUERY obtained 1 locks
2024-04-24T00:54:53,976  INFO [main] ql.Driver: Executing command(queryId=alex_20240424005453_a4844c6b-901a-4b7d-8ebf-c288eb290ab4): insert into acidTbl values(1,2),(2,4),(5,6),(6,8),(9,10)
2024-04-24T00:54:53,976  WARN [main] ql.Driver: Hive-on-MR is deprecated in Hive 2 and may not be available in the future versions. Consider using a different execution engine (i.e. spark, tez) or using Hive 1.X releases.
Query ID = alex_20240424005453_a4844c6b-901a-4b7d-8ebf-c288eb290ab4
2024-04-24T00:54:53,976  INFO [main] ql.Driver: Query ID = alex_20240424005453_a4844c6b-901a-4b7d-8ebf-c288eb290ab4
Total jobs = 1
2024-04-24T00:54:53,976  INFO [main] ql.Driver: Total jobs = 1
Launching Job 1 out of 1
2024-04-24T00:54:53,976  INFO [main] ql.Driver: Launching Job 1 out of 1
2024-04-24T00:54:54,132  INFO [main] ql.Driver: Starting task [Stage-1:MAPRED] in serial mode
Number of reduce tasks determined at compile time: 2
2024-04-24T00:54:54,132  INFO [main] exec.Task: Number of reduce tasks determined at compile time: 2
In order to change the average load for a reducer (in bytes):
2024-04-24T00:54:54,132  INFO [main] exec.Task: In order to change the average load for a reducer (in bytes):
  set hive.exec.reducers.bytes.per.reducer=<number>
2024-04-24T00:54:54,132  INFO [main] exec.Task:   set hive.exec.reducers.bytes.per.reducer=<number>
In order to limit the maximum number of reducers:
2024-04-24T00:54:54,132  INFO [main] exec.Task: In order to limit the maximum number of reducers:
  set hive.exec.reducers.max=<number>
2024-04-24T00:54:54,132  INFO [main] exec.Task:   set hive.exec.reducers.max=<number>
In order to set a constant number of reducers:
2024-04-24T00:54:54,132  INFO [main] exec.Task: In order to set a constant number of reducers:
  set mapreduce.job.reduces=<number>
2024-04-24T00:54:54,132  INFO [main] exec.Task:   set mapreduce.job.reduces=<number>
2024-04-24T00:54:54,135  INFO [main] mr.ExecDriver: Using org.apache.hadoop.hive.ql.io.HiveInputFormat
2024-04-24T00:54:54,135  INFO [main] exec.Utilities: Processing alias $hdt$_0:_dummy_table
2024-04-24T00:54:54,135  INFO [main] exec.Utilities: Adding 1 inputs; the first input is file:/home/alex/Repositories/hive/ql/target/tmp/localscratchdir/d722f3ca-04ab-4562-aceb-d9034f7af316/hive_2024-04-24_00-54-53_771_1578998043990691691-1/dummy_path
2024-04-24T00:54:54,144  INFO [main] exec.SerializationUtilities: Serializing MapWork using kryo
2024-04-24T00:54:54,145  INFO [main] exec.Utilities: Serialized plan (via FILE) - name: null size: 5,35KB
2024-04-24T00:54:54,151  INFO [main] exec.SerializationUtilities: Serializing ReduceWork using kryo
2024-04-24T00:54:54,152  INFO [main] exec.Utilities: Serialized plan (via FILE) - name: null size: 5,99KB
2024-04-24T00:54:54,153  WARN [main] impl.MetricsSystemImpl: JobTracker metrics system already initialized!
2024-04-24T00:54:54,157  INFO [main] fs.FSStatsPublisher: created : file:/home/alex/Repositories/hive/ql/target/tmp/localscratchdir/d722f3ca-04ab-4562-aceb-d9034f7af316/hive_2024-04-24_00-54-53_771_1578998043990691691-1/-mr-10000
2024-04-24T00:54:54,159  WARN [main] impl.MetricsSystemImpl: JobTracker metrics system already initialized!
2024-04-24T00:54:54,166  WARN [main] mapreduce.JobResourceUploader: Hadoop command-line option parsing not performed. Implement the Tool interface and execute your application with ToolRunner to remedy this.
2024-04-24T00:54:54,171  WARN [main] mapreduce.JobResourceUploader: No job jar file set.  User classes may not be found. See Job or Job#setJar(String).
2024-04-24T00:54:54,172  INFO [main] io.HiveInputFormat: hive.io.file.readcolumn.ids = 
2024-04-24T00:54:54,172  INFO [main] io.HiveInputFormat: hive.io.file.readcolumn.names = 
2024-04-24T00:54:54,172  INFO [main] io.HiveInputFormat: Generating splits for dirs: file:/home/alex/Repositories/hive/ql/target/tmp/localscratchdir/d722f3ca-04ab-4562-aceb-d9034f7af316/hive_2024-04-24_00-54-53_771_1578998043990691691-1/dummy_path
2024-04-24T00:54:54,172  INFO [main] io.HiveInputFormat: number of splits 1
2024-04-24T00:54:54,192  INFO [main] mapreduce.JobSubmitter: number of splits:1
2024-04-24T00:54:54,212  INFO [main] mapreduce.JobSubmitter: Submitting tokens for job: job_local947211803_0045
2024-04-24T00:54:54,212  INFO [main] mapreduce.JobSubmitter: Executing with tokens: []
2024-04-24T00:54:54,279  INFO [main] mapreduce.Job: The url to track the job: http://localhost:8080/
Job running in-process (local Hadoop)
2024-04-24T00:54:54,280  INFO [main] exec.Task: Job running in-process (local Hadoop)
2024-04-24T00:54:54,280  INFO [Thread-2958] mapred.LocalJobRunner: OutputCommitter set in config org.apache.hadoop.hive.ql.io.HiveFileFormatUtils$NullOutputCommitter
2024-04-24T00:54:54,280  INFO [Thread-2958] mapred.LocalJobRunner: OutputCommitter is org.apache.hadoop.hive.ql.io.HiveFileFormatUtils$NullOutputCommitter
2024-04-24T00:54:54,282  INFO [Thread-2958] mapred.LocalJobRunner: Waiting for map tasks
2024-04-24T00:54:54,282  INFO [LocalJobRunner Map Task Executor #0] mapred.LocalJobRunner: Starting task: attempt_local947211803_0045_m_000000_0
2024-04-24T00:54:54,285  INFO [LocalJobRunner Map Task Executor #0] mapred.Task:  Using ResourceCalculatorProcessTree : [ ]
2024-04-24T00:54:54,286  INFO [LocalJobRunner Map Task Executor #0] mapred.MapTask: Processing split: org.apache.hadoop.hive.ql.io.NullRowsInputFormat:file:/home/alex/Repositories/hive/ql/target/tmp/localscratchdir/d722f3ca-04ab-4562-aceb-d9034f7af316/hive_2024-04-24_00-54-53_771_1578998043990691691-1/dummy_path/null:0+1
2024-04-24T00:54:54,288  INFO [LocalJobRunner Map Task Executor #0] exec.SerializationUtilities: Deserializing MapWork using kryo
2024-04-24T00:54:54,289  INFO [LocalJobRunner Map Task Executor #0] exec.Utilities: Deserialized plan (via FILE) - name: null size: 5,35KB
2024-04-24T00:54:54,289  INFO [LocalJobRunner Map Task Executor #0] mapred.MapTask: numReduceTasks: 2
2024-04-24T00:54:54,293  INFO [LocalJobRunner Map Task Executor #0] mapred.MapTask: (EQUATOR) 0 kvi 26214396(104857584)
2024-04-24T00:54:54,293  INFO [LocalJobRunner Map Task Executor #0] mapred.MapTask: mapreduce.task.io.sort.mb: 100
2024-04-24T00:54:54,293  INFO [LocalJobRunner Map Task Executor #0] mapred.MapTask: soft limit at 83886080
2024-04-24T00:54:54,293  INFO [LocalJobRunner Map Task Executor #0] mapred.MapTask: bufstart = 0; bufvoid = 104857600
2024-04-24T00:54:54,293  INFO [LocalJobRunner Map Task Executor #0] mapred.MapTask: kvstart = 26214396; length = 6553600
2024-04-24T00:54:54,294  INFO [LocalJobRunner Map Task Executor #0] mapred.MapTask: Map output collector class = org.apache.hadoop.mapred.MapTask$MapOutputBuffer
2024-04-24T00:54:54,294  INFO [LocalJobRunner Map Task Executor #0] exec.MapOperator: Initializing Operator: MAP[0]
2024-04-24T00:54:54,295  INFO [LocalJobRunner Map Task Executor #0] mr.ExecMapper: 
<MAP>Id =0
  <Children>null
  <\Children>
  <Parent><\Parent>
<\MAP>
2024-04-24T00:54:54,295  INFO [LocalJobRunner Map Task Executor #0] exec.TableScanOperator: Initializing Operator: TS[0]
2024-04-24T00:54:54,295  INFO [LocalJobRunner Map Task Executor #0] exec.SelectOperator: Initializing Operator: SEL[1]
2024-04-24T00:54:54,296  INFO [LocalJobRunner Map Task Executor #0] exec.SelectOperator: SELECT null
2024-04-24T00:54:54,296  INFO [LocalJobRunner Map Task Executor #0] exec.UDTFOperator: Initializing Operator: UDTF[2]
2024-04-24T00:54:54,296  INFO [LocalJobRunner Map Task Executor #0] exec.SelectOperator: Initializing Operator: SEL[3]
2024-04-24T00:54:54,296  INFO [LocalJobRunner Map Task Executor #0] exec.SelectOperator: SELECT struct<col1:int,col2:int>
2024-04-24T00:54:54,296  INFO [LocalJobRunner Map Task Executor #0] exec.ReduceSinkOperator: Initializing Operator: RS[4]
2024-04-24T00:54:54,296  INFO [LocalJobRunner Map Task Executor #0] exec.ReduceSinkOperator: Using tag = -1
2024-04-24T00:54:54,296  INFO [LocalJobRunner Map Task Executor #0] exec.ReduceSinkOperator: keys are [reducesinkkey0] num distributions: 1
2024-04-24T00:54:54,297  INFO [LocalJobRunner Map Task Executor #0] exec.ReduceSinkOperator: RS[4]: records written - 1
2024-04-24T00:54:54,297  INFO [LocalJobRunner Map Task Executor #0] exec.MapOperator: MAP[0]: records read - 1
2024-04-24T00:54:54,297  INFO [LocalJobRunner Map Task Executor #0] exec.MapOperator: Closing Operator: MAP[0]
2024-04-24T00:54:54,297  INFO [LocalJobRunner Map Task Executor #0] exec.MapOperator: MAP[0]: Total records read - 3. abort - false
2024-04-24T00:54:54,297  INFO [LocalJobRunner Map Task Executor #0] exec.MapOperator: RECORDS_OUT_OPERATOR_MAP_0:0, RECORDS_IN:3, DESERIALIZE_ERRORS:0, RECORDS_OUT_INTERMEDIATE:0, 
2024-04-24T00:54:54,297  INFO [LocalJobRunner Map Task Executor #0] exec.TableScanOperator: Closing Operator: TS[0]
2024-04-24T00:54:54,297  INFO [LocalJobRunner Map Task Executor #0] exec.TableScanOperator: RECORDS_OUT_INTERMEDIATE:0, RECORDS_OUT_OPERATOR_TS_0:1, 
2024-04-24T00:54:54,297  INFO [LocalJobRunner Map Task Executor #0] exec.SelectOperator: Closing Operator: SEL[1]
2024-04-24T00:54:54,297  INFO [LocalJobRunner Map Task Executor #0] exec.SelectOperator: RECORDS_OUT_OPERATOR_SEL_1:1, RECORDS_OUT_INTERMEDIATE:0, 
2024-04-24T00:54:54,297  INFO [LocalJobRunner Map Task Executor #0] exec.UDTFOperator: Closing Operator: UDTF[2]
2024-04-24T00:54:54,297  INFO [LocalJobRunner Map Task Executor #0] exec.UDTFOperator: RECORDS_OUT_INTERMEDIATE:0, RECORDS_OUT_OPERATOR_UDTF_2:5, 
2024-04-24T00:54:54,297  INFO [LocalJobRunner Map Task Executor #0] exec.SelectOperator: Closing Operator: SEL[3]
2024-04-24T00:54:54,297  INFO [LocalJobRunner Map Task Executor #0] exec.SelectOperator: RECORDS_OUT_OPERATOR_SEL_3:5, RECORDS_OUT_INTERMEDIATE:0, 
2024-04-24T00:54:54,297  INFO [LocalJobRunner Map Task Executor #0] exec.ReduceSinkOperator: Closing Operator: RS[4]
2024-04-24T00:54:54,297  INFO [LocalJobRunner Map Task Executor #0] exec.ReduceSinkOperator: RS[4]: Total records written - 5. abort - false
2024-04-24T00:54:54,298  INFO [LocalJobRunner Map Task Executor #0] exec.ReduceSinkOperator: RECORDS_OUT_INTERMEDIATE:5, RECORDS_OUT_OPERATOR_RS_4:5, 
2024-04-24T00:54:54,300  INFO [LocalJobRunner Map Task Executor #0] mapred.LocalJobRunner: 
2024-04-24T00:54:54,300  INFO [LocalJobRunner Map Task Executor #0] mapred.MapTask: Starting flush of map output
2024-04-24T00:54:54,300  INFO [LocalJobRunner Map Task Executor #0] mapred.MapTask: Spilling map output
2024-04-24T00:54:54,300  INFO [LocalJobRunner Map Task Executor #0] mapred.MapTask: bufstart = 0; bufend = 80; bufvoid = 104857600
2024-04-24T00:54:54,300  INFO [LocalJobRunner Map Task Executor #0] mapred.MapTask: kvstart = 26214396(104857584); kvend = 26214380(104857520); length = 17/6553600
2024-04-24T00:54:54,311  INFO [LocalJobRunner Map Task Executor #0] mapred.MapTask: Finished spill 0
2024-04-24T00:54:54,316  INFO [LocalJobRunner Map Task Executor #0] mapred.Task: Task:attempt_local947211803_0045_m_000000_0 is done. And is in the process of committing
2024-04-24T00:54:54,317  INFO [LocalJobRunner Map Task Executor #0] mapred.LocalJobRunner: map
2024-04-24T00:54:54,317  INFO [LocalJobRunner Map Task Executor #0] mapred.Task: Task 'attempt_local947211803_0045_m_000000_0' done.
2024-04-24T00:54:54,317  INFO [LocalJobRunner Map Task Executor #0] mapred.Task: Final Counters for attempt_local947211803_0045_m_000000_0: Counters: 26
	File System Counters
		FILE: Number of bytes read=1066819
		FILE: Number of bytes written=54109567
		FILE: Number of read operations=0
		FILE: Number of large read operations=0
		FILE: Number of write operations=0
	Map-Reduce Framework
		Map input records=4
		Map output records=5
		Map output bytes=80
		Map output materialized bytes=102
		Input split bytes=361
		Combine input records=0
		Spilled Records=5
		Failed Shuffles=0
		Merged Map outputs=0
		GC time elapsed (ms)=0
		Total committed heap usage (bytes)=1388314624
	HIVE
		DESERIALIZE_ERRORS=0
		RECORDS_IN=3
		RECORDS_OUT_INTERMEDIATE=5
		RECORDS_OUT_OPERATOR_MAP_0=0
		RECORDS_OUT_OPERATOR_RS_4=5
		RECORDS_OUT_OPERATOR_SEL_1=1
		RECORDS_OUT_OPERATOR_SEL_3=5
		RECORDS_OUT_OPERATOR_TS_0=1
		RECORDS_OUT_OPERATOR_UDTF_2=5
	File Input Format Counters 
		Bytes Read=5403
2024-04-24T00:54:54,317  INFO [LocalJobRunner Map Task Executor #0] mapred.LocalJobRunner: Finishing task: attempt_local947211803_0045_m_000000_0
2024-04-24T00:54:54,317  INFO [Thread-2958] mapred.LocalJobRunner: map task executor complete.
2024-04-24T00:54:54,319  INFO [Thread-2958] mapred.LocalJobRunner: Waiting for reduce tasks
2024-04-24T00:54:54,319  INFO [pool-197-thread-1] mapred.LocalJobRunner: Starting task: attempt_local947211803_0045_r_000000_0
2024-04-24T00:54:54,322  INFO [pool-197-thread-1] mapred.Task:  Using ResourceCalculatorProcessTree : [ ]
2024-04-24T00:54:54,323  INFO [pool-197-thread-1] mapred.ReduceTask: Using ShuffleConsumerPlugin: org.apache.hadoop.mapreduce.task.reduce.Shuffle@40ab0c18
2024-04-24T00:54:54,323  WARN [pool-197-thread-1] impl.MetricsSystemImpl: JobTracker metrics system already initialized!
2024-04-24T00:54:54,324  INFO [pool-197-thread-1] reduce.MergeManagerImpl: MergerManager: memoryLimit=1336252800, maxSingleShuffleLimit=334063200, mergeThreshold=881926912, ioSortFactor=10, memToMemMergeOutputsThreshold=10
2024-04-24T00:54:54,324  INFO [EventFetcher for fetching Map Completion Events] reduce.EventFetcher: attempt_local947211803_0045_r_000000_0 Thread started: EventFetcher for fetching Map Completion Events
2024-04-24T00:54:54,327  INFO [localfetcher#27] reduce.LocalFetcher: localfetcher#27 about to shuffle output of map attempt_local947211803_0045_m_000000_0 decomp: 38 len: 42 to MEMORY
2024-04-24T00:54:54,327  INFO [localfetcher#27] reduce.InMemoryMapOutput: Read 38 bytes from map-output for attempt_local947211803_0045_m_000000_0
2024-04-24T00:54:54,327  INFO [localfetcher#27] reduce.MergeManagerImpl: closeInMemoryFile -> map-output of size: 38, inMemoryMapOutputs.size() -> 1, commitMemory -> 0, usedMemory ->38
2024-04-24T00:54:54,328  INFO [EventFetcher for fetching Map Completion Events] reduce.EventFetcher: EventFetcher is interrupted.. Returning
2024-04-24T00:54:54,328  INFO [pool-197-thread-1] mapred.LocalJobRunner: 1 / 1 copied.
2024-04-24T00:54:54,328  INFO [pool-197-thread-1] reduce.MergeManagerImpl: finalMerge called with 1 in-memory map-outputs and 0 on-disk map-outputs
2024-04-24T00:54:54,334  INFO [pool-197-thread-1] mapred.Merger: Merging 1 sorted segments
2024-04-24T00:54:54,334  INFO [pool-197-thread-1] mapred.Merger: Down to the last merge-pass, with 1 segments left of total size: 26 bytes
2024-04-24T00:54:54,337  INFO [pool-197-thread-1] reduce.MergeManagerImpl: Merged 1 segments, 38 bytes to disk to satisfy reduce memory limit
2024-04-24T00:54:54,337  INFO [pool-197-thread-1] reduce.MergeManagerImpl: Merging 1 files, 42 bytes from disk
2024-04-24T00:54:54,337  INFO [pool-197-thread-1] reduce.MergeManagerImpl: Merging 0 segments, 0 bytes from memory into reduce
2024-04-24T00:54:54,337  INFO [pool-197-thread-1] mapred.Merger: Merging 1 sorted segments
2024-04-24T00:54:54,337  INFO [pool-197-thread-1] mapred.Merger: Down to the last merge-pass, with 1 segments left of total size: 26 bytes
2024-04-24T00:54:54,337  INFO [pool-197-thread-1] mapred.LocalJobRunner: 1 / 1 copied.
2024-04-24T00:54:54,338  INFO [pool-197-thread-1] exec.SerializationUtilities: Deserializing ReduceWork using kryo
2024-04-24T00:54:54,338  INFO [pool-197-thread-1] exec.Utilities: Deserialized plan (via FILE) - name: null size: 5,99KB
2024-04-24T00:54:54,340  INFO [pool-197-thread-1] ExecReducer: 
<SEL>Id =5
  <Children>
    <FS>Id =6
      <Children>
      <\Children>
      <Parent>Id = 5 null<\Parent>
    <\FS>
  <\Children>
  <Parent><\Parent>
<\SEL>
2024-04-24T00:54:54,340  INFO [pool-197-thread-1] exec.SelectOperator: Initializing Operator: SEL[5]
2024-04-24T00:54:54,340  INFO [pool-197-thread-1] exec.SelectOperator: SELECT struct<key:struct<reducesinkkey0:int>,value:struct<_col0:int>>
2024-04-24T00:54:54,340  INFO [pool-197-thread-1] exec.FileSinkOperator: Initializing Operator: FS[6]
2024-04-24T00:54:54,340  INFO [pool-197-thread-1] exec.FileSinkOperator: Using serializer : AbstractSerDe [log=org.apache.logging.slf4j.Log4jLogger@22a08b61, configuration=Optional[Configuration: core-default.xml, core-site.xml, mapred-default.xml, mapred-site.xml, yarn-default.xml, yarn-site.xml, hdfs-default.xml, hdfs-site.xml, file:/home/alex/Repositories/hive/ql/target/tmp/TestTxnNoBucketsVectorized/mapred/local/localRunner/alex/job_local947211803_0045/job_local947211803_0045.xml], properties={transactional_properties=default, name=default.acidtbl, transactional=true, columns.types=int:int, bucket_field_name=a, columns=a,b, numFilesErasureCoded=0, columns.comments=&amp#0;, bucketing_version=2, bucket_count=2, serialization.lib=org.apache.hadoop.hive.ql.io.orc.OrcSerde, file.inputformat=org.apache.hadoop.hive.ql.io.orc.OrcInputFormat, file.outputformat=org.apache.hadoop.hive.ql.io.orc.OrcOutputFormat, location=file:/home/alex/Repositories/hive/ql/target/tmp/org.apache.hadoop.hive.ql.TestTxnNoBuckets-1713945183193/warehouse/acidtbl, column.name.delimiter=,}, tableProperties={transactional_properties=default, name=default.acidtbl, transactional=true, columns.types=int:int, bucket_field_name=a, columns=a,b, numFilesErasureCoded=0, columns.comments=&amp#0;, bucketing_version=2, bucket_count=2, serialization.lib=org.apache.hadoop.hive.ql.io.orc.OrcSerde, file.inputformat=org.apache.hadoop.hive.ql.io.orc.OrcInputFormat, location=file:/home/alex/Repositories/hive/ql/target/tmp/org.apache.hadoop.hive.ql.TestTxnNoBuckets-1713945183193/warehouse/acidtbl, file.outputformat=org.apache.hadoop.hive.ql.io.orc.OrcOutputFormat, column.name.delimiter=,}, partitionProperties=Optional.empty, columnNames=[a, b], columnTypes=[int, int], getClass()=class org.apache.hadoop.hive.ql.io.orc.OrcSerde] and formatter : org.apache.hadoop.hive.ql.io.orc.OrcOutputFormat@12110228
2024-04-24T00:54:54,341  INFO [pool-197-thread-1] exec.FileSinkOperator: Final Path: FS file:/home/alex/Repositories/hive/ql/target/tmp/org.apache.hadoop.hive.ql.TestTxnNoBuckets-1713945183193/warehouse/acidtbl
2024-04-24T00:54:54,341  INFO [pool-197-thread-1] exec.FileSinkOperator: New Final Path: FS file:/home/alex/Repositories/hive/ql/target/tmp/org.apache.hadoop.hive.ql.TestTxnNoBuckets-1713945183193/warehouse/acidtbl
2024-04-24T00:54:54,341  INFO [pool-197-thread-1] common.FileUtils: Creating directory if it doesn't exist: file:/home/alex/Repositories/hive/ql/target/tmp/org.apache.hadoop.hive.ql.TestTxnNoBuckets-1713945183193/warehouse
2024-04-24T00:54:54,341  INFO [pool-197-thread-1] exec.FileSinkOperator: FS[6]: records written - 1
2024-04-24T00:54:54,341  INFO [pool-197-thread-1] impl.PhysicalFsWriter: ORC writer created for path: file:/home/alex/Repositories/hive/ql/target/tmp/org.apache.hadoop.hive.ql.TestTxnNoBuckets-1713945183193/warehouse/acidtbl/delta_0000001_0000001_0000/bucket_00000_0 with stripeSize: 8388608 blockSize: 268435456 compression: Compress: ZLIB buffer: 32768
2024-04-24T00:54:54,349  INFO [pool-197-thread-1] impl.WriterImpl: ORC writer created for path: file:/home/alex/Repositories/hive/ql/target/tmp/org.apache.hadoop.hive.ql.TestTxnNoBuckets-1713945183193/warehouse/acidtbl/delta_0000001_0000001_0000/bucket_00000_0 with stripeSize: 8388608 options: Compress: ZLIB buffer: 32768
2024-04-24T00:54:54,353  INFO [pool-197-thread-1] exec.SelectOperator: Closing Operator: SEL[5]
2024-04-24T00:54:54,354  INFO [pool-197-thread-1] exec.SelectOperator: RECORDS_OUT_INTERMEDIATE:0, RECORDS_OUT_OPERATOR_SEL_5:2, 
2024-04-24T00:54:54,354  INFO [pool-197-thread-1] exec.FileSinkOperator: Closing Operator: FS[6]
2024-04-24T00:54:54,354  INFO [pool-197-thread-1] exec.FileSinkOperator: FS[6]: records written - 2
2024-04-24T00:54:54,355  INFO [pool-197-thread-1] FileOperations: Writing manifest to file:/home/alex/Repositories/hive/ql/target/tmp/org.apache.hadoop.hive.ql.TestTxnNoBuckets-1713945183193/warehouse/acidtbl/_tmp.delta_0000001_0000001_0000/000000_0.manifest with [file:/home/alex/Repositories/hive/ql/target/tmp/org.apache.hadoop.hive.ql.TestTxnNoBuckets-1713945183193/warehouse/acidtbl/delta_0000001_0000001_0000/bucket_00000_0]
2024-04-24T00:54:54,368  INFO [pool-197-thread-1] exec.FileSinkOperator: RECORDS_OUT_OPERATOR_FS_6:2, TOTAL_TABLE_ROWS_WRITTEN:2, RECORDS_OUT_INTERMEDIATE:0, RECORDS_OUT_1_default.acidtbl:2, 
2024-04-24T00:54:54,368  INFO [pool-197-thread-1] mapred.Task: Task:attempt_local947211803_0045_r_000000_0 is done. And is in the process of committing
2024-04-24T00:54:54,369  INFO [pool-197-thread-1] mapred.LocalJobRunner: reduce > reduce
2024-04-24T00:54:54,369  INFO [pool-197-thread-1] mapred.Task: Task 'attempt_local947211803_0045_r_000000_0' done.
2024-04-24T00:54:54,369  INFO [pool-197-thread-1] mapred.Task: Final Counters for attempt_local947211803_0045_r_000000_0: Counters: 30
	File System Counters
		FILE: Number of bytes read=1073066
		FILE: Number of bytes written=54110642
		FILE: Number of read operations=0
		FILE: Number of large read operations=0
		FILE: Number of write operations=0
	Map-Reduce Framework
		Combine input records=0
		Combine output records=0
		Reduce input groups=2
		Reduce shuffle bytes=42
		Reduce input records=2
		Reduce output records=0
		Spilled Records=2
		Shuffled Maps =1
		Failed Shuffles=0
		Merged Map outputs=1
		GC time elapsed (ms)=0
		Total committed heap usage (bytes)=1388314624
	HIVE
		CREATED_FILES=1
		RECORDS_OUT_1_default.acidtbl=2
		RECORDS_OUT_INTERMEDIATE=0
		RECORDS_OUT_OPERATOR_FS_6=2
		RECORDS_OUT_OPERATOR_SEL_5=2
		TOTAL_TABLE_ROWS_WRITTEN=2
	Shuffle Errors
		BAD_ID=0
		CONNECTION=0
		IO_ERROR=0
		WRONG_LENGTH=0
		WRONG_MAP=0
		WRONG_REDUCE=0
	File Output Format Counters 
		Bytes Written=0
2024-04-24T00:54:54,369  INFO [pool-197-thread-1] mapred.LocalJobRunner: Finishing task: attempt_local947211803_0045_r_000000_0
2024-04-24T00:54:54,369  INFO [pool-197-thread-1] mapred.LocalJobRunner: Starting task: attempt_local947211803_0045_r_000001_0
2024-04-24T00:54:54,370  INFO [pool-197-thread-1] mapred.Task:  Using ResourceCalculatorProcessTree : [ ]
2024-04-24T00:54:54,370  INFO [pool-197-thread-1] mapred.ReduceTask: Using ShuffleConsumerPlugin: org.apache.hadoop.mapreduce.task.reduce.Shuffle@7bf87554
2024-04-24T00:54:54,370  WARN [pool-197-thread-1] impl.MetricsSystemImpl: JobTracker metrics system already initialized!
2024-04-24T00:54:54,371  INFO [pool-197-thread-1] reduce.MergeManagerImpl: MergerManager: memoryLimit=1336252800, maxSingleShuffleLimit=334063200, mergeThreshold=881926912, ioSortFactor=10, memToMemMergeOutputsThreshold=10
2024-04-24T00:54:54,372  INFO [EventFetcher for fetching Map Completion Events] reduce.EventFetcher: attempt_local947211803_0045_r_000001_0 Thread started: EventFetcher for fetching Map Completion Events
2024-04-24T00:54:54,375  INFO [localfetcher#28] reduce.LocalFetcher: localfetcher#28 about to shuffle output of map attempt_local947211803_0045_m_000000_0 decomp: 56 len: 60 to MEMORY
2024-04-24T00:54:54,376  INFO [localfetcher#28] reduce.InMemoryMapOutput: Read 56 bytes from map-output for attempt_local947211803_0045_m_000000_0
2024-04-24T00:54:54,376  INFO [localfetcher#28] reduce.MergeManagerImpl: closeInMemoryFile -> map-output of size: 56, inMemoryMapOutputs.size() -> 1, commitMemory -> 0, usedMemory ->56
2024-04-24T00:54:54,376  INFO [EventFetcher for fetching Map Completion Events] reduce.EventFetcher: EventFetcher is interrupted.. Returning
2024-04-24T00:54:54,377  INFO [pool-197-thread-1] mapred.LocalJobRunner: 1 / 1 copied.
2024-04-24T00:54:54,377  INFO [pool-197-thread-1] reduce.MergeManagerImpl: finalMerge called with 1 in-memory map-outputs and 0 on-disk map-outputs
2024-04-24T00:54:54,383  INFO [pool-197-thread-1] mapred.Merger: Merging 1 sorted segments
2024-04-24T00:54:54,383  INFO [pool-197-thread-1] mapred.Merger: Down to the last merge-pass, with 1 segments left of total size: 44 bytes
2024-04-24T00:54:54,386  INFO [pool-197-thread-1] reduce.MergeManagerImpl: Merged 1 segments, 56 bytes to disk to satisfy reduce memory limit
2024-04-24T00:54:54,386  INFO [pool-197-thread-1] reduce.MergeManagerImpl: Merging 1 files, 60 bytes from disk
2024-04-24T00:54:54,386  INFO [pool-197-thread-1] reduce.MergeManagerImpl: Merging 0 segments, 0 bytes from memory into reduce
2024-04-24T00:54:54,386  INFO [pool-197-thread-1] mapred.Merger: Merging 1 sorted segments
2024-04-24T00:54:54,386  INFO [pool-197-thread-1] mapred.Merger: Down to the last merge-pass, with 1 segments left of total size: 44 bytes
2024-04-24T00:54:54,386  INFO [pool-197-thread-1] mapred.LocalJobRunner: 1 / 1 copied.
2024-04-24T00:54:54,387  INFO [pool-197-thread-1] exec.SerializationUtilities: Deserializing ReduceWork using kryo
2024-04-24T00:54:54,387  INFO [pool-197-thread-1] exec.Utilities: Deserialized plan (via FILE) - name: null size: 5,99KB
2024-04-24T00:54:54,388  INFO [pool-197-thread-1] ExecReducer: 
<SEL>Id =5
  <Children>
    <FS>Id =6
      <Children>
      <\Children>
      <Parent>Id = 5 null<\Parent>
    <\FS>
  <\Children>
  <Parent><\Parent>
<\SEL>
2024-04-24T00:54:54,388  INFO [pool-197-thread-1] exec.SelectOperator: Initializing Operator: SEL[5]
2024-04-24T00:54:54,388  INFO [pool-197-thread-1] exec.SelectOperator: SELECT struct<key:struct<reducesinkkey0:int>,value:struct<_col0:int>>
2024-04-24T00:54:54,388  INFO [pool-197-thread-1] exec.FileSinkOperator: Initializing Operator: FS[6]
2024-04-24T00:54:54,389  INFO [pool-197-thread-1] exec.FileSinkOperator: Using serializer : AbstractSerDe [log=org.apache.logging.slf4j.Log4jLogger@22a08b61, configuration=Optional[Configuration: core-default.xml, core-site.xml, mapred-default.xml, mapred-site.xml, yarn-default.xml, yarn-site.xml, hdfs-default.xml, hdfs-site.xml, file:/home/alex/Repositories/hive/ql/target/tmp/TestTxnNoBucketsVectorized/mapred/local/localRunner/alex/job_local947211803_0045/job_local947211803_0045.xml], properties={transactional_properties=default, name=default.acidtbl, transactional=true, columns.types=int:int, bucket_field_name=a, columns=a,b, numFilesErasureCoded=0, columns.comments=&amp#0;, bucketing_version=2, bucket_count=2, serialization.lib=org.apache.hadoop.hive.ql.io.orc.OrcSerde, file.inputformat=org.apache.hadoop.hive.ql.io.orc.OrcInputFormat, file.outputformat=org.apache.hadoop.hive.ql.io.orc.OrcOutputFormat, location=file:/home/alex/Repositories/hive/ql/target/tmp/org.apache.hadoop.hive.ql.TestTxnNoBuckets-1713945183193/warehouse/acidtbl, column.name.delimiter=,}, tableProperties={transactional_properties=default, name=default.acidtbl, transactional=true, columns.types=int:int, bucket_field_name=a, columns=a,b, numFilesErasureCoded=0, columns.comments=&amp#0;, bucketing_version=2, bucket_count=2, serialization.lib=org.apache.hadoop.hive.ql.io.orc.OrcSerde, file.inputformat=org.apache.hadoop.hive.ql.io.orc.OrcInputFormat, location=file:/home/alex/Repositories/hive/ql/target/tmp/org.apache.hadoop.hive.ql.TestTxnNoBuckets-1713945183193/warehouse/acidtbl, file.outputformat=org.apache.hadoop.hive.ql.io.orc.OrcOutputFormat, column.name.delimiter=,}, partitionProperties=Optional.empty, columnNames=[a, b], columnTypes=[int, int], getClass()=class org.apache.hadoop.hive.ql.io.orc.OrcSerde] and formatter : org.apache.hadoop.hive.ql.io.orc.OrcOutputFormat@611d9eca
2024-04-24T00:54:54,389  INFO [pool-197-thread-1] exec.FileSinkOperator: Final Path: FS file:/home/alex/Repositories/hive/ql/target/tmp/org.apache.hadoop.hive.ql.TestTxnNoBuckets-1713945183193/warehouse/acidtbl
2024-04-24T00:54:54,389  INFO [pool-197-thread-1] exec.FileSinkOperator: New Final Path: FS file:/home/alex/Repositories/hive/ql/target/tmp/org.apache.hadoop.hive.ql.TestTxnNoBuckets-1713945183193/warehouse/acidtbl
2024-04-24T00:54:54,389  INFO [pool-197-thread-1] common.FileUtils: Creating directory if it doesn't exist: file:/home/alex/Repositories/hive/ql/target/tmp/org.apache.hadoop.hive.ql.TestTxnNoBuckets-1713945183193/warehouse
2024-04-24T00:54:54,390  INFO [pool-197-thread-1] exec.FileSinkOperator: FS[6]: records written - 1
2024-04-24T00:54:54,390  INFO [pool-197-thread-1] impl.PhysicalFsWriter: ORC writer created for path: file:/home/alex/Repositories/hive/ql/target/tmp/org.apache.hadoop.hive.ql.TestTxnNoBuckets-1713945183193/warehouse/acidtbl/delta_0000001_0000001_0000/bucket_00001_0 with stripeSize: 8388608 blockSize: 268435456 compression: Compress: ZLIB buffer: 32768
2024-04-24T00:54:54,395  INFO [pool-197-thread-1] impl.WriterImpl: ORC writer created for path: file:/home/alex/Repositories/hive/ql/target/tmp/org.apache.hadoop.hive.ql.TestTxnNoBuckets-1713945183193/warehouse/acidtbl/delta_0000001_0000001_0000/bucket_00001_0 with stripeSize: 8388608 options: Compress: ZLIB buffer: 32768
2024-04-24T00:54:54,395  INFO [pool-197-thread-1] exec.SelectOperator: Closing Operator: SEL[5]
2024-04-24T00:54:54,395  INFO [pool-197-thread-1] exec.SelectOperator: RECORDS_OUT_OPERATOR_SEL_5:3, RECORDS_OUT_INTERMEDIATE:0, 
2024-04-24T00:54:54,395  INFO [pool-197-thread-1] exec.FileSinkOperator: Closing Operator: FS[6]
2024-04-24T00:54:54,395  INFO [pool-197-thread-1] exec.FileSinkOperator: FS[6]: records written - 3
2024-04-24T00:54:54,397  INFO [pool-197-thread-1] FileOperations: Writing manifest to file:/home/alex/Repositories/hive/ql/target/tmp/org.apache.hadoop.hive.ql.TestTxnNoBuckets-1713945183193/warehouse/acidtbl/_tmp.delta_0000001_0000001_0000/000001_0.manifest with [file:/home/alex/Repositories/hive/ql/target/tmp/org.apache.hadoop.hive.ql.TestTxnNoBuckets-1713945183193/warehouse/acidtbl/delta_0000001_0000001_0000/bucket_00001_0]
2024-04-24T00:54:54,407  INFO [pool-197-thread-1] exec.FileSinkOperator: RECORDS_OUT_1_default.acidtbl:3, RECORDS_OUT_INTERMEDIATE:0, TOTAL_TABLE_ROWS_WRITTEN:3, RECORDS_OUT_OPERATOR_FS_6:3, 
2024-04-24T00:54:54,408  INFO [pool-197-thread-1] mapred.Task: Task:attempt_local947211803_0045_r_000001_0 is done. And is in the process of committing
2024-04-24T00:54:54,408  INFO [pool-197-thread-1] mapred.LocalJobRunner: reduce > reduce
2024-04-24T00:54:54,408  INFO [pool-197-thread-1] mapred.Task: Task 'attempt_local947211803_0045_r_000001_0' done.
2024-04-24T00:54:54,408  INFO [pool-197-thread-1] mapred.Task: Final Counters for attempt_local947211803_0045_r_000001_0: Counters: 30
	File System Counters
		FILE: Number of bytes read=1079289
		FILE: Number of bytes written=54111738
		FILE: Number of read operations=0
		FILE: Number of large read operations=0
		FILE: Number of write operations=0
	Map-Reduce Framework
		Combine input records=0
		Combine output records=0
		Reduce input groups=3
		Reduce shuffle bytes=60
		Reduce input records=3
		Reduce output records=0
		Spilled Records=3
		Shuffled Maps =1
		Failed Shuffles=0
		Merged Map outputs=1
		GC time elapsed (ms)=0
		Total committed heap usage (bytes)=1388314624
	HIVE
		CREATED_FILES=1
		RECORDS_OUT_1_default.acidtbl=3
		RECORDS_OUT_INTERMEDIATE=0
		RECORDS_OUT_OPERATOR_FS_6=3
		RECORDS_OUT_OPERATOR_SEL_5=3
		TOTAL_TABLE_ROWS_WRITTEN=3
	Shuffle Errors
		BAD_ID=0
		CONNECTION=0
		IO_ERROR=0
		WRONG_LENGTH=0
		WRONG_MAP=0
		WRONG_REDUCE=0
	File Output Format Counters 
		Bytes Written=0
2024-04-24T00:54:54,408  INFO [pool-197-thread-1] mapred.LocalJobRunner: Finishing task: attempt_local947211803_0045_r_000001_0
2024-04-24T00:54:54,408  INFO [Thread-2958] mapred.LocalJobRunner: reduce task executor complete.
2024-04-24 00:54:55,283 Stage-1 map = 100%,  reduce = 100%
2024-04-24T00:54:55,284  INFO [main] exec.Task: 2024-04-24 00:54:55,283 Stage-1 map = 100%,  reduce = 100%
Ended Job = job_local947211803_0045
2024-04-24T00:54:55,286  INFO [main] exec.Task: Ended Job = job_local947211803_0045
2024-04-24T00:54:55,289  INFO [main] FileOperations: Found manifest file file:/home/alex/Repositories/hive/ql/target/tmp/org.apache.hadoop.hive.ql.TestTxnNoBuckets-1713945183193/warehouse/acidtbl/_tmp.delta_0000001_0000001_0000/000000_0.manifest with attemptId 0.
2024-04-24T00:54:55,289  INFO [main] FileOperations: Found manifest file file:/home/alex/Repositories/hive/ql/target/tmp/org.apache.hadoop.hive.ql.TestTxnNoBuckets-1713945183193/warehouse/acidtbl/_tmp.delta_0000001_0000001_0000/000001_0.manifest with attemptId 0.
2024-04-24T00:54:55,289  INFO [main] FileOperations: Looking at manifest file: file:/home/alex/Repositories/hive/ql/target/tmp/org.apache.hadoop.hive.ql.TestTxnNoBuckets-1713945183193/warehouse/acidtbl/_tmp.delta_0000001_0000001_0000/000001_0.manifest
2024-04-24T00:54:55,290  INFO [main] FileOperations: Looking at manifest file: file:/home/alex/Repositories/hive/ql/target/tmp/org.apache.hadoop.hive.ql.TestTxnNoBuckets-1713945183193/warehouse/acidtbl/_tmp.delta_0000001_0000001_0000/000000_0.manifest
2024-04-24T00:54:55,290  INFO [main] FileOperations: Deleting manifest directory file:/home/alex/Repositories/hive/ql/target/tmp/org.apache.hadoop.hive.ql.TestTxnNoBuckets-1713945183193/warehouse/acidtbl/_tmp.delta_0000001_0000001_0000
2024-04-24T00:54:55,294  INFO [main] ql.Driver: Starting task [Stage-0:MOVE] in serial mode
Loading data to table default.acidtbl
2024-04-24T00:54:55,294  INFO [main] exec.Task: Loading data to table default.acidtbl from file:/home/alex/Repositories/hive/ql/target/tmp/org.apache.hadoop.hive.ql.TestTxnNoBuckets-1713945183193/warehouse/acidtbl
2024-04-24T00:54:55,295  INFO [main] HiveMetaStore.audit: ugi=alex	ip=unknown-ip-addr	cmd=get_table : tbl=hive.default.acidtbl	
2024-04-24T00:54:55,320  INFO [main] metastore.HMSHandler: Skipping translation for processor with null
2024-04-24T00:54:55,320  INFO [main] HiveMetaStore.audit: ugi=alex	ip=unknown-ip-addr	cmd=get_table : tbl=hive.default.acidtbl	
2024-04-24T00:54:55,332  INFO [main] metastore.HMSHandler: Skipping translation for processor with null
2024-04-24T00:54:55,332  INFO [main] HiveMetaStore.audit: ugi=alex	ip=unknown-ip-addr	cmd=alter_table: hive.default.acidtbl newtbl=acidtbl	
2024-04-24T00:54:55,370  INFO [main] ql.Driver: Starting task [Stage-2:STATS] in serial mode
2024-04-24T00:54:55,370  INFO [main] HiveMetaStore.audit: ugi=alex	ip=unknown-ip-addr	cmd=get_table : tbl=hive.default.acidtbl	
2024-04-24T00:54:55,377  INFO [main] metastore.HMSHandler: Skipping translation for processor with null
2024-04-24T00:54:55,377  INFO [main] stats.BasicStatsTask: Executing stats task
2024-04-24T00:54:55,377  INFO [main] fs.FSStatsPublisher: created : file:/home/alex/Repositories/hive/ql/target/tmp/localscratchdir/d722f3ca-04ab-4562-aceb-d9034f7af316/hive_2024-04-24_00-54-53_771_1578998043990691691-1/-mr-10000
2024-04-24T00:54:55,379  INFO [main] HiveMetaStore.audit: ugi=alex	ip=unknown-ip-addr	cmd=get_table : tbl=hive.default.acidtbl	
2024-04-24T00:54:55,390  INFO [main] metastore.HMSHandler: Skipping translation for processor with null
2024-04-24T00:54:55,402  WARN [main] FileOperations: Computing stats for an ACID table; stats may be inaccurate
2024-04-24T00:54:55,402  INFO [main] FileOperations: Read stats for default.acidtbl/, numRows, true, 5, false: 
2024-04-24T00:54:55,402  INFO [main] FileOperations: Read stats for default.acidtbl/, rawDataSize, true, 0, false: 
2024-04-24T00:54:55,402  INFO [main] HiveMetaStore.audit: ugi=alex	ip=unknown-ip-addr	cmd=alter_table: hive.default.acidtbl newtbl=acidtbl	
2024-04-24T00:54:55,424  INFO [main] FileOperations: Read stats for default.acidtbl/, insertCount, true, 5, false: 
2024-04-24T00:54:55,424  INFO [main] FileOperations: Read stats for default.acidtbl/, updateCount, true, 0, false: 
2024-04-24T00:54:55,424  INFO [main] FileOperations: Read stats for default.acidtbl/, deleteCount, true, 0, false: 
2024-04-24T00:54:55,427  INFO [main] stats.BasicStatsTask: Table default.acidtbl stats: [numFiles=2, numRows=5, totalSize=1392, rawDataSize=0, numFilesErasureCoded=0]
2024-04-24T00:54:55,427  INFO [main] metadata.Hive: Dumping metastore api call timing information for : execution phase
2024-04-24T00:54:55,427  INFO [main] metadata.Hive: Total time spent in each metastore function (ms): {updateTransactionalStatistics_(UpdateTransactionalStatsRequest)=3, alter_table_(String, String, String, Table, EnvironmentContext, String)=59, isCompatibleWith_(Configuration)=0, getTable_(GetTableRequest)=55}
MapReduce Jobs Launched: 
2024-04-24T00:54:55,428  INFO [main] ql.Driver: MapReduce Jobs Launched: 
Stage-Stage-1:  HDFS Read: 0 HDFS Write: 0 SUCCESS
2024-04-24T00:54:55,428  INFO [main] ql.Driver: Stage-Stage-1:  HDFS Read: 0 HDFS Write: 0 SUCCESS
Total MapReduce CPU Time Spent: 0 msec
2024-04-24T00:54:55,428  INFO [main] ql.Driver: Total MapReduce CPU Time Spent: 0 msec
2024-04-24T00:54:55,428  INFO [main] ql.Driver: Completed executing command(queryId=alex_20240424005453_a4844c6b-901a-4b7d-8ebf-c288eb290ab4); Time taken: 1.451 seconds
2024-04-24T00:54:55,428  INFO [main] lockmgr.DbTxnManager: Stopped heartbeat for query: alex_20240424005453_a4844c6b-901a-4b7d-8ebf-c288eb290ab4
2024-04-24T00:54:55,436  INFO [main] txn.TxnHandler: Removed transactions: ([13]) from MIN_HISTORY_LEVEL
2024-04-24T00:54:55,437  WARN [main] txn.CompactionTxnHandler: No compaction queue record found for Compaction type transaction commit. txnId:13
2024-04-24T00:54:55,437  INFO [main] ql.TxnCommandsBaseForTests: Running the query: drop table if exists T
2024-04-24T00:54:55,437  INFO [main] ql.Context: Deleting scratch dir: file:/home/alex/Repositories/hive/ql/target/tmp/localscratchdir/d722f3ca-04ab-4562-aceb-d9034f7af316/hive_2024-04-24_00-54-53_771_1578998043990691691-1
2024-04-24T00:54:55,438  INFO [main] cleanup.SyncCleanupService: Deleted directory: file:/home/alex/Repositories/hive/ql/target/tmp/localscratchdir/d722f3ca-04ab-4562-aceb-d9034f7af316/hive_2024-04-24_00-54-53_771_1578998043990691691-1 on fs with scheme file
2024-04-24T00:54:55,438  INFO [main] ql.Driver: Compiling command(queryId=alex_20240424005453_a4844c6b-901a-4b7d-8ebf-c288eb290ab4): drop table if exists T
2024-04-24T00:54:55,441  INFO [main] txn.TxnHandler: Added entries to MIN_HISTORY_LEVEL for current txns: ([14]) with min_open_txn: 14
2024-04-24T00:54:55,441  INFO [main] lockmgr.DbTxnManager: Opened txnid:14
2024-04-24T00:54:55,442  INFO [main] HiveMetaStore.audit: ugi=alex	ip=unknown-ip-addr	cmd=get_table : tbl=hive.default.T	
2024-04-24T00:54:55,448  INFO [main] metastore.HMSHandler: Skipping translation for processor with null
2024-04-24T00:54:55,448  INFO [main] ql.Driver: Semantic Analysis Completed (retrial = false)
2024-04-24T00:54:55,448  INFO [main] ql.Driver: Created Hive schema: Schema(fieldSchemas:null, properties:null)
2024-04-24T00:54:55,448  INFO [main] metadata.Hive: Dumping metastore api call timing information for : compilation phase
2024-04-24T00:54:55,449  INFO [main] metadata.Hive: Total time spent in each metastore function (ms): {getTable_(GetTableRequest)=6, isCompatibleWith_(Configuration)=0, flushCache_()=0, openTxn_(String, TxnType)=2, commitTxn_(CommitTxnRequest)=9, getValidTxns_(long)=1}
2024-04-24T00:54:55,449  INFO [main] ql.Driver: Completed compiling command(queryId=alex_20240424005453_a4844c6b-901a-4b7d-8ebf-c288eb290ab4); Time taken: 0.01 seconds
2024-04-24T00:54:55,449  INFO [main] lockmgr.DbTxnManager: Setting lock request transaction to txnid:14 for queryId=alex_20240424005453_a4844c6b-901a-4b7d-8ebf-c288eb290ab4
2024-04-24T00:54:55,450  INFO [main] lockmgr.DbLockManager: Requesting lock for queryId=alex_20240424005453_a4844c6b-901a-4b7d-8ebf-c288eb290ab4
2024-04-24T00:54:55,463  INFO [main] lockmgr.DbLockManager: Response to queryId=alex_20240424005453_a4844c6b-901a-4b7d-8ebf-c288eb290ab4 LockResponse(lockid:8, state:ACQUIRED)
2024-04-24T00:54:55,463  INFO [main] ql.Driver: Operation DROPTABLE obtained 1 locks
2024-04-24T00:54:55,463  INFO [main] ql.Driver: Executing command(queryId=alex_20240424005453_a4844c6b-901a-4b7d-8ebf-c288eb290ab4): drop table if exists T
2024-04-24T00:54:55,463  INFO [main] ql.Driver: Starting task [Stage-0:DDL] in serial mode
2024-04-24T00:54:55,464  INFO [main] HiveMetaStore.audit: ugi=alex	ip=unknown-ip-addr	cmd=get_table : tbl=hive.default.T	
2024-04-24T00:54:55,470  INFO [main] metastore.HMSHandler: Skipping translation for processor with null
2024-04-24T00:54:55,471  INFO [main] HiveMetaStore.audit: ugi=alex	ip=unknown-ip-addr	cmd=get_table : tbl=hive.default.T	
2024-04-24T00:54:55,478  INFO [main] metastore.HMSHandler: Skipping translation for processor with null
2024-04-24T00:54:55,478  INFO [main] HiveMetaStore.audit: ugi=alex	ip=unknown-ip-addr	cmd=drop_table : tbl=hive.default.T	
2024-04-24T00:54:55,602  WARN [main] utils.FileUtils: File file:/home/alex/Repositories/hive/ql/target/tmp/org.apache.hadoop.hive.ql.TestTxnNoBuckets-1713945183193/warehouse/t does not exist; Force to delete it.
2024-04-24T00:54:55,602 ERROR [main] utils.FileUtils: Failed to delete file:/home/alex/Repositories/hive/ql/target/tmp/org.apache.hadoop.hive.ql.TestTxnNoBuckets-1713945183193/warehouse/t
2024-04-24T00:54:55,602  INFO [main] metadata.Hive: Dumping metastore api call timing information for : execution phase
2024-04-24T00:54:55,602  INFO [main] metadata.Hive: Total time spent in each metastore function (ms): {isCompatibleWith_(Configuration)=0, dropTable_(String, String, boolean, boolean, boolean)=131, getTable_(GetTableRequest)=8}
2024-04-24T00:54:55,602  INFO [main] ql.Driver: Completed executing command(queryId=alex_20240424005453_a4844c6b-901a-4b7d-8ebf-c288eb290ab4); Time taken: 0.139 seconds
2024-04-24T00:54:55,602  INFO [main] lockmgr.DbTxnManager: Stopped heartbeat for query: alex_20240424005453_a4844c6b-901a-4b7d-8ebf-c288eb290ab4
2024-04-24T00:54:55,606  INFO [main] txn.TxnHandler: Expected to move at least one record from txn_components to completed_txn_components when committing txn! txnid:14
2024-04-24T00:54:55,612  INFO [main] txn.TxnHandler: Removed transactions: ([14]) from MIN_HISTORY_LEVEL
2024-04-24T00:54:55,613  WARN [main] txn.CompactionTxnHandler: No compaction queue record found for Compaction type transaction commit. txnId:14
2024-04-24T00:54:55,613  INFO [main] ql.TxnCommandsBaseForTests: Running the query: create table T (a int, b int) stored as ORC  TBLPROPERTIES ('transactional'='false')
2024-04-24T00:54:55,613  INFO [main] ql.Driver: Compiling command(queryId=alex_20240424005453_a4844c6b-901a-4b7d-8ebf-c288eb290ab4): create table T (a int, b int) stored as ORC  TBLPROPERTIES ('transactional'='false')
2024-04-24T00:54:55,621  INFO [main] txn.TxnHandler: Added entries to MIN_HISTORY_LEVEL for current txns: ([15]) with min_open_txn: 14
2024-04-24T00:54:55,621  INFO [main] lockmgr.DbTxnManager: Opened txnid:15
2024-04-24T00:54:55,623  INFO [main] parse.CalcitePlanner: Starting caching scope for: alex_20240424005453_a4844c6b-901a-4b7d-8ebf-c288eb290ab4
2024-04-24T00:54:55,623  INFO [main] parse.CalcitePlanner: Starting Semantic Analysis
2024-04-24T00:54:55,628  INFO [main] parse.CalcitePlanner: Creating table default.T position=13
2024-04-24T00:54:55,628  INFO [main] HiveMetaStore.audit: ugi=alex	ip=unknown-ip-addr	cmd=get_database: default	
2024-04-24T00:54:55,630  INFO [main] parse.CalcitePlanner: Ending caching scope for: alex_20240424005453_a4844c6b-901a-4b7d-8ebf-c288eb290ab4
2024-04-24T00:54:55,630  INFO [main] ql.Driver: Semantic Analysis Completed (retrial = false)
2024-04-24T00:54:55,630  INFO [main] ql.Driver: Created Hive schema: Schema(fieldSchemas:null, properties:null)
2024-04-24T00:54:55,630  INFO [main] metadata.Hive: Dumping metastore api call timing information for : compilation phase
2024-04-24T00:54:55,630  INFO [main] metadata.Hive: Total time spent in each metastore function (ms): {getValidTxns_(long)=2, isCompatibleWith_(Configuration)=0, getValidWriteIds_(List, String)=5, commitTxn_(CommitTxnRequest)=11, flushCache_()=0, getDatabase_(String)=2, openTxn_(String, TxnType)=7}
2024-04-24T00:54:55,631  INFO [main] ql.Driver: Completed compiling command(queryId=alex_20240424005453_a4844c6b-901a-4b7d-8ebf-c288eb290ab4); Time taken: 0.017 seconds
2024-04-24T00:54:55,631  INFO [main] lockmgr.DbTxnManager: Setting lock request transaction to txnid:15 for queryId=alex_20240424005453_a4844c6b-901a-4b7d-8ebf-c288eb290ab4
2024-04-24T00:54:55,631  INFO [main] lockmgr.DbLockManager: Requesting lock for queryId=alex_20240424005453_a4844c6b-901a-4b7d-8ebf-c288eb290ab4
2024-04-24T00:54:55,659  INFO [main] lockmgr.DbLockManager: Response to queryId=alex_20240424005453_a4844c6b-901a-4b7d-8ebf-c288eb290ab4 LockResponse(lockid:9, state:ACQUIRED)
2024-04-24T00:54:55,659  INFO [main] ql.Driver: Operation CREATETABLE obtained 1 locks
2024-04-24T00:54:55,659  INFO [main] ql.Driver: Executing command(queryId=alex_20240424005453_a4844c6b-901a-4b7d-8ebf-c288eb290ab4): create table T (a int, b int) stored as ORC  TBLPROPERTIES ('transactional'='false')
2024-04-24T00:54:55,659  INFO [main] ql.Driver: Starting task [Stage-0:DDL] in serial mode
2024-04-24T00:54:55,661  INFO [main] HiveMetaStore.audit: ugi=alex	ip=unknown-ip-addr	cmd=create_table_req: Table(tableName:T, dbName:default, owner:alex, createTime:1713945295, lastAccessTime:0, retention:0, sd:StorageDescriptor(cols:[FieldSchema(name:a, type:int, comment:null), FieldSchema(name:b, type:int, comment:null)], location:null, inputFormat:org.apache.hadoop.hive.ql.io.orc.OrcInputFormat, outputFormat:org.apache.hadoop.hive.ql.io.orc.OrcOutputFormat, compressed:false, numBuckets:-1, serdeInfo:SerDeInfo(name:null, serializationLib:org.apache.hadoop.hive.ql.io.orc.OrcSerde, parameters:{serialization.format=1}), bucketCols:[], sortCols:[], parameters:{}, skewedInfo:SkewedInfo(skewedColNames:[], skewedColValues:[], skewedColValueLocationMaps:{}), storedAsSubDirectories:false), partitionKeys:[], parameters:{numFilesErasureCoded=0, transactional=false, numFiles=0, bucketing_version=2, rawDataSize=0, COLUMN_STATS_ACCURATE={"BASIC_STATS":"true","COLUMN_STATS":{"a":"true","b":"true"}}, totalSize=0, numRows=0}, viewOriginalText:null, viewExpandedText:null, tableType:MANAGED_TABLE, privileges:PrincipalPrivilegeSet(userPrivileges:{alex=[PrivilegeGrantInfo(privilege:INSERT, createTime:-1, grantor:alex, grantorType:USER, grantOption:true), PrivilegeGrantInfo(privilege:SELECT, createTime:-1, grantor:alex, grantorType:USER, grantOption:true), PrivilegeGrantInfo(privilege:UPDATE, createTime:-1, grantor:alex, grantorType:USER, grantOption:true), PrivilegeGrantInfo(privilege:DELETE, createTime:-1, grantor:alex, grantorType:USER, grantOption:true)]}, groupPrivileges:null, rolePrivileges:null), temporary:false, catName:hive, ownerType:USER)	
2024-04-24T00:54:55,670  INFO [main] utils.FileUtils: Creating directory if it doesn't exist: file:/home/alex/Repositories/hive/ql/target/tmp/org.apache.hadoop.hive.ql.TestTxnNoBuckets-1713945183193/warehouse/t
2024-04-24T00:54:55,705  INFO [main] metadata.Hive: Dumping metastore api call timing information for : execution phase
2024-04-24T00:54:55,705  INFO [main] metadata.Hive: Total time spent in each metastore function (ms): {createTable_(Table)=45, isCompatibleWith_(Configuration)=0}
2024-04-24T00:54:55,705  INFO [main] ql.Driver: Completed executing command(queryId=alex_20240424005453_a4844c6b-901a-4b7d-8ebf-c288eb290ab4); Time taken: 0.046 seconds
2024-04-24T00:54:55,705  INFO [main] lockmgr.DbTxnManager: Stopped heartbeat for query: alex_20240424005453_a4844c6b-901a-4b7d-8ebf-c288eb290ab4
2024-04-24T00:54:55,709  INFO [main] txn.TxnHandler: Expected to move at least one record from txn_components to completed_txn_components when committing txn! txnid:15
2024-04-24T00:54:55,716  INFO [main] txn.TxnHandler: Removed transactions: ([15]) from MIN_HISTORY_LEVEL
2024-04-24T00:54:55,716  WARN [main] txn.CompactionTxnHandler: No compaction queue record found for Compaction type transaction commit. txnId:15
2024-04-24T00:54:55,717  INFO [main] ql.TxnCommandsBaseForTests: Running the query: insert into T(a,b) select a, b from acidTbl where a between 1 and 3 group by a, b union all select a, b from acidTbl where a between 5 and 7 union all select a, b from acidTbl where a >= 9
2024-04-24T00:54:55,717  INFO [main] ql.Driver: Compiling command(queryId=alex_20240424005453_a4844c6b-901a-4b7d-8ebf-c288eb290ab4): insert into T(a,b) select a, b from acidTbl where a between 1 and 3 group by a, b union all select a, b from acidTbl where a between 5 and 7 union all select a, b from acidTbl where a >= 9
2024-04-24T00:54:55,721  INFO [main] txn.TxnHandler: Added entries to MIN_HISTORY_LEVEL for current txns: ([16]) with min_open_txn: 14
2024-04-24T00:54:55,722  INFO [main] lockmgr.DbTxnManager: Opened txnid:16
2024-04-24T00:54:55,722  INFO [main] parse.CalcitePlanner: Starting caching scope for: alex_20240424005453_a4844c6b-901a-4b7d-8ebf-c288eb290ab4
2024-04-24T00:54:55,723  INFO [main] parse.CalcitePlanner: Starting Semantic Analysis
2024-04-24T00:54:55,727  INFO [main] HiveMetaStore.audit: ugi=alex	ip=unknown-ip-addr	cmd=get_table : tbl=hive.default.T	
2024-04-24T00:54:55,768  INFO [main] metastore.HMSHandler: Skipping translation for processor with null
2024-04-24T00:54:55,768  INFO [main] parse.CalcitePlanner: Completed phase 1 of Semantic Analysis
2024-04-24T00:54:55,768  INFO [main] parse.CalcitePlanner: Get metadata for source tables
2024-04-24T00:54:55,768  INFO [main] parse.CalcitePlanner: Get metadata for subqueries
2024-04-24T00:54:55,768  INFO [main] parse.CalcitePlanner: Get metadata for source tables
2024-04-24T00:54:55,771  INFO [main] HiveMetaStore.audit: ugi=alex	ip=unknown-ip-addr	cmd=get_table : tbl=hive.default.acidtbl	
2024-04-24T00:54:55,778  INFO [main] metastore.HMSHandler: Skipping translation for processor with null
2024-04-24T00:54:55,778  INFO [main] parse.CalcitePlanner: Get metadata for subqueries
2024-04-24T00:54:55,778  INFO [main] parse.CalcitePlanner: Get metadata for destination tables
2024-04-24T00:54:55,778  INFO [main] parse.CalcitePlanner: Get metadata for source tables
2024-04-24T00:54:55,779  INFO [main] parse.CalcitePlanner: Get metadata for subqueries
2024-04-24T00:54:55,779  INFO [main] parse.CalcitePlanner: Get metadata for destination tables
2024-04-24T00:54:55,779  INFO [main] parse.CalcitePlanner: Get metadata for source tables
2024-04-24T00:54:55,779  INFO [main] parse.CalcitePlanner: Get metadata for subqueries
2024-04-24T00:54:55,779  INFO [main] parse.CalcitePlanner: Get metadata for destination tables
2024-04-24T00:54:55,779  INFO [main] parse.CalcitePlanner: Get metadata for destination tables
2024-04-24T00:54:55,779  INFO [main] HiveMetaStore.audit: ugi=alex	ip=unknown-ip-addr	cmd=get_table : tbl=hive.default.T	
2024-04-24T00:54:55,788  INFO [main] metastore.HMSHandler: Skipping translation for processor with null
2024-04-24T00:54:55,789  INFO [main] parse.CalcitePlanner: Completed getting MetaData in Semantic Analysis
2024-04-24T00:54:55,789  INFO [main] parse.CalcitePlanner: Disabling LLAP IO encode as ETL query is detected
2024-04-24T00:54:55,801  INFO [main] HiveMetaStore.audit: ugi=alex	ip=unknown-ip-addr	cmd=get_all_table_constraints : tbl=hive.default.acidtbl	
2024-04-24T00:54:55,830  INFO [main] HiveMetaStore.audit: ugi=alex	ip=unknown-ip-addr	cmd=get_all_table_constraints : tbl=hive.default.acidtbl	
2024-04-24T00:54:55,841  INFO [main] HiveMetaStore.audit: ugi=alex	ip=unknown-ip-addr	cmd=get_all_table_constraints : tbl=hive.default.acidtbl	
2024-04-24T00:54:55,876  INFO [main] calcite.RelOptHiveTable: Calculating column statistics for default.acidtbl, projIndxSet: [0, 1], allowMissingStats: true
2024-04-24T00:54:55,876  INFO [main] HiveMetaStore.audit: ugi=alex	ip=unknown-ip-addr	cmd=get_table_statistics_req: table=hive.default.acidtbl	
2024-04-24T00:54:55,888  WARN [main] calcite.RelOptHiveTable: No Stats for default@acidtbl, Columns: a, b
No Stats for default@acidtbl, Columns: a, b
2024-04-24T00:54:55,888  INFO [main] SessionState: No Stats for default@acidtbl, Columns: a, b
2024-04-24T00:54:55,969  INFO [main] parse.CalcitePlanner: Get metadata for source tables
2024-04-24T00:54:55,969  INFO [main] parse.CalcitePlanner: Get metadata for subqueries
2024-04-24T00:54:55,969  INFO [main] parse.CalcitePlanner: Get metadata for source tables
2024-04-24T00:54:55,969  INFO [main] parse.CalcitePlanner: Get metadata for subqueries
2024-04-24T00:54:55,969  INFO [main] parse.CalcitePlanner: Get metadata for destination tables
2024-04-24T00:54:55,969  INFO [main] parse.CalcitePlanner: Get metadata for source tables
2024-04-24T00:54:55,970  INFO [main] parse.CalcitePlanner: Get metadata for subqueries
2024-04-24T00:54:55,970  INFO [main] parse.CalcitePlanner: Get metadata for destination tables
2024-04-24T00:54:55,970  INFO [main] parse.CalcitePlanner: Get metadata for source tables
2024-04-24T00:54:55,970  INFO [main] parse.CalcitePlanner: Get metadata for subqueries
2024-04-24T00:54:55,970  INFO [main] parse.CalcitePlanner: Get metadata for destination tables
2024-04-24T00:54:55,970  INFO [main] parse.CalcitePlanner: Get metadata for destination tables
2024-04-24T00:54:55,975  INFO [main] common.FileUtils: Creating directory if it doesn't exist: file:/home/alex/Repositories/hive/ql/target/tmp/org.apache.hadoop.hive.ql.TestTxnNoBuckets-1713945183193/warehouse/t/.hive-staging_hive_2024-04-24_00-54-55_717_7689588719723166957-1
2024-04-24T00:54:55,977  INFO [main] HiveMetaStore.audit: ugi=alex	ip=unknown-ip-addr	cmd=get_not_null_constraints : tbl=hive.default.t	
2024-04-24T00:54:55,979  INFO [main] HiveMetaStore.audit: ugi=alex	ip=unknown-ip-addr	cmd=get_check_constraints : tbl=hive.default.t	
2024-04-24T00:54:55,983  INFO [main] parse.CalcitePlanner: CBO Succeeded; optimized logical plan.
2024-04-24T00:54:55,989  INFO [main] optimizer.ColumnPrunerProcFactory: RS 4 oldColExprMap: {KEY._col0=Column[_col0], KEY._col1=Column[_col1]}
2024-04-24T00:54:55,990  INFO [main] optimizer.ColumnPrunerProcFactory: RS 4 newColExprMap: {KEY._col0=Column[_col0], KEY._col1=Column[_col1]}
2024-04-24T00:54:55,992  INFO [main] optimizer.SortedDynPartitionOptimizer: Sorted dynamic partitioning optimization kicked in..
2024-04-24T00:54:56,008  INFO [main] HiveMetaStore.audit: ugi=alex	ip=unknown-ip-addr	cmd=get_table : tbl=hive.default.t	
2024-04-24T00:54:56,019  INFO [main] metastore.HMSHandler: Skipping translation for processor with null
2024-04-24T00:54:56,038  INFO [main] physical.Vectorizer: Examining input format to see if vectorization is enabled.
2024-04-24T00:54:56,038  INFO [main] physical.Vectorizer: Map vectorization enabled: false
2024-04-24T00:54:56,038  INFO [main] physical.Vectorizer: Map vectorized: false
2024-04-24T00:54:56,038  INFO [main] physical.Vectorizer: Map notVectorizedReason: Vectorized map work only works with 1 TableScanOperator
2024-04-24T00:54:56,038  INFO [main] physical.Vectorizer: Map vectorizedVertexNum: 0
2024-04-24T00:54:56,038  INFO [main] physical.Vectorizer: Map enabledConditionsNotMet: [Vectorized map work only works with 1 TableScanOperator IS false]
2024-04-24T00:54:56,038  INFO [main] physical.Vectorizer: Examining input format to see if vectorization is enabled.
2024-04-24T00:54:56,038  INFO [main] physical.Vectorizer: Vectorization is enabled for input format(s) [org.apache.hadoop.hive.ql.io.orc.OrcInputFormat]
2024-04-24T00:54:56,038  INFO [main] physical.Vectorizer: Validating and vectorizing MapWork... (vectorizedVertexNum 1)
2024-04-24T00:54:56,040  INFO [main] physical.Vectorizer: Vector GROUP BY operator will use processing mode HASH
2024-04-24T00:54:56,041  INFO [main] physical.Vectorizer: Map vectorization enabled: true
2024-04-24T00:54:56,041  INFO [main] physical.Vectorizer: Map vectorized: true
2024-04-24T00:54:56,041  INFO [main] physical.Vectorizer: Map vectorizedVertexNum: 1
2024-04-24T00:54:56,041  INFO [main] physical.Vectorizer: Map enabledConditionsMet: [hive.vectorized.use.vectorized.input.format IS true]
2024-04-24T00:54:56,041  INFO [main] physical.Vectorizer: Map inputFileFormatClassNameSet: [org.apache.hadoop.hive.ql.io.orc.OrcInputFormat]
2024-04-24T00:54:56,041  INFO [main] physical.Vectorizer: Reduce vectorization enabled: false
2024-04-24T00:54:56,041  INFO [main] physical.Vectorizer: Reduce vectorized: false
2024-04-24T00:54:56,041  INFO [main] physical.Vectorizer: Reduce vectorizedVertexNum: 2
2024-04-24T00:54:56,041  INFO [main] physical.Vectorizer: Reducer hive.vectorized.execution.reduce.enabled: true
2024-04-24T00:54:56,041  INFO [main] physical.Vectorizer: Reducer engine: mr
2024-04-24T00:54:56,041  INFO [main] parse.CalcitePlanner: Completed plan generation
2024-04-24T00:54:56,041  INFO [main] parse.CalcitePlanner: Ending caching scope for: alex_20240424005453_a4844c6b-901a-4b7d-8ebf-c288eb290ab4
2024-04-24T00:54:56,041  INFO [main] ql.Driver: Semantic Analysis Completed (retrial = false)
2024-04-24T00:54:56,041  INFO [main] ql.Driver: Created Hive schema: Schema(fieldSchemas:[FieldSchema(name:_col0, type:int, comment:null), FieldSchema(name:_col1, type:int, comment:null)], properties:null)
2024-04-24T00:54:56,041  INFO [main] metadata.Hive: Dumping metastore api call timing information for : compilation phase
2024-04-24T00:54:56,041  INFO [main] metadata.Hive: Total time spent in each metastore function (ms): {getAllTableConstraints_(AllTableConstraintsRequest)=41, commitTxn_(CommitTxnRequest)=11, getCheckConstraints_(CheckConstraintsRequest)=1, isCompatibleWith_(Configuration)=2, getTableColumnStatistics_(String, String, List, String)=11, getValidTxns_(long)=0, getTable_(GetTableRequest)=68, getNotNullConstraints_(NotNullConstraintsRequest)=1, getValidWriteIds_(List, String)=6, openTxn_(String, TxnType)=3, flushCache_()=0}
2024-04-24T00:54:56,041  INFO [main] ql.Driver: Completed compiling command(queryId=alex_20240424005453_a4844c6b-901a-4b7d-8ebf-c288eb290ab4); Time taken: 0.324 seconds
2024-04-24T00:54:56,042  INFO [main] lockmgr.DbTxnManager: Setting lock request transaction to txnid:16 for queryId=alex_20240424005453_a4844c6b-901a-4b7d-8ebf-c288eb290ab4
2024-04-24T00:54:56,042  INFO [main] lockmgr.DbLockManager: Requesting lock for queryId=alex_20240424005453_a4844c6b-901a-4b7d-8ebf-c288eb290ab4
2024-04-24T00:54:56,056  INFO [main] lockmgr.DbLockManager: Response to queryId=alex_20240424005453_a4844c6b-901a-4b7d-8ebf-c288eb290ab4 LockResponse(lockid:10, state:ACQUIRED)
2024-04-24T00:54:56,056  INFO [main] ql.Driver: Operation QUERY obtained 1 locks
2024-04-24T00:54:56,059  INFO [main] ql.Driver: Executing command(queryId=alex_20240424005453_a4844c6b-901a-4b7d-8ebf-c288eb290ab4): insert into T(a,b) select a, b from acidTbl where a between 1 and 3 group by a, b union all select a, b from acidTbl where a between 5 and 7 union all select a, b from acidTbl where a >= 9
2024-04-24T00:54:56,060  WARN [main] ql.Driver: Hive-on-MR is deprecated in Hive 2 and may not be available in the future versions. Consider using a different execution engine (i.e. tez, spark) or using Hive 1.X releases.
Query ID = alex_20240424005453_a4844c6b-901a-4b7d-8ebf-c288eb290ab4
2024-04-24T00:54:56,060  INFO [main] ql.Driver: Query ID = alex_20240424005453_a4844c6b-901a-4b7d-8ebf-c288eb290ab4
Total jobs = 2
2024-04-24T00:54:56,060  INFO [main] ql.Driver: Total jobs = 2
Launching Job 1 out of 2
2024-04-24T00:54:56,060  INFO [main] ql.Driver: Launching Job 1 out of 2
2024-04-24T00:54:56,215  INFO [main] ql.Driver: Starting task [Stage-1:MAPRED] in serial mode
2024-04-24T00:54:56,215  INFO [main] exec.Utilities: Not using thread pool for getContentSummary
2024-04-24T00:54:56,216  INFO [main] exec.Utilities: BytesPerReducer=256000000 maxReducers=1009 totalInputFileSize=1393
Number of reduce tasks not specified. Estimated from input data size: 1
2024-04-24T00:54:56,216  INFO [main] exec.Task: Number of reduce tasks not specified. Estimated from input data size: 1
In order to change the average load for a reducer (in bytes):
2024-04-24T00:54:56,217  INFO [main] exec.Task: In order to change the average load for a reducer (in bytes):
  set hive.exec.reducers.bytes.per.reducer=<number>
2024-04-24T00:54:56,217  INFO [main] exec.Task:   set hive.exec.reducers.bytes.per.reducer=<number>
In order to limit the maximum number of reducers:
2024-04-24T00:54:56,217  INFO [main] exec.Task: In order to limit the maximum number of reducers:
  set hive.exec.reducers.max=<number>
2024-04-24T00:54:56,217  INFO [main] exec.Task:   set hive.exec.reducers.max=<number>
In order to set a constant number of reducers:
2024-04-24T00:54:56,217  INFO [main] exec.Task: In order to set a constant number of reducers:
  set mapreduce.job.reduces=<number>
2024-04-24T00:54:56,217  INFO [main] exec.Task:   set mapreduce.job.reduces=<number>
2024-04-24T00:54:56,219  INFO [main] mr.ExecDriver: Using org.apache.hadoop.hive.ql.io.HiveInputFormat
2024-04-24T00:54:56,219  INFO [main] exec.Utilities: Processing alias $hdt$_1-subquery1-subquery1:acidtbl
2024-04-24T00:54:56,219  INFO [main] exec.Utilities: Adding 1 inputs; the first input is file:/home/alex/Repositories/hive/ql/target/tmp/org.apache.hadoop.hive.ql.TestTxnNoBuckets-1713945183193/warehouse/acidtbl
2024-04-24T00:54:56,229  INFO [main] exec.SerializationUtilities: Serializing MapWork using kryo
2024-04-24T00:54:56,230  INFO [main] exec.Utilities: Serialized plan (via FILE) - name: null size: 7,53KB
2024-04-24T00:54:56,235  INFO [main] exec.SerializationUtilities: Serializing ReduceWork using kryo
2024-04-24T00:54:56,238  INFO [main] exec.Utilities: Serialized plan (via FILE) - name: null size: 7,63KB
2024-04-24T00:54:56,239  WARN [main] impl.MetricsSystemImpl: JobTracker metrics system already initialized!
2024-04-24T00:54:56,245  WARN [main] impl.MetricsSystemImpl: JobTracker metrics system already initialized!
2024-04-24T00:54:56,252  WARN [main] mapreduce.JobResourceUploader: Hadoop command-line option parsing not performed. Implement the Tool interface and execute your application with ToolRunner to remedy this.
2024-04-24T00:54:56,257  WARN [main] mapreduce.JobResourceUploader: No job jar file set.  User classes may not be found. See Job or Job#setJar(String).
2024-04-24T00:54:56,258  INFO [main] io.HiveInputFormat: hive.io.file.readcolumn.ids = 0,1
2024-04-24T00:54:56,258  INFO [main] io.HiveInputFormat: hive.io.file.readcolumn.names = a,b
2024-04-24T00:54:56,258  INFO [main] io.HiveInputFormat: Generating splits for dirs: file:/home/alex/Repositories/hive/ql/target/tmp/org.apache.hadoop.hive.ql.TestTxnNoBuckets-1713945183193/warehouse/acidtbl
2024-04-24T00:54:56,259  INFO [main] orc.OrcInputFormat: getSplits started
2024-04-24T00:54:56,259  INFO [main] orc.OrcInputFormat: Context:: isAcid: true isVectorMode: true sarg: leaf-(BETWEEN a 1 3) minSplitSize: 1 maxSplitSize: 256000000 splitStrategy: HYBRID footerInSplits: false numBuckets: 2 numThreads: 10 cacheMemSize: 268435456 cacheStripeDetails: true useSoftReference: false writeIdList: default.acidtbl:1:9223372036854775807:: isTransactionalTable: true txnProperties: default 
2024-04-24T00:54:56,259  INFO [main] orc.OrcInputFormat: ORC pushdown predicate: leaf-(BETWEEN a 1 3)
2024-04-24T00:54:56,273  INFO [main] orc.OrcInputFormat: FooterCacheHitRatio: 0/2
2024-04-24T00:54:56,273  INFO [main] orc.OrcInputFormat: getSplits finished (#splits: 2). duration: 14 ms
2024-04-24T00:54:56,273  INFO [main] io.HiveInputFormat: number of splits 2
2024-04-24T00:54:56,291  INFO [main] mapreduce.JobSubmitter: number of splits:2
2024-04-24T00:54:56,311  INFO [main] mapreduce.JobSubmitter: Submitting tokens for job: job_local888334987_0046
2024-04-24T00:54:56,311  INFO [main] mapreduce.JobSubmitter: Executing with tokens: []
2024-04-24T00:54:56,378  INFO [main] mapreduce.Job: The url to track the job: http://localhost:8080/
Job running in-process (local Hadoop)
2024-04-24T00:54:56,378  INFO [main] exec.Task: Job running in-process (local Hadoop)
2024-04-24T00:54:56,378  INFO [Thread-3037] mapred.LocalJobRunner: OutputCommitter set in config org.apache.hadoop.hive.ql.io.HiveFileFormatUtils$NullOutputCommitter
2024-04-24T00:54:56,378  INFO [Thread-3037] mapred.LocalJobRunner: OutputCommitter is org.apache.hadoop.hive.ql.io.HiveFileFormatUtils$NullOutputCommitter
2024-04-24T00:54:56,380  INFO [Thread-3037] mapred.LocalJobRunner: Waiting for map tasks
2024-04-24T00:54:56,380  INFO [LocalJobRunner Map Task Executor #0] mapred.LocalJobRunner: Starting task: attempt_local888334987_0046_m_000000_0
2024-04-24T00:54:56,381  INFO [LocalJobRunner Map Task Executor #0] mapred.Task:  Using ResourceCalculatorProcessTree : [ ]
2024-04-24T00:54:56,381  INFO [LocalJobRunner Map Task Executor #0] mapred.MapTask: Processing split: org.apache.hadoop.hive.ql.io.orc.OrcInputFormat:OrcSplit [file:/home/alex/Repositories/hive/ql/target/tmp/org.apache.hadoop.hive.ql.TestTxnNoBuckets-1713945183193/warehouse/acidtbl/delta_0000001_0000001_0000/bucket_00001_0, start=0, length=704, isOriginal=false, fileLength=704, hasFooter=false, hasBase=true, deltas=0]
2024-04-24T00:54:56,382  INFO [LocalJobRunner Map Task Executor #0] exec.SerializationUtilities: Deserializing MapWork using kryo
2024-04-24T00:54:56,383  INFO [LocalJobRunner Map Task Executor #0] exec.Utilities: Deserialized plan (via FILE) - name: null size: 7,53KB
2024-04-24T00:54:56,384  INFO [LocalJobRunner Map Task Executor #0] orc.OrcInputFormat: ORC pushdown predicate: leaf-(BETWEEN a 1 3)
2024-04-24T00:54:56,384  INFO [LocalJobRunner Map Task Executor #0] orc.VectorizedOrcAcidRowBatchReader: Read ValidWriteIdList: default.acidtbl:1:9223372036854775807:::OrcSplit [file:/home/alex/Repositories/hive/ql/target/tmp/org.apache.hadoop.hive.ql.TestTxnNoBuckets-1713945183193/warehouse/acidtbl/delta_0000001_0000001_0000/bucket_00001_0, start=0, length=704, isOriginal=false, fileLength=704, hasFooter=false, hasBase=true, deltas=0]
2024-04-24T00:54:56,384  INFO [LocalJobRunner Map Task Executor #0] orc.ReaderImpl: Reading ORC rows from file:/home/alex/Repositories/hive/ql/target/tmp/org.apache.hadoop.hive.ql.TestTxnNoBuckets-1713945183193/warehouse/acidtbl/delta_0000001_0000001_0000/bucket_00001_0 with {include: [true, true, true], offset: 0, length: 704, sarg: leaf-(BETWEEN a 1 3), schema: struct<a:int,b:int>, includeAcidColumns: false}
2024-04-24T00:54:56,385  INFO [LocalJobRunner Map Task Executor #0] mapred.MapTask: numReduceTasks: 1
2024-04-24T00:54:56,391  INFO [LocalJobRunner Map Task Executor #0] mapred.MapTask: (EQUATOR) 0 kvi 26214396(104857584)
2024-04-24T00:54:56,391  INFO [LocalJobRunner Map Task Executor #0] mapred.MapTask: mapreduce.task.io.sort.mb: 100
2024-04-24T00:54:56,391  INFO [LocalJobRunner Map Task Executor #0] mapred.MapTask: soft limit at 83886080
2024-04-24T00:54:56,391  INFO [LocalJobRunner Map Task Executor #0] mapred.MapTask: bufstart = 0; bufvoid = 104857600
2024-04-24T00:54:56,391  INFO [LocalJobRunner Map Task Executor #0] mapred.MapTask: kvstart = 26214396; length = 6553600
2024-04-24T00:54:56,391  INFO [LocalJobRunner Map Task Executor #0] mapred.MapTask: Map output collector class = org.apache.hadoop.mapred.MapTask$MapOutputBuffer
2024-04-24T00:54:56,392  INFO [LocalJobRunner Map Task Executor #0] vector.VectorMapOperator: Initializing Operator: MAP[0]
2024-04-24T00:54:56,392  INFO [LocalJobRunner Map Task Executor #0] mr.ExecMapper: 
<MAP>Id =0
  <Children>null
  <\Children>
  <Parent><\Parent>
<\MAP>
2024-04-24T00:54:56,393  INFO [LocalJobRunner Map Task Executor #0] exec.TableScanOperator: Initializing Operator: TS[0]
2024-04-24T00:54:56,393  INFO [LocalJobRunner Map Task Executor #0] vector.VectorFilterOperator: Initializing Operator: FIL[21]
2024-04-24T00:54:56,393  INFO [LocalJobRunner Map Task Executor #0] vector.VectorGroupByOperator: Initializing Operator: GBY[22]
2024-04-24T00:54:56,393  INFO [LocalJobRunner Map Task Executor #0] vector.VectorReduceSinkOperator: Initializing Operator: RS[23]
2024-04-24T00:54:56,394  INFO [LocalJobRunner Map Task Executor #0] vector.VectorReduceSinkOperator: Using tag = -1
2024-04-24T00:54:56,394  INFO [LocalJobRunner Map Task Executor #0] vector.VectorMapOperator: Closing Operator: MAP[0]
2024-04-24T00:54:56,394  INFO [LocalJobRunner Map Task Executor #0] vector.VectorMapOperator: RECORDS_OUT_OPERATOR_MAP_0:0, DESERIALIZE_ERRORS:0, RECORDS_IN:3, RECORDS_OUT_INTERMEDIATE:0, 
2024-04-24T00:54:56,395  INFO [LocalJobRunner Map Task Executor #0] exec.TableScanOperator: Closing Operator: TS[0]
2024-04-24T00:54:56,395  INFO [LocalJobRunner Map Task Executor #0] exec.TableScanOperator: RECORDS_OUT_INTERMEDIATE:0, RECORDS_OUT_OPERATOR_TS_0:3, 
2024-04-24T00:54:56,395  INFO [LocalJobRunner Map Task Executor #0] vector.VectorFilterOperator: Closing Operator: FIL[21]
2024-04-24T00:54:56,395  INFO [LocalJobRunner Map Task Executor #0] vector.VectorFilterOperator: RECORDS_OUT_INTERMEDIATE:0, RECORDS_OUT_OPERATOR_FIL_21:1, 
2024-04-24T00:54:56,395  INFO [LocalJobRunner Map Task Executor #0] vector.VectorGroupByOperator: Closing Operator: GBY[22]
2024-04-24T00:54:56,395  INFO [LocalJobRunner Map Task Executor #0] vector.VectorReduceSinkOperator: keys are [_col0, _col1] num distributions: 2
2024-04-24T00:54:56,395  INFO [LocalJobRunner Map Task Executor #0] vector.VectorReduceSinkOperator: RS[23]: records written - 1
2024-04-24T00:54:56,395  INFO [LocalJobRunner Map Task Executor #0] vector.VectorGroupByOperator: RECORDS_OUT_OPERATOR_GBY_22:1, RECORDS_OUT_INTERMEDIATE:0, 
2024-04-24T00:54:56,395  INFO [LocalJobRunner Map Task Executor #0] vector.VectorReduceSinkOperator: Closing Operator: RS[23]
2024-04-24T00:54:56,395  INFO [LocalJobRunner Map Task Executor #0] vector.VectorReduceSinkOperator: RS[23]: Total records written - 1. abort - false
2024-04-24T00:54:56,395  INFO [LocalJobRunner Map Task Executor #0] vector.VectorReduceSinkOperator: RECORDS_OUT_OPERATOR_RS_23:1, RECORDS_OUT_INTERMEDIATE:1, 
2024-04-24T00:54:56,396  INFO [LocalJobRunner Map Task Executor #0] mapred.LocalJobRunner: 
2024-04-24T00:54:56,396  INFO [LocalJobRunner Map Task Executor #0] mapred.MapTask: Starting flush of map output
2024-04-24T00:54:56,396  INFO [LocalJobRunner Map Task Executor #0] mapred.MapTask: Spilling map output
2024-04-24T00:54:56,396  INFO [LocalJobRunner Map Task Executor #0] mapred.MapTask: bufstart = 0; bufend = 19; bufvoid = 104857600
2024-04-24T00:54:56,396  INFO [LocalJobRunner Map Task Executor #0] mapred.MapTask: kvstart = 26214396(104857584); kvend = 26214396(104857584); length = 1/6553600
2024-04-24T00:54:56,407  INFO [LocalJobRunner Map Task Executor #0] mapred.MapTask: Finished spill 0
2024-04-24T00:54:56,410  INFO [LocalJobRunner Map Task Executor #0] mapred.Task: Task:attempt_local888334987_0046_m_000000_0 is done. And is in the process of committing
2024-04-24T00:54:56,410  INFO [LocalJobRunner Map Task Executor #0] mapred.LocalJobRunner: OrcSplit [file:/home/alex/Repositories/hive/ql/target/tmp/org.apache.hadoop.hive.ql.TestTxnNoBuckets-1713945183193/warehouse/acidtbl/delta_0000001_0000001_0000/bucket_00001_0, start=0, length=704, isOriginal=false, fileLength=704, hasFooter=false, hasBase=true, deltas=0]
2024-04-24T00:54:56,410  INFO [LocalJobRunner Map Task Executor #0] mapred.Task: Task 'attempt_local888334987_0046_m_000000_0' done.
2024-04-24T00:54:56,417  INFO [LocalJobRunner Map Task Executor #0] mapred.Task: Final Counters for attempt_local888334987_0046_m_000000_0: Counters: 25
	File System Counters
		FILE: Number of bytes read=1092937
		FILE: Number of bytes written=55315740
		FILE: Number of read operations=0
		FILE: Number of large read operations=0
		FILE: Number of write operations=0
	Map-Reduce Framework
		Map input records=1
		Map output records=1
		Map output bytes=19
		Map output materialized bytes=27
		Input split bytes=497
		Combine input records=0
		Spilled Records=1
		Failed Shuffles=0
		Merged Map outputs=0
		GC time elapsed (ms)=0
		Total committed heap usage (bytes)=1388314624
	HIVE
		DESERIALIZE_ERRORS=0
		RECORDS_IN=3
		RECORDS_OUT_INTERMEDIATE=1
		RECORDS_OUT_OPERATOR_FIL_21=1
		RECORDS_OUT_OPERATOR_GBY_22=1
		RECORDS_OUT_OPERATOR_MAP_0=0
		RECORDS_OUT_OPERATOR_RS_23=1
		RECORDS_OUT_OPERATOR_TS_0=3
	File Input Format Counters 
		Bytes Read=11937
2024-04-24T00:54:56,417  INFO [LocalJobRunner Map Task Executor #0] mapred.LocalJobRunner: Finishing task: attempt_local888334987_0046_m_000000_0
2024-04-24T00:54:56,417  INFO [LocalJobRunner Map Task Executor #0] mapred.LocalJobRunner: Starting task: attempt_local888334987_0046_m_000001_0
2024-04-24T00:54:56,418  INFO [LocalJobRunner Map Task Executor #0] mapred.Task:  Using ResourceCalculatorProcessTree : [ ]
2024-04-24T00:54:56,418  INFO [LocalJobRunner Map Task Executor #0] mapred.MapTask: Processing split: org.apache.hadoop.hive.ql.io.orc.OrcInputFormat:OrcSplit [file:/home/alex/Repositories/hive/ql/target/tmp/org.apache.hadoop.hive.ql.TestTxnNoBuckets-1713945183193/warehouse/acidtbl/delta_0000001_0000001_0000/bucket_00000_0, start=0, length=688, isOriginal=false, fileLength=688, hasFooter=false, hasBase=true, deltas=0]
2024-04-24T00:54:56,418  INFO [LocalJobRunner Map Task Executor #0] exec.SerializationUtilities: Deserializing MapWork using kryo
2024-04-24T00:54:56,419  INFO [LocalJobRunner Map Task Executor #0] exec.Utilities: Deserialized plan (via FILE) - name: null size: 7,53KB
2024-04-24T00:54:56,419  INFO [LocalJobRunner Map Task Executor #0] orc.OrcInputFormat: ORC pushdown predicate: leaf-(BETWEEN a 1 3)
2024-04-24T00:54:56,419  INFO [LocalJobRunner Map Task Executor #0] orc.VectorizedOrcAcidRowBatchReader: Read ValidWriteIdList: default.acidtbl:1:9223372036854775807:::OrcSplit [file:/home/alex/Repositories/hive/ql/target/tmp/org.apache.hadoop.hive.ql.TestTxnNoBuckets-1713945183193/warehouse/acidtbl/delta_0000001_0000001_0000/bucket_00000_0, start=0, length=688, isOriginal=false, fileLength=688, hasFooter=false, hasBase=true, deltas=0]
2024-04-24T00:54:56,420  INFO [LocalJobRunner Map Task Executor #0] orc.ReaderImpl: Reading ORC rows from file:/home/alex/Repositories/hive/ql/target/tmp/org.apache.hadoop.hive.ql.TestTxnNoBuckets-1713945183193/warehouse/acidtbl/delta_0000001_0000001_0000/bucket_00000_0 with {include: [true, true, true], offset: 0, length: 688, sarg: leaf-(BETWEEN a 1 3), schema: struct<a:int,b:int>, includeAcidColumns: false}
2024-04-24T00:54:56,421  INFO [LocalJobRunner Map Task Executor #0] mapred.MapTask: numReduceTasks: 1
2024-04-24T00:54:56,425  INFO [LocalJobRunner Map Task Executor #0] mapred.MapTask: (EQUATOR) 0 kvi 26214396(104857584)
2024-04-24T00:54:56,425  INFO [LocalJobRunner Map Task Executor #0] mapred.MapTask: mapreduce.task.io.sort.mb: 100
2024-04-24T00:54:56,425  INFO [LocalJobRunner Map Task Executor #0] mapred.MapTask: soft limit at 83886080
2024-04-24T00:54:56,425  INFO [LocalJobRunner Map Task Executor #0] mapred.MapTask: bufstart = 0; bufvoid = 104857600
2024-04-24T00:54:56,425  INFO [LocalJobRunner Map Task Executor #0] mapred.MapTask: kvstart = 26214396; length = 6553600
2024-04-24T00:54:56,426  INFO [LocalJobRunner Map Task Executor #0] mapred.MapTask: Map output collector class = org.apache.hadoop.mapred.MapTask$MapOutputBuffer
2024-04-24T00:54:56,426  INFO [LocalJobRunner Map Task Executor #0] vector.VectorMapOperator: Initializing Operator: MAP[0]
2024-04-24T00:54:56,426  INFO [LocalJobRunner Map Task Executor #0] mr.ExecMapper: 
<MAP>Id =0
  <Children>null
  <\Children>
  <Parent><\Parent>
<\MAP>
2024-04-24T00:54:56,427  INFO [LocalJobRunner Map Task Executor #0] exec.TableScanOperator: Initializing Operator: TS[0]
2024-04-24T00:54:56,427  INFO [LocalJobRunner Map Task Executor #0] vector.VectorFilterOperator: Initializing Operator: FIL[21]
2024-04-24T00:54:56,427  INFO [LocalJobRunner Map Task Executor #0] vector.VectorGroupByOperator: Initializing Operator: GBY[22]
2024-04-24T00:54:56,428  INFO [LocalJobRunner Map Task Executor #0] vector.VectorReduceSinkOperator: Initializing Operator: RS[23]
2024-04-24T00:54:56,428  INFO [LocalJobRunner Map Task Executor #0] vector.VectorReduceSinkOperator: Using tag = -1
2024-04-24T00:54:56,428  INFO [LocalJobRunner Map Task Executor #0] vector.VectorMapOperator: Closing Operator: MAP[0]
2024-04-24T00:54:56,428  INFO [LocalJobRunner Map Task Executor #0] vector.VectorMapOperator: RECORDS_OUT_OPERATOR_MAP_0:0, RECORDS_IN:2, DESERIALIZE_ERRORS:0, RECORDS_OUT_INTERMEDIATE:0, 
2024-04-24T00:54:56,428  INFO [LocalJobRunner Map Task Executor #0] exec.TableScanOperator: Closing Operator: TS[0]
2024-04-24T00:54:56,429  INFO [LocalJobRunner Map Task Executor #0] exec.TableScanOperator: RECORDS_OUT_INTERMEDIATE:0, RECORDS_OUT_OPERATOR_TS_0:2, 
2024-04-24T00:54:56,429  INFO [LocalJobRunner Map Task Executor #0] vector.VectorFilterOperator: Closing Operator: FIL[21]
2024-04-24T00:54:56,429  INFO [LocalJobRunner Map Task Executor #0] vector.VectorFilterOperator: RECORDS_OUT_OPERATOR_FIL_21:1, RECORDS_OUT_INTERMEDIATE:0, 
2024-04-24T00:54:56,429  INFO [LocalJobRunner Map Task Executor #0] vector.VectorGroupByOperator: Closing Operator: GBY[22]
2024-04-24T00:54:56,429  INFO [LocalJobRunner Map Task Executor #0] vector.VectorReduceSinkOperator: keys are [_col0, _col1] num distributions: 2
2024-04-24T00:54:56,429  INFO [LocalJobRunner Map Task Executor #0] vector.VectorReduceSinkOperator: RS[23]: records written - 1
2024-04-24T00:54:56,429  INFO [LocalJobRunner Map Task Executor #0] vector.VectorGroupByOperator: RECORDS_OUT_INTERMEDIATE:0, RECORDS_OUT_OPERATOR_GBY_22:1, 
2024-04-24T00:54:56,429  INFO [LocalJobRunner Map Task Executor #0] vector.VectorReduceSinkOperator: Closing Operator: RS[23]
2024-04-24T00:54:56,429  INFO [LocalJobRunner Map Task Executor #0] vector.VectorReduceSinkOperator: RS[23]: Total records written - 1. abort - false
2024-04-24T00:54:56,429  INFO [LocalJobRunner Map Task Executor #0] vector.VectorReduceSinkOperator: RECORDS_OUT_INTERMEDIATE:1, RECORDS_OUT_OPERATOR_RS_23:1, 
2024-04-24T00:54:56,429  INFO [LocalJobRunner Map Task Executor #0] mapred.LocalJobRunner: 
2024-04-24T00:54:56,429  INFO [LocalJobRunner Map Task Executor #0] mapred.MapTask: Starting flush of map output
2024-04-24T00:54:56,429  INFO [LocalJobRunner Map Task Executor #0] mapred.MapTask: Spilling map output
2024-04-24T00:54:56,429  INFO [LocalJobRunner Map Task Executor #0] mapred.MapTask: bufstart = 0; bufend = 19; bufvoid = 104857600
2024-04-24T00:54:56,429  INFO [LocalJobRunner Map Task Executor #0] mapred.MapTask: kvstart = 26214396(104857584); kvend = 26214396(104857584); length = 1/6553600
2024-04-24T00:54:56,437  INFO [LocalJobRunner Map Task Executor #0] mapred.MapTask: Finished spill 0
2024-04-24T00:54:56,440  INFO [LocalJobRunner Map Task Executor #0] mapred.Task: Task:attempt_local888334987_0046_m_000001_0 is done. And is in the process of committing
2024-04-24T00:54:56,441  INFO [LocalJobRunner Map Task Executor #0] mapred.LocalJobRunner: OrcSplit [file:/home/alex/Repositories/hive/ql/target/tmp/org.apache.hadoop.hive.ql.TestTxnNoBuckets-1713945183193/warehouse/acidtbl/delta_0000001_0000001_0000/bucket_00000_0, start=0, length=688, isOriginal=false, fileLength=688, hasFooter=false, hasBase=true, deltas=0]
2024-04-24T00:54:56,441  INFO [LocalJobRunner Map Task Executor #0] mapred.Task: Task 'attempt_local888334987_0046_m_000001_0' done.
2024-04-24T00:54:56,441  INFO [LocalJobRunner Map Task Executor #0] mapred.Task: Final Counters for attempt_local888334987_0046_m_000001_0: Counters: 25
	File System Counters
		FILE: Number of bytes read=1105795
		FILE: Number of bytes written=55315799
		FILE: Number of read operations=0
		FILE: Number of large read operations=0
		FILE: Number of write operations=0
	Map-Reduce Framework
		Map input records=1
		Map output records=1
		Map output bytes=19
		Map output materialized bytes=27
		Input split bytes=497
		Combine input records=0
		Spilled Records=1
		Failed Shuffles=0
		Merged Map outputs=0
		GC time elapsed (ms)=0
		Total committed heap usage (bytes)=1389363200
	HIVE
		DESERIALIZE_ERRORS=0
		RECORDS_IN=2
		RECORDS_OUT_INTERMEDIATE=1
		RECORDS_OUT_OPERATOR_FIL_21=1
		RECORDS_OUT_OPERATOR_GBY_22=1
		RECORDS_OUT_OPERATOR_MAP_0=0
		RECORDS_OUT_OPERATOR_RS_23=1
		RECORDS_OUT_OPERATOR_TS_0=2
	File Input Format Counters 
		Bytes Read=11841
2024-04-24T00:54:56,441  INFO [LocalJobRunner Map Task Executor #0] mapred.LocalJobRunner: Finishing task: attempt_local888334987_0046_m_000001_0
2024-04-24T00:54:56,441  INFO [Thread-3037] mapred.LocalJobRunner: map task executor complete.
2024-04-24T00:54:56,442  INFO [Thread-3037] mapred.LocalJobRunner: Waiting for reduce tasks
2024-04-24T00:54:56,442  INFO [pool-202-thread-1] mapred.LocalJobRunner: Starting task: attempt_local888334987_0046_r_000000_0
2024-04-24T00:54:56,443  INFO [pool-202-thread-1] mapred.Task:  Using ResourceCalculatorProcessTree : [ ]
2024-04-24T00:54:56,443  INFO [pool-202-thread-1] mapred.ReduceTask: Using ShuffleConsumerPlugin: org.apache.hadoop.mapreduce.task.reduce.Shuffle@4b90589d
2024-04-24T00:54:56,443  WARN [pool-202-thread-1] impl.MetricsSystemImpl: JobTracker metrics system already initialized!
2024-04-24T00:54:56,444  INFO [pool-202-thread-1] reduce.MergeManagerImpl: MergerManager: memoryLimit=1336252800, maxSingleShuffleLimit=334063200, mergeThreshold=881926912, ioSortFactor=10, memToMemMergeOutputsThreshold=10
2024-04-24T00:54:56,444  INFO [EventFetcher for fetching Map Completion Events] reduce.EventFetcher: attempt_local888334987_0046_r_000000_0 Thread started: EventFetcher for fetching Map Completion Events
2024-04-24T00:54:56,445  INFO [localfetcher#29] reduce.LocalFetcher: localfetcher#29 about to shuffle output of map attempt_local888334987_0046_m_000001_0 decomp: 23 len: 27 to MEMORY
2024-04-24T00:54:56,445  INFO [localfetcher#29] reduce.InMemoryMapOutput: Read 23 bytes from map-output for attempt_local888334987_0046_m_000001_0
2024-04-24T00:54:56,445  INFO [localfetcher#29] reduce.MergeManagerImpl: closeInMemoryFile -> map-output of size: 23, inMemoryMapOutputs.size() -> 1, commitMemory -> 0, usedMemory ->23
2024-04-24T00:54:56,448  INFO [localfetcher#29] reduce.LocalFetcher: localfetcher#29 about to shuffle output of map attempt_local888334987_0046_m_000000_0 decomp: 23 len: 27 to MEMORY
2024-04-24T00:54:56,448  INFO [localfetcher#29] reduce.InMemoryMapOutput: Read 23 bytes from map-output for attempt_local888334987_0046_m_000000_0
2024-04-24T00:54:56,448  INFO [localfetcher#29] reduce.MergeManagerImpl: closeInMemoryFile -> map-output of size: 23, inMemoryMapOutputs.size() -> 2, commitMemory -> 23, usedMemory ->46
2024-04-24T00:54:56,448  INFO [EventFetcher for fetching Map Completion Events] reduce.EventFetcher: EventFetcher is interrupted.. Returning
2024-04-24T00:54:56,449  INFO [pool-202-thread-1] mapred.LocalJobRunner: 2 / 2 copied.
2024-04-24T00:54:56,449  INFO [pool-202-thread-1] reduce.MergeManagerImpl: finalMerge called with 2 in-memory map-outputs and 0 on-disk map-outputs
2024-04-24T00:54:56,455  INFO [pool-202-thread-1] mapred.Merger: Merging 2 sorted segments
2024-04-24T00:54:56,455  INFO [pool-202-thread-1] mapred.Merger: Down to the last merge-pass, with 2 segments left of total size: 12 bytes
2024-04-24T00:54:56,457  INFO [pool-202-thread-1] reduce.MergeManagerImpl: Merged 2 segments, 46 bytes to disk to satisfy reduce memory limit
2024-04-24T00:54:56,457  INFO [pool-202-thread-1] reduce.MergeManagerImpl: Merging 1 files, 48 bytes from disk
2024-04-24T00:54:56,457  INFO [pool-202-thread-1] reduce.MergeManagerImpl: Merging 0 segments, 0 bytes from memory into reduce
2024-04-24T00:54:56,457  INFO [pool-202-thread-1] mapred.Merger: Merging 1 sorted segments
2024-04-24T00:54:56,458  INFO [pool-202-thread-1] mapred.Merger: Down to the last merge-pass, with 1 segments left of total size: 27 bytes
2024-04-24T00:54:56,458  INFO [pool-202-thread-1] mapred.LocalJobRunner: 2 / 2 copied.
2024-04-24T00:54:56,458  INFO [pool-202-thread-1] exec.SerializationUtilities: Deserializing ReduceWork using kryo
2024-04-24T00:54:56,459  INFO [pool-202-thread-1] exec.Utilities: Deserialized plan (via FILE) - name: null size: 7,63KB
2024-04-24T00:54:56,460  INFO [pool-202-thread-1] ExecReducer: 
<GBY>Id =5
  <Children>
    <FS>Id =19
      <Children>
      <\Children>
      <Parent>Id = 5 null<\Parent>
    <\FS>
  <\Children>
  <Parent><\Parent>
<\GBY>
2024-04-24T00:54:56,460  INFO [pool-202-thread-1] exec.GroupByOperator: Initializing Operator: GBY[5]
2024-04-24T00:54:56,460  INFO [pool-202-thread-1] exec.GroupByOperator: isTez: false isLlap: false numExecutors: 1 maxMemory: 1908932608
2024-04-24T00:54:56,460  INFO [pool-202-thread-1] exec.FileSinkOperator: Initializing Operator: FS[19]
2024-04-24T00:54:56,460  INFO [pool-202-thread-1] exec.FileSinkOperator: Using serializer : AbstractSerDe [log=org.apache.logging.slf4j.Log4jLogger@234b8ad, configuration=Optional[Configuration: core-default.xml, core-site.xml, mapred-default.xml, mapred-site.xml, yarn-default.xml, yarn-site.xml, hdfs-default.xml, hdfs-site.xml, file:/home/alex/Repositories/hive/ql/target/tmp/TestTxnNoBucketsVectorized/mapred/local/localRunner/alex/job_local888334987_0046/job_local888334987_0046.xml], properties={columns=_col0,_col1, serialization.lib=org.apache.hadoop.hive.serde2.lazybinary.LazyBinarySerDe, columns.types=int,int, escape.delim=\, column.name.delimiter=,}, tableProperties={columns=_col0,_col1, serialization.lib=org.apache.hadoop.hive.serde2.lazybinary.LazyBinarySerDe, columns.types=int,int, column.name.delimiter=,, escape.delim=\}, partitionProperties=Optional.empty, columnNames=[_col0, _col1], columnTypes=[int, int], getClass()=class org.apache.hadoop.hive.serde2.lazybinary.LazyBinarySerDe] and formatter : org.apache.hadoop.hive.ql.io.HiveSequenceFileOutputFormat@2ed7c72c
2024-04-24T00:54:56,461  INFO [pool-202-thread-1] exec.FileSinkOperator: Final Path: FS file:/home/alex/Repositories/hive/ql/target/tmp/localscratchdir/d722f3ca-04ab-4562-aceb-d9034f7af316/hive_2024-04-24_00-54-55_717_7689588719723166957-1/_tmp.-mr-10002/000000_0
2024-04-24T00:54:56,461  INFO [pool-202-thread-1] exec.FileSinkOperator: Writing to temp file: FS file:/home/alex/Repositories/hive/ql/target/tmp/localscratchdir/d722f3ca-04ab-4562-aceb-d9034f7af316/hive_2024-04-24_00-54-55_717_7689588719723166957-1/_task_tmp.-mr-10002/_tmp.000000_0
2024-04-24T00:54:56,461  INFO [pool-202-thread-1] exec.FileSinkOperator: New Final Path: FS file:/home/alex/Repositories/hive/ql/target/tmp/localscratchdir/d722f3ca-04ab-4562-aceb-d9034f7af316/hive_2024-04-24_00-54-55_717_7689588719723166957-1/_tmp.-mr-10002/000000_0
2024-04-24T00:54:56,468  INFO [pool-202-thread-1] exec.FileSinkOperator: FS[19]: records written - 1
2024-04-24T00:54:56,468  INFO [pool-202-thread-1] exec.GroupByOperator: Closing Operator: GBY[5]
2024-04-24T00:54:56,468  INFO [pool-202-thread-1] exec.GroupByOperator: RECORDS_OUT_OPERATOR_GBY_5:2, RECORDS_OUT_INTERMEDIATE:0, 
2024-04-24T00:54:56,468  INFO [pool-202-thread-1] exec.FileSinkOperator: Closing Operator: FS[19]
2024-04-24T00:54:56,468  INFO [pool-202-thread-1] exec.FileSinkOperator: FS[19]: records written - 2
2024-04-24T00:54:56,469  INFO [pool-202-thread-1] exec.FileSinkOperator: RECORDS_OUT_INTERMEDIATE:0, RECORDS_OUT_OPERATOR_FS_19:2, RECORDS_OUT_0:2, 
2024-04-24T00:54:56,469  INFO [pool-202-thread-1] mapred.Task: Task:attempt_local888334987_0046_r_000000_0 is done. And is in the process of committing
2024-04-24T00:54:56,469  INFO [pool-202-thread-1] mapred.LocalJobRunner: reduce > reduce
2024-04-24T00:54:56,470  INFO [pool-202-thread-1] mapred.Task: Task 'attempt_local888334987_0046_r_000000_0' done.
2024-04-24T00:54:56,470  INFO [pool-202-thread-1] mapred.Task: Final Counters for attempt_local888334987_0046_r_000000_0: Counters: 29
	File System Counters
		FILE: Number of bytes read=1113661
		FILE: Number of bytes written=55315993
		FILE: Number of read operations=0
		FILE: Number of large read operations=0
		FILE: Number of write operations=0
	Map-Reduce Framework
		Combine input records=0
		Combine output records=0
		Reduce input groups=2
		Reduce shuffle bytes=54
		Reduce input records=2
		Reduce output records=0
		Spilled Records=2
		Shuffled Maps =2
		Failed Shuffles=0
		Merged Map outputs=2
		GC time elapsed (ms)=0
		Total committed heap usage (bytes)=1389363200
	HIVE
		CREATED_FILES=1
		RECORDS_OUT_0=2
		RECORDS_OUT_INTERMEDIATE=0
		RECORDS_OUT_OPERATOR_FS_19=2
		RECORDS_OUT_OPERATOR_GBY_5=2
	Shuffle Errors
		BAD_ID=0
		CONNECTION=0
		IO_ERROR=0
		WRONG_LENGTH=0
		WRONG_MAP=0
		WRONG_REDUCE=0
	File Output Format Counters 
		Bytes Written=0
2024-04-24T00:54:56,470  INFO [pool-202-thread-1] mapred.LocalJobRunner: Finishing task: attempt_local888334987_0046_r_000000_0
2024-04-24T00:54:56,470  INFO [Thread-3037] mapred.LocalJobRunner: reduce task executor complete.
2024-04-24 00:54:57,380 Stage-1 map = 100%,  reduce = 100%
2024-04-24T00:54:57,380  INFO [main] exec.Task: 2024-04-24 00:54:57,380 Stage-1 map = 100%,  reduce = 100%
Ended Job = job_local888334987_0046
2024-04-24T00:54:57,382  INFO [main] exec.Task: Ended Job = job_local888334987_0046
Launching Job 2 out of 2
2024-04-24T00:54:57,385  INFO [main] ql.Driver: Launching Job 2 out of 2
2024-04-24T00:54:57,529  INFO [main] ql.Driver: Starting task [Stage-2:MAPRED] in serial mode
Number of reduce tasks is set to 0 since there's no reduce operator
2024-04-24T00:54:57,529  INFO [main] exec.Task: Number of reduce tasks is set to 0 since there's no reduce operator
2024-04-24T00:54:57,532  INFO [main] mr.ExecDriver: Using org.apache.hadoop.hive.ql.io.HiveInputFormat
2024-04-24T00:54:57,532  INFO [main] exec.Utilities: Processing alias file:/home/alex/Repositories/hive/ql/target/tmp/localscratchdir/d722f3ca-04ab-4562-aceb-d9034f7af316/hive_2024-04-24_00-54-55_717_7689588719723166957-1/-mr-10002
2024-04-24T00:54:57,532  INFO [main] exec.Utilities: Adding 2 inputs; the first input is file:/home/alex/Repositories/hive/ql/target/tmp/localscratchdir/d722f3ca-04ab-4562-aceb-d9034f7af316/hive_2024-04-24_00-54-55_717_7689588719723166957-1/-mr-10002
2024-04-24T00:54:57,532  INFO [main] exec.Utilities: Processing alias $hdt$_1-subquery1-subquery2:acidtbl
2024-04-24T00:54:57,532  INFO [main] exec.Utilities: Adding 2 inputs; the first input is file:/home/alex/Repositories/hive/ql/target/tmp/org.apache.hadoop.hive.ql.TestTxnNoBuckets-1713945183193/warehouse/acidtbl
2024-04-24T00:54:57,532  INFO [main] exec.Utilities: Processing alias $hdt$_1-subquery2:acidtbl
2024-04-24T00:54:57,541  INFO [main] exec.SerializationUtilities: Serializing MapWork using kryo
2024-04-24T00:54:57,543  INFO [main] exec.Utilities: Serialized plan (via FILE) - name: null size: 7,67KB
2024-04-24T00:54:57,544  WARN [main] impl.MetricsSystemImpl: JobTracker metrics system already initialized!
2024-04-24T00:54:57,548  INFO [main] fs.FSStatsPublisher: created : file:/home/alex/Repositories/hive/ql/target/tmp/localscratchdir/d722f3ca-04ab-4562-aceb-d9034f7af316/hive_2024-04-24_00-54-55_717_7689588719723166957-1/-mr-10001
2024-04-24T00:54:57,553  WARN [main] impl.MetricsSystemImpl: JobTracker metrics system already initialized!
2024-04-24T00:54:57,560  WARN [main] mapreduce.JobResourceUploader: Hadoop command-line option parsing not performed. Implement the Tool interface and execute your application with ToolRunner to remedy this.
2024-04-24T00:54:57,564  WARN [main] mapreduce.JobResourceUploader: No job jar file set.  User classes may not be found. See Job or Job#setJar(String).
2024-04-24T00:54:57,565  INFO [main] exec.Utilities: schema.evolution.columns and schema.evolution.columns.types not available
2024-04-24T00:54:57,566  INFO [main] io.HiveInputFormat: Generating splits as currentDirs is not empty. currentDirs: [file:/home/alex/Repositories/hive/ql/target/tmp/localscratchdir/d722f3ca-04ab-4562-aceb-d9034f7af316/hive_2024-04-24_00-54-55_717_7689588719723166957-1/-mr-10002]
2024-04-24T00:54:57,566  INFO [main] io.HiveInputFormat: hive.io.file.readcolumn.ids = 0,1
2024-04-24T00:54:57,566  INFO [main] io.HiveInputFormat: hive.io.file.readcolumn.names = _col0,_col1
2024-04-24T00:54:57,566  INFO [main] exec.Utilities: schema.evolution.columns and schema.evolution.columns.types not available
2024-04-24T00:54:57,569  INFO [main] mapred.FileInputFormat: Total input files to process : 1
2024-04-24T00:54:57,569  INFO [main] io.HiveInputFormat: hive.io.file.readcolumn.ids = 0,1
2024-04-24T00:54:57,569  INFO [main] io.HiveInputFormat: hive.io.file.readcolumn.names = _col0,_col1
2024-04-24T00:54:57,569  INFO [main] io.HiveInputFormat: Generating splits for dirs: file:/home/alex/Repositories/hive/ql/target/tmp/localscratchdir/d722f3ca-04ab-4562-aceb-d9034f7af316/hive_2024-04-24_00-54-55_717_7689588719723166957-1/-mr-10002
2024-04-24T00:54:57,570  INFO [main] orc.OrcInputFormat: getSplits started
2024-04-24T00:54:57,570  INFO [main] orc.OrcInputFormat: Context:: isAcid: false isVectorMode: false sarg: null minSplitSize: 1 maxSplitSize: 256000000 splitStrategy: HYBRID footerInSplits: false numBuckets: 2 numThreads: 10 cacheMemSize: 268435456 cacheStripeDetails: true useSoftReference: false writeIdList: null:9223372036854775807:9223372036854775807:: isTransactionalTable: true txnProperties: default 
2024-04-24T00:54:57,570  INFO [main] orc.OrcInputFormat: ORC pushdown predicate: null
2024-04-24T00:54:57,582  INFO [main] orc.OrcInputFormat: FooterCacheHitRatio: 0/2
2024-04-24T00:54:57,582  INFO [main] orc.OrcInputFormat: getSplits finished (#splits: 2). duration: 12 ms
2024-04-24T00:54:57,582  INFO [main] io.HiveInputFormat: number of splits 3
2024-04-24T00:54:57,601  INFO [main] mapreduce.JobSubmitter: number of splits:3
2024-04-24T00:54:57,619  INFO [main] mapreduce.JobSubmitter: Submitting tokens for job: job_local1672703351_0047
2024-04-24T00:54:57,619  INFO [main] mapreduce.JobSubmitter: Executing with tokens: []
2024-04-24T00:54:57,680  INFO [main] mapreduce.Job: The url to track the job: http://localhost:8080/
Job running in-process (local Hadoop)
2024-04-24T00:54:57,680  INFO [main] exec.Task: Job running in-process (local Hadoop)
2024-04-24T00:54:57,681  INFO [Thread-3089] mapred.LocalJobRunner: OutputCommitter set in config org.apache.hadoop.hive.ql.io.HiveFileFormatUtils$NullOutputCommitter
2024-04-24T00:54:57,681  INFO [Thread-3089] mapred.LocalJobRunner: OutputCommitter is org.apache.hadoop.hive.ql.io.HiveFileFormatUtils$NullOutputCommitter
2024-04-24T00:54:57,683  INFO [Thread-3089] mapred.LocalJobRunner: Waiting for map tasks
2024-04-24T00:54:57,683  INFO [LocalJobRunner Map Task Executor #0] mapred.LocalJobRunner: Starting task: attempt_local1672703351_0047_m_000000_0
2024-04-24T00:54:57,684  INFO [LocalJobRunner Map Task Executor #0] mapred.Task:  Using ResourceCalculatorProcessTree : [ ]
2024-04-24T00:54:57,684  INFO [LocalJobRunner Map Task Executor #0] mapred.MapTask: Processing split: org.apache.hadoop.hive.ql.io.orc.OrcInputFormat:OrcSplit [file:/home/alex/Repositories/hive/ql/target/tmp/org.apache.hadoop.hive.ql.TestTxnNoBuckets-1713945183193/warehouse/acidtbl/delta_0000001_0000001_0000/bucket_00001_0, start=3, length=317, isOriginal=false, fileLength=704, hasFooter=false, hasBase=true, deltas=0]
2024-04-24T00:54:57,685  INFO [LocalJobRunner Map Task Executor #0] exec.SerializationUtilities: Deserializing MapWork using kryo
2024-04-24T00:54:57,685  INFO [LocalJobRunner Map Task Executor #0] exec.Utilities: Deserialized plan (via FILE) - name: null size: 7,67KB
2024-04-24T00:54:57,686  INFO [LocalJobRunner Map Task Executor #0] orc.OrcRawRecordMerger: min key = null, max key = null
2024-04-24T00:54:57,686  INFO [LocalJobRunner Map Task Executor #0] orc.ReaderImpl: Reading ORC rows from file:/home/alex/Repositories/hive/ql/target/tmp/org.apache.hadoop.hive.ql.TestTxnNoBuckets-1713945183193/warehouse/acidtbl/delta_0000001_0000001_0000/bucket_00001_0 with {include: [true, true, true], offset: 3, length: 317, schema: struct<a:int,b:int>, includeAcidColumns: true}
2024-04-24T00:54:57,687  INFO [LocalJobRunner Map Task Executor #0] orc.OrcRawRecordMerger: updated min key = null, max key = null
2024-04-24T00:54:57,687  INFO [LocalJobRunner Map Task Executor #0] mapred.MapTask: numReduceTasks: 0
2024-04-24T00:54:57,687  INFO [LocalJobRunner Map Task Executor #0] exec.MapOperator: Initializing Operator: MAP[0]
2024-04-24T00:54:57,689  INFO [LocalJobRunner Map Task Executor #0] mr.ExecMapper: 
<MAP>Id =0
  <Children>
    <TS>Id =20
      <Children>
        <UNION>Id =10
          <Children>
            <FS>Id =15
              <Children>
              <\Children>
              <Parent>Id = 10 null<\Parent>
            <\FS>
          <\Children>
          <Parent>Id = 20 nullId = 9 
        <SEL>Id =9
          <Children>null
          <\Children>
          <Parent>Id = 17 
        <FIL>Id =17
          <Children>null
          <\Children>
          <Parent>Id = 7 
        <TS>Id =7
          <Children>null
          <\Children>
          <Parent>Id = 0 null<\Parent>
        <\TS><\Parent>
        <\FIL><\Parent>
        <\SEL>Id = 13 
        <SEL>Id =13
          <Children>null
          <\Children>
          <Parent>Id = 18 
        <FIL>Id =18
          <Children>null
          <\Children>
          <Parent>Id = 11 
        <TS>Id =11
          <Children>null
          <\Children>
          <Parent>Id = 0 null<\Parent>
        <\TS><\Parent>
        <\FIL><\Parent>
        <\SEL><\Parent>
        <\UNION>
      <\Children>
      <Parent>Id = 0 null<\Parent>
    <\TS>nullnull
  <\Children>
  <Parent><\Parent>
<\MAP>
2024-04-24T00:54:57,689  INFO [LocalJobRunner Map Task Executor #0] exec.TableScanOperator: Initializing Operator: TS[11]
2024-04-24T00:54:57,689  INFO [LocalJobRunner Map Task Executor #0] exec.FilterOperator: Initializing Operator: FIL[18]
2024-04-24T00:54:57,690  INFO [LocalJobRunner Map Task Executor #0] exec.SelectOperator: Initializing Operator: SEL[13]
2024-04-24T00:54:57,690  INFO [LocalJobRunner Map Task Executor #0] exec.SelectOperator: SELECT struct<a:int,b:int>
2024-04-24T00:54:57,690  INFO [LocalJobRunner Map Task Executor #0] exec.TableScanOperator: Initializing Operator: TS[7]
2024-04-24T00:54:57,690  INFO [LocalJobRunner Map Task Executor #0] exec.FilterOperator: Initializing Operator: FIL[17]
2024-04-24T00:54:57,690  INFO [LocalJobRunner Map Task Executor #0] exec.SelectOperator: Initializing Operator: SEL[9]
2024-04-24T00:54:57,690  INFO [LocalJobRunner Map Task Executor #0] exec.SelectOperator: SELECT struct<a:int,b:int>
2024-04-24T00:54:57,690  INFO [LocalJobRunner Map Task Executor #0] exec.TableScanOperator: Initializing Operator: TS[20]
2024-04-24T00:54:57,690  INFO [LocalJobRunner Map Task Executor #0] exec.UnionOperator: Initializing Operator: UNION[10]
2024-04-24T00:54:57,690  INFO [LocalJobRunner Map Task Executor #0] exec.UnionOperator: Union Operator needs to transform row from parent[0] from org.apache.hadoop.hive.serde2.lazybinary.objectinspector.LazyBinaryStructObjectInspector<org.apache.hadoop.hive.serde2.objectinspector.primitive.WritableIntObjectInspector@58932d08,org.apache.hadoop.hive.serde2.objectinspector.primitive.WritableIntObjectInspector@58932d08> to org.apache.hadoop.hive.serde2.objectinspector.StandardStructObjectInspector<org.apache.hadoop.hive.serde2.objectinspector.primitive.WritableIntObjectInspector@58932d08,org.apache.hadoop.hive.serde2.objectinspector.primitive.WritableIntObjectInspector@58932d08>
2024-04-24T00:54:57,690  INFO [LocalJobRunner Map Task Executor #0] exec.FileSinkOperator: Initializing Operator: FS[15]
2024-04-24T00:54:57,691  INFO [LocalJobRunner Map Task Executor #0] exec.FileSinkOperator: Using serializer : AbstractSerDe [log=org.apache.logging.slf4j.Log4jLogger@22a08b61, configuration=Optional[Configuration: core-default.xml, core-site.xml, mapred-default.xml, mapred-site.xml, yarn-default.xml, yarn-site.xml, hdfs-default.xml, hdfs-site.xml, file:/home/alex/Repositories/hive/ql/target/tmp/TestTxnNoBucketsVectorized/mapred/local/localRunner/alex/job_local1672703351_0047/job_local1672703351_0047.xml], properties={name=default.t, columns.types=int:int, serialization.format=1, columns=a,b, numFilesErasureCoded=0, columns.comments=&amp#0;, bucketing_version=2, serialization.lib=org.apache.hadoop.hive.ql.io.orc.OrcSerde, file.inputformat=org.apache.hadoop.hive.ql.io.orc.OrcInputFormat, file.outputformat=org.apache.hadoop.hive.ql.io.orc.OrcOutputFormat, location=file:/home/alex/Repositories/hive/ql/target/tmp/org.apache.hadoop.hive.ql.TestTxnNoBuckets-1713945183193/warehouse/t, column.name.delimiter=,}, tableProperties={name=default.t, columns.types=int:int, serialization.format=1, columns=a,b, numFilesErasureCoded=0, columns.comments=&amp#0;, bucketing_version=2, serialization.lib=org.apache.hadoop.hive.ql.io.orc.OrcSerde, file.inputformat=org.apache.hadoop.hive.ql.io.orc.OrcInputFormat, location=file:/home/alex/Repositories/hive/ql/target/tmp/org.apache.hadoop.hive.ql.TestTxnNoBuckets-1713945183193/warehouse/t, file.outputformat=org.apache.hadoop.hive.ql.io.orc.OrcOutputFormat, column.name.delimiter=,}, partitionProperties=Optional.empty, columnNames=[a, b], columnTypes=[int, int], getClass()=class org.apache.hadoop.hive.ql.io.orc.OrcSerde] and formatter : org.apache.hadoop.hive.ql.io.orc.OrcOutputFormat@8dbfaf0
2024-04-24T00:54:57,691  INFO [LocalJobRunner Map Task Executor #0] exec.MapOperator: MAP[0]: records read - 1
2024-04-24T00:54:57,691  INFO [LocalJobRunner Map Task Executor #0] exec.FileSinkOperator: Final Path: FS file:/home/alex/Repositories/hive/ql/target/tmp/org.apache.hadoop.hive.ql.TestTxnNoBuckets-1713945183193/warehouse/t/.hive-staging_hive_2024-04-24_00-54-55_717_7689588719723166957-1/_tmp.-ext-10000/000000_0
2024-04-24T00:54:57,692  INFO [LocalJobRunner Map Task Executor #0] exec.FileSinkOperator: Writing to temp file: FS file:/home/alex/Repositories/hive/ql/target/tmp/org.apache.hadoop.hive.ql.TestTxnNoBuckets-1713945183193/warehouse/t/.hive-staging_hive_2024-04-24_00-54-55_717_7689588719723166957-1/_task_tmp.-ext-10000/_tmp.000000_0
2024-04-24T00:54:57,692  INFO [LocalJobRunner Map Task Executor #0] exec.FileSinkOperator: New Final Path: FS file:/home/alex/Repositories/hive/ql/target/tmp/org.apache.hadoop.hive.ql.TestTxnNoBuckets-1713945183193/warehouse/t/.hive-staging_hive_2024-04-24_00-54-55_717_7689588719723166957-1/_tmp.-ext-10000/000000_0
2024-04-24T00:54:57,692  INFO [LocalJobRunner Map Task Executor #0] exec.FileSinkOperator: FS[15]: records written - 1
2024-04-24T00:54:57,692  INFO [LocalJobRunner Map Task Executor #0] impl.PhysicalFsWriter: ORC writer created for path: file:/home/alex/Repositories/hive/ql/target/tmp/org.apache.hadoop.hive.ql.TestTxnNoBuckets-1713945183193/warehouse/t/.hive-staging_hive_2024-04-24_00-54-55_717_7689588719723166957-1/_task_tmp.-ext-10000/_tmp.000000_0 with stripeSize: 67108864 blockSize: 268435456 compression: Compress: ZLIB buffer: 262144
2024-04-24T00:54:57,698  INFO [LocalJobRunner Map Task Executor #0] impl.WriterImpl: ORC writer created for path: file:/home/alex/Repositories/hive/ql/target/tmp/org.apache.hadoop.hive.ql.TestTxnNoBuckets-1713945183193/warehouse/t/.hive-staging_hive_2024-04-24_00-54-55_717_7689588719723166957-1/_task_tmp.-ext-10000/_tmp.000000_0 with stripeSize: 67108864 options: Compress: ZLIB buffer: 262144
2024-04-24T00:54:57,699  INFO [LocalJobRunner Map Task Executor #0] exec.MapOperator: Closing Operator: MAP[0]
2024-04-24T00:54:57,699  INFO [LocalJobRunner Map Task Executor #0] exec.MapOperator: MAP[0]: Total records read - 3. abort - false
2024-04-24T00:54:57,699  INFO [LocalJobRunner Map Task Executor #0] exec.MapOperator: DESERIALIZE_ERRORS:0, RECORDS_OUT_OPERATOR_MAP_0:0, RECORDS_IN:3, RECORDS_OUT_INTERMEDIATE:0, 
2024-04-24T00:54:57,699  INFO [LocalJobRunner Map Task Executor #0] exec.TableScanOperator: Closing Operator: TS[20]
2024-04-24T00:54:57,699  INFO [LocalJobRunner Map Task Executor #0] exec.TableScanOperator: RECORDS_OUT_INTERMEDIATE:0, RECORDS_OUT_OPERATOR_TS_20:0, 
2024-04-24T00:54:57,699  INFO [LocalJobRunner Map Task Executor #0] exec.TableScanOperator: Closing Operator: TS[7]
2024-04-24T00:54:57,699  INFO [LocalJobRunner Map Task Executor #0] exec.TableScanOperator: RECORDS_OUT_OPERATOR_TS_7:3, RECORDS_OUT_INTERMEDIATE:0, 
2024-04-24T00:54:57,699  INFO [LocalJobRunner Map Task Executor #0] exec.FilterOperator: Closing Operator: FIL[17]
2024-04-24T00:54:57,699  INFO [LocalJobRunner Map Task Executor #0] exec.FilterOperator: RECORDS_OUT_OPERATOR_FIL_17:1, RECORDS_OUT_INTERMEDIATE:0, 
2024-04-24T00:54:57,699  INFO [LocalJobRunner Map Task Executor #0] exec.SelectOperator: Closing Operator: SEL[9]
2024-04-24T00:54:57,699  INFO [LocalJobRunner Map Task Executor #0] exec.SelectOperator: RECORDS_OUT_INTERMEDIATE:0, RECORDS_OUT_OPERATOR_SEL_9:1, 
2024-04-24T00:54:57,699  INFO [LocalJobRunner Map Task Executor #0] exec.TableScanOperator: Closing Operator: TS[11]
2024-04-24T00:54:57,699  INFO [LocalJobRunner Map Task Executor #0] exec.TableScanOperator: RECORDS_OUT_OPERATOR_TS_11:3, RECORDS_OUT_INTERMEDIATE:0, 
2024-04-24T00:54:57,699  INFO [LocalJobRunner Map Task Executor #0] exec.FilterOperator: Closing Operator: FIL[18]
2024-04-24T00:54:57,699  INFO [LocalJobRunner Map Task Executor #0] exec.FilterOperator: RECORDS_OUT_INTERMEDIATE:0, RECORDS_OUT_OPERATOR_FIL_18:1, 
2024-04-24T00:54:57,699  INFO [LocalJobRunner Map Task Executor #0] exec.SelectOperator: Closing Operator: SEL[13]
2024-04-24T00:54:57,699  INFO [LocalJobRunner Map Task Executor #0] exec.SelectOperator: RECORDS_OUT_INTERMEDIATE:0, RECORDS_OUT_OPERATOR_SEL_13:1, 
2024-04-24T00:54:57,699  INFO [LocalJobRunner Map Task Executor #0] exec.UnionOperator: Closing Operator: UNION[10]
2024-04-24T00:54:57,699  INFO [LocalJobRunner Map Task Executor #0] exec.UnionOperator: RECORDS_OUT_OPERATOR_UNION_10:2, RECORDS_OUT_INTERMEDIATE:0, 
2024-04-24T00:54:57,699  INFO [LocalJobRunner Map Task Executor #0] exec.FileSinkOperator: Closing Operator: FS[15]
2024-04-24T00:54:57,699  INFO [LocalJobRunner Map Task Executor #0] exec.FileSinkOperator: FS[15]: records written - 2
2024-04-24T00:54:57,706  INFO [LocalJobRunner Map Task Executor #0] exec.FileSinkOperator: TOTAL_TABLE_ROWS_WRITTEN:2, RECORDS_OUT_INTERMEDIATE:0, RECORDS_OUT_1_default.t:2, RECORDS_OUT_OPERATOR_FS_15:2, 
2024-04-24T00:54:57,706  INFO [LocalJobRunner Map Task Executor #0] mapred.LocalJobRunner: 
2024-04-24T00:54:57,707  INFO [LocalJobRunner Map Task Executor #0] mapred.Task: Task:attempt_local1672703351_0047_m_000000_0 is done. And is in the process of committing
2024-04-24T00:54:57,707  INFO [LocalJobRunner Map Task Executor #0] mapred.LocalJobRunner: OrcSplit [file:/home/alex/Repositories/hive/ql/target/tmp/org.apache.hadoop.hive.ql.TestTxnNoBuckets-1713945183193/warehouse/acidtbl/delta_0000001_0000001_0000/bucket_00001_0, start=3, length=317, isOriginal=false, fileLength=704, hasFooter=false, hasBase=true, deltas=0]
2024-04-24T00:54:57,707  INFO [LocalJobRunner Map Task Executor #0] mapred.Task: Task 'attempt_local1672703351_0047_m_000000_0' done.
2024-04-24T00:54:57,707  INFO [LocalJobRunner Map Task Executor #0] mapred.Task: Final Counters for attempt_local1672703351_0047_m_000000_0: Counters: 31
	File System Counters
		FILE: Number of bytes read=1127180
		FILE: Number of bytes written=56521032
		FILE: Number of read operations=0
		FILE: Number of large read operations=0
		FILE: Number of write operations=0
	Map-Reduce Framework
		Map input records=3
		Map output records=0
		Input split bytes=497
		Spilled Records=0
		Failed Shuffles=0
		Merged Map outputs=0
		GC time elapsed (ms)=0
		Total committed heap usage (bytes)=1389363200
	HIVE
		CREATED_FILES=1
		DESERIALIZE_ERRORS=0
		RECORDS_IN=3
		RECORDS_OUT_1_default.t=6
		RECORDS_OUT_INTERMEDIATE=0
		RECORDS_OUT_OPERATOR_FIL_17=1
		RECORDS_OUT_OPERATOR_FIL_18=1
		RECORDS_OUT_OPERATOR_FS_15=6
		RECORDS_OUT_OPERATOR_MAP_0=0
		RECORDS_OUT_OPERATOR_SEL_13=1
		RECORDS_OUT_OPERATOR_SEL_9=1
		RECORDS_OUT_OPERATOR_TS_11=3
		RECORDS_OUT_OPERATOR_TS_20=0
		RECORDS_OUT_OPERATOR_TS_7=3
		RECORDS_OUT_OPERATOR_UNION_10=6
		TOTAL_TABLE_ROWS_WRITTEN=6
	File Input Format Counters 
		Bytes Read=10638
	File Output Format Counters 
		Bytes Written=0
2024-04-24T00:54:57,707  INFO [LocalJobRunner Map Task Executor #0] mapred.LocalJobRunner: Finishing task: attempt_local1672703351_0047_m_000000_0
2024-04-24T00:54:57,707  INFO [LocalJobRunner Map Task Executor #0] mapred.LocalJobRunner: Starting task: attempt_local1672703351_0047_m_000001_0
2024-04-24T00:54:57,708  INFO [LocalJobRunner Map Task Executor #0] mapred.Task:  Using ResourceCalculatorProcessTree : [ ]
2024-04-24T00:54:57,708  INFO [LocalJobRunner Map Task Executor #0] mapred.MapTask: Processing split: org.apache.hadoop.hive.ql.io.orc.OrcInputFormat:OrcSplit [file:/home/alex/Repositories/hive/ql/target/tmp/org.apache.hadoop.hive.ql.TestTxnNoBuckets-1713945183193/warehouse/acidtbl/delta_0000001_0000001_0000/bucket_00000_0, start=3, length=315, isOriginal=false, fileLength=688, hasFooter=false, hasBase=true, deltas=0]
2024-04-24T00:54:57,708  INFO [LocalJobRunner Map Task Executor #0] exec.SerializationUtilities: Deserializing MapWork using kryo
2024-04-24T00:54:57,709  INFO [LocalJobRunner Map Task Executor #0] exec.Utilities: Deserialized plan (via FILE) - name: null size: 7,67KB
2024-04-24T00:54:57,710  INFO [LocalJobRunner Map Task Executor #0] orc.OrcRawRecordMerger: min key = null, max key = null
2024-04-24T00:54:57,710  INFO [LocalJobRunner Map Task Executor #0] orc.ReaderImpl: Reading ORC rows from file:/home/alex/Repositories/hive/ql/target/tmp/org.apache.hadoop.hive.ql.TestTxnNoBuckets-1713945183193/warehouse/acidtbl/delta_0000001_0000001_0000/bucket_00000_0 with {include: [true, true, true], offset: 3, length: 315, schema: struct<a:int,b:int>, includeAcidColumns: true}
2024-04-24T00:54:57,710  INFO [LocalJobRunner Map Task Executor #0] orc.OrcRawRecordMerger: updated min key = null, max key = null
2024-04-24T00:54:57,710  INFO [LocalJobRunner Map Task Executor #0] mapred.MapTask: numReduceTasks: 0
2024-04-24T00:54:57,711  INFO [LocalJobRunner Map Task Executor #0] exec.MapOperator: Initializing Operator: MAP[0]
2024-04-24T00:54:57,712  INFO [LocalJobRunner Map Task Executor #0] mr.ExecMapper: 
<MAP>Id =0
  <Children>
    <TS>Id =20
      <Children>
        <UNION>Id =10
          <Children>
            <FS>Id =15
              <Children>
              <\Children>
              <Parent>Id = 10 null<\Parent>
            <\FS>
          <\Children>
          <Parent>Id = 20 nullId = 9 
        <SEL>Id =9
          <Children>null
          <\Children>
          <Parent>Id = 17 
        <FIL>Id =17
          <Children>null
          <\Children>
          <Parent>Id = 7 
        <TS>Id =7
          <Children>null
          <\Children>
          <Parent>Id = 0 null<\Parent>
        <\TS><\Parent>
        <\FIL><\Parent>
        <\SEL>Id = 13 
        <SEL>Id =13
          <Children>null
          <\Children>
          <Parent>Id = 18 
        <FIL>Id =18
          <Children>null
          <\Children>
          <Parent>Id = 11 
        <TS>Id =11
          <Children>null
          <\Children>
          <Parent>Id = 0 null<\Parent>
        <\TS><\Parent>
        <\FIL><\Parent>
        <\SEL><\Parent>
        <\UNION>
      <\Children>
      <Parent>Id = 0 null<\Parent>
    <\TS>nullnull
  <\Children>
  <Parent><\Parent>
<\MAP>
2024-04-24T00:54:57,713  INFO [LocalJobRunner Map Task Executor #0] exec.TableScanOperator: Initializing Operator: TS[11]
2024-04-24T00:54:57,713  INFO [LocalJobRunner Map Task Executor #0] exec.FilterOperator: Initializing Operator: FIL[18]
2024-04-24T00:54:57,713  INFO [LocalJobRunner Map Task Executor #0] exec.SelectOperator: Initializing Operator: SEL[13]
2024-04-24T00:54:57,713  INFO [LocalJobRunner Map Task Executor #0] exec.SelectOperator: SELECT struct<a:int,b:int>
2024-04-24T00:54:57,713  INFO [LocalJobRunner Map Task Executor #0] exec.TableScanOperator: Initializing Operator: TS[20]
2024-04-24T00:54:57,713  INFO [LocalJobRunner Map Task Executor #0] exec.TableScanOperator: Initializing Operator: TS[7]
2024-04-24T00:54:57,713  INFO [LocalJobRunner Map Task Executor #0] exec.FilterOperator: Initializing Operator: FIL[17]
2024-04-24T00:54:57,713  INFO [LocalJobRunner Map Task Executor #0] exec.SelectOperator: Initializing Operator: SEL[9]
2024-04-24T00:54:57,713  INFO [LocalJobRunner Map Task Executor #0] exec.SelectOperator: SELECT struct<a:int,b:int>
2024-04-24T00:54:57,713  INFO [LocalJobRunner Map Task Executor #0] exec.UnionOperator: Initializing Operator: UNION[10]
2024-04-24T00:54:57,713  INFO [LocalJobRunner Map Task Executor #0] exec.UnionOperator: Union Operator needs to transform row from parent[0] from org.apache.hadoop.hive.serde2.lazybinary.objectinspector.LazyBinaryStructObjectInspector<org.apache.hadoop.hive.serde2.objectinspector.primitive.WritableIntObjectInspector@58932d08,org.apache.hadoop.hive.serde2.objectinspector.primitive.WritableIntObjectInspector@58932d08> to org.apache.hadoop.hive.serde2.objectinspector.StandardStructObjectInspector<org.apache.hadoop.hive.serde2.objectinspector.primitive.WritableIntObjectInspector@58932d08,org.apache.hadoop.hive.serde2.objectinspector.primitive.WritableIntObjectInspector@58932d08>
2024-04-24T00:54:57,713  INFO [LocalJobRunner Map Task Executor #0] exec.FileSinkOperator: Initializing Operator: FS[15]
2024-04-24T00:54:57,714  INFO [LocalJobRunner Map Task Executor #0] exec.FileSinkOperator: Using serializer : AbstractSerDe [log=org.apache.logging.slf4j.Log4jLogger@22a08b61, configuration=Optional[Configuration: core-default.xml, core-site.xml, mapred-default.xml, mapred-site.xml, yarn-default.xml, yarn-site.xml, hdfs-default.xml, hdfs-site.xml, file:/home/alex/Repositories/hive/ql/target/tmp/TestTxnNoBucketsVectorized/mapred/local/localRunner/alex/job_local1672703351_0047/job_local1672703351_0047.xml], properties={name=default.t, columns.types=int:int, serialization.format=1, columns=a,b, numFilesErasureCoded=0, columns.comments=&amp#0;, bucketing_version=2, serialization.lib=org.apache.hadoop.hive.ql.io.orc.OrcSerde, file.inputformat=org.apache.hadoop.hive.ql.io.orc.OrcInputFormat, file.outputformat=org.apache.hadoop.hive.ql.io.orc.OrcOutputFormat, location=file:/home/alex/Repositories/hive/ql/target/tmp/org.apache.hadoop.hive.ql.TestTxnNoBuckets-1713945183193/warehouse/t, column.name.delimiter=,}, tableProperties={name=default.t, columns.types=int:int, serialization.format=1, columns=a,b, numFilesErasureCoded=0, columns.comments=&amp#0;, bucketing_version=2, serialization.lib=org.apache.hadoop.hive.ql.io.orc.OrcSerde, file.inputformat=org.apache.hadoop.hive.ql.io.orc.OrcInputFormat, location=file:/home/alex/Repositories/hive/ql/target/tmp/org.apache.hadoop.hive.ql.TestTxnNoBuckets-1713945183193/warehouse/t, file.outputformat=org.apache.hadoop.hive.ql.io.orc.OrcOutputFormat, column.name.delimiter=,}, partitionProperties=Optional.empty, columnNames=[a, b], columnTypes=[int, int], getClass()=class org.apache.hadoop.hive.ql.io.orc.OrcSerde] and formatter : org.apache.hadoop.hive.ql.io.orc.OrcOutputFormat@7f08bc01
2024-04-24T00:54:57,714  INFO [LocalJobRunner Map Task Executor #0] exec.MapOperator: MAP[0]: records read - 1
2024-04-24T00:54:57,715  INFO [LocalJobRunner Map Task Executor #0] exec.FileSinkOperator: Final Path: FS file:/home/alex/Repositories/hive/ql/target/tmp/org.apache.hadoop.hive.ql.TestTxnNoBuckets-1713945183193/warehouse/t/.hive-staging_hive_2024-04-24_00-54-55_717_7689588719723166957-1/_tmp.-ext-10000/000001_0
2024-04-24T00:54:57,715  INFO [LocalJobRunner Map Task Executor #0] exec.FileSinkOperator: Writing to temp file: FS file:/home/alex/Repositories/hive/ql/target/tmp/org.apache.hadoop.hive.ql.TestTxnNoBuckets-1713945183193/warehouse/t/.hive-staging_hive_2024-04-24_00-54-55_717_7689588719723166957-1/_task_tmp.-ext-10000/_tmp.000001_0
2024-04-24T00:54:57,715  INFO [LocalJobRunner Map Task Executor #0] exec.FileSinkOperator: New Final Path: FS file:/home/alex/Repositories/hive/ql/target/tmp/org.apache.hadoop.hive.ql.TestTxnNoBuckets-1713945183193/warehouse/t/.hive-staging_hive_2024-04-24_00-54-55_717_7689588719723166957-1/_tmp.-ext-10000/000001_0
2024-04-24T00:54:57,715  INFO [LocalJobRunner Map Task Executor #0] exec.FileSinkOperator: FS[15]: records written - 1
2024-04-24T00:54:57,715  INFO [LocalJobRunner Map Task Executor #0] impl.PhysicalFsWriter: ORC writer created for path: file:/home/alex/Repositories/hive/ql/target/tmp/org.apache.hadoop.hive.ql.TestTxnNoBuckets-1713945183193/warehouse/t/.hive-staging_hive_2024-04-24_00-54-55_717_7689588719723166957-1/_task_tmp.-ext-10000/_tmp.000001_0 with stripeSize: 67108864 blockSize: 268435456 compression: Compress: ZLIB buffer: 262144
2024-04-24T00:54:57,720  INFO [LocalJobRunner Map Task Executor #0] impl.WriterImpl: ORC writer created for path: file:/home/alex/Repositories/hive/ql/target/tmp/org.apache.hadoop.hive.ql.TestTxnNoBuckets-1713945183193/warehouse/t/.hive-staging_hive_2024-04-24_00-54-55_717_7689588719723166957-1/_task_tmp.-ext-10000/_tmp.000001_0 with stripeSize: 67108864 options: Compress: ZLIB buffer: 262144
2024-04-24T00:54:57,720  INFO [LocalJobRunner Map Task Executor #0] exec.MapOperator: Closing Operator: MAP[0]
2024-04-24T00:54:57,720  INFO [LocalJobRunner Map Task Executor #0] exec.MapOperator: MAP[0]: Total records read - 2. abort - false
2024-04-24T00:54:57,720  INFO [LocalJobRunner Map Task Executor #0] exec.MapOperator: RECORDS_OUT_OPERATOR_MAP_0:0, RECORDS_OUT_INTERMEDIATE:0, DESERIALIZE_ERRORS:0, RECORDS_IN:2, 
2024-04-24T00:54:57,720  INFO [LocalJobRunner Map Task Executor #0] exec.TableScanOperator: Closing Operator: TS[20]
2024-04-24T00:54:57,720  INFO [LocalJobRunner Map Task Executor #0] exec.TableScanOperator: RECORDS_OUT_OPERATOR_TS_20:0, RECORDS_OUT_INTERMEDIATE:0, 
2024-04-24T00:54:57,720  INFO [LocalJobRunner Map Task Executor #0] exec.TableScanOperator: Closing Operator: TS[7]
2024-04-24T00:54:57,720  INFO [LocalJobRunner Map Task Executor #0] exec.TableScanOperator: RECORDS_OUT_OPERATOR_TS_7:2, RECORDS_OUT_INTERMEDIATE:0, 
2024-04-24T00:54:57,720  INFO [LocalJobRunner Map Task Executor #0] exec.FilterOperator: Closing Operator: FIL[17]
2024-04-24T00:54:57,720  INFO [LocalJobRunner Map Task Executor #0] exec.FilterOperator: RECORDS_OUT_INTERMEDIATE:0, RECORDS_OUT_OPERATOR_FIL_17:1, 
2024-04-24T00:54:57,720  INFO [LocalJobRunner Map Task Executor #0] exec.SelectOperator: Closing Operator: SEL[9]
2024-04-24T00:54:57,720  INFO [LocalJobRunner Map Task Executor #0] exec.SelectOperator: RECORDS_OUT_INTERMEDIATE:0, RECORDS_OUT_OPERATOR_SEL_9:1, 
2024-04-24T00:54:57,720  INFO [LocalJobRunner Map Task Executor #0] exec.TableScanOperator: Closing Operator: TS[11]
2024-04-24T00:54:57,720  INFO [LocalJobRunner Map Task Executor #0] exec.TableScanOperator: RECORDS_OUT_OPERATOR_TS_11:2, RECORDS_OUT_INTERMEDIATE:0, 
2024-04-24T00:54:57,720  INFO [LocalJobRunner Map Task Executor #0] exec.FilterOperator: Closing Operator: FIL[18]
2024-04-24T00:54:57,720  INFO [LocalJobRunner Map Task Executor #0] exec.FilterOperator: RECORDS_OUT_OPERATOR_FIL_18:0, RECORDS_OUT_INTERMEDIATE:0, 
2024-04-24T00:54:57,720  INFO [LocalJobRunner Map Task Executor #0] exec.SelectOperator: Closing Operator: SEL[13]
2024-04-24T00:54:57,720  INFO [LocalJobRunner Map Task Executor #0] exec.SelectOperator: RECORDS_OUT_OPERATOR_SEL_13:0, RECORDS_OUT_INTERMEDIATE:0, 
2024-04-24T00:54:57,720  INFO [LocalJobRunner Map Task Executor #0] exec.UnionOperator: Closing Operator: UNION[10]
2024-04-24T00:54:57,720  INFO [LocalJobRunner Map Task Executor #0] exec.UnionOperator: RECORDS_OUT_OPERATOR_UNION_10:1, RECORDS_OUT_INTERMEDIATE:0, 
2024-04-24T00:54:57,720  INFO [LocalJobRunner Map Task Executor #0] exec.FileSinkOperator: Closing Operator: FS[15]
2024-04-24T00:54:57,720  INFO [LocalJobRunner Map Task Executor #0] exec.FileSinkOperator: FS[15]: records written - 1
2024-04-24T00:54:57,727  INFO [LocalJobRunner Map Task Executor #0] exec.FileSinkOperator: RECORDS_OUT_INTERMEDIATE:0, RECORDS_OUT_OPERATOR_FS_15:1, RECORDS_OUT_1_default.t:1, TOTAL_TABLE_ROWS_WRITTEN:1, 
2024-04-24T00:54:57,727  INFO [LocalJobRunner Map Task Executor #0] mapred.LocalJobRunner: 
2024-04-24T00:54:57,728  INFO [LocalJobRunner Map Task Executor #0] mapred.Task: Task:attempt_local1672703351_0047_m_000001_0 is done. And is in the process of committing
2024-04-24T00:54:57,728  INFO [LocalJobRunner Map Task Executor #0] mapred.LocalJobRunner: OrcSplit [file:/home/alex/Repositories/hive/ql/target/tmp/org.apache.hadoop.hive.ql.TestTxnNoBuckets-1713945183193/warehouse/acidtbl/delta_0000001_0000001_0000/bucket_00000_0, start=3, length=315, isOriginal=false, fileLength=688, hasFooter=false, hasBase=true, deltas=0]
2024-04-24T00:54:57,728  INFO [LocalJobRunner Map Task Executor #0] mapred.Task: Task 'attempt_local1672703351_0047_m_000001_0' done.
2024-04-24T00:54:57,728  INFO [LocalJobRunner Map Task Executor #0] mapred.Task: Final Counters for attempt_local1672703351_0047_m_000001_0: Counters: 31
	File System Counters
		FILE: Number of bytes read=1139109
		FILE: Number of bytes written=56521375
		FILE: Number of read operations=0
		FILE: Number of large read operations=0
		FILE: Number of write operations=0
	Map-Reduce Framework
		Map input records=2
		Map output records=0
		Input split bytes=497
		Spilled Records=0
		Failed Shuffles=0
		Merged Map outputs=0
		GC time elapsed (ms)=0
		Total committed heap usage (bytes)=1389363200
	HIVE
		CREATED_FILES=1
		DESERIALIZE_ERRORS=0
		RECORDS_IN=2
		RECORDS_OUT_1_default.t=3
		RECORDS_OUT_INTERMEDIATE=0
		RECORDS_OUT_OPERATOR_FIL_17=1
		RECORDS_OUT_OPERATOR_FIL_18=0
		RECORDS_OUT_OPERATOR_FS_15=3
		RECORDS_OUT_OPERATOR_MAP_0=0
		RECORDS_OUT_OPERATOR_SEL_13=0
		RECORDS_OUT_OPERATOR_SEL_9=1
		RECORDS_OUT_OPERATOR_TS_11=2
		RECORDS_OUT_OPERATOR_TS_20=0
		RECORDS_OUT_OPERATOR_TS_7=2
		RECORDS_OUT_OPERATOR_UNION_10=3
		TOTAL_TABLE_ROWS_WRITTEN=3
	File Input Format Counters 
		Bytes Read=10574
	File Output Format Counters 
		Bytes Written=0
2024-04-24T00:54:57,728  INFO [LocalJobRunner Map Task Executor #0] mapred.LocalJobRunner: Finishing task: attempt_local1672703351_0047_m_000001_0
2024-04-24T00:54:57,728  INFO [LocalJobRunner Map Task Executor #0] mapred.LocalJobRunner: Starting task: attempt_local1672703351_0047_m_000002_0
2024-04-24T00:54:57,728  INFO [LocalJobRunner Map Task Executor #0] mapred.Task:  Using ResourceCalculatorProcessTree : [ ]
2024-04-24T00:54:57,729  INFO [LocalJobRunner Map Task Executor #0] mapred.MapTask: Processing split: org.apache.hadoop.mapred.SequenceFileInputFormat:file:/home/alex/Repositories/hive/ql/target/tmp/localscratchdir/d722f3ca-04ab-4562-aceb-d9034f7af316/hive_2024-04-24_00-54-55_717_7689588719723166957-1/-mr-10002/000000_0:0+134
2024-04-24T00:54:57,729  INFO [LocalJobRunner Map Task Executor #0] exec.SerializationUtilities: Deserializing MapWork using kryo
2024-04-24T00:54:57,730  INFO [LocalJobRunner Map Task Executor #0] exec.Utilities: Deserialized plan (via FILE) - name: null size: 7,67KB
2024-04-24T00:54:57,730  INFO [LocalJobRunner Map Task Executor #0] exec.Utilities: schema.evolution.columns and schema.evolution.columns.types not available
2024-04-24T00:54:57,730  INFO [LocalJobRunner Map Task Executor #0] mapred.MapTask: numReduceTasks: 0
2024-04-24T00:54:57,731  INFO [LocalJobRunner Map Task Executor #0] exec.MapOperator: Initializing Operator: MAP[0]
2024-04-24T00:54:57,732  INFO [LocalJobRunner Map Task Executor #0] mr.ExecMapper: 
<MAP>Id =0
  <Children>
    <TS>Id =20
      <Children>
        <UNION>Id =10
          <Children>
            <FS>Id =15
              <Children>
              <\Children>
              <Parent>Id = 10 null<\Parent>
            <\FS>
          <\Children>
          <Parent>Id = 20 nullId = 9 
        <SEL>Id =9
          <Children>null
          <\Children>
          <Parent>Id = 17 
        <FIL>Id =17
          <Children>null
          <\Children>
          <Parent>Id = 7 
        <TS>Id =7
          <Children>null
          <\Children>
          <Parent>Id = 0 null<\Parent>
        <\TS><\Parent>
        <\FIL><\Parent>
        <\SEL>Id = 13 
        <SEL>Id =13
          <Children>null
          <\Children>
          <Parent>Id = 18 
        <FIL>Id =18
          <Children>null
          <\Children>
          <Parent>Id = 11 
        <TS>Id =11
          <Children>null
          <\Children>
          <Parent>Id = 0 null<\Parent>
        <\TS><\Parent>
        <\FIL><\Parent>
        <\SEL><\Parent>
        <\UNION>
      <\Children>
      <Parent>Id = 0 null<\Parent>
    <\TS>nullnull
  <\Children>
  <Parent><\Parent>
<\MAP>
2024-04-24T00:54:57,733  INFO [LocalJobRunner Map Task Executor #0] exec.TableScanOperator: Initializing Operator: TS[20]
2024-04-24T00:54:57,733  INFO [LocalJobRunner Map Task Executor #0] exec.TableScanOperator: Initializing Operator: TS[7]
2024-04-24T00:54:57,733  INFO [LocalJobRunner Map Task Executor #0] exec.FilterOperator: Initializing Operator: FIL[17]
2024-04-24T00:54:57,733  INFO [LocalJobRunner Map Task Executor #0] exec.SelectOperator: Initializing Operator: SEL[9]
2024-04-24T00:54:57,733  INFO [LocalJobRunner Map Task Executor #0] exec.SelectOperator: SELECT struct<a:int,b:int>
2024-04-24T00:54:57,733  INFO [LocalJobRunner Map Task Executor #0] exec.TableScanOperator: Initializing Operator: TS[11]
2024-04-24T00:54:57,733  INFO [LocalJobRunner Map Task Executor #0] exec.FilterOperator: Initializing Operator: FIL[18]
2024-04-24T00:54:57,733  INFO [LocalJobRunner Map Task Executor #0] exec.SelectOperator: Initializing Operator: SEL[13]
2024-04-24T00:54:57,733  INFO [LocalJobRunner Map Task Executor #0] exec.SelectOperator: SELECT struct<a:int,b:int>
2024-04-24T00:54:57,733  INFO [LocalJobRunner Map Task Executor #0] exec.UnionOperator: Initializing Operator: UNION[10]
2024-04-24T00:54:57,733  INFO [LocalJobRunner Map Task Executor #0] exec.UnionOperator: Union Operator needs to transform row from parent[0] from org.apache.hadoop.hive.serde2.lazybinary.objectinspector.LazyBinaryStructObjectInspector<org.apache.hadoop.hive.serde2.objectinspector.primitive.WritableIntObjectInspector@58932d08,org.apache.hadoop.hive.serde2.objectinspector.primitive.WritableIntObjectInspector@58932d08> to org.apache.hadoop.hive.serde2.objectinspector.StandardStructObjectInspector<org.apache.hadoop.hive.serde2.objectinspector.primitive.WritableIntObjectInspector@58932d08,org.apache.hadoop.hive.serde2.objectinspector.primitive.WritableIntObjectInspector@58932d08>
2024-04-24T00:54:57,734  INFO [LocalJobRunner Map Task Executor #0] exec.FileSinkOperator: Initializing Operator: FS[15]
2024-04-24T00:54:57,734  INFO [LocalJobRunner Map Task Executor #0] exec.FileSinkOperator: Using serializer : AbstractSerDe [log=org.apache.logging.slf4j.Log4jLogger@22a08b61, configuration=Optional[Configuration: core-default.xml, core-site.xml, mapred-default.xml, mapred-site.xml, yarn-default.xml, yarn-site.xml, hdfs-default.xml, hdfs-site.xml, file:/home/alex/Repositories/hive/ql/target/tmp/TestTxnNoBucketsVectorized/mapred/local/localRunner/alex/job_local1672703351_0047/job_local1672703351_0047.xml], properties={name=default.t, columns.types=int:int, serialization.format=1, columns=a,b, numFilesErasureCoded=0, columns.comments=&amp#0;, bucketing_version=2, serialization.lib=org.apache.hadoop.hive.ql.io.orc.OrcSerde, file.inputformat=org.apache.hadoop.hive.ql.io.orc.OrcInputFormat, file.outputformat=org.apache.hadoop.hive.ql.io.orc.OrcOutputFormat, location=file:/home/alex/Repositories/hive/ql/target/tmp/org.apache.hadoop.hive.ql.TestTxnNoBuckets-1713945183193/warehouse/t, column.name.delimiter=,}, tableProperties={name=default.t, columns.types=int:int, serialization.format=1, columns=a,b, numFilesErasureCoded=0, columns.comments=&amp#0;, bucketing_version=2, serialization.lib=org.apache.hadoop.hive.ql.io.orc.OrcSerde, file.inputformat=org.apache.hadoop.hive.ql.io.orc.OrcInputFormat, location=file:/home/alex/Repositories/hive/ql/target/tmp/org.apache.hadoop.hive.ql.TestTxnNoBuckets-1713945183193/warehouse/t, file.outputformat=org.apache.hadoop.hive.ql.io.orc.OrcOutputFormat, column.name.delimiter=,}, partitionProperties=Optional.empty, columnNames=[a, b], columnTypes=[int, int], getClass()=class org.apache.hadoop.hive.ql.io.orc.OrcSerde] and formatter : org.apache.hadoop.hive.ql.io.orc.OrcOutputFormat@2872dc76
2024-04-24T00:54:57,734  INFO [LocalJobRunner Map Task Executor #0] exec.FileSinkOperator: Final Path: FS file:/home/alex/Repositories/hive/ql/target/tmp/org.apache.hadoop.hive.ql.TestTxnNoBuckets-1713945183193/warehouse/t/.hive-staging_hive_2024-04-24_00-54-55_717_7689588719723166957-1/_tmp.-ext-10000/000002_0
2024-04-24T00:54:57,734  INFO [LocalJobRunner Map Task Executor #0] exec.FileSinkOperator: Writing to temp file: FS file:/home/alex/Repositories/hive/ql/target/tmp/org.apache.hadoop.hive.ql.TestTxnNoBuckets-1713945183193/warehouse/t/.hive-staging_hive_2024-04-24_00-54-55_717_7689588719723166957-1/_task_tmp.-ext-10000/_tmp.000002_0
2024-04-24T00:54:57,734  INFO [LocalJobRunner Map Task Executor #0] exec.FileSinkOperator: New Final Path: FS file:/home/alex/Repositories/hive/ql/target/tmp/org.apache.hadoop.hive.ql.TestTxnNoBuckets-1713945183193/warehouse/t/.hive-staging_hive_2024-04-24_00-54-55_717_7689588719723166957-1/_tmp.-ext-10000/000002_0
2024-04-24T00:54:57,734  INFO [LocalJobRunner Map Task Executor #0] exec.FileSinkOperator: FS[15]: records written - 1
2024-04-24T00:54:57,734  INFO [LocalJobRunner Map Task Executor #0] impl.PhysicalFsWriter: ORC writer created for path: file:/home/alex/Repositories/hive/ql/target/tmp/org.apache.hadoop.hive.ql.TestTxnNoBuckets-1713945183193/warehouse/t/.hive-staging_hive_2024-04-24_00-54-55_717_7689588719723166957-1/_task_tmp.-ext-10000/_tmp.000002_0 with stripeSize: 67108864 blockSize: 268435456 compression: Compress: ZLIB buffer: 262144
2024-04-24T00:54:57,739  INFO [LocalJobRunner Map Task Executor #0] impl.WriterImpl: ORC writer created for path: file:/home/alex/Repositories/hive/ql/target/tmp/org.apache.hadoop.hive.ql.TestTxnNoBuckets-1713945183193/warehouse/t/.hive-staging_hive_2024-04-24_00-54-55_717_7689588719723166957-1/_task_tmp.-ext-10000/_tmp.000002_0 with stripeSize: 67108864 options: Compress: ZLIB buffer: 262144
2024-04-24T00:54:57,739  INFO [LocalJobRunner Map Task Executor #0] exec.MapOperator: MAP[0]: records read - 1
2024-04-24T00:54:57,740  INFO [LocalJobRunner Map Task Executor #0] exec.MapOperator: Closing Operator: MAP[0]
2024-04-24T00:54:57,740  INFO [LocalJobRunner Map Task Executor #0] exec.MapOperator: MAP[0]: Total records read - 2. abort - false
2024-04-24T00:54:57,740  INFO [LocalJobRunner Map Task Executor #0] exec.MapOperator: RECORDS_IN:2, RECORDS_OUT_INTERMEDIATE:0, DESERIALIZE_ERRORS:0, RECORDS_OUT_OPERATOR_MAP_0:0, 
2024-04-24T00:54:57,740  INFO [LocalJobRunner Map Task Executor #0] exec.TableScanOperator: Closing Operator: TS[20]
2024-04-24T00:54:57,740  INFO [LocalJobRunner Map Task Executor #0] exec.TableScanOperator: RECORDS_OUT_OPERATOR_TS_20:2, RECORDS_OUT_INTERMEDIATE:0, 
2024-04-24T00:54:57,740  INFO [LocalJobRunner Map Task Executor #0] exec.TableScanOperator: Closing Operator: TS[7]
2024-04-24T00:54:57,740  INFO [LocalJobRunner Map Task Executor #0] exec.TableScanOperator: RECORDS_OUT_OPERATOR_TS_7:0, RECORDS_OUT_INTERMEDIATE:0, 
2024-04-24T00:54:57,740  INFO [LocalJobRunner Map Task Executor #0] exec.FilterOperator: Closing Operator: FIL[17]
2024-04-24T00:54:57,740  INFO [LocalJobRunner Map Task Executor #0] exec.FilterOperator: RECORDS_OUT_OPERATOR_FIL_17:0, RECORDS_OUT_INTERMEDIATE:0, 
2024-04-24T00:54:57,740  INFO [LocalJobRunner Map Task Executor #0] exec.SelectOperator: Closing Operator: SEL[9]
2024-04-24T00:54:57,740  INFO [LocalJobRunner Map Task Executor #0] exec.SelectOperator: RECORDS_OUT_INTERMEDIATE:0, RECORDS_OUT_OPERATOR_SEL_9:0, 
2024-04-24T00:54:57,740  INFO [LocalJobRunner Map Task Executor #0] exec.TableScanOperator: Closing Operator: TS[11]
2024-04-24T00:54:57,740  INFO [LocalJobRunner Map Task Executor #0] exec.TableScanOperator: RECORDS_OUT_OPERATOR_TS_11:0, RECORDS_OUT_INTERMEDIATE:0, 
2024-04-24T00:54:57,740  INFO [LocalJobRunner Map Task Executor #0] exec.FilterOperator: Closing Operator: FIL[18]
2024-04-24T00:54:57,740  INFO [LocalJobRunner Map Task Executor #0] exec.FilterOperator: RECORDS_OUT_INTERMEDIATE:0, RECORDS_OUT_OPERATOR_FIL_18:0, 
2024-04-24T00:54:57,740  INFO [LocalJobRunner Map Task Executor #0] exec.SelectOperator: Closing Operator: SEL[13]
2024-04-24T00:54:57,740  INFO [LocalJobRunner Map Task Executor #0] exec.SelectOperator: RECORDS_OUT_OPERATOR_SEL_13:0, RECORDS_OUT_INTERMEDIATE:0, 
2024-04-24T00:54:57,740  INFO [LocalJobRunner Map Task Executor #0] exec.UnionOperator: Closing Operator: UNION[10]
2024-04-24T00:54:57,740  INFO [LocalJobRunner Map Task Executor #0] exec.UnionOperator: RECORDS_OUT_INTERMEDIATE:0, RECORDS_OUT_OPERATOR_UNION_10:2, 
2024-04-24T00:54:57,740  INFO [LocalJobRunner Map Task Executor #0] exec.FileSinkOperator: Closing Operator: FS[15]
2024-04-24T00:54:57,741  INFO [LocalJobRunner Map Task Executor #0] exec.FileSinkOperator: FS[15]: records written - 2
2024-04-24T00:54:57,747  INFO [LocalJobRunner Map Task Executor #0] exec.FileSinkOperator: RECORDS_OUT_1_default.t:2, RECORDS_OUT_OPERATOR_FS_15:2, TOTAL_TABLE_ROWS_WRITTEN:2, RECORDS_OUT_INTERMEDIATE:0, 
2024-04-24T00:54:57,748  INFO [LocalJobRunner Map Task Executor #0] mapred.LocalJobRunner: 
2024-04-24T00:54:57,748  INFO [LocalJobRunner Map Task Executor #0] mapred.Task: Task:attempt_local1672703351_0047_m_000002_0 is done. And is in the process of committing
2024-04-24T00:54:57,748  INFO [LocalJobRunner Map Task Executor #0] mapred.LocalJobRunner: file:/home/alex/Repositories/hive/ql/target/tmp/localscratchdir/d722f3ca-04ab-4562-aceb-d9034f7af316/hive_2024-04-24_00-54-55_717_7689588719723166957-1/-mr-10002/000000_0:0+134
2024-04-24T00:54:57,748  INFO [LocalJobRunner Map Task Executor #0] mapred.Task: Task 'attempt_local1672703351_0047_m_000002_0' done.
2024-04-24T00:54:57,748  INFO [LocalJobRunner Map Task Executor #0] mapred.Task: Final Counters for attempt_local1672703351_0047_m_000002_0: Counters: 31
	File System Counters
		FILE: Number of bytes read=1147986
		FILE: Number of bytes written=56521718
		FILE: Number of read operations=0
		FILE: Number of large read operations=0
		FILE: Number of write operations=0
	Map-Reduce Framework
		Map input records=2
		Map output records=0
		Input split bytes=334
		Spilled Records=0
		Failed Shuffles=0
		Merged Map outputs=0
		GC time elapsed (ms)=0
		Total committed heap usage (bytes)=1389363200
	HIVE
		CREATED_FILES=1
		DESERIALIZE_ERRORS=0
		RECORDS_IN=2
		RECORDS_OUT_1_default.t=6
		RECORDS_OUT_INTERMEDIATE=0
		RECORDS_OUT_OPERATOR_FIL_17=0
		RECORDS_OUT_OPERATOR_FIL_18=0
		RECORDS_OUT_OPERATOR_FS_15=6
		RECORDS_OUT_OPERATOR_MAP_0=0
		RECORDS_OUT_OPERATOR_SEL_13=0
		RECORDS_OUT_OPERATOR_SEL_9=0
		RECORDS_OUT_OPERATOR_TS_11=0
		RECORDS_OUT_OPERATOR_TS_20=2
		RECORDS_OUT_OPERATOR_TS_7=0
		RECORDS_OUT_OPERATOR_UNION_10=6
		TOTAL_TABLE_ROWS_WRITTEN=6
	File Input Format Counters 
		Bytes Read=8034
	File Output Format Counters 
		Bytes Written=0
2024-04-24T00:54:57,748  INFO [LocalJobRunner Map Task Executor #0] mapred.LocalJobRunner: Finishing task: attempt_local1672703351_0047_m_000002_0
2024-04-24T00:54:57,748  INFO [Thread-3089] mapred.LocalJobRunner: map task executor complete.
2024-04-24 00:54:58,683 Stage-2 map = 100%,  reduce = 0%
2024-04-24T00:54:58,683  INFO [main] exec.Task: 2024-04-24 00:54:58,683 Stage-2 map = 100%,  reduce = 0%
Ended Job = job_local1672703351_0047
2024-04-24T00:54:58,685  INFO [main] exec.Task: Ended Job = job_local1672703351_0047
2024-04-24T00:54:58,691  INFO [main] ql.Driver: Starting task [Stage-0:MOVE] in serial mode
Loading data to table default.t
2024-04-24T00:54:58,692  INFO [main] exec.Task: Loading data to table default.t from file:/home/alex/Repositories/hive/ql/target/tmp/org.apache.hadoop.hive.ql.TestTxnNoBuckets-1713945183193/warehouse/t/.hive-staging_hive_2024-04-24_00-54-55_717_7689588719723166957-1/-ext-10000
2024-04-24T00:54:58,692  INFO [main] HiveMetaStore.audit: ugi=alex	ip=unknown-ip-addr	cmd=get_table : tbl=hive.default.t	
2024-04-24T00:54:58,720  INFO [main] metastore.HMSHandler: Skipping translation for processor with null
2024-04-24T00:54:58,721  INFO [main] HiveMetaStore.audit: ugi=alex	ip=unknown-ip-addr	cmd=get_table : tbl=hive.default.t	
2024-04-24T00:54:58,735  INFO [main] metastore.HMSHandler: Skipping translation for processor with null
2024-04-24T00:54:58,737  WARN [main] metadata.Hive: Cannot get a table snapshot for t
2024-04-24T00:54:58,737  INFO [main] HiveMetaStore.audit: ugi=alex	ip=unknown-ip-addr	cmd=alter_table: hive.default.t newtbl=t	
2024-04-24T00:54:58,763  INFO [main] ql.Driver: Starting task [Stage-3:STATS] in serial mode
2024-04-24T00:54:58,764  INFO [main] HiveMetaStore.audit: ugi=alex	ip=unknown-ip-addr	cmd=get_table : tbl=hive.default.t	
2024-04-24T00:54:58,773  INFO [main] metastore.HMSHandler: Skipping translation for processor with null
2024-04-24T00:54:58,773  INFO [main] stats.BasicStatsTask: Executing stats task
2024-04-24T00:54:58,774  INFO [main] fs.FSStatsPublisher: created : file:/home/alex/Repositories/hive/ql/target/tmp/localscratchdir/d722f3ca-04ab-4562-aceb-d9034f7af316/hive_2024-04-24_00-54-55_717_7689588719723166957-1/-mr-10001
2024-04-24T00:54:58,775  INFO [main] HiveMetaStore.audit: ugi=alex	ip=unknown-ip-addr	cmd=get_table : tbl=hive.default.t	
2024-04-24T00:54:58,785  INFO [main] metastore.HMSHandler: Skipping translation for processor with null
2024-04-24T00:54:58,785  INFO [main] FileOperations: Read stats for default.t/, numRows, true, 5, false: 
2024-04-24T00:54:58,786  INFO [main] FileOperations: Read stats for default.t/, rawDataSize, true, 40, false: 
2024-04-24T00:54:58,786  WARN [main] metadata.Hive: Cannot get a table snapshot for t
2024-04-24T00:54:58,786  INFO [main] HiveMetaStore.audit: ugi=alex	ip=unknown-ip-addr	cmd=alter_table: hive.default.t newtbl=t	
2024-04-24T00:54:58,811  INFO [main] stats.BasicStatsTask: Table default.t stats: [numFiles=3, numRows=5, totalSize=764, rawDataSize=40, numFilesErasureCoded=0]
2024-04-24T00:54:58,811  INFO [main] metadata.Hive: Dumping metastore api call timing information for : execution phase
2024-04-24T00:54:58,811  INFO [main] metadata.Hive: Total time spent in each metastore function (ms): {getTable_(GetTableRequest)=62, isCompatibleWith_(Configuration)=1, alter_table_(String, String, String, Table, EnvironmentContext, String)=51}
MapReduce Jobs Launched: 
2024-04-24T00:54:58,812  INFO [main] ql.Driver: MapReduce Jobs Launched: 
Stage-Stage-1:  HDFS Read: 0 HDFS Write: 0 SUCCESS
2024-04-24T00:54:58,812  INFO [main] ql.Driver: Stage-Stage-1:  HDFS Read: 0 HDFS Write: 0 SUCCESS
Stage-Stage-2:  HDFS Read: 0 HDFS Write: 0 SUCCESS
2024-04-24T00:54:58,812  INFO [main] ql.Driver: Stage-Stage-2:  HDFS Read: 0 HDFS Write: 0 SUCCESS
Total MapReduce CPU Time Spent: 0 msec
2024-04-24T00:54:58,812  INFO [main] ql.Driver: Total MapReduce CPU Time Spent: 0 msec
2024-04-24T00:54:58,812  INFO [main] ql.Driver: Completed executing command(queryId=alex_20240424005453_a4844c6b-901a-4b7d-8ebf-c288eb290ab4); Time taken: 2.752 seconds
2024-04-24T00:54:58,812  INFO [main] lockmgr.DbTxnManager: Stopped heartbeat for query: alex_20240424005453_a4844c6b-901a-4b7d-8ebf-c288eb290ab4
2024-04-24T00:54:58,815  INFO [main] txn.TxnHandler: Expected to move at least one record from txn_components to completed_txn_components when committing txn! txnid:16
2024-04-24T00:54:58,820  INFO [main] txn.TxnHandler: Removed transactions: ([16]) from MIN_HISTORY_LEVEL
2024-04-24T00:54:58,820  WARN [main] txn.CompactionTxnHandler: No compaction queue record found for Compaction type transaction commit. txnId:16
2024-04-24T00:54:58,821  INFO [main] ql.TxnCommandsBaseForTests: Running the query: insert into T values(12,12)
2024-04-24T00:54:58,821  INFO [main] ql.Context: Deleting scratch dir: file:/home/alex/Repositories/hive/ql/target/tmp/localscratchdir/d722f3ca-04ab-4562-aceb-d9034f7af316/hive_2024-04-24_00-54-55_717_7689588719723166957-1
2024-04-24T00:54:58,822  INFO [main] cleanup.SyncCleanupService: Deleted directory: file:/home/alex/Repositories/hive/ql/target/tmp/localscratchdir/d722f3ca-04ab-4562-aceb-d9034f7af316/hive_2024-04-24_00-54-55_717_7689588719723166957-1 on fs with scheme file
2024-04-24T00:54:58,822  INFO [main] ql.Context: Deleting scratch dir: file:/home/alex/Repositories/hive/ql/target/tmp/org.apache.hadoop.hive.ql.TestTxnNoBuckets-1713945183193/warehouse/t/.hive-staging_hive_2024-04-24_00-54-55_717_7689588719723166957-1
2024-04-24T00:54:58,822  INFO [main] cleanup.SyncCleanupService: Deleted directory: file:/home/alex/Repositories/hive/ql/target/tmp/org.apache.hadoop.hive.ql.TestTxnNoBuckets-1713945183193/warehouse/t/.hive-staging_hive_2024-04-24_00-54-55_717_7689588719723166957-1 on fs with scheme file
2024-04-24T00:54:58,822  INFO [main] ql.Driver: Compiling command(queryId=alex_20240424005453_a4844c6b-901a-4b7d-8ebf-c288eb290ab4): insert into T values(12,12)
2024-04-24T00:54:58,825  INFO [main] txn.TxnHandler: Added entries to MIN_HISTORY_LEVEL for current txns: ([17]) with min_open_txn: 17
2024-04-24T00:54:58,825  INFO [main] lockmgr.DbTxnManager: Opened txnid:17
2024-04-24T00:54:58,825  INFO [main] parse.CalcitePlanner: Starting caching scope for: alex_20240424005453_a4844c6b-901a-4b7d-8ebf-c288eb290ab4
2024-04-24T00:54:58,826  INFO [main] parse.CalcitePlanner: Starting Semantic Analysis
2024-04-24T00:54:58,828  INFO [main] HiveMetaStore.audit: ugi=alex	ip=unknown-ip-addr	cmd=get_table : tbl=hive.default.T	
2024-04-24T00:54:58,838  INFO [main] metastore.HMSHandler: Skipping translation for processor with null
2024-04-24T00:54:58,838  INFO [main] parse.CalcitePlanner: Completed phase 1 of Semantic Analysis
2024-04-24T00:54:58,838  INFO [main] parse.CalcitePlanner: Get metadata for source tables
2024-04-24T00:54:58,838  INFO [main] parse.CalcitePlanner: Get metadata for subqueries
2024-04-24T00:54:58,838  INFO [main] parse.CalcitePlanner: Get metadata for destination tables
2024-04-24T00:54:58,838  INFO [main] HiveMetaStore.audit: ugi=alex	ip=unknown-ip-addr	cmd=get_table : tbl=hive.default.T	
2024-04-24T00:54:58,847  INFO [main] metastore.HMSHandler: Skipping translation for processor with null
2024-04-24T00:54:58,847  INFO [main] parse.CalcitePlanner: Completed getting MetaData in Semantic Analysis
2024-04-24T00:54:58,847  INFO [main] parse.CalcitePlanner: Disabling LLAP IO encode as ETL query is detected
2024-04-24T00:54:58,869  INFO [main] HiveMetaStore.audit: ugi=alex	ip=unknown-ip-addr	cmd=get_all_table_constraints : tbl=hive._dummy_database._dummy_table	
2024-04-24T00:54:58,920  INFO [main] parse.CalcitePlanner: Get metadata for source tables
2024-04-24T00:54:58,920  INFO [main] parse.CalcitePlanner: Get metadata for subqueries
2024-04-24T00:54:58,920  INFO [main] parse.CalcitePlanner: Get metadata for source tables
2024-04-24T00:54:58,921  INFO [main] HiveMetaStore.audit: ugi=alex	ip=unknown-ip-addr	cmd=get_table : tbl=hive._dummy_database._dummy_table	
2024-04-24T00:54:58,923  INFO [main] parse.CalcitePlanner: Get metadata for subqueries
2024-04-24T00:54:58,923  INFO [main] parse.CalcitePlanner: Get metadata for destination tables
2024-04-24T00:54:58,923  INFO [main] parse.CalcitePlanner: Get metadata for destination tables
2024-04-24T00:54:58,925  INFO [main] common.FileUtils: Creating directory if it doesn't exist: file:/home/alex/Repositories/hive/ql/target/tmp/org.apache.hadoop.hive.ql.TestTxnNoBuckets-1713945183193/warehouse/t/.hive-staging_hive_2024-04-24_00-54-58_822_3365130064885050601-1
2024-04-24T00:54:58,927  INFO [main] HiveMetaStore.audit: ugi=alex	ip=unknown-ip-addr	cmd=get_not_null_constraints : tbl=hive.default.t	
2024-04-24T00:54:58,928  INFO [main] HiveMetaStore.audit: ugi=alex	ip=unknown-ip-addr	cmd=get_check_constraints : tbl=hive.default.t	
2024-04-24T00:54:58,929  INFO [main] parse.CalcitePlanner: CBO Succeeded; optimized logical plan.
2024-04-24T00:54:58,932  INFO [main] optimizer.BucketVersionPopulator: not considering bucketingVersion for: TS[0] because it has -1<2 buckets 
2024-04-24T00:54:58,933  INFO [main] optimizer.SortedDynPartitionOptimizer: Sorted dynamic partitioning optimization kicked in..
2024-04-24T00:54:58,941  INFO [main] HiveMetaStore.audit: ugi=alex	ip=unknown-ip-addr	cmd=get_table : tbl=hive.default.t	
2024-04-24T00:54:58,952  INFO [main] metastore.HMSHandler: Skipping translation for processor with null
2024-04-24T00:54:58,952  INFO [main] physical.Vectorizer: Examining input format to see if vectorization is enabled.
2024-04-24T00:54:58,952  INFO [main] physical.Vectorizer: Map vectorization enabled: false
2024-04-24T00:54:58,953  INFO [main] physical.Vectorizer: Map vectorized: false
2024-04-24T00:54:58,953  INFO [main] physical.Vectorizer: Map vectorizedVertexNum: 0
2024-04-24T00:54:58,953  INFO [main] physical.Vectorizer: Map enabledConditionsMet: [hive.vectorized.use.vectorized.input.format IS true]
2024-04-24T00:54:58,953  INFO [main] physical.Vectorizer: Map enabledConditionsNotMet: [Could not enable vectorization due to partition column names size 1 is greater than the number of table column names size 0 IS false]
2024-04-24T00:54:58,953  INFO [main] physical.Vectorizer: Map inputFileFormatClassNameSet: [org.apache.hadoop.hive.ql.io.NullRowsInputFormat]
2024-04-24T00:54:58,953  INFO [main] parse.CalcitePlanner: Completed plan generation
2024-04-24T00:54:58,953  INFO [main] parse.CalcitePlanner: Ending caching scope for: alex_20240424005453_a4844c6b-901a-4b7d-8ebf-c288eb290ab4
2024-04-24T00:54:58,953  INFO [main] ql.Driver: Semantic Analysis Completed (retrial = false)
2024-04-24T00:54:58,953  INFO [main] ql.Driver: Created Hive schema: Schema(fieldSchemas:[FieldSchema(name:col1, type:int, comment:null), FieldSchema(name:col2, type:int, comment:null)], properties:null)
2024-04-24T00:54:58,953  INFO [main] metadata.Hive: Dumping metastore api call timing information for : compilation phase
2024-04-24T00:54:58,953  INFO [main] metadata.Hive: Total time spent in each metastore function (ms): {commitTxn_(CommitTxnRequest)=9, getNotNullConstraints_(NotNullConstraintsRequest)=1, getAllTableConstraints_(AllTableConstraintsRequest)=5, getValidTxns_(long)=0, getValidWriteIds_(List, String)=3, flushCache_()=0, openTxn_(String, TxnType)=2, isCompatibleWith_(Configuration)=0, getTable_(GetTableRequest)=30, getCheckConstraints_(CheckConstraintsRequest)=1}
2024-04-24T00:54:58,953  INFO [main] ql.Driver: Completed compiling command(queryId=alex_20240424005453_a4844c6b-901a-4b7d-8ebf-c288eb290ab4); Time taken: 0.131 seconds
2024-04-24T00:54:58,953  INFO [main] lockmgr.DbTxnManager: Setting lock request transaction to txnid:17 for queryId=alex_20240424005453_a4844c6b-901a-4b7d-8ebf-c288eb290ab4
2024-04-24T00:54:58,953  INFO [main] lockmgr.DbLockManager: Requesting lock for queryId=alex_20240424005453_a4844c6b-901a-4b7d-8ebf-c288eb290ab4
2024-04-24T00:54:58,967  INFO [main] lockmgr.DbLockManager: Response to queryId=alex_20240424005453_a4844c6b-901a-4b7d-8ebf-c288eb290ab4 LockResponse(lockid:11, state:ACQUIRED)
2024-04-24T00:54:58,967  INFO [main] ql.Driver: Operation QUERY obtained 1 locks
2024-04-24T00:54:58,967  INFO [main] ql.Driver: Executing command(queryId=alex_20240424005453_a4844c6b-901a-4b7d-8ebf-c288eb290ab4): insert into T values(12,12)
2024-04-24T00:54:58,967  WARN [main] ql.Driver: Hive-on-MR is deprecated in Hive 2 and may not be available in the future versions. Consider using a different execution engine (i.e. spark, tez) or using Hive 1.X releases.
Query ID = alex_20240424005453_a4844c6b-901a-4b7d-8ebf-c288eb290ab4
2024-04-24T00:54:58,967  INFO [main] ql.Driver: Query ID = alex_20240424005453_a4844c6b-901a-4b7d-8ebf-c288eb290ab4
Total jobs = 1
2024-04-24T00:54:58,967  INFO [main] ql.Driver: Total jobs = 1
Launching Job 1 out of 1
2024-04-24T00:54:58,967  INFO [main] ql.Driver: Launching Job 1 out of 1
2024-04-24T00:54:59,115  INFO [main] ql.Driver: Starting task [Stage-1:MAPRED] in serial mode
Number of reduce tasks is set to 0 since there's no reduce operator
2024-04-24T00:54:59,116  INFO [main] exec.Task: Number of reduce tasks is set to 0 since there's no reduce operator
2024-04-24T00:54:59,118  INFO [main] mr.ExecDriver: Using org.apache.hadoop.hive.ql.io.HiveInputFormat
2024-04-24T00:54:59,118  INFO [main] exec.Utilities: Processing alias $hdt$_0:_dummy_table
2024-04-24T00:54:59,118  INFO [main] exec.Utilities: Adding 1 inputs; the first input is file:/home/alex/Repositories/hive/ql/target/tmp/localscratchdir/d722f3ca-04ab-4562-aceb-d9034f7af316/hive_2024-04-24_00-54-58_822_3365130064885050601-1/dummy_path
2024-04-24T00:54:59,127  INFO [main] exec.SerializationUtilities: Serializing MapWork using kryo
2024-04-24T00:54:59,128  INFO [main] exec.Utilities: Serialized plan (via FILE) - name: null size: 6,03KB
2024-04-24T00:54:59,128  WARN [main] impl.MetricsSystemImpl: JobTracker metrics system already initialized!
2024-04-24T00:54:59,132  INFO [main] fs.FSStatsPublisher: created : file:/home/alex/Repositories/hive/ql/target/tmp/localscratchdir/d722f3ca-04ab-4562-aceb-d9034f7af316/hive_2024-04-24_00-54-58_822_3365130064885050601-1/-mr-10001
2024-04-24T00:54:59,137  WARN [main] impl.MetricsSystemImpl: JobTracker metrics system already initialized!
2024-04-24T00:54:59,144  WARN [main] mapreduce.JobResourceUploader: Hadoop command-line option parsing not performed. Implement the Tool interface and execute your application with ToolRunner to remedy this.
2024-04-24T00:54:59,150  WARN [main] mapreduce.JobResourceUploader: No job jar file set.  User classes may not be found. See Job or Job#setJar(String).
2024-04-24T00:54:59,151  INFO [main] io.HiveInputFormat: hive.io.file.readcolumn.ids = 
2024-04-24T00:54:59,151  INFO [main] io.HiveInputFormat: hive.io.file.readcolumn.names = 
2024-04-24T00:54:59,151  INFO [main] io.HiveInputFormat: Generating splits for dirs: file:/home/alex/Repositories/hive/ql/target/tmp/localscratchdir/d722f3ca-04ab-4562-aceb-d9034f7af316/hive_2024-04-24_00-54-58_822_3365130064885050601-1/dummy_path
2024-04-24T00:54:59,151  INFO [main] io.HiveInputFormat: number of splits 1
2024-04-24T00:54:59,170  INFO [main] mapreduce.JobSubmitter: number of splits:1
2024-04-24T00:54:59,189  INFO [main] mapreduce.JobSubmitter: Submitting tokens for job: job_local618121388_0048
2024-04-24T00:54:59,189  INFO [main] mapreduce.JobSubmitter: Executing with tokens: []
2024-04-24T00:54:59,250  INFO [main] mapreduce.Job: The url to track the job: http://localhost:8080/
Job running in-process (local Hadoop)
2024-04-24T00:54:59,250  INFO [main] exec.Task: Job running in-process (local Hadoop)
2024-04-24T00:54:59,250  INFO [Thread-3137] mapred.LocalJobRunner: OutputCommitter set in config org.apache.hadoop.hive.ql.io.HiveFileFormatUtils$NullOutputCommitter
2024-04-24T00:54:59,250  INFO [Thread-3137] mapred.LocalJobRunner: OutputCommitter is org.apache.hadoop.hive.ql.io.HiveFileFormatUtils$NullOutputCommitter
2024-04-24T00:54:59,252  INFO [Thread-3137] mapred.LocalJobRunner: Waiting for map tasks
2024-04-24T00:54:59,252  INFO [LocalJobRunner Map Task Executor #0] mapred.LocalJobRunner: Starting task: attempt_local618121388_0048_m_000000_0
2024-04-24T00:54:59,253  INFO [LocalJobRunner Map Task Executor #0] mapred.Task:  Using ResourceCalculatorProcessTree : [ ]
2024-04-24T00:54:59,253  INFO [LocalJobRunner Map Task Executor #0] mapred.MapTask: Processing split: org.apache.hadoop.hive.ql.io.NullRowsInputFormat:file:/home/alex/Repositories/hive/ql/target/tmp/localscratchdir/d722f3ca-04ab-4562-aceb-d9034f7af316/hive_2024-04-24_00-54-58_822_3365130064885050601-1/dummy_path/null:0+1
2024-04-24T00:54:59,254  INFO [LocalJobRunner Map Task Executor #0] exec.SerializationUtilities: Deserializing MapWork using kryo
2024-04-24T00:54:59,254  INFO [LocalJobRunner Map Task Executor #0] exec.Utilities: Deserialized plan (via FILE) - name: null size: 6,03KB
2024-04-24T00:54:59,254  INFO [LocalJobRunner Map Task Executor #0] mapred.MapTask: numReduceTasks: 0
2024-04-24T00:54:59,255  INFO [LocalJobRunner Map Task Executor #0] exec.MapOperator: Initializing Operator: MAP[0]
2024-04-24T00:54:59,255  INFO [LocalJobRunner Map Task Executor #0] mr.ExecMapper: 
<MAP>Id =0
  <Children>null
  <\Children>
  <Parent><\Parent>
<\MAP>
2024-04-24T00:54:59,255  INFO [LocalJobRunner Map Task Executor #0] exec.TableScanOperator: Initializing Operator: TS[0]
2024-04-24T00:54:59,256  INFO [LocalJobRunner Map Task Executor #0] exec.SelectOperator: Initializing Operator: SEL[1]
2024-04-24T00:54:59,256  INFO [LocalJobRunner Map Task Executor #0] exec.SelectOperator: SELECT null
2024-04-24T00:54:59,256  INFO [LocalJobRunner Map Task Executor #0] exec.UDTFOperator: Initializing Operator: UDTF[2]
2024-04-24T00:54:59,256  INFO [LocalJobRunner Map Task Executor #0] exec.SelectOperator: Initializing Operator: SEL[3]
2024-04-24T00:54:59,256  INFO [LocalJobRunner Map Task Executor #0] exec.SelectOperator: SELECT struct<col1:int,col2:int>
2024-04-24T00:54:59,256  INFO [LocalJobRunner Map Task Executor #0] exec.FileSinkOperator: Initializing Operator: FS[4]
2024-04-24T00:54:59,256  INFO [LocalJobRunner Map Task Executor #0] exec.FileSinkOperator: Using serializer : AbstractSerDe [log=org.apache.logging.slf4j.Log4jLogger@22a08b61, configuration=Optional[Configuration: core-default.xml, core-site.xml, mapred-default.xml, mapred-site.xml, yarn-default.xml, yarn-site.xml, hdfs-default.xml, hdfs-site.xml, file:/home/alex/Repositories/hive/ql/target/tmp/TestTxnNoBucketsVectorized/mapred/local/localRunner/alex/job_local618121388_0048/job_local618121388_0048.xml], properties={name=default.t, columns.types=int:int, serialization.format=1, columns=a,b, numFilesErasureCoded=0, columns.comments=&amp#0;, bucketing_version=2, serialization.lib=org.apache.hadoop.hive.ql.io.orc.OrcSerde, file.inputformat=org.apache.hadoop.hive.ql.io.orc.OrcInputFormat, file.outputformat=org.apache.hadoop.hive.ql.io.orc.OrcOutputFormat, location=file:/home/alex/Repositories/hive/ql/target/tmp/org.apache.hadoop.hive.ql.TestTxnNoBuckets-1713945183193/warehouse/t, column.name.delimiter=,}, tableProperties={name=default.t, columns.types=int:int, serialization.format=1, columns=a,b, numFilesErasureCoded=0, columns.comments=&amp#0;, bucketing_version=2, serialization.lib=org.apache.hadoop.hive.ql.io.orc.OrcSerde, file.inputformat=org.apache.hadoop.hive.ql.io.orc.OrcInputFormat, location=file:/home/alex/Repositories/hive/ql/target/tmp/org.apache.hadoop.hive.ql.TestTxnNoBuckets-1713945183193/warehouse/t, file.outputformat=org.apache.hadoop.hive.ql.io.orc.OrcOutputFormat, column.name.delimiter=,}, partitionProperties=Optional.empty, columnNames=[a, b], columnTypes=[int, int], getClass()=class org.apache.hadoop.hive.ql.io.orc.OrcSerde] and formatter : org.apache.hadoop.hive.ql.io.orc.OrcOutputFormat@7e501de0
2024-04-24T00:54:59,257  INFO [LocalJobRunner Map Task Executor #0] exec.FileSinkOperator: Final Path: FS file:/home/alex/Repositories/hive/ql/target/tmp/org.apache.hadoop.hive.ql.TestTxnNoBuckets-1713945183193/warehouse/t/.hive-staging_hive_2024-04-24_00-54-58_822_3365130064885050601-1/_tmp.-ext-10000/000000_0
2024-04-24T00:54:59,257  INFO [LocalJobRunner Map Task Executor #0] exec.FileSinkOperator: Writing to temp file: FS file:/home/alex/Repositories/hive/ql/target/tmp/org.apache.hadoop.hive.ql.TestTxnNoBuckets-1713945183193/warehouse/t/.hive-staging_hive_2024-04-24_00-54-58_822_3365130064885050601-1/_task_tmp.-ext-10000/_tmp.000000_0
2024-04-24T00:54:59,257  INFO [LocalJobRunner Map Task Executor #0] exec.FileSinkOperator: New Final Path: FS file:/home/alex/Repositories/hive/ql/target/tmp/org.apache.hadoop.hive.ql.TestTxnNoBuckets-1713945183193/warehouse/t/.hive-staging_hive_2024-04-24_00-54-58_822_3365130064885050601-1/_tmp.-ext-10000/000000_0
2024-04-24T00:54:59,257  INFO [LocalJobRunner Map Task Executor #0] exec.FileSinkOperator: FS[4]: records written - 1
2024-04-24T00:54:59,257  INFO [LocalJobRunner Map Task Executor #0] impl.PhysicalFsWriter: ORC writer created for path: file:/home/alex/Repositories/hive/ql/target/tmp/org.apache.hadoop.hive.ql.TestTxnNoBuckets-1713945183193/warehouse/t/.hive-staging_hive_2024-04-24_00-54-58_822_3365130064885050601-1/_task_tmp.-ext-10000/_tmp.000000_0 with stripeSize: 67108864 blockSize: 268435456 compression: Compress: ZLIB buffer: 262144
2024-04-24T00:54:59,264  INFO [LocalJobRunner Map Task Executor #0] impl.WriterImpl: ORC writer created for path: file:/home/alex/Repositories/hive/ql/target/tmp/org.apache.hadoop.hive.ql.TestTxnNoBuckets-1713945183193/warehouse/t/.hive-staging_hive_2024-04-24_00-54-58_822_3365130064885050601-1/_task_tmp.-ext-10000/_tmp.000000_0 with stripeSize: 67108864 options: Compress: ZLIB buffer: 262144
2024-04-24T00:54:59,265  INFO [LocalJobRunner Map Task Executor #0] exec.MapOperator: MAP[0]: records read - 1
2024-04-24T00:54:59,265  INFO [LocalJobRunner Map Task Executor #0] exec.MapOperator: Closing Operator: MAP[0]
2024-04-24T00:54:59,265  INFO [LocalJobRunner Map Task Executor #0] exec.MapOperator: MAP[0]: Total records read - 3. abort - false
2024-04-24T00:54:59,265  INFO [LocalJobRunner Map Task Executor #0] exec.MapOperator: RECORDS_OUT_INTERMEDIATE:0, DESERIALIZE_ERRORS:0, RECORDS_OUT_OPERATOR_MAP_0:0, RECORDS_IN:3, 
2024-04-24T00:54:59,265  INFO [LocalJobRunner Map Task Executor #0] exec.TableScanOperator: Closing Operator: TS[0]
2024-04-24T00:54:59,265  INFO [LocalJobRunner Map Task Executor #0] exec.TableScanOperator: RECORDS_OUT_INTERMEDIATE:0, RECORDS_OUT_OPERATOR_TS_0:1, 
2024-04-24T00:54:59,265  INFO [LocalJobRunner Map Task Executor #0] exec.SelectOperator: Closing Operator: SEL[1]
2024-04-24T00:54:59,265  INFO [LocalJobRunner Map Task Executor #0] exec.SelectOperator: RECORDS_OUT_OPERATOR_SEL_1:1, RECORDS_OUT_INTERMEDIATE:0, 
2024-04-24T00:54:59,265  INFO [LocalJobRunner Map Task Executor #0] exec.UDTFOperator: Closing Operator: UDTF[2]
2024-04-24T00:54:59,265  INFO [LocalJobRunner Map Task Executor #0] exec.UDTFOperator: RECORDS_OUT_INTERMEDIATE:0, RECORDS_OUT_OPERATOR_UDTF_2:1, 
2024-04-24T00:54:59,265  INFO [LocalJobRunner Map Task Executor #0] exec.SelectOperator: Closing Operator: SEL[3]
2024-04-24T00:54:59,265  INFO [LocalJobRunner Map Task Executor #0] exec.SelectOperator: RECORDS_OUT_INTERMEDIATE:0, RECORDS_OUT_OPERATOR_SEL_3:1, 
2024-04-24T00:54:59,265  INFO [LocalJobRunner Map Task Executor #0] exec.FileSinkOperator: Closing Operator: FS[4]
2024-04-24T00:54:59,265  INFO [LocalJobRunner Map Task Executor #0] exec.FileSinkOperator: FS[4]: records written - 1
2024-04-24T00:54:59,272  INFO [LocalJobRunner Map Task Executor #0] exec.FileSinkOperator: RECORDS_OUT_INTERMEDIATE:0, RECORDS_OUT_1_default.t:1, TOTAL_TABLE_ROWS_WRITTEN:1, RECORDS_OUT_OPERATOR_FS_4:1, 
2024-04-24T00:54:59,272  INFO [LocalJobRunner Map Task Executor #0] mapred.LocalJobRunner: 
2024-04-24T00:54:59,273  INFO [LocalJobRunner Map Task Executor #0] mapred.Task: Task:attempt_local618121388_0048_m_000000_0 is done. And is in the process of committing
2024-04-24T00:54:59,273  INFO [LocalJobRunner Map Task Executor #0] mapred.LocalJobRunner: map
2024-04-24T00:54:59,273  INFO [LocalJobRunner Map Task Executor #0] mapred.Task: Task 'attempt_local618121388_0048_m_000000_0' done.
2024-04-24T00:54:59,273  INFO [LocalJobRunner Map Task Executor #0] mapred.Task: Final Counters for attempt_local618121388_0048_m_000000_0: Counters: 27
	File System Counters
		FILE: Number of bytes read=1154723
		FILE: Number of bytes written=57718113
		FILE: Number of read operations=0
		FILE: Number of large read operations=0
		FILE: Number of write operations=0
	Map-Reduce Framework
		Map input records=4
		Map output records=0
		Input split bytes=361
		Spilled Records=0
		Failed Shuffles=0
		Merged Map outputs=0
		GC time elapsed (ms)=0
		Total committed heap usage (bytes)=1389363200
	HIVE
		CREATED_FILES=1
		DESERIALIZE_ERRORS=0
		RECORDS_IN=3
		RECORDS_OUT_1_default.t=1
		RECORDS_OUT_INTERMEDIATE=0
		RECORDS_OUT_OPERATOR_FS_4=1
		RECORDS_OUT_OPERATOR_MAP_0=0
		RECORDS_OUT_OPERATOR_SEL_1=1
		RECORDS_OUT_OPERATOR_SEL_3=1
		RECORDS_OUT_OPERATOR_TS_0=1
		RECORDS_OUT_OPERATOR_UDTF_2=1
		TOTAL_TABLE_ROWS_WRITTEN=1
	File Input Format Counters 
		Bytes Read=6089
	File Output Format Counters 
		Bytes Written=0
2024-04-24T00:54:59,273  INFO [LocalJobRunner Map Task Executor #0] mapred.LocalJobRunner: Finishing task: attempt_local618121388_0048_m_000000_0
2024-04-24T00:54:59,273  INFO [Thread-3137] mapred.LocalJobRunner: map task executor complete.
2024-04-24 00:55:00,252 Stage-1 map = 100%,  reduce = 0%
2024-04-24T00:55:00,252  INFO [main] exec.Task: 2024-04-24 00:55:00,252 Stage-1 map = 100%,  reduce = 0%
Ended Job = job_local618121388_0048
2024-04-24T00:55:00,253  INFO [main] exec.Task: Ended Job = job_local618121388_0048
2024-04-24T00:55:00,258  INFO [main] ql.Driver: Starting task [Stage-0:MOVE] in serial mode
Loading data to table default.t
2024-04-24T00:55:00,258  INFO [main] exec.Task: Loading data to table default.t from file:/home/alex/Repositories/hive/ql/target/tmp/org.apache.hadoop.hive.ql.TestTxnNoBuckets-1713945183193/warehouse/t/.hive-staging_hive_2024-04-24_00-54-58_822_3365130064885050601-1/-ext-10000
2024-04-24T00:55:00,259  INFO [main] HiveMetaStore.audit: ugi=alex	ip=unknown-ip-addr	cmd=get_table : tbl=hive.default.t	
2024-04-24T00:55:00,290  INFO [main] metastore.HMSHandler: Skipping translation for processor with null
2024-04-24T00:55:00,290  INFO [main] HiveMetaStore.audit: ugi=alex	ip=unknown-ip-addr	cmd=get_table : tbl=hive.default.t	
2024-04-24T00:55:00,306  INFO [main] metastore.HMSHandler: Skipping translation for processor with null
2024-04-24T00:55:00,307  WARN [main] metadata.Hive: Cannot get a table snapshot for t
2024-04-24T00:55:00,308  INFO [main] HiveMetaStore.audit: ugi=alex	ip=unknown-ip-addr	cmd=alter_table: hive.default.t newtbl=t	
2024-04-24T00:55:00,334  INFO [main] ql.Driver: Starting task [Stage-2:STATS] in serial mode
2024-04-24T00:55:00,334  INFO [main] HiveMetaStore.audit: ugi=alex	ip=unknown-ip-addr	cmd=get_table : tbl=hive.default.t	
2024-04-24T00:55:00,344  INFO [main] metastore.HMSHandler: Skipping translation for processor with null
2024-04-24T00:55:00,344  INFO [main] stats.BasicStatsTask: Executing stats task
2024-04-24T00:55:00,345  INFO [main] fs.FSStatsPublisher: created : file:/home/alex/Repositories/hive/ql/target/tmp/localscratchdir/d722f3ca-04ab-4562-aceb-d9034f7af316/hive_2024-04-24_00-54-58_822_3365130064885050601-1/-mr-10001
2024-04-24T00:55:00,346  INFO [main] HiveMetaStore.audit: ugi=alex	ip=unknown-ip-addr	cmd=get_table : tbl=hive.default.t	
2024-04-24T00:55:00,356  INFO [main] metastore.HMSHandler: Skipping translation for processor with null
2024-04-24T00:55:00,357  INFO [main] FileOperations: Read stats for default.t/, numRows, true, 1, false: 
2024-04-24T00:55:00,357  INFO [main] FileOperations: Read stats for default.t/, rawDataSize, true, 8, false: 
2024-04-24T00:55:00,357  WARN [main] metadata.Hive: Cannot get a table snapshot for t
2024-04-24T00:55:00,357  INFO [main] HiveMetaStore.audit: ugi=alex	ip=unknown-ip-addr	cmd=alter_table: hive.default.t newtbl=t	
2024-04-24T00:55:00,385  INFO [main] stats.BasicStatsTask: Table default.t stats: [numFiles=4, numRows=6, totalSize=1005, rawDataSize=48, numFilesErasureCoded=0]
2024-04-24T00:55:00,386  INFO [main] metadata.Hive: Dumping metastore api call timing information for : execution phase
2024-04-24T00:55:00,386  INFO [main] metadata.Hive: Total time spent in each metastore function (ms): {getTable_(GetTableRequest)=68, alter_table_(String, String, String, Table, EnvironmentContext, String)=54, isCompatibleWith_(Configuration)=0}
MapReduce Jobs Launched: 
2024-04-24T00:55:00,386  INFO [main] ql.Driver: MapReduce Jobs Launched: 
Stage-Stage-1:  HDFS Read: 0 HDFS Write: 0 SUCCESS
2024-04-24T00:55:00,386  INFO [main] ql.Driver: Stage-Stage-1:  HDFS Read: 0 HDFS Write: 0 SUCCESS
Total MapReduce CPU Time Spent: 0 msec
2024-04-24T00:55:00,386  INFO [main] ql.Driver: Total MapReduce CPU Time Spent: 0 msec
2024-04-24T00:55:00,386  INFO [main] ql.Driver: Completed executing command(queryId=alex_20240424005453_a4844c6b-901a-4b7d-8ebf-c288eb290ab4); Time taken: 1.419 seconds
2024-04-24T00:55:00,386  INFO [main] lockmgr.DbTxnManager: Stopped heartbeat for query: alex_20240424005453_a4844c6b-901a-4b7d-8ebf-c288eb290ab4
2024-04-24T00:55:00,391  INFO [main] txn.TxnHandler: Expected to move at least one record from txn_components to completed_txn_components when committing txn! txnid:17
2024-04-24T00:55:00,396  INFO [main] txn.TxnHandler: Removed transactions: ([17]) from MIN_HISTORY_LEVEL
2024-04-24T00:55:00,397  WARN [main] txn.CompactionTxnHandler: No compaction queue record found for Compaction type transaction commit. txnId:17
2024-04-24T00:55:00,397  INFO [main] ql.TxnCommandsBaseForTests: Running the query: select a, b, INPUT__FILE__NAME from T order by a, b, INPUT__FILE__NAME
2024-04-24T00:55:00,398  INFO [main] ql.Context: Deleting scratch dir: file:/home/alex/Repositories/hive/ql/target/tmp/org.apache.hadoop.hive.ql.TestTxnNoBuckets-1713945183193/warehouse/t/.hive-staging_hive_2024-04-24_00-54-58_822_3365130064885050601-1
2024-04-24T00:55:00,398  INFO [main] cleanup.SyncCleanupService: Deleted directory: file:/home/alex/Repositories/hive/ql/target/tmp/org.apache.hadoop.hive.ql.TestTxnNoBuckets-1713945183193/warehouse/t/.hive-staging_hive_2024-04-24_00-54-58_822_3365130064885050601-1 on fs with scheme file
2024-04-24T00:55:00,398  INFO [main] ql.Context: Deleting scratch dir: file:/home/alex/Repositories/hive/ql/target/tmp/localscratchdir/d722f3ca-04ab-4562-aceb-d9034f7af316/hive_2024-04-24_00-54-58_822_3365130064885050601-1
2024-04-24T00:55:00,399  INFO [main] cleanup.SyncCleanupService: Deleted directory: file:/home/alex/Repositories/hive/ql/target/tmp/localscratchdir/d722f3ca-04ab-4562-aceb-d9034f7af316/hive_2024-04-24_00-54-58_822_3365130064885050601-1 on fs with scheme file
2024-04-24T00:55:00,399  INFO [main] ql.Driver: Compiling command(queryId=alex_20240424005453_a4844c6b-901a-4b7d-8ebf-c288eb290ab4): select a, b, INPUT__FILE__NAME from T order by a, b, INPUT__FILE__NAME
2024-04-24T00:55:00,402  INFO [main] txn.TxnHandler: Added entries to MIN_HISTORY_LEVEL for current txns: ([18]) with min_open_txn: 18
2024-04-24T00:55:00,402  INFO [main] lockmgr.DbTxnManager: Opened txnid:18
2024-04-24T00:55:00,403  INFO [main] parse.CalcitePlanner: Starting caching scope for: alex_20240424005453_a4844c6b-901a-4b7d-8ebf-c288eb290ab4
2024-04-24T00:55:00,403  INFO [main] parse.CalcitePlanner: Starting Semantic Analysis
2024-04-24T00:55:00,405  INFO [main] parse.CalcitePlanner: Completed phase 1 of Semantic Analysis
2024-04-24T00:55:00,406  INFO [main] parse.CalcitePlanner: Get metadata for source tables
2024-04-24T00:55:00,406  INFO [main] HiveMetaStore.audit: ugi=alex	ip=unknown-ip-addr	cmd=get_table : tbl=hive.default.t	
2024-04-24T00:55:00,416  INFO [main] metastore.HMSHandler: Skipping translation for processor with null
2024-04-24T00:55:00,416  INFO [main] parse.CalcitePlanner: Get metadata for subqueries
2024-04-24T00:55:00,416  INFO [main] parse.CalcitePlanner: Get metadata for destination tables
2024-04-24T00:55:00,416  INFO [main] parse.CalcitePlanner: Completed getting MetaData in Semantic Analysis
2024-04-24T00:55:00,429  INFO [main] HiveMetaStore.audit: ugi=alex	ip=unknown-ip-addr	cmd=get_all_table_constraints : tbl=hive.default.t	
2024-04-24T00:55:00,439  INFO [main] calcite.RelOptHiveTable: Calculating column statistics for default.t, projIndxSet: [0, 1], allowMissingStats: true
2024-04-24T00:55:00,439  INFO [main] HiveMetaStore.audit: ugi=alex	ip=unknown-ip-addr	cmd=get_table_statistics_req: table=hive.default.t	
2024-04-24T00:55:00,452  WARN [main] calcite.RelOptHiveTable: No Stats for default@t, Columns: a, b
No Stats for default@t, Columns: a, b
2024-04-24T00:55:00,452  INFO [main] SessionState: No Stats for default@t, Columns: a, b
2024-04-24T00:55:00,497  INFO [main] parse.CalcitePlanner: Get metadata for source tables
2024-04-24T00:55:00,497  INFO [main] parse.CalcitePlanner: Get metadata for subqueries
2024-04-24T00:55:00,497  INFO [main] parse.CalcitePlanner: Get metadata for destination tables
2024-04-24T00:55:00,498  INFO [main] common.FileUtils: Creating directory if it doesn't exist: file:/home/alex/Repositories/hive/ql/target/tmp/localscratchdir/d722f3ca-04ab-4562-aceb-d9034f7af316/hive_2024-04-24_00-55-00_399_3380680341796262908-1/-mr-10001/.hive-staging_hive_2024-04-24_00-55-00_399_3380680341796262908-1
2024-04-24T00:55:00,506  INFO [main] parse.CalcitePlanner: CBO Succeeded; optimized logical plan.
2024-04-24T00:55:00,509  INFO [main] optimizer.ColumnPrunerProcFactory: RS 2 oldColExprMap: {KEY.reducesinkkey2=Column[_col2], KEY.reducesinkkey0=Column[_col0], KEY.reducesinkkey1=Column[_col1]}
2024-04-24T00:55:00,509  INFO [main] optimizer.ColumnPrunerProcFactory: RS 2 newColExprMap: {KEY.reducesinkkey0=Column[_col0], KEY.reducesinkkey2=Column[_col2], KEY.reducesinkkey1=Column[_col1]}
2024-04-24T00:55:00,510  INFO [main] optimizer.BucketVersionPopulator: not considering bucketingVersion for: TS[0] because it has -1<2 buckets 
2024-04-24T00:55:00,511  INFO [main] optimizer.SortedDynPartitionOptimizer: Sorted dynamic partitioning optimization kicked in..
2024-04-24T00:55:00,521  INFO [main] physical.Vectorizer: Examining input format to see if vectorization is enabled.
2024-04-24T00:55:00,521  INFO [main] physical.Vectorizer: Vectorization is enabled for input format(s) [org.apache.hadoop.hive.ql.io.orc.OrcInputFormat]
2024-04-24T00:55:00,521  INFO [main] physical.Vectorizer: Validating and vectorizing MapWork... (vectorizedVertexNum 0)
2024-04-24T00:55:00,521  INFO [main] physical.Vectorizer: Map vectorization enabled: true
2024-04-24T00:55:00,521  INFO [main] physical.Vectorizer: Map vectorized: false
2024-04-24T00:55:00,522  INFO [main] physical.Vectorizer: Map notVectorizedReason: Select expression for SELECT operator: Virtual column INPUT__FILE__NAME is not supported
2024-04-24T00:55:00,522  INFO [main] physical.Vectorizer: Map vectorizedVertexNum: 0
2024-04-24T00:55:00,522  INFO [main] physical.Vectorizer: Map enabledConditionsMet: [hive.vectorized.use.vectorized.input.format IS true]
2024-04-24T00:55:00,522  INFO [main] physical.Vectorizer: Map inputFileFormatClassNameSet: [org.apache.hadoop.hive.ql.io.orc.OrcInputFormat]
2024-04-24T00:55:00,522  INFO [main] physical.Vectorizer: Reduce vectorization enabled: false
2024-04-24T00:55:00,522  INFO [main] physical.Vectorizer: Reduce vectorized: false
2024-04-24T00:55:00,522  INFO [main] physical.Vectorizer: Reduce vectorizedVertexNum: 1
2024-04-24T00:55:00,522  INFO [main] physical.Vectorizer: Reducer hive.vectorized.execution.reduce.enabled: true
2024-04-24T00:55:00,522  INFO [main] physical.Vectorizer: Reducer engine: mr
2024-04-24T00:55:00,522  INFO [main] parse.CalcitePlanner: Completed plan generation
2024-04-24T00:55:00,522  INFO [main] parse.CalcitePlanner: Ending caching scope for: alex_20240424005453_a4844c6b-901a-4b7d-8ebf-c288eb290ab4
2024-04-24T00:55:00,522  INFO [main] ql.Driver: Semantic Analysis Completed (retrial = false)
2024-04-24T00:55:00,522  INFO [main] ql.Driver: Created Hive schema: Schema(fieldSchemas:[FieldSchema(name:a, type:int, comment:null), FieldSchema(name:b, type:int, comment:null), FieldSchema(name:input__file__name, type:string, comment:null)], properties:null)
2024-04-24T00:55:00,523  INFO [main] exec.ListSinkOperator: Initializing Operator: LIST_SINK[5]
2024-04-24T00:55:00,524  INFO [main] metadata.Hive: Dumping metastore api call timing information for : compilation phase
2024-04-24T00:55:00,524  INFO [main] metadata.Hive: Total time spent in each metastore function (ms): {isCompatibleWith_(Configuration)=1, flushCache_()=0, getTable_(GetTableRequest)=10, getAllTableConstraints_(AllTableConstraintsRequest)=6, openTxn_(String, TxnType)=2, commitTxn_(CommitTxnRequest)=11, getValidWriteIds_(List, String)=2, getTableColumnStatistics_(String, String, List, String)=12, getValidTxns_(long)=0}
2024-04-24T00:55:00,524  INFO [main] ql.Driver: Completed compiling command(queryId=alex_20240424005453_a4844c6b-901a-4b7d-8ebf-c288eb290ab4); Time taken: 0.124 seconds
2024-04-24T00:55:00,524  INFO [main] lockmgr.DbTxnManager: Setting lock request transaction to txnid:18 for queryId=alex_20240424005453_a4844c6b-901a-4b7d-8ebf-c288eb290ab4
2024-04-24T00:55:00,525  INFO [main] lockmgr.DbLockManager: Requesting lock for queryId=alex_20240424005453_a4844c6b-901a-4b7d-8ebf-c288eb290ab4
2024-04-24T00:55:00,539  INFO [main] lockmgr.DbLockManager: Response to queryId=alex_20240424005453_a4844c6b-901a-4b7d-8ebf-c288eb290ab4 LockResponse(lockid:12, state:ACQUIRED)
2024-04-24T00:55:00,539  INFO [main] ql.Driver: Operation QUERY obtained 1 locks
2024-04-24T00:55:00,539  INFO [main] ql.Driver: Executing command(queryId=alex_20240424005453_a4844c6b-901a-4b7d-8ebf-c288eb290ab4): select a, b, INPUT__FILE__NAME from T order by a, b, INPUT__FILE__NAME
2024-04-24T00:55:00,540  WARN [main] ql.Driver: Hive-on-MR is deprecated in Hive 2 and may not be available in the future versions. Consider using a different execution engine (i.e. spark, tez) or using Hive 1.X releases.
Query ID = alex_20240424005453_a4844c6b-901a-4b7d-8ebf-c288eb290ab4
2024-04-24T00:55:00,540  INFO [main] ql.Driver: Query ID = alex_20240424005453_a4844c6b-901a-4b7d-8ebf-c288eb290ab4
Total jobs = 1
2024-04-24T00:55:00,540  INFO [main] ql.Driver: Total jobs = 1
Launching Job 1 out of 1
2024-04-24T00:55:00,540  INFO [main] ql.Driver: Launching Job 1 out of 1
2024-04-24T00:55:00,692  INFO [main] ql.Driver: Starting task [Stage-1:MAPRED] in serial mode
Number of reduce tasks determined at compile time: 1
2024-04-24T00:55:00,692  INFO [main] exec.Task: Number of reduce tasks determined at compile time: 1
In order to change the average load for a reducer (in bytes):
2024-04-24T00:55:00,692  INFO [main] exec.Task: In order to change the average load for a reducer (in bytes):
  set hive.exec.reducers.bytes.per.reducer=<number>
2024-04-24T00:55:00,692  INFO [main] exec.Task:   set hive.exec.reducers.bytes.per.reducer=<number>
In order to limit the maximum number of reducers:
2024-04-24T00:55:00,692  INFO [main] exec.Task: In order to limit the maximum number of reducers:
  set hive.exec.reducers.max=<number>
2024-04-24T00:55:00,692  INFO [main] exec.Task:   set hive.exec.reducers.max=<number>
In order to set a constant number of reducers:
2024-04-24T00:55:00,692  INFO [main] exec.Task: In order to set a constant number of reducers:
  set mapreduce.job.reduces=<number>
2024-04-24T00:55:00,692  INFO [main] exec.Task:   set mapreduce.job.reduces=<number>
2024-04-24T00:55:00,694  INFO [main] mr.ExecDriver: Using org.apache.hadoop.hive.ql.io.HiveInputFormat
2024-04-24T00:55:00,694  INFO [main] exec.Utilities: Processing alias t
2024-04-24T00:55:00,694  INFO [main] exec.Utilities: Adding 1 inputs; the first input is file:/home/alex/Repositories/hive/ql/target/tmp/org.apache.hadoop.hive.ql.TestTxnNoBuckets-1713945183193/warehouse/t
2024-04-24T00:55:00,704  INFO [main] exec.SerializationUtilities: Serializing MapWork using kryo
2024-04-24T00:55:00,704  INFO [main] exec.Utilities: Serialized plan (via FILE) - name: null size: 4,79KB
2024-04-24T00:55:00,709  INFO [main] exec.SerializationUtilities: Serializing ReduceWork using kryo
2024-04-24T00:55:00,710  INFO [main] exec.Utilities: Serialized plan (via FILE) - name: null size: 5,69KB
2024-04-24T00:55:00,711  WARN [main] impl.MetricsSystemImpl: JobTracker metrics system already initialized!
2024-04-24T00:55:00,717  WARN [main] impl.MetricsSystemImpl: JobTracker metrics system already initialized!
2024-04-24T00:55:00,725  WARN [main] mapreduce.JobResourceUploader: Hadoop command-line option parsing not performed. Implement the Tool interface and execute your application with ToolRunner to remedy this.
2024-04-24T00:55:00,729  WARN [main] mapreduce.JobResourceUploader: No job jar file set.  User classes may not be found. See Job or Job#setJar(String).
2024-04-24T00:55:00,731  INFO [main] io.HiveInputFormat: hive.io.file.readcolumn.ids = 0,1
2024-04-24T00:55:00,731  INFO [main] io.HiveInputFormat: hive.io.file.readcolumn.names = a,b
2024-04-24T00:55:00,731  INFO [main] io.HiveInputFormat: Generating splits for dirs: file:/home/alex/Repositories/hive/ql/target/tmp/org.apache.hadoop.hive.ql.TestTxnNoBuckets-1713945183193/warehouse/t
2024-04-24T00:55:00,731  INFO [main] orc.OrcInputFormat: getSplits started
2024-04-24T00:55:00,731  INFO [main] orc.OrcInputFormat: Context:: isAcid: false isVectorMode: false sarg: null minSplitSize: 1 maxSplitSize: 256000000 splitStrategy: HYBRID footerInSplits: false numBuckets: 0 numThreads: 10 cacheMemSize: 268435456 cacheStripeDetails: true useSoftReference: false writeIdList: null:9223372036854775807:9223372036854775807:: isTransactionalTable: false txnProperties: null 
2024-04-24T00:55:00,731  INFO [main] orc.OrcInputFormat: ORC pushdown predicate: null
2024-04-24T00:55:00,743  INFO [main] orc.OrcInputFormat: FooterCacheHitRatio: 0/4
2024-04-24T00:55:00,743  INFO [main] orc.OrcInputFormat: getSplits finished (#splits: 4). duration: 12 ms
2024-04-24T00:55:00,743  INFO [main] io.HiveInputFormat: number of splits 4
2024-04-24T00:55:00,760  INFO [main] mapreduce.JobSubmitter: number of splits:4
2024-04-24T00:55:00,778  INFO [main] mapreduce.JobSubmitter: Submitting tokens for job: job_local330024318_0049
2024-04-24T00:55:00,778  INFO [main] mapreduce.JobSubmitter: Executing with tokens: []
2024-04-24T00:55:00,861  INFO [main] mapreduce.Job: The url to track the job: http://localhost:8080/
Job running in-process (local Hadoop)
2024-04-24T00:55:00,861  INFO [main] exec.Task: Job running in-process (local Hadoop)
2024-04-24T00:55:00,861  INFO [Thread-3180] mapred.LocalJobRunner: OutputCommitter set in config org.apache.hadoop.hive.ql.io.HiveFileFormatUtils$NullOutputCommitter
2024-04-24T00:55:00,861  INFO [Thread-3180] mapred.LocalJobRunner: OutputCommitter is org.apache.hadoop.hive.ql.io.HiveFileFormatUtils$NullOutputCommitter
2024-04-24T00:55:00,864  INFO [Thread-3180] mapred.LocalJobRunner: Waiting for map tasks
2024-04-24T00:55:00,864  INFO [LocalJobRunner Map Task Executor #0] mapred.LocalJobRunner: Starting task: attempt_local330024318_0049_m_000000_0
2024-04-24T00:55:00,865  INFO [LocalJobRunner Map Task Executor #0] mapred.Task:  Using ResourceCalculatorProcessTree : [ ]
2024-04-24T00:55:00,865  INFO [LocalJobRunner Map Task Executor #0] mapred.MapTask: Processing split: org.apache.hadoop.hive.ql.io.orc.OrcInputFormat:OrcSplit [file:/home/alex/Repositories/hive/ql/target/tmp/org.apache.hadoop.hive.ql.TestTxnNoBuckets-1713945183193/warehouse/t/000000_0, start=0, length=256, isOriginal=true, fileLength=256, hasFooter=false, hasBase=true, deltas=0]
2024-04-24T00:55:00,865  INFO [LocalJobRunner Map Task Executor #0] exec.SerializationUtilities: Deserializing MapWork using kryo
2024-04-24T00:55:00,866  INFO [LocalJobRunner Map Task Executor #0] exec.Utilities: Deserialized plan (via FILE) - name: null size: 4,79KB
2024-04-24T00:55:00,867  INFO [LocalJobRunner Map Task Executor #0] orc.ReaderImpl: Reading ORC rows from file:/home/alex/Repositories/hive/ql/target/tmp/org.apache.hadoop.hive.ql.TestTxnNoBuckets-1713945183193/warehouse/t/000000_0 with {include: [true, true, true], offset: 0, length: 256, schema: struct<a:int,b:int>, includeAcidColumns: true}
2024-04-24T00:55:00,868  INFO [LocalJobRunner Map Task Executor #0] mapred.MapTask: numReduceTasks: 1
2024-04-24T00:55:00,878  INFO [LocalJobRunner Map Task Executor #0] mapred.MapTask: (EQUATOR) 0 kvi 26214396(104857584)
2024-04-24T00:55:00,878  INFO [LocalJobRunner Map Task Executor #0] mapred.MapTask: mapreduce.task.io.sort.mb: 100
2024-04-24T00:55:00,878  INFO [LocalJobRunner Map Task Executor #0] mapred.MapTask: soft limit at 83886080
2024-04-24T00:55:00,878  INFO [LocalJobRunner Map Task Executor #0] mapred.MapTask: bufstart = 0; bufvoid = 104857600
2024-04-24T00:55:00,878  INFO [LocalJobRunner Map Task Executor #0] mapred.MapTask: kvstart = 26214396; length = 6553600
2024-04-24T00:55:00,879  INFO [LocalJobRunner Map Task Executor #0] mapred.MapTask: Map output collector class = org.apache.hadoop.mapred.MapTask$MapOutputBuffer
2024-04-24T00:55:00,879  INFO [LocalJobRunner Map Task Executor #0] exec.MapOperator: Initializing Operator: MAP[0]
2024-04-24T00:55:00,880  INFO [LocalJobRunner Map Task Executor #0] mr.ExecMapper: 
<MAP>Id =0
  <Children>null
  <\Children>
  <Parent><\Parent>
<\MAP>
2024-04-24T00:55:00,881  INFO [LocalJobRunner Map Task Executor #0] exec.TableScanOperator: Initializing Operator: TS[0]
2024-04-24T00:55:00,881  INFO [LocalJobRunner Map Task Executor #0] exec.SelectOperator: Initializing Operator: SEL[1]
2024-04-24T00:55:00,881  INFO [LocalJobRunner Map Task Executor #0] exec.SelectOperator: SELECT struct<a:int,b:int,input__file__name:string>
2024-04-24T00:55:00,881  INFO [LocalJobRunner Map Task Executor #0] exec.ReduceSinkOperator: Initializing Operator: RS[2]
2024-04-24T00:55:00,881  INFO [LocalJobRunner Map Task Executor #0] exec.ReduceSinkOperator: Using tag = -1
2024-04-24T00:55:00,882  INFO [LocalJobRunner Map Task Executor #0] exec.ReduceSinkOperator: keys are [reducesinkkey0, reducesinkkey1, reducesinkkey2] num distributions: 3
2024-04-24T00:55:00,882  INFO [LocalJobRunner Map Task Executor #0] exec.ReduceSinkOperator: RS[2]: records written - 1
2024-04-24T00:55:00,882  INFO [LocalJobRunner Map Task Executor #0] exec.MapOperator: MAP[0]: records read - 1
2024-04-24T00:55:00,882  INFO [LocalJobRunner Map Task Executor #0] exec.MapOperator: Closing Operator: MAP[0]
2024-04-24T00:55:00,882  INFO [LocalJobRunner Map Task Executor #0] exec.MapOperator: MAP[0]: Total records read - 2. abort - false
2024-04-24T00:55:00,882  INFO [LocalJobRunner Map Task Executor #0] exec.MapOperator: RECORDS_IN:2, RECORDS_OUT_OPERATOR_MAP_0:0, RECORDS_OUT_INTERMEDIATE:0, DESERIALIZE_ERRORS:0, 
2024-04-24T00:55:00,882  INFO [LocalJobRunner Map Task Executor #0] exec.TableScanOperator: Closing Operator: TS[0]
2024-04-24T00:55:00,882  INFO [LocalJobRunner Map Task Executor #0] exec.TableScanOperator: RECORDS_OUT_INTERMEDIATE:0, RECORDS_OUT_OPERATOR_TS_0:2, 
2024-04-24T00:55:00,882  INFO [LocalJobRunner Map Task Executor #0] exec.SelectOperator: Closing Operator: SEL[1]
2024-04-24T00:55:00,883  INFO [LocalJobRunner Map Task Executor #0] exec.SelectOperator: RECORDS_OUT_INTERMEDIATE:0, RECORDS_OUT_OPERATOR_SEL_1:2, 
2024-04-24T00:55:00,883  INFO [LocalJobRunner Map Task Executor #0] exec.ReduceSinkOperator: Closing Operator: RS[2]
2024-04-24T00:55:00,883  INFO [LocalJobRunner Map Task Executor #0] exec.ReduceSinkOperator: RS[2]: Total records written - 2. abort - false
2024-04-24T00:55:00,883  INFO [LocalJobRunner Map Task Executor #0] exec.ReduceSinkOperator: RECORDS_OUT_OPERATOR_RS_2:2, RECORDS_OUT_INTERMEDIATE:2, 
2024-04-24T00:55:00,883  INFO [LocalJobRunner Map Task Executor #0] mapred.LocalJobRunner: 
2024-04-24T00:55:00,883  INFO [LocalJobRunner Map Task Executor #0] mapred.MapTask: Starting flush of map output
2024-04-24T00:55:00,883  INFO [LocalJobRunner Map Task Executor #0] mapred.MapTask: Spilling map output
2024-04-24T00:55:00,883  INFO [LocalJobRunner Map Task Executor #0] mapred.MapTask: bufstart = 0; bufend = 292; bufvoid = 104857600
2024-04-24T00:55:00,883  INFO [LocalJobRunner Map Task Executor #0] mapred.MapTask: kvstart = 26214396(104857584); kvend = 26214392(104857568); length = 5/6553600
2024-04-24T00:55:00,893  INFO [LocalJobRunner Map Task Executor #0] mapred.MapTask: Finished spill 0
2024-04-24T00:55:00,896  INFO [LocalJobRunner Map Task Executor #0] mapred.Task: Task:attempt_local330024318_0049_m_000000_0 is done. And is in the process of committing
2024-04-24T00:55:00,897  INFO [LocalJobRunner Map Task Executor #0] mapred.LocalJobRunner: map
2024-04-24T00:55:00,897  INFO [LocalJobRunner Map Task Executor #0] mapred.Task: Task 'attempt_local330024318_0049_m_000000_0' done.
2024-04-24T00:55:00,897  INFO [LocalJobRunner Map Task Executor #0] mapred.Task: Final Counters for attempt_local330024318_0049_m_000000_0: Counters: 24
	File System Counters
		FILE: Number of bytes read=1162657
		FILE: Number of bytes written=58919081
		FILE: Number of read operations=0
		FILE: Number of large read operations=0
		FILE: Number of write operations=0
	Map-Reduce Framework
		Map input records=2
		Map output records=2
		Map output bytes=292
		Map output materialized bytes=304
		Input split bytes=451
		Combine input records=0
		Spilled Records=2
		Failed Shuffles=0
		Merged Map outputs=0
		GC time elapsed (ms)=6
		Total committed heap usage (bytes)=1390411776
	HIVE
		DESERIALIZE_ERRORS=0
		RECORDS_IN=2
		RECORDS_OUT_INTERMEDIATE=2
		RECORDS_OUT_OPERATOR_MAP_0=0
		RECORDS_OUT_OPERATOR_RS_2=2
		RECORDS_OUT_OPERATOR_SEL_1=2
		RECORDS_OUT_OPERATOR_TS_0=2
	File Input Format Counters 
		Bytes Read=5925
2024-04-24T00:55:00,897  INFO [LocalJobRunner Map Task Executor #0] mapred.LocalJobRunner: Finishing task: attempt_local330024318_0049_m_000000_0
2024-04-24T00:55:00,897  INFO [LocalJobRunner Map Task Executor #0] mapred.LocalJobRunner: Starting task: attempt_local330024318_0049_m_000001_0
2024-04-24T00:55:00,897  INFO [LocalJobRunner Map Task Executor #0] mapred.Task:  Using ResourceCalculatorProcessTree : [ ]
2024-04-24T00:55:00,898  INFO [LocalJobRunner Map Task Executor #0] mapred.MapTask: Processing split: org.apache.hadoop.hive.ql.io.orc.OrcInputFormat:OrcSplit [file:/home/alex/Repositories/hive/ql/target/tmp/org.apache.hadoop.hive.ql.TestTxnNoBuckets-1713945183193/warehouse/t/000001_0, start=0, length=254, isOriginal=true, fileLength=254, hasFooter=false, hasBase=true, deltas=0]
2024-04-24T00:55:00,898  INFO [LocalJobRunner Map Task Executor #0] exec.SerializationUtilities: Deserializing MapWork using kryo
2024-04-24T00:55:00,899  INFO [LocalJobRunner Map Task Executor #0] exec.Utilities: Deserialized plan (via FILE) - name: null size: 4,79KB
2024-04-24T00:55:00,899  INFO [LocalJobRunner Map Task Executor #0] orc.ReaderImpl: Reading ORC rows from file:/home/alex/Repositories/hive/ql/target/tmp/org.apache.hadoop.hive.ql.TestTxnNoBuckets-1713945183193/warehouse/t/000001_0 with {include: [true, true, true], offset: 0, length: 254, schema: struct<a:int,b:int>, includeAcidColumns: true}
2024-04-24T00:55:00,900  INFO [LocalJobRunner Map Task Executor #0] mapred.MapTask: numReduceTasks: 1
2024-04-24T00:55:00,904  INFO [LocalJobRunner Map Task Executor #0] mapred.MapTask: (EQUATOR) 0 kvi 26214396(104857584)
2024-04-24T00:55:00,904  INFO [LocalJobRunner Map Task Executor #0] mapred.MapTask: mapreduce.task.io.sort.mb: 100
2024-04-24T00:55:00,904  INFO [LocalJobRunner Map Task Executor #0] mapred.MapTask: soft limit at 83886080
2024-04-24T00:55:00,904  INFO [LocalJobRunner Map Task Executor #0] mapred.MapTask: bufstart = 0; bufvoid = 104857600
2024-04-24T00:55:00,904  INFO [LocalJobRunner Map Task Executor #0] mapred.MapTask: kvstart = 26214396; length = 6553600
2024-04-24T00:55:00,905  INFO [LocalJobRunner Map Task Executor #0] mapred.MapTask: Map output collector class = org.apache.hadoop.mapred.MapTask$MapOutputBuffer
2024-04-24T00:55:00,905  INFO [LocalJobRunner Map Task Executor #0] exec.MapOperator: Initializing Operator: MAP[0]
2024-04-24T00:55:00,906  INFO [LocalJobRunner Map Task Executor #0] mr.ExecMapper: 
<MAP>Id =0
  <Children>null
  <\Children>
  <Parent><\Parent>
<\MAP>
2024-04-24T00:55:00,907  INFO [LocalJobRunner Map Task Executor #0] exec.TableScanOperator: Initializing Operator: TS[0]
2024-04-24T00:55:00,907  INFO [LocalJobRunner Map Task Executor #0] exec.SelectOperator: Initializing Operator: SEL[1]
2024-04-24T00:55:00,907  INFO [LocalJobRunner Map Task Executor #0] exec.SelectOperator: SELECT struct<a:int,b:int,input__file__name:string>
2024-04-24T00:55:00,907  INFO [LocalJobRunner Map Task Executor #0] exec.ReduceSinkOperator: Initializing Operator: RS[2]
2024-04-24T00:55:00,907  INFO [LocalJobRunner Map Task Executor #0] exec.ReduceSinkOperator: Using tag = -1
2024-04-24T00:55:00,907  INFO [LocalJobRunner Map Task Executor #0] exec.ReduceSinkOperator: keys are [reducesinkkey0, reducesinkkey1, reducesinkkey2] num distributions: 3
2024-04-24T00:55:00,907  INFO [LocalJobRunner Map Task Executor #0] exec.ReduceSinkOperator: RS[2]: records written - 1
2024-04-24T00:55:00,907  INFO [LocalJobRunner Map Task Executor #0] exec.MapOperator: MAP[0]: records read - 1
2024-04-24T00:55:00,908  INFO [LocalJobRunner Map Task Executor #0] exec.MapOperator: Closing Operator: MAP[0]
2024-04-24T00:55:00,908  INFO [LocalJobRunner Map Task Executor #0] exec.MapOperator: MAP[0]: Total records read - 1. abort - false
2024-04-24T00:55:00,908  INFO [LocalJobRunner Map Task Executor #0] exec.MapOperator: DESERIALIZE_ERRORS:0, RECORDS_OUT_INTERMEDIATE:0, RECORDS_IN:1, RECORDS_OUT_OPERATOR_MAP_0:0, 
2024-04-24T00:55:00,908  INFO [LocalJobRunner Map Task Executor #0] exec.TableScanOperator: Closing Operator: TS[0]
2024-04-24T00:55:00,908  INFO [LocalJobRunner Map Task Executor #0] exec.TableScanOperator: RECORDS_OUT_OPERATOR_TS_0:1, RECORDS_OUT_INTERMEDIATE:0, 
2024-04-24T00:55:00,908  INFO [LocalJobRunner Map Task Executor #0] exec.SelectOperator: Closing Operator: SEL[1]
2024-04-24T00:55:00,908  INFO [LocalJobRunner Map Task Executor #0] exec.SelectOperator: RECORDS_OUT_OPERATOR_SEL_1:1, RECORDS_OUT_INTERMEDIATE:0, 
2024-04-24T00:55:00,908  INFO [LocalJobRunner Map Task Executor #0] exec.ReduceSinkOperator: Closing Operator: RS[2]
2024-04-24T00:55:00,908  INFO [LocalJobRunner Map Task Executor #0] exec.ReduceSinkOperator: RS[2]: Total records written - 1. abort - false
2024-04-24T00:55:00,908  INFO [LocalJobRunner Map Task Executor #0] exec.ReduceSinkOperator: RECORDS_OUT_OPERATOR_RS_2:1, RECORDS_OUT_INTERMEDIATE:1, 
2024-04-24T00:55:00,908  INFO [LocalJobRunner Map Task Executor #0] mapred.LocalJobRunner: 
2024-04-24T00:55:00,908  INFO [LocalJobRunner Map Task Executor #0] mapred.MapTask: Starting flush of map output
2024-04-24T00:55:00,908  INFO [LocalJobRunner Map Task Executor #0] mapred.MapTask: Spilling map output
2024-04-24T00:55:00,908  INFO [LocalJobRunner Map Task Executor #0] mapred.MapTask: bufstart = 0; bufend = 146; bufvoid = 104857600
2024-04-24T00:55:00,908  INFO [LocalJobRunner Map Task Executor #0] mapred.MapTask: kvstart = 26214396(104857584); kvend = 26214396(104857584); length = 1/6553600
2024-04-24T00:55:00,916  INFO [LocalJobRunner Map Task Executor #0] mapred.MapTask: Finished spill 0
2024-04-24T00:55:00,919  INFO [LocalJobRunner Map Task Executor #0] mapred.Task: Task:attempt_local330024318_0049_m_000001_0 is done. And is in the process of committing
2024-04-24T00:55:00,919  INFO [LocalJobRunner Map Task Executor #0] mapred.LocalJobRunner: map
2024-04-24T00:55:00,919  INFO [LocalJobRunner Map Task Executor #0] mapred.Task: Task 'attempt_local330024318_0049_m_000001_0' done.
2024-04-24T00:55:00,919  INFO [LocalJobRunner Map Task Executor #0] mapred.Task: Final Counters for attempt_local330024318_0049_m_000001_0: Counters: 24
	File System Counters
		FILE: Number of bytes read=1170417
		FILE: Number of bytes written=58919268
		FILE: Number of read operations=0
		FILE: Number of large read operations=0
		FILE: Number of write operations=0
	Map-Reduce Framework
		Map input records=1
		Map output records=1
		Map output bytes=146
		Map output materialized bytes=155
		Input split bytes=451
		Combine input records=0
		Spilled Records=1
		Failed Shuffles=0
		Merged Map outputs=0
		GC time elapsed (ms)=0
		Total committed heap usage (bytes)=1390411776
	HIVE
		DESERIALIZE_ERRORS=0
		RECORDS_IN=1
		RECORDS_OUT_INTERMEDIATE=1
		RECORDS_OUT_OPERATOR_MAP_0=0
		RECORDS_OUT_OPERATOR_RS_2=1
		RECORDS_OUT_OPERATOR_SEL_1=1
		RECORDS_OUT_OPERATOR_TS_0=1
	File Input Format Counters 
		Bytes Read=5917
2024-04-24T00:55:00,919  INFO [LocalJobRunner Map Task Executor #0] mapred.LocalJobRunner: Finishing task: attempt_local330024318_0049_m_000001_0
2024-04-24T00:55:00,920  INFO [LocalJobRunner Map Task Executor #0] mapred.LocalJobRunner: Starting task: attempt_local330024318_0049_m_000002_0
2024-04-24T00:55:00,920  INFO [LocalJobRunner Map Task Executor #0] mapred.Task:  Using ResourceCalculatorProcessTree : [ ]
2024-04-24T00:55:00,920  INFO [LocalJobRunner Map Task Executor #0] mapred.MapTask: Processing split: org.apache.hadoop.hive.ql.io.orc.OrcInputFormat:OrcSplit [file:/home/alex/Repositories/hive/ql/target/tmp/org.apache.hadoop.hive.ql.TestTxnNoBuckets-1713945183193/warehouse/t/000002_0, start=0, length=254, isOriginal=true, fileLength=254, hasFooter=false, hasBase=true, deltas=0]
2024-04-24T00:55:00,921  INFO [LocalJobRunner Map Task Executor #0] exec.SerializationUtilities: Deserializing MapWork using kryo
2024-04-24T00:55:00,921  INFO [LocalJobRunner Map Task Executor #0] exec.Utilities: Deserialized plan (via FILE) - name: null size: 4,79KB
2024-04-24T00:55:00,922  INFO [LocalJobRunner Map Task Executor #0] orc.ReaderImpl: Reading ORC rows from file:/home/alex/Repositories/hive/ql/target/tmp/org.apache.hadoop.hive.ql.TestTxnNoBuckets-1713945183193/warehouse/t/000002_0 with {include: [true, true, true], offset: 0, length: 254, schema: struct<a:int,b:int>, includeAcidColumns: true}
2024-04-24T00:55:00,922  INFO [LocalJobRunner Map Task Executor #0] mapred.MapTask: numReduceTasks: 1
2024-04-24T00:55:00,927  INFO [LocalJobRunner Map Task Executor #0] mapred.MapTask: (EQUATOR) 0 kvi 26214396(104857584)
2024-04-24T00:55:00,927  INFO [LocalJobRunner Map Task Executor #0] mapred.MapTask: mapreduce.task.io.sort.mb: 100
2024-04-24T00:55:00,927  INFO [LocalJobRunner Map Task Executor #0] mapred.MapTask: soft limit at 83886080
2024-04-24T00:55:00,927  INFO [LocalJobRunner Map Task Executor #0] mapred.MapTask: bufstart = 0; bufvoid = 104857600
2024-04-24T00:55:00,927  INFO [LocalJobRunner Map Task Executor #0] mapred.MapTask: kvstart = 26214396; length = 6553600
2024-04-24T00:55:00,928  INFO [LocalJobRunner Map Task Executor #0] mapred.MapTask: Map output collector class = org.apache.hadoop.mapred.MapTask$MapOutputBuffer
2024-04-24T00:55:00,928  INFO [LocalJobRunner Map Task Executor #0] exec.MapOperator: Initializing Operator: MAP[0]
2024-04-24T00:55:00,929  INFO [LocalJobRunner Map Task Executor #0] mr.ExecMapper: 
<MAP>Id =0
  <Children>null
  <\Children>
  <Parent><\Parent>
<\MAP>
2024-04-24T00:55:00,930  INFO [LocalJobRunner Map Task Executor #0] exec.TableScanOperator: Initializing Operator: TS[0]
2024-04-24T00:55:00,930  INFO [LocalJobRunner Map Task Executor #0] exec.SelectOperator: Initializing Operator: SEL[1]
2024-04-24T00:55:00,930  INFO [LocalJobRunner Map Task Executor #0] exec.SelectOperator: SELECT struct<a:int,b:int,input__file__name:string>
2024-04-24T00:55:00,930  INFO [LocalJobRunner Map Task Executor #0] exec.ReduceSinkOperator: Initializing Operator: RS[2]
2024-04-24T00:55:00,930  INFO [LocalJobRunner Map Task Executor #0] exec.ReduceSinkOperator: Using tag = -1
2024-04-24T00:55:00,930  INFO [LocalJobRunner Map Task Executor #0] exec.ReduceSinkOperator: keys are [reducesinkkey0, reducesinkkey1, reducesinkkey2] num distributions: 3
2024-04-24T00:55:00,930  INFO [LocalJobRunner Map Task Executor #0] exec.ReduceSinkOperator: RS[2]: records written - 1
2024-04-24T00:55:00,930  INFO [LocalJobRunner Map Task Executor #0] exec.MapOperator: MAP[0]: records read - 1
2024-04-24T00:55:00,931  INFO [LocalJobRunner Map Task Executor #0] exec.MapOperator: Closing Operator: MAP[0]
2024-04-24T00:55:00,931  INFO [LocalJobRunner Map Task Executor #0] exec.MapOperator: MAP[0]: Total records read - 2. abort - false
2024-04-24T00:55:00,931  INFO [LocalJobRunner Map Task Executor #0] exec.MapOperator: RECORDS_OUT_OPERATOR_MAP_0:0, DESERIALIZE_ERRORS:0, RECORDS_IN:2, RECORDS_OUT_INTERMEDIATE:0, 
2024-04-24T00:55:00,931  INFO [LocalJobRunner Map Task Executor #0] exec.TableScanOperator: Closing Operator: TS[0]
2024-04-24T00:55:00,931  INFO [LocalJobRunner Map Task Executor #0] exec.TableScanOperator: RECORDS_OUT_OPERATOR_TS_0:2, RECORDS_OUT_INTERMEDIATE:0, 
2024-04-24T00:55:00,931  INFO [LocalJobRunner Map Task Executor #0] exec.SelectOperator: Closing Operator: SEL[1]
2024-04-24T00:55:00,931  INFO [LocalJobRunner Map Task Executor #0] exec.SelectOperator: RECORDS_OUT_INTERMEDIATE:0, RECORDS_OUT_OPERATOR_SEL_1:2, 
2024-04-24T00:55:00,931  INFO [LocalJobRunner Map Task Executor #0] exec.ReduceSinkOperator: Closing Operator: RS[2]
2024-04-24T00:55:00,931  INFO [LocalJobRunner Map Task Executor #0] exec.ReduceSinkOperator: RS[2]: Total records written - 2. abort - false
2024-04-24T00:55:00,931  INFO [LocalJobRunner Map Task Executor #0] exec.ReduceSinkOperator: RECORDS_OUT_OPERATOR_RS_2:2, RECORDS_OUT_INTERMEDIATE:2, 
2024-04-24T00:55:00,931  INFO [LocalJobRunner Map Task Executor #0] mapred.LocalJobRunner: 
2024-04-24T00:55:00,931  INFO [LocalJobRunner Map Task Executor #0] mapred.MapTask: Starting flush of map output
2024-04-24T00:55:00,931  INFO [LocalJobRunner Map Task Executor #0] mapred.MapTask: Spilling map output
2024-04-24T00:55:00,931  INFO [LocalJobRunner Map Task Executor #0] mapred.MapTask: bufstart = 0; bufend = 292; bufvoid = 104857600
2024-04-24T00:55:00,931  INFO [LocalJobRunner Map Task Executor #0] mapred.MapTask: kvstart = 26214396(104857584); kvend = 26214392(104857568); length = 5/6553600
2024-04-24T00:55:00,944  INFO [LocalJobRunner Map Task Executor #0] mapred.MapTask: Finished spill 0
2024-04-24T00:55:00,953  INFO [LocalJobRunner Map Task Executor #0] mapred.Task: Task:attempt_local330024318_0049_m_000002_0 is done. And is in the process of committing
2024-04-24T00:55:00,955  INFO [LocalJobRunner Map Task Executor #0] mapred.LocalJobRunner: map
2024-04-24T00:55:00,955  INFO [LocalJobRunner Map Task Executor #0] mapred.Task: Task 'attempt_local330024318_0049_m_000002_0' done.
2024-04-24T00:55:00,955  INFO [LocalJobRunner Map Task Executor #0] mapred.Task: Final Counters for attempt_local330024318_0049_m_000002_0: Counters: 24
	File System Counters
		FILE: Number of bytes read=1177665
		FILE: Number of bytes written=58919604
		FILE: Number of read operations=0
		FILE: Number of large read operations=0
		FILE: Number of write operations=0
	Map-Reduce Framework
		Map input records=2
		Map output records=2
		Map output bytes=292
		Map output materialized bytes=304
		Input split bytes=451
		Combine input records=0
		Spilled Records=2
		Failed Shuffles=0
		Merged Map outputs=0
		GC time elapsed (ms)=0
		Total committed heap usage (bytes)=1390411776
	HIVE
		DESERIALIZE_ERRORS=0
		RECORDS_IN=2
		RECORDS_OUT_INTERMEDIATE=2
		RECORDS_OUT_OPERATOR_MAP_0=0
		RECORDS_OUT_OPERATOR_RS_2=2
		RECORDS_OUT_OPERATOR_SEL_1=2
		RECORDS_OUT_OPERATOR_TS_0=2
	File Input Format Counters 
		Bytes Read=5917
2024-04-24T00:55:00,955  INFO [LocalJobRunner Map Task Executor #0] mapred.LocalJobRunner: Finishing task: attempt_local330024318_0049_m_000002_0
2024-04-24T00:55:00,955  INFO [LocalJobRunner Map Task Executor #0] mapred.LocalJobRunner: Starting task: attempt_local330024318_0049_m_000003_0
2024-04-24T00:55:00,957  INFO [LocalJobRunner Map Task Executor #0] mapred.Task:  Using ResourceCalculatorProcessTree : [ ]
2024-04-24T00:55:00,958  INFO [LocalJobRunner Map Task Executor #0] mapred.MapTask: Processing split: org.apache.hadoop.hive.ql.io.orc.OrcInputFormat:OrcSplit [file:/home/alex/Repositories/hive/ql/target/tmp/org.apache.hadoop.hive.ql.TestTxnNoBuckets-1713945183193/warehouse/t/000000_0_copy_1, start=0, length=241, isOriginal=true, fileLength=241, hasFooter=false, hasBase=true, deltas=0]
2024-04-24T00:55:00,959  INFO [LocalJobRunner Map Task Executor #0] exec.SerializationUtilities: Deserializing MapWork using kryo
2024-04-24T00:55:00,960  INFO [LocalJobRunner Map Task Executor #0] exec.Utilities: Deserialized plan (via FILE) - name: null size: 4,79KB
2024-04-24T00:55:00,963  INFO [LocalJobRunner Map Task Executor #0] orc.ReaderImpl: Reading ORC rows from file:/home/alex/Repositories/hive/ql/target/tmp/org.apache.hadoop.hive.ql.TestTxnNoBuckets-1713945183193/warehouse/t/000000_0_copy_1 with {include: [true, true, true], offset: 0, length: 241, schema: struct<a:int,b:int>, includeAcidColumns: true}
2024-04-24T00:55:00,966  INFO [LocalJobRunner Map Task Executor #0] mapred.MapTask: numReduceTasks: 1
2024-04-24T00:55:00,978  INFO [LocalJobRunner Map Task Executor #0] mapred.MapTask: (EQUATOR) 0 kvi 26214396(104857584)
2024-04-24T00:55:00,978  INFO [LocalJobRunner Map Task Executor #0] mapred.MapTask: mapreduce.task.io.sort.mb: 100
2024-04-24T00:55:00,978  INFO [LocalJobRunner Map Task Executor #0] mapred.MapTask: soft limit at 83886080
2024-04-24T00:55:00,978  INFO [LocalJobRunner Map Task Executor #0] mapred.MapTask: bufstart = 0; bufvoid = 104857600
2024-04-24T00:55:00,978  INFO [LocalJobRunner Map Task Executor #0] mapred.MapTask: kvstart = 26214396; length = 6553600
2024-04-24T00:55:00,979  INFO [LocalJobRunner Map Task Executor #0] mapred.MapTask: Map output collector class = org.apache.hadoop.mapred.MapTask$MapOutputBuffer
2024-04-24T00:55:00,979  INFO [LocalJobRunner Map Task Executor #0] exec.MapOperator: Initializing Operator: MAP[0]
2024-04-24T00:55:00,981  INFO [LocalJobRunner Map Task Executor #0] mr.ExecMapper: 
<MAP>Id =0
  <Children>null
  <\Children>
  <Parent><\Parent>
<\MAP>
2024-04-24T00:55:00,982  INFO [LocalJobRunner Map Task Executor #0] exec.TableScanOperator: Initializing Operator: TS[0]
2024-04-24T00:55:00,982  INFO [LocalJobRunner Map Task Executor #0] exec.SelectOperator: Initializing Operator: SEL[1]
2024-04-24T00:55:00,982  INFO [LocalJobRunner Map Task Executor #0] exec.SelectOperator: SELECT struct<a:int,b:int,input__file__name:string>
2024-04-24T00:55:00,983  INFO [LocalJobRunner Map Task Executor #0] exec.ReduceSinkOperator: Initializing Operator: RS[2]
2024-04-24T00:55:00,983  INFO [LocalJobRunner Map Task Executor #0] exec.ReduceSinkOperator: Using tag = -1
2024-04-24T00:55:00,983  INFO [LocalJobRunner Map Task Executor #0] exec.ReduceSinkOperator: keys are [reducesinkkey0, reducesinkkey1, reducesinkkey2] num distributions: 3
2024-04-24T00:55:00,984  INFO [LocalJobRunner Map Task Executor #0] exec.ReduceSinkOperator: RS[2]: records written - 1
2024-04-24T00:55:00,984  INFO [LocalJobRunner Map Task Executor #0] exec.MapOperator: MAP[0]: records read - 1
2024-04-24T00:55:00,984  INFO [LocalJobRunner Map Task Executor #0] exec.MapOperator: Closing Operator: MAP[0]
2024-04-24T00:55:00,984  INFO [LocalJobRunner Map Task Executor #0] exec.MapOperator: MAP[0]: Total records read - 1. abort - false
2024-04-24T00:55:00,984  INFO [LocalJobRunner Map Task Executor #0] exec.MapOperator: DESERIALIZE_ERRORS:0, RECORDS_IN:1, RECORDS_OUT_INTERMEDIATE:0, RECORDS_OUT_OPERATOR_MAP_0:0, 
2024-04-24T00:55:00,984  INFO [LocalJobRunner Map Task Executor #0] exec.TableScanOperator: Closing Operator: TS[0]
2024-04-24T00:55:00,984  INFO [LocalJobRunner Map Task Executor #0] exec.TableScanOperator: RECORDS_OUT_INTERMEDIATE:0, RECORDS_OUT_OPERATOR_TS_0:1, 
2024-04-24T00:55:00,984  INFO [LocalJobRunner Map Task Executor #0] exec.SelectOperator: Closing Operator: SEL[1]
2024-04-24T00:55:00,984  INFO [LocalJobRunner Map Task Executor #0] exec.SelectOperator: RECORDS_OUT_OPERATOR_SEL_1:1, RECORDS_OUT_INTERMEDIATE:0, 
2024-04-24T00:55:00,984  INFO [LocalJobRunner Map Task Executor #0] exec.ReduceSinkOperator: Closing Operator: RS[2]
2024-04-24T00:55:00,984  INFO [LocalJobRunner Map Task Executor #0] exec.ReduceSinkOperator: RS[2]: Total records written - 1. abort - false
2024-04-24T00:55:00,984  INFO [LocalJobRunner Map Task Executor #0] exec.ReduceSinkOperator: RECORDS_OUT_INTERMEDIATE:1, RECORDS_OUT_OPERATOR_RS_2:1, 
2024-04-24T00:55:00,985  INFO [LocalJobRunner Map Task Executor #0] mapred.LocalJobRunner: 
2024-04-24T00:55:00,985  INFO [LocalJobRunner Map Task Executor #0] mapred.MapTask: Starting flush of map output
2024-04-24T00:55:00,985  INFO [LocalJobRunner Map Task Executor #0] mapred.MapTask: Spilling map output
2024-04-24T00:55:00,985  INFO [LocalJobRunner Map Task Executor #0] mapred.MapTask: bufstart = 0; bufend = 153; bufvoid = 104857600
2024-04-24T00:55:00,985  INFO [LocalJobRunner Map Task Executor #0] mapred.MapTask: kvstart = 26214396(104857584); kvend = 26214396(104857584); length = 1/6553600
2024-04-24T00:55:00,995  INFO [LocalJobRunner Map Task Executor #0] mapred.MapTask: Finished spill 0
2024-04-24T00:55:00,998  INFO [LocalJobRunner Map Task Executor #0] mapred.Task: Task:attempt_local330024318_0049_m_000003_0 is done. And is in the process of committing
2024-04-24T00:55:00,998  INFO [LocalJobRunner Map Task Executor #0] mapred.LocalJobRunner: map
2024-04-24T00:55:00,998  INFO [LocalJobRunner Map Task Executor #0] mapred.Task: Task 'attempt_local330024318_0049_m_000003_0' done.
2024-04-24T00:55:00,998  INFO [LocalJobRunner Map Task Executor #0] mapred.Task: Final Counters for attempt_local330024318_0049_m_000003_0: Counters: 24
	File System Counters
		FILE: Number of bytes read=1184349
		FILE: Number of bytes written=58919798
		FILE: Number of read operations=0
		FILE: Number of large read operations=0
		FILE: Number of write operations=0
	Map-Reduce Framework
		Map input records=1
		Map output records=1
		Map output bytes=153
		Map output materialized bytes=162
		Input split bytes=459
		Combine input records=0
		Spilled Records=1
		Failed Shuffles=0
		Merged Map outputs=0
		GC time elapsed (ms)=0
		Total committed heap usage (bytes)=1390411776
	HIVE
		DESERIALIZE_ERRORS=0
		RECORDS_IN=1
		RECORDS_OUT_INTERMEDIATE=1
		RECORDS_OUT_OPERATOR_MAP_0=0
		RECORDS_OUT_OPERATOR_RS_2=1
		RECORDS_OUT_OPERATOR_SEL_1=1
		RECORDS_OUT_OPERATOR_TS_0=1
	File Input Format Counters 
		Bytes Read=5865
2024-04-24T00:55:00,998  INFO [LocalJobRunner Map Task Executor #0] mapred.LocalJobRunner: Finishing task: attempt_local330024318_0049_m_000003_0
2024-04-24T00:55:00,999  INFO [Thread-3180] mapred.LocalJobRunner: map task executor complete.
2024-04-24T00:55:00,999  INFO [Thread-3180] mapred.LocalJobRunner: Waiting for reduce tasks
2024-04-24T00:55:00,999  INFO [pool-213-thread-1] mapred.LocalJobRunner: Starting task: attempt_local330024318_0049_r_000000_0
2024-04-24T00:55:01,000  INFO [pool-213-thread-1] mapred.Task:  Using ResourceCalculatorProcessTree : [ ]
2024-04-24T00:55:01,000  INFO [pool-213-thread-1] mapred.ReduceTask: Using ShuffleConsumerPlugin: org.apache.hadoop.mapreduce.task.reduce.Shuffle@53670fb3
2024-04-24T00:55:01,000  WARN [pool-213-thread-1] impl.MetricsSystemImpl: JobTracker metrics system already initialized!
2024-04-24T00:55:01,001  INFO [pool-213-thread-1] reduce.MergeManagerImpl: MergerManager: memoryLimit=1336252800, maxSingleShuffleLimit=334063200, mergeThreshold=881926912, ioSortFactor=10, memToMemMergeOutputsThreshold=10
2024-04-24T00:55:01,001  INFO [EventFetcher for fetching Map Completion Events] reduce.EventFetcher: attempt_local330024318_0049_r_000000_0 Thread started: EventFetcher for fetching Map Completion Events
2024-04-24T00:55:01,004  INFO [localfetcher#30] reduce.LocalFetcher: localfetcher#30 about to shuffle output of map attempt_local330024318_0049_m_000000_0 decomp: 300 len: 304 to MEMORY
2024-04-24T00:55:01,004  INFO [localfetcher#30] reduce.InMemoryMapOutput: Read 300 bytes from map-output for attempt_local330024318_0049_m_000000_0
2024-04-24T00:55:01,004  INFO [localfetcher#30] reduce.MergeManagerImpl: closeInMemoryFile -> map-output of size: 300, inMemoryMapOutputs.size() -> 1, commitMemory -> 0, usedMemory ->300
2024-04-24T00:55:01,007  INFO [localfetcher#30] reduce.LocalFetcher: localfetcher#30 about to shuffle output of map attempt_local330024318_0049_m_000002_0 decomp: 300 len: 304 to MEMORY
2024-04-24T00:55:01,007  INFO [localfetcher#30] reduce.InMemoryMapOutput: Read 300 bytes from map-output for attempt_local330024318_0049_m_000002_0
2024-04-24T00:55:01,007  INFO [localfetcher#30] reduce.MergeManagerImpl: closeInMemoryFile -> map-output of size: 300, inMemoryMapOutputs.size() -> 2, commitMemory -> 300, usedMemory ->600
2024-04-24T00:55:01,009  INFO [localfetcher#30] reduce.LocalFetcher: localfetcher#30 about to shuffle output of map attempt_local330024318_0049_m_000001_0 decomp: 151 len: 155 to MEMORY
2024-04-24T00:55:01,009  INFO [localfetcher#30] reduce.InMemoryMapOutput: Read 151 bytes from map-output for attempt_local330024318_0049_m_000001_0
2024-04-24T00:55:01,009  INFO [localfetcher#30] reduce.MergeManagerImpl: closeInMemoryFile -> map-output of size: 151, inMemoryMapOutputs.size() -> 3, commitMemory -> 600, usedMemory ->751
2024-04-24T00:55:01,011  INFO [localfetcher#30] reduce.LocalFetcher: localfetcher#30 about to shuffle output of map attempt_local330024318_0049_m_000003_0 decomp: 158 len: 162 to MEMORY
2024-04-24T00:55:01,011  INFO [localfetcher#30] reduce.InMemoryMapOutput: Read 158 bytes from map-output for attempt_local330024318_0049_m_000003_0
2024-04-24T00:55:01,011  INFO [localfetcher#30] reduce.MergeManagerImpl: closeInMemoryFile -> map-output of size: 158, inMemoryMapOutputs.size() -> 4, commitMemory -> 751, usedMemory ->909
2024-04-24T00:55:01,012  INFO [EventFetcher for fetching Map Completion Events] reduce.EventFetcher: EventFetcher is interrupted.. Returning
2024-04-24T00:55:01,012  INFO [pool-213-thread-1] mapred.LocalJobRunner: 4 / 4 copied.
2024-04-24T00:55:01,012  INFO [pool-213-thread-1] reduce.MergeManagerImpl: finalMerge called with 4 in-memory map-outputs and 0 on-disk map-outputs
2024-04-24T00:55:01,018  INFO [pool-213-thread-1] mapred.Merger: Merging 4 sorted segments
2024-04-24T00:55:01,019  INFO [pool-213-thread-1] mapred.Merger: Down to the last merge-pass, with 4 segments left of total size: 322 bytes
2024-04-24T00:55:01,021  INFO [pool-213-thread-1] reduce.MergeManagerImpl: Merged 4 segments, 909 bytes to disk to satisfy reduce memory limit
2024-04-24T00:55:01,021  INFO [pool-213-thread-1] reduce.MergeManagerImpl: Merging 1 files, 907 bytes from disk
2024-04-24T00:55:01,021  INFO [pool-213-thread-1] reduce.MergeManagerImpl: Merging 0 segments, 0 bytes from memory into reduce
2024-04-24T00:55:01,021  INFO [pool-213-thread-1] mapred.Merger: Merging 1 sorted segments
2024-04-24T00:55:01,022  INFO [pool-213-thread-1] mapred.Merger: Down to the last merge-pass, with 1 segments left of total size: 758 bytes
2024-04-24T00:55:01,022  INFO [pool-213-thread-1] mapred.LocalJobRunner: 4 / 4 copied.
2024-04-24T00:55:01,022  INFO [pool-213-thread-1] exec.SerializationUtilities: Deserializing ReduceWork using kryo
2024-04-24T00:55:01,023  INFO [pool-213-thread-1] exec.Utilities: Deserialized plan (via FILE) - name: null size: 5,69KB
2024-04-24T00:55:01,024  INFO [pool-213-thread-1] ExecReducer: 
<SEL>Id =3
  <Children>
    <FS>Id =4
      <Children>
      <\Children>
      <Parent>Id = 3 null<\Parent>
    <\FS>
  <\Children>
  <Parent><\Parent>
<\SEL>
2024-04-24T00:55:01,024  INFO [pool-213-thread-1] exec.SelectOperator: Initializing Operator: SEL[3]
2024-04-24T00:55:01,024  INFO [pool-213-thread-1] exec.SelectOperator: SELECT struct<key:struct<reducesinkkey0:int,reducesinkkey1:int,reducesinkkey2:string>,value:struct<>>
2024-04-24T00:55:01,024  INFO [pool-213-thread-1] exec.FileSinkOperator: Initializing Operator: FS[4]
2024-04-24T00:55:01,025  INFO [pool-213-thread-1] exec.FileSinkOperator: Using serializer : class org.apache.hadoop.hive.serde2.lazy.LazySimpleSerDe [serdeParams=org.apache.hadoop.hive.serde2.lazy.LazySerDeParameters@68336319, cachedObjectInspector=org.apache.hadoop.hive.serde2.lazy.objectinspector.LazySimpleStructObjectInspector<org.apache.hadoop.hive.serde2.lazy.objectinspector.primitive.LazyIntObjectInspector@4870d2e1,org.apache.hadoop.hive.serde2.lazy.objectinspector.primitive.LazyIntObjectInspector@4870d2e1,org.apache.hadoop.hive.serde2.lazy.objectinspector.primitive.LazyStringObjectInspector@361065d1>, serializedSize=0, stats=org.apache.hadoop.hive.serde2.SerDeStats@1df2d562, lastOperationSerialize=false, lastOperationDeserialize=false [1, 2, 3, 4, 5, 6, 7, 8, 11, 14, 15, 16, 17, 18, 19, 20, 21, 22, 23, 24, 25, 26, 28, 29, 30, 31, -128, -127, -126, -125, -124, -123, -122, -121, -120, -119, -118, -117, -116, -115, -114, -113, -112, -111, -110, -109, -108, -107, -106, -105, -104, -103, -102, -101, -100, -99, -98, -97, -96, -95, -94, -93, -92, -91, -90, -89, -88, -87, -86, -85, -84, -83, -82, -81, -80, -79, -78, -77, -76, -75, -74, -73, -72, -71, -70, -69, -68, -67, -66, -65, -64, -63, -62, -61, -60, -59, -58, -57, -56, -55, -54, -53, -52, -51, -50, -49, -48, -47, -46, -45, -44, -43, -42, -41, -40, -39, -38, -37, -36, -35, -34, -33, -32, -31, -30, -29, -28, -27, -26, -25, -24, -23, -22, -21, -20, -19, -18, -17, -16, -15, -14, -13, -12, -11, -10, -9, -8, -7, -6, -5, -4, -3, -2, -1] : [_col0, _col1, _col2] : [int, int, string]] and formatter : org.apache.hadoop.hive.ql.io.HiveSequenceFileOutputFormat@14d40647
2024-04-24T00:55:01,025  INFO [pool-213-thread-1] exec.FileSinkOperator: Final Path: FS file:/home/alex/Repositories/hive/ql/target/tmp/localscratchdir/d722f3ca-04ab-4562-aceb-d9034f7af316/hive_2024-04-24_00-55-00_399_3380680341796262908-1/-mr-10001/.hive-staging_hive_2024-04-24_00-55-00_399_3380680341796262908-1/_tmp.-ext-10002/000000_0
2024-04-24T00:55:01,025  INFO [pool-213-thread-1] exec.FileSinkOperator: Writing to temp file: FS file:/home/alex/Repositories/hive/ql/target/tmp/localscratchdir/d722f3ca-04ab-4562-aceb-d9034f7af316/hive_2024-04-24_00-55-00_399_3380680341796262908-1/-mr-10001/.hive-staging_hive_2024-04-24_00-55-00_399_3380680341796262908-1/_task_tmp.-ext-10002/_tmp.000000_0
2024-04-24T00:55:01,025  INFO [pool-213-thread-1] exec.FileSinkOperator: New Final Path: FS file:/home/alex/Repositories/hive/ql/target/tmp/localscratchdir/d722f3ca-04ab-4562-aceb-d9034f7af316/hive_2024-04-24_00-55-00_399_3380680341796262908-1/-mr-10001/.hive-staging_hive_2024-04-24_00-55-00_399_3380680341796262908-1/_tmp.-ext-10002/000000_0
2024-04-24T00:55:01,033  INFO [pool-213-thread-1] exec.FileSinkOperator: FS[4]: records written - 1
2024-04-24T00:55:01,033  INFO [pool-213-thread-1] exec.SelectOperator: Closing Operator: SEL[3]
2024-04-24T00:55:01,033  INFO [pool-213-thread-1] exec.SelectOperator: RECORDS_OUT_INTERMEDIATE:0, RECORDS_OUT_OPERATOR_SEL_3:6, 
2024-04-24T00:55:01,033  INFO [pool-213-thread-1] exec.FileSinkOperator: Closing Operator: FS[4]
2024-04-24T00:55:01,033  INFO [pool-213-thread-1] exec.FileSinkOperator: FS[4]: records written - 6
2024-04-24T00:55:01,033  INFO [pool-213-thread-1] exec.FileSinkOperator: RECORDS_OUT_0:6, RECORDS_OUT_INTERMEDIATE:0, RECORDS_OUT_OPERATOR_FS_4:6, 
2024-04-24T00:55:01,034  INFO [pool-213-thread-1] mapred.Task: Task:attempt_local330024318_0049_r_000000_0 is done. And is in the process of committing
2024-04-24T00:55:01,034  INFO [pool-213-thread-1] mapred.LocalJobRunner: reduce > reduce
2024-04-24T00:55:01,034  INFO [pool-213-thread-1] mapred.Task: Task 'attempt_local330024318_0049_r_000000_0' done.
2024-04-24T00:55:01,034  INFO [pool-213-thread-1] mapred.Task: Final Counters for attempt_local330024318_0049_r_000000_0: Counters: 29
	File System Counters
		FILE: Number of bytes read=1192063
		FILE: Number of bytes written=58921676
		FILE: Number of read operations=0
		FILE: Number of large read operations=0
		FILE: Number of write operations=0
	Map-Reduce Framework
		Combine input records=0
		Combine output records=0
		Reduce input groups=6
		Reduce shuffle bytes=925
		Reduce input records=6
		Reduce output records=0
		Spilled Records=6
		Shuffled Maps =4
		Failed Shuffles=0
		Merged Map outputs=4
		GC time elapsed (ms)=0
		Total committed heap usage (bytes)=1390411776
	HIVE
		CREATED_FILES=1
		RECORDS_OUT_0=6
		RECORDS_OUT_INTERMEDIATE=0
		RECORDS_OUT_OPERATOR_FS_4=6
		RECORDS_OUT_OPERATOR_SEL_3=6
	Shuffle Errors
		BAD_ID=0
		CONNECTION=0
		IO_ERROR=0
		WRONG_LENGTH=0
		WRONG_MAP=0
		WRONG_REDUCE=0
	File Output Format Counters 
		Bytes Written=0
2024-04-24T00:55:01,034  INFO [pool-213-thread-1] mapred.LocalJobRunner: Finishing task: attempt_local330024318_0049_r_000000_0
2024-04-24T00:55:01,034  INFO [Thread-3180] mapred.LocalJobRunner: reduce task executor complete.
2024-04-24 00:55:01,864 Stage-1 map = 100%,  reduce = 100%
2024-04-24T00:55:01,864  INFO [main] exec.Task: 2024-04-24 00:55:01,864 Stage-1 map = 100%,  reduce = 100%
Ended Job = job_local330024318_0049
2024-04-24T00:55:01,866  INFO [main] exec.Task: Ended Job = job_local330024318_0049
2024-04-24T00:55:01,871  INFO [main] metadata.Hive: Dumping metastore api call timing information for : execution phase
2024-04-24T00:55:01,872  INFO [main] metadata.Hive: Total time spent in each metastore function (ms): {}
MapReduce Jobs Launched: 
2024-04-24T00:55:01,872  INFO [main] ql.Driver: MapReduce Jobs Launched: 
Stage-Stage-1:  HDFS Read: 0 HDFS Write: 0 SUCCESS
2024-04-24T00:55:01,872  INFO [main] ql.Driver: Stage-Stage-1:  HDFS Read: 0 HDFS Write: 0 SUCCESS
Total MapReduce CPU Time Spent: 0 msec
2024-04-24T00:55:01,873  INFO [main] ql.Driver: Total MapReduce CPU Time Spent: 0 msec
2024-04-24T00:55:01,873  INFO [main] ql.Driver: Completed executing command(queryId=alex_20240424005453_a4844c6b-901a-4b7d-8ebf-c288eb290ab4); Time taken: 1.332 seconds
2024-04-24T00:55:01,873  INFO [main] lockmgr.DbTxnManager: Stopped heartbeat for query: alex_20240424005453_a4844c6b-901a-4b7d-8ebf-c288eb290ab4
2024-04-24T00:55:01,885  INFO [main] txn.TxnHandler: Expected to move at least one record from txn_components to completed_txn_components when committing txn! txnid:18
2024-04-24T00:55:01,897  INFO [main] txn.TxnHandler: Removed transactions: ([18]) from MIN_HISTORY_LEVEL
2024-04-24T00:55:01,897  WARN [main] txn.CompactionTxnHandler: No compaction queue record found for Compaction type transaction commit. txnId:18
2024-04-24T00:55:01,904  INFO [main] mapred.FileInputFormat: Total input files to process : 1
2024-04-24T00:55:01,905  INFO [main] exec.ListSinkOperator: Closing Operator: LIST_SINK[5]
2024-04-24T00:55:01,905  INFO [main] exec.ListSinkOperator: RECORDS_OUT_OPERATOR_LIST_SINK_5:6, RECORDS_OUT_INTERMEDIATE:0, 
2024-04-24T00:55:01,905  WARN [main] ql.TestTxnNoBuckets: null: read data(before converting to acid): 
2024-04-24T00:55:01,905  INFO [main] ql.TestTxnNoBuckets: 1	2	file:/home/alex/Repositories/hive/ql/target/tmp/org.apache.hadoop.hive.ql.TestTxnNoBuckets-1713945183193/warehouse/t/000002_0
2	4	file:/home/alex/Repositories/hive/ql/target/tmp/org.apache.hadoop.hive.ql.TestTxnNoBuckets-1713945183193/warehouse/t/000002_0
5	6	file:/home/alex/Repositories/hive/ql/target/tmp/org.apache.hadoop.hive.ql.TestTxnNoBuckets-1713945183193/warehouse/t/000000_0
6	8	file:/home/alex/Repositories/hive/ql/target/tmp/org.apache.hadoop.hive.ql.TestTxnNoBuckets-1713945183193/warehouse/t/000001_0
9	10	file:/home/alex/Repositories/hive/ql/target/tmp/org.apache.hadoop.hive.ql.TestTxnNoBuckets-1713945183193/warehouse/t/000000_0
12	12	file:/home/alex/Repositories/hive/ql/target/tmp/org.apache.hadoop.hive.ql.TestTxnNoBuckets-1713945183193/warehouse/t/000000_0_copy_1

2024-04-24T00:55:01,905  INFO [main] ql.Context: Deleting scratch dir: file:/home/alex/Repositories/hive/ql/target/tmp/localscratchdir/d722f3ca-04ab-4562-aceb-d9034f7af316/hive_2024-04-24_00-55-00_399_3380680341796262908-1
2024-04-24T00:55:01,907  INFO [main] cleanup.SyncCleanupService: Deleted directory: file:/home/alex/Repositories/hive/ql/target/tmp/localscratchdir/d722f3ca-04ab-4562-aceb-d9034f7af316/hive_2024-04-24_00-55-00_399_3380680341796262908-1 on fs with scheme file
2024-04-24T00:55:01,908  INFO [main] ql.TxnCommandsBaseForTests: Running the query: insert into T(a,b) select a * 10, b * 10 from acidTbl where a between 1 and 3 group by a, b union all select a * 10, b * 10 from acidTbl where a between 5 and 7
2024-04-24T00:55:01,908  INFO [main] ql.Driver: Compiling command(queryId=alex_20240424005501_81ec1ab7-7de0-4cab-a542-6b148e9002ac): insert into T(a,b) select a * 10, b * 10 from acidTbl where a between 1 and 3 group by a, b union all select a * 10, b * 10 from acidTbl where a between 5 and 7
2024-04-24T00:55:01,911  INFO [main] txn.TxnHandler: Added entries to MIN_HISTORY_LEVEL for current txns: ([19]) with min_open_txn: 19
2024-04-24T00:55:01,912  INFO [main] lockmgr.DbTxnManager: Opened txnid:19
2024-04-24T00:55:01,912  INFO [main] parse.CalcitePlanner: Starting caching scope for: alex_20240424005501_81ec1ab7-7de0-4cab-a542-6b148e9002ac
2024-04-24T00:55:01,912  INFO [main] parse.CalcitePlanner: Starting Semantic Analysis
2024-04-24T00:55:01,916  INFO [main] HiveMetaStore.audit: ugi=alex	ip=unknown-ip-addr	cmd=get_table : tbl=hive.default.T	
2024-04-24T00:55:01,925  INFO [main] metastore.HMSHandler: Skipping translation for processor with null
2024-04-24T00:55:01,925  INFO [main] parse.CalcitePlanner: Completed phase 1 of Semantic Analysis
2024-04-24T00:55:01,925  INFO [main] parse.CalcitePlanner: Get metadata for source tables
2024-04-24T00:55:01,925  INFO [main] parse.CalcitePlanner: Get metadata for subqueries
2024-04-24T00:55:01,925  INFO [main] parse.CalcitePlanner: Get metadata for source tables
2024-04-24T00:55:01,926  INFO [main] HiveMetaStore.audit: ugi=alex	ip=unknown-ip-addr	cmd=get_table : tbl=hive.default.acidtbl	
2024-04-24T00:55:01,934  INFO [main] metastore.HMSHandler: Skipping translation for processor with null
2024-04-24T00:55:01,934  INFO [main] parse.CalcitePlanner: Get metadata for subqueries
2024-04-24T00:55:01,934  INFO [main] parse.CalcitePlanner: Get metadata for destination tables
2024-04-24T00:55:01,934  INFO [main] parse.CalcitePlanner: Get metadata for source tables
2024-04-24T00:55:01,934  INFO [main] parse.CalcitePlanner: Get metadata for subqueries
2024-04-24T00:55:01,934  INFO [main] parse.CalcitePlanner: Get metadata for destination tables
2024-04-24T00:55:01,934  INFO [main] parse.CalcitePlanner: Get metadata for destination tables
2024-04-24T00:55:01,934  INFO [main] HiveMetaStore.audit: ugi=alex	ip=unknown-ip-addr	cmd=get_table : tbl=hive.default.T	
2024-04-24T00:55:01,945  INFO [main] metastore.HMSHandler: Skipping translation for processor with null
2024-04-24T00:55:01,945  INFO [main] parse.CalcitePlanner: Completed getting MetaData in Semantic Analysis
2024-04-24T00:55:01,945  INFO [main] parse.CalcitePlanner: Disabling LLAP IO encode as ETL query is detected
2024-04-24T00:55:01,958  INFO [main] HiveMetaStore.audit: ugi=alex	ip=unknown-ip-addr	cmd=get_all_table_constraints : tbl=hive.default.acidtbl	
2024-04-24T00:55:01,966  INFO [main] HiveMetaStore.audit: ugi=alex	ip=unknown-ip-addr	cmd=get_all_table_constraints : tbl=hive.default.acidtbl	
2024-04-24T00:55:01,998  INFO [main] calcite.RelOptHiveTable: Calculating column statistics for default.acidtbl, projIndxSet: [0, 1], allowMissingStats: true
2024-04-24T00:55:01,998  INFO [main] HiveMetaStore.audit: ugi=alex	ip=unknown-ip-addr	cmd=get_table_statistics_req: table=hive.default.acidtbl	
2024-04-24T00:55:02,008  WARN [main] calcite.RelOptHiveTable: No Stats for default@acidtbl, Columns: b, a
No Stats for default@acidtbl, Columns: b, a
2024-04-24T00:55:02,008  INFO [main] SessionState: No Stats for default@acidtbl, Columns: b, a
2024-04-24T00:55:02,091  INFO [main] parse.CalcitePlanner: Get metadata for source tables
2024-04-24T00:55:02,091  INFO [main] parse.CalcitePlanner: Get metadata for subqueries
2024-04-24T00:55:02,091  INFO [main] parse.CalcitePlanner: Get metadata for source tables
2024-04-24T00:55:02,091  INFO [main] parse.CalcitePlanner: Get metadata for subqueries
2024-04-24T00:55:02,091  INFO [main] parse.CalcitePlanner: Get metadata for destination tables
2024-04-24T00:55:02,091  INFO [main] parse.CalcitePlanner: Get metadata for source tables
2024-04-24T00:55:02,092  INFO [main] parse.CalcitePlanner: Get metadata for subqueries
2024-04-24T00:55:02,092  INFO [main] parse.CalcitePlanner: Get metadata for destination tables
2024-04-24T00:55:02,092  INFO [main] parse.CalcitePlanner: Get metadata for destination tables
2024-04-24T00:55:02,096  INFO [main] common.FileUtils: Creating directory if it doesn't exist: file:/home/alex/Repositories/hive/ql/target/tmp/org.apache.hadoop.hive.ql.TestTxnNoBuckets-1713945183193/warehouse/t/.hive-staging_hive_2024-04-24_00-55-01_908_4199523465962375993-1
2024-04-24T00:55:02,099  INFO [main] HiveMetaStore.audit: ugi=alex	ip=unknown-ip-addr	cmd=get_not_null_constraints : tbl=hive.default.t	
2024-04-24T00:55:02,100  INFO [main] HiveMetaStore.audit: ugi=alex	ip=unknown-ip-addr	cmd=get_check_constraints : tbl=hive.default.t	
2024-04-24T00:55:02,104  INFO [main] parse.CalcitePlanner: CBO Succeeded; optimized logical plan.
2024-04-24T00:55:02,110  INFO [main] optimizer.ColumnPrunerProcFactory: RS 4 oldColExprMap: {KEY._col0=Column[_col0], KEY._col1=Column[_col1]}
2024-04-24T00:55:02,110  INFO [main] optimizer.ColumnPrunerProcFactory: RS 4 newColExprMap: {KEY._col0=Column[_col0], KEY._col1=Column[_col1]}
2024-04-24T00:55:02,114  INFO [main] optimizer.SortedDynPartitionOptimizer: Sorted dynamic partitioning optimization kicked in..
2024-04-24T00:55:02,114  INFO [main] optimizer.SortedDynPartitionOptimizer: Sorted dynamic partitioning optimization kicked in..
2024-04-24T00:55:02,122  INFO [main] HiveMetaStore.audit: ugi=alex	ip=unknown-ip-addr	cmd=get_table : tbl=hive.default.t	
2024-04-24T00:55:02,133  INFO [main] metastore.HMSHandler: Skipping translation for processor with null
2024-04-24T00:55:02,142  INFO [main] physical.Vectorizer: Examining input format to see if vectorization is enabled.
2024-04-24T00:55:02,143  INFO [main] physical.Vectorizer: Vectorization is enabled for input format(s) [org.apache.hadoop.hive.ql.io.orc.OrcInputFormat]
2024-04-24T00:55:02,143  INFO [main] physical.Vectorizer: Validating and vectorizing MapWork... (vectorizedVertexNum 0)
2024-04-24T00:55:02,144  INFO [main] physical.Vectorizer: Vector GROUP BY operator will use processing mode HASH
2024-04-24T00:55:02,145  INFO [main] physical.Vectorizer: Map vectorization enabled: true
2024-04-24T00:55:02,145  INFO [main] physical.Vectorizer: Map vectorized: true
2024-04-24T00:55:02,145  INFO [main] physical.Vectorizer: Map vectorizedVertexNum: 0
2024-04-24T00:55:02,145  INFO [main] physical.Vectorizer: Map enabledConditionsMet: [hive.vectorized.use.vectorized.input.format IS true]
2024-04-24T00:55:02,145  INFO [main] physical.Vectorizer: Map inputFileFormatClassNameSet: [org.apache.hadoop.hive.ql.io.orc.OrcInputFormat]
2024-04-24T00:55:02,145  INFO [main] physical.Vectorizer: Reduce vectorization enabled: false
2024-04-24T00:55:02,145  INFO [main] physical.Vectorizer: Reduce vectorized: false
2024-04-24T00:55:02,145  INFO [main] physical.Vectorizer: Reduce vectorizedVertexNum: 1
2024-04-24T00:55:02,145  INFO [main] physical.Vectorizer: Reducer hive.vectorized.execution.reduce.enabled: true
2024-04-24T00:55:02,145  INFO [main] physical.Vectorizer: Reducer engine: mr
2024-04-24T00:55:02,145  INFO [main] physical.Vectorizer: Examining input format to see if vectorization is enabled.
2024-04-24T00:55:02,145  INFO [main] physical.Vectorizer: Vectorization is enabled for input format(s) [org.apache.hadoop.hive.ql.io.orc.OrcInputFormat]
2024-04-24T00:55:02,145  INFO [main] physical.Vectorizer: Validating and vectorizing MapWork... (vectorizedVertexNum 2)
2024-04-24T00:55:02,150  INFO [main] physical.Vectorizer: Map vectorization enabled: true
2024-04-24T00:55:02,150  INFO [main] physical.Vectorizer: Map vectorized: true
2024-04-24T00:55:02,150  INFO [main] physical.Vectorizer: Map vectorizedVertexNum: 2
2024-04-24T00:55:02,150  INFO [main] physical.Vectorizer: Map enabledConditionsMet: [hive.vectorized.use.vectorized.input.format IS true]
2024-04-24T00:55:02,150  INFO [main] physical.Vectorizer: Map inputFileFormatClassNameSet: [org.apache.hadoop.hive.ql.io.orc.OrcInputFormat]
2024-04-24T00:55:02,150  INFO [main] parse.CalcitePlanner: Completed plan generation
2024-04-24T00:55:02,150  INFO [main] parse.CalcitePlanner: Ending caching scope for: alex_20240424005501_81ec1ab7-7de0-4cab-a542-6b148e9002ac
2024-04-24T00:55:02,150  INFO [main] ql.Driver: Semantic Analysis Completed (retrial = false)
2024-04-24T00:55:02,150  INFO [main] ql.Driver: Created Hive schema: Schema(fieldSchemas:[FieldSchema(name:_col0, type:int, comment:null), FieldSchema(name:_col1, type:int, comment:null)], properties:null)
2024-04-24T00:55:02,150  INFO [main] metadata.Hive: Dumping metastore api call timing information for : compilation phase
2024-04-24T00:55:02,150  INFO [main] metadata.Hive: Total time spent in each metastore function (ms): {commitTxn_(CommitTxnRequest)=25, openTxn_(String, TxnType)=2, getCheckConstraints_(CheckConstraintsRequest)=1, flushCache_()=0, getValidWriteIds_(List, String)=4, getTable_(GetTableRequest)=39, getTableColumnStatistics_(String, String, List, String)=9, isCompatibleWith_(Configuration)=0, getAllTableConstraints_(AllTableConstraintsRequest)=10, getNotNullConstraints_(NotNullConstraintsRequest)=2, getValidTxns_(long)=0}
2024-04-24T00:55:02,151  INFO [main] ql.Driver: Completed compiling command(queryId=alex_20240424005501_81ec1ab7-7de0-4cab-a542-6b148e9002ac); Time taken: 0.242 seconds
2024-04-24T00:55:02,151  INFO [main] lockmgr.DbTxnManager: Setting lock request transaction to txnid:19 for queryId=alex_20240424005501_81ec1ab7-7de0-4cab-a542-6b148e9002ac
2024-04-24T00:55:02,151  INFO [main] lockmgr.DbLockManager: Requesting lock for queryId=alex_20240424005501_81ec1ab7-7de0-4cab-a542-6b148e9002ac
2024-04-24T00:55:02,167  INFO [main] lockmgr.DbLockManager: Response to queryId=alex_20240424005501_81ec1ab7-7de0-4cab-a542-6b148e9002ac LockResponse(lockid:13, state:ACQUIRED)
2024-04-24T00:55:02,167  INFO [main] ql.Driver: Operation QUERY obtained 1 locks
2024-04-24T00:55:02,171  INFO [main] ql.Driver: Executing command(queryId=alex_20240424005501_81ec1ab7-7de0-4cab-a542-6b148e9002ac): insert into T(a,b) select a * 10, b * 10 from acidTbl where a between 1 and 3 group by a, b union all select a * 10, b * 10 from acidTbl where a between 5 and 7
2024-04-24T00:55:02,172  WARN [main] ql.Driver: Hive-on-MR is deprecated in Hive 2 and may not be available in the future versions. Consider using a different execution engine (i.e. spark, tez) or using Hive 1.X releases.
Query ID = alex_20240424005501_81ec1ab7-7de0-4cab-a542-6b148e9002ac
2024-04-24T00:55:02,172  INFO [main] ql.Driver: Query ID = alex_20240424005501_81ec1ab7-7de0-4cab-a542-6b148e9002ac
Total jobs = 2
2024-04-24T00:55:02,172  INFO [main] ql.Driver: Total jobs = 2
Launching Job 1 out of 2
2024-04-24T00:55:02,172  INFO [main] ql.Driver: Launching Job 1 out of 2
2024-04-24T00:55:02,328  INFO [main] ql.Driver: Starting task [Stage-1:MAPRED] in serial mode
2024-04-24T00:55:02,329  INFO [main] exec.Utilities: Not using thread pool for getContentSummary
2024-04-24T00:55:02,330  INFO [main] exec.Utilities: BytesPerReducer=256000000 maxReducers=1009 totalInputFileSize=1393
Number of reduce tasks not specified. Estimated from input data size: 1
2024-04-24T00:55:02,330  INFO [main] exec.Task: Number of reduce tasks not specified. Estimated from input data size: 1
In order to change the average load for a reducer (in bytes):
2024-04-24T00:55:02,330  INFO [main] exec.Task: In order to change the average load for a reducer (in bytes):
  set hive.exec.reducers.bytes.per.reducer=<number>
2024-04-24T00:55:02,330  INFO [main] exec.Task:   set hive.exec.reducers.bytes.per.reducer=<number>
In order to limit the maximum number of reducers:
2024-04-24T00:55:02,330  INFO [main] exec.Task: In order to limit the maximum number of reducers:
  set hive.exec.reducers.max=<number>
2024-04-24T00:55:02,330  INFO [main] exec.Task:   set hive.exec.reducers.max=<number>
In order to set a constant number of reducers:
2024-04-24T00:55:02,330  INFO [main] exec.Task: In order to set a constant number of reducers:
  set mapreduce.job.reduces=<number>
2024-04-24T00:55:02,330  INFO [main] exec.Task:   set mapreduce.job.reduces=<number>
2024-04-24T00:55:02,333  INFO [main] mr.ExecDriver: Using org.apache.hadoop.hive.ql.io.HiveInputFormat
2024-04-24T00:55:02,333  INFO [main] exec.Utilities: Processing alias $hdt$_0-subquery1:acidtbl
2024-04-24T00:55:02,333  INFO [main] exec.Utilities: Adding 1 inputs; the first input is file:/home/alex/Repositories/hive/ql/target/tmp/org.apache.hadoop.hive.ql.TestTxnNoBuckets-1713945183193/warehouse/acidtbl
2024-04-24T00:55:02,343  INFO [main] exec.SerializationUtilities: Serializing MapWork using kryo
2024-04-24T00:55:02,345  INFO [main] exec.Utilities: Serialized plan (via FILE) - name: null size: 7,52KB
2024-04-24T00:55:02,350  INFO [main] exec.SerializationUtilities: Serializing ReduceWork using kryo
2024-04-24T00:55:02,352  INFO [main] exec.Utilities: Serialized plan (via FILE) - name: null size: 9,23KB
2024-04-24T00:55:02,352  WARN [main] impl.MetricsSystemImpl: JobTracker metrics system already initialized!
2024-04-24T00:55:02,356  INFO [main] fs.FSStatsPublisher: created : file:/home/alex/Repositories/hive/ql/target/tmp/localscratchdir/d722f3ca-04ab-4562-aceb-d9034f7af316/hive_2024-04-24_00-55-01_908_4199523465962375993-1/-mr-10001
2024-04-24T00:55:02,364  WARN [main] impl.MetricsSystemImpl: JobTracker metrics system already initialized!
2024-04-24T00:55:02,371  WARN [main] mapreduce.JobResourceUploader: Hadoop command-line option parsing not performed. Implement the Tool interface and execute your application with ToolRunner to remedy this.
2024-04-24T00:55:02,376  WARN [main] mapreduce.JobResourceUploader: No job jar file set.  User classes may not be found. See Job or Job#setJar(String).
2024-04-24T00:55:02,377  INFO [main] io.HiveInputFormat: hive.io.file.readcolumn.ids = 0,1
2024-04-24T00:55:02,377  INFO [main] io.HiveInputFormat: hive.io.file.readcolumn.names = a,b
2024-04-24T00:55:02,377  INFO [main] io.HiveInputFormat: Generating splits for dirs: file:/home/alex/Repositories/hive/ql/target/tmp/org.apache.hadoop.hive.ql.TestTxnNoBuckets-1713945183193/warehouse/acidtbl
2024-04-24T00:55:02,378  INFO [main] orc.OrcInputFormat: getSplits started
2024-04-24T00:55:02,378  INFO [main] orc.OrcInputFormat: Context:: isAcid: true isVectorMode: true sarg: leaf-(BETWEEN a 1 3) minSplitSize: 1 maxSplitSize: 256000000 splitStrategy: HYBRID footerInSplits: false numBuckets: 2 numThreads: 10 cacheMemSize: 268435456 cacheStripeDetails: true useSoftReference: false writeIdList: default.acidtbl:1:9223372036854775807:: isTransactionalTable: true txnProperties: default 
2024-04-24T00:55:02,378  INFO [main] orc.OrcInputFormat: ORC pushdown predicate: leaf-(BETWEEN a 1 3)
2024-04-24T00:55:02,392  INFO [main] orc.OrcInputFormat: FooterCacheHitRatio: 0/2
2024-04-24T00:55:02,392  INFO [main] orc.OrcInputFormat: getSplits finished (#splits: 2). duration: 14 ms
2024-04-24T00:55:02,392  INFO [main] io.HiveInputFormat: number of splits 2
2024-04-24T00:55:02,413  INFO [main] mapreduce.JobSubmitter: number of splits:2
2024-04-24T00:55:02,438  INFO [main] mapreduce.JobSubmitter: Submitting tokens for job: job_local2053730036_0050
2024-04-24T00:55:02,438  INFO [main] mapreduce.JobSubmitter: Executing with tokens: []
2024-04-24T00:55:02,509  INFO [main] mapreduce.Job: The url to track the job: http://localhost:8080/
Job running in-process (local Hadoop)
2024-04-24T00:55:02,509  INFO [main] exec.Task: Job running in-process (local Hadoop)
2024-04-24T00:55:02,510  INFO [Thread-3245] mapred.LocalJobRunner: OutputCommitter set in config org.apache.hadoop.hive.ql.io.HiveFileFormatUtils$NullOutputCommitter
2024-04-24T00:55:02,510  INFO [Thread-3245] mapred.LocalJobRunner: OutputCommitter is org.apache.hadoop.hive.ql.io.HiveFileFormatUtils$NullOutputCommitter
2024-04-24T00:55:02,512  INFO [Thread-3245] mapred.LocalJobRunner: Waiting for map tasks
2024-04-24T00:55:02,512  INFO [LocalJobRunner Map Task Executor #0] mapred.LocalJobRunner: Starting task: attempt_local2053730036_0050_m_000000_0
2024-04-24T00:55:02,513  INFO [LocalJobRunner Map Task Executor #0] mapred.Task:  Using ResourceCalculatorProcessTree : [ ]
2024-04-24T00:55:02,513  INFO [LocalJobRunner Map Task Executor #0] mapred.MapTask: Processing split: org.apache.hadoop.hive.ql.io.orc.OrcInputFormat:OrcSplit [file:/home/alex/Repositories/hive/ql/target/tmp/org.apache.hadoop.hive.ql.TestTxnNoBuckets-1713945183193/warehouse/acidtbl/delta_0000001_0000001_0000/bucket_00001_0, start=0, length=704, isOriginal=false, fileLength=704, hasFooter=false, hasBase=true, deltas=0]
2024-04-24T00:55:02,514  INFO [LocalJobRunner Map Task Executor #0] exec.SerializationUtilities: Deserializing MapWork using kryo
2024-04-24T00:55:02,514  INFO [LocalJobRunner Map Task Executor #0] exec.Utilities: Deserialized plan (via FILE) - name: null size: 7,52KB
2024-04-24T00:55:02,515  INFO [LocalJobRunner Map Task Executor #0] orc.OrcInputFormat: ORC pushdown predicate: leaf-(BETWEEN a 1 3)
2024-04-24T00:55:02,515  INFO [LocalJobRunner Map Task Executor #0] orc.VectorizedOrcAcidRowBatchReader: Read ValidWriteIdList: default.acidtbl:1:9223372036854775807:::OrcSplit [file:/home/alex/Repositories/hive/ql/target/tmp/org.apache.hadoop.hive.ql.TestTxnNoBuckets-1713945183193/warehouse/acidtbl/delta_0000001_0000001_0000/bucket_00001_0, start=0, length=704, isOriginal=false, fileLength=704, hasFooter=false, hasBase=true, deltas=0]
2024-04-24T00:55:02,515  INFO [LocalJobRunner Map Task Executor #0] orc.ReaderImpl: Reading ORC rows from file:/home/alex/Repositories/hive/ql/target/tmp/org.apache.hadoop.hive.ql.TestTxnNoBuckets-1713945183193/warehouse/acidtbl/delta_0000001_0000001_0000/bucket_00001_0 with {include: [true, true, true], offset: 0, length: 704, sarg: leaf-(BETWEEN a 1 3), schema: struct<a:int,b:int>, includeAcidColumns: false}
2024-04-24T00:55:02,516  INFO [LocalJobRunner Map Task Executor #0] mapred.MapTask: numReduceTasks: 1
2024-04-24T00:55:02,526  INFO [LocalJobRunner Map Task Executor #0] mapred.MapTask: (EQUATOR) 0 kvi 26214396(104857584)
2024-04-24T00:55:02,526  INFO [LocalJobRunner Map Task Executor #0] mapred.MapTask: mapreduce.task.io.sort.mb: 100
2024-04-24T00:55:02,526  INFO [LocalJobRunner Map Task Executor #0] mapred.MapTask: soft limit at 83886080
2024-04-24T00:55:02,526  INFO [LocalJobRunner Map Task Executor #0] mapred.MapTask: bufstart = 0; bufvoid = 104857600
2024-04-24T00:55:02,526  INFO [LocalJobRunner Map Task Executor #0] mapred.MapTask: kvstart = 26214396; length = 6553600
2024-04-24T00:55:02,527  INFO [LocalJobRunner Map Task Executor #0] mapred.MapTask: Map output collector class = org.apache.hadoop.mapred.MapTask$MapOutputBuffer
2024-04-24T00:55:02,527  INFO [LocalJobRunner Map Task Executor #0] vector.VectorMapOperator: Initializing Operator: MAP[0]
2024-04-24T00:55:02,527  INFO [LocalJobRunner Map Task Executor #0] mr.ExecMapper: 
<MAP>Id =0
  <Children>null
  <\Children>
  <Parent><\Parent>
<\MAP>
2024-04-24T00:55:02,528  INFO [LocalJobRunner Map Task Executor #0] exec.TableScanOperator: Initializing Operator: TS[0]
2024-04-24T00:55:02,528  INFO [LocalJobRunner Map Task Executor #0] vector.VectorFilterOperator: Initializing Operator: FIL[19]
2024-04-24T00:55:02,528  INFO [LocalJobRunner Map Task Executor #0] vector.VectorGroupByOperator: Initializing Operator: GBY[20]
2024-04-24T00:55:02,529  INFO [LocalJobRunner Map Task Executor #0] vector.VectorReduceSinkOperator: Initializing Operator: RS[21]
2024-04-24T00:55:02,529  INFO [LocalJobRunner Map Task Executor #0] vector.VectorReduceSinkOperator: Using tag = -1
2024-04-24T00:55:02,529  INFO [LocalJobRunner Map Task Executor #0] vector.VectorMapOperator: Closing Operator: MAP[0]
2024-04-24T00:55:02,529  INFO [LocalJobRunner Map Task Executor #0] vector.VectorMapOperator: RECORDS_OUT_INTERMEDIATE:0, RECORDS_OUT_OPERATOR_MAP_0:0, DESERIALIZE_ERRORS:0, RECORDS_IN:3, 
2024-04-24T00:55:02,529  INFO [LocalJobRunner Map Task Executor #0] exec.TableScanOperator: Closing Operator: TS[0]
2024-04-24T00:55:02,529  INFO [LocalJobRunner Map Task Executor #0] exec.TableScanOperator: RECORDS_OUT_INTERMEDIATE:0, RECORDS_OUT_OPERATOR_TS_0:3, 
2024-04-24T00:55:02,529  INFO [LocalJobRunner Map Task Executor #0] vector.VectorFilterOperator: Closing Operator: FIL[19]
2024-04-24T00:55:02,529  INFO [LocalJobRunner Map Task Executor #0] vector.VectorFilterOperator: RECORDS_OUT_INTERMEDIATE:0, RECORDS_OUT_OPERATOR_FIL_19:1, 
2024-04-24T00:55:02,529  INFO [LocalJobRunner Map Task Executor #0] vector.VectorGroupByOperator: Closing Operator: GBY[20]
2024-04-24T00:55:02,529  INFO [LocalJobRunner Map Task Executor #0] vector.VectorReduceSinkOperator: keys are [_col0, _col1] num distributions: 2
2024-04-24T00:55:02,529  INFO [LocalJobRunner Map Task Executor #0] vector.VectorReduceSinkOperator: RS[21]: records written - 1
2024-04-24T00:55:02,529  INFO [LocalJobRunner Map Task Executor #0] vector.VectorGroupByOperator: RECORDS_OUT_INTERMEDIATE:0, RECORDS_OUT_OPERATOR_GBY_20:1, 
2024-04-24T00:55:02,530  INFO [LocalJobRunner Map Task Executor #0] vector.VectorReduceSinkOperator: Closing Operator: RS[21]
2024-04-24T00:55:02,530  INFO [LocalJobRunner Map Task Executor #0] vector.VectorReduceSinkOperator: RS[21]: Total records written - 1. abort - false
2024-04-24T00:55:02,530  INFO [LocalJobRunner Map Task Executor #0] vector.VectorReduceSinkOperator: RECORDS_OUT_INTERMEDIATE:1, RECORDS_OUT_OPERATOR_RS_21:1, 
2024-04-24T00:55:02,530  INFO [LocalJobRunner Map Task Executor #0] mapred.LocalJobRunner: 
2024-04-24T00:55:02,530  INFO [LocalJobRunner Map Task Executor #0] mapred.MapTask: Starting flush of map output
2024-04-24T00:55:02,530  INFO [LocalJobRunner Map Task Executor #0] mapred.MapTask: Spilling map output
2024-04-24T00:55:02,530  INFO [LocalJobRunner Map Task Executor #0] mapred.MapTask: bufstart = 0; bufend = 19; bufvoid = 104857600
2024-04-24T00:55:02,530  INFO [LocalJobRunner Map Task Executor #0] mapred.MapTask: kvstart = 26214396(104857584); kvend = 26214396(104857584); length = 1/6553600
2024-04-24T00:55:02,541  INFO [LocalJobRunner Map Task Executor #0] mapred.MapTask: Finished spill 0
2024-04-24T00:55:02,545  INFO [LocalJobRunner Map Task Executor #0] mapred.Task: Task:attempt_local2053730036_0050_m_000000_0 is done. And is in the process of committing
2024-04-24T00:55:02,545  INFO [LocalJobRunner Map Task Executor #0] mapred.LocalJobRunner: OrcSplit [file:/home/alex/Repositories/hive/ql/target/tmp/org.apache.hadoop.hive.ql.TestTxnNoBuckets-1713945183193/warehouse/acidtbl/delta_0000001_0000001_0000/bucket_00001_0, start=0, length=704, isOriginal=false, fileLength=704, hasFooter=false, hasBase=true, deltas=0]
2024-04-24T00:55:02,545  INFO [LocalJobRunner Map Task Executor #0] mapred.Task: Task 'attempt_local2053730036_0050_m_000000_0' done.
2024-04-24T00:55:02,545  INFO [LocalJobRunner Map Task Executor #0] mapred.Task: Final Counters for attempt_local2053730036_0050_m_000000_0: Counters: 25
	File System Counters
		FILE: Number of bytes read=1206037
		FILE: Number of bytes written=60135062
		FILE: Number of read operations=0
		FILE: Number of large read operations=0
		FILE: Number of write operations=0
	Map-Reduce Framework
		Map input records=1
		Map output records=1
		Map output bytes=19
		Map output materialized bytes=27
		Input split bytes=497
		Combine input records=0
		Spilled Records=1
		Failed Shuffles=0
		Merged Map outputs=0
		GC time elapsed (ms)=5
		Total committed heap usage (bytes)=1390411776
	HIVE
		DESERIALIZE_ERRORS=0
		RECORDS_IN=3
		RECORDS_OUT_INTERMEDIATE=1
		RECORDS_OUT_OPERATOR_FIL_19=1
		RECORDS_OUT_OPERATOR_GBY_20=1
		RECORDS_OUT_OPERATOR_MAP_0=0
		RECORDS_OUT_OPERATOR_RS_21=1
		RECORDS_OUT_OPERATOR_TS_0=3
	File Input Format Counters 
		Bytes Read=11932
2024-04-24T00:55:02,545  INFO [LocalJobRunner Map Task Executor #0] mapred.LocalJobRunner: Finishing task: attempt_local2053730036_0050_m_000000_0
2024-04-24T00:55:02,545  INFO [LocalJobRunner Map Task Executor #0] mapred.LocalJobRunner: Starting task: attempt_local2053730036_0050_m_000001_0
2024-04-24T00:55:02,546  INFO [LocalJobRunner Map Task Executor #0] mapred.Task:  Using ResourceCalculatorProcessTree : [ ]
2024-04-24T00:55:02,547  INFO [LocalJobRunner Map Task Executor #0] mapred.MapTask: Processing split: org.apache.hadoop.hive.ql.io.orc.OrcInputFormat:OrcSplit [file:/home/alex/Repositories/hive/ql/target/tmp/org.apache.hadoop.hive.ql.TestTxnNoBuckets-1713945183193/warehouse/acidtbl/delta_0000001_0000001_0000/bucket_00000_0, start=0, length=688, isOriginal=false, fileLength=688, hasFooter=false, hasBase=true, deltas=0]
2024-04-24T00:55:02,547  INFO [LocalJobRunner Map Task Executor #0] exec.SerializationUtilities: Deserializing MapWork using kryo
2024-04-24T00:55:02,548  INFO [LocalJobRunner Map Task Executor #0] exec.Utilities: Deserialized plan (via FILE) - name: null size: 7,52KB
2024-04-24T00:55:02,549  INFO [LocalJobRunner Map Task Executor #0] orc.OrcInputFormat: ORC pushdown predicate: leaf-(BETWEEN a 1 3)
2024-04-24T00:55:02,549  INFO [LocalJobRunner Map Task Executor #0] orc.VectorizedOrcAcidRowBatchReader: Read ValidWriteIdList: default.acidtbl:1:9223372036854775807:::OrcSplit [file:/home/alex/Repositories/hive/ql/target/tmp/org.apache.hadoop.hive.ql.TestTxnNoBuckets-1713945183193/warehouse/acidtbl/delta_0000001_0000001_0000/bucket_00000_0, start=0, length=688, isOriginal=false, fileLength=688, hasFooter=false, hasBase=true, deltas=0]
2024-04-24T00:55:02,550  INFO [LocalJobRunner Map Task Executor #0] orc.ReaderImpl: Reading ORC rows from file:/home/alex/Repositories/hive/ql/target/tmp/org.apache.hadoop.hive.ql.TestTxnNoBuckets-1713945183193/warehouse/acidtbl/delta_0000001_0000001_0000/bucket_00000_0 with {include: [true, true, true], offset: 0, length: 688, sarg: leaf-(BETWEEN a 1 3), schema: struct<a:int,b:int>, includeAcidColumns: false}
2024-04-24T00:55:02,551  INFO [LocalJobRunner Map Task Executor #0] mapred.MapTask: numReduceTasks: 1
2024-04-24T00:55:02,557  INFO [LocalJobRunner Map Task Executor #0] mapred.MapTask: (EQUATOR) 0 kvi 26214396(104857584)
2024-04-24T00:55:02,557  INFO [LocalJobRunner Map Task Executor #0] mapred.MapTask: mapreduce.task.io.sort.mb: 100
2024-04-24T00:55:02,557  INFO [LocalJobRunner Map Task Executor #0] mapred.MapTask: soft limit at 83886080
2024-04-24T00:55:02,557  INFO [LocalJobRunner Map Task Executor #0] mapred.MapTask: bufstart = 0; bufvoid = 104857600
2024-04-24T00:55:02,557  INFO [LocalJobRunner Map Task Executor #0] mapred.MapTask: kvstart = 26214396; length = 6553600
2024-04-24T00:55:02,557  INFO [LocalJobRunner Map Task Executor #0] mapred.MapTask: Map output collector class = org.apache.hadoop.mapred.MapTask$MapOutputBuffer
2024-04-24T00:55:02,558  INFO [LocalJobRunner Map Task Executor #0] vector.VectorMapOperator: Initializing Operator: MAP[0]
2024-04-24T00:55:02,558  INFO [LocalJobRunner Map Task Executor #0] mr.ExecMapper: 
<MAP>Id =0
  <Children>null
  <\Children>
  <Parent><\Parent>
<\MAP>
2024-04-24T00:55:02,559  INFO [LocalJobRunner Map Task Executor #0] exec.TableScanOperator: Initializing Operator: TS[0]
2024-04-24T00:55:02,559  INFO [LocalJobRunner Map Task Executor #0] vector.VectorFilterOperator: Initializing Operator: FIL[19]
2024-04-24T00:55:02,559  INFO [LocalJobRunner Map Task Executor #0] vector.VectorGroupByOperator: Initializing Operator: GBY[20]
2024-04-24T00:55:02,559  INFO [LocalJobRunner Map Task Executor #0] vector.VectorReduceSinkOperator: Initializing Operator: RS[21]
2024-04-24T00:55:02,559  INFO [LocalJobRunner Map Task Executor #0] vector.VectorReduceSinkOperator: Using tag = -1
2024-04-24T00:55:02,560  INFO [LocalJobRunner Map Task Executor #0] vector.VectorMapOperator: Closing Operator: MAP[0]
2024-04-24T00:55:02,560  INFO [LocalJobRunner Map Task Executor #0] vector.VectorMapOperator: DESERIALIZE_ERRORS:0, RECORDS_OUT_OPERATOR_MAP_0:0, RECORDS_OUT_INTERMEDIATE:0, RECORDS_IN:2, 
2024-04-24T00:55:02,560  INFO [LocalJobRunner Map Task Executor #0] exec.TableScanOperator: Closing Operator: TS[0]
2024-04-24T00:55:02,560  INFO [LocalJobRunner Map Task Executor #0] exec.TableScanOperator: RECORDS_OUT_OPERATOR_TS_0:2, RECORDS_OUT_INTERMEDIATE:0, 
2024-04-24T00:55:02,560  INFO [LocalJobRunner Map Task Executor #0] vector.VectorFilterOperator: Closing Operator: FIL[19]
2024-04-24T00:55:02,560  INFO [LocalJobRunner Map Task Executor #0] vector.VectorFilterOperator: RECORDS_OUT_INTERMEDIATE:0, RECORDS_OUT_OPERATOR_FIL_19:1, 
2024-04-24T00:55:02,560  INFO [LocalJobRunner Map Task Executor #0] vector.VectorGroupByOperator: Closing Operator: GBY[20]
2024-04-24T00:55:02,560  INFO [LocalJobRunner Map Task Executor #0] vector.VectorReduceSinkOperator: keys are [_col0, _col1] num distributions: 2
2024-04-24T00:55:02,560  INFO [LocalJobRunner Map Task Executor #0] vector.VectorReduceSinkOperator: RS[21]: records written - 1
2024-04-24T00:55:02,561  INFO [LocalJobRunner Map Task Executor #0] vector.VectorGroupByOperator: RECORDS_OUT_OPERATOR_GBY_20:1, RECORDS_OUT_INTERMEDIATE:0, 
2024-04-24T00:55:02,561  INFO [LocalJobRunner Map Task Executor #0] vector.VectorReduceSinkOperator: Closing Operator: RS[21]
2024-04-24T00:55:02,561  INFO [LocalJobRunner Map Task Executor #0] vector.VectorReduceSinkOperator: RS[21]: Total records written - 1. abort - false
2024-04-24T00:55:02,561  INFO [LocalJobRunner Map Task Executor #0] vector.VectorReduceSinkOperator: RECORDS_OUT_OPERATOR_RS_21:1, RECORDS_OUT_INTERMEDIATE:1, 
2024-04-24T00:55:02,561  INFO [LocalJobRunner Map Task Executor #0] mapred.LocalJobRunner: 
2024-04-24T00:55:02,561  INFO [LocalJobRunner Map Task Executor #0] mapred.MapTask: Starting flush of map output
2024-04-24T00:55:02,561  INFO [LocalJobRunner Map Task Executor #0] mapred.MapTask: Spilling map output
2024-04-24T00:55:02,561  INFO [LocalJobRunner Map Task Executor #0] mapred.MapTask: bufstart = 0; bufend = 19; bufvoid = 104857600
2024-04-24T00:55:02,561  INFO [LocalJobRunner Map Task Executor #0] mapred.MapTask: kvstart = 26214396(104857584); kvend = 26214396(104857584); length = 1/6553600
2024-04-24T00:55:02,569  INFO [LocalJobRunner Map Task Executor #0] mapred.MapTask: Finished spill 0
2024-04-24T00:55:02,573  INFO [LocalJobRunner Map Task Executor #0] mapred.Task: Task:attempt_local2053730036_0050_m_000001_0 is done. And is in the process of committing
2024-04-24T00:55:02,573  INFO [LocalJobRunner Map Task Executor #0] mapred.LocalJobRunner: OrcSplit [file:/home/alex/Repositories/hive/ql/target/tmp/org.apache.hadoop.hive.ql.TestTxnNoBuckets-1713945183193/warehouse/acidtbl/delta_0000001_0000001_0000/bucket_00000_0, start=0, length=688, isOriginal=false, fileLength=688, hasFooter=false, hasBase=true, deltas=0]
2024-04-24T00:55:02,574  INFO [LocalJobRunner Map Task Executor #0] mapred.Task: Task 'attempt_local2053730036_0050_m_000001_0' done.
2024-04-24T00:55:02,574  INFO [LocalJobRunner Map Task Executor #0] mapred.Task: Final Counters for attempt_local2053730036_0050_m_000001_0: Counters: 25
	File System Counters
		FILE: Number of bytes read=1218890
		FILE: Number of bytes written=60135121
		FILE: Number of read operations=0
		FILE: Number of large read operations=0
		FILE: Number of write operations=0
	Map-Reduce Framework
		Map input records=1
		Map output records=1
		Map output bytes=19
		Map output materialized bytes=27
		Input split bytes=497
		Combine input records=0
		Spilled Records=1
		Failed Shuffles=0
		Merged Map outputs=0
		GC time elapsed (ms)=0
		Total committed heap usage (bytes)=1390411776
	HIVE
		DESERIALIZE_ERRORS=0
		RECORDS_IN=2
		RECORDS_OUT_INTERMEDIATE=1
		RECORDS_OUT_OPERATOR_FIL_19=1
		RECORDS_OUT_OPERATOR_GBY_20=1
		RECORDS_OUT_OPERATOR_MAP_0=0
		RECORDS_OUT_OPERATOR_RS_21=1
		RECORDS_OUT_OPERATOR_TS_0=2
	File Input Format Counters 
		Bytes Read=11836
2024-04-24T00:55:02,574  INFO [LocalJobRunner Map Task Executor #0] mapred.LocalJobRunner: Finishing task: attempt_local2053730036_0050_m_000001_0
2024-04-24T00:55:02,574  INFO [Thread-3245] mapred.LocalJobRunner: map task executor complete.
2024-04-24T00:55:02,575  INFO [Thread-3245] mapred.LocalJobRunner: Waiting for reduce tasks
2024-04-24T00:55:02,575  INFO [pool-216-thread-1] mapred.LocalJobRunner: Starting task: attempt_local2053730036_0050_r_000000_0
2024-04-24T00:55:02,575  INFO [pool-216-thread-1] mapred.Task:  Using ResourceCalculatorProcessTree : [ ]
2024-04-24T00:55:02,575  INFO [pool-216-thread-1] mapred.ReduceTask: Using ShuffleConsumerPlugin: org.apache.hadoop.mapreduce.task.reduce.Shuffle@25fbef90
2024-04-24T00:55:02,575  WARN [pool-216-thread-1] impl.MetricsSystemImpl: JobTracker metrics system already initialized!
2024-04-24T00:55:02,576  INFO [pool-216-thread-1] reduce.MergeManagerImpl: MergerManager: memoryLimit=1336252800, maxSingleShuffleLimit=334063200, mergeThreshold=881926912, ioSortFactor=10, memToMemMergeOutputsThreshold=10
2024-04-24T00:55:02,577  INFO [EventFetcher for fetching Map Completion Events] reduce.EventFetcher: attempt_local2053730036_0050_r_000000_0 Thread started: EventFetcher for fetching Map Completion Events
2024-04-24T00:55:02,580  INFO [localfetcher#31] reduce.LocalFetcher: localfetcher#31 about to shuffle output of map attempt_local2053730036_0050_m_000000_0 decomp: 23 len: 27 to MEMORY
2024-04-24T00:55:02,580  INFO [localfetcher#31] reduce.InMemoryMapOutput: Read 23 bytes from map-output for attempt_local2053730036_0050_m_000000_0
2024-04-24T00:55:02,580  INFO [localfetcher#31] reduce.MergeManagerImpl: closeInMemoryFile -> map-output of size: 23, inMemoryMapOutputs.size() -> 1, commitMemory -> 0, usedMemory ->23
2024-04-24T00:55:02,582  INFO [localfetcher#31] reduce.LocalFetcher: localfetcher#31 about to shuffle output of map attempt_local2053730036_0050_m_000001_0 decomp: 23 len: 27 to MEMORY
2024-04-24T00:55:02,582  INFO [localfetcher#31] reduce.InMemoryMapOutput: Read 23 bytes from map-output for attempt_local2053730036_0050_m_000001_0
2024-04-24T00:55:02,582  INFO [localfetcher#31] reduce.MergeManagerImpl: closeInMemoryFile -> map-output of size: 23, inMemoryMapOutputs.size() -> 2, commitMemory -> 23, usedMemory ->46
2024-04-24T00:55:02,583  INFO [EventFetcher for fetching Map Completion Events] reduce.EventFetcher: EventFetcher is interrupted.. Returning
2024-04-24T00:55:02,583  INFO [pool-216-thread-1] mapred.LocalJobRunner: 2 / 2 copied.
2024-04-24T00:55:02,583  INFO [pool-216-thread-1] reduce.MergeManagerImpl: finalMerge called with 2 in-memory map-outputs and 0 on-disk map-outputs
2024-04-24T00:55:02,589  INFO [pool-216-thread-1] mapred.Merger: Merging 2 sorted segments
2024-04-24T00:55:02,589  INFO [pool-216-thread-1] mapred.Merger: Down to the last merge-pass, with 2 segments left of total size: 12 bytes
2024-04-24T00:55:02,592  INFO [pool-216-thread-1] reduce.MergeManagerImpl: Merged 2 segments, 46 bytes to disk to satisfy reduce memory limit
2024-04-24T00:55:02,592  INFO [pool-216-thread-1] reduce.MergeManagerImpl: Merging 1 files, 48 bytes from disk
2024-04-24T00:55:02,592  INFO [pool-216-thread-1] reduce.MergeManagerImpl: Merging 0 segments, 0 bytes from memory into reduce
2024-04-24T00:55:02,592  INFO [pool-216-thread-1] mapred.Merger: Merging 1 sorted segments
2024-04-24T00:55:02,592  INFO [pool-216-thread-1] mapred.Merger: Down to the last merge-pass, with 1 segments left of total size: 27 bytes
2024-04-24T00:55:02,592  INFO [pool-216-thread-1] mapred.LocalJobRunner: 2 / 2 copied.
2024-04-24T00:55:02,593  INFO [pool-216-thread-1] exec.SerializationUtilities: Deserializing ReduceWork using kryo
2024-04-24T00:55:02,594  INFO [pool-216-thread-1] exec.Utilities: Deserialized plan (via FILE) - name: null size: 9,23KB
2024-04-24T00:55:02,595  INFO [pool-216-thread-1] ExecReducer: 
<GBY>Id =5
  <Children>
    <SEL>Id =6
      <Children>
        <FS>Id =17
          <Children>
          <\Children>
          <Parent>Id = 6 null<\Parent>
        <\FS>
      <\Children>
      <Parent>Id = 5 null<\Parent>
    <\SEL>
  <\Children>
  <Parent><\Parent>
<\GBY>
2024-04-24T00:55:02,595  INFO [pool-216-thread-1] exec.GroupByOperator: Initializing Operator: GBY[5]
2024-04-24T00:55:02,596  INFO [pool-216-thread-1] exec.GroupByOperator: isTez: false isLlap: false numExecutors: 1 maxMemory: 1908932608
2024-04-24T00:55:02,596  INFO [pool-216-thread-1] exec.SelectOperator: Initializing Operator: SEL[6]
2024-04-24T00:55:02,596  INFO [pool-216-thread-1] exec.SelectOperator: SELECT struct<_col0:int,_col1:int>
2024-04-24T00:55:02,596  INFO [pool-216-thread-1] exec.FileSinkOperator: Initializing Operator: FS[17]
2024-04-24T00:55:02,596  INFO [pool-216-thread-1] exec.FileSinkOperator: Using serializer : AbstractSerDe [log=org.apache.logging.slf4j.Log4jLogger@22a08b61, configuration=Optional[Configuration: core-default.xml, core-site.xml, mapred-default.xml, mapred-site.xml, yarn-default.xml, yarn-site.xml, hdfs-default.xml, hdfs-site.xml, file:/home/alex/Repositories/hive/ql/target/tmp/TestTxnNoBucketsVectorized/mapred/local/localRunner/alex/job_local2053730036_0050/job_local2053730036_0050.xml], properties={name=default.t, columns.types=int:int, serialization.format=1, columns=a,b, numFilesErasureCoded=0, columns.comments=&amp#0;, bucketing_version=2, serialization.lib=org.apache.hadoop.hive.ql.io.orc.OrcSerde, file.inputformat=org.apache.hadoop.hive.ql.io.orc.OrcInputFormat, file.outputformat=org.apache.hadoop.hive.ql.io.orc.OrcOutputFormat, location=file:/home/alex/Repositories/hive/ql/target/tmp/org.apache.hadoop.hive.ql.TestTxnNoBuckets-1713945183193/warehouse/t, column.name.delimiter=,}, tableProperties={name=default.t, columns.types=int:int, serialization.format=1, columns=a,b, numFilesErasureCoded=0, columns.comments=&amp#0;, bucketing_version=2, serialization.lib=org.apache.hadoop.hive.ql.io.orc.OrcSerde, file.inputformat=org.apache.hadoop.hive.ql.io.orc.OrcInputFormat, location=file:/home/alex/Repositories/hive/ql/target/tmp/org.apache.hadoop.hive.ql.TestTxnNoBuckets-1713945183193/warehouse/t, file.outputformat=org.apache.hadoop.hive.ql.io.orc.OrcOutputFormat, column.name.delimiter=,}, partitionProperties=Optional.empty, columnNames=[a, b], columnTypes=[int, int], getClass()=class org.apache.hadoop.hive.ql.io.orc.OrcSerde] and formatter : org.apache.hadoop.hive.ql.io.orc.OrcOutputFormat@7df3f987
2024-04-24T00:55:02,597  INFO [pool-216-thread-1] exec.FileSinkOperator: Final Path: FS file:/home/alex/Repositories/hive/ql/target/tmp/org.apache.hadoop.hive.ql.TestTxnNoBuckets-1713945183193/warehouse/t/.hive-staging_hive_2024-04-24_00-55-01_908_4199523465962375993-1/-ext-10000/_tmp.HIVE_UNION_SUBDIR_15/000000_0
2024-04-24T00:55:02,597  INFO [pool-216-thread-1] exec.FileSinkOperator: Writing to temp file: FS file:/home/alex/Repositories/hive/ql/target/tmp/org.apache.hadoop.hive.ql.TestTxnNoBuckets-1713945183193/warehouse/t/.hive-staging_hive_2024-04-24_00-55-01_908_4199523465962375993-1/-ext-10000/_task_tmp.HIVE_UNION_SUBDIR_15/_tmp.000000_0
2024-04-24T00:55:02,597  INFO [pool-216-thread-1] exec.FileSinkOperator: New Final Path: FS file:/home/alex/Repositories/hive/ql/target/tmp/org.apache.hadoop.hive.ql.TestTxnNoBuckets-1713945183193/warehouse/t/.hive-staging_hive_2024-04-24_00-55-01_908_4199523465962375993-1/-ext-10000/_tmp.HIVE_UNION_SUBDIR_15/000000_0
2024-04-24T00:55:02,597  INFO [pool-216-thread-1] exec.FileSinkOperator: FS[17]: records written - 1
2024-04-24T00:55:02,597  INFO [pool-216-thread-1] impl.PhysicalFsWriter: ORC writer created for path: file:/home/alex/Repositories/hive/ql/target/tmp/org.apache.hadoop.hive.ql.TestTxnNoBuckets-1713945183193/warehouse/t/.hive-staging_hive_2024-04-24_00-55-01_908_4199523465962375993-1/-ext-10000/_task_tmp.HIVE_UNION_SUBDIR_15/_tmp.000000_0 with stripeSize: 67108864 blockSize: 268435456 compression: Compress: ZLIB buffer: 262144
2024-04-24T00:55:02,604  INFO [pool-216-thread-1] impl.WriterImpl: ORC writer created for path: file:/home/alex/Repositories/hive/ql/target/tmp/org.apache.hadoop.hive.ql.TestTxnNoBuckets-1713945183193/warehouse/t/.hive-staging_hive_2024-04-24_00-55-01_908_4199523465962375993-1/-ext-10000/_task_tmp.HIVE_UNION_SUBDIR_15/_tmp.000000_0 with stripeSize: 67108864 options: Compress: ZLIB buffer: 262144
2024-04-24T00:55:02,604  INFO [pool-216-thread-1] exec.GroupByOperator: Closing Operator: GBY[5]
2024-04-24T00:55:02,605  INFO [pool-216-thread-1] exec.GroupByOperator: RECORDS_OUT_OPERATOR_GBY_5:2, RECORDS_OUT_INTERMEDIATE:0, 
2024-04-24T00:55:02,605  INFO [pool-216-thread-1] exec.SelectOperator: Closing Operator: SEL[6]
2024-04-24T00:55:02,605  INFO [pool-216-thread-1] exec.SelectOperator: RECORDS_OUT_INTERMEDIATE:0, RECORDS_OUT_OPERATOR_SEL_6:2, 
2024-04-24T00:55:02,605  INFO [pool-216-thread-1] exec.FileSinkOperator: Closing Operator: FS[17]
2024-04-24T00:55:02,605  INFO [pool-216-thread-1] exec.FileSinkOperator: FS[17]: records written - 2
2024-04-24T00:55:02,612  INFO [pool-216-thread-1] exec.FileSinkOperator: RECORDS_OUT_OPERATOR_FS_17:2, RECORDS_OUT_INTERMEDIATE:0, TOTAL_TABLE_ROWS_WRITTEN:2, RECORDS_OUT_1_default.t:2, 
2024-04-24T00:55:02,612  INFO [pool-216-thread-1] mapred.Task: Task:attempt_local2053730036_0050_r_000000_0 is done. And is in the process of committing
2024-04-24T00:55:02,613  INFO [pool-216-thread-1] mapred.LocalJobRunner: reduce > reduce
2024-04-24T00:55:02,613  INFO [pool-216-thread-1] mapred.Task: Task 'attempt_local2053730036_0050_r_000000_0' done.
2024-04-24T00:55:02,613  INFO [pool-216-thread-1] mapred.Task: Final Counters for attempt_local2053730036_0050_r_000000_0: Counters: 31
	File System Counters
		FILE: Number of bytes read=1228376
		FILE: Number of bytes written=60135514
		FILE: Number of read operations=0
		FILE: Number of large read operations=0
		FILE: Number of write operations=0
	Map-Reduce Framework
		Combine input records=0
		Combine output records=0
		Reduce input groups=2
		Reduce shuffle bytes=54
		Reduce input records=2
		Reduce output records=0
		Spilled Records=2
		Shuffled Maps =2
		Failed Shuffles=0
		Merged Map outputs=2
		GC time elapsed (ms)=0
		Total committed heap usage (bytes)=1390411776
	HIVE
		CREATED_FILES=1
		RECORDS_OUT_1_default.t=2
		RECORDS_OUT_INTERMEDIATE=0
		RECORDS_OUT_OPERATOR_FS_17=2
		RECORDS_OUT_OPERATOR_GBY_5=2
		RECORDS_OUT_OPERATOR_SEL_6=2
		TOTAL_TABLE_ROWS_WRITTEN=2
	Shuffle Errors
		BAD_ID=0
		CONNECTION=0
		IO_ERROR=0
		WRONG_LENGTH=0
		WRONG_MAP=0
		WRONG_REDUCE=0
	File Output Format Counters 
		Bytes Written=0
2024-04-24T00:55:02,613  INFO [pool-216-thread-1] mapred.LocalJobRunner: Finishing task: attempt_local2053730036_0050_r_000000_0
2024-04-24T00:55:02,613  INFO [Thread-3245] mapred.LocalJobRunner: reduce task executor complete.
2024-04-24 00:55:03,512 Stage-1 map = 100%,  reduce = 100%
2024-04-24T00:55:03,512  INFO [main] exec.Task: 2024-04-24 00:55:03,512 Stage-1 map = 100%,  reduce = 100%
Ended Job = job_local2053730036_0050
2024-04-24T00:55:03,514  INFO [main] exec.Task: Ended Job = job_local2053730036_0050
Launching Job 2 out of 2
2024-04-24T00:55:03,516  INFO [main] ql.Driver: Launching Job 2 out of 2
2024-04-24T00:55:03,665  INFO [main] ql.Driver: Starting task [Stage-3:MAPRED] in serial mode
Number of reduce tasks is set to 0 since there's no reduce operator
2024-04-24T00:55:03,665  INFO [main] exec.Task: Number of reduce tasks is set to 0 since there's no reduce operator
2024-04-24T00:55:03,667  INFO [main] mr.ExecDriver: Using org.apache.hadoop.hive.ql.io.HiveInputFormat
2024-04-24T00:55:03,668  INFO [main] exec.Utilities: Processing alias $hdt$_0-subquery2:acidtbl
2024-04-24T00:55:03,668  INFO [main] exec.Utilities: Adding 1 inputs; the first input is file:/home/alex/Repositories/hive/ql/target/tmp/org.apache.hadoop.hive.ql.TestTxnNoBuckets-1713945183193/warehouse/acidtbl
2024-04-24T00:55:03,677  INFO [main] exec.SerializationUtilities: Serializing MapWork using kryo
2024-04-24T00:55:03,678  INFO [main] exec.Utilities: Serialized plan (via FILE) - name: null size: 7,80KB
2024-04-24T00:55:03,679  WARN [main] impl.MetricsSystemImpl: JobTracker metrics system already initialized!
2024-04-24T00:55:03,685  WARN [main] impl.MetricsSystemImpl: JobTracker metrics system already initialized!
2024-04-24T00:55:03,692  WARN [main] mapreduce.JobResourceUploader: Hadoop command-line option parsing not performed. Implement the Tool interface and execute your application with ToolRunner to remedy this.
2024-04-24T00:55:03,697  WARN [main] mapreduce.JobResourceUploader: No job jar file set.  User classes may not be found. See Job or Job#setJar(String).
2024-04-24T00:55:03,698  INFO [main] io.HiveInputFormat: hive.io.file.readcolumn.ids = 0,1
2024-04-24T00:55:03,698  INFO [main] io.HiveInputFormat: hive.io.file.readcolumn.names = a,b
2024-04-24T00:55:03,698  INFO [main] io.HiveInputFormat: Generating splits for dirs: file:/home/alex/Repositories/hive/ql/target/tmp/org.apache.hadoop.hive.ql.TestTxnNoBuckets-1713945183193/warehouse/acidtbl
2024-04-24T00:55:03,698  INFO [main] orc.OrcInputFormat: getSplits started
2024-04-24T00:55:03,699  INFO [main] orc.OrcInputFormat: Context:: isAcid: true isVectorMode: true sarg: leaf-(BETWEEN a 5 7) minSplitSize: 1 maxSplitSize: 256000000 splitStrategy: HYBRID footerInSplits: false numBuckets: 2 numThreads: 10 cacheMemSize: 268435456 cacheStripeDetails: true useSoftReference: false writeIdList: default.acidtbl:1:9223372036854775807:: isTransactionalTable: true txnProperties: default 
2024-04-24T00:55:03,699  INFO [main] orc.OrcInputFormat: ORC pushdown predicate: leaf-(BETWEEN a 5 7)
2024-04-24T00:55:03,711  INFO [main] orc.OrcInputFormat: FooterCacheHitRatio: 0/2
2024-04-24T00:55:03,711  INFO [main] orc.OrcInputFormat: getSplits finished (#splits: 2). duration: 13 ms
2024-04-24T00:55:03,711  INFO [main] io.HiveInputFormat: number of splits 2
2024-04-24T00:55:03,727  INFO [main] mapreduce.JobSubmitter: number of splits:2
2024-04-24T00:55:03,745  INFO [main] mapreduce.JobSubmitter: Submitting tokens for job: job_local2141185221_0051
2024-04-24T00:55:03,745  INFO [main] mapreduce.JobSubmitter: Executing with tokens: []
2024-04-24T00:55:03,806  INFO [main] mapreduce.Job: The url to track the job: http://localhost:8080/
Job running in-process (local Hadoop)
2024-04-24T00:55:03,806  INFO [main] exec.Task: Job running in-process (local Hadoop)
2024-04-24T00:55:03,807  INFO [Thread-3297] mapred.LocalJobRunner: OutputCommitter set in config org.apache.hadoop.hive.ql.io.HiveFileFormatUtils$NullOutputCommitter
2024-04-24T00:55:03,807  INFO [Thread-3297] mapred.LocalJobRunner: OutputCommitter is org.apache.hadoop.hive.ql.io.HiveFileFormatUtils$NullOutputCommitter
2024-04-24T00:55:03,809  INFO [Thread-3297] mapred.LocalJobRunner: Waiting for map tasks
2024-04-24T00:55:03,809  INFO [LocalJobRunner Map Task Executor #0] mapred.LocalJobRunner: Starting task: attempt_local2141185221_0051_m_000000_0
2024-04-24T00:55:03,809  INFO [LocalJobRunner Map Task Executor #0] mapred.Task:  Using ResourceCalculatorProcessTree : [ ]
2024-04-24T00:55:03,810  INFO [LocalJobRunner Map Task Executor #0] mapred.MapTask: Processing split: org.apache.hadoop.hive.ql.io.orc.OrcInputFormat:OrcSplit [file:/home/alex/Repositories/hive/ql/target/tmp/org.apache.hadoop.hive.ql.TestTxnNoBuckets-1713945183193/warehouse/acidtbl/delta_0000001_0000001_0000/bucket_00001_0, start=0, length=704, isOriginal=false, fileLength=704, hasFooter=false, hasBase=true, deltas=0]
2024-04-24T00:55:03,810  INFO [LocalJobRunner Map Task Executor #0] exec.SerializationUtilities: Deserializing MapWork using kryo
2024-04-24T00:55:03,811  INFO [LocalJobRunner Map Task Executor #0] exec.Utilities: Deserialized plan (via FILE) - name: null size: 7,80KB
2024-04-24T00:55:03,812  INFO [LocalJobRunner Map Task Executor #0] orc.OrcInputFormat: ORC pushdown predicate: leaf-(BETWEEN a 5 7)
2024-04-24T00:55:03,812  INFO [LocalJobRunner Map Task Executor #0] orc.VectorizedOrcAcidRowBatchReader: Read ValidWriteIdList: default.acidtbl:1:9223372036854775807:::OrcSplit [file:/home/alex/Repositories/hive/ql/target/tmp/org.apache.hadoop.hive.ql.TestTxnNoBuckets-1713945183193/warehouse/acidtbl/delta_0000001_0000001_0000/bucket_00001_0, start=0, length=704, isOriginal=false, fileLength=704, hasFooter=false, hasBase=true, deltas=0]
2024-04-24T00:55:03,812  INFO [LocalJobRunner Map Task Executor #0] orc.ReaderImpl: Reading ORC rows from file:/home/alex/Repositories/hive/ql/target/tmp/org.apache.hadoop.hive.ql.TestTxnNoBuckets-1713945183193/warehouse/acidtbl/delta_0000001_0000001_0000/bucket_00001_0 with {include: [true, true, true], offset: 0, length: 704, sarg: leaf-(BETWEEN a 5 7), schema: struct<a:int,b:int>, includeAcidColumns: false}
2024-04-24T00:55:03,813  INFO [LocalJobRunner Map Task Executor #0] mapred.MapTask: numReduceTasks: 0
2024-04-24T00:55:03,814  INFO [LocalJobRunner Map Task Executor #0] vector.VectorMapOperator: Initializing Operator: MAP[0]
2024-04-24T00:55:03,814  INFO [LocalJobRunner Map Task Executor #0] mr.ExecMapper: 
<MAP>Id =0
  <Children>
    <TS>Id =7
      <Children>
        <FIL>Id =22
          <Children>
            <SEL>Id =23
              <Children>
                <FS>Id =24
                  <Children>
                  <\Children>
                  <Parent>Id = 23 null<\Parent>
                <\FS>
              <\Children>
              <Parent>Id = 22 null<\Parent>
            <\SEL>
          <\Children>
          <Parent>Id = 7 null<\Parent>
        <\FIL>
      <\Children>
      <Parent><\Parent>
    <\TS>
  <\Children>
  <Parent><\Parent>
<\MAP>
2024-04-24T00:55:03,815  INFO [LocalJobRunner Map Task Executor #0] exec.TableScanOperator: Initializing Operator: TS[7]
2024-04-24T00:55:03,815  INFO [LocalJobRunner Map Task Executor #0] vector.VectorFilterOperator: Initializing Operator: FIL[22]
2024-04-24T00:55:03,815  INFO [LocalJobRunner Map Task Executor #0] vector.VectorSelectOperator: Initializing Operator: SEL[23]
2024-04-24T00:55:03,815  INFO [LocalJobRunner Map Task Executor #0] vector.VectorFileSinkOperator: Initializing Operator: FS[24]
2024-04-24T00:55:03,816  INFO [LocalJobRunner Map Task Executor #0] exec.FileSinkOperator: Using serializer : AbstractSerDe [log=org.apache.logging.slf4j.Log4jLogger@22a08b61, configuration=Optional[Configuration: core-default.xml, core-site.xml, mapred-default.xml, mapred-site.xml, yarn-default.xml, yarn-site.xml, hdfs-default.xml, hdfs-site.xml, file:/home/alex/Repositories/hive/ql/target/tmp/TestTxnNoBucketsVectorized/mapred/local/localRunner/alex/job_local2141185221_0051/job_local2141185221_0051.xml], properties={name=default.t, columns.types=int:int, serialization.format=1, columns=a,b, numFilesErasureCoded=0, columns.comments=&amp#0;, bucketing_version=2, serialization.lib=org.apache.hadoop.hive.ql.io.orc.OrcSerde, file.inputformat=org.apache.hadoop.hive.ql.io.orc.OrcInputFormat, file.outputformat=org.apache.hadoop.hive.ql.io.orc.OrcOutputFormat, location=file:/home/alex/Repositories/hive/ql/target/tmp/org.apache.hadoop.hive.ql.TestTxnNoBuckets-1713945183193/warehouse/t, column.name.delimiter=,}, tableProperties={name=default.t, columns.types=int:int, serialization.format=1, columns=a,b, numFilesErasureCoded=0, columns.comments=&amp#0;, bucketing_version=2, serialization.lib=org.apache.hadoop.hive.ql.io.orc.OrcSerde, file.inputformat=org.apache.hadoop.hive.ql.io.orc.OrcInputFormat, location=file:/home/alex/Repositories/hive/ql/target/tmp/org.apache.hadoop.hive.ql.TestTxnNoBuckets-1713945183193/warehouse/t, file.outputformat=org.apache.hadoop.hive.ql.io.orc.OrcOutputFormat, column.name.delimiter=,}, partitionProperties=Optional.empty, columnNames=[a, b], columnTypes=[int, int], getClass()=class org.apache.hadoop.hive.ql.io.orc.OrcSerde] and formatter : org.apache.hadoop.hive.ql.io.orc.OrcOutputFormat@4356b37c
2024-04-24T00:55:03,817  INFO [LocalJobRunner Map Task Executor #0] exec.FileSinkOperator: Final Path: FS file:/home/alex/Repositories/hive/ql/target/tmp/org.apache.hadoop.hive.ql.TestTxnNoBuckets-1713945183193/warehouse/t/.hive-staging_hive_2024-04-24_00-55-01_908_4199523465962375993-1/-ext-10000/_tmp.HIVE_UNION_SUBDIR_16/000000_0
2024-04-24T00:55:03,817  INFO [LocalJobRunner Map Task Executor #0] exec.FileSinkOperator: Writing to temp file: FS file:/home/alex/Repositories/hive/ql/target/tmp/org.apache.hadoop.hive.ql.TestTxnNoBuckets-1713945183193/warehouse/t/.hive-staging_hive_2024-04-24_00-55-01_908_4199523465962375993-1/-ext-10000/_task_tmp.HIVE_UNION_SUBDIR_16/_tmp.000000_0
2024-04-24T00:55:03,817  INFO [LocalJobRunner Map Task Executor #0] exec.FileSinkOperator: New Final Path: FS file:/home/alex/Repositories/hive/ql/target/tmp/org.apache.hadoop.hive.ql.TestTxnNoBuckets-1713945183193/warehouse/t/.hive-staging_hive_2024-04-24_00-55-01_908_4199523465962375993-1/-ext-10000/_tmp.HIVE_UNION_SUBDIR_16/000000_0
2024-04-24T00:55:03,817  INFO [LocalJobRunner Map Task Executor #0] exec.FileSinkOperator: FS[24]: records written - 1
2024-04-24T00:55:03,817  INFO [LocalJobRunner Map Task Executor #0] impl.PhysicalFsWriter: ORC writer created for path: file:/home/alex/Repositories/hive/ql/target/tmp/org.apache.hadoop.hive.ql.TestTxnNoBuckets-1713945183193/warehouse/t/.hive-staging_hive_2024-04-24_00-55-01_908_4199523465962375993-1/-ext-10000/_task_tmp.HIVE_UNION_SUBDIR_16/_tmp.000000_0 with stripeSize: 67108864 blockSize: 268435456 compression: Compress: ZLIB buffer: 262144
2024-04-24T00:55:03,824  INFO [LocalJobRunner Map Task Executor #0] impl.WriterImpl: ORC writer created for path: file:/home/alex/Repositories/hive/ql/target/tmp/org.apache.hadoop.hive.ql.TestTxnNoBuckets-1713945183193/warehouse/t/.hive-staging_hive_2024-04-24_00-55-01_908_4199523465962375993-1/-ext-10000/_task_tmp.HIVE_UNION_SUBDIR_16/_tmp.000000_0 with stripeSize: 67108864 options: Compress: ZLIB buffer: 262144
2024-04-24T00:55:03,824  INFO [LocalJobRunner Map Task Executor #0] vector.VectorMapOperator: Closing Operator: MAP[0]
2024-04-24T00:55:03,824  INFO [LocalJobRunner Map Task Executor #0] vector.VectorMapOperator: RECORDS_OUT_OPERATOR_MAP_0:0, RECORDS_IN:3, DESERIALIZE_ERRORS:0, RECORDS_OUT_INTERMEDIATE:0, 
2024-04-24T00:55:03,825  INFO [LocalJobRunner Map Task Executor #0] exec.TableScanOperator: Closing Operator: TS[7]
2024-04-24T00:55:03,825  INFO [LocalJobRunner Map Task Executor #0] exec.TableScanOperator: RECORDS_OUT_OPERATOR_TS_7:3, RECORDS_OUT_INTERMEDIATE:0, 
2024-04-24T00:55:03,825  INFO [LocalJobRunner Map Task Executor #0] vector.VectorFilterOperator: Closing Operator: FIL[22]
2024-04-24T00:55:03,825  INFO [LocalJobRunner Map Task Executor #0] vector.VectorFilterOperator: RECORDS_OUT_OPERATOR_FIL_22:1, RECORDS_OUT_INTERMEDIATE:0, 
2024-04-24T00:55:03,825  INFO [LocalJobRunner Map Task Executor #0] vector.VectorSelectOperator: Closing Operator: SEL[23]
2024-04-24T00:55:03,825  INFO [LocalJobRunner Map Task Executor #0] vector.VectorSelectOperator: RECORDS_OUT_OPERATOR_SEL_23:1, RECORDS_OUT_INTERMEDIATE:0, 
2024-04-24T00:55:03,825  INFO [LocalJobRunner Map Task Executor #0] vector.VectorFileSinkOperator: Closing Operator: FS[24]
2024-04-24T00:55:03,825  INFO [LocalJobRunner Map Task Executor #0] exec.FileSinkOperator: FS[24]: records written - 1
2024-04-24T00:55:03,827  INFO [LocalJobRunner Map Task Executor #0] vector.VectorFileSinkOperator: RECORDS_OUT_INTERMEDIATE:0, RECORDS_OUT_1_default.t:1, RECORDS_OUT_OPERATOR_FS_24:1, TOTAL_TABLE_ROWS_WRITTEN:1, 
2024-04-24T00:55:03,827  INFO [LocalJobRunner Map Task Executor #0] mapred.LocalJobRunner: 
2024-04-24T00:55:03,827  INFO [LocalJobRunner Map Task Executor #0] mapred.Task: Task:attempt_local2141185221_0051_m_000000_0 is done. And is in the process of committing
2024-04-24T00:55:03,828  INFO [LocalJobRunner Map Task Executor #0] mapred.LocalJobRunner: OrcSplit [file:/home/alex/Repositories/hive/ql/target/tmp/org.apache.hadoop.hive.ql.TestTxnNoBuckets-1713945183193/warehouse/acidtbl/delta_0000001_0000001_0000/bucket_00001_0, start=0, length=704, isOriginal=false, fileLength=704, hasFooter=false, hasBase=true, deltas=0]
2024-04-24T00:55:03,828  INFO [LocalJobRunner Map Task Executor #0] mapred.Task: Task 'attempt_local2141185221_0051_m_000000_0' done.
2024-04-24T00:55:03,828  INFO [LocalJobRunner Map Task Executor #0] mapred.Task: Final Counters for attempt_local2141185221_0051_m_000000_0: Counters: 26
	File System Counters
		FILE: Number of bytes read=1241654
		FILE: Number of bytes written=61339659
		FILE: Number of read operations=0
		FILE: Number of large read operations=0
		FILE: Number of write operations=0
	Map-Reduce Framework
		Map input records=1
		Map output records=0
		Input split bytes=497
		Spilled Records=0
		Failed Shuffles=0
		Merged Map outputs=0
		GC time elapsed (ms)=0
		Total committed heap usage (bytes)=1390411776
	HIVE
		CREATED_FILES=1
		DESERIALIZE_ERRORS=0
		RECORDS_IN=3
		RECORDS_OUT_1_default.t=1
		RECORDS_OUT_INTERMEDIATE=0
		RECORDS_OUT_OPERATOR_FIL_22=1
		RECORDS_OUT_OPERATOR_FS_24=1
		RECORDS_OUT_OPERATOR_MAP_0=0
		RECORDS_OUT_OPERATOR_SEL_23=1
		RECORDS_OUT_OPERATOR_TS_7=3
		TOTAL_TABLE_ROWS_WRITTEN=1
	File Input Format Counters 
		Bytes Read=12207
	File Output Format Counters 
		Bytes Written=0
2024-04-24T00:55:03,828  INFO [LocalJobRunner Map Task Executor #0] mapred.LocalJobRunner: Finishing task: attempt_local2141185221_0051_m_000000_0
2024-04-24T00:55:03,828  INFO [LocalJobRunner Map Task Executor #0] mapred.LocalJobRunner: Starting task: attempt_local2141185221_0051_m_000001_0
2024-04-24T00:55:03,829  INFO [LocalJobRunner Map Task Executor #0] mapred.Task:  Using ResourceCalculatorProcessTree : [ ]
2024-04-24T00:55:03,829  INFO [LocalJobRunner Map Task Executor #0] mapred.MapTask: Processing split: org.apache.hadoop.hive.ql.io.orc.OrcInputFormat:OrcSplit [file:/home/alex/Repositories/hive/ql/target/tmp/org.apache.hadoop.hive.ql.TestTxnNoBuckets-1713945183193/warehouse/acidtbl/delta_0000001_0000001_0000/bucket_00000_0, start=0, length=688, isOriginal=false, fileLength=688, hasFooter=false, hasBase=true, deltas=0]
2024-04-24T00:55:03,829  INFO [LocalJobRunner Map Task Executor #0] exec.SerializationUtilities: Deserializing MapWork using kryo
2024-04-24T00:55:03,830  INFO [LocalJobRunner Map Task Executor #0] exec.Utilities: Deserialized plan (via FILE) - name: null size: 7,80KB
2024-04-24T00:55:03,831  INFO [LocalJobRunner Map Task Executor #0] orc.OrcInputFormat: ORC pushdown predicate: leaf-(BETWEEN a 5 7)
2024-04-24T00:55:03,831  INFO [LocalJobRunner Map Task Executor #0] orc.VectorizedOrcAcidRowBatchReader: Read ValidWriteIdList: default.acidtbl:1:9223372036854775807:::OrcSplit [file:/home/alex/Repositories/hive/ql/target/tmp/org.apache.hadoop.hive.ql.TestTxnNoBuckets-1713945183193/warehouse/acidtbl/delta_0000001_0000001_0000/bucket_00000_0, start=0, length=688, isOriginal=false, fileLength=688, hasFooter=false, hasBase=true, deltas=0]
2024-04-24T00:55:03,831  INFO [LocalJobRunner Map Task Executor #0] orc.ReaderImpl: Reading ORC rows from file:/home/alex/Repositories/hive/ql/target/tmp/org.apache.hadoop.hive.ql.TestTxnNoBuckets-1713945183193/warehouse/acidtbl/delta_0000001_0000001_0000/bucket_00000_0 with {include: [true, true, true], offset: 0, length: 688, sarg: leaf-(BETWEEN a 5 7), schema: struct<a:int,b:int>, includeAcidColumns: false}
2024-04-24T00:55:03,832  INFO [LocalJobRunner Map Task Executor #0] mapred.MapTask: numReduceTasks: 0
2024-04-24T00:55:03,833  INFO [LocalJobRunner Map Task Executor #0] vector.VectorMapOperator: Initializing Operator: MAP[0]
2024-04-24T00:55:03,833  INFO [LocalJobRunner Map Task Executor #0] mr.ExecMapper: 
<MAP>Id =0
  <Children>
    <TS>Id =7
      <Children>
        <FIL>Id =22
          <Children>
            <SEL>Id =23
              <Children>
                <FS>Id =24
                  <Children>
                  <\Children>
                  <Parent>Id = 23 null<\Parent>
                <\FS>
              <\Children>
              <Parent>Id = 22 null<\Parent>
            <\SEL>
          <\Children>
          <Parent>Id = 7 null<\Parent>
        <\FIL>
      <\Children>
      <Parent><\Parent>
    <\TS>
  <\Children>
  <Parent><\Parent>
<\MAP>
2024-04-24T00:55:03,833  INFO [LocalJobRunner Map Task Executor #0] exec.TableScanOperator: Initializing Operator: TS[7]
2024-04-24T00:55:03,833  INFO [LocalJobRunner Map Task Executor #0] vector.VectorFilterOperator: Initializing Operator: FIL[22]
2024-04-24T00:55:03,833  INFO [LocalJobRunner Map Task Executor #0] vector.VectorSelectOperator: Initializing Operator: SEL[23]
2024-04-24T00:55:03,834  INFO [LocalJobRunner Map Task Executor #0] vector.VectorFileSinkOperator: Initializing Operator: FS[24]
2024-04-24T00:55:03,834  INFO [LocalJobRunner Map Task Executor #0] exec.FileSinkOperator: Using serializer : AbstractSerDe [log=org.apache.logging.slf4j.Log4jLogger@22a08b61, configuration=Optional[Configuration: core-default.xml, core-site.xml, mapred-default.xml, mapred-site.xml, yarn-default.xml, yarn-site.xml, hdfs-default.xml, hdfs-site.xml, file:/home/alex/Repositories/hive/ql/target/tmp/TestTxnNoBucketsVectorized/mapred/local/localRunner/alex/job_local2141185221_0051/job_local2141185221_0051.xml], properties={name=default.t, columns.types=int:int, serialization.format=1, columns=a,b, numFilesErasureCoded=0, columns.comments=&amp#0;, bucketing_version=2, serialization.lib=org.apache.hadoop.hive.ql.io.orc.OrcSerde, file.inputformat=org.apache.hadoop.hive.ql.io.orc.OrcInputFormat, file.outputformat=org.apache.hadoop.hive.ql.io.orc.OrcOutputFormat, location=file:/home/alex/Repositories/hive/ql/target/tmp/org.apache.hadoop.hive.ql.TestTxnNoBuckets-1713945183193/warehouse/t, column.name.delimiter=,}, tableProperties={name=default.t, columns.types=int:int, serialization.format=1, columns=a,b, numFilesErasureCoded=0, columns.comments=&amp#0;, bucketing_version=2, serialization.lib=org.apache.hadoop.hive.ql.io.orc.OrcSerde, file.inputformat=org.apache.hadoop.hive.ql.io.orc.OrcInputFormat, location=file:/home/alex/Repositories/hive/ql/target/tmp/org.apache.hadoop.hive.ql.TestTxnNoBuckets-1713945183193/warehouse/t, file.outputformat=org.apache.hadoop.hive.ql.io.orc.OrcOutputFormat, column.name.delimiter=,}, partitionProperties=Optional.empty, columnNames=[a, b], columnTypes=[int, int], getClass()=class org.apache.hadoop.hive.ql.io.orc.OrcSerde] and formatter : org.apache.hadoop.hive.ql.io.orc.OrcOutputFormat@4a641450
2024-04-24T00:55:03,835  INFO [LocalJobRunner Map Task Executor #0] exec.FileSinkOperator: Final Path: FS file:/home/alex/Repositories/hive/ql/target/tmp/org.apache.hadoop.hive.ql.TestTxnNoBuckets-1713945183193/warehouse/t/.hive-staging_hive_2024-04-24_00-55-01_908_4199523465962375993-1/-ext-10000/_tmp.HIVE_UNION_SUBDIR_16/000001_0
2024-04-24T00:55:03,835  INFO [LocalJobRunner Map Task Executor #0] exec.FileSinkOperator: Writing to temp file: FS file:/home/alex/Repositories/hive/ql/target/tmp/org.apache.hadoop.hive.ql.TestTxnNoBuckets-1713945183193/warehouse/t/.hive-staging_hive_2024-04-24_00-55-01_908_4199523465962375993-1/-ext-10000/_task_tmp.HIVE_UNION_SUBDIR_16/_tmp.000001_0
2024-04-24T00:55:03,835  INFO [LocalJobRunner Map Task Executor #0] exec.FileSinkOperator: New Final Path: FS file:/home/alex/Repositories/hive/ql/target/tmp/org.apache.hadoop.hive.ql.TestTxnNoBuckets-1713945183193/warehouse/t/.hive-staging_hive_2024-04-24_00-55-01_908_4199523465962375993-1/-ext-10000/_tmp.HIVE_UNION_SUBDIR_16/000001_0
2024-04-24T00:55:03,835  INFO [LocalJobRunner Map Task Executor #0] exec.FileSinkOperator: FS[24]: records written - 1
2024-04-24T00:55:03,835  INFO [LocalJobRunner Map Task Executor #0] impl.PhysicalFsWriter: ORC writer created for path: file:/home/alex/Repositories/hive/ql/target/tmp/org.apache.hadoop.hive.ql.TestTxnNoBuckets-1713945183193/warehouse/t/.hive-staging_hive_2024-04-24_00-55-01_908_4199523465962375993-1/-ext-10000/_task_tmp.HIVE_UNION_SUBDIR_16/_tmp.000001_0 with stripeSize: 67108864 blockSize: 268435456 compression: Compress: ZLIB buffer: 262144
2024-04-24T00:55:03,840  INFO [LocalJobRunner Map Task Executor #0] impl.WriterImpl: ORC writer created for path: file:/home/alex/Repositories/hive/ql/target/tmp/org.apache.hadoop.hive.ql.TestTxnNoBuckets-1713945183193/warehouse/t/.hive-staging_hive_2024-04-24_00-55-01_908_4199523465962375993-1/-ext-10000/_task_tmp.HIVE_UNION_SUBDIR_16/_tmp.000001_0 with stripeSize: 67108864 options: Compress: ZLIB buffer: 262144
2024-04-24T00:55:03,840  INFO [LocalJobRunner Map Task Executor #0] vector.VectorMapOperator: Closing Operator: MAP[0]
2024-04-24T00:55:03,840  INFO [LocalJobRunner Map Task Executor #0] vector.VectorMapOperator: RECORDS_OUT_OPERATOR_MAP_0:0, RECORDS_OUT_INTERMEDIATE:0, DESERIALIZE_ERRORS:0, RECORDS_IN:2, 
2024-04-24T00:55:03,840  INFO [LocalJobRunner Map Task Executor #0] exec.TableScanOperator: Closing Operator: TS[7]
2024-04-24T00:55:03,840  INFO [LocalJobRunner Map Task Executor #0] exec.TableScanOperator: RECORDS_OUT_OPERATOR_TS_7:2, RECORDS_OUT_INTERMEDIATE:0, 
2024-04-24T00:55:03,840  INFO [LocalJobRunner Map Task Executor #0] vector.VectorFilterOperator: Closing Operator: FIL[22]
2024-04-24T00:55:03,840  INFO [LocalJobRunner Map Task Executor #0] vector.VectorFilterOperator: RECORDS_OUT_INTERMEDIATE:0, RECORDS_OUT_OPERATOR_FIL_22:1, 
2024-04-24T00:55:03,840  INFO [LocalJobRunner Map Task Executor #0] vector.VectorSelectOperator: Closing Operator: SEL[23]
2024-04-24T00:55:03,840  INFO [LocalJobRunner Map Task Executor #0] vector.VectorSelectOperator: RECORDS_OUT_INTERMEDIATE:0, RECORDS_OUT_OPERATOR_SEL_23:1, 
2024-04-24T00:55:03,840  INFO [LocalJobRunner Map Task Executor #0] vector.VectorFileSinkOperator: Closing Operator: FS[24]
2024-04-24T00:55:03,840  INFO [LocalJobRunner Map Task Executor #0] exec.FileSinkOperator: FS[24]: records written - 1
2024-04-24T00:55:03,841  INFO [LocalJobRunner Map Task Executor #0] vector.VectorFileSinkOperator: RECORDS_OUT_1_default.t:1, TOTAL_TABLE_ROWS_WRITTEN:1, RECORDS_OUT_OPERATOR_FS_24:1, RECORDS_OUT_INTERMEDIATE:0, 
2024-04-24T00:55:03,842  INFO [LocalJobRunner Map Task Executor #0] mapred.LocalJobRunner: 
2024-04-24T00:55:03,842  INFO [LocalJobRunner Map Task Executor #0] mapred.Task: Task:attempt_local2141185221_0051_m_000001_0 is done. And is in the process of committing
2024-04-24T00:55:03,842  INFO [LocalJobRunner Map Task Executor #0] mapred.LocalJobRunner: OrcSplit [file:/home/alex/Repositories/hive/ql/target/tmp/org.apache.hadoop.hive.ql.TestTxnNoBuckets-1713945183193/warehouse/acidtbl/delta_0000001_0000001_0000/bucket_00000_0, start=0, length=688, isOriginal=false, fileLength=688, hasFooter=false, hasBase=true, deltas=0]
2024-04-24T00:55:03,842  INFO [LocalJobRunner Map Task Executor #0] mapred.Task: Task 'attempt_local2141185221_0051_m_000001_0' done.
2024-04-24T00:55:03,842  INFO [LocalJobRunner Map Task Executor #0] mapred.Task: Final Counters for attempt_local2141185221_0051_m_000001_0: Counters: 26
	File System Counters
		FILE: Number of bytes read=1254782
		FILE: Number of bytes written=61339945
		FILE: Number of read operations=0
		FILE: Number of large read operations=0
		FILE: Number of write operations=0
	Map-Reduce Framework
		Map input records=1
		Map output records=0
		Input split bytes=497
		Spilled Records=0
		Failed Shuffles=0
		Merged Map outputs=0
		GC time elapsed (ms)=0
		Total committed heap usage (bytes)=1390411776
	HIVE
		CREATED_FILES=1
		DESERIALIZE_ERRORS=0
		RECORDS_IN=2
		RECORDS_OUT_1_default.t=1
		RECORDS_OUT_INTERMEDIATE=0
		RECORDS_OUT_OPERATOR_FIL_22=1
		RECORDS_OUT_OPERATOR_FS_24=1
		RECORDS_OUT_OPERATOR_MAP_0=0
		RECORDS_OUT_OPERATOR_SEL_23=1
		RECORDS_OUT_OPERATOR_TS_7=2
		TOTAL_TABLE_ROWS_WRITTEN=1
	File Input Format Counters 
		Bytes Read=12111
	File Output Format Counters 
		Bytes Written=0
2024-04-24T00:55:03,842  INFO [LocalJobRunner Map Task Executor #0] mapred.LocalJobRunner: Finishing task: attempt_local2141185221_0051_m_000001_0
2024-04-24T00:55:03,843  INFO [Thread-3297] mapred.LocalJobRunner: map task executor complete.
2024-04-24 00:55:04,808 Stage-3 map = 100%,  reduce = 0%
2024-04-24T00:55:04,808  INFO [main] exec.Task: 2024-04-24 00:55:04,808 Stage-3 map = 100%,  reduce = 0%
Ended Job = job_local2141185221_0051
2024-04-24T00:55:04,810  INFO [main] exec.Task: Ended Job = job_local2141185221_0051
2024-04-24T00:55:04,813  INFO [main] ql.Driver: Starting task [Stage-0:MOVE] in serial mode
Loading data to table default.t
2024-04-24T00:55:04,813  INFO [main] exec.Task: Loading data to table default.t from file:/home/alex/Repositories/hive/ql/target/tmp/org.apache.hadoop.hive.ql.TestTxnNoBuckets-1713945183193/warehouse/t/.hive-staging_hive_2024-04-24_00-55-01_908_4199523465962375993-1/-ext-10000
2024-04-24T00:55:04,813  INFO [main] HiveMetaStore.audit: ugi=alex	ip=unknown-ip-addr	cmd=get_table : tbl=hive.default.t	
2024-04-24T00:55:04,822  INFO [main] metastore.HMSHandler: Skipping translation for processor with null
2024-04-24T00:55:04,822  INFO [main] HiveMetaStore.audit: ugi=alex	ip=unknown-ip-addr	cmd=get_table : tbl=hive.default.t	
2024-04-24T00:55:04,831  INFO [main] metastore.HMSHandler: Skipping translation for processor with null
2024-04-24T00:55:04,832  WARN [main] metadata.Hive: Cannot get a table snapshot for t
2024-04-24T00:55:04,833  INFO [main] HiveMetaStore.audit: ugi=alex	ip=unknown-ip-addr	cmd=alter_table: hive.default.t newtbl=t	
2024-04-24T00:55:04,856  INFO [main] ql.Driver: Starting task [Stage-2:STATS] in serial mode
2024-04-24T00:55:04,856  INFO [main] HiveMetaStore.audit: ugi=alex	ip=unknown-ip-addr	cmd=get_table : tbl=hive.default.t	
2024-04-24T00:55:04,865  INFO [main] metastore.HMSHandler: Skipping translation for processor with null
2024-04-24T00:55:04,865  INFO [main] stats.BasicStatsTask: Executing stats task
2024-04-24T00:55:04,865  INFO [main] fs.FSStatsPublisher: created : file:/home/alex/Repositories/hive/ql/target/tmp/localscratchdir/d722f3ca-04ab-4562-aceb-d9034f7af316/hive_2024-04-24_00-55-01_908_4199523465962375993-1/-mr-10001
2024-04-24T00:55:04,866  INFO [main] HiveMetaStore.audit: ugi=alex	ip=unknown-ip-addr	cmd=get_table : tbl=hive.default.t	
2024-04-24T00:55:04,875  INFO [main] metastore.HMSHandler: Skipping translation for processor with null
2024-04-24T00:55:04,877  INFO [main] FileOperations: Read stats for default.t/, numRows, true, 2, false: 
2024-04-24T00:55:04,877  INFO [main] FileOperations: Read stats for default.t/, rawDataSize, true, 16, false: 
2024-04-24T00:55:04,877  WARN [main] metadata.Hive: Cannot get a table snapshot for t
2024-04-24T00:55:04,877  INFO [main] HiveMetaStore.audit: ugi=alex	ip=unknown-ip-addr	cmd=alter_table: hive.default.t newtbl=t	
2024-04-24T00:55:04,903  INFO [main] stats.BasicStatsTask: Table default.t stats: [numFiles=7, numRows=8, totalSize=1789, rawDataSize=64, numFilesErasureCoded=0]
2024-04-24T00:55:04,903  INFO [main] metadata.Hive: Dumping metastore api call timing information for : execution phase
2024-04-24T00:55:04,903  INFO [main] metadata.Hive: Total time spent in each metastore function (ms): {isCompatibleWith_(Configuration)=0, alter_table_(String, String, String, Table, EnvironmentContext, String)=50, getTable_(GetTableRequest)=36}
MapReduce Jobs Launched: 
2024-04-24T00:55:04,904  INFO [main] ql.Driver: MapReduce Jobs Launched: 
Stage-Stage-1:  HDFS Read: 0 HDFS Write: 0 SUCCESS
2024-04-24T00:55:04,904  INFO [main] ql.Driver: Stage-Stage-1:  HDFS Read: 0 HDFS Write: 0 SUCCESS
Stage-Stage-3:  HDFS Read: 0 HDFS Write: 0 SUCCESS
2024-04-24T00:55:04,904  INFO [main] ql.Driver: Stage-Stage-3:  HDFS Read: 0 HDFS Write: 0 SUCCESS
Total MapReduce CPU Time Spent: 0 msec
2024-04-24T00:55:04,904  INFO [main] ql.Driver: Total MapReduce CPU Time Spent: 0 msec
2024-04-24T00:55:04,904  INFO [main] ql.Driver: Completed executing command(queryId=alex_20240424005501_81ec1ab7-7de0-4cab-a542-6b148e9002ac); Time taken: 2.732 seconds
2024-04-24T00:55:04,904  INFO [main] lockmgr.DbTxnManager: Stopped heartbeat for query: alex_20240424005501_81ec1ab7-7de0-4cab-a542-6b148e9002ac
2024-04-24T00:55:04,907  INFO [main] txn.TxnHandler: Expected to move at least one record from txn_components to completed_txn_components when committing txn! txnid:19
2024-04-24T00:55:04,913  INFO [main] txn.TxnHandler: Removed transactions: ([19]) from MIN_HISTORY_LEVEL
2024-04-24T00:55:04,913  WARN [main] txn.CompactionTxnHandler: No compaction queue record found for Compaction type transaction commit. txnId:19
2024-04-24T00:55:04,914  INFO [main] ql.TxnCommandsBaseForTests: Running the query: select a, b, INPUT__FILE__NAME from T order by a, b, INPUT__FILE__NAME
2024-04-24T00:55:04,914  INFO [main] ql.Context: Deleting scratch dir: file:/home/alex/Repositories/hive/ql/target/tmp/org.apache.hadoop.hive.ql.TestTxnNoBuckets-1713945183193/warehouse/t/.hive-staging_hive_2024-04-24_00-55-01_908_4199523465962375993-1
2024-04-24T00:55:04,915  INFO [main] cleanup.SyncCleanupService: Deleted directory: file:/home/alex/Repositories/hive/ql/target/tmp/org.apache.hadoop.hive.ql.TestTxnNoBuckets-1713945183193/warehouse/t/.hive-staging_hive_2024-04-24_00-55-01_908_4199523465962375993-1 on fs with scheme file
2024-04-24T00:55:04,915  INFO [main] ql.Context: Deleting scratch dir: file:/home/alex/Repositories/hive/ql/target/tmp/localscratchdir/d722f3ca-04ab-4562-aceb-d9034f7af316/hive_2024-04-24_00-55-01_908_4199523465962375993-1
2024-04-24T00:55:04,915  INFO [main] cleanup.SyncCleanupService: Deleted directory: file:/home/alex/Repositories/hive/ql/target/tmp/localscratchdir/d722f3ca-04ab-4562-aceb-d9034f7af316/hive_2024-04-24_00-55-01_908_4199523465962375993-1 on fs with scheme file
2024-04-24T00:55:04,916  INFO [main] ql.Driver: Compiling command(queryId=alex_20240424005501_81ec1ab7-7de0-4cab-a542-6b148e9002ac): select a, b, INPUT__FILE__NAME from T order by a, b, INPUT__FILE__NAME
2024-04-24T00:55:04,918  INFO [main] txn.TxnHandler: Added entries to MIN_HISTORY_LEVEL for current txns: ([20]) with min_open_txn: 20
2024-04-24T00:55:04,919  INFO [main] lockmgr.DbTxnManager: Opened txnid:20
2024-04-24T00:55:04,919  INFO [main] parse.CalcitePlanner: Starting caching scope for: alex_20240424005501_81ec1ab7-7de0-4cab-a542-6b148e9002ac
2024-04-24T00:55:04,919  INFO [main] parse.CalcitePlanner: Starting Semantic Analysis
2024-04-24T00:55:04,921  INFO [main] parse.CalcitePlanner: Completed phase 1 of Semantic Analysis
2024-04-24T00:55:04,921  INFO [main] parse.CalcitePlanner: Get metadata for source tables
2024-04-24T00:55:04,922  INFO [main] HiveMetaStore.audit: ugi=alex	ip=unknown-ip-addr	cmd=get_table : tbl=hive.default.t	
2024-04-24T00:55:04,931  INFO [main] metastore.HMSHandler: Skipping translation for processor with null
2024-04-24T00:55:04,931  INFO [main] parse.CalcitePlanner: Get metadata for subqueries
2024-04-24T00:55:04,931  INFO [main] parse.CalcitePlanner: Get metadata for destination tables
2024-04-24T00:55:04,932  INFO [main] parse.CalcitePlanner: Completed getting MetaData in Semantic Analysis
2024-04-24T00:55:04,944  INFO [main] HiveMetaStore.audit: ugi=alex	ip=unknown-ip-addr	cmd=get_all_table_constraints : tbl=hive.default.t	
2024-04-24T00:55:04,952  INFO [main] calcite.RelOptHiveTable: Calculating column statistics for default.t, projIndxSet: [0, 1], allowMissingStats: true
2024-04-24T00:55:04,953  INFO [main] HiveMetaStore.audit: ugi=alex	ip=unknown-ip-addr	cmd=get_table_statistics_req: table=hive.default.t	
2024-04-24T00:55:04,966  WARN [main] calcite.RelOptHiveTable: No Stats for default@t, Columns: b, a
No Stats for default@t, Columns: b, a
2024-04-24T00:55:04,966  INFO [main] SessionState: No Stats for default@t, Columns: b, a
2024-04-24T00:55:05,006  INFO [main] parse.CalcitePlanner: Get metadata for source tables
2024-04-24T00:55:05,007  INFO [main] parse.CalcitePlanner: Get metadata for subqueries
2024-04-24T00:55:05,007  INFO [main] parse.CalcitePlanner: Get metadata for destination tables
2024-04-24T00:55:05,008  INFO [main] common.FileUtils: Creating directory if it doesn't exist: file:/home/alex/Repositories/hive/ql/target/tmp/localscratchdir/d722f3ca-04ab-4562-aceb-d9034f7af316/hive_2024-04-24_00-55-04_915_5343160610755244289-1/-mr-10001/.hive-staging_hive_2024-04-24_00-55-04_915_5343160610755244289-1
2024-04-24T00:55:05,015  INFO [main] parse.CalcitePlanner: CBO Succeeded; optimized logical plan.
2024-04-24T00:55:05,017  INFO [main] optimizer.ColumnPrunerProcFactory: RS 2 oldColExprMap: {KEY.reducesinkkey0=Column[_col0], KEY.reducesinkkey2=Column[_col2], KEY.reducesinkkey1=Column[_col1]}
2024-04-24T00:55:05,017  INFO [main] optimizer.ColumnPrunerProcFactory: RS 2 newColExprMap: {KEY.reducesinkkey0=Column[_col0], KEY.reducesinkkey2=Column[_col2], KEY.reducesinkkey1=Column[_col1]}
2024-04-24T00:55:05,018  INFO [main] optimizer.BucketVersionPopulator: not considering bucketingVersion for: TS[0] because it has -1<2 buckets 
2024-04-24T00:55:05,019  INFO [main] optimizer.SortedDynPartitionOptimizer: Sorted dynamic partitioning optimization kicked in..
2024-04-24T00:55:05,028  INFO [main] physical.Vectorizer: Examining input format to see if vectorization is enabled.
2024-04-24T00:55:05,028  INFO [main] physical.Vectorizer: Vectorization is enabled for input format(s) [org.apache.hadoop.hive.ql.io.orc.OrcInputFormat]
2024-04-24T00:55:05,028  INFO [main] physical.Vectorizer: Validating and vectorizing MapWork... (vectorizedVertexNum 0)
2024-04-24T00:55:05,028  INFO [main] physical.Vectorizer: Map vectorization enabled: true
2024-04-24T00:55:05,028  INFO [main] physical.Vectorizer: Map vectorized: false
2024-04-24T00:55:05,028  INFO [main] physical.Vectorizer: Map notVectorizedReason: Select expression for SELECT operator: Virtual column INPUT__FILE__NAME is not supported
2024-04-24T00:55:05,028  INFO [main] physical.Vectorizer: Map vectorizedVertexNum: 0
2024-04-24T00:55:05,028  INFO [main] physical.Vectorizer: Map enabledConditionsMet: [hive.vectorized.use.vectorized.input.format IS true]
2024-04-24T00:55:05,028  INFO [main] physical.Vectorizer: Map inputFileFormatClassNameSet: [org.apache.hadoop.hive.ql.io.orc.OrcInputFormat]
2024-04-24T00:55:05,028  INFO [main] physical.Vectorizer: Reduce vectorization enabled: false
2024-04-24T00:55:05,028  INFO [main] physical.Vectorizer: Reduce vectorized: false
2024-04-24T00:55:05,028  INFO [main] physical.Vectorizer: Reduce vectorizedVertexNum: 1
2024-04-24T00:55:05,029  INFO [main] physical.Vectorizer: Reducer hive.vectorized.execution.reduce.enabled: true
2024-04-24T00:55:05,029  INFO [main] physical.Vectorizer: Reducer engine: mr
2024-04-24T00:55:05,029  INFO [main] parse.CalcitePlanner: Completed plan generation
2024-04-24T00:55:05,029  INFO [main] parse.CalcitePlanner: Ending caching scope for: alex_20240424005501_81ec1ab7-7de0-4cab-a542-6b148e9002ac
2024-04-24T00:55:05,029  INFO [main] ql.Driver: Semantic Analysis Completed (retrial = false)
2024-04-24T00:55:05,029  INFO [main] ql.Driver: Created Hive schema: Schema(fieldSchemas:[FieldSchema(name:a, type:int, comment:null), FieldSchema(name:b, type:int, comment:null), FieldSchema(name:input__file__name, type:string, comment:null)], properties:null)
2024-04-24T00:55:05,030  INFO [main] exec.ListSinkOperator: Initializing Operator: LIST_SINK[5]
2024-04-24T00:55:05,030  INFO [main] metadata.Hive: Dumping metastore api call timing information for : compilation phase
2024-04-24T00:55:05,031  INFO [main] metadata.Hive: Total time spent in each metastore function (ms): {getAllTableConstraints_(AllTableConstraintsRequest)=5, openTxn_(String, TxnType)=3, commitTxn_(CommitTxnRequest)=9, getValidTxns_(long)=0, getTable_(GetTableRequest)=9, getTableColumnStatistics_(String, String, List, String)=12, isCompatibleWith_(Configuration)=0, getValidWriteIds_(List, String)=2, flushCache_()=0}
2024-04-24T00:55:05,031  INFO [main] ql.Driver: Completed compiling command(queryId=alex_20240424005501_81ec1ab7-7de0-4cab-a542-6b148e9002ac); Time taken: 0.114 seconds
2024-04-24T00:55:05,031  INFO [main] lockmgr.DbTxnManager: Setting lock request transaction to txnid:20 for queryId=alex_20240424005501_81ec1ab7-7de0-4cab-a542-6b148e9002ac
2024-04-24T00:55:05,032  INFO [main] lockmgr.DbLockManager: Requesting lock for queryId=alex_20240424005501_81ec1ab7-7de0-4cab-a542-6b148e9002ac
2024-04-24T00:55:05,044  INFO [main] lockmgr.DbLockManager: Response to queryId=alex_20240424005501_81ec1ab7-7de0-4cab-a542-6b148e9002ac LockResponse(lockid:14, state:ACQUIRED)
2024-04-24T00:55:05,044  INFO [main] ql.Driver: Operation QUERY obtained 1 locks
2024-04-24T00:55:05,044  INFO [main] ql.Driver: Executing command(queryId=alex_20240424005501_81ec1ab7-7de0-4cab-a542-6b148e9002ac): select a, b, INPUT__FILE__NAME from T order by a, b, INPUT__FILE__NAME
2024-04-24T00:55:05,045  WARN [main] ql.Driver: Hive-on-MR is deprecated in Hive 2 and may not be available in the future versions. Consider using a different execution engine (i.e. spark, tez) or using Hive 1.X releases.
Query ID = alex_20240424005501_81ec1ab7-7de0-4cab-a542-6b148e9002ac
2024-04-24T00:55:05,045  INFO [main] ql.Driver: Query ID = alex_20240424005501_81ec1ab7-7de0-4cab-a542-6b148e9002ac
Total jobs = 1
2024-04-24T00:55:05,045  INFO [main] ql.Driver: Total jobs = 1
Launching Job 1 out of 1
2024-04-24T00:55:05,045  INFO [main] ql.Driver: Launching Job 1 out of 1
2024-04-24T00:55:05,195  INFO [main] ql.Driver: Starting task [Stage-1:MAPRED] in serial mode
Number of reduce tasks determined at compile time: 1
2024-04-24T00:55:05,196  INFO [main] exec.Task: Number of reduce tasks determined at compile time: 1
In order to change the average load for a reducer (in bytes):
2024-04-24T00:55:05,196  INFO [main] exec.Task: In order to change the average load for a reducer (in bytes):
  set hive.exec.reducers.bytes.per.reducer=<number>
2024-04-24T00:55:05,196  INFO [main] exec.Task:   set hive.exec.reducers.bytes.per.reducer=<number>
In order to limit the maximum number of reducers:
2024-04-24T00:55:05,196  INFO [main] exec.Task: In order to limit the maximum number of reducers:
  set hive.exec.reducers.max=<number>
2024-04-24T00:55:05,196  INFO [main] exec.Task:   set hive.exec.reducers.max=<number>
In order to set a constant number of reducers:
2024-04-24T00:55:05,196  INFO [main] exec.Task: In order to set a constant number of reducers:
  set mapreduce.job.reduces=<number>
2024-04-24T00:55:05,196  INFO [main] exec.Task:   set mapreduce.job.reduces=<number>
2024-04-24T00:55:05,198  INFO [main] mr.ExecDriver: Using org.apache.hadoop.hive.ql.io.HiveInputFormat
2024-04-24T00:55:05,198  INFO [main] exec.Utilities: Processing alias t
2024-04-24T00:55:05,198  INFO [main] exec.Utilities: Adding 1 inputs; the first input is file:/home/alex/Repositories/hive/ql/target/tmp/org.apache.hadoop.hive.ql.TestTxnNoBuckets-1713945183193/warehouse/t
2024-04-24T00:55:05,208  INFO [main] exec.SerializationUtilities: Serializing MapWork using kryo
2024-04-24T00:55:05,209  INFO [main] exec.Utilities: Serialized plan (via FILE) - name: null size: 4,79KB
2024-04-24T00:55:05,213  INFO [main] exec.SerializationUtilities: Serializing ReduceWork using kryo
2024-04-24T00:55:05,214  INFO [main] exec.Utilities: Serialized plan (via FILE) - name: null size: 5,69KB
2024-04-24T00:55:05,215  WARN [main] impl.MetricsSystemImpl: JobTracker metrics system already initialized!
2024-04-24T00:55:05,221  WARN [main] impl.MetricsSystemImpl: JobTracker metrics system already initialized!
2024-04-24T00:55:05,228  WARN [main] mapreduce.JobResourceUploader: Hadoop command-line option parsing not performed. Implement the Tool interface and execute your application with ToolRunner to remedy this.
2024-04-24T00:55:05,232  WARN [main] mapreduce.JobResourceUploader: No job jar file set.  User classes may not be found. See Job or Job#setJar(String).
2024-04-24T00:55:05,234  INFO [main] io.HiveInputFormat: hive.io.file.readcolumn.ids = 0,1
2024-04-24T00:55:05,234  INFO [main] io.HiveInputFormat: hive.io.file.readcolumn.names = a,b
2024-04-24T00:55:05,234  INFO [main] io.HiveInputFormat: Generating splits for dirs: file:/home/alex/Repositories/hive/ql/target/tmp/org.apache.hadoop.hive.ql.TestTxnNoBuckets-1713945183193/warehouse/t
2024-04-24T00:55:05,234  INFO [main] orc.OrcInputFormat: getSplits started
2024-04-24T00:55:05,234  INFO [main] orc.OrcInputFormat: Context:: isAcid: false isVectorMode: false sarg: null minSplitSize: 1 maxSplitSize: 256000000 splitStrategy: HYBRID footerInSplits: false numBuckets: 0 numThreads: 10 cacheMemSize: 268435456 cacheStripeDetails: true useSoftReference: false writeIdList: null:9223372036854775807:9223372036854775807:: isTransactionalTable: false txnProperties: null 
2024-04-24T00:55:05,234  INFO [main] orc.OrcInputFormat: ORC pushdown predicate: null
2024-04-24T00:55:05,258  INFO [main] orc.OrcInputFormat: FooterCacheHitRatio: 0/7
2024-04-24T00:55:05,258  INFO [main] orc.OrcInputFormat: getSplits finished (#splits: 7). duration: 24 ms
2024-04-24T00:55:05,258  INFO [main] io.HiveInputFormat: number of splits 7
2024-04-24T00:55:05,275  INFO [main] mapreduce.JobSubmitter: number of splits:7
2024-04-24T00:55:05,293  INFO [main] mapreduce.JobSubmitter: Submitting tokens for job: job_local1759299959_0052
2024-04-24T00:55:05,293  INFO [main] mapreduce.JobSubmitter: Executing with tokens: []
2024-04-24T00:55:05,352  INFO [main] mapreduce.Job: The url to track the job: http://localhost:8080/
Job running in-process (local Hadoop)
2024-04-24T00:55:05,352  INFO [main] exec.Task: Job running in-process (local Hadoop)
2024-04-24T00:55:05,353  INFO [Thread-3345] mapred.LocalJobRunner: OutputCommitter set in config org.apache.hadoop.hive.ql.io.HiveFileFormatUtils$NullOutputCommitter
2024-04-24T00:55:05,353  INFO [Thread-3345] mapred.LocalJobRunner: OutputCommitter is org.apache.hadoop.hive.ql.io.HiveFileFormatUtils$NullOutputCommitter
2024-04-24T00:55:05,357  INFO [Thread-3345] mapred.LocalJobRunner: Waiting for map tasks
2024-04-24T00:55:05,357  INFO [LocalJobRunner Map Task Executor #0] mapred.LocalJobRunner: Starting task: attempt_local1759299959_0052_m_000000_0
2024-04-24T00:55:05,357  INFO [LocalJobRunner Map Task Executor #0] mapred.Task:  Using ResourceCalculatorProcessTree : [ ]
2024-04-24T00:55:05,358  INFO [LocalJobRunner Map Task Executor #0] mapred.MapTask: Processing split: org.apache.hadoop.hive.ql.io.orc.OrcInputFormat:OrcSplit [file:/home/alex/Repositories/hive/ql/target/tmp/org.apache.hadoop.hive.ql.TestTxnNoBuckets-1713945183193/warehouse/t/HIVE_UNION_SUBDIR_16/000001_0, start=0, length=274, isOriginal=true, fileLength=274, hasFooter=false, hasBase=true, deltas=0]
2024-04-24T00:55:05,359  INFO [LocalJobRunner Map Task Executor #0] exec.SerializationUtilities: Deserializing MapWork using kryo
2024-04-24T00:55:05,359  INFO [LocalJobRunner Map Task Executor #0] exec.Utilities: Deserialized plan (via FILE) - name: null size: 4,79KB
2024-04-24T00:55:05,360  INFO [LocalJobRunner Map Task Executor #0] orc.ReaderImpl: Reading ORC rows from file:/home/alex/Repositories/hive/ql/target/tmp/org.apache.hadoop.hive.ql.TestTxnNoBuckets-1713945183193/warehouse/t/HIVE_UNION_SUBDIR_16/000001_0 with {include: [true, true, true], offset: 0, length: 274, schema: struct<a:int,b:int>, includeAcidColumns: true}
2024-04-24T00:55:05,361  INFO [LocalJobRunner Map Task Executor #0] mapred.MapTask: numReduceTasks: 1
2024-04-24T00:55:05,366  INFO [LocalJobRunner Map Task Executor #0] mapred.MapTask: (EQUATOR) 0 kvi 26214396(104857584)
2024-04-24T00:55:05,366  INFO [LocalJobRunner Map Task Executor #0] mapred.MapTask: mapreduce.task.io.sort.mb: 100
2024-04-24T00:55:05,366  INFO [LocalJobRunner Map Task Executor #0] mapred.MapTask: soft limit at 83886080
2024-04-24T00:55:05,366  INFO [LocalJobRunner Map Task Executor #0] mapred.MapTask: bufstart = 0; bufvoid = 104857600
2024-04-24T00:55:05,366  INFO [LocalJobRunner Map Task Executor #0] mapred.MapTask: kvstart = 26214396; length = 6553600
2024-04-24T00:55:05,367  INFO [LocalJobRunner Map Task Executor #0] mapred.MapTask: Map output collector class = org.apache.hadoop.mapred.MapTask$MapOutputBuffer
2024-04-24T00:55:05,367  INFO [LocalJobRunner Map Task Executor #0] exec.MapOperator: Initializing Operator: MAP[0]
2024-04-24T00:55:05,368  INFO [LocalJobRunner Map Task Executor #0] mr.ExecMapper: 
<MAP>Id =0
  <Children>null
  <\Children>
  <Parent><\Parent>
<\MAP>
2024-04-24T00:55:05,369  INFO [LocalJobRunner Map Task Executor #0] exec.TableScanOperator: Initializing Operator: TS[0]
2024-04-24T00:55:05,369  INFO [LocalJobRunner Map Task Executor #0] exec.SelectOperator: Initializing Operator: SEL[1]
2024-04-24T00:55:05,369  INFO [LocalJobRunner Map Task Executor #0] exec.SelectOperator: SELECT struct<a:int,b:int,input__file__name:string>
2024-04-24T00:55:05,369  INFO [LocalJobRunner Map Task Executor #0] exec.ReduceSinkOperator: Initializing Operator: RS[2]
2024-04-24T00:55:05,369  INFO [LocalJobRunner Map Task Executor #0] exec.ReduceSinkOperator: Using tag = -1
2024-04-24T00:55:05,369  INFO [LocalJobRunner Map Task Executor #0] exec.ReduceSinkOperator: keys are [reducesinkkey0, reducesinkkey1, reducesinkkey2] num distributions: 3
2024-04-24T00:55:05,370  INFO [LocalJobRunner Map Task Executor #0] exec.ReduceSinkOperator: RS[2]: records written - 1
2024-04-24T00:55:05,370  INFO [LocalJobRunner Map Task Executor #0] exec.MapOperator: MAP[0]: records read - 1
2024-04-24T00:55:05,370  INFO [LocalJobRunner Map Task Executor #0] exec.MapOperator: Closing Operator: MAP[0]
2024-04-24T00:55:05,370  INFO [LocalJobRunner Map Task Executor #0] exec.MapOperator: MAP[0]: Total records read - 1. abort - false
2024-04-24T00:55:05,370  INFO [LocalJobRunner Map Task Executor #0] exec.MapOperator: RECORDS_OUT_OPERATOR_MAP_0:0, RECORDS_IN:1, RECORDS_OUT_INTERMEDIATE:0, DESERIALIZE_ERRORS:0, 
2024-04-24T00:55:05,370  INFO [LocalJobRunner Map Task Executor #0] exec.TableScanOperator: Closing Operator: TS[0]
2024-04-24T00:55:05,370  INFO [LocalJobRunner Map Task Executor #0] exec.TableScanOperator: RECORDS_OUT_OPERATOR_TS_0:1, RECORDS_OUT_INTERMEDIATE:0, 
2024-04-24T00:55:05,370  INFO [LocalJobRunner Map Task Executor #0] exec.SelectOperator: Closing Operator: SEL[1]
2024-04-24T00:55:05,370  INFO [LocalJobRunner Map Task Executor #0] exec.SelectOperator: RECORDS_OUT_INTERMEDIATE:0, RECORDS_OUT_OPERATOR_SEL_1:1, 
2024-04-24T00:55:05,370  INFO [LocalJobRunner Map Task Executor #0] exec.ReduceSinkOperator: Closing Operator: RS[2]
2024-04-24T00:55:05,370  INFO [LocalJobRunner Map Task Executor #0] exec.ReduceSinkOperator: RS[2]: Total records written - 1. abort - false
2024-04-24T00:55:05,370  INFO [LocalJobRunner Map Task Executor #0] exec.ReduceSinkOperator: RECORDS_OUT_OPERATOR_RS_2:1, RECORDS_OUT_INTERMEDIATE:1, 
2024-04-24T00:55:05,370  INFO [LocalJobRunner Map Task Executor #0] mapred.LocalJobRunner: 
2024-04-24T00:55:05,370  INFO [LocalJobRunner Map Task Executor #0] mapred.MapTask: Starting flush of map output
2024-04-24T00:55:05,370  INFO [LocalJobRunner Map Task Executor #0] mapred.MapTask: Spilling map output
2024-04-24T00:55:05,370  INFO [LocalJobRunner Map Task Executor #0] mapred.MapTask: bufstart = 0; bufend = 167; bufvoid = 104857600
2024-04-24T00:55:05,370  INFO [LocalJobRunner Map Task Executor #0] mapred.MapTask: kvstart = 26214396(104857584); kvend = 26214396(104857584); length = 1/6553600
2024-04-24T00:55:05,381  INFO [LocalJobRunner Map Task Executor #0] mapred.MapTask: Finished spill 0
2024-04-24T00:55:05,383  INFO [LocalJobRunner Map Task Executor #0] mapred.Task: Task:attempt_local1759299959_0052_m_000000_0 is done. And is in the process of committing
2024-04-24T00:55:05,384  INFO [LocalJobRunner Map Task Executor #0] mapred.LocalJobRunner: map
2024-04-24T00:55:05,384  INFO [LocalJobRunner Map Task Executor #0] mapred.Task: Task 'attempt_local1759299959_0052_m_000000_0' done.
2024-04-24T00:55:05,384  INFO [LocalJobRunner Map Task Executor #0] mapred.Task: Final Counters for attempt_local1759299959_0052_m_000000_0: Counters: 24
	File System Counters
		FILE: Number of bytes read=1264269
		FILE: Number of bytes written=62546890
		FILE: Number of read operations=0
		FILE: Number of large read operations=0
		FILE: Number of write operations=0
	Map-Reduce Framework
		Map input records=1
		Map output records=1
		Map output bytes=167
		Map output materialized bytes=176
		Input split bytes=473
		Combine input records=0
		Spilled Records=1
		Failed Shuffles=0
		Merged Map outputs=0
		GC time elapsed (ms)=0
		Total committed heap usage (bytes)=1390411776
	HIVE
		DESERIALIZE_ERRORS=0
		RECORDS_IN=1
		RECORDS_OUT_INTERMEDIATE=1
		RECORDS_OUT_OPERATOR_MAP_0=0
		RECORDS_OUT_OPERATOR_RS_2=1
		RECORDS_OUT_OPERATOR_SEL_1=1
		RECORDS_OUT_OPERATOR_TS_0=1
	File Input Format Counters 
		Bytes Read=5997
2024-04-24T00:55:05,384  INFO [LocalJobRunner Map Task Executor #0] mapred.LocalJobRunner: Finishing task: attempt_local1759299959_0052_m_000000_0
2024-04-24T00:55:05,384  INFO [LocalJobRunner Map Task Executor #0] mapred.LocalJobRunner: Starting task: attempt_local1759299959_0052_m_000001_0
2024-04-24T00:55:05,385  INFO [LocalJobRunner Map Task Executor #0] mapred.Task:  Using ResourceCalculatorProcessTree : [ ]
2024-04-24T00:55:05,385  INFO [LocalJobRunner Map Task Executor #0] mapred.MapTask: Processing split: org.apache.hadoop.hive.ql.io.orc.OrcInputFormat:OrcSplit [file:/home/alex/Repositories/hive/ql/target/tmp/org.apache.hadoop.hive.ql.TestTxnNoBuckets-1713945183193/warehouse/t/HIVE_UNION_SUBDIR_15/000000_0, start=0, length=256, isOriginal=true, fileLength=256, hasFooter=false, hasBase=true, deltas=0]
2024-04-24T00:55:05,385  INFO [LocalJobRunner Map Task Executor #0] exec.SerializationUtilities: Deserializing MapWork using kryo
2024-04-24T00:55:05,386  INFO [LocalJobRunner Map Task Executor #0] exec.Utilities: Deserialized plan (via FILE) - name: null size: 4,79KB
2024-04-24T00:55:05,386  INFO [LocalJobRunner Map Task Executor #0] orc.ReaderImpl: Reading ORC rows from file:/home/alex/Repositories/hive/ql/target/tmp/org.apache.hadoop.hive.ql.TestTxnNoBuckets-1713945183193/warehouse/t/HIVE_UNION_SUBDIR_15/000000_0 with {include: [true, true, true], offset: 0, length: 256, schema: struct<a:int,b:int>, includeAcidColumns: true}
2024-04-24T00:55:05,387  INFO [LocalJobRunner Map Task Executor #0] mapred.MapTask: numReduceTasks: 1
2024-04-24T00:55:05,396  INFO [LocalJobRunner Map Task Executor #0] mapred.MapTask: (EQUATOR) 0 kvi 26214396(104857584)
2024-04-24T00:55:05,396  INFO [LocalJobRunner Map Task Executor #0] mapred.MapTask: mapreduce.task.io.sort.mb: 100
2024-04-24T00:55:05,396  INFO [LocalJobRunner Map Task Executor #0] mapred.MapTask: soft limit at 83886080
2024-04-24T00:55:05,396  INFO [LocalJobRunner Map Task Executor #0] mapred.MapTask: bufstart = 0; bufvoid = 104857600
2024-04-24T00:55:05,396  INFO [LocalJobRunner Map Task Executor #0] mapred.MapTask: kvstart = 26214396; length = 6553600
2024-04-24T00:55:05,397  INFO [LocalJobRunner Map Task Executor #0] mapred.MapTask: Map output collector class = org.apache.hadoop.mapred.MapTask$MapOutputBuffer
2024-04-24T00:55:05,397  INFO [LocalJobRunner Map Task Executor #0] exec.MapOperator: Initializing Operator: MAP[0]
2024-04-24T00:55:05,398  INFO [LocalJobRunner Map Task Executor #0] mr.ExecMapper: 
<MAP>Id =0
  <Children>null
  <\Children>
  <Parent><\Parent>
<\MAP>
2024-04-24T00:55:05,399  INFO [LocalJobRunner Map Task Executor #0] exec.TableScanOperator: Initializing Operator: TS[0]
2024-04-24T00:55:05,399  INFO [LocalJobRunner Map Task Executor #0] exec.SelectOperator: Initializing Operator: SEL[1]
2024-04-24T00:55:05,399  INFO [LocalJobRunner Map Task Executor #0] exec.SelectOperator: SELECT struct<a:int,b:int,input__file__name:string>
2024-04-24T00:55:05,399  INFO [LocalJobRunner Map Task Executor #0] exec.ReduceSinkOperator: Initializing Operator: RS[2]
2024-04-24T00:55:05,399  INFO [LocalJobRunner Map Task Executor #0] exec.ReduceSinkOperator: Using tag = -1
2024-04-24T00:55:05,399  INFO [LocalJobRunner Map Task Executor #0] exec.ReduceSinkOperator: keys are [reducesinkkey0, reducesinkkey1, reducesinkkey2] num distributions: 3
2024-04-24T00:55:05,399  INFO [LocalJobRunner Map Task Executor #0] exec.ReduceSinkOperator: RS[2]: records written - 1
2024-04-24T00:55:05,399  INFO [LocalJobRunner Map Task Executor #0] exec.MapOperator: MAP[0]: records read - 1
2024-04-24T00:55:05,400  INFO [LocalJobRunner Map Task Executor #0] exec.MapOperator: Closing Operator: MAP[0]
2024-04-24T00:55:05,400  INFO [LocalJobRunner Map Task Executor #0] exec.MapOperator: MAP[0]: Total records read - 2. abort - false
2024-04-24T00:55:05,400  INFO [LocalJobRunner Map Task Executor #0] exec.MapOperator: DESERIALIZE_ERRORS:0, RECORDS_IN:2, RECORDS_OUT_OPERATOR_MAP_0:0, RECORDS_OUT_INTERMEDIATE:0, 
2024-04-24T00:55:05,400  INFO [LocalJobRunner Map Task Executor #0] exec.TableScanOperator: Closing Operator: TS[0]
2024-04-24T00:55:05,400  INFO [LocalJobRunner Map Task Executor #0] exec.TableScanOperator: RECORDS_OUT_INTERMEDIATE:0, RECORDS_OUT_OPERATOR_TS_0:2, 
2024-04-24T00:55:05,400  INFO [LocalJobRunner Map Task Executor #0] exec.SelectOperator: Closing Operator: SEL[1]
2024-04-24T00:55:05,400  INFO [LocalJobRunner Map Task Executor #0] exec.SelectOperator: RECORDS_OUT_OPERATOR_SEL_1:2, RECORDS_OUT_INTERMEDIATE:0, 
2024-04-24T00:55:05,400  INFO [LocalJobRunner Map Task Executor #0] exec.ReduceSinkOperator: Closing Operator: RS[2]
2024-04-24T00:55:05,400  INFO [LocalJobRunner Map Task Executor #0] exec.ReduceSinkOperator: RS[2]: Total records written - 2. abort - false
2024-04-24T00:55:05,400  INFO [LocalJobRunner Map Task Executor #0] exec.ReduceSinkOperator: RECORDS_OUT_OPERATOR_RS_2:2, RECORDS_OUT_INTERMEDIATE:2, 
2024-04-24T00:55:05,400  INFO [LocalJobRunner Map Task Executor #0] mapred.LocalJobRunner: 
2024-04-24T00:55:05,400  INFO [LocalJobRunner Map Task Executor #0] mapred.MapTask: Starting flush of map output
2024-04-24T00:55:05,400  INFO [LocalJobRunner Map Task Executor #0] mapred.MapTask: Spilling map output
2024-04-24T00:55:05,400  INFO [LocalJobRunner Map Task Executor #0] mapred.MapTask: bufstart = 0; bufend = 334; bufvoid = 104857600
2024-04-24T00:55:05,400  INFO [LocalJobRunner Map Task Executor #0] mapred.MapTask: kvstart = 26214396(104857584); kvend = 26214392(104857568); length = 5/6553600
2024-04-24T00:55:05,408  INFO [LocalJobRunner Map Task Executor #0] mapred.MapTask: Finished spill 0
2024-04-24T00:55:05,411  INFO [LocalJobRunner Map Task Executor #0] mapred.Task: Task:attempt_local1759299959_0052_m_000001_0 is done. And is in the process of committing
2024-04-24T00:55:05,411  INFO [LocalJobRunner Map Task Executor #0] mapred.LocalJobRunner: map
2024-04-24T00:55:05,412  INFO [LocalJobRunner Map Task Executor #0] mapred.Task: Task 'attempt_local1759299959_0052_m_000001_0' done.
2024-04-24T00:55:05,412  INFO [LocalJobRunner Map Task Executor #0] mapred.Task: Final Counters for attempt_local1759299959_0052_m_000001_0: Counters: 24
	File System Counters
		FILE: Number of bytes read=1273468
		FILE: Number of bytes written=62547268
		FILE: Number of read operations=0
		FILE: Number of large read operations=0
		FILE: Number of write operations=0
	Map-Reduce Framework
		Map input records=2
		Map output records=2
		Map output bytes=334
		Map output materialized bytes=346
		Input split bytes=473
		Combine input records=0
		Spilled Records=2
		Failed Shuffles=0
		Merged Map outputs=0
		GC time elapsed (ms)=5
		Total committed heap usage (bytes)=1372585984
	HIVE
		DESERIALIZE_ERRORS=0
		RECORDS_IN=2
		RECORDS_OUT_INTERMEDIATE=2
		RECORDS_OUT_OPERATOR_MAP_0=0
		RECORDS_OUT_OPERATOR_RS_2=2
		RECORDS_OUT_OPERATOR_SEL_1=2
		RECORDS_OUT_OPERATOR_TS_0=2
	File Input Format Counters 
		Bytes Read=5925
2024-04-24T00:55:05,412  INFO [LocalJobRunner Map Task Executor #0] mapred.LocalJobRunner: Finishing task: attempt_local1759299959_0052_m_000001_0
2024-04-24T00:55:05,412  INFO [LocalJobRunner Map Task Executor #0] mapred.LocalJobRunner: Starting task: attempt_local1759299959_0052_m_000002_0
2024-04-24T00:55:05,412  INFO [LocalJobRunner Map Task Executor #0] mapred.Task:  Using ResourceCalculatorProcessTree : [ ]
2024-04-24T00:55:05,413  INFO [LocalJobRunner Map Task Executor #0] mapred.MapTask: Processing split: org.apache.hadoop.hive.ql.io.orc.OrcInputFormat:OrcSplit [file:/home/alex/Repositories/hive/ql/target/tmp/org.apache.hadoop.hive.ql.TestTxnNoBuckets-1713945183193/warehouse/t/000000_0, start=0, length=256, isOriginal=true, fileLength=256, hasFooter=false, hasBase=true, deltas=0]
2024-04-24T00:55:05,413  INFO [LocalJobRunner Map Task Executor #0] exec.SerializationUtilities: Deserializing MapWork using kryo
2024-04-24T00:55:05,413  INFO [LocalJobRunner Map Task Executor #0] exec.Utilities: Deserialized plan (via FILE) - name: null size: 4,79KB
2024-04-24T00:55:05,414  INFO [LocalJobRunner Map Task Executor #0] orc.ReaderImpl: Reading ORC rows from file:/home/alex/Repositories/hive/ql/target/tmp/org.apache.hadoop.hive.ql.TestTxnNoBuckets-1713945183193/warehouse/t/000000_0 with {include: [true, true, true], offset: 0, length: 256, schema: struct<a:int,b:int>, includeAcidColumns: true}
2024-04-24T00:55:05,415  INFO [LocalJobRunner Map Task Executor #0] mapred.MapTask: numReduceTasks: 1
2024-04-24T00:55:05,419  INFO [LocalJobRunner Map Task Executor #0] mapred.MapTask: (EQUATOR) 0 kvi 26214396(104857584)
2024-04-24T00:55:05,419  INFO [LocalJobRunner Map Task Executor #0] mapred.MapTask: mapreduce.task.io.sort.mb: 100
2024-04-24T00:55:05,419  INFO [LocalJobRunner Map Task Executor #0] mapred.MapTask: soft limit at 83886080
2024-04-24T00:55:05,419  INFO [LocalJobRunner Map Task Executor #0] mapred.MapTask: bufstart = 0; bufvoid = 104857600
2024-04-24T00:55:05,419  INFO [LocalJobRunner Map Task Executor #0] mapred.MapTask: kvstart = 26214396; length = 6553600
2024-04-24T00:55:05,420  INFO [LocalJobRunner Map Task Executor #0] mapred.MapTask: Map output collector class = org.apache.hadoop.mapred.MapTask$MapOutputBuffer
2024-04-24T00:55:05,420  INFO [LocalJobRunner Map Task Executor #0] exec.MapOperator: Initializing Operator: MAP[0]
2024-04-24T00:55:05,421  INFO [LocalJobRunner Map Task Executor #0] mr.ExecMapper: 
<MAP>Id =0
  <Children>null
  <\Children>
  <Parent><\Parent>
<\MAP>
2024-04-24T00:55:05,422  INFO [LocalJobRunner Map Task Executor #0] exec.TableScanOperator: Initializing Operator: TS[0]
2024-04-24T00:55:05,422  INFO [LocalJobRunner Map Task Executor #0] exec.SelectOperator: Initializing Operator: SEL[1]
2024-04-24T00:55:05,422  INFO [LocalJobRunner Map Task Executor #0] exec.SelectOperator: SELECT struct<a:int,b:int,input__file__name:string>
2024-04-24T00:55:05,422  INFO [LocalJobRunner Map Task Executor #0] exec.ReduceSinkOperator: Initializing Operator: RS[2]
2024-04-24T00:55:05,422  INFO [LocalJobRunner Map Task Executor #0] exec.ReduceSinkOperator: Using tag = -1
2024-04-24T00:55:05,422  INFO [LocalJobRunner Map Task Executor #0] exec.ReduceSinkOperator: keys are [reducesinkkey0, reducesinkkey1, reducesinkkey2] num distributions: 3
2024-04-24T00:55:05,422  INFO [LocalJobRunner Map Task Executor #0] exec.ReduceSinkOperator: RS[2]: records written - 1
2024-04-24T00:55:05,422  INFO [LocalJobRunner Map Task Executor #0] exec.MapOperator: MAP[0]: records read - 1
2024-04-24T00:55:05,423  INFO [LocalJobRunner Map Task Executor #0] exec.MapOperator: Closing Operator: MAP[0]
2024-04-24T00:55:05,423  INFO [LocalJobRunner Map Task Executor #0] exec.MapOperator: MAP[0]: Total records read - 2. abort - false
2024-04-24T00:55:05,423  INFO [LocalJobRunner Map Task Executor #0] exec.MapOperator: RECORDS_IN:2, RECORDS_OUT_INTERMEDIATE:0, RECORDS_OUT_OPERATOR_MAP_0:0, DESERIALIZE_ERRORS:0, 
2024-04-24T00:55:05,423  INFO [LocalJobRunner Map Task Executor #0] exec.TableScanOperator: Closing Operator: TS[0]
2024-04-24T00:55:05,423  INFO [LocalJobRunner Map Task Executor #0] exec.TableScanOperator: RECORDS_OUT_INTERMEDIATE:0, RECORDS_OUT_OPERATOR_TS_0:2, 
2024-04-24T00:55:05,423  INFO [LocalJobRunner Map Task Executor #0] exec.SelectOperator: Closing Operator: SEL[1]
2024-04-24T00:55:05,423  INFO [LocalJobRunner Map Task Executor #0] exec.SelectOperator: RECORDS_OUT_OPERATOR_SEL_1:2, RECORDS_OUT_INTERMEDIATE:0, 
2024-04-24T00:55:05,423  INFO [LocalJobRunner Map Task Executor #0] exec.ReduceSinkOperator: Closing Operator: RS[2]
2024-04-24T00:55:05,423  INFO [LocalJobRunner Map Task Executor #0] exec.ReduceSinkOperator: RS[2]: Total records written - 2. abort - false
2024-04-24T00:55:05,423  INFO [LocalJobRunner Map Task Executor #0] exec.ReduceSinkOperator: RECORDS_OUT_INTERMEDIATE:2, RECORDS_OUT_OPERATOR_RS_2:2, 
2024-04-24T00:55:05,424  INFO [LocalJobRunner Map Task Executor #0] mapred.LocalJobRunner: 
2024-04-24T00:55:05,424  INFO [LocalJobRunner Map Task Executor #0] mapred.MapTask: Starting flush of map output
2024-04-24T00:55:05,424  INFO [LocalJobRunner Map Task Executor #0] mapred.MapTask: Spilling map output
2024-04-24T00:55:05,424  INFO [LocalJobRunner Map Task Executor #0] mapred.MapTask: bufstart = 0; bufend = 292; bufvoid = 104857600
2024-04-24T00:55:05,424  INFO [LocalJobRunner Map Task Executor #0] mapred.MapTask: kvstart = 26214396(104857584); kvend = 26214392(104857568); length = 5/6553600
2024-04-24T00:55:05,437  INFO [LocalJobRunner Map Task Executor #0] mapred.MapTask: Finished spill 0
2024-04-24T00:55:05,445  INFO [LocalJobRunner Map Task Executor #0] mapred.Task: Task:attempt_local1759299959_0052_m_000002_0 is done. And is in the process of committing
2024-04-24T00:55:05,447  INFO [LocalJobRunner Map Task Executor #0] mapred.LocalJobRunner: map
2024-04-24T00:55:05,447  INFO [LocalJobRunner Map Task Executor #0] mapred.Task: Task 'attempt_local1759299959_0052_m_000002_0' done.
2024-04-24T00:55:05,447  INFO [LocalJobRunner Map Task Executor #0] mapred.Task: Final Counters for attempt_local1759299959_0052_m_000002_0: Counters: 24
	File System Counters
		FILE: Number of bytes read=1282155
		FILE: Number of bytes written=62547604
		FILE: Number of read operations=0
		FILE: Number of large read operations=0
		FILE: Number of write operations=0
	Map-Reduce Framework
		Map input records=2
		Map output records=2
		Map output bytes=292
		Map output materialized bytes=304
		Input split bytes=451
		Combine input records=0
		Spilled Records=2
		Failed Shuffles=0
		Merged Map outputs=0
		GC time elapsed (ms)=0
		Total committed heap usage (bytes)=1372585984
	HIVE
		DESERIALIZE_ERRORS=0
		RECORDS_IN=2
		RECORDS_OUT_INTERMEDIATE=2
		RECORDS_OUT_OPERATOR_MAP_0=0
		RECORDS_OUT_OPERATOR_RS_2=2
		RECORDS_OUT_OPERATOR_SEL_1=2
		RECORDS_OUT_OPERATOR_TS_0=2
	File Input Format Counters 
		Bytes Read=5925
2024-04-24T00:55:05,447  INFO [LocalJobRunner Map Task Executor #0] mapred.LocalJobRunner: Finishing task: attempt_local1759299959_0052_m_000002_0
2024-04-24T00:55:05,447  INFO [LocalJobRunner Map Task Executor #0] mapred.LocalJobRunner: Starting task: attempt_local1759299959_0052_m_000003_0
2024-04-24T00:55:05,449  INFO [LocalJobRunner Map Task Executor #0] mapred.Task:  Using ResourceCalculatorProcessTree : [ ]
2024-04-24T00:55:05,450  INFO [LocalJobRunner Map Task Executor #0] mapred.MapTask: Processing split: org.apache.hadoop.hive.ql.io.orc.OrcInputFormat:OrcSplit [file:/home/alex/Repositories/hive/ql/target/tmp/org.apache.hadoop.hive.ql.TestTxnNoBuckets-1713945183193/warehouse/t/000001_0, start=0, length=254, isOriginal=true, fileLength=254, hasFooter=false, hasBase=true, deltas=0]
2024-04-24T00:55:05,451  INFO [LocalJobRunner Map Task Executor #0] exec.SerializationUtilities: Deserializing MapWork using kryo
2024-04-24T00:55:05,452  INFO [LocalJobRunner Map Task Executor #0] exec.Utilities: Deserialized plan (via FILE) - name: null size: 4,79KB
2024-04-24T00:55:05,454  INFO [LocalJobRunner Map Task Executor #0] orc.ReaderImpl: Reading ORC rows from file:/home/alex/Repositories/hive/ql/target/tmp/org.apache.hadoop.hive.ql.TestTxnNoBuckets-1713945183193/warehouse/t/000001_0 with {include: [true, true, true], offset: 0, length: 254, schema: struct<a:int,b:int>, includeAcidColumns: true}
2024-04-24T00:55:05,456  INFO [LocalJobRunner Map Task Executor #0] mapred.MapTask: numReduceTasks: 1
2024-04-24T00:55:05,466  INFO [LocalJobRunner Map Task Executor #0] mapred.MapTask: (EQUATOR) 0 kvi 26214396(104857584)
2024-04-24T00:55:05,466  INFO [LocalJobRunner Map Task Executor #0] mapred.MapTask: mapreduce.task.io.sort.mb: 100
2024-04-24T00:55:05,466  INFO [LocalJobRunner Map Task Executor #0] mapred.MapTask: soft limit at 83886080
2024-04-24T00:55:05,466  INFO [LocalJobRunner Map Task Executor #0] mapred.MapTask: bufstart = 0; bufvoid = 104857600
2024-04-24T00:55:05,466  INFO [LocalJobRunner Map Task Executor #0] mapred.MapTask: kvstart = 26214396; length = 6553600
2024-04-24T00:55:05,467  INFO [LocalJobRunner Map Task Executor #0] mapred.MapTask: Map output collector class = org.apache.hadoop.mapred.MapTask$MapOutputBuffer
2024-04-24T00:55:05,467  INFO [LocalJobRunner Map Task Executor #0] exec.MapOperator: Initializing Operator: MAP[0]
2024-04-24T00:55:05,469  INFO [LocalJobRunner Map Task Executor #0] mr.ExecMapper: 
<MAP>Id =0
  <Children>null
  <\Children>
  <Parent><\Parent>
<\MAP>
2024-04-24T00:55:05,470  INFO [LocalJobRunner Map Task Executor #0] exec.TableScanOperator: Initializing Operator: TS[0]
2024-04-24T00:55:05,470  INFO [LocalJobRunner Map Task Executor #0] exec.SelectOperator: Initializing Operator: SEL[1]
2024-04-24T00:55:05,470  INFO [LocalJobRunner Map Task Executor #0] exec.SelectOperator: SELECT struct<a:int,b:int,input__file__name:string>
2024-04-24T00:55:05,470  INFO [LocalJobRunner Map Task Executor #0] exec.ReduceSinkOperator: Initializing Operator: RS[2]
2024-04-24T00:55:05,470  INFO [LocalJobRunner Map Task Executor #0] exec.ReduceSinkOperator: Using tag = -1
2024-04-24T00:55:05,471  INFO [LocalJobRunner Map Task Executor #0] exec.ReduceSinkOperator: keys are [reducesinkkey0, reducesinkkey1, reducesinkkey2] num distributions: 3
2024-04-24T00:55:05,471  INFO [LocalJobRunner Map Task Executor #0] exec.ReduceSinkOperator: RS[2]: records written - 1
2024-04-24T00:55:05,471  INFO [LocalJobRunner Map Task Executor #0] exec.MapOperator: MAP[0]: records read - 1
2024-04-24T00:55:05,471  INFO [LocalJobRunner Map Task Executor #0] exec.MapOperator: Closing Operator: MAP[0]
2024-04-24T00:55:05,471  INFO [LocalJobRunner Map Task Executor #0] exec.MapOperator: MAP[0]: Total records read - 1. abort - false
2024-04-24T00:55:05,471  INFO [LocalJobRunner Map Task Executor #0] exec.MapOperator: DESERIALIZE_ERRORS:0, RECORDS_OUT_OPERATOR_MAP_0:0, RECORDS_OUT_INTERMEDIATE:0, RECORDS_IN:1, 
2024-04-24T00:55:05,471  INFO [LocalJobRunner Map Task Executor #0] exec.TableScanOperator: Closing Operator: TS[0]
2024-04-24T00:55:05,471  INFO [LocalJobRunner Map Task Executor #0] exec.TableScanOperator: RECORDS_OUT_INTERMEDIATE:0, RECORDS_OUT_OPERATOR_TS_0:1, 
2024-04-24T00:55:05,471  INFO [LocalJobRunner Map Task Executor #0] exec.SelectOperator: Closing Operator: SEL[1]
2024-04-24T00:55:05,472  INFO [LocalJobRunner Map Task Executor #0] exec.SelectOperator: RECORDS_OUT_INTERMEDIATE:0, RECORDS_OUT_OPERATOR_SEL_1:1, 
2024-04-24T00:55:05,472  INFO [LocalJobRunner Map Task Executor #0] exec.ReduceSinkOperator: Closing Operator: RS[2]
2024-04-24T00:55:05,472  INFO [LocalJobRunner Map Task Executor #0] exec.ReduceSinkOperator: RS[2]: Total records written - 1. abort - false
2024-04-24T00:55:05,472  INFO [LocalJobRunner Map Task Executor #0] exec.ReduceSinkOperator: RECORDS_OUT_INTERMEDIATE:1, RECORDS_OUT_OPERATOR_RS_2:1, 
2024-04-24T00:55:05,472  INFO [LocalJobRunner Map Task Executor #0] mapred.LocalJobRunner: 
2024-04-24T00:55:05,472  INFO [LocalJobRunner Map Task Executor #0] mapred.MapTask: Starting flush of map output
2024-04-24T00:55:05,472  INFO [LocalJobRunner Map Task Executor #0] mapred.MapTask: Spilling map output
2024-04-24T00:55:05,472  INFO [LocalJobRunner Map Task Executor #0] mapred.MapTask: bufstart = 0; bufend = 146; bufvoid = 104857600
2024-04-24T00:55:05,472  INFO [LocalJobRunner Map Task Executor #0] mapred.MapTask: kvstart = 26214396(104857584); kvend = 26214396(104857584); length = 1/6553600
2024-04-24T00:55:05,481  INFO [LocalJobRunner Map Task Executor #0] mapred.MapTask: Finished spill 0
2024-04-24T00:55:05,484  INFO [LocalJobRunner Map Task Executor #0] mapred.Task: Task:attempt_local1759299959_0052_m_000003_0 is done. And is in the process of committing
2024-04-24T00:55:05,485  INFO [LocalJobRunner Map Task Executor #0] mapred.LocalJobRunner: map
2024-04-24T00:55:05,485  INFO [LocalJobRunner Map Task Executor #0] mapred.Task: Task 'attempt_local1759299959_0052_m_000003_0' done.
2024-04-24T00:55:05,485  INFO [LocalJobRunner Map Task Executor #0] mapred.Task: Final Counters for attempt_local1759299959_0052_m_000003_0: Counters: 24
	File System Counters
		FILE: Number of bytes read=1290322
		FILE: Number of bytes written=62547791
		FILE: Number of read operations=0
		FILE: Number of large read operations=0
		FILE: Number of write operations=0
	Map-Reduce Framework
		Map input records=1
		Map output records=1
		Map output bytes=146
		Map output materialized bytes=155
		Input split bytes=451
		Combine input records=0
		Spilled Records=1
		Failed Shuffles=0
		Merged Map outputs=0
		GC time elapsed (ms)=0
		Total committed heap usage (bytes)=1372585984
	HIVE
		DESERIALIZE_ERRORS=0
		RECORDS_IN=1
		RECORDS_OUT_INTERMEDIATE=1
		RECORDS_OUT_OPERATOR_MAP_0=0
		RECORDS_OUT_OPERATOR_RS_2=1
		RECORDS_OUT_OPERATOR_SEL_1=1
		RECORDS_OUT_OPERATOR_TS_0=1
	File Input Format Counters 
		Bytes Read=5917
2024-04-24T00:55:05,485  INFO [LocalJobRunner Map Task Executor #0] mapred.LocalJobRunner: Finishing task: attempt_local1759299959_0052_m_000003_0
2024-04-24T00:55:05,485  INFO [LocalJobRunner Map Task Executor #0] mapred.LocalJobRunner: Starting task: attempt_local1759299959_0052_m_000004_0
2024-04-24T00:55:05,485  INFO [LocalJobRunner Map Task Executor #0] mapred.Task:  Using ResourceCalculatorProcessTree : [ ]
2024-04-24T00:55:05,486  INFO [LocalJobRunner Map Task Executor #0] mapred.MapTask: Processing split: org.apache.hadoop.hive.ql.io.orc.OrcInputFormat:OrcSplit [file:/home/alex/Repositories/hive/ql/target/tmp/org.apache.hadoop.hive.ql.TestTxnNoBuckets-1713945183193/warehouse/t/000002_0, start=0, length=254, isOriginal=true, fileLength=254, hasFooter=false, hasBase=true, deltas=0]
2024-04-24T00:55:05,486  INFO [LocalJobRunner Map Task Executor #0] exec.SerializationUtilities: Deserializing MapWork using kryo
2024-04-24T00:55:05,486  INFO [LocalJobRunner Map Task Executor #0] exec.Utilities: Deserialized plan (via FILE) - name: null size: 4,79KB
2024-04-24T00:55:05,487  INFO [LocalJobRunner Map Task Executor #0] orc.ReaderImpl: Reading ORC rows from file:/home/alex/Repositories/hive/ql/target/tmp/org.apache.hadoop.hive.ql.TestTxnNoBuckets-1713945183193/warehouse/t/000002_0 with {include: [true, true, true], offset: 0, length: 254, schema: struct<a:int,b:int>, includeAcidColumns: true}
2024-04-24T00:55:05,488  INFO [LocalJobRunner Map Task Executor #0] mapred.MapTask: numReduceTasks: 1
2024-04-24T00:55:05,492  INFO [LocalJobRunner Map Task Executor #0] mapred.MapTask: (EQUATOR) 0 kvi 26214396(104857584)
2024-04-24T00:55:05,492  INFO [LocalJobRunner Map Task Executor #0] mapred.MapTask: mapreduce.task.io.sort.mb: 100
2024-04-24T00:55:05,492  INFO [LocalJobRunner Map Task Executor #0] mapred.MapTask: soft limit at 83886080
2024-04-24T00:55:05,492  INFO [LocalJobRunner Map Task Executor #0] mapred.MapTask: bufstart = 0; bufvoid = 104857600
2024-04-24T00:55:05,492  INFO [LocalJobRunner Map Task Executor #0] mapred.MapTask: kvstart = 26214396; length = 6553600
2024-04-24T00:55:05,492  INFO [LocalJobRunner Map Task Executor #0] mapred.MapTask: Map output collector class = org.apache.hadoop.mapred.MapTask$MapOutputBuffer
2024-04-24T00:55:05,493  INFO [LocalJobRunner Map Task Executor #0] exec.MapOperator: Initializing Operator: MAP[0]
2024-04-24T00:55:05,494  INFO [LocalJobRunner Map Task Executor #0] mr.ExecMapper: 
<MAP>Id =0
  <Children>null
  <\Children>
  <Parent><\Parent>
<\MAP>
2024-04-24T00:55:05,495  INFO [LocalJobRunner Map Task Executor #0] exec.TableScanOperator: Initializing Operator: TS[0]
2024-04-24T00:55:05,495  INFO [LocalJobRunner Map Task Executor #0] exec.SelectOperator: Initializing Operator: SEL[1]
2024-04-24T00:55:05,495  INFO [LocalJobRunner Map Task Executor #0] exec.SelectOperator: SELECT struct<a:int,b:int,input__file__name:string>
2024-04-24T00:55:05,495  INFO [LocalJobRunner Map Task Executor #0] exec.ReduceSinkOperator: Initializing Operator: RS[2]
2024-04-24T00:55:05,495  INFO [LocalJobRunner Map Task Executor #0] exec.ReduceSinkOperator: Using tag = -1
2024-04-24T00:55:05,495  INFO [LocalJobRunner Map Task Executor #0] exec.ReduceSinkOperator: keys are [reducesinkkey0, reducesinkkey1, reducesinkkey2] num distributions: 3
2024-04-24T00:55:05,495  INFO [LocalJobRunner Map Task Executor #0] exec.ReduceSinkOperator: RS[2]: records written - 1
2024-04-24T00:55:05,495  INFO [LocalJobRunner Map Task Executor #0] exec.MapOperator: MAP[0]: records read - 1
2024-04-24T00:55:05,496  INFO [LocalJobRunner Map Task Executor #0] exec.MapOperator: Closing Operator: MAP[0]
2024-04-24T00:55:05,496  INFO [LocalJobRunner Map Task Executor #0] exec.MapOperator: MAP[0]: Total records read - 2. abort - false
2024-04-24T00:55:05,496  INFO [LocalJobRunner Map Task Executor #0] exec.MapOperator: RECORDS_IN:2, DESERIALIZE_ERRORS:0, RECORDS_OUT_OPERATOR_MAP_0:0, RECORDS_OUT_INTERMEDIATE:0, 
2024-04-24T00:55:05,496  INFO [LocalJobRunner Map Task Executor #0] exec.TableScanOperator: Closing Operator: TS[0]
2024-04-24T00:55:05,496  INFO [LocalJobRunner Map Task Executor #0] exec.TableScanOperator: RECORDS_OUT_OPERATOR_TS_0:2, RECORDS_OUT_INTERMEDIATE:0, 
2024-04-24T00:55:05,496  INFO [LocalJobRunner Map Task Executor #0] exec.SelectOperator: Closing Operator: SEL[1]
2024-04-24T00:55:05,496  INFO [LocalJobRunner Map Task Executor #0] exec.SelectOperator: RECORDS_OUT_INTERMEDIATE:0, RECORDS_OUT_OPERATOR_SEL_1:2, 
2024-04-24T00:55:05,496  INFO [LocalJobRunner Map Task Executor #0] exec.ReduceSinkOperator: Closing Operator: RS[2]
2024-04-24T00:55:05,496  INFO [LocalJobRunner Map Task Executor #0] exec.ReduceSinkOperator: RS[2]: Total records written - 2. abort - false
2024-04-24T00:55:05,496  INFO [LocalJobRunner Map Task Executor #0] exec.ReduceSinkOperator: RECORDS_OUT_OPERATOR_RS_2:2, RECORDS_OUT_INTERMEDIATE:2, 
2024-04-24T00:55:05,497  INFO [LocalJobRunner Map Task Executor #0] mapred.LocalJobRunner: 
2024-04-24T00:55:05,497  INFO [LocalJobRunner Map Task Executor #0] mapred.MapTask: Starting flush of map output
2024-04-24T00:55:05,497  INFO [LocalJobRunner Map Task Executor #0] mapred.MapTask: Spilling map output
2024-04-24T00:55:05,497  INFO [LocalJobRunner Map Task Executor #0] mapred.MapTask: bufstart = 0; bufend = 292; bufvoid = 104857600
2024-04-24T00:55:05,497  INFO [LocalJobRunner Map Task Executor #0] mapred.MapTask: kvstart = 26214396(104857584); kvend = 26214392(104857568); length = 5/6553600
2024-04-24T00:55:05,505  INFO [LocalJobRunner Map Task Executor #0] mapred.MapTask: Finished spill 0
2024-04-24T00:55:05,508  INFO [LocalJobRunner Map Task Executor #0] mapred.Task: Task:attempt_local1759299959_0052_m_000004_0 is done. And is in the process of committing
2024-04-24T00:55:05,509  INFO [LocalJobRunner Map Task Executor #0] mapred.LocalJobRunner: map
2024-04-24T00:55:05,509  INFO [LocalJobRunner Map Task Executor #0] mapred.Task: Task 'attempt_local1759299959_0052_m_000004_0' done.
2024-04-24T00:55:05,509  INFO [LocalJobRunner Map Task Executor #0] mapred.Task: Final Counters for attempt_local1759299959_0052_m_000004_0: Counters: 24
	File System Counters
		FILE: Number of bytes read=1297977
		FILE: Number of bytes written=62548127
		FILE: Number of read operations=0
		FILE: Number of large read operations=0
		FILE: Number of write operations=0
	Map-Reduce Framework
		Map input records=2
		Map output records=2
		Map output bytes=292
		Map output materialized bytes=304
		Input split bytes=451
		Combine input records=0
		Spilled Records=2
		Failed Shuffles=0
		Merged Map outputs=0
		GC time elapsed (ms)=0
		Total committed heap usage (bytes)=1372585984
	HIVE
		DESERIALIZE_ERRORS=0
		RECORDS_IN=2
		RECORDS_OUT_INTERMEDIATE=2
		RECORDS_OUT_OPERATOR_MAP_0=0
		RECORDS_OUT_OPERATOR_RS_2=2
		RECORDS_OUT_OPERATOR_SEL_1=2
		RECORDS_OUT_OPERATOR_TS_0=2
	File Input Format Counters 
		Bytes Read=5917
2024-04-24T00:55:05,509  INFO [LocalJobRunner Map Task Executor #0] mapred.LocalJobRunner: Finishing task: attempt_local1759299959_0052_m_000004_0
2024-04-24T00:55:05,509  INFO [LocalJobRunner Map Task Executor #0] mapred.LocalJobRunner: Starting task: attempt_local1759299959_0052_m_000005_0
2024-04-24T00:55:05,509  INFO [LocalJobRunner Map Task Executor #0] mapred.Task:  Using ResourceCalculatorProcessTree : [ ]
2024-04-24T00:55:05,510  INFO [LocalJobRunner Map Task Executor #0] mapred.MapTask: Processing split: org.apache.hadoop.hive.ql.io.orc.OrcInputFormat:OrcSplit [file:/home/alex/Repositories/hive/ql/target/tmp/org.apache.hadoop.hive.ql.TestTxnNoBuckets-1713945183193/warehouse/t/HIVE_UNION_SUBDIR_16/000000_0, start=0, length=254, isOriginal=true, fileLength=254, hasFooter=false, hasBase=true, deltas=0]
2024-04-24T00:55:05,510  INFO [LocalJobRunner Map Task Executor #0] exec.SerializationUtilities: Deserializing MapWork using kryo
2024-04-24T00:55:05,511  INFO [LocalJobRunner Map Task Executor #0] exec.Utilities: Deserialized plan (via FILE) - name: null size: 4,79KB
2024-04-24T00:55:05,511  INFO [LocalJobRunner Map Task Executor #0] orc.ReaderImpl: Reading ORC rows from file:/home/alex/Repositories/hive/ql/target/tmp/org.apache.hadoop.hive.ql.TestTxnNoBuckets-1713945183193/warehouse/t/HIVE_UNION_SUBDIR_16/000000_0 with {include: [true, true, true], offset: 0, length: 254, schema: struct<a:int,b:int>, includeAcidColumns: true}
2024-04-24T00:55:05,512  INFO [LocalJobRunner Map Task Executor #0] mapred.MapTask: numReduceTasks: 1
2024-04-24T00:55:05,516  INFO [LocalJobRunner Map Task Executor #0] mapred.MapTask: (EQUATOR) 0 kvi 26214396(104857584)
2024-04-24T00:55:05,516  INFO [LocalJobRunner Map Task Executor #0] mapred.MapTask: mapreduce.task.io.sort.mb: 100
2024-04-24T00:55:05,516  INFO [LocalJobRunner Map Task Executor #0] mapred.MapTask: soft limit at 83886080
2024-04-24T00:55:05,516  INFO [LocalJobRunner Map Task Executor #0] mapred.MapTask: bufstart = 0; bufvoid = 104857600
2024-04-24T00:55:05,516  INFO [LocalJobRunner Map Task Executor #0] mapred.MapTask: kvstart = 26214396; length = 6553600
2024-04-24T00:55:05,517  INFO [LocalJobRunner Map Task Executor #0] mapred.MapTask: Map output collector class = org.apache.hadoop.mapred.MapTask$MapOutputBuffer
2024-04-24T00:55:05,517  INFO [LocalJobRunner Map Task Executor #0] exec.MapOperator: Initializing Operator: MAP[0]
2024-04-24T00:55:05,518  INFO [LocalJobRunner Map Task Executor #0] mr.ExecMapper: 
<MAP>Id =0
  <Children>null
  <\Children>
  <Parent><\Parent>
<\MAP>
2024-04-24T00:55:05,519  INFO [LocalJobRunner Map Task Executor #0] exec.TableScanOperator: Initializing Operator: TS[0]
2024-04-24T00:55:05,519  INFO [LocalJobRunner Map Task Executor #0] exec.SelectOperator: Initializing Operator: SEL[1]
2024-04-24T00:55:05,519  INFO [LocalJobRunner Map Task Executor #0] exec.SelectOperator: SELECT struct<a:int,b:int,input__file__name:string>
2024-04-24T00:55:05,519  INFO [LocalJobRunner Map Task Executor #0] exec.ReduceSinkOperator: Initializing Operator: RS[2]
2024-04-24T00:55:05,519  INFO [LocalJobRunner Map Task Executor #0] exec.ReduceSinkOperator: Using tag = -1
2024-04-24T00:55:05,520  INFO [LocalJobRunner Map Task Executor #0] exec.ReduceSinkOperator: keys are [reducesinkkey0, reducesinkkey1, reducesinkkey2] num distributions: 3
2024-04-24T00:55:05,520  INFO [LocalJobRunner Map Task Executor #0] exec.ReduceSinkOperator: RS[2]: records written - 1
2024-04-24T00:55:05,520  INFO [LocalJobRunner Map Task Executor #0] exec.MapOperator: MAP[0]: records read - 1
2024-04-24T00:55:05,520  INFO [LocalJobRunner Map Task Executor #0] exec.MapOperator: Closing Operator: MAP[0]
2024-04-24T00:55:05,520  INFO [LocalJobRunner Map Task Executor #0] exec.MapOperator: MAP[0]: Total records read - 1. abort - false
2024-04-24T00:55:05,520  INFO [LocalJobRunner Map Task Executor #0] exec.MapOperator: RECORDS_OUT_OPERATOR_MAP_0:0, RECORDS_OUT_INTERMEDIATE:0, DESERIALIZE_ERRORS:0, RECORDS_IN:1, 
2024-04-24T00:55:05,520  INFO [LocalJobRunner Map Task Executor #0] exec.TableScanOperator: Closing Operator: TS[0]
2024-04-24T00:55:05,520  INFO [LocalJobRunner Map Task Executor #0] exec.TableScanOperator: RECORDS_OUT_INTERMEDIATE:0, RECORDS_OUT_OPERATOR_TS_0:1, 
2024-04-24T00:55:05,520  INFO [LocalJobRunner Map Task Executor #0] exec.SelectOperator: Closing Operator: SEL[1]
2024-04-24T00:55:05,520  INFO [LocalJobRunner Map Task Executor #0] exec.SelectOperator: RECORDS_OUT_OPERATOR_SEL_1:1, RECORDS_OUT_INTERMEDIATE:0, 
2024-04-24T00:55:05,520  INFO [LocalJobRunner Map Task Executor #0] exec.ReduceSinkOperator: Closing Operator: RS[2]
2024-04-24T00:55:05,520  INFO [LocalJobRunner Map Task Executor #0] exec.ReduceSinkOperator: RS[2]: Total records written - 1. abort - false
2024-04-24T00:55:05,521  INFO [LocalJobRunner Map Task Executor #0] exec.ReduceSinkOperator: RECORDS_OUT_INTERMEDIATE:1, RECORDS_OUT_OPERATOR_RS_2:1, 
2024-04-24T00:55:05,521  INFO [LocalJobRunner Map Task Executor #0] mapred.LocalJobRunner: 
2024-04-24T00:55:05,521  INFO [LocalJobRunner Map Task Executor #0] mapred.MapTask: Starting flush of map output
2024-04-24T00:55:05,521  INFO [LocalJobRunner Map Task Executor #0] mapred.MapTask: Spilling map output
2024-04-24T00:55:05,521  INFO [LocalJobRunner Map Task Executor #0] mapred.MapTask: bufstart = 0; bufend = 167; bufvoid = 104857600
2024-04-24T00:55:05,521  INFO [LocalJobRunner Map Task Executor #0] mapred.MapTask: kvstart = 26214396(104857584); kvend = 26214396(104857584); length = 1/6553600
2024-04-24T00:55:05,530  INFO [LocalJobRunner Map Task Executor #0] mapred.MapTask: Finished spill 0
2024-04-24T00:55:05,533  INFO [LocalJobRunner Map Task Executor #0] mapred.Task: Task:attempt_local1759299959_0052_m_000005_0 is done. And is in the process of committing
2024-04-24T00:55:05,533  INFO [LocalJobRunner Map Task Executor #0] mapred.LocalJobRunner: map
2024-04-24T00:55:05,533  INFO [LocalJobRunner Map Task Executor #0] mapred.Task: Task 'attempt_local1759299959_0052_m_000005_0' done.
2024-04-24T00:55:05,533  INFO [LocalJobRunner Map Task Executor #0] mapred.Task: Final Counters for attempt_local1759299959_0052_m_000005_0: Counters: 24
	File System Counters
		FILE: Number of bytes read=1305120
		FILE: Number of bytes written=62548335
		FILE: Number of read operations=0
		FILE: Number of large read operations=0
		FILE: Number of write operations=0
	Map-Reduce Framework
		Map input records=1
		Map output records=1
		Map output bytes=167
		Map output materialized bytes=176
		Input split bytes=473
		Combine input records=0
		Spilled Records=1
		Failed Shuffles=0
		Merged Map outputs=0
		GC time elapsed (ms)=0
		Total committed heap usage (bytes)=1372585984
	HIVE
		DESERIALIZE_ERRORS=0
		RECORDS_IN=1
		RECORDS_OUT_INTERMEDIATE=1
		RECORDS_OUT_OPERATOR_MAP_0=0
		RECORDS_OUT_OPERATOR_RS_2=1
		RECORDS_OUT_OPERATOR_SEL_1=1
		RECORDS_OUT_OPERATOR_TS_0=1
	File Input Format Counters 
		Bytes Read=5917
2024-04-24T00:55:05,533  INFO [LocalJobRunner Map Task Executor #0] mapred.LocalJobRunner: Finishing task: attempt_local1759299959_0052_m_000005_0
2024-04-24T00:55:05,533  INFO [LocalJobRunner Map Task Executor #0] mapred.LocalJobRunner: Starting task: attempt_local1759299959_0052_m_000006_0
2024-04-24T00:55:05,534  INFO [LocalJobRunner Map Task Executor #0] mapred.Task:  Using ResourceCalculatorProcessTree : [ ]
2024-04-24T00:55:05,534  INFO [LocalJobRunner Map Task Executor #0] mapred.MapTask: Processing split: org.apache.hadoop.hive.ql.io.orc.OrcInputFormat:OrcSplit [file:/home/alex/Repositories/hive/ql/target/tmp/org.apache.hadoop.hive.ql.TestTxnNoBuckets-1713945183193/warehouse/t/000000_0_copy_1, start=0, length=241, isOriginal=true, fileLength=241, hasFooter=false, hasBase=true, deltas=0]
2024-04-24T00:55:05,535  INFO [LocalJobRunner Map Task Executor #0] exec.SerializationUtilities: Deserializing MapWork using kryo
2024-04-24T00:55:05,535  INFO [LocalJobRunner Map Task Executor #0] exec.Utilities: Deserialized plan (via FILE) - name: null size: 4,79KB
2024-04-24T00:55:05,536  INFO [LocalJobRunner Map Task Executor #0] orc.ReaderImpl: Reading ORC rows from file:/home/alex/Repositories/hive/ql/target/tmp/org.apache.hadoop.hive.ql.TestTxnNoBuckets-1713945183193/warehouse/t/000000_0_copy_1 with {include: [true, true, true], offset: 0, length: 241, schema: struct<a:int,b:int>, includeAcidColumns: true}
2024-04-24T00:55:05,536  INFO [LocalJobRunner Map Task Executor #0] mapred.MapTask: numReduceTasks: 1
2024-04-24T00:55:05,545  INFO [LocalJobRunner Map Task Executor #0] mapred.MapTask: (EQUATOR) 0 kvi 26214396(104857584)
2024-04-24T00:55:05,546  INFO [LocalJobRunner Map Task Executor #0] mapred.MapTask: mapreduce.task.io.sort.mb: 100
2024-04-24T00:55:05,546  INFO [LocalJobRunner Map Task Executor #0] mapred.MapTask: soft limit at 83886080
2024-04-24T00:55:05,546  INFO [LocalJobRunner Map Task Executor #0] mapred.MapTask: bufstart = 0; bufvoid = 104857600
2024-04-24T00:55:05,546  INFO [LocalJobRunner Map Task Executor #0] mapred.MapTask: kvstart = 26214396; length = 6553600
2024-04-24T00:55:05,546  INFO [LocalJobRunner Map Task Executor #0] mapred.MapTask: Map output collector class = org.apache.hadoop.mapred.MapTask$MapOutputBuffer
2024-04-24T00:55:05,546  INFO [LocalJobRunner Map Task Executor #0] exec.MapOperator: Initializing Operator: MAP[0]
2024-04-24T00:55:05,547  INFO [LocalJobRunner Map Task Executor #0] mr.ExecMapper: 
<MAP>Id =0
  <Children>null
  <\Children>
  <Parent><\Parent>
<\MAP>
2024-04-24T00:55:05,548  INFO [LocalJobRunner Map Task Executor #0] exec.TableScanOperator: Initializing Operator: TS[0]
2024-04-24T00:55:05,548  INFO [LocalJobRunner Map Task Executor #0] exec.SelectOperator: Initializing Operator: SEL[1]
2024-04-24T00:55:05,548  INFO [LocalJobRunner Map Task Executor #0] exec.SelectOperator: SELECT struct<a:int,b:int,input__file__name:string>
2024-04-24T00:55:05,548  INFO [LocalJobRunner Map Task Executor #0] exec.ReduceSinkOperator: Initializing Operator: RS[2]
2024-04-24T00:55:05,548  INFO [LocalJobRunner Map Task Executor #0] exec.ReduceSinkOperator: Using tag = -1
2024-04-24T00:55:05,549  INFO [LocalJobRunner Map Task Executor #0] exec.ReduceSinkOperator: keys are [reducesinkkey0, reducesinkkey1, reducesinkkey2] num distributions: 3
2024-04-24T00:55:05,549  INFO [LocalJobRunner Map Task Executor #0] exec.ReduceSinkOperator: RS[2]: records written - 1
2024-04-24T00:55:05,549  INFO [LocalJobRunner Map Task Executor #0] exec.MapOperator: MAP[0]: records read - 1
2024-04-24T00:55:05,549  INFO [LocalJobRunner Map Task Executor #0] exec.MapOperator: Closing Operator: MAP[0]
2024-04-24T00:55:05,549  INFO [LocalJobRunner Map Task Executor #0] exec.MapOperator: MAP[0]: Total records read - 1. abort - false
2024-04-24T00:55:05,549  INFO [LocalJobRunner Map Task Executor #0] exec.MapOperator: RECORDS_OUT_INTERMEDIATE:0, DESERIALIZE_ERRORS:0, RECORDS_IN:1, RECORDS_OUT_OPERATOR_MAP_0:0, 
2024-04-24T00:55:05,549  INFO [LocalJobRunner Map Task Executor #0] exec.TableScanOperator: Closing Operator: TS[0]
2024-04-24T00:55:05,549  INFO [LocalJobRunner Map Task Executor #0] exec.TableScanOperator: RECORDS_OUT_OPERATOR_TS_0:1, RECORDS_OUT_INTERMEDIATE:0, 
2024-04-24T00:55:05,549  INFO [LocalJobRunner Map Task Executor #0] exec.SelectOperator: Closing Operator: SEL[1]
2024-04-24T00:55:05,549  INFO [LocalJobRunner Map Task Executor #0] exec.SelectOperator: RECORDS_OUT_OPERATOR_SEL_1:1, RECORDS_OUT_INTERMEDIATE:0, 
2024-04-24T00:55:05,549  INFO [LocalJobRunner Map Task Executor #0] exec.ReduceSinkOperator: Closing Operator: RS[2]
2024-04-24T00:55:05,549  INFO [LocalJobRunner Map Task Executor #0] exec.ReduceSinkOperator: RS[2]: Total records written - 1. abort - false
2024-04-24T00:55:05,549  INFO [LocalJobRunner Map Task Executor #0] exec.ReduceSinkOperator: RECORDS_OUT_INTERMEDIATE:1, RECORDS_OUT_OPERATOR_RS_2:1, 
2024-04-24T00:55:05,550  INFO [LocalJobRunner Map Task Executor #0] mapred.LocalJobRunner: 
2024-04-24T00:55:05,550  INFO [LocalJobRunner Map Task Executor #0] mapred.MapTask: Starting flush of map output
2024-04-24T00:55:05,550  INFO [LocalJobRunner Map Task Executor #0] mapred.MapTask: Spilling map output
2024-04-24T00:55:05,550  INFO [LocalJobRunner Map Task Executor #0] mapred.MapTask: bufstart = 0; bufend = 153; bufvoid = 104857600
2024-04-24T00:55:05,550  INFO [LocalJobRunner Map Task Executor #0] mapred.MapTask: kvstart = 26214396(104857584); kvend = 26214396(104857584); length = 1/6553600
2024-04-24T00:55:05,558  INFO [LocalJobRunner Map Task Executor #0] mapred.MapTask: Finished spill 0
2024-04-24T00:55:05,561  INFO [LocalJobRunner Map Task Executor #0] mapred.Task: Task:attempt_local1759299959_0052_m_000006_0 is done. And is in the process of committing
2024-04-24T00:55:05,562  INFO [LocalJobRunner Map Task Executor #0] mapred.LocalJobRunner: map
2024-04-24T00:55:05,562  INFO [LocalJobRunner Map Task Executor #0] mapred.Task: Task 'attempt_local1759299959_0052_m_000006_0' done.
2024-04-24T00:55:05,562  INFO [LocalJobRunner Map Task Executor #0] mapred.Task: Final Counters for attempt_local1759299959_0052_m_000006_0: Counters: 24
	File System Counters
		FILE: Number of bytes read=1311699
		FILE: Number of bytes written=62548529
		FILE: Number of read operations=0
		FILE: Number of large read operations=0
		FILE: Number of write operations=0
	Map-Reduce Framework
		Map input records=1
		Map output records=1
		Map output bytes=153
		Map output materialized bytes=162
		Input split bytes=459
		Combine input records=0
		Spilled Records=1
		Failed Shuffles=0
		Merged Map outputs=0
		GC time elapsed (ms)=5
		Total committed heap usage (bytes)=1389887488
	HIVE
		DESERIALIZE_ERRORS=0
		RECORDS_IN=1
		RECORDS_OUT_INTERMEDIATE=1
		RECORDS_OUT_OPERATOR_MAP_0=0
		RECORDS_OUT_OPERATOR_RS_2=1
		RECORDS_OUT_OPERATOR_SEL_1=1
		RECORDS_OUT_OPERATOR_TS_0=1
	File Input Format Counters 
		Bytes Read=5865
2024-04-24T00:55:05,562  INFO [LocalJobRunner Map Task Executor #0] mapred.LocalJobRunner: Finishing task: attempt_local1759299959_0052_m_000006_0
2024-04-24T00:55:05,562  INFO [Thread-3345] mapred.LocalJobRunner: map task executor complete.
2024-04-24T00:55:05,563  INFO [Thread-3345] mapred.LocalJobRunner: Waiting for reduce tasks
2024-04-24T00:55:05,563  INFO [pool-223-thread-1] mapred.LocalJobRunner: Starting task: attempt_local1759299959_0052_r_000000_0
2024-04-24T00:55:05,564  INFO [pool-223-thread-1] mapred.Task:  Using ResourceCalculatorProcessTree : [ ]
2024-04-24T00:55:05,564  INFO [pool-223-thread-1] mapred.ReduceTask: Using ShuffleConsumerPlugin: org.apache.hadoop.mapreduce.task.reduce.Shuffle@65740adc
2024-04-24T00:55:05,564  WARN [pool-223-thread-1] impl.MetricsSystemImpl: JobTracker metrics system already initialized!
2024-04-24T00:55:05,565  INFO [pool-223-thread-1] reduce.MergeManagerImpl: MergerManager: memoryLimit=1336252800, maxSingleShuffleLimit=334063200, mergeThreshold=881926912, ioSortFactor=10, memToMemMergeOutputsThreshold=10
2024-04-24T00:55:05,565  INFO [EventFetcher for fetching Map Completion Events] reduce.EventFetcher: attempt_local1759299959_0052_r_000000_0 Thread started: EventFetcher for fetching Map Completion Events
2024-04-24T00:55:05,569  INFO [localfetcher#32] reduce.LocalFetcher: localfetcher#32 about to shuffle output of map attempt_local1759299959_0052_m_000002_0 decomp: 300 len: 304 to MEMORY
2024-04-24T00:55:05,569  INFO [localfetcher#32] reduce.InMemoryMapOutput: Read 300 bytes from map-output for attempt_local1759299959_0052_m_000002_0
2024-04-24T00:55:05,569  INFO [localfetcher#32] reduce.MergeManagerImpl: closeInMemoryFile -> map-output of size: 300, inMemoryMapOutputs.size() -> 1, commitMemory -> 0, usedMemory ->300
2024-04-24T00:55:05,573  INFO [localfetcher#32] reduce.LocalFetcher: localfetcher#32 about to shuffle output of map attempt_local1759299959_0052_m_000005_0 decomp: 172 len: 176 to MEMORY
2024-04-24T00:55:05,573  INFO [localfetcher#32] reduce.InMemoryMapOutput: Read 172 bytes from map-output for attempt_local1759299959_0052_m_000005_0
2024-04-24T00:55:05,573  INFO [localfetcher#32] reduce.MergeManagerImpl: closeInMemoryFile -> map-output of size: 172, inMemoryMapOutputs.size() -> 2, commitMemory -> 300, usedMemory ->472
2024-04-24T00:55:05,576  INFO [localfetcher#32] reduce.LocalFetcher: localfetcher#32 about to shuffle output of map attempt_local1759299959_0052_m_000004_0 decomp: 300 len: 304 to MEMORY
2024-04-24T00:55:05,576  INFO [localfetcher#32] reduce.InMemoryMapOutput: Read 300 bytes from map-output for attempt_local1759299959_0052_m_000004_0
2024-04-24T00:55:05,576  INFO [localfetcher#32] reduce.MergeManagerImpl: closeInMemoryFile -> map-output of size: 300, inMemoryMapOutputs.size() -> 3, commitMemory -> 472, usedMemory ->772
2024-04-24T00:55:05,578  INFO [localfetcher#32] reduce.LocalFetcher: localfetcher#32 about to shuffle output of map attempt_local1759299959_0052_m_000006_0 decomp: 158 len: 162 to MEMORY
2024-04-24T00:55:05,579  INFO [localfetcher#32] reduce.InMemoryMapOutput: Read 158 bytes from map-output for attempt_local1759299959_0052_m_000006_0
2024-04-24T00:55:05,579  INFO [localfetcher#32] reduce.MergeManagerImpl: closeInMemoryFile -> map-output of size: 158, inMemoryMapOutputs.size() -> 4, commitMemory -> 772, usedMemory ->930
2024-04-24T00:55:05,581  INFO [localfetcher#32] reduce.LocalFetcher: localfetcher#32 about to shuffle output of map attempt_local1759299959_0052_m_000003_0 decomp: 151 len: 155 to MEMORY
2024-04-24T00:55:05,581  INFO [localfetcher#32] reduce.InMemoryMapOutput: Read 151 bytes from map-output for attempt_local1759299959_0052_m_000003_0
2024-04-24T00:55:05,581  INFO [localfetcher#32] reduce.MergeManagerImpl: closeInMemoryFile -> map-output of size: 151, inMemoryMapOutputs.size() -> 5, commitMemory -> 930, usedMemory ->1081
2024-04-24T00:55:05,584  INFO [localfetcher#32] reduce.LocalFetcher: localfetcher#32 about to shuffle output of map attempt_local1759299959_0052_m_000001_0 decomp: 342 len: 346 to MEMORY
2024-04-24T00:55:05,584  INFO [localfetcher#32] reduce.InMemoryMapOutput: Read 342 bytes from map-output for attempt_local1759299959_0052_m_000001_0
2024-04-24T00:55:05,584  INFO [localfetcher#32] reduce.MergeManagerImpl: closeInMemoryFile -> map-output of size: 342, inMemoryMapOutputs.size() -> 6, commitMemory -> 1081, usedMemory ->1423
2024-04-24T00:55:05,587  INFO [localfetcher#32] reduce.LocalFetcher: localfetcher#32 about to shuffle output of map attempt_local1759299959_0052_m_000000_0 decomp: 172 len: 176 to MEMORY
2024-04-24T00:55:05,587  INFO [localfetcher#32] reduce.InMemoryMapOutput: Read 172 bytes from map-output for attempt_local1759299959_0052_m_000000_0
2024-04-24T00:55:05,587  INFO [localfetcher#32] reduce.MergeManagerImpl: closeInMemoryFile -> map-output of size: 172, inMemoryMapOutputs.size() -> 7, commitMemory -> 1423, usedMemory ->1595
2024-04-24T00:55:05,587  INFO [EventFetcher for fetching Map Completion Events] reduce.EventFetcher: EventFetcher is interrupted.. Returning
2024-04-24T00:55:05,588  INFO [pool-223-thread-1] mapred.LocalJobRunner: 7 / 7 copied.
2024-04-24T00:55:05,588  INFO [pool-223-thread-1] reduce.MergeManagerImpl: finalMerge called with 7 in-memory map-outputs and 0 on-disk map-outputs
2024-04-24T00:55:05,595  INFO [pool-223-thread-1] mapred.Merger: Merging 7 sorted segments
2024-04-24T00:55:05,595  INFO [pool-223-thread-1] mapred.Merger: Down to the last merge-pass, with 7 segments left of total size: 510 bytes
2024-04-24T00:55:05,602  INFO [pool-223-thread-1] reduce.MergeManagerImpl: Merged 7 segments, 1595 bytes to disk to satisfy reduce memory limit
2024-04-24T00:55:05,602  INFO [pool-223-thread-1] reduce.MergeManagerImpl: Merging 1 files, 1587 bytes from disk
2024-04-24T00:55:05,603  INFO [pool-223-thread-1] reduce.MergeManagerImpl: Merging 0 segments, 0 bytes from memory into reduce
2024-04-24T00:55:05,603  INFO [pool-223-thread-1] mapred.Merger: Merging 1 sorted segments
2024-04-24T00:55:05,603  INFO [pool-223-thread-1] mapred.Merger: Down to the last merge-pass, with 1 segments left of total size: 1438 bytes
2024-04-24T00:55:05,603  INFO [pool-223-thread-1] mapred.LocalJobRunner: 7 / 7 copied.
2024-04-24T00:55:05,604  INFO [pool-223-thread-1] exec.SerializationUtilities: Deserializing ReduceWork using kryo
2024-04-24T00:55:05,605  INFO [pool-223-thread-1] exec.Utilities: Deserialized plan (via FILE) - name: null size: 5,69KB
2024-04-24T00:55:05,607  INFO [pool-223-thread-1] ExecReducer: 
<SEL>Id =3
  <Children>
    <FS>Id =4
      <Children>
      <\Children>
      <Parent>Id = 3 null<\Parent>
    <\FS>
  <\Children>
  <Parent><\Parent>
<\SEL>
2024-04-24T00:55:05,608  INFO [pool-223-thread-1] exec.SelectOperator: Initializing Operator: SEL[3]
2024-04-24T00:55:05,608  INFO [pool-223-thread-1] exec.SelectOperator: SELECT struct<key:struct<reducesinkkey0:int,reducesinkkey1:int,reducesinkkey2:string>,value:struct<>>
2024-04-24T00:55:05,608  INFO [pool-223-thread-1] exec.FileSinkOperator: Initializing Operator: FS[4]
2024-04-24T00:55:05,609  INFO [pool-223-thread-1] exec.FileSinkOperator: Using serializer : class org.apache.hadoop.hive.serde2.lazy.LazySimpleSerDe [serdeParams=org.apache.hadoop.hive.serde2.lazy.LazySerDeParameters@6c1448a3, cachedObjectInspector=org.apache.hadoop.hive.serde2.lazy.objectinspector.LazySimpleStructObjectInspector<org.apache.hadoop.hive.serde2.lazy.objectinspector.primitive.LazyIntObjectInspector@4870d2e1,org.apache.hadoop.hive.serde2.lazy.objectinspector.primitive.LazyIntObjectInspector@4870d2e1,org.apache.hadoop.hive.serde2.lazy.objectinspector.primitive.LazyStringObjectInspector@361065d1>, serializedSize=0, stats=org.apache.hadoop.hive.serde2.SerDeStats@65a1099, lastOperationSerialize=false, lastOperationDeserialize=false [1, 2, 3, 4, 5, 6, 7, 8, 11, 14, 15, 16, 17, 18, 19, 20, 21, 22, 23, 24, 25, 26, 28, 29, 30, 31, -128, -127, -126, -125, -124, -123, -122, -121, -120, -119, -118, -117, -116, -115, -114, -113, -112, -111, -110, -109, -108, -107, -106, -105, -104, -103, -102, -101, -100, -99, -98, -97, -96, -95, -94, -93, -92, -91, -90, -89, -88, -87, -86, -85, -84, -83, -82, -81, -80, -79, -78, -77, -76, -75, -74, -73, -72, -71, -70, -69, -68, -67, -66, -65, -64, -63, -62, -61, -60, -59, -58, -57, -56, -55, -54, -53, -52, -51, -50, -49, -48, -47, -46, -45, -44, -43, -42, -41, -40, -39, -38, -37, -36, -35, -34, -33, -32, -31, -30, -29, -28, -27, -26, -25, -24, -23, -22, -21, -20, -19, -18, -17, -16, -15, -14, -13, -12, -11, -10, -9, -8, -7, -6, -5, -4, -3, -2, -1] : [_col0, _col1, _col2] : [int, int, string]] and formatter : org.apache.hadoop.hive.ql.io.HiveSequenceFileOutputFormat@c675529
2024-04-24T00:55:05,610  INFO [pool-223-thread-1] exec.FileSinkOperator: Final Path: FS file:/home/alex/Repositories/hive/ql/target/tmp/localscratchdir/d722f3ca-04ab-4562-aceb-d9034f7af316/hive_2024-04-24_00-55-04_915_5343160610755244289-1/-mr-10001/.hive-staging_hive_2024-04-24_00-55-04_915_5343160610755244289-1/_tmp.-ext-10002/000000_0
2024-04-24T00:55:05,610  INFO [pool-223-thread-1] exec.FileSinkOperator: Writing to temp file: FS file:/home/alex/Repositories/hive/ql/target/tmp/localscratchdir/d722f3ca-04ab-4562-aceb-d9034f7af316/hive_2024-04-24_00-55-04_915_5343160610755244289-1/-mr-10001/.hive-staging_hive_2024-04-24_00-55-04_915_5343160610755244289-1/_task_tmp.-ext-10002/_tmp.000000_0
2024-04-24T00:55:05,610  INFO [pool-223-thread-1] exec.FileSinkOperator: New Final Path: FS file:/home/alex/Repositories/hive/ql/target/tmp/localscratchdir/d722f3ca-04ab-4562-aceb-d9034f7af316/hive_2024-04-24_00-55-04_915_5343160610755244289-1/-mr-10001/.hive-staging_hive_2024-04-24_00-55-04_915_5343160610755244289-1/_tmp.-ext-10002/000000_0
2024-04-24T00:55:05,630  INFO [pool-223-thread-1] exec.FileSinkOperator: FS[4]: records written - 1
2024-04-24T00:55:05,632  INFO [pool-223-thread-1] exec.FileSinkOperator: FS[4]: records written - 10
2024-04-24T00:55:05,632  INFO [pool-223-thread-1] exec.SelectOperator: Closing Operator: SEL[3]
2024-04-24T00:55:05,632  INFO [pool-223-thread-1] exec.SelectOperator: RECORDS_OUT_OPERATOR_SEL_3:10, RECORDS_OUT_INTERMEDIATE:0, 
2024-04-24T00:55:05,632  INFO [pool-223-thread-1] exec.FileSinkOperator: Closing Operator: FS[4]
2024-04-24T00:55:05,632  INFO [pool-223-thread-1] exec.FileSinkOperator: FS[4]: records written - 10
2024-04-24T00:55:05,633  INFO [pool-223-thread-1] exec.FileSinkOperator: RECORDS_OUT_INTERMEDIATE:0, RECORDS_OUT_0:10, RECORDS_OUT_OPERATOR_FS_4:10, 
2024-04-24T00:55:05,634  INFO [pool-223-thread-1] mapred.Task: Task:attempt_local1759299959_0052_r_000000_0 is done. And is in the process of committing
2024-04-24T00:55:05,635  INFO [pool-223-thread-1] mapred.LocalJobRunner: reduce > reduce
2024-04-24T00:55:05,635  INFO [pool-223-thread-1] mapred.Task: Task 'attempt_local1759299959_0052_r_000000_0' done.
2024-04-24T00:55:05,635  INFO [pool-223-thread-1] mapred.Task: Final Counters for attempt_local1759299959_0052_r_000000_0: Counters: 29
	File System Counters
		FILE: Number of bytes read=1320887
		FILE: Number of bytes written=62551759
		FILE: Number of read operations=0
		FILE: Number of large read operations=0
		FILE: Number of write operations=0
	Map-Reduce Framework
		Combine input records=0
		Combine output records=0
		Reduce input groups=10
		Reduce shuffle bytes=1623
		Reduce input records=10
		Reduce output records=0
		Spilled Records=10
		Shuffled Maps =7
		Failed Shuffles=0
		Merged Map outputs=7
		GC time elapsed (ms)=0
		Total committed heap usage (bytes)=1389887488
	HIVE
		CREATED_FILES=1
		RECORDS_OUT_0=10
		RECORDS_OUT_INTERMEDIATE=0
		RECORDS_OUT_OPERATOR_FS_4=10
		RECORDS_OUT_OPERATOR_SEL_3=10
	Shuffle Errors
		BAD_ID=0
		CONNECTION=0
		IO_ERROR=0
		WRONG_LENGTH=0
		WRONG_MAP=0
		WRONG_REDUCE=0
	File Output Format Counters 
		Bytes Written=0
2024-04-24T00:55:05,635  INFO [pool-223-thread-1] mapred.LocalJobRunner: Finishing task: attempt_local1759299959_0052_r_000000_0
2024-04-24T00:55:05,635  INFO [Thread-3345] mapred.LocalJobRunner: reduce task executor complete.
2024-04-24 00:55:06,354 Stage-1 map = 100%,  reduce = 100%
2024-04-24T00:55:06,354  INFO [main] exec.Task: 2024-04-24 00:55:06,354 Stage-1 map = 100%,  reduce = 100%
Ended Job = job_local1759299959_0052
2024-04-24T00:55:06,356  INFO [main] exec.Task: Ended Job = job_local1759299959_0052
2024-04-24T00:55:06,357  INFO [main] metadata.Hive: Dumping metastore api call timing information for : execution phase
2024-04-24T00:55:06,358  INFO [main] metadata.Hive: Total time spent in each metastore function (ms): {}
MapReduce Jobs Launched: 
2024-04-24T00:55:06,358  INFO [main] ql.Driver: MapReduce Jobs Launched: 
Stage-Stage-1:  HDFS Read: 0 HDFS Write: 0 SUCCESS
2024-04-24T00:55:06,358  INFO [main] ql.Driver: Stage-Stage-1:  HDFS Read: 0 HDFS Write: 0 SUCCESS
Total MapReduce CPU Time Spent: 0 msec
2024-04-24T00:55:06,358  INFO [main] ql.Driver: Total MapReduce CPU Time Spent: 0 msec
2024-04-24T00:55:06,358  INFO [main] ql.Driver: Completed executing command(queryId=alex_20240424005501_81ec1ab7-7de0-4cab-a542-6b148e9002ac); Time taken: 1.313 seconds
2024-04-24T00:55:06,358  INFO [main] lockmgr.DbTxnManager: Stopped heartbeat for query: alex_20240424005501_81ec1ab7-7de0-4cab-a542-6b148e9002ac
2024-04-24T00:55:06,362  INFO [main] txn.TxnHandler: Expected to move at least one record from txn_components to completed_txn_components when committing txn! txnid:20
2024-04-24T00:55:06,368  INFO [main] txn.TxnHandler: Removed transactions: ([20]) from MIN_HISTORY_LEVEL
2024-04-24T00:55:06,368  WARN [main] txn.CompactionTxnHandler: No compaction queue record found for Compaction type transaction commit. txnId:20
2024-04-24T00:55:06,372  INFO [main] mapred.FileInputFormat: Total input files to process : 1
2024-04-24T00:55:06,373  INFO [main] exec.ListSinkOperator: Closing Operator: LIST_SINK[5]
2024-04-24T00:55:06,373  INFO [main] exec.ListSinkOperator: RECORDS_OUT_OPERATOR_LIST_SINK_5:10, RECORDS_OUT_INTERMEDIATE:0, 
2024-04-24T00:55:06,373  WARN [main] ql.TestTxnNoBuckets: null: read data(before converting to acid (with multi level data layout)): 
2024-04-24T00:55:06,373  INFO [main] ql.TestTxnNoBuckets: 1	2	file:/home/alex/Repositories/hive/ql/target/tmp/org.apache.hadoop.hive.ql.TestTxnNoBuckets-1713945183193/warehouse/t/000002_0
2	4	file:/home/alex/Repositories/hive/ql/target/tmp/org.apache.hadoop.hive.ql.TestTxnNoBuckets-1713945183193/warehouse/t/000002_0
5	6	file:/home/alex/Repositories/hive/ql/target/tmp/org.apache.hadoop.hive.ql.TestTxnNoBuckets-1713945183193/warehouse/t/000000_0
6	8	file:/home/alex/Repositories/hive/ql/target/tmp/org.apache.hadoop.hive.ql.TestTxnNoBuckets-1713945183193/warehouse/t/000001_0
9	10	file:/home/alex/Repositories/hive/ql/target/tmp/org.apache.hadoop.hive.ql.TestTxnNoBuckets-1713945183193/warehouse/t/000000_0
10	20	file:/home/alex/Repositories/hive/ql/target/tmp/org.apache.hadoop.hive.ql.TestTxnNoBuckets-1713945183193/warehouse/t/HIVE_UNION_SUBDIR_15/000000_0
12	12	file:/home/alex/Repositories/hive/ql/target/tmp/org.apache.hadoop.hive.ql.TestTxnNoBuckets-1713945183193/warehouse/t/000000_0_copy_1
20	40	file:/home/alex/Repositories/hive/ql/target/tmp/org.apache.hadoop.hive.ql.TestTxnNoBuckets-1713945183193/warehouse/t/HIVE_UNION_SUBDIR_15/000000_0
50	60	file:/home/alex/Repositories/hive/ql/target/tmp/org.apache.hadoop.hive.ql.TestTxnNoBuckets-1713945183193/warehouse/t/HIVE_UNION_SUBDIR_16/000000_0
60	80	file:/home/alex/Repositories/hive/ql/target/tmp/org.apache.hadoop.hive.ql.TestTxnNoBuckets-1713945183193/warehouse/t/HIVE_UNION_SUBDIR_16/000001_0

2024-04-24T00:55:06,373  INFO [main] ql.TxnCommandsBaseForTests: Running the query: alter table T SET TBLPROPERTIES ('transactional'='true')
2024-04-24T00:55:06,373  INFO [main] ql.Context: Deleting scratch dir: file:/home/alex/Repositories/hive/ql/target/tmp/localscratchdir/d722f3ca-04ab-4562-aceb-d9034f7af316/hive_2024-04-24_00-55-04_915_5343160610755244289-1
2024-04-24T00:55:06,374  INFO [main] cleanup.SyncCleanupService: Deleted directory: file:/home/alex/Repositories/hive/ql/target/tmp/localscratchdir/d722f3ca-04ab-4562-aceb-d9034f7af316/hive_2024-04-24_00-55-04_915_5343160610755244289-1 on fs with scheme file
2024-04-24T00:55:06,375  INFO [main] ql.Driver: Compiling command(queryId=alex_20240424005501_81ec1ab7-7de0-4cab-a542-6b148e9002ac): alter table T SET TBLPROPERTIES ('transactional'='true')
2024-04-24T00:55:06,377  INFO [main] txn.TxnHandler: Added entries to MIN_HISTORY_LEVEL for current txns: ([21]) with min_open_txn: 21
2024-04-24T00:55:06,377  INFO [main] lockmgr.DbTxnManager: Opened txnid:21
2024-04-24T00:55:06,378  INFO [main] HiveMetaStore.audit: ugi=alex	ip=unknown-ip-addr	cmd=get_table : tbl=hive.default.T	
2024-04-24T00:55:06,388  INFO [main] metastore.HMSHandler: Skipping translation for processor with null
2024-04-24T00:55:06,389  INFO [main] HiveMetaStore.audit: ugi=alex	ip=unknown-ip-addr	cmd=get_table : tbl=hive.default.T	
2024-04-24T00:55:06,399  INFO [main] metastore.HMSHandler: Skipping translation for processor with null
2024-04-24T00:55:06,400  INFO [main] ql.Driver: Semantic Analysis Completed (retrial = false)
2024-04-24T00:55:06,400  INFO [main] ql.Driver: Created Hive schema: Schema(fieldSchemas:null, properties:null)
2024-04-24T00:55:06,400  INFO [main] metadata.Hive: Dumping metastore api call timing information for : compilation phase
2024-04-24T00:55:06,400  INFO [main] metadata.Hive: Total time spent in each metastore function (ms): {getTable_(GetTableRequest)=22, isCompatibleWith_(Configuration)=0, openTxn_(String, TxnType)=2, commitTxn_(CommitTxnRequest)=10, getValidTxns_(long)=1, flushCache_()=0}
2024-04-24T00:55:06,400  INFO [main] ql.Driver: Completed compiling command(queryId=alex_20240424005501_81ec1ab7-7de0-4cab-a542-6b148e9002ac); Time taken: 0.026 seconds
2024-04-24T00:55:06,400  INFO [main] lockmgr.DbTxnManager: Setting lock request transaction to txnid:21 for queryId=alex_20240424005501_81ec1ab7-7de0-4cab-a542-6b148e9002ac
2024-04-24T00:55:06,401  INFO [main] lockmgr.DbLockManager: Requesting lock for queryId=alex_20240424005501_81ec1ab7-7de0-4cab-a542-6b148e9002ac
2024-04-24T00:55:06,415  INFO [main] lockmgr.DbLockManager: Response to queryId=alex_20240424005501_81ec1ab7-7de0-4cab-a542-6b148e9002ac LockResponse(lockid:15, state:ACQUIRED)
2024-04-24T00:55:06,415  INFO [main] ql.Driver: Operation ALTERTABLE_PROPERTIES obtained 1 locks
2024-04-24T00:55:06,415  INFO [main] ql.Driver: Executing command(queryId=alex_20240424005501_81ec1ab7-7de0-4cab-a542-6b148e9002ac): alter table T SET TBLPROPERTIES ('transactional'='true')
2024-04-24T00:55:06,415  INFO [main] ql.Driver: Starting task [Stage-0:DDL] in serial mode
2024-04-24T00:55:06,415  INFO [main] HiveMetaStore.audit: ugi=alex	ip=unknown-ip-addr	cmd=get_table : tbl=hive.default.T	
2024-04-24T00:55:06,425  INFO [main] metastore.HMSHandler: Skipping translation for processor with null
2024-04-24T00:55:06,428  INFO [main] HiveMetaStore.audit: ugi=alex	ip=unknown-ip-addr	cmd=alter_table: hive.default.T newtbl=t	
2024-04-24T00:55:06,488  INFO [main] metadata.Hive: Dumping metastore api call timing information for : execution phase
2024-04-24T00:55:06,488  INFO [main] metadata.Hive: Total time spent in each metastore function (ms): {getValidWriteIds_(List, String)=2, isCompatibleWith_(Configuration)=0, alter_table_(String, String, String, Table, EnvironmentContext, String)=60, getTable_(GetTableRequest)=10}
2024-04-24T00:55:06,488  INFO [main] ql.Driver: Completed executing command(queryId=alex_20240424005501_81ec1ab7-7de0-4cab-a542-6b148e9002ac); Time taken: 0.073 seconds
2024-04-24T00:55:06,488  INFO [main] lockmgr.DbTxnManager: Stopped heartbeat for query: alex_20240424005501_81ec1ab7-7de0-4cab-a542-6b148e9002ac
2024-04-24T00:55:06,492  INFO [main] txn.TxnHandler: Expected to move at least one record from txn_components to completed_txn_components when committing txn! txnid:21
2024-04-24T00:55:06,498  INFO [main] txn.TxnHandler: Removed transactions: ([21]) from MIN_HISTORY_LEVEL
2024-04-24T00:55:06,498  WARN [main] txn.CompactionTxnHandler: No compaction queue record found for Compaction type transaction commit. txnId:21
2024-04-24T00:55:06,499  INFO [main] ql.TxnCommandsBaseForTests: Running the query: select ROW__ID, a, b, INPUT__FILE__NAME from T order by a, b, INPUT__FILE__NAME
2024-04-24T00:55:06,499  INFO [main] ql.Driver: Compiling command(queryId=alex_20240424005501_81ec1ab7-7de0-4cab-a542-6b148e9002ac): select ROW__ID, a, b, INPUT__FILE__NAME from T order by a, b, INPUT__FILE__NAME
2024-04-24T00:55:06,502  INFO [main] txn.TxnHandler: Added entries to MIN_HISTORY_LEVEL for current txns: ([22]) with min_open_txn: 21
2024-04-24T00:55:06,503  INFO [main] lockmgr.DbTxnManager: Opened txnid:22
2024-04-24T00:55:06,504  INFO [main] parse.CalcitePlanner: Starting caching scope for: alex_20240424005501_81ec1ab7-7de0-4cab-a542-6b148e9002ac
2024-04-24T00:55:06,504  INFO [main] parse.CalcitePlanner: Starting Semantic Analysis
2024-04-24T00:55:06,507  INFO [main] parse.CalcitePlanner: Completed phase 1 of Semantic Analysis
2024-04-24T00:55:06,507  INFO [main] parse.CalcitePlanner: Get metadata for source tables
2024-04-24T00:55:06,509  INFO [main] HiveMetaStore.audit: ugi=alex	ip=unknown-ip-addr	cmd=get_table : tbl=hive.default.t	
2024-04-24T00:55:06,517  INFO [main] metastore.HMSHandler: Skipping translation for processor with null
2024-04-24T00:55:06,517  INFO [main] parse.CalcitePlanner: Get metadata for subqueries
2024-04-24T00:55:06,517  INFO [main] parse.CalcitePlanner: Get metadata for destination tables
2024-04-24T00:55:06,517  INFO [main] parse.CalcitePlanner: Completed getting MetaData in Semantic Analysis
2024-04-24T00:55:06,530  INFO [main] HiveMetaStore.audit: ugi=alex	ip=unknown-ip-addr	cmd=get_all_table_constraints : tbl=hive.default.t	
2024-04-24T00:55:06,561  INFO [main] calcite.RelOptHiveTable: Calculating column statistics for default.t, projIndxSet: [0, 1], allowMissingStats: true
2024-04-24T00:55:06,562  INFO [main] HiveMetaStore.audit: ugi=alex	ip=unknown-ip-addr	cmd=get_table_statistics_req: table=hive.default.t	
2024-04-24T00:55:06,574  WARN [main] calcite.RelOptHiveTable: No Stats for default@t, Columns: b, a
No Stats for default@t, Columns: b, a
2024-04-24T00:55:06,574  INFO [main] SessionState: No Stats for default@t, Columns: b, a
2024-04-24T00:55:06,622  INFO [main] parse.CalcitePlanner: Get metadata for source tables
2024-04-24T00:55:06,622  INFO [main] parse.CalcitePlanner: Get metadata for subqueries
2024-04-24T00:55:06,622  INFO [main] parse.CalcitePlanner: Get metadata for destination tables
2024-04-24T00:55:06,623  INFO [main] common.FileUtils: Creating directory if it doesn't exist: file:/home/alex/Repositories/hive/ql/target/tmp/localscratchdir/d722f3ca-04ab-4562-aceb-d9034f7af316/hive_2024-04-24_00-55-06_499_3048699542092760756-1/-mr-10001/.hive-staging_hive_2024-04-24_00-55-06_499_3048699542092760756-1
2024-04-24T00:55:06,631  INFO [main] parse.CalcitePlanner: CBO Succeeded; optimized logical plan.
2024-04-24T00:55:06,634  INFO [main] optimizer.ColumnPrunerProcFactory: RS 2 oldColExprMap: {VALUE._col0=Column[_col0], KEY.reducesinkkey2=Column[_col3], KEY.reducesinkkey1=Column[_col2], KEY.reducesinkkey0=Column[_col1]}
2024-04-24T00:55:06,634  INFO [main] optimizer.ColumnPrunerProcFactory: RS 2 newColExprMap: {KEY.reducesinkkey2=Column[_col3], VALUE._col0=Column[_col0], KEY.reducesinkkey1=Column[_col2], KEY.reducesinkkey0=Column[_col1]}
2024-04-24T00:55:06,635  INFO [main] optimizer.BucketVersionPopulator: not considering bucketingVersion for: TS[0] because it has -1<2 buckets 
2024-04-24T00:55:06,636  INFO [main] optimizer.SortedDynPartitionOptimizer: Sorted dynamic partitioning optimization kicked in..
2024-04-24T00:55:06,644  INFO [main] physical.Vectorizer: Examining input format to see if vectorization is enabled.
2024-04-24T00:55:06,645  INFO [main] physical.Vectorizer: Vectorization is enabled for input format(s) [org.apache.hadoop.hive.ql.io.orc.OrcInputFormat]
2024-04-24T00:55:06,645  INFO [main] physical.Vectorizer: Validating and vectorizing MapWork... (vectorizedVertexNum 0)
2024-04-24T00:55:06,645  INFO [main] physical.Vectorizer: Map vectorization enabled: true
2024-04-24T00:55:06,645  INFO [main] physical.Vectorizer: Map vectorized: false
2024-04-24T00:55:06,645  INFO [main] physical.Vectorizer: Map notVectorizedReason: Select expression for SELECT operator: Virtual column INPUT__FILE__NAME is not supported
2024-04-24T00:55:06,645  INFO [main] physical.Vectorizer: Map vectorizedVertexNum: 0
2024-04-24T00:55:06,645  INFO [main] physical.Vectorizer: Map enabledConditionsMet: [hive.vectorized.use.vectorized.input.format IS true]
2024-04-24T00:55:06,645  INFO [main] physical.Vectorizer: Map inputFileFormatClassNameSet: [org.apache.hadoop.hive.ql.io.orc.OrcInputFormat]
2024-04-24T00:55:06,645  INFO [main] physical.Vectorizer: Reduce vectorization enabled: false
2024-04-24T00:55:06,645  INFO [main] physical.Vectorizer: Reduce vectorized: false
2024-04-24T00:55:06,645  INFO [main] physical.Vectorizer: Reduce vectorizedVertexNum: 1
2024-04-24T00:55:06,645  INFO [main] physical.Vectorizer: Reducer hive.vectorized.execution.reduce.enabled: true
2024-04-24T00:55:06,645  INFO [main] physical.Vectorizer: Reducer engine: mr
2024-04-24T00:55:06,645  INFO [main] parse.CalcitePlanner: Completed plan generation
2024-04-24T00:55:06,645  INFO [main] parse.CalcitePlanner: Ending caching scope for: alex_20240424005501_81ec1ab7-7de0-4cab-a542-6b148e9002ac
2024-04-24T00:55:06,645  INFO [main] ql.Driver: Semantic Analysis Completed (retrial = false)
2024-04-24T00:55:06,645  INFO [main] ql.Driver: Created Hive schema: Schema(fieldSchemas:[FieldSchema(name:row__id, type:struct<writeid:bigint,bucketid:int,rowid:bigint>, comment:null), FieldSchema(name:a, type:int, comment:null), FieldSchema(name:b, type:int, comment:null), FieldSchema(name:input__file__name, type:string, comment:null)], properties:null)
2024-04-24T00:55:06,646  INFO [main] exec.ListSinkOperator: Initializing Operator: LIST_SINK[5]
2024-04-24T00:55:06,646  INFO [main] metadata.Hive: Dumping metastore api call timing information for : compilation phase
2024-04-24T00:55:06,647  INFO [main] metadata.Hive: Total time spent in each metastore function (ms): {flushCache_()=0, commitTxn_(CommitTxnRequest)=10, getTableColumnStatistics_(String, String, List, String)=11, getValidTxns_(long)=0, getValidWriteIds_(List, String)=4, isCompatibleWith_(Configuration)=1, getAllTableConstraints_(AllTableConstraintsRequest)=27, openTxn_(String, TxnType)=3, getTable_(GetTableRequest)=8}
2024-04-24T00:55:06,647  INFO [main] ql.Driver: Completed compiling command(queryId=alex_20240424005501_81ec1ab7-7de0-4cab-a542-6b148e9002ac); Time taken: 0.147 seconds
2024-04-24T00:55:06,647  INFO [main] lockmgr.DbTxnManager: Setting lock request transaction to txnid:22 for queryId=alex_20240424005501_81ec1ab7-7de0-4cab-a542-6b148e9002ac
2024-04-24T00:55:06,648  INFO [main] lockmgr.DbLockManager: Requesting lock for queryId=alex_20240424005501_81ec1ab7-7de0-4cab-a542-6b148e9002ac
2024-04-24T00:55:06,662  INFO [main] lockmgr.DbLockManager: Response to queryId=alex_20240424005501_81ec1ab7-7de0-4cab-a542-6b148e9002ac LockResponse(lockid:16, state:ACQUIRED)
2024-04-24T00:55:06,662  INFO [main] ql.Driver: Operation QUERY obtained 1 locks
2024-04-24T00:55:06,663  INFO [main] ql.Driver: Executing command(queryId=alex_20240424005501_81ec1ab7-7de0-4cab-a542-6b148e9002ac): select ROW__ID, a, b, INPUT__FILE__NAME from T order by a, b, INPUT__FILE__NAME
2024-04-24T00:55:06,664  WARN [main] ql.Driver: Hive-on-MR is deprecated in Hive 2 and may not be available in the future versions. Consider using a different execution engine (i.e. spark, tez) or using Hive 1.X releases.
Query ID = alex_20240424005501_81ec1ab7-7de0-4cab-a542-6b148e9002ac
2024-04-24T00:55:06,664  INFO [main] ql.Driver: Query ID = alex_20240424005501_81ec1ab7-7de0-4cab-a542-6b148e9002ac
Total jobs = 1
2024-04-24T00:55:06,664  INFO [main] ql.Driver: Total jobs = 1
Launching Job 1 out of 1
2024-04-24T00:55:06,664  INFO [main] ql.Driver: Launching Job 1 out of 1
2024-04-24T00:55:06,813  INFO [main] ql.Driver: Starting task [Stage-1:MAPRED] in serial mode
Number of reduce tasks determined at compile time: 1
2024-04-24T00:55:06,813  INFO [main] exec.Task: Number of reduce tasks determined at compile time: 1
In order to change the average load for a reducer (in bytes):
2024-04-24T00:55:06,813  INFO [main] exec.Task: In order to change the average load for a reducer (in bytes):
  set hive.exec.reducers.bytes.per.reducer=<number>
2024-04-24T00:55:06,813  INFO [main] exec.Task:   set hive.exec.reducers.bytes.per.reducer=<number>
In order to limit the maximum number of reducers:
2024-04-24T00:55:06,813  INFO [main] exec.Task: In order to limit the maximum number of reducers:
  set hive.exec.reducers.max=<number>
2024-04-24T00:55:06,813  INFO [main] exec.Task:   set hive.exec.reducers.max=<number>
In order to set a constant number of reducers:
2024-04-24T00:55:06,813  INFO [main] exec.Task: In order to set a constant number of reducers:
  set mapreduce.job.reduces=<number>
2024-04-24T00:55:06,813  INFO [main] exec.Task:   set mapreduce.job.reduces=<number>
2024-04-24T00:55:06,816  INFO [main] mr.ExecDriver: Using org.apache.hadoop.hive.ql.io.HiveInputFormat
2024-04-24T00:55:06,816  INFO [main] exec.Utilities: Processing alias t
2024-04-24T00:55:06,816  INFO [main] exec.Utilities: Adding 1 inputs; the first input is file:/home/alex/Repositories/hive/ql/target/tmp/org.apache.hadoop.hive.ql.TestTxnNoBuckets-1713945183193/warehouse/t
2024-04-24T00:55:06,826  INFO [main] exec.SerializationUtilities: Serializing MapWork using kryo
2024-04-24T00:55:06,826  INFO [main] exec.Utilities: Serialized plan (via FILE) - name: null size: 5,17KB
2024-04-24T00:55:06,831  INFO [main] exec.SerializationUtilities: Serializing ReduceWork using kryo
2024-04-24T00:55:06,832  INFO [main] exec.Utilities: Serialized plan (via FILE) - name: null size: 6,14KB
2024-04-24T00:55:06,833  WARN [main] impl.MetricsSystemImpl: JobTracker metrics system already initialized!
2024-04-24T00:55:06,838  WARN [main] impl.MetricsSystemImpl: JobTracker metrics system already initialized!
2024-04-24T00:55:06,845  WARN [main] mapreduce.JobResourceUploader: Hadoop command-line option parsing not performed. Implement the Tool interface and execute your application with ToolRunner to remedy this.
2024-04-24T00:55:06,850  WARN [main] mapreduce.JobResourceUploader: No job jar file set.  User classes may not be found. See Job or Job#setJar(String).
2024-04-24T00:55:06,851  INFO [main] io.HiveInputFormat: hive.io.file.readcolumn.ids = 0,1
2024-04-24T00:55:06,851  INFO [main] io.HiveInputFormat: hive.io.file.readcolumn.names = a,b
2024-04-24T00:55:06,851  INFO [main] io.HiveInputFormat: Generating splits for dirs: file:/home/alex/Repositories/hive/ql/target/tmp/org.apache.hadoop.hive.ql.TestTxnNoBuckets-1713945183193/warehouse/t
2024-04-24T00:55:06,851  INFO [main] orc.OrcInputFormat: getSplits started
2024-04-24T00:55:06,851  INFO [main] orc.OrcInputFormat: Context:: isAcid: true isVectorMode: false sarg: null minSplitSize: 1 maxSplitSize: 256000000 splitStrategy: HYBRID footerInSplits: false numBuckets: 0 numThreads: 10 cacheMemSize: 268435456 cacheStripeDetails: true useSoftReference: false writeIdList: default.t:10000000:9223372036854775807:: isTransactionalTable: true txnProperties: default 
2024-04-24T00:55:06,851  INFO [main] orc.OrcInputFormat: ORC pushdown predicate: null
2024-04-24T00:55:06,877  INFO [main] orc.OrcInputFormat: FooterCacheHitRatio: 0/7
2024-04-24T00:55:06,877  INFO [main] orc.OrcInputFormat: getSplits finished (#splits: 7). duration: 26 ms
2024-04-24T00:55:06,877  INFO [main] io.HiveInputFormat: number of splits 7
2024-04-24T00:55:06,894  INFO [main] mapreduce.JobSubmitter: number of splits:7
2024-04-24T00:55:06,912  INFO [main] mapreduce.JobSubmitter: Submitting tokens for job: job_local1427282826_0053
2024-04-24T00:55:06,912  INFO [main] mapreduce.JobSubmitter: Executing with tokens: []
2024-04-24T00:55:06,976  INFO [main] mapreduce.Job: The url to track the job: http://localhost:8080/
Job running in-process (local Hadoop)
2024-04-24T00:55:06,976  INFO [main] exec.Task: Job running in-process (local Hadoop)
2024-04-24T00:55:06,976  INFO [Thread-3436] mapred.LocalJobRunner: OutputCommitter set in config org.apache.hadoop.hive.ql.io.HiveFileFormatUtils$NullOutputCommitter
2024-04-24T00:55:06,976  INFO [Thread-3436] mapred.LocalJobRunner: OutputCommitter is org.apache.hadoop.hive.ql.io.HiveFileFormatUtils$NullOutputCommitter
2024-04-24T00:55:06,980  INFO [Thread-3436] mapred.LocalJobRunner: Waiting for map tasks
2024-04-24T00:55:06,980  INFO [LocalJobRunner Map Task Executor #0] mapred.LocalJobRunner: Starting task: attempt_local1427282826_0053_m_000000_0
2024-04-24T00:55:06,981  INFO [LocalJobRunner Map Task Executor #0] mapred.Task:  Using ResourceCalculatorProcessTree : [ ]
2024-04-24T00:55:06,981  INFO [LocalJobRunner Map Task Executor #0] mapred.MapTask: Processing split: org.apache.hadoop.hive.ql.io.orc.OrcInputFormat:OrcSplit [file:/home/alex/Repositories/hive/ql/target/tmp/org.apache.hadoop.hive.ql.TestTxnNoBuckets-1713945183193/warehouse/t/HIVE_UNION_SUBDIR_16/000001_0, start=0, length=274, isOriginal=true, fileLength=274, hasFooter=false, hasBase=true, deltas=0]
2024-04-24T00:55:06,982  INFO [LocalJobRunner Map Task Executor #0] exec.SerializationUtilities: Deserializing MapWork using kryo
2024-04-24T00:55:06,982  INFO [LocalJobRunner Map Task Executor #0] exec.Utilities: Deserialized plan (via FILE) - name: null size: 5,17KB
2024-04-24T00:55:06,983  INFO [LocalJobRunner Map Task Executor #0] orc.OrcRawRecordMerger: min key = null, max key = null
2024-04-24T00:55:06,983  INFO [LocalJobRunner Map Task Executor #0] orc.ReaderImpl: Reading ORC rows from file:/home/alex/Repositories/hive/ql/target/tmp/org.apache.hadoop.hive.ql.TestTxnNoBuckets-1713945183193/warehouse/t/HIVE_UNION_SUBDIR_16/000001_0 with {include: [true, true, true], offset: 0, length: 274, schema: struct<a:int,b:int>, includeAcidColumns: true}
2024-04-24T00:55:07,008  INFO [LocalJobRunner Map Task Executor #0] orc.OrcRawRecordMerger: updated min key = null, max key = null
2024-04-24T00:55:07,008  INFO [LocalJobRunner Map Task Executor #0] mapred.MapTask: numReduceTasks: 1
2024-04-24T00:55:07,012  INFO [LocalJobRunner Map Task Executor #0] mapred.MapTask: (EQUATOR) 0 kvi 26214396(104857584)
2024-04-24T00:55:07,012  INFO [LocalJobRunner Map Task Executor #0] mapred.MapTask: mapreduce.task.io.sort.mb: 100
2024-04-24T00:55:07,012  INFO [LocalJobRunner Map Task Executor #0] mapred.MapTask: soft limit at 83886080
2024-04-24T00:55:07,012  INFO [LocalJobRunner Map Task Executor #0] mapred.MapTask: bufstart = 0; bufvoid = 104857600
2024-04-24T00:55:07,012  INFO [LocalJobRunner Map Task Executor #0] mapred.MapTask: kvstart = 26214396; length = 6553600
2024-04-24T00:55:07,013  INFO [LocalJobRunner Map Task Executor #0] mapred.MapTask: Map output collector class = org.apache.hadoop.mapred.MapTask$MapOutputBuffer
2024-04-24T00:55:07,013  INFO [LocalJobRunner Map Task Executor #0] exec.MapOperator: Initializing Operator: MAP[0]
2024-04-24T00:55:07,014  INFO [LocalJobRunner Map Task Executor #0] mr.ExecMapper: 
<MAP>Id =0
  <Children>null
  <\Children>
  <Parent><\Parent>
<\MAP>
2024-04-24T00:55:07,015  INFO [LocalJobRunner Map Task Executor #0] exec.TableScanOperator: Initializing Operator: TS[0]
2024-04-24T00:55:07,015  INFO [LocalJobRunner Map Task Executor #0] exec.SelectOperator: Initializing Operator: SEL[1]
2024-04-24T00:55:07,015  INFO [LocalJobRunner Map Task Executor #0] exec.SelectOperator: SELECT struct<a:int,b:int,row__id:struct<writeid:bigint,bucketid:int,rowid:bigint>,input__file__name:string>
2024-04-24T00:55:07,015  INFO [LocalJobRunner Map Task Executor #0] exec.ReduceSinkOperator: Initializing Operator: RS[2]
2024-04-24T00:55:07,015  INFO [LocalJobRunner Map Task Executor #0] exec.ReduceSinkOperator: Using tag = -1
2024-04-24T00:55:07,015  INFO [LocalJobRunner Map Task Executor #0] exec.ReduceSinkOperator: keys are [reducesinkkey0, reducesinkkey1, reducesinkkey2] num distributions: 3
2024-04-24T00:55:07,015  INFO [LocalJobRunner Map Task Executor #0] exec.ReduceSinkOperator: RS[2]: records written - 1
2024-04-24T00:55:07,015  INFO [LocalJobRunner Map Task Executor #0] exec.MapOperator: MAP[0]: records read - 1
2024-04-24T00:55:07,016  INFO [LocalJobRunner Map Task Executor #0] exec.MapOperator: Closing Operator: MAP[0]
2024-04-24T00:55:07,016  INFO [LocalJobRunner Map Task Executor #0] exec.MapOperator: MAP[0]: Total records read - 1. abort - false
2024-04-24T00:55:07,016  INFO [LocalJobRunner Map Task Executor #0] exec.MapOperator: RECORDS_IN:1, RECORDS_OUT_OPERATOR_MAP_0:0, DESERIALIZE_ERRORS:0, RECORDS_OUT_INTERMEDIATE:0, 
2024-04-24T00:55:07,016  INFO [LocalJobRunner Map Task Executor #0] exec.TableScanOperator: Closing Operator: TS[0]
2024-04-24T00:55:07,016  INFO [LocalJobRunner Map Task Executor #0] exec.TableScanOperator: RECORDS_OUT_INTERMEDIATE:0, RECORDS_OUT_OPERATOR_TS_0:1, 
2024-04-24T00:55:07,016  INFO [LocalJobRunner Map Task Executor #0] exec.SelectOperator: Closing Operator: SEL[1]
2024-04-24T00:55:07,016  INFO [LocalJobRunner Map Task Executor #0] exec.SelectOperator: RECORDS_OUT_INTERMEDIATE:0, RECORDS_OUT_OPERATOR_SEL_1:1, 
2024-04-24T00:55:07,016  INFO [LocalJobRunner Map Task Executor #0] exec.ReduceSinkOperator: Closing Operator: RS[2]
2024-04-24T00:55:07,016  INFO [LocalJobRunner Map Task Executor #0] exec.ReduceSinkOperator: RS[2]: Total records written - 1. abort - false
2024-04-24T00:55:07,016  INFO [LocalJobRunner Map Task Executor #0] exec.ReduceSinkOperator: RECORDS_OUT_OPERATOR_RS_2:1, RECORDS_OUT_INTERMEDIATE:1, 
2024-04-24T00:55:07,016  INFO [LocalJobRunner Map Task Executor #0] mapred.LocalJobRunner: 
2024-04-24T00:55:07,016  INFO [LocalJobRunner Map Task Executor #0] mapred.MapTask: Starting flush of map output
2024-04-24T00:55:07,016  INFO [LocalJobRunner Map Task Executor #0] mapred.MapTask: Spilling map output
2024-04-24T00:55:07,016  INFO [LocalJobRunner Map Task Executor #0] mapred.MapTask: bufstart = 0; bufend = 180; bufvoid = 104857600
2024-04-24T00:55:07,016  INFO [LocalJobRunner Map Task Executor #0] mapred.MapTask: kvstart = 26214396(104857584); kvend = 26214396(104857584); length = 1/6553600
2024-04-24T00:55:07,032  INFO [LocalJobRunner Map Task Executor #0] mapred.MapTask: Finished spill 0
2024-04-24T00:55:07,040  INFO [LocalJobRunner Map Task Executor #0] mapred.Task: Task:attempt_local1427282826_0053_m_000000_0 is done. And is in the process of committing
2024-04-24T00:55:07,041  INFO [LocalJobRunner Map Task Executor #0] mapred.LocalJobRunner: OrcSplit [file:/home/alex/Repositories/hive/ql/target/tmp/org.apache.hadoop.hive.ql.TestTxnNoBuckets-1713945183193/warehouse/t/HIVE_UNION_SUBDIR_16/000001_0, start=0, length=274, isOriginal=true, fileLength=274, hasFooter=false, hasBase=true, deltas=0]
2024-04-24T00:55:07,042  INFO [LocalJobRunner Map Task Executor #0] mapred.Task: Task 'attempt_local1427282826_0053_m_000000_0' done.
2024-04-24T00:55:07,042  INFO [LocalJobRunner Map Task Executor #0] mapred.Task: Final Counters for attempt_local1427282826_0053_m_000000_0: Counters: 24
	File System Counters
		FILE: Number of bytes read=1332602
		FILE: Number of bytes written=63760211
		FILE: Number of read operations=0
		FILE: Number of large read operations=0
		FILE: Number of write operations=0
	Map-Reduce Framework
		Map input records=1
		Map output records=1
		Map output bytes=180
		Map output materialized bytes=189
		Input split bytes=473
		Combine input records=0
		Spilled Records=1
		Failed Shuffles=0
		Merged Map outputs=0
		GC time elapsed (ms)=0
		Total committed heap usage (bytes)=1389887488
	HIVE
		DESERIALIZE_ERRORS=0
		RECORDS_IN=1
		RECORDS_OUT_INTERMEDIATE=1
		RECORDS_OUT_OPERATOR_MAP_0=0
		RECORDS_OUT_OPERATOR_RS_2=1
		RECORDS_OUT_OPERATOR_SEL_1=1
		RECORDS_OUT_OPERATOR_TS_0=1
	File Input Format Counters 
		Bytes Read=6663
2024-04-24T00:55:07,042  INFO [LocalJobRunner Map Task Executor #0] mapred.LocalJobRunner: Finishing task: attempt_local1427282826_0053_m_000000_0
2024-04-24T00:55:07,042  INFO [LocalJobRunner Map Task Executor #0] mapred.LocalJobRunner: Starting task: attempt_local1427282826_0053_m_000001_0
2024-04-24T00:55:07,043  INFO [LocalJobRunner Map Task Executor #0] mapred.Task:  Using ResourceCalculatorProcessTree : [ ]
2024-04-24T00:55:07,044  INFO [LocalJobRunner Map Task Executor #0] mapred.MapTask: Processing split: org.apache.hadoop.hive.ql.io.orc.OrcInputFormat:OrcSplit [file:/home/alex/Repositories/hive/ql/target/tmp/org.apache.hadoop.hive.ql.TestTxnNoBuckets-1713945183193/warehouse/t/000000_0, start=0, length=256, isOriginal=true, fileLength=256, hasFooter=false, hasBase=true, deltas=0]
2024-04-24T00:55:07,045  INFO [LocalJobRunner Map Task Executor #0] exec.SerializationUtilities: Deserializing MapWork using kryo
2024-04-24T00:55:07,046  INFO [LocalJobRunner Map Task Executor #0] exec.Utilities: Deserialized plan (via FILE) - name: null size: 5,17KB
2024-04-24T00:55:07,049  INFO [LocalJobRunner Map Task Executor #0] orc.OrcRawRecordMerger: min key = null, max key = null
2024-04-24T00:55:07,049  INFO [LocalJobRunner Map Task Executor #0] orc.ReaderImpl: Reading ORC rows from file:/home/alex/Repositories/hive/ql/target/tmp/org.apache.hadoop.hive.ql.TestTxnNoBuckets-1713945183193/warehouse/t/000000_0 with {include: [true, true, true], offset: 0, length: 256, schema: struct<a:int,b:int>, includeAcidColumns: true}
2024-04-24T00:55:07,119  INFO [LocalJobRunner Map Task Executor #0] orc.OrcRawRecordMerger: updated min key = null, max key = null
2024-04-24T00:55:07,119  INFO [LocalJobRunner Map Task Executor #0] mapred.MapTask: numReduceTasks: 1
2024-04-24T00:55:07,133  INFO [LocalJobRunner Map Task Executor #0] mapred.MapTask: (EQUATOR) 0 kvi 26214396(104857584)
2024-04-24T00:55:07,133  INFO [LocalJobRunner Map Task Executor #0] mapred.MapTask: mapreduce.task.io.sort.mb: 100
2024-04-24T00:55:07,133  INFO [LocalJobRunner Map Task Executor #0] mapred.MapTask: soft limit at 83886080
2024-04-24T00:55:07,133  INFO [LocalJobRunner Map Task Executor #0] mapred.MapTask: bufstart = 0; bufvoid = 104857600
2024-04-24T00:55:07,133  INFO [LocalJobRunner Map Task Executor #0] mapred.MapTask: kvstart = 26214396; length = 6553600
2024-04-24T00:55:07,135  INFO [LocalJobRunner Map Task Executor #0] mapred.MapTask: Map output collector class = org.apache.hadoop.mapred.MapTask$MapOutputBuffer
2024-04-24T00:55:07,135  INFO [LocalJobRunner Map Task Executor #0] exec.MapOperator: Initializing Operator: MAP[0]
2024-04-24T00:55:07,138  INFO [LocalJobRunner Map Task Executor #0] mr.ExecMapper: 
<MAP>Id =0
  <Children>null
  <\Children>
  <Parent><\Parent>
<\MAP>
2024-04-24T00:55:07,140  INFO [LocalJobRunner Map Task Executor #0] exec.TableScanOperator: Initializing Operator: TS[0]
2024-04-24T00:55:07,140  INFO [LocalJobRunner Map Task Executor #0] exec.SelectOperator: Initializing Operator: SEL[1]
2024-04-24T00:55:07,140  INFO [LocalJobRunner Map Task Executor #0] exec.SelectOperator: SELECT struct<a:int,b:int,row__id:struct<writeid:bigint,bucketid:int,rowid:bigint>,input__file__name:string>
2024-04-24T00:55:07,140  INFO [LocalJobRunner Map Task Executor #0] exec.ReduceSinkOperator: Initializing Operator: RS[2]
2024-04-24T00:55:07,140  INFO [LocalJobRunner Map Task Executor #0] exec.ReduceSinkOperator: Using tag = -1
2024-04-24T00:55:07,141  INFO [LocalJobRunner Map Task Executor #0] exec.ReduceSinkOperator: keys are [reducesinkkey0, reducesinkkey1, reducesinkkey2] num distributions: 3
2024-04-24T00:55:07,141  INFO [LocalJobRunner Map Task Executor #0] exec.ReduceSinkOperator: RS[2]: records written - 1
2024-04-24T00:55:07,141  INFO [LocalJobRunner Map Task Executor #0] exec.MapOperator: MAP[0]: records read - 1
2024-04-24T00:55:07,142  INFO [LocalJobRunner Map Task Executor #0] exec.MapOperator: Closing Operator: MAP[0]
2024-04-24T00:55:07,142  INFO [LocalJobRunner Map Task Executor #0] exec.MapOperator: MAP[0]: Total records read - 2. abort - false
2024-04-24T00:55:07,142  INFO [LocalJobRunner Map Task Executor #0] exec.MapOperator: DESERIALIZE_ERRORS:0, RECORDS_OUT_INTERMEDIATE:0, RECORDS_OUT_OPERATOR_MAP_0:0, RECORDS_IN:2, 
2024-04-24T00:55:07,142  INFO [LocalJobRunner Map Task Executor #0] exec.TableScanOperator: Closing Operator: TS[0]
2024-04-24T00:55:07,142  INFO [LocalJobRunner Map Task Executor #0] exec.TableScanOperator: RECORDS_OUT_OPERATOR_TS_0:2, RECORDS_OUT_INTERMEDIATE:0, 
2024-04-24T00:55:07,142  INFO [LocalJobRunner Map Task Executor #0] exec.SelectOperator: Closing Operator: SEL[1]
2024-04-24T00:55:07,142  INFO [LocalJobRunner Map Task Executor #0] exec.SelectOperator: RECORDS_OUT_INTERMEDIATE:0, RECORDS_OUT_OPERATOR_SEL_1:2, 
2024-04-24T00:55:07,142  INFO [LocalJobRunner Map Task Executor #0] exec.ReduceSinkOperator: Closing Operator: RS[2]
2024-04-24T00:55:07,142  INFO [LocalJobRunner Map Task Executor #0] exec.ReduceSinkOperator: RS[2]: Total records written - 2. abort - false
2024-04-24T00:55:07,142  INFO [LocalJobRunner Map Task Executor #0] exec.ReduceSinkOperator: RECORDS_OUT_INTERMEDIATE:2, RECORDS_OUT_OPERATOR_RS_2:2, 
2024-04-24T00:55:07,143  INFO [LocalJobRunner Map Task Executor #0] mapred.LocalJobRunner: 
2024-04-24T00:55:07,143  INFO [LocalJobRunner Map Task Executor #0] mapred.MapTask: Starting flush of map output
2024-04-24T00:55:07,143  INFO [LocalJobRunner Map Task Executor #0] mapred.MapTask: Spilling map output
2024-04-24T00:55:07,143  INFO [LocalJobRunner Map Task Executor #0] mapred.MapTask: bufstart = 0; bufend = 318; bufvoid = 104857600
2024-04-24T00:55:07,143  INFO [LocalJobRunner Map Task Executor #0] mapred.MapTask: kvstart = 26214396(104857584); kvend = 26214392(104857568); length = 5/6553600
2024-04-24T00:55:07,155  INFO [LocalJobRunner Map Task Executor #0] mapred.MapTask: Finished spill 0
2024-04-24T00:55:07,159  INFO [LocalJobRunner Map Task Executor #0] mapred.Task: Task:attempt_local1427282826_0053_m_000001_0 is done. And is in the process of committing
2024-04-24T00:55:07,160  INFO [LocalJobRunner Map Task Executor #0] mapred.LocalJobRunner: OrcSplit [file:/home/alex/Repositories/hive/ql/target/tmp/org.apache.hadoop.hive.ql.TestTxnNoBuckets-1713945183193/warehouse/t/000000_0, start=0, length=256, isOriginal=true, fileLength=256, hasFooter=false, hasBase=true, deltas=0]
2024-04-24T00:55:07,160  INFO [LocalJobRunner Map Task Executor #0] mapred.Task: Task 'attempt_local1427282826_0053_m_000001_0' done.
2024-04-24T00:55:07,160  INFO [LocalJobRunner Map Task Executor #0] mapred.Task: Final Counters for attempt_local1427282826_0053_m_000001_0: Counters: 24
	File System Counters
		FILE: Number of bytes read=1342189
		FILE: Number of bytes written=63760573
		FILE: Number of read operations=0
		FILE: Number of large read operations=0
		FILE: Number of write operations=0
	Map-Reduce Framework
		Map input records=2
		Map output records=2
		Map output bytes=318
		Map output materialized bytes=330
		Input split bytes=451
		Combine input records=0
		Spilled Records=2
		Failed Shuffles=0
		Merged Map outputs=0
		GC time elapsed (ms)=0
		Total committed heap usage (bytes)=1389887488
	HIVE
		DESERIALIZE_ERRORS=0
		RECORDS_IN=2
		RECORDS_OUT_INTERMEDIATE=2
		RECORDS_OUT_OPERATOR_MAP_0=0
		RECORDS_OUT_OPERATOR_RS_2=2
		RECORDS_OUT_OPERATOR_SEL_1=2
		RECORDS_OUT_OPERATOR_TS_0=2
	File Input Format Counters 
		Bytes Read=6313
2024-04-24T00:55:07,160  INFO [LocalJobRunner Map Task Executor #0] mapred.LocalJobRunner: Finishing task: attempt_local1427282826_0053_m_000001_0
2024-04-24T00:55:07,160  INFO [LocalJobRunner Map Task Executor #0] mapred.LocalJobRunner: Starting task: attempt_local1427282826_0053_m_000002_0
2024-04-24T00:55:07,161  INFO [LocalJobRunner Map Task Executor #0] mapred.Task:  Using ResourceCalculatorProcessTree : [ ]
2024-04-24T00:55:07,161  INFO [LocalJobRunner Map Task Executor #0] mapred.MapTask: Processing split: org.apache.hadoop.hive.ql.io.orc.OrcInputFormat:OrcSplit [file:/home/alex/Repositories/hive/ql/target/tmp/org.apache.hadoop.hive.ql.TestTxnNoBuckets-1713945183193/warehouse/t/HIVE_UNION_SUBDIR_15/000000_0, start=0, length=256, isOriginal=true, fileLength=256, hasFooter=false, hasBase=true, deltas=0]
2024-04-24T00:55:07,162  INFO [LocalJobRunner Map Task Executor #0] exec.SerializationUtilities: Deserializing MapWork using kryo
2024-04-24T00:55:07,162  INFO [LocalJobRunner Map Task Executor #0] exec.Utilities: Deserialized plan (via FILE) - name: null size: 5,17KB
2024-04-24T00:55:07,164  INFO [LocalJobRunner Map Task Executor #0] orc.OrcRawRecordMerger: min key = null, max key = null
2024-04-24T00:55:07,164  INFO [LocalJobRunner Map Task Executor #0] orc.ReaderImpl: Reading ORC rows from file:/home/alex/Repositories/hive/ql/target/tmp/org.apache.hadoop.hive.ql.TestTxnNoBuckets-1713945183193/warehouse/t/HIVE_UNION_SUBDIR_15/000000_0 with {include: [true, true, true], offset: 0, length: 256, schema: struct<a:int,b:int>, includeAcidColumns: true}
2024-04-24T00:55:07,192  INFO [LocalJobRunner Map Task Executor #0] orc.OrcRawRecordMerger: updated min key = null, max key = null
2024-04-24T00:55:07,192  INFO [LocalJobRunner Map Task Executor #0] mapred.MapTask: numReduceTasks: 1
2024-04-24T00:55:07,202  INFO [LocalJobRunner Map Task Executor #0] mapred.MapTask: (EQUATOR) 0 kvi 26214396(104857584)
2024-04-24T00:55:07,202  INFO [LocalJobRunner Map Task Executor #0] mapred.MapTask: mapreduce.task.io.sort.mb: 100
2024-04-24T00:55:07,202  INFO [LocalJobRunner Map Task Executor #0] mapred.MapTask: soft limit at 83886080
2024-04-24T00:55:07,202  INFO [LocalJobRunner Map Task Executor #0] mapred.MapTask: bufstart = 0; bufvoid = 104857600
2024-04-24T00:55:07,202  INFO [LocalJobRunner Map Task Executor #0] mapred.MapTask: kvstart = 26214396; length = 6553600
2024-04-24T00:55:07,203  INFO [LocalJobRunner Map Task Executor #0] mapred.MapTask: Map output collector class = org.apache.hadoop.mapred.MapTask$MapOutputBuffer
2024-04-24T00:55:07,203  INFO [LocalJobRunner Map Task Executor #0] exec.MapOperator: Initializing Operator: MAP[0]
2024-04-24T00:55:07,204  INFO [LocalJobRunner Map Task Executor #0] mr.ExecMapper: 
<MAP>Id =0
  <Children>null
  <\Children>
  <Parent><\Parent>
<\MAP>
2024-04-24T00:55:07,205  INFO [LocalJobRunner Map Task Executor #0] exec.TableScanOperator: Initializing Operator: TS[0]
2024-04-24T00:55:07,205  INFO [LocalJobRunner Map Task Executor #0] exec.SelectOperator: Initializing Operator: SEL[1]
2024-04-24T00:55:07,205  INFO [LocalJobRunner Map Task Executor #0] exec.SelectOperator: SELECT struct<a:int,b:int,row__id:struct<writeid:bigint,bucketid:int,rowid:bigint>,input__file__name:string>
2024-04-24T00:55:07,205  INFO [LocalJobRunner Map Task Executor #0] exec.ReduceSinkOperator: Initializing Operator: RS[2]
2024-04-24T00:55:07,205  INFO [LocalJobRunner Map Task Executor #0] exec.ReduceSinkOperator: Using tag = -1
2024-04-24T00:55:07,206  INFO [LocalJobRunner Map Task Executor #0] exec.ReduceSinkOperator: keys are [reducesinkkey0, reducesinkkey1, reducesinkkey2] num distributions: 3
2024-04-24T00:55:07,206  INFO [LocalJobRunner Map Task Executor #0] exec.ReduceSinkOperator: RS[2]: records written - 1
2024-04-24T00:55:07,206  INFO [LocalJobRunner Map Task Executor #0] exec.MapOperator: MAP[0]: records read - 1
2024-04-24T00:55:07,206  INFO [LocalJobRunner Map Task Executor #0] exec.MapOperator: Closing Operator: MAP[0]
2024-04-24T00:55:07,206  INFO [LocalJobRunner Map Task Executor #0] exec.MapOperator: MAP[0]: Total records read - 2. abort - false
2024-04-24T00:55:07,206  INFO [LocalJobRunner Map Task Executor #0] exec.MapOperator: RECORDS_OUT_INTERMEDIATE:0, RECORDS_IN:2, RECORDS_OUT_OPERATOR_MAP_0:0, DESERIALIZE_ERRORS:0, 
2024-04-24T00:55:07,206  INFO [LocalJobRunner Map Task Executor #0] exec.TableScanOperator: Closing Operator: TS[0]
2024-04-24T00:55:07,206  INFO [LocalJobRunner Map Task Executor #0] exec.TableScanOperator: RECORDS_OUT_INTERMEDIATE:0, RECORDS_OUT_OPERATOR_TS_0:2, 
2024-04-24T00:55:07,206  INFO [LocalJobRunner Map Task Executor #0] exec.SelectOperator: Closing Operator: SEL[1]
2024-04-24T00:55:07,206  INFO [LocalJobRunner Map Task Executor #0] exec.SelectOperator: RECORDS_OUT_INTERMEDIATE:0, RECORDS_OUT_OPERATOR_SEL_1:2, 
2024-04-24T00:55:07,206  INFO [LocalJobRunner Map Task Executor #0] exec.ReduceSinkOperator: Closing Operator: RS[2]
2024-04-24T00:55:07,206  INFO [LocalJobRunner Map Task Executor #0] exec.ReduceSinkOperator: RS[2]: Total records written - 2. abort - false
2024-04-24T00:55:07,206  INFO [LocalJobRunner Map Task Executor #0] exec.ReduceSinkOperator: RECORDS_OUT_INTERMEDIATE:2, RECORDS_OUT_OPERATOR_RS_2:2, 
2024-04-24T00:55:07,207  INFO [LocalJobRunner Map Task Executor #0] mapred.LocalJobRunner: 
2024-04-24T00:55:07,207  INFO [LocalJobRunner Map Task Executor #0] mapred.MapTask: Starting flush of map output
2024-04-24T00:55:07,207  INFO [LocalJobRunner Map Task Executor #0] mapred.MapTask: Spilling map output
2024-04-24T00:55:07,207  INFO [LocalJobRunner Map Task Executor #0] mapred.MapTask: bufstart = 0; bufend = 360; bufvoid = 104857600
2024-04-24T00:55:07,207  INFO [LocalJobRunner Map Task Executor #0] mapred.MapTask: kvstart = 26214396(104857584); kvend = 26214392(104857568); length = 5/6553600
2024-04-24T00:55:07,215  INFO [LocalJobRunner Map Task Executor #0] mapred.MapTask: Finished spill 0
2024-04-24T00:55:07,218  INFO [LocalJobRunner Map Task Executor #0] mapred.Task: Task:attempt_local1427282826_0053_m_000002_0 is done. And is in the process of committing
2024-04-24T00:55:07,219  INFO [LocalJobRunner Map Task Executor #0] mapred.LocalJobRunner: OrcSplit [file:/home/alex/Repositories/hive/ql/target/tmp/org.apache.hadoop.hive.ql.TestTxnNoBuckets-1713945183193/warehouse/t/HIVE_UNION_SUBDIR_15/000000_0, start=0, length=256, isOriginal=true, fileLength=256, hasFooter=false, hasBase=true, deltas=0]
2024-04-24T00:55:07,219  INFO [LocalJobRunner Map Task Executor #0] mapred.Task: Task 'attempt_local1427282826_0053_m_000002_0' done.
2024-04-24T00:55:07,219  INFO [LocalJobRunner Map Task Executor #0] mapred.Task: Final Counters for attempt_local1427282826_0053_m_000002_0: Counters: 24
	File System Counters
		FILE: Number of bytes read=1351809
		FILE: Number of bytes written=63760977
		FILE: Number of read operations=0
		FILE: Number of large read operations=0
		FILE: Number of write operations=0
	Map-Reduce Framework
		Map input records=2
		Map output records=2
		Map output bytes=360
		Map output materialized bytes=372
		Input split bytes=473
		Combine input records=0
		Spilled Records=2
		Failed Shuffles=0
		Merged Map outputs=0
		GC time elapsed (ms)=5
		Total committed heap usage (bytes)=1389887488
	HIVE
		DESERIALIZE_ERRORS=0
		RECORDS_IN=2
		RECORDS_OUT_INTERMEDIATE=2
		RECORDS_OUT_OPERATOR_MAP_0=0
		RECORDS_OUT_OPERATOR_RS_2=2
		RECORDS_OUT_OPERATOR_SEL_1=2
		RECORDS_OUT_OPERATOR_TS_0=2
	File Input Format Counters 
		Bytes Read=6858
2024-04-24T00:55:07,219  INFO [LocalJobRunner Map Task Executor #0] mapred.LocalJobRunner: Finishing task: attempt_local1427282826_0053_m_000002_0
2024-04-24T00:55:07,219  INFO [LocalJobRunner Map Task Executor #0] mapred.LocalJobRunner: Starting task: attempt_local1427282826_0053_m_000003_0
2024-04-24T00:55:07,219  INFO [LocalJobRunner Map Task Executor #0] mapred.Task:  Using ResourceCalculatorProcessTree : [ ]
2024-04-24T00:55:07,220  INFO [LocalJobRunner Map Task Executor #0] mapred.MapTask: Processing split: org.apache.hadoop.hive.ql.io.orc.OrcInputFormat:OrcSplit [file:/home/alex/Repositories/hive/ql/target/tmp/org.apache.hadoop.hive.ql.TestTxnNoBuckets-1713945183193/warehouse/t/000001_0, start=0, length=254, isOriginal=true, fileLength=254, hasFooter=false, hasBase=true, deltas=0]
2024-04-24T00:55:07,220  INFO [LocalJobRunner Map Task Executor #0] exec.SerializationUtilities: Deserializing MapWork using kryo
2024-04-24T00:55:07,221  INFO [LocalJobRunner Map Task Executor #0] exec.Utilities: Deserialized plan (via FILE) - name: null size: 5,17KB
2024-04-24T00:55:07,222  INFO [LocalJobRunner Map Task Executor #0] orc.OrcRawRecordMerger: min key = null, max key = null
2024-04-24T00:55:07,222  INFO [LocalJobRunner Map Task Executor #0] orc.ReaderImpl: Reading ORC rows from file:/home/alex/Repositories/hive/ql/target/tmp/org.apache.hadoop.hive.ql.TestTxnNoBuckets-1713945183193/warehouse/t/000001_0 with {include: [true, true, true], offset: 0, length: 254, schema: struct<a:int,b:int>, includeAcidColumns: true}
2024-04-24T00:55:07,248  INFO [LocalJobRunner Map Task Executor #0] orc.OrcRawRecordMerger: updated min key = null, max key = null
2024-04-24T00:55:07,249  INFO [LocalJobRunner Map Task Executor #0] mapred.MapTask: numReduceTasks: 1
2024-04-24T00:55:07,254  INFO [LocalJobRunner Map Task Executor #0] mapred.MapTask: (EQUATOR) 0 kvi 26214396(104857584)
2024-04-24T00:55:07,254  INFO [LocalJobRunner Map Task Executor #0] mapred.MapTask: mapreduce.task.io.sort.mb: 100
2024-04-24T00:55:07,254  INFO [LocalJobRunner Map Task Executor #0] mapred.MapTask: soft limit at 83886080
2024-04-24T00:55:07,254  INFO [LocalJobRunner Map Task Executor #0] mapred.MapTask: bufstart = 0; bufvoid = 104857600
2024-04-24T00:55:07,254  INFO [LocalJobRunner Map Task Executor #0] mapred.MapTask: kvstart = 26214396; length = 6553600
2024-04-24T00:55:07,254  INFO [LocalJobRunner Map Task Executor #0] mapred.MapTask: Map output collector class = org.apache.hadoop.mapred.MapTask$MapOutputBuffer
2024-04-24T00:55:07,255  INFO [LocalJobRunner Map Task Executor #0] exec.MapOperator: Initializing Operator: MAP[0]
2024-04-24T00:55:07,256  INFO [LocalJobRunner Map Task Executor #0] mr.ExecMapper: 
<MAP>Id =0
  <Children>null
  <\Children>
  <Parent><\Parent>
<\MAP>
2024-04-24T00:55:07,257  INFO [LocalJobRunner Map Task Executor #0] exec.TableScanOperator: Initializing Operator: TS[0]
2024-04-24T00:55:07,257  INFO [LocalJobRunner Map Task Executor #0] exec.SelectOperator: Initializing Operator: SEL[1]
2024-04-24T00:55:07,257  INFO [LocalJobRunner Map Task Executor #0] exec.SelectOperator: SELECT struct<a:int,b:int,row__id:struct<writeid:bigint,bucketid:int,rowid:bigint>,input__file__name:string>
2024-04-24T00:55:07,257  INFO [LocalJobRunner Map Task Executor #0] exec.ReduceSinkOperator: Initializing Operator: RS[2]
2024-04-24T00:55:07,257  INFO [LocalJobRunner Map Task Executor #0] exec.ReduceSinkOperator: Using tag = -1
2024-04-24T00:55:07,257  INFO [LocalJobRunner Map Task Executor #0] exec.ReduceSinkOperator: keys are [reducesinkkey0, reducesinkkey1, reducesinkkey2] num distributions: 3
2024-04-24T00:55:07,257  INFO [LocalJobRunner Map Task Executor #0] exec.ReduceSinkOperator: RS[2]: records written - 1
2024-04-24T00:55:07,257  INFO [LocalJobRunner Map Task Executor #0] exec.MapOperator: MAP[0]: records read - 1
2024-04-24T00:55:07,258  INFO [LocalJobRunner Map Task Executor #0] exec.MapOperator: Closing Operator: MAP[0]
2024-04-24T00:55:07,258  INFO [LocalJobRunner Map Task Executor #0] exec.MapOperator: MAP[0]: Total records read - 1. abort - false
2024-04-24T00:55:07,258  INFO [LocalJobRunner Map Task Executor #0] exec.MapOperator: RECORDS_OUT_OPERATOR_MAP_0:0, DESERIALIZE_ERRORS:0, RECORDS_IN:1, RECORDS_OUT_INTERMEDIATE:0, 
2024-04-24T00:55:07,258  INFO [LocalJobRunner Map Task Executor #0] exec.TableScanOperator: Closing Operator: TS[0]
2024-04-24T00:55:07,258  INFO [LocalJobRunner Map Task Executor #0] exec.TableScanOperator: RECORDS_OUT_INTERMEDIATE:0, RECORDS_OUT_OPERATOR_TS_0:1, 
2024-04-24T00:55:07,258  INFO [LocalJobRunner Map Task Executor #0] exec.SelectOperator: Closing Operator: SEL[1]
2024-04-24T00:55:07,258  INFO [LocalJobRunner Map Task Executor #0] exec.SelectOperator: RECORDS_OUT_OPERATOR_SEL_1:1, RECORDS_OUT_INTERMEDIATE:0, 
2024-04-24T00:55:07,258  INFO [LocalJobRunner Map Task Executor #0] exec.ReduceSinkOperator: Closing Operator: RS[2]
2024-04-24T00:55:07,258  INFO [LocalJobRunner Map Task Executor #0] exec.ReduceSinkOperator: RS[2]: Total records written - 1. abort - false
2024-04-24T00:55:07,258  INFO [LocalJobRunner Map Task Executor #0] exec.ReduceSinkOperator: RECORDS_OUT_OPERATOR_RS_2:1, RECORDS_OUT_INTERMEDIATE:1, 
2024-04-24T00:55:07,258  INFO [LocalJobRunner Map Task Executor #0] mapred.LocalJobRunner: 
2024-04-24T00:55:07,258  INFO [LocalJobRunner Map Task Executor #0] mapred.MapTask: Starting flush of map output
2024-04-24T00:55:07,259  INFO [LocalJobRunner Map Task Executor #0] mapred.MapTask: Spilling map output
2024-04-24T00:55:07,259  INFO [LocalJobRunner Map Task Executor #0] mapred.MapTask: bufstart = 0; bufend = 159; bufvoid = 104857600
2024-04-24T00:55:07,259  INFO [LocalJobRunner Map Task Executor #0] mapred.MapTask: kvstart = 26214396(104857584); kvend = 26214396(104857584); length = 1/6553600
2024-04-24T00:55:07,267  INFO [LocalJobRunner Map Task Executor #0] mapred.MapTask: Finished spill 0
2024-04-24T00:55:07,270  INFO [LocalJobRunner Map Task Executor #0] mapred.Task: Task:attempt_local1427282826_0053_m_000003_0 is done. And is in the process of committing
2024-04-24T00:55:07,271  INFO [LocalJobRunner Map Task Executor #0] mapred.LocalJobRunner: OrcSplit [file:/home/alex/Repositories/hive/ql/target/tmp/org.apache.hadoop.hive.ql.TestTxnNoBuckets-1713945183193/warehouse/t/000001_0, start=0, length=254, isOriginal=true, fileLength=254, hasFooter=false, hasBase=true, deltas=0]
2024-04-24T00:55:07,271  INFO [LocalJobRunner Map Task Executor #0] mapred.Task: Task 'attempt_local1427282826_0053_m_000003_0' done.
2024-04-24T00:55:07,271  INFO [LocalJobRunner Map Task Executor #0] mapred.Task: Final Counters for attempt_local1427282826_0053_m_000003_0: Counters: 24
	File System Counters
		FILE: Number of bytes read=1360364
		FILE: Number of bytes written=63761177
		FILE: Number of read operations=0
		FILE: Number of large read operations=0
		FILE: Number of write operations=0
	Map-Reduce Framework
		Map input records=1
		Map output records=1
		Map output bytes=159
		Map output materialized bytes=168
		Input split bytes=451
		Combine input records=0
		Spilled Records=1
		Failed Shuffles=0
		Merged Map outputs=0
		GC time elapsed (ms)=0
		Total committed heap usage (bytes)=1389887488
	HIVE
		DESERIALIZE_ERRORS=0
		RECORDS_IN=1
		RECORDS_OUT_INTERMEDIATE=1
		RECORDS_OUT_OPERATOR_MAP_0=0
		RECORDS_OUT_OPERATOR_RS_2=1
		RECORDS_OUT_OPERATOR_SEL_1=1
		RECORDS_OUT_OPERATOR_TS_0=1
	File Input Format Counters 
		Bytes Read=6305
2024-04-24T00:55:07,271  INFO [LocalJobRunner Map Task Executor #0] mapred.LocalJobRunner: Finishing task: attempt_local1427282826_0053_m_000003_0
2024-04-24T00:55:07,271  INFO [LocalJobRunner Map Task Executor #0] mapred.LocalJobRunner: Starting task: attempt_local1427282826_0053_m_000004_0
2024-04-24T00:55:07,271  INFO [LocalJobRunner Map Task Executor #0] mapred.Task:  Using ResourceCalculatorProcessTree : [ ]
2024-04-24T00:55:07,272  INFO [LocalJobRunner Map Task Executor #0] mapred.MapTask: Processing split: org.apache.hadoop.hive.ql.io.orc.OrcInputFormat:OrcSplit [file:/home/alex/Repositories/hive/ql/target/tmp/org.apache.hadoop.hive.ql.TestTxnNoBuckets-1713945183193/warehouse/t/000002_0, start=0, length=254, isOriginal=true, fileLength=254, hasFooter=false, hasBase=true, deltas=0]
2024-04-24T00:55:07,272  INFO [LocalJobRunner Map Task Executor #0] exec.SerializationUtilities: Deserializing MapWork using kryo
2024-04-24T00:55:07,273  INFO [LocalJobRunner Map Task Executor #0] exec.Utilities: Deserialized plan (via FILE) - name: null size: 5,17KB
2024-04-24T00:55:07,274  INFO [LocalJobRunner Map Task Executor #0] orc.OrcRawRecordMerger: min key = null, max key = null
2024-04-24T00:55:07,274  INFO [LocalJobRunner Map Task Executor #0] orc.ReaderImpl: Reading ORC rows from file:/home/alex/Repositories/hive/ql/target/tmp/org.apache.hadoop.hive.ql.TestTxnNoBuckets-1713945183193/warehouse/t/000002_0 with {include: [true, true, true], offset: 0, length: 254, schema: struct<a:int,b:int>, includeAcidColumns: true}
2024-04-24T00:55:07,300  INFO [LocalJobRunner Map Task Executor #0] orc.OrcRawRecordMerger: updated min key = null, max key = null
2024-04-24T00:55:07,300  INFO [LocalJobRunner Map Task Executor #0] mapred.MapTask: numReduceTasks: 1
2024-04-24T00:55:07,305  INFO [LocalJobRunner Map Task Executor #0] mapred.MapTask: (EQUATOR) 0 kvi 26214396(104857584)
2024-04-24T00:55:07,305  INFO [LocalJobRunner Map Task Executor #0] mapred.MapTask: mapreduce.task.io.sort.mb: 100
2024-04-24T00:55:07,305  INFO [LocalJobRunner Map Task Executor #0] mapred.MapTask: soft limit at 83886080
2024-04-24T00:55:07,305  INFO [LocalJobRunner Map Task Executor #0] mapred.MapTask: bufstart = 0; bufvoid = 104857600
2024-04-24T00:55:07,305  INFO [LocalJobRunner Map Task Executor #0] mapred.MapTask: kvstart = 26214396; length = 6553600
2024-04-24T00:55:07,306  INFO [LocalJobRunner Map Task Executor #0] mapred.MapTask: Map output collector class = org.apache.hadoop.mapred.MapTask$MapOutputBuffer
2024-04-24T00:55:07,306  INFO [LocalJobRunner Map Task Executor #0] exec.MapOperator: Initializing Operator: MAP[0]
2024-04-24T00:55:07,308  INFO [LocalJobRunner Map Task Executor #0] mr.ExecMapper: 
<MAP>Id =0
  <Children>null
  <\Children>
  <Parent><\Parent>
<\MAP>
2024-04-24T00:55:07,308  INFO [LocalJobRunner Map Task Executor #0] exec.TableScanOperator: Initializing Operator: TS[0]
2024-04-24T00:55:07,309  INFO [LocalJobRunner Map Task Executor #0] exec.SelectOperator: Initializing Operator: SEL[1]
2024-04-24T00:55:07,309  INFO [LocalJobRunner Map Task Executor #0] exec.SelectOperator: SELECT struct<a:int,b:int,row__id:struct<writeid:bigint,bucketid:int,rowid:bigint>,input__file__name:string>
2024-04-24T00:55:07,309  INFO [LocalJobRunner Map Task Executor #0] exec.ReduceSinkOperator: Initializing Operator: RS[2]
2024-04-24T00:55:07,309  INFO [LocalJobRunner Map Task Executor #0] exec.ReduceSinkOperator: Using tag = -1
2024-04-24T00:55:07,309  INFO [LocalJobRunner Map Task Executor #0] exec.ReduceSinkOperator: keys are [reducesinkkey0, reducesinkkey1, reducesinkkey2] num distributions: 3
2024-04-24T00:55:07,309  INFO [LocalJobRunner Map Task Executor #0] exec.ReduceSinkOperator: RS[2]: records written - 1
2024-04-24T00:55:07,310  INFO [LocalJobRunner Map Task Executor #0] exec.MapOperator: MAP[0]: records read - 1
2024-04-24T00:55:07,310  INFO [LocalJobRunner Map Task Executor #0] exec.MapOperator: Closing Operator: MAP[0]
2024-04-24T00:55:07,310  INFO [LocalJobRunner Map Task Executor #0] exec.MapOperator: MAP[0]: Total records read - 2. abort - false
2024-04-24T00:55:07,310  INFO [LocalJobRunner Map Task Executor #0] exec.MapOperator: DESERIALIZE_ERRORS:0, RECORDS_OUT_OPERATOR_MAP_0:0, RECORDS_OUT_INTERMEDIATE:0, RECORDS_IN:2, 
2024-04-24T00:55:07,310  INFO [LocalJobRunner Map Task Executor #0] exec.TableScanOperator: Closing Operator: TS[0]
2024-04-24T00:55:07,310  INFO [LocalJobRunner Map Task Executor #0] exec.TableScanOperator: RECORDS_OUT_OPERATOR_TS_0:2, RECORDS_OUT_INTERMEDIATE:0, 
2024-04-24T00:55:07,310  INFO [LocalJobRunner Map Task Executor #0] exec.SelectOperator: Closing Operator: SEL[1]
2024-04-24T00:55:07,310  INFO [LocalJobRunner Map Task Executor #0] exec.SelectOperator: RECORDS_OUT_OPERATOR_SEL_1:2, RECORDS_OUT_INTERMEDIATE:0, 
2024-04-24T00:55:07,310  INFO [LocalJobRunner Map Task Executor #0] exec.ReduceSinkOperator: Closing Operator: RS[2]
2024-04-24T00:55:07,310  INFO [LocalJobRunner Map Task Executor #0] exec.ReduceSinkOperator: RS[2]: Total records written - 2. abort - false
2024-04-24T00:55:07,310  INFO [LocalJobRunner Map Task Executor #0] exec.ReduceSinkOperator: RECORDS_OUT_OPERATOR_RS_2:2, RECORDS_OUT_INTERMEDIATE:2, 
2024-04-24T00:55:07,311  INFO [LocalJobRunner Map Task Executor #0] mapred.LocalJobRunner: 
2024-04-24T00:55:07,311  INFO [LocalJobRunner Map Task Executor #0] mapred.MapTask: Starting flush of map output
2024-04-24T00:55:07,311  INFO [LocalJobRunner Map Task Executor #0] mapred.MapTask: Spilling map output
2024-04-24T00:55:07,311  INFO [LocalJobRunner Map Task Executor #0] mapred.MapTask: bufstart = 0; bufend = 318; bufvoid = 104857600
2024-04-24T00:55:07,311  INFO [LocalJobRunner Map Task Executor #0] mapred.MapTask: kvstart = 26214396(104857584); kvend = 26214392(104857568); length = 5/6553600
2024-04-24T00:55:07,319  INFO [LocalJobRunner Map Task Executor #0] mapred.MapTask: Finished spill 0
2024-04-24T00:55:07,322  INFO [LocalJobRunner Map Task Executor #0] mapred.Task: Task:attempt_local1427282826_0053_m_000004_0 is done. And is in the process of committing
2024-04-24T00:55:07,323  INFO [LocalJobRunner Map Task Executor #0] mapred.LocalJobRunner: OrcSplit [file:/home/alex/Repositories/hive/ql/target/tmp/org.apache.hadoop.hive.ql.TestTxnNoBuckets-1713945183193/warehouse/t/000002_0, start=0, length=254, isOriginal=true, fileLength=254, hasFooter=false, hasBase=true, deltas=0]
2024-04-24T00:55:07,323  INFO [LocalJobRunner Map Task Executor #0] mapred.Task: Task 'attempt_local1427282826_0053_m_000004_0' done.
2024-04-24T00:55:07,323  INFO [LocalJobRunner Map Task Executor #0] mapred.Task: Final Counters for attempt_local1427282826_0053_m_000004_0: Counters: 24
	File System Counters
		FILE: Number of bytes read=1368407
		FILE: Number of bytes written=63761539
		FILE: Number of read operations=0
		FILE: Number of large read operations=0
		FILE: Number of write operations=0
	Map-Reduce Framework
		Map input records=2
		Map output records=2
		Map output bytes=318
		Map output materialized bytes=330
		Input split bytes=451
		Combine input records=0
		Spilled Records=2
		Failed Shuffles=0
		Merged Map outputs=0
		GC time elapsed (ms)=0
		Total committed heap usage (bytes)=1389887488
	HIVE
		DESERIALIZE_ERRORS=0
		RECORDS_IN=2
		RECORDS_OUT_INTERMEDIATE=2
		RECORDS_OUT_OPERATOR_MAP_0=0
		RECORDS_OUT_OPERATOR_RS_2=2
		RECORDS_OUT_OPERATOR_SEL_1=2
		RECORDS_OUT_OPERATOR_TS_0=2
	File Input Format Counters 
		Bytes Read=6305
2024-04-24T00:55:07,323  INFO [LocalJobRunner Map Task Executor #0] mapred.LocalJobRunner: Finishing task: attempt_local1427282826_0053_m_000004_0
2024-04-24T00:55:07,323  INFO [LocalJobRunner Map Task Executor #0] mapred.LocalJobRunner: Starting task: attempt_local1427282826_0053_m_000005_0
2024-04-24T00:55:07,324  INFO [LocalJobRunner Map Task Executor #0] mapred.Task:  Using ResourceCalculatorProcessTree : [ ]
2024-04-24T00:55:07,324  INFO [LocalJobRunner Map Task Executor #0] mapred.MapTask: Processing split: org.apache.hadoop.hive.ql.io.orc.OrcInputFormat:OrcSplit [file:/home/alex/Repositories/hive/ql/target/tmp/org.apache.hadoop.hive.ql.TestTxnNoBuckets-1713945183193/warehouse/t/HIVE_UNION_SUBDIR_16/000000_0, start=0, length=254, isOriginal=true, fileLength=254, hasFooter=false, hasBase=true, deltas=0]
2024-04-24T00:55:07,324  INFO [LocalJobRunner Map Task Executor #0] exec.SerializationUtilities: Deserializing MapWork using kryo
2024-04-24T00:55:07,325  INFO [LocalJobRunner Map Task Executor #0] exec.Utilities: Deserialized plan (via FILE) - name: null size: 5,17KB
2024-04-24T00:55:07,326  INFO [LocalJobRunner Map Task Executor #0] orc.OrcRawRecordMerger: min key = null, max key = null
2024-04-24T00:55:07,326  INFO [LocalJobRunner Map Task Executor #0] orc.ReaderImpl: Reading ORC rows from file:/home/alex/Repositories/hive/ql/target/tmp/org.apache.hadoop.hive.ql.TestTxnNoBuckets-1713945183193/warehouse/t/HIVE_UNION_SUBDIR_16/000000_0 with {include: [true, true, true], offset: 0, length: 254, schema: struct<a:int,b:int>, includeAcidColumns: true}
2024-04-24T00:55:07,353  INFO [LocalJobRunner Map Task Executor #0] orc.OrcRawRecordMerger: updated min key = null, max key = null
2024-04-24T00:55:07,354  INFO [LocalJobRunner Map Task Executor #0] mapred.MapTask: numReduceTasks: 1
2024-04-24T00:55:07,359  INFO [LocalJobRunner Map Task Executor #0] mapred.MapTask: (EQUATOR) 0 kvi 26214396(104857584)
2024-04-24T00:55:07,359  INFO [LocalJobRunner Map Task Executor #0] mapred.MapTask: mapreduce.task.io.sort.mb: 100
2024-04-24T00:55:07,359  INFO [LocalJobRunner Map Task Executor #0] mapred.MapTask: soft limit at 83886080
2024-04-24T00:55:07,359  INFO [LocalJobRunner Map Task Executor #0] mapred.MapTask: bufstart = 0; bufvoid = 104857600
2024-04-24T00:55:07,359  INFO [LocalJobRunner Map Task Executor #0] mapred.MapTask: kvstart = 26214396; length = 6553600
2024-04-24T00:55:07,359  INFO [LocalJobRunner Map Task Executor #0] mapred.MapTask: Map output collector class = org.apache.hadoop.mapred.MapTask$MapOutputBuffer
2024-04-24T00:55:07,360  INFO [LocalJobRunner Map Task Executor #0] exec.MapOperator: Initializing Operator: MAP[0]
2024-04-24T00:55:07,361  INFO [LocalJobRunner Map Task Executor #0] mr.ExecMapper: 
<MAP>Id =0
  <Children>null
  <\Children>
  <Parent><\Parent>
<\MAP>
2024-04-24T00:55:07,361  INFO [LocalJobRunner Map Task Executor #0] exec.TableScanOperator: Initializing Operator: TS[0]
2024-04-24T00:55:07,361  INFO [LocalJobRunner Map Task Executor #0] exec.SelectOperator: Initializing Operator: SEL[1]
2024-04-24T00:55:07,361  INFO [LocalJobRunner Map Task Executor #0] exec.SelectOperator: SELECT struct<a:int,b:int,row__id:struct<writeid:bigint,bucketid:int,rowid:bigint>,input__file__name:string>
2024-04-24T00:55:07,362  INFO [LocalJobRunner Map Task Executor #0] exec.ReduceSinkOperator: Initializing Operator: RS[2]
2024-04-24T00:55:07,362  INFO [LocalJobRunner Map Task Executor #0] exec.ReduceSinkOperator: Using tag = -1
2024-04-24T00:55:07,362  INFO [LocalJobRunner Map Task Executor #0] exec.ReduceSinkOperator: keys are [reducesinkkey0, reducesinkkey1, reducesinkkey2] num distributions: 3
2024-04-24T00:55:07,362  INFO [LocalJobRunner Map Task Executor #0] exec.ReduceSinkOperator: RS[2]: records written - 1
2024-04-24T00:55:07,362  INFO [LocalJobRunner Map Task Executor #0] exec.MapOperator: MAP[0]: records read - 1
2024-04-24T00:55:07,362  INFO [LocalJobRunner Map Task Executor #0] exec.MapOperator: Closing Operator: MAP[0]
2024-04-24T00:55:07,362  INFO [LocalJobRunner Map Task Executor #0] exec.MapOperator: MAP[0]: Total records read - 1. abort - false
2024-04-24T00:55:07,362  INFO [LocalJobRunner Map Task Executor #0] exec.MapOperator: DESERIALIZE_ERRORS:0, RECORDS_OUT_INTERMEDIATE:0, RECORDS_IN:1, RECORDS_OUT_OPERATOR_MAP_0:0, 
2024-04-24T00:55:07,362  INFO [LocalJobRunner Map Task Executor #0] exec.TableScanOperator: Closing Operator: TS[0]
2024-04-24T00:55:07,362  INFO [LocalJobRunner Map Task Executor #0] exec.TableScanOperator: RECORDS_OUT_OPERATOR_TS_0:1, RECORDS_OUT_INTERMEDIATE:0, 
2024-04-24T00:55:07,362  INFO [LocalJobRunner Map Task Executor #0] exec.SelectOperator: Closing Operator: SEL[1]
2024-04-24T00:55:07,362  INFO [LocalJobRunner Map Task Executor #0] exec.SelectOperator: RECORDS_OUT_OPERATOR_SEL_1:1, RECORDS_OUT_INTERMEDIATE:0, 
2024-04-24T00:55:07,362  INFO [LocalJobRunner Map Task Executor #0] exec.ReduceSinkOperator: Closing Operator: RS[2]
2024-04-24T00:55:07,363  INFO [LocalJobRunner Map Task Executor #0] exec.ReduceSinkOperator: RS[2]: Total records written - 1. abort - false
2024-04-24T00:55:07,363  INFO [LocalJobRunner Map Task Executor #0] exec.ReduceSinkOperator: RECORDS_OUT_OPERATOR_RS_2:1, RECORDS_OUT_INTERMEDIATE:1, 
2024-04-24T00:55:07,363  INFO [LocalJobRunner Map Task Executor #0] mapred.LocalJobRunner: 
2024-04-24T00:55:07,363  INFO [LocalJobRunner Map Task Executor #0] mapred.MapTask: Starting flush of map output
2024-04-24T00:55:07,363  INFO [LocalJobRunner Map Task Executor #0] mapred.MapTask: Spilling map output
2024-04-24T00:55:07,363  INFO [LocalJobRunner Map Task Executor #0] mapred.MapTask: bufstart = 0; bufend = 180; bufvoid = 104857600
2024-04-24T00:55:07,363  INFO [LocalJobRunner Map Task Executor #0] mapred.MapTask: kvstart = 26214396(104857584); kvend = 26214396(104857584); length = 1/6553600
2024-04-24T00:55:07,371  INFO [LocalJobRunner Map Task Executor #0] mapred.MapTask: Finished spill 0
2024-04-24T00:55:07,375  INFO [LocalJobRunner Map Task Executor #0] mapred.Task: Task:attempt_local1427282826_0053_m_000005_0 is done. And is in the process of committing
2024-04-24T00:55:07,375  INFO [LocalJobRunner Map Task Executor #0] mapred.LocalJobRunner: OrcSplit [file:/home/alex/Repositories/hive/ql/target/tmp/org.apache.hadoop.hive.ql.TestTxnNoBuckets-1713945183193/warehouse/t/HIVE_UNION_SUBDIR_16/000000_0, start=0, length=254, isOriginal=true, fileLength=254, hasFooter=false, hasBase=true, deltas=0]
2024-04-24T00:55:07,375  INFO [LocalJobRunner Map Task Executor #0] mapred.Task: Task 'attempt_local1427282826_0053_m_000005_0' done.
2024-04-24T00:55:07,375  INFO [LocalJobRunner Map Task Executor #0] mapred.Task: Final Counters for attempt_local1427282826_0053_m_000005_0: Counters: 24
	File System Counters
		FILE: Number of bytes read=1376763
		FILE: Number of bytes written=63761760
		FILE: Number of read operations=0
		FILE: Number of large read operations=0
		FILE: Number of write operations=0
	Map-Reduce Framework
		Map input records=1
		Map output records=1
		Map output bytes=180
		Map output materialized bytes=189
		Input split bytes=473
		Combine input records=0
		Spilled Records=1
		Failed Shuffles=0
		Merged Map outputs=0
		GC time elapsed (ms)=0
		Total committed heap usage (bytes)=1389887488
	HIVE
		DESERIALIZE_ERRORS=0
		RECORDS_IN=1
		RECORDS_OUT_INTERMEDIATE=1
		RECORDS_OUT_OPERATOR_MAP_0=0
		RECORDS_OUT_OPERATOR_RS_2=1
		RECORDS_OUT_OPERATOR_SEL_1=1
		RECORDS_OUT_OPERATOR_TS_0=1
	File Input Format Counters 
		Bytes Read=7130
2024-04-24T00:55:07,375  INFO [LocalJobRunner Map Task Executor #0] mapred.LocalJobRunner: Finishing task: attempt_local1427282826_0053_m_000005_0
2024-04-24T00:55:07,375  INFO [LocalJobRunner Map Task Executor #0] mapred.LocalJobRunner: Starting task: attempt_local1427282826_0053_m_000006_0
2024-04-24T00:55:07,376  INFO [LocalJobRunner Map Task Executor #0] mapred.Task:  Using ResourceCalculatorProcessTree : [ ]
2024-04-24T00:55:07,376  INFO [LocalJobRunner Map Task Executor #0] mapred.MapTask: Processing split: org.apache.hadoop.hive.ql.io.orc.OrcInputFormat:OrcSplit [file:/home/alex/Repositories/hive/ql/target/tmp/org.apache.hadoop.hive.ql.TestTxnNoBuckets-1713945183193/warehouse/t/000000_0_copy_1, start=0, length=241, isOriginal=true, fileLength=241, hasFooter=false, hasBase=true, deltas=0]
2024-04-24T00:55:07,377  INFO [LocalJobRunner Map Task Executor #0] exec.SerializationUtilities: Deserializing MapWork using kryo
2024-04-24T00:55:07,377  INFO [LocalJobRunner Map Task Executor #0] exec.Utilities: Deserialized plan (via FILE) - name: null size: 5,17KB
2024-04-24T00:55:07,378  INFO [LocalJobRunner Map Task Executor #0] orc.OrcRawRecordMerger: min key = null, max key = null
2024-04-24T00:55:07,378  INFO [LocalJobRunner Map Task Executor #0] orc.ReaderImpl: Reading ORC rows from file:/home/alex/Repositories/hive/ql/target/tmp/org.apache.hadoop.hive.ql.TestTxnNoBuckets-1713945183193/warehouse/t/000000_0_copy_1 with {include: [true, true, true], offset: 0, length: 241, schema: struct<a:int,b:int>, includeAcidColumns: true}
2024-04-24T00:55:07,404  INFO [LocalJobRunner Map Task Executor #0] orc.OrcRawRecordMerger: updated min key = null, max key = null
2024-04-24T00:55:07,405  INFO [LocalJobRunner Map Task Executor #0] mapred.MapTask: numReduceTasks: 1
2024-04-24T00:55:07,409  INFO [LocalJobRunner Map Task Executor #0] mapred.MapTask: (EQUATOR) 0 kvi 26214396(104857584)
2024-04-24T00:55:07,409  INFO [LocalJobRunner Map Task Executor #0] mapred.MapTask: mapreduce.task.io.sort.mb: 100
2024-04-24T00:55:07,409  INFO [LocalJobRunner Map Task Executor #0] mapred.MapTask: soft limit at 83886080
2024-04-24T00:55:07,409  INFO [LocalJobRunner Map Task Executor #0] mapred.MapTask: bufstart = 0; bufvoid = 104857600
2024-04-24T00:55:07,409  INFO [LocalJobRunner Map Task Executor #0] mapred.MapTask: kvstart = 26214396; length = 6553600
2024-04-24T00:55:07,410  INFO [LocalJobRunner Map Task Executor #0] mapred.MapTask: Map output collector class = org.apache.hadoop.mapred.MapTask$MapOutputBuffer
2024-04-24T00:55:07,410  INFO [LocalJobRunner Map Task Executor #0] exec.MapOperator: Initializing Operator: MAP[0]
2024-04-24T00:55:07,411  INFO [LocalJobRunner Map Task Executor #0] mr.ExecMapper: 
<MAP>Id =0
  <Children>null
  <\Children>
  <Parent><\Parent>
<\MAP>
2024-04-24T00:55:07,412  INFO [LocalJobRunner Map Task Executor #0] exec.TableScanOperator: Initializing Operator: TS[0]
2024-04-24T00:55:07,412  INFO [LocalJobRunner Map Task Executor #0] exec.SelectOperator: Initializing Operator: SEL[1]
2024-04-24T00:55:07,412  INFO [LocalJobRunner Map Task Executor #0] exec.SelectOperator: SELECT struct<a:int,b:int,row__id:struct<writeid:bigint,bucketid:int,rowid:bigint>,input__file__name:string>
2024-04-24T00:55:07,412  INFO [LocalJobRunner Map Task Executor #0] exec.ReduceSinkOperator: Initializing Operator: RS[2]
2024-04-24T00:55:07,413  INFO [LocalJobRunner Map Task Executor #0] exec.ReduceSinkOperator: Using tag = -1
2024-04-24T00:55:07,413  INFO [LocalJobRunner Map Task Executor #0] exec.ReduceSinkOperator: keys are [reducesinkkey0, reducesinkkey1, reducesinkkey2] num distributions: 3
2024-04-24T00:55:07,413  INFO [LocalJobRunner Map Task Executor #0] exec.ReduceSinkOperator: RS[2]: records written - 1
2024-04-24T00:55:07,413  INFO [LocalJobRunner Map Task Executor #0] exec.MapOperator: MAP[0]: records read - 1
2024-04-24T00:55:07,413  INFO [LocalJobRunner Map Task Executor #0] exec.MapOperator: Closing Operator: MAP[0]
2024-04-24T00:55:07,413  INFO [LocalJobRunner Map Task Executor #0] exec.MapOperator: MAP[0]: Total records read - 1. abort - false
2024-04-24T00:55:07,414  INFO [LocalJobRunner Map Task Executor #0] exec.MapOperator: RECORDS_OUT_INTERMEDIATE:0, RECORDS_IN:1, RECORDS_OUT_OPERATOR_MAP_0:0, DESERIALIZE_ERRORS:0, 
2024-04-24T00:55:07,414  INFO [LocalJobRunner Map Task Executor #0] exec.TableScanOperator: Closing Operator: TS[0]
2024-04-24T00:55:07,414  INFO [LocalJobRunner Map Task Executor #0] exec.TableScanOperator: RECORDS_OUT_INTERMEDIATE:0, RECORDS_OUT_OPERATOR_TS_0:1, 
2024-04-24T00:55:07,414  INFO [LocalJobRunner Map Task Executor #0] exec.SelectOperator: Closing Operator: SEL[1]
2024-04-24T00:55:07,414  INFO [LocalJobRunner Map Task Executor #0] exec.SelectOperator: RECORDS_OUT_OPERATOR_SEL_1:1, RECORDS_OUT_INTERMEDIATE:0, 
2024-04-24T00:55:07,414  INFO [LocalJobRunner Map Task Executor #0] exec.ReduceSinkOperator: Closing Operator: RS[2]
2024-04-24T00:55:07,414  INFO [LocalJobRunner Map Task Executor #0] exec.ReduceSinkOperator: RS[2]: Total records written - 1. abort - false
2024-04-24T00:55:07,414  INFO [LocalJobRunner Map Task Executor #0] exec.ReduceSinkOperator: RECORDS_OUT_OPERATOR_RS_2:1, RECORDS_OUT_INTERMEDIATE:1, 
2024-04-24T00:55:07,415  INFO [LocalJobRunner Map Task Executor #0] mapred.LocalJobRunner: 
2024-04-24T00:55:07,415  INFO [LocalJobRunner Map Task Executor #0] mapred.MapTask: Starting flush of map output
2024-04-24T00:55:07,415  INFO [LocalJobRunner Map Task Executor #0] mapred.MapTask: Spilling map output
2024-04-24T00:55:07,415  INFO [LocalJobRunner Map Task Executor #0] mapred.MapTask: bufstart = 0; bufend = 166; bufvoid = 104857600
2024-04-24T00:55:07,415  INFO [LocalJobRunner Map Task Executor #0] mapred.MapTask: kvstart = 26214396(104857584); kvend = 26214396(104857584); length = 1/6553600
2024-04-24T00:55:07,423  INFO [LocalJobRunner Map Task Executor #0] mapred.MapTask: Finished spill 0
2024-04-24T00:55:07,426  INFO [LocalJobRunner Map Task Executor #0] mapred.Task: Task:attempt_local1427282826_0053_m_000006_0 is done. And is in the process of committing
2024-04-24T00:55:07,426  INFO [LocalJobRunner Map Task Executor #0] mapred.LocalJobRunner: OrcSplit [file:/home/alex/Repositories/hive/ql/target/tmp/org.apache.hadoop.hive.ql.TestTxnNoBuckets-1713945183193/warehouse/t/000000_0_copy_1, start=0, length=241, isOriginal=true, fileLength=241, hasFooter=false, hasBase=true, deltas=0]
2024-04-24T00:55:07,426  INFO [LocalJobRunner Map Task Executor #0] mapred.Task: Task 'attempt_local1427282826_0053_m_000006_0' done.
2024-04-24T00:55:07,426  INFO [LocalJobRunner Map Task Executor #0] mapred.Task: Final Counters for attempt_local1427282826_0053_m_000006_0: Counters: 24
	File System Counters
		FILE: Number of bytes read=1384010
		FILE: Number of bytes written=63761967
		FILE: Number of read operations=0
		FILE: Number of large read operations=0
		FILE: Number of write operations=0
	Map-Reduce Framework
		Map input records=1
		Map output records=1
		Map output bytes=166
		Map output materialized bytes=175
		Input split bytes=459
		Combine input records=0
		Spilled Records=1
		Failed Shuffles=0
		Merged Map outputs=0
		GC time elapsed (ms)=0
		Total committed heap usage (bytes)=1389887488
	HIVE
		DESERIALIZE_ERRORS=0
		RECORDS_IN=1
		RECORDS_OUT_INTERMEDIATE=1
		RECORDS_OUT_OPERATOR_MAP_0=0
		RECORDS_OUT_OPERATOR_RS_2=1
		RECORDS_OUT_OPERATOR_SEL_1=1
		RECORDS_OUT_OPERATOR_TS_0=1
	File Input Format Counters 
		Bytes Read=6533
2024-04-24T00:55:07,426  INFO [LocalJobRunner Map Task Executor #0] mapred.LocalJobRunner: Finishing task: attempt_local1427282826_0053_m_000006_0
2024-04-24T00:55:07,427  INFO [Thread-3436] mapred.LocalJobRunner: map task executor complete.
2024-04-24T00:55:07,428  INFO [Thread-3436] mapred.LocalJobRunner: Waiting for reduce tasks
2024-04-24T00:55:07,428  INFO [pool-226-thread-1] mapred.LocalJobRunner: Starting task: attempt_local1427282826_0053_r_000000_0
2024-04-24T00:55:07,428  INFO [pool-226-thread-1] mapred.Task:  Using ResourceCalculatorProcessTree : [ ]
2024-04-24T00:55:07,429  INFO [pool-226-thread-1] mapred.ReduceTask: Using ShuffleConsumerPlugin: org.apache.hadoop.mapreduce.task.reduce.Shuffle@12cb3833
2024-04-24T00:55:07,429  WARN [pool-226-thread-1] impl.MetricsSystemImpl: JobTracker metrics system already initialized!
2024-04-24T00:55:07,429  INFO [pool-226-thread-1] reduce.MergeManagerImpl: MergerManager: memoryLimit=1336252800, maxSingleShuffleLimit=334063200, mergeThreshold=881926912, ioSortFactor=10, memToMemMergeOutputsThreshold=10
2024-04-24T00:55:07,430  INFO [EventFetcher for fetching Map Completion Events] reduce.EventFetcher: attempt_local1427282826_0053_r_000000_0 Thread started: EventFetcher for fetching Map Completion Events
2024-04-24T00:55:07,433  INFO [localfetcher#33] reduce.LocalFetcher: localfetcher#33 about to shuffle output of map attempt_local1427282826_0053_m_000004_0 decomp: 326 len: 330 to MEMORY
2024-04-24T00:55:07,433  INFO [localfetcher#33] reduce.InMemoryMapOutput: Read 326 bytes from map-output for attempt_local1427282826_0053_m_000004_0
2024-04-24T00:55:07,433  INFO [localfetcher#33] reduce.MergeManagerImpl: closeInMemoryFile -> map-output of size: 326, inMemoryMapOutputs.size() -> 1, commitMemory -> 0, usedMemory ->326
2024-04-24T00:55:07,436  INFO [localfetcher#33] reduce.LocalFetcher: localfetcher#33 about to shuffle output of map attempt_local1427282826_0053_m_000001_0 decomp: 326 len: 330 to MEMORY
2024-04-24T00:55:07,436  INFO [localfetcher#33] reduce.InMemoryMapOutput: Read 326 bytes from map-output for attempt_local1427282826_0053_m_000001_0
2024-04-24T00:55:07,436  INFO [localfetcher#33] reduce.MergeManagerImpl: closeInMemoryFile -> map-output of size: 326, inMemoryMapOutputs.size() -> 2, commitMemory -> 326, usedMemory ->652
2024-04-24T00:55:07,438  INFO [localfetcher#33] reduce.LocalFetcher: localfetcher#33 about to shuffle output of map attempt_local1427282826_0053_m_000006_0 decomp: 171 len: 175 to MEMORY
2024-04-24T00:55:07,438  INFO [localfetcher#33] reduce.InMemoryMapOutput: Read 171 bytes from map-output for attempt_local1427282826_0053_m_000006_0
2024-04-24T00:55:07,438  INFO [localfetcher#33] reduce.MergeManagerImpl: closeInMemoryFile -> map-output of size: 171, inMemoryMapOutputs.size() -> 3, commitMemory -> 652, usedMemory ->823
2024-04-24T00:55:07,441  INFO [localfetcher#33] reduce.LocalFetcher: localfetcher#33 about to shuffle output of map attempt_local1427282826_0053_m_000000_0 decomp: 185 len: 189 to MEMORY
2024-04-24T00:55:07,441  INFO [localfetcher#33] reduce.InMemoryMapOutput: Read 185 bytes from map-output for attempt_local1427282826_0053_m_000000_0
2024-04-24T00:55:07,441  INFO [localfetcher#33] reduce.MergeManagerImpl: closeInMemoryFile -> map-output of size: 185, inMemoryMapOutputs.size() -> 4, commitMemory -> 823, usedMemory ->1008
2024-04-24T00:55:07,443  INFO [localfetcher#33] reduce.LocalFetcher: localfetcher#33 about to shuffle output of map attempt_local1427282826_0053_m_000002_0 decomp: 368 len: 372 to MEMORY
2024-04-24T00:55:07,443  INFO [localfetcher#33] reduce.InMemoryMapOutput: Read 368 bytes from map-output for attempt_local1427282826_0053_m_000002_0
2024-04-24T00:55:07,443  INFO [localfetcher#33] reduce.MergeManagerImpl: closeInMemoryFile -> map-output of size: 368, inMemoryMapOutputs.size() -> 5, commitMemory -> 1008, usedMemory ->1376
2024-04-24T00:55:07,446  INFO [localfetcher#33] reduce.LocalFetcher: localfetcher#33 about to shuffle output of map attempt_local1427282826_0053_m_000003_0 decomp: 164 len: 168 to MEMORY
2024-04-24T00:55:07,446  INFO [localfetcher#33] reduce.InMemoryMapOutput: Read 164 bytes from map-output for attempt_local1427282826_0053_m_000003_0
2024-04-24T00:55:07,446  INFO [localfetcher#33] reduce.MergeManagerImpl: closeInMemoryFile -> map-output of size: 164, inMemoryMapOutputs.size() -> 6, commitMemory -> 1376, usedMemory ->1540
2024-04-24T00:55:07,448  INFO [localfetcher#33] reduce.LocalFetcher: localfetcher#33 about to shuffle output of map attempt_local1427282826_0053_m_000005_0 decomp: 185 len: 189 to MEMORY
2024-04-24T00:55:07,448  INFO [localfetcher#33] reduce.InMemoryMapOutput: Read 185 bytes from map-output for attempt_local1427282826_0053_m_000005_0
2024-04-24T00:55:07,448  INFO [localfetcher#33] reduce.MergeManagerImpl: closeInMemoryFile -> map-output of size: 185, inMemoryMapOutputs.size() -> 7, commitMemory -> 1540, usedMemory ->1725
2024-04-24T00:55:07,448  INFO [EventFetcher for fetching Map Completion Events] reduce.EventFetcher: EventFetcher is interrupted.. Returning
2024-04-24T00:55:07,449  INFO [pool-226-thread-1] mapred.LocalJobRunner: 7 / 7 copied.
2024-04-24T00:55:07,449  INFO [pool-226-thread-1] reduce.MergeManagerImpl: finalMerge called with 7 in-memory map-outputs and 0 on-disk map-outputs
2024-04-24T00:55:07,455  INFO [pool-226-thread-1] mapred.Merger: Merging 7 sorted segments
2024-04-24T00:55:07,455  INFO [pool-226-thread-1] mapred.Merger: Down to the last merge-pass, with 7 segments left of total size: 640 bytes
2024-04-24T00:55:07,458  INFO [pool-226-thread-1] reduce.MergeManagerImpl: Merged 7 segments, 1725 bytes to disk to satisfy reduce memory limit
2024-04-24T00:55:07,458  INFO [pool-226-thread-1] reduce.MergeManagerImpl: Merging 1 files, 1717 bytes from disk
2024-04-24T00:55:07,458  INFO [pool-226-thread-1] reduce.MergeManagerImpl: Merging 0 segments, 0 bytes from memory into reduce
2024-04-24T00:55:07,458  INFO [pool-226-thread-1] mapred.Merger: Merging 1 sorted segments
2024-04-24T00:55:07,458  INFO [pool-226-thread-1] mapred.Merger: Down to the last merge-pass, with 1 segments left of total size: 1568 bytes
2024-04-24T00:55:07,458  INFO [pool-226-thread-1] mapred.LocalJobRunner: 7 / 7 copied.
2024-04-24T00:55:07,459  INFO [pool-226-thread-1] exec.SerializationUtilities: Deserializing ReduceWork using kryo
2024-04-24T00:55:07,459  INFO [pool-226-thread-1] exec.Utilities: Deserialized plan (via FILE) - name: null size: 6,14KB
2024-04-24T00:55:07,460  INFO [pool-226-thread-1] ExecReducer: 
<SEL>Id =3
  <Children>
    <FS>Id =4
      <Children>
      <\Children>
      <Parent>Id = 3 null<\Parent>
    <\FS>
  <\Children>
  <Parent><\Parent>
<\SEL>
2024-04-24T00:55:07,460  INFO [pool-226-thread-1] exec.SelectOperator: Initializing Operator: SEL[3]
2024-04-24T00:55:07,460  INFO [pool-226-thread-1] exec.SelectOperator: SELECT struct<key:struct<reducesinkkey0:int,reducesinkkey1:int,reducesinkkey2:string>,value:struct<_col0:struct<writeid:bigint,bucketid:int,rowid:bigint>>>
2024-04-24T00:55:07,460  INFO [pool-226-thread-1] exec.FileSinkOperator: Initializing Operator: FS[4]
2024-04-24T00:55:07,461  INFO [pool-226-thread-1] exec.FileSinkOperator: Using serializer : class org.apache.hadoop.hive.serde2.lazy.LazySimpleSerDe [serdeParams=org.apache.hadoop.hive.serde2.lazy.LazySerDeParameters@7509b25f, cachedObjectInspector=org.apache.hadoop.hive.serde2.lazy.objectinspector.LazySimpleStructObjectInspector<org.apache.hadoop.hive.serde2.lazy.objectinspector.LazySimpleStructObjectInspector<org.apache.hadoop.hive.serde2.lazy.objectinspector.primitive.LazyLongObjectInspector@f1b0658,org.apache.hadoop.hive.serde2.lazy.objectinspector.primitive.LazyIntObjectInspector@4870d2e1,org.apache.hadoop.hive.serde2.lazy.objectinspector.primitive.LazyLongObjectInspector@f1b0658>,org.apache.hadoop.hive.serde2.lazy.objectinspector.primitive.LazyIntObjectInspector@4870d2e1,org.apache.hadoop.hive.serde2.lazy.objectinspector.primitive.LazyIntObjectInspector@4870d2e1,org.apache.hadoop.hive.serde2.lazy.objectinspector.primitive.LazyStringObjectInspector@361065d1>, serializedSize=0, stats=org.apache.hadoop.hive.serde2.SerDeStats@395068d1, lastOperationSerialize=false, lastOperationDeserialize=false [1, 2, 3, 4, 5, 6, 7, 8, 11, 14, 15, 16, 17, 18, 19, 20, 21, 22, 23, 24, 25, 26, 28, 29, 30, 31, -128, -127, -126, -125, -124, -123, -122, -121, -120, -119, -118, -117, -116, -115, -114, -113, -112, -111, -110, -109, -108, -107, -106, -105, -104, -103, -102, -101, -100, -99, -98, -97, -96, -95, -94, -93, -92, -91, -90, -89, -88, -87, -86, -85, -84, -83, -82, -81, -80, -79, -78, -77, -76, -75, -74, -73, -72, -71, -70, -69, -68, -67, -66, -65, -64, -63, -62, -61, -60, -59, -58, -57, -56, -55, -54, -53, -52, -51, -50, -49, -48, -47, -46, -45, -44, -43, -42, -41, -40, -39, -38, -37, -36, -35, -34, -33, -32, -31, -30, -29, -28, -27, -26, -25, -24, -23, -22, -21, -20, -19, -18, -17, -16, -15, -14, -13, -12, -11, -10, -9, -8, -7, -6, -5, -4, -3, -2, -1] : [_col0, _col1, _col2, _col3] : [struct<writeid:bigint,bucketid:int,rowid:bigint>, int, int, string]] and formatter : org.apache.hadoop.hive.ql.io.HiveSequenceFileOutputFormat@ae8a5ac
2024-04-24T00:55:07,461  INFO [pool-226-thread-1] exec.FileSinkOperator: Final Path: FS file:/home/alex/Repositories/hive/ql/target/tmp/localscratchdir/d722f3ca-04ab-4562-aceb-d9034f7af316/hive_2024-04-24_00-55-06_499_3048699542092760756-1/-mr-10001/.hive-staging_hive_2024-04-24_00-55-06_499_3048699542092760756-1/_tmp.-ext-10002/000000_0
2024-04-24T00:55:07,461  INFO [pool-226-thread-1] exec.FileSinkOperator: Writing to temp file: FS file:/home/alex/Repositories/hive/ql/target/tmp/localscratchdir/d722f3ca-04ab-4562-aceb-d9034f7af316/hive_2024-04-24_00-55-06_499_3048699542092760756-1/-mr-10001/.hive-staging_hive_2024-04-24_00-55-06_499_3048699542092760756-1/_task_tmp.-ext-10002/_tmp.000000_0
2024-04-24T00:55:07,461  INFO [pool-226-thread-1] exec.FileSinkOperator: New Final Path: FS file:/home/alex/Repositories/hive/ql/target/tmp/localscratchdir/d722f3ca-04ab-4562-aceb-d9034f7af316/hive_2024-04-24_00-55-06_499_3048699542092760756-1/-mr-10001/.hive-staging_hive_2024-04-24_00-55-06_499_3048699542092760756-1/_tmp.-ext-10002/000000_0
2024-04-24T00:55:07,468  INFO [pool-226-thread-1] exec.FileSinkOperator: FS[4]: records written - 1
2024-04-24T00:55:07,469  INFO [pool-226-thread-1] exec.FileSinkOperator: FS[4]: records written - 10
2024-04-24T00:55:07,469  INFO [pool-226-thread-1] exec.SelectOperator: Closing Operator: SEL[3]
2024-04-24T00:55:07,469  INFO [pool-226-thread-1] exec.SelectOperator: RECORDS_OUT_OPERATOR_SEL_3:10, RECORDS_OUT_INTERMEDIATE:0, 
2024-04-24T00:55:07,469  INFO [pool-226-thread-1] exec.FileSinkOperator: Closing Operator: FS[4]
2024-04-24T00:55:07,469  INFO [pool-226-thread-1] exec.FileSinkOperator: FS[4]: records written - 10
2024-04-24T00:55:07,469  INFO [pool-226-thread-1] exec.FileSinkOperator: RECORDS_OUT_0:10, RECORDS_OUT_INTERMEDIATE:0, RECORDS_OUT_OPERATOR_FS_4:10, 
2024-04-24T00:55:07,470  INFO [pool-226-thread-1] mapred.Task: Task:attempt_local1427282826_0053_r_000000_0 is done. And is in the process of committing
2024-04-24T00:55:07,470  INFO [pool-226-thread-1] mapred.LocalJobRunner: reduce > reduce
2024-04-24T00:55:07,470  INFO [pool-226-thread-1] mapred.Task: Task 'attempt_local1427282826_0053_r_000000_0' done.
2024-04-24T00:55:07,470  INFO [pool-226-thread-1] mapred.Task: Final Counters for attempt_local1427282826_0053_r_000000_0: Counters: 29
	File System Counters
		FILE: Number of bytes read=1393901
		FILE: Number of bytes written=63765467
		FILE: Number of read operations=0
		FILE: Number of large read operations=0
		FILE: Number of write operations=0
	Map-Reduce Framework
		Combine input records=0
		Combine output records=0
		Reduce input groups=10
		Reduce shuffle bytes=1753
		Reduce input records=10
		Reduce output records=0
		Spilled Records=10
		Shuffled Maps =7
		Failed Shuffles=0
		Merged Map outputs=7
		GC time elapsed (ms)=0
		Total committed heap usage (bytes)=1389887488
	HIVE
		CREATED_FILES=1
		RECORDS_OUT_0=10
		RECORDS_OUT_INTERMEDIATE=0
		RECORDS_OUT_OPERATOR_FS_4=10
		RECORDS_OUT_OPERATOR_SEL_3=10
	Shuffle Errors
		BAD_ID=0
		CONNECTION=0
		IO_ERROR=0
		WRONG_LENGTH=0
		WRONG_MAP=0
		WRONG_REDUCE=0
	File Output Format Counters 
		Bytes Written=0
2024-04-24T00:55:07,470  INFO [pool-226-thread-1] mapred.LocalJobRunner: Finishing task: attempt_local1427282826_0053_r_000000_0
2024-04-24T00:55:07,470  INFO [Thread-3436] mapred.LocalJobRunner: reduce task executor complete.
2024-04-24 00:55:07,978 Stage-1 map = 100%,  reduce = 100%
2024-04-24T00:55:07,978  INFO [main] exec.Task: 2024-04-24 00:55:07,978 Stage-1 map = 100%,  reduce = 100%
Ended Job = job_local1427282826_0053
2024-04-24T00:55:07,980  INFO [main] exec.Task: Ended Job = job_local1427282826_0053
2024-04-24T00:55:07,983  INFO [main] metadata.Hive: Dumping metastore api call timing information for : execution phase
2024-04-24T00:55:07,983  INFO [main] metadata.Hive: Total time spent in each metastore function (ms): {}
MapReduce Jobs Launched: 
2024-04-24T00:55:07,984  INFO [main] ql.Driver: MapReduce Jobs Launched: 
Stage-Stage-1:  HDFS Read: 0 HDFS Write: 0 SUCCESS
2024-04-24T00:55:07,984  INFO [main] ql.Driver: Stage-Stage-1:  HDFS Read: 0 HDFS Write: 0 SUCCESS
Total MapReduce CPU Time Spent: 0 msec
2024-04-24T00:55:07,984  INFO [main] ql.Driver: Total MapReduce CPU Time Spent: 0 msec
2024-04-24T00:55:07,984  INFO [main] ql.Driver: Completed executing command(queryId=alex_20240424005501_81ec1ab7-7de0-4cab-a542-6b148e9002ac); Time taken: 1.32 seconds
2024-04-24T00:55:07,984  INFO [main] lockmgr.DbTxnManager: Stopped heartbeat for query: alex_20240424005501_81ec1ab7-7de0-4cab-a542-6b148e9002ac
2024-04-24T00:55:07,990  INFO [main] txn.TxnHandler: Expected to move at least one record from txn_components to completed_txn_components when committing txn! txnid:22
2024-04-24T00:55:07,998  INFO [main] txn.TxnHandler: Removed transactions: ([22]) from MIN_HISTORY_LEVEL
2024-04-24T00:55:07,998  WARN [main] txn.CompactionTxnHandler: No compaction queue record found for Compaction type transaction commit. txnId:22
2024-04-24T00:55:08,002  INFO [main] mapred.FileInputFormat: Total input files to process : 1
2024-04-24T00:55:08,004  INFO [main] exec.ListSinkOperator: Closing Operator: LIST_SINK[5]
2024-04-24T00:55:08,005  INFO [main] exec.ListSinkOperator: RECORDS_OUT_OPERATOR_LIST_SINK_5:10, RECORDS_OUT_INTERMEDIATE:0, 
2024-04-24T00:55:08,005  WARN [main] ql.TestTxnNoBuckets: null: read data(after converting to acid (no compaction)): 
2024-04-24T00:55:08,005  INFO [main] ql.TestTxnNoBuckets: {"writeid":0,"bucketid":537001984,"rowid":0}	1	2	file:/home/alex/Repositories/hive/ql/target/tmp/org.apache.hadoop.hive.ql.TestTxnNoBuckets-1713945183193/warehouse/t/000002_0
{"writeid":0,"bucketid":537001984,"rowid":1}	2	4	file:/home/alex/Repositories/hive/ql/target/tmp/org.apache.hadoop.hive.ql.TestTxnNoBuckets-1713945183193/warehouse/t/000002_0
{"writeid":0,"bucketid":536870912,"rowid":0}	5	6	file:/home/alex/Repositories/hive/ql/target/tmp/org.apache.hadoop.hive.ql.TestTxnNoBuckets-1713945183193/warehouse/t/000000_0
{"writeid":0,"bucketid":536936448,"rowid":0}	6	8	file:/home/alex/Repositories/hive/ql/target/tmp/org.apache.hadoop.hive.ql.TestTxnNoBuckets-1713945183193/warehouse/t/000001_0
{"writeid":0,"bucketid":536870912,"rowid":1}	9	10	file:/home/alex/Repositories/hive/ql/target/tmp/org.apache.hadoop.hive.ql.TestTxnNoBuckets-1713945183193/warehouse/t/000000_0
{"writeid":0,"bucketid":536870912,"rowid":3}	10	20	file:/home/alex/Repositories/hive/ql/target/tmp/org.apache.hadoop.hive.ql.TestTxnNoBuckets-1713945183193/warehouse/t/HIVE_UNION_SUBDIR_15/000000_0
{"writeid":0,"bucketid":536870912,"rowid":2}	12	12	file:/home/alex/Repositories/hive/ql/target/tmp/org.apache.hadoop.hive.ql.TestTxnNoBuckets-1713945183193/warehouse/t/000000_0_copy_1
{"writeid":0,"bucketid":536870912,"rowid":4}	20	40	file:/home/alex/Repositories/hive/ql/target/tmp/org.apache.hadoop.hive.ql.TestTxnNoBuckets-1713945183193/warehouse/t/HIVE_UNION_SUBDIR_15/000000_0
{"writeid":0,"bucketid":536870912,"rowid":5}	50	60	file:/home/alex/Repositories/hive/ql/target/tmp/org.apache.hadoop.hive.ql.TestTxnNoBuckets-1713945183193/warehouse/t/HIVE_UNION_SUBDIR_16/000000_0
{"writeid":0,"bucketid":536936448,"rowid":1}	60	80	file:/home/alex/Repositories/hive/ql/target/tmp/org.apache.hadoop.hive.ql.TestTxnNoBuckets-1713945183193/warehouse/t/HIVE_UNION_SUBDIR_16/000001_0

2024-04-24T00:55:08,005  INFO [main] ql.TxnCommandsBaseForTests: Running the query: EXPLAIN VECTORIZATION DETAIL update T set b = 88 where b = 80
2024-04-24T00:55:08,006  INFO [main] ql.Context: Deleting scratch dir: file:/home/alex/Repositories/hive/ql/target/tmp/localscratchdir/d722f3ca-04ab-4562-aceb-d9034f7af316/hive_2024-04-24_00-55-06_499_3048699542092760756-1
2024-04-24T00:55:08,007  INFO [main] cleanup.SyncCleanupService: Deleted directory: file:/home/alex/Repositories/hive/ql/target/tmp/localscratchdir/d722f3ca-04ab-4562-aceb-d9034f7af316/hive_2024-04-24_00-55-06_499_3048699542092760756-1 on fs with scheme file
2024-04-24T00:55:08,007  INFO [main] ql.Driver: Compiling command(queryId=alex_20240424005501_81ec1ab7-7de0-4cab-a542-6b148e9002ac): EXPLAIN VECTORIZATION DETAIL update T set b = 88 where b = 80
2024-04-24T00:55:08,013  INFO [main] txn.TxnHandler: Added entries to MIN_HISTORY_LEVEL for current txns: ([23]) with min_open_txn: 23
2024-04-24T00:55:08,013  INFO [main] lockmgr.DbTxnManager: Opened txnid:23
2024-04-24T00:55:08,014  INFO [main] HiveMetaStore.audit: ugi=alex	ip=unknown-ip-addr	cmd=get_table : tbl=hive.default.T	
2024-04-24T00:55:08,028  INFO [main] metastore.HMSHandler: Skipping translation for processor with null
2024-04-24T00:55:08,028  INFO [main] parse.RewriteSemanticAnalyzer: Going to reparse <EXPLAIN VECTORIZATION DETAIL update T set b = 88 where b = 80> as 
<insert into table `default`.`T` select ROW__ID,`a`,`b` from `default`.`T` sort by ROW__ID >
2024-04-24T00:55:08,029  INFO [main] parse.UpdateDeleteSemanticAnalyzer: Starting Semantic Analysis
2024-04-24T00:55:08,034  INFO [main] HiveMetaStore.audit: ugi=alex	ip=unknown-ip-addr	cmd=get_table : tbl=hive.default.T	
2024-04-24T00:55:08,047  INFO [main] metastore.HMSHandler: Skipping translation for processor with null
2024-04-24T00:55:08,047  INFO [main] parse.UpdateDeleteSemanticAnalyzer: Completed phase 1 of Semantic Analysis
2024-04-24T00:55:08,047  INFO [main] parse.UpdateDeleteSemanticAnalyzer: Get metadata for source tables
2024-04-24T00:55:08,049  INFO [main] HiveMetaStore.audit: ugi=alex	ip=unknown-ip-addr	cmd=get_table : tbl=hive.default.t	
2024-04-24T00:55:08,057  INFO [main] metastore.HMSHandler: Skipping translation for processor with null
2024-04-24T00:55:08,057  INFO [main] parse.UpdateDeleteSemanticAnalyzer: Get metadata for subqueries
2024-04-24T00:55:08,057  INFO [main] parse.UpdateDeleteSemanticAnalyzer: Get metadata for destination tables
2024-04-24T00:55:08,057  INFO [main] HiveMetaStore.audit: ugi=alex	ip=unknown-ip-addr	cmd=get_table : tbl=hive.default.T	
2024-04-24T00:55:08,065  INFO [main] metastore.HMSHandler: Skipping translation for processor with null
2024-04-24T00:55:08,065  INFO [main] parse.UpdateDeleteSemanticAnalyzer: Completed getting MetaData in Semantic Analysis
2024-04-24T00:55:08,065  INFO [main] parse.UpdateDeleteSemanticAnalyzer: Disabling LLAP IO encode as ETL query is detected
2024-04-24T00:55:08,080  INFO [main] HiveMetaStore.audit: ugi=alex	ip=unknown-ip-addr	cmd=get_all_table_constraints : tbl=hive.default.t	
2024-04-24T00:55:08,087  INFO [main] HiveMetaStore.audit: ugi=alex	ip=unknown-ip-addr	cmd=get_not_null_constraints : tbl=hive.default.t	
2024-04-24T00:55:08,088  INFO [main] HiveMetaStore.audit: ugi=alex	ip=unknown-ip-addr	cmd=get_check_constraints : tbl=hive.default.t	
2024-04-24T00:55:08,112  INFO [main] calcite.RelOptHiveTable: Calculating column statistics for default.t, projIndxSet: [0, 1], allowMissingStats: true
2024-04-24T00:55:08,113  INFO [main] HiveMetaStore.audit: ugi=alex	ip=unknown-ip-addr	cmd=get_table_statistics_req: table=hive.default.t	
2024-04-24T00:55:08,123  WARN [main] calcite.RelOptHiveTable: No Stats for default@t, Columns: b, a
No Stats for default@t, Columns: b, a
2024-04-24T00:55:08,123  INFO [main] SessionState: No Stats for default@t, Columns: b, a
2024-04-24T00:55:08,205  INFO [main] parse.UpdateDeleteSemanticAnalyzer: Get metadata for source tables
2024-04-24T00:55:08,206  INFO [main] parse.UpdateDeleteSemanticAnalyzer: Get metadata for subqueries
2024-04-24T00:55:08,206  INFO [main] parse.UpdateDeleteSemanticAnalyzer: Get metadata for destination tables
2024-04-24T00:55:08,206  INFO [main] HiveMetaStore.audit: ugi=alex	ip=unknown-ip-addr	cmd=get_table : tbl=hive.default.T	
2024-04-24T00:55:08,214  INFO [main] metastore.HMSHandler: Skipping translation for processor with null
2024-04-24T00:55:08,217  INFO [main] parse.UpdateDeleteSemanticAnalyzer: CBO Succeeded; optimized logical plan.
2024-04-24T00:55:08,222  INFO [main] optimizer.ColumnPrunerProcFactory: RS 5 oldColExprMap: {VALUE._col1=Column[_col1], VALUE._col2=Column[_col2], VALUE._col0=Column[_col0]}
2024-04-24T00:55:08,223  INFO [main] optimizer.ColumnPrunerProcFactory: RS 5 newColExprMap: {VALUE._col0=Column[_col0], VALUE._col2=Column[_col2], VALUE._col1=Column[_col1]}
2024-04-24T00:55:08,223  INFO [main] optimizer.ColumnPrunerProcFactory: RS 3 oldColExprMap: {VALUE._col0=Column[_col1], KEY.reducesinkkey0=Column[_col0]}
2024-04-24T00:55:08,223  INFO [main] optimizer.ColumnPrunerProcFactory: RS 3 newColExprMap: {KEY.reducesinkkey0=Column[_col0], VALUE._col0=Column[_col1]}
2024-04-24T00:55:08,223  INFO [main] optimizer.ColumnPrunerProcFactory: RS 3 oldColExprMap: {KEY.reducesinkkey0=Column[_col0], VALUE._col0=Column[_col1]}
2024-04-24T00:55:08,223  INFO [main] optimizer.ColumnPrunerProcFactory: RS 3 newColExprMap: {VALUE._col0=Column[_col1], KEY.reducesinkkey0=Column[_col0]}
2024-04-24T00:55:08,224  INFO [main] optimizer.BucketVersionPopulator: not considering bucketingVersion for: TS[0] because it has -1<2 buckets 
2024-04-24T00:55:08,243  INFO [main] optimizer.SortedDynPartitionOptimizer: Sorted dynamic partitioning optimization kicked in..
2024-04-24T00:55:08,252  INFO [main] HiveMetaStore.audit: ugi=alex	ip=unknown-ip-addr	cmd=get_table : tbl=hive.default.t	
2024-04-24T00:55:08,261  INFO [main] metastore.HMSHandler: Skipping translation for processor with null
2024-04-24T00:55:08,261  INFO [main] physical.Vectorizer: Examining input format to see if vectorization is enabled.
2024-04-24T00:55:08,261  INFO [main] physical.Vectorizer: Vectorization is enabled for input format(s) [org.apache.hadoop.hive.ql.io.orc.OrcInputFormat]
2024-04-24T00:55:08,261  INFO [main] physical.Vectorizer: Validating and vectorizing MapWork... (vectorizedVertexNum 0)
2024-04-24T00:55:08,264  INFO [main] physical.Vectorizer: Map vectorization enabled: true
2024-04-24T00:55:08,264  INFO [main] physical.Vectorizer: Map vectorized: true
2024-04-24T00:55:08,264  INFO [main] physical.Vectorizer: Map vectorizedVertexNum: 0
2024-04-24T00:55:08,264  INFO [main] physical.Vectorizer: Map enabledConditionsMet: [hive.vectorized.use.vectorized.input.format IS true]
2024-04-24T00:55:08,264  INFO [main] physical.Vectorizer: Map inputFileFormatClassNameSet: [org.apache.hadoop.hive.ql.io.orc.OrcInputFormat]
2024-04-24T00:55:08,264  INFO [main] physical.Vectorizer: Reduce vectorization enabled: false
2024-04-24T00:55:08,264  INFO [main] physical.Vectorizer: Reduce vectorized: false
2024-04-24T00:55:08,264  INFO [main] physical.Vectorizer: Reduce vectorizedVertexNum: 1
2024-04-24T00:55:08,264  INFO [main] physical.Vectorizer: Reducer hive.vectorized.execution.reduce.enabled: true
2024-04-24T00:55:08,264  INFO [main] physical.Vectorizer: Reducer engine: mr
2024-04-24T00:55:08,264  INFO [main] parse.UpdateDeleteSemanticAnalyzer: Completed plan generation
2024-04-24T00:55:08,269  INFO [main] ql.Driver: Semantic Analysis Completed (retrial = false)
2024-04-24T00:55:08,269  INFO [main] ql.Driver: Created Hive schema: Schema(fieldSchemas:[FieldSchema(name:Explain, type:string, comment:null)], properties:null)
2024-04-24T00:55:08,270  INFO [main] metadata.Hive: Dumping metastore api call timing information for : compilation phase
2024-04-24T00:55:08,270  INFO [main] metadata.Hive: Total time spent in each metastore function (ms): {getTableColumnStatistics_(String, String, List, String)=9, getCheckConstraints_(CheckConstraintsRequest)=1, getNotNullConstraints_(NotNullConstraintsRequest)=1, isCompatibleWith_(Configuration)=1, openTxn_(String, TxnType)=3, getTable_(GetTableRequest)=61, getValidWriteIds_(List, String)=6, getValidTxns_(long)=1, flushCache_()=0, getAllTableConstraints_(AllTableConstraintsRequest)=5, commitTxn_(CommitTxnRequest)=14}
2024-04-24T00:55:08,270  INFO [main] ql.Driver: Completed compiling command(queryId=alex_20240424005501_81ec1ab7-7de0-4cab-a542-6b148e9002ac); Time taken: 0.262 seconds
2024-04-24T00:55:08,270  INFO [main] ql.Driver: Executing command(queryId=alex_20240424005501_81ec1ab7-7de0-4cab-a542-6b148e9002ac): EXPLAIN VECTORIZATION DETAIL update T set b = 88 where b = 80
2024-04-24T00:55:08,270  INFO [main] ql.Driver: Starting task [Stage-3:EXPLAIN] in serial mode
2024-04-24T00:55:08,303  INFO [main] metadata.Hive: Dumping metastore api call timing information for : execution phase
2024-04-24T00:55:08,303  INFO [main] metadata.Hive: Total time spent in each metastore function (ms): {}
2024-04-24T00:55:08,303  INFO [main] ql.Driver: Completed executing command(queryId=alex_20240424005501_81ec1ab7-7de0-4cab-a542-6b148e9002ac); Time taken: 0.033 seconds
2024-04-24T00:55:08,303  INFO [main] lockmgr.DbTxnManager: Stopped heartbeat for query: alex_20240424005501_81ec1ab7-7de0-4cab-a542-6b148e9002ac
2024-04-24T00:55:08,309  INFO [main] txn.TxnHandler: Expected to move at least one record from txn_components to completed_txn_components when committing txn! txnid:23
2024-04-24T00:55:08,315  INFO [main] txn.TxnHandler: Removed transactions: ([23]) from MIN_HISTORY_LEVEL
2024-04-24T00:55:08,315  WARN [main] txn.CompactionTxnHandler: No compaction queue record found for Compaction type transaction commit. txnId:23
2024-04-24T00:55:08,317  INFO [main] ql.TxnCommandsBaseForTests: Running the query: update T set b = 88 where b = 80
2024-04-24T00:55:08,317  INFO [main] ql.Context: Deleting scratch dir: file:/home/alex/Repositories/hive/ql/target/tmp/localscratchdir/d722f3ca-04ab-4562-aceb-d9034f7af316/hive_2024-04-24_00-55-08_028_7994267738994164922-1
2024-04-24T00:55:08,317  INFO [main] ql.Context: Deleting scratch dir: file:/home/alex/Repositories/hive/ql/target/tmp/localscratchdir/d722f3ca-04ab-4562-aceb-d9034f7af316/hive_2024-04-24_00-55-08_007_4550989428146414438-1
2024-04-24T00:55:08,317  INFO [main] cleanup.SyncCleanupService: Deleted directory: file:/home/alex/Repositories/hive/ql/target/tmp/localscratchdir/d722f3ca-04ab-4562-aceb-d9034f7af316/hive_2024-04-24_00-55-08_007_4550989428146414438-1 on fs with scheme file
2024-04-24T00:55:08,317  INFO [main] ql.Driver: Compiling command(queryId=alex_20240424005501_81ec1ab7-7de0-4cab-a542-6b148e9002ac): update T set b = 88 where b = 80
2024-04-24T00:55:08,320  INFO [main] txn.TxnHandler: Added entries to MIN_HISTORY_LEVEL for current txns: ([24]) with min_open_txn: 23
2024-04-24T00:55:08,320  INFO [main] lockmgr.DbTxnManager: Opened txnid:24
2024-04-24T00:55:08,321  INFO [main] parse.UpdateDeleteSemanticAnalyzer: Starting caching scope for: alex_20240424005501_81ec1ab7-7de0-4cab-a542-6b148e9002ac
2024-04-24T00:55:08,321  INFO [main] HiveMetaStore.audit: ugi=alex	ip=unknown-ip-addr	cmd=get_table : tbl=hive.default.T	
2024-04-24T00:55:08,328  INFO [main] metastore.HMSHandler: Skipping translation for processor with null
2024-04-24T00:55:08,328  INFO [main] parse.RewriteSemanticAnalyzer: Going to reparse <update T set b = 88 where b = 80> as 
<insert into table `default`.`T` select ROW__ID,`a`,`b` from `default`.`T` sort by ROW__ID >
2024-04-24T00:55:08,329  INFO [main] parse.UpdateDeleteSemanticAnalyzer: Starting Semantic Analysis
2024-04-24T00:55:08,332  INFO [main] HiveMetaStore.audit: ugi=alex	ip=unknown-ip-addr	cmd=get_table : tbl=hive.default.T	
2024-04-24T00:55:08,342  INFO [main] metastore.HMSHandler: Skipping translation for processor with null
2024-04-24T00:55:08,342  INFO [main] parse.UpdateDeleteSemanticAnalyzer: Completed phase 1 of Semantic Analysis
2024-04-24T00:55:08,342  INFO [main] parse.UpdateDeleteSemanticAnalyzer: Get metadata for source tables
2024-04-24T00:55:08,342  INFO [main] HiveMetaStore.audit: ugi=alex	ip=unknown-ip-addr	cmd=get_table : tbl=hive.default.t	
2024-04-24T00:55:08,350  INFO [main] metastore.HMSHandler: Skipping translation for processor with null
2024-04-24T00:55:08,350  INFO [main] parse.UpdateDeleteSemanticAnalyzer: Get metadata for subqueries
2024-04-24T00:55:08,350  INFO [main] parse.UpdateDeleteSemanticAnalyzer: Get metadata for destination tables
2024-04-24T00:55:08,351  INFO [main] parse.UpdateDeleteSemanticAnalyzer: Completed getting MetaData in Semantic Analysis
2024-04-24T00:55:08,351  INFO [main] parse.UpdateDeleteSemanticAnalyzer: Disabling LLAP IO encode as ETL query is detected
2024-04-24T00:55:08,365  INFO [main] HiveMetaStore.audit: ugi=alex	ip=unknown-ip-addr	cmd=get_all_table_constraints : tbl=hive.default.t	
2024-04-24T00:55:08,373  INFO [main] HiveMetaStore.audit: ugi=alex	ip=unknown-ip-addr	cmd=get_not_null_constraints : tbl=hive.default.t	
2024-04-24T00:55:08,374  INFO [main] HiveMetaStore.audit: ugi=alex	ip=unknown-ip-addr	cmd=get_check_constraints : tbl=hive.default.t	
2024-04-24T00:55:08,401  INFO [main] calcite.RelOptHiveTable: Calculating column statistics for default.t, projIndxSet: [0, 1], allowMissingStats: true
2024-04-24T00:55:08,402  INFO [main] HiveMetaStore.audit: ugi=alex	ip=unknown-ip-addr	cmd=get_table_statistics_req: table=hive.default.t	
2024-04-24T00:55:08,414  WARN [main] calcite.RelOptHiveTable: No Stats for default@t, Columns: a, b
No Stats for default@t, Columns: a, b
2024-04-24T00:55:08,414  INFO [main] SessionState: No Stats for default@t, Columns: a, b
2024-04-24T00:55:08,481  INFO [main] parse.UpdateDeleteSemanticAnalyzer: Get metadata for source tables
2024-04-24T00:55:08,482  INFO [main] parse.UpdateDeleteSemanticAnalyzer: Get metadata for subqueries
2024-04-24T00:55:08,482  INFO [main] parse.UpdateDeleteSemanticAnalyzer: Get metadata for destination tables
2024-04-24T00:55:08,485 ERROR [main] parse.UpdateDeleteSemanticAnalyzer: CBO failed, skipping CBO. 
org.apache.hadoop.hive.ql.exec.NoMatchingMethodException: No matching method for class org.apache.hadoop.hive.ql.udf.UDFToInteger with (struct<writeid:bigint,bucketid:int,rowid:bigint>). Possible choices: _FUNC_(bigint)  _FUNC_(boolean)  _FUNC_(decimal(38,18))  _FUNC_(double)  _FUNC_(float)  _FUNC_(smallint)  _FUNC_(string)  _FUNC_(struct<bucketid:bigint,writeid:int,rowid:bigint>)  _FUNC_(timestamp)  _FUNC_(tinyint)  _FUNC_(void)  
	at org.apache.hadoop.hive.ql.exec.MethodUtils.getMethodInternal(MethodUtils.java:130) ~[classes/:?]
	at org.apache.hadoop.hive.ql.exec.MethodUtils.getMethodInternal(MethodUtils.java:60) ~[classes/:?]
	at org.apache.hadoop.hive.ql.exec.DefaultUDFMethodResolver.getEvalMethod(DefaultUDFMethodResolver.java:59) ~[classes/:?]
	at org.apache.hadoop.hive.ql.udf.TimestampCastRestrictorResolver.getEvalMethod(TimestampCastRestrictorResolver.java:68) ~[classes/:?]
	at org.apache.hadoop.hive.ql.udf.generic.GenericUDFBridge.initialize(GenericUDFBridge.java:168) ~[classes/:?]
	at org.apache.hadoop.hive.ql.udf.generic.GenericUDF.initializeAndFoldConstants(GenericUDF.java:149) ~[classes/:?]
	at org.apache.hadoop.hive.ql.plan.ExprNodeGenericFuncDesc.newInstance(ExprNodeGenericFuncDesc.java:235) ~[classes/:?]
	at org.apache.hadoop.hive.ql.parse.type.ExprNodeDescExprFactory.createFuncCallExpr(ExprNodeDescExprFactory.java:584) ~[classes/:?]
	at org.apache.hadoop.hive.ql.parse.type.ExprNodeDescExprFactory.createFuncCallExpr(ExprNodeDescExprFactory.java:97) ~[classes/:?]
	at org.apache.hadoop.hive.ql.parse.type.TypeCheckProcFactory$DefaultExprProcessor.getFuncExprNodeDescWithUdfData(TypeCheckProcFactory.java:762) ~[classes/:?]
	at org.apache.hadoop.hive.ql.parse.type.TypeCheckProcFactory$DefaultExprProcessor.createConversionCast(TypeCheckProcFactory.java:783) ~[classes/:?]
	at org.apache.hadoop.hive.ql.parse.SemanticAnalyzer.getPartitionColsFromBucketColsForUpdateDelete(SemanticAnalyzer.java:8725) ~[classes/:?]
	at org.apache.hadoop.hive.ql.parse.SemanticAnalyzer.genBucketingSortingDest(SemanticAnalyzer.java:6914) ~[classes/:?]
	at org.apache.hadoop.hive.ql.parse.SemanticAnalyzer.genFileSinkPlan(SemanticAnalyzer.java:7335) ~[classes/:?]
	at org.apache.hadoop.hive.ql.parse.SemanticAnalyzer.genPostGroupByBodyPlan(SemanticAnalyzer.java:11063) ~[classes/:?]
	at org.apache.hadoop.hive.ql.parse.SemanticAnalyzer.genBodyPlan(SemanticAnalyzer.java:10938) ~[classes/:?]
	at org.apache.hadoop.hive.ql.parse.SemanticAnalyzer.genPlan(SemanticAnalyzer.java:11853) ~[classes/:?]
	at org.apache.hadoop.hive.ql.parse.SemanticAnalyzer.genPlan(SemanticAnalyzer.java:11723) ~[classes/:?]
	at org.apache.hadoop.hive.ql.parse.CalcitePlanner.genOPTree(CalcitePlanner.java:626) ~[classes/:?]
	at org.apache.hadoop.hive.ql.parse.SemanticAnalyzer.analyzeInternal(SemanticAnalyzer.java:12558) ~[classes/:?]
	at org.apache.hadoop.hive.ql.parse.CalcitePlanner.analyzeInternal(CalcitePlanner.java:456) ~[classes/:?]
	at org.apache.hadoop.hive.ql.parse.RewriteSemanticAnalyzer.analyzeInternal(RewriteSemanticAnalyzer.java:67) ~[classes/:?]
	at org.apache.hadoop.hive.ql.parse.BaseSemanticAnalyzer.analyze(BaseSemanticAnalyzer.java:317) ~[classes/:?]
	at org.apache.hadoop.hive.ql.parse.UpdateDeleteSemanticAnalyzer.reparseAndSuperAnalyze(UpdateDeleteSemanticAnalyzer.java:208) ~[classes/:?]
	at org.apache.hadoop.hive.ql.parse.UpdateDeleteSemanticAnalyzer.analyzeUpdate(UpdateDeleteSemanticAnalyzer.java:63) ~[classes/:?]
	at org.apache.hadoop.hive.ql.parse.UpdateDeleteSemanticAnalyzer.analyze(UpdateDeleteSemanticAnalyzer.java:53) ~[classes/:?]
	at org.apache.hadoop.hive.ql.parse.RewriteSemanticAnalyzer.analyzeInternal(RewriteSemanticAnalyzer.java:72) ~[classes/:?]
	at org.apache.hadoop.hive.ql.parse.BaseSemanticAnalyzer.analyze(BaseSemanticAnalyzer.java:317) ~[classes/:?]
	at org.apache.hadoop.hive.ql.Compiler.analyze(Compiler.java:223) ~[classes/:?]
	at org.apache.hadoop.hive.ql.Compiler.compile(Compiler.java:105) ~[classes/:?]
	at org.apache.hadoop.hive.ql.Driver.compile(Driver.java:500) ~[classes/:?]
	at org.apache.hadoop.hive.ql.Driver.compileInternal(Driver.java:453) ~[classes/:?]
	at org.apache.hadoop.hive.ql.Driver.runInternal(Driver.java:181) ~[classes/:?]
	at org.apache.hadoop.hive.ql.Driver.run(Driver.java:153) ~[classes/:?]
	at org.apache.hadoop.hive.ql.Driver.run(Driver.java:140) ~[classes/:?]
	at org.apache.hadoop.hive.ql.TxnCommandsBaseForTests.runStatementOnDriver(TxnCommandsBaseForTests.java:245) ~[test-classes/:?]
	at org.apache.hadoop.hive.ql.TestTxnNoBuckets.testToAcidConversionMultiBucket(TestTxnNoBuckets.java:455) ~[test-classes/:?]
	at sun.reflect.NativeMethodAccessorImpl.invoke0(Native Method) ~[?:1.8.0_402]
	at sun.reflect.NativeMethodAccessorImpl.invoke(NativeMethodAccessorImpl.java:62) ~[?:1.8.0_402]
	at sun.reflect.DelegatingMethodAccessorImpl.invoke(DelegatingMethodAccessorImpl.java:43) ~[?:1.8.0_402]
	at java.lang.reflect.Method.invoke(Method.java:498) ~[?:1.8.0_402]
	at org.junit.runners.model.FrameworkMethod$1.runReflectiveCall(FrameworkMethod.java:59) ~[junit-4.13.jar:4.13]
	at org.junit.internal.runners.model.ReflectiveCallable.run(ReflectiveCallable.java:12) ~[junit-4.13.jar:4.13]
	at org.junit.runners.model.FrameworkMethod.invokeExplosively(FrameworkMethod.java:56) ~[junit-4.13.jar:4.13]
	at org.junit.internal.runners.statements.InvokeMethod.evaluate(InvokeMethod.java:17) ~[junit-4.13.jar:4.13]
	at org.junit.internal.runners.statements.RunBefores.evaluate(RunBefores.java:26) ~[junit-4.13.jar:4.13]
	at org.junit.internal.runners.statements.RunAfters.evaluate(RunAfters.java:27) ~[junit-4.13.jar:4.13]
	at org.junit.rules.TestWatcher$1.evaluate(TestWatcher.java:61) ~[junit-4.13.jar:4.13]
	at org.junit.runners.ParentRunner$3.evaluate(ParentRunner.java:306) ~[junit-4.13.jar:4.13]
	at org.junit.runners.BlockJUnit4ClassRunner$1.evaluate(BlockJUnit4ClassRunner.java:100) ~[junit-4.13.jar:4.13]
	at org.junit.runners.ParentRunner.runLeaf(ParentRunner.java:366) ~[junit-4.13.jar:4.13]
	at org.junit.runners.BlockJUnit4ClassRunner.runChild(BlockJUnit4ClassRunner.java:103) ~[junit-4.13.jar:4.13]
	at org.junit.runners.BlockJUnit4ClassRunner.runChild(BlockJUnit4ClassRunner.java:63) ~[junit-4.13.jar:4.13]
	at org.junit.runners.ParentRunner$4.run(ParentRunner.java:331) ~[junit-4.13.jar:4.13]
	at org.junit.runners.ParentRunner$1.schedule(ParentRunner.java:79) ~[junit-4.13.jar:4.13]
	at org.junit.runners.ParentRunner.runChildren(ParentRunner.java:329) ~[junit-4.13.jar:4.13]
	at org.junit.runners.ParentRunner.access$100(ParentRunner.java:66) ~[junit-4.13.jar:4.13]
	at org.junit.runners.ParentRunner$2.evaluate(ParentRunner.java:293) ~[junit-4.13.jar:4.13]
	at org.junit.runners.ParentRunner$3.evaluate(ParentRunner.java:306) ~[junit-4.13.jar:4.13]
	at org.junit.runners.ParentRunner.run(ParentRunner.java:413) ~[junit-4.13.jar:4.13]
	at org.junit.runner.JUnitCore.run(JUnitCore.java:137) ~[junit-4.13.jar:4.13]
	at org.junit.runner.JUnitCore.run(JUnitCore.java:115) ~[junit-4.13.jar:4.13]
	at org.junit.vintage.engine.execution.RunnerExecutor.execute(RunnerExecutor.java:43) ~[junit-vintage-engine-5.6.2.jar:5.6.2]
	at java.util.stream.ForEachOps$ForEachOp$OfRef.accept(ForEachOps.java:183) ~[?:1.8.0_402]
	at java.util.stream.ReferencePipeline$3$1.accept(ReferencePipeline.java:193) ~[?:1.8.0_402]
	at java.util.Iterator.forEachRemaining(Iterator.java:116) ~[?:1.8.0_402]
	at java.util.Spliterators$IteratorSpliterator.forEachRemaining(Spliterators.java:1801) ~[?:1.8.0_402]
	at java.util.stream.AbstractPipeline.copyInto(AbstractPipeline.java:482) ~[?:1.8.0_402]
	at java.util.stream.AbstractPipeline.wrapAndCopyInto(AbstractPipeline.java:472) ~[?:1.8.0_402]
	at java.util.stream.ForEachOps$ForEachOp.evaluateSequential(ForEachOps.java:150) ~[?:1.8.0_402]
	at java.util.stream.ForEachOps$ForEachOp$OfRef.evaluateSequential(ForEachOps.java:173) ~[?:1.8.0_402]
	at java.util.stream.AbstractPipeline.evaluate(AbstractPipeline.java:234) ~[?:1.8.0_402]
	at java.util.stream.ReferencePipeline.forEach(ReferencePipeline.java:485) ~[?:1.8.0_402]
	at org.junit.vintage.engine.VintageTestEngine.executeAllChildren(VintageTestEngine.java:82) ~[junit-vintage-engine-5.6.2.jar:5.6.2]
	at org.junit.vintage.engine.VintageTestEngine.execute(VintageTestEngine.java:73) ~[junit-vintage-engine-5.6.2.jar:5.6.2]
	at org.junit.platform.launcher.core.DefaultLauncher.execute(DefaultLauncher.java:248) ~[junit-platform-launcher-1.6.2.jar:1.6.2]
	at org.junit.platform.launcher.core.DefaultLauncher.lambda$execute$5(DefaultLauncher.java:211) ~[junit-platform-launcher-1.6.2.jar:1.6.2]
	at org.junit.platform.launcher.core.DefaultLauncher.withInterceptedStreams(DefaultLauncher.java:226) [junit-platform-launcher-1.6.2.jar:1.6.2]
	at org.junit.platform.launcher.core.DefaultLauncher.execute(DefaultLauncher.java:199) [junit-platform-launcher-1.6.2.jar:1.6.2]
	at org.junit.platform.launcher.core.DefaultLauncher.execute(DefaultLauncher.java:132) [junit-platform-launcher-1.6.2.jar:1.6.2]
	at org.apache.maven.surefire.junitplatform.JUnitPlatformProvider.invokeAllTests(JUnitPlatformProvider.java:154) [surefire-junit-platform-3.0.0-M4.jar:3.0.0-M4]
	at org.apache.maven.surefire.junitplatform.JUnitPlatformProvider.invoke(JUnitPlatformProvider.java:123) [surefire-junit-platform-3.0.0-M4.jar:3.0.0-M4]
	at org.apache.maven.surefire.booter.ForkedBooter.runSuitesInProcess(ForkedBooter.java:377) [surefire-booter-3.0.0-M4.jar:3.0.0-M4]
	at org.apache.maven.surefire.booter.ForkedBooter.execute(ForkedBooter.java:138) [surefire-booter-3.0.0-M4.jar:3.0.0-M4]
	at org.apache.maven.surefire.booter.ForkedBooter.run(ForkedBooter.java:465) [surefire-booter-3.0.0-M4.jar:3.0.0-M4]
	at org.apache.maven.surefire.booter.ForkedBooter.main(ForkedBooter.java:451) [surefire-booter-3.0.0-M4.jar:3.0.0-M4]
2024-04-24T00:55:08,487 ERROR [main] parse.UpdateDeleteSemanticAnalyzer: CBO failed due to missing column stats (see previous errors), skipping CBO
2024-04-24T00:55:08,487  INFO [main] parse.UpdateDeleteSemanticAnalyzer: Ending caching scope for: alex_20240424005501_81ec1ab7-7de0-4cab-a542-6b148e9002ac
FAILED: NoMatchingMethodException No matching method for class org.apache.hadoop.hive.ql.udf.UDFToInteger with (struct<writeid:bigint,bucketid:int,rowid:bigint>). Possible choices: _FUNC_(bigint)  _FUNC_(boolean)  _FUNC_(decimal(38,18))  _FUNC_(double)  _FUNC_(float)  _FUNC_(smallint)  _FUNC_(string)  _FUNC_(struct<bucketid:bigint,writeid:int,rowid:bigint>)  _FUNC_(timestamp)  _FUNC_(tinyint)  _FUNC_(void)  
2024-04-24T00:55:08,487 ERROR [main] ql.Driver: FAILED: NoMatchingMethodException No matching method for class org.apache.hadoop.hive.ql.udf.UDFToInteger with (struct<writeid:bigint,bucketid:int,rowid:bigint>). Possible choices: _FUNC_(bigint)  _FUNC_(boolean)  _FUNC_(decimal(38,18))  _FUNC_(double)  _FUNC_(float)  _FUNC_(smallint)  _FUNC_(string)  _FUNC_(struct<bucketid:bigint,writeid:int,rowid:bigint>)  _FUNC_(timestamp)  _FUNC_(tinyint)  _FUNC_(void)  
org.apache.hadoop.hive.ql.exec.NoMatchingMethodException: No matching method for class org.apache.hadoop.hive.ql.udf.UDFToInteger with (struct<writeid:bigint,bucketid:int,rowid:bigint>). Possible choices: _FUNC_(bigint)  _FUNC_(boolean)  _FUNC_(decimal(38,18))  _FUNC_(double)  _FUNC_(float)  _FUNC_(smallint)  _FUNC_(string)  _FUNC_(struct<bucketid:bigint,writeid:int,rowid:bigint>)  _FUNC_(timestamp)  _FUNC_(tinyint)  _FUNC_(void)  
	at org.apache.hadoop.hive.ql.exec.MethodUtils.getMethodInternal(MethodUtils.java:130)
	at org.apache.hadoop.hive.ql.exec.MethodUtils.getMethodInternal(MethodUtils.java:60)
	at org.apache.hadoop.hive.ql.exec.DefaultUDFMethodResolver.getEvalMethod(DefaultUDFMethodResolver.java:59)
	at org.apache.hadoop.hive.ql.udf.TimestampCastRestrictorResolver.getEvalMethod(TimestampCastRestrictorResolver.java:68)
	at org.apache.hadoop.hive.ql.udf.generic.GenericUDFBridge.initialize(GenericUDFBridge.java:168)
	at org.apache.hadoop.hive.ql.udf.generic.GenericUDF.initializeAndFoldConstants(GenericUDF.java:149)
	at org.apache.hadoop.hive.ql.plan.ExprNodeGenericFuncDesc.newInstance(ExprNodeGenericFuncDesc.java:235)
	at org.apache.hadoop.hive.ql.parse.type.ExprNodeDescExprFactory.createFuncCallExpr(ExprNodeDescExprFactory.java:584)
	at org.apache.hadoop.hive.ql.parse.type.ExprNodeDescExprFactory.createFuncCallExpr(ExprNodeDescExprFactory.java:97)
	at org.apache.hadoop.hive.ql.parse.type.TypeCheckProcFactory$DefaultExprProcessor.getFuncExprNodeDescWithUdfData(TypeCheckProcFactory.java:762)
	at org.apache.hadoop.hive.ql.parse.type.TypeCheckProcFactory$DefaultExprProcessor.createConversionCast(TypeCheckProcFactory.java:783)
	at org.apache.hadoop.hive.ql.parse.SemanticAnalyzer.getPartitionColsFromBucketColsForUpdateDelete(SemanticAnalyzer.java:8725)
	at org.apache.hadoop.hive.ql.parse.SemanticAnalyzer.genBucketingSortingDest(SemanticAnalyzer.java:6914)
	at org.apache.hadoop.hive.ql.parse.SemanticAnalyzer.genFileSinkPlan(SemanticAnalyzer.java:7335)
	at org.apache.hadoop.hive.ql.parse.SemanticAnalyzer.genPostGroupByBodyPlan(SemanticAnalyzer.java:11063)
	at org.apache.hadoop.hive.ql.parse.SemanticAnalyzer.genBodyPlan(SemanticAnalyzer.java:10938)
	at org.apache.hadoop.hive.ql.parse.SemanticAnalyzer.genPlan(SemanticAnalyzer.java:11853)
	at org.apache.hadoop.hive.ql.parse.SemanticAnalyzer.genPlan(SemanticAnalyzer.java:11723)
	at org.apache.hadoop.hive.ql.parse.CalcitePlanner.genOPTree(CalcitePlanner.java:626)
	at org.apache.hadoop.hive.ql.parse.SemanticAnalyzer.analyzeInternal(SemanticAnalyzer.java:12558)
	at org.apache.hadoop.hive.ql.parse.CalcitePlanner.analyzeInternal(CalcitePlanner.java:456)
	at org.apache.hadoop.hive.ql.parse.RewriteSemanticAnalyzer.analyzeInternal(RewriteSemanticAnalyzer.java:67)
	at org.apache.hadoop.hive.ql.parse.BaseSemanticAnalyzer.analyze(BaseSemanticAnalyzer.java:317)
	at org.apache.hadoop.hive.ql.parse.UpdateDeleteSemanticAnalyzer.reparseAndSuperAnalyze(UpdateDeleteSemanticAnalyzer.java:208)
	at org.apache.hadoop.hive.ql.parse.UpdateDeleteSemanticAnalyzer.analyzeUpdate(UpdateDeleteSemanticAnalyzer.java:63)
	at org.apache.hadoop.hive.ql.parse.UpdateDeleteSemanticAnalyzer.analyze(UpdateDeleteSemanticAnalyzer.java:53)
	at org.apache.hadoop.hive.ql.parse.RewriteSemanticAnalyzer.analyzeInternal(RewriteSemanticAnalyzer.java:72)
	at org.apache.hadoop.hive.ql.parse.BaseSemanticAnalyzer.analyze(BaseSemanticAnalyzer.java:317)
	at org.apache.hadoop.hive.ql.Compiler.analyze(Compiler.java:223)
	at org.apache.hadoop.hive.ql.Compiler.compile(Compiler.java:105)
	at org.apache.hadoop.hive.ql.Driver.compile(Driver.java:500)
	at org.apache.hadoop.hive.ql.Driver.compileInternal(Driver.java:453)
	at org.apache.hadoop.hive.ql.Driver.runInternal(Driver.java:181)
	at org.apache.hadoop.hive.ql.Driver.run(Driver.java:153)
	at org.apache.hadoop.hive.ql.Driver.run(Driver.java:140)
	at org.apache.hadoop.hive.ql.TxnCommandsBaseForTests.runStatementOnDriver(TxnCommandsBaseForTests.java:245)
	at org.apache.hadoop.hive.ql.TestTxnNoBuckets.testToAcidConversionMultiBucket(TestTxnNoBuckets.java:455)
	at sun.reflect.NativeMethodAccessorImpl.invoke0(Native Method)
	at sun.reflect.NativeMethodAccessorImpl.invoke(NativeMethodAccessorImpl.java:62)
	at sun.reflect.DelegatingMethodAccessorImpl.invoke(DelegatingMethodAccessorImpl.java:43)
	at java.lang.reflect.Method.invoke(Method.java:498)
	at org.junit.runners.model.FrameworkMethod$1.runReflectiveCall(FrameworkMethod.java:59)
	at org.junit.internal.runners.model.ReflectiveCallable.run(ReflectiveCallable.java:12)
	at org.junit.runners.model.FrameworkMethod.invokeExplosively(FrameworkMethod.java:56)
	at org.junit.internal.runners.statements.InvokeMethod.evaluate(InvokeMethod.java:17)
	at org.junit.internal.runners.statements.RunBefores.evaluate(RunBefores.java:26)
	at org.junit.internal.runners.statements.RunAfters.evaluate(RunAfters.java:27)
	at org.junit.rules.TestWatcher$1.evaluate(TestWatcher.java:61)
	at org.junit.runners.ParentRunner$3.evaluate(ParentRunner.java:306)
	at org.junit.runners.BlockJUnit4ClassRunner$1.evaluate(BlockJUnit4ClassRunner.java:100)
	at org.junit.runners.ParentRunner.runLeaf(ParentRunner.java:366)
	at org.junit.runners.BlockJUnit4ClassRunner.runChild(BlockJUnit4ClassRunner.java:103)
	at org.junit.runners.BlockJUnit4ClassRunner.runChild(BlockJUnit4ClassRunner.java:63)
	at org.junit.runners.ParentRunner$4.run(ParentRunner.java:331)
	at org.junit.runners.ParentRunner$1.schedule(ParentRunner.java:79)
	at org.junit.runners.ParentRunner.runChildren(ParentRunner.java:329)
	at org.junit.runners.ParentRunner.access$100(ParentRunner.java:66)
	at org.junit.runners.ParentRunner$2.evaluate(ParentRunner.java:293)
	at org.junit.runners.ParentRunner$3.evaluate(ParentRunner.java:306)
	at org.junit.runners.ParentRunner.run(ParentRunner.java:413)
	at org.junit.runner.JUnitCore.run(JUnitCore.java:137)
	at org.junit.runner.JUnitCore.run(JUnitCore.java:115)
	at org.junit.vintage.engine.execution.RunnerExecutor.execute(RunnerExecutor.java:43)
	at java.util.stream.ForEachOps$ForEachOp$OfRef.accept(ForEachOps.java:183)
	at java.util.stream.ReferencePipeline$3$1.accept(ReferencePipeline.java:193)
	at java.util.Iterator.forEachRemaining(Iterator.java:116)
	at java.util.Spliterators$IteratorSpliterator.forEachRemaining(Spliterators.java:1801)
	at java.util.stream.AbstractPipeline.copyInto(AbstractPipeline.java:482)
	at java.util.stream.AbstractPipeline.wrapAndCopyInto(AbstractPipeline.java:472)
	at java.util.stream.ForEachOps$ForEachOp.evaluateSequential(ForEachOps.java:150)
	at java.util.stream.ForEachOps$ForEachOp$OfRef.evaluateSequential(ForEachOps.java:173)
	at java.util.stream.AbstractPipeline.evaluate(AbstractPipeline.java:234)
	at java.util.stream.ReferencePipeline.forEach(ReferencePipeline.java:485)
	at org.junit.vintage.engine.VintageTestEngine.executeAllChildren(VintageTestEngine.java:82)
	at org.junit.vintage.engine.VintageTestEngine.execute(VintageTestEngine.java:73)
	at org.junit.platform.launcher.core.DefaultLauncher.execute(DefaultLauncher.java:248)
	at org.junit.platform.launcher.core.DefaultLauncher.lambda$execute$5(DefaultLauncher.java:211)
	at org.junit.platform.launcher.core.DefaultLauncher.withInterceptedStreams(DefaultLauncher.java:226)
	at org.junit.platform.launcher.core.DefaultLauncher.execute(DefaultLauncher.java:199)
	at org.junit.platform.launcher.core.DefaultLauncher.execute(DefaultLauncher.java:132)
	at org.apache.maven.surefire.junitplatform.JUnitPlatformProvider.invokeAllTests(JUnitPlatformProvider.java:154)
	at org.apache.maven.surefire.junitplatform.JUnitPlatformProvider.invoke(JUnitPlatformProvider.java:123)
	at org.apache.maven.surefire.booter.ForkedBooter.runSuitesInProcess(ForkedBooter.java:377)
	at org.apache.maven.surefire.booter.ForkedBooter.execute(ForkedBooter.java:138)
	at org.apache.maven.surefire.booter.ForkedBooter.run(ForkedBooter.java:465)
	at org.apache.maven.surefire.booter.ForkedBooter.main(ForkedBooter.java:451)

2024-04-24T00:55:08,488  INFO [main] metadata.Hive: Dumping metastore api call timing information for : compilation phase
2024-04-24T00:55:08,488  INFO [main] metadata.Hive: Total time spent in each metastore function (ms): {getTable_(GetTableRequest)=26, getValidTxns_(long)=1, flushCache_()=0, getValidWriteIds_(List, String)=2, getNotNullConstraints_(NotNullConstraintsRequest)=1, isCompatibleWith_(Configuration)=0, getCheckConstraints_(CheckConstraintsRequest)=2, getAllTableConstraints_(AllTableConstraintsRequest)=6, commitTxn_(CommitTxnRequest)=11, openTxn_(String, TxnType)=2, getTableColumnStatistics_(String, String, List, String)=11}
2024-04-24T00:55:08,488  INFO [main] ql.Driver: Completed compiling command(queryId=alex_20240424005501_81ec1ab7-7de0-4cab-a542-6b148e9002ac); Time taken: 0.171 seconds
2024-04-24T00:55:08,488  INFO [main] lockmgr.DbTxnManager: Stopped heartbeat for query: alex_20240424005501_81ec1ab7-7de0-4cab-a542-6b148e9002ac
2024-04-24T00:55:08,492  INFO [main] txn.TxnHandler: Removed transactions: ([24]) from MIN_HISTORY_LEVEL
2024-04-24T00:55:08,498  INFO [main] ql.TxnCommandsBaseForTests: Running the query: drop table if exists acidTbl
2024-04-24T00:55:08,498  INFO [main] ql.Driver: Compiling command(queryId=alex_20240424005501_81ec1ab7-7de0-4cab-a542-6b148e9002ac): drop table if exists acidTbl
2024-04-24T00:55:08,500  INFO [main] txn.TxnHandler: Added entries to MIN_HISTORY_LEVEL for current txns: ([25]) with min_open_txn: 23
2024-04-24T00:55:08,500  INFO [main] lockmgr.DbTxnManager: Opened txnid:25
2024-04-24T00:55:08,501  INFO [main] HiveMetaStore.audit: ugi=alex	ip=unknown-ip-addr	cmd=get_table : tbl=hive.default.acidTbl	
2024-04-24T00:55:08,508  INFO [main] metastore.HMSHandler: Skipping translation for processor with null
2024-04-24T00:55:08,508  INFO [main] ql.Driver: Semantic Analysis Completed (retrial = false)
2024-04-24T00:55:08,508  INFO [main] ql.Driver: Created Hive schema: Schema(fieldSchemas:null, properties:null)
2024-04-24T00:55:08,508  INFO [main] metadata.Hive: Dumping metastore api call timing information for : compilation phase
2024-04-24T00:55:08,508  INFO [main] metadata.Hive: Total time spent in each metastore function (ms): {getValidTxns_(long)=0, getTable_(GetTableRequest)=7, isCompatibleWith_(Configuration)=2, flushCache_()=0, rollbackTxn_(long)=9, openTxn_(String, TxnType)=1}
2024-04-24T00:55:08,509  INFO [main] ql.Driver: Completed compiling command(queryId=alex_20240424005501_81ec1ab7-7de0-4cab-a542-6b148e9002ac); Time taken: 0.01 seconds
2024-04-24T00:55:08,509  INFO [main] lockmgr.DbTxnManager: Setting lock request transaction to txnid:25 for queryId=alex_20240424005501_81ec1ab7-7de0-4cab-a542-6b148e9002ac
2024-04-24T00:55:08,509  INFO [main] lockmgr.DbLockManager: Requesting lock for queryId=alex_20240424005501_81ec1ab7-7de0-4cab-a542-6b148e9002ac
2024-04-24T00:55:08,524  INFO [main] lockmgr.DbLockManager: Response to queryId=alex_20240424005501_81ec1ab7-7de0-4cab-a542-6b148e9002ac LockResponse(lockid:17, state:ACQUIRED)
2024-04-24T00:55:08,524  INFO [main] ql.Driver: Operation DROPTABLE obtained 1 locks
2024-04-24T00:55:08,524  INFO [main] ql.Driver: Executing command(queryId=alex_20240424005501_81ec1ab7-7de0-4cab-a542-6b148e9002ac): drop table if exists acidTbl
2024-04-24T00:55:08,524  INFO [main] ql.Driver: Starting task [Stage-0:DDL] in serial mode
2024-04-24T00:55:08,524  INFO [main] HiveMetaStore.audit: ugi=alex	ip=unknown-ip-addr	cmd=get_table : tbl=hive.default.acidTbl	
2024-04-24T00:55:08,532  INFO [main] metastore.HMSHandler: Skipping translation for processor with null
2024-04-24T00:55:08,532  INFO [main] HiveMetaStore.audit: ugi=alex	ip=unknown-ip-addr	cmd=get_table : tbl=hive.default.acidTbl	
2024-04-24T00:55:08,540  INFO [main] metastore.HMSHandler: Skipping translation for processor with null
2024-04-24T00:55:08,540  INFO [main] HiveMetaStore.audit: ugi=alex	ip=unknown-ip-addr	cmd=drop_table : tbl=hive.default.acidTbl	
2024-04-24T00:55:08,649  INFO [main] metadata.Hive: Dumping metastore api call timing information for : execution phase
2024-04-24T00:55:08,649  INFO [main] metadata.Hive: Total time spent in each metastore function (ms): {isCompatibleWith_(Configuration)=0, dropTable_(String, String, boolean, boolean, boolean)=117, getTable_(GetTableRequest)=8}
2024-04-24T00:55:08,649  INFO [main] ql.Driver: Completed executing command(queryId=alex_20240424005501_81ec1ab7-7de0-4cab-a542-6b148e9002ac); Time taken: 0.125 seconds
2024-04-24T00:55:08,649  INFO [main] lockmgr.DbTxnManager: Stopped heartbeat for query: alex_20240424005501_81ec1ab7-7de0-4cab-a542-6b148e9002ac
2024-04-24T00:55:08,653  INFO [main] txn.TxnHandler: Expected to move at least one record from txn_components to completed_txn_components when committing txn! txnid:25
2024-04-24T00:55:08,659  INFO [main] txn.TxnHandler: Removed transactions: ([25]) from MIN_HISTORY_LEVEL
2024-04-24T00:55:08,659  WARN [main] txn.CompactionTxnHandler: No compaction queue record found for Compaction type transaction commit. txnId:25
2024-04-24T00:55:08,660  INFO [main] ql.TxnCommandsBaseForTests: Running the query: drop table if exists acidTblPart
2024-04-24T00:55:08,660  INFO [main] ql.Driver: Compiling command(queryId=alex_20240424005501_81ec1ab7-7de0-4cab-a542-6b148e9002ac): drop table if exists acidTblPart
2024-04-24T00:55:08,662  INFO [main] txn.TxnHandler: Added entries to MIN_HISTORY_LEVEL for current txns: ([26]) with min_open_txn: 23
2024-04-24T00:55:08,663  INFO [main] lockmgr.DbTxnManager: Opened txnid:26
2024-04-24T00:55:08,663  INFO [main] HiveMetaStore.audit: ugi=alex	ip=unknown-ip-addr	cmd=get_table : tbl=hive.default.acidTblPart	
2024-04-24T00:55:08,672  INFO [main] metastore.HMSHandler: Skipping translation for processor with null
2024-04-24T00:55:08,672  INFO [main] ql.Driver: Semantic Analysis Completed (retrial = false)
2024-04-24T00:55:08,672  INFO [main] ql.Driver: Created Hive schema: Schema(fieldSchemas:null, properties:null)
2024-04-24T00:55:08,672  INFO [main] metadata.Hive: Dumping metastore api call timing information for : compilation phase
2024-04-24T00:55:08,672  INFO [main] metadata.Hive: Total time spent in each metastore function (ms): {commitTxn_(CommitTxnRequest)=11, openTxn_(String, TxnType)=2, getTable_(GetTableRequest)=9, getValidTxns_(long)=0, flushCache_()=0, isCompatibleWith_(Configuration)=1}
2024-04-24T00:55:08,672  INFO [main] ql.Driver: Completed compiling command(queryId=alex_20240424005501_81ec1ab7-7de0-4cab-a542-6b148e9002ac); Time taken: 0.012 seconds
2024-04-24T00:55:08,673  INFO [main] lockmgr.DbTxnManager: Setting lock request transaction to txnid:26 for queryId=alex_20240424005501_81ec1ab7-7de0-4cab-a542-6b148e9002ac
2024-04-24T00:55:08,673  INFO [main] lockmgr.DbLockManager: Requesting lock for queryId=alex_20240424005501_81ec1ab7-7de0-4cab-a542-6b148e9002ac
2024-04-24T00:55:08,688  INFO [main] lockmgr.DbLockManager: Response to queryId=alex_20240424005501_81ec1ab7-7de0-4cab-a542-6b148e9002ac LockResponse(lockid:18, state:ACQUIRED)
2024-04-24T00:55:08,688  INFO [main] ql.Driver: Operation DROPTABLE obtained 1 locks
2024-04-24T00:55:08,688  INFO [main] ql.Driver: Executing command(queryId=alex_20240424005501_81ec1ab7-7de0-4cab-a542-6b148e9002ac): drop table if exists acidTblPart
2024-04-24T00:55:08,688  INFO [main] ql.Driver: Starting task [Stage-0:DDL] in serial mode
2024-04-24T00:55:08,688  INFO [main] HiveMetaStore.audit: ugi=alex	ip=unknown-ip-addr	cmd=get_table : tbl=hive.default.acidTblPart	
2024-04-24T00:55:08,697  INFO [main] metastore.HMSHandler: Skipping translation for processor with null
2024-04-24T00:55:08,697  INFO [main] HiveMetaStore.audit: ugi=alex	ip=unknown-ip-addr	cmd=get_table : tbl=hive.default.acidTblPart	
2024-04-24T00:55:08,706  INFO [main] metastore.HMSHandler: Skipping translation for processor with null
2024-04-24T00:55:08,706  INFO [main] HiveMetaStore.audit: ugi=alex	ip=unknown-ip-addr	cmd=drop_table : tbl=hive.default.acidTblPart	
2024-04-24T00:55:08,757  INFO [main] metadata.Hive: Dumping metastore api call timing information for : execution phase
2024-04-24T00:55:08,757  INFO [main] metadata.Hive: Total time spent in each metastore function (ms): {getTable_(GetTableRequest)=9, dropTable_(String, String, boolean, boolean, boolean)=60, isCompatibleWith_(Configuration)=0}
2024-04-24T00:55:08,757  INFO [main] ql.Driver: Completed executing command(queryId=alex_20240424005501_81ec1ab7-7de0-4cab-a542-6b148e9002ac); Time taken: 0.069 seconds
2024-04-24T00:55:08,758  INFO [main] lockmgr.DbTxnManager: Stopped heartbeat for query: alex_20240424005501_81ec1ab7-7de0-4cab-a542-6b148e9002ac
2024-04-24T00:55:08,762  INFO [main] txn.TxnHandler: Expected to move at least one record from txn_components to completed_txn_components when committing txn! txnid:26
2024-04-24T00:55:08,768  INFO [main] txn.TxnHandler: Removed transactions: ([26]) from MIN_HISTORY_LEVEL
2024-04-24T00:55:08,769  WARN [main] txn.CompactionTxnHandler: No compaction queue record found for Compaction type transaction commit. txnId:26
2024-04-24T00:55:08,769  INFO [main] ql.TxnCommandsBaseForTests: Running the query: drop table if exists acidTbl2
2024-04-24T00:55:08,769  INFO [main] ql.Driver: Compiling command(queryId=alex_20240424005501_81ec1ab7-7de0-4cab-a542-6b148e9002ac): drop table if exists acidTbl2
2024-04-24T00:55:08,772  INFO [main] txn.TxnHandler: Added entries to MIN_HISTORY_LEVEL for current txns: ([27]) with min_open_txn: 23
2024-04-24T00:55:08,773  INFO [main] lockmgr.DbTxnManager: Opened txnid:27
2024-04-24T00:55:08,774  INFO [main] ql.Driver: Semantic Analysis Completed (retrial = false)
2024-04-24T00:55:08,774  INFO [main] ql.Driver: Created Hive schema: Schema(fieldSchemas:null, properties:null)
2024-04-24T00:55:08,774  INFO [main] metadata.Hive: Dumping metastore api call timing information for : compilation phase
2024-04-24T00:55:08,774  INFO [main] metadata.Hive: Total time spent in each metastore function (ms): {isCompatibleWith_(Configuration)=0, flushCache_()=0, getTable_(GetTableRequest)=0, commitTxn_(CommitTxnRequest)=11, openTxn_(String, TxnType)=3, getValidTxns_(long)=1}
2024-04-24T00:55:08,774  INFO [main] ql.Driver: Completed compiling command(queryId=alex_20240424005501_81ec1ab7-7de0-4cab-a542-6b148e9002ac); Time taken: 0.005 seconds
2024-04-24T00:55:08,774  INFO [main] lockmgr.DbTxnManager: Setting lock request transaction to txnid:27 for queryId=alex_20240424005501_81ec1ab7-7de0-4cab-a542-6b148e9002ac
2024-04-24T00:55:08,775  INFO [main] ql.Driver: Operation DROPTABLE obtained 0 locks
2024-04-24T00:55:08,775  INFO [main] ql.Driver: Executing command(queryId=alex_20240424005501_81ec1ab7-7de0-4cab-a542-6b148e9002ac): drop table if exists acidTbl2
2024-04-24T00:55:08,775  INFO [main] ql.Driver: Starting task [Stage-0:DDL] in serial mode
2024-04-24T00:55:08,775  INFO [main] metadata.SessionHiveMetaStoreClient: Column stats doesn't exist for db=default temp table=acidTbl2
2024-04-24T00:55:08,775  INFO [main] metadata.Hive: Dumping metastore api call timing information for : execution phase
2024-04-24T00:55:08,776  INFO [main] metadata.Hive: Total time spent in each metastore function (ms): {dropTable_(String, String, boolean, boolean, boolean)=0, isCompatibleWith_(Configuration)=0, getTable_(GetTableRequest)=0}
2024-04-24T00:55:08,776  INFO [main] ql.Driver: Completed executing command(queryId=alex_20240424005501_81ec1ab7-7de0-4cab-a542-6b148e9002ac); Time taken: 0.0 seconds
2024-04-24T00:55:08,776  INFO [main] lockmgr.DbTxnManager: Stopped heartbeat for query: alex_20240424005501_81ec1ab7-7de0-4cab-a542-6b148e9002ac
2024-04-24T00:55:08,782  INFO [main] txn.TxnHandler: Expected to move at least one record from txn_components to completed_txn_components when committing txn! txnid:27
2024-04-24T00:55:08,787  INFO [main] txn.TxnHandler: Removed transactions: ([27]) from MIN_HISTORY_LEVEL
2024-04-24T00:55:08,787  WARN [main] txn.CompactionTxnHandler: No compaction queue record found for Compaction type transaction commit. txnId:27
2024-04-24T00:55:08,788  INFO [main] ql.TxnCommandsBaseForTests: Running the query: drop table if exists nonAcidOrcTbl
2024-04-24T00:55:08,788  INFO [main] ql.Driver: Compiling command(queryId=alex_20240424005501_81ec1ab7-7de0-4cab-a542-6b148e9002ac): drop table if exists nonAcidOrcTbl
2024-04-24T00:55:08,791  INFO [main] txn.TxnHandler: Added entries to MIN_HISTORY_LEVEL for current txns: ([28]) with min_open_txn: 23
2024-04-24T00:55:08,791  INFO [main] lockmgr.DbTxnManager: Opened txnid:28
2024-04-24T00:55:08,792  INFO [main] HiveMetaStore.audit: ugi=alex	ip=unknown-ip-addr	cmd=get_table : tbl=hive.default.nonAcidOrcTbl	
2024-04-24T00:55:08,816  INFO [main] metastore.HMSHandler: Skipping translation for processor with null
2024-04-24T00:55:08,816  INFO [main] ql.Driver: Semantic Analysis Completed (retrial = false)
2024-04-24T00:55:08,816  INFO [main] ql.Driver: Created Hive schema: Schema(fieldSchemas:null, properties:null)
2024-04-24T00:55:08,816  INFO [main] metadata.Hive: Dumping metastore api call timing information for : compilation phase
2024-04-24T00:55:08,817  INFO [main] metadata.Hive: Total time spent in each metastore function (ms): {isCompatibleWith_(Configuration)=0, commitTxn_(CommitTxnRequest)=12, openTxn_(String, TxnType)=2, getValidTxns_(long)=0, flushCache_()=0, getTable_(GetTableRequest)=24}
2024-04-24T00:55:08,817  INFO [main] ql.Driver: Completed compiling command(queryId=alex_20240424005501_81ec1ab7-7de0-4cab-a542-6b148e9002ac); Time taken: 0.028 seconds
2024-04-24T00:55:08,817  INFO [main] lockmgr.DbTxnManager: Setting lock request transaction to txnid:28 for queryId=alex_20240424005501_81ec1ab7-7de0-4cab-a542-6b148e9002ac
2024-04-24T00:55:08,818  INFO [main] lockmgr.DbLockManager: Requesting lock for queryId=alex_20240424005501_81ec1ab7-7de0-4cab-a542-6b148e9002ac
2024-04-24T00:55:08,836  INFO [main] lockmgr.DbLockManager: Response to queryId=alex_20240424005501_81ec1ab7-7de0-4cab-a542-6b148e9002ac LockResponse(lockid:19, state:ACQUIRED)
2024-04-24T00:55:08,836  INFO [main] ql.Driver: Operation DROPTABLE obtained 1 locks
2024-04-24T00:55:08,836  INFO [main] ql.Driver: Executing command(queryId=alex_20240424005501_81ec1ab7-7de0-4cab-a542-6b148e9002ac): drop table if exists nonAcidOrcTbl
2024-04-24T00:55:08,836  INFO [main] ql.Driver: Starting task [Stage-0:DDL] in serial mode
2024-04-24T00:55:08,837  INFO [main] HiveMetaStore.audit: ugi=alex	ip=unknown-ip-addr	cmd=get_table : tbl=hive.default.nonAcidOrcTbl	
2024-04-24T00:55:08,847  INFO [main] metastore.HMSHandler: Skipping translation for processor with null
2024-04-24T00:55:08,847  INFO [main] HiveMetaStore.audit: ugi=alex	ip=unknown-ip-addr	cmd=get_table : tbl=hive.default.nonAcidOrcTbl	
2024-04-24T00:55:08,857  INFO [main] metastore.HMSHandler: Skipping translation for processor with null
2024-04-24T00:55:08,857  INFO [main] HiveMetaStore.audit: ugi=alex	ip=unknown-ip-addr	cmd=drop_table : tbl=hive.default.nonAcidOrcTbl	
2024-04-24T00:55:08,934  INFO [main] metadata.Hive: Dumping metastore api call timing information for : execution phase
2024-04-24T00:55:08,934  INFO [main] metadata.Hive: Total time spent in each metastore function (ms): {getTable_(GetTableRequest)=11, dropTable_(String, String, boolean, boolean, boolean)=87, isCompatibleWith_(Configuration)=0}
2024-04-24T00:55:08,934  INFO [main] ql.Driver: Completed executing command(queryId=alex_20240424005501_81ec1ab7-7de0-4cab-a542-6b148e9002ac); Time taken: 0.098 seconds
2024-04-24T00:55:08,935  INFO [main] lockmgr.DbTxnManager: Stopped heartbeat for query: alex_20240424005501_81ec1ab7-7de0-4cab-a542-6b148e9002ac
2024-04-24T00:55:08,938  INFO [main] txn.TxnHandler: Expected to move at least one record from txn_components to completed_txn_components when committing txn! txnid:28
2024-04-24T00:55:08,945  INFO [main] txn.TxnHandler: Removed transactions: ([28]) from MIN_HISTORY_LEVEL
2024-04-24T00:55:08,945  WARN [main] txn.CompactionTxnHandler: No compaction queue record found for Compaction type transaction commit. txnId:28
2024-04-24T00:55:08,945  INFO [main] ql.TxnCommandsBaseForTests: Running the query: drop table if exists nonAcidOrcTbl2
2024-04-24T00:55:08,946  INFO [main] ql.Driver: Compiling command(queryId=alex_20240424005501_81ec1ab7-7de0-4cab-a542-6b148e9002ac): drop table if exists nonAcidOrcTbl2
2024-04-24T00:55:08,948  INFO [main] txn.TxnHandler: Added entries to MIN_HISTORY_LEVEL for current txns: ([29]) with min_open_txn: 23
2024-04-24T00:55:08,948  INFO [main] lockmgr.DbTxnManager: Opened txnid:29
2024-04-24T00:55:08,949  INFO [main] HiveMetaStore.audit: ugi=alex	ip=unknown-ip-addr	cmd=get_table : tbl=hive.default.nonAcidOrcTbl2	
2024-04-24T00:55:08,958  INFO [main] metastore.HMSHandler: Skipping translation for processor with null
2024-04-24T00:55:08,958  INFO [main] ql.Driver: Semantic Analysis Completed (retrial = false)
2024-04-24T00:55:08,958  INFO [main] ql.Driver: Created Hive schema: Schema(fieldSchemas:null, properties:null)
2024-04-24T00:55:08,958  INFO [main] metadata.Hive: Dumping metastore api call timing information for : compilation phase
2024-04-24T00:55:08,958  INFO [main] metadata.Hive: Total time spent in each metastore function (ms): {isCompatibleWith_(Configuration)=0, openTxn_(String, TxnType)=2, getTable_(GetTableRequest)=9, getValidTxns_(long)=0, flushCache_()=0, commitTxn_(CommitTxnRequest)=10}
2024-04-24T00:55:08,959  INFO [main] ql.Driver: Completed compiling command(queryId=alex_20240424005501_81ec1ab7-7de0-4cab-a542-6b148e9002ac); Time taken: 0.012 seconds
2024-04-24T00:55:08,959  INFO [main] lockmgr.DbTxnManager: Setting lock request transaction to txnid:29 for queryId=alex_20240424005501_81ec1ab7-7de0-4cab-a542-6b148e9002ac
2024-04-24T00:55:08,959  INFO [main] lockmgr.DbLockManager: Requesting lock for queryId=alex_20240424005501_81ec1ab7-7de0-4cab-a542-6b148e9002ac
2024-04-24T00:55:08,972  INFO [main] lockmgr.DbLockManager: Response to queryId=alex_20240424005501_81ec1ab7-7de0-4cab-a542-6b148e9002ac LockResponse(lockid:20, state:ACQUIRED)
2024-04-24T00:55:08,972  INFO [main] ql.Driver: Operation DROPTABLE obtained 1 locks
2024-04-24T00:55:08,972  INFO [main] ql.Driver: Executing command(queryId=alex_20240424005501_81ec1ab7-7de0-4cab-a542-6b148e9002ac): drop table if exists nonAcidOrcTbl2
2024-04-24T00:55:08,972  INFO [main] ql.Driver: Starting task [Stage-0:DDL] in serial mode
2024-04-24T00:55:08,973  INFO [main] HiveMetaStore.audit: ugi=alex	ip=unknown-ip-addr	cmd=get_table : tbl=hive.default.nonAcidOrcTbl2	
2024-04-24T00:55:08,982  INFO [main] metastore.HMSHandler: Skipping translation for processor with null
2024-04-24T00:55:08,982  INFO [main] HiveMetaStore.audit: ugi=alex	ip=unknown-ip-addr	cmd=get_table : tbl=hive.default.nonAcidOrcTbl2	
2024-04-24T00:55:08,991  INFO [main] metastore.HMSHandler: Skipping translation for processor with null
2024-04-24T00:55:08,991  INFO [main] HiveMetaStore.audit: ugi=alex	ip=unknown-ip-addr	cmd=drop_table : tbl=hive.default.nonAcidOrcTbl2	
2024-04-24T00:55:09,022  INFO [main] metadata.Hive: Dumping metastore api call timing information for : execution phase
2024-04-24T00:55:09,022  INFO [main] metadata.Hive: Total time spent in each metastore function (ms): {dropTable_(String, String, boolean, boolean, boolean)=40, isCompatibleWith_(Configuration)=1, getTable_(GetTableRequest)=9}
2024-04-24T00:55:09,023  INFO [main] ql.Driver: Completed executing command(queryId=alex_20240424005501_81ec1ab7-7de0-4cab-a542-6b148e9002ac); Time taken: 0.05 seconds
2024-04-24T00:55:09,023  INFO [main] lockmgr.DbTxnManager: Stopped heartbeat for query: alex_20240424005501_81ec1ab7-7de0-4cab-a542-6b148e9002ac
2024-04-24T00:55:09,026  INFO [main] txn.TxnHandler: Expected to move at least one record from txn_components to completed_txn_components when committing txn! txnid:29
2024-04-24T00:55:09,031  INFO [main] txn.TxnHandler: Removed transactions: ([29]) from MIN_HISTORY_LEVEL
2024-04-24T00:55:09,031  WARN [main] txn.CompactionTxnHandler: No compaction queue record found for Compaction type transaction commit. txnId:29
2024-04-24T00:55:09,032  INFO [main] ql.TxnCommandsBaseForTests: Running the query: drop table if exists nonAcidNonBucket
2024-04-24T00:55:09,032  INFO [main] ql.Driver: Compiling command(queryId=alex_20240424005501_81ec1ab7-7de0-4cab-a542-6b148e9002ac): drop table if exists nonAcidNonBucket
2024-04-24T00:55:09,035  INFO [main] txn.TxnHandler: Added entries to MIN_HISTORY_LEVEL for current txns: ([30]) with min_open_txn: 24
2024-04-24T00:55:09,035  INFO [main] lockmgr.DbTxnManager: Opened txnid:30
2024-04-24T00:55:09,036  INFO [main] HiveMetaStore.audit: ugi=alex	ip=unknown-ip-addr	cmd=get_table : tbl=hive.default.nonAcidNonBucket	
2024-04-24T00:55:09,045  INFO [main] metastore.HMSHandler: Skipping translation for processor with null
2024-04-24T00:55:09,045  INFO [main] ql.Driver: Semantic Analysis Completed (retrial = false)
2024-04-24T00:55:09,045  INFO [main] ql.Driver: Created Hive schema: Schema(fieldSchemas:null, properties:null)
2024-04-24T00:55:09,045  INFO [main] metadata.Hive: Dumping metastore api call timing information for : compilation phase
2024-04-24T00:55:09,045  INFO [main] metadata.Hive: Total time spent in each metastore function (ms): {openTxn_(String, TxnType)=3, getValidTxns_(long)=1, getTable_(GetTableRequest)=9, isCompatibleWith_(Configuration)=0, commitTxn_(CommitTxnRequest)=8, flushCache_()=0}
2024-04-24T00:55:09,045  INFO [main] ql.Driver: Completed compiling command(queryId=alex_20240424005501_81ec1ab7-7de0-4cab-a542-6b148e9002ac); Time taken: 0.013 seconds
2024-04-24T00:55:09,046  INFO [main] lockmgr.DbTxnManager: Setting lock request transaction to txnid:30 for queryId=alex_20240424005501_81ec1ab7-7de0-4cab-a542-6b148e9002ac
2024-04-24T00:55:09,046  INFO [main] lockmgr.DbLockManager: Requesting lock for queryId=alex_20240424005501_81ec1ab7-7de0-4cab-a542-6b148e9002ac
2024-04-24T00:55:09,059  INFO [main] lockmgr.DbLockManager: Response to queryId=alex_20240424005501_81ec1ab7-7de0-4cab-a542-6b148e9002ac LockResponse(lockid:21, state:ACQUIRED)
2024-04-24T00:55:09,059  INFO [main] ql.Driver: Operation DROPTABLE obtained 1 locks
2024-04-24T00:55:09,059  INFO [main] ql.Driver: Executing command(queryId=alex_20240424005501_81ec1ab7-7de0-4cab-a542-6b148e9002ac): drop table if exists nonAcidNonBucket
2024-04-24T00:55:09,059  INFO [main] ql.Driver: Starting task [Stage-0:DDL] in serial mode
2024-04-24T00:55:09,060  INFO [main] HiveMetaStore.audit: ugi=alex	ip=unknown-ip-addr	cmd=get_table : tbl=hive.default.nonAcidNonBucket	
2024-04-24T00:55:09,068  INFO [main] metastore.HMSHandler: Skipping translation for processor with null
2024-04-24T00:55:09,068  INFO [main] HiveMetaStore.audit: ugi=alex	ip=unknown-ip-addr	cmd=get_table : tbl=hive.default.nonAcidNonBucket	
2024-04-24T00:55:09,077  INFO [main] metastore.HMSHandler: Skipping translation for processor with null
2024-04-24T00:55:09,077  INFO [main] HiveMetaStore.audit: ugi=alex	ip=unknown-ip-addr	cmd=drop_table : tbl=hive.default.nonAcidNonBucket	
2024-04-24T00:55:09,110  INFO [main] metadata.Hive: Dumping metastore api call timing information for : execution phase
2024-04-24T00:55:09,110  INFO [main] metadata.Hive: Total time spent in each metastore function (ms): {isCompatibleWith_(Configuration)=1, getTable_(GetTableRequest)=8, dropTable_(String, String, boolean, boolean, boolean)=42}
2024-04-24T00:55:09,110  INFO [main] ql.Driver: Completed executing command(queryId=alex_20240424005501_81ec1ab7-7de0-4cab-a542-6b148e9002ac); Time taken: 0.051 seconds
2024-04-24T00:55:09,110  INFO [main] lockmgr.DbTxnManager: Stopped heartbeat for query: alex_20240424005501_81ec1ab7-7de0-4cab-a542-6b148e9002ac
2024-04-24T00:55:09,114  INFO [main] txn.TxnHandler: Expected to move at least one record from txn_components to completed_txn_components when committing txn! txnid:30
2024-04-24T00:55:09,118  INFO [main] txn.TxnHandler: Removed transactions: ([30]) from MIN_HISTORY_LEVEL
2024-04-24T00:55:09,119  WARN [main] txn.CompactionTxnHandler: No compaction queue record found for Compaction type transaction commit. txnId:30
2024-04-24T00:55:09,119  INFO [main] utils.TestTxnDbUtil: Cleaning transactional tables
]]></system-err>
  </testcase>
  <testcase name="testDefault" classname="org.apache.hadoop.hive.ql.TestTxnNoBucketsVectorized" time="4.55"/>
  <testcase name="testInsertToAcidWithUnionRemove" classname="org.apache.hadoop.hive.ql.TestTxnNoBucketsVectorized" time="9.102"/>
  <testcase name="testNoBuckets" classname="org.apache.hadoop.hive.ql.TestTxnNoBucketsVectorized" time="8.33">
    <error type="java.lang.RuntimeException"><![CDATA[java.lang.RuntimeException: explain  update nobuckets set c3 = 17 where c3 in(0,1) failed: (responseCode = 40000, errorMessage = FAILED: NoMatchingMethodException No matching method for class org.apache.hadoop.hive.ql.udf.UDFToInteger with (struct<writeid:bigint,bucketid:int,rowid:bigint>). Possible choices: _FUNC_(bigint)  _FUNC_(boolean)  _FUNC_(decimal(38,18))  _FUNC_(double)  _FUNC_(float)  _FUNC_(smallint)  _FUNC_(string)  _FUNC_(struct<bucketid:bigint,writeid:int,rowid:bigint>)  _FUNC_(timestamp)  _FUNC_(tinyint)  _FUNC_(void)  , hiveErrorCode = 40000, SQLState = 42000, exception = No matching method for class org.apache.hadoop.hive.ql.udf.UDFToInteger with (struct<writeid:bigint,bucketid:int,rowid:bigint>). Possible choices: _FUNC_(bigint)  _FUNC_(boolean)  _FUNC_(decimal(38,18))  _FUNC_(double)  _FUNC_(float)  _FUNC_(smallint)  _FUNC_(string)  _FUNC_(struct<bucketid:bigint,writeid:int,rowid:bigint>)  _FUNC_(timestamp)  _FUNC_(tinyint)  _FUNC_(void)  )
	at org.apache.hadoop.hive.ql.TxnCommandsBaseForTests.runStatementOnDriver(TxnCommandsBaseForTests.java:247)
	at org.apache.hadoop.hive.ql.TestTxnNoBuckets.testNoBuckets(TestTxnNoBuckets.java:109)
	at sun.reflect.NativeMethodAccessorImpl.invoke0(Native Method)
	at sun.reflect.NativeMethodAccessorImpl.invoke(NativeMethodAccessorImpl.java:62)
	at sun.reflect.DelegatingMethodAccessorImpl.invoke(DelegatingMethodAccessorImpl.java:43)
	at java.lang.reflect.Method.invoke(Method.java:498)
	at org.junit.runners.model.FrameworkMethod$1.runReflectiveCall(FrameworkMethod.java:59)
	at org.junit.internal.runners.model.ReflectiveCallable.run(ReflectiveCallable.java:12)
	at org.junit.runners.model.FrameworkMethod.invokeExplosively(FrameworkMethod.java:56)
	at org.junit.internal.runners.statements.InvokeMethod.evaluate(InvokeMethod.java:17)
	at org.junit.internal.runners.statements.RunBefores.evaluate(RunBefores.java:26)
	at org.junit.internal.runners.statements.RunAfters.evaluate(RunAfters.java:27)
	at org.junit.rules.TestWatcher$1.evaluate(TestWatcher.java:61)
	at org.junit.runners.ParentRunner$3.evaluate(ParentRunner.java:306)
	at org.junit.runners.BlockJUnit4ClassRunner$1.evaluate(BlockJUnit4ClassRunner.java:100)
	at org.junit.runners.ParentRunner.runLeaf(ParentRunner.java:366)
	at org.junit.runners.BlockJUnit4ClassRunner.runChild(BlockJUnit4ClassRunner.java:103)
	at org.junit.runners.BlockJUnit4ClassRunner.runChild(BlockJUnit4ClassRunner.java:63)
	at org.junit.runners.ParentRunner$4.run(ParentRunner.java:331)
	at org.junit.runners.ParentRunner$1.schedule(ParentRunner.java:79)
	at org.junit.runners.ParentRunner.runChildren(ParentRunner.java:329)
	at org.junit.runners.ParentRunner.access$100(ParentRunner.java:66)
	at org.junit.runners.ParentRunner$2.evaluate(ParentRunner.java:293)
	at org.junit.runners.ParentRunner$3.evaluate(ParentRunner.java:306)
	at org.junit.runners.ParentRunner.run(ParentRunner.java:413)
	at org.junit.runner.JUnitCore.run(JUnitCore.java:137)
	at org.junit.runner.JUnitCore.run(JUnitCore.java:115)
	at org.junit.vintage.engine.execution.RunnerExecutor.execute(RunnerExecutor.java:43)
	at java.util.stream.ForEachOps$ForEachOp$OfRef.accept(ForEachOps.java:183)
	at java.util.stream.ReferencePipeline$3$1.accept(ReferencePipeline.java:193)
	at java.util.Iterator.forEachRemaining(Iterator.java:116)
	at java.util.Spliterators$IteratorSpliterator.forEachRemaining(Spliterators.java:1801)
	at java.util.stream.AbstractPipeline.copyInto(AbstractPipeline.java:482)
	at java.util.stream.AbstractPipeline.wrapAndCopyInto(AbstractPipeline.java:472)
	at java.util.stream.ForEachOps$ForEachOp.evaluateSequential(ForEachOps.java:150)
	at java.util.stream.ForEachOps$ForEachOp$OfRef.evaluateSequential(ForEachOps.java:173)
	at java.util.stream.AbstractPipeline.evaluate(AbstractPipeline.java:234)
	at java.util.stream.ReferencePipeline.forEach(ReferencePipeline.java:485)
	at org.junit.vintage.engine.VintageTestEngine.executeAllChildren(VintageTestEngine.java:82)
	at org.junit.vintage.engine.VintageTestEngine.execute(VintageTestEngine.java:73)
	at org.junit.platform.launcher.core.DefaultLauncher.execute(DefaultLauncher.java:248)
	at org.junit.platform.launcher.core.DefaultLauncher.lambda$execute$5(DefaultLauncher.java:211)
	at org.junit.platform.launcher.core.DefaultLauncher.withInterceptedStreams(DefaultLauncher.java:226)
	at org.junit.platform.launcher.core.DefaultLauncher.execute(DefaultLauncher.java:199)
	at org.junit.platform.launcher.core.DefaultLauncher.execute(DefaultLauncher.java:132)
	at org.apache.maven.surefire.junitplatform.JUnitPlatformProvider.invokeAllTests(JUnitPlatformProvider.java:154)
	at org.apache.maven.surefire.junitplatform.JUnitPlatformProvider.invoke(JUnitPlatformProvider.java:123)
	at org.apache.maven.surefire.booter.ForkedBooter.runSuitesInProcess(ForkedBooter.java:377)
	at org.apache.maven.surefire.booter.ForkedBooter.execute(ForkedBooter.java:138)
	at org.apache.maven.surefire.booter.ForkedBooter.run(ForkedBooter.java:465)
	at org.apache.maven.surefire.booter.ForkedBooter.main(ForkedBooter.java:451)
]]></error>
    <system-err><![CDATA[2024-04-24T00:55:22,853  WARN [main] conf.HiveConf: HiveConf of name hive.dummyparam.test.server.specific.config.metastoresite does not exist
2024-04-24T00:55:22,853  WARN [main] conf.HiveConf: HiveConf of name hive.llap.io.cache.orc.arena.size does not exist
2024-04-24T00:55:22,853  WARN [main] conf.HiveConf: HiveConf of name hive.llap.io.cache.orc.size does not exist
2024-04-24T00:55:22,853  WARN [main] conf.HiveConf: HiveConf of name hive.dummyparam.test.server.specific.config.override does not exist
2024-04-24T00:55:22,853  WARN [main] conf.HiveConf: HiveConf of name hive.dummyparam.test.server.specific.config.hivesite does not exist
2024-04-24T00:55:22,853  WARN [main] conf.HiveConf: HiveConf of name hive.metastore.client.cache.maxSize does not exist
2024-04-24T00:55:22,853  WARN [main] conf.HiveConf: HiveConf of name hive.llap.io.cache.orc.alloc.min does not exist
2024-04-24T00:55:22,853  WARN [main] conf.HiveConf: HiveConf of name hive.stats.key.prefix.reserve.length does not exist
2024-04-24T00:55:22,853  WARN [main] conf.HiveConf: HiveConf of name hive.metastore.client.cache.recordStats does not exist
2024-04-24T00:55:22,853  WARN [main] conf.HiveConf: HiveConf of name hive.metastore.metadb.dir does not exist
2024-04-24T00:55:22,854  WARN [main] conf.HiveConf: HiveConf of name hive.llap.io.cache.orc.alloc.max does not exist
2024-04-24T00:55:22,855  INFO [main] utils.TestTxnDbUtil: Creating transactional tables
Hive Session ID = 2c7a3638-e22a-439d-aa2b-96f820060fca
2024-04-24T00:55:22,858  INFO [main] SessionState: Hive Session ID = 2c7a3638-e22a-439d-aa2b-96f820060fca
ivysettings.xml file not found in HIVE_HOME or HIVE_CONF_DIR,/home/alex/Repositories/hive/conf/ivysettings.xml will be used
2024-04-24T00:55:22,858  INFO [main] DependencyResolver: ivysettings.xml file not found in HIVE_HOME or HIVE_CONF_DIR,/home/alex/Repositories/hive/conf/ivysettings.xml will be used
2024-04-24T00:55:22,864  INFO [main] session.SessionState: Created HDFS directory: /home/alex/Repositories/hive/ql/target/tmp/scratchdir/alex/2c7a3638-e22a-439d-aa2b-96f820060fca
2024-04-24T00:55:22,866  INFO [main] session.SessionState: Created local directory: /home/alex/Repositories/hive/ql/target/tmp/localscratchdir/2c7a3638-e22a-439d-aa2b-96f820060fca
2024-04-24T00:55:22,868  INFO [main] session.SessionState: Created HDFS directory: /home/alex/Repositories/hive/ql/target/tmp/scratchdir/alex/2c7a3638-e22a-439d-aa2b-96f820060fca/_tmp_space.db
2024-04-24T00:55:22,869  INFO [main] sqlstd.SQLStdHiveAccessController: Created SQLStdHiveAccessController for session context : HiveAuthzSessionContext [sessionString=2c7a3638-e22a-439d-aa2b-96f820060fca, clientType=HIVECLI]
2024-04-24T00:55:22,869  INFO [main] ql.TxnCommandsBaseForTests: Running the query: drop table if exists acidTbl
2024-04-24T00:55:22,869  INFO [main] ql.Driver: Compiling command(queryId=alex_20240424005522_7cbf7514-0f8d-4164-9d45-33cc57deb002): drop table if exists acidTbl
2024-04-24T00:55:22,878  INFO [main] txn.TxnHandler: Added entries to MIN_HISTORY_LEVEL for current txns: ([1]) with min_open_txn: 1
2024-04-24T00:55:22,879  INFO [main] lockmgr.DbTxnManager: Opened txnid:1
2024-04-24T00:55:22,881  INFO [main] HiveMetaStore.audit: ugi=alex	ip=unknown-ip-addr	cmd=get_table : tbl=hive.default.acidTbl	
2024-04-24T00:55:22,890  INFO [main] ql.Driver: Semantic Analysis Completed (retrial = false)
2024-04-24T00:55:22,890  INFO [main] ql.Driver: Created Hive schema: Schema(fieldSchemas:null, properties:null)
2024-04-24T00:55:22,890  INFO [main] metadata.Hive: Dumping metastore api call timing information for : compilation phase
2024-04-24T00:55:22,891  INFO [main] metadata.Hive: Total time spent in each metastore function (ms): {flushCache_()=0, getValidTxns_(long)=2, isCompatibleWith_(Configuration)=0, commitTxn_(CommitTxnRequest)=10, openTxn_(String, TxnType)=9}
2024-04-24T00:55:22,891  INFO [main] ql.Driver: Completed compiling command(queryId=alex_20240424005522_7cbf7514-0f8d-4164-9d45-33cc57deb002); Time taken: 0.021 seconds
2024-04-24T00:55:22,891  INFO [main] lockmgr.DbTxnManager: Setting lock request transaction to txnid:1 for queryId=alex_20240424005522_7cbf7514-0f8d-4164-9d45-33cc57deb002
2024-04-24T00:55:22,891  INFO [main] ql.Driver: Operation DROPTABLE obtained 0 locks
2024-04-24T00:55:22,891  INFO [main] ql.Driver: Executing command(queryId=alex_20240424005522_7cbf7514-0f8d-4164-9d45-33cc57deb002): drop table if exists acidTbl
2024-04-24T00:55:22,891  INFO [main] ql.Driver: Starting task [Stage-0:DDL] in serial mode
2024-04-24T00:55:22,891  INFO [main] HiveMetaStore.audit: ugi=alex	ip=unknown-ip-addr	cmd=get_table : tbl=hive.default.acidTbl	
2024-04-24T00:55:22,895  INFO [main] metadata.Hive: Dumping metastore api call timing information for : execution phase
2024-04-24T00:55:22,895  INFO [main] metadata.Hive: Total time spent in each metastore function (ms): {isCompatibleWith_(Configuration)=0}
2024-04-24T00:55:22,895  INFO [main] ql.Driver: Completed executing command(queryId=alex_20240424005522_7cbf7514-0f8d-4164-9d45-33cc57deb002); Time taken: 0.004 seconds
2024-04-24T00:55:22,896  INFO [main] lockmgr.DbTxnManager: Stopped heartbeat for query: alex_20240424005522_7cbf7514-0f8d-4164-9d45-33cc57deb002
2024-04-24T00:55:22,902  INFO [main] txn.TxnHandler: Expected to move at least one record from txn_components to completed_txn_components when committing txn! txnid:1
2024-04-24T00:55:22,908  INFO [main] txn.TxnHandler: Removed transactions: ([1]) from MIN_HISTORY_LEVEL
2024-04-24T00:55:22,908  WARN [main] txn.CompactionTxnHandler: No compaction queue record found for Compaction type transaction commit. txnId:1
2024-04-24T00:55:22,909  INFO [main] ql.TxnCommandsBaseForTests: Running the query: drop table if exists acidTblPart
2024-04-24T00:55:22,909  INFO [main] ql.Driver: Compiling command(queryId=alex_20240424005522_6fdfe8c5-244d-4281-965e-b9185a4dc26c): drop table if exists acidTblPart
2024-04-24T00:55:22,912  INFO [main] txn.TxnHandler: Added entries to MIN_HISTORY_LEVEL for current txns: ([2]) with min_open_txn: 1
2024-04-24T00:55:22,912  INFO [main] lockmgr.DbTxnManager: Opened txnid:2
2024-04-24T00:55:22,913  INFO [main] HiveMetaStore.audit: ugi=alex	ip=unknown-ip-addr	cmd=get_table : tbl=hive.default.acidTblPart	
2024-04-24T00:55:22,916  INFO [main] ql.Driver: Semantic Analysis Completed (retrial = false)
2024-04-24T00:55:22,916  INFO [main] ql.Driver: Created Hive schema: Schema(fieldSchemas:null, properties:null)
2024-04-24T00:55:22,916  INFO [main] metadata.Hive: Dumping metastore api call timing information for : compilation phase
2024-04-24T00:55:22,916  INFO [main] metadata.Hive: Total time spent in each metastore function (ms): {openTxn_(String, TxnType)=2, getValidTxns_(long)=1, flushCache_()=0, isCompatibleWith_(Configuration)=0, commitTxn_(CommitTxnRequest)=13}
2024-04-24T00:55:22,917  INFO [main] ql.Driver: Completed compiling command(queryId=alex_20240424005522_6fdfe8c5-244d-4281-965e-b9185a4dc26c); Time taken: 0.007 seconds
2024-04-24T00:55:22,917  INFO [main] lockmgr.DbTxnManager: Setting lock request transaction to txnid:2 for queryId=alex_20240424005522_6fdfe8c5-244d-4281-965e-b9185a4dc26c
2024-04-24T00:55:22,917  INFO [main] ql.Driver: Operation DROPTABLE obtained 0 locks
2024-04-24T00:55:22,917  INFO [main] ql.Driver: Executing command(queryId=alex_20240424005522_6fdfe8c5-244d-4281-965e-b9185a4dc26c): drop table if exists acidTblPart
2024-04-24T00:55:22,917  INFO [main] ql.Driver: Starting task [Stage-0:DDL] in serial mode
2024-04-24T00:55:22,917  INFO [main] HiveMetaStore.audit: ugi=alex	ip=unknown-ip-addr	cmd=get_table : tbl=hive.default.acidTblPart	
2024-04-24T00:55:22,921  INFO [main] metadata.Hive: Dumping metastore api call timing information for : execution phase
2024-04-24T00:55:22,921  INFO [main] metadata.Hive: Total time spent in each metastore function (ms): {isCompatibleWith_(Configuration)=0}
2024-04-24T00:55:22,922  INFO [main] ql.Driver: Completed executing command(queryId=alex_20240424005522_6fdfe8c5-244d-4281-965e-b9185a4dc26c); Time taken: 0.004 seconds
2024-04-24T00:55:22,922  INFO [main] lockmgr.DbTxnManager: Stopped heartbeat for query: alex_20240424005522_6fdfe8c5-244d-4281-965e-b9185a4dc26c
2024-04-24T00:55:22,928  INFO [main] txn.TxnHandler: Expected to move at least one record from txn_components to completed_txn_components when committing txn! txnid:2
2024-04-24T00:55:22,934  INFO [main] txn.TxnHandler: Removed transactions: ([2]) from MIN_HISTORY_LEVEL
2024-04-24T00:55:22,934  WARN [main] txn.CompactionTxnHandler: No compaction queue record found for Compaction type transaction commit. txnId:2
2024-04-24T00:55:22,935  INFO [main] ql.TxnCommandsBaseForTests: Running the query: drop table if exists acidTbl2
2024-04-24T00:55:22,935  INFO [main] ql.Driver: Compiling command(queryId=alex_20240424005522_1f16ecca-a8bc-4f8b-ae61-d2814ed1b4e6): drop table if exists acidTbl2
2024-04-24T00:55:22,937  INFO [main] txn.TxnHandler: Added entries to MIN_HISTORY_LEVEL for current txns: ([3]) with min_open_txn: 1
2024-04-24T00:55:22,937  INFO [main] lockmgr.DbTxnManager: Opened txnid:3
2024-04-24T00:55:22,937  INFO [main] HiveMetaStore.audit: ugi=alex	ip=unknown-ip-addr	cmd=get_table : tbl=hive.default.acidTbl2	
2024-04-24T00:55:22,941  INFO [main] ql.Driver: Semantic Analysis Completed (retrial = false)
2024-04-24T00:55:22,941  INFO [main] ql.Driver: Created Hive schema: Schema(fieldSchemas:null, properties:null)
2024-04-24T00:55:22,941  INFO [main] metadata.Hive: Dumping metastore api call timing information for : compilation phase
2024-04-24T00:55:22,941  INFO [main] metadata.Hive: Total time spent in each metastore function (ms): {isCompatibleWith_(Configuration)=0, commitTxn_(CommitTxnRequest)=12, openTxn_(String, TxnType)=2, flushCache_()=0, getValidTxns_(long)=0}
2024-04-24T00:55:22,941  INFO [main] ql.Driver: Completed compiling command(queryId=alex_20240424005522_1f16ecca-a8bc-4f8b-ae61-d2814ed1b4e6); Time taken: 0.006 seconds
2024-04-24T00:55:22,941  INFO [main] lockmgr.DbTxnManager: Setting lock request transaction to txnid:3 for queryId=alex_20240424005522_1f16ecca-a8bc-4f8b-ae61-d2814ed1b4e6
2024-04-24T00:55:22,941  INFO [main] ql.Driver: Operation DROPTABLE obtained 0 locks
2024-04-24T00:55:22,941  INFO [main] ql.Driver: Executing command(queryId=alex_20240424005522_1f16ecca-a8bc-4f8b-ae61-d2814ed1b4e6): drop table if exists acidTbl2
2024-04-24T00:55:22,941  INFO [main] ql.Driver: Starting task [Stage-0:DDL] in serial mode
2024-04-24T00:55:22,942  INFO [main] HiveMetaStore.audit: ugi=alex	ip=unknown-ip-addr	cmd=get_table : tbl=hive.default.acidTbl2	
2024-04-24T00:55:22,945  INFO [main] metadata.Hive: Dumping metastore api call timing information for : execution phase
2024-04-24T00:55:22,945  INFO [main] metadata.Hive: Total time spent in each metastore function (ms): {isCompatibleWith_(Configuration)=0}
2024-04-24T00:55:22,945  INFO [main] ql.Driver: Completed executing command(queryId=alex_20240424005522_1f16ecca-a8bc-4f8b-ae61-d2814ed1b4e6); Time taken: 0.004 seconds
2024-04-24T00:55:22,945  INFO [main] lockmgr.DbTxnManager: Stopped heartbeat for query: alex_20240424005522_1f16ecca-a8bc-4f8b-ae61-d2814ed1b4e6
2024-04-24T00:55:22,966  INFO [main] txn.TxnHandler: Expected to move at least one record from txn_components to completed_txn_components when committing txn! txnid:3
2024-04-24T00:55:22,974  INFO [main] txn.TxnHandler: Removed transactions: ([3]) from MIN_HISTORY_LEVEL
2024-04-24T00:55:22,974  WARN [main] txn.CompactionTxnHandler: No compaction queue record found for Compaction type transaction commit. txnId:3
2024-04-24T00:55:22,982  INFO [main] ql.TxnCommandsBaseForTests: Running the query: drop table if exists nonAcidOrcTbl
2024-04-24T00:55:22,982  INFO [main] ql.Driver: Compiling command(queryId=alex_20240424005522_b346f555-afd7-4021-9fbb-661b2aac6927): drop table if exists nonAcidOrcTbl
2024-04-24T00:55:22,984  INFO [main] txn.TxnHandler: Added entries to MIN_HISTORY_LEVEL for current txns: ([4]) with min_open_txn: 1
2024-04-24T00:55:22,985  INFO [main] lockmgr.DbTxnManager: Opened txnid:4
2024-04-24T00:55:22,985  INFO [main] HiveMetaStore.audit: ugi=alex	ip=unknown-ip-addr	cmd=get_table : tbl=hive.default.nonAcidOrcTbl	
2024-04-24T00:55:22,988  INFO [main] ql.Driver: Semantic Analysis Completed (retrial = false)
2024-04-24T00:55:22,989  INFO [main] ql.Driver: Created Hive schema: Schema(fieldSchemas:null, properties:null)
2024-04-24T00:55:22,989  INFO [main] metadata.Hive: Dumping metastore api call timing information for : compilation phase
2024-04-24T00:55:22,989  INFO [main] metadata.Hive: Total time spent in each metastore function (ms): {openTxn_(String, TxnType)=2, getValidTxns_(long)=0, isCompatibleWith_(Configuration)=1, commitTxn_(CommitTxnRequest)=36, flushCache_()=0}
2024-04-24T00:55:22,989  INFO [main] ql.Driver: Completed compiling command(queryId=alex_20240424005522_b346f555-afd7-4021-9fbb-661b2aac6927); Time taken: 0.007 seconds
2024-04-24T00:55:22,989  INFO [main] lockmgr.DbTxnManager: Setting lock request transaction to txnid:4 for queryId=alex_20240424005522_b346f555-afd7-4021-9fbb-661b2aac6927
2024-04-24T00:55:22,989  INFO [main] ql.Driver: Operation DROPTABLE obtained 0 locks
2024-04-24T00:55:22,989  INFO [main] ql.Driver: Executing command(queryId=alex_20240424005522_b346f555-afd7-4021-9fbb-661b2aac6927): drop table if exists nonAcidOrcTbl
2024-04-24T00:55:22,989  INFO [main] ql.Driver: Starting task [Stage-0:DDL] in serial mode
2024-04-24T00:55:22,990  INFO [main] HiveMetaStore.audit: ugi=alex	ip=unknown-ip-addr	cmd=get_table : tbl=hive.default.nonAcidOrcTbl	
2024-04-24T00:55:22,993  INFO [main] metadata.Hive: Dumping metastore api call timing information for : execution phase
2024-04-24T00:55:22,993  INFO [main] metadata.Hive: Total time spent in each metastore function (ms): {isCompatibleWith_(Configuration)=0}
2024-04-24T00:55:22,993  INFO [main] ql.Driver: Completed executing command(queryId=alex_20240424005522_b346f555-afd7-4021-9fbb-661b2aac6927); Time taken: 0.004 seconds
2024-04-24T00:55:22,993  INFO [main] lockmgr.DbTxnManager: Stopped heartbeat for query: alex_20240424005522_b346f555-afd7-4021-9fbb-661b2aac6927
2024-04-24T00:55:22,998  INFO [main] txn.TxnHandler: Expected to move at least one record from txn_components to completed_txn_components when committing txn! txnid:4
2024-04-24T00:55:23,004  INFO [main] txn.TxnHandler: Removed transactions: ([4]) from MIN_HISTORY_LEVEL
2024-04-24T00:55:23,004  WARN [main] txn.CompactionTxnHandler: No compaction queue record found for Compaction type transaction commit. txnId:4
2024-04-24T00:55:23,005  INFO [main] ql.TxnCommandsBaseForTests: Running the query: drop table if exists nonAcidOrcTbl2
2024-04-24T00:55:23,005  INFO [main] ql.Driver: Compiling command(queryId=alex_20240424005523_c1f5fcca-e765-4558-8564-605031b84888): drop table if exists nonAcidOrcTbl2
2024-04-24T00:55:23,008  INFO [main] txn.TxnHandler: Added entries to MIN_HISTORY_LEVEL for current txns: ([5]) with min_open_txn: 1
2024-04-24T00:55:23,008  INFO [main] lockmgr.DbTxnManager: Opened txnid:5
2024-04-24T00:55:23,009  INFO [main] HiveMetaStore.audit: ugi=alex	ip=unknown-ip-addr	cmd=get_table : tbl=hive.default.nonAcidOrcTbl2	
2024-04-24T00:55:23,012  INFO [main] ql.Driver: Semantic Analysis Completed (retrial = false)
2024-04-24T00:55:23,012  INFO [main] ql.Driver: Created Hive schema: Schema(fieldSchemas:null, properties:null)
2024-04-24T00:55:23,012  INFO [main] metadata.Hive: Dumping metastore api call timing information for : compilation phase
2024-04-24T00:55:23,012  INFO [main] metadata.Hive: Total time spent in each metastore function (ms): {getValidTxns_(long)=1, flushCache_()=0, openTxn_(String, TxnType)=2, isCompatibleWith_(Configuration)=1, commitTxn_(CommitTxnRequest)=10}
2024-04-24T00:55:23,012  INFO [main] ql.Driver: Completed compiling command(queryId=alex_20240424005523_c1f5fcca-e765-4558-8564-605031b84888); Time taken: 0.007 seconds
2024-04-24T00:55:23,013  INFO [main] lockmgr.DbTxnManager: Setting lock request transaction to txnid:5 for queryId=alex_20240424005523_c1f5fcca-e765-4558-8564-605031b84888
2024-04-24T00:55:23,013  INFO [main] ql.Driver: Operation DROPTABLE obtained 0 locks
2024-04-24T00:55:23,013  INFO [main] ql.Driver: Executing command(queryId=alex_20240424005523_c1f5fcca-e765-4558-8564-605031b84888): drop table if exists nonAcidOrcTbl2
2024-04-24T00:55:23,013  INFO [main] ql.Driver: Starting task [Stage-0:DDL] in serial mode
2024-04-24T00:55:23,013  INFO [main] HiveMetaStore.audit: ugi=alex	ip=unknown-ip-addr	cmd=get_table : tbl=hive.default.nonAcidOrcTbl2	
2024-04-24T00:55:23,017  INFO [main] metadata.Hive: Dumping metastore api call timing information for : execution phase
2024-04-24T00:55:23,017  INFO [main] metadata.Hive: Total time spent in each metastore function (ms): {isCompatibleWith_(Configuration)=0}
2024-04-24T00:55:23,017  INFO [main] ql.Driver: Completed executing command(queryId=alex_20240424005523_c1f5fcca-e765-4558-8564-605031b84888); Time taken: 0.004 seconds
2024-04-24T00:55:23,017  INFO [main] lockmgr.DbTxnManager: Stopped heartbeat for query: alex_20240424005523_c1f5fcca-e765-4558-8564-605031b84888
2024-04-24T00:55:23,023  INFO [main] txn.TxnHandler: Expected to move at least one record from txn_components to completed_txn_components when committing txn! txnid:5
2024-04-24T00:55:23,029  INFO [main] txn.TxnHandler: Removed transactions: ([5]) from MIN_HISTORY_LEVEL
2024-04-24T00:55:23,029  WARN [main] txn.CompactionTxnHandler: No compaction queue record found for Compaction type transaction commit. txnId:5
2024-04-24T00:55:23,029  INFO [main] ql.TxnCommandsBaseForTests: Running the query: drop table if exists nonAcidNonBucket
2024-04-24T00:55:23,030  INFO [main] ql.Driver: Compiling command(queryId=alex_20240424005523_76eed73d-3c60-4c8e-84ea-3851bf5f2a4b): drop table if exists nonAcidNonBucket
2024-04-24T00:55:23,032  INFO [main] txn.TxnHandler: Added entries to MIN_HISTORY_LEVEL for current txns: ([6]) with min_open_txn: 1
2024-04-24T00:55:23,033  INFO [main] lockmgr.DbTxnManager: Opened txnid:6
2024-04-24T00:55:23,033  INFO [main] HiveMetaStore.audit: ugi=alex	ip=unknown-ip-addr	cmd=get_table : tbl=hive.default.nonAcidNonBucket	
2024-04-24T00:55:23,036  INFO [main] ql.Driver: Semantic Analysis Completed (retrial = false)
2024-04-24T00:55:23,036  INFO [main] ql.Driver: Created Hive schema: Schema(fieldSchemas:null, properties:null)
2024-04-24T00:55:23,036  INFO [main] metadata.Hive: Dumping metastore api call timing information for : compilation phase
2024-04-24T00:55:23,036  INFO [main] metadata.Hive: Total time spent in each metastore function (ms): {openTxn_(String, TxnType)=3, getValidTxns_(long)=0, commitTxn_(CommitTxnRequest)=12, flushCache_()=0, isCompatibleWith_(Configuration)=0}
2024-04-24T00:55:23,036  INFO [main] ql.Driver: Completed compiling command(queryId=alex_20240424005523_76eed73d-3c60-4c8e-84ea-3851bf5f2a4b); Time taken: 0.006 seconds
2024-04-24T00:55:23,037  INFO [main] lockmgr.DbTxnManager: Setting lock request transaction to txnid:6 for queryId=alex_20240424005523_76eed73d-3c60-4c8e-84ea-3851bf5f2a4b
2024-04-24T00:55:23,037  INFO [main] ql.Driver: Operation DROPTABLE obtained 0 locks
2024-04-24T00:55:23,037  INFO [main] ql.Driver: Executing command(queryId=alex_20240424005523_76eed73d-3c60-4c8e-84ea-3851bf5f2a4b): drop table if exists nonAcidNonBucket
2024-04-24T00:55:23,037  INFO [main] ql.Driver: Starting task [Stage-0:DDL] in serial mode
2024-04-24T00:55:23,037  INFO [main] HiveMetaStore.audit: ugi=alex	ip=unknown-ip-addr	cmd=get_table : tbl=hive.default.nonAcidNonBucket	
2024-04-24T00:55:23,040  INFO [main] metadata.Hive: Dumping metastore api call timing information for : execution phase
2024-04-24T00:55:23,040  INFO [main] metadata.Hive: Total time spent in each metastore function (ms): {isCompatibleWith_(Configuration)=0}
2024-04-24T00:55:23,040  INFO [main] ql.Driver: Completed executing command(queryId=alex_20240424005523_76eed73d-3c60-4c8e-84ea-3851bf5f2a4b); Time taken: 0.003 seconds
2024-04-24T00:55:23,040  INFO [main] lockmgr.DbTxnManager: Stopped heartbeat for query: alex_20240424005523_76eed73d-3c60-4c8e-84ea-3851bf5f2a4b
2024-04-24T00:55:23,045  INFO [main] txn.TxnHandler: Expected to move at least one record from txn_components to completed_txn_components when committing txn! txnid:6
2024-04-24T00:55:23,050  INFO [main] txn.TxnHandler: Removed transactions: ([6]) from MIN_HISTORY_LEVEL
2024-04-24T00:55:23,050  WARN [main] txn.CompactionTxnHandler: No compaction queue record found for Compaction type transaction commit. txnId:6
2024-04-24T00:55:23,051  INFO [main] ql.TxnCommandsBaseForTests: Running the query: create table acidTbl(a int, b int) clustered by (a) into 2 buckets stored as orc TBLPROPERTIES ('transactional'='true')
2024-04-24T00:55:23,051  INFO [main] ql.Driver: Compiling command(queryId=alex_20240424005523_69195154-c1b3-4522-b7f5-a76391767c16): create table acidTbl(a int, b int) clustered by (a) into 2 buckets stored as orc TBLPROPERTIES ('transactional'='true')
2024-04-24T00:55:23,053  INFO [main] txn.TxnHandler: Added entries to MIN_HISTORY_LEVEL for current txns: ([7]) with min_open_txn: 1
2024-04-24T00:55:23,053  INFO [main] lockmgr.DbTxnManager: Opened txnid:7
2024-04-24T00:55:23,054  INFO [main] parse.CalcitePlanner: Starting caching scope for: 
2024-04-24T00:55:23,054  INFO [main] parse.CalcitePlanner: Starting Semantic Analysis
2024-04-24T00:55:23,059  INFO [main] parse.CalcitePlanner: Creating table default.acidTbl position=13
2024-04-24T00:55:23,059  INFO [main] HiveMetaStore.audit: ugi=alex	ip=unknown-ip-addr	cmd=get_database: default	
2024-04-24T00:55:23,061  INFO [main] parse.CalcitePlanner: Ending caching scope for: 
2024-04-24T00:55:23,061  INFO [main] ql.Driver: Semantic Analysis Completed (retrial = false)
2024-04-24T00:55:23,061  INFO [main] ql.Driver: Created Hive schema: Schema(fieldSchemas:null, properties:null)
2024-04-24T00:55:23,061  INFO [main] metadata.Hive: Dumping metastore api call timing information for : compilation phase
2024-04-24T00:55:23,061  INFO [main] metadata.Hive: Total time spent in each metastore function (ms): {getValidWriteIds_(List, String)=5, isCompatibleWith_(Configuration)=0, flushCache_()=0, getDatabase_(String)=2, commitTxn_(CommitTxnRequest)=9, getValidTxns_(long)=0, openTxn_(String, TxnType)=2}
2024-04-24T00:55:23,061  INFO [main] ql.Driver: Completed compiling command(queryId=alex_20240424005523_69195154-c1b3-4522-b7f5-a76391767c16); Time taken: 0.01 seconds
2024-04-24T00:55:23,062  INFO [main] lockmgr.DbTxnManager: Setting lock request transaction to txnid:7 for queryId=alex_20240424005523_69195154-c1b3-4522-b7f5-a76391767c16
2024-04-24T00:55:23,062  INFO [main] lockmgr.DbLockManager: Requesting lock for queryId=alex_20240424005523_69195154-c1b3-4522-b7f5-a76391767c16
2024-04-24T00:55:23,078  INFO [main] lockmgr.DbLockManager: Response to queryId=alex_20240424005523_69195154-c1b3-4522-b7f5-a76391767c16 LockResponse(lockid:1, state:ACQUIRED)
2024-04-24T00:55:23,078  INFO [main] ql.Driver: Operation CREATETABLE obtained 1 locks
2024-04-24T00:55:23,079  INFO [main] ql.Driver: Executing command(queryId=alex_20240424005523_69195154-c1b3-4522-b7f5-a76391767c16): create table acidTbl(a int, b int) clustered by (a) into 2 buckets stored as orc TBLPROPERTIES ('transactional'='true')
2024-04-24T00:55:23,079  INFO [main] ql.Driver: Starting task [Stage-0:DDL] in serial mode
2024-04-24T00:55:23,080  INFO [main] HiveMetaStore.audit: ugi=alex	ip=unknown-ip-addr	cmd=create_table_req: Table(tableName:acidTbl, dbName:default, owner:alex, createTime:1713945323, lastAccessTime:0, retention:0, sd:StorageDescriptor(cols:[FieldSchema(name:a, type:int, comment:null), FieldSchema(name:b, type:int, comment:null)], location:null, inputFormat:org.apache.hadoop.hive.ql.io.orc.OrcInputFormat, outputFormat:org.apache.hadoop.hive.ql.io.orc.OrcOutputFormat, compressed:false, numBuckets:2, serdeInfo:SerDeInfo(name:null, serializationLib:org.apache.hadoop.hive.ql.io.orc.OrcSerde, parameters:{serialization.format=1}), bucketCols:[a], sortCols:[], parameters:{}, skewedInfo:SkewedInfo(skewedColNames:[], skewedColValues:[], skewedColValueLocationMaps:{}), storedAsSubDirectories:false), partitionKeys:[], parameters:{transactional=true, totalSize=0, numFilesErasureCoded=0, bucketing_version=2, numRows=0, COLUMN_STATS_ACCURATE={"BASIC_STATS":"true","COLUMN_STATS":{"a":"true","b":"true"}}, rawDataSize=0, numFiles=0}, viewOriginalText:null, viewExpandedText:null, tableType:MANAGED_TABLE, privileges:PrincipalPrivilegeSet(userPrivileges:{alex=[PrivilegeGrantInfo(privilege:INSERT, createTime:-1, grantor:alex, grantorType:USER, grantOption:true), PrivilegeGrantInfo(privilege:SELECT, createTime:-1, grantor:alex, grantorType:USER, grantOption:true), PrivilegeGrantInfo(privilege:UPDATE, createTime:-1, grantor:alex, grantorType:USER, grantOption:true), PrivilegeGrantInfo(privilege:DELETE, createTime:-1, grantor:alex, grantorType:USER, grantOption:true)]}, groupPrivileges:null, rolePrivileges:null), temporary:false, catName:hive, ownerType:USER, writeId:0)	
2024-04-24T00:55:23,085  INFO [main] utils.FileUtils: Creating directory if it doesn't exist: file:/home/alex/Repositories/hive/ql/target/tmp/org.apache.hadoop.hive.ql.TestTxnNoBuckets-1713945183193/warehouse/acidtbl
2024-04-24T00:55:23,119  INFO [main] metadata.Hive: Dumping metastore api call timing information for : execution phase
2024-04-24T00:55:23,119  INFO [main] metadata.Hive: Total time spent in each metastore function (ms): {isCompatibleWith_(Configuration)=0, createTable_(Table)=40}
2024-04-24T00:55:23,120  INFO [main] ql.Driver: Completed executing command(queryId=alex_20240424005523_69195154-c1b3-4522-b7f5-a76391767c16); Time taken: 0.04 seconds
2024-04-24T00:55:23,120  INFO [main] lockmgr.DbTxnManager: Stopped heartbeat for query: alex_20240424005523_69195154-c1b3-4522-b7f5-a76391767c16
2024-04-24T00:55:23,123  INFO [main] txn.TxnHandler: Expected to move at least one record from txn_components to completed_txn_components when committing txn! txnid:7
2024-04-24T00:55:23,128  INFO [main] txn.TxnHandler: Removed transactions: ([7]) from MIN_HISTORY_LEVEL
2024-04-24T00:55:23,129  WARN [main] txn.CompactionTxnHandler: No compaction queue record found for Compaction type transaction commit. txnId:7
2024-04-24T00:55:23,130  INFO [main] ql.TxnCommandsBaseForTests: Running the query: create table acidTblPart(a int, b int) partitioned by (p string) clustered by (a) into 2 buckets stored as orc TBLPROPERTIES ('transactional'='true')
2024-04-24T00:55:23,130  INFO [main] ql.Driver: Compiling command(queryId=alex_20240424005523_1ce56545-b03b-43ea-a797-769d129e4335): create table acidTblPart(a int, b int) partitioned by (p string) clustered by (a) into 2 buckets stored as orc TBLPROPERTIES ('transactional'='true')
2024-04-24T00:55:23,133  INFO [main] txn.TxnHandler: Added entries to MIN_HISTORY_LEVEL for current txns: ([8]) with min_open_txn: 1
2024-04-24T00:55:23,133  INFO [main] lockmgr.DbTxnManager: Opened txnid:8
2024-04-24T00:55:23,134  INFO [main] parse.CalcitePlanner: Starting caching scope for: 
2024-04-24T00:55:23,134  INFO [main] parse.CalcitePlanner: Starting Semantic Analysis
2024-04-24T00:55:23,136  INFO [main] parse.CalcitePlanner: Creating table default.acidTblPart position=13
2024-04-24T00:55:23,136  INFO [main] HiveMetaStore.audit: ugi=alex	ip=unknown-ip-addr	cmd=get_database: default	
2024-04-24T00:55:23,138  INFO [main] parse.CalcitePlanner: Ending caching scope for: 
2024-04-24T00:55:23,138  INFO [main] ql.Driver: Semantic Analysis Completed (retrial = false)
2024-04-24T00:55:23,139  INFO [main] ql.Driver: Created Hive schema: Schema(fieldSchemas:null, properties:null)
2024-04-24T00:55:23,139  INFO [main] metadata.Hive: Dumping metastore api call timing information for : compilation phase
2024-04-24T00:55:23,139  INFO [main] metadata.Hive: Total time spent in each metastore function (ms): {isCompatibleWith_(Configuration)=1, flushCache_()=0, getValidTxns_(long)=0, getDatabase_(String)=2, openTxn_(String, TxnType)=2, getValidWriteIds_(List, String)=2, commitTxn_(CommitTxnRequest)=10}
2024-04-24T00:55:23,139  INFO [main] ql.Driver: Completed compiling command(queryId=alex_20240424005523_1ce56545-b03b-43ea-a797-769d129e4335); Time taken: 0.009 seconds
2024-04-24T00:55:23,139  INFO [main] lockmgr.DbTxnManager: Setting lock request transaction to txnid:8 for queryId=alex_20240424005523_1ce56545-b03b-43ea-a797-769d129e4335
2024-04-24T00:55:23,139  INFO [main] lockmgr.DbLockManager: Requesting lock for queryId=alex_20240424005523_1ce56545-b03b-43ea-a797-769d129e4335
2024-04-24T00:55:23,153  INFO [main] lockmgr.DbLockManager: Response to queryId=alex_20240424005523_1ce56545-b03b-43ea-a797-769d129e4335 LockResponse(lockid:2, state:ACQUIRED)
2024-04-24T00:55:23,153  INFO [main] ql.Driver: Operation CREATETABLE obtained 1 locks
2024-04-24T00:55:23,154  INFO [main] ql.Driver: Executing command(queryId=alex_20240424005523_1ce56545-b03b-43ea-a797-769d129e4335): create table acidTblPart(a int, b int) partitioned by (p string) clustered by (a) into 2 buckets stored as orc TBLPROPERTIES ('transactional'='true')
2024-04-24T00:55:23,154  INFO [main] ql.Driver: Starting task [Stage-0:DDL] in serial mode
2024-04-24T00:55:23,155  INFO [main] HiveMetaStore.audit: ugi=alex	ip=unknown-ip-addr	cmd=create_table_req: Table(tableName:acidTblPart, dbName:default, owner:alex, createTime:1713945323, lastAccessTime:0, retention:0, sd:StorageDescriptor(cols:[FieldSchema(name:a, type:int, comment:null), FieldSchema(name:b, type:int, comment:null)], location:null, inputFormat:org.apache.hadoop.hive.ql.io.orc.OrcInputFormat, outputFormat:org.apache.hadoop.hive.ql.io.orc.OrcOutputFormat, compressed:false, numBuckets:2, serdeInfo:SerDeInfo(name:null, serializationLib:org.apache.hadoop.hive.ql.io.orc.OrcSerde, parameters:{serialization.format=1}), bucketCols:[a], sortCols:[], parameters:{}, skewedInfo:SkewedInfo(skewedColNames:[], skewedColValues:[], skewedColValueLocationMaps:{}), storedAsSubDirectories:false), partitionKeys:[FieldSchema(name:p, type:string, comment:null)], parameters:{transactional=true, bucketing_version=2}, viewOriginalText:null, viewExpandedText:null, tableType:MANAGED_TABLE, privileges:PrincipalPrivilegeSet(userPrivileges:{alex=[PrivilegeGrantInfo(privilege:INSERT, createTime:-1, grantor:alex, grantorType:USER, grantOption:true), PrivilegeGrantInfo(privilege:SELECT, createTime:-1, grantor:alex, grantorType:USER, grantOption:true), PrivilegeGrantInfo(privilege:UPDATE, createTime:-1, grantor:alex, grantorType:USER, grantOption:true), PrivilegeGrantInfo(privilege:DELETE, createTime:-1, grantor:alex, grantorType:USER, grantOption:true)]}, groupPrivileges:null, rolePrivileges:null), temporary:false, catName:hive, ownerType:USER, writeId:0)	
2024-04-24T00:55:23,162  INFO [main] utils.FileUtils: Creating directory if it doesn't exist: file:/home/alex/Repositories/hive/ql/target/tmp/org.apache.hadoop.hive.ql.TestTxnNoBuckets-1713945183193/warehouse/acidtblpart
2024-04-24T00:55:23,177  INFO [main] metadata.Hive: Dumping metastore api call timing information for : execution phase
2024-04-24T00:55:23,177  INFO [main] metadata.Hive: Total time spent in each metastore function (ms): {isCompatibleWith_(Configuration)=0, createTable_(Table)=22}
2024-04-24T00:55:23,177  INFO [main] ql.Driver: Completed executing command(queryId=alex_20240424005523_1ce56545-b03b-43ea-a797-769d129e4335); Time taken: 0.023 seconds
2024-04-24T00:55:23,177  INFO [main] lockmgr.DbTxnManager: Stopped heartbeat for query: alex_20240424005523_1ce56545-b03b-43ea-a797-769d129e4335
2024-04-24T00:55:23,181  INFO [main] txn.TxnHandler: Expected to move at least one record from txn_components to completed_txn_components when committing txn! txnid:8
2024-04-24T00:55:23,186  INFO [main] txn.TxnHandler: Removed transactions: ([8]) from MIN_HISTORY_LEVEL
2024-04-24T00:55:23,186  WARN [main] txn.CompactionTxnHandler: No compaction queue record found for Compaction type transaction commit. txnId:8
2024-04-24T00:55:23,186  INFO [main] ql.TxnCommandsBaseForTests: Running the query: create table nonAcidOrcTbl(a int, b int) clustered by (a) into 2 buckets stored as orc TBLPROPERTIES ('transactional'='false')
2024-04-24T00:55:23,187  INFO [main] ql.Driver: Compiling command(queryId=alex_20240424005523_16283542-2516-44cb-914f-b350caeeefe8): create table nonAcidOrcTbl(a int, b int) clustered by (a) into 2 buckets stored as orc TBLPROPERTIES ('transactional'='false')
2024-04-24T00:55:23,189  INFO [main] txn.TxnHandler: Added entries to MIN_HISTORY_LEVEL for current txns: ([9]) with min_open_txn: 1
2024-04-24T00:55:23,189  INFO [main] lockmgr.DbTxnManager: Opened txnid:9
2024-04-24T00:55:23,190  INFO [main] parse.CalcitePlanner: Starting caching scope for: 
2024-04-24T00:55:23,190  INFO [main] parse.CalcitePlanner: Starting Semantic Analysis
2024-04-24T00:55:23,192  INFO [main] parse.CalcitePlanner: Creating table default.nonAcidOrcTbl position=13
2024-04-24T00:55:23,192  INFO [main] HiveMetaStore.audit: ugi=alex	ip=unknown-ip-addr	cmd=get_database: default	
2024-04-24T00:55:23,194  INFO [main] parse.CalcitePlanner: Ending caching scope for: 
2024-04-24T00:55:23,194  INFO [main] ql.Driver: Semantic Analysis Completed (retrial = false)
2024-04-24T00:55:23,194  INFO [main] ql.Driver: Created Hive schema: Schema(fieldSchemas:null, properties:null)
2024-04-24T00:55:23,194  INFO [main] metadata.Hive: Dumping metastore api call timing information for : compilation phase
2024-04-24T00:55:23,195  INFO [main] metadata.Hive: Total time spent in each metastore function (ms): {openTxn_(String, TxnType)=2, getDatabase_(String)=2, getValidWriteIds_(List, String)=2, commitTxn_(CommitTxnRequest)=9, getValidTxns_(long)=1, flushCache_()=0, isCompatibleWith_(Configuration)=0}
2024-04-24T00:55:23,195  INFO [main] ql.Driver: Completed compiling command(queryId=alex_20240424005523_16283542-2516-44cb-914f-b350caeeefe8); Time taken: 0.008 seconds
2024-04-24T00:55:23,195  INFO [main] lockmgr.DbTxnManager: Setting lock request transaction to txnid:9 for queryId=alex_20240424005523_16283542-2516-44cb-914f-b350caeeefe8
2024-04-24T00:55:23,195  INFO [main] lockmgr.DbLockManager: Requesting lock for queryId=alex_20240424005523_16283542-2516-44cb-914f-b350caeeefe8
2024-04-24T00:55:23,208  INFO [main] lockmgr.DbLockManager: Response to queryId=alex_20240424005523_16283542-2516-44cb-914f-b350caeeefe8 LockResponse(lockid:3, state:ACQUIRED)
2024-04-24T00:55:23,208  INFO [main] ql.Driver: Operation CREATETABLE obtained 1 locks
2024-04-24T00:55:23,208  INFO [main] ql.Driver: Executing command(queryId=alex_20240424005523_16283542-2516-44cb-914f-b350caeeefe8): create table nonAcidOrcTbl(a int, b int) clustered by (a) into 2 buckets stored as orc TBLPROPERTIES ('transactional'='false')
2024-04-24T00:55:23,208  INFO [main] ql.Driver: Starting task [Stage-0:DDL] in serial mode
2024-04-24T00:55:23,209  INFO [main] HiveMetaStore.audit: ugi=alex	ip=unknown-ip-addr	cmd=create_table_req: Table(tableName:nonAcidOrcTbl, dbName:default, owner:alex, createTime:1713945323, lastAccessTime:0, retention:0, sd:StorageDescriptor(cols:[FieldSchema(name:a, type:int, comment:null), FieldSchema(name:b, type:int, comment:null)], location:null, inputFormat:org.apache.hadoop.hive.ql.io.orc.OrcInputFormat, outputFormat:org.apache.hadoop.hive.ql.io.orc.OrcOutputFormat, compressed:false, numBuckets:2, serdeInfo:SerDeInfo(name:null, serializationLib:org.apache.hadoop.hive.ql.io.orc.OrcSerde, parameters:{serialization.format=1}), bucketCols:[a], sortCols:[], parameters:{}, skewedInfo:SkewedInfo(skewedColNames:[], skewedColValues:[], skewedColValueLocationMaps:{}), storedAsSubDirectories:false), partitionKeys:[], parameters:{rawDataSize=0, numRows=0, bucketing_version=2, transactional=false, numFilesErasureCoded=0, numFiles=0, COLUMN_STATS_ACCURATE={"BASIC_STATS":"true","COLUMN_STATS":{"a":"true","b":"true"}}, totalSize=0}, viewOriginalText:null, viewExpandedText:null, tableType:MANAGED_TABLE, privileges:PrincipalPrivilegeSet(userPrivileges:{alex=[PrivilegeGrantInfo(privilege:INSERT, createTime:-1, grantor:alex, grantorType:USER, grantOption:true), PrivilegeGrantInfo(privilege:SELECT, createTime:-1, grantor:alex, grantorType:USER, grantOption:true), PrivilegeGrantInfo(privilege:UPDATE, createTime:-1, grantor:alex, grantorType:USER, grantOption:true), PrivilegeGrantInfo(privilege:DELETE, createTime:-1, grantor:alex, grantorType:USER, grantOption:true)]}, groupPrivileges:null, rolePrivileges:null), temporary:false, catName:hive, ownerType:USER)	
2024-04-24T00:55:23,215  INFO [main] utils.FileUtils: Creating directory if it doesn't exist: file:/home/alex/Repositories/hive/ql/target/tmp/org.apache.hadoop.hive.ql.TestTxnNoBuckets-1713945183193/warehouse/nonacidorctbl
2024-04-24T00:55:23,230  INFO [main] metadata.Hive: Dumping metastore api call timing information for : execution phase
2024-04-24T00:55:23,230  INFO [main] metadata.Hive: Total time spent in each metastore function (ms): {isCompatibleWith_(Configuration)=1, createTable_(Table)=21}
2024-04-24T00:55:23,230  INFO [main] ql.Driver: Completed executing command(queryId=alex_20240424005523_16283542-2516-44cb-914f-b350caeeefe8); Time taken: 0.022 seconds
2024-04-24T00:55:23,230  INFO [main] lockmgr.DbTxnManager: Stopped heartbeat for query: alex_20240424005523_16283542-2516-44cb-914f-b350caeeefe8
2024-04-24T00:55:23,234  INFO [main] txn.TxnHandler: Expected to move at least one record from txn_components to completed_txn_components when committing txn! txnid:9
2024-04-24T00:55:23,239  INFO [main] txn.TxnHandler: Removed transactions: ([9]) from MIN_HISTORY_LEVEL
2024-04-24T00:55:23,239  WARN [main] txn.CompactionTxnHandler: No compaction queue record found for Compaction type transaction commit. txnId:9
2024-04-24T00:55:23,239  INFO [main] ql.TxnCommandsBaseForTests: Running the query: create table nonAcidOrcTbl2(a int, b int) clustered by (a) into 2 buckets stored as orc TBLPROPERTIES ('transactional'='false')
2024-04-24T00:55:23,240  INFO [main] ql.Driver: Compiling command(queryId=alex_20240424005523_60934c0f-95b9-45d3-a2a7-90c26a5d2b99): create table nonAcidOrcTbl2(a int, b int) clustered by (a) into 2 buckets stored as orc TBLPROPERTIES ('transactional'='false')
2024-04-24T00:55:23,242  INFO [main] txn.TxnHandler: Added entries to MIN_HISTORY_LEVEL for current txns: ([10]) with min_open_txn: 1
2024-04-24T00:55:23,242  INFO [main] lockmgr.DbTxnManager: Opened txnid:10
2024-04-24T00:55:23,242  INFO [main] parse.CalcitePlanner: Starting caching scope for: 
2024-04-24T00:55:23,243  INFO [main] parse.CalcitePlanner: Starting Semantic Analysis
2024-04-24T00:55:23,245  INFO [main] parse.CalcitePlanner: Creating table default.nonAcidOrcTbl2 position=13
2024-04-24T00:55:23,245  INFO [main] HiveMetaStore.audit: ugi=alex	ip=unknown-ip-addr	cmd=get_database: default	
2024-04-24T00:55:23,247  INFO [main] parse.CalcitePlanner: Ending caching scope for: 
2024-04-24T00:55:23,247  INFO [main] ql.Driver: Semantic Analysis Completed (retrial = false)
2024-04-24T00:55:23,247  INFO [main] ql.Driver: Created Hive schema: Schema(fieldSchemas:null, properties:null)
2024-04-24T00:55:23,247  INFO [main] metadata.Hive: Dumping metastore api call timing information for : compilation phase
2024-04-24T00:55:23,247  INFO [main] metadata.Hive: Total time spent in each metastore function (ms): {flushCache_()=0, getValidWriteIds_(List, String)=2, openTxn_(String, TxnType)=2, getValidTxns_(long)=0, commitTxn_(CommitTxnRequest)=9, isCompatibleWith_(Configuration)=0, getDatabase_(String)=2}
2024-04-24T00:55:23,247  INFO [main] ql.Driver: Completed compiling command(queryId=alex_20240424005523_60934c0f-95b9-45d3-a2a7-90c26a5d2b99); Time taken: 0.007 seconds
2024-04-24T00:55:23,247  INFO [main] lockmgr.DbTxnManager: Setting lock request transaction to txnid:10 for queryId=alex_20240424005523_60934c0f-95b9-45d3-a2a7-90c26a5d2b99
2024-04-24T00:55:23,248  INFO [main] lockmgr.DbLockManager: Requesting lock for queryId=alex_20240424005523_60934c0f-95b9-45d3-a2a7-90c26a5d2b99
2024-04-24T00:55:23,261  INFO [main] lockmgr.DbLockManager: Response to queryId=alex_20240424005523_60934c0f-95b9-45d3-a2a7-90c26a5d2b99 LockResponse(lockid:4, state:ACQUIRED)
2024-04-24T00:55:23,261  INFO [main] ql.Driver: Operation CREATETABLE obtained 1 locks
2024-04-24T00:55:23,261  INFO [main] ql.Driver: Executing command(queryId=alex_20240424005523_60934c0f-95b9-45d3-a2a7-90c26a5d2b99): create table nonAcidOrcTbl2(a int, b int) clustered by (a) into 2 buckets stored as orc TBLPROPERTIES ('transactional'='false')
2024-04-24T00:55:23,261  INFO [main] ql.Driver: Starting task [Stage-0:DDL] in serial mode
2024-04-24T00:55:23,262  INFO [main] HiveMetaStore.audit: ugi=alex	ip=unknown-ip-addr	cmd=create_table_req: Table(tableName:nonAcidOrcTbl2, dbName:default, owner:alex, createTime:1713945323, lastAccessTime:0, retention:0, sd:StorageDescriptor(cols:[FieldSchema(name:a, type:int, comment:null), FieldSchema(name:b, type:int, comment:null)], location:null, inputFormat:org.apache.hadoop.hive.ql.io.orc.OrcInputFormat, outputFormat:org.apache.hadoop.hive.ql.io.orc.OrcOutputFormat, compressed:false, numBuckets:2, serdeInfo:SerDeInfo(name:null, serializationLib:org.apache.hadoop.hive.ql.io.orc.OrcSerde, parameters:{serialization.format=1}), bucketCols:[a], sortCols:[], parameters:{}, skewedInfo:SkewedInfo(skewedColNames:[], skewedColValues:[], skewedColValueLocationMaps:{}), storedAsSubDirectories:false), partitionKeys:[], parameters:{numFilesErasureCoded=0, bucketing_version=2, transactional=false, numRows=0, rawDataSize=0, numFiles=0, totalSize=0, COLUMN_STATS_ACCURATE={"BASIC_STATS":"true","COLUMN_STATS":{"a":"true","b":"true"}}}, viewOriginalText:null, viewExpandedText:null, tableType:MANAGED_TABLE, privileges:PrincipalPrivilegeSet(userPrivileges:{alex=[PrivilegeGrantInfo(privilege:INSERT, createTime:-1, grantor:alex, grantorType:USER, grantOption:true), PrivilegeGrantInfo(privilege:SELECT, createTime:-1, grantor:alex, grantorType:USER, grantOption:true), PrivilegeGrantInfo(privilege:UPDATE, createTime:-1, grantor:alex, grantorType:USER, grantOption:true), PrivilegeGrantInfo(privilege:DELETE, createTime:-1, grantor:alex, grantorType:USER, grantOption:true)]}, groupPrivileges:null, rolePrivileges:null), temporary:false, catName:hive, ownerType:USER)	
2024-04-24T00:55:23,268  INFO [main] utils.FileUtils: Creating directory if it doesn't exist: file:/home/alex/Repositories/hive/ql/target/tmp/org.apache.hadoop.hive.ql.TestTxnNoBuckets-1713945183193/warehouse/nonacidorctbl2
2024-04-24T00:55:23,282  INFO [main] metadata.Hive: Dumping metastore api call timing information for : execution phase
2024-04-24T00:55:23,282  INFO [main] metadata.Hive: Total time spent in each metastore function (ms): {isCompatibleWith_(Configuration)=1, createTable_(Table)=20}
2024-04-24T00:55:23,283  INFO [main] ql.Driver: Completed executing command(queryId=alex_20240424005523_60934c0f-95b9-45d3-a2a7-90c26a5d2b99); Time taken: 0.021 seconds
2024-04-24T00:55:23,283  INFO [main] lockmgr.DbTxnManager: Stopped heartbeat for query: alex_20240424005523_60934c0f-95b9-45d3-a2a7-90c26a5d2b99
2024-04-24T00:55:23,286  INFO [main] txn.TxnHandler: Expected to move at least one record from txn_components to completed_txn_components when committing txn! txnid:10
2024-04-24T00:55:23,291  INFO [main] txn.TxnHandler: Removed transactions: ([10]) from MIN_HISTORY_LEVEL
2024-04-24T00:55:23,291  WARN [main] txn.CompactionTxnHandler: No compaction queue record found for Compaction type transaction commit. txnId:10
2024-04-24T00:55:23,292  INFO [main] ql.TxnCommandsBaseForTests: Running the query: create temporary  table acidTbl2(a int, b int, c int) clustered by (c) into 2 buckets stored as orc TBLPROPERTIES ('transactional'='true')
2024-04-24T00:55:23,292  INFO [main] ql.Driver: Compiling command(queryId=alex_20240424005523_c1929d48-6cae-4659-a9fd-3eabe03a0079): create temporary  table acidTbl2(a int, b int, c int) clustered by (c) into 2 buckets stored as orc TBLPROPERTIES ('transactional'='true')
2024-04-24T00:55:23,294  INFO [main] txn.TxnHandler: Added entries to MIN_HISTORY_LEVEL for current txns: ([11]) with min_open_txn: 1
2024-04-24T00:55:23,295  INFO [main] lockmgr.DbTxnManager: Opened txnid:11
2024-04-24T00:55:23,295  INFO [main] parse.CalcitePlanner: Starting caching scope for: 
2024-04-24T00:55:23,295  INFO [main] parse.CalcitePlanner: Starting Semantic Analysis
2024-04-24T00:55:23,297  INFO [main] parse.CalcitePlanner: Creating table default.acidTbl2 position=24
2024-04-24T00:55:23,298  INFO [main] HiveMetaStore.audit: ugi=alex	ip=unknown-ip-addr	cmd=get_database: default	
2024-04-24T00:55:23,300  INFO [main] parse.CalcitePlanner: Ending caching scope for: 
2024-04-24T00:55:23,300  INFO [main] ql.Driver: Semantic Analysis Completed (retrial = false)
2024-04-24T00:55:23,300  INFO [main] ql.Driver: Created Hive schema: Schema(fieldSchemas:null, properties:null)
2024-04-24T00:55:23,300  INFO [main] metadata.Hive: Dumping metastore api call timing information for : compilation phase
2024-04-24T00:55:23,300  INFO [main] metadata.Hive: Total time spent in each metastore function (ms): {getValidWriteIds_(List, String)=1, commitTxn_(CommitTxnRequest)=9, flushCache_()=0, isCompatibleWith_(Configuration)=1, getValidTxns_(long)=0, openTxn_(String, TxnType)=2, getDatabase_(String)=1}
2024-04-24T00:55:23,300  INFO [main] ql.Driver: Completed compiling command(queryId=alex_20240424005523_c1929d48-6cae-4659-a9fd-3eabe03a0079); Time taken: 0.008 seconds
2024-04-24T00:55:23,300  INFO [main] lockmgr.DbTxnManager: Setting lock request transaction to txnid:11 for queryId=alex_20240424005523_c1929d48-6cae-4659-a9fd-3eabe03a0079
2024-04-24T00:55:23,301  INFO [main] lockmgr.DbLockManager: Requesting lock for queryId=alex_20240424005523_c1929d48-6cae-4659-a9fd-3eabe03a0079
2024-04-24T00:55:23,315  INFO [main] lockmgr.DbLockManager: Response to queryId=alex_20240424005523_c1929d48-6cae-4659-a9fd-3eabe03a0079 LockResponse(lockid:5, state:ACQUIRED)
2024-04-24T00:55:23,315  INFO [main] ql.Driver: Operation CREATETABLE obtained 1 locks
2024-04-24T00:55:23,316  INFO [main] ql.Driver: Executing command(queryId=alex_20240424005523_c1929d48-6cae-4659-a9fd-3eabe03a0079): create temporary  table acidTbl2(a int, b int, c int) clustered by (c) into 2 buckets stored as orc TBLPROPERTIES ('transactional'='true')
2024-04-24T00:55:23,316  INFO [main] ql.Driver: Starting task [Stage-0:DDL] in serial mode
2024-04-24T00:55:23,317  INFO [main] utils.FileUtils: Creating directory if it doesn't exist: file:/home/alex/Repositories/hive/ql/target/tmp/scratchdir/alex/2c7a3638-e22a-439d-aa2b-96f820060fca/_tmp_space.db/372c6909-3add-4e63-8e0a-114c647ec54d
2024-04-24T00:55:23,321  INFO [main] metadata.Hive: Dumping metastore api call timing information for : execution phase
2024-04-24T00:55:23,321  INFO [main] metadata.Hive: Total time spent in each metastore function (ms): {isCompatibleWith_(Configuration)=0, createTable_(Table)=3}
2024-04-24T00:55:23,321  INFO [main] ql.Driver: Completed executing command(queryId=alex_20240424005523_c1929d48-6cae-4659-a9fd-3eabe03a0079); Time taken: 0.005 seconds
2024-04-24T00:55:23,321  INFO [main] lockmgr.DbTxnManager: Stopped heartbeat for query: alex_20240424005523_c1929d48-6cae-4659-a9fd-3eabe03a0079
2024-04-24T00:55:23,327  INFO [main] txn.TxnHandler: Expected to move at least one record from txn_components to completed_txn_components when committing txn! txnid:11
2024-04-24T00:55:23,335  INFO [main] txn.TxnHandler: Removed transactions: ([11]) from MIN_HISTORY_LEVEL
2024-04-24T00:55:23,335  WARN [main] txn.CompactionTxnHandler: No compaction queue record found for Compaction type transaction commit. txnId:11
2024-04-24T00:55:23,336  INFO [main] ql.TxnCommandsBaseForTests: Running the query: create table nonAcidNonBucket(a int, b int) stored as orc TBLPROPERTIES ('transactional'='false')
2024-04-24T00:55:23,336  INFO [main] ql.Driver: Compiling command(queryId=alex_20240424005523_f5526881-5877-40a5-b95d-7a66536a3049): create table nonAcidNonBucket(a int, b int) stored as orc TBLPROPERTIES ('transactional'='false')
2024-04-24T00:55:23,339  INFO [main] txn.TxnHandler: Added entries to MIN_HISTORY_LEVEL for current txns: ([12]) with min_open_txn: 1
2024-04-24T00:55:23,339  INFO [main] lockmgr.DbTxnManager: Opened txnid:12
2024-04-24T00:55:23,340  INFO [main] parse.CalcitePlanner: Starting caching scope for: 
2024-04-24T00:55:23,340  INFO [main] parse.CalcitePlanner: Starting Semantic Analysis
2024-04-24T00:55:23,343  INFO [main] parse.CalcitePlanner: Creating table default.nonAcidNonBucket position=13
2024-04-24T00:55:23,343  INFO [main] HiveMetaStore.audit: ugi=alex	ip=unknown-ip-addr	cmd=get_database: default	
2024-04-24T00:55:23,345  INFO [main] parse.CalcitePlanner: Ending caching scope for: 
2024-04-24T00:55:23,345  INFO [main] ql.Driver: Semantic Analysis Completed (retrial = false)
2024-04-24T00:55:23,345  INFO [main] ql.Driver: Created Hive schema: Schema(fieldSchemas:null, properties:null)
2024-04-24T00:55:23,345  INFO [main] metadata.Hive: Dumping metastore api call timing information for : compilation phase
2024-04-24T00:55:23,345  INFO [main] metadata.Hive: Total time spent in each metastore function (ms): {getValidWriteIds_(List, String)=3, getValidTxns_(long)=1, flushCache_()=0, isCompatibleWith_(Configuration)=0, getDatabase_(String)=1, commitTxn_(CommitTxnRequest)=14, openTxn_(String, TxnType)=2}
2024-04-24T00:55:23,345  INFO [main] ql.Driver: Completed compiling command(queryId=alex_20240424005523_f5526881-5877-40a5-b95d-7a66536a3049); Time taken: 0.009 seconds
2024-04-24T00:55:23,345  INFO [main] lockmgr.DbTxnManager: Setting lock request transaction to txnid:12 for queryId=alex_20240424005523_f5526881-5877-40a5-b95d-7a66536a3049
2024-04-24T00:55:23,345  INFO [main] lockmgr.DbLockManager: Requesting lock for queryId=alex_20240424005523_f5526881-5877-40a5-b95d-7a66536a3049
2024-04-24T00:55:23,359  INFO [main] lockmgr.DbLockManager: Response to queryId=alex_20240424005523_f5526881-5877-40a5-b95d-7a66536a3049 LockResponse(lockid:6, state:ACQUIRED)
2024-04-24T00:55:23,359  INFO [main] ql.Driver: Operation CREATETABLE obtained 1 locks
2024-04-24T00:55:23,359  INFO [main] ql.Driver: Executing command(queryId=alex_20240424005523_f5526881-5877-40a5-b95d-7a66536a3049): create table nonAcidNonBucket(a int, b int) stored as orc TBLPROPERTIES ('transactional'='false')
2024-04-24T00:55:23,359  INFO [main] ql.Driver: Starting task [Stage-0:DDL] in serial mode
2024-04-24T00:55:23,360  INFO [main] HiveMetaStore.audit: ugi=alex	ip=unknown-ip-addr	cmd=create_table_req: Table(tableName:nonAcidNonBucket, dbName:default, owner:alex, createTime:1713945323, lastAccessTime:0, retention:0, sd:StorageDescriptor(cols:[FieldSchema(name:a, type:int, comment:null), FieldSchema(name:b, type:int, comment:null)], location:null, inputFormat:org.apache.hadoop.hive.ql.io.orc.OrcInputFormat, outputFormat:org.apache.hadoop.hive.ql.io.orc.OrcOutputFormat, compressed:false, numBuckets:-1, serdeInfo:SerDeInfo(name:null, serializationLib:org.apache.hadoop.hive.ql.io.orc.OrcSerde, parameters:{serialization.format=1}), bucketCols:[], sortCols:[], parameters:{}, skewedInfo:SkewedInfo(skewedColNames:[], skewedColValues:[], skewedColValueLocationMaps:{}), storedAsSubDirectories:false), partitionKeys:[], parameters:{totalSize=0, transactional=false, COLUMN_STATS_ACCURATE={"BASIC_STATS":"true","COLUMN_STATS":{"a":"true","b":"true"}}, numRows=0, numFiles=0, bucketing_version=2, numFilesErasureCoded=0, rawDataSize=0}, viewOriginalText:null, viewExpandedText:null, tableType:MANAGED_TABLE, privileges:PrincipalPrivilegeSet(userPrivileges:{alex=[PrivilegeGrantInfo(privilege:INSERT, createTime:-1, grantor:alex, grantorType:USER, grantOption:true), PrivilegeGrantInfo(privilege:SELECT, createTime:-1, grantor:alex, grantorType:USER, grantOption:true), PrivilegeGrantInfo(privilege:UPDATE, createTime:-1, grantor:alex, grantorType:USER, grantOption:true), PrivilegeGrantInfo(privilege:DELETE, createTime:-1, grantor:alex, grantorType:USER, grantOption:true)]}, groupPrivileges:null, rolePrivileges:null), temporary:false, catName:hive, ownerType:USER)	
2024-04-24T00:55:23,366  INFO [main] utils.FileUtils: Creating directory if it doesn't exist: file:/home/alex/Repositories/hive/ql/target/tmp/org.apache.hadoop.hive.ql.TestTxnNoBuckets-1713945183193/warehouse/nonacidnonbucket
2024-04-24T00:55:23,380  INFO [main] metadata.Hive: Dumping metastore api call timing information for : execution phase
2024-04-24T00:55:23,380  INFO [main] metadata.Hive: Total time spent in each metastore function (ms): {createTable_(Table)=20, isCompatibleWith_(Configuration)=1}
2024-04-24T00:55:23,381  INFO [main] ql.Driver: Completed executing command(queryId=alex_20240424005523_f5526881-5877-40a5-b95d-7a66536a3049); Time taken: 0.021 seconds
2024-04-24T00:55:23,381  INFO [main] lockmgr.DbTxnManager: Stopped heartbeat for query: alex_20240424005523_f5526881-5877-40a5-b95d-7a66536a3049
2024-04-24T00:55:23,384  INFO [main] txn.TxnHandler: Expected to move at least one record from txn_components to completed_txn_components when committing txn! txnid:12
2024-04-24T00:55:23,389  INFO [main] txn.TxnHandler: Removed transactions: ([12]) from MIN_HISTORY_LEVEL
2024-04-24T00:55:23,389  WARN [main] txn.CompactionTxnHandler: No compaction queue record found for Compaction type transaction commit. txnId:12
2024-04-24T00:55:23,390  INFO [main] ql.TxnCommandsBaseForTests: Running the query: drop table if exists tmp
2024-04-24T00:55:23,390  INFO [main] ql.Driver: Compiling command(queryId=alex_20240424005523_68282bd8-45a7-4a93-8bff-781053320164): drop table if exists tmp
2024-04-24T00:55:23,393  INFO [main] txn.TxnHandler: Added entries to MIN_HISTORY_LEVEL for current txns: ([13]) with min_open_txn: 1
2024-04-24T00:55:23,393  INFO [main] lockmgr.DbTxnManager: Opened txnid:13
2024-04-24T00:55:23,394  INFO [main] HiveMetaStore.audit: ugi=alex	ip=unknown-ip-addr	cmd=get_table : tbl=hive.default.tmp	
2024-04-24T00:55:23,427  INFO [main] metastore.HMSHandler: Skipping translation for processor with null
2024-04-24T00:55:23,427  INFO [main] ql.Driver: Semantic Analysis Completed (retrial = false)
2024-04-24T00:55:23,427  INFO [main] ql.Driver: Created Hive schema: Schema(fieldSchemas:null, properties:null)
2024-04-24T00:55:23,427  INFO [main] metadata.Hive: Dumping metastore api call timing information for : compilation phase
2024-04-24T00:55:23,427  INFO [main] metadata.Hive: Total time spent in each metastore function (ms): {getTable_(GetTableRequest)=33, getValidTxns_(long)=1, isCompatibleWith_(Configuration)=0, commitTxn_(CommitTxnRequest)=9, flushCache_()=0, openTxn_(String, TxnType)=2}
2024-04-24T00:55:23,427  INFO [main] ql.Driver: Completed compiling command(queryId=alex_20240424005523_68282bd8-45a7-4a93-8bff-781053320164); Time taken: 0.037 seconds
2024-04-24T00:55:23,428  INFO [main] lockmgr.DbTxnManager: Setting lock request transaction to txnid:13 for queryId=alex_20240424005523_68282bd8-45a7-4a93-8bff-781053320164
2024-04-24T00:55:23,428  INFO [main] lockmgr.DbLockManager: Requesting lock for queryId=alex_20240424005523_68282bd8-45a7-4a93-8bff-781053320164
2024-04-24T00:55:23,444  INFO [main] lockmgr.DbLockManager: Response to queryId=alex_20240424005523_68282bd8-45a7-4a93-8bff-781053320164 LockResponse(lockid:7, state:ACQUIRED)
2024-04-24T00:55:23,444  INFO [main] ql.Driver: Operation DROPTABLE obtained 1 locks
2024-04-24T00:55:23,444  INFO [main] ql.Driver: Executing command(queryId=alex_20240424005523_68282bd8-45a7-4a93-8bff-781053320164): drop table if exists tmp
2024-04-24T00:55:23,444  INFO [main] ql.Driver: Starting task [Stage-0:DDL] in serial mode
2024-04-24T00:55:23,445  INFO [main] HiveMetaStore.audit: ugi=alex	ip=unknown-ip-addr	cmd=get_table : tbl=hive.default.tmp	
2024-04-24T00:55:23,453  INFO [main] metastore.HMSHandler: Skipping translation for processor with null
2024-04-24T00:55:23,454  INFO [main] HiveMetaStore.audit: ugi=alex	ip=unknown-ip-addr	cmd=get_table : tbl=hive.default.tmp	
2024-04-24T00:55:23,463  INFO [main] metastore.HMSHandler: Skipping translation for processor with null
2024-04-24T00:55:23,463  INFO [main] HiveMetaStore.audit: ugi=alex	ip=unknown-ip-addr	cmd=drop_table : tbl=hive.default.tmp	
2024-04-24T00:55:23,583  WARN [main] utils.FileUtils: File file:/home/alex/Repositories/hive/ql/target/tmp/org.apache.hadoop.hive.ql.TestTxnNoBuckets-1713945183193/warehouse/tmp does not exist; Force to delete it.
2024-04-24T00:55:23,583 ERROR [main] utils.FileUtils: Failed to delete file:/home/alex/Repositories/hive/ql/target/tmp/org.apache.hadoop.hive.ql.TestTxnNoBuckets-1713945183193/warehouse/tmp
2024-04-24T00:55:23,584  INFO [main] metadata.Hive: Dumping metastore api call timing information for : execution phase
2024-04-24T00:55:23,584  INFO [main] metadata.Hive: Total time spent in each metastore function (ms): {isCompatibleWith_(Configuration)=0, dropTable_(String, String, boolean, boolean, boolean)=130, getTable_(GetTableRequest)=8}
2024-04-24T00:55:23,584  INFO [main] ql.Driver: Completed executing command(queryId=alex_20240424005523_68282bd8-45a7-4a93-8bff-781053320164); Time taken: 0.14 seconds
2024-04-24T00:55:23,584  INFO [main] lockmgr.DbTxnManager: Stopped heartbeat for query: alex_20240424005523_68282bd8-45a7-4a93-8bff-781053320164
2024-04-24T00:55:23,588  INFO [main] txn.TxnHandler: Expected to move at least one record from txn_components to completed_txn_components when committing txn! txnid:13
2024-04-24T00:55:23,593  INFO [main] txn.TxnHandler: Removed transactions: ([13]) from MIN_HISTORY_LEVEL
2024-04-24T00:55:23,593  WARN [main] txn.CompactionTxnHandler: No compaction queue record found for Compaction type transaction commit. txnId:13
2024-04-24T00:55:23,594  INFO [main] ql.TxnCommandsBaseForTests: Running the query: create table tmp (c1 integer, c2 integer, c3 integer) stored as orc tblproperties('transactional'='false')
2024-04-24T00:55:23,594  INFO [main] ql.Driver: Compiling command(queryId=alex_20240424005523_6151216c-a2f1-42fc-960d-06da2a680bfc): create table tmp (c1 integer, c2 integer, c3 integer) stored as orc tblproperties('transactional'='false')
2024-04-24T00:55:23,597  INFO [main] txn.TxnHandler: Added entries to MIN_HISTORY_LEVEL for current txns: ([14]) with min_open_txn: 1
2024-04-24T00:55:23,597  INFO [main] lockmgr.DbTxnManager: Opened txnid:14
2024-04-24T00:55:23,598  INFO [main] parse.CalcitePlanner: Starting caching scope for: 
2024-04-24T00:55:23,598  INFO [main] parse.CalcitePlanner: Starting Semantic Analysis
2024-04-24T00:55:23,603  INFO [main] parse.CalcitePlanner: Creating table default.tmp position=13
2024-04-24T00:55:23,603  INFO [main] HiveMetaStore.audit: ugi=alex	ip=unknown-ip-addr	cmd=get_database: default	
2024-04-24T00:55:23,605  INFO [main] parse.CalcitePlanner: Ending caching scope for: 
2024-04-24T00:55:23,605  INFO [main] ql.Driver: Semantic Analysis Completed (retrial = false)
2024-04-24T00:55:23,605  INFO [main] ql.Driver: Created Hive schema: Schema(fieldSchemas:null, properties:null)
2024-04-24T00:55:23,605  INFO [main] metadata.Hive: Dumping metastore api call timing information for : compilation phase
2024-04-24T00:55:23,605  INFO [main] metadata.Hive: Total time spent in each metastore function (ms): {commitTxn_(CommitTxnRequest)=9, getDatabase_(String)=1, isCompatibleWith_(Configuration)=0, getValidWriteIds_(List, String)=5, flushCache_()=0, getValidTxns_(long)=1, openTxn_(String, TxnType)=3}
2024-04-24T00:55:23,605  INFO [main] ql.Driver: Completed compiling command(queryId=alex_20240424005523_6151216c-a2f1-42fc-960d-06da2a680bfc); Time taken: 0.011 seconds
2024-04-24T00:55:23,605  INFO [main] lockmgr.DbTxnManager: Setting lock request transaction to txnid:14 for queryId=alex_20240424005523_6151216c-a2f1-42fc-960d-06da2a680bfc
2024-04-24T00:55:23,606  INFO [main] lockmgr.DbLockManager: Requesting lock for queryId=alex_20240424005523_6151216c-a2f1-42fc-960d-06da2a680bfc
2024-04-24T00:55:23,619  INFO [main] lockmgr.DbLockManager: Response to queryId=alex_20240424005523_6151216c-a2f1-42fc-960d-06da2a680bfc LockResponse(lockid:8, state:ACQUIRED)
2024-04-24T00:55:23,619  INFO [main] ql.Driver: Operation CREATETABLE obtained 1 locks
2024-04-24T00:55:23,619  INFO [main] ql.Driver: Executing command(queryId=alex_20240424005523_6151216c-a2f1-42fc-960d-06da2a680bfc): create table tmp (c1 integer, c2 integer, c3 integer) stored as orc tblproperties('transactional'='false')
2024-04-24T00:55:23,619  INFO [main] ql.Driver: Starting task [Stage-0:DDL] in serial mode
2024-04-24T00:55:23,620  INFO [main] HiveMetaStore.audit: ugi=alex	ip=unknown-ip-addr	cmd=create_table_req: Table(tableName:tmp, dbName:default, owner:alex, createTime:1713945323, lastAccessTime:0, retention:0, sd:StorageDescriptor(cols:[FieldSchema(name:c1, type:int, comment:null), FieldSchema(name:c2, type:int, comment:null), FieldSchema(name:c3, type:int, comment:null)], location:null, inputFormat:org.apache.hadoop.hive.ql.io.orc.OrcInputFormat, outputFormat:org.apache.hadoop.hive.ql.io.orc.OrcOutputFormat, compressed:false, numBuckets:-1, serdeInfo:SerDeInfo(name:null, serializationLib:org.apache.hadoop.hive.ql.io.orc.OrcSerde, parameters:{serialization.format=1}), bucketCols:[], sortCols:[], parameters:{}, skewedInfo:SkewedInfo(skewedColNames:[], skewedColValues:[], skewedColValueLocationMaps:{}), storedAsSubDirectories:false), partitionKeys:[], parameters:{totalSize=0, numRows=0, numFilesErasureCoded=0, transactional=false, COLUMN_STATS_ACCURATE={"BASIC_STATS":"true","COLUMN_STATS":{"c1":"true","c2":"true","c3":"true"}}, rawDataSize=0, numFiles=0, bucketing_version=2}, viewOriginalText:null, viewExpandedText:null, tableType:MANAGED_TABLE, privileges:PrincipalPrivilegeSet(userPrivileges:{alex=[PrivilegeGrantInfo(privilege:INSERT, createTime:-1, grantor:alex, grantorType:USER, grantOption:true), PrivilegeGrantInfo(privilege:SELECT, createTime:-1, grantor:alex, grantorType:USER, grantOption:true), PrivilegeGrantInfo(privilege:UPDATE, createTime:-1, grantor:alex, grantorType:USER, grantOption:true), PrivilegeGrantInfo(privilege:DELETE, createTime:-1, grantor:alex, grantorType:USER, grantOption:true)]}, groupPrivileges:null, rolePrivileges:null), temporary:false, catName:hive, ownerType:USER)	
2024-04-24T00:55:23,626  INFO [main] utils.FileUtils: Creating directory if it doesn't exist: file:/home/alex/Repositories/hive/ql/target/tmp/org.apache.hadoop.hive.ql.TestTxnNoBuckets-1713945183193/warehouse/tmp
2024-04-24T00:55:23,658  INFO [main] metadata.Hive: Dumping metastore api call timing information for : execution phase
2024-04-24T00:55:23,658  INFO [main] metadata.Hive: Total time spent in each metastore function (ms): {isCompatibleWith_(Configuration)=0, createTable_(Table)=37}
2024-04-24T00:55:23,658  INFO [main] ql.Driver: Completed executing command(queryId=alex_20240424005523_6151216c-a2f1-42fc-960d-06da2a680bfc); Time taken: 0.038 seconds
2024-04-24T00:55:23,658  INFO [main] lockmgr.DbTxnManager: Stopped heartbeat for query: alex_20240424005523_6151216c-a2f1-42fc-960d-06da2a680bfc
2024-04-24T00:55:23,661  INFO [main] txn.TxnHandler: Expected to move at least one record from txn_components to completed_txn_components when committing txn! txnid:14
2024-04-24T00:55:23,667  INFO [main] txn.TxnHandler: Removed transactions: ([14]) from MIN_HISTORY_LEVEL
2024-04-24T00:55:23,668  WARN [main] txn.CompactionTxnHandler: No compaction queue record found for Compaction type transaction commit. txnId:14
2024-04-24T00:55:23,669  INFO [main] ql.TxnCommandsBaseForTests: Running the query: insert into tmp  values(0,0,0),(3,3,3)
2024-04-24T00:55:23,669  INFO [main] ql.Driver: Compiling command(queryId=alex_20240424005523_90dcde03-20f9-4ae5-9fcb-aed2061a303c): insert into tmp  values(0,0,0),(3,3,3)
2024-04-24T00:55:23,672  INFO [main] txn.TxnHandler: Added entries to MIN_HISTORY_LEVEL for current txns: ([15]) with min_open_txn: 1
2024-04-24T00:55:23,672  INFO [main] lockmgr.DbTxnManager: Opened txnid:15
2024-04-24T00:55:23,672  INFO [main] parse.CalcitePlanner: Starting caching scope for: 
2024-04-24T00:55:23,672  INFO [main] parse.CalcitePlanner: Starting Semantic Analysis
2024-04-24T00:55:23,675  INFO [main] HiveMetaStore.audit: ugi=alex	ip=unknown-ip-addr	cmd=get_table : tbl=hive.default.tmp	
2024-04-24T00:55:23,713  INFO [main] metastore.HMSHandler: Skipping translation for processor with null
2024-04-24T00:55:23,713  INFO [main] parse.CalcitePlanner: Completed phase 1 of Semantic Analysis
2024-04-24T00:55:23,713  INFO [main] parse.CalcitePlanner: Get metadata for source tables
2024-04-24T00:55:23,713  INFO [main] parse.CalcitePlanner: Get metadata for subqueries
2024-04-24T00:55:23,713  INFO [main] parse.CalcitePlanner: Get metadata for destination tables
2024-04-24T00:55:23,713  INFO [main] HiveMetaStore.audit: ugi=alex	ip=unknown-ip-addr	cmd=get_table : tbl=hive.default.tmp	
2024-04-24T00:55:23,724  INFO [main] metastore.HMSHandler: Skipping translation for processor with null
2024-04-24T00:55:23,724  INFO [main] parse.CalcitePlanner: Completed getting MetaData in Semantic Analysis
2024-04-24T00:55:23,725  INFO [main] parse.CalcitePlanner: Disabling LLAP IO encode as ETL query is detected
2024-04-24T00:55:23,746  INFO [main] HiveMetaStore.audit: ugi=alex	ip=unknown-ip-addr	cmd=get_all_table_constraints : tbl=hive._dummy_database._dummy_table	
2024-04-24T00:55:23,816  INFO [main] parse.CalcitePlanner: Get metadata for source tables
2024-04-24T00:55:23,816  INFO [main] parse.CalcitePlanner: Get metadata for subqueries
2024-04-24T00:55:23,816  INFO [main] parse.CalcitePlanner: Get metadata for source tables
2024-04-24T00:55:23,817  INFO [main] HiveMetaStore.audit: ugi=alex	ip=unknown-ip-addr	cmd=get_table : tbl=hive._dummy_database._dummy_table	
2024-04-24T00:55:23,819  INFO [main] parse.CalcitePlanner: Get metadata for subqueries
2024-04-24T00:55:23,819  INFO [main] parse.CalcitePlanner: Get metadata for destination tables
2024-04-24T00:55:23,820  INFO [main] parse.CalcitePlanner: Get metadata for destination tables
2024-04-24T00:55:23,820  INFO [main] HiveMetaStore.audit: ugi=alex	ip=unknown-ip-addr	cmd=get_table : tbl=hive.default.tmp	
2024-04-24T00:55:23,829  INFO [main] metastore.HMSHandler: Skipping translation for processor with null
2024-04-24T00:55:23,831  INFO [main] common.FileUtils: Creating directory if it doesn't exist: file:/home/alex/Repositories/hive/ql/target/tmp/org.apache.hadoop.hive.ql.TestTxnNoBuckets-1713945183193/warehouse/tmp/.hive-staging_hive_2024-04-24_00-55-23_669_540421561970905625-1
2024-04-24T00:55:23,833  INFO [main] HiveMetaStore.audit: ugi=alex	ip=unknown-ip-addr	cmd=get_not_null_constraints : tbl=hive.default.tmp	
2024-04-24T00:55:23,834  INFO [main] HiveMetaStore.audit: ugi=alex	ip=unknown-ip-addr	cmd=get_check_constraints : tbl=hive.default.tmp	
2024-04-24T00:55:23,836  INFO [main] parse.CalcitePlanner: CBO Succeeded; optimized logical plan.
2024-04-24T00:55:23,838  INFO [main] optimizer.BucketVersionPopulator: not considering bucketingVersion for: TS[0] because it has -1<2 buckets 
2024-04-24T00:55:23,839  INFO [main] optimizer.SortedDynPartitionOptimizer: Sorted dynamic partitioning optimization kicked in..
2024-04-24T00:55:23,847  INFO [main] HiveMetaStore.audit: ugi=alex	ip=unknown-ip-addr	cmd=get_table : tbl=hive.default.tmp	
2024-04-24T00:55:23,856  INFO [main] metastore.HMSHandler: Skipping translation for processor with null
2024-04-24T00:55:23,857  INFO [main] optimizer.GenMRFileSink1: using CombineHiveInputformat for the merge job
2024-04-24T00:55:23,857  INFO [main] HiveMetaStore.audit: ugi=alex	ip=unknown-ip-addr	cmd=get_table : tbl=hive.default.tmp	
2024-04-24T00:55:23,867  INFO [main] metastore.HMSHandler: Skipping translation for processor with null
2024-04-24T00:55:23,868  INFO [main] physical.Vectorizer: Examining input format to see if vectorization is enabled.
2024-04-24T00:55:23,868  INFO [main] physical.Vectorizer: Map vectorization enabled: false
2024-04-24T00:55:23,868  INFO [main] physical.Vectorizer: Map vectorized: false
2024-04-24T00:55:23,868  INFO [main] physical.Vectorizer: Map vectorizedVertexNum: 0
2024-04-24T00:55:23,868  INFO [main] physical.Vectorizer: Map enabledConditionsMet: [hive.vectorized.use.vectorized.input.format IS true]
2024-04-24T00:55:23,868  INFO [main] physical.Vectorizer: Map enabledConditionsNotMet: [Could not enable vectorization due to partition column names size 1 is greater than the number of table column names size 0 IS false]
2024-04-24T00:55:23,868  INFO [main] physical.Vectorizer: Map inputFileFormatClassNameSet: [org.apache.hadoop.hive.ql.io.NullRowsInputFormat]
2024-04-24T00:55:23,869  INFO [main] parse.CalcitePlanner: Completed plan generation
2024-04-24T00:55:23,869  INFO [main] parse.CalcitePlanner: Ending caching scope for: 
2024-04-24T00:55:23,869  INFO [main] ql.Driver: Semantic Analysis Completed (retrial = false)
2024-04-24T00:55:23,869  INFO [main] ql.Driver: Created Hive schema: Schema(fieldSchemas:[FieldSchema(name:col1, type:int, comment:null), FieldSchema(name:col2, type:int, comment:null), FieldSchema(name:col3, type:int, comment:null)], properties:null)
2024-04-24T00:55:23,869  INFO [main] metadata.Hive: Dumping metastore api call timing information for : compilation phase
2024-04-24T00:55:23,869  INFO [main] metadata.Hive: Total time spent in each metastore function (ms): {getNotNullConstraints_(NotNullConstraintsRequest)=1, getTable_(GetTableRequest)=77, isCompatibleWith_(Configuration)=0, flushCache_()=0, commitTxn_(CommitTxnRequest)=10, openTxn_(String, TxnType)=2, getValidTxns_(long)=0, getAllTableConstraints_(AllTableConstraintsRequest)=26, getCheckConstraints_(CheckConstraintsRequest)=1, getValidWriteIds_(List, String)=2}
2024-04-24T00:55:23,870  INFO [main] ql.Driver: Completed compiling command(queryId=alex_20240424005523_90dcde03-20f9-4ae5-9fcb-aed2061a303c); Time taken: 0.2 seconds
2024-04-24T00:55:23,870  INFO [main] lockmgr.DbTxnManager: Setting lock request transaction to txnid:15 for queryId=alex_20240424005523_90dcde03-20f9-4ae5-9fcb-aed2061a303c
2024-04-24T00:55:23,870  INFO [main] lockmgr.DbLockManager: Requesting lock for queryId=alex_20240424005523_90dcde03-20f9-4ae5-9fcb-aed2061a303c
2024-04-24T00:55:23,891  INFO [main] lockmgr.DbLockManager: Response to queryId=alex_20240424005523_90dcde03-20f9-4ae5-9fcb-aed2061a303c LockResponse(lockid:9, state:ACQUIRED)
2024-04-24T00:55:23,892  INFO [main] ql.Driver: Operation QUERY obtained 1 locks
2024-04-24T00:55:23,892  INFO [main] ql.Driver: Executing command(queryId=alex_20240424005523_90dcde03-20f9-4ae5-9fcb-aed2061a303c): insert into tmp  values(0,0,0),(3,3,3)
2024-04-24T00:55:23,893  WARN [main] ql.Driver: Hive-on-MR is deprecated in Hive 2 and may not be available in the future versions. Consider using a different execution engine (i.e. spark, tez) or using Hive 1.X releases.
Query ID = alex_20240424005523_90dcde03-20f9-4ae5-9fcb-aed2061a303c
2024-04-24T00:55:23,893  INFO [main] ql.Driver: Query ID = alex_20240424005523_90dcde03-20f9-4ae5-9fcb-aed2061a303c
Total jobs = 1
2024-04-24T00:55:23,893  INFO [main] ql.Driver: Total jobs = 1
Launching Job 1 out of 1
2024-04-24T00:55:23,893  INFO [main] ql.Driver: Launching Job 1 out of 1
2024-04-24T00:55:24,063  INFO [main] ql.Driver: Starting task [Stage-1:MAPRED] in serial mode
Number of reduce tasks is set to 0 since there's no reduce operator
2024-04-24T00:55:24,063  INFO [main] exec.Task: Number of reduce tasks is set to 0 since there's no reduce operator
2024-04-24T00:55:24,066  INFO [main] mr.ExecDriver: Using org.apache.hadoop.hive.ql.io.HiveInputFormat
2024-04-24T00:55:24,066  INFO [main] exec.Utilities: Processing alias $hdt$_0:_dummy_table
2024-04-24T00:55:24,066  INFO [main] exec.Utilities: Adding 1 inputs; the first input is file:/home/alex/Repositories/hive/ql/target/tmp/localscratchdir/2c7a3638-e22a-439d-aa2b-96f820060fca/hive_2024-04-24_00-55-23_669_540421561970905625-1/dummy_path
2024-04-24T00:55:24,076  INFO [main] exec.SerializationUtilities: Serializing MapWork using kryo
2024-04-24T00:55:24,077  INFO [main] exec.Utilities: Serialized plan (via FILE) - name: null size: 6,15KB
2024-04-24T00:55:24,078  WARN [main] impl.MetricsSystemImpl: JobTracker metrics system already initialized!
2024-04-24T00:55:24,082  INFO [main] fs.FSStatsPublisher: created : file:/home/alex/Repositories/hive/ql/target/tmp/localscratchdir/2c7a3638-e22a-439d-aa2b-96f820060fca/hive_2024-04-24_00-55-23_669_540421561970905625-1/-mr-10001
2024-04-24T00:55:24,086  WARN [main] impl.MetricsSystemImpl: JobTracker metrics system already initialized!
2024-04-24T00:55:24,094  WARN [main] mapreduce.JobResourceUploader: Hadoop command-line option parsing not performed. Implement the Tool interface and execute your application with ToolRunner to remedy this.
2024-04-24T00:55:24,098  WARN [main] mapreduce.JobResourceUploader: No job jar file set.  User classes may not be found. See Job or Job#setJar(String).
2024-04-24T00:55:24,099  INFO [main] io.HiveInputFormat: hive.io.file.readcolumn.ids = 
2024-04-24T00:55:24,099  INFO [main] io.HiveInputFormat: hive.io.file.readcolumn.names = 
2024-04-24T00:55:24,099  INFO [main] io.HiveInputFormat: Generating splits for dirs: file:/home/alex/Repositories/hive/ql/target/tmp/localscratchdir/2c7a3638-e22a-439d-aa2b-96f820060fca/hive_2024-04-24_00-55-23_669_540421561970905625-1/dummy_path
2024-04-24T00:55:24,100  INFO [main] io.HiveInputFormat: number of splits 1
2024-04-24T00:55:24,118  INFO [main] mapreduce.JobSubmitter: number of splits:1
2024-04-24T00:55:24,142  INFO [main] mapreduce.JobSubmitter: Submitting tokens for job: job_local1456452260_0061
2024-04-24T00:55:24,142  INFO [main] mapreduce.JobSubmitter: Executing with tokens: []
2024-04-24T00:55:24,211  INFO [main] mapreduce.Job: The url to track the job: http://localhost:8080/
Job running in-process (local Hadoop)
2024-04-24T00:55:24,211  INFO [main] exec.Task: Job running in-process (local Hadoop)
2024-04-24T00:55:24,212  INFO [Thread-4068] mapred.LocalJobRunner: OutputCommitter set in config org.apache.hadoop.hive.ql.io.HiveFileFormatUtils$NullOutputCommitter
2024-04-24T00:55:24,212  INFO [Thread-4068] mapred.LocalJobRunner: OutputCommitter is org.apache.hadoop.hive.ql.io.HiveFileFormatUtils$NullOutputCommitter
2024-04-24T00:55:24,213  INFO [Thread-4068] mapred.LocalJobRunner: Waiting for map tasks
2024-04-24T00:55:24,215  INFO [LocalJobRunner Map Task Executor #0] mapred.LocalJobRunner: Starting task: attempt_local1456452260_0061_m_000000_0
2024-04-24T00:55:24,218  INFO [LocalJobRunner Map Task Executor #0] mapred.Task:  Using ResourceCalculatorProcessTree : [ ]
2024-04-24T00:55:24,219  INFO [LocalJobRunner Map Task Executor #0] mapred.MapTask: Processing split: org.apache.hadoop.hive.ql.io.NullRowsInputFormat:file:/home/alex/Repositories/hive/ql/target/tmp/localscratchdir/2c7a3638-e22a-439d-aa2b-96f820060fca/hive_2024-04-24_00-55-23_669_540421561970905625-1/dummy_path/null:0+1
2024-04-24T00:55:24,222  INFO [LocalJobRunner Map Task Executor #0] exec.SerializationUtilities: Deserializing MapWork using kryo
2024-04-24T00:55:24,223  INFO [LocalJobRunner Map Task Executor #0] exec.Utilities: Deserialized plan (via FILE) - name: null size: 6,15KB
2024-04-24T00:55:24,223  INFO [LocalJobRunner Map Task Executor #0] mapred.MapTask: numReduceTasks: 0
2024-04-24T00:55:24,226  INFO [LocalJobRunner Map Task Executor #0] exec.MapOperator: Initializing Operator: MAP[0]
2024-04-24T00:55:24,226  INFO [LocalJobRunner Map Task Executor #0] mr.ExecMapper: 
<MAP>Id =0
  <Children>null
  <\Children>
  <Parent><\Parent>
<\MAP>
2024-04-24T00:55:24,226  INFO [LocalJobRunner Map Task Executor #0] exec.TableScanOperator: Initializing Operator: TS[0]
2024-04-24T00:55:24,227  INFO [LocalJobRunner Map Task Executor #0] exec.SelectOperator: Initializing Operator: SEL[1]
2024-04-24T00:55:24,227  INFO [LocalJobRunner Map Task Executor #0] exec.SelectOperator: SELECT null
2024-04-24T00:55:24,227  INFO [LocalJobRunner Map Task Executor #0] exec.UDTFOperator: Initializing Operator: UDTF[2]
2024-04-24T00:55:24,227  INFO [LocalJobRunner Map Task Executor #0] exec.SelectOperator: Initializing Operator: SEL[3]
2024-04-24T00:55:24,227  INFO [LocalJobRunner Map Task Executor #0] exec.SelectOperator: SELECT struct<col1:int,col2:int,col3:int>
2024-04-24T00:55:24,227  INFO [LocalJobRunner Map Task Executor #0] exec.FileSinkOperator: Initializing Operator: FS[4]
2024-04-24T00:55:24,227  INFO [LocalJobRunner Map Task Executor #0] exec.FileSinkOperator: Using serializer : AbstractSerDe [log=org.apache.logging.slf4j.Log4jLogger@22a08b61, configuration=Optional[Configuration: core-default.xml, core-site.xml, mapred-default.xml, mapred-site.xml, yarn-default.xml, yarn-site.xml, hdfs-default.xml, hdfs-site.xml, file:/home/alex/Repositories/hive/ql/target/tmp/TestTxnNoBucketsVectorized/mapred/local/localRunner/alex/job_local1456452260_0061/job_local1456452260_0061.xml], properties={name=default.tmp, columns.types=int:int:int, serialization.format=1, columns=c1,c2,c3, numFilesErasureCoded=0, columns.comments=&amp#0;&amp#0;, bucketing_version=2, serialization.lib=org.apache.hadoop.hive.ql.io.orc.OrcSerde, file.inputformat=org.apache.hadoop.hive.ql.io.orc.OrcInputFormat, file.outputformat=org.apache.hadoop.hive.ql.io.orc.OrcOutputFormat, location=file:/home/alex/Repositories/hive/ql/target/tmp/org.apache.hadoop.hive.ql.TestTxnNoBuckets-1713945183193/warehouse/tmp, column.name.delimiter=,}, tableProperties={name=default.tmp, columns.types=int:int:int, serialization.format=1, columns=c1,c2,c3, numFilesErasureCoded=0, columns.comments=&amp#0;&amp#0;, bucketing_version=2, serialization.lib=org.apache.hadoop.hive.ql.io.orc.OrcSerde, file.inputformat=org.apache.hadoop.hive.ql.io.orc.OrcInputFormat, location=file:/home/alex/Repositories/hive/ql/target/tmp/org.apache.hadoop.hive.ql.TestTxnNoBuckets-1713945183193/warehouse/tmp, file.outputformat=org.apache.hadoop.hive.ql.io.orc.OrcOutputFormat, column.name.delimiter=,}, partitionProperties=Optional.empty, columnNames=[c1, c2, c3], columnTypes=[int, int, int], getClass()=class org.apache.hadoop.hive.ql.io.orc.OrcSerde] and formatter : org.apache.hadoop.hive.ql.io.orc.OrcOutputFormat@8d02e30
2024-04-24T00:55:24,228  INFO [LocalJobRunner Map Task Executor #0] exec.FileSinkOperator: Final Path: FS file:/home/alex/Repositories/hive/ql/target/tmp/org.apache.hadoop.hive.ql.TestTxnNoBuckets-1713945183193/warehouse/tmp/.hive-staging_hive_2024-04-24_00-55-23_669_540421561970905625-1/_tmp.-ext-10002/000000_0
2024-04-24T00:55:24,228  INFO [LocalJobRunner Map Task Executor #0] exec.FileSinkOperator: Writing to temp file: FS file:/home/alex/Repositories/hive/ql/target/tmp/org.apache.hadoop.hive.ql.TestTxnNoBuckets-1713945183193/warehouse/tmp/.hive-staging_hive_2024-04-24_00-55-23_669_540421561970905625-1/_task_tmp.-ext-10002/_tmp.000000_0
2024-04-24T00:55:24,228  INFO [LocalJobRunner Map Task Executor #0] exec.FileSinkOperator: New Final Path: FS file:/home/alex/Repositories/hive/ql/target/tmp/org.apache.hadoop.hive.ql.TestTxnNoBuckets-1713945183193/warehouse/tmp/.hive-staging_hive_2024-04-24_00-55-23_669_540421561970905625-1/_tmp.-ext-10002/000000_0
2024-04-24T00:55:24,230  INFO [LocalJobRunner Map Task Executor #0] exec.FileSinkOperator: FS[4]: records written - 1
2024-04-24T00:55:24,231  INFO [LocalJobRunner Map Task Executor #0] impl.PhysicalFsWriter: ORC writer created for path: file:/home/alex/Repositories/hive/ql/target/tmp/org.apache.hadoop.hive.ql.TestTxnNoBuckets-1713945183193/warehouse/tmp/.hive-staging_hive_2024-04-24_00-55-23_669_540421561970905625-1/_task_tmp.-ext-10002/_tmp.000000_0 with stripeSize: 67108864 blockSize: 268435456 compression: Compress: ZLIB buffer: 262144
2024-04-24T00:55:24,238  INFO [LocalJobRunner Map Task Executor #0] impl.WriterImpl: ORC writer created for path: file:/home/alex/Repositories/hive/ql/target/tmp/org.apache.hadoop.hive.ql.TestTxnNoBuckets-1713945183193/warehouse/tmp/.hive-staging_hive_2024-04-24_00-55-23_669_540421561970905625-1/_task_tmp.-ext-10002/_tmp.000000_0 with stripeSize: 67108864 options: Compress: ZLIB buffer: 262144
2024-04-24T00:55:24,238  INFO [LocalJobRunner Map Task Executor #0] exec.MapOperator: MAP[0]: records read - 1
2024-04-24T00:55:24,238  INFO [LocalJobRunner Map Task Executor #0] exec.MapOperator: Closing Operator: MAP[0]
2024-04-24T00:55:24,238  INFO [LocalJobRunner Map Task Executor #0] exec.MapOperator: MAP[0]: Total records read - 3. abort - false
2024-04-24T00:55:24,238  INFO [LocalJobRunner Map Task Executor #0] exec.MapOperator: RECORDS_IN:3, RECORDS_OUT_OPERATOR_MAP_0:0, RECORDS_OUT_INTERMEDIATE:0, DESERIALIZE_ERRORS:0, 
2024-04-24T00:55:24,238  INFO [LocalJobRunner Map Task Executor #0] exec.TableScanOperator: Closing Operator: TS[0]
2024-04-24T00:55:24,238  INFO [LocalJobRunner Map Task Executor #0] exec.TableScanOperator: RECORDS_OUT_OPERATOR_TS_0:1, RECORDS_OUT_INTERMEDIATE:0, 
2024-04-24T00:55:24,238  INFO [LocalJobRunner Map Task Executor #0] exec.SelectOperator: Closing Operator: SEL[1]
2024-04-24T00:55:24,238  INFO [LocalJobRunner Map Task Executor #0] exec.SelectOperator: RECORDS_OUT_OPERATOR_SEL_1:1, RECORDS_OUT_INTERMEDIATE:0, 
2024-04-24T00:55:24,238  INFO [LocalJobRunner Map Task Executor #0] exec.UDTFOperator: Closing Operator: UDTF[2]
2024-04-24T00:55:24,238  INFO [LocalJobRunner Map Task Executor #0] exec.UDTFOperator: RECORDS_OUT_INTERMEDIATE:0, RECORDS_OUT_OPERATOR_UDTF_2:2, 
2024-04-24T00:55:24,238  INFO [LocalJobRunner Map Task Executor #0] exec.SelectOperator: Closing Operator: SEL[3]
2024-04-24T00:55:24,238  INFO [LocalJobRunner Map Task Executor #0] exec.SelectOperator: RECORDS_OUT_OPERATOR_SEL_3:2, RECORDS_OUT_INTERMEDIATE:0, 
2024-04-24T00:55:24,238  INFO [LocalJobRunner Map Task Executor #0] exec.FileSinkOperator: Closing Operator: FS[4]
2024-04-24T00:55:24,238  INFO [LocalJobRunner Map Task Executor #0] exec.FileSinkOperator: FS[4]: records written - 2
2024-04-24T00:55:24,246  INFO [LocalJobRunner Map Task Executor #0] exec.FileSinkOperator: TOTAL_TABLE_ROWS_WRITTEN:2, RECORDS_OUT_OPERATOR_FS_4:2, RECORDS_OUT_INTERMEDIATE:0, RECORDS_OUT_1_default.tmp:2, 
2024-04-24T00:55:24,246  INFO [LocalJobRunner Map Task Executor #0] mapred.LocalJobRunner: 
2024-04-24T00:55:24,248  INFO [LocalJobRunner Map Task Executor #0] mapred.Task: Task:attempt_local1456452260_0061_m_000000_0 is done. And is in the process of committing
2024-04-24T00:55:24,249  INFO [LocalJobRunner Map Task Executor #0] mapred.LocalJobRunner: map
2024-04-24T00:55:24,249  INFO [LocalJobRunner Map Task Executor #0] mapred.Task: Task 'attempt_local1456452260_0061_m_000000_0' done.
2024-04-24T00:55:24,249  INFO [LocalJobRunner Map Task Executor #0] mapred.Task: Final Counters for attempt_local1456452260_0061_m_000000_0: Counters: 27
	File System Counters
		FILE: Number of bytes read=1580563
		FILE: Number of bytes written=73408139
		FILE: Number of read operations=0
		FILE: Number of large read operations=0
		FILE: Number of write operations=0
	Map-Reduce Framework
		Map input records=4
		Map output records=0
		Input split bytes=360
		Spilled Records=0
		Failed Shuffles=0
		Merged Map outputs=0
		GC time elapsed (ms)=0
		Total committed heap usage (bytes)=1393557504
	HIVE
		CREATED_FILES=1
		DESERIALIZE_ERRORS=0
		RECORDS_IN=3
		RECORDS_OUT_1_default.tmp=2
		RECORDS_OUT_INTERMEDIATE=0
		RECORDS_OUT_OPERATOR_FS_4=2
		RECORDS_OUT_OPERATOR_MAP_0=0
		RECORDS_OUT_OPERATOR_SEL_1=1
		RECORDS_OUT_OPERATOR_SEL_3=2
		RECORDS_OUT_OPERATOR_TS_0=1
		RECORDS_OUT_OPERATOR_UDTF_2=2
		TOTAL_TABLE_ROWS_WRITTEN=2
	File Input Format Counters 
		Bytes Read=6215
	File Output Format Counters 
		Bytes Written=0
2024-04-24T00:55:24,249  INFO [LocalJobRunner Map Task Executor #0] mapred.LocalJobRunner: Finishing task: attempt_local1456452260_0061_m_000000_0
2024-04-24T00:55:24,249  INFO [Thread-4068] mapred.LocalJobRunner: map task executor complete.
2024-04-24 00:55:25,213 Stage-1 map = 100%,  reduce = 0%
2024-04-24T00:55:25,213  INFO [main] exec.Task: 2024-04-24 00:55:25,213 Stage-1 map = 100%,  reduce = 0%
Ended Job = job_local1456452260_0061
2024-04-24T00:55:25,215  INFO [main] exec.Task: Ended Job = job_local1456452260_0061
2024-04-24T00:55:25,218  INFO [main] ql.Driver: Starting task [Stage-7:CONDITIONAL] in serial mode
Stage-4 is selected by condition resolver.
2024-04-24T00:55:25,218  INFO [main] exec.Task: Stage-4 is selected by condition resolver.
Stage-3 is filtered out by condition resolver.
2024-04-24T00:55:25,218  INFO [main] exec.Task: Stage-3 is filtered out by condition resolver.
Stage-5 is filtered out by condition resolver.
2024-04-24T00:55:25,218  INFO [main] exec.Task: Stage-5 is filtered out by condition resolver.
2024-04-24T00:55:25,218  INFO [main] ql.Driver: Starting task [Stage-4:MOVE] in serial mode
Moving data to directory file:/home/alex/Repositories/hive/ql/target/tmp/org.apache.hadoop.hive.ql.TestTxnNoBuckets-1713945183193/warehouse/tmp/.hive-staging_hive_2024-04-24_00-55-23_669_540421561970905625-1/-ext-10000
2024-04-24T00:55:25,218  INFO [main] exec.Task: Moving data to directory file:/home/alex/Repositories/hive/ql/target/tmp/org.apache.hadoop.hive.ql.TestTxnNoBuckets-1713945183193/warehouse/tmp/.hive-staging_hive_2024-04-24_00-55-23_669_540421561970905625-1/-ext-10000 from file:/home/alex/Repositories/hive/ql/target/tmp/org.apache.hadoop.hive.ql.TestTxnNoBuckets-1713945183193/warehouse/tmp/.hive-staging_hive_2024-04-24_00-55-23_669_540421561970905625-1/-ext-10002
2024-04-24T00:55:25,219  INFO [main] ql.Driver: Starting task [Stage-0:MOVE] in serial mode
Loading data to table default.tmp
2024-04-24T00:55:25,219  INFO [main] exec.Task: Loading data to table default.tmp from file:/home/alex/Repositories/hive/ql/target/tmp/org.apache.hadoop.hive.ql.TestTxnNoBuckets-1713945183193/warehouse/tmp/.hive-staging_hive_2024-04-24_00-55-23_669_540421561970905625-1/-ext-10000
2024-04-24T00:55:25,219  INFO [main] HiveMetaStore.audit: ugi=alex	ip=unknown-ip-addr	cmd=get_table : tbl=hive.default.tmp	
2024-04-24T00:55:25,229  INFO [main] metastore.HMSHandler: Skipping translation for processor with null
2024-04-24T00:55:25,229  INFO [main] HiveMetaStore.audit: ugi=alex	ip=unknown-ip-addr	cmd=get_table : tbl=hive.default.tmp	
2024-04-24T00:55:25,242  INFO [main] metastore.HMSHandler: Skipping translation for processor with null
2024-04-24T00:55:25,244  WARN [main] metadata.Hive: Cannot get a table snapshot for tmp
2024-04-24T00:55:25,244  INFO [main] HiveMetaStore.audit: ugi=alex	ip=unknown-ip-addr	cmd=alter_table: hive.default.tmp newtbl=tmp	
2024-04-24T00:55:25,272  INFO [main] ql.Driver: Starting task [Stage-2:STATS] in serial mode
2024-04-24T00:55:25,273  INFO [main] HiveMetaStore.audit: ugi=alex	ip=unknown-ip-addr	cmd=get_table : tbl=hive.default.tmp	
2024-04-24T00:55:25,281  INFO [main] metastore.HMSHandler: Skipping translation for processor with null
2024-04-24T00:55:25,281  INFO [main] stats.BasicStatsTask: Executing stats task
2024-04-24T00:55:25,281  INFO [main] fs.FSStatsPublisher: created : file:/home/alex/Repositories/hive/ql/target/tmp/localscratchdir/2c7a3638-e22a-439d-aa2b-96f820060fca/hive_2024-04-24_00-55-23_669_540421561970905625-1/-mr-10001
2024-04-24T00:55:25,282  INFO [main] HiveMetaStore.audit: ugi=alex	ip=unknown-ip-addr	cmd=get_table : tbl=hive.default.tmp	
2024-04-24T00:55:25,292  INFO [main] metastore.HMSHandler: Skipping translation for processor with null
2024-04-24T00:55:25,292  INFO [main] FileOperations: Read stats for default.tmp/, numRows, true, 2, false: 
2024-04-24T00:55:25,292  INFO [main] FileOperations: Read stats for default.tmp/, rawDataSize, true, 24, false: 
2024-04-24T00:55:25,293  WARN [main] metadata.Hive: Cannot get a table snapshot for tmp
2024-04-24T00:55:25,293  INFO [main] HiveMetaStore.audit: ugi=alex	ip=unknown-ip-addr	cmd=alter_table: hive.default.tmp newtbl=tmp	
2024-04-24T00:55:25,325  INFO [main] stats.BasicStatsTask: Table default.tmp stats: [numFiles=1, numRows=2, totalSize=281, rawDataSize=24, numFilesErasureCoded=0]
2024-04-24T00:55:25,326  INFO [main] metadata.Hive: Dumping metastore api call timing information for : execution phase
2024-04-24T00:55:25,326  INFO [main] metadata.Hive: Total time spent in each metastore function (ms): {alter_table_(String, String, String, Table, EnvironmentContext, String)=60, isCompatibleWith_(Configuration)=1, getTable_(GetTableRequest)=41}
MapReduce Jobs Launched: 
2024-04-24T00:55:25,326  INFO [main] ql.Driver: MapReduce Jobs Launched: 
Stage-Stage-1:  HDFS Read: 0 HDFS Write: 0 SUCCESS
2024-04-24T00:55:25,327  INFO [main] ql.Driver: Stage-Stage-1:  HDFS Read: 0 HDFS Write: 0 SUCCESS
Total MapReduce CPU Time Spent: 0 msec
2024-04-24T00:55:25,327  INFO [main] ql.Driver: Total MapReduce CPU Time Spent: 0 msec
2024-04-24T00:55:25,327  INFO [main] ql.Driver: Completed executing command(queryId=alex_20240424005523_90dcde03-20f9-4ae5-9fcb-aed2061a303c); Time taken: 1.434 seconds
2024-04-24T00:55:25,327  INFO [main] lockmgr.DbTxnManager: Stopped heartbeat for query: alex_20240424005523_90dcde03-20f9-4ae5-9fcb-aed2061a303c
2024-04-24T00:55:25,333  INFO [main] txn.TxnHandler: Expected to move at least one record from txn_components to completed_txn_components when committing txn! txnid:15
2024-04-24T00:55:25,342  INFO [main] txn.TxnHandler: Removed transactions: ([15]) from MIN_HISTORY_LEVEL
2024-04-24T00:55:25,342  WARN [main] txn.CompactionTxnHandler: No compaction queue record found for Compaction type transaction commit. txnId:15
2024-04-24T00:55:25,343  INFO [main] ql.TxnCommandsBaseForTests: Running the query: insert into tmp  values(1,1,1),(2,2,2)
2024-04-24T00:55:25,343  INFO [main] ql.Context: Deleting scratch dir: file:/home/alex/Repositories/hive/ql/target/tmp/org.apache.hadoop.hive.ql.TestTxnNoBuckets-1713945183193/warehouse/tmp/.hive-staging_hive_2024-04-24_00-55-23_669_540421561970905625-1
2024-04-24T00:55:25,343  INFO [main] cleanup.SyncCleanupService: Deleted directory: file:/home/alex/Repositories/hive/ql/target/tmp/org.apache.hadoop.hive.ql.TestTxnNoBuckets-1713945183193/warehouse/tmp/.hive-staging_hive_2024-04-24_00-55-23_669_540421561970905625-1 on fs with scheme file
2024-04-24T00:55:25,344  INFO [main] ql.Context: Deleting scratch dir: file:/home/alex/Repositories/hive/ql/target/tmp/localscratchdir/2c7a3638-e22a-439d-aa2b-96f820060fca/hive_2024-04-24_00-55-23_669_540421561970905625-1
2024-04-24T00:55:25,345  INFO [main] cleanup.SyncCleanupService: Deleted directory: file:/home/alex/Repositories/hive/ql/target/tmp/localscratchdir/2c7a3638-e22a-439d-aa2b-96f820060fca/hive_2024-04-24_00-55-23_669_540421561970905625-1 on fs with scheme file
2024-04-24T00:55:25,345  INFO [main] ql.Driver: Compiling command(queryId=alex_20240424005525_f1b5e4eb-225b-4a2f-8e03-96d8c8156a08): insert into tmp  values(1,1,1),(2,2,2)
2024-04-24T00:55:25,349  INFO [main] txn.TxnHandler: Added entries to MIN_HISTORY_LEVEL for current txns: ([16]) with min_open_txn: 16
2024-04-24T00:55:25,350  INFO [main] lockmgr.DbTxnManager: Opened txnid:16
2024-04-24T00:55:25,350  INFO [main] parse.CalcitePlanner: Starting caching scope for: 
2024-04-24T00:55:25,350  INFO [main] parse.CalcitePlanner: Starting Semantic Analysis
2024-04-24T00:55:25,354  INFO [main] HiveMetaStore.audit: ugi=alex	ip=unknown-ip-addr	cmd=get_table : tbl=hive.default.tmp	
2024-04-24T00:55:25,365  INFO [main] metastore.HMSHandler: Skipping translation for processor with null
2024-04-24T00:55:25,365  INFO [main] parse.CalcitePlanner: Completed phase 1 of Semantic Analysis
2024-04-24T00:55:25,365  INFO [main] parse.CalcitePlanner: Get metadata for source tables
2024-04-24T00:55:25,365  INFO [main] parse.CalcitePlanner: Get metadata for subqueries
2024-04-24T00:55:25,365  INFO [main] parse.CalcitePlanner: Get metadata for destination tables
2024-04-24T00:55:25,365  INFO [main] HiveMetaStore.audit: ugi=alex	ip=unknown-ip-addr	cmd=get_table : tbl=hive.default.tmp	
2024-04-24T00:55:25,375  INFO [main] metastore.HMSHandler: Skipping translation for processor with null
2024-04-24T00:55:25,375  INFO [main] parse.CalcitePlanner: Completed getting MetaData in Semantic Analysis
2024-04-24T00:55:25,375  INFO [main] parse.CalcitePlanner: Disabling LLAP IO encode as ETL query is detected
2024-04-24T00:55:25,398  INFO [main] HiveMetaStore.audit: ugi=alex	ip=unknown-ip-addr	cmd=get_all_table_constraints : tbl=hive._dummy_database._dummy_table	
2024-04-24T00:55:25,455  INFO [main] parse.CalcitePlanner: Get metadata for source tables
2024-04-24T00:55:25,455  INFO [main] parse.CalcitePlanner: Get metadata for subqueries
2024-04-24T00:55:25,455  INFO [main] parse.CalcitePlanner: Get metadata for source tables
2024-04-24T00:55:25,456  INFO [main] HiveMetaStore.audit: ugi=alex	ip=unknown-ip-addr	cmd=get_table : tbl=hive._dummy_database._dummy_table	
2024-04-24T00:55:25,459  INFO [main] parse.CalcitePlanner: Get metadata for subqueries
2024-04-24T00:55:25,459  INFO [main] parse.CalcitePlanner: Get metadata for destination tables
2024-04-24T00:55:25,459  INFO [main] parse.CalcitePlanner: Get metadata for destination tables
2024-04-24T00:55:25,459  INFO [main] HiveMetaStore.audit: ugi=alex	ip=unknown-ip-addr	cmd=get_table : tbl=hive.default.tmp	
2024-04-24T00:55:25,472  INFO [main] metastore.HMSHandler: Skipping translation for processor with null
2024-04-24T00:55:25,474  INFO [main] common.FileUtils: Creating directory if it doesn't exist: file:/home/alex/Repositories/hive/ql/target/tmp/org.apache.hadoop.hive.ql.TestTxnNoBuckets-1713945183193/warehouse/tmp/.hive-staging_hive_2024-04-24_00-55-25_345_5659707728201143373-1
2024-04-24T00:55:25,477  INFO [main] HiveMetaStore.audit: ugi=alex	ip=unknown-ip-addr	cmd=get_not_null_constraints : tbl=hive.default.tmp	
2024-04-24T00:55:25,478  INFO [main] HiveMetaStore.audit: ugi=alex	ip=unknown-ip-addr	cmd=get_check_constraints : tbl=hive.default.tmp	
2024-04-24T00:55:25,480  INFO [main] parse.CalcitePlanner: CBO Succeeded; optimized logical plan.
2024-04-24T00:55:25,484  INFO [main] optimizer.BucketVersionPopulator: not considering bucketingVersion for: TS[0] because it has -1<2 buckets 
2024-04-24T00:55:25,484  INFO [main] optimizer.SortedDynPartitionOptimizer: Sorted dynamic partitioning optimization kicked in..
2024-04-24T00:55:25,493  INFO [main] HiveMetaStore.audit: ugi=alex	ip=unknown-ip-addr	cmd=get_table : tbl=hive.default.tmp	
2024-04-24T00:55:25,504  INFO [main] metastore.HMSHandler: Skipping translation for processor with null
2024-04-24T00:55:25,504  INFO [main] optimizer.GenMRFileSink1: using CombineHiveInputformat for the merge job
2024-04-24T00:55:25,505  INFO [main] HiveMetaStore.audit: ugi=alex	ip=unknown-ip-addr	cmd=get_table : tbl=hive.default.tmp	
2024-04-24T00:55:25,516  INFO [main] metastore.HMSHandler: Skipping translation for processor with null
2024-04-24T00:55:25,517  INFO [main] physical.Vectorizer: Examining input format to see if vectorization is enabled.
2024-04-24T00:55:25,517  INFO [main] physical.Vectorizer: Map vectorization enabled: false
2024-04-24T00:55:25,517  INFO [main] physical.Vectorizer: Map vectorized: false
2024-04-24T00:55:25,517  INFO [main] physical.Vectorizer: Map vectorizedVertexNum: 0
2024-04-24T00:55:25,517  INFO [main] physical.Vectorizer: Map enabledConditionsMet: [hive.vectorized.use.vectorized.input.format IS true]
2024-04-24T00:55:25,517  INFO [main] physical.Vectorizer: Map enabledConditionsNotMet: [Could not enable vectorization due to partition column names size 1 is greater than the number of table column names size 0 IS false]
2024-04-24T00:55:25,517  INFO [main] physical.Vectorizer: Map inputFileFormatClassNameSet: [org.apache.hadoop.hive.ql.io.NullRowsInputFormat]
2024-04-24T00:55:25,518  INFO [main] parse.CalcitePlanner: Completed plan generation
2024-04-24T00:55:25,518  INFO [main] parse.CalcitePlanner: Ending caching scope for: 
2024-04-24T00:55:25,518  INFO [main] ql.Driver: Semantic Analysis Completed (retrial = false)
2024-04-24T00:55:25,518  INFO [main] ql.Driver: Created Hive schema: Schema(fieldSchemas:[FieldSchema(name:col1, type:int, comment:null), FieldSchema(name:col2, type:int, comment:null), FieldSchema(name:col3, type:int, comment:null)], properties:null)
2024-04-24T00:55:25,519  INFO [main] metadata.Hive: Dumping metastore api call timing information for : compilation phase
2024-04-24T00:55:25,519  INFO [main] metadata.Hive: Total time spent in each metastore function (ms): {flushCache_()=1, openTxn_(String, TxnType)=4, getAllTableConstraints_(AllTableConstraintsRequest)=6, getValidWriteIds_(List, String)=4, getNotNullConstraints_(NotNullConstraintsRequest)=1, getTable_(GetTableRequest)=57, getCheckConstraints_(CheckConstraintsRequest)=2, isCompatibleWith_(Configuration)=0, commitTxn_(CommitTxnRequest)=15, getValidTxns_(long)=0}
2024-04-24T00:55:25,519  INFO [main] ql.Driver: Completed compiling command(queryId=alex_20240424005525_f1b5e4eb-225b-4a2f-8e03-96d8c8156a08); Time taken: 0.173 seconds
2024-04-24T00:55:25,519  INFO [main] lockmgr.DbTxnManager: Setting lock request transaction to txnid:16 for queryId=alex_20240424005525_f1b5e4eb-225b-4a2f-8e03-96d8c8156a08
2024-04-24T00:55:25,519  INFO [main] lockmgr.DbLockManager: Requesting lock for queryId=alex_20240424005525_f1b5e4eb-225b-4a2f-8e03-96d8c8156a08
2024-04-24T00:55:25,534  INFO [main] lockmgr.DbLockManager: Response to queryId=alex_20240424005525_f1b5e4eb-225b-4a2f-8e03-96d8c8156a08 LockResponse(lockid:10, state:ACQUIRED)
2024-04-24T00:55:25,534  INFO [main] ql.Driver: Operation QUERY obtained 1 locks
2024-04-24T00:55:25,534  INFO [main] ql.Driver: Executing command(queryId=alex_20240424005525_f1b5e4eb-225b-4a2f-8e03-96d8c8156a08): insert into tmp  values(1,1,1),(2,2,2)
2024-04-24T00:55:25,535  WARN [main] ql.Driver: Hive-on-MR is deprecated in Hive 2 and may not be available in the future versions. Consider using a different execution engine (i.e. tez, spark) or using Hive 1.X releases.
Query ID = alex_20240424005525_f1b5e4eb-225b-4a2f-8e03-96d8c8156a08
2024-04-24T00:55:25,535  INFO [main] ql.Driver: Query ID = alex_20240424005525_f1b5e4eb-225b-4a2f-8e03-96d8c8156a08
Total jobs = 1
2024-04-24T00:55:25,535  INFO [main] ql.Driver: Total jobs = 1
Launching Job 1 out of 1
2024-04-24T00:55:25,536  INFO [main] ql.Driver: Launching Job 1 out of 1
2024-04-24T00:55:25,692  INFO [main] ql.Driver: Starting task [Stage-1:MAPRED] in serial mode
Number of reduce tasks is set to 0 since there's no reduce operator
2024-04-24T00:55:25,692  INFO [main] exec.Task: Number of reduce tasks is set to 0 since there's no reduce operator
2024-04-24T00:55:25,695  INFO [main] mr.ExecDriver: Using org.apache.hadoop.hive.ql.io.HiveInputFormat
2024-04-24T00:55:25,695  INFO [main] exec.Utilities: Processing alias $hdt$_0:_dummy_table
2024-04-24T00:55:25,695  INFO [main] exec.Utilities: Adding 1 inputs; the first input is file:/home/alex/Repositories/hive/ql/target/tmp/localscratchdir/2c7a3638-e22a-439d-aa2b-96f820060fca/hive_2024-04-24_00-55-25_345_5659707728201143373-1/dummy_path
2024-04-24T00:55:25,705  INFO [main] exec.SerializationUtilities: Serializing MapWork using kryo
2024-04-24T00:55:25,706  INFO [main] exec.Utilities: Serialized plan (via FILE) - name: null size: 6,18KB
2024-04-24T00:55:25,707  WARN [main] impl.MetricsSystemImpl: JobTracker metrics system already initialized!
2024-04-24T00:55:25,711  INFO [main] fs.FSStatsPublisher: created : file:/home/alex/Repositories/hive/ql/target/tmp/localscratchdir/2c7a3638-e22a-439d-aa2b-96f820060fca/hive_2024-04-24_00-55-25_345_5659707728201143373-1/-mr-10001
2024-04-24T00:55:25,716  WARN [main] impl.MetricsSystemImpl: JobTracker metrics system already initialized!
2024-04-24T00:55:25,725  WARN [main] mapreduce.JobResourceUploader: Hadoop command-line option parsing not performed. Implement the Tool interface and execute your application with ToolRunner to remedy this.
2024-04-24T00:55:25,729  WARN [main] mapreduce.JobResourceUploader: No job jar file set.  User classes may not be found. See Job or Job#setJar(String).
2024-04-24T00:55:25,731  INFO [main] io.HiveInputFormat: hive.io.file.readcolumn.ids = 
2024-04-24T00:55:25,731  INFO [main] io.HiveInputFormat: hive.io.file.readcolumn.names = 
2024-04-24T00:55:25,731  INFO [main] io.HiveInputFormat: Generating splits for dirs: file:/home/alex/Repositories/hive/ql/target/tmp/localscratchdir/2c7a3638-e22a-439d-aa2b-96f820060fca/hive_2024-04-24_00-55-25_345_5659707728201143373-1/dummy_path
2024-04-24T00:55:25,732  INFO [main] io.HiveInputFormat: number of splits 1
2024-04-24T00:55:25,750  INFO [main] mapreduce.JobSubmitter: number of splits:1
2024-04-24T00:55:25,770  INFO [main] mapreduce.JobSubmitter: Submitting tokens for job: job_local523725843_0062
2024-04-24T00:55:25,770  INFO [main] mapreduce.JobSubmitter: Executing with tokens: []
2024-04-24T00:55:25,834  INFO [main] mapreduce.Job: The url to track the job: http://localhost:8080/
Job running in-process (local Hadoop)
2024-04-24T00:55:25,834  INFO [main] exec.Task: Job running in-process (local Hadoop)
2024-04-24T00:55:25,835  INFO [Thread-4110] mapred.LocalJobRunner: OutputCommitter set in config org.apache.hadoop.hive.ql.io.HiveFileFormatUtils$NullOutputCommitter
2024-04-24T00:55:25,835  INFO [Thread-4110] mapred.LocalJobRunner: OutputCommitter is org.apache.hadoop.hive.ql.io.HiveFileFormatUtils$NullOutputCommitter
2024-04-24T00:55:25,836  INFO [Thread-4110] mapred.LocalJobRunner: Waiting for map tasks
2024-04-24T00:55:25,836  INFO [LocalJobRunner Map Task Executor #0] mapred.LocalJobRunner: Starting task: attempt_local523725843_0062_m_000000_0
2024-04-24T00:55:25,837  INFO [LocalJobRunner Map Task Executor #0] mapred.Task:  Using ResourceCalculatorProcessTree : [ ]
2024-04-24T00:55:25,837  INFO [LocalJobRunner Map Task Executor #0] mapred.MapTask: Processing split: org.apache.hadoop.hive.ql.io.NullRowsInputFormat:file:/home/alex/Repositories/hive/ql/target/tmp/localscratchdir/2c7a3638-e22a-439d-aa2b-96f820060fca/hive_2024-04-24_00-55-25_345_5659707728201143373-1/dummy_path/null:0+1
2024-04-24T00:55:25,838  INFO [LocalJobRunner Map Task Executor #0] exec.SerializationUtilities: Deserializing MapWork using kryo
2024-04-24T00:55:25,838  INFO [LocalJobRunner Map Task Executor #0] exec.Utilities: Deserialized plan (via FILE) - name: null size: 6,18KB
2024-04-24T00:55:25,839  INFO [LocalJobRunner Map Task Executor #0] mapred.MapTask: numReduceTasks: 0
2024-04-24T00:55:25,839  INFO [LocalJobRunner Map Task Executor #0] exec.MapOperator: Initializing Operator: MAP[0]
2024-04-24T00:55:25,839  INFO [LocalJobRunner Map Task Executor #0] mr.ExecMapper: 
<MAP>Id =0
  <Children>null
  <\Children>
  <Parent><\Parent>
<\MAP>
2024-04-24T00:55:25,840  INFO [LocalJobRunner Map Task Executor #0] exec.TableScanOperator: Initializing Operator: TS[0]
2024-04-24T00:55:25,840  INFO [LocalJobRunner Map Task Executor #0] exec.SelectOperator: Initializing Operator: SEL[1]
2024-04-24T00:55:25,840  INFO [LocalJobRunner Map Task Executor #0] exec.SelectOperator: SELECT null
2024-04-24T00:55:25,840  INFO [LocalJobRunner Map Task Executor #0] exec.UDTFOperator: Initializing Operator: UDTF[2]
2024-04-24T00:55:25,840  INFO [LocalJobRunner Map Task Executor #0] exec.SelectOperator: Initializing Operator: SEL[3]
2024-04-24T00:55:25,840  INFO [LocalJobRunner Map Task Executor #0] exec.SelectOperator: SELECT struct<col1:int,col2:int,col3:int>
2024-04-24T00:55:25,840  INFO [LocalJobRunner Map Task Executor #0] exec.FileSinkOperator: Initializing Operator: FS[4]
2024-04-24T00:55:25,841  INFO [LocalJobRunner Map Task Executor #0] exec.FileSinkOperator: Using serializer : AbstractSerDe [log=org.apache.logging.slf4j.Log4jLogger@22a08b61, configuration=Optional[Configuration: core-default.xml, core-site.xml, mapred-default.xml, mapred-site.xml, yarn-default.xml, yarn-site.xml, hdfs-default.xml, hdfs-site.xml, file:/home/alex/Repositories/hive/ql/target/tmp/TestTxnNoBucketsVectorized/mapred/local/localRunner/alex/job_local523725843_0062/job_local523725843_0062.xml], properties={name=default.tmp, columns.types=int:int:int, serialization.format=1, columns=c1,c2,c3, numFilesErasureCoded=0, columns.comments=&amp#0;&amp#0;, bucketing_version=2, serialization.lib=org.apache.hadoop.hive.ql.io.orc.OrcSerde, file.inputformat=org.apache.hadoop.hive.ql.io.orc.OrcInputFormat, file.outputformat=org.apache.hadoop.hive.ql.io.orc.OrcOutputFormat, location=file:/home/alex/Repositories/hive/ql/target/tmp/org.apache.hadoop.hive.ql.TestTxnNoBuckets-1713945183193/warehouse/tmp, column.name.delimiter=,}, tableProperties={name=default.tmp, columns.types=int:int:int, serialization.format=1, columns=c1,c2,c3, numFilesErasureCoded=0, columns.comments=&amp#0;&amp#0;, bucketing_version=2, serialization.lib=org.apache.hadoop.hive.ql.io.orc.OrcSerde, file.inputformat=org.apache.hadoop.hive.ql.io.orc.OrcInputFormat, location=file:/home/alex/Repositories/hive/ql/target/tmp/org.apache.hadoop.hive.ql.TestTxnNoBuckets-1713945183193/warehouse/tmp, file.outputformat=org.apache.hadoop.hive.ql.io.orc.OrcOutputFormat, column.name.delimiter=,}, partitionProperties=Optional.empty, columnNames=[c1, c2, c3], columnTypes=[int, int, int], getClass()=class org.apache.hadoop.hive.ql.io.orc.OrcSerde] and formatter : org.apache.hadoop.hive.ql.io.orc.OrcOutputFormat@5915145d
2024-04-24T00:55:25,841  INFO [LocalJobRunner Map Task Executor #0] exec.FileSinkOperator: Final Path: FS file:/home/alex/Repositories/hive/ql/target/tmp/org.apache.hadoop.hive.ql.TestTxnNoBuckets-1713945183193/warehouse/tmp/.hive-staging_hive_2024-04-24_00-55-25_345_5659707728201143373-1/_tmp.-ext-10002/000000_0
2024-04-24T00:55:25,841  INFO [LocalJobRunner Map Task Executor #0] exec.FileSinkOperator: Writing to temp file: FS file:/home/alex/Repositories/hive/ql/target/tmp/org.apache.hadoop.hive.ql.TestTxnNoBuckets-1713945183193/warehouse/tmp/.hive-staging_hive_2024-04-24_00-55-25_345_5659707728201143373-1/_task_tmp.-ext-10002/_tmp.000000_0
2024-04-24T00:55:25,841  INFO [LocalJobRunner Map Task Executor #0] exec.FileSinkOperator: New Final Path: FS file:/home/alex/Repositories/hive/ql/target/tmp/org.apache.hadoop.hive.ql.TestTxnNoBuckets-1713945183193/warehouse/tmp/.hive-staging_hive_2024-04-24_00-55-25_345_5659707728201143373-1/_tmp.-ext-10002/000000_0
2024-04-24T00:55:25,841  INFO [LocalJobRunner Map Task Executor #0] exec.FileSinkOperator: FS[4]: records written - 1
2024-04-24T00:55:25,842  INFO [LocalJobRunner Map Task Executor #0] impl.PhysicalFsWriter: ORC writer created for path: file:/home/alex/Repositories/hive/ql/target/tmp/org.apache.hadoop.hive.ql.TestTxnNoBuckets-1713945183193/warehouse/tmp/.hive-staging_hive_2024-04-24_00-55-25_345_5659707728201143373-1/_task_tmp.-ext-10002/_tmp.000000_0 with stripeSize: 67108864 blockSize: 268435456 compression: Compress: ZLIB buffer: 262144
2024-04-24T00:55:25,849  INFO [LocalJobRunner Map Task Executor #0] impl.WriterImpl: ORC writer created for path: file:/home/alex/Repositories/hive/ql/target/tmp/org.apache.hadoop.hive.ql.TestTxnNoBuckets-1713945183193/warehouse/tmp/.hive-staging_hive_2024-04-24_00-55-25_345_5659707728201143373-1/_task_tmp.-ext-10002/_tmp.000000_0 with stripeSize: 67108864 options: Compress: ZLIB buffer: 262144
2024-04-24T00:55:25,849  INFO [LocalJobRunner Map Task Executor #0] exec.MapOperator: MAP[0]: records read - 1
2024-04-24T00:55:25,849  INFO [LocalJobRunner Map Task Executor #0] exec.MapOperator: Closing Operator: MAP[0]
2024-04-24T00:55:25,849  INFO [LocalJobRunner Map Task Executor #0] exec.MapOperator: MAP[0]: Total records read - 3. abort - false
2024-04-24T00:55:25,849  INFO [LocalJobRunner Map Task Executor #0] exec.MapOperator: DESERIALIZE_ERRORS:0, RECORDS_OUT_OPERATOR_MAP_0:0, RECORDS_OUT_INTERMEDIATE:0, RECORDS_IN:3, 
2024-04-24T00:55:25,849  INFO [LocalJobRunner Map Task Executor #0] exec.TableScanOperator: Closing Operator: TS[0]
2024-04-24T00:55:25,849  INFO [LocalJobRunner Map Task Executor #0] exec.TableScanOperator: RECORDS_OUT_OPERATOR_TS_0:1, RECORDS_OUT_INTERMEDIATE:0, 
2024-04-24T00:55:25,849  INFO [LocalJobRunner Map Task Executor #0] exec.SelectOperator: Closing Operator: SEL[1]
2024-04-24T00:55:25,849  INFO [LocalJobRunner Map Task Executor #0] exec.SelectOperator: RECORDS_OUT_OPERATOR_SEL_1:1, RECORDS_OUT_INTERMEDIATE:0, 
2024-04-24T00:55:25,849  INFO [LocalJobRunner Map Task Executor #0] exec.UDTFOperator: Closing Operator: UDTF[2]
2024-04-24T00:55:25,849  INFO [LocalJobRunner Map Task Executor #0] exec.UDTFOperator: RECORDS_OUT_INTERMEDIATE:0, RECORDS_OUT_OPERATOR_UDTF_2:2, 
2024-04-24T00:55:25,849  INFO [LocalJobRunner Map Task Executor #0] exec.SelectOperator: Closing Operator: SEL[3]
2024-04-24T00:55:25,850  INFO [LocalJobRunner Map Task Executor #0] exec.SelectOperator: RECORDS_OUT_OPERATOR_SEL_3:2, RECORDS_OUT_INTERMEDIATE:0, 
2024-04-24T00:55:25,850  INFO [LocalJobRunner Map Task Executor #0] exec.FileSinkOperator: Closing Operator: FS[4]
2024-04-24T00:55:25,850  INFO [LocalJobRunner Map Task Executor #0] exec.FileSinkOperator: FS[4]: records written - 2
2024-04-24T00:55:25,856  INFO [LocalJobRunner Map Task Executor #0] exec.FileSinkOperator: TOTAL_TABLE_ROWS_WRITTEN:2, RECORDS_OUT_OPERATOR_FS_4:2, RECORDS_OUT_1_default.tmp:2, RECORDS_OUT_INTERMEDIATE:0, 
2024-04-24T00:55:25,856  INFO [LocalJobRunner Map Task Executor #0] mapred.LocalJobRunner: 
2024-04-24T00:55:25,857  INFO [LocalJobRunner Map Task Executor #0] mapred.Task: Task:attempt_local523725843_0062_m_000000_0 is done. And is in the process of committing
2024-04-24T00:55:25,857  INFO [LocalJobRunner Map Task Executor #0] mapred.LocalJobRunner: map
2024-04-24T00:55:25,857  INFO [LocalJobRunner Map Task Executor #0] mapred.Task: Task 'attempt_local523725843_0062_m_000000_0' done.
2024-04-24T00:55:25,857  INFO [LocalJobRunner Map Task Executor #0] mapred.Task: Final Counters for attempt_local523725843_0062_m_000000_0: Counters: 27
	File System Counters
		FILE: Number of bytes read=1587292
		FILE: Number of bytes written=74603024
		FILE: Number of read operations=0
		FILE: Number of large read operations=0
		FILE: Number of write operations=0
	Map-Reduce Framework
		Map input records=4
		Map output records=0
		Input split bytes=361
		Spilled Records=0
		Failed Shuffles=0
		Merged Map outputs=0
		GC time elapsed (ms)=0
		Total committed heap usage (bytes)=1393557504
	HIVE
		CREATED_FILES=1
		DESERIALIZE_ERRORS=0
		RECORDS_IN=3
		RECORDS_OUT_1_default.tmp=2
		RECORDS_OUT_INTERMEDIATE=0
		RECORDS_OUT_OPERATOR_FS_4=2
		RECORDS_OUT_OPERATOR_MAP_0=0
		RECORDS_OUT_OPERATOR_SEL_1=1
		RECORDS_OUT_OPERATOR_SEL_3=2
		RECORDS_OUT_OPERATOR_TS_0=1
		RECORDS_OUT_OPERATOR_UDTF_2=2
		TOTAL_TABLE_ROWS_WRITTEN=2
	File Input Format Counters 
		Bytes Read=6241
	File Output Format Counters 
		Bytes Written=0
2024-04-24T00:55:25,857  INFO [LocalJobRunner Map Task Executor #0] mapred.LocalJobRunner: Finishing task: attempt_local523725843_0062_m_000000_0
2024-04-24T00:55:25,857  INFO [Thread-4110] mapred.LocalJobRunner: map task executor complete.
2024-04-24 00:55:26,836 Stage-1 map = 100%,  reduce = 0%
2024-04-24T00:55:26,836  INFO [main] exec.Task: 2024-04-24 00:55:26,836 Stage-1 map = 100%,  reduce = 0%
Ended Job = job_local523725843_0062
2024-04-24T00:55:26,837  INFO [main] exec.Task: Ended Job = job_local523725843_0062
2024-04-24T00:55:26,841  INFO [main] ql.Driver: Starting task [Stage-7:CONDITIONAL] in serial mode
Stage-4 is selected by condition resolver.
2024-04-24T00:55:26,842  INFO [main] exec.Task: Stage-4 is selected by condition resolver.
Stage-3 is filtered out by condition resolver.
2024-04-24T00:55:26,843  INFO [main] exec.Task: Stage-3 is filtered out by condition resolver.
Stage-5 is filtered out by condition resolver.
2024-04-24T00:55:26,843  INFO [main] exec.Task: Stage-5 is filtered out by condition resolver.
2024-04-24T00:55:26,843  INFO [main] ql.Driver: Starting task [Stage-4:MOVE] in serial mode
Moving data to directory file:/home/alex/Repositories/hive/ql/target/tmp/org.apache.hadoop.hive.ql.TestTxnNoBuckets-1713945183193/warehouse/tmp/.hive-staging_hive_2024-04-24_00-55-25_345_5659707728201143373-1/-ext-10000
2024-04-24T00:55:26,843  INFO [main] exec.Task: Moving data to directory file:/home/alex/Repositories/hive/ql/target/tmp/org.apache.hadoop.hive.ql.TestTxnNoBuckets-1713945183193/warehouse/tmp/.hive-staging_hive_2024-04-24_00-55-25_345_5659707728201143373-1/-ext-10000 from file:/home/alex/Repositories/hive/ql/target/tmp/org.apache.hadoop.hive.ql.TestTxnNoBuckets-1713945183193/warehouse/tmp/.hive-staging_hive_2024-04-24_00-55-25_345_5659707728201143373-1/-ext-10002
2024-04-24T00:55:26,844  INFO [main] ql.Driver: Starting task [Stage-0:MOVE] in serial mode
Loading data to table default.tmp
2024-04-24T00:55:26,845  INFO [main] exec.Task: Loading data to table default.tmp from file:/home/alex/Repositories/hive/ql/target/tmp/org.apache.hadoop.hive.ql.TestTxnNoBuckets-1713945183193/warehouse/tmp/.hive-staging_hive_2024-04-24_00-55-25_345_5659707728201143373-1/-ext-10000
2024-04-24T00:55:26,845  INFO [main] HiveMetaStore.audit: ugi=alex	ip=unknown-ip-addr	cmd=get_table : tbl=hive.default.tmp	
2024-04-24T00:55:26,875  INFO [main] metastore.HMSHandler: Skipping translation for processor with null
2024-04-24T00:55:26,875  INFO [main] HiveMetaStore.audit: ugi=alex	ip=unknown-ip-addr	cmd=get_table : tbl=hive.default.tmp	
2024-04-24T00:55:26,889  INFO [main] metastore.HMSHandler: Skipping translation for processor with null
2024-04-24T00:55:26,890  WARN [main] metadata.Hive: Cannot get a table snapshot for tmp
2024-04-24T00:55:26,891  INFO [main] HiveMetaStore.audit: ugi=alex	ip=unknown-ip-addr	cmd=alter_table: hive.default.tmp newtbl=tmp	
2024-04-24T00:55:26,916  INFO [main] ql.Driver: Starting task [Stage-2:STATS] in serial mode
2024-04-24T00:55:26,916  INFO [main] HiveMetaStore.audit: ugi=alex	ip=unknown-ip-addr	cmd=get_table : tbl=hive.default.tmp	
2024-04-24T00:55:26,926  INFO [main] metastore.HMSHandler: Skipping translation for processor with null
2024-04-24T00:55:26,926  INFO [main] stats.BasicStatsTask: Executing stats task
2024-04-24T00:55:26,926  INFO [main] fs.FSStatsPublisher: created : file:/home/alex/Repositories/hive/ql/target/tmp/localscratchdir/2c7a3638-e22a-439d-aa2b-96f820060fca/hive_2024-04-24_00-55-25_345_5659707728201143373-1/-mr-10001
2024-04-24T00:55:26,927  INFO [main] HiveMetaStore.audit: ugi=alex	ip=unknown-ip-addr	cmd=get_table : tbl=hive.default.tmp	
2024-04-24T00:55:26,936  INFO [main] metastore.HMSHandler: Skipping translation for processor with null
2024-04-24T00:55:26,937  INFO [main] FileOperations: Read stats for default.tmp/, numRows, true, 2, false: 
2024-04-24T00:55:26,937  INFO [main] FileOperations: Read stats for default.tmp/, rawDataSize, true, 24, false: 
2024-04-24T00:55:26,938  WARN [main] metadata.Hive: Cannot get a table snapshot for tmp
2024-04-24T00:55:26,938  INFO [main] HiveMetaStore.audit: ugi=alex	ip=unknown-ip-addr	cmd=alter_table: hive.default.tmp newtbl=tmp	
2024-04-24T00:55:26,968  INFO [main] stats.BasicStatsTask: Table default.tmp stats: [numFiles=2, numRows=4, totalSize=562, rawDataSize=48, numFilesErasureCoded=0]
2024-04-24T00:55:26,968  INFO [main] metadata.Hive: Dumping metastore api call timing information for : execution phase
2024-04-24T00:55:26,969  INFO [main] metadata.Hive: Total time spent in each metastore function (ms): {getTable_(GetTableRequest)=64, isCompatibleWith_(Configuration)=1, alter_table_(String, String, String, Table, EnvironmentContext, String)=55}
MapReduce Jobs Launched: 
2024-04-24T00:55:26,969  INFO [main] ql.Driver: MapReduce Jobs Launched: 
Stage-Stage-1:  HDFS Read: 0 HDFS Write: 0 SUCCESS
2024-04-24T00:55:26,969  INFO [main] ql.Driver: Stage-Stage-1:  HDFS Read: 0 HDFS Write: 0 SUCCESS
Total MapReduce CPU Time Spent: 0 msec
2024-04-24T00:55:26,969  INFO [main] ql.Driver: Total MapReduce CPU Time Spent: 0 msec
2024-04-24T00:55:26,969  INFO [main] ql.Driver: Completed executing command(queryId=alex_20240424005525_f1b5e4eb-225b-4a2f-8e03-96d8c8156a08); Time taken: 1.434 seconds
2024-04-24T00:55:26,969  INFO [main] lockmgr.DbTxnManager: Stopped heartbeat for query: alex_20240424005525_f1b5e4eb-225b-4a2f-8e03-96d8c8156a08
2024-04-24T00:55:26,973  INFO [main] txn.TxnHandler: Expected to move at least one record from txn_components to completed_txn_components when committing txn! txnid:16
2024-04-24T00:55:26,980  INFO [main] txn.TxnHandler: Removed transactions: ([16]) from MIN_HISTORY_LEVEL
2024-04-24T00:55:26,980  WARN [main] txn.CompactionTxnHandler: No compaction queue record found for Compaction type transaction commit. txnId:16
2024-04-24T00:55:26,981  INFO [main] ql.TxnCommandsBaseForTests: Running the query: drop table if exists nobuckets
2024-04-24T00:55:26,981  INFO [main] ql.Context: Deleting scratch dir: file:/home/alex/Repositories/hive/ql/target/tmp/localscratchdir/2c7a3638-e22a-439d-aa2b-96f820060fca/hive_2024-04-24_00-55-25_345_5659707728201143373-1
2024-04-24T00:55:26,981  INFO [main] cleanup.SyncCleanupService: Deleted directory: file:/home/alex/Repositories/hive/ql/target/tmp/localscratchdir/2c7a3638-e22a-439d-aa2b-96f820060fca/hive_2024-04-24_00-55-25_345_5659707728201143373-1 on fs with scheme file
2024-04-24T00:55:26,982  INFO [main] ql.Context: Deleting scratch dir: file:/home/alex/Repositories/hive/ql/target/tmp/org.apache.hadoop.hive.ql.TestTxnNoBuckets-1713945183193/warehouse/tmp/.hive-staging_hive_2024-04-24_00-55-25_345_5659707728201143373-1
2024-04-24T00:55:26,982  INFO [main] cleanup.SyncCleanupService: Deleted directory: file:/home/alex/Repositories/hive/ql/target/tmp/org.apache.hadoop.hive.ql.TestTxnNoBuckets-1713945183193/warehouse/tmp/.hive-staging_hive_2024-04-24_00-55-25_345_5659707728201143373-1 on fs with scheme file
2024-04-24T00:55:26,982  INFO [main] ql.Driver: Compiling command(queryId=alex_20240424005526_5ea618b6-0738-49b4-9e9b-4d0893ccd28b): drop table if exists nobuckets
2024-04-24T00:55:26,984  INFO [main] txn.TxnHandler: Added entries to MIN_HISTORY_LEVEL for current txns: ([17]) with min_open_txn: 17
2024-04-24T00:55:26,984  INFO [main] lockmgr.DbTxnManager: Opened txnid:17
2024-04-24T00:55:26,985  INFO [main] HiveMetaStore.audit: ugi=alex	ip=unknown-ip-addr	cmd=get_table : tbl=hive.default.nobuckets	
2024-04-24T00:55:26,992  INFO [main] metastore.HMSHandler: Skipping translation for processor with null
2024-04-24T00:55:26,992  INFO [main] ql.Driver: Semantic Analysis Completed (retrial = false)
2024-04-24T00:55:26,992  INFO [main] ql.Driver: Created Hive schema: Schema(fieldSchemas:null, properties:null)
2024-04-24T00:55:26,992  INFO [main] metadata.Hive: Dumping metastore api call timing information for : compilation phase
2024-04-24T00:55:26,992  INFO [main] metadata.Hive: Total time spent in each metastore function (ms): {commitTxn_(CommitTxnRequest)=11, flushCache_()=0, openTxn_(String, TxnType)=1, isCompatibleWith_(Configuration)=1, getValidTxns_(long)=0, getTable_(GetTableRequest)=7}
2024-04-24T00:55:26,993  INFO [main] ql.Driver: Completed compiling command(queryId=alex_20240424005526_5ea618b6-0738-49b4-9e9b-4d0893ccd28b); Time taken: 0.01 seconds
2024-04-24T00:55:26,993  INFO [main] lockmgr.DbTxnManager: Setting lock request transaction to txnid:17 for queryId=alex_20240424005526_5ea618b6-0738-49b4-9e9b-4d0893ccd28b
2024-04-24T00:55:26,993  INFO [main] lockmgr.DbLockManager: Requesting lock for queryId=alex_20240424005526_5ea618b6-0738-49b4-9e9b-4d0893ccd28b
2024-04-24T00:55:27,007  INFO [main] lockmgr.DbLockManager: Response to queryId=alex_20240424005526_5ea618b6-0738-49b4-9e9b-4d0893ccd28b LockResponse(lockid:11, state:ACQUIRED)
2024-04-24T00:55:27,007  INFO [main] ql.Driver: Operation DROPTABLE obtained 1 locks
2024-04-24T00:55:27,007  INFO [main] ql.Driver: Executing command(queryId=alex_20240424005526_5ea618b6-0738-49b4-9e9b-4d0893ccd28b): drop table if exists nobuckets
2024-04-24T00:55:27,007  INFO [main] ql.Driver: Starting task [Stage-0:DDL] in serial mode
2024-04-24T00:55:27,008  INFO [main] HiveMetaStore.audit: ugi=alex	ip=unknown-ip-addr	cmd=get_table : tbl=hive.default.nobuckets	
2024-04-24T00:55:27,015  INFO [main] metastore.HMSHandler: Skipping translation for processor with null
2024-04-24T00:55:27,015  INFO [main] HiveMetaStore.audit: ugi=alex	ip=unknown-ip-addr	cmd=get_table : tbl=hive.default.nobuckets	
2024-04-24T00:55:27,022  INFO [main] metastore.HMSHandler: Skipping translation for processor with null
2024-04-24T00:55:27,023  INFO [main] HiveMetaStore.audit: ugi=alex	ip=unknown-ip-addr	cmd=drop_table : tbl=hive.default.nobuckets	
2024-04-24T00:55:27,155  WARN [main] utils.FileUtils: File file:/home/alex/Repositories/hive/ql/target/tmp/org.apache.hadoop.hive.ql.TestTxnNoBuckets-1713945183193/warehouse/nobuckets does not exist; Force to delete it.
2024-04-24T00:55:27,155 ERROR [main] utils.FileUtils: Failed to delete file:/home/alex/Repositories/hive/ql/target/tmp/org.apache.hadoop.hive.ql.TestTxnNoBuckets-1713945183193/warehouse/nobuckets
2024-04-24T00:55:27,156  INFO [main] metadata.Hive: Dumping metastore api call timing information for : execution phase
2024-04-24T00:55:27,156  INFO [main] metadata.Hive: Total time spent in each metastore function (ms): {dropTable_(String, String, boolean, boolean, boolean)=140, isCompatibleWith_(Configuration)=0, getTable_(GetTableRequest)=7}
2024-04-24T00:55:27,156  INFO [main] ql.Driver: Completed executing command(queryId=alex_20240424005526_5ea618b6-0738-49b4-9e9b-4d0893ccd28b); Time taken: 0.149 seconds
2024-04-24T00:55:27,156  INFO [main] lockmgr.DbTxnManager: Stopped heartbeat for query: alex_20240424005526_5ea618b6-0738-49b4-9e9b-4d0893ccd28b
2024-04-24T00:55:27,160  INFO [main] txn.TxnHandler: Expected to move at least one record from txn_components to completed_txn_components when committing txn! txnid:17
2024-04-24T00:55:27,167  INFO [main] txn.TxnHandler: Removed transactions: ([17]) from MIN_HISTORY_LEVEL
2024-04-24T00:55:27,169  WARN [main] txn.CompactionTxnHandler: No compaction queue record found for Compaction type transaction commit. txnId:17
2024-04-24T00:55:27,169  INFO [main] ql.TxnCommandsBaseForTests: Running the query: create table nobuckets (c1 integer, c2 integer, c3 integer) stored as orc tblproperties('transactional'='true', 'transactional_properties'='default')
2024-04-24T00:55:27,170  INFO [main] ql.Driver: Compiling command(queryId=alex_20240424005527_3696fab8-f1fa-4ab6-a21f-6479f52fe530): create table nobuckets (c1 integer, c2 integer, c3 integer) stored as orc tblproperties('transactional'='true', 'transactional_properties'='default')
2024-04-24T00:55:27,178  INFO [main] txn.TxnHandler: Added entries to MIN_HISTORY_LEVEL for current txns: ([18]) with min_open_txn: 17
2024-04-24T00:55:27,179  INFO [main] lockmgr.DbTxnManager: Opened txnid:18
2024-04-24T00:55:27,181  INFO [main] parse.CalcitePlanner: Starting caching scope for: 
2024-04-24T00:55:27,181  INFO [main] parse.CalcitePlanner: Starting Semantic Analysis
2024-04-24T00:55:27,185  INFO [main] parse.CalcitePlanner: Creating table default.nobuckets position=13
2024-04-24T00:55:27,186  INFO [main] HiveMetaStore.audit: ugi=alex	ip=unknown-ip-addr	cmd=get_database: default	
2024-04-24T00:55:27,190  INFO [main] parse.CalcitePlanner: Ending caching scope for: 
2024-04-24T00:55:27,190  INFO [main] ql.Driver: Semantic Analysis Completed (retrial = false)
2024-04-24T00:55:27,190  INFO [main] ql.Driver: Created Hive schema: Schema(fieldSchemas:null, properties:null)
2024-04-24T00:55:27,190  INFO [main] metadata.Hive: Dumping metastore api call timing information for : compilation phase
2024-04-24T00:55:27,191  INFO [main] metadata.Hive: Total time spent in each metastore function (ms): {getDatabase_(String)=5, commitTxn_(CommitTxnRequest)=13, openTxn_(String, TxnType)=9, getValidTxns_(long)=2, getValidWriteIds_(List, String)=4, flushCache_()=0, isCompatibleWith_(Configuration)=0}
2024-04-24T00:55:27,191  INFO [main] ql.Driver: Completed compiling command(queryId=alex_20240424005527_3696fab8-f1fa-4ab6-a21f-6479f52fe530); Time taken: 0.02 seconds
2024-04-24T00:55:27,191  INFO [main] lockmgr.DbTxnManager: Setting lock request transaction to txnid:18 for queryId=alex_20240424005527_3696fab8-f1fa-4ab6-a21f-6479f52fe530
2024-04-24T00:55:27,191  INFO [main] lockmgr.DbLockManager: Requesting lock for queryId=alex_20240424005527_3696fab8-f1fa-4ab6-a21f-6479f52fe530
2024-04-24T00:55:27,209  INFO [main] lockmgr.DbLockManager: Response to queryId=alex_20240424005527_3696fab8-f1fa-4ab6-a21f-6479f52fe530 LockResponse(lockid:12, state:ACQUIRED)
2024-04-24T00:55:27,209  INFO [main] ql.Driver: Operation CREATETABLE obtained 1 locks
2024-04-24T00:55:27,209  INFO [main] ql.Driver: Executing command(queryId=alex_20240424005527_3696fab8-f1fa-4ab6-a21f-6479f52fe530): create table nobuckets (c1 integer, c2 integer, c3 integer) stored as orc tblproperties('transactional'='true', 'transactional_properties'='default')
2024-04-24T00:55:27,210  INFO [main] ql.Driver: Starting task [Stage-0:DDL] in serial mode
2024-04-24T00:55:27,210  INFO [main] HiveMetaStore.audit: ugi=alex	ip=unknown-ip-addr	cmd=create_table_req: Table(tableName:nobuckets, dbName:default, owner:alex, createTime:1713945327, lastAccessTime:0, retention:0, sd:StorageDescriptor(cols:[FieldSchema(name:c1, type:int, comment:null), FieldSchema(name:c2, type:int, comment:null), FieldSchema(name:c3, type:int, comment:null)], location:null, inputFormat:org.apache.hadoop.hive.ql.io.orc.OrcInputFormat, outputFormat:org.apache.hadoop.hive.ql.io.orc.OrcOutputFormat, compressed:false, numBuckets:-1, serdeInfo:SerDeInfo(name:null, serializationLib:org.apache.hadoop.hive.ql.io.orc.OrcSerde, parameters:{serialization.format=1}), bucketCols:[], sortCols:[], parameters:{}, skewedInfo:SkewedInfo(skewedColNames:[], skewedColValues:[], skewedColValueLocationMaps:{}), storedAsSubDirectories:false), partitionKeys:[], parameters:{COLUMN_STATS_ACCURATE={"BASIC_STATS":"true","COLUMN_STATS":{"c1":"true","c2":"true","c3":"true"}}, transactional=true, numFilesErasureCoded=0, rawDataSize=0, totalSize=0, bucketing_version=2, transactional_properties=default, numRows=0, numFiles=0}, viewOriginalText:null, viewExpandedText:null, tableType:MANAGED_TABLE, privileges:PrincipalPrivilegeSet(userPrivileges:{alex=[PrivilegeGrantInfo(privilege:INSERT, createTime:-1, grantor:alex, grantorType:USER, grantOption:true), PrivilegeGrantInfo(privilege:SELECT, createTime:-1, grantor:alex, grantorType:USER, grantOption:true), PrivilegeGrantInfo(privilege:UPDATE, createTime:-1, grantor:alex, grantorType:USER, grantOption:true), PrivilegeGrantInfo(privilege:DELETE, createTime:-1, grantor:alex, grantorType:USER, grantOption:true)]}, groupPrivileges:null, rolePrivileges:null), temporary:false, catName:hive, ownerType:USER, writeId:0)	
2024-04-24T00:55:27,216  INFO [main] utils.FileUtils: Creating directory if it doesn't exist: file:/home/alex/Repositories/hive/ql/target/tmp/org.apache.hadoop.hive.ql.TestTxnNoBuckets-1713945183193/warehouse/nobuckets
2024-04-24T00:55:27,246  INFO [main] metadata.Hive: Dumping metastore api call timing information for : execution phase
2024-04-24T00:55:27,246  INFO [main] metadata.Hive: Total time spent in each metastore function (ms): {isCompatibleWith_(Configuration)=0, createTable_(Table)=36}
2024-04-24T00:55:27,246  INFO [main] ql.Driver: Completed executing command(queryId=alex_20240424005527_3696fab8-f1fa-4ab6-a21f-6479f52fe530); Time taken: 0.037 seconds
2024-04-24T00:55:27,246  INFO [main] lockmgr.DbTxnManager: Stopped heartbeat for query: alex_20240424005527_3696fab8-f1fa-4ab6-a21f-6479f52fe530
2024-04-24T00:55:27,250  INFO [main] txn.TxnHandler: Expected to move at least one record from txn_components to completed_txn_components when committing txn! txnid:18
2024-04-24T00:55:27,256  INFO [main] txn.TxnHandler: Removed transactions: ([18]) from MIN_HISTORY_LEVEL
2024-04-24T00:55:27,256  WARN [main] txn.CompactionTxnHandler: No compaction queue record found for Compaction type transaction commit. txnId:18
2024-04-24T00:55:27,257  INFO [main] ql.TxnCommandsBaseForTests: Running the query: insert into nobuckets select * from tmp
2024-04-24T00:55:27,257  INFO [main] ql.Driver: Compiling command(queryId=alex_20240424005527_6355ddb1-dba1-4a5d-84f1-0613b51a8c20): insert into nobuckets select * from tmp
2024-04-24T00:55:27,260  INFO [main] txn.TxnHandler: Added entries to MIN_HISTORY_LEVEL for current txns: ([19]) with min_open_txn: 17
2024-04-24T00:55:27,260  INFO [main] lockmgr.DbTxnManager: Opened txnid:19
2024-04-24T00:55:27,260  INFO [main] parse.CalcitePlanner: Starting caching scope for: 
2024-04-24T00:55:27,260  INFO [main] parse.CalcitePlanner: Starting Semantic Analysis
2024-04-24T00:55:27,263  INFO [main] parse.CalcitePlanner: Completed phase 1 of Semantic Analysis
2024-04-24T00:55:27,264  INFO [main] parse.CalcitePlanner: Get metadata for source tables
2024-04-24T00:55:27,264  INFO [main] HiveMetaStore.audit: ugi=alex	ip=unknown-ip-addr	cmd=get_table : tbl=hive.default.tmp	
2024-04-24T00:55:27,293  INFO [main] metastore.HMSHandler: Skipping translation for processor with null
2024-04-24T00:55:27,293  INFO [main] parse.CalcitePlanner: Get metadata for subqueries
2024-04-24T00:55:27,293  INFO [main] parse.CalcitePlanner: Get metadata for destination tables
2024-04-24T00:55:27,293  INFO [main] HiveMetaStore.audit: ugi=alex	ip=unknown-ip-addr	cmd=get_table : tbl=hive.default.nobuckets	
2024-04-24T00:55:27,300  INFO [main] metastore.HMSHandler: Skipping translation for processor with null
2024-04-24T00:55:27,300  INFO [main] parse.CalcitePlanner: Completed getting MetaData in Semantic Analysis
2024-04-24T00:55:27,300  INFO [main] parse.CalcitePlanner: Disabling LLAP IO encode as ETL query is detected
2024-04-24T00:55:27,313  INFO [main] HiveMetaStore.audit: ugi=alex	ip=unknown-ip-addr	cmd=get_all_table_constraints : tbl=hive.default.tmp	
2024-04-24T00:55:27,339  INFO [main] calcite.RelOptHiveTable: Calculating column statistics for default.tmp, projIndxSet: [0, 1, 2], allowMissingStats: true
2024-04-24T00:55:27,340  INFO [main] HiveMetaStore.audit: ugi=alex	ip=unknown-ip-addr	cmd=get_table_statistics_req: table=hive.default.tmp	
2024-04-24T00:55:27,354  WARN [main] calcite.RelOptHiveTable: No Stats for default@tmp, Columns: c2, c1, c3
No Stats for default@tmp, Columns: c2, c1, c3
2024-04-24T00:55:27,354  INFO [main] SessionState: No Stats for default@tmp, Columns: c2, c1, c3
2024-04-24T00:55:27,395  INFO [main] parse.CalcitePlanner: Get metadata for source tables
2024-04-24T00:55:27,395  INFO [main] parse.CalcitePlanner: Get metadata for subqueries
2024-04-24T00:55:27,395  INFO [main] parse.CalcitePlanner: Get metadata for destination tables
2024-04-24T00:55:27,396  INFO [main] HiveMetaStore.audit: ugi=alex	ip=unknown-ip-addr	cmd=get_table : tbl=hive.default.nobuckets	
2024-04-24T00:55:27,402  INFO [main] metastore.HMSHandler: Skipping translation for processor with null
2024-04-24T00:55:27,404  INFO [main] HiveMetaStore.audit: ugi=alex	ip=unknown-ip-addr	cmd=get_not_null_constraints : tbl=hive.default.nobuckets	
2024-04-24T00:55:27,405  INFO [main] HiveMetaStore.audit: ugi=alex	ip=unknown-ip-addr	cmd=get_check_constraints : tbl=hive.default.nobuckets	
2024-04-24T00:55:27,412  INFO [main] txn.TxnHandler: Allocated writeId: 1 for txnId: 19
2024-04-24T00:55:27,412  INFO [main] txn.TxnHandler: Allocated write ids for dbName=default, tblName=nobuckets (txnIds: [19])
2024-04-24T00:55:27,415  INFO [main] parse.CalcitePlanner: CBO Succeeded; optimized logical plan.
2024-04-24T00:55:27,418  INFO [main] optimizer.BucketVersionPopulator: not considering bucketingVersion for: TS[0] because it has -1<2 buckets 
2024-04-24T00:55:27,418  INFO [main] optimizer.SortedDynPartitionOptimizer: Sorted dynamic partitioning optimization kicked in..
2024-04-24T00:55:27,426  INFO [main] HiveMetaStore.audit: ugi=alex	ip=unknown-ip-addr	cmd=get_table : tbl=hive.default.nobuckets	
2024-04-24T00:55:27,433  INFO [main] metastore.HMSHandler: Skipping translation for processor with null
2024-04-24T00:55:27,434  INFO [main] physical.Vectorizer: Examining input format to see if vectorization is enabled.
2024-04-24T00:55:27,434  INFO [main] physical.Vectorizer: Vectorization is enabled for input format(s) [org.apache.hadoop.hive.ql.io.orc.OrcInputFormat]
2024-04-24T00:55:27,434  INFO [main] physical.Vectorizer: Validating and vectorizing MapWork... (vectorizedVertexNum 0)
2024-04-24T00:55:27,436  INFO [main] physical.Vectorizer: Map vectorization enabled: true
2024-04-24T00:55:27,436  INFO [main] physical.Vectorizer: Map vectorized: true
2024-04-24T00:55:27,436  INFO [main] physical.Vectorizer: Map vectorizedVertexNum: 0
2024-04-24T00:55:27,436  INFO [main] physical.Vectorizer: Map enabledConditionsMet: [hive.vectorized.use.vectorized.input.format IS true]
2024-04-24T00:55:27,436  INFO [main] physical.Vectorizer: Map inputFileFormatClassNameSet: [org.apache.hadoop.hive.ql.io.orc.OrcInputFormat]
2024-04-24T00:55:27,436  INFO [main] parse.CalcitePlanner: Completed plan generation
2024-04-24T00:55:27,436  INFO [main] parse.CalcitePlanner: Ending caching scope for: 
2024-04-24T00:55:27,436  INFO [main] ql.Driver: Semantic Analysis Completed (retrial = false)
2024-04-24T00:55:27,436  INFO [main] ql.Driver: Created Hive schema: Schema(fieldSchemas:[FieldSchema(name:tmp.c1, type:int, comment:null), FieldSchema(name:tmp.c2, type:int, comment:null), FieldSchema(name:tmp.c3, type:int, comment:null)], properties:null)
2024-04-24T00:55:27,436  INFO [main] metadata.Hive: Dumping metastore api call timing information for : compilation phase
2024-04-24T00:55:27,436  INFO [main] metadata.Hive: Total time spent in each metastore function (ms): {isCompatibleWith_(Configuration)=1, allocateTableWriteId_(long, String, String)=7, commitTxn_(CommitTxnRequest)=9, openTxn_(String, TxnType)=2, getCheckConstraints_(CheckConstraintsRequest)=1, getAllTableConstraints_(AllTableConstraintsRequest)=25, getTable_(GetTableRequest)=51, getValidTxns_(long)=0, getTableColumnStatistics_(String, String, List, String)=13, flushCache_()=0, getValidWriteIds_(List, String)=2, getNotNullConstraints_(NotNullConstraintsRequest)=1}
2024-04-24T00:55:27,437  INFO [main] ql.Driver: Completed compiling command(queryId=alex_20240424005527_6355ddb1-dba1-4a5d-84f1-0613b51a8c20); Time taken: 0.179 seconds
2024-04-24T00:55:27,437  INFO [main] lockmgr.DbTxnManager: Setting lock request transaction to txnid:19 for queryId=alex_20240424005527_6355ddb1-dba1-4a5d-84f1-0613b51a8c20
2024-04-24T00:55:27,437  INFO [main] lockmgr.DbLockManager: Requesting lock for queryId=alex_20240424005527_6355ddb1-dba1-4a5d-84f1-0613b51a8c20
2024-04-24T00:55:27,452  INFO [main] lockmgr.DbLockManager: Response to queryId=alex_20240424005527_6355ddb1-dba1-4a5d-84f1-0613b51a8c20 LockResponse(lockid:13, state:ACQUIRED)
2024-04-24T00:55:27,452  INFO [main] ql.Driver: Operation QUERY obtained 1 locks
2024-04-24T00:55:27,454  INFO [main] ql.Driver: Executing command(queryId=alex_20240424005527_6355ddb1-dba1-4a5d-84f1-0613b51a8c20): insert into nobuckets select * from tmp
2024-04-24T00:55:27,455  WARN [main] ql.Driver: Hive-on-MR is deprecated in Hive 2 and may not be available in the future versions. Consider using a different execution engine (i.e. tez, spark) or using Hive 1.X releases.
Query ID = alex_20240424005527_6355ddb1-dba1-4a5d-84f1-0613b51a8c20
2024-04-24T00:55:27,455  INFO [main] ql.Driver: Query ID = alex_20240424005527_6355ddb1-dba1-4a5d-84f1-0613b51a8c20
Total jobs = 1
2024-04-24T00:55:27,455  INFO [main] ql.Driver: Total jobs = 1
Launching Job 1 out of 1
2024-04-24T00:55:27,455  INFO [main] ql.Driver: Launching Job 1 out of 1
2024-04-24T00:55:27,600  INFO [main] ql.Driver: Starting task [Stage-1:MAPRED] in serial mode
Number of reduce tasks is set to 0 since there's no reduce operator
2024-04-24T00:55:27,600  INFO [main] exec.Task: Number of reduce tasks is set to 0 since there's no reduce operator
2024-04-24T00:55:27,603  INFO [main] mr.ExecDriver: Using org.apache.hadoop.hive.ql.io.HiveInputFormat
2024-04-24T00:55:27,603  INFO [main] exec.Utilities: Processing alias tmp
2024-04-24T00:55:27,603  INFO [main] exec.Utilities: Adding 1 inputs; the first input is file:/home/alex/Repositories/hive/ql/target/tmp/org.apache.hadoop.hive.ql.TestTxnNoBuckets-1713945183193/warehouse/tmp
2024-04-24T00:55:27,613  INFO [main] exec.SerializationUtilities: Serializing MapWork using kryo
2024-04-24T00:55:27,614  INFO [main] exec.Utilities: Serialized plan (via FILE) - name: null size: 6,07KB
2024-04-24T00:55:27,615  WARN [main] impl.MetricsSystemImpl: JobTracker metrics system already initialized!
2024-04-24T00:55:27,618  INFO [main] fs.FSStatsPublisher: created : file:/home/alex/Repositories/hive/ql/target/tmp/localscratchdir/2c7a3638-e22a-439d-aa2b-96f820060fca/hive_2024-04-24_00-55-27_257_916226814910233946-1/-mr-10000
2024-04-24T00:55:27,620  WARN [main] impl.MetricsSystemImpl: JobTracker metrics system already initialized!
2024-04-24T00:55:27,627  WARN [main] mapreduce.JobResourceUploader: Hadoop command-line option parsing not performed. Implement the Tool interface and execute your application with ToolRunner to remedy this.
2024-04-24T00:55:27,632  WARN [main] mapreduce.JobResourceUploader: No job jar file set.  User classes may not be found. See Job or Job#setJar(String).
2024-04-24T00:55:27,633  INFO [main] io.HiveInputFormat: hive.io.file.readcolumn.ids = 0,1,2
2024-04-24T00:55:27,633  INFO [main] io.HiveInputFormat: hive.io.file.readcolumn.names = c1,c2,c3
2024-04-24T00:55:27,633  INFO [main] io.HiveInputFormat: Generating splits for dirs: file:/home/alex/Repositories/hive/ql/target/tmp/org.apache.hadoop.hive.ql.TestTxnNoBuckets-1713945183193/warehouse/tmp
2024-04-24T00:55:27,633  INFO [main] orc.OrcInputFormat: getSplits started
2024-04-24T00:55:27,633  INFO [main] orc.OrcInputFormat: Context:: isAcid: false isVectorMode: true sarg: null minSplitSize: 1 maxSplitSize: 256000000 splitStrategy: HYBRID footerInSplits: false numBuckets: 0 numThreads: 10 cacheMemSize: 268435456 cacheStripeDetails: true useSoftReference: false writeIdList: null:9223372036854775807:9223372036854775807:: isTransactionalTable: true txnProperties: default 
2024-04-24T00:55:27,633  INFO [main] orc.OrcInputFormat: ORC pushdown predicate: null
2024-04-24T00:55:27,639  INFO [main] orc.OrcInputFormat: FooterCacheHitRatio: 0/2
2024-04-24T00:55:27,639  INFO [main] orc.OrcInputFormat: getSplits finished (#splits: 2). duration: 6 ms
2024-04-24T00:55:27,639  INFO [main] io.HiveInputFormat: number of splits 2
2024-04-24T00:55:27,657  INFO [main] mapreduce.JobSubmitter: number of splits:2
2024-04-24T00:55:27,676  INFO [main] mapreduce.JobSubmitter: Submitting tokens for job: job_local604265834_0063
2024-04-24T00:55:27,676  INFO [main] mapreduce.JobSubmitter: Executing with tokens: []
2024-04-24T00:55:27,744  INFO [main] mapreduce.Job: The url to track the job: http://localhost:8080/
Job running in-process (local Hadoop)
2024-04-24T00:55:27,744  INFO [main] exec.Task: Job running in-process (local Hadoop)
2024-04-24T00:55:27,745  INFO [Thread-4152] mapred.LocalJobRunner: OutputCommitter set in config org.apache.hadoop.hive.ql.io.HiveFileFormatUtils$NullOutputCommitter
2024-04-24T00:55:27,745  INFO [Thread-4152] mapred.LocalJobRunner: OutputCommitter is org.apache.hadoop.hive.ql.io.HiveFileFormatUtils$NullOutputCommitter
2024-04-24T00:55:27,747  INFO [Thread-4152] mapred.LocalJobRunner: Waiting for map tasks
2024-04-24T00:55:27,747  INFO [LocalJobRunner Map Task Executor #0] mapred.LocalJobRunner: Starting task: attempt_local604265834_0063_m_000000_0
2024-04-24T00:55:27,747  INFO [LocalJobRunner Map Task Executor #0] mapred.Task:  Using ResourceCalculatorProcessTree : [ ]
2024-04-24T00:55:27,748  INFO [LocalJobRunner Map Task Executor #0] mapred.MapTask: Processing split: org.apache.hadoop.hive.ql.io.orc.OrcInputFormat:OrcSplit [file:/home/alex/Repositories/hive/ql/target/tmp/org.apache.hadoop.hive.ql.TestTxnNoBuckets-1713945183193/warehouse/tmp/000000_0, start=0, length=281, isOriginal=true, fileLength=281, hasFooter=false, hasBase=true, deltas=0]
2024-04-24T00:55:27,748  INFO [LocalJobRunner Map Task Executor #0] exec.SerializationUtilities: Deserializing MapWork using kryo
2024-04-24T00:55:27,749  INFO [LocalJobRunner Map Task Executor #0] exec.Utilities: Deserialized plan (via FILE) - name: null size: 6,07KB
2024-04-24T00:55:27,750  INFO [LocalJobRunner Map Task Executor #0] orc.ReaderImpl: Reading ORC rows from file:/home/alex/Repositories/hive/ql/target/tmp/org.apache.hadoop.hive.ql.TestTxnNoBuckets-1713945183193/warehouse/tmp/000000_0 with {include: [true, true, true, true], offset: 0, length: 281, schema: struct<c1:int,c2:int,c3:int>, includeAcidColumns: true}
2024-04-24T00:55:27,751  INFO [LocalJobRunner Map Task Executor #0] mapred.MapTask: numReduceTasks: 0
2024-04-24T00:55:27,751  INFO [LocalJobRunner Map Task Executor #0] vector.VectorMapOperator: Initializing Operator: MAP[0]
2024-04-24T00:55:27,751  INFO [LocalJobRunner Map Task Executor #0] mr.ExecMapper: 
<MAP>Id =0
  <Children>null
  <\Children>
  <Parent><\Parent>
<\MAP>
2024-04-24T00:55:27,752  INFO [LocalJobRunner Map Task Executor #0] exec.TableScanOperator: Initializing Operator: TS[0]
2024-04-24T00:55:27,752  INFO [LocalJobRunner Map Task Executor #0] vector.VectorSelectOperator: Initializing Operator: SEL[3]
2024-04-24T00:55:27,752  INFO [LocalJobRunner Map Task Executor #0] vector.VectorFileSinkOperator: Initializing Operator: FS[4]
2024-04-24T00:55:27,753  INFO [LocalJobRunner Map Task Executor #0] exec.FileSinkOperator: Using serializer : AbstractSerDe [log=org.apache.logging.slf4j.Log4jLogger@22a08b61, configuration=Optional[Configuration: core-default.xml, core-site.xml, mapred-default.xml, mapred-site.xml, yarn-default.xml, yarn-site.xml, hdfs-default.xml, hdfs-site.xml, file:/home/alex/Repositories/hive/ql/target/tmp/TestTxnNoBucketsVectorized/mapred/local/localRunner/alex/job_local604265834_0063/job_local604265834_0063.xml], properties={transactional_properties=default, name=default.nobuckets, transactional=true, columns.types=int:int:int, columns=c1,c2,c3, numFilesErasureCoded=0, columns.comments=&amp#0;&amp#0;, bucketing_version=2, serialization.lib=org.apache.hadoop.hive.ql.io.orc.OrcSerde, file.inputformat=org.apache.hadoop.hive.ql.io.orc.OrcInputFormat, file.outputformat=org.apache.hadoop.hive.ql.io.orc.OrcOutputFormat, location=file:/home/alex/Repositories/hive/ql/target/tmp/org.apache.hadoop.hive.ql.TestTxnNoBuckets-1713945183193/warehouse/nobuckets, column.name.delimiter=,}, tableProperties={transactional_properties=default, name=default.nobuckets, transactional=true, columns.types=int:int:int, columns=c1,c2,c3, numFilesErasureCoded=0, columns.comments=&amp#0;&amp#0;, bucketing_version=2, serialization.lib=org.apache.hadoop.hive.ql.io.orc.OrcSerde, file.inputformat=org.apache.hadoop.hive.ql.io.orc.OrcInputFormat, location=file:/home/alex/Repositories/hive/ql/target/tmp/org.apache.hadoop.hive.ql.TestTxnNoBuckets-1713945183193/warehouse/nobuckets, file.outputformat=org.apache.hadoop.hive.ql.io.orc.OrcOutputFormat, column.name.delimiter=,}, partitionProperties=Optional.empty, columnNames=[c1, c2, c3], columnTypes=[int, int, int], getClass()=class org.apache.hadoop.hive.ql.io.orc.OrcSerde] and formatter : org.apache.hadoop.hive.ql.io.orc.OrcOutputFormat@382fc7d4
2024-04-24T00:55:27,753  INFO [LocalJobRunner Map Task Executor #0] exec.FileSinkOperator: Final Path: FS file:/home/alex/Repositories/hive/ql/target/tmp/org.apache.hadoop.hive.ql.TestTxnNoBuckets-1713945183193/warehouse/nobuckets
2024-04-24T00:55:27,753  INFO [LocalJobRunner Map Task Executor #0] exec.FileSinkOperator: New Final Path: FS file:/home/alex/Repositories/hive/ql/target/tmp/org.apache.hadoop.hive.ql.TestTxnNoBuckets-1713945183193/warehouse/nobuckets
2024-04-24T00:55:27,753  INFO [LocalJobRunner Map Task Executor #0] common.FileUtils: Creating directory if it doesn't exist: file:/home/alex/Repositories/hive/ql/target/tmp/org.apache.hadoop.hive.ql.TestTxnNoBuckets-1713945183193/warehouse
2024-04-24T00:55:27,754  INFO [LocalJobRunner Map Task Executor #0] exec.FileSinkOperator: FS[4]: records written - 1
2024-04-24T00:55:27,754  INFO [LocalJobRunner Map Task Executor #0] impl.PhysicalFsWriter: ORC writer created for path: file:/home/alex/Repositories/hive/ql/target/tmp/org.apache.hadoop.hive.ql.TestTxnNoBuckets-1713945183193/warehouse/nobuckets/delta_0000001_0000001_0000/bucket_00000_0 with stripeSize: 8388608 blockSize: 268435456 compression: Compress: ZLIB buffer: 32768
2024-04-24T00:55:27,761  INFO [LocalJobRunner Map Task Executor #0] impl.WriterImpl: ORC writer created for path: file:/home/alex/Repositories/hive/ql/target/tmp/org.apache.hadoop.hive.ql.TestTxnNoBuckets-1713945183193/warehouse/nobuckets/delta_0000001_0000001_0000/bucket_00000_0 with stripeSize: 8388608 options: Compress: ZLIB buffer: 32768
2024-04-24T00:55:27,766  INFO [LocalJobRunner Map Task Executor #0] vector.VectorMapOperator: Closing Operator: MAP[0]
2024-04-24T00:55:27,766  INFO [LocalJobRunner Map Task Executor #0] vector.VectorMapOperator: DESERIALIZE_ERRORS:0, RECORDS_OUT_INTERMEDIATE:0, RECORDS_IN:2, RECORDS_OUT_OPERATOR_MAP_0:0, 
2024-04-24T00:55:27,766  INFO [LocalJobRunner Map Task Executor #0] exec.TableScanOperator: Closing Operator: TS[0]
2024-04-24T00:55:27,766  INFO [LocalJobRunner Map Task Executor #0] exec.TableScanOperator: RECORDS_OUT_INTERMEDIATE:0, RECORDS_OUT_OPERATOR_TS_0:2, 
2024-04-24T00:55:27,766  INFO [LocalJobRunner Map Task Executor #0] vector.VectorSelectOperator: Closing Operator: SEL[3]
2024-04-24T00:55:27,766  INFO [LocalJobRunner Map Task Executor #0] vector.VectorSelectOperator: RECORDS_OUT_OPERATOR_SEL_3:2, RECORDS_OUT_INTERMEDIATE:0, 
2024-04-24T00:55:27,766  INFO [LocalJobRunner Map Task Executor #0] vector.VectorFileSinkOperator: Closing Operator: FS[4]
2024-04-24T00:55:27,766  INFO [LocalJobRunner Map Task Executor #0] exec.FileSinkOperator: FS[4]: records written - 2
2024-04-24T00:55:27,768  INFO [LocalJobRunner Map Task Executor #0] FileOperations: Writing manifest to file:/home/alex/Repositories/hive/ql/target/tmp/org.apache.hadoop.hive.ql.TestTxnNoBuckets-1713945183193/warehouse/nobuckets/_tmp.delta_0000001_0000001_0000/000000_0.manifest with [file:/home/alex/Repositories/hive/ql/target/tmp/org.apache.hadoop.hive.ql.TestTxnNoBuckets-1713945183193/warehouse/nobuckets/delta_0000001_0000001_0000/bucket_00000_0]
2024-04-24T00:55:27,779  INFO [LocalJobRunner Map Task Executor #0] vector.VectorFileSinkOperator: RECORDS_OUT_OPERATOR_FS_4:2, RECORDS_OUT_INTERMEDIATE:0, RECORDS_OUT_1_default.nobuckets:2, TOTAL_TABLE_ROWS_WRITTEN:2, 
2024-04-24T00:55:27,780  INFO [LocalJobRunner Map Task Executor #0] mapred.LocalJobRunner: 
2024-04-24T00:55:27,780  INFO [LocalJobRunner Map Task Executor #0] mapred.Task: Task:attempt_local604265834_0063_m_000000_0 is done. And is in the process of committing
2024-04-24T00:55:27,780  INFO [LocalJobRunner Map Task Executor #0] mapred.LocalJobRunner: OrcSplit [file:/home/alex/Repositories/hive/ql/target/tmp/org.apache.hadoop.hive.ql.TestTxnNoBuckets-1713945183193/warehouse/tmp/000000_0, start=0, length=281, isOriginal=true, fileLength=281, hasFooter=false, hasBase=true, deltas=0]
2024-04-24T00:55:27,780  INFO [LocalJobRunner Map Task Executor #0] mapred.Task: Task 'attempt_local604265834_0063_m_000000_0' done.
2024-04-24T00:55:27,780  INFO [LocalJobRunner Map Task Executor #0] mapred.Task: Final Counters for attempt_local604265834_0063_m_000000_0: Counters: 25
	File System Counters
		FILE: Number of bytes read=1595685
		FILE: Number of bytes written=75800316
		FILE: Number of read operations=0
		FILE: Number of large read operations=0
		FILE: Number of write operations=0
	Map-Reduce Framework
		Map input records=1
		Map output records=0
		Input split bytes=455
		Spilled Records=0
		Failed Shuffles=0
		Merged Map outputs=0
		GC time elapsed (ms)=0
		Total committed heap usage (bytes)=1393557504
	HIVE
		CREATED_FILES=1
		DESERIALIZE_ERRORS=0
		RECORDS_IN=2
		RECORDS_OUT_1_default.nobuckets=2
		RECORDS_OUT_INTERMEDIATE=0
		RECORDS_OUT_OPERATOR_FS_4=2
		RECORDS_OUT_OPERATOR_MAP_0=0
		RECORDS_OUT_OPERATOR_SEL_3=2
		RECORDS_OUT_OPERATOR_TS_0=2
		TOTAL_TABLE_ROWS_WRITTEN=2
	File Input Format Counters 
		Bytes Read=7315
	File Output Format Counters 
		Bytes Written=0
2024-04-24T00:55:27,780  INFO [LocalJobRunner Map Task Executor #0] mapred.LocalJobRunner: Finishing task: attempt_local604265834_0063_m_000000_0
2024-04-24T00:55:27,780  INFO [LocalJobRunner Map Task Executor #0] mapred.LocalJobRunner: Starting task: attempt_local604265834_0063_m_000001_0
2024-04-24T00:55:27,781  INFO [LocalJobRunner Map Task Executor #0] mapred.Task:  Using ResourceCalculatorProcessTree : [ ]
2024-04-24T00:55:27,781  INFO [LocalJobRunner Map Task Executor #0] mapred.MapTask: Processing split: org.apache.hadoop.hive.ql.io.orc.OrcInputFormat:OrcSplit [file:/home/alex/Repositories/hive/ql/target/tmp/org.apache.hadoop.hive.ql.TestTxnNoBuckets-1713945183193/warehouse/tmp/000000_0_copy_1, start=0, length=281, isOriginal=true, fileLength=281, hasFooter=false, hasBase=true, deltas=0]
2024-04-24T00:55:27,782  INFO [LocalJobRunner Map Task Executor #0] exec.SerializationUtilities: Deserializing MapWork using kryo
2024-04-24T00:55:27,782  INFO [LocalJobRunner Map Task Executor #0] exec.Utilities: Deserialized plan (via FILE) - name: null size: 6,07KB
2024-04-24T00:55:27,783  INFO [LocalJobRunner Map Task Executor #0] orc.ReaderImpl: Reading ORC rows from file:/home/alex/Repositories/hive/ql/target/tmp/org.apache.hadoop.hive.ql.TestTxnNoBuckets-1713945183193/warehouse/tmp/000000_0_copy_1 with {include: [true, true, true, true], offset: 0, length: 281, schema: struct<c1:int,c2:int,c3:int>, includeAcidColumns: true}
2024-04-24T00:55:27,784  INFO [LocalJobRunner Map Task Executor #0] mapred.MapTask: numReduceTasks: 0
2024-04-24T00:55:27,784  INFO [LocalJobRunner Map Task Executor #0] vector.VectorMapOperator: Initializing Operator: MAP[0]
2024-04-24T00:55:27,784  INFO [LocalJobRunner Map Task Executor #0] mr.ExecMapper: 
<MAP>Id =0
  <Children>null
  <\Children>
  <Parent><\Parent>
<\MAP>
2024-04-24T00:55:27,785  INFO [LocalJobRunner Map Task Executor #0] exec.TableScanOperator: Initializing Operator: TS[0]
2024-04-24T00:55:27,785  INFO [LocalJobRunner Map Task Executor #0] vector.VectorSelectOperator: Initializing Operator: SEL[3]
2024-04-24T00:55:27,785  INFO [LocalJobRunner Map Task Executor #0] vector.VectorFileSinkOperator: Initializing Operator: FS[4]
2024-04-24T00:55:27,786  INFO [LocalJobRunner Map Task Executor #0] exec.FileSinkOperator: Using serializer : AbstractSerDe [log=org.apache.logging.slf4j.Log4jLogger@22a08b61, configuration=Optional[Configuration: core-default.xml, core-site.xml, mapred-default.xml, mapred-site.xml, yarn-default.xml, yarn-site.xml, hdfs-default.xml, hdfs-site.xml, file:/home/alex/Repositories/hive/ql/target/tmp/TestTxnNoBucketsVectorized/mapred/local/localRunner/alex/job_local604265834_0063/job_local604265834_0063.xml], properties={transactional_properties=default, name=default.nobuckets, transactional=true, columns.types=int:int:int, columns=c1,c2,c3, numFilesErasureCoded=0, columns.comments=&amp#0;&amp#0;, bucketing_version=2, serialization.lib=org.apache.hadoop.hive.ql.io.orc.OrcSerde, file.inputformat=org.apache.hadoop.hive.ql.io.orc.OrcInputFormat, file.outputformat=org.apache.hadoop.hive.ql.io.orc.OrcOutputFormat, location=file:/home/alex/Repositories/hive/ql/target/tmp/org.apache.hadoop.hive.ql.TestTxnNoBuckets-1713945183193/warehouse/nobuckets, column.name.delimiter=,}, tableProperties={transactional_properties=default, name=default.nobuckets, transactional=true, columns.types=int:int:int, columns=c1,c2,c3, numFilesErasureCoded=0, columns.comments=&amp#0;&amp#0;, bucketing_version=2, serialization.lib=org.apache.hadoop.hive.ql.io.orc.OrcSerde, file.inputformat=org.apache.hadoop.hive.ql.io.orc.OrcInputFormat, location=file:/home/alex/Repositories/hive/ql/target/tmp/org.apache.hadoop.hive.ql.TestTxnNoBuckets-1713945183193/warehouse/nobuckets, file.outputformat=org.apache.hadoop.hive.ql.io.orc.OrcOutputFormat, column.name.delimiter=,}, partitionProperties=Optional.empty, columnNames=[c1, c2, c3], columnTypes=[int, int, int], getClass()=class org.apache.hadoop.hive.ql.io.orc.OrcSerde] and formatter : org.apache.hadoop.hive.ql.io.orc.OrcOutputFormat@339d786
2024-04-24T00:55:27,786  INFO [LocalJobRunner Map Task Executor #0] exec.FileSinkOperator: Final Path: FS file:/home/alex/Repositories/hive/ql/target/tmp/org.apache.hadoop.hive.ql.TestTxnNoBuckets-1713945183193/warehouse/nobuckets
2024-04-24T00:55:27,786  INFO [LocalJobRunner Map Task Executor #0] exec.FileSinkOperator: New Final Path: FS file:/home/alex/Repositories/hive/ql/target/tmp/org.apache.hadoop.hive.ql.TestTxnNoBuckets-1713945183193/warehouse/nobuckets
2024-04-24T00:55:27,786  INFO [LocalJobRunner Map Task Executor #0] common.FileUtils: Creating directory if it doesn't exist: file:/home/alex/Repositories/hive/ql/target/tmp/org.apache.hadoop.hive.ql.TestTxnNoBuckets-1713945183193/warehouse
2024-04-24T00:55:27,787  INFO [LocalJobRunner Map Task Executor #0] exec.FileSinkOperator: FS[4]: records written - 1
2024-04-24T00:55:27,787  INFO [LocalJobRunner Map Task Executor #0] impl.PhysicalFsWriter: ORC writer created for path: file:/home/alex/Repositories/hive/ql/target/tmp/org.apache.hadoop.hive.ql.TestTxnNoBuckets-1713945183193/warehouse/nobuckets/delta_0000001_0000001_0000/bucket_00001_0 with stripeSize: 8388608 blockSize: 268435456 compression: Compress: ZLIB buffer: 32768
2024-04-24T00:55:27,792  INFO [LocalJobRunner Map Task Executor #0] impl.WriterImpl: ORC writer created for path: file:/home/alex/Repositories/hive/ql/target/tmp/org.apache.hadoop.hive.ql.TestTxnNoBuckets-1713945183193/warehouse/nobuckets/delta_0000001_0000001_0000/bucket_00001_0 with stripeSize: 8388608 options: Compress: ZLIB buffer: 32768
2024-04-24T00:55:27,792  INFO [LocalJobRunner Map Task Executor #0] vector.VectorMapOperator: Closing Operator: MAP[0]
2024-04-24T00:55:27,792  INFO [LocalJobRunner Map Task Executor #0] vector.VectorMapOperator: RECORDS_IN:2, RECORDS_OUT_INTERMEDIATE:0, DESERIALIZE_ERRORS:0, RECORDS_OUT_OPERATOR_MAP_0:0, 
2024-04-24T00:55:27,792  INFO [LocalJobRunner Map Task Executor #0] exec.TableScanOperator: Closing Operator: TS[0]
2024-04-24T00:55:27,792  INFO [LocalJobRunner Map Task Executor #0] exec.TableScanOperator: RECORDS_OUT_OPERATOR_TS_0:2, RECORDS_OUT_INTERMEDIATE:0, 
2024-04-24T00:55:27,792  INFO [LocalJobRunner Map Task Executor #0] vector.VectorSelectOperator: Closing Operator: SEL[3]
2024-04-24T00:55:27,792  INFO [LocalJobRunner Map Task Executor #0] vector.VectorSelectOperator: RECORDS_OUT_INTERMEDIATE:0, RECORDS_OUT_OPERATOR_SEL_3:2, 
2024-04-24T00:55:27,792  INFO [LocalJobRunner Map Task Executor #0] vector.VectorFileSinkOperator: Closing Operator: FS[4]
2024-04-24T00:55:27,792  INFO [LocalJobRunner Map Task Executor #0] exec.FileSinkOperator: FS[4]: records written - 2
2024-04-24T00:55:27,794  INFO [LocalJobRunner Map Task Executor #0] FileOperations: Writing manifest to file:/home/alex/Repositories/hive/ql/target/tmp/org.apache.hadoop.hive.ql.TestTxnNoBuckets-1713945183193/warehouse/nobuckets/_tmp.delta_0000001_0000001_0000/000001_0.manifest with [file:/home/alex/Repositories/hive/ql/target/tmp/org.apache.hadoop.hive.ql.TestTxnNoBuckets-1713945183193/warehouse/nobuckets/delta_0000001_0000001_0000/bucket_00001_0]
2024-04-24T00:55:27,803  INFO [LocalJobRunner Map Task Executor #0] vector.VectorFileSinkOperator: RECORDS_OUT_OPERATOR_FS_4:2, RECORDS_OUT_1_default.nobuckets:2, TOTAL_TABLE_ROWS_WRITTEN:2, RECORDS_OUT_INTERMEDIATE:0, 
2024-04-24T00:55:27,803  INFO [LocalJobRunner Map Task Executor #0] mapred.LocalJobRunner: 
2024-04-24T00:55:27,803  INFO [LocalJobRunner Map Task Executor #0] mapred.Task: Task:attempt_local604265834_0063_m_000001_0 is done. And is in the process of committing
2024-04-24T00:55:27,804  INFO [LocalJobRunner Map Task Executor #0] mapred.LocalJobRunner: OrcSplit [file:/home/alex/Repositories/hive/ql/target/tmp/org.apache.hadoop.hive.ql.TestTxnNoBuckets-1713945183193/warehouse/tmp/000000_0_copy_1, start=0, length=281, isOriginal=true, fileLength=281, hasFooter=false, hasBase=true, deltas=0]
2024-04-24T00:55:27,804  INFO [LocalJobRunner Map Task Executor #0] mapred.Task: Task 'attempt_local604265834_0063_m_000001_0' done.
2024-04-24T00:55:27,804  INFO [LocalJobRunner Map Task Executor #0] mapred.Task: Final Counters for attempt_local604265834_0063_m_000001_0: Counters: 25
	File System Counters
		FILE: Number of bytes read=1603941
		FILE: Number of bytes written=75801381
		FILE: Number of read operations=0
		FILE: Number of large read operations=0
		FILE: Number of write operations=0
	Map-Reduce Framework
		Map input records=1
		Map output records=0
		Input split bytes=463
		Spilled Records=0
		Failed Shuffles=0
		Merged Map outputs=0
		GC time elapsed (ms)=0
		Total committed heap usage (bytes)=1393557504
	HIVE
		CREATED_FILES=1
		DESERIALIZE_ERRORS=0
		RECORDS_IN=2
		RECORDS_OUT_1_default.nobuckets=2
		RECORDS_OUT_INTERMEDIATE=0
		RECORDS_OUT_OPERATOR_FS_4=2
		RECORDS_OUT_OPERATOR_MAP_0=0
		RECORDS_OUT_OPERATOR_SEL_3=2
		RECORDS_OUT_OPERATOR_TS_0=2
		TOTAL_TABLE_ROWS_WRITTEN=2
	File Input Format Counters 
		Bytes Read=7315
	File Output Format Counters 
		Bytes Written=0
2024-04-24T00:55:27,804  INFO [LocalJobRunner Map Task Executor #0] mapred.LocalJobRunner: Finishing task: attempt_local604265834_0063_m_000001_0
2024-04-24T00:55:27,804  INFO [Thread-4152] mapred.LocalJobRunner: map task executor complete.
2024-04-24 00:55:28,746 Stage-1 map = 100%,  reduce = 0%
2024-04-24T00:55:28,746  INFO [main] exec.Task: 2024-04-24 00:55:28,746 Stage-1 map = 100%,  reduce = 0%
Ended Job = job_local604265834_0063
2024-04-24T00:55:28,747  INFO [main] exec.Task: Ended Job = job_local604265834_0063
2024-04-24T00:55:28,749  INFO [main] FileOperations: Found manifest file file:/home/alex/Repositories/hive/ql/target/tmp/org.apache.hadoop.hive.ql.TestTxnNoBuckets-1713945183193/warehouse/nobuckets/_tmp.delta_0000001_0000001_0000/000001_0.manifest with attemptId 0.
2024-04-24T00:55:28,750  INFO [main] FileOperations: Found manifest file file:/home/alex/Repositories/hive/ql/target/tmp/org.apache.hadoop.hive.ql.TestTxnNoBuckets-1713945183193/warehouse/nobuckets/_tmp.delta_0000001_0000001_0000/000000_0.manifest with attemptId 0.
2024-04-24T00:55:28,750  INFO [main] FileOperations: Looking at manifest file: file:/home/alex/Repositories/hive/ql/target/tmp/org.apache.hadoop.hive.ql.TestTxnNoBuckets-1713945183193/warehouse/nobuckets/_tmp.delta_0000001_0000001_0000/000001_0.manifest
2024-04-24T00:55:28,751  INFO [main] FileOperations: Looking at manifest file: file:/home/alex/Repositories/hive/ql/target/tmp/org.apache.hadoop.hive.ql.TestTxnNoBuckets-1713945183193/warehouse/nobuckets/_tmp.delta_0000001_0000001_0000/000000_0.manifest
2024-04-24T00:55:28,751  INFO [main] FileOperations: Deleting manifest directory file:/home/alex/Repositories/hive/ql/target/tmp/org.apache.hadoop.hive.ql.TestTxnNoBuckets-1713945183193/warehouse/nobuckets/_tmp.delta_0000001_0000001_0000
2024-04-24T00:55:28,752  INFO [main] ql.Driver: Starting task [Stage-0:MOVE] in serial mode
Loading data to table default.nobuckets
2024-04-24T00:55:28,752  INFO [main] exec.Task: Loading data to table default.nobuckets from file:/home/alex/Repositories/hive/ql/target/tmp/org.apache.hadoop.hive.ql.TestTxnNoBuckets-1713945183193/warehouse/nobuckets
2024-04-24T00:55:28,752  INFO [main] HiveMetaStore.audit: ugi=alex	ip=unknown-ip-addr	cmd=get_table : tbl=hive.default.nobuckets	
2024-04-24T00:55:28,759  INFO [main] metastore.HMSHandler: Skipping translation for processor with null
2024-04-24T00:55:28,759  INFO [main] HiveMetaStore.audit: ugi=alex	ip=unknown-ip-addr	cmd=get_table : tbl=hive.default.nobuckets	
2024-04-24T00:55:28,766  INFO [main] metastore.HMSHandler: Skipping translation for processor with null
2024-04-24T00:55:28,766  INFO [main] HiveMetaStore.audit: ugi=alex	ip=unknown-ip-addr	cmd=alter_table: hive.default.nobuckets newtbl=nobuckets	
2024-04-24T00:55:28,790  INFO [main] ql.Driver: Starting task [Stage-2:STATS] in serial mode
2024-04-24T00:55:28,791  INFO [main] HiveMetaStore.audit: ugi=alex	ip=unknown-ip-addr	cmd=get_table : tbl=hive.default.nobuckets	
2024-04-24T00:55:28,797  INFO [main] metastore.HMSHandler: Skipping translation for processor with null
2024-04-24T00:55:28,797  INFO [main] stats.BasicStatsTask: Executing stats task
2024-04-24T00:55:28,797  INFO [main] fs.FSStatsPublisher: created : file:/home/alex/Repositories/hive/ql/target/tmp/localscratchdir/2c7a3638-e22a-439d-aa2b-96f820060fca/hive_2024-04-24_00-55-27_257_916226814910233946-1/-mr-10000
2024-04-24T00:55:28,799  INFO [main] HiveMetaStore.audit: ugi=alex	ip=unknown-ip-addr	cmd=get_table : tbl=hive.default.nobuckets	
2024-04-24T00:55:28,805  INFO [main] metastore.HMSHandler: Skipping translation for processor with null
2024-04-24T00:55:28,816  WARN [main] FileOperations: Computing stats for an ACID table; stats may be inaccurate
2024-04-24T00:55:28,816  INFO [main] FileOperations: Read stats for default.nobuckets/, numRows, true, 4, false: 
2024-04-24T00:55:28,816  INFO [main] FileOperations: Read stats for default.nobuckets/, rawDataSize, true, 0, false: 
2024-04-24T00:55:28,817  INFO [main] HiveMetaStore.audit: ugi=alex	ip=unknown-ip-addr	cmd=alter_table: hive.default.nobuckets newtbl=nobuckets	
2024-04-24T00:55:28,851  INFO [main] FileOperations: Read stats for default.nobuckets/, insertCount, true, 4, false: 
2024-04-24T00:55:28,851  INFO [main] FileOperations: Read stats for default.nobuckets/, updateCount, true, 0, false: 
2024-04-24T00:55:28,851  INFO [main] FileOperations: Read stats for default.nobuckets/, deleteCount, true, 0, false: 
2024-04-24T00:55:28,853  INFO [main] stats.BasicStatsTask: Table default.nobuckets stats: [numFiles=2, numRows=4, totalSize=1443, rawDataSize=0, numFilesErasureCoded=0]
2024-04-24T00:55:28,854  INFO [main] metadata.Hive: Dumping metastore api call timing information for : execution phase
2024-04-24T00:55:28,854  INFO [main] metadata.Hive: Total time spent in each metastore function (ms): {getTable_(GetTableRequest)=26, isCompatibleWith_(Configuration)=0, updateTransactionalStatistics_(UpdateTransactionalStatsRequest)=2, alter_table_(String, String, String, Table, EnvironmentContext, String)=58}
MapReduce Jobs Launched: 
2024-04-24T00:55:28,854  INFO [main] ql.Driver: MapReduce Jobs Launched: 
Stage-Stage-1:  HDFS Read: 0 HDFS Write: 0 SUCCESS
2024-04-24T00:55:28,854  INFO [main] ql.Driver: Stage-Stage-1:  HDFS Read: 0 HDFS Write: 0 SUCCESS
Total MapReduce CPU Time Spent: 0 msec
2024-04-24T00:55:28,854  INFO [main] ql.Driver: Total MapReduce CPU Time Spent: 0 msec
2024-04-24T00:55:28,854  INFO [main] ql.Driver: Completed executing command(queryId=alex_20240424005527_6355ddb1-dba1-4a5d-84f1-0613b51a8c20); Time taken: 1.4 seconds
2024-04-24T00:55:28,854  INFO [main] lockmgr.DbTxnManager: Stopped heartbeat for query: alex_20240424005527_6355ddb1-dba1-4a5d-84f1-0613b51a8c20
2024-04-24T00:55:28,863  INFO [main] txn.TxnHandler: Removed transactions: ([19]) from MIN_HISTORY_LEVEL
2024-04-24T00:55:28,863  WARN [main] txn.CompactionTxnHandler: No compaction queue record found for Compaction type transaction commit. txnId:19
2024-04-24T00:55:28,864  INFO [main] ql.TxnCommandsBaseForTests: Running the query: select ROW__ID, c1, c2, c3, INPUT__FILE__NAME from nobuckets order by ROW__ID
2024-04-24T00:55:28,864  INFO [main] ql.Context: Deleting scratch dir: file:/home/alex/Repositories/hive/ql/target/tmp/localscratchdir/2c7a3638-e22a-439d-aa2b-96f820060fca/hive_2024-04-24_00-55-27_257_916226814910233946-1
2024-04-24T00:55:28,864  INFO [main] cleanup.SyncCleanupService: Deleted directory: file:/home/alex/Repositories/hive/ql/target/tmp/localscratchdir/2c7a3638-e22a-439d-aa2b-96f820060fca/hive_2024-04-24_00-55-27_257_916226814910233946-1 on fs with scheme file
2024-04-24T00:55:28,865  INFO [main] ql.Driver: Compiling command(queryId=alex_20240424005528_fd68e763-d0d9-49a5-afb9-b0ff8efa114b): select ROW__ID, c1, c2, c3, INPUT__FILE__NAME from nobuckets order by ROW__ID
2024-04-24T00:55:28,867  INFO [main] txn.TxnHandler: Added entries to MIN_HISTORY_LEVEL for current txns: ([20]) with min_open_txn: 20
2024-04-24T00:55:28,867  INFO [main] lockmgr.DbTxnManager: Opened txnid:20
2024-04-24T00:55:28,868  INFO [main] parse.CalcitePlanner: Starting caching scope for: 
2024-04-24T00:55:28,868  INFO [main] parse.CalcitePlanner: Starting Semantic Analysis
2024-04-24T00:55:28,870  INFO [main] parse.CalcitePlanner: Completed phase 1 of Semantic Analysis
2024-04-24T00:55:28,870  INFO [main] parse.CalcitePlanner: Get metadata for source tables
2024-04-24T00:55:28,870  INFO [main] HiveMetaStore.audit: ugi=alex	ip=unknown-ip-addr	cmd=get_table : tbl=hive.default.nobuckets	
2024-04-24T00:55:28,877  INFO [main] metastore.HMSHandler: Skipping translation for processor with null
2024-04-24T00:55:28,877  INFO [main] parse.CalcitePlanner: Get metadata for subqueries
2024-04-24T00:55:28,877  INFO [main] parse.CalcitePlanner: Get metadata for destination tables
2024-04-24T00:55:28,877  INFO [main] parse.CalcitePlanner: Completed getting MetaData in Semantic Analysis
2024-04-24T00:55:28,890  INFO [main] HiveMetaStore.audit: ugi=alex	ip=unknown-ip-addr	cmd=get_all_table_constraints : tbl=hive.default.nobuckets	
2024-04-24T00:55:28,900  INFO [main] calcite.RelOptHiveTable: Calculating column statistics for default.nobuckets, projIndxSet: [0, 1, 2], allowMissingStats: true
2024-04-24T00:55:28,900  INFO [main] HiveMetaStore.audit: ugi=alex	ip=unknown-ip-addr	cmd=get_table_statistics_req: table=hive.default.nobuckets	
2024-04-24T00:55:28,910  WARN [main] calcite.RelOptHiveTable: No Stats for default@nobuckets, Columns: c2, c1, c3
No Stats for default@nobuckets, Columns: c2, c1, c3
2024-04-24T00:55:28,910  INFO [main] SessionState: No Stats for default@nobuckets, Columns: c2, c1, c3
2024-04-24T00:55:28,951  INFO [main] parse.CalcitePlanner: Get metadata for source tables
2024-04-24T00:55:28,951  INFO [main] parse.CalcitePlanner: Get metadata for subqueries
2024-04-24T00:55:28,951  INFO [main] parse.CalcitePlanner: Get metadata for destination tables
2024-04-24T00:55:28,953  INFO [main] common.FileUtils: Creating directory if it doesn't exist: file:/home/alex/Repositories/hive/ql/target/tmp/localscratchdir/2c7a3638-e22a-439d-aa2b-96f820060fca/hive_2024-04-24_00-55-28_865_6594075101400844852-1/-mr-10001/.hive-staging_hive_2024-04-24_00-55-28_865_6594075101400844852-1
2024-04-24T00:55:28,960  INFO [main] parse.CalcitePlanner: CBO Succeeded; optimized logical plan.
2024-04-24T00:55:28,963  INFO [main] optimizer.ColumnPrunerProcFactory: RS 2 oldColExprMap: {VALUE._col0=Column[_col1], VALUE._col1=Column[_col2], VALUE._col3=Column[_col4], VALUE._col2=Column[_col3], KEY.reducesinkkey0=Column[_col0]}
2024-04-24T00:55:28,963  INFO [main] optimizer.ColumnPrunerProcFactory: RS 2 newColExprMap: {VALUE._col3=Column[_col4], VALUE._col2=Column[_col3], KEY.reducesinkkey0=Column[_col0], VALUE._col1=Column[_col2], VALUE._col0=Column[_col1]}
2024-04-24T00:55:28,964  INFO [main] optimizer.BucketVersionPopulator: not considering bucketingVersion for: TS[0] because it has -1<2 buckets 
2024-04-24T00:55:28,964  INFO [main] optimizer.SortedDynPartitionOptimizer: Sorted dynamic partitioning optimization kicked in..
2024-04-24T00:55:28,973  INFO [main] physical.Vectorizer: Examining input format to see if vectorization is enabled.
2024-04-24T00:55:28,973  INFO [main] physical.Vectorizer: Vectorization is enabled for input format(s) [org.apache.hadoop.hive.ql.io.orc.OrcInputFormat]
2024-04-24T00:55:28,973  INFO [main] physical.Vectorizer: Validating and vectorizing MapWork... (vectorizedVertexNum 0)
2024-04-24T00:55:28,974  INFO [main] physical.Vectorizer: Map vectorization enabled: true
2024-04-24T00:55:28,974  INFO [main] physical.Vectorizer: Map vectorized: false
2024-04-24T00:55:28,974  INFO [main] physical.Vectorizer: Map notVectorizedReason: Select expression for SELECT operator: Virtual column INPUT__FILE__NAME is not supported
2024-04-24T00:55:28,974  INFO [main] physical.Vectorizer: Map vectorizedVertexNum: 0
2024-04-24T00:55:28,974  INFO [main] physical.Vectorizer: Map enabledConditionsMet: [hive.vectorized.use.vectorized.input.format IS true]
2024-04-24T00:55:28,974  INFO [main] physical.Vectorizer: Map inputFileFormatClassNameSet: [org.apache.hadoop.hive.ql.io.orc.OrcInputFormat]
2024-04-24T00:55:28,974  INFO [main] physical.Vectorizer: Reduce vectorization enabled: false
2024-04-24T00:55:28,974  INFO [main] physical.Vectorizer: Reduce vectorized: false
2024-04-24T00:55:28,974  INFO [main] physical.Vectorizer: Reduce vectorizedVertexNum: 1
2024-04-24T00:55:28,974  INFO [main] physical.Vectorizer: Reducer hive.vectorized.execution.reduce.enabled: true
2024-04-24T00:55:28,974  INFO [main] physical.Vectorizer: Reducer engine: mr
2024-04-24T00:55:28,974  INFO [main] parse.CalcitePlanner: Completed plan generation
2024-04-24T00:55:28,974  INFO [main] parse.CalcitePlanner: Ending caching scope for: 
2024-04-24T00:55:28,974  INFO [main] ql.Driver: Semantic Analysis Completed (retrial = false)
2024-04-24T00:55:28,974  INFO [main] ql.Driver: Created Hive schema: Schema(fieldSchemas:[FieldSchema(name:row__id, type:struct<writeid:bigint,bucketid:int,rowid:bigint>, comment:null), FieldSchema(name:c1, type:int, comment:null), FieldSchema(name:c2, type:int, comment:null), FieldSchema(name:c3, type:int, comment:null), FieldSchema(name:input__file__name, type:string, comment:null)], properties:null)
2024-04-24T00:55:28,975  INFO [main] exec.ListSinkOperator: Initializing Operator: LIST_SINK[5]
2024-04-24T00:55:28,975  INFO [main] metadata.Hive: Dumping metastore api call timing information for : compilation phase
2024-04-24T00:55:28,975  INFO [main] metadata.Hive: Total time spent in each metastore function (ms): {isCompatibleWith_(Configuration)=0, getAllTableConstraints_(AllTableConstraintsRequest)=6, commitTxn_(CommitTxnRequest)=10, getTableColumnStatistics_(String, String, List, String)=9, getValidWriteIds_(List, String)=3, flushCache_()=0, getValidTxns_(long)=0, openTxn_(String, TxnType)=2, getTable_(GetTableRequest)=7}
2024-04-24T00:55:28,976  INFO [main] ql.Driver: Completed compiling command(queryId=alex_20240424005528_fd68e763-d0d9-49a5-afb9-b0ff8efa114b); Time taken: 0.11 seconds
2024-04-24T00:55:28,976  INFO [main] lockmgr.DbTxnManager: Setting lock request transaction to txnid:20 for queryId=alex_20240424005528_fd68e763-d0d9-49a5-afb9-b0ff8efa114b
2024-04-24T00:55:28,976  INFO [main] lockmgr.DbLockManager: Requesting lock for queryId=alex_20240424005528_fd68e763-d0d9-49a5-afb9-b0ff8efa114b
2024-04-24T00:55:28,989  INFO [main] lockmgr.DbLockManager: Response to queryId=alex_20240424005528_fd68e763-d0d9-49a5-afb9-b0ff8efa114b LockResponse(lockid:14, state:ACQUIRED)
2024-04-24T00:55:28,989  INFO [main] ql.Driver: Operation QUERY obtained 1 locks
2024-04-24T00:55:28,990  INFO [main] ql.Driver: Executing command(queryId=alex_20240424005528_fd68e763-d0d9-49a5-afb9-b0ff8efa114b): select ROW__ID, c1, c2, c3, INPUT__FILE__NAME from nobuckets order by ROW__ID
2024-04-24T00:55:28,990  WARN [main] ql.Driver: Hive-on-MR is deprecated in Hive 2 and may not be available in the future versions. Consider using a different execution engine (i.e. spark, tez) or using Hive 1.X releases.
Query ID = alex_20240424005528_fd68e763-d0d9-49a5-afb9-b0ff8efa114b
2024-04-24T00:55:28,990  INFO [main] ql.Driver: Query ID = alex_20240424005528_fd68e763-d0d9-49a5-afb9-b0ff8efa114b
Total jobs = 1
2024-04-24T00:55:28,990  INFO [main] ql.Driver: Total jobs = 1
Launching Job 1 out of 1
2024-04-24T00:55:28,990  INFO [main] ql.Driver: Launching Job 1 out of 1
2024-04-24T00:55:29,134  INFO [main] ql.Driver: Starting task [Stage-1:MAPRED] in serial mode
Number of reduce tasks determined at compile time: 1
2024-04-24T00:55:29,134  INFO [main] exec.Task: Number of reduce tasks determined at compile time: 1
In order to change the average load for a reducer (in bytes):
2024-04-24T00:55:29,134  INFO [main] exec.Task: In order to change the average load for a reducer (in bytes):
  set hive.exec.reducers.bytes.per.reducer=<number>
2024-04-24T00:55:29,134  INFO [main] exec.Task:   set hive.exec.reducers.bytes.per.reducer=<number>
In order to limit the maximum number of reducers:
2024-04-24T00:55:29,134  INFO [main] exec.Task: In order to limit the maximum number of reducers:
  set hive.exec.reducers.max=<number>
2024-04-24T00:55:29,134  INFO [main] exec.Task:   set hive.exec.reducers.max=<number>
In order to set a constant number of reducers:
2024-04-24T00:55:29,134  INFO [main] exec.Task: In order to set a constant number of reducers:
  set mapreduce.job.reduces=<number>
2024-04-24T00:55:29,134  INFO [main] exec.Task:   set mapreduce.job.reduces=<number>
2024-04-24T00:55:29,137  INFO [main] mr.ExecDriver: Using org.apache.hadoop.hive.ql.io.HiveInputFormat
2024-04-24T00:55:29,137  INFO [main] exec.Utilities: Processing alias nobuckets
2024-04-24T00:55:29,137  INFO [main] exec.Utilities: Adding 1 inputs; the first input is file:/home/alex/Repositories/hive/ql/target/tmp/org.apache.hadoop.hive.ql.TestTxnNoBuckets-1713945183193/warehouse/nobuckets
2024-04-24T00:55:29,146  INFO [main] exec.SerializationUtilities: Serializing MapWork using kryo
2024-04-24T00:55:29,147  INFO [main] exec.Utilities: Serialized plan (via FILE) - name: null size: 5,32KB
2024-04-24T00:55:29,153  INFO [main] exec.SerializationUtilities: Serializing ReduceWork using kryo
2024-04-24T00:55:29,153  INFO [main] exec.Utilities: Serialized plan (via FILE) - name: null size: 6,33KB
2024-04-24T00:55:29,154  WARN [main] impl.MetricsSystemImpl: JobTracker metrics system already initialized!
2024-04-24T00:55:29,160  WARN [main] impl.MetricsSystemImpl: JobTracker metrics system already initialized!
2024-04-24T00:55:29,168  WARN [main] mapreduce.JobResourceUploader: Hadoop command-line option parsing not performed. Implement the Tool interface and execute your application with ToolRunner to remedy this.
2024-04-24T00:55:29,172  WARN [main] mapreduce.JobResourceUploader: No job jar file set.  User classes may not be found. See Job or Job#setJar(String).
2024-04-24T00:55:29,173  INFO [main] io.HiveInputFormat: hive.io.file.readcolumn.ids = 0,1,2
2024-04-24T00:55:29,173  INFO [main] io.HiveInputFormat: hive.io.file.readcolumn.names = c1,c2,c3
2024-04-24T00:55:29,173  INFO [main] io.HiveInputFormat: Generating splits for dirs: file:/home/alex/Repositories/hive/ql/target/tmp/org.apache.hadoop.hive.ql.TestTxnNoBuckets-1713945183193/warehouse/nobuckets
2024-04-24T00:55:29,173  INFO [main] orc.OrcInputFormat: getSplits started
2024-04-24T00:55:29,173  INFO [main] orc.OrcInputFormat: Context:: isAcid: true isVectorMode: false sarg: null minSplitSize: 1 maxSplitSize: 256000000 splitStrategy: HYBRID footerInSplits: false numBuckets: 0 numThreads: 10 cacheMemSize: 268435456 cacheStripeDetails: true useSoftReference: false writeIdList: default.nobuckets:1:9223372036854775807:: isTransactionalTable: true txnProperties: default 
2024-04-24T00:55:29,173  INFO [main] orc.OrcInputFormat: ORC pushdown predicate: null
2024-04-24T00:55:29,184  INFO [main] orc.OrcInputFormat: FooterCacheHitRatio: 0/2
2024-04-24T00:55:29,184  INFO [main] orc.OrcInputFormat: getSplits finished (#splits: 2). duration: 11 ms
2024-04-24T00:55:29,184  INFO [main] io.HiveInputFormat: number of splits 2
2024-04-24T00:55:29,201  INFO [main] mapreduce.JobSubmitter: number of splits:2
2024-04-24T00:55:29,221  INFO [main] mapreduce.JobSubmitter: Submitting tokens for job: job_local1143322336_0064
2024-04-24T00:55:29,221  INFO [main] mapreduce.JobSubmitter: Executing with tokens: []
2024-04-24T00:55:29,298  INFO [main] mapreduce.Job: The url to track the job: http://localhost:8080/
Job running in-process (local Hadoop)
2024-04-24T00:55:29,298  INFO [main] exec.Task: Job running in-process (local Hadoop)
2024-04-24T00:55:29,299  INFO [Thread-4210] mapred.LocalJobRunner: OutputCommitter set in config org.apache.hadoop.hive.ql.io.HiveFileFormatUtils$NullOutputCommitter
2024-04-24T00:55:29,299  INFO [Thread-4210] mapred.LocalJobRunner: OutputCommitter is org.apache.hadoop.hive.ql.io.HiveFileFormatUtils$NullOutputCommitter
2024-04-24T00:55:29,301  INFO [Thread-4210] mapred.LocalJobRunner: Waiting for map tasks
2024-04-24T00:55:29,301  INFO [LocalJobRunner Map Task Executor #0] mapred.LocalJobRunner: Starting task: attempt_local1143322336_0064_m_000000_0
2024-04-24T00:55:29,301  INFO [LocalJobRunner Map Task Executor #0] mapred.Task:  Using ResourceCalculatorProcessTree : [ ]
2024-04-24T00:55:29,302  INFO [LocalJobRunner Map Task Executor #0] mapred.MapTask: Processing split: org.apache.hadoop.hive.ql.io.orc.OrcInputFormat:OrcSplit [file:/home/alex/Repositories/hive/ql/target/tmp/org.apache.hadoop.hive.ql.TestTxnNoBuckets-1713945183193/warehouse/nobuckets/delta_0000001_0000001_0000/bucket_00001_0, start=0, length=729, isOriginal=false, fileLength=729, hasFooter=false, hasBase=true, deltas=0]
2024-04-24T00:55:29,302  INFO [LocalJobRunner Map Task Executor #0] exec.SerializationUtilities: Deserializing MapWork using kryo
2024-04-24T00:55:29,302  INFO [LocalJobRunner Map Task Executor #0] exec.Utilities: Deserialized plan (via FILE) - name: null size: 5,32KB
2024-04-24T00:55:29,303  INFO [LocalJobRunner Map Task Executor #0] orc.OrcRawRecordMerger: min key = null, max key = null
2024-04-24T00:55:29,303  INFO [LocalJobRunner Map Task Executor #0] orc.ReaderImpl: Reading ORC rows from file:/home/alex/Repositories/hive/ql/target/tmp/org.apache.hadoop.hive.ql.TestTxnNoBuckets-1713945183193/warehouse/nobuckets/delta_0000001_0000001_0000/bucket_00001_0 with {include: [true, true, true, true], offset: 0, length: 729, schema: struct<c1:int,c2:int,c3:int>, includeAcidColumns: true}
2024-04-24T00:55:29,304  INFO [LocalJobRunner Map Task Executor #0] orc.OrcRawRecordMerger: updated min key = null, max key = null
2024-04-24T00:55:29,304  INFO [LocalJobRunner Map Task Executor #0] mapred.MapTask: numReduceTasks: 1
2024-04-24T00:55:29,308  INFO [LocalJobRunner Map Task Executor #0] mapred.MapTask: (EQUATOR) 0 kvi 26214396(104857584)
2024-04-24T00:55:29,308  INFO [LocalJobRunner Map Task Executor #0] mapred.MapTask: mapreduce.task.io.sort.mb: 100
2024-04-24T00:55:29,308  INFO [LocalJobRunner Map Task Executor #0] mapred.MapTask: soft limit at 83886080
2024-04-24T00:55:29,308  INFO [LocalJobRunner Map Task Executor #0] mapred.MapTask: bufstart = 0; bufvoid = 104857600
2024-04-24T00:55:29,308  INFO [LocalJobRunner Map Task Executor #0] mapred.MapTask: kvstart = 26214396; length = 6553600
2024-04-24T00:55:29,309  INFO [LocalJobRunner Map Task Executor #0] mapred.MapTask: Map output collector class = org.apache.hadoop.mapred.MapTask$MapOutputBuffer
2024-04-24T00:55:29,309  INFO [LocalJobRunner Map Task Executor #0] exec.MapOperator: Initializing Operator: MAP[0]
2024-04-24T00:55:29,310  INFO [LocalJobRunner Map Task Executor #0] mr.ExecMapper: 
<MAP>Id =0
  <Children>null
  <\Children>
  <Parent><\Parent>
<\MAP>
2024-04-24T00:55:29,310  INFO [LocalJobRunner Map Task Executor #0] exec.TableScanOperator: Initializing Operator: TS[0]
2024-04-24T00:55:29,310  INFO [LocalJobRunner Map Task Executor #0] exec.SelectOperator: Initializing Operator: SEL[1]
2024-04-24T00:55:29,311  INFO [LocalJobRunner Map Task Executor #0] exec.SelectOperator: SELECT struct<c1:int,c2:int,c3:int,row__id:struct<writeid:bigint,bucketid:int,rowid:bigint>,input__file__name:string>
2024-04-24T00:55:29,311  INFO [LocalJobRunner Map Task Executor #0] exec.ReduceSinkOperator: Initializing Operator: RS[2]
2024-04-24T00:55:29,311  INFO [LocalJobRunner Map Task Executor #0] exec.ReduceSinkOperator: Using tag = -1
2024-04-24T00:55:29,311  INFO [LocalJobRunner Map Task Executor #0] exec.ReduceSinkOperator: keys are [reducesinkkey0] num distributions: 1
2024-04-24T00:55:29,311  INFO [LocalJobRunner Map Task Executor #0] exec.ReduceSinkOperator: RS[2]: records written - 1
2024-04-24T00:55:29,311  INFO [LocalJobRunner Map Task Executor #0] exec.MapOperator: MAP[0]: records read - 1
2024-04-24T00:55:29,312  INFO [LocalJobRunner Map Task Executor #0] exec.MapOperator: Closing Operator: MAP[0]
2024-04-24T00:55:29,312  INFO [LocalJobRunner Map Task Executor #0] exec.MapOperator: MAP[0]: Total records read - 2. abort - false
2024-04-24T00:55:29,312  INFO [LocalJobRunner Map Task Executor #0] exec.MapOperator: RECORDS_OUT_OPERATOR_MAP_0:0, DESERIALIZE_ERRORS:0, RECORDS_OUT_INTERMEDIATE:0, RECORDS_IN:2, 
2024-04-24T00:55:29,312  INFO [LocalJobRunner Map Task Executor #0] exec.TableScanOperator: Closing Operator: TS[0]
2024-04-24T00:55:29,312  INFO [LocalJobRunner Map Task Executor #0] exec.TableScanOperator: RECORDS_OUT_INTERMEDIATE:0, RECORDS_OUT_OPERATOR_TS_0:2, 
2024-04-24T00:55:29,312  INFO [LocalJobRunner Map Task Executor #0] exec.SelectOperator: Closing Operator: SEL[1]
2024-04-24T00:55:29,312  INFO [LocalJobRunner Map Task Executor #0] exec.SelectOperator: RECORDS_OUT_INTERMEDIATE:0, RECORDS_OUT_OPERATOR_SEL_1:2, 
2024-04-24T00:55:29,312  INFO [LocalJobRunner Map Task Executor #0] exec.ReduceSinkOperator: Closing Operator: RS[2]
2024-04-24T00:55:29,312  INFO [LocalJobRunner Map Task Executor #0] exec.ReduceSinkOperator: RS[2]: Total records written - 2. abort - false
2024-04-24T00:55:29,312  INFO [LocalJobRunner Map Task Executor #0] exec.ReduceSinkOperator: RECORDS_OUT_OPERATOR_RS_2:2, RECORDS_OUT_INTERMEDIATE:2, 
2024-04-24T00:55:29,312  INFO [LocalJobRunner Map Task Executor #0] mapred.LocalJobRunner: 
2024-04-24T00:55:29,312  INFO [LocalJobRunner Map Task Executor #0] mapred.MapTask: Starting flush of map output
2024-04-24T00:55:29,312  INFO [LocalJobRunner Map Task Executor #0] mapred.MapTask: Spilling map output
2024-04-24T00:55:29,312  INFO [LocalJobRunner Map Task Executor #0] mapred.MapTask: bufstart = 0; bufend = 410; bufvoid = 104857600
2024-04-24T00:55:29,312  INFO [LocalJobRunner Map Task Executor #0] mapred.MapTask: kvstart = 26214396(104857584); kvend = 26214392(104857568); length = 5/6553600
2024-04-24T00:55:29,323  INFO [LocalJobRunner Map Task Executor #0] mapred.MapTask: Finished spill 0
2024-04-24T00:55:29,326  INFO [LocalJobRunner Map Task Executor #0] mapred.Task: Task:attempt_local1143322336_0064_m_000000_0 is done. And is in the process of committing
2024-04-24T00:55:29,326  INFO [LocalJobRunner Map Task Executor #0] mapred.LocalJobRunner: OrcSplit [file:/home/alex/Repositories/hive/ql/target/tmp/org.apache.hadoop.hive.ql.TestTxnNoBuckets-1713945183193/warehouse/nobuckets/delta_0000001_0000001_0000/bucket_00001_0, start=0, length=729, isOriginal=false, fileLength=729, hasFooter=false, hasBase=true, deltas=0]
2024-04-24T00:55:29,326  INFO [LocalJobRunner Map Task Executor #0] mapred.Task: Task 'attempt_local1143322336_0064_m_000000_0' done.
2024-04-24T00:55:29,326  INFO [LocalJobRunner Map Task Executor #0] mapred.Task: Final Counters for attempt_local1143322336_0064_m_000000_0: Counters: 24
	File System Counters
		FILE: Number of bytes read=1614035
		FILE: Number of bytes written=77006885
		FILE: Number of read operations=0
		FILE: Number of large read operations=0
		FILE: Number of write operations=0
	Map-Reduce Framework
		Map input records=2
		Map output records=2
		Map output bytes=410
		Map output materialized bytes=422
		Input split bytes=501
		Combine input records=0
		Spilled Records=2
		Failed Shuffles=0
		Merged Map outputs=0
		GC time elapsed (ms)=0
		Total committed heap usage (bytes)=1393557504
	HIVE
		DESERIALIZE_ERRORS=0
		RECORDS_IN=2
		RECORDS_OUT_INTERMEDIATE=2
		RECORDS_OUT_OPERATOR_MAP_0=0
		RECORDS_OUT_OPERATOR_RS_2=2
		RECORDS_OUT_OPERATOR_SEL_1=2
		RECORDS_OUT_OPERATOR_TS_0=2
	File Input Format Counters 
		Bytes Read=8367
2024-04-24T00:55:29,326  INFO [LocalJobRunner Map Task Executor #0] mapred.LocalJobRunner: Finishing task: attempt_local1143322336_0064_m_000000_0
2024-04-24T00:55:29,326  INFO [LocalJobRunner Map Task Executor #0] mapred.LocalJobRunner: Starting task: attempt_local1143322336_0064_m_000001_0
2024-04-24T00:55:29,327  INFO [LocalJobRunner Map Task Executor #0] mapred.Task:  Using ResourceCalculatorProcessTree : [ ]
2024-04-24T00:55:29,327  INFO [LocalJobRunner Map Task Executor #0] mapred.MapTask: Processing split: org.apache.hadoop.hive.ql.io.orc.OrcInputFormat:OrcSplit [file:/home/alex/Repositories/hive/ql/target/tmp/org.apache.hadoop.hive.ql.TestTxnNoBuckets-1713945183193/warehouse/nobuckets/delta_0000001_0000001_0000/bucket_00000_0, start=0, length=714, isOriginal=false, fileLength=714, hasFooter=false, hasBase=true, deltas=0]
2024-04-24T00:55:29,328  INFO [LocalJobRunner Map Task Executor #0] exec.SerializationUtilities: Deserializing MapWork using kryo
2024-04-24T00:55:29,328  INFO [LocalJobRunner Map Task Executor #0] exec.Utilities: Deserialized plan (via FILE) - name: null size: 5,32KB
2024-04-24T00:55:29,329  INFO [LocalJobRunner Map Task Executor #0] orc.OrcRawRecordMerger: min key = null, max key = null
2024-04-24T00:55:29,329  INFO [LocalJobRunner Map Task Executor #0] orc.ReaderImpl: Reading ORC rows from file:/home/alex/Repositories/hive/ql/target/tmp/org.apache.hadoop.hive.ql.TestTxnNoBuckets-1713945183193/warehouse/nobuckets/delta_0000001_0000001_0000/bucket_00000_0 with {include: [true, true, true, true], offset: 0, length: 714, schema: struct<c1:int,c2:int,c3:int>, includeAcidColumns: true}
2024-04-24T00:55:29,330  INFO [LocalJobRunner Map Task Executor #0] orc.OrcRawRecordMerger: updated min key = null, max key = null
2024-04-24T00:55:29,330  INFO [LocalJobRunner Map Task Executor #0] mapred.MapTask: numReduceTasks: 1
2024-04-24T00:55:29,334  INFO [LocalJobRunner Map Task Executor #0] mapred.MapTask: (EQUATOR) 0 kvi 26214396(104857584)
2024-04-24T00:55:29,334  INFO [LocalJobRunner Map Task Executor #0] mapred.MapTask: mapreduce.task.io.sort.mb: 100
2024-04-24T00:55:29,334  INFO [LocalJobRunner Map Task Executor #0] mapred.MapTask: soft limit at 83886080
2024-04-24T00:55:29,334  INFO [LocalJobRunner Map Task Executor #0] mapred.MapTask: bufstart = 0; bufvoid = 104857600
2024-04-24T00:55:29,334  INFO [LocalJobRunner Map Task Executor #0] mapred.MapTask: kvstart = 26214396; length = 6553600
2024-04-24T00:55:29,335  INFO [LocalJobRunner Map Task Executor #0] mapred.MapTask: Map output collector class = org.apache.hadoop.mapred.MapTask$MapOutputBuffer
2024-04-24T00:55:29,335  INFO [LocalJobRunner Map Task Executor #0] exec.MapOperator: Initializing Operator: MAP[0]
2024-04-24T00:55:29,336  INFO [LocalJobRunner Map Task Executor #0] mr.ExecMapper: 
<MAP>Id =0
  <Children>null
  <\Children>
  <Parent><\Parent>
<\MAP>
2024-04-24T00:55:29,337  INFO [LocalJobRunner Map Task Executor #0] exec.TableScanOperator: Initializing Operator: TS[0]
2024-04-24T00:55:29,337  INFO [LocalJobRunner Map Task Executor #0] exec.SelectOperator: Initializing Operator: SEL[1]
2024-04-24T00:55:29,337  INFO [LocalJobRunner Map Task Executor #0] exec.SelectOperator: SELECT struct<c1:int,c2:int,c3:int,row__id:struct<writeid:bigint,bucketid:int,rowid:bigint>,input__file__name:string>
2024-04-24T00:55:29,337  INFO [LocalJobRunner Map Task Executor #0] exec.ReduceSinkOperator: Initializing Operator: RS[2]
2024-04-24T00:55:29,337  INFO [LocalJobRunner Map Task Executor #0] exec.ReduceSinkOperator: Using tag = -1
2024-04-24T00:55:29,337  INFO [LocalJobRunner Map Task Executor #0] exec.ReduceSinkOperator: keys are [reducesinkkey0] num distributions: 1
2024-04-24T00:55:29,337  INFO [LocalJobRunner Map Task Executor #0] exec.ReduceSinkOperator: RS[2]: records written - 1
2024-04-24T00:55:29,337  INFO [LocalJobRunner Map Task Executor #0] exec.MapOperator: MAP[0]: records read - 1
2024-04-24T00:55:29,337  INFO [LocalJobRunner Map Task Executor #0] exec.MapOperator: Closing Operator: MAP[0]
2024-04-24T00:55:29,337  INFO [LocalJobRunner Map Task Executor #0] exec.MapOperator: MAP[0]: Total records read - 2. abort - false
2024-04-24T00:55:29,337  INFO [LocalJobRunner Map Task Executor #0] exec.MapOperator: DESERIALIZE_ERRORS:0, RECORDS_IN:2, RECORDS_OUT_OPERATOR_MAP_0:0, RECORDS_OUT_INTERMEDIATE:0, 
2024-04-24T00:55:29,337  INFO [LocalJobRunner Map Task Executor #0] exec.TableScanOperator: Closing Operator: TS[0]
2024-04-24T00:55:29,338  INFO [LocalJobRunner Map Task Executor #0] exec.TableScanOperator: RECORDS_OUT_OPERATOR_TS_0:2, RECORDS_OUT_INTERMEDIATE:0, 
2024-04-24T00:55:29,338  INFO [LocalJobRunner Map Task Executor #0] exec.SelectOperator: Closing Operator: SEL[1]
2024-04-24T00:55:29,338  INFO [LocalJobRunner Map Task Executor #0] exec.SelectOperator: RECORDS_OUT_INTERMEDIATE:0, RECORDS_OUT_OPERATOR_SEL_1:2, 
2024-04-24T00:55:29,338  INFO [LocalJobRunner Map Task Executor #0] exec.ReduceSinkOperator: Closing Operator: RS[2]
2024-04-24T00:55:29,338  INFO [LocalJobRunner Map Task Executor #0] exec.ReduceSinkOperator: RS[2]: Total records written - 2. abort - false
2024-04-24T00:55:29,338  INFO [LocalJobRunner Map Task Executor #0] exec.ReduceSinkOperator: RECORDS_OUT_OPERATOR_RS_2:2, RECORDS_OUT_INTERMEDIATE:2, 
2024-04-24T00:55:29,338  INFO [LocalJobRunner Map Task Executor #0] mapred.LocalJobRunner: 
2024-04-24T00:55:29,338  INFO [LocalJobRunner Map Task Executor #0] mapred.MapTask: Starting flush of map output
2024-04-24T00:55:29,338  INFO [LocalJobRunner Map Task Executor #0] mapred.MapTask: Spilling map output
2024-04-24T00:55:29,338  INFO [LocalJobRunner Map Task Executor #0] mapred.MapTask: bufstart = 0; bufend = 410; bufvoid = 104857600
2024-04-24T00:55:29,338  INFO [LocalJobRunner Map Task Executor #0] mapred.MapTask: kvstart = 26214396(104857584); kvend = 26214392(104857568); length = 5/6553600
2024-04-24T00:55:29,346  INFO [LocalJobRunner Map Task Executor #0] mapred.MapTask: Finished spill 0
2024-04-24T00:55:29,349  INFO [LocalJobRunner Map Task Executor #0] mapred.Task: Task:attempt_local1143322336_0064_m_000001_0 is done. And is in the process of committing
2024-04-24T00:55:29,349  INFO [LocalJobRunner Map Task Executor #0] mapred.LocalJobRunner: OrcSplit [file:/home/alex/Repositories/hive/ql/target/tmp/org.apache.hadoop.hive.ql.TestTxnNoBuckets-1713945183193/warehouse/nobuckets/delta_0000001_0000001_0000/bucket_00000_0, start=0, length=714, isOriginal=false, fileLength=714, hasFooter=false, hasBase=true, deltas=0]
2024-04-24T00:55:29,349  INFO [LocalJobRunner Map Task Executor #0] mapred.Task: Task 'attempt_local1143322336_0064_m_000001_0' done.
2024-04-24T00:55:29,349  INFO [LocalJobRunner Map Task Executor #0] mapred.Task: Final Counters for attempt_local1143322336_0064_m_000001_0: Counters: 24
	File System Counters
		FILE: Number of bytes read=1623367
		FILE: Number of bytes written=77007339
		FILE: Number of read operations=0
		FILE: Number of large read operations=0
		FILE: Number of write operations=0
	Map-Reduce Framework
		Map input records=2
		Map output records=2
		Map output bytes=410
		Map output materialized bytes=422
		Input split bytes=501
		Combine input records=0
		Spilled Records=2
		Failed Shuffles=0
		Merged Map outputs=0
		GC time elapsed (ms)=0
		Total committed heap usage (bytes)=1393557504
	HIVE
		DESERIALIZE_ERRORS=0
		RECORDS_IN=2
		RECORDS_OUT_INTERMEDIATE=2
		RECORDS_OUT_OPERATOR_MAP_0=0
		RECORDS_OUT_OPERATOR_RS_2=2
		RECORDS_OUT_OPERATOR_SEL_1=2
		RECORDS_OUT_OPERATOR_TS_0=2
	File Input Format Counters 
		Bytes Read=8307
2024-04-24T00:55:29,349  INFO [LocalJobRunner Map Task Executor #0] mapred.LocalJobRunner: Finishing task: attempt_local1143322336_0064_m_000001_0
2024-04-24T00:55:29,349  INFO [Thread-4210] mapred.LocalJobRunner: map task executor complete.
2024-04-24T00:55:29,350  INFO [Thread-4210] mapred.LocalJobRunner: Waiting for reduce tasks
2024-04-24T00:55:29,350  INFO [pool-267-thread-1] mapred.LocalJobRunner: Starting task: attempt_local1143322336_0064_r_000000_0
2024-04-24T00:55:29,351  INFO [pool-267-thread-1] mapred.Task:  Using ResourceCalculatorProcessTree : [ ]
2024-04-24T00:55:29,351  INFO [pool-267-thread-1] mapred.ReduceTask: Using ShuffleConsumerPlugin: org.apache.hadoop.mapreduce.task.reduce.Shuffle@77ef03f8
2024-04-24T00:55:29,351  WARN [pool-267-thread-1] impl.MetricsSystemImpl: JobTracker metrics system already initialized!
2024-04-24T00:55:29,352  INFO [pool-267-thread-1] reduce.MergeManagerImpl: MergerManager: memoryLimit=1336252800, maxSingleShuffleLimit=334063200, mergeThreshold=881926912, ioSortFactor=10, memToMemMergeOutputsThreshold=10
2024-04-24T00:55:29,353  INFO [EventFetcher for fetching Map Completion Events] reduce.EventFetcher: attempt_local1143322336_0064_r_000000_0 Thread started: EventFetcher for fetching Map Completion Events
2024-04-24T00:55:29,358  INFO [localfetcher#39] reduce.LocalFetcher: localfetcher#39 about to shuffle output of map attempt_local1143322336_0064_m_000000_0 decomp: 418 len: 422 to MEMORY
2024-04-24T00:55:29,358  INFO [localfetcher#39] reduce.InMemoryMapOutput: Read 418 bytes from map-output for attempt_local1143322336_0064_m_000000_0
2024-04-24T00:55:29,358  INFO [localfetcher#39] reduce.MergeManagerImpl: closeInMemoryFile -> map-output of size: 418, inMemoryMapOutputs.size() -> 1, commitMemory -> 0, usedMemory ->418
2024-04-24T00:55:29,361  INFO [localfetcher#39] reduce.LocalFetcher: localfetcher#39 about to shuffle output of map attempt_local1143322336_0064_m_000001_0 decomp: 418 len: 422 to MEMORY
2024-04-24T00:55:29,361  INFO [localfetcher#39] reduce.InMemoryMapOutput: Read 418 bytes from map-output for attempt_local1143322336_0064_m_000001_0
2024-04-24T00:55:29,361  INFO [localfetcher#39] reduce.MergeManagerImpl: closeInMemoryFile -> map-output of size: 418, inMemoryMapOutputs.size() -> 2, commitMemory -> 418, usedMemory ->836
2024-04-24T00:55:29,361  INFO [EventFetcher for fetching Map Completion Events] reduce.EventFetcher: EventFetcher is interrupted.. Returning
2024-04-24T00:55:29,362  INFO [pool-267-thread-1] mapred.LocalJobRunner: 2 / 2 copied.
2024-04-24T00:55:29,362  INFO [pool-267-thread-1] reduce.MergeManagerImpl: finalMerge called with 2 in-memory map-outputs and 0 on-disk map-outputs
2024-04-24T00:55:29,368  INFO [pool-267-thread-1] mapred.Merger: Merging 2 sorted segments
2024-04-24T00:55:29,368  INFO [pool-267-thread-1] mapred.Merger: Down to the last merge-pass, with 2 segments left of total size: 772 bytes
2024-04-24T00:55:29,370  INFO [pool-267-thread-1] reduce.MergeManagerImpl: Merged 2 segments, 836 bytes to disk to satisfy reduce memory limit
2024-04-24T00:55:29,371  INFO [pool-267-thread-1] reduce.MergeManagerImpl: Merging 1 files, 838 bytes from disk
2024-04-24T00:55:29,371  INFO [pool-267-thread-1] reduce.MergeManagerImpl: Merging 0 segments, 0 bytes from memory into reduce
2024-04-24T00:55:29,371  INFO [pool-267-thread-1] mapred.Merger: Merging 1 sorted segments
2024-04-24T00:55:29,371  INFO [pool-267-thread-1] mapred.Merger: Down to the last merge-pass, with 1 segments left of total size: 802 bytes
2024-04-24T00:55:29,371  INFO [pool-267-thread-1] mapred.LocalJobRunner: 2 / 2 copied.
2024-04-24T00:55:29,371  INFO [pool-267-thread-1] exec.SerializationUtilities: Deserializing ReduceWork using kryo
2024-04-24T00:55:29,372  INFO [pool-267-thread-1] exec.Utilities: Deserialized plan (via FILE) - name: null size: 6,33KB
2024-04-24T00:55:29,373  INFO [pool-267-thread-1] ExecReducer: 
<SEL>Id =3
  <Children>
    <FS>Id =4
      <Children>
      <\Children>
      <Parent>Id = 3 null<\Parent>
    <\FS>
  <\Children>
  <Parent><\Parent>
<\SEL>
2024-04-24T00:55:29,373  INFO [pool-267-thread-1] exec.SelectOperator: Initializing Operator: SEL[3]
2024-04-24T00:55:29,373  INFO [pool-267-thread-1] exec.SelectOperator: SELECT struct<key:struct<reducesinkkey0:struct<writeid:bigint,bucketid:int,rowid:bigint>>,value:struct<_col0:int,_col1:int,_col2:int,_col3:string>>
2024-04-24T00:55:29,373  INFO [pool-267-thread-1] exec.FileSinkOperator: Initializing Operator: FS[4]
2024-04-24T00:55:29,373  INFO [pool-267-thread-1] exec.FileSinkOperator: Using serializer : class org.apache.hadoop.hive.serde2.lazy.LazySimpleSerDe [serdeParams=org.apache.hadoop.hive.serde2.lazy.LazySerDeParameters@54f6341b, cachedObjectInspector=org.apache.hadoop.hive.serde2.lazy.objectinspector.LazySimpleStructObjectInspector<org.apache.hadoop.hive.serde2.lazy.objectinspector.LazySimpleStructObjectInspector<org.apache.hadoop.hive.serde2.lazy.objectinspector.primitive.LazyLongObjectInspector@f1b0658,org.apache.hadoop.hive.serde2.lazy.objectinspector.primitive.LazyIntObjectInspector@4870d2e1,org.apache.hadoop.hive.serde2.lazy.objectinspector.primitive.LazyLongObjectInspector@f1b0658>,org.apache.hadoop.hive.serde2.lazy.objectinspector.primitive.LazyIntObjectInspector@4870d2e1,org.apache.hadoop.hive.serde2.lazy.objectinspector.primitive.LazyIntObjectInspector@4870d2e1,org.apache.hadoop.hive.serde2.lazy.objectinspector.primitive.LazyIntObjectInspector@4870d2e1,org.apache.hadoop.hive.serde2.lazy.objectinspector.primitive.LazyStringObjectInspector@361065d1>, serializedSize=0, stats=org.apache.hadoop.hive.serde2.SerDeStats@5c74aa9a, lastOperationSerialize=false, lastOperationDeserialize=false [1, 2, 3, 4, 5, 6, 7, 8, 11, 14, 15, 16, 17, 18, 19, 20, 21, 22, 23, 24, 25, 26, 28, 29, 30, 31, -128, -127, -126, -125, -124, -123, -122, -121, -120, -119, -118, -117, -116, -115, -114, -113, -112, -111, -110, -109, -108, -107, -106, -105, -104, -103, -102, -101, -100, -99, -98, -97, -96, -95, -94, -93, -92, -91, -90, -89, -88, -87, -86, -85, -84, -83, -82, -81, -80, -79, -78, -77, -76, -75, -74, -73, -72, -71, -70, -69, -68, -67, -66, -65, -64, -63, -62, -61, -60, -59, -58, -57, -56, -55, -54, -53, -52, -51, -50, -49, -48, -47, -46, -45, -44, -43, -42, -41, -40, -39, -38, -37, -36, -35, -34, -33, -32, -31, -30, -29, -28, -27, -26, -25, -24, -23, -22, -21, -20, -19, -18, -17, -16, -15, -14, -13, -12, -11, -10, -9, -8, -7, -6, -5, -4, -3, -2, -1] : [_col0, _col1, _col2, _col3, _col4] : [struct<writeid:bigint,bucketid:int,rowid:bigint>, int, int, int, string]] and formatter : org.apache.hadoop.hive.ql.io.HiveSequenceFileOutputFormat@3288fa49
2024-04-24T00:55:29,373  INFO [pool-267-thread-1] exec.FileSinkOperator: Final Path: FS file:/home/alex/Repositories/hive/ql/target/tmp/localscratchdir/2c7a3638-e22a-439d-aa2b-96f820060fca/hive_2024-04-24_00-55-28_865_6594075101400844852-1/-mr-10001/.hive-staging_hive_2024-04-24_00-55-28_865_6594075101400844852-1/_tmp.-ext-10002/000000_0
2024-04-24T00:55:29,373  INFO [pool-267-thread-1] exec.FileSinkOperator: Writing to temp file: FS file:/home/alex/Repositories/hive/ql/target/tmp/localscratchdir/2c7a3638-e22a-439d-aa2b-96f820060fca/hive_2024-04-24_00-55-28_865_6594075101400844852-1/-mr-10001/.hive-staging_hive_2024-04-24_00-55-28_865_6594075101400844852-1/_task_tmp.-ext-10002/_tmp.000000_0
2024-04-24T00:55:29,373  INFO [pool-267-thread-1] exec.FileSinkOperator: New Final Path: FS file:/home/alex/Repositories/hive/ql/target/tmp/localscratchdir/2c7a3638-e22a-439d-aa2b-96f820060fca/hive_2024-04-24_00-55-28_865_6594075101400844852-1/-mr-10001/.hive-staging_hive_2024-04-24_00-55-28_865_6594075101400844852-1/_tmp.-ext-10002/000000_0
2024-04-24T00:55:29,380  INFO [pool-267-thread-1] exec.FileSinkOperator: FS[4]: records written - 1
2024-04-24T00:55:29,381  INFO [pool-267-thread-1] exec.SelectOperator: Closing Operator: SEL[3]
2024-04-24T00:55:29,381  INFO [pool-267-thread-1] exec.SelectOperator: RECORDS_OUT_INTERMEDIATE:0, RECORDS_OUT_OPERATOR_SEL_3:4, 
2024-04-24T00:55:29,381  INFO [pool-267-thread-1] exec.FileSinkOperator: Closing Operator: FS[4]
2024-04-24T00:55:29,381  INFO [pool-267-thread-1] exec.FileSinkOperator: FS[4]: records written - 4
2024-04-24T00:55:29,381  INFO [pool-267-thread-1] exec.FileSinkOperator: RECORDS_OUT_INTERMEDIATE:0, RECORDS_OUT_0:4, RECORDS_OUT_OPERATOR_FS_4:4, 
2024-04-24T00:55:29,382  INFO [pool-267-thread-1] mapred.Task: Task:attempt_local1143322336_0064_r_000000_0 is done. And is in the process of committing
2024-04-24T00:55:29,382  INFO [pool-267-thread-1] mapred.LocalJobRunner: reduce > reduce
2024-04-24T00:55:29,382  INFO [pool-267-thread-1] mapred.Task: Task 'attempt_local1143322336_0064_r_000000_0' done.
2024-04-24T00:55:29,382  INFO [pool-267-thread-1] mapred.Task: Final Counters for attempt_local1143322336_0064_r_000000_0: Counters: 29
	File System Counters
		FILE: Number of bytes read=1631506
		FILE: Number of bytes written=77009080
		FILE: Number of read operations=0
		FILE: Number of large read operations=0
		FILE: Number of write operations=0
	Map-Reduce Framework
		Combine input records=0
		Combine output records=0
		Reduce input groups=4
		Reduce shuffle bytes=844
		Reduce input records=4
		Reduce output records=0
		Spilled Records=4
		Shuffled Maps =2
		Failed Shuffles=0
		Merged Map outputs=2
		GC time elapsed (ms)=0
		Total committed heap usage (bytes)=1393557504
	HIVE
		CREATED_FILES=1
		RECORDS_OUT_0=4
		RECORDS_OUT_INTERMEDIATE=0
		RECORDS_OUT_OPERATOR_FS_4=4
		RECORDS_OUT_OPERATOR_SEL_3=4
	Shuffle Errors
		BAD_ID=0
		CONNECTION=0
		IO_ERROR=0
		WRONG_LENGTH=0
		WRONG_MAP=0
		WRONG_REDUCE=0
	File Output Format Counters 
		Bytes Written=0
2024-04-24T00:55:29,383  INFO [pool-267-thread-1] mapred.LocalJobRunner: Finishing task: attempt_local1143322336_0064_r_000000_0
2024-04-24T00:55:29,383  INFO [Thread-4210] mapred.LocalJobRunner: reduce task executor complete.
2024-04-24 00:55:30,299 Stage-1 map = 100%,  reduce = 100%
2024-04-24T00:55:30,299  INFO [main] exec.Task: 2024-04-24 00:55:30,299 Stage-1 map = 100%,  reduce = 100%
Ended Job = job_local1143322336_0064
2024-04-24T00:55:30,300  INFO [main] exec.Task: Ended Job = job_local1143322336_0064
2024-04-24T00:55:30,302  INFO [main] metadata.Hive: Dumping metastore api call timing information for : execution phase
2024-04-24T00:55:30,302  INFO [main] metadata.Hive: Total time spent in each metastore function (ms): {}
MapReduce Jobs Launched: 
2024-04-24T00:55:30,302  INFO [main] ql.Driver: MapReduce Jobs Launched: 
Stage-Stage-1:  HDFS Read: 0 HDFS Write: 0 SUCCESS
2024-04-24T00:55:30,302  INFO [main] ql.Driver: Stage-Stage-1:  HDFS Read: 0 HDFS Write: 0 SUCCESS
Total MapReduce CPU Time Spent: 0 msec
2024-04-24T00:55:30,302  INFO [main] ql.Driver: Total MapReduce CPU Time Spent: 0 msec
2024-04-24T00:55:30,302  INFO [main] ql.Driver: Completed executing command(queryId=alex_20240424005528_fd68e763-d0d9-49a5-afb9-b0ff8efa114b); Time taken: 1.312 seconds
2024-04-24T00:55:30,302  INFO [main] lockmgr.DbTxnManager: Stopped heartbeat for query: alex_20240424005528_fd68e763-d0d9-49a5-afb9-b0ff8efa114b
2024-04-24T00:55:30,307  INFO [main] txn.TxnHandler: Expected to move at least one record from txn_components to completed_txn_components when committing txn! txnid:20
2024-04-24T00:55:30,314  INFO [main] txn.TxnHandler: Removed transactions: ([20]) from MIN_HISTORY_LEVEL
2024-04-24T00:55:30,314  WARN [main] txn.CompactionTxnHandler: No compaction queue record found for Compaction type transaction commit. txnId:20
2024-04-24T00:55:30,318  INFO [main] mapred.FileInputFormat: Total input files to process : 1
2024-04-24T00:55:30,319  INFO [main] exec.ListSinkOperator: Closing Operator: LIST_SINK[5]
2024-04-24T00:55:30,319  INFO [main] exec.ListSinkOperator: RECORDS_OUT_INTERMEDIATE:0, RECORDS_OUT_OPERATOR_LIST_SINK_5:4, 
2024-04-24T00:55:30,319  WARN [main] ql.TestTxnNoBuckets: after insert
2024-04-24T00:55:30,319  WARN [main] ql.TestTxnNoBuckets: {"writeid":1,"bucketid":536870912,"rowid":0}	0	0	0	file:/home/alex/Repositories/hive/ql/target/tmp/org.apache.hadoop.hive.ql.TestTxnNoBuckets-1713945183193/warehouse/nobuckets/delta_0000001_0000001_0000/bucket_00000_0
2024-04-24T00:55:30,319  WARN [main] ql.TestTxnNoBuckets: {"writeid":1,"bucketid":536870912,"rowid":1}	3	3	3	file:/home/alex/Repositories/hive/ql/target/tmp/org.apache.hadoop.hive.ql.TestTxnNoBuckets-1713945183193/warehouse/nobuckets/delta_0000001_0000001_0000/bucket_00000_0
2024-04-24T00:55:30,319  WARN [main] ql.TestTxnNoBuckets: {"writeid":1,"bucketid":536936448,"rowid":0}	1	1	1	file:/home/alex/Repositories/hive/ql/target/tmp/org.apache.hadoop.hive.ql.TestTxnNoBuckets-1713945183193/warehouse/nobuckets/delta_0000001_0000001_0000/bucket_00001_0
2024-04-24T00:55:30,319  WARN [main] ql.TestTxnNoBuckets: {"writeid":1,"bucketid":536936448,"rowid":1}	2	2	2	file:/home/alex/Repositories/hive/ql/target/tmp/org.apache.hadoop.hive.ql.TestTxnNoBuckets-1713945183193/warehouse/nobuckets/delta_0000001_0000001_0000/bucket_00001_0
2024-04-24T00:55:30,319  INFO [main] ql.TxnCommandsBaseForTests: Running the query: explain  update nobuckets set c3 = 17 where c3 in(0,1)
2024-04-24T00:55:30,319  INFO [main] ql.Context: Deleting scratch dir: file:/home/alex/Repositories/hive/ql/target/tmp/localscratchdir/2c7a3638-e22a-439d-aa2b-96f820060fca/hive_2024-04-24_00-55-28_865_6594075101400844852-1
2024-04-24T00:55:30,320  INFO [main] cleanup.SyncCleanupService: Deleted directory: file:/home/alex/Repositories/hive/ql/target/tmp/localscratchdir/2c7a3638-e22a-439d-aa2b-96f820060fca/hive_2024-04-24_00-55-28_865_6594075101400844852-1 on fs with scheme file
2024-04-24T00:55:30,320  INFO [main] ql.Driver: Compiling command(queryId=alex_20240424005530_fd6bba0b-f80b-4dd3-bd1b-e0a473442d46): explain  update nobuckets set c3 = 17 where c3 in(0,1)
2024-04-24T00:55:30,323  INFO [main] txn.TxnHandler: Added entries to MIN_HISTORY_LEVEL for current txns: ([21]) with min_open_txn: 21
2024-04-24T00:55:30,323  INFO [main] lockmgr.DbTxnManager: Opened txnid:21
2024-04-24T00:55:30,324  INFO [main] HiveMetaStore.audit: ugi=alex	ip=unknown-ip-addr	cmd=get_table : tbl=hive.default.nobuckets	
2024-04-24T00:55:30,333  INFO [main] metastore.HMSHandler: Skipping translation for processor with null
2024-04-24T00:55:30,333  INFO [main] parse.RewriteSemanticAnalyzer: Going to reparse <explain  update nobuckets set c3 = 17 where c3 in(0,1)> as 
<insert into table `default`.`nobuckets` select ROW__ID,`c1`,`c2`,`c3` from `default`.`nobuckets` sort by ROW__ID >
2024-04-24T00:55:30,334  INFO [main] parse.UpdateDeleteSemanticAnalyzer: Starting Semantic Analysis
2024-04-24T00:55:30,337  INFO [main] HiveMetaStore.audit: ugi=alex	ip=unknown-ip-addr	cmd=get_table : tbl=hive.default.nobuckets	
2024-04-24T00:55:30,345  INFO [main] metastore.HMSHandler: Skipping translation for processor with null
2024-04-24T00:55:30,345  INFO [main] parse.UpdateDeleteSemanticAnalyzer: Completed phase 1 of Semantic Analysis
2024-04-24T00:55:30,345  INFO [main] parse.UpdateDeleteSemanticAnalyzer: Get metadata for source tables
2024-04-24T00:55:30,345  INFO [main] parse.UpdateDeleteSemanticAnalyzer: Get metadata for subqueries
2024-04-24T00:55:30,345  INFO [main] parse.UpdateDeleteSemanticAnalyzer: Get metadata for destination tables
2024-04-24T00:55:30,346  INFO [main] HiveMetaStore.audit: ugi=alex	ip=unknown-ip-addr	cmd=get_table : tbl=hive.default.nobuckets	
2024-04-24T00:55:30,353  INFO [main] metastore.HMSHandler: Skipping translation for processor with null
2024-04-24T00:55:30,354  INFO [main] parse.UpdateDeleteSemanticAnalyzer: Completed getting MetaData in Semantic Analysis
2024-04-24T00:55:30,354  INFO [main] parse.UpdateDeleteSemanticAnalyzer: Disabling LLAP IO encode as ETL query is detected
2024-04-24T00:55:30,368  INFO [main] HiveMetaStore.audit: ugi=alex	ip=unknown-ip-addr	cmd=get_all_table_constraints : tbl=hive.default.nobuckets	
2024-04-24T00:55:30,376  INFO [main] HiveMetaStore.audit: ugi=alex	ip=unknown-ip-addr	cmd=get_not_null_constraints : tbl=hive.default.nobuckets	
2024-04-24T00:55:30,377  INFO [main] HiveMetaStore.audit: ugi=alex	ip=unknown-ip-addr	cmd=get_check_constraints : tbl=hive.default.nobuckets	
2024-04-24T00:55:30,403  INFO [main] calcite.RelOptHiveTable: Calculating column statistics for default.nobuckets, projIndxSet: [0, 1, 2], allowMissingStats: true
2024-04-24T00:55:30,403  INFO [main] HiveMetaStore.audit: ugi=alex	ip=unknown-ip-addr	cmd=get_table_statistics_req: table=hive.default.nobuckets	
2024-04-24T00:55:30,413  WARN [main] calcite.RelOptHiveTable: No Stats for default@nobuckets, Columns: c3, c1, c2
No Stats for default@nobuckets, Columns: c3, c1, c2
2024-04-24T00:55:30,413  INFO [main] SessionState: No Stats for default@nobuckets, Columns: c3, c1, c2
2024-04-24T00:55:30,479  INFO [main] parse.UpdateDeleteSemanticAnalyzer: Get metadata for source tables
2024-04-24T00:55:30,480  INFO [main] parse.UpdateDeleteSemanticAnalyzer: Get metadata for subqueries
2024-04-24T00:55:30,480  INFO [main] parse.UpdateDeleteSemanticAnalyzer: Get metadata for destination tables
2024-04-24T00:55:30,480  INFO [main] HiveMetaStore.audit: ugi=alex	ip=unknown-ip-addr	cmd=get_table : tbl=hive.default.nobuckets	
2024-04-24T00:55:30,488  INFO [main] metastore.HMSHandler: Skipping translation for processor with null
2024-04-24T00:55:30,491 ERROR [main] parse.UpdateDeleteSemanticAnalyzer: CBO failed, skipping CBO. 
org.apache.hadoop.hive.ql.exec.NoMatchingMethodException: No matching method for class org.apache.hadoop.hive.ql.udf.UDFToInteger with (struct<writeid:bigint,bucketid:int,rowid:bigint>). Possible choices: _FUNC_(bigint)  _FUNC_(boolean)  _FUNC_(decimal(38,18))  _FUNC_(double)  _FUNC_(float)  _FUNC_(smallint)  _FUNC_(string)  _FUNC_(struct<bucketid:bigint,writeid:int,rowid:bigint>)  _FUNC_(timestamp)  _FUNC_(tinyint)  _FUNC_(void)  
	at org.apache.hadoop.hive.ql.exec.MethodUtils.getMethodInternal(MethodUtils.java:130) ~[classes/:?]
	at org.apache.hadoop.hive.ql.exec.MethodUtils.getMethodInternal(MethodUtils.java:60) ~[classes/:?]
	at org.apache.hadoop.hive.ql.exec.DefaultUDFMethodResolver.getEvalMethod(DefaultUDFMethodResolver.java:59) ~[classes/:?]
	at org.apache.hadoop.hive.ql.udf.TimestampCastRestrictorResolver.getEvalMethod(TimestampCastRestrictorResolver.java:68) ~[classes/:?]
	at org.apache.hadoop.hive.ql.udf.generic.GenericUDFBridge.initialize(GenericUDFBridge.java:168) ~[classes/:?]
	at org.apache.hadoop.hive.ql.udf.generic.GenericUDF.initializeAndFoldConstants(GenericUDF.java:149) ~[classes/:?]
	at org.apache.hadoop.hive.ql.plan.ExprNodeGenericFuncDesc.newInstance(ExprNodeGenericFuncDesc.java:235) ~[classes/:?]
	at org.apache.hadoop.hive.ql.parse.type.ExprNodeDescExprFactory.createFuncCallExpr(ExprNodeDescExprFactory.java:584) ~[classes/:?]
	at org.apache.hadoop.hive.ql.parse.type.ExprNodeDescExprFactory.createFuncCallExpr(ExprNodeDescExprFactory.java:97) ~[classes/:?]
	at org.apache.hadoop.hive.ql.parse.type.TypeCheckProcFactory$DefaultExprProcessor.getFuncExprNodeDescWithUdfData(TypeCheckProcFactory.java:762) ~[classes/:?]
	at org.apache.hadoop.hive.ql.parse.type.TypeCheckProcFactory$DefaultExprProcessor.createConversionCast(TypeCheckProcFactory.java:783) ~[classes/:?]
	at org.apache.hadoop.hive.ql.parse.SemanticAnalyzer.getPartitionColsFromBucketColsForUpdateDelete(SemanticAnalyzer.java:8725) ~[classes/:?]
	at org.apache.hadoop.hive.ql.parse.SemanticAnalyzer.genBucketingSortingDest(SemanticAnalyzer.java:6914) ~[classes/:?]
	at org.apache.hadoop.hive.ql.parse.SemanticAnalyzer.genFileSinkPlan(SemanticAnalyzer.java:7335) ~[classes/:?]
	at org.apache.hadoop.hive.ql.parse.SemanticAnalyzer.genPostGroupByBodyPlan(SemanticAnalyzer.java:11063) ~[classes/:?]
	at org.apache.hadoop.hive.ql.parse.SemanticAnalyzer.genBodyPlan(SemanticAnalyzer.java:10938) ~[classes/:?]
	at org.apache.hadoop.hive.ql.parse.SemanticAnalyzer.genPlan(SemanticAnalyzer.java:11853) ~[classes/:?]
	at org.apache.hadoop.hive.ql.parse.SemanticAnalyzer.genPlan(SemanticAnalyzer.java:11723) ~[classes/:?]
	at org.apache.hadoop.hive.ql.parse.CalcitePlanner.genOPTree(CalcitePlanner.java:626) ~[classes/:?]
	at org.apache.hadoop.hive.ql.parse.SemanticAnalyzer.analyzeInternal(SemanticAnalyzer.java:12558) ~[classes/:?]
	at org.apache.hadoop.hive.ql.parse.CalcitePlanner.analyzeInternal(CalcitePlanner.java:456) ~[classes/:?]
	at org.apache.hadoop.hive.ql.parse.RewriteSemanticAnalyzer.analyzeInternal(RewriteSemanticAnalyzer.java:67) ~[classes/:?]
	at org.apache.hadoop.hive.ql.parse.BaseSemanticAnalyzer.analyze(BaseSemanticAnalyzer.java:317) ~[classes/:?]
	at org.apache.hadoop.hive.ql.parse.UpdateDeleteSemanticAnalyzer.reparseAndSuperAnalyze(UpdateDeleteSemanticAnalyzer.java:208) ~[classes/:?]
	at org.apache.hadoop.hive.ql.parse.UpdateDeleteSemanticAnalyzer.analyzeUpdate(UpdateDeleteSemanticAnalyzer.java:63) ~[classes/:?]
	at org.apache.hadoop.hive.ql.parse.UpdateDeleteSemanticAnalyzer.analyze(UpdateDeleteSemanticAnalyzer.java:53) ~[classes/:?]
	at org.apache.hadoop.hive.ql.parse.RewriteSemanticAnalyzer.analyzeInternal(RewriteSemanticAnalyzer.java:72) ~[classes/:?]
	at org.apache.hadoop.hive.ql.parse.BaseSemanticAnalyzer.analyze(BaseSemanticAnalyzer.java:317) ~[classes/:?]
	at org.apache.hadoop.hive.ql.parse.ExplainSemanticAnalyzer.analyzeInternal(ExplainSemanticAnalyzer.java:175) ~[classes/:?]
	at org.apache.hadoop.hive.ql.parse.BaseSemanticAnalyzer.analyze(BaseSemanticAnalyzer.java:317) ~[classes/:?]
	at org.apache.hadoop.hive.ql.Compiler.analyze(Compiler.java:223) ~[classes/:?]
	at org.apache.hadoop.hive.ql.Compiler.compile(Compiler.java:105) ~[classes/:?]
	at org.apache.hadoop.hive.ql.Driver.compile(Driver.java:500) ~[classes/:?]
	at org.apache.hadoop.hive.ql.Driver.compileInternal(Driver.java:453) ~[classes/:?]
	at org.apache.hadoop.hive.ql.Driver.runInternal(Driver.java:181) ~[classes/:?]
	at org.apache.hadoop.hive.ql.Driver.run(Driver.java:153) ~[classes/:?]
	at org.apache.hadoop.hive.ql.Driver.run(Driver.java:140) ~[classes/:?]
	at org.apache.hadoop.hive.ql.TxnCommandsBaseForTests.runStatementOnDriver(TxnCommandsBaseForTests.java:245) ~[test-classes/:?]
	at org.apache.hadoop.hive.ql.TestTxnNoBuckets.testNoBuckets(TestTxnNoBuckets.java:109) ~[test-classes/:?]
	at sun.reflect.NativeMethodAccessorImpl.invoke0(Native Method) ~[?:1.8.0_402]
	at sun.reflect.NativeMethodAccessorImpl.invoke(NativeMethodAccessorImpl.java:62) ~[?:1.8.0_402]
	at sun.reflect.DelegatingMethodAccessorImpl.invoke(DelegatingMethodAccessorImpl.java:43) ~[?:1.8.0_402]
	at java.lang.reflect.Method.invoke(Method.java:498) ~[?:1.8.0_402]
	at org.junit.runners.model.FrameworkMethod$1.runReflectiveCall(FrameworkMethod.java:59) ~[junit-4.13.jar:4.13]
	at org.junit.internal.runners.model.ReflectiveCallable.run(ReflectiveCallable.java:12) ~[junit-4.13.jar:4.13]
	at org.junit.runners.model.FrameworkMethod.invokeExplosively(FrameworkMethod.java:56) ~[junit-4.13.jar:4.13]
	at org.junit.internal.runners.statements.InvokeMethod.evaluate(InvokeMethod.java:17) ~[junit-4.13.jar:4.13]
	at org.junit.internal.runners.statements.RunBefores.evaluate(RunBefores.java:26) ~[junit-4.13.jar:4.13]
	at org.junit.internal.runners.statements.RunAfters.evaluate(RunAfters.java:27) ~[junit-4.13.jar:4.13]
	at org.junit.rules.TestWatcher$1.evaluate(TestWatcher.java:61) ~[junit-4.13.jar:4.13]
	at org.junit.runners.ParentRunner$3.evaluate(ParentRunner.java:306) ~[junit-4.13.jar:4.13]
	at org.junit.runners.BlockJUnit4ClassRunner$1.evaluate(BlockJUnit4ClassRunner.java:100) ~[junit-4.13.jar:4.13]
	at org.junit.runners.ParentRunner.runLeaf(ParentRunner.java:366) ~[junit-4.13.jar:4.13]
	at org.junit.runners.BlockJUnit4ClassRunner.runChild(BlockJUnit4ClassRunner.java:103) ~[junit-4.13.jar:4.13]
	at org.junit.runners.BlockJUnit4ClassRunner.runChild(BlockJUnit4ClassRunner.java:63) ~[junit-4.13.jar:4.13]
	at org.junit.runners.ParentRunner$4.run(ParentRunner.java:331) ~[junit-4.13.jar:4.13]
	at org.junit.runners.ParentRunner$1.schedule(ParentRunner.java:79) ~[junit-4.13.jar:4.13]
	at org.junit.runners.ParentRunner.runChildren(ParentRunner.java:329) ~[junit-4.13.jar:4.13]
	at org.junit.runners.ParentRunner.access$100(ParentRunner.java:66) ~[junit-4.13.jar:4.13]
	at org.junit.runners.ParentRunner$2.evaluate(ParentRunner.java:293) ~[junit-4.13.jar:4.13]
	at org.junit.runners.ParentRunner$3.evaluate(ParentRunner.java:306) ~[junit-4.13.jar:4.13]
	at org.junit.runners.ParentRunner.run(ParentRunner.java:413) ~[junit-4.13.jar:4.13]
	at org.junit.runner.JUnitCore.run(JUnitCore.java:137) ~[junit-4.13.jar:4.13]
	at org.junit.runner.JUnitCore.run(JUnitCore.java:115) ~[junit-4.13.jar:4.13]
	at org.junit.vintage.engine.execution.RunnerExecutor.execute(RunnerExecutor.java:43) ~[junit-vintage-engine-5.6.2.jar:5.6.2]
	at java.util.stream.ForEachOps$ForEachOp$OfRef.accept(ForEachOps.java:183) ~[?:1.8.0_402]
	at java.util.stream.ReferencePipeline$3$1.accept(ReferencePipeline.java:193) ~[?:1.8.0_402]
	at java.util.Iterator.forEachRemaining(Iterator.java:116) ~[?:1.8.0_402]
	at java.util.Spliterators$IteratorSpliterator.forEachRemaining(Spliterators.java:1801) ~[?:1.8.0_402]
	at java.util.stream.AbstractPipeline.copyInto(AbstractPipeline.java:482) ~[?:1.8.0_402]
	at java.util.stream.AbstractPipeline.wrapAndCopyInto(AbstractPipeline.java:472) ~[?:1.8.0_402]
	at java.util.stream.ForEachOps$ForEachOp.evaluateSequential(ForEachOps.java:150) ~[?:1.8.0_402]
	at java.util.stream.ForEachOps$ForEachOp$OfRef.evaluateSequential(ForEachOps.java:173) ~[?:1.8.0_402]
	at java.util.stream.AbstractPipeline.evaluate(AbstractPipeline.java:234) ~[?:1.8.0_402]
	at java.util.stream.ReferencePipeline.forEach(ReferencePipeline.java:485) ~[?:1.8.0_402]
	at org.junit.vintage.engine.VintageTestEngine.executeAllChildren(VintageTestEngine.java:82) ~[junit-vintage-engine-5.6.2.jar:5.6.2]
	at org.junit.vintage.engine.VintageTestEngine.execute(VintageTestEngine.java:73) ~[junit-vintage-engine-5.6.2.jar:5.6.2]
	at org.junit.platform.launcher.core.DefaultLauncher.execute(DefaultLauncher.java:248) ~[junit-platform-launcher-1.6.2.jar:1.6.2]
	at org.junit.platform.launcher.core.DefaultLauncher.lambda$execute$5(DefaultLauncher.java:211) ~[junit-platform-launcher-1.6.2.jar:1.6.2]
	at org.junit.platform.launcher.core.DefaultLauncher.withInterceptedStreams(DefaultLauncher.java:226) [junit-platform-launcher-1.6.2.jar:1.6.2]
	at org.junit.platform.launcher.core.DefaultLauncher.execute(DefaultLauncher.java:199) [junit-platform-launcher-1.6.2.jar:1.6.2]
	at org.junit.platform.launcher.core.DefaultLauncher.execute(DefaultLauncher.java:132) [junit-platform-launcher-1.6.2.jar:1.6.2]
	at org.apache.maven.surefire.junitplatform.JUnitPlatformProvider.invokeAllTests(JUnitPlatformProvider.java:154) [surefire-junit-platform-3.0.0-M4.jar:3.0.0-M4]
	at org.apache.maven.surefire.junitplatform.JUnitPlatformProvider.invoke(JUnitPlatformProvider.java:123) [surefire-junit-platform-3.0.0-M4.jar:3.0.0-M4]
	at org.apache.maven.surefire.booter.ForkedBooter.runSuitesInProcess(ForkedBooter.java:377) [surefire-booter-3.0.0-M4.jar:3.0.0-M4]
	at org.apache.maven.surefire.booter.ForkedBooter.execute(ForkedBooter.java:138) [surefire-booter-3.0.0-M4.jar:3.0.0-M4]
	at org.apache.maven.surefire.booter.ForkedBooter.run(ForkedBooter.java:465) [surefire-booter-3.0.0-M4.jar:3.0.0-M4]
	at org.apache.maven.surefire.booter.ForkedBooter.main(ForkedBooter.java:451) [surefire-booter-3.0.0-M4.jar:3.0.0-M4]
2024-04-24T00:55:30,492 ERROR [main] parse.UpdateDeleteSemanticAnalyzer: CBO failed due to missing column stats (see previous errors), skipping CBO
FAILED: NoMatchingMethodException No matching method for class org.apache.hadoop.hive.ql.udf.UDFToInteger with (struct<writeid:bigint,bucketid:int,rowid:bigint>). Possible choices: _FUNC_(bigint)  _FUNC_(boolean)  _FUNC_(decimal(38,18))  _FUNC_(double)  _FUNC_(float)  _FUNC_(smallint)  _FUNC_(string)  _FUNC_(struct<bucketid:bigint,writeid:int,rowid:bigint>)  _FUNC_(timestamp)  _FUNC_(tinyint)  _FUNC_(void)  
2024-04-24T00:55:30,493 ERROR [main] ql.Driver: FAILED: NoMatchingMethodException No matching method for class org.apache.hadoop.hive.ql.udf.UDFToInteger with (struct<writeid:bigint,bucketid:int,rowid:bigint>). Possible choices: _FUNC_(bigint)  _FUNC_(boolean)  _FUNC_(decimal(38,18))  _FUNC_(double)  _FUNC_(float)  _FUNC_(smallint)  _FUNC_(string)  _FUNC_(struct<bucketid:bigint,writeid:int,rowid:bigint>)  _FUNC_(timestamp)  _FUNC_(tinyint)  _FUNC_(void)  
org.apache.hadoop.hive.ql.exec.NoMatchingMethodException: No matching method for class org.apache.hadoop.hive.ql.udf.UDFToInteger with (struct<writeid:bigint,bucketid:int,rowid:bigint>). Possible choices: _FUNC_(bigint)  _FUNC_(boolean)  _FUNC_(decimal(38,18))  _FUNC_(double)  _FUNC_(float)  _FUNC_(smallint)  _FUNC_(string)  _FUNC_(struct<bucketid:bigint,writeid:int,rowid:bigint>)  _FUNC_(timestamp)  _FUNC_(tinyint)  _FUNC_(void)  
	at org.apache.hadoop.hive.ql.exec.MethodUtils.getMethodInternal(MethodUtils.java:130)
	at org.apache.hadoop.hive.ql.exec.MethodUtils.getMethodInternal(MethodUtils.java:60)
	at org.apache.hadoop.hive.ql.exec.DefaultUDFMethodResolver.getEvalMethod(DefaultUDFMethodResolver.java:59)
	at org.apache.hadoop.hive.ql.udf.TimestampCastRestrictorResolver.getEvalMethod(TimestampCastRestrictorResolver.java:68)
	at org.apache.hadoop.hive.ql.udf.generic.GenericUDFBridge.initialize(GenericUDFBridge.java:168)
	at org.apache.hadoop.hive.ql.udf.generic.GenericUDF.initializeAndFoldConstants(GenericUDF.java:149)
	at org.apache.hadoop.hive.ql.plan.ExprNodeGenericFuncDesc.newInstance(ExprNodeGenericFuncDesc.java:235)
	at org.apache.hadoop.hive.ql.parse.type.ExprNodeDescExprFactory.createFuncCallExpr(ExprNodeDescExprFactory.java:584)
	at org.apache.hadoop.hive.ql.parse.type.ExprNodeDescExprFactory.createFuncCallExpr(ExprNodeDescExprFactory.java:97)
	at org.apache.hadoop.hive.ql.parse.type.TypeCheckProcFactory$DefaultExprProcessor.getFuncExprNodeDescWithUdfData(TypeCheckProcFactory.java:762)
	at org.apache.hadoop.hive.ql.parse.type.TypeCheckProcFactory$DefaultExprProcessor.createConversionCast(TypeCheckProcFactory.java:783)
	at org.apache.hadoop.hive.ql.parse.SemanticAnalyzer.getPartitionColsFromBucketColsForUpdateDelete(SemanticAnalyzer.java:8725)
	at org.apache.hadoop.hive.ql.parse.SemanticAnalyzer.genBucketingSortingDest(SemanticAnalyzer.java:6914)
	at org.apache.hadoop.hive.ql.parse.SemanticAnalyzer.genFileSinkPlan(SemanticAnalyzer.java:7335)
	at org.apache.hadoop.hive.ql.parse.SemanticAnalyzer.genPostGroupByBodyPlan(SemanticAnalyzer.java:11063)
	at org.apache.hadoop.hive.ql.parse.SemanticAnalyzer.genBodyPlan(SemanticAnalyzer.java:10938)
	at org.apache.hadoop.hive.ql.parse.SemanticAnalyzer.genPlan(SemanticAnalyzer.java:11853)
	at org.apache.hadoop.hive.ql.parse.SemanticAnalyzer.genPlan(SemanticAnalyzer.java:11723)
	at org.apache.hadoop.hive.ql.parse.CalcitePlanner.genOPTree(CalcitePlanner.java:626)
	at org.apache.hadoop.hive.ql.parse.SemanticAnalyzer.analyzeInternal(SemanticAnalyzer.java:12558)
	at org.apache.hadoop.hive.ql.parse.CalcitePlanner.analyzeInternal(CalcitePlanner.java:456)
	at org.apache.hadoop.hive.ql.parse.RewriteSemanticAnalyzer.analyzeInternal(RewriteSemanticAnalyzer.java:67)
	at org.apache.hadoop.hive.ql.parse.BaseSemanticAnalyzer.analyze(BaseSemanticAnalyzer.java:317)
	at org.apache.hadoop.hive.ql.parse.UpdateDeleteSemanticAnalyzer.reparseAndSuperAnalyze(UpdateDeleteSemanticAnalyzer.java:208)
	at org.apache.hadoop.hive.ql.parse.UpdateDeleteSemanticAnalyzer.analyzeUpdate(UpdateDeleteSemanticAnalyzer.java:63)
	at org.apache.hadoop.hive.ql.parse.UpdateDeleteSemanticAnalyzer.analyze(UpdateDeleteSemanticAnalyzer.java:53)
	at org.apache.hadoop.hive.ql.parse.RewriteSemanticAnalyzer.analyzeInternal(RewriteSemanticAnalyzer.java:72)
	at org.apache.hadoop.hive.ql.parse.BaseSemanticAnalyzer.analyze(BaseSemanticAnalyzer.java:317)
	at org.apache.hadoop.hive.ql.parse.ExplainSemanticAnalyzer.analyzeInternal(ExplainSemanticAnalyzer.java:175)
	at org.apache.hadoop.hive.ql.parse.BaseSemanticAnalyzer.analyze(BaseSemanticAnalyzer.java:317)
	at org.apache.hadoop.hive.ql.Compiler.analyze(Compiler.java:223)
	at org.apache.hadoop.hive.ql.Compiler.compile(Compiler.java:105)
	at org.apache.hadoop.hive.ql.Driver.compile(Driver.java:500)
	at org.apache.hadoop.hive.ql.Driver.compileInternal(Driver.java:453)
	at org.apache.hadoop.hive.ql.Driver.runInternal(Driver.java:181)
	at org.apache.hadoop.hive.ql.Driver.run(Driver.java:153)
	at org.apache.hadoop.hive.ql.Driver.run(Driver.java:140)
	at org.apache.hadoop.hive.ql.TxnCommandsBaseForTests.runStatementOnDriver(TxnCommandsBaseForTests.java:245)
	at org.apache.hadoop.hive.ql.TestTxnNoBuckets.testNoBuckets(TestTxnNoBuckets.java:109)
	at sun.reflect.NativeMethodAccessorImpl.invoke0(Native Method)
	at sun.reflect.NativeMethodAccessorImpl.invoke(NativeMethodAccessorImpl.java:62)
	at sun.reflect.DelegatingMethodAccessorImpl.invoke(DelegatingMethodAccessorImpl.java:43)
	at java.lang.reflect.Method.invoke(Method.java:498)
	at org.junit.runners.model.FrameworkMethod$1.runReflectiveCall(FrameworkMethod.java:59)
	at org.junit.internal.runners.model.ReflectiveCallable.run(ReflectiveCallable.java:12)
	at org.junit.runners.model.FrameworkMethod.invokeExplosively(FrameworkMethod.java:56)
	at org.junit.internal.runners.statements.InvokeMethod.evaluate(InvokeMethod.java:17)
	at org.junit.internal.runners.statements.RunBefores.evaluate(RunBefores.java:26)
	at org.junit.internal.runners.statements.RunAfters.evaluate(RunAfters.java:27)
	at org.junit.rules.TestWatcher$1.evaluate(TestWatcher.java:61)
	at org.junit.runners.ParentRunner$3.evaluate(ParentRunner.java:306)
	at org.junit.runners.BlockJUnit4ClassRunner$1.evaluate(BlockJUnit4ClassRunner.java:100)
	at org.junit.runners.ParentRunner.runLeaf(ParentRunner.java:366)
	at org.junit.runners.BlockJUnit4ClassRunner.runChild(BlockJUnit4ClassRunner.java:103)
	at org.junit.runners.BlockJUnit4ClassRunner.runChild(BlockJUnit4ClassRunner.java:63)
	at org.junit.runners.ParentRunner$4.run(ParentRunner.java:331)
	at org.junit.runners.ParentRunner$1.schedule(ParentRunner.java:79)
	at org.junit.runners.ParentRunner.runChildren(ParentRunner.java:329)
	at org.junit.runners.ParentRunner.access$100(ParentRunner.java:66)
	at org.junit.runners.ParentRunner$2.evaluate(ParentRunner.java:293)
	at org.junit.runners.ParentRunner$3.evaluate(ParentRunner.java:306)
	at org.junit.runners.ParentRunner.run(ParentRunner.java:413)
	at org.junit.runner.JUnitCore.run(JUnitCore.java:137)
	at org.junit.runner.JUnitCore.run(JUnitCore.java:115)
	at org.junit.vintage.engine.execution.RunnerExecutor.execute(RunnerExecutor.java:43)
	at java.util.stream.ForEachOps$ForEachOp$OfRef.accept(ForEachOps.java:183)
	at java.util.stream.ReferencePipeline$3$1.accept(ReferencePipeline.java:193)
	at java.util.Iterator.forEachRemaining(Iterator.java:116)
	at java.util.Spliterators$IteratorSpliterator.forEachRemaining(Spliterators.java:1801)
	at java.util.stream.AbstractPipeline.copyInto(AbstractPipeline.java:482)
	at java.util.stream.AbstractPipeline.wrapAndCopyInto(AbstractPipeline.java:472)
	at java.util.stream.ForEachOps$ForEachOp.evaluateSequential(ForEachOps.java:150)
	at java.util.stream.ForEachOps$ForEachOp$OfRef.evaluateSequential(ForEachOps.java:173)
	at java.util.stream.AbstractPipeline.evaluate(AbstractPipeline.java:234)
	at java.util.stream.ReferencePipeline.forEach(ReferencePipeline.java:485)
	at org.junit.vintage.engine.VintageTestEngine.executeAllChildren(VintageTestEngine.java:82)
	at org.junit.vintage.engine.VintageTestEngine.execute(VintageTestEngine.java:73)
	at org.junit.platform.launcher.core.DefaultLauncher.execute(DefaultLauncher.java:248)
	at org.junit.platform.launcher.core.DefaultLauncher.lambda$execute$5(DefaultLauncher.java:211)
	at org.junit.platform.launcher.core.DefaultLauncher.withInterceptedStreams(DefaultLauncher.java:226)
	at org.junit.platform.launcher.core.DefaultLauncher.execute(DefaultLauncher.java:199)
	at org.junit.platform.launcher.core.DefaultLauncher.execute(DefaultLauncher.java:132)
	at org.apache.maven.surefire.junitplatform.JUnitPlatformProvider.invokeAllTests(JUnitPlatformProvider.java:154)
	at org.apache.maven.surefire.junitplatform.JUnitPlatformProvider.invoke(JUnitPlatformProvider.java:123)
	at org.apache.maven.surefire.booter.ForkedBooter.runSuitesInProcess(ForkedBooter.java:377)
	at org.apache.maven.surefire.booter.ForkedBooter.execute(ForkedBooter.java:138)
	at org.apache.maven.surefire.booter.ForkedBooter.run(ForkedBooter.java:465)
	at org.apache.maven.surefire.booter.ForkedBooter.main(ForkedBooter.java:451)

2024-04-24T00:55:30,493  INFO [main] metadata.Hive: Dumping metastore api call timing information for : compilation phase
2024-04-24T00:55:30,494  INFO [main] metadata.Hive: Total time spent in each metastore function (ms): {commitTxn_(CommitTxnRequest)=11, flushCache_()=0, getTable_(GetTableRequest)=33, getAllTableConstraints_(AllTableConstraintsRequest)=6, getNotNullConstraints_(NotNullConstraintsRequest)=2, openTxn_(String, TxnType)=2, getValidTxns_(long)=1, isCompatibleWith_(Configuration)=1, getTableColumnStatistics_(String, String, List, String)=9, getCheckConstraints_(CheckConstraintsRequest)=1, getValidWriteIds_(List, String)=3}
2024-04-24T00:55:30,494  INFO [main] ql.Driver: Completed compiling command(queryId=alex_20240424005530_fd6bba0b-f80b-4dd3-bd1b-e0a473442d46); Time taken: 0.173 seconds
2024-04-24T00:55:30,494  INFO [main] lockmgr.DbTxnManager: Stopped heartbeat for query: null
2024-04-24T00:55:30,497  INFO [main] txn.TxnHandler: Removed transactions: ([21]) from MIN_HISTORY_LEVEL
2024-04-24T00:55:30,505  INFO [main] ql.TxnCommandsBaseForTests: Running the query: drop table if exists acidTbl
2024-04-24T00:55:30,505  INFO [main] ql.Driver: Compiling command(queryId=alex_20240424005530_094b80a4-3a8a-4d05-87e6-7c58dddf802d): drop table if exists acidTbl
2024-04-24T00:55:30,507  INFO [main] txn.TxnHandler: Added entries to MIN_HISTORY_LEVEL for current txns: ([22]) with min_open_txn: 21
2024-04-24T00:55:30,508  INFO [main] lockmgr.DbTxnManager: Opened txnid:22
2024-04-24T00:55:30,508  INFO [main] HiveMetaStore.audit: ugi=alex	ip=unknown-ip-addr	cmd=get_table : tbl=hive.default.acidTbl	
2024-04-24T00:55:30,515  INFO [main] metastore.HMSHandler: Skipping translation for processor with null
2024-04-24T00:55:30,515  INFO [main] ql.Driver: Semantic Analysis Completed (retrial = false)
2024-04-24T00:55:30,515  INFO [main] ql.Driver: Created Hive schema: Schema(fieldSchemas:null, properties:null)
2024-04-24T00:55:30,515  INFO [main] metadata.Hive: Dumping metastore api call timing information for : compilation phase
2024-04-24T00:55:30,516  INFO [main] metadata.Hive: Total time spent in each metastore function (ms): {flushCache_()=0, openTxn_(String, TxnType)=3, rollbackTxn_(long)=10, getTable_(GetTableRequest)=7, getValidTxns_(long)=0, isCompatibleWith_(Configuration)=0}
2024-04-24T00:55:30,516  INFO [main] ql.Driver: Completed compiling command(queryId=alex_20240424005530_094b80a4-3a8a-4d05-87e6-7c58dddf802d); Time taken: 0.01 seconds
2024-04-24T00:55:30,516  INFO [main] lockmgr.DbTxnManager: Setting lock request transaction to txnid:22 for queryId=alex_20240424005530_094b80a4-3a8a-4d05-87e6-7c58dddf802d
2024-04-24T00:55:30,517  INFO [main] lockmgr.DbLockManager: Requesting lock for queryId=alex_20240424005530_094b80a4-3a8a-4d05-87e6-7c58dddf802d
2024-04-24T00:55:30,532  INFO [main] lockmgr.DbLockManager: Response to queryId=alex_20240424005530_094b80a4-3a8a-4d05-87e6-7c58dddf802d LockResponse(lockid:15, state:ACQUIRED)
2024-04-24T00:55:30,532  INFO [main] ql.Driver: Operation DROPTABLE obtained 1 locks
2024-04-24T00:55:30,532  INFO [main] ql.Driver: Executing command(queryId=alex_20240424005530_094b80a4-3a8a-4d05-87e6-7c58dddf802d): drop table if exists acidTbl
2024-04-24T00:55:30,532  INFO [main] ql.Driver: Starting task [Stage-0:DDL] in serial mode
2024-04-24T00:55:30,533  INFO [main] HiveMetaStore.audit: ugi=alex	ip=unknown-ip-addr	cmd=get_table : tbl=hive.default.acidTbl	
2024-04-24T00:55:30,540  INFO [main] metastore.HMSHandler: Skipping translation for processor with null
2024-04-24T00:55:30,540  INFO [main] HiveMetaStore.audit: ugi=alex	ip=unknown-ip-addr	cmd=get_table : tbl=hive.default.acidTbl	
2024-04-24T00:55:30,548  INFO [main] metastore.HMSHandler: Skipping translation for processor with null
2024-04-24T00:55:30,548  INFO [main] HiveMetaStore.audit: ugi=alex	ip=unknown-ip-addr	cmd=drop_table : tbl=hive.default.acidTbl	
2024-04-24T00:55:30,651  INFO [main] metadata.Hive: Dumping metastore api call timing information for : execution phase
2024-04-24T00:55:30,651  INFO [main] metadata.Hive: Total time spent in each metastore function (ms): {dropTable_(String, String, boolean, boolean, boolean)=111, isCompatibleWith_(Configuration)=0, getTable_(GetTableRequest)=8}
2024-04-24T00:55:30,651  INFO [main] ql.Driver: Completed executing command(queryId=alex_20240424005530_094b80a4-3a8a-4d05-87e6-7c58dddf802d); Time taken: 0.119 seconds
2024-04-24T00:55:30,651  INFO [main] lockmgr.DbTxnManager: Stopped heartbeat for query: alex_20240424005530_094b80a4-3a8a-4d05-87e6-7c58dddf802d
2024-04-24T00:55:30,655  INFO [main] txn.TxnHandler: Expected to move at least one record from txn_components to completed_txn_components when committing txn! txnid:22
2024-04-24T00:55:30,660  INFO [main] txn.TxnHandler: Removed transactions: ([22]) from MIN_HISTORY_LEVEL
2024-04-24T00:55:30,660  WARN [main] txn.CompactionTxnHandler: No compaction queue record found for Compaction type transaction commit. txnId:22
2024-04-24T00:55:30,661  INFO [main] ql.TxnCommandsBaseForTests: Running the query: drop table if exists acidTblPart
2024-04-24T00:55:30,661  INFO [main] ql.Driver: Compiling command(queryId=alex_20240424005530_ef5b22f0-91cc-48ab-8cae-2853a860aaa4): drop table if exists acidTblPart
2024-04-24T00:55:30,663  INFO [main] txn.TxnHandler: Added entries to MIN_HISTORY_LEVEL for current txns: ([23]) with min_open_txn: 21
2024-04-24T00:55:30,664  INFO [main] lockmgr.DbTxnManager: Opened txnid:23
2024-04-24T00:55:30,664  INFO [main] HiveMetaStore.audit: ugi=alex	ip=unknown-ip-addr	cmd=get_table : tbl=hive.default.acidTblPart	
2024-04-24T00:55:30,676  INFO [main] metastore.HMSHandler: Skipping translation for processor with null
2024-04-24T00:55:30,677  INFO [main] ql.Driver: Semantic Analysis Completed (retrial = false)
2024-04-24T00:55:30,677  INFO [main] ql.Driver: Created Hive schema: Schema(fieldSchemas:null, properties:null)
2024-04-24T00:55:30,677  INFO [main] metadata.Hive: Dumping metastore api call timing information for : compilation phase
2024-04-24T00:55:30,677  INFO [main] metadata.Hive: Total time spent in each metastore function (ms): {getValidTxns_(long)=0, commitTxn_(CommitTxnRequest)=10, getTable_(GetTableRequest)=13, openTxn_(String, TxnType)=2, isCompatibleWith_(Configuration)=0, flushCache_()=0}
2024-04-24T00:55:30,677  INFO [main] ql.Driver: Completed compiling command(queryId=alex_20240424005530_ef5b22f0-91cc-48ab-8cae-2853a860aaa4); Time taken: 0.016 seconds
2024-04-24T00:55:30,677  INFO [main] lockmgr.DbTxnManager: Setting lock request transaction to txnid:23 for queryId=alex_20240424005530_ef5b22f0-91cc-48ab-8cae-2853a860aaa4
2024-04-24T00:55:30,678  INFO [main] lockmgr.DbLockManager: Requesting lock for queryId=alex_20240424005530_ef5b22f0-91cc-48ab-8cae-2853a860aaa4
2024-04-24T00:55:30,691  INFO [main] lockmgr.DbLockManager: Response to queryId=alex_20240424005530_ef5b22f0-91cc-48ab-8cae-2853a860aaa4 LockResponse(lockid:16, state:ACQUIRED)
2024-04-24T00:55:30,691  INFO [main] ql.Driver: Operation DROPTABLE obtained 1 locks
2024-04-24T00:55:30,691  INFO [main] ql.Driver: Executing command(queryId=alex_20240424005530_ef5b22f0-91cc-48ab-8cae-2853a860aaa4): drop table if exists acidTblPart
2024-04-24T00:55:30,692  INFO [main] ql.Driver: Starting task [Stage-0:DDL] in serial mode
2024-04-24T00:55:30,692  INFO [main] HiveMetaStore.audit: ugi=alex	ip=unknown-ip-addr	cmd=get_table : tbl=hive.default.acidTblPart	
2024-04-24T00:55:30,699  INFO [main] metastore.HMSHandler: Skipping translation for processor with null
2024-04-24T00:55:30,699  INFO [main] HiveMetaStore.audit: ugi=alex	ip=unknown-ip-addr	cmd=get_table : tbl=hive.default.acidTblPart	
2024-04-24T00:55:30,706  INFO [main] metastore.HMSHandler: Skipping translation for processor with null
2024-04-24T00:55:30,706  INFO [main] HiveMetaStore.audit: ugi=alex	ip=unknown-ip-addr	cmd=drop_table : tbl=hive.default.acidTblPart	
2024-04-24T00:55:30,746  INFO [main] metadata.Hive: Dumping metastore api call timing information for : execution phase
2024-04-24T00:55:30,746  INFO [main] metadata.Hive: Total time spent in each metastore function (ms): {getTable_(GetTableRequest)=7, dropTable_(String, String, boolean, boolean, boolean)=47, isCompatibleWith_(Configuration)=0}
2024-04-24T00:55:30,747  INFO [main] ql.Driver: Completed executing command(queryId=alex_20240424005530_ef5b22f0-91cc-48ab-8cae-2853a860aaa4); Time taken: 0.055 seconds
2024-04-24T00:55:30,747  INFO [main] lockmgr.DbTxnManager: Stopped heartbeat for query: alex_20240424005530_ef5b22f0-91cc-48ab-8cae-2853a860aaa4
2024-04-24T00:55:30,750  INFO [main] txn.TxnHandler: Expected to move at least one record from txn_components to completed_txn_components when committing txn! txnid:23
2024-04-24T00:55:30,755  INFO [main] txn.TxnHandler: Removed transactions: ([23]) from MIN_HISTORY_LEVEL
2024-04-24T00:55:30,756  WARN [main] txn.CompactionTxnHandler: No compaction queue record found for Compaction type transaction commit. txnId:23
2024-04-24T00:55:30,756  INFO [main] ql.TxnCommandsBaseForTests: Running the query: drop table if exists acidTbl2
2024-04-24T00:55:30,756  INFO [main] ql.Driver: Compiling command(queryId=alex_20240424005530_aa7df8fd-e741-45d4-81e3-b008fb30a816): drop table if exists acidTbl2
2024-04-24T00:55:30,759  INFO [main] txn.TxnHandler: Added entries to MIN_HISTORY_LEVEL for current txns: ([24]) with min_open_txn: 21
2024-04-24T00:55:30,759  INFO [main] lockmgr.DbTxnManager: Opened txnid:24
2024-04-24T00:55:30,760  INFO [main] ql.Driver: Semantic Analysis Completed (retrial = false)
2024-04-24T00:55:30,760  INFO [main] ql.Driver: Created Hive schema: Schema(fieldSchemas:null, properties:null)
2024-04-24T00:55:30,760  INFO [main] metadata.Hive: Dumping metastore api call timing information for : compilation phase
2024-04-24T00:55:30,760  INFO [main] metadata.Hive: Total time spent in each metastore function (ms): {commitTxn_(CommitTxnRequest)=9, isCompatibleWith_(Configuration)=0, getTable_(GetTableRequest)=0, getValidTxns_(long)=1, openTxn_(String, TxnType)=2, flushCache_()=0}
2024-04-24T00:55:30,760  INFO [main] ql.Driver: Completed compiling command(queryId=alex_20240424005530_aa7df8fd-e741-45d4-81e3-b008fb30a816); Time taken: 0.004 seconds
2024-04-24T00:55:30,761  INFO [main] lockmgr.DbTxnManager: Setting lock request transaction to txnid:24 for queryId=alex_20240424005530_aa7df8fd-e741-45d4-81e3-b008fb30a816
2024-04-24T00:55:30,761  INFO [main] ql.Driver: Operation DROPTABLE obtained 0 locks
2024-04-24T00:55:30,761  INFO [main] ql.Driver: Executing command(queryId=alex_20240424005530_aa7df8fd-e741-45d4-81e3-b008fb30a816): drop table if exists acidTbl2
2024-04-24T00:55:30,761  INFO [main] ql.Driver: Starting task [Stage-0:DDL] in serial mode
2024-04-24T00:55:30,761  INFO [main] metadata.SessionHiveMetaStoreClient: Column stats doesn't exist for db=default temp table=acidTbl2
2024-04-24T00:55:30,762  INFO [main] metadata.Hive: Dumping metastore api call timing information for : execution phase
2024-04-24T00:55:30,762  INFO [main] metadata.Hive: Total time spent in each metastore function (ms): {isCompatibleWith_(Configuration)=0, getTable_(GetTableRequest)=0, dropTable_(String, String, boolean, boolean, boolean)=1}
2024-04-24T00:55:30,762  INFO [main] ql.Driver: Completed executing command(queryId=alex_20240424005530_aa7df8fd-e741-45d4-81e3-b008fb30a816); Time taken: 0.001 seconds
2024-04-24T00:55:30,762  INFO [main] lockmgr.DbTxnManager: Stopped heartbeat for query: alex_20240424005530_aa7df8fd-e741-45d4-81e3-b008fb30a816
2024-04-24T00:55:30,767  INFO [main] txn.TxnHandler: Expected to move at least one record from txn_components to completed_txn_components when committing txn! txnid:24
2024-04-24T00:55:30,772  INFO [main] txn.TxnHandler: Removed transactions: ([24]) from MIN_HISTORY_LEVEL
2024-04-24T00:55:30,772  WARN [main] txn.CompactionTxnHandler: No compaction queue record found for Compaction type transaction commit. txnId:24
2024-04-24T00:55:30,773  INFO [main] ql.TxnCommandsBaseForTests: Running the query: drop table if exists nonAcidOrcTbl
2024-04-24T00:55:30,773  INFO [main] ql.Driver: Compiling command(queryId=alex_20240424005530_bc45fb50-3169-4395-b11a-2c3a93ccb3e4): drop table if exists nonAcidOrcTbl
2024-04-24T00:55:30,775  INFO [main] txn.TxnHandler: Added entries to MIN_HISTORY_LEVEL for current txns: ([25]) with min_open_txn: 21
2024-04-24T00:55:30,775  INFO [main] lockmgr.DbTxnManager: Opened txnid:25
2024-04-24T00:55:30,776  INFO [main] HiveMetaStore.audit: ugi=alex	ip=unknown-ip-addr	cmd=get_table : tbl=hive.default.nonAcidOrcTbl	
2024-04-24T00:55:30,797  INFO [main] metastore.HMSHandler: Skipping translation for processor with null
2024-04-24T00:55:30,797  INFO [main] ql.Driver: Semantic Analysis Completed (retrial = false)
2024-04-24T00:55:30,797  INFO [main] ql.Driver: Created Hive schema: Schema(fieldSchemas:null, properties:null)
2024-04-24T00:55:30,797  INFO [main] metadata.Hive: Dumping metastore api call timing information for : compilation phase
2024-04-24T00:55:30,797  INFO [main] metadata.Hive: Total time spent in each metastore function (ms): {flushCache_()=0, isCompatibleWith_(Configuration)=0, commitTxn_(CommitTxnRequest)=10, getValidTxns_(long)=0, openTxn_(String, TxnType)=2, getTable_(GetTableRequest)=21}
2024-04-24T00:55:30,797  INFO [main] ql.Driver: Completed compiling command(queryId=alex_20240424005530_bc45fb50-3169-4395-b11a-2c3a93ccb3e4); Time taken: 0.024 seconds
2024-04-24T00:55:30,797  INFO [main] lockmgr.DbTxnManager: Setting lock request transaction to txnid:25 for queryId=alex_20240424005530_bc45fb50-3169-4395-b11a-2c3a93ccb3e4
2024-04-24T00:55:30,798  INFO [main] lockmgr.DbLockManager: Requesting lock for queryId=alex_20240424005530_bc45fb50-3169-4395-b11a-2c3a93ccb3e4
2024-04-24T00:55:30,811  INFO [main] lockmgr.DbLockManager: Response to queryId=alex_20240424005530_bc45fb50-3169-4395-b11a-2c3a93ccb3e4 LockResponse(lockid:17, state:ACQUIRED)
2024-04-24T00:55:30,811  INFO [main] ql.Driver: Operation DROPTABLE obtained 1 locks
2024-04-24T00:55:30,812  INFO [main] ql.Driver: Executing command(queryId=alex_20240424005530_bc45fb50-3169-4395-b11a-2c3a93ccb3e4): drop table if exists nonAcidOrcTbl
2024-04-24T00:55:30,812  INFO [main] ql.Driver: Starting task [Stage-0:DDL] in serial mode
2024-04-24T00:55:30,812  INFO [main] HiveMetaStore.audit: ugi=alex	ip=unknown-ip-addr	cmd=get_table : tbl=hive.default.nonAcidOrcTbl	
2024-04-24T00:55:30,821  INFO [main] metastore.HMSHandler: Skipping translation for processor with null
2024-04-24T00:55:30,821  INFO [main] HiveMetaStore.audit: ugi=alex	ip=unknown-ip-addr	cmd=get_table : tbl=hive.default.nonAcidOrcTbl	
2024-04-24T00:55:30,830  INFO [main] metastore.HMSHandler: Skipping translation for processor with null
2024-04-24T00:55:30,830  INFO [main] HiveMetaStore.audit: ugi=alex	ip=unknown-ip-addr	cmd=drop_table : tbl=hive.default.nonAcidOrcTbl	
2024-04-24T00:55:30,902  INFO [main] metadata.Hive: Dumping metastore api call timing information for : execution phase
2024-04-24T00:55:30,902  INFO [main] metadata.Hive: Total time spent in each metastore function (ms): {dropTable_(String, String, boolean, boolean, boolean)=81, getTable_(GetTableRequest)=9, isCompatibleWith_(Configuration)=0}
2024-04-24T00:55:30,903  INFO [main] ql.Driver: Completed executing command(queryId=alex_20240424005530_bc45fb50-3169-4395-b11a-2c3a93ccb3e4); Time taken: 0.091 seconds
2024-04-24T00:55:30,903  INFO [main] lockmgr.DbTxnManager: Stopped heartbeat for query: alex_20240424005530_bc45fb50-3169-4395-b11a-2c3a93ccb3e4
2024-04-24T00:55:30,906  INFO [main] txn.TxnHandler: Expected to move at least one record from txn_components to completed_txn_components when committing txn! txnid:25
2024-04-24T00:55:30,912  INFO [main] txn.TxnHandler: Removed transactions: ([25]) from MIN_HISTORY_LEVEL
2024-04-24T00:55:30,912  WARN [main] txn.CompactionTxnHandler: No compaction queue record found for Compaction type transaction commit. txnId:25
2024-04-24T00:55:30,913  INFO [main] ql.TxnCommandsBaseForTests: Running the query: drop table if exists nonAcidOrcTbl2
2024-04-24T00:55:30,913  INFO [main] ql.Driver: Compiling command(queryId=alex_20240424005530_2cef114c-e83a-45aa-a8e8-207fb64a8cc1): drop table if exists nonAcidOrcTbl2
2024-04-24T00:55:30,915  INFO [main] txn.TxnHandler: Added entries to MIN_HISTORY_LEVEL for current txns: ([26]) with min_open_txn: 21
2024-04-24T00:55:30,915  INFO [main] lockmgr.DbTxnManager: Opened txnid:26
2024-04-24T00:55:30,916  INFO [main] HiveMetaStore.audit: ugi=alex	ip=unknown-ip-addr	cmd=get_table : tbl=hive.default.nonAcidOrcTbl2	
2024-04-24T00:55:30,931  INFO [main] metastore.HMSHandler: Skipping translation for processor with null
2024-04-24T00:55:30,931  INFO [main] ql.Driver: Semantic Analysis Completed (retrial = false)
2024-04-24T00:55:30,931  INFO [main] ql.Driver: Created Hive schema: Schema(fieldSchemas:null, properties:null)
2024-04-24T00:55:30,931  INFO [main] metadata.Hive: Dumping metastore api call timing information for : compilation phase
2024-04-24T00:55:30,931  INFO [main] metadata.Hive: Total time spent in each metastore function (ms): {flushCache_()=0, commitTxn_(CommitTxnRequest)=9, isCompatibleWith_(Configuration)=1, openTxn_(String, TxnType)=2, getValidTxns_(long)=0, getTable_(GetTableRequest)=15}
2024-04-24T00:55:30,932  INFO [main] ql.Driver: Completed compiling command(queryId=alex_20240424005530_2cef114c-e83a-45aa-a8e8-207fb64a8cc1); Time taken: 0.018 seconds
2024-04-24T00:55:30,932  INFO [main] lockmgr.DbTxnManager: Setting lock request transaction to txnid:26 for queryId=alex_20240424005530_2cef114c-e83a-45aa-a8e8-207fb64a8cc1
2024-04-24T00:55:30,933  INFO [main] lockmgr.DbLockManager: Requesting lock for queryId=alex_20240424005530_2cef114c-e83a-45aa-a8e8-207fb64a8cc1
2024-04-24T00:55:30,953  INFO [main] lockmgr.DbLockManager: Response to queryId=alex_20240424005530_2cef114c-e83a-45aa-a8e8-207fb64a8cc1 LockResponse(lockid:18, state:ACQUIRED)
2024-04-24T00:55:30,953  INFO [main] ql.Driver: Operation DROPTABLE obtained 1 locks
2024-04-24T00:55:30,953  INFO [main] ql.Driver: Executing command(queryId=alex_20240424005530_2cef114c-e83a-45aa-a8e8-207fb64a8cc1): drop table if exists nonAcidOrcTbl2
2024-04-24T00:55:30,953  INFO [main] ql.Driver: Starting task [Stage-0:DDL] in serial mode
2024-04-24T00:55:30,953  INFO [main] HiveMetaStore.audit: ugi=alex	ip=unknown-ip-addr	cmd=get_table : tbl=hive.default.nonAcidOrcTbl2	
2024-04-24T00:55:30,962  INFO [main] metastore.HMSHandler: Skipping translation for processor with null
2024-04-24T00:55:30,963  INFO [main] HiveMetaStore.audit: ugi=alex	ip=unknown-ip-addr	cmd=get_table : tbl=hive.default.nonAcidOrcTbl2	
2024-04-24T00:55:30,972  INFO [main] metastore.HMSHandler: Skipping translation for processor with null
2024-04-24T00:55:30,972  INFO [main] HiveMetaStore.audit: ugi=alex	ip=unknown-ip-addr	cmd=drop_table : tbl=hive.default.nonAcidOrcTbl2	
2024-04-24T00:55:31,007  INFO [main] metadata.Hive: Dumping metastore api call timing information for : execution phase
2024-04-24T00:55:31,007  INFO [main] metadata.Hive: Total time spent in each metastore function (ms): {getTable_(GetTableRequest)=10, dropTable_(String, String, boolean, boolean, boolean)=44, isCompatibleWith_(Configuration)=0}
2024-04-24T00:55:31,007  INFO [main] ql.Driver: Completed executing command(queryId=alex_20240424005530_2cef114c-e83a-45aa-a8e8-207fb64a8cc1); Time taken: 0.054 seconds
2024-04-24T00:55:31,008  INFO [main] lockmgr.DbTxnManager: Stopped heartbeat for query: alex_20240424005530_2cef114c-e83a-45aa-a8e8-207fb64a8cc1
2024-04-24T00:55:31,011  INFO [main] txn.TxnHandler: Expected to move at least one record from txn_components to completed_txn_components when committing txn! txnid:26
2024-04-24T00:55:31,016  INFO [main] txn.TxnHandler: Removed transactions: ([26]) from MIN_HISTORY_LEVEL
2024-04-24T00:55:31,016  WARN [main] txn.CompactionTxnHandler: No compaction queue record found for Compaction type transaction commit. txnId:26
2024-04-24T00:55:31,017  INFO [main] ql.TxnCommandsBaseForTests: Running the query: drop table if exists nonAcidNonBucket
2024-04-24T00:55:31,017  INFO [main] ql.Driver: Compiling command(queryId=alex_20240424005531_f3fab7fa-311e-4474-bd66-3db67e3fc2bd): drop table if exists nonAcidNonBucket
2024-04-24T00:55:31,019  INFO [main] txn.TxnHandler: Added entries to MIN_HISTORY_LEVEL for current txns: ([27]) with min_open_txn: 21
2024-04-24T00:55:31,020  INFO [main] lockmgr.DbTxnManager: Opened txnid:27
2024-04-24T00:55:31,020  INFO [main] HiveMetaStore.audit: ugi=alex	ip=unknown-ip-addr	cmd=get_table : tbl=hive.default.nonAcidNonBucket	
2024-04-24T00:55:31,029  INFO [main] metastore.HMSHandler: Skipping translation for processor with null
2024-04-24T00:55:31,029  INFO [main] ql.Driver: Semantic Analysis Completed (retrial = false)
2024-04-24T00:55:31,029  INFO [main] ql.Driver: Created Hive schema: Schema(fieldSchemas:null, properties:null)
2024-04-24T00:55:31,029  INFO [main] metadata.Hive: Dumping metastore api call timing information for : compilation phase
2024-04-24T00:55:31,029  INFO [main] metadata.Hive: Total time spent in each metastore function (ms): {flushCache_()=0, commitTxn_(CommitTxnRequest)=9, openTxn_(String, TxnType)=2, getTable_(GetTableRequest)=9, isCompatibleWith_(Configuration)=0, getValidTxns_(long)=0}
2024-04-24T00:55:31,030  INFO [main] ql.Driver: Completed compiling command(queryId=alex_20240424005531_f3fab7fa-311e-4474-bd66-3db67e3fc2bd); Time taken: 0.012 seconds
2024-04-24T00:55:31,030  INFO [main] lockmgr.DbTxnManager: Setting lock request transaction to txnid:27 for queryId=alex_20240424005531_f3fab7fa-311e-4474-bd66-3db67e3fc2bd
2024-04-24T00:55:31,030  INFO [main] lockmgr.DbLockManager: Requesting lock for queryId=alex_20240424005531_f3fab7fa-311e-4474-bd66-3db67e3fc2bd
2024-04-24T00:55:31,044  INFO [main] lockmgr.DbLockManager: Response to queryId=alex_20240424005531_f3fab7fa-311e-4474-bd66-3db67e3fc2bd LockResponse(lockid:19, state:ACQUIRED)
2024-04-24T00:55:31,044  INFO [main] ql.Driver: Operation DROPTABLE obtained 1 locks
2024-04-24T00:55:31,044  INFO [main] ql.Driver: Executing command(queryId=alex_20240424005531_f3fab7fa-311e-4474-bd66-3db67e3fc2bd): drop table if exists nonAcidNonBucket
2024-04-24T00:55:31,044  INFO [main] ql.Driver: Starting task [Stage-0:DDL] in serial mode
2024-04-24T00:55:31,044  INFO [main] HiveMetaStore.audit: ugi=alex	ip=unknown-ip-addr	cmd=get_table : tbl=hive.default.nonAcidNonBucket	
2024-04-24T00:55:31,053  INFO [main] metastore.HMSHandler: Skipping translation for processor with null
2024-04-24T00:55:31,053  INFO [main] HiveMetaStore.audit: ugi=alex	ip=unknown-ip-addr	cmd=get_table : tbl=hive.default.nonAcidNonBucket	
2024-04-24T00:55:31,062  INFO [main] metastore.HMSHandler: Skipping translation for processor with null
2024-04-24T00:55:31,062  INFO [main] HiveMetaStore.audit: ugi=alex	ip=unknown-ip-addr	cmd=drop_table : tbl=hive.default.nonAcidNonBucket	
2024-04-24T00:55:31,093  INFO [main] metadata.Hive: Dumping metastore api call timing information for : execution phase
2024-04-24T00:55:31,093  INFO [main] metadata.Hive: Total time spent in each metastore function (ms): {dropTable_(String, String, boolean, boolean, boolean)=40, getTable_(GetTableRequest)=9, isCompatibleWith_(Configuration)=0}
2024-04-24T00:55:31,093  INFO [main] ql.Driver: Completed executing command(queryId=alex_20240424005531_f3fab7fa-311e-4474-bd66-3db67e3fc2bd); Time taken: 0.049 seconds
2024-04-24T00:55:31,093  INFO [main] lockmgr.DbTxnManager: Stopped heartbeat for query: alex_20240424005531_f3fab7fa-311e-4474-bd66-3db67e3fc2bd
2024-04-24T00:55:31,097  INFO [main] txn.TxnHandler: Expected to move at least one record from txn_components to completed_txn_components when committing txn! txnid:27
2024-04-24T00:55:31,102  INFO [main] txn.TxnHandler: Removed transactions: ([27]) from MIN_HISTORY_LEVEL
2024-04-24T00:55:31,102  WARN [main] txn.CompactionTxnHandler: No compaction queue record found for Compaction type transaction commit. txnId:27
2024-04-24T00:55:31,103  INFO [main] utils.TestTxnDbUtil: Cleaning transactional tables
]]></system-err>
  </testcase>
  <testcase name="testCtasEmpty" classname="org.apache.hadoop.hive.ql.TestTxnNoBucketsVectorized" time="4.513"/>
  <testcase name="testNonAcidToAcidVectorzied" classname="org.apache.hadoop.hive.ql.TestTxnNoBucketsVectorized" time="10.23">
    <error type="java.lang.RuntimeException"><![CDATA[java.lang.RuntimeException: update T set b = 17 where a = 1 failed: (responseCode = 40000, errorMessage = FAILED: NoMatchingMethodException No matching method for class org.apache.hadoop.hive.ql.udf.UDFToInteger with (struct<writeid:bigint,bucketid:int,rowid:bigint>). Possible choices: _FUNC_(bigint)  _FUNC_(boolean)  _FUNC_(decimal(38,18))  _FUNC_(double)  _FUNC_(float)  _FUNC_(smallint)  _FUNC_(string)  _FUNC_(struct<bucketid:bigint,writeid:int,rowid:bigint>)  _FUNC_(timestamp)  _FUNC_(tinyint)  _FUNC_(void)  , hiveErrorCode = 40000, SQLState = 42000, exception = No matching method for class org.apache.hadoop.hive.ql.udf.UDFToInteger with (struct<writeid:bigint,bucketid:int,rowid:bigint>). Possible choices: _FUNC_(bigint)  _FUNC_(boolean)  _FUNC_(decimal(38,18))  _FUNC_(double)  _FUNC_(float)  _FUNC_(smallint)  _FUNC_(string)  _FUNC_(struct<bucketid:bigint,writeid:int,rowid:bigint>)  _FUNC_(timestamp)  _FUNC_(tinyint)  _FUNC_(void)  )
	at org.apache.hadoop.hive.ql.TxnCommandsBaseForTests.runStatementOnDriver(TxnCommandsBaseForTests.java:247)
	at org.apache.hadoop.hive.ql.TestTxnNoBuckets.testNonAcidToAcidVectorzied(TestTxnNoBuckets.java:726)
	at sun.reflect.NativeMethodAccessorImpl.invoke0(Native Method)
	at sun.reflect.NativeMethodAccessorImpl.invoke(NativeMethodAccessorImpl.java:62)
	at sun.reflect.DelegatingMethodAccessorImpl.invoke(DelegatingMethodAccessorImpl.java:43)
	at java.lang.reflect.Method.invoke(Method.java:498)
	at org.junit.runners.model.FrameworkMethod$1.runReflectiveCall(FrameworkMethod.java:59)
	at org.junit.internal.runners.model.ReflectiveCallable.run(ReflectiveCallable.java:12)
	at org.junit.runners.model.FrameworkMethod.invokeExplosively(FrameworkMethod.java:56)
	at org.junit.internal.runners.statements.InvokeMethod.evaluate(InvokeMethod.java:17)
	at org.junit.internal.runners.statements.RunBefores.evaluate(RunBefores.java:26)
	at org.junit.internal.runners.statements.RunAfters.evaluate(RunAfters.java:27)
	at org.junit.rules.TestWatcher$1.evaluate(TestWatcher.java:61)
	at org.junit.runners.ParentRunner$3.evaluate(ParentRunner.java:306)
	at org.junit.runners.BlockJUnit4ClassRunner$1.evaluate(BlockJUnit4ClassRunner.java:100)
	at org.junit.runners.ParentRunner.runLeaf(ParentRunner.java:366)
	at org.junit.runners.BlockJUnit4ClassRunner.runChild(BlockJUnit4ClassRunner.java:103)
	at org.junit.runners.BlockJUnit4ClassRunner.runChild(BlockJUnit4ClassRunner.java:63)
	at org.junit.runners.ParentRunner$4.run(ParentRunner.java:331)
	at org.junit.runners.ParentRunner$1.schedule(ParentRunner.java:79)
	at org.junit.runners.ParentRunner.runChildren(ParentRunner.java:329)
	at org.junit.runners.ParentRunner.access$100(ParentRunner.java:66)
	at org.junit.runners.ParentRunner$2.evaluate(ParentRunner.java:293)
	at org.junit.runners.ParentRunner$3.evaluate(ParentRunner.java:306)
	at org.junit.runners.ParentRunner.run(ParentRunner.java:413)
	at org.junit.runner.JUnitCore.run(JUnitCore.java:137)
	at org.junit.runner.JUnitCore.run(JUnitCore.java:115)
	at org.junit.vintage.engine.execution.RunnerExecutor.execute(RunnerExecutor.java:43)
	at java.util.stream.ForEachOps$ForEachOp$OfRef.accept(ForEachOps.java:183)
	at java.util.stream.ReferencePipeline$3$1.accept(ReferencePipeline.java:193)
	at java.util.Iterator.forEachRemaining(Iterator.java:116)
	at java.util.Spliterators$IteratorSpliterator.forEachRemaining(Spliterators.java:1801)
	at java.util.stream.AbstractPipeline.copyInto(AbstractPipeline.java:482)
	at java.util.stream.AbstractPipeline.wrapAndCopyInto(AbstractPipeline.java:472)
	at java.util.stream.ForEachOps$ForEachOp.evaluateSequential(ForEachOps.java:150)
	at java.util.stream.ForEachOps$ForEachOp$OfRef.evaluateSequential(ForEachOps.java:173)
	at java.util.stream.AbstractPipeline.evaluate(AbstractPipeline.java:234)
	at java.util.stream.ReferencePipeline.forEach(ReferencePipeline.java:485)
	at org.junit.vintage.engine.VintageTestEngine.executeAllChildren(VintageTestEngine.java:82)
	at org.junit.vintage.engine.VintageTestEngine.execute(VintageTestEngine.java:73)
	at org.junit.platform.launcher.core.DefaultLauncher.execute(DefaultLauncher.java:248)
	at org.junit.platform.launcher.core.DefaultLauncher.lambda$execute$5(DefaultLauncher.java:211)
	at org.junit.platform.launcher.core.DefaultLauncher.withInterceptedStreams(DefaultLauncher.java:226)
	at org.junit.platform.launcher.core.DefaultLauncher.execute(DefaultLauncher.java:199)
	at org.junit.platform.launcher.core.DefaultLauncher.execute(DefaultLauncher.java:132)
	at org.apache.maven.surefire.junitplatform.JUnitPlatformProvider.invokeAllTests(JUnitPlatformProvider.java:154)
	at org.apache.maven.surefire.junitplatform.JUnitPlatformProvider.invoke(JUnitPlatformProvider.java:123)
	at org.apache.maven.surefire.booter.ForkedBooter.runSuitesInProcess(ForkedBooter.java:377)
	at org.apache.maven.surefire.booter.ForkedBooter.execute(ForkedBooter.java:138)
	at org.apache.maven.surefire.booter.ForkedBooter.run(ForkedBooter.java:465)
	at org.apache.maven.surefire.booter.ForkedBooter.main(ForkedBooter.java:451)
]]></error>
    <system-err><![CDATA[2024-04-24T00:55:35,673  WARN [main] conf.HiveConf: HiveConf of name hive.dummyparam.test.server.specific.config.metastoresite does not exist
2024-04-24T00:55:35,673  WARN [main] conf.HiveConf: HiveConf of name hive.llap.io.cache.orc.alloc.max does not exist
2024-04-24T00:55:35,674  WARN [main] conf.HiveConf: HiveConf of name hive.llap.io.cache.orc.size does not exist
2024-04-24T00:55:35,674  WARN [main] conf.HiveConf: HiveConf of name hive.llap.io.cache.orc.arena.size does not exist
2024-04-24T00:55:35,674  WARN [main] conf.HiveConf: HiveConf of name hive.metastore.metadb.dir does not exist
2024-04-24T00:55:35,674  WARN [main] conf.HiveConf: HiveConf of name hive.metastore.client.cache.maxSize does not exist
2024-04-24T00:55:35,674  WARN [main] conf.HiveConf: HiveConf of name hive.stats.key.prefix.reserve.length does not exist
2024-04-24T00:55:35,674  WARN [main] conf.HiveConf: HiveConf of name hive.dummyparam.test.server.specific.config.hivesite does not exist
2024-04-24T00:55:35,674  WARN [main] conf.HiveConf: HiveConf of name hive.llap.io.cache.orc.alloc.min does not exist
2024-04-24T00:55:35,674  WARN [main] conf.HiveConf: HiveConf of name hive.metastore.client.cache.recordStats does not exist
2024-04-24T00:55:35,674  WARN [main] conf.HiveConf: HiveConf of name hive.dummyparam.test.server.specific.config.override does not exist
2024-04-24T00:55:35,676  INFO [main] utils.TestTxnDbUtil: Creating transactional tables
Hive Session ID = bb3818da-fef8-431e-82f5-d3fa8a050b6c
2024-04-24T00:55:35,679  INFO [main] SessionState: Hive Session ID = bb3818da-fef8-431e-82f5-d3fa8a050b6c
ivysettings.xml file not found in HIVE_HOME or HIVE_CONF_DIR,/home/alex/Repositories/hive/conf/ivysettings.xml will be used
2024-04-24T00:55:35,679  INFO [main] DependencyResolver: ivysettings.xml file not found in HIVE_HOME or HIVE_CONF_DIR,/home/alex/Repositories/hive/conf/ivysettings.xml will be used
2024-04-24T00:55:35,684  INFO [main] session.SessionState: Created HDFS directory: /home/alex/Repositories/hive/ql/target/tmp/scratchdir/alex/bb3818da-fef8-431e-82f5-d3fa8a050b6c
2024-04-24T00:55:35,686  INFO [main] session.SessionState: Created local directory: /home/alex/Repositories/hive/ql/target/tmp/localscratchdir/bb3818da-fef8-431e-82f5-d3fa8a050b6c
2024-04-24T00:55:35,689  INFO [main] session.SessionState: Created HDFS directory: /home/alex/Repositories/hive/ql/target/tmp/scratchdir/alex/bb3818da-fef8-431e-82f5-d3fa8a050b6c/_tmp_space.db
2024-04-24T00:55:35,689  INFO [main] sqlstd.SQLStdHiveAccessController: Created SQLStdHiveAccessController for session context : HiveAuthzSessionContext [sessionString=bb3818da-fef8-431e-82f5-d3fa8a050b6c, clientType=HIVECLI]
2024-04-24T00:55:35,689  INFO [main] ql.TxnCommandsBaseForTests: Running the query: drop table if exists acidTbl
2024-04-24T00:55:35,690  INFO [main] ql.Driver: Compiling command(queryId=alex_20240424005535_36b62048-94ca-48b4-a0a0-6bd9da41a91f): drop table if exists acidTbl
2024-04-24T00:55:35,696  INFO [main] txn.TxnHandler: Added entries to MIN_HISTORY_LEVEL for current txns: ([1]) with min_open_txn: 1
2024-04-24T00:55:35,697  INFO [main] lockmgr.DbTxnManager: Opened txnid:1
2024-04-24T00:55:35,699  INFO [main] HiveMetaStore.audit: ugi=alex	ip=unknown-ip-addr	cmd=get_table : tbl=hive.default.acidTbl	
2024-04-24T00:55:35,702  INFO [main] ql.Driver: Semantic Analysis Completed (retrial = false)
2024-04-24T00:55:35,702  INFO [main] ql.Driver: Created Hive schema: Schema(fieldSchemas:null, properties:null)
2024-04-24T00:55:35,702  INFO [main] metadata.Hive: Dumping metastore api call timing information for : compilation phase
2024-04-24T00:55:35,702  INFO [main] metadata.Hive: Total time spent in each metastore function (ms): {commitTxn_(CommitTxnRequest)=10, flushCache_()=0, getValidTxns_(long)=2, isCompatibleWith_(Configuration)=0, openTxn_(String, TxnType)=7}
2024-04-24T00:55:35,702  INFO [main] ql.Driver: Completed compiling command(queryId=alex_20240424005535_36b62048-94ca-48b4-a0a0-6bd9da41a91f); Time taken: 0.012 seconds
2024-04-24T00:55:35,702  INFO [main] lockmgr.DbTxnManager: Setting lock request transaction to txnid:1 for queryId=alex_20240424005535_36b62048-94ca-48b4-a0a0-6bd9da41a91f
2024-04-24T00:55:35,702  INFO [main] ql.Driver: Operation DROPTABLE obtained 0 locks
2024-04-24T00:55:35,702  INFO [main] ql.Driver: Executing command(queryId=alex_20240424005535_36b62048-94ca-48b4-a0a0-6bd9da41a91f): drop table if exists acidTbl
2024-04-24T00:55:35,703  INFO [main] ql.Driver: Starting task [Stage-0:DDL] in serial mode
2024-04-24T00:55:35,703  INFO [main] HiveMetaStore.audit: ugi=alex	ip=unknown-ip-addr	cmd=get_table : tbl=hive.default.acidTbl	
2024-04-24T00:55:35,706  INFO [main] metadata.Hive: Dumping metastore api call timing information for : execution phase
2024-04-24T00:55:35,706  INFO [main] metadata.Hive: Total time spent in each metastore function (ms): {isCompatibleWith_(Configuration)=0}
2024-04-24T00:55:35,706  INFO [main] ql.Driver: Completed executing command(queryId=alex_20240424005535_36b62048-94ca-48b4-a0a0-6bd9da41a91f); Time taken: 0.004 seconds
2024-04-24T00:55:35,706  INFO [main] lockmgr.DbTxnManager: Stopped heartbeat for query: alex_20240424005535_36b62048-94ca-48b4-a0a0-6bd9da41a91f
2024-04-24T00:55:35,711  INFO [main] txn.TxnHandler: Expected to move at least one record from txn_components to completed_txn_components when committing txn! txnid:1
2024-04-24T00:55:35,716  INFO [main] txn.TxnHandler: Removed transactions: ([1]) from MIN_HISTORY_LEVEL
2024-04-24T00:55:35,717  WARN [main] txn.CompactionTxnHandler: No compaction queue record found for Compaction type transaction commit. txnId:1
2024-04-24T00:55:35,717  INFO [main] ql.TxnCommandsBaseForTests: Running the query: drop table if exists acidTblPart
2024-04-24T00:55:35,717  INFO [main] ql.Driver: Compiling command(queryId=alex_20240424005535_4368b4ab-39f6-4beb-a3d3-c8b55be224aa): drop table if exists acidTblPart
2024-04-24T00:55:35,719  INFO [main] txn.TxnHandler: Added entries to MIN_HISTORY_LEVEL for current txns: ([2]) with min_open_txn: 1
2024-04-24T00:55:35,720  INFO [main] lockmgr.DbTxnManager: Opened txnid:2
2024-04-24T00:55:35,720  INFO [main] HiveMetaStore.audit: ugi=alex	ip=unknown-ip-addr	cmd=get_table : tbl=hive.default.acidTblPart	
2024-04-24T00:55:35,723  INFO [main] ql.Driver: Semantic Analysis Completed (retrial = false)
2024-04-24T00:55:35,723  INFO [main] ql.Driver: Created Hive schema: Schema(fieldSchemas:null, properties:null)
2024-04-24T00:55:35,723  INFO [main] metadata.Hive: Dumping metastore api call timing information for : compilation phase
2024-04-24T00:55:35,724  INFO [main] metadata.Hive: Total time spent in each metastore function (ms): {commitTxn_(CommitTxnRequest)=11, openTxn_(String, TxnType)=2, isCompatibleWith_(Configuration)=0, flushCache_()=0, getValidTxns_(long)=0}
2024-04-24T00:55:35,724  INFO [main] ql.Driver: Completed compiling command(queryId=alex_20240424005535_4368b4ab-39f6-4beb-a3d3-c8b55be224aa); Time taken: 0.006 seconds
2024-04-24T00:55:35,724  INFO [main] lockmgr.DbTxnManager: Setting lock request transaction to txnid:2 for queryId=alex_20240424005535_4368b4ab-39f6-4beb-a3d3-c8b55be224aa
2024-04-24T00:55:35,724  INFO [main] ql.Driver: Operation DROPTABLE obtained 0 locks
2024-04-24T00:55:35,724  INFO [main] ql.Driver: Executing command(queryId=alex_20240424005535_4368b4ab-39f6-4beb-a3d3-c8b55be224aa): drop table if exists acidTblPart
2024-04-24T00:55:35,724  INFO [main] ql.Driver: Starting task [Stage-0:DDL] in serial mode
2024-04-24T00:55:35,725  INFO [main] HiveMetaStore.audit: ugi=alex	ip=unknown-ip-addr	cmd=get_table : tbl=hive.default.acidTblPart	
2024-04-24T00:55:35,727  INFO [main] metadata.Hive: Dumping metastore api call timing information for : execution phase
2024-04-24T00:55:35,728  INFO [main] metadata.Hive: Total time spent in each metastore function (ms): {isCompatibleWith_(Configuration)=0}
2024-04-24T00:55:35,728  INFO [main] ql.Driver: Completed executing command(queryId=alex_20240424005535_4368b4ab-39f6-4beb-a3d3-c8b55be224aa); Time taken: 0.003 seconds
2024-04-24T00:55:35,728  INFO [main] lockmgr.DbTxnManager: Stopped heartbeat for query: alex_20240424005535_4368b4ab-39f6-4beb-a3d3-c8b55be224aa
2024-04-24T00:55:35,733  INFO [main] txn.TxnHandler: Expected to move at least one record from txn_components to completed_txn_components when committing txn! txnid:2
2024-04-24T00:55:35,738  INFO [main] txn.TxnHandler: Removed transactions: ([2]) from MIN_HISTORY_LEVEL
2024-04-24T00:55:35,738  WARN [main] txn.CompactionTxnHandler: No compaction queue record found for Compaction type transaction commit. txnId:2
2024-04-24T00:55:35,738  INFO [main] ql.TxnCommandsBaseForTests: Running the query: drop table if exists acidTbl2
2024-04-24T00:55:35,739  INFO [main] ql.Driver: Compiling command(queryId=alex_20240424005535_e4d13e52-1dc7-42a7-83e6-8ed04969b4f9): drop table if exists acidTbl2
2024-04-24T00:55:35,741  INFO [main] txn.TxnHandler: Added entries to MIN_HISTORY_LEVEL for current txns: ([3]) with min_open_txn: 1
2024-04-24T00:55:35,741  INFO [main] lockmgr.DbTxnManager: Opened txnid:3
2024-04-24T00:55:35,741  INFO [main] HiveMetaStore.audit: ugi=alex	ip=unknown-ip-addr	cmd=get_table : tbl=hive.default.acidTbl2	
2024-04-24T00:55:35,744  INFO [main] ql.Driver: Semantic Analysis Completed (retrial = false)
2024-04-24T00:55:35,745  INFO [main] ql.Driver: Created Hive schema: Schema(fieldSchemas:null, properties:null)
2024-04-24T00:55:35,745  INFO [main] metadata.Hive: Dumping metastore api call timing information for : compilation phase
2024-04-24T00:55:35,745  INFO [main] metadata.Hive: Total time spent in each metastore function (ms): {isCompatibleWith_(Configuration)=0, getValidTxns_(long)=0, flushCache_()=0, openTxn_(String, TxnType)=2, commitTxn_(CommitTxnRequest)=10}
2024-04-24T00:55:35,745  INFO [main] ql.Driver: Completed compiling command(queryId=alex_20240424005535_e4d13e52-1dc7-42a7-83e6-8ed04969b4f9); Time taken: 0.006 seconds
2024-04-24T00:55:35,745  INFO [main] lockmgr.DbTxnManager: Setting lock request transaction to txnid:3 for queryId=alex_20240424005535_e4d13e52-1dc7-42a7-83e6-8ed04969b4f9
2024-04-24T00:55:35,745  INFO [main] ql.Driver: Operation DROPTABLE obtained 0 locks
2024-04-24T00:55:35,745  INFO [main] ql.Driver: Executing command(queryId=alex_20240424005535_e4d13e52-1dc7-42a7-83e6-8ed04969b4f9): drop table if exists acidTbl2
2024-04-24T00:55:35,745  INFO [main] ql.Driver: Starting task [Stage-0:DDL] in serial mode
2024-04-24T00:55:35,746  INFO [main] HiveMetaStore.audit: ugi=alex	ip=unknown-ip-addr	cmd=get_table : tbl=hive.default.acidTbl2	
2024-04-24T00:55:35,749  INFO [main] metadata.Hive: Dumping metastore api call timing information for : execution phase
2024-04-24T00:55:35,749  INFO [main] metadata.Hive: Total time spent in each metastore function (ms): {isCompatibleWith_(Configuration)=1}
2024-04-24T00:55:35,749  INFO [main] ql.Driver: Completed executing command(queryId=alex_20240424005535_e4d13e52-1dc7-42a7-83e6-8ed04969b4f9); Time taken: 0.004 seconds
2024-04-24T00:55:35,749  INFO [main] lockmgr.DbTxnManager: Stopped heartbeat for query: alex_20240424005535_e4d13e52-1dc7-42a7-83e6-8ed04969b4f9
2024-04-24T00:55:35,754  INFO [main] txn.TxnHandler: Expected to move at least one record from txn_components to completed_txn_components when committing txn! txnid:3
2024-04-24T00:55:35,759  INFO [main] txn.TxnHandler: Removed transactions: ([3]) from MIN_HISTORY_LEVEL
2024-04-24T00:55:35,759  WARN [main] txn.CompactionTxnHandler: No compaction queue record found for Compaction type transaction commit. txnId:3
2024-04-24T00:55:35,760  INFO [main] ql.TxnCommandsBaseForTests: Running the query: drop table if exists nonAcidOrcTbl
2024-04-24T00:55:35,760  INFO [main] ql.Driver: Compiling command(queryId=alex_20240424005535_d7f68ef6-acb6-49f3-9dd1-5da66cfbc564): drop table if exists nonAcidOrcTbl
2024-04-24T00:55:35,762  INFO [main] txn.TxnHandler: Added entries to MIN_HISTORY_LEVEL for current txns: ([4]) with min_open_txn: 1
2024-04-24T00:55:35,762  INFO [main] lockmgr.DbTxnManager: Opened txnid:4
2024-04-24T00:55:35,763  INFO [main] HiveMetaStore.audit: ugi=alex	ip=unknown-ip-addr	cmd=get_table : tbl=hive.default.nonAcidOrcTbl	
2024-04-24T00:55:35,766  INFO [main] ql.Driver: Semantic Analysis Completed (retrial = false)
2024-04-24T00:55:35,766  INFO [main] ql.Driver: Created Hive schema: Schema(fieldSchemas:null, properties:null)
2024-04-24T00:55:35,766  INFO [main] metadata.Hive: Dumping metastore api call timing information for : compilation phase
2024-04-24T00:55:35,766  INFO [main] metadata.Hive: Total time spent in each metastore function (ms): {getValidTxns_(long)=1, flushCache_()=0, isCompatibleWith_(Configuration)=0, commitTxn_(CommitTxnRequest)=10, openTxn_(String, TxnType)=2}
2024-04-24T00:55:35,766  INFO [main] ql.Driver: Completed compiling command(queryId=alex_20240424005535_d7f68ef6-acb6-49f3-9dd1-5da66cfbc564); Time taken: 0.006 seconds
2024-04-24T00:55:35,766  INFO [main] lockmgr.DbTxnManager: Setting lock request transaction to txnid:4 for queryId=alex_20240424005535_d7f68ef6-acb6-49f3-9dd1-5da66cfbc564
2024-04-24T00:55:35,766  INFO [main] ql.Driver: Operation DROPTABLE obtained 0 locks
2024-04-24T00:55:35,766  INFO [main] ql.Driver: Executing command(queryId=alex_20240424005535_d7f68ef6-acb6-49f3-9dd1-5da66cfbc564): drop table if exists nonAcidOrcTbl
2024-04-24T00:55:35,767  INFO [main] ql.Driver: Starting task [Stage-0:DDL] in serial mode
2024-04-24T00:55:35,767  INFO [main] HiveMetaStore.audit: ugi=alex	ip=unknown-ip-addr	cmd=get_table : tbl=hive.default.nonAcidOrcTbl	
2024-04-24T00:55:35,770  INFO [main] metadata.Hive: Dumping metastore api call timing information for : execution phase
2024-04-24T00:55:35,770  INFO [main] metadata.Hive: Total time spent in each metastore function (ms): {isCompatibleWith_(Configuration)=0}
2024-04-24T00:55:35,770  INFO [main] ql.Driver: Completed executing command(queryId=alex_20240424005535_d7f68ef6-acb6-49f3-9dd1-5da66cfbc564); Time taken: 0.004 seconds
2024-04-24T00:55:35,770  INFO [main] lockmgr.DbTxnManager: Stopped heartbeat for query: alex_20240424005535_d7f68ef6-acb6-49f3-9dd1-5da66cfbc564
2024-04-24T00:55:35,775  INFO [main] txn.TxnHandler: Expected to move at least one record from txn_components to completed_txn_components when committing txn! txnid:4
2024-04-24T00:55:35,780  INFO [main] txn.TxnHandler: Removed transactions: ([4]) from MIN_HISTORY_LEVEL
2024-04-24T00:55:35,780  WARN [main] txn.CompactionTxnHandler: No compaction queue record found for Compaction type transaction commit. txnId:4
2024-04-24T00:55:35,781  INFO [main] ql.TxnCommandsBaseForTests: Running the query: drop table if exists nonAcidOrcTbl2
2024-04-24T00:55:35,781  INFO [main] ql.Driver: Compiling command(queryId=alex_20240424005535_539b18d7-9435-4d4f-8151-90542227b104): drop table if exists nonAcidOrcTbl2
2024-04-24T00:55:35,783  INFO [main] txn.TxnHandler: Added entries to MIN_HISTORY_LEVEL for current txns: ([5]) with min_open_txn: 1
2024-04-24T00:55:35,784  INFO [main] lockmgr.DbTxnManager: Opened txnid:5
2024-04-24T00:55:35,784  INFO [main] HiveMetaStore.audit: ugi=alex	ip=unknown-ip-addr	cmd=get_table : tbl=hive.default.nonAcidOrcTbl2	
2024-04-24T00:55:35,787  INFO [main] ql.Driver: Semantic Analysis Completed (retrial = false)
2024-04-24T00:55:35,787  INFO [main] ql.Driver: Created Hive schema: Schema(fieldSchemas:null, properties:null)
2024-04-24T00:55:35,787  INFO [main] metadata.Hive: Dumping metastore api call timing information for : compilation phase
2024-04-24T00:55:35,787  INFO [main] metadata.Hive: Total time spent in each metastore function (ms): {openTxn_(String, TxnType)=2, getValidTxns_(long)=0, commitTxn_(CommitTxnRequest)=11, flushCache_()=1, isCompatibleWith_(Configuration)=0}
2024-04-24T00:55:35,788  INFO [main] ql.Driver: Completed compiling command(queryId=alex_20240424005535_539b18d7-9435-4d4f-8151-90542227b104); Time taken: 0.006 seconds
2024-04-24T00:55:35,788  INFO [main] lockmgr.DbTxnManager: Setting lock request transaction to txnid:5 for queryId=alex_20240424005535_539b18d7-9435-4d4f-8151-90542227b104
2024-04-24T00:55:35,788  INFO [main] ql.Driver: Operation DROPTABLE obtained 0 locks
2024-04-24T00:55:35,788  INFO [main] ql.Driver: Executing command(queryId=alex_20240424005535_539b18d7-9435-4d4f-8151-90542227b104): drop table if exists nonAcidOrcTbl2
2024-04-24T00:55:35,788  INFO [main] ql.Driver: Starting task [Stage-0:DDL] in serial mode
2024-04-24T00:55:35,788  INFO [main] HiveMetaStore.audit: ugi=alex	ip=unknown-ip-addr	cmd=get_table : tbl=hive.default.nonAcidOrcTbl2	
2024-04-24T00:55:35,791  INFO [main] metadata.Hive: Dumping metastore api call timing information for : execution phase
2024-04-24T00:55:35,791  INFO [main] metadata.Hive: Total time spent in each metastore function (ms): {isCompatibleWith_(Configuration)=0}
2024-04-24T00:55:35,792  INFO [main] ql.Driver: Completed executing command(queryId=alex_20240424005535_539b18d7-9435-4d4f-8151-90542227b104); Time taken: 0.003 seconds
2024-04-24T00:55:35,792  INFO [main] lockmgr.DbTxnManager: Stopped heartbeat for query: alex_20240424005535_539b18d7-9435-4d4f-8151-90542227b104
2024-04-24T00:55:35,796  INFO [main] txn.TxnHandler: Expected to move at least one record from txn_components to completed_txn_components when committing txn! txnid:5
2024-04-24T00:55:35,802  INFO [main] txn.TxnHandler: Removed transactions: ([5]) from MIN_HISTORY_LEVEL
2024-04-24T00:55:35,802  WARN [main] txn.CompactionTxnHandler: No compaction queue record found for Compaction type transaction commit. txnId:5
2024-04-24T00:55:35,802  INFO [main] ql.TxnCommandsBaseForTests: Running the query: drop table if exists nonAcidNonBucket
2024-04-24T00:55:35,803  INFO [main] ql.Driver: Compiling command(queryId=alex_20240424005535_4b15fa6c-d51a-4bb7-97a7-2fb4791e015a): drop table if exists nonAcidNonBucket
2024-04-24T00:55:35,805  INFO [main] txn.TxnHandler: Added entries to MIN_HISTORY_LEVEL for current txns: ([6]) with min_open_txn: 1
2024-04-24T00:55:35,805  INFO [main] lockmgr.DbTxnManager: Opened txnid:6
2024-04-24T00:55:35,806  INFO [main] HiveMetaStore.audit: ugi=alex	ip=unknown-ip-addr	cmd=get_table : tbl=hive.default.nonAcidNonBucket	
2024-04-24T00:55:35,809  INFO [main] ql.Driver: Semantic Analysis Completed (retrial = false)
2024-04-24T00:55:35,809  INFO [main] ql.Driver: Created Hive schema: Schema(fieldSchemas:null, properties:null)
2024-04-24T00:55:35,809  INFO [main] metadata.Hive: Dumping metastore api call timing information for : compilation phase
2024-04-24T00:55:35,809  INFO [main] metadata.Hive: Total time spent in each metastore function (ms): {getValidTxns_(long)=0, commitTxn_(CommitTxnRequest)=10, isCompatibleWith_(Configuration)=0, openTxn_(String, TxnType)=2, flushCache_()=0}
2024-04-24T00:55:35,809  INFO [main] ql.Driver: Completed compiling command(queryId=alex_20240424005535_4b15fa6c-d51a-4bb7-97a7-2fb4791e015a); Time taken: 0.006 seconds
2024-04-24T00:55:35,809  INFO [main] lockmgr.DbTxnManager: Setting lock request transaction to txnid:6 for queryId=alex_20240424005535_4b15fa6c-d51a-4bb7-97a7-2fb4791e015a
2024-04-24T00:55:35,809  INFO [main] ql.Driver: Operation DROPTABLE obtained 0 locks
2024-04-24T00:55:35,809  INFO [main] ql.Driver: Executing command(queryId=alex_20240424005535_4b15fa6c-d51a-4bb7-97a7-2fb4791e015a): drop table if exists nonAcidNonBucket
2024-04-24T00:55:35,810  INFO [main] ql.Driver: Starting task [Stage-0:DDL] in serial mode
2024-04-24T00:55:35,810  INFO [main] HiveMetaStore.audit: ugi=alex	ip=unknown-ip-addr	cmd=get_table : tbl=hive.default.nonAcidNonBucket	
2024-04-24T00:55:35,813  INFO [main] metadata.Hive: Dumping metastore api call timing information for : execution phase
2024-04-24T00:55:35,813  INFO [main] metadata.Hive: Total time spent in each metastore function (ms): {isCompatibleWith_(Configuration)=0}
2024-04-24T00:55:35,813  INFO [main] ql.Driver: Completed executing command(queryId=alex_20240424005535_4b15fa6c-d51a-4bb7-97a7-2fb4791e015a); Time taken: 0.004 seconds
2024-04-24T00:55:35,813  INFO [main] lockmgr.DbTxnManager: Stopped heartbeat for query: alex_20240424005535_4b15fa6c-d51a-4bb7-97a7-2fb4791e015a
2024-04-24T00:55:35,821  INFO [main] txn.TxnHandler: Expected to move at least one record from txn_components to completed_txn_components when committing txn! txnid:6
2024-04-24T00:55:35,826  INFO [main] txn.TxnHandler: Removed transactions: ([6]) from MIN_HISTORY_LEVEL
2024-04-24T00:55:35,826  WARN [main] txn.CompactionTxnHandler: No compaction queue record found for Compaction type transaction commit. txnId:6
2024-04-24T00:55:35,827  INFO [main] ql.TxnCommandsBaseForTests: Running the query: create table acidTbl(a int, b int) clustered by (a) into 2 buckets stored as orc TBLPROPERTIES ('transactional'='true')
2024-04-24T00:55:35,827  INFO [main] ql.Driver: Compiling command(queryId=alex_20240424005535_66c3a3ad-d5b5-477e-b7e9-18eeafd4ebce): create table acidTbl(a int, b int) clustered by (a) into 2 buckets stored as orc TBLPROPERTIES ('transactional'='true')
2024-04-24T00:55:35,830  INFO [main] txn.TxnHandler: Added entries to MIN_HISTORY_LEVEL for current txns: ([7]) with min_open_txn: 1
2024-04-24T00:55:35,830  INFO [main] lockmgr.DbTxnManager: Opened txnid:7
2024-04-24T00:55:35,830  INFO [main] parse.CalcitePlanner: Starting caching scope for: 
2024-04-24T00:55:35,830  INFO [main] parse.CalcitePlanner: Starting Semantic Analysis
2024-04-24T00:55:35,836  INFO [main] parse.CalcitePlanner: Creating table default.acidTbl position=13
2024-04-24T00:55:35,836  INFO [main] HiveMetaStore.audit: ugi=alex	ip=unknown-ip-addr	cmd=get_database: default	
2024-04-24T00:55:35,838  INFO [main] parse.CalcitePlanner: Ending caching scope for: 
2024-04-24T00:55:35,838  INFO [main] ql.Driver: Semantic Analysis Completed (retrial = false)
2024-04-24T00:55:35,838  INFO [main] ql.Driver: Created Hive schema: Schema(fieldSchemas:null, properties:null)
2024-04-24T00:55:35,838  INFO [main] metadata.Hive: Dumping metastore api call timing information for : compilation phase
2024-04-24T00:55:35,838  INFO [main] metadata.Hive: Total time spent in each metastore function (ms): {flushCache_()=1, getValidTxns_(long)=0, openTxn_(String, TxnType)=2, getValidWriteIds_(List, String)=5, commitTxn_(CommitTxnRequest)=12, isCompatibleWith_(Configuration)=2, getDatabase_(String)=1}
2024-04-24T00:55:35,838  INFO [main] ql.Driver: Completed compiling command(queryId=alex_20240424005535_66c3a3ad-d5b5-477e-b7e9-18eeafd4ebce); Time taken: 0.011 seconds
2024-04-24T00:55:35,838  INFO [main] lockmgr.DbTxnManager: Setting lock request transaction to txnid:7 for queryId=alex_20240424005535_66c3a3ad-d5b5-477e-b7e9-18eeafd4ebce
2024-04-24T00:55:35,839  INFO [main] lockmgr.DbLockManager: Requesting lock for queryId=alex_20240424005535_66c3a3ad-d5b5-477e-b7e9-18eeafd4ebce
2024-04-24T00:55:35,855  INFO [main] lockmgr.DbLockManager: Response to queryId=alex_20240424005535_66c3a3ad-d5b5-477e-b7e9-18eeafd4ebce LockResponse(lockid:1, state:ACQUIRED)
2024-04-24T00:55:35,855  INFO [main] ql.Driver: Operation CREATETABLE obtained 1 locks
2024-04-24T00:55:35,856  INFO [main] ql.Driver: Executing command(queryId=alex_20240424005535_66c3a3ad-d5b5-477e-b7e9-18eeafd4ebce): create table acidTbl(a int, b int) clustered by (a) into 2 buckets stored as orc TBLPROPERTIES ('transactional'='true')
2024-04-24T00:55:35,856  INFO [main] ql.Driver: Starting task [Stage-0:DDL] in serial mode
2024-04-24T00:55:35,857  INFO [main] HiveMetaStore.audit: ugi=alex	ip=unknown-ip-addr	cmd=create_table_req: Table(tableName:acidTbl, dbName:default, owner:alex, createTime:1713945335, lastAccessTime:0, retention:0, sd:StorageDescriptor(cols:[FieldSchema(name:a, type:int, comment:null), FieldSchema(name:b, type:int, comment:null)], location:null, inputFormat:org.apache.hadoop.hive.ql.io.orc.OrcInputFormat, outputFormat:org.apache.hadoop.hive.ql.io.orc.OrcOutputFormat, compressed:false, numBuckets:2, serdeInfo:SerDeInfo(name:null, serializationLib:org.apache.hadoop.hive.ql.io.orc.OrcSerde, parameters:{serialization.format=1}), bucketCols:[a], sortCols:[], parameters:{}, skewedInfo:SkewedInfo(skewedColNames:[], skewedColValues:[], skewedColValueLocationMaps:{}), storedAsSubDirectories:false), partitionKeys:[], parameters:{numFilesErasureCoded=0, transactional=true, bucketing_version=2, rawDataSize=0, COLUMN_STATS_ACCURATE={"BASIC_STATS":"true","COLUMN_STATS":{"a":"true","b":"true"}}, numFiles=0, totalSize=0, numRows=0}, viewOriginalText:null, viewExpandedText:null, tableType:MANAGED_TABLE, privileges:PrincipalPrivilegeSet(userPrivileges:{alex=[PrivilegeGrantInfo(privilege:INSERT, createTime:-1, grantor:alex, grantorType:USER, grantOption:true), PrivilegeGrantInfo(privilege:SELECT, createTime:-1, grantor:alex, grantorType:USER, grantOption:true), PrivilegeGrantInfo(privilege:UPDATE, createTime:-1, grantor:alex, grantorType:USER, grantOption:true), PrivilegeGrantInfo(privilege:DELETE, createTime:-1, grantor:alex, grantorType:USER, grantOption:true)]}, groupPrivileges:null, rolePrivileges:null), temporary:false, catName:hive, ownerType:USER, writeId:0)	
2024-04-24T00:55:35,863  INFO [main] utils.FileUtils: Creating directory if it doesn't exist: file:/home/alex/Repositories/hive/ql/target/tmp/org.apache.hadoop.hive.ql.TestTxnNoBuckets-1713945183193/warehouse/acidtbl
2024-04-24T00:55:35,902  INFO [main] metadata.Hive: Dumping metastore api call timing information for : execution phase
2024-04-24T00:55:35,902  INFO [main] metadata.Hive: Total time spent in each metastore function (ms): {isCompatibleWith_(Configuration)=0, createTable_(Table)=45}
2024-04-24T00:55:35,903  INFO [main] ql.Driver: Completed executing command(queryId=alex_20240424005535_66c3a3ad-d5b5-477e-b7e9-18eeafd4ebce); Time taken: 0.046 seconds
2024-04-24T00:55:35,903  INFO [main] lockmgr.DbTxnManager: Stopped heartbeat for query: alex_20240424005535_66c3a3ad-d5b5-477e-b7e9-18eeafd4ebce
2024-04-24T00:55:35,906  INFO [main] txn.TxnHandler: Expected to move at least one record from txn_components to completed_txn_components when committing txn! txnid:7
2024-04-24T00:55:35,912  INFO [main] txn.TxnHandler: Removed transactions: ([7]) from MIN_HISTORY_LEVEL
2024-04-24T00:55:35,912  WARN [main] txn.CompactionTxnHandler: No compaction queue record found for Compaction type transaction commit. txnId:7
2024-04-24T00:55:35,912  INFO [main] ql.TxnCommandsBaseForTests: Running the query: create table acidTblPart(a int, b int) partitioned by (p string) clustered by (a) into 2 buckets stored as orc TBLPROPERTIES ('transactional'='true')
2024-04-24T00:55:35,913  INFO [main] ql.Driver: Compiling command(queryId=alex_20240424005535_acfab997-699d-49f0-a739-03d76c48061d): create table acidTblPart(a int, b int) partitioned by (p string) clustered by (a) into 2 buckets stored as orc TBLPROPERTIES ('transactional'='true')
2024-04-24T00:55:35,915  INFO [main] txn.TxnHandler: Added entries to MIN_HISTORY_LEVEL for current txns: ([8]) with min_open_txn: 1
2024-04-24T00:55:35,915  INFO [main] lockmgr.DbTxnManager: Opened txnid:8
2024-04-24T00:55:35,915  INFO [main] parse.CalcitePlanner: Starting caching scope for: 
2024-04-24T00:55:35,916  INFO [main] parse.CalcitePlanner: Starting Semantic Analysis
2024-04-24T00:55:35,918  INFO [main] parse.CalcitePlanner: Creating table default.acidTblPart position=13
2024-04-24T00:55:35,918  INFO [main] HiveMetaStore.audit: ugi=alex	ip=unknown-ip-addr	cmd=get_database: default	
2024-04-24T00:55:35,920  INFO [main] parse.CalcitePlanner: Ending caching scope for: 
2024-04-24T00:55:35,920  INFO [main] ql.Driver: Semantic Analysis Completed (retrial = false)
2024-04-24T00:55:35,920  INFO [main] ql.Driver: Created Hive schema: Schema(fieldSchemas:null, properties:null)
2024-04-24T00:55:35,920  INFO [main] metadata.Hive: Dumping metastore api call timing information for : compilation phase
2024-04-24T00:55:35,920  INFO [main] metadata.Hive: Total time spent in each metastore function (ms): {getValidTxns_(long)=0, getDatabase_(String)=2, isCompatibleWith_(Configuration)=0, flushCache_()=0, commitTxn_(CommitTxnRequest)=9, getValidWriteIds_(List, String)=2, openTxn_(String, TxnType)=2}
2024-04-24T00:55:35,920  INFO [main] ql.Driver: Completed compiling command(queryId=alex_20240424005535_acfab997-699d-49f0-a739-03d76c48061d); Time taken: 0.007 seconds
2024-04-24T00:55:35,920  INFO [main] lockmgr.DbTxnManager: Setting lock request transaction to txnid:8 for queryId=alex_20240424005535_acfab997-699d-49f0-a739-03d76c48061d
2024-04-24T00:55:35,921  INFO [main] lockmgr.DbLockManager: Requesting lock for queryId=alex_20240424005535_acfab997-699d-49f0-a739-03d76c48061d
2024-04-24T00:55:35,939  INFO [main] lockmgr.DbLockManager: Response to queryId=alex_20240424005535_acfab997-699d-49f0-a739-03d76c48061d LockResponse(lockid:2, state:ACQUIRED)
2024-04-24T00:55:35,939  INFO [main] ql.Driver: Operation CREATETABLE obtained 1 locks
2024-04-24T00:55:35,939  INFO [main] ql.Driver: Executing command(queryId=alex_20240424005535_acfab997-699d-49f0-a739-03d76c48061d): create table acidTblPart(a int, b int) partitioned by (p string) clustered by (a) into 2 buckets stored as orc TBLPROPERTIES ('transactional'='true')
2024-04-24T00:55:35,940  INFO [main] ql.Driver: Starting task [Stage-0:DDL] in serial mode
2024-04-24T00:55:35,940  INFO [main] HiveMetaStore.audit: ugi=alex	ip=unknown-ip-addr	cmd=create_table_req: Table(tableName:acidTblPart, dbName:default, owner:alex, createTime:1713945335, lastAccessTime:0, retention:0, sd:StorageDescriptor(cols:[FieldSchema(name:a, type:int, comment:null), FieldSchema(name:b, type:int, comment:null)], location:null, inputFormat:org.apache.hadoop.hive.ql.io.orc.OrcInputFormat, outputFormat:org.apache.hadoop.hive.ql.io.orc.OrcOutputFormat, compressed:false, numBuckets:2, serdeInfo:SerDeInfo(name:null, serializationLib:org.apache.hadoop.hive.ql.io.orc.OrcSerde, parameters:{serialization.format=1}), bucketCols:[a], sortCols:[], parameters:{}, skewedInfo:SkewedInfo(skewedColNames:[], skewedColValues:[], skewedColValueLocationMaps:{}), storedAsSubDirectories:false), partitionKeys:[FieldSchema(name:p, type:string, comment:null)], parameters:{transactional=true, bucketing_version=2}, viewOriginalText:null, viewExpandedText:null, tableType:MANAGED_TABLE, privileges:PrincipalPrivilegeSet(userPrivileges:{alex=[PrivilegeGrantInfo(privilege:INSERT, createTime:-1, grantor:alex, grantorType:USER, grantOption:true), PrivilegeGrantInfo(privilege:SELECT, createTime:-1, grantor:alex, grantorType:USER, grantOption:true), PrivilegeGrantInfo(privilege:UPDATE, createTime:-1, grantor:alex, grantorType:USER, grantOption:true), PrivilegeGrantInfo(privilege:DELETE, createTime:-1, grantor:alex, grantorType:USER, grantOption:true)]}, groupPrivileges:null, rolePrivileges:null), temporary:false, catName:hive, ownerType:USER, writeId:0)	
2024-04-24T00:55:35,946  INFO [main] utils.FileUtils: Creating directory if it doesn't exist: file:/home/alex/Repositories/hive/ql/target/tmp/org.apache.hadoop.hive.ql.TestTxnNoBuckets-1713945183193/warehouse/acidtblpart
2024-04-24T00:55:35,962  INFO [main] metadata.Hive: Dumping metastore api call timing information for : execution phase
2024-04-24T00:55:35,962  INFO [main] metadata.Hive: Total time spent in each metastore function (ms): {createTable_(Table)=22, isCompatibleWith_(Configuration)=0}
2024-04-24T00:55:35,962  INFO [main] ql.Driver: Completed executing command(queryId=alex_20240424005535_acfab997-699d-49f0-a739-03d76c48061d); Time taken: 0.023 seconds
2024-04-24T00:55:35,962  INFO [main] lockmgr.DbTxnManager: Stopped heartbeat for query: alex_20240424005535_acfab997-699d-49f0-a739-03d76c48061d
2024-04-24T00:55:35,966  INFO [main] txn.TxnHandler: Expected to move at least one record from txn_components to completed_txn_components when committing txn! txnid:8
2024-04-24T00:55:35,971  INFO [main] txn.TxnHandler: Removed transactions: ([8]) from MIN_HISTORY_LEVEL
2024-04-24T00:55:35,972  WARN [main] txn.CompactionTxnHandler: No compaction queue record found for Compaction type transaction commit. txnId:8
2024-04-24T00:55:35,972  INFO [main] ql.TxnCommandsBaseForTests: Running the query: create table nonAcidOrcTbl(a int, b int) clustered by (a) into 2 buckets stored as orc TBLPROPERTIES ('transactional'='false')
2024-04-24T00:55:35,972  INFO [main] ql.Driver: Compiling command(queryId=alex_20240424005535_1aca7d53-d3a7-4e1a-a895-dc6899abea51): create table nonAcidOrcTbl(a int, b int) clustered by (a) into 2 buckets stored as orc TBLPROPERTIES ('transactional'='false')
2024-04-24T00:55:35,975  INFO [main] txn.TxnHandler: Added entries to MIN_HISTORY_LEVEL for current txns: ([9]) with min_open_txn: 1
2024-04-24T00:55:35,975  INFO [main] lockmgr.DbTxnManager: Opened txnid:9
2024-04-24T00:55:35,975  INFO [main] parse.CalcitePlanner: Starting caching scope for: 
2024-04-24T00:55:35,975  INFO [main] parse.CalcitePlanner: Starting Semantic Analysis
2024-04-24T00:55:35,977  INFO [main] parse.CalcitePlanner: Creating table default.nonAcidOrcTbl position=13
2024-04-24T00:55:35,978  INFO [main] HiveMetaStore.audit: ugi=alex	ip=unknown-ip-addr	cmd=get_database: default	
2024-04-24T00:55:35,979  INFO [main] parse.CalcitePlanner: Ending caching scope for: 
2024-04-24T00:55:35,979  INFO [main] ql.Driver: Semantic Analysis Completed (retrial = false)
2024-04-24T00:55:35,979  INFO [main] ql.Driver: Created Hive schema: Schema(fieldSchemas:null, properties:null)
2024-04-24T00:55:35,979  INFO [main] metadata.Hive: Dumping metastore api call timing information for : compilation phase
2024-04-24T00:55:35,979  INFO [main] metadata.Hive: Total time spent in each metastore function (ms): {getDatabase_(String)=1, openTxn_(String, TxnType)=2, flushCache_()=0, getValidWriteIds_(List, String)=1, isCompatibleWith_(Configuration)=1, commitTxn_(CommitTxnRequest)=10, getValidTxns_(long)=0}
2024-04-24T00:55:35,980  INFO [main] ql.Driver: Completed compiling command(queryId=alex_20240424005535_1aca7d53-d3a7-4e1a-a895-dc6899abea51); Time taken: 0.007 seconds
2024-04-24T00:55:35,980  INFO [main] lockmgr.DbTxnManager: Setting lock request transaction to txnid:9 for queryId=alex_20240424005535_1aca7d53-d3a7-4e1a-a895-dc6899abea51
2024-04-24T00:55:35,980  INFO [main] lockmgr.DbLockManager: Requesting lock for queryId=alex_20240424005535_1aca7d53-d3a7-4e1a-a895-dc6899abea51
2024-04-24T00:55:35,994  INFO [main] lockmgr.DbLockManager: Response to queryId=alex_20240424005535_1aca7d53-d3a7-4e1a-a895-dc6899abea51 LockResponse(lockid:3, state:ACQUIRED)
2024-04-24T00:55:35,994  INFO [main] ql.Driver: Operation CREATETABLE obtained 1 locks
2024-04-24T00:55:35,994  INFO [main] ql.Driver: Executing command(queryId=alex_20240424005535_1aca7d53-d3a7-4e1a-a895-dc6899abea51): create table nonAcidOrcTbl(a int, b int) clustered by (a) into 2 buckets stored as orc TBLPROPERTIES ('transactional'='false')
2024-04-24T00:55:35,994  INFO [main] ql.Driver: Starting task [Stage-0:DDL] in serial mode
2024-04-24T00:55:35,995  INFO [main] HiveMetaStore.audit: ugi=alex	ip=unknown-ip-addr	cmd=create_table_req: Table(tableName:nonAcidOrcTbl, dbName:default, owner:alex, createTime:1713945335, lastAccessTime:0, retention:0, sd:StorageDescriptor(cols:[FieldSchema(name:a, type:int, comment:null), FieldSchema(name:b, type:int, comment:null)], location:null, inputFormat:org.apache.hadoop.hive.ql.io.orc.OrcInputFormat, outputFormat:org.apache.hadoop.hive.ql.io.orc.OrcOutputFormat, compressed:false, numBuckets:2, serdeInfo:SerDeInfo(name:null, serializationLib:org.apache.hadoop.hive.ql.io.orc.OrcSerde, parameters:{serialization.format=1}), bucketCols:[a], sortCols:[], parameters:{}, skewedInfo:SkewedInfo(skewedColNames:[], skewedColValues:[], skewedColValueLocationMaps:{}), storedAsSubDirectories:false), partitionKeys:[], parameters:{numRows=0, totalSize=0, rawDataSize=0, transactional=false, numFiles=0, COLUMN_STATS_ACCURATE={"BASIC_STATS":"true","COLUMN_STATS":{"a":"true","b":"true"}}, numFilesErasureCoded=0, bucketing_version=2}, viewOriginalText:null, viewExpandedText:null, tableType:MANAGED_TABLE, privileges:PrincipalPrivilegeSet(userPrivileges:{alex=[PrivilegeGrantInfo(privilege:INSERT, createTime:-1, grantor:alex, grantorType:USER, grantOption:true), PrivilegeGrantInfo(privilege:SELECT, createTime:-1, grantor:alex, grantorType:USER, grantOption:true), PrivilegeGrantInfo(privilege:UPDATE, createTime:-1, grantor:alex, grantorType:USER, grantOption:true), PrivilegeGrantInfo(privilege:DELETE, createTime:-1, grantor:alex, grantorType:USER, grantOption:true)]}, groupPrivileges:null, rolePrivileges:null), temporary:false, catName:hive, ownerType:USER)	
2024-04-24T00:55:36,001  INFO [main] utils.FileUtils: Creating directory if it doesn't exist: file:/home/alex/Repositories/hive/ql/target/tmp/org.apache.hadoop.hive.ql.TestTxnNoBuckets-1713945183193/warehouse/nonacidorctbl
2024-04-24T00:55:36,016  INFO [main] metadata.Hive: Dumping metastore api call timing information for : execution phase
2024-04-24T00:55:36,016  INFO [main] metadata.Hive: Total time spent in each metastore function (ms): {isCompatibleWith_(Configuration)=0, createTable_(Table)=21}
2024-04-24T00:55:36,016  INFO [main] ql.Driver: Completed executing command(queryId=alex_20240424005535_1aca7d53-d3a7-4e1a-a895-dc6899abea51); Time taken: 0.022 seconds
2024-04-24T00:55:36,016  INFO [main] lockmgr.DbTxnManager: Stopped heartbeat for query: alex_20240424005535_1aca7d53-d3a7-4e1a-a895-dc6899abea51
2024-04-24T00:55:36,020  INFO [main] txn.TxnHandler: Expected to move at least one record from txn_components to completed_txn_components when committing txn! txnid:9
2024-04-24T00:55:36,025  INFO [main] txn.TxnHandler: Removed transactions: ([9]) from MIN_HISTORY_LEVEL
2024-04-24T00:55:36,026  WARN [main] txn.CompactionTxnHandler: No compaction queue record found for Compaction type transaction commit. txnId:9
2024-04-24T00:55:36,026  INFO [main] ql.TxnCommandsBaseForTests: Running the query: create table nonAcidOrcTbl2(a int, b int) clustered by (a) into 2 buckets stored as orc TBLPROPERTIES ('transactional'='false')
2024-04-24T00:55:36,027  INFO [main] ql.Driver: Compiling command(queryId=alex_20240424005536_a2d41476-da0e-486f-bd80-611eacbaba30): create table nonAcidOrcTbl2(a int, b int) clustered by (a) into 2 buckets stored as orc TBLPROPERTIES ('transactional'='false')
2024-04-24T00:55:36,030  INFO [main] txn.TxnHandler: Added entries to MIN_HISTORY_LEVEL for current txns: ([10]) with min_open_txn: 1
2024-04-24T00:55:36,030  INFO [main] lockmgr.DbTxnManager: Opened txnid:10
2024-04-24T00:55:36,031  INFO [main] parse.CalcitePlanner: Starting caching scope for: 
2024-04-24T00:55:36,031  INFO [main] parse.CalcitePlanner: Starting Semantic Analysis
2024-04-24T00:55:36,034  INFO [main] parse.CalcitePlanner: Creating table default.nonAcidOrcTbl2 position=13
2024-04-24T00:55:36,034  INFO [main] HiveMetaStore.audit: ugi=alex	ip=unknown-ip-addr	cmd=get_database: default	
2024-04-24T00:55:36,036  INFO [main] parse.CalcitePlanner: Ending caching scope for: 
2024-04-24T00:55:36,036  INFO [main] ql.Driver: Semantic Analysis Completed (retrial = false)
2024-04-24T00:55:36,036  INFO [main] ql.Driver: Created Hive schema: Schema(fieldSchemas:null, properties:null)
2024-04-24T00:55:36,036  INFO [main] metadata.Hive: Dumping metastore api call timing information for : compilation phase
2024-04-24T00:55:36,036  INFO [main] metadata.Hive: Total time spent in each metastore function (ms): {flushCache_()=0, getDatabase_(String)=2, isCompatibleWith_(Configuration)=0, commitTxn_(CommitTxnRequest)=10, getValidWriteIds_(List, String)=3, getValidTxns_(long)=1, openTxn_(String, TxnType)=3}
2024-04-24T00:55:36,036  INFO [main] ql.Driver: Completed compiling command(queryId=alex_20240424005536_a2d41476-da0e-486f-bd80-611eacbaba30); Time taken: 0.01 seconds
2024-04-24T00:55:36,037  INFO [main] lockmgr.DbTxnManager: Setting lock request transaction to txnid:10 for queryId=alex_20240424005536_a2d41476-da0e-486f-bd80-611eacbaba30
2024-04-24T00:55:36,037  INFO [main] lockmgr.DbLockManager: Requesting lock for queryId=alex_20240424005536_a2d41476-da0e-486f-bd80-611eacbaba30
2024-04-24T00:55:36,051  INFO [main] lockmgr.DbLockManager: Response to queryId=alex_20240424005536_a2d41476-da0e-486f-bd80-611eacbaba30 LockResponse(lockid:4, state:ACQUIRED)
2024-04-24T00:55:36,051  INFO [main] ql.Driver: Operation CREATETABLE obtained 1 locks
2024-04-24T00:55:36,052  INFO [main] ql.Driver: Executing command(queryId=alex_20240424005536_a2d41476-da0e-486f-bd80-611eacbaba30): create table nonAcidOrcTbl2(a int, b int) clustered by (a) into 2 buckets stored as orc TBLPROPERTIES ('transactional'='false')
2024-04-24T00:55:36,052  INFO [main] ql.Driver: Starting task [Stage-0:DDL] in serial mode
2024-04-24T00:55:36,053  INFO [main] HiveMetaStore.audit: ugi=alex	ip=unknown-ip-addr	cmd=create_table_req: Table(tableName:nonAcidOrcTbl2, dbName:default, owner:alex, createTime:1713945336, lastAccessTime:0, retention:0, sd:StorageDescriptor(cols:[FieldSchema(name:a, type:int, comment:null), FieldSchema(name:b, type:int, comment:null)], location:null, inputFormat:org.apache.hadoop.hive.ql.io.orc.OrcInputFormat, outputFormat:org.apache.hadoop.hive.ql.io.orc.OrcOutputFormat, compressed:false, numBuckets:2, serdeInfo:SerDeInfo(name:null, serializationLib:org.apache.hadoop.hive.ql.io.orc.OrcSerde, parameters:{serialization.format=1}), bucketCols:[a], sortCols:[], parameters:{}, skewedInfo:SkewedInfo(skewedColNames:[], skewedColValues:[], skewedColValueLocationMaps:{}), storedAsSubDirectories:false), partitionKeys:[], parameters:{totalSize=0, numFilesErasureCoded=0, numRows=0, transactional=false, bucketing_version=2, rawDataSize=0, numFiles=0, COLUMN_STATS_ACCURATE={"BASIC_STATS":"true","COLUMN_STATS":{"a":"true","b":"true"}}}, viewOriginalText:null, viewExpandedText:null, tableType:MANAGED_TABLE, privileges:PrincipalPrivilegeSet(userPrivileges:{alex=[PrivilegeGrantInfo(privilege:INSERT, createTime:-1, grantor:alex, grantorType:USER, grantOption:true), PrivilegeGrantInfo(privilege:SELECT, createTime:-1, grantor:alex, grantorType:USER, grantOption:true), PrivilegeGrantInfo(privilege:UPDATE, createTime:-1, grantor:alex, grantorType:USER, grantOption:true), PrivilegeGrantInfo(privilege:DELETE, createTime:-1, grantor:alex, grantorType:USER, grantOption:true)]}, groupPrivileges:null, rolePrivileges:null), temporary:false, catName:hive, ownerType:USER)	
2024-04-24T00:55:36,059  INFO [main] utils.FileUtils: Creating directory if it doesn't exist: file:/home/alex/Repositories/hive/ql/target/tmp/org.apache.hadoop.hive.ql.TestTxnNoBuckets-1713945183193/warehouse/nonacidorctbl2
2024-04-24T00:55:36,074  INFO [main] metadata.Hive: Dumping metastore api call timing information for : execution phase
2024-04-24T00:55:36,074  INFO [main] metadata.Hive: Total time spent in each metastore function (ms): {createTable_(Table)=20, isCompatibleWith_(Configuration)=0}
2024-04-24T00:55:36,074  INFO [main] ql.Driver: Completed executing command(queryId=alex_20240424005536_a2d41476-da0e-486f-bd80-611eacbaba30); Time taken: 0.022 seconds
2024-04-24T00:55:36,074  INFO [main] lockmgr.DbTxnManager: Stopped heartbeat for query: alex_20240424005536_a2d41476-da0e-486f-bd80-611eacbaba30
2024-04-24T00:55:36,078  INFO [main] txn.TxnHandler: Expected to move at least one record from txn_components to completed_txn_components when committing txn! txnid:10
2024-04-24T00:55:36,084  INFO [main] txn.TxnHandler: Removed transactions: ([10]) from MIN_HISTORY_LEVEL
2024-04-24T00:55:36,084  WARN [main] txn.CompactionTxnHandler: No compaction queue record found for Compaction type transaction commit. txnId:10
2024-04-24T00:55:36,085  INFO [main] ql.TxnCommandsBaseForTests: Running the query: create temporary  table acidTbl2(a int, b int, c int) clustered by (c) into 2 buckets stored as orc TBLPROPERTIES ('transactional'='true')
2024-04-24T00:55:36,085  INFO [main] ql.Driver: Compiling command(queryId=alex_20240424005536_d1ea4305-5061-46b3-9f21-6027648ad03d): create temporary  table acidTbl2(a int, b int, c int) clustered by (c) into 2 buckets stored as orc TBLPROPERTIES ('transactional'='true')
2024-04-24T00:55:36,088  INFO [main] txn.TxnHandler: Added entries to MIN_HISTORY_LEVEL for current txns: ([11]) with min_open_txn: 1
2024-04-24T00:55:36,088  INFO [main] lockmgr.DbTxnManager: Opened txnid:11
2024-04-24T00:55:36,089  INFO [main] parse.CalcitePlanner: Starting caching scope for: 
2024-04-24T00:55:36,089  INFO [main] parse.CalcitePlanner: Starting Semantic Analysis
2024-04-24T00:55:36,091  INFO [main] parse.CalcitePlanner: Creating table default.acidTbl2 position=24
2024-04-24T00:55:36,092  INFO [main] HiveMetaStore.audit: ugi=alex	ip=unknown-ip-addr	cmd=get_database: default	
2024-04-24T00:55:36,093  INFO [main] parse.CalcitePlanner: Ending caching scope for: 
2024-04-24T00:55:36,093  INFO [main] ql.Driver: Semantic Analysis Completed (retrial = false)
2024-04-24T00:55:36,093  INFO [main] ql.Driver: Created Hive schema: Schema(fieldSchemas:null, properties:null)
2024-04-24T00:55:36,093  INFO [main] metadata.Hive: Dumping metastore api call timing information for : compilation phase
2024-04-24T00:55:36,094  INFO [main] metadata.Hive: Total time spent in each metastore function (ms): {isCompatibleWith_(Configuration)=0, openTxn_(String, TxnType)=2, flushCache_()=0, getValidWriteIds_(List, String)=2, commitTxn_(CommitTxnRequest)=11, getDatabase_(String)=2, getValidTxns_(long)=1}
2024-04-24T00:55:36,094  INFO [main] ql.Driver: Completed compiling command(queryId=alex_20240424005536_d1ea4305-5061-46b3-9f21-6027648ad03d); Time taken: 0.008 seconds
2024-04-24T00:55:36,094  INFO [main] lockmgr.DbTxnManager: Setting lock request transaction to txnid:11 for queryId=alex_20240424005536_d1ea4305-5061-46b3-9f21-6027648ad03d
2024-04-24T00:55:36,094  INFO [main] lockmgr.DbLockManager: Requesting lock for queryId=alex_20240424005536_d1ea4305-5061-46b3-9f21-6027648ad03d
2024-04-24T00:55:36,109  INFO [main] lockmgr.DbLockManager: Response to queryId=alex_20240424005536_d1ea4305-5061-46b3-9f21-6027648ad03d LockResponse(lockid:5, state:ACQUIRED)
2024-04-24T00:55:36,109  INFO [main] ql.Driver: Operation CREATETABLE obtained 1 locks
2024-04-24T00:55:36,110  INFO [main] ql.Driver: Executing command(queryId=alex_20240424005536_d1ea4305-5061-46b3-9f21-6027648ad03d): create temporary  table acidTbl2(a int, b int, c int) clustered by (c) into 2 buckets stored as orc TBLPROPERTIES ('transactional'='true')
2024-04-24T00:55:36,110  INFO [main] ql.Driver: Starting task [Stage-0:DDL] in serial mode
2024-04-24T00:55:36,111  INFO [main] utils.FileUtils: Creating directory if it doesn't exist: file:/home/alex/Repositories/hive/ql/target/tmp/scratchdir/alex/bb3818da-fef8-431e-82f5-d3fa8a050b6c/_tmp_space.db/95144d33-98df-4bac-a576-3ec051f8b087
2024-04-24T00:55:36,114  INFO [main] metadata.Hive: Dumping metastore api call timing information for : execution phase
2024-04-24T00:55:36,114  INFO [main] metadata.Hive: Total time spent in each metastore function (ms): {isCompatibleWith_(Configuration)=0, createTable_(Table)=3}
2024-04-24T00:55:36,114  INFO [main] ql.Driver: Completed executing command(queryId=alex_20240424005536_d1ea4305-5061-46b3-9f21-6027648ad03d); Time taken: 0.004 seconds
2024-04-24T00:55:36,114  INFO [main] lockmgr.DbTxnManager: Stopped heartbeat for query: alex_20240424005536_d1ea4305-5061-46b3-9f21-6027648ad03d
2024-04-24T00:55:36,118  INFO [main] txn.TxnHandler: Expected to move at least one record from txn_components to completed_txn_components when committing txn! txnid:11
2024-04-24T00:55:36,124  INFO [main] txn.TxnHandler: Removed transactions: ([11]) from MIN_HISTORY_LEVEL
2024-04-24T00:55:36,124  WARN [main] txn.CompactionTxnHandler: No compaction queue record found for Compaction type transaction commit. txnId:11
2024-04-24T00:55:36,125  INFO [main] ql.TxnCommandsBaseForTests: Running the query: create table nonAcidNonBucket(a int, b int) stored as orc TBLPROPERTIES ('transactional'='false')
2024-04-24T00:55:36,126  INFO [main] ql.Driver: Compiling command(queryId=alex_20240424005536_18f54b6d-2eac-4c6b-b9fa-85257201ac6c): create table nonAcidNonBucket(a int, b int) stored as orc TBLPROPERTIES ('transactional'='false')
2024-04-24T00:55:36,129  INFO [main] txn.TxnHandler: Added entries to MIN_HISTORY_LEVEL for current txns: ([12]) with min_open_txn: 1
2024-04-24T00:55:36,129  INFO [main] lockmgr.DbTxnManager: Opened txnid:12
2024-04-24T00:55:36,130  INFO [main] parse.CalcitePlanner: Starting caching scope for: 
2024-04-24T00:55:36,130  INFO [main] parse.CalcitePlanner: Starting Semantic Analysis
2024-04-24T00:55:36,133  INFO [main] parse.CalcitePlanner: Creating table default.nonAcidNonBucket position=13
2024-04-24T00:55:36,134  INFO [main] HiveMetaStore.audit: ugi=alex	ip=unknown-ip-addr	cmd=get_database: default	
2024-04-24T00:55:36,136  INFO [main] parse.CalcitePlanner: Ending caching scope for: 
2024-04-24T00:55:36,136  INFO [main] ql.Driver: Semantic Analysis Completed (retrial = false)
2024-04-24T00:55:36,136  INFO [main] ql.Driver: Created Hive schema: Schema(fieldSchemas:null, properties:null)
2024-04-24T00:55:36,137  INFO [main] metadata.Hive: Dumping metastore api call timing information for : compilation phase
2024-04-24T00:55:36,137  INFO [main] metadata.Hive: Total time spent in each metastore function (ms): {isCompatibleWith_(Configuration)=1, openTxn_(String, TxnType)=3, commitTxn_(CommitTxnRequest)=11, getDatabase_(String)=2, getValidTxns_(long)=0, getValidWriteIds_(List, String)=3, flushCache_()=0}
2024-04-24T00:55:36,137  INFO [main] ql.Driver: Completed compiling command(queryId=alex_20240424005536_18f54b6d-2eac-4c6b-b9fa-85257201ac6c); Time taken: 0.011 seconds
2024-04-24T00:55:36,137  INFO [main] lockmgr.DbTxnManager: Setting lock request transaction to txnid:12 for queryId=alex_20240424005536_18f54b6d-2eac-4c6b-b9fa-85257201ac6c
2024-04-24T00:55:36,138  INFO [main] lockmgr.DbLockManager: Requesting lock for queryId=alex_20240424005536_18f54b6d-2eac-4c6b-b9fa-85257201ac6c
2024-04-24T00:55:36,154  INFO [main] lockmgr.DbLockManager: Response to queryId=alex_20240424005536_18f54b6d-2eac-4c6b-b9fa-85257201ac6c LockResponse(lockid:6, state:ACQUIRED)
2024-04-24T00:55:36,154  INFO [main] ql.Driver: Operation CREATETABLE obtained 1 locks
2024-04-24T00:55:36,154  INFO [main] ql.Driver: Executing command(queryId=alex_20240424005536_18f54b6d-2eac-4c6b-b9fa-85257201ac6c): create table nonAcidNonBucket(a int, b int) stored as orc TBLPROPERTIES ('transactional'='false')
2024-04-24T00:55:36,154  INFO [main] ql.Driver: Starting task [Stage-0:DDL] in serial mode
2024-04-24T00:55:36,156  INFO [main] HiveMetaStore.audit: ugi=alex	ip=unknown-ip-addr	cmd=create_table_req: Table(tableName:nonAcidNonBucket, dbName:default, owner:alex, createTime:1713945336, lastAccessTime:0, retention:0, sd:StorageDescriptor(cols:[FieldSchema(name:a, type:int, comment:null), FieldSchema(name:b, type:int, comment:null)], location:null, inputFormat:org.apache.hadoop.hive.ql.io.orc.OrcInputFormat, outputFormat:org.apache.hadoop.hive.ql.io.orc.OrcOutputFormat, compressed:false, numBuckets:-1, serdeInfo:SerDeInfo(name:null, serializationLib:org.apache.hadoop.hive.ql.io.orc.OrcSerde, parameters:{serialization.format=1}), bucketCols:[], sortCols:[], parameters:{}, skewedInfo:SkewedInfo(skewedColNames:[], skewedColValues:[], skewedColValueLocationMaps:{}), storedAsSubDirectories:false), partitionKeys:[], parameters:{numFiles=0, numFilesErasureCoded=0, bucketing_version=2, transactional=false, rawDataSize=0, totalSize=0, COLUMN_STATS_ACCURATE={"BASIC_STATS":"true","COLUMN_STATS":{"a":"true","b":"true"}}, numRows=0}, viewOriginalText:null, viewExpandedText:null, tableType:MANAGED_TABLE, privileges:PrincipalPrivilegeSet(userPrivileges:{alex=[PrivilegeGrantInfo(privilege:INSERT, createTime:-1, grantor:alex, grantorType:USER, grantOption:true), PrivilegeGrantInfo(privilege:SELECT, createTime:-1, grantor:alex, grantorType:USER, grantOption:true), PrivilegeGrantInfo(privilege:UPDATE, createTime:-1, grantor:alex, grantorType:USER, grantOption:true), PrivilegeGrantInfo(privilege:DELETE, createTime:-1, grantor:alex, grantorType:USER, grantOption:true)]}, groupPrivileges:null, rolePrivileges:null), temporary:false, catName:hive, ownerType:USER)	
2024-04-24T00:55:36,162  INFO [main] utils.FileUtils: Creating directory if it doesn't exist: file:/home/alex/Repositories/hive/ql/target/tmp/org.apache.hadoop.hive.ql.TestTxnNoBuckets-1713945183193/warehouse/nonacidnonbucket
2024-04-24T00:55:36,178  INFO [main] metadata.Hive: Dumping metastore api call timing information for : execution phase
2024-04-24T00:55:36,178  INFO [main] metadata.Hive: Total time spent in each metastore function (ms): {isCompatibleWith_(Configuration)=1, createTable_(Table)=22}
2024-04-24T00:55:36,178  INFO [main] ql.Driver: Completed executing command(queryId=alex_20240424005536_18f54b6d-2eac-4c6b-b9fa-85257201ac6c); Time taken: 0.024 seconds
2024-04-24T00:55:36,178  INFO [main] lockmgr.DbTxnManager: Stopped heartbeat for query: alex_20240424005536_18f54b6d-2eac-4c6b-b9fa-85257201ac6c
2024-04-24T00:55:36,182  INFO [main] txn.TxnHandler: Expected to move at least one record from txn_components to completed_txn_components when committing txn! txnid:12
2024-04-24T00:55:36,188  INFO [main] txn.TxnHandler: Removed transactions: ([12]) from MIN_HISTORY_LEVEL
2024-04-24T00:55:36,188  WARN [main] txn.CompactionTxnHandler: No compaction queue record found for Compaction type transaction commit. txnId:12
2024-04-24T00:55:36,189  INFO [main] ql.TxnCommandsBaseForTests: Running the query: drop table if exists T
2024-04-24T00:55:36,189  INFO [main] ql.Driver: Compiling command(queryId=alex_20240424005536_409fd64f-7455-4fda-85cc-85289ebf80dc): drop table if exists T
2024-04-24T00:55:36,192  INFO [main] txn.TxnHandler: Added entries to MIN_HISTORY_LEVEL for current txns: ([13]) with min_open_txn: 1
2024-04-24T00:55:36,192  INFO [main] lockmgr.DbTxnManager: Opened txnid:13
2024-04-24T00:55:36,193  INFO [main] HiveMetaStore.audit: ugi=alex	ip=unknown-ip-addr	cmd=get_table : tbl=hive.default.T	
2024-04-24T00:55:36,213  INFO [main] metastore.HMSHandler: Skipping translation for processor with null
2024-04-24T00:55:36,213  INFO [main] ql.Driver: Semantic Analysis Completed (retrial = false)
2024-04-24T00:55:36,213  INFO [main] ql.Driver: Created Hive schema: Schema(fieldSchemas:null, properties:null)
2024-04-24T00:55:36,213  INFO [main] metadata.Hive: Dumping metastore api call timing information for : compilation phase
2024-04-24T00:55:36,214  INFO [main] metadata.Hive: Total time spent in each metastore function (ms): {getValidTxns_(long)=1, getTable_(GetTableRequest)=20, openTxn_(String, TxnType)=2, commitTxn_(CommitTxnRequest)=11, flushCache_()=0, isCompatibleWith_(Configuration)=0}
2024-04-24T00:55:36,214  INFO [main] ql.Driver: Completed compiling command(queryId=alex_20240424005536_409fd64f-7455-4fda-85cc-85289ebf80dc); Time taken: 0.024 seconds
2024-04-24T00:55:36,214  INFO [main] lockmgr.DbTxnManager: Setting lock request transaction to txnid:13 for queryId=alex_20240424005536_409fd64f-7455-4fda-85cc-85289ebf80dc
2024-04-24T00:55:36,215  INFO [main] lockmgr.DbLockManager: Requesting lock for queryId=alex_20240424005536_409fd64f-7455-4fda-85cc-85289ebf80dc
2024-04-24T00:55:36,233  INFO [main] lockmgr.DbLockManager: Response to queryId=alex_20240424005536_409fd64f-7455-4fda-85cc-85289ebf80dc LockResponse(lockid:7, state:ACQUIRED)
2024-04-24T00:55:36,233  INFO [main] ql.Driver: Operation DROPTABLE obtained 1 locks
2024-04-24T00:55:36,233  INFO [main] ql.Driver: Executing command(queryId=alex_20240424005536_409fd64f-7455-4fda-85cc-85289ebf80dc): drop table if exists T
2024-04-24T00:55:36,233  INFO [main] ql.Driver: Starting task [Stage-0:DDL] in serial mode
2024-04-24T00:55:36,234  INFO [main] HiveMetaStore.audit: ugi=alex	ip=unknown-ip-addr	cmd=get_table : tbl=hive.default.T	
2024-04-24T00:55:36,241  INFO [main] metastore.HMSHandler: Skipping translation for processor with null
2024-04-24T00:55:36,241  INFO [main] HiveMetaStore.audit: ugi=alex	ip=unknown-ip-addr	cmd=get_table : tbl=hive.default.T	
2024-04-24T00:55:36,248  INFO [main] metastore.HMSHandler: Skipping translation for processor with null
2024-04-24T00:55:36,248  INFO [main] HiveMetaStore.audit: ugi=alex	ip=unknown-ip-addr	cmd=drop_table : tbl=hive.default.T	
2024-04-24T00:55:36,362  WARN [main] utils.FileUtils: File file:/home/alex/Repositories/hive/ql/target/tmp/org.apache.hadoop.hive.ql.TestTxnNoBuckets-1713945183193/warehouse/t does not exist; Force to delete it.
2024-04-24T00:55:36,362 ERROR [main] utils.FileUtils: Failed to delete file:/home/alex/Repositories/hive/ql/target/tmp/org.apache.hadoop.hive.ql.TestTxnNoBuckets-1713945183193/warehouse/t
2024-04-24T00:55:36,362  INFO [main] metadata.Hive: Dumping metastore api call timing information for : execution phase
2024-04-24T00:55:36,362  INFO [main] metadata.Hive: Total time spent in each metastore function (ms): {getTable_(GetTableRequest)=7, dropTable_(String, String, boolean, boolean, boolean)=121, isCompatibleWith_(Configuration)=1}
2024-04-24T00:55:36,363  INFO [main] ql.Driver: Completed executing command(queryId=alex_20240424005536_409fd64f-7455-4fda-85cc-85289ebf80dc); Time taken: 0.129 seconds
2024-04-24T00:55:36,363  INFO [main] lockmgr.DbTxnManager: Stopped heartbeat for query: alex_20240424005536_409fd64f-7455-4fda-85cc-85289ebf80dc
2024-04-24T00:55:36,367  INFO [main] txn.TxnHandler: Expected to move at least one record from txn_components to completed_txn_components when committing txn! txnid:13
2024-04-24T00:55:36,373  INFO [main] txn.TxnHandler: Removed transactions: ([13]) from MIN_HISTORY_LEVEL
2024-04-24T00:55:36,374  WARN [main] txn.CompactionTxnHandler: No compaction queue record found for Compaction type transaction commit. txnId:13
2024-04-24T00:55:36,374  INFO [main] ql.TxnCommandsBaseForTests: Running the query: create table T(a int, b int) stored as orc tblproperties('transactional'='false')
2024-04-24T00:55:36,375  INFO [main] ql.Driver: Compiling command(queryId=alex_20240424005536_433c0634-93d0-4da5-8b85-b6e469499b4d): create table T(a int, b int) stored as orc tblproperties('transactional'='false')
2024-04-24T00:55:36,377  INFO [main] txn.TxnHandler: Added entries to MIN_HISTORY_LEVEL for current txns: ([14]) with min_open_txn: 1
2024-04-24T00:55:36,377  INFO [main] lockmgr.DbTxnManager: Opened txnid:14
2024-04-24T00:55:36,378  INFO [main] parse.CalcitePlanner: Starting caching scope for: 
2024-04-24T00:55:36,378  INFO [main] parse.CalcitePlanner: Starting Semantic Analysis
2024-04-24T00:55:36,384  INFO [main] parse.CalcitePlanner: Creating table default.T position=13
2024-04-24T00:55:36,384  INFO [main] HiveMetaStore.audit: ugi=alex	ip=unknown-ip-addr	cmd=get_database: default	
2024-04-24T00:55:36,386  INFO [main] parse.CalcitePlanner: Ending caching scope for: 
2024-04-24T00:55:36,386  INFO [main] ql.Driver: Semantic Analysis Completed (retrial = false)
2024-04-24T00:55:36,386  INFO [main] ql.Driver: Created Hive schema: Schema(fieldSchemas:null, properties:null)
2024-04-24T00:55:36,386  INFO [main] metadata.Hive: Dumping metastore api call timing information for : compilation phase
2024-04-24T00:55:36,386  INFO [main] metadata.Hive: Total time spent in each metastore function (ms): {commitTxn_(CommitTxnRequest)=11, openTxn_(String, TxnType)=2, isCompatibleWith_(Configuration)=0, flushCache_()=0, getValidWriteIds_(List, String)=6, getValidTxns_(long)=0, getDatabase_(String)=2}
2024-04-24T00:55:36,386  INFO [main] ql.Driver: Completed compiling command(queryId=alex_20240424005536_433c0634-93d0-4da5-8b85-b6e469499b4d); Time taken: 0.012 seconds
2024-04-24T00:55:36,387  INFO [main] lockmgr.DbTxnManager: Setting lock request transaction to txnid:14 for queryId=alex_20240424005536_433c0634-93d0-4da5-8b85-b6e469499b4d
2024-04-24T00:55:36,387  INFO [main] lockmgr.DbLockManager: Requesting lock for queryId=alex_20240424005536_433c0634-93d0-4da5-8b85-b6e469499b4d
2024-04-24T00:55:36,403  INFO [main] lockmgr.DbLockManager: Response to queryId=alex_20240424005536_433c0634-93d0-4da5-8b85-b6e469499b4d LockResponse(lockid:8, state:ACQUIRED)
2024-04-24T00:55:36,403  INFO [main] ql.Driver: Operation CREATETABLE obtained 1 locks
2024-04-24T00:55:36,403  INFO [main] ql.Driver: Executing command(queryId=alex_20240424005536_433c0634-93d0-4da5-8b85-b6e469499b4d): create table T(a int, b int) stored as orc tblproperties('transactional'='false')
2024-04-24T00:55:36,403  INFO [main] ql.Driver: Starting task [Stage-0:DDL] in serial mode
2024-04-24T00:55:36,404  INFO [main] HiveMetaStore.audit: ugi=alex	ip=unknown-ip-addr	cmd=create_table_req: Table(tableName:T, dbName:default, owner:alex, createTime:1713945336, lastAccessTime:0, retention:0, sd:StorageDescriptor(cols:[FieldSchema(name:a, type:int, comment:null), FieldSchema(name:b, type:int, comment:null)], location:null, inputFormat:org.apache.hadoop.hive.ql.io.orc.OrcInputFormat, outputFormat:org.apache.hadoop.hive.ql.io.orc.OrcOutputFormat, compressed:false, numBuckets:-1, serdeInfo:SerDeInfo(name:null, serializationLib:org.apache.hadoop.hive.ql.io.orc.OrcSerde, parameters:{serialization.format=1}), bucketCols:[], sortCols:[], parameters:{}, skewedInfo:SkewedInfo(skewedColNames:[], skewedColValues:[], skewedColValueLocationMaps:{}), storedAsSubDirectories:false), partitionKeys:[], parameters:{numRows=0, numFiles=0, numFilesErasureCoded=0, totalSize=0, rawDataSize=0, bucketing_version=2, COLUMN_STATS_ACCURATE={"BASIC_STATS":"true","COLUMN_STATS":{"a":"true","b":"true"}}, transactional=false}, viewOriginalText:null, viewExpandedText:null, tableType:MANAGED_TABLE, privileges:PrincipalPrivilegeSet(userPrivileges:{alex=[PrivilegeGrantInfo(privilege:INSERT, createTime:-1, grantor:alex, grantorType:USER, grantOption:true), PrivilegeGrantInfo(privilege:SELECT, createTime:-1, grantor:alex, grantorType:USER, grantOption:true), PrivilegeGrantInfo(privilege:UPDATE, createTime:-1, grantor:alex, grantorType:USER, grantOption:true), PrivilegeGrantInfo(privilege:DELETE, createTime:-1, grantor:alex, grantorType:USER, grantOption:true)]}, groupPrivileges:null, rolePrivileges:null), temporary:false, catName:hive, ownerType:USER)	
2024-04-24T00:55:36,412  INFO [main] utils.FileUtils: Creating directory if it doesn't exist: file:/home/alex/Repositories/hive/ql/target/tmp/org.apache.hadoop.hive.ql.TestTxnNoBuckets-1713945183193/warehouse/t
2024-04-24T00:55:36,457  INFO [main] metadata.Hive: Dumping metastore api call timing information for : execution phase
2024-04-24T00:55:36,457  INFO [main] metadata.Hive: Total time spent in each metastore function (ms): {isCompatibleWith_(Configuration)=0, createTable_(Table)=53}
2024-04-24T00:55:36,457  INFO [main] ql.Driver: Completed executing command(queryId=alex_20240424005536_433c0634-93d0-4da5-8b85-b6e469499b4d); Time taken: 0.054 seconds
2024-04-24T00:55:36,457  INFO [main] lockmgr.DbTxnManager: Stopped heartbeat for query: alex_20240424005536_433c0634-93d0-4da5-8b85-b6e469499b4d
2024-04-24T00:55:36,462  INFO [main] txn.TxnHandler: Expected to move at least one record from txn_components to completed_txn_components when committing txn! txnid:14
2024-04-24T00:55:36,468  INFO [main] txn.TxnHandler: Removed transactions: ([14]) from MIN_HISTORY_LEVEL
2024-04-24T00:55:36,468  WARN [main] txn.CompactionTxnHandler: No compaction queue record found for Compaction type transaction commit. txnId:14
2024-04-24T00:55:36,468  INFO [main] ql.TxnCommandsBaseForTests: Running the query: insert into T(a, b)  values(1,2),(2,4),(5,6),(6,8),(9,10)
2024-04-24T00:55:36,469  INFO [main] ql.Driver: Compiling command(queryId=alex_20240424005536_4280aece-e58b-4098-a923-3b1827c2f224): insert into T(a, b)  values(1,2),(2,4),(5,6),(6,8),(9,10)
2024-04-24T00:55:36,471  INFO [main] txn.TxnHandler: Added entries to MIN_HISTORY_LEVEL for current txns: ([15]) with min_open_txn: 1
2024-04-24T00:55:36,471  INFO [main] lockmgr.DbTxnManager: Opened txnid:15
2024-04-24T00:55:36,472  INFO [main] parse.CalcitePlanner: Starting caching scope for: 
2024-04-24T00:55:36,472  INFO [main] parse.CalcitePlanner: Starting Semantic Analysis
2024-04-24T00:55:36,475  INFO [main] HiveMetaStore.audit: ugi=alex	ip=unknown-ip-addr	cmd=get_table : tbl=hive.default.T	
2024-04-24T00:55:36,497  INFO [main] metastore.HMSHandler: Skipping translation for processor with null
2024-04-24T00:55:36,497  INFO [main] parse.CalcitePlanner: Completed phase 1 of Semantic Analysis
2024-04-24T00:55:36,497  INFO [main] parse.CalcitePlanner: Get metadata for source tables
2024-04-24T00:55:36,497  INFO [main] parse.CalcitePlanner: Get metadata for subqueries
2024-04-24T00:55:36,497  INFO [main] parse.CalcitePlanner: Get metadata for destination tables
2024-04-24T00:55:36,498  INFO [main] HiveMetaStore.audit: ugi=alex	ip=unknown-ip-addr	cmd=get_table : tbl=hive.default.T	
2024-04-24T00:55:36,507  INFO [main] metastore.HMSHandler: Skipping translation for processor with null
2024-04-24T00:55:36,507  INFO [main] parse.CalcitePlanner: Completed getting MetaData in Semantic Analysis
2024-04-24T00:55:36,508  INFO [main] parse.CalcitePlanner: Disabling LLAP IO encode as ETL query is detected
2024-04-24T00:55:36,530  INFO [main] HiveMetaStore.audit: ugi=alex	ip=unknown-ip-addr	cmd=get_all_table_constraints : tbl=hive._dummy_database._dummy_table	
2024-04-24T00:55:36,611  INFO [main] parse.CalcitePlanner: Get metadata for source tables
2024-04-24T00:55:36,611  INFO [main] parse.CalcitePlanner: Get metadata for subqueries
2024-04-24T00:55:36,611  INFO [main] parse.CalcitePlanner: Get metadata for source tables
2024-04-24T00:55:36,612  INFO [main] HiveMetaStore.audit: ugi=alex	ip=unknown-ip-addr	cmd=get_table : tbl=hive._dummy_database._dummy_table	
2024-04-24T00:55:36,615  INFO [main] parse.CalcitePlanner: Get metadata for subqueries
2024-04-24T00:55:36,615  INFO [main] parse.CalcitePlanner: Get metadata for destination tables
2024-04-24T00:55:36,615  INFO [main] parse.CalcitePlanner: Get metadata for destination tables
2024-04-24T00:55:36,615  INFO [main] HiveMetaStore.audit: ugi=alex	ip=unknown-ip-addr	cmd=get_table : tbl=hive.default.T	
2024-04-24T00:55:36,625  INFO [main] metastore.HMSHandler: Skipping translation for processor with null
2024-04-24T00:55:36,628  INFO [main] common.FileUtils: Creating directory if it doesn't exist: file:/home/alex/Repositories/hive/ql/target/tmp/org.apache.hadoop.hive.ql.TestTxnNoBuckets-1713945183193/warehouse/t/.hive-staging_hive_2024-04-24_00-55-36_469_6535294860658331738-1
2024-04-24T00:55:36,630  INFO [main] HiveMetaStore.audit: ugi=alex	ip=unknown-ip-addr	cmd=get_not_null_constraints : tbl=hive.default.t	
2024-04-24T00:55:36,632  INFO [main] HiveMetaStore.audit: ugi=alex	ip=unknown-ip-addr	cmd=get_check_constraints : tbl=hive.default.t	
2024-04-24T00:55:36,633  INFO [main] parse.CalcitePlanner: CBO Succeeded; optimized logical plan.
2024-04-24T00:55:36,637  INFO [main] optimizer.BucketVersionPopulator: not considering bucketingVersion for: TS[0] because it has -1<2 buckets 
2024-04-24T00:55:36,637  INFO [main] optimizer.SortedDynPartitionOptimizer: Sorted dynamic partitioning optimization kicked in..
2024-04-24T00:55:36,647  INFO [main] HiveMetaStore.audit: ugi=alex	ip=unknown-ip-addr	cmd=get_table : tbl=hive.default.t	
2024-04-24T00:55:36,657  INFO [main] metastore.HMSHandler: Skipping translation for processor with null
2024-04-24T00:55:36,658  INFO [main] optimizer.GenMRFileSink1: using CombineHiveInputformat for the merge job
2024-04-24T00:55:36,658  INFO [main] HiveMetaStore.audit: ugi=alex	ip=unknown-ip-addr	cmd=get_table : tbl=hive.default.t	
2024-04-24T00:55:36,668  INFO [main] metastore.HMSHandler: Skipping translation for processor with null
2024-04-24T00:55:36,669  INFO [main] physical.Vectorizer: Examining input format to see if vectorization is enabled.
2024-04-24T00:55:36,670  INFO [main] physical.Vectorizer: Map vectorization enabled: false
2024-04-24T00:55:36,670  INFO [main] physical.Vectorizer: Map vectorized: false
2024-04-24T00:55:36,670  INFO [main] physical.Vectorizer: Map vectorizedVertexNum: 0
2024-04-24T00:55:36,670  INFO [main] physical.Vectorizer: Map enabledConditionsMet: [hive.vectorized.use.vectorized.input.format IS true]
2024-04-24T00:55:36,670  INFO [main] physical.Vectorizer: Map enabledConditionsNotMet: [Could not enable vectorization due to partition column names size 1 is greater than the number of table column names size 0 IS false]
2024-04-24T00:55:36,670  INFO [main] physical.Vectorizer: Map inputFileFormatClassNameSet: [org.apache.hadoop.hive.ql.io.NullRowsInputFormat]
2024-04-24T00:55:36,671  INFO [main] parse.CalcitePlanner: Completed plan generation
2024-04-24T00:55:36,671  INFO [main] parse.CalcitePlanner: Ending caching scope for: 
2024-04-24T00:55:36,671  INFO [main] ql.Driver: Semantic Analysis Completed (retrial = false)
2024-04-24T00:55:36,671  INFO [main] ql.Driver: Created Hive schema: Schema(fieldSchemas:[FieldSchema(name:_col0, type:int, comment:null), FieldSchema(name:_col1, type:int, comment:null)], properties:null)
2024-04-24T00:55:36,671  INFO [main] metadata.Hive: Dumping metastore api call timing information for : compilation phase
2024-04-24T00:55:36,671  INFO [main] metadata.Hive: Total time spent in each metastore function (ms): {openTxn_(String, TxnType)=2, getCheckConstraints_(CheckConstraintsRequest)=1, getValidTxns_(long)=0, getValidWriteIds_(List, String)=2, getNotNullConstraints_(NotNullConstraintsRequest)=1, flushCache_()=0, isCompatibleWith_(Configuration)=2, getAllTableConstraints_(AllTableConstraintsRequest)=29, getTable_(GetTableRequest)=61, commitTxn_(CommitTxnRequest)=11}
2024-04-24T00:55:36,671  INFO [main] ql.Driver: Completed compiling command(queryId=alex_20240424005536_4280aece-e58b-4098-a923-3b1827c2f224); Time taken: 0.202 seconds
2024-04-24T00:55:36,672  INFO [main] lockmgr.DbTxnManager: Setting lock request transaction to txnid:15 for queryId=alex_20240424005536_4280aece-e58b-4098-a923-3b1827c2f224
2024-04-24T00:55:36,672  INFO [main] lockmgr.DbLockManager: Requesting lock for queryId=alex_20240424005536_4280aece-e58b-4098-a923-3b1827c2f224
2024-04-24T00:55:36,691  INFO [main] lockmgr.DbLockManager: Response to queryId=alex_20240424005536_4280aece-e58b-4098-a923-3b1827c2f224 LockResponse(lockid:9, state:ACQUIRED)
2024-04-24T00:55:36,691  INFO [main] ql.Driver: Operation QUERY obtained 1 locks
2024-04-24T00:55:36,691  INFO [main] ql.Driver: Executing command(queryId=alex_20240424005536_4280aece-e58b-4098-a923-3b1827c2f224): insert into T(a, b)  values(1,2),(2,4),(5,6),(6,8),(9,10)
2024-04-24T00:55:36,692  WARN [main] ql.Driver: Hive-on-MR is deprecated in Hive 2 and may not be available in the future versions. Consider using a different execution engine (i.e. tez, spark) or using Hive 1.X releases.
Query ID = alex_20240424005536_4280aece-e58b-4098-a923-3b1827c2f224
2024-04-24T00:55:36,692  INFO [main] ql.Driver: Query ID = alex_20240424005536_4280aece-e58b-4098-a923-3b1827c2f224
Total jobs = 1
2024-04-24T00:55:36,692  INFO [main] ql.Driver: Total jobs = 1
Launching Job 1 out of 1
2024-04-24T00:55:36,692  INFO [main] ql.Driver: Launching Job 1 out of 1
2024-04-24T00:55:36,840  INFO [main] ql.Driver: Starting task [Stage-1:MAPRED] in serial mode
Number of reduce tasks is set to 0 since there's no reduce operator
2024-04-24T00:55:36,840  INFO [main] exec.Task: Number of reduce tasks is set to 0 since there's no reduce operator
2024-04-24T00:55:36,842  INFO [main] mr.ExecDriver: Using org.apache.hadoop.hive.ql.io.HiveInputFormat
2024-04-24T00:55:36,842  INFO [main] exec.Utilities: Processing alias $hdt$_0:_dummy_table
2024-04-24T00:55:36,843  INFO [main] exec.Utilities: Adding 1 inputs; the first input is file:/home/alex/Repositories/hive/ql/target/tmp/localscratchdir/bb3818da-fef8-431e-82f5-d3fa8a050b6c/hive_2024-04-24_00-55-36_469_6535294860658331738-1/dummy_path
2024-04-24T00:55:36,852  INFO [main] exec.SerializationUtilities: Serializing MapWork using kryo
2024-04-24T00:55:36,852  INFO [main] exec.Utilities: Serialized plan (via FILE) - name: null size: 6,13KB
2024-04-24T00:55:36,853  WARN [main] impl.MetricsSystemImpl: JobTracker metrics system already initialized!
2024-04-24T00:55:36,857  INFO [main] fs.FSStatsPublisher: created : file:/home/alex/Repositories/hive/ql/target/tmp/localscratchdir/bb3818da-fef8-431e-82f5-d3fa8a050b6c/hive_2024-04-24_00-55-36_469_6535294860658331738-1/-mr-10001
2024-04-24T00:55:36,862  WARN [main] impl.MetricsSystemImpl: JobTracker metrics system already initialized!
2024-04-24T00:55:36,869  WARN [main] mapreduce.JobResourceUploader: Hadoop command-line option parsing not performed. Implement the Tool interface and execute your application with ToolRunner to remedy this.
2024-04-24T00:55:36,873  WARN [main] mapreduce.JobResourceUploader: No job jar file set.  User classes may not be found. See Job or Job#setJar(String).
2024-04-24T00:55:36,874  INFO [main] io.HiveInputFormat: hive.io.file.readcolumn.ids = 
2024-04-24T00:55:36,874  INFO [main] io.HiveInputFormat: hive.io.file.readcolumn.names = 
2024-04-24T00:55:36,874  INFO [main] io.HiveInputFormat: Generating splits for dirs: file:/home/alex/Repositories/hive/ql/target/tmp/localscratchdir/bb3818da-fef8-431e-82f5-d3fa8a050b6c/hive_2024-04-24_00-55-36_469_6535294860658331738-1/dummy_path
2024-04-24T00:55:36,875  INFO [main] io.HiveInputFormat: number of splits 1
2024-04-24T00:55:36,892  INFO [main] mapreduce.JobSubmitter: number of splits:1
2024-04-24T00:55:36,910  INFO [main] mapreduce.JobSubmitter: Submitting tokens for job: job_local1388557160_0067
2024-04-24T00:55:36,910  INFO [main] mapreduce.JobSubmitter: Executing with tokens: []
2024-04-24T00:55:36,972  INFO [main] mapreduce.Job: The url to track the job: http://localhost:8080/
Job running in-process (local Hadoop)
2024-04-24T00:55:36,972  INFO [main] exec.Task: Job running in-process (local Hadoop)
2024-04-24T00:55:36,972  INFO [Thread-4410] mapred.LocalJobRunner: OutputCommitter set in config org.apache.hadoop.hive.ql.io.HiveFileFormatUtils$NullOutputCommitter
2024-04-24T00:55:36,973  INFO [Thread-4410] mapred.LocalJobRunner: OutputCommitter is org.apache.hadoop.hive.ql.io.HiveFileFormatUtils$NullOutputCommitter
2024-04-24T00:55:36,974  INFO [Thread-4410] mapred.LocalJobRunner: Waiting for map tasks
2024-04-24T00:55:36,974  INFO [LocalJobRunner Map Task Executor #0] mapred.LocalJobRunner: Starting task: attempt_local1388557160_0067_m_000000_0
2024-04-24T00:55:36,977  INFO [LocalJobRunner Map Task Executor #0] mapred.Task:  Using ResourceCalculatorProcessTree : [ ]
2024-04-24T00:55:36,978  INFO [LocalJobRunner Map Task Executor #0] mapred.MapTask: Processing split: org.apache.hadoop.hive.ql.io.NullRowsInputFormat:file:/home/alex/Repositories/hive/ql/target/tmp/localscratchdir/bb3818da-fef8-431e-82f5-d3fa8a050b6c/hive_2024-04-24_00-55-36_469_6535294860658331738-1/dummy_path/null:0+1
2024-04-24T00:55:36,980  INFO [LocalJobRunner Map Task Executor #0] exec.SerializationUtilities: Deserializing MapWork using kryo
2024-04-24T00:55:36,981  INFO [LocalJobRunner Map Task Executor #0] exec.Utilities: Deserialized plan (via FILE) - name: null size: 6,13KB
2024-04-24T00:55:36,981  INFO [LocalJobRunner Map Task Executor #0] mapred.MapTask: numReduceTasks: 0
2024-04-24T00:55:36,983  INFO [LocalJobRunner Map Task Executor #0] exec.MapOperator: Initializing Operator: MAP[0]
2024-04-24T00:55:36,983  INFO [LocalJobRunner Map Task Executor #0] mr.ExecMapper: 
<MAP>Id =0
  <Children>null
  <\Children>
  <Parent><\Parent>
<\MAP>
2024-04-24T00:55:36,984  INFO [LocalJobRunner Map Task Executor #0] exec.TableScanOperator: Initializing Operator: TS[0]
2024-04-24T00:55:36,984  INFO [LocalJobRunner Map Task Executor #0] exec.SelectOperator: Initializing Operator: SEL[1]
2024-04-24T00:55:36,984  INFO [LocalJobRunner Map Task Executor #0] exec.SelectOperator: SELECT null
2024-04-24T00:55:36,984  INFO [LocalJobRunner Map Task Executor #0] exec.UDTFOperator: Initializing Operator: UDTF[2]
2024-04-24T00:55:36,984  INFO [LocalJobRunner Map Task Executor #0] exec.SelectOperator: Initializing Operator: SEL[3]
2024-04-24T00:55:36,984  INFO [LocalJobRunner Map Task Executor #0] exec.SelectOperator: SELECT struct<col1:int,col2:int>
2024-04-24T00:55:36,984  INFO [LocalJobRunner Map Task Executor #0] exec.FileSinkOperator: Initializing Operator: FS[4]
2024-04-24T00:55:36,985  INFO [LocalJobRunner Map Task Executor #0] exec.FileSinkOperator: Using serializer : AbstractSerDe [log=org.apache.logging.slf4j.Log4jLogger@22a08b61, configuration=Optional[Configuration: core-default.xml, core-site.xml, mapred-default.xml, mapred-site.xml, yarn-default.xml, yarn-site.xml, hdfs-default.xml, hdfs-site.xml, file:/home/alex/Repositories/hive/ql/target/tmp/TestTxnNoBucketsVectorized/mapred/local/localRunner/alex/job_local1388557160_0067/job_local1388557160_0067.xml], properties={name=default.t, columns.types=int:int, serialization.format=1, columns=a,b, numFilesErasureCoded=0, columns.comments=&amp#0;, bucketing_version=2, serialization.lib=org.apache.hadoop.hive.ql.io.orc.OrcSerde, file.inputformat=org.apache.hadoop.hive.ql.io.orc.OrcInputFormat, file.outputformat=org.apache.hadoop.hive.ql.io.orc.OrcOutputFormat, location=file:/home/alex/Repositories/hive/ql/target/tmp/org.apache.hadoop.hive.ql.TestTxnNoBuckets-1713945183193/warehouse/t, column.name.delimiter=,}, tableProperties={name=default.t, columns.types=int:int, serialization.format=1, columns=a,b, numFilesErasureCoded=0, columns.comments=&amp#0;, bucketing_version=2, serialization.lib=org.apache.hadoop.hive.ql.io.orc.OrcSerde, file.inputformat=org.apache.hadoop.hive.ql.io.orc.OrcInputFormat, location=file:/home/alex/Repositories/hive/ql/target/tmp/org.apache.hadoop.hive.ql.TestTxnNoBuckets-1713945183193/warehouse/t, file.outputformat=org.apache.hadoop.hive.ql.io.orc.OrcOutputFormat, column.name.delimiter=,}, partitionProperties=Optional.empty, columnNames=[a, b], columnTypes=[int, int], getClass()=class org.apache.hadoop.hive.ql.io.orc.OrcSerde] and formatter : org.apache.hadoop.hive.ql.io.orc.OrcOutputFormat@701f4d91
2024-04-24T00:55:36,985  INFO [LocalJobRunner Map Task Executor #0] exec.FileSinkOperator: Final Path: FS file:/home/alex/Repositories/hive/ql/target/tmp/org.apache.hadoop.hive.ql.TestTxnNoBuckets-1713945183193/warehouse/t/.hive-staging_hive_2024-04-24_00-55-36_469_6535294860658331738-1/_tmp.-ext-10002/000000_0
2024-04-24T00:55:36,985  INFO [LocalJobRunner Map Task Executor #0] exec.FileSinkOperator: Writing to temp file: FS file:/home/alex/Repositories/hive/ql/target/tmp/org.apache.hadoop.hive.ql.TestTxnNoBuckets-1713945183193/warehouse/t/.hive-staging_hive_2024-04-24_00-55-36_469_6535294860658331738-1/_task_tmp.-ext-10002/_tmp.000000_0
2024-04-24T00:55:36,985  INFO [LocalJobRunner Map Task Executor #0] exec.FileSinkOperator: New Final Path: FS file:/home/alex/Repositories/hive/ql/target/tmp/org.apache.hadoop.hive.ql.TestTxnNoBuckets-1713945183193/warehouse/t/.hive-staging_hive_2024-04-24_00-55-36_469_6535294860658331738-1/_tmp.-ext-10002/000000_0
2024-04-24T00:55:36,987  INFO [LocalJobRunner Map Task Executor #0] exec.FileSinkOperator: FS[4]: records written - 1
2024-04-24T00:55:36,987  INFO [LocalJobRunner Map Task Executor #0] impl.PhysicalFsWriter: ORC writer created for path: file:/home/alex/Repositories/hive/ql/target/tmp/org.apache.hadoop.hive.ql.TestTxnNoBuckets-1713945183193/warehouse/t/.hive-staging_hive_2024-04-24_00-55-36_469_6535294860658331738-1/_task_tmp.-ext-10002/_tmp.000000_0 with stripeSize: 67108864 blockSize: 268435456 compression: Compress: ZLIB buffer: 262144
2024-04-24T00:55:36,994  INFO [LocalJobRunner Map Task Executor #0] impl.WriterImpl: ORC writer created for path: file:/home/alex/Repositories/hive/ql/target/tmp/org.apache.hadoop.hive.ql.TestTxnNoBuckets-1713945183193/warehouse/t/.hive-staging_hive_2024-04-24_00-55-36_469_6535294860658331738-1/_task_tmp.-ext-10002/_tmp.000000_0 with stripeSize: 67108864 options: Compress: ZLIB buffer: 262144
2024-04-24T00:55:36,995  INFO [LocalJobRunner Map Task Executor #0] exec.MapOperator: MAP[0]: records read - 1
2024-04-24T00:55:36,995  INFO [LocalJobRunner Map Task Executor #0] exec.MapOperator: Closing Operator: MAP[0]
2024-04-24T00:55:36,995  INFO [LocalJobRunner Map Task Executor #0] exec.MapOperator: MAP[0]: Total records read - 3. abort - false
2024-04-24T00:55:36,995  INFO [LocalJobRunner Map Task Executor #0] exec.MapOperator: RECORDS_OUT_OPERATOR_MAP_0:0, RECORDS_IN:3, RECORDS_OUT_INTERMEDIATE:0, DESERIALIZE_ERRORS:0, 
2024-04-24T00:55:36,995  INFO [LocalJobRunner Map Task Executor #0] exec.TableScanOperator: Closing Operator: TS[0]
2024-04-24T00:55:36,995  INFO [LocalJobRunner Map Task Executor #0] exec.TableScanOperator: RECORDS_OUT_INTERMEDIATE:0, RECORDS_OUT_OPERATOR_TS_0:1, 
2024-04-24T00:55:36,995  INFO [LocalJobRunner Map Task Executor #0] exec.SelectOperator: Closing Operator: SEL[1]
2024-04-24T00:55:36,995  INFO [LocalJobRunner Map Task Executor #0] exec.SelectOperator: RECORDS_OUT_OPERATOR_SEL_1:1, RECORDS_OUT_INTERMEDIATE:0, 
2024-04-24T00:55:36,995  INFO [LocalJobRunner Map Task Executor #0] exec.UDTFOperator: Closing Operator: UDTF[2]
2024-04-24T00:55:36,995  INFO [LocalJobRunner Map Task Executor #0] exec.UDTFOperator: RECORDS_OUT_OPERATOR_UDTF_2:5, RECORDS_OUT_INTERMEDIATE:0, 
2024-04-24T00:55:36,995  INFO [LocalJobRunner Map Task Executor #0] exec.SelectOperator: Closing Operator: SEL[3]
2024-04-24T00:55:36,995  INFO [LocalJobRunner Map Task Executor #0] exec.SelectOperator: RECORDS_OUT_INTERMEDIATE:0, RECORDS_OUT_OPERATOR_SEL_3:5, 
2024-04-24T00:55:36,995  INFO [LocalJobRunner Map Task Executor #0] exec.FileSinkOperator: Closing Operator: FS[4]
2024-04-24T00:55:36,995  INFO [LocalJobRunner Map Task Executor #0] exec.FileSinkOperator: FS[4]: records written - 5
2024-04-24T00:55:37,002  INFO [LocalJobRunner Map Task Executor #0] exec.FileSinkOperator: RECORDS_OUT_OPERATOR_FS_4:5, RECORDS_OUT_1_default.t:5, RECORDS_OUT_INTERMEDIATE:0, TOTAL_TABLE_ROWS_WRITTEN:5, 
2024-04-24T00:55:37,002  INFO [LocalJobRunner Map Task Executor #0] mapred.LocalJobRunner: 
2024-04-24T00:55:37,004  INFO [LocalJobRunner Map Task Executor #0] mapred.Task: Task:attempt_local1388557160_0067_m_000000_0 is done. And is in the process of committing
2024-04-24T00:55:37,005  INFO [LocalJobRunner Map Task Executor #0] mapred.LocalJobRunner: map
2024-04-24T00:55:37,005  INFO [LocalJobRunner Map Task Executor #0] mapred.Task: Task 'attempt_local1388557160_0067_m_000000_0' done.
2024-04-24T00:55:37,005  INFO [LocalJobRunner Map Task Executor #0] mapred.Task: Final Counters for attempt_local1388557160_0067_m_000000_0: Counters: 27
	File System Counters
		FILE: Number of bytes read=1645264
		FILE: Number of bytes written=80606080
		FILE: Number of read operations=0
		FILE: Number of large read operations=0
		FILE: Number of write operations=0
	Map-Reduce Framework
		Map input records=4
		Map output records=0
		Input split bytes=361
		Spilled Records=0
		Failed Shuffles=0
		Merged Map outputs=0
		GC time elapsed (ms)=0
		Total committed heap usage (bytes)=1394606080
	HIVE
		CREATED_FILES=1
		DESERIALIZE_ERRORS=0
		RECORDS_IN=3
		RECORDS_OUT_1_default.t=5
		RECORDS_OUT_INTERMEDIATE=0
		RECORDS_OUT_OPERATOR_FS_4=5
		RECORDS_OUT_OPERATOR_MAP_0=0
		RECORDS_OUT_OPERATOR_SEL_1=1
		RECORDS_OUT_OPERATOR_SEL_3=5
		RECORDS_OUT_OPERATOR_TS_0=1
		RECORDS_OUT_OPERATOR_UDTF_2=5
		TOTAL_TABLE_ROWS_WRITTEN=5
	File Input Format Counters 
		Bytes Read=6187
	File Output Format Counters 
		Bytes Written=0
2024-04-24T00:55:37,005  INFO [LocalJobRunner Map Task Executor #0] mapred.LocalJobRunner: Finishing task: attempt_local1388557160_0067_m_000000_0
2024-04-24T00:55:37,005  INFO [Thread-4410] mapred.LocalJobRunner: map task executor complete.
2024-04-24 00:55:37,973 Stage-1 map = 100%,  reduce = 0%
2024-04-24T00:55:37,973  INFO [main] exec.Task: 2024-04-24 00:55:37,973 Stage-1 map = 100%,  reduce = 0%
Ended Job = job_local1388557160_0067
2024-04-24T00:55:37,973  INFO [main] exec.Task: Ended Job = job_local1388557160_0067
2024-04-24T00:55:37,975  INFO [main] ql.Driver: Starting task [Stage-7:CONDITIONAL] in serial mode
Stage-4 is selected by condition resolver.
2024-04-24T00:55:37,975  INFO [main] exec.Task: Stage-4 is selected by condition resolver.
Stage-3 is filtered out by condition resolver.
2024-04-24T00:55:37,975  INFO [main] exec.Task: Stage-3 is filtered out by condition resolver.
Stage-5 is filtered out by condition resolver.
2024-04-24T00:55:37,975  INFO [main] exec.Task: Stage-5 is filtered out by condition resolver.
2024-04-24T00:55:37,975  INFO [main] ql.Driver: Starting task [Stage-4:MOVE] in serial mode
Moving data to directory file:/home/alex/Repositories/hive/ql/target/tmp/org.apache.hadoop.hive.ql.TestTxnNoBuckets-1713945183193/warehouse/t/.hive-staging_hive_2024-04-24_00-55-36_469_6535294860658331738-1/-ext-10000
2024-04-24T00:55:37,975  INFO [main] exec.Task: Moving data to directory file:/home/alex/Repositories/hive/ql/target/tmp/org.apache.hadoop.hive.ql.TestTxnNoBuckets-1713945183193/warehouse/t/.hive-staging_hive_2024-04-24_00-55-36_469_6535294860658331738-1/-ext-10000 from file:/home/alex/Repositories/hive/ql/target/tmp/org.apache.hadoop.hive.ql.TestTxnNoBuckets-1713945183193/warehouse/t/.hive-staging_hive_2024-04-24_00-55-36_469_6535294860658331738-1/-ext-10002
2024-04-24T00:55:37,975  INFO [main] ql.Driver: Starting task [Stage-0:MOVE] in serial mode
Loading data to table default.t
2024-04-24T00:55:37,976  INFO [main] exec.Task: Loading data to table default.t from file:/home/alex/Repositories/hive/ql/target/tmp/org.apache.hadoop.hive.ql.TestTxnNoBuckets-1713945183193/warehouse/t/.hive-staging_hive_2024-04-24_00-55-36_469_6535294860658331738-1/-ext-10000
2024-04-24T00:55:37,976  INFO [main] HiveMetaStore.audit: ugi=alex	ip=unknown-ip-addr	cmd=get_table : tbl=hive.default.t	
2024-04-24T00:55:37,985  INFO [main] metastore.HMSHandler: Skipping translation for processor with null
2024-04-24T00:55:37,985  INFO [main] HiveMetaStore.audit: ugi=alex	ip=unknown-ip-addr	cmd=get_table : tbl=hive.default.t	
2024-04-24T00:55:37,995  INFO [main] metastore.HMSHandler: Skipping translation for processor with null
2024-04-24T00:55:37,996  WARN [main] metadata.Hive: Cannot get a table snapshot for t
2024-04-24T00:55:37,996  INFO [main] HiveMetaStore.audit: ugi=alex	ip=unknown-ip-addr	cmd=alter_table: hive.default.t newtbl=t	
2024-04-24T00:55:38,025  INFO [main] ql.Driver: Starting task [Stage-2:STATS] in serial mode
2024-04-24T00:55:38,025  INFO [main] HiveMetaStore.audit: ugi=alex	ip=unknown-ip-addr	cmd=get_table : tbl=hive.default.t	
2024-04-24T00:55:38,036  INFO [main] metastore.HMSHandler: Skipping translation for processor with null
2024-04-24T00:55:38,036  INFO [main] stats.BasicStatsTask: Executing stats task
2024-04-24T00:55:38,036  INFO [main] fs.FSStatsPublisher: created : file:/home/alex/Repositories/hive/ql/target/tmp/localscratchdir/bb3818da-fef8-431e-82f5-d3fa8a050b6c/hive_2024-04-24_00-55-36_469_6535294860658331738-1/-mr-10001
2024-04-24T00:55:38,037  INFO [main] HiveMetaStore.audit: ugi=alex	ip=unknown-ip-addr	cmd=get_table : tbl=hive.default.t	
2024-04-24T00:55:38,048  INFO [main] metastore.HMSHandler: Skipping translation for processor with null
2024-04-24T00:55:38,049  INFO [main] FileOperations: Read stats for default.t/, numRows, true, 5, false: 
2024-04-24T00:55:38,049  INFO [main] FileOperations: Read stats for default.t/, rawDataSize, true, 40, false: 
2024-04-24T00:55:38,049  WARN [main] metadata.Hive: Cannot get a table snapshot for t
2024-04-24T00:55:38,049  INFO [main] HiveMetaStore.audit: ugi=alex	ip=unknown-ip-addr	cmd=alter_table: hive.default.t newtbl=t	
2024-04-24T00:55:38,077  INFO [main] stats.BasicStatsTask: Table default.t stats: [numFiles=1, numRows=5, totalSize=259, rawDataSize=40, numFilesErasureCoded=0]
2024-04-24T00:55:38,078  INFO [main] metadata.Hive: Dumping metastore api call timing information for : execution phase
2024-04-24T00:55:38,078  INFO [main] metadata.Hive: Total time spent in each metastore function (ms): {getTable_(GetTableRequest)=41, alter_table_(String, String, String, Table, EnvironmentContext, String)=57, isCompatibleWith_(Configuration)=1}
MapReduce Jobs Launched: 
2024-04-24T00:55:38,078  INFO [main] ql.Driver: MapReduce Jobs Launched: 
Stage-Stage-1:  HDFS Read: 0 HDFS Write: 0 SUCCESS
2024-04-24T00:55:38,078  INFO [main] ql.Driver: Stage-Stage-1:  HDFS Read: 0 HDFS Write: 0 SUCCESS
Total MapReduce CPU Time Spent: 0 msec
2024-04-24T00:55:38,078  INFO [main] ql.Driver: Total MapReduce CPU Time Spent: 0 msec
2024-04-24T00:55:38,078  INFO [main] ql.Driver: Completed executing command(queryId=alex_20240424005536_4280aece-e58b-4098-a923-3b1827c2f224); Time taken: 1.387 seconds
2024-04-24T00:55:38,078  INFO [main] lockmgr.DbTxnManager: Stopped heartbeat for query: alex_20240424005536_4280aece-e58b-4098-a923-3b1827c2f224
2024-04-24T00:55:38,083  INFO [main] txn.TxnHandler: Expected to move at least one record from txn_components to completed_txn_components when committing txn! txnid:15
2024-04-24T00:55:38,090  INFO [main] txn.TxnHandler: Removed transactions: ([15]) from MIN_HISTORY_LEVEL
2024-04-24T00:55:38,090  WARN [main] txn.CompactionTxnHandler: No compaction queue record found for Compaction type transaction commit. txnId:15
2024-04-24T00:55:38,090  INFO [main] ql.TxnCommandsBaseForTests: Running the query: alter table T SET TBLPROPERTIES ('transactional'='true')
2024-04-24T00:55:38,091  INFO [main] ql.Context: Deleting scratch dir: file:/home/alex/Repositories/hive/ql/target/tmp/localscratchdir/bb3818da-fef8-431e-82f5-d3fa8a050b6c/hive_2024-04-24_00-55-36_469_6535294860658331738-1
2024-04-24T00:55:38,091  INFO [main] cleanup.SyncCleanupService: Deleted directory: file:/home/alex/Repositories/hive/ql/target/tmp/localscratchdir/bb3818da-fef8-431e-82f5-d3fa8a050b6c/hive_2024-04-24_00-55-36_469_6535294860658331738-1 on fs with scheme file
2024-04-24T00:55:38,092  INFO [main] ql.Context: Deleting scratch dir: file:/home/alex/Repositories/hive/ql/target/tmp/org.apache.hadoop.hive.ql.TestTxnNoBuckets-1713945183193/warehouse/t/.hive-staging_hive_2024-04-24_00-55-36_469_6535294860658331738-1
2024-04-24T00:55:38,092  INFO [main] cleanup.SyncCleanupService: Deleted directory: file:/home/alex/Repositories/hive/ql/target/tmp/org.apache.hadoop.hive.ql.TestTxnNoBuckets-1713945183193/warehouse/t/.hive-staging_hive_2024-04-24_00-55-36_469_6535294860658331738-1 on fs with scheme file
2024-04-24T00:55:38,092  INFO [main] ql.Driver: Compiling command(queryId=alex_20240424005538_63f5bc88-cf3a-47d8-a6c0-d53d692d7aa8): alter table T SET TBLPROPERTIES ('transactional'='true')
2024-04-24T00:55:38,095  INFO [main] txn.TxnHandler: Added entries to MIN_HISTORY_LEVEL for current txns: ([16]) with min_open_txn: 16
2024-04-24T00:55:38,096  INFO [main] lockmgr.DbTxnManager: Opened txnid:16
2024-04-24T00:55:38,097  INFO [main] HiveMetaStore.audit: ugi=alex	ip=unknown-ip-addr	cmd=get_table : tbl=hive.default.T	
2024-04-24T00:55:38,106  INFO [main] metastore.HMSHandler: Skipping translation for processor with null
2024-04-24T00:55:38,107  INFO [main] HiveMetaStore.audit: ugi=alex	ip=unknown-ip-addr	cmd=get_table : tbl=hive.default.T	
2024-04-24T00:55:38,116  INFO [main] metastore.HMSHandler: Skipping translation for processor with null
2024-04-24T00:55:38,116  INFO [main] ql.Driver: Semantic Analysis Completed (retrial = false)
2024-04-24T00:55:38,116  INFO [main] ql.Driver: Created Hive schema: Schema(fieldSchemas:null, properties:null)
2024-04-24T00:55:38,117  INFO [main] metadata.Hive: Dumping metastore api call timing information for : compilation phase
2024-04-24T00:55:38,117  INFO [main] metadata.Hive: Total time spent in each metastore function (ms): {isCompatibleWith_(Configuration)=1, flushCache_()=0, commitTxn_(CommitTxnRequest)=11, getValidTxns_(long)=1, getTable_(GetTableRequest)=19, openTxn_(String, TxnType)=3}
2024-04-24T00:55:38,117  INFO [main] ql.Driver: Completed compiling command(queryId=alex_20240424005538_63f5bc88-cf3a-47d8-a6c0-d53d692d7aa8); Time taken: 0.025 seconds
2024-04-24T00:55:38,117  INFO [main] lockmgr.DbTxnManager: Setting lock request transaction to txnid:16 for queryId=alex_20240424005538_63f5bc88-cf3a-47d8-a6c0-d53d692d7aa8
2024-04-24T00:55:38,118  INFO [main] lockmgr.DbLockManager: Requesting lock for queryId=alex_20240424005538_63f5bc88-cf3a-47d8-a6c0-d53d692d7aa8
2024-04-24T00:55:38,146  INFO [main] lockmgr.DbLockManager: Response to queryId=alex_20240424005538_63f5bc88-cf3a-47d8-a6c0-d53d692d7aa8 LockResponse(lockid:10, state:ACQUIRED)
2024-04-24T00:55:38,146  INFO [main] ql.Driver: Operation ALTERTABLE_PROPERTIES obtained 1 locks
2024-04-24T00:55:38,146  INFO [main] ql.Driver: Executing command(queryId=alex_20240424005538_63f5bc88-cf3a-47d8-a6c0-d53d692d7aa8): alter table T SET TBLPROPERTIES ('transactional'='true')
2024-04-24T00:55:38,146  INFO [main] ql.Driver: Starting task [Stage-0:DDL] in serial mode
2024-04-24T00:55:38,146  INFO [main] HiveMetaStore.audit: ugi=alex	ip=unknown-ip-addr	cmd=get_table : tbl=hive.default.T	
2024-04-24T00:55:38,159  INFO [main] metastore.HMSHandler: Skipping translation for processor with null
2024-04-24T00:55:38,162  INFO [main] HiveMetaStore.audit: ugi=alex	ip=unknown-ip-addr	cmd=alter_table: hive.default.T newtbl=t	
2024-04-24T00:55:38,196  INFO [main] metadata.Hive: Dumping metastore api call timing information for : execution phase
2024-04-24T00:55:38,197  INFO [main] metadata.Hive: Total time spent in each metastore function (ms): {isCompatibleWith_(Configuration)=0, getValidWriteIds_(List, String)=3, getTable_(GetTableRequest)=13, alter_table_(String, String, String, Table, EnvironmentContext, String)=34}
2024-04-24T00:55:38,197  INFO [main] ql.Driver: Completed executing command(queryId=alex_20240424005538_63f5bc88-cf3a-47d8-a6c0-d53d692d7aa8); Time taken: 0.05 seconds
2024-04-24T00:55:38,197  INFO [main] lockmgr.DbTxnManager: Stopped heartbeat for query: alex_20240424005538_63f5bc88-cf3a-47d8-a6c0-d53d692d7aa8
2024-04-24T00:55:38,202  INFO [main] txn.TxnHandler: Expected to move at least one record from txn_components to completed_txn_components when committing txn! txnid:16
2024-04-24T00:55:38,209  INFO [main] txn.TxnHandler: Removed transactions: ([16]) from MIN_HISTORY_LEVEL
2024-04-24T00:55:38,209  WARN [main] txn.CompactionTxnHandler: No compaction queue record found for Compaction type transaction commit. txnId:16
2024-04-24T00:55:38,210  INFO [main] ql.TxnCommandsBaseForTests: Running the query: select a from T where b > 6 order by a
2024-04-24T00:55:38,210  INFO [main] ql.Driver: Compiling command(queryId=alex_20240424005538_6f47f05f-c6dd-4a8a-8337-461f7a59ffd5): select a from T where b > 6 order by a
2024-04-24T00:55:38,213  INFO [main] txn.TxnHandler: Added entries to MIN_HISTORY_LEVEL for current txns: ([17]) with min_open_txn: 16
2024-04-24T00:55:38,213  INFO [main] lockmgr.DbTxnManager: Opened txnid:17
2024-04-24T00:55:38,213  INFO [main] parse.CalcitePlanner: Starting caching scope for: 
2024-04-24T00:55:38,213  INFO [main] parse.CalcitePlanner: Starting Semantic Analysis
2024-04-24T00:55:38,216  INFO [main] parse.CalcitePlanner: Completed phase 1 of Semantic Analysis
2024-04-24T00:55:38,216  INFO [main] parse.CalcitePlanner: Get metadata for source tables
2024-04-24T00:55:38,219  INFO [main] HiveMetaStore.audit: ugi=alex	ip=unknown-ip-addr	cmd=get_table : tbl=hive.default.t	
2024-04-24T00:55:38,227  INFO [main] metastore.HMSHandler: Skipping translation for processor with null
2024-04-24T00:55:38,227  INFO [main] parse.CalcitePlanner: Get metadata for subqueries
2024-04-24T00:55:38,227  INFO [main] parse.CalcitePlanner: Get metadata for destination tables
2024-04-24T00:55:38,227  INFO [main] parse.CalcitePlanner: Completed getting MetaData in Semantic Analysis
2024-04-24T00:55:38,240  INFO [main] HiveMetaStore.audit: ugi=alex	ip=unknown-ip-addr	cmd=get_all_table_constraints : tbl=hive.default.t	
2024-04-24T00:55:38,284  INFO [main] calcite.RelOptHiveTable: Calculating column statistics for default.t, projIndxSet: [0, 1], allowMissingStats: true
2024-04-24T00:55:38,284  INFO [main] HiveMetaStore.audit: ugi=alex	ip=unknown-ip-addr	cmd=get_table_statistics_req: table=hive.default.t	
2024-04-24T00:55:38,297  WARN [main] calcite.RelOptHiveTable: No Stats for default@t, Columns: b, a
No Stats for default@t, Columns: b, a
2024-04-24T00:55:38,297  INFO [main] SessionState: No Stats for default@t, Columns: b, a
2024-04-24T00:55:38,377  INFO [main] parse.CalcitePlanner: Get metadata for source tables
2024-04-24T00:55:38,378  INFO [main] parse.CalcitePlanner: Get metadata for subqueries
2024-04-24T00:55:38,378  INFO [main] parse.CalcitePlanner: Get metadata for destination tables
2024-04-24T00:55:38,380  INFO [main] common.FileUtils: Creating directory if it doesn't exist: file:/home/alex/Repositories/hive/ql/target/tmp/localscratchdir/bb3818da-fef8-431e-82f5-d3fa8a050b6c/hive_2024-04-24_00-55-38_210_8146090833444299364-1/-mr-10001/.hive-staging_hive_2024-04-24_00-55-38_210_8146090833444299364-1
2024-04-24T00:55:38,387  INFO [main] parse.CalcitePlanner: CBO Succeeded; optimized logical plan.
2024-04-24T00:55:38,390  INFO [main] optimizer.ColumnPrunerProcFactory: RS 3 oldColExprMap: {KEY.reducesinkkey0=Column[_col0]}
2024-04-24T00:55:38,390  INFO [main] optimizer.ColumnPrunerProcFactory: RS 3 newColExprMap: {KEY.reducesinkkey0=Column[_col0]}
2024-04-24T00:55:38,391  INFO [main] optimizer.BucketVersionPopulator: not considering bucketingVersion for: TS[0] because it has -1<2 buckets 
2024-04-24T00:55:38,391  INFO [main] optimizer.SortedDynPartitionOptimizer: Sorted dynamic partitioning optimization kicked in..
2024-04-24T00:55:38,402  INFO [main] physical.Vectorizer: Examining input format to see if vectorization is enabled.
2024-04-24T00:55:38,402  INFO [main] physical.Vectorizer: Vectorization is enabled for input format(s) [org.apache.hadoop.hive.ql.io.orc.OrcInputFormat]
2024-04-24T00:55:38,402  INFO [main] physical.Vectorizer: Validating and vectorizing MapWork... (vectorizedVertexNum 0)
2024-04-24T00:55:38,408  INFO [main] physical.Vectorizer: Map vectorization enabled: true
2024-04-24T00:55:38,408  INFO [main] physical.Vectorizer: Map vectorized: true
2024-04-24T00:55:38,408  INFO [main] physical.Vectorizer: Map vectorizedVertexNum: 0
2024-04-24T00:55:38,408  INFO [main] physical.Vectorizer: Map enabledConditionsMet: [hive.vectorized.use.vectorized.input.format IS true]
2024-04-24T00:55:38,408  INFO [main] physical.Vectorizer: Map inputFileFormatClassNameSet: [org.apache.hadoop.hive.ql.io.orc.OrcInputFormat]
2024-04-24T00:55:38,408  INFO [main] physical.Vectorizer: Reduce vectorization enabled: false
2024-04-24T00:55:38,408  INFO [main] physical.Vectorizer: Reduce vectorized: false
2024-04-24T00:55:38,408  INFO [main] physical.Vectorizer: Reduce vectorizedVertexNum: 1
2024-04-24T00:55:38,408  INFO [main] physical.Vectorizer: Reducer hive.vectorized.execution.reduce.enabled: true
2024-04-24T00:55:38,408  INFO [main] physical.Vectorizer: Reducer engine: mr
2024-04-24T00:55:38,408  INFO [main] parse.CalcitePlanner: Completed plan generation
2024-04-24T00:55:38,408  INFO [main] parse.CalcitePlanner: Ending caching scope for: 
2024-04-24T00:55:38,409  INFO [main] ql.Driver: Semantic Analysis Completed (retrial = false)
2024-04-24T00:55:38,409  INFO [main] ql.Driver: Created Hive schema: Schema(fieldSchemas:[FieldSchema(name:a, type:int, comment:null)], properties:null)
2024-04-24T00:55:38,410  INFO [main] exec.ListSinkOperator: Initializing Operator: LIST_SINK[10]
2024-04-24T00:55:38,410  INFO [main] metadata.Hive: Dumping metastore api call timing information for : compilation phase
2024-04-24T00:55:38,410  INFO [main] metadata.Hive: Total time spent in each metastore function (ms): {getAllTableConstraints_(AllTableConstraintsRequest)=8, getValidWriteIds_(List, String)=5, isCompatibleWith_(Configuration)=0, openTxn_(String, TxnType)=2, getTableColumnStatistics_(String, String, List, String)=12, getTable_(GetTableRequest)=8, commitTxn_(CommitTxnRequest)=13, flushCache_()=1, getValidTxns_(long)=0}
2024-04-24T00:55:38,410  INFO [main] ql.Driver: Completed compiling command(queryId=alex_20240424005538_6f47f05f-c6dd-4a8a-8337-461f7a59ffd5); Time taken: 0.2 seconds
2024-04-24T00:55:38,411  INFO [main] lockmgr.DbTxnManager: Setting lock request transaction to txnid:17 for queryId=alex_20240424005538_6f47f05f-c6dd-4a8a-8337-461f7a59ffd5
2024-04-24T00:55:38,411  INFO [main] lockmgr.DbLockManager: Requesting lock for queryId=alex_20240424005538_6f47f05f-c6dd-4a8a-8337-461f7a59ffd5
2024-04-24T00:55:38,427  INFO [main] lockmgr.DbLockManager: Response to queryId=alex_20240424005538_6f47f05f-c6dd-4a8a-8337-461f7a59ffd5 LockResponse(lockid:11, state:ACQUIRED)
2024-04-24T00:55:38,427  INFO [main] ql.Driver: Operation QUERY obtained 1 locks
2024-04-24T00:55:38,428  INFO [main] ql.Driver: Executing command(queryId=alex_20240424005538_6f47f05f-c6dd-4a8a-8337-461f7a59ffd5): select a from T where b > 6 order by a
2024-04-24T00:55:38,428  WARN [main] ql.Driver: Hive-on-MR is deprecated in Hive 2 and may not be available in the future versions. Consider using a different execution engine (i.e. tez, spark) or using Hive 1.X releases.
Query ID = alex_20240424005538_6f47f05f-c6dd-4a8a-8337-461f7a59ffd5
2024-04-24T00:55:38,428  INFO [main] ql.Driver: Query ID = alex_20240424005538_6f47f05f-c6dd-4a8a-8337-461f7a59ffd5
Total jobs = 1
2024-04-24T00:55:38,428  INFO [main] ql.Driver: Total jobs = 1
Launching Job 1 out of 1
2024-04-24T00:55:38,428  INFO [main] ql.Driver: Launching Job 1 out of 1
2024-04-24T00:55:38,590  INFO [main] ql.Driver: Starting task [Stage-1:MAPRED] in serial mode
Number of reduce tasks determined at compile time: 1
2024-04-24T00:55:38,590  INFO [main] exec.Task: Number of reduce tasks determined at compile time: 1
In order to change the average load for a reducer (in bytes):
2024-04-24T00:55:38,590  INFO [main] exec.Task: In order to change the average load for a reducer (in bytes):
  set hive.exec.reducers.bytes.per.reducer=<number>
2024-04-24T00:55:38,590  INFO [main] exec.Task:   set hive.exec.reducers.bytes.per.reducer=<number>
In order to limit the maximum number of reducers:
2024-04-24T00:55:38,590  INFO [main] exec.Task: In order to limit the maximum number of reducers:
  set hive.exec.reducers.max=<number>
2024-04-24T00:55:38,590  INFO [main] exec.Task:   set hive.exec.reducers.max=<number>
In order to set a constant number of reducers:
2024-04-24T00:55:38,590  INFO [main] exec.Task: In order to set a constant number of reducers:
  set mapreduce.job.reduces=<number>
2024-04-24T00:55:38,590  INFO [main] exec.Task:   set mapreduce.job.reduces=<number>
2024-04-24T00:55:38,593  INFO [main] mr.ExecDriver: Using org.apache.hadoop.hive.ql.io.HiveInputFormat
2024-04-24T00:55:38,593  INFO [main] exec.Utilities: Processing alias t
2024-04-24T00:55:38,593  INFO [main] exec.Utilities: Adding 1 inputs; the first input is file:/home/alex/Repositories/hive/ql/target/tmp/org.apache.hadoop.hive.ql.TestTxnNoBuckets-1713945183193/warehouse/t
2024-04-24T00:55:38,603  INFO [main] exec.SerializationUtilities: Serializing MapWork using kryo
2024-04-24T00:55:38,604  INFO [main] exec.Utilities: Serialized plan (via FILE) - name: null size: 6,49KB
2024-04-24T00:55:38,609  INFO [main] exec.SerializationUtilities: Serializing ReduceWork using kryo
2024-04-24T00:55:38,610  INFO [main] exec.Utilities: Serialized plan (via FILE) - name: null size: 7,44KB
2024-04-24T00:55:38,611  WARN [main] impl.MetricsSystemImpl: JobTracker metrics system already initialized!
2024-04-24T00:55:38,617  WARN [main] impl.MetricsSystemImpl: JobTracker metrics system already initialized!
2024-04-24T00:55:38,625  WARN [main] mapreduce.JobResourceUploader: Hadoop command-line option parsing not performed. Implement the Tool interface and execute your application with ToolRunner to remedy this.
2024-04-24T00:55:38,631  WARN [main] mapreduce.JobResourceUploader: No job jar file set.  User classes may not be found. See Job or Job#setJar(String).
2024-04-24T00:55:38,632  INFO [main] io.HiveInputFormat: hive.io.file.readcolumn.ids = 0,1
2024-04-24T00:55:38,632  INFO [main] io.HiveInputFormat: hive.io.file.readcolumn.names = a,b
2024-04-24T00:55:38,632  INFO [main] io.HiveInputFormat: Generating splits for dirs: file:/home/alex/Repositories/hive/ql/target/tmp/org.apache.hadoop.hive.ql.TestTxnNoBuckets-1713945183193/warehouse/t
2024-04-24T00:55:38,632  INFO [main] orc.OrcInputFormat: getSplits started
2024-04-24T00:55:38,633  INFO [main] orc.OrcInputFormat: Context:: isAcid: true isVectorMode: true sarg: (not leaf-(LESS_THAN_EQUALS b 6)) minSplitSize: 1 maxSplitSize: 256000000 splitStrategy: HYBRID footerInSplits: false numBuckets: 0 numThreads: 10 cacheMemSize: 268435456 cacheStripeDetails: true useSoftReference: false writeIdList: default.t:10000000:9223372036854775807:: isTransactionalTable: true txnProperties: default 
2024-04-24T00:55:38,633  INFO [main] orc.OrcInputFormat: ORC pushdown predicate: (not leaf-(LESS_THAN_EQUALS b 6))
2024-04-24T00:55:38,637  INFO [main] orc.OrcInputFormat: FooterCacheHitRatio: 0/1
2024-04-24T00:55:38,637  INFO [main] orc.OrcInputFormat: getSplits finished (#splits: 1). duration: 5 ms
2024-04-24T00:55:38,638  INFO [main] io.HiveInputFormat: number of splits 1
2024-04-24T00:55:38,657  INFO [main] mapreduce.JobSubmitter: number of splits:1
2024-04-24T00:55:38,678  INFO [main] mapreduce.JobSubmitter: Submitting tokens for job: job_local1749674015_0068
2024-04-24T00:55:38,678  INFO [main] mapreduce.JobSubmitter: Executing with tokens: []
2024-04-24T00:55:38,744  INFO [main] mapreduce.Job: The url to track the job: http://localhost:8080/
Job running in-process (local Hadoop)
2024-04-24T00:55:38,744  INFO [main] exec.Task: Job running in-process (local Hadoop)
2024-04-24T00:55:38,744  INFO [Thread-4454] mapred.LocalJobRunner: OutputCommitter set in config org.apache.hadoop.hive.ql.io.HiveFileFormatUtils$NullOutputCommitter
2024-04-24T00:55:38,744  INFO [Thread-4454] mapred.LocalJobRunner: OutputCommitter is org.apache.hadoop.hive.ql.io.HiveFileFormatUtils$NullOutputCommitter
2024-04-24T00:55:38,746  INFO [Thread-4454] mapred.LocalJobRunner: Waiting for map tasks
2024-04-24T00:55:38,746  INFO [LocalJobRunner Map Task Executor #0] mapred.LocalJobRunner: Starting task: attempt_local1749674015_0068_m_000000_0
2024-04-24T00:55:38,746  INFO [LocalJobRunner Map Task Executor #0] mapred.Task:  Using ResourceCalculatorProcessTree : [ ]
2024-04-24T00:55:38,747  INFO [LocalJobRunner Map Task Executor #0] mapred.MapTask: Processing split: org.apache.hadoop.hive.ql.io.orc.OrcInputFormat:OrcSplit [file:/home/alex/Repositories/hive/ql/target/tmp/org.apache.hadoop.hive.ql.TestTxnNoBuckets-1713945183193/warehouse/t/000000_0, start=3, length=113, isOriginal=true, fileLength=259, hasFooter=false, hasBase=true, deltas=0]
2024-04-24T00:55:38,747  INFO [LocalJobRunner Map Task Executor #0] exec.SerializationUtilities: Deserializing MapWork using kryo
2024-04-24T00:55:38,748  INFO [LocalJobRunner Map Task Executor #0] exec.Utilities: Deserialized plan (via FILE) - name: null size: 6,49KB
2024-04-24T00:55:38,749  INFO [LocalJobRunner Map Task Executor #0] orc.OrcInputFormat: ORC pushdown predicate: (not leaf-(LESS_THAN_EQUALS b 6))
2024-04-24T00:55:38,749  INFO [LocalJobRunner Map Task Executor #0] orc.VectorizedOrcAcidRowBatchReader: Read ValidWriteIdList: default.t:10000000:9223372036854775807:::OrcSplit [file:/home/alex/Repositories/hive/ql/target/tmp/org.apache.hadoop.hive.ql.TestTxnNoBuckets-1713945183193/warehouse/t/000000_0, start=3, length=113, isOriginal=true, fileLength=259, hasFooter=false, hasBase=true, deltas=0]
2024-04-24T00:55:38,750  INFO [LocalJobRunner Map Task Executor #0] orc.ReaderImpl: Reading ORC rows from file:/home/alex/Repositories/hive/ql/target/tmp/org.apache.hadoop.hive.ql.TestTxnNoBuckets-1713945183193/warehouse/t/000000_0 with {include: [true, true, true], offset: 3, length: 113, sarg: (not leaf-(LESS_THAN_EQUALS b 6)), schema: struct<a:int,b:int>, includeAcidColumns: true}
2024-04-24T00:55:38,750  INFO [LocalJobRunner Map Task Executor #0] mapred.MapTask: numReduceTasks: 1
2024-04-24T00:55:38,755  INFO [LocalJobRunner Map Task Executor #0] mapred.MapTask: (EQUATOR) 0 kvi 26214396(104857584)
2024-04-24T00:55:38,755  INFO [LocalJobRunner Map Task Executor #0] mapred.MapTask: mapreduce.task.io.sort.mb: 100
2024-04-24T00:55:38,756  INFO [LocalJobRunner Map Task Executor #0] mapred.MapTask: soft limit at 83886080
2024-04-24T00:55:38,756  INFO [LocalJobRunner Map Task Executor #0] mapred.MapTask: bufstart = 0; bufvoid = 104857600
2024-04-24T00:55:38,756  INFO [LocalJobRunner Map Task Executor #0] mapred.MapTask: kvstart = 26214396; length = 6553600
2024-04-24T00:55:38,756  INFO [LocalJobRunner Map Task Executor #0] mapred.MapTask: Map output collector class = org.apache.hadoop.mapred.MapTask$MapOutputBuffer
2024-04-24T00:55:38,757  INFO [LocalJobRunner Map Task Executor #0] vector.VectorMapOperator: Initializing Operator: MAP[0]
2024-04-24T00:55:38,757  INFO [LocalJobRunner Map Task Executor #0] mr.ExecMapper: 
<MAP>Id =0
  <Children>null
  <\Children>
  <Parent><\Parent>
<\MAP>
2024-04-24T00:55:38,758  INFO [LocalJobRunner Map Task Executor #0] exec.TableScanOperator: Initializing Operator: TS[0]
2024-04-24T00:55:38,758  INFO [LocalJobRunner Map Task Executor #0] vector.VectorFilterOperator: Initializing Operator: FIL[7]
2024-04-24T00:55:38,758  INFO [LocalJobRunner Map Task Executor #0] vector.VectorSelectOperator: Initializing Operator: SEL[8]
2024-04-24T00:55:38,758  INFO [LocalJobRunner Map Task Executor #0] vector.VectorReduceSinkOperator: Initializing Operator: RS[9]
2024-04-24T00:55:38,758  INFO [LocalJobRunner Map Task Executor #0] vector.VectorReduceSinkOperator: Using tag = -1
2024-04-24T00:55:38,758  INFO [LocalJobRunner Map Task Executor #0] vector.VectorReduceSinkOperator: keys are [reducesinkkey0] num distributions: 1
2024-04-24T00:55:38,758  INFO [LocalJobRunner Map Task Executor #0] vector.VectorReduceSinkOperator: RS[9]: records written - 1
2024-04-24T00:55:38,759  INFO [LocalJobRunner Map Task Executor #0] vector.VectorMapOperator: Closing Operator: MAP[0]
2024-04-24T00:55:38,759  INFO [LocalJobRunner Map Task Executor #0] vector.VectorMapOperator: RECORDS_OUT_OPERATOR_MAP_0:0, RECORDS_IN:5, RECORDS_OUT_INTERMEDIATE:0, DESERIALIZE_ERRORS:0, 
2024-04-24T00:55:38,759  INFO [LocalJobRunner Map Task Executor #0] exec.TableScanOperator: Closing Operator: TS[0]
2024-04-24T00:55:38,759  INFO [LocalJobRunner Map Task Executor #0] exec.TableScanOperator: RECORDS_OUT_OPERATOR_TS_0:5, RECORDS_OUT_INTERMEDIATE:0, 
2024-04-24T00:55:38,759  INFO [LocalJobRunner Map Task Executor #0] vector.VectorFilterOperator: Closing Operator: FIL[7]
2024-04-24T00:55:38,759  INFO [LocalJobRunner Map Task Executor #0] vector.VectorFilterOperator: RECORDS_OUT_OPERATOR_FIL_7:2, RECORDS_OUT_INTERMEDIATE:0, 
2024-04-24T00:55:38,759  INFO [LocalJobRunner Map Task Executor #0] vector.VectorSelectOperator: Closing Operator: SEL[8]
2024-04-24T00:55:38,759  INFO [LocalJobRunner Map Task Executor #0] vector.VectorSelectOperator: RECORDS_OUT_OPERATOR_SEL_8:2, RECORDS_OUT_INTERMEDIATE:0, 
2024-04-24T00:55:38,759  INFO [LocalJobRunner Map Task Executor #0] vector.VectorReduceSinkOperator: Closing Operator: RS[9]
2024-04-24T00:55:38,759  INFO [LocalJobRunner Map Task Executor #0] vector.VectorReduceSinkOperator: RS[9]: Total records written - 2. abort - false
2024-04-24T00:55:38,759  INFO [LocalJobRunner Map Task Executor #0] vector.VectorReduceSinkOperator: RECORDS_OUT_OPERATOR_RS_9:2, RECORDS_OUT_INTERMEDIATE:2, 
2024-04-24T00:55:38,759  INFO [LocalJobRunner Map Task Executor #0] mapred.LocalJobRunner: 
2024-04-24T00:55:38,760  INFO [LocalJobRunner Map Task Executor #0] mapred.MapTask: Starting flush of map output
2024-04-24T00:55:38,760  INFO [LocalJobRunner Map Task Executor #0] mapred.MapTask: Spilling map output
2024-04-24T00:55:38,760  INFO [LocalJobRunner Map Task Executor #0] mapred.MapTask: bufstart = 0; bufend = 28; bufvoid = 104857600
2024-04-24T00:55:38,760  INFO [LocalJobRunner Map Task Executor #0] mapred.MapTask: kvstart = 26214396(104857584); kvend = 26214392(104857568); length = 5/6553600
2024-04-24T00:55:38,770  INFO [LocalJobRunner Map Task Executor #0] mapred.MapTask: Finished spill 0
2024-04-24T00:55:38,773  INFO [LocalJobRunner Map Task Executor #0] mapred.Task: Task:attempt_local1749674015_0068_m_000000_0 is done. And is in the process of committing
2024-04-24T00:55:38,774  INFO [LocalJobRunner Map Task Executor #0] mapred.LocalJobRunner: OrcSplit [file:/home/alex/Repositories/hive/ql/target/tmp/org.apache.hadoop.hive.ql.TestTxnNoBuckets-1713945183193/warehouse/t/000000_0, start=3, length=113, isOriginal=true, fileLength=259, hasFooter=false, hasBase=true, deltas=0]
2024-04-24T00:55:38,774  INFO [LocalJobRunner Map Task Executor #0] mapred.Task: Task 'attempt_local1749674015_0068_m_000000_0' done.
2024-04-24T00:55:38,774  INFO [LocalJobRunner Map Task Executor #0] mapred.Task: Final Counters for attempt_local1749674015_0068_m_000000_0: Counters: 25
	File System Counters
		FILE: Number of bytes read=1654069
		FILE: Number of bytes written=81812039
		FILE: Number of read operations=0
		FILE: Number of large read operations=0
		FILE: Number of write operations=0
	Map-Reduce Framework
		Map input records=1
		Map output records=2
		Map output bytes=28
		Map output materialized bytes=38
		Input split bytes=471
		Combine input records=0
		Spilled Records=2
		Failed Shuffles=0
		Merged Map outputs=0
		GC time elapsed (ms)=0
		Total committed heap usage (bytes)=1390936064
	HIVE
		DESERIALIZE_ERRORS=0
		RECORDS_IN=5
		RECORDS_OUT_INTERMEDIATE=2
		RECORDS_OUT_OPERATOR_FIL_7=2
		RECORDS_OUT_OPERATOR_MAP_0=0
		RECORDS_OUT_OPERATOR_RS_9=2
		RECORDS_OUT_OPERATOR_SEL_8=2
		RECORDS_OUT_OPERATOR_TS_0=5
	File Input Format Counters 
		Bytes Read=7916
2024-04-24T00:55:38,774  INFO [LocalJobRunner Map Task Executor #0] mapred.LocalJobRunner: Finishing task: attempt_local1749674015_0068_m_000000_0
2024-04-24T00:55:38,774  INFO [Thread-4454] mapred.LocalJobRunner: map task executor complete.
2024-04-24T00:55:38,775  INFO [Thread-4454] mapred.LocalJobRunner: Waiting for reduce tasks
2024-04-24T00:55:38,775  INFO [pool-281-thread-1] mapred.LocalJobRunner: Starting task: attempt_local1749674015_0068_r_000000_0
2024-04-24T00:55:38,776  INFO [pool-281-thread-1] mapred.Task:  Using ResourceCalculatorProcessTree : [ ]
2024-04-24T00:55:38,776  INFO [pool-281-thread-1] mapred.ReduceTask: Using ShuffleConsumerPlugin: org.apache.hadoop.mapreduce.task.reduce.Shuffle@283af981
2024-04-24T00:55:38,776  WARN [pool-281-thread-1] impl.MetricsSystemImpl: JobTracker metrics system already initialized!
2024-04-24T00:55:38,777  INFO [pool-281-thread-1] reduce.MergeManagerImpl: MergerManager: memoryLimit=1336252800, maxSingleShuffleLimit=334063200, mergeThreshold=881926912, ioSortFactor=10, memToMemMergeOutputsThreshold=10
2024-04-24T00:55:38,777  INFO [EventFetcher for fetching Map Completion Events] reduce.EventFetcher: attempt_local1749674015_0068_r_000000_0 Thread started: EventFetcher for fetching Map Completion Events
2024-04-24T00:55:38,780  INFO [localfetcher#41] reduce.LocalFetcher: localfetcher#41 about to shuffle output of map attempt_local1749674015_0068_m_000000_0 decomp: 34 len: 38 to MEMORY
2024-04-24T00:55:38,780  INFO [localfetcher#41] reduce.InMemoryMapOutput: Read 34 bytes from map-output for attempt_local1749674015_0068_m_000000_0
2024-04-24T00:55:38,780  INFO [localfetcher#41] reduce.MergeManagerImpl: closeInMemoryFile -> map-output of size: 34, inMemoryMapOutputs.size() -> 1, commitMemory -> 0, usedMemory ->34
2024-04-24T00:55:38,781  INFO [EventFetcher for fetching Map Completion Events] reduce.EventFetcher: EventFetcher is interrupted.. Returning
2024-04-24T00:55:38,781  INFO [pool-281-thread-1] mapred.LocalJobRunner: 1 / 1 copied.
2024-04-24T00:55:38,781  INFO [pool-281-thread-1] reduce.MergeManagerImpl: finalMerge called with 1 in-memory map-outputs and 0 on-disk map-outputs
2024-04-24T00:55:38,788  INFO [pool-281-thread-1] mapred.Merger: Merging 1 sorted segments
2024-04-24T00:55:38,788  INFO [pool-281-thread-1] mapred.Merger: Down to the last merge-pass, with 1 segments left of total size: 22 bytes
2024-04-24T00:55:38,790  INFO [pool-281-thread-1] reduce.MergeManagerImpl: Merged 1 segments, 34 bytes to disk to satisfy reduce memory limit
2024-04-24T00:55:38,790  INFO [pool-281-thread-1] reduce.MergeManagerImpl: Merging 1 files, 38 bytes from disk
2024-04-24T00:55:38,790  INFO [pool-281-thread-1] reduce.MergeManagerImpl: Merging 0 segments, 0 bytes from memory into reduce
2024-04-24T00:55:38,790  INFO [pool-281-thread-1] mapred.Merger: Merging 1 sorted segments
2024-04-24T00:55:38,791  INFO [pool-281-thread-1] mapred.Merger: Down to the last merge-pass, with 1 segments left of total size: 22 bytes
2024-04-24T00:55:38,791  INFO [pool-281-thread-1] mapred.LocalJobRunner: 1 / 1 copied.
2024-04-24T00:55:38,791  INFO [pool-281-thread-1] exec.SerializationUtilities: Deserializing ReduceWork using kryo
2024-04-24T00:55:38,792  INFO [pool-281-thread-1] exec.Utilities: Deserialized plan (via FILE) - name: null size: 7,44KB
2024-04-24T00:55:38,793  INFO [pool-281-thread-1] ExecReducer: 
<SEL>Id =4
  <Children>
    <FS>Id =5
      <Children>
      <\Children>
      <Parent>Id = 4 null<\Parent>
    <\FS>
  <\Children>
  <Parent><\Parent>
<\SEL>
2024-04-24T00:55:38,793  INFO [pool-281-thread-1] exec.SelectOperator: Initializing Operator: SEL[4]
2024-04-24T00:55:38,793  INFO [pool-281-thread-1] exec.SelectOperator: SELECT struct<key:struct<reducesinkkey0:int>,value:struct<>>
2024-04-24T00:55:38,793  INFO [pool-281-thread-1] exec.FileSinkOperator: Initializing Operator: FS[5]
2024-04-24T00:55:38,793  INFO [pool-281-thread-1] exec.FileSinkOperator: Using serializer : class org.apache.hadoop.hive.serde2.lazy.LazySimpleSerDe [serdeParams=org.apache.hadoop.hive.serde2.lazy.LazySerDeParameters@576c1f01, cachedObjectInspector=org.apache.hadoop.hive.serde2.lazy.objectinspector.LazySimpleStructObjectInspector<org.apache.hadoop.hive.serde2.lazy.objectinspector.primitive.LazyIntObjectInspector@4870d2e1>, serializedSize=0, stats=org.apache.hadoop.hive.serde2.SerDeStats@6ff930ec, lastOperationSerialize=false, lastOperationDeserialize=false [1, 2, 3, 4, 5, 6, 7, 8, 11, 14, 15, 16, 17, 18, 19, 20, 21, 22, 23, 24, 25, 26, 28, 29, 30, 31, -128, -127, -126, -125, -124, -123, -122, -121, -120, -119, -118, -117, -116, -115, -114, -113, -112, -111, -110, -109, -108, -107, -106, -105, -104, -103, -102, -101, -100, -99, -98, -97, -96, -95, -94, -93, -92, -91, -90, -89, -88, -87, -86, -85, -84, -83, -82, -81, -80, -79, -78, -77, -76, -75, -74, -73, -72, -71, -70, -69, -68, -67, -66, -65, -64, -63, -62, -61, -60, -59, -58, -57, -56, -55, -54, -53, -52, -51, -50, -49, -48, -47, -46, -45, -44, -43, -42, -41, -40, -39, -38, -37, -36, -35, -34, -33, -32, -31, -30, -29, -28, -27, -26, -25, -24, -23, -22, -21, -20, -19, -18, -17, -16, -15, -14, -13, -12, -11, -10, -9, -8, -7, -6, -5, -4, -3, -2, -1] : [_col0] : [int]] and formatter : org.apache.hadoop.hive.ql.io.HiveSequenceFileOutputFormat@7b8a27c0
2024-04-24T00:55:38,794  INFO [pool-281-thread-1] exec.FileSinkOperator: Final Path: FS file:/home/alex/Repositories/hive/ql/target/tmp/localscratchdir/bb3818da-fef8-431e-82f5-d3fa8a050b6c/hive_2024-04-24_00-55-38_210_8146090833444299364-1/-mr-10001/.hive-staging_hive_2024-04-24_00-55-38_210_8146090833444299364-1/_tmp.-ext-10002/000000_0
2024-04-24T00:55:38,794  INFO [pool-281-thread-1] exec.FileSinkOperator: Writing to temp file: FS file:/home/alex/Repositories/hive/ql/target/tmp/localscratchdir/bb3818da-fef8-431e-82f5-d3fa8a050b6c/hive_2024-04-24_00-55-38_210_8146090833444299364-1/-mr-10001/.hive-staging_hive_2024-04-24_00-55-38_210_8146090833444299364-1/_task_tmp.-ext-10002/_tmp.000000_0
2024-04-24T00:55:38,794  INFO [pool-281-thread-1] exec.FileSinkOperator: New Final Path: FS file:/home/alex/Repositories/hive/ql/target/tmp/localscratchdir/bb3818da-fef8-431e-82f5-d3fa8a050b6c/hive_2024-04-24_00-55-38_210_8146090833444299364-1/-mr-10001/.hive-staging_hive_2024-04-24_00-55-38_210_8146090833444299364-1/_tmp.-ext-10002/000000_0
2024-04-24T00:55:38,801  INFO [pool-281-thread-1] exec.FileSinkOperator: FS[5]: records written - 1
2024-04-24T00:55:38,801  INFO [pool-281-thread-1] exec.SelectOperator: Closing Operator: SEL[4]
2024-04-24T00:55:38,801  INFO [pool-281-thread-1] exec.SelectOperator: RECORDS_OUT_INTERMEDIATE:0, RECORDS_OUT_OPERATOR_SEL_4:2, 
2024-04-24T00:55:38,801  INFO [pool-281-thread-1] exec.FileSinkOperator: Closing Operator: FS[5]
2024-04-24T00:55:38,801  INFO [pool-281-thread-1] exec.FileSinkOperator: FS[5]: records written - 2
2024-04-24T00:55:38,802  INFO [pool-281-thread-1] exec.FileSinkOperator: RECORDS_OUT_INTERMEDIATE:0, RECORDS_OUT_OPERATOR_FS_5:2, RECORDS_OUT_0:2, 
2024-04-24T00:55:38,802  INFO [pool-281-thread-1] mapred.Task: Task:attempt_local1749674015_0068_r_000000_0 is done. And is in the process of committing
2024-04-24T00:55:38,802  INFO [pool-281-thread-1] mapred.LocalJobRunner: reduce > reduce
2024-04-24T00:55:38,802  INFO [pool-281-thread-1] mapred.Task: Task 'attempt_local1749674015_0068_r_000000_0' done.
2024-04-24T00:55:38,802  INFO [pool-281-thread-1] mapred.Task: Final Counters for attempt_local1749674015_0068_r_000000_0: Counters: 29
	File System Counters
		FILE: Number of bytes read=1661684
		FILE: Number of bytes written=81812204
		FILE: Number of read operations=0
		FILE: Number of large read operations=0
		FILE: Number of write operations=0
	Map-Reduce Framework
		Combine input records=0
		Combine output records=0
		Reduce input groups=2
		Reduce shuffle bytes=38
		Reduce input records=2
		Reduce output records=0
		Spilled Records=2
		Shuffled Maps =1
		Failed Shuffles=0
		Merged Map outputs=1
		GC time elapsed (ms)=0
		Total committed heap usage (bytes)=1390936064
	HIVE
		CREATED_FILES=1
		RECORDS_OUT_0=2
		RECORDS_OUT_INTERMEDIATE=0
		RECORDS_OUT_OPERATOR_FS_5=2
		RECORDS_OUT_OPERATOR_SEL_4=2
	Shuffle Errors
		BAD_ID=0
		CONNECTION=0
		IO_ERROR=0
		WRONG_LENGTH=0
		WRONG_MAP=0
		WRONG_REDUCE=0
	File Output Format Counters 
		Bytes Written=0
2024-04-24T00:55:38,802  INFO [pool-281-thread-1] mapred.LocalJobRunner: Finishing task: attempt_local1749674015_0068_r_000000_0
2024-04-24T00:55:38,802  INFO [Thread-4454] mapred.LocalJobRunner: reduce task executor complete.
2024-04-24 00:55:39,746 Stage-1 map = 100%,  reduce = 100%
2024-04-24T00:55:39,746  INFO [main] exec.Task: 2024-04-24 00:55:39,746 Stage-1 map = 100%,  reduce = 100%
Ended Job = job_local1749674015_0068
2024-04-24T00:55:39,748  INFO [main] exec.Task: Ended Job = job_local1749674015_0068
2024-04-24T00:55:39,750  INFO [main] metadata.Hive: Dumping metastore api call timing information for : execution phase
2024-04-24T00:55:39,751  INFO [main] metadata.Hive: Total time spent in each metastore function (ms): {}
MapReduce Jobs Launched: 
2024-04-24T00:55:39,751  INFO [main] ql.Driver: MapReduce Jobs Launched: 
Stage-Stage-1:  HDFS Read: 0 HDFS Write: 0 SUCCESS
2024-04-24T00:55:39,751  INFO [main] ql.Driver: Stage-Stage-1:  HDFS Read: 0 HDFS Write: 0 SUCCESS
Total MapReduce CPU Time Spent: 0 msec
2024-04-24T00:55:39,751  INFO [main] ql.Driver: Total MapReduce CPU Time Spent: 0 msec
2024-04-24T00:55:39,751  INFO [main] ql.Driver: Completed executing command(queryId=alex_20240424005538_6f47f05f-c6dd-4a8a-8337-461f7a59ffd5); Time taken: 1.322 seconds
2024-04-24T00:55:39,751  INFO [main] lockmgr.DbTxnManager: Stopped heartbeat for query: alex_20240424005538_6f47f05f-c6dd-4a8a-8337-461f7a59ffd5
2024-04-24T00:55:39,755  INFO [main] txn.TxnHandler: Expected to move at least one record from txn_components to completed_txn_components when committing txn! txnid:17
2024-04-24T00:55:39,764  INFO [main] txn.TxnHandler: Removed transactions: ([17]) from MIN_HISTORY_LEVEL
2024-04-24T00:55:39,764  WARN [main] txn.CompactionTxnHandler: No compaction queue record found for Compaction type transaction commit. txnId:17
2024-04-24T00:55:39,768  INFO [main] mapred.FileInputFormat: Total input files to process : 1
2024-04-24T00:55:39,769  INFO [main] exec.ListSinkOperator: Closing Operator: LIST_SINK[10]
2024-04-24T00:55:39,769  INFO [main] exec.ListSinkOperator: RECORDS_OUT_INTERMEDIATE:0, RECORDS_OUT_OPERATOR_LIST_SINK_10:2, 
2024-04-24T00:55:39,769  WARN [main] ql.TestTxnNoBuckets: null: read data(After conversion): 
2024-04-24T00:55:39,769  INFO [main] ql.TestTxnNoBuckets: 6
9

2024-04-24T00:55:39,769  INFO [main] ql.TxnCommandsBaseForTests: Running the query: EXPLAIN VECTORIZATION DETAIL select a from T where b > 6 order by a
2024-04-24T00:55:39,770  INFO [main] ql.Context: Deleting scratch dir: file:/home/alex/Repositories/hive/ql/target/tmp/localscratchdir/bb3818da-fef8-431e-82f5-d3fa8a050b6c/hive_2024-04-24_00-55-38_210_8146090833444299364-1
2024-04-24T00:55:39,770  INFO [main] cleanup.SyncCleanupService: Deleted directory: file:/home/alex/Repositories/hive/ql/target/tmp/localscratchdir/bb3818da-fef8-431e-82f5-d3fa8a050b6c/hive_2024-04-24_00-55-38_210_8146090833444299364-1 on fs with scheme file
2024-04-24T00:55:39,771  INFO [main] ql.Driver: Compiling command(queryId=alex_20240424005539_daca0456-d560-48ef-b28d-2d5579673ac7): EXPLAIN VECTORIZATION DETAIL select a from T where b > 6 order by a
2024-04-24T00:55:39,773  INFO [main] txn.TxnHandler: Added entries to MIN_HISTORY_LEVEL for current txns: ([18]) with min_open_txn: 18
2024-04-24T00:55:39,773  INFO [main] lockmgr.DbTxnManager: Opened txnid:18
2024-04-24T00:55:39,774  INFO [main] parse.CalcitePlanner: Starting Semantic Analysis
2024-04-24T00:55:39,776  INFO [main] parse.CalcitePlanner: Completed phase 1 of Semantic Analysis
2024-04-24T00:55:39,776  INFO [main] parse.CalcitePlanner: Get metadata for source tables
2024-04-24T00:55:39,777  INFO [main] HiveMetaStore.audit: ugi=alex	ip=unknown-ip-addr	cmd=get_table : tbl=hive.default.t	
2024-04-24T00:55:39,783  INFO [main] metastore.HMSHandler: Skipping translation for processor with null
2024-04-24T00:55:39,784  INFO [main] parse.CalcitePlanner: Get metadata for subqueries
2024-04-24T00:55:39,784  INFO [main] parse.CalcitePlanner: Get metadata for destination tables
2024-04-24T00:55:39,784  INFO [main] parse.CalcitePlanner: Completed getting MetaData in Semantic Analysis
2024-04-24T00:55:39,797  INFO [main] HiveMetaStore.audit: ugi=alex	ip=unknown-ip-addr	cmd=get_all_table_constraints : tbl=hive.default.t	
2024-04-24T00:55:39,834  INFO [main] calcite.RelOptHiveTable: Calculating column statistics for default.t, projIndxSet: [0, 1], allowMissingStats: true
2024-04-24T00:55:39,834  INFO [main] HiveMetaStore.audit: ugi=alex	ip=unknown-ip-addr	cmd=get_table_statistics_req: table=hive.default.t	
2024-04-24T00:55:39,843  WARN [main] calcite.RelOptHiveTable: No Stats for default@t, Columns: a, b
No Stats for default@t, Columns: a, b
2024-04-24T00:55:39,843  INFO [main] SessionState: No Stats for default@t, Columns: a, b
2024-04-24T00:55:39,903  INFO [main] parse.CalcitePlanner: Get metadata for source tables
2024-04-24T00:55:39,903  INFO [main] parse.CalcitePlanner: Get metadata for subqueries
2024-04-24T00:55:39,903  INFO [main] parse.CalcitePlanner: Get metadata for destination tables
2024-04-24T00:55:39,906  INFO [main] parse.CalcitePlanner: CBO Succeeded; optimized logical plan.
2024-04-24T00:55:39,910  INFO [main] optimizer.ColumnPrunerProcFactory: RS 3 oldColExprMap: {KEY.reducesinkkey0=Column[_col0]}
2024-04-24T00:55:39,910  INFO [main] optimizer.ColumnPrunerProcFactory: RS 3 newColExprMap: {KEY.reducesinkkey0=Column[_col0]}
2024-04-24T00:55:39,912  INFO [main] optimizer.BucketVersionPopulator: not considering bucketingVersion for: TS[0] because it has -1<2 buckets 
2024-04-24T00:55:39,918  INFO [main] optimizer.SortedDynPartitionOptimizer: Sorted dynamic partitioning optimization kicked in..
2024-04-24T00:55:39,930  INFO [main] physical.Vectorizer: Examining input format to see if vectorization is enabled.
2024-04-24T00:55:39,930  INFO [main] physical.Vectorizer: Vectorization is enabled for input format(s) [org.apache.hadoop.hive.ql.io.orc.OrcInputFormat]
2024-04-24T00:55:39,930  INFO [main] physical.Vectorizer: Validating and vectorizing MapWork... (vectorizedVertexNum 0)
2024-04-24T00:55:39,933  INFO [main] physical.Vectorizer: Map vectorization enabled: true
2024-04-24T00:55:39,933  INFO [main] physical.Vectorizer: Map vectorized: true
2024-04-24T00:55:39,933  INFO [main] physical.Vectorizer: Map vectorizedVertexNum: 0
2024-04-24T00:55:39,933  INFO [main] physical.Vectorizer: Map enabledConditionsMet: [hive.vectorized.use.vectorized.input.format IS true]
2024-04-24T00:55:39,933  INFO [main] physical.Vectorizer: Map inputFileFormatClassNameSet: [org.apache.hadoop.hive.ql.io.orc.OrcInputFormat]
2024-04-24T00:55:39,933  INFO [main] physical.Vectorizer: Reduce vectorization enabled: false
2024-04-24T00:55:39,933  INFO [main] physical.Vectorizer: Reduce vectorized: false
2024-04-24T00:55:39,933  INFO [main] physical.Vectorizer: Reduce vectorizedVertexNum: 1
2024-04-24T00:55:39,933  INFO [main] physical.Vectorizer: Reducer hive.vectorized.execution.reduce.enabled: true
2024-04-24T00:55:39,933  INFO [main] physical.Vectorizer: Reducer engine: mr
2024-04-24T00:55:39,933  INFO [main] parse.CalcitePlanner: Completed plan generation
2024-04-24T00:55:39,933  INFO [main] ql.Driver: Semantic Analysis Completed (retrial = false)
2024-04-24T00:55:39,933  INFO [main] ql.Driver: Created Hive schema: Schema(fieldSchemas:[FieldSchema(name:Explain, type:string, comment:null)], properties:null)
2024-04-24T00:55:39,934  INFO [main] metadata.Hive: Dumping metastore api call timing information for : compilation phase
2024-04-24T00:55:39,934  INFO [main] metadata.Hive: Total time spent in each metastore function (ms): {isCompatibleWith_(Configuration)=0, openTxn_(String, TxnType)=2, getValidWriteIds_(List, String)=4, getTable_(GetTableRequest)=6, flushCache_()=0, getAllTableConstraints_(AllTableConstraintsRequest)=5, commitTxn_(CommitTxnRequest)=13, getTableColumnStatistics_(String, String, List, String)=8, getValidTxns_(long)=1}
2024-04-24T00:55:39,934  INFO [main] ql.Driver: Completed compiling command(queryId=alex_20240424005539_daca0456-d560-48ef-b28d-2d5579673ac7); Time taken: 0.162 seconds
2024-04-24T00:55:39,934  INFO [main] ql.Driver: Executing command(queryId=alex_20240424005539_daca0456-d560-48ef-b28d-2d5579673ac7): EXPLAIN VECTORIZATION DETAIL select a from T where b > 6 order by a
2024-04-24T00:55:39,934  INFO [main] ql.Driver: Starting task [Stage-2:EXPLAIN] in serial mode
2024-04-24T00:55:39,948  INFO [main] metadata.Hive: Dumping metastore api call timing information for : execution phase
2024-04-24T00:55:39,949  INFO [main] metadata.Hive: Total time spent in each metastore function (ms): {}
2024-04-24T00:55:39,949  INFO [main] ql.Driver: Completed executing command(queryId=alex_20240424005539_daca0456-d560-48ef-b28d-2d5579673ac7); Time taken: 0.014 seconds
2024-04-24T00:55:39,949  INFO [main] lockmgr.DbTxnManager: Stopped heartbeat for query: null
2024-04-24T00:55:39,955  INFO [main] txn.TxnHandler: Expected to move at least one record from txn_components to completed_txn_components when committing txn! txnid:18
2024-04-24T00:55:39,961  INFO [main] txn.TxnHandler: Removed transactions: ([18]) from MIN_HISTORY_LEVEL
2024-04-24T00:55:39,961  WARN [main] txn.CompactionTxnHandler: No compaction queue record found for Compaction type transaction commit. txnId:18
2024-04-24T00:55:39,962  INFO [main] ql.TxnCommandsBaseForTests: Running the query: select ROW__ID, a from T where b > 6 order by a
2024-04-24T00:55:39,962  INFO [main] ql.Context: Deleting scratch dir: file:/home/alex/Repositories/hive/ql/target/tmp/localscratchdir/bb3818da-fef8-431e-82f5-d3fa8a050b6c/hive_2024-04-24_00-55-39_771_3731620989714184728-1
2024-04-24T00:55:39,963  INFO [main] cleanup.SyncCleanupService: Deleted directory: file:/home/alex/Repositories/hive/ql/target/tmp/localscratchdir/bb3818da-fef8-431e-82f5-d3fa8a050b6c/hive_2024-04-24_00-55-39_771_3731620989714184728-1 on fs with scheme file
2024-04-24T00:55:39,963  INFO [main] ql.Driver: Compiling command(queryId=alex_20240424005539_4458eecb-0245-42f8-8707-d9323ba967d7): select ROW__ID, a from T where b > 6 order by a
2024-04-24T00:55:39,965  INFO [main] txn.TxnHandler: Added entries to MIN_HISTORY_LEVEL for current txns: ([19]) with min_open_txn: 18
2024-04-24T00:55:39,966  INFO [main] lockmgr.DbTxnManager: Opened txnid:19
2024-04-24T00:55:39,966  INFO [main] parse.CalcitePlanner: Starting caching scope for: 
2024-04-24T00:55:39,967  INFO [main] parse.CalcitePlanner: Starting Semantic Analysis
2024-04-24T00:55:39,969  INFO [main] parse.CalcitePlanner: Completed phase 1 of Semantic Analysis
2024-04-24T00:55:39,969  INFO [main] parse.CalcitePlanner: Get metadata for source tables
2024-04-24T00:55:39,970  INFO [main] HiveMetaStore.audit: ugi=alex	ip=unknown-ip-addr	cmd=get_table : tbl=hive.default.t	
2024-04-24T00:55:39,977  INFO [main] metastore.HMSHandler: Skipping translation for processor with null
2024-04-24T00:55:39,978  INFO [main] parse.CalcitePlanner: Get metadata for subqueries
2024-04-24T00:55:39,978  INFO [main] parse.CalcitePlanner: Get metadata for destination tables
2024-04-24T00:55:39,978  INFO [main] parse.CalcitePlanner: Completed getting MetaData in Semantic Analysis
2024-04-24T00:55:39,991  INFO [main] HiveMetaStore.audit: ugi=alex	ip=unknown-ip-addr	cmd=get_all_table_constraints : tbl=hive.default.t	
2024-04-24T00:55:40,032  INFO [main] calcite.RelOptHiveTable: Calculating column statistics for default.t, projIndxSet: [0, 1], allowMissingStats: true
2024-04-24T00:55:40,033  INFO [main] HiveMetaStore.audit: ugi=alex	ip=unknown-ip-addr	cmd=get_table_statistics_req: table=hive.default.t	
2024-04-24T00:55:40,042  WARN [main] calcite.RelOptHiveTable: No Stats for default@t, Columns: b, a
No Stats for default@t, Columns: b, a
2024-04-24T00:55:40,042  INFO [main] SessionState: No Stats for default@t, Columns: b, a
2024-04-24T00:55:40,099  INFO [main] parse.CalcitePlanner: Get metadata for source tables
2024-04-24T00:55:40,099  INFO [main] parse.CalcitePlanner: Get metadata for subqueries
2024-04-24T00:55:40,099  INFO [main] parse.CalcitePlanner: Get metadata for destination tables
2024-04-24T00:55:40,100  INFO [main] common.FileUtils: Creating directory if it doesn't exist: file:/home/alex/Repositories/hive/ql/target/tmp/localscratchdir/bb3818da-fef8-431e-82f5-d3fa8a050b6c/hive_2024-04-24_00-55-39_963_6722318482071288887-1/-mr-10001/.hive-staging_hive_2024-04-24_00-55-39_963_6722318482071288887-1
2024-04-24T00:55:40,108  INFO [main] parse.CalcitePlanner: CBO Succeeded; optimized logical plan.
2024-04-24T00:55:40,110  INFO [main] optimizer.ColumnPrunerProcFactory: RS 3 oldColExprMap: {VALUE._col0=Column[_col0], KEY.reducesinkkey0=Column[_col1]}
2024-04-24T00:55:40,111  INFO [main] optimizer.ColumnPrunerProcFactory: RS 3 newColExprMap: {VALUE._col0=Column[_col0], KEY.reducesinkkey0=Column[_col1]}
2024-04-24T00:55:40,111  INFO [main] optimizer.BucketVersionPopulator: not considering bucketingVersion for: TS[0] because it has -1<2 buckets 
2024-04-24T00:55:40,112  INFO [main] optimizer.SortedDynPartitionOptimizer: Sorted dynamic partitioning optimization kicked in..
2024-04-24T00:55:40,121  INFO [main] physical.Vectorizer: Examining input format to see if vectorization is enabled.
2024-04-24T00:55:40,122  INFO [main] physical.Vectorizer: Vectorization is enabled for input format(s) [org.apache.hadoop.hive.ql.io.orc.OrcInputFormat]
2024-04-24T00:55:40,122  INFO [main] physical.Vectorizer: Validating and vectorizing MapWork... (vectorizedVertexNum 0)
2024-04-24T00:55:40,124  INFO [main] physical.Vectorizer: Map vectorization enabled: true
2024-04-24T00:55:40,124  INFO [main] physical.Vectorizer: Map vectorized: true
2024-04-24T00:55:40,124  INFO [main] physical.Vectorizer: Map vectorizedVertexNum: 0
2024-04-24T00:55:40,124  INFO [main] physical.Vectorizer: Map enabledConditionsMet: [hive.vectorized.use.vectorized.input.format IS true]
2024-04-24T00:55:40,124  INFO [main] physical.Vectorizer: Map inputFileFormatClassNameSet: [org.apache.hadoop.hive.ql.io.orc.OrcInputFormat]
2024-04-24T00:55:40,124  INFO [main] physical.Vectorizer: Reduce vectorization enabled: false
2024-04-24T00:55:40,124  INFO [main] physical.Vectorizer: Reduce vectorized: false
2024-04-24T00:55:40,124  INFO [main] physical.Vectorizer: Reduce vectorizedVertexNum: 1
2024-04-24T00:55:40,124  INFO [main] physical.Vectorizer: Reducer hive.vectorized.execution.reduce.enabled: true
2024-04-24T00:55:40,124  INFO [main] physical.Vectorizer: Reducer engine: mr
2024-04-24T00:55:40,125  INFO [main] parse.CalcitePlanner: Completed plan generation
2024-04-24T00:55:40,125  INFO [main] parse.CalcitePlanner: Ending caching scope for: 
2024-04-24T00:55:40,125  INFO [main] ql.Driver: Semantic Analysis Completed (retrial = false)
2024-04-24T00:55:40,125  INFO [main] ql.Driver: Created Hive schema: Schema(fieldSchemas:[FieldSchema(name:row__id, type:struct<writeid:bigint,bucketid:int,rowid:bigint>, comment:null), FieldSchema(name:a, type:int, comment:null)], properties:null)
2024-04-24T00:55:40,126  INFO [main] exec.ListSinkOperator: Initializing Operator: LIST_SINK[10]
2024-04-24T00:55:40,126  INFO [main] metadata.Hive: Dumping metastore api call timing information for : compilation phase
2024-04-24T00:55:40,126  INFO [main] metadata.Hive: Total time spent in each metastore function (ms): {getValidTxns_(long)=0, openTxn_(String, TxnType)=2, getAllTableConstraints_(AllTableConstraintsRequest)=6, getValidWriteIds_(List, String)=4, getTable_(GetTableRequest)=7, getTableColumnStatistics_(String, String, List, String)=8, commitTxn_(CommitTxnRequest)=12, flushCache_()=0, isCompatibleWith_(Configuration)=0}
2024-04-24T00:55:40,127  INFO [main] ql.Driver: Completed compiling command(queryId=alex_20240424005539_4458eecb-0245-42f8-8707-d9323ba967d7); Time taken: 0.163 seconds
2024-04-24T00:55:40,127  INFO [main] lockmgr.DbTxnManager: Setting lock request transaction to txnid:19 for queryId=alex_20240424005539_4458eecb-0245-42f8-8707-d9323ba967d7
2024-04-24T00:55:40,127  INFO [main] lockmgr.DbLockManager: Requesting lock for queryId=alex_20240424005539_4458eecb-0245-42f8-8707-d9323ba967d7
2024-04-24T00:55:40,142  INFO [main] lockmgr.DbLockManager: Response to queryId=alex_20240424005539_4458eecb-0245-42f8-8707-d9323ba967d7 LockResponse(lockid:12, state:ACQUIRED)
2024-04-24T00:55:40,142  INFO [main] ql.Driver: Operation QUERY obtained 1 locks
2024-04-24T00:55:40,143  INFO [main] ql.Driver: Executing command(queryId=alex_20240424005539_4458eecb-0245-42f8-8707-d9323ba967d7): select ROW__ID, a from T where b > 6 order by a
2024-04-24T00:55:40,143  WARN [main] ql.Driver: Hive-on-MR is deprecated in Hive 2 and may not be available in the future versions. Consider using a different execution engine (i.e. spark, tez) or using Hive 1.X releases.
Query ID = alex_20240424005539_4458eecb-0245-42f8-8707-d9323ba967d7
2024-04-24T00:55:40,143  INFO [main] ql.Driver: Query ID = alex_20240424005539_4458eecb-0245-42f8-8707-d9323ba967d7
Total jobs = 1
2024-04-24T00:55:40,143  INFO [main] ql.Driver: Total jobs = 1
Launching Job 1 out of 1
2024-04-24T00:55:40,143  INFO [main] ql.Driver: Launching Job 1 out of 1
2024-04-24T00:55:40,289  INFO [main] ql.Driver: Starting task [Stage-1:MAPRED] in serial mode
Number of reduce tasks determined at compile time: 1
2024-04-24T00:55:40,290  INFO [main] exec.Task: Number of reduce tasks determined at compile time: 1
In order to change the average load for a reducer (in bytes):
2024-04-24T00:55:40,290  INFO [main] exec.Task: In order to change the average load for a reducer (in bytes):
  set hive.exec.reducers.bytes.per.reducer=<number>
2024-04-24T00:55:40,290  INFO [main] exec.Task:   set hive.exec.reducers.bytes.per.reducer=<number>
In order to limit the maximum number of reducers:
2024-04-24T00:55:40,290  INFO [main] exec.Task: In order to limit the maximum number of reducers:
  set hive.exec.reducers.max=<number>
2024-04-24T00:55:40,290  INFO [main] exec.Task:   set hive.exec.reducers.max=<number>
In order to set a constant number of reducers:
2024-04-24T00:55:40,290  INFO [main] exec.Task: In order to set a constant number of reducers:
  set mapreduce.job.reduces=<number>
2024-04-24T00:55:40,290  INFO [main] exec.Task:   set mapreduce.job.reduces=<number>
2024-04-24T00:55:40,292  INFO [main] mr.ExecDriver: Using org.apache.hadoop.hive.ql.io.HiveInputFormat
2024-04-24T00:55:40,292  INFO [main] exec.Utilities: Processing alias t
2024-04-24T00:55:40,292  INFO [main] exec.Utilities: Adding 1 inputs; the first input is file:/home/alex/Repositories/hive/ql/target/tmp/org.apache.hadoop.hive.ql.TestTxnNoBuckets-1713945183193/warehouse/t
2024-04-24T00:55:40,302  INFO [main] exec.SerializationUtilities: Serializing MapWork using kryo
2024-04-24T00:55:40,303  INFO [main] exec.Utilities: Serialized plan (via FILE) - name: null size: 6,73KB
2024-04-24T00:55:40,307  INFO [main] exec.SerializationUtilities: Serializing ReduceWork using kryo
2024-04-24T00:55:40,308  INFO [main] exec.Utilities: Serialized plan (via FILE) - name: null size: 7,73KB
2024-04-24T00:55:40,309  WARN [main] impl.MetricsSystemImpl: JobTracker metrics system already initialized!
2024-04-24T00:55:40,315  WARN [main] impl.MetricsSystemImpl: JobTracker metrics system already initialized!
2024-04-24T00:55:40,322  WARN [main] mapreduce.JobResourceUploader: Hadoop command-line option parsing not performed. Implement the Tool interface and execute your application with ToolRunner to remedy this.
2024-04-24T00:55:40,326  WARN [main] mapreduce.JobResourceUploader: No job jar file set.  User classes may not be found. See Job or Job#setJar(String).
2024-04-24T00:55:40,328  INFO [main] io.HiveInputFormat: hive.io.file.readcolumn.ids = 0,1
2024-04-24T00:55:40,328  INFO [main] io.HiveInputFormat: hive.io.file.readcolumn.names = a,b
2024-04-24T00:55:40,328  INFO [main] io.HiveInputFormat: Generating splits for dirs: file:/home/alex/Repositories/hive/ql/target/tmp/org.apache.hadoop.hive.ql.TestTxnNoBuckets-1713945183193/warehouse/t
2024-04-24T00:55:40,328  INFO [main] orc.OrcInputFormat: getSplits started
2024-04-24T00:55:40,328  INFO [main] orc.OrcInputFormat: Context:: isAcid: true isVectorMode: true sarg: (not leaf-(LESS_THAN_EQUALS b 6)) minSplitSize: 1 maxSplitSize: 256000000 splitStrategy: HYBRID footerInSplits: false numBuckets: 0 numThreads: 10 cacheMemSize: 268435456 cacheStripeDetails: true useSoftReference: false writeIdList: default.t:10000000:9223372036854775807:: isTransactionalTable: true txnProperties: default 
2024-04-24T00:55:40,328  INFO [main] orc.OrcInputFormat: ORC pushdown predicate: (not leaf-(LESS_THAN_EQUALS b 6))
2024-04-24T00:55:40,335  INFO [main] orc.OrcInputFormat: FooterCacheHitRatio: 1/1
2024-04-24T00:55:40,335  INFO [main] orc.OrcInputFormat: getSplits finished (#splits: 1). duration: 7 ms
2024-04-24T00:55:40,335  INFO [main] io.HiveInputFormat: number of splits 1
2024-04-24T00:55:40,351  INFO [main] mapreduce.JobSubmitter: number of splits:1
2024-04-24T00:55:40,369  INFO [main] mapreduce.JobSubmitter: Submitting tokens for job: job_local308028301_0069
2024-04-24T00:55:40,369  INFO [main] mapreduce.JobSubmitter: Executing with tokens: []
2024-04-24T00:55:40,430  INFO [main] mapreduce.Job: The url to track the job: http://localhost:8080/
Job running in-process (local Hadoop)
2024-04-24T00:55:40,430  INFO [main] exec.Task: Job running in-process (local Hadoop)
2024-04-24T00:55:40,431  INFO [Thread-4508] mapred.LocalJobRunner: OutputCommitter set in config org.apache.hadoop.hive.ql.io.HiveFileFormatUtils$NullOutputCommitter
2024-04-24T00:55:40,431  INFO [Thread-4508] mapred.LocalJobRunner: OutputCommitter is org.apache.hadoop.hive.ql.io.HiveFileFormatUtils$NullOutputCommitter
2024-04-24T00:55:40,432  INFO [Thread-4508] mapred.LocalJobRunner: Waiting for map tasks
2024-04-24T00:55:40,432  INFO [LocalJobRunner Map Task Executor #0] mapred.LocalJobRunner: Starting task: attempt_local308028301_0069_m_000000_0
2024-04-24T00:55:40,433  INFO [LocalJobRunner Map Task Executor #0] mapred.Task:  Using ResourceCalculatorProcessTree : [ ]
2024-04-24T00:55:40,433  INFO [LocalJobRunner Map Task Executor #0] mapred.MapTask: Processing split: org.apache.hadoop.hive.ql.io.orc.OrcInputFormat:OrcSplit [file:/home/alex/Repositories/hive/ql/target/tmp/org.apache.hadoop.hive.ql.TestTxnNoBuckets-1713945183193/warehouse/t/000000_0, start=3, length=113, isOriginal=true, fileLength=259, hasFooter=false, hasBase=true, deltas=0]
2024-04-24T00:55:40,434  INFO [LocalJobRunner Map Task Executor #0] exec.SerializationUtilities: Deserializing MapWork using kryo
2024-04-24T00:55:40,434  INFO [LocalJobRunner Map Task Executor #0] exec.Utilities: Deserialized plan (via FILE) - name: null size: 6,73KB
2024-04-24T00:55:40,435  INFO [LocalJobRunner Map Task Executor #0] orc.OrcInputFormat: ORC pushdown predicate: (not leaf-(LESS_THAN_EQUALS b 6))
2024-04-24T00:55:40,435  INFO [LocalJobRunner Map Task Executor #0] orc.VectorizedOrcAcidRowBatchReader: Read ValidWriteIdList: default.t:10000000:9223372036854775807:::OrcSplit [file:/home/alex/Repositories/hive/ql/target/tmp/org.apache.hadoop.hive.ql.TestTxnNoBuckets-1713945183193/warehouse/t/000000_0, start=3, length=113, isOriginal=true, fileLength=259, hasFooter=false, hasBase=true, deltas=0]
2024-04-24T00:55:40,435  INFO [LocalJobRunner Map Task Executor #0] orc.ReaderImpl: Reading ORC rows from file:/home/alex/Repositories/hive/ql/target/tmp/org.apache.hadoop.hive.ql.TestTxnNoBuckets-1713945183193/warehouse/t/000000_0 with {include: [true, true, true], offset: 3, length: 113, sarg: (not leaf-(LESS_THAN_EQUALS b 6)), schema: struct<a:int,b:int>, includeAcidColumns: true}
2024-04-24T00:55:40,436  INFO [LocalJobRunner Map Task Executor #0] mapred.MapTask: numReduceTasks: 1
2024-04-24T00:55:40,441  INFO [LocalJobRunner Map Task Executor #0] mapred.MapTask: (EQUATOR) 0 kvi 26214396(104857584)
2024-04-24T00:55:40,441  INFO [LocalJobRunner Map Task Executor #0] mapred.MapTask: mapreduce.task.io.sort.mb: 100
2024-04-24T00:55:40,441  INFO [LocalJobRunner Map Task Executor #0] mapred.MapTask: soft limit at 83886080
2024-04-24T00:55:40,441  INFO [LocalJobRunner Map Task Executor #0] mapred.MapTask: bufstart = 0; bufvoid = 104857600
2024-04-24T00:55:40,441  INFO [LocalJobRunner Map Task Executor #0] mapred.MapTask: kvstart = 26214396; length = 6553600
2024-04-24T00:55:40,441  INFO [LocalJobRunner Map Task Executor #0] mapred.MapTask: Map output collector class = org.apache.hadoop.mapred.MapTask$MapOutputBuffer
2024-04-24T00:55:40,441  INFO [LocalJobRunner Map Task Executor #0] vector.VectorMapOperator: Initializing Operator: MAP[0]
2024-04-24T00:55:40,442  INFO [LocalJobRunner Map Task Executor #0] mr.ExecMapper: 
<MAP>Id =0
  <Children>null
  <\Children>
  <Parent><\Parent>
<\MAP>
2024-04-24T00:55:40,442  INFO [LocalJobRunner Map Task Executor #0] exec.TableScanOperator: Initializing Operator: TS[0]
2024-04-24T00:55:40,442  INFO [LocalJobRunner Map Task Executor #0] vector.VectorFilterOperator: Initializing Operator: FIL[7]
2024-04-24T00:55:40,442  INFO [LocalJobRunner Map Task Executor #0] vector.VectorSelectOperator: Initializing Operator: SEL[8]
2024-04-24T00:55:40,443  INFO [LocalJobRunner Map Task Executor #0] vector.VectorReduceSinkOperator: Initializing Operator: RS[9]
2024-04-24T00:55:40,443  INFO [LocalJobRunner Map Task Executor #0] vector.VectorReduceSinkOperator: Using tag = -1
2024-04-24T00:55:40,443  INFO [LocalJobRunner Map Task Executor #0] vector.VectorReduceSinkOperator: keys are [reducesinkkey0] num distributions: 1
2024-04-24T00:55:40,443  INFO [LocalJobRunner Map Task Executor #0] vector.VectorReduceSinkOperator: RS[9]: records written - 1
2024-04-24T00:55:40,443  INFO [LocalJobRunner Map Task Executor #0] vector.VectorMapOperator: Closing Operator: MAP[0]
2024-04-24T00:55:40,443  INFO [LocalJobRunner Map Task Executor #0] vector.VectorMapOperator: RECORDS_IN:5, DESERIALIZE_ERRORS:0, RECORDS_OUT_OPERATOR_MAP_0:0, RECORDS_OUT_INTERMEDIATE:0, 
2024-04-24T00:55:40,443  INFO [LocalJobRunner Map Task Executor #0] exec.TableScanOperator: Closing Operator: TS[0]
2024-04-24T00:55:40,443  INFO [LocalJobRunner Map Task Executor #0] exec.TableScanOperator: RECORDS_OUT_INTERMEDIATE:0, RECORDS_OUT_OPERATOR_TS_0:5, 
2024-04-24T00:55:40,443  INFO [LocalJobRunner Map Task Executor #0] vector.VectorFilterOperator: Closing Operator: FIL[7]
2024-04-24T00:55:40,443  INFO [LocalJobRunner Map Task Executor #0] vector.VectorFilterOperator: RECORDS_OUT_OPERATOR_FIL_7:2, RECORDS_OUT_INTERMEDIATE:0, 
2024-04-24T00:55:40,443  INFO [LocalJobRunner Map Task Executor #0] vector.VectorSelectOperator: Closing Operator: SEL[8]
2024-04-24T00:55:40,443  INFO [LocalJobRunner Map Task Executor #0] vector.VectorSelectOperator: RECORDS_OUT_OPERATOR_SEL_8:2, RECORDS_OUT_INTERMEDIATE:0, 
2024-04-24T00:55:40,443  INFO [LocalJobRunner Map Task Executor #0] vector.VectorReduceSinkOperator: Closing Operator: RS[9]
2024-04-24T00:55:40,443  INFO [LocalJobRunner Map Task Executor #0] vector.VectorReduceSinkOperator: RS[9]: Total records written - 2. abort - false
2024-04-24T00:55:40,444  INFO [LocalJobRunner Map Task Executor #0] vector.VectorReduceSinkOperator: RECORDS_OUT_INTERMEDIATE:2, RECORDS_OUT_OPERATOR_RS_9:2, 
2024-04-24T00:55:40,444  INFO [LocalJobRunner Map Task Executor #0] mapred.LocalJobRunner: 
2024-04-24T00:55:40,444  INFO [LocalJobRunner Map Task Executor #0] mapred.MapTask: Starting flush of map output
2024-04-24T00:55:40,444  INFO [LocalJobRunner Map Task Executor #0] mapred.MapTask: Spilling map output
2024-04-24T00:55:40,444  INFO [LocalJobRunner Map Task Executor #0] mapred.MapTask: bufstart = 0; bufend = 54; bufvoid = 104857600
2024-04-24T00:55:40,444  INFO [LocalJobRunner Map Task Executor #0] mapred.MapTask: kvstart = 26214396(104857584); kvend = 26214392(104857568); length = 5/6553600
2024-04-24T00:55:40,455  INFO [LocalJobRunner Map Task Executor #0] mapred.MapTask: Finished spill 0
2024-04-24T00:55:40,458  INFO [LocalJobRunner Map Task Executor #0] mapred.Task: Task:attempt_local308028301_0069_m_000000_0 is done. And is in the process of committing
2024-04-24T00:55:40,459  INFO [LocalJobRunner Map Task Executor #0] mapred.LocalJobRunner: OrcSplit [file:/home/alex/Repositories/hive/ql/target/tmp/org.apache.hadoop.hive.ql.TestTxnNoBuckets-1713945183193/warehouse/t/000000_0, start=3, length=113, isOriginal=true, fileLength=259, hasFooter=false, hasBase=true, deltas=0]
2024-04-24T00:55:40,459  INFO [LocalJobRunner Map Task Executor #0] mapred.Task: Task 'attempt_local308028301_0069_m_000000_0' done.
2024-04-24T00:55:40,459  INFO [LocalJobRunner Map Task Executor #0] mapred.Task: Final Counters for attempt_local308028301_0069_m_000000_0: Counters: 25
	File System Counters
		FILE: Number of bytes read=1674267
		FILE: Number of bytes written=83017847
		FILE: Number of read operations=0
		FILE: Number of large read operations=0
		FILE: Number of write operations=0
	Map-Reduce Framework
		Map input records=1
		Map output records=2
		Map output bytes=54
		Map output materialized bytes=64
		Input split bytes=471
		Combine input records=0
		Spilled Records=2
		Failed Shuffles=0
		Merged Map outputs=0
		GC time elapsed (ms)=0
		Total committed heap usage (bytes)=1390936064
	HIVE
		DESERIALIZE_ERRORS=0
		RECORDS_IN=5
		RECORDS_OUT_INTERMEDIATE=2
		RECORDS_OUT_OPERATOR_FIL_7=2
		RECORDS_OUT_OPERATOR_MAP_0=0
		RECORDS_OUT_OPERATOR_RS_9=2
		RECORDS_OUT_OPERATOR_SEL_8=2
		RECORDS_OUT_OPERATOR_TS_0=5
	File Input Format Counters 
		Bytes Read=8164
2024-04-24T00:55:40,459  INFO [LocalJobRunner Map Task Executor #0] mapred.LocalJobRunner: Finishing task: attempt_local308028301_0069_m_000000_0
2024-04-24T00:55:40,459  INFO [Thread-4508] mapred.LocalJobRunner: map task executor complete.
2024-04-24T00:55:40,460  INFO [Thread-4508] mapred.LocalJobRunner: Waiting for reduce tasks
2024-04-24T00:55:40,460  INFO [pool-284-thread-1] mapred.LocalJobRunner: Starting task: attempt_local308028301_0069_r_000000_0
2024-04-24T00:55:40,460  INFO [pool-284-thread-1] mapred.Task:  Using ResourceCalculatorProcessTree : [ ]
2024-04-24T00:55:40,460  INFO [pool-284-thread-1] mapred.ReduceTask: Using ShuffleConsumerPlugin: org.apache.hadoop.mapreduce.task.reduce.Shuffle@6aff40c7
2024-04-24T00:55:40,461  WARN [pool-284-thread-1] impl.MetricsSystemImpl: JobTracker metrics system already initialized!
2024-04-24T00:55:40,461  INFO [pool-284-thread-1] reduce.MergeManagerImpl: MergerManager: memoryLimit=1336252800, maxSingleShuffleLimit=334063200, mergeThreshold=881926912, ioSortFactor=10, memToMemMergeOutputsThreshold=10
2024-04-24T00:55:40,462  INFO [EventFetcher for fetching Map Completion Events] reduce.EventFetcher: attempt_local308028301_0069_r_000000_0 Thread started: EventFetcher for fetching Map Completion Events
2024-04-24T00:55:40,463  INFO [localfetcher#42] reduce.LocalFetcher: localfetcher#42 about to shuffle output of map attempt_local308028301_0069_m_000000_0 decomp: 60 len: 64 to MEMORY
2024-04-24T00:55:40,463  INFO [localfetcher#42] reduce.InMemoryMapOutput: Read 60 bytes from map-output for attempt_local308028301_0069_m_000000_0
2024-04-24T00:55:40,463  INFO [localfetcher#42] reduce.MergeManagerImpl: closeInMemoryFile -> map-output of size: 60, inMemoryMapOutputs.size() -> 1, commitMemory -> 0, usedMemory ->60
2024-04-24T00:55:40,464  INFO [EventFetcher for fetching Map Completion Events] reduce.EventFetcher: EventFetcher is interrupted.. Returning
2024-04-24T00:55:40,464  INFO [pool-284-thread-1] mapred.LocalJobRunner: 1 / 1 copied.
2024-04-24T00:55:40,464  INFO [pool-284-thread-1] reduce.MergeManagerImpl: finalMerge called with 1 in-memory map-outputs and 0 on-disk map-outputs
2024-04-24T00:55:40,471  INFO [pool-284-thread-1] mapred.Merger: Merging 1 sorted segments
2024-04-24T00:55:40,471  INFO [pool-284-thread-1] mapred.Merger: Down to the last merge-pass, with 1 segments left of total size: 48 bytes
2024-04-24T00:55:40,473  INFO [pool-284-thread-1] reduce.MergeManagerImpl: Merged 1 segments, 60 bytes to disk to satisfy reduce memory limit
2024-04-24T00:55:40,473  INFO [pool-284-thread-1] reduce.MergeManagerImpl: Merging 1 files, 64 bytes from disk
2024-04-24T00:55:40,473  INFO [pool-284-thread-1] reduce.MergeManagerImpl: Merging 0 segments, 0 bytes from memory into reduce
2024-04-24T00:55:40,473  INFO [pool-284-thread-1] mapred.Merger: Merging 1 sorted segments
2024-04-24T00:55:40,474  INFO [pool-284-thread-1] mapred.Merger: Down to the last merge-pass, with 1 segments left of total size: 48 bytes
2024-04-24T00:55:40,474  INFO [pool-284-thread-1] mapred.LocalJobRunner: 1 / 1 copied.
2024-04-24T00:55:40,474  INFO [pool-284-thread-1] exec.SerializationUtilities: Deserializing ReduceWork using kryo
2024-04-24T00:55:40,474  INFO [pool-284-thread-1] exec.Utilities: Deserialized plan (via FILE) - name: null size: 7,73KB
2024-04-24T00:55:40,475  INFO [pool-284-thread-1] ExecReducer: 
<SEL>Id =4
  <Children>
    <FS>Id =5
      <Children>
      <\Children>
      <Parent>Id = 4 null<\Parent>
    <\FS>
  <\Children>
  <Parent><\Parent>
<\SEL>
2024-04-24T00:55:40,475  INFO [pool-284-thread-1] exec.SelectOperator: Initializing Operator: SEL[4]
2024-04-24T00:55:40,475  INFO [pool-284-thread-1] exec.SelectOperator: SELECT struct<key:struct<reducesinkkey0:int>,value:struct<_col0:struct<writeid:bigint,bucketid:int,rowid:bigint>>>
2024-04-24T00:55:40,475  INFO [pool-284-thread-1] exec.FileSinkOperator: Initializing Operator: FS[5]
2024-04-24T00:55:40,476  INFO [pool-284-thread-1] exec.FileSinkOperator: Using serializer : class org.apache.hadoop.hive.serde2.lazy.LazySimpleSerDe [serdeParams=org.apache.hadoop.hive.serde2.lazy.LazySerDeParameters@566ddde8, cachedObjectInspector=org.apache.hadoop.hive.serde2.lazy.objectinspector.LazySimpleStructObjectInspector<org.apache.hadoop.hive.serde2.lazy.objectinspector.LazySimpleStructObjectInspector<org.apache.hadoop.hive.serde2.lazy.objectinspector.primitive.LazyLongObjectInspector@f1b0658,org.apache.hadoop.hive.serde2.lazy.objectinspector.primitive.LazyIntObjectInspector@4870d2e1,org.apache.hadoop.hive.serde2.lazy.objectinspector.primitive.LazyLongObjectInspector@f1b0658>,org.apache.hadoop.hive.serde2.lazy.objectinspector.primitive.LazyIntObjectInspector@4870d2e1>, serializedSize=0, stats=org.apache.hadoop.hive.serde2.SerDeStats@41647f1f, lastOperationSerialize=false, lastOperationDeserialize=false [1, 2, 3, 4, 5, 6, 7, 8, 11, 14, 15, 16, 17, 18, 19, 20, 21, 22, 23, 24, 25, 26, 28, 29, 30, 31, -128, -127, -126, -125, -124, -123, -122, -121, -120, -119, -118, -117, -116, -115, -114, -113, -112, -111, -110, -109, -108, -107, -106, -105, -104, -103, -102, -101, -100, -99, -98, -97, -96, -95, -94, -93, -92, -91, -90, -89, -88, -87, -86, -85, -84, -83, -82, -81, -80, -79, -78, -77, -76, -75, -74, -73, -72, -71, -70, -69, -68, -67, -66, -65, -64, -63, -62, -61, -60, -59, -58, -57, -56, -55, -54, -53, -52, -51, -50, -49, -48, -47, -46, -45, -44, -43, -42, -41, -40, -39, -38, -37, -36, -35, -34, -33, -32, -31, -30, -29, -28, -27, -26, -25, -24, -23, -22, -21, -20, -19, -18, -17, -16, -15, -14, -13, -12, -11, -10, -9, -8, -7, -6, -5, -4, -3, -2, -1] : [_col0, _col1] : [struct<writeid:bigint,bucketid:int,rowid:bigint>, int]] and formatter : org.apache.hadoop.hive.ql.io.HiveSequenceFileOutputFormat@70e4964a
2024-04-24T00:55:40,476  INFO [pool-284-thread-1] exec.FileSinkOperator: Final Path: FS file:/home/alex/Repositories/hive/ql/target/tmp/localscratchdir/bb3818da-fef8-431e-82f5-d3fa8a050b6c/hive_2024-04-24_00-55-39_963_6722318482071288887-1/-mr-10001/.hive-staging_hive_2024-04-24_00-55-39_963_6722318482071288887-1/_tmp.-ext-10002/000000_0
2024-04-24T00:55:40,476  INFO [pool-284-thread-1] exec.FileSinkOperator: Writing to temp file: FS file:/home/alex/Repositories/hive/ql/target/tmp/localscratchdir/bb3818da-fef8-431e-82f5-d3fa8a050b6c/hive_2024-04-24_00-55-39_963_6722318482071288887-1/-mr-10001/.hive-staging_hive_2024-04-24_00-55-39_963_6722318482071288887-1/_task_tmp.-ext-10002/_tmp.000000_0
2024-04-24T00:55:40,476  INFO [pool-284-thread-1] exec.FileSinkOperator: New Final Path: FS file:/home/alex/Repositories/hive/ql/target/tmp/localscratchdir/bb3818da-fef8-431e-82f5-d3fa8a050b6c/hive_2024-04-24_00-55-39_963_6722318482071288887-1/-mr-10001/.hive-staging_hive_2024-04-24_00-55-39_963_6722318482071288887-1/_tmp.-ext-10002/000000_0
2024-04-24T00:55:40,483  INFO [pool-284-thread-1] exec.FileSinkOperator: FS[5]: records written - 1
2024-04-24T00:55:40,483  INFO [pool-284-thread-1] exec.SelectOperator: Closing Operator: SEL[4]
2024-04-24T00:55:40,483  INFO [pool-284-thread-1] exec.SelectOperator: RECORDS_OUT_INTERMEDIATE:0, RECORDS_OUT_OPERATOR_SEL_4:2, 
2024-04-24T00:55:40,483  INFO [pool-284-thread-1] exec.FileSinkOperator: Closing Operator: FS[5]
2024-04-24T00:55:40,483  INFO [pool-284-thread-1] exec.FileSinkOperator: FS[5]: records written - 2
2024-04-24T00:55:40,483  INFO [pool-284-thread-1] exec.FileSinkOperator: RECORDS_OUT_OPERATOR_FS_5:2, RECORDS_OUT_INTERMEDIATE:0, RECORDS_OUT_0:2, 
2024-04-24T00:55:40,483  INFO [pool-284-thread-1] mapred.Task: Task:attempt_local308028301_0069_r_000000_0 is done. And is in the process of committing
2024-04-24T00:55:40,484  INFO [pool-284-thread-1] mapred.LocalJobRunner: reduce > reduce
2024-04-24T00:55:40,484  INFO [pool-284-thread-1] mapred.Task: Task 'attempt_local308028301_0069_r_000000_0' done.
2024-04-24T00:55:40,484  INFO [pool-284-thread-1] mapred.Task: Final Counters for attempt_local308028301_0069_r_000000_0: Counters: 29
	File System Counters
		FILE: Number of bytes read=1682231
		FILE: Number of bytes written=83018066
		FILE: Number of read operations=0
		FILE: Number of large read operations=0
		FILE: Number of write operations=0
	Map-Reduce Framework
		Combine input records=0
		Combine output records=0
		Reduce input groups=2
		Reduce shuffle bytes=64
		Reduce input records=2
		Reduce output records=0
		Spilled Records=2
		Shuffled Maps =1
		Failed Shuffles=0
		Merged Map outputs=1
		GC time elapsed (ms)=0
		Total committed heap usage (bytes)=1390936064
	HIVE
		CREATED_FILES=1
		RECORDS_OUT_0=2
		RECORDS_OUT_INTERMEDIATE=0
		RECORDS_OUT_OPERATOR_FS_5=2
		RECORDS_OUT_OPERATOR_SEL_4=2
	Shuffle Errors
		BAD_ID=0
		CONNECTION=0
		IO_ERROR=0
		WRONG_LENGTH=0
		WRONG_MAP=0
		WRONG_REDUCE=0
	File Output Format Counters 
		Bytes Written=0
2024-04-24T00:55:40,484  INFO [pool-284-thread-1] mapred.LocalJobRunner: Finishing task: attempt_local308028301_0069_r_000000_0
2024-04-24T00:55:40,484  INFO [Thread-4508] mapred.LocalJobRunner: reduce task executor complete.
2024-04-24 00:55:41,432 Stage-1 map = 100%,  reduce = 100%
2024-04-24T00:55:41,433  INFO [main] exec.Task: 2024-04-24 00:55:41,432 Stage-1 map = 100%,  reduce = 100%
Ended Job = job_local308028301_0069
2024-04-24T00:55:41,434  INFO [main] exec.Task: Ended Job = job_local308028301_0069
2024-04-24T00:55:41,437  INFO [main] metadata.Hive: Dumping metastore api call timing information for : execution phase
2024-04-24T00:55:41,437  INFO [main] metadata.Hive: Total time spent in each metastore function (ms): {}
MapReduce Jobs Launched: 
2024-04-24T00:55:41,437  INFO [main] ql.Driver: MapReduce Jobs Launched: 
Stage-Stage-1:  HDFS Read: 0 HDFS Write: 0 SUCCESS
2024-04-24T00:55:41,437  INFO [main] ql.Driver: Stage-Stage-1:  HDFS Read: 0 HDFS Write: 0 SUCCESS
Total MapReduce CPU Time Spent: 0 msec
2024-04-24T00:55:41,437  INFO [main] ql.Driver: Total MapReduce CPU Time Spent: 0 msec
2024-04-24T00:55:41,437  INFO [main] ql.Driver: Completed executing command(queryId=alex_20240424005539_4458eecb-0245-42f8-8707-d9323ba967d7); Time taken: 1.294 seconds
2024-04-24T00:55:41,437  INFO [main] lockmgr.DbTxnManager: Stopped heartbeat for query: alex_20240424005539_4458eecb-0245-42f8-8707-d9323ba967d7
2024-04-24T00:55:41,441  INFO [main] txn.TxnHandler: Expected to move at least one record from txn_components to completed_txn_components when committing txn! txnid:19
2024-04-24T00:55:41,447  INFO [main] txn.TxnHandler: Removed transactions: ([19]) from MIN_HISTORY_LEVEL
2024-04-24T00:55:41,447  WARN [main] txn.CompactionTxnHandler: No compaction queue record found for Compaction type transaction commit. txnId:19
2024-04-24T00:55:41,451  INFO [main] mapred.FileInputFormat: Total input files to process : 1
2024-04-24T00:55:41,451  INFO [main] exec.ListSinkOperator: Closing Operator: LIST_SINK[10]
2024-04-24T00:55:41,451  INFO [main] exec.ListSinkOperator: RECORDS_OUT_OPERATOR_LIST_SINK_10:2, RECORDS_OUT_INTERMEDIATE:0, 
2024-04-24T00:55:41,451  WARN [main] ql.TestTxnNoBuckets: null: read data(After conversion with VC1): 
2024-04-24T00:55:41,451  INFO [main] ql.TestTxnNoBuckets: {"writeid":0,"bucketid":536870912,"rowid":3}	6
{"writeid":0,"bucketid":536870912,"rowid":4}	9

2024-04-24T00:55:41,452  INFO [main] ql.TxnCommandsBaseForTests: Running the query: EXPLAIN VECTORIZATION DETAIL select ROW__ID, a from T where b > 6 order by a
2024-04-24T00:55:41,452  INFO [main] ql.Context: Deleting scratch dir: file:/home/alex/Repositories/hive/ql/target/tmp/localscratchdir/bb3818da-fef8-431e-82f5-d3fa8a050b6c/hive_2024-04-24_00-55-39_963_6722318482071288887-1
2024-04-24T00:55:41,453  INFO [main] cleanup.SyncCleanupService: Deleted directory: file:/home/alex/Repositories/hive/ql/target/tmp/localscratchdir/bb3818da-fef8-431e-82f5-d3fa8a050b6c/hive_2024-04-24_00-55-39_963_6722318482071288887-1 on fs with scheme file
2024-04-24T00:55:41,453  INFO [main] ql.Driver: Compiling command(queryId=alex_20240424005541_0839fc86-817c-44f1-af15-27b700293900): EXPLAIN VECTORIZATION DETAIL select ROW__ID, a from T where b > 6 order by a
2024-04-24T00:55:41,456  INFO [main] txn.TxnHandler: Added entries to MIN_HISTORY_LEVEL for current txns: ([20]) with min_open_txn: 20
2024-04-24T00:55:41,456  INFO [main] lockmgr.DbTxnManager: Opened txnid:20
2024-04-24T00:55:41,457  INFO [main] parse.CalcitePlanner: Starting Semantic Analysis
2024-04-24T00:55:41,459  INFO [main] parse.CalcitePlanner: Completed phase 1 of Semantic Analysis
2024-04-24T00:55:41,459  INFO [main] parse.CalcitePlanner: Get metadata for source tables
2024-04-24T00:55:41,460  INFO [main] HiveMetaStore.audit: ugi=alex	ip=unknown-ip-addr	cmd=get_table : tbl=hive.default.t	
2024-04-24T00:55:41,467  INFO [main] metastore.HMSHandler: Skipping translation for processor with null
2024-04-24T00:55:41,468  INFO [main] parse.CalcitePlanner: Get metadata for subqueries
2024-04-24T00:55:41,468  INFO [main] parse.CalcitePlanner: Get metadata for destination tables
2024-04-24T00:55:41,468  INFO [main] parse.CalcitePlanner: Completed getting MetaData in Semantic Analysis
2024-04-24T00:55:41,481  INFO [main] HiveMetaStore.audit: ugi=alex	ip=unknown-ip-addr	cmd=get_all_table_constraints : tbl=hive.default.t	
2024-04-24T00:55:41,521  INFO [main] calcite.RelOptHiveTable: Calculating column statistics for default.t, projIndxSet: [0, 1], allowMissingStats: true
2024-04-24T00:55:41,521  INFO [main] HiveMetaStore.audit: ugi=alex	ip=unknown-ip-addr	cmd=get_table_statistics_req: table=hive.default.t	
2024-04-24T00:55:41,530  WARN [main] calcite.RelOptHiveTable: No Stats for default@t, Columns: b, a
No Stats for default@t, Columns: b, a
2024-04-24T00:55:41,530  INFO [main] SessionState: No Stats for default@t, Columns: b, a
2024-04-24T00:55:41,587  INFO [main] parse.CalcitePlanner: Get metadata for source tables
2024-04-24T00:55:41,588  INFO [main] parse.CalcitePlanner: Get metadata for subqueries
2024-04-24T00:55:41,588  INFO [main] parse.CalcitePlanner: Get metadata for destination tables
2024-04-24T00:55:41,590  INFO [main] parse.CalcitePlanner: CBO Succeeded; optimized logical plan.
2024-04-24T00:55:41,593  INFO [main] optimizer.ColumnPrunerProcFactory: RS 3 oldColExprMap: {KEY.reducesinkkey0=Column[_col1], VALUE._col0=Column[_col0]}
2024-04-24T00:55:41,593  INFO [main] optimizer.ColumnPrunerProcFactory: RS 3 newColExprMap: {KEY.reducesinkkey0=Column[_col1], VALUE._col0=Column[_col0]}
2024-04-24T00:55:41,595  INFO [main] optimizer.BucketVersionPopulator: not considering bucketingVersion for: TS[0] because it has -1<2 buckets 
2024-04-24T00:55:41,598  INFO [main] optimizer.SortedDynPartitionOptimizer: Sorted dynamic partitioning optimization kicked in..
2024-04-24T00:55:41,608  INFO [main] physical.Vectorizer: Examining input format to see if vectorization is enabled.
2024-04-24T00:55:41,608  INFO [main] physical.Vectorizer: Vectorization is enabled for input format(s) [org.apache.hadoop.hive.ql.io.orc.OrcInputFormat]
2024-04-24T00:55:41,608  INFO [main] physical.Vectorizer: Validating and vectorizing MapWork... (vectorizedVertexNum 0)
2024-04-24T00:55:41,611  INFO [main] physical.Vectorizer: Map vectorization enabled: true
2024-04-24T00:55:41,611  INFO [main] physical.Vectorizer: Map vectorized: true
2024-04-24T00:55:41,611  INFO [main] physical.Vectorizer: Map vectorizedVertexNum: 0
2024-04-24T00:55:41,611  INFO [main] physical.Vectorizer: Map enabledConditionsMet: [hive.vectorized.use.vectorized.input.format IS true]
2024-04-24T00:55:41,611  INFO [main] physical.Vectorizer: Map inputFileFormatClassNameSet: [org.apache.hadoop.hive.ql.io.orc.OrcInputFormat]
2024-04-24T00:55:41,611  INFO [main] physical.Vectorizer: Reduce vectorization enabled: false
2024-04-24T00:55:41,611  INFO [main] physical.Vectorizer: Reduce vectorized: false
2024-04-24T00:55:41,611  INFO [main] physical.Vectorizer: Reduce vectorizedVertexNum: 1
2024-04-24T00:55:41,611  INFO [main] physical.Vectorizer: Reducer hive.vectorized.execution.reduce.enabled: true
2024-04-24T00:55:41,611  INFO [main] physical.Vectorizer: Reducer engine: mr
2024-04-24T00:55:41,611  INFO [main] parse.CalcitePlanner: Completed plan generation
2024-04-24T00:55:41,611  INFO [main] ql.Driver: Semantic Analysis Completed (retrial = false)
2024-04-24T00:55:41,611  INFO [main] ql.Driver: Created Hive schema: Schema(fieldSchemas:[FieldSchema(name:Explain, type:string, comment:null)], properties:null)
2024-04-24T00:55:41,611  INFO [main] metadata.Hive: Dumping metastore api call timing information for : compilation phase
2024-04-24T00:55:41,612  INFO [main] metadata.Hive: Total time spent in each metastore function (ms): {getTable_(GetTableRequest)=8, getValidTxns_(long)=0, getAllTableConstraints_(AllTableConstraintsRequest)=5, openTxn_(String, TxnType)=2, flushCache_()=0, isCompatibleWith_(Configuration)=2, commitTxn_(CommitTxnRequest)=9, getTableColumnStatistics_(String, String, List, String)=8, getValidWriteIds_(List, String)=3}
2024-04-24T00:55:41,612  INFO [main] ql.Driver: Completed compiling command(queryId=alex_20240424005541_0839fc86-817c-44f1-af15-27b700293900); Time taken: 0.158 seconds
2024-04-24T00:55:41,612  INFO [main] ql.Driver: Executing command(queryId=alex_20240424005541_0839fc86-817c-44f1-af15-27b700293900): EXPLAIN VECTORIZATION DETAIL select ROW__ID, a from T where b > 6 order by a
2024-04-24T00:55:41,612  INFO [main] ql.Driver: Starting task [Stage-2:EXPLAIN] in serial mode
2024-04-24T00:55:41,624  INFO [main] metadata.Hive: Dumping metastore api call timing information for : execution phase
2024-04-24T00:55:41,624  INFO [main] metadata.Hive: Total time spent in each metastore function (ms): {}
2024-04-24T00:55:41,624  INFO [main] ql.Driver: Completed executing command(queryId=alex_20240424005541_0839fc86-817c-44f1-af15-27b700293900); Time taken: 0.012 seconds
2024-04-24T00:55:41,624  INFO [main] lockmgr.DbTxnManager: Stopped heartbeat for query: null
2024-04-24T00:55:41,630  INFO [main] txn.TxnHandler: Expected to move at least one record from txn_components to completed_txn_components when committing txn! txnid:20
2024-04-24T00:55:41,636  INFO [main] txn.TxnHandler: Removed transactions: ([20]) from MIN_HISTORY_LEVEL
2024-04-24T00:55:41,636  WARN [main] txn.CompactionTxnHandler: No compaction queue record found for Compaction type transaction commit. txnId:20
2024-04-24T00:55:41,637  INFO [main] ql.TxnCommandsBaseForTests: Running the query: select ROW__ID, a from T where b > 0 order by a
2024-04-24T00:55:41,637  INFO [main] ql.Context: Deleting scratch dir: file:/home/alex/Repositories/hive/ql/target/tmp/localscratchdir/bb3818da-fef8-431e-82f5-d3fa8a050b6c/hive_2024-04-24_00-55-41_453_4436215535206710039-1
2024-04-24T00:55:41,638  INFO [main] cleanup.SyncCleanupService: Deleted directory: file:/home/alex/Repositories/hive/ql/target/tmp/localscratchdir/bb3818da-fef8-431e-82f5-d3fa8a050b6c/hive_2024-04-24_00-55-41_453_4436215535206710039-1 on fs with scheme file
2024-04-24T00:55:41,638  INFO [main] ql.Driver: Compiling command(queryId=alex_20240424005541_461c8fd0-001a-445b-b77c-ad47ccdf7dc4): select ROW__ID, a from T where b > 0 order by a
2024-04-24T00:55:41,640  INFO [main] txn.TxnHandler: Added entries to MIN_HISTORY_LEVEL for current txns: ([21]) with min_open_txn: 20
2024-04-24T00:55:41,641  INFO [main] lockmgr.DbTxnManager: Opened txnid:21
2024-04-24T00:55:41,641  INFO [main] parse.CalcitePlanner: Starting caching scope for: 
2024-04-24T00:55:41,641  INFO [main] parse.CalcitePlanner: Starting Semantic Analysis
2024-04-24T00:55:41,644  INFO [main] parse.CalcitePlanner: Completed phase 1 of Semantic Analysis
2024-04-24T00:55:41,644  INFO [main] parse.CalcitePlanner: Get metadata for source tables
2024-04-24T00:55:41,645  INFO [main] HiveMetaStore.audit: ugi=alex	ip=unknown-ip-addr	cmd=get_table : tbl=hive.default.t	
2024-04-24T00:55:41,651  INFO [main] metastore.HMSHandler: Skipping translation for processor with null
2024-04-24T00:55:41,652  INFO [main] parse.CalcitePlanner: Get metadata for subqueries
2024-04-24T00:55:41,652  INFO [main] parse.CalcitePlanner: Get metadata for destination tables
2024-04-24T00:55:41,652  INFO [main] parse.CalcitePlanner: Completed getting MetaData in Semantic Analysis
2024-04-24T00:55:41,664  INFO [main] HiveMetaStore.audit: ugi=alex	ip=unknown-ip-addr	cmd=get_all_table_constraints : tbl=hive.default.t	
2024-04-24T00:55:41,700  INFO [main] calcite.RelOptHiveTable: Calculating column statistics for default.t, projIndxSet: [0, 1], allowMissingStats: true
2024-04-24T00:55:41,701  INFO [main] HiveMetaStore.audit: ugi=alex	ip=unknown-ip-addr	cmd=get_table_statistics_req: table=hive.default.t	
2024-04-24T00:55:41,709  WARN [main] calcite.RelOptHiveTable: No Stats for default@t, Columns: a, b
No Stats for default@t, Columns: a, b
2024-04-24T00:55:41,709  INFO [main] SessionState: No Stats for default@t, Columns: a, b
2024-04-24T00:55:41,768  INFO [main] parse.CalcitePlanner: Get metadata for source tables
2024-04-24T00:55:41,769  INFO [main] parse.CalcitePlanner: Get metadata for subqueries
2024-04-24T00:55:41,769  INFO [main] parse.CalcitePlanner: Get metadata for destination tables
2024-04-24T00:55:41,770  INFO [main] common.FileUtils: Creating directory if it doesn't exist: file:/home/alex/Repositories/hive/ql/target/tmp/localscratchdir/bb3818da-fef8-431e-82f5-d3fa8a050b6c/hive_2024-04-24_00-55-41_638_252828996197273500-1/-mr-10001/.hive-staging_hive_2024-04-24_00-55-41_638_252828996197273500-1
2024-04-24T00:55:41,777  INFO [main] parse.CalcitePlanner: CBO Succeeded; optimized logical plan.
2024-04-24T00:55:41,781  INFO [main] optimizer.ColumnPrunerProcFactory: RS 3 oldColExprMap: {KEY.reducesinkkey0=Column[_col1], VALUE._col0=Column[_col0]}
2024-04-24T00:55:41,781  INFO [main] optimizer.ColumnPrunerProcFactory: RS 3 newColExprMap: {KEY.reducesinkkey0=Column[_col1], VALUE._col0=Column[_col0]}
2024-04-24T00:55:41,782  INFO [main] optimizer.BucketVersionPopulator: not considering bucketingVersion for: TS[0] because it has -1<2 buckets 
2024-04-24T00:55:41,783  INFO [main] optimizer.SortedDynPartitionOptimizer: Sorted dynamic partitioning optimization kicked in..
2024-04-24T00:55:41,793  INFO [main] physical.Vectorizer: Examining input format to see if vectorization is enabled.
2024-04-24T00:55:41,793  INFO [main] physical.Vectorizer: Vectorization is enabled for input format(s) [org.apache.hadoop.hive.ql.io.orc.OrcInputFormat]
2024-04-24T00:55:41,793  INFO [main] physical.Vectorizer: Validating and vectorizing MapWork... (vectorizedVertexNum 0)
2024-04-24T00:55:41,795  INFO [main] physical.Vectorizer: Map vectorization enabled: true
2024-04-24T00:55:41,795  INFO [main] physical.Vectorizer: Map vectorized: true
2024-04-24T00:55:41,796  INFO [main] physical.Vectorizer: Map vectorizedVertexNum: 0
2024-04-24T00:55:41,796  INFO [main] physical.Vectorizer: Map enabledConditionsMet: [hive.vectorized.use.vectorized.input.format IS true]
2024-04-24T00:55:41,796  INFO [main] physical.Vectorizer: Map inputFileFormatClassNameSet: [org.apache.hadoop.hive.ql.io.orc.OrcInputFormat]
2024-04-24T00:55:41,796  INFO [main] physical.Vectorizer: Reduce vectorization enabled: false
2024-04-24T00:55:41,796  INFO [main] physical.Vectorizer: Reduce vectorized: false
2024-04-24T00:55:41,796  INFO [main] physical.Vectorizer: Reduce vectorizedVertexNum: 1
2024-04-24T00:55:41,796  INFO [main] physical.Vectorizer: Reducer hive.vectorized.execution.reduce.enabled: true
2024-04-24T00:55:41,796  INFO [main] physical.Vectorizer: Reducer engine: mr
2024-04-24T00:55:41,796  INFO [main] parse.CalcitePlanner: Completed plan generation
2024-04-24T00:55:41,796  INFO [main] parse.CalcitePlanner: Ending caching scope for: 
2024-04-24T00:55:41,796  INFO [main] ql.Driver: Semantic Analysis Completed (retrial = false)
2024-04-24T00:55:41,796  INFO [main] ql.Driver: Created Hive schema: Schema(fieldSchemas:[FieldSchema(name:row__id, type:struct<writeid:bigint,bucketid:int,rowid:bigint>, comment:null), FieldSchema(name:a, type:int, comment:null)], properties:null)
2024-04-24T00:55:41,797  INFO [main] exec.ListSinkOperator: Initializing Operator: LIST_SINK[10]
2024-04-24T00:55:41,798  INFO [main] metadata.Hive: Dumping metastore api call timing information for : compilation phase
2024-04-24T00:55:41,798  INFO [main] metadata.Hive: Total time spent in each metastore function (ms): {getAllTableConstraints_(AllTableConstraintsRequest)=5, flushCache_()=0, getTableColumnStatistics_(String, String, List, String)=7, isCompatibleWith_(Configuration)=1, getValidWriteIds_(List, String)=4, getValidTxns_(long)=0, getTable_(GetTableRequest)=7, openTxn_(String, TxnType)=3, commitTxn_(CommitTxnRequest)=11}
2024-04-24T00:55:41,798  INFO [main] ql.Driver: Completed compiling command(queryId=alex_20240424005541_461c8fd0-001a-445b-b77c-ad47ccdf7dc4); Time taken: 0.16 seconds
2024-04-24T00:55:41,798  INFO [main] lockmgr.DbTxnManager: Setting lock request transaction to txnid:21 for queryId=alex_20240424005541_461c8fd0-001a-445b-b77c-ad47ccdf7dc4
2024-04-24T00:55:41,799  INFO [main] lockmgr.DbLockManager: Requesting lock for queryId=alex_20240424005541_461c8fd0-001a-445b-b77c-ad47ccdf7dc4
2024-04-24T00:55:41,818  INFO [main] lockmgr.DbLockManager: Response to queryId=alex_20240424005541_461c8fd0-001a-445b-b77c-ad47ccdf7dc4 LockResponse(lockid:13, state:ACQUIRED)
2024-04-24T00:55:41,818  INFO [main] ql.Driver: Operation QUERY obtained 1 locks
2024-04-24T00:55:41,819  INFO [main] ql.Driver: Executing command(queryId=alex_20240424005541_461c8fd0-001a-445b-b77c-ad47ccdf7dc4): select ROW__ID, a from T where b > 0 order by a
2024-04-24T00:55:41,819  WARN [main] ql.Driver: Hive-on-MR is deprecated in Hive 2 and may not be available in the future versions. Consider using a different execution engine (i.e. spark, tez) or using Hive 1.X releases.
Query ID = alex_20240424005541_461c8fd0-001a-445b-b77c-ad47ccdf7dc4
2024-04-24T00:55:41,819  INFO [main] ql.Driver: Query ID = alex_20240424005541_461c8fd0-001a-445b-b77c-ad47ccdf7dc4
Total jobs = 1
2024-04-24T00:55:41,820  INFO [main] ql.Driver: Total jobs = 1
Launching Job 1 out of 1
2024-04-24T00:55:41,820  INFO [main] ql.Driver: Launching Job 1 out of 1
2024-04-24T00:55:41,982  INFO [main] ql.Driver: Starting task [Stage-1:MAPRED] in serial mode
Number of reduce tasks determined at compile time: 1
2024-04-24T00:55:41,982  INFO [main] exec.Task: Number of reduce tasks determined at compile time: 1
In order to change the average load for a reducer (in bytes):
2024-04-24T00:55:41,982  INFO [main] exec.Task: In order to change the average load for a reducer (in bytes):
  set hive.exec.reducers.bytes.per.reducer=<number>
2024-04-24T00:55:41,982  INFO [main] exec.Task:   set hive.exec.reducers.bytes.per.reducer=<number>
In order to limit the maximum number of reducers:
2024-04-24T00:55:41,982  INFO [main] exec.Task: In order to limit the maximum number of reducers:
  set hive.exec.reducers.max=<number>
2024-04-24T00:55:41,982  INFO [main] exec.Task:   set hive.exec.reducers.max=<number>
In order to set a constant number of reducers:
2024-04-24T00:55:41,982  INFO [main] exec.Task: In order to set a constant number of reducers:
  set mapreduce.job.reduces=<number>
2024-04-24T00:55:41,982  INFO [main] exec.Task:   set mapreduce.job.reduces=<number>
2024-04-24T00:55:41,985  INFO [main] mr.ExecDriver: Using org.apache.hadoop.hive.ql.io.HiveInputFormat
2024-04-24T00:55:41,985  INFO [main] exec.Utilities: Processing alias t
2024-04-24T00:55:41,985  INFO [main] exec.Utilities: Adding 1 inputs; the first input is file:/home/alex/Repositories/hive/ql/target/tmp/org.apache.hadoop.hive.ql.TestTxnNoBuckets-1713945183193/warehouse/t
2024-04-24T00:55:41,995  INFO [main] exec.SerializationUtilities: Serializing MapWork using kryo
2024-04-24T00:55:41,997  INFO [main] exec.Utilities: Serialized plan (via FILE) - name: null size: 6,73KB
2024-04-24T00:55:42,002  INFO [main] exec.SerializationUtilities: Serializing ReduceWork using kryo
2024-04-24T00:55:42,004  INFO [main] exec.Utilities: Serialized plan (via FILE) - name: null size: 7,72KB
2024-04-24T00:55:42,005  WARN [main] impl.MetricsSystemImpl: JobTracker metrics system already initialized!
2024-04-24T00:55:42,013  WARN [main] impl.MetricsSystemImpl: JobTracker metrics system already initialized!
2024-04-24T00:55:42,022  WARN [main] mapreduce.JobResourceUploader: Hadoop command-line option parsing not performed. Implement the Tool interface and execute your application with ToolRunner to remedy this.
2024-04-24T00:55:42,027  WARN [main] mapreduce.JobResourceUploader: No job jar file set.  User classes may not be found. See Job or Job#setJar(String).
2024-04-24T00:55:42,028  INFO [main] io.HiveInputFormat: hive.io.file.readcolumn.ids = 0,1
2024-04-24T00:55:42,028  INFO [main] io.HiveInputFormat: hive.io.file.readcolumn.names = a,b
2024-04-24T00:55:42,028  INFO [main] io.HiveInputFormat: Generating splits for dirs: file:/home/alex/Repositories/hive/ql/target/tmp/org.apache.hadoop.hive.ql.TestTxnNoBuckets-1713945183193/warehouse/t
2024-04-24T00:55:42,028  INFO [main] orc.OrcInputFormat: getSplits started
2024-04-24T00:55:42,029  INFO [main] orc.OrcInputFormat: Context:: isAcid: true isVectorMode: true sarg: (not leaf-(LESS_THAN_EQUALS b 0)) minSplitSize: 1 maxSplitSize: 256000000 splitStrategy: HYBRID footerInSplits: false numBuckets: 0 numThreads: 10 cacheMemSize: 268435456 cacheStripeDetails: true useSoftReference: false writeIdList: default.t:10000000:9223372036854775807:: isTransactionalTable: true txnProperties: default 
2024-04-24T00:55:42,029  INFO [main] orc.OrcInputFormat: ORC pushdown predicate: (not leaf-(LESS_THAN_EQUALS b 0))
2024-04-24T00:55:42,036  INFO [main] orc.OrcInputFormat: FooterCacheHitRatio: 1/1
2024-04-24T00:55:42,036  INFO [main] orc.OrcInputFormat: getSplits finished (#splits: 1). duration: 8 ms
2024-04-24T00:55:42,036  INFO [main] io.HiveInputFormat: number of splits 1
2024-04-24T00:55:42,054  INFO [main] mapreduce.JobSubmitter: number of splits:1
2024-04-24T00:55:42,081  INFO [main] mapreduce.JobSubmitter: Submitting tokens for job: job_local943215773_0070
2024-04-24T00:55:42,081  INFO [main] mapreduce.JobSubmitter: Executing with tokens: []
2024-04-24T00:55:42,149  INFO [main] mapreduce.Job: The url to track the job: http://localhost:8080/
Job running in-process (local Hadoop)
2024-04-24T00:55:42,149  INFO [main] exec.Task: Job running in-process (local Hadoop)
2024-04-24T00:55:42,149  INFO [Thread-4562] mapred.LocalJobRunner: OutputCommitter set in config org.apache.hadoop.hive.ql.io.HiveFileFormatUtils$NullOutputCommitter
2024-04-24T00:55:42,149  INFO [Thread-4562] mapred.LocalJobRunner: OutputCommitter is org.apache.hadoop.hive.ql.io.HiveFileFormatUtils$NullOutputCommitter
2024-04-24T00:55:42,151  INFO [Thread-4562] mapred.LocalJobRunner: Waiting for map tasks
2024-04-24T00:55:42,151  INFO [LocalJobRunner Map Task Executor #0] mapred.LocalJobRunner: Starting task: attempt_local943215773_0070_m_000000_0
2024-04-24T00:55:42,152  INFO [LocalJobRunner Map Task Executor #0] mapred.Task:  Using ResourceCalculatorProcessTree : [ ]
2024-04-24T00:55:42,152  INFO [LocalJobRunner Map Task Executor #0] mapred.MapTask: Processing split: org.apache.hadoop.hive.ql.io.orc.OrcInputFormat:OrcSplit [file:/home/alex/Repositories/hive/ql/target/tmp/org.apache.hadoop.hive.ql.TestTxnNoBuckets-1713945183193/warehouse/t/000000_0, start=3, length=113, isOriginal=true, fileLength=259, hasFooter=false, hasBase=true, deltas=0]
2024-04-24T00:55:42,152  INFO [LocalJobRunner Map Task Executor #0] exec.SerializationUtilities: Deserializing MapWork using kryo
2024-04-24T00:55:42,153  INFO [LocalJobRunner Map Task Executor #0] exec.Utilities: Deserialized plan (via FILE) - name: null size: 6,73KB
2024-04-24T00:55:42,153  INFO [LocalJobRunner Map Task Executor #0] orc.OrcInputFormat: ORC pushdown predicate: (not leaf-(LESS_THAN_EQUALS b 0))
2024-04-24T00:55:42,153  INFO [LocalJobRunner Map Task Executor #0] orc.VectorizedOrcAcidRowBatchReader: Read ValidWriteIdList: default.t:10000000:9223372036854775807:::OrcSplit [file:/home/alex/Repositories/hive/ql/target/tmp/org.apache.hadoop.hive.ql.TestTxnNoBuckets-1713945183193/warehouse/t/000000_0, start=3, length=113, isOriginal=true, fileLength=259, hasFooter=false, hasBase=true, deltas=0]
2024-04-24T00:55:42,154  INFO [LocalJobRunner Map Task Executor #0] orc.ReaderImpl: Reading ORC rows from file:/home/alex/Repositories/hive/ql/target/tmp/org.apache.hadoop.hive.ql.TestTxnNoBuckets-1713945183193/warehouse/t/000000_0 with {include: [true, true, true], offset: 3, length: 113, sarg: (not leaf-(LESS_THAN_EQUALS b 0)), schema: struct<a:int,b:int>, includeAcidColumns: true}
2024-04-24T00:55:42,155  INFO [LocalJobRunner Map Task Executor #0] mapred.MapTask: numReduceTasks: 1
2024-04-24T00:55:42,160  INFO [LocalJobRunner Map Task Executor #0] mapred.MapTask: (EQUATOR) 0 kvi 26214396(104857584)
2024-04-24T00:55:42,160  INFO [LocalJobRunner Map Task Executor #0] mapred.MapTask: mapreduce.task.io.sort.mb: 100
2024-04-24T00:55:42,160  INFO [LocalJobRunner Map Task Executor #0] mapred.MapTask: soft limit at 83886080
2024-04-24T00:55:42,160  INFO [LocalJobRunner Map Task Executor #0] mapred.MapTask: bufstart = 0; bufvoid = 104857600
2024-04-24T00:55:42,160  INFO [LocalJobRunner Map Task Executor #0] mapred.MapTask: kvstart = 26214396; length = 6553600
2024-04-24T00:55:42,160  INFO [LocalJobRunner Map Task Executor #0] mapred.MapTask: Map output collector class = org.apache.hadoop.mapred.MapTask$MapOutputBuffer
2024-04-24T00:55:42,160  INFO [LocalJobRunner Map Task Executor #0] vector.VectorMapOperator: Initializing Operator: MAP[0]
2024-04-24T00:55:42,160  INFO [LocalJobRunner Map Task Executor #0] mr.ExecMapper: 
<MAP>Id =0
  <Children>null
  <\Children>
  <Parent><\Parent>
<\MAP>
2024-04-24T00:55:42,161  INFO [LocalJobRunner Map Task Executor #0] exec.TableScanOperator: Initializing Operator: TS[0]
2024-04-24T00:55:42,161  INFO [LocalJobRunner Map Task Executor #0] vector.VectorFilterOperator: Initializing Operator: FIL[7]
2024-04-24T00:55:42,161  INFO [LocalJobRunner Map Task Executor #0] vector.VectorSelectOperator: Initializing Operator: SEL[8]
2024-04-24T00:55:42,161  INFO [LocalJobRunner Map Task Executor #0] vector.VectorReduceSinkOperator: Initializing Operator: RS[9]
2024-04-24T00:55:42,161  INFO [LocalJobRunner Map Task Executor #0] vector.VectorReduceSinkOperator: Using tag = -1
2024-04-24T00:55:42,162  INFO [LocalJobRunner Map Task Executor #0] vector.VectorReduceSinkOperator: keys are [reducesinkkey0] num distributions: 1
2024-04-24T00:55:42,162  INFO [LocalJobRunner Map Task Executor #0] vector.VectorReduceSinkOperator: RS[9]: records written - 1
2024-04-24T00:55:42,162  INFO [LocalJobRunner Map Task Executor #0] vector.VectorMapOperator: Closing Operator: MAP[0]
2024-04-24T00:55:42,162  INFO [LocalJobRunner Map Task Executor #0] vector.VectorMapOperator: RECORDS_IN:5, DESERIALIZE_ERRORS:0, RECORDS_OUT_INTERMEDIATE:0, RECORDS_OUT_OPERATOR_MAP_0:0, 
2024-04-24T00:55:42,162  INFO [LocalJobRunner Map Task Executor #0] exec.TableScanOperator: Closing Operator: TS[0]
2024-04-24T00:55:42,162  INFO [LocalJobRunner Map Task Executor #0] exec.TableScanOperator: RECORDS_OUT_INTERMEDIATE:0, RECORDS_OUT_OPERATOR_TS_0:5, 
2024-04-24T00:55:42,162  INFO [LocalJobRunner Map Task Executor #0] vector.VectorFilterOperator: Closing Operator: FIL[7]
2024-04-24T00:55:42,162  INFO [LocalJobRunner Map Task Executor #0] vector.VectorFilterOperator: RECORDS_OUT_OPERATOR_FIL_7:5, RECORDS_OUT_INTERMEDIATE:0, 
2024-04-24T00:55:42,162  INFO [LocalJobRunner Map Task Executor #0] vector.VectorSelectOperator: Closing Operator: SEL[8]
2024-04-24T00:55:42,163  INFO [LocalJobRunner Map Task Executor #0] vector.VectorSelectOperator: RECORDS_OUT_OPERATOR_SEL_8:5, RECORDS_OUT_INTERMEDIATE:0, 
2024-04-24T00:55:42,163  INFO [LocalJobRunner Map Task Executor #0] vector.VectorReduceSinkOperator: Closing Operator: RS[9]
2024-04-24T00:55:42,163  INFO [LocalJobRunner Map Task Executor #0] vector.VectorReduceSinkOperator: RS[9]: Total records written - 5. abort - false
2024-04-24T00:55:42,163  INFO [LocalJobRunner Map Task Executor #0] vector.VectorReduceSinkOperator: RECORDS_OUT_OPERATOR_RS_9:5, RECORDS_OUT_INTERMEDIATE:5, 
2024-04-24T00:55:42,163  INFO [LocalJobRunner Map Task Executor #0] mapred.LocalJobRunner: 
2024-04-24T00:55:42,163  INFO [LocalJobRunner Map Task Executor #0] mapred.MapTask: Starting flush of map output
2024-04-24T00:55:42,163  INFO [LocalJobRunner Map Task Executor #0] mapred.MapTask: Spilling map output
2024-04-24T00:55:42,163  INFO [LocalJobRunner Map Task Executor #0] mapred.MapTask: bufstart = 0; bufend = 135; bufvoid = 104857600
2024-04-24T00:55:42,163  INFO [LocalJobRunner Map Task Executor #0] mapred.MapTask: kvstart = 26214396(104857584); kvend = 26214380(104857520); length = 17/6553600
2024-04-24T00:55:42,174  INFO [LocalJobRunner Map Task Executor #0] mapred.MapTask: Finished spill 0
2024-04-24T00:55:42,177  INFO [LocalJobRunner Map Task Executor #0] mapred.Task: Task:attempt_local943215773_0070_m_000000_0 is done. And is in the process of committing
2024-04-24T00:55:42,177  INFO [LocalJobRunner Map Task Executor #0] mapred.LocalJobRunner: OrcSplit [file:/home/alex/Repositories/hive/ql/target/tmp/org.apache.hadoop.hive.ql.TestTxnNoBuckets-1713945183193/warehouse/t/000000_0, start=3, length=113, isOriginal=true, fileLength=259, hasFooter=false, hasBase=true, deltas=0]
2024-04-24T00:55:42,178  INFO [LocalJobRunner Map Task Executor #0] mapred.Task: Task 'attempt_local943215773_0070_m_000000_0' done.
2024-04-24T00:55:42,178  INFO [LocalJobRunner Map Task Executor #0] mapred.Task: Final Counters for attempt_local943215773_0070_m_000000_0: Counters: 25
	File System Counters
		FILE: Number of bytes read=1695139
		FILE: Number of bytes written=84224082
		FILE: Number of read operations=0
		FILE: Number of large read operations=0
		FILE: Number of write operations=0
	Map-Reduce Framework
		Map input records=1
		Map output records=5
		Map output bytes=135
		Map output materialized bytes=151
		Input split bytes=471
		Combine input records=0
		Spilled Records=5
		Failed Shuffles=0
		Merged Map outputs=0
		GC time elapsed (ms)=0
		Total committed heap usage (bytes)=1392508928
	HIVE
		DESERIALIZE_ERRORS=0
		RECORDS_IN=5
		RECORDS_OUT_INTERMEDIATE=5
		RECORDS_OUT_OPERATOR_FIL_7=5
		RECORDS_OUT_OPERATOR_MAP_0=0
		RECORDS_OUT_OPERATOR_RS_9=5
		RECORDS_OUT_OPERATOR_SEL_8=5
		RECORDS_OUT_OPERATOR_TS_0=5
	File Input Format Counters 
		Bytes Read=8164
2024-04-24T00:55:42,178  INFO [LocalJobRunner Map Task Executor #0] mapred.LocalJobRunner: Finishing task: attempt_local943215773_0070_m_000000_0
2024-04-24T00:55:42,178  INFO [Thread-4562] mapred.LocalJobRunner: map task executor complete.
2024-04-24T00:55:42,179  INFO [Thread-4562] mapred.LocalJobRunner: Waiting for reduce tasks
2024-04-24T00:55:42,179  INFO [pool-287-thread-1] mapred.LocalJobRunner: Starting task: attempt_local943215773_0070_r_000000_0
2024-04-24T00:55:42,179  INFO [pool-287-thread-1] mapred.Task:  Using ResourceCalculatorProcessTree : [ ]
2024-04-24T00:55:42,179  INFO [pool-287-thread-1] mapred.ReduceTask: Using ShuffleConsumerPlugin: org.apache.hadoop.mapreduce.task.reduce.Shuffle@2f9f80c4
2024-04-24T00:55:42,180  WARN [pool-287-thread-1] impl.MetricsSystemImpl: JobTracker metrics system already initialized!
2024-04-24T00:55:42,180  INFO [pool-287-thread-1] reduce.MergeManagerImpl: MergerManager: memoryLimit=1336252800, maxSingleShuffleLimit=334063200, mergeThreshold=881926912, ioSortFactor=10, memToMemMergeOutputsThreshold=10
2024-04-24T00:55:42,181  INFO [EventFetcher for fetching Map Completion Events] reduce.EventFetcher: attempt_local943215773_0070_r_000000_0 Thread started: EventFetcher for fetching Map Completion Events
2024-04-24T00:55:42,182  INFO [localfetcher#43] reduce.LocalFetcher: localfetcher#43 about to shuffle output of map attempt_local943215773_0070_m_000000_0 decomp: 147 len: 151 to MEMORY
2024-04-24T00:55:42,182  INFO [localfetcher#43] reduce.InMemoryMapOutput: Read 147 bytes from map-output for attempt_local943215773_0070_m_000000_0
2024-04-24T00:55:42,182  INFO [localfetcher#43] reduce.MergeManagerImpl: closeInMemoryFile -> map-output of size: 147, inMemoryMapOutputs.size() -> 1, commitMemory -> 0, usedMemory ->147
2024-04-24T00:55:42,183  INFO [EventFetcher for fetching Map Completion Events] reduce.EventFetcher: EventFetcher is interrupted.. Returning
2024-04-24T00:55:42,183  INFO [pool-287-thread-1] mapred.LocalJobRunner: 1 / 1 copied.
2024-04-24T00:55:42,183  INFO [pool-287-thread-1] reduce.MergeManagerImpl: finalMerge called with 1 in-memory map-outputs and 0 on-disk map-outputs
2024-04-24T00:55:42,189  INFO [pool-287-thread-1] mapred.Merger: Merging 1 sorted segments
2024-04-24T00:55:42,189  INFO [pool-287-thread-1] mapred.Merger: Down to the last merge-pass, with 1 segments left of total size: 135 bytes
2024-04-24T00:55:42,192  INFO [pool-287-thread-1] reduce.MergeManagerImpl: Merged 1 segments, 147 bytes to disk to satisfy reduce memory limit
2024-04-24T00:55:42,192  INFO [pool-287-thread-1] reduce.MergeManagerImpl: Merging 1 files, 151 bytes from disk
2024-04-24T00:55:42,192  INFO [pool-287-thread-1] reduce.MergeManagerImpl: Merging 0 segments, 0 bytes from memory into reduce
2024-04-24T00:55:42,192  INFO [pool-287-thread-1] mapred.Merger: Merging 1 sorted segments
2024-04-24T00:55:42,192  INFO [pool-287-thread-1] mapred.Merger: Down to the last merge-pass, with 1 segments left of total size: 135 bytes
2024-04-24T00:55:42,192  INFO [pool-287-thread-1] mapred.LocalJobRunner: 1 / 1 copied.
2024-04-24T00:55:42,193  INFO [pool-287-thread-1] exec.SerializationUtilities: Deserializing ReduceWork using kryo
2024-04-24T00:55:42,193  INFO [pool-287-thread-1] exec.Utilities: Deserialized plan (via FILE) - name: null size: 7,72KB
2024-04-24T00:55:42,194  INFO [pool-287-thread-1] ExecReducer: 
<SEL>Id =4
  <Children>
    <FS>Id =5
      <Children>
      <\Children>
      <Parent>Id = 4 null<\Parent>
    <\FS>
  <\Children>
  <Parent><\Parent>
<\SEL>
2024-04-24T00:55:42,194  INFO [pool-287-thread-1] exec.SelectOperator: Initializing Operator: SEL[4]
2024-04-24T00:55:42,194  INFO [pool-287-thread-1] exec.SelectOperator: SELECT struct<key:struct<reducesinkkey0:int>,value:struct<_col0:struct<writeid:bigint,bucketid:int,rowid:bigint>>>
2024-04-24T00:55:42,194  INFO [pool-287-thread-1] exec.FileSinkOperator: Initializing Operator: FS[5]
2024-04-24T00:55:42,195  INFO [pool-287-thread-1] exec.FileSinkOperator: Using serializer : class org.apache.hadoop.hive.serde2.lazy.LazySimpleSerDe [serdeParams=org.apache.hadoop.hive.serde2.lazy.LazySerDeParameters@506bc5f8, cachedObjectInspector=org.apache.hadoop.hive.serde2.lazy.objectinspector.LazySimpleStructObjectInspector<org.apache.hadoop.hive.serde2.lazy.objectinspector.LazySimpleStructObjectInspector<org.apache.hadoop.hive.serde2.lazy.objectinspector.primitive.LazyLongObjectInspector@f1b0658,org.apache.hadoop.hive.serde2.lazy.objectinspector.primitive.LazyIntObjectInspector@4870d2e1,org.apache.hadoop.hive.serde2.lazy.objectinspector.primitive.LazyLongObjectInspector@f1b0658>,org.apache.hadoop.hive.serde2.lazy.objectinspector.primitive.LazyIntObjectInspector@4870d2e1>, serializedSize=0, stats=org.apache.hadoop.hive.serde2.SerDeStats@404f2d0, lastOperationSerialize=false, lastOperationDeserialize=false [1, 2, 3, 4, 5, 6, 7, 8, 11, 14, 15, 16, 17, 18, 19, 20, 21, 22, 23, 24, 25, 26, 28, 29, 30, 31, -128, -127, -126, -125, -124, -123, -122, -121, -120, -119, -118, -117, -116, -115, -114, -113, -112, -111, -110, -109, -108, -107, -106, -105, -104, -103, -102, -101, -100, -99, -98, -97, -96, -95, -94, -93, -92, -91, -90, -89, -88, -87, -86, -85, -84, -83, -82, -81, -80, -79, -78, -77, -76, -75, -74, -73, -72, -71, -70, -69, -68, -67, -66, -65, -64, -63, -62, -61, -60, -59, -58, -57, -56, -55, -54, -53, -52, -51, -50, -49, -48, -47, -46, -45, -44, -43, -42, -41, -40, -39, -38, -37, -36, -35, -34, -33, -32, -31, -30, -29, -28, -27, -26, -25, -24, -23, -22, -21, -20, -19, -18, -17, -16, -15, -14, -13, -12, -11, -10, -9, -8, -7, -6, -5, -4, -3, -2, -1] : [_col0, _col1] : [struct<writeid:bigint,bucketid:int,rowid:bigint>, int]] and formatter : org.apache.hadoop.hive.ql.io.HiveSequenceFileOutputFormat@2a08e5af
2024-04-24T00:55:42,196  INFO [pool-287-thread-1] exec.FileSinkOperator: Final Path: FS file:/home/alex/Repositories/hive/ql/target/tmp/localscratchdir/bb3818da-fef8-431e-82f5-d3fa8a050b6c/hive_2024-04-24_00-55-41_638_252828996197273500-1/-mr-10001/.hive-staging_hive_2024-04-24_00-55-41_638_252828996197273500-1/_tmp.-ext-10002/000000_0
2024-04-24T00:55:42,196  INFO [pool-287-thread-1] exec.FileSinkOperator: Writing to temp file: FS file:/home/alex/Repositories/hive/ql/target/tmp/localscratchdir/bb3818da-fef8-431e-82f5-d3fa8a050b6c/hive_2024-04-24_00-55-41_638_252828996197273500-1/-mr-10001/.hive-staging_hive_2024-04-24_00-55-41_638_252828996197273500-1/_task_tmp.-ext-10002/_tmp.000000_0
2024-04-24T00:55:42,196  INFO [pool-287-thread-1] exec.FileSinkOperator: New Final Path: FS file:/home/alex/Repositories/hive/ql/target/tmp/localscratchdir/bb3818da-fef8-431e-82f5-d3fa8a050b6c/hive_2024-04-24_00-55-41_638_252828996197273500-1/-mr-10001/.hive-staging_hive_2024-04-24_00-55-41_638_252828996197273500-1/_tmp.-ext-10002/000000_0
2024-04-24T00:55:42,205  INFO [pool-287-thread-1] exec.FileSinkOperator: FS[5]: records written - 1
2024-04-24T00:55:42,206  INFO [pool-287-thread-1] exec.SelectOperator: Closing Operator: SEL[4]
2024-04-24T00:55:42,206  INFO [pool-287-thread-1] exec.SelectOperator: RECORDS_OUT_INTERMEDIATE:0, RECORDS_OUT_OPERATOR_SEL_4:5, 
2024-04-24T00:55:42,206  INFO [pool-287-thread-1] exec.FileSinkOperator: Closing Operator: FS[5]
2024-04-24T00:55:42,206  INFO [pool-287-thread-1] exec.FileSinkOperator: FS[5]: records written - 5
2024-04-24T00:55:42,206  INFO [pool-287-thread-1] exec.FileSinkOperator: RECORDS_OUT_0:5, RECORDS_OUT_INTERMEDIATE:0, RECORDS_OUT_OPERATOR_FS_5:5, 
2024-04-24T00:55:42,207  INFO [pool-287-thread-1] mapred.Task: Task:attempt_local943215773_0070_r_000000_0 is done. And is in the process of committing
2024-04-24T00:55:42,207  INFO [pool-287-thread-1] mapred.LocalJobRunner: reduce > reduce
2024-04-24T00:55:42,207  INFO [pool-287-thread-1] mapred.Task: Task 'attempt_local943215773_0070_r_000000_0' done.
2024-04-24T00:55:42,207  INFO [pool-287-thread-1] mapred.Task: Final Counters for attempt_local943215773_0070_r_000000_0: Counters: 29
	File System Counters
		FILE: Number of bytes read=1703270
		FILE: Number of bytes written=84224472
		FILE: Number of read operations=0
		FILE: Number of large read operations=0
		FILE: Number of write operations=0
	Map-Reduce Framework
		Combine input records=0
		Combine output records=0
		Reduce input groups=5
		Reduce shuffle bytes=151
		Reduce input records=5
		Reduce output records=0
		Spilled Records=5
		Shuffled Maps =1
		Failed Shuffles=0
		Merged Map outputs=1
		GC time elapsed (ms)=0
		Total committed heap usage (bytes)=1392508928
	HIVE
		CREATED_FILES=1
		RECORDS_OUT_0=5
		RECORDS_OUT_INTERMEDIATE=0
		RECORDS_OUT_OPERATOR_FS_5=5
		RECORDS_OUT_OPERATOR_SEL_4=5
	Shuffle Errors
		BAD_ID=0
		CONNECTION=0
		IO_ERROR=0
		WRONG_LENGTH=0
		WRONG_MAP=0
		WRONG_REDUCE=0
	File Output Format Counters 
		Bytes Written=0
2024-04-24T00:55:42,207  INFO [pool-287-thread-1] mapred.LocalJobRunner: Finishing task: attempt_local943215773_0070_r_000000_0
2024-04-24T00:55:42,208  INFO [Thread-4562] mapred.LocalJobRunner: reduce task executor complete.
2024-04-24 00:55:43,152 Stage-1 map = 100%,  reduce = 100%
2024-04-24T00:55:43,152  INFO [main] exec.Task: 2024-04-24 00:55:43,152 Stage-1 map = 100%,  reduce = 100%
Ended Job = job_local943215773_0070
2024-04-24T00:55:43,154  INFO [main] exec.Task: Ended Job = job_local943215773_0070
2024-04-24T00:55:43,159  INFO [main] metadata.Hive: Dumping metastore api call timing information for : execution phase
2024-04-24T00:55:43,159  INFO [main] metadata.Hive: Total time spent in each metastore function (ms): {}
MapReduce Jobs Launched: 
2024-04-24T00:55:43,160  INFO [main] ql.Driver: MapReduce Jobs Launched: 
Stage-Stage-1:  HDFS Read: 0 HDFS Write: 0 SUCCESS
2024-04-24T00:55:43,160  INFO [main] ql.Driver: Stage-Stage-1:  HDFS Read: 0 HDFS Write: 0 SUCCESS
Total MapReduce CPU Time Spent: 0 msec
2024-04-24T00:55:43,160  INFO [main] ql.Driver: Total MapReduce CPU Time Spent: 0 msec
2024-04-24T00:55:43,160  INFO [main] ql.Driver: Completed executing command(queryId=alex_20240424005541_461c8fd0-001a-445b-b77c-ad47ccdf7dc4); Time taken: 1.34 seconds
2024-04-24T00:55:43,160  INFO [main] lockmgr.DbTxnManager: Stopped heartbeat for query: alex_20240424005541_461c8fd0-001a-445b-b77c-ad47ccdf7dc4
2024-04-24T00:55:43,173  INFO [main] txn.TxnHandler: Expected to move at least one record from txn_components to completed_txn_components when committing txn! txnid:21
2024-04-24T00:55:43,188  INFO [main] txn.TxnHandler: Removed transactions: ([21]) from MIN_HISTORY_LEVEL
2024-04-24T00:55:43,188  WARN [main] txn.CompactionTxnHandler: No compaction queue record found for Compaction type transaction commit. txnId:21
2024-04-24T00:55:43,194  INFO [main] mapred.FileInputFormat: Total input files to process : 1
2024-04-24T00:55:43,195  INFO [main] exec.ListSinkOperator: Closing Operator: LIST_SINK[10]
2024-04-24T00:55:43,195  INFO [main] exec.ListSinkOperator: RECORDS_OUT_INTERMEDIATE:0, RECORDS_OUT_OPERATOR_LIST_SINK_10:5, 
2024-04-24T00:55:43,195  WARN [main] ql.TestTxnNoBuckets: null: read data(After conversion with VC2): 
2024-04-24T00:55:43,195  INFO [main] ql.TestTxnNoBuckets: {"writeid":0,"bucketid":536870912,"rowid":0}	1
{"writeid":0,"bucketid":536870912,"rowid":1}	2
{"writeid":0,"bucketid":536870912,"rowid":2}	5
{"writeid":0,"bucketid":536870912,"rowid":3}	6
{"writeid":0,"bucketid":536870912,"rowid":4}	9

2024-04-24T00:55:43,195  INFO [main] ql.TxnCommandsBaseForTests: Running the query: EXPLAIN VECTORIZATION DETAIL select ROW__ID, a from T where b > 0 order by a
2024-04-24T00:55:43,196  INFO [main] ql.Context: Deleting scratch dir: file:/home/alex/Repositories/hive/ql/target/tmp/localscratchdir/bb3818da-fef8-431e-82f5-d3fa8a050b6c/hive_2024-04-24_00-55-41_638_252828996197273500-1
2024-04-24T00:55:43,196  INFO [main] cleanup.SyncCleanupService: Deleted directory: file:/home/alex/Repositories/hive/ql/target/tmp/localscratchdir/bb3818da-fef8-431e-82f5-d3fa8a050b6c/hive_2024-04-24_00-55-41_638_252828996197273500-1 on fs with scheme file
2024-04-24T00:55:43,197  INFO [main] ql.Driver: Compiling command(queryId=alex_20240424005543_6401cb51-8e9f-4088-9c5a-76b34989482a): EXPLAIN VECTORIZATION DETAIL select ROW__ID, a from T where b > 0 order by a
2024-04-24T00:55:43,200  INFO [main] txn.TxnHandler: Added entries to MIN_HISTORY_LEVEL for current txns: ([22]) with min_open_txn: 22
2024-04-24T00:55:43,201  INFO [main] lockmgr.DbTxnManager: Opened txnid:22
2024-04-24T00:55:43,201  INFO [main] parse.CalcitePlanner: Starting Semantic Analysis
2024-04-24T00:55:43,204  INFO [main] parse.CalcitePlanner: Completed phase 1 of Semantic Analysis
2024-04-24T00:55:43,204  INFO [main] parse.CalcitePlanner: Get metadata for source tables
2024-04-24T00:55:43,205  INFO [main] HiveMetaStore.audit: ugi=alex	ip=unknown-ip-addr	cmd=get_table : tbl=hive.default.t	
2024-04-24T00:55:43,212  INFO [main] metastore.HMSHandler: Skipping translation for processor with null
2024-04-24T00:55:43,212  INFO [main] parse.CalcitePlanner: Get metadata for subqueries
2024-04-24T00:55:43,212  INFO [main] parse.CalcitePlanner: Get metadata for destination tables
2024-04-24T00:55:43,213  INFO [main] parse.CalcitePlanner: Completed getting MetaData in Semantic Analysis
2024-04-24T00:55:43,226  INFO [main] HiveMetaStore.audit: ugi=alex	ip=unknown-ip-addr	cmd=get_all_table_constraints : tbl=hive.default.t	
2024-04-24T00:55:43,264  INFO [main] calcite.RelOptHiveTable: Calculating column statistics for default.t, projIndxSet: [0, 1], allowMissingStats: true
2024-04-24T00:55:43,264  INFO [main] HiveMetaStore.audit: ugi=alex	ip=unknown-ip-addr	cmd=get_table_statistics_req: table=hive.default.t	
2024-04-24T00:55:43,273  WARN [main] calcite.RelOptHiveTable: No Stats for default@t, Columns: a, b
No Stats for default@t, Columns: a, b
2024-04-24T00:55:43,273  INFO [main] SessionState: No Stats for default@t, Columns: a, b
2024-04-24T00:55:43,334  INFO [main] parse.CalcitePlanner: Get metadata for source tables
2024-04-24T00:55:43,334  INFO [main] parse.CalcitePlanner: Get metadata for subqueries
2024-04-24T00:55:43,334  INFO [main] parse.CalcitePlanner: Get metadata for destination tables
2024-04-24T00:55:43,336  INFO [main] parse.CalcitePlanner: CBO Succeeded; optimized logical plan.
2024-04-24T00:55:43,340  INFO [main] optimizer.ColumnPrunerProcFactory: RS 3 oldColExprMap: {KEY.reducesinkkey0=Column[_col1], VALUE._col0=Column[_col0]}
2024-04-24T00:55:43,340  INFO [main] optimizer.ColumnPrunerProcFactory: RS 3 newColExprMap: {KEY.reducesinkkey0=Column[_col1], VALUE._col0=Column[_col0]}
2024-04-24T00:55:43,340  INFO [main] optimizer.BucketVersionPopulator: not considering bucketingVersion for: TS[0] because it has -1<2 buckets 
2024-04-24T00:55:43,345  INFO [main] optimizer.SortedDynPartitionOptimizer: Sorted dynamic partitioning optimization kicked in..
2024-04-24T00:55:43,354  INFO [main] physical.Vectorizer: Examining input format to see if vectorization is enabled.
2024-04-24T00:55:43,354  INFO [main] physical.Vectorizer: Vectorization is enabled for input format(s) [org.apache.hadoop.hive.ql.io.orc.OrcInputFormat]
2024-04-24T00:55:43,354  INFO [main] physical.Vectorizer: Validating and vectorizing MapWork... (vectorizedVertexNum 0)
2024-04-24T00:55:43,356  INFO [main] physical.Vectorizer: Map vectorization enabled: true
2024-04-24T00:55:43,356  INFO [main] physical.Vectorizer: Map vectorized: true
2024-04-24T00:55:43,356  INFO [main] physical.Vectorizer: Map vectorizedVertexNum: 0
2024-04-24T00:55:43,356  INFO [main] physical.Vectorizer: Map enabledConditionsMet: [hive.vectorized.use.vectorized.input.format IS true]
2024-04-24T00:55:43,356  INFO [main] physical.Vectorizer: Map inputFileFormatClassNameSet: [org.apache.hadoop.hive.ql.io.orc.OrcInputFormat]
2024-04-24T00:55:43,356  INFO [main] physical.Vectorizer: Reduce vectorization enabled: false
2024-04-24T00:55:43,357  INFO [main] physical.Vectorizer: Reduce vectorized: false
2024-04-24T00:55:43,357  INFO [main] physical.Vectorizer: Reduce vectorizedVertexNum: 1
2024-04-24T00:55:43,357  INFO [main] physical.Vectorizer: Reducer hive.vectorized.execution.reduce.enabled: true
2024-04-24T00:55:43,357  INFO [main] physical.Vectorizer: Reducer engine: mr
2024-04-24T00:55:43,357  INFO [main] parse.CalcitePlanner: Completed plan generation
2024-04-24T00:55:43,357  INFO [main] ql.Driver: Semantic Analysis Completed (retrial = false)
2024-04-24T00:55:43,357  INFO [main] ql.Driver: Created Hive schema: Schema(fieldSchemas:[FieldSchema(name:Explain, type:string, comment:null)], properties:null)
2024-04-24T00:55:43,357  INFO [main] metadata.Hive: Dumping metastore api call timing information for : compilation phase
2024-04-24T00:55:43,357  INFO [main] metadata.Hive: Total time spent in each metastore function (ms): {flushCache_()=0, isCompatibleWith_(Configuration)=1, openTxn_(String, TxnType)=3, commitTxn_(CommitTxnRequest)=27, getTableColumnStatistics_(String, String, List, String)=8, getValidWriteIds_(List, String)=4, getAllTableConstraints_(AllTableConstraintsRequest)=5, getValidTxns_(long)=0, getTable_(GetTableRequest)=7}
2024-04-24T00:55:43,358  INFO [main] ql.Driver: Completed compiling command(queryId=alex_20240424005543_6401cb51-8e9f-4088-9c5a-76b34989482a); Time taken: 0.16 seconds
2024-04-24T00:55:43,358  INFO [main] ql.Driver: Executing command(queryId=alex_20240424005543_6401cb51-8e9f-4088-9c5a-76b34989482a): EXPLAIN VECTORIZATION DETAIL select ROW__ID, a from T where b > 0 order by a
2024-04-24T00:55:43,358  INFO [main] ql.Driver: Starting task [Stage-2:EXPLAIN] in serial mode
2024-04-24T00:55:43,369  INFO [main] metadata.Hive: Dumping metastore api call timing information for : execution phase
2024-04-24T00:55:43,370  INFO [main] metadata.Hive: Total time spent in each metastore function (ms): {}
2024-04-24T00:55:43,370  INFO [main] ql.Driver: Completed executing command(queryId=alex_20240424005543_6401cb51-8e9f-4088-9c5a-76b34989482a); Time taken: 0.011 seconds
2024-04-24T00:55:43,370  INFO [main] lockmgr.DbTxnManager: Stopped heartbeat for query: null
2024-04-24T00:55:43,376  INFO [main] txn.TxnHandler: Expected to move at least one record from txn_components to completed_txn_components when committing txn! txnid:22
2024-04-24T00:55:43,382  INFO [main] txn.TxnHandler: Removed transactions: ([22]) from MIN_HISTORY_LEVEL
2024-04-24T00:55:43,382  WARN [main] txn.CompactionTxnHandler: No compaction queue record found for Compaction type transaction commit. txnId:22
2024-04-24T00:55:43,383  INFO [main] ql.TxnCommandsBaseForTests: Running the query: select ROW__ID, a, INPUT__FILE__NAME from T where b > 6 order by a
2024-04-24T00:55:43,384  INFO [main] ql.Context: Deleting scratch dir: file:/home/alex/Repositories/hive/ql/target/tmp/localscratchdir/bb3818da-fef8-431e-82f5-d3fa8a050b6c/hive_2024-04-24_00-55-43_197_4553986747887301123-1
2024-04-24T00:55:43,384  INFO [main] cleanup.SyncCleanupService: Deleted directory: file:/home/alex/Repositories/hive/ql/target/tmp/localscratchdir/bb3818da-fef8-431e-82f5-d3fa8a050b6c/hive_2024-04-24_00-55-43_197_4553986747887301123-1 on fs with scheme file
2024-04-24T00:55:43,384  INFO [main] ql.Driver: Compiling command(queryId=alex_20240424005543_dabac35c-8e05-4985-a48d-ef0813d0169b): select ROW__ID, a, INPUT__FILE__NAME from T where b > 6 order by a
2024-04-24T00:55:43,387  INFO [main] txn.TxnHandler: Added entries to MIN_HISTORY_LEVEL for current txns: ([23]) with min_open_txn: 22
2024-04-24T00:55:43,387  INFO [main] lockmgr.DbTxnManager: Opened txnid:23
2024-04-24T00:55:43,388  INFO [main] parse.CalcitePlanner: Starting caching scope for: 
2024-04-24T00:55:43,388  INFO [main] parse.CalcitePlanner: Starting Semantic Analysis
2024-04-24T00:55:43,390  INFO [main] parse.CalcitePlanner: Completed phase 1 of Semantic Analysis
2024-04-24T00:55:43,391  INFO [main] parse.CalcitePlanner: Get metadata for source tables
2024-04-24T00:55:43,391  INFO [main] HiveMetaStore.audit: ugi=alex	ip=unknown-ip-addr	cmd=get_table : tbl=hive.default.t	
2024-04-24T00:55:43,398  INFO [main] metastore.HMSHandler: Skipping translation for processor with null
2024-04-24T00:55:43,398  INFO [main] parse.CalcitePlanner: Get metadata for subqueries
2024-04-24T00:55:43,398  INFO [main] parse.CalcitePlanner: Get metadata for destination tables
2024-04-24T00:55:43,398  INFO [main] parse.CalcitePlanner: Completed getting MetaData in Semantic Analysis
2024-04-24T00:55:43,411  INFO [main] HiveMetaStore.audit: ugi=alex	ip=unknown-ip-addr	cmd=get_all_table_constraints : tbl=hive.default.t	
2024-04-24T00:55:43,448  INFO [main] calcite.RelOptHiveTable: Calculating column statistics for default.t, projIndxSet: [0, 1], allowMissingStats: true
2024-04-24T00:55:43,449  INFO [main] HiveMetaStore.audit: ugi=alex	ip=unknown-ip-addr	cmd=get_table_statistics_req: table=hive.default.t	
2024-04-24T00:55:43,457  WARN [main] calcite.RelOptHiveTable: No Stats for default@t, Columns: b, a
No Stats for default@t, Columns: b, a
2024-04-24T00:55:43,457  INFO [main] SessionState: No Stats for default@t, Columns: b, a
2024-04-24T00:55:43,519  INFO [main] parse.CalcitePlanner: Get metadata for source tables
2024-04-24T00:55:43,519  INFO [main] parse.CalcitePlanner: Get metadata for subqueries
2024-04-24T00:55:43,519  INFO [main] parse.CalcitePlanner: Get metadata for destination tables
2024-04-24T00:55:43,521  INFO [main] common.FileUtils: Creating directory if it doesn't exist: file:/home/alex/Repositories/hive/ql/target/tmp/localscratchdir/bb3818da-fef8-431e-82f5-d3fa8a050b6c/hive_2024-04-24_00-55-43_384_7039848806111000968-1/-mr-10001/.hive-staging_hive_2024-04-24_00-55-43_384_7039848806111000968-1
2024-04-24T00:55:43,528  INFO [main] parse.CalcitePlanner: CBO Succeeded; optimized logical plan.
2024-04-24T00:55:43,531  INFO [main] optimizer.ColumnPrunerProcFactory: RS 3 oldColExprMap: {KEY.reducesinkkey0=Column[_col1], VALUE._col1=Column[_col2], VALUE._col0=Column[_col0]}
2024-04-24T00:55:43,531  INFO [main] optimizer.ColumnPrunerProcFactory: RS 3 newColExprMap: {VALUE._col0=Column[_col0], VALUE._col1=Column[_col2], KEY.reducesinkkey0=Column[_col1]}
2024-04-24T00:55:43,532  INFO [main] optimizer.BucketVersionPopulator: not considering bucketingVersion for: TS[0] because it has -1<2 buckets 
2024-04-24T00:55:43,533  INFO [main] optimizer.SortedDynPartitionOptimizer: Sorted dynamic partitioning optimization kicked in..
2024-04-24T00:55:43,542  INFO [main] physical.Vectorizer: Examining input format to see if vectorization is enabled.
2024-04-24T00:55:43,542  INFO [main] physical.Vectorizer: Vectorization is enabled for input format(s) [org.apache.hadoop.hive.ql.io.orc.OrcInputFormat]
2024-04-24T00:55:43,542  INFO [main] physical.Vectorizer: Validating and vectorizing MapWork... (vectorizedVertexNum 0)
2024-04-24T00:55:43,543  INFO [main] physical.Vectorizer: Map vectorization enabled: true
2024-04-24T00:55:43,543  INFO [main] physical.Vectorizer: Map vectorized: false
2024-04-24T00:55:43,543  INFO [main] physical.Vectorizer: Map notVectorizedReason: Select expression for SELECT operator: Virtual column INPUT__FILE__NAME is not supported
2024-04-24T00:55:43,543  INFO [main] physical.Vectorizer: Map vectorizedVertexNum: 0
2024-04-24T00:55:43,543  INFO [main] physical.Vectorizer: Map enabledConditionsMet: [hive.vectorized.use.vectorized.input.format IS true]
2024-04-24T00:55:43,543  INFO [main] physical.Vectorizer: Map inputFileFormatClassNameSet: [org.apache.hadoop.hive.ql.io.orc.OrcInputFormat]
2024-04-24T00:55:43,543  INFO [main] physical.Vectorizer: Reduce vectorization enabled: false
2024-04-24T00:55:43,543  INFO [main] physical.Vectorizer: Reduce vectorized: false
2024-04-24T00:55:43,544  INFO [main] physical.Vectorizer: Reduce vectorizedVertexNum: 1
2024-04-24T00:55:43,544  INFO [main] physical.Vectorizer: Reducer hive.vectorized.execution.reduce.enabled: true
2024-04-24T00:55:43,544  INFO [main] physical.Vectorizer: Reducer engine: mr
2024-04-24T00:55:43,544  INFO [main] parse.CalcitePlanner: Completed plan generation
2024-04-24T00:55:43,544  INFO [main] parse.CalcitePlanner: Ending caching scope for: 
2024-04-24T00:55:43,544  INFO [main] ql.Driver: Semantic Analysis Completed (retrial = false)
2024-04-24T00:55:43,544  INFO [main] ql.Driver: Created Hive schema: Schema(fieldSchemas:[FieldSchema(name:row__id, type:struct<writeid:bigint,bucketid:int,rowid:bigint>, comment:null), FieldSchema(name:a, type:int, comment:null), FieldSchema(name:input__file__name, type:string, comment:null)], properties:null)
2024-04-24T00:55:43,545  INFO [main] exec.ListSinkOperator: Initializing Operator: LIST_SINK[8]
2024-04-24T00:55:43,545  INFO [main] metadata.Hive: Dumping metastore api call timing information for : compilation phase
2024-04-24T00:55:43,545  INFO [main] metadata.Hive: Total time spent in each metastore function (ms): {getAllTableConstraints_(AllTableConstraintsRequest)=5, getTableColumnStatistics_(String, String, List, String)=8, getValidTxns_(long)=0, getTable_(GetTableRequest)=7, getValidWriteIds_(List, String)=2, openTxn_(String, TxnType)=2, flushCache_()=1, isCompatibleWith_(Configuration)=1, commitTxn_(CommitTxnRequest)=13}
2024-04-24T00:55:43,545  INFO [main] ql.Driver: Completed compiling command(queryId=alex_20240424005543_dabac35c-8e05-4985-a48d-ef0813d0169b); Time taken: 0.161 seconds
2024-04-24T00:55:43,546  INFO [main] lockmgr.DbTxnManager: Setting lock request transaction to txnid:23 for queryId=alex_20240424005543_dabac35c-8e05-4985-a48d-ef0813d0169b
2024-04-24T00:55:43,546  INFO [main] lockmgr.DbLockManager: Requesting lock for queryId=alex_20240424005543_dabac35c-8e05-4985-a48d-ef0813d0169b
2024-04-24T00:55:43,561  INFO [main] lockmgr.DbLockManager: Response to queryId=alex_20240424005543_dabac35c-8e05-4985-a48d-ef0813d0169b LockResponse(lockid:14, state:ACQUIRED)
2024-04-24T00:55:43,561  INFO [main] ql.Driver: Operation QUERY obtained 1 locks
2024-04-24T00:55:43,562  INFO [main] ql.Driver: Executing command(queryId=alex_20240424005543_dabac35c-8e05-4985-a48d-ef0813d0169b): select ROW__ID, a, INPUT__FILE__NAME from T where b > 6 order by a
2024-04-24T00:55:43,562  WARN [main] ql.Driver: Hive-on-MR is deprecated in Hive 2 and may not be available in the future versions. Consider using a different execution engine (i.e. spark, tez) or using Hive 1.X releases.
Query ID = alex_20240424005543_dabac35c-8e05-4985-a48d-ef0813d0169b
2024-04-24T00:55:43,562  INFO [main] ql.Driver: Query ID = alex_20240424005543_dabac35c-8e05-4985-a48d-ef0813d0169b
Total jobs = 1
2024-04-24T00:55:43,562  INFO [main] ql.Driver: Total jobs = 1
Launching Job 1 out of 1
2024-04-24T00:55:43,562  INFO [main] ql.Driver: Launching Job 1 out of 1
2024-04-24T00:55:43,714  INFO [main] ql.Driver: Starting task [Stage-1:MAPRED] in serial mode
Number of reduce tasks determined at compile time: 1
2024-04-24T00:55:43,714  INFO [main] exec.Task: Number of reduce tasks determined at compile time: 1
In order to change the average load for a reducer (in bytes):
2024-04-24T00:55:43,714  INFO [main] exec.Task: In order to change the average load for a reducer (in bytes):
  set hive.exec.reducers.bytes.per.reducer=<number>
2024-04-24T00:55:43,714  INFO [main] exec.Task:   set hive.exec.reducers.bytes.per.reducer=<number>
In order to limit the maximum number of reducers:
2024-04-24T00:55:43,714  INFO [main] exec.Task: In order to limit the maximum number of reducers:
  set hive.exec.reducers.max=<number>
2024-04-24T00:55:43,714  INFO [main] exec.Task:   set hive.exec.reducers.max=<number>
In order to set a constant number of reducers:
2024-04-24T00:55:43,714  INFO [main] exec.Task: In order to set a constant number of reducers:
  set mapreduce.job.reduces=<number>
2024-04-24T00:55:43,714  INFO [main] exec.Task:   set mapreduce.job.reduces=<number>
2024-04-24T00:55:43,717  INFO [main] mr.ExecDriver: Using org.apache.hadoop.hive.ql.io.HiveInputFormat
2024-04-24T00:55:43,717  INFO [main] exec.Utilities: Processing alias t
2024-04-24T00:55:43,717  INFO [main] exec.Utilities: Adding 1 inputs; the first input is file:/home/alex/Repositories/hive/ql/target/tmp/org.apache.hadoop.hive.ql.TestTxnNoBuckets-1713945183193/warehouse/t
2024-04-24T00:55:43,726  INFO [main] exec.SerializationUtilities: Serializing MapWork using kryo
2024-04-24T00:55:43,727  INFO [main] exec.Utilities: Serialized plan (via FILE) - name: null size: 5,59KB
2024-04-24T00:55:43,731  INFO [main] exec.SerializationUtilities: Serializing ReduceWork using kryo
2024-04-24T00:55:43,732  INFO [main] exec.Utilities: Serialized plan (via FILE) - name: null size: 6,35KB
2024-04-24T00:55:43,733  WARN [main] impl.MetricsSystemImpl: JobTracker metrics system already initialized!
2024-04-24T00:55:43,739  WARN [main] impl.MetricsSystemImpl: JobTracker metrics system already initialized!
2024-04-24T00:55:43,746  WARN [main] mapreduce.JobResourceUploader: Hadoop command-line option parsing not performed. Implement the Tool interface and execute your application with ToolRunner to remedy this.
2024-04-24T00:55:43,751  WARN [main] mapreduce.JobResourceUploader: No job jar file set.  User classes may not be found. See Job or Job#setJar(String).
2024-04-24T00:55:43,753  INFO [main] io.HiveInputFormat: hive.io.file.readcolumn.ids = 0,1
2024-04-24T00:55:43,753  INFO [main] io.HiveInputFormat: hive.io.file.readcolumn.names = a,b
2024-04-24T00:55:43,753  INFO [main] io.HiveInputFormat: Generating splits for dirs: file:/home/alex/Repositories/hive/ql/target/tmp/org.apache.hadoop.hive.ql.TestTxnNoBuckets-1713945183193/warehouse/t
2024-04-24T00:55:43,753  INFO [main] orc.OrcInputFormat: getSplits started
2024-04-24T00:55:43,753  INFO [main] orc.OrcInputFormat: Context:: isAcid: true isVectorMode: false sarg: (not leaf-(LESS_THAN_EQUALS b 6)) minSplitSize: 1 maxSplitSize: 256000000 splitStrategy: HYBRID footerInSplits: false numBuckets: 0 numThreads: 10 cacheMemSize: 268435456 cacheStripeDetails: true useSoftReference: false writeIdList: default.t:10000000:9223372036854775807:: isTransactionalTable: true txnProperties: default 
2024-04-24T00:55:43,753  INFO [main] orc.OrcInputFormat: ORC pushdown predicate: (not leaf-(LESS_THAN_EQUALS b 6))
2024-04-24T00:55:43,758  INFO [main] orc.OrcInputFormat: FooterCacheHitRatio: 1/1
2024-04-24T00:55:43,758  INFO [main] orc.OrcInputFormat: getSplits finished (#splits: 1). duration: 5 ms
2024-04-24T00:55:43,758  INFO [main] io.HiveInputFormat: number of splits 1
2024-04-24T00:55:43,775  INFO [main] mapreduce.JobSubmitter: number of splits:1
2024-04-24T00:55:43,793  INFO [main] mapreduce.JobSubmitter: Submitting tokens for job: job_local1793196794_0071
2024-04-24T00:55:43,794  INFO [main] mapreduce.JobSubmitter: Executing with tokens: []
2024-04-24T00:55:43,857  INFO [main] mapreduce.Job: The url to track the job: http://localhost:8080/
Job running in-process (local Hadoop)
2024-04-24T00:55:43,857  INFO [main] exec.Task: Job running in-process (local Hadoop)
2024-04-24T00:55:43,857  INFO [Thread-4615] mapred.LocalJobRunner: OutputCommitter set in config org.apache.hadoop.hive.ql.io.HiveFileFormatUtils$NullOutputCommitter
2024-04-24T00:55:43,857  INFO [Thread-4615] mapred.LocalJobRunner: OutputCommitter is org.apache.hadoop.hive.ql.io.HiveFileFormatUtils$NullOutputCommitter
2024-04-24T00:55:43,859  INFO [Thread-4615] mapred.LocalJobRunner: Waiting for map tasks
2024-04-24T00:55:43,859  INFO [LocalJobRunner Map Task Executor #0] mapred.LocalJobRunner: Starting task: attempt_local1793196794_0071_m_000000_0
2024-04-24T00:55:43,859  INFO [LocalJobRunner Map Task Executor #0] mapred.Task:  Using ResourceCalculatorProcessTree : [ ]
2024-04-24T00:55:43,860  INFO [LocalJobRunner Map Task Executor #0] mapred.MapTask: Processing split: org.apache.hadoop.hive.ql.io.orc.OrcInputFormat:OrcSplit [file:/home/alex/Repositories/hive/ql/target/tmp/org.apache.hadoop.hive.ql.TestTxnNoBuckets-1713945183193/warehouse/t/000000_0, start=3, length=113, isOriginal=true, fileLength=259, hasFooter=false, hasBase=true, deltas=0]
2024-04-24T00:55:43,860  INFO [LocalJobRunner Map Task Executor #0] exec.SerializationUtilities: Deserializing MapWork using kryo
2024-04-24T00:55:43,861  INFO [LocalJobRunner Map Task Executor #0] exec.Utilities: Deserialized plan (via FILE) - name: null size: 5,59KB
2024-04-24T00:55:43,862  INFO [LocalJobRunner Map Task Executor #0] orc.OrcInputFormat: ORC pushdown predicate: (not leaf-(LESS_THAN_EQUALS b 6))
2024-04-24T00:55:43,862  INFO [LocalJobRunner Map Task Executor #0] orc.OrcRawRecordMerger: min key = null, max key = null
2024-04-24T00:55:43,862  INFO [LocalJobRunner Map Task Executor #0] orc.ReaderImpl: Reading ORC rows from file:/home/alex/Repositories/hive/ql/target/tmp/org.apache.hadoop.hive.ql.TestTxnNoBuckets-1713945183193/warehouse/t/000000_0 with {include: [true, true, true], offset: 3, length: 113, sarg: (not leaf-(LESS_THAN_EQUALS b 6)), schema: struct<a:int,b:int>, includeAcidColumns: true}
2024-04-24T00:55:43,866  INFO [LocalJobRunner Map Task Executor #0] orc.OrcRawRecordMerger: updated min key = null, max key = null
2024-04-24T00:55:43,867  INFO [LocalJobRunner Map Task Executor #0] mapred.MapTask: numReduceTasks: 1
2024-04-24T00:55:43,872  INFO [LocalJobRunner Map Task Executor #0] mapred.MapTask: (EQUATOR) 0 kvi 26214396(104857584)
2024-04-24T00:55:43,872  INFO [LocalJobRunner Map Task Executor #0] mapred.MapTask: mapreduce.task.io.sort.mb: 100
2024-04-24T00:55:43,872  INFO [LocalJobRunner Map Task Executor #0] mapred.MapTask: soft limit at 83886080
2024-04-24T00:55:43,872  INFO [LocalJobRunner Map Task Executor #0] mapred.MapTask: bufstart = 0; bufvoid = 104857600
2024-04-24T00:55:43,872  INFO [LocalJobRunner Map Task Executor #0] mapred.MapTask: kvstart = 26214396; length = 6553600
2024-04-24T00:55:43,872  INFO [LocalJobRunner Map Task Executor #0] mapred.MapTask: Map output collector class = org.apache.hadoop.mapred.MapTask$MapOutputBuffer
2024-04-24T00:55:43,873  INFO [LocalJobRunner Map Task Executor #0] exec.MapOperator: Initializing Operator: MAP[0]
2024-04-24T00:55:43,874  INFO [LocalJobRunner Map Task Executor #0] mr.ExecMapper: 
<MAP>Id =0
  <Children>null
  <\Children>
  <Parent><\Parent>
<\MAP>
2024-04-24T00:55:43,875  INFO [LocalJobRunner Map Task Executor #0] exec.TableScanOperator: Initializing Operator: TS[0]
2024-04-24T00:55:43,875  INFO [LocalJobRunner Map Task Executor #0] exec.FilterOperator: Initializing Operator: FIL[6]
2024-04-24T00:55:43,875  INFO [LocalJobRunner Map Task Executor #0] exec.SelectOperator: Initializing Operator: SEL[2]
2024-04-24T00:55:43,875  INFO [LocalJobRunner Map Task Executor #0] exec.SelectOperator: SELECT struct<a:int,b:int,input__file__name:string,row__id:struct<writeid:bigint,bucketid:int,rowid:bigint>>
2024-04-24T00:55:43,875  INFO [LocalJobRunner Map Task Executor #0] exec.ReduceSinkOperator: Initializing Operator: RS[3]
2024-04-24T00:55:43,875  INFO [LocalJobRunner Map Task Executor #0] exec.ReduceSinkOperator: Using tag = -1
2024-04-24T00:55:43,876  INFO [LocalJobRunner Map Task Executor #0] exec.MapOperator: MAP[0]: records read - 1
2024-04-24T00:55:43,876  INFO [LocalJobRunner Map Task Executor #0] exec.ReduceSinkOperator: keys are [reducesinkkey0] num distributions: 1
2024-04-24T00:55:43,876  INFO [LocalJobRunner Map Task Executor #0] exec.ReduceSinkOperator: RS[3]: records written - 1
2024-04-24T00:55:43,877  INFO [LocalJobRunner Map Task Executor #0] exec.MapOperator: Closing Operator: MAP[0]
2024-04-24T00:55:43,877  INFO [LocalJobRunner Map Task Executor #0] exec.MapOperator: MAP[0]: Total records read - 5. abort - false
2024-04-24T00:55:43,877  INFO [LocalJobRunner Map Task Executor #0] exec.MapOperator: RECORDS_IN:5, DESERIALIZE_ERRORS:0, RECORDS_OUT_INTERMEDIATE:0, RECORDS_OUT_OPERATOR_MAP_0:0, 
2024-04-24T00:55:43,877  INFO [LocalJobRunner Map Task Executor #0] exec.TableScanOperator: Closing Operator: TS[0]
2024-04-24T00:55:43,877  INFO [LocalJobRunner Map Task Executor #0] exec.TableScanOperator: RECORDS_OUT_OPERATOR_TS_0:5, RECORDS_OUT_INTERMEDIATE:0, 
2024-04-24T00:55:43,877  INFO [LocalJobRunner Map Task Executor #0] exec.FilterOperator: Closing Operator: FIL[6]
2024-04-24T00:55:43,877  INFO [LocalJobRunner Map Task Executor #0] exec.FilterOperator: RECORDS_OUT_OPERATOR_FIL_6:2, RECORDS_OUT_INTERMEDIATE:0, 
2024-04-24T00:55:43,877  INFO [LocalJobRunner Map Task Executor #0] exec.SelectOperator: Closing Operator: SEL[2]
2024-04-24T00:55:43,877  INFO [LocalJobRunner Map Task Executor #0] exec.SelectOperator: RECORDS_OUT_INTERMEDIATE:0, RECORDS_OUT_OPERATOR_SEL_2:2, 
2024-04-24T00:55:43,877  INFO [LocalJobRunner Map Task Executor #0] exec.ReduceSinkOperator: Closing Operator: RS[3]
2024-04-24T00:55:43,877  INFO [LocalJobRunner Map Task Executor #0] exec.ReduceSinkOperator: RS[3]: Total records written - 2. abort - false
2024-04-24T00:55:43,877  INFO [LocalJobRunner Map Task Executor #0] exec.ReduceSinkOperator: RECORDS_OUT_INTERMEDIATE:2, RECORDS_OUT_OPERATOR_RS_3:2, 
2024-04-24T00:55:43,878  INFO [LocalJobRunner Map Task Executor #0] mapred.LocalJobRunner: 
2024-04-24T00:55:43,878  INFO [LocalJobRunner Map Task Executor #0] mapred.MapTask: Starting flush of map output
2024-04-24T00:55:43,878  INFO [LocalJobRunner Map Task Executor #0] mapred.MapTask: Spilling map output
2024-04-24T00:55:43,878  INFO [LocalJobRunner Map Task Executor #0] mapred.MapTask: bufstart = 0; bufend = 306; bufvoid = 104857600
2024-04-24T00:55:43,878  INFO [LocalJobRunner Map Task Executor #0] mapred.MapTask: kvstart = 26214396(104857584); kvend = 26214392(104857568); length = 5/6553600
2024-04-24T00:55:43,888  INFO [LocalJobRunner Map Task Executor #0] mapred.MapTask: Finished spill 0
2024-04-24T00:55:43,891  INFO [LocalJobRunner Map Task Executor #0] mapred.Task: Task:attempt_local1793196794_0071_m_000000_0 is done. And is in the process of committing
2024-04-24T00:55:43,891  INFO [LocalJobRunner Map Task Executor #0] mapred.LocalJobRunner: OrcSplit [file:/home/alex/Repositories/hive/ql/target/tmp/org.apache.hadoop.hive.ql.TestTxnNoBuckets-1713945183193/warehouse/t/000000_0, start=3, length=113, isOriginal=true, fileLength=259, hasFooter=false, hasBase=true, deltas=0]
2024-04-24T00:55:43,891  INFO [LocalJobRunner Map Task Executor #0] mapred.Task: Task 'attempt_local1793196794_0071_m_000000_0' done.
2024-04-24T00:55:43,891  INFO [LocalJobRunner Map Task Executor #0] mapred.Task: Final Counters for attempt_local1793196794_0071_m_000000_0: Counters: 25
	File System Counters
		FILE: Number of bytes read=1715095
		FILE: Number of bytes written=85432982
		FILE: Number of read operations=0
		FILE: Number of large read operations=0
		FILE: Number of write operations=0
	Map-Reduce Framework
		Map input records=5
		Map output records=2
		Map output bytes=306
		Map output materialized bytes=318
		Input split bytes=451
		Combine input records=0
		Spilled Records=2
		Failed Shuffles=0
		Merged Map outputs=0
		GC time elapsed (ms)=0
		Total committed heap usage (bytes)=1392508928
	HIVE
		DESERIALIZE_ERRORS=0
		RECORDS_IN=5
		RECORDS_OUT_INTERMEDIATE=2
		RECORDS_OUT_OPERATOR_FIL_6=2
		RECORDS_OUT_OPERATOR_MAP_0=0
		RECORDS_OUT_OPERATOR_RS_3=2
		RECORDS_OUT_OPERATOR_SEL_2=2
		RECORDS_OUT_OPERATOR_TS_0=5
	File Input Format Counters 
		Bytes Read=7017
2024-04-24T00:55:43,891  INFO [LocalJobRunner Map Task Executor #0] mapred.LocalJobRunner: Finishing task: attempt_local1793196794_0071_m_000000_0
2024-04-24T00:55:43,891  INFO [Thread-4615] mapred.LocalJobRunner: map task executor complete.
2024-04-24T00:55:43,892  INFO [Thread-4615] mapred.LocalJobRunner: Waiting for reduce tasks
2024-04-24T00:55:43,892  INFO [pool-290-thread-1] mapred.LocalJobRunner: Starting task: attempt_local1793196794_0071_r_000000_0
2024-04-24T00:55:43,893  INFO [pool-290-thread-1] mapred.Task:  Using ResourceCalculatorProcessTree : [ ]
2024-04-24T00:55:43,893  INFO [pool-290-thread-1] mapred.ReduceTask: Using ShuffleConsumerPlugin: org.apache.hadoop.mapreduce.task.reduce.Shuffle@b032d93
2024-04-24T00:55:43,893  WARN [pool-290-thread-1] impl.MetricsSystemImpl: JobTracker metrics system already initialized!
2024-04-24T00:55:43,894  INFO [pool-290-thread-1] reduce.MergeManagerImpl: MergerManager: memoryLimit=1336252800, maxSingleShuffleLimit=334063200, mergeThreshold=881926912, ioSortFactor=10, memToMemMergeOutputsThreshold=10
2024-04-24T00:55:43,894  INFO [EventFetcher for fetching Map Completion Events] reduce.EventFetcher: attempt_local1793196794_0071_r_000000_0 Thread started: EventFetcher for fetching Map Completion Events
2024-04-24T00:55:43,895  INFO [localfetcher#44] reduce.LocalFetcher: localfetcher#44 about to shuffle output of map attempt_local1793196794_0071_m_000000_0 decomp: 314 len: 318 to MEMORY
2024-04-24T00:55:43,895  INFO [localfetcher#44] reduce.InMemoryMapOutput: Read 314 bytes from map-output for attempt_local1793196794_0071_m_000000_0
2024-04-24T00:55:43,895  INFO [localfetcher#44] reduce.MergeManagerImpl: closeInMemoryFile -> map-output of size: 314, inMemoryMapOutputs.size() -> 1, commitMemory -> 0, usedMemory ->314
2024-04-24T00:55:43,896  INFO [EventFetcher for fetching Map Completion Events] reduce.EventFetcher: EventFetcher is interrupted.. Returning
2024-04-24T00:55:43,896  INFO [pool-290-thread-1] mapred.LocalJobRunner: 1 / 1 copied.
2024-04-24T00:55:43,896  INFO [pool-290-thread-1] reduce.MergeManagerImpl: finalMerge called with 1 in-memory map-outputs and 0 on-disk map-outputs
2024-04-24T00:55:43,902  INFO [pool-290-thread-1] mapred.Merger: Merging 1 sorted segments
2024-04-24T00:55:43,902  INFO [pool-290-thread-1] mapred.Merger: Down to the last merge-pass, with 1 segments left of total size: 301 bytes
2024-04-24T00:55:43,904  INFO [pool-290-thread-1] reduce.MergeManagerImpl: Merged 1 segments, 314 bytes to disk to satisfy reduce memory limit
2024-04-24T00:55:43,904  INFO [pool-290-thread-1] reduce.MergeManagerImpl: Merging 1 files, 318 bytes from disk
2024-04-24T00:55:43,904  INFO [pool-290-thread-1] reduce.MergeManagerImpl: Merging 0 segments, 0 bytes from memory into reduce
2024-04-24T00:55:43,905  INFO [pool-290-thread-1] mapred.Merger: Merging 1 sorted segments
2024-04-24T00:55:43,905  INFO [pool-290-thread-1] mapred.Merger: Down to the last merge-pass, with 1 segments left of total size: 301 bytes
2024-04-24T00:55:43,905  INFO [pool-290-thread-1] mapred.LocalJobRunner: 1 / 1 copied.
2024-04-24T00:55:43,905  INFO [pool-290-thread-1] exec.SerializationUtilities: Deserializing ReduceWork using kryo
2024-04-24T00:55:43,905  INFO [pool-290-thread-1] exec.Utilities: Deserialized plan (via FILE) - name: null size: 6,35KB
2024-04-24T00:55:43,906  INFO [pool-290-thread-1] ExecReducer: 
<SEL>Id =4
  <Children>
    <FS>Id =5
      <Children>
      <\Children>
      <Parent>Id = 4 null<\Parent>
    <\FS>
  <\Children>
  <Parent><\Parent>
<\SEL>
2024-04-24T00:55:43,906  INFO [pool-290-thread-1] exec.SelectOperator: Initializing Operator: SEL[4]
2024-04-24T00:55:43,906  INFO [pool-290-thread-1] exec.SelectOperator: SELECT struct<key:struct<reducesinkkey0:int>,value:struct<_col0:struct<writeid:bigint,bucketid:int,rowid:bigint>,_col1:string>>
2024-04-24T00:55:43,906  INFO [pool-290-thread-1] exec.FileSinkOperator: Initializing Operator: FS[5]
2024-04-24T00:55:43,907  INFO [pool-290-thread-1] exec.FileSinkOperator: Using serializer : class org.apache.hadoop.hive.serde2.lazy.LazySimpleSerDe [serdeParams=org.apache.hadoop.hive.serde2.lazy.LazySerDeParameters@35e40f54, cachedObjectInspector=org.apache.hadoop.hive.serde2.lazy.objectinspector.LazySimpleStructObjectInspector<org.apache.hadoop.hive.serde2.lazy.objectinspector.LazySimpleStructObjectInspector<org.apache.hadoop.hive.serde2.lazy.objectinspector.primitive.LazyLongObjectInspector@f1b0658,org.apache.hadoop.hive.serde2.lazy.objectinspector.primitive.LazyIntObjectInspector@4870d2e1,org.apache.hadoop.hive.serde2.lazy.objectinspector.primitive.LazyLongObjectInspector@f1b0658>,org.apache.hadoop.hive.serde2.lazy.objectinspector.primitive.LazyIntObjectInspector@4870d2e1,org.apache.hadoop.hive.serde2.lazy.objectinspector.primitive.LazyStringObjectInspector@361065d1>, serializedSize=0, stats=org.apache.hadoop.hive.serde2.SerDeStats@2098ef90, lastOperationSerialize=false, lastOperationDeserialize=false [1, 2, 3, 4, 5, 6, 7, 8, 11, 14, 15, 16, 17, 18, 19, 20, 21, 22, 23, 24, 25, 26, 28, 29, 30, 31, -128, -127, -126, -125, -124, -123, -122, -121, -120, -119, -118, -117, -116, -115, -114, -113, -112, -111, -110, -109, -108, -107, -106, -105, -104, -103, -102, -101, -100, -99, -98, -97, -96, -95, -94, -93, -92, -91, -90, -89, -88, -87, -86, -85, -84, -83, -82, -81, -80, -79, -78, -77, -76, -75, -74, -73, -72, -71, -70, -69, -68, -67, -66, -65, -64, -63, -62, -61, -60, -59, -58, -57, -56, -55, -54, -53, -52, -51, -50, -49, -48, -47, -46, -45, -44, -43, -42, -41, -40, -39, -38, -37, -36, -35, -34, -33, -32, -31, -30, -29, -28, -27, -26, -25, -24, -23, -22, -21, -20, -19, -18, -17, -16, -15, -14, -13, -12, -11, -10, -9, -8, -7, -6, -5, -4, -3, -2, -1] : [_col0, _col1, _col2] : [struct<writeid:bigint,bucketid:int,rowid:bigint>, int, string]] and formatter : org.apache.hadoop.hive.ql.io.HiveSequenceFileOutputFormat@55b221e8
2024-04-24T00:55:43,907  INFO [pool-290-thread-1] exec.FileSinkOperator: Final Path: FS file:/home/alex/Repositories/hive/ql/target/tmp/localscratchdir/bb3818da-fef8-431e-82f5-d3fa8a050b6c/hive_2024-04-24_00-55-43_384_7039848806111000968-1/-mr-10001/.hive-staging_hive_2024-04-24_00-55-43_384_7039848806111000968-1/_tmp.-ext-10002/000000_0
2024-04-24T00:55:43,907  INFO [pool-290-thread-1] exec.FileSinkOperator: Writing to temp file: FS file:/home/alex/Repositories/hive/ql/target/tmp/localscratchdir/bb3818da-fef8-431e-82f5-d3fa8a050b6c/hive_2024-04-24_00-55-43_384_7039848806111000968-1/-mr-10001/.hive-staging_hive_2024-04-24_00-55-43_384_7039848806111000968-1/_task_tmp.-ext-10002/_tmp.000000_0
2024-04-24T00:55:43,907  INFO [pool-290-thread-1] exec.FileSinkOperator: New Final Path: FS file:/home/alex/Repositories/hive/ql/target/tmp/localscratchdir/bb3818da-fef8-431e-82f5-d3fa8a050b6c/hive_2024-04-24_00-55-43_384_7039848806111000968-1/-mr-10001/.hive-staging_hive_2024-04-24_00-55-43_384_7039848806111000968-1/_tmp.-ext-10002/000000_0
2024-04-24T00:55:43,914  INFO [pool-290-thread-1] exec.FileSinkOperator: FS[5]: records written - 1
2024-04-24T00:55:43,914  INFO [pool-290-thread-1] exec.SelectOperator: Closing Operator: SEL[4]
2024-04-24T00:55:43,914  INFO [pool-290-thread-1] exec.SelectOperator: RECORDS_OUT_OPERATOR_SEL_4:2, RECORDS_OUT_INTERMEDIATE:0, 
2024-04-24T00:55:43,914  INFO [pool-290-thread-1] exec.FileSinkOperator: Closing Operator: FS[5]
2024-04-24T00:55:43,914  INFO [pool-290-thread-1] exec.FileSinkOperator: FS[5]: records written - 2
2024-04-24T00:55:43,915  INFO [pool-290-thread-1] exec.FileSinkOperator: RECORDS_OUT_OPERATOR_FS_5:2, RECORDS_OUT_INTERMEDIATE:0, RECORDS_OUT_0:2, 
2024-04-24T00:55:43,915  INFO [pool-290-thread-1] mapred.Task: Task:attempt_local1793196794_0071_r_000000_0 is done. And is in the process of committing
2024-04-24T00:55:43,915  INFO [pool-290-thread-1] mapred.LocalJobRunner: reduce > reduce
2024-04-24T00:55:43,915  INFO [pool-290-thread-1] mapred.Task: Task 'attempt_local1793196794_0071_r_000000_0' done.
2024-04-24T00:55:43,915  INFO [pool-290-thread-1] mapred.Task: Final Counters for attempt_local1793196794_0071_r_000000_0: Counters: 29
	File System Counters
		FILE: Number of bytes read=1722176
		FILE: Number of bytes written=85433709
		FILE: Number of read operations=0
		FILE: Number of large read operations=0
		FILE: Number of write operations=0
	Map-Reduce Framework
		Combine input records=0
		Combine output records=0
		Reduce input groups=2
		Reduce shuffle bytes=318
		Reduce input records=2
		Reduce output records=0
		Spilled Records=2
		Shuffled Maps =1
		Failed Shuffles=0
		Merged Map outputs=1
		GC time elapsed (ms)=0
		Total committed heap usage (bytes)=1392508928
	HIVE
		CREATED_FILES=1
		RECORDS_OUT_0=2
		RECORDS_OUT_INTERMEDIATE=0
		RECORDS_OUT_OPERATOR_FS_5=2
		RECORDS_OUT_OPERATOR_SEL_4=2
	Shuffle Errors
		BAD_ID=0
		CONNECTION=0
		IO_ERROR=0
		WRONG_LENGTH=0
		WRONG_MAP=0
		WRONG_REDUCE=0
	File Output Format Counters 
		Bytes Written=0
2024-04-24T00:55:43,915  INFO [pool-290-thread-1] mapred.LocalJobRunner: Finishing task: attempt_local1793196794_0071_r_000000_0
2024-04-24T00:55:43,916  INFO [Thread-4615] mapred.LocalJobRunner: reduce task executor complete.
2024-04-24 00:55:44,859 Stage-1 map = 100%,  reduce = 100%
2024-04-24T00:55:44,859  INFO [main] exec.Task: 2024-04-24 00:55:44,859 Stage-1 map = 100%,  reduce = 100%
Ended Job = job_local1793196794_0071
2024-04-24T00:55:44,861  INFO [main] exec.Task: Ended Job = job_local1793196794_0071
2024-04-24T00:55:44,864  INFO [main] metadata.Hive: Dumping metastore api call timing information for : execution phase
2024-04-24T00:55:44,864  INFO [main] metadata.Hive: Total time spent in each metastore function (ms): {}
MapReduce Jobs Launched: 
2024-04-24T00:55:44,864  INFO [main] ql.Driver: MapReduce Jobs Launched: 
Stage-Stage-1:  HDFS Read: 0 HDFS Write: 0 SUCCESS
2024-04-24T00:55:44,864  INFO [main] ql.Driver: Stage-Stage-1:  HDFS Read: 0 HDFS Write: 0 SUCCESS
Total MapReduce CPU Time Spent: 0 msec
2024-04-24T00:55:44,864  INFO [main] ql.Driver: Total MapReduce CPU Time Spent: 0 msec
2024-04-24T00:55:44,864  INFO [main] ql.Driver: Completed executing command(queryId=alex_20240424005543_dabac35c-8e05-4985-a48d-ef0813d0169b); Time taken: 1.302 seconds
2024-04-24T00:55:44,864  INFO [main] lockmgr.DbTxnManager: Stopped heartbeat for query: alex_20240424005543_dabac35c-8e05-4985-a48d-ef0813d0169b
2024-04-24T00:55:44,868  INFO [main] txn.TxnHandler: Expected to move at least one record from txn_components to completed_txn_components when committing txn! txnid:23
2024-04-24T00:55:44,873  INFO [main] txn.TxnHandler: Removed transactions: ([23]) from MIN_HISTORY_LEVEL
2024-04-24T00:55:44,874  WARN [main] txn.CompactionTxnHandler: No compaction queue record found for Compaction type transaction commit. txnId:23
2024-04-24T00:55:44,877  INFO [main] mapred.FileInputFormat: Total input files to process : 1
2024-04-24T00:55:44,878  INFO [main] exec.ListSinkOperator: Closing Operator: LIST_SINK[8]
2024-04-24T00:55:44,878  INFO [main] exec.ListSinkOperator: RECORDS_OUT_OPERATOR_LIST_SINK_8:2, RECORDS_OUT_INTERMEDIATE:0, 
2024-04-24T00:55:44,878  WARN [main] ql.TestTxnNoBuckets: null: read data(After non-vectorized read): 
2024-04-24T00:55:44,878  INFO [main] ql.TestTxnNoBuckets: {"writeid":0,"bucketid":536870912,"rowid":3}	6	file:/home/alex/Repositories/hive/ql/target/tmp/org.apache.hadoop.hive.ql.TestTxnNoBuckets-1713945183193/warehouse/t/000000_0
{"writeid":0,"bucketid":536870912,"rowid":4}	9	file:/home/alex/Repositories/hive/ql/target/tmp/org.apache.hadoop.hive.ql.TestTxnNoBuckets-1713945183193/warehouse/t/000000_0

2024-04-24T00:55:44,878  INFO [main] ql.TxnCommandsBaseForTests: Running the query: EXPLAIN VECTORIZATION DETAIL select ROW__ID, a, INPUT__FILE__NAME from T where b > 6 order by a
2024-04-24T00:55:44,878  INFO [main] ql.Context: Deleting scratch dir: file:/home/alex/Repositories/hive/ql/target/tmp/localscratchdir/bb3818da-fef8-431e-82f5-d3fa8a050b6c/hive_2024-04-24_00-55-43_384_7039848806111000968-1
2024-04-24T00:55:44,879  INFO [main] cleanup.SyncCleanupService: Deleted directory: file:/home/alex/Repositories/hive/ql/target/tmp/localscratchdir/bb3818da-fef8-431e-82f5-d3fa8a050b6c/hive_2024-04-24_00-55-43_384_7039848806111000968-1 on fs with scheme file
2024-04-24T00:55:44,879  INFO [main] ql.Driver: Compiling command(queryId=alex_20240424005544_7f7b0cff-db2c-4bfa-9440-7351eca2c064): EXPLAIN VECTORIZATION DETAIL select ROW__ID, a, INPUT__FILE__NAME from T where b > 6 order by a
2024-04-24T00:55:44,881  INFO [main] txn.TxnHandler: Added entries to MIN_HISTORY_LEVEL for current txns: ([24]) with min_open_txn: 24
2024-04-24T00:55:44,882  INFO [main] lockmgr.DbTxnManager: Opened txnid:24
2024-04-24T00:55:44,882  INFO [main] parse.CalcitePlanner: Starting Semantic Analysis
2024-04-24T00:55:44,884  INFO [main] parse.CalcitePlanner: Completed phase 1 of Semantic Analysis
2024-04-24T00:55:44,884  INFO [main] parse.CalcitePlanner: Get metadata for source tables
2024-04-24T00:55:44,885  INFO [main] HiveMetaStore.audit: ugi=alex	ip=unknown-ip-addr	cmd=get_table : tbl=hive.default.t	
2024-04-24T00:55:44,892  INFO [main] metastore.HMSHandler: Skipping translation for processor with null
2024-04-24T00:55:44,892  INFO [main] parse.CalcitePlanner: Get metadata for subqueries
2024-04-24T00:55:44,892  INFO [main] parse.CalcitePlanner: Get metadata for destination tables
2024-04-24T00:55:44,892  INFO [main] parse.CalcitePlanner: Completed getting MetaData in Semantic Analysis
2024-04-24T00:55:44,905  INFO [main] HiveMetaStore.audit: ugi=alex	ip=unknown-ip-addr	cmd=get_all_table_constraints : tbl=hive.default.t	
2024-04-24T00:55:44,948  INFO [main] calcite.RelOptHiveTable: Calculating column statistics for default.t, projIndxSet: [0, 1], allowMissingStats: true
2024-04-24T00:55:44,948  INFO [main] HiveMetaStore.audit: ugi=alex	ip=unknown-ip-addr	cmd=get_table_statistics_req: table=hive.default.t	
2024-04-24T00:55:44,957  WARN [main] calcite.RelOptHiveTable: No Stats for default@t, Columns: a, b
No Stats for default@t, Columns: a, b
2024-04-24T00:55:44,957  INFO [main] SessionState: No Stats for default@t, Columns: a, b
2024-04-24T00:55:45,015  INFO [main] parse.CalcitePlanner: Get metadata for source tables
2024-04-24T00:55:45,016  INFO [main] parse.CalcitePlanner: Get metadata for subqueries
2024-04-24T00:55:45,016  INFO [main] parse.CalcitePlanner: Get metadata for destination tables
2024-04-24T00:55:45,018  INFO [main] parse.CalcitePlanner: CBO Succeeded; optimized logical plan.
2024-04-24T00:55:45,021  INFO [main] optimizer.ColumnPrunerProcFactory: RS 3 oldColExprMap: {KEY.reducesinkkey0=Column[_col1], VALUE._col1=Column[_col2], VALUE._col0=Column[_col0]}
2024-04-24T00:55:45,021  INFO [main] optimizer.ColumnPrunerProcFactory: RS 3 newColExprMap: {KEY.reducesinkkey0=Column[_col1], VALUE._col1=Column[_col2], VALUE._col0=Column[_col0]}
2024-04-24T00:55:45,022  INFO [main] optimizer.BucketVersionPopulator: not considering bucketingVersion for: TS[0] because it has -1<2 buckets 
2024-04-24T00:55:45,026  INFO [main] optimizer.SortedDynPartitionOptimizer: Sorted dynamic partitioning optimization kicked in..
2024-04-24T00:55:45,035  INFO [main] physical.Vectorizer: Examining input format to see if vectorization is enabled.
2024-04-24T00:55:45,035  INFO [main] physical.Vectorizer: Vectorization is enabled for input format(s) [org.apache.hadoop.hive.ql.io.orc.OrcInputFormat]
2024-04-24T00:55:45,035  INFO [main] physical.Vectorizer: Validating and vectorizing MapWork... (vectorizedVertexNum 0)
2024-04-24T00:55:45,036  INFO [main] physical.Vectorizer: Map vectorization enabled: true
2024-04-24T00:55:45,036  INFO [main] physical.Vectorizer: Map vectorized: false
2024-04-24T00:55:45,036  INFO [main] physical.Vectorizer: Map notVectorizedReason: Select expression for SELECT operator: Virtual column INPUT__FILE__NAME is not supported
2024-04-24T00:55:45,036  INFO [main] physical.Vectorizer: Map vectorizedVertexNum: 0
2024-04-24T00:55:45,036  INFO [main] physical.Vectorizer: Map enabledConditionsMet: [hive.vectorized.use.vectorized.input.format IS true]
2024-04-24T00:55:45,036  INFO [main] physical.Vectorizer: Map inputFileFormatClassNameSet: [org.apache.hadoop.hive.ql.io.orc.OrcInputFormat]
2024-04-24T00:55:45,036  INFO [main] physical.Vectorizer: Reduce vectorization enabled: false
2024-04-24T00:55:45,036  INFO [main] physical.Vectorizer: Reduce vectorized: false
2024-04-24T00:55:45,036  INFO [main] physical.Vectorizer: Reduce vectorizedVertexNum: 1
2024-04-24T00:55:45,036  INFO [main] physical.Vectorizer: Reducer hive.vectorized.execution.reduce.enabled: true
2024-04-24T00:55:45,036  INFO [main] physical.Vectorizer: Reducer engine: mr
2024-04-24T00:55:45,036  INFO [main] parse.CalcitePlanner: Completed plan generation
2024-04-24T00:55:45,036  INFO [main] ql.Driver: Semantic Analysis Completed (retrial = false)
2024-04-24T00:55:45,036  INFO [main] ql.Driver: Created Hive schema: Schema(fieldSchemas:[FieldSchema(name:Explain, type:string, comment:null)], properties:null)
2024-04-24T00:55:45,036  INFO [main] metadata.Hive: Dumping metastore api call timing information for : compilation phase
2024-04-24T00:55:45,037  INFO [main] metadata.Hive: Total time spent in each metastore function (ms): {getAllTableConstraints_(AllTableConstraintsRequest)=5, flushCache_()=0, commitTxn_(CommitTxnRequest)=10, getValidTxns_(long)=0, getValidWriteIds_(List, String)=3, getTableColumnStatistics_(String, String, List, String)=8, openTxn_(String, TxnType)=2, getTable_(GetTableRequest)=7, isCompatibleWith_(Configuration)=2}
2024-04-24T00:55:45,037  INFO [main] ql.Driver: Completed compiling command(queryId=alex_20240424005544_7f7b0cff-db2c-4bfa-9440-7351eca2c064); Time taken: 0.157 seconds
2024-04-24T00:55:45,037  INFO [main] ql.Driver: Executing command(queryId=alex_20240424005544_7f7b0cff-db2c-4bfa-9440-7351eca2c064): EXPLAIN VECTORIZATION DETAIL select ROW__ID, a, INPUT__FILE__NAME from T where b > 6 order by a
2024-04-24T00:55:45,037  INFO [main] ql.Driver: Starting task [Stage-2:EXPLAIN] in serial mode
2024-04-24T00:55:45,048  INFO [main] metadata.Hive: Dumping metastore api call timing information for : execution phase
2024-04-24T00:55:45,048  INFO [main] metadata.Hive: Total time spent in each metastore function (ms): {}
2024-04-24T00:55:45,048  INFO [main] ql.Driver: Completed executing command(queryId=alex_20240424005544_7f7b0cff-db2c-4bfa-9440-7351eca2c064); Time taken: 0.011 seconds
2024-04-24T00:55:45,048  INFO [main] lockmgr.DbTxnManager: Stopped heartbeat for query: null
2024-04-24T00:55:45,053  INFO [main] txn.TxnHandler: Expected to move at least one record from txn_components to completed_txn_components when committing txn! txnid:24
2024-04-24T00:55:45,058  INFO [main] txn.TxnHandler: Removed transactions: ([24]) from MIN_HISTORY_LEVEL
2024-04-24T00:55:45,058  WARN [main] txn.CompactionTxnHandler: No compaction queue record found for Compaction type transaction commit. txnId:24
2024-04-24T00:55:45,059  INFO [main] ql.TxnCommandsBaseForTests: Running the query: update T set b = 17 where a = 1
2024-04-24T00:55:45,060  INFO [main] ql.Context: Deleting scratch dir: file:/home/alex/Repositories/hive/ql/target/tmp/localscratchdir/bb3818da-fef8-431e-82f5-d3fa8a050b6c/hive_2024-04-24_00-55-44_879_8892959319290264670-1
2024-04-24T00:55:45,060  INFO [main] cleanup.SyncCleanupService: Deleted directory: file:/home/alex/Repositories/hive/ql/target/tmp/localscratchdir/bb3818da-fef8-431e-82f5-d3fa8a050b6c/hive_2024-04-24_00-55-44_879_8892959319290264670-1 on fs with scheme file
2024-04-24T00:55:45,060  INFO [main] ql.Driver: Compiling command(queryId=alex_20240424005545_46e0df33-a01d-40ee-a6c4-0923fa9ffdd8): update T set b = 17 where a = 1
2024-04-24T00:55:45,063  INFO [main] txn.TxnHandler: Added entries to MIN_HISTORY_LEVEL for current txns: ([25]) with min_open_txn: 24
2024-04-24T00:55:45,063  INFO [main] lockmgr.DbTxnManager: Opened txnid:25
2024-04-24T00:55:45,063  INFO [main] parse.UpdateDeleteSemanticAnalyzer: Starting caching scope for: 
2024-04-24T00:55:45,064  INFO [main] HiveMetaStore.audit: ugi=alex	ip=unknown-ip-addr	cmd=get_table : tbl=hive.default.T	
2024-04-24T00:55:45,070  INFO [main] metastore.HMSHandler: Skipping translation for processor with null
2024-04-24T00:55:45,070  INFO [main] parse.RewriteSemanticAnalyzer: Going to reparse <update T set b = 17 where a = 1> as 
<insert into table `default`.`T` select ROW__ID,`a`,`b` from `default`.`T` sort by ROW__ID >
2024-04-24T00:55:45,071  INFO [main] parse.UpdateDeleteSemanticAnalyzer: Starting Semantic Analysis
2024-04-24T00:55:45,074  INFO [main] HiveMetaStore.audit: ugi=alex	ip=unknown-ip-addr	cmd=get_table : tbl=hive.default.T	
2024-04-24T00:55:45,082  INFO [main] metastore.HMSHandler: Skipping translation for processor with null
2024-04-24T00:55:45,082  INFO [main] parse.UpdateDeleteSemanticAnalyzer: Completed phase 1 of Semantic Analysis
2024-04-24T00:55:45,082  INFO [main] parse.UpdateDeleteSemanticAnalyzer: Get metadata for source tables
2024-04-24T00:55:45,083  INFO [main] HiveMetaStore.audit: ugi=alex	ip=unknown-ip-addr	cmd=get_table : tbl=hive.default.t	
2024-04-24T00:55:45,090  INFO [main] metastore.HMSHandler: Skipping translation for processor with null
2024-04-24T00:55:45,090  INFO [main] parse.UpdateDeleteSemanticAnalyzer: Get metadata for subqueries
2024-04-24T00:55:45,090  INFO [main] parse.UpdateDeleteSemanticAnalyzer: Get metadata for destination tables
2024-04-24T00:55:45,090  INFO [main] HiveMetaStore.audit: ugi=alex	ip=unknown-ip-addr	cmd=get_table : tbl=hive.default.T	
2024-04-24T00:55:45,097  INFO [main] metastore.HMSHandler: Skipping translation for processor with null
2024-04-24T00:55:45,097  INFO [main] parse.UpdateDeleteSemanticAnalyzer: Completed getting MetaData in Semantic Analysis
2024-04-24T00:55:45,097  INFO [main] parse.UpdateDeleteSemanticAnalyzer: Disabling LLAP IO encode as ETL query is detected
2024-04-24T00:55:45,111  INFO [main] HiveMetaStore.audit: ugi=alex	ip=unknown-ip-addr	cmd=get_all_table_constraints : tbl=hive.default.t	
2024-04-24T00:55:45,117  INFO [main] HiveMetaStore.audit: ugi=alex	ip=unknown-ip-addr	cmd=get_not_null_constraints : tbl=hive.default.t	
2024-04-24T00:55:45,119  INFO [main] HiveMetaStore.audit: ugi=alex	ip=unknown-ip-addr	cmd=get_check_constraints : tbl=hive.default.t	
2024-04-24T00:55:45,141  INFO [main] calcite.RelOptHiveTable: Calculating column statistics for default.t, projIndxSet: [0], allowMissingStats: true
2024-04-24T00:55:45,141  INFO [main] HiveMetaStore.audit: ugi=alex	ip=unknown-ip-addr	cmd=get_table_statistics_req: table=hive.default.t	
2024-04-24T00:55:45,154  WARN [main] calcite.RelOptHiveTable: No Stats for default@t, Columns: a
No Stats for default@t, Columns: a
2024-04-24T00:55:45,154  INFO [main] SessionState: No Stats for default@t, Columns: a
2024-04-24T00:55:45,213  INFO [main] parse.UpdateDeleteSemanticAnalyzer: Get metadata for source tables
2024-04-24T00:55:45,214  INFO [main] parse.UpdateDeleteSemanticAnalyzer: Get metadata for subqueries
2024-04-24T00:55:45,214  INFO [main] parse.UpdateDeleteSemanticAnalyzer: Get metadata for destination tables
2024-04-24T00:55:45,214  INFO [main] HiveMetaStore.audit: ugi=alex	ip=unknown-ip-addr	cmd=get_table : tbl=hive.default.T	
2024-04-24T00:55:45,221  INFO [main] metastore.HMSHandler: Skipping translation for processor with null
2024-04-24T00:55:45,224 ERROR [main] parse.UpdateDeleteSemanticAnalyzer: CBO failed, skipping CBO. 
org.apache.hadoop.hive.ql.exec.NoMatchingMethodException: No matching method for class org.apache.hadoop.hive.ql.udf.UDFToInteger with (struct<writeid:bigint,bucketid:int,rowid:bigint>). Possible choices: _FUNC_(bigint)  _FUNC_(boolean)  _FUNC_(decimal(38,18))  _FUNC_(double)  _FUNC_(float)  _FUNC_(smallint)  _FUNC_(string)  _FUNC_(struct<bucketid:bigint,writeid:int,rowid:bigint>)  _FUNC_(timestamp)  _FUNC_(tinyint)  _FUNC_(void)  
	at org.apache.hadoop.hive.ql.exec.MethodUtils.getMethodInternal(MethodUtils.java:130) ~[classes/:?]
	at org.apache.hadoop.hive.ql.exec.MethodUtils.getMethodInternal(MethodUtils.java:60) ~[classes/:?]
	at org.apache.hadoop.hive.ql.exec.DefaultUDFMethodResolver.getEvalMethod(DefaultUDFMethodResolver.java:59) ~[classes/:?]
	at org.apache.hadoop.hive.ql.udf.TimestampCastRestrictorResolver.getEvalMethod(TimestampCastRestrictorResolver.java:68) ~[classes/:?]
	at org.apache.hadoop.hive.ql.udf.generic.GenericUDFBridge.initialize(GenericUDFBridge.java:168) ~[classes/:?]
	at org.apache.hadoop.hive.ql.udf.generic.GenericUDF.initializeAndFoldConstants(GenericUDF.java:149) ~[classes/:?]
	at org.apache.hadoop.hive.ql.plan.ExprNodeGenericFuncDesc.newInstance(ExprNodeGenericFuncDesc.java:235) ~[classes/:?]
	at org.apache.hadoop.hive.ql.parse.type.ExprNodeDescExprFactory.createFuncCallExpr(ExprNodeDescExprFactory.java:584) ~[classes/:?]
	at org.apache.hadoop.hive.ql.parse.type.ExprNodeDescExprFactory.createFuncCallExpr(ExprNodeDescExprFactory.java:97) ~[classes/:?]
	at org.apache.hadoop.hive.ql.parse.type.TypeCheckProcFactory$DefaultExprProcessor.getFuncExprNodeDescWithUdfData(TypeCheckProcFactory.java:762) ~[classes/:?]
	at org.apache.hadoop.hive.ql.parse.type.TypeCheckProcFactory$DefaultExprProcessor.createConversionCast(TypeCheckProcFactory.java:783) ~[classes/:?]
	at org.apache.hadoop.hive.ql.parse.SemanticAnalyzer.getPartitionColsFromBucketColsForUpdateDelete(SemanticAnalyzer.java:8725) ~[classes/:?]
	at org.apache.hadoop.hive.ql.parse.SemanticAnalyzer.genBucketingSortingDest(SemanticAnalyzer.java:6914) ~[classes/:?]
	at org.apache.hadoop.hive.ql.parse.SemanticAnalyzer.genFileSinkPlan(SemanticAnalyzer.java:7335) ~[classes/:?]
	at org.apache.hadoop.hive.ql.parse.SemanticAnalyzer.genPostGroupByBodyPlan(SemanticAnalyzer.java:11063) ~[classes/:?]
	at org.apache.hadoop.hive.ql.parse.SemanticAnalyzer.genBodyPlan(SemanticAnalyzer.java:10938) ~[classes/:?]
	at org.apache.hadoop.hive.ql.parse.SemanticAnalyzer.genPlan(SemanticAnalyzer.java:11853) ~[classes/:?]
	at org.apache.hadoop.hive.ql.parse.SemanticAnalyzer.genPlan(SemanticAnalyzer.java:11723) ~[classes/:?]
	at org.apache.hadoop.hive.ql.parse.CalcitePlanner.genOPTree(CalcitePlanner.java:626) ~[classes/:?]
	at org.apache.hadoop.hive.ql.parse.SemanticAnalyzer.analyzeInternal(SemanticAnalyzer.java:12558) ~[classes/:?]
	at org.apache.hadoop.hive.ql.parse.CalcitePlanner.analyzeInternal(CalcitePlanner.java:456) ~[classes/:?]
	at org.apache.hadoop.hive.ql.parse.RewriteSemanticAnalyzer.analyzeInternal(RewriteSemanticAnalyzer.java:67) ~[classes/:?]
	at org.apache.hadoop.hive.ql.parse.BaseSemanticAnalyzer.analyze(BaseSemanticAnalyzer.java:317) ~[classes/:?]
	at org.apache.hadoop.hive.ql.parse.UpdateDeleteSemanticAnalyzer.reparseAndSuperAnalyze(UpdateDeleteSemanticAnalyzer.java:208) ~[classes/:?]
	at org.apache.hadoop.hive.ql.parse.UpdateDeleteSemanticAnalyzer.analyzeUpdate(UpdateDeleteSemanticAnalyzer.java:63) ~[classes/:?]
	at org.apache.hadoop.hive.ql.parse.UpdateDeleteSemanticAnalyzer.analyze(UpdateDeleteSemanticAnalyzer.java:53) ~[classes/:?]
	at org.apache.hadoop.hive.ql.parse.RewriteSemanticAnalyzer.analyzeInternal(RewriteSemanticAnalyzer.java:72) ~[classes/:?]
	at org.apache.hadoop.hive.ql.parse.BaseSemanticAnalyzer.analyze(BaseSemanticAnalyzer.java:317) ~[classes/:?]
	at org.apache.hadoop.hive.ql.Compiler.analyze(Compiler.java:223) ~[classes/:?]
	at org.apache.hadoop.hive.ql.Compiler.compile(Compiler.java:105) ~[classes/:?]
	at org.apache.hadoop.hive.ql.Driver.compile(Driver.java:500) ~[classes/:?]
	at org.apache.hadoop.hive.ql.Driver.compileInternal(Driver.java:453) ~[classes/:?]
	at org.apache.hadoop.hive.ql.Driver.runInternal(Driver.java:181) ~[classes/:?]
	at org.apache.hadoop.hive.ql.Driver.run(Driver.java:153) ~[classes/:?]
	at org.apache.hadoop.hive.ql.Driver.run(Driver.java:140) ~[classes/:?]
	at org.apache.hadoop.hive.ql.TxnCommandsBaseForTests.runStatementOnDriver(TxnCommandsBaseForTests.java:245) ~[test-classes/:?]
	at org.apache.hadoop.hive.ql.TestTxnNoBuckets.testNonAcidToAcidVectorzied(TestTxnNoBuckets.java:726) ~[test-classes/:?]
	at sun.reflect.NativeMethodAccessorImpl.invoke0(Native Method) ~[?:1.8.0_402]
	at sun.reflect.NativeMethodAccessorImpl.invoke(NativeMethodAccessorImpl.java:62) ~[?:1.8.0_402]
	at sun.reflect.DelegatingMethodAccessorImpl.invoke(DelegatingMethodAccessorImpl.java:43) ~[?:1.8.0_402]
	at java.lang.reflect.Method.invoke(Method.java:498) ~[?:1.8.0_402]
	at org.junit.runners.model.FrameworkMethod$1.runReflectiveCall(FrameworkMethod.java:59) ~[junit-4.13.jar:4.13]
	at org.junit.internal.runners.model.ReflectiveCallable.run(ReflectiveCallable.java:12) ~[junit-4.13.jar:4.13]
	at org.junit.runners.model.FrameworkMethod.invokeExplosively(FrameworkMethod.java:56) ~[junit-4.13.jar:4.13]
	at org.junit.internal.runners.statements.InvokeMethod.evaluate(InvokeMethod.java:17) ~[junit-4.13.jar:4.13]
	at org.junit.internal.runners.statements.RunBefores.evaluate(RunBefores.java:26) ~[junit-4.13.jar:4.13]
	at org.junit.internal.runners.statements.RunAfters.evaluate(RunAfters.java:27) ~[junit-4.13.jar:4.13]
	at org.junit.rules.TestWatcher$1.evaluate(TestWatcher.java:61) ~[junit-4.13.jar:4.13]
	at org.junit.runners.ParentRunner$3.evaluate(ParentRunner.java:306) ~[junit-4.13.jar:4.13]
	at org.junit.runners.BlockJUnit4ClassRunner$1.evaluate(BlockJUnit4ClassRunner.java:100) ~[junit-4.13.jar:4.13]
	at org.junit.runners.ParentRunner.runLeaf(ParentRunner.java:366) ~[junit-4.13.jar:4.13]
	at org.junit.runners.BlockJUnit4ClassRunner.runChild(BlockJUnit4ClassRunner.java:103) ~[junit-4.13.jar:4.13]
	at org.junit.runners.BlockJUnit4ClassRunner.runChild(BlockJUnit4ClassRunner.java:63) ~[junit-4.13.jar:4.13]
	at org.junit.runners.ParentRunner$4.run(ParentRunner.java:331) ~[junit-4.13.jar:4.13]
	at org.junit.runners.ParentRunner$1.schedule(ParentRunner.java:79) ~[junit-4.13.jar:4.13]
	at org.junit.runners.ParentRunner.runChildren(ParentRunner.java:329) ~[junit-4.13.jar:4.13]
	at org.junit.runners.ParentRunner.access$100(ParentRunner.java:66) ~[junit-4.13.jar:4.13]
	at org.junit.runners.ParentRunner$2.evaluate(ParentRunner.java:293) ~[junit-4.13.jar:4.13]
	at org.junit.runners.ParentRunner$3.evaluate(ParentRunner.java:306) ~[junit-4.13.jar:4.13]
	at org.junit.runners.ParentRunner.run(ParentRunner.java:413) ~[junit-4.13.jar:4.13]
	at org.junit.runner.JUnitCore.run(JUnitCore.java:137) ~[junit-4.13.jar:4.13]
	at org.junit.runner.JUnitCore.run(JUnitCore.java:115) ~[junit-4.13.jar:4.13]
	at org.junit.vintage.engine.execution.RunnerExecutor.execute(RunnerExecutor.java:43) ~[junit-vintage-engine-5.6.2.jar:5.6.2]
	at java.util.stream.ForEachOps$ForEachOp$OfRef.accept(ForEachOps.java:183) ~[?:1.8.0_402]
	at java.util.stream.ReferencePipeline$3$1.accept(ReferencePipeline.java:193) ~[?:1.8.0_402]
	at java.util.Iterator.forEachRemaining(Iterator.java:116) ~[?:1.8.0_402]
	at java.util.Spliterators$IteratorSpliterator.forEachRemaining(Spliterators.java:1801) ~[?:1.8.0_402]
	at java.util.stream.AbstractPipeline.copyInto(AbstractPipeline.java:482) ~[?:1.8.0_402]
	at java.util.stream.AbstractPipeline.wrapAndCopyInto(AbstractPipeline.java:472) ~[?:1.8.0_402]
	at java.util.stream.ForEachOps$ForEachOp.evaluateSequential(ForEachOps.java:150) ~[?:1.8.0_402]
	at java.util.stream.ForEachOps$ForEachOp$OfRef.evaluateSequential(ForEachOps.java:173) ~[?:1.8.0_402]
	at java.util.stream.AbstractPipeline.evaluate(AbstractPipeline.java:234) ~[?:1.8.0_402]
	at java.util.stream.ReferencePipeline.forEach(ReferencePipeline.java:485) ~[?:1.8.0_402]
	at org.junit.vintage.engine.VintageTestEngine.executeAllChildren(VintageTestEngine.java:82) ~[junit-vintage-engine-5.6.2.jar:5.6.2]
	at org.junit.vintage.engine.VintageTestEngine.execute(VintageTestEngine.java:73) ~[junit-vintage-engine-5.6.2.jar:5.6.2]
	at org.junit.platform.launcher.core.DefaultLauncher.execute(DefaultLauncher.java:248) ~[junit-platform-launcher-1.6.2.jar:1.6.2]
	at org.junit.platform.launcher.core.DefaultLauncher.lambda$execute$5(DefaultLauncher.java:211) ~[junit-platform-launcher-1.6.2.jar:1.6.2]
	at org.junit.platform.launcher.core.DefaultLauncher.withInterceptedStreams(DefaultLauncher.java:226) [junit-platform-launcher-1.6.2.jar:1.6.2]
	at org.junit.platform.launcher.core.DefaultLauncher.execute(DefaultLauncher.java:199) [junit-platform-launcher-1.6.2.jar:1.6.2]
	at org.junit.platform.launcher.core.DefaultLauncher.execute(DefaultLauncher.java:132) [junit-platform-launcher-1.6.2.jar:1.6.2]
	at org.apache.maven.surefire.junitplatform.JUnitPlatformProvider.invokeAllTests(JUnitPlatformProvider.java:154) [surefire-junit-platform-3.0.0-M4.jar:3.0.0-M4]
	at org.apache.maven.surefire.junitplatform.JUnitPlatformProvider.invoke(JUnitPlatformProvider.java:123) [surefire-junit-platform-3.0.0-M4.jar:3.0.0-M4]
	at org.apache.maven.surefire.booter.ForkedBooter.runSuitesInProcess(ForkedBooter.java:377) [surefire-booter-3.0.0-M4.jar:3.0.0-M4]
	at org.apache.maven.surefire.booter.ForkedBooter.execute(ForkedBooter.java:138) [surefire-booter-3.0.0-M4.jar:3.0.0-M4]
	at org.apache.maven.surefire.booter.ForkedBooter.run(ForkedBooter.java:465) [surefire-booter-3.0.0-M4.jar:3.0.0-M4]
	at org.apache.maven.surefire.booter.ForkedBooter.main(ForkedBooter.java:451) [surefire-booter-3.0.0-M4.jar:3.0.0-M4]
2024-04-24T00:55:45,225 ERROR [main] parse.UpdateDeleteSemanticAnalyzer: CBO failed due to missing column stats (see previous errors), skipping CBO
2024-04-24T00:55:45,225  INFO [main] parse.UpdateDeleteSemanticAnalyzer: Ending caching scope for: 
FAILED: NoMatchingMethodException No matching method for class org.apache.hadoop.hive.ql.udf.UDFToInteger with (struct<writeid:bigint,bucketid:int,rowid:bigint>). Possible choices: _FUNC_(bigint)  _FUNC_(boolean)  _FUNC_(decimal(38,18))  _FUNC_(double)  _FUNC_(float)  _FUNC_(smallint)  _FUNC_(string)  _FUNC_(struct<bucketid:bigint,writeid:int,rowid:bigint>)  _FUNC_(timestamp)  _FUNC_(tinyint)  _FUNC_(void)  
2024-04-24T00:55:45,225 ERROR [main] ql.Driver: FAILED: NoMatchingMethodException No matching method for class org.apache.hadoop.hive.ql.udf.UDFToInteger with (struct<writeid:bigint,bucketid:int,rowid:bigint>). Possible choices: _FUNC_(bigint)  _FUNC_(boolean)  _FUNC_(decimal(38,18))  _FUNC_(double)  _FUNC_(float)  _FUNC_(smallint)  _FUNC_(string)  _FUNC_(struct<bucketid:bigint,writeid:int,rowid:bigint>)  _FUNC_(timestamp)  _FUNC_(tinyint)  _FUNC_(void)  
org.apache.hadoop.hive.ql.exec.NoMatchingMethodException: No matching method for class org.apache.hadoop.hive.ql.udf.UDFToInteger with (struct<writeid:bigint,bucketid:int,rowid:bigint>). Possible choices: _FUNC_(bigint)  _FUNC_(boolean)  _FUNC_(decimal(38,18))  _FUNC_(double)  _FUNC_(float)  _FUNC_(smallint)  _FUNC_(string)  _FUNC_(struct<bucketid:bigint,writeid:int,rowid:bigint>)  _FUNC_(timestamp)  _FUNC_(tinyint)  _FUNC_(void)  
	at org.apache.hadoop.hive.ql.exec.MethodUtils.getMethodInternal(MethodUtils.java:130)
	at org.apache.hadoop.hive.ql.exec.MethodUtils.getMethodInternal(MethodUtils.java:60)
	at org.apache.hadoop.hive.ql.exec.DefaultUDFMethodResolver.getEvalMethod(DefaultUDFMethodResolver.java:59)
	at org.apache.hadoop.hive.ql.udf.TimestampCastRestrictorResolver.getEvalMethod(TimestampCastRestrictorResolver.java:68)
	at org.apache.hadoop.hive.ql.udf.generic.GenericUDFBridge.initialize(GenericUDFBridge.java:168)
	at org.apache.hadoop.hive.ql.udf.generic.GenericUDF.initializeAndFoldConstants(GenericUDF.java:149)
	at org.apache.hadoop.hive.ql.plan.ExprNodeGenericFuncDesc.newInstance(ExprNodeGenericFuncDesc.java:235)
	at org.apache.hadoop.hive.ql.parse.type.ExprNodeDescExprFactory.createFuncCallExpr(ExprNodeDescExprFactory.java:584)
	at org.apache.hadoop.hive.ql.parse.type.ExprNodeDescExprFactory.createFuncCallExpr(ExprNodeDescExprFactory.java:97)
	at org.apache.hadoop.hive.ql.parse.type.TypeCheckProcFactory$DefaultExprProcessor.getFuncExprNodeDescWithUdfData(TypeCheckProcFactory.java:762)
	at org.apache.hadoop.hive.ql.parse.type.TypeCheckProcFactory$DefaultExprProcessor.createConversionCast(TypeCheckProcFactory.java:783)
	at org.apache.hadoop.hive.ql.parse.SemanticAnalyzer.getPartitionColsFromBucketColsForUpdateDelete(SemanticAnalyzer.java:8725)
	at org.apache.hadoop.hive.ql.parse.SemanticAnalyzer.genBucketingSortingDest(SemanticAnalyzer.java:6914)
	at org.apache.hadoop.hive.ql.parse.SemanticAnalyzer.genFileSinkPlan(SemanticAnalyzer.java:7335)
	at org.apache.hadoop.hive.ql.parse.SemanticAnalyzer.genPostGroupByBodyPlan(SemanticAnalyzer.java:11063)
	at org.apache.hadoop.hive.ql.parse.SemanticAnalyzer.genBodyPlan(SemanticAnalyzer.java:10938)
	at org.apache.hadoop.hive.ql.parse.SemanticAnalyzer.genPlan(SemanticAnalyzer.java:11853)
	at org.apache.hadoop.hive.ql.parse.SemanticAnalyzer.genPlan(SemanticAnalyzer.java:11723)
	at org.apache.hadoop.hive.ql.parse.CalcitePlanner.genOPTree(CalcitePlanner.java:626)
	at org.apache.hadoop.hive.ql.parse.SemanticAnalyzer.analyzeInternal(SemanticAnalyzer.java:12558)
	at org.apache.hadoop.hive.ql.parse.CalcitePlanner.analyzeInternal(CalcitePlanner.java:456)
	at org.apache.hadoop.hive.ql.parse.RewriteSemanticAnalyzer.analyzeInternal(RewriteSemanticAnalyzer.java:67)
	at org.apache.hadoop.hive.ql.parse.BaseSemanticAnalyzer.analyze(BaseSemanticAnalyzer.java:317)
	at org.apache.hadoop.hive.ql.parse.UpdateDeleteSemanticAnalyzer.reparseAndSuperAnalyze(UpdateDeleteSemanticAnalyzer.java:208)
	at org.apache.hadoop.hive.ql.parse.UpdateDeleteSemanticAnalyzer.analyzeUpdate(UpdateDeleteSemanticAnalyzer.java:63)
	at org.apache.hadoop.hive.ql.parse.UpdateDeleteSemanticAnalyzer.analyze(UpdateDeleteSemanticAnalyzer.java:53)
	at org.apache.hadoop.hive.ql.parse.RewriteSemanticAnalyzer.analyzeInternal(RewriteSemanticAnalyzer.java:72)
	at org.apache.hadoop.hive.ql.parse.BaseSemanticAnalyzer.analyze(BaseSemanticAnalyzer.java:317)
	at org.apache.hadoop.hive.ql.Compiler.analyze(Compiler.java:223)
	at org.apache.hadoop.hive.ql.Compiler.compile(Compiler.java:105)
	at org.apache.hadoop.hive.ql.Driver.compile(Driver.java:500)
	at org.apache.hadoop.hive.ql.Driver.compileInternal(Driver.java:453)
	at org.apache.hadoop.hive.ql.Driver.runInternal(Driver.java:181)
	at org.apache.hadoop.hive.ql.Driver.run(Driver.java:153)
	at org.apache.hadoop.hive.ql.Driver.run(Driver.java:140)
	at org.apache.hadoop.hive.ql.TxnCommandsBaseForTests.runStatementOnDriver(TxnCommandsBaseForTests.java:245)
	at org.apache.hadoop.hive.ql.TestTxnNoBuckets.testNonAcidToAcidVectorzied(TestTxnNoBuckets.java:726)
	at sun.reflect.NativeMethodAccessorImpl.invoke0(Native Method)
	at sun.reflect.NativeMethodAccessorImpl.invoke(NativeMethodAccessorImpl.java:62)
	at sun.reflect.DelegatingMethodAccessorImpl.invoke(DelegatingMethodAccessorImpl.java:43)
	at java.lang.reflect.Method.invoke(Method.java:498)
	at org.junit.runners.model.FrameworkMethod$1.runReflectiveCall(FrameworkMethod.java:59)
	at org.junit.internal.runners.model.ReflectiveCallable.run(ReflectiveCallable.java:12)
	at org.junit.runners.model.FrameworkMethod.invokeExplosively(FrameworkMethod.java:56)
	at org.junit.internal.runners.statements.InvokeMethod.evaluate(InvokeMethod.java:17)
	at org.junit.internal.runners.statements.RunBefores.evaluate(RunBefores.java:26)
	at org.junit.internal.runners.statements.RunAfters.evaluate(RunAfters.java:27)
	at org.junit.rules.TestWatcher$1.evaluate(TestWatcher.java:61)
	at org.junit.runners.ParentRunner$3.evaluate(ParentRunner.java:306)
	at org.junit.runners.BlockJUnit4ClassRunner$1.evaluate(BlockJUnit4ClassRunner.java:100)
	at org.junit.runners.ParentRunner.runLeaf(ParentRunner.java:366)
	at org.junit.runners.BlockJUnit4ClassRunner.runChild(BlockJUnit4ClassRunner.java:103)
	at org.junit.runners.BlockJUnit4ClassRunner.runChild(BlockJUnit4ClassRunner.java:63)
	at org.junit.runners.ParentRunner$4.run(ParentRunner.java:331)
	at org.junit.runners.ParentRunner$1.schedule(ParentRunner.java:79)
	at org.junit.runners.ParentRunner.runChildren(ParentRunner.java:329)
	at org.junit.runners.ParentRunner.access$100(ParentRunner.java:66)
	at org.junit.runners.ParentRunner$2.evaluate(ParentRunner.java:293)
	at org.junit.runners.ParentRunner$3.evaluate(ParentRunner.java:306)
	at org.junit.runners.ParentRunner.run(ParentRunner.java:413)
	at org.junit.runner.JUnitCore.run(JUnitCore.java:137)
	at org.junit.runner.JUnitCore.run(JUnitCore.java:115)
	at org.junit.vintage.engine.execution.RunnerExecutor.execute(RunnerExecutor.java:43)
	at java.util.stream.ForEachOps$ForEachOp$OfRef.accept(ForEachOps.java:183)
	at java.util.stream.ReferencePipeline$3$1.accept(ReferencePipeline.java:193)
	at java.util.Iterator.forEachRemaining(Iterator.java:116)
	at java.util.Spliterators$IteratorSpliterator.forEachRemaining(Spliterators.java:1801)
	at java.util.stream.AbstractPipeline.copyInto(AbstractPipeline.java:482)
	at java.util.stream.AbstractPipeline.wrapAndCopyInto(AbstractPipeline.java:472)
	at java.util.stream.ForEachOps$ForEachOp.evaluateSequential(ForEachOps.java:150)
	at java.util.stream.ForEachOps$ForEachOp$OfRef.evaluateSequential(ForEachOps.java:173)
	at java.util.stream.AbstractPipeline.evaluate(AbstractPipeline.java:234)
	at java.util.stream.ReferencePipeline.forEach(ReferencePipeline.java:485)
	at org.junit.vintage.engine.VintageTestEngine.executeAllChildren(VintageTestEngine.java:82)
	at org.junit.vintage.engine.VintageTestEngine.execute(VintageTestEngine.java:73)
	at org.junit.platform.launcher.core.DefaultLauncher.execute(DefaultLauncher.java:248)
	at org.junit.platform.launcher.core.DefaultLauncher.lambda$execute$5(DefaultLauncher.java:211)
	at org.junit.platform.launcher.core.DefaultLauncher.withInterceptedStreams(DefaultLauncher.java:226)
	at org.junit.platform.launcher.core.DefaultLauncher.execute(DefaultLauncher.java:199)
	at org.junit.platform.launcher.core.DefaultLauncher.execute(DefaultLauncher.java:132)
	at org.apache.maven.surefire.junitplatform.JUnitPlatformProvider.invokeAllTests(JUnitPlatformProvider.java:154)
	at org.apache.maven.surefire.junitplatform.JUnitPlatformProvider.invoke(JUnitPlatformProvider.java:123)
	at org.apache.maven.surefire.booter.ForkedBooter.runSuitesInProcess(ForkedBooter.java:377)
	at org.apache.maven.surefire.booter.ForkedBooter.execute(ForkedBooter.java:138)
	at org.apache.maven.surefire.booter.ForkedBooter.run(ForkedBooter.java:465)
	at org.apache.maven.surefire.booter.ForkedBooter.main(ForkedBooter.java:451)

2024-04-24T00:55:45,226  INFO [main] metadata.Hive: Dumping metastore api call timing information for : compilation phase
2024-04-24T00:55:45,226  INFO [main] metadata.Hive: Total time spent in each metastore function (ms): {getCheckConstraints_(CheckConstraintsRequest)=1, getTableColumnStatistics_(String, String, List, String)=13, getAllTableConstraints_(AllTableConstraintsRequest)=5, getValidWriteIds_(List, String)=4, flushCache_()=0, commitTxn_(CommitTxnRequest)=11, getNotNullConstraints_(NotNullConstraintsRequest)=1, isCompatibleWith_(Configuration)=0, getTable_(GetTableRequest)=35, getValidTxns_(long)=0, openTxn_(String, TxnType)=2}
2024-04-24T00:55:45,226  INFO [main] ql.Driver: Completed compiling command(queryId=alex_20240424005545_46e0df33-a01d-40ee-a6c4-0923fa9ffdd8); Time taken: 0.166 seconds
2024-04-24T00:55:45,226  INFO [main] lockmgr.DbTxnManager: Stopped heartbeat for query: null
2024-04-24T00:55:45,229  INFO [main] txn.TxnHandler: Removed transactions: ([25]) from MIN_HISTORY_LEVEL
2024-04-24T00:55:45,235  INFO [main] ql.TxnCommandsBaseForTests: Running the query: drop table if exists acidTbl
2024-04-24T00:55:45,236  INFO [main] ql.Driver: Compiling command(queryId=alex_20240424005545_0424fff1-d354-4260-95eb-145d144fc656): drop table if exists acidTbl
2024-04-24T00:55:45,238  INFO [main] txn.TxnHandler: Added entries to MIN_HISTORY_LEVEL for current txns: ([26]) with min_open_txn: 24
2024-04-24T00:55:45,238  INFO [main] lockmgr.DbTxnManager: Opened txnid:26
2024-04-24T00:55:45,239  INFO [main] HiveMetaStore.audit: ugi=alex	ip=unknown-ip-addr	cmd=get_table : tbl=hive.default.acidTbl	
2024-04-24T00:55:45,245  INFO [main] metastore.HMSHandler: Skipping translation for processor with null
2024-04-24T00:55:45,245  INFO [main] ql.Driver: Semantic Analysis Completed (retrial = false)
2024-04-24T00:55:45,245  INFO [main] ql.Driver: Created Hive schema: Schema(fieldSchemas:null, properties:null)
2024-04-24T00:55:45,245  INFO [main] metadata.Hive: Dumping metastore api call timing information for : compilation phase
2024-04-24T00:55:45,246  INFO [main] metadata.Hive: Total time spent in each metastore function (ms): {getValidTxns_(long)=1, openTxn_(String, TxnType)=2, rollbackTxn_(long)=9, flushCache_()=0, isCompatibleWith_(Configuration)=0, getTable_(GetTableRequest)=6}
2024-04-24T00:55:45,246  INFO [main] ql.Driver: Completed compiling command(queryId=alex_20240424005545_0424fff1-d354-4260-95eb-145d144fc656); Time taken: 0.009 seconds
2024-04-24T00:55:45,246  INFO [main] lockmgr.DbTxnManager: Setting lock request transaction to txnid:26 for queryId=alex_20240424005545_0424fff1-d354-4260-95eb-145d144fc656
2024-04-24T00:55:45,247  INFO [main] lockmgr.DbLockManager: Requesting lock for queryId=alex_20240424005545_0424fff1-d354-4260-95eb-145d144fc656
2024-04-24T00:55:45,260  INFO [main] lockmgr.DbLockManager: Response to queryId=alex_20240424005545_0424fff1-d354-4260-95eb-145d144fc656 LockResponse(lockid:15, state:ACQUIRED)
2024-04-24T00:55:45,260  INFO [main] ql.Driver: Operation DROPTABLE obtained 1 locks
2024-04-24T00:55:45,260  INFO [main] ql.Driver: Executing command(queryId=alex_20240424005545_0424fff1-d354-4260-95eb-145d144fc656): drop table if exists acidTbl
2024-04-24T00:55:45,260  INFO [main] ql.Driver: Starting task [Stage-0:DDL] in serial mode
2024-04-24T00:55:45,261  INFO [main] HiveMetaStore.audit: ugi=alex	ip=unknown-ip-addr	cmd=get_table : tbl=hive.default.acidTbl	
2024-04-24T00:55:45,267  INFO [main] metastore.HMSHandler: Skipping translation for processor with null
2024-04-24T00:55:45,267  INFO [main] HiveMetaStore.audit: ugi=alex	ip=unknown-ip-addr	cmd=get_table : tbl=hive.default.acidTbl	
2024-04-24T00:55:45,274  INFO [main] metastore.HMSHandler: Skipping translation for processor with null
2024-04-24T00:55:45,274  INFO [main] HiveMetaStore.audit: ugi=alex	ip=unknown-ip-addr	cmd=drop_table : tbl=hive.default.acidTbl	
2024-04-24T00:55:45,366  INFO [main] metadata.Hive: Dumping metastore api call timing information for : execution phase
2024-04-24T00:55:45,367  INFO [main] metadata.Hive: Total time spent in each metastore function (ms): {getTable_(GetTableRequest)=6, dropTable_(String, String, boolean, boolean, boolean)=99, isCompatibleWith_(Configuration)=1}
2024-04-24T00:55:45,367  INFO [main] ql.Driver: Completed executing command(queryId=alex_20240424005545_0424fff1-d354-4260-95eb-145d144fc656); Time taken: 0.106 seconds
2024-04-24T00:55:45,367  INFO [main] lockmgr.DbTxnManager: Stopped heartbeat for query: alex_20240424005545_0424fff1-d354-4260-95eb-145d144fc656
2024-04-24T00:55:45,370  INFO [main] txn.TxnHandler: Expected to move at least one record from txn_components to completed_txn_components when committing txn! txnid:26
2024-04-24T00:55:45,376  INFO [main] txn.TxnHandler: Removed transactions: ([26]) from MIN_HISTORY_LEVEL
2024-04-24T00:55:45,377  WARN [main] txn.CompactionTxnHandler: No compaction queue record found for Compaction type transaction commit. txnId:26
2024-04-24T00:55:45,377  INFO [main] ql.TxnCommandsBaseForTests: Running the query: drop table if exists acidTblPart
2024-04-24T00:55:45,378  INFO [main] ql.Driver: Compiling command(queryId=alex_20240424005545_c8043323-0726-4a64-8350-817c8d9483bc): drop table if exists acidTblPart
2024-04-24T00:55:45,380  INFO [main] txn.TxnHandler: Added entries to MIN_HISTORY_LEVEL for current txns: ([27]) with min_open_txn: 24
2024-04-24T00:55:45,380  INFO [main] lockmgr.DbTxnManager: Opened txnid:27
2024-04-24T00:55:45,381  INFO [main] HiveMetaStore.audit: ugi=alex	ip=unknown-ip-addr	cmd=get_table : tbl=hive.default.acidTblPart	
2024-04-24T00:55:45,388  INFO [main] metastore.HMSHandler: Skipping translation for processor with null
2024-04-24T00:55:45,388  INFO [main] ql.Driver: Semantic Analysis Completed (retrial = false)
2024-04-24T00:55:45,388  INFO [main] ql.Driver: Created Hive schema: Schema(fieldSchemas:null, properties:null)
2024-04-24T00:55:45,388  INFO [main] metadata.Hive: Dumping metastore api call timing information for : compilation phase
2024-04-24T00:55:45,388  INFO [main] metadata.Hive: Total time spent in each metastore function (ms): {commitTxn_(CommitTxnRequest)=10, getTable_(GetTableRequest)=7, isCompatibleWith_(Configuration)=0, openTxn_(String, TxnType)=2, flushCache_()=0, getValidTxns_(long)=0}
2024-04-24T00:55:45,388  INFO [main] ql.Driver: Completed compiling command(queryId=alex_20240424005545_c8043323-0726-4a64-8350-817c8d9483bc); Time taken: 0.01 seconds
2024-04-24T00:55:45,389  INFO [main] lockmgr.DbTxnManager: Setting lock request transaction to txnid:27 for queryId=alex_20240424005545_c8043323-0726-4a64-8350-817c8d9483bc
2024-04-24T00:55:45,389  INFO [main] lockmgr.DbLockManager: Requesting lock for queryId=alex_20240424005545_c8043323-0726-4a64-8350-817c8d9483bc
2024-04-24T00:55:45,406  INFO [main] lockmgr.DbLockManager: Response to queryId=alex_20240424005545_c8043323-0726-4a64-8350-817c8d9483bc LockResponse(lockid:16, state:ACQUIRED)
2024-04-24T00:55:45,406  INFO [main] ql.Driver: Operation DROPTABLE obtained 1 locks
2024-04-24T00:55:45,406  INFO [main] ql.Driver: Executing command(queryId=alex_20240424005545_c8043323-0726-4a64-8350-817c8d9483bc): drop table if exists acidTblPart
2024-04-24T00:55:45,406  INFO [main] ql.Driver: Starting task [Stage-0:DDL] in serial mode
2024-04-24T00:55:45,406  INFO [main] HiveMetaStore.audit: ugi=alex	ip=unknown-ip-addr	cmd=get_table : tbl=hive.default.acidTblPart	
2024-04-24T00:55:45,414  INFO [main] metastore.HMSHandler: Skipping translation for processor with null
2024-04-24T00:55:45,415  INFO [main] HiveMetaStore.audit: ugi=alex	ip=unknown-ip-addr	cmd=get_table : tbl=hive.default.acidTblPart	
2024-04-24T00:55:45,425  INFO [main] metastore.HMSHandler: Skipping translation for processor with null
2024-04-24T00:55:45,425  INFO [main] HiveMetaStore.audit: ugi=alex	ip=unknown-ip-addr	cmd=drop_table : tbl=hive.default.acidTblPart	
2024-04-24T00:55:45,477  INFO [main] metadata.Hive: Dumping metastore api call timing information for : execution phase
2024-04-24T00:55:45,478  INFO [main] metadata.Hive: Total time spent in each metastore function (ms): {isCompatibleWith_(Configuration)=0, getTable_(GetTableRequest)=8, dropTable_(String, String, boolean, boolean, boolean)=63}
2024-04-24T00:55:45,478  INFO [main] ql.Driver: Completed executing command(queryId=alex_20240424005545_c8043323-0726-4a64-8350-817c8d9483bc); Time taken: 0.071 seconds
2024-04-24T00:55:45,478  INFO [main] lockmgr.DbTxnManager: Stopped heartbeat for query: alex_20240424005545_c8043323-0726-4a64-8350-817c8d9483bc
2024-04-24T00:55:45,482  INFO [main] txn.TxnHandler: Expected to move at least one record from txn_components to completed_txn_components when committing txn! txnid:27
2024-04-24T00:55:45,487  INFO [main] txn.TxnHandler: Removed transactions: ([27]) from MIN_HISTORY_LEVEL
2024-04-24T00:55:45,488  WARN [main] txn.CompactionTxnHandler: No compaction queue record found for Compaction type transaction commit. txnId:27
2024-04-24T00:55:45,488  INFO [main] ql.TxnCommandsBaseForTests: Running the query: drop table if exists acidTbl2
2024-04-24T00:55:45,489  INFO [main] ql.Driver: Compiling command(queryId=alex_20240424005545_ccd2b2ed-9312-4d43-a720-288c866248ae): drop table if exists acidTbl2
2024-04-24T00:55:45,491  INFO [main] txn.TxnHandler: Added entries to MIN_HISTORY_LEVEL for current txns: ([28]) with min_open_txn: 24
2024-04-24T00:55:45,491  INFO [main] lockmgr.DbTxnManager: Opened txnid:28
2024-04-24T00:55:45,492  INFO [main] ql.Driver: Semantic Analysis Completed (retrial = false)
2024-04-24T00:55:45,492  INFO [main] ql.Driver: Created Hive schema: Schema(fieldSchemas:null, properties:null)
2024-04-24T00:55:45,492  INFO [main] metadata.Hive: Dumping metastore api call timing information for : compilation phase
2024-04-24T00:55:45,492  INFO [main] metadata.Hive: Total time spent in each metastore function (ms): {commitTxn_(CommitTxnRequest)=10, isCompatibleWith_(Configuration)=0, getValidTxns_(long)=1, getTable_(GetTableRequest)=0, flushCache_()=0, openTxn_(String, TxnType)=2}
2024-04-24T00:55:45,492  INFO [main] ql.Driver: Completed compiling command(queryId=alex_20240424005545_ccd2b2ed-9312-4d43-a720-288c866248ae); Time taken: 0.004 seconds
2024-04-24T00:55:45,492  INFO [main] lockmgr.DbTxnManager: Setting lock request transaction to txnid:28 for queryId=alex_20240424005545_ccd2b2ed-9312-4d43-a720-288c866248ae
2024-04-24T00:55:45,493  INFO [main] ql.Driver: Operation DROPTABLE obtained 0 locks
2024-04-24T00:55:45,493  INFO [main] ql.Driver: Executing command(queryId=alex_20240424005545_ccd2b2ed-9312-4d43-a720-288c866248ae): drop table if exists acidTbl2
2024-04-24T00:55:45,493  INFO [main] ql.Driver: Starting task [Stage-0:DDL] in serial mode
2024-04-24T00:55:45,493  INFO [main] metadata.SessionHiveMetaStoreClient: Column stats doesn't exist for db=default temp table=acidTbl2
2024-04-24T00:55:45,493  INFO [main] metadata.Hive: Dumping metastore api call timing information for : execution phase
2024-04-24T00:55:45,494  INFO [main] metadata.Hive: Total time spent in each metastore function (ms): {isCompatibleWith_(Configuration)=0, getTable_(GetTableRequest)=0, dropTable_(String, String, boolean, boolean, boolean)=0}
2024-04-24T00:55:45,494  INFO [main] ql.Driver: Completed executing command(queryId=alex_20240424005545_ccd2b2ed-9312-4d43-a720-288c866248ae); Time taken: 0.0 seconds
2024-04-24T00:55:45,494  INFO [main] lockmgr.DbTxnManager: Stopped heartbeat for query: alex_20240424005545_ccd2b2ed-9312-4d43-a720-288c866248ae
2024-04-24T00:55:45,498  INFO [main] txn.TxnHandler: Expected to move at least one record from txn_components to completed_txn_components when committing txn! txnid:28
2024-04-24T00:55:45,504  INFO [main] txn.TxnHandler: Removed transactions: ([28]) from MIN_HISTORY_LEVEL
2024-04-24T00:55:45,504  WARN [main] txn.CompactionTxnHandler: No compaction queue record found for Compaction type transaction commit. txnId:28
2024-04-24T00:55:45,504  INFO [main] ql.TxnCommandsBaseForTests: Running the query: drop table if exists nonAcidOrcTbl
2024-04-24T00:55:45,505  INFO [main] ql.Driver: Compiling command(queryId=alex_20240424005545_52141f0f-6ab5-45a5-8abb-67097f2b0bdf): drop table if exists nonAcidOrcTbl
2024-04-24T00:55:45,507  INFO [main] txn.TxnHandler: Added entries to MIN_HISTORY_LEVEL for current txns: ([29]) with min_open_txn: 24
2024-04-24T00:55:45,507  INFO [main] lockmgr.DbTxnManager: Opened txnid:29
2024-04-24T00:55:45,508  INFO [main] HiveMetaStore.audit: ugi=alex	ip=unknown-ip-addr	cmd=get_table : tbl=hive.default.nonAcidOrcTbl	
2024-04-24T00:55:45,527  INFO [main] metastore.HMSHandler: Skipping translation for processor with null
2024-04-24T00:55:45,527  INFO [main] ql.Driver: Semantic Analysis Completed (retrial = false)
2024-04-24T00:55:45,527  INFO [main] ql.Driver: Created Hive schema: Schema(fieldSchemas:null, properties:null)
2024-04-24T00:55:45,527  INFO [main] metadata.Hive: Dumping metastore api call timing information for : compilation phase
2024-04-24T00:55:45,527  INFO [main] metadata.Hive: Total time spent in each metastore function (ms): {openTxn_(String, TxnType)=2, getValidTxns_(long)=0, getTable_(GetTableRequest)=20, isCompatibleWith_(Configuration)=0, commitTxn_(CommitTxnRequest)=10, flushCache_()=0}
2024-04-24T00:55:45,528  INFO [main] ql.Driver: Completed compiling command(queryId=alex_20240424005545_52141f0f-6ab5-45a5-8abb-67097f2b0bdf); Time taken: 0.022 seconds
2024-04-24T00:55:45,528  INFO [main] lockmgr.DbTxnManager: Setting lock request transaction to txnid:29 for queryId=alex_20240424005545_52141f0f-6ab5-45a5-8abb-67097f2b0bdf
2024-04-24T00:55:45,528  INFO [main] lockmgr.DbLockManager: Requesting lock for queryId=alex_20240424005545_52141f0f-6ab5-45a5-8abb-67097f2b0bdf
2024-04-24T00:55:45,542  INFO [main] lockmgr.DbLockManager: Response to queryId=alex_20240424005545_52141f0f-6ab5-45a5-8abb-67097f2b0bdf LockResponse(lockid:17, state:ACQUIRED)
2024-04-24T00:55:45,542  INFO [main] ql.Driver: Operation DROPTABLE obtained 1 locks
2024-04-24T00:55:45,542  INFO [main] ql.Driver: Executing command(queryId=alex_20240424005545_52141f0f-6ab5-45a5-8abb-67097f2b0bdf): drop table if exists nonAcidOrcTbl
2024-04-24T00:55:45,542  INFO [main] ql.Driver: Starting task [Stage-0:DDL] in serial mode
2024-04-24T00:55:45,543  INFO [main] HiveMetaStore.audit: ugi=alex	ip=unknown-ip-addr	cmd=get_table : tbl=hive.default.nonAcidOrcTbl	
2024-04-24T00:55:45,560  INFO [main] metastore.HMSHandler: Skipping translation for processor with null
2024-04-24T00:55:45,560  INFO [main] HiveMetaStore.audit: ugi=alex	ip=unknown-ip-addr	cmd=get_table : tbl=hive.default.nonAcidOrcTbl	
2024-04-24T00:55:45,568  INFO [main] metastore.HMSHandler: Skipping translation for processor with null
2024-04-24T00:55:45,569  INFO [main] HiveMetaStore.audit: ugi=alex	ip=unknown-ip-addr	cmd=drop_table : tbl=hive.default.nonAcidOrcTbl	
2024-04-24T00:55:45,653  INFO [main] metadata.Hive: Dumping metastore api call timing information for : execution phase
2024-04-24T00:55:45,653  INFO [main] metadata.Hive: Total time spent in each metastore function (ms): {isCompatibleWith_(Configuration)=0, dropTable_(String, String, boolean, boolean, boolean)=93, getTable_(GetTableRequest)=18}
2024-04-24T00:55:45,654  INFO [main] ql.Driver: Completed executing command(queryId=alex_20240424005545_52141f0f-6ab5-45a5-8abb-67097f2b0bdf); Time taken: 0.111 seconds
2024-04-24T00:55:45,654  INFO [main] lockmgr.DbTxnManager: Stopped heartbeat for query: alex_20240424005545_52141f0f-6ab5-45a5-8abb-67097f2b0bdf
2024-04-24T00:55:45,657  INFO [main] txn.TxnHandler: Expected to move at least one record from txn_components to completed_txn_components when committing txn! txnid:29
2024-04-24T00:55:45,663  INFO [main] txn.TxnHandler: Removed transactions: ([29]) from MIN_HISTORY_LEVEL
2024-04-24T00:55:45,663  WARN [main] txn.CompactionTxnHandler: No compaction queue record found for Compaction type transaction commit. txnId:29
2024-04-24T00:55:45,664  INFO [main] ql.TxnCommandsBaseForTests: Running the query: drop table if exists nonAcidOrcTbl2
2024-04-24T00:55:45,664  INFO [main] ql.Driver: Compiling command(queryId=alex_20240424005545_febb2edb-35b8-4a51-b49f-5ebeb5e9e073): drop table if exists nonAcidOrcTbl2
2024-04-24T00:55:45,666  INFO [main] txn.TxnHandler: Added entries to MIN_HISTORY_LEVEL for current txns: ([30]) with min_open_txn: 24
2024-04-24T00:55:45,667  INFO [main] lockmgr.DbTxnManager: Opened txnid:30
2024-04-24T00:55:45,667  INFO [main] HiveMetaStore.audit: ugi=alex	ip=unknown-ip-addr	cmd=get_table : tbl=hive.default.nonAcidOrcTbl2	
2024-04-24T00:55:45,676  INFO [main] metastore.HMSHandler: Skipping translation for processor with null
2024-04-24T00:55:45,676  INFO [main] ql.Driver: Semantic Analysis Completed (retrial = false)
2024-04-24T00:55:45,676  INFO [main] ql.Driver: Created Hive schema: Schema(fieldSchemas:null, properties:null)
2024-04-24T00:55:45,676  INFO [main] metadata.Hive: Dumping metastore api call timing information for : compilation phase
2024-04-24T00:55:45,676  INFO [main] metadata.Hive: Total time spent in each metastore function (ms): {openTxn_(String, TxnType)=2, flushCache_()=0, getTable_(GetTableRequest)=9, commitTxn_(CommitTxnRequest)=10, getValidTxns_(long)=0, isCompatibleWith_(Configuration)=1}
2024-04-24T00:55:45,677  INFO [main] ql.Driver: Completed compiling command(queryId=alex_20240424005545_febb2edb-35b8-4a51-b49f-5ebeb5e9e073); Time taken: 0.012 seconds
2024-04-24T00:55:45,677  INFO [main] lockmgr.DbTxnManager: Setting lock request transaction to txnid:30 for queryId=alex_20240424005545_febb2edb-35b8-4a51-b49f-5ebeb5e9e073
2024-04-24T00:55:45,677  INFO [main] lockmgr.DbLockManager: Requesting lock for queryId=alex_20240424005545_febb2edb-35b8-4a51-b49f-5ebeb5e9e073
2024-04-24T00:55:45,692  INFO [main] lockmgr.DbLockManager: Response to queryId=alex_20240424005545_febb2edb-35b8-4a51-b49f-5ebeb5e9e073 LockResponse(lockid:18, state:ACQUIRED)
2024-04-24T00:55:45,692  INFO [main] ql.Driver: Operation DROPTABLE obtained 1 locks
2024-04-24T00:55:45,692  INFO [main] ql.Driver: Executing command(queryId=alex_20240424005545_febb2edb-35b8-4a51-b49f-5ebeb5e9e073): drop table if exists nonAcidOrcTbl2
2024-04-24T00:55:45,692  INFO [main] ql.Driver: Starting task [Stage-0:DDL] in serial mode
2024-04-24T00:55:45,692  INFO [main] HiveMetaStore.audit: ugi=alex	ip=unknown-ip-addr	cmd=get_table : tbl=hive.default.nonAcidOrcTbl2	
2024-04-24T00:55:45,701  INFO [main] metastore.HMSHandler: Skipping translation for processor with null
2024-04-24T00:55:45,701  INFO [main] HiveMetaStore.audit: ugi=alex	ip=unknown-ip-addr	cmd=get_table : tbl=hive.default.nonAcidOrcTbl2	
2024-04-24T00:55:45,709  INFO [main] metastore.HMSHandler: Skipping translation for processor with null
2024-04-24T00:55:45,710  INFO [main] HiveMetaStore.audit: ugi=alex	ip=unknown-ip-addr	cmd=drop_table : tbl=hive.default.nonAcidOrcTbl2	
2024-04-24T00:55:45,740  INFO [main] metadata.Hive: Dumping metastore api call timing information for : execution phase
2024-04-24T00:55:45,740  INFO [main] metadata.Hive: Total time spent in each metastore function (ms): {dropTable_(String, String, boolean, boolean, boolean)=39, getTable_(GetTableRequest)=9, isCompatibleWith_(Configuration)=0}
2024-04-24T00:55:45,740  INFO [main] ql.Driver: Completed executing command(queryId=alex_20240424005545_febb2edb-35b8-4a51-b49f-5ebeb5e9e073); Time taken: 0.048 seconds
2024-04-24T00:55:45,740  INFO [main] lockmgr.DbTxnManager: Stopped heartbeat for query: alex_20240424005545_febb2edb-35b8-4a51-b49f-5ebeb5e9e073
2024-04-24T00:55:45,744  INFO [main] txn.TxnHandler: Expected to move at least one record from txn_components to completed_txn_components when committing txn! txnid:30
2024-04-24T00:55:45,750  INFO [main] txn.TxnHandler: Removed transactions: ([30]) from MIN_HISTORY_LEVEL
2024-04-24T00:55:45,750  WARN [main] txn.CompactionTxnHandler: No compaction queue record found for Compaction type transaction commit. txnId:30
2024-04-24T00:55:45,750  INFO [main] ql.TxnCommandsBaseForTests: Running the query: drop table if exists nonAcidNonBucket
2024-04-24T00:55:45,751  INFO [main] ql.Driver: Compiling command(queryId=alex_20240424005545_e09462ae-eda7-4f28-a430-70b1bfea45c4): drop table if exists nonAcidNonBucket
2024-04-24T00:55:45,753  INFO [main] txn.TxnHandler: Added entries to MIN_HISTORY_LEVEL for current txns: ([31]) with min_open_txn: 24
2024-04-24T00:55:45,753  INFO [main] lockmgr.DbTxnManager: Opened txnid:31
2024-04-24T00:55:45,754  INFO [main] HiveMetaStore.audit: ugi=alex	ip=unknown-ip-addr	cmd=get_table : tbl=hive.default.nonAcidNonBucket	
2024-04-24T00:55:45,762  INFO [main] metastore.HMSHandler: Skipping translation for processor with null
2024-04-24T00:55:45,762  INFO [main] ql.Driver: Semantic Analysis Completed (retrial = false)
2024-04-24T00:55:45,762  INFO [main] ql.Driver: Created Hive schema: Schema(fieldSchemas:null, properties:null)
2024-04-24T00:55:45,762  INFO [main] metadata.Hive: Dumping metastore api call timing information for : compilation phase
2024-04-24T00:55:45,762  INFO [main] metadata.Hive: Total time spent in each metastore function (ms): {openTxn_(String, TxnType)=2, commitTxn_(CommitTxnRequest)=9, getTable_(GetTableRequest)=8, getValidTxns_(long)=1, isCompatibleWith_(Configuration)=1, flushCache_()=0}
2024-04-24T00:55:45,763  INFO [main] ql.Driver: Completed compiling command(queryId=alex_20240424005545_e09462ae-eda7-4f28-a430-70b1bfea45c4); Time taken: 0.011 seconds
2024-04-24T00:55:45,763  INFO [main] lockmgr.DbTxnManager: Setting lock request transaction to txnid:31 for queryId=alex_20240424005545_e09462ae-eda7-4f28-a430-70b1bfea45c4
2024-04-24T00:55:45,763  INFO [main] lockmgr.DbLockManager: Requesting lock for queryId=alex_20240424005545_e09462ae-eda7-4f28-a430-70b1bfea45c4
2024-04-24T00:55:45,777  INFO [main] lockmgr.DbLockManager: Response to queryId=alex_20240424005545_e09462ae-eda7-4f28-a430-70b1bfea45c4 LockResponse(lockid:19, state:ACQUIRED)
2024-04-24T00:55:45,777  INFO [main] ql.Driver: Operation DROPTABLE obtained 1 locks
2024-04-24T00:55:45,777  INFO [main] ql.Driver: Executing command(queryId=alex_20240424005545_e09462ae-eda7-4f28-a430-70b1bfea45c4): drop table if exists nonAcidNonBucket
2024-04-24T00:55:45,777  INFO [main] ql.Driver: Starting task [Stage-0:DDL] in serial mode
2024-04-24T00:55:45,777  INFO [main] HiveMetaStore.audit: ugi=alex	ip=unknown-ip-addr	cmd=get_table : tbl=hive.default.nonAcidNonBucket	
2024-04-24T00:55:45,786  INFO [main] metastore.HMSHandler: Skipping translation for processor with null
2024-04-24T00:55:45,786  INFO [main] HiveMetaStore.audit: ugi=alex	ip=unknown-ip-addr	cmd=get_table : tbl=hive.default.nonAcidNonBucket	
2024-04-24T00:55:45,794  INFO [main] metastore.HMSHandler: Skipping translation for processor with null
2024-04-24T00:55:45,794  INFO [main] HiveMetaStore.audit: ugi=alex	ip=unknown-ip-addr	cmd=drop_table : tbl=hive.default.nonAcidNonBucket	
2024-04-24T00:55:45,835  INFO [main] metadata.Hive: Dumping metastore api call timing information for : execution phase
2024-04-24T00:55:45,835  INFO [main] metadata.Hive: Total time spent in each metastore function (ms): {getTable_(GetTableRequest)=9, dropTable_(String, String, boolean, boolean, boolean)=48, isCompatibleWith_(Configuration)=0}
2024-04-24T00:55:45,835  INFO [main] ql.Driver: Completed executing command(queryId=alex_20240424005545_e09462ae-eda7-4f28-a430-70b1bfea45c4); Time taken: 0.058 seconds
2024-04-24T00:55:45,835  INFO [main] lockmgr.DbTxnManager: Stopped heartbeat for query: alex_20240424005545_e09462ae-eda7-4f28-a430-70b1bfea45c4
2024-04-24T00:55:45,839  INFO [main] txn.TxnHandler: Expected to move at least one record from txn_components to completed_txn_components when committing txn! txnid:31
2024-04-24T00:55:45,844  INFO [main] txn.TxnHandler: Removed transactions: ([31]) from MIN_HISTORY_LEVEL
2024-04-24T00:55:45,844  WARN [main] txn.CompactionTxnHandler: No compaction queue record found for Compaction type transaction commit. txnId:31
2024-04-24T00:55:45,845  INFO [main] utils.TestTxnDbUtil: Cleaning transactional tables
]]></system-err>
  </testcase>
  <testcase name="testInsertOverwriteToAcidWithUnionRemove" classname="org.apache.hadoop.hive.ql.TestTxnNoBucketsVectorized" time="2.028"/>
  <testcase name="testCtasBucketed" classname="org.apache.hadoop.hive.ql.TestTxnNoBucketsVectorized" time="3.031"/>
</testsuite>