<?xml version="1.0" encoding="UTF-8"?>
<testsuite xmlns:xsi="http://www.w3.org/2001/XMLSchema-instance" xsi:noNamespaceSchemaLocation="https://maven.apache.org/surefire/maven-surefire-plugin/xsd/surefire-test-report-3.0.xsd" version="3.0" name="org.apache.hadoop.hive.ql.TestTxnNoBuckets" time="172.165" tests="15" errors="5" skipped="0" failures="0">
  <properties>
    <property name="build.test.dir" value="/home/alex/Repositories/hive/ql/target/tmp"/>
    <property name="awt.toolkit" value="sun.awt.X11.XToolkit"/>
    <property name="test.tmp.dir.uri" value="file:///home/alex/Repositories/hive/ql/target/tmp"/>
    <property name="java.specification.version" value="1.8"/>
    <property name="qfile" value=""/>
    <property name="test.warehouse.dir" value="pfile:///home/alex/Repositories/hive/ql/target/warehouse"/>
    <property name="sun.cpu.isalist" value=""/>
    <property name="sun.jnu.encoding" value="UTF-8"/>
    <property name="run_disabled" value=""/>
    <property name="nondexPrintstack" value="false"/>
    <property name="sun.arch.data.model" value="64"/>
    <property name="java.vendor.url" value="http://java.oracle.com/"/>
    <property name="user.country.format" value="PT"/>
    <property name="test.tmp.dir" value="/home/alex/Repositories/hive/ql/target/tmp"/>
    <property name="sun.boot.library.path" value="/usr/lib/jvm/java-8-openjdk-amd64/jre/lib/amd64"/>
    <property name="sun.java.command" value="/home/alex/Repositories/hive/ql/target/surefire/surefirebooter7754089515665209170.jar /home/alex/Repositories/hive/ql/target/surefire 2024-04-23T21-59-46_173-jvmRun1 surefire8093334438062188594tmp surefire_23085248799239775364982tmp"/>
    <property name="nondexExecid" value="oUi5h03YaAsr1zYbyWcL7OlHtDlCKFQ0UmQw8pMP1CI="/>
    <property name="java.specification.vendor" value="Oracle Corporation"/>
    <property name="java.home" value="/usr/lib/jvm/java-8-openjdk-amd64/jre"/>
    <property name="basedir" value="/home/alex/Repositories/hive/ql"/>
    <property name="file.separator" value="/"/>
    <property name="nondexEnd" value="9223372036854775807"/>
    <property name="line.separator" value="&#10;"/>
    <property name="java.specification.name" value="Java Platform API Specification"/>
    <property name="java.vm.specification.vendor" value="Oracle Corporation"/>
    <property name="derby.stream.error.file" value="/home/alex/Repositories/hive/ql/target/tmp/derby.log"/>
    <property name="log4j.debug" value="true"/>
    <property name="sun.boot.class.path" value="/home/alex/Repositories/hive/ql/.nondex/nondex-instr.jar:/home/alex/.m2/repository/edu/illinois/nondex-common/2.1.7/nondex-common-2.1.7.jar:/home/alex/.m2/repository/edu/illinois/nondex-annotations/2.1.7/nondex-annotations-2.1.7.jar:/usr/lib/jvm/java-8-openjdk-amd64/jre/lib/resources.jar:/usr/lib/jvm/java-8-openjdk-amd64/jre/lib/rt.jar:/usr/lib/jvm/java-8-openjdk-amd64/jre/lib/sunrsasign.jar:/usr/lib/jvm/java-8-openjdk-amd64/jre/lib/jsse.jar:/usr/lib/jvm/java-8-openjdk-amd64/jre/lib/jce.jar:/usr/lib/jvm/java-8-openjdk-amd64/jre/lib/charsets.jar:/usr/lib/jvm/java-8-openjdk-amd64/jre/lib/jfr.jar:/usr/lib/jvm/java-8-openjdk-amd64/jre/classes"/>
    <property name="sun.management.compiler" value="HotSpot 64-Bit Tiered Compilers"/>
    <property name="spark.home" value=""/>
    <property name="java.runtime.version" value="1.8.0_402-8u402-ga-2ubuntu1~22.04-b06"/>
    <property name="user.name" value="alex"/>
    <property name="test.src.tables" value=""/>
    <property name="file.encoding" value="UTF-8"/>
    <property name="qfile_regex" value=""/>
    <property name="hadoop.bin.path" value="/home/alex/Repositories/hive/ql/../testutils/hadoop"/>
    <property name="localRepository" value="/home/alex/.m2/repository"/>
    <property name="build.dir" value="/home/alex/Repositories/hive/ql/target"/>
    <property name="nondexDir" value="/home/alex/Repositories/hive/ql/.nondex"/>
    <property name="mapred.job.tracker" value="local"/>
    <property name="nondexJarDir" value="/home/alex/Repositories/hive/ql/.nondex"/>
    <property name="java.io.tmpdir" value="/home/alex/Repositories/hive/ql/target/tmp"/>
    <property name="com.zaxxer.hikari.pool_number" value="3"/>
    <property name="java.version" value="1.8.0_402"/>
    <property name="hive.version" value="4.0.0-SNAPSHOT"/>
    <property name="java.vm.specification.name" value="Java Virtual Machine Specification"/>
    <property name="java.awt.printerjob" value="sun.print.PSPrinterJob"/>
    <property name="sun.os.patch.level" value="unknown"/>
    <property name="java.library.path" value="/usr/java/packages/lib/amd64:/usr/lib/x86_64-linux-gnu/jni:/lib/x86_64-linux-gnu:/usr/lib/x86_64-linux-gnu:/usr/lib/jni:/lib:/usr/lib"/>
    <property name="test.data.dir" value="/home/alex/Repositories/hive/ql/../data/files"/>
    <property name="java.vendor" value="Private Build"/>
    <property name="java.specification.maintenance.version" value="5"/>
    <property name="sun.io.unicode.encoding" value="UnicodeLittle"/>
    <property name="initScript" value=""/>
    <property name="sun.desktop" value="gnome"/>
    <property name="calcite.enable.rexnode.digest.normalize" value="false"/>
    <property name="nondexStart" value="0"/>
    <property name="file.encoding.pkg" value="sun.io"/>
    <property name="log4j.configurationFile" value="file:///home/alex/Repositories/hive/ql/target/testconf/hive-log4j2.properties"/>
    <property name="java.class.path" value="/home/alex/Repositories/hive/ql/target/test-classes:/home/alex/Repositories/hive/ql/target/classes:/home/alex/.m2/repository/org/apache/atlas/atlas-client-v2/2.1.0/atlas-client-v2-2.1.0.jar:/home/alex/.m2/repository/cglib/cglib/2.2.2/cglib-2.2.2.jar:/home/alex/.m2/repository/asm/asm/3.3.1/asm-3.3.1.jar:/home/alex/.m2/repository/org/apache/atlas/atlas-client-common/2.1.0/atlas-client-common-2.1.0.jar:/home/alex/.m2/repository/org/apache/httpcomponents/httpclient/4.5.13/httpclient-4.5.13.jar:/home/alex/.m2/repository/com/sun/jersey/jersey-client/1.19/jersey-client-1.19.jar:/home/alex/.m2/repository/org/apache/atlas/atlas-intg/2.1.0/atlas-intg-2.1.0.jar:/home/alex/.m2/repository/commons-collections/commons-collections/3.2.2/commons-collections-3.2.2.jar:/home/alex/.m2/repository/commons-validator/commons-validator/1.6/commons-validator-1.6.jar:/home/alex/.m2/repository/commons-digester/commons-digester/1.8.1/commons-digester-1.8.1.jar:/home/alex/.m2/repository/com/fasterxml/jackson/jaxrs/jackson-jaxrs-base/2.12.0/jackson-jaxrs-base-2.12.0.jar:/home/alex/.m2/repository/com/fasterxml/jackson/jaxrs/jackson-jaxrs-json-provider/2.12.0/jackson-jaxrs-json-provider-2.12.0.jar:/home/alex/.m2/repository/javax/inject/javax.inject/1/javax.inject-1.jar:/home/alex/.m2/repository/org/springframework/spring-context/4.3.20.RELEASE/spring-context-4.3.20.RELEASE.jar:/home/alex/.m2/repository/org/springframework/spring-aop/4.3.20.RELEASE/spring-aop-4.3.20.RELEASE.jar:/home/alex/.m2/repository/org/springframework/spring-beans/4.3.20.RELEASE/spring-beans-4.3.20.RELEASE.jar:/home/alex/.m2/repository/org/springframework/spring-core/4.3.20.RELEASE/spring-core-4.3.20.RELEASE.jar:/home/alex/.m2/repository/org/springframework/spring-expression/4.3.20.RELEASE/spring-expression-4.3.20.RELEASE.jar:/home/alex/.m2/repository/commons-configuration/commons-configuration/1.10/commons-configuration-1.10.jar:/home/alex/.m2/repository/commons-lang/commons-lang/2.6/commons-lang-2.6.jar:/home/alex/.m2/repository/commons-logging/commons-logging/1.1.1/commons-logging-1.1.1.jar:/home/alex/.m2/repository/org/apache/commons/commons-math3/3.6.1/commons-math3-3.6.1.jar:/home/alex/Repositories/hive/vector-code-gen/target/classes:/home/alex/.m2/repository/org/apache/velocity/velocity/1.5/velocity-1.5.jar:/home/alex/Repositories/hive/common/target/classes:/home/alex/Repositories/hive/classification/target/classes:/home/alex/Repositories/hive/standalone-metastore/metastore-common/target/classes:/home/alex/.m2/repository/commons-cli/commons-cli/1.4/commons-cli-1.4.jar:/home/alex/.m2/repository/org/apache/orc/orc-core/1.6.9/orc-core-1.6.9.jar:/home/alex/.m2/repository/org/apache/orc/orc-shims/1.6.9/orc-shims-1.6.9.jar:/home/alex/.m2/repository/io/airlift/aircompressor/0.19/aircompressor-0.19.jar:/home/alex/.m2/repository/org/jetbrains/annotations/17.0.0/annotations-17.0.0.jar:/home/alex/.m2/repository/org/threeten/threeten-extra/1.5.0/threeten-extra-1.5.0.jar:/home/alex/.m2/repository/jline/jline/2.14.6/jline-2.14.6.jar:/home/alex/.m2/repository/javax/servlet/javax.servlet-api/3.1.0/javax.servlet-api-3.1.0.jar:/home/alex/.m2/repository/org/eclipse/jetty/jetty-http/9.3.27.v20190418/jetty-http-9.3.27.v20190418.jar:/home/alex/.m2/repository/org/eclipse/jetty/jetty-rewrite/9.3.27.v20190418/jetty-rewrite-9.3.27.v20190418.jar:/home/alex/.m2/repository/org/eclipse/jetty/jetty-client/9.3.27.v20190418/jetty-client-9.3.27.v20190418.jar:/home/alex/.m2/repository/org/eclipse/jetty/jetty-server/9.3.27.v20190418/jetty-server-9.3.27.v20190418.jar:/home/alex/.m2/repository/org/eclipse/jetty/jetty-io/9.3.27.v20190418/jetty-io-9.3.27.v20190418.jar:/home/alex/.m2/repository/org/eclipse/jetty/jetty-servlet/9.3.27.v20190418/jetty-servlet-9.3.27.v20190418.jar:/home/alex/.m2/repository/org/eclipse/jetty/jetty-security/9.3.27.v20190418/jetty-security-9.3.27.v20190418.jar:/home/alex/.m2/repository/org/eclipse/jetty/jetty-webapp/9.3.27.v20190418/jetty-webapp-9.3.27.v20190418.jar:/home/alex/.m2/repository/org/eclipse/jetty/jetty-xml/9.3.27.v20190418/jetty-xml-9.3.27.v20190418.jar:/home/alex/.m2/repository/joda-time/joda-time/2.9.9/joda-time-2.9.9.jar:/home/alex/.m2/repository/org/apache/logging/log4j/log4j-web/2.13.2/log4j-web-2.13.2.jar:/home/alex/.m2/repository/net/sf/jpam/jpam/1.1/jpam-1.1.jar:/home/alex/.m2/repository/io/dropwizard/metrics/metrics-core/3.1.0/metrics-core-3.1.0.jar:/home/alex/.m2/repository/io/dropwizard/metrics/metrics-jvm/3.1.0/metrics-jvm-3.1.0.jar:/home/alex/.m2/repository/io/dropwizard/metrics/metrics-json/3.1.0/metrics-json-3.1.0.jar:/home/alex/.m2/repository/com/github/joshelser/dropwizard-metrics-hadoop-metrics2-reporter/0.1.2/dropwizard-metrics-hadoop-metrics2-reporter-0.1.2.jar:/home/alex/Repositories/hive/metastore/target/classes:/home/alex/.m2/repository/org/apache/derby/derby/10.14.1.0/derby-10.14.1.0.jar:/home/alex/Repositories/hive/serde/target/classes:/home/alex/.m2/repository/com/google/code/findbugs/jsr305/3.0.0/jsr305-3.0.0.jar:/home/alex/.m2/repository/org/apache/arrow/arrow-vector/0.15.1/arrow-vector-0.15.1.jar:/home/alex/.m2/repository/org/apache/arrow/arrow-format/0.15.1/arrow-format-0.15.1.jar:/home/alex/.m2/repository/org/apache/arrow/arrow-memory/0.15.1/arrow-memory-0.15.1.jar:/home/alex/.m2/repository/com/google/flatbuffers/flatbuffers-java/1.9.0/flatbuffers-java-1.9.0.jar:/home/alex/.m2/repository/com/carrotsearch/hppc/0.7.2/hppc-0.7.2.jar:/home/alex/.m2/repository/com/github/davidmoten/flatbuffers-java/1.6.0.1/flatbuffers-java-1.6.0.1.jar:/home/alex/Repositories/hive/parser/target/classes:/home/alex/Repositories/hive/udf/target/classes:/home/alex/Repositories/hive/service-rpc/target/classes:/home/alex/Repositories/hive/llap-client/target/classes:/home/alex/Repositories/hive/llap-common/target/classes:/home/alex/.m2/repository/io/jsonwebtoken/jjwt-api/0.10.5/jjwt-api-0.10.5.jar:/home/alex/.m2/repository/io/jsonwebtoken/jjwt-impl/0.10.5/jjwt-impl-0.10.5.jar:/home/alex/.m2/repository/io/jsonwebtoken/jjwt-jackson/0.10.5/jjwt-jackson-0.10.5.jar:/home/alex/Repositories/hive/llap-tez/target/classes:/home/alex/Repositories/hive/shims/aggregator/target/classes:/home/alex/Repositories/hive/shims/common/target/classes:/home/alex/Repositories/hive/shims/0.23/target/classes:/home/alex/.m2/repository/org/apache/hadoop/hadoop-yarn-server-resourcemanager/3.1.0/hadoop-yarn-server-resourcemanager-3.1.0.jar:/home/alex/.m2/repository/org/apache/hadoop/hadoop-yarn-server-applicationhistoryservice/3.1.0/hadoop-yarn-server-applicationhistoryservice-3.1.0.jar:/home/alex/.m2/repository/de/ruedigermoeller/fst/2.50/fst-2.50.jar:/home/alex/.m2/repository/com/cedarsoftware/java-util/1.9.0/java-util-1.9.0.jar:/home/alex/.m2/repository/com/cedarsoftware/json-io/2.5.1/json-io-2.5.1.jar:/home/alex/Repositories/hive/shims/scheduler/target/classes:/home/alex/Repositories/hive/spark-client/target/classes:/home/alex/.m2/repository/io/netty/netty-all/4.1.65.Final/netty-all-4.1.65.Final.jar:/home/alex/.m2/repository/com/fasterxml/jackson/module/jackson-module-scala_2.12/2.12.0/jackson-module-scala_2.12-2.12.0.jar:/home/alex/.m2/repository/org/apache/spark/spark-yarn_2.12/2.4.5/spark-yarn_2.12-2.4.5.jar:/home/alex/Repositories/hive/storage-api/target/classes:/home/alex/.m2/repository/com/amazonaws/aws-java-sdk-bundle/1.11.901/aws-java-sdk-bundle-1.11.901.jar:/home/alex/.m2/repository/com/amazonaws/secretsmanager/aws-secretsmanager-caching-java/1.0.1/aws-secretsmanager-caching-java-1.0.1.jar:/home/alex/.m2/repository/com/esotericsoftware/kryo/5.0.3/kryo-5.0.3.jar:/home/alex/.m2/repository/org/objenesis/objenesis/3.1/objenesis-3.1.jar:/home/alex/.m2/repository/com/esotericsoftware/minlog/1.3.1/minlog-1.3.1.jar:/home/alex/.m2/repository/com/esotericsoftware/reflectasm/1.11.9/reflectasm-1.11.9.jar:/home/alex/.m2/repository/com/google/protobuf/protobuf-java/2.5.0/protobuf-java-2.5.0.jar:/home/alex/.m2/repository/org/apache/hbase/hbase-common/2.0.0-alpha4/hbase-common-2.0.0-alpha4.jar:/home/alex/.m2/repository/org/apache/hbase/thirdparty/hbase-shaded-miscellaneous/1.0.1/hbase-shaded-miscellaneous-1.0.1.jar:/home/alex/.m2/repository/org/apache/htrace/htrace-core/3.2.0-incubating/htrace-core-3.2.0-incubating.jar:/home/alex/.m2/repository/org/apache/commons/commons-crypto/1.0.0/commons-crypto-1.0.0.jar:/home/alex/.m2/repository/com/github/stephenc/findbugs/findbugs-annotations/1.3.9-1/findbugs-annotations-1.3.9-1.jar:/home/alex/.m2/repository/log4j/log4j/1.2.17/log4j-1.2.17.jar:/home/alex/.m2/repository/org/apache/yetus/audience-annotations/0.5.0/audience-annotations-0.5.0.jar:/home/alex/.m2/repository/org/apache/parquet/parquet-hadoop-bundle/1.11.1/parquet-hadoop-bundle-1.11.1.jar:/home/alex/.m2/repository/commons-codec/commons-codec/1.15/commons-codec-1.15.jar:/home/alex/.m2/repository/commons-io/commons-io/2.6/commons-io-2.6.jar:/home/alex/.m2/repository/org/apache/commons/commons-collections4/4.1/commons-collections4-4.1.jar:/home/alex/.m2/repository/org/apache/commons/commons-lang3/3.9/commons-lang3-3.9.jar:/home/alex/.m2/repository/org/apache/commons/commons-text/1.8/commons-text-1.8.jar:/home/alex/.m2/repository/javolution/javolution/5.5.1/javolution-5.5.1.jar:/home/alex/.m2/repository/org/apache/logging/log4j/log4j-1.2-api/2.13.2/log4j-1.2-api-2.13.2.jar:/home/alex/.m2/repository/org/apache/logging/log4j/log4j-api/2.13.2/log4j-api-2.13.2.jar:/home/alex/.m2/repository/org/apache/logging/log4j/log4j-core/2.13.2/log4j-core-2.13.2.jar:/home/alex/.m2/repository/org/apache/logging/log4j/log4j-slf4j-impl/2.13.2/log4j-slf4j-impl-2.13.2.jar:/home/alex/.m2/repository/org/antlr/antlr-runtime/3.5.2/antlr-runtime-3.5.2.jar:/home/alex/.m2/repository/org/antlr/ST4/4.0.4/ST4-4.0.4.jar:/home/alex/.m2/repository/org/apache/avro/avro/1.8.2/avro-1.8.2.jar:/home/alex/.m2/repository/org/codehaus/jackson/jackson-core-asl/1.9.13/jackson-core-asl-1.9.13.jar:/home/alex/.m2/repository/org/codehaus/jackson/jackson-mapper-asl/1.9.13/jackson-mapper-asl-1.9.13.jar:/home/alex/.m2/repository/com/thoughtworks/paranamer/paranamer/2.8/paranamer-2.8.jar:/home/alex/.m2/repository/org/xerial/snappy/snappy-java/1.1.4/snappy-java-1.1.4.jar:/home/alex/.m2/repository/org/tukaani/xz/1.5/xz-1.5.jar:/home/alex/.m2/repository/org/apache/avro/avro-mapred/1.8.2/avro-mapred-1.8.2-hadoop2.jar:/home/alex/.m2/repository/org/apache/avro/avro-ipc/1.8.2/avro-ipc-1.8.2.jar:/home/alex/.m2/repository/org/mortbay/jetty/jetty/6.1.26/jetty-6.1.26.jar:/home/alex/.m2/repository/org/apache/ant/ant/1.9.1/ant-1.9.1.jar:/home/alex/.m2/repository/org/apache/ant/ant-launcher/1.9.1/ant-launcher-1.9.1.jar:/home/alex/.m2/repository/org/apache/commons/commons-compress/1.21/commons-compress-1.21.jar:/home/alex/.m2/repository/org/apache/thrift/libfb303/0.9.3/libfb303-0.9.3.jar:/home/alex/.m2/repository/org/apache/hadoop/hadoop-common/3.1.0/hadoop-common-3.1.0.jar:/home/alex/.m2/repository/org/apache/hadoop/hadoop-annotations/3.1.0/hadoop-annotations-3.1.0.jar:/home/alex/.m2/repository/commons-net/commons-net/3.6/commons-net-3.6.jar:/home/alex/.m2/repository/org/eclipse/jetty/jetty-util/9.3.27.v20190418/jetty-util-9.3.27.v20190418.jar:/home/alex/.m2/repository/javax/servlet/jsp/jsp-api/2.1/jsp-api-2.1.jar:/home/alex/.m2/repository/com/sun/jersey/jersey-core/1.19/jersey-core-1.19.jar:/home/alex/.m2/repository/javax/ws/rs/jsr311-api/1.1.1/jsr311-api-1.1.1.jar:/home/alex/.m2/repository/com/sun/jersey/jersey-json/1.19/jersey-json-1.19.jar:/home/alex/.m2/repository/com/sun/xml/bind/jaxb-impl/2.2.3-1/jaxb-impl-2.2.3-1.jar:/home/alex/.m2/repository/org/codehaus/jackson/jackson-jaxrs/1.9.2/jackson-jaxrs-1.9.2.jar:/home/alex/.m2/repository/org/codehaus/jackson/jackson-xc/1.9.2/jackson-xc-1.9.2.jar:/home/alex/.m2/repository/com/sun/jersey/jersey-server/1.19/jersey-server-1.19.jar:/home/alex/.m2/repository/org/apache/commons/commons-configuration2/2.1.1/commons-configuration2-2.1.1.jar:/home/alex/.m2/repository/org/apache/hadoop/hadoop-auth/3.1.0/hadoop-auth-3.1.0.jar:/home/alex/.m2/repository/com/nimbusds/nimbus-jose-jwt/4.41.1/nimbus-jose-jwt-4.41.1.jar:/home/alex/.m2/repository/com/github/stephenc/jcip/jcip-annotations/1.0-1/jcip-annotations-1.0-1.jar:/home/alex/.m2/repository/com/jcraft/jsch/0.1.54/jsch-0.1.54.jar:/home/alex/.m2/repository/org/apache/htrace/htrace-core4/4.1.0-incubating/htrace-core4-4.1.0-incubating.jar:/home/alex/.m2/repository/org/apache/kerby/kerb-simplekdc/1.0.1/kerb-simplekdc-1.0.1.jar:/home/alex/.m2/repository/org/apache/kerby/kerb-client/1.0.1/kerb-client-1.0.1.jar:/home/alex/.m2/repository/org/apache/kerby/kerby-config/1.0.1/kerby-config-1.0.1.jar:/home/alex/.m2/repository/org/apache/kerby/kerb-core/1.0.1/kerb-core-1.0.1.jar:/home/alex/.m2/repository/org/apache/kerby/kerby-pkix/1.0.1/kerby-pkix-1.0.1.jar:/home/alex/.m2/repository/org/apache/kerby/kerby-asn1/1.0.1/kerby-asn1-1.0.1.jar:/home/alex/.m2/repository/org/apache/kerby/kerby-util/1.0.1/kerby-util-1.0.1.jar:/home/alex/.m2/repository/org/apache/kerby/kerb-common/1.0.1/kerb-common-1.0.1.jar:/home/alex/.m2/repository/org/apache/kerby/kerb-crypto/1.0.1/kerb-crypto-1.0.1.jar:/home/alex/.m2/repository/org/apache/kerby/kerb-util/1.0.1/kerb-util-1.0.1.jar:/home/alex/.m2/repository/org/apache/kerby/token-provider/1.0.1/token-provider-1.0.1.jar:/home/alex/.m2/repository/org/apache/kerby/kerb-admin/1.0.1/kerb-admin-1.0.1.jar:/home/alex/.m2/repository/org/apache/kerby/kerb-server/1.0.1/kerb-server-1.0.1.jar:/home/alex/.m2/repository/org/apache/kerby/kerb-identity/1.0.1/kerb-identity-1.0.1.jar:/home/alex/.m2/repository/org/apache/kerby/kerby-xdr/1.0.1/kerby-xdr-1.0.1.jar:/home/alex/.m2/repository/org/codehaus/woodstox/stax2-api/3.1.4/stax2-api-3.1.4.jar:/home/alex/.m2/repository/com/fasterxml/woodstox/woodstox-core/5.0.3/woodstox-core-5.0.3.jar:/home/alex/.m2/repository/org/apache/hadoop/hadoop-archives/3.1.0/hadoop-archives-3.1.0.jar:/home/alex/.m2/repository/org/apache/hadoop/hadoop-yarn-registry/3.1.0/hadoop-yarn-registry-3.1.0.jar:/home/alex/.m2/repository/org/apache/curator/curator-client/4.2.0/curator-client-4.2.0.jar:/home/alex/.m2/repository/org/apache/curator/curator-recipes/4.2.0/curator-recipes-4.2.0.jar:/home/alex/.m2/repository/commons-daemon/commons-daemon/1.0.13/commons-daemon-1.0.13.jar:/home/alex/.m2/repository/dnsjava/dnsjava/2.1.7/dnsjava-2.1.7.jar:/home/alex/.m2/repository/org/apache/hadoop/hadoop-mapreduce-client-core/3.1.0/hadoop-mapreduce-client-core-3.1.0.jar:/home/alex/.m2/repository/org/apache/hadoop/hadoop-hdfs-client/3.1.0/hadoop-hdfs-client-3.1.0.jar:/home/alex/.m2/repository/com/squareup/okhttp/okhttp/2.7.5/okhttp-2.7.5.jar:/home/alex/.m2/repository/com/squareup/okio/okio/1.6.0/okio-1.6.0.jar:/home/alex/.m2/repository/com/google/inject/extensions/guice-servlet/4.0/guice-servlet-4.0.jar:/home/alex/.m2/repository/org/apache/hadoop/hadoop-mapreduce-client-common/3.1.0/hadoop-mapreduce-client-common-3.1.0.jar:/home/alex/.m2/repository/org/apache/hadoop/hadoop-hdfs/3.1.0/hadoop-hdfs-3.1.0.jar:/home/alex/.m2/repository/org/eclipse/jetty/jetty-util-ajax/9.3.19.v20170502/jetty-util-ajax-9.3.19.v20170502.jar:/home/alex/.m2/repository/org/fusesource/leveldbjni/leveldbjni-all/1.8/leveldbjni-all-1.8.jar:/home/alex/.m2/repository/org/apache/hadoop/hadoop-yarn-api/3.1.0/hadoop-yarn-api-3.1.0.jar:/home/alex/.m2/repository/javax/xml/bind/jaxb-api/2.2.11/jaxb-api-2.2.11.jar:/home/alex/.m2/repository/org/apache/hadoop/hadoop-yarn-common/3.1.0/hadoop-yarn-common-3.1.0.jar:/home/alex/.m2/repository/com/google/inject/guice/4.0/guice-4.0.jar:/home/alex/.m2/repository/aopalliance/aopalliance/1.0/aopalliance-1.0.jar:/home/alex/.m2/repository/com/sun/jersey/contribs/jersey-guice/1.19/jersey-guice-1.19.jar:/home/alex/.m2/repository/com/fasterxml/jackson/module/jackson-module-jaxb-annotations/2.12.0/jackson-module-jaxb-annotations-2.12.0.jar:/home/alex/.m2/repository/jakarta/xml/bind/jakarta.xml.bind-api/2.3.2/jakarta.xml.bind-api-2.3.2.jar:/home/alex/.m2/repository/jakarta/activation/jakarta.activation-api/1.2.1/jakarta.activation-api-1.2.1.jar:/home/alex/.m2/repository/org/apache/hadoop/hadoop-yarn-client/3.1.0/hadoop-yarn-client-3.1.0.jar:/home/alex/.m2/repository/org/apache/orc/orc-tools/1.6.9/orc-tools-1.6.9.jar:/home/alex/.m2/repository/com/opencsv/opencsv/3.9/opencsv-3.9.jar:/home/alex/.m2/repository/org/codehaus/jettison/jettison/1.1/jettison-1.1.jar:/home/alex/.m2/repository/org/threeten/threetenbp/1.3.5/threetenbp-1.3.5.jar:/home/alex/.m2/repository/org/apache/ivy/ivy/2.4.0/ivy-2.4.0.jar:/home/alex/.m2/repository/org/apache/thrift/libthrift/0.14.1/libthrift-0.14.1.jar:/home/alex/.m2/repository/org/apache/httpcomponents/httpcore/4.4.13/httpcore-4.4.13.jar:/home/alex/.m2/repository/org/apache/tomcat/embed/tomcat-embed-core/8.5.46/tomcat-embed-core-8.5.46.jar:/home/alex/.m2/repository/org/apache/tomcat/tomcat-annotations-api/8.5.46/tomcat-annotations-api-8.5.46.jar:/home/alex/.m2/repository/javax/annotation/javax.annotation-api/1.3.2/javax.annotation-api-1.3.2.jar:/home/alex/.m2/repository/org/apache/zookeeper/zookeeper/3.5.5/zookeeper-3.5.5.jar:/home/alex/.m2/repository/org/apache/zookeeper/zookeeper-jute/3.5.5/zookeeper-jute-3.5.5.jar:/home/alex/.m2/repository/org/apache/curator/curator-framework/4.2.0/curator-framework-4.2.0.jar:/home/alex/.m2/repository/org/apache/curator/curator-test/4.2.0/curator-test-4.2.0.jar:/home/alex/.m2/repository/org/apache/datasketches/datasketches-hive/1.1.0-incubating/datasketches-hive-1.1.0-incubating.jar:/home/alex/.m2/repository/org/apache/datasketches/datasketches-java/1.3.0-incubating/datasketches-java-1.3.0-incubating.jar:/home/alex/.m2/repository/org/apache/datasketches/datasketches-memory/1.2.0-incubating/datasketches-memory-1.2.0-incubating.jar:/home/alex/.m2/repository/org/slf4j/slf4j-simple/1.7.27/slf4j-simple-1.7.27.jar:/home/alex/.m2/repository/com/lmax/disruptor/3.3.7/disruptor-3.3.7.jar:/home/alex/.m2/repository/org/codehaus/groovy/groovy-all/2.4.11/groovy-all-2.4.11.jar:/home/alex/.m2/repository/org/jodd/jodd-util/6.0.0/jodd-util-6.0.0.jar:/home/alex/.m2/repository/com/fasterxml/jackson/core/jackson-annotations/2.12.0/jackson-annotations-2.12.0.jar:/home/alex/.m2/repository/com/fasterxml/jackson/core/jackson-core/2.12.0/jackson-core-2.12.0.jar:/home/alex/.m2/repository/com/fasterxml/jackson/core/jackson-databind/2.12.0/jackson-databind-2.12.0.jar:/home/alex/.m2/repository/com/fasterxml/jackson/dataformat/jackson-dataformat-yaml/2.12.0/jackson-dataformat-yaml-2.12.0.jar:/home/alex/.m2/repository/org/yaml/snakeyaml/1.27/snakeyaml-1.27.jar:/home/alex/.m2/repository/org/datanucleus/datanucleus-core/5.2.4/datanucleus-core-5.2.4.jar:/home/alex/.m2/repository/org/apache/calcite/calcite-core/1.25.0/calcite-core-1.25.0.jar:/home/alex/.m2/repository/org/apache/calcite/calcite-linq4j/1.25.0/calcite-linq4j-1.25.0.jar:/home/alex/.m2/repository/org/apiguardian/apiguardian-api/1.1.0/apiguardian-api-1.1.0.jar:/home/alex/.m2/repository/com/esri/geometry/esri-geometry-api/2.2.0/esri-geometry-api-2.2.0.jar:/home/alex/.m2/repository/com/yahoo/datasketches/sketches-core/0.9.0/sketches-core-0.9.0.jar:/home/alex/.m2/repository/com/yahoo/datasketches/memory/0.9.0/memory-0.9.0.jar:/home/alex/.m2/repository/org/apache/commons/commons-dbcp2/2.7.0/commons-dbcp2-2.7.0.jar:/home/alex/.m2/repository/org/apache/commons/commons-pool2/2.7.0/commons-pool2-2.7.0.jar:/home/alex/.m2/repository/org/apache/calcite/calcite-druid/1.25.0/calcite-druid-1.25.0.jar:/home/alex/.m2/repository/org/apache/calcite/avatica/avatica/1.12.0/avatica-1.12.0.jar:/home/alex/.m2/repository/com/google/guava/guava/19.0/guava-19.0.jar:/home/alex/.m2/repository/com/googlecode/javaewah/JavaEWAH/0.3.2/JavaEWAH-0.3.2.jar:/home/alex/.m2/repository/com/google/code/gson/gson/2.2.4/gson-2.2.4.jar:/home/alex/.m2/repository/com/tdunning/json/1.8/json-1.8.jar:/home/alex/.m2/repository/stax/stax-api/1.0.1/stax-api-1.0.1.jar:/home/alex/.m2/repository/net/sf/opencsv/opencsv/2.3/opencsv-2.3.jar:/home/alex/Repositories/hive/standalone-metastore/metastore-server/target/classes:/home/alex/.m2/repository/com/zaxxer/HikariCP/2.6.1/HikariCP-2.6.1.jar:/home/alex/.m2/repository/commons-beanutils/commons-beanutils/1.9.4/commons-beanutils-1.9.4.jar:/home/alex/.m2/repository/org/datanucleus/datanucleus-api-jdo/5.2.4/datanucleus-api-jdo-5.2.4.jar:/home/alex/.m2/repository/org/datanucleus/datanucleus-rdbms/5.2.4/datanucleus-rdbms-5.2.4.jar:/home/alex/.m2/repository/org/datanucleus/javax.jdo/3.2.0-release/javax.jdo-3.2.0-release.jar:/home/alex/.m2/repository/javax/transaction/javax.transaction-api/1.3/javax.transaction-api-1.3.jar:/home/alex/.m2/repository/org/glassfish/corba/glassfish-corba-omgapi/4.2.2/glassfish-corba-omgapi-4.2.2.jar:/home/alex/.m2/repository/sqlline/sqlline/1.9.0/sqlline-1.9.0.jar:/home/alex/.m2/repository/org/jline/jline-terminal/3.12.1/jline-terminal-3.12.1.jar:/home/alex/.m2/repository/org/jline/jline-reader/3.12.1/jline-reader-3.12.1.jar:/home/alex/.m2/repository/org/jline/jline-terminal-jansi/3.12.1/jline-terminal-jansi-3.12.1.jar:/home/alex/.m2/repository/org/fusesource/jansi/jansi/1.18/jansi-1.18.jar:/home/alex/.m2/repository/org/jline/jline-terminal-jna/3.12.1/jline-terminal-jna-3.12.1.jar:/home/alex/.m2/repository/net/java/dev/jna/jna/5.3.1/jna-5.3.1.jar:/home/alex/.m2/repository/org/jline/jline-builtins/3.12.1/jline-builtins-3.12.1.jar:/home/alex/.m2/repository/org/jline/jline-style/3.12.1/jline-style-3.12.1.jar:/home/alex/.m2/repository/com/cronutils/cron-utils/9.1.3/cron-utils-9.1.3.jar:/home/alex/.m2/repository/org/glassfish/javax.el/3.0.0/javax.el-3.0.0.jar:/home/alex/.m2/repository/com/oracle/database/jdbc/ojdbc8/21.3.0.0/ojdbc8-21.3.0.0.jar:/home/alex/.m2/repository/mysql/mysql-connector-java/8.0.27/mysql-connector-java-8.0.27.jar:/home/alex/.m2/repository/com/microsoft/sqlserver/mssql-jdbc/6.2.1.jre8/mssql-jdbc-6.2.1.jre8.jar:/home/alex/.m2/repository/org/postgresql/postgresql/42.2.14/postgresql-42.2.14.jar:/home/alex/Repositories/hive/common/target/test-classes:/home/alex/Repositories/hive/standalone-metastore/metastore-common/target/test-classes:/home/alex/.m2/repository/com/github/ben-manes/caffeine/caffeine/2.8.4/caffeine-2.8.4.jar:/home/alex/.m2/repository/org/checkerframework/checker-qual/3.4.0/checker-qual-3.4.0.jar:/home/alex/Repositories/hive/standalone-metastore/metastore-server/target/test-classes:/home/alex/.m2/repository/org/apache/parquet/parquet-column/1.11.1/parquet-column-1.11.1-tests.jar:/home/alex/.m2/repository/org/apache/parquet/parquet-common/1.11.1/parquet-common-1.11.1.jar:/home/alex/.m2/repository/org/apache/parquet/parquet-format-structures/1.11.1/parquet-format-structures-1.11.1.jar:/home/alex/.m2/repository/org/apache/parquet/parquet-encoding/1.11.1/parquet-encoding-1.11.1.jar:/home/alex/.m2/repository/junit/junit/4.13/junit-4.13.jar:/home/alex/.m2/repository/org/hamcrest/hamcrest-core/1.3/hamcrest-core-1.3.jar:/home/alex/.m2/repository/org/junit/jupiter/junit-jupiter-engine/5.6.2/junit-jupiter-engine-5.6.2.jar:/home/alex/.m2/repository/org/junit/platform/junit-platform-engine/1.6.2/junit-platform-engine-1.6.2.jar:/home/alex/.m2/repository/org/opentest4j/opentest4j/1.2.0/opentest4j-1.2.0.jar:/home/alex/.m2/repository/org/junit/platform/junit-platform-commons/1.6.2/junit-platform-commons-1.6.2.jar:/home/alex/.m2/repository/org/junit/jupiter/junit-jupiter-api/5.6.2/junit-jupiter-api-5.6.2.jar:/home/alex/.m2/repository/org/junit/jupiter/junit-jupiter-params/5.6.2/junit-jupiter-params-5.6.2.jar:/home/alex/.m2/repository/org/junit/vintage/junit-vintage-engine/5.6.2/junit-vintage-engine-5.6.2.jar:/home/alex/.m2/repository/org/apache/tez/tez-api/0.10.1/tez-api-0.10.1.jar:/usr/lib/jvm/java-8-openjdk-amd64/jre/../lib/tools.jar:/home/alex/.m2/repository/org/apache/tez/tez-runtime-library/0.10.1/tez-runtime-library-0.10.1.jar:/home/alex/.m2/repository/org/roaringbitmap/RoaringBitmap/0.5.21/RoaringBitmap-0.5.21.jar:/home/alex/.m2/repository/org/asynchttpclient/async-http-client/2.12.1/async-http-client-2.12.1.jar:/home/alex/.m2/repository/org/asynchttpclient/async-http-client-netty-utils/2.12.1/async-http-client-netty-utils-2.12.1.jar:/home/alex/.m2/repository/io/netty/netty-buffer/4.1.48.Final/netty-buffer-4.1.48.Final.jar:/home/alex/.m2/repository/io/netty/netty-codec-http/4.1.48.Final/netty-codec-http-4.1.48.Final.jar:/home/alex/.m2/repository/io/netty/netty-common/4.1.48.Final/netty-common-4.1.48.Final.jar:/home/alex/.m2/repository/io/netty/netty-transport/4.1.48.Final/netty-transport-4.1.48.Final.jar:/home/alex/.m2/repository/io/netty/netty-codec/4.1.48.Final/netty-codec-4.1.48.Final.jar:/home/alex/.m2/repository/io/netty/netty-handler/4.1.48.Final/netty-handler-4.1.48.Final.jar:/home/alex/.m2/repository/io/netty/netty-resolver/4.1.48.Final/netty-resolver-4.1.48.Final.jar:/home/alex/.m2/repository/io/netty/netty-codec-socks/4.1.48.Final/netty-codec-socks-4.1.48.Final.jar:/home/alex/.m2/repository/io/netty/netty-handler-proxy/4.1.48.Final/netty-handler-proxy-4.1.48.Final.jar:/home/alex/.m2/repository/io/netty/netty-transport-native-epoll/4.1.48.Final/netty-transport-native-epoll-4.1.48.Final-linux-x86_64.jar:/home/alex/.m2/repository/io/netty/netty-transport-native-unix-common/4.1.48.Final/netty-transport-native-unix-common-4.1.48.Final.jar:/home/alex/.m2/repository/io/netty/netty-transport-native-kqueue/4.1.48.Final/netty-transport-native-kqueue-4.1.48.Final-osx-x86_64.jar:/home/alex/.m2/repository/org/reactivestreams/reactive-streams/1.0.3/reactive-streams-1.0.3.jar:/home/alex/.m2/repository/com/typesafe/netty/netty-reactive-streams/2.0.4/netty-reactive-streams-2.0.4.jar:/home/alex/.m2/repository/com/sun/activation/javax.activation/1.2.0/javax.activation-1.2.0.jar:/home/alex/.m2/repository/org/apache/tez/tez-common/0.10.1/tez-common-0.10.1.jar:/home/alex/.m2/repository/org/apache/tez/tez-runtime-internals/0.10.1/tez-runtime-internals-0.10.1.jar:/home/alex/.m2/repository/org/apache/tez/hadoop-shim/0.10.1/hadoop-shim-0.10.1.jar:/home/alex/.m2/repository/org/apache/tez/tez-mapreduce/0.10.1/tez-mapreduce-0.10.1.jar:/home/alex/.m2/repository/org/apache/tez/tez-dag/0.10.1/tez-dag-0.10.1.jar:/home/alex/.m2/repository/org/apache/hadoop/hadoop-yarn-server-web-proxy/3.1.0/hadoop-yarn-server-web-proxy-3.1.0.jar:/home/alex/.m2/repository/org/apache/hadoop/hadoop-yarn-server-common/3.1.0/hadoop-yarn-server-common-3.1.0.jar:/home/alex/.m2/repository/org/apache/geronimo/specs/geronimo-jcache_1.0_spec/1.0-alpha-1/geronimo-jcache_1.0_spec-1.0-alpha-1.jar:/home/alex/.m2/repository/org/ehcache/ehcache/3.3.1/ehcache-3.3.1.jar:/home/alex/.m2/repository/com/zaxxer/HikariCP-java7/2.4.12/HikariCP-java7-2.4.12.jar:/home/alex/.m2/repository/org/apache/spark/spark-core_2.12/2.4.5/spark-core_2.12-2.4.5.jar:/home/alex/.m2/repository/com/twitter/chill_2.12/0.9.3/chill_2.12-0.9.3.jar:/home/alex/.m2/repository/com/twitter/chill-java/0.9.3/chill-java-0.9.3.jar:/home/alex/.m2/repository/org/apache/xbean/xbean-asm6-shaded/4.8/xbean-asm6-shaded-4.8.jar:/home/alex/.m2/repository/org/apache/hadoop/hadoop-client/3.1.0/hadoop-client-3.1.0.jar:/home/alex/.m2/repository/org/apache/hadoop/hadoop-mapreduce-client-jobclient/3.1.0/hadoop-mapreduce-client-jobclient-3.1.0.jar:/home/alex/.m2/repository/org/apache/spark/spark-launcher_2.12/2.4.5/spark-launcher_2.12-2.4.5.jar:/home/alex/.m2/repository/org/apache/spark/spark-kvstore_2.12/2.4.5/spark-kvstore_2.12-2.4.5.jar:/home/alex/.m2/repository/org/apache/spark/spark-network-common_2.12/2.4.5/spark-network-common_2.12-2.4.5.jar:/home/alex/.m2/repository/org/apache/spark/spark-network-shuffle_2.12/2.4.5/spark-network-shuffle_2.12-2.4.5.jar:/home/alex/.m2/repository/org/apache/spark/spark-unsafe_2.12/2.4.5/spark-unsafe_2.12-2.4.5.jar:/home/alex/.m2/repository/javax/activation/activation/1.1.1/activation-1.1.1.jar:/home/alex/.m2/repository/org/slf4j/jul-to-slf4j/1.7.16/jul-to-slf4j-1.7.16.jar:/home/alex/.m2/repository/org/slf4j/jcl-over-slf4j/1.7.16/jcl-over-slf4j-1.7.16.jar:/home/alex/.m2/repository/com/ning/compress-lzf/1.0.3/compress-lzf-1.0.3.jar:/home/alex/.m2/repository/org/lz4/lz4-java/1.4.0/lz4-java-1.4.0.jar:/home/alex/.m2/repository/com/github/luben/zstd-jni/1.3.2-2/zstd-jni-1.3.2-2.jar:/home/alex/.m2/repository/org/scala-lang/scala-library/2.12.10/scala-library-2.12.10.jar:/home/alex/.m2/repository/org/json4s/json4s-jackson_2.12/3.5.3/json4s-jackson_2.12-3.5.3.jar:/home/alex/.m2/repository/org/json4s/json4s-core_2.12/3.5.3/json4s-core_2.12-3.5.3.jar:/home/alex/.m2/repository/org/json4s/json4s-ast_2.12/3.5.3/json4s-ast_2.12-3.5.3.jar:/home/alex/.m2/repository/org/json4s/json4s-scalap_2.12/3.5.3/json4s-scalap_2.12-3.5.3.jar:/home/alex/.m2/repository/org/scala-lang/modules/scala-xml_2.12/1.0.6/scala-xml_2.12-1.0.6.jar:/home/alex/.m2/repository/com/clearspring/analytics/stream/2.7.0/stream-2.7.0.jar:/home/alex/.m2/repository/io/dropwizard/metrics/metrics-graphite/3.1.5/metrics-graphite-3.1.5.jar:/home/alex/.m2/repository/oro/oro/2.0.8/oro-2.0.8.jar:/home/alex/.m2/repository/net/razorvine/pyrolite/4.13/pyrolite-4.13.jar:/home/alex/.m2/repository/net/sf/py4j/py4j/0.10.7/py4j-0.10.7.jar:/home/alex/.m2/repository/org/apache/spark/spark-tags_2.12/2.4.5/spark-tags_2.12-2.4.5.jar:/home/alex/.m2/repository/org/spark-project/spark/unused/1.0.0/unused-1.0.0.jar:/home/alex/.m2/repository/com/sun/jersey/jersey-servlet/1.19/jersey-servlet-1.19.jar:/home/alex/.m2/repository/org/glassfish/jersey/core/jersey-server/2.22.2/jersey-server-2.22.2.jar:/home/alex/.m2/repository/org/glassfish/jersey/core/jersey-common/2.22.2/jersey-common-2.22.2.jar:/home/alex/.m2/repository/org/glassfish/jersey/bundles/repackaged/jersey-guava/2.22.2/jersey-guava-2.22.2.jar:/home/alex/.m2/repository/org/glassfish/hk2/osgi-resource-locator/1.0.1/osgi-resource-locator-1.0.1.jar:/home/alex/.m2/repository/org/glassfish/jersey/core/jersey-client/2.22.2/jersey-client-2.22.2.jar:/home/alex/.m2/repository/javax/ws/rs/javax.ws.rs-api/2.0.1/javax.ws.rs-api-2.0.1.jar:/home/alex/.m2/repository/org/glassfish/jersey/media/jersey-media-jaxb/2.22.2/jersey-media-jaxb-2.22.2.jar:/home/alex/.m2/repository/org/glassfish/hk2/hk2-api/2.4.0-b34/hk2-api-2.4.0-b34.jar:/home/alex/.m2/repository/org/glassfish/hk2/hk2-utils/2.4.0-b34/hk2-utils-2.4.0-b34.jar:/home/alex/.m2/repository/org/glassfish/hk2/external/aopalliance-repackaged/2.4.0-b34/aopalliance-repackaged-2.4.0-b34.jar:/home/alex/.m2/repository/org/glassfish/hk2/external/javax.inject/2.4.0-b34/javax.inject-2.4.0-b34.jar:/home/alex/.m2/repository/org/glassfish/hk2/hk2-locator/2.4.0-b34/hk2-locator-2.4.0-b34.jar:/home/alex/.m2/repository/javax/validation/validation-api/1.1.0.Final/validation-api-1.1.0.Final.jar:/home/alex/.m2/repository/org/glassfish/jersey/containers/jersey-container-servlet-core/2.22.2/jersey-container-servlet-core-2.22.2.jar:/home/alex/.m2/repository/org/hamcrest/hamcrest-all/1.3/hamcrest-all-1.3.jar:/home/alex/.m2/repository/org/powermock/powermock-module-junit4/2.0.2/powermock-module-junit4-2.0.2.jar:/home/alex/.m2/repository/org/powermock/powermock-module-junit4-common/2.0.2/powermock-module-junit4-common-2.0.2.jar:/home/alex/.m2/repository/org/powermock/powermock-reflect/2.0.2/powermock-reflect-2.0.2.jar:/home/alex/.m2/repository/org/powermock/powermock-core/2.0.2/powermock-core-2.0.2.jar:/home/alex/.m2/repository/org/powermock/powermock-api-mockito2/2.0.2/powermock-api-mockito2-2.0.2.jar:/home/alex/.m2/repository/org/powermock/powermock-api-support/2.0.2/powermock-api-support-2.0.2.jar:/home/alex/.m2/repository/com/google/guava/guava-testlib/19.0/guava-testlib-19.0.jar:/home/alex/.m2/repository/com/google/errorprone/error_prone_annotations/2.0.2/error_prone_annotations-2.0.2.jar:/home/alex/.m2/repository/com/google/re2j/re2j/1.2/re2j-1.2.jar:/home/alex/.m2/repository/org/reflections/reflections/0.9.10/reflections-0.9.10.jar:/home/alex/.m2/repository/org/javassist/javassist/3.19.0-GA/javassist-3.19.0-GA.jar:/home/alex/.m2/repository/com/jayway/jsonpath/json-path/2.4.0/json-path-2.4.0.jar:/home/alex/.m2/repository/net/minidev/json-smart/2.3/json-smart-2.3.jar:/home/alex/.m2/repository/net/minidev/accessors-smart/1.2/accessors-smart-1.2.jar:/home/alex/.m2/repository/org/ow2/asm/asm/5.0.4/asm-5.0.4.jar:/home/alex/.m2/repository/org/codehaus/janino/commons-compiler/3.0.11/commons-compiler-3.0.11.jar:/home/alex/.m2/repository/org/codehaus/janino/janino/3.0.11/janino-3.0.11.jar:/home/alex/.m2/repository/com/sun/jersey/contribs/jersey-multipart/1.19/jersey-multipart-1.19.jar:/home/alex/.m2/repository/org/jvnet/mimepull/mimepull/1.9.3/mimepull-1.9.3.jar:/home/alex/.m2/repository/org/apache/kafka/kafka-clients/2.5.0/kafka-clients-2.5.0.jar:/home/alex/.m2/repository/org/slf4j/slf4j-api/1.7.30/slf4j-api-1.7.30.jar:/home/alex/.m2/repository/org/mockito/mockito-core/3.4.4/mockito-core-3.4.4.jar:/home/alex/.m2/repository/net/bytebuddy/byte-buddy/1.10.13/byte-buddy-1.10.13.jar:/home/alex/.m2/repository/net/bytebuddy/byte-buddy-agent/1.10.13/byte-buddy-agent-1.10.13.jar:/home/alex/Repositories/hive/ql/target/testconf:/home/alex/Repositories/hive/ql/../conf:"/>
    <property name="java.vm.vendor" value="Private Build"/>
    <property name="hadoop.version" value="3.1.0"/>
    <property name="user.timezone" value="US/Pacific"/>
    <property name="test.local.warehouse.dir" value="pfile:///home/alex/Repositories/hive/ql/target/localfs/warehouse"/>
    <property name="os.name" value="Linux"/>
    <property name="java.vm.specification.version" value="1.8"/>
    <property name="clustermode" value=""/>
    <property name="test.build.data" value="/home/alex/Repositories/hive/ql/target/tmp"/>
    <property name="sun.java.launcher" value="SUN_STANDARD"/>
    <property name="user.country" value="US"/>
    <property name="test.data.files" value="/home/alex/Repositories/hive/ql/../data/files"/>
    <property name="nondexLogging" value="CONFIG"/>
    <property name="surefire.test.class.path" value="/home/alex/Repositories/hive/ql/target/test-classes:/home/alex/Repositories/hive/ql/target/classes:/home/alex/.m2/repository/org/apache/atlas/atlas-client-v2/2.1.0/atlas-client-v2-2.1.0.jar:/home/alex/.m2/repository/cglib/cglib/2.2.2/cglib-2.2.2.jar:/home/alex/.m2/repository/asm/asm/3.3.1/asm-3.3.1.jar:/home/alex/.m2/repository/org/apache/atlas/atlas-client-common/2.1.0/atlas-client-common-2.1.0.jar:/home/alex/.m2/repository/org/apache/httpcomponents/httpclient/4.5.13/httpclient-4.5.13.jar:/home/alex/.m2/repository/com/sun/jersey/jersey-client/1.19/jersey-client-1.19.jar:/home/alex/.m2/repository/org/apache/atlas/atlas-intg/2.1.0/atlas-intg-2.1.0.jar:/home/alex/.m2/repository/commons-collections/commons-collections/3.2.2/commons-collections-3.2.2.jar:/home/alex/.m2/repository/commons-validator/commons-validator/1.6/commons-validator-1.6.jar:/home/alex/.m2/repository/commons-digester/commons-digester/1.8.1/commons-digester-1.8.1.jar:/home/alex/.m2/repository/com/fasterxml/jackson/jaxrs/jackson-jaxrs-base/2.12.0/jackson-jaxrs-base-2.12.0.jar:/home/alex/.m2/repository/com/fasterxml/jackson/jaxrs/jackson-jaxrs-json-provider/2.12.0/jackson-jaxrs-json-provider-2.12.0.jar:/home/alex/.m2/repository/javax/inject/javax.inject/1/javax.inject-1.jar:/home/alex/.m2/repository/org/springframework/spring-context/4.3.20.RELEASE/spring-context-4.3.20.RELEASE.jar:/home/alex/.m2/repository/org/springframework/spring-aop/4.3.20.RELEASE/spring-aop-4.3.20.RELEASE.jar:/home/alex/.m2/repository/org/springframework/spring-beans/4.3.20.RELEASE/spring-beans-4.3.20.RELEASE.jar:/home/alex/.m2/repository/org/springframework/spring-core/4.3.20.RELEASE/spring-core-4.3.20.RELEASE.jar:/home/alex/.m2/repository/org/springframework/spring-expression/4.3.20.RELEASE/spring-expression-4.3.20.RELEASE.jar:/home/alex/.m2/repository/commons-configuration/commons-configuration/1.10/commons-configuration-1.10.jar:/home/alex/.m2/repository/commons-lang/commons-lang/2.6/commons-lang-2.6.jar:/home/alex/.m2/repository/commons-logging/commons-logging/1.1.1/commons-logging-1.1.1.jar:/home/alex/.m2/repository/org/apache/commons/commons-math3/3.6.1/commons-math3-3.6.1.jar:/home/alex/Repositories/hive/vector-code-gen/target/classes:/home/alex/.m2/repository/org/apache/velocity/velocity/1.5/velocity-1.5.jar:/home/alex/Repositories/hive/common/target/classes:/home/alex/Repositories/hive/classification/target/classes:/home/alex/Repositories/hive/standalone-metastore/metastore-common/target/classes:/home/alex/.m2/repository/commons-cli/commons-cli/1.4/commons-cli-1.4.jar:/home/alex/.m2/repository/org/apache/orc/orc-core/1.6.9/orc-core-1.6.9.jar:/home/alex/.m2/repository/org/apache/orc/orc-shims/1.6.9/orc-shims-1.6.9.jar:/home/alex/.m2/repository/io/airlift/aircompressor/0.19/aircompressor-0.19.jar:/home/alex/.m2/repository/org/jetbrains/annotations/17.0.0/annotations-17.0.0.jar:/home/alex/.m2/repository/org/threeten/threeten-extra/1.5.0/threeten-extra-1.5.0.jar:/home/alex/.m2/repository/jline/jline/2.14.6/jline-2.14.6.jar:/home/alex/.m2/repository/javax/servlet/javax.servlet-api/3.1.0/javax.servlet-api-3.1.0.jar:/home/alex/.m2/repository/org/eclipse/jetty/jetty-http/9.3.27.v20190418/jetty-http-9.3.27.v20190418.jar:/home/alex/.m2/repository/org/eclipse/jetty/jetty-rewrite/9.3.27.v20190418/jetty-rewrite-9.3.27.v20190418.jar:/home/alex/.m2/repository/org/eclipse/jetty/jetty-client/9.3.27.v20190418/jetty-client-9.3.27.v20190418.jar:/home/alex/.m2/repository/org/eclipse/jetty/jetty-server/9.3.27.v20190418/jetty-server-9.3.27.v20190418.jar:/home/alex/.m2/repository/org/eclipse/jetty/jetty-io/9.3.27.v20190418/jetty-io-9.3.27.v20190418.jar:/home/alex/.m2/repository/org/eclipse/jetty/jetty-servlet/9.3.27.v20190418/jetty-servlet-9.3.27.v20190418.jar:/home/alex/.m2/repository/org/eclipse/jetty/jetty-security/9.3.27.v20190418/jetty-security-9.3.27.v20190418.jar:/home/alex/.m2/repository/org/eclipse/jetty/jetty-webapp/9.3.27.v20190418/jetty-webapp-9.3.27.v20190418.jar:/home/alex/.m2/repository/org/eclipse/jetty/jetty-xml/9.3.27.v20190418/jetty-xml-9.3.27.v20190418.jar:/home/alex/.m2/repository/joda-time/joda-time/2.9.9/joda-time-2.9.9.jar:/home/alex/.m2/repository/org/apache/logging/log4j/log4j-web/2.13.2/log4j-web-2.13.2.jar:/home/alex/.m2/repository/net/sf/jpam/jpam/1.1/jpam-1.1.jar:/home/alex/.m2/repository/io/dropwizard/metrics/metrics-core/3.1.0/metrics-core-3.1.0.jar:/home/alex/.m2/repository/io/dropwizard/metrics/metrics-jvm/3.1.0/metrics-jvm-3.1.0.jar:/home/alex/.m2/repository/io/dropwizard/metrics/metrics-json/3.1.0/metrics-json-3.1.0.jar:/home/alex/.m2/repository/com/github/joshelser/dropwizard-metrics-hadoop-metrics2-reporter/0.1.2/dropwizard-metrics-hadoop-metrics2-reporter-0.1.2.jar:/home/alex/Repositories/hive/metastore/target/classes:/home/alex/.m2/repository/org/apache/derby/derby/10.14.1.0/derby-10.14.1.0.jar:/home/alex/Repositories/hive/serde/target/classes:/home/alex/.m2/repository/com/google/code/findbugs/jsr305/3.0.0/jsr305-3.0.0.jar:/home/alex/.m2/repository/org/apache/arrow/arrow-vector/0.15.1/arrow-vector-0.15.1.jar:/home/alex/.m2/repository/org/apache/arrow/arrow-format/0.15.1/arrow-format-0.15.1.jar:/home/alex/.m2/repository/org/apache/arrow/arrow-memory/0.15.1/arrow-memory-0.15.1.jar:/home/alex/.m2/repository/com/google/flatbuffers/flatbuffers-java/1.9.0/flatbuffers-java-1.9.0.jar:/home/alex/.m2/repository/com/carrotsearch/hppc/0.7.2/hppc-0.7.2.jar:/home/alex/.m2/repository/com/github/davidmoten/flatbuffers-java/1.6.0.1/flatbuffers-java-1.6.0.1.jar:/home/alex/Repositories/hive/parser/target/classes:/home/alex/Repositories/hive/udf/target/classes:/home/alex/Repositories/hive/service-rpc/target/classes:/home/alex/Repositories/hive/llap-client/target/classes:/home/alex/Repositories/hive/llap-common/target/classes:/home/alex/.m2/repository/io/jsonwebtoken/jjwt-api/0.10.5/jjwt-api-0.10.5.jar:/home/alex/.m2/repository/io/jsonwebtoken/jjwt-impl/0.10.5/jjwt-impl-0.10.5.jar:/home/alex/.m2/repository/io/jsonwebtoken/jjwt-jackson/0.10.5/jjwt-jackson-0.10.5.jar:/home/alex/Repositories/hive/llap-tez/target/classes:/home/alex/Repositories/hive/shims/aggregator/target/classes:/home/alex/Repositories/hive/shims/common/target/classes:/home/alex/Repositories/hive/shims/0.23/target/classes:/home/alex/.m2/repository/org/apache/hadoop/hadoop-yarn-server-resourcemanager/3.1.0/hadoop-yarn-server-resourcemanager-3.1.0.jar:/home/alex/.m2/repository/org/apache/hadoop/hadoop-yarn-server-applicationhistoryservice/3.1.0/hadoop-yarn-server-applicationhistoryservice-3.1.0.jar:/home/alex/.m2/repository/de/ruedigermoeller/fst/2.50/fst-2.50.jar:/home/alex/.m2/repository/com/cedarsoftware/java-util/1.9.0/java-util-1.9.0.jar:/home/alex/.m2/repository/com/cedarsoftware/json-io/2.5.1/json-io-2.5.1.jar:/home/alex/Repositories/hive/shims/scheduler/target/classes:/home/alex/Repositories/hive/spark-client/target/classes:/home/alex/.m2/repository/io/netty/netty-all/4.1.65.Final/netty-all-4.1.65.Final.jar:/home/alex/.m2/repository/com/fasterxml/jackson/module/jackson-module-scala_2.12/2.12.0/jackson-module-scala_2.12-2.12.0.jar:/home/alex/.m2/repository/org/apache/spark/spark-yarn_2.12/2.4.5/spark-yarn_2.12-2.4.5.jar:/home/alex/Repositories/hive/storage-api/target/classes:/home/alex/.m2/repository/com/amazonaws/aws-java-sdk-bundle/1.11.901/aws-java-sdk-bundle-1.11.901.jar:/home/alex/.m2/repository/com/amazonaws/secretsmanager/aws-secretsmanager-caching-java/1.0.1/aws-secretsmanager-caching-java-1.0.1.jar:/home/alex/.m2/repository/com/esotericsoftware/kryo/5.0.3/kryo-5.0.3.jar:/home/alex/.m2/repository/org/objenesis/objenesis/3.1/objenesis-3.1.jar:/home/alex/.m2/repository/com/esotericsoftware/minlog/1.3.1/minlog-1.3.1.jar:/home/alex/.m2/repository/com/esotericsoftware/reflectasm/1.11.9/reflectasm-1.11.9.jar:/home/alex/.m2/repository/com/google/protobuf/protobuf-java/2.5.0/protobuf-java-2.5.0.jar:/home/alex/.m2/repository/org/apache/hbase/hbase-common/2.0.0-alpha4/hbase-common-2.0.0-alpha4.jar:/home/alex/.m2/repository/org/apache/hbase/thirdparty/hbase-shaded-miscellaneous/1.0.1/hbase-shaded-miscellaneous-1.0.1.jar:/home/alex/.m2/repository/org/apache/htrace/htrace-core/3.2.0-incubating/htrace-core-3.2.0-incubating.jar:/home/alex/.m2/repository/org/apache/commons/commons-crypto/1.0.0/commons-crypto-1.0.0.jar:/home/alex/.m2/repository/com/github/stephenc/findbugs/findbugs-annotations/1.3.9-1/findbugs-annotations-1.3.9-1.jar:/home/alex/.m2/repository/log4j/log4j/1.2.17/log4j-1.2.17.jar:/home/alex/.m2/repository/org/apache/yetus/audience-annotations/0.5.0/audience-annotations-0.5.0.jar:/home/alex/.m2/repository/org/apache/parquet/parquet-hadoop-bundle/1.11.1/parquet-hadoop-bundle-1.11.1.jar:/home/alex/.m2/repository/commons-codec/commons-codec/1.15/commons-codec-1.15.jar:/home/alex/.m2/repository/commons-io/commons-io/2.6/commons-io-2.6.jar:/home/alex/.m2/repository/org/apache/commons/commons-collections4/4.1/commons-collections4-4.1.jar:/home/alex/.m2/repository/org/apache/commons/commons-lang3/3.9/commons-lang3-3.9.jar:/home/alex/.m2/repository/org/apache/commons/commons-text/1.8/commons-text-1.8.jar:/home/alex/.m2/repository/javolution/javolution/5.5.1/javolution-5.5.1.jar:/home/alex/.m2/repository/org/apache/logging/log4j/log4j-1.2-api/2.13.2/log4j-1.2-api-2.13.2.jar:/home/alex/.m2/repository/org/apache/logging/log4j/log4j-api/2.13.2/log4j-api-2.13.2.jar:/home/alex/.m2/repository/org/apache/logging/log4j/log4j-core/2.13.2/log4j-core-2.13.2.jar:/home/alex/.m2/repository/org/apache/logging/log4j/log4j-slf4j-impl/2.13.2/log4j-slf4j-impl-2.13.2.jar:/home/alex/.m2/repository/org/antlr/antlr-runtime/3.5.2/antlr-runtime-3.5.2.jar:/home/alex/.m2/repository/org/antlr/ST4/4.0.4/ST4-4.0.4.jar:/home/alex/.m2/repository/org/apache/avro/avro/1.8.2/avro-1.8.2.jar:/home/alex/.m2/repository/org/codehaus/jackson/jackson-core-asl/1.9.13/jackson-core-asl-1.9.13.jar:/home/alex/.m2/repository/org/codehaus/jackson/jackson-mapper-asl/1.9.13/jackson-mapper-asl-1.9.13.jar:/home/alex/.m2/repository/com/thoughtworks/paranamer/paranamer/2.8/paranamer-2.8.jar:/home/alex/.m2/repository/org/xerial/snappy/snappy-java/1.1.4/snappy-java-1.1.4.jar:/home/alex/.m2/repository/org/tukaani/xz/1.5/xz-1.5.jar:/home/alex/.m2/repository/org/apache/avro/avro-mapred/1.8.2/avro-mapred-1.8.2-hadoop2.jar:/home/alex/.m2/repository/org/apache/avro/avro-ipc/1.8.2/avro-ipc-1.8.2.jar:/home/alex/.m2/repository/org/mortbay/jetty/jetty/6.1.26/jetty-6.1.26.jar:/home/alex/.m2/repository/org/apache/ant/ant/1.9.1/ant-1.9.1.jar:/home/alex/.m2/repository/org/apache/ant/ant-launcher/1.9.1/ant-launcher-1.9.1.jar:/home/alex/.m2/repository/org/apache/commons/commons-compress/1.21/commons-compress-1.21.jar:/home/alex/.m2/repository/org/apache/thrift/libfb303/0.9.3/libfb303-0.9.3.jar:/home/alex/.m2/repository/org/apache/hadoop/hadoop-common/3.1.0/hadoop-common-3.1.0.jar:/home/alex/.m2/repository/org/apache/hadoop/hadoop-annotations/3.1.0/hadoop-annotations-3.1.0.jar:/home/alex/.m2/repository/commons-net/commons-net/3.6/commons-net-3.6.jar:/home/alex/.m2/repository/org/eclipse/jetty/jetty-util/9.3.27.v20190418/jetty-util-9.3.27.v20190418.jar:/home/alex/.m2/repository/javax/servlet/jsp/jsp-api/2.1/jsp-api-2.1.jar:/home/alex/.m2/repository/com/sun/jersey/jersey-core/1.19/jersey-core-1.19.jar:/home/alex/.m2/repository/javax/ws/rs/jsr311-api/1.1.1/jsr311-api-1.1.1.jar:/home/alex/.m2/repository/com/sun/jersey/jersey-json/1.19/jersey-json-1.19.jar:/home/alex/.m2/repository/com/sun/xml/bind/jaxb-impl/2.2.3-1/jaxb-impl-2.2.3-1.jar:/home/alex/.m2/repository/org/codehaus/jackson/jackson-jaxrs/1.9.2/jackson-jaxrs-1.9.2.jar:/home/alex/.m2/repository/org/codehaus/jackson/jackson-xc/1.9.2/jackson-xc-1.9.2.jar:/home/alex/.m2/repository/com/sun/jersey/jersey-server/1.19/jersey-server-1.19.jar:/home/alex/.m2/repository/org/apache/commons/commons-configuration2/2.1.1/commons-configuration2-2.1.1.jar:/home/alex/.m2/repository/org/apache/hadoop/hadoop-auth/3.1.0/hadoop-auth-3.1.0.jar:/home/alex/.m2/repository/com/nimbusds/nimbus-jose-jwt/4.41.1/nimbus-jose-jwt-4.41.1.jar:/home/alex/.m2/repository/com/github/stephenc/jcip/jcip-annotations/1.0-1/jcip-annotations-1.0-1.jar:/home/alex/.m2/repository/com/jcraft/jsch/0.1.54/jsch-0.1.54.jar:/home/alex/.m2/repository/org/apache/htrace/htrace-core4/4.1.0-incubating/htrace-core4-4.1.0-incubating.jar:/home/alex/.m2/repository/org/apache/kerby/kerb-simplekdc/1.0.1/kerb-simplekdc-1.0.1.jar:/home/alex/.m2/repository/org/apache/kerby/kerb-client/1.0.1/kerb-client-1.0.1.jar:/home/alex/.m2/repository/org/apache/kerby/kerby-config/1.0.1/kerby-config-1.0.1.jar:/home/alex/.m2/repository/org/apache/kerby/kerb-core/1.0.1/kerb-core-1.0.1.jar:/home/alex/.m2/repository/org/apache/kerby/kerby-pkix/1.0.1/kerby-pkix-1.0.1.jar:/home/alex/.m2/repository/org/apache/kerby/kerby-asn1/1.0.1/kerby-asn1-1.0.1.jar:/home/alex/.m2/repository/org/apache/kerby/kerby-util/1.0.1/kerby-util-1.0.1.jar:/home/alex/.m2/repository/org/apache/kerby/kerb-common/1.0.1/kerb-common-1.0.1.jar:/home/alex/.m2/repository/org/apache/kerby/kerb-crypto/1.0.1/kerb-crypto-1.0.1.jar:/home/alex/.m2/repository/org/apache/kerby/kerb-util/1.0.1/kerb-util-1.0.1.jar:/home/alex/.m2/repository/org/apache/kerby/token-provider/1.0.1/token-provider-1.0.1.jar:/home/alex/.m2/repository/org/apache/kerby/kerb-admin/1.0.1/kerb-admin-1.0.1.jar:/home/alex/.m2/repository/org/apache/kerby/kerb-server/1.0.1/kerb-server-1.0.1.jar:/home/alex/.m2/repository/org/apache/kerby/kerb-identity/1.0.1/kerb-identity-1.0.1.jar:/home/alex/.m2/repository/org/apache/kerby/kerby-xdr/1.0.1/kerby-xdr-1.0.1.jar:/home/alex/.m2/repository/org/codehaus/woodstox/stax2-api/3.1.4/stax2-api-3.1.4.jar:/home/alex/.m2/repository/com/fasterxml/woodstox/woodstox-core/5.0.3/woodstox-core-5.0.3.jar:/home/alex/.m2/repository/org/apache/hadoop/hadoop-archives/3.1.0/hadoop-archives-3.1.0.jar:/home/alex/.m2/repository/org/apache/hadoop/hadoop-yarn-registry/3.1.0/hadoop-yarn-registry-3.1.0.jar:/home/alex/.m2/repository/org/apache/curator/curator-client/4.2.0/curator-client-4.2.0.jar:/home/alex/.m2/repository/org/apache/curator/curator-recipes/4.2.0/curator-recipes-4.2.0.jar:/home/alex/.m2/repository/commons-daemon/commons-daemon/1.0.13/commons-daemon-1.0.13.jar:/home/alex/.m2/repository/dnsjava/dnsjava/2.1.7/dnsjava-2.1.7.jar:/home/alex/.m2/repository/org/apache/hadoop/hadoop-mapreduce-client-core/3.1.0/hadoop-mapreduce-client-core-3.1.0.jar:/home/alex/.m2/repository/org/apache/hadoop/hadoop-hdfs-client/3.1.0/hadoop-hdfs-client-3.1.0.jar:/home/alex/.m2/repository/com/squareup/okhttp/okhttp/2.7.5/okhttp-2.7.5.jar:/home/alex/.m2/repository/com/squareup/okio/okio/1.6.0/okio-1.6.0.jar:/home/alex/.m2/repository/com/google/inject/extensions/guice-servlet/4.0/guice-servlet-4.0.jar:/home/alex/.m2/repository/org/apache/hadoop/hadoop-mapreduce-client-common/3.1.0/hadoop-mapreduce-client-common-3.1.0.jar:/home/alex/.m2/repository/org/apache/hadoop/hadoop-hdfs/3.1.0/hadoop-hdfs-3.1.0.jar:/home/alex/.m2/repository/org/eclipse/jetty/jetty-util-ajax/9.3.19.v20170502/jetty-util-ajax-9.3.19.v20170502.jar:/home/alex/.m2/repository/org/fusesource/leveldbjni/leveldbjni-all/1.8/leveldbjni-all-1.8.jar:/home/alex/.m2/repository/org/apache/hadoop/hadoop-yarn-api/3.1.0/hadoop-yarn-api-3.1.0.jar:/home/alex/.m2/repository/javax/xml/bind/jaxb-api/2.2.11/jaxb-api-2.2.11.jar:/home/alex/.m2/repository/org/apache/hadoop/hadoop-yarn-common/3.1.0/hadoop-yarn-common-3.1.0.jar:/home/alex/.m2/repository/com/google/inject/guice/4.0/guice-4.0.jar:/home/alex/.m2/repository/aopalliance/aopalliance/1.0/aopalliance-1.0.jar:/home/alex/.m2/repository/com/sun/jersey/contribs/jersey-guice/1.19/jersey-guice-1.19.jar:/home/alex/.m2/repository/com/fasterxml/jackson/module/jackson-module-jaxb-annotations/2.12.0/jackson-module-jaxb-annotations-2.12.0.jar:/home/alex/.m2/repository/jakarta/xml/bind/jakarta.xml.bind-api/2.3.2/jakarta.xml.bind-api-2.3.2.jar:/home/alex/.m2/repository/jakarta/activation/jakarta.activation-api/1.2.1/jakarta.activation-api-1.2.1.jar:/home/alex/.m2/repository/org/apache/hadoop/hadoop-yarn-client/3.1.0/hadoop-yarn-client-3.1.0.jar:/home/alex/.m2/repository/org/apache/orc/orc-tools/1.6.9/orc-tools-1.6.9.jar:/home/alex/.m2/repository/com/opencsv/opencsv/3.9/opencsv-3.9.jar:/home/alex/.m2/repository/org/codehaus/jettison/jettison/1.1/jettison-1.1.jar:/home/alex/.m2/repository/org/threeten/threetenbp/1.3.5/threetenbp-1.3.5.jar:/home/alex/.m2/repository/org/apache/ivy/ivy/2.4.0/ivy-2.4.0.jar:/home/alex/.m2/repository/org/apache/thrift/libthrift/0.14.1/libthrift-0.14.1.jar:/home/alex/.m2/repository/org/apache/httpcomponents/httpcore/4.4.13/httpcore-4.4.13.jar:/home/alex/.m2/repository/org/apache/tomcat/embed/tomcat-embed-core/8.5.46/tomcat-embed-core-8.5.46.jar:/home/alex/.m2/repository/org/apache/tomcat/tomcat-annotations-api/8.5.46/tomcat-annotations-api-8.5.46.jar:/home/alex/.m2/repository/javax/annotation/javax.annotation-api/1.3.2/javax.annotation-api-1.3.2.jar:/home/alex/.m2/repository/org/apache/zookeeper/zookeeper/3.5.5/zookeeper-3.5.5.jar:/home/alex/.m2/repository/org/apache/zookeeper/zookeeper-jute/3.5.5/zookeeper-jute-3.5.5.jar:/home/alex/.m2/repository/org/apache/curator/curator-framework/4.2.0/curator-framework-4.2.0.jar:/home/alex/.m2/repository/org/apache/curator/curator-test/4.2.0/curator-test-4.2.0.jar:/home/alex/.m2/repository/org/apache/datasketches/datasketches-hive/1.1.0-incubating/datasketches-hive-1.1.0-incubating.jar:/home/alex/.m2/repository/org/apache/datasketches/datasketches-java/1.3.0-incubating/datasketches-java-1.3.0-incubating.jar:/home/alex/.m2/repository/org/apache/datasketches/datasketches-memory/1.2.0-incubating/datasketches-memory-1.2.0-incubating.jar:/home/alex/.m2/repository/org/slf4j/slf4j-simple/1.7.27/slf4j-simple-1.7.27.jar:/home/alex/.m2/repository/com/lmax/disruptor/3.3.7/disruptor-3.3.7.jar:/home/alex/.m2/repository/org/codehaus/groovy/groovy-all/2.4.11/groovy-all-2.4.11.jar:/home/alex/.m2/repository/org/jodd/jodd-util/6.0.0/jodd-util-6.0.0.jar:/home/alex/.m2/repository/com/fasterxml/jackson/core/jackson-annotations/2.12.0/jackson-annotations-2.12.0.jar:/home/alex/.m2/repository/com/fasterxml/jackson/core/jackson-core/2.12.0/jackson-core-2.12.0.jar:/home/alex/.m2/repository/com/fasterxml/jackson/core/jackson-databind/2.12.0/jackson-databind-2.12.0.jar:/home/alex/.m2/repository/com/fasterxml/jackson/dataformat/jackson-dataformat-yaml/2.12.0/jackson-dataformat-yaml-2.12.0.jar:/home/alex/.m2/repository/org/yaml/snakeyaml/1.27/snakeyaml-1.27.jar:/home/alex/.m2/repository/org/datanucleus/datanucleus-core/5.2.4/datanucleus-core-5.2.4.jar:/home/alex/.m2/repository/org/apache/calcite/calcite-core/1.25.0/calcite-core-1.25.0.jar:/home/alex/.m2/repository/org/apache/calcite/calcite-linq4j/1.25.0/calcite-linq4j-1.25.0.jar:/home/alex/.m2/repository/org/apiguardian/apiguardian-api/1.1.0/apiguardian-api-1.1.0.jar:/home/alex/.m2/repository/com/esri/geometry/esri-geometry-api/2.2.0/esri-geometry-api-2.2.0.jar:/home/alex/.m2/repository/com/yahoo/datasketches/sketches-core/0.9.0/sketches-core-0.9.0.jar:/home/alex/.m2/repository/com/yahoo/datasketches/memory/0.9.0/memory-0.9.0.jar:/home/alex/.m2/repository/org/apache/commons/commons-dbcp2/2.7.0/commons-dbcp2-2.7.0.jar:/home/alex/.m2/repository/org/apache/commons/commons-pool2/2.7.0/commons-pool2-2.7.0.jar:/home/alex/.m2/repository/org/apache/calcite/calcite-druid/1.25.0/calcite-druid-1.25.0.jar:/home/alex/.m2/repository/org/apache/calcite/avatica/avatica/1.12.0/avatica-1.12.0.jar:/home/alex/.m2/repository/com/google/guava/guava/19.0/guava-19.0.jar:/home/alex/.m2/repository/com/googlecode/javaewah/JavaEWAH/0.3.2/JavaEWAH-0.3.2.jar:/home/alex/.m2/repository/com/google/code/gson/gson/2.2.4/gson-2.2.4.jar:/home/alex/.m2/repository/com/tdunning/json/1.8/json-1.8.jar:/home/alex/.m2/repository/stax/stax-api/1.0.1/stax-api-1.0.1.jar:/home/alex/.m2/repository/net/sf/opencsv/opencsv/2.3/opencsv-2.3.jar:/home/alex/Repositories/hive/standalone-metastore/metastore-server/target/classes:/home/alex/.m2/repository/com/zaxxer/HikariCP/2.6.1/HikariCP-2.6.1.jar:/home/alex/.m2/repository/commons-beanutils/commons-beanutils/1.9.4/commons-beanutils-1.9.4.jar:/home/alex/.m2/repository/org/datanucleus/datanucleus-api-jdo/5.2.4/datanucleus-api-jdo-5.2.4.jar:/home/alex/.m2/repository/org/datanucleus/datanucleus-rdbms/5.2.4/datanucleus-rdbms-5.2.4.jar:/home/alex/.m2/repository/org/datanucleus/javax.jdo/3.2.0-release/javax.jdo-3.2.0-release.jar:/home/alex/.m2/repository/javax/transaction/javax.transaction-api/1.3/javax.transaction-api-1.3.jar:/home/alex/.m2/repository/org/glassfish/corba/glassfish-corba-omgapi/4.2.2/glassfish-corba-omgapi-4.2.2.jar:/home/alex/.m2/repository/sqlline/sqlline/1.9.0/sqlline-1.9.0.jar:/home/alex/.m2/repository/org/jline/jline-terminal/3.12.1/jline-terminal-3.12.1.jar:/home/alex/.m2/repository/org/jline/jline-reader/3.12.1/jline-reader-3.12.1.jar:/home/alex/.m2/repository/org/jline/jline-terminal-jansi/3.12.1/jline-terminal-jansi-3.12.1.jar:/home/alex/.m2/repository/org/fusesource/jansi/jansi/1.18/jansi-1.18.jar:/home/alex/.m2/repository/org/jline/jline-terminal-jna/3.12.1/jline-terminal-jna-3.12.1.jar:/home/alex/.m2/repository/net/java/dev/jna/jna/5.3.1/jna-5.3.1.jar:/home/alex/.m2/repository/org/jline/jline-builtins/3.12.1/jline-builtins-3.12.1.jar:/home/alex/.m2/repository/org/jline/jline-style/3.12.1/jline-style-3.12.1.jar:/home/alex/.m2/repository/com/cronutils/cron-utils/9.1.3/cron-utils-9.1.3.jar:/home/alex/.m2/repository/org/glassfish/javax.el/3.0.0/javax.el-3.0.0.jar:/home/alex/.m2/repository/com/oracle/database/jdbc/ojdbc8/21.3.0.0/ojdbc8-21.3.0.0.jar:/home/alex/.m2/repository/mysql/mysql-connector-java/8.0.27/mysql-connector-java-8.0.27.jar:/home/alex/.m2/repository/com/microsoft/sqlserver/mssql-jdbc/6.2.1.jre8/mssql-jdbc-6.2.1.jre8.jar:/home/alex/.m2/repository/org/postgresql/postgresql/42.2.14/postgresql-42.2.14.jar:/home/alex/Repositories/hive/common/target/test-classes:/home/alex/Repositories/hive/standalone-metastore/metastore-common/target/test-classes:/home/alex/.m2/repository/com/github/ben-manes/caffeine/caffeine/2.8.4/caffeine-2.8.4.jar:/home/alex/.m2/repository/org/checkerframework/checker-qual/3.4.0/checker-qual-3.4.0.jar:/home/alex/Repositories/hive/standalone-metastore/metastore-server/target/test-classes:/home/alex/.m2/repository/org/apache/parquet/parquet-column/1.11.1/parquet-column-1.11.1-tests.jar:/home/alex/.m2/repository/org/apache/parquet/parquet-common/1.11.1/parquet-common-1.11.1.jar:/home/alex/.m2/repository/org/apache/parquet/parquet-format-structures/1.11.1/parquet-format-structures-1.11.1.jar:/home/alex/.m2/repository/org/apache/parquet/parquet-encoding/1.11.1/parquet-encoding-1.11.1.jar:/home/alex/.m2/repository/junit/junit/4.13/junit-4.13.jar:/home/alex/.m2/repository/org/hamcrest/hamcrest-core/1.3/hamcrest-core-1.3.jar:/home/alex/.m2/repository/org/junit/jupiter/junit-jupiter-engine/5.6.2/junit-jupiter-engine-5.6.2.jar:/home/alex/.m2/repository/org/junit/platform/junit-platform-engine/1.6.2/junit-platform-engine-1.6.2.jar:/home/alex/.m2/repository/org/opentest4j/opentest4j/1.2.0/opentest4j-1.2.0.jar:/home/alex/.m2/repository/org/junit/platform/junit-platform-commons/1.6.2/junit-platform-commons-1.6.2.jar:/home/alex/.m2/repository/org/junit/jupiter/junit-jupiter-api/5.6.2/junit-jupiter-api-5.6.2.jar:/home/alex/.m2/repository/org/junit/jupiter/junit-jupiter-params/5.6.2/junit-jupiter-params-5.6.2.jar:/home/alex/.m2/repository/org/junit/vintage/junit-vintage-engine/5.6.2/junit-vintage-engine-5.6.2.jar:/home/alex/.m2/repository/org/apache/tez/tez-api/0.10.1/tez-api-0.10.1.jar:/usr/lib/jvm/java-8-openjdk-amd64/jre/../lib/tools.jar:/home/alex/.m2/repository/org/apache/tez/tez-runtime-library/0.10.1/tez-runtime-library-0.10.1.jar:/home/alex/.m2/repository/org/roaringbitmap/RoaringBitmap/0.5.21/RoaringBitmap-0.5.21.jar:/home/alex/.m2/repository/org/asynchttpclient/async-http-client/2.12.1/async-http-client-2.12.1.jar:/home/alex/.m2/repository/org/asynchttpclient/async-http-client-netty-utils/2.12.1/async-http-client-netty-utils-2.12.1.jar:/home/alex/.m2/repository/io/netty/netty-buffer/4.1.48.Final/netty-buffer-4.1.48.Final.jar:/home/alex/.m2/repository/io/netty/netty-codec-http/4.1.48.Final/netty-codec-http-4.1.48.Final.jar:/home/alex/.m2/repository/io/netty/netty-common/4.1.48.Final/netty-common-4.1.48.Final.jar:/home/alex/.m2/repository/io/netty/netty-transport/4.1.48.Final/netty-transport-4.1.48.Final.jar:/home/alex/.m2/repository/io/netty/netty-codec/4.1.48.Final/netty-codec-4.1.48.Final.jar:/home/alex/.m2/repository/io/netty/netty-handler/4.1.48.Final/netty-handler-4.1.48.Final.jar:/home/alex/.m2/repository/io/netty/netty-resolver/4.1.48.Final/netty-resolver-4.1.48.Final.jar:/home/alex/.m2/repository/io/netty/netty-codec-socks/4.1.48.Final/netty-codec-socks-4.1.48.Final.jar:/home/alex/.m2/repository/io/netty/netty-handler-proxy/4.1.48.Final/netty-handler-proxy-4.1.48.Final.jar:/home/alex/.m2/repository/io/netty/netty-transport-native-epoll/4.1.48.Final/netty-transport-native-epoll-4.1.48.Final-linux-x86_64.jar:/home/alex/.m2/repository/io/netty/netty-transport-native-unix-common/4.1.48.Final/netty-transport-native-unix-common-4.1.48.Final.jar:/home/alex/.m2/repository/io/netty/netty-transport-native-kqueue/4.1.48.Final/netty-transport-native-kqueue-4.1.48.Final-osx-x86_64.jar:/home/alex/.m2/repository/org/reactivestreams/reactive-streams/1.0.3/reactive-streams-1.0.3.jar:/home/alex/.m2/repository/com/typesafe/netty/netty-reactive-streams/2.0.4/netty-reactive-streams-2.0.4.jar:/home/alex/.m2/repository/com/sun/activation/javax.activation/1.2.0/javax.activation-1.2.0.jar:/home/alex/.m2/repository/org/apache/tez/tez-common/0.10.1/tez-common-0.10.1.jar:/home/alex/.m2/repository/org/apache/tez/tez-runtime-internals/0.10.1/tez-runtime-internals-0.10.1.jar:/home/alex/.m2/repository/org/apache/tez/hadoop-shim/0.10.1/hadoop-shim-0.10.1.jar:/home/alex/.m2/repository/org/apache/tez/tez-mapreduce/0.10.1/tez-mapreduce-0.10.1.jar:/home/alex/.m2/repository/org/apache/tez/tez-dag/0.10.1/tez-dag-0.10.1.jar:/home/alex/.m2/repository/org/apache/hadoop/hadoop-yarn-server-web-proxy/3.1.0/hadoop-yarn-server-web-proxy-3.1.0.jar:/home/alex/.m2/repository/org/apache/hadoop/hadoop-yarn-server-common/3.1.0/hadoop-yarn-server-common-3.1.0.jar:/home/alex/.m2/repository/org/apache/geronimo/specs/geronimo-jcache_1.0_spec/1.0-alpha-1/geronimo-jcache_1.0_spec-1.0-alpha-1.jar:/home/alex/.m2/repository/org/ehcache/ehcache/3.3.1/ehcache-3.3.1.jar:/home/alex/.m2/repository/com/zaxxer/HikariCP-java7/2.4.12/HikariCP-java7-2.4.12.jar:/home/alex/.m2/repository/org/apache/spark/spark-core_2.12/2.4.5/spark-core_2.12-2.4.5.jar:/home/alex/.m2/repository/com/twitter/chill_2.12/0.9.3/chill_2.12-0.9.3.jar:/home/alex/.m2/repository/com/twitter/chill-java/0.9.3/chill-java-0.9.3.jar:/home/alex/.m2/repository/org/apache/xbean/xbean-asm6-shaded/4.8/xbean-asm6-shaded-4.8.jar:/home/alex/.m2/repository/org/apache/hadoop/hadoop-client/3.1.0/hadoop-client-3.1.0.jar:/home/alex/.m2/repository/org/apache/hadoop/hadoop-mapreduce-client-jobclient/3.1.0/hadoop-mapreduce-client-jobclient-3.1.0.jar:/home/alex/.m2/repository/org/apache/spark/spark-launcher_2.12/2.4.5/spark-launcher_2.12-2.4.5.jar:/home/alex/.m2/repository/org/apache/spark/spark-kvstore_2.12/2.4.5/spark-kvstore_2.12-2.4.5.jar:/home/alex/.m2/repository/org/apache/spark/spark-network-common_2.12/2.4.5/spark-network-common_2.12-2.4.5.jar:/home/alex/.m2/repository/org/apache/spark/spark-network-shuffle_2.12/2.4.5/spark-network-shuffle_2.12-2.4.5.jar:/home/alex/.m2/repository/org/apache/spark/spark-unsafe_2.12/2.4.5/spark-unsafe_2.12-2.4.5.jar:/home/alex/.m2/repository/javax/activation/activation/1.1.1/activation-1.1.1.jar:/home/alex/.m2/repository/org/slf4j/jul-to-slf4j/1.7.16/jul-to-slf4j-1.7.16.jar:/home/alex/.m2/repository/org/slf4j/jcl-over-slf4j/1.7.16/jcl-over-slf4j-1.7.16.jar:/home/alex/.m2/repository/com/ning/compress-lzf/1.0.3/compress-lzf-1.0.3.jar:/home/alex/.m2/repository/org/lz4/lz4-java/1.4.0/lz4-java-1.4.0.jar:/home/alex/.m2/repository/com/github/luben/zstd-jni/1.3.2-2/zstd-jni-1.3.2-2.jar:/home/alex/.m2/repository/org/scala-lang/scala-library/2.12.10/scala-library-2.12.10.jar:/home/alex/.m2/repository/org/json4s/json4s-jackson_2.12/3.5.3/json4s-jackson_2.12-3.5.3.jar:/home/alex/.m2/repository/org/json4s/json4s-core_2.12/3.5.3/json4s-core_2.12-3.5.3.jar:/home/alex/.m2/repository/org/json4s/json4s-ast_2.12/3.5.3/json4s-ast_2.12-3.5.3.jar:/home/alex/.m2/repository/org/json4s/json4s-scalap_2.12/3.5.3/json4s-scalap_2.12-3.5.3.jar:/home/alex/.m2/repository/org/scala-lang/modules/scala-xml_2.12/1.0.6/scala-xml_2.12-1.0.6.jar:/home/alex/.m2/repository/com/clearspring/analytics/stream/2.7.0/stream-2.7.0.jar:/home/alex/.m2/repository/io/dropwizard/metrics/metrics-graphite/3.1.5/metrics-graphite-3.1.5.jar:/home/alex/.m2/repository/oro/oro/2.0.8/oro-2.0.8.jar:/home/alex/.m2/repository/net/razorvine/pyrolite/4.13/pyrolite-4.13.jar:/home/alex/.m2/repository/net/sf/py4j/py4j/0.10.7/py4j-0.10.7.jar:/home/alex/.m2/repository/org/apache/spark/spark-tags_2.12/2.4.5/spark-tags_2.12-2.4.5.jar:/home/alex/.m2/repository/org/spark-project/spark/unused/1.0.0/unused-1.0.0.jar:/home/alex/.m2/repository/com/sun/jersey/jersey-servlet/1.19/jersey-servlet-1.19.jar:/home/alex/.m2/repository/org/glassfish/jersey/core/jersey-server/2.22.2/jersey-server-2.22.2.jar:/home/alex/.m2/repository/org/glassfish/jersey/core/jersey-common/2.22.2/jersey-common-2.22.2.jar:/home/alex/.m2/repository/org/glassfish/jersey/bundles/repackaged/jersey-guava/2.22.2/jersey-guava-2.22.2.jar:/home/alex/.m2/repository/org/glassfish/hk2/osgi-resource-locator/1.0.1/osgi-resource-locator-1.0.1.jar:/home/alex/.m2/repository/org/glassfish/jersey/core/jersey-client/2.22.2/jersey-client-2.22.2.jar:/home/alex/.m2/repository/javax/ws/rs/javax.ws.rs-api/2.0.1/javax.ws.rs-api-2.0.1.jar:/home/alex/.m2/repository/org/glassfish/jersey/media/jersey-media-jaxb/2.22.2/jersey-media-jaxb-2.22.2.jar:/home/alex/.m2/repository/org/glassfish/hk2/hk2-api/2.4.0-b34/hk2-api-2.4.0-b34.jar:/home/alex/.m2/repository/org/glassfish/hk2/hk2-utils/2.4.0-b34/hk2-utils-2.4.0-b34.jar:/home/alex/.m2/repository/org/glassfish/hk2/external/aopalliance-repackaged/2.4.0-b34/aopalliance-repackaged-2.4.0-b34.jar:/home/alex/.m2/repository/org/glassfish/hk2/external/javax.inject/2.4.0-b34/javax.inject-2.4.0-b34.jar:/home/alex/.m2/repository/org/glassfish/hk2/hk2-locator/2.4.0-b34/hk2-locator-2.4.0-b34.jar:/home/alex/.m2/repository/javax/validation/validation-api/1.1.0.Final/validation-api-1.1.0.Final.jar:/home/alex/.m2/repository/org/glassfish/jersey/containers/jersey-container-servlet-core/2.22.2/jersey-container-servlet-core-2.22.2.jar:/home/alex/.m2/repository/org/hamcrest/hamcrest-all/1.3/hamcrest-all-1.3.jar:/home/alex/.m2/repository/org/powermock/powermock-module-junit4/2.0.2/powermock-module-junit4-2.0.2.jar:/home/alex/.m2/repository/org/powermock/powermock-module-junit4-common/2.0.2/powermock-module-junit4-common-2.0.2.jar:/home/alex/.m2/repository/org/powermock/powermock-reflect/2.0.2/powermock-reflect-2.0.2.jar:/home/alex/.m2/repository/org/powermock/powermock-core/2.0.2/powermock-core-2.0.2.jar:/home/alex/.m2/repository/org/powermock/powermock-api-mockito2/2.0.2/powermock-api-mockito2-2.0.2.jar:/home/alex/.m2/repository/org/powermock/powermock-api-support/2.0.2/powermock-api-support-2.0.2.jar:/home/alex/.m2/repository/com/google/guava/guava-testlib/19.0/guava-testlib-19.0.jar:/home/alex/.m2/repository/com/google/errorprone/error_prone_annotations/2.0.2/error_prone_annotations-2.0.2.jar:/home/alex/.m2/repository/com/google/re2j/re2j/1.2/re2j-1.2.jar:/home/alex/.m2/repository/org/reflections/reflections/0.9.10/reflections-0.9.10.jar:/home/alex/.m2/repository/org/javassist/javassist/3.19.0-GA/javassist-3.19.0-GA.jar:/home/alex/.m2/repository/com/jayway/jsonpath/json-path/2.4.0/json-path-2.4.0.jar:/home/alex/.m2/repository/net/minidev/json-smart/2.3/json-smart-2.3.jar:/home/alex/.m2/repository/net/minidev/accessors-smart/1.2/accessors-smart-1.2.jar:/home/alex/.m2/repository/org/ow2/asm/asm/5.0.4/asm-5.0.4.jar:/home/alex/.m2/repository/org/codehaus/janino/commons-compiler/3.0.11/commons-compiler-3.0.11.jar:/home/alex/.m2/repository/org/codehaus/janino/janino/3.0.11/janino-3.0.11.jar:/home/alex/.m2/repository/com/sun/jersey/contribs/jersey-multipart/1.19/jersey-multipart-1.19.jar:/home/alex/.m2/repository/org/jvnet/mimepull/mimepull/1.9.3/mimepull-1.9.3.jar:/home/alex/.m2/repository/org/apache/kafka/kafka-clients/2.5.0/kafka-clients-2.5.0.jar:/home/alex/.m2/repository/org/slf4j/slf4j-api/1.7.30/slf4j-api-1.7.30.jar:/home/alex/.m2/repository/org/mockito/mockito-core/3.4.4/mockito-core-3.4.4.jar:/home/alex/.m2/repository/net/bytebuddy/byte-buddy/1.10.13/byte-buddy-1.10.13.jar:/home/alex/.m2/repository/net/bytebuddy/byte-buddy-agent/1.10.13/byte-buddy-agent-1.10.13.jar:/home/alex/Repositories/hive/ql/target/testconf:/home/alex/Repositories/hive/ql/../conf:"/>
    <property name="sun.cpu.endian" value="little"/>
    <property name="user.home" value="/home/alex"/>
    <property name="user.language" value="en"/>
    <property name="java.security.krb5.conf" value="/home/alex/Repositories/hive/ql/target/testconf/krb5.conf"/>
    <property name="test.dfs.mkdir" value=""/>
    <property name="java.awt.graphicsenv" value="sun.awt.X11GraphicsEnvironment"/>
    <property name="nondexFilter" value=".*"/>
    <property name="nondexSeed" value="974622"/>
    <property name="surefire.real.class.path" value="/home/alex/Repositories/hive/ql/target/surefire/surefirebooter7754089515665209170.jar"/>
    <property name="hadoop.log.dir" value="/home/alex/Repositories/hive/ql/target/tmp"/>
    <property name="java.net.preferIPv4Stack" value="true"/>
    <property name="path.separator" value=":"/>
    <property name="os.version" value="6.5.0-28-generic"/>
    <property name="java.endorsed.dirs" value="/usr/lib/jvm/java-8-openjdk-amd64/jre/lib/endorsed"/>
    <property name="java.runtime.name" value="OpenJDK Runtime Environment"/>
    <property name="hive.test.console.log.level" value="INFO"/>
    <property name="java.vm.name" value="OpenJDK 64-Bit Server VM"/>
    <property name="java.vendor.url.bug" value="http://bugreport.sun.com/bugreport/"/>
    <property name="maven.local.repository" value="/home/alex/.m2/repository"/>
    <property name="user.dir" value="/home/alex/Repositories/hive/ql"/>
    <property name="os.arch" value="amd64"/>
    <property name="nondexMode" value="FULL"/>
    <property name="user.language.format" value="pt"/>
    <property name="antlr.version" value="3.5.2"/>
    <property name="derby.version" value="10.14.1.0"/>
    <property name="java.vm.info" value="mixed mode"/>
    <property name="java.vm.version" value="25.402-b06"/>
    <property name="java.ext.dirs" value="/usr/lib/jvm/java-8-openjdk-amd64/jre/lib/ext:/usr/java/packages/lib/ext"/>
    <property name="java.class.version" value="52.0"/>
    <property name="test.output.overwrite" value=""/>
    <property name="hive.root" value="/home/alex/Repositories/hive/ql/../"/>
  </properties>
  <testcase name="testInsertFromUnion" classname="org.apache.hadoop.hive.ql.TestTxnNoBuckets" time="26.767"/>
  <testcase name="testCtasPartitioned" classname="org.apache.hadoop.hive.ql.TestTxnNoBuckets" time="3.733"/>
  <testcase name="testNoBucketsDP" classname="org.apache.hadoop.hive.ql.TestTxnNoBuckets" time="15.672">
    <error type="java.lang.RuntimeException"><![CDATA[java.lang.RuntimeException: update nobuckets set c2 = 17 where c2 in(0,3) failed: (responseCode = 40000, errorMessage = FAILED: NoMatchingMethodException No matching method for class org.apache.hadoop.hive.ql.udf.UDFToInteger with (struct<writeid:bigint,bucketid:int,rowid:bigint>). Possible choices: _FUNC_(bigint)  _FUNC_(boolean)  _FUNC_(decimal(38,18))  _FUNC_(double)  _FUNC_(float)  _FUNC_(smallint)  _FUNC_(string)  _FUNC_(struct<writeid:int,rowid:bigint,bucketid:bigint>)  _FUNC_(timestamp)  _FUNC_(tinyint)  _FUNC_(void)  , hiveErrorCode = 40000, SQLState = 42000, exception = No matching method for class org.apache.hadoop.hive.ql.udf.UDFToInteger with (struct<writeid:bigint,bucketid:int,rowid:bigint>). Possible choices: _FUNC_(bigint)  _FUNC_(boolean)  _FUNC_(decimal(38,18))  _FUNC_(double)  _FUNC_(float)  _FUNC_(smallint)  _FUNC_(string)  _FUNC_(struct<writeid:int,rowid:bigint,bucketid:bigint>)  _FUNC_(timestamp)  _FUNC_(tinyint)  _FUNC_(void)  )
	at org.apache.hadoop.hive.ql.TxnCommandsBaseForTests.runStatementOnDriver(TxnCommandsBaseForTests.java:247)
	at org.apache.hadoop.hive.ql.TestTxnNoBuckets.testNoBucketsDP(TestTxnNoBuckets.java:233)
	at sun.reflect.NativeMethodAccessorImpl.invoke0(Native Method)
	at sun.reflect.NativeMethodAccessorImpl.invoke(NativeMethodAccessorImpl.java:62)
	at sun.reflect.DelegatingMethodAccessorImpl.invoke(DelegatingMethodAccessorImpl.java:43)
	at java.lang.reflect.Method.invoke(Method.java:498)
	at org.junit.runners.model.FrameworkMethod$1.runReflectiveCall(FrameworkMethod.java:59)
	at org.junit.internal.runners.model.ReflectiveCallable.run(ReflectiveCallable.java:12)
	at org.junit.runners.model.FrameworkMethod.invokeExplosively(FrameworkMethod.java:56)
	at org.junit.internal.runners.statements.InvokeMethod.evaluate(InvokeMethod.java:17)
	at org.junit.internal.runners.statements.RunBefores.evaluate(RunBefores.java:26)
	at org.junit.internal.runners.statements.RunAfters.evaluate(RunAfters.java:27)
	at org.junit.rules.TestWatcher$1.evaluate(TestWatcher.java:61)
	at org.junit.runners.ParentRunner$3.evaluate(ParentRunner.java:306)
	at org.junit.runners.BlockJUnit4ClassRunner$1.evaluate(BlockJUnit4ClassRunner.java:100)
	at org.junit.runners.ParentRunner.runLeaf(ParentRunner.java:366)
	at org.junit.runners.BlockJUnit4ClassRunner.runChild(BlockJUnit4ClassRunner.java:103)
	at org.junit.runners.BlockJUnit4ClassRunner.runChild(BlockJUnit4ClassRunner.java:63)
	at org.junit.runners.ParentRunner$4.run(ParentRunner.java:331)
	at org.junit.runners.ParentRunner$1.schedule(ParentRunner.java:79)
	at org.junit.runners.ParentRunner.runChildren(ParentRunner.java:329)
	at org.junit.runners.ParentRunner.access$100(ParentRunner.java:66)
	at org.junit.runners.ParentRunner$2.evaluate(ParentRunner.java:293)
	at org.junit.runners.ParentRunner$3.evaluate(ParentRunner.java:306)
	at org.junit.runners.ParentRunner.run(ParentRunner.java:413)
	at org.junit.runner.JUnitCore.run(JUnitCore.java:137)
	at org.junit.runner.JUnitCore.run(JUnitCore.java:115)
	at org.junit.vintage.engine.execution.RunnerExecutor.execute(RunnerExecutor.java:43)
	at java.util.stream.ForEachOps$ForEachOp$OfRef.accept(ForEachOps.java:183)
	at java.util.stream.ReferencePipeline$3$1.accept(ReferencePipeline.java:193)
	at java.util.Iterator.forEachRemaining(Iterator.java:116)
	at java.util.Spliterators$IteratorSpliterator.forEachRemaining(Spliterators.java:1801)
	at java.util.stream.AbstractPipeline.copyInto(AbstractPipeline.java:482)
	at java.util.stream.AbstractPipeline.wrapAndCopyInto(AbstractPipeline.java:472)
	at java.util.stream.ForEachOps$ForEachOp.evaluateSequential(ForEachOps.java:150)
	at java.util.stream.ForEachOps$ForEachOp$OfRef.evaluateSequential(ForEachOps.java:173)
	at java.util.stream.AbstractPipeline.evaluate(AbstractPipeline.java:234)
	at java.util.stream.ReferencePipeline.forEach(ReferencePipeline.java:485)
	at org.junit.vintage.engine.VintageTestEngine.executeAllChildren(VintageTestEngine.java:82)
	at org.junit.vintage.engine.VintageTestEngine.execute(VintageTestEngine.java:73)
	at org.junit.platform.launcher.core.DefaultLauncher.execute(DefaultLauncher.java:248)
	at org.junit.platform.launcher.core.DefaultLauncher.lambda$execute$5(DefaultLauncher.java:211)
	at org.junit.platform.launcher.core.DefaultLauncher.withInterceptedStreams(DefaultLauncher.java:226)
	at org.junit.platform.launcher.core.DefaultLauncher.execute(DefaultLauncher.java:199)
	at org.junit.platform.launcher.core.DefaultLauncher.execute(DefaultLauncher.java:132)
	at org.apache.maven.surefire.junitplatform.JUnitPlatformProvider.invokeAllTests(JUnitPlatformProvider.java:154)
	at org.apache.maven.surefire.junitplatform.JUnitPlatformProvider.invoke(JUnitPlatformProvider.java:123)
	at org.apache.maven.surefire.booter.ForkedBooter.runSuitesInProcess(ForkedBooter.java:377)
	at org.apache.maven.surefire.booter.ForkedBooter.execute(ForkedBooter.java:138)
	at org.apache.maven.surefire.booter.ForkedBooter.run(ForkedBooter.java:465)
	at org.apache.maven.surefire.booter.ForkedBooter.main(ForkedBooter.java:451)
]]></error>
    <system-err><![CDATA[2024-04-24T01:17:35,892  WARN [main] conf.HiveConf: HiveConf of name hive.metastore.client.cache.recordStats does not exist
2024-04-24T01:17:35,892  WARN [main] conf.HiveConf: HiveConf of name hive.dummyparam.test.server.specific.config.override does not exist
2024-04-24T01:17:35,892  WARN [main] conf.HiveConf: HiveConf of name hive.dummyparam.test.server.specific.config.hivesite does not exist
2024-04-24T01:17:35,892  WARN [main] conf.HiveConf: HiveConf of name hive.metastore.client.cache.maxSize does not exist
2024-04-24T01:17:35,892  WARN [main] conf.HiveConf: HiveConf of name hive.llap.io.cache.orc.size does not exist
2024-04-24T01:17:35,892  WARN [main] conf.HiveConf: HiveConf of name hive.stats.key.prefix.reserve.length does not exist
2024-04-24T01:17:35,892  WARN [main] conf.HiveConf: HiveConf of name hive.llap.io.cache.orc.arena.size does not exist
2024-04-24T01:17:35,892  WARN [main] conf.HiveConf: HiveConf of name hive.metastore.metadb.dir does not exist
2024-04-24T01:17:35,892  WARN [main] conf.HiveConf: HiveConf of name hive.llap.io.cache.orc.alloc.min does not exist
2024-04-24T01:17:35,892  WARN [main] conf.HiveConf: HiveConf of name hive.dummyparam.test.server.specific.config.metastoresite does not exist
2024-04-24T01:17:35,892  WARN [main] conf.HiveConf: HiveConf of name hive.llap.io.cache.orc.alloc.max does not exist
2024-04-24T01:17:35,894  INFO [main] utils.TestTxnDbUtil: Creating transactional tables
Hive Session ID = e200bcba-f0ca-4f02-9e42-4b4d6a93de0f
2024-04-24T01:17:35,897  INFO [main] SessionState: Hive Session ID = e200bcba-f0ca-4f02-9e42-4b4d6a93de0f
ivysettings.xml file not found in HIVE_HOME or HIVE_CONF_DIR,/home/alex/Repositories/hive/conf/ivysettings.xml will be used
2024-04-24T01:17:35,898  INFO [main] DependencyResolver: ivysettings.xml file not found in HIVE_HOME or HIVE_CONF_DIR,/home/alex/Repositories/hive/conf/ivysettings.xml will be used
2024-04-24T01:17:35,904  INFO [main] session.SessionState: Created HDFS directory: /home/alex/Repositories/hive/ql/target/tmp/scratchdir/alex/e200bcba-f0ca-4f02-9e42-4b4d6a93de0f
2024-04-24T01:17:35,907  INFO [main] session.SessionState: Created local directory: /home/alex/Repositories/hive/ql/target/tmp/localscratchdir/e200bcba-f0ca-4f02-9e42-4b4d6a93de0f
2024-04-24T01:17:35,909  INFO [main] session.SessionState: Created HDFS directory: /home/alex/Repositories/hive/ql/target/tmp/scratchdir/alex/e200bcba-f0ca-4f02-9e42-4b4d6a93de0f/_tmp_space.db
2024-04-24T01:17:35,910  INFO [main] sqlstd.SQLStdHiveAccessController: Created SQLStdHiveAccessController for session context : HiveAuthzSessionContext [sessionString=e200bcba-f0ca-4f02-9e42-4b4d6a93de0f, clientType=HIVECLI]
2024-04-24T01:17:35,910  INFO [main] ql.TxnCommandsBaseForTests: Running the query: drop table if exists acidTbl
2024-04-24T01:17:35,911  INFO [main] ql.Driver: Compiling command(queryId=alex_20240424011735_379e05f5-7125-4eda-b61d-a8fbc4a4de29): drop table if exists acidTbl
2024-04-24T01:17:35,920  INFO [main] txn.TxnHandler: Added entries to MIN_HISTORY_LEVEL for current txns: ([1]) with min_open_txn: 1
2024-04-24T01:17:35,921  INFO [main] lockmgr.DbTxnManager: Opened txnid:1
2024-04-24T01:17:35,924  INFO [main] HiveMetaStore.audit: ugi=alex	ip=unknown-ip-addr	cmd=get_table : tbl=hive.default.acidTbl	
2024-04-24T01:17:35,930  INFO [main] ql.Driver: Semantic Analysis Completed (retrial = false)
2024-04-24T01:17:35,930  INFO [main] ql.Driver: Created Hive schema: Schema(fieldSchemas:null, properties:null)
2024-04-24T01:17:35,930  INFO [main] metadata.Hive: Dumping metastore api call timing information for : compilation phase
2024-04-24T01:17:35,931  INFO [main] metadata.Hive: Total time spent in each metastore function (ms): {openTxn_(String, TxnType)=10, isCompatibleWith_(Configuration)=0, flushCache_()=0, getValidTxns_(long)=3, commitTxn_(CommitTxnRequest)=16}
2024-04-24T01:17:35,931  INFO [main] ql.Driver: Completed compiling command(queryId=alex_20240424011735_379e05f5-7125-4eda-b61d-a8fbc4a4de29); Time taken: 0.02 seconds
2024-04-24T01:17:35,931  INFO [main] lockmgr.DbTxnManager: Setting lock request transaction to txnid:1 for queryId=alex_20240424011735_379e05f5-7125-4eda-b61d-a8fbc4a4de29
2024-04-24T01:17:35,931  INFO [main] ql.Driver: Operation DROPTABLE obtained 0 locks
2024-04-24T01:17:35,931  INFO [main] ql.Driver: Executing command(queryId=alex_20240424011735_379e05f5-7125-4eda-b61d-a8fbc4a4de29): drop table if exists acidTbl
2024-04-24T01:17:35,931  INFO [main] ql.Driver: Starting task [Stage-0:DDL] in serial mode
2024-04-24T01:17:35,932  INFO [main] HiveMetaStore.audit: ugi=alex	ip=unknown-ip-addr	cmd=get_table : tbl=hive.default.acidTbl	
2024-04-24T01:17:35,936  INFO [main] metadata.Hive: Dumping metastore api call timing information for : execution phase
2024-04-24T01:17:35,936  INFO [main] metadata.Hive: Total time spent in each metastore function (ms): {isCompatibleWith_(Configuration)=1}
2024-04-24T01:17:35,936  INFO [main] ql.Driver: Completed executing command(queryId=alex_20240424011735_379e05f5-7125-4eda-b61d-a8fbc4a4de29); Time taken: 0.005 seconds
2024-04-24T01:17:35,936  INFO [main] lockmgr.DbTxnManager: Stopped heartbeat for query: alex_20240424011735_379e05f5-7125-4eda-b61d-a8fbc4a4de29
2024-04-24T01:17:35,946  INFO [main] txn.TxnHandler: Expected to move at least one record from txn_components to completed_txn_components when committing txn! txnid:1
2024-04-24T01:17:35,954  INFO [main] txn.TxnHandler: Removed transactions: ([1]) from MIN_HISTORY_LEVEL
2024-04-24T01:17:35,955  WARN [main] txn.CompactionTxnHandler: No compaction queue record found for Compaction type transaction commit. txnId:1
2024-04-24T01:17:35,955  INFO [main] ql.TxnCommandsBaseForTests: Running the query: drop table if exists acidTblPart
2024-04-24T01:17:35,956  INFO [main] ql.Driver: Compiling command(queryId=alex_20240424011735_60795262-a7cd-4ea0-8c51-4df010247011): drop table if exists acidTblPart
2024-04-24T01:17:35,960  INFO [main] txn.TxnHandler: Added entries to MIN_HISTORY_LEVEL for current txns: ([2]) with min_open_txn: 1
2024-04-24T01:17:35,961  INFO [main] lockmgr.DbTxnManager: Opened txnid:2
2024-04-24T01:17:35,962  INFO [main] HiveMetaStore.audit: ugi=alex	ip=unknown-ip-addr	cmd=get_table : tbl=hive.default.acidTblPart	
2024-04-24T01:17:35,967  INFO [main] ql.Driver: Semantic Analysis Completed (retrial = false)
2024-04-24T01:17:35,967  INFO [main] ql.Driver: Created Hive schema: Schema(fieldSchemas:null, properties:null)
2024-04-24T01:17:35,967  INFO [main] metadata.Hive: Dumping metastore api call timing information for : compilation phase
2024-04-24T01:17:35,967  INFO [main] metadata.Hive: Total time spent in each metastore function (ms): {isCompatibleWith_(Configuration)=0, getValidTxns_(long)=1, commitTxn_(CommitTxnRequest)=19, flushCache_()=0, openTxn_(String, TxnType)=5}
2024-04-24T01:17:35,968  INFO [main] ql.Driver: Completed compiling command(queryId=alex_20240424011735_60795262-a7cd-4ea0-8c51-4df010247011); Time taken: 0.011 seconds
2024-04-24T01:17:35,968  INFO [main] lockmgr.DbTxnManager: Setting lock request transaction to txnid:2 for queryId=alex_20240424011735_60795262-a7cd-4ea0-8c51-4df010247011
2024-04-24T01:17:35,968  INFO [main] ql.Driver: Operation DROPTABLE obtained 0 locks
2024-04-24T01:17:35,968  INFO [main] ql.Driver: Executing command(queryId=alex_20240424011735_60795262-a7cd-4ea0-8c51-4df010247011): drop table if exists acidTblPart
2024-04-24T01:17:35,968  INFO [main] ql.Driver: Starting task [Stage-0:DDL] in serial mode
2024-04-24T01:17:35,969  INFO [main] HiveMetaStore.audit: ugi=alex	ip=unknown-ip-addr	cmd=get_table : tbl=hive.default.acidTblPart	
2024-04-24T01:17:35,973  INFO [main] metadata.Hive: Dumping metastore api call timing information for : execution phase
2024-04-24T01:17:35,973  INFO [main] metadata.Hive: Total time spent in each metastore function (ms): {isCompatibleWith_(Configuration)=0}
2024-04-24T01:17:35,973  INFO [main] ql.Driver: Completed executing command(queryId=alex_20240424011735_60795262-a7cd-4ea0-8c51-4df010247011); Time taken: 0.005 seconds
2024-04-24T01:17:35,973  INFO [main] lockmgr.DbTxnManager: Stopped heartbeat for query: alex_20240424011735_60795262-a7cd-4ea0-8c51-4df010247011
2024-04-24T01:17:35,981  INFO [main] txn.TxnHandler: Expected to move at least one record from txn_components to completed_txn_components when committing txn! txnid:2
2024-04-24T01:17:35,988  INFO [main] txn.TxnHandler: Removed transactions: ([2]) from MIN_HISTORY_LEVEL
2024-04-24T01:17:35,988  WARN [main] txn.CompactionTxnHandler: No compaction queue record found for Compaction type transaction commit. txnId:2
2024-04-24T01:17:35,989  INFO [main] ql.TxnCommandsBaseForTests: Running the query: drop table if exists acidTbl2
2024-04-24T01:17:35,990  INFO [main] ql.Driver: Compiling command(queryId=alex_20240424011735_8b2d92fc-c997-4e5c-8c75-bdeffcb6bc56): drop table if exists acidTbl2
2024-04-24T01:17:35,993  INFO [main] txn.TxnHandler: Added entries to MIN_HISTORY_LEVEL for current txns: ([3]) with min_open_txn: 1
2024-04-24T01:17:35,993  INFO [main] lockmgr.DbTxnManager: Opened txnid:3
2024-04-24T01:17:35,994  INFO [main] HiveMetaStore.audit: ugi=alex	ip=unknown-ip-addr	cmd=get_table : tbl=hive.default.acidTbl2	
2024-04-24T01:17:35,997  INFO [main] ql.Driver: Semantic Analysis Completed (retrial = false)
2024-04-24T01:17:35,997  INFO [main] ql.Driver: Created Hive schema: Schema(fieldSchemas:null, properties:null)
2024-04-24T01:17:35,998  INFO [main] metadata.Hive: Dumping metastore api call timing information for : compilation phase
2024-04-24T01:17:35,998  INFO [main] metadata.Hive: Total time spent in each metastore function (ms): {openTxn_(String, TxnType)=3, isCompatibleWith_(Configuration)=0, commitTxn_(CommitTxnRequest)=15, flushCache_()=0, getValidTxns_(long)=1}
2024-04-24T01:17:35,998  INFO [main] ql.Driver: Completed compiling command(queryId=alex_20240424011735_8b2d92fc-c997-4e5c-8c75-bdeffcb6bc56); Time taken: 0.008 seconds
2024-04-24T01:17:35,999  INFO [main] lockmgr.DbTxnManager: Setting lock request transaction to txnid:3 for queryId=alex_20240424011735_8b2d92fc-c997-4e5c-8c75-bdeffcb6bc56
2024-04-24T01:17:35,999  INFO [main] ql.Driver: Operation DROPTABLE obtained 0 locks
2024-04-24T01:17:35,999  INFO [main] ql.Driver: Executing command(queryId=alex_20240424011735_8b2d92fc-c997-4e5c-8c75-bdeffcb6bc56): drop table if exists acidTbl2
2024-04-24T01:17:35,999  INFO [main] ql.Driver: Starting task [Stage-0:DDL] in serial mode
2024-04-24T01:17:35,999  INFO [main] HiveMetaStore.audit: ugi=alex	ip=unknown-ip-addr	cmd=get_table : tbl=hive.default.acidTbl2	
2024-04-24T01:17:36,003  INFO [main] metadata.Hive: Dumping metastore api call timing information for : execution phase
2024-04-24T01:17:36,003  INFO [main] metadata.Hive: Total time spent in each metastore function (ms): {isCompatibleWith_(Configuration)=0}
2024-04-24T01:17:36,003  INFO [main] ql.Driver: Completed executing command(queryId=alex_20240424011735_8b2d92fc-c997-4e5c-8c75-bdeffcb6bc56); Time taken: 0.004 seconds
2024-04-24T01:17:36,003  INFO [main] lockmgr.DbTxnManager: Stopped heartbeat for query: alex_20240424011735_8b2d92fc-c997-4e5c-8c75-bdeffcb6bc56
2024-04-24T01:17:36,009  INFO [main] txn.TxnHandler: Expected to move at least one record from txn_components to completed_txn_components when committing txn! txnid:3
2024-04-24T01:17:36,017  INFO [main] txn.TxnHandler: Removed transactions: ([3]) from MIN_HISTORY_LEVEL
2024-04-24T01:17:36,017  WARN [main] txn.CompactionTxnHandler: No compaction queue record found for Compaction type transaction commit. txnId:3
2024-04-24T01:17:36,018  INFO [main] ql.TxnCommandsBaseForTests: Running the query: drop table if exists nonAcidOrcTbl
2024-04-24T01:17:36,018  INFO [main] ql.Driver: Compiling command(queryId=alex_20240424011736_f4a782eb-9200-4131-b35d-e8bebe6df1e9): drop table if exists nonAcidOrcTbl
2024-04-24T01:17:36,022  INFO [main] txn.TxnHandler: Added entries to MIN_HISTORY_LEVEL for current txns: ([4]) with min_open_txn: 1
2024-04-24T01:17:36,022  INFO [main] lockmgr.DbTxnManager: Opened txnid:4
2024-04-24T01:17:36,023  INFO [main] HiveMetaStore.audit: ugi=alex	ip=unknown-ip-addr	cmd=get_table : tbl=hive.default.nonAcidOrcTbl	
2024-04-24T01:17:36,027  INFO [main] ql.Driver: Semantic Analysis Completed (retrial = false)
2024-04-24T01:17:36,028  INFO [main] ql.Driver: Created Hive schema: Schema(fieldSchemas:null, properties:null)
2024-04-24T01:17:36,028  INFO [main] metadata.Hive: Dumping metastore api call timing information for : compilation phase
2024-04-24T01:17:36,028  INFO [main] metadata.Hive: Total time spent in each metastore function (ms): {commitTxn_(CommitTxnRequest)=15, openTxn_(String, TxnType)=3, flushCache_()=0, getValidTxns_(long)=0, isCompatibleWith_(Configuration)=0}
2024-04-24T01:17:36,028  INFO [main] ql.Driver: Completed compiling command(queryId=alex_20240424011736_f4a782eb-9200-4131-b35d-e8bebe6df1e9); Time taken: 0.01 seconds
2024-04-24T01:17:36,028  INFO [main] lockmgr.DbTxnManager: Setting lock request transaction to txnid:4 for queryId=alex_20240424011736_f4a782eb-9200-4131-b35d-e8bebe6df1e9
2024-04-24T01:17:36,028  INFO [main] ql.Driver: Operation DROPTABLE obtained 0 locks
2024-04-24T01:17:36,028  INFO [main] ql.Driver: Executing command(queryId=alex_20240424011736_f4a782eb-9200-4131-b35d-e8bebe6df1e9): drop table if exists nonAcidOrcTbl
2024-04-24T01:17:36,028  INFO [main] ql.Driver: Starting task [Stage-0:DDL] in serial mode
2024-04-24T01:17:36,029  INFO [main] HiveMetaStore.audit: ugi=alex	ip=unknown-ip-addr	cmd=get_table : tbl=hive.default.nonAcidOrcTbl	
2024-04-24T01:17:36,032  INFO [main] metadata.Hive: Dumping metastore api call timing information for : execution phase
2024-04-24T01:17:36,032  INFO [main] metadata.Hive: Total time spent in each metastore function (ms): {isCompatibleWith_(Configuration)=0}
2024-04-24T01:17:36,032  INFO [main] ql.Driver: Completed executing command(queryId=alex_20240424011736_f4a782eb-9200-4131-b35d-e8bebe6df1e9); Time taken: 0.004 seconds
2024-04-24T01:17:36,032  INFO [main] lockmgr.DbTxnManager: Stopped heartbeat for query: alex_20240424011736_f4a782eb-9200-4131-b35d-e8bebe6df1e9
2024-04-24T01:17:36,039  INFO [main] txn.TxnHandler: Expected to move at least one record from txn_components to completed_txn_components when committing txn! txnid:4
2024-04-24T01:17:36,047  INFO [main] txn.TxnHandler: Removed transactions: ([4]) from MIN_HISTORY_LEVEL
2024-04-24T01:17:36,048  WARN [main] txn.CompactionTxnHandler: No compaction queue record found for Compaction type transaction commit. txnId:4
2024-04-24T01:17:36,048  INFO [main] ql.TxnCommandsBaseForTests: Running the query: drop table if exists nonAcidOrcTbl2
2024-04-24T01:17:36,048  INFO [main] ql.Driver: Compiling command(queryId=alex_20240424011736_9d85f12f-dab8-49da-a137-bccf85f5b38c): drop table if exists nonAcidOrcTbl2
2024-04-24T01:17:36,052  INFO [main] txn.TxnHandler: Added entries to MIN_HISTORY_LEVEL for current txns: ([5]) with min_open_txn: 1
2024-04-24T01:17:36,052  INFO [main] lockmgr.DbTxnManager: Opened txnid:5
2024-04-24T01:17:36,053  INFO [main] HiveMetaStore.audit: ugi=alex	ip=unknown-ip-addr	cmd=get_table : tbl=hive.default.nonAcidOrcTbl2	
2024-04-24T01:17:36,057  INFO [main] ql.Driver: Semantic Analysis Completed (retrial = false)
2024-04-24T01:17:36,057  INFO [main] ql.Driver: Created Hive schema: Schema(fieldSchemas:null, properties:null)
2024-04-24T01:17:36,057  INFO [main] metadata.Hive: Dumping metastore api call timing information for : compilation phase
2024-04-24T01:17:36,057  INFO [main] metadata.Hive: Total time spent in each metastore function (ms): {isCompatibleWith_(Configuration)=0, flushCache_()=0, getValidTxns_(long)=1, openTxn_(String, TxnType)=3, commitTxn_(CommitTxnRequest)=16}
2024-04-24T01:17:36,058  INFO [main] ql.Driver: Completed compiling command(queryId=alex_20240424011736_9d85f12f-dab8-49da-a137-bccf85f5b38c); Time taken: 0.009 seconds
2024-04-24T01:17:36,058  INFO [main] lockmgr.DbTxnManager: Setting lock request transaction to txnid:5 for queryId=alex_20240424011736_9d85f12f-dab8-49da-a137-bccf85f5b38c
2024-04-24T01:17:36,058  INFO [main] ql.Driver: Operation DROPTABLE obtained 0 locks
2024-04-24T01:17:36,058  INFO [main] ql.Driver: Executing command(queryId=alex_20240424011736_9d85f12f-dab8-49da-a137-bccf85f5b38c): drop table if exists nonAcidOrcTbl2
2024-04-24T01:17:36,058  INFO [main] ql.Driver: Starting task [Stage-0:DDL] in serial mode
2024-04-24T01:17:36,058  INFO [main] HiveMetaStore.audit: ugi=alex	ip=unknown-ip-addr	cmd=get_table : tbl=hive.default.nonAcidOrcTbl2	
2024-04-24T01:17:36,062  INFO [main] metadata.Hive: Dumping metastore api call timing information for : execution phase
2024-04-24T01:17:36,062  INFO [main] metadata.Hive: Total time spent in each metastore function (ms): {isCompatibleWith_(Configuration)=0}
2024-04-24T01:17:36,062  INFO [main] ql.Driver: Completed executing command(queryId=alex_20240424011736_9d85f12f-dab8-49da-a137-bccf85f5b38c); Time taken: 0.004 seconds
2024-04-24T01:17:36,062  INFO [main] lockmgr.DbTxnManager: Stopped heartbeat for query: alex_20240424011736_9d85f12f-dab8-49da-a137-bccf85f5b38c
2024-04-24T01:17:36,070  INFO [main] txn.TxnHandler: Expected to move at least one record from txn_components to completed_txn_components when committing txn! txnid:5
2024-04-24T01:17:36,080  INFO [main] txn.TxnHandler: Removed transactions: ([5]) from MIN_HISTORY_LEVEL
2024-04-24T01:17:36,080  WARN [main] txn.CompactionTxnHandler: No compaction queue record found for Compaction type transaction commit. txnId:5
2024-04-24T01:17:36,081  INFO [main] ql.TxnCommandsBaseForTests: Running the query: drop table if exists nonAcidNonBucket
2024-04-24T01:17:36,081  INFO [main] ql.Driver: Compiling command(queryId=alex_20240424011736_8d759a7c-bd3f-4f91-adea-c822a7956fd2): drop table if exists nonAcidNonBucket
2024-04-24T01:17:36,085  INFO [main] txn.TxnHandler: Added entries to MIN_HISTORY_LEVEL for current txns: ([6]) with min_open_txn: 1
2024-04-24T01:17:36,085  INFO [main] lockmgr.DbTxnManager: Opened txnid:6
2024-04-24T01:17:36,086  INFO [main] HiveMetaStore.audit: ugi=alex	ip=unknown-ip-addr	cmd=get_table : tbl=hive.default.nonAcidNonBucket	
2024-04-24T01:17:36,092  INFO [main] ql.Driver: Semantic Analysis Completed (retrial = false)
2024-04-24T01:17:36,092  INFO [main] ql.Driver: Created Hive schema: Schema(fieldSchemas:null, properties:null)
2024-04-24T01:17:36,092  INFO [main] metadata.Hive: Dumping metastore api call timing information for : compilation phase
2024-04-24T01:17:36,092  INFO [main] metadata.Hive: Total time spent in each metastore function (ms): {flushCache_()=0, isCompatibleWith_(Configuration)=0, commitTxn_(CommitTxnRequest)=18, getValidTxns_(long)=0, openTxn_(String, TxnType)=3}
2024-04-24T01:17:36,093  INFO [main] ql.Driver: Completed compiling command(queryId=alex_20240424011736_8d759a7c-bd3f-4f91-adea-c822a7956fd2); Time taken: 0.011 seconds
2024-04-24T01:17:36,093  INFO [main] lockmgr.DbTxnManager: Setting lock request transaction to txnid:6 for queryId=alex_20240424011736_8d759a7c-bd3f-4f91-adea-c822a7956fd2
2024-04-24T01:17:36,093  INFO [main] ql.Driver: Operation DROPTABLE obtained 0 locks
2024-04-24T01:17:36,093  INFO [main] ql.Driver: Executing command(queryId=alex_20240424011736_8d759a7c-bd3f-4f91-adea-c822a7956fd2): drop table if exists nonAcidNonBucket
2024-04-24T01:17:36,093  INFO [main] ql.Driver: Starting task [Stage-0:DDL] in serial mode
2024-04-24T01:17:36,094  INFO [main] HiveMetaStore.audit: ugi=alex	ip=unknown-ip-addr	cmd=get_table : tbl=hive.default.nonAcidNonBucket	
2024-04-24T01:17:36,099  INFO [main] metadata.Hive: Dumping metastore api call timing information for : execution phase
2024-04-24T01:17:36,099  INFO [main] metadata.Hive: Total time spent in each metastore function (ms): {isCompatibleWith_(Configuration)=0}
2024-04-24T01:17:36,099  INFO [main] ql.Driver: Completed executing command(queryId=alex_20240424011736_8d759a7c-bd3f-4f91-adea-c822a7956fd2); Time taken: 0.006 seconds
2024-04-24T01:17:36,099  INFO [main] lockmgr.DbTxnManager: Stopped heartbeat for query: alex_20240424011736_8d759a7c-bd3f-4f91-adea-c822a7956fd2
2024-04-24T01:17:36,107  INFO [main] txn.TxnHandler: Expected to move at least one record from txn_components to completed_txn_components when committing txn! txnid:6
2024-04-24T01:17:36,114  INFO [main] txn.TxnHandler: Removed transactions: ([6]) from MIN_HISTORY_LEVEL
2024-04-24T01:17:36,114  WARN [main] txn.CompactionTxnHandler: No compaction queue record found for Compaction type transaction commit. txnId:6
2024-04-24T01:17:36,115  INFO [main] ql.TxnCommandsBaseForTests: Running the query: create table acidTbl(a int, b int) clustered by (a) into 2 buckets stored as orc TBLPROPERTIES ('transactional'='true')
2024-04-24T01:17:36,115  INFO [main] ql.Driver: Compiling command(queryId=alex_20240424011736_94ca2519-2d41-481b-b0bd-c96d5d5164f7): create table acidTbl(a int, b int) clustered by (a) into 2 buckets stored as orc TBLPROPERTIES ('transactional'='true')
2024-04-24T01:17:36,118  INFO [main] txn.TxnHandler: Added entries to MIN_HISTORY_LEVEL for current txns: ([7]) with min_open_txn: 1
2024-04-24T01:17:36,118  INFO [main] lockmgr.DbTxnManager: Opened txnid:7
2024-04-24T01:17:36,119  INFO [main] parse.CalcitePlanner: Starting caching scope for: 
2024-04-24T01:17:36,120  INFO [main] parse.CalcitePlanner: Starting Semantic Analysis
2024-04-24T01:17:36,126  INFO [main] parse.CalcitePlanner: Creating table default.acidTbl position=13
2024-04-24T01:17:36,126  INFO [main] HiveMetaStore.audit: ugi=alex	ip=unknown-ip-addr	cmd=get_database: default	
2024-04-24T01:17:36,128  INFO [main] parse.CalcitePlanner: Ending caching scope for: 
2024-04-24T01:17:36,128  INFO [main] ql.Driver: Semantic Analysis Completed (retrial = false)
2024-04-24T01:17:36,128  INFO [main] ql.Driver: Created Hive schema: Schema(fieldSchemas:null, properties:null)
2024-04-24T01:17:36,129  INFO [main] metadata.Hive: Dumping metastore api call timing information for : compilation phase
2024-04-24T01:17:36,129  INFO [main] metadata.Hive: Total time spent in each metastore function (ms): {getValidTxns_(long)=0, getDatabase_(String)=2, getValidWriteIds_(List, String)=6, commitTxn_(CommitTxnRequest)=14, isCompatibleWith_(Configuration)=1, flushCache_()=0, openTxn_(String, TxnType)=2}
2024-04-24T01:17:36,129  INFO [main] ql.Driver: Completed compiling command(queryId=alex_20240424011736_94ca2519-2d41-481b-b0bd-c96d5d5164f7); Time taken: 0.013 seconds
2024-04-24T01:17:36,129  INFO [main] lockmgr.DbTxnManager: Setting lock request transaction to txnid:7 for queryId=alex_20240424011736_94ca2519-2d41-481b-b0bd-c96d5d5164f7
2024-04-24T01:17:36,129  INFO [main] lockmgr.DbLockManager: Requesting lock for queryId=alex_20240424011736_94ca2519-2d41-481b-b0bd-c96d5d5164f7
2024-04-24T01:17:36,162  INFO [main] lockmgr.DbLockManager: Response to queryId=alex_20240424011736_94ca2519-2d41-481b-b0bd-c96d5d5164f7 LockResponse(lockid:1, state:ACQUIRED)
2024-04-24T01:17:36,162  INFO [main] ql.Driver: Operation CREATETABLE obtained 1 locks
2024-04-24T01:17:36,163  INFO [main] ql.Driver: Executing command(queryId=alex_20240424011736_94ca2519-2d41-481b-b0bd-c96d5d5164f7): create table acidTbl(a int, b int) clustered by (a) into 2 buckets stored as orc TBLPROPERTIES ('transactional'='true')
2024-04-24T01:17:36,163  INFO [main] ql.Driver: Starting task [Stage-0:DDL] in serial mode
2024-04-24T01:17:36,164  INFO [main] HiveMetaStore.audit: ugi=alex	ip=unknown-ip-addr	cmd=create_table_req: Table(tableName:acidTbl, dbName:default, owner:alex, createTime:1713946656, lastAccessTime:0, retention:0, sd:StorageDescriptor(cols:[FieldSchema(name:a, type:int, comment:null), FieldSchema(name:b, type:int, comment:null)], location:null, inputFormat:org.apache.hadoop.hive.ql.io.orc.OrcInputFormat, outputFormat:org.apache.hadoop.hive.ql.io.orc.OrcOutputFormat, compressed:false, numBuckets:2, serdeInfo:SerDeInfo(name:null, serializationLib:org.apache.hadoop.hive.ql.io.orc.OrcSerde, parameters:{serialization.format=1}), bucketCols:[a], sortCols:[], parameters:{}, skewedInfo:SkewedInfo(skewedColNames:[], skewedColValues:[], skewedColValueLocationMaps:{}), storedAsSubDirectories:false), partitionKeys:[], parameters:{COLUMN_STATS_ACCURATE={"BASIC_STATS":"true","COLUMN_STATS":{"a":"true","b":"true"}}, totalSize=0, numFiles=0, numRows=0, bucketing_version=2, numFilesErasureCoded=0, transactional=true, rawDataSize=0}, viewOriginalText:null, viewExpandedText:null, tableType:MANAGED_TABLE, privileges:PrincipalPrivilegeSet(userPrivileges:{alex=[PrivilegeGrantInfo(privilege:INSERT, createTime:-1, grantor:alex, grantorType:USER, grantOption:true), PrivilegeGrantInfo(privilege:SELECT, createTime:-1, grantor:alex, grantorType:USER, grantOption:true), PrivilegeGrantInfo(privilege:UPDATE, createTime:-1, grantor:alex, grantorType:USER, grantOption:true), PrivilegeGrantInfo(privilege:DELETE, createTime:-1, grantor:alex, grantorType:USER, grantOption:true)]}, groupPrivileges:null, rolePrivileges:null), temporary:false, catName:hive, ownerType:USER, writeId:0)	
2024-04-24T01:17:36,175  INFO [main] utils.FileUtils: Creating directory if it doesn't exist: file:/home/alex/Repositories/hive/ql/target/tmp/org.apache.hadoop.hive.ql.TestTxnNoBuckets-1713946626176/warehouse/acidtbl
2024-04-24T01:17:36,235  INFO [main] metadata.Hive: Dumping metastore api call timing information for : execution phase
2024-04-24T01:17:36,235  INFO [main] metadata.Hive: Total time spent in each metastore function (ms): {createTable_(Table)=71, isCompatibleWith_(Configuration)=0}
2024-04-24T01:17:36,235  INFO [main] ql.Driver: Completed executing command(queryId=alex_20240424011736_94ca2519-2d41-481b-b0bd-c96d5d5164f7); Time taken: 0.072 seconds
2024-04-24T01:17:36,236  INFO [main] lockmgr.DbTxnManager: Stopped heartbeat for query: alex_20240424011736_94ca2519-2d41-481b-b0bd-c96d5d5164f7
2024-04-24T01:17:36,243  INFO [main] txn.TxnHandler: Expected to move at least one record from txn_components to completed_txn_components when committing txn! txnid:7
2024-04-24T01:17:36,254  INFO [main] txn.TxnHandler: Removed transactions: ([7]) from MIN_HISTORY_LEVEL
2024-04-24T01:17:36,254  WARN [main] txn.CompactionTxnHandler: No compaction queue record found for Compaction type transaction commit. txnId:7
2024-04-24T01:17:36,255  INFO [main] ql.TxnCommandsBaseForTests: Running the query: create table acidTblPart(a int, b int) partitioned by (p string) clustered by (a) into 2 buckets stored as orc TBLPROPERTIES ('transactional'='true')
2024-04-24T01:17:36,256  INFO [main] ql.Driver: Compiling command(queryId=alex_20240424011736_b37b6016-52b7-4737-b43d-d23e19539c10): create table acidTblPart(a int, b int) partitioned by (p string) clustered by (a) into 2 buckets stored as orc TBLPROPERTIES ('transactional'='true')
2024-04-24T01:17:36,261  INFO [main] txn.TxnHandler: Added entries to MIN_HISTORY_LEVEL for current txns: ([8]) with min_open_txn: 1
2024-04-24T01:17:36,261  INFO [main] lockmgr.DbTxnManager: Opened txnid:8
2024-04-24T01:17:36,262  INFO [main] parse.CalcitePlanner: Starting caching scope for: 
2024-04-24T01:17:36,262  INFO [main] parse.CalcitePlanner: Starting Semantic Analysis
2024-04-24T01:17:36,266  INFO [main] parse.CalcitePlanner: Creating table default.acidTblPart position=13
2024-04-24T01:17:36,267  INFO [main] HiveMetaStore.audit: ugi=alex	ip=unknown-ip-addr	cmd=get_database: default	
2024-04-24T01:17:36,270  INFO [main] parse.CalcitePlanner: Ending caching scope for: 
2024-04-24T01:17:36,270  INFO [main] ql.Driver: Semantic Analysis Completed (retrial = false)
2024-04-24T01:17:36,270  INFO [main] ql.Driver: Created Hive schema: Schema(fieldSchemas:null, properties:null)
2024-04-24T01:17:36,270  INFO [main] metadata.Hive: Dumping metastore api call timing information for : compilation phase
2024-04-24T01:17:36,270  INFO [main] metadata.Hive: Total time spent in each metastore function (ms): {commitTxn_(CommitTxnRequest)=19, isCompatibleWith_(Configuration)=1, openTxn_(String, TxnType)=4, getDatabase_(String)=3, getValidTxns_(long)=0, getValidWriteIds_(List, String)=3, flushCache_()=0}
2024-04-24T01:17:36,270  INFO [main] ql.Driver: Completed compiling command(queryId=alex_20240424011736_b37b6016-52b7-4737-b43d-d23e19539c10); Time taken: 0.014 seconds
2024-04-24T01:17:36,271  INFO [main] lockmgr.DbTxnManager: Setting lock request transaction to txnid:8 for queryId=alex_20240424011736_b37b6016-52b7-4737-b43d-d23e19539c10
2024-04-24T01:17:36,271  INFO [main] lockmgr.DbLockManager: Requesting lock for queryId=alex_20240424011736_b37b6016-52b7-4737-b43d-d23e19539c10
2024-04-24T01:17:36,296  INFO [main] lockmgr.DbLockManager: Response to queryId=alex_20240424011736_b37b6016-52b7-4737-b43d-d23e19539c10 LockResponse(lockid:2, state:ACQUIRED)
2024-04-24T01:17:36,296  INFO [main] ql.Driver: Operation CREATETABLE obtained 1 locks
2024-04-24T01:17:36,297  INFO [main] ql.Driver: Executing command(queryId=alex_20240424011736_b37b6016-52b7-4737-b43d-d23e19539c10): create table acidTblPart(a int, b int) partitioned by (p string) clustered by (a) into 2 buckets stored as orc TBLPROPERTIES ('transactional'='true')
2024-04-24T01:17:36,297  INFO [main] ql.Driver: Starting task [Stage-0:DDL] in serial mode
2024-04-24T01:17:36,298  INFO [main] HiveMetaStore.audit: ugi=alex	ip=unknown-ip-addr	cmd=create_table_req: Table(tableName:acidTblPart, dbName:default, owner:alex, createTime:1713946656, lastAccessTime:0, retention:0, sd:StorageDescriptor(cols:[FieldSchema(name:a, type:int, comment:null), FieldSchema(name:b, type:int, comment:null)], location:null, inputFormat:org.apache.hadoop.hive.ql.io.orc.OrcInputFormat, outputFormat:org.apache.hadoop.hive.ql.io.orc.OrcOutputFormat, compressed:false, numBuckets:2, serdeInfo:SerDeInfo(name:null, serializationLib:org.apache.hadoop.hive.ql.io.orc.OrcSerde, parameters:{serialization.format=1}), bucketCols:[a], sortCols:[], parameters:{}, skewedInfo:SkewedInfo(skewedColNames:[], skewedColValues:[], skewedColValueLocationMaps:{}), storedAsSubDirectories:false), partitionKeys:[FieldSchema(name:p, type:string, comment:null)], parameters:{transactional=true, bucketing_version=2}, viewOriginalText:null, viewExpandedText:null, tableType:MANAGED_TABLE, privileges:PrincipalPrivilegeSet(userPrivileges:{alex=[PrivilegeGrantInfo(privilege:INSERT, createTime:-1, grantor:alex, grantorType:USER, grantOption:true), PrivilegeGrantInfo(privilege:SELECT, createTime:-1, grantor:alex, grantorType:USER, grantOption:true), PrivilegeGrantInfo(privilege:UPDATE, createTime:-1, grantor:alex, grantorType:USER, grantOption:true), PrivilegeGrantInfo(privilege:DELETE, createTime:-1, grantor:alex, grantorType:USER, grantOption:true)]}, groupPrivileges:null, rolePrivileges:null), temporary:false, catName:hive, ownerType:USER, writeId:0)	
2024-04-24T01:17:36,305  INFO [main] utils.FileUtils: Creating directory if it doesn't exist: file:/home/alex/Repositories/hive/ql/target/tmp/org.apache.hadoop.hive.ql.TestTxnNoBuckets-1713946626176/warehouse/acidtblpart
2024-04-24T01:17:36,333  INFO [main] metadata.Hive: Dumping metastore api call timing information for : execution phase
2024-04-24T01:17:36,333  INFO [main] metadata.Hive: Total time spent in each metastore function (ms): {createTable_(Table)=35, isCompatibleWith_(Configuration)=0}
2024-04-24T01:17:36,334  INFO [main] ql.Driver: Completed executing command(queryId=alex_20240424011736_b37b6016-52b7-4737-b43d-d23e19539c10); Time taken: 0.036 seconds
2024-04-24T01:17:36,334  INFO [main] lockmgr.DbTxnManager: Stopped heartbeat for query: alex_20240424011736_b37b6016-52b7-4737-b43d-d23e19539c10
2024-04-24T01:17:36,340  INFO [main] txn.TxnHandler: Expected to move at least one record from txn_components to completed_txn_components when committing txn! txnid:8
2024-04-24T01:17:36,349  INFO [main] txn.TxnHandler: Removed transactions: ([8]) from MIN_HISTORY_LEVEL
2024-04-24T01:17:36,350  WARN [main] txn.CompactionTxnHandler: No compaction queue record found for Compaction type transaction commit. txnId:8
2024-04-24T01:17:36,351  INFO [main] ql.TxnCommandsBaseForTests: Running the query: create table nonAcidOrcTbl(a int, b int) clustered by (a) into 2 buckets stored as orc TBLPROPERTIES ('transactional'='false')
2024-04-24T01:17:36,351  INFO [main] ql.Driver: Compiling command(queryId=alex_20240424011736_d66923b5-02ef-4c80-8643-945d8a28e1b4): create table nonAcidOrcTbl(a int, b int) clustered by (a) into 2 buckets stored as orc TBLPROPERTIES ('transactional'='false')
2024-04-24T01:17:36,355  INFO [main] txn.TxnHandler: Added entries to MIN_HISTORY_LEVEL for current txns: ([9]) with min_open_txn: 1
2024-04-24T01:17:36,355  INFO [main] lockmgr.DbTxnManager: Opened txnid:9
2024-04-24T01:17:36,356  INFO [main] parse.CalcitePlanner: Starting caching scope for: 
2024-04-24T01:17:36,356  INFO [main] parse.CalcitePlanner: Starting Semantic Analysis
2024-04-24T01:17:36,360  INFO [main] parse.CalcitePlanner: Creating table default.nonAcidOrcTbl position=13
2024-04-24T01:17:36,361  INFO [main] HiveMetaStore.audit: ugi=alex	ip=unknown-ip-addr	cmd=get_database: default	
2024-04-24T01:17:36,364  INFO [main] parse.CalcitePlanner: Ending caching scope for: 
2024-04-24T01:17:36,364  INFO [main] ql.Driver: Semantic Analysis Completed (retrial = false)
2024-04-24T01:17:36,364  INFO [main] ql.Driver: Created Hive schema: Schema(fieldSchemas:null, properties:null)
2024-04-24T01:17:36,364  INFO [main] metadata.Hive: Dumping metastore api call timing information for : compilation phase
2024-04-24T01:17:36,364  INFO [main] metadata.Hive: Total time spent in each metastore function (ms): {openTxn_(String, TxnType)=3, isCompatibleWith_(Configuration)=0, commitTxn_(CommitTxnRequest)=16, getValidTxns_(long)=1, getValidWriteIds_(List, String)=4, flushCache_()=1, getDatabase_(String)=4}
2024-04-24T01:17:36,364  INFO [main] ql.Driver: Completed compiling command(queryId=alex_20240424011736_d66923b5-02ef-4c80-8643-945d8a28e1b4); Time taken: 0.013 seconds
2024-04-24T01:17:36,365  INFO [main] lockmgr.DbTxnManager: Setting lock request transaction to txnid:9 for queryId=alex_20240424011736_d66923b5-02ef-4c80-8643-945d8a28e1b4
2024-04-24T01:17:36,365  INFO [main] lockmgr.DbLockManager: Requesting lock for queryId=alex_20240424011736_d66923b5-02ef-4c80-8643-945d8a28e1b4
2024-04-24T01:17:36,391  INFO [main] lockmgr.DbLockManager: Response to queryId=alex_20240424011736_d66923b5-02ef-4c80-8643-945d8a28e1b4 LockResponse(lockid:3, state:ACQUIRED)
2024-04-24T01:17:36,391  INFO [main] ql.Driver: Operation CREATETABLE obtained 1 locks
2024-04-24T01:17:36,391  INFO [main] ql.Driver: Executing command(queryId=alex_20240424011736_d66923b5-02ef-4c80-8643-945d8a28e1b4): create table nonAcidOrcTbl(a int, b int) clustered by (a) into 2 buckets stored as orc TBLPROPERTIES ('transactional'='false')
2024-04-24T01:17:36,391  INFO [main] ql.Driver: Starting task [Stage-0:DDL] in serial mode
2024-04-24T01:17:36,393  INFO [main] HiveMetaStore.audit: ugi=alex	ip=unknown-ip-addr	cmd=create_table_req: Table(tableName:nonAcidOrcTbl, dbName:default, owner:alex, createTime:1713946656, lastAccessTime:0, retention:0, sd:StorageDescriptor(cols:[FieldSchema(name:a, type:int, comment:null), FieldSchema(name:b, type:int, comment:null)], location:null, inputFormat:org.apache.hadoop.hive.ql.io.orc.OrcInputFormat, outputFormat:org.apache.hadoop.hive.ql.io.orc.OrcOutputFormat, compressed:false, numBuckets:2, serdeInfo:SerDeInfo(name:null, serializationLib:org.apache.hadoop.hive.ql.io.orc.OrcSerde, parameters:{serialization.format=1}), bucketCols:[a], sortCols:[], parameters:{}, skewedInfo:SkewedInfo(skewedColNames:[], skewedColValues:[], skewedColValueLocationMaps:{}), storedAsSubDirectories:false), partitionKeys:[], parameters:{numRows=0, totalSize=0, bucketing_version=2, numFiles=0, numFilesErasureCoded=0, rawDataSize=0, COLUMN_STATS_ACCURATE={"BASIC_STATS":"true","COLUMN_STATS":{"a":"true","b":"true"}}, transactional=false}, viewOriginalText:null, viewExpandedText:null, tableType:MANAGED_TABLE, privileges:PrincipalPrivilegeSet(userPrivileges:{alex=[PrivilegeGrantInfo(privilege:INSERT, createTime:-1, grantor:alex, grantorType:USER, grantOption:true), PrivilegeGrantInfo(privilege:SELECT, createTime:-1, grantor:alex, grantorType:USER, grantOption:true), PrivilegeGrantInfo(privilege:UPDATE, createTime:-1, grantor:alex, grantorType:USER, grantOption:true), PrivilegeGrantInfo(privilege:DELETE, createTime:-1, grantor:alex, grantorType:USER, grantOption:true)]}, groupPrivileges:null, rolePrivileges:null), temporary:false, catName:hive, ownerType:USER)	
2024-04-24T01:17:36,401  INFO [main] utils.FileUtils: Creating directory if it doesn't exist: file:/home/alex/Repositories/hive/ql/target/tmp/org.apache.hadoop.hive.ql.TestTxnNoBuckets-1713946626176/warehouse/nonacidorctbl
2024-04-24T01:17:36,426  INFO [main] metadata.Hive: Dumping metastore api call timing information for : execution phase
2024-04-24T01:17:36,426  INFO [main] metadata.Hive: Total time spent in each metastore function (ms): {isCompatibleWith_(Configuration)=0, createTable_(Table)=33}
2024-04-24T01:17:36,427  INFO [main] ql.Driver: Completed executing command(queryId=alex_20240424011736_d66923b5-02ef-4c80-8643-945d8a28e1b4); Time taken: 0.035 seconds
2024-04-24T01:17:36,427  INFO [main] lockmgr.DbTxnManager: Stopped heartbeat for query: alex_20240424011736_d66923b5-02ef-4c80-8643-945d8a28e1b4
2024-04-24T01:17:36,433  INFO [main] txn.TxnHandler: Expected to move at least one record from txn_components to completed_txn_components when committing txn! txnid:9
2024-04-24T01:17:36,442  INFO [main] txn.TxnHandler: Removed transactions: ([9]) from MIN_HISTORY_LEVEL
2024-04-24T01:17:36,442  WARN [main] txn.CompactionTxnHandler: No compaction queue record found for Compaction type transaction commit. txnId:9
2024-04-24T01:17:36,443  INFO [main] ql.TxnCommandsBaseForTests: Running the query: create table nonAcidOrcTbl2(a int, b int) clustered by (a) into 2 buckets stored as orc TBLPROPERTIES ('transactional'='false')
2024-04-24T01:17:36,443  INFO [main] ql.Driver: Compiling command(queryId=alex_20240424011736_e71f9210-04b0-479d-8785-68e803fb2228): create table nonAcidOrcTbl2(a int, b int) clustered by (a) into 2 buckets stored as orc TBLPROPERTIES ('transactional'='false')
2024-04-24T01:17:36,447  INFO [main] txn.TxnHandler: Added entries to MIN_HISTORY_LEVEL for current txns: ([10]) with min_open_txn: 1
2024-04-24T01:17:36,448  INFO [main] lockmgr.DbTxnManager: Opened txnid:10
2024-04-24T01:17:36,448  INFO [main] parse.CalcitePlanner: Starting caching scope for: 
2024-04-24T01:17:36,449  INFO [main] parse.CalcitePlanner: Starting Semantic Analysis
2024-04-24T01:17:36,452  INFO [main] parse.CalcitePlanner: Creating table default.nonAcidOrcTbl2 position=13
2024-04-24T01:17:36,452  INFO [main] HiveMetaStore.audit: ugi=alex	ip=unknown-ip-addr	cmd=get_database: default	
2024-04-24T01:17:36,455  INFO [main] parse.CalcitePlanner: Ending caching scope for: 
2024-04-24T01:17:36,455  INFO [main] ql.Driver: Semantic Analysis Completed (retrial = false)
2024-04-24T01:17:36,455  INFO [main] ql.Driver: Created Hive schema: Schema(fieldSchemas:null, properties:null)
2024-04-24T01:17:36,455  INFO [main] metadata.Hive: Dumping metastore api call timing information for : compilation phase
2024-04-24T01:17:36,455  INFO [main] metadata.Hive: Total time spent in each metastore function (ms): {getValidWriteIds_(List, String)=3, isCompatibleWith_(Configuration)=0, commitTxn_(CommitTxnRequest)=16, flushCache_()=0, getDatabase_(String)=3, openTxn_(String, TxnType)=3, getValidTxns_(long)=0}
2024-04-24T01:17:36,456  INFO [main] ql.Driver: Completed compiling command(queryId=alex_20240424011736_e71f9210-04b0-479d-8785-68e803fb2228); Time taken: 0.012 seconds
2024-04-24T01:17:36,456  INFO [main] lockmgr.DbTxnManager: Setting lock request transaction to txnid:10 for queryId=alex_20240424011736_e71f9210-04b0-479d-8785-68e803fb2228
2024-04-24T01:17:36,456  INFO [main] lockmgr.DbLockManager: Requesting lock for queryId=alex_20240424011736_e71f9210-04b0-479d-8785-68e803fb2228
2024-04-24T01:17:36,481  INFO [main] lockmgr.DbLockManager: Response to queryId=alex_20240424011736_e71f9210-04b0-479d-8785-68e803fb2228 LockResponse(lockid:4, state:ACQUIRED)
2024-04-24T01:17:36,481  INFO [main] ql.Driver: Operation CREATETABLE obtained 1 locks
2024-04-24T01:17:36,481  INFO [main] ql.Driver: Executing command(queryId=alex_20240424011736_e71f9210-04b0-479d-8785-68e803fb2228): create table nonAcidOrcTbl2(a int, b int) clustered by (a) into 2 buckets stored as orc TBLPROPERTIES ('transactional'='false')
2024-04-24T01:17:36,481  INFO [main] ql.Driver: Starting task [Stage-0:DDL] in serial mode
2024-04-24T01:17:36,482  INFO [main] HiveMetaStore.audit: ugi=alex	ip=unknown-ip-addr	cmd=create_table_req: Table(tableName:nonAcidOrcTbl2, dbName:default, owner:alex, createTime:1713946656, lastAccessTime:0, retention:0, sd:StorageDescriptor(cols:[FieldSchema(name:a, type:int, comment:null), FieldSchema(name:b, type:int, comment:null)], location:null, inputFormat:org.apache.hadoop.hive.ql.io.orc.OrcInputFormat, outputFormat:org.apache.hadoop.hive.ql.io.orc.OrcOutputFormat, compressed:false, numBuckets:2, serdeInfo:SerDeInfo(name:null, serializationLib:org.apache.hadoop.hive.ql.io.orc.OrcSerde, parameters:{serialization.format=1}), bucketCols:[a], sortCols:[], parameters:{}, skewedInfo:SkewedInfo(skewedColNames:[], skewedColValues:[], skewedColValueLocationMaps:{}), storedAsSubDirectories:false), partitionKeys:[], parameters:{numFilesErasureCoded=0, numFiles=0, transactional=false, bucketing_version=2, COLUMN_STATS_ACCURATE={"BASIC_STATS":"true","COLUMN_STATS":{"a":"true","b":"true"}}, totalSize=0, rawDataSize=0, numRows=0}, viewOriginalText:null, viewExpandedText:null, tableType:MANAGED_TABLE, privileges:PrincipalPrivilegeSet(userPrivileges:{alex=[PrivilegeGrantInfo(privilege:INSERT, createTime:-1, grantor:alex, grantorType:USER, grantOption:true), PrivilegeGrantInfo(privilege:SELECT, createTime:-1, grantor:alex, grantorType:USER, grantOption:true), PrivilegeGrantInfo(privilege:UPDATE, createTime:-1, grantor:alex, grantorType:USER, grantOption:true), PrivilegeGrantInfo(privilege:DELETE, createTime:-1, grantor:alex, grantorType:USER, grantOption:true)]}, groupPrivileges:null, rolePrivileges:null), temporary:false, catName:hive, ownerType:USER)	
2024-04-24T01:17:36,492  INFO [main] utils.FileUtils: Creating directory if it doesn't exist: file:/home/alex/Repositories/hive/ql/target/tmp/org.apache.hadoop.hive.ql.TestTxnNoBuckets-1713946626176/warehouse/nonacidorctbl2
2024-04-24T01:17:36,518  INFO [main] metadata.Hive: Dumping metastore api call timing information for : execution phase
2024-04-24T01:17:36,518  INFO [main] metadata.Hive: Total time spent in each metastore function (ms): {isCompatibleWith_(Configuration)=0, createTable_(Table)=36}
2024-04-24T01:17:36,519  INFO [main] ql.Driver: Completed executing command(queryId=alex_20240424011736_e71f9210-04b0-479d-8785-68e803fb2228); Time taken: 0.037 seconds
2024-04-24T01:17:36,519  INFO [main] lockmgr.DbTxnManager: Stopped heartbeat for query: alex_20240424011736_e71f9210-04b0-479d-8785-68e803fb2228
2024-04-24T01:17:36,525  INFO [main] txn.TxnHandler: Expected to move at least one record from txn_components to completed_txn_components when committing txn! txnid:10
2024-04-24T01:17:36,534  INFO [main] txn.TxnHandler: Removed transactions: ([10]) from MIN_HISTORY_LEVEL
2024-04-24T01:17:36,535  WARN [main] txn.CompactionTxnHandler: No compaction queue record found for Compaction type transaction commit. txnId:10
2024-04-24T01:17:36,536  INFO [main] ql.TxnCommandsBaseForTests: Running the query: create temporary  table acidTbl2(a int, b int, c int) clustered by (c) into 2 buckets stored as orc TBLPROPERTIES ('transactional'='true')
2024-04-24T01:17:36,536  INFO [main] ql.Driver: Compiling command(queryId=alex_20240424011736_b4a25d4d-c2c1-4645-a6f4-d74443f97d49): create temporary  table acidTbl2(a int, b int, c int) clustered by (c) into 2 buckets stored as orc TBLPROPERTIES ('transactional'='true')
2024-04-24T01:17:36,540  INFO [main] txn.TxnHandler: Added entries to MIN_HISTORY_LEVEL for current txns: ([11]) with min_open_txn: 1
2024-04-24T01:17:36,540  INFO [main] lockmgr.DbTxnManager: Opened txnid:11
2024-04-24T01:17:36,541  INFO [main] parse.CalcitePlanner: Starting caching scope for: 
2024-04-24T01:17:36,541  INFO [main] parse.CalcitePlanner: Starting Semantic Analysis
2024-04-24T01:17:36,700  INFO [main] parse.CalcitePlanner: Creating table default.acidTbl2 position=24
2024-04-24T01:17:36,701  INFO [main] HiveMetaStore.audit: ugi=alex	ip=unknown-ip-addr	cmd=get_database: default	
2024-04-24T01:17:36,703  INFO [main] parse.CalcitePlanner: Ending caching scope for: 
2024-04-24T01:17:36,703  INFO [main] ql.Driver: Semantic Analysis Completed (retrial = false)
2024-04-24T01:17:36,703  INFO [main] ql.Driver: Created Hive schema: Schema(fieldSchemas:null, properties:null)
2024-04-24T01:17:36,703  INFO [main] metadata.Hive: Dumping metastore api call timing information for : compilation phase
2024-04-24T01:17:36,703  INFO [main] metadata.Hive: Total time spent in each metastore function (ms): {flushCache_()=1, commitTxn_(CommitTxnRequest)=16, openTxn_(String, TxnType)=3, getValidTxns_(long)=1, getValidWriteIds_(List, String)=159, isCompatibleWith_(Configuration)=0, getDatabase_(String)=2}
2024-04-24T01:17:36,704  INFO [main] ql.Driver: Completed compiling command(queryId=alex_20240424011736_b4a25d4d-c2c1-4645-a6f4-d74443f97d49); Time taken: 0.167 seconds
2024-04-24T01:17:36,704  INFO [main] lockmgr.DbTxnManager: Setting lock request transaction to txnid:11 for queryId=alex_20240424011736_b4a25d4d-c2c1-4645-a6f4-d74443f97d49
2024-04-24T01:17:36,704  INFO [main] lockmgr.DbLockManager: Requesting lock for queryId=alex_20240424011736_b4a25d4d-c2c1-4645-a6f4-d74443f97d49
2024-04-24T01:17:36,723  INFO [main] lockmgr.DbLockManager: Response to queryId=alex_20240424011736_b4a25d4d-c2c1-4645-a6f4-d74443f97d49 LockResponse(lockid:5, state:ACQUIRED)
2024-04-24T01:17:36,723  INFO [main] ql.Driver: Operation CREATETABLE obtained 1 locks
2024-04-24T01:17:36,724  INFO [main] ql.Driver: Executing command(queryId=alex_20240424011736_b4a25d4d-c2c1-4645-a6f4-d74443f97d49): create temporary  table acidTbl2(a int, b int, c int) clustered by (c) into 2 buckets stored as orc TBLPROPERTIES ('transactional'='true')
2024-04-24T01:17:36,724  INFO [main] ql.Driver: Starting task [Stage-0:DDL] in serial mode
2024-04-24T01:17:36,725  INFO [main] utils.FileUtils: Creating directory if it doesn't exist: file:/home/alex/Repositories/hive/ql/target/tmp/scratchdir/alex/e200bcba-f0ca-4f02-9e42-4b4d6a93de0f/_tmp_space.db/3eb75a62-be93-474b-b605-4a52c22e3635
2024-04-24T01:17:36,728  INFO [main] metadata.Hive: Dumping metastore api call timing information for : execution phase
2024-04-24T01:17:36,729  INFO [main] metadata.Hive: Total time spent in each metastore function (ms): {isCompatibleWith_(Configuration)=0, createTable_(Table)=3}
2024-04-24T01:17:36,729  INFO [main] ql.Driver: Completed executing command(queryId=alex_20240424011736_b4a25d4d-c2c1-4645-a6f4-d74443f97d49); Time taken: 0.004 seconds
2024-04-24T01:17:36,729  INFO [main] lockmgr.DbTxnManager: Stopped heartbeat for query: alex_20240424011736_b4a25d4d-c2c1-4645-a6f4-d74443f97d49
2024-04-24T01:17:36,733  INFO [main] txn.TxnHandler: Expected to move at least one record from txn_components to completed_txn_components when committing txn! txnid:11
2024-04-24T01:17:36,740  INFO [main] txn.TxnHandler: Removed transactions: ([11]) from MIN_HISTORY_LEVEL
2024-04-24T01:17:36,741  WARN [main] txn.CompactionTxnHandler: No compaction queue record found for Compaction type transaction commit. txnId:11
2024-04-24T01:17:36,741  INFO [main] ql.TxnCommandsBaseForTests: Running the query: create table nonAcidNonBucket(a int, b int) stored as orc TBLPROPERTIES ('transactional'='false')
2024-04-24T01:17:36,742  INFO [main] ql.Driver: Compiling command(queryId=alex_20240424011736_23889d34-f571-4e64-a068-61a00419c765): create table nonAcidNonBucket(a int, b int) stored as orc TBLPROPERTIES ('transactional'='false')
2024-04-24T01:17:36,745  INFO [main] txn.TxnHandler: Added entries to MIN_HISTORY_LEVEL for current txns: ([12]) with min_open_txn: 1
2024-04-24T01:17:36,745  INFO [main] lockmgr.DbTxnManager: Opened txnid:12
2024-04-24T01:17:36,746  INFO [main] parse.CalcitePlanner: Starting caching scope for: 
2024-04-24T01:17:36,746  INFO [main] parse.CalcitePlanner: Starting Semantic Analysis
2024-04-24T01:17:36,748  INFO [main] parse.CalcitePlanner: Creating table default.nonAcidNonBucket position=13
2024-04-24T01:17:36,749  INFO [main] HiveMetaStore.audit: ugi=alex	ip=unknown-ip-addr	cmd=get_database: default	
2024-04-24T01:17:36,751  INFO [main] parse.CalcitePlanner: Ending caching scope for: 
2024-04-24T01:17:36,751  INFO [main] ql.Driver: Semantic Analysis Completed (retrial = false)
2024-04-24T01:17:36,751  INFO [main] ql.Driver: Created Hive schema: Schema(fieldSchemas:null, properties:null)
2024-04-24T01:17:36,751  INFO [main] metadata.Hive: Dumping metastore api call timing information for : compilation phase
2024-04-24T01:17:36,751  INFO [main] metadata.Hive: Total time spent in each metastore function (ms): {openTxn_(String, TxnType)=3, commitTxn_(CommitTxnRequest)=12, getValidWriteIds_(List, String)=2, getValidTxns_(long)=1, flushCache_()=0, isCompatibleWith_(Configuration)=0, getDatabase_(String)=1}
2024-04-24T01:17:36,751  INFO [main] ql.Driver: Completed compiling command(queryId=alex_20240424011736_23889d34-f571-4e64-a068-61a00419c765); Time taken: 0.009 seconds
2024-04-24T01:17:36,751  INFO [main] lockmgr.DbTxnManager: Setting lock request transaction to txnid:12 for queryId=alex_20240424011736_23889d34-f571-4e64-a068-61a00419c765
2024-04-24T01:17:36,752  INFO [main] lockmgr.DbLockManager: Requesting lock for queryId=alex_20240424011736_23889d34-f571-4e64-a068-61a00419c765
2024-04-24T01:17:36,768  INFO [main] lockmgr.DbLockManager: Response to queryId=alex_20240424011736_23889d34-f571-4e64-a068-61a00419c765 LockResponse(lockid:6, state:ACQUIRED)
2024-04-24T01:17:36,768  INFO [main] ql.Driver: Operation CREATETABLE obtained 1 locks
2024-04-24T01:17:36,768  INFO [main] ql.Driver: Executing command(queryId=alex_20240424011736_23889d34-f571-4e64-a068-61a00419c765): create table nonAcidNonBucket(a int, b int) stored as orc TBLPROPERTIES ('transactional'='false')
2024-04-24T01:17:36,768  INFO [main] ql.Driver: Starting task [Stage-0:DDL] in serial mode
2024-04-24T01:17:36,769  INFO [main] HiveMetaStore.audit: ugi=alex	ip=unknown-ip-addr	cmd=create_table_req: Table(tableName:nonAcidNonBucket, dbName:default, owner:alex, createTime:1713946656, lastAccessTime:0, retention:0, sd:StorageDescriptor(cols:[FieldSchema(name:a, type:int, comment:null), FieldSchema(name:b, type:int, comment:null)], location:null, inputFormat:org.apache.hadoop.hive.ql.io.orc.OrcInputFormat, outputFormat:org.apache.hadoop.hive.ql.io.orc.OrcOutputFormat, compressed:false, numBuckets:-1, serdeInfo:SerDeInfo(name:null, serializationLib:org.apache.hadoop.hive.ql.io.orc.OrcSerde, parameters:{serialization.format=1}), bucketCols:[], sortCols:[], parameters:{}, skewedInfo:SkewedInfo(skewedColNames:[], skewedColValues:[], skewedColValueLocationMaps:{}), storedAsSubDirectories:false), partitionKeys:[], parameters:{numFiles=0, rawDataSize=0, numRows=0, COLUMN_STATS_ACCURATE={"BASIC_STATS":"true","COLUMN_STATS":{"a":"true","b":"true"}}, transactional=false, totalSize=0, bucketing_version=2, numFilesErasureCoded=0}, viewOriginalText:null, viewExpandedText:null, tableType:MANAGED_TABLE, privileges:PrincipalPrivilegeSet(userPrivileges:{alex=[PrivilegeGrantInfo(privilege:INSERT, createTime:-1, grantor:alex, grantorType:USER, grantOption:true), PrivilegeGrantInfo(privilege:SELECT, createTime:-1, grantor:alex, grantorType:USER, grantOption:true), PrivilegeGrantInfo(privilege:UPDATE, createTime:-1, grantor:alex, grantorType:USER, grantOption:true), PrivilegeGrantInfo(privilege:DELETE, createTime:-1, grantor:alex, grantorType:USER, grantOption:true)]}, groupPrivileges:null, rolePrivileges:null), temporary:false, catName:hive, ownerType:USER)	
2024-04-24T01:17:36,776  INFO [main] utils.FileUtils: Creating directory if it doesn't exist: file:/home/alex/Repositories/hive/ql/target/tmp/org.apache.hadoop.hive.ql.TestTxnNoBuckets-1713946626176/warehouse/nonacidnonbucket
2024-04-24T01:17:36,799  INFO [main] metadata.Hive: Dumping metastore api call timing information for : execution phase
2024-04-24T01:17:36,799  INFO [main] metadata.Hive: Total time spent in each metastore function (ms): {isCompatibleWith_(Configuration)=0, createTable_(Table)=30}
2024-04-24T01:17:36,800  INFO [main] ql.Driver: Completed executing command(queryId=alex_20240424011736_23889d34-f571-4e64-a068-61a00419c765); Time taken: 0.031 seconds
2024-04-24T01:17:36,800  INFO [main] lockmgr.DbTxnManager: Stopped heartbeat for query: alex_20240424011736_23889d34-f571-4e64-a068-61a00419c765
2024-04-24T01:17:36,804  INFO [main] txn.TxnHandler: Expected to move at least one record from txn_components to completed_txn_components when committing txn! txnid:12
2024-04-24T01:17:36,810  INFO [main] txn.TxnHandler: Removed transactions: ([12]) from MIN_HISTORY_LEVEL
2024-04-24T01:17:36,811  WARN [main] txn.CompactionTxnHandler: No compaction queue record found for Compaction type transaction commit. txnId:12
2024-04-24T01:17:36,811  INFO [main] ql.TxnCommandsBaseForTests: Running the query: drop table if exists tmp
2024-04-24T01:17:36,812  INFO [main] ql.Driver: Compiling command(queryId=alex_20240424011736_7c7f3bfe-d88a-40a3-9054-cde5d0713c05): drop table if exists tmp
2024-04-24T01:17:36,814  INFO [main] txn.TxnHandler: Added entries to MIN_HISTORY_LEVEL for current txns: ([13]) with min_open_txn: 1
2024-04-24T01:17:36,815  INFO [main] lockmgr.DbTxnManager: Opened txnid:13
2024-04-24T01:17:36,816  INFO [main] HiveMetaStore.audit: ugi=alex	ip=unknown-ip-addr	cmd=get_table : tbl=hive.default.tmp	
2024-04-24T01:17:36,819  INFO [main] ql.Driver: Semantic Analysis Completed (retrial = false)
2024-04-24T01:17:36,819  INFO [main] ql.Driver: Created Hive schema: Schema(fieldSchemas:null, properties:null)
2024-04-24T01:17:36,819  INFO [main] metadata.Hive: Dumping metastore api call timing information for : compilation phase
2024-04-24T01:17:36,819  INFO [main] metadata.Hive: Total time spent in each metastore function (ms): {flushCache_()=0, getValidTxns_(long)=0, isCompatibleWith_(Configuration)=0, openTxn_(String, TxnType)=3, commitTxn_(CommitTxnRequest)=11}
2024-04-24T01:17:36,819  INFO [main] ql.Driver: Completed compiling command(queryId=alex_20240424011736_7c7f3bfe-d88a-40a3-9054-cde5d0713c05); Time taken: 0.007 seconds
2024-04-24T01:17:36,820  INFO [main] lockmgr.DbTxnManager: Setting lock request transaction to txnid:13 for queryId=alex_20240424011736_7c7f3bfe-d88a-40a3-9054-cde5d0713c05
2024-04-24T01:17:36,820  INFO [main] ql.Driver: Operation DROPTABLE obtained 0 locks
2024-04-24T01:17:36,820  INFO [main] ql.Driver: Executing command(queryId=alex_20240424011736_7c7f3bfe-d88a-40a3-9054-cde5d0713c05): drop table if exists tmp
2024-04-24T01:17:36,820  INFO [main] ql.Driver: Starting task [Stage-0:DDL] in serial mode
2024-04-24T01:17:36,820  INFO [main] HiveMetaStore.audit: ugi=alex	ip=unknown-ip-addr	cmd=get_table : tbl=hive.default.tmp	
2024-04-24T01:17:36,823  INFO [main] metadata.Hive: Dumping metastore api call timing information for : execution phase
2024-04-24T01:17:36,824  INFO [main] metadata.Hive: Total time spent in each metastore function (ms): {isCompatibleWith_(Configuration)=0}
2024-04-24T01:17:36,824  INFO [main] ql.Driver: Completed executing command(queryId=alex_20240424011736_7c7f3bfe-d88a-40a3-9054-cde5d0713c05); Time taken: 0.003 seconds
2024-04-24T01:17:36,824  INFO [main] lockmgr.DbTxnManager: Stopped heartbeat for query: alex_20240424011736_7c7f3bfe-d88a-40a3-9054-cde5d0713c05
2024-04-24T01:17:36,829  INFO [main] txn.TxnHandler: Expected to move at least one record from txn_components to completed_txn_components when committing txn! txnid:13
2024-04-24T01:17:36,836  INFO [main] txn.TxnHandler: Removed transactions: ([13]) from MIN_HISTORY_LEVEL
2024-04-24T01:17:36,836  WARN [main] txn.CompactionTxnHandler: No compaction queue record found for Compaction type transaction commit. txnId:13
2024-04-24T01:17:36,837  INFO [main] ql.TxnCommandsBaseForTests: Running the query: create table tmp (c1 integer, c2 integer) partitioned by (c3 integer) stored as orc tblproperties('transactional'='false')
2024-04-24T01:17:36,837  INFO [main] ql.Driver: Compiling command(queryId=alex_20240424011736_62946a99-efb1-4168-88a2-c0513bf18170): create table tmp (c1 integer, c2 integer) partitioned by (c3 integer) stored as orc tblproperties('transactional'='false')
2024-04-24T01:17:36,840  INFO [main] txn.TxnHandler: Added entries to MIN_HISTORY_LEVEL for current txns: ([14]) with min_open_txn: 1
2024-04-24T01:17:36,840  INFO [main] lockmgr.DbTxnManager: Opened txnid:14
2024-04-24T01:17:36,841  INFO [main] parse.CalcitePlanner: Starting caching scope for: 
2024-04-24T01:17:36,841  INFO [main] parse.CalcitePlanner: Starting Semantic Analysis
2024-04-24T01:17:36,846  INFO [main] parse.CalcitePlanner: Creating table default.tmp position=13
2024-04-24T01:17:36,847  INFO [main] HiveMetaStore.audit: ugi=alex	ip=unknown-ip-addr	cmd=get_database: default	
2024-04-24T01:17:36,848  INFO [main] parse.CalcitePlanner: Ending caching scope for: 
2024-04-24T01:17:36,848  INFO [main] ql.Driver: Semantic Analysis Completed (retrial = false)
2024-04-24T01:17:36,849  INFO [main] ql.Driver: Created Hive schema: Schema(fieldSchemas:null, properties:null)
2024-04-24T01:17:36,849  INFO [main] metadata.Hive: Dumping metastore api call timing information for : compilation phase
2024-04-24T01:17:36,849  INFO [main] metadata.Hive: Total time spent in each metastore function (ms): {getValidWriteIds_(List, String)=5, getValidTxns_(long)=1, openTxn_(String, TxnType)=2, isCompatibleWith_(Configuration)=1, getDatabase_(String)=1, flushCache_()=0, commitTxn_(CommitTxnRequest)=12}
2024-04-24T01:17:36,849  INFO [main] ql.Driver: Completed compiling command(queryId=alex_20240424011736_62946a99-efb1-4168-88a2-c0513bf18170); Time taken: 0.012 seconds
2024-04-24T01:17:36,849  INFO [main] lockmgr.DbTxnManager: Setting lock request transaction to txnid:14 for queryId=alex_20240424011736_62946a99-efb1-4168-88a2-c0513bf18170
2024-04-24T01:17:36,849  INFO [main] lockmgr.DbLockManager: Requesting lock for queryId=alex_20240424011736_62946a99-efb1-4168-88a2-c0513bf18170
2024-04-24T01:17:36,868  INFO [main] lockmgr.DbLockManager: Response to queryId=alex_20240424011736_62946a99-efb1-4168-88a2-c0513bf18170 LockResponse(lockid:7, state:ACQUIRED)
2024-04-24T01:17:36,868  INFO [main] ql.Driver: Operation CREATETABLE obtained 1 locks
2024-04-24T01:17:36,868  INFO [main] ql.Driver: Executing command(queryId=alex_20240424011736_62946a99-efb1-4168-88a2-c0513bf18170): create table tmp (c1 integer, c2 integer) partitioned by (c3 integer) stored as orc tblproperties('transactional'='false')
2024-04-24T01:17:36,868  INFO [main] ql.Driver: Starting task [Stage-0:DDL] in serial mode
2024-04-24T01:17:36,869  INFO [main] HiveMetaStore.audit: ugi=alex	ip=unknown-ip-addr	cmd=create_table_req: Table(tableName:tmp, dbName:default, owner:alex, createTime:1713946656, lastAccessTime:0, retention:0, sd:StorageDescriptor(cols:[FieldSchema(name:c1, type:int, comment:null), FieldSchema(name:c2, type:int, comment:null)], location:null, inputFormat:org.apache.hadoop.hive.ql.io.orc.OrcInputFormat, outputFormat:org.apache.hadoop.hive.ql.io.orc.OrcOutputFormat, compressed:false, numBuckets:-1, serdeInfo:SerDeInfo(name:null, serializationLib:org.apache.hadoop.hive.ql.io.orc.OrcSerde, parameters:{serialization.format=1}), bucketCols:[], sortCols:[], parameters:{}, skewedInfo:SkewedInfo(skewedColNames:[], skewedColValues:[], skewedColValueLocationMaps:{}), storedAsSubDirectories:false), partitionKeys:[FieldSchema(name:c3, type:int, comment:null)], parameters:{transactional=false, bucketing_version=2}, viewOriginalText:null, viewExpandedText:null, tableType:MANAGED_TABLE, privileges:PrincipalPrivilegeSet(userPrivileges:{alex=[PrivilegeGrantInfo(privilege:INSERT, createTime:-1, grantor:alex, grantorType:USER, grantOption:true), PrivilegeGrantInfo(privilege:SELECT, createTime:-1, grantor:alex, grantorType:USER, grantOption:true), PrivilegeGrantInfo(privilege:UPDATE, createTime:-1, grantor:alex, grantorType:USER, grantOption:true), PrivilegeGrantInfo(privilege:DELETE, createTime:-1, grantor:alex, grantorType:USER, grantOption:true)]}, groupPrivileges:null, rolePrivileges:null), temporary:false, catName:hive, ownerType:USER)	
2024-04-24T01:17:36,875  INFO [main] utils.FileUtils: Creating directory if it doesn't exist: file:/home/alex/Repositories/hive/ql/target/tmp/org.apache.hadoop.hive.ql.TestTxnNoBuckets-1713946626176/warehouse/tmp
2024-04-24T01:17:36,911  INFO [main] metadata.Hive: Dumping metastore api call timing information for : execution phase
2024-04-24T01:17:36,912  INFO [main] metadata.Hive: Total time spent in each metastore function (ms): {isCompatibleWith_(Configuration)=0, createTable_(Table)=42}
2024-04-24T01:17:36,912  INFO [main] ql.Driver: Completed executing command(queryId=alex_20240424011736_62946a99-efb1-4168-88a2-c0513bf18170); Time taken: 0.043 seconds
2024-04-24T01:17:36,912  INFO [main] lockmgr.DbTxnManager: Stopped heartbeat for query: alex_20240424011736_62946a99-efb1-4168-88a2-c0513bf18170
2024-04-24T01:17:36,918  INFO [main] txn.TxnHandler: Expected to move at least one record from txn_components to completed_txn_components when committing txn! txnid:14
2024-04-24T01:17:36,926  INFO [main] txn.TxnHandler: Removed transactions: ([14]) from MIN_HISTORY_LEVEL
2024-04-24T01:17:36,926  WARN [main] txn.CompactionTxnHandler: No compaction queue record found for Compaction type transaction commit. txnId:14
2024-04-24T01:17:36,927  INFO [main] ql.TxnCommandsBaseForTests: Running the query: insert into tmp  values(0,0,0),(3,3,3)
2024-04-24T01:17:36,927  INFO [main] ql.Driver: Compiling command(queryId=alex_20240424011736_99122fa4-cc98-443e-976c-80146f776b8d): insert into tmp  values(0,0,0),(3,3,3)
2024-04-24T01:17:36,931  INFO [main] txn.TxnHandler: Added entries to MIN_HISTORY_LEVEL for current txns: ([15]) with min_open_txn: 2
2024-04-24T01:17:36,931  INFO [main] lockmgr.DbTxnManager: Opened txnid:15
2024-04-24T01:17:36,932  INFO [main] parse.CalcitePlanner: Starting caching scope for: 
2024-04-24T01:17:36,932  INFO [main] parse.CalcitePlanner: Starting Semantic Analysis
2024-04-24T01:17:36,937  INFO [main] HiveMetaStore.audit: ugi=alex	ip=unknown-ip-addr	cmd=get_table : tbl=hive.default.tmp	
2024-04-24T01:17:36,981  INFO [main] metastore.HMSHandler: Skipping translation for processor with null
2024-04-24T01:17:36,981  INFO [main] parse.CalcitePlanner: Completed phase 1 of Semantic Analysis
2024-04-24T01:17:36,981  INFO [main] parse.CalcitePlanner: Get metadata for source tables
2024-04-24T01:17:36,981  INFO [main] parse.CalcitePlanner: Get metadata for subqueries
2024-04-24T01:17:36,981  INFO [main] parse.CalcitePlanner: Get metadata for destination tables
2024-04-24T01:17:36,981  INFO [main] HiveMetaStore.audit: ugi=alex	ip=unknown-ip-addr	cmd=get_table : tbl=hive.default.tmp	
2024-04-24T01:17:36,993  INFO [main] metastore.HMSHandler: Skipping translation for processor with null
2024-04-24T01:17:36,993  INFO [main] parse.CalcitePlanner: Completed getting MetaData in Semantic Analysis
2024-04-24T01:17:36,993  INFO [main] parse.CalcitePlanner: Disabling LLAP IO encode as ETL query is detected
2024-04-24T01:17:37,015  INFO [main] HiveMetaStore.audit: ugi=alex	ip=unknown-ip-addr	cmd=get_all_table_constraints : tbl=hive._dummy_database._dummy_table	
2024-04-24T01:17:37,106  INFO [main] parse.CalcitePlanner: Get metadata for source tables
2024-04-24T01:17:37,106  INFO [main] parse.CalcitePlanner: Get metadata for subqueries
2024-04-24T01:17:37,106  INFO [main] parse.CalcitePlanner: Get metadata for source tables
2024-04-24T01:17:37,107  INFO [main] HiveMetaStore.audit: ugi=alex	ip=unknown-ip-addr	cmd=get_table : tbl=hive._dummy_database._dummy_table	
2024-04-24T01:17:37,109  INFO [main] parse.CalcitePlanner: Get metadata for subqueries
2024-04-24T01:17:37,110  INFO [main] parse.CalcitePlanner: Get metadata for destination tables
2024-04-24T01:17:37,110  INFO [main] parse.CalcitePlanner: Get metadata for destination tables
2024-04-24T01:17:37,110  INFO [main] HiveMetaStore.audit: ugi=alex	ip=unknown-ip-addr	cmd=get_table : tbl=hive.default.tmp	
2024-04-24T01:17:37,120  INFO [main] metastore.HMSHandler: Skipping translation for processor with null
2024-04-24T01:17:37,124  INFO [main] common.FileUtils: Creating directory if it doesn't exist: file:/home/alex/Repositories/hive/ql/target/tmp/org.apache.hadoop.hive.ql.TestTxnNoBuckets-1713946626176/warehouse/tmp/.hive-staging_hive_2024-04-24_01-17-36_927_758706761487263650-1
2024-04-24T01:17:37,127  INFO [main] HiveMetaStore.audit: ugi=alex	ip=unknown-ip-addr	cmd=get_not_null_constraints : tbl=hive.default.tmp	
2024-04-24T01:17:37,128  INFO [main] HiveMetaStore.audit: ugi=alex	ip=unknown-ip-addr	cmd=get_check_constraints : tbl=hive.default.tmp	
2024-04-24T01:17:37,130  INFO [main] parse.CalcitePlanner: CBO Succeeded; optimized logical plan.
2024-04-24T01:17:37,134  INFO [main] optimizer.BucketVersionPopulator: not considering bucketingVersion for: TS[0] because it has -1<2 buckets 
2024-04-24T01:17:37,134  INFO [main] optimizer.SortedDynPartitionOptimizer: Sorted dynamic partitioning optimization kicked in..
2024-04-24T01:17:37,135  INFO [main] optimizer.SortedDynPartitionOptimizer: Inserted RS_5 and SEL_6 as parent of FS_4 and child of SEL_3
2024-04-24T01:17:37,145  INFO [main] HiveMetaStore.audit: ugi=alex	ip=unknown-ip-addr	cmd=get_table : tbl=hive.default.tmp	
2024-04-24T01:17:37,156  INFO [main] metastore.HMSHandler: Skipping translation for processor with null
2024-04-24T01:17:37,157  INFO [main] parse.CalcitePlanner: Completed plan generation
2024-04-24T01:17:37,157  INFO [main] parse.CalcitePlanner: Ending caching scope for: 
2024-04-24T01:17:37,157  INFO [main] ql.Driver: Semantic Analysis Completed (retrial = false)
2024-04-24T01:17:37,157  INFO [main] ql.Driver: Created Hive schema: Schema(fieldSchemas:[FieldSchema(name:col1, type:int, comment:null), FieldSchema(name:col2, type:int, comment:null), FieldSchema(name:col3, type:int, comment:null)], properties:null)
2024-04-24T01:17:37,157  INFO [main] metadata.Hive: Dumping metastore api call timing information for : compilation phase
2024-04-24T01:17:37,157  INFO [main] metadata.Hive: Total time spent in each metastore function (ms): {isCompatibleWith_(Configuration)=0, getTable_(GetTableRequest)=79, openTxn_(String, TxnType)=2, getCheckConstraints_(CheckConstraintsRequest)=2, getMetaConf_(String)=0, flushCache_()=0, getValidTxns_(long)=0, getNotNullConstraints_(NotNullConstraintsRequest)=1, getValidWriteIds_(List, String)=4, getAllTableConstraints_(AllTableConstraintsRequest)=36, commitTxn_(CommitTxnRequest)=15}
2024-04-24T01:17:37,158  INFO [main] ql.Driver: Completed compiling command(queryId=alex_20240424011736_99122fa4-cc98-443e-976c-80146f776b8d); Time taken: 0.23 seconds
2024-04-24T01:17:37,158  INFO [main] lockmgr.DbTxnManager: Setting lock request transaction to txnid:15 for queryId=alex_20240424011736_99122fa4-cc98-443e-976c-80146f776b8d
2024-04-24T01:17:37,158  INFO [main] lockmgr.DbLockManager: Requesting lock for queryId=alex_20240424011736_99122fa4-cc98-443e-976c-80146f776b8d
2024-04-24T01:17:37,176  INFO [main] lockmgr.DbLockManager: Response to queryId=alex_20240424011736_99122fa4-cc98-443e-976c-80146f776b8d LockResponse(lockid:8, state:ACQUIRED)
2024-04-24T01:17:37,176  INFO [main] ql.Driver: Operation QUERY obtained 1 locks
2024-04-24T01:17:37,176  INFO [main] ql.Driver: Executing command(queryId=alex_20240424011736_99122fa4-cc98-443e-976c-80146f776b8d): insert into tmp  values(0,0,0),(3,3,3)
2024-04-24T01:17:37,177  WARN [main] ql.Driver: Hive-on-MR is deprecated in Hive 2 and may not be available in the future versions. Consider using a different execution engine (i.e. spark, tez) or using Hive 1.X releases.
Query ID = alex_20240424011736_99122fa4-cc98-443e-976c-80146f776b8d
2024-04-24T01:17:37,177  INFO [main] ql.Driver: Query ID = alex_20240424011736_99122fa4-cc98-443e-976c-80146f776b8d
Total jobs = 1
2024-04-24T01:17:37,177  INFO [main] ql.Driver: Total jobs = 1
Launching Job 1 out of 1
2024-04-24T01:17:37,177  INFO [main] ql.Driver: Launching Job 1 out of 1
2024-04-24T01:17:37,382  INFO [main] ql.Driver: Starting task [Stage-1:MAPRED] in serial mode
2024-04-24T01:17:37,382  INFO [main] exec.Utilities: Not using thread pool for getContentSummary
2024-04-24T01:17:37,383  INFO [main] exec.Utilities: BytesPerReducer=256000000 maxReducers=1009 totalInputFileSize=1
Number of reduce tasks not specified. Estimated from input data size: 1
2024-04-24T01:17:37,383  INFO [main] exec.Task: Number of reduce tasks not specified. Estimated from input data size: 1
In order to change the average load for a reducer (in bytes):
2024-04-24T01:17:37,383  INFO [main] exec.Task: In order to change the average load for a reducer (in bytes):
  set hive.exec.reducers.bytes.per.reducer=<number>
2024-04-24T01:17:37,383  INFO [main] exec.Task:   set hive.exec.reducers.bytes.per.reducer=<number>
In order to limit the maximum number of reducers:
2024-04-24T01:17:37,383  INFO [main] exec.Task: In order to limit the maximum number of reducers:
  set hive.exec.reducers.max=<number>
2024-04-24T01:17:37,383  INFO [main] exec.Task:   set hive.exec.reducers.max=<number>
In order to set a constant number of reducers:
2024-04-24T01:17:37,383  INFO [main] exec.Task: In order to set a constant number of reducers:
  set mapreduce.job.reduces=<number>
2024-04-24T01:17:37,383  INFO [main] exec.Task:   set mapreduce.job.reduces=<number>
2024-04-24T01:17:37,386  INFO [main] mr.ExecDriver: Using org.apache.hadoop.hive.ql.io.HiveInputFormat
2024-04-24T01:17:37,386  INFO [main] exec.Utilities: Processing alias $hdt$_0:_dummy_table
2024-04-24T01:17:37,386  INFO [main] exec.Utilities: Adding 1 inputs; the first input is file:/home/alex/Repositories/hive/ql/target/tmp/localscratchdir/e200bcba-f0ca-4f02-9e42-4b4d6a93de0f/hive_2024-04-24_01-17-36_927_758706761487263650-1/dummy_path
2024-04-24T01:17:37,396  INFO [main] exec.SerializationUtilities: Serializing MapWork using kryo
2024-04-24T01:17:37,398  INFO [main] exec.Utilities: Serialized plan (via FILE) - name: null size: 5,07KB
2024-04-24T01:17:37,403  INFO [main] exec.SerializationUtilities: Serializing ReduceWork using kryo
2024-04-24T01:17:37,405  INFO [main] exec.Utilities: Serialized plan (via FILE) - name: null size: 6,45KB
2024-04-24T01:17:37,407  WARN [main] impl.MetricsSystemImpl: JobTracker metrics system already initialized!
2024-04-24T01:17:37,413  INFO [main] fs.FSStatsPublisher: created : file:/home/alex/Repositories/hive/ql/target/tmp/localscratchdir/e200bcba-f0ca-4f02-9e42-4b4d6a93de0f/hive_2024-04-24_01-17-36_927_758706761487263650-1/-mr-10001
2024-04-24T01:17:37,419  WARN [main] impl.MetricsSystemImpl: JobTracker metrics system already initialized!
2024-04-24T01:17:37,430  WARN [main] mapreduce.JobResourceUploader: Hadoop command-line option parsing not performed. Implement the Tool interface and execute your application with ToolRunner to remedy this.
2024-04-24T01:17:37,435  WARN [main] mapreduce.JobResourceUploader: No job jar file set.  User classes may not be found. See Job or Job#setJar(String).
2024-04-24T01:17:37,437  INFO [main] io.HiveInputFormat: hive.io.file.readcolumn.ids = 
2024-04-24T01:17:37,437  INFO [main] io.HiveInputFormat: hive.io.file.readcolumn.names = 
2024-04-24T01:17:37,437  INFO [main] io.HiveInputFormat: Generating splits for dirs: file:/home/alex/Repositories/hive/ql/target/tmp/localscratchdir/e200bcba-f0ca-4f02-9e42-4b4d6a93de0f/hive_2024-04-24_01-17-36_927_758706761487263650-1/dummy_path
2024-04-24T01:17:37,437  INFO [main] io.HiveInputFormat: number of splits 1
2024-04-24T01:17:37,456  INFO [main] mapreduce.JobSubmitter: number of splits:1
2024-04-24T01:17:37,484  INFO [main] mapreduce.JobSubmitter: Submitting tokens for job: job_local1230974437_0008
2024-04-24T01:17:37,484  INFO [main] mapreduce.JobSubmitter: Executing with tokens: []
2024-04-24T01:17:37,570  INFO [main] mapreduce.Job: The url to track the job: http://localhost:8080/
Job running in-process (local Hadoop)
2024-04-24T01:17:37,571  INFO [main] exec.Task: Job running in-process (local Hadoop)
2024-04-24T01:17:37,571  INFO [Thread-491] mapred.LocalJobRunner: OutputCommitter set in config org.apache.hadoop.hive.ql.io.HiveFileFormatUtils$NullOutputCommitter
2024-04-24T01:17:37,571  INFO [Thread-491] mapred.LocalJobRunner: OutputCommitter is org.apache.hadoop.hive.ql.io.HiveFileFormatUtils$NullOutputCommitter
2024-04-24T01:17:37,573  INFO [Thread-491] mapred.LocalJobRunner: Waiting for map tasks
2024-04-24T01:17:37,573  INFO [LocalJobRunner Map Task Executor #0] mapred.LocalJobRunner: Starting task: attempt_local1230974437_0008_m_000000_0
2024-04-24T01:17:37,576  INFO [LocalJobRunner Map Task Executor #0] mapred.Task:  Using ResourceCalculatorProcessTree : [ ]
2024-04-24T01:17:37,577  INFO [LocalJobRunner Map Task Executor #0] mapred.MapTask: Processing split: org.apache.hadoop.hive.ql.io.NullRowsInputFormat:file:/home/alex/Repositories/hive/ql/target/tmp/localscratchdir/e200bcba-f0ca-4f02-9e42-4b4d6a93de0f/hive_2024-04-24_01-17-36_927_758706761487263650-1/dummy_path/null:0+1
2024-04-24T01:17:37,579  INFO [LocalJobRunner Map Task Executor #0] exec.SerializationUtilities: Deserializing MapWork using kryo
2024-04-24T01:17:37,581  INFO [LocalJobRunner Map Task Executor #0] exec.Utilities: Deserialized plan (via FILE) - name: null size: 5,07KB
2024-04-24T01:17:37,581  INFO [LocalJobRunner Map Task Executor #0] mapred.MapTask: numReduceTasks: 1
2024-04-24T01:17:37,587  INFO [LocalJobRunner Map Task Executor #0] mapred.MapTask: (EQUATOR) 0 kvi 26214396(104857584)
2024-04-24T01:17:37,587  INFO [LocalJobRunner Map Task Executor #0] mapred.MapTask: mapreduce.task.io.sort.mb: 100
2024-04-24T01:17:37,587  INFO [LocalJobRunner Map Task Executor #0] mapred.MapTask: soft limit at 83886080
2024-04-24T01:17:37,587  INFO [LocalJobRunner Map Task Executor #0] mapred.MapTask: bufstart = 0; bufvoid = 104857600
2024-04-24T01:17:37,587  INFO [LocalJobRunner Map Task Executor #0] mapred.MapTask: kvstart = 26214396; length = 6553600
2024-04-24T01:17:37,587  INFO [LocalJobRunner Map Task Executor #0] mapred.MapTask: Map output collector class = org.apache.hadoop.mapred.MapTask$MapOutputBuffer
2024-04-24T01:17:37,588  INFO [LocalJobRunner Map Task Executor #0] exec.MapOperator: Initializing Operator: MAP[0]
2024-04-24T01:17:37,588  INFO [LocalJobRunner Map Task Executor #0] mr.ExecMapper: 
<MAP>Id =0
  <Children>null
  <\Children>
  <Parent><\Parent>
<\MAP>
2024-04-24T01:17:37,589  INFO [LocalJobRunner Map Task Executor #0] exec.TableScanOperator: Initializing Operator: TS[0]
2024-04-24T01:17:37,589  INFO [LocalJobRunner Map Task Executor #0] exec.SelectOperator: Initializing Operator: SEL[1]
2024-04-24T01:17:37,589  INFO [LocalJobRunner Map Task Executor #0] exec.SelectOperator: SELECT null
2024-04-24T01:17:37,589  INFO [LocalJobRunner Map Task Executor #0] exec.UDTFOperator: Initializing Operator: UDTF[2]
2024-04-24T01:17:37,589  INFO [LocalJobRunner Map Task Executor #0] exec.SelectOperator: Initializing Operator: SEL[3]
2024-04-24T01:17:37,590  INFO [LocalJobRunner Map Task Executor #0] exec.SelectOperator: SELECT struct<col1:int,col2:int,col3:int>
2024-04-24T01:17:37,590  INFO [LocalJobRunner Map Task Executor #0] exec.ReduceSinkOperator: Initializing Operator: RS[5]
2024-04-24T01:17:37,590  INFO [LocalJobRunner Map Task Executor #0] exec.ReduceSinkOperator: Using tag = -1
2024-04-24T01:17:37,590  INFO [LocalJobRunner Map Task Executor #0] exec.ReduceSinkOperator: keys are [_col2] num distributions: 1
2024-04-24T01:17:37,590  INFO [LocalJobRunner Map Task Executor #0] exec.ReduceSinkOperator: RS[5]: records written - 1
2024-04-24T01:17:37,591  INFO [LocalJobRunner Map Task Executor #0] exec.MapOperator: MAP[0]: records read - 1
2024-04-24T01:17:37,591  INFO [LocalJobRunner Map Task Executor #0] exec.MapOperator: Closing Operator: MAP[0]
2024-04-24T01:17:37,591  INFO [LocalJobRunner Map Task Executor #0] exec.MapOperator: MAP[0]: Total records read - 3. abort - false
2024-04-24T01:17:37,591  INFO [LocalJobRunner Map Task Executor #0] exec.MapOperator: DESERIALIZE_ERRORS:0, RECORDS_IN:3, RECORDS_OUT_OPERATOR_MAP_0:0, RECORDS_OUT_INTERMEDIATE:0, 
2024-04-24T01:17:37,591  INFO [LocalJobRunner Map Task Executor #0] exec.TableScanOperator: Closing Operator: TS[0]
2024-04-24T01:17:37,591  INFO [LocalJobRunner Map Task Executor #0] exec.TableScanOperator: RECORDS_OUT_INTERMEDIATE:0, RECORDS_OUT_OPERATOR_TS_0:1, 
2024-04-24T01:17:37,591  INFO [LocalJobRunner Map Task Executor #0] exec.SelectOperator: Closing Operator: SEL[1]
2024-04-24T01:17:37,591  INFO [LocalJobRunner Map Task Executor #0] exec.SelectOperator: RECORDS_OUT_INTERMEDIATE:0, RECORDS_OUT_OPERATOR_SEL_1:1, 
2024-04-24T01:17:37,591  INFO [LocalJobRunner Map Task Executor #0] exec.UDTFOperator: Closing Operator: UDTF[2]
2024-04-24T01:17:37,591  INFO [LocalJobRunner Map Task Executor #0] exec.UDTFOperator: RECORDS_OUT_OPERATOR_UDTF_2:2, RECORDS_OUT_INTERMEDIATE:0, 
2024-04-24T01:17:37,591  INFO [LocalJobRunner Map Task Executor #0] exec.SelectOperator: Closing Operator: SEL[3]
2024-04-24T01:17:37,591  INFO [LocalJobRunner Map Task Executor #0] exec.SelectOperator: RECORDS_OUT_INTERMEDIATE:0, RECORDS_OUT_OPERATOR_SEL_3:2, 
2024-04-24T01:17:37,591  INFO [LocalJobRunner Map Task Executor #0] exec.ReduceSinkOperator: Closing Operator: RS[5]
2024-04-24T01:17:37,592  INFO [LocalJobRunner Map Task Executor #0] exec.ReduceSinkOperator: RS[5]: Total records written - 2. abort - false
2024-04-24T01:17:37,592  INFO [LocalJobRunner Map Task Executor #0] exec.ReduceSinkOperator: RECORDS_OUT_INTERMEDIATE:2, RECORDS_OUT_OPERATOR_RS_5:2, 
2024-04-24T01:17:37,595  INFO [LocalJobRunner Map Task Executor #0] mapred.LocalJobRunner: 
2024-04-24T01:17:37,595  INFO [LocalJobRunner Map Task Executor #0] mapred.MapTask: Starting flush of map output
2024-04-24T01:17:37,595  INFO [LocalJobRunner Map Task Executor #0] mapred.MapTask: Spilling map output
2024-04-24T01:17:37,595  INFO [LocalJobRunner Map Task Executor #0] mapred.MapTask: bufstart = 0; bufend = 34; bufvoid = 104857600
2024-04-24T01:17:37,595  INFO [LocalJobRunner Map Task Executor #0] mapred.MapTask: kvstart = 26214396(104857584); kvend = 26214392(104857568); length = 5/6553600
2024-04-24T01:17:37,606  INFO [LocalJobRunner Map Task Executor #0] mapred.MapTask: Finished spill 0
2024-04-24T01:17:37,612  INFO [LocalJobRunner Map Task Executor #0] mapred.Task: Task:attempt_local1230974437_0008_m_000000_0 is done. And is in the process of committing
2024-04-24T01:17:37,613  INFO [LocalJobRunner Map Task Executor #0] mapred.LocalJobRunner: map
2024-04-24T01:17:37,613  INFO [LocalJobRunner Map Task Executor #0] mapred.Task: Task 'attempt_local1230974437_0008_m_000000_0' done.
2024-04-24T01:17:37,613  INFO [LocalJobRunner Map Task Executor #0] mapred.Task: Final Counters for attempt_local1230974437_0008_m_000000_0: Counters: 26
	File System Counters
		FILE: Number of bytes read=123959
		FILE: Number of bytes written=9403032
		FILE: Number of read operations=0
		FILE: Number of large read operations=0
		FILE: Number of write operations=0
	Map-Reduce Framework
		Map input records=4
		Map output records=2
		Map output bytes=34
		Map output materialized bytes=44
		Input split bytes=360
		Combine input records=0
		Spilled Records=2
		Failed Shuffles=0
		Merged Map outputs=0
		GC time elapsed (ms)=0
		Total committed heap usage (bytes)=1087897600
	HIVE
		DESERIALIZE_ERRORS=0
		RECORDS_IN=3
		RECORDS_OUT_INTERMEDIATE=2
		RECORDS_OUT_OPERATOR_MAP_0=0
		RECORDS_OUT_OPERATOR_RS_5=2
		RECORDS_OUT_OPERATOR_SEL_1=1
		RECORDS_OUT_OPERATOR_SEL_3=2
		RECORDS_OUT_OPERATOR_TS_0=1
		RECORDS_OUT_OPERATOR_UDTF_2=2
	File Input Format Counters 
		Bytes Read=5121
2024-04-24T01:17:37,613  INFO [LocalJobRunner Map Task Executor #0] mapred.LocalJobRunner: Finishing task: attempt_local1230974437_0008_m_000000_0
2024-04-24T01:17:37,613  INFO [Thread-491] mapred.LocalJobRunner: map task executor complete.
2024-04-24T01:17:37,614  INFO [Thread-491] mapred.LocalJobRunner: Waiting for reduce tasks
2024-04-24T01:17:37,614  INFO [pool-33-thread-1] mapred.LocalJobRunner: Starting task: attempt_local1230974437_0008_r_000000_0
2024-04-24T01:17:37,617  INFO [pool-33-thread-1] mapred.Task:  Using ResourceCalculatorProcessTree : [ ]
2024-04-24T01:17:37,617  INFO [pool-33-thread-1] mapred.ReduceTask: Using ShuffleConsumerPlugin: org.apache.hadoop.mapreduce.task.reduce.Shuffle@9196e8a
2024-04-24T01:17:37,617  WARN [pool-33-thread-1] impl.MetricsSystemImpl: JobTracker metrics system already initialized!
2024-04-24T01:17:37,618  INFO [pool-33-thread-1] reduce.MergeManagerImpl: MergerManager: memoryLimit=1336252800, maxSingleShuffleLimit=334063200, mergeThreshold=881926912, ioSortFactor=10, memToMemMergeOutputsThreshold=10
2024-04-24T01:17:37,618  INFO [EventFetcher for fetching Map Completion Events] reduce.EventFetcher: attempt_local1230974437_0008_r_000000_0 Thread started: EventFetcher for fetching Map Completion Events
2024-04-24T01:17:37,621  INFO [localfetcher#5] reduce.LocalFetcher: localfetcher#5 about to shuffle output of map attempt_local1230974437_0008_m_000000_0 decomp: 40 len: 44 to MEMORY
2024-04-24T01:17:37,621  INFO [localfetcher#5] reduce.InMemoryMapOutput: Read 40 bytes from map-output for attempt_local1230974437_0008_m_000000_0
2024-04-24T01:17:37,621  INFO [localfetcher#5] reduce.MergeManagerImpl: closeInMemoryFile -> map-output of size: 40, inMemoryMapOutputs.size() -> 1, commitMemory -> 0, usedMemory ->40
2024-04-24T01:17:37,622  INFO [EventFetcher for fetching Map Completion Events] reduce.EventFetcher: EventFetcher is interrupted.. Returning
2024-04-24T01:17:37,622  INFO [pool-33-thread-1] mapred.LocalJobRunner: 1 / 1 copied.
2024-04-24T01:17:37,622  INFO [pool-33-thread-1] reduce.MergeManagerImpl: finalMerge called with 1 in-memory map-outputs and 0 on-disk map-outputs
2024-04-24T01:17:37,628  INFO [pool-33-thread-1] mapred.Merger: Merging 1 sorted segments
2024-04-24T01:17:37,628  INFO [pool-33-thread-1] mapred.Merger: Down to the last merge-pass, with 1 segments left of total size: 28 bytes
2024-04-24T01:17:37,632  INFO [pool-33-thread-1] reduce.MergeManagerImpl: Merged 1 segments, 40 bytes to disk to satisfy reduce memory limit
2024-04-24T01:17:37,632  INFO [pool-33-thread-1] reduce.MergeManagerImpl: Merging 1 files, 44 bytes from disk
2024-04-24T01:17:37,632  INFO [pool-33-thread-1] reduce.MergeManagerImpl: Merging 0 segments, 0 bytes from memory into reduce
2024-04-24T01:17:37,632  INFO [pool-33-thread-1] mapred.Merger: Merging 1 sorted segments
2024-04-24T01:17:37,633  INFO [pool-33-thread-1] mapred.Merger: Down to the last merge-pass, with 1 segments left of total size: 28 bytes
2024-04-24T01:17:37,633  INFO [pool-33-thread-1] mapred.LocalJobRunner: 1 / 1 copied.
2024-04-24T01:17:37,633  INFO [pool-33-thread-1] exec.SerializationUtilities: Deserializing ReduceWork using kryo
2024-04-24T01:17:37,635  INFO [pool-33-thread-1] exec.Utilities: Deserialized plan (via FILE) - name: null size: 6,45KB
2024-04-24T01:17:37,636  INFO [pool-33-thread-1] ExecReducer: 
<SEL>Id =6
  <Children>
    <FS>Id =4
      <Children>
      <\Children>
      <Parent>Id = 6 null<\Parent>
    <\FS>
  <\Children>
  <Parent><\Parent>
<\SEL>
2024-04-24T01:17:37,636  INFO [pool-33-thread-1] exec.SelectOperator: Initializing Operator: SEL[6]
2024-04-24T01:17:37,636  INFO [pool-33-thread-1] exec.SelectOperator: SELECT struct<key:struct<_col2:int>,value:struct<_col0:int,_col1:int>>
2024-04-24T01:17:37,636  INFO [pool-33-thread-1] exec.FileSinkOperator: Initializing Operator: FS[4]
2024-04-24T01:17:37,637  INFO [pool-33-thread-1] exec.FileSinkOperator: Using serializer : AbstractSerDe [log=org.apache.logging.slf4j.Log4jLogger@48b320a7, configuration=Optional[Configuration: core-default.xml, core-site.xml, mapred-default.xml, mapred-site.xml, yarn-default.xml, yarn-site.xml, hdfs-default.xml, hdfs-site.xml, file:/home/alex/Repositories/hive/ql/target/tmp/TestTxnNoBuckets/mapred/local/localRunner/alex/job_local1230974437_0008/job_local1230974437_0008.xml], properties={name=default.tmp, columns.types=int:int, serialization.format=1, columns=c1,c2, columns.comments=&amp#0;, partition_columns.types=int, partition_columns=c3, bucketing_version=2, serialization.lib=org.apache.hadoop.hive.ql.io.orc.OrcSerde, file.inputformat=org.apache.hadoop.hive.ql.io.orc.OrcInputFormat, file.outputformat=org.apache.hadoop.hive.ql.io.orc.OrcOutputFormat, location=file:/home/alex/Repositories/hive/ql/target/tmp/org.apache.hadoop.hive.ql.TestTxnNoBuckets-1713946626176/warehouse/tmp, column.name.delimiter=,}, tableProperties={name=default.tmp, columns.types=int:int, serialization.format=1, columns=c1,c2, columns.comments=&amp#0;, partition_columns.types=int, partition_columns=c3, bucketing_version=2, serialization.lib=org.apache.hadoop.hive.ql.io.orc.OrcSerde, file.inputformat=org.apache.hadoop.hive.ql.io.orc.OrcInputFormat, location=file:/home/alex/Repositories/hive/ql/target/tmp/org.apache.hadoop.hive.ql.TestTxnNoBuckets-1713946626176/warehouse/tmp, file.outputformat=org.apache.hadoop.hive.ql.io.orc.OrcOutputFormat, column.name.delimiter=,}, partitionProperties=Optional.empty, columnNames=[c1, c2], columnTypes=[int, int], getClass()=class org.apache.hadoop.hive.ql.io.orc.OrcSerde] and formatter : org.apache.hadoop.hive.ql.io.orc.OrcOutputFormat@32c39149
2024-04-24T01:17:37,639  INFO [pool-33-thread-1] exec.FileSinkOperator: Final Path: FS file:/home/alex/Repositories/hive/ql/target/tmp/org.apache.hadoop.hive.ql.TestTxnNoBuckets-1713946626176/warehouse/tmp/.hive-staging_hive_2024-04-24_01-17-36_927_758706761487263650-1/_tmp.-ext-10000/c3=0/000000_0
2024-04-24T01:17:37,639  INFO [pool-33-thread-1] exec.FileSinkOperator: Writing to temp file: FS file:/home/alex/Repositories/hive/ql/target/tmp/org.apache.hadoop.hive.ql.TestTxnNoBuckets-1713946626176/warehouse/tmp/.hive-staging_hive_2024-04-24_01-17-36_927_758706761487263650-1/_task_tmp.-ext-10000/c3=0/_tmp.000000_0
2024-04-24T01:17:37,639  INFO [pool-33-thread-1] exec.FileSinkOperator: New Final Path: FS file:/home/alex/Repositories/hive/ql/target/tmp/org.apache.hadoop.hive.ql.TestTxnNoBuckets-1713946626176/warehouse/tmp/.hive-staging_hive_2024-04-24_01-17-36_927_758706761487263650-1/_tmp.-ext-10000/c3=0/000000_0
2024-04-24T01:17:37,644  INFO [pool-33-thread-1] exec.FileSinkOperator: FS[4]: records written - 1
2024-04-24T01:17:37,644  INFO [pool-33-thread-1] impl.PhysicalFsWriter: ORC writer created for path: file:/home/alex/Repositories/hive/ql/target/tmp/org.apache.hadoop.hive.ql.TestTxnNoBuckets-1713946626176/warehouse/tmp/.hive-staging_hive_2024-04-24_01-17-36_927_758706761487263650-1/_task_tmp.-ext-10000/c3=0/_tmp.000000_0 with stripeSize: 67108864 blockSize: 268435456 compression: Compress: ZLIB buffer: 262144
2024-04-24T01:17:37,650  INFO [pool-33-thread-1] impl.WriterImpl: ORC writer created for path: file:/home/alex/Repositories/hive/ql/target/tmp/org.apache.hadoop.hive.ql.TestTxnNoBuckets-1713946626176/warehouse/tmp/.hive-staging_hive_2024-04-24_01-17-36_927_758706761487263650-1/_task_tmp.-ext-10000/c3=0/_tmp.000000_0 with stripeSize: 67108864 options: Compress: ZLIB buffer: 262144
2024-04-24T01:17:37,652  INFO [pool-33-thread-1] exec.FileSinkOperator: Final Path: FS file:/home/alex/Repositories/hive/ql/target/tmp/org.apache.hadoop.hive.ql.TestTxnNoBuckets-1713946626176/warehouse/tmp/.hive-staging_hive_2024-04-24_01-17-36_927_758706761487263650-1/_tmp.-ext-10000/c3=3/000000_0
2024-04-24T01:17:37,652  INFO [pool-33-thread-1] exec.FileSinkOperator: Writing to temp file: FS file:/home/alex/Repositories/hive/ql/target/tmp/org.apache.hadoop.hive.ql.TestTxnNoBuckets-1713946626176/warehouse/tmp/.hive-staging_hive_2024-04-24_01-17-36_927_758706761487263650-1/_task_tmp.-ext-10000/c3=3/_tmp.000000_0
2024-04-24T01:17:37,652  INFO [pool-33-thread-1] exec.FileSinkOperator: New Final Path: FS file:/home/alex/Repositories/hive/ql/target/tmp/org.apache.hadoop.hive.ql.TestTxnNoBuckets-1713946626176/warehouse/tmp/.hive-staging_hive_2024-04-24_01-17-36_927_758706761487263650-1/_tmp.-ext-10000/c3=3/000000_0
2024-04-24T01:17:37,655  INFO [pool-33-thread-1] impl.PhysicalFsWriter: ORC writer created for path: file:/home/alex/Repositories/hive/ql/target/tmp/org.apache.hadoop.hive.ql.TestTxnNoBuckets-1713946626176/warehouse/tmp/.hive-staging_hive_2024-04-24_01-17-36_927_758706761487263650-1/_task_tmp.-ext-10000/c3=3/_tmp.000000_0 with stripeSize: 67108864 blockSize: 268435456 compression: Compress: ZLIB buffer: 262144
2024-04-24T01:17:37,659  INFO [pool-33-thread-1] impl.WriterImpl: ORC writer created for path: file:/home/alex/Repositories/hive/ql/target/tmp/org.apache.hadoop.hive.ql.TestTxnNoBuckets-1713946626176/warehouse/tmp/.hive-staging_hive_2024-04-24_01-17-36_927_758706761487263650-1/_task_tmp.-ext-10000/c3=3/_tmp.000000_0 with stripeSize: 67108864 options: Compress: ZLIB buffer: 262144
2024-04-24T01:17:37,659  INFO [pool-33-thread-1] exec.SelectOperator: Closing Operator: SEL[6]
2024-04-24T01:17:37,660  INFO [pool-33-thread-1] exec.SelectOperator: RECORDS_OUT_INTERMEDIATE:0, RECORDS_OUT_OPERATOR_SEL_6:2, 
2024-04-24T01:17:37,660  INFO [pool-33-thread-1] exec.FileSinkOperator: Closing Operator: FS[4]
2024-04-24T01:17:37,660  INFO [pool-33-thread-1] exec.FileSinkOperator: FS[4]: records written - 2
2024-04-24T01:17:37,661  INFO [pool-33-thread-1] common.FileUtils: Creating directory if it doesn't exist: file:/home/alex/Repositories/hive/ql/target/tmp/org.apache.hadoop.hive.ql.TestTxnNoBuckets-1713946626176/warehouse/tmp/.hive-staging_hive_2024-04-24_01-17-36_927_758706761487263650-1/_tmp.-ext-10000/c3=3
2024-04-24T01:17:37,664  INFO [pool-33-thread-1] common.FileUtils: Creating directory if it doesn't exist: file:/home/alex/Repositories/hive/ql/target/tmp/org.apache.hadoop.hive.ql.TestTxnNoBuckets-1713946626176/warehouse/tmp/.hive-staging_hive_2024-04-24_01-17-36_927_758706761487263650-1/_tmp.-ext-10000/c3=0
2024-04-24T01:17:37,672  INFO [pool-33-thread-1] exec.FileSinkOperator: RECORDS_OUT_OPERATOR_FS_4:2, RECORDS_OUT_1_default.tmp:2, TOTAL_TABLE_ROWS_WRITTEN:2, RECORDS_OUT_INTERMEDIATE:0, 
2024-04-24T01:17:37,673  INFO [pool-33-thread-1] mapred.Task: Task:attempt_local1230974437_0008_r_000000_0 is done. And is in the process of committing
2024-04-24T01:17:37,673  INFO [pool-33-thread-1] mapred.LocalJobRunner: reduce > reduce
2024-04-24T01:17:37,673  INFO [pool-33-thread-1] mapred.Task: Task 'attempt_local1230974437_0008_r_000000_0' done.
2024-04-24T01:17:37,673  INFO [pool-33-thread-1] mapred.Task: Final Counters for attempt_local1230974437_0008_r_000000_0: Counters: 31
	File System Counters
		FILE: Number of bytes read=130595
		FILE: Number of bytes written=9403703
		FILE: Number of read operations=0
		FILE: Number of large read operations=0
		FILE: Number of write operations=0
	Map-Reduce Framework
		Combine input records=0
		Combine output records=0
		Reduce input groups=2
		Reduce shuffle bytes=44
		Reduce input records=2
		Reduce output records=0
		Spilled Records=2
		Shuffled Maps =1
		Failed Shuffles=0
		Merged Map outputs=1
		GC time elapsed (ms)=0
		Total committed heap usage (bytes)=1087897600
	HIVE
		CREATED_DYNAMIC_PARTITIONS=2
		CREATED_FILES=2
		RECORDS_OUT_1_default.tmp=2
		RECORDS_OUT_INTERMEDIATE=0
		RECORDS_OUT_OPERATOR_FS_4=2
		RECORDS_OUT_OPERATOR_SEL_6=2
		TOTAL_TABLE_ROWS_WRITTEN=2
	Shuffle Errors
		BAD_ID=0
		CONNECTION=0
		IO_ERROR=0
		WRONG_LENGTH=0
		WRONG_MAP=0
		WRONG_REDUCE=0
	File Output Format Counters 
		Bytes Written=0
2024-04-24T01:17:37,673  INFO [pool-33-thread-1] mapred.LocalJobRunner: Finishing task: attempt_local1230974437_0008_r_000000_0
2024-04-24T01:17:37,674  INFO [Thread-491] mapred.LocalJobRunner: reduce task executor complete.
2024-04-24 01:17:38,574 Stage-1 map = 100%,  reduce = 100%
2024-04-24T01:17:38,574  INFO [main] exec.Task: 2024-04-24 01:17:38,574 Stage-1 map = 100%,  reduce = 100%
Ended Job = job_local1230974437_0008
2024-04-24T01:17:38,576  INFO [main] exec.Task: Ended Job = job_local1230974437_0008
2024-04-24T01:17:38,580  INFO [main] ql.Driver: Starting task [Stage-0:MOVE] in serial mode
Loading data to table default.tmp partition (c3=null)
2024-04-24T01:17:38,580  INFO [main] exec.Task: Loading data to table default.tmp partition (c3=null) from file:/home/alex/Repositories/hive/ql/target/tmp/org.apache.hadoop.hive.ql.TestTxnNoBuckets-1713946626176/warehouse/tmp/.hive-staging_hive_2024-04-24_01-17-36_927_758706761487263650-1/-ext-10000
2024-04-24T01:17:38,580  INFO [main] HiveMetaStore.audit: ugi=alex	ip=unknown-ip-addr	cmd=get_table : tbl=hive.default.tmp	
2024-04-24T01:17:38,591  INFO [main] metastore.HMSHandler: Skipping translation for processor with null
2024-04-24T01:17:38,591  INFO [main] exec.MoveTask: Partition is: {c3=null}


2024-04-24T01:17:38,593  INFO [main] exec.Task: 

2024-04-24T01:17:38,593  INFO [main] HiveMetaStore.audit: ugi=alex	ip=unknown-ip-addr	cmd=get_table : tbl=hive.default.tmp	
2024-04-24T01:17:38,605  INFO [main] metastore.HMSHandler: Skipping translation for processor with null
2024-04-24T01:17:38,606  INFO [main] HiveMetaStore.audit: ugi=alex	ip=unknown-ip-addr	cmd=get_table : tbl=hive.default.tmp	
2024-04-24T01:17:38,617  INFO [main] metastore.HMSHandler: Skipping translation for processor with null
2024-04-24T01:17:38,617  INFO [main] HiveMetaStore.audit: ugi=alex	ip=unknown-ip-addr	cmd=get_table : tbl=hive.default.tmp	
2024-04-24T01:17:38,631  INFO [main] metastore.HMSHandler: Skipping translation for processor with null
2024-04-24T01:17:38,631  INFO [main] HiveMetaStore.audit: ugi=alex	ip=unknown-ip-addr	cmd=get_partitions_names_ps : tbl=hive.default.tmp[]	
2024-04-24T01:17:38,661  INFO [load-dynamic-partitionsToAdd-0] metadata.Hive: New loading path = file:/home/alex/Repositories/hive/ql/target/tmp/org.apache.hadoop.hive.ql.TestTxnNoBuckets-1713946626176/warehouse/tmp/.hive-staging_hive_2024-04-24_01-17-36_927_758706761487263650-1/-ext-10000/c3=0 withPartSpec {c3=0}
2024-04-24T01:17:38,661  INFO [load-dynamic-partitionsToAdd-1] metadata.Hive: New loading path = file:/home/alex/Repositories/hive/ql/target/tmp/org.apache.hadoop.hive.ql.TestTxnNoBuckets-1713946626176/warehouse/tmp/.hive-staging_hive_2024-04-24_01-17-36_927_758706761487263650-1/-ext-10000/c3=3 withPartSpec {c3=3}
2024-04-24T01:17:38,663  INFO [load-dynamic-partitionsToAdd-1] metastore.HiveMetaStoreClient: HMS client filtering is enabled.
2024-04-24T01:17:38,664  INFO [load-dynamic-partitionsToAdd-1] metastore.HMSHandler: 1: Opening raw store with implementation class:org.apache.hadoop.hive.metastore.ObjectStore
2024-04-24T01:17:38,664  INFO [load-dynamic-partitionsToAdd-1] metastore.PersistenceManagerProvider: Configuration datanucleus.autoStartMechanismMode is not set. Defaulting to 'ignored'
2024-04-24T01:17:38,665  INFO [load-dynamic-partitionsToAdd-1] metastore.ObjectStore: RawStore: org.apache.hadoop.hive.metastore.ObjectStore@7a888b12, with PersistenceManager: null will be shutdown
2024-04-24T01:17:38,666  INFO [load-dynamic-partitionsToAdd-1] metastore.ObjectStore: RawStore: org.apache.hadoop.hive.metastore.ObjectStore@7a888b12, with PersistenceManager: org.datanucleus.api.jdo.JDOPersistenceManager@effd0a9 created in the thread with id: 598
2024-04-24T01:17:38,698  INFO [load-dynamic-partitionsToAdd-1] metastore.HMSHandler: Created RawStore: org.apache.hadoop.hive.metastore.ObjectStore@7a888b12 from thread id: 598
2024-04-24T01:17:38,698  INFO [load-dynamic-partitionsToAdd-1] metastore.HMSHandler: HMS server filtering is disabled by configuration
2024-04-24T01:17:38,698  INFO [load-dynamic-partitionsToAdd-1] metastore.RetryingMetaStoreClient: RetryingMetaStoreClient proxy=class org.apache.hadoop.hive.ql.metadata.SessionHiveMetaStoreClient ugi=alex (auth:SIMPLE) retries=1 delay=1 lifetime=0
2024-04-24T01:17:38,701  INFO [load-dynamic-partitionsToAdd-1] HiveMetaStore.audit: ugi=alex	ip=unknown-ip-addr	cmd=get_all_functions	
2024-04-24T01:17:38,747  INFO [load-dynamic-partitionsToAdd-1] HiveMetaStore.audit: ugi=alex	ip=unknown-ip-addr	cmd=get_database: default	
2024-04-24T01:17:38,748  INFO [load-dynamic-partitionsToAdd-0] metastore.HiveMetaStoreClient: HMS client filtering is enabled.
2024-04-24T01:17:38,750  INFO [load-dynamic-partitionsToAdd-1] common.FileUtils: Creating directory if it doesn't exist: file:/home/alex/Repositories/hive/ql/target/tmp/org.apache.hadoop.hive.ql.TestTxnNoBuckets-1713946626176/warehouse/tmp/c3=3
2024-04-24T01:17:38,750  INFO [load-dynamic-partitionsToAdd-0] metastore.HMSHandler: 2: Opening raw store with implementation class:org.apache.hadoop.hive.metastore.ObjectStore
2024-04-24T01:17:38,750  INFO [load-dynamic-partitionsToAdd-0] metastore.PersistenceManagerProvider: Configuration datanucleus.autoStartMechanismMode is not set. Defaulting to 'ignored'
2024-04-24T01:17:38,751  INFO [load-dynamic-partitionsToAdd-0] metastore.ObjectStore: RawStore: org.apache.hadoop.hive.metastore.ObjectStore@214f8dde, with PersistenceManager: null will be shutdown
2024-04-24T01:17:38,751  INFO [load-dynamic-partitionsToAdd-0] metastore.ObjectStore: RawStore: org.apache.hadoop.hive.metastore.ObjectStore@214f8dde, with PersistenceManager: org.datanucleus.api.jdo.JDOPersistenceManager@556341dc created in the thread with id: 597
2024-04-24T01:17:38,756  INFO [load-dynamic-partitionsToAdd-1] HiveMetaStore.audit: ugi=alex	ip=unknown-ip-addr	cmd=Cleaning up thread local RawStore...	
2024-04-24T01:17:38,756  INFO [load-dynamic-partitionsToAdd-1] metastore.ObjectStore: RawStore: org.apache.hadoop.hive.metastore.ObjectStore@7a888b12, with PersistenceManager: org.datanucleus.api.jdo.JDOPersistenceManager@effd0a9 will be shutdown
2024-04-24T01:17:38,756  INFO [load-dynamic-partitionsToAdd-1] HiveMetaStore.audit: ugi=alex	ip=unknown-ip-addr	cmd=Done cleaning up thread local RawStore	
2024-04-24T01:17:38,757  INFO [load-dynamic-partitionsToAdd-0] metastore.HMSHandler: Created RawStore: org.apache.hadoop.hive.metastore.ObjectStore@214f8dde from thread id: 597
2024-04-24T01:17:38,757  INFO [load-dynamic-partitionsToAdd-1] metastore.HiveMetaStoreClient: Closed a connection to metastore, current connections: -1
2024-04-24T01:17:38,757  INFO [load-dynamic-partitionsToAdd-0] metastore.HMSHandler: HMS server filtering is disabled by configuration
2024-04-24T01:17:38,757  INFO [load-dynamic-partitionsToAdd-0] metastore.RetryingMetaStoreClient: RetryingMetaStoreClient proxy=class org.apache.hadoop.hive.ql.metadata.SessionHiveMetaStoreClient ugi=alex (auth:SIMPLE) retries=1 delay=1 lifetime=0
2024-04-24T01:17:38,757  INFO [load-dynamic-partitionsToAdd-0] HiveMetaStore.audit: ugi=alex	ip=unknown-ip-addr	cmd=get_database: default	
2024-04-24T01:17:38,759  INFO [load-dynamic-partitionsToAdd-0] common.FileUtils: Creating directory if it doesn't exist: file:/home/alex/Repositories/hive/ql/target/tmp/org.apache.hadoop.hive.ql.TestTxnNoBuckets-1713946626176/warehouse/tmp/c3=0
2024-04-24T01:17:38,763  INFO [load-dynamic-partitionsToAdd-0] HiveMetaStore.audit: ugi=alex	ip=unknown-ip-addr	cmd=Cleaning up thread local RawStore...	
2024-04-24T01:17:38,763  INFO [load-dynamic-partitionsToAdd-0] metastore.ObjectStore: RawStore: org.apache.hadoop.hive.metastore.ObjectStore@214f8dde, with PersistenceManager: org.datanucleus.api.jdo.JDOPersistenceManager@556341dc will be shutdown
2024-04-24T01:17:38,764  INFO [load-dynamic-partitionsToAdd-0] HiveMetaStore.audit: ugi=alex	ip=unknown-ip-addr	cmd=Done cleaning up thread local RawStore	
2024-04-24T01:17:38,764  INFO [load-dynamic-partitionsToAdd-0] metastore.HiveMetaStoreClient: Closed a connection to metastore, current connections: -2
2024-04-24T01:17:38,764  INFO [main] metadata.Hive: Number of partitionsToAdd to be added is 2
2024-04-24T01:17:38,769  INFO [main] HiveMetaStore.audit: ugi=alex	ip=unknown-ip-addr	cmd=add_partitions	
2024-04-24T01:17:38,852  INFO [main] metadata.Hive: Loaded 2partitionsToAdd
	 Time taken to load dynamic partitions: 0.259 seconds
2024-04-24T01:17:38,852  INFO [main] exec.Task: 	 Time taken to load dynamic partitions: 0.259 seconds
2024-04-24T01:17:38,852  INFO [main] exec.MoveTask: 	 Time taken to load dynamic partitions: 0.259 seconds
2024-04-24T01:17:38,852  INFO [main] exec.MoveTask: Loading partition {c3=0}
2024-04-24T01:17:38,852  INFO [main] exec.MoveTask: Loading partition {c3=3}
	 Time taken for adding to write entity : 0.0 seconds
2024-04-24T01:17:38,852  INFO [main] exec.Task: 	 Time taken for adding to write entity : 0.0 seconds
2024-04-24T01:17:38,852  INFO [main] ql.Driver: Starting task [Stage-2:STATS] in serial mode
2024-04-24T01:17:38,853  INFO [main] HiveMetaStore.audit: ugi=alex	ip=unknown-ip-addr	cmd=get_table : tbl=hive.default.tmp	
2024-04-24T01:17:38,869  INFO [main] metastore.HMSHandler: Skipping translation for processor with null
2024-04-24T01:17:38,869  INFO [main] stats.BasicStatsTask: Executing stats task
2024-04-24T01:17:38,869  INFO [main] fs.FSStatsPublisher: created : file:/home/alex/Repositories/hive/ql/target/tmp/localscratchdir/e200bcba-f0ca-4f02-9e42-4b4d6a93de0f/hive_2024-04-24_01-17-36_927_758706761487263650-1/-mr-10001
2024-04-24T01:17:38,871  INFO [main] HiveMetaStore.audit: ugi=alex	ip=unknown-ip-addr	cmd=get_table : tbl=hive.default.tmp	
2024-04-24T01:17:38,887  INFO [main] metastore.HMSHandler: Skipping translation for processor with null
2024-04-24T01:17:38,890  INFO [main] FileOperations: Read stats for default.tmp/c3=0/, numRows, true, 1, false: 
2024-04-24T01:17:38,890  INFO [main] FileOperations: Read stats for default.tmp/c3=0/, rawDataSize, true, 8, false: 
2024-04-24T01:17:38,890  INFO [main] stats.BasicStatsTask: Partition {c3=0} stats: [numFiles=1, numRows=1, totalSize=242, rawDataSize=8, numFilesErasureCoded=0]
2024-04-24T01:17:38,890  INFO [main] FileOperations: Read stats for default.tmp/c3=3/, numRows, true, 1, false: 
2024-04-24T01:17:38,890  INFO [main] FileOperations: Read stats for default.tmp/c3=3/, rawDataSize, true, 8, false: 
2024-04-24T01:17:38,890  INFO [main] stats.BasicStatsTask: Partition {c3=3} stats: [numFiles=1, numRows=1, totalSize=242, rawDataSize=8, numFilesErasureCoded=0]
2024-04-24T01:17:38,890  INFO [main] HiveMetaStore.audit: ugi=alex	ip=unknown-ip-addr	cmd=alter_partitions : tbl=hive.default.tmp	
2024-04-24T01:17:38,890  INFO [main] metastore.HMSHandler: New partition values:[0]
2024-04-24T01:17:38,890  INFO [main] metastore.HMSHandler: New partition values:[3]
2024-04-24T01:17:39,032  INFO [main] metadata.Hive: Dumping metastore api call timing information for : execution phase
2024-04-24T01:17:39,033  INFO [main] metadata.Hive: Total time spent in each metastore function (ms): {listPartitionNamesRequest_(GetPartitionNamesPsRequest)=42, isCompatibleWith_(Configuration)=0, getTable_(GetTableRequest)=66, alter_partitions_(String, String, List, EnvironmentContext, String, long)=142, add_partitions_(List)=85}
MapReduce Jobs Launched: 
2024-04-24T01:17:39,033  INFO [main] ql.Driver: MapReduce Jobs Launched: 
Stage-Stage-1:  HDFS Read: 0 HDFS Write: 0 SUCCESS
2024-04-24T01:17:39,033  INFO [main] ql.Driver: Stage-Stage-1:  HDFS Read: 0 HDFS Write: 0 SUCCESS
Total MapReduce CPU Time Spent: 0 msec
2024-04-24T01:17:39,033  INFO [main] ql.Driver: Total MapReduce CPU Time Spent: 0 msec
2024-04-24T01:17:39,033  INFO [main] ql.Driver: Completed executing command(queryId=alex_20240424011736_99122fa4-cc98-443e-976c-80146f776b8d); Time taken: 1.856 seconds
2024-04-24T01:17:39,033  INFO [main] lockmgr.DbTxnManager: Stopped heartbeat for query: alex_20240424011736_99122fa4-cc98-443e-976c-80146f776b8d
2024-04-24T01:17:39,040  INFO [main] txn.TxnHandler: Expected to move at least one record from txn_components to completed_txn_components when committing txn! txnid:15
2024-04-24T01:17:39,050  INFO [main] txn.TxnHandler: Removed transactions: ([15]) from MIN_HISTORY_LEVEL
2024-04-24T01:17:39,052  WARN [main] txn.CompactionTxnHandler: No compaction queue record found for Compaction type transaction commit. txnId:15
2024-04-24T01:17:39,053  INFO [main] ql.TxnCommandsBaseForTests: Running the query: insert into tmp  values(1,1,1),(2,2,2)
2024-04-24T01:17:39,054  INFO [main] ql.Context: Deleting scratch dir: file:/home/alex/Repositories/hive/ql/target/tmp/org.apache.hadoop.hive.ql.TestTxnNoBuckets-1713946626176/warehouse/tmp/.hive-staging_hive_2024-04-24_01-17-36_927_758706761487263650-1
2024-04-24T01:17:39,054  INFO [main] cleanup.SyncCleanupService: Deleted directory: file:/home/alex/Repositories/hive/ql/target/tmp/org.apache.hadoop.hive.ql.TestTxnNoBuckets-1713946626176/warehouse/tmp/.hive-staging_hive_2024-04-24_01-17-36_927_758706761487263650-1 on fs with scheme file
2024-04-24T01:17:39,054  INFO [main] ql.Context: Deleting scratch dir: file:/home/alex/Repositories/hive/ql/target/tmp/localscratchdir/e200bcba-f0ca-4f02-9e42-4b4d6a93de0f/hive_2024-04-24_01-17-36_927_758706761487263650-1
2024-04-24T01:17:39,055  INFO [main] cleanup.SyncCleanupService: Deleted directory: file:/home/alex/Repositories/hive/ql/target/tmp/localscratchdir/e200bcba-f0ca-4f02-9e42-4b4d6a93de0f/hive_2024-04-24_01-17-36_927_758706761487263650-1 on fs with scheme file
2024-04-24T01:17:39,055  INFO [main] ql.Driver: Compiling command(queryId=alex_20240424011739_1c7779a1-875f-4dde-8acb-d4926c0a054e): insert into tmp  values(1,1,1),(2,2,2)
2024-04-24T01:17:39,066  INFO [main] txn.TxnHandler: Added entries to MIN_HISTORY_LEVEL for current txns: ([16]) with min_open_txn: 16
2024-04-24T01:17:39,066  INFO [main] lockmgr.DbTxnManager: Opened txnid:16
2024-04-24T01:17:39,069  INFO [main] parse.CalcitePlanner: Starting caching scope for: 
2024-04-24T01:17:39,069  INFO [main] parse.CalcitePlanner: Starting Semantic Analysis
2024-04-24T01:17:39,076  INFO [main] HiveMetaStore.audit: ugi=alex	ip=unknown-ip-addr	cmd=get_table : tbl=hive.default.tmp	
2024-04-24T01:17:39,087  INFO [main] metastore.HMSHandler: Skipping translation for processor with null
2024-04-24T01:17:39,087  INFO [main] parse.CalcitePlanner: Completed phase 1 of Semantic Analysis
2024-04-24T01:17:39,087  INFO [main] parse.CalcitePlanner: Get metadata for source tables
2024-04-24T01:17:39,087  INFO [main] parse.CalcitePlanner: Get metadata for subqueries
2024-04-24T01:17:39,087  INFO [main] parse.CalcitePlanner: Get metadata for destination tables
2024-04-24T01:17:39,088  INFO [main] HiveMetaStore.audit: ugi=alex	ip=unknown-ip-addr	cmd=get_table : tbl=hive.default.tmp	
2024-04-24T01:17:39,109  INFO [main] metastore.HMSHandler: Skipping translation for processor with null
2024-04-24T01:17:39,110  INFO [main] parse.CalcitePlanner: Completed getting MetaData in Semantic Analysis
2024-04-24T01:17:39,110  INFO [main] parse.CalcitePlanner: Disabling LLAP IO encode as ETL query is detected
2024-04-24T01:17:39,133  INFO [main] HiveMetaStore.audit: ugi=alex	ip=unknown-ip-addr	cmd=get_all_table_constraints : tbl=hive._dummy_database._dummy_table	
2024-04-24T01:17:39,194  INFO [main] parse.CalcitePlanner: Get metadata for source tables
2024-04-24T01:17:39,194  INFO [main] parse.CalcitePlanner: Get metadata for subqueries
2024-04-24T01:17:39,194  INFO [main] parse.CalcitePlanner: Get metadata for source tables
2024-04-24T01:17:39,195  INFO [main] HiveMetaStore.audit: ugi=alex	ip=unknown-ip-addr	cmd=get_table : tbl=hive._dummy_database._dummy_table	
2024-04-24T01:17:39,197  INFO [main] parse.CalcitePlanner: Get metadata for subqueries
2024-04-24T01:17:39,198  INFO [main] parse.CalcitePlanner: Get metadata for destination tables
2024-04-24T01:17:39,198  INFO [main] parse.CalcitePlanner: Get metadata for destination tables
2024-04-24T01:17:39,198  INFO [main] HiveMetaStore.audit: ugi=alex	ip=unknown-ip-addr	cmd=get_table : tbl=hive.default.tmp	
2024-04-24T01:17:39,208  INFO [main] metastore.HMSHandler: Skipping translation for processor with null
2024-04-24T01:17:39,210  INFO [main] common.FileUtils: Creating directory if it doesn't exist: file:/home/alex/Repositories/hive/ql/target/tmp/org.apache.hadoop.hive.ql.TestTxnNoBuckets-1713946626176/warehouse/tmp/.hive-staging_hive_2024-04-24_01-17-39_055_579722449406983767-1
2024-04-24T01:17:39,212  INFO [main] HiveMetaStore.audit: ugi=alex	ip=unknown-ip-addr	cmd=get_not_null_constraints : tbl=hive.default.tmp	
2024-04-24T01:17:39,214  INFO [main] HiveMetaStore.audit: ugi=alex	ip=unknown-ip-addr	cmd=get_check_constraints : tbl=hive.default.tmp	
2024-04-24T01:17:39,215  INFO [main] parse.CalcitePlanner: CBO Succeeded; optimized logical plan.
2024-04-24T01:17:39,219  INFO [main] optimizer.BucketVersionPopulator: not considering bucketingVersion for: TS[0] because it has -1<2 buckets 
2024-04-24T01:17:39,219  INFO [main] optimizer.SortedDynPartitionOptimizer: Sorted dynamic partitioning optimization kicked in..
2024-04-24T01:17:39,220  INFO [main] optimizer.SortedDynPartitionOptimizer: Inserted RS_5 and SEL_6 as parent of FS_4 and child of SEL_3
2024-04-24T01:17:39,229  INFO [main] HiveMetaStore.audit: ugi=alex	ip=unknown-ip-addr	cmd=get_table : tbl=hive.default.tmp	
2024-04-24T01:17:39,239  INFO [main] metastore.HMSHandler: Skipping translation for processor with null
2024-04-24T01:17:39,240  INFO [main] parse.CalcitePlanner: Completed plan generation
2024-04-24T01:17:39,240  INFO [main] parse.CalcitePlanner: Ending caching scope for: 
2024-04-24T01:17:39,240  INFO [main] ql.Driver: Semantic Analysis Completed (retrial = false)
2024-04-24T01:17:39,240  INFO [main] ql.Driver: Created Hive schema: Schema(fieldSchemas:[FieldSchema(name:col1, type:int, comment:null), FieldSchema(name:col2, type:int, comment:null), FieldSchema(name:col3, type:int, comment:null)], properties:null)
2024-04-24T01:17:39,240  INFO [main] metadata.Hive: Dumping metastore api call timing information for : compilation phase
2024-04-24T01:17:39,240  INFO [main] metadata.Hive: Total time spent in each metastore function (ms): {getValidWriteIds_(List, String)=8, openTxn_(String, TxnType)=9, getTable_(GetTableRequest)=55, getAllTableConstraints_(AllTableConstraintsRequest)=6, getNotNullConstraints_(NotNullConstraintsRequest)=2, commitTxn_(CommitTxnRequest)=20, isCompatibleWith_(Configuration)=1, getMetaConf_(String)=1, getValidTxns_(long)=2, flushCache_()=0, getCheckConstraints_(CheckConstraintsRequest)=1}
2024-04-24T01:17:39,241  INFO [main] ql.Driver: Completed compiling command(queryId=alex_20240424011739_1c7779a1-875f-4dde-8acb-d4926c0a054e); Time taken: 0.185 seconds
2024-04-24T01:17:39,241  INFO [main] lockmgr.DbTxnManager: Setting lock request transaction to txnid:16 for queryId=alex_20240424011739_1c7779a1-875f-4dde-8acb-d4926c0a054e
2024-04-24T01:17:39,241  INFO [main] lockmgr.DbLockManager: Requesting lock for queryId=alex_20240424011739_1c7779a1-875f-4dde-8acb-d4926c0a054e
2024-04-24T01:17:39,264  INFO [main] lockmgr.DbLockManager: Response to queryId=alex_20240424011739_1c7779a1-875f-4dde-8acb-d4926c0a054e LockResponse(lockid:9, state:ACQUIRED)
2024-04-24T01:17:39,264  INFO [main] ql.Driver: Operation QUERY obtained 1 locks
2024-04-24T01:17:39,264  INFO [main] ql.Driver: Executing command(queryId=alex_20240424011739_1c7779a1-875f-4dde-8acb-d4926c0a054e): insert into tmp  values(1,1,1),(2,2,2)
2024-04-24T01:17:39,265  WARN [main] ql.Driver: Hive-on-MR is deprecated in Hive 2 and may not be available in the future versions. Consider using a different execution engine (i.e. spark, tez) or using Hive 1.X releases.
Query ID = alex_20240424011739_1c7779a1-875f-4dde-8acb-d4926c0a054e
2024-04-24T01:17:39,265  INFO [main] ql.Driver: Query ID = alex_20240424011739_1c7779a1-875f-4dde-8acb-d4926c0a054e
Total jobs = 1
2024-04-24T01:17:39,265  INFO [main] ql.Driver: Total jobs = 1
Launching Job 1 out of 1
2024-04-24T01:17:39,265  INFO [main] ql.Driver: Launching Job 1 out of 1
2024-04-24T01:17:39,397  INFO [main] ql.Driver: Starting task [Stage-1:MAPRED] in serial mode
2024-04-24T01:17:39,397  INFO [main] exec.Utilities: Not using thread pool for getContentSummary
2024-04-24T01:17:39,398  INFO [main] exec.Utilities: BytesPerReducer=256000000 maxReducers=1009 totalInputFileSize=1
Number of reduce tasks not specified. Estimated from input data size: 1
2024-04-24T01:17:39,399  INFO [main] exec.Task: Number of reduce tasks not specified. Estimated from input data size: 1
In order to change the average load for a reducer (in bytes):
2024-04-24T01:17:39,399  INFO [main] exec.Task: In order to change the average load for a reducer (in bytes):
  set hive.exec.reducers.bytes.per.reducer=<number>
2024-04-24T01:17:39,399  INFO [main] exec.Task:   set hive.exec.reducers.bytes.per.reducer=<number>
In order to limit the maximum number of reducers:
2024-04-24T01:17:39,399  INFO [main] exec.Task: In order to limit the maximum number of reducers:
  set hive.exec.reducers.max=<number>
2024-04-24T01:17:39,399  INFO [main] exec.Task:   set hive.exec.reducers.max=<number>
In order to set a constant number of reducers:
2024-04-24T01:17:39,399  INFO [main] exec.Task: In order to set a constant number of reducers:
  set mapreduce.job.reduces=<number>
2024-04-24T01:17:39,399  INFO [main] exec.Task:   set mapreduce.job.reduces=<number>
2024-04-24T01:17:39,401  INFO [main] mr.ExecDriver: Using org.apache.hadoop.hive.ql.io.HiveInputFormat
2024-04-24T01:17:39,401  INFO [main] exec.Utilities: Processing alias $hdt$_0:_dummy_table
2024-04-24T01:17:39,401  INFO [main] exec.Utilities: Adding 1 inputs; the first input is file:/home/alex/Repositories/hive/ql/target/tmp/localscratchdir/e200bcba-f0ca-4f02-9e42-4b4d6a93de0f/hive_2024-04-24_01-17-39_055_579722449406983767-1/dummy_path
2024-04-24T01:17:39,410  INFO [main] exec.SerializationUtilities: Serializing MapWork using kryo
2024-04-24T01:17:39,411  INFO [main] exec.Utilities: Serialized plan (via FILE) - name: null size: 5,09KB
2024-04-24T01:17:39,417  INFO [main] exec.SerializationUtilities: Serializing ReduceWork using kryo
2024-04-24T01:17:39,418  INFO [main] exec.Utilities: Serialized plan (via FILE) - name: null size: 6,45KB
2024-04-24T01:17:39,419  WARN [main] impl.MetricsSystemImpl: JobTracker metrics system already initialized!
2024-04-24T01:17:39,423  INFO [main] fs.FSStatsPublisher: created : file:/home/alex/Repositories/hive/ql/target/tmp/localscratchdir/e200bcba-f0ca-4f02-9e42-4b4d6a93de0f/hive_2024-04-24_01-17-39_055_579722449406983767-1/-mr-10001
2024-04-24T01:17:39,427  WARN [main] impl.MetricsSystemImpl: JobTracker metrics system already initialized!
2024-04-24T01:17:39,435  WARN [main] mapreduce.JobResourceUploader: Hadoop command-line option parsing not performed. Implement the Tool interface and execute your application with ToolRunner to remedy this.
2024-04-24T01:17:39,439  WARN [main] mapreduce.JobResourceUploader: No job jar file set.  User classes may not be found. See Job or Job#setJar(String).
2024-04-24T01:17:39,441  INFO [main] io.HiveInputFormat: hive.io.file.readcolumn.ids = 
2024-04-24T01:17:39,441  INFO [main] io.HiveInputFormat: hive.io.file.readcolumn.names = 
2024-04-24T01:17:39,441  INFO [main] io.HiveInputFormat: Generating splits for dirs: file:/home/alex/Repositories/hive/ql/target/tmp/localscratchdir/e200bcba-f0ca-4f02-9e42-4b4d6a93de0f/hive_2024-04-24_01-17-39_055_579722449406983767-1/dummy_path
2024-04-24T01:17:39,441  INFO [main] io.HiveInputFormat: number of splits 1
2024-04-24T01:17:39,459  INFO [main] mapreduce.JobSubmitter: number of splits:1
2024-04-24T01:17:39,479  INFO [main] mapreduce.JobSubmitter: Submitting tokens for job: job_local1087154125_0009
2024-04-24T01:17:39,479  INFO [main] mapreduce.JobSubmitter: Executing with tokens: []
2024-04-24T01:17:39,546  INFO [main] mapreduce.Job: The url to track the job: http://localhost:8080/
Job running in-process (local Hadoop)
2024-04-24T01:17:39,546  INFO [main] exec.Task: Job running in-process (local Hadoop)
2024-04-24T01:17:39,546  INFO [Thread-553] mapred.LocalJobRunner: OutputCommitter set in config org.apache.hadoop.hive.ql.io.HiveFileFormatUtils$NullOutputCommitter
2024-04-24T01:17:39,546  INFO [Thread-553] mapred.LocalJobRunner: OutputCommitter is org.apache.hadoop.hive.ql.io.HiveFileFormatUtils$NullOutputCommitter
2024-04-24T01:17:39,548  INFO [Thread-553] mapred.LocalJobRunner: Waiting for map tasks
2024-04-24T01:17:39,548  INFO [LocalJobRunner Map Task Executor #0] mapred.LocalJobRunner: Starting task: attempt_local1087154125_0009_m_000000_0
2024-04-24T01:17:39,548  INFO [LocalJobRunner Map Task Executor #0] mapred.Task:  Using ResourceCalculatorProcessTree : [ ]
2024-04-24T01:17:39,549  INFO [LocalJobRunner Map Task Executor #0] mapred.MapTask: Processing split: org.apache.hadoop.hive.ql.io.NullRowsInputFormat:file:/home/alex/Repositories/hive/ql/target/tmp/localscratchdir/e200bcba-f0ca-4f02-9e42-4b4d6a93de0f/hive_2024-04-24_01-17-39_055_579722449406983767-1/dummy_path/null:0+1
2024-04-24T01:17:39,549  INFO [LocalJobRunner Map Task Executor #0] exec.SerializationUtilities: Deserializing MapWork using kryo
2024-04-24T01:17:39,550  INFO [LocalJobRunner Map Task Executor #0] exec.Utilities: Deserialized plan (via FILE) - name: null size: 5,09KB
2024-04-24T01:17:39,551  INFO [LocalJobRunner Map Task Executor #0] mapred.MapTask: numReduceTasks: 1
2024-04-24T01:17:39,564  INFO [LocalJobRunner Map Task Executor #0] mapred.MapTask: (EQUATOR) 0 kvi 26214396(104857584)
2024-04-24T01:17:39,564  INFO [LocalJobRunner Map Task Executor #0] mapred.MapTask: mapreduce.task.io.sort.mb: 100
2024-04-24T01:17:39,564  INFO [LocalJobRunner Map Task Executor #0] mapred.MapTask: soft limit at 83886080
2024-04-24T01:17:39,564  INFO [LocalJobRunner Map Task Executor #0] mapred.MapTask: bufstart = 0; bufvoid = 104857600
2024-04-24T01:17:39,564  INFO [LocalJobRunner Map Task Executor #0] mapred.MapTask: kvstart = 26214396; length = 6553600
2024-04-24T01:17:39,564  INFO [LocalJobRunner Map Task Executor #0] mapred.MapTask: Map output collector class = org.apache.hadoop.mapred.MapTask$MapOutputBuffer
2024-04-24T01:17:39,565  INFO [LocalJobRunner Map Task Executor #0] exec.MapOperator: Initializing Operator: MAP[0]
2024-04-24T01:17:39,565  INFO [LocalJobRunner Map Task Executor #0] mr.ExecMapper: 
<MAP>Id =0
  <Children>null
  <\Children>
  <Parent><\Parent>
<\MAP>
2024-04-24T01:17:39,566  INFO [LocalJobRunner Map Task Executor #0] exec.TableScanOperator: Initializing Operator: TS[0]
2024-04-24T01:17:39,566  INFO [LocalJobRunner Map Task Executor #0] exec.SelectOperator: Initializing Operator: SEL[1]
2024-04-24T01:17:39,566  INFO [LocalJobRunner Map Task Executor #0] exec.SelectOperator: SELECT null
2024-04-24T01:17:39,566  INFO [LocalJobRunner Map Task Executor #0] exec.UDTFOperator: Initializing Operator: UDTF[2]
2024-04-24T01:17:39,566  INFO [LocalJobRunner Map Task Executor #0] exec.SelectOperator: Initializing Operator: SEL[3]
2024-04-24T01:17:39,566  INFO [LocalJobRunner Map Task Executor #0] exec.SelectOperator: SELECT struct<col1:int,col2:int,col3:int>
2024-04-24T01:17:39,566  INFO [LocalJobRunner Map Task Executor #0] exec.ReduceSinkOperator: Initializing Operator: RS[5]
2024-04-24T01:17:39,566  INFO [LocalJobRunner Map Task Executor #0] exec.ReduceSinkOperator: Using tag = -1
2024-04-24T01:17:39,567  INFO [LocalJobRunner Map Task Executor #0] exec.ReduceSinkOperator: keys are [_col2] num distributions: 1
2024-04-24T01:17:39,567  INFO [LocalJobRunner Map Task Executor #0] exec.ReduceSinkOperator: RS[5]: records written - 1
2024-04-24T01:17:39,567  INFO [LocalJobRunner Map Task Executor #0] exec.MapOperator: MAP[0]: records read - 1
2024-04-24T01:17:39,568  INFO [LocalJobRunner Map Task Executor #0] exec.MapOperator: Closing Operator: MAP[0]
2024-04-24T01:17:39,568  INFO [LocalJobRunner Map Task Executor #0] exec.MapOperator: MAP[0]: Total records read - 3. abort - false
2024-04-24T01:17:39,568  INFO [LocalJobRunner Map Task Executor #0] exec.MapOperator: RECORDS_OUT_OPERATOR_MAP_0:0, RECORDS_OUT_INTERMEDIATE:0, RECORDS_IN:3, DESERIALIZE_ERRORS:0, 
2024-04-24T01:17:39,568  INFO [LocalJobRunner Map Task Executor #0] exec.TableScanOperator: Closing Operator: TS[0]
2024-04-24T01:17:39,568  INFO [LocalJobRunner Map Task Executor #0] exec.TableScanOperator: RECORDS_OUT_OPERATOR_TS_0:1, RECORDS_OUT_INTERMEDIATE:0, 
2024-04-24T01:17:39,568  INFO [LocalJobRunner Map Task Executor #0] exec.SelectOperator: Closing Operator: SEL[1]
2024-04-24T01:17:39,568  INFO [LocalJobRunner Map Task Executor #0] exec.SelectOperator: RECORDS_OUT_INTERMEDIATE:0, RECORDS_OUT_OPERATOR_SEL_1:1, 
2024-04-24T01:17:39,568  INFO [LocalJobRunner Map Task Executor #0] exec.UDTFOperator: Closing Operator: UDTF[2]
2024-04-24T01:17:39,568  INFO [LocalJobRunner Map Task Executor #0] exec.UDTFOperator: RECORDS_OUT_OPERATOR_UDTF_2:2, RECORDS_OUT_INTERMEDIATE:0, 
2024-04-24T01:17:39,568  INFO [LocalJobRunner Map Task Executor #0] exec.SelectOperator: Closing Operator: SEL[3]
2024-04-24T01:17:39,568  INFO [LocalJobRunner Map Task Executor #0] exec.SelectOperator: RECORDS_OUT_OPERATOR_SEL_3:2, RECORDS_OUT_INTERMEDIATE:0, 
2024-04-24T01:17:39,568  INFO [LocalJobRunner Map Task Executor #0] exec.ReduceSinkOperator: Closing Operator: RS[5]
2024-04-24T01:17:39,568  INFO [LocalJobRunner Map Task Executor #0] exec.ReduceSinkOperator: RS[5]: Total records written - 2. abort - false
2024-04-24T01:17:39,568  INFO [LocalJobRunner Map Task Executor #0] exec.ReduceSinkOperator: RECORDS_OUT_OPERATOR_RS_5:2, RECORDS_OUT_INTERMEDIATE:2, 
2024-04-24T01:17:39,569  INFO [LocalJobRunner Map Task Executor #0] mapred.LocalJobRunner: 
2024-04-24T01:17:39,569  INFO [LocalJobRunner Map Task Executor #0] mapred.MapTask: Starting flush of map output
2024-04-24T01:17:39,569  INFO [LocalJobRunner Map Task Executor #0] mapred.MapTask: Spilling map output
2024-04-24T01:17:39,569  INFO [LocalJobRunner Map Task Executor #0] mapred.MapTask: bufstart = 0; bufend = 34; bufvoid = 104857600
2024-04-24T01:17:39,569  INFO [LocalJobRunner Map Task Executor #0] mapred.MapTask: kvstart = 26214396(104857584); kvend = 26214392(104857568); length = 5/6553600
2024-04-24T01:17:39,580  INFO [LocalJobRunner Map Task Executor #0] mapred.MapTask: Finished spill 0
2024-04-24T01:17:39,583  INFO [LocalJobRunner Map Task Executor #0] mapred.Task: Task:attempt_local1087154125_0009_m_000000_0 is done. And is in the process of committing
2024-04-24T01:17:39,584  INFO [LocalJobRunner Map Task Executor #0] mapred.LocalJobRunner: map
2024-04-24T01:17:39,584  INFO [LocalJobRunner Map Task Executor #0] mapred.Task: Task 'attempt_local1087154125_0009_m_000000_0' done.
2024-04-24T01:17:39,584  INFO [LocalJobRunner Map Task Executor #0] mapred.Task: Final Counters for attempt_local1087154125_0009_m_000000_0: Counters: 26
	File System Counters
		FILE: Number of bytes read=136263
		FILE: Number of bytes written=10585526
		FILE: Number of read operations=0
		FILE: Number of large read operations=0
		FILE: Number of write operations=0
	Map-Reduce Framework
		Map input records=4
		Map output records=2
		Map output bytes=34
		Map output materialized bytes=44
		Input split bytes=360
		Combine input records=0
		Spilled Records=2
		Failed Shuffles=0
		Merged Map outputs=0
		GC time elapsed (ms)=6
		Total committed heap usage (bytes)=1087373312
	HIVE
		DESERIALIZE_ERRORS=0
		RECORDS_IN=3
		RECORDS_OUT_INTERMEDIATE=2
		RECORDS_OUT_OPERATOR_MAP_0=0
		RECORDS_OUT_OPERATOR_RS_5=2
		RECORDS_OUT_OPERATOR_SEL_1=1
		RECORDS_OUT_OPERATOR_SEL_3=2
		RECORDS_OUT_OPERATOR_TS_0=1
		RECORDS_OUT_OPERATOR_UDTF_2=2
	File Input Format Counters 
		Bytes Read=5141
2024-04-24T01:17:39,584  INFO [LocalJobRunner Map Task Executor #0] mapred.LocalJobRunner: Finishing task: attempt_local1087154125_0009_m_000000_0
2024-04-24T01:17:39,584  INFO [Thread-553] mapred.LocalJobRunner: map task executor complete.
2024-04-24T01:17:39,585  INFO [Thread-553] mapred.LocalJobRunner: Waiting for reduce tasks
2024-04-24T01:17:39,585  INFO [pool-42-thread-1] mapred.LocalJobRunner: Starting task: attempt_local1087154125_0009_r_000000_0
2024-04-24T01:17:39,586  INFO [pool-42-thread-1] mapred.Task:  Using ResourceCalculatorProcessTree : [ ]
2024-04-24T01:17:39,586  INFO [pool-42-thread-1] mapred.ReduceTask: Using ShuffleConsumerPlugin: org.apache.hadoop.mapreduce.task.reduce.Shuffle@1b92c3c8
2024-04-24T01:17:39,586  WARN [pool-42-thread-1] impl.MetricsSystemImpl: JobTracker metrics system already initialized!
2024-04-24T01:17:39,587  INFO [pool-42-thread-1] reduce.MergeManagerImpl: MergerManager: memoryLimit=1336252800, maxSingleShuffleLimit=334063200, mergeThreshold=881926912, ioSortFactor=10, memToMemMergeOutputsThreshold=10
2024-04-24T01:17:39,588  INFO [EventFetcher for fetching Map Completion Events] reduce.EventFetcher: attempt_local1087154125_0009_r_000000_0 Thread started: EventFetcher for fetching Map Completion Events
2024-04-24T01:17:39,589  INFO [localfetcher#6] reduce.LocalFetcher: localfetcher#6 about to shuffle output of map attempt_local1087154125_0009_m_000000_0 decomp: 40 len: 44 to MEMORY
2024-04-24T01:17:39,589  INFO [localfetcher#6] reduce.InMemoryMapOutput: Read 40 bytes from map-output for attempt_local1087154125_0009_m_000000_0
2024-04-24T01:17:39,589  INFO [localfetcher#6] reduce.MergeManagerImpl: closeInMemoryFile -> map-output of size: 40, inMemoryMapOutputs.size() -> 1, commitMemory -> 0, usedMemory ->40
2024-04-24T01:17:39,589  INFO [EventFetcher for fetching Map Completion Events] reduce.EventFetcher: EventFetcher is interrupted.. Returning
2024-04-24T01:17:39,590  INFO [pool-42-thread-1] mapred.LocalJobRunner: 1 / 1 copied.
2024-04-24T01:17:39,590  INFO [pool-42-thread-1] reduce.MergeManagerImpl: finalMerge called with 1 in-memory map-outputs and 0 on-disk map-outputs
2024-04-24T01:17:39,596  INFO [pool-42-thread-1] mapred.Merger: Merging 1 sorted segments
2024-04-24T01:17:39,596  INFO [pool-42-thread-1] mapred.Merger: Down to the last merge-pass, with 1 segments left of total size: 28 bytes
2024-04-24T01:17:39,599  INFO [pool-42-thread-1] reduce.MergeManagerImpl: Merged 1 segments, 40 bytes to disk to satisfy reduce memory limit
2024-04-24T01:17:39,599  INFO [pool-42-thread-1] reduce.MergeManagerImpl: Merging 1 files, 44 bytes from disk
2024-04-24T01:17:39,599  INFO [pool-42-thread-1] reduce.MergeManagerImpl: Merging 0 segments, 0 bytes from memory into reduce
2024-04-24T01:17:39,599  INFO [pool-42-thread-1] mapred.Merger: Merging 1 sorted segments
2024-04-24T01:17:39,599  INFO [pool-42-thread-1] mapred.Merger: Down to the last merge-pass, with 1 segments left of total size: 28 bytes
2024-04-24T01:17:39,599  INFO [pool-42-thread-1] mapred.LocalJobRunner: 1 / 1 copied.
2024-04-24T01:17:39,600  INFO [pool-42-thread-1] exec.SerializationUtilities: Deserializing ReduceWork using kryo
2024-04-24T01:17:39,601  INFO [pool-42-thread-1] exec.Utilities: Deserialized plan (via FILE) - name: null size: 6,45KB
2024-04-24T01:17:39,602  INFO [pool-42-thread-1] ExecReducer: 
<SEL>Id =6
  <Children>
    <FS>Id =4
      <Children>
      <\Children>
      <Parent>Id = 6 null<\Parent>
    <\FS>
  <\Children>
  <Parent><\Parent>
<\SEL>
2024-04-24T01:17:39,602  INFO [pool-42-thread-1] exec.SelectOperator: Initializing Operator: SEL[6]
2024-04-24T01:17:39,602  INFO [pool-42-thread-1] exec.SelectOperator: SELECT struct<key:struct<_col2:int>,value:struct<_col0:int,_col1:int>>
2024-04-24T01:17:39,602  INFO [pool-42-thread-1] exec.FileSinkOperator: Initializing Operator: FS[4]
2024-04-24T01:17:39,603  INFO [pool-42-thread-1] exec.FileSinkOperator: Using serializer : AbstractSerDe [log=org.apache.logging.slf4j.Log4jLogger@48b320a7, configuration=Optional[Configuration: core-default.xml, core-site.xml, mapred-default.xml, mapred-site.xml, yarn-default.xml, yarn-site.xml, hdfs-default.xml, hdfs-site.xml, file:/home/alex/Repositories/hive/ql/target/tmp/TestTxnNoBuckets/mapred/local/localRunner/alex/job_local1087154125_0009/job_local1087154125_0009.xml], properties={name=default.tmp, columns.types=int:int, serialization.format=1, columns=c1,c2, columns.comments=&amp#0;, partition_columns.types=int, partition_columns=c3, bucketing_version=2, serialization.lib=org.apache.hadoop.hive.ql.io.orc.OrcSerde, file.inputformat=org.apache.hadoop.hive.ql.io.orc.OrcInputFormat, file.outputformat=org.apache.hadoop.hive.ql.io.orc.OrcOutputFormat, location=file:/home/alex/Repositories/hive/ql/target/tmp/org.apache.hadoop.hive.ql.TestTxnNoBuckets-1713946626176/warehouse/tmp, column.name.delimiter=,}, tableProperties={name=default.tmp, columns.types=int:int, serialization.format=1, columns=c1,c2, columns.comments=&amp#0;, partition_columns.types=int, partition_columns=c3, bucketing_version=2, serialization.lib=org.apache.hadoop.hive.ql.io.orc.OrcSerde, file.inputformat=org.apache.hadoop.hive.ql.io.orc.OrcInputFormat, location=file:/home/alex/Repositories/hive/ql/target/tmp/org.apache.hadoop.hive.ql.TestTxnNoBuckets-1713946626176/warehouse/tmp, file.outputformat=org.apache.hadoop.hive.ql.io.orc.OrcOutputFormat, column.name.delimiter=,}, partitionProperties=Optional.empty, columnNames=[c1, c2], columnTypes=[int, int], getClass()=class org.apache.hadoop.hive.ql.io.orc.OrcSerde] and formatter : org.apache.hadoop.hive.ql.io.orc.OrcOutputFormat@3a19a58e
2024-04-24T01:17:39,603  INFO [pool-42-thread-1] exec.FileSinkOperator: Final Path: FS file:/home/alex/Repositories/hive/ql/target/tmp/org.apache.hadoop.hive.ql.TestTxnNoBuckets-1713946626176/warehouse/tmp/.hive-staging_hive_2024-04-24_01-17-39_055_579722449406983767-1/_tmp.-ext-10000/c3=1/000000_0
2024-04-24T01:17:39,603  INFO [pool-42-thread-1] exec.FileSinkOperator: Writing to temp file: FS file:/home/alex/Repositories/hive/ql/target/tmp/org.apache.hadoop.hive.ql.TestTxnNoBuckets-1713946626176/warehouse/tmp/.hive-staging_hive_2024-04-24_01-17-39_055_579722449406983767-1/_task_tmp.-ext-10000/c3=1/_tmp.000000_0
2024-04-24T01:17:39,603  INFO [pool-42-thread-1] exec.FileSinkOperator: New Final Path: FS file:/home/alex/Repositories/hive/ql/target/tmp/org.apache.hadoop.hive.ql.TestTxnNoBuckets-1713946626176/warehouse/tmp/.hive-staging_hive_2024-04-24_01-17-39_055_579722449406983767-1/_tmp.-ext-10000/c3=1/000000_0
2024-04-24T01:17:39,608  INFO [pool-42-thread-1] exec.FileSinkOperator: FS[4]: records written - 1
2024-04-24T01:17:39,609  INFO [pool-42-thread-1] impl.PhysicalFsWriter: ORC writer created for path: file:/home/alex/Repositories/hive/ql/target/tmp/org.apache.hadoop.hive.ql.TestTxnNoBuckets-1713946626176/warehouse/tmp/.hive-staging_hive_2024-04-24_01-17-39_055_579722449406983767-1/_task_tmp.-ext-10000/c3=1/_tmp.000000_0 with stripeSize: 67108864 blockSize: 268435456 compression: Compress: ZLIB buffer: 262144
2024-04-24T01:17:39,614  INFO [pool-42-thread-1] impl.WriterImpl: ORC writer created for path: file:/home/alex/Repositories/hive/ql/target/tmp/org.apache.hadoop.hive.ql.TestTxnNoBuckets-1713946626176/warehouse/tmp/.hive-staging_hive_2024-04-24_01-17-39_055_579722449406983767-1/_task_tmp.-ext-10000/c3=1/_tmp.000000_0 with stripeSize: 67108864 options: Compress: ZLIB buffer: 262144
2024-04-24T01:17:39,616  INFO [pool-42-thread-1] exec.FileSinkOperator: Final Path: FS file:/home/alex/Repositories/hive/ql/target/tmp/org.apache.hadoop.hive.ql.TestTxnNoBuckets-1713946626176/warehouse/tmp/.hive-staging_hive_2024-04-24_01-17-39_055_579722449406983767-1/_tmp.-ext-10000/c3=2/000000_0
2024-04-24T01:17:39,616  INFO [pool-42-thread-1] exec.FileSinkOperator: Writing to temp file: FS file:/home/alex/Repositories/hive/ql/target/tmp/org.apache.hadoop.hive.ql.TestTxnNoBuckets-1713946626176/warehouse/tmp/.hive-staging_hive_2024-04-24_01-17-39_055_579722449406983767-1/_task_tmp.-ext-10000/c3=2/_tmp.000000_0
2024-04-24T01:17:39,616  INFO [pool-42-thread-1] exec.FileSinkOperator: New Final Path: FS file:/home/alex/Repositories/hive/ql/target/tmp/org.apache.hadoop.hive.ql.TestTxnNoBuckets-1713946626176/warehouse/tmp/.hive-staging_hive_2024-04-24_01-17-39_055_579722449406983767-1/_tmp.-ext-10000/c3=2/000000_0
2024-04-24T01:17:39,619  INFO [pool-42-thread-1] impl.PhysicalFsWriter: ORC writer created for path: file:/home/alex/Repositories/hive/ql/target/tmp/org.apache.hadoop.hive.ql.TestTxnNoBuckets-1713946626176/warehouse/tmp/.hive-staging_hive_2024-04-24_01-17-39_055_579722449406983767-1/_task_tmp.-ext-10000/c3=2/_tmp.000000_0 with stripeSize: 67108864 blockSize: 268435456 compression: Compress: ZLIB buffer: 262144
2024-04-24T01:17:39,624  INFO [pool-42-thread-1] impl.WriterImpl: ORC writer created for path: file:/home/alex/Repositories/hive/ql/target/tmp/org.apache.hadoop.hive.ql.TestTxnNoBuckets-1713946626176/warehouse/tmp/.hive-staging_hive_2024-04-24_01-17-39_055_579722449406983767-1/_task_tmp.-ext-10000/c3=2/_tmp.000000_0 with stripeSize: 67108864 options: Compress: ZLIB buffer: 262144
2024-04-24T01:17:39,625  INFO [pool-42-thread-1] exec.SelectOperator: Closing Operator: SEL[6]
2024-04-24T01:17:39,625  INFO [pool-42-thread-1] exec.SelectOperator: RECORDS_OUT_INTERMEDIATE:0, RECORDS_OUT_OPERATOR_SEL_6:2, 
2024-04-24T01:17:39,625  INFO [pool-42-thread-1] exec.FileSinkOperator: Closing Operator: FS[4]
2024-04-24T01:17:39,625  INFO [pool-42-thread-1] exec.FileSinkOperator: FS[4]: records written - 2
2024-04-24T01:17:39,626  INFO [pool-42-thread-1] common.FileUtils: Creating directory if it doesn't exist: file:/home/alex/Repositories/hive/ql/target/tmp/org.apache.hadoop.hive.ql.TestTxnNoBuckets-1713946626176/warehouse/tmp/.hive-staging_hive_2024-04-24_01-17-39_055_579722449406983767-1/_tmp.-ext-10000/c3=2
2024-04-24T01:17:39,629  INFO [pool-42-thread-1] common.FileUtils: Creating directory if it doesn't exist: file:/home/alex/Repositories/hive/ql/target/tmp/org.apache.hadoop.hive.ql.TestTxnNoBuckets-1713946626176/warehouse/tmp/.hive-staging_hive_2024-04-24_01-17-39_055_579722449406983767-1/_tmp.-ext-10000/c3=1
2024-04-24T01:17:39,638  INFO [pool-42-thread-1] exec.FileSinkOperator: RECORDS_OUT_OPERATOR_FS_4:2, TOTAL_TABLE_ROWS_WRITTEN:2, RECORDS_OUT_1_default.tmp:2, RECORDS_OUT_INTERMEDIATE:0, 
2024-04-24T01:17:39,638  INFO [pool-42-thread-1] mapred.Task: Task:attempt_local1087154125_0009_r_000000_0 is done. And is in the process of committing
2024-04-24T01:17:39,639  INFO [pool-42-thread-1] mapred.LocalJobRunner: reduce > reduce
2024-04-24T01:17:39,639  INFO [pool-42-thread-1] mapred.Task: Task 'attempt_local1087154125_0009_r_000000_0' done.
2024-04-24T01:17:39,639  INFO [pool-42-thread-1] mapred.Task: Final Counters for attempt_local1087154125_0009_r_000000_0: Counters: 31
	File System Counters
		FILE: Number of bytes read=142899
		FILE: Number of bytes written=10586197
		FILE: Number of read operations=0
		FILE: Number of large read operations=0
		FILE: Number of write operations=0
	Map-Reduce Framework
		Combine input records=0
		Combine output records=0
		Reduce input groups=2
		Reduce shuffle bytes=44
		Reduce input records=2
		Reduce output records=0
		Spilled Records=2
		Shuffled Maps =1
		Failed Shuffles=0
		Merged Map outputs=1
		GC time elapsed (ms)=0
		Total committed heap usage (bytes)=1087373312
	HIVE
		CREATED_DYNAMIC_PARTITIONS=2
		CREATED_FILES=2
		RECORDS_OUT_1_default.tmp=2
		RECORDS_OUT_INTERMEDIATE=0
		RECORDS_OUT_OPERATOR_FS_4=2
		RECORDS_OUT_OPERATOR_SEL_6=2
		TOTAL_TABLE_ROWS_WRITTEN=2
	Shuffle Errors
		BAD_ID=0
		CONNECTION=0
		IO_ERROR=0
		WRONG_LENGTH=0
		WRONG_MAP=0
		WRONG_REDUCE=0
	File Output Format Counters 
		Bytes Written=0
2024-04-24T01:17:39,639  INFO [pool-42-thread-1] mapred.LocalJobRunner: Finishing task: attempt_local1087154125_0009_r_000000_0
2024-04-24T01:17:39,639  INFO [Thread-553] mapred.LocalJobRunner: reduce task executor complete.
2024-04-24 01:17:40,547 Stage-1 map = 100%,  reduce = 100%
2024-04-24T01:17:40,548  INFO [main] exec.Task: 2024-04-24 01:17:40,547 Stage-1 map = 100%,  reduce = 100%
Ended Job = job_local1087154125_0009
2024-04-24T01:17:40,549  INFO [main] exec.Task: Ended Job = job_local1087154125_0009
2024-04-24T01:17:40,555  INFO [main] ql.Driver: Starting task [Stage-0:MOVE] in serial mode
Loading data to table default.tmp partition (c3=null)
2024-04-24T01:17:40,555  INFO [main] exec.Task: Loading data to table default.tmp partition (c3=null) from file:/home/alex/Repositories/hive/ql/target/tmp/org.apache.hadoop.hive.ql.TestTxnNoBuckets-1713946626176/warehouse/tmp/.hive-staging_hive_2024-04-24_01-17-39_055_579722449406983767-1/-ext-10000
2024-04-24T01:17:40,555  INFO [main] HiveMetaStore.audit: ugi=alex	ip=unknown-ip-addr	cmd=get_table : tbl=hive.default.tmp	
2024-04-24T01:17:40,570  INFO [main] metastore.HMSHandler: Skipping translation for processor with null
2024-04-24T01:17:40,570  INFO [main] exec.MoveTask: Partition is: {c3=null}


2024-04-24T01:17:40,571  INFO [main] exec.Task: 

2024-04-24T01:17:40,571  INFO [main] HiveMetaStore.audit: ugi=alex	ip=unknown-ip-addr	cmd=get_table : tbl=hive.default.tmp	
2024-04-24T01:17:40,582  INFO [main] metastore.HMSHandler: Skipping translation for processor with null
2024-04-24T01:17:40,582  INFO [main] HiveMetaStore.audit: ugi=alex	ip=unknown-ip-addr	cmd=get_table : tbl=hive.default.tmp	
2024-04-24T01:17:40,594  INFO [main] metastore.HMSHandler: Skipping translation for processor with null
2024-04-24T01:17:40,594  INFO [main] HiveMetaStore.audit: ugi=alex	ip=unknown-ip-addr	cmd=get_table : tbl=hive.default.tmp	
2024-04-24T01:17:40,606  INFO [main] metastore.HMSHandler: Skipping translation for processor with null
2024-04-24T01:17:40,607  INFO [main] HiveMetaStore.audit: ugi=alex	ip=unknown-ip-addr	cmd=get_partitions_names_ps : tbl=hive.default.tmp[]	
2024-04-24T01:17:40,622  INFO [main] HiveMetaStore.audit: ugi=alex	ip=unknown-ip-addr	cmd=get_table : tbl=hive.default.tmp	
2024-04-24T01:17:40,636  INFO [main] metastore.HMSHandler: Skipping translation for processor with null
2024-04-24T01:17:40,636  INFO [main] HiveMetaStore.audit: ugi=alex	ip=unknown-ip-addr	cmd=get_partitions_by_names : tbl=hive.default.tmp	
2024-04-24T01:17:40,652  INFO [main] metastore.HMSHandler: Skipping translation for processor with null
2024-04-24T01:17:40,659  INFO [load-dynamic-partitionsToAdd-0] metadata.Hive: New loading path = file:/home/alex/Repositories/hive/ql/target/tmp/org.apache.hadoop.hive.ql.TestTxnNoBuckets-1713946626176/warehouse/tmp/.hive-staging_hive_2024-04-24_01-17-39_055_579722449406983767-1/-ext-10000/c3=2 withPartSpec {c3=2}
2024-04-24T01:17:40,659  INFO [load-dynamic-partitionsToAdd-1] metadata.Hive: New loading path = file:/home/alex/Repositories/hive/ql/target/tmp/org.apache.hadoop.hive.ql.TestTxnNoBuckets-1713946626176/warehouse/tmp/.hive-staging_hive_2024-04-24_01-17-39_055_579722449406983767-1/-ext-10000/c3=1 withPartSpec {c3=1}
2024-04-24T01:17:40,660  INFO [load-dynamic-partitionsToAdd-0] metastore.HiveMetaStoreClient: HMS client filtering is enabled.
2024-04-24T01:17:40,661  INFO [load-dynamic-partitionsToAdd-1] metastore.HiveMetaStoreClient: HMS client filtering is enabled.
2024-04-24T01:17:40,662  INFO [load-dynamic-partitionsToAdd-0] metastore.HMSHandler: 3: Opening raw store with implementation class:org.apache.hadoop.hive.metastore.ObjectStore
2024-04-24T01:17:40,662  INFO [load-dynamic-partitionsToAdd-0] metastore.PersistenceManagerProvider: Configuration datanucleus.autoStartMechanismMode is not set. Defaulting to 'ignored'
2024-04-24T01:17:40,662  INFO [load-dynamic-partitionsToAdd-1] metastore.HMSHandler: 4: Opening raw store with implementation class:org.apache.hadoop.hive.metastore.ObjectStore
2024-04-24T01:17:40,662  INFO [load-dynamic-partitionsToAdd-1] metastore.PersistenceManagerProvider: Configuration datanucleus.autoStartMechanismMode is not set. Defaulting to 'ignored'
2024-04-24T01:17:40,662  INFO [load-dynamic-partitionsToAdd-0] metastore.ObjectStore: RawStore: org.apache.hadoop.hive.metastore.ObjectStore@3429815b, with PersistenceManager: null will be shutdown
2024-04-24T01:17:40,663  INFO [load-dynamic-partitionsToAdd-0] metastore.ObjectStore: RawStore: org.apache.hadoop.hive.metastore.ObjectStore@3429815b, with PersistenceManager: org.datanucleus.api.jdo.JDOPersistenceManager@409a3506 created in the thread with id: 674
2024-04-24T01:17:40,663  INFO [load-dynamic-partitionsToAdd-1] metastore.ObjectStore: RawStore: org.apache.hadoop.hive.metastore.ObjectStore@343f996d, with PersistenceManager: null will be shutdown
2024-04-24T01:17:40,663  INFO [load-dynamic-partitionsToAdd-1] metastore.ObjectStore: RawStore: org.apache.hadoop.hive.metastore.ObjectStore@343f996d, with PersistenceManager: org.datanucleus.api.jdo.JDOPersistenceManager@70eb52ae created in the thread with id: 675
2024-04-24T01:17:40,666  INFO [load-dynamic-partitionsToAdd-0] metastore.HMSHandler: Created RawStore: org.apache.hadoop.hive.metastore.ObjectStore@3429815b from thread id: 674
2024-04-24T01:17:40,666  INFO [load-dynamic-partitionsToAdd-0] metastore.HMSHandler: HMS server filtering is disabled by configuration
2024-04-24T01:17:40,666  INFO [load-dynamic-partitionsToAdd-0] metastore.RetryingMetaStoreClient: RetryingMetaStoreClient proxy=class org.apache.hadoop.hive.ql.metadata.SessionHiveMetaStoreClient ugi=alex (auth:SIMPLE) retries=1 delay=1 lifetime=0
2024-04-24T01:17:40,666  INFO [load-dynamic-partitionsToAdd-0] HiveMetaStore.audit: ugi=alex	ip=unknown-ip-addr	cmd=get_database: default	
2024-04-24T01:17:40,667  INFO [load-dynamic-partitionsToAdd-1] metastore.HMSHandler: Created RawStore: org.apache.hadoop.hive.metastore.ObjectStore@343f996d from thread id: 675
2024-04-24T01:17:40,667  INFO [load-dynamic-partitionsToAdd-1] metastore.HMSHandler: HMS server filtering is disabled by configuration
2024-04-24T01:17:40,667  INFO [load-dynamic-partitionsToAdd-1] metastore.RetryingMetaStoreClient: RetryingMetaStoreClient proxy=class org.apache.hadoop.hive.ql.metadata.SessionHiveMetaStoreClient ugi=alex (auth:SIMPLE) retries=1 delay=1 lifetime=0
2024-04-24T01:17:40,668  INFO [load-dynamic-partitionsToAdd-1] HiveMetaStore.audit: ugi=alex	ip=unknown-ip-addr	cmd=get_database: default	
2024-04-24T01:17:40,668  INFO [load-dynamic-partitionsToAdd-0] common.FileUtils: Creating directory if it doesn't exist: file:/home/alex/Repositories/hive/ql/target/tmp/org.apache.hadoop.hive.ql.TestTxnNoBuckets-1713946626176/warehouse/tmp/c3=2
2024-04-24T01:17:40,670  INFO [load-dynamic-partitionsToAdd-1] common.FileUtils: Creating directory if it doesn't exist: file:/home/alex/Repositories/hive/ql/target/tmp/org.apache.hadoop.hive.ql.TestTxnNoBuckets-1713946626176/warehouse/tmp/c3=1
2024-04-24T01:17:40,671  INFO [load-dynamic-partitionsToAdd-0] HiveMetaStore.audit: ugi=alex	ip=unknown-ip-addr	cmd=Cleaning up thread local RawStore...	
2024-04-24T01:17:40,671  INFO [load-dynamic-partitionsToAdd-0] metastore.ObjectStore: RawStore: org.apache.hadoop.hive.metastore.ObjectStore@3429815b, with PersistenceManager: org.datanucleus.api.jdo.JDOPersistenceManager@409a3506 will be shutdown
2024-04-24T01:17:40,672  INFO [load-dynamic-partitionsToAdd-0] HiveMetaStore.audit: ugi=alex	ip=unknown-ip-addr	cmd=Done cleaning up thread local RawStore	
2024-04-24T01:17:40,672  INFO [load-dynamic-partitionsToAdd-0] metastore.HiveMetaStoreClient: Closed a connection to metastore, current connections: -3
2024-04-24T01:17:40,674  INFO [load-dynamic-partitionsToAdd-1] HiveMetaStore.audit: ugi=alex	ip=unknown-ip-addr	cmd=Cleaning up thread local RawStore...	
2024-04-24T01:17:40,674  INFO [load-dynamic-partitionsToAdd-1] metastore.ObjectStore: RawStore: org.apache.hadoop.hive.metastore.ObjectStore@343f996d, with PersistenceManager: org.datanucleus.api.jdo.JDOPersistenceManager@70eb52ae will be shutdown
2024-04-24T01:17:40,674  INFO [load-dynamic-partitionsToAdd-1] HiveMetaStore.audit: ugi=alex	ip=unknown-ip-addr	cmd=Done cleaning up thread local RawStore	
2024-04-24T01:17:40,674  INFO [load-dynamic-partitionsToAdd-1] metastore.HiveMetaStoreClient: Closed a connection to metastore, current connections: -4
2024-04-24T01:17:40,674  INFO [main] metadata.Hive: Number of partitionsToAdd to be added is 2
2024-04-24T01:17:40,674  INFO [main] HiveMetaStore.audit: ugi=alex	ip=unknown-ip-addr	cmd=add_partitions	
2024-04-24T01:17:40,723  INFO [main] metadata.Hive: Loaded 2partitionsToAdd
	 Time taken to load dynamic partitions: 0.152 seconds
2024-04-24T01:17:40,723  INFO [main] exec.Task: 	 Time taken to load dynamic partitions: 0.152 seconds
2024-04-24T01:17:40,723  INFO [main] exec.MoveTask: 	 Time taken to load dynamic partitions: 0.152 seconds
2024-04-24T01:17:40,724  INFO [main] exec.MoveTask: Loading partition {c3=2}
2024-04-24T01:17:40,724  INFO [main] exec.MoveTask: Loading partition {c3=1}
	 Time taken for adding to write entity : 0.0 seconds
2024-04-24T01:17:40,724  INFO [main] exec.Task: 	 Time taken for adding to write entity : 0.0 seconds
2024-04-24T01:17:40,724  INFO [main] ql.Driver: Starting task [Stage-2:STATS] in serial mode
2024-04-24T01:17:40,724  INFO [main] HiveMetaStore.audit: ugi=alex	ip=unknown-ip-addr	cmd=get_table : tbl=hive.default.tmp	
2024-04-24T01:17:40,738  INFO [main] metastore.HMSHandler: Skipping translation for processor with null
2024-04-24T01:17:40,738  INFO [main] stats.BasicStatsTask: Executing stats task
2024-04-24T01:17:40,739  INFO [main] fs.FSStatsPublisher: created : file:/home/alex/Repositories/hive/ql/target/tmp/localscratchdir/e200bcba-f0ca-4f02-9e42-4b4d6a93de0f/hive_2024-04-24_01-17-39_055_579722449406983767-1/-mr-10001
2024-04-24T01:17:40,741  INFO [main] HiveMetaStore.audit: ugi=alex	ip=unknown-ip-addr	cmd=get_table : tbl=hive.default.tmp	
2024-04-24T01:17:40,755  INFO [main] metastore.HMSHandler: Skipping translation for processor with null
2024-04-24T01:17:40,756  INFO [main] FileOperations: Read stats for default.tmp/c3=2/, numRows, true, 1, false: 
2024-04-24T01:17:40,756  INFO [main] FileOperations: Read stats for default.tmp/c3=2/, rawDataSize, true, 8, false: 
2024-04-24T01:17:40,756  INFO [main] stats.BasicStatsTask: Partition {c3=2} stats: [numFiles=1, numRows=1, totalSize=242, rawDataSize=8, numFilesErasureCoded=0]
2024-04-24T01:17:40,756  INFO [main] FileOperations: Read stats for default.tmp/c3=1/, numRows, true, 1, false: 
2024-04-24T01:17:40,756  INFO [main] FileOperations: Read stats for default.tmp/c3=1/, rawDataSize, true, 8, false: 
2024-04-24T01:17:40,756  INFO [main] stats.BasicStatsTask: Partition {c3=1} stats: [numFiles=1, numRows=1, totalSize=242, rawDataSize=8, numFilesErasureCoded=0]
2024-04-24T01:17:40,757  INFO [main] HiveMetaStore.audit: ugi=alex	ip=unknown-ip-addr	cmd=alter_partitions : tbl=hive.default.tmp	
2024-04-24T01:17:40,757  INFO [main] metastore.HMSHandler: New partition values:[2]
2024-04-24T01:17:40,757  INFO [main] metastore.HMSHandler: New partition values:[1]
2024-04-24T01:17:40,845  INFO [main] metadata.Hive: Dumping metastore api call timing information for : execution phase
2024-04-24T01:17:40,846  INFO [main] metadata.Hive: Total time spent in each metastore function (ms): {alter_partitions_(String, String, List, EnvironmentContext, String, long)=89, listPartitionNamesRequest_(GetPartitionNamesPsRequest)=28, add_partitions_(List)=49, getPartitionsByNames_(String, String, List, boolean, String)=35, getTable_(GetTableRequest)=66, isCompatibleWith_(Configuration)=0}
MapReduce Jobs Launched: 
2024-04-24T01:17:40,846  INFO [main] ql.Driver: MapReduce Jobs Launched: 
Stage-Stage-1:  HDFS Read: 0 HDFS Write: 0 SUCCESS
2024-04-24T01:17:40,846  INFO [main] ql.Driver: Stage-Stage-1:  HDFS Read: 0 HDFS Write: 0 SUCCESS
Total MapReduce CPU Time Spent: 0 msec
2024-04-24T01:17:40,846  INFO [main] ql.Driver: Total MapReduce CPU Time Spent: 0 msec
2024-04-24T01:17:40,846  INFO [main] ql.Driver: Completed executing command(queryId=alex_20240424011739_1c7779a1-875f-4dde-8acb-d4926c0a054e); Time taken: 1.581 seconds
2024-04-24T01:17:40,846  INFO [main] lockmgr.DbTxnManager: Stopped heartbeat for query: alex_20240424011739_1c7779a1-875f-4dde-8acb-d4926c0a054e
2024-04-24T01:17:40,851  INFO [main] txn.TxnHandler: Expected to move at least one record from txn_components to completed_txn_components when committing txn! txnid:16
2024-04-24T01:17:40,860  INFO [main] txn.TxnHandler: Removed transactions: ([16]) from MIN_HISTORY_LEVEL
2024-04-24T01:17:40,860  WARN [main] txn.CompactionTxnHandler: No compaction queue record found for Compaction type transaction commit. txnId:16
2024-04-24T01:17:40,861  INFO [main] ql.TxnCommandsBaseForTests: Running the query: insert into tmp  values(3,3,3),(4,4,4)
2024-04-24T01:17:40,862  INFO [main] ql.Context: Deleting scratch dir: file:/home/alex/Repositories/hive/ql/target/tmp/org.apache.hadoop.hive.ql.TestTxnNoBuckets-1713946626176/warehouse/tmp/.hive-staging_hive_2024-04-24_01-17-39_055_579722449406983767-1
2024-04-24T01:17:40,862  INFO [main] cleanup.SyncCleanupService: Deleted directory: file:/home/alex/Repositories/hive/ql/target/tmp/org.apache.hadoop.hive.ql.TestTxnNoBuckets-1713946626176/warehouse/tmp/.hive-staging_hive_2024-04-24_01-17-39_055_579722449406983767-1 on fs with scheme file
2024-04-24T01:17:40,862  INFO [main] ql.Context: Deleting scratch dir: file:/home/alex/Repositories/hive/ql/target/tmp/localscratchdir/e200bcba-f0ca-4f02-9e42-4b4d6a93de0f/hive_2024-04-24_01-17-39_055_579722449406983767-1
2024-04-24T01:17:40,863  INFO [main] cleanup.SyncCleanupService: Deleted directory: file:/home/alex/Repositories/hive/ql/target/tmp/localscratchdir/e200bcba-f0ca-4f02-9e42-4b4d6a93de0f/hive_2024-04-24_01-17-39_055_579722449406983767-1 on fs with scheme file
2024-04-24T01:17:40,863  INFO [main] ql.Driver: Compiling command(queryId=alex_20240424011740_da677462-f62a-4e73-bd3d-c44e4ea6aa71): insert into tmp  values(3,3,3),(4,4,4)
2024-04-24T01:17:40,867  INFO [main] txn.TxnHandler: Added entries to MIN_HISTORY_LEVEL for current txns: ([17]) with min_open_txn: 17
2024-04-24T01:17:40,868  INFO [main] lockmgr.DbTxnManager: Opened txnid:17
2024-04-24T01:17:40,869  INFO [main] parse.CalcitePlanner: Starting caching scope for: 
2024-04-24T01:17:40,869  INFO [main] parse.CalcitePlanner: Starting Semantic Analysis
2024-04-24T01:17:40,874  INFO [main] HiveMetaStore.audit: ugi=alex	ip=unknown-ip-addr	cmd=get_table : tbl=hive.default.tmp	
2024-04-24T01:17:40,890  INFO [main] metastore.HMSHandler: Skipping translation for processor with null
2024-04-24T01:17:40,890  INFO [main] parse.CalcitePlanner: Completed phase 1 of Semantic Analysis
2024-04-24T01:17:40,890  INFO [main] parse.CalcitePlanner: Get metadata for source tables
2024-04-24T01:17:40,890  INFO [main] parse.CalcitePlanner: Get metadata for subqueries
2024-04-24T01:17:40,890  INFO [main] parse.CalcitePlanner: Get metadata for destination tables
2024-04-24T01:17:40,891  INFO [main] HiveMetaStore.audit: ugi=alex	ip=unknown-ip-addr	cmd=get_table : tbl=hive.default.tmp	
2024-04-24T01:17:40,901  INFO [main] metastore.HMSHandler: Skipping translation for processor with null
2024-04-24T01:17:40,902  INFO [main] parse.CalcitePlanner: Completed getting MetaData in Semantic Analysis
2024-04-24T01:17:40,902  INFO [main] parse.CalcitePlanner: Disabling LLAP IO encode as ETL query is detected
2024-04-24T01:17:40,925  INFO [main] HiveMetaStore.audit: ugi=alex	ip=unknown-ip-addr	cmd=get_all_table_constraints : tbl=hive._dummy_database._dummy_table	
2024-04-24T01:17:41,023  INFO [main] parse.CalcitePlanner: Get metadata for source tables
2024-04-24T01:17:41,023  INFO [main] parse.CalcitePlanner: Get metadata for subqueries
2024-04-24T01:17:41,023  INFO [main] parse.CalcitePlanner: Get metadata for source tables
2024-04-24T01:17:41,024  INFO [main] HiveMetaStore.audit: ugi=alex	ip=unknown-ip-addr	cmd=get_table : tbl=hive._dummy_database._dummy_table	
2024-04-24T01:17:41,026  INFO [main] parse.CalcitePlanner: Get metadata for subqueries
2024-04-24T01:17:41,026  INFO [main] parse.CalcitePlanner: Get metadata for destination tables
2024-04-24T01:17:41,026  INFO [main] parse.CalcitePlanner: Get metadata for destination tables
2024-04-24T01:17:41,027  INFO [main] HiveMetaStore.audit: ugi=alex	ip=unknown-ip-addr	cmd=get_table : tbl=hive.default.tmp	
2024-04-24T01:17:41,038  INFO [main] metastore.HMSHandler: Skipping translation for processor with null
2024-04-24T01:17:41,041  INFO [main] common.FileUtils: Creating directory if it doesn't exist: file:/home/alex/Repositories/hive/ql/target/tmp/org.apache.hadoop.hive.ql.TestTxnNoBuckets-1713946626176/warehouse/tmp/.hive-staging_hive_2024-04-24_01-17-40_863_8185107400926413686-1
2024-04-24T01:17:41,043  INFO [main] HiveMetaStore.audit: ugi=alex	ip=unknown-ip-addr	cmd=get_not_null_constraints : tbl=hive.default.tmp	
2024-04-24T01:17:41,045  INFO [main] HiveMetaStore.audit: ugi=alex	ip=unknown-ip-addr	cmd=get_check_constraints : tbl=hive.default.tmp	
2024-04-24T01:17:41,046  INFO [main] parse.CalcitePlanner: CBO Succeeded; optimized logical plan.
2024-04-24T01:17:41,049  INFO [main] optimizer.BucketVersionPopulator: not considering bucketingVersion for: TS[0] because it has -1<2 buckets 
2024-04-24T01:17:41,050  INFO [main] optimizer.SortedDynPartitionOptimizer: Sorted dynamic partitioning optimization kicked in..
2024-04-24T01:17:41,050  INFO [main] optimizer.SortedDynPartitionOptimizer: Inserted RS_5 and SEL_6 as parent of FS_4 and child of SEL_3
2024-04-24T01:17:41,060  INFO [main] HiveMetaStore.audit: ugi=alex	ip=unknown-ip-addr	cmd=get_table : tbl=hive.default.tmp	
2024-04-24T01:17:41,073  INFO [main] metastore.HMSHandler: Skipping translation for processor with null
2024-04-24T01:17:41,073  INFO [main] parse.CalcitePlanner: Completed plan generation
2024-04-24T01:17:41,073  INFO [main] parse.CalcitePlanner: Ending caching scope for: 
2024-04-24T01:17:41,073  INFO [main] ql.Driver: Semantic Analysis Completed (retrial = false)
2024-04-24T01:17:41,073  INFO [main] ql.Driver: Created Hive schema: Schema(fieldSchemas:[FieldSchema(name:col1, type:int, comment:null), FieldSchema(name:col2, type:int, comment:null), FieldSchema(name:col3, type:int, comment:null)], properties:null)
2024-04-24T01:17:41,073  INFO [main] metadata.Hive: Dumping metastore api call timing information for : compilation phase
2024-04-24T01:17:41,074  INFO [main] metadata.Hive: Total time spent in each metastore function (ms): {openTxn_(String, TxnType)=3, getValidTxns_(long)=1, commitTxn_(CommitTxnRequest)=15, getAllTableConstraints_(AllTableConstraintsRequest)=46, getCheckConstraints_(CheckConstraintsRequest)=1, flushCache_()=0, isCompatibleWith_(Configuration)=1, getNotNullConstraints_(NotNullConstraintsRequest)=2, getTable_(GetTableRequest)=53, getMetaConf_(String)=0, getValidWriteIds_(List, String)=7}
2024-04-24T01:17:41,074  INFO [main] ql.Driver: Completed compiling command(queryId=alex_20240424011740_da677462-f62a-4e73-bd3d-c44e4ea6aa71); Time taken: 0.21 seconds
2024-04-24T01:17:41,074  INFO [main] lockmgr.DbTxnManager: Setting lock request transaction to txnid:17 for queryId=alex_20240424011740_da677462-f62a-4e73-bd3d-c44e4ea6aa71
2024-04-24T01:17:41,074  INFO [main] lockmgr.DbLockManager: Requesting lock for queryId=alex_20240424011740_da677462-f62a-4e73-bd3d-c44e4ea6aa71
2024-04-24T01:17:41,092  INFO [main] lockmgr.DbLockManager: Response to queryId=alex_20240424011740_da677462-f62a-4e73-bd3d-c44e4ea6aa71 LockResponse(lockid:10, state:ACQUIRED)
2024-04-24T01:17:41,092  INFO [main] ql.Driver: Operation QUERY obtained 1 locks
2024-04-24T01:17:41,092  INFO [main] ql.Driver: Executing command(queryId=alex_20240424011740_da677462-f62a-4e73-bd3d-c44e4ea6aa71): insert into tmp  values(3,3,3),(4,4,4)
2024-04-24T01:17:41,093  WARN [main] ql.Driver: Hive-on-MR is deprecated in Hive 2 and may not be available in the future versions. Consider using a different execution engine (i.e. tez, spark) or using Hive 1.X releases.
Query ID = alex_20240424011740_da677462-f62a-4e73-bd3d-c44e4ea6aa71
2024-04-24T01:17:41,093  INFO [main] ql.Driver: Query ID = alex_20240424011740_da677462-f62a-4e73-bd3d-c44e4ea6aa71
Total jobs = 1
2024-04-24T01:17:41,093  INFO [main] ql.Driver: Total jobs = 1
Launching Job 1 out of 1
2024-04-24T01:17:41,093  INFO [main] ql.Driver: Launching Job 1 out of 1
2024-04-24T01:17:41,234  INFO [main] ql.Driver: Starting task [Stage-1:MAPRED] in serial mode
2024-04-24T01:17:41,234  INFO [main] exec.Utilities: Not using thread pool for getContentSummary
2024-04-24T01:17:41,235  INFO [main] exec.Utilities: BytesPerReducer=256000000 maxReducers=1009 totalInputFileSize=1
Number of reduce tasks not specified. Estimated from input data size: 1
2024-04-24T01:17:41,235  INFO [main] exec.Task: Number of reduce tasks not specified. Estimated from input data size: 1
In order to change the average load for a reducer (in bytes):
2024-04-24T01:17:41,235  INFO [main] exec.Task: In order to change the average load for a reducer (in bytes):
  set hive.exec.reducers.bytes.per.reducer=<number>
2024-04-24T01:17:41,235  INFO [main] exec.Task:   set hive.exec.reducers.bytes.per.reducer=<number>
In order to limit the maximum number of reducers:
2024-04-24T01:17:41,235  INFO [main] exec.Task: In order to limit the maximum number of reducers:
  set hive.exec.reducers.max=<number>
2024-04-24T01:17:41,235  INFO [main] exec.Task:   set hive.exec.reducers.max=<number>
In order to set a constant number of reducers:
2024-04-24T01:17:41,235  INFO [main] exec.Task: In order to set a constant number of reducers:
  set mapreduce.job.reduces=<number>
2024-04-24T01:17:41,235  INFO [main] exec.Task:   set mapreduce.job.reduces=<number>
2024-04-24T01:17:41,237  INFO [main] mr.ExecDriver: Using org.apache.hadoop.hive.ql.io.HiveInputFormat
2024-04-24T01:17:41,238  INFO [main] exec.Utilities: Processing alias $hdt$_0:_dummy_table
2024-04-24T01:17:41,238  INFO [main] exec.Utilities: Adding 1 inputs; the first input is file:/home/alex/Repositories/hive/ql/target/tmp/localscratchdir/e200bcba-f0ca-4f02-9e42-4b4d6a93de0f/hive_2024-04-24_01-17-40_863_8185107400926413686-1/dummy_path
2024-04-24T01:17:41,247  INFO [main] exec.SerializationUtilities: Serializing MapWork using kryo
2024-04-24T01:17:41,249  INFO [main] exec.Utilities: Serialized plan (via FILE) - name: null size: 5,09KB
2024-04-24T01:17:41,254  INFO [main] exec.SerializationUtilities: Serializing ReduceWork using kryo
2024-04-24T01:17:41,255  INFO [main] exec.Utilities: Serialized plan (via FILE) - name: null size: 6,46KB
2024-04-24T01:17:41,256  WARN [main] impl.MetricsSystemImpl: JobTracker metrics system already initialized!
2024-04-24T01:17:41,261  INFO [main] fs.FSStatsPublisher: created : file:/home/alex/Repositories/hive/ql/target/tmp/localscratchdir/e200bcba-f0ca-4f02-9e42-4b4d6a93de0f/hive_2024-04-24_01-17-40_863_8185107400926413686-1/-mr-10001
2024-04-24T01:17:41,267  WARN [main] impl.MetricsSystemImpl: JobTracker metrics system already initialized!
2024-04-24T01:17:41,277  WARN [main] mapreduce.JobResourceUploader: Hadoop command-line option parsing not performed. Implement the Tool interface and execute your application with ToolRunner to remedy this.
2024-04-24T01:17:41,282  WARN [main] mapreduce.JobResourceUploader: No job jar file set.  User classes may not be found. See Job or Job#setJar(String).
2024-04-24T01:17:41,284  INFO [main] io.HiveInputFormat: hive.io.file.readcolumn.ids = 
2024-04-24T01:17:41,284  INFO [main] io.HiveInputFormat: hive.io.file.readcolumn.names = 
2024-04-24T01:17:41,284  INFO [main] io.HiveInputFormat: Generating splits for dirs: file:/home/alex/Repositories/hive/ql/target/tmp/localscratchdir/e200bcba-f0ca-4f02-9e42-4b4d6a93de0f/hive_2024-04-24_01-17-40_863_8185107400926413686-1/dummy_path
2024-04-24T01:17:41,284  INFO [main] io.HiveInputFormat: number of splits 1
2024-04-24T01:17:41,306  INFO [main] mapreduce.JobSubmitter: number of splits:1
2024-04-24T01:17:41,333  INFO [main] mapreduce.JobSubmitter: Submitting tokens for job: job_local220213636_0010
2024-04-24T01:17:41,333  INFO [main] mapreduce.JobSubmitter: Executing with tokens: []
2024-04-24T01:17:41,410  INFO [main] mapreduce.Job: The url to track the job: http://localhost:8080/
Job running in-process (local Hadoop)
2024-04-24T01:17:41,410  INFO [main] exec.Task: Job running in-process (local Hadoop)
2024-04-24T01:17:41,411  INFO [Thread-615] mapred.LocalJobRunner: OutputCommitter set in config org.apache.hadoop.hive.ql.io.HiveFileFormatUtils$NullOutputCommitter
2024-04-24T01:17:41,411  INFO [Thread-615] mapred.LocalJobRunner: OutputCommitter is org.apache.hadoop.hive.ql.io.HiveFileFormatUtils$NullOutputCommitter
2024-04-24T01:17:41,412  INFO [Thread-615] mapred.LocalJobRunner: Waiting for map tasks
2024-04-24T01:17:41,412  INFO [LocalJobRunner Map Task Executor #0] mapred.LocalJobRunner: Starting task: attempt_local220213636_0010_m_000000_0
2024-04-24T01:17:41,413  INFO [LocalJobRunner Map Task Executor #0] mapred.Task:  Using ResourceCalculatorProcessTree : [ ]
2024-04-24T01:17:41,413  INFO [LocalJobRunner Map Task Executor #0] mapred.MapTask: Processing split: org.apache.hadoop.hive.ql.io.NullRowsInputFormat:file:/home/alex/Repositories/hive/ql/target/tmp/localscratchdir/e200bcba-f0ca-4f02-9e42-4b4d6a93de0f/hive_2024-04-24_01-17-40_863_8185107400926413686-1/dummy_path/null:0+1
2024-04-24T01:17:41,414  INFO [LocalJobRunner Map Task Executor #0] exec.SerializationUtilities: Deserializing MapWork using kryo
2024-04-24T01:17:41,414  INFO [LocalJobRunner Map Task Executor #0] exec.Utilities: Deserialized plan (via FILE) - name: null size: 5,09KB
2024-04-24T01:17:41,415  INFO [LocalJobRunner Map Task Executor #0] mapred.MapTask: numReduceTasks: 1
2024-04-24T01:17:41,419  INFO [LocalJobRunner Map Task Executor #0] mapred.MapTask: (EQUATOR) 0 kvi 26214396(104857584)
2024-04-24T01:17:41,419  INFO [LocalJobRunner Map Task Executor #0] mapred.MapTask: mapreduce.task.io.sort.mb: 100
2024-04-24T01:17:41,419  INFO [LocalJobRunner Map Task Executor #0] mapred.MapTask: soft limit at 83886080
2024-04-24T01:17:41,419  INFO [LocalJobRunner Map Task Executor #0] mapred.MapTask: bufstart = 0; bufvoid = 104857600
2024-04-24T01:17:41,419  INFO [LocalJobRunner Map Task Executor #0] mapred.MapTask: kvstart = 26214396; length = 6553600
2024-04-24T01:17:41,419  INFO [LocalJobRunner Map Task Executor #0] mapred.MapTask: Map output collector class = org.apache.hadoop.mapred.MapTask$MapOutputBuffer
2024-04-24T01:17:41,420  INFO [LocalJobRunner Map Task Executor #0] exec.MapOperator: Initializing Operator: MAP[0]
2024-04-24T01:17:41,420  INFO [LocalJobRunner Map Task Executor #0] mr.ExecMapper: 
<MAP>Id =0
  <Children>null
  <\Children>
  <Parent><\Parent>
<\MAP>
2024-04-24T01:17:41,421  INFO [LocalJobRunner Map Task Executor #0] exec.TableScanOperator: Initializing Operator: TS[0]
2024-04-24T01:17:41,421  INFO [LocalJobRunner Map Task Executor #0] exec.SelectOperator: Initializing Operator: SEL[1]
2024-04-24T01:17:41,421  INFO [LocalJobRunner Map Task Executor #0] exec.SelectOperator: SELECT null
2024-04-24T01:17:41,421  INFO [LocalJobRunner Map Task Executor #0] exec.UDTFOperator: Initializing Operator: UDTF[2]
2024-04-24T01:17:41,421  INFO [LocalJobRunner Map Task Executor #0] exec.SelectOperator: Initializing Operator: SEL[3]
2024-04-24T01:17:41,421  INFO [LocalJobRunner Map Task Executor #0] exec.SelectOperator: SELECT struct<col1:int,col2:int,col3:int>
2024-04-24T01:17:41,421  INFO [LocalJobRunner Map Task Executor #0] exec.ReduceSinkOperator: Initializing Operator: RS[5]
2024-04-24T01:17:41,421  INFO [LocalJobRunner Map Task Executor #0] exec.ReduceSinkOperator: Using tag = -1
2024-04-24T01:17:41,422  INFO [LocalJobRunner Map Task Executor #0] exec.ReduceSinkOperator: keys are [_col2] num distributions: 1
2024-04-24T01:17:41,422  INFO [LocalJobRunner Map Task Executor #0] exec.ReduceSinkOperator: RS[5]: records written - 1
2024-04-24T01:17:41,422  INFO [LocalJobRunner Map Task Executor #0] exec.MapOperator: MAP[0]: records read - 1
2024-04-24T01:17:41,423  INFO [LocalJobRunner Map Task Executor #0] exec.MapOperator: Closing Operator: MAP[0]
2024-04-24T01:17:41,423  INFO [LocalJobRunner Map Task Executor #0] exec.MapOperator: MAP[0]: Total records read - 3. abort - false
2024-04-24T01:17:41,423  INFO [LocalJobRunner Map Task Executor #0] exec.MapOperator: DESERIALIZE_ERRORS:0, RECORDS_OUT_OPERATOR_MAP_0:0, RECORDS_IN:3, RECORDS_OUT_INTERMEDIATE:0, 
2024-04-24T01:17:41,423  INFO [LocalJobRunner Map Task Executor #0] exec.TableScanOperator: Closing Operator: TS[0]
2024-04-24T01:17:41,423  INFO [LocalJobRunner Map Task Executor #0] exec.TableScanOperator: RECORDS_OUT_INTERMEDIATE:0, RECORDS_OUT_OPERATOR_TS_0:1, 
2024-04-24T01:17:41,423  INFO [LocalJobRunner Map Task Executor #0] exec.SelectOperator: Closing Operator: SEL[1]
2024-04-24T01:17:41,423  INFO [LocalJobRunner Map Task Executor #0] exec.SelectOperator: RECORDS_OUT_OPERATOR_SEL_1:1, RECORDS_OUT_INTERMEDIATE:0, 
2024-04-24T01:17:41,423  INFO [LocalJobRunner Map Task Executor #0] exec.UDTFOperator: Closing Operator: UDTF[2]
2024-04-24T01:17:41,423  INFO [LocalJobRunner Map Task Executor #0] exec.UDTFOperator: RECORDS_OUT_OPERATOR_UDTF_2:2, RECORDS_OUT_INTERMEDIATE:0, 
2024-04-24T01:17:41,423  INFO [LocalJobRunner Map Task Executor #0] exec.SelectOperator: Closing Operator: SEL[3]
2024-04-24T01:17:41,423  INFO [LocalJobRunner Map Task Executor #0] exec.SelectOperator: RECORDS_OUT_OPERATOR_SEL_3:2, RECORDS_OUT_INTERMEDIATE:0, 
2024-04-24T01:17:41,423  INFO [LocalJobRunner Map Task Executor #0] exec.ReduceSinkOperator: Closing Operator: RS[5]
2024-04-24T01:17:41,423  INFO [LocalJobRunner Map Task Executor #0] exec.ReduceSinkOperator: RS[5]: Total records written - 2. abort - false
2024-04-24T01:17:41,423  INFO [LocalJobRunner Map Task Executor #0] exec.ReduceSinkOperator: RECORDS_OUT_OPERATOR_RS_5:2, RECORDS_OUT_INTERMEDIATE:2, 
2024-04-24T01:17:41,424  INFO [LocalJobRunner Map Task Executor #0] mapred.LocalJobRunner: 
2024-04-24T01:17:41,424  INFO [LocalJobRunner Map Task Executor #0] mapred.MapTask: Starting flush of map output
2024-04-24T01:17:41,424  INFO [LocalJobRunner Map Task Executor #0] mapred.MapTask: Spilling map output
2024-04-24T01:17:41,424  INFO [LocalJobRunner Map Task Executor #0] mapred.MapTask: bufstart = 0; bufend = 34; bufvoid = 104857600
2024-04-24T01:17:41,424  INFO [LocalJobRunner Map Task Executor #0] mapred.MapTask: kvstart = 26214396(104857584); kvend = 26214392(104857568); length = 5/6553600
2024-04-24T01:17:41,434  INFO [LocalJobRunner Map Task Executor #0] mapred.MapTask: Finished spill 0
2024-04-24T01:17:41,437  INFO [LocalJobRunner Map Task Executor #0] mapred.Task: Task:attempt_local220213636_0010_m_000000_0 is done. And is in the process of committing
2024-04-24T01:17:41,438  INFO [LocalJobRunner Map Task Executor #0] mapred.LocalJobRunner: map
2024-04-24T01:17:41,438  INFO [LocalJobRunner Map Task Executor #0] mapred.Task: Task 'attempt_local220213636_0010_m_000000_0' done.
2024-04-24T01:17:41,438  INFO [LocalJobRunner Map Task Executor #0] mapred.Task: Final Counters for attempt_local220213636_0010_m_000000_0: Counters: 26
	File System Counters
		FILE: Number of bytes read=148570
		FILE: Number of bytes written=11763214
		FILE: Number of read operations=0
		FILE: Number of large read operations=0
		FILE: Number of write operations=0
	Map-Reduce Framework
		Map input records=4
		Map output records=2
		Map output bytes=34
		Map output materialized bytes=44
		Input split bytes=361
		Combine input records=0
		Spilled Records=2
		Failed Shuffles=0
		Merged Map outputs=0
		GC time elapsed (ms)=0
		Total committed heap usage (bytes)=1087373312
	HIVE
		DESERIALIZE_ERRORS=0
		RECORDS_IN=3
		RECORDS_OUT_INTERMEDIATE=2
		RECORDS_OUT_OPERATOR_MAP_0=0
		RECORDS_OUT_OPERATOR_RS_5=2
		RECORDS_OUT_OPERATOR_SEL_1=1
		RECORDS_OUT_OPERATOR_SEL_3=2
		RECORDS_OUT_OPERATOR_TS_0=1
		RECORDS_OUT_OPERATOR_UDTF_2=2
	File Input Format Counters 
		Bytes Read=5143
2024-04-24T01:17:41,438  INFO [LocalJobRunner Map Task Executor #0] mapred.LocalJobRunner: Finishing task: attempt_local220213636_0010_m_000000_0
2024-04-24T01:17:41,438  INFO [Thread-615] mapred.LocalJobRunner: map task executor complete.
2024-04-24T01:17:41,439  INFO [Thread-615] mapred.LocalJobRunner: Waiting for reduce tasks
2024-04-24T01:17:41,439  INFO [pool-51-thread-1] mapred.LocalJobRunner: Starting task: attempt_local220213636_0010_r_000000_0
2024-04-24T01:17:41,440  INFO [pool-51-thread-1] mapred.Task:  Using ResourceCalculatorProcessTree : [ ]
2024-04-24T01:17:41,440  INFO [pool-51-thread-1] mapred.ReduceTask: Using ShuffleConsumerPlugin: org.apache.hadoop.mapreduce.task.reduce.Shuffle@2c357ebd
2024-04-24T01:17:41,440  WARN [pool-51-thread-1] impl.MetricsSystemImpl: JobTracker metrics system already initialized!
2024-04-24T01:17:41,441  INFO [pool-51-thread-1] reduce.MergeManagerImpl: MergerManager: memoryLimit=1336252800, maxSingleShuffleLimit=334063200, mergeThreshold=881926912, ioSortFactor=10, memToMemMergeOutputsThreshold=10
2024-04-24T01:17:41,441  INFO [EventFetcher for fetching Map Completion Events] reduce.EventFetcher: attempt_local220213636_0010_r_000000_0 Thread started: EventFetcher for fetching Map Completion Events
2024-04-24T01:17:41,442  INFO [localfetcher#7] reduce.LocalFetcher: localfetcher#7 about to shuffle output of map attempt_local220213636_0010_m_000000_0 decomp: 40 len: 44 to MEMORY
2024-04-24T01:17:41,442  INFO [localfetcher#7] reduce.InMemoryMapOutput: Read 40 bytes from map-output for attempt_local220213636_0010_m_000000_0
2024-04-24T01:17:41,443  INFO [localfetcher#7] reduce.MergeManagerImpl: closeInMemoryFile -> map-output of size: 40, inMemoryMapOutputs.size() -> 1, commitMemory -> 0, usedMemory ->40
2024-04-24T01:17:41,443  INFO [EventFetcher for fetching Map Completion Events] reduce.EventFetcher: EventFetcher is interrupted.. Returning
2024-04-24T01:17:41,443  INFO [pool-51-thread-1] mapred.LocalJobRunner: 1 / 1 copied.
2024-04-24T01:17:41,443  INFO [pool-51-thread-1] reduce.MergeManagerImpl: finalMerge called with 1 in-memory map-outputs and 0 on-disk map-outputs
2024-04-24T01:17:41,449  INFO [pool-51-thread-1] mapred.Merger: Merging 1 sorted segments
2024-04-24T01:17:41,449  INFO [pool-51-thread-1] mapred.Merger: Down to the last merge-pass, with 1 segments left of total size: 28 bytes
2024-04-24T01:17:41,452  INFO [pool-51-thread-1] reduce.MergeManagerImpl: Merged 1 segments, 40 bytes to disk to satisfy reduce memory limit
2024-04-24T01:17:41,452  INFO [pool-51-thread-1] reduce.MergeManagerImpl: Merging 1 files, 44 bytes from disk
2024-04-24T01:17:41,452  INFO [pool-51-thread-1] reduce.MergeManagerImpl: Merging 0 segments, 0 bytes from memory into reduce
2024-04-24T01:17:41,452  INFO [pool-51-thread-1] mapred.Merger: Merging 1 sorted segments
2024-04-24T01:17:41,452  INFO [pool-51-thread-1] mapred.Merger: Down to the last merge-pass, with 1 segments left of total size: 28 bytes
2024-04-24T01:17:41,452  INFO [pool-51-thread-1] mapred.LocalJobRunner: 1 / 1 copied.
2024-04-24T01:17:41,453  INFO [pool-51-thread-1] exec.SerializationUtilities: Deserializing ReduceWork using kryo
2024-04-24T01:17:41,453  INFO [pool-51-thread-1] exec.Utilities: Deserialized plan (via FILE) - name: null size: 6,46KB
2024-04-24T01:17:41,455  INFO [pool-51-thread-1] ExecReducer: 
<SEL>Id =6
  <Children>
    <FS>Id =4
      <Children>
      <\Children>
      <Parent>Id = 6 null<\Parent>
    <\FS>
  <\Children>
  <Parent><\Parent>
<\SEL>
2024-04-24T01:17:41,455  INFO [pool-51-thread-1] exec.SelectOperator: Initializing Operator: SEL[6]
2024-04-24T01:17:41,455  INFO [pool-51-thread-1] exec.SelectOperator: SELECT struct<key:struct<_col2:int>,value:struct<_col0:int,_col1:int>>
2024-04-24T01:17:41,455  INFO [pool-51-thread-1] exec.FileSinkOperator: Initializing Operator: FS[4]
2024-04-24T01:17:41,456  INFO [pool-51-thread-1] exec.FileSinkOperator: Using serializer : AbstractSerDe [log=org.apache.logging.slf4j.Log4jLogger@48b320a7, configuration=Optional[Configuration: core-default.xml, core-site.xml, mapred-default.xml, mapred-site.xml, yarn-default.xml, yarn-site.xml, hdfs-default.xml, hdfs-site.xml, file:/home/alex/Repositories/hive/ql/target/tmp/TestTxnNoBuckets/mapred/local/localRunner/alex/job_local220213636_0010/job_local220213636_0010.xml], properties={name=default.tmp, columns.types=int:int, serialization.format=1, columns=c1,c2, columns.comments=&amp#0;, partition_columns.types=int, partition_columns=c3, bucketing_version=2, serialization.lib=org.apache.hadoop.hive.ql.io.orc.OrcSerde, file.inputformat=org.apache.hadoop.hive.ql.io.orc.OrcInputFormat, file.outputformat=org.apache.hadoop.hive.ql.io.orc.OrcOutputFormat, location=file:/home/alex/Repositories/hive/ql/target/tmp/org.apache.hadoop.hive.ql.TestTxnNoBuckets-1713946626176/warehouse/tmp, column.name.delimiter=,}, tableProperties={name=default.tmp, columns.types=int:int, serialization.format=1, columns=c1,c2, columns.comments=&amp#0;, partition_columns.types=int, partition_columns=c3, bucketing_version=2, serialization.lib=org.apache.hadoop.hive.ql.io.orc.OrcSerde, file.inputformat=org.apache.hadoop.hive.ql.io.orc.OrcInputFormat, location=file:/home/alex/Repositories/hive/ql/target/tmp/org.apache.hadoop.hive.ql.TestTxnNoBuckets-1713946626176/warehouse/tmp, file.outputformat=org.apache.hadoop.hive.ql.io.orc.OrcOutputFormat, column.name.delimiter=,}, partitionProperties=Optional.empty, columnNames=[c1, c2], columnTypes=[int, int], getClass()=class org.apache.hadoop.hive.ql.io.orc.OrcSerde] and formatter : org.apache.hadoop.hive.ql.io.orc.OrcOutputFormat@7cff620
2024-04-24T01:17:41,456  INFO [pool-51-thread-1] exec.FileSinkOperator: Final Path: FS file:/home/alex/Repositories/hive/ql/target/tmp/org.apache.hadoop.hive.ql.TestTxnNoBuckets-1713946626176/warehouse/tmp/.hive-staging_hive_2024-04-24_01-17-40_863_8185107400926413686-1/_tmp.-ext-10000/c3=3/000000_0
2024-04-24T01:17:41,456  INFO [pool-51-thread-1] exec.FileSinkOperator: Writing to temp file: FS file:/home/alex/Repositories/hive/ql/target/tmp/org.apache.hadoop.hive.ql.TestTxnNoBuckets-1713946626176/warehouse/tmp/.hive-staging_hive_2024-04-24_01-17-40_863_8185107400926413686-1/_task_tmp.-ext-10000/c3=3/_tmp.000000_0
2024-04-24T01:17:41,456  INFO [pool-51-thread-1] exec.FileSinkOperator: New Final Path: FS file:/home/alex/Repositories/hive/ql/target/tmp/org.apache.hadoop.hive.ql.TestTxnNoBuckets-1713946626176/warehouse/tmp/.hive-staging_hive_2024-04-24_01-17-40_863_8185107400926413686-1/_tmp.-ext-10000/c3=3/000000_0
2024-04-24T01:17:41,456  INFO [pool-51-thread-1] exec.FileSinkOperator: FS[4]: records written - 1
2024-04-24T01:17:41,457  INFO [pool-51-thread-1] impl.PhysicalFsWriter: ORC writer created for path: file:/home/alex/Repositories/hive/ql/target/tmp/org.apache.hadoop.hive.ql.TestTxnNoBuckets-1713946626176/warehouse/tmp/.hive-staging_hive_2024-04-24_01-17-40_863_8185107400926413686-1/_task_tmp.-ext-10000/c3=3/_tmp.000000_0 with stripeSize: 67108864 blockSize: 268435456 compression: Compress: ZLIB buffer: 262144
2024-04-24T01:17:41,466  INFO [pool-51-thread-1] impl.WriterImpl: ORC writer created for path: file:/home/alex/Repositories/hive/ql/target/tmp/org.apache.hadoop.hive.ql.TestTxnNoBuckets-1713946626176/warehouse/tmp/.hive-staging_hive_2024-04-24_01-17-40_863_8185107400926413686-1/_task_tmp.-ext-10000/c3=3/_tmp.000000_0 with stripeSize: 67108864 options: Compress: ZLIB buffer: 262144
2024-04-24T01:17:41,468  INFO [pool-51-thread-1] exec.FileSinkOperator: Final Path: FS file:/home/alex/Repositories/hive/ql/target/tmp/org.apache.hadoop.hive.ql.TestTxnNoBuckets-1713946626176/warehouse/tmp/.hive-staging_hive_2024-04-24_01-17-40_863_8185107400926413686-1/_tmp.-ext-10000/c3=4/000000_0
2024-04-24T01:17:41,468  INFO [pool-51-thread-1] exec.FileSinkOperator: Writing to temp file: FS file:/home/alex/Repositories/hive/ql/target/tmp/org.apache.hadoop.hive.ql.TestTxnNoBuckets-1713946626176/warehouse/tmp/.hive-staging_hive_2024-04-24_01-17-40_863_8185107400926413686-1/_task_tmp.-ext-10000/c3=4/_tmp.000000_0
2024-04-24T01:17:41,468  INFO [pool-51-thread-1] exec.FileSinkOperator: New Final Path: FS file:/home/alex/Repositories/hive/ql/target/tmp/org.apache.hadoop.hive.ql.TestTxnNoBuckets-1713946626176/warehouse/tmp/.hive-staging_hive_2024-04-24_01-17-40_863_8185107400926413686-1/_tmp.-ext-10000/c3=4/000000_0
2024-04-24T01:17:41,470  INFO [pool-51-thread-1] impl.PhysicalFsWriter: ORC writer created for path: file:/home/alex/Repositories/hive/ql/target/tmp/org.apache.hadoop.hive.ql.TestTxnNoBuckets-1713946626176/warehouse/tmp/.hive-staging_hive_2024-04-24_01-17-40_863_8185107400926413686-1/_task_tmp.-ext-10000/c3=4/_tmp.000000_0 with stripeSize: 67108864 blockSize: 268435456 compression: Compress: ZLIB buffer: 262144
2024-04-24T01:17:41,475  INFO [pool-51-thread-1] impl.WriterImpl: ORC writer created for path: file:/home/alex/Repositories/hive/ql/target/tmp/org.apache.hadoop.hive.ql.TestTxnNoBuckets-1713946626176/warehouse/tmp/.hive-staging_hive_2024-04-24_01-17-40_863_8185107400926413686-1/_task_tmp.-ext-10000/c3=4/_tmp.000000_0 with stripeSize: 67108864 options: Compress: ZLIB buffer: 262144
2024-04-24T01:17:41,475  INFO [pool-51-thread-1] exec.SelectOperator: Closing Operator: SEL[6]
2024-04-24T01:17:41,475  INFO [pool-51-thread-1] exec.SelectOperator: RECORDS_OUT_OPERATOR_SEL_6:2, RECORDS_OUT_INTERMEDIATE:0, 
2024-04-24T01:17:41,475  INFO [pool-51-thread-1] exec.FileSinkOperator: Closing Operator: FS[4]
2024-04-24T01:17:41,475  INFO [pool-51-thread-1] exec.FileSinkOperator: FS[4]: records written - 2
2024-04-24T01:17:41,477  INFO [pool-51-thread-1] common.FileUtils: Creating directory if it doesn't exist: file:/home/alex/Repositories/hive/ql/target/tmp/org.apache.hadoop.hive.ql.TestTxnNoBuckets-1713946626176/warehouse/tmp/.hive-staging_hive_2024-04-24_01-17-40_863_8185107400926413686-1/_tmp.-ext-10000/c3=4
2024-04-24T01:17:41,479  INFO [pool-51-thread-1] common.FileUtils: Creating directory if it doesn't exist: file:/home/alex/Repositories/hive/ql/target/tmp/org.apache.hadoop.hive.ql.TestTxnNoBuckets-1713946626176/warehouse/tmp/.hive-staging_hive_2024-04-24_01-17-40_863_8185107400926413686-1/_tmp.-ext-10000/c3=3
2024-04-24T01:17:41,487  INFO [pool-51-thread-1] exec.FileSinkOperator: TOTAL_TABLE_ROWS_WRITTEN:2, RECORDS_OUT_1_default.tmp:2, RECORDS_OUT_INTERMEDIATE:0, RECORDS_OUT_OPERATOR_FS_4:2, 
2024-04-24T01:17:41,487  INFO [pool-51-thread-1] mapred.Task: Task:attempt_local220213636_0010_r_000000_0 is done. And is in the process of committing
2024-04-24T01:17:41,488  INFO [pool-51-thread-1] mapred.LocalJobRunner: reduce > reduce
2024-04-24T01:17:41,488  INFO [pool-51-thread-1] mapred.Task: Task 'attempt_local220213636_0010_r_000000_0' done.
2024-04-24T01:17:41,488  INFO [pool-51-thread-1] mapred.Task: Final Counters for attempt_local220213636_0010_r_000000_0: Counters: 31
	File System Counters
		FILE: Number of bytes read=155211
		FILE: Number of bytes written=11763885
		FILE: Number of read operations=0
		FILE: Number of large read operations=0
		FILE: Number of write operations=0
	Map-Reduce Framework
		Combine input records=0
		Combine output records=0
		Reduce input groups=2
		Reduce shuffle bytes=44
		Reduce input records=2
		Reduce output records=0
		Spilled Records=2
		Shuffled Maps =1
		Failed Shuffles=0
		Merged Map outputs=1
		GC time elapsed (ms)=0
		Total committed heap usage (bytes)=1087373312
	HIVE
		CREATED_DYNAMIC_PARTITIONS=1
		CREATED_FILES=2
		RECORDS_OUT_1_default.tmp=2
		RECORDS_OUT_INTERMEDIATE=0
		RECORDS_OUT_OPERATOR_FS_4=2
		RECORDS_OUT_OPERATOR_SEL_6=2
		TOTAL_TABLE_ROWS_WRITTEN=2
	Shuffle Errors
		BAD_ID=0
		CONNECTION=0
		IO_ERROR=0
		WRONG_LENGTH=0
		WRONG_MAP=0
		WRONG_REDUCE=0
	File Output Format Counters 
		Bytes Written=0
2024-04-24T01:17:41,488  INFO [pool-51-thread-1] mapred.LocalJobRunner: Finishing task: attempt_local220213636_0010_r_000000_0
2024-04-24T01:17:41,488  INFO [Thread-615] mapred.LocalJobRunner: reduce task executor complete.
2024-04-24 01:17:42,412 Stage-1 map = 100%,  reduce = 100%
2024-04-24T01:17:42,412  INFO [main] exec.Task: 2024-04-24 01:17:42,412 Stage-1 map = 100%,  reduce = 100%
Ended Job = job_local220213636_0010
2024-04-24T01:17:42,414  INFO [main] exec.Task: Ended Job = job_local220213636_0010
2024-04-24T01:17:42,417  INFO [main] ql.Driver: Starting task [Stage-0:MOVE] in serial mode
Loading data to table default.tmp partition (c3=null)
2024-04-24T01:17:42,417  INFO [main] exec.Task: Loading data to table default.tmp partition (c3=null) from file:/home/alex/Repositories/hive/ql/target/tmp/org.apache.hadoop.hive.ql.TestTxnNoBuckets-1713946626176/warehouse/tmp/.hive-staging_hive_2024-04-24_01-17-40_863_8185107400926413686-1/-ext-10000
2024-04-24T01:17:42,418  INFO [main] HiveMetaStore.audit: ugi=alex	ip=unknown-ip-addr	cmd=get_table : tbl=hive.default.tmp	
2024-04-24T01:17:42,432  INFO [main] metastore.HMSHandler: Skipping translation for processor with null
2024-04-24T01:17:42,433  INFO [main] exec.MoveTask: Partition is: {c3=null}


2024-04-24T01:17:42,434  INFO [main] exec.Task: 

2024-04-24T01:17:42,434  INFO [main] HiveMetaStore.audit: ugi=alex	ip=unknown-ip-addr	cmd=get_table : tbl=hive.default.tmp	
2024-04-24T01:17:42,448  INFO [main] metastore.HMSHandler: Skipping translation for processor with null
2024-04-24T01:17:42,448  INFO [main] HiveMetaStore.audit: ugi=alex	ip=unknown-ip-addr	cmd=get_table : tbl=hive.default.tmp	
2024-04-24T01:17:42,459  INFO [main] metastore.HMSHandler: Skipping translation for processor with null
2024-04-24T01:17:42,459  INFO [main] HiveMetaStore.audit: ugi=alex	ip=unknown-ip-addr	cmd=get_table : tbl=hive.default.tmp	
2024-04-24T01:17:42,472  INFO [main] metastore.HMSHandler: Skipping translation for processor with null
2024-04-24T01:17:42,472  INFO [main] HiveMetaStore.audit: ugi=alex	ip=unknown-ip-addr	cmd=get_partitions_names_ps : tbl=hive.default.tmp[]	
2024-04-24T01:17:42,488  INFO [main] HiveMetaStore.audit: ugi=alex	ip=unknown-ip-addr	cmd=get_table : tbl=hive.default.tmp	
2024-04-24T01:17:42,500  INFO [main] metastore.HMSHandler: Skipping translation for processor with null
2024-04-24T01:17:42,500  INFO [main] HiveMetaStore.audit: ugi=alex	ip=unknown-ip-addr	cmd=get_partitions_by_names : tbl=hive.default.tmp	
2024-04-24T01:17:42,551  INFO [main] metastore.HMSHandler: Skipping translation for processor with null
2024-04-24T01:17:42,557  INFO [load-dynamic-partitionsToAdd-0] metadata.Hive: New loading path = file:/home/alex/Repositories/hive/ql/target/tmp/org.apache.hadoop.hive.ql.TestTxnNoBuckets-1713946626176/warehouse/tmp/.hive-staging_hive_2024-04-24_01-17-40_863_8185107400926413686-1/-ext-10000/c3=3 withPartSpec {c3=3}
2024-04-24T01:17:42,557  INFO [load-dynamic-partitionsToAdd-1] metadata.Hive: New loading path = file:/home/alex/Repositories/hive/ql/target/tmp/org.apache.hadoop.hive.ql.TestTxnNoBuckets-1713946626176/warehouse/tmp/.hive-staging_hive_2024-04-24_01-17-40_863_8185107400926413686-1/-ext-10000/c3=4 withPartSpec {c3=4}
2024-04-24T01:17:42,558  INFO [load-dynamic-partitionsToAdd-1] metastore.HiveMetaStoreClient: HMS client filtering is enabled.
2024-04-24T01:17:42,559  INFO [load-dynamic-partitionsToAdd-1] metastore.HMSHandler: 5: Opening raw store with implementation class:org.apache.hadoop.hive.metastore.ObjectStore
2024-04-24T01:17:42,559  INFO [load-dynamic-partitionsToAdd-1] metastore.PersistenceManagerProvider: Configuration datanucleus.autoStartMechanismMode is not set. Defaulting to 'ignored'
2024-04-24T01:17:42,560  INFO [load-dynamic-partitionsToAdd-1] metastore.ObjectStore: RawStore: org.apache.hadoop.hive.metastore.ObjectStore@33383d34, with PersistenceManager: null will be shutdown
2024-04-24T01:17:42,560  INFO [load-dynamic-partitionsToAdd-1] metastore.ObjectStore: RawStore: org.apache.hadoop.hive.metastore.ObjectStore@33383d34, with PersistenceManager: org.datanucleus.api.jdo.JDOPersistenceManager@4df3bfc2 created in the thread with id: 750
2024-04-24T01:17:42,589  INFO [load-dynamic-partitionsToAdd-1] metastore.HMSHandler: Created RawStore: org.apache.hadoop.hive.metastore.ObjectStore@33383d34 from thread id: 750
2024-04-24T01:17:42,589  INFO [load-dynamic-partitionsToAdd-1] metastore.HMSHandler: HMS server filtering is disabled by configuration
2024-04-24T01:17:42,589  INFO [load-dynamic-partitionsToAdd-1] metastore.RetryingMetaStoreClient: RetryingMetaStoreClient proxy=class org.apache.hadoop.hive.ql.metadata.SessionHiveMetaStoreClient ugi=alex (auth:SIMPLE) retries=1 delay=1 lifetime=0
2024-04-24T01:17:42,590  INFO [load-dynamic-partitionsToAdd-1] HiveMetaStore.audit: ugi=alex	ip=unknown-ip-addr	cmd=get_database: default	
2024-04-24T01:17:42,595  INFO [load-dynamic-partitionsToAdd-1] common.FileUtils: Creating directory if it doesn't exist: file:/home/alex/Repositories/hive/ql/target/tmp/org.apache.hadoop.hive.ql.TestTxnNoBuckets-1713946626176/warehouse/tmp/c3=4
2024-04-24T01:17:42,600  INFO [load-dynamic-partitionsToAdd-1] HiveMetaStore.audit: ugi=alex	ip=unknown-ip-addr	cmd=Cleaning up thread local RawStore...	
2024-04-24T01:17:42,600  INFO [load-dynamic-partitionsToAdd-1] metastore.ObjectStore: RawStore: org.apache.hadoop.hive.metastore.ObjectStore@33383d34, with PersistenceManager: org.datanucleus.api.jdo.JDOPersistenceManager@4df3bfc2 will be shutdown
2024-04-24T01:17:42,600  INFO [load-dynamic-partitionsToAdd-1] HiveMetaStore.audit: ugi=alex	ip=unknown-ip-addr	cmd=Done cleaning up thread local RawStore	
2024-04-24T01:17:42,600  INFO [load-dynamic-partitionsToAdd-1] metastore.HiveMetaStoreClient: Closed a connection to metastore, current connections: -5
2024-04-24T01:17:42,600  INFO [main] metadata.Hive: Number of partitionsToAdd to be added is 2
2024-04-24T01:17:42,600  INFO [main] HiveMetaStore.audit: ugi=alex	ip=unknown-ip-addr	cmd=add_partitions	
2024-04-24T01:17:42,652  INFO [main] HiveMetaStore.audit: ugi=alex	ip=unknown-ip-addr	cmd=alter_partitions : tbl=hive.default.tmp	
2024-04-24T01:17:42,652  INFO [main] metastore.HMSHandler: New partition values:[3]
2024-04-24T01:17:42,759  INFO [main] metadata.Hive: Loaded 2partitionsToAdd
	 Time taken to load dynamic partitions: 0.325 seconds
2024-04-24T01:17:42,759  INFO [main] exec.Task: 	 Time taken to load dynamic partitions: 0.325 seconds
2024-04-24T01:17:42,759  INFO [main] exec.MoveTask: 	 Time taken to load dynamic partitions: 0.325 seconds
2024-04-24T01:17:42,759  INFO [main] exec.MoveTask: Loading partition {c3=3}
2024-04-24T01:17:42,759  INFO [main] exec.MoveTask: Loading partition {c3=4}
	 Time taken for adding to write entity : 0.0 seconds
2024-04-24T01:17:42,759  INFO [main] exec.Task: 	 Time taken for adding to write entity : 0.0 seconds
2024-04-24T01:17:42,759  INFO [main] ql.Driver: Starting task [Stage-2:STATS] in serial mode
2024-04-24T01:17:42,760  INFO [main] HiveMetaStore.audit: ugi=alex	ip=unknown-ip-addr	cmd=get_table : tbl=hive.default.tmp	
2024-04-24T01:17:42,774  INFO [main] metastore.HMSHandler: Skipping translation for processor with null
2024-04-24T01:17:42,774  INFO [main] stats.BasicStatsTask: Executing stats task
2024-04-24T01:17:42,775  INFO [main] fs.FSStatsPublisher: created : file:/home/alex/Repositories/hive/ql/target/tmp/localscratchdir/e200bcba-f0ca-4f02-9e42-4b4d6a93de0f/hive_2024-04-24_01-17-40_863_8185107400926413686-1/-mr-10001
2024-04-24T01:17:42,776  INFO [main] HiveMetaStore.audit: ugi=alex	ip=unknown-ip-addr	cmd=get_table : tbl=hive.default.tmp	
2024-04-24T01:17:42,786  INFO [main] metastore.HMSHandler: Skipping translation for processor with null
2024-04-24T01:17:42,787  INFO [main] FileOperations: Read stats for default.tmp/c3=3/, numRows, true, 1, false: 
2024-04-24T01:17:42,787  INFO [main] FileOperations: Read stats for default.tmp/c3=3/, rawDataSize, true, 8, false: 
2024-04-24T01:17:42,787  INFO [main] stats.BasicStatsTask: Partition {c3=3} stats: [numFiles=2, numRows=2, totalSize=484, rawDataSize=16, numFilesErasureCoded=0]
2024-04-24T01:17:42,787  INFO [main] FileOperations: Read stats for default.tmp/c3=4/, numRows, true, 1, false: 
2024-04-24T01:17:42,787  INFO [main] FileOperations: Read stats for default.tmp/c3=4/, rawDataSize, true, 8, false: 
2024-04-24T01:17:42,787  INFO [main] stats.BasicStatsTask: Partition {c3=4} stats: [numFiles=1, numRows=1, totalSize=242, rawDataSize=8, numFilesErasureCoded=0]
2024-04-24T01:17:42,787  INFO [main] HiveMetaStore.audit: ugi=alex	ip=unknown-ip-addr	cmd=alter_partitions : tbl=hive.default.tmp	
2024-04-24T01:17:42,787  INFO [main] metastore.HMSHandler: New partition values:[3]
2024-04-24T01:17:42,787  INFO [main] metastore.HMSHandler: New partition values:[4]
2024-04-24T01:17:42,853  INFO [main] metadata.Hive: Dumping metastore api call timing information for : execution phase
2024-04-24T01:17:42,853  INFO [main] metadata.Hive: Total time spent in each metastore function (ms): {alter_partitions_(String, String, String, List, EnvironmentContext, String, long)=107, listPartitionNamesRequest_(GetPartitionNamesPsRequest)=29, getTable_(GetTableRequest)=65, getPartitionsByNames_(String, String, List, boolean, String)=68, add_partitions_(List)=51, isCompatibleWith_(Configuration)=1, alter_partitions_(String, String, List, EnvironmentContext, String, long)=65}
MapReduce Jobs Launched: 
2024-04-24T01:17:42,854  INFO [main] ql.Driver: MapReduce Jobs Launched: 
Stage-Stage-1:  HDFS Read: 0 HDFS Write: 0 SUCCESS
2024-04-24T01:17:42,854  INFO [main] ql.Driver: Stage-Stage-1:  HDFS Read: 0 HDFS Write: 0 SUCCESS
Total MapReduce CPU Time Spent: 0 msec
2024-04-24T01:17:42,854  INFO [main] ql.Driver: Total MapReduce CPU Time Spent: 0 msec
2024-04-24T01:17:42,854  INFO [main] ql.Driver: Completed executing command(queryId=alex_20240424011740_da677462-f62a-4e73-bd3d-c44e4ea6aa71); Time taken: 1.761 seconds
2024-04-24T01:17:42,854  INFO [main] lockmgr.DbTxnManager: Stopped heartbeat for query: alex_20240424011740_da677462-f62a-4e73-bd3d-c44e4ea6aa71
2024-04-24T01:17:42,860  INFO [main] txn.TxnHandler: Expected to move at least one record from txn_components to completed_txn_components when committing txn! txnid:17
2024-04-24T01:17:42,869  INFO [main] txn.TxnHandler: Removed transactions: ([17]) from MIN_HISTORY_LEVEL
2024-04-24T01:17:42,871  WARN [main] txn.CompactionTxnHandler: No compaction queue record found for Compaction type transaction commit. txnId:17
2024-04-24T01:17:42,872  INFO [main] ql.TxnCommandsBaseForTests: Running the query: insert into tmp  values(5,5,5),(6,6,6)
2024-04-24T01:17:42,872  INFO [main] ql.Context: Deleting scratch dir: file:/home/alex/Repositories/hive/ql/target/tmp/org.apache.hadoop.hive.ql.TestTxnNoBuckets-1713946626176/warehouse/tmp/.hive-staging_hive_2024-04-24_01-17-40_863_8185107400926413686-1
2024-04-24T01:17:42,873  INFO [main] cleanup.SyncCleanupService: Deleted directory: file:/home/alex/Repositories/hive/ql/target/tmp/org.apache.hadoop.hive.ql.TestTxnNoBuckets-1713946626176/warehouse/tmp/.hive-staging_hive_2024-04-24_01-17-40_863_8185107400926413686-1 on fs with scheme file
2024-04-24T01:17:42,873  INFO [main] ql.Context: Deleting scratch dir: file:/home/alex/Repositories/hive/ql/target/tmp/localscratchdir/e200bcba-f0ca-4f02-9e42-4b4d6a93de0f/hive_2024-04-24_01-17-40_863_8185107400926413686-1
2024-04-24T01:17:42,874  INFO [main] cleanup.SyncCleanupService: Deleted directory: file:/home/alex/Repositories/hive/ql/target/tmp/localscratchdir/e200bcba-f0ca-4f02-9e42-4b4d6a93de0f/hive_2024-04-24_01-17-40_863_8185107400926413686-1 on fs with scheme file
2024-04-24T01:17:42,874  INFO [main] ql.Driver: Compiling command(queryId=alex_20240424011742_90c5d09b-a607-421c-8389-385312e46f6a): insert into tmp  values(5,5,5),(6,6,6)
2024-04-24T01:17:42,886  INFO [main] txn.TxnHandler: Added entries to MIN_HISTORY_LEVEL for current txns: ([18]) with min_open_txn: 18
2024-04-24T01:17:42,886  INFO [main] lockmgr.DbTxnManager: Opened txnid:18
2024-04-24T01:17:42,889  INFO [main] parse.CalcitePlanner: Starting caching scope for: 
2024-04-24T01:17:42,889  INFO [main] parse.CalcitePlanner: Starting Semantic Analysis
2024-04-24T01:17:42,895  INFO [main] HiveMetaStore.audit: ugi=alex	ip=unknown-ip-addr	cmd=get_table : tbl=hive.default.tmp	
2024-04-24T01:17:42,909  INFO [main] metastore.HMSHandler: Skipping translation for processor with null
2024-04-24T01:17:42,909  INFO [main] parse.CalcitePlanner: Completed phase 1 of Semantic Analysis
2024-04-24T01:17:42,909  INFO [main] parse.CalcitePlanner: Get metadata for source tables
2024-04-24T01:17:42,909  INFO [main] parse.CalcitePlanner: Get metadata for subqueries
2024-04-24T01:17:42,909  INFO [main] parse.CalcitePlanner: Get metadata for destination tables
2024-04-24T01:17:42,909  INFO [main] HiveMetaStore.audit: ugi=alex	ip=unknown-ip-addr	cmd=get_table : tbl=hive.default.tmp	
2024-04-24T01:17:42,926  INFO [main] metastore.HMSHandler: Skipping translation for processor with null
2024-04-24T01:17:42,926  INFO [main] parse.CalcitePlanner: Completed getting MetaData in Semantic Analysis
2024-04-24T01:17:42,926  INFO [main] parse.CalcitePlanner: Disabling LLAP IO encode as ETL query is detected
2024-04-24T01:17:42,950  INFO [main] HiveMetaStore.audit: ugi=alex	ip=unknown-ip-addr	cmd=get_all_table_constraints : tbl=hive._dummy_database._dummy_table	
2024-04-24T01:17:43,054  INFO [main] parse.CalcitePlanner: Get metadata for source tables
2024-04-24T01:17:43,054  INFO [main] parse.CalcitePlanner: Get metadata for subqueries
2024-04-24T01:17:43,054  INFO [main] parse.CalcitePlanner: Get metadata for source tables
2024-04-24T01:17:43,056  INFO [main] HiveMetaStore.audit: ugi=alex	ip=unknown-ip-addr	cmd=get_table : tbl=hive._dummy_database._dummy_table	
2024-04-24T01:17:43,060  INFO [main] parse.CalcitePlanner: Get metadata for subqueries
2024-04-24T01:17:43,060  INFO [main] parse.CalcitePlanner: Get metadata for destination tables
2024-04-24T01:17:43,060  INFO [main] parse.CalcitePlanner: Get metadata for destination tables
2024-04-24T01:17:43,060  INFO [main] HiveMetaStore.audit: ugi=alex	ip=unknown-ip-addr	cmd=get_table : tbl=hive.default.tmp	
2024-04-24T01:17:43,073  INFO [main] metastore.HMSHandler: Skipping translation for processor with null
2024-04-24T01:17:43,076  INFO [main] common.FileUtils: Creating directory if it doesn't exist: file:/home/alex/Repositories/hive/ql/target/tmp/org.apache.hadoop.hive.ql.TestTxnNoBuckets-1713946626176/warehouse/tmp/.hive-staging_hive_2024-04-24_01-17-42_874_4865315069073995867-1
2024-04-24T01:17:43,079  INFO [main] HiveMetaStore.audit: ugi=alex	ip=unknown-ip-addr	cmd=get_not_null_constraints : tbl=hive.default.tmp	
2024-04-24T01:17:43,080  INFO [main] HiveMetaStore.audit: ugi=alex	ip=unknown-ip-addr	cmd=get_check_constraints : tbl=hive.default.tmp	
2024-04-24T01:17:43,082  INFO [main] parse.CalcitePlanner: CBO Succeeded; optimized logical plan.
2024-04-24T01:17:43,086  INFO [main] optimizer.BucketVersionPopulator: not considering bucketingVersion for: TS[0] because it has -1<2 buckets 
2024-04-24T01:17:43,089  INFO [main] optimizer.SortedDynPartitionOptimizer: Sorted dynamic partitioning optimization kicked in..
2024-04-24T01:17:43,090  INFO [main] optimizer.SortedDynPartitionOptimizer: Inserted RS_5 and SEL_6 as parent of FS_4 and child of SEL_3
2024-04-24T01:17:43,103  INFO [main] HiveMetaStore.audit: ugi=alex	ip=unknown-ip-addr	cmd=get_table : tbl=hive.default.tmp	
2024-04-24T01:17:43,114  INFO [main] metastore.HMSHandler: Skipping translation for processor with null
2024-04-24T01:17:43,115  INFO [main] parse.CalcitePlanner: Completed plan generation
2024-04-24T01:17:43,115  INFO [main] parse.CalcitePlanner: Ending caching scope for: 
2024-04-24T01:17:43,115  INFO [main] ql.Driver: Semantic Analysis Completed (retrial = false)
2024-04-24T01:17:43,115  INFO [main] ql.Driver: Created Hive schema: Schema(fieldSchemas:[FieldSchema(name:col1, type:int, comment:null), FieldSchema(name:col2, type:int, comment:null), FieldSchema(name:col3, type:int, comment:null)], properties:null)
2024-04-24T01:17:43,116  INFO [main] metadata.Hive: Dumping metastore api call timing information for : compilation phase
2024-04-24T01:17:43,116  INFO [main] metadata.Hive: Total time spent in each metastore function (ms): {getMetaConf_(String)=0, getTable_(GetTableRequest)=57, flushCache_()=0, getAllTableConstraints_(AllTableConstraintsRequest)=36, getValidWriteIds_(List, String)=5, openTxn_(String, TxnType)=10, getNotNullConstraints_(NotNullConstraintsRequest)=1, isCompatibleWith_(Configuration)=0, commitTxn_(CommitTxnRequest)=18, getValidTxns_(long)=2, getCheckConstraints_(CheckConstraintsRequest)=2}
2024-04-24T01:17:43,116  INFO [main] ql.Driver: Completed compiling command(queryId=alex_20240424011742_90c5d09b-a607-421c-8389-385312e46f6a); Time taken: 0.242 seconds
2024-04-24T01:17:43,117  INFO [main] lockmgr.DbTxnManager: Setting lock request transaction to txnid:18 for queryId=alex_20240424011742_90c5d09b-a607-421c-8389-385312e46f6a
2024-04-24T01:17:43,117  INFO [main] lockmgr.DbLockManager: Requesting lock for queryId=alex_20240424011742_90c5d09b-a607-421c-8389-385312e46f6a
2024-04-24T01:17:43,142  INFO [main] lockmgr.DbLockManager: Response to queryId=alex_20240424011742_90c5d09b-a607-421c-8389-385312e46f6a LockResponse(lockid:11, state:ACQUIRED)
2024-04-24T01:17:43,142  INFO [main] ql.Driver: Operation QUERY obtained 1 locks
2024-04-24T01:17:43,142  INFO [main] ql.Driver: Executing command(queryId=alex_20240424011742_90c5d09b-a607-421c-8389-385312e46f6a): insert into tmp  values(5,5,5),(6,6,6)
2024-04-24T01:17:43,143  WARN [main] ql.Driver: Hive-on-MR is deprecated in Hive 2 and may not be available in the future versions. Consider using a different execution engine (i.e. spark, tez) or using Hive 1.X releases.
Query ID = alex_20240424011742_90c5d09b-a607-421c-8389-385312e46f6a
2024-04-24T01:17:43,143  INFO [main] ql.Driver: Query ID = alex_20240424011742_90c5d09b-a607-421c-8389-385312e46f6a
Total jobs = 1
2024-04-24T01:17:43,143  INFO [main] ql.Driver: Total jobs = 1
Launching Job 1 out of 1
2024-04-24T01:17:43,143  INFO [main] ql.Driver: Launching Job 1 out of 1
2024-04-24T01:17:43,285  INFO [main] ql.Driver: Starting task [Stage-1:MAPRED] in serial mode
2024-04-24T01:17:43,285  INFO [main] exec.Utilities: Not using thread pool for getContentSummary
2024-04-24T01:17:43,287  INFO [main] exec.Utilities: BytesPerReducer=256000000 maxReducers=1009 totalInputFileSize=1
Number of reduce tasks not specified. Estimated from input data size: 1
2024-04-24T01:17:43,287  INFO [main] exec.Task: Number of reduce tasks not specified. Estimated from input data size: 1
In order to change the average load for a reducer (in bytes):
2024-04-24T01:17:43,287  INFO [main] exec.Task: In order to change the average load for a reducer (in bytes):
  set hive.exec.reducers.bytes.per.reducer=<number>
2024-04-24T01:17:43,287  INFO [main] exec.Task:   set hive.exec.reducers.bytes.per.reducer=<number>
In order to limit the maximum number of reducers:
2024-04-24T01:17:43,287  INFO [main] exec.Task: In order to limit the maximum number of reducers:
  set hive.exec.reducers.max=<number>
2024-04-24T01:17:43,287  INFO [main] exec.Task:   set hive.exec.reducers.max=<number>
In order to set a constant number of reducers:
2024-04-24T01:17:43,287  INFO [main] exec.Task: In order to set a constant number of reducers:
  set mapreduce.job.reduces=<number>
2024-04-24T01:17:43,287  INFO [main] exec.Task:   set mapreduce.job.reduces=<number>
2024-04-24T01:17:43,289  INFO [main] mr.ExecDriver: Using org.apache.hadoop.hive.ql.io.HiveInputFormat
2024-04-24T01:17:43,289  INFO [main] exec.Utilities: Processing alias $hdt$_0:_dummy_table
2024-04-24T01:17:43,289  INFO [main] exec.Utilities: Adding 1 inputs; the first input is file:/home/alex/Repositories/hive/ql/target/tmp/localscratchdir/e200bcba-f0ca-4f02-9e42-4b4d6a93de0f/hive_2024-04-24_01-17-42_874_4865315069073995867-1/dummy_path
2024-04-24T01:17:43,299  INFO [main] exec.SerializationUtilities: Serializing MapWork using kryo
2024-04-24T01:17:43,300  INFO [main] exec.Utilities: Serialized plan (via FILE) - name: null size: 5,09KB
2024-04-24T01:17:43,306  INFO [main] exec.SerializationUtilities: Serializing ReduceWork using kryo
2024-04-24T01:17:43,307  INFO [main] exec.Utilities: Serialized plan (via FILE) - name: null size: 6,46KB
2024-04-24T01:17:43,308  WARN [main] impl.MetricsSystemImpl: JobTracker metrics system already initialized!
2024-04-24T01:17:43,313  INFO [main] fs.FSStatsPublisher: created : file:/home/alex/Repositories/hive/ql/target/tmp/localscratchdir/e200bcba-f0ca-4f02-9e42-4b4d6a93de0f/hive_2024-04-24_01-17-42_874_4865315069073995867-1/-mr-10001
2024-04-24T01:17:43,318  WARN [main] impl.MetricsSystemImpl: JobTracker metrics system already initialized!
2024-04-24T01:17:43,327  WARN [main] mapreduce.JobResourceUploader: Hadoop command-line option parsing not performed. Implement the Tool interface and execute your application with ToolRunner to remedy this.
2024-04-24T01:17:43,341  WARN [main] mapreduce.JobResourceUploader: No job jar file set.  User classes may not be found. See Job or Job#setJar(String).
2024-04-24T01:17:43,343  INFO [main] io.HiveInputFormat: hive.io.file.readcolumn.ids = 
2024-04-24T01:17:43,343  INFO [main] io.HiveInputFormat: hive.io.file.readcolumn.names = 
2024-04-24T01:17:43,343  INFO [main] io.HiveInputFormat: Generating splits for dirs: file:/home/alex/Repositories/hive/ql/target/tmp/localscratchdir/e200bcba-f0ca-4f02-9e42-4b4d6a93de0f/hive_2024-04-24_01-17-42_874_4865315069073995867-1/dummy_path
2024-04-24T01:17:43,344  INFO [main] io.HiveInputFormat: number of splits 1
2024-04-24T01:17:43,362  INFO [main] mapreduce.JobSubmitter: number of splits:1
2024-04-24T01:17:43,383  INFO [main] mapreduce.JobSubmitter: Submitting tokens for job: job_local1813806945_0011
2024-04-24T01:17:43,383  INFO [main] mapreduce.JobSubmitter: Executing with tokens: []
2024-04-24T01:17:43,448  INFO [main] mapreduce.Job: The url to track the job: http://localhost:8080/
Job running in-process (local Hadoop)
2024-04-24T01:17:43,448  INFO [main] exec.Task: Job running in-process (local Hadoop)
2024-04-24T01:17:43,449  INFO [Thread-676] mapred.LocalJobRunner: OutputCommitter set in config org.apache.hadoop.hive.ql.io.HiveFileFormatUtils$NullOutputCommitter
2024-04-24T01:17:43,449  INFO [Thread-676] mapred.LocalJobRunner: OutputCommitter is org.apache.hadoop.hive.ql.io.HiveFileFormatUtils$NullOutputCommitter
2024-04-24T01:17:43,450  INFO [Thread-676] mapred.LocalJobRunner: Waiting for map tasks
2024-04-24T01:17:43,450  INFO [LocalJobRunner Map Task Executor #0] mapred.LocalJobRunner: Starting task: attempt_local1813806945_0011_m_000000_0
2024-04-24T01:17:43,450  INFO [LocalJobRunner Map Task Executor #0] mapred.Task:  Using ResourceCalculatorProcessTree : [ ]
2024-04-24T01:17:43,451  INFO [LocalJobRunner Map Task Executor #0] mapred.MapTask: Processing split: org.apache.hadoop.hive.ql.io.NullRowsInputFormat:file:/home/alex/Repositories/hive/ql/target/tmp/localscratchdir/e200bcba-f0ca-4f02-9e42-4b4d6a93de0f/hive_2024-04-24_01-17-42_874_4865315069073995867-1/dummy_path/null:0+1
2024-04-24T01:17:43,451  INFO [LocalJobRunner Map Task Executor #0] exec.SerializationUtilities: Deserializing MapWork using kryo
2024-04-24T01:17:43,452  INFO [LocalJobRunner Map Task Executor #0] exec.Utilities: Deserialized plan (via FILE) - name: null size: 5,09KB
2024-04-24T01:17:43,452  INFO [LocalJobRunner Map Task Executor #0] mapred.MapTask: numReduceTasks: 1
2024-04-24T01:17:43,457  INFO [LocalJobRunner Map Task Executor #0] mapred.MapTask: (EQUATOR) 0 kvi 26214396(104857584)
2024-04-24T01:17:43,457  INFO [LocalJobRunner Map Task Executor #0] mapred.MapTask: mapreduce.task.io.sort.mb: 100
2024-04-24T01:17:43,457  INFO [LocalJobRunner Map Task Executor #0] mapred.MapTask: soft limit at 83886080
2024-04-24T01:17:43,457  INFO [LocalJobRunner Map Task Executor #0] mapred.MapTask: bufstart = 0; bufvoid = 104857600
2024-04-24T01:17:43,457  INFO [LocalJobRunner Map Task Executor #0] mapred.MapTask: kvstart = 26214396; length = 6553600
2024-04-24T01:17:43,457  INFO [LocalJobRunner Map Task Executor #0] mapred.MapTask: Map output collector class = org.apache.hadoop.mapred.MapTask$MapOutputBuffer
2024-04-24T01:17:43,458  INFO [LocalJobRunner Map Task Executor #0] exec.MapOperator: Initializing Operator: MAP[0]
2024-04-24T01:17:43,458  INFO [LocalJobRunner Map Task Executor #0] mr.ExecMapper: 
<MAP>Id =0
  <Children>null
  <\Children>
  <Parent><\Parent>
<\MAP>
2024-04-24T01:17:43,459  INFO [LocalJobRunner Map Task Executor #0] exec.TableScanOperator: Initializing Operator: TS[0]
2024-04-24T01:17:43,459  INFO [LocalJobRunner Map Task Executor #0] exec.SelectOperator: Initializing Operator: SEL[1]
2024-04-24T01:17:43,459  INFO [LocalJobRunner Map Task Executor #0] exec.SelectOperator: SELECT null
2024-04-24T01:17:43,459  INFO [LocalJobRunner Map Task Executor #0] exec.UDTFOperator: Initializing Operator: UDTF[2]
2024-04-24T01:17:43,459  INFO [LocalJobRunner Map Task Executor #0] exec.SelectOperator: Initializing Operator: SEL[3]
2024-04-24T01:17:43,459  INFO [LocalJobRunner Map Task Executor #0] exec.SelectOperator: SELECT struct<col1:int,col2:int,col3:int>
2024-04-24T01:17:43,459  INFO [LocalJobRunner Map Task Executor #0] exec.ReduceSinkOperator: Initializing Operator: RS[5]
2024-04-24T01:17:43,459  INFO [LocalJobRunner Map Task Executor #0] exec.ReduceSinkOperator: Using tag = -1
2024-04-24T01:17:43,460  INFO [LocalJobRunner Map Task Executor #0] exec.ReduceSinkOperator: keys are [_col2] num distributions: 1
2024-04-24T01:17:43,460  INFO [LocalJobRunner Map Task Executor #0] exec.ReduceSinkOperator: RS[5]: records written - 1
2024-04-24T01:17:43,460  INFO [LocalJobRunner Map Task Executor #0] exec.MapOperator: MAP[0]: records read - 1
2024-04-24T01:17:43,460  INFO [LocalJobRunner Map Task Executor #0] exec.MapOperator: Closing Operator: MAP[0]
2024-04-24T01:17:43,460  INFO [LocalJobRunner Map Task Executor #0] exec.MapOperator: MAP[0]: Total records read - 3. abort - false
2024-04-24T01:17:43,460  INFO [LocalJobRunner Map Task Executor #0] exec.MapOperator: DESERIALIZE_ERRORS:0, RECORDS_OUT_INTERMEDIATE:0, RECORDS_IN:3, RECORDS_OUT_OPERATOR_MAP_0:0, 
2024-04-24T01:17:43,460  INFO [LocalJobRunner Map Task Executor #0] exec.TableScanOperator: Closing Operator: TS[0]
2024-04-24T01:17:43,460  INFO [LocalJobRunner Map Task Executor #0] exec.TableScanOperator: RECORDS_OUT_INTERMEDIATE:0, RECORDS_OUT_OPERATOR_TS_0:1, 
2024-04-24T01:17:43,460  INFO [LocalJobRunner Map Task Executor #0] exec.SelectOperator: Closing Operator: SEL[1]
2024-04-24T01:17:43,461  INFO [LocalJobRunner Map Task Executor #0] exec.SelectOperator: RECORDS_OUT_OPERATOR_SEL_1:1, RECORDS_OUT_INTERMEDIATE:0, 
2024-04-24T01:17:43,461  INFO [LocalJobRunner Map Task Executor #0] exec.UDTFOperator: Closing Operator: UDTF[2]
2024-04-24T01:17:43,461  INFO [LocalJobRunner Map Task Executor #0] exec.UDTFOperator: RECORDS_OUT_INTERMEDIATE:0, RECORDS_OUT_OPERATOR_UDTF_2:2, 
2024-04-24T01:17:43,461  INFO [LocalJobRunner Map Task Executor #0] exec.SelectOperator: Closing Operator: SEL[3]
2024-04-24T01:17:43,461  INFO [LocalJobRunner Map Task Executor #0] exec.SelectOperator: RECORDS_OUT_OPERATOR_SEL_3:2, RECORDS_OUT_INTERMEDIATE:0, 
2024-04-24T01:17:43,461  INFO [LocalJobRunner Map Task Executor #0] exec.ReduceSinkOperator: Closing Operator: RS[5]
2024-04-24T01:17:43,461  INFO [LocalJobRunner Map Task Executor #0] exec.ReduceSinkOperator: RS[5]: Total records written - 2. abort - false
2024-04-24T01:17:43,461  INFO [LocalJobRunner Map Task Executor #0] exec.ReduceSinkOperator: RECORDS_OUT_INTERMEDIATE:2, RECORDS_OUT_OPERATOR_RS_5:2, 
2024-04-24T01:17:43,461  INFO [LocalJobRunner Map Task Executor #0] mapred.LocalJobRunner: 
2024-04-24T01:17:43,461  INFO [LocalJobRunner Map Task Executor #0] mapred.MapTask: Starting flush of map output
2024-04-24T01:17:43,461  INFO [LocalJobRunner Map Task Executor #0] mapred.MapTask: Spilling map output
2024-04-24T01:17:43,461  INFO [LocalJobRunner Map Task Executor #0] mapred.MapTask: bufstart = 0; bufend = 34; bufvoid = 104857600
2024-04-24T01:17:43,461  INFO [LocalJobRunner Map Task Executor #0] mapred.MapTask: kvstart = 26214396(104857584); kvend = 26214392(104857568); length = 5/6553600
2024-04-24T01:17:43,473  INFO [LocalJobRunner Map Task Executor #0] mapred.MapTask: Finished spill 0
2024-04-24T01:17:43,475  INFO [LocalJobRunner Map Task Executor #0] mapred.Task: Task:attempt_local1813806945_0011_m_000000_0 is done. And is in the process of committing
2024-04-24T01:17:43,476  INFO [LocalJobRunner Map Task Executor #0] mapred.LocalJobRunner: map
2024-04-24T01:17:43,476  INFO [LocalJobRunner Map Task Executor #0] mapred.Task: Task 'attempt_local1813806945_0011_m_000000_0' done.
2024-04-24T01:17:43,476  INFO [LocalJobRunner Map Task Executor #0] mapred.Task: Final Counters for attempt_local1813806945_0011_m_000000_0: Counters: 26
	File System Counters
		FILE: Number of bytes read=160882
		FILE: Number of bytes written=12945722
		FILE: Number of read operations=0
		FILE: Number of large read operations=0
		FILE: Number of write operations=0
	Map-Reduce Framework
		Map input records=4
		Map output records=2
		Map output bytes=34
		Map output materialized bytes=44
		Input split bytes=361
		Combine input records=0
		Spilled Records=2
		Failed Shuffles=0
		Merged Map outputs=0
		GC time elapsed (ms)=0
		Total committed heap usage (bytes)=1087897600
	HIVE
		DESERIALIZE_ERRORS=0
		RECORDS_IN=3
		RECORDS_OUT_INTERMEDIATE=2
		RECORDS_OUT_OPERATOR_MAP_0=0
		RECORDS_OUT_OPERATOR_RS_5=2
		RECORDS_OUT_OPERATOR_SEL_1=1
		RECORDS_OUT_OPERATOR_SEL_3=2
		RECORDS_OUT_OPERATOR_TS_0=1
		RECORDS_OUT_OPERATOR_UDTF_2=2
	File Input Format Counters 
		Bytes Read=5143
2024-04-24T01:17:43,476  INFO [LocalJobRunner Map Task Executor #0] mapred.LocalJobRunner: Finishing task: attempt_local1813806945_0011_m_000000_0
2024-04-24T01:17:43,476  INFO [Thread-676] mapred.LocalJobRunner: map task executor complete.
2024-04-24T01:17:43,477  INFO [Thread-676] mapred.LocalJobRunner: Waiting for reduce tasks
2024-04-24T01:17:43,477  INFO [pool-60-thread-1] mapred.LocalJobRunner: Starting task: attempt_local1813806945_0011_r_000000_0
2024-04-24T01:17:43,478  INFO [pool-60-thread-1] mapred.Task:  Using ResourceCalculatorProcessTree : [ ]
2024-04-24T01:17:43,478  INFO [pool-60-thread-1] mapred.ReduceTask: Using ShuffleConsumerPlugin: org.apache.hadoop.mapreduce.task.reduce.Shuffle@1fdea4d6
2024-04-24T01:17:43,478  WARN [pool-60-thread-1] impl.MetricsSystemImpl: JobTracker metrics system already initialized!
2024-04-24T01:17:43,479  INFO [pool-60-thread-1] reduce.MergeManagerImpl: MergerManager: memoryLimit=1336252800, maxSingleShuffleLimit=334063200, mergeThreshold=881926912, ioSortFactor=10, memToMemMergeOutputsThreshold=10
2024-04-24T01:17:43,480  INFO [EventFetcher for fetching Map Completion Events] reduce.EventFetcher: attempt_local1813806945_0011_r_000000_0 Thread started: EventFetcher for fetching Map Completion Events
2024-04-24T01:17:43,481  INFO [localfetcher#8] reduce.LocalFetcher: localfetcher#8 about to shuffle output of map attempt_local1813806945_0011_m_000000_0 decomp: 40 len: 44 to MEMORY
2024-04-24T01:17:43,481  INFO [localfetcher#8] reduce.InMemoryMapOutput: Read 40 bytes from map-output for attempt_local1813806945_0011_m_000000_0
2024-04-24T01:17:43,481  INFO [localfetcher#8] reduce.MergeManagerImpl: closeInMemoryFile -> map-output of size: 40, inMemoryMapOutputs.size() -> 1, commitMemory -> 0, usedMemory ->40
2024-04-24T01:17:43,481  INFO [EventFetcher for fetching Map Completion Events] reduce.EventFetcher: EventFetcher is interrupted.. Returning
2024-04-24T01:17:43,482  INFO [pool-60-thread-1] mapred.LocalJobRunner: 1 / 1 copied.
2024-04-24T01:17:43,482  INFO [pool-60-thread-1] reduce.MergeManagerImpl: finalMerge called with 1 in-memory map-outputs and 0 on-disk map-outputs
2024-04-24T01:17:43,487  INFO [pool-60-thread-1] mapred.Merger: Merging 1 sorted segments
2024-04-24T01:17:43,487  INFO [pool-60-thread-1] mapred.Merger: Down to the last merge-pass, with 1 segments left of total size: 28 bytes
2024-04-24T01:17:43,490  INFO [pool-60-thread-1] reduce.MergeManagerImpl: Merged 1 segments, 40 bytes to disk to satisfy reduce memory limit
2024-04-24T01:17:43,490  INFO [pool-60-thread-1] reduce.MergeManagerImpl: Merging 1 files, 44 bytes from disk
2024-04-24T01:17:43,490  INFO [pool-60-thread-1] reduce.MergeManagerImpl: Merging 0 segments, 0 bytes from memory into reduce
2024-04-24T01:17:43,490  INFO [pool-60-thread-1] mapred.Merger: Merging 1 sorted segments
2024-04-24T01:17:43,490  INFO [pool-60-thread-1] mapred.Merger: Down to the last merge-pass, with 1 segments left of total size: 28 bytes
2024-04-24T01:17:43,490  INFO [pool-60-thread-1] mapred.LocalJobRunner: 1 / 1 copied.
2024-04-24T01:17:43,491  INFO [pool-60-thread-1] exec.SerializationUtilities: Deserializing ReduceWork using kryo
2024-04-24T01:17:43,491  INFO [pool-60-thread-1] exec.Utilities: Deserialized plan (via FILE) - name: null size: 6,46KB
2024-04-24T01:17:43,492  INFO [pool-60-thread-1] ExecReducer: 
<SEL>Id =6
  <Children>
    <FS>Id =4
      <Children>
      <\Children>
      <Parent>Id = 6 null<\Parent>
    <\FS>
  <\Children>
  <Parent><\Parent>
<\SEL>
2024-04-24T01:17:43,492  INFO [pool-60-thread-1] exec.SelectOperator: Initializing Operator: SEL[6]
2024-04-24T01:17:43,492  INFO [pool-60-thread-1] exec.SelectOperator: SELECT struct<key:struct<_col2:int>,value:struct<_col0:int,_col1:int>>
2024-04-24T01:17:43,492  INFO [pool-60-thread-1] exec.FileSinkOperator: Initializing Operator: FS[4]
2024-04-24T01:17:43,493  INFO [pool-60-thread-1] exec.FileSinkOperator: Using serializer : AbstractSerDe [log=org.apache.logging.slf4j.Log4jLogger@48b320a7, configuration=Optional[Configuration: core-default.xml, core-site.xml, mapred-default.xml, mapred-site.xml, yarn-default.xml, yarn-site.xml, hdfs-default.xml, hdfs-site.xml, file:/home/alex/Repositories/hive/ql/target/tmp/TestTxnNoBuckets/mapred/local/localRunner/alex/job_local1813806945_0011/job_local1813806945_0011.xml], properties={name=default.tmp, columns.types=int:int, serialization.format=1, columns=c1,c2, columns.comments=&amp#0;, partition_columns.types=int, partition_columns=c3, bucketing_version=2, serialization.lib=org.apache.hadoop.hive.ql.io.orc.OrcSerde, file.inputformat=org.apache.hadoop.hive.ql.io.orc.OrcInputFormat, file.outputformat=org.apache.hadoop.hive.ql.io.orc.OrcOutputFormat, location=file:/home/alex/Repositories/hive/ql/target/tmp/org.apache.hadoop.hive.ql.TestTxnNoBuckets-1713946626176/warehouse/tmp, column.name.delimiter=,}, tableProperties={name=default.tmp, columns.types=int:int, serialization.format=1, columns=c1,c2, columns.comments=&amp#0;, partition_columns.types=int, partition_columns=c3, bucketing_version=2, serialization.lib=org.apache.hadoop.hive.ql.io.orc.OrcSerde, file.inputformat=org.apache.hadoop.hive.ql.io.orc.OrcInputFormat, location=file:/home/alex/Repositories/hive/ql/target/tmp/org.apache.hadoop.hive.ql.TestTxnNoBuckets-1713946626176/warehouse/tmp, file.outputformat=org.apache.hadoop.hive.ql.io.orc.OrcOutputFormat, column.name.delimiter=,}, partitionProperties=Optional.empty, columnNames=[c1, c2], columnTypes=[int, int], getClass()=class org.apache.hadoop.hive.ql.io.orc.OrcSerde] and formatter : org.apache.hadoop.hive.ql.io.orc.OrcOutputFormat@5942656e
2024-04-24T01:17:43,494  INFO [pool-60-thread-1] exec.FileSinkOperator: Final Path: FS file:/home/alex/Repositories/hive/ql/target/tmp/org.apache.hadoop.hive.ql.TestTxnNoBuckets-1713946626176/warehouse/tmp/.hive-staging_hive_2024-04-24_01-17-42_874_4865315069073995867-1/_tmp.-ext-10000/c3=5/000000_0
2024-04-24T01:17:43,494  INFO [pool-60-thread-1] exec.FileSinkOperator: Writing to temp file: FS file:/home/alex/Repositories/hive/ql/target/tmp/org.apache.hadoop.hive.ql.TestTxnNoBuckets-1713946626176/warehouse/tmp/.hive-staging_hive_2024-04-24_01-17-42_874_4865315069073995867-1/_task_tmp.-ext-10000/c3=5/_tmp.000000_0
2024-04-24T01:17:43,494  INFO [pool-60-thread-1] exec.FileSinkOperator: New Final Path: FS file:/home/alex/Repositories/hive/ql/target/tmp/org.apache.hadoop.hive.ql.TestTxnNoBuckets-1713946626176/warehouse/tmp/.hive-staging_hive_2024-04-24_01-17-42_874_4865315069073995867-1/_tmp.-ext-10000/c3=5/000000_0
2024-04-24T01:17:43,499  INFO [pool-60-thread-1] exec.FileSinkOperator: FS[4]: records written - 1
2024-04-24T01:17:43,499  INFO [pool-60-thread-1] impl.PhysicalFsWriter: ORC writer created for path: file:/home/alex/Repositories/hive/ql/target/tmp/org.apache.hadoop.hive.ql.TestTxnNoBuckets-1713946626176/warehouse/tmp/.hive-staging_hive_2024-04-24_01-17-42_874_4865315069073995867-1/_task_tmp.-ext-10000/c3=5/_tmp.000000_0 with stripeSize: 67108864 blockSize: 268435456 compression: Compress: ZLIB buffer: 262144
2024-04-24T01:17:43,504  INFO [pool-60-thread-1] impl.WriterImpl: ORC writer created for path: file:/home/alex/Repositories/hive/ql/target/tmp/org.apache.hadoop.hive.ql.TestTxnNoBuckets-1713946626176/warehouse/tmp/.hive-staging_hive_2024-04-24_01-17-42_874_4865315069073995867-1/_task_tmp.-ext-10000/c3=5/_tmp.000000_0 with stripeSize: 67108864 options: Compress: ZLIB buffer: 262144
2024-04-24T01:17:43,505  INFO [pool-60-thread-1] exec.FileSinkOperator: Final Path: FS file:/home/alex/Repositories/hive/ql/target/tmp/org.apache.hadoop.hive.ql.TestTxnNoBuckets-1713946626176/warehouse/tmp/.hive-staging_hive_2024-04-24_01-17-42_874_4865315069073995867-1/_tmp.-ext-10000/c3=6/000000_0
2024-04-24T01:17:43,505  INFO [pool-60-thread-1] exec.FileSinkOperator: Writing to temp file: FS file:/home/alex/Repositories/hive/ql/target/tmp/org.apache.hadoop.hive.ql.TestTxnNoBuckets-1713946626176/warehouse/tmp/.hive-staging_hive_2024-04-24_01-17-42_874_4865315069073995867-1/_task_tmp.-ext-10000/c3=6/_tmp.000000_0
2024-04-24T01:17:43,505  INFO [pool-60-thread-1] exec.FileSinkOperator: New Final Path: FS file:/home/alex/Repositories/hive/ql/target/tmp/org.apache.hadoop.hive.ql.TestTxnNoBuckets-1713946626176/warehouse/tmp/.hive-staging_hive_2024-04-24_01-17-42_874_4865315069073995867-1/_tmp.-ext-10000/c3=6/000000_0
2024-04-24T01:17:43,508  INFO [pool-60-thread-1] impl.PhysicalFsWriter: ORC writer created for path: file:/home/alex/Repositories/hive/ql/target/tmp/org.apache.hadoop.hive.ql.TestTxnNoBuckets-1713946626176/warehouse/tmp/.hive-staging_hive_2024-04-24_01-17-42_874_4865315069073995867-1/_task_tmp.-ext-10000/c3=6/_tmp.000000_0 with stripeSize: 67108864 blockSize: 268435456 compression: Compress: ZLIB buffer: 262144
2024-04-24T01:17:43,513  INFO [pool-60-thread-1] impl.WriterImpl: ORC writer created for path: file:/home/alex/Repositories/hive/ql/target/tmp/org.apache.hadoop.hive.ql.TestTxnNoBuckets-1713946626176/warehouse/tmp/.hive-staging_hive_2024-04-24_01-17-42_874_4865315069073995867-1/_task_tmp.-ext-10000/c3=6/_tmp.000000_0 with stripeSize: 67108864 options: Compress: ZLIB buffer: 262144
2024-04-24T01:17:43,513  INFO [pool-60-thread-1] exec.SelectOperator: Closing Operator: SEL[6]
2024-04-24T01:17:43,513  INFO [pool-60-thread-1] exec.SelectOperator: RECORDS_OUT_OPERATOR_SEL_6:2, RECORDS_OUT_INTERMEDIATE:0, 
2024-04-24T01:17:43,513  INFO [pool-60-thread-1] exec.FileSinkOperator: Closing Operator: FS[4]
2024-04-24T01:17:43,513  INFO [pool-60-thread-1] exec.FileSinkOperator: FS[4]: records written - 2
2024-04-24T01:17:43,515  INFO [pool-60-thread-1] common.FileUtils: Creating directory if it doesn't exist: file:/home/alex/Repositories/hive/ql/target/tmp/org.apache.hadoop.hive.ql.TestTxnNoBuckets-1713946626176/warehouse/tmp/.hive-staging_hive_2024-04-24_01-17-42_874_4865315069073995867-1/_tmp.-ext-10000/c3=6
2024-04-24T01:17:43,518  INFO [pool-60-thread-1] common.FileUtils: Creating directory if it doesn't exist: file:/home/alex/Repositories/hive/ql/target/tmp/org.apache.hadoop.hive.ql.TestTxnNoBuckets-1713946626176/warehouse/tmp/.hive-staging_hive_2024-04-24_01-17-42_874_4865315069073995867-1/_tmp.-ext-10000/c3=5
2024-04-24T01:17:43,527  INFO [pool-60-thread-1] exec.FileSinkOperator: RECORDS_OUT_1_default.tmp:2, TOTAL_TABLE_ROWS_WRITTEN:2, RECORDS_OUT_INTERMEDIATE:0, RECORDS_OUT_OPERATOR_FS_4:2, 
2024-04-24T01:17:43,527  INFO [pool-60-thread-1] mapred.Task: Task:attempt_local1813806945_0011_r_000000_0 is done. And is in the process of committing
2024-04-24T01:17:43,528  INFO [pool-60-thread-1] mapred.LocalJobRunner: reduce > reduce
2024-04-24T01:17:43,528  INFO [pool-60-thread-1] mapred.Task: Task 'attempt_local1813806945_0011_r_000000_0' done.
2024-04-24T01:17:43,528  INFO [pool-60-thread-1] mapred.Task: Final Counters for attempt_local1813806945_0011_r_000000_0: Counters: 31
	File System Counters
		FILE: Number of bytes read=167523
		FILE: Number of bytes written=12946393
		FILE: Number of read operations=0
		FILE: Number of large read operations=0
		FILE: Number of write operations=0
	Map-Reduce Framework
		Combine input records=0
		Combine output records=0
		Reduce input groups=2
		Reduce shuffle bytes=44
		Reduce input records=2
		Reduce output records=0
		Spilled Records=2
		Shuffled Maps =1
		Failed Shuffles=0
		Merged Map outputs=1
		GC time elapsed (ms)=0
		Total committed heap usage (bytes)=1087897600
	HIVE
		CREATED_DYNAMIC_PARTITIONS=2
		CREATED_FILES=2
		RECORDS_OUT_1_default.tmp=2
		RECORDS_OUT_INTERMEDIATE=0
		RECORDS_OUT_OPERATOR_FS_4=2
		RECORDS_OUT_OPERATOR_SEL_6=2
		TOTAL_TABLE_ROWS_WRITTEN=2
	Shuffle Errors
		BAD_ID=0
		CONNECTION=0
		IO_ERROR=0
		WRONG_LENGTH=0
		WRONG_MAP=0
		WRONG_REDUCE=0
	File Output Format Counters 
		Bytes Written=0
2024-04-24T01:17:43,528  INFO [pool-60-thread-1] mapred.LocalJobRunner: Finishing task: attempt_local1813806945_0011_r_000000_0
2024-04-24T01:17:43,528  INFO [Thread-676] mapred.LocalJobRunner: reduce task executor complete.
2024-04-24 01:17:44,450 Stage-1 map = 100%,  reduce = 100%
2024-04-24T01:17:44,450  INFO [main] exec.Task: 2024-04-24 01:17:44,450 Stage-1 map = 100%,  reduce = 100%
Ended Job = job_local1813806945_0011
2024-04-24T01:17:44,450  INFO [main] exec.Task: Ended Job = job_local1813806945_0011
2024-04-24T01:17:44,453  INFO [main] ql.Driver: Starting task [Stage-0:MOVE] in serial mode
Loading data to table default.tmp partition (c3=null)
2024-04-24T01:17:44,454  INFO [main] exec.Task: Loading data to table default.tmp partition (c3=null) from file:/home/alex/Repositories/hive/ql/target/tmp/org.apache.hadoop.hive.ql.TestTxnNoBuckets-1713946626176/warehouse/tmp/.hive-staging_hive_2024-04-24_01-17-42_874_4865315069073995867-1/-ext-10000
2024-04-24T01:17:44,454  INFO [main] HiveMetaStore.audit: ugi=alex	ip=unknown-ip-addr	cmd=get_table : tbl=hive.default.tmp	
2024-04-24T01:17:44,470  INFO [main] metastore.HMSHandler: Skipping translation for processor with null
2024-04-24T01:17:44,470  INFO [main] exec.MoveTask: Partition is: {c3=null}


2024-04-24T01:17:44,472  INFO [main] exec.Task: 

2024-04-24T01:17:44,472  INFO [main] HiveMetaStore.audit: ugi=alex	ip=unknown-ip-addr	cmd=get_table : tbl=hive.default.tmp	
2024-04-24T01:17:44,488  INFO [main] metastore.HMSHandler: Skipping translation for processor with null
2024-04-24T01:17:44,489  INFO [main] HiveMetaStore.audit: ugi=alex	ip=unknown-ip-addr	cmd=get_table : tbl=hive.default.tmp	
2024-04-24T01:17:44,506  INFO [main] metastore.HMSHandler: Skipping translation for processor with null
2024-04-24T01:17:44,507  INFO [main] HiveMetaStore.audit: ugi=alex	ip=unknown-ip-addr	cmd=get_table : tbl=hive.default.tmp	
2024-04-24T01:17:44,519  INFO [main] metastore.HMSHandler: Skipping translation for processor with null
2024-04-24T01:17:44,519  INFO [main] HiveMetaStore.audit: ugi=alex	ip=unknown-ip-addr	cmd=get_partitions_names_ps : tbl=hive.default.tmp[]	
2024-04-24T01:17:44,536  INFO [main] HiveMetaStore.audit: ugi=alex	ip=unknown-ip-addr	cmd=get_table : tbl=hive.default.tmp	
2024-04-24T01:17:44,548  INFO [main] metastore.HMSHandler: Skipping translation for processor with null
2024-04-24T01:17:44,549  INFO [main] HiveMetaStore.audit: ugi=alex	ip=unknown-ip-addr	cmd=get_partitions_by_names : tbl=hive.default.tmp	
2024-04-24T01:17:44,597  INFO [main] metastore.HMSHandler: Skipping translation for processor with null
2024-04-24T01:17:44,604  INFO [load-dynamic-partitionsToAdd-0] metadata.Hive: New loading path = file:/home/alex/Repositories/hive/ql/target/tmp/org.apache.hadoop.hive.ql.TestTxnNoBuckets-1713946626176/warehouse/tmp/.hive-staging_hive_2024-04-24_01-17-42_874_4865315069073995867-1/-ext-10000/c3=6 withPartSpec {c3=6}
2024-04-24T01:17:44,604  INFO [load-dynamic-partitionsToAdd-1] metadata.Hive: New loading path = file:/home/alex/Repositories/hive/ql/target/tmp/org.apache.hadoop.hive.ql.TestTxnNoBuckets-1713946626176/warehouse/tmp/.hive-staging_hive_2024-04-24_01-17-42_874_4865315069073995867-1/-ext-10000/c3=5 withPartSpec {c3=5}
2024-04-24T01:17:44,606  INFO [load-dynamic-partitionsToAdd-1] metastore.HiveMetaStoreClient: HMS client filtering is enabled.
2024-04-24T01:17:44,606  INFO [load-dynamic-partitionsToAdd-0] metastore.HiveMetaStoreClient: HMS client filtering is enabled.
2024-04-24T01:17:44,607  INFO [load-dynamic-partitionsToAdd-0] metastore.HMSHandler: 7: Opening raw store with implementation class:org.apache.hadoop.hive.metastore.ObjectStore
2024-04-24T01:17:44,607  INFO [load-dynamic-partitionsToAdd-1] metastore.HMSHandler: 6: Opening raw store with implementation class:org.apache.hadoop.hive.metastore.ObjectStore
2024-04-24T01:17:44,607  INFO [load-dynamic-partitionsToAdd-0] metastore.PersistenceManagerProvider: Configuration datanucleus.autoStartMechanismMode is not set. Defaulting to 'ignored'
2024-04-24T01:17:44,607  INFO [load-dynamic-partitionsToAdd-1] metastore.PersistenceManagerProvider: Configuration datanucleus.autoStartMechanismMode is not set. Defaulting to 'ignored'
2024-04-24T01:17:44,608  INFO [load-dynamic-partitionsToAdd-0] metastore.ObjectStore: RawStore: org.apache.hadoop.hive.metastore.ObjectStore@38e582cd, with PersistenceManager: null will be shutdown
2024-04-24T01:17:44,608  INFO [load-dynamic-partitionsToAdd-0] metastore.ObjectStore: RawStore: org.apache.hadoop.hive.metastore.ObjectStore@38e582cd, with PersistenceManager: org.datanucleus.api.jdo.JDOPersistenceManager@206a55b5 created in the thread with id: 823
2024-04-24T01:17:44,608  INFO [load-dynamic-partitionsToAdd-1] metastore.ObjectStore: RawStore: org.apache.hadoop.hive.metastore.ObjectStore@ad9ca87, with PersistenceManager: null will be shutdown
2024-04-24T01:17:44,609  INFO [load-dynamic-partitionsToAdd-1] metastore.ObjectStore: RawStore: org.apache.hadoop.hive.metastore.ObjectStore@ad9ca87, with PersistenceManager: org.datanucleus.api.jdo.JDOPersistenceManager@42787bad created in the thread with id: 824
2024-04-24T01:17:44,646  INFO [load-dynamic-partitionsToAdd-1] metastore.HMSHandler: Created RawStore: org.apache.hadoop.hive.metastore.ObjectStore@ad9ca87 from thread id: 824
2024-04-24T01:17:44,646  INFO [load-dynamic-partitionsToAdd-0] metastore.HMSHandler: Created RawStore: org.apache.hadoop.hive.metastore.ObjectStore@38e582cd from thread id: 823
2024-04-24T01:17:44,646  INFO [load-dynamic-partitionsToAdd-1] metastore.HMSHandler: HMS server filtering is disabled by configuration
2024-04-24T01:17:44,646  INFO [load-dynamic-partitionsToAdd-0] metastore.HMSHandler: HMS server filtering is disabled by configuration
2024-04-24T01:17:44,646  INFO [load-dynamic-partitionsToAdd-1] metastore.RetryingMetaStoreClient: RetryingMetaStoreClient proxy=class org.apache.hadoop.hive.ql.metadata.SessionHiveMetaStoreClient ugi=alex (auth:SIMPLE) retries=1 delay=1 lifetime=0
2024-04-24T01:17:44,646  INFO [load-dynamic-partitionsToAdd-1] HiveMetaStore.audit: ugi=alex	ip=unknown-ip-addr	cmd=get_database: default	
2024-04-24T01:17:44,646  INFO [load-dynamic-partitionsToAdd-0] metastore.RetryingMetaStoreClient: RetryingMetaStoreClient proxy=class org.apache.hadoop.hive.ql.metadata.SessionHiveMetaStoreClient ugi=alex (auth:SIMPLE) retries=1 delay=1 lifetime=0
2024-04-24T01:17:44,647  INFO [load-dynamic-partitionsToAdd-0] HiveMetaStore.audit: ugi=alex	ip=unknown-ip-addr	cmd=get_database: default	
2024-04-24T01:17:44,648  INFO [load-dynamic-partitionsToAdd-1] common.FileUtils: Creating directory if it doesn't exist: file:/home/alex/Repositories/hive/ql/target/tmp/org.apache.hadoop.hive.ql.TestTxnNoBuckets-1713946626176/warehouse/tmp/c3=5
2024-04-24T01:17:44,648  INFO [load-dynamic-partitionsToAdd-0] common.FileUtils: Creating directory if it doesn't exist: file:/home/alex/Repositories/hive/ql/target/tmp/org.apache.hadoop.hive.ql.TestTxnNoBuckets-1713946626176/warehouse/tmp/c3=6
2024-04-24T01:17:44,653  INFO [load-dynamic-partitionsToAdd-0] HiveMetaStore.audit: ugi=alex	ip=unknown-ip-addr	cmd=Cleaning up thread local RawStore...	
2024-04-24T01:17:44,653  INFO [load-dynamic-partitionsToAdd-0] metastore.ObjectStore: RawStore: org.apache.hadoop.hive.metastore.ObjectStore@38e582cd, with PersistenceManager: org.datanucleus.api.jdo.JDOPersistenceManager@206a55b5 will be shutdown
2024-04-24T01:17:44,653  INFO [load-dynamic-partitionsToAdd-0] HiveMetaStore.audit: ugi=alex	ip=unknown-ip-addr	cmd=Done cleaning up thread local RawStore	
2024-04-24T01:17:44,653  INFO [load-dynamic-partitionsToAdd-0] metastore.HiveMetaStoreClient: Closed a connection to metastore, current connections: -6
2024-04-24T01:17:44,653  INFO [load-dynamic-partitionsToAdd-1] HiveMetaStore.audit: ugi=alex	ip=unknown-ip-addr	cmd=Cleaning up thread local RawStore...	
2024-04-24T01:17:44,653  INFO [load-dynamic-partitionsToAdd-1] metastore.ObjectStore: RawStore: org.apache.hadoop.hive.metastore.ObjectStore@ad9ca87, with PersistenceManager: org.datanucleus.api.jdo.JDOPersistenceManager@42787bad will be shutdown
2024-04-24T01:17:44,654  INFO [load-dynamic-partitionsToAdd-1] HiveMetaStore.audit: ugi=alex	ip=unknown-ip-addr	cmd=Done cleaning up thread local RawStore	
2024-04-24T01:17:44,654  INFO [load-dynamic-partitionsToAdd-1] metastore.HiveMetaStoreClient: Closed a connection to metastore, current connections: -7
2024-04-24T01:17:44,654  INFO [main] metadata.Hive: Number of partitionsToAdd to be added is 2
2024-04-24T01:17:44,654  INFO [main] HiveMetaStore.audit: ugi=alex	ip=unknown-ip-addr	cmd=add_partitions	
2024-04-24T01:17:44,707  INFO [main] metadata.Hive: Loaded 2partitionsToAdd
	 Time taken to load dynamic partitions: 0.235 seconds
2024-04-24T01:17:44,707  INFO [main] exec.Task: 	 Time taken to load dynamic partitions: 0.235 seconds
2024-04-24T01:17:44,707  INFO [main] exec.MoveTask: 	 Time taken to load dynamic partitions: 0.235 seconds
2024-04-24T01:17:44,707  INFO [main] exec.MoveTask: Loading partition {c3=6}
2024-04-24T01:17:44,707  INFO [main] exec.MoveTask: Loading partition {c3=5}
	 Time taken for adding to write entity : 0.0 seconds
2024-04-24T01:17:44,707  INFO [main] exec.Task: 	 Time taken for adding to write entity : 0.0 seconds
2024-04-24T01:17:44,707  INFO [main] ql.Driver: Starting task [Stage-2:STATS] in serial mode
2024-04-24T01:17:44,708  INFO [main] HiveMetaStore.audit: ugi=alex	ip=unknown-ip-addr	cmd=get_table : tbl=hive.default.tmp	
2024-04-24T01:17:44,721  INFO [main] metastore.HMSHandler: Skipping translation for processor with null
2024-04-24T01:17:44,721  INFO [main] stats.BasicStatsTask: Executing stats task
2024-04-24T01:17:44,722  INFO [main] fs.FSStatsPublisher: created : file:/home/alex/Repositories/hive/ql/target/tmp/localscratchdir/e200bcba-f0ca-4f02-9e42-4b4d6a93de0f/hive_2024-04-24_01-17-42_874_4865315069073995867-1/-mr-10001
2024-04-24T01:17:44,723  INFO [main] HiveMetaStore.audit: ugi=alex	ip=unknown-ip-addr	cmd=get_table : tbl=hive.default.tmp	
2024-04-24T01:17:44,734  INFO [main] metastore.HMSHandler: Skipping translation for processor with null
2024-04-24T01:17:44,736  INFO [main] FileOperations: Read stats for default.tmp/c3=6/, numRows, true, 1, false: 
2024-04-24T01:17:44,736  INFO [main] FileOperations: Read stats for default.tmp/c3=6/, rawDataSize, true, 8, false: 
2024-04-24T01:17:44,736  INFO [main] stats.BasicStatsTask: Partition {c3=6} stats: [numFiles=1, numRows=1, totalSize=242, rawDataSize=8, numFilesErasureCoded=0]
2024-04-24T01:17:44,736  INFO [main] FileOperations: Read stats for default.tmp/c3=5/, numRows, true, 1, false: 
2024-04-24T01:17:44,736  INFO [main] FileOperations: Read stats for default.tmp/c3=5/, rawDataSize, true, 8, false: 
2024-04-24T01:17:44,736  INFO [main] stats.BasicStatsTask: Partition {c3=5} stats: [numFiles=1, numRows=1, totalSize=242, rawDataSize=8, numFilesErasureCoded=0]
2024-04-24T01:17:44,737  INFO [main] HiveMetaStore.audit: ugi=alex	ip=unknown-ip-addr	cmd=alter_partitions : tbl=hive.default.tmp	
2024-04-24T01:17:44,737  INFO [main] metastore.HMSHandler: New partition values:[6]
2024-04-24T01:17:44,737  INFO [main] metastore.HMSHandler: New partition values:[5]
2024-04-24T01:17:44,822  INFO [main] metadata.Hive: Dumping metastore api call timing information for : execution phase
2024-04-24T01:17:44,822  INFO [main] metadata.Hive: Total time spent in each metastore function (ms): {getPartitionsByNames_(String, String, List, boolean, String)=68, isCompatibleWith_(Configuration)=2, getTable_(GetTableRequest)=75, add_partitions_(List)=53, listPartitionNamesRequest_(GetPartitionNamesPsRequest)=28, alter_partitions_(String, String, List, EnvironmentContext, String, long)=86}
MapReduce Jobs Launched: 
2024-04-24T01:17:44,823  INFO [main] ql.Driver: MapReduce Jobs Launched: 
Stage-Stage-1:  HDFS Read: 0 HDFS Write: 0 SUCCESS
2024-04-24T01:17:44,823  INFO [main] ql.Driver: Stage-Stage-1:  HDFS Read: 0 HDFS Write: 0 SUCCESS
Total MapReduce CPU Time Spent: 0 msec
2024-04-24T01:17:44,823  INFO [main] ql.Driver: Total MapReduce CPU Time Spent: 0 msec
2024-04-24T01:17:44,823  INFO [main] ql.Driver: Completed executing command(queryId=alex_20240424011742_90c5d09b-a607-421c-8389-385312e46f6a); Time taken: 1.68 seconds
2024-04-24T01:17:44,823  INFO [main] lockmgr.DbTxnManager: Stopped heartbeat for query: alex_20240424011742_90c5d09b-a607-421c-8389-385312e46f6a
2024-04-24T01:17:44,827  INFO [main] txn.TxnHandler: Expected to move at least one record from txn_components to completed_txn_components when committing txn! txnid:18
2024-04-24T01:17:44,834  INFO [main] txn.TxnHandler: Removed transactions: ([18]) from MIN_HISTORY_LEVEL
2024-04-24T01:17:44,835  WARN [main] txn.CompactionTxnHandler: No compaction queue record found for Compaction type transaction commit. txnId:18
2024-04-24T01:17:44,836  INFO [main] ql.TxnCommandsBaseForTests: Running the query: drop table if exists nobuckets
2024-04-24T01:17:44,836  INFO [main] ql.Context: Deleting scratch dir: file:/home/alex/Repositories/hive/ql/target/tmp/org.apache.hadoop.hive.ql.TestTxnNoBuckets-1713946626176/warehouse/tmp/.hive-staging_hive_2024-04-24_01-17-42_874_4865315069073995867-1
2024-04-24T01:17:44,836  INFO [main] cleanup.SyncCleanupService: Deleted directory: file:/home/alex/Repositories/hive/ql/target/tmp/org.apache.hadoop.hive.ql.TestTxnNoBuckets-1713946626176/warehouse/tmp/.hive-staging_hive_2024-04-24_01-17-42_874_4865315069073995867-1 on fs with scheme file
2024-04-24T01:17:44,836  INFO [main] ql.Context: Deleting scratch dir: file:/home/alex/Repositories/hive/ql/target/tmp/localscratchdir/e200bcba-f0ca-4f02-9e42-4b4d6a93de0f/hive_2024-04-24_01-17-42_874_4865315069073995867-1
2024-04-24T01:17:44,837  INFO [main] cleanup.SyncCleanupService: Deleted directory: file:/home/alex/Repositories/hive/ql/target/tmp/localscratchdir/e200bcba-f0ca-4f02-9e42-4b4d6a93de0f/hive_2024-04-24_01-17-42_874_4865315069073995867-1 on fs with scheme file
2024-04-24T01:17:44,837  INFO [main] ql.Driver: Compiling command(queryId=alex_20240424011744_86a82ea3-a0ec-48c2-a35d-5dc88ccafcbc): drop table if exists nobuckets
2024-04-24T01:17:44,840  INFO [main] txn.TxnHandler: Added entries to MIN_HISTORY_LEVEL for current txns: ([19]) with min_open_txn: 19
2024-04-24T01:17:44,840  INFO [main] lockmgr.DbTxnManager: Opened txnid:19
2024-04-24T01:17:44,841  INFO [main] HiveMetaStore.audit: ugi=alex	ip=unknown-ip-addr	cmd=get_table : tbl=hive.default.nobuckets	
2024-04-24T01:17:44,845  INFO [main] ql.Driver: Semantic Analysis Completed (retrial = false)
2024-04-24T01:17:44,845  INFO [main] ql.Driver: Created Hive schema: Schema(fieldSchemas:null, properties:null)
2024-04-24T01:17:44,845  INFO [main] metadata.Hive: Dumping metastore api call timing information for : compilation phase
2024-04-24T01:17:44,845  INFO [main] metadata.Hive: Total time spent in each metastore function (ms): {getValidTxns_(long)=0, flushCache_()=0, openTxn_(String, TxnType)=2, isCompatibleWith_(Configuration)=1, commitTxn_(CommitTxnRequest)=12}
2024-04-24T01:17:44,845  INFO [main] ql.Driver: Completed compiling command(queryId=alex_20240424011744_86a82ea3-a0ec-48c2-a35d-5dc88ccafcbc); Time taken: 0.008 seconds
2024-04-24T01:17:44,846  INFO [main] lockmgr.DbTxnManager: Setting lock request transaction to txnid:19 for queryId=alex_20240424011744_86a82ea3-a0ec-48c2-a35d-5dc88ccafcbc
2024-04-24T01:17:44,846  INFO [main] ql.Driver: Operation DROPTABLE obtained 0 locks
2024-04-24T01:17:44,846  INFO [main] ql.Driver: Executing command(queryId=alex_20240424011744_86a82ea3-a0ec-48c2-a35d-5dc88ccafcbc): drop table if exists nobuckets
2024-04-24T01:17:44,846  INFO [main] ql.Driver: Starting task [Stage-0:DDL] in serial mode
2024-04-24T01:17:44,846  INFO [main] HiveMetaStore.audit: ugi=alex	ip=unknown-ip-addr	cmd=get_table : tbl=hive.default.nobuckets	
2024-04-24T01:17:44,849  INFO [main] metadata.Hive: Dumping metastore api call timing information for : execution phase
2024-04-24T01:17:44,850  INFO [main] metadata.Hive: Total time spent in each metastore function (ms): {isCompatibleWith_(Configuration)=0}
2024-04-24T01:17:44,850  INFO [main] ql.Driver: Completed executing command(queryId=alex_20240424011744_86a82ea3-a0ec-48c2-a35d-5dc88ccafcbc); Time taken: 0.003 seconds
2024-04-24T01:17:44,850  INFO [main] lockmgr.DbTxnManager: Stopped heartbeat for query: alex_20240424011744_86a82ea3-a0ec-48c2-a35d-5dc88ccafcbc
2024-04-24T01:17:44,855  INFO [main] txn.TxnHandler: Expected to move at least one record from txn_components to completed_txn_components when committing txn! txnid:19
2024-04-24T01:17:44,862  INFO [main] txn.TxnHandler: Removed transactions: ([19]) from MIN_HISTORY_LEVEL
2024-04-24T01:17:44,862  WARN [main] txn.CompactionTxnHandler: No compaction queue record found for Compaction type transaction commit. txnId:19
2024-04-24T01:17:44,863  INFO [main] ql.TxnCommandsBaseForTests: Running the query: create table nobuckets (c1 integer, c2 integer) partitioned by (c3 integer) stored as orc tblproperties('transactional'='true', 'transactional_properties'='default')
2024-04-24T01:17:44,863  INFO [main] ql.Driver: Compiling command(queryId=alex_20240424011744_924a3fc9-b8a8-49b0-9844-112e43effc26): create table nobuckets (c1 integer, c2 integer) partitioned by (c3 integer) stored as orc tblproperties('transactional'='true', 'transactional_properties'='default')
2024-04-24T01:17:44,866  INFO [main] txn.TxnHandler: Added entries to MIN_HISTORY_LEVEL for current txns: ([20]) with min_open_txn: 19
2024-04-24T01:17:44,867  INFO [main] lockmgr.DbTxnManager: Opened txnid:20
2024-04-24T01:17:44,868  INFO [main] parse.CalcitePlanner: Starting caching scope for: 
2024-04-24T01:17:44,868  INFO [main] parse.CalcitePlanner: Starting Semantic Analysis
2024-04-24T01:17:44,874  INFO [main] parse.CalcitePlanner: Creating table default.nobuckets position=13
2024-04-24T01:17:44,874  INFO [main] HiveMetaStore.audit: ugi=alex	ip=unknown-ip-addr	cmd=get_database: default	
2024-04-24T01:17:44,876  INFO [main] parse.CalcitePlanner: Ending caching scope for: 
2024-04-24T01:17:44,876  INFO [main] ql.Driver: Semantic Analysis Completed (retrial = false)
2024-04-24T01:17:44,876  INFO [main] ql.Driver: Created Hive schema: Schema(fieldSchemas:null, properties:null)
2024-04-24T01:17:44,876  INFO [main] metadata.Hive: Dumping metastore api call timing information for : compilation phase
2024-04-24T01:17:44,876  INFO [main] metadata.Hive: Total time spent in each metastore function (ms): {getValidWriteIds_(List, String)=6, isCompatibleWith_(Configuration)=0, getValidTxns_(long)=1, openTxn_(String, TxnType)=3, flushCache_()=0, getDatabase_(String)=2, commitTxn_(CommitTxnRequest)=13}
2024-04-24T01:17:44,877  INFO [main] ql.Driver: Completed compiling command(queryId=alex_20240424011744_924a3fc9-b8a8-49b0-9844-112e43effc26); Time taken: 0.013 seconds
2024-04-24T01:17:44,877  INFO [main] lockmgr.DbTxnManager: Setting lock request transaction to txnid:20 for queryId=alex_20240424011744_924a3fc9-b8a8-49b0-9844-112e43effc26
2024-04-24T01:17:44,877  INFO [main] lockmgr.DbLockManager: Requesting lock for queryId=alex_20240424011744_924a3fc9-b8a8-49b0-9844-112e43effc26
2024-04-24T01:17:44,904  INFO [main] lockmgr.DbLockManager: Response to queryId=alex_20240424011744_924a3fc9-b8a8-49b0-9844-112e43effc26 LockResponse(lockid:12, state:ACQUIRED)
2024-04-24T01:17:44,904  INFO [main] ql.Driver: Operation CREATETABLE obtained 1 locks
2024-04-24T01:17:44,905  INFO [main] ql.Driver: Executing command(queryId=alex_20240424011744_924a3fc9-b8a8-49b0-9844-112e43effc26): create table nobuckets (c1 integer, c2 integer) partitioned by (c3 integer) stored as orc tblproperties('transactional'='true', 'transactional_properties'='default')
2024-04-24T01:17:44,905  INFO [main] ql.Driver: Starting task [Stage-0:DDL] in serial mode
2024-04-24T01:17:44,907  INFO [main] HiveMetaStore.audit: ugi=alex	ip=unknown-ip-addr	cmd=create_table_req: Table(tableName:nobuckets, dbName:default, owner:alex, createTime:1713946664, lastAccessTime:0, retention:0, sd:StorageDescriptor(cols:[FieldSchema(name:c1, type:int, comment:null), FieldSchema(name:c2, type:int, comment:null)], location:null, inputFormat:org.apache.hadoop.hive.ql.io.orc.OrcInputFormat, outputFormat:org.apache.hadoop.hive.ql.io.orc.OrcOutputFormat, compressed:false, numBuckets:-1, serdeInfo:SerDeInfo(name:null, serializationLib:org.apache.hadoop.hive.ql.io.orc.OrcSerde, parameters:{serialization.format=1}), bucketCols:[], sortCols:[], parameters:{}, skewedInfo:SkewedInfo(skewedColNames:[], skewedColValues:[], skewedColValueLocationMaps:{}), storedAsSubDirectories:false), partitionKeys:[FieldSchema(name:c3, type:int, comment:null)], parameters:{transactional_properties=default, transactional=true, bucketing_version=2}, viewOriginalText:null, viewExpandedText:null, tableType:MANAGED_TABLE, privileges:PrincipalPrivilegeSet(userPrivileges:{alex=[PrivilegeGrantInfo(privilege:INSERT, createTime:-1, grantor:alex, grantorType:USER, grantOption:true), PrivilegeGrantInfo(privilege:SELECT, createTime:-1, grantor:alex, grantorType:USER, grantOption:true), PrivilegeGrantInfo(privilege:UPDATE, createTime:-1, grantor:alex, grantorType:USER, grantOption:true), PrivilegeGrantInfo(privilege:DELETE, createTime:-1, grantor:alex, grantorType:USER, grantOption:true)]}, groupPrivileges:null, rolePrivileges:null), temporary:false, catName:hive, ownerType:USER, writeId:0)	
2024-04-24T01:17:44,916  INFO [main] utils.FileUtils: Creating directory if it doesn't exist: file:/home/alex/Repositories/hive/ql/target/tmp/org.apache.hadoop.hive.ql.TestTxnNoBuckets-1713946626176/warehouse/nobuckets
2024-04-24T01:17:44,962  INFO [main] metadata.Hive: Dumping metastore api call timing information for : execution phase
2024-04-24T01:17:44,962  INFO [main] metadata.Hive: Total time spent in each metastore function (ms): {isCompatibleWith_(Configuration)=1, createTable_(Table)=56}
2024-04-24T01:17:44,963  INFO [main] ql.Driver: Completed executing command(queryId=alex_20240424011744_924a3fc9-b8a8-49b0-9844-112e43effc26); Time taken: 0.057 seconds
2024-04-24T01:17:44,963  INFO [main] lockmgr.DbTxnManager: Stopped heartbeat for query: alex_20240424011744_924a3fc9-b8a8-49b0-9844-112e43effc26
2024-04-24T01:17:44,969  INFO [main] txn.TxnHandler: Expected to move at least one record from txn_components to completed_txn_components when committing txn! txnid:20
2024-04-24T01:17:44,977  INFO [main] txn.TxnHandler: Removed transactions: ([20]) from MIN_HISTORY_LEVEL
2024-04-24T01:17:44,978  WARN [main] txn.CompactionTxnHandler: No compaction queue record found for Compaction type transaction commit. txnId:20
2024-04-24T01:17:44,978  INFO [main] ql.TxnCommandsBaseForTests: Running the query: insert into nobuckets partition(c3) select * from tmp
2024-04-24T01:17:44,979  INFO [main] ql.Driver: Compiling command(queryId=alex_20240424011744_3c9abe6d-6c7c-4bbb-ad9c-90a621dd1a66): insert into nobuckets partition(c3) select * from tmp
2024-04-24T01:17:44,982  INFO [main] txn.TxnHandler: Added entries to MIN_HISTORY_LEVEL for current txns: ([21]) with min_open_txn: 19
2024-04-24T01:17:44,982  INFO [main] lockmgr.DbTxnManager: Opened txnid:21
2024-04-24T01:17:44,983  INFO [main] parse.CalcitePlanner: Starting caching scope for: 
2024-04-24T01:17:44,983  INFO [main] parse.CalcitePlanner: Starting Semantic Analysis
2024-04-24T01:17:44,986  INFO [main] parse.CalcitePlanner: Completed phase 1 of Semantic Analysis
2024-04-24T01:17:44,986  INFO [main] parse.CalcitePlanner: Get metadata for source tables
2024-04-24T01:17:44,986  INFO [main] HiveMetaStore.audit: ugi=alex	ip=unknown-ip-addr	cmd=get_table : tbl=hive.default.tmp	
2024-04-24T01:17:45,025  INFO [main] metastore.HMSHandler: Skipping translation for processor with null
2024-04-24T01:17:45,025  INFO [main] parse.CalcitePlanner: Get metadata for subqueries
2024-04-24T01:17:45,025  INFO [main] parse.CalcitePlanner: Get metadata for destination tables
2024-04-24T01:17:45,026  INFO [main] HiveMetaStore.audit: ugi=alex	ip=unknown-ip-addr	cmd=get_table : tbl=hive.default.nobuckets	
2024-04-24T01:17:45,033  INFO [main] metastore.HMSHandler: Skipping translation for processor with null
2024-04-24T01:17:45,034  WARN [main] parse.BaseSemanticAnalyzer: Dynamic partitioning is used; only validating 0 columns
2024-04-24T01:17:45,034  INFO [main] parse.CalcitePlanner: Completed getting MetaData in Semantic Analysis
2024-04-24T01:17:45,034  INFO [main] parse.CalcitePlanner: Disabling LLAP IO encode as ETL query is detected
2024-04-24T01:17:45,046  INFO [main] HiveMetaStore.audit: ugi=alex	ip=unknown-ip-addr	cmd=get_all_table_constraints : tbl=hive.default.tmp	
2024-04-24T01:17:45,083  INFO [main] calcite.RelOptHiveTable: Calculating column statistics for default.tmp, projIndxSet: [0, 1, 2], allowMissingStats: true
2024-04-24T01:17:45,084  INFO [main] HiveMetaStore.audit: ugi=alex	ip=unknown-ip-addr	cmd=get_partitions : tbl=hive.default.tmp	
2024-04-24T01:17:45,126  INFO [main] HiveMetaStore.audit: ugi=alex	ip=unknown-ip-addr	cmd=get_aggr_stats_for: table=hive.default.tmp	
2024-04-24T01:17:45,154  WARN [main] calcite.RelOptHiveTable: No Stats for default@tmp, Columns: c2, c1
No Stats for default@tmp, Columns: c2, c1
2024-04-24T01:17:45,154  INFO [main] SessionState: No Stats for default@tmp, Columns: c2, c1
2024-04-24T01:17:45,207  INFO [main] parse.CalcitePlanner: Get metadata for source tables
2024-04-24T01:17:45,207  INFO [main] parse.CalcitePlanner: Get metadata for subqueries
2024-04-24T01:17:45,207  INFO [main] parse.CalcitePlanner: Get metadata for destination tables
2024-04-24T01:17:45,207  INFO [main] HiveMetaStore.audit: ugi=alex	ip=unknown-ip-addr	cmd=get_table : tbl=hive.default.nobuckets	
2024-04-24T01:17:45,215  INFO [main] metastore.HMSHandler: Skipping translation for processor with null
2024-04-24T01:17:45,216  WARN [main] parse.BaseSemanticAnalyzer: Dynamic partitioning is used; only validating 0 columns
2024-04-24T01:17:45,217  INFO [main] HiveMetaStore.audit: ugi=alex	ip=unknown-ip-addr	cmd=get_not_null_constraints : tbl=hive.default.nobuckets	
2024-04-24T01:17:45,219  INFO [main] HiveMetaStore.audit: ugi=alex	ip=unknown-ip-addr	cmd=get_check_constraints : tbl=hive.default.nobuckets	
2024-04-24T01:17:45,228  INFO [main] txn.TxnHandler: Allocated writeId: 1 for txnId: 21
2024-04-24T01:17:45,228  INFO [main] txn.TxnHandler: Allocated write ids for dbName=default, tblName=nobuckets (txnIds: [21])
2024-04-24T01:17:45,232  INFO [main] parse.CalcitePlanner: CBO Succeeded; optimized logical plan.
2024-04-24T01:17:45,234  INFO [main] optimizer.BucketVersionPopulator: not considering bucketingVersion for: TS[0] because it has -1<2 buckets 
2024-04-24T01:17:45,235  INFO [main] optimizer.SortedDynPartitionOptimizer: Sorted dynamic partitioning optimization kicked in..
2024-04-24T01:17:45,235  INFO [main] optimizer.SortedDynPartitionOptimizer: Inserted RS_3 and SEL_4 as parent of FS_2 and child of SEL_1
2024-04-24T01:17:45,247  INFO [main] HiveMetaStore.audit: ugi=alex	ip=unknown-ip-addr	cmd=get_table : tbl=hive.default.nobuckets	
2024-04-24T01:17:45,256  INFO [main] metastore.HMSHandler: Skipping translation for processor with null
2024-04-24T01:17:45,256  INFO [main] parse.CalcitePlanner: Completed plan generation
2024-04-24T01:17:45,256  INFO [main] parse.CalcitePlanner: Ending caching scope for: 
2024-04-24T01:17:45,256  INFO [main] ql.Driver: Semantic Analysis Completed (retrial = false)
2024-04-24T01:17:45,256  INFO [main] ql.Driver: Created Hive schema: Schema(fieldSchemas:[FieldSchema(name:tmp.c1, type:int, comment:null), FieldSchema(name:tmp.c2, type:int, comment:null), FieldSchema(name:tmp.c3, type:int, comment:null)], properties:null)
2024-04-24T01:17:45,256  INFO [main] metadata.Hive: Dumping metastore api call timing information for : compilation phase
2024-04-24T01:17:45,257  INFO [main] metadata.Hive: Total time spent in each metastore function (ms): {openTxn_(String, TxnType)=2, isCompatibleWith_(Configuration)=0, getMetaConf_(String)=0, getAllTableConstraints_(AllTableConstraintsRequest)=33, flushCache_()=0, listPartitions_(String, String, short)=40, getCheckConstraints_(CheckConstraintsRequest)=1, commitTxn_(CommitTxnRequest)=15, allocateTableWriteId_(long, String, String)=9, getAggrColStatsFor_(String, String, List, List, String, String)=28, getTable_(GetTableRequest)=65, getNotNullConstraints_(NotNullConstraintsRequest)=2, getValidWriteIds_(List, String)=3, getValidTxns_(long)=1}
2024-04-24T01:17:45,257  INFO [main] ql.Driver: Completed compiling command(queryId=alex_20240424011744_3c9abe6d-6c7c-4bbb-ad9c-90a621dd1a66); Time taken: 0.277 seconds
2024-04-24T01:17:45,257  INFO [main] lockmgr.DbTxnManager: Setting lock request transaction to txnid:21 for queryId=alex_20240424011744_3c9abe6d-6c7c-4bbb-ad9c-90a621dd1a66
2024-04-24T01:17:45,259  INFO [main] lockmgr.DbLockManager: Requesting lock for queryId=alex_20240424011744_3c9abe6d-6c7c-4bbb-ad9c-90a621dd1a66
2024-04-24T01:17:45,292  INFO [main] lockmgr.DbLockManager: Response to queryId=alex_20240424011744_3c9abe6d-6c7c-4bbb-ad9c-90a621dd1a66 LockResponse(lockid:13, state:ACQUIRED)
2024-04-24T01:17:45,292  INFO [main] ql.Driver: Operation QUERY obtained 1 locks
2024-04-24T01:17:45,296  INFO [main] ql.Driver: Executing command(queryId=alex_20240424011744_3c9abe6d-6c7c-4bbb-ad9c-90a621dd1a66): insert into nobuckets partition(c3) select * from tmp
2024-04-24T01:17:45,297  WARN [main] ql.Driver: Hive-on-MR is deprecated in Hive 2 and may not be available in the future versions. Consider using a different execution engine (i.e. tez, spark) or using Hive 1.X releases.
Query ID = alex_20240424011744_3c9abe6d-6c7c-4bbb-ad9c-90a621dd1a66
2024-04-24T01:17:45,297  INFO [main] ql.Driver: Query ID = alex_20240424011744_3c9abe6d-6c7c-4bbb-ad9c-90a621dd1a66
Total jobs = 1
2024-04-24T01:17:45,297  INFO [main] ql.Driver: Total jobs = 1
Launching Job 1 out of 1
2024-04-24T01:17:45,297  INFO [main] ql.Driver: Launching Job 1 out of 1
2024-04-24T01:17:45,515  INFO [main] ql.Driver: Starting task [Stage-1:MAPRED] in serial mode
2024-04-24T01:17:45,515  INFO [main] exec.Utilities: Not using thread pool for getContentSummary
2024-04-24T01:17:45,519  INFO [main] exec.Utilities: BytesPerReducer=256000000 maxReducers=1009 totalInputFileSize=1936
Number of reduce tasks not specified. Estimated from input data size: 1
2024-04-24T01:17:45,520  INFO [main] exec.Task: Number of reduce tasks not specified. Estimated from input data size: 1
In order to change the average load for a reducer (in bytes):
2024-04-24T01:17:45,520  INFO [main] exec.Task: In order to change the average load for a reducer (in bytes):
  set hive.exec.reducers.bytes.per.reducer=<number>
2024-04-24T01:17:45,520  INFO [main] exec.Task:   set hive.exec.reducers.bytes.per.reducer=<number>
In order to limit the maximum number of reducers:
2024-04-24T01:17:45,520  INFO [main] exec.Task: In order to limit the maximum number of reducers:
  set hive.exec.reducers.max=<number>
2024-04-24T01:17:45,520  INFO [main] exec.Task:   set hive.exec.reducers.max=<number>
In order to set a constant number of reducers:
2024-04-24T01:17:45,520  INFO [main] exec.Task: In order to set a constant number of reducers:
  set mapreduce.job.reduces=<number>
2024-04-24T01:17:45,520  INFO [main] exec.Task:   set mapreduce.job.reduces=<number>
2024-04-24T01:17:45,522  INFO [main] mr.ExecDriver: Using org.apache.hadoop.hive.ql.io.HiveInputFormat
2024-04-24T01:17:45,523  INFO [main] exec.Utilities: Processing alias tmp
2024-04-24T01:17:45,523  INFO [main] exec.Utilities: Adding 7 inputs; the first input is file:/home/alex/Repositories/hive/ql/target/tmp/org.apache.hadoop.hive.ql.TestTxnNoBuckets-1713946626176/warehouse/tmp/c3=0
2024-04-24T01:17:45,534  INFO [main] exec.SerializationUtilities: Serializing MapWork using kryo
2024-04-24T01:17:45,535  INFO [main] exec.Utilities: Serialized plan (via FILE) - name: null size: 6,77KB
2024-04-24T01:17:45,540  INFO [main] exec.SerializationUtilities: Serializing ReduceWork using kryo
2024-04-24T01:17:45,541  INFO [main] exec.Utilities: Serialized plan (via FILE) - name: null size: 5,32KB
2024-04-24T01:17:45,543  WARN [main] impl.MetricsSystemImpl: JobTracker metrics system already initialized!
2024-04-24T01:17:45,548  INFO [main] fs.FSStatsPublisher: created : file:/home/alex/Repositories/hive/ql/target/tmp/localscratchdir/e200bcba-f0ca-4f02-9e42-4b4d6a93de0f/hive_2024-04-24_01-17-44_978_3190604185789054387-1/-mr-10000
2024-04-24T01:17:45,551  WARN [main] impl.MetricsSystemImpl: JobTracker metrics system already initialized!
2024-04-24T01:17:45,559  WARN [main] mapreduce.JobResourceUploader: Hadoop command-line option parsing not performed. Implement the Tool interface and execute your application with ToolRunner to remedy this.
2024-04-24T01:17:45,563  WARN [main] mapreduce.JobResourceUploader: No job jar file set.  User classes may not be found. See Job or Job#setJar(String).
2024-04-24T01:17:45,565  INFO [main] io.HiveInputFormat: hive.io.file.readcolumn.ids = 0,1
2024-04-24T01:17:45,565  INFO [main] io.HiveInputFormat: hive.io.file.readcolumn.names = c1,c2
2024-04-24T01:17:45,565  INFO [main] io.HiveInputFormat: Generating splits for dirs: file:/home/alex/Repositories/hive/ql/target/tmp/org.apache.hadoop.hive.ql.TestTxnNoBuckets-1713946626176/warehouse/tmp/c3=0
2024-04-24T01:17:45,565  INFO [main] orc.OrcInputFormat: getSplits started
2024-04-24T01:17:45,565  INFO [main] orc.OrcInputFormat: Context:: isAcid: false isVectorMode: false sarg: null minSplitSize: 1 maxSplitSize: 256000000 splitStrategy: HYBRID footerInSplits: false numBuckets: 0 numThreads: 10 cacheMemSize: 268435456 cacheStripeDetails: true useSoftReference: false writeIdList: null:9223372036854775807:9223372036854775807:: isTransactionalTable: true txnProperties: default 
2024-04-24T01:17:45,565  INFO [main] orc.OrcInputFormat: ORC pushdown predicate: null
2024-04-24T01:17:45,581  INFO [main] orc.OrcInputFormat: FooterCacheHitRatio: 0/8
2024-04-24T01:17:45,581  INFO [main] orc.OrcInputFormat: getSplits finished (#splits: 8). duration: 16 ms
2024-04-24T01:17:45,581  INFO [main] io.HiveInputFormat: number of splits 8
2024-04-24T01:17:45,603  INFO [main] mapreduce.JobSubmitter: number of splits:8
2024-04-24T01:17:45,635  INFO [main] mapreduce.JobSubmitter: Submitting tokens for job: job_local2059304929_0012
2024-04-24T01:17:45,636  INFO [main] mapreduce.JobSubmitter: Executing with tokens: []
2024-04-24T01:17:45,701  INFO [main] mapreduce.Job: The url to track the job: http://localhost:8080/
Job running in-process (local Hadoop)
2024-04-24T01:17:45,701  INFO [main] exec.Task: Job running in-process (local Hadoop)
2024-04-24T01:17:45,701  INFO [Thread-744] mapred.LocalJobRunner: OutputCommitter set in config org.apache.hadoop.hive.ql.io.HiveFileFormatUtils$NullOutputCommitter
2024-04-24T01:17:45,701  INFO [Thread-744] mapred.LocalJobRunner: OutputCommitter is org.apache.hadoop.hive.ql.io.HiveFileFormatUtils$NullOutputCommitter
2024-04-24T01:17:45,705  INFO [Thread-744] mapred.LocalJobRunner: Waiting for map tasks
2024-04-24T01:17:45,705  INFO [LocalJobRunner Map Task Executor #0] mapred.LocalJobRunner: Starting task: attempt_local2059304929_0012_m_000000_0
2024-04-24T01:17:45,705  INFO [LocalJobRunner Map Task Executor #0] mapred.Task:  Using ResourceCalculatorProcessTree : [ ]
2024-04-24T01:17:45,706  INFO [LocalJobRunner Map Task Executor #0] mapred.MapTask: Processing split: org.apache.hadoop.hive.ql.io.orc.OrcInputFormat:OrcSplit [file:/home/alex/Repositories/hive/ql/target/tmp/org.apache.hadoop.hive.ql.TestTxnNoBuckets-1713946626176/warehouse/tmp/c3=2/000000_0, start=3, length=110, isOriginal=true, fileLength=242, hasFooter=false, hasBase=true, deltas=0]
2024-04-24T01:17:45,707  INFO [LocalJobRunner Map Task Executor #0] exec.SerializationUtilities: Deserializing MapWork using kryo
2024-04-24T01:17:45,707  INFO [LocalJobRunner Map Task Executor #0] exec.Utilities: Deserialized plan (via FILE) - name: null size: 6,77KB
2024-04-24T01:17:45,708  INFO [LocalJobRunner Map Task Executor #0] orc.ReaderImpl: Reading ORC rows from file:/home/alex/Repositories/hive/ql/target/tmp/org.apache.hadoop.hive.ql.TestTxnNoBuckets-1713946626176/warehouse/tmp/c3=2/000000_0 with {include: [true, true, true], offset: 3, length: 110, schema: struct<c1:int,c2:int>, includeAcidColumns: true}
2024-04-24T01:17:45,709  INFO [LocalJobRunner Map Task Executor #0] mapred.MapTask: numReduceTasks: 1
2024-04-24T01:17:45,714  INFO [LocalJobRunner Map Task Executor #0] mapred.MapTask: (EQUATOR) 0 kvi 26214396(104857584)
2024-04-24T01:17:45,714  INFO [LocalJobRunner Map Task Executor #0] mapred.MapTask: mapreduce.task.io.sort.mb: 100
2024-04-24T01:17:45,714  INFO [LocalJobRunner Map Task Executor #0] mapred.MapTask: soft limit at 83886080
2024-04-24T01:17:45,714  INFO [LocalJobRunner Map Task Executor #0] mapred.MapTask: bufstart = 0; bufvoid = 104857600
2024-04-24T01:17:45,714  INFO [LocalJobRunner Map Task Executor #0] mapred.MapTask: kvstart = 26214396; length = 6553600
2024-04-24T01:17:45,714  INFO [LocalJobRunner Map Task Executor #0] mapred.MapTask: Map output collector class = org.apache.hadoop.mapred.MapTask$MapOutputBuffer
2024-04-24T01:17:45,715  INFO [LocalJobRunner Map Task Executor #0] exec.MapOperator: Initializing Operator: MAP[0]
2024-04-24T01:17:45,718  INFO [LocalJobRunner Map Task Executor #0] mr.ExecMapper: 
<MAP>Id =0
  <Children>null
  <\Children>
  <Parent><\Parent>
<\MAP>
2024-04-24T01:17:45,719  INFO [LocalJobRunner Map Task Executor #0] exec.TableScanOperator: Initializing Operator: TS[0]
2024-04-24T01:17:45,719  INFO [LocalJobRunner Map Task Executor #0] exec.SelectOperator: Initializing Operator: SEL[1]
2024-04-24T01:17:45,719  INFO [LocalJobRunner Map Task Executor #0] exec.SelectOperator: SELECT struct<c1:int,c2:int,c3:int>
2024-04-24T01:17:45,719  INFO [LocalJobRunner Map Task Executor #0] exec.ReduceSinkOperator: Initializing Operator: RS[3]
2024-04-24T01:17:45,719  INFO [LocalJobRunner Map Task Executor #0] exec.ReduceSinkOperator: Using tag = -1
2024-04-24T01:17:45,719  INFO [LocalJobRunner Map Task Executor #0] exec.ReduceSinkOperator: keys are [_col2] num distributions: 1
2024-04-24T01:17:45,719  INFO [LocalJobRunner Map Task Executor #0] exec.ReduceSinkOperator: RS[3]: records written - 1
2024-04-24T01:17:45,719  INFO [LocalJobRunner Map Task Executor #0] exec.MapOperator: MAP[0]: records read - 1
2024-04-24T01:17:45,720  INFO [LocalJobRunner Map Task Executor #0] exec.MapOperator: Closing Operator: MAP[0]
2024-04-24T01:17:45,720  INFO [LocalJobRunner Map Task Executor #0] exec.MapOperator: MAP[0]: Total records read - 1. abort - false
2024-04-24T01:17:45,720  INFO [LocalJobRunner Map Task Executor #0] exec.MapOperator: RECORDS_IN:1, RECORDS_OUT_OPERATOR_MAP_0:0, DESERIALIZE_ERRORS:0, RECORDS_OUT_INTERMEDIATE:0, 
2024-04-24T01:17:45,720  INFO [LocalJobRunner Map Task Executor #0] exec.TableScanOperator: Closing Operator: TS[0]
2024-04-24T01:17:45,720  INFO [LocalJobRunner Map Task Executor #0] exec.TableScanOperator: RECORDS_OUT_OPERATOR_TS_0:1, RECORDS_OUT_INTERMEDIATE:0, 
2024-04-24T01:17:45,720  INFO [LocalJobRunner Map Task Executor #0] exec.SelectOperator: Closing Operator: SEL[1]
2024-04-24T01:17:45,720  INFO [LocalJobRunner Map Task Executor #0] exec.SelectOperator: RECORDS_OUT_INTERMEDIATE:0, RECORDS_OUT_OPERATOR_SEL_1:1, 
2024-04-24T01:17:45,720  INFO [LocalJobRunner Map Task Executor #0] exec.ReduceSinkOperator: Closing Operator: RS[3]
2024-04-24T01:17:45,720  INFO [LocalJobRunner Map Task Executor #0] exec.ReduceSinkOperator: RS[3]: Total records written - 1. abort - false
2024-04-24T01:17:45,720  INFO [LocalJobRunner Map Task Executor #0] exec.ReduceSinkOperator: RECORDS_OUT_OPERATOR_RS_3:1, RECORDS_OUT_INTERMEDIATE:1, 
2024-04-24T01:17:45,720  INFO [LocalJobRunner Map Task Executor #0] mapred.LocalJobRunner: 
2024-04-24T01:17:45,720  INFO [LocalJobRunner Map Task Executor #0] mapred.MapTask: Starting flush of map output
2024-04-24T01:17:45,720  INFO [LocalJobRunner Map Task Executor #0] mapred.MapTask: Spilling map output
2024-04-24T01:17:45,720  INFO [LocalJobRunner Map Task Executor #0] mapred.MapTask: bufstart = 0; bufend = 17; bufvoid = 104857600
2024-04-24T01:17:45,720  INFO [LocalJobRunner Map Task Executor #0] mapred.MapTask: kvstart = 26214396(104857584); kvend = 26214396(104857584); length = 1/6553600
2024-04-24T01:17:45,730  INFO [LocalJobRunner Map Task Executor #0] mapred.MapTask: Finished spill 0
2024-04-24T01:17:45,733  INFO [LocalJobRunner Map Task Executor #0] mapred.Task: Task:attempt_local2059304929_0012_m_000000_0 is done. And is in the process of committing
2024-04-24T01:17:45,734  INFO [LocalJobRunner Map Task Executor #0] mapred.LocalJobRunner: map
2024-04-24T01:17:45,734  INFO [LocalJobRunner Map Task Executor #0] mapred.Task: Task 'attempt_local2059304929_0012_m_000000_0' done.
2024-04-24T01:17:45,734  INFO [LocalJobRunner Map Task Executor #0] mapred.Task: Final Counters for attempt_local2059304929_0012_m_000000_0: Counters: 24
	File System Counters
		FILE: Number of bytes read=181561
		FILE: Number of bytes written=14135051
		FILE: Number of read operations=0
		FILE: Number of large read operations=0
		FILE: Number of write operations=0
	Map-Reduce Framework
		Map input records=1
		Map output records=1
		Map output bytes=17
		Map output materialized bytes=25
		Input split bytes=466
		Combine input records=0
		Spilled Records=1
		Failed Shuffles=0
		Merged Map outputs=0
		GC time elapsed (ms)=0
		Total committed heap usage (bytes)=1087897600
	HIVE
		DESERIALIZE_ERRORS=0
		RECORDS_IN=1
		RECORDS_OUT_INTERMEDIATE=1
		RECORDS_OUT_OPERATOR_MAP_0=0
		RECORDS_OUT_OPERATOR_RS_3=1
		RECORDS_OUT_OPERATOR_SEL_1=1
		RECORDS_OUT_OPERATOR_TS_0=1
	File Input Format Counters 
		Bytes Read=7865
2024-04-24T01:17:45,734  INFO [LocalJobRunner Map Task Executor #0] mapred.LocalJobRunner: Finishing task: attempt_local2059304929_0012_m_000000_0
2024-04-24T01:17:45,734  INFO [LocalJobRunner Map Task Executor #0] mapred.LocalJobRunner: Starting task: attempt_local2059304929_0012_m_000001_0
2024-04-24T01:17:45,734  INFO [LocalJobRunner Map Task Executor #0] mapred.Task:  Using ResourceCalculatorProcessTree : [ ]
2024-04-24T01:17:45,735  INFO [LocalJobRunner Map Task Executor #0] mapred.MapTask: Processing split: org.apache.hadoop.hive.ql.io.orc.OrcInputFormat:OrcSplit [file:/home/alex/Repositories/hive/ql/target/tmp/org.apache.hadoop.hive.ql.TestTxnNoBuckets-1713946626176/warehouse/tmp/c3=0/000000_0, start=3, length=110, isOriginal=true, fileLength=242, hasFooter=false, hasBase=true, deltas=0]
2024-04-24T01:17:45,735  INFO [LocalJobRunner Map Task Executor #0] exec.SerializationUtilities: Deserializing MapWork using kryo
2024-04-24T01:17:45,736  INFO [LocalJobRunner Map Task Executor #0] exec.Utilities: Deserialized plan (via FILE) - name: null size: 6,77KB
2024-04-24T01:17:45,737  INFO [LocalJobRunner Map Task Executor #0] orc.ReaderImpl: Reading ORC rows from file:/home/alex/Repositories/hive/ql/target/tmp/org.apache.hadoop.hive.ql.TestTxnNoBuckets-1713946626176/warehouse/tmp/c3=0/000000_0 with {include: [true, true, true], offset: 3, length: 110, schema: struct<c1:int,c2:int>, includeAcidColumns: true}
2024-04-24T01:17:45,738  INFO [LocalJobRunner Map Task Executor #0] mapred.MapTask: numReduceTasks: 1
2024-04-24T01:17:45,749  INFO [LocalJobRunner Map Task Executor #0] mapred.MapTask: (EQUATOR) 0 kvi 26214396(104857584)
2024-04-24T01:17:45,750  INFO [LocalJobRunner Map Task Executor #0] mapred.MapTask: mapreduce.task.io.sort.mb: 100
2024-04-24T01:17:45,750  INFO [LocalJobRunner Map Task Executor #0] mapred.MapTask: soft limit at 83886080
2024-04-24T01:17:45,750  INFO [LocalJobRunner Map Task Executor #0] mapred.MapTask: bufstart = 0; bufvoid = 104857600
2024-04-24T01:17:45,750  INFO [LocalJobRunner Map Task Executor #0] mapred.MapTask: kvstart = 26214396; length = 6553600
2024-04-24T01:17:45,750  INFO [LocalJobRunner Map Task Executor #0] mapred.MapTask: Map output collector class = org.apache.hadoop.mapred.MapTask$MapOutputBuffer
2024-04-24T01:17:45,750  INFO [LocalJobRunner Map Task Executor #0] exec.MapOperator: Initializing Operator: MAP[0]
2024-04-24T01:17:45,753  INFO [LocalJobRunner Map Task Executor #0] mr.ExecMapper: 
<MAP>Id =0
  <Children>null
  <\Children>
  <Parent><\Parent>
<\MAP>
2024-04-24T01:17:45,754  INFO [LocalJobRunner Map Task Executor #0] exec.TableScanOperator: Initializing Operator: TS[0]
2024-04-24T01:17:45,754  INFO [LocalJobRunner Map Task Executor #0] exec.SelectOperator: Initializing Operator: SEL[1]
2024-04-24T01:17:45,754  INFO [LocalJobRunner Map Task Executor #0] exec.SelectOperator: SELECT struct<c1:int,c2:int,c3:int>
2024-04-24T01:17:45,754  INFO [LocalJobRunner Map Task Executor #0] exec.ReduceSinkOperator: Initializing Operator: RS[3]
2024-04-24T01:17:45,754  INFO [LocalJobRunner Map Task Executor #0] exec.ReduceSinkOperator: Using tag = -1
2024-04-24T01:17:45,755  INFO [LocalJobRunner Map Task Executor #0] exec.ReduceSinkOperator: keys are [_col2] num distributions: 1
2024-04-24T01:17:45,755  INFO [LocalJobRunner Map Task Executor #0] exec.ReduceSinkOperator: RS[3]: records written - 1
2024-04-24T01:17:45,755  INFO [LocalJobRunner Map Task Executor #0] exec.MapOperator: MAP[0]: records read - 1
2024-04-24T01:17:45,755  INFO [LocalJobRunner Map Task Executor #0] exec.MapOperator: Closing Operator: MAP[0]
2024-04-24T01:17:45,755  INFO [LocalJobRunner Map Task Executor #0] exec.MapOperator: MAP[0]: Total records read - 1. abort - false
2024-04-24T01:17:45,755  INFO [LocalJobRunner Map Task Executor #0] exec.MapOperator: RECORDS_IN:1, DESERIALIZE_ERRORS:0, RECORDS_OUT_INTERMEDIATE:0, RECORDS_OUT_OPERATOR_MAP_0:0, 
2024-04-24T01:17:45,755  INFO [LocalJobRunner Map Task Executor #0] exec.TableScanOperator: Closing Operator: TS[0]
2024-04-24T01:17:45,755  INFO [LocalJobRunner Map Task Executor #0] exec.TableScanOperator: RECORDS_OUT_INTERMEDIATE:0, RECORDS_OUT_OPERATOR_TS_0:1, 
2024-04-24T01:17:45,755  INFO [LocalJobRunner Map Task Executor #0] exec.SelectOperator: Closing Operator: SEL[1]
2024-04-24T01:17:45,755  INFO [LocalJobRunner Map Task Executor #0] exec.SelectOperator: RECORDS_OUT_OPERATOR_SEL_1:1, RECORDS_OUT_INTERMEDIATE:0, 
2024-04-24T01:17:45,755  INFO [LocalJobRunner Map Task Executor #0] exec.ReduceSinkOperator: Closing Operator: RS[3]
2024-04-24T01:17:45,755  INFO [LocalJobRunner Map Task Executor #0] exec.ReduceSinkOperator: RS[3]: Total records written - 1. abort - false
2024-04-24T01:17:45,756  INFO [LocalJobRunner Map Task Executor #0] exec.ReduceSinkOperator: RECORDS_OUT_INTERMEDIATE:1, RECORDS_OUT_OPERATOR_RS_3:1, 
2024-04-24T01:17:45,756  INFO [LocalJobRunner Map Task Executor #0] mapred.LocalJobRunner: 
2024-04-24T01:17:45,756  INFO [LocalJobRunner Map Task Executor #0] mapred.MapTask: Starting flush of map output
2024-04-24T01:17:45,756  INFO [LocalJobRunner Map Task Executor #0] mapred.MapTask: Spilling map output
2024-04-24T01:17:45,756  INFO [LocalJobRunner Map Task Executor #0] mapred.MapTask: bufstart = 0; bufend = 17; bufvoid = 104857600
2024-04-24T01:17:45,756  INFO [LocalJobRunner Map Task Executor #0] mapred.MapTask: kvstart = 26214396(104857584); kvend = 26214396(104857584); length = 1/6553600
2024-04-24T01:17:45,764  INFO [LocalJobRunner Map Task Executor #0] mapred.MapTask: Finished spill 0
2024-04-24T01:17:45,767  INFO [LocalJobRunner Map Task Executor #0] mapred.Task: Task:attempt_local2059304929_0012_m_000001_0 is done. And is in the process of committing
2024-04-24T01:17:45,767  INFO [LocalJobRunner Map Task Executor #0] mapred.LocalJobRunner: map
2024-04-24T01:17:45,767  INFO [LocalJobRunner Map Task Executor #0] mapred.Task: Task 'attempt_local2059304929_0012_m_000001_0' done.
2024-04-24T01:17:45,767  INFO [LocalJobRunner Map Task Executor #0] mapred.Task: Final Counters for attempt_local2059304929_0012_m_000001_0: Counters: 24
	File System Counters
		FILE: Number of bytes read=193208
		FILE: Number of bytes written=14135108
		FILE: Number of read operations=0
		FILE: Number of large read operations=0
		FILE: Number of write operations=0
	Map-Reduce Framework
		Map input records=1
		Map output records=1
		Map output bytes=17
		Map output materialized bytes=25
		Input split bytes=466
		Combine input records=0
		Spilled Records=1
		Failed Shuffles=0
		Merged Map outputs=0
		GC time elapsed (ms)=6
		Total committed heap usage (bytes)=1088421888
	HIVE
		DESERIALIZE_ERRORS=0
		RECORDS_IN=1
		RECORDS_OUT_INTERMEDIATE=1
		RECORDS_OUT_OPERATOR_MAP_0=0
		RECORDS_OUT_OPERATOR_RS_3=1
		RECORDS_OUT_OPERATOR_SEL_1=1
		RECORDS_OUT_OPERATOR_TS_0=1
	File Input Format Counters 
		Bytes Read=7865
2024-04-24T01:17:45,768  INFO [LocalJobRunner Map Task Executor #0] mapred.LocalJobRunner: Finishing task: attempt_local2059304929_0012_m_000001_0
2024-04-24T01:17:45,768  INFO [LocalJobRunner Map Task Executor #0] mapred.LocalJobRunner: Starting task: attempt_local2059304929_0012_m_000002_0
2024-04-24T01:17:45,768  INFO [LocalJobRunner Map Task Executor #0] mapred.Task:  Using ResourceCalculatorProcessTree : [ ]
2024-04-24T01:17:45,769  INFO [LocalJobRunner Map Task Executor #0] mapred.MapTask: Processing split: org.apache.hadoop.hive.ql.io.orc.OrcInputFormat:OrcSplit [file:/home/alex/Repositories/hive/ql/target/tmp/org.apache.hadoop.hive.ql.TestTxnNoBuckets-1713946626176/warehouse/tmp/c3=1/000000_0, start=3, length=110, isOriginal=true, fileLength=242, hasFooter=false, hasBase=true, deltas=0]
2024-04-24T01:17:45,769  INFO [LocalJobRunner Map Task Executor #0] exec.SerializationUtilities: Deserializing MapWork using kryo
2024-04-24T01:17:45,770  INFO [LocalJobRunner Map Task Executor #0] exec.Utilities: Deserialized plan (via FILE) - name: null size: 6,77KB
2024-04-24T01:17:45,771  INFO [LocalJobRunner Map Task Executor #0] orc.ReaderImpl: Reading ORC rows from file:/home/alex/Repositories/hive/ql/target/tmp/org.apache.hadoop.hive.ql.TestTxnNoBuckets-1713946626176/warehouse/tmp/c3=1/000000_0 with {include: [true, true, true], offset: 3, length: 110, schema: struct<c1:int,c2:int>, includeAcidColumns: true}
2024-04-24T01:17:45,772  INFO [LocalJobRunner Map Task Executor #0] mapred.MapTask: numReduceTasks: 1
2024-04-24T01:17:45,777  INFO [LocalJobRunner Map Task Executor #0] mapred.MapTask: (EQUATOR) 0 kvi 26214396(104857584)
2024-04-24T01:17:45,777  INFO [LocalJobRunner Map Task Executor #0] mapred.MapTask: mapreduce.task.io.sort.mb: 100
2024-04-24T01:17:45,777  INFO [LocalJobRunner Map Task Executor #0] mapred.MapTask: soft limit at 83886080
2024-04-24T01:17:45,777  INFO [LocalJobRunner Map Task Executor #0] mapred.MapTask: bufstart = 0; bufvoid = 104857600
2024-04-24T01:17:45,777  INFO [LocalJobRunner Map Task Executor #0] mapred.MapTask: kvstart = 26214396; length = 6553600
2024-04-24T01:17:45,777  INFO [LocalJobRunner Map Task Executor #0] mapred.MapTask: Map output collector class = org.apache.hadoop.mapred.MapTask$MapOutputBuffer
2024-04-24T01:17:45,778  INFO [LocalJobRunner Map Task Executor #0] exec.MapOperator: Initializing Operator: MAP[0]
2024-04-24T01:17:45,781  INFO [LocalJobRunner Map Task Executor #0] mr.ExecMapper: 
<MAP>Id =0
  <Children>null
  <\Children>
  <Parent><\Parent>
<\MAP>
2024-04-24T01:17:45,782  INFO [LocalJobRunner Map Task Executor #0] exec.TableScanOperator: Initializing Operator: TS[0]
2024-04-24T01:17:45,782  INFO [LocalJobRunner Map Task Executor #0] exec.SelectOperator: Initializing Operator: SEL[1]
2024-04-24T01:17:45,782  INFO [LocalJobRunner Map Task Executor #0] exec.SelectOperator: SELECT struct<c1:int,c2:int,c3:int>
2024-04-24T01:17:45,782  INFO [LocalJobRunner Map Task Executor #0] exec.ReduceSinkOperator: Initializing Operator: RS[3]
2024-04-24T01:17:45,782  INFO [LocalJobRunner Map Task Executor #0] exec.ReduceSinkOperator: Using tag = -1
2024-04-24T01:17:45,783  INFO [LocalJobRunner Map Task Executor #0] exec.ReduceSinkOperator: keys are [_col2] num distributions: 1
2024-04-24T01:17:45,783  INFO [LocalJobRunner Map Task Executor #0] exec.ReduceSinkOperator: RS[3]: records written - 1
2024-04-24T01:17:45,783  INFO [LocalJobRunner Map Task Executor #0] exec.MapOperator: MAP[0]: records read - 1
2024-04-24T01:17:45,783  INFO [LocalJobRunner Map Task Executor #0] exec.MapOperator: Closing Operator: MAP[0]
2024-04-24T01:17:45,783  INFO [LocalJobRunner Map Task Executor #0] exec.MapOperator: MAP[0]: Total records read - 1. abort - false
2024-04-24T01:17:45,783  INFO [LocalJobRunner Map Task Executor #0] exec.MapOperator: RECORDS_IN:1, RECORDS_OUT_OPERATOR_MAP_0:0, DESERIALIZE_ERRORS:0, RECORDS_OUT_INTERMEDIATE:0, 
2024-04-24T01:17:45,783  INFO [LocalJobRunner Map Task Executor #0] exec.TableScanOperator: Closing Operator: TS[0]
2024-04-24T01:17:45,783  INFO [LocalJobRunner Map Task Executor #0] exec.TableScanOperator: RECORDS_OUT_INTERMEDIATE:0, RECORDS_OUT_OPERATOR_TS_0:1, 
2024-04-24T01:17:45,783  INFO [LocalJobRunner Map Task Executor #0] exec.SelectOperator: Closing Operator: SEL[1]
2024-04-24T01:17:45,783  INFO [LocalJobRunner Map Task Executor #0] exec.SelectOperator: RECORDS_OUT_INTERMEDIATE:0, RECORDS_OUT_OPERATOR_SEL_1:1, 
2024-04-24T01:17:45,784  INFO [LocalJobRunner Map Task Executor #0] exec.ReduceSinkOperator: Closing Operator: RS[3]
2024-04-24T01:17:45,784  INFO [LocalJobRunner Map Task Executor #0] exec.ReduceSinkOperator: RS[3]: Total records written - 1. abort - false
2024-04-24T01:17:45,784  INFO [LocalJobRunner Map Task Executor #0] exec.ReduceSinkOperator: RECORDS_OUT_OPERATOR_RS_3:1, RECORDS_OUT_INTERMEDIATE:1, 
2024-04-24T01:17:45,784  INFO [LocalJobRunner Map Task Executor #0] mapred.LocalJobRunner: 
2024-04-24T01:17:45,784  INFO [LocalJobRunner Map Task Executor #0] mapred.MapTask: Starting flush of map output
2024-04-24T01:17:45,784  INFO [LocalJobRunner Map Task Executor #0] mapred.MapTask: Spilling map output
2024-04-24T01:17:45,784  INFO [LocalJobRunner Map Task Executor #0] mapred.MapTask: bufstart = 0; bufend = 17; bufvoid = 104857600
2024-04-24T01:17:45,784  INFO [LocalJobRunner Map Task Executor #0] mapred.MapTask: kvstart = 26214396(104857584); kvend = 26214396(104857584); length = 1/6553600
2024-04-24T01:17:45,792  INFO [LocalJobRunner Map Task Executor #0] mapred.MapTask: Finished spill 0
2024-04-24T01:17:45,795  INFO [LocalJobRunner Map Task Executor #0] mapred.Task: Task:attempt_local2059304929_0012_m_000002_0 is done. And is in the process of committing
2024-04-24T01:17:45,796  INFO [LocalJobRunner Map Task Executor #0] mapred.LocalJobRunner: map
2024-04-24T01:17:45,796  INFO [LocalJobRunner Map Task Executor #0] mapred.Task: Task 'attempt_local2059304929_0012_m_000002_0' done.
2024-04-24T01:17:45,796  INFO [LocalJobRunner Map Task Executor #0] mapred.Task: Final Counters for attempt_local2059304929_0012_m_000002_0: Counters: 24
	File System Counters
		FILE: Number of bytes read=204343
		FILE: Number of bytes written=14135165
		FILE: Number of read operations=0
		FILE: Number of large read operations=0
		FILE: Number of write operations=0
	Map-Reduce Framework
		Map input records=1
		Map output records=1
		Map output bytes=17
		Map output materialized bytes=25
		Input split bytes=466
		Combine input records=0
		Spilled Records=1
		Failed Shuffles=0
		Merged Map outputs=0
		GC time elapsed (ms)=0
		Total committed heap usage (bytes)=1088421888
	HIVE
		DESERIALIZE_ERRORS=0
		RECORDS_IN=1
		RECORDS_OUT_INTERMEDIATE=1
		RECORDS_OUT_OPERATOR_MAP_0=0
		RECORDS_OUT_OPERATOR_RS_3=1
		RECORDS_OUT_OPERATOR_SEL_1=1
		RECORDS_OUT_OPERATOR_TS_0=1
	File Input Format Counters 
		Bytes Read=7865
2024-04-24T01:17:45,796  INFO [LocalJobRunner Map Task Executor #0] mapred.LocalJobRunner: Finishing task: attempt_local2059304929_0012_m_000002_0
2024-04-24T01:17:45,796  INFO [LocalJobRunner Map Task Executor #0] mapred.LocalJobRunner: Starting task: attempt_local2059304929_0012_m_000003_0
2024-04-24T01:17:45,797  INFO [LocalJobRunner Map Task Executor #0] mapred.Task:  Using ResourceCalculatorProcessTree : [ ]
2024-04-24T01:17:45,797  INFO [LocalJobRunner Map Task Executor #0] mapred.MapTask: Processing split: org.apache.hadoop.hive.ql.io.orc.OrcInputFormat:OrcSplit [file:/home/alex/Repositories/hive/ql/target/tmp/org.apache.hadoop.hive.ql.TestTxnNoBuckets-1713946626176/warehouse/tmp/c3=6/000000_0, start=3, length=110, isOriginal=true, fileLength=242, hasFooter=false, hasBase=true, deltas=0]
2024-04-24T01:17:45,798  INFO [LocalJobRunner Map Task Executor #0] exec.SerializationUtilities: Deserializing MapWork using kryo
2024-04-24T01:17:45,799  INFO [LocalJobRunner Map Task Executor #0] exec.Utilities: Deserialized plan (via FILE) - name: null size: 6,77KB
2024-04-24T01:17:45,800  INFO [LocalJobRunner Map Task Executor #0] orc.ReaderImpl: Reading ORC rows from file:/home/alex/Repositories/hive/ql/target/tmp/org.apache.hadoop.hive.ql.TestTxnNoBuckets-1713946626176/warehouse/tmp/c3=6/000000_0 with {include: [true, true, true], offset: 3, length: 110, schema: struct<c1:int,c2:int>, includeAcidColumns: true}
2024-04-24T01:17:45,800  INFO [LocalJobRunner Map Task Executor #0] mapred.MapTask: numReduceTasks: 1
2024-04-24T01:17:45,805  INFO [LocalJobRunner Map Task Executor #0] mapred.MapTask: (EQUATOR) 0 kvi 26214396(104857584)
2024-04-24T01:17:45,805  INFO [LocalJobRunner Map Task Executor #0] mapred.MapTask: mapreduce.task.io.sort.mb: 100
2024-04-24T01:17:45,805  INFO [LocalJobRunner Map Task Executor #0] mapred.MapTask: soft limit at 83886080
2024-04-24T01:17:45,805  INFO [LocalJobRunner Map Task Executor #0] mapred.MapTask: bufstart = 0; bufvoid = 104857600
2024-04-24T01:17:45,805  INFO [LocalJobRunner Map Task Executor #0] mapred.MapTask: kvstart = 26214396; length = 6553600
2024-04-24T01:17:45,805  INFO [LocalJobRunner Map Task Executor #0] mapred.MapTask: Map output collector class = org.apache.hadoop.mapred.MapTask$MapOutputBuffer
2024-04-24T01:17:45,806  INFO [LocalJobRunner Map Task Executor #0] exec.MapOperator: Initializing Operator: MAP[0]
2024-04-24T01:17:45,809  INFO [LocalJobRunner Map Task Executor #0] mr.ExecMapper: 
<MAP>Id =0
  <Children>null
  <\Children>
  <Parent><\Parent>
<\MAP>
2024-04-24T01:17:45,810  INFO [LocalJobRunner Map Task Executor #0] exec.TableScanOperator: Initializing Operator: TS[0]
2024-04-24T01:17:45,810  INFO [LocalJobRunner Map Task Executor #0] exec.SelectOperator: Initializing Operator: SEL[1]
2024-04-24T01:17:45,810  INFO [LocalJobRunner Map Task Executor #0] exec.SelectOperator: SELECT struct<c1:int,c2:int,c3:int>
2024-04-24T01:17:45,810  INFO [LocalJobRunner Map Task Executor #0] exec.ReduceSinkOperator: Initializing Operator: RS[3]
2024-04-24T01:17:45,810  INFO [LocalJobRunner Map Task Executor #0] exec.ReduceSinkOperator: Using tag = -1
2024-04-24T01:17:45,810  INFO [LocalJobRunner Map Task Executor #0] exec.ReduceSinkOperator: keys are [_col2] num distributions: 1
2024-04-24T01:17:45,811  INFO [LocalJobRunner Map Task Executor #0] exec.ReduceSinkOperator: RS[3]: records written - 1
2024-04-24T01:17:45,811  INFO [LocalJobRunner Map Task Executor #0] exec.MapOperator: MAP[0]: records read - 1
2024-04-24T01:17:45,811  INFO [LocalJobRunner Map Task Executor #0] exec.MapOperator: Closing Operator: MAP[0]
2024-04-24T01:17:45,811  INFO [LocalJobRunner Map Task Executor #0] exec.MapOperator: MAP[0]: Total records read - 1. abort - false
2024-04-24T01:17:45,811  INFO [LocalJobRunner Map Task Executor #0] exec.MapOperator: RECORDS_IN:1, RECORDS_OUT_INTERMEDIATE:0, RECORDS_OUT_OPERATOR_MAP_0:0, DESERIALIZE_ERRORS:0, 
2024-04-24T01:17:45,811  INFO [LocalJobRunner Map Task Executor #0] exec.TableScanOperator: Closing Operator: TS[0]
2024-04-24T01:17:45,811  INFO [LocalJobRunner Map Task Executor #0] exec.TableScanOperator: RECORDS_OUT_OPERATOR_TS_0:1, RECORDS_OUT_INTERMEDIATE:0, 
2024-04-24T01:17:45,811  INFO [LocalJobRunner Map Task Executor #0] exec.SelectOperator: Closing Operator: SEL[1]
2024-04-24T01:17:45,811  INFO [LocalJobRunner Map Task Executor #0] exec.SelectOperator: RECORDS_OUT_INTERMEDIATE:0, RECORDS_OUT_OPERATOR_SEL_1:1, 
2024-04-24T01:17:45,811  INFO [LocalJobRunner Map Task Executor #0] exec.ReduceSinkOperator: Closing Operator: RS[3]
2024-04-24T01:17:45,811  INFO [LocalJobRunner Map Task Executor #0] exec.ReduceSinkOperator: RS[3]: Total records written - 1. abort - false
2024-04-24T01:17:45,811  INFO [LocalJobRunner Map Task Executor #0] exec.ReduceSinkOperator: RECORDS_OUT_OPERATOR_RS_3:1, RECORDS_OUT_INTERMEDIATE:1, 
2024-04-24T01:17:45,812  INFO [LocalJobRunner Map Task Executor #0] mapred.LocalJobRunner: 
2024-04-24T01:17:45,812  INFO [LocalJobRunner Map Task Executor #0] mapred.MapTask: Starting flush of map output
2024-04-24T01:17:45,812  INFO [LocalJobRunner Map Task Executor #0] mapred.MapTask: Spilling map output
2024-04-24T01:17:45,812  INFO [LocalJobRunner Map Task Executor #0] mapred.MapTask: bufstart = 0; bufend = 17; bufvoid = 104857600
2024-04-24T01:17:45,812  INFO [LocalJobRunner Map Task Executor #0] mapred.MapTask: kvstart = 26214396(104857584); kvend = 26214396(104857584); length = 1/6553600
2024-04-24T01:17:45,819  INFO [LocalJobRunner Map Task Executor #0] mapred.MapTask: Finished spill 0
2024-04-24T01:17:45,822  INFO [LocalJobRunner Map Task Executor #0] mapred.Task: Task:attempt_local2059304929_0012_m_000003_0 is done. And is in the process of committing
2024-04-24T01:17:45,823  INFO [LocalJobRunner Map Task Executor #0] mapred.LocalJobRunner: map
2024-04-24T01:17:45,823  INFO [LocalJobRunner Map Task Executor #0] mapred.Task: Task 'attempt_local2059304929_0012_m_000003_0' done.
2024-04-24T01:17:45,823  INFO [LocalJobRunner Map Task Executor #0] mapred.Task: Final Counters for attempt_local2059304929_0012_m_000003_0: Counters: 24
	File System Counters
		FILE: Number of bytes read=214966
		FILE: Number of bytes written=14135222
		FILE: Number of read operations=0
		FILE: Number of large read operations=0
		FILE: Number of write operations=0
	Map-Reduce Framework
		Map input records=1
		Map output records=1
		Map output bytes=17
		Map output materialized bytes=25
		Input split bytes=466
		Combine input records=0
		Spilled Records=1
		Failed Shuffles=0
		Merged Map outputs=0
		GC time elapsed (ms)=0
		Total committed heap usage (bytes)=1088421888
	HIVE
		DESERIALIZE_ERRORS=0
		RECORDS_IN=1
		RECORDS_OUT_INTERMEDIATE=1
		RECORDS_OUT_OPERATOR_MAP_0=0
		RECORDS_OUT_OPERATOR_RS_3=1
		RECORDS_OUT_OPERATOR_SEL_1=1
		RECORDS_OUT_OPERATOR_TS_0=1
	File Input Format Counters 
		Bytes Read=7865
2024-04-24T01:17:45,823  INFO [LocalJobRunner Map Task Executor #0] mapred.LocalJobRunner: Finishing task: attempt_local2059304929_0012_m_000003_0
2024-04-24T01:17:45,823  INFO [LocalJobRunner Map Task Executor #0] mapred.LocalJobRunner: Starting task: attempt_local2059304929_0012_m_000004_0
2024-04-24T01:17:45,824  INFO [LocalJobRunner Map Task Executor #0] mapred.Task:  Using ResourceCalculatorProcessTree : [ ]
2024-04-24T01:17:45,824  INFO [LocalJobRunner Map Task Executor #0] mapred.MapTask: Processing split: org.apache.hadoop.hive.ql.io.orc.OrcInputFormat:OrcSplit [file:/home/alex/Repositories/hive/ql/target/tmp/org.apache.hadoop.hive.ql.TestTxnNoBuckets-1713946626176/warehouse/tmp/c3=5/000000_0, start=3, length=110, isOriginal=true, fileLength=242, hasFooter=false, hasBase=true, deltas=0]
2024-04-24T01:17:45,825  INFO [LocalJobRunner Map Task Executor #0] exec.SerializationUtilities: Deserializing MapWork using kryo
2024-04-24T01:17:45,825  INFO [LocalJobRunner Map Task Executor #0] exec.Utilities: Deserialized plan (via FILE) - name: null size: 6,77KB
2024-04-24T01:17:45,826  INFO [LocalJobRunner Map Task Executor #0] orc.ReaderImpl: Reading ORC rows from file:/home/alex/Repositories/hive/ql/target/tmp/org.apache.hadoop.hive.ql.TestTxnNoBuckets-1713946626176/warehouse/tmp/c3=5/000000_0 with {include: [true, true, true], offset: 3, length: 110, schema: struct<c1:int,c2:int>, includeAcidColumns: true}
2024-04-24T01:17:45,827  INFO [LocalJobRunner Map Task Executor #0] mapred.MapTask: numReduceTasks: 1
2024-04-24T01:17:45,832  INFO [LocalJobRunner Map Task Executor #0] mapred.MapTask: (EQUATOR) 0 kvi 26214396(104857584)
2024-04-24T01:17:45,832  INFO [LocalJobRunner Map Task Executor #0] mapred.MapTask: mapreduce.task.io.sort.mb: 100
2024-04-24T01:17:45,832  INFO [LocalJobRunner Map Task Executor #0] mapred.MapTask: soft limit at 83886080
2024-04-24T01:17:45,832  INFO [LocalJobRunner Map Task Executor #0] mapred.MapTask: bufstart = 0; bufvoid = 104857600
2024-04-24T01:17:45,832  INFO [LocalJobRunner Map Task Executor #0] mapred.MapTask: kvstart = 26214396; length = 6553600
2024-04-24T01:17:45,833  INFO [LocalJobRunner Map Task Executor #0] mapred.MapTask: Map output collector class = org.apache.hadoop.mapred.MapTask$MapOutputBuffer
2024-04-24T01:17:45,833  INFO [LocalJobRunner Map Task Executor #0] exec.MapOperator: Initializing Operator: MAP[0]
2024-04-24T01:17:45,836  INFO [LocalJobRunner Map Task Executor #0] mr.ExecMapper: 
<MAP>Id =0
  <Children>null
  <\Children>
  <Parent><\Parent>
<\MAP>
2024-04-24T01:17:45,837  INFO [LocalJobRunner Map Task Executor #0] exec.TableScanOperator: Initializing Operator: TS[0]
2024-04-24T01:17:45,837  INFO [LocalJobRunner Map Task Executor #0] exec.SelectOperator: Initializing Operator: SEL[1]
2024-04-24T01:17:45,837  INFO [LocalJobRunner Map Task Executor #0] exec.SelectOperator: SELECT struct<c1:int,c2:int,c3:int>
2024-04-24T01:17:45,837  INFO [LocalJobRunner Map Task Executor #0] exec.ReduceSinkOperator: Initializing Operator: RS[3]
2024-04-24T01:17:45,837  INFO [LocalJobRunner Map Task Executor #0] exec.ReduceSinkOperator: Using tag = -1
2024-04-24T01:17:45,838  INFO [LocalJobRunner Map Task Executor #0] exec.ReduceSinkOperator: keys are [_col2] num distributions: 1
2024-04-24T01:17:45,838  INFO [LocalJobRunner Map Task Executor #0] exec.ReduceSinkOperator: RS[3]: records written - 1
2024-04-24T01:17:45,838  INFO [LocalJobRunner Map Task Executor #0] exec.MapOperator: MAP[0]: records read - 1
2024-04-24T01:17:45,838  INFO [LocalJobRunner Map Task Executor #0] exec.MapOperator: Closing Operator: MAP[0]
2024-04-24T01:17:45,838  INFO [LocalJobRunner Map Task Executor #0] exec.MapOperator: MAP[0]: Total records read - 1. abort - false
2024-04-24T01:17:45,838  INFO [LocalJobRunner Map Task Executor #0] exec.MapOperator: RECORDS_IN:1, DESERIALIZE_ERRORS:0, RECORDS_OUT_OPERATOR_MAP_0:0, RECORDS_OUT_INTERMEDIATE:0, 
2024-04-24T01:17:45,838  INFO [LocalJobRunner Map Task Executor #0] exec.TableScanOperator: Closing Operator: TS[0]
2024-04-24T01:17:45,838  INFO [LocalJobRunner Map Task Executor #0] exec.TableScanOperator: RECORDS_OUT_OPERATOR_TS_0:1, RECORDS_OUT_INTERMEDIATE:0, 
2024-04-24T01:17:45,838  INFO [LocalJobRunner Map Task Executor #0] exec.SelectOperator: Closing Operator: SEL[1]
2024-04-24T01:17:45,838  INFO [LocalJobRunner Map Task Executor #0] exec.SelectOperator: RECORDS_OUT_OPERATOR_SEL_1:1, RECORDS_OUT_INTERMEDIATE:0, 
2024-04-24T01:17:45,838  INFO [LocalJobRunner Map Task Executor #0] exec.ReduceSinkOperator: Closing Operator: RS[3]
2024-04-24T01:17:45,838  INFO [LocalJobRunner Map Task Executor #0] exec.ReduceSinkOperator: RS[3]: Total records written - 1. abort - false
2024-04-24T01:17:45,838  INFO [LocalJobRunner Map Task Executor #0] exec.ReduceSinkOperator: RECORDS_OUT_INTERMEDIATE:1, RECORDS_OUT_OPERATOR_RS_3:1, 
2024-04-24T01:17:45,839  INFO [LocalJobRunner Map Task Executor #0] mapred.LocalJobRunner: 
2024-04-24T01:17:45,839  INFO [LocalJobRunner Map Task Executor #0] mapred.MapTask: Starting flush of map output
2024-04-24T01:17:45,839  INFO [LocalJobRunner Map Task Executor #0] mapred.MapTask: Spilling map output
2024-04-24T01:17:45,839  INFO [LocalJobRunner Map Task Executor #0] mapred.MapTask: bufstart = 0; bufend = 17; bufvoid = 104857600
2024-04-24T01:17:45,839  INFO [LocalJobRunner Map Task Executor #0] mapred.MapTask: kvstart = 26214396(104857584); kvend = 26214396(104857584); length = 1/6553600
2024-04-24T01:17:45,847  INFO [LocalJobRunner Map Task Executor #0] mapred.MapTask: Finished spill 0
2024-04-24T01:17:45,850  INFO [LocalJobRunner Map Task Executor #0] mapred.Task: Task:attempt_local2059304929_0012_m_000004_0 is done. And is in the process of committing
2024-04-24T01:17:45,850  INFO [LocalJobRunner Map Task Executor #0] mapred.LocalJobRunner: map
2024-04-24T01:17:45,850  INFO [LocalJobRunner Map Task Executor #0] mapred.Task: Task 'attempt_local2059304929_0012_m_000004_0' done.
2024-04-24T01:17:45,850  INFO [LocalJobRunner Map Task Executor #0] mapred.Task: Final Counters for attempt_local2059304929_0012_m_000004_0: Counters: 24
	File System Counters
		FILE: Number of bytes read=225077
		FILE: Number of bytes written=14135279
		FILE: Number of read operations=0
		FILE: Number of large read operations=0
		FILE: Number of write operations=0
	Map-Reduce Framework
		Map input records=1
		Map output records=1
		Map output bytes=17
		Map output materialized bytes=25
		Input split bytes=466
		Combine input records=0
		Spilled Records=1
		Failed Shuffles=0
		Merged Map outputs=0
		GC time elapsed (ms)=0
		Total committed heap usage (bytes)=1088421888
	HIVE
		DESERIALIZE_ERRORS=0
		RECORDS_IN=1
		RECORDS_OUT_INTERMEDIATE=1
		RECORDS_OUT_OPERATOR_MAP_0=0
		RECORDS_OUT_OPERATOR_RS_3=1
		RECORDS_OUT_OPERATOR_SEL_1=1
		RECORDS_OUT_OPERATOR_TS_0=1
	File Input Format Counters 
		Bytes Read=7865
2024-04-24T01:17:45,850  INFO [LocalJobRunner Map Task Executor #0] mapred.LocalJobRunner: Finishing task: attempt_local2059304929_0012_m_000004_0
2024-04-24T01:17:45,850  INFO [LocalJobRunner Map Task Executor #0] mapred.LocalJobRunner: Starting task: attempt_local2059304929_0012_m_000005_0
2024-04-24T01:17:45,851  INFO [LocalJobRunner Map Task Executor #0] mapred.Task:  Using ResourceCalculatorProcessTree : [ ]
2024-04-24T01:17:45,852  INFO [LocalJobRunner Map Task Executor #0] mapred.MapTask: Processing split: org.apache.hadoop.hive.ql.io.orc.OrcInputFormat:OrcSplit [file:/home/alex/Repositories/hive/ql/target/tmp/org.apache.hadoop.hive.ql.TestTxnNoBuckets-1713946626176/warehouse/tmp/c3=4/000000_0, start=3, length=110, isOriginal=true, fileLength=242, hasFooter=false, hasBase=true, deltas=0]
2024-04-24T01:17:45,852  INFO [LocalJobRunner Map Task Executor #0] exec.SerializationUtilities: Deserializing MapWork using kryo
2024-04-24T01:17:45,853  INFO [LocalJobRunner Map Task Executor #0] exec.Utilities: Deserialized plan (via FILE) - name: null size: 6,77KB
2024-04-24T01:17:45,854  INFO [LocalJobRunner Map Task Executor #0] orc.ReaderImpl: Reading ORC rows from file:/home/alex/Repositories/hive/ql/target/tmp/org.apache.hadoop.hive.ql.TestTxnNoBuckets-1713946626176/warehouse/tmp/c3=4/000000_0 with {include: [true, true, true], offset: 3, length: 110, schema: struct<c1:int,c2:int>, includeAcidColumns: true}
2024-04-24T01:17:45,855  INFO [LocalJobRunner Map Task Executor #0] mapred.MapTask: numReduceTasks: 1
2024-04-24T01:17:45,859  INFO [LocalJobRunner Map Task Executor #0] mapred.MapTask: (EQUATOR) 0 kvi 26214396(104857584)
2024-04-24T01:17:45,860  INFO [LocalJobRunner Map Task Executor #0] mapred.MapTask: mapreduce.task.io.sort.mb: 100
2024-04-24T01:17:45,860  INFO [LocalJobRunner Map Task Executor #0] mapred.MapTask: soft limit at 83886080
2024-04-24T01:17:45,860  INFO [LocalJobRunner Map Task Executor #0] mapred.MapTask: bufstart = 0; bufvoid = 104857600
2024-04-24T01:17:45,860  INFO [LocalJobRunner Map Task Executor #0] mapred.MapTask: kvstart = 26214396; length = 6553600
2024-04-24T01:17:45,860  INFO [LocalJobRunner Map Task Executor #0] mapred.MapTask: Map output collector class = org.apache.hadoop.mapred.MapTask$MapOutputBuffer
2024-04-24T01:17:45,860  INFO [LocalJobRunner Map Task Executor #0] exec.MapOperator: Initializing Operator: MAP[0]
2024-04-24T01:17:45,864  INFO [LocalJobRunner Map Task Executor #0] mr.ExecMapper: 
<MAP>Id =0
  <Children>null
  <\Children>
  <Parent><\Parent>
<\MAP>
2024-04-24T01:17:45,864  INFO [LocalJobRunner Map Task Executor #0] exec.TableScanOperator: Initializing Operator: TS[0]
2024-04-24T01:17:45,864  INFO [LocalJobRunner Map Task Executor #0] exec.SelectOperator: Initializing Operator: SEL[1]
2024-04-24T01:17:45,864  INFO [LocalJobRunner Map Task Executor #0] exec.SelectOperator: SELECT struct<c1:int,c2:int,c3:int>
2024-04-24T01:17:45,865  INFO [LocalJobRunner Map Task Executor #0] exec.ReduceSinkOperator: Initializing Operator: RS[3]
2024-04-24T01:17:45,865  INFO [LocalJobRunner Map Task Executor #0] exec.ReduceSinkOperator: Using tag = -1
2024-04-24T01:17:45,865  INFO [LocalJobRunner Map Task Executor #0] exec.ReduceSinkOperator: keys are [_col2] num distributions: 1
2024-04-24T01:17:45,865  INFO [LocalJobRunner Map Task Executor #0] exec.ReduceSinkOperator: RS[3]: records written - 1
2024-04-24T01:17:45,865  INFO [LocalJobRunner Map Task Executor #0] exec.MapOperator: MAP[0]: records read - 1
2024-04-24T01:17:45,865  INFO [LocalJobRunner Map Task Executor #0] exec.MapOperator: Closing Operator: MAP[0]
2024-04-24T01:17:45,865  INFO [LocalJobRunner Map Task Executor #0] exec.MapOperator: MAP[0]: Total records read - 1. abort - false
2024-04-24T01:17:45,866  INFO [LocalJobRunner Map Task Executor #0] exec.MapOperator: RECORDS_OUT_OPERATOR_MAP_0:0, RECORDS_OUT_INTERMEDIATE:0, RECORDS_IN:1, DESERIALIZE_ERRORS:0, 
2024-04-24T01:17:45,866  INFO [LocalJobRunner Map Task Executor #0] exec.TableScanOperator: Closing Operator: TS[0]
2024-04-24T01:17:45,866  INFO [LocalJobRunner Map Task Executor #0] exec.TableScanOperator: RECORDS_OUT_INTERMEDIATE:0, RECORDS_OUT_OPERATOR_TS_0:1, 
2024-04-24T01:17:45,866  INFO [LocalJobRunner Map Task Executor #0] exec.SelectOperator: Closing Operator: SEL[1]
2024-04-24T01:17:45,866  INFO [LocalJobRunner Map Task Executor #0] exec.SelectOperator: RECORDS_OUT_INTERMEDIATE:0, RECORDS_OUT_OPERATOR_SEL_1:1, 
2024-04-24T01:17:45,866  INFO [LocalJobRunner Map Task Executor #0] exec.ReduceSinkOperator: Closing Operator: RS[3]
2024-04-24T01:17:45,866  INFO [LocalJobRunner Map Task Executor #0] exec.ReduceSinkOperator: RS[3]: Total records written - 1. abort - false
2024-04-24T01:17:45,866  INFO [LocalJobRunner Map Task Executor #0] exec.ReduceSinkOperator: RECORDS_OUT_OPERATOR_RS_3:1, RECORDS_OUT_INTERMEDIATE:1, 
2024-04-24T01:17:45,866  INFO [LocalJobRunner Map Task Executor #0] mapred.LocalJobRunner: 
2024-04-24T01:17:45,866  INFO [LocalJobRunner Map Task Executor #0] mapred.MapTask: Starting flush of map output
2024-04-24T01:17:45,866  INFO [LocalJobRunner Map Task Executor #0] mapred.MapTask: Spilling map output
2024-04-24T01:17:45,866  INFO [LocalJobRunner Map Task Executor #0] mapred.MapTask: bufstart = 0; bufend = 17; bufvoid = 104857600
2024-04-24T01:17:45,867  INFO [LocalJobRunner Map Task Executor #0] mapred.MapTask: kvstart = 26214396(104857584); kvend = 26214396(104857584); length = 1/6553600
2024-04-24T01:17:45,874  INFO [LocalJobRunner Map Task Executor #0] mapred.MapTask: Finished spill 0
2024-04-24T01:17:45,877  INFO [LocalJobRunner Map Task Executor #0] mapred.Task: Task:attempt_local2059304929_0012_m_000005_0 is done. And is in the process of committing
2024-04-24T01:17:45,878  INFO [LocalJobRunner Map Task Executor #0] mapred.LocalJobRunner: map
2024-04-24T01:17:45,878  INFO [LocalJobRunner Map Task Executor #0] mapred.Task: Task 'attempt_local2059304929_0012_m_000005_0' done.
2024-04-24T01:17:45,878  INFO [LocalJobRunner Map Task Executor #0] mapred.Task: Final Counters for attempt_local2059304929_0012_m_000005_0: Counters: 24
	File System Counters
		FILE: Number of bytes read=234676
		FILE: Number of bytes written=14135336
		FILE: Number of read operations=0
		FILE: Number of large read operations=0
		FILE: Number of write operations=0
	Map-Reduce Framework
		Map input records=1
		Map output records=1
		Map output bytes=17
		Map output materialized bytes=25
		Input split bytes=466
		Combine input records=0
		Spilled Records=1
		Failed Shuffles=0
		Merged Map outputs=0
		GC time elapsed (ms)=0
		Total committed heap usage (bytes)=1088421888
	HIVE
		DESERIALIZE_ERRORS=0
		RECORDS_IN=1
		RECORDS_OUT_INTERMEDIATE=1
		RECORDS_OUT_OPERATOR_MAP_0=0
		RECORDS_OUT_OPERATOR_RS_3=1
		RECORDS_OUT_OPERATOR_SEL_1=1
		RECORDS_OUT_OPERATOR_TS_0=1
	File Input Format Counters 
		Bytes Read=7865
2024-04-24T01:17:45,878  INFO [LocalJobRunner Map Task Executor #0] mapred.LocalJobRunner: Finishing task: attempt_local2059304929_0012_m_000005_0
2024-04-24T01:17:45,878  INFO [LocalJobRunner Map Task Executor #0] mapred.LocalJobRunner: Starting task: attempt_local2059304929_0012_m_000006_0
2024-04-24T01:17:45,879  INFO [LocalJobRunner Map Task Executor #0] mapred.Task:  Using ResourceCalculatorProcessTree : [ ]
2024-04-24T01:17:45,880  INFO [LocalJobRunner Map Task Executor #0] mapred.MapTask: Processing split: org.apache.hadoop.hive.ql.io.orc.OrcInputFormat:OrcSplit [file:/home/alex/Repositories/hive/ql/target/tmp/org.apache.hadoop.hive.ql.TestTxnNoBuckets-1713946626176/warehouse/tmp/c3=3/000000_0, start=3, length=110, isOriginal=true, fileLength=242, hasFooter=false, hasBase=true, deltas=0]
2024-04-24T01:17:45,880  INFO [LocalJobRunner Map Task Executor #0] exec.SerializationUtilities: Deserializing MapWork using kryo
2024-04-24T01:17:45,881  INFO [LocalJobRunner Map Task Executor #0] exec.Utilities: Deserialized plan (via FILE) - name: null size: 6,77KB
2024-04-24T01:17:45,882  INFO [LocalJobRunner Map Task Executor #0] orc.ReaderImpl: Reading ORC rows from file:/home/alex/Repositories/hive/ql/target/tmp/org.apache.hadoop.hive.ql.TestTxnNoBuckets-1713946626176/warehouse/tmp/c3=3/000000_0 with {include: [true, true, true], offset: 3, length: 110, schema: struct<c1:int,c2:int>, includeAcidColumns: true}
2024-04-24T01:17:45,883  INFO [LocalJobRunner Map Task Executor #0] mapred.MapTask: numReduceTasks: 1
2024-04-24T01:17:45,897  INFO [LocalJobRunner Map Task Executor #0] mapred.MapTask: (EQUATOR) 0 kvi 26214396(104857584)
2024-04-24T01:17:45,898  INFO [LocalJobRunner Map Task Executor #0] mapred.MapTask: mapreduce.task.io.sort.mb: 100
2024-04-24T01:17:45,898  INFO [LocalJobRunner Map Task Executor #0] mapred.MapTask: soft limit at 83886080
2024-04-24T01:17:45,898  INFO [LocalJobRunner Map Task Executor #0] mapred.MapTask: bufstart = 0; bufvoid = 104857600
2024-04-24T01:17:45,898  INFO [LocalJobRunner Map Task Executor #0] mapred.MapTask: kvstart = 26214396; length = 6553600
2024-04-24T01:17:45,898  INFO [LocalJobRunner Map Task Executor #0] mapred.MapTask: Map output collector class = org.apache.hadoop.mapred.MapTask$MapOutputBuffer
2024-04-24T01:17:45,899  INFO [LocalJobRunner Map Task Executor #0] exec.MapOperator: Initializing Operator: MAP[0]
2024-04-24T01:17:45,901  INFO [LocalJobRunner Map Task Executor #0] mr.ExecMapper: 
<MAP>Id =0
  <Children>null
  <\Children>
  <Parent><\Parent>
<\MAP>
2024-04-24T01:17:45,902  INFO [LocalJobRunner Map Task Executor #0] exec.TableScanOperator: Initializing Operator: TS[0]
2024-04-24T01:17:45,902  INFO [LocalJobRunner Map Task Executor #0] exec.SelectOperator: Initializing Operator: SEL[1]
2024-04-24T01:17:45,902  INFO [LocalJobRunner Map Task Executor #0] exec.SelectOperator: SELECT struct<c1:int,c2:int,c3:int>
2024-04-24T01:17:45,902  INFO [LocalJobRunner Map Task Executor #0] exec.ReduceSinkOperator: Initializing Operator: RS[3]
2024-04-24T01:17:45,902  INFO [LocalJobRunner Map Task Executor #0] exec.ReduceSinkOperator: Using tag = -1
2024-04-24T01:17:45,903  INFO [LocalJobRunner Map Task Executor #0] exec.ReduceSinkOperator: keys are [_col2] num distributions: 1
2024-04-24T01:17:45,903  INFO [LocalJobRunner Map Task Executor #0] exec.ReduceSinkOperator: RS[3]: records written - 1
2024-04-24T01:17:45,903  INFO [LocalJobRunner Map Task Executor #0] exec.MapOperator: MAP[0]: records read - 1
2024-04-24T01:17:45,903  INFO [LocalJobRunner Map Task Executor #0] exec.MapOperator: Closing Operator: MAP[0]
2024-04-24T01:17:45,903  INFO [LocalJobRunner Map Task Executor #0] exec.MapOperator: MAP[0]: Total records read - 1. abort - false
2024-04-24T01:17:45,903  INFO [LocalJobRunner Map Task Executor #0] exec.MapOperator: RECORDS_OUT_INTERMEDIATE:0, DESERIALIZE_ERRORS:0, RECORDS_IN:1, RECORDS_OUT_OPERATOR_MAP_0:0, 
2024-04-24T01:17:45,903  INFO [LocalJobRunner Map Task Executor #0] exec.TableScanOperator: Closing Operator: TS[0]
2024-04-24T01:17:45,903  INFO [LocalJobRunner Map Task Executor #0] exec.TableScanOperator: RECORDS_OUT_INTERMEDIATE:0, RECORDS_OUT_OPERATOR_TS_0:1, 
2024-04-24T01:17:45,903  INFO [LocalJobRunner Map Task Executor #0] exec.SelectOperator: Closing Operator: SEL[1]
2024-04-24T01:17:45,903  INFO [LocalJobRunner Map Task Executor #0] exec.SelectOperator: RECORDS_OUT_OPERATOR_SEL_1:1, RECORDS_OUT_INTERMEDIATE:0, 
2024-04-24T01:17:45,903  INFO [LocalJobRunner Map Task Executor #0] exec.ReduceSinkOperator: Closing Operator: RS[3]
2024-04-24T01:17:45,903  INFO [LocalJobRunner Map Task Executor #0] exec.ReduceSinkOperator: RS[3]: Total records written - 1. abort - false
2024-04-24T01:17:45,903  INFO [LocalJobRunner Map Task Executor #0] exec.ReduceSinkOperator: RECORDS_OUT_OPERATOR_RS_3:1, RECORDS_OUT_INTERMEDIATE:1, 
2024-04-24T01:17:45,904  INFO [LocalJobRunner Map Task Executor #0] mapred.LocalJobRunner: 
2024-04-24T01:17:45,904  INFO [LocalJobRunner Map Task Executor #0] mapred.MapTask: Starting flush of map output
2024-04-24T01:17:45,904  INFO [LocalJobRunner Map Task Executor #0] mapred.MapTask: Spilling map output
2024-04-24T01:17:45,904  INFO [LocalJobRunner Map Task Executor #0] mapred.MapTask: bufstart = 0; bufend = 17; bufvoid = 104857600
2024-04-24T01:17:45,904  INFO [LocalJobRunner Map Task Executor #0] mapred.MapTask: kvstart = 26214396(104857584); kvend = 26214396(104857584); length = 1/6553600
2024-04-24T01:17:45,911  INFO [LocalJobRunner Map Task Executor #0] mapred.MapTask: Finished spill 0
2024-04-24T01:17:45,915  INFO [LocalJobRunner Map Task Executor #0] mapred.Task: Task:attempt_local2059304929_0012_m_000006_0 is done. And is in the process of committing
2024-04-24T01:17:45,915  INFO [LocalJobRunner Map Task Executor #0] mapred.LocalJobRunner: map
2024-04-24T01:17:45,915  INFO [LocalJobRunner Map Task Executor #0] mapred.Task: Task 'attempt_local2059304929_0012_m_000006_0' done.
2024-04-24T01:17:45,915  INFO [LocalJobRunner Map Task Executor #0] mapred.Task: Final Counters for attempt_local2059304929_0012_m_000006_0: Counters: 24
	File System Counters
		FILE: Number of bytes read=243763
		FILE: Number of bytes written=14135393
		FILE: Number of read operations=0
		FILE: Number of large read operations=0
		FILE: Number of write operations=0
	Map-Reduce Framework
		Map input records=1
		Map output records=1
		Map output bytes=17
		Map output materialized bytes=25
		Input split bytes=466
		Combine input records=0
		Spilled Records=1
		Failed Shuffles=0
		Merged Map outputs=0
		GC time elapsed (ms)=9
		Total committed heap usage (bytes)=1087373312
	HIVE
		DESERIALIZE_ERRORS=0
		RECORDS_IN=1
		RECORDS_OUT_INTERMEDIATE=1
		RECORDS_OUT_OPERATOR_MAP_0=0
		RECORDS_OUT_OPERATOR_RS_3=1
		RECORDS_OUT_OPERATOR_SEL_1=1
		RECORDS_OUT_OPERATOR_TS_0=1
	File Input Format Counters 
		Bytes Read=7865
2024-04-24T01:17:45,915  INFO [LocalJobRunner Map Task Executor #0] mapred.LocalJobRunner: Finishing task: attempt_local2059304929_0012_m_000006_0
2024-04-24T01:17:45,916  INFO [LocalJobRunner Map Task Executor #0] mapred.LocalJobRunner: Starting task: attempt_local2059304929_0012_m_000007_0
2024-04-24T01:17:45,916  INFO [LocalJobRunner Map Task Executor #0] mapred.Task:  Using ResourceCalculatorProcessTree : [ ]
2024-04-24T01:17:45,917  INFO [LocalJobRunner Map Task Executor #0] mapred.MapTask: Processing split: org.apache.hadoop.hive.ql.io.orc.OrcInputFormat:OrcSplit [file:/home/alex/Repositories/hive/ql/target/tmp/org.apache.hadoop.hive.ql.TestTxnNoBuckets-1713946626176/warehouse/tmp/c3=3/000000_0_copy_1, start=3, length=110, isOriginal=true, fileLength=242, hasFooter=false, hasBase=true, deltas=0]
2024-04-24T01:17:45,917  INFO [LocalJobRunner Map Task Executor #0] exec.SerializationUtilities: Deserializing MapWork using kryo
2024-04-24T01:17:45,918  INFO [LocalJobRunner Map Task Executor #0] exec.Utilities: Deserialized plan (via FILE) - name: null size: 6,77KB
2024-04-24T01:17:45,920  INFO [LocalJobRunner Map Task Executor #0] orc.ReaderImpl: Reading ORC rows from file:/home/alex/Repositories/hive/ql/target/tmp/org.apache.hadoop.hive.ql.TestTxnNoBuckets-1713946626176/warehouse/tmp/c3=3/000000_0_copy_1 with {include: [true, true, true], offset: 3, length: 110, schema: struct<c1:int,c2:int>, includeAcidColumns: true}
2024-04-24T01:17:45,921  INFO [LocalJobRunner Map Task Executor #0] mapred.MapTask: numReduceTasks: 1
2024-04-24T01:17:45,926  INFO [LocalJobRunner Map Task Executor #0] mapred.MapTask: (EQUATOR) 0 kvi 26214396(104857584)
2024-04-24T01:17:45,926  INFO [LocalJobRunner Map Task Executor #0] mapred.MapTask: mapreduce.task.io.sort.mb: 100
2024-04-24T01:17:45,926  INFO [LocalJobRunner Map Task Executor #0] mapred.MapTask: soft limit at 83886080
2024-04-24T01:17:45,926  INFO [LocalJobRunner Map Task Executor #0] mapred.MapTask: bufstart = 0; bufvoid = 104857600
2024-04-24T01:17:45,926  INFO [LocalJobRunner Map Task Executor #0] mapred.MapTask: kvstart = 26214396; length = 6553600
2024-04-24T01:17:45,926  INFO [LocalJobRunner Map Task Executor #0] mapred.MapTask: Map output collector class = org.apache.hadoop.mapred.MapTask$MapOutputBuffer
2024-04-24T01:17:45,927  INFO [LocalJobRunner Map Task Executor #0] exec.MapOperator: Initializing Operator: MAP[0]
2024-04-24T01:17:45,930  INFO [LocalJobRunner Map Task Executor #0] mr.ExecMapper: 
<MAP>Id =0
  <Children>null
  <\Children>
  <Parent><\Parent>
<\MAP>
2024-04-24T01:17:45,930  INFO [LocalJobRunner Map Task Executor #0] exec.TableScanOperator: Initializing Operator: TS[0]
2024-04-24T01:17:45,930  INFO [LocalJobRunner Map Task Executor #0] exec.SelectOperator: Initializing Operator: SEL[1]
2024-04-24T01:17:45,930  INFO [LocalJobRunner Map Task Executor #0] exec.SelectOperator: SELECT struct<c1:int,c2:int,c3:int>
2024-04-24T01:17:45,930  INFO [LocalJobRunner Map Task Executor #0] exec.ReduceSinkOperator: Initializing Operator: RS[3]
2024-04-24T01:17:45,930  INFO [LocalJobRunner Map Task Executor #0] exec.ReduceSinkOperator: Using tag = -1
2024-04-24T01:17:45,931  INFO [LocalJobRunner Map Task Executor #0] exec.ReduceSinkOperator: keys are [_col2] num distributions: 1
2024-04-24T01:17:45,931  INFO [LocalJobRunner Map Task Executor #0] exec.ReduceSinkOperator: RS[3]: records written - 1
2024-04-24T01:17:45,931  INFO [LocalJobRunner Map Task Executor #0] exec.MapOperator: MAP[0]: records read - 1
2024-04-24T01:17:45,931  INFO [LocalJobRunner Map Task Executor #0] exec.MapOperator: Closing Operator: MAP[0]
2024-04-24T01:17:45,931  INFO [LocalJobRunner Map Task Executor #0] exec.MapOperator: MAP[0]: Total records read - 1. abort - false
2024-04-24T01:17:45,931  INFO [LocalJobRunner Map Task Executor #0] exec.MapOperator: RECORDS_OUT_OPERATOR_MAP_0:0, RECORDS_OUT_INTERMEDIATE:0, DESERIALIZE_ERRORS:0, RECORDS_IN:1, 
2024-04-24T01:17:45,931  INFO [LocalJobRunner Map Task Executor #0] exec.TableScanOperator: Closing Operator: TS[0]
2024-04-24T01:17:45,931  INFO [LocalJobRunner Map Task Executor #0] exec.TableScanOperator: RECORDS_OUT_OPERATOR_TS_0:1, RECORDS_OUT_INTERMEDIATE:0, 
2024-04-24T01:17:45,931  INFO [LocalJobRunner Map Task Executor #0] exec.SelectOperator: Closing Operator: SEL[1]
2024-04-24T01:17:45,931  INFO [LocalJobRunner Map Task Executor #0] exec.SelectOperator: RECORDS_OUT_INTERMEDIATE:0, RECORDS_OUT_OPERATOR_SEL_1:1, 
2024-04-24T01:17:45,931  INFO [LocalJobRunner Map Task Executor #0] exec.ReduceSinkOperator: Closing Operator: RS[3]
2024-04-24T01:17:45,931  INFO [LocalJobRunner Map Task Executor #0] exec.ReduceSinkOperator: RS[3]: Total records written - 1. abort - false
2024-04-24T01:17:45,931  INFO [LocalJobRunner Map Task Executor #0] exec.ReduceSinkOperator: RECORDS_OUT_INTERMEDIATE:1, RECORDS_OUT_OPERATOR_RS_3:1, 
2024-04-24T01:17:45,932  INFO [LocalJobRunner Map Task Executor #0] mapred.LocalJobRunner: 
2024-04-24T01:17:45,932  INFO [LocalJobRunner Map Task Executor #0] mapred.MapTask: Starting flush of map output
2024-04-24T01:17:45,932  INFO [LocalJobRunner Map Task Executor #0] mapred.MapTask: Spilling map output
2024-04-24T01:17:45,932  INFO [LocalJobRunner Map Task Executor #0] mapred.MapTask: bufstart = 0; bufend = 17; bufvoid = 104857600
2024-04-24T01:17:45,932  INFO [LocalJobRunner Map Task Executor #0] mapred.MapTask: kvstart = 26214396(104857584); kvend = 26214396(104857584); length = 1/6553600
2024-04-24T01:17:45,940  INFO [LocalJobRunner Map Task Executor #0] mapred.MapTask: Finished spill 0
2024-04-24T01:17:45,943  INFO [LocalJobRunner Map Task Executor #0] mapred.Task: Task:attempt_local2059304929_0012_m_000007_0 is done. And is in the process of committing
2024-04-24T01:17:45,943  INFO [LocalJobRunner Map Task Executor #0] mapred.LocalJobRunner: map
2024-04-24T01:17:45,943  INFO [LocalJobRunner Map Task Executor #0] mapred.Task: Task 'attempt_local2059304929_0012_m_000007_0' done.
2024-04-24T01:17:45,943  INFO [LocalJobRunner Map Task Executor #0] mapred.Task: Final Counters for attempt_local2059304929_0012_m_000007_0: Counters: 24
	File System Counters
		FILE: Number of bytes read=252338
		FILE: Number of bytes written=14135450
		FILE: Number of read operations=0
		FILE: Number of large read operations=0
		FILE: Number of write operations=0
	Map-Reduce Framework
		Map input records=1
		Map output records=1
		Map output bytes=17
		Map output materialized bytes=25
		Input split bytes=473
		Combine input records=0
		Spilled Records=1
		Failed Shuffles=0
		Merged Map outputs=0
		GC time elapsed (ms)=0
		Total committed heap usage (bytes)=1087373312
	HIVE
		DESERIALIZE_ERRORS=0
		RECORDS_IN=1
		RECORDS_OUT_INTERMEDIATE=1
		RECORDS_OUT_OPERATOR_MAP_0=0
		RECORDS_OUT_OPERATOR_RS_3=1
		RECORDS_OUT_OPERATOR_SEL_1=1
		RECORDS_OUT_OPERATOR_TS_0=1
	File Input Format Counters 
		Bytes Read=7865
2024-04-24T01:17:45,943  INFO [LocalJobRunner Map Task Executor #0] mapred.LocalJobRunner: Finishing task: attempt_local2059304929_0012_m_000007_0
2024-04-24T01:17:45,943  INFO [Thread-744] mapred.LocalJobRunner: map task executor complete.
2024-04-24T01:17:45,944  INFO [Thread-744] mapred.LocalJobRunner: Waiting for reduce tasks
2024-04-24T01:17:45,945  INFO [pool-69-thread-1] mapred.LocalJobRunner: Starting task: attempt_local2059304929_0012_r_000000_0
2024-04-24T01:17:45,945  INFO [pool-69-thread-1] mapred.Task:  Using ResourceCalculatorProcessTree : [ ]
2024-04-24T01:17:45,945  INFO [pool-69-thread-1] mapred.ReduceTask: Using ShuffleConsumerPlugin: org.apache.hadoop.mapreduce.task.reduce.Shuffle@35ab88e4
2024-04-24T01:17:45,945  WARN [pool-69-thread-1] impl.MetricsSystemImpl: JobTracker metrics system already initialized!
2024-04-24T01:17:45,946  INFO [pool-69-thread-1] reduce.MergeManagerImpl: MergerManager: memoryLimit=1336252800, maxSingleShuffleLimit=334063200, mergeThreshold=881926912, ioSortFactor=10, memToMemMergeOutputsThreshold=10
2024-04-24T01:17:45,947  INFO [EventFetcher for fetching Map Completion Events] reduce.EventFetcher: attempt_local2059304929_0012_r_000000_0 Thread started: EventFetcher for fetching Map Completion Events
2024-04-24T01:17:45,950  INFO [localfetcher#9] reduce.LocalFetcher: localfetcher#9 about to shuffle output of map attempt_local2059304929_0012_m_000004_0 decomp: 21 len: 25 to MEMORY
2024-04-24T01:17:45,950  INFO [localfetcher#9] reduce.InMemoryMapOutput: Read 21 bytes from map-output for attempt_local2059304929_0012_m_000004_0
2024-04-24T01:17:45,950  INFO [localfetcher#9] reduce.MergeManagerImpl: closeInMemoryFile -> map-output of size: 21, inMemoryMapOutputs.size() -> 1, commitMemory -> 0, usedMemory ->21
2024-04-24T01:17:45,952  INFO [localfetcher#9] reduce.LocalFetcher: localfetcher#9 about to shuffle output of map attempt_local2059304929_0012_m_000007_0 decomp: 21 len: 25 to MEMORY
2024-04-24T01:17:45,952  INFO [localfetcher#9] reduce.InMemoryMapOutput: Read 21 bytes from map-output for attempt_local2059304929_0012_m_000007_0
2024-04-24T01:17:45,952  INFO [localfetcher#9] reduce.MergeManagerImpl: closeInMemoryFile -> map-output of size: 21, inMemoryMapOutputs.size() -> 2, commitMemory -> 21, usedMemory ->42
2024-04-24T01:17:45,954  INFO [localfetcher#9] reduce.LocalFetcher: localfetcher#9 about to shuffle output of map attempt_local2059304929_0012_m_000006_0 decomp: 21 len: 25 to MEMORY
2024-04-24T01:17:45,954  INFO [localfetcher#9] reduce.InMemoryMapOutput: Read 21 bytes from map-output for attempt_local2059304929_0012_m_000006_0
2024-04-24T01:17:45,954  INFO [localfetcher#9] reduce.MergeManagerImpl: closeInMemoryFile -> map-output of size: 21, inMemoryMapOutputs.size() -> 3, commitMemory -> 42, usedMemory ->63
2024-04-24T01:17:45,956  INFO [localfetcher#9] reduce.LocalFetcher: localfetcher#9 about to shuffle output of map attempt_local2059304929_0012_m_000002_0 decomp: 21 len: 25 to MEMORY
2024-04-24T01:17:45,956  INFO [localfetcher#9] reduce.InMemoryMapOutput: Read 21 bytes from map-output for attempt_local2059304929_0012_m_000002_0
2024-04-24T01:17:45,956  INFO [localfetcher#9] reduce.MergeManagerImpl: closeInMemoryFile -> map-output of size: 21, inMemoryMapOutputs.size() -> 4, commitMemory -> 63, usedMemory ->84
2024-04-24T01:17:45,958  INFO [localfetcher#9] reduce.LocalFetcher: localfetcher#9 about to shuffle output of map attempt_local2059304929_0012_m_000003_0 decomp: 21 len: 25 to MEMORY
2024-04-24T01:17:45,958  INFO [localfetcher#9] reduce.InMemoryMapOutput: Read 21 bytes from map-output for attempt_local2059304929_0012_m_000003_0
2024-04-24T01:17:45,958  INFO [localfetcher#9] reduce.MergeManagerImpl: closeInMemoryFile -> map-output of size: 21, inMemoryMapOutputs.size() -> 5, commitMemory -> 84, usedMemory ->105
2024-04-24T01:17:45,960  INFO [localfetcher#9] reduce.LocalFetcher: localfetcher#9 about to shuffle output of map attempt_local2059304929_0012_m_000001_0 decomp: 21 len: 25 to MEMORY
2024-04-24T01:17:45,960  INFO [localfetcher#9] reduce.InMemoryMapOutput: Read 21 bytes from map-output for attempt_local2059304929_0012_m_000001_0
2024-04-24T01:17:45,961  INFO [localfetcher#9] reduce.MergeManagerImpl: closeInMemoryFile -> map-output of size: 21, inMemoryMapOutputs.size() -> 6, commitMemory -> 105, usedMemory ->126
2024-04-24T01:17:45,962  INFO [localfetcher#9] reduce.LocalFetcher: localfetcher#9 about to shuffle output of map attempt_local2059304929_0012_m_000005_0 decomp: 21 len: 25 to MEMORY
2024-04-24T01:17:45,963  INFO [localfetcher#9] reduce.InMemoryMapOutput: Read 21 bytes from map-output for attempt_local2059304929_0012_m_000005_0
2024-04-24T01:17:45,963  INFO [localfetcher#9] reduce.MergeManagerImpl: closeInMemoryFile -> map-output of size: 21, inMemoryMapOutputs.size() -> 7, commitMemory -> 126, usedMemory ->147
2024-04-24T01:17:45,965  INFO [localfetcher#9] reduce.LocalFetcher: localfetcher#9 about to shuffle output of map attempt_local2059304929_0012_m_000000_0 decomp: 21 len: 25 to MEMORY
2024-04-24T01:17:45,965  INFO [localfetcher#9] reduce.InMemoryMapOutput: Read 21 bytes from map-output for attempt_local2059304929_0012_m_000000_0
2024-04-24T01:17:45,965  INFO [localfetcher#9] reduce.MergeManagerImpl: closeInMemoryFile -> map-output of size: 21, inMemoryMapOutputs.size() -> 8, commitMemory -> 147, usedMemory ->168
2024-04-24T01:17:45,965  INFO [EventFetcher for fetching Map Completion Events] reduce.EventFetcher: EventFetcher is interrupted.. Returning
2024-04-24T01:17:45,966  INFO [pool-69-thread-1] mapred.LocalJobRunner: 8 / 8 copied.
2024-04-24T01:17:45,966  INFO [pool-69-thread-1] reduce.MergeManagerImpl: finalMerge called with 8 in-memory map-outputs and 0 on-disk map-outputs
2024-04-24T01:17:45,972  INFO [pool-69-thread-1] mapred.Merger: Merging 8 sorted segments
2024-04-24T01:17:45,972  INFO [pool-69-thread-1] mapred.Merger: Down to the last merge-pass, with 8 segments left of total size: 72 bytes
2024-04-24T01:17:45,974  INFO [pool-69-thread-1] reduce.MergeManagerImpl: Merged 8 segments, 168 bytes to disk to satisfy reduce memory limit
2024-04-24T01:17:45,975  INFO [pool-69-thread-1] reduce.MergeManagerImpl: Merging 1 files, 158 bytes from disk
2024-04-24T01:17:45,975  INFO [pool-69-thread-1] reduce.MergeManagerImpl: Merging 0 segments, 0 bytes from memory into reduce
2024-04-24T01:17:45,975  INFO [pool-69-thread-1] mapred.Merger: Merging 1 sorted segments
2024-04-24T01:17:45,975  INFO [pool-69-thread-1] mapred.Merger: Down to the last merge-pass, with 1 segments left of total size: 142 bytes
2024-04-24T01:17:45,975  INFO [pool-69-thread-1] mapred.LocalJobRunner: 8 / 8 copied.
2024-04-24T01:17:45,975  INFO [pool-69-thread-1] exec.SerializationUtilities: Deserializing ReduceWork using kryo
2024-04-24T01:17:45,976  INFO [pool-69-thread-1] exec.Utilities: Deserialized plan (via FILE) - name: null size: 5,32KB
2024-04-24T01:17:45,978  INFO [pool-69-thread-1] ExecReducer: 
<SEL>Id =4
  <Children>
    <FS>Id =2
      <Children>
      <\Children>
      <Parent>Id = 4 null<\Parent>
    <\FS>
  <\Children>
  <Parent><\Parent>
<\SEL>
2024-04-24T01:17:45,978  INFO [pool-69-thread-1] exec.SelectOperator: Initializing Operator: SEL[4]
2024-04-24T01:17:45,978  INFO [pool-69-thread-1] exec.SelectOperator: SELECT struct<key:struct<_col2:int>,value:struct<_col0:int,_col1:int>>
2024-04-24T01:17:45,978  INFO [pool-69-thread-1] exec.FileSinkOperator: Initializing Operator: FS[2]
2024-04-24T01:17:45,979  INFO [pool-69-thread-1] exec.FileSinkOperator: Using serializer : AbstractSerDe [log=org.apache.logging.slf4j.Log4jLogger@48b320a7, configuration=Optional[Configuration: core-default.xml, core-site.xml, mapred-default.xml, mapred-site.xml, yarn-default.xml, yarn-site.xml, hdfs-default.xml, hdfs-site.xml, file:/home/alex/Repositories/hive/ql/target/tmp/TestTxnNoBuckets/mapred/local/localRunner/alex/job_local2059304929_0012/job_local2059304929_0012.xml], properties={transactional_properties=default, name=default.nobuckets, transactional=true, columns.types=int:int, columns=c1,c2, columns.comments=&amp#0;, partition_columns.types=int, partition_columns=c3, bucketing_version=2, serialization.lib=org.apache.hadoop.hive.ql.io.orc.OrcSerde, file.inputformat=org.apache.hadoop.hive.ql.io.orc.OrcInputFormat, file.outputformat=org.apache.hadoop.hive.ql.io.orc.OrcOutputFormat, location=file:/home/alex/Repositories/hive/ql/target/tmp/org.apache.hadoop.hive.ql.TestTxnNoBuckets-1713946626176/warehouse/nobuckets, column.name.delimiter=,}, tableProperties={transactional_properties=default, name=default.nobuckets, transactional=true, columns.types=int:int, columns=c1,c2, columns.comments=&amp#0;, partition_columns.types=int, partition_columns=c3, bucketing_version=2, serialization.lib=org.apache.hadoop.hive.ql.io.orc.OrcSerde, file.inputformat=org.apache.hadoop.hive.ql.io.orc.OrcInputFormat, location=file:/home/alex/Repositories/hive/ql/target/tmp/org.apache.hadoop.hive.ql.TestTxnNoBuckets-1713946626176/warehouse/nobuckets, file.outputformat=org.apache.hadoop.hive.ql.io.orc.OrcOutputFormat, column.name.delimiter=,}, partitionProperties=Optional.empty, columnNames=[c1, c2], columnTypes=[int, int], getClass()=class org.apache.hadoop.hive.ql.io.orc.OrcSerde] and formatter : org.apache.hadoop.hive.ql.io.orc.OrcOutputFormat@708a8cf3
2024-04-24T01:17:45,979  INFO [pool-69-thread-1] exec.FileSinkOperator: Final Path: FS file:/home/alex/Repositories/hive/ql/target/tmp/org.apache.hadoop.hive.ql.TestTxnNoBuckets-1713946626176/warehouse/nobuckets/c3=0
2024-04-24T01:17:45,980  INFO [pool-69-thread-1] exec.FileSinkOperator: New Final Path: FS file:/home/alex/Repositories/hive/ql/target/tmp/org.apache.hadoop.hive.ql.TestTxnNoBuckets-1713946626176/warehouse/nobuckets/c3=0
2024-04-24T01:17:45,982  INFO [pool-69-thread-1] common.FileUtils: Creating directory if it doesn't exist: file:/home/alex/Repositories/hive/ql/target/tmp/org.apache.hadoop.hive.ql.TestTxnNoBuckets-1713946626176/warehouse/nobuckets
2024-04-24T01:17:45,983  INFO [pool-69-thread-1] exec.FileSinkOperator: FS[2]: records written - 1
2024-04-24T01:17:45,983  INFO [pool-69-thread-1] impl.PhysicalFsWriter: ORC writer created for path: file:/home/alex/Repositories/hive/ql/target/tmp/org.apache.hadoop.hive.ql.TestTxnNoBuckets-1713946626176/warehouse/nobuckets/c3=0/delta_0000001_0000001_0000/bucket_00000_0 with stripeSize: 8388608 blockSize: 268435456 compression: Compress: ZLIB buffer: 32768
2024-04-24T01:17:45,990  INFO [pool-69-thread-1] impl.WriterImpl: ORC writer created for path: file:/home/alex/Repositories/hive/ql/target/tmp/org.apache.hadoop.hive.ql.TestTxnNoBuckets-1713946626176/warehouse/nobuckets/c3=0/delta_0000001_0000001_0000/bucket_00000_0 with stripeSize: 8388608 options: Compress: ZLIB buffer: 32768
2024-04-24T01:17:45,997  INFO [pool-69-thread-1] exec.FileSinkOperator: Final Path: FS file:/home/alex/Repositories/hive/ql/target/tmp/org.apache.hadoop.hive.ql.TestTxnNoBuckets-1713946626176/warehouse/nobuckets/c3=1
2024-04-24T01:17:45,997  INFO [pool-69-thread-1] exec.FileSinkOperator: New Final Path: FS file:/home/alex/Repositories/hive/ql/target/tmp/org.apache.hadoop.hive.ql.TestTxnNoBuckets-1713946626176/warehouse/nobuckets/c3=1
2024-04-24T01:17:46,000  INFO [pool-69-thread-1] common.FileUtils: Creating directory if it doesn't exist: file:/home/alex/Repositories/hive/ql/target/tmp/org.apache.hadoop.hive.ql.TestTxnNoBuckets-1713946626176/warehouse/nobuckets
2024-04-24T01:17:46,000  INFO [pool-69-thread-1] impl.PhysicalFsWriter: ORC writer created for path: file:/home/alex/Repositories/hive/ql/target/tmp/org.apache.hadoop.hive.ql.TestTxnNoBuckets-1713946626176/warehouse/nobuckets/c3=1/delta_0000001_0000001_0000/bucket_00000_0 with stripeSize: 8388608 blockSize: 268435456 compression: Compress: ZLIB buffer: 32768
2024-04-24T01:17:46,008  INFO [pool-69-thread-1] impl.WriterImpl: ORC writer created for path: file:/home/alex/Repositories/hive/ql/target/tmp/org.apache.hadoop.hive.ql.TestTxnNoBuckets-1713946626176/warehouse/nobuckets/c3=1/delta_0000001_0000001_0000/bucket_00000_0 with stripeSize: 8388608 options: Compress: ZLIB buffer: 32768
2024-04-24T01:17:46,018  INFO [pool-69-thread-1] exec.FileSinkOperator: Final Path: FS file:/home/alex/Repositories/hive/ql/target/tmp/org.apache.hadoop.hive.ql.TestTxnNoBuckets-1713946626176/warehouse/nobuckets/c3=2
2024-04-24T01:17:46,018  INFO [pool-69-thread-1] exec.FileSinkOperator: New Final Path: FS file:/home/alex/Repositories/hive/ql/target/tmp/org.apache.hadoop.hive.ql.TestTxnNoBuckets-1713946626176/warehouse/nobuckets/c3=2
2024-04-24T01:17:46,020  INFO [pool-69-thread-1] common.FileUtils: Creating directory if it doesn't exist: file:/home/alex/Repositories/hive/ql/target/tmp/org.apache.hadoop.hive.ql.TestTxnNoBuckets-1713946626176/warehouse/nobuckets
2024-04-24T01:17:46,021  INFO [pool-69-thread-1] impl.PhysicalFsWriter: ORC writer created for path: file:/home/alex/Repositories/hive/ql/target/tmp/org.apache.hadoop.hive.ql.TestTxnNoBuckets-1713946626176/warehouse/nobuckets/c3=2/delta_0000001_0000001_0000/bucket_00000_0 with stripeSize: 8388608 blockSize: 268435456 compression: Compress: ZLIB buffer: 32768
2024-04-24T01:17:46,028  INFO [pool-69-thread-1] impl.WriterImpl: ORC writer created for path: file:/home/alex/Repositories/hive/ql/target/tmp/org.apache.hadoop.hive.ql.TestTxnNoBuckets-1713946626176/warehouse/nobuckets/c3=2/delta_0000001_0000001_0000/bucket_00000_0 with stripeSize: 8388608 options: Compress: ZLIB buffer: 32768
2024-04-24T01:17:46,036  INFO [pool-69-thread-1] exec.FileSinkOperator: Final Path: FS file:/home/alex/Repositories/hive/ql/target/tmp/org.apache.hadoop.hive.ql.TestTxnNoBuckets-1713946626176/warehouse/nobuckets/c3=3
2024-04-24T01:17:46,036  INFO [pool-69-thread-1] exec.FileSinkOperator: New Final Path: FS file:/home/alex/Repositories/hive/ql/target/tmp/org.apache.hadoop.hive.ql.TestTxnNoBuckets-1713946626176/warehouse/nobuckets/c3=3
2024-04-24T01:17:46,038  INFO [pool-69-thread-1] common.FileUtils: Creating directory if it doesn't exist: file:/home/alex/Repositories/hive/ql/target/tmp/org.apache.hadoop.hive.ql.TestTxnNoBuckets-1713946626176/warehouse/nobuckets
2024-04-24T01:17:46,039  INFO [pool-69-thread-1] impl.PhysicalFsWriter: ORC writer created for path: file:/home/alex/Repositories/hive/ql/target/tmp/org.apache.hadoop.hive.ql.TestTxnNoBuckets-1713946626176/warehouse/nobuckets/c3=3/delta_0000001_0000001_0000/bucket_00000_0 with stripeSize: 8388608 blockSize: 268435456 compression: Compress: ZLIB buffer: 32768
2024-04-24T01:17:46,046  INFO [pool-69-thread-1] impl.WriterImpl: ORC writer created for path: file:/home/alex/Repositories/hive/ql/target/tmp/org.apache.hadoop.hive.ql.TestTxnNoBuckets-1713946626176/warehouse/nobuckets/c3=3/delta_0000001_0000001_0000/bucket_00000_0 with stripeSize: 8388608 options: Compress: ZLIB buffer: 32768
2024-04-24T01:17:46,053  INFO [pool-69-thread-1] exec.FileSinkOperator: Final Path: FS file:/home/alex/Repositories/hive/ql/target/tmp/org.apache.hadoop.hive.ql.TestTxnNoBuckets-1713946626176/warehouse/nobuckets/c3=4
2024-04-24T01:17:46,053  INFO [pool-69-thread-1] exec.FileSinkOperator: New Final Path: FS file:/home/alex/Repositories/hive/ql/target/tmp/org.apache.hadoop.hive.ql.TestTxnNoBuckets-1713946626176/warehouse/nobuckets/c3=4
2024-04-24T01:17:46,056  INFO [pool-69-thread-1] common.FileUtils: Creating directory if it doesn't exist: file:/home/alex/Repositories/hive/ql/target/tmp/org.apache.hadoop.hive.ql.TestTxnNoBuckets-1713946626176/warehouse/nobuckets
2024-04-24T01:17:46,056  INFO [pool-69-thread-1] impl.PhysicalFsWriter: ORC writer created for path: file:/home/alex/Repositories/hive/ql/target/tmp/org.apache.hadoop.hive.ql.TestTxnNoBuckets-1713946626176/warehouse/nobuckets/c3=4/delta_0000001_0000001_0000/bucket_00000_0 with stripeSize: 8388608 blockSize: 268435456 compression: Compress: ZLIB buffer: 32768
2024-04-24T01:17:46,065  INFO [pool-69-thread-1] impl.WriterImpl: ORC writer created for path: file:/home/alex/Repositories/hive/ql/target/tmp/org.apache.hadoop.hive.ql.TestTxnNoBuckets-1713946626176/warehouse/nobuckets/c3=4/delta_0000001_0000001_0000/bucket_00000_0 with stripeSize: 8388608 options: Compress: ZLIB buffer: 32768
2024-04-24T01:17:46,073  INFO [pool-69-thread-1] exec.FileSinkOperator: Final Path: FS file:/home/alex/Repositories/hive/ql/target/tmp/org.apache.hadoop.hive.ql.TestTxnNoBuckets-1713946626176/warehouse/nobuckets/c3=5
2024-04-24T01:17:46,073  INFO [pool-69-thread-1] exec.FileSinkOperator: New Final Path: FS file:/home/alex/Repositories/hive/ql/target/tmp/org.apache.hadoop.hive.ql.TestTxnNoBuckets-1713946626176/warehouse/nobuckets/c3=5
2024-04-24T01:17:46,075  INFO [pool-69-thread-1] common.FileUtils: Creating directory if it doesn't exist: file:/home/alex/Repositories/hive/ql/target/tmp/org.apache.hadoop.hive.ql.TestTxnNoBuckets-1713946626176/warehouse/nobuckets
2024-04-24T01:17:46,076  INFO [pool-69-thread-1] impl.PhysicalFsWriter: ORC writer created for path: file:/home/alex/Repositories/hive/ql/target/tmp/org.apache.hadoop.hive.ql.TestTxnNoBuckets-1713946626176/warehouse/nobuckets/c3=5/delta_0000001_0000001_0000/bucket_00000_0 with stripeSize: 8388608 blockSize: 268435456 compression: Compress: ZLIB buffer: 32768
2024-04-24T01:17:46,083  INFO [pool-69-thread-1] impl.WriterImpl: ORC writer created for path: file:/home/alex/Repositories/hive/ql/target/tmp/org.apache.hadoop.hive.ql.TestTxnNoBuckets-1713946626176/warehouse/nobuckets/c3=5/delta_0000001_0000001_0000/bucket_00000_0 with stripeSize: 8388608 options: Compress: ZLIB buffer: 32768
2024-04-24T01:17:46,093  INFO [pool-69-thread-1] exec.FileSinkOperator: Final Path: FS file:/home/alex/Repositories/hive/ql/target/tmp/org.apache.hadoop.hive.ql.TestTxnNoBuckets-1713946626176/warehouse/nobuckets/c3=6
2024-04-24T01:17:46,093  INFO [pool-69-thread-1] exec.FileSinkOperator: New Final Path: FS file:/home/alex/Repositories/hive/ql/target/tmp/org.apache.hadoop.hive.ql.TestTxnNoBuckets-1713946626176/warehouse/nobuckets/c3=6
2024-04-24T01:17:46,096  INFO [pool-69-thread-1] common.FileUtils: Creating directory if it doesn't exist: file:/home/alex/Repositories/hive/ql/target/tmp/org.apache.hadoop.hive.ql.TestTxnNoBuckets-1713946626176/warehouse/nobuckets
2024-04-24T01:17:46,097  INFO [pool-69-thread-1] impl.PhysicalFsWriter: ORC writer created for path: file:/home/alex/Repositories/hive/ql/target/tmp/org.apache.hadoop.hive.ql.TestTxnNoBuckets-1713946626176/warehouse/nobuckets/c3=6/delta_0000001_0000001_0000/bucket_00000_0 with stripeSize: 8388608 blockSize: 268435456 compression: Compress: ZLIB buffer: 32768
2024-04-24T01:17:46,104  INFO [pool-69-thread-1] impl.WriterImpl: ORC writer created for path: file:/home/alex/Repositories/hive/ql/target/tmp/org.apache.hadoop.hive.ql.TestTxnNoBuckets-1713946626176/warehouse/nobuckets/c3=6/delta_0000001_0000001_0000/bucket_00000_0 with stripeSize: 8388608 options: Compress: ZLIB buffer: 32768
2024-04-24T01:17:46,109  INFO [pool-69-thread-1] exec.SelectOperator: Closing Operator: SEL[4]
2024-04-24T01:17:46,109  INFO [pool-69-thread-1] exec.SelectOperator: RECORDS_OUT_OPERATOR_SEL_4:8, RECORDS_OUT_INTERMEDIATE:0, 
2024-04-24T01:17:46,109  INFO [pool-69-thread-1] exec.FileSinkOperator: Closing Operator: FS[2]
2024-04-24T01:17:46,109  INFO [pool-69-thread-1] exec.FileSinkOperator: FS[2]: records written - 8
2024-04-24T01:17:46,113  INFO [pool-69-thread-1] FileOperations: Writing manifest to file:/home/alex/Repositories/hive/ql/target/tmp/org.apache.hadoop.hive.ql.TestTxnNoBuckets-1713946626176/warehouse/nobuckets/_tmp.delta_0000001_0000001_0000/000000_0.manifest with [file:/home/alex/Repositories/hive/ql/target/tmp/org.apache.hadoop.hive.ql.TestTxnNoBuckets-1713946626176/warehouse/nobuckets/c3=1/delta_0000001_0000001_0000/bucket_00000_0, file:/home/alex/Repositories/hive/ql/target/tmp/org.apache.hadoop.hive.ql.TestTxnNoBuckets-1713946626176/warehouse/nobuckets/c3=3/delta_0000001_0000001_0000/bucket_00000_0, file:/home/alex/Repositories/hive/ql/target/tmp/org.apache.hadoop.hive.ql.TestTxnNoBuckets-1713946626176/warehouse/nobuckets/c3=5/delta_0000001_0000001_0000/bucket_00000_0, file:/home/alex/Repositories/hive/ql/target/tmp/org.apache.hadoop.hive.ql.TestTxnNoBuckets-1713946626176/warehouse/nobuckets/c3=2/delta_0000001_0000001_0000/bucket_00000_0, file:/home/alex/Repositories/hive/ql/target/tmp/org.apache.hadoop.hive.ql.TestTxnNoBuckets-1713946626176/warehouse/nobuckets/c3=4/delta_0000001_0000001_0000/bucket_00000_0, file:/home/alex/Repositories/hive/ql/target/tmp/org.apache.hadoop.hive.ql.TestTxnNoBuckets-1713946626176/warehouse/nobuckets/c3=6/delta_0000001_0000001_0000/bucket_00000_0, file:/home/alex/Repositories/hive/ql/target/tmp/org.apache.hadoop.hive.ql.TestTxnNoBuckets-1713946626176/warehouse/nobuckets/c3=0/delta_0000001_0000001_0000/bucket_00000_0]
2024-04-24T01:17:46,125  INFO [pool-69-thread-1] exec.FileSinkOperator: TOTAL_TABLE_ROWS_WRITTEN:8, RECORDS_OUT_1_default.nobuckets:8, RECORDS_OUT_OPERATOR_FS_2:8, RECORDS_OUT_INTERMEDIATE:0, 
2024-04-24T01:17:46,126  INFO [pool-69-thread-1] mapred.Task: Task:attempt_local2059304929_0012_r_000000_0 is done. And is in the process of committing
2024-04-24T01:17:46,126  INFO [pool-69-thread-1] mapred.LocalJobRunner: reduce > reduce
2024-04-24T01:17:46,126  INFO [pool-69-thread-1] mapred.Task: Task 'attempt_local2059304929_0012_r_000000_0' done.
2024-04-24T01:17:46,126  INFO [pool-69-thread-1] mapred.Task: Final Counters for attempt_local2059304929_0012_r_000000_0: Counters: 31
	File System Counters
		FILE: Number of bytes read=258330
		FILE: Number of bytes written=14142227
		FILE: Number of read operations=0
		FILE: Number of large read operations=0
		FILE: Number of write operations=0
	Map-Reduce Framework
		Combine input records=0
		Combine output records=0
		Reduce input groups=7
		Reduce shuffle bytes=200
		Reduce input records=8
		Reduce output records=0
		Spilled Records=8
		Shuffled Maps =8
		Failed Shuffles=0
		Merged Map outputs=8
		GC time elapsed (ms)=0
		Total committed heap usage (bytes)=1087373312
	HIVE
		CREATED_DYNAMIC_PARTITIONS=7
		CREATED_FILES=7
		RECORDS_OUT_1_default.nobuckets=8
		RECORDS_OUT_INTERMEDIATE=0
		RECORDS_OUT_OPERATOR_FS_2=8
		RECORDS_OUT_OPERATOR_SEL_4=8
		TOTAL_TABLE_ROWS_WRITTEN=8
	Shuffle Errors
		BAD_ID=0
		CONNECTION=0
		IO_ERROR=0
		WRONG_LENGTH=0
		WRONG_MAP=0
		WRONG_REDUCE=0
	File Output Format Counters 
		Bytes Written=0
2024-04-24T01:17:46,126  INFO [pool-69-thread-1] mapred.LocalJobRunner: Finishing task: attempt_local2059304929_0012_r_000000_0
2024-04-24T01:17:46,126  INFO [Thread-744] mapred.LocalJobRunner: reduce task executor complete.
2024-04-24 01:17:46,702 Stage-1 map = 100%,  reduce = 100%
2024-04-24T01:17:46,703  INFO [main] exec.Task: 2024-04-24 01:17:46,702 Stage-1 map = 100%,  reduce = 100%
Ended Job = job_local2059304929_0012
2024-04-24T01:17:46,704  INFO [main] exec.Task: Ended Job = job_local2059304929_0012
2024-04-24T01:17:46,706  INFO [main] FileOperations: Found manifest file file:/home/alex/Repositories/hive/ql/target/tmp/org.apache.hadoop.hive.ql.TestTxnNoBuckets-1713946626176/warehouse/nobuckets/_tmp.delta_0000001_0000001_0000/000000_0.manifest with attemptId 0.
2024-04-24T01:17:46,706  INFO [main] FileOperations: Looking at manifest file: file:/home/alex/Repositories/hive/ql/target/tmp/org.apache.hadoop.hive.ql.TestTxnNoBuckets-1713946626176/warehouse/nobuckets/_tmp.delta_0000001_0000001_0000/000000_0.manifest
2024-04-24T01:17:46,706  INFO [main] FileOperations: Deleting manifest directory file:/home/alex/Repositories/hive/ql/target/tmp/org.apache.hadoop.hive.ql.TestTxnNoBuckets-1713946626176/warehouse/nobuckets/_tmp.delta_0000001_0000001_0000
2024-04-24T01:17:46,709  INFO [main] ql.Driver: Starting task [Stage-0:MOVE] in serial mode
Loading data to table default.nobuckets partition (c3=null)
2024-04-24T01:17:46,710  INFO [main] exec.Task: Loading data to table default.nobuckets partition (c3=null) from file:/home/alex/Repositories/hive/ql/target/tmp/org.apache.hadoop.hive.ql.TestTxnNoBuckets-1713946626176/warehouse/nobuckets
2024-04-24T01:17:46,710  INFO [main] HiveMetaStore.audit: ugi=alex	ip=unknown-ip-addr	cmd=get_table : tbl=hive.default.nobuckets	
2024-04-24T01:17:46,718  INFO [main] metastore.HMSHandler: Skipping translation for processor with null
2024-04-24T01:17:46,718  INFO [main] exec.MoveTask: Partition is: {c3=null}


2024-04-24T01:17:46,719  INFO [main] exec.Task: 

2024-04-24T01:17:46,719  INFO [main] HiveMetaStore.audit: ugi=alex	ip=unknown-ip-addr	cmd=get_table : tbl=hive.default.nobuckets	
2024-04-24T01:17:46,727  INFO [main] metastore.HMSHandler: Skipping translation for processor with null
2024-04-24T01:17:46,727  INFO [main] HiveMetaStore.audit: ugi=alex	ip=unknown-ip-addr	cmd=get_table : tbl=hive.default.nobuckets	
2024-04-24T01:17:46,736  INFO [main] metastore.HMSHandler: Skipping translation for processor with null
2024-04-24T01:17:46,737  INFO [main] HiveMetaStore.audit: ugi=alex	ip=unknown-ip-addr	cmd=get_partitions_names_ps : tbl=hive.default.nobuckets[]	
2024-04-24T01:17:46,751  INFO [load-dynamic-partitionsToAdd-0] metadata.Hive: New loading path = file:/home/alex/Repositories/hive/ql/target/tmp/org.apache.hadoop.hive.ql.TestTxnNoBuckets-1713946626176/warehouse/nobuckets/c3=3 withPartSpec {c3=3}
2024-04-24T01:17:46,751  INFO [load-dynamic-partitionsToAdd-1] metadata.Hive: New loading path = file:/home/alex/Repositories/hive/ql/target/tmp/org.apache.hadoop.hive.ql.TestTxnNoBuckets-1713946626176/warehouse/nobuckets/c3=5 withPartSpec {c3=5}
2024-04-24T01:17:46,751  INFO [load-dynamic-partitionsToAdd-2] metadata.Hive: New loading path = file:/home/alex/Repositories/hive/ql/target/tmp/org.apache.hadoop.hive.ql.TestTxnNoBuckets-1713946626176/warehouse/nobuckets/c3=0 withPartSpec {c3=0}
2024-04-24T01:17:46,752  INFO [load-dynamic-partitionsToAdd-3] metadata.Hive: New loading path = file:/home/alex/Repositories/hive/ql/target/tmp/org.apache.hadoop.hive.ql.TestTxnNoBuckets-1713946626176/warehouse/nobuckets/c3=4 withPartSpec {c3=4}
2024-04-24T01:17:46,752  INFO [load-dynamic-partitionsToAdd-4] metadata.Hive: New loading path = file:/home/alex/Repositories/hive/ql/target/tmp/org.apache.hadoop.hive.ql.TestTxnNoBuckets-1713946626176/warehouse/nobuckets/c3=6 withPartSpec {c3=6}
2024-04-24T01:17:46,752  INFO [load-dynamic-partitionsToAdd-5] metadata.Hive: New loading path = file:/home/alex/Repositories/hive/ql/target/tmp/org.apache.hadoop.hive.ql.TestTxnNoBuckets-1713946626176/warehouse/nobuckets/c3=2 withPartSpec {c3=2}
2024-04-24T01:17:46,752  INFO [load-dynamic-partitionsToAdd-6] metadata.Hive: New loading path = file:/home/alex/Repositories/hive/ql/target/tmp/org.apache.hadoop.hive.ql.TestTxnNoBuckets-1713946626176/warehouse/nobuckets/c3=1 withPartSpec {c3=1}
2024-04-24T01:17:46,753  INFO [main] metadata.Hive: Number of partitionsToAdd to be added is 7
2024-04-24T01:17:46,754  INFO [main] HiveMetaStore.audit: ugi=alex	ip=unknown-ip-addr	cmd=add_partitions	
2024-04-24T01:17:46,847  INFO [main] metadata.Hive: Loaded 7partitionsToAdd
	 Time taken to load dynamic partitions: 0.128 seconds
2024-04-24T01:17:46,847  INFO [main] exec.Task: 	 Time taken to load dynamic partitions: 0.128 seconds
2024-04-24T01:17:46,848  INFO [main] exec.MoveTask: 	 Time taken to load dynamic partitions: 0.128 seconds
2024-04-24T01:17:46,848  INFO [main] exec.MoveTask: Loading partition {c3=3}
2024-04-24T01:17:46,848  INFO [main] exec.MoveTask: Loading partition {c3=5}
2024-04-24T01:17:46,848  INFO [main] exec.MoveTask: Loading partition {c3=0}
2024-04-24T01:17:46,848  INFO [main] exec.MoveTask: Loading partition {c3=4}
2024-04-24T01:17:46,848  INFO [main] exec.MoveTask: Loading partition {c3=6}
2024-04-24T01:17:46,848  INFO [main] exec.MoveTask: Loading partition {c3=2}
2024-04-24T01:17:46,848  INFO [main] exec.MoveTask: Loading partition {c3=1}
	 Time taken for adding to write entity : 0.0 seconds
2024-04-24T01:17:46,848  INFO [main] exec.Task: 	 Time taken for adding to write entity : 0.0 seconds
2024-04-24T01:17:46,848  INFO [main] ql.Driver: Starting task [Stage-2:STATS] in serial mode
2024-04-24T01:17:46,848  INFO [main] HiveMetaStore.audit: ugi=alex	ip=unknown-ip-addr	cmd=get_table : tbl=hive.default.nobuckets	
2024-04-24T01:17:46,857  INFO [main] metastore.HMSHandler: Skipping translation for processor with null
2024-04-24T01:17:46,857  INFO [main] stats.BasicStatsTask: Executing stats task
2024-04-24T01:17:46,857  INFO [main] fs.FSStatsPublisher: created : file:/home/alex/Repositories/hive/ql/target/tmp/localscratchdir/e200bcba-f0ca-4f02-9e42-4b4d6a93de0f/hive_2024-04-24_01-17-44_978_3190604185789054387-1/-mr-10000
2024-04-24T01:17:46,858  INFO [main] HiveMetaStore.audit: ugi=alex	ip=unknown-ip-addr	cmd=get_table : tbl=hive.default.nobuckets	
2024-04-24T01:17:46,867  INFO [main] metastore.HMSHandler: Skipping translation for processor with null
2024-04-24T01:17:46,883  WARN [stats-updater-thread-5] FileOperations: Computing stats for an ACID table; stats may be inaccurate
2024-04-24T01:17:46,883  WARN [stats-updater-thread-6] FileOperations: Computing stats for an ACID table; stats may be inaccurate
2024-04-24T01:17:46,883  WARN [stats-updater-thread-3] FileOperations: Computing stats for an ACID table; stats may be inaccurate
2024-04-24T01:17:46,884  WARN [stats-updater-thread-4] FileOperations: Computing stats for an ACID table; stats may be inaccurate
2024-04-24T01:17:46,886  WARN [stats-updater-thread-2] FileOperations: Computing stats for an ACID table; stats may be inaccurate
2024-04-24T01:17:46,887  WARN [stats-updater-thread-0] FileOperations: Computing stats for an ACID table; stats may be inaccurate
2024-04-24T01:17:46,888  WARN [stats-updater-thread-1] FileOperations: Computing stats for an ACID table; stats may be inaccurate
2024-04-24T01:17:46,888  INFO [main] FileOperations: Read stats for default.nobuckets/c3=3/, numRows, true, 2, false: 
2024-04-24T01:17:46,888  INFO [main] FileOperations: Read stats for default.nobuckets/c3=3/, rawDataSize, true, 0, false: 
2024-04-24T01:17:46,888  INFO [main] stats.BasicStatsTask: Partition {c3=3} stats: [numFiles=1, numRows=2, totalSize=679, rawDataSize=0, numFilesErasureCoded=0]
2024-04-24T01:17:46,888  INFO [main] FileOperations: Read stats for default.nobuckets/c3=5/, numRows, true, 1, false: 
2024-04-24T01:17:46,888  INFO [main] FileOperations: Read stats for default.nobuckets/c3=5/, rawDataSize, true, 0, false: 
2024-04-24T01:17:46,888  INFO [main] stats.BasicStatsTask: Partition {c3=5} stats: [numFiles=1, numRows=1, totalSize=664, rawDataSize=0, numFilesErasureCoded=0]
2024-04-24T01:17:46,888  INFO [main] FileOperations: Read stats for default.nobuckets/c3=0/, numRows, true, 1, false: 
2024-04-24T01:17:46,888  INFO [main] FileOperations: Read stats for default.nobuckets/c3=0/, rawDataSize, true, 0, false: 
2024-04-24T01:17:46,889  INFO [main] stats.BasicStatsTask: Partition {c3=0} stats: [numFiles=1, numRows=1, totalSize=651, rawDataSize=0, numFilesErasureCoded=0]
2024-04-24T01:17:46,889  INFO [main] FileOperations: Read stats for default.nobuckets/c3=4/, numRows, true, 1, false: 
2024-04-24T01:17:46,889  INFO [main] FileOperations: Read stats for default.nobuckets/c3=4/, rawDataSize, true, 0, false: 
2024-04-24T01:17:46,889  INFO [main] stats.BasicStatsTask: Partition {c3=4} stats: [numFiles=1, numRows=1, totalSize=663, rawDataSize=0, numFilesErasureCoded=0]
2024-04-24T01:17:46,889  INFO [main] FileOperations: Read stats for default.nobuckets/c3=6/, numRows, true, 1, false: 
2024-04-24T01:17:46,889  INFO [main] FileOperations: Read stats for default.nobuckets/c3=6/, rawDataSize, true, 0, false: 
2024-04-24T01:17:46,889  INFO [main] stats.BasicStatsTask: Partition {c3=6} stats: [numFiles=1, numRows=1, totalSize=665, rawDataSize=0, numFilesErasureCoded=0]
2024-04-24T01:17:46,889  INFO [main] FileOperations: Read stats for default.nobuckets/c3=2/, numRows, true, 1, false: 
2024-04-24T01:17:46,889  INFO [main] FileOperations: Read stats for default.nobuckets/c3=2/, rawDataSize, true, 0, false: 
2024-04-24T01:17:46,889  INFO [main] stats.BasicStatsTask: Partition {c3=2} stats: [numFiles=1, numRows=1, totalSize=663, rawDataSize=0, numFilesErasureCoded=0]
2024-04-24T01:17:46,889  INFO [main] FileOperations: Read stats for default.nobuckets/c3=1/, numRows, true, 1, false: 
2024-04-24T01:17:46,889  INFO [main] FileOperations: Read stats for default.nobuckets/c3=1/, rawDataSize, true, 0, false: 
2024-04-24T01:17:46,889  INFO [main] stats.BasicStatsTask: Partition {c3=1} stats: [numFiles=1, numRows=1, totalSize=655, rawDataSize=0, numFilesErasureCoded=0]
2024-04-24T01:17:46,890  INFO [main] HiveMetaStore.audit: ugi=alex	ip=unknown-ip-addr	cmd=alter_partitions : tbl=hive.default.nobuckets	
2024-04-24T01:17:46,890  INFO [main] metastore.HMSHandler: New partition values:[3]
2024-04-24T01:17:46,890  INFO [main] metastore.HMSHandler: New partition values:[5]
2024-04-24T01:17:46,890  INFO [main] metastore.HMSHandler: New partition values:[0]
2024-04-24T01:17:46,890  INFO [main] metastore.HMSHandler: New partition values:[4]
2024-04-24T01:17:46,890  INFO [main] metastore.HMSHandler: New partition values:[6]
2024-04-24T01:17:46,890  INFO [main] metastore.HMSHandler: New partition values:[2]
2024-04-24T01:17:46,890  INFO [main] metastore.HMSHandler: New partition values:[1]
2024-04-24T01:17:47,032  INFO [main] FileOperations: Read stats for default.nobuckets/c3=3/, insertCount, true, 2, false: 
2024-04-24T01:17:47,032  INFO [main] FileOperations: Read stats for default.nobuckets/c3=3/, updateCount, true, 0, false: 
2024-04-24T01:17:47,032  INFO [main] FileOperations: Read stats for default.nobuckets/c3=3/, deleteCount, true, 0, false: 
2024-04-24T01:17:47,035  INFO [main] FileOperations: Read stats for default.nobuckets/c3=5/, insertCount, true, 1, false: 
2024-04-24T01:17:47,035  INFO [main] FileOperations: Read stats for default.nobuckets/c3=5/, updateCount, true, 0, false: 
2024-04-24T01:17:47,035  INFO [main] FileOperations: Read stats for default.nobuckets/c3=5/, deleteCount, true, 0, false: 
2024-04-24T01:17:47,035  INFO [main] FileOperations: Read stats for default.nobuckets/c3=0/, insertCount, true, 1, false: 
2024-04-24T01:17:47,035  INFO [main] FileOperations: Read stats for default.nobuckets/c3=0/, updateCount, true, 0, false: 
2024-04-24T01:17:47,035  INFO [main] FileOperations: Read stats for default.nobuckets/c3=0/, deleteCount, true, 0, false: 
2024-04-24T01:17:47,035  INFO [main] FileOperations: Read stats for default.nobuckets/c3=4/, insertCount, true, 1, false: 
2024-04-24T01:17:47,035  INFO [main] FileOperations: Read stats for default.nobuckets/c3=4/, updateCount, true, 0, false: 
2024-04-24T01:17:47,035  INFO [main] FileOperations: Read stats for default.nobuckets/c3=4/, deleteCount, true, 0, false: 
2024-04-24T01:17:47,036  INFO [main] FileOperations: Read stats for default.nobuckets/c3=6/, insertCount, true, 1, false: 
2024-04-24T01:17:47,036  INFO [main] FileOperations: Read stats for default.nobuckets/c3=6/, updateCount, true, 0, false: 
2024-04-24T01:17:47,036  INFO [main] FileOperations: Read stats for default.nobuckets/c3=6/, deleteCount, true, 0, false: 
2024-04-24T01:17:47,036  INFO [main] FileOperations: Read stats for default.nobuckets/c3=2/, insertCount, true, 1, false: 
2024-04-24T01:17:47,036  INFO [main] FileOperations: Read stats for default.nobuckets/c3=2/, updateCount, true, 0, false: 
2024-04-24T01:17:47,036  INFO [main] FileOperations: Read stats for default.nobuckets/c3=2/, deleteCount, true, 0, false: 
2024-04-24T01:17:47,036  INFO [main] FileOperations: Read stats for default.nobuckets/c3=1/, insertCount, true, 1, false: 
2024-04-24T01:17:47,036  INFO [main] FileOperations: Read stats for default.nobuckets/c3=1/, updateCount, true, 0, false: 
2024-04-24T01:17:47,036  INFO [main] FileOperations: Read stats for default.nobuckets/c3=1/, deleteCount, true, 0, false: 
2024-04-24T01:17:47,037  INFO [main] metadata.Hive: Dumping metastore api call timing information for : execution phase
2024-04-24T01:17:47,037  INFO [main] metadata.Hive: Total time spent in each metastore function (ms): {add_partitions_(List)=89, getTable_(GetTableRequest)=43, listPartitionNamesRequest_(GetPartitionNamesPsRequest)=13, isCompatibleWith_(Configuration)=0, alter_partitions_(String, String, List, EnvironmentContext, String, long)=142, getValidWriteIds_(List, String)=2, addDynamicPartitions_(long, long, String, String, List, DataOperationType)=4, updateTransactionalStatistics_(UpdateTransactionalStatsRequest)=3}
MapReduce Jobs Launched: 
2024-04-24T01:17:47,037  INFO [main] ql.Driver: MapReduce Jobs Launched: 
Stage-Stage-1:  HDFS Read: 0 HDFS Write: 0 SUCCESS
2024-04-24T01:17:47,037  INFO [main] ql.Driver: Stage-Stage-1:  HDFS Read: 0 HDFS Write: 0 SUCCESS
Total MapReduce CPU Time Spent: 0 msec
2024-04-24T01:17:47,037  INFO [main] ql.Driver: Total MapReduce CPU Time Spent: 0 msec
2024-04-24T01:17:47,037  INFO [main] ql.Driver: Completed executing command(queryId=alex_20240424011744_3c9abe6d-6c7c-4bbb-ad9c-90a621dd1a66); Time taken: 1.741 seconds
2024-04-24T01:17:47,037  INFO [main] lockmgr.DbTxnManager: Stopped heartbeat for query: alex_20240424011744_3c9abe6d-6c7c-4bbb-ad9c-90a621dd1a66
2024-04-24T01:17:47,049  INFO [main] txn.TxnHandler: Removed transactions: ([21]) from MIN_HISTORY_LEVEL
2024-04-24T01:17:47,050  WARN [main] txn.CompactionTxnHandler: No compaction queue record found for Compaction type transaction commit. txnId:21
2024-04-24T01:17:47,051  INFO [main] ql.TxnCommandsBaseForTests: Running the query: select ROW__ID, c1, c2, c3, INPUT__FILE__NAME from nobuckets order by ROW__ID
2024-04-24T01:17:47,051  INFO [main] ql.Context: Deleting scratch dir: file:/home/alex/Repositories/hive/ql/target/tmp/localscratchdir/e200bcba-f0ca-4f02-9e42-4b4d6a93de0f/hive_2024-04-24_01-17-44_978_3190604185789054387-1
2024-04-24T01:17:47,051  INFO [main] cleanup.SyncCleanupService: Deleted directory: file:/home/alex/Repositories/hive/ql/target/tmp/localscratchdir/e200bcba-f0ca-4f02-9e42-4b4d6a93de0f/hive_2024-04-24_01-17-44_978_3190604185789054387-1 on fs with scheme file
2024-04-24T01:17:47,052  INFO [main] ql.Driver: Compiling command(queryId=alex_20240424011747_fe3c8d8c-0525-49d1-b518-31e99976ce5c): select ROW__ID, c1, c2, c3, INPUT__FILE__NAME from nobuckets order by ROW__ID
2024-04-24T01:17:47,066  INFO [main] txn.TxnHandler: Added entries to MIN_HISTORY_LEVEL for current txns: ([22]) with min_open_txn: 22
2024-04-24T01:17:47,066  INFO [main] lockmgr.DbTxnManager: Opened txnid:22
2024-04-24T01:17:47,069  INFO [main] parse.CalcitePlanner: Starting caching scope for: 
2024-04-24T01:17:47,069  INFO [main] parse.CalcitePlanner: Starting Semantic Analysis
2024-04-24T01:17:47,074  INFO [main] parse.CalcitePlanner: Completed phase 1 of Semantic Analysis
2024-04-24T01:17:47,074  INFO [main] parse.CalcitePlanner: Get metadata for source tables
2024-04-24T01:17:47,075  INFO [main] HiveMetaStore.audit: ugi=alex	ip=unknown-ip-addr	cmd=get_table : tbl=hive.default.nobuckets	
2024-04-24T01:17:47,088  INFO [main] metastore.HMSHandler: Skipping translation for processor with null
2024-04-24T01:17:47,088  INFO [main] parse.CalcitePlanner: Get metadata for subqueries
2024-04-24T01:17:47,088  INFO [main] parse.CalcitePlanner: Get metadata for destination tables
2024-04-24T01:17:47,089  INFO [main] parse.CalcitePlanner: Completed getting MetaData in Semantic Analysis
2024-04-24T01:17:47,109  INFO [main] HiveMetaStore.audit: ugi=alex	ip=unknown-ip-addr	cmd=get_all_table_constraints : tbl=hive.default.nobuckets	
2024-04-24T01:17:47,125  INFO [main] calcite.RelOptHiveTable: Calculating column statistics for default.nobuckets, projIndxSet: [0, 1, 2], allowMissingStats: true
2024-04-24T01:17:47,125  INFO [main] HiveMetaStore.audit: ugi=alex	ip=unknown-ip-addr	cmd=get_partitions : tbl=hive.default.nobuckets	
2024-04-24T01:17:47,157  INFO [main] HiveMetaStore.audit: ugi=alex	ip=unknown-ip-addr	cmd=get_aggr_stats_for: table=hive.default.nobuckets	
2024-04-24T01:17:47,174  WARN [main] calcite.RelOptHiveTable: No Stats for default@nobuckets, Columns: c2, c1
No Stats for default@nobuckets, Columns: c2, c1
2024-04-24T01:17:47,174  INFO [main] SessionState: No Stats for default@nobuckets, Columns: c2, c1
2024-04-24T01:17:47,224  INFO [main] parse.CalcitePlanner: Get metadata for source tables
2024-04-24T01:17:47,225  INFO [main] parse.CalcitePlanner: Get metadata for subqueries
2024-04-24T01:17:47,225  INFO [main] parse.CalcitePlanner: Get metadata for destination tables
2024-04-24T01:17:47,226  INFO [main] common.FileUtils: Creating directory if it doesn't exist: file:/home/alex/Repositories/hive/ql/target/tmp/localscratchdir/e200bcba-f0ca-4f02-9e42-4b4d6a93de0f/hive_2024-04-24_01-17-47_052_9209447274331041774-1/-mr-10001/.hive-staging_hive_2024-04-24_01-17-47_052_9209447274331041774-1
2024-04-24T01:17:47,234  INFO [main] parse.CalcitePlanner: CBO Succeeded; optimized logical plan.
2024-04-24T01:17:47,237  INFO [main] optimizer.ColumnPrunerProcFactory: RS 2 oldColExprMap: {VALUE._col3=Column[_col4], VALUE._col0=Column[_col1], VALUE._col1=Column[_col2], KEY.reducesinkkey0=Column[_col0], VALUE._col2=Column[_col3]}
2024-04-24T01:17:47,237  INFO [main] optimizer.ColumnPrunerProcFactory: RS 2 newColExprMap: {VALUE._col3=Column[_col4], VALUE._col1=Column[_col2], VALUE._col0=Column[_col1], KEY.reducesinkkey0=Column[_col0], VALUE._col2=Column[_col3]}
2024-04-24T01:17:47,238  INFO [main] optimizer.BucketVersionPopulator: not considering bucketingVersion for: TS[0] because it has -1<2 buckets 
2024-04-24T01:17:47,239  INFO [main] optimizer.SortedDynPartitionOptimizer: Sorted dynamic partitioning optimization kicked in..
2024-04-24T01:17:47,250  INFO [main] parse.CalcitePlanner: Completed plan generation
2024-04-24T01:17:47,250  INFO [main] parse.CalcitePlanner: Ending caching scope for: 
2024-04-24T01:17:47,250  INFO [main] ql.Driver: Semantic Analysis Completed (retrial = false)
2024-04-24T01:17:47,250  INFO [main] ql.Driver: Created Hive schema: Schema(fieldSchemas:[FieldSchema(name:row__id, type:struct<writeid:bigint,bucketid:int,rowid:bigint>, comment:null), FieldSchema(name:c1, type:int, comment:null), FieldSchema(name:c2, type:int, comment:null), FieldSchema(name:c3, type:int, comment:null), FieldSchema(name:input__file__name, type:string, comment:null)], properties:null)
2024-04-24T01:17:47,251  INFO [main] exec.ListSinkOperator: Initializing Operator: LIST_SINK[5]
2024-04-24T01:17:47,252  INFO [main] metadata.Hive: Dumping metastore api call timing information for : compilation phase
2024-04-24T01:17:47,252  INFO [main] metadata.Hive: Total time spent in each metastore function (ms): {openTxn_(String, TxnType)=13, getValidWriteIds_(List, String)=5, listPartitions_(String, String, short)=30, commitTxn_(CommitTxnRequest)=14, getTable_(GetTableRequest)=13, getAggrColStatsFor_(String, String, List, List, String, String)=16, getValidTxns_(long)=3, flushCache_()=0, getAllTableConstraints_(AllTableConstraintsRequest)=8, isCompatibleWith_(Configuration)=1}
2024-04-24T01:17:47,252  INFO [main] ql.Driver: Completed compiling command(queryId=alex_20240424011747_fe3c8d8c-0525-49d1-b518-31e99976ce5c); Time taken: 0.2 seconds
2024-04-24T01:17:47,252  INFO [main] lockmgr.DbTxnManager: Setting lock request transaction to txnid:22 for queryId=alex_20240424011747_fe3c8d8c-0525-49d1-b518-31e99976ce5c
2024-04-24T01:17:47,255  INFO [main] lockmgr.DbLockManager: Requesting lock for queryId=alex_20240424011747_fe3c8d8c-0525-49d1-b518-31e99976ce5c
2024-04-24T01:17:47,278  INFO [main] lockmgr.DbLockManager: Response to queryId=alex_20240424011747_fe3c8d8c-0525-49d1-b518-31e99976ce5c LockResponse(lockid:14, state:ACQUIRED)
2024-04-24T01:17:47,278  INFO [main] ql.Driver: Operation QUERY obtained 1 locks
2024-04-24T01:17:47,280  INFO [main] ql.Driver: Executing command(queryId=alex_20240424011747_fe3c8d8c-0525-49d1-b518-31e99976ce5c): select ROW__ID, c1, c2, c3, INPUT__FILE__NAME from nobuckets order by ROW__ID
2024-04-24T01:17:47,280  WARN [main] ql.Driver: Hive-on-MR is deprecated in Hive 2 and may not be available in the future versions. Consider using a different execution engine (i.e. spark, tez) or using Hive 1.X releases.
Query ID = alex_20240424011747_fe3c8d8c-0525-49d1-b518-31e99976ce5c
2024-04-24T01:17:47,280  INFO [main] ql.Driver: Query ID = alex_20240424011747_fe3c8d8c-0525-49d1-b518-31e99976ce5c
Total jobs = 1
2024-04-24T01:17:47,280  INFO [main] ql.Driver: Total jobs = 1
Launching Job 1 out of 1
2024-04-24T01:17:47,280  INFO [main] ql.Driver: Launching Job 1 out of 1
2024-04-24T01:17:47,498  INFO [main] ql.Driver: Starting task [Stage-1:MAPRED] in serial mode
Number of reduce tasks determined at compile time: 1
2024-04-24T01:17:47,498  INFO [main] exec.Task: Number of reduce tasks determined at compile time: 1
In order to change the average load for a reducer (in bytes):
2024-04-24T01:17:47,498  INFO [main] exec.Task: In order to change the average load for a reducer (in bytes):
  set hive.exec.reducers.bytes.per.reducer=<number>
2024-04-24T01:17:47,498  INFO [main] exec.Task:   set hive.exec.reducers.bytes.per.reducer=<number>
In order to limit the maximum number of reducers:
2024-04-24T01:17:47,498  INFO [main] exec.Task: In order to limit the maximum number of reducers:
  set hive.exec.reducers.max=<number>
2024-04-24T01:17:47,498  INFO [main] exec.Task:   set hive.exec.reducers.max=<number>
In order to set a constant number of reducers:
2024-04-24T01:17:47,498  INFO [main] exec.Task: In order to set a constant number of reducers:
  set mapreduce.job.reduces=<number>
2024-04-24T01:17:47,498  INFO [main] exec.Task:   set mapreduce.job.reduces=<number>
2024-04-24T01:17:47,501  INFO [main] mr.ExecDriver: Using org.apache.hadoop.hive.ql.io.HiveInputFormat
2024-04-24T01:17:47,501  INFO [main] exec.Utilities: Processing alias nobuckets
2024-04-24T01:17:47,501  INFO [main] exec.Utilities: Adding 7 inputs; the first input is file:/home/alex/Repositories/hive/ql/target/tmp/org.apache.hadoop.hive.ql.TestTxnNoBuckets-1713946626176/warehouse/nobuckets/c3=0
2024-04-24T01:17:47,510  INFO [main] exec.SerializationUtilities: Serializing MapWork using kryo
2024-04-24T01:17:47,511  INFO [main] exec.Utilities: Serialized plan (via FILE) - name: null size: 7,27KB
2024-04-24T01:17:47,516  INFO [main] exec.SerializationUtilities: Serializing ReduceWork using kryo
2024-04-24T01:17:47,517  INFO [main] exec.Utilities: Serialized plan (via FILE) - name: null size: 6,15KB
2024-04-24T01:17:47,518  WARN [main] impl.MetricsSystemImpl: JobTracker metrics system already initialized!
2024-04-24T01:17:47,523  WARN [main] impl.MetricsSystemImpl: JobTracker metrics system already initialized!
2024-04-24T01:17:47,531  WARN [main] mapreduce.JobResourceUploader: Hadoop command-line option parsing not performed. Implement the Tool interface and execute your application with ToolRunner to remedy this.
2024-04-24T01:17:47,535  WARN [main] mapreduce.JobResourceUploader: No job jar file set.  User classes may not be found. See Job or Job#setJar(String).
2024-04-24T01:17:47,536  INFO [main] io.HiveInputFormat: hive.io.file.readcolumn.ids = 0,1
2024-04-24T01:17:47,537  INFO [main] io.HiveInputFormat: hive.io.file.readcolumn.names = c1,c2
2024-04-24T01:17:47,537  INFO [main] io.HiveInputFormat: Generating splits for dirs: file:/home/alex/Repositories/hive/ql/target/tmp/org.apache.hadoop.hive.ql.TestTxnNoBuckets-1713946626176/warehouse/nobuckets/c3=0
2024-04-24T01:17:47,537  INFO [main] orc.OrcInputFormat: getSplits started
2024-04-24T01:17:47,537  INFO [main] orc.OrcInputFormat: Context:: isAcid: true isVectorMode: false sarg: null minSplitSize: 1 maxSplitSize: 256000000 splitStrategy: HYBRID footerInSplits: false numBuckets: 0 numThreads: 10 cacheMemSize: 268435456 cacheStripeDetails: true useSoftReference: false writeIdList: default.nobuckets:1:9223372036854775807:: isTransactionalTable: true txnProperties: default 
2024-04-24T01:17:47,537  INFO [main] orc.OrcInputFormat: ORC pushdown predicate: null
2024-04-24T01:17:47,562  INFO [main] orc.OrcInputFormat: FooterCacheHitRatio: 0/7
2024-04-24T01:17:47,562  INFO [main] orc.OrcInputFormat: getSplits finished (#splits: 7). duration: 25 ms
2024-04-24T01:17:47,562  INFO [main] io.HiveInputFormat: number of splits 7
2024-04-24T01:17:47,584  INFO [main] mapreduce.JobSubmitter: number of splits:7
2024-04-24T01:17:47,607  INFO [main] mapreduce.JobSubmitter: Submitting tokens for job: job_local1342766753_0013
2024-04-24T01:17:47,607  INFO [main] mapreduce.JobSubmitter: Executing with tokens: []
2024-04-24T01:17:47,672  INFO [main] mapreduce.Job: The url to track the job: http://localhost:8080/
Job running in-process (local Hadoop)
2024-04-24T01:17:47,672  INFO [main] exec.Task: Job running in-process (local Hadoop)
2024-04-24T01:17:47,672  INFO [Thread-907] mapred.LocalJobRunner: OutputCommitter set in config org.apache.hadoop.hive.ql.io.HiveFileFormatUtils$NullOutputCommitter
2024-04-24T01:17:47,673  INFO [Thread-907] mapred.LocalJobRunner: OutputCommitter is org.apache.hadoop.hive.ql.io.HiveFileFormatUtils$NullOutputCommitter
2024-04-24T01:17:47,676  INFO [Thread-907] mapred.LocalJobRunner: Waiting for map tasks
2024-04-24T01:17:47,676  INFO [LocalJobRunner Map Task Executor #0] mapred.LocalJobRunner: Starting task: attempt_local1342766753_0013_m_000000_0
2024-04-24T01:17:47,677  INFO [LocalJobRunner Map Task Executor #0] mapred.Task:  Using ResourceCalculatorProcessTree : [ ]
2024-04-24T01:17:47,677  INFO [LocalJobRunner Map Task Executor #0] mapred.MapTask: Processing split: org.apache.hadoop.hive.ql.io.orc.OrcInputFormat:OrcSplit [file:/home/alex/Repositories/hive/ql/target/tmp/org.apache.hadoop.hive.ql.TestTxnNoBuckets-1713946626176/warehouse/nobuckets/c3=3/delta_0000001_0000001_0000/bucket_00000_0, start=3, length=314, isOriginal=false, fileLength=679, hasFooter=false, hasBase=true, deltas=0]
2024-04-24T01:17:47,678  INFO [LocalJobRunner Map Task Executor #0] exec.SerializationUtilities: Deserializing MapWork using kryo
2024-04-24T01:17:47,679  INFO [LocalJobRunner Map Task Executor #0] exec.Utilities: Deserialized plan (via FILE) - name: null size: 7,27KB
2024-04-24T01:17:47,680  INFO [LocalJobRunner Map Task Executor #0] orc.OrcRawRecordMerger: min key = null, max key = null
2024-04-24T01:17:47,680  INFO [LocalJobRunner Map Task Executor #0] orc.ReaderImpl: Reading ORC rows from file:/home/alex/Repositories/hive/ql/target/tmp/org.apache.hadoop.hive.ql.TestTxnNoBuckets-1713946626176/warehouse/nobuckets/c3=3/delta_0000001_0000001_0000/bucket_00000_0 with {include: [true, true, true], offset: 3, length: 314, schema: struct<c1:int,c2:int>, includeAcidColumns: true}
2024-04-24T01:17:47,681  INFO [LocalJobRunner Map Task Executor #0] orc.OrcRawRecordMerger: updated min key = null, max key = null
2024-04-24T01:17:47,682  INFO [LocalJobRunner Map Task Executor #0] mapred.MapTask: numReduceTasks: 1
2024-04-24T01:17:47,697  INFO [LocalJobRunner Map Task Executor #0] mapred.MapTask: (EQUATOR) 0 kvi 26214396(104857584)
2024-04-24T01:17:47,697  INFO [LocalJobRunner Map Task Executor #0] mapred.MapTask: mapreduce.task.io.sort.mb: 100
2024-04-24T01:17:47,697  INFO [LocalJobRunner Map Task Executor #0] mapred.MapTask: soft limit at 83886080
2024-04-24T01:17:47,697  INFO [LocalJobRunner Map Task Executor #0] mapred.MapTask: bufstart = 0; bufvoid = 104857600
2024-04-24T01:17:47,697  INFO [LocalJobRunner Map Task Executor #0] mapred.MapTask: kvstart = 26214396; length = 6553600
2024-04-24T01:17:47,698  INFO [LocalJobRunner Map Task Executor #0] mapred.MapTask: Map output collector class = org.apache.hadoop.mapred.MapTask$MapOutputBuffer
2024-04-24T01:17:47,698  INFO [LocalJobRunner Map Task Executor #0] exec.MapOperator: Initializing Operator: MAP[0]
2024-04-24T01:17:47,701  INFO [LocalJobRunner Map Task Executor #0] mr.ExecMapper: 
<MAP>Id =0
  <Children>null
  <\Children>
  <Parent><\Parent>
<\MAP>
2024-04-24T01:17:47,702  INFO [LocalJobRunner Map Task Executor #0] exec.TableScanOperator: Initializing Operator: TS[0]
2024-04-24T01:17:47,702  INFO [LocalJobRunner Map Task Executor #0] exec.SelectOperator: Initializing Operator: SEL[1]
2024-04-24T01:17:47,702  INFO [LocalJobRunner Map Task Executor #0] exec.SelectOperator: SELECT struct<c1:int,c2:int,c3:int,row__id:struct<writeid:bigint,bucketid:int,rowid:bigint>,input__file__name:string>
2024-04-24T01:17:47,702  INFO [LocalJobRunner Map Task Executor #0] exec.ReduceSinkOperator: Initializing Operator: RS[2]
2024-04-24T01:17:47,702  INFO [LocalJobRunner Map Task Executor #0] exec.ReduceSinkOperator: Using tag = -1
2024-04-24T01:17:47,703  INFO [LocalJobRunner Map Task Executor #0] exec.ReduceSinkOperator: keys are [reducesinkkey0] num distributions: 1
2024-04-24T01:17:47,703  INFO [LocalJobRunner Map Task Executor #0] exec.ReduceSinkOperator: RS[2]: records written - 1
2024-04-24T01:17:47,703  INFO [LocalJobRunner Map Task Executor #0] exec.MapOperator: MAP[0]: records read - 1
2024-04-24T01:17:47,704  INFO [LocalJobRunner Map Task Executor #0] exec.MapOperator: Closing Operator: MAP[0]
2024-04-24T01:17:47,704  INFO [LocalJobRunner Map Task Executor #0] exec.MapOperator: MAP[0]: Total records read - 2. abort - false
2024-04-24T01:17:47,704  INFO [LocalJobRunner Map Task Executor #0] exec.MapOperator: RECORDS_OUT_INTERMEDIATE:0, RECORDS_OUT_OPERATOR_MAP_0:0, RECORDS_IN:2, DESERIALIZE_ERRORS:0, 
2024-04-24T01:17:47,704  INFO [LocalJobRunner Map Task Executor #0] exec.TableScanOperator: Closing Operator: TS[0]
2024-04-24T01:17:47,704  INFO [LocalJobRunner Map Task Executor #0] exec.TableScanOperator: RECORDS_OUT_OPERATOR_TS_0:2, RECORDS_OUT_INTERMEDIATE:0, 
2024-04-24T01:17:47,704  INFO [LocalJobRunner Map Task Executor #0] exec.SelectOperator: Closing Operator: SEL[1]
2024-04-24T01:17:47,704  INFO [LocalJobRunner Map Task Executor #0] exec.SelectOperator: RECORDS_OUT_INTERMEDIATE:0, RECORDS_OUT_OPERATOR_SEL_1:2, 
2024-04-24T01:17:47,704  INFO [LocalJobRunner Map Task Executor #0] exec.ReduceSinkOperator: Closing Operator: RS[2]
2024-04-24T01:17:47,704  INFO [LocalJobRunner Map Task Executor #0] exec.ReduceSinkOperator: RS[2]: Total records written - 2. abort - false
2024-04-24T01:17:47,704  INFO [LocalJobRunner Map Task Executor #0] exec.ReduceSinkOperator: RECORDS_OUT_OPERATOR_RS_2:2, RECORDS_OUT_INTERMEDIATE:2, 
2024-04-24T01:17:47,705  INFO [LocalJobRunner Map Task Executor #0] mapred.LocalJobRunner: 
2024-04-24T01:17:47,705  INFO [LocalJobRunner Map Task Executor #0] mapred.MapTask: Starting flush of map output
2024-04-24T01:17:47,705  INFO [LocalJobRunner Map Task Executor #0] mapred.MapTask: Spilling map output
2024-04-24T01:17:47,705  INFO [LocalJobRunner Map Task Executor #0] mapred.MapTask: bufstart = 0; bufend = 420; bufvoid = 104857600
2024-04-24T01:17:47,705  INFO [LocalJobRunner Map Task Executor #0] mapred.MapTask: kvstart = 26214396(104857584); kvend = 26214392(104857568); length = 5/6553600
2024-04-24T01:17:47,716  INFO [LocalJobRunner Map Task Executor #0] mapred.MapTask: Finished spill 0
2024-04-24T01:17:47,723  INFO [LocalJobRunner Map Task Executor #0] mapred.Task: Task:attempt_local1342766753_0013_m_000000_0 is done. And is in the process of committing
2024-04-24T01:17:47,724  INFO [LocalJobRunner Map Task Executor #0] mapred.LocalJobRunner: OrcSplit [file:/home/alex/Repositories/hive/ql/target/tmp/org.apache.hadoop.hive.ql.TestTxnNoBuckets-1713946626176/warehouse/nobuckets/c3=3/delta_0000001_0000001_0000/bucket_00000_0, start=3, length=314, isOriginal=false, fileLength=679, hasFooter=false, hasBase=true, deltas=0]
2024-04-24T01:17:47,724  INFO [LocalJobRunner Map Task Executor #0] mapred.Task: Task 'attempt_local1342766753_0013_m_000000_0' done.
2024-04-24T01:17:47,724  INFO [LocalJobRunner Map Task Executor #0] mapred.Task: Final Counters for attempt_local1342766753_0013_m_000000_0: Counters: 24
	File System Counters
		FILE: Number of bytes read=278875
		FILE: Number of bytes written=15330043
		FILE: Number of read operations=0
		FILE: Number of large read operations=0
		FILE: Number of write operations=0
	Map-Reduce Framework
		Map input records=2
		Map output records=2
		Map output bytes=420
		Map output materialized bytes=432
		Input split bytes=511
		Combine input records=0
		Spilled Records=2
		Failed Shuffles=0
		Merged Map outputs=0
		GC time elapsed (ms)=9
		Total committed heap usage (bytes)=1087897600
	HIVE
		DESERIALIZE_ERRORS=0
		RECORDS_IN=2
		RECORDS_OUT_INTERMEDIATE=2
		RECORDS_OUT_OPERATOR_MAP_0=0
		RECORDS_OUT_OPERATOR_RS_2=2
		RECORDS_OUT_OPERATOR_SEL_1=2
		RECORDS_OUT_OPERATOR_TS_0=2
	File Input Format Counters 
		Bytes Read=10142
2024-04-24T01:17:47,724  INFO [LocalJobRunner Map Task Executor #0] mapred.LocalJobRunner: Finishing task: attempt_local1342766753_0013_m_000000_0
2024-04-24T01:17:47,725  INFO [LocalJobRunner Map Task Executor #0] mapred.LocalJobRunner: Starting task: attempt_local1342766753_0013_m_000001_0
2024-04-24T01:17:47,725  INFO [LocalJobRunner Map Task Executor #0] mapred.Task:  Using ResourceCalculatorProcessTree : [ ]
2024-04-24T01:17:47,726  INFO [LocalJobRunner Map Task Executor #0] mapred.MapTask: Processing split: org.apache.hadoop.hive.ql.io.orc.OrcInputFormat:OrcSplit [file:/home/alex/Repositories/hive/ql/target/tmp/org.apache.hadoop.hive.ql.TestTxnNoBuckets-1713946626176/warehouse/nobuckets/c3=1/delta_0000001_0000001_0000/bucket_00000_0, start=3, length=309, isOriginal=false, fileLength=655, hasFooter=false, hasBase=true, deltas=0]
2024-04-24T01:17:47,727  INFO [LocalJobRunner Map Task Executor #0] exec.SerializationUtilities: Deserializing MapWork using kryo
2024-04-24T01:17:47,728  INFO [LocalJobRunner Map Task Executor #0] exec.Utilities: Deserialized plan (via FILE) - name: null size: 7,27KB
2024-04-24T01:17:47,730  INFO [LocalJobRunner Map Task Executor #0] orc.OrcRawRecordMerger: min key = null, max key = null
2024-04-24T01:17:47,730  INFO [LocalJobRunner Map Task Executor #0] orc.ReaderImpl: Reading ORC rows from file:/home/alex/Repositories/hive/ql/target/tmp/org.apache.hadoop.hive.ql.TestTxnNoBuckets-1713946626176/warehouse/nobuckets/c3=1/delta_0000001_0000001_0000/bucket_00000_0 with {include: [true, true, true], offset: 3, length: 309, schema: struct<c1:int,c2:int>, includeAcidColumns: true}
2024-04-24T01:17:47,732  INFO [LocalJobRunner Map Task Executor #0] orc.OrcRawRecordMerger: updated min key = null, max key = null
2024-04-24T01:17:47,732  INFO [LocalJobRunner Map Task Executor #0] mapred.MapTask: numReduceTasks: 1
2024-04-24T01:17:47,739  INFO [LocalJobRunner Map Task Executor #0] mapred.MapTask: (EQUATOR) 0 kvi 26214396(104857584)
2024-04-24T01:17:47,739  INFO [LocalJobRunner Map Task Executor #0] mapred.MapTask: mapreduce.task.io.sort.mb: 100
2024-04-24T01:17:47,739  INFO [LocalJobRunner Map Task Executor #0] mapred.MapTask: soft limit at 83886080
2024-04-24T01:17:47,739  INFO [LocalJobRunner Map Task Executor #0] mapred.MapTask: bufstart = 0; bufvoid = 104857600
2024-04-24T01:17:47,739  INFO [LocalJobRunner Map Task Executor #0] mapred.MapTask: kvstart = 26214396; length = 6553600
2024-04-24T01:17:47,739  INFO [LocalJobRunner Map Task Executor #0] mapred.MapTask: Map output collector class = org.apache.hadoop.mapred.MapTask$MapOutputBuffer
2024-04-24T01:17:47,740  INFO [LocalJobRunner Map Task Executor #0] exec.MapOperator: Initializing Operator: MAP[0]
2024-04-24T01:17:47,745  INFO [LocalJobRunner Map Task Executor #0] mr.ExecMapper: 
<MAP>Id =0
  <Children>null
  <\Children>
  <Parent><\Parent>
<\MAP>
2024-04-24T01:17:47,746  INFO [LocalJobRunner Map Task Executor #0] exec.TableScanOperator: Initializing Operator: TS[0]
2024-04-24T01:17:47,746  INFO [LocalJobRunner Map Task Executor #0] exec.SelectOperator: Initializing Operator: SEL[1]
2024-04-24T01:17:47,746  INFO [LocalJobRunner Map Task Executor #0] exec.SelectOperator: SELECT struct<c1:int,c2:int,c3:int,row__id:struct<writeid:bigint,bucketid:int,rowid:bigint>,input__file__name:string>
2024-04-24T01:17:47,746  INFO [LocalJobRunner Map Task Executor #0] exec.ReduceSinkOperator: Initializing Operator: RS[2]
2024-04-24T01:17:47,746  INFO [LocalJobRunner Map Task Executor #0] exec.ReduceSinkOperator: Using tag = -1
2024-04-24T01:17:47,747  INFO [LocalJobRunner Map Task Executor #0] exec.ReduceSinkOperator: keys are [reducesinkkey0] num distributions: 1
2024-04-24T01:17:47,747  INFO [LocalJobRunner Map Task Executor #0] exec.ReduceSinkOperator: RS[2]: records written - 1
2024-04-24T01:17:47,747  INFO [LocalJobRunner Map Task Executor #0] exec.MapOperator: MAP[0]: records read - 1
2024-04-24T01:17:47,748  INFO [LocalJobRunner Map Task Executor #0] exec.MapOperator: Closing Operator: MAP[0]
2024-04-24T01:17:47,748  INFO [LocalJobRunner Map Task Executor #0] exec.MapOperator: MAP[0]: Total records read - 1. abort - false
2024-04-24T01:17:47,748  INFO [LocalJobRunner Map Task Executor #0] exec.MapOperator: RECORDS_OUT_OPERATOR_MAP_0:0, DESERIALIZE_ERRORS:0, RECORDS_OUT_INTERMEDIATE:0, RECORDS_IN:1, 
2024-04-24T01:17:47,748  INFO [LocalJobRunner Map Task Executor #0] exec.TableScanOperator: Closing Operator: TS[0]
2024-04-24T01:17:47,748  INFO [LocalJobRunner Map Task Executor #0] exec.TableScanOperator: RECORDS_OUT_OPERATOR_TS_0:1, RECORDS_OUT_INTERMEDIATE:0, 
2024-04-24T01:17:47,748  INFO [LocalJobRunner Map Task Executor #0] exec.SelectOperator: Closing Operator: SEL[1]
2024-04-24T01:17:47,748  INFO [LocalJobRunner Map Task Executor #0] exec.SelectOperator: RECORDS_OUT_OPERATOR_SEL_1:1, RECORDS_OUT_INTERMEDIATE:0, 
2024-04-24T01:17:47,748  INFO [LocalJobRunner Map Task Executor #0] exec.ReduceSinkOperator: Closing Operator: RS[2]
2024-04-24T01:17:47,748  INFO [LocalJobRunner Map Task Executor #0] exec.ReduceSinkOperator: RS[2]: Total records written - 1. abort - false
2024-04-24T01:17:47,748  INFO [LocalJobRunner Map Task Executor #0] exec.ReduceSinkOperator: RECORDS_OUT_OPERATOR_RS_2:1, RECORDS_OUT_INTERMEDIATE:1, 
2024-04-24T01:17:47,749  INFO [LocalJobRunner Map Task Executor #0] mapred.LocalJobRunner: 
2024-04-24T01:17:47,749  INFO [LocalJobRunner Map Task Executor #0] mapred.MapTask: Starting flush of map output
2024-04-24T01:17:47,749  INFO [LocalJobRunner Map Task Executor #0] mapred.MapTask: Spilling map output
2024-04-24T01:17:47,749  INFO [LocalJobRunner Map Task Executor #0] mapred.MapTask: bufstart = 0; bufend = 210; bufvoid = 104857600
2024-04-24T01:17:47,749  INFO [LocalJobRunner Map Task Executor #0] mapred.MapTask: kvstart = 26214396(104857584); kvend = 26214396(104857584); length = 1/6553600
2024-04-24T01:17:47,757  INFO [LocalJobRunner Map Task Executor #0] mapred.MapTask: Finished spill 0
2024-04-24T01:17:47,761  INFO [LocalJobRunner Map Task Executor #0] mapred.Task: Task:attempt_local1342766753_0013_m_000001_0 is done. And is in the process of committing
2024-04-24T01:17:47,762  INFO [LocalJobRunner Map Task Executor #0] mapred.LocalJobRunner: OrcSplit [file:/home/alex/Repositories/hive/ql/target/tmp/org.apache.hadoop.hive.ql.TestTxnNoBuckets-1713946626176/warehouse/nobuckets/c3=1/delta_0000001_0000001_0000/bucket_00000_0, start=3, length=309, isOriginal=false, fileLength=655, hasFooter=false, hasBase=true, deltas=0]
2024-04-24T01:17:47,762  INFO [LocalJobRunner Map Task Executor #0] mapred.Task: Task 'attempt_local1342766753_0013_m_000001_0' done.
2024-04-24T01:17:47,762  INFO [LocalJobRunner Map Task Executor #0] mapred.Task: Final Counters for attempt_local1342766753_0013_m_000001_0: Counters: 24
	File System Counters
		FILE: Number of bytes read=292029
		FILE: Number of bytes written=15330294
		FILE: Number of read operations=0
		FILE: Number of large read operations=0
		FILE: Number of write operations=0
	Map-Reduce Framework
		Map input records=1
		Map output records=1
		Map output bytes=210
		Map output materialized bytes=219
		Input split bytes=511
		Combine input records=0
		Spilled Records=1
		Failed Shuffles=0
		Merged Map outputs=0
		GC time elapsed (ms)=0
		Total committed heap usage (bytes)=1087897600
	HIVE
		DESERIALIZE_ERRORS=0
		RECORDS_IN=1
		RECORDS_OUT_INTERMEDIATE=1
		RECORDS_OUT_OPERATOR_MAP_0=0
		RECORDS_OUT_OPERATOR_RS_2=1
		RECORDS_OUT_OPERATOR_SEL_1=1
		RECORDS_OUT_OPERATOR_TS_0=1
	File Input Format Counters 
		Bytes Read=10046
2024-04-24T01:17:47,762  INFO [LocalJobRunner Map Task Executor #0] mapred.LocalJobRunner: Finishing task: attempt_local1342766753_0013_m_000001_0
2024-04-24T01:17:47,762  INFO [LocalJobRunner Map Task Executor #0] mapred.LocalJobRunner: Starting task: attempt_local1342766753_0013_m_000002_0
2024-04-24T01:17:47,763  INFO [LocalJobRunner Map Task Executor #0] mapred.Task:  Using ResourceCalculatorProcessTree : [ ]
2024-04-24T01:17:47,763  INFO [LocalJobRunner Map Task Executor #0] mapred.MapTask: Processing split: org.apache.hadoop.hive.ql.io.orc.OrcInputFormat:OrcSplit [file:/home/alex/Repositories/hive/ql/target/tmp/org.apache.hadoop.hive.ql.TestTxnNoBuckets-1713946626176/warehouse/nobuckets/c3=2/delta_0000001_0000001_0000/bucket_00000_0, start=3, length=309, isOriginal=false, fileLength=663, hasFooter=false, hasBase=true, deltas=0]
2024-04-24T01:17:47,764  INFO [LocalJobRunner Map Task Executor #0] exec.SerializationUtilities: Deserializing MapWork using kryo
2024-04-24T01:17:47,765  INFO [LocalJobRunner Map Task Executor #0] exec.Utilities: Deserialized plan (via FILE) - name: null size: 7,27KB
2024-04-24T01:17:47,767  INFO [LocalJobRunner Map Task Executor #0] orc.OrcRawRecordMerger: min key = null, max key = null
2024-04-24T01:17:47,767  INFO [LocalJobRunner Map Task Executor #0] orc.ReaderImpl: Reading ORC rows from file:/home/alex/Repositories/hive/ql/target/tmp/org.apache.hadoop.hive.ql.TestTxnNoBuckets-1713946626176/warehouse/nobuckets/c3=2/delta_0000001_0000001_0000/bucket_00000_0 with {include: [true, true, true], offset: 3, length: 309, schema: struct<c1:int,c2:int>, includeAcidColumns: true}
2024-04-24T01:17:47,769  INFO [LocalJobRunner Map Task Executor #0] orc.OrcRawRecordMerger: updated min key = null, max key = null
2024-04-24T01:17:47,769  INFO [LocalJobRunner Map Task Executor #0] mapred.MapTask: numReduceTasks: 1
2024-04-24T01:17:47,775  INFO [LocalJobRunner Map Task Executor #0] mapred.MapTask: (EQUATOR) 0 kvi 26214396(104857584)
2024-04-24T01:17:47,775  INFO [LocalJobRunner Map Task Executor #0] mapred.MapTask: mapreduce.task.io.sort.mb: 100
2024-04-24T01:17:47,775  INFO [LocalJobRunner Map Task Executor #0] mapred.MapTask: soft limit at 83886080
2024-04-24T01:17:47,775  INFO [LocalJobRunner Map Task Executor #0] mapred.MapTask: bufstart = 0; bufvoid = 104857600
2024-04-24T01:17:47,775  INFO [LocalJobRunner Map Task Executor #0] mapred.MapTask: kvstart = 26214396; length = 6553600
2024-04-24T01:17:47,776  INFO [LocalJobRunner Map Task Executor #0] mapred.MapTask: Map output collector class = org.apache.hadoop.mapred.MapTask$MapOutputBuffer
2024-04-24T01:17:47,776  INFO [LocalJobRunner Map Task Executor #0] exec.MapOperator: Initializing Operator: MAP[0]
2024-04-24T01:17:47,780  INFO [LocalJobRunner Map Task Executor #0] mr.ExecMapper: 
<MAP>Id =0
  <Children>null
  <\Children>
  <Parent><\Parent>
<\MAP>
2024-04-24T01:17:47,781  INFO [LocalJobRunner Map Task Executor #0] exec.TableScanOperator: Initializing Operator: TS[0]
2024-04-24T01:17:47,781  INFO [LocalJobRunner Map Task Executor #0] exec.SelectOperator: Initializing Operator: SEL[1]
2024-04-24T01:17:47,782  INFO [LocalJobRunner Map Task Executor #0] exec.SelectOperator: SELECT struct<c1:int,c2:int,c3:int,row__id:struct<writeid:bigint,bucketid:int,rowid:bigint>,input__file__name:string>
2024-04-24T01:17:47,782  INFO [LocalJobRunner Map Task Executor #0] exec.ReduceSinkOperator: Initializing Operator: RS[2]
2024-04-24T01:17:47,782  INFO [LocalJobRunner Map Task Executor #0] exec.ReduceSinkOperator: Using tag = -1
2024-04-24T01:17:47,782  INFO [LocalJobRunner Map Task Executor #0] exec.ReduceSinkOperator: keys are [reducesinkkey0] num distributions: 1
2024-04-24T01:17:47,783  INFO [LocalJobRunner Map Task Executor #0] exec.ReduceSinkOperator: RS[2]: records written - 1
2024-04-24T01:17:47,783  INFO [LocalJobRunner Map Task Executor #0] exec.MapOperator: MAP[0]: records read - 1
2024-04-24T01:17:47,783  INFO [LocalJobRunner Map Task Executor #0] exec.MapOperator: Closing Operator: MAP[0]
2024-04-24T01:17:47,783  INFO [LocalJobRunner Map Task Executor #0] exec.MapOperator: MAP[0]: Total records read - 1. abort - false
2024-04-24T01:17:47,783  INFO [LocalJobRunner Map Task Executor #0] exec.MapOperator: RECORDS_OUT_OPERATOR_MAP_0:0, RECORDS_OUT_INTERMEDIATE:0, DESERIALIZE_ERRORS:0, RECORDS_IN:1, 
2024-04-24T01:17:47,783  INFO [LocalJobRunner Map Task Executor #0] exec.TableScanOperator: Closing Operator: TS[0]
2024-04-24T01:17:47,783  INFO [LocalJobRunner Map Task Executor #0] exec.TableScanOperator: RECORDS_OUT_OPERATOR_TS_0:1, RECORDS_OUT_INTERMEDIATE:0, 
2024-04-24T01:17:47,783  INFO [LocalJobRunner Map Task Executor #0] exec.SelectOperator: Closing Operator: SEL[1]
2024-04-24T01:17:47,783  INFO [LocalJobRunner Map Task Executor #0] exec.SelectOperator: RECORDS_OUT_OPERATOR_SEL_1:1, RECORDS_OUT_INTERMEDIATE:0, 
2024-04-24T01:17:47,783  INFO [LocalJobRunner Map Task Executor #0] exec.ReduceSinkOperator: Closing Operator: RS[2]
2024-04-24T01:17:47,783  INFO [LocalJobRunner Map Task Executor #0] exec.ReduceSinkOperator: RS[2]: Total records written - 1. abort - false
2024-04-24T01:17:47,783  INFO [LocalJobRunner Map Task Executor #0] exec.ReduceSinkOperator: RECORDS_OUT_INTERMEDIATE:1, RECORDS_OUT_OPERATOR_RS_2:1, 
2024-04-24T01:17:47,784  INFO [LocalJobRunner Map Task Executor #0] mapred.LocalJobRunner: 
2024-04-24T01:17:47,784  INFO [LocalJobRunner Map Task Executor #0] mapred.MapTask: Starting flush of map output
2024-04-24T01:17:47,784  INFO [LocalJobRunner Map Task Executor #0] mapred.MapTask: Spilling map output
2024-04-24T01:17:47,784  INFO [LocalJobRunner Map Task Executor #0] mapred.MapTask: bufstart = 0; bufend = 210; bufvoid = 104857600
2024-04-24T01:17:47,784  INFO [LocalJobRunner Map Task Executor #0] mapred.MapTask: kvstart = 26214396(104857584); kvend = 26214396(104857584); length = 1/6553600
2024-04-24T01:17:47,792  INFO [LocalJobRunner Map Task Executor #0] mapred.MapTask: Finished spill 0
2024-04-24T01:17:47,796  INFO [LocalJobRunner Map Task Executor #0] mapred.Task: Task:attempt_local1342766753_0013_m_000002_0 is done. And is in the process of committing
2024-04-24T01:17:47,797  INFO [LocalJobRunner Map Task Executor #0] mapred.LocalJobRunner: OrcSplit [file:/home/alex/Repositories/hive/ql/target/tmp/org.apache.hadoop.hive.ql.TestTxnNoBuckets-1713946626176/warehouse/nobuckets/c3=2/delta_0000001_0000001_0000/bucket_00000_0, start=3, length=309, isOriginal=false, fileLength=663, hasFooter=false, hasBase=true, deltas=0]
2024-04-24T01:17:47,797  INFO [LocalJobRunner Map Task Executor #0] mapred.Task: Task 'attempt_local1342766753_0013_m_000002_0' done.
2024-04-24T01:17:47,797  INFO [LocalJobRunner Map Task Executor #0] mapred.Task: Final Counters for attempt_local1342766753_0013_m_000002_0: Counters: 24
	File System Counters
		FILE: Number of bytes read=304703
		FILE: Number of bytes written=15330545
		FILE: Number of read operations=0
		FILE: Number of large read operations=0
		FILE: Number of write operations=0
	Map-Reduce Framework
		Map input records=1
		Map output records=1
		Map output bytes=210
		Map output materialized bytes=219
		Input split bytes=511
		Combine input records=0
		Spilled Records=1
		Failed Shuffles=0
		Merged Map outputs=0
		GC time elapsed (ms)=0
		Total committed heap usage (bytes)=1087897600
	HIVE
		DESERIALIZE_ERRORS=0
		RECORDS_IN=1
		RECORDS_OUT_INTERMEDIATE=1
		RECORDS_OUT_OPERATOR_MAP_0=0
		RECORDS_OUT_OPERATOR_RS_2=1
		RECORDS_OUT_OPERATOR_SEL_1=1
		RECORDS_OUT_OPERATOR_TS_0=1
	File Input Format Counters 
		Bytes Read=10078
2024-04-24T01:17:47,797  INFO [LocalJobRunner Map Task Executor #0] mapred.LocalJobRunner: Finishing task: attempt_local1342766753_0013_m_000002_0
2024-04-24T01:17:47,797  INFO [LocalJobRunner Map Task Executor #0] mapred.LocalJobRunner: Starting task: attempt_local1342766753_0013_m_000003_0
2024-04-24T01:17:47,798  INFO [LocalJobRunner Map Task Executor #0] mapred.Task:  Using ResourceCalculatorProcessTree : [ ]
2024-04-24T01:17:47,798  INFO [LocalJobRunner Map Task Executor #0] mapred.MapTask: Processing split: org.apache.hadoop.hive.ql.io.orc.OrcInputFormat:OrcSplit [file:/home/alex/Repositories/hive/ql/target/tmp/org.apache.hadoop.hive.ql.TestTxnNoBuckets-1713946626176/warehouse/nobuckets/c3=4/delta_0000001_0000001_0000/bucket_00000_0, start=3, length=309, isOriginal=false, fileLength=663, hasFooter=false, hasBase=true, deltas=0]
2024-04-24T01:17:47,799  INFO [LocalJobRunner Map Task Executor #0] exec.SerializationUtilities: Deserializing MapWork using kryo
2024-04-24T01:17:47,800  INFO [LocalJobRunner Map Task Executor #0] exec.Utilities: Deserialized plan (via FILE) - name: null size: 7,27KB
2024-04-24T01:17:47,801  INFO [LocalJobRunner Map Task Executor #0] orc.OrcRawRecordMerger: min key = null, max key = null
2024-04-24T01:17:47,801  INFO [LocalJobRunner Map Task Executor #0] orc.ReaderImpl: Reading ORC rows from file:/home/alex/Repositories/hive/ql/target/tmp/org.apache.hadoop.hive.ql.TestTxnNoBuckets-1713946626176/warehouse/nobuckets/c3=4/delta_0000001_0000001_0000/bucket_00000_0 with {include: [true, true, true], offset: 3, length: 309, schema: struct<c1:int,c2:int>, includeAcidColumns: true}
2024-04-24T01:17:47,803  INFO [LocalJobRunner Map Task Executor #0] orc.OrcRawRecordMerger: updated min key = null, max key = null
2024-04-24T01:17:47,803  INFO [LocalJobRunner Map Task Executor #0] mapred.MapTask: numReduceTasks: 1
2024-04-24T01:17:47,810  INFO [LocalJobRunner Map Task Executor #0] mapred.MapTask: (EQUATOR) 0 kvi 26214396(104857584)
2024-04-24T01:17:47,810  INFO [LocalJobRunner Map Task Executor #0] mapred.MapTask: mapreduce.task.io.sort.mb: 100
2024-04-24T01:17:47,810  INFO [LocalJobRunner Map Task Executor #0] mapred.MapTask: soft limit at 83886080
2024-04-24T01:17:47,810  INFO [LocalJobRunner Map Task Executor #0] mapred.MapTask: bufstart = 0; bufvoid = 104857600
2024-04-24T01:17:47,810  INFO [LocalJobRunner Map Task Executor #0] mapred.MapTask: kvstart = 26214396; length = 6553600
2024-04-24T01:17:47,810  INFO [LocalJobRunner Map Task Executor #0] mapred.MapTask: Map output collector class = org.apache.hadoop.mapred.MapTask$MapOutputBuffer
2024-04-24T01:17:47,811  INFO [LocalJobRunner Map Task Executor #0] exec.MapOperator: Initializing Operator: MAP[0]
2024-04-24T01:17:47,813  INFO [LocalJobRunner Map Task Executor #0] mr.ExecMapper: 
<MAP>Id =0
  <Children>null
  <\Children>
  <Parent><\Parent>
<\MAP>
2024-04-24T01:17:47,814  INFO [LocalJobRunner Map Task Executor #0] exec.TableScanOperator: Initializing Operator: TS[0]
2024-04-24T01:17:47,814  INFO [LocalJobRunner Map Task Executor #0] exec.SelectOperator: Initializing Operator: SEL[1]
2024-04-24T01:17:47,814  INFO [LocalJobRunner Map Task Executor #0] exec.SelectOperator: SELECT struct<c1:int,c2:int,c3:int,row__id:struct<writeid:bigint,bucketid:int,rowid:bigint>,input__file__name:string>
2024-04-24T01:17:47,814  INFO [LocalJobRunner Map Task Executor #0] exec.ReduceSinkOperator: Initializing Operator: RS[2]
2024-04-24T01:17:47,814  INFO [LocalJobRunner Map Task Executor #0] exec.ReduceSinkOperator: Using tag = -1
2024-04-24T01:17:47,815  INFO [LocalJobRunner Map Task Executor #0] exec.ReduceSinkOperator: keys are [reducesinkkey0] num distributions: 1
2024-04-24T01:17:47,815  INFO [LocalJobRunner Map Task Executor #0] exec.ReduceSinkOperator: RS[2]: records written - 1
2024-04-24T01:17:47,815  INFO [LocalJobRunner Map Task Executor #0] exec.MapOperator: MAP[0]: records read - 1
2024-04-24T01:17:47,815  INFO [LocalJobRunner Map Task Executor #0] exec.MapOperator: Closing Operator: MAP[0]
2024-04-24T01:17:47,815  INFO [LocalJobRunner Map Task Executor #0] exec.MapOperator: MAP[0]: Total records read - 1. abort - false
2024-04-24T01:17:47,815  INFO [LocalJobRunner Map Task Executor #0] exec.MapOperator: RECORDS_IN:1, RECORDS_OUT_OPERATOR_MAP_0:0, DESERIALIZE_ERRORS:0, RECORDS_OUT_INTERMEDIATE:0, 
2024-04-24T01:17:47,815  INFO [LocalJobRunner Map Task Executor #0] exec.TableScanOperator: Closing Operator: TS[0]
2024-04-24T01:17:47,815  INFO [LocalJobRunner Map Task Executor #0] exec.TableScanOperator: RECORDS_OUT_OPERATOR_TS_0:1, RECORDS_OUT_INTERMEDIATE:0, 
2024-04-24T01:17:47,815  INFO [LocalJobRunner Map Task Executor #0] exec.SelectOperator: Closing Operator: SEL[1]
2024-04-24T01:17:47,815  INFO [LocalJobRunner Map Task Executor #0] exec.SelectOperator: RECORDS_OUT_INTERMEDIATE:0, RECORDS_OUT_OPERATOR_SEL_1:1, 
2024-04-24T01:17:47,815  INFO [LocalJobRunner Map Task Executor #0] exec.ReduceSinkOperator: Closing Operator: RS[2]
2024-04-24T01:17:47,815  INFO [LocalJobRunner Map Task Executor #0] exec.ReduceSinkOperator: RS[2]: Total records written - 1. abort - false
2024-04-24T01:17:47,815  INFO [LocalJobRunner Map Task Executor #0] exec.ReduceSinkOperator: RECORDS_OUT_INTERMEDIATE:1, RECORDS_OUT_OPERATOR_RS_2:1, 
2024-04-24T01:17:47,816  INFO [LocalJobRunner Map Task Executor #0] mapred.LocalJobRunner: 
2024-04-24T01:17:47,816  INFO [LocalJobRunner Map Task Executor #0] mapred.MapTask: Starting flush of map output
2024-04-24T01:17:47,816  INFO [LocalJobRunner Map Task Executor #0] mapred.MapTask: Spilling map output
2024-04-24T01:17:47,816  INFO [LocalJobRunner Map Task Executor #0] mapred.MapTask: bufstart = 0; bufend = 210; bufvoid = 104857600
2024-04-24T01:17:47,816  INFO [LocalJobRunner Map Task Executor #0] mapred.MapTask: kvstart = 26214396(104857584); kvend = 26214396(104857584); length = 1/6553600
2024-04-24T01:17:47,825  INFO [LocalJobRunner Map Task Executor #0] mapred.MapTask: Finished spill 0
2024-04-24T01:17:47,829  INFO [LocalJobRunner Map Task Executor #0] mapred.Task: Task:attempt_local1342766753_0013_m_000003_0 is done. And is in the process of committing
2024-04-24T01:17:47,829  INFO [LocalJobRunner Map Task Executor #0] mapred.LocalJobRunner: OrcSplit [file:/home/alex/Repositories/hive/ql/target/tmp/org.apache.hadoop.hive.ql.TestTxnNoBuckets-1713946626176/warehouse/nobuckets/c3=4/delta_0000001_0000001_0000/bucket_00000_0, start=3, length=309, isOriginal=false, fileLength=663, hasFooter=false, hasBase=true, deltas=0]
2024-04-24T01:17:47,830  INFO [LocalJobRunner Map Task Executor #0] mapred.Task: Task 'attempt_local1342766753_0013_m_000003_0' done.
2024-04-24T01:17:47,830  INFO [LocalJobRunner Map Task Executor #0] mapred.Task: Final Counters for attempt_local1342766753_0013_m_000003_0: Counters: 24
	File System Counters
		FILE: Number of bytes read=316865
		FILE: Number of bytes written=15330796
		FILE: Number of read operations=0
		FILE: Number of large read operations=0
		FILE: Number of write operations=0
	Map-Reduce Framework
		Map input records=1
		Map output records=1
		Map output bytes=210
		Map output materialized bytes=219
		Input split bytes=511
		Combine input records=0
		Spilled Records=1
		Failed Shuffles=0
		Merged Map outputs=0
		GC time elapsed (ms)=0
		Total committed heap usage (bytes)=1087897600
	HIVE
		DESERIALIZE_ERRORS=0
		RECORDS_IN=1
		RECORDS_OUT_INTERMEDIATE=1
		RECORDS_OUT_OPERATOR_MAP_0=0
		RECORDS_OUT_OPERATOR_RS_2=1
		RECORDS_OUT_OPERATOR_SEL_1=1
		RECORDS_OUT_OPERATOR_TS_0=1
	File Input Format Counters 
		Bytes Read=10078
2024-04-24T01:17:47,830  INFO [LocalJobRunner Map Task Executor #0] mapred.LocalJobRunner: Finishing task: attempt_local1342766753_0013_m_000003_0
2024-04-24T01:17:47,830  INFO [LocalJobRunner Map Task Executor #0] mapred.LocalJobRunner: Starting task: attempt_local1342766753_0013_m_000004_0
2024-04-24T01:17:47,830  INFO [LocalJobRunner Map Task Executor #0] mapred.Task:  Using ResourceCalculatorProcessTree : [ ]
2024-04-24T01:17:47,831  INFO [LocalJobRunner Map Task Executor #0] mapred.MapTask: Processing split: org.apache.hadoop.hive.ql.io.orc.OrcInputFormat:OrcSplit [file:/home/alex/Repositories/hive/ql/target/tmp/org.apache.hadoop.hive.ql.TestTxnNoBuckets-1713946626176/warehouse/nobuckets/c3=0/delta_0000001_0000001_0000/bucket_00000_0, start=3, length=309, isOriginal=false, fileLength=651, hasFooter=false, hasBase=true, deltas=0]
2024-04-24T01:17:47,832  INFO [LocalJobRunner Map Task Executor #0] exec.SerializationUtilities: Deserializing MapWork using kryo
2024-04-24T01:17:47,832  INFO [LocalJobRunner Map Task Executor #0] exec.Utilities: Deserialized plan (via FILE) - name: null size: 7,27KB
2024-04-24T01:17:47,834  INFO [LocalJobRunner Map Task Executor #0] orc.OrcRawRecordMerger: min key = null, max key = null
2024-04-24T01:17:47,834  INFO [LocalJobRunner Map Task Executor #0] orc.ReaderImpl: Reading ORC rows from file:/home/alex/Repositories/hive/ql/target/tmp/org.apache.hadoop.hive.ql.TestTxnNoBuckets-1713946626176/warehouse/nobuckets/c3=0/delta_0000001_0000001_0000/bucket_00000_0 with {include: [true, true, true], offset: 3, length: 309, schema: struct<c1:int,c2:int>, includeAcidColumns: true}
2024-04-24T01:17:47,835  INFO [LocalJobRunner Map Task Executor #0] orc.OrcRawRecordMerger: updated min key = null, max key = null
2024-04-24T01:17:47,836  INFO [LocalJobRunner Map Task Executor #0] mapred.MapTask: numReduceTasks: 1
2024-04-24T01:17:47,842  INFO [LocalJobRunner Map Task Executor #0] mapred.MapTask: (EQUATOR) 0 kvi 26214396(104857584)
2024-04-24T01:17:47,842  INFO [LocalJobRunner Map Task Executor #0] mapred.MapTask: mapreduce.task.io.sort.mb: 100
2024-04-24T01:17:47,842  INFO [LocalJobRunner Map Task Executor #0] mapred.MapTask: soft limit at 83886080
2024-04-24T01:17:47,842  INFO [LocalJobRunner Map Task Executor #0] mapred.MapTask: bufstart = 0; bufvoid = 104857600
2024-04-24T01:17:47,842  INFO [LocalJobRunner Map Task Executor #0] mapred.MapTask: kvstart = 26214396; length = 6553600
2024-04-24T01:17:47,843  INFO [LocalJobRunner Map Task Executor #0] mapred.MapTask: Map output collector class = org.apache.hadoop.mapred.MapTask$MapOutputBuffer
2024-04-24T01:17:47,843  INFO [LocalJobRunner Map Task Executor #0] exec.MapOperator: Initializing Operator: MAP[0]
2024-04-24T01:17:47,847  INFO [LocalJobRunner Map Task Executor #0] mr.ExecMapper: 
<MAP>Id =0
  <Children>null
  <\Children>
  <Parent><\Parent>
<\MAP>
2024-04-24T01:17:47,847  INFO [LocalJobRunner Map Task Executor #0] exec.TableScanOperator: Initializing Operator: TS[0]
2024-04-24T01:17:47,848  INFO [LocalJobRunner Map Task Executor #0] exec.SelectOperator: Initializing Operator: SEL[1]
2024-04-24T01:17:47,848  INFO [LocalJobRunner Map Task Executor #0] exec.SelectOperator: SELECT struct<c1:int,c2:int,c3:int,row__id:struct<writeid:bigint,bucketid:int,rowid:bigint>,input__file__name:string>
2024-04-24T01:17:47,848  INFO [LocalJobRunner Map Task Executor #0] exec.ReduceSinkOperator: Initializing Operator: RS[2]
2024-04-24T01:17:47,848  INFO [LocalJobRunner Map Task Executor #0] exec.ReduceSinkOperator: Using tag = -1
2024-04-24T01:17:47,848  INFO [LocalJobRunner Map Task Executor #0] exec.ReduceSinkOperator: keys are [reducesinkkey0] num distributions: 1
2024-04-24T01:17:47,849  INFO [LocalJobRunner Map Task Executor #0] exec.ReduceSinkOperator: RS[2]: records written - 1
2024-04-24T01:17:47,849  INFO [LocalJobRunner Map Task Executor #0] exec.MapOperator: MAP[0]: records read - 1
2024-04-24T01:17:47,849  INFO [LocalJobRunner Map Task Executor #0] exec.MapOperator: Closing Operator: MAP[0]
2024-04-24T01:17:47,849  INFO [LocalJobRunner Map Task Executor #0] exec.MapOperator: MAP[0]: Total records read - 1. abort - false
2024-04-24T01:17:47,849  INFO [LocalJobRunner Map Task Executor #0] exec.MapOperator: DESERIALIZE_ERRORS:0, RECORDS_OUT_OPERATOR_MAP_0:0, RECORDS_OUT_INTERMEDIATE:0, RECORDS_IN:1, 
2024-04-24T01:17:47,849  INFO [LocalJobRunner Map Task Executor #0] exec.TableScanOperator: Closing Operator: TS[0]
2024-04-24T01:17:47,849  INFO [LocalJobRunner Map Task Executor #0] exec.TableScanOperator: RECORDS_OUT_INTERMEDIATE:0, RECORDS_OUT_OPERATOR_TS_0:1, 
2024-04-24T01:17:47,849  INFO [LocalJobRunner Map Task Executor #0] exec.SelectOperator: Closing Operator: SEL[1]
2024-04-24T01:17:47,849  INFO [LocalJobRunner Map Task Executor #0] exec.SelectOperator: RECORDS_OUT_INTERMEDIATE:0, RECORDS_OUT_OPERATOR_SEL_1:1, 
2024-04-24T01:17:47,849  INFO [LocalJobRunner Map Task Executor #0] exec.ReduceSinkOperator: Closing Operator: RS[2]
2024-04-24T01:17:47,849  INFO [LocalJobRunner Map Task Executor #0] exec.ReduceSinkOperator: RS[2]: Total records written - 1. abort - false
2024-04-24T01:17:47,849  INFO [LocalJobRunner Map Task Executor #0] exec.ReduceSinkOperator: RECORDS_OUT_OPERATOR_RS_2:1, RECORDS_OUT_INTERMEDIATE:1, 
2024-04-24T01:17:47,850  INFO [LocalJobRunner Map Task Executor #0] mapred.LocalJobRunner: 
2024-04-24T01:17:47,850  INFO [LocalJobRunner Map Task Executor #0] mapred.MapTask: Starting flush of map output
2024-04-24T01:17:47,850  INFO [LocalJobRunner Map Task Executor #0] mapred.MapTask: Spilling map output
2024-04-24T01:17:47,850  INFO [LocalJobRunner Map Task Executor #0] mapred.MapTask: bufstart = 0; bufend = 210; bufvoid = 104857600
2024-04-24T01:17:47,850  INFO [LocalJobRunner Map Task Executor #0] mapred.MapTask: kvstart = 26214396(104857584); kvend = 26214396(104857584); length = 1/6553600
2024-04-24T01:17:47,859  INFO [LocalJobRunner Map Task Executor #0] mapred.MapTask: Finished spill 0
2024-04-24T01:17:47,862  INFO [LocalJobRunner Map Task Executor #0] mapred.Task: Task:attempt_local1342766753_0013_m_000004_0 is done. And is in the process of committing
2024-04-24T01:17:47,863  INFO [LocalJobRunner Map Task Executor #0] mapred.LocalJobRunner: OrcSplit [file:/home/alex/Repositories/hive/ql/target/tmp/org.apache.hadoop.hive.ql.TestTxnNoBuckets-1713946626176/warehouse/nobuckets/c3=0/delta_0000001_0000001_0000/bucket_00000_0, start=3, length=309, isOriginal=false, fileLength=651, hasFooter=false, hasBase=true, deltas=0]
2024-04-24T01:17:47,863  INFO [LocalJobRunner Map Task Executor #0] mapred.Task: Task 'attempt_local1342766753_0013_m_000004_0' done.
2024-04-24T01:17:47,863  INFO [LocalJobRunner Map Task Executor #0] mapred.Task: Final Counters for attempt_local1342766753_0013_m_000004_0: Counters: 24
	File System Counters
		FILE: Number of bytes read=328467
		FILE: Number of bytes written=15331047
		FILE: Number of read operations=0
		FILE: Number of large read operations=0
		FILE: Number of write operations=0
	Map-Reduce Framework
		Map input records=1
		Map output records=1
		Map output bytes=210
		Map output materialized bytes=219
		Input split bytes=511
		Combine input records=0
		Spilled Records=1
		Failed Shuffles=0
		Merged Map outputs=0
		GC time elapsed (ms)=0
		Total committed heap usage (bytes)=1087897600
	HIVE
		DESERIALIZE_ERRORS=0
		RECORDS_IN=1
		RECORDS_OUT_INTERMEDIATE=1
		RECORDS_OUT_OPERATOR_MAP_0=0
		RECORDS_OUT_OPERATOR_RS_2=1
		RECORDS_OUT_OPERATOR_SEL_1=1
		RECORDS_OUT_OPERATOR_TS_0=1
	File Input Format Counters 
		Bytes Read=10030
2024-04-24T01:17:47,863  INFO [LocalJobRunner Map Task Executor #0] mapred.LocalJobRunner: Finishing task: attempt_local1342766753_0013_m_000004_0
2024-04-24T01:17:47,863  INFO [LocalJobRunner Map Task Executor #0] mapred.LocalJobRunner: Starting task: attempt_local1342766753_0013_m_000005_0
2024-04-24T01:17:47,864  INFO [LocalJobRunner Map Task Executor #0] mapred.Task:  Using ResourceCalculatorProcessTree : [ ]
2024-04-24T01:17:47,865  INFO [LocalJobRunner Map Task Executor #0] mapred.MapTask: Processing split: org.apache.hadoop.hive.ql.io.orc.OrcInputFormat:OrcSplit [file:/home/alex/Repositories/hive/ql/target/tmp/org.apache.hadoop.hive.ql.TestTxnNoBuckets-1713946626176/warehouse/nobuckets/c3=6/delta_0000001_0000001_0000/bucket_00000_0, start=3, length=309, isOriginal=false, fileLength=665, hasFooter=false, hasBase=true, deltas=0]
2024-04-24T01:17:47,866  INFO [LocalJobRunner Map Task Executor #0] exec.SerializationUtilities: Deserializing MapWork using kryo
2024-04-24T01:17:47,867  INFO [LocalJobRunner Map Task Executor #0] exec.Utilities: Deserialized plan (via FILE) - name: null size: 7,27KB
2024-04-24T01:17:47,869  INFO [LocalJobRunner Map Task Executor #0] orc.OrcRawRecordMerger: min key = null, max key = null
2024-04-24T01:17:47,869  INFO [LocalJobRunner Map Task Executor #0] orc.ReaderImpl: Reading ORC rows from file:/home/alex/Repositories/hive/ql/target/tmp/org.apache.hadoop.hive.ql.TestTxnNoBuckets-1713946626176/warehouse/nobuckets/c3=6/delta_0000001_0000001_0000/bucket_00000_0 with {include: [true, true, true], offset: 3, length: 309, schema: struct<c1:int,c2:int>, includeAcidColumns: true}
2024-04-24T01:17:47,870  INFO [LocalJobRunner Map Task Executor #0] orc.OrcRawRecordMerger: updated min key = null, max key = null
2024-04-24T01:17:47,871  INFO [LocalJobRunner Map Task Executor #0] mapred.MapTask: numReduceTasks: 1
2024-04-24T01:17:47,890  INFO [LocalJobRunner Map Task Executor #0] mapred.MapTask: (EQUATOR) 0 kvi 26214396(104857584)
2024-04-24T01:17:47,891  INFO [LocalJobRunner Map Task Executor #0] mapred.MapTask: mapreduce.task.io.sort.mb: 100
2024-04-24T01:17:47,891  INFO [LocalJobRunner Map Task Executor #0] mapred.MapTask: soft limit at 83886080
2024-04-24T01:17:47,891  INFO [LocalJobRunner Map Task Executor #0] mapred.MapTask: bufstart = 0; bufvoid = 104857600
2024-04-24T01:17:47,891  INFO [LocalJobRunner Map Task Executor #0] mapred.MapTask: kvstart = 26214396; length = 6553600
2024-04-24T01:17:47,891  INFO [LocalJobRunner Map Task Executor #0] mapred.MapTask: Map output collector class = org.apache.hadoop.mapred.MapTask$MapOutputBuffer
2024-04-24T01:17:47,892  INFO [LocalJobRunner Map Task Executor #0] exec.MapOperator: Initializing Operator: MAP[0]
2024-04-24T01:17:47,896  INFO [LocalJobRunner Map Task Executor #0] mr.ExecMapper: 
<MAP>Id =0
  <Children>null
  <\Children>
  <Parent><\Parent>
<\MAP>
2024-04-24T01:17:47,897  INFO [LocalJobRunner Map Task Executor #0] exec.TableScanOperator: Initializing Operator: TS[0]
2024-04-24T01:17:47,898  INFO [LocalJobRunner Map Task Executor #0] exec.SelectOperator: Initializing Operator: SEL[1]
2024-04-24T01:17:47,898  INFO [LocalJobRunner Map Task Executor #0] exec.SelectOperator: SELECT struct<c1:int,c2:int,c3:int,row__id:struct<writeid:bigint,bucketid:int,rowid:bigint>,input__file__name:string>
2024-04-24T01:17:47,898  INFO [LocalJobRunner Map Task Executor #0] exec.ReduceSinkOperator: Initializing Operator: RS[2]
2024-04-24T01:17:47,898  INFO [LocalJobRunner Map Task Executor #0] exec.ReduceSinkOperator: Using tag = -1
2024-04-24T01:17:47,899  INFO [LocalJobRunner Map Task Executor #0] exec.ReduceSinkOperator: keys are [reducesinkkey0] num distributions: 1
2024-04-24T01:17:47,899  INFO [LocalJobRunner Map Task Executor #0] exec.ReduceSinkOperator: RS[2]: records written - 1
2024-04-24T01:17:47,899  INFO [LocalJobRunner Map Task Executor #0] exec.MapOperator: MAP[0]: records read - 1
2024-04-24T01:17:47,899  INFO [LocalJobRunner Map Task Executor #0] exec.MapOperator: Closing Operator: MAP[0]
2024-04-24T01:17:47,899  INFO [LocalJobRunner Map Task Executor #0] exec.MapOperator: MAP[0]: Total records read - 1. abort - false
2024-04-24T01:17:47,899  INFO [LocalJobRunner Map Task Executor #0] exec.MapOperator: RECORDS_IN:1, RECORDS_OUT_OPERATOR_MAP_0:0, RECORDS_OUT_INTERMEDIATE:0, DESERIALIZE_ERRORS:0, 
2024-04-24T01:17:47,899  INFO [LocalJobRunner Map Task Executor #0] exec.TableScanOperator: Closing Operator: TS[0]
2024-04-24T01:17:47,899  INFO [LocalJobRunner Map Task Executor #0] exec.TableScanOperator: RECORDS_OUT_OPERATOR_TS_0:1, RECORDS_OUT_INTERMEDIATE:0, 
2024-04-24T01:17:47,900  INFO [LocalJobRunner Map Task Executor #0] exec.SelectOperator: Closing Operator: SEL[1]
2024-04-24T01:17:47,900  INFO [LocalJobRunner Map Task Executor #0] exec.SelectOperator: RECORDS_OUT_INTERMEDIATE:0, RECORDS_OUT_OPERATOR_SEL_1:1, 
2024-04-24T01:17:47,900  INFO [LocalJobRunner Map Task Executor #0] exec.ReduceSinkOperator: Closing Operator: RS[2]
2024-04-24T01:17:47,900  INFO [LocalJobRunner Map Task Executor #0] exec.ReduceSinkOperator: RS[2]: Total records written - 1. abort - false
2024-04-24T01:17:47,900  INFO [LocalJobRunner Map Task Executor #0] exec.ReduceSinkOperator: RECORDS_OUT_OPERATOR_RS_2:1, RECORDS_OUT_INTERMEDIATE:1, 
2024-04-24T01:17:47,900  INFO [LocalJobRunner Map Task Executor #0] mapred.LocalJobRunner: 
2024-04-24T01:17:47,901  INFO [LocalJobRunner Map Task Executor #0] mapred.MapTask: Starting flush of map output
2024-04-24T01:17:47,901  INFO [LocalJobRunner Map Task Executor #0] mapred.MapTask: Spilling map output
2024-04-24T01:17:47,901  INFO [LocalJobRunner Map Task Executor #0] mapred.MapTask: bufstart = 0; bufend = 210; bufvoid = 104857600
2024-04-24T01:17:47,901  INFO [LocalJobRunner Map Task Executor #0] mapred.MapTask: kvstart = 26214396(104857584); kvend = 26214396(104857584); length = 1/6553600
2024-04-24T01:17:47,909  INFO [LocalJobRunner Map Task Executor #0] mapred.MapTask: Finished spill 0
2024-04-24T01:17:47,912  INFO [LocalJobRunner Map Task Executor #0] mapred.Task: Task:attempt_local1342766753_0013_m_000005_0 is done. And is in the process of committing
2024-04-24T01:17:47,913  INFO [LocalJobRunner Map Task Executor #0] mapred.LocalJobRunner: OrcSplit [file:/home/alex/Repositories/hive/ql/target/tmp/org.apache.hadoop.hive.ql.TestTxnNoBuckets-1713946626176/warehouse/nobuckets/c3=6/delta_0000001_0000001_0000/bucket_00000_0, start=3, length=309, isOriginal=false, fileLength=665, hasFooter=false, hasBase=true, deltas=0]
2024-04-24T01:17:47,913  INFO [LocalJobRunner Map Task Executor #0] mapred.Task: Task 'attempt_local1342766753_0013_m_000005_0' done.
2024-04-24T01:17:47,913  INFO [LocalJobRunner Map Task Executor #0] mapred.Task: Final Counters for attempt_local1342766753_0013_m_000005_0: Counters: 24
	File System Counters
		FILE: Number of bytes read=339613
		FILE: Number of bytes written=15331298
		FILE: Number of read operations=0
		FILE: Number of large read operations=0
		FILE: Number of write operations=0
	Map-Reduce Framework
		Map input records=1
		Map output records=1
		Map output bytes=210
		Map output materialized bytes=219
		Input split bytes=511
		Combine input records=0
		Spilled Records=1
		Failed Shuffles=0
		Merged Map outputs=0
		GC time elapsed (ms)=12
		Total committed heap usage (bytes)=1087897600
	HIVE
		DESERIALIZE_ERRORS=0
		RECORDS_IN=1
		RECORDS_OUT_INTERMEDIATE=1
		RECORDS_OUT_OPERATOR_MAP_0=0
		RECORDS_OUT_OPERATOR_RS_2=1
		RECORDS_OUT_OPERATOR_SEL_1=1
		RECORDS_OUT_OPERATOR_TS_0=1
	File Input Format Counters 
		Bytes Read=10086
2024-04-24T01:17:47,913  INFO [LocalJobRunner Map Task Executor #0] mapred.LocalJobRunner: Finishing task: attempt_local1342766753_0013_m_000005_0
2024-04-24T01:17:47,913  INFO [LocalJobRunner Map Task Executor #0] mapred.LocalJobRunner: Starting task: attempt_local1342766753_0013_m_000006_0
2024-04-24T01:17:47,914  INFO [LocalJobRunner Map Task Executor #0] mapred.Task:  Using ResourceCalculatorProcessTree : [ ]
2024-04-24T01:17:47,915  INFO [LocalJobRunner Map Task Executor #0] mapred.MapTask: Processing split: org.apache.hadoop.hive.ql.io.orc.OrcInputFormat:OrcSplit [file:/home/alex/Repositories/hive/ql/target/tmp/org.apache.hadoop.hive.ql.TestTxnNoBuckets-1713946626176/warehouse/nobuckets/c3=5/delta_0000001_0000001_0000/bucket_00000_0, start=3, length=309, isOriginal=false, fileLength=664, hasFooter=false, hasBase=true, deltas=0]
2024-04-24T01:17:47,915  INFO [LocalJobRunner Map Task Executor #0] exec.SerializationUtilities: Deserializing MapWork using kryo
2024-04-24T01:17:47,916  INFO [LocalJobRunner Map Task Executor #0] exec.Utilities: Deserialized plan (via FILE) - name: null size: 7,27KB
2024-04-24T01:17:47,918  INFO [LocalJobRunner Map Task Executor #0] orc.OrcRawRecordMerger: min key = null, max key = null
2024-04-24T01:17:47,918  INFO [LocalJobRunner Map Task Executor #0] orc.ReaderImpl: Reading ORC rows from file:/home/alex/Repositories/hive/ql/target/tmp/org.apache.hadoop.hive.ql.TestTxnNoBuckets-1713946626176/warehouse/nobuckets/c3=5/delta_0000001_0000001_0000/bucket_00000_0 with {include: [true, true, true], offset: 3, length: 309, schema: struct<c1:int,c2:int>, includeAcidColumns: true}
2024-04-24T01:17:47,919  INFO [LocalJobRunner Map Task Executor #0] orc.OrcRawRecordMerger: updated min key = null, max key = null
2024-04-24T01:17:47,920  INFO [LocalJobRunner Map Task Executor #0] mapred.MapTask: numReduceTasks: 1
2024-04-24T01:17:47,929  INFO [LocalJobRunner Map Task Executor #0] mapred.MapTask: (EQUATOR) 0 kvi 26214396(104857584)
2024-04-24T01:17:47,929  INFO [LocalJobRunner Map Task Executor #0] mapred.MapTask: mapreduce.task.io.sort.mb: 100
2024-04-24T01:17:47,929  INFO [LocalJobRunner Map Task Executor #0] mapred.MapTask: soft limit at 83886080
2024-04-24T01:17:47,929  INFO [LocalJobRunner Map Task Executor #0] mapred.MapTask: bufstart = 0; bufvoid = 104857600
2024-04-24T01:17:47,929  INFO [LocalJobRunner Map Task Executor #0] mapred.MapTask: kvstart = 26214396; length = 6553600
2024-04-24T01:17:47,929  INFO [LocalJobRunner Map Task Executor #0] mapred.MapTask: Map output collector class = org.apache.hadoop.mapred.MapTask$MapOutputBuffer
2024-04-24T01:17:47,930  INFO [LocalJobRunner Map Task Executor #0] exec.MapOperator: Initializing Operator: MAP[0]
2024-04-24T01:17:47,933  INFO [LocalJobRunner Map Task Executor #0] mr.ExecMapper: 
<MAP>Id =0
  <Children>null
  <\Children>
  <Parent><\Parent>
<\MAP>
2024-04-24T01:17:47,934  INFO [LocalJobRunner Map Task Executor #0] exec.TableScanOperator: Initializing Operator: TS[0]
2024-04-24T01:17:47,934  INFO [LocalJobRunner Map Task Executor #0] exec.SelectOperator: Initializing Operator: SEL[1]
2024-04-24T01:17:47,934  INFO [LocalJobRunner Map Task Executor #0] exec.SelectOperator: SELECT struct<c1:int,c2:int,c3:int,row__id:struct<writeid:bigint,bucketid:int,rowid:bigint>,input__file__name:string>
2024-04-24T01:17:47,935  INFO [LocalJobRunner Map Task Executor #0] exec.ReduceSinkOperator: Initializing Operator: RS[2]
2024-04-24T01:17:47,935  INFO [LocalJobRunner Map Task Executor #0] exec.ReduceSinkOperator: Using tag = -1
2024-04-24T01:17:47,935  INFO [LocalJobRunner Map Task Executor #0] exec.ReduceSinkOperator: keys are [reducesinkkey0] num distributions: 1
2024-04-24T01:17:47,935  INFO [LocalJobRunner Map Task Executor #0] exec.ReduceSinkOperator: RS[2]: records written - 1
2024-04-24T01:17:47,935  INFO [LocalJobRunner Map Task Executor #0] exec.MapOperator: MAP[0]: records read - 1
2024-04-24T01:17:47,936  INFO [LocalJobRunner Map Task Executor #0] exec.MapOperator: Closing Operator: MAP[0]
2024-04-24T01:17:47,936  INFO [LocalJobRunner Map Task Executor #0] exec.MapOperator: MAP[0]: Total records read - 1. abort - false
2024-04-24T01:17:47,936  INFO [LocalJobRunner Map Task Executor #0] exec.MapOperator: RECORDS_IN:1, RECORDS_OUT_OPERATOR_MAP_0:0, RECORDS_OUT_INTERMEDIATE:0, DESERIALIZE_ERRORS:0, 
2024-04-24T01:17:47,936  INFO [LocalJobRunner Map Task Executor #0] exec.TableScanOperator: Closing Operator: TS[0]
2024-04-24T01:17:47,936  INFO [LocalJobRunner Map Task Executor #0] exec.TableScanOperator: RECORDS_OUT_INTERMEDIATE:0, RECORDS_OUT_OPERATOR_TS_0:1, 
2024-04-24T01:17:47,936  INFO [LocalJobRunner Map Task Executor #0] exec.SelectOperator: Closing Operator: SEL[1]
2024-04-24T01:17:47,936  INFO [LocalJobRunner Map Task Executor #0] exec.SelectOperator: RECORDS_OUT_OPERATOR_SEL_1:1, RECORDS_OUT_INTERMEDIATE:0, 
2024-04-24T01:17:47,936  INFO [LocalJobRunner Map Task Executor #0] exec.ReduceSinkOperator: Closing Operator: RS[2]
2024-04-24T01:17:47,936  INFO [LocalJobRunner Map Task Executor #0] exec.ReduceSinkOperator: RS[2]: Total records written - 1. abort - false
2024-04-24T01:17:47,936  INFO [LocalJobRunner Map Task Executor #0] exec.ReduceSinkOperator: RECORDS_OUT_OPERATOR_RS_2:1, RECORDS_OUT_INTERMEDIATE:1, 
2024-04-24T01:17:47,936  INFO [LocalJobRunner Map Task Executor #0] mapred.LocalJobRunner: 
2024-04-24T01:17:47,937  INFO [LocalJobRunner Map Task Executor #0] mapred.MapTask: Starting flush of map output
2024-04-24T01:17:47,937  INFO [LocalJobRunner Map Task Executor #0] mapred.MapTask: Spilling map output
2024-04-24T01:17:47,937  INFO [LocalJobRunner Map Task Executor #0] mapred.MapTask: bufstart = 0; bufend = 210; bufvoid = 104857600
2024-04-24T01:17:47,937  INFO [LocalJobRunner Map Task Executor #0] mapred.MapTask: kvstart = 26214396(104857584); kvend = 26214396(104857584); length = 1/6553600
2024-04-24T01:17:47,945  INFO [LocalJobRunner Map Task Executor #0] mapred.MapTask: Finished spill 0
2024-04-24T01:17:47,948  INFO [LocalJobRunner Map Task Executor #0] mapred.Task: Task:attempt_local1342766753_0013_m_000006_0 is done. And is in the process of committing
2024-04-24T01:17:47,949  INFO [LocalJobRunner Map Task Executor #0] mapred.LocalJobRunner: OrcSplit [file:/home/alex/Repositories/hive/ql/target/tmp/org.apache.hadoop.hive.ql.TestTxnNoBuckets-1713946626176/warehouse/nobuckets/c3=5/delta_0000001_0000001_0000/bucket_00000_0, start=3, length=309, isOriginal=false, fileLength=664, hasFooter=false, hasBase=true, deltas=0]
2024-04-24T01:17:47,949  INFO [LocalJobRunner Map Task Executor #0] mapred.Task: Task 'attempt_local1342766753_0013_m_000006_0' done.
2024-04-24T01:17:47,949  INFO [LocalJobRunner Map Task Executor #0] mapred.Task: Final Counters for attempt_local1342766753_0013_m_000006_0: Counters: 24
	File System Counters
		FILE: Number of bytes read=350243
		FILE: Number of bytes written=15331549
		FILE: Number of read operations=0
		FILE: Number of large read operations=0
		FILE: Number of write operations=0
	Map-Reduce Framework
		Map input records=1
		Map output records=1
		Map output bytes=210
		Map output materialized bytes=219
		Input split bytes=511
		Combine input records=0
		Spilled Records=1
		Failed Shuffles=0
		Merged Map outputs=0
		GC time elapsed (ms)=0
		Total committed heap usage (bytes)=1087897600
	HIVE
		DESERIALIZE_ERRORS=0
		RECORDS_IN=1
		RECORDS_OUT_INTERMEDIATE=1
		RECORDS_OUT_OPERATOR_MAP_0=0
		RECORDS_OUT_OPERATOR_RS_2=1
		RECORDS_OUT_OPERATOR_SEL_1=1
		RECORDS_OUT_OPERATOR_TS_0=1
	File Input Format Counters 
		Bytes Read=10082
2024-04-24T01:17:47,949  INFO [LocalJobRunner Map Task Executor #0] mapred.LocalJobRunner: Finishing task: attempt_local1342766753_0013_m_000006_0
2024-04-24T01:17:47,949  INFO [Thread-907] mapred.LocalJobRunner: map task executor complete.
2024-04-24T01:17:47,950  INFO [Thread-907] mapred.LocalJobRunner: Waiting for reduce tasks
2024-04-24T01:17:47,950  INFO [pool-76-thread-1] mapred.LocalJobRunner: Starting task: attempt_local1342766753_0013_r_000000_0
2024-04-24T01:17:47,951  INFO [pool-76-thread-1] mapred.Task:  Using ResourceCalculatorProcessTree : [ ]
2024-04-24T01:17:47,951  INFO [pool-76-thread-1] mapred.ReduceTask: Using ShuffleConsumerPlugin: org.apache.hadoop.mapreduce.task.reduce.Shuffle@6014e06f
2024-04-24T01:17:47,951  WARN [pool-76-thread-1] impl.MetricsSystemImpl: JobTracker metrics system already initialized!
2024-04-24T01:17:47,952  INFO [pool-76-thread-1] reduce.MergeManagerImpl: MergerManager: memoryLimit=1336252800, maxSingleShuffleLimit=334063200, mergeThreshold=881926912, ioSortFactor=10, memToMemMergeOutputsThreshold=10
2024-04-24T01:17:47,953  INFO [EventFetcher for fetching Map Completion Events] reduce.EventFetcher: attempt_local1342766753_0013_r_000000_0 Thread started: EventFetcher for fetching Map Completion Events
2024-04-24T01:17:47,955  INFO [localfetcher#10] reduce.LocalFetcher: localfetcher#10 about to shuffle output of map attempt_local1342766753_0013_m_000004_0 decomp: 215 len: 219 to MEMORY
2024-04-24T01:17:47,956  INFO [localfetcher#10] reduce.InMemoryMapOutput: Read 215 bytes from map-output for attempt_local1342766753_0013_m_000004_0
2024-04-24T01:17:47,956  INFO [localfetcher#10] reduce.MergeManagerImpl: closeInMemoryFile -> map-output of size: 215, inMemoryMapOutputs.size() -> 1, commitMemory -> 0, usedMemory ->215
2024-04-24T01:17:47,958  INFO [localfetcher#10] reduce.LocalFetcher: localfetcher#10 about to shuffle output of map attempt_local1342766753_0013_m_000000_0 decomp: 428 len: 432 to MEMORY
2024-04-24T01:17:47,958  INFO [localfetcher#10] reduce.InMemoryMapOutput: Read 428 bytes from map-output for attempt_local1342766753_0013_m_000000_0
2024-04-24T01:17:47,958  INFO [localfetcher#10] reduce.MergeManagerImpl: closeInMemoryFile -> map-output of size: 428, inMemoryMapOutputs.size() -> 2, commitMemory -> 215, usedMemory ->643
2024-04-24T01:17:47,961  INFO [localfetcher#10] reduce.LocalFetcher: localfetcher#10 about to shuffle output of map attempt_local1342766753_0013_m_000001_0 decomp: 215 len: 219 to MEMORY
2024-04-24T01:17:47,961  INFO [localfetcher#10] reduce.InMemoryMapOutput: Read 215 bytes from map-output for attempt_local1342766753_0013_m_000001_0
2024-04-24T01:17:47,961  INFO [localfetcher#10] reduce.MergeManagerImpl: closeInMemoryFile -> map-output of size: 215, inMemoryMapOutputs.size() -> 3, commitMemory -> 643, usedMemory ->858
2024-04-24T01:17:47,963  INFO [localfetcher#10] reduce.LocalFetcher: localfetcher#10 about to shuffle output of map attempt_local1342766753_0013_m_000002_0 decomp: 215 len: 219 to MEMORY
2024-04-24T01:17:47,964  INFO [localfetcher#10] reduce.InMemoryMapOutput: Read 215 bytes from map-output for attempt_local1342766753_0013_m_000002_0
2024-04-24T01:17:47,964  INFO [localfetcher#10] reduce.MergeManagerImpl: closeInMemoryFile -> map-output of size: 215, inMemoryMapOutputs.size() -> 4, commitMemory -> 858, usedMemory ->1073
2024-04-24T01:17:47,966  INFO [localfetcher#10] reduce.LocalFetcher: localfetcher#10 about to shuffle output of map attempt_local1342766753_0013_m_000006_0 decomp: 215 len: 219 to MEMORY
2024-04-24T01:17:47,966  INFO [localfetcher#10] reduce.InMemoryMapOutput: Read 215 bytes from map-output for attempt_local1342766753_0013_m_000006_0
2024-04-24T01:17:47,966  INFO [localfetcher#10] reduce.MergeManagerImpl: closeInMemoryFile -> map-output of size: 215, inMemoryMapOutputs.size() -> 5, commitMemory -> 1073, usedMemory ->1288
2024-04-24T01:17:47,969  INFO [localfetcher#10] reduce.LocalFetcher: localfetcher#10 about to shuffle output of map attempt_local1342766753_0013_m_000003_0 decomp: 215 len: 219 to MEMORY
2024-04-24T01:17:47,969  INFO [localfetcher#10] reduce.InMemoryMapOutput: Read 215 bytes from map-output for attempt_local1342766753_0013_m_000003_0
2024-04-24T01:17:47,969  INFO [localfetcher#10] reduce.MergeManagerImpl: closeInMemoryFile -> map-output of size: 215, inMemoryMapOutputs.size() -> 6, commitMemory -> 1288, usedMemory ->1503
2024-04-24T01:17:47,971  INFO [localfetcher#10] reduce.LocalFetcher: localfetcher#10 about to shuffle output of map attempt_local1342766753_0013_m_000005_0 decomp: 215 len: 219 to MEMORY
2024-04-24T01:17:47,972  INFO [localfetcher#10] reduce.InMemoryMapOutput: Read 215 bytes from map-output for attempt_local1342766753_0013_m_000005_0
2024-04-24T01:17:47,972  INFO [localfetcher#10] reduce.MergeManagerImpl: closeInMemoryFile -> map-output of size: 215, inMemoryMapOutputs.size() -> 7, commitMemory -> 1503, usedMemory ->1718
2024-04-24T01:17:47,972  INFO [EventFetcher for fetching Map Completion Events] reduce.EventFetcher: EventFetcher is interrupted.. Returning
2024-04-24T01:17:47,972  INFO [pool-76-thread-1] mapred.LocalJobRunner: 7 / 7 copied.
2024-04-24T01:17:47,972  INFO [pool-76-thread-1] reduce.MergeManagerImpl: finalMerge called with 7 in-memory map-outputs and 0 on-disk map-outputs
2024-04-24T01:17:47,981  INFO [pool-76-thread-1] mapred.Merger: Merging 7 sorted segments
2024-04-24T01:17:47,981  INFO [pool-76-thread-1] mapred.Merger: Down to the last merge-pass, with 7 segments left of total size: 1494 bytes
2024-04-24T01:17:47,985  INFO [pool-76-thread-1] reduce.MergeManagerImpl: Merged 7 segments, 1718 bytes to disk to satisfy reduce memory limit
2024-04-24T01:17:47,985  INFO [pool-76-thread-1] reduce.MergeManagerImpl: Merging 1 files, 1710 bytes from disk
2024-04-24T01:17:47,985  INFO [pool-76-thread-1] reduce.MergeManagerImpl: Merging 0 segments, 0 bytes from memory into reduce
2024-04-24T01:17:47,985  INFO [pool-76-thread-1] mapred.Merger: Merging 1 sorted segments
2024-04-24T01:17:47,985  INFO [pool-76-thread-1] mapred.Merger: Down to the last merge-pass, with 1 segments left of total size: 1674 bytes
2024-04-24T01:17:47,985  INFO [pool-76-thread-1] mapred.LocalJobRunner: 7 / 7 copied.
2024-04-24T01:17:47,986  INFO [pool-76-thread-1] exec.SerializationUtilities: Deserializing ReduceWork using kryo
2024-04-24T01:17:47,987  INFO [pool-76-thread-1] exec.Utilities: Deserialized plan (via FILE) - name: null size: 6,15KB
2024-04-24T01:17:47,988  INFO [pool-76-thread-1] ExecReducer: 
<SEL>Id =3
  <Children>
    <FS>Id =4
      <Children>
      <\Children>
      <Parent>Id = 3 null<\Parent>
    <\FS>
  <\Children>
  <Parent><\Parent>
<\SEL>
2024-04-24T01:17:47,988  INFO [pool-76-thread-1] exec.SelectOperator: Initializing Operator: SEL[3]
2024-04-24T01:17:47,988  INFO [pool-76-thread-1] exec.SelectOperator: SELECT struct<key:struct<reducesinkkey0:struct<writeid:bigint,bucketid:int,rowid:bigint>>,value:struct<_col0:int,_col1:int,_col2:int,_col3:string>>
2024-04-24T01:17:47,988  INFO [pool-76-thread-1] exec.FileSinkOperator: Initializing Operator: FS[4]
2024-04-24T01:17:47,989  INFO [pool-76-thread-1] exec.FileSinkOperator: Using serializer : class org.apache.hadoop.hive.serde2.lazy.LazySimpleSerDe [serdeParams=org.apache.hadoop.hive.serde2.lazy.LazySerDeParameters@9a576f4, cachedObjectInspector=org.apache.hadoop.hive.serde2.lazy.objectinspector.LazySimpleStructObjectInspector<org.apache.hadoop.hive.serde2.lazy.objectinspector.LazySimpleStructObjectInspector<org.apache.hadoop.hive.serde2.lazy.objectinspector.primitive.LazyLongObjectInspector@4ae93e38,org.apache.hadoop.hive.serde2.lazy.objectinspector.primitive.LazyIntObjectInspector@6ddeeb78,org.apache.hadoop.hive.serde2.lazy.objectinspector.primitive.LazyLongObjectInspector@4ae93e38>,org.apache.hadoop.hive.serde2.lazy.objectinspector.primitive.LazyIntObjectInspector@6ddeeb78,org.apache.hadoop.hive.serde2.lazy.objectinspector.primitive.LazyIntObjectInspector@6ddeeb78,org.apache.hadoop.hive.serde2.lazy.objectinspector.primitive.LazyIntObjectInspector@6ddeeb78,org.apache.hadoop.hive.serde2.lazy.objectinspector.primitive.LazyStringObjectInspector@266b7d1>, serializedSize=0, stats=org.apache.hadoop.hive.serde2.SerDeStats@5b6af0e1, lastOperationSerialize=false, lastOperationDeserialize=false [1, 2, 3, 4, 5, 6, 7, 8, 11, 14, 15, 16, 17, 18, 19, 20, 21, 22, 23, 24, 25, 26, 28, 29, 30, 31, -128, -127, -126, -125, -124, -123, -122, -121, -120, -119, -118, -117, -116, -115, -114, -113, -112, -111, -110, -109, -108, -107, -106, -105, -104, -103, -102, -101, -100, -99, -98, -97, -96, -95, -94, -93, -92, -91, -90, -89, -88, -87, -86, -85, -84, -83, -82, -81, -80, -79, -78, -77, -76, -75, -74, -73, -72, -71, -70, -69, -68, -67, -66, -65, -64, -63, -62, -61, -60, -59, -58, -57, -56, -55, -54, -53, -52, -51, -50, -49, -48, -47, -46, -45, -44, -43, -42, -41, -40, -39, -38, -37, -36, -35, -34, -33, -32, -31, -30, -29, -28, -27, -26, -25, -24, -23, -22, -21, -20, -19, -18, -17, -16, -15, -14, -13, -12, -11, -10, -9, -8, -7, -6, -5, -4, -3, -2, -1] : [_col0, _col1, _col2, _col3, _col4] : [struct<writeid:bigint,bucketid:int,rowid:bigint>, int, int, int, string]] and formatter : org.apache.hadoop.hive.ql.io.HiveSequenceFileOutputFormat@7cbd9bbd
2024-04-24T01:17:47,989  INFO [pool-76-thread-1] exec.FileSinkOperator: Final Path: FS file:/home/alex/Repositories/hive/ql/target/tmp/localscratchdir/e200bcba-f0ca-4f02-9e42-4b4d6a93de0f/hive_2024-04-24_01-17-47_052_9209447274331041774-1/-mr-10001/.hive-staging_hive_2024-04-24_01-17-47_052_9209447274331041774-1/_tmp.-ext-10002/000000_0
2024-04-24T01:17:47,989  INFO [pool-76-thread-1] exec.FileSinkOperator: Writing to temp file: FS file:/home/alex/Repositories/hive/ql/target/tmp/localscratchdir/e200bcba-f0ca-4f02-9e42-4b4d6a93de0f/hive_2024-04-24_01-17-47_052_9209447274331041774-1/-mr-10001/.hive-staging_hive_2024-04-24_01-17-47_052_9209447274331041774-1/_task_tmp.-ext-10002/_tmp.000000_0
2024-04-24T01:17:47,990  INFO [pool-76-thread-1] exec.FileSinkOperator: New Final Path: FS file:/home/alex/Repositories/hive/ql/target/tmp/localscratchdir/e200bcba-f0ca-4f02-9e42-4b4d6a93de0f/hive_2024-04-24_01-17-47_052_9209447274331041774-1/-mr-10001/.hive-staging_hive_2024-04-24_01-17-47_052_9209447274331041774-1/_tmp.-ext-10002/000000_0
2024-04-24T01:17:47,999  INFO [pool-76-thread-1] exec.FileSinkOperator: FS[4]: records written - 1
2024-04-24T01:17:48,000  INFO [pool-76-thread-1] exec.SelectOperator: Closing Operator: SEL[3]
2024-04-24T01:17:48,000  INFO [pool-76-thread-1] exec.SelectOperator: RECORDS_OUT_INTERMEDIATE:0, RECORDS_OUT_OPERATOR_SEL_3:8, 
2024-04-24T01:17:48,000  INFO [pool-76-thread-1] exec.FileSinkOperator: Closing Operator: FS[4]
2024-04-24T01:17:48,000  INFO [pool-76-thread-1] exec.FileSinkOperator: FS[4]: records written - 8
2024-04-24T01:17:48,001  INFO [pool-76-thread-1] exec.FileSinkOperator: RECORDS_OUT_OPERATOR_FS_4:8, RECORDS_OUT_0:8, RECORDS_OUT_INTERMEDIATE:0, 
2024-04-24T01:17:48,001  INFO [pool-76-thread-1] mapred.Task: Task:attempt_local1342766753_0013_r_000000_0 is done. And is in the process of committing
2024-04-24T01:17:48,002  INFO [pool-76-thread-1] mapred.LocalJobRunner: reduce > reduce
2024-04-24T01:17:48,002  INFO [pool-76-thread-1] mapred.Task: Task 'attempt_local1342766753_0013_r_000000_0' done.
2024-04-24T01:17:48,002  INFO [pool-76-thread-1] mapred.Task: Final Counters for attempt_local1342766753_0013_r_000000_0: Counters: 29
	File System Counters
		FILE: Number of bytes read=360134
		FILE: Number of bytes written=15335010
		FILE: Number of read operations=0
		FILE: Number of large read operations=0
		FILE: Number of write operations=0
	Map-Reduce Framework
		Combine input records=0
		Combine output records=0
		Reduce input groups=2
		Reduce shuffle bytes=1746
		Reduce input records=8
		Reduce output records=0
		Spilled Records=8
		Shuffled Maps =7
		Failed Shuffles=0
		Merged Map outputs=7
		GC time elapsed (ms)=0
		Total committed heap usage (bytes)=1087897600
	HIVE
		CREATED_FILES=1
		RECORDS_OUT_0=8
		RECORDS_OUT_INTERMEDIATE=0
		RECORDS_OUT_OPERATOR_FS_4=8
		RECORDS_OUT_OPERATOR_SEL_3=8
	Shuffle Errors
		BAD_ID=0
		CONNECTION=0
		IO_ERROR=0
		WRONG_LENGTH=0
		WRONG_MAP=0
		WRONG_REDUCE=0
	File Output Format Counters 
		Bytes Written=0
2024-04-24T01:17:48,002  INFO [pool-76-thread-1] mapred.LocalJobRunner: Finishing task: attempt_local1342766753_0013_r_000000_0
2024-04-24T01:17:48,002  INFO [Thread-907] mapred.LocalJobRunner: reduce task executor complete.
2024-04-24 01:17:48,675 Stage-1 map = 100%,  reduce = 100%
2024-04-24T01:17:48,675  INFO [main] exec.Task: 2024-04-24 01:17:48,675 Stage-1 map = 100%,  reduce = 100%
Ended Job = job_local1342766753_0013
2024-04-24T01:17:48,677  INFO [main] exec.Task: Ended Job = job_local1342766753_0013
2024-04-24T01:17:48,680  INFO [main] metadata.Hive: Dumping metastore api call timing information for : execution phase
2024-04-24T01:17:48,680  INFO [main] metadata.Hive: Total time spent in each metastore function (ms): {}
MapReduce Jobs Launched: 
2024-04-24T01:17:48,680  INFO [main] ql.Driver: MapReduce Jobs Launched: 
Stage-Stage-1:  HDFS Read: 0 HDFS Write: 0 SUCCESS
2024-04-24T01:17:48,680  INFO [main] ql.Driver: Stage-Stage-1:  HDFS Read: 0 HDFS Write: 0 SUCCESS
Total MapReduce CPU Time Spent: 0 msec
2024-04-24T01:17:48,680  INFO [main] ql.Driver: Total MapReduce CPU Time Spent: 0 msec
2024-04-24T01:17:48,680  INFO [main] ql.Driver: Completed executing command(queryId=alex_20240424011747_fe3c8d8c-0525-49d1-b518-31e99976ce5c); Time taken: 1.4 seconds
2024-04-24T01:17:48,680  INFO [main] lockmgr.DbTxnManager: Stopped heartbeat for query: alex_20240424011747_fe3c8d8c-0525-49d1-b518-31e99976ce5c
2024-04-24T01:17:48,687  INFO [main] txn.TxnHandler: Expected to move at least one record from txn_components to completed_txn_components when committing txn! txnid:22
2024-04-24T01:17:48,696  INFO [main] txn.TxnHandler: Removed transactions: ([22]) from MIN_HISTORY_LEVEL
2024-04-24T01:17:48,696  WARN [main] txn.CompactionTxnHandler: No compaction queue record found for Compaction type transaction commit. txnId:22
2024-04-24T01:17:48,701  INFO [main] mapred.FileInputFormat: Total input files to process : 1
2024-04-24T01:17:48,703  INFO [main] exec.ListSinkOperator: Closing Operator: LIST_SINK[5]
2024-04-24T01:17:48,703  INFO [main] exec.ListSinkOperator: RECORDS_OUT_INTERMEDIATE:0, RECORDS_OUT_OPERATOR_LIST_SINK_5:8, 
2024-04-24T01:17:48,703  WARN [main] ql.TestTxnNoBuckets: after insert
2024-04-24T01:17:48,703  WARN [main] ql.TestTxnNoBuckets: {"writeid":1,"bucketid":536870912,"rowid":0}	0	0	0	file:/home/alex/Repositories/hive/ql/target/tmp/org.apache.hadoop.hive.ql.TestTxnNoBuckets-1713946626176/warehouse/nobuckets/c3=0/delta_0000001_0000001_0000/bucket_00000_0
2024-04-24T01:17:48,703  WARN [main] ql.TestTxnNoBuckets: {"writeid":1,"bucketid":536870912,"rowid":0}	3	3	3	file:/home/alex/Repositories/hive/ql/target/tmp/org.apache.hadoop.hive.ql.TestTxnNoBuckets-1713946626176/warehouse/nobuckets/c3=3/delta_0000001_0000001_0000/bucket_00000_0
2024-04-24T01:17:48,703  WARN [main] ql.TestTxnNoBuckets: {"writeid":1,"bucketid":536870912,"rowid":0}	1	1	1	file:/home/alex/Repositories/hive/ql/target/tmp/org.apache.hadoop.hive.ql.TestTxnNoBuckets-1713946626176/warehouse/nobuckets/c3=1/delta_0000001_0000001_0000/bucket_00000_0
2024-04-24T01:17:48,703  WARN [main] ql.TestTxnNoBuckets: {"writeid":1,"bucketid":536870912,"rowid":0}	6	6	6	file:/home/alex/Repositories/hive/ql/target/tmp/org.apache.hadoop.hive.ql.TestTxnNoBuckets-1713946626176/warehouse/nobuckets/c3=6/delta_0000001_0000001_0000/bucket_00000_0
2024-04-24T01:17:48,703  WARN [main] ql.TestTxnNoBuckets: {"writeid":1,"bucketid":536870912,"rowid":0}	4	4	4	file:/home/alex/Repositories/hive/ql/target/tmp/org.apache.hadoop.hive.ql.TestTxnNoBuckets-1713946626176/warehouse/nobuckets/c3=4/delta_0000001_0000001_0000/bucket_00000_0
2024-04-24T01:17:48,703  WARN [main] ql.TestTxnNoBuckets: {"writeid":1,"bucketid":536870912,"rowid":0}	5	5	5	file:/home/alex/Repositories/hive/ql/target/tmp/org.apache.hadoop.hive.ql.TestTxnNoBuckets-1713946626176/warehouse/nobuckets/c3=5/delta_0000001_0000001_0000/bucket_00000_0
2024-04-24T01:17:48,703  WARN [main] ql.TestTxnNoBuckets: {"writeid":1,"bucketid":536870912,"rowid":0}	2	2	2	file:/home/alex/Repositories/hive/ql/target/tmp/org.apache.hadoop.hive.ql.TestTxnNoBuckets-1713946626176/warehouse/nobuckets/c3=2/delta_0000001_0000001_0000/bucket_00000_0
2024-04-24T01:17:48,703  WARN [main] ql.TestTxnNoBuckets: {"writeid":1,"bucketid":536870912,"rowid":1}	3	3	3	file:/home/alex/Repositories/hive/ql/target/tmp/org.apache.hadoop.hive.ql.TestTxnNoBuckets-1713946626176/warehouse/nobuckets/c3=3/delta_0000001_0000001_0000/bucket_00000_0
2024-04-24T01:17:48,703  INFO [main] ql.TxnCommandsBaseForTests: Running the query: select * from nobuckets where c2 in (0,3)
2024-04-24T01:17:48,704  INFO [main] ql.Context: Deleting scratch dir: file:/home/alex/Repositories/hive/ql/target/tmp/localscratchdir/e200bcba-f0ca-4f02-9e42-4b4d6a93de0f/hive_2024-04-24_01-17-47_052_9209447274331041774-1
2024-04-24T01:17:48,704  INFO [main] cleanup.SyncCleanupService: Deleted directory: file:/home/alex/Repositories/hive/ql/target/tmp/localscratchdir/e200bcba-f0ca-4f02-9e42-4b4d6a93de0f/hive_2024-04-24_01-17-47_052_9209447274331041774-1 on fs with scheme file
2024-04-24T01:17:48,704  INFO [main] ql.Driver: Compiling command(queryId=alex_20240424011748_6b59eaea-cf3e-4f80-abf6-c81aaca6a11c): select * from nobuckets where c2 in (0,3)
2024-04-24T01:17:48,707  INFO [main] txn.TxnHandler: Added entries to MIN_HISTORY_LEVEL for current txns: ([23]) with min_open_txn: 23
2024-04-24T01:17:48,708  INFO [main] lockmgr.DbTxnManager: Opened txnid:23
2024-04-24T01:17:48,708  INFO [main] parse.CalcitePlanner: Starting caching scope for: 
2024-04-24T01:17:48,708  INFO [main] parse.CalcitePlanner: Starting Semantic Analysis
2024-04-24T01:17:48,711  INFO [main] parse.CalcitePlanner: Completed phase 1 of Semantic Analysis
2024-04-24T01:17:48,711  INFO [main] parse.CalcitePlanner: Get metadata for source tables
2024-04-24T01:17:48,712  INFO [main] HiveMetaStore.audit: ugi=alex	ip=unknown-ip-addr	cmd=get_table : tbl=hive.default.nobuckets	
2024-04-24T01:17:48,719  INFO [main] metastore.HMSHandler: Skipping translation for processor with null
2024-04-24T01:17:48,720  INFO [main] parse.CalcitePlanner: Get metadata for subqueries
2024-04-24T01:17:48,720  INFO [main] parse.CalcitePlanner: Get metadata for destination tables
2024-04-24T01:17:48,720  INFO [main] parse.CalcitePlanner: Completed getting MetaData in Semantic Analysis
2024-04-24T01:17:48,732  INFO [main] HiveMetaStore.audit: ugi=alex	ip=unknown-ip-addr	cmd=get_all_table_constraints : tbl=hive.default.nobuckets	
2024-04-24T01:17:48,763  INFO [main] HiveMetaStore.audit: ugi=alex	ip=unknown-ip-addr	cmd=get_partitions : tbl=hive.default.nobuckets	
2024-04-24T01:17:48,779  INFO [main] calcite.RelOptHiveTable: Calculating column statistics for default.nobuckets, projIndxSet: [0, 1, 2], allowMissingStats: true
2024-04-24T01:17:48,779  INFO [main] HiveMetaStore.audit: ugi=alex	ip=unknown-ip-addr	cmd=get_aggr_stats_for: table=hive.default.nobuckets	
2024-04-24T01:17:48,790  WARN [main] calcite.RelOptHiveTable: No Stats for default@nobuckets, Columns: c1, c2
No Stats for default@nobuckets, Columns: c1, c2
2024-04-24T01:17:48,790  INFO [main] SessionState: No Stats for default@nobuckets, Columns: c1, c2
2024-04-24T01:17:48,858  INFO [main] parse.CalcitePlanner: Get metadata for source tables
2024-04-24T01:17:48,858  INFO [main] parse.CalcitePlanner: Get metadata for subqueries
2024-04-24T01:17:48,858  INFO [main] parse.CalcitePlanner: Get metadata for destination tables
2024-04-24T01:17:48,860  INFO [main] common.FileUtils: Creating directory if it doesn't exist: file:/home/alex/Repositories/hive/ql/target/tmp/localscratchdir/e200bcba-f0ca-4f02-9e42-4b4d6a93de0f/hive_2024-04-24_01-17-48_704_1700025648186708806-1/-mr-10001/.hive-staging_hive_2024-04-24_01-17-48_704_1700025648186708806-1
2024-04-24T01:17:48,867  INFO [main] parse.CalcitePlanner: CBO Succeeded; optimized logical plan.
2024-04-24T01:17:48,873  INFO [main] optimizer.BucketVersionPopulator: not considering bucketingVersion for: TS[0] because it has -1<2 buckets 
2024-04-24T01:17:48,874  INFO [main] optimizer.SortedDynPartitionOptimizer: Sorted dynamic partitioning optimization kicked in..
2024-04-24T01:17:48,884  INFO [main] parse.CalcitePlanner: Completed plan generation
2024-04-24T01:17:48,884  INFO [main] parse.CalcitePlanner: Ending caching scope for: 
2024-04-24T01:17:48,884  INFO [main] ql.Driver: Semantic Analysis Completed (retrial = false)
2024-04-24T01:17:48,884  INFO [main] ql.Driver: Created Hive schema: Schema(fieldSchemas:[FieldSchema(name:nobuckets.c1, type:int, comment:null), FieldSchema(name:nobuckets.c2, type:int, comment:null), FieldSchema(name:nobuckets.c3, type:int, comment:null)], properties:null)
2024-04-24T01:17:48,885  INFO [main] exec.ListSinkOperator: Initializing Operator: LIST_SINK[5]
2024-04-24T01:17:48,885  INFO [main] metadata.Hive: Dumping metastore api call timing information for : compilation phase
2024-04-24T01:17:48,885  INFO [main] metadata.Hive: Total time spent in each metastore function (ms): {isCompatibleWith_(Configuration)=2, commitTxn_(CommitTxnRequest)=17, listPartitions_(String, String, short)=13, getAggrColStatsFor_(String, String, List, List, String, String)=11, getValidWriteIds_(List, String)=3, getValidTxns_(long)=0, getTable_(GetTableRequest)=8, getAllTableConstraints_(AllTableConstraintsRequest)=6, flushCache_()=0, openTxn_(String, TxnType)=3}
2024-04-24T01:17:48,886  INFO [main] ql.Driver: Completed compiling command(queryId=alex_20240424011748_6b59eaea-cf3e-4f80-abf6-c81aaca6a11c); Time taken: 0.181 seconds
2024-04-24T01:17:48,886  INFO [main] lockmgr.DbTxnManager: Setting lock request transaction to txnid:23 for queryId=alex_20240424011748_6b59eaea-cf3e-4f80-abf6-c81aaca6a11c
2024-04-24T01:17:48,888  INFO [main] lockmgr.DbLockManager: Requesting lock for queryId=alex_20240424011748_6b59eaea-cf3e-4f80-abf6-c81aaca6a11c
2024-04-24T01:17:48,905  INFO [main] lockmgr.DbLockManager: Response to queryId=alex_20240424011748_6b59eaea-cf3e-4f80-abf6-c81aaca6a11c LockResponse(lockid:15, state:ACQUIRED)
2024-04-24T01:17:48,905  INFO [main] ql.Driver: Operation QUERY obtained 1 locks
2024-04-24T01:17:48,905  INFO [main] ql.Driver: Executing command(queryId=alex_20240424011748_6b59eaea-cf3e-4f80-abf6-c81aaca6a11c): select * from nobuckets where c2 in (0,3)
2024-04-24T01:17:48,906  WARN [main] ql.Driver: Hive-on-MR is deprecated in Hive 2 and may not be available in the future versions. Consider using a different execution engine (i.e. tez, spark) or using Hive 1.X releases.
Query ID = alex_20240424011748_6b59eaea-cf3e-4f80-abf6-c81aaca6a11c
2024-04-24T01:17:48,906  INFO [main] ql.Driver: Query ID = alex_20240424011748_6b59eaea-cf3e-4f80-abf6-c81aaca6a11c
Total jobs = 1
2024-04-24T01:17:48,906  INFO [main] ql.Driver: Total jobs = 1
Launching Job 1 out of 1
2024-04-24T01:17:48,906  INFO [main] ql.Driver: Launching Job 1 out of 1
2024-04-24T01:17:49,057  INFO [main] ql.Driver: Starting task [Stage-1:MAPRED] in serial mode
Number of reduce tasks is set to 0 since there's no reduce operator
2024-04-24T01:17:49,058  INFO [main] exec.Task: Number of reduce tasks is set to 0 since there's no reduce operator
2024-04-24T01:17:49,060  INFO [main] mr.ExecDriver: Using org.apache.hadoop.hive.ql.io.HiveInputFormat
2024-04-24T01:17:49,060  INFO [main] exec.Utilities: Processing alias nobuckets
2024-04-24T01:17:49,061  INFO [main] exec.Utilities: Adding 7 inputs; the first input is file:/home/alex/Repositories/hive/ql/target/tmp/org.apache.hadoop.hive.ql.TestTxnNoBuckets-1713946626176/warehouse/nobuckets/c3=0
2024-04-24T01:17:49,072  INFO [main] exec.SerializationUtilities: Serializing MapWork using kryo
2024-04-24T01:17:49,073  INFO [main] exec.Utilities: Serialized plan (via FILE) - name: null size: 8,00KB
2024-04-24T01:17:49,075  WARN [main] impl.MetricsSystemImpl: JobTracker metrics system already initialized!
2024-04-24T01:17:49,082  WARN [main] impl.MetricsSystemImpl: JobTracker metrics system already initialized!
2024-04-24T01:17:49,089  WARN [main] mapreduce.JobResourceUploader: Hadoop command-line option parsing not performed. Implement the Tool interface and execute your application with ToolRunner to remedy this.
2024-04-24T01:17:49,094  WARN [main] mapreduce.JobResourceUploader: No job jar file set.  User classes may not be found. See Job or Job#setJar(String).
2024-04-24T01:17:49,096  INFO [main] io.HiveInputFormat: hive.io.file.readcolumn.ids = 0,1
2024-04-24T01:17:49,096  INFO [main] io.HiveInputFormat: hive.io.file.readcolumn.names = c1,c2
2024-04-24T01:17:49,096  INFO [main] io.HiveInputFormat: Generating splits for dirs: file:/home/alex/Repositories/hive/ql/target/tmp/org.apache.hadoop.hive.ql.TestTxnNoBuckets-1713946626176/warehouse/nobuckets/c3=0
2024-04-24T01:17:49,096  INFO [main] orc.OrcInputFormat: getSplits started
2024-04-24T01:17:49,097  INFO [main] orc.OrcInputFormat: Context:: isAcid: true isVectorMode: false sarg: leaf-(IN c2 0 3) minSplitSize: 1 maxSplitSize: 256000000 splitStrategy: HYBRID footerInSplits: false numBuckets: 0 numThreads: 10 cacheMemSize: 268435456 cacheStripeDetails: true useSoftReference: false writeIdList: default.nobuckets:1:9223372036854775807:: isTransactionalTable: true txnProperties: default 
2024-04-24T01:17:49,097  INFO [main] orc.OrcInputFormat: ORC pushdown predicate: leaf-(IN c2 0 3)
2024-04-24T01:17:49,119  INFO [main] orc.OrcInputFormat: FooterCacheHitRatio: 7/7
2024-04-24T01:17:49,119  INFO [main] orc.OrcInputFormat: getSplits finished (#splits: 2). duration: 23 ms
2024-04-24T01:17:49,119  INFO [main] io.HiveInputFormat: number of splits 2
2024-04-24T01:17:49,138  INFO [main] mapreduce.JobSubmitter: number of splits:2
2024-04-24T01:17:49,158  INFO [main] mapreduce.JobSubmitter: Submitting tokens for job: job_local1706422611_0014
2024-04-24T01:17:49,158  INFO [main] mapreduce.JobSubmitter: Executing with tokens: []
2024-04-24T01:17:49,220  INFO [main] mapreduce.Job: The url to track the job: http://localhost:8080/
Job running in-process (local Hadoop)
2024-04-24T01:17:49,220  INFO [main] exec.Task: Job running in-process (local Hadoop)
2024-04-24T01:17:49,220  INFO [Thread-998] mapred.LocalJobRunner: OutputCommitter set in config org.apache.hadoop.hive.ql.io.HiveFileFormatUtils$NullOutputCommitter
2024-04-24T01:17:49,220  INFO [Thread-998] mapred.LocalJobRunner: OutputCommitter is org.apache.hadoop.hive.ql.io.HiveFileFormatUtils$NullOutputCommitter
2024-04-24T01:17:49,222  INFO [Thread-998] mapred.LocalJobRunner: Waiting for map tasks
2024-04-24T01:17:49,222  INFO [LocalJobRunner Map Task Executor #0] mapred.LocalJobRunner: Starting task: attempt_local1706422611_0014_m_000000_0
2024-04-24T01:17:49,223  INFO [LocalJobRunner Map Task Executor #0] mapred.Task:  Using ResourceCalculatorProcessTree : [ ]
2024-04-24T01:17:49,223  INFO [LocalJobRunner Map Task Executor #0] mapred.MapTask: Processing split: org.apache.hadoop.hive.ql.io.orc.OrcInputFormat:OrcSplit [file:/home/alex/Repositories/hive/ql/target/tmp/org.apache.hadoop.hive.ql.TestTxnNoBuckets-1713946626176/warehouse/nobuckets/c3=3/delta_0000001_0000001_0000/bucket_00000_0, start=3, length=314, isOriginal=false, fileLength=679, hasFooter=false, hasBase=true, deltas=0]
2024-04-24T01:17:49,224  INFO [LocalJobRunner Map Task Executor #0] exec.SerializationUtilities: Deserializing MapWork using kryo
2024-04-24T01:17:49,224  INFO [LocalJobRunner Map Task Executor #0] exec.Utilities: Deserialized plan (via FILE) - name: null size: 8,00KB
2024-04-24T01:17:49,226  INFO [LocalJobRunner Map Task Executor #0] orc.OrcInputFormat: ORC pushdown predicate: leaf-(IN c2 0 3)
2024-04-24T01:17:49,226  INFO [LocalJobRunner Map Task Executor #0] orc.OrcRawRecordMerger: min key = null, max key = null
2024-04-24T01:17:49,226  INFO [LocalJobRunner Map Task Executor #0] orc.ReaderImpl: Reading ORC rows from file:/home/alex/Repositories/hive/ql/target/tmp/org.apache.hadoop.hive.ql.TestTxnNoBuckets-1713946626176/warehouse/nobuckets/c3=3/delta_0000001_0000001_0000/bucket_00000_0 with {include: [true, true, true], offset: 3, length: 314, sarg: leaf-(IN c2 0 3), schema: struct<c1:int,c2:int>, includeAcidColumns: true}
2024-04-24T01:17:49,228  INFO [LocalJobRunner Map Task Executor #0] orc.OrcRawRecordMerger: updated min key = null, max key = null
2024-04-24T01:17:49,228  INFO [LocalJobRunner Map Task Executor #0] mapred.MapTask: numReduceTasks: 0
2024-04-24T01:17:49,229  INFO [LocalJobRunner Map Task Executor #0] exec.MapOperator: Initializing Operator: MAP[0]
2024-04-24T01:17:49,232  INFO [LocalJobRunner Map Task Executor #0] mr.ExecMapper: 
<MAP>Id =0
  <Children>null
  <\Children>
  <Parent><\Parent>
<\MAP>
2024-04-24T01:17:49,233  INFO [LocalJobRunner Map Task Executor #0] exec.TableScanOperator: Initializing Operator: TS[0]
2024-04-24T01:17:49,233  INFO [LocalJobRunner Map Task Executor #0] exec.FilterOperator: Initializing Operator: FIL[4]
2024-04-24T01:17:49,233  INFO [LocalJobRunner Map Task Executor #0] exec.SelectOperator: Initializing Operator: SEL[2]
2024-04-24T01:17:49,233  INFO [LocalJobRunner Map Task Executor #0] exec.SelectOperator: SELECT struct<c1:int,c2:int,c3:int>
2024-04-24T01:17:49,233  INFO [LocalJobRunner Map Task Executor #0] exec.FileSinkOperator: Initializing Operator: FS[3]
2024-04-24T01:17:49,234  INFO [LocalJobRunner Map Task Executor #0] exec.FileSinkOperator: Using serializer : class org.apache.hadoop.hive.serde2.lazy.LazySimpleSerDe [serdeParams=org.apache.hadoop.hive.serde2.lazy.LazySerDeParameters@efd8ffb, cachedObjectInspector=org.apache.hadoop.hive.serde2.lazy.objectinspector.LazySimpleStructObjectInspector<org.apache.hadoop.hive.serde2.lazy.objectinspector.primitive.LazyIntObjectInspector@6ddeeb78,org.apache.hadoop.hive.serde2.lazy.objectinspector.primitive.LazyIntObjectInspector@6ddeeb78,org.apache.hadoop.hive.serde2.lazy.objectinspector.primitive.LazyIntObjectInspector@6ddeeb78>, serializedSize=0, stats=org.apache.hadoop.hive.serde2.SerDeStats@320a80bb, lastOperationSerialize=false, lastOperationDeserialize=false [1, 2, 3, 4, 5, 6, 7, 8, 11, 14, 15, 16, 17, 18, 19, 20, 21, 22, 23, 24, 25, 26, 28, 29, 30, 31, -128, -127, -126, -125, -124, -123, -122, -121, -120, -119, -118, -117, -116, -115, -114, -113, -112, -111, -110, -109, -108, -107, -106, -105, -104, -103, -102, -101, -100, -99, -98, -97, -96, -95, -94, -93, -92, -91, -90, -89, -88, -87, -86, -85, -84, -83, -82, -81, -80, -79, -78, -77, -76, -75, -74, -73, -72, -71, -70, -69, -68, -67, -66, -65, -64, -63, -62, -61, -60, -59, -58, -57, -56, -55, -54, -53, -52, -51, -50, -49, -48, -47, -46, -45, -44, -43, -42, -41, -40, -39, -38, -37, -36, -35, -34, -33, -32, -31, -30, -29, -28, -27, -26, -25, -24, -23, -22, -21, -20, -19, -18, -17, -16, -15, -14, -13, -12, -11, -10, -9, -8, -7, -6, -5, -4, -3, -2, -1] : [_col0, _col1, _col2] : [int, int, int]] and formatter : org.apache.hadoop.hive.ql.io.HiveSequenceFileOutputFormat@785187a1
2024-04-24T01:17:49,235  INFO [LocalJobRunner Map Task Executor #0] exec.FileSinkOperator: Final Path: FS file:/home/alex/Repositories/hive/ql/target/tmp/localscratchdir/e200bcba-f0ca-4f02-9e42-4b4d6a93de0f/hive_2024-04-24_01-17-48_704_1700025648186708806-1/-mr-10001/.hive-staging_hive_2024-04-24_01-17-48_704_1700025648186708806-1/_tmp.-ext-10002/000000_0
2024-04-24T01:17:49,235  INFO [LocalJobRunner Map Task Executor #0] exec.FileSinkOperator: Writing to temp file: FS file:/home/alex/Repositories/hive/ql/target/tmp/localscratchdir/e200bcba-f0ca-4f02-9e42-4b4d6a93de0f/hive_2024-04-24_01-17-48_704_1700025648186708806-1/-mr-10001/.hive-staging_hive_2024-04-24_01-17-48_704_1700025648186708806-1/_task_tmp.-ext-10002/_tmp.000000_0
2024-04-24T01:17:49,235  INFO [LocalJobRunner Map Task Executor #0] exec.FileSinkOperator: New Final Path: FS file:/home/alex/Repositories/hive/ql/target/tmp/localscratchdir/e200bcba-f0ca-4f02-9e42-4b4d6a93de0f/hive_2024-04-24_01-17-48_704_1700025648186708806-1/-mr-10001/.hive-staging_hive_2024-04-24_01-17-48_704_1700025648186708806-1/_tmp.-ext-10002/000000_0
2024-04-24T01:17:49,242  INFO [LocalJobRunner Map Task Executor #0] exec.FileSinkOperator: FS[3]: records written - 1
2024-04-24T01:17:49,242  INFO [LocalJobRunner Map Task Executor #0] exec.MapOperator: MAP[0]: records read - 1
2024-04-24T01:17:49,242  INFO [LocalJobRunner Map Task Executor #0] exec.MapOperator: Closing Operator: MAP[0]
2024-04-24T01:17:49,242  INFO [LocalJobRunner Map Task Executor #0] exec.MapOperator: MAP[0]: Total records read - 2. abort - false
2024-04-24T01:17:49,242  INFO [LocalJobRunner Map Task Executor #0] exec.MapOperator: DESERIALIZE_ERRORS:0, RECORDS_IN:2, RECORDS_OUT_INTERMEDIATE:0, RECORDS_OUT_OPERATOR_MAP_0:0, 
2024-04-24T01:17:49,242  INFO [LocalJobRunner Map Task Executor #0] exec.TableScanOperator: Closing Operator: TS[0]
2024-04-24T01:17:49,242  INFO [LocalJobRunner Map Task Executor #0] exec.TableScanOperator: RECORDS_OUT_INTERMEDIATE:0, RECORDS_OUT_OPERATOR_TS_0:2, 
2024-04-24T01:17:49,243  INFO [LocalJobRunner Map Task Executor #0] exec.FilterOperator: Closing Operator: FIL[4]
2024-04-24T01:17:49,243  INFO [LocalJobRunner Map Task Executor #0] exec.FilterOperator: RECORDS_OUT_OPERATOR_FIL_4:2, RECORDS_OUT_INTERMEDIATE:0, 
2024-04-24T01:17:49,243  INFO [LocalJobRunner Map Task Executor #0] exec.SelectOperator: Closing Operator: SEL[2]
2024-04-24T01:17:49,243  INFO [LocalJobRunner Map Task Executor #0] exec.SelectOperator: RECORDS_OUT_OPERATOR_SEL_2:2, RECORDS_OUT_INTERMEDIATE:0, 
2024-04-24T01:17:49,243  INFO [LocalJobRunner Map Task Executor #0] exec.FileSinkOperator: Closing Operator: FS[3]
2024-04-24T01:17:49,243  INFO [LocalJobRunner Map Task Executor #0] exec.FileSinkOperator: FS[3]: records written - 2
2024-04-24T01:17:49,243  INFO [LocalJobRunner Map Task Executor #0] exec.FileSinkOperator: RECORDS_OUT_OPERATOR_FS_3:2, RECORDS_OUT_INTERMEDIATE:0, RECORDS_OUT_0:2, 
2024-04-24T01:17:49,243  INFO [LocalJobRunner Map Task Executor #0] mapred.LocalJobRunner: 
2024-04-24T01:17:49,244  INFO [LocalJobRunner Map Task Executor #0] mapred.Task: Task:attempt_local1706422611_0014_m_000000_0 is done. And is in the process of committing
2024-04-24T01:17:49,244  INFO [LocalJobRunner Map Task Executor #0] mapred.LocalJobRunner: OrcSplit [file:/home/alex/Repositories/hive/ql/target/tmp/org.apache.hadoop.hive.ql.TestTxnNoBuckets-1713946626176/warehouse/nobuckets/c3=3/delta_0000001_0000001_0000/bucket_00000_0, start=3, length=314, isOriginal=false, fileLength=679, hasFooter=false, hasBase=true, deltas=0]
2024-04-24T01:17:49,244  INFO [LocalJobRunner Map Task Executor #0] mapred.Task: Task 'attempt_local1706422611_0014_m_000000_0' done.
2024-04-24T01:17:49,244  INFO [LocalJobRunner Map Task Executor #0] mapred.Task: Final Counters for attempt_local1706422611_0014_m_000000_0: Counters: 25
	File System Counters
		FILE: Number of bytes read=374555
		FILE: Number of bytes written=16513733
		FILE: Number of read operations=0
		FILE: Number of large read operations=0
		FILE: Number of write operations=0
	Map-Reduce Framework
		Map input records=2
		Map output records=0
		Input split bytes=511
		Spilled Records=0
		Failed Shuffles=0
		Merged Map outputs=0
		GC time elapsed (ms)=0
		Total committed heap usage (bytes)=1087897600
	HIVE
		CREATED_FILES=1
		DESERIALIZE_ERRORS=0
		RECORDS_IN=2
		RECORDS_OUT_0=2
		RECORDS_OUT_INTERMEDIATE=0
		RECORDS_OUT_OPERATOR_FIL_4=2
		RECORDS_OUT_OPERATOR_FS_3=2
		RECORDS_OUT_OPERATOR_MAP_0=0
		RECORDS_OUT_OPERATOR_SEL_2=2
		RECORDS_OUT_OPERATOR_TS_0=2
	File Input Format Counters 
		Bytes Read=11567
	File Output Format Counters 
		Bytes Written=0
2024-04-24T01:17:49,244  INFO [LocalJobRunner Map Task Executor #0] mapred.LocalJobRunner: Finishing task: attempt_local1706422611_0014_m_000000_0
2024-04-24T01:17:49,244  INFO [LocalJobRunner Map Task Executor #0] mapred.LocalJobRunner: Starting task: attempt_local1706422611_0014_m_000001_0
2024-04-24T01:17:49,245  INFO [LocalJobRunner Map Task Executor #0] mapred.Task:  Using ResourceCalculatorProcessTree : [ ]
2024-04-24T01:17:49,245  INFO [LocalJobRunner Map Task Executor #0] mapred.MapTask: Processing split: org.apache.hadoop.hive.ql.io.orc.OrcInputFormat:OrcSplit [file:/home/alex/Repositories/hive/ql/target/tmp/org.apache.hadoop.hive.ql.TestTxnNoBuckets-1713946626176/warehouse/nobuckets/c3=0/delta_0000001_0000001_0000/bucket_00000_0, start=3, length=309, isOriginal=false, fileLength=651, hasFooter=false, hasBase=true, deltas=0]
2024-04-24T01:17:49,245  INFO [LocalJobRunner Map Task Executor #0] exec.SerializationUtilities: Deserializing MapWork using kryo
2024-04-24T01:17:49,246  INFO [LocalJobRunner Map Task Executor #0] exec.Utilities: Deserialized plan (via FILE) - name: null size: 8,00KB
2024-04-24T01:17:49,248  INFO [LocalJobRunner Map Task Executor #0] orc.OrcInputFormat: ORC pushdown predicate: leaf-(IN c2 0 3)
2024-04-24T01:17:49,248  INFO [LocalJobRunner Map Task Executor #0] orc.OrcRawRecordMerger: min key = null, max key = null
2024-04-24T01:17:49,248  INFO [LocalJobRunner Map Task Executor #0] orc.ReaderImpl: Reading ORC rows from file:/home/alex/Repositories/hive/ql/target/tmp/org.apache.hadoop.hive.ql.TestTxnNoBuckets-1713946626176/warehouse/nobuckets/c3=0/delta_0000001_0000001_0000/bucket_00000_0 with {include: [true, true, true], offset: 3, length: 309, sarg: leaf-(IN c2 0 3), schema: struct<c1:int,c2:int>, includeAcidColumns: true}
2024-04-24T01:17:49,250  INFO [LocalJobRunner Map Task Executor #0] orc.OrcRawRecordMerger: updated min key = null, max key = null
2024-04-24T01:17:49,250  INFO [LocalJobRunner Map Task Executor #0] mapred.MapTask: numReduceTasks: 0
2024-04-24T01:17:49,250  INFO [LocalJobRunner Map Task Executor #0] exec.MapOperator: Initializing Operator: MAP[0]
2024-04-24T01:17:49,254  INFO [LocalJobRunner Map Task Executor #0] mr.ExecMapper: 
<MAP>Id =0
  <Children>null
  <\Children>
  <Parent><\Parent>
<\MAP>
2024-04-24T01:17:49,255  INFO [LocalJobRunner Map Task Executor #0] exec.TableScanOperator: Initializing Operator: TS[0]
2024-04-24T01:17:49,255  INFO [LocalJobRunner Map Task Executor #0] exec.FilterOperator: Initializing Operator: FIL[4]
2024-04-24T01:17:49,255  INFO [LocalJobRunner Map Task Executor #0] exec.SelectOperator: Initializing Operator: SEL[2]
2024-04-24T01:17:49,255  INFO [LocalJobRunner Map Task Executor #0] exec.SelectOperator: SELECT struct<c1:int,c2:int,c3:int>
2024-04-24T01:17:49,256  INFO [LocalJobRunner Map Task Executor #0] exec.FileSinkOperator: Initializing Operator: FS[3]
2024-04-24T01:17:49,257  INFO [LocalJobRunner Map Task Executor #0] exec.FileSinkOperator: Using serializer : class org.apache.hadoop.hive.serde2.lazy.LazySimpleSerDe [serdeParams=org.apache.hadoop.hive.serde2.lazy.LazySerDeParameters@52fd26bb, cachedObjectInspector=org.apache.hadoop.hive.serde2.lazy.objectinspector.LazySimpleStructObjectInspector<org.apache.hadoop.hive.serde2.lazy.objectinspector.primitive.LazyIntObjectInspector@6ddeeb78,org.apache.hadoop.hive.serde2.lazy.objectinspector.primitive.LazyIntObjectInspector@6ddeeb78,org.apache.hadoop.hive.serde2.lazy.objectinspector.primitive.LazyIntObjectInspector@6ddeeb78>, serializedSize=0, stats=org.apache.hadoop.hive.serde2.SerDeStats@1e431103, lastOperationSerialize=false, lastOperationDeserialize=false [1, 2, 3, 4, 5, 6, 7, 8, 11, 14, 15, 16, 17, 18, 19, 20, 21, 22, 23, 24, 25, 26, 28, 29, 30, 31, -128, -127, -126, -125, -124, -123, -122, -121, -120, -119, -118, -117, -116, -115, -114, -113, -112, -111, -110, -109, -108, -107, -106, -105, -104, -103, -102, -101, -100, -99, -98, -97, -96, -95, -94, -93, -92, -91, -90, -89, -88, -87, -86, -85, -84, -83, -82, -81, -80, -79, -78, -77, -76, -75, -74, -73, -72, -71, -70, -69, -68, -67, -66, -65, -64, -63, -62, -61, -60, -59, -58, -57, -56, -55, -54, -53, -52, -51, -50, -49, -48, -47, -46, -45, -44, -43, -42, -41, -40, -39, -38, -37, -36, -35, -34, -33, -32, -31, -30, -29, -28, -27, -26, -25, -24, -23, -22, -21, -20, -19, -18, -17, -16, -15, -14, -13, -12, -11, -10, -9, -8, -7, -6, -5, -4, -3, -2, -1] : [_col0, _col1, _col2] : [int, int, int]] and formatter : org.apache.hadoop.hive.ql.io.HiveSequenceFileOutputFormat@4aba4c4b
2024-04-24T01:17:49,258  INFO [LocalJobRunner Map Task Executor #0] exec.FileSinkOperator: Final Path: FS file:/home/alex/Repositories/hive/ql/target/tmp/localscratchdir/e200bcba-f0ca-4f02-9e42-4b4d6a93de0f/hive_2024-04-24_01-17-48_704_1700025648186708806-1/-mr-10001/.hive-staging_hive_2024-04-24_01-17-48_704_1700025648186708806-1/_tmp.-ext-10002/000001_0
2024-04-24T01:17:49,258  INFO [LocalJobRunner Map Task Executor #0] exec.FileSinkOperator: Writing to temp file: FS file:/home/alex/Repositories/hive/ql/target/tmp/localscratchdir/e200bcba-f0ca-4f02-9e42-4b4d6a93de0f/hive_2024-04-24_01-17-48_704_1700025648186708806-1/-mr-10001/.hive-staging_hive_2024-04-24_01-17-48_704_1700025648186708806-1/_task_tmp.-ext-10002/_tmp.000001_0
2024-04-24T01:17:49,258  INFO [LocalJobRunner Map Task Executor #0] exec.FileSinkOperator: New Final Path: FS file:/home/alex/Repositories/hive/ql/target/tmp/localscratchdir/e200bcba-f0ca-4f02-9e42-4b4d6a93de0f/hive_2024-04-24_01-17-48_704_1700025648186708806-1/-mr-10001/.hive-staging_hive_2024-04-24_01-17-48_704_1700025648186708806-1/_tmp.-ext-10002/000001_0
2024-04-24T01:17:49,263  INFO [LocalJobRunner Map Task Executor #0] exec.FileSinkOperator: FS[3]: records written - 1
2024-04-24T01:17:49,263  INFO [LocalJobRunner Map Task Executor #0] exec.MapOperator: MAP[0]: records read - 1
2024-04-24T01:17:49,263  INFO [LocalJobRunner Map Task Executor #0] exec.MapOperator: Closing Operator: MAP[0]
2024-04-24T01:17:49,263  INFO [LocalJobRunner Map Task Executor #0] exec.MapOperator: MAP[0]: Total records read - 1. abort - false
2024-04-24T01:17:49,263  INFO [LocalJobRunner Map Task Executor #0] exec.MapOperator: RECORDS_IN:1, DESERIALIZE_ERRORS:0, RECORDS_OUT_OPERATOR_MAP_0:0, RECORDS_OUT_INTERMEDIATE:0, 
2024-04-24T01:17:49,263  INFO [LocalJobRunner Map Task Executor #0] exec.TableScanOperator: Closing Operator: TS[0]
2024-04-24T01:17:49,263  INFO [LocalJobRunner Map Task Executor #0] exec.TableScanOperator: RECORDS_OUT_INTERMEDIATE:0, RECORDS_OUT_OPERATOR_TS_0:1, 
2024-04-24T01:17:49,263  INFO [LocalJobRunner Map Task Executor #0] exec.FilterOperator: Closing Operator: FIL[4]
2024-04-24T01:17:49,263  INFO [LocalJobRunner Map Task Executor #0] exec.FilterOperator: RECORDS_OUT_OPERATOR_FIL_4:1, RECORDS_OUT_INTERMEDIATE:0, 
2024-04-24T01:17:49,263  INFO [LocalJobRunner Map Task Executor #0] exec.SelectOperator: Closing Operator: SEL[2]
2024-04-24T01:17:49,263  INFO [LocalJobRunner Map Task Executor #0] exec.SelectOperator: RECORDS_OUT_INTERMEDIATE:0, RECORDS_OUT_OPERATOR_SEL_2:1, 
2024-04-24T01:17:49,264  INFO [LocalJobRunner Map Task Executor #0] exec.FileSinkOperator: Closing Operator: FS[3]
2024-04-24T01:17:49,264  INFO [LocalJobRunner Map Task Executor #0] exec.FileSinkOperator: FS[3]: records written - 1
2024-04-24T01:17:49,264  INFO [LocalJobRunner Map Task Executor #0] exec.FileSinkOperator: RECORDS_OUT_OPERATOR_FS_3:1, RECORDS_OUT_INTERMEDIATE:0, RECORDS_OUT_0:1, 
2024-04-24T01:17:49,265  INFO [LocalJobRunner Map Task Executor #0] mapred.LocalJobRunner: 
2024-04-24T01:17:49,265  INFO [LocalJobRunner Map Task Executor #0] mapred.Task: Task:attempt_local1706422611_0014_m_000001_0 is done. And is in the process of committing
2024-04-24T01:17:49,266  INFO [LocalJobRunner Map Task Executor #0] mapred.LocalJobRunner: OrcSplit [file:/home/alex/Repositories/hive/ql/target/tmp/org.apache.hadoop.hive.ql.TestTxnNoBuckets-1713946626176/warehouse/nobuckets/c3=0/delta_0000001_0000001_0000/bucket_00000_0, start=3, length=309, isOriginal=false, fileLength=651, hasFooter=false, hasBase=true, deltas=0]
2024-04-24T01:17:49,266  INFO [LocalJobRunner Map Task Executor #0] mapred.Task: Task 'attempt_local1706422611_0014_m_000001_0' done.
2024-04-24T01:17:49,266  INFO [LocalJobRunner Map Task Executor #0] mapred.Task: Final Counters for attempt_local1706422611_0014_m_000001_0: Counters: 25
	File System Counters
		FILE: Number of bytes read=386519
		FILE: Number of bytes written=16513850
		FILE: Number of read operations=0
		FILE: Number of large read operations=0
		FILE: Number of write operations=0
	Map-Reduce Framework
		Map input records=1
		Map output records=0
		Input split bytes=511
		Spilled Records=0
		Failed Shuffles=0
		Merged Map outputs=0
		GC time elapsed (ms)=0
		Total committed heap usage (bytes)=1087897600
	HIVE
		CREATED_FILES=1
		DESERIALIZE_ERRORS=0
		RECORDS_IN=1
		RECORDS_OUT_0=1
		RECORDS_OUT_INTERMEDIATE=0
		RECORDS_OUT_OPERATOR_FIL_4=1
		RECORDS_OUT_OPERATOR_FS_3=1
		RECORDS_OUT_OPERATOR_MAP_0=0
		RECORDS_OUT_OPERATOR_SEL_2=1
		RECORDS_OUT_OPERATOR_TS_0=1
	File Input Format Counters 
		Bytes Read=11427
	File Output Format Counters 
		Bytes Written=0
2024-04-24T01:17:49,266  INFO [LocalJobRunner Map Task Executor #0] mapred.LocalJobRunner: Finishing task: attempt_local1706422611_0014_m_000001_0
2024-04-24T01:17:49,266  INFO [Thread-998] mapred.LocalJobRunner: map task executor complete.
2024-04-24 01:17:50,221 Stage-1 map = 100%,  reduce = 0%
2024-04-24T01:17:50,221  INFO [main] exec.Task: 2024-04-24 01:17:50,221 Stage-1 map = 100%,  reduce = 0%
Ended Job = job_local1706422611_0014
2024-04-24T01:17:50,222  INFO [main] exec.Task: Ended Job = job_local1706422611_0014
2024-04-24T01:17:50,223  INFO [main] metadata.Hive: Dumping metastore api call timing information for : execution phase
2024-04-24T01:17:50,223  INFO [main] metadata.Hive: Total time spent in each metastore function (ms): {}
MapReduce Jobs Launched: 
2024-04-24T01:17:50,224  INFO [main] ql.Driver: MapReduce Jobs Launched: 
Stage-Stage-1:  HDFS Read: 0 HDFS Write: 0 SUCCESS
2024-04-24T01:17:50,224  INFO [main] ql.Driver: Stage-Stage-1:  HDFS Read: 0 HDFS Write: 0 SUCCESS
Total MapReduce CPU Time Spent: 0 msec
2024-04-24T01:17:50,224  INFO [main] ql.Driver: Total MapReduce CPU Time Spent: 0 msec
2024-04-24T01:17:50,224  INFO [main] ql.Driver: Completed executing command(queryId=alex_20240424011748_6b59eaea-cf3e-4f80-abf6-c81aaca6a11c); Time taken: 1.318 seconds
2024-04-24T01:17:50,224  INFO [main] lockmgr.DbTxnManager: Stopped heartbeat for query: alex_20240424011748_6b59eaea-cf3e-4f80-abf6-c81aaca6a11c
2024-04-24T01:17:50,228  INFO [main] txn.TxnHandler: Expected to move at least one record from txn_components to completed_txn_components when committing txn! txnid:23
2024-04-24T01:17:50,235  INFO [main] txn.TxnHandler: Removed transactions: ([23]) from MIN_HISTORY_LEVEL
2024-04-24T01:17:50,235  WARN [main] txn.CompactionTxnHandler: No compaction queue record found for Compaction type transaction commit. txnId:23
2024-04-24T01:17:50,243  INFO [main] mapred.FileInputFormat: Total input files to process : 2
2024-04-24T01:17:50,245  INFO [main] exec.ListSinkOperator: Closing Operator: LIST_SINK[5]
2024-04-24T01:17:50,245  INFO [main] exec.ListSinkOperator: RECORDS_OUT_OPERATOR_LIST_SINK_5:3, RECORDS_OUT_INTERMEDIATE:0, 
2024-04-24T01:17:50,245  INFO [main] ql.TxnCommandsBaseForTests: Running the query: update nobuckets set c2 = 17 where c2 in(0,3)
2024-04-24T01:17:50,246  INFO [main] ql.Context: Deleting scratch dir: file:/home/alex/Repositories/hive/ql/target/tmp/localscratchdir/e200bcba-f0ca-4f02-9e42-4b4d6a93de0f/hive_2024-04-24_01-17-48_704_1700025648186708806-1
2024-04-24T01:17:50,247  INFO [main] cleanup.SyncCleanupService: Deleted directory: file:/home/alex/Repositories/hive/ql/target/tmp/localscratchdir/e200bcba-f0ca-4f02-9e42-4b4d6a93de0f/hive_2024-04-24_01-17-48_704_1700025648186708806-1 on fs with scheme file
2024-04-24T01:17:50,247  INFO [main] ql.Driver: Compiling command(queryId=alex_20240424011750_dcdd592c-cb25-4f63-a4af-cc8af932060b): update nobuckets set c2 = 17 where c2 in(0,3)
2024-04-24T01:17:50,253  INFO [main] txn.TxnHandler: Added entries to MIN_HISTORY_LEVEL for current txns: ([24]) with min_open_txn: 24
2024-04-24T01:17:50,253  INFO [main] lockmgr.DbTxnManager: Opened txnid:24
2024-04-24T01:17:50,254  INFO [main] parse.UpdateDeleteSemanticAnalyzer: Starting caching scope for: 
2024-04-24T01:17:50,254  INFO [main] HiveMetaStore.audit: ugi=alex	ip=unknown-ip-addr	cmd=get_table : tbl=hive.default.nobuckets	
2024-04-24T01:17:50,263  INFO [main] metastore.HMSHandler: Skipping translation for processor with null
2024-04-24T01:17:50,264  INFO [main] parse.RewriteSemanticAnalyzer: Going to reparse <update nobuckets set c2 = 17 where c2 in(0,3)> as 
<insert into table `default`.`nobuckets` partition (`c3`) select ROW__ID,`c1`,`c2`, `c3` from `default`.`nobuckets` sort by ROW__ID >
2024-04-24T01:17:50,265  INFO [main] parse.UpdateDeleteSemanticAnalyzer: Starting Semantic Analysis
2024-04-24T01:17:50,269  INFO [main] HiveMetaStore.audit: ugi=alex	ip=unknown-ip-addr	cmd=get_table : tbl=hive.default.nobuckets	
2024-04-24T01:17:50,281  INFO [main] metastore.HMSHandler: Skipping translation for processor with null
2024-04-24T01:17:50,281  INFO [main] parse.UpdateDeleteSemanticAnalyzer: Completed phase 1 of Semantic Analysis
2024-04-24T01:17:50,281  INFO [main] parse.UpdateDeleteSemanticAnalyzer: Get metadata for source tables
2024-04-24T01:17:50,281  INFO [main] parse.UpdateDeleteSemanticAnalyzer: Get metadata for subqueries
2024-04-24T01:17:50,281  INFO [main] parse.UpdateDeleteSemanticAnalyzer: Get metadata for destination tables
2024-04-24T01:17:50,282  INFO [main] HiveMetaStore.audit: ugi=alex	ip=unknown-ip-addr	cmd=get_table : tbl=hive.default.nobuckets	
2024-04-24T01:17:50,294  INFO [main] metastore.HMSHandler: Skipping translation for processor with null
2024-04-24T01:17:50,296  WARN [main] parse.BaseSemanticAnalyzer: Dynamic partitioning is used; only validating 0 columns
2024-04-24T01:17:50,296  INFO [main] parse.UpdateDeleteSemanticAnalyzer: Completed getting MetaData in Semantic Analysis
2024-04-24T01:17:50,296  INFO [main] parse.UpdateDeleteSemanticAnalyzer: Disabling LLAP IO encode as ETL query is detected
2024-04-24T01:17:50,318  INFO [main] HiveMetaStore.audit: ugi=alex	ip=unknown-ip-addr	cmd=get_all_table_constraints : tbl=hive.default.nobuckets	
2024-04-24T01:17:50,330  INFO [main] HiveMetaStore.audit: ugi=alex	ip=unknown-ip-addr	cmd=get_not_null_constraints : tbl=hive.default.nobuckets	
2024-04-24T01:17:50,332  INFO [main] HiveMetaStore.audit: ugi=alex	ip=unknown-ip-addr	cmd=get_check_constraints : tbl=hive.default.nobuckets	
2024-04-24T01:17:50,453  INFO [main] HiveMetaStore.audit: ugi=alex	ip=unknown-ip-addr	cmd=get_partitions : tbl=hive.default.nobuckets	
2024-04-24T01:17:50,486  INFO [main] calcite.RelOptHiveTable: Calculating column statistics for default.nobuckets, projIndxSet: [0, 1, 2], allowMissingStats: true
2024-04-24T01:17:50,487  INFO [main] HiveMetaStore.audit: ugi=alex	ip=unknown-ip-addr	cmd=get_aggr_stats_for: table=hive.default.nobuckets	
2024-04-24T01:17:50,508  WARN [main] calcite.RelOptHiveTable: No Stats for default@nobuckets, Columns: c2, c1
No Stats for default@nobuckets, Columns: c2, c1
2024-04-24T01:17:50,508  INFO [main] SessionState: No Stats for default@nobuckets, Columns: c2, c1
2024-04-24T01:17:50,591  INFO [main] parse.UpdateDeleteSemanticAnalyzer: Get metadata for source tables
2024-04-24T01:17:50,592  INFO [main] parse.UpdateDeleteSemanticAnalyzer: Get metadata for subqueries
2024-04-24T01:17:50,592  INFO [main] parse.UpdateDeleteSemanticAnalyzer: Get metadata for destination tables
2024-04-24T01:17:50,592  INFO [main] HiveMetaStore.audit: ugi=alex	ip=unknown-ip-addr	cmd=get_table : tbl=hive.default.nobuckets	
2024-04-24T01:17:50,605  INFO [main] metastore.HMSHandler: Skipping translation for processor with null
2024-04-24T01:17:50,605  WARN [main] parse.BaseSemanticAnalyzer: Dynamic partitioning is used; only validating 0 columns
2024-04-24T01:17:50,617 ERROR [main] parse.UpdateDeleteSemanticAnalyzer: CBO failed, skipping CBO. 
org.apache.hadoop.hive.ql.exec.NoMatchingMethodException: No matching method for class org.apache.hadoop.hive.ql.udf.UDFToInteger with (struct<writeid:bigint,bucketid:int,rowid:bigint>). Possible choices: _FUNC_(bigint)  _FUNC_(boolean)  _FUNC_(decimal(38,18))  _FUNC_(double)  _FUNC_(float)  _FUNC_(smallint)  _FUNC_(string)  _FUNC_(struct<writeid:int,rowid:bigint,bucketid:bigint>)  _FUNC_(timestamp)  _FUNC_(tinyint)  _FUNC_(void)  
	at org.apache.hadoop.hive.ql.exec.MethodUtils.getMethodInternal(MethodUtils.java:130) ~[classes/:?]
	at org.apache.hadoop.hive.ql.exec.MethodUtils.getMethodInternal(MethodUtils.java:60) ~[classes/:?]
	at org.apache.hadoop.hive.ql.exec.DefaultUDFMethodResolver.getEvalMethod(DefaultUDFMethodResolver.java:59) ~[classes/:?]
	at org.apache.hadoop.hive.ql.udf.TimestampCastRestrictorResolver.getEvalMethod(TimestampCastRestrictorResolver.java:68) ~[classes/:?]
	at org.apache.hadoop.hive.ql.udf.generic.GenericUDFBridge.initialize(GenericUDFBridge.java:168) ~[classes/:?]
	at org.apache.hadoop.hive.ql.udf.generic.GenericUDF.initializeAndFoldConstants(GenericUDF.java:149) ~[classes/:?]
	at org.apache.hadoop.hive.ql.plan.ExprNodeGenericFuncDesc.newInstance(ExprNodeGenericFuncDesc.java:235) ~[classes/:?]
	at org.apache.hadoop.hive.ql.parse.type.ExprNodeDescExprFactory.createFuncCallExpr(ExprNodeDescExprFactory.java:584) ~[classes/:?]
	at org.apache.hadoop.hive.ql.parse.type.ExprNodeDescExprFactory.createFuncCallExpr(ExprNodeDescExprFactory.java:97) ~[classes/:?]
	at org.apache.hadoop.hive.ql.parse.type.TypeCheckProcFactory$DefaultExprProcessor.getFuncExprNodeDescWithUdfData(TypeCheckProcFactory.java:762) ~[classes/:?]
	at org.apache.hadoop.hive.ql.parse.type.TypeCheckProcFactory$DefaultExprProcessor.createConversionCast(TypeCheckProcFactory.java:783) ~[classes/:?]
	at org.apache.hadoop.hive.ql.parse.SemanticAnalyzer.getPartitionColsFromBucketColsForUpdateDelete(SemanticAnalyzer.java:8725) ~[classes/:?]
	at org.apache.hadoop.hive.ql.parse.SemanticAnalyzer.genBucketingSortingDest(SemanticAnalyzer.java:6914) ~[classes/:?]
	at org.apache.hadoop.hive.ql.parse.SemanticAnalyzer.genFileSinkPlan(SemanticAnalyzer.java:7335) ~[classes/:?]
	at org.apache.hadoop.hive.ql.parse.SemanticAnalyzer.genPostGroupByBodyPlan(SemanticAnalyzer.java:11063) ~[classes/:?]
	at org.apache.hadoop.hive.ql.parse.SemanticAnalyzer.genBodyPlan(SemanticAnalyzer.java:10938) ~[classes/:?]
	at org.apache.hadoop.hive.ql.parse.SemanticAnalyzer.genPlan(SemanticAnalyzer.java:11853) ~[classes/:?]
	at org.apache.hadoop.hive.ql.parse.SemanticAnalyzer.genPlan(SemanticAnalyzer.java:11723) ~[classes/:?]
	at org.apache.hadoop.hive.ql.parse.CalcitePlanner.genOPTree(CalcitePlanner.java:626) ~[classes/:?]
	at org.apache.hadoop.hive.ql.parse.SemanticAnalyzer.analyzeInternal(SemanticAnalyzer.java:12558) ~[classes/:?]
	at org.apache.hadoop.hive.ql.parse.CalcitePlanner.analyzeInternal(CalcitePlanner.java:456) ~[classes/:?]
	at org.apache.hadoop.hive.ql.parse.RewriteSemanticAnalyzer.analyzeInternal(RewriteSemanticAnalyzer.java:67) ~[classes/:?]
	at org.apache.hadoop.hive.ql.parse.BaseSemanticAnalyzer.analyze(BaseSemanticAnalyzer.java:317) ~[classes/:?]
	at org.apache.hadoop.hive.ql.parse.UpdateDeleteSemanticAnalyzer.reparseAndSuperAnalyze(UpdateDeleteSemanticAnalyzer.java:208) ~[classes/:?]
	at org.apache.hadoop.hive.ql.parse.UpdateDeleteSemanticAnalyzer.analyzeUpdate(UpdateDeleteSemanticAnalyzer.java:63) ~[classes/:?]
	at org.apache.hadoop.hive.ql.parse.UpdateDeleteSemanticAnalyzer.analyze(UpdateDeleteSemanticAnalyzer.java:53) ~[classes/:?]
	at org.apache.hadoop.hive.ql.parse.RewriteSemanticAnalyzer.analyzeInternal(RewriteSemanticAnalyzer.java:72) ~[classes/:?]
	at org.apache.hadoop.hive.ql.parse.BaseSemanticAnalyzer.analyze(BaseSemanticAnalyzer.java:317) ~[classes/:?]
	at org.apache.hadoop.hive.ql.Compiler.analyze(Compiler.java:223) ~[classes/:?]
	at org.apache.hadoop.hive.ql.Compiler.compile(Compiler.java:105) ~[classes/:?]
	at org.apache.hadoop.hive.ql.Driver.compile(Driver.java:500) ~[classes/:?]
	at org.apache.hadoop.hive.ql.Driver.compileInternal(Driver.java:453) ~[classes/:?]
	at org.apache.hadoop.hive.ql.Driver.runInternal(Driver.java:181) ~[classes/:?]
	at org.apache.hadoop.hive.ql.Driver.run(Driver.java:153) ~[classes/:?]
	at org.apache.hadoop.hive.ql.Driver.run(Driver.java:140) ~[classes/:?]
	at org.apache.hadoop.hive.ql.TxnCommandsBaseForTests.runStatementOnDriver(TxnCommandsBaseForTests.java:245) ~[test-classes/:?]
	at org.apache.hadoop.hive.ql.TestTxnNoBuckets.testNoBucketsDP(TestTxnNoBuckets.java:233) ~[test-classes/:?]
	at sun.reflect.NativeMethodAccessorImpl.invoke0(Native Method) ~[?:1.8.0_402]
	at sun.reflect.NativeMethodAccessorImpl.invoke(NativeMethodAccessorImpl.java:62) ~[?:1.8.0_402]
	at sun.reflect.DelegatingMethodAccessorImpl.invoke(DelegatingMethodAccessorImpl.java:43) ~[?:1.8.0_402]
	at java.lang.reflect.Method.invoke(Method.java:498) ~[?:1.8.0_402]
	at org.junit.runners.model.FrameworkMethod$1.runReflectiveCall(FrameworkMethod.java:59) ~[junit-4.13.jar:4.13]
	at org.junit.internal.runners.model.ReflectiveCallable.run(ReflectiveCallable.java:12) ~[junit-4.13.jar:4.13]
	at org.junit.runners.model.FrameworkMethod.invokeExplosively(FrameworkMethod.java:56) ~[junit-4.13.jar:4.13]
	at org.junit.internal.runners.statements.InvokeMethod.evaluate(InvokeMethod.java:17) ~[junit-4.13.jar:4.13]
	at org.junit.internal.runners.statements.RunBefores.evaluate(RunBefores.java:26) ~[junit-4.13.jar:4.13]
	at org.junit.internal.runners.statements.RunAfters.evaluate(RunAfters.java:27) ~[junit-4.13.jar:4.13]
	at org.junit.rules.TestWatcher$1.evaluate(TestWatcher.java:61) ~[junit-4.13.jar:4.13]
	at org.junit.runners.ParentRunner$3.evaluate(ParentRunner.java:306) ~[junit-4.13.jar:4.13]
	at org.junit.runners.BlockJUnit4ClassRunner$1.evaluate(BlockJUnit4ClassRunner.java:100) ~[junit-4.13.jar:4.13]
	at org.junit.runners.ParentRunner.runLeaf(ParentRunner.java:366) ~[junit-4.13.jar:4.13]
	at org.junit.runners.BlockJUnit4ClassRunner.runChild(BlockJUnit4ClassRunner.java:103) ~[junit-4.13.jar:4.13]
	at org.junit.runners.BlockJUnit4ClassRunner.runChild(BlockJUnit4ClassRunner.java:63) ~[junit-4.13.jar:4.13]
	at org.junit.runners.ParentRunner$4.run(ParentRunner.java:331) ~[junit-4.13.jar:4.13]
	at org.junit.runners.ParentRunner$1.schedule(ParentRunner.java:79) ~[junit-4.13.jar:4.13]
	at org.junit.runners.ParentRunner.runChildren(ParentRunner.java:329) ~[junit-4.13.jar:4.13]
	at org.junit.runners.ParentRunner.access$100(ParentRunner.java:66) ~[junit-4.13.jar:4.13]
	at org.junit.runners.ParentRunner$2.evaluate(ParentRunner.java:293) ~[junit-4.13.jar:4.13]
	at org.junit.runners.ParentRunner$3.evaluate(ParentRunner.java:306) ~[junit-4.13.jar:4.13]
	at org.junit.runners.ParentRunner.run(ParentRunner.java:413) ~[junit-4.13.jar:4.13]
	at org.junit.runner.JUnitCore.run(JUnitCore.java:137) ~[junit-4.13.jar:4.13]
	at org.junit.runner.JUnitCore.run(JUnitCore.java:115) ~[junit-4.13.jar:4.13]
	at org.junit.vintage.engine.execution.RunnerExecutor.execute(RunnerExecutor.java:43) ~[junit-vintage-engine-5.6.2.jar:5.6.2]
	at java.util.stream.ForEachOps$ForEachOp$OfRef.accept(ForEachOps.java:183) ~[?:1.8.0_402]
	at java.util.stream.ReferencePipeline$3$1.accept(ReferencePipeline.java:193) ~[?:1.8.0_402]
	at java.util.Iterator.forEachRemaining(Iterator.java:116) ~[?:1.8.0_402]
	at java.util.Spliterators$IteratorSpliterator.forEachRemaining(Spliterators.java:1801) ~[?:1.8.0_402]
	at java.util.stream.AbstractPipeline.copyInto(AbstractPipeline.java:482) ~[?:1.8.0_402]
	at java.util.stream.AbstractPipeline.wrapAndCopyInto(AbstractPipeline.java:472) ~[?:1.8.0_402]
	at java.util.stream.ForEachOps$ForEachOp.evaluateSequential(ForEachOps.java:150) ~[?:1.8.0_402]
	at java.util.stream.ForEachOps$ForEachOp$OfRef.evaluateSequential(ForEachOps.java:173) ~[?:1.8.0_402]
	at java.util.stream.AbstractPipeline.evaluate(AbstractPipeline.java:234) ~[?:1.8.0_402]
	at java.util.stream.ReferencePipeline.forEach(ReferencePipeline.java:485) ~[?:1.8.0_402]
	at org.junit.vintage.engine.VintageTestEngine.executeAllChildren(VintageTestEngine.java:82) ~[junit-vintage-engine-5.6.2.jar:5.6.2]
	at org.junit.vintage.engine.VintageTestEngine.execute(VintageTestEngine.java:73) ~[junit-vintage-engine-5.6.2.jar:5.6.2]
	at org.junit.platform.launcher.core.DefaultLauncher.execute(DefaultLauncher.java:248) ~[junit-platform-launcher-1.6.2.jar:1.6.2]
	at org.junit.platform.launcher.core.DefaultLauncher.lambda$execute$5(DefaultLauncher.java:211) ~[junit-platform-launcher-1.6.2.jar:1.6.2]
	at org.junit.platform.launcher.core.DefaultLauncher.withInterceptedStreams(DefaultLauncher.java:226) [junit-platform-launcher-1.6.2.jar:1.6.2]
	at org.junit.platform.launcher.core.DefaultLauncher.execute(DefaultLauncher.java:199) [junit-platform-launcher-1.6.2.jar:1.6.2]
	at org.junit.platform.launcher.core.DefaultLauncher.execute(DefaultLauncher.java:132) [junit-platform-launcher-1.6.2.jar:1.6.2]
	at org.apache.maven.surefire.junitplatform.JUnitPlatformProvider.invokeAllTests(JUnitPlatformProvider.java:154) [surefire-junit-platform-3.0.0-M4.jar:3.0.0-M4]
	at org.apache.maven.surefire.junitplatform.JUnitPlatformProvider.invoke(JUnitPlatformProvider.java:123) [surefire-junit-platform-3.0.0-M4.jar:3.0.0-M4]
	at org.apache.maven.surefire.booter.ForkedBooter.runSuitesInProcess(ForkedBooter.java:377) [surefire-booter-3.0.0-M4.jar:3.0.0-M4]
	at org.apache.maven.surefire.booter.ForkedBooter.execute(ForkedBooter.java:138) [surefire-booter-3.0.0-M4.jar:3.0.0-M4]
	at org.apache.maven.surefire.booter.ForkedBooter.run(ForkedBooter.java:465) [surefire-booter-3.0.0-M4.jar:3.0.0-M4]
	at org.apache.maven.surefire.booter.ForkedBooter.main(ForkedBooter.java:451) [surefire-booter-3.0.0-M4.jar:3.0.0-M4]
2024-04-24T01:17:50,619 ERROR [main] parse.UpdateDeleteSemanticAnalyzer: CBO failed due to missing column stats (see previous errors), skipping CBO
2024-04-24T01:17:50,620  INFO [main] parse.UpdateDeleteSemanticAnalyzer: Ending caching scope for: 
FAILED: NoMatchingMethodException No matching method for class org.apache.hadoop.hive.ql.udf.UDFToInteger with (struct<writeid:bigint,bucketid:int,rowid:bigint>). Possible choices: _FUNC_(bigint)  _FUNC_(boolean)  _FUNC_(decimal(38,18))  _FUNC_(double)  _FUNC_(float)  _FUNC_(smallint)  _FUNC_(string)  _FUNC_(struct<writeid:int,rowid:bigint,bucketid:bigint>)  _FUNC_(timestamp)  _FUNC_(tinyint)  _FUNC_(void)  
2024-04-24T01:17:50,620 ERROR [main] ql.Driver: FAILED: NoMatchingMethodException No matching method for class org.apache.hadoop.hive.ql.udf.UDFToInteger with (struct<writeid:bigint,bucketid:int,rowid:bigint>). Possible choices: _FUNC_(bigint)  _FUNC_(boolean)  _FUNC_(decimal(38,18))  _FUNC_(double)  _FUNC_(float)  _FUNC_(smallint)  _FUNC_(string)  _FUNC_(struct<writeid:int,rowid:bigint,bucketid:bigint>)  _FUNC_(timestamp)  _FUNC_(tinyint)  _FUNC_(void)  
org.apache.hadoop.hive.ql.exec.NoMatchingMethodException: No matching method for class org.apache.hadoop.hive.ql.udf.UDFToInteger with (struct<writeid:bigint,bucketid:int,rowid:bigint>). Possible choices: _FUNC_(bigint)  _FUNC_(boolean)  _FUNC_(decimal(38,18))  _FUNC_(double)  _FUNC_(float)  _FUNC_(smallint)  _FUNC_(string)  _FUNC_(struct<writeid:int,rowid:bigint,bucketid:bigint>)  _FUNC_(timestamp)  _FUNC_(tinyint)  _FUNC_(void)  
	at org.apache.hadoop.hive.ql.exec.MethodUtils.getMethodInternal(MethodUtils.java:130)
	at org.apache.hadoop.hive.ql.exec.MethodUtils.getMethodInternal(MethodUtils.java:60)
	at org.apache.hadoop.hive.ql.exec.DefaultUDFMethodResolver.getEvalMethod(DefaultUDFMethodResolver.java:59)
	at org.apache.hadoop.hive.ql.udf.TimestampCastRestrictorResolver.getEvalMethod(TimestampCastRestrictorResolver.java:68)
	at org.apache.hadoop.hive.ql.udf.generic.GenericUDFBridge.initialize(GenericUDFBridge.java:168)
	at org.apache.hadoop.hive.ql.udf.generic.GenericUDF.initializeAndFoldConstants(GenericUDF.java:149)
	at org.apache.hadoop.hive.ql.plan.ExprNodeGenericFuncDesc.newInstance(ExprNodeGenericFuncDesc.java:235)
	at org.apache.hadoop.hive.ql.parse.type.ExprNodeDescExprFactory.createFuncCallExpr(ExprNodeDescExprFactory.java:584)
	at org.apache.hadoop.hive.ql.parse.type.ExprNodeDescExprFactory.createFuncCallExpr(ExprNodeDescExprFactory.java:97)
	at org.apache.hadoop.hive.ql.parse.type.TypeCheckProcFactory$DefaultExprProcessor.getFuncExprNodeDescWithUdfData(TypeCheckProcFactory.java:762)
	at org.apache.hadoop.hive.ql.parse.type.TypeCheckProcFactory$DefaultExprProcessor.createConversionCast(TypeCheckProcFactory.java:783)
	at org.apache.hadoop.hive.ql.parse.SemanticAnalyzer.getPartitionColsFromBucketColsForUpdateDelete(SemanticAnalyzer.java:8725)
	at org.apache.hadoop.hive.ql.parse.SemanticAnalyzer.genBucketingSortingDest(SemanticAnalyzer.java:6914)
	at org.apache.hadoop.hive.ql.parse.SemanticAnalyzer.genFileSinkPlan(SemanticAnalyzer.java:7335)
	at org.apache.hadoop.hive.ql.parse.SemanticAnalyzer.genPostGroupByBodyPlan(SemanticAnalyzer.java:11063)
	at org.apache.hadoop.hive.ql.parse.SemanticAnalyzer.genBodyPlan(SemanticAnalyzer.java:10938)
	at org.apache.hadoop.hive.ql.parse.SemanticAnalyzer.genPlan(SemanticAnalyzer.java:11853)
	at org.apache.hadoop.hive.ql.parse.SemanticAnalyzer.genPlan(SemanticAnalyzer.java:11723)
	at org.apache.hadoop.hive.ql.parse.CalcitePlanner.genOPTree(CalcitePlanner.java:626)
	at org.apache.hadoop.hive.ql.parse.SemanticAnalyzer.analyzeInternal(SemanticAnalyzer.java:12558)
	at org.apache.hadoop.hive.ql.parse.CalcitePlanner.analyzeInternal(CalcitePlanner.java:456)
	at org.apache.hadoop.hive.ql.parse.RewriteSemanticAnalyzer.analyzeInternal(RewriteSemanticAnalyzer.java:67)
	at org.apache.hadoop.hive.ql.parse.BaseSemanticAnalyzer.analyze(BaseSemanticAnalyzer.java:317)
	at org.apache.hadoop.hive.ql.parse.UpdateDeleteSemanticAnalyzer.reparseAndSuperAnalyze(UpdateDeleteSemanticAnalyzer.java:208)
	at org.apache.hadoop.hive.ql.parse.UpdateDeleteSemanticAnalyzer.analyzeUpdate(UpdateDeleteSemanticAnalyzer.java:63)
	at org.apache.hadoop.hive.ql.parse.UpdateDeleteSemanticAnalyzer.analyze(UpdateDeleteSemanticAnalyzer.java:53)
	at org.apache.hadoop.hive.ql.parse.RewriteSemanticAnalyzer.analyzeInternal(RewriteSemanticAnalyzer.java:72)
	at org.apache.hadoop.hive.ql.parse.BaseSemanticAnalyzer.analyze(BaseSemanticAnalyzer.java:317)
	at org.apache.hadoop.hive.ql.Compiler.analyze(Compiler.java:223)
	at org.apache.hadoop.hive.ql.Compiler.compile(Compiler.java:105)
	at org.apache.hadoop.hive.ql.Driver.compile(Driver.java:500)
	at org.apache.hadoop.hive.ql.Driver.compileInternal(Driver.java:453)
	at org.apache.hadoop.hive.ql.Driver.runInternal(Driver.java:181)
	at org.apache.hadoop.hive.ql.Driver.run(Driver.java:153)
	at org.apache.hadoop.hive.ql.Driver.run(Driver.java:140)
	at org.apache.hadoop.hive.ql.TxnCommandsBaseForTests.runStatementOnDriver(TxnCommandsBaseForTests.java:245)
	at org.apache.hadoop.hive.ql.TestTxnNoBuckets.testNoBucketsDP(TestTxnNoBuckets.java:233)
	at sun.reflect.NativeMethodAccessorImpl.invoke0(Native Method)
	at sun.reflect.NativeMethodAccessorImpl.invoke(NativeMethodAccessorImpl.java:62)
	at sun.reflect.DelegatingMethodAccessorImpl.invoke(DelegatingMethodAccessorImpl.java:43)
	at java.lang.reflect.Method.invoke(Method.java:498)
	at org.junit.runners.model.FrameworkMethod$1.runReflectiveCall(FrameworkMethod.java:59)
	at org.junit.internal.runners.model.ReflectiveCallable.run(ReflectiveCallable.java:12)
	at org.junit.runners.model.FrameworkMethod.invokeExplosively(FrameworkMethod.java:56)
	at org.junit.internal.runners.statements.InvokeMethod.evaluate(InvokeMethod.java:17)
	at org.junit.internal.runners.statements.RunBefores.evaluate(RunBefores.java:26)
	at org.junit.internal.runners.statements.RunAfters.evaluate(RunAfters.java:27)
	at org.junit.rules.TestWatcher$1.evaluate(TestWatcher.java:61)
	at org.junit.runners.ParentRunner$3.evaluate(ParentRunner.java:306)
	at org.junit.runners.BlockJUnit4ClassRunner$1.evaluate(BlockJUnit4ClassRunner.java:100)
	at org.junit.runners.ParentRunner.runLeaf(ParentRunner.java:366)
	at org.junit.runners.BlockJUnit4ClassRunner.runChild(BlockJUnit4ClassRunner.java:103)
	at org.junit.runners.BlockJUnit4ClassRunner.runChild(BlockJUnit4ClassRunner.java:63)
	at org.junit.runners.ParentRunner$4.run(ParentRunner.java:331)
	at org.junit.runners.ParentRunner$1.schedule(ParentRunner.java:79)
	at org.junit.runners.ParentRunner.runChildren(ParentRunner.java:329)
	at org.junit.runners.ParentRunner.access$100(ParentRunner.java:66)
	at org.junit.runners.ParentRunner$2.evaluate(ParentRunner.java:293)
	at org.junit.runners.ParentRunner$3.evaluate(ParentRunner.java:306)
	at org.junit.runners.ParentRunner.run(ParentRunner.java:413)
	at org.junit.runner.JUnitCore.run(JUnitCore.java:137)
	at org.junit.runner.JUnitCore.run(JUnitCore.java:115)
	at org.junit.vintage.engine.execution.RunnerExecutor.execute(RunnerExecutor.java:43)
	at java.util.stream.ForEachOps$ForEachOp$OfRef.accept(ForEachOps.java:183)
	at java.util.stream.ReferencePipeline$3$1.accept(ReferencePipeline.java:193)
	at java.util.Iterator.forEachRemaining(Iterator.java:116)
	at java.util.Spliterators$IteratorSpliterator.forEachRemaining(Spliterators.java:1801)
	at java.util.stream.AbstractPipeline.copyInto(AbstractPipeline.java:482)
	at java.util.stream.AbstractPipeline.wrapAndCopyInto(AbstractPipeline.java:472)
	at java.util.stream.ForEachOps$ForEachOp.evaluateSequential(ForEachOps.java:150)
	at java.util.stream.ForEachOps$ForEachOp$OfRef.evaluateSequential(ForEachOps.java:173)
	at java.util.stream.AbstractPipeline.evaluate(AbstractPipeline.java:234)
	at java.util.stream.ReferencePipeline.forEach(ReferencePipeline.java:485)
	at org.junit.vintage.engine.VintageTestEngine.executeAllChildren(VintageTestEngine.java:82)
	at org.junit.vintage.engine.VintageTestEngine.execute(VintageTestEngine.java:73)
	at org.junit.platform.launcher.core.DefaultLauncher.execute(DefaultLauncher.java:248)
	at org.junit.platform.launcher.core.DefaultLauncher.lambda$execute$5(DefaultLauncher.java:211)
	at org.junit.platform.launcher.core.DefaultLauncher.withInterceptedStreams(DefaultLauncher.java:226)
	at org.junit.platform.launcher.core.DefaultLauncher.execute(DefaultLauncher.java:199)
	at org.junit.platform.launcher.core.DefaultLauncher.execute(DefaultLauncher.java:132)
	at org.apache.maven.surefire.junitplatform.JUnitPlatformProvider.invokeAllTests(JUnitPlatformProvider.java:154)
	at org.apache.maven.surefire.junitplatform.JUnitPlatformProvider.invoke(JUnitPlatformProvider.java:123)
	at org.apache.maven.surefire.booter.ForkedBooter.runSuitesInProcess(ForkedBooter.java:377)
	at org.apache.maven.surefire.booter.ForkedBooter.execute(ForkedBooter.java:138)
	at org.apache.maven.surefire.booter.ForkedBooter.run(ForkedBooter.java:465)
	at org.apache.maven.surefire.booter.ForkedBooter.main(ForkedBooter.java:451)

2024-04-24T01:17:50,621  INFO [main] metadata.Hive: Dumping metastore api call timing information for : compilation phase
2024-04-24T01:17:50,621  INFO [main] metadata.Hive: Total time spent in each metastore function (ms): {listPartitions_(String, String, short)=27, openTxn_(String, TxnType)=3, getTable_(GetTableRequest)=50, getValidWriteIds_(List, String)=4, isCompatibleWith_(Configuration)=1, getMetaConf_(String)=0, getValidTxns_(long)=1, commitTxn_(CommitTxnRequest)=12, getAggrColStatsFor_(String, String, List, List, String, String)=20, getCheckConstraints_(CheckConstraintsRequest)=1, getAllTableConstraints_(AllTableConstraintsRequest)=10, getNotNullConstraints_(NotNullConstraintsRequest)=2, flushCache_()=0}
2024-04-24T01:17:50,622  INFO [main] ql.Driver: Completed compiling command(queryId=alex_20240424011750_dcdd592c-cb25-4f63-a4af-cc8af932060b); Time taken: 0.374 seconds
2024-04-24T01:17:50,622  INFO [main] lockmgr.DbTxnManager: Stopped heartbeat for query: null
2024-04-24T01:17:50,627  INFO [main] txn.TxnHandler: Removed transactions: ([24]) from MIN_HISTORY_LEVEL
2024-04-24T01:17:50,634  INFO [main] ql.TxnCommandsBaseForTests: Running the query: drop table if exists acidTbl
2024-04-24T01:17:50,635  INFO [main] ql.Driver: Compiling command(queryId=alex_20240424011750_8f49be63-697b-49f4-b7c8-6fe43d4046a6): drop table if exists acidTbl
2024-04-24T01:17:50,637  INFO [main] txn.TxnHandler: Added entries to MIN_HISTORY_LEVEL for current txns: ([25]) with min_open_txn: 24
2024-04-24T01:17:50,637  INFO [main] lockmgr.DbTxnManager: Opened txnid:25
2024-04-24T01:17:50,638  INFO [main] HiveMetaStore.audit: ugi=alex	ip=unknown-ip-addr	cmd=get_table : tbl=hive.default.acidTbl	
2024-04-24T01:17:50,647  INFO [main] metastore.HMSHandler: Skipping translation for processor with null
2024-04-24T01:17:50,647  INFO [main] ql.Driver: Semantic Analysis Completed (retrial = false)
2024-04-24T01:17:50,647  INFO [main] ql.Driver: Created Hive schema: Schema(fieldSchemas:null, properties:null)
2024-04-24T01:17:50,647  INFO [main] metadata.Hive: Dumping metastore api call timing information for : compilation phase
2024-04-24T01:17:50,647  INFO [main] metadata.Hive: Total time spent in each metastore function (ms): {getTable_(GetTableRequest)=9, flushCache_()=0, openTxn_(String, TxnType)=2, rollbackTxn_(long)=12, isCompatibleWith_(Configuration)=0, getValidTxns_(long)=0}
2024-04-24T01:17:50,647  INFO [main] ql.Driver: Completed compiling command(queryId=alex_20240424011750_8f49be63-697b-49f4-b7c8-6fe43d4046a6); Time taken: 0.012 seconds
2024-04-24T01:17:50,647  INFO [main] lockmgr.DbTxnManager: Setting lock request transaction to txnid:25 for queryId=alex_20240424011750_8f49be63-697b-49f4-b7c8-6fe43d4046a6
2024-04-24T01:17:50,648  INFO [main] lockmgr.DbLockManager: Requesting lock for queryId=alex_20240424011750_8f49be63-697b-49f4-b7c8-6fe43d4046a6
2024-04-24T01:17:50,671  INFO [main] lockmgr.DbLockManager: Response to queryId=alex_20240424011750_8f49be63-697b-49f4-b7c8-6fe43d4046a6 LockResponse(lockid:16, state:ACQUIRED)
2024-04-24T01:17:50,671  INFO [main] ql.Driver: Operation DROPTABLE obtained 1 locks
2024-04-24T01:17:50,671  INFO [main] ql.Driver: Executing command(queryId=alex_20240424011750_8f49be63-697b-49f4-b7c8-6fe43d4046a6): drop table if exists acidTbl
2024-04-24T01:17:50,671  INFO [main] ql.Driver: Starting task [Stage-0:DDL] in serial mode
2024-04-24T01:17:50,671  INFO [main] HiveMetaStore.audit: ugi=alex	ip=unknown-ip-addr	cmd=get_table : tbl=hive.default.acidTbl	
2024-04-24T01:17:50,679  INFO [main] metastore.HMSHandler: Skipping translation for processor with null
2024-04-24T01:17:50,680  INFO [main] HiveMetaStore.audit: ugi=alex	ip=unknown-ip-addr	cmd=get_table : tbl=hive.default.acidTbl	
2024-04-24T01:17:50,692  INFO [main] metastore.HMSHandler: Skipping translation for processor with null
2024-04-24T01:17:50,692  INFO [main] HiveMetaStore.audit: ugi=alex	ip=unknown-ip-addr	cmd=drop_table : tbl=hive.default.acidTbl	
2024-04-24T01:17:50,876  INFO [main] metadata.Hive: Dumping metastore api call timing information for : execution phase
2024-04-24T01:17:50,877  INFO [main] metadata.Hive: Total time spent in each metastore function (ms): {dropTable_(String, String, boolean, boolean, boolean)=196, getTable_(GetTableRequest)=9, isCompatibleWith_(Configuration)=0}
2024-04-24T01:17:50,877  INFO [main] ql.Driver: Completed executing command(queryId=alex_20240424011750_8f49be63-697b-49f4-b7c8-6fe43d4046a6); Time taken: 0.205 seconds
2024-04-24T01:17:50,877  INFO [main] lockmgr.DbTxnManager: Stopped heartbeat for query: alex_20240424011750_8f49be63-697b-49f4-b7c8-6fe43d4046a6
2024-04-24T01:17:50,883  INFO [main] txn.TxnHandler: Expected to move at least one record from txn_components to completed_txn_components when committing txn! txnid:25
2024-04-24T01:17:50,892  INFO [main] txn.TxnHandler: Removed transactions: ([25]) from MIN_HISTORY_LEVEL
2024-04-24T01:17:50,893  WARN [main] txn.CompactionTxnHandler: No compaction queue record found for Compaction type transaction commit. txnId:25
2024-04-24T01:17:50,893  INFO [main] ql.TxnCommandsBaseForTests: Running the query: drop table if exists acidTblPart
2024-04-24T01:17:50,894  INFO [main] ql.Driver: Compiling command(queryId=alex_20240424011750_6f362b7b-0118-45b9-b231-36427ba28541): drop table if exists acidTblPart
2024-04-24T01:17:50,898  INFO [main] txn.TxnHandler: Added entries to MIN_HISTORY_LEVEL for current txns: ([26]) with min_open_txn: 24
2024-04-24T01:17:50,898  INFO [main] lockmgr.DbTxnManager: Opened txnid:26
2024-04-24T01:17:50,899  INFO [main] HiveMetaStore.audit: ugi=alex	ip=unknown-ip-addr	cmd=get_table : tbl=hive.default.acidTblPart	
2024-04-24T01:17:50,916  INFO [main] metastore.HMSHandler: Skipping translation for processor with null
2024-04-24T01:17:50,917  INFO [main] ql.Driver: Semantic Analysis Completed (retrial = false)
2024-04-24T01:17:50,917  INFO [main] ql.Driver: Created Hive schema: Schema(fieldSchemas:null, properties:null)
2024-04-24T01:17:50,917  INFO [main] metadata.Hive: Dumping metastore api call timing information for : compilation phase
2024-04-24T01:17:50,917  INFO [main] metadata.Hive: Total time spent in each metastore function (ms): {commitTxn_(CommitTxnRequest)=16, isCompatibleWith_(Configuration)=0, openTxn_(String, TxnType)=4, flushCache_()=0, getValidTxns_(long)=1, getTable_(GetTableRequest)=17}
2024-04-24T01:17:50,917  INFO [main] ql.Driver: Completed compiling command(queryId=alex_20240424011750_6f362b7b-0118-45b9-b231-36427ba28541); Time taken: 0.023 seconds
2024-04-24T01:17:50,917  INFO [main] lockmgr.DbTxnManager: Setting lock request transaction to txnid:26 for queryId=alex_20240424011750_6f362b7b-0118-45b9-b231-36427ba28541
2024-04-24T01:17:50,918  INFO [main] lockmgr.DbLockManager: Requesting lock for queryId=alex_20240424011750_6f362b7b-0118-45b9-b231-36427ba28541
2024-04-24T01:17:50,947  INFO [main] lockmgr.DbLockManager: Response to queryId=alex_20240424011750_6f362b7b-0118-45b9-b231-36427ba28541 LockResponse(lockid:17, state:ACQUIRED)
2024-04-24T01:17:50,947  INFO [main] ql.Driver: Operation DROPTABLE obtained 1 locks
2024-04-24T01:17:50,947  INFO [main] ql.Driver: Executing command(queryId=alex_20240424011750_6f362b7b-0118-45b9-b231-36427ba28541): drop table if exists acidTblPart
2024-04-24T01:17:50,947  INFO [main] ql.Driver: Starting task [Stage-0:DDL] in serial mode
2024-04-24T01:17:50,947  INFO [main] HiveMetaStore.audit: ugi=alex	ip=unknown-ip-addr	cmd=get_table : tbl=hive.default.acidTblPart	
2024-04-24T01:17:50,959  INFO [main] metastore.HMSHandler: Skipping translation for processor with null
2024-04-24T01:17:50,960  INFO [main] HiveMetaStore.audit: ugi=alex	ip=unknown-ip-addr	cmd=get_table : tbl=hive.default.acidTblPart	
2024-04-24T01:17:50,972  INFO [main] metastore.HMSHandler: Skipping translation for processor with null
2024-04-24T01:17:50,972  INFO [main] HiveMetaStore.audit: ugi=alex	ip=unknown-ip-addr	cmd=drop_table : tbl=hive.default.acidTblPart	
2024-04-24T01:17:51,032  INFO [main] metadata.Hive: Dumping metastore api call timing information for : execution phase
2024-04-24T01:17:51,032  INFO [main] metadata.Hive: Total time spent in each metastore function (ms): {isCompatibleWith_(Configuration)=0, getTable_(GetTableRequest)=13, dropTable_(String, String, boolean, boolean, boolean)=72}
2024-04-24T01:17:51,032  INFO [main] ql.Driver: Completed executing command(queryId=alex_20240424011750_6f362b7b-0118-45b9-b231-36427ba28541); Time taken: 0.085 seconds
2024-04-24T01:17:51,032  INFO [main] lockmgr.DbTxnManager: Stopped heartbeat for query: alex_20240424011750_6f362b7b-0118-45b9-b231-36427ba28541
2024-04-24T01:17:51,036  INFO [main] txn.TxnHandler: Expected to move at least one record from txn_components to completed_txn_components when committing txn! txnid:26
2024-04-24T01:17:51,043  INFO [main] txn.TxnHandler: Removed transactions: ([26]) from MIN_HISTORY_LEVEL
2024-04-24T01:17:51,043  WARN [main] txn.CompactionTxnHandler: No compaction queue record found for Compaction type transaction commit. txnId:26
2024-04-24T01:17:51,044  INFO [main] ql.TxnCommandsBaseForTests: Running the query: drop table if exists acidTbl2
2024-04-24T01:17:51,044  INFO [main] ql.Driver: Compiling command(queryId=alex_20240424011751_bae1a95b-84c6-41b4-8f8e-a6ec160f0bd3): drop table if exists acidTbl2
2024-04-24T01:17:51,047  INFO [main] txn.TxnHandler: Added entries to MIN_HISTORY_LEVEL for current txns: ([27]) with min_open_txn: 24
2024-04-24T01:17:51,047  INFO [main] lockmgr.DbTxnManager: Opened txnid:27
2024-04-24T01:17:51,048  INFO [main] ql.Driver: Semantic Analysis Completed (retrial = false)
2024-04-24T01:17:51,048  INFO [main] ql.Driver: Created Hive schema: Schema(fieldSchemas:null, properties:null)
2024-04-24T01:17:51,048  INFO [main] metadata.Hive: Dumping metastore api call timing information for : compilation phase
2024-04-24T01:17:51,048  INFO [main] metadata.Hive: Total time spent in each metastore function (ms): {openTxn_(String, TxnType)=2, commitTxn_(CommitTxnRequest)=12, getTable_(GetTableRequest)=0, isCompatibleWith_(Configuration)=0, flushCache_()=0, getValidTxns_(long)=1}
2024-04-24T01:17:51,049  INFO [main] ql.Driver: Completed compiling command(queryId=alex_20240424011751_bae1a95b-84c6-41b4-8f8e-a6ec160f0bd3); Time taken: 0.004 seconds
2024-04-24T01:17:51,049  INFO [main] lockmgr.DbTxnManager: Setting lock request transaction to txnid:27 for queryId=alex_20240424011751_bae1a95b-84c6-41b4-8f8e-a6ec160f0bd3
2024-04-24T01:17:51,049  INFO [main] ql.Driver: Operation DROPTABLE obtained 0 locks
2024-04-24T01:17:51,049  INFO [main] ql.Driver: Executing command(queryId=alex_20240424011751_bae1a95b-84c6-41b4-8f8e-a6ec160f0bd3): drop table if exists acidTbl2
2024-04-24T01:17:51,049  INFO [main] ql.Driver: Starting task [Stage-0:DDL] in serial mode
2024-04-24T01:17:51,050  INFO [main] metadata.SessionHiveMetaStoreClient: Column stats doesn't exist for db=default temp table=acidTbl2
2024-04-24T01:17:51,050  INFO [main] metadata.Hive: Dumping metastore api call timing information for : execution phase
2024-04-24T01:17:51,050  INFO [main] metadata.Hive: Total time spent in each metastore function (ms): {getTable_(GetTableRequest)=0, dropTable_(String, String, boolean, boolean, boolean)=1, isCompatibleWith_(Configuration)=0}
2024-04-24T01:17:51,050  INFO [main] ql.Driver: Completed executing command(queryId=alex_20240424011751_bae1a95b-84c6-41b4-8f8e-a6ec160f0bd3); Time taken: 0.001 seconds
2024-04-24T01:17:51,050  INFO [main] lockmgr.DbTxnManager: Stopped heartbeat for query: alex_20240424011751_bae1a95b-84c6-41b4-8f8e-a6ec160f0bd3
2024-04-24T01:17:51,056  INFO [main] txn.TxnHandler: Expected to move at least one record from txn_components to completed_txn_components when committing txn! txnid:27
2024-04-24T01:17:51,063  INFO [main] txn.TxnHandler: Removed transactions: ([27]) from MIN_HISTORY_LEVEL
2024-04-24T01:17:51,063  WARN [main] txn.CompactionTxnHandler: No compaction queue record found for Compaction type transaction commit. txnId:27
2024-04-24T01:17:51,064  INFO [main] ql.TxnCommandsBaseForTests: Running the query: drop table if exists nonAcidOrcTbl
2024-04-24T01:17:51,064  INFO [main] ql.Driver: Compiling command(queryId=alex_20240424011751_2e86b827-20ad-45c9-9073-f340053f94a7): drop table if exists nonAcidOrcTbl
2024-04-24T01:17:51,067  INFO [main] txn.TxnHandler: Added entries to MIN_HISTORY_LEVEL for current txns: ([28]) with min_open_txn: 24
2024-04-24T01:17:51,067  INFO [main] lockmgr.DbTxnManager: Opened txnid:28
2024-04-24T01:17:51,068  INFO [main] HiveMetaStore.audit: ugi=alex	ip=unknown-ip-addr	cmd=get_table : tbl=hive.default.nonAcidOrcTbl	
2024-04-24T01:17:51,091  INFO [main] metastore.HMSHandler: Skipping translation for processor with null
2024-04-24T01:17:51,092  INFO [main] ql.Driver: Semantic Analysis Completed (retrial = false)
2024-04-24T01:17:51,092  INFO [main] ql.Driver: Created Hive schema: Schema(fieldSchemas:null, properties:null)
2024-04-24T01:17:51,092  INFO [main] metadata.Hive: Dumping metastore api call timing information for : compilation phase
2024-04-24T01:17:51,092  INFO [main] metadata.Hive: Total time spent in each metastore function (ms): {openTxn_(String, TxnType)=2, getValidTxns_(long)=0, getTable_(GetTableRequest)=24, flushCache_()=0, commitTxn_(CommitTxnRequest)=14, isCompatibleWith_(Configuration)=2}
2024-04-24T01:17:51,092  INFO [main] ql.Driver: Completed compiling command(queryId=alex_20240424011751_2e86b827-20ad-45c9-9073-f340053f94a7); Time taken: 0.028 seconds
2024-04-24T01:17:51,092  INFO [main] lockmgr.DbTxnManager: Setting lock request transaction to txnid:28 for queryId=alex_20240424011751_2e86b827-20ad-45c9-9073-f340053f94a7
2024-04-24T01:17:51,093  INFO [main] lockmgr.DbLockManager: Requesting lock for queryId=alex_20240424011751_2e86b827-20ad-45c9-9073-f340053f94a7
2024-04-24T01:17:51,115  INFO [main] lockmgr.DbLockManager: Response to queryId=alex_20240424011751_2e86b827-20ad-45c9-9073-f340053f94a7 LockResponse(lockid:18, state:ACQUIRED)
2024-04-24T01:17:51,115  INFO [main] ql.Driver: Operation DROPTABLE obtained 1 locks
2024-04-24T01:17:51,115  INFO [main] ql.Driver: Executing command(queryId=alex_20240424011751_2e86b827-20ad-45c9-9073-f340053f94a7): drop table if exists nonAcidOrcTbl
2024-04-24T01:17:51,115  INFO [main] ql.Driver: Starting task [Stage-0:DDL] in serial mode
2024-04-24T01:17:51,115  INFO [main] HiveMetaStore.audit: ugi=alex	ip=unknown-ip-addr	cmd=get_table : tbl=hive.default.nonAcidOrcTbl	
2024-04-24T01:17:51,126  INFO [main] metastore.HMSHandler: Skipping translation for processor with null
2024-04-24T01:17:51,126  INFO [main] HiveMetaStore.audit: ugi=alex	ip=unknown-ip-addr	cmd=get_table : tbl=hive.default.nonAcidOrcTbl	
2024-04-24T01:17:51,136  INFO [main] metastore.HMSHandler: Skipping translation for processor with null
2024-04-24T01:17:51,136  INFO [main] HiveMetaStore.audit: ugi=alex	ip=unknown-ip-addr	cmd=drop_table : tbl=hive.default.nonAcidOrcTbl	
2024-04-24T01:17:51,225  INFO [main] metadata.Hive: Dumping metastore api call timing information for : execution phase
2024-04-24T01:17:51,225  INFO [main] metadata.Hive: Total time spent in each metastore function (ms): {isCompatibleWith_(Configuration)=0, dropTable_(String, String, boolean, boolean, boolean)=99, getTable_(GetTableRequest)=11}
2024-04-24T01:17:51,225  INFO [main] ql.Driver: Completed executing command(queryId=alex_20240424011751_2e86b827-20ad-45c9-9073-f340053f94a7); Time taken: 0.11 seconds
2024-04-24T01:17:51,226  INFO [main] lockmgr.DbTxnManager: Stopped heartbeat for query: alex_20240424011751_2e86b827-20ad-45c9-9073-f340053f94a7
2024-04-24T01:17:51,230  INFO [main] txn.TxnHandler: Expected to move at least one record from txn_components to completed_txn_components when committing txn! txnid:28
2024-04-24T01:17:51,236  INFO [main] txn.TxnHandler: Removed transactions: ([28]) from MIN_HISTORY_LEVEL
2024-04-24T01:17:51,236  WARN [main] txn.CompactionTxnHandler: No compaction queue record found for Compaction type transaction commit. txnId:28
2024-04-24T01:17:51,237  INFO [main] ql.TxnCommandsBaseForTests: Running the query: drop table if exists nonAcidOrcTbl2
2024-04-24T01:17:51,237  INFO [main] ql.Driver: Compiling command(queryId=alex_20240424011751_3a4c8f49-d54b-4f37-a858-9f2d139a1f73): drop table if exists nonAcidOrcTbl2
2024-04-24T01:17:51,240  INFO [main] txn.TxnHandler: Added entries to MIN_HISTORY_LEVEL for current txns: ([29]) with min_open_txn: 24
2024-04-24T01:17:51,240  INFO [main] lockmgr.DbTxnManager: Opened txnid:29
2024-04-24T01:17:51,241  INFO [main] HiveMetaStore.audit: ugi=alex	ip=unknown-ip-addr	cmd=get_table : tbl=hive.default.nonAcidOrcTbl2	
2024-04-24T01:17:51,251  INFO [main] metastore.HMSHandler: Skipping translation for processor with null
2024-04-24T01:17:51,251  INFO [main] ql.Driver: Semantic Analysis Completed (retrial = false)
2024-04-24T01:17:51,251  INFO [main] ql.Driver: Created Hive schema: Schema(fieldSchemas:null, properties:null)
2024-04-24T01:17:51,251  INFO [main] metadata.Hive: Dumping metastore api call timing information for : compilation phase
2024-04-24T01:17:51,251  INFO [main] metadata.Hive: Total time spent in each metastore function (ms): {getValidTxns_(long)=1, openTxn_(String, TxnType)=2, getTable_(GetTableRequest)=10, isCompatibleWith_(Configuration)=1, commitTxn_(CommitTxnRequest)=11, flushCache_()=0}
2024-04-24T01:17:51,251  INFO [main] ql.Driver: Completed compiling command(queryId=alex_20240424011751_3a4c8f49-d54b-4f37-a858-9f2d139a1f73); Time taken: 0.014 seconds
2024-04-24T01:17:51,252  INFO [main] lockmgr.DbTxnManager: Setting lock request transaction to txnid:29 for queryId=alex_20240424011751_3a4c8f49-d54b-4f37-a858-9f2d139a1f73
2024-04-24T01:17:51,252  INFO [main] lockmgr.DbLockManager: Requesting lock for queryId=alex_20240424011751_3a4c8f49-d54b-4f37-a858-9f2d139a1f73
2024-04-24T01:17:51,270  INFO [main] lockmgr.DbLockManager: Response to queryId=alex_20240424011751_3a4c8f49-d54b-4f37-a858-9f2d139a1f73 LockResponse(lockid:19, state:ACQUIRED)
2024-04-24T01:17:51,270  INFO [main] ql.Driver: Operation DROPTABLE obtained 1 locks
2024-04-24T01:17:51,270  INFO [main] ql.Driver: Executing command(queryId=alex_20240424011751_3a4c8f49-d54b-4f37-a858-9f2d139a1f73): drop table if exists nonAcidOrcTbl2
2024-04-24T01:17:51,270  INFO [main] ql.Driver: Starting task [Stage-0:DDL] in serial mode
2024-04-24T01:17:51,270  INFO [main] HiveMetaStore.audit: ugi=alex	ip=unknown-ip-addr	cmd=get_table : tbl=hive.default.nonAcidOrcTbl2	
2024-04-24T01:17:51,281  INFO [main] metastore.HMSHandler: Skipping translation for processor with null
2024-04-24T01:17:51,281  INFO [main] HiveMetaStore.audit: ugi=alex	ip=unknown-ip-addr	cmd=get_table : tbl=hive.default.nonAcidOrcTbl2	
2024-04-24T01:17:51,292  INFO [main] metastore.HMSHandler: Skipping translation for processor with null
2024-04-24T01:17:51,292  INFO [main] HiveMetaStore.audit: ugi=alex	ip=unknown-ip-addr	cmd=drop_table : tbl=hive.default.nonAcidOrcTbl2	
2024-04-24T01:17:51,332  INFO [main] metadata.Hive: Dumping metastore api call timing information for : execution phase
2024-04-24T01:17:51,332  INFO [main] metadata.Hive: Total time spent in each metastore function (ms): {getTable_(GetTableRequest)=11, isCompatibleWith_(Configuration)=0, dropTable_(String, String, boolean, boolean, boolean)=51}
2024-04-24T01:17:51,332  INFO [main] ql.Driver: Completed executing command(queryId=alex_20240424011751_3a4c8f49-d54b-4f37-a858-9f2d139a1f73); Time taken: 0.062 seconds
2024-04-24T01:17:51,332  INFO [main] lockmgr.DbTxnManager: Stopped heartbeat for query: alex_20240424011751_3a4c8f49-d54b-4f37-a858-9f2d139a1f73
2024-04-24T01:17:51,336  INFO [main] txn.TxnHandler: Expected to move at least one record from txn_components to completed_txn_components when committing txn! txnid:29
2024-04-24T01:17:51,346  INFO [main] txn.TxnHandler: Removed transactions: ([29]) from MIN_HISTORY_LEVEL
2024-04-24T01:17:51,346  WARN [main] txn.CompactionTxnHandler: No compaction queue record found for Compaction type transaction commit. txnId:29
2024-04-24T01:17:51,348  INFO [main] ql.TxnCommandsBaseForTests: Running the query: drop table if exists nonAcidNonBucket
2024-04-24T01:17:51,348  INFO [main] ql.Driver: Compiling command(queryId=alex_20240424011751_415b240f-e472-4259-9c15-95815cafa93b): drop table if exists nonAcidNonBucket
2024-04-24T01:17:51,352  INFO [main] txn.TxnHandler: Added entries to MIN_HISTORY_LEVEL for current txns: ([30]) with min_open_txn: 25
2024-04-24T01:17:51,352  INFO [main] lockmgr.DbTxnManager: Opened txnid:30
2024-04-24T01:17:51,353  INFO [main] HiveMetaStore.audit: ugi=alex	ip=unknown-ip-addr	cmd=get_table : tbl=hive.default.nonAcidNonBucket	
2024-04-24T01:17:51,365  INFO [main] metastore.HMSHandler: Skipping translation for processor with null
2024-04-24T01:17:51,365  INFO [main] ql.Driver: Semantic Analysis Completed (retrial = false)
2024-04-24T01:17:51,365  INFO [main] ql.Driver: Created Hive schema: Schema(fieldSchemas:null, properties:null)
2024-04-24T01:17:51,366  INFO [main] metadata.Hive: Dumping metastore api call timing information for : compilation phase
2024-04-24T01:17:51,366  INFO [main] metadata.Hive: Total time spent in each metastore function (ms): {openTxn_(String, TxnType)=3, isCompatibleWith_(Configuration)=1, flushCache_()=0, getTable_(GetTableRequest)=12, commitTxn_(CommitTxnRequest)=15, getValidTxns_(long)=1}
2024-04-24T01:17:51,366  INFO [main] ql.Driver: Completed compiling command(queryId=alex_20240424011751_415b240f-e472-4259-9c15-95815cafa93b); Time taken: 0.017 seconds
2024-04-24T01:17:51,366  INFO [main] lockmgr.DbTxnManager: Setting lock request transaction to txnid:30 for queryId=alex_20240424011751_415b240f-e472-4259-9c15-95815cafa93b
2024-04-24T01:17:51,367  INFO [main] lockmgr.DbLockManager: Requesting lock for queryId=alex_20240424011751_415b240f-e472-4259-9c15-95815cafa93b
2024-04-24T01:17:51,388  INFO [main] lockmgr.DbLockManager: Response to queryId=alex_20240424011751_415b240f-e472-4259-9c15-95815cafa93b LockResponse(lockid:20, state:ACQUIRED)
2024-04-24T01:17:51,388  INFO [main] ql.Driver: Operation DROPTABLE obtained 1 locks
2024-04-24T01:17:51,388  INFO [main] ql.Driver: Executing command(queryId=alex_20240424011751_415b240f-e472-4259-9c15-95815cafa93b): drop table if exists nonAcidNonBucket
2024-04-24T01:17:51,388  INFO [main] ql.Driver: Starting task [Stage-0:DDL] in serial mode
2024-04-24T01:17:51,388  INFO [main] HiveMetaStore.audit: ugi=alex	ip=unknown-ip-addr	cmd=get_table : tbl=hive.default.nonAcidNonBucket	
2024-04-24T01:17:51,399  INFO [main] metastore.HMSHandler: Skipping translation for processor with null
2024-04-24T01:17:51,399  INFO [main] HiveMetaStore.audit: ugi=alex	ip=unknown-ip-addr	cmd=get_table : tbl=hive.default.nonAcidNonBucket	
2024-04-24T01:17:51,409  INFO [main] metastore.HMSHandler: Skipping translation for processor with null
2024-04-24T01:17:51,409  INFO [main] HiveMetaStore.audit: ugi=alex	ip=unknown-ip-addr	cmd=drop_table : tbl=hive.default.nonAcidNonBucket	
2024-04-24T01:17:51,453  INFO [main] metadata.Hive: Dumping metastore api call timing information for : execution phase
2024-04-24T01:17:51,453  INFO [main] metadata.Hive: Total time spent in each metastore function (ms): {getTable_(GetTableRequest)=11, dropTable_(String, String, boolean, boolean, boolean)=54, isCompatibleWith_(Configuration)=0}
2024-04-24T01:17:51,454  INFO [main] ql.Driver: Completed executing command(queryId=alex_20240424011751_415b240f-e472-4259-9c15-95815cafa93b); Time taken: 0.065 seconds
2024-04-24T01:17:51,454  INFO [main] lockmgr.DbTxnManager: Stopped heartbeat for query: alex_20240424011751_415b240f-e472-4259-9c15-95815cafa93b
2024-04-24T01:17:51,460  INFO [main] txn.TxnHandler: Expected to move at least one record from txn_components to completed_txn_components when committing txn! txnid:30
2024-04-24T01:17:51,467  INFO [main] txn.TxnHandler: Removed transactions: ([30]) from MIN_HISTORY_LEVEL
2024-04-24T01:17:51,467  WARN [main] txn.CompactionTxnHandler: No compaction queue record found for Compaction type transaction commit. txnId:30
2024-04-24T01:17:51,468  INFO [main] utils.TestTxnDbUtil: Cleaning transactional tables
]]></system-err>
  </testcase>
  <testcase name="testEmptyCompactionResult" classname="org.apache.hadoop.hive.ql.TestTxnNoBuckets" time="20.966"/>
  <testcase name="testToAcidConversion02" classname="org.apache.hadoop.hive.ql.TestTxnNoBuckets" time="11.642">
    <error type="java.lang.RuntimeException"><![CDATA[java.lang.RuntimeException: update nonAcidNonBucket set b = 120 where a = 0 and b = 12 failed: (responseCode = 2, errorMessage = FAILED: Execution Error, return code 2 from org.apache.hadoop.hive.ql.exec.mr.MapRedTask, SQLState = 08S01)
	at org.apache.hadoop.hive.ql.TxnCommandsBaseForTests.runStatementOnDriver(TxnCommandsBaseForTests.java:247)
	at org.apache.hadoop.hive.ql.TestTxnNoBuckets.testToAcidConversion02(TestTxnNoBuckets.java:553)
	at sun.reflect.NativeMethodAccessorImpl.invoke0(Native Method)
	at sun.reflect.NativeMethodAccessorImpl.invoke(NativeMethodAccessorImpl.java:62)
	at sun.reflect.DelegatingMethodAccessorImpl.invoke(DelegatingMethodAccessorImpl.java:43)
	at java.lang.reflect.Method.invoke(Method.java:498)
	at org.junit.runners.model.FrameworkMethod$1.runReflectiveCall(FrameworkMethod.java:59)
	at org.junit.internal.runners.model.ReflectiveCallable.run(ReflectiveCallable.java:12)
	at org.junit.runners.model.FrameworkMethod.invokeExplosively(FrameworkMethod.java:56)
	at org.junit.internal.runners.statements.InvokeMethod.evaluate(InvokeMethod.java:17)
	at org.junit.internal.runners.statements.RunBefores.evaluate(RunBefores.java:26)
	at org.junit.internal.runners.statements.RunAfters.evaluate(RunAfters.java:27)
	at org.junit.rules.TestWatcher$1.evaluate(TestWatcher.java:61)
	at org.junit.runners.ParentRunner$3.evaluate(ParentRunner.java:306)
	at org.junit.runners.BlockJUnit4ClassRunner$1.evaluate(BlockJUnit4ClassRunner.java:100)
	at org.junit.runners.ParentRunner.runLeaf(ParentRunner.java:366)
	at org.junit.runners.BlockJUnit4ClassRunner.runChild(BlockJUnit4ClassRunner.java:103)
	at org.junit.runners.BlockJUnit4ClassRunner.runChild(BlockJUnit4ClassRunner.java:63)
	at org.junit.runners.ParentRunner$4.run(ParentRunner.java:331)
	at org.junit.runners.ParentRunner$1.schedule(ParentRunner.java:79)
	at org.junit.runners.ParentRunner.runChildren(ParentRunner.java:329)
	at org.junit.runners.ParentRunner.access$100(ParentRunner.java:66)
	at org.junit.runners.ParentRunner$2.evaluate(ParentRunner.java:293)
	at org.junit.runners.ParentRunner$3.evaluate(ParentRunner.java:306)
	at org.junit.runners.ParentRunner.run(ParentRunner.java:413)
	at org.junit.runner.JUnitCore.run(JUnitCore.java:137)
	at org.junit.runner.JUnitCore.run(JUnitCore.java:115)
	at org.junit.vintage.engine.execution.RunnerExecutor.execute(RunnerExecutor.java:43)
	at java.util.stream.ForEachOps$ForEachOp$OfRef.accept(ForEachOps.java:183)
	at java.util.stream.ReferencePipeline$3$1.accept(ReferencePipeline.java:193)
	at java.util.Iterator.forEachRemaining(Iterator.java:116)
	at java.util.Spliterators$IteratorSpliterator.forEachRemaining(Spliterators.java:1801)
	at java.util.stream.AbstractPipeline.copyInto(AbstractPipeline.java:482)
	at java.util.stream.AbstractPipeline.wrapAndCopyInto(AbstractPipeline.java:472)
	at java.util.stream.ForEachOps$ForEachOp.evaluateSequential(ForEachOps.java:150)
	at java.util.stream.ForEachOps$ForEachOp$OfRef.evaluateSequential(ForEachOps.java:173)
	at java.util.stream.AbstractPipeline.evaluate(AbstractPipeline.java:234)
	at java.util.stream.ReferencePipeline.forEach(ReferencePipeline.java:485)
	at org.junit.vintage.engine.VintageTestEngine.executeAllChildren(VintageTestEngine.java:82)
	at org.junit.vintage.engine.VintageTestEngine.execute(VintageTestEngine.java:73)
	at org.junit.platform.launcher.core.DefaultLauncher.execute(DefaultLauncher.java:248)
	at org.junit.platform.launcher.core.DefaultLauncher.lambda$execute$5(DefaultLauncher.java:211)
	at org.junit.platform.launcher.core.DefaultLauncher.withInterceptedStreams(DefaultLauncher.java:226)
	at org.junit.platform.launcher.core.DefaultLauncher.execute(DefaultLauncher.java:199)
	at org.junit.platform.launcher.core.DefaultLauncher.execute(DefaultLauncher.java:132)
	at org.apache.maven.surefire.junitplatform.JUnitPlatformProvider.invokeAllTests(JUnitPlatformProvider.java:154)
	at org.apache.maven.surefire.junitplatform.JUnitPlatformProvider.invoke(JUnitPlatformProvider.java:123)
	at org.apache.maven.surefire.booter.ForkedBooter.runSuitesInProcess(ForkedBooter.java:377)
	at org.apache.maven.surefire.booter.ForkedBooter.execute(ForkedBooter.java:138)
	at org.apache.maven.surefire.booter.ForkedBooter.run(ForkedBooter.java:465)
	at org.apache.maven.surefire.booter.ForkedBooter.main(ForkedBooter.java:451)
]]></error>
    <system-err><![CDATA[2024-04-24T01:18:12,536  WARN [main] conf.HiveConf: HiveConf of name hive.dummyparam.test.server.specific.config.hivesite does not exist
2024-04-24T01:18:12,536  WARN [main] conf.HiveConf: HiveConf of name hive.metastore.client.cache.recordStats does not exist
2024-04-24T01:18:12,537  WARN [main] conf.HiveConf: HiveConf of name hive.stats.key.prefix.reserve.length does not exist
2024-04-24T01:18:12,537  WARN [main] conf.HiveConf: HiveConf of name hive.llap.io.cache.orc.alloc.max does not exist
2024-04-24T01:18:12,537  WARN [main] conf.HiveConf: HiveConf of name hive.dummyparam.test.server.specific.config.override does not exist
2024-04-24T01:18:12,537  WARN [main] conf.HiveConf: HiveConf of name hive.dummyparam.test.server.specific.config.metastoresite does not exist
2024-04-24T01:18:12,537  WARN [main] conf.HiveConf: HiveConf of name hive.llap.io.cache.orc.size does not exist
2024-04-24T01:18:12,537  WARN [main] conf.HiveConf: HiveConf of name hive.metastore.client.cache.maxSize does not exist
2024-04-24T01:18:12,537  WARN [main] conf.HiveConf: HiveConf of name hive.metastore.metadb.dir does not exist
2024-04-24T01:18:12,537  WARN [main] conf.HiveConf: HiveConf of name hive.llap.io.cache.orc.arena.size does not exist
2024-04-24T01:18:12,537  WARN [main] conf.HiveConf: HiveConf of name hive.llap.io.cache.orc.alloc.min does not exist
2024-04-24T01:18:12,540  INFO [main] utils.TestTxnDbUtil: Creating transactional tables
Hive Session ID = ed817ece-3071-4c87-9132-a84b63fa4973
2024-04-24T01:18:12,543  INFO [main] SessionState: Hive Session ID = ed817ece-3071-4c87-9132-a84b63fa4973
ivysettings.xml file not found in HIVE_HOME or HIVE_CONF_DIR,/home/alex/Repositories/hive/conf/ivysettings.xml will be used
2024-04-24T01:18:12,544  INFO [main] DependencyResolver: ivysettings.xml file not found in HIVE_HOME or HIVE_CONF_DIR,/home/alex/Repositories/hive/conf/ivysettings.xml will be used
2024-04-24T01:18:12,549  INFO [main] session.SessionState: Created HDFS directory: /home/alex/Repositories/hive/ql/target/tmp/scratchdir/alex/ed817ece-3071-4c87-9132-a84b63fa4973
2024-04-24T01:18:12,551  INFO [main] session.SessionState: Created local directory: /home/alex/Repositories/hive/ql/target/tmp/localscratchdir/ed817ece-3071-4c87-9132-a84b63fa4973
2024-04-24T01:18:12,554  INFO [main] session.SessionState: Created HDFS directory: /home/alex/Repositories/hive/ql/target/tmp/scratchdir/alex/ed817ece-3071-4c87-9132-a84b63fa4973/_tmp_space.db
2024-04-24T01:18:12,554  INFO [main] sqlstd.SQLStdHiveAccessController: Created SQLStdHiveAccessController for session context : HiveAuthzSessionContext [sessionString=ed817ece-3071-4c87-9132-a84b63fa4973, clientType=HIVECLI]
2024-04-24T01:18:12,554  INFO [main] ql.TxnCommandsBaseForTests: Running the query: drop table if exists acidTbl
2024-04-24T01:18:12,555  INFO [main] ql.Driver: Compiling command(queryId=alex_20240424011812_f99d48a9-08e7-496b-83c1-56b0e15bba59): drop table if exists acidTbl
2024-04-24T01:18:12,564  INFO [main] txn.TxnHandler: Added entries to MIN_HISTORY_LEVEL for current txns: ([1]) with min_open_txn: 1
2024-04-24T01:18:12,565  INFO [main] lockmgr.DbTxnManager: Opened txnid:1
2024-04-24T01:18:12,567  INFO [main] HiveMetaStore.audit: ugi=alex	ip=unknown-ip-addr	cmd=get_table : tbl=hive.default.acidTbl	
2024-04-24T01:18:12,571  INFO [main] ql.Driver: Semantic Analysis Completed (retrial = false)
2024-04-24T01:18:12,571  INFO [main] ql.Driver: Created Hive schema: Schema(fieldSchemas:null, properties:null)
2024-04-24T01:18:12,571  INFO [main] metadata.Hive: Dumping metastore api call timing information for : compilation phase
2024-04-24T01:18:12,571  INFO [main] metadata.Hive: Total time spent in each metastore function (ms): {commitTxn_(CommitTxnRequest)=16, getValidTxns_(long)=2, isCompatibleWith_(Configuration)=1, openTxn_(String, TxnType)=10, flushCache_()=0}
2024-04-24T01:18:12,571  INFO [main] ql.Driver: Completed compiling command(queryId=alex_20240424011812_f99d48a9-08e7-496b-83c1-56b0e15bba59); Time taken: 0.016 seconds
2024-04-24T01:18:12,571  INFO [main] lockmgr.DbTxnManager: Setting lock request transaction to txnid:1 for queryId=alex_20240424011812_f99d48a9-08e7-496b-83c1-56b0e15bba59
2024-04-24T01:18:12,571  INFO [main] ql.Driver: Operation DROPTABLE obtained 0 locks
2024-04-24T01:18:12,571  INFO [main] ql.Driver: Executing command(queryId=alex_20240424011812_f99d48a9-08e7-496b-83c1-56b0e15bba59): drop table if exists acidTbl
2024-04-24T01:18:12,572  INFO [main] ql.Driver: Starting task [Stage-0:DDL] in serial mode
2024-04-24T01:18:12,572  INFO [main] HiveMetaStore.audit: ugi=alex	ip=unknown-ip-addr	cmd=get_table : tbl=hive.default.acidTbl	
2024-04-24T01:18:12,575  INFO [main] metadata.Hive: Dumping metastore api call timing information for : execution phase
2024-04-24T01:18:12,575  INFO [main] metadata.Hive: Total time spent in each metastore function (ms): {isCompatibleWith_(Configuration)=0}
2024-04-24T01:18:12,576  INFO [main] ql.Driver: Completed executing command(queryId=alex_20240424011812_f99d48a9-08e7-496b-83c1-56b0e15bba59); Time taken: 0.004 seconds
2024-04-24T01:18:12,576  INFO [main] lockmgr.DbTxnManager: Stopped heartbeat for query: alex_20240424011812_f99d48a9-08e7-496b-83c1-56b0e15bba59
2024-04-24T01:18:12,582  INFO [main] txn.TxnHandler: Expected to move at least one record from txn_components to completed_txn_components when committing txn! txnid:1
2024-04-24T01:18:12,592  INFO [main] txn.TxnHandler: Removed transactions: ([1]) from MIN_HISTORY_LEVEL
2024-04-24T01:18:12,592  WARN [main] txn.CompactionTxnHandler: No compaction queue record found for Compaction type transaction commit. txnId:1
2024-04-24T01:18:12,593  INFO [main] ql.TxnCommandsBaseForTests: Running the query: drop table if exists acidTblPart
2024-04-24T01:18:12,593  INFO [main] ql.Driver: Compiling command(queryId=alex_20240424011812_62ddeff7-71b6-4262-9a57-0587e240db6c): drop table if exists acidTblPart
2024-04-24T01:18:12,596  INFO [main] txn.TxnHandler: Added entries to MIN_HISTORY_LEVEL for current txns: ([2]) with min_open_txn: 1
2024-04-24T01:18:12,596  INFO [main] lockmgr.DbTxnManager: Opened txnid:2
2024-04-24T01:18:12,597  INFO [main] HiveMetaStore.audit: ugi=alex	ip=unknown-ip-addr	cmd=get_table : tbl=hive.default.acidTblPart	
2024-04-24T01:18:12,601  INFO [main] ql.Driver: Semantic Analysis Completed (retrial = false)
2024-04-24T01:18:12,601  INFO [main] ql.Driver: Created Hive schema: Schema(fieldSchemas:null, properties:null)
2024-04-24T01:18:12,602  INFO [main] metadata.Hive: Dumping metastore api call timing information for : compilation phase
2024-04-24T01:18:12,602  INFO [main] metadata.Hive: Total time spent in each metastore function (ms): {commitTxn_(CommitTxnRequest)=16, isCompatibleWith_(Configuration)=1, flushCache_()=0, getValidTxns_(long)=1, openTxn_(String, TxnType)=2}
2024-04-24T01:18:12,602  INFO [main] ql.Driver: Completed compiling command(queryId=alex_20240424011812_62ddeff7-71b6-4262-9a57-0587e240db6c); Time taken: 0.008 seconds
2024-04-24T01:18:12,602  INFO [main] lockmgr.DbTxnManager: Setting lock request transaction to txnid:2 for queryId=alex_20240424011812_62ddeff7-71b6-4262-9a57-0587e240db6c
2024-04-24T01:18:12,602  INFO [main] ql.Driver: Operation DROPTABLE obtained 0 locks
2024-04-24T01:18:12,602  INFO [main] ql.Driver: Executing command(queryId=alex_20240424011812_62ddeff7-71b6-4262-9a57-0587e240db6c): drop table if exists acidTblPart
2024-04-24T01:18:12,603  INFO [main] ql.Driver: Starting task [Stage-0:DDL] in serial mode
2024-04-24T01:18:12,603  INFO [main] HiveMetaStore.audit: ugi=alex	ip=unknown-ip-addr	cmd=get_table : tbl=hive.default.acidTblPart	
2024-04-24T01:18:12,607  INFO [main] metadata.Hive: Dumping metastore api call timing information for : execution phase
2024-04-24T01:18:12,608  INFO [main] metadata.Hive: Total time spent in each metastore function (ms): {isCompatibleWith_(Configuration)=0}
2024-04-24T01:18:12,608  INFO [main] ql.Driver: Completed executing command(queryId=alex_20240424011812_62ddeff7-71b6-4262-9a57-0587e240db6c); Time taken: 0.005 seconds
2024-04-24T01:18:12,608  INFO [main] lockmgr.DbTxnManager: Stopped heartbeat for query: alex_20240424011812_62ddeff7-71b6-4262-9a57-0587e240db6c
2024-04-24T01:18:12,615  INFO [main] txn.TxnHandler: Expected to move at least one record from txn_components to completed_txn_components when committing txn! txnid:2
2024-04-24T01:18:12,622  INFO [main] txn.TxnHandler: Removed transactions: ([2]) from MIN_HISTORY_LEVEL
2024-04-24T01:18:12,622  WARN [main] txn.CompactionTxnHandler: No compaction queue record found for Compaction type transaction commit. txnId:2
2024-04-24T01:18:12,622  INFO [main] ql.TxnCommandsBaseForTests: Running the query: drop table if exists acidTbl2
2024-04-24T01:18:12,623  INFO [main] ql.Driver: Compiling command(queryId=alex_20240424011812_5dc2e497-7eea-46ab-be30-5fcede6a3343): drop table if exists acidTbl2
2024-04-24T01:18:12,625  INFO [main] txn.TxnHandler: Added entries to MIN_HISTORY_LEVEL for current txns: ([3]) with min_open_txn: 1
2024-04-24T01:18:12,625  INFO [main] lockmgr.DbTxnManager: Opened txnid:3
2024-04-24T01:18:12,625  INFO [main] HiveMetaStore.audit: ugi=alex	ip=unknown-ip-addr	cmd=get_table : tbl=hive.default.acidTbl2	
2024-04-24T01:18:12,629  INFO [main] ql.Driver: Semantic Analysis Completed (retrial = false)
2024-04-24T01:18:12,629  INFO [main] ql.Driver: Created Hive schema: Schema(fieldSchemas:null, properties:null)
2024-04-24T01:18:12,629  INFO [main] metadata.Hive: Dumping metastore api call timing information for : compilation phase
2024-04-24T01:18:12,629  INFO [main] metadata.Hive: Total time spent in each metastore function (ms): {flushCache_()=0, isCompatibleWith_(Configuration)=0, commitTxn_(CommitTxnRequest)=14, getValidTxns_(long)=0, openTxn_(String, TxnType)=2}
2024-04-24T01:18:12,629  INFO [main] ql.Driver: Completed compiling command(queryId=alex_20240424011812_5dc2e497-7eea-46ab-be30-5fcede6a3343); Time taken: 0.006 seconds
2024-04-24T01:18:12,629  INFO [main] lockmgr.DbTxnManager: Setting lock request transaction to txnid:3 for queryId=alex_20240424011812_5dc2e497-7eea-46ab-be30-5fcede6a3343
2024-04-24T01:18:12,629  INFO [main] ql.Driver: Operation DROPTABLE obtained 0 locks
2024-04-24T01:18:12,629  INFO [main] ql.Driver: Executing command(queryId=alex_20240424011812_5dc2e497-7eea-46ab-be30-5fcede6a3343): drop table if exists acidTbl2
2024-04-24T01:18:12,629  INFO [main] ql.Driver: Starting task [Stage-0:DDL] in serial mode
2024-04-24T01:18:12,629  INFO [main] HiveMetaStore.audit: ugi=alex	ip=unknown-ip-addr	cmd=get_table : tbl=hive.default.acidTbl2	
2024-04-24T01:18:12,632  INFO [main] metadata.Hive: Dumping metastore api call timing information for : execution phase
2024-04-24T01:18:12,632  INFO [main] metadata.Hive: Total time spent in each metastore function (ms): {isCompatibleWith_(Configuration)=0}
2024-04-24T01:18:12,633  INFO [main] ql.Driver: Completed executing command(queryId=alex_20240424011812_5dc2e497-7eea-46ab-be30-5fcede6a3343); Time taken: 0.003 seconds
2024-04-24T01:18:12,633  INFO [main] lockmgr.DbTxnManager: Stopped heartbeat for query: alex_20240424011812_5dc2e497-7eea-46ab-be30-5fcede6a3343
2024-04-24T01:18:12,639  INFO [main] txn.TxnHandler: Expected to move at least one record from txn_components to completed_txn_components when committing txn! txnid:3
2024-04-24T01:18:12,648  INFO [main] txn.TxnHandler: Removed transactions: ([3]) from MIN_HISTORY_LEVEL
2024-04-24T01:18:12,648  WARN [main] txn.CompactionTxnHandler: No compaction queue record found for Compaction type transaction commit. txnId:3
2024-04-24T01:18:12,649  INFO [main] ql.TxnCommandsBaseForTests: Running the query: drop table if exists nonAcidOrcTbl
2024-04-24T01:18:12,650  INFO [main] ql.Driver: Compiling command(queryId=alex_20240424011812_0f1389da-e7ff-4167-921d-9abcb273e078): drop table if exists nonAcidOrcTbl
2024-04-24T01:18:12,653  INFO [main] txn.TxnHandler: Added entries to MIN_HISTORY_LEVEL for current txns: ([4]) with min_open_txn: 1
2024-04-24T01:18:12,653  INFO [main] lockmgr.DbTxnManager: Opened txnid:4
2024-04-24T01:18:12,654  INFO [main] HiveMetaStore.audit: ugi=alex	ip=unknown-ip-addr	cmd=get_table : tbl=hive.default.nonAcidOrcTbl	
2024-04-24T01:18:12,659  INFO [main] ql.Driver: Semantic Analysis Completed (retrial = false)
2024-04-24T01:18:12,659  INFO [main] ql.Driver: Created Hive schema: Schema(fieldSchemas:null, properties:null)
2024-04-24T01:18:12,659  INFO [main] metadata.Hive: Dumping metastore api call timing information for : compilation phase
2024-04-24T01:18:12,659  INFO [main] metadata.Hive: Total time spent in each metastore function (ms): {commitTxn_(CommitTxnRequest)=16, flushCache_()=0, isCompatibleWith_(Configuration)=0, openTxn_(String, TxnType)=3, getValidTxns_(long)=1}
2024-04-24T01:18:12,659  INFO [main] ql.Driver: Completed compiling command(queryId=alex_20240424011812_0f1389da-e7ff-4167-921d-9abcb273e078); Time taken: 0.01 seconds
2024-04-24T01:18:12,660  INFO [main] lockmgr.DbTxnManager: Setting lock request transaction to txnid:4 for queryId=alex_20240424011812_0f1389da-e7ff-4167-921d-9abcb273e078
2024-04-24T01:18:12,660  INFO [main] ql.Driver: Operation DROPTABLE obtained 0 locks
2024-04-24T01:18:12,660  INFO [main] ql.Driver: Executing command(queryId=alex_20240424011812_0f1389da-e7ff-4167-921d-9abcb273e078): drop table if exists nonAcidOrcTbl
2024-04-24T01:18:12,660  INFO [main] ql.Driver: Starting task [Stage-0:DDL] in serial mode
2024-04-24T01:18:12,660  INFO [main] HiveMetaStore.audit: ugi=alex	ip=unknown-ip-addr	cmd=get_table : tbl=hive.default.nonAcidOrcTbl	
2024-04-24T01:18:12,665  INFO [main] metadata.Hive: Dumping metastore api call timing information for : execution phase
2024-04-24T01:18:12,665  INFO [main] metadata.Hive: Total time spent in each metastore function (ms): {isCompatibleWith_(Configuration)=0}
2024-04-24T01:18:12,666  INFO [main] ql.Driver: Completed executing command(queryId=alex_20240424011812_0f1389da-e7ff-4167-921d-9abcb273e078); Time taken: 0.005 seconds
2024-04-24T01:18:12,666  INFO [main] lockmgr.DbTxnManager: Stopped heartbeat for query: alex_20240424011812_0f1389da-e7ff-4167-921d-9abcb273e078
2024-04-24T01:18:12,673  INFO [main] txn.TxnHandler: Expected to move at least one record from txn_components to completed_txn_components when committing txn! txnid:4
2024-04-24T01:18:12,682  INFO [main] txn.TxnHandler: Removed transactions: ([4]) from MIN_HISTORY_LEVEL
2024-04-24T01:18:12,682  WARN [main] txn.CompactionTxnHandler: No compaction queue record found for Compaction type transaction commit. txnId:4
2024-04-24T01:18:12,683  INFO [main] ql.TxnCommandsBaseForTests: Running the query: drop table if exists nonAcidOrcTbl2
2024-04-24T01:18:12,683  INFO [main] ql.Driver: Compiling command(queryId=alex_20240424011812_fae10963-a8a9-4d29-829b-fb3a4631d878): drop table if exists nonAcidOrcTbl2
2024-04-24T01:18:12,686  INFO [main] txn.TxnHandler: Added entries to MIN_HISTORY_LEVEL for current txns: ([5]) with min_open_txn: 1
2024-04-24T01:18:12,686  INFO [main] lockmgr.DbTxnManager: Opened txnid:5
2024-04-24T01:18:12,687  INFO [main] HiveMetaStore.audit: ugi=alex	ip=unknown-ip-addr	cmd=get_table : tbl=hive.default.nonAcidOrcTbl2	
2024-04-24T01:18:12,692  INFO [main] ql.Driver: Semantic Analysis Completed (retrial = false)
2024-04-24T01:18:12,692  INFO [main] ql.Driver: Created Hive schema: Schema(fieldSchemas:null, properties:null)
2024-04-24T01:18:12,692  INFO [main] metadata.Hive: Dumping metastore api call timing information for : compilation phase
2024-04-24T01:18:12,692  INFO [main] metadata.Hive: Total time spent in each metastore function (ms): {flushCache_()=0, openTxn_(String, TxnType)=2, getValidTxns_(long)=0, commitTxn_(CommitTxnRequest)=16, isCompatibleWith_(Configuration)=2}
2024-04-24T01:18:12,693  INFO [main] ql.Driver: Completed compiling command(queryId=alex_20240424011812_fae10963-a8a9-4d29-829b-fb3a4631d878); Time taken: 0.009 seconds
2024-04-24T01:18:12,693  INFO [main] lockmgr.DbTxnManager: Setting lock request transaction to txnid:5 for queryId=alex_20240424011812_fae10963-a8a9-4d29-829b-fb3a4631d878
2024-04-24T01:18:12,693  INFO [main] ql.Driver: Operation DROPTABLE obtained 0 locks
2024-04-24T01:18:12,693  INFO [main] ql.Driver: Executing command(queryId=alex_20240424011812_fae10963-a8a9-4d29-829b-fb3a4631d878): drop table if exists nonAcidOrcTbl2
2024-04-24T01:18:12,693  INFO [main] ql.Driver: Starting task [Stage-0:DDL] in serial mode
2024-04-24T01:18:12,694  INFO [main] HiveMetaStore.audit: ugi=alex	ip=unknown-ip-addr	cmd=get_table : tbl=hive.default.nonAcidOrcTbl2	
2024-04-24T01:18:12,698  INFO [main] metadata.Hive: Dumping metastore api call timing information for : execution phase
2024-04-24T01:18:12,699  INFO [main] metadata.Hive: Total time spent in each metastore function (ms): {isCompatibleWith_(Configuration)=0}
2024-04-24T01:18:12,699  INFO [main] ql.Driver: Completed executing command(queryId=alex_20240424011812_fae10963-a8a9-4d29-829b-fb3a4631d878); Time taken: 0.005 seconds
2024-04-24T01:18:12,699  INFO [main] lockmgr.DbTxnManager: Stopped heartbeat for query: alex_20240424011812_fae10963-a8a9-4d29-829b-fb3a4631d878
2024-04-24T01:18:12,707  INFO [main] txn.TxnHandler: Expected to move at least one record from txn_components to completed_txn_components when committing txn! txnid:5
2024-04-24T01:18:12,715  INFO [main] txn.TxnHandler: Removed transactions: ([5]) from MIN_HISTORY_LEVEL
2024-04-24T01:18:12,715  WARN [main] txn.CompactionTxnHandler: No compaction queue record found for Compaction type transaction commit. txnId:5
2024-04-24T01:18:12,716  INFO [main] ql.TxnCommandsBaseForTests: Running the query: drop table if exists nonAcidNonBucket
2024-04-24T01:18:12,717  INFO [main] ql.Driver: Compiling command(queryId=alex_20240424011812_d3ba0454-088c-49f0-a055-3e63adc9c179): drop table if exists nonAcidNonBucket
2024-04-24T01:18:12,720  INFO [main] txn.TxnHandler: Added entries to MIN_HISTORY_LEVEL for current txns: ([6]) with min_open_txn: 1
2024-04-24T01:18:12,720  INFO [main] lockmgr.DbTxnManager: Opened txnid:6
2024-04-24T01:18:12,721  INFO [main] HiveMetaStore.audit: ugi=alex	ip=unknown-ip-addr	cmd=get_table : tbl=hive.default.nonAcidNonBucket	
2024-04-24T01:18:12,726  INFO [main] ql.Driver: Semantic Analysis Completed (retrial = false)
2024-04-24T01:18:12,726  INFO [main] ql.Driver: Created Hive schema: Schema(fieldSchemas:null, properties:null)
2024-04-24T01:18:12,726  INFO [main] metadata.Hive: Dumping metastore api call timing information for : compilation phase
2024-04-24T01:18:12,726  INFO [main] metadata.Hive: Total time spent in each metastore function (ms): {flushCache_()=0, getValidTxns_(long)=1, isCompatibleWith_(Configuration)=0, commitTxn_(CommitTxnRequest)=17, openTxn_(String, TxnType)=3}
2024-04-24T01:18:12,726  INFO [main] ql.Driver: Completed compiling command(queryId=alex_20240424011812_d3ba0454-088c-49f0-a055-3e63adc9c179); Time taken: 0.009 seconds
2024-04-24T01:18:12,727  INFO [main] lockmgr.DbTxnManager: Setting lock request transaction to txnid:6 for queryId=alex_20240424011812_d3ba0454-088c-49f0-a055-3e63adc9c179
2024-04-24T01:18:12,727  INFO [main] ql.Driver: Operation DROPTABLE obtained 0 locks
2024-04-24T01:18:12,727  INFO [main] ql.Driver: Executing command(queryId=alex_20240424011812_d3ba0454-088c-49f0-a055-3e63adc9c179): drop table if exists nonAcidNonBucket
2024-04-24T01:18:12,727  INFO [main] ql.Driver: Starting task [Stage-0:DDL] in serial mode
2024-04-24T01:18:12,727  INFO [main] HiveMetaStore.audit: ugi=alex	ip=unknown-ip-addr	cmd=get_table : tbl=hive.default.nonAcidNonBucket	
2024-04-24T01:18:12,732  INFO [main] metadata.Hive: Dumping metastore api call timing information for : execution phase
2024-04-24T01:18:12,732  INFO [main] metadata.Hive: Total time spent in each metastore function (ms): {isCompatibleWith_(Configuration)=0}
2024-04-24T01:18:12,732  INFO [main] ql.Driver: Completed executing command(queryId=alex_20240424011812_d3ba0454-088c-49f0-a055-3e63adc9c179); Time taken: 0.005 seconds
2024-04-24T01:18:12,732  INFO [main] lockmgr.DbTxnManager: Stopped heartbeat for query: alex_20240424011812_d3ba0454-088c-49f0-a055-3e63adc9c179
2024-04-24T01:18:12,740  INFO [main] txn.TxnHandler: Expected to move at least one record from txn_components to completed_txn_components when committing txn! txnid:6
2024-04-24T01:18:12,748  INFO [main] txn.TxnHandler: Removed transactions: ([6]) from MIN_HISTORY_LEVEL
2024-04-24T01:18:12,749  WARN [main] txn.CompactionTxnHandler: No compaction queue record found for Compaction type transaction commit. txnId:6
2024-04-24T01:18:12,749  INFO [main] ql.TxnCommandsBaseForTests: Running the query: create table acidTbl(a int, b int) clustered by (a) into 2 buckets stored as orc TBLPROPERTIES ('transactional'='true')
2024-04-24T01:18:12,750  INFO [main] ql.Driver: Compiling command(queryId=alex_20240424011812_28af882c-c2b6-41c7-8cfe-7aa6279068a1): create table acidTbl(a int, b int) clustered by (a) into 2 buckets stored as orc TBLPROPERTIES ('transactional'='true')
2024-04-24T01:18:12,753  INFO [main] txn.TxnHandler: Added entries to MIN_HISTORY_LEVEL for current txns: ([7]) with min_open_txn: 1
2024-04-24T01:18:12,753  INFO [main] lockmgr.DbTxnManager: Opened txnid:7
2024-04-24T01:18:12,754  INFO [main] parse.CalcitePlanner: Starting caching scope for: 
2024-04-24T01:18:12,754  INFO [main] parse.CalcitePlanner: Starting Semantic Analysis
2024-04-24T01:18:12,763  INFO [main] parse.CalcitePlanner: Creating table default.acidTbl position=13
2024-04-24T01:18:12,763  INFO [main] HiveMetaStore.audit: ugi=alex	ip=unknown-ip-addr	cmd=get_database: default	
2024-04-24T01:18:12,765  INFO [main] parse.CalcitePlanner: Ending caching scope for: 
2024-04-24T01:18:12,765  INFO [main] ql.Driver: Semantic Analysis Completed (retrial = false)
2024-04-24T01:18:12,766  INFO [main] ql.Driver: Created Hive schema: Schema(fieldSchemas:null, properties:null)
2024-04-24T01:18:12,766  INFO [main] metadata.Hive: Dumping metastore api call timing information for : compilation phase
2024-04-24T01:18:12,766  INFO [main] metadata.Hive: Total time spent in each metastore function (ms): {isCompatibleWith_(Configuration)=2, getValidTxns_(long)=1, openTxn_(String, TxnType)=2, getValidWriteIds_(List, String)=8, commitTxn_(CommitTxnRequest)=16, getDatabase_(String)=2, flushCache_()=0}
2024-04-24T01:18:12,766  INFO [main] ql.Driver: Completed compiling command(queryId=alex_20240424011812_28af882c-c2b6-41c7-8cfe-7aa6279068a1); Time taken: 0.016 seconds
2024-04-24T01:18:12,766  INFO [main] lockmgr.DbTxnManager: Setting lock request transaction to txnid:7 for queryId=alex_20240424011812_28af882c-c2b6-41c7-8cfe-7aa6279068a1
2024-04-24T01:18:12,767  INFO [main] lockmgr.DbLockManager: Requesting lock for queryId=alex_20240424011812_28af882c-c2b6-41c7-8cfe-7aa6279068a1
2024-04-24T01:18:12,797  INFO [main] lockmgr.DbLockManager: Response to queryId=alex_20240424011812_28af882c-c2b6-41c7-8cfe-7aa6279068a1 LockResponse(lockid:1, state:ACQUIRED)
2024-04-24T01:18:12,797  INFO [main] ql.Driver: Operation CREATETABLE obtained 1 locks
2024-04-24T01:18:12,798  INFO [main] ql.Driver: Executing command(queryId=alex_20240424011812_28af882c-c2b6-41c7-8cfe-7aa6279068a1): create table acidTbl(a int, b int) clustered by (a) into 2 buckets stored as orc TBLPROPERTIES ('transactional'='true')
2024-04-24T01:18:12,798  INFO [main] ql.Driver: Starting task [Stage-0:DDL] in serial mode
2024-04-24T01:18:12,800  INFO [main] HiveMetaStore.audit: ugi=alex	ip=unknown-ip-addr	cmd=create_table_req: Table(tableName:acidTbl, dbName:default, owner:alex, createTime:1713946692, lastAccessTime:0, retention:0, sd:StorageDescriptor(cols:[FieldSchema(name:a, type:int, comment:null), FieldSchema(name:b, type:int, comment:null)], location:null, inputFormat:org.apache.hadoop.hive.ql.io.orc.OrcInputFormat, outputFormat:org.apache.hadoop.hive.ql.io.orc.OrcOutputFormat, compressed:false, numBuckets:2, serdeInfo:SerDeInfo(name:null, serializationLib:org.apache.hadoop.hive.ql.io.orc.OrcSerde, parameters:{serialization.format=1}), bucketCols:[a], sortCols:[], parameters:{}, skewedInfo:SkewedInfo(skewedColNames:[], skewedColValues:[], skewedColValueLocationMaps:{}), storedAsSubDirectories:false), partitionKeys:[], parameters:{COLUMN_STATS_ACCURATE={"BASIC_STATS":"true","COLUMN_STATS":{"a":"true","b":"true"}}, totalSize=0, bucketing_version=2, rawDataSize=0, numFiles=0, numFilesErasureCoded=0, numRows=0, transactional=true}, viewOriginalText:null, viewExpandedText:null, tableType:MANAGED_TABLE, privileges:PrincipalPrivilegeSet(userPrivileges:{alex=[PrivilegeGrantInfo(privilege:INSERT, createTime:-1, grantor:alex, grantorType:USER, grantOption:true), PrivilegeGrantInfo(privilege:SELECT, createTime:-1, grantor:alex, grantorType:USER, grantOption:true), PrivilegeGrantInfo(privilege:UPDATE, createTime:-1, grantor:alex, grantorType:USER, grantOption:true), PrivilegeGrantInfo(privilege:DELETE, createTime:-1, grantor:alex, grantorType:USER, grantOption:true)]}, groupPrivileges:null, rolePrivileges:null), temporary:false, catName:hive, ownerType:USER, writeId:0)	
2024-04-24T01:18:12,809  INFO [main] utils.FileUtils: Creating directory if it doesn't exist: file:/home/alex/Repositories/hive/ql/target/tmp/org.apache.hadoop.hive.ql.TestTxnNoBuckets-1713946626176/warehouse/acidtbl
2024-04-24T01:18:12,861  INFO [main] metadata.Hive: Dumping metastore api call timing information for : execution phase
2024-04-24T01:18:12,861  INFO [main] metadata.Hive: Total time spent in each metastore function (ms): {isCompatibleWith_(Configuration)=0, createTable_(Table)=62}
2024-04-24T01:18:12,862  INFO [main] ql.Driver: Completed executing command(queryId=alex_20240424011812_28af882c-c2b6-41c7-8cfe-7aa6279068a1); Time taken: 0.063 seconds
2024-04-24T01:18:12,862  INFO [main] lockmgr.DbTxnManager: Stopped heartbeat for query: alex_20240424011812_28af882c-c2b6-41c7-8cfe-7aa6279068a1
2024-04-24T01:18:12,867  INFO [main] txn.TxnHandler: Expected to move at least one record from txn_components to completed_txn_components when committing txn! txnid:7
2024-04-24T01:18:12,874  INFO [main] txn.TxnHandler: Removed transactions: ([7]) from MIN_HISTORY_LEVEL
2024-04-24T01:18:12,876  WARN [main] txn.CompactionTxnHandler: No compaction queue record found for Compaction type transaction commit. txnId:7
2024-04-24T01:18:12,877  INFO [main] ql.TxnCommandsBaseForTests: Running the query: create table acidTblPart(a int, b int) partitioned by (p string) clustered by (a) into 2 buckets stored as orc TBLPROPERTIES ('transactional'='true')
2024-04-24T01:18:12,877  INFO [main] ql.Driver: Compiling command(queryId=alex_20240424011812_f0fad0d1-10a9-4370-a760-64eb37e86884): create table acidTblPart(a int, b int) partitioned by (p string) clustered by (a) into 2 buckets stored as orc TBLPROPERTIES ('transactional'='true')
2024-04-24T01:18:12,880  INFO [main] txn.TxnHandler: Added entries to MIN_HISTORY_LEVEL for current txns: ([8]) with min_open_txn: 1
2024-04-24T01:18:12,880  INFO [main] lockmgr.DbTxnManager: Opened txnid:8
2024-04-24T01:18:12,881  INFO [main] parse.CalcitePlanner: Starting caching scope for: 
2024-04-24T01:18:12,881  INFO [main] parse.CalcitePlanner: Starting Semantic Analysis
2024-04-24T01:18:12,884  INFO [main] parse.CalcitePlanner: Creating table default.acidTblPart position=13
2024-04-24T01:18:12,884  INFO [main] HiveMetaStore.audit: ugi=alex	ip=unknown-ip-addr	cmd=get_database: default	
2024-04-24T01:18:12,886  INFO [main] parse.CalcitePlanner: Ending caching scope for: 
2024-04-24T01:18:12,886  INFO [main] ql.Driver: Semantic Analysis Completed (retrial = false)
2024-04-24T01:18:12,886  INFO [main] ql.Driver: Created Hive schema: Schema(fieldSchemas:null, properties:null)
2024-04-24T01:18:12,886  INFO [main] metadata.Hive: Dumping metastore api call timing information for : compilation phase
2024-04-24T01:18:12,886  INFO [main] metadata.Hive: Total time spent in each metastore function (ms): {openTxn_(String, TxnType)=2, getValidTxns_(long)=0, getDatabase_(String)=1, getValidWriteIds_(List, String)=3, commitTxn_(CommitTxnRequest)=14, isCompatibleWith_(Configuration)=1, flushCache_()=0}
2024-04-24T01:18:12,886  INFO [main] ql.Driver: Completed compiling command(queryId=alex_20240424011812_f0fad0d1-10a9-4370-a760-64eb37e86884); Time taken: 0.009 seconds
2024-04-24T01:18:12,886  INFO [main] lockmgr.DbTxnManager: Setting lock request transaction to txnid:8 for queryId=alex_20240424011812_f0fad0d1-10a9-4370-a760-64eb37e86884
2024-04-24T01:18:12,886  INFO [main] lockmgr.DbLockManager: Requesting lock for queryId=alex_20240424011812_f0fad0d1-10a9-4370-a760-64eb37e86884
2024-04-24T01:18:12,903  INFO [main] lockmgr.DbLockManager: Response to queryId=alex_20240424011812_f0fad0d1-10a9-4370-a760-64eb37e86884 LockResponse(lockid:2, state:ACQUIRED)
2024-04-24T01:18:12,903  INFO [main] ql.Driver: Operation CREATETABLE obtained 1 locks
2024-04-24T01:18:12,904  INFO [main] ql.Driver: Executing command(queryId=alex_20240424011812_f0fad0d1-10a9-4370-a760-64eb37e86884): create table acidTblPart(a int, b int) partitioned by (p string) clustered by (a) into 2 buckets stored as orc TBLPROPERTIES ('transactional'='true')
2024-04-24T01:18:12,904  INFO [main] ql.Driver: Starting task [Stage-0:DDL] in serial mode
2024-04-24T01:18:12,905  INFO [main] HiveMetaStore.audit: ugi=alex	ip=unknown-ip-addr	cmd=create_table_req: Table(tableName:acidTblPart, dbName:default, owner:alex, createTime:1713946692, lastAccessTime:0, retention:0, sd:StorageDescriptor(cols:[FieldSchema(name:a, type:int, comment:null), FieldSchema(name:b, type:int, comment:null)], location:null, inputFormat:org.apache.hadoop.hive.ql.io.orc.OrcInputFormat, outputFormat:org.apache.hadoop.hive.ql.io.orc.OrcOutputFormat, compressed:false, numBuckets:2, serdeInfo:SerDeInfo(name:null, serializationLib:org.apache.hadoop.hive.ql.io.orc.OrcSerde, parameters:{serialization.format=1}), bucketCols:[a], sortCols:[], parameters:{}, skewedInfo:SkewedInfo(skewedColNames:[], skewedColValues:[], skewedColValueLocationMaps:{}), storedAsSubDirectories:false), partitionKeys:[FieldSchema(name:p, type:string, comment:null)], parameters:{bucketing_version=2, transactional=true}, viewOriginalText:null, viewExpandedText:null, tableType:MANAGED_TABLE, privileges:PrincipalPrivilegeSet(userPrivileges:{alex=[PrivilegeGrantInfo(privilege:INSERT, createTime:-1, grantor:alex, grantorType:USER, grantOption:true), PrivilegeGrantInfo(privilege:SELECT, createTime:-1, grantor:alex, grantorType:USER, grantOption:true), PrivilegeGrantInfo(privilege:UPDATE, createTime:-1, grantor:alex, grantorType:USER, grantOption:true), PrivilegeGrantInfo(privilege:DELETE, createTime:-1, grantor:alex, grantorType:USER, grantOption:true)]}, groupPrivileges:null, rolePrivileges:null), temporary:false, catName:hive, ownerType:USER, writeId:0)	
2024-04-24T01:18:12,910  INFO [main] utils.FileUtils: Creating directory if it doesn't exist: file:/home/alex/Repositories/hive/ql/target/tmp/org.apache.hadoop.hive.ql.TestTxnNoBuckets-1713946626176/warehouse/acidtblpart
2024-04-24T01:18:12,932  INFO [main] metadata.Hive: Dumping metastore api call timing information for : execution phase
2024-04-24T01:18:12,932  INFO [main] metadata.Hive: Total time spent in each metastore function (ms): {createTable_(Table)=28, isCompatibleWith_(Configuration)=0}
2024-04-24T01:18:12,932  INFO [main] ql.Driver: Completed executing command(queryId=alex_20240424011812_f0fad0d1-10a9-4370-a760-64eb37e86884); Time taken: 0.028 seconds
2024-04-24T01:18:12,933  INFO [main] lockmgr.DbTxnManager: Stopped heartbeat for query: alex_20240424011812_f0fad0d1-10a9-4370-a760-64eb37e86884
2024-04-24T01:18:12,937  INFO [main] txn.TxnHandler: Expected to move at least one record from txn_components to completed_txn_components when committing txn! txnid:8
2024-04-24T01:18:12,944  INFO [main] txn.TxnHandler: Removed transactions: ([8]) from MIN_HISTORY_LEVEL
2024-04-24T01:18:12,944  WARN [main] txn.CompactionTxnHandler: No compaction queue record found for Compaction type transaction commit. txnId:8
2024-04-24T01:18:12,944  INFO [main] ql.TxnCommandsBaseForTests: Running the query: create table nonAcidOrcTbl(a int, b int) clustered by (a) into 2 buckets stored as orc TBLPROPERTIES ('transactional'='false')
2024-04-24T01:18:12,944  INFO [main] ql.Driver: Compiling command(queryId=alex_20240424011812_c7c55235-6470-4f62-8482-6fd740b1dcdf): create table nonAcidOrcTbl(a int, b int) clustered by (a) into 2 buckets stored as orc TBLPROPERTIES ('transactional'='false')
2024-04-24T01:18:12,947  INFO [main] txn.TxnHandler: Added entries to MIN_HISTORY_LEVEL for current txns: ([9]) with min_open_txn: 1
2024-04-24T01:18:12,947  INFO [main] lockmgr.DbTxnManager: Opened txnid:9
2024-04-24T01:18:12,948  INFO [main] parse.CalcitePlanner: Starting caching scope for: 
2024-04-24T01:18:12,948  INFO [main] parse.CalcitePlanner: Starting Semantic Analysis
2024-04-24T01:18:12,950  INFO [main] parse.CalcitePlanner: Creating table default.nonAcidOrcTbl position=13
2024-04-24T01:18:12,950  INFO [main] HiveMetaStore.audit: ugi=alex	ip=unknown-ip-addr	cmd=get_database: default	
2024-04-24T01:18:12,952  INFO [main] parse.CalcitePlanner: Ending caching scope for: 
2024-04-24T01:18:12,952  INFO [main] ql.Driver: Semantic Analysis Completed (retrial = false)
2024-04-24T01:18:12,952  INFO [main] ql.Driver: Created Hive schema: Schema(fieldSchemas:null, properties:null)
2024-04-24T01:18:12,952  INFO [main] metadata.Hive: Dumping metastore api call timing information for : compilation phase
2024-04-24T01:18:12,952  INFO [main] metadata.Hive: Total time spent in each metastore function (ms): {getDatabase_(String)=2, flushCache_()=0, commitTxn_(CommitTxnRequest)=11, isCompatibleWith_(Configuration)=0, getValidTxns_(long)=1, openTxn_(String, TxnType)=2, getValidWriteIds_(List, String)=2}
2024-04-24T01:18:12,952  INFO [main] ql.Driver: Completed compiling command(queryId=alex_20240424011812_c7c55235-6470-4f62-8482-6fd740b1dcdf); Time taken: 0.008 seconds
2024-04-24T01:18:12,953  INFO [main] lockmgr.DbTxnManager: Setting lock request transaction to txnid:9 for queryId=alex_20240424011812_c7c55235-6470-4f62-8482-6fd740b1dcdf
2024-04-24T01:18:12,953  INFO [main] lockmgr.DbLockManager: Requesting lock for queryId=alex_20240424011812_c7c55235-6470-4f62-8482-6fd740b1dcdf
2024-04-24T01:18:12,969  INFO [main] lockmgr.DbLockManager: Response to queryId=alex_20240424011812_c7c55235-6470-4f62-8482-6fd740b1dcdf LockResponse(lockid:3, state:ACQUIRED)
2024-04-24T01:18:12,969  INFO [main] ql.Driver: Operation CREATETABLE obtained 1 locks
2024-04-24T01:18:12,969  INFO [main] ql.Driver: Executing command(queryId=alex_20240424011812_c7c55235-6470-4f62-8482-6fd740b1dcdf): create table nonAcidOrcTbl(a int, b int) clustered by (a) into 2 buckets stored as orc TBLPROPERTIES ('transactional'='false')
2024-04-24T01:18:12,970  INFO [main] ql.Driver: Starting task [Stage-0:DDL] in serial mode
2024-04-24T01:18:12,971  INFO [main] HiveMetaStore.audit: ugi=alex	ip=unknown-ip-addr	cmd=create_table_req: Table(tableName:nonAcidOrcTbl, dbName:default, owner:alex, createTime:1713946692, lastAccessTime:0, retention:0, sd:StorageDescriptor(cols:[FieldSchema(name:a, type:int, comment:null), FieldSchema(name:b, type:int, comment:null)], location:null, inputFormat:org.apache.hadoop.hive.ql.io.orc.OrcInputFormat, outputFormat:org.apache.hadoop.hive.ql.io.orc.OrcOutputFormat, compressed:false, numBuckets:2, serdeInfo:SerDeInfo(name:null, serializationLib:org.apache.hadoop.hive.ql.io.orc.OrcSerde, parameters:{serialization.format=1}), bucketCols:[a], sortCols:[], parameters:{}, skewedInfo:SkewedInfo(skewedColNames:[], skewedColValues:[], skewedColValueLocationMaps:{}), storedAsSubDirectories:false), partitionKeys:[], parameters:{COLUMN_STATS_ACCURATE={"BASIC_STATS":"true","COLUMN_STATS":{"a":"true","b":"true"}}, transactional=false, bucketing_version=2, numRows=0, numFiles=0, rawDataSize=0, totalSize=0, numFilesErasureCoded=0}, viewOriginalText:null, viewExpandedText:null, tableType:MANAGED_TABLE, privileges:PrincipalPrivilegeSet(userPrivileges:{alex=[PrivilegeGrantInfo(privilege:INSERT, createTime:-1, grantor:alex, grantorType:USER, grantOption:true), PrivilegeGrantInfo(privilege:SELECT, createTime:-1, grantor:alex, grantorType:USER, grantOption:true), PrivilegeGrantInfo(privilege:UPDATE, createTime:-1, grantor:alex, grantorType:USER, grantOption:true), PrivilegeGrantInfo(privilege:DELETE, createTime:-1, grantor:alex, grantorType:USER, grantOption:true)]}, groupPrivileges:null, rolePrivileges:null), temporary:false, catName:hive, ownerType:USER)	
2024-04-24T01:18:12,977  INFO [main] utils.FileUtils: Creating directory if it doesn't exist: file:/home/alex/Repositories/hive/ql/target/tmp/org.apache.hadoop.hive.ql.TestTxnNoBuckets-1713946626176/warehouse/nonacidorctbl
2024-04-24T01:18:12,994  INFO [main] metadata.Hive: Dumping metastore api call timing information for : execution phase
2024-04-24T01:18:12,994  INFO [main] metadata.Hive: Total time spent in each metastore function (ms): {createTable_(Table)=24, isCompatibleWith_(Configuration)=0}
2024-04-24T01:18:12,994  INFO [main] ql.Driver: Completed executing command(queryId=alex_20240424011812_c7c55235-6470-4f62-8482-6fd740b1dcdf); Time taken: 0.025 seconds
2024-04-24T01:18:12,995  INFO [main] lockmgr.DbTxnManager: Stopped heartbeat for query: alex_20240424011812_c7c55235-6470-4f62-8482-6fd740b1dcdf
2024-04-24T01:18:12,999  INFO [main] txn.TxnHandler: Expected to move at least one record from txn_components to completed_txn_components when committing txn! txnid:9
2024-04-24T01:18:13,006  INFO [main] txn.TxnHandler: Removed transactions: ([9]) from MIN_HISTORY_LEVEL
2024-04-24T01:18:13,006  WARN [main] txn.CompactionTxnHandler: No compaction queue record found for Compaction type transaction commit. txnId:9
2024-04-24T01:18:13,007  INFO [main] ql.TxnCommandsBaseForTests: Running the query: create table nonAcidOrcTbl2(a int, b int) clustered by (a) into 2 buckets stored as orc TBLPROPERTIES ('transactional'='false')
2024-04-24T01:18:13,007  INFO [main] ql.Driver: Compiling command(queryId=alex_20240424011813_3e49f3a6-7dd9-4fa6-acea-1745e97e5486): create table nonAcidOrcTbl2(a int, b int) clustered by (a) into 2 buckets stored as orc TBLPROPERTIES ('transactional'='false')
2024-04-24T01:18:13,010  INFO [main] txn.TxnHandler: Added entries to MIN_HISTORY_LEVEL for current txns: ([10]) with min_open_txn: 1
2024-04-24T01:18:13,011  INFO [main] lockmgr.DbTxnManager: Opened txnid:10
2024-04-24T01:18:13,011  INFO [main] parse.CalcitePlanner: Starting caching scope for: 
2024-04-24T01:18:13,011  INFO [main] parse.CalcitePlanner: Starting Semantic Analysis
2024-04-24T01:18:13,014  INFO [main] parse.CalcitePlanner: Creating table default.nonAcidOrcTbl2 position=13
2024-04-24T01:18:13,014  INFO [main] HiveMetaStore.audit: ugi=alex	ip=unknown-ip-addr	cmd=get_database: default	
2024-04-24T01:18:13,016  INFO [main] parse.CalcitePlanner: Ending caching scope for: 
2024-04-24T01:18:13,016  INFO [main] ql.Driver: Semantic Analysis Completed (retrial = false)
2024-04-24T01:18:13,016  INFO [main] ql.Driver: Created Hive schema: Schema(fieldSchemas:null, properties:null)
2024-04-24T01:18:13,016  INFO [main] metadata.Hive: Dumping metastore api call timing information for : compilation phase
2024-04-24T01:18:13,016  INFO [main] metadata.Hive: Total time spent in each metastore function (ms): {flushCache_()=0, openTxn_(String, TxnType)=3, isCompatibleWith_(Configuration)=0, getDatabase_(String)=2, commitTxn_(CommitTxnRequest)=12, getValidWriteIds_(List, String)=3, getValidTxns_(long)=0}
2024-04-24T01:18:13,016  INFO [main] ql.Driver: Completed compiling command(queryId=alex_20240424011813_3e49f3a6-7dd9-4fa6-acea-1745e97e5486); Time taken: 0.009 seconds
2024-04-24T01:18:13,016  INFO [main] lockmgr.DbTxnManager: Setting lock request transaction to txnid:10 for queryId=alex_20240424011813_3e49f3a6-7dd9-4fa6-acea-1745e97e5486
2024-04-24T01:18:13,017  INFO [main] lockmgr.DbLockManager: Requesting lock for queryId=alex_20240424011813_3e49f3a6-7dd9-4fa6-acea-1745e97e5486
2024-04-24T01:18:13,033  INFO [main] lockmgr.DbLockManager: Response to queryId=alex_20240424011813_3e49f3a6-7dd9-4fa6-acea-1745e97e5486 LockResponse(lockid:4, state:ACQUIRED)
2024-04-24T01:18:13,033  INFO [main] ql.Driver: Operation CREATETABLE obtained 1 locks
2024-04-24T01:18:13,033  INFO [main] ql.Driver: Executing command(queryId=alex_20240424011813_3e49f3a6-7dd9-4fa6-acea-1745e97e5486): create table nonAcidOrcTbl2(a int, b int) clustered by (a) into 2 buckets stored as orc TBLPROPERTIES ('transactional'='false')
2024-04-24T01:18:13,034  INFO [main] ql.Driver: Starting task [Stage-0:DDL] in serial mode
2024-04-24T01:18:13,035  INFO [main] HiveMetaStore.audit: ugi=alex	ip=unknown-ip-addr	cmd=create_table_req: Table(tableName:nonAcidOrcTbl2, dbName:default, owner:alex, createTime:1713946693, lastAccessTime:0, retention:0, sd:StorageDescriptor(cols:[FieldSchema(name:a, type:int, comment:null), FieldSchema(name:b, type:int, comment:null)], location:null, inputFormat:org.apache.hadoop.hive.ql.io.orc.OrcInputFormat, outputFormat:org.apache.hadoop.hive.ql.io.orc.OrcOutputFormat, compressed:false, numBuckets:2, serdeInfo:SerDeInfo(name:null, serializationLib:org.apache.hadoop.hive.ql.io.orc.OrcSerde, parameters:{serialization.format=1}), bucketCols:[a], sortCols:[], parameters:{}, skewedInfo:SkewedInfo(skewedColNames:[], skewedColValues:[], skewedColValueLocationMaps:{}), storedAsSubDirectories:false), partitionKeys:[], parameters:{rawDataSize=0, COLUMN_STATS_ACCURATE={"BASIC_STATS":"true","COLUMN_STATS":{"a":"true","b":"true"}}, transactional=false, numRows=0, numFilesErasureCoded=0, bucketing_version=2, numFiles=0, totalSize=0}, viewOriginalText:null, viewExpandedText:null, tableType:MANAGED_TABLE, privileges:PrincipalPrivilegeSet(userPrivileges:{alex=[PrivilegeGrantInfo(privilege:INSERT, createTime:-1, grantor:alex, grantorType:USER, grantOption:true), PrivilegeGrantInfo(privilege:SELECT, createTime:-1, grantor:alex, grantorType:USER, grantOption:true), PrivilegeGrantInfo(privilege:UPDATE, createTime:-1, grantor:alex, grantorType:USER, grantOption:true), PrivilegeGrantInfo(privilege:DELETE, createTime:-1, grantor:alex, grantorType:USER, grantOption:true)]}, groupPrivileges:null, rolePrivileges:null), temporary:false, catName:hive, ownerType:USER)	
2024-04-24T01:18:13,041  INFO [main] utils.FileUtils: Creating directory if it doesn't exist: file:/home/alex/Repositories/hive/ql/target/tmp/org.apache.hadoop.hive.ql.TestTxnNoBuckets-1713946626176/warehouse/nonacidorctbl2
2024-04-24T01:18:13,060  INFO [main] metadata.Hive: Dumping metastore api call timing information for : execution phase
2024-04-24T01:18:13,060  INFO [main] metadata.Hive: Total time spent in each metastore function (ms): {isCompatibleWith_(Configuration)=0, createTable_(Table)=26}
2024-04-24T01:18:13,060  INFO [main] ql.Driver: Completed executing command(queryId=alex_20240424011813_3e49f3a6-7dd9-4fa6-acea-1745e97e5486); Time taken: 0.027 seconds
2024-04-24T01:18:13,060  INFO [main] lockmgr.DbTxnManager: Stopped heartbeat for query: alex_20240424011813_3e49f3a6-7dd9-4fa6-acea-1745e97e5486
2024-04-24T01:18:13,065  INFO [main] txn.TxnHandler: Expected to move at least one record from txn_components to completed_txn_components when committing txn! txnid:10
2024-04-24T01:18:13,074  INFO [main] txn.TxnHandler: Removed transactions: ([10]) from MIN_HISTORY_LEVEL
2024-04-24T01:18:13,074  WARN [main] txn.CompactionTxnHandler: No compaction queue record found for Compaction type transaction commit. txnId:10
2024-04-24T01:18:13,075  INFO [main] ql.TxnCommandsBaseForTests: Running the query: create temporary  table acidTbl2(a int, b int, c int) clustered by (c) into 2 buckets stored as orc TBLPROPERTIES ('transactional'='true')
2024-04-24T01:18:13,075  INFO [main] ql.Driver: Compiling command(queryId=alex_20240424011813_6f793e19-b75b-4bdb-bdbf-71abcd1a1773): create temporary  table acidTbl2(a int, b int, c int) clustered by (c) into 2 buckets stored as orc TBLPROPERTIES ('transactional'='true')
2024-04-24T01:18:13,078  INFO [main] txn.TxnHandler: Added entries to MIN_HISTORY_LEVEL for current txns: ([11]) with min_open_txn: 1
2024-04-24T01:18:13,078  INFO [main] lockmgr.DbTxnManager: Opened txnid:11
2024-04-24T01:18:13,079  INFO [main] parse.CalcitePlanner: Starting caching scope for: 
2024-04-24T01:18:13,079  INFO [main] parse.CalcitePlanner: Starting Semantic Analysis
2024-04-24T01:18:13,082  INFO [main] parse.CalcitePlanner: Creating table default.acidTbl2 position=24
2024-04-24T01:18:13,082  INFO [main] HiveMetaStore.audit: ugi=alex	ip=unknown-ip-addr	cmd=get_database: default	
2024-04-24T01:18:13,085  INFO [main] parse.CalcitePlanner: Ending caching scope for: 
2024-04-24T01:18:13,085  INFO [main] ql.Driver: Semantic Analysis Completed (retrial = false)
2024-04-24T01:18:13,085  INFO [main] ql.Driver: Created Hive schema: Schema(fieldSchemas:null, properties:null)
2024-04-24T01:18:13,085  INFO [main] metadata.Hive: Dumping metastore api call timing information for : compilation phase
2024-04-24T01:18:13,086  INFO [main] metadata.Hive: Total time spent in each metastore function (ms): {commitTxn_(CommitTxnRequest)=13, getValidTxns_(long)=1, getValidWriteIds_(List, String)=3, getDatabase_(String)=3, isCompatibleWith_(Configuration)=1, flushCache_()=0, openTxn_(String, TxnType)=2}
2024-04-24T01:18:13,086  INFO [main] ql.Driver: Completed compiling command(queryId=alex_20240424011813_6f793e19-b75b-4bdb-bdbf-71abcd1a1773); Time taken: 0.01 seconds
2024-04-24T01:18:13,086  INFO [main] lockmgr.DbTxnManager: Setting lock request transaction to txnid:11 for queryId=alex_20240424011813_6f793e19-b75b-4bdb-bdbf-71abcd1a1773
2024-04-24T01:18:13,086  INFO [main] lockmgr.DbLockManager: Requesting lock for queryId=alex_20240424011813_6f793e19-b75b-4bdb-bdbf-71abcd1a1773
2024-04-24T01:18:13,111  INFO [main] lockmgr.DbLockManager: Response to queryId=alex_20240424011813_6f793e19-b75b-4bdb-bdbf-71abcd1a1773 LockResponse(lockid:5, state:ACQUIRED)
2024-04-24T01:18:13,111  INFO [main] ql.Driver: Operation CREATETABLE obtained 1 locks
2024-04-24T01:18:13,111  INFO [main] ql.Driver: Executing command(queryId=alex_20240424011813_6f793e19-b75b-4bdb-bdbf-71abcd1a1773): create temporary  table acidTbl2(a int, b int, c int) clustered by (c) into 2 buckets stored as orc TBLPROPERTIES ('transactional'='true')
2024-04-24T01:18:13,112  INFO [main] ql.Driver: Starting task [Stage-0:DDL] in serial mode
2024-04-24T01:18:13,113  INFO [main] utils.FileUtils: Creating directory if it doesn't exist: file:/home/alex/Repositories/hive/ql/target/tmp/scratchdir/alex/ed817ece-3071-4c87-9132-a84b63fa4973/_tmp_space.db/48342f13-e64a-434a-8510-49f8f5fefaff
2024-04-24T01:18:13,116  INFO [main] metadata.Hive: Dumping metastore api call timing information for : execution phase
2024-04-24T01:18:13,116  INFO [main] metadata.Hive: Total time spent in each metastore function (ms): {isCompatibleWith_(Configuration)=0, createTable_(Table)=3}
2024-04-24T01:18:13,116  INFO [main] ql.Driver: Completed executing command(queryId=alex_20240424011813_6f793e19-b75b-4bdb-bdbf-71abcd1a1773); Time taken: 0.005 seconds
2024-04-24T01:18:13,116  INFO [main] lockmgr.DbTxnManager: Stopped heartbeat for query: alex_20240424011813_6f793e19-b75b-4bdb-bdbf-71abcd1a1773
2024-04-24T01:18:13,121  INFO [main] txn.TxnHandler: Expected to move at least one record from txn_components to completed_txn_components when committing txn! txnid:11
2024-04-24T01:18:13,127  INFO [main] txn.TxnHandler: Removed transactions: ([11]) from MIN_HISTORY_LEVEL
2024-04-24T01:18:13,128  WARN [main] txn.CompactionTxnHandler: No compaction queue record found for Compaction type transaction commit. txnId:11
2024-04-24T01:18:13,129  INFO [main] ql.TxnCommandsBaseForTests: Running the query: create table nonAcidNonBucket(a int, b int) stored as orc TBLPROPERTIES ('transactional'='false')
2024-04-24T01:18:13,129  INFO [main] ql.Driver: Compiling command(queryId=alex_20240424011813_f4aa5b01-67f7-4d14-80d9-c47743d03ac6): create table nonAcidNonBucket(a int, b int) stored as orc TBLPROPERTIES ('transactional'='false')
2024-04-24T01:18:13,131  INFO [main] txn.TxnHandler: Added entries to MIN_HISTORY_LEVEL for current txns: ([12]) with min_open_txn: 1
2024-04-24T01:18:13,132  INFO [main] lockmgr.DbTxnManager: Opened txnid:12
2024-04-24T01:18:13,132  INFO [main] parse.CalcitePlanner: Starting caching scope for: 
2024-04-24T01:18:13,132  INFO [main] parse.CalcitePlanner: Starting Semantic Analysis
2024-04-24T01:18:13,135  INFO [main] parse.CalcitePlanner: Creating table default.nonAcidNonBucket position=13
2024-04-24T01:18:13,135  INFO [main] HiveMetaStore.audit: ugi=alex	ip=unknown-ip-addr	cmd=get_database: default	
2024-04-24T01:18:13,137  INFO [main] parse.CalcitePlanner: Ending caching scope for: 
2024-04-24T01:18:13,137  INFO [main] ql.Driver: Semantic Analysis Completed (retrial = false)
2024-04-24T01:18:13,137  INFO [main] ql.Driver: Created Hive schema: Schema(fieldSchemas:null, properties:null)
2024-04-24T01:18:13,137  INFO [main] metadata.Hive: Dumping metastore api call timing information for : compilation phase
2024-04-24T01:18:13,138  INFO [main] metadata.Hive: Total time spent in each metastore function (ms): {flushCache_()=0, getValidTxns_(long)=0, getValidWriteIds_(List, String)=3, openTxn_(String, TxnType)=2, isCompatibleWith_(Configuration)=1, commitTxn_(CommitTxnRequest)=12, getDatabase_(String)=2}
2024-04-24T01:18:13,138  INFO [main] ql.Driver: Completed compiling command(queryId=alex_20240424011813_f4aa5b01-67f7-4d14-80d9-c47743d03ac6); Time taken: 0.008 seconds
2024-04-24T01:18:13,138  INFO [main] lockmgr.DbTxnManager: Setting lock request transaction to txnid:12 for queryId=alex_20240424011813_f4aa5b01-67f7-4d14-80d9-c47743d03ac6
2024-04-24T01:18:13,138  INFO [main] lockmgr.DbLockManager: Requesting lock for queryId=alex_20240424011813_f4aa5b01-67f7-4d14-80d9-c47743d03ac6
2024-04-24T01:18:13,157  INFO [main] lockmgr.DbLockManager: Response to queryId=alex_20240424011813_f4aa5b01-67f7-4d14-80d9-c47743d03ac6 LockResponse(lockid:6, state:ACQUIRED)
2024-04-24T01:18:13,157  INFO [main] ql.Driver: Operation CREATETABLE obtained 1 locks
2024-04-24T01:18:13,157  INFO [main] ql.Driver: Executing command(queryId=alex_20240424011813_f4aa5b01-67f7-4d14-80d9-c47743d03ac6): create table nonAcidNonBucket(a int, b int) stored as orc TBLPROPERTIES ('transactional'='false')
2024-04-24T01:18:13,157  INFO [main] ql.Driver: Starting task [Stage-0:DDL] in serial mode
2024-04-24T01:18:13,158  INFO [main] HiveMetaStore.audit: ugi=alex	ip=unknown-ip-addr	cmd=create_table_req: Table(tableName:nonAcidNonBucket, dbName:default, owner:alex, createTime:1713946693, lastAccessTime:0, retention:0, sd:StorageDescriptor(cols:[FieldSchema(name:a, type:int, comment:null), FieldSchema(name:b, type:int, comment:null)], location:null, inputFormat:org.apache.hadoop.hive.ql.io.orc.OrcInputFormat, outputFormat:org.apache.hadoop.hive.ql.io.orc.OrcOutputFormat, compressed:false, numBuckets:-1, serdeInfo:SerDeInfo(name:null, serializationLib:org.apache.hadoop.hive.ql.io.orc.OrcSerde, parameters:{serialization.format=1}), bucketCols:[], sortCols:[], parameters:{}, skewedInfo:SkewedInfo(skewedColNames:[], skewedColValues:[], skewedColValueLocationMaps:{}), storedAsSubDirectories:false), partitionKeys:[], parameters:{transactional=false, COLUMN_STATS_ACCURATE={"BASIC_STATS":"true","COLUMN_STATS":{"a":"true","b":"true"}}, numFiles=0, totalSize=0, bucketing_version=2, numFilesErasureCoded=0, numRows=0, rawDataSize=0}, viewOriginalText:null, viewExpandedText:null, tableType:MANAGED_TABLE, privileges:PrincipalPrivilegeSet(userPrivileges:{alex=[PrivilegeGrantInfo(privilege:INSERT, createTime:-1, grantor:alex, grantorType:USER, grantOption:true), PrivilegeGrantInfo(privilege:SELECT, createTime:-1, grantor:alex, grantorType:USER, grantOption:true), PrivilegeGrantInfo(privilege:UPDATE, createTime:-1, grantor:alex, grantorType:USER, grantOption:true), PrivilegeGrantInfo(privilege:DELETE, createTime:-1, grantor:alex, grantorType:USER, grantOption:true)]}, groupPrivileges:null, rolePrivileges:null), temporary:false, catName:hive, ownerType:USER)	
2024-04-24T01:18:13,167  INFO [main] utils.FileUtils: Creating directory if it doesn't exist: file:/home/alex/Repositories/hive/ql/target/tmp/org.apache.hadoop.hive.ql.TestTxnNoBuckets-1713946626176/warehouse/nonacidnonbucket
2024-04-24T01:18:13,186  INFO [main] metadata.Hive: Dumping metastore api call timing information for : execution phase
2024-04-24T01:18:13,186  INFO [main] metadata.Hive: Total time spent in each metastore function (ms): {createTable_(Table)=28, isCompatibleWith_(Configuration)=0}
2024-04-24T01:18:13,186  INFO [main] ql.Driver: Completed executing command(queryId=alex_20240424011813_f4aa5b01-67f7-4d14-80d9-c47743d03ac6); Time taken: 0.029 seconds
2024-04-24T01:18:13,186  INFO [main] lockmgr.DbTxnManager: Stopped heartbeat for query: alex_20240424011813_f4aa5b01-67f7-4d14-80d9-c47743d03ac6
2024-04-24T01:18:13,190  INFO [main] txn.TxnHandler: Expected to move at least one record from txn_components to completed_txn_components when committing txn! txnid:12
2024-04-24T01:18:13,197  INFO [main] txn.TxnHandler: Removed transactions: ([12]) from MIN_HISTORY_LEVEL
2024-04-24T01:18:13,197  WARN [main] txn.CompactionTxnHandler: No compaction queue record found for Compaction type transaction commit. txnId:12
2024-04-24T01:18:13,197  INFO [main] ql.TxnCommandsBaseForTests: Running the query: insert into nonAcidNonBucket(a,b) values(1,2),(1,3)
2024-04-24T01:18:13,198  INFO [main] ql.Driver: Compiling command(queryId=alex_20240424011813_c3222565-d736-4648-942d-4660eb5bb045): insert into nonAcidNonBucket(a,b) values(1,2),(1,3)
2024-04-24T01:18:13,200  INFO [main] txn.TxnHandler: Added entries to MIN_HISTORY_LEVEL for current txns: ([13]) with min_open_txn: 1
2024-04-24T01:18:13,201  INFO [main] lockmgr.DbTxnManager: Opened txnid:13
2024-04-24T01:18:13,201  INFO [main] parse.CalcitePlanner: Starting caching scope for: 
2024-04-24T01:18:13,201  INFO [main] parse.CalcitePlanner: Starting Semantic Analysis
2024-04-24T01:18:13,205  INFO [main] HiveMetaStore.audit: ugi=alex	ip=unknown-ip-addr	cmd=get_table : tbl=hive.default.nonAcidNonBucket	
2024-04-24T01:18:13,231  INFO [Metastore Scheduled Worker 1] metastore.HMSHandler: 10: Opening raw store with implementation class:org.apache.hadoop.hive.metastore.ObjectStore
2024-04-24T01:18:13,232  INFO [Metastore Scheduled Worker 1] metastore.ObjectStore: RawStore: org.apache.hadoop.hive.metastore.ObjectStore@7100367a, with PersistenceManager: null will be shutdown
2024-04-24T01:18:13,232  INFO [Metastore Scheduled Worker 1] metastore.ObjectStore: RawStore: org.apache.hadoop.hive.metastore.ObjectStore@7100367a, with PersistenceManager: org.datanucleus.api.jdo.JDOPersistenceManager@718405f3 created in the thread with id: 45
2024-04-24T01:18:13,258  INFO [main] metastore.HMSHandler: Skipping translation for processor with null
2024-04-24T01:18:13,258  INFO [main] parse.CalcitePlanner: Completed phase 1 of Semantic Analysis
2024-04-24T01:18:13,258  INFO [main] parse.CalcitePlanner: Get metadata for source tables
2024-04-24T01:18:13,258  INFO [main] parse.CalcitePlanner: Get metadata for subqueries
2024-04-24T01:18:13,258  INFO [main] parse.CalcitePlanner: Get metadata for destination tables
2024-04-24T01:18:13,258  INFO [main] HiveMetaStore.audit: ugi=alex	ip=unknown-ip-addr	cmd=get_table : tbl=hive.default.nonAcidNonBucket	
2024-04-24T01:18:13,266  INFO [Metastore Scheduled Worker 1] metastore.HMSHandler: Created RawStore: org.apache.hadoop.hive.metastore.ObjectStore@7100367a from thread id: 45
2024-04-24T01:18:13,402  INFO [main] metastore.HMSHandler: Skipping translation for processor with null
2024-04-24T01:18:13,402  INFO [main] parse.CalcitePlanner: Completed getting MetaData in Semantic Analysis
2024-04-24T01:18:13,403  INFO [main] parse.CalcitePlanner: Disabling LLAP IO encode as ETL query is detected
2024-04-24T01:18:13,425  INFO [main] HiveMetaStore.audit: ugi=alex	ip=unknown-ip-addr	cmd=get_all_table_constraints : tbl=hive._dummy_database._dummy_table	
2024-04-24T01:18:13,515  INFO [main] parse.CalcitePlanner: Get metadata for source tables
2024-04-24T01:18:13,515  INFO [main] parse.CalcitePlanner: Get metadata for subqueries
2024-04-24T01:18:13,515  INFO [main] parse.CalcitePlanner: Get metadata for source tables
2024-04-24T01:18:13,516  INFO [main] HiveMetaStore.audit: ugi=alex	ip=unknown-ip-addr	cmd=get_table : tbl=hive._dummy_database._dummy_table	
2024-04-24T01:18:13,519  INFO [main] parse.CalcitePlanner: Get metadata for subqueries
2024-04-24T01:18:13,519  INFO [main] parse.CalcitePlanner: Get metadata for destination tables
2024-04-24T01:18:13,519  INFO [main] parse.CalcitePlanner: Get metadata for destination tables
2024-04-24T01:18:13,520  INFO [main] HiveMetaStore.audit: ugi=alex	ip=unknown-ip-addr	cmd=get_table : tbl=hive.default.nonAcidNonBucket	
2024-04-24T01:18:13,533  INFO [main] metastore.HMSHandler: Skipping translation for processor with null
2024-04-24T01:18:13,535  INFO [main] common.FileUtils: Creating directory if it doesn't exist: file:/home/alex/Repositories/hive/ql/target/tmp/org.apache.hadoop.hive.ql.TestTxnNoBuckets-1713946626176/warehouse/nonacidnonbucket/.hive-staging_hive_2024-04-24_01-18-13_198_5229986505631484880-1
2024-04-24T01:18:13,538  INFO [main] HiveMetaStore.audit: ugi=alex	ip=unknown-ip-addr	cmd=get_not_null_constraints : tbl=hive.default.nonacidnonbucket	
2024-04-24T01:18:13,539  INFO [main] HiveMetaStore.audit: ugi=alex	ip=unknown-ip-addr	cmd=get_check_constraints : tbl=hive.default.nonacidnonbucket	
2024-04-24T01:18:13,540  INFO [main] parse.CalcitePlanner: CBO Succeeded; optimized logical plan.
2024-04-24T01:18:13,544  INFO [main] optimizer.BucketVersionPopulator: not considering bucketingVersion for: TS[0] because it has -1<2 buckets 
2024-04-24T01:18:13,544  INFO [main] optimizer.SortedDynPartitionOptimizer: Sorted dynamic partitioning optimization kicked in..
2024-04-24T01:18:13,558  INFO [main] HiveMetaStore.audit: ugi=alex	ip=unknown-ip-addr	cmd=get_table : tbl=hive.default.nonacidnonbucket	
2024-04-24T01:18:13,575  INFO [main] metastore.HMSHandler: Skipping translation for processor with null
2024-04-24T01:18:13,576  INFO [main] optimizer.GenMRFileSink1: using CombineHiveInputformat for the merge job
2024-04-24T01:18:13,576  INFO [main] HiveMetaStore.audit: ugi=alex	ip=unknown-ip-addr	cmd=get_table : tbl=hive.default.nonacidnonbucket	
2024-04-24T01:18:13,593  INFO [main] metastore.HMSHandler: Skipping translation for processor with null
2024-04-24T01:18:13,595  INFO [main] parse.CalcitePlanner: Completed plan generation
2024-04-24T01:18:13,595  INFO [main] parse.CalcitePlanner: Ending caching scope for: 
2024-04-24T01:18:13,595  INFO [main] ql.Driver: Semantic Analysis Completed (retrial = false)
2024-04-24T01:18:13,595  INFO [main] ql.Driver: Created Hive schema: Schema(fieldSchemas:[FieldSchema(name:_col0, type:int, comment:null), FieldSchema(name:_col1, type:int, comment:null)], properties:null)
2024-04-24T01:18:13,595  INFO [main] metadata.Hive: Dumping metastore api call timing information for : compilation phase
2024-04-24T01:18:13,595  INFO [main] metadata.Hive: Total time spent in each metastore function (ms): {getValidWriteIds_(List, String)=3, getTable_(GetTableRequest)=245, getValidTxns_(long)=0, isCompatibleWith_(Configuration)=0, flushCache_()=0, commitTxn_(CommitTxnRequest)=11, getAllTableConstraints_(AllTableConstraintsRequest)=31, getNotNullConstraints_(NotNullConstraintsRequest)=1, openTxn_(String, TxnType)=3, getCheckConstraints_(CheckConstraintsRequest)=1}
2024-04-24T01:18:13,596  INFO [main] ql.Driver: Completed compiling command(queryId=alex_20240424011813_c3222565-d736-4648-942d-4660eb5bb045); Time taken: 0.397 seconds
2024-04-24T01:18:13,596  INFO [main] lockmgr.DbTxnManager: Setting lock request transaction to txnid:13 for queryId=alex_20240424011813_c3222565-d736-4648-942d-4660eb5bb045
2024-04-24T01:18:13,596  INFO [main] lockmgr.DbLockManager: Requesting lock for queryId=alex_20240424011813_c3222565-d736-4648-942d-4660eb5bb045
2024-04-24T01:18:13,629  INFO [main] lockmgr.DbLockManager: Response to queryId=alex_20240424011813_c3222565-d736-4648-942d-4660eb5bb045 LockResponse(lockid:7, state:ACQUIRED)
2024-04-24T01:18:13,629  INFO [main] ql.Driver: Operation QUERY obtained 1 locks
2024-04-24T01:18:13,629  INFO [main] ql.Driver: Executing command(queryId=alex_20240424011813_c3222565-d736-4648-942d-4660eb5bb045): insert into nonAcidNonBucket(a,b) values(1,2),(1,3)
2024-04-24T01:18:13,631  WARN [main] ql.Driver: Hive-on-MR is deprecated in Hive 2 and may not be available in the future versions. Consider using a different execution engine (i.e. tez, spark) or using Hive 1.X releases.
Query ID = alex_20240424011813_c3222565-d736-4648-942d-4660eb5bb045
2024-04-24T01:18:13,631  INFO [main] ql.Driver: Query ID = alex_20240424011813_c3222565-d736-4648-942d-4660eb5bb045
Total jobs = 1
2024-04-24T01:18:13,631  INFO [main] ql.Driver: Total jobs = 1
Launching Job 1 out of 1
2024-04-24T01:18:13,631  INFO [main] ql.Driver: Launching Job 1 out of 1
2024-04-24T01:18:13,785  INFO [main] ql.Driver: Starting task [Stage-1:MAPRED] in serial mode
Number of reduce tasks is set to 0 since there's no reduce operator
2024-04-24T01:18:13,785  INFO [main] exec.Task: Number of reduce tasks is set to 0 since there's no reduce operator
2024-04-24T01:18:13,788  INFO [main] mr.ExecDriver: Using org.apache.hadoop.hive.ql.io.HiveInputFormat
2024-04-24T01:18:13,788  INFO [main] exec.Utilities: Processing alias $hdt$_0:_dummy_table
2024-04-24T01:18:13,788  INFO [main] exec.Utilities: Adding 1 inputs; the first input is file:/home/alex/Repositories/hive/ql/target/tmp/localscratchdir/ed817ece-3071-4c87-9132-a84b63fa4973/hive_2024-04-24_01-18-13_198_5229986505631484880-1/dummy_path
2024-04-24T01:18:13,798  INFO [main] exec.SerializationUtilities: Serializing MapWork using kryo
2024-04-24T01:18:13,799  INFO [main] exec.Utilities: Serialized plan (via FILE) - name: null size: 5,82KB
2024-04-24T01:18:13,800  WARN [main] impl.MetricsSystemImpl: JobTracker metrics system already initialized!
2024-04-24T01:18:13,804  INFO [main] fs.FSStatsPublisher: created : file:/home/alex/Repositories/hive/ql/target/tmp/localscratchdir/ed817ece-3071-4c87-9132-a84b63fa4973/hive_2024-04-24_01-18-13_198_5229986505631484880-1/-mr-10001
2024-04-24T01:18:13,809  WARN [main] impl.MetricsSystemImpl: JobTracker metrics system already initialized!
2024-04-24T01:18:13,816  WARN [main] mapreduce.JobResourceUploader: Hadoop command-line option parsing not performed. Implement the Tool interface and execute your application with ToolRunner to remedy this.
2024-04-24T01:18:13,820  WARN [main] mapreduce.JobResourceUploader: No job jar file set.  User classes may not be found. See Job or Job#setJar(String).
2024-04-24T01:18:13,821  INFO [main] io.HiveInputFormat: hive.io.file.readcolumn.ids = 
2024-04-24T01:18:13,821  INFO [main] io.HiveInputFormat: hive.io.file.readcolumn.names = 
2024-04-24T01:18:13,822  INFO [main] io.HiveInputFormat: Generating splits for dirs: file:/home/alex/Repositories/hive/ql/target/tmp/localscratchdir/ed817ece-3071-4c87-9132-a84b63fa4973/hive_2024-04-24_01-18-13_198_5229986505631484880-1/dummy_path
2024-04-24T01:18:13,822  INFO [main] io.HiveInputFormat: number of splits 1
2024-04-24T01:18:13,841  INFO [main] mapreduce.JobSubmitter: number of splits:1
2024-04-24T01:18:13,861  INFO [main] mapreduce.JobSubmitter: Submitting tokens for job: job_local1727908695_0022
2024-04-24T01:18:13,861  INFO [main] mapreduce.JobSubmitter: Executing with tokens: []
2024-04-24T01:18:13,927  INFO [main] mapreduce.Job: The url to track the job: http://localhost:8080/
Job running in-process (local Hadoop)
2024-04-24T01:18:13,927  INFO [main] exec.Task: Job running in-process (local Hadoop)
2024-04-24T01:18:13,928  INFO [Thread-1437] mapred.LocalJobRunner: OutputCommitter set in config org.apache.hadoop.hive.ql.io.HiveFileFormatUtils$NullOutputCommitter
2024-04-24T01:18:13,928  INFO [Thread-1437] mapred.LocalJobRunner: OutputCommitter is org.apache.hadoop.hive.ql.io.HiveFileFormatUtils$NullOutputCommitter
2024-04-24T01:18:13,930  INFO [Thread-1437] mapred.LocalJobRunner: Waiting for map tasks
2024-04-24T01:18:13,930  INFO [LocalJobRunner Map Task Executor #0] mapred.LocalJobRunner: Starting task: attempt_local1727908695_0022_m_000000_0
2024-04-24T01:18:13,933  INFO [LocalJobRunner Map Task Executor #0] mapred.Task:  Using ResourceCalculatorProcessTree : [ ]
2024-04-24T01:18:13,934  INFO [LocalJobRunner Map Task Executor #0] mapred.MapTask: Processing split: org.apache.hadoop.hive.ql.io.NullRowsInputFormat:file:/home/alex/Repositories/hive/ql/target/tmp/localscratchdir/ed817ece-3071-4c87-9132-a84b63fa4973/hive_2024-04-24_01-18-13_198_5229986505631484880-1/dummy_path/null:0+1
2024-04-24T01:18:13,937  INFO [LocalJobRunner Map Task Executor #0] exec.SerializationUtilities: Deserializing MapWork using kryo
2024-04-24T01:18:13,937  INFO [LocalJobRunner Map Task Executor #0] exec.Utilities: Deserialized plan (via FILE) - name: null size: 5,82KB
2024-04-24T01:18:13,938  INFO [LocalJobRunner Map Task Executor #0] mapred.MapTask: numReduceTasks: 0
2024-04-24T01:18:13,940  INFO [LocalJobRunner Map Task Executor #0] exec.MapOperator: Initializing Operator: MAP[0]
2024-04-24T01:18:13,940  INFO [LocalJobRunner Map Task Executor #0] mr.ExecMapper: 
<MAP>Id =0
  <Children>null
  <\Children>
  <Parent><\Parent>
<\MAP>
2024-04-24T01:18:13,941  INFO [LocalJobRunner Map Task Executor #0] exec.TableScanOperator: Initializing Operator: TS[0]
2024-04-24T01:18:13,941  INFO [LocalJobRunner Map Task Executor #0] exec.SelectOperator: Initializing Operator: SEL[1]
2024-04-24T01:18:13,941  INFO [LocalJobRunner Map Task Executor #0] exec.SelectOperator: SELECT null
2024-04-24T01:18:13,941  INFO [LocalJobRunner Map Task Executor #0] exec.UDTFOperator: Initializing Operator: UDTF[2]
2024-04-24T01:18:13,941  INFO [LocalJobRunner Map Task Executor #0] exec.SelectOperator: Initializing Operator: SEL[3]
2024-04-24T01:18:13,941  INFO [LocalJobRunner Map Task Executor #0] exec.SelectOperator: SELECT struct<col1:int,col2:int>
2024-04-24T01:18:13,941  INFO [LocalJobRunner Map Task Executor #0] exec.FileSinkOperator: Initializing Operator: FS[4]
2024-04-24T01:18:13,942  INFO [LocalJobRunner Map Task Executor #0] exec.FileSinkOperator: Using serializer : AbstractSerDe [log=org.apache.logging.slf4j.Log4jLogger@48b320a7, configuration=Optional[Configuration: core-default.xml, core-site.xml, mapred-default.xml, mapred-site.xml, yarn-default.xml, yarn-site.xml, hdfs-default.xml, hdfs-site.xml, file:/home/alex/Repositories/hive/ql/target/tmp/TestTxnNoBuckets/mapred/local/localRunner/alex/job_local1727908695_0022/job_local1727908695_0022.xml], properties={name=default.nonacidnonbucket, columns.types=int:int, serialization.format=1, columns=a,b, numFilesErasureCoded=0, columns.comments=&amp#0;, bucketing_version=2, serialization.lib=org.apache.hadoop.hive.ql.io.orc.OrcSerde, file.inputformat=org.apache.hadoop.hive.ql.io.orc.OrcInputFormat, file.outputformat=org.apache.hadoop.hive.ql.io.orc.OrcOutputFormat, location=file:/home/alex/Repositories/hive/ql/target/tmp/org.apache.hadoop.hive.ql.TestTxnNoBuckets-1713946626176/warehouse/nonacidnonbucket, column.name.delimiter=,}, tableProperties={name=default.nonacidnonbucket, columns.types=int:int, serialization.format=1, columns=a,b, numFilesErasureCoded=0, columns.comments=&amp#0;, bucketing_version=2, serialization.lib=org.apache.hadoop.hive.ql.io.orc.OrcSerde, file.inputformat=org.apache.hadoop.hive.ql.io.orc.OrcInputFormat, location=file:/home/alex/Repositories/hive/ql/target/tmp/org.apache.hadoop.hive.ql.TestTxnNoBuckets-1713946626176/warehouse/nonacidnonbucket, file.outputformat=org.apache.hadoop.hive.ql.io.orc.OrcOutputFormat, column.name.delimiter=,}, partitionProperties=Optional.empty, columnNames=[a, b], columnTypes=[int, int], getClass()=class org.apache.hadoop.hive.ql.io.orc.OrcSerde] and formatter : org.apache.hadoop.hive.ql.io.orc.OrcOutputFormat@695cf75
2024-04-24T01:18:13,942  INFO [LocalJobRunner Map Task Executor #0] exec.FileSinkOperator: Final Path: FS file:/home/alex/Repositories/hive/ql/target/tmp/org.apache.hadoop.hive.ql.TestTxnNoBuckets-1713946626176/warehouse/nonacidnonbucket/.hive-staging_hive_2024-04-24_01-18-13_198_5229986505631484880-1/_tmp.-ext-10002/000000_0
2024-04-24T01:18:13,942  INFO [LocalJobRunner Map Task Executor #0] exec.FileSinkOperator: Writing to temp file: FS file:/home/alex/Repositories/hive/ql/target/tmp/org.apache.hadoop.hive.ql.TestTxnNoBuckets-1713946626176/warehouse/nonacidnonbucket/.hive-staging_hive_2024-04-24_01-18-13_198_5229986505631484880-1/_task_tmp.-ext-10002/_tmp.000000_0
2024-04-24T01:18:13,942  INFO [LocalJobRunner Map Task Executor #0] exec.FileSinkOperator: New Final Path: FS file:/home/alex/Repositories/hive/ql/target/tmp/org.apache.hadoop.hive.ql.TestTxnNoBuckets-1713946626176/warehouse/nonacidnonbucket/.hive-staging_hive_2024-04-24_01-18-13_198_5229986505631484880-1/_tmp.-ext-10002/000000_0
2024-04-24T01:18:13,944  INFO [LocalJobRunner Map Task Executor #0] exec.FileSinkOperator: FS[4]: records written - 1
2024-04-24T01:18:13,945  INFO [LocalJobRunner Map Task Executor #0] impl.PhysicalFsWriter: ORC writer created for path: file:/home/alex/Repositories/hive/ql/target/tmp/org.apache.hadoop.hive.ql.TestTxnNoBuckets-1713946626176/warehouse/nonacidnonbucket/.hive-staging_hive_2024-04-24_01-18-13_198_5229986505631484880-1/_task_tmp.-ext-10002/_tmp.000000_0 with stripeSize: 67108864 blockSize: 268435456 compression: Compress: ZLIB buffer: 262144
2024-04-24T01:18:13,952  INFO [LocalJobRunner Map Task Executor #0] impl.WriterImpl: ORC writer created for path: file:/home/alex/Repositories/hive/ql/target/tmp/org.apache.hadoop.hive.ql.TestTxnNoBuckets-1713946626176/warehouse/nonacidnonbucket/.hive-staging_hive_2024-04-24_01-18-13_198_5229986505631484880-1/_task_tmp.-ext-10002/_tmp.000000_0 with stripeSize: 67108864 options: Compress: ZLIB buffer: 262144
2024-04-24T01:18:13,952  INFO [LocalJobRunner Map Task Executor #0] exec.MapOperator: MAP[0]: records read - 1
2024-04-24T01:18:13,953  INFO [LocalJobRunner Map Task Executor #0] exec.MapOperator: Closing Operator: MAP[0]
2024-04-24T01:18:13,953  INFO [LocalJobRunner Map Task Executor #0] exec.MapOperator: MAP[0]: Total records read - 3. abort - false
2024-04-24T01:18:13,953  INFO [LocalJobRunner Map Task Executor #0] exec.MapOperator: RECORDS_OUT_INTERMEDIATE:0, RECORDS_OUT_OPERATOR_MAP_0:0, DESERIALIZE_ERRORS:0, RECORDS_IN:3, 
2024-04-24T01:18:13,953  INFO [LocalJobRunner Map Task Executor #0] exec.TableScanOperator: Closing Operator: TS[0]
2024-04-24T01:18:13,953  INFO [LocalJobRunner Map Task Executor #0] exec.TableScanOperator: RECORDS_OUT_INTERMEDIATE:0, RECORDS_OUT_OPERATOR_TS_0:1, 
2024-04-24T01:18:13,953  INFO [LocalJobRunner Map Task Executor #0] exec.SelectOperator: Closing Operator: SEL[1]
2024-04-24T01:18:13,953  INFO [LocalJobRunner Map Task Executor #0] exec.SelectOperator: RECORDS_OUT_OPERATOR_SEL_1:1, RECORDS_OUT_INTERMEDIATE:0, 
2024-04-24T01:18:13,953  INFO [LocalJobRunner Map Task Executor #0] exec.UDTFOperator: Closing Operator: UDTF[2]
2024-04-24T01:18:13,953  INFO [LocalJobRunner Map Task Executor #0] exec.UDTFOperator: RECORDS_OUT_OPERATOR_UDTF_2:2, RECORDS_OUT_INTERMEDIATE:0, 
2024-04-24T01:18:13,953  INFO [LocalJobRunner Map Task Executor #0] exec.SelectOperator: Closing Operator: SEL[3]
2024-04-24T01:18:13,953  INFO [LocalJobRunner Map Task Executor #0] exec.SelectOperator: RECORDS_OUT_INTERMEDIATE:0, RECORDS_OUT_OPERATOR_SEL_3:2, 
2024-04-24T01:18:13,953  INFO [LocalJobRunner Map Task Executor #0] exec.FileSinkOperator: Closing Operator: FS[4]
2024-04-24T01:18:13,953  INFO [LocalJobRunner Map Task Executor #0] exec.FileSinkOperator: FS[4]: records written - 2
2024-04-24T01:18:13,961  INFO [LocalJobRunner Map Task Executor #0] exec.FileSinkOperator: RECORDS_OUT_OPERATOR_FS_4:2, RECORDS_OUT_1_default.nonacidnonbucket:2, RECORDS_OUT_INTERMEDIATE:0, TOTAL_TABLE_ROWS_WRITTEN:2, 
2024-04-24T01:18:13,961  INFO [LocalJobRunner Map Task Executor #0] mapred.LocalJobRunner: 
2024-04-24T01:18:13,964  INFO [LocalJobRunner Map Task Executor #0] mapred.Task: Task:attempt_local1727908695_0022_m_000000_0 is done. And is in the process of committing
2024-04-24T01:18:13,964  INFO [LocalJobRunner Map Task Executor #0] mapred.LocalJobRunner: map
2024-04-24T01:18:13,964  INFO [LocalJobRunner Map Task Executor #0] mapred.Task: Task 'attempt_local1727908695_0022_m_000000_0' done.
2024-04-24T01:18:13,964  INFO [LocalJobRunner Map Task Executor #0] mapred.Task: Final Counters for attempt_local1727908695_0022_m_000000_0: Counters: 27
	File System Counters
		FILE: Number of bytes read=452453
		FILE: Number of bytes written=25905040
		FILE: Number of read operations=0
		FILE: Number of large read operations=0
		FILE: Number of write operations=0
	Map-Reduce Framework
		Map input records=4
		Map output records=0
		Input split bytes=361
		Spilled Records=0
		Failed Shuffles=0
		Merged Map outputs=0
		GC time elapsed (ms)=0
		Total committed heap usage (bytes)=1088946176
	HIVE
		CREATED_FILES=1
		DESERIALIZE_ERRORS=0
		RECORDS_IN=3
		RECORDS_OUT_1_default.nonacidnonbucket=2
		RECORDS_OUT_INTERMEDIATE=0
		RECORDS_OUT_OPERATOR_FS_4=2
		RECORDS_OUT_OPERATOR_MAP_0=0
		RECORDS_OUT_OPERATOR_SEL_1=1
		RECORDS_OUT_OPERATOR_SEL_3=2
		RECORDS_OUT_OPERATOR_TS_0=1
		RECORDS_OUT_OPERATOR_UDTF_2=2
		TOTAL_TABLE_ROWS_WRITTEN=2
	File Input Format Counters 
		Bytes Read=5877
	File Output Format Counters 
		Bytes Written=0
2024-04-24T01:18:13,964  INFO [LocalJobRunner Map Task Executor #0] mapred.LocalJobRunner: Finishing task: attempt_local1727908695_0022_m_000000_0
2024-04-24T01:18:13,964  INFO [Thread-1437] mapred.LocalJobRunner: map task executor complete.
2024-04-24 01:18:14,928 Stage-1 map = 100%,  reduce = 0%
2024-04-24T01:18:14,928  INFO [main] exec.Task: 2024-04-24 01:18:14,928 Stage-1 map = 100%,  reduce = 0%
Ended Job = job_local1727908695_0022
2024-04-24T01:18:14,929  INFO [main] exec.Task: Ended Job = job_local1727908695_0022
2024-04-24T01:18:14,930  INFO [main] ql.Driver: Starting task [Stage-7:CONDITIONAL] in serial mode
Stage-4 is selected by condition resolver.
2024-04-24T01:18:14,931  INFO [main] exec.Task: Stage-4 is selected by condition resolver.
Stage-3 is filtered out by condition resolver.
2024-04-24T01:18:14,931  INFO [main] exec.Task: Stage-3 is filtered out by condition resolver.
Stage-5 is filtered out by condition resolver.
2024-04-24T01:18:14,931  INFO [main] exec.Task: Stage-5 is filtered out by condition resolver.
2024-04-24T01:18:14,931  INFO [main] ql.Driver: Starting task [Stage-4:MOVE] in serial mode
Moving data to directory file:/home/alex/Repositories/hive/ql/target/tmp/org.apache.hadoop.hive.ql.TestTxnNoBuckets-1713946626176/warehouse/nonacidnonbucket/.hive-staging_hive_2024-04-24_01-18-13_198_5229986505631484880-1/-ext-10000
2024-04-24T01:18:14,931  INFO [main] exec.Task: Moving data to directory file:/home/alex/Repositories/hive/ql/target/tmp/org.apache.hadoop.hive.ql.TestTxnNoBuckets-1713946626176/warehouse/nonacidnonbucket/.hive-staging_hive_2024-04-24_01-18-13_198_5229986505631484880-1/-ext-10000 from file:/home/alex/Repositories/hive/ql/target/tmp/org.apache.hadoop.hive.ql.TestTxnNoBuckets-1713946626176/warehouse/nonacidnonbucket/.hive-staging_hive_2024-04-24_01-18-13_198_5229986505631484880-1/-ext-10002
2024-04-24T01:18:14,931  INFO [main] ql.Driver: Starting task [Stage-0:MOVE] in serial mode
Loading data to table default.nonacidnonbucket
2024-04-24T01:18:14,931  INFO [main] exec.Task: Loading data to table default.nonacidnonbucket from file:/home/alex/Repositories/hive/ql/target/tmp/org.apache.hadoop.hive.ql.TestTxnNoBuckets-1713946626176/warehouse/nonacidnonbucket/.hive-staging_hive_2024-04-24_01-18-13_198_5229986505631484880-1/-ext-10000
2024-04-24T01:18:14,931  INFO [main] HiveMetaStore.audit: ugi=alex	ip=unknown-ip-addr	cmd=get_table : tbl=hive.default.nonacidnonbucket	
2024-04-24T01:18:14,940  INFO [main] metastore.HMSHandler: Skipping translation for processor with null
2024-04-24T01:18:14,941  INFO [main] HiveMetaStore.audit: ugi=alex	ip=unknown-ip-addr	cmd=get_table : tbl=hive.default.nonacidnonbucket	
2024-04-24T01:18:14,950  INFO [main] metastore.HMSHandler: Skipping translation for processor with null
2024-04-24T01:18:14,952  WARN [main] metadata.Hive: Cannot get a table snapshot for nonacidnonbucket
2024-04-24T01:18:14,952  INFO [main] HiveMetaStore.audit: ugi=alex	ip=unknown-ip-addr	cmd=alter_table: hive.default.nonacidnonbucket newtbl=nonacidnonbucket	
2024-04-24T01:18:14,988  INFO [main] ql.Driver: Starting task [Stage-2:STATS] in serial mode
2024-04-24T01:18:14,988  INFO [main] HiveMetaStore.audit: ugi=alex	ip=unknown-ip-addr	cmd=get_table : tbl=hive.default.nonacidnonbucket	
2024-04-24T01:18:14,997  INFO [main] metastore.HMSHandler: Skipping translation for processor with null
2024-04-24T01:18:14,997  INFO [main] stats.BasicStatsTask: Executing stats task
2024-04-24T01:18:14,997  INFO [main] fs.FSStatsPublisher: created : file:/home/alex/Repositories/hive/ql/target/tmp/localscratchdir/ed817ece-3071-4c87-9132-a84b63fa4973/hive_2024-04-24_01-18-13_198_5229986505631484880-1/-mr-10001
2024-04-24T01:18:14,998  INFO [main] HiveMetaStore.audit: ugi=alex	ip=unknown-ip-addr	cmd=get_table : tbl=hive.default.nonacidnonbucket	
2024-04-24T01:18:15,007  INFO [main] metastore.HMSHandler: Skipping translation for processor with null
2024-04-24T01:18:15,008  INFO [main] FileOperations: Read stats for default.nonacidnonbucket/, numRows, true, 2, false: 
2024-04-24T01:18:15,008  INFO [main] FileOperations: Read stats for default.nonacidnonbucket/, rawDataSize, true, 16, false: 
2024-04-24T01:18:15,008  WARN [main] metadata.Hive: Cannot get a table snapshot for nonacidnonbucket
2024-04-24T01:18:15,008  INFO [main] HiveMetaStore.audit: ugi=alex	ip=unknown-ip-addr	cmd=alter_table: hive.default.nonacidnonbucket newtbl=nonacidnonbucket	
2024-04-24T01:18:15,034  INFO [main] stats.BasicStatsTask: Table default.nonacidnonbucket stats: [numFiles=1, numRows=2, totalSize=254, rawDataSize=16, numFilesErasureCoded=0]
2024-04-24T01:18:15,034  INFO [main] metadata.Hive: Dumping metastore api call timing information for : execution phase
2024-04-24T01:18:15,034  INFO [main] metadata.Hive: Total time spent in each metastore function (ms): {alter_table_(String, String, String, Table, EnvironmentContext, String)=61, isCompatibleWith_(Configuration)=0, getTable_(GetTableRequest)=37}
MapReduce Jobs Launched: 
2024-04-24T01:18:15,034  INFO [main] ql.Driver: MapReduce Jobs Launched: 
Stage-Stage-1:  HDFS Read: 0 HDFS Write: 0 SUCCESS
2024-04-24T01:18:15,034  INFO [main] ql.Driver: Stage-Stage-1:  HDFS Read: 0 HDFS Write: 0 SUCCESS
Total MapReduce CPU Time Spent: 0 msec
2024-04-24T01:18:15,034  INFO [main] ql.Driver: Total MapReduce CPU Time Spent: 0 msec
2024-04-24T01:18:15,034  INFO [main] ql.Driver: Completed executing command(queryId=alex_20240424011813_c3222565-d736-4648-942d-4660eb5bb045); Time taken: 1.405 seconds
2024-04-24T01:18:15,035  INFO [main] lockmgr.DbTxnManager: Stopped heartbeat for query: alex_20240424011813_c3222565-d736-4648-942d-4660eb5bb045
2024-04-24T01:18:15,039  INFO [main] txn.TxnHandler: Expected to move at least one record from txn_components to completed_txn_components when committing txn! txnid:13
2024-04-24T01:18:15,046  INFO [main] txn.TxnHandler: Removed transactions: ([13]) from MIN_HISTORY_LEVEL
2024-04-24T01:18:15,046  WARN [main] txn.CompactionTxnHandler: No compaction queue record found for Compaction type transaction commit. txnId:13
2024-04-24T01:18:15,047  INFO [main] ql.TxnCommandsBaseForTests: Running the query: insert into nonAcidNonBucket(a,b) values(0,12),(0,13),(1,4),(1,5)
2024-04-24T01:18:15,047  INFO [main] ql.Context: Deleting scratch dir: file:/home/alex/Repositories/hive/ql/target/tmp/localscratchdir/ed817ece-3071-4c87-9132-a84b63fa4973/hive_2024-04-24_01-18-13_198_5229986505631484880-1
2024-04-24T01:18:15,048  INFO [main] cleanup.SyncCleanupService: Deleted directory: file:/home/alex/Repositories/hive/ql/target/tmp/localscratchdir/ed817ece-3071-4c87-9132-a84b63fa4973/hive_2024-04-24_01-18-13_198_5229986505631484880-1 on fs with scheme file
2024-04-24T01:18:15,048  INFO [main] ql.Context: Deleting scratch dir: file:/home/alex/Repositories/hive/ql/target/tmp/org.apache.hadoop.hive.ql.TestTxnNoBuckets-1713946626176/warehouse/nonacidnonbucket/.hive-staging_hive_2024-04-24_01-18-13_198_5229986505631484880-1
2024-04-24T01:18:15,048  INFO [main] cleanup.SyncCleanupService: Deleted directory: file:/home/alex/Repositories/hive/ql/target/tmp/org.apache.hadoop.hive.ql.TestTxnNoBuckets-1713946626176/warehouse/nonacidnonbucket/.hive-staging_hive_2024-04-24_01-18-13_198_5229986505631484880-1 on fs with scheme file
2024-04-24T01:18:15,048  INFO [main] ql.Driver: Compiling command(queryId=alex_20240424011815_a2a7d856-3934-426a-a7ea-cfeda15d93f5): insert into nonAcidNonBucket(a,b) values(0,12),(0,13),(1,4),(1,5)
2024-04-24T01:18:15,056  INFO [main] txn.TxnHandler: Added entries to MIN_HISTORY_LEVEL for current txns: ([14]) with min_open_txn: 14
2024-04-24T01:18:15,056  INFO [main] lockmgr.DbTxnManager: Opened txnid:14
2024-04-24T01:18:15,057  INFO [main] parse.CalcitePlanner: Starting caching scope for: 
2024-04-24T01:18:15,057  INFO [main] parse.CalcitePlanner: Starting Semantic Analysis
2024-04-24T01:18:15,060  INFO [main] HiveMetaStore.audit: ugi=alex	ip=unknown-ip-addr	cmd=get_table : tbl=hive.default.nonAcidNonBucket	
2024-04-24T01:18:15,069  INFO [main] metastore.HMSHandler: Skipping translation for processor with null
2024-04-24T01:18:15,069  INFO [main] parse.CalcitePlanner: Completed phase 1 of Semantic Analysis
2024-04-24T01:18:15,069  INFO [main] parse.CalcitePlanner: Get metadata for source tables
2024-04-24T01:18:15,069  INFO [main] parse.CalcitePlanner: Get metadata for subqueries
2024-04-24T01:18:15,069  INFO [main] parse.CalcitePlanner: Get metadata for destination tables
2024-04-24T01:18:15,070  INFO [main] HiveMetaStore.audit: ugi=alex	ip=unknown-ip-addr	cmd=get_table : tbl=hive.default.nonAcidNonBucket	
2024-04-24T01:18:15,078  INFO [main] metastore.HMSHandler: Skipping translation for processor with null
2024-04-24T01:18:15,079  INFO [main] parse.CalcitePlanner: Completed getting MetaData in Semantic Analysis
2024-04-24T01:18:15,079  INFO [main] parse.CalcitePlanner: Disabling LLAP IO encode as ETL query is detected
2024-04-24T01:18:15,100  INFO [main] HiveMetaStore.audit: ugi=alex	ip=unknown-ip-addr	cmd=get_all_table_constraints : tbl=hive._dummy_database._dummy_table	
2024-04-24T01:18:15,150  INFO [main] parse.CalcitePlanner: Get metadata for source tables
2024-04-24T01:18:15,150  INFO [main] parse.CalcitePlanner: Get metadata for subqueries
2024-04-24T01:18:15,150  INFO [main] parse.CalcitePlanner: Get metadata for source tables
2024-04-24T01:18:15,151  INFO [main] HiveMetaStore.audit: ugi=alex	ip=unknown-ip-addr	cmd=get_table : tbl=hive._dummy_database._dummy_table	
2024-04-24T01:18:15,153  INFO [main] parse.CalcitePlanner: Get metadata for subqueries
2024-04-24T01:18:15,153  INFO [main] parse.CalcitePlanner: Get metadata for destination tables
2024-04-24T01:18:15,153  INFO [main] parse.CalcitePlanner: Get metadata for destination tables
2024-04-24T01:18:15,153  INFO [main] HiveMetaStore.audit: ugi=alex	ip=unknown-ip-addr	cmd=get_table : tbl=hive.default.nonAcidNonBucket	
2024-04-24T01:18:15,164  INFO [main] metastore.HMSHandler: Skipping translation for processor with null
2024-04-24T01:18:15,167  INFO [main] common.FileUtils: Creating directory if it doesn't exist: file:/home/alex/Repositories/hive/ql/target/tmp/org.apache.hadoop.hive.ql.TestTxnNoBuckets-1713946626176/warehouse/nonacidnonbucket/.hive-staging_hive_2024-04-24_01-18-15_048_7304777741794219396-1
2024-04-24T01:18:15,170  INFO [main] HiveMetaStore.audit: ugi=alex	ip=unknown-ip-addr	cmd=get_not_null_constraints : tbl=hive.default.nonacidnonbucket	
2024-04-24T01:18:15,171  INFO [main] HiveMetaStore.audit: ugi=alex	ip=unknown-ip-addr	cmd=get_check_constraints : tbl=hive.default.nonacidnonbucket	
2024-04-24T01:18:15,173  INFO [main] parse.CalcitePlanner: CBO Succeeded; optimized logical plan.
2024-04-24T01:18:15,176  INFO [main] optimizer.BucketVersionPopulator: not considering bucketingVersion for: TS[0] because it has -1<2 buckets 
2024-04-24T01:18:15,177  INFO [main] optimizer.SortedDynPartitionOptimizer: Sorted dynamic partitioning optimization kicked in..
2024-04-24T01:18:15,190  INFO [main] HiveMetaStore.audit: ugi=alex	ip=unknown-ip-addr	cmd=get_table : tbl=hive.default.nonacidnonbucket	
2024-04-24T01:18:15,206  INFO [main] metastore.HMSHandler: Skipping translation for processor with null
2024-04-24T01:18:15,207  INFO [main] optimizer.GenMRFileSink1: using CombineHiveInputformat for the merge job
2024-04-24T01:18:15,207  INFO [main] HiveMetaStore.audit: ugi=alex	ip=unknown-ip-addr	cmd=get_table : tbl=hive.default.nonacidnonbucket	
2024-04-24T01:18:15,222  INFO [main] metastore.HMSHandler: Skipping translation for processor with null
2024-04-24T01:18:15,224  INFO [main] parse.CalcitePlanner: Completed plan generation
2024-04-24T01:18:15,224  INFO [main] parse.CalcitePlanner: Ending caching scope for: 
2024-04-24T01:18:15,224  INFO [main] ql.Driver: Semantic Analysis Completed (retrial = false)
2024-04-24T01:18:15,224  INFO [main] ql.Driver: Created Hive schema: Schema(fieldSchemas:[FieldSchema(name:_col0, type:int, comment:null), FieldSchema(name:_col1, type:int, comment:null)], properties:null)
2024-04-24T01:18:15,225  INFO [main] metadata.Hive: Dumping metastore api call timing information for : compilation phase
2024-04-24T01:18:15,225  INFO [main] metadata.Hive: Total time spent in each metastore function (ms): {getNotNullConstraints_(NotNullConstraintsRequest)=1, flushCache_()=0, commitTxn_(CommitTxnRequest)=12, getValidWriteIds_(List, String)=5, isCompatibleWith_(Configuration)=1, getValidTxns_(long)=0, getCheckConstraints_(CheckConstraintsRequest)=1, openTxn_(String, TxnType)=7, getAllTableConstraints_(AllTableConstraintsRequest)=4, getTable_(GetTableRequest)=63}
2024-04-24T01:18:15,225  INFO [main] ql.Driver: Completed compiling command(queryId=alex_20240424011815_a2a7d856-3934-426a-a7ea-cfeda15d93f5); Time taken: 0.177 seconds
2024-04-24T01:18:15,226  INFO [main] lockmgr.DbTxnManager: Setting lock request transaction to txnid:14 for queryId=alex_20240424011815_a2a7d856-3934-426a-a7ea-cfeda15d93f5
2024-04-24T01:18:15,226  INFO [main] lockmgr.DbLockManager: Requesting lock for queryId=alex_20240424011815_a2a7d856-3934-426a-a7ea-cfeda15d93f5
2024-04-24T01:18:15,249  INFO [main] lockmgr.DbLockManager: Response to queryId=alex_20240424011815_a2a7d856-3934-426a-a7ea-cfeda15d93f5 LockResponse(lockid:8, state:ACQUIRED)
2024-04-24T01:18:15,249  INFO [main] ql.Driver: Operation QUERY obtained 1 locks
2024-04-24T01:18:15,249  INFO [main] ql.Driver: Executing command(queryId=alex_20240424011815_a2a7d856-3934-426a-a7ea-cfeda15d93f5): insert into nonAcidNonBucket(a,b) values(0,12),(0,13),(1,4),(1,5)
2024-04-24T01:18:15,250  WARN [main] ql.Driver: Hive-on-MR is deprecated in Hive 2 and may not be available in the future versions. Consider using a different execution engine (i.e. spark, tez) or using Hive 1.X releases.
Query ID = alex_20240424011815_a2a7d856-3934-426a-a7ea-cfeda15d93f5
2024-04-24T01:18:15,250  INFO [main] ql.Driver: Query ID = alex_20240424011815_a2a7d856-3934-426a-a7ea-cfeda15d93f5
Total jobs = 1
2024-04-24T01:18:15,250  INFO [main] ql.Driver: Total jobs = 1
Launching Job 1 out of 1
2024-04-24T01:18:15,250  INFO [main] ql.Driver: Launching Job 1 out of 1
2024-04-24T01:18:15,404  INFO [main] ql.Driver: Starting task [Stage-1:MAPRED] in serial mode
Number of reduce tasks is set to 0 since there's no reduce operator
2024-04-24T01:18:15,404  INFO [main] exec.Task: Number of reduce tasks is set to 0 since there's no reduce operator
2024-04-24T01:18:15,406  INFO [main] mr.ExecDriver: Using org.apache.hadoop.hive.ql.io.HiveInputFormat
2024-04-24T01:18:15,407  INFO [main] exec.Utilities: Processing alias $hdt$_0:_dummy_table
2024-04-24T01:18:15,407  INFO [main] exec.Utilities: Adding 1 inputs; the first input is file:/home/alex/Repositories/hive/ql/target/tmp/localscratchdir/ed817ece-3071-4c87-9132-a84b63fa4973/hive_2024-04-24_01-18-15_048_7304777741794219396-1/dummy_path
2024-04-24T01:18:15,416  INFO [main] exec.SerializationUtilities: Serializing MapWork using kryo
2024-04-24T01:18:15,417  INFO [main] exec.Utilities: Serialized plan (via FILE) - name: null size: 5,88KB
2024-04-24T01:18:15,418  WARN [main] impl.MetricsSystemImpl: JobTracker metrics system already initialized!
2024-04-24T01:18:15,421  INFO [main] fs.FSStatsPublisher: created : file:/home/alex/Repositories/hive/ql/target/tmp/localscratchdir/ed817ece-3071-4c87-9132-a84b63fa4973/hive_2024-04-24_01-18-15_048_7304777741794219396-1/-mr-10001
2024-04-24T01:18:15,426  WARN [main] impl.MetricsSystemImpl: JobTracker metrics system already initialized!
2024-04-24T01:18:15,433  WARN [main] mapreduce.JobResourceUploader: Hadoop command-line option parsing not performed. Implement the Tool interface and execute your application with ToolRunner to remedy this.
2024-04-24T01:18:15,438  WARN [main] mapreduce.JobResourceUploader: No job jar file set.  User classes may not be found. See Job or Job#setJar(String).
2024-04-24T01:18:15,439  INFO [main] io.HiveInputFormat: hive.io.file.readcolumn.ids = 
2024-04-24T01:18:15,439  INFO [main] io.HiveInputFormat: hive.io.file.readcolumn.names = 
2024-04-24T01:18:15,439  INFO [main] io.HiveInputFormat: Generating splits for dirs: file:/home/alex/Repositories/hive/ql/target/tmp/localscratchdir/ed817ece-3071-4c87-9132-a84b63fa4973/hive_2024-04-24_01-18-15_048_7304777741794219396-1/dummy_path
2024-04-24T01:18:15,439  INFO [main] io.HiveInputFormat: number of splits 1
2024-04-24T01:18:15,457  INFO [main] mapreduce.JobSubmitter: number of splits:1
2024-04-24T01:18:15,487  INFO [main] mapreduce.JobSubmitter: Submitting tokens for job: job_local2041543950_0023
2024-04-24T01:18:15,487  INFO [main] mapreduce.JobSubmitter: Executing with tokens: []
2024-04-24T01:18:15,559  INFO [main] mapreduce.Job: The url to track the job: http://localhost:8080/
Job running in-process (local Hadoop)
2024-04-24T01:18:15,559  INFO [main] exec.Task: Job running in-process (local Hadoop)
2024-04-24T01:18:15,559  INFO [Thread-1479] mapred.LocalJobRunner: OutputCommitter set in config org.apache.hadoop.hive.ql.io.HiveFileFormatUtils$NullOutputCommitter
2024-04-24T01:18:15,559  INFO [Thread-1479] mapred.LocalJobRunner: OutputCommitter is org.apache.hadoop.hive.ql.io.HiveFileFormatUtils$NullOutputCommitter
2024-04-24T01:18:15,561  INFO [Thread-1479] mapred.LocalJobRunner: Waiting for map tasks
2024-04-24T01:18:15,561  INFO [LocalJobRunner Map Task Executor #0] mapred.LocalJobRunner: Starting task: attempt_local2041543950_0023_m_000000_0
2024-04-24T01:18:15,561  INFO [LocalJobRunner Map Task Executor #0] mapred.Task:  Using ResourceCalculatorProcessTree : [ ]
2024-04-24T01:18:15,562  INFO [LocalJobRunner Map Task Executor #0] mapred.MapTask: Processing split: org.apache.hadoop.hive.ql.io.NullRowsInputFormat:file:/home/alex/Repositories/hive/ql/target/tmp/localscratchdir/ed817ece-3071-4c87-9132-a84b63fa4973/hive_2024-04-24_01-18-15_048_7304777741794219396-1/dummy_path/null:0+1
2024-04-24T01:18:15,562  INFO [LocalJobRunner Map Task Executor #0] exec.SerializationUtilities: Deserializing MapWork using kryo
2024-04-24T01:18:15,563  INFO [LocalJobRunner Map Task Executor #0] exec.Utilities: Deserialized plan (via FILE) - name: null size: 5,88KB
2024-04-24T01:18:15,563  INFO [LocalJobRunner Map Task Executor #0] mapred.MapTask: numReduceTasks: 0
2024-04-24T01:18:15,563  INFO [LocalJobRunner Map Task Executor #0] exec.MapOperator: Initializing Operator: MAP[0]
2024-04-24T01:18:15,564  INFO [LocalJobRunner Map Task Executor #0] mr.ExecMapper: 
<MAP>Id =0
  <Children>null
  <\Children>
  <Parent><\Parent>
<\MAP>
2024-04-24T01:18:15,564  INFO [LocalJobRunner Map Task Executor #0] exec.TableScanOperator: Initializing Operator: TS[0]
2024-04-24T01:18:15,564  INFO [LocalJobRunner Map Task Executor #0] exec.SelectOperator: Initializing Operator: SEL[1]
2024-04-24T01:18:15,565  INFO [LocalJobRunner Map Task Executor #0] exec.SelectOperator: SELECT null
2024-04-24T01:18:15,565  INFO [LocalJobRunner Map Task Executor #0] exec.UDTFOperator: Initializing Operator: UDTF[2]
2024-04-24T01:18:15,565  INFO [LocalJobRunner Map Task Executor #0] exec.SelectOperator: Initializing Operator: SEL[3]
2024-04-24T01:18:15,565  INFO [LocalJobRunner Map Task Executor #0] exec.SelectOperator: SELECT struct<col1:int,col2:int>
2024-04-24T01:18:15,565  INFO [LocalJobRunner Map Task Executor #0] exec.FileSinkOperator: Initializing Operator: FS[4]
2024-04-24T01:18:15,565  INFO [LocalJobRunner Map Task Executor #0] exec.FileSinkOperator: Using serializer : AbstractSerDe [log=org.apache.logging.slf4j.Log4jLogger@48b320a7, configuration=Optional[Configuration: core-default.xml, core-site.xml, mapred-default.xml, mapred-site.xml, yarn-default.xml, yarn-site.xml, hdfs-default.xml, hdfs-site.xml, file:/home/alex/Repositories/hive/ql/target/tmp/TestTxnNoBuckets/mapred/local/localRunner/alex/job_local2041543950_0023/job_local2041543950_0023.xml], properties={name=default.nonacidnonbucket, columns.types=int:int, serialization.format=1, columns=a,b, numFilesErasureCoded=0, columns.comments=&amp#0;, bucketing_version=2, serialization.lib=org.apache.hadoop.hive.ql.io.orc.OrcSerde, file.inputformat=org.apache.hadoop.hive.ql.io.orc.OrcInputFormat, file.outputformat=org.apache.hadoop.hive.ql.io.orc.OrcOutputFormat, location=file:/home/alex/Repositories/hive/ql/target/tmp/org.apache.hadoop.hive.ql.TestTxnNoBuckets-1713946626176/warehouse/nonacidnonbucket, column.name.delimiter=,}, tableProperties={name=default.nonacidnonbucket, columns.types=int:int, serialization.format=1, columns=a,b, numFilesErasureCoded=0, columns.comments=&amp#0;, bucketing_version=2, serialization.lib=org.apache.hadoop.hive.ql.io.orc.OrcSerde, file.inputformat=org.apache.hadoop.hive.ql.io.orc.OrcInputFormat, location=file:/home/alex/Repositories/hive/ql/target/tmp/org.apache.hadoop.hive.ql.TestTxnNoBuckets-1713946626176/warehouse/nonacidnonbucket, file.outputformat=org.apache.hadoop.hive.ql.io.orc.OrcOutputFormat, column.name.delimiter=,}, partitionProperties=Optional.empty, columnNames=[a, b], columnTypes=[int, int], getClass()=class org.apache.hadoop.hive.ql.io.orc.OrcSerde] and formatter : org.apache.hadoop.hive.ql.io.orc.OrcOutputFormat@604490bc
2024-04-24T01:18:15,566  INFO [LocalJobRunner Map Task Executor #0] exec.FileSinkOperator: Final Path: FS file:/home/alex/Repositories/hive/ql/target/tmp/org.apache.hadoop.hive.ql.TestTxnNoBuckets-1713946626176/warehouse/nonacidnonbucket/.hive-staging_hive_2024-04-24_01-18-15_048_7304777741794219396-1/_tmp.-ext-10002/000000_0
2024-04-24T01:18:15,566  INFO [LocalJobRunner Map Task Executor #0] exec.FileSinkOperator: Writing to temp file: FS file:/home/alex/Repositories/hive/ql/target/tmp/org.apache.hadoop.hive.ql.TestTxnNoBuckets-1713946626176/warehouse/nonacidnonbucket/.hive-staging_hive_2024-04-24_01-18-15_048_7304777741794219396-1/_task_tmp.-ext-10002/_tmp.000000_0
2024-04-24T01:18:15,566  INFO [LocalJobRunner Map Task Executor #0] exec.FileSinkOperator: New Final Path: FS file:/home/alex/Repositories/hive/ql/target/tmp/org.apache.hadoop.hive.ql.TestTxnNoBuckets-1713946626176/warehouse/nonacidnonbucket/.hive-staging_hive_2024-04-24_01-18-15_048_7304777741794219396-1/_tmp.-ext-10002/000000_0
2024-04-24T01:18:15,566  INFO [LocalJobRunner Map Task Executor #0] exec.FileSinkOperator: FS[4]: records written - 1
2024-04-24T01:18:15,566  INFO [LocalJobRunner Map Task Executor #0] impl.PhysicalFsWriter: ORC writer created for path: file:/home/alex/Repositories/hive/ql/target/tmp/org.apache.hadoop.hive.ql.TestTxnNoBuckets-1713946626176/warehouse/nonacidnonbucket/.hive-staging_hive_2024-04-24_01-18-15_048_7304777741794219396-1/_task_tmp.-ext-10002/_tmp.000000_0 with stripeSize: 67108864 blockSize: 268435456 compression: Compress: ZLIB buffer: 262144
2024-04-24T01:18:15,574  INFO [LocalJobRunner Map Task Executor #0] impl.WriterImpl: ORC writer created for path: file:/home/alex/Repositories/hive/ql/target/tmp/org.apache.hadoop.hive.ql.TestTxnNoBuckets-1713946626176/warehouse/nonacidnonbucket/.hive-staging_hive_2024-04-24_01-18-15_048_7304777741794219396-1/_task_tmp.-ext-10002/_tmp.000000_0 with stripeSize: 67108864 options: Compress: ZLIB buffer: 262144
2024-04-24T01:18:15,574  INFO [LocalJobRunner Map Task Executor #0] exec.MapOperator: MAP[0]: records read - 1
2024-04-24T01:18:15,574  INFO [LocalJobRunner Map Task Executor #0] exec.MapOperator: Closing Operator: MAP[0]
2024-04-24T01:18:15,574  INFO [LocalJobRunner Map Task Executor #0] exec.MapOperator: MAP[0]: Total records read - 3. abort - false
2024-04-24T01:18:15,574  INFO [LocalJobRunner Map Task Executor #0] exec.MapOperator: RECORDS_OUT_OPERATOR_MAP_0:0, RECORDS_OUT_INTERMEDIATE:0, DESERIALIZE_ERRORS:0, RECORDS_IN:3, 
2024-04-24T01:18:15,574  INFO [LocalJobRunner Map Task Executor #0] exec.TableScanOperator: Closing Operator: TS[0]
2024-04-24T01:18:15,574  INFO [LocalJobRunner Map Task Executor #0] exec.TableScanOperator: RECORDS_OUT_INTERMEDIATE:0, RECORDS_OUT_OPERATOR_TS_0:1, 
2024-04-24T01:18:15,574  INFO [LocalJobRunner Map Task Executor #0] exec.SelectOperator: Closing Operator: SEL[1]
2024-04-24T01:18:15,575  INFO [LocalJobRunner Map Task Executor #0] exec.SelectOperator: RECORDS_OUT_OPERATOR_SEL_1:1, RECORDS_OUT_INTERMEDIATE:0, 
2024-04-24T01:18:15,575  INFO [LocalJobRunner Map Task Executor #0] exec.UDTFOperator: Closing Operator: UDTF[2]
2024-04-24T01:18:15,575  INFO [LocalJobRunner Map Task Executor #0] exec.UDTFOperator: RECORDS_OUT_INTERMEDIATE:0, RECORDS_OUT_OPERATOR_UDTF_2:4, 
2024-04-24T01:18:15,575  INFO [LocalJobRunner Map Task Executor #0] exec.SelectOperator: Closing Operator: SEL[3]
2024-04-24T01:18:15,575  INFO [LocalJobRunner Map Task Executor #0] exec.SelectOperator: RECORDS_OUT_OPERATOR_SEL_3:4, RECORDS_OUT_INTERMEDIATE:0, 
2024-04-24T01:18:15,575  INFO [LocalJobRunner Map Task Executor #0] exec.FileSinkOperator: Closing Operator: FS[4]
2024-04-24T01:18:15,575  INFO [LocalJobRunner Map Task Executor #0] exec.FileSinkOperator: FS[4]: records written - 4
2024-04-24T01:18:15,581  INFO [LocalJobRunner Map Task Executor #0] exec.FileSinkOperator: RECORDS_OUT_1_default.nonacidnonbucket:4, TOTAL_TABLE_ROWS_WRITTEN:4, RECORDS_OUT_INTERMEDIATE:0, RECORDS_OUT_OPERATOR_FS_4:4, 
2024-04-24T01:18:15,582  INFO [LocalJobRunner Map Task Executor #0] mapred.LocalJobRunner: 
2024-04-24T01:18:15,582  INFO [LocalJobRunner Map Task Executor #0] mapred.Task: Task:attempt_local2041543950_0023_m_000000_0 is done. And is in the process of committing
2024-04-24T01:18:15,582  INFO [LocalJobRunner Map Task Executor #0] mapred.LocalJobRunner: map
2024-04-24T01:18:15,582  INFO [LocalJobRunner Map Task Executor #0] mapred.Task: Task 'attempt_local2041543950_0023_m_000000_0' done.
2024-04-24T01:18:15,583  INFO [LocalJobRunner Map Task Executor #0] mapred.Task: Final Counters for attempt_local2041543950_0023_m_000000_0: Counters: 27
	File System Counters
		FILE: Number of bytes read=458895
		FILE: Number of bytes written=27080386
		FILE: Number of read operations=0
		FILE: Number of large read operations=0
		FILE: Number of write operations=0
	Map-Reduce Framework
		Map input records=4
		Map output records=0
		Input split bytes=361
		Spilled Records=0
		Failed Shuffles=0
		Merged Map outputs=0
		GC time elapsed (ms)=0
		Total committed heap usage (bytes)=1091043328
	HIVE
		CREATED_FILES=1
		DESERIALIZE_ERRORS=0
		RECORDS_IN=3
		RECORDS_OUT_1_default.nonacidnonbucket=4
		RECORDS_OUT_INTERMEDIATE=0
		RECORDS_OUT_OPERATOR_FS_4=4
		RECORDS_OUT_OPERATOR_MAP_0=0
		RECORDS_OUT_OPERATOR_SEL_1=1
		RECORDS_OUT_OPERATOR_SEL_3=4
		RECORDS_OUT_OPERATOR_TS_0=1
		RECORDS_OUT_OPERATOR_UDTF_2=4
		TOTAL_TABLE_ROWS_WRITTEN=4
	File Input Format Counters 
		Bytes Read=5941
	File Output Format Counters 
		Bytes Written=0
2024-04-24T01:18:15,583  INFO [LocalJobRunner Map Task Executor #0] mapred.LocalJobRunner: Finishing task: attempt_local2041543950_0023_m_000000_0
2024-04-24T01:18:15,583  INFO [Thread-1479] mapred.LocalJobRunner: map task executor complete.
2024-04-24 01:18:16,560 Stage-1 map = 100%,  reduce = 0%
2024-04-24T01:18:16,560  INFO [main] exec.Task: 2024-04-24 01:18:16,560 Stage-1 map = 100%,  reduce = 0%
Ended Job = job_local2041543950_0023
2024-04-24T01:18:16,561  INFO [main] exec.Task: Ended Job = job_local2041543950_0023
2024-04-24T01:18:16,563  INFO [main] ql.Driver: Starting task [Stage-7:CONDITIONAL] in serial mode
Stage-4 is selected by condition resolver.
2024-04-24T01:18:16,564  INFO [main] exec.Task: Stage-4 is selected by condition resolver.
Stage-3 is filtered out by condition resolver.
2024-04-24T01:18:16,564  INFO [main] exec.Task: Stage-3 is filtered out by condition resolver.
Stage-5 is filtered out by condition resolver.
2024-04-24T01:18:16,564  INFO [main] exec.Task: Stage-5 is filtered out by condition resolver.
2024-04-24T01:18:16,564  INFO [main] ql.Driver: Starting task [Stage-4:MOVE] in serial mode
Moving data to directory file:/home/alex/Repositories/hive/ql/target/tmp/org.apache.hadoop.hive.ql.TestTxnNoBuckets-1713946626176/warehouse/nonacidnonbucket/.hive-staging_hive_2024-04-24_01-18-15_048_7304777741794219396-1/-ext-10000
2024-04-24T01:18:16,564  INFO [main] exec.Task: Moving data to directory file:/home/alex/Repositories/hive/ql/target/tmp/org.apache.hadoop.hive.ql.TestTxnNoBuckets-1713946626176/warehouse/nonacidnonbucket/.hive-staging_hive_2024-04-24_01-18-15_048_7304777741794219396-1/-ext-10000 from file:/home/alex/Repositories/hive/ql/target/tmp/org.apache.hadoop.hive.ql.TestTxnNoBuckets-1713946626176/warehouse/nonacidnonbucket/.hive-staging_hive_2024-04-24_01-18-15_048_7304777741794219396-1/-ext-10002
2024-04-24T01:18:16,565  INFO [main] ql.Driver: Starting task [Stage-0:MOVE] in serial mode
Loading data to table default.nonacidnonbucket
2024-04-24T01:18:16,565  INFO [main] exec.Task: Loading data to table default.nonacidnonbucket from file:/home/alex/Repositories/hive/ql/target/tmp/org.apache.hadoop.hive.ql.TestTxnNoBuckets-1713946626176/warehouse/nonacidnonbucket/.hive-staging_hive_2024-04-24_01-18-15_048_7304777741794219396-1/-ext-10000
2024-04-24T01:18:16,565  INFO [main] HiveMetaStore.audit: ugi=alex	ip=unknown-ip-addr	cmd=get_table : tbl=hive.default.nonacidnonbucket	
2024-04-24T01:18:16,582  INFO [main] metastore.HMSHandler: Skipping translation for processor with null
2024-04-24T01:18:16,583  INFO [main] HiveMetaStore.audit: ugi=alex	ip=unknown-ip-addr	cmd=get_table : tbl=hive.default.nonacidnonbucket	
2024-04-24T01:18:16,598  INFO [main] metastore.HMSHandler: Skipping translation for processor with null
2024-04-24T01:18:16,604  WARN [main] metadata.Hive: Cannot get a table snapshot for nonacidnonbucket
2024-04-24T01:18:16,604  INFO [main] HiveMetaStore.audit: ugi=alex	ip=unknown-ip-addr	cmd=alter_table: hive.default.nonacidnonbucket newtbl=nonacidnonbucket	
2024-04-24T01:18:16,651  INFO [main] ql.Driver: Starting task [Stage-2:STATS] in serial mode
2024-04-24T01:18:16,652  INFO [main] HiveMetaStore.audit: ugi=alex	ip=unknown-ip-addr	cmd=get_table : tbl=hive.default.nonacidnonbucket	
2024-04-24T01:18:16,667  INFO [main] metastore.HMSHandler: Skipping translation for processor with null
2024-04-24T01:18:16,667  INFO [main] stats.BasicStatsTask: Executing stats task
2024-04-24T01:18:16,667  INFO [main] fs.FSStatsPublisher: created : file:/home/alex/Repositories/hive/ql/target/tmp/localscratchdir/ed817ece-3071-4c87-9132-a84b63fa4973/hive_2024-04-24_01-18-15_048_7304777741794219396-1/-mr-10001
2024-04-24T01:18:16,671  INFO [main] HiveMetaStore.audit: ugi=alex	ip=unknown-ip-addr	cmd=get_table : tbl=hive.default.nonacidnonbucket	
2024-04-24T01:18:16,689  INFO [main] metastore.HMSHandler: Skipping translation for processor with null
2024-04-24T01:18:16,690  INFO [main] FileOperations: Read stats for default.nonacidnonbucket/, numRows, true, 4, false: 
2024-04-24T01:18:16,690  INFO [main] FileOperations: Read stats for default.nonacidnonbucket/, rawDataSize, true, 32, false: 
2024-04-24T01:18:16,690  WARN [main] metadata.Hive: Cannot get a table snapshot for nonacidnonbucket
2024-04-24T01:18:16,691  INFO [main] HiveMetaStore.audit: ugi=alex	ip=unknown-ip-addr	cmd=alter_table: hive.default.nonacidnonbucket newtbl=nonacidnonbucket	
2024-04-24T01:18:16,727  INFO [main] stats.BasicStatsTask: Table default.nonacidnonbucket stats: [numFiles=2, numRows=6, totalSize=511, rawDataSize=48, numFilesErasureCoded=0]
2024-04-24T01:18:16,728  INFO [main] metadata.Hive: Dumping metastore api call timing information for : execution phase
2024-04-24T01:18:16,728  INFO [main] metadata.Hive: Total time spent in each metastore function (ms): {getTable_(GetTableRequest)=67, isCompatibleWith_(Configuration)=0, alter_table_(String, String, String, Table, EnvironmentContext, String)=84}
MapReduce Jobs Launched: 
2024-04-24T01:18:16,728  INFO [main] ql.Driver: MapReduce Jobs Launched: 
Stage-Stage-1:  HDFS Read: 0 HDFS Write: 0 SUCCESS
2024-04-24T01:18:16,728  INFO [main] ql.Driver: Stage-Stage-1:  HDFS Read: 0 HDFS Write: 0 SUCCESS
Total MapReduce CPU Time Spent: 0 msec
2024-04-24T01:18:16,728  INFO [main] ql.Driver: Total MapReduce CPU Time Spent: 0 msec
2024-04-24T01:18:16,728  INFO [main] ql.Driver: Completed executing command(queryId=alex_20240424011815_a2a7d856-3934-426a-a7ea-cfeda15d93f5); Time taken: 1.479 seconds
2024-04-24T01:18:16,729  INFO [main] lockmgr.DbTxnManager: Stopped heartbeat for query: alex_20240424011815_a2a7d856-3934-426a-a7ea-cfeda15d93f5
2024-04-24T01:18:16,733  INFO [main] txn.TxnHandler: Expected to move at least one record from txn_components to completed_txn_components when committing txn! txnid:14
2024-04-24T01:18:16,739  INFO [main] txn.TxnHandler: Removed transactions: ([14]) from MIN_HISTORY_LEVEL
2024-04-24T01:18:16,740  WARN [main] txn.CompactionTxnHandler: No compaction queue record found for Compaction type transaction commit. txnId:14
2024-04-24T01:18:16,741  INFO [main] ql.TxnCommandsBaseForTests: Running the query: insert into nonAcidNonBucket(a,b) values(1,6)
2024-04-24T01:18:16,741  INFO [main] ql.Context: Deleting scratch dir: file:/home/alex/Repositories/hive/ql/target/tmp/org.apache.hadoop.hive.ql.TestTxnNoBuckets-1713946626176/warehouse/nonacidnonbucket/.hive-staging_hive_2024-04-24_01-18-15_048_7304777741794219396-1
2024-04-24T01:18:16,741  INFO [main] cleanup.SyncCleanupService: Deleted directory: file:/home/alex/Repositories/hive/ql/target/tmp/org.apache.hadoop.hive.ql.TestTxnNoBuckets-1713946626176/warehouse/nonacidnonbucket/.hive-staging_hive_2024-04-24_01-18-15_048_7304777741794219396-1 on fs with scheme file
2024-04-24T01:18:16,741  INFO [main] ql.Context: Deleting scratch dir: file:/home/alex/Repositories/hive/ql/target/tmp/localscratchdir/ed817ece-3071-4c87-9132-a84b63fa4973/hive_2024-04-24_01-18-15_048_7304777741794219396-1
2024-04-24T01:18:16,742  INFO [main] cleanup.SyncCleanupService: Deleted directory: file:/home/alex/Repositories/hive/ql/target/tmp/localscratchdir/ed817ece-3071-4c87-9132-a84b63fa4973/hive_2024-04-24_01-18-15_048_7304777741794219396-1 on fs with scheme file
2024-04-24T01:18:16,742  INFO [main] ql.Driver: Compiling command(queryId=alex_20240424011816_f5f8642d-e6aa-4177-a1ba-9b1f8fe93cca): insert into nonAcidNonBucket(a,b) values(1,6)
2024-04-24T01:18:16,745  INFO [main] txn.TxnHandler: Added entries to MIN_HISTORY_LEVEL for current txns: ([15]) with min_open_txn: 15
2024-04-24T01:18:16,745  INFO [main] lockmgr.DbTxnManager: Opened txnid:15
2024-04-24T01:18:16,746  INFO [main] parse.CalcitePlanner: Starting caching scope for: 
2024-04-24T01:18:16,746  INFO [main] parse.CalcitePlanner: Starting Semantic Analysis
2024-04-24T01:18:16,750  INFO [main] HiveMetaStore.audit: ugi=alex	ip=unknown-ip-addr	cmd=get_table : tbl=hive.default.nonAcidNonBucket	
2024-04-24T01:18:16,761  INFO [main] metastore.HMSHandler: Skipping translation for processor with null
2024-04-24T01:18:16,761  INFO [main] parse.CalcitePlanner: Completed phase 1 of Semantic Analysis
2024-04-24T01:18:16,761  INFO [main] parse.CalcitePlanner: Get metadata for source tables
2024-04-24T01:18:16,761  INFO [main] parse.CalcitePlanner: Get metadata for subqueries
2024-04-24T01:18:16,761  INFO [main] parse.CalcitePlanner: Get metadata for destination tables
2024-04-24T01:18:16,761  INFO [main] HiveMetaStore.audit: ugi=alex	ip=unknown-ip-addr	cmd=get_table : tbl=hive.default.nonAcidNonBucket	
2024-04-24T01:18:16,771  INFO [main] metastore.HMSHandler: Skipping translation for processor with null
2024-04-24T01:18:16,771  INFO [main] parse.CalcitePlanner: Completed getting MetaData in Semantic Analysis
2024-04-24T01:18:16,771  INFO [main] parse.CalcitePlanner: Disabling LLAP IO encode as ETL query is detected
2024-04-24T01:18:16,791  INFO [main] HiveMetaStore.audit: ugi=alex	ip=unknown-ip-addr	cmd=get_all_table_constraints : tbl=hive._dummy_database._dummy_table	
2024-04-24T01:18:16,845  INFO [main] parse.CalcitePlanner: Get metadata for source tables
2024-04-24T01:18:16,845  INFO [main] parse.CalcitePlanner: Get metadata for subqueries
2024-04-24T01:18:16,845  INFO [main] parse.CalcitePlanner: Get metadata for source tables
2024-04-24T01:18:16,846  INFO [main] HiveMetaStore.audit: ugi=alex	ip=unknown-ip-addr	cmd=get_table : tbl=hive._dummy_database._dummy_table	
2024-04-24T01:18:16,851  INFO [main] parse.CalcitePlanner: Get metadata for subqueries
2024-04-24T01:18:16,851  INFO [main] parse.CalcitePlanner: Get metadata for destination tables
2024-04-24T01:18:16,851  INFO [main] parse.CalcitePlanner: Get metadata for destination tables
2024-04-24T01:18:16,851  INFO [main] HiveMetaStore.audit: ugi=alex	ip=unknown-ip-addr	cmd=get_table : tbl=hive.default.nonAcidNonBucket	
2024-04-24T01:18:16,867  INFO [main] metastore.HMSHandler: Skipping translation for processor with null
2024-04-24T01:18:16,870  INFO [main] common.FileUtils: Creating directory if it doesn't exist: file:/home/alex/Repositories/hive/ql/target/tmp/org.apache.hadoop.hive.ql.TestTxnNoBuckets-1713946626176/warehouse/nonacidnonbucket/.hive-staging_hive_2024-04-24_01-18-16_742_1240922144699447986-1
2024-04-24T01:18:16,873  INFO [main] HiveMetaStore.audit: ugi=alex	ip=unknown-ip-addr	cmd=get_not_null_constraints : tbl=hive.default.nonacidnonbucket	
2024-04-24T01:18:16,875  INFO [main] HiveMetaStore.audit: ugi=alex	ip=unknown-ip-addr	cmd=get_check_constraints : tbl=hive.default.nonacidnonbucket	
2024-04-24T01:18:16,877  INFO [main] parse.CalcitePlanner: CBO Succeeded; optimized logical plan.
2024-04-24T01:18:16,883  INFO [main] optimizer.BucketVersionPopulator: not considering bucketingVersion for: TS[0] because it has -1<2 buckets 
2024-04-24T01:18:16,884  INFO [main] optimizer.SortedDynPartitionOptimizer: Sorted dynamic partitioning optimization kicked in..
2024-04-24T01:18:16,897  INFO [main] HiveMetaStore.audit: ugi=alex	ip=unknown-ip-addr	cmd=get_table : tbl=hive.default.nonacidnonbucket	
2024-04-24T01:18:16,908  INFO [main] metastore.HMSHandler: Skipping translation for processor with null
2024-04-24T01:18:16,909  INFO [main] optimizer.GenMRFileSink1: using CombineHiveInputformat for the merge job
2024-04-24T01:18:16,909  INFO [main] HiveMetaStore.audit: ugi=alex	ip=unknown-ip-addr	cmd=get_table : tbl=hive.default.nonacidnonbucket	
2024-04-24T01:18:16,923  INFO [main] metastore.HMSHandler: Skipping translation for processor with null
2024-04-24T01:18:16,925  INFO [main] parse.CalcitePlanner: Completed plan generation
2024-04-24T01:18:16,925  INFO [main] parse.CalcitePlanner: Ending caching scope for: 
2024-04-24T01:18:16,925  INFO [main] ql.Driver: Semantic Analysis Completed (retrial = false)
2024-04-24T01:18:16,925  INFO [main] ql.Driver: Created Hive schema: Schema(fieldSchemas:[FieldSchema(name:_col0, type:int, comment:null), FieldSchema(name:_col1, type:int, comment:null)], properties:null)
2024-04-24T01:18:16,926  INFO [main] metadata.Hive: Dumping metastore api call timing information for : compilation phase
2024-04-24T01:18:16,926  INFO [main] metadata.Hive: Total time spent in each metastore function (ms): {flushCache_()=0, commitTxn_(CommitTxnRequest)=11, getValidWriteIds_(List, String)=3, openTxn_(String, TxnType)=2, getNotNullConstraints_(NotNullConstraintsRequest)=2, isCompatibleWith_(Configuration)=0, getValidTxns_(long)=1, getAllTableConstraints_(AllTableConstraintsRequest)=5, getCheckConstraints_(CheckConstraintsRequest)=1, getTable_(GetTableRequest)=64}
2024-04-24T01:18:16,926  INFO [main] ql.Driver: Completed compiling command(queryId=alex_20240424011816_f5f8642d-e6aa-4177-a1ba-9b1f8fe93cca); Time taken: 0.184 seconds
2024-04-24T01:18:16,926  INFO [main] lockmgr.DbTxnManager: Setting lock request transaction to txnid:15 for queryId=alex_20240424011816_f5f8642d-e6aa-4177-a1ba-9b1f8fe93cca
2024-04-24T01:18:16,927  INFO [main] lockmgr.DbLockManager: Requesting lock for queryId=alex_20240424011816_f5f8642d-e6aa-4177-a1ba-9b1f8fe93cca
2024-04-24T01:18:16,951  INFO [main] lockmgr.DbLockManager: Response to queryId=alex_20240424011816_f5f8642d-e6aa-4177-a1ba-9b1f8fe93cca LockResponse(lockid:9, state:ACQUIRED)
2024-04-24T01:18:16,951  INFO [main] ql.Driver: Operation QUERY obtained 1 locks
2024-04-24T01:18:16,951  INFO [main] ql.Driver: Executing command(queryId=alex_20240424011816_f5f8642d-e6aa-4177-a1ba-9b1f8fe93cca): insert into nonAcidNonBucket(a,b) values(1,6)
2024-04-24T01:18:16,953  WARN [main] ql.Driver: Hive-on-MR is deprecated in Hive 2 and may not be available in the future versions. Consider using a different execution engine (i.e. spark, tez) or using Hive 1.X releases.
Query ID = alex_20240424011816_f5f8642d-e6aa-4177-a1ba-9b1f8fe93cca
2024-04-24T01:18:16,953  INFO [main] ql.Driver: Query ID = alex_20240424011816_f5f8642d-e6aa-4177-a1ba-9b1f8fe93cca
Total jobs = 1
2024-04-24T01:18:16,953  INFO [main] ql.Driver: Total jobs = 1
Launching Job 1 out of 1
2024-04-24T01:18:16,953  INFO [main] ql.Driver: Launching Job 1 out of 1
2024-04-24T01:18:17,108  INFO [main] ql.Driver: Starting task [Stage-1:MAPRED] in serial mode
Number of reduce tasks is set to 0 since there's no reduce operator
2024-04-24T01:18:17,108  INFO [main] exec.Task: Number of reduce tasks is set to 0 since there's no reduce operator
2024-04-24T01:18:17,111  INFO [main] mr.ExecDriver: Using org.apache.hadoop.hive.ql.io.HiveInputFormat
2024-04-24T01:18:17,111  INFO [main] exec.Utilities: Processing alias $hdt$_0:_dummy_table
2024-04-24T01:18:17,111  INFO [main] exec.Utilities: Adding 1 inputs; the first input is file:/home/alex/Repositories/hive/ql/target/tmp/localscratchdir/ed817ece-3071-4c87-9132-a84b63fa4973/hive_2024-04-24_01-18-16_742_1240922144699447986-1/dummy_path
2024-04-24T01:18:17,121  INFO [main] exec.SerializationUtilities: Serializing MapWork using kryo
2024-04-24T01:18:17,122  INFO [main] exec.Utilities: Serialized plan (via FILE) - name: null size: 5,82KB
2024-04-24T01:18:17,123  WARN [main] impl.MetricsSystemImpl: JobTracker metrics system already initialized!
2024-04-24T01:18:17,128  INFO [main] fs.FSStatsPublisher: created : file:/home/alex/Repositories/hive/ql/target/tmp/localscratchdir/ed817ece-3071-4c87-9132-a84b63fa4973/hive_2024-04-24_01-18-16_742_1240922144699447986-1/-mr-10001
2024-04-24T01:18:17,134  WARN [main] impl.MetricsSystemImpl: JobTracker metrics system already initialized!
2024-04-24T01:18:17,142  WARN [main] mapreduce.JobResourceUploader: Hadoop command-line option parsing not performed. Implement the Tool interface and execute your application with ToolRunner to remedy this.
2024-04-24T01:18:17,147  WARN [main] mapreduce.JobResourceUploader: No job jar file set.  User classes may not be found. See Job or Job#setJar(String).
2024-04-24T01:18:17,148  INFO [main] io.HiveInputFormat: hive.io.file.readcolumn.ids = 
2024-04-24T01:18:17,148  INFO [main] io.HiveInputFormat: hive.io.file.readcolumn.names = 
2024-04-24T01:18:17,149  INFO [main] io.HiveInputFormat: Generating splits for dirs: file:/home/alex/Repositories/hive/ql/target/tmp/localscratchdir/ed817ece-3071-4c87-9132-a84b63fa4973/hive_2024-04-24_01-18-16_742_1240922144699447986-1/dummy_path
2024-04-24T01:18:17,149  INFO [main] io.HiveInputFormat: number of splits 1
2024-04-24T01:18:17,167  INFO [main] mapreduce.JobSubmitter: number of splits:1
2024-04-24T01:18:17,193  INFO [main] mapreduce.JobSubmitter: Submitting tokens for job: job_local1503738521_0024
2024-04-24T01:18:17,193  INFO [main] mapreduce.JobSubmitter: Executing with tokens: []
2024-04-24T01:18:17,254  INFO [main] mapreduce.Job: The url to track the job: http://localhost:8080/
Job running in-process (local Hadoop)
2024-04-24T01:18:17,254  INFO [main] exec.Task: Job running in-process (local Hadoop)
2024-04-24T01:18:17,254  INFO [Thread-1521] mapred.LocalJobRunner: OutputCommitter set in config org.apache.hadoop.hive.ql.io.HiveFileFormatUtils$NullOutputCommitter
2024-04-24T01:18:17,254  INFO [Thread-1521] mapred.LocalJobRunner: OutputCommitter is org.apache.hadoop.hive.ql.io.HiveFileFormatUtils$NullOutputCommitter
2024-04-24T01:18:17,256  INFO [Thread-1521] mapred.LocalJobRunner: Waiting for map tasks
2024-04-24T01:18:17,257  INFO [LocalJobRunner Map Task Executor #0] mapred.LocalJobRunner: Starting task: attempt_local1503738521_0024_m_000000_0
2024-04-24T01:18:17,257  INFO [LocalJobRunner Map Task Executor #0] mapred.Task:  Using ResourceCalculatorProcessTree : [ ]
2024-04-24T01:18:17,257  INFO [LocalJobRunner Map Task Executor #0] mapred.MapTask: Processing split: org.apache.hadoop.hive.ql.io.NullRowsInputFormat:file:/home/alex/Repositories/hive/ql/target/tmp/localscratchdir/ed817ece-3071-4c87-9132-a84b63fa4973/hive_2024-04-24_01-18-16_742_1240922144699447986-1/dummy_path/null:0+1
2024-04-24T01:18:17,258  INFO [LocalJobRunner Map Task Executor #0] exec.SerializationUtilities: Deserializing MapWork using kryo
2024-04-24T01:18:17,259  INFO [LocalJobRunner Map Task Executor #0] exec.Utilities: Deserialized plan (via FILE) - name: null size: 5,82KB
2024-04-24T01:18:17,259  INFO [LocalJobRunner Map Task Executor #0] mapred.MapTask: numReduceTasks: 0
2024-04-24T01:18:17,259  INFO [LocalJobRunner Map Task Executor #0] exec.MapOperator: Initializing Operator: MAP[0]
2024-04-24T01:18:17,259  INFO [LocalJobRunner Map Task Executor #0] mr.ExecMapper: 
<MAP>Id =0
  <Children>null
  <\Children>
  <Parent><\Parent>
<\MAP>
2024-04-24T01:18:17,260  INFO [LocalJobRunner Map Task Executor #0] exec.TableScanOperator: Initializing Operator: TS[0]
2024-04-24T01:18:17,260  INFO [LocalJobRunner Map Task Executor #0] exec.SelectOperator: Initializing Operator: SEL[1]
2024-04-24T01:18:17,260  INFO [LocalJobRunner Map Task Executor #0] exec.SelectOperator: SELECT null
2024-04-24T01:18:17,261  INFO [LocalJobRunner Map Task Executor #0] exec.UDTFOperator: Initializing Operator: UDTF[2]
2024-04-24T01:18:17,261  INFO [LocalJobRunner Map Task Executor #0] exec.SelectOperator: Initializing Operator: SEL[3]
2024-04-24T01:18:17,261  INFO [LocalJobRunner Map Task Executor #0] exec.SelectOperator: SELECT struct<col1:int,col2:int>
2024-04-24T01:18:17,261  INFO [LocalJobRunner Map Task Executor #0] exec.FileSinkOperator: Initializing Operator: FS[4]
2024-04-24T01:18:17,261  INFO [LocalJobRunner Map Task Executor #0] exec.FileSinkOperator: Using serializer : AbstractSerDe [log=org.apache.logging.slf4j.Log4jLogger@48b320a7, configuration=Optional[Configuration: core-default.xml, core-site.xml, mapred-default.xml, mapred-site.xml, yarn-default.xml, yarn-site.xml, hdfs-default.xml, hdfs-site.xml, file:/home/alex/Repositories/hive/ql/target/tmp/TestTxnNoBuckets/mapred/local/localRunner/alex/job_local1503738521_0024/job_local1503738521_0024.xml], properties={name=default.nonacidnonbucket, columns.types=int:int, serialization.format=1, columns=a,b, numFilesErasureCoded=0, columns.comments=&amp#0;, bucketing_version=2, serialization.lib=org.apache.hadoop.hive.ql.io.orc.OrcSerde, file.inputformat=org.apache.hadoop.hive.ql.io.orc.OrcInputFormat, file.outputformat=org.apache.hadoop.hive.ql.io.orc.OrcOutputFormat, location=file:/home/alex/Repositories/hive/ql/target/tmp/org.apache.hadoop.hive.ql.TestTxnNoBuckets-1713946626176/warehouse/nonacidnonbucket, column.name.delimiter=,}, tableProperties={name=default.nonacidnonbucket, columns.types=int:int, serialization.format=1, columns=a,b, numFilesErasureCoded=0, columns.comments=&amp#0;, bucketing_version=2, serialization.lib=org.apache.hadoop.hive.ql.io.orc.OrcSerde, file.inputformat=org.apache.hadoop.hive.ql.io.orc.OrcInputFormat, location=file:/home/alex/Repositories/hive/ql/target/tmp/org.apache.hadoop.hive.ql.TestTxnNoBuckets-1713946626176/warehouse/nonacidnonbucket, file.outputformat=org.apache.hadoop.hive.ql.io.orc.OrcOutputFormat, column.name.delimiter=,}, partitionProperties=Optional.empty, columnNames=[a, b], columnTypes=[int, int], getClass()=class org.apache.hadoop.hive.ql.io.orc.OrcSerde] and formatter : org.apache.hadoop.hive.ql.io.orc.OrcOutputFormat@112aad11
2024-04-24T01:18:17,262  INFO [LocalJobRunner Map Task Executor #0] exec.FileSinkOperator: Final Path: FS file:/home/alex/Repositories/hive/ql/target/tmp/org.apache.hadoop.hive.ql.TestTxnNoBuckets-1713946626176/warehouse/nonacidnonbucket/.hive-staging_hive_2024-04-24_01-18-16_742_1240922144699447986-1/_tmp.-ext-10002/000000_0
2024-04-24T01:18:17,262  INFO [LocalJobRunner Map Task Executor #0] exec.FileSinkOperator: Writing to temp file: FS file:/home/alex/Repositories/hive/ql/target/tmp/org.apache.hadoop.hive.ql.TestTxnNoBuckets-1713946626176/warehouse/nonacidnonbucket/.hive-staging_hive_2024-04-24_01-18-16_742_1240922144699447986-1/_task_tmp.-ext-10002/_tmp.000000_0
2024-04-24T01:18:17,262  INFO [LocalJobRunner Map Task Executor #0] exec.FileSinkOperator: New Final Path: FS file:/home/alex/Repositories/hive/ql/target/tmp/org.apache.hadoop.hive.ql.TestTxnNoBuckets-1713946626176/warehouse/nonacidnonbucket/.hive-staging_hive_2024-04-24_01-18-16_742_1240922144699447986-1/_tmp.-ext-10002/000000_0
2024-04-24T01:18:17,262  INFO [LocalJobRunner Map Task Executor #0] exec.FileSinkOperator: FS[4]: records written - 1
2024-04-24T01:18:17,262  INFO [LocalJobRunner Map Task Executor #0] impl.PhysicalFsWriter: ORC writer created for path: file:/home/alex/Repositories/hive/ql/target/tmp/org.apache.hadoop.hive.ql.TestTxnNoBuckets-1713946626176/warehouse/nonacidnonbucket/.hive-staging_hive_2024-04-24_01-18-16_742_1240922144699447986-1/_task_tmp.-ext-10002/_tmp.000000_0 with stripeSize: 67108864 blockSize: 268435456 compression: Compress: ZLIB buffer: 262144
2024-04-24T01:18:17,270  INFO [LocalJobRunner Map Task Executor #0] impl.WriterImpl: ORC writer created for path: file:/home/alex/Repositories/hive/ql/target/tmp/org.apache.hadoop.hive.ql.TestTxnNoBuckets-1713946626176/warehouse/nonacidnonbucket/.hive-staging_hive_2024-04-24_01-18-16_742_1240922144699447986-1/_task_tmp.-ext-10002/_tmp.000000_0 with stripeSize: 67108864 options: Compress: ZLIB buffer: 262144
2024-04-24T01:18:17,270  INFO [LocalJobRunner Map Task Executor #0] exec.MapOperator: MAP[0]: records read - 1
2024-04-24T01:18:17,270  INFO [LocalJobRunner Map Task Executor #0] exec.MapOperator: Closing Operator: MAP[0]
2024-04-24T01:18:17,270  INFO [LocalJobRunner Map Task Executor #0] exec.MapOperator: MAP[0]: Total records read - 3. abort - false
2024-04-24T01:18:17,270  INFO [LocalJobRunner Map Task Executor #0] exec.MapOperator: RECORDS_OUT_INTERMEDIATE:0, RECORDS_IN:3, RECORDS_OUT_OPERATOR_MAP_0:0, DESERIALIZE_ERRORS:0, 
2024-04-24T01:18:17,270  INFO [LocalJobRunner Map Task Executor #0] exec.TableScanOperator: Closing Operator: TS[0]
2024-04-24T01:18:17,270  INFO [LocalJobRunner Map Task Executor #0] exec.TableScanOperator: RECORDS_OUT_OPERATOR_TS_0:1, RECORDS_OUT_INTERMEDIATE:0, 
2024-04-24T01:18:17,270  INFO [LocalJobRunner Map Task Executor #0] exec.SelectOperator: Closing Operator: SEL[1]
2024-04-24T01:18:17,270  INFO [LocalJobRunner Map Task Executor #0] exec.SelectOperator: RECORDS_OUT_INTERMEDIATE:0, RECORDS_OUT_OPERATOR_SEL_1:1, 
2024-04-24T01:18:17,270  INFO [LocalJobRunner Map Task Executor #0] exec.UDTFOperator: Closing Operator: UDTF[2]
2024-04-24T01:18:17,271  INFO [LocalJobRunner Map Task Executor #0] exec.UDTFOperator: RECORDS_OUT_OPERATOR_UDTF_2:1, RECORDS_OUT_INTERMEDIATE:0, 
2024-04-24T01:18:17,271  INFO [LocalJobRunner Map Task Executor #0] exec.SelectOperator: Closing Operator: SEL[3]
2024-04-24T01:18:17,271  INFO [LocalJobRunner Map Task Executor #0] exec.SelectOperator: RECORDS_OUT_OPERATOR_SEL_3:1, RECORDS_OUT_INTERMEDIATE:0, 
2024-04-24T01:18:17,271  INFO [LocalJobRunner Map Task Executor #0] exec.FileSinkOperator: Closing Operator: FS[4]
2024-04-24T01:18:17,271  INFO [LocalJobRunner Map Task Executor #0] exec.FileSinkOperator: FS[4]: records written - 1
2024-04-24T01:18:17,278  INFO [LocalJobRunner Map Task Executor #0] exec.FileSinkOperator: RECORDS_OUT_1_default.nonacidnonbucket:1, RECORDS_OUT_INTERMEDIATE:0, TOTAL_TABLE_ROWS_WRITTEN:1, RECORDS_OUT_OPERATOR_FS_4:1, 
2024-04-24T01:18:17,279  INFO [LocalJobRunner Map Task Executor #0] mapred.LocalJobRunner: 
2024-04-24T01:18:17,279  INFO [LocalJobRunner Map Task Executor #0] mapred.Task: Task:attempt_local1503738521_0024_m_000000_0 is done. And is in the process of committing
2024-04-24T01:18:17,279  INFO [LocalJobRunner Map Task Executor #0] mapred.LocalJobRunner: map
2024-04-24T01:18:17,279  INFO [LocalJobRunner Map Task Executor #0] mapred.Task: Task 'attempt_local1503738521_0024_m_000000_0' done.
2024-04-24T01:18:17,279  INFO [LocalJobRunner Map Task Executor #0] mapred.Task: Final Counters for attempt_local1503738521_0024_m_000000_0: Counters: 27
	File System Counters
		FILE: Number of bytes read=465271
		FILE: Number of bytes written=28255575
		FILE: Number of read operations=0
		FILE: Number of large read operations=0
		FILE: Number of write operations=0
	Map-Reduce Framework
		Map input records=4
		Map output records=0
		Input split bytes=361
		Spilled Records=0
		Failed Shuffles=0
		Merged Map outputs=0
		GC time elapsed (ms)=0
		Total committed heap usage (bytes)=1091043328
	HIVE
		CREATED_FILES=1
		DESERIALIZE_ERRORS=0
		RECORDS_IN=3
		RECORDS_OUT_1_default.nonacidnonbucket=1
		RECORDS_OUT_INTERMEDIATE=0
		RECORDS_OUT_OPERATOR_FS_4=1
		RECORDS_OUT_OPERATOR_MAP_0=0
		RECORDS_OUT_OPERATOR_SEL_1=1
		RECORDS_OUT_OPERATOR_SEL_3=1
		RECORDS_OUT_OPERATOR_TS_0=1
		RECORDS_OUT_OPERATOR_UDTF_2=1
		TOTAL_TABLE_ROWS_WRITTEN=1
	File Input Format Counters 
		Bytes Read=5875
	File Output Format Counters 
		Bytes Written=0
2024-04-24T01:18:17,279  INFO [LocalJobRunner Map Task Executor #0] mapred.LocalJobRunner: Finishing task: attempt_local1503738521_0024_m_000000_0
2024-04-24T01:18:17,280  INFO [Thread-1521] mapred.LocalJobRunner: map task executor complete.
2024-04-24 01:18:18,255 Stage-1 map = 100%,  reduce = 0%
2024-04-24T01:18:18,255  INFO [main] exec.Task: 2024-04-24 01:18:18,255 Stage-1 map = 100%,  reduce = 0%
Ended Job = job_local1503738521_0024
2024-04-24T01:18:18,256  INFO [main] exec.Task: Ended Job = job_local1503738521_0024
2024-04-24T01:18:18,258  INFO [main] ql.Driver: Starting task [Stage-7:CONDITIONAL] in serial mode
Stage-4 is selected by condition resolver.
2024-04-24T01:18:18,259  INFO [main] exec.Task: Stage-4 is selected by condition resolver.
Stage-3 is filtered out by condition resolver.
2024-04-24T01:18:18,259  INFO [main] exec.Task: Stage-3 is filtered out by condition resolver.
Stage-5 is filtered out by condition resolver.
2024-04-24T01:18:18,259  INFO [main] exec.Task: Stage-5 is filtered out by condition resolver.
2024-04-24T01:18:18,259  INFO [main] ql.Driver: Starting task [Stage-4:MOVE] in serial mode
Moving data to directory file:/home/alex/Repositories/hive/ql/target/tmp/org.apache.hadoop.hive.ql.TestTxnNoBuckets-1713946626176/warehouse/nonacidnonbucket/.hive-staging_hive_2024-04-24_01-18-16_742_1240922144699447986-1/-ext-10000
2024-04-24T01:18:18,259  INFO [main] exec.Task: Moving data to directory file:/home/alex/Repositories/hive/ql/target/tmp/org.apache.hadoop.hive.ql.TestTxnNoBuckets-1713946626176/warehouse/nonacidnonbucket/.hive-staging_hive_2024-04-24_01-18-16_742_1240922144699447986-1/-ext-10000 from file:/home/alex/Repositories/hive/ql/target/tmp/org.apache.hadoop.hive.ql.TestTxnNoBuckets-1713946626176/warehouse/nonacidnonbucket/.hive-staging_hive_2024-04-24_01-18-16_742_1240922144699447986-1/-ext-10002
2024-04-24T01:18:18,260  INFO [main] ql.Driver: Starting task [Stage-0:MOVE] in serial mode
Loading data to table default.nonacidnonbucket
2024-04-24T01:18:18,260  INFO [main] exec.Task: Loading data to table default.nonacidnonbucket from file:/home/alex/Repositories/hive/ql/target/tmp/org.apache.hadoop.hive.ql.TestTxnNoBuckets-1713946626176/warehouse/nonacidnonbucket/.hive-staging_hive_2024-04-24_01-18-16_742_1240922144699447986-1/-ext-10000
2024-04-24T01:18:18,260  INFO [main] HiveMetaStore.audit: ugi=alex	ip=unknown-ip-addr	cmd=get_table : tbl=hive.default.nonacidnonbucket	
2024-04-24T01:18:18,269  INFO [main] metastore.HMSHandler: Skipping translation for processor with null
2024-04-24T01:18:18,269  INFO [main] HiveMetaStore.audit: ugi=alex	ip=unknown-ip-addr	cmd=get_table : tbl=hive.default.nonacidnonbucket	
2024-04-24T01:18:18,278  INFO [main] metastore.HMSHandler: Skipping translation for processor with null
2024-04-24T01:18:18,279  WARN [main] metadata.Hive: Cannot get a table snapshot for nonacidnonbucket
2024-04-24T01:18:18,279  INFO [main] HiveMetaStore.audit: ugi=alex	ip=unknown-ip-addr	cmd=alter_table: hive.default.nonacidnonbucket newtbl=nonacidnonbucket	
2024-04-24T01:18:18,305  INFO [main] ql.Driver: Starting task [Stage-2:STATS] in serial mode
2024-04-24T01:18:18,305  INFO [main] HiveMetaStore.audit: ugi=alex	ip=unknown-ip-addr	cmd=get_table : tbl=hive.default.nonacidnonbucket	
2024-04-24T01:18:18,314  INFO [main] metastore.HMSHandler: Skipping translation for processor with null
2024-04-24T01:18:18,314  INFO [main] stats.BasicStatsTask: Executing stats task
2024-04-24T01:18:18,314  INFO [main] fs.FSStatsPublisher: created : file:/home/alex/Repositories/hive/ql/target/tmp/localscratchdir/ed817ece-3071-4c87-9132-a84b63fa4973/hive_2024-04-24_01-18-16_742_1240922144699447986-1/-mr-10001
2024-04-24T01:18:18,315  INFO [main] HiveMetaStore.audit: ugi=alex	ip=unknown-ip-addr	cmd=get_table : tbl=hive.default.nonacidnonbucket	
2024-04-24T01:18:18,324  INFO [main] metastore.HMSHandler: Skipping translation for processor with null
2024-04-24T01:18:18,325  INFO [main] FileOperations: Read stats for default.nonacidnonbucket/, numRows, true, 1, false: 
2024-04-24T01:18:18,325  INFO [main] FileOperations: Read stats for default.nonacidnonbucket/, rawDataSize, true, 8, false: 
2024-04-24T01:18:18,325  WARN [main] metadata.Hive: Cannot get a table snapshot for nonacidnonbucket
2024-04-24T01:18:18,325  INFO [main] HiveMetaStore.audit: ugi=alex	ip=unknown-ip-addr	cmd=alter_table: hive.default.nonacidnonbucket newtbl=nonacidnonbucket	
2024-04-24T01:18:18,361  INFO [main] stats.BasicStatsTask: Table default.nonacidnonbucket stats: [numFiles=3, numRows=7, totalSize=765, rawDataSize=56, numFilesErasureCoded=0]
2024-04-24T01:18:18,362  INFO [main] metadata.Hive: Dumping metastore api call timing information for : execution phase
2024-04-24T01:18:18,362  INFO [main] metadata.Hive: Total time spent in each metastore function (ms): {alter_table_(String, String, String, Table, EnvironmentContext, String)=62, getTable_(GetTableRequest)=36, isCompatibleWith_(Configuration)=0}
MapReduce Jobs Launched: 
2024-04-24T01:18:18,362  INFO [main] ql.Driver: MapReduce Jobs Launched: 
Stage-Stage-1:  HDFS Read: 0 HDFS Write: 0 SUCCESS
2024-04-24T01:18:18,362  INFO [main] ql.Driver: Stage-Stage-1:  HDFS Read: 0 HDFS Write: 0 SUCCESS
Total MapReduce CPU Time Spent: 0 msec
2024-04-24T01:18:18,362  INFO [main] ql.Driver: Total MapReduce CPU Time Spent: 0 msec
2024-04-24T01:18:18,362  INFO [main] ql.Driver: Completed executing command(queryId=alex_20240424011816_f5f8642d-e6aa-4177-a1ba-9b1f8fe93cca); Time taken: 1.41 seconds
2024-04-24T01:18:18,362  INFO [main] lockmgr.DbTxnManager: Stopped heartbeat for query: alex_20240424011816_f5f8642d-e6aa-4177-a1ba-9b1f8fe93cca
2024-04-24T01:18:18,368  INFO [main] txn.TxnHandler: Expected to move at least one record from txn_components to completed_txn_components when committing txn! txnid:15
2024-04-24T01:18:18,376  INFO [main] txn.TxnHandler: Removed transactions: ([15]) from MIN_HISTORY_LEVEL
2024-04-24T01:18:18,377  WARN [main] txn.CompactionTxnHandler: No compaction queue record found for Compaction type transaction commit. txnId:15
2024-04-24T01:18:18,377  INFO [main] ql.TxnCommandsBaseForTests: Running the query: alter table nonAcidNonBucket SET TBLPROPERTIES ('transactional'='true', 'transactional_properties'='default')
2024-04-24T01:18:18,378  INFO [main] ql.Context: Deleting scratch dir: file:/home/alex/Repositories/hive/ql/target/tmp/org.apache.hadoop.hive.ql.TestTxnNoBuckets-1713946626176/warehouse/nonacidnonbucket/.hive-staging_hive_2024-04-24_01-18-16_742_1240922144699447986-1
2024-04-24T01:18:18,378  INFO [main] cleanup.SyncCleanupService: Deleted directory: file:/home/alex/Repositories/hive/ql/target/tmp/org.apache.hadoop.hive.ql.TestTxnNoBuckets-1713946626176/warehouse/nonacidnonbucket/.hive-staging_hive_2024-04-24_01-18-16_742_1240922144699447986-1 on fs with scheme file
2024-04-24T01:18:18,378  INFO [main] ql.Context: Deleting scratch dir: file:/home/alex/Repositories/hive/ql/target/tmp/localscratchdir/ed817ece-3071-4c87-9132-a84b63fa4973/hive_2024-04-24_01-18-16_742_1240922144699447986-1
2024-04-24T01:18:18,379  INFO [main] cleanup.SyncCleanupService: Deleted directory: file:/home/alex/Repositories/hive/ql/target/tmp/localscratchdir/ed817ece-3071-4c87-9132-a84b63fa4973/hive_2024-04-24_01-18-16_742_1240922144699447986-1 on fs with scheme file
2024-04-24T01:18:18,379  INFO [main] ql.Driver: Compiling command(queryId=alex_20240424011818_fa9f587e-54a9-4f77-a21a-bd11778c8619): alter table nonAcidNonBucket SET TBLPROPERTIES ('transactional'='true', 'transactional_properties'='default')
2024-04-24T01:18:18,384  INFO [main] txn.TxnHandler: Added entries to MIN_HISTORY_LEVEL for current txns: ([16]) with min_open_txn: 16
2024-04-24T01:18:18,384  INFO [main] lockmgr.DbTxnManager: Opened txnid:16
2024-04-24T01:18:18,386  INFO [main] HiveMetaStore.audit: ugi=alex	ip=unknown-ip-addr	cmd=get_table : tbl=hive.default.nonAcidNonBucket	
2024-04-24T01:18:18,398  INFO [main] metastore.HMSHandler: Skipping translation for processor with null
2024-04-24T01:18:18,400  INFO [main] HiveMetaStore.audit: ugi=alex	ip=unknown-ip-addr	cmd=get_table : tbl=hive.default.nonAcidNonBucket	
2024-04-24T01:18:18,411  INFO [main] metastore.HMSHandler: Skipping translation for processor with null
2024-04-24T01:18:18,411  INFO [main] ql.Driver: Semantic Analysis Completed (retrial = false)
2024-04-24T01:18:18,411  INFO [main] ql.Driver: Created Hive schema: Schema(fieldSchemas:null, properties:null)
2024-04-24T01:18:18,411  INFO [main] metadata.Hive: Dumping metastore api call timing information for : compilation phase
2024-04-24T01:18:18,411  INFO [main] metadata.Hive: Total time spent in each metastore function (ms): {getTable_(GetTableRequest)=25, openTxn_(String, TxnType)=3, getValidTxns_(long)=1, isCompatibleWith_(Configuration)=1, flushCache_()=0, commitTxn_(CommitTxnRequest)=15}
2024-04-24T01:18:18,411  INFO [main] ql.Driver: Completed compiling command(queryId=alex_20240424011818_fa9f587e-54a9-4f77-a21a-bd11778c8619); Time taken: 0.032 seconds
2024-04-24T01:18:18,412  INFO [main] lockmgr.DbTxnManager: Setting lock request transaction to txnid:16 for queryId=alex_20240424011818_fa9f587e-54a9-4f77-a21a-bd11778c8619
2024-04-24T01:18:18,412  INFO [main] lockmgr.DbLockManager: Requesting lock for queryId=alex_20240424011818_fa9f587e-54a9-4f77-a21a-bd11778c8619
2024-04-24T01:18:18,436  INFO [main] lockmgr.DbLockManager: Response to queryId=alex_20240424011818_fa9f587e-54a9-4f77-a21a-bd11778c8619 LockResponse(lockid:10, state:ACQUIRED)
2024-04-24T01:18:18,436  INFO [main] ql.Driver: Operation ALTERTABLE_PROPERTIES obtained 1 locks
2024-04-24T01:18:18,436  INFO [main] ql.Driver: Executing command(queryId=alex_20240424011818_fa9f587e-54a9-4f77-a21a-bd11778c8619): alter table nonAcidNonBucket SET TBLPROPERTIES ('transactional'='true', 'transactional_properties'='default')
2024-04-24T01:18:18,436  INFO [main] ql.Driver: Starting task [Stage-0:DDL] in serial mode
2024-04-24T01:18:18,438  INFO [main] HiveMetaStore.audit: ugi=alex	ip=unknown-ip-addr	cmd=get_table : tbl=hive.default.nonAcidNonBucket	
2024-04-24T01:18:18,453  INFO [main] metastore.HMSHandler: Skipping translation for processor with null
2024-04-24T01:18:18,463  INFO [main] HiveMetaStore.audit: ugi=alex	ip=unknown-ip-addr	cmd=alter_table: hive.default.nonAcidNonBucket newtbl=nonacidnonbucket	
2024-04-24T01:18:18,519  INFO [main] metadata.Hive: Dumping metastore api call timing information for : execution phase
2024-04-24T01:18:18,519  INFO [main] metadata.Hive: Total time spent in each metastore function (ms): {getTable_(GetTableRequest)=15, isCompatibleWith_(Configuration)=0, alter_table_(String, String, String, Table, EnvironmentContext, String)=57, getValidWriteIds_(List, String)=7}
2024-04-24T01:18:18,520  INFO [main] ql.Driver: Completed executing command(queryId=alex_20240424011818_fa9f587e-54a9-4f77-a21a-bd11778c8619); Time taken: 0.083 seconds
2024-04-24T01:18:18,520  INFO [main] lockmgr.DbTxnManager: Stopped heartbeat for query: alex_20240424011818_fa9f587e-54a9-4f77-a21a-bd11778c8619
2024-04-24T01:18:18,525  INFO [main] txn.TxnHandler: Expected to move at least one record from txn_components to completed_txn_components when committing txn! txnid:16
2024-04-24T01:18:18,534  INFO [main] txn.TxnHandler: Removed transactions: ([16]) from MIN_HISTORY_LEVEL
2024-04-24T01:18:18,536  WARN [main] txn.CompactionTxnHandler: No compaction queue record found for Compaction type transaction commit. txnId:16
2024-04-24T01:18:18,537  INFO [main] ql.TxnCommandsBaseForTests: Running the query: select ROW__ID, a, b, INPUT__FILE__NAME from nonAcidNonBucket order by ROW__ID
2024-04-24T01:18:18,538  INFO [main] ql.Driver: Compiling command(queryId=alex_20240424011818_d105aa22-15f1-492c-a923-78af169744e0): select ROW__ID, a, b, INPUT__FILE__NAME from nonAcidNonBucket order by ROW__ID
2024-04-24T01:18:18,541  INFO [main] txn.TxnHandler: Added entries to MIN_HISTORY_LEVEL for current txns: ([17]) with min_open_txn: 16
2024-04-24T01:18:18,542  INFO [main] lockmgr.DbTxnManager: Opened txnid:17
2024-04-24T01:18:18,542  INFO [main] parse.CalcitePlanner: Starting caching scope for: 
2024-04-24T01:18:18,542  INFO [main] parse.CalcitePlanner: Starting Semantic Analysis
2024-04-24T01:18:18,546  INFO [main] parse.CalcitePlanner: Completed phase 1 of Semantic Analysis
2024-04-24T01:18:18,546  INFO [main] parse.CalcitePlanner: Get metadata for source tables
2024-04-24T01:18:18,549  INFO [main] HiveMetaStore.audit: ugi=alex	ip=unknown-ip-addr	cmd=get_table : tbl=hive.default.nonacidnonbucket	
2024-04-24T01:18:18,559  INFO [main] metastore.HMSHandler: Skipping translation for processor with null
2024-04-24T01:18:18,559  INFO [main] parse.CalcitePlanner: Get metadata for subqueries
2024-04-24T01:18:18,559  INFO [main] parse.CalcitePlanner: Get metadata for destination tables
2024-04-24T01:18:18,560  INFO [main] parse.CalcitePlanner: Completed getting MetaData in Semantic Analysis
2024-04-24T01:18:18,578  INFO [main] HiveMetaStore.audit: ugi=alex	ip=unknown-ip-addr	cmd=get_all_table_constraints : tbl=hive.default.nonacidnonbucket	
2024-04-24T01:18:18,593  INFO [main] calcite.RelOptHiveTable: Calculating column statistics for default.nonacidnonbucket, projIndxSet: [0, 1], allowMissingStats: true
2024-04-24T01:18:18,594  INFO [main] HiveMetaStore.audit: ugi=alex	ip=unknown-ip-addr	cmd=get_table_statistics_req: table=hive.default.nonacidnonbucket	
2024-04-24T01:18:18,611  WARN [main] calcite.RelOptHiveTable: No Stats for default@nonacidnonbucket, Columns: b, a
No Stats for default@nonacidnonbucket, Columns: b, a
2024-04-24T01:18:18,611  INFO [main] SessionState: No Stats for default@nonacidnonbucket, Columns: b, a
2024-04-24T01:18:18,676  INFO [main] parse.CalcitePlanner: Get metadata for source tables
2024-04-24T01:18:18,676  INFO [main] parse.CalcitePlanner: Get metadata for subqueries
2024-04-24T01:18:18,676  INFO [main] parse.CalcitePlanner: Get metadata for destination tables
2024-04-24T01:18:18,677  INFO [main] common.FileUtils: Creating directory if it doesn't exist: file:/home/alex/Repositories/hive/ql/target/tmp/localscratchdir/ed817ece-3071-4c87-9132-a84b63fa4973/hive_2024-04-24_01-18-18_537_2096012633980182688-1/-mr-10001/.hive-staging_hive_2024-04-24_01-18-18_537_2096012633980182688-1
2024-04-24T01:18:18,684  INFO [main] parse.CalcitePlanner: CBO Succeeded; optimized logical plan.
2024-04-24T01:18:18,689  INFO [main] optimizer.ColumnPrunerProcFactory: RS 2 oldColExprMap: {VALUE._col2=Column[_col3], KEY.reducesinkkey0=Column[_col0], VALUE._col0=Column[_col1], VALUE._col1=Column[_col2]}
2024-04-24T01:18:18,689  INFO [main] optimizer.ColumnPrunerProcFactory: RS 2 newColExprMap: {VALUE._col1=Column[_col2], VALUE._col0=Column[_col1], KEY.reducesinkkey0=Column[_col0], VALUE._col2=Column[_col3]}
2024-04-24T01:18:18,690  INFO [main] optimizer.BucketVersionPopulator: not considering bucketingVersion for: TS[0] because it has -1<2 buckets 
2024-04-24T01:18:18,691  INFO [main] optimizer.SortedDynPartitionOptimizer: Sorted dynamic partitioning optimization kicked in..
2024-04-24T01:18:18,704  INFO [main] parse.CalcitePlanner: Completed plan generation
2024-04-24T01:18:18,704  INFO [main] parse.CalcitePlanner: Ending caching scope for: 
2024-04-24T01:18:18,704  INFO [main] ql.Driver: Semantic Analysis Completed (retrial = false)
2024-04-24T01:18:18,704  INFO [main] ql.Driver: Created Hive schema: Schema(fieldSchemas:[FieldSchema(name:row__id, type:struct<writeid:bigint,bucketid:int,rowid:bigint>, comment:null), FieldSchema(name:a, type:int, comment:null), FieldSchema(name:b, type:int, comment:null), FieldSchema(name:input__file__name, type:string, comment:null)], properties:null)
2024-04-24T01:18:18,705  INFO [main] exec.ListSinkOperator: Initializing Operator: LIST_SINK[5]
2024-04-24T01:18:18,705  INFO [main] metadata.Hive: Dumping metastore api call timing information for : compilation phase
2024-04-24T01:18:18,705  INFO [main] metadata.Hive: Total time spent in each metastore function (ms): {getTableColumnStatistics_(String, String, List, String)=17, getAllTableConstraints_(AllTableConstraintsRequest)=9, getTable_(GetTableRequest)=10, flushCache_()=0, getValidTxns_(long)=0, isCompatibleWith_(Configuration)=1, openTxn_(String, TxnType)=2, getValidWriteIds_(List, String)=6, commitTxn_(CommitTxnRequest)=17}
2024-04-24T01:18:18,706  INFO [main] ql.Driver: Completed compiling command(queryId=alex_20240424011818_d105aa22-15f1-492c-a923-78af169744e0); Time taken: 0.168 seconds
2024-04-24T01:18:18,706  INFO [main] lockmgr.DbTxnManager: Setting lock request transaction to txnid:17 for queryId=alex_20240424011818_d105aa22-15f1-492c-a923-78af169744e0
2024-04-24T01:18:18,707  INFO [main] lockmgr.DbLockManager: Requesting lock for queryId=alex_20240424011818_d105aa22-15f1-492c-a923-78af169744e0
2024-04-24T01:18:18,729  INFO [main] lockmgr.DbLockManager: Response to queryId=alex_20240424011818_d105aa22-15f1-492c-a923-78af169744e0 LockResponse(lockid:11, state:ACQUIRED)
2024-04-24T01:18:18,729  INFO [main] ql.Driver: Operation QUERY obtained 1 locks
2024-04-24T01:18:18,730  INFO [main] ql.Driver: Executing command(queryId=alex_20240424011818_d105aa22-15f1-492c-a923-78af169744e0): select ROW__ID, a, b, INPUT__FILE__NAME from nonAcidNonBucket order by ROW__ID
2024-04-24T01:18:18,730  WARN [main] ql.Driver: Hive-on-MR is deprecated in Hive 2 and may not be available in the future versions. Consider using a different execution engine (i.e. tez, spark) or using Hive 1.X releases.
Query ID = alex_20240424011818_d105aa22-15f1-492c-a923-78af169744e0
2024-04-24T01:18:18,730  INFO [main] ql.Driver: Query ID = alex_20240424011818_d105aa22-15f1-492c-a923-78af169744e0
Total jobs = 1
2024-04-24T01:18:18,730  INFO [main] ql.Driver: Total jobs = 1
Launching Job 1 out of 1
2024-04-24T01:18:18,730  INFO [main] ql.Driver: Launching Job 1 out of 1
2024-04-24T01:18:18,940  INFO [main] ql.Driver: Starting task [Stage-1:MAPRED] in serial mode
Number of reduce tasks determined at compile time: 1
2024-04-24T01:18:18,940  INFO [main] exec.Task: Number of reduce tasks determined at compile time: 1
In order to change the average load for a reducer (in bytes):
2024-04-24T01:18:18,940  INFO [main] exec.Task: In order to change the average load for a reducer (in bytes):
  set hive.exec.reducers.bytes.per.reducer=<number>
2024-04-24T01:18:18,940  INFO [main] exec.Task:   set hive.exec.reducers.bytes.per.reducer=<number>
In order to limit the maximum number of reducers:
2024-04-24T01:18:18,940  INFO [main] exec.Task: In order to limit the maximum number of reducers:
  set hive.exec.reducers.max=<number>
2024-04-24T01:18:18,940  INFO [main] exec.Task:   set hive.exec.reducers.max=<number>
In order to set a constant number of reducers:
2024-04-24T01:18:18,940  INFO [main] exec.Task: In order to set a constant number of reducers:
  set mapreduce.job.reduces=<number>
2024-04-24T01:18:18,940  INFO [main] exec.Task:   set mapreduce.job.reduces=<number>
2024-04-24T01:18:18,943  INFO [main] mr.ExecDriver: Using org.apache.hadoop.hive.ql.io.HiveInputFormat
2024-04-24T01:18:18,943  INFO [main] exec.Utilities: Processing alias nonacidnonbucket
2024-04-24T01:18:18,943  INFO [main] exec.Utilities: Adding 1 inputs; the first input is file:/home/alex/Repositories/hive/ql/target/tmp/org.apache.hadoop.hive.ql.TestTxnNoBuckets-1713946626176/warehouse/nonacidnonbucket
2024-04-24T01:18:18,953  INFO [main] exec.SerializationUtilities: Serializing MapWork using kryo
2024-04-24T01:18:18,954  INFO [main] exec.Utilities: Serialized plan (via FILE) - name: null size: 4,98KB
2024-04-24T01:18:18,958  INFO [main] exec.SerializationUtilities: Serializing ReduceWork using kryo
2024-04-24T01:18:18,960  INFO [main] exec.Utilities: Serialized plan (via FILE) - name: null size: 6,10KB
2024-04-24T01:18:18,960  WARN [main] impl.MetricsSystemImpl: JobTracker metrics system already initialized!
2024-04-24T01:18:18,967  WARN [main] impl.MetricsSystemImpl: JobTracker metrics system already initialized!
2024-04-24T01:18:18,975  WARN [main] mapreduce.JobResourceUploader: Hadoop command-line option parsing not performed. Implement the Tool interface and execute your application with ToolRunner to remedy this.
2024-04-24T01:18:18,980  WARN [main] mapreduce.JobResourceUploader: No job jar file set.  User classes may not be found. See Job or Job#setJar(String).
2024-04-24T01:18:18,981  INFO [main] io.HiveInputFormat: hive.io.file.readcolumn.ids = 0,1
2024-04-24T01:18:18,981  INFO [main] io.HiveInputFormat: hive.io.file.readcolumn.names = a,b
2024-04-24T01:18:18,981  INFO [main] io.HiveInputFormat: Generating splits for dirs: file:/home/alex/Repositories/hive/ql/target/tmp/org.apache.hadoop.hive.ql.TestTxnNoBuckets-1713946626176/warehouse/nonacidnonbucket
2024-04-24T01:18:18,981  INFO [main] orc.OrcInputFormat: getSplits started
2024-04-24T01:18:18,981  INFO [main] orc.OrcInputFormat: Context:: isAcid: true isVectorMode: false sarg: null minSplitSize: 1 maxSplitSize: 256000000 splitStrategy: HYBRID footerInSplits: false numBuckets: 0 numThreads: 10 cacheMemSize: 268435456 cacheStripeDetails: true useSoftReference: false writeIdList: default.nonacidnonbucket:10000000:9223372036854775807:: isTransactionalTable: true txnProperties: default 
2024-04-24T01:18:18,981  INFO [main] orc.OrcInputFormat: ORC pushdown predicate: null
2024-04-24T01:18:18,991  INFO [main] orc.OrcInputFormat: FooterCacheHitRatio: 0/3
2024-04-24T01:18:18,991  INFO [main] orc.OrcInputFormat: getSplits finished (#splits: 3). duration: 10 ms
2024-04-24T01:18:18,991  INFO [main] io.HiveInputFormat: number of splits 3
2024-04-24T01:18:19,009  INFO [main] mapreduce.JobSubmitter: number of splits:3
2024-04-24T01:18:19,028  INFO [main] mapreduce.JobSubmitter: Submitting tokens for job: job_local325048897_0025
2024-04-24T01:18:19,029  INFO [main] mapreduce.JobSubmitter: Executing with tokens: []
2024-04-24T01:18:19,088  INFO [main] mapreduce.Job: The url to track the job: http://localhost:8080/
Job running in-process (local Hadoop)
2024-04-24T01:18:19,088  INFO [main] exec.Task: Job running in-process (local Hadoop)
2024-04-24T01:18:19,088  INFO [Thread-1569] mapred.LocalJobRunner: OutputCommitter set in config org.apache.hadoop.hive.ql.io.HiveFileFormatUtils$NullOutputCommitter
2024-04-24T01:18:19,088  INFO [Thread-1569] mapred.LocalJobRunner: OutputCommitter is org.apache.hadoop.hive.ql.io.HiveFileFormatUtils$NullOutputCommitter
2024-04-24T01:18:19,090  INFO [Thread-1569] mapred.LocalJobRunner: Waiting for map tasks
2024-04-24T01:18:19,090  INFO [LocalJobRunner Map Task Executor #0] mapred.LocalJobRunner: Starting task: attempt_local325048897_0025_m_000000_0
2024-04-24T01:18:19,091  INFO [LocalJobRunner Map Task Executor #0] mapred.Task:  Using ResourceCalculatorProcessTree : [ ]
2024-04-24T01:18:19,091  INFO [LocalJobRunner Map Task Executor #0] mapred.MapTask: Processing split: org.apache.hadoop.hive.ql.io.orc.OrcInputFormat:OrcSplit [file:/home/alex/Repositories/hive/ql/target/tmp/org.apache.hadoop.hive.ql.TestTxnNoBuckets-1713946626176/warehouse/nonacidnonbucket/000000_0_copy_1, start=0, length=257, isOriginal=true, fileLength=257, hasFooter=false, hasBase=true, deltas=0]
2024-04-24T01:18:19,092  INFO [LocalJobRunner Map Task Executor #0] exec.SerializationUtilities: Deserializing MapWork using kryo
2024-04-24T01:18:19,092  INFO [LocalJobRunner Map Task Executor #0] exec.Utilities: Deserialized plan (via FILE) - name: null size: 4,98KB
2024-04-24T01:18:19,094  INFO [LocalJobRunner Map Task Executor #0] orc.OrcRawRecordMerger: min key = null, max key = null
2024-04-24T01:18:19,095  INFO [LocalJobRunner Map Task Executor #0] orc.ReaderImpl: Reading ORC rows from file:/home/alex/Repositories/hive/ql/target/tmp/org.apache.hadoop.hive.ql.TestTxnNoBuckets-1713946626176/warehouse/nonacidnonbucket/000000_0_copy_1 with {include: [true, true, true], offset: 0, length: 257, schema: struct<a:int,b:int>, includeAcidColumns: true}
2024-04-24T01:18:19,104  INFO [LocalJobRunner Map Task Executor #0] orc.OrcRawRecordMerger: updated min key = null, max key = null
2024-04-24T01:18:19,105  INFO [LocalJobRunner Map Task Executor #0] mapred.MapTask: numReduceTasks: 1
2024-04-24T01:18:19,111  INFO [LocalJobRunner Map Task Executor #0] mapred.MapTask: (EQUATOR) 0 kvi 26214396(104857584)
2024-04-24T01:18:19,111  INFO [LocalJobRunner Map Task Executor #0] mapred.MapTask: mapreduce.task.io.sort.mb: 100
2024-04-24T01:18:19,111  INFO [LocalJobRunner Map Task Executor #0] mapred.MapTask: soft limit at 83886080
2024-04-24T01:18:19,111  INFO [LocalJobRunner Map Task Executor #0] mapred.MapTask: bufstart = 0; bufvoid = 104857600
2024-04-24T01:18:19,111  INFO [LocalJobRunner Map Task Executor #0] mapred.MapTask: kvstart = 26214396; length = 6553600
2024-04-24T01:18:19,111  INFO [LocalJobRunner Map Task Executor #0] mapred.MapTask: Map output collector class = org.apache.hadoop.mapred.MapTask$MapOutputBuffer
2024-04-24T01:18:19,112  INFO [LocalJobRunner Map Task Executor #0] exec.MapOperator: Initializing Operator: MAP[0]
2024-04-24T01:18:19,113  INFO [LocalJobRunner Map Task Executor #0] mr.ExecMapper: 
<MAP>Id =0
  <Children>null
  <\Children>
  <Parent><\Parent>
<\MAP>
2024-04-24T01:18:19,113  INFO [LocalJobRunner Map Task Executor #0] exec.TableScanOperator: Initializing Operator: TS[0]
2024-04-24T01:18:19,113  INFO [LocalJobRunner Map Task Executor #0] exec.SelectOperator: Initializing Operator: SEL[1]
2024-04-24T01:18:19,113  INFO [LocalJobRunner Map Task Executor #0] exec.SelectOperator: SELECT struct<a:int,b:int,row__id:struct<writeid:bigint,bucketid:int,rowid:bigint>,input__file__name:string>
2024-04-24T01:18:19,113  INFO [LocalJobRunner Map Task Executor #0] exec.ReduceSinkOperator: Initializing Operator: RS[2]
2024-04-24T01:18:19,114  INFO [LocalJobRunner Map Task Executor #0] exec.ReduceSinkOperator: Using tag = -1
2024-04-24T01:18:19,114  INFO [LocalJobRunner Map Task Executor #0] exec.ReduceSinkOperator: keys are [reducesinkkey0] num distributions: 1
2024-04-24T01:18:19,114  INFO [LocalJobRunner Map Task Executor #0] exec.ReduceSinkOperator: RS[2]: records written - 1
2024-04-24T01:18:19,114  INFO [LocalJobRunner Map Task Executor #0] exec.MapOperator: MAP[0]: records read - 1
2024-04-24T01:18:19,115  INFO [LocalJobRunner Map Task Executor #0] exec.MapOperator: Closing Operator: MAP[0]
2024-04-24T01:18:19,115  INFO [LocalJobRunner Map Task Executor #0] exec.MapOperator: MAP[0]: Total records read - 4. abort - false
2024-04-24T01:18:19,115  INFO [LocalJobRunner Map Task Executor #0] exec.MapOperator: RECORDS_OUT_OPERATOR_MAP_0:0, RECORDS_IN:4, DESERIALIZE_ERRORS:0, RECORDS_OUT_INTERMEDIATE:0, 
2024-04-24T01:18:19,115  INFO [LocalJobRunner Map Task Executor #0] exec.TableScanOperator: Closing Operator: TS[0]
2024-04-24T01:18:19,115  INFO [LocalJobRunner Map Task Executor #0] exec.TableScanOperator: RECORDS_OUT_OPERATOR_TS_0:4, RECORDS_OUT_INTERMEDIATE:0, 
2024-04-24T01:18:19,115  INFO [LocalJobRunner Map Task Executor #0] exec.SelectOperator: Closing Operator: SEL[1]
2024-04-24T01:18:19,115  INFO [LocalJobRunner Map Task Executor #0] exec.SelectOperator: RECORDS_OUT_INTERMEDIATE:0, RECORDS_OUT_OPERATOR_SEL_1:4, 
2024-04-24T01:18:19,115  INFO [LocalJobRunner Map Task Executor #0] exec.ReduceSinkOperator: Closing Operator: RS[2]
2024-04-24T01:18:19,115  INFO [LocalJobRunner Map Task Executor #0] exec.ReduceSinkOperator: RS[2]: Total records written - 4. abort - false
2024-04-24T01:18:19,115  INFO [LocalJobRunner Map Task Executor #0] exec.ReduceSinkOperator: RECORDS_OUT_OPERATOR_RS_2:4, RECORDS_OUT_INTERMEDIATE:4, 
2024-04-24T01:18:19,115  INFO [LocalJobRunner Map Task Executor #0] mapred.LocalJobRunner: 
2024-04-24T01:18:19,115  INFO [LocalJobRunner Map Task Executor #0] mapred.MapTask: Starting flush of map output
2024-04-24T01:18:19,115  INFO [LocalJobRunner Map Task Executor #0] mapred.MapTask: Spilling map output
2024-04-24T01:18:19,115  INFO [LocalJobRunner Map Task Executor #0] mapred.MapTask: bufstart = 0; bufend = 740; bufvoid = 104857600
2024-04-24T01:18:19,115  INFO [LocalJobRunner Map Task Executor #0] mapred.MapTask: kvstart = 26214396(104857584); kvend = 26214384(104857536); length = 13/6553600
2024-04-24T01:18:19,126  INFO [LocalJobRunner Map Task Executor #0] mapred.MapTask: Finished spill 0
2024-04-24T01:18:19,129  INFO [LocalJobRunner Map Task Executor #0] mapred.Task: Task:attempt_local325048897_0025_m_000000_0 is done. And is in the process of committing
2024-04-24T01:18:19,129  INFO [LocalJobRunner Map Task Executor #0] mapred.LocalJobRunner: OrcSplit [file:/home/alex/Repositories/hive/ql/target/tmp/org.apache.hadoop.hive.ql.TestTxnNoBuckets-1713946626176/warehouse/nonacidnonbucket/000000_0_copy_1, start=0, length=257, isOriginal=true, fileLength=257, hasFooter=false, hasBase=true, deltas=0]
2024-04-24T01:18:19,129  INFO [LocalJobRunner Map Task Executor #0] mapred.Task: Task 'attempt_local325048897_0025_m_000000_0' done.
2024-04-24T01:18:19,129  INFO [LocalJobRunner Map Task Executor #0] mapred.Task: Final Counters for attempt_local325048897_0025_m_000000_0: Counters: 24
	File System Counters
		FILE: Number of bytes read=473324
		FILE: Number of bytes written=29431979
		FILE: Number of read operations=0
		FILE: Number of large read operations=0
		FILE: Number of write operations=0
	Map-Reduce Framework
		Map input records=4
		Map output records=4
		Map output bytes=740
		Map output materialized bytes=758
		Input split bytes=489
		Combine input records=0
		Spilled Records=4
		Failed Shuffles=0
		Merged Map outputs=0
		GC time elapsed (ms)=0
		Total committed heap usage (bytes)=1091043328
	HIVE
		DESERIALIZE_ERRORS=0
		RECORDS_IN=4
		RECORDS_OUT_INTERMEDIATE=4
		RECORDS_OUT_OPERATOR_MAP_0=0
		RECORDS_OUT_OPERATOR_RS_2=4
		RECORDS_OUT_OPERATOR_SEL_1=4
		RECORDS_OUT_OPERATOR_TS_0=4
	File Input Format Counters 
		Bytes Read=6401
2024-04-24T01:18:19,129  INFO [LocalJobRunner Map Task Executor #0] mapred.LocalJobRunner: Finishing task: attempt_local325048897_0025_m_000000_0
2024-04-24T01:18:19,129  INFO [LocalJobRunner Map Task Executor #0] mapred.LocalJobRunner: Starting task: attempt_local325048897_0025_m_000001_0
2024-04-24T01:18:19,130  INFO [LocalJobRunner Map Task Executor #0] mapred.Task:  Using ResourceCalculatorProcessTree : [ ]
2024-04-24T01:18:19,130  INFO [LocalJobRunner Map Task Executor #0] mapred.MapTask: Processing split: org.apache.hadoop.hive.ql.io.orc.OrcInputFormat:OrcSplit [file:/home/alex/Repositories/hive/ql/target/tmp/org.apache.hadoop.hive.ql.TestTxnNoBuckets-1713946626176/warehouse/nonacidnonbucket/000000_0, start=0, length=254, isOriginal=true, fileLength=254, hasFooter=false, hasBase=true, deltas=0]
2024-04-24T01:18:19,131  INFO [LocalJobRunner Map Task Executor #0] exec.SerializationUtilities: Deserializing MapWork using kryo
2024-04-24T01:18:19,131  INFO [LocalJobRunner Map Task Executor #0] exec.Utilities: Deserialized plan (via FILE) - name: null size: 4,98KB
2024-04-24T01:18:19,132  INFO [LocalJobRunner Map Task Executor #0] orc.OrcRawRecordMerger: min key = null, max key = null
2024-04-24T01:18:19,132  INFO [LocalJobRunner Map Task Executor #0] orc.ReaderImpl: Reading ORC rows from file:/home/alex/Repositories/hive/ql/target/tmp/org.apache.hadoop.hive.ql.TestTxnNoBuckets-1713946626176/warehouse/nonacidnonbucket/000000_0 with {include: [true, true, true], offset: 0, length: 254, schema: struct<a:int,b:int>, includeAcidColumns: true}
2024-04-24T01:18:19,141  INFO [LocalJobRunner Map Task Executor #0] orc.OrcRawRecordMerger: updated min key = null, max key = null
2024-04-24T01:18:19,142  INFO [LocalJobRunner Map Task Executor #0] mapred.MapTask: numReduceTasks: 1
2024-04-24T01:18:19,146  INFO [LocalJobRunner Map Task Executor #0] mapred.MapTask: (EQUATOR) 0 kvi 26214396(104857584)
2024-04-24T01:18:19,146  INFO [LocalJobRunner Map Task Executor #0] mapred.MapTask: mapreduce.task.io.sort.mb: 100
2024-04-24T01:18:19,146  INFO [LocalJobRunner Map Task Executor #0] mapred.MapTask: soft limit at 83886080
2024-04-24T01:18:19,146  INFO [LocalJobRunner Map Task Executor #0] mapred.MapTask: bufstart = 0; bufvoid = 104857600
2024-04-24T01:18:19,146  INFO [LocalJobRunner Map Task Executor #0] mapred.MapTask: kvstart = 26214396; length = 6553600
2024-04-24T01:18:19,147  INFO [LocalJobRunner Map Task Executor #0] mapred.MapTask: Map output collector class = org.apache.hadoop.mapred.MapTask$MapOutputBuffer
2024-04-24T01:18:19,147  INFO [LocalJobRunner Map Task Executor #0] exec.MapOperator: Initializing Operator: MAP[0]
2024-04-24T01:18:19,148  INFO [LocalJobRunner Map Task Executor #0] mr.ExecMapper: 
<MAP>Id =0
  <Children>null
  <\Children>
  <Parent><\Parent>
<\MAP>
2024-04-24T01:18:19,148  INFO [LocalJobRunner Map Task Executor #0] exec.TableScanOperator: Initializing Operator: TS[0]
2024-04-24T01:18:19,148  INFO [LocalJobRunner Map Task Executor #0] exec.SelectOperator: Initializing Operator: SEL[1]
2024-04-24T01:18:19,148  INFO [LocalJobRunner Map Task Executor #0] exec.SelectOperator: SELECT struct<a:int,b:int,row__id:struct<writeid:bigint,bucketid:int,rowid:bigint>,input__file__name:string>
2024-04-24T01:18:19,148  INFO [LocalJobRunner Map Task Executor #0] exec.ReduceSinkOperator: Initializing Operator: RS[2]
2024-04-24T01:18:19,149  INFO [LocalJobRunner Map Task Executor #0] exec.ReduceSinkOperator: Using tag = -1
2024-04-24T01:18:19,149  INFO [LocalJobRunner Map Task Executor #0] exec.ReduceSinkOperator: keys are [reducesinkkey0] num distributions: 1
2024-04-24T01:18:19,149  INFO [LocalJobRunner Map Task Executor #0] exec.ReduceSinkOperator: RS[2]: records written - 1
2024-04-24T01:18:19,149  INFO [LocalJobRunner Map Task Executor #0] exec.MapOperator: MAP[0]: records read - 1
2024-04-24T01:18:19,149  INFO [LocalJobRunner Map Task Executor #0] exec.MapOperator: Closing Operator: MAP[0]
2024-04-24T01:18:19,149  INFO [LocalJobRunner Map Task Executor #0] exec.MapOperator: MAP[0]: Total records read - 2. abort - false
2024-04-24T01:18:19,149  INFO [LocalJobRunner Map Task Executor #0] exec.MapOperator: DESERIALIZE_ERRORS:0, RECORDS_OUT_INTERMEDIATE:0, RECORDS_OUT_OPERATOR_MAP_0:0, RECORDS_IN:2, 
2024-04-24T01:18:19,149  INFO [LocalJobRunner Map Task Executor #0] exec.TableScanOperator: Closing Operator: TS[0]
2024-04-24T01:18:19,149  INFO [LocalJobRunner Map Task Executor #0] exec.TableScanOperator: RECORDS_OUT_INTERMEDIATE:0, RECORDS_OUT_OPERATOR_TS_0:2, 
2024-04-24T01:18:19,149  INFO [LocalJobRunner Map Task Executor #0] exec.SelectOperator: Closing Operator: SEL[1]
2024-04-24T01:18:19,150  INFO [LocalJobRunner Map Task Executor #0] exec.SelectOperator: RECORDS_OUT_OPERATOR_SEL_1:2, RECORDS_OUT_INTERMEDIATE:0, 
2024-04-24T01:18:19,150  INFO [LocalJobRunner Map Task Executor #0] exec.ReduceSinkOperator: Closing Operator: RS[2]
2024-04-24T01:18:19,150  INFO [LocalJobRunner Map Task Executor #0] exec.ReduceSinkOperator: RS[2]: Total records written - 2. abort - false
2024-04-24T01:18:19,150  INFO [LocalJobRunner Map Task Executor #0] exec.ReduceSinkOperator: RECORDS_OUT_OPERATOR_RS_2:2, RECORDS_OUT_INTERMEDIATE:2, 
2024-04-24T01:18:19,150  INFO [LocalJobRunner Map Task Executor #0] mapred.LocalJobRunner: 
2024-04-24T01:18:19,150  INFO [LocalJobRunner Map Task Executor #0] mapred.MapTask: Starting flush of map output
2024-04-24T01:18:19,150  INFO [LocalJobRunner Map Task Executor #0] mapred.MapTask: Spilling map output
2024-04-24T01:18:19,150  INFO [LocalJobRunner Map Task Executor #0] mapred.MapTask: bufstart = 0; bufend = 356; bufvoid = 104857600
2024-04-24T01:18:19,150  INFO [LocalJobRunner Map Task Executor #0] mapred.MapTask: kvstart = 26214396(104857584); kvend = 26214392(104857568); length = 5/6553600
2024-04-24T01:18:19,158  INFO [LocalJobRunner Map Task Executor #0] mapred.MapTask: Finished spill 0
2024-04-24T01:18:19,164  INFO [LocalJobRunner Map Task Executor #0] mapred.Task: Task:attempt_local325048897_0025_m_000001_0 is done. And is in the process of committing
2024-04-24T01:18:19,164  INFO [LocalJobRunner Map Task Executor #0] mapred.LocalJobRunner: OrcSplit [file:/home/alex/Repositories/hive/ql/target/tmp/org.apache.hadoop.hive.ql.TestTxnNoBuckets-1713946626176/warehouse/nonacidnonbucket/000000_0, start=0, length=254, isOriginal=true, fileLength=254, hasFooter=false, hasBase=true, deltas=0]
2024-04-24T01:18:19,164  INFO [LocalJobRunner Map Task Executor #0] mapred.Task: Task 'attempt_local325048897_0025_m_000001_0' done.
2024-04-24T01:18:19,165  INFO [LocalJobRunner Map Task Executor #0] mapred.Task: Final Counters for attempt_local325048897_0025_m_000001_0: Counters: 24
	File System Counters
		FILE: Number of bytes read=480922
		FILE: Number of bytes written=29432379
		FILE: Number of read operations=0
		FILE: Number of large read operations=0
		FILE: Number of write operations=0
	Map-Reduce Framework
		Map input records=2
		Map output records=2
		Map output bytes=356
		Map output materialized bytes=368
		Input split bytes=482
		Combine input records=0
		Spilled Records=2
		Failed Shuffles=0
		Merged Map outputs=0
		GC time elapsed (ms)=0
		Total committed heap usage (bytes)=1091043328
	HIVE
		DESERIALIZE_ERRORS=0
		RECORDS_IN=2
		RECORDS_OUT_INTERMEDIATE=2
		RECORDS_OUT_OPERATOR_MAP_0=0
		RECORDS_OUT_OPERATOR_RS_2=2
		RECORDS_OUT_OPERATOR_SEL_1=2
		RECORDS_OUT_OPERATOR_TS_0=2
	File Input Format Counters 
		Bytes Read=6111
2024-04-24T01:18:19,165  INFO [LocalJobRunner Map Task Executor #0] mapred.LocalJobRunner: Finishing task: attempt_local325048897_0025_m_000001_0
2024-04-24T01:18:19,165  INFO [LocalJobRunner Map Task Executor #0] mapred.LocalJobRunner: Starting task: attempt_local325048897_0025_m_000002_0
2024-04-24T01:18:19,165  INFO [LocalJobRunner Map Task Executor #0] mapred.Task:  Using ResourceCalculatorProcessTree : [ ]
2024-04-24T01:18:19,166  INFO [LocalJobRunner Map Task Executor #0] mapred.MapTask: Processing split: org.apache.hadoop.hive.ql.io.orc.OrcInputFormat:OrcSplit [file:/home/alex/Repositories/hive/ql/target/tmp/org.apache.hadoop.hive.ql.TestTxnNoBuckets-1713946626176/warehouse/nonacidnonbucket/000000_0_copy_2, start=0, length=254, isOriginal=true, fileLength=254, hasFooter=false, hasBase=true, deltas=0]
2024-04-24T01:18:19,166  INFO [LocalJobRunner Map Task Executor #0] exec.SerializationUtilities: Deserializing MapWork using kryo
2024-04-24T01:18:19,167  INFO [LocalJobRunner Map Task Executor #0] exec.Utilities: Deserialized plan (via FILE) - name: null size: 4,98KB
2024-04-24T01:18:19,169  INFO [LocalJobRunner Map Task Executor #0] orc.OrcRawRecordMerger: min key = null, max key = null
2024-04-24T01:18:19,169  INFO [LocalJobRunner Map Task Executor #0] orc.ReaderImpl: Reading ORC rows from file:/home/alex/Repositories/hive/ql/target/tmp/org.apache.hadoop.hive.ql.TestTxnNoBuckets-1713946626176/warehouse/nonacidnonbucket/000000_0_copy_2 with {include: [true, true, true], offset: 0, length: 254, schema: struct<a:int,b:int>, includeAcidColumns: true}
2024-04-24T01:18:19,180  INFO [LocalJobRunner Map Task Executor #0] orc.OrcRawRecordMerger: updated min key = null, max key = null
2024-04-24T01:18:19,180  INFO [LocalJobRunner Map Task Executor #0] mapred.MapTask: numReduceTasks: 1
2024-04-24T01:18:19,195  INFO [LocalJobRunner Map Task Executor #0] mapred.MapTask: (EQUATOR) 0 kvi 26214396(104857584)
2024-04-24T01:18:19,195  INFO [LocalJobRunner Map Task Executor #0] mapred.MapTask: mapreduce.task.io.sort.mb: 100
2024-04-24T01:18:19,195  INFO [LocalJobRunner Map Task Executor #0] mapred.MapTask: soft limit at 83886080
2024-04-24T01:18:19,195  INFO [LocalJobRunner Map Task Executor #0] mapred.MapTask: bufstart = 0; bufvoid = 104857600
2024-04-24T01:18:19,195  INFO [LocalJobRunner Map Task Executor #0] mapred.MapTask: kvstart = 26214396; length = 6553600
2024-04-24T01:18:19,196  INFO [LocalJobRunner Map Task Executor #0] mapred.MapTask: Map output collector class = org.apache.hadoop.mapred.MapTask$MapOutputBuffer
2024-04-24T01:18:19,196  INFO [LocalJobRunner Map Task Executor #0] exec.MapOperator: Initializing Operator: MAP[0]
2024-04-24T01:18:19,198  INFO [LocalJobRunner Map Task Executor #0] mr.ExecMapper: 
<MAP>Id =0
  <Children>null
  <\Children>
  <Parent><\Parent>
<\MAP>
2024-04-24T01:18:19,199  INFO [LocalJobRunner Map Task Executor #0] exec.TableScanOperator: Initializing Operator: TS[0]
2024-04-24T01:18:19,199  INFO [LocalJobRunner Map Task Executor #0] exec.SelectOperator: Initializing Operator: SEL[1]
2024-04-24T01:18:19,199  INFO [LocalJobRunner Map Task Executor #0] exec.SelectOperator: SELECT struct<a:int,b:int,row__id:struct<writeid:bigint,bucketid:int,rowid:bigint>,input__file__name:string>
2024-04-24T01:18:19,199  INFO [LocalJobRunner Map Task Executor #0] exec.ReduceSinkOperator: Initializing Operator: RS[2]
2024-04-24T01:18:19,199  INFO [LocalJobRunner Map Task Executor #0] exec.ReduceSinkOperator: Using tag = -1
2024-04-24T01:18:19,200  INFO [LocalJobRunner Map Task Executor #0] exec.ReduceSinkOperator: keys are [reducesinkkey0] num distributions: 1
2024-04-24T01:18:19,200  INFO [LocalJobRunner Map Task Executor #0] exec.ReduceSinkOperator: RS[2]: records written - 1
2024-04-24T01:18:19,200  INFO [LocalJobRunner Map Task Executor #0] exec.MapOperator: MAP[0]: records read - 1
2024-04-24T01:18:19,200  INFO [LocalJobRunner Map Task Executor #0] exec.MapOperator: Closing Operator: MAP[0]
2024-04-24T01:18:19,200  INFO [LocalJobRunner Map Task Executor #0] exec.MapOperator: MAP[0]: Total records read - 1. abort - false
2024-04-24T01:18:19,200  INFO [LocalJobRunner Map Task Executor #0] exec.MapOperator: RECORDS_OUT_INTERMEDIATE:0, RECORDS_OUT_OPERATOR_MAP_0:0, RECORDS_IN:1, DESERIALIZE_ERRORS:0, 
2024-04-24T01:18:19,200  INFO [LocalJobRunner Map Task Executor #0] exec.TableScanOperator: Closing Operator: TS[0]
2024-04-24T01:18:19,200  INFO [LocalJobRunner Map Task Executor #0] exec.TableScanOperator: RECORDS_OUT_OPERATOR_TS_0:1, RECORDS_OUT_INTERMEDIATE:0, 
2024-04-24T01:18:19,200  INFO [LocalJobRunner Map Task Executor #0] exec.SelectOperator: Closing Operator: SEL[1]
2024-04-24T01:18:19,201  INFO [LocalJobRunner Map Task Executor #0] exec.SelectOperator: RECORDS_OUT_OPERATOR_SEL_1:1, RECORDS_OUT_INTERMEDIATE:0, 
2024-04-24T01:18:19,201  INFO [LocalJobRunner Map Task Executor #0] exec.ReduceSinkOperator: Closing Operator: RS[2]
2024-04-24T01:18:19,201  INFO [LocalJobRunner Map Task Executor #0] exec.ReduceSinkOperator: RS[2]: Total records written - 1. abort - false
2024-04-24T01:18:19,201  INFO [LocalJobRunner Map Task Executor #0] exec.ReduceSinkOperator: RECORDS_OUT_OPERATOR_RS_2:1, RECORDS_OUT_INTERMEDIATE:1, 
2024-04-24T01:18:19,201  INFO [LocalJobRunner Map Task Executor #0] mapred.LocalJobRunner: 
2024-04-24T01:18:19,201  INFO [LocalJobRunner Map Task Executor #0] mapred.MapTask: Starting flush of map output
2024-04-24T01:18:19,201  INFO [LocalJobRunner Map Task Executor #0] mapred.MapTask: Spilling map output
2024-04-24T01:18:19,201  INFO [LocalJobRunner Map Task Executor #0] mapred.MapTask: bufstart = 0; bufend = 185; bufvoid = 104857600
2024-04-24T01:18:19,202  INFO [LocalJobRunner Map Task Executor #0] mapred.MapTask: kvstart = 26214396(104857584); kvend = 26214396(104857584); length = 1/6553600
2024-04-24T01:18:19,210  INFO [LocalJobRunner Map Task Executor #0] mapred.MapTask: Finished spill 0
2024-04-24T01:18:19,214  INFO [LocalJobRunner Map Task Executor #0] mapred.Task: Task:attempt_local325048897_0025_m_000002_0 is done. And is in the process of committing
2024-04-24T01:18:19,214  INFO [LocalJobRunner Map Task Executor #0] mapred.LocalJobRunner: OrcSplit [file:/home/alex/Repositories/hive/ql/target/tmp/org.apache.hadoop.hive.ql.TestTxnNoBuckets-1713946626176/warehouse/nonacidnonbucket/000000_0_copy_2, start=0, length=254, isOriginal=true, fileLength=254, hasFooter=false, hasBase=true, deltas=0]
2024-04-24T01:18:19,215  INFO [LocalJobRunner Map Task Executor #0] mapred.Task: Task 'attempt_local325048897_0025_m_000002_0' done.
2024-04-24T01:18:19,215  INFO [LocalJobRunner Map Task Executor #0] mapred.Task: Final Counters for attempt_local325048897_0025_m_000002_0: Counters: 24
	File System Counters
		FILE: Number of bytes read=488567
		FILE: Number of bytes written=29432605
		FILE: Number of read operations=0
		FILE: Number of large read operations=0
		FILE: Number of write operations=0
	Map-Reduce Framework
		Map input records=1
		Map output records=1
		Map output bytes=185
		Map output materialized bytes=194
		Input split bytes=489
		Combine input records=0
		Spilled Records=1
		Failed Shuffles=0
		Merged Map outputs=0
		GC time elapsed (ms)=8
		Total committed heap usage (bytes)=1091043328
	HIVE
		DESERIALIZE_ERRORS=0
		RECORDS_IN=1
		RECORDS_OUT_INTERMEDIATE=1
		RECORDS_OUT_OPERATOR_MAP_0=0
		RECORDS_OUT_OPERATOR_RS_2=1
		RECORDS_OUT_OPERATOR_SEL_1=1
		RECORDS_OUT_OPERATOR_TS_0=1
	File Input Format Counters 
		Bytes Read=6670
2024-04-24T01:18:19,215  INFO [LocalJobRunner Map Task Executor #0] mapred.LocalJobRunner: Finishing task: attempt_local325048897_0025_m_000002_0
2024-04-24T01:18:19,215  INFO [Thread-1569] mapred.LocalJobRunner: map task executor complete.
2024-04-24T01:18:19,216  INFO [Thread-1569] mapred.LocalJobRunner: Waiting for reduce tasks
2024-04-24T01:18:19,216  INFO [pool-119-thread-1] mapred.LocalJobRunner: Starting task: attempt_local325048897_0025_r_000000_0
2024-04-24T01:18:19,216  INFO [pool-119-thread-1] mapred.Task:  Using ResourceCalculatorProcessTree : [ ]
2024-04-24T01:18:19,216  INFO [pool-119-thread-1] mapred.ReduceTask: Using ShuffleConsumerPlugin: org.apache.hadoop.mapreduce.task.reduce.Shuffle@33ef29d1
2024-04-24T01:18:19,216  WARN [pool-119-thread-1] impl.MetricsSystemImpl: JobTracker metrics system already initialized!
2024-04-24T01:18:19,217  INFO [pool-119-thread-1] reduce.MergeManagerImpl: MergerManager: memoryLimit=1336252800, maxSingleShuffleLimit=334063200, mergeThreshold=881926912, ioSortFactor=10, memToMemMergeOutputsThreshold=10
2024-04-24T01:18:19,218  INFO [EventFetcher for fetching Map Completion Events] reduce.EventFetcher: attempt_local325048897_0025_r_000000_0 Thread started: EventFetcher for fetching Map Completion Events
2024-04-24T01:18:19,222  INFO [localfetcher#13] reduce.LocalFetcher: localfetcher#13 about to shuffle output of map attempt_local325048897_0025_m_000000_0 decomp: 754 len: 758 to MEMORY
2024-04-24T01:18:19,222  INFO [localfetcher#13] reduce.InMemoryMapOutput: Read 754 bytes from map-output for attempt_local325048897_0025_m_000000_0
2024-04-24T01:18:19,222  INFO [localfetcher#13] reduce.MergeManagerImpl: closeInMemoryFile -> map-output of size: 754, inMemoryMapOutputs.size() -> 1, commitMemory -> 0, usedMemory ->754
2024-04-24T01:18:19,225  INFO [localfetcher#13] reduce.LocalFetcher: localfetcher#13 about to shuffle output of map attempt_local325048897_0025_m_000001_0 decomp: 364 len: 368 to MEMORY
2024-04-24T01:18:19,225  INFO [localfetcher#13] reduce.InMemoryMapOutput: Read 364 bytes from map-output for attempt_local325048897_0025_m_000001_0
2024-04-24T01:18:19,225  INFO [localfetcher#13] reduce.MergeManagerImpl: closeInMemoryFile -> map-output of size: 364, inMemoryMapOutputs.size() -> 2, commitMemory -> 754, usedMemory ->1118
2024-04-24T01:18:19,227  INFO [localfetcher#13] reduce.LocalFetcher: localfetcher#13 about to shuffle output of map attempt_local325048897_0025_m_000002_0 decomp: 190 len: 194 to MEMORY
2024-04-24T01:18:19,227  INFO [localfetcher#13] reduce.InMemoryMapOutput: Read 190 bytes from map-output for attempt_local325048897_0025_m_000002_0
2024-04-24T01:18:19,227  INFO [localfetcher#13] reduce.MergeManagerImpl: closeInMemoryFile -> map-output of size: 190, inMemoryMapOutputs.size() -> 3, commitMemory -> 1118, usedMemory ->1308
2024-04-24T01:18:19,227  INFO [EventFetcher for fetching Map Completion Events] reduce.EventFetcher: EventFetcher is interrupted.. Returning
2024-04-24T01:18:19,228  INFO [pool-119-thread-1] mapred.LocalJobRunner: 3 / 3 copied.
2024-04-24T01:18:19,228  INFO [pool-119-thread-1] reduce.MergeManagerImpl: finalMerge called with 3 in-memory map-outputs and 0 on-disk map-outputs
2024-04-24T01:18:19,234  INFO [pool-119-thread-1] mapred.Merger: Merging 3 sorted segments
2024-04-24T01:18:19,234  INFO [pool-119-thread-1] mapred.Merger: Down to the last merge-pass, with 3 segments left of total size: 1212 bytes
2024-04-24T01:18:19,237  INFO [pool-119-thread-1] reduce.MergeManagerImpl: Merged 3 segments, 1308 bytes to disk to satisfy reduce memory limit
2024-04-24T01:18:19,237  INFO [pool-119-thread-1] reduce.MergeManagerImpl: Merging 1 files, 1308 bytes from disk
2024-04-24T01:18:19,237  INFO [pool-119-thread-1] reduce.MergeManagerImpl: Merging 0 segments, 0 bytes from memory into reduce
2024-04-24T01:18:19,237  INFO [pool-119-thread-1] mapred.Merger: Merging 1 sorted segments
2024-04-24T01:18:19,237  INFO [pool-119-thread-1] mapred.Merger: Down to the last merge-pass, with 1 segments left of total size: 1272 bytes
2024-04-24T01:18:19,237  INFO [pool-119-thread-1] mapred.LocalJobRunner: 3 / 3 copied.
2024-04-24T01:18:19,238  INFO [pool-119-thread-1] exec.SerializationUtilities: Deserializing ReduceWork using kryo
2024-04-24T01:18:19,238  INFO [pool-119-thread-1] exec.Utilities: Deserialized plan (via FILE) - name: null size: 6,10KB
2024-04-24T01:18:19,239  INFO [pool-119-thread-1] ExecReducer: 
<SEL>Id =3
  <Children>
    <FS>Id =4
      <Children>
      <\Children>
      <Parent>Id = 3 null<\Parent>
    <\FS>
  <\Children>
  <Parent><\Parent>
<\SEL>
2024-04-24T01:18:19,239  INFO [pool-119-thread-1] exec.SelectOperator: Initializing Operator: SEL[3]
2024-04-24T01:18:19,239  INFO [pool-119-thread-1] exec.SelectOperator: SELECT struct<key:struct<reducesinkkey0:struct<writeid:bigint,bucketid:int,rowid:bigint>>,value:struct<_col0:int,_col1:int,_col2:string>>
2024-04-24T01:18:19,239  INFO [pool-119-thread-1] exec.FileSinkOperator: Initializing Operator: FS[4]
2024-04-24T01:18:19,240  INFO [pool-119-thread-1] exec.FileSinkOperator: Using serializer : class org.apache.hadoop.hive.serde2.lazy.LazySimpleSerDe [serdeParams=org.apache.hadoop.hive.serde2.lazy.LazySerDeParameters@18745c33, cachedObjectInspector=org.apache.hadoop.hive.serde2.lazy.objectinspector.LazySimpleStructObjectInspector<org.apache.hadoop.hive.serde2.lazy.objectinspector.LazySimpleStructObjectInspector<org.apache.hadoop.hive.serde2.lazy.objectinspector.primitive.LazyLongObjectInspector@4ae93e38,org.apache.hadoop.hive.serde2.lazy.objectinspector.primitive.LazyIntObjectInspector@6ddeeb78,org.apache.hadoop.hive.serde2.lazy.objectinspector.primitive.LazyLongObjectInspector@4ae93e38>,org.apache.hadoop.hive.serde2.lazy.objectinspector.primitive.LazyIntObjectInspector@6ddeeb78,org.apache.hadoop.hive.serde2.lazy.objectinspector.primitive.LazyIntObjectInspector@6ddeeb78,org.apache.hadoop.hive.serde2.lazy.objectinspector.primitive.LazyStringObjectInspector@266b7d1>, serializedSize=0, stats=org.apache.hadoop.hive.serde2.SerDeStats@6002644e, lastOperationSerialize=false, lastOperationDeserialize=false [1, 2, 3, 4, 5, 6, 7, 8, 11, 14, 15, 16, 17, 18, 19, 20, 21, 22, 23, 24, 25, 26, 28, 29, 30, 31, -128, -127, -126, -125, -124, -123, -122, -121, -120, -119, -118, -117, -116, -115, -114, -113, -112, -111, -110, -109, -108, -107, -106, -105, -104, -103, -102, -101, -100, -99, -98, -97, -96, -95, -94, -93, -92, -91, -90, -89, -88, -87, -86, -85, -84, -83, -82, -81, -80, -79, -78, -77, -76, -75, -74, -73, -72, -71, -70, -69, -68, -67, -66, -65, -64, -63, -62, -61, -60, -59, -58, -57, -56, -55, -54, -53, -52, -51, -50, -49, -48, -47, -46, -45, -44, -43, -42, -41, -40, -39, -38, -37, -36, -35, -34, -33, -32, -31, -30, -29, -28, -27, -26, -25, -24, -23, -22, -21, -20, -19, -18, -17, -16, -15, -14, -13, -12, -11, -10, -9, -8, -7, -6, -5, -4, -3, -2, -1] : [_col0, _col1, _col2, _col3] : [struct<writeid:bigint,bucketid:int,rowid:bigint>, int, int, string]] and formatter : org.apache.hadoop.hive.ql.io.HiveSequenceFileOutputFormat@20f7e47f
2024-04-24T01:18:19,240  INFO [pool-119-thread-1] exec.FileSinkOperator: Final Path: FS file:/home/alex/Repositories/hive/ql/target/tmp/localscratchdir/ed817ece-3071-4c87-9132-a84b63fa4973/hive_2024-04-24_01-18-18_537_2096012633980182688-1/-mr-10001/.hive-staging_hive_2024-04-24_01-18-18_537_2096012633980182688-1/_tmp.-ext-10002/000000_0
2024-04-24T01:18:19,240  INFO [pool-119-thread-1] exec.FileSinkOperator: Writing to temp file: FS file:/home/alex/Repositories/hive/ql/target/tmp/localscratchdir/ed817ece-3071-4c87-9132-a84b63fa4973/hive_2024-04-24_01-18-18_537_2096012633980182688-1/-mr-10001/.hive-staging_hive_2024-04-24_01-18-18_537_2096012633980182688-1/_task_tmp.-ext-10002/_tmp.000000_0
2024-04-24T01:18:19,240  INFO [pool-119-thread-1] exec.FileSinkOperator: New Final Path: FS file:/home/alex/Repositories/hive/ql/target/tmp/localscratchdir/ed817ece-3071-4c87-9132-a84b63fa4973/hive_2024-04-24_01-18-18_537_2096012633980182688-1/-mr-10001/.hive-staging_hive_2024-04-24_01-18-18_537_2096012633980182688-1/_tmp.-ext-10002/000000_0
2024-04-24T01:18:19,247  INFO [pool-119-thread-1] exec.FileSinkOperator: FS[4]: records written - 1
2024-04-24T01:18:19,248  INFO [pool-119-thread-1] exec.SelectOperator: Closing Operator: SEL[3]
2024-04-24T01:18:19,248  INFO [pool-119-thread-1] exec.SelectOperator: RECORDS_OUT_OPERATOR_SEL_3:7, RECORDS_OUT_INTERMEDIATE:0, 
2024-04-24T01:18:19,248  INFO [pool-119-thread-1] exec.FileSinkOperator: Closing Operator: FS[4]
2024-04-24T01:18:19,248  INFO [pool-119-thread-1] exec.FileSinkOperator: FS[4]: records written - 7
2024-04-24T01:18:19,248  INFO [pool-119-thread-1] exec.FileSinkOperator: RECORDS_OUT_OPERATOR_FS_4:7, RECORDS_OUT_INTERMEDIATE:0, RECORDS_OUT_0:7, 
2024-04-24T01:18:19,249  INFO [pool-119-thread-1] mapred.Task: Task:attempt_local325048897_0025_r_000000_0 is done. And is in the process of committing
2024-04-24T01:18:19,249  INFO [pool-119-thread-1] mapred.LocalJobRunner: reduce > reduce
2024-04-24T01:18:19,249  INFO [pool-119-thread-1] mapred.Task: Task 'attempt_local325048897_0025_r_000000_0' done.
2024-04-24T01:18:19,249  INFO [pool-119-thread-1] mapred.Task: Final Counters for attempt_local325048897_0025_r_000000_0: Counters: 29
	File System Counters
		FILE: Number of bytes read=497446
		FILE: Number of bytes written=29435261
		FILE: Number of read operations=0
		FILE: Number of large read operations=0
		FILE: Number of write operations=0
	Map-Reduce Framework
		Combine input records=0
		Combine output records=0
		Reduce input groups=7
		Reduce shuffle bytes=1320
		Reduce input records=7
		Reduce output records=0
		Spilled Records=7
		Shuffled Maps =3
		Failed Shuffles=0
		Merged Map outputs=3
		GC time elapsed (ms)=0
		Total committed heap usage (bytes)=1091043328
	HIVE
		CREATED_FILES=1
		RECORDS_OUT_0=7
		RECORDS_OUT_INTERMEDIATE=0
		RECORDS_OUT_OPERATOR_FS_4=7
		RECORDS_OUT_OPERATOR_SEL_3=7
	Shuffle Errors
		BAD_ID=0
		CONNECTION=0
		IO_ERROR=0
		WRONG_LENGTH=0
		WRONG_MAP=0
		WRONG_REDUCE=0
	File Output Format Counters 
		Bytes Written=0
2024-04-24T01:18:19,249  INFO [pool-119-thread-1] mapred.LocalJobRunner: Finishing task: attempt_local325048897_0025_r_000000_0
2024-04-24T01:18:19,249  INFO [Thread-1569] mapred.LocalJobRunner: reduce task executor complete.
2024-04-24 01:18:20,089 Stage-1 map = 100%,  reduce = 100%
2024-04-24T01:18:20,089  INFO [main] exec.Task: 2024-04-24 01:18:20,089 Stage-1 map = 100%,  reduce = 100%
Ended Job = job_local325048897_0025
2024-04-24T01:18:20,090  INFO [main] exec.Task: Ended Job = job_local325048897_0025
2024-04-24T01:18:20,092  INFO [main] metadata.Hive: Dumping metastore api call timing information for : execution phase
2024-04-24T01:18:20,092  INFO [main] metadata.Hive: Total time spent in each metastore function (ms): {}
MapReduce Jobs Launched: 
2024-04-24T01:18:20,092  INFO [main] ql.Driver: MapReduce Jobs Launched: 
Stage-Stage-1:  HDFS Read: 0 HDFS Write: 0 SUCCESS
2024-04-24T01:18:20,092  INFO [main] ql.Driver: Stage-Stage-1:  HDFS Read: 0 HDFS Write: 0 SUCCESS
Total MapReduce CPU Time Spent: 0 msec
2024-04-24T01:18:20,092  INFO [main] ql.Driver: Total MapReduce CPU Time Spent: 0 msec
2024-04-24T01:18:20,092  INFO [main] ql.Driver: Completed executing command(queryId=alex_20240424011818_d105aa22-15f1-492c-a923-78af169744e0); Time taken: 1.363 seconds
2024-04-24T01:18:20,092  INFO [main] lockmgr.DbTxnManager: Stopped heartbeat for query: alex_20240424011818_d105aa22-15f1-492c-a923-78af169744e0
2024-04-24T01:18:20,098  INFO [main] txn.TxnHandler: Expected to move at least one record from txn_components to completed_txn_components when committing txn! txnid:17
2024-04-24T01:18:20,107  INFO [main] txn.TxnHandler: Removed transactions: ([17]) from MIN_HISTORY_LEVEL
2024-04-24T01:18:20,107  WARN [main] txn.CompactionTxnHandler: No compaction queue record found for Compaction type transaction commit. txnId:17
2024-04-24T01:18:20,111  INFO [main] mapred.FileInputFormat: Total input files to process : 1
2024-04-24T01:18:20,112  INFO [main] exec.ListSinkOperator: Closing Operator: LIST_SINK[5]
2024-04-24T01:18:20,112  INFO [main] exec.ListSinkOperator: RECORDS_OUT_OPERATOR_LIST_SINK_5:7, RECORDS_OUT_INTERMEDIATE:0, 
2024-04-24T01:18:20,112  WARN [main] ql.TestTxnNoBuckets: before acid ops (after convert)
2024-04-24T01:18:20,112  WARN [main] ql.TestTxnNoBuckets: {"writeid":0,"bucketid":536870912,"rowid":0}	1	2	file:/home/alex/Repositories/hive/ql/target/tmp/org.apache.hadoop.hive.ql.TestTxnNoBuckets-1713946626176/warehouse/nonacidnonbucket/000000_0
2024-04-24T01:18:20,112  WARN [main] ql.TestTxnNoBuckets: {"writeid":0,"bucketid":536870912,"rowid":1}	1	3	file:/home/alex/Repositories/hive/ql/target/tmp/org.apache.hadoop.hive.ql.TestTxnNoBuckets-1713946626176/warehouse/nonacidnonbucket/000000_0
2024-04-24T01:18:20,112  WARN [main] ql.TestTxnNoBuckets: {"writeid":0,"bucketid":536870912,"rowid":2}	0	12	file:/home/alex/Repositories/hive/ql/target/tmp/org.apache.hadoop.hive.ql.TestTxnNoBuckets-1713946626176/warehouse/nonacidnonbucket/000000_0_copy_1
2024-04-24T01:18:20,112  WARN [main] ql.TestTxnNoBuckets: {"writeid":0,"bucketid":536870912,"rowid":3}	0	13	file:/home/alex/Repositories/hive/ql/target/tmp/org.apache.hadoop.hive.ql.TestTxnNoBuckets-1713946626176/warehouse/nonacidnonbucket/000000_0_copy_1
2024-04-24T01:18:20,112  WARN [main] ql.TestTxnNoBuckets: {"writeid":0,"bucketid":536870912,"rowid":4}	1	4	file:/home/alex/Repositories/hive/ql/target/tmp/org.apache.hadoop.hive.ql.TestTxnNoBuckets-1713946626176/warehouse/nonacidnonbucket/000000_0_copy_1
2024-04-24T01:18:20,112  WARN [main] ql.TestTxnNoBuckets: {"writeid":0,"bucketid":536870912,"rowid":5}	1	5	file:/home/alex/Repositories/hive/ql/target/tmp/org.apache.hadoop.hive.ql.TestTxnNoBuckets-1713946626176/warehouse/nonacidnonbucket/000000_0_copy_1
2024-04-24T01:18:20,112  WARN [main] ql.TestTxnNoBuckets: {"writeid":0,"bucketid":536870912,"rowid":6}	1	6	file:/home/alex/Repositories/hive/ql/target/tmp/org.apache.hadoop.hive.ql.TestTxnNoBuckets-1713946626176/warehouse/nonacidnonbucket/000000_0_copy_2
2024-04-24T01:18:20,112  INFO [main] ql.TxnCommandsBaseForTests: Running the query: insert into nonAcidNonBucket(a,b) values(0,15),(1,16)
2024-04-24T01:18:20,113  INFO [main] ql.Context: Deleting scratch dir: file:/home/alex/Repositories/hive/ql/target/tmp/localscratchdir/ed817ece-3071-4c87-9132-a84b63fa4973/hive_2024-04-24_01-18-18_537_2096012633980182688-1
2024-04-24T01:18:20,114  INFO [main] cleanup.SyncCleanupService: Deleted directory: file:/home/alex/Repositories/hive/ql/target/tmp/localscratchdir/ed817ece-3071-4c87-9132-a84b63fa4973/hive_2024-04-24_01-18-18_537_2096012633980182688-1 on fs with scheme file
2024-04-24T01:18:20,114  INFO [main] ql.Driver: Compiling command(queryId=alex_20240424011820_549d2b4d-84ec-4723-900f-23f4a726da81): insert into nonAcidNonBucket(a,b) values(0,15),(1,16)
2024-04-24T01:18:20,117  INFO [main] txn.TxnHandler: Added entries to MIN_HISTORY_LEVEL for current txns: ([18]) with min_open_txn: 18
2024-04-24T01:18:20,117  INFO [main] lockmgr.DbTxnManager: Opened txnid:18
2024-04-24T01:18:20,117  INFO [main] parse.CalcitePlanner: Starting caching scope for: 
2024-04-24T01:18:20,117  INFO [main] parse.CalcitePlanner: Starting Semantic Analysis
2024-04-24T01:18:20,121  INFO [main] HiveMetaStore.audit: ugi=alex	ip=unknown-ip-addr	cmd=get_table : tbl=hive.default.nonAcidNonBucket	
2024-04-24T01:18:20,128  INFO [main] metastore.HMSHandler: Skipping translation for processor with null
2024-04-24T01:18:20,128  INFO [main] parse.CalcitePlanner: Completed phase 1 of Semantic Analysis
2024-04-24T01:18:20,128  INFO [main] parse.CalcitePlanner: Get metadata for source tables
2024-04-24T01:18:20,128  INFO [main] parse.CalcitePlanner: Get metadata for subqueries
2024-04-24T01:18:20,128  INFO [main] parse.CalcitePlanner: Get metadata for destination tables
2024-04-24T01:18:20,128  INFO [main] HiveMetaStore.audit: ugi=alex	ip=unknown-ip-addr	cmd=get_table : tbl=hive.default.nonAcidNonBucket	
2024-04-24T01:18:20,135  INFO [main] metastore.HMSHandler: Skipping translation for processor with null
2024-04-24T01:18:20,135  INFO [main] parse.CalcitePlanner: Completed getting MetaData in Semantic Analysis
2024-04-24T01:18:20,135  INFO [main] parse.CalcitePlanner: Disabling LLAP IO encode as ETL query is detected
2024-04-24T01:18:20,156  INFO [main] HiveMetaStore.audit: ugi=alex	ip=unknown-ip-addr	cmd=get_all_table_constraints : tbl=hive._dummy_database._dummy_table	
2024-04-24T01:18:20,213  INFO [main] parse.CalcitePlanner: Get metadata for source tables
2024-04-24T01:18:20,213  INFO [main] parse.CalcitePlanner: Get metadata for subqueries
2024-04-24T01:18:20,213  INFO [main] parse.CalcitePlanner: Get metadata for source tables
2024-04-24T01:18:20,214  INFO [main] HiveMetaStore.audit: ugi=alex	ip=unknown-ip-addr	cmd=get_table : tbl=hive._dummy_database._dummy_table	
2024-04-24T01:18:20,216  INFO [main] parse.CalcitePlanner: Get metadata for subqueries
2024-04-24T01:18:20,216  INFO [main] parse.CalcitePlanner: Get metadata for destination tables
2024-04-24T01:18:20,216  INFO [main] parse.CalcitePlanner: Get metadata for destination tables
2024-04-24T01:18:20,216  INFO [main] HiveMetaStore.audit: ugi=alex	ip=unknown-ip-addr	cmd=get_table : tbl=hive.default.nonAcidNonBucket	
2024-04-24T01:18:20,224  INFO [main] metastore.HMSHandler: Skipping translation for processor with null
2024-04-24T01:18:20,226  INFO [main] HiveMetaStore.audit: ugi=alex	ip=unknown-ip-addr	cmd=get_not_null_constraints : tbl=hive.default.nonacidnonbucket	
2024-04-24T01:18:20,228  INFO [main] HiveMetaStore.audit: ugi=alex	ip=unknown-ip-addr	cmd=get_check_constraints : tbl=hive.default.nonacidnonbucket	
2024-04-24T01:18:20,238  INFO [main] txn.TxnHandler: Allocated writeId: 10000001 for txnId: 18
2024-04-24T01:18:20,238  INFO [main] txn.TxnHandler: Allocated write ids for dbName=default, tblName=nonacidnonbucket (txnIds: [18])
2024-04-24T01:18:20,239  INFO [main] parse.CalcitePlanner: CBO Succeeded; optimized logical plan.
2024-04-24T01:18:20,242  INFO [main] optimizer.BucketVersionPopulator: not considering bucketingVersion for: TS[0] because it has -1<2 buckets 
2024-04-24T01:18:20,242  INFO [main] optimizer.SortedDynPartitionOptimizer: Sorted dynamic partitioning optimization kicked in..
2024-04-24T01:18:20,251  INFO [main] HiveMetaStore.audit: ugi=alex	ip=unknown-ip-addr	cmd=get_table : tbl=hive.default.nonacidnonbucket	
2024-04-24T01:18:20,260  INFO [main] metastore.HMSHandler: Skipping translation for processor with null
2024-04-24T01:18:20,261  INFO [main] parse.CalcitePlanner: Completed plan generation
2024-04-24T01:18:20,261  INFO [main] parse.CalcitePlanner: Ending caching scope for: 
2024-04-24T01:18:20,261  INFO [main] ql.Driver: Semantic Analysis Completed (retrial = false)
2024-04-24T01:18:20,261  INFO [main] ql.Driver: Created Hive schema: Schema(fieldSchemas:[FieldSchema(name:_col0, type:int, comment:null), FieldSchema(name:_col1, type:int, comment:null)], properties:null)
2024-04-24T01:18:20,261  INFO [main] metadata.Hive: Dumping metastore api call timing information for : compilation phase
2024-04-24T01:18:20,261  INFO [main] metadata.Hive: Total time spent in each metastore function (ms): {getCheckConstraints_(CheckConstraintsRequest)=1, isCompatibleWith_(Configuration)=1, openTxn_(String, TxnType)=2, getNotNullConstraints_(NotNullConstraintsRequest)=2, getAllTableConstraints_(AllTableConstraintsRequest)=6, allocateTableWriteId_(long, String, String)=10, getTable_(GetTableRequest)=32, getValidTxns_(long)=0, commitTxn_(CommitTxnRequest)=14, flushCache_()=0, getValidWriteIds_(List, String)=3}
2024-04-24T01:18:20,261  INFO [main] ql.Driver: Completed compiling command(queryId=alex_20240424011820_549d2b4d-84ec-4723-900f-23f4a726da81); Time taken: 0.147 seconds
2024-04-24T01:18:20,262  INFO [main] lockmgr.DbTxnManager: Setting lock request transaction to txnid:18 for queryId=alex_20240424011820_549d2b4d-84ec-4723-900f-23f4a726da81
2024-04-24T01:18:20,262  INFO [main] lockmgr.DbLockManager: Requesting lock for queryId=alex_20240424011820_549d2b4d-84ec-4723-900f-23f4a726da81
2024-04-24T01:18:20,287  INFO [main] lockmgr.DbLockManager: Response to queryId=alex_20240424011820_549d2b4d-84ec-4723-900f-23f4a726da81 LockResponse(lockid:12, state:ACQUIRED)
2024-04-24T01:18:20,287  INFO [main] ql.Driver: Operation QUERY obtained 1 locks
2024-04-24T01:18:20,291  INFO [main] ql.Driver: Executing command(queryId=alex_20240424011820_549d2b4d-84ec-4723-900f-23f4a726da81): insert into nonAcidNonBucket(a,b) values(0,15),(1,16)
2024-04-24T01:18:20,291  WARN [main] ql.Driver: Hive-on-MR is deprecated in Hive 2 and may not be available in the future versions. Consider using a different execution engine (i.e. spark, tez) or using Hive 1.X releases.
Query ID = alex_20240424011820_549d2b4d-84ec-4723-900f-23f4a726da81
2024-04-24T01:18:20,291  INFO [main] ql.Driver: Query ID = alex_20240424011820_549d2b4d-84ec-4723-900f-23f4a726da81
Total jobs = 1
2024-04-24T01:18:20,291  INFO [main] ql.Driver: Total jobs = 1
Launching Job 1 out of 1
2024-04-24T01:18:20,291  INFO [main] ql.Driver: Launching Job 1 out of 1
2024-04-24T01:18:20,442  INFO [main] ql.Driver: Starting task [Stage-1:MAPRED] in serial mode
Number of reduce tasks is set to 0 since there's no reduce operator
2024-04-24T01:18:20,442  INFO [main] exec.Task: Number of reduce tasks is set to 0 since there's no reduce operator
2024-04-24T01:18:20,445  INFO [main] mr.ExecDriver: Using org.apache.hadoop.hive.ql.io.HiveInputFormat
2024-04-24T01:18:20,445  INFO [main] exec.Utilities: Processing alias $hdt$_0:_dummy_table
2024-04-24T01:18:20,445  INFO [main] exec.Utilities: Adding 1 inputs; the first input is file:/home/alex/Repositories/hive/ql/target/tmp/localscratchdir/ed817ece-3071-4c87-9132-a84b63fa4973/hive_2024-04-24_01-18-20_114_5930756313120841134-1/dummy_path
2024-04-24T01:18:20,456  INFO [main] exec.SerializationUtilities: Serializing MapWork using kryo
2024-04-24T01:18:20,457  INFO [main] exec.Utilities: Serialized plan (via FILE) - name: null size: 5,51KB
2024-04-24T01:18:20,458  WARN [main] impl.MetricsSystemImpl: JobTracker metrics system already initialized!
2024-04-24T01:18:20,462  INFO [main] fs.FSStatsPublisher: created : file:/home/alex/Repositories/hive/ql/target/tmp/localscratchdir/ed817ece-3071-4c87-9132-a84b63fa4973/hive_2024-04-24_01-18-20_114_5930756313120841134-1/-mr-10000
2024-04-24T01:18:20,466  WARN [main] impl.MetricsSystemImpl: JobTracker metrics system already initialized!
2024-04-24T01:18:20,476  WARN [main] mapreduce.JobResourceUploader: Hadoop command-line option parsing not performed. Implement the Tool interface and execute your application with ToolRunner to remedy this.
2024-04-24T01:18:20,481  WARN [main] mapreduce.JobResourceUploader: No job jar file set.  User classes may not be found. See Job or Job#setJar(String).
2024-04-24T01:18:20,482  INFO [main] io.HiveInputFormat: hive.io.file.readcolumn.ids = 
2024-04-24T01:18:20,482  INFO [main] io.HiveInputFormat: hive.io.file.readcolumn.names = 
2024-04-24T01:18:20,482  INFO [main] io.HiveInputFormat: Generating splits for dirs: file:/home/alex/Repositories/hive/ql/target/tmp/localscratchdir/ed817ece-3071-4c87-9132-a84b63fa4973/hive_2024-04-24_01-18-20_114_5930756313120841134-1/dummy_path
2024-04-24T01:18:20,483  INFO [main] io.HiveInputFormat: number of splits 1
2024-04-24T01:18:20,504  INFO [main] mapreduce.JobSubmitter: number of splits:1
2024-04-24T01:18:20,527  INFO [main] mapreduce.JobSubmitter: Submitting tokens for job: job_local376415850_0026
2024-04-24T01:18:20,527  INFO [main] mapreduce.JobSubmitter: Executing with tokens: []
2024-04-24T01:18:20,587  INFO [main] mapreduce.Job: The url to track the job: http://localhost:8080/
Job running in-process (local Hadoop)
2024-04-24T01:18:20,587  INFO [main] exec.Task: Job running in-process (local Hadoop)
2024-04-24T01:18:20,587  INFO [Thread-1633] mapred.LocalJobRunner: OutputCommitter set in config org.apache.hadoop.hive.ql.io.HiveFileFormatUtils$NullOutputCommitter
2024-04-24T01:18:20,588  INFO [Thread-1633] mapred.LocalJobRunner: OutputCommitter is org.apache.hadoop.hive.ql.io.HiveFileFormatUtils$NullOutputCommitter
2024-04-24T01:18:20,589  INFO [Thread-1633] mapred.LocalJobRunner: Waiting for map tasks
2024-04-24T01:18:20,589  INFO [LocalJobRunner Map Task Executor #0] mapred.LocalJobRunner: Starting task: attempt_local376415850_0026_m_000000_0
2024-04-24T01:18:20,590  INFO [LocalJobRunner Map Task Executor #0] mapred.Task:  Using ResourceCalculatorProcessTree : [ ]
2024-04-24T01:18:20,590  INFO [LocalJobRunner Map Task Executor #0] mapred.MapTask: Processing split: org.apache.hadoop.hive.ql.io.NullRowsInputFormat:file:/home/alex/Repositories/hive/ql/target/tmp/localscratchdir/ed817ece-3071-4c87-9132-a84b63fa4973/hive_2024-04-24_01-18-20_114_5930756313120841134-1/dummy_path/null:0+1
2024-04-24T01:18:20,590  INFO [LocalJobRunner Map Task Executor #0] exec.SerializationUtilities: Deserializing MapWork using kryo
2024-04-24T01:18:20,591  INFO [LocalJobRunner Map Task Executor #0] exec.Utilities: Deserialized plan (via FILE) - name: null size: 5,51KB
2024-04-24T01:18:20,591  INFO [LocalJobRunner Map Task Executor #0] mapred.MapTask: numReduceTasks: 0
2024-04-24T01:18:20,591  INFO [LocalJobRunner Map Task Executor #0] exec.MapOperator: Initializing Operator: MAP[0]
2024-04-24T01:18:20,592  INFO [LocalJobRunner Map Task Executor #0] mr.ExecMapper: 
<MAP>Id =0
  <Children>null
  <\Children>
  <Parent><\Parent>
<\MAP>
2024-04-24T01:18:20,592  INFO [LocalJobRunner Map Task Executor #0] exec.TableScanOperator: Initializing Operator: TS[0]
2024-04-24T01:18:20,592  INFO [LocalJobRunner Map Task Executor #0] exec.SelectOperator: Initializing Operator: SEL[1]
2024-04-24T01:18:20,592  INFO [LocalJobRunner Map Task Executor #0] exec.SelectOperator: SELECT null
2024-04-24T01:18:20,593  INFO [LocalJobRunner Map Task Executor #0] exec.UDTFOperator: Initializing Operator: UDTF[2]
2024-04-24T01:18:20,593  INFO [LocalJobRunner Map Task Executor #0] exec.SelectOperator: Initializing Operator: SEL[3]
2024-04-24T01:18:20,593  INFO [LocalJobRunner Map Task Executor #0] exec.SelectOperator: SELECT struct<col1:int,col2:int>
2024-04-24T01:18:20,593  INFO [LocalJobRunner Map Task Executor #0] exec.FileSinkOperator: Initializing Operator: FS[4]
2024-04-24T01:18:20,593  INFO [LocalJobRunner Map Task Executor #0] exec.FileSinkOperator: Using serializer : AbstractSerDe [log=org.apache.logging.slf4j.Log4jLogger@48b320a7, configuration=Optional[Configuration: core-default.xml, core-site.xml, mapred-default.xml, mapred-site.xml, yarn-default.xml, yarn-site.xml, hdfs-default.xml, hdfs-site.xml, file:/home/alex/Repositories/hive/ql/target/tmp/TestTxnNoBuckets/mapred/local/localRunner/alex/job_local376415850_0026/job_local376415850_0026.xml], properties={transactional_properties=default, name=default.nonacidnonbucket, transactional=true, columns.types=int:int, columns=a,b, numFilesErasureCoded=0, columns.comments=&amp#0;, last_modified_time=1713946698, bucketing_version=2, serialization.lib=org.apache.hadoop.hive.ql.io.orc.OrcSerde, file.inputformat=org.apache.hadoop.hive.ql.io.orc.OrcInputFormat, file.outputformat=org.apache.hadoop.hive.ql.io.orc.OrcOutputFormat, location=file:/home/alex/Repositories/hive/ql/target/tmp/org.apache.hadoop.hive.ql.TestTxnNoBuckets-1713946626176/warehouse/nonacidnonbucket, column.name.delimiter=,, last_modified_by=alex}, tableProperties={transactional_properties=default, name=default.nonacidnonbucket, transactional=true, columns.types=int:int, columns=a,b, numFilesErasureCoded=0, columns.comments=&amp#0;, last_modified_time=1713946698, bucketing_version=2, serialization.lib=org.apache.hadoop.hive.ql.io.orc.OrcSerde, file.inputformat=org.apache.hadoop.hive.ql.io.orc.OrcInputFormat, location=file:/home/alex/Repositories/hive/ql/target/tmp/org.apache.hadoop.hive.ql.TestTxnNoBuckets-1713946626176/warehouse/nonacidnonbucket, file.outputformat=org.apache.hadoop.hive.ql.io.orc.OrcOutputFormat, last_modified_by=alex, column.name.delimiter=,}, partitionProperties=Optional.empty, columnNames=[a, b], columnTypes=[int, int], getClass()=class org.apache.hadoop.hive.ql.io.orc.OrcSerde] and formatter : org.apache.hadoop.hive.ql.io.orc.OrcOutputFormat@3241b716
2024-04-24T01:18:20,594  INFO [LocalJobRunner Map Task Executor #0] exec.FileSinkOperator: Final Path: FS file:/home/alex/Repositories/hive/ql/target/tmp/org.apache.hadoop.hive.ql.TestTxnNoBuckets-1713946626176/warehouse/nonacidnonbucket
2024-04-24T01:18:20,594  INFO [LocalJobRunner Map Task Executor #0] exec.FileSinkOperator: New Final Path: FS file:/home/alex/Repositories/hive/ql/target/tmp/org.apache.hadoop.hive.ql.TestTxnNoBuckets-1713946626176/warehouse/nonacidnonbucket
2024-04-24T01:18:20,594  INFO [LocalJobRunner Map Task Executor #0] common.FileUtils: Creating directory if it doesn't exist: file:/home/alex/Repositories/hive/ql/target/tmp/org.apache.hadoop.hive.ql.TestTxnNoBuckets-1713946626176/warehouse
2024-04-24T01:18:20,594  INFO [LocalJobRunner Map Task Executor #0] exec.FileSinkOperator: FS[4]: records written - 1
2024-04-24T01:18:20,594  INFO [LocalJobRunner Map Task Executor #0] impl.PhysicalFsWriter: ORC writer created for path: file:/home/alex/Repositories/hive/ql/target/tmp/org.apache.hadoop.hive.ql.TestTxnNoBuckets-1713946626176/warehouse/nonacidnonbucket/delta_10000001_10000001_0000/bucket_00000_0 with stripeSize: 8388608 blockSize: 268435456 compression: Compress: ZLIB buffer: 32768
2024-04-24T01:18:20,601  INFO [LocalJobRunner Map Task Executor #0] impl.WriterImpl: ORC writer created for path: file:/home/alex/Repositories/hive/ql/target/tmp/org.apache.hadoop.hive.ql.TestTxnNoBuckets-1713946626176/warehouse/nonacidnonbucket/delta_10000001_10000001_0000/bucket_00000_0 with stripeSize: 8388608 options: Compress: ZLIB buffer: 32768
2024-04-24T01:18:20,606  INFO [LocalJobRunner Map Task Executor #0] exec.MapOperator: MAP[0]: records read - 1
2024-04-24T01:18:20,606  INFO [LocalJobRunner Map Task Executor #0] exec.MapOperator: Closing Operator: MAP[0]
2024-04-24T01:18:20,606  INFO [LocalJobRunner Map Task Executor #0] exec.MapOperator: MAP[0]: Total records read - 3. abort - false
2024-04-24T01:18:20,606  INFO [LocalJobRunner Map Task Executor #0] exec.MapOperator: DESERIALIZE_ERRORS:0, RECORDS_IN:3, RECORDS_OUT_INTERMEDIATE:0, RECORDS_OUT_OPERATOR_MAP_0:0, 
2024-04-24T01:18:20,606  INFO [LocalJobRunner Map Task Executor #0] exec.TableScanOperator: Closing Operator: TS[0]
2024-04-24T01:18:20,606  INFO [LocalJobRunner Map Task Executor #0] exec.TableScanOperator: RECORDS_OUT_OPERATOR_TS_0:1, RECORDS_OUT_INTERMEDIATE:0, 
2024-04-24T01:18:20,606  INFO [LocalJobRunner Map Task Executor #0] exec.SelectOperator: Closing Operator: SEL[1]
2024-04-24T01:18:20,606  INFO [LocalJobRunner Map Task Executor #0] exec.SelectOperator: RECORDS_OUT_OPERATOR_SEL_1:1, RECORDS_OUT_INTERMEDIATE:0, 
2024-04-24T01:18:20,606  INFO [LocalJobRunner Map Task Executor #0] exec.UDTFOperator: Closing Operator: UDTF[2]
2024-04-24T01:18:20,606  INFO [LocalJobRunner Map Task Executor #0] exec.UDTFOperator: RECORDS_OUT_INTERMEDIATE:0, RECORDS_OUT_OPERATOR_UDTF_2:2, 
2024-04-24T01:18:20,606  INFO [LocalJobRunner Map Task Executor #0] exec.SelectOperator: Closing Operator: SEL[3]
2024-04-24T01:18:20,606  INFO [LocalJobRunner Map Task Executor #0] exec.SelectOperator: RECORDS_OUT_OPERATOR_SEL_3:2, RECORDS_OUT_INTERMEDIATE:0, 
2024-04-24T01:18:20,606  INFO [LocalJobRunner Map Task Executor #0] exec.FileSinkOperator: Closing Operator: FS[4]
2024-04-24T01:18:20,606  INFO [LocalJobRunner Map Task Executor #0] exec.FileSinkOperator: FS[4]: records written - 2
2024-04-24T01:18:20,608  INFO [LocalJobRunner Map Task Executor #0] FileOperations: Writing manifest to file:/home/alex/Repositories/hive/ql/target/tmp/org.apache.hadoop.hive.ql.TestTxnNoBuckets-1713946626176/warehouse/nonacidnonbucket/_tmp.delta_10000001_10000001_0000/000000_0.manifest with [file:/home/alex/Repositories/hive/ql/target/tmp/org.apache.hadoop.hive.ql.TestTxnNoBuckets-1713946626176/warehouse/nonacidnonbucket/delta_10000001_10000001_0000/bucket_00000_0]
2024-04-24T01:18:20,620  INFO [LocalJobRunner Map Task Executor #0] exec.FileSinkOperator: RECORDS_OUT_1_default.nonacidnonbucket:2, RECORDS_OUT_OPERATOR_FS_4:2, RECORDS_OUT_INTERMEDIATE:0, TOTAL_TABLE_ROWS_WRITTEN:2, 
2024-04-24T01:18:20,621  INFO [LocalJobRunner Map Task Executor #0] mapred.LocalJobRunner: 
2024-04-24T01:18:20,621  INFO [LocalJobRunner Map Task Executor #0] mapred.Task: Task:attempt_local376415850_0026_m_000000_0 is done. And is in the process of committing
2024-04-24T01:18:20,621  INFO [LocalJobRunner Map Task Executor #0] mapred.LocalJobRunner: map
2024-04-24T01:18:20,621  INFO [LocalJobRunner Map Task Executor #0] mapred.Task: Task 'attempt_local376415850_0026_m_000000_0' done.
2024-04-24T01:18:20,622  INFO [LocalJobRunner Map Task Executor #0] mapred.Task: Final Counters for attempt_local376415850_0026_m_000000_0: Counters: 27
	File System Counters
		FILE: Number of bytes read=504762
		FILE: Number of bytes written=30608282
		FILE: Number of read operations=0
		FILE: Number of large read operations=0
		FILE: Number of write operations=0
	Map-Reduce Framework
		Map input records=4
		Map output records=0
		Input split bytes=361
		Spilled Records=0
		Failed Shuffles=0
		Merged Map outputs=0
		GC time elapsed (ms)=0
		Total committed heap usage (bytes)=1091043328
	HIVE
		CREATED_FILES=1
		DESERIALIZE_ERRORS=0
		RECORDS_IN=3
		RECORDS_OUT_1_default.nonacidnonbucket=2
		RECORDS_OUT_INTERMEDIATE=0
		RECORDS_OUT_OPERATOR_FS_4=2
		RECORDS_OUT_OPERATOR_MAP_0=0
		RECORDS_OUT_OPERATOR_SEL_1=1
		RECORDS_OUT_OPERATOR_SEL_3=2
		RECORDS_OUT_OPERATOR_TS_0=1
		RECORDS_OUT_OPERATOR_UDTF_2=2
		TOTAL_TABLE_ROWS_WRITTEN=2
	File Input Format Counters 
		Bytes Read=5563
	File Output Format Counters 
		Bytes Written=0
2024-04-24T01:18:20,622  INFO [LocalJobRunner Map Task Executor #0] mapred.LocalJobRunner: Finishing task: attempt_local376415850_0026_m_000000_0
2024-04-24T01:18:20,622  INFO [Thread-1633] mapred.LocalJobRunner: map task executor complete.
2024-04-24 01:18:21,588 Stage-1 map = 100%,  reduce = 0%
2024-04-24T01:18:21,588  INFO [main] exec.Task: 2024-04-24 01:18:21,588 Stage-1 map = 100%,  reduce = 0%
Ended Job = job_local376415850_0026
2024-04-24T01:18:21,588  INFO [main] exec.Task: Ended Job = job_local376415850_0026
2024-04-24T01:18:21,589  INFO [main] FileOperations: Found manifest file file:/home/alex/Repositories/hive/ql/target/tmp/org.apache.hadoop.hive.ql.TestTxnNoBuckets-1713946626176/warehouse/nonacidnonbucket/_tmp.delta_10000001_10000001_0000/000000_0.manifest with attemptId 0.
2024-04-24T01:18:21,589  INFO [main] FileOperations: Looking at manifest file: file:/home/alex/Repositories/hive/ql/target/tmp/org.apache.hadoop.hive.ql.TestTxnNoBuckets-1713946626176/warehouse/nonacidnonbucket/_tmp.delta_10000001_10000001_0000/000000_0.manifest
2024-04-24T01:18:21,589  INFO [main] FileOperations: Deleting manifest directory file:/home/alex/Repositories/hive/ql/target/tmp/org.apache.hadoop.hive.ql.TestTxnNoBuckets-1713946626176/warehouse/nonacidnonbucket/_tmp.delta_10000001_10000001_0000
2024-04-24T01:18:21,591  INFO [main] ql.Driver: Starting task [Stage-0:MOVE] in serial mode
Loading data to table default.nonacidnonbucket
2024-04-24T01:18:21,591  INFO [main] exec.Task: Loading data to table default.nonacidnonbucket from file:/home/alex/Repositories/hive/ql/target/tmp/org.apache.hadoop.hive.ql.TestTxnNoBuckets-1713946626176/warehouse/nonacidnonbucket
2024-04-24T01:18:21,591  INFO [main] HiveMetaStore.audit: ugi=alex	ip=unknown-ip-addr	cmd=get_table : tbl=hive.default.nonacidnonbucket	
2024-04-24T01:18:21,598  INFO [main] metastore.HMSHandler: Skipping translation for processor with null
2024-04-24T01:18:21,598  INFO [main] HiveMetaStore.audit: ugi=alex	ip=unknown-ip-addr	cmd=get_table : tbl=hive.default.nonacidnonbucket	
2024-04-24T01:18:21,605  INFO [main] metastore.HMSHandler: Skipping translation for processor with null
2024-04-24T01:18:21,605  INFO [main] HiveMetaStore.audit: ugi=alex	ip=unknown-ip-addr	cmd=alter_table: hive.default.nonacidnonbucket newtbl=nonacidnonbucket	
2024-04-24T01:18:21,637  INFO [main] ql.Driver: Starting task [Stage-2:STATS] in serial mode
2024-04-24T01:18:21,638  INFO [main] HiveMetaStore.audit: ugi=alex	ip=unknown-ip-addr	cmd=get_table : tbl=hive.default.nonacidnonbucket	
2024-04-24T01:18:21,645  INFO [main] metastore.HMSHandler: Skipping translation for processor with null
2024-04-24T01:18:21,645  INFO [main] stats.BasicStatsTask: Executing stats task
2024-04-24T01:18:21,645  INFO [main] fs.FSStatsPublisher: created : file:/home/alex/Repositories/hive/ql/target/tmp/localscratchdir/ed817ece-3071-4c87-9132-a84b63fa4973/hive_2024-04-24_01-18-20_114_5930756313120841134-1/-mr-10000
2024-04-24T01:18:21,646  INFO [main] HiveMetaStore.audit: ugi=alex	ip=unknown-ip-addr	cmd=get_table : tbl=hive.default.nonacidnonbucket	
2024-04-24T01:18:21,653  INFO [main] metastore.HMSHandler: Skipping translation for processor with null
2024-04-24T01:18:21,671  WARN [main] FileOperations: Computing stats for an ACID table; stats may be inaccurate
2024-04-24T01:18:21,671  INFO [main] FileOperations: Read stats for default.nonacidnonbucket/, numRows, true, 2, false: 
2024-04-24T01:18:21,671  INFO [main] FileOperations: Read stats for default.nonacidnonbucket/, rawDataSize, true, 0, false: 
2024-04-24T01:18:21,671  INFO [main] HiveMetaStore.audit: ugi=alex	ip=unknown-ip-addr	cmd=alter_table: hive.default.nonacidnonbucket newtbl=nonacidnonbucket	
2024-04-24T01:18:21,693  INFO [main] FileOperations: Read stats for default.nonacidnonbucket/, insertCount, true, 2, false: 
2024-04-24T01:18:21,693  INFO [main] FileOperations: Read stats for default.nonacidnonbucket/, updateCount, true, 0, false: 
2024-04-24T01:18:21,693  INFO [main] FileOperations: Read stats for default.nonacidnonbucket/, deleteCount, true, 0, false: 
2024-04-24T01:18:21,695  INFO [main] stats.BasicStatsTask: Table default.nonacidnonbucket stats: [numFiles=4, numRows=9, totalSize=1515, rawDataSize=56, numFilesErasureCoded=0]
2024-04-24T01:18:21,696  INFO [main] metadata.Hive: Dumping metastore api call timing information for : execution phase
2024-04-24T01:18:21,696  INFO [main] metadata.Hive: Total time spent in each metastore function (ms): {getTable_(GetTableRequest)=28, updateTransactionalStatistics_(UpdateTransactionalStatsRequest)=2, alter_table_(String, String, String, Table, EnvironmentContext, String)=54, isCompatibleWith_(Configuration)=0}
MapReduce Jobs Launched: 
2024-04-24T01:18:21,696  INFO [main] ql.Driver: MapReduce Jobs Launched: 
Stage-Stage-1:  HDFS Read: 0 HDFS Write: 0 SUCCESS
2024-04-24T01:18:21,696  INFO [main] ql.Driver: Stage-Stage-1:  HDFS Read: 0 HDFS Write: 0 SUCCESS
Total MapReduce CPU Time Spent: 0 msec
2024-04-24T01:18:21,696  INFO [main] ql.Driver: Total MapReduce CPU Time Spent: 0 msec
2024-04-24T01:18:21,696  INFO [main] ql.Driver: Completed executing command(queryId=alex_20240424011820_549d2b4d-84ec-4723-900f-23f4a726da81); Time taken: 1.405 seconds
2024-04-24T01:18:21,696  INFO [main] lockmgr.DbTxnManager: Stopped heartbeat for query: alex_20240424011820_549d2b4d-84ec-4723-900f-23f4a726da81
2024-04-24T01:18:21,708  INFO [main] txn.TxnHandler: Removed transactions: ([18]) from MIN_HISTORY_LEVEL
2024-04-24T01:18:21,708  WARN [main] txn.CompactionTxnHandler: No compaction queue record found for Compaction type transaction commit. txnId:18
2024-04-24T01:18:21,708  INFO [main] ql.TxnCommandsBaseForTests: Running the query: update nonAcidNonBucket set b = 120 where a = 0 and b = 12
2024-04-24T01:18:21,708  INFO [main] ql.Context: Deleting scratch dir: file:/home/alex/Repositories/hive/ql/target/tmp/localscratchdir/ed817ece-3071-4c87-9132-a84b63fa4973/hive_2024-04-24_01-18-20_114_5930756313120841134-1
2024-04-24T01:18:21,709  INFO [main] cleanup.SyncCleanupService: Deleted directory: file:/home/alex/Repositories/hive/ql/target/tmp/localscratchdir/ed817ece-3071-4c87-9132-a84b63fa4973/hive_2024-04-24_01-18-20_114_5930756313120841134-1 on fs with scheme file
2024-04-24T01:18:21,709  INFO [main] ql.Driver: Compiling command(queryId=alex_20240424011821_c3ab6826-648c-4788-91f0-6bbca52820c2): update nonAcidNonBucket set b = 120 where a = 0 and b = 12
2024-04-24T01:18:21,713  INFO [main] txn.TxnHandler: Added entries to MIN_HISTORY_LEVEL for current txns: ([19]) with min_open_txn: 19
2024-04-24T01:18:21,713  INFO [main] lockmgr.DbTxnManager: Opened txnid:19
2024-04-24T01:18:21,714  INFO [main] parse.UpdateDeleteSemanticAnalyzer: Starting caching scope for: 
2024-04-24T01:18:21,714  INFO [main] HiveMetaStore.audit: ugi=alex	ip=unknown-ip-addr	cmd=get_table : tbl=hive.default.nonAcidNonBucket	
2024-04-24T01:18:21,721  INFO [main] metastore.HMSHandler: Skipping translation for processor with null
2024-04-24T01:18:21,721  INFO [main] parse.RewriteSemanticAnalyzer: Going to reparse <update nonAcidNonBucket set b = 120 where a = 0 and b = 12> as 
<insert into table `default`.`nonAcidNonBucket` select ROW__ID,`a`,`b` from `default`.`nonAcidNonBucket` sort by ROW__ID >
2024-04-24T01:18:21,722  INFO [main] parse.UpdateDeleteSemanticAnalyzer: Starting Semantic Analysis
2024-04-24T01:18:21,725  INFO [main] HiveMetaStore.audit: ugi=alex	ip=unknown-ip-addr	cmd=get_table : tbl=hive.default.nonAcidNonBucket	
2024-04-24T01:18:21,731  INFO [main] metastore.ObjectStore: Removed COLUMN_STATS_ACCURATE from Table's parameters.
2024-04-24T01:18:21,732  INFO [main] metastore.HMSHandler: Skipping translation for processor with null
2024-04-24T01:18:21,733  INFO [main] parse.UpdateDeleteSemanticAnalyzer: Completed phase 1 of Semantic Analysis
2024-04-24T01:18:21,733  INFO [main] parse.UpdateDeleteSemanticAnalyzer: Get metadata for source tables
2024-04-24T01:18:21,733  INFO [main] HiveMetaStore.audit: ugi=alex	ip=unknown-ip-addr	cmd=get_table : tbl=hive.default.nonacidnonbucket	
2024-04-24T01:18:21,739  INFO [main] metastore.ObjectStore: Removed COLUMN_STATS_ACCURATE from Table's parameters.
2024-04-24T01:18:21,741  INFO [main] metastore.HMSHandler: Skipping translation for processor with null
2024-04-24T01:18:21,741  INFO [main] parse.UpdateDeleteSemanticAnalyzer: Get metadata for subqueries
2024-04-24T01:18:21,741  INFO [main] parse.UpdateDeleteSemanticAnalyzer: Get metadata for destination tables
2024-04-24T01:18:21,741  INFO [main] HiveMetaStore.audit: ugi=alex	ip=unknown-ip-addr	cmd=get_table : tbl=hive.default.nonAcidNonBucket	
2024-04-24T01:18:21,750  INFO [main] metastore.HMSHandler: Skipping translation for processor with null
2024-04-24T01:18:21,750  INFO [main] parse.UpdateDeleteSemanticAnalyzer: Completed getting MetaData in Semantic Analysis
2024-04-24T01:18:21,750  INFO [main] parse.UpdateDeleteSemanticAnalyzer: Disabling LLAP IO encode as ETL query is detected
2024-04-24T01:18:21,767  INFO [main] HiveMetaStore.audit: ugi=alex	ip=unknown-ip-addr	cmd=get_all_table_constraints : tbl=hive.default.nonacidnonbucket	
2024-04-24T01:18:21,775  INFO [main] HiveMetaStore.audit: ugi=alex	ip=unknown-ip-addr	cmd=get_not_null_constraints : tbl=hive.default.nonacidnonbucket	
2024-04-24T01:18:21,776  INFO [main] HiveMetaStore.audit: ugi=alex	ip=unknown-ip-addr	cmd=get_check_constraints : tbl=hive.default.nonacidnonbucket	
2024-04-24T01:18:21,820  INFO [main] calcite.RelOptHiveTable: Calculating column statistics for default.nonacidnonbucket, projIndxSet: [0, 1], allowMissingStats: true
2024-04-24T01:18:21,821  INFO [main] HiveMetaStore.audit: ugi=alex	ip=unknown-ip-addr	cmd=get_table_statistics_req: table=hive.default.nonacidnonbucket	
2024-04-24T01:18:21,837  WARN [main] calcite.RelOptHiveTable: No Stats for default@nonacidnonbucket, Columns: b, a
No Stats for default@nonacidnonbucket, Columns: b, a
2024-04-24T01:18:21,837  INFO [main] SessionState: No Stats for default@nonacidnonbucket, Columns: b, a
2024-04-24T01:18:21,946  INFO [main] parse.UpdateDeleteSemanticAnalyzer: Get metadata for source tables
2024-04-24T01:18:21,946  INFO [main] parse.UpdateDeleteSemanticAnalyzer: Get metadata for subqueries
2024-04-24T01:18:21,946  INFO [main] parse.UpdateDeleteSemanticAnalyzer: Get metadata for destination tables
2024-04-24T01:18:21,947  INFO [main] HiveMetaStore.audit: ugi=alex	ip=unknown-ip-addr	cmd=get_table : tbl=hive.default.nonAcidNonBucket	
2024-04-24T01:18:21,958  INFO [main] metastore.HMSHandler: Skipping translation for processor with null
2024-04-24T01:18:21,970  INFO [main] txn.TxnHandler: Allocated writeId: 10000002 for txnId: 19
2024-04-24T01:18:21,970  INFO [main] txn.TxnHandler: Allocated write ids for dbName=default, tblName=nonacidnonbucket (txnIds: [19])
2024-04-24T01:18:21,973  INFO [main] parse.UpdateDeleteSemanticAnalyzer: CBO Succeeded; optimized logical plan.
2024-04-24T01:18:21,977  INFO [main] optimizer.ColumnPrunerProcFactory: RS 5 oldColExprMap: {VALUE._col2=Column[_col2], VALUE._col0=Column[_col0], VALUE._col1=Column[_col1]}
2024-04-24T01:18:21,978  INFO [main] optimizer.ColumnPrunerProcFactory: RS 5 newColExprMap: {VALUE._col0=Column[_col0], VALUE._col1=Column[_col1], VALUE._col2=Column[_col2]}
2024-04-24T01:18:21,978  INFO [main] optimizer.ColumnPrunerProcFactory: RS 3 oldColExprMap: {KEY.reducesinkkey0=Column[_col0]}
2024-04-24T01:18:21,978  INFO [main] optimizer.ColumnPrunerProcFactory: RS 3 newColExprMap: {KEY.reducesinkkey0=Column[_col0]}
2024-04-24T01:18:21,978  INFO [main] optimizer.ColumnPrunerProcFactory: RS 3 oldColExprMap: {KEY.reducesinkkey0=Column[_col0]}
2024-04-24T01:18:21,978  INFO [main] optimizer.ColumnPrunerProcFactory: RS 3 newColExprMap: {KEY.reducesinkkey0=Column[_col0]}
2024-04-24T01:18:21,979  INFO [main] optimizer.BucketVersionPopulator: not considering bucketingVersion for: TS[0] because it has -1<2 buckets 
2024-04-24T01:18:21,983  INFO [main] optimizer.SortedDynPartitionOptimizer: Sorted dynamic partitioning optimization kicked in..
2024-04-24T01:18:21,992  INFO [main] HiveMetaStore.audit: ugi=alex	ip=unknown-ip-addr	cmd=get_table : tbl=hive.default.nonacidnonbucket	
2024-04-24T01:18:21,999  INFO [main] metastore.HMSHandler: Skipping translation for processor with null
2024-04-24T01:18:22,000  INFO [main] parse.UpdateDeleteSemanticAnalyzer: Completed plan generation
2024-04-24T01:18:22,000  INFO [main] parse.UpdateDeleteSemanticAnalyzer: Ending caching scope for: 
2024-04-24T01:18:22,000  INFO [main] ql.Driver: Semantic Analysis Completed (retrial = false)
2024-04-24T01:18:22,000  INFO [main] ql.Driver: Created Hive schema: Schema(fieldSchemas:[FieldSchema(name:row__id, type:struct<writeid:bigint,bucketid:int,rowid:bigint>, comment:null), FieldSchema(name:a, type:int, comment:null), FieldSchema(name:_c2, type:int, comment:null)], properties:null)
2024-04-24T01:18:22,000  INFO [main] metadata.Hive: Dumping metastore api call timing information for : compilation phase
2024-04-24T01:18:22,001  INFO [main] metadata.Hive: Total time spent in each metastore function (ms): {getNotNullConstraints_(NotNullConstraintsRequest)=1, allocateTableWriteId_(long, String, String)=6, getCheckConstraints_(CheckConstraintsRequest)=1, getTableColumnStatistics_(String, String, List, String)=14, getTable_(GetTableRequest)=49, getValidTxns_(long)=1, getValidWriteIds_(List, String)=3, commitTxn_(CommitTxnRequest)=12, openTxn_(String, TxnType)=2, isCompatibleWith_(Configuration)=2, getAllTableConstraints_(AllTableConstraintsRequest)=5, flushCache_()=0}
2024-04-24T01:18:22,001  INFO [main] ql.Driver: Completed compiling command(queryId=alex_20240424011821_c3ab6826-648c-4788-91f0-6bbca52820c2); Time taken: 0.291 seconds
2024-04-24T01:18:22,001  INFO [main] lockmgr.DbTxnManager: Setting lock request transaction to txnid:19 for queryId=alex_20240424011821_c3ab6826-648c-4788-91f0-6bbca52820c2
2024-04-24T01:18:22,001  INFO [main] lockmgr.DbLockManager: Requesting lock for queryId=alex_20240424011821_c3ab6826-648c-4788-91f0-6bbca52820c2
2024-04-24T01:18:22,017  INFO [main] lockmgr.DbLockManager: Response to queryId=alex_20240424011821_c3ab6826-648c-4788-91f0-6bbca52820c2 LockResponse(lockid:13, state:ACQUIRED)
2024-04-24T01:18:22,017  INFO [main] ql.Driver: Operation QUERY obtained 1 locks
2024-04-24T01:18:22,023  INFO [main] ql.Driver: Executing command(queryId=alex_20240424011821_c3ab6826-648c-4788-91f0-6bbca52820c2): update nonAcidNonBucket set b = 120 where a = 0 and b = 12
2024-04-24T01:18:22,023  WARN [main] ql.Driver: Hive-on-MR is deprecated in Hive 2 and may not be available in the future versions. Consider using a different execution engine (i.e. spark, tez) or using Hive 1.X releases.
Query ID = alex_20240424011821_c3ab6826-648c-4788-91f0-6bbca52820c2
2024-04-24T01:18:22,023  INFO [main] ql.Driver: Query ID = alex_20240424011821_c3ab6826-648c-4788-91f0-6bbca52820c2
Total jobs = 1
2024-04-24T01:18:22,023  INFO [main] ql.Driver: Total jobs = 1
Launching Job 1 out of 1
2024-04-24T01:18:22,023  INFO [main] ql.Driver: Launching Job 1 out of 1
2024-04-24T01:18:22,157  INFO [main] ql.Driver: Starting task [Stage-1:MAPRED] in serial mode
2024-04-24T01:18:22,157  INFO [main] exec.Utilities: Not using thread pool for getContentSummary
2024-04-24T01:18:22,158  INFO [main] exec.Utilities: BytesPerReducer=256000000 maxReducers=1009 totalInputFileSize=1516
Number of reduce tasks not specified. Estimated from input data size: 1
2024-04-24T01:18:22,158  INFO [main] exec.Task: Number of reduce tasks not specified. Estimated from input data size: 1
In order to change the average load for a reducer (in bytes):
2024-04-24T01:18:22,158  INFO [main] exec.Task: In order to change the average load for a reducer (in bytes):
  set hive.exec.reducers.bytes.per.reducer=<number>
2024-04-24T01:18:22,158  INFO [main] exec.Task:   set hive.exec.reducers.bytes.per.reducer=<number>
In order to limit the maximum number of reducers:
2024-04-24T01:18:22,158  INFO [main] exec.Task: In order to limit the maximum number of reducers:
  set hive.exec.reducers.max=<number>
2024-04-24T01:18:22,158  INFO [main] exec.Task:   set hive.exec.reducers.max=<number>
In order to set a constant number of reducers:
2024-04-24T01:18:22,158  INFO [main] exec.Task: In order to set a constant number of reducers:
  set mapreduce.job.reduces=<number>
2024-04-24T01:18:22,158  INFO [main] exec.Task:   set mapreduce.job.reduces=<number>
2024-04-24T01:18:22,163  INFO [main] mr.ExecDriver: Using org.apache.hadoop.hive.ql.io.HiveInputFormat
2024-04-24T01:18:22,163  INFO [main] exec.Utilities: Processing alias nonacidnonbucket
2024-04-24T01:18:22,163  INFO [main] exec.Utilities: Adding 1 inputs; the first input is file:/home/alex/Repositories/hive/ql/target/tmp/org.apache.hadoop.hive.ql.TestTxnNoBuckets-1713946626176/warehouse/nonacidnonbucket
2024-04-24T01:18:22,172  INFO [main] exec.SerializationUtilities: Serializing MapWork using kryo
2024-04-24T01:18:22,174  INFO [main] exec.Utilities: Serialized plan (via FILE) - name: null size: 5,46KB
2024-04-24T01:18:22,179  INFO [main] exec.SerializationUtilities: Serializing ReduceWork using kryo
2024-04-24T01:18:22,181  INFO [main] exec.Utilities: Serialized plan (via FILE) - name: null size: 5,97KB
2024-04-24T01:18:22,182  WARN [main] impl.MetricsSystemImpl: JobTracker metrics system already initialized!
2024-04-24T01:18:22,186  INFO [main] fs.FSStatsPublisher: created : file:/home/alex/Repositories/hive/ql/target/tmp/localscratchdir/ed817ece-3071-4c87-9132-a84b63fa4973/hive_2024-04-24_01-18-21_721_8903244548661775284-1/-mr-10000
2024-04-24T01:18:22,188  WARN [main] impl.MetricsSystemImpl: JobTracker metrics system already initialized!
2024-04-24T01:18:22,196  WARN [main] mapreduce.JobResourceUploader: Hadoop command-line option parsing not performed. Implement the Tool interface and execute your application with ToolRunner to remedy this.
2024-04-24T01:18:22,200  WARN [main] mapreduce.JobResourceUploader: No job jar file set.  User classes may not be found. See Job or Job#setJar(String).
2024-04-24T01:18:22,201  INFO [main] io.HiveInputFormat: hive.io.file.readcolumn.ids = 0,1
2024-04-24T01:18:22,201  INFO [main] io.HiveInputFormat: hive.io.file.readcolumn.names = a,b
2024-04-24T01:18:22,201  INFO [main] io.HiveInputFormat: Generating splits for dirs: file:/home/alex/Repositories/hive/ql/target/tmp/org.apache.hadoop.hive.ql.TestTxnNoBuckets-1713946626176/warehouse/nonacidnonbucket
2024-04-24T01:18:22,202  INFO [main] orc.OrcInputFormat: getSplits started
2024-04-24T01:18:22,203  INFO [main] orc.OrcInputFormat: Context:: isAcid: true isVectorMode: false sarg: (and leaf-(EQUALS a 0) leaf-(EQUALS b 12)) minSplitSize: 1 maxSplitSize: 256000000 splitStrategy: HYBRID footerInSplits: false numBuckets: 0 numThreads: 10 cacheMemSize: 268435456 cacheStripeDetails: true useSoftReference: false writeIdList: default.nonacidnonbucket:10000002:9223372036854775807:: isTransactionalTable: true txnProperties: default 
2024-04-24T01:18:22,203  INFO [main] orc.OrcInputFormat: ORC pushdown predicate: (and leaf-(EQUALS a 0) leaf-(EQUALS b 12))
2024-04-24T01:18:22,220  INFO [main] orc.OrcInputFormat: FooterCacheHitRatio: 0/4
2024-04-24T01:18:22,220  INFO [main] orc.OrcInputFormat: getSplits finished (#splits: 4). duration: 18 ms
2024-04-24T01:18:22,220  INFO [main] io.HiveInputFormat: number of splits 4
2024-04-24T01:18:22,242  INFO [main] mapreduce.JobSubmitter: number of splits:4
2024-04-24T01:18:22,261  INFO [main] mapreduce.JobSubmitter: Submitting tokens for job: job_local1169746278_0027
2024-04-24T01:18:22,261  INFO [main] mapreduce.JobSubmitter: Executing with tokens: []
2024-04-24T01:18:22,323  INFO [main] mapreduce.Job: The url to track the job: http://localhost:8080/
Job running in-process (local Hadoop)
2024-04-24T01:18:22,323  INFO [main] exec.Task: Job running in-process (local Hadoop)
2024-04-24T01:18:22,324  INFO [Thread-1688] mapred.LocalJobRunner: OutputCommitter set in config org.apache.hadoop.hive.ql.io.HiveFileFormatUtils$NullOutputCommitter
2024-04-24T01:18:22,324  INFO [Thread-1688] mapred.LocalJobRunner: OutputCommitter is org.apache.hadoop.hive.ql.io.HiveFileFormatUtils$NullOutputCommitter
2024-04-24T01:18:22,326  INFO [Thread-1688] mapred.LocalJobRunner: Waiting for map tasks
2024-04-24T01:18:22,327  INFO [LocalJobRunner Map Task Executor #0] mapred.LocalJobRunner: Starting task: attempt_local1169746278_0027_m_000000_0
2024-04-24T01:18:22,327  INFO [LocalJobRunner Map Task Executor #0] mapred.Task:  Using ResourceCalculatorProcessTree : [ ]
2024-04-24T01:18:22,328  INFO [LocalJobRunner Map Task Executor #0] mapred.MapTask: Processing split: org.apache.hadoop.hive.ql.io.orc.OrcInputFormat:OrcSplit [file:/home/alex/Repositories/hive/ql/target/tmp/org.apache.hadoop.hive.ql.TestTxnNoBuckets-1713946626176/warehouse/nonacidnonbucket/delta_10000001_10000001_0000/bucket_00000_0, start=0, length=750, isOriginal=false, fileLength=750, hasFooter=false, hasBase=true, deltas=0]
2024-04-24T01:18:22,328  INFO [LocalJobRunner Map Task Executor #0] exec.SerializationUtilities: Deserializing MapWork using kryo
2024-04-24T01:18:22,329  INFO [LocalJobRunner Map Task Executor #0] exec.Utilities: Deserialized plan (via FILE) - name: null size: 5,46KB
2024-04-24T01:18:22,331  INFO [LocalJobRunner Map Task Executor #0] orc.OrcInputFormat: ORC pushdown predicate: (and leaf-(EQUALS a 0) leaf-(EQUALS b 12))
2024-04-24T01:18:22,331  INFO [LocalJobRunner Map Task Executor #0] orc.OrcRawRecordMerger: min key = null, max key = null
2024-04-24T01:18:22,331  INFO [LocalJobRunner Map Task Executor #0] orc.ReaderImpl: Reading ORC rows from file:/home/alex/Repositories/hive/ql/target/tmp/org.apache.hadoop.hive.ql.TestTxnNoBuckets-1713946626176/warehouse/nonacidnonbucket/delta_10000001_10000001_0000/bucket_00000_0 with {include: [true, true, true], offset: 0, length: 750, sarg: (and leaf-(EQUALS a 0) leaf-(EQUALS b 12)), schema: struct<a:int,b:int>, includeAcidColumns: true}
2024-04-24T01:18:22,332  INFO [LocalJobRunner Map Task Executor #0] orc.OrcRawRecordMerger: updated min key = null, max key = null
2024-04-24T01:18:22,332  INFO [LocalJobRunner Map Task Executor #0] mapred.MapTask: numReduceTasks: 1
2024-04-24T01:18:22,338  INFO [LocalJobRunner Map Task Executor #0] mapred.MapTask: (EQUATOR) 0 kvi 26214396(104857584)
2024-04-24T01:18:22,338  INFO [LocalJobRunner Map Task Executor #0] mapred.MapTask: mapreduce.task.io.sort.mb: 100
2024-04-24T01:18:22,338  INFO [LocalJobRunner Map Task Executor #0] mapred.MapTask: soft limit at 83886080
2024-04-24T01:18:22,338  INFO [LocalJobRunner Map Task Executor #0] mapred.MapTask: bufstart = 0; bufvoid = 104857600
2024-04-24T01:18:22,338  INFO [LocalJobRunner Map Task Executor #0] mapred.MapTask: kvstart = 26214396; length = 6553600
2024-04-24T01:18:22,339  INFO [LocalJobRunner Map Task Executor #0] mapred.MapTask: Map output collector class = org.apache.hadoop.mapred.MapTask$MapOutputBuffer
2024-04-24T01:18:22,340  INFO [LocalJobRunner Map Task Executor #0] exec.MapOperator: Initializing Operator: MAP[0]
2024-04-24T01:18:22,341  INFO [LocalJobRunner Map Task Executor #0] mr.ExecMapper: 
<MAP>Id =0
  <Children>null
  <\Children>
  <Parent><\Parent>
<\MAP>
2024-04-24T01:18:22,341  INFO [LocalJobRunner Map Task Executor #0] exec.TableScanOperator: Initializing Operator: TS[0]
2024-04-24T01:18:22,341  INFO [LocalJobRunner Map Task Executor #0] exec.FilterOperator: Initializing Operator: FIL[8]
2024-04-24T01:18:22,341  INFO [LocalJobRunner Map Task Executor #0] exec.SelectOperator: Initializing Operator: SEL[2]
2024-04-24T01:18:22,341  INFO [LocalJobRunner Map Task Executor #0] exec.SelectOperator: SELECT struct<a:int,b:int,row__id:struct<writeid:bigint,bucketid:int,rowid:bigint>>
2024-04-24T01:18:22,342  INFO [LocalJobRunner Map Task Executor #0] exec.ReduceSinkOperator: Initializing Operator: RS[3]
2024-04-24T01:18:22,342  INFO [LocalJobRunner Map Task Executor #0] exec.ReduceSinkOperator: Using tag = -1
2024-04-24T01:18:22,342  INFO [LocalJobRunner Map Task Executor #0] exec.MapOperator: Closing Operator: MAP[0]
2024-04-24T01:18:22,342  INFO [LocalJobRunner Map Task Executor #0] exec.MapOperator: MAP[0]: Total records read - 0. abort - false
2024-04-24T01:18:22,342  INFO [LocalJobRunner Map Task Executor #0] exec.MapOperator: RECORDS_OUT_INTERMEDIATE:0, RECORDS_IN:0, DESERIALIZE_ERRORS:0, RECORDS_OUT_OPERATOR_MAP_0:0, 
2024-04-24T01:18:22,342  INFO [LocalJobRunner Map Task Executor #0] exec.TableScanOperator: Closing Operator: TS[0]
2024-04-24T01:18:22,342  INFO [LocalJobRunner Map Task Executor #0] exec.TableScanOperator: RECORDS_OUT_OPERATOR_TS_0:0, RECORDS_OUT_INTERMEDIATE:0, 
2024-04-24T01:18:22,342  INFO [LocalJobRunner Map Task Executor #0] exec.FilterOperator: Closing Operator: FIL[8]
2024-04-24T01:18:22,342  INFO [LocalJobRunner Map Task Executor #0] exec.FilterOperator: RECORDS_OUT_OPERATOR_FIL_8:0, RECORDS_OUT_INTERMEDIATE:0, 
2024-04-24T01:18:22,342  INFO [LocalJobRunner Map Task Executor #0] exec.SelectOperator: Closing Operator: SEL[2]
2024-04-24T01:18:22,342  INFO [LocalJobRunner Map Task Executor #0] exec.SelectOperator: RECORDS_OUT_OPERATOR_SEL_2:0, RECORDS_OUT_INTERMEDIATE:0, 
2024-04-24T01:18:22,343  INFO [LocalJobRunner Map Task Executor #0] exec.ReduceSinkOperator: Closing Operator: RS[3]
2024-04-24T01:18:22,343  INFO [LocalJobRunner Map Task Executor #0] exec.ReduceSinkOperator: RS[3]: Total records written - 0. abort - false
2024-04-24T01:18:22,343  INFO [LocalJobRunner Map Task Executor #0] exec.ReduceSinkOperator: RECORDS_OUT_INTERMEDIATE:0, RECORDS_OUT_OPERATOR_RS_3:0, 
2024-04-24T01:18:22,343  INFO [LocalJobRunner Map Task Executor #0] mapred.LocalJobRunner: 
2024-04-24T01:18:22,343  INFO [LocalJobRunner Map Task Executor #0] mapred.MapTask: Starting flush of map output
2024-04-24T01:18:22,358  INFO [LocalJobRunner Map Task Executor #0] mapred.Task: Task:attempt_local1169746278_0027_m_000000_0 is done. And is in the process of committing
2024-04-24T01:18:22,358  INFO [LocalJobRunner Map Task Executor #0] mapred.LocalJobRunner: OrcSplit [file:/home/alex/Repositories/hive/ql/target/tmp/org.apache.hadoop.hive.ql.TestTxnNoBuckets-1713946626176/warehouse/nonacidnonbucket/delta_10000001_10000001_0000/bucket_00000_0, start=0, length=750, isOriginal=false, fileLength=750, hasFooter=false, hasBase=true, deltas=0]
2024-04-24T01:18:22,358  INFO [LocalJobRunner Map Task Executor #0] mapred.Task: Task 'attempt_local1169746278_0027_m_000000_0' done.
2024-04-24T01:18:22,359  INFO [LocalJobRunner Map Task Executor #0] mapred.Task: Final Counters for attempt_local1169746278_0027_m_000000_0: Counters: 25
	File System Counters
		FILE: Number of bytes read=515791
		FILE: Number of bytes written=31792880
		FILE: Number of read operations=0
		FILE: Number of large read operations=0
		FILE: Number of write operations=0
	Map-Reduce Framework
		Map input records=0
		Map output records=0
		Map output bytes=0
		Map output materialized bytes=6
		Input split bytes=517
		Combine input records=0
		Spilled Records=0
		Failed Shuffles=0
		Merged Map outputs=0
		GC time elapsed (ms)=0
		Total committed heap usage (bytes)=1091043328
	HIVE
		DESERIALIZE_ERRORS=0
		RECORDS_IN=0
		RECORDS_OUT_INTERMEDIATE=0
		RECORDS_OUT_OPERATOR_FIL_8=0
		RECORDS_OUT_OPERATOR_MAP_0=0
		RECORDS_OUT_OPERATOR_RS_3=0
		RECORDS_OUT_OPERATOR_SEL_2=0
		RECORDS_OUT_OPERATOR_TS_0=0
	File Input Format Counters 
		Bytes Read=8595
2024-04-24T01:18:22,359  INFO [LocalJobRunner Map Task Executor #0] mapred.LocalJobRunner: Finishing task: attempt_local1169746278_0027_m_000000_0
2024-04-24T01:18:22,359  INFO [LocalJobRunner Map Task Executor #0] mapred.LocalJobRunner: Starting task: attempt_local1169746278_0027_m_000001_0
2024-04-24T01:18:22,359  INFO [LocalJobRunner Map Task Executor #0] mapred.Task:  Using ResourceCalculatorProcessTree : [ ]
2024-04-24T01:18:22,360  INFO [LocalJobRunner Map Task Executor #0] mapred.MapTask: Processing split: org.apache.hadoop.hive.ql.io.orc.OrcInputFormat:OrcSplit [file:/home/alex/Repositories/hive/ql/target/tmp/org.apache.hadoop.hive.ql.TestTxnNoBuckets-1713946626176/warehouse/nonacidnonbucket/000000_0_copy_1, start=0, length=257, isOriginal=true, fileLength=257, hasFooter=false, hasBase=true, deltas=0]
2024-04-24T01:18:22,360  INFO [LocalJobRunner Map Task Executor #0] exec.SerializationUtilities: Deserializing MapWork using kryo
2024-04-24T01:18:22,360  INFO [LocalJobRunner Map Task Executor #0] exec.Utilities: Deserialized plan (via FILE) - name: null size: 5,46KB
2024-04-24T01:18:22,361  INFO [LocalJobRunner Map Task Executor #0] orc.OrcInputFormat: ORC pushdown predicate: (and leaf-(EQUALS a 0) leaf-(EQUALS b 12))
2024-04-24T01:18:22,361  INFO [LocalJobRunner Map Task Executor #0] orc.OrcRawRecordMerger: min key = null, max key = null
2024-04-24T01:18:22,362  INFO [LocalJobRunner Map Task Executor #0] orc.ReaderImpl: Reading ORC rows from file:/home/alex/Repositories/hive/ql/target/tmp/org.apache.hadoop.hive.ql.TestTxnNoBuckets-1713946626176/warehouse/nonacidnonbucket/000000_0_copy_1 with {include: [true, true, true], offset: 0, length: 257, sarg: (and leaf-(EQUALS a 0) leaf-(EQUALS b 12)), schema: struct<a:int,b:int>, includeAcidColumns: true}
2024-04-24T01:18:22,380  INFO [LocalJobRunner Map Task Executor #0] orc.OrcRawRecordMerger: updated min key = null, max key = null
2024-04-24T01:18:22,380  INFO [LocalJobRunner Map Task Executor #0] mapred.MapTask: numReduceTasks: 1
2024-04-24T01:18:22,395  INFO [LocalJobRunner Map Task Executor #0] mapred.MapTask: (EQUATOR) 0 kvi 26214396(104857584)
2024-04-24T01:18:22,396  INFO [LocalJobRunner Map Task Executor #0] mapred.MapTask: mapreduce.task.io.sort.mb: 100
2024-04-24T01:18:22,396  INFO [LocalJobRunner Map Task Executor #0] mapred.MapTask: soft limit at 83886080
2024-04-24T01:18:22,396  INFO [LocalJobRunner Map Task Executor #0] mapred.MapTask: bufstart = 0; bufvoid = 104857600
2024-04-24T01:18:22,396  INFO [LocalJobRunner Map Task Executor #0] mapred.MapTask: kvstart = 26214396; length = 6553600
2024-04-24T01:18:22,396  INFO [LocalJobRunner Map Task Executor #0] mapred.MapTask: Map output collector class = org.apache.hadoop.mapred.MapTask$MapOutputBuffer
2024-04-24T01:18:22,397  INFO [LocalJobRunner Map Task Executor #0] exec.MapOperator: Initializing Operator: MAP[0]
2024-04-24T01:18:22,398  INFO [LocalJobRunner Map Task Executor #0] mr.ExecMapper: 
<MAP>Id =0
  <Children>null
  <\Children>
  <Parent><\Parent>
<\MAP>
2024-04-24T01:18:22,400  INFO [LocalJobRunner Map Task Executor #0] exec.TableScanOperator: Initializing Operator: TS[0]
2024-04-24T01:18:22,400  INFO [LocalJobRunner Map Task Executor #0] exec.FilterOperator: Initializing Operator: FIL[8]
2024-04-24T01:18:22,400  INFO [LocalJobRunner Map Task Executor #0] exec.SelectOperator: Initializing Operator: SEL[2]
2024-04-24T01:18:22,400  INFO [LocalJobRunner Map Task Executor #0] exec.SelectOperator: SELECT struct<a:int,b:int,row__id:struct<writeid:bigint,bucketid:int,rowid:bigint>>
2024-04-24T01:18:22,400  INFO [LocalJobRunner Map Task Executor #0] exec.ReduceSinkOperator: Initializing Operator: RS[3]
2024-04-24T01:18:22,400  INFO [LocalJobRunner Map Task Executor #0] exec.ReduceSinkOperator: Using tag = -1
2024-04-24T01:18:22,401  INFO [LocalJobRunner Map Task Executor #0] exec.ReduceSinkOperator: keys are [reducesinkkey0] num distributions: 1
2024-04-24T01:18:22,403 ERROR [LocalJobRunner Map Task Executor #0] mr.ExecMapper: org.apache.hadoop.hive.ql.metadata.HiveException: Hive Runtime Error while processing row
	at org.apache.hadoop.hive.ql.exec.MapOperator.process(MapOperator.java:573)
	at org.apache.hadoop.hive.ql.exec.mr.ExecMapper.map(ExecMapper.java:148)
	at org.apache.hadoop.mapred.MapRunner.run(MapRunner.java:54)
	at org.apache.hadoop.hive.ql.exec.mr.ExecMapRunner.run(ExecMapRunner.java:37)
	at org.apache.hadoop.mapred.MapTask.runOldMapper(MapTask.java:465)
	at org.apache.hadoop.mapred.MapTask.run(MapTask.java:349)
	at org.apache.hadoop.mapred.LocalJobRunner$Job$MapTaskRunnable.run(LocalJobRunner.java:271)
	at java.util.concurrent.Executors$RunnableAdapter.call(Executors.java:511)
	at java.util.concurrent.FutureTask.run(FutureTask.java:266)
	at java.util.concurrent.ThreadPoolExecutor.runWorker(ThreadPoolExecutor.java:1149)
	at java.util.concurrent.ThreadPoolExecutor$Worker.run(ThreadPoolExecutor.java:624)
	at java.lang.Thread.run(Thread.java:750)
Caused by: org.apache.hadoop.hive.ql.exec.NoMatchingMethodException: No matching method for class org.apache.hadoop.hive.ql.udf.UDFToInteger with (struct<writeid:bigint,bucketid:int,rowid:bigint>). Possible choices: _FUNC_(bigint)  _FUNC_(boolean)  _FUNC_(decimal(38,18))  _FUNC_(double)  _FUNC_(float)  _FUNC_(smallint)  _FUNC_(string)  _FUNC_(struct<writeid:int,rowid:bigint,bucketid:bigint>)  _FUNC_(timestamp)  _FUNC_(tinyint)  _FUNC_(void)  
	at org.apache.hadoop.hive.ql.exec.MethodUtils.getMethodInternal(MethodUtils.java:130)
	at org.apache.hadoop.hive.ql.exec.MethodUtils.getMethodInternal(MethodUtils.java:60)
	at org.apache.hadoop.hive.ql.exec.DefaultUDFMethodResolver.getEvalMethod(DefaultUDFMethodResolver.java:59)
	at org.apache.hadoop.hive.ql.udf.TimestampCastRestrictorResolver.getEvalMethod(TimestampCastRestrictorResolver.java:68)
	at org.apache.hadoop.hive.ql.udf.generic.GenericUDFBridge.initialize(GenericUDFBridge.java:168)
	at org.apache.hadoop.hive.ql.udf.generic.GenericUDF.initializeAndFoldConstants(GenericUDF.java:149)
	at org.apache.hadoop.hive.ql.exec.ExprNodeGenericFuncEvaluator.initialize(ExprNodeGenericFuncEvaluator.java:184)
	at org.apache.hadoop.hive.ql.exec.Operator.initEvaluators(Operator.java:1073)
	at org.apache.hadoop.hive.ql.exec.ReduceSinkOperator.process(ReduceSinkOperator.java:307)
	at org.apache.hadoop.hive.ql.exec.Operator.forward(Operator.java:888)
	at org.apache.hadoop.hive.ql.exec.SelectOperator.process(SelectOperator.java:94)
	at org.apache.hadoop.hive.ql.exec.Operator.forward(Operator.java:888)
	at org.apache.hadoop.hive.ql.exec.FilterOperator.process(FilterOperator.java:127)
	at org.apache.hadoop.hive.ql.exec.Operator.forward(Operator.java:888)
	at org.apache.hadoop.hive.ql.exec.TableScanOperator.process(TableScanOperator.java:173)
	at org.apache.hadoop.hive.ql.exec.MapOperator$MapOpCtx.forward(MapOperator.java:154)
	at org.apache.hadoop.hive.ql.exec.MapOperator.process(MapOperator.java:552)
	... 11 more

2024-04-24T01:18:22,403  INFO [LocalJobRunner Map Task Executor #0] exec.MapOperator: Closing Operator: MAP[0]
2024-04-24T01:18:22,403  INFO [LocalJobRunner Map Task Executor #0] exec.MapOperator: MAP[0]: Total records read - 0. abort - true
2024-04-24T01:18:22,403  INFO [LocalJobRunner Map Task Executor #0] exec.MapOperator: DESERIALIZE_ERRORS:0, RECORDS_OUT_INTERMEDIATE:0, RECORDS_OUT_OPERATOR_MAP_0:0, RECORDS_IN:0, 
2024-04-24T01:18:22,403  INFO [LocalJobRunner Map Task Executor #0] exec.TableScanOperator: Closing Operator: TS[0]
2024-04-24T01:18:22,403  INFO [LocalJobRunner Map Task Executor #0] exec.TableScanOperator: RECORDS_OUT_OPERATOR_TS_0:1, RECORDS_OUT_INTERMEDIATE:0, 
2024-04-24T01:18:22,403  INFO [LocalJobRunner Map Task Executor #0] exec.FilterOperator: Closing Operator: FIL[8]
2024-04-24T01:18:22,404  INFO [LocalJobRunner Map Task Executor #0] exec.FilterOperator: RECORDS_OUT_INTERMEDIATE:0, RECORDS_OUT_OPERATOR_FIL_8:1, 
2024-04-24T01:18:22,404  INFO [LocalJobRunner Map Task Executor #0] exec.SelectOperator: Closing Operator: SEL[2]
2024-04-24T01:18:22,404  INFO [LocalJobRunner Map Task Executor #0] exec.SelectOperator: RECORDS_OUT_INTERMEDIATE:0, RECORDS_OUT_OPERATOR_SEL_2:1, 
2024-04-24T01:18:22,404  INFO [LocalJobRunner Map Task Executor #0] exec.ReduceSinkOperator: Closing Operator: RS[3]
2024-04-24T01:18:22,404  INFO [LocalJobRunner Map Task Executor #0] exec.ReduceSinkOperator: RS[3]: Total records written - 0. abort - true
2024-04-24T01:18:22,404  INFO [LocalJobRunner Map Task Executor #0] exec.ReduceSinkOperator: RECORDS_OUT_INTERMEDIATE:0, RECORDS_OUT_OPERATOR_RS_3:0, 
2024-04-24T01:18:22,405  INFO [LocalJobRunner Map Task Executor #0] mapred.LocalJobRunner: Starting task: attempt_local1169746278_0027_m_000002_0
2024-04-24T01:18:22,405  INFO [LocalJobRunner Map Task Executor #0] mapred.Task:  Using ResourceCalculatorProcessTree : [ ]
2024-04-24T01:18:22,406  INFO [LocalJobRunner Map Task Executor #0] mapred.MapTask: Processing split: org.apache.hadoop.hive.ql.io.orc.OrcInputFormat:OrcSplit [file:/home/alex/Repositories/hive/ql/target/tmp/org.apache.hadoop.hive.ql.TestTxnNoBuckets-1713946626176/warehouse/nonacidnonbucket/000000_0, start=0, length=254, isOriginal=true, fileLength=254, hasFooter=false, hasBase=true, deltas=0]
2024-04-24T01:18:22,407  INFO [LocalJobRunner Map Task Executor #0] exec.SerializationUtilities: Deserializing MapWork using kryo
2024-04-24T01:18:22,408  INFO [LocalJobRunner Map Task Executor #0] exec.Utilities: Deserialized plan (via FILE) - name: null size: 5,46KB
2024-04-24T01:18:22,409  INFO [LocalJobRunner Map Task Executor #0] orc.OrcInputFormat: ORC pushdown predicate: (and leaf-(EQUALS a 0) leaf-(EQUALS b 12))
2024-04-24T01:18:22,410  INFO [LocalJobRunner Map Task Executor #0] orc.OrcRawRecordMerger: min key = null, max key = null
2024-04-24T01:18:22,410  INFO [LocalJobRunner Map Task Executor #0] orc.ReaderImpl: Reading ORC rows from file:/home/alex/Repositories/hive/ql/target/tmp/org.apache.hadoop.hive.ql.TestTxnNoBuckets-1713946626176/warehouse/nonacidnonbucket/000000_0 with {include: [true, true, true], offset: 0, length: 254, sarg: (and leaf-(EQUALS a 0) leaf-(EQUALS b 12)), schema: struct<a:int,b:int>, includeAcidColumns: true}
2024-04-24T01:18:22,428  INFO [LocalJobRunner Map Task Executor #0] orc.OrcRawRecordMerger: updated min key = null, max key = null
2024-04-24T01:18:22,428  INFO [LocalJobRunner Map Task Executor #0] mapred.MapTask: numReduceTasks: 1
2024-04-24T01:18:22,434  INFO [LocalJobRunner Map Task Executor #0] mapred.MapTask: (EQUATOR) 0 kvi 26214396(104857584)
2024-04-24T01:18:22,434  INFO [LocalJobRunner Map Task Executor #0] mapred.MapTask: mapreduce.task.io.sort.mb: 100
2024-04-24T01:18:22,434  INFO [LocalJobRunner Map Task Executor #0] mapred.MapTask: soft limit at 83886080
2024-04-24T01:18:22,434  INFO [LocalJobRunner Map Task Executor #0] mapred.MapTask: bufstart = 0; bufvoid = 104857600
2024-04-24T01:18:22,434  INFO [LocalJobRunner Map Task Executor #0] mapred.MapTask: kvstart = 26214396; length = 6553600
2024-04-24T01:18:22,434  INFO [LocalJobRunner Map Task Executor #0] mapred.MapTask: Map output collector class = org.apache.hadoop.mapred.MapTask$MapOutputBuffer
2024-04-24T01:18:22,435  INFO [LocalJobRunner Map Task Executor #0] exec.MapOperator: Initializing Operator: MAP[0]
2024-04-24T01:18:22,436  INFO [LocalJobRunner Map Task Executor #0] mr.ExecMapper: 
<MAP>Id =0
  <Children>null
  <\Children>
  <Parent><\Parent>
<\MAP>
2024-04-24T01:18:22,437  INFO [LocalJobRunner Map Task Executor #0] exec.TableScanOperator: Initializing Operator: TS[0]
2024-04-24T01:18:22,437  INFO [LocalJobRunner Map Task Executor #0] exec.FilterOperator: Initializing Operator: FIL[8]
2024-04-24T01:18:22,437  INFO [LocalJobRunner Map Task Executor #0] exec.SelectOperator: Initializing Operator: SEL[2]
2024-04-24T01:18:22,437  INFO [LocalJobRunner Map Task Executor #0] exec.SelectOperator: SELECT struct<a:int,b:int,row__id:struct<writeid:bigint,bucketid:int,rowid:bigint>>
2024-04-24T01:18:22,437  INFO [LocalJobRunner Map Task Executor #0] exec.ReduceSinkOperator: Initializing Operator: RS[3]
2024-04-24T01:18:22,437  INFO [LocalJobRunner Map Task Executor #0] exec.ReduceSinkOperator: Using tag = -1
2024-04-24T01:18:22,438  INFO [LocalJobRunner Map Task Executor #0] exec.MapOperator: Closing Operator: MAP[0]
2024-04-24T01:18:22,438  INFO [LocalJobRunner Map Task Executor #0] exec.MapOperator: MAP[0]: Total records read - 0. abort - false
2024-04-24T01:18:22,438  INFO [LocalJobRunner Map Task Executor #0] exec.MapOperator: RECORDS_OUT_OPERATOR_MAP_0:0, RECORDS_IN:0, RECORDS_OUT_INTERMEDIATE:0, DESERIALIZE_ERRORS:0, 
2024-04-24T01:18:22,438  INFO [LocalJobRunner Map Task Executor #0] exec.TableScanOperator: Closing Operator: TS[0]
2024-04-24T01:18:22,438  INFO [LocalJobRunner Map Task Executor #0] exec.TableScanOperator: RECORDS_OUT_OPERATOR_TS_0:0, RECORDS_OUT_INTERMEDIATE:0, 
2024-04-24T01:18:22,438  INFO [LocalJobRunner Map Task Executor #0] exec.FilterOperator: Closing Operator: FIL[8]
2024-04-24T01:18:22,438  INFO [LocalJobRunner Map Task Executor #0] exec.FilterOperator: RECORDS_OUT_OPERATOR_FIL_8:0, RECORDS_OUT_INTERMEDIATE:0, 
2024-04-24T01:18:22,438  INFO [LocalJobRunner Map Task Executor #0] exec.SelectOperator: Closing Operator: SEL[2]
2024-04-24T01:18:22,438  INFO [LocalJobRunner Map Task Executor #0] exec.SelectOperator: RECORDS_OUT_OPERATOR_SEL_2:0, RECORDS_OUT_INTERMEDIATE:0, 
2024-04-24T01:18:22,438  INFO [LocalJobRunner Map Task Executor #0] exec.ReduceSinkOperator: Closing Operator: RS[3]
2024-04-24T01:18:22,438  INFO [LocalJobRunner Map Task Executor #0] exec.ReduceSinkOperator: RS[3]: Total records written - 0. abort - false
2024-04-24T01:18:22,438  INFO [LocalJobRunner Map Task Executor #0] exec.ReduceSinkOperator: RECORDS_OUT_INTERMEDIATE:0, RECORDS_OUT_OPERATOR_RS_3:0, 
2024-04-24T01:18:22,439  INFO [LocalJobRunner Map Task Executor #0] mapred.LocalJobRunner: 
2024-04-24T01:18:22,439  INFO [LocalJobRunner Map Task Executor #0] mapred.MapTask: Starting flush of map output
2024-04-24T01:18:22,453  INFO [LocalJobRunner Map Task Executor #0] mapred.Task: Task:attempt_local1169746278_0027_m_000002_0 is done. And is in the process of committing
2024-04-24T01:18:22,454  INFO [LocalJobRunner Map Task Executor #0] mapred.LocalJobRunner: OrcSplit [file:/home/alex/Repositories/hive/ql/target/tmp/org.apache.hadoop.hive.ql.TestTxnNoBuckets-1713946626176/warehouse/nonacidnonbucket/000000_0, start=0, length=254, isOriginal=true, fileLength=254, hasFooter=false, hasBase=true, deltas=0]
2024-04-24T01:18:22,454  INFO [LocalJobRunner Map Task Executor #0] mapred.Task: Task 'attempt_local1169746278_0027_m_000002_0' done.
2024-04-24T01:18:22,454  INFO [LocalJobRunner Map Task Executor #0] mapred.Task: Final Counters for attempt_local1169746278_0027_m_000002_0: Counters: 25
	File System Counters
		FILE: Number of bytes read=532524
		FILE: Number of bytes written=31792918
		FILE: Number of read operations=0
		FILE: Number of large read operations=0
		FILE: Number of write operations=0
	Map-Reduce Framework
		Map input records=0
		Map output records=0
		Map output bytes=0
		Map output materialized bytes=6
		Input split bytes=482
		Combine input records=0
		Spilled Records=0
		Failed Shuffles=0
		Merged Map outputs=0
		GC time elapsed (ms)=0
		Total committed heap usage (bytes)=1092616192
	HIVE
		DESERIALIZE_ERRORS=0
		RECORDS_IN=0
		RECORDS_OUT_INTERMEDIATE=0
		RECORDS_OUT_OPERATOR_FIL_8=0
		RECORDS_OUT_OPERATOR_MAP_0=0
		RECORDS_OUT_OPERATOR_RS_3=0
		RECORDS_OUT_OPERATOR_SEL_2=0
		RECORDS_OUT_OPERATOR_TS_0=0
	File Input Format Counters 
		Bytes Read=6591
2024-04-24T01:18:22,454  INFO [LocalJobRunner Map Task Executor #0] mapred.LocalJobRunner: Finishing task: attempt_local1169746278_0027_m_000002_0
2024-04-24T01:18:22,454  INFO [LocalJobRunner Map Task Executor #0] mapred.LocalJobRunner: Starting task: attempt_local1169746278_0027_m_000003_0
2024-04-24T01:18:22,454  INFO [LocalJobRunner Map Task Executor #0] mapred.Task:  Using ResourceCalculatorProcessTree : [ ]
2024-04-24T01:18:22,455  INFO [LocalJobRunner Map Task Executor #0] mapred.MapTask: Processing split: org.apache.hadoop.hive.ql.io.orc.OrcInputFormat:OrcSplit [file:/home/alex/Repositories/hive/ql/target/tmp/org.apache.hadoop.hive.ql.TestTxnNoBuckets-1713946626176/warehouse/nonacidnonbucket/000000_0_copy_2, start=0, length=254, isOriginal=true, fileLength=254, hasFooter=false, hasBase=true, deltas=0]
2024-04-24T01:18:22,455  INFO [LocalJobRunner Map Task Executor #0] exec.SerializationUtilities: Deserializing MapWork using kryo
2024-04-24T01:18:22,456  INFO [LocalJobRunner Map Task Executor #0] exec.Utilities: Deserialized plan (via FILE) - name: null size: 5,46KB
2024-04-24T01:18:22,457  INFO [LocalJobRunner Map Task Executor #0] orc.OrcInputFormat: ORC pushdown predicate: (and leaf-(EQUALS a 0) leaf-(EQUALS b 12))
2024-04-24T01:18:22,457  INFO [LocalJobRunner Map Task Executor #0] orc.OrcRawRecordMerger: min key = null, max key = null
2024-04-24T01:18:22,457  INFO [LocalJobRunner Map Task Executor #0] orc.ReaderImpl: Reading ORC rows from file:/home/alex/Repositories/hive/ql/target/tmp/org.apache.hadoop.hive.ql.TestTxnNoBuckets-1713946626176/warehouse/nonacidnonbucket/000000_0_copy_2 with {include: [true, true, true], offset: 0, length: 254, sarg: (and leaf-(EQUALS a 0) leaf-(EQUALS b 12)), schema: struct<a:int,b:int>, includeAcidColumns: true}
2024-04-24T01:18:22,477  INFO [LocalJobRunner Map Task Executor #0] orc.OrcRawRecordMerger: updated min key = null, max key = null
2024-04-24T01:18:22,477  INFO [LocalJobRunner Map Task Executor #0] mapred.MapTask: numReduceTasks: 1
2024-04-24T01:18:22,482  INFO [LocalJobRunner Map Task Executor #0] mapred.MapTask: (EQUATOR) 0 kvi 26214396(104857584)
2024-04-24T01:18:22,482  INFO [LocalJobRunner Map Task Executor #0] mapred.MapTask: mapreduce.task.io.sort.mb: 100
2024-04-24T01:18:22,482  INFO [LocalJobRunner Map Task Executor #0] mapred.MapTask: soft limit at 83886080
2024-04-24T01:18:22,482  INFO [LocalJobRunner Map Task Executor #0] mapred.MapTask: bufstart = 0; bufvoid = 104857600
2024-04-24T01:18:22,482  INFO [LocalJobRunner Map Task Executor #0] mapred.MapTask: kvstart = 26214396; length = 6553600
2024-04-24T01:18:22,482  INFO [LocalJobRunner Map Task Executor #0] mapred.MapTask: Map output collector class = org.apache.hadoop.mapred.MapTask$MapOutputBuffer
2024-04-24T01:18:22,483  INFO [LocalJobRunner Map Task Executor #0] exec.MapOperator: Initializing Operator: MAP[0]
2024-04-24T01:18:22,484  INFO [LocalJobRunner Map Task Executor #0] mr.ExecMapper: 
<MAP>Id =0
  <Children>null
  <\Children>
  <Parent><\Parent>
<\MAP>
2024-04-24T01:18:22,485  INFO [LocalJobRunner Map Task Executor #0] exec.TableScanOperator: Initializing Operator: TS[0]
2024-04-24T01:18:22,485  INFO [LocalJobRunner Map Task Executor #0] exec.FilterOperator: Initializing Operator: FIL[8]
2024-04-24T01:18:22,485  INFO [LocalJobRunner Map Task Executor #0] exec.SelectOperator: Initializing Operator: SEL[2]
2024-04-24T01:18:22,485  INFO [LocalJobRunner Map Task Executor #0] exec.SelectOperator: SELECT struct<a:int,b:int,row__id:struct<writeid:bigint,bucketid:int,rowid:bigint>>
2024-04-24T01:18:22,485  INFO [LocalJobRunner Map Task Executor #0] exec.ReduceSinkOperator: Initializing Operator: RS[3]
2024-04-24T01:18:22,485  INFO [LocalJobRunner Map Task Executor #0] exec.ReduceSinkOperator: Using tag = -1
2024-04-24T01:18:22,486  INFO [LocalJobRunner Map Task Executor #0] exec.MapOperator: Closing Operator: MAP[0]
2024-04-24T01:18:22,486  INFO [LocalJobRunner Map Task Executor #0] exec.MapOperator: MAP[0]: Total records read - 0. abort - false
2024-04-24T01:18:22,486  INFO [LocalJobRunner Map Task Executor #0] exec.MapOperator: RECORDS_OUT_OPERATOR_MAP_0:0, RECORDS_IN:0, DESERIALIZE_ERRORS:0, RECORDS_OUT_INTERMEDIATE:0, 
2024-04-24T01:18:22,486  INFO [LocalJobRunner Map Task Executor #0] exec.TableScanOperator: Closing Operator: TS[0]
2024-04-24T01:18:22,486  INFO [LocalJobRunner Map Task Executor #0] exec.TableScanOperator: RECORDS_OUT_INTERMEDIATE:0, RECORDS_OUT_OPERATOR_TS_0:0, 
2024-04-24T01:18:22,486  INFO [LocalJobRunner Map Task Executor #0] exec.FilterOperator: Closing Operator: FIL[8]
2024-04-24T01:18:22,486  INFO [LocalJobRunner Map Task Executor #0] exec.FilterOperator: RECORDS_OUT_INTERMEDIATE:0, RECORDS_OUT_OPERATOR_FIL_8:0, 
2024-04-24T01:18:22,486  INFO [LocalJobRunner Map Task Executor #0] exec.SelectOperator: Closing Operator: SEL[2]
2024-04-24T01:18:22,486  INFO [LocalJobRunner Map Task Executor #0] exec.SelectOperator: RECORDS_OUT_INTERMEDIATE:0, RECORDS_OUT_OPERATOR_SEL_2:0, 
2024-04-24T01:18:22,486  INFO [LocalJobRunner Map Task Executor #0] exec.ReduceSinkOperator: Closing Operator: RS[3]
2024-04-24T01:18:22,486  INFO [LocalJobRunner Map Task Executor #0] exec.ReduceSinkOperator: RS[3]: Total records written - 0. abort - false
2024-04-24T01:18:22,486  INFO [LocalJobRunner Map Task Executor #0] exec.ReduceSinkOperator: RECORDS_OUT_INTERMEDIATE:0, RECORDS_OUT_OPERATOR_RS_3:0, 
2024-04-24T01:18:22,487  INFO [LocalJobRunner Map Task Executor #0] mapred.LocalJobRunner: 
2024-04-24T01:18:22,487  INFO [LocalJobRunner Map Task Executor #0] mapred.MapTask: Starting flush of map output
2024-04-24T01:18:22,501  INFO [LocalJobRunner Map Task Executor #0] mapred.Task: Task:attempt_local1169746278_0027_m_000003_0 is done. And is in the process of committing
2024-04-24T01:18:22,502  INFO [LocalJobRunner Map Task Executor #0] mapred.LocalJobRunner: OrcSplit [file:/home/alex/Repositories/hive/ql/target/tmp/org.apache.hadoop.hive.ql.TestTxnNoBuckets-1713946626176/warehouse/nonacidnonbucket/000000_0_copy_2, start=0, length=254, isOriginal=true, fileLength=254, hasFooter=false, hasBase=true, deltas=0]
2024-04-24T01:18:22,502  INFO [LocalJobRunner Map Task Executor #0] mapred.Task: Task 'attempt_local1169746278_0027_m_000003_0' done.
2024-04-24T01:18:22,502  INFO [LocalJobRunner Map Task Executor #0] mapred.Task: Final Counters for attempt_local1169746278_0027_m_000003_0: Counters: 25
	File System Counters
		FILE: Number of bytes read=540658
		FILE: Number of bytes written=31792956
		FILE: Number of read operations=0
		FILE: Number of large read operations=0
		FILE: Number of write operations=0
	Map-Reduce Framework
		Map input records=0
		Map output records=0
		Map output bytes=0
		Map output materialized bytes=6
		Input split bytes=489
		Combine input records=0
		Spilled Records=0
		Failed Shuffles=0
		Merged Map outputs=0
		GC time elapsed (ms)=0
		Total committed heap usage (bytes)=1092616192
	HIVE
		DESERIALIZE_ERRORS=0
		RECORDS_IN=0
		RECORDS_OUT_INTERMEDIATE=0
		RECORDS_OUT_OPERATOR_FIL_8=0
		RECORDS_OUT_OPERATOR_MAP_0=0
		RECORDS_OUT_OPERATOR_RS_3=0
		RECORDS_OUT_OPERATOR_SEL_2=0
		RECORDS_OUT_OPERATOR_TS_0=0
	File Input Format Counters 
		Bytes Read=7150
2024-04-24T01:18:22,502  INFO [LocalJobRunner Map Task Executor #0] mapred.LocalJobRunner: Finishing task: attempt_local1169746278_0027_m_000003_0
2024-04-24T01:18:22,502  INFO [Thread-1688] mapred.LocalJobRunner: map task executor complete.
2024-04-24T01:18:22,502  WARN [Thread-1688] mapred.LocalJobRunner: job_local1169746278_0027
java.lang.Exception: java.lang.RuntimeException: org.apache.hadoop.hive.ql.metadata.HiveException: Hive Runtime Error while processing row
	at org.apache.hadoop.mapred.LocalJobRunner$Job.runTasks(LocalJobRunner.java:492) ~[hadoop-mapreduce-client-common-3.1.0.jar:?]
	at org.apache.hadoop.mapred.LocalJobRunner$Job.run(LocalJobRunner.java:552) [hadoop-mapreduce-client-common-3.1.0.jar:?]
Caused by: java.lang.RuntimeException: org.apache.hadoop.hive.ql.metadata.HiveException: Hive Runtime Error while processing row
	at org.apache.hadoop.hive.ql.exec.mr.ExecMapper.map(ExecMapper.java:157) ~[classes/:?]
	at org.apache.hadoop.mapred.MapRunner.run(MapRunner.java:54) ~[hadoop-mapreduce-client-core-3.1.0.jar:?]
	at org.apache.hadoop.hive.ql.exec.mr.ExecMapRunner.run(ExecMapRunner.java:37) ~[classes/:?]
	at org.apache.hadoop.mapred.MapTask.runOldMapper(MapTask.java:465) ~[hadoop-mapreduce-client-core-3.1.0.jar:?]
	at org.apache.hadoop.mapred.MapTask.run(MapTask.java:349) ~[hadoop-mapreduce-client-core-3.1.0.jar:?]
	at org.apache.hadoop.mapred.LocalJobRunner$Job$MapTaskRunnable.run(LocalJobRunner.java:271) ~[hadoop-mapreduce-client-common-3.1.0.jar:?]
	at java.util.concurrent.Executors$RunnableAdapter.call(Executors.java:511) ~[?:1.8.0_402]
	at java.util.concurrent.FutureTask.run(FutureTask.java:266) ~[?:1.8.0_402]
	at java.util.concurrent.ThreadPoolExecutor.runWorker(ThreadPoolExecutor.java:1149) ~[?:1.8.0_402]
	at java.util.concurrent.ThreadPoolExecutor$Worker.run(ThreadPoolExecutor.java:624) ~[?:1.8.0_402]
	at java.lang.Thread.run(Thread.java:750) ~[?:1.8.0_402]
Caused by: org.apache.hadoop.hive.ql.metadata.HiveException: Hive Runtime Error while processing row
	at org.apache.hadoop.hive.ql.exec.MapOperator.process(MapOperator.java:573) ~[classes/:?]
	at org.apache.hadoop.hive.ql.exec.mr.ExecMapper.map(ExecMapper.java:148) ~[classes/:?]
	at org.apache.hadoop.mapred.MapRunner.run(MapRunner.java:54) ~[hadoop-mapreduce-client-core-3.1.0.jar:?]
	at org.apache.hadoop.hive.ql.exec.mr.ExecMapRunner.run(ExecMapRunner.java:37) ~[classes/:?]
	at org.apache.hadoop.mapred.MapTask.runOldMapper(MapTask.java:465) ~[hadoop-mapreduce-client-core-3.1.0.jar:?]
	at org.apache.hadoop.mapred.MapTask.run(MapTask.java:349) ~[hadoop-mapreduce-client-core-3.1.0.jar:?]
	at org.apache.hadoop.mapred.LocalJobRunner$Job$MapTaskRunnable.run(LocalJobRunner.java:271) ~[hadoop-mapreduce-client-common-3.1.0.jar:?]
	at java.util.concurrent.Executors$RunnableAdapter.call(Executors.java:511) ~[?:1.8.0_402]
	at java.util.concurrent.FutureTask.run(FutureTask.java:266) ~[?:1.8.0_402]
	at java.util.concurrent.ThreadPoolExecutor.runWorker(ThreadPoolExecutor.java:1149) ~[?:1.8.0_402]
	at java.util.concurrent.ThreadPoolExecutor$Worker.run(ThreadPoolExecutor.java:624) ~[?:1.8.0_402]
	at java.lang.Thread.run(Thread.java:750) ~[?:1.8.0_402]
Caused by: org.apache.hadoop.hive.ql.exec.NoMatchingMethodException: No matching method for class org.apache.hadoop.hive.ql.udf.UDFToInteger with (struct<writeid:bigint,bucketid:int,rowid:bigint>). Possible choices: _FUNC_(bigint)  _FUNC_(boolean)  _FUNC_(decimal(38,18))  _FUNC_(double)  _FUNC_(float)  _FUNC_(smallint)  _FUNC_(string)  _FUNC_(struct<writeid:int,rowid:bigint,bucketid:bigint>)  _FUNC_(timestamp)  _FUNC_(tinyint)  _FUNC_(void)  
	at org.apache.hadoop.hive.ql.exec.MethodUtils.getMethodInternal(MethodUtils.java:130) ~[classes/:?]
	at org.apache.hadoop.hive.ql.exec.MethodUtils.getMethodInternal(MethodUtils.java:60) ~[classes/:?]
	at org.apache.hadoop.hive.ql.exec.DefaultUDFMethodResolver.getEvalMethod(DefaultUDFMethodResolver.java:59) ~[classes/:?]
	at org.apache.hadoop.hive.ql.udf.TimestampCastRestrictorResolver.getEvalMethod(TimestampCastRestrictorResolver.java:68) ~[classes/:?]
	at org.apache.hadoop.hive.ql.udf.generic.GenericUDFBridge.initialize(GenericUDFBridge.java:168) ~[classes/:?]
	at org.apache.hadoop.hive.ql.udf.generic.GenericUDF.initializeAndFoldConstants(GenericUDF.java:149) ~[classes/:?]
	at org.apache.hadoop.hive.ql.exec.ExprNodeGenericFuncEvaluator.initialize(ExprNodeGenericFuncEvaluator.java:184) ~[classes/:?]
	at org.apache.hadoop.hive.ql.exec.Operator.initEvaluators(Operator.java:1073) ~[classes/:?]
	at org.apache.hadoop.hive.ql.exec.ReduceSinkOperator.process(ReduceSinkOperator.java:307) ~[classes/:?]
	at org.apache.hadoop.hive.ql.exec.Operator.forward(Operator.java:888) ~[classes/:?]
	at org.apache.hadoop.hive.ql.exec.SelectOperator.process(SelectOperator.java:94) ~[classes/:?]
	at org.apache.hadoop.hive.ql.exec.Operator.forward(Operator.java:888) ~[classes/:?]
	at org.apache.hadoop.hive.ql.exec.FilterOperator.process(FilterOperator.java:127) ~[classes/:?]
	at org.apache.hadoop.hive.ql.exec.Operator.forward(Operator.java:888) ~[classes/:?]
	at org.apache.hadoop.hive.ql.exec.TableScanOperator.process(TableScanOperator.java:173) ~[classes/:?]
	at org.apache.hadoop.hive.ql.exec.MapOperator$MapOpCtx.forward(MapOperator.java:154) ~[classes/:?]
	at org.apache.hadoop.hive.ql.exec.MapOperator.process(MapOperator.java:552) ~[classes/:?]
	at org.apache.hadoop.hive.ql.exec.mr.ExecMapper.map(ExecMapper.java:148) ~[classes/:?]
	at org.apache.hadoop.mapred.MapRunner.run(MapRunner.java:54) ~[hadoop-mapreduce-client-core-3.1.0.jar:?]
	at org.apache.hadoop.hive.ql.exec.mr.ExecMapRunner.run(ExecMapRunner.java:37) ~[classes/:?]
	at org.apache.hadoop.mapred.MapTask.runOldMapper(MapTask.java:465) ~[hadoop-mapreduce-client-core-3.1.0.jar:?]
	at org.apache.hadoop.mapred.MapTask.run(MapTask.java:349) ~[hadoop-mapreduce-client-core-3.1.0.jar:?]
	at org.apache.hadoop.mapred.LocalJobRunner$Job$MapTaskRunnable.run(LocalJobRunner.java:271) ~[hadoop-mapreduce-client-common-3.1.0.jar:?]
	at java.util.concurrent.Executors$RunnableAdapter.call(Executors.java:511) ~[?:1.8.0_402]
	at java.util.concurrent.FutureTask.run(FutureTask.java:266) ~[?:1.8.0_402]
	at java.util.concurrent.ThreadPoolExecutor.runWorker(ThreadPoolExecutor.java:1149) ~[?:1.8.0_402]
	at java.util.concurrent.ThreadPoolExecutor$Worker.run(ThreadPoolExecutor.java:624) ~[?:1.8.0_402]
	at java.lang.Thread.run(Thread.java:750) ~[?:1.8.0_402]
2024-04-24 01:18:23,325 Stage-1 map = 100%,  reduce = 0%
2024-04-24T01:18:23,325  INFO [main] exec.Task: 2024-04-24 01:18:23,325 Stage-1 map = 100%,  reduce = 0%
Ended Job = job_local1169746278_0027 with errors
2024-04-24T01:18:23,326 ERROR [main] exec.Task: Ended Job = job_local1169746278_0027 with errors
Error during job, obtaining debugging information...
2024-04-24T01:18:23,327 ERROR [Thread-1724] exec.Task: Error during job, obtaining debugging information...
2024-04-24T01:18:23,329  INFO [main] FileOperations: Deleting file:/home/alex/Repositories/hive/ql/target/tmp/org.apache.hadoop.hive.ql.TestTxnNoBuckets-1713946626176/warehouse/nonacidnonbucket/_tmp.delta_10000002_10000002_0000 on failure
FAILED: Execution Error, return code 2 from org.apache.hadoop.hive.ql.exec.mr.MapRedTask
2024-04-24T01:18:23,329 ERROR [main] ql.Driver: FAILED: Execution Error, return code 2 from org.apache.hadoop.hive.ql.exec.mr.MapRedTask
2024-04-24T01:18:23,329  INFO [main] metadata.Hive: Dumping metastore api call timing information for : execution phase
2024-04-24T01:18:23,330  INFO [main] metadata.Hive: Total time spent in each metastore function (ms): {}
MapReduce Jobs Launched: 
2024-04-24T01:18:23,330  INFO [main] ql.Driver: MapReduce Jobs Launched: 
Stage-Stage-1:  HDFS Read: 0 HDFS Write: 0 FAIL
2024-04-24T01:18:23,330  INFO [main] ql.Driver: Stage-Stage-1:  HDFS Read: 0 HDFS Write: 0 FAIL
Total MapReduce CPU Time Spent: 0 msec
2024-04-24T01:18:23,330  INFO [main] ql.Driver: Total MapReduce CPU Time Spent: 0 msec
2024-04-24T01:18:23,330  INFO [main] ql.Driver: Completed executing command(queryId=alex_20240424011821_c3ab6826-648c-4788-91f0-6bbca52820c2); Time taken: 1.306 seconds
2024-04-24T01:18:23,330  INFO [main] lockmgr.DbTxnManager: Stopped heartbeat for query: alex_20240424011821_c3ab6826-648c-4788-91f0-6bbca52820c2
2024-04-24T01:18:23,333  INFO [main] txn.TxnHandler: Removed transactions: ([19]) from MIN_HISTORY_LEVEL
2024-04-24T01:18:23,339  INFO [main] ql.TxnCommandsBaseForTests: Running the query: drop table if exists acidTbl
2024-04-24T01:18:23,340  INFO [main] ql.Context: Deleting scratch dir: file:/home/alex/Repositories/hive/ql/target/tmp/localscratchdir/ed817ece-3071-4c87-9132-a84b63fa4973/hive_2024-04-24_01-18-21_721_8903244548661775284-1
2024-04-24T01:18:23,340  INFO [main] cleanup.SyncCleanupService: Deleted directory: file:/home/alex/Repositories/hive/ql/target/tmp/localscratchdir/ed817ece-3071-4c87-9132-a84b63fa4973/hive_2024-04-24_01-18-21_721_8903244548661775284-1 on fs with scheme file
2024-04-24T01:18:23,340  INFO [main] ql.Context: Deleting scratch dir: file:/home/alex/Repositories/hive/ql/target/tmp/localscratchdir/ed817ece-3071-4c87-9132-a84b63fa4973/hive_2024-04-24_01-18-21_709_6333955568564681373-1
2024-04-24T01:18:23,340  INFO [main] cleanup.SyncCleanupService: Deleted directory: file:/home/alex/Repositories/hive/ql/target/tmp/localscratchdir/ed817ece-3071-4c87-9132-a84b63fa4973/hive_2024-04-24_01-18-21_709_6333955568564681373-1 on fs with scheme file
2024-04-24T01:18:23,340  INFO [main] ql.Driver: Compiling command(queryId=alex_20240424011823_5ee55601-edf5-44df-9694-53cb9db4ae1e): drop table if exists acidTbl
2024-04-24T01:18:23,343  INFO [main] txn.TxnHandler: Added entries to MIN_HISTORY_LEVEL for current txns: ([20]) with min_open_txn: 20
2024-04-24T01:18:23,343  INFO [main] lockmgr.DbTxnManager: Opened txnid:20
2024-04-24T01:18:23,344  INFO [main] HiveMetaStore.audit: ugi=alex	ip=unknown-ip-addr	cmd=get_table : tbl=hive.default.acidTbl	
2024-04-24T01:18:23,357  INFO [main] metastore.HMSHandler: Skipping translation for processor with null
2024-04-24T01:18:23,357  INFO [main] ql.Driver: Semantic Analysis Completed (retrial = false)
2024-04-24T01:18:23,357  INFO [main] ql.Driver: Created Hive schema: Schema(fieldSchemas:null, properties:null)
2024-04-24T01:18:23,357  INFO [main] metadata.Hive: Dumping metastore api call timing information for : compilation phase
2024-04-24T01:18:23,357  INFO [main] metadata.Hive: Total time spent in each metastore function (ms): {rollbackTxn_(long)=9, openTxn_(String, TxnType)=2, isCompatibleWith_(Configuration)=0, getTable_(GetTableRequest)=13, flushCache_()=0, getValidTxns_(long)=1}
2024-04-24T01:18:23,358  INFO [main] ql.Driver: Completed compiling command(queryId=alex_20240424011823_5ee55601-edf5-44df-9694-53cb9db4ae1e); Time taken: 0.017 seconds
2024-04-24T01:18:23,358  INFO [main] lockmgr.DbTxnManager: Setting lock request transaction to txnid:20 for queryId=alex_20240424011823_5ee55601-edf5-44df-9694-53cb9db4ae1e
2024-04-24T01:18:23,358  INFO [main] lockmgr.DbLockManager: Requesting lock for queryId=alex_20240424011823_5ee55601-edf5-44df-9694-53cb9db4ae1e
2024-04-24T01:18:23,376  INFO [main] lockmgr.DbLockManager: Response to queryId=alex_20240424011823_5ee55601-edf5-44df-9694-53cb9db4ae1e LockResponse(lockid:14, state:ACQUIRED)
2024-04-24T01:18:23,376  INFO [main] ql.Driver: Operation DROPTABLE obtained 1 locks
2024-04-24T01:18:23,376  INFO [main] ql.Driver: Executing command(queryId=alex_20240424011823_5ee55601-edf5-44df-9694-53cb9db4ae1e): drop table if exists acidTbl
2024-04-24T01:18:23,376  INFO [main] ql.Driver: Starting task [Stage-0:DDL] in serial mode
2024-04-24T01:18:23,376  INFO [main] HiveMetaStore.audit: ugi=alex	ip=unknown-ip-addr	cmd=get_table : tbl=hive.default.acidTbl	
2024-04-24T01:18:23,384  INFO [main] metastore.HMSHandler: Skipping translation for processor with null
2024-04-24T01:18:23,384  INFO [main] HiveMetaStore.audit: ugi=alex	ip=unknown-ip-addr	cmd=get_table : tbl=hive.default.acidTbl	
2024-04-24T01:18:23,391  INFO [main] metastore.HMSHandler: Skipping translation for processor with null
2024-04-24T01:18:23,391  INFO [main] HiveMetaStore.audit: ugi=alex	ip=unknown-ip-addr	cmd=drop_table : tbl=hive.default.acidTbl	
2024-04-24T01:18:23,540  INFO [main] metadata.Hive: Dumping metastore api call timing information for : execution phase
2024-04-24T01:18:23,540  INFO [main] metadata.Hive: Total time spent in each metastore function (ms): {getTable_(GetTableRequest)=8, dropTable_(String, String, boolean, boolean, boolean)=156, isCompatibleWith_(Configuration)=0}
2024-04-24T01:18:23,540  INFO [main] ql.Driver: Completed executing command(queryId=alex_20240424011823_5ee55601-edf5-44df-9694-53cb9db4ae1e); Time taken: 0.164 seconds
2024-04-24T01:18:23,540  INFO [main] lockmgr.DbTxnManager: Stopped heartbeat for query: alex_20240424011823_5ee55601-edf5-44df-9694-53cb9db4ae1e
2024-04-24T01:18:23,545  INFO [main] txn.TxnHandler: Expected to move at least one record from txn_components to completed_txn_components when committing txn! txnid:20
2024-04-24T01:18:23,552  INFO [main] txn.TxnHandler: Removed transactions: ([20]) from MIN_HISTORY_LEVEL
2024-04-24T01:18:23,554  WARN [main] txn.CompactionTxnHandler: No compaction queue record found for Compaction type transaction commit. txnId:20
2024-04-24T01:18:23,555  INFO [main] ql.TxnCommandsBaseForTests: Running the query: drop table if exists acidTblPart
2024-04-24T01:18:23,555  INFO [main] ql.Driver: Compiling command(queryId=alex_20240424011823_7b8d078f-4fb0-42d0-a0b1-73b40a3e77a0): drop table if exists acidTblPart
2024-04-24T01:18:23,558  INFO [main] txn.TxnHandler: Added entries to MIN_HISTORY_LEVEL for current txns: ([21]) with min_open_txn: 20
2024-04-24T01:18:23,558  INFO [main] lockmgr.DbTxnManager: Opened txnid:21
2024-04-24T01:18:23,559  INFO [main] HiveMetaStore.audit: ugi=alex	ip=unknown-ip-addr	cmd=get_table : tbl=hive.default.acidTblPart	
2024-04-24T01:18:23,566  INFO [main] metastore.HMSHandler: Skipping translation for processor with null
2024-04-24T01:18:23,567  INFO [main] ql.Driver: Semantic Analysis Completed (retrial = false)
2024-04-24T01:18:23,567  INFO [main] ql.Driver: Created Hive schema: Schema(fieldSchemas:null, properties:null)
2024-04-24T01:18:23,567  INFO [main] metadata.Hive: Dumping metastore api call timing information for : compilation phase
2024-04-24T01:18:23,567  INFO [main] metadata.Hive: Total time spent in each metastore function (ms): {getTable_(GetTableRequest)=8, isCompatibleWith_(Configuration)=2, commitTxn_(CommitTxnRequest)=13, flushCache_()=0, getValidTxns_(long)=1, openTxn_(String, TxnType)=2}
2024-04-24T01:18:23,567  INFO [main] ql.Driver: Completed compiling command(queryId=alex_20240424011823_7b8d078f-4fb0-42d0-a0b1-73b40a3e77a0); Time taken: 0.012 seconds
2024-04-24T01:18:23,567  INFO [main] lockmgr.DbTxnManager: Setting lock request transaction to txnid:21 for queryId=alex_20240424011823_7b8d078f-4fb0-42d0-a0b1-73b40a3e77a0
2024-04-24T01:18:23,568  INFO [main] lockmgr.DbLockManager: Requesting lock for queryId=alex_20240424011823_7b8d078f-4fb0-42d0-a0b1-73b40a3e77a0
2024-04-24T01:18:23,584  INFO [main] lockmgr.DbLockManager: Response to queryId=alex_20240424011823_7b8d078f-4fb0-42d0-a0b1-73b40a3e77a0 LockResponse(lockid:15, state:ACQUIRED)
2024-04-24T01:18:23,584  INFO [main] ql.Driver: Operation DROPTABLE obtained 1 locks
2024-04-24T01:18:23,584  INFO [main] ql.Driver: Executing command(queryId=alex_20240424011823_7b8d078f-4fb0-42d0-a0b1-73b40a3e77a0): drop table if exists acidTblPart
2024-04-24T01:18:23,585  INFO [main] ql.Driver: Starting task [Stage-0:DDL] in serial mode
2024-04-24T01:18:23,585  INFO [main] HiveMetaStore.audit: ugi=alex	ip=unknown-ip-addr	cmd=get_table : tbl=hive.default.acidTblPart	
2024-04-24T01:18:23,592  INFO [main] metastore.HMSHandler: Skipping translation for processor with null
2024-04-24T01:18:23,592  INFO [main] HiveMetaStore.audit: ugi=alex	ip=unknown-ip-addr	cmd=get_table : tbl=hive.default.acidTblPart	
2024-04-24T01:18:23,599  INFO [main] metastore.HMSHandler: Skipping translation for processor with null
2024-04-24T01:18:23,599  INFO [main] HiveMetaStore.audit: ugi=alex	ip=unknown-ip-addr	cmd=drop_table : tbl=hive.default.acidTblPart	
2024-04-24T01:18:23,647  INFO [main] metadata.Hive: Dumping metastore api call timing information for : execution phase
2024-04-24T01:18:23,647  INFO [main] metadata.Hive: Total time spent in each metastore function (ms): {getTable_(GetTableRequest)=7, isCompatibleWith_(Configuration)=0, dropTable_(String, String, boolean, boolean, boolean)=55}
2024-04-24T01:18:23,647  INFO [main] ql.Driver: Completed executing command(queryId=alex_20240424011823_7b8d078f-4fb0-42d0-a0b1-73b40a3e77a0); Time taken: 0.063 seconds
2024-04-24T01:18:23,647  INFO [main] lockmgr.DbTxnManager: Stopped heartbeat for query: alex_20240424011823_7b8d078f-4fb0-42d0-a0b1-73b40a3e77a0
2024-04-24T01:18:23,651  INFO [main] txn.TxnHandler: Expected to move at least one record from txn_components to completed_txn_components when committing txn! txnid:21
2024-04-24T01:18:23,659  INFO [main] txn.TxnHandler: Removed transactions: ([21]) from MIN_HISTORY_LEVEL
2024-04-24T01:18:23,659  WARN [main] txn.CompactionTxnHandler: No compaction queue record found for Compaction type transaction commit. txnId:21
2024-04-24T01:18:23,660  INFO [main] ql.TxnCommandsBaseForTests: Running the query: drop table if exists acidTbl2
2024-04-24T01:18:23,660  INFO [main] ql.Driver: Compiling command(queryId=alex_20240424011823_1516ff51-4344-4b89-8fd0-01b57d0f20be): drop table if exists acidTbl2
2024-04-24T01:18:23,663  INFO [main] txn.TxnHandler: Added entries to MIN_HISTORY_LEVEL for current txns: ([22]) with min_open_txn: 20
2024-04-24T01:18:23,663  INFO [main] lockmgr.DbTxnManager: Opened txnid:22
2024-04-24T01:18:23,664  INFO [main] ql.Driver: Semantic Analysis Completed (retrial = false)
2024-04-24T01:18:23,664  INFO [main] ql.Driver: Created Hive schema: Schema(fieldSchemas:null, properties:null)
2024-04-24T01:18:23,664  INFO [main] metadata.Hive: Dumping metastore api call timing information for : compilation phase
2024-04-24T01:18:23,665  INFO [main] metadata.Hive: Total time spent in each metastore function (ms): {flushCache_()=0, isCompatibleWith_(Configuration)=0, commitTxn_(CommitTxnRequest)=13, openTxn_(String, TxnType)=3, getTable_(GetTableRequest)=0, getValidTxns_(long)=1}
2024-04-24T01:18:23,665  INFO [main] ql.Driver: Completed compiling command(queryId=alex_20240424011823_1516ff51-4344-4b89-8fd0-01b57d0f20be); Time taken: 0.004 seconds
2024-04-24T01:18:23,665  INFO [main] lockmgr.DbTxnManager: Setting lock request transaction to txnid:22 for queryId=alex_20240424011823_1516ff51-4344-4b89-8fd0-01b57d0f20be
2024-04-24T01:18:23,665  INFO [main] ql.Driver: Operation DROPTABLE obtained 0 locks
2024-04-24T01:18:23,665  INFO [main] ql.Driver: Executing command(queryId=alex_20240424011823_1516ff51-4344-4b89-8fd0-01b57d0f20be): drop table if exists acidTbl2
2024-04-24T01:18:23,665  INFO [main] ql.Driver: Starting task [Stage-0:DDL] in serial mode
2024-04-24T01:18:23,666  INFO [main] metadata.SessionHiveMetaStoreClient: Column stats doesn't exist for db=default temp table=acidTbl2
2024-04-24T01:18:23,666  INFO [main] metadata.Hive: Dumping metastore api call timing information for : execution phase
2024-04-24T01:18:23,666  INFO [main] metadata.Hive: Total time spent in each metastore function (ms): {isCompatibleWith_(Configuration)=1, dropTable_(String, String, boolean, boolean, boolean)=0, getTable_(GetTableRequest)=0}
2024-04-24T01:18:23,667  INFO [main] ql.Driver: Completed executing command(queryId=alex_20240424011823_1516ff51-4344-4b89-8fd0-01b57d0f20be); Time taken: 0.001 seconds
2024-04-24T01:18:23,667  INFO [main] lockmgr.DbTxnManager: Stopped heartbeat for query: alex_20240424011823_1516ff51-4344-4b89-8fd0-01b57d0f20be
2024-04-24T01:18:23,672  INFO [main] txn.TxnHandler: Expected to move at least one record from txn_components to completed_txn_components when committing txn! txnid:22
2024-04-24T01:18:23,679  INFO [main] txn.TxnHandler: Removed transactions: ([22]) from MIN_HISTORY_LEVEL
2024-04-24T01:18:23,679  WARN [main] txn.CompactionTxnHandler: No compaction queue record found for Compaction type transaction commit. txnId:22
2024-04-24T01:18:23,680  INFO [main] ql.TxnCommandsBaseForTests: Running the query: drop table if exists nonAcidOrcTbl
2024-04-24T01:18:23,680  INFO [main] ql.Driver: Compiling command(queryId=alex_20240424011823_91431a55-56b7-4511-be84-0ab7435d051e): drop table if exists nonAcidOrcTbl
2024-04-24T01:18:23,683  INFO [main] txn.TxnHandler: Added entries to MIN_HISTORY_LEVEL for current txns: ([23]) with min_open_txn: 20
2024-04-24T01:18:23,683  INFO [main] lockmgr.DbTxnManager: Opened txnid:23
2024-04-24T01:18:23,684  INFO [main] HiveMetaStore.audit: ugi=alex	ip=unknown-ip-addr	cmd=get_table : tbl=hive.default.nonAcidOrcTbl	
2024-04-24T01:18:23,718  INFO [main] metastore.HMSHandler: Skipping translation for processor with null
2024-04-24T01:18:23,718  INFO [main] ql.Driver: Semantic Analysis Completed (retrial = false)
2024-04-24T01:18:23,718  INFO [main] ql.Driver: Created Hive schema: Schema(fieldSchemas:null, properties:null)
2024-04-24T01:18:23,718  INFO [main] metadata.Hive: Dumping metastore api call timing information for : compilation phase
2024-04-24T01:18:23,718  INFO [main] metadata.Hive: Total time spent in each metastore function (ms): {commitTxn_(CommitTxnRequest)=13, isCompatibleWith_(Configuration)=0, openTxn_(String, TxnType)=2, getTable_(GetTableRequest)=34, flushCache_()=0, getValidTxns_(long)=1}
2024-04-24T01:18:23,718  INFO [main] ql.Driver: Completed compiling command(queryId=alex_20240424011823_91431a55-56b7-4511-be84-0ab7435d051e); Time taken: 0.038 seconds
2024-04-24T01:18:23,719  INFO [main] lockmgr.DbTxnManager: Setting lock request transaction to txnid:23 for queryId=alex_20240424011823_91431a55-56b7-4511-be84-0ab7435d051e
2024-04-24T01:18:23,719  INFO [main] lockmgr.DbLockManager: Requesting lock for queryId=alex_20240424011823_91431a55-56b7-4511-be84-0ab7435d051e
2024-04-24T01:18:23,736  INFO [main] lockmgr.DbLockManager: Response to queryId=alex_20240424011823_91431a55-56b7-4511-be84-0ab7435d051e LockResponse(lockid:16, state:ACQUIRED)
2024-04-24T01:18:23,736  INFO [main] ql.Driver: Operation DROPTABLE obtained 1 locks
2024-04-24T01:18:23,736  INFO [main] ql.Driver: Executing command(queryId=alex_20240424011823_91431a55-56b7-4511-be84-0ab7435d051e): drop table if exists nonAcidOrcTbl
2024-04-24T01:18:23,736  INFO [main] ql.Driver: Starting task [Stage-0:DDL] in serial mode
2024-04-24T01:18:23,736  INFO [main] HiveMetaStore.audit: ugi=alex	ip=unknown-ip-addr	cmd=get_table : tbl=hive.default.nonAcidOrcTbl	
2024-04-24T01:18:23,745  INFO [main] metastore.HMSHandler: Skipping translation for processor with null
2024-04-24T01:18:23,746  INFO [main] HiveMetaStore.audit: ugi=alex	ip=unknown-ip-addr	cmd=get_table : tbl=hive.default.nonAcidOrcTbl	
2024-04-24T01:18:23,754  INFO [main] metastore.HMSHandler: Skipping translation for processor with null
2024-04-24T01:18:23,755  INFO [main] HiveMetaStore.audit: ugi=alex	ip=unknown-ip-addr	cmd=drop_table : tbl=hive.default.nonAcidOrcTbl	
2024-04-24T01:18:23,858  INFO [main] metadata.Hive: Dumping metastore api call timing information for : execution phase
2024-04-24T01:18:23,858  INFO [main] metadata.Hive: Total time spent in each metastore function (ms): {dropTable_(String, String, boolean, boolean, boolean)=112, isCompatibleWith_(Configuration)=0, getTable_(GetTableRequest)=10}
2024-04-24T01:18:23,858  INFO [main] ql.Driver: Completed executing command(queryId=alex_20240424011823_91431a55-56b7-4511-be84-0ab7435d051e); Time taken: 0.122 seconds
2024-04-24T01:18:23,858  INFO [main] lockmgr.DbTxnManager: Stopped heartbeat for query: alex_20240424011823_91431a55-56b7-4511-be84-0ab7435d051e
2024-04-24T01:18:23,864  INFO [main] txn.TxnHandler: Expected to move at least one record from txn_components to completed_txn_components when committing txn! txnid:23
2024-04-24T01:18:23,873  INFO [main] txn.TxnHandler: Removed transactions: ([23]) from MIN_HISTORY_LEVEL
2024-04-24T01:18:23,873  WARN [main] txn.CompactionTxnHandler: No compaction queue record found for Compaction type transaction commit. txnId:23
2024-04-24T01:18:23,874  INFO [main] ql.TxnCommandsBaseForTests: Running the query: drop table if exists nonAcidOrcTbl2
2024-04-24T01:18:23,874  INFO [main] ql.Driver: Compiling command(queryId=alex_20240424011823_30536df0-485c-4d1d-b36e-cf5b0d2180e1): drop table if exists nonAcidOrcTbl2
2024-04-24T01:18:23,878  INFO [main] txn.TxnHandler: Added entries to MIN_HISTORY_LEVEL for current txns: ([24]) with min_open_txn: 20
2024-04-24T01:18:23,878  INFO [main] lockmgr.DbTxnManager: Opened txnid:24
2024-04-24T01:18:23,879  INFO [main] HiveMetaStore.audit: ugi=alex	ip=unknown-ip-addr	cmd=get_table : tbl=hive.default.nonAcidOrcTbl2	
2024-04-24T01:18:23,892  INFO [main] metastore.HMSHandler: Skipping translation for processor with null
2024-04-24T01:18:23,892  INFO [main] ql.Driver: Semantic Analysis Completed (retrial = false)
2024-04-24T01:18:23,892  INFO [main] ql.Driver: Created Hive schema: Schema(fieldSchemas:null, properties:null)
2024-04-24T01:18:23,893  INFO [main] metadata.Hive: Dumping metastore api call timing information for : compilation phase
2024-04-24T01:18:23,893  INFO [main] metadata.Hive: Total time spent in each metastore function (ms): {isCompatibleWith_(Configuration)=0, getValidTxns_(long)=1, flushCache_()=0, commitTxn_(CommitTxnRequest)=15, getTable_(GetTableRequest)=13, openTxn_(String, TxnType)=3}
2024-04-24T01:18:23,893  INFO [main] ql.Driver: Completed compiling command(queryId=alex_20240424011823_30536df0-485c-4d1d-b36e-cf5b0d2180e1); Time taken: 0.019 seconds
2024-04-24T01:18:23,893  INFO [main] lockmgr.DbTxnManager: Setting lock request transaction to txnid:24 for queryId=alex_20240424011823_30536df0-485c-4d1d-b36e-cf5b0d2180e1
2024-04-24T01:18:23,894  INFO [main] lockmgr.DbLockManager: Requesting lock for queryId=alex_20240424011823_30536df0-485c-4d1d-b36e-cf5b0d2180e1
2024-04-24T01:18:23,916  INFO [main] lockmgr.DbLockManager: Response to queryId=alex_20240424011823_30536df0-485c-4d1d-b36e-cf5b0d2180e1 LockResponse(lockid:17, state:ACQUIRED)
2024-04-24T01:18:23,916  INFO [main] ql.Driver: Operation DROPTABLE obtained 1 locks
2024-04-24T01:18:23,916  INFO [main] ql.Driver: Executing command(queryId=alex_20240424011823_30536df0-485c-4d1d-b36e-cf5b0d2180e1): drop table if exists nonAcidOrcTbl2
2024-04-24T01:18:23,917  INFO [main] ql.Driver: Starting task [Stage-0:DDL] in serial mode
2024-04-24T01:18:23,917  INFO [main] HiveMetaStore.audit: ugi=alex	ip=unknown-ip-addr	cmd=get_table : tbl=hive.default.nonAcidOrcTbl2	
2024-04-24T01:18:23,927  INFO [main] metastore.HMSHandler: Skipping translation for processor with null
2024-04-24T01:18:23,927  INFO [main] HiveMetaStore.audit: ugi=alex	ip=unknown-ip-addr	cmd=get_table : tbl=hive.default.nonAcidOrcTbl2	
2024-04-24T01:18:23,939  INFO [main] metastore.HMSHandler: Skipping translation for processor with null
2024-04-24T01:18:23,939  INFO [main] HiveMetaStore.audit: ugi=alex	ip=unknown-ip-addr	cmd=drop_table : tbl=hive.default.nonAcidOrcTbl2	
2024-04-24T01:18:23,978  INFO [main] metadata.Hive: Dumping metastore api call timing information for : execution phase
2024-04-24T01:18:23,978  INFO [main] metadata.Hive: Total time spent in each metastore function (ms): {getTable_(GetTableRequest)=10, isCompatibleWith_(Configuration)=0, dropTable_(String, String, boolean, boolean, boolean)=51}
2024-04-24T01:18:23,978  INFO [main] ql.Driver: Completed executing command(queryId=alex_20240424011823_30536df0-485c-4d1d-b36e-cf5b0d2180e1); Time taken: 0.062 seconds
2024-04-24T01:18:23,978  INFO [main] lockmgr.DbTxnManager: Stopped heartbeat for query: alex_20240424011823_30536df0-485c-4d1d-b36e-cf5b0d2180e1
2024-04-24T01:18:23,982  INFO [main] txn.TxnHandler: Expected to move at least one record from txn_components to completed_txn_components when committing txn! txnid:24
2024-04-24T01:18:23,989  INFO [main] txn.TxnHandler: Removed transactions: ([24]) from MIN_HISTORY_LEVEL
2024-04-24T01:18:23,989  WARN [main] txn.CompactionTxnHandler: No compaction queue record found for Compaction type transaction commit. txnId:24
2024-04-24T01:18:23,990  INFO [main] ql.TxnCommandsBaseForTests: Running the query: drop table if exists nonAcidNonBucket
2024-04-24T01:18:23,990  INFO [main] ql.Driver: Compiling command(queryId=alex_20240424011823_51c939e5-8480-4a20-a3d6-314d1ec888cc): drop table if exists nonAcidNonBucket
2024-04-24T01:18:23,993  INFO [main] txn.TxnHandler: Added entries to MIN_HISTORY_LEVEL for current txns: ([25]) with min_open_txn: 20
2024-04-24T01:18:23,993  INFO [main] lockmgr.DbTxnManager: Opened txnid:25
2024-04-24T01:18:23,994  INFO [main] HiveMetaStore.audit: ugi=alex	ip=unknown-ip-addr	cmd=get_table : tbl=hive.default.nonAcidNonBucket	
2024-04-24T01:18:24,001  INFO [main] metastore.HMSHandler: Skipping translation for processor with null
2024-04-24T01:18:24,001  INFO [main] ql.Driver: Semantic Analysis Completed (retrial = false)
2024-04-24T01:18:24,001  INFO [main] ql.Driver: Created Hive schema: Schema(fieldSchemas:null, properties:null)
2024-04-24T01:18:24,001  INFO [main] metadata.Hive: Dumping metastore api call timing information for : compilation phase
2024-04-24T01:18:24,001  INFO [main] metadata.Hive: Total time spent in each metastore function (ms): {openTxn_(String, TxnType)=2, isCompatibleWith_(Configuration)=0, getValidTxns_(long)=0, flushCache_()=0, commitTxn_(CommitTxnRequest)=12, getTable_(GetTableRequest)=7}
2024-04-24T01:18:24,001  INFO [main] ql.Driver: Completed compiling command(queryId=alex_20240424011823_51c939e5-8480-4a20-a3d6-314d1ec888cc); Time taken: 0.011 seconds
2024-04-24T01:18:24,001  INFO [main] lockmgr.DbTxnManager: Setting lock request transaction to txnid:25 for queryId=alex_20240424011823_51c939e5-8480-4a20-a3d6-314d1ec888cc
2024-04-24T01:18:24,002  INFO [main] lockmgr.DbLockManager: Requesting lock for queryId=alex_20240424011823_51c939e5-8480-4a20-a3d6-314d1ec888cc
2024-04-24T01:18:24,017  INFO [main] lockmgr.DbLockManager: Response to queryId=alex_20240424011823_51c939e5-8480-4a20-a3d6-314d1ec888cc LockResponse(lockid:18, state:ACQUIRED)
2024-04-24T01:18:24,017  INFO [main] ql.Driver: Operation DROPTABLE obtained 1 locks
2024-04-24T01:18:24,017  INFO [main] ql.Driver: Executing command(queryId=alex_20240424011823_51c939e5-8480-4a20-a3d6-314d1ec888cc): drop table if exists nonAcidNonBucket
2024-04-24T01:18:24,017  INFO [main] ql.Driver: Starting task [Stage-0:DDL] in serial mode
2024-04-24T01:18:24,017  INFO [main] HiveMetaStore.audit: ugi=alex	ip=unknown-ip-addr	cmd=get_table : tbl=hive.default.nonAcidNonBucket	
2024-04-24T01:18:24,025  INFO [main] metastore.HMSHandler: Skipping translation for processor with null
2024-04-24T01:18:24,025  INFO [main] HiveMetaStore.audit: ugi=alex	ip=unknown-ip-addr	cmd=get_table : tbl=hive.default.nonAcidNonBucket	
2024-04-24T01:18:24,032  INFO [main] metastore.HMSHandler: Skipping translation for processor with null
2024-04-24T01:18:24,032  INFO [main] HiveMetaStore.audit: ugi=alex	ip=unknown-ip-addr	cmd=drop_table : tbl=hive.default.nonAcidNonBucket	
2024-04-24T01:18:24,079  INFO [main] metadata.Hive: Dumping metastore api call timing information for : execution phase
2024-04-24T01:18:24,079  INFO [main] metadata.Hive: Total time spent in each metastore function (ms): {dropTable_(String, String, boolean, boolean, boolean)=54, getTable_(GetTableRequest)=8, isCompatibleWith_(Configuration)=0}
2024-04-24T01:18:24,079  INFO [main] ql.Driver: Completed executing command(queryId=alex_20240424011823_51c939e5-8480-4a20-a3d6-314d1ec888cc); Time taken: 0.062 seconds
2024-04-24T01:18:24,079  INFO [main] lockmgr.DbTxnManager: Stopped heartbeat for query: alex_20240424011823_51c939e5-8480-4a20-a3d6-314d1ec888cc
2024-04-24T01:18:24,084  INFO [main] txn.TxnHandler: Expected to move at least one record from txn_components to completed_txn_components when committing txn! txnid:25
2024-04-24T01:18:24,091  INFO [main] txn.TxnHandler: Removed transactions: ([25]) from MIN_HISTORY_LEVEL
2024-04-24T01:18:24,091  WARN [main] txn.CompactionTxnHandler: No compaction queue record found for Compaction type transaction commit. txnId:25
2024-04-24T01:18:24,091  INFO [main] utils.TestTxnDbUtil: Cleaning transactional tables
]]></system-err>
  </testcase>
  <testcase name="testCompactStatsGather" classname="org.apache.hadoop.hive.ql.TestTxnNoBuckets" time="17.32"/>
  <testcase name="testCTAS" classname="org.apache.hadoop.hive.ql.TestTxnNoBuckets" time="17.344"/>
  <testcase name="testToAcidConversionMultiBucket" classname="org.apache.hadoop.hive.ql.TestTxnNoBuckets" time="16.362">
    <error type="java.lang.RuntimeException"><![CDATA[java.lang.RuntimeException: EXPLAIN VECTORIZATION DETAIL update T set b = 88 where b = 80 failed: (responseCode = 40000, errorMessage = FAILED: NoMatchingMethodException No matching method for class org.apache.hadoop.hive.ql.udf.UDFToInteger with (struct<writeid:bigint,bucketid:int,rowid:bigint>). Possible choices: _FUNC_(bigint)  _FUNC_(boolean)  _FUNC_(decimal(38,18))  _FUNC_(double)  _FUNC_(float)  _FUNC_(smallint)  _FUNC_(string)  _FUNC_(struct<writeid:int,rowid:bigint,bucketid:bigint>)  _FUNC_(timestamp)  _FUNC_(tinyint)  _FUNC_(void)  , hiveErrorCode = 40000, SQLState = 42000, exception = No matching method for class org.apache.hadoop.hive.ql.udf.UDFToInteger with (struct<writeid:bigint,bucketid:int,rowid:bigint>). Possible choices: _FUNC_(bigint)  _FUNC_(boolean)  _FUNC_(decimal(38,18))  _FUNC_(double)  _FUNC_(float)  _FUNC_(smallint)  _FUNC_(string)  _FUNC_(struct<writeid:int,rowid:bigint,bucketid:bigint>)  _FUNC_(timestamp)  _FUNC_(tinyint)  _FUNC_(void)  )
	at org.apache.hadoop.hive.ql.TxnCommandsBaseForTests.runStatementOnDriver(TxnCommandsBaseForTests.java:247)
	at org.apache.hadoop.hive.ql.TxnCommandsBaseForTests.assertVectorized(TxnCommandsBaseForTests.java:268)
	at org.apache.hadoop.hive.ql.TestTxnNoBuckets.testToAcidConversionMultiBucket(TestTxnNoBuckets.java:454)
	at sun.reflect.NativeMethodAccessorImpl.invoke0(Native Method)
	at sun.reflect.NativeMethodAccessorImpl.invoke(NativeMethodAccessorImpl.java:62)
	at sun.reflect.DelegatingMethodAccessorImpl.invoke(DelegatingMethodAccessorImpl.java:43)
	at java.lang.reflect.Method.invoke(Method.java:498)
	at org.junit.runners.model.FrameworkMethod$1.runReflectiveCall(FrameworkMethod.java:59)
	at org.junit.internal.runners.model.ReflectiveCallable.run(ReflectiveCallable.java:12)
	at org.junit.runners.model.FrameworkMethod.invokeExplosively(FrameworkMethod.java:56)
	at org.junit.internal.runners.statements.InvokeMethod.evaluate(InvokeMethod.java:17)
	at org.junit.internal.runners.statements.RunBefores.evaluate(RunBefores.java:26)
	at org.junit.internal.runners.statements.RunAfters.evaluate(RunAfters.java:27)
	at org.junit.rules.TestWatcher$1.evaluate(TestWatcher.java:61)
	at org.junit.runners.ParentRunner$3.evaluate(ParentRunner.java:306)
	at org.junit.runners.BlockJUnit4ClassRunner$1.evaluate(BlockJUnit4ClassRunner.java:100)
	at org.junit.runners.ParentRunner.runLeaf(ParentRunner.java:366)
	at org.junit.runners.BlockJUnit4ClassRunner.runChild(BlockJUnit4ClassRunner.java:103)
	at org.junit.runners.BlockJUnit4ClassRunner.runChild(BlockJUnit4ClassRunner.java:63)
	at org.junit.runners.ParentRunner$4.run(ParentRunner.java:331)
	at org.junit.runners.ParentRunner$1.schedule(ParentRunner.java:79)
	at org.junit.runners.ParentRunner.runChildren(ParentRunner.java:329)
	at org.junit.runners.ParentRunner.access$100(ParentRunner.java:66)
	at org.junit.runners.ParentRunner$2.evaluate(ParentRunner.java:293)
	at org.junit.runners.ParentRunner$3.evaluate(ParentRunner.java:306)
	at org.junit.runners.ParentRunner.run(ParentRunner.java:413)
	at org.junit.runner.JUnitCore.run(JUnitCore.java:137)
	at org.junit.runner.JUnitCore.run(JUnitCore.java:115)
	at org.junit.vintage.engine.execution.RunnerExecutor.execute(RunnerExecutor.java:43)
	at java.util.stream.ForEachOps$ForEachOp$OfRef.accept(ForEachOps.java:183)
	at java.util.stream.ReferencePipeline$3$1.accept(ReferencePipeline.java:193)
	at java.util.Iterator.forEachRemaining(Iterator.java:116)
	at java.util.Spliterators$IteratorSpliterator.forEachRemaining(Spliterators.java:1801)
	at java.util.stream.AbstractPipeline.copyInto(AbstractPipeline.java:482)
	at java.util.stream.AbstractPipeline.wrapAndCopyInto(AbstractPipeline.java:472)
	at java.util.stream.ForEachOps$ForEachOp.evaluateSequential(ForEachOps.java:150)
	at java.util.stream.ForEachOps$ForEachOp$OfRef.evaluateSequential(ForEachOps.java:173)
	at java.util.stream.AbstractPipeline.evaluate(AbstractPipeline.java:234)
	at java.util.stream.ReferencePipeline.forEach(ReferencePipeline.java:485)
	at org.junit.vintage.engine.VintageTestEngine.executeAllChildren(VintageTestEngine.java:82)
	at org.junit.vintage.engine.VintageTestEngine.execute(VintageTestEngine.java:73)
	at org.junit.platform.launcher.core.DefaultLauncher.execute(DefaultLauncher.java:248)
	at org.junit.platform.launcher.core.DefaultLauncher.lambda$execute$5(DefaultLauncher.java:211)
	at org.junit.platform.launcher.core.DefaultLauncher.withInterceptedStreams(DefaultLauncher.java:226)
	at org.junit.platform.launcher.core.DefaultLauncher.execute(DefaultLauncher.java:199)
	at org.junit.platform.launcher.core.DefaultLauncher.execute(DefaultLauncher.java:132)
	at org.apache.maven.surefire.junitplatform.JUnitPlatformProvider.invokeAllTests(JUnitPlatformProvider.java:154)
	at org.apache.maven.surefire.junitplatform.JUnitPlatformProvider.invoke(JUnitPlatformProvider.java:123)
	at org.apache.maven.surefire.booter.ForkedBooter.runSuitesInProcess(ForkedBooter.java:377)
	at org.apache.maven.surefire.booter.ForkedBooter.execute(ForkedBooter.java:138)
	at org.apache.maven.surefire.booter.ForkedBooter.run(ForkedBooter.java:465)
	at org.apache.maven.surefire.booter.ForkedBooter.main(ForkedBooter.java:451)
]]></error>
    <system-err><![CDATA[2024-04-24T01:18:58,843  WARN [main] conf.HiveConf: HiveConf of name hive.metastore.client.cache.maxSize does not exist
2024-04-24T01:18:58,843  WARN [main] conf.HiveConf: HiveConf of name hive.llap.io.cache.orc.size does not exist
2024-04-24T01:18:58,843  WARN [main] conf.HiveConf: HiveConf of name hive.metastore.client.cache.recordStats does not exist
2024-04-24T01:18:58,843  WARN [main] conf.HiveConf: HiveConf of name hive.llap.io.cache.orc.alloc.max does not exist
2024-04-24T01:18:58,844  WARN [main] conf.HiveConf: HiveConf of name hive.dummyparam.test.server.specific.config.override does not exist
2024-04-24T01:18:58,844  WARN [main] conf.HiveConf: HiveConf of name hive.dummyparam.test.server.specific.config.hivesite does not exist
2024-04-24T01:18:58,844  WARN [main] conf.HiveConf: HiveConf of name hive.stats.key.prefix.reserve.length does not exist
2024-04-24T01:18:58,844  WARN [main] conf.HiveConf: HiveConf of name hive.llap.io.cache.orc.arena.size does not exist
2024-04-24T01:18:58,844  WARN [main] conf.HiveConf: HiveConf of name hive.llap.io.cache.orc.alloc.min does not exist
2024-04-24T01:18:58,844  WARN [main] conf.HiveConf: HiveConf of name hive.metastore.metadb.dir does not exist
2024-04-24T01:18:58,844  WARN [main] conf.HiveConf: HiveConf of name hive.dummyparam.test.server.specific.config.metastoresite does not exist
2024-04-24T01:18:58,847  INFO [main] utils.TestTxnDbUtil: Creating transactional tables
Hive Session ID = e00dbb5c-6c74-4674-b714-4428495d65b6
2024-04-24T01:18:58,850  INFO [main] SessionState: Hive Session ID = e00dbb5c-6c74-4674-b714-4428495d65b6
ivysettings.xml file not found in HIVE_HOME or HIVE_CONF_DIR,/home/alex/Repositories/hive/conf/ivysettings.xml will be used
2024-04-24T01:18:58,851  INFO [main] DependencyResolver: ivysettings.xml file not found in HIVE_HOME or HIVE_CONF_DIR,/home/alex/Repositories/hive/conf/ivysettings.xml will be used
2024-04-24T01:18:58,856  INFO [main] session.SessionState: Created HDFS directory: /home/alex/Repositories/hive/ql/target/tmp/scratchdir/alex/e00dbb5c-6c74-4674-b714-4428495d65b6
2024-04-24T01:18:58,858  INFO [main] session.SessionState: Created local directory: /home/alex/Repositories/hive/ql/target/tmp/localscratchdir/e00dbb5c-6c74-4674-b714-4428495d65b6
2024-04-24T01:18:58,861  INFO [main] session.SessionState: Created HDFS directory: /home/alex/Repositories/hive/ql/target/tmp/scratchdir/alex/e00dbb5c-6c74-4674-b714-4428495d65b6/_tmp_space.db
2024-04-24T01:18:58,861  INFO [main] sqlstd.SQLStdHiveAccessController: Created SQLStdHiveAccessController for session context : HiveAuthzSessionContext [sessionString=e00dbb5c-6c74-4674-b714-4428495d65b6, clientType=HIVECLI]
2024-04-24T01:18:58,862  INFO [main] ql.TxnCommandsBaseForTests: Running the query: drop table if exists acidTbl
2024-04-24T01:18:58,862  INFO [main] ql.Driver: Compiling command(queryId=alex_20240424011858_5f1ce61c-9ae1-4333-9877-d3d448c3d534): drop table if exists acidTbl
2024-04-24T01:18:58,876  INFO [main] txn.TxnHandler: Added entries to MIN_HISTORY_LEVEL for current txns: ([1]) with min_open_txn: 1
2024-04-24T01:18:58,876  INFO [main] lockmgr.DbTxnManager: Opened txnid:1
2024-04-24T01:18:58,879  INFO [main] HiveMetaStore.audit: ugi=alex	ip=unknown-ip-addr	cmd=get_table : tbl=hive.default.acidTbl	
2024-04-24T01:18:58,884  INFO [main] ql.Driver: Semantic Analysis Completed (retrial = false)
2024-04-24T01:18:58,884  INFO [main] ql.Driver: Created Hive schema: Schema(fieldSchemas:null, properties:null)
2024-04-24T01:18:58,884  INFO [main] metadata.Hive: Dumping metastore api call timing information for : compilation phase
2024-04-24T01:18:58,884  INFO [main] metadata.Hive: Total time spent in each metastore function (ms): {isCompatibleWith_(Configuration)=1, openTxn_(String, TxnType)=13, getValidTxns_(long)=3, flushCache_()=0, commitTxn_(CommitTxnRequest)=16}
2024-04-24T01:18:58,884  INFO [main] ql.Driver: Completed compiling command(queryId=alex_20240424011858_5f1ce61c-9ae1-4333-9877-d3d448c3d534); Time taken: 0.022 seconds
2024-04-24T01:18:58,884  INFO [main] lockmgr.DbTxnManager: Setting lock request transaction to txnid:1 for queryId=alex_20240424011858_5f1ce61c-9ae1-4333-9877-d3d448c3d534
2024-04-24T01:18:58,884  INFO [main] ql.Driver: Operation DROPTABLE obtained 0 locks
2024-04-24T01:18:58,884  INFO [main] ql.Driver: Executing command(queryId=alex_20240424011858_5f1ce61c-9ae1-4333-9877-d3d448c3d534): drop table if exists acidTbl
2024-04-24T01:18:58,885  INFO [main] ql.Driver: Starting task [Stage-0:DDL] in serial mode
2024-04-24T01:18:58,885  INFO [main] HiveMetaStore.audit: ugi=alex	ip=unknown-ip-addr	cmd=get_table : tbl=hive.default.acidTbl	
2024-04-24T01:18:58,889  INFO [main] metadata.Hive: Dumping metastore api call timing information for : execution phase
2024-04-24T01:18:58,889  INFO [main] metadata.Hive: Total time spent in each metastore function (ms): {isCompatibleWith_(Configuration)=0}
2024-04-24T01:18:58,890  INFO [main] ql.Driver: Completed executing command(queryId=alex_20240424011858_5f1ce61c-9ae1-4333-9877-d3d448c3d534); Time taken: 0.005 seconds
2024-04-24T01:18:58,890  INFO [main] lockmgr.DbTxnManager: Stopped heartbeat for query: alex_20240424011858_5f1ce61c-9ae1-4333-9877-d3d448c3d534
2024-04-24T01:18:58,898  INFO [main] txn.TxnHandler: Expected to move at least one record from txn_components to completed_txn_components when committing txn! txnid:1
2024-04-24T01:18:58,909  INFO [main] txn.TxnHandler: Removed transactions: ([1]) from MIN_HISTORY_LEVEL
2024-04-24T01:18:58,909  WARN [main] txn.CompactionTxnHandler: No compaction queue record found for Compaction type transaction commit. txnId:1
2024-04-24T01:18:58,910  INFO [main] ql.TxnCommandsBaseForTests: Running the query: drop table if exists acidTblPart
2024-04-24T01:18:58,910  INFO [main] ql.Driver: Compiling command(queryId=alex_20240424011858_a743e92e-f234-4449-b641-6d9ee02076dc): drop table if exists acidTblPart
2024-04-24T01:18:58,914  INFO [main] txn.TxnHandler: Added entries to MIN_HISTORY_LEVEL for current txns: ([2]) with min_open_txn: 1
2024-04-24T01:18:58,914  INFO [main] lockmgr.DbTxnManager: Opened txnid:2
2024-04-24T01:18:58,915  INFO [main] HiveMetaStore.audit: ugi=alex	ip=unknown-ip-addr	cmd=get_table : tbl=hive.default.acidTblPart	
2024-04-24T01:18:58,920  INFO [main] ql.Driver: Semantic Analysis Completed (retrial = false)
2024-04-24T01:18:58,920  INFO [main] ql.Driver: Created Hive schema: Schema(fieldSchemas:null, properties:null)
2024-04-24T01:18:58,920  INFO [main] metadata.Hive: Dumping metastore api call timing information for : compilation phase
2024-04-24T01:18:58,920  INFO [main] metadata.Hive: Total time spent in each metastore function (ms): {flushCache_()=0, openTxn_(String, TxnType)=3, isCompatibleWith_(Configuration)=0, commitTxn_(CommitTxnRequest)=19, getValidTxns_(long)=1}
2024-04-24T01:18:58,920  INFO [main] ql.Driver: Completed compiling command(queryId=alex_20240424011858_a743e92e-f234-4449-b641-6d9ee02076dc); Time taken: 0.01 seconds
2024-04-24T01:18:58,921  INFO [main] lockmgr.DbTxnManager: Setting lock request transaction to txnid:2 for queryId=alex_20240424011858_a743e92e-f234-4449-b641-6d9ee02076dc
2024-04-24T01:18:58,921  INFO [main] ql.Driver: Operation DROPTABLE obtained 0 locks
2024-04-24T01:18:58,921  INFO [main] ql.Driver: Executing command(queryId=alex_20240424011858_a743e92e-f234-4449-b641-6d9ee02076dc): drop table if exists acidTblPart
2024-04-24T01:18:58,921  INFO [main] ql.Driver: Starting task [Stage-0:DDL] in serial mode
2024-04-24T01:18:58,921  INFO [main] HiveMetaStore.audit: ugi=alex	ip=unknown-ip-addr	cmd=get_table : tbl=hive.default.acidTblPart	
2024-04-24T01:18:58,926  INFO [main] metadata.Hive: Dumping metastore api call timing information for : execution phase
2024-04-24T01:18:58,926  INFO [main] metadata.Hive: Total time spent in each metastore function (ms): {isCompatibleWith_(Configuration)=0}
2024-04-24T01:18:58,926  INFO [main] ql.Driver: Completed executing command(queryId=alex_20240424011858_a743e92e-f234-4449-b641-6d9ee02076dc); Time taken: 0.005 seconds
2024-04-24T01:18:58,926  INFO [main] lockmgr.DbTxnManager: Stopped heartbeat for query: alex_20240424011858_a743e92e-f234-4449-b641-6d9ee02076dc
2024-04-24T01:18:58,934  INFO [main] txn.TxnHandler: Expected to move at least one record from txn_components to completed_txn_components when committing txn! txnid:2
2024-04-24T01:18:58,945  INFO [main] txn.TxnHandler: Removed transactions: ([2]) from MIN_HISTORY_LEVEL
2024-04-24T01:18:58,945  WARN [main] txn.CompactionTxnHandler: No compaction queue record found for Compaction type transaction commit. txnId:2
2024-04-24T01:18:58,946  INFO [main] ql.TxnCommandsBaseForTests: Running the query: drop table if exists acidTbl2
2024-04-24T01:18:58,946  INFO [main] ql.Driver: Compiling command(queryId=alex_20240424011858_d704d8fe-8dbd-4dd8-8205-05d295b941a0): drop table if exists acidTbl2
2024-04-24T01:18:58,949  INFO [main] txn.TxnHandler: Added entries to MIN_HISTORY_LEVEL for current txns: ([3]) with min_open_txn: 1
2024-04-24T01:18:58,949  INFO [main] lockmgr.DbTxnManager: Opened txnid:3
2024-04-24T01:18:58,950  INFO [main] HiveMetaStore.audit: ugi=alex	ip=unknown-ip-addr	cmd=get_table : tbl=hive.default.acidTbl2	
2024-04-24T01:18:58,954  INFO [main] ql.Driver: Semantic Analysis Completed (retrial = false)
2024-04-24T01:18:58,954  INFO [main] ql.Driver: Created Hive schema: Schema(fieldSchemas:null, properties:null)
2024-04-24T01:18:58,954  INFO [main] metadata.Hive: Dumping metastore api call timing information for : compilation phase
2024-04-24T01:18:58,954  INFO [main] metadata.Hive: Total time spent in each metastore function (ms): {flushCache_()=0, isCompatibleWith_(Configuration)=0, getValidTxns_(long)=1, openTxn_(String, TxnType)=3, commitTxn_(CommitTxnRequest)=19}
2024-04-24T01:18:58,955  INFO [main] ql.Driver: Completed compiling command(queryId=alex_20240424011858_d704d8fe-8dbd-4dd8-8205-05d295b941a0); Time taken: 0.008 seconds
2024-04-24T01:18:58,955  INFO [main] lockmgr.DbTxnManager: Setting lock request transaction to txnid:3 for queryId=alex_20240424011858_d704d8fe-8dbd-4dd8-8205-05d295b941a0
2024-04-24T01:18:58,955  INFO [main] ql.Driver: Operation DROPTABLE obtained 0 locks
2024-04-24T01:18:58,955  INFO [main] ql.Driver: Executing command(queryId=alex_20240424011858_d704d8fe-8dbd-4dd8-8205-05d295b941a0): drop table if exists acidTbl2
2024-04-24T01:18:58,955  INFO [main] ql.Driver: Starting task [Stage-0:DDL] in serial mode
2024-04-24T01:18:58,955  INFO [main] HiveMetaStore.audit: ugi=alex	ip=unknown-ip-addr	cmd=get_table : tbl=hive.default.acidTbl2	
2024-04-24T01:18:58,960  INFO [main] metadata.Hive: Dumping metastore api call timing information for : execution phase
2024-04-24T01:18:58,960  INFO [main] metadata.Hive: Total time spent in each metastore function (ms): {isCompatibleWith_(Configuration)=0}
2024-04-24T01:18:58,961  INFO [main] ql.Driver: Completed executing command(queryId=alex_20240424011858_d704d8fe-8dbd-4dd8-8205-05d295b941a0); Time taken: 0.005 seconds
2024-04-24T01:18:58,961  INFO [main] lockmgr.DbTxnManager: Stopped heartbeat for query: alex_20240424011858_d704d8fe-8dbd-4dd8-8205-05d295b941a0
2024-04-24T01:18:58,970  INFO [main] txn.TxnHandler: Expected to move at least one record from txn_components to completed_txn_components when committing txn! txnid:3
2024-04-24T01:18:58,979  INFO [main] txn.TxnHandler: Removed transactions: ([3]) from MIN_HISTORY_LEVEL
2024-04-24T01:18:58,980  WARN [main] txn.CompactionTxnHandler: No compaction queue record found for Compaction type transaction commit. txnId:3
2024-04-24T01:18:58,980  INFO [main] ql.TxnCommandsBaseForTests: Running the query: drop table if exists nonAcidOrcTbl
2024-04-24T01:18:58,981  INFO [main] ql.Driver: Compiling command(queryId=alex_20240424011858_98ab5fd7-4378-4f45-962a-69f6e4997843): drop table if exists nonAcidOrcTbl
2024-04-24T01:18:58,984  INFO [main] txn.TxnHandler: Added entries to MIN_HISTORY_LEVEL for current txns: ([4]) with min_open_txn: 1
2024-04-24T01:18:58,984  INFO [main] lockmgr.DbTxnManager: Opened txnid:4
2024-04-24T01:18:58,985  INFO [main] HiveMetaStore.audit: ugi=alex	ip=unknown-ip-addr	cmd=get_table : tbl=hive.default.nonAcidOrcTbl	
2024-04-24T01:18:58,990  INFO [main] ql.Driver: Semantic Analysis Completed (retrial = false)
2024-04-24T01:18:58,990  INFO [main] ql.Driver: Created Hive schema: Schema(fieldSchemas:null, properties:null)
2024-04-24T01:18:58,990  INFO [main] metadata.Hive: Dumping metastore api call timing information for : compilation phase
2024-04-24T01:18:58,990  INFO [main] metadata.Hive: Total time spent in each metastore function (ms): {getValidTxns_(long)=0, flushCache_()=0, commitTxn_(CommitTxnRequest)=19, openTxn_(String, TxnType)=3, isCompatibleWith_(Configuration)=1}
2024-04-24T01:18:58,990  INFO [main] ql.Driver: Completed compiling command(queryId=alex_20240424011858_98ab5fd7-4378-4f45-962a-69f6e4997843); Time taken: 0.009 seconds
2024-04-24T01:18:58,991  INFO [main] lockmgr.DbTxnManager: Setting lock request transaction to txnid:4 for queryId=alex_20240424011858_98ab5fd7-4378-4f45-962a-69f6e4997843
2024-04-24T01:18:58,991  INFO [main] ql.Driver: Operation DROPTABLE obtained 0 locks
2024-04-24T01:18:58,991  INFO [main] ql.Driver: Executing command(queryId=alex_20240424011858_98ab5fd7-4378-4f45-962a-69f6e4997843): drop table if exists nonAcidOrcTbl
2024-04-24T01:18:58,991  INFO [main] ql.Driver: Starting task [Stage-0:DDL] in serial mode
2024-04-24T01:18:58,991  INFO [main] HiveMetaStore.audit: ugi=alex	ip=unknown-ip-addr	cmd=get_table : tbl=hive.default.nonAcidOrcTbl	
2024-04-24T01:18:58,996  INFO [main] metadata.Hive: Dumping metastore api call timing information for : execution phase
2024-04-24T01:18:58,996  INFO [main] metadata.Hive: Total time spent in each metastore function (ms): {isCompatibleWith_(Configuration)=0}
2024-04-24T01:18:58,996  INFO [main] ql.Driver: Completed executing command(queryId=alex_20240424011858_98ab5fd7-4378-4f45-962a-69f6e4997843); Time taken: 0.005 seconds
2024-04-24T01:18:58,997  INFO [main] lockmgr.DbTxnManager: Stopped heartbeat for query: alex_20240424011858_98ab5fd7-4378-4f45-962a-69f6e4997843
2024-04-24T01:18:59,006  INFO [main] txn.TxnHandler: Expected to move at least one record from txn_components to completed_txn_components when committing txn! txnid:4
2024-04-24T01:18:59,018  INFO [main] txn.TxnHandler: Removed transactions: ([4]) from MIN_HISTORY_LEVEL
2024-04-24T01:18:59,018  WARN [main] txn.CompactionTxnHandler: No compaction queue record found for Compaction type transaction commit. txnId:4
2024-04-24T01:18:59,019  INFO [main] ql.TxnCommandsBaseForTests: Running the query: drop table if exists nonAcidOrcTbl2
2024-04-24T01:18:59,019  INFO [main] ql.Driver: Compiling command(queryId=alex_20240424011859_44ce8f93-3b84-432b-8fea-8093a8bc357e): drop table if exists nonAcidOrcTbl2
2024-04-24T01:18:59,022  INFO [main] txn.TxnHandler: Added entries to MIN_HISTORY_LEVEL for current txns: ([5]) with min_open_txn: 1
2024-04-24T01:18:59,023  INFO [main] lockmgr.DbTxnManager: Opened txnid:5
2024-04-24T01:18:59,024  INFO [main] HiveMetaStore.audit: ugi=alex	ip=unknown-ip-addr	cmd=get_table : tbl=hive.default.nonAcidOrcTbl2	
2024-04-24T01:18:59,029  INFO [main] ql.Driver: Semantic Analysis Completed (retrial = false)
2024-04-24T01:18:59,029  INFO [main] ql.Driver: Created Hive schema: Schema(fieldSchemas:null, properties:null)
2024-04-24T01:18:59,029  INFO [main] metadata.Hive: Dumping metastore api call timing information for : compilation phase
2024-04-24T01:18:59,029  INFO [main] metadata.Hive: Total time spent in each metastore function (ms): {flushCache_()=0, openTxn_(String, TxnType)=3, commitTxn_(CommitTxnRequest)=21, getValidTxns_(long)=1, isCompatibleWith_(Configuration)=0}
2024-04-24T01:18:59,029  INFO [main] ql.Driver: Completed compiling command(queryId=alex_20240424011859_44ce8f93-3b84-432b-8fea-8093a8bc357e); Time taken: 0.01 seconds
2024-04-24T01:18:59,030  INFO [main] lockmgr.DbTxnManager: Setting lock request transaction to txnid:5 for queryId=alex_20240424011859_44ce8f93-3b84-432b-8fea-8093a8bc357e
2024-04-24T01:18:59,030  INFO [main] ql.Driver: Operation DROPTABLE obtained 0 locks
2024-04-24T01:18:59,030  INFO [main] ql.Driver: Executing command(queryId=alex_20240424011859_44ce8f93-3b84-432b-8fea-8093a8bc357e): drop table if exists nonAcidOrcTbl2
2024-04-24T01:18:59,030  INFO [main] ql.Driver: Starting task [Stage-0:DDL] in serial mode
2024-04-24T01:18:59,030  INFO [main] HiveMetaStore.audit: ugi=alex	ip=unknown-ip-addr	cmd=get_table : tbl=hive.default.nonAcidOrcTbl2	
2024-04-24T01:18:59,036  INFO [main] metadata.Hive: Dumping metastore api call timing information for : execution phase
2024-04-24T01:18:59,036  INFO [main] metadata.Hive: Total time spent in each metastore function (ms): {isCompatibleWith_(Configuration)=0}
2024-04-24T01:18:59,036  INFO [main] ql.Driver: Completed executing command(queryId=alex_20240424011859_44ce8f93-3b84-432b-8fea-8093a8bc357e); Time taken: 0.006 seconds
2024-04-24T01:18:59,037  INFO [main] lockmgr.DbTxnManager: Stopped heartbeat for query: alex_20240424011859_44ce8f93-3b84-432b-8fea-8093a8bc357e
2024-04-24T01:18:59,046  INFO [main] txn.TxnHandler: Expected to move at least one record from txn_components to completed_txn_components when committing txn! txnid:5
2024-04-24T01:18:59,057  INFO [main] txn.TxnHandler: Removed transactions: ([5]) from MIN_HISTORY_LEVEL
2024-04-24T01:18:59,057  WARN [main] txn.CompactionTxnHandler: No compaction queue record found for Compaction type transaction commit. txnId:5
2024-04-24T01:18:59,058  INFO [main] ql.TxnCommandsBaseForTests: Running the query: drop table if exists nonAcidNonBucket
2024-04-24T01:18:59,058  INFO [main] ql.Driver: Compiling command(queryId=alex_20240424011859_2db314e2-3c64-42dd-aacd-7b9a2c70f1dd): drop table if exists nonAcidNonBucket
2024-04-24T01:18:59,061  INFO [main] txn.TxnHandler: Added entries to MIN_HISTORY_LEVEL for current txns: ([6]) with min_open_txn: 1
2024-04-24T01:18:59,062  INFO [main] lockmgr.DbTxnManager: Opened txnid:6
2024-04-24T01:18:59,062  INFO [main] HiveMetaStore.audit: ugi=alex	ip=unknown-ip-addr	cmd=get_table : tbl=hive.default.nonAcidNonBucket	
2024-04-24T01:18:59,067  INFO [main] ql.Driver: Semantic Analysis Completed (retrial = false)
2024-04-24T01:18:59,067  INFO [main] ql.Driver: Created Hive schema: Schema(fieldSchemas:null, properties:null)
2024-04-24T01:18:59,067  INFO [main] metadata.Hive: Dumping metastore api call timing information for : compilation phase
2024-04-24T01:18:59,067  INFO [main] metadata.Hive: Total time spent in each metastore function (ms): {getValidTxns_(long)=0, flushCache_()=0, commitTxn_(CommitTxnRequest)=20, isCompatibleWith_(Configuration)=1, openTxn_(String, TxnType)=3}
2024-04-24T01:18:59,068  INFO [main] ql.Driver: Completed compiling command(queryId=alex_20240424011859_2db314e2-3c64-42dd-aacd-7b9a2c70f1dd); Time taken: 0.009 seconds
2024-04-24T01:18:59,068  INFO [main] lockmgr.DbTxnManager: Setting lock request transaction to txnid:6 for queryId=alex_20240424011859_2db314e2-3c64-42dd-aacd-7b9a2c70f1dd
2024-04-24T01:18:59,068  INFO [main] ql.Driver: Operation DROPTABLE obtained 0 locks
2024-04-24T01:18:59,068  INFO [main] ql.Driver: Executing command(queryId=alex_20240424011859_2db314e2-3c64-42dd-aacd-7b9a2c70f1dd): drop table if exists nonAcidNonBucket
2024-04-24T01:18:59,068  INFO [main] ql.Driver: Starting task [Stage-0:DDL] in serial mode
2024-04-24T01:18:59,069  INFO [main] HiveMetaStore.audit: ugi=alex	ip=unknown-ip-addr	cmd=get_table : tbl=hive.default.nonAcidNonBucket	
2024-04-24T01:18:59,073  INFO [main] metadata.Hive: Dumping metastore api call timing information for : execution phase
2024-04-24T01:18:59,073  INFO [main] metadata.Hive: Total time spent in each metastore function (ms): {isCompatibleWith_(Configuration)=0}
2024-04-24T01:18:59,074  INFO [main] ql.Driver: Completed executing command(queryId=alex_20240424011859_2db314e2-3c64-42dd-aacd-7b9a2c70f1dd); Time taken: 0.005 seconds
2024-04-24T01:18:59,074  INFO [main] lockmgr.DbTxnManager: Stopped heartbeat for query: alex_20240424011859_2db314e2-3c64-42dd-aacd-7b9a2c70f1dd
2024-04-24T01:18:59,083  INFO [main] txn.TxnHandler: Expected to move at least one record from txn_components to completed_txn_components when committing txn! txnid:6
2024-04-24T01:18:59,093  INFO [main] txn.TxnHandler: Removed transactions: ([6]) from MIN_HISTORY_LEVEL
2024-04-24T01:18:59,093  WARN [main] txn.CompactionTxnHandler: No compaction queue record found for Compaction type transaction commit. txnId:6
2024-04-24T01:18:59,094  INFO [main] ql.TxnCommandsBaseForTests: Running the query: create table acidTbl(a int, b int) clustered by (a) into 2 buckets stored as orc TBLPROPERTIES ('transactional'='true')
2024-04-24T01:18:59,094  INFO [main] ql.Driver: Compiling command(queryId=alex_20240424011859_88ed0a9b-7b49-46e1-b0e3-49315d79d9e4): create table acidTbl(a int, b int) clustered by (a) into 2 buckets stored as orc TBLPROPERTIES ('transactional'='true')
2024-04-24T01:18:59,098  INFO [main] txn.TxnHandler: Added entries to MIN_HISTORY_LEVEL for current txns: ([7]) with min_open_txn: 1
2024-04-24T01:18:59,098  INFO [main] lockmgr.DbTxnManager: Opened txnid:7
2024-04-24T01:18:59,099  INFO [main] parse.CalcitePlanner: Starting caching scope for: 
2024-04-24T01:18:59,099  INFO [main] parse.CalcitePlanner: Starting Semantic Analysis
2024-04-24T01:18:59,108  INFO [main] parse.CalcitePlanner: Creating table default.acidTbl position=13
2024-04-24T01:18:59,108  INFO [main] HiveMetaStore.audit: ugi=alex	ip=unknown-ip-addr	cmd=get_database: default	
2024-04-24T01:18:59,111  INFO [main] parse.CalcitePlanner: Ending caching scope for: 
2024-04-24T01:18:59,111  INFO [main] ql.Driver: Semantic Analysis Completed (retrial = false)
2024-04-24T01:18:59,111  INFO [main] ql.Driver: Created Hive schema: Schema(fieldSchemas:null, properties:null)
2024-04-24T01:18:59,111  INFO [main] metadata.Hive: Dumping metastore api call timing information for : compilation phase
2024-04-24T01:18:59,111  INFO [main] metadata.Hive: Total time spent in each metastore function (ms): {getValidTxns_(long)=1, isCompatibleWith_(Configuration)=0, openTxn_(String, TxnType)=3, commitTxn_(CommitTxnRequest)=19, flushCache_()=0, getDatabase_(String)=3, getValidWriteIds_(List, String)=9}
2024-04-24T01:18:59,111  INFO [main] ql.Driver: Completed compiling command(queryId=alex_20240424011859_88ed0a9b-7b49-46e1-b0e3-49315d79d9e4); Time taken: 0.017 seconds
2024-04-24T01:18:59,112  INFO [main] lockmgr.DbTxnManager: Setting lock request transaction to txnid:7 for queryId=alex_20240424011859_88ed0a9b-7b49-46e1-b0e3-49315d79d9e4
2024-04-24T01:18:59,112  INFO [main] lockmgr.DbLockManager: Requesting lock for queryId=alex_20240424011859_88ed0a9b-7b49-46e1-b0e3-49315d79d9e4
2024-04-24T01:18:59,144  INFO [main] lockmgr.DbLockManager: Response to queryId=alex_20240424011859_88ed0a9b-7b49-46e1-b0e3-49315d79d9e4 LockResponse(lockid:1, state:ACQUIRED)
2024-04-24T01:18:59,144  INFO [main] ql.Driver: Operation CREATETABLE obtained 1 locks
2024-04-24T01:18:59,145  INFO [main] ql.Driver: Executing command(queryId=alex_20240424011859_88ed0a9b-7b49-46e1-b0e3-49315d79d9e4): create table acidTbl(a int, b int) clustered by (a) into 2 buckets stored as orc TBLPROPERTIES ('transactional'='true')
2024-04-24T01:18:59,145  INFO [main] ql.Driver: Starting task [Stage-0:DDL] in serial mode
2024-04-24T01:18:59,146  INFO [main] HiveMetaStore.audit: ugi=alex	ip=unknown-ip-addr	cmd=create_table_req: Table(tableName:acidTbl, dbName:default, owner:alex, createTime:1713946739, lastAccessTime:0, retention:0, sd:StorageDescriptor(cols:[FieldSchema(name:a, type:int, comment:null), FieldSchema(name:b, type:int, comment:null)], location:null, inputFormat:org.apache.hadoop.hive.ql.io.orc.OrcInputFormat, outputFormat:org.apache.hadoop.hive.ql.io.orc.OrcOutputFormat, compressed:false, numBuckets:2, serdeInfo:SerDeInfo(name:null, serializationLib:org.apache.hadoop.hive.ql.io.orc.OrcSerde, parameters:{serialization.format=1}), bucketCols:[a], sortCols:[], parameters:{}, skewedInfo:SkewedInfo(skewedColNames:[], skewedColValues:[], skewedColValueLocationMaps:{}), storedAsSubDirectories:false), partitionKeys:[], parameters:{bucketing_version=2, transactional=true, numRows=0, numFilesErasureCoded=0, totalSize=0, rawDataSize=0, COLUMN_STATS_ACCURATE={"BASIC_STATS":"true","COLUMN_STATS":{"a":"true","b":"true"}}, numFiles=0}, viewOriginalText:null, viewExpandedText:null, tableType:MANAGED_TABLE, privileges:PrincipalPrivilegeSet(userPrivileges:{alex=[PrivilegeGrantInfo(privilege:INSERT, createTime:-1, grantor:alex, grantorType:USER, grantOption:true), PrivilegeGrantInfo(privilege:SELECT, createTime:-1, grantor:alex, grantorType:USER, grantOption:true), PrivilegeGrantInfo(privilege:UPDATE, createTime:-1, grantor:alex, grantorType:USER, grantOption:true), PrivilegeGrantInfo(privilege:DELETE, createTime:-1, grantor:alex, grantorType:USER, grantOption:true)]}, groupPrivileges:null, rolePrivileges:null), temporary:false, catName:hive, ownerType:USER, writeId:0)	
2024-04-24T01:18:59,155  INFO [main] utils.FileUtils: Creating directory if it doesn't exist: file:/home/alex/Repositories/hive/ql/target/tmp/org.apache.hadoop.hive.ql.TestTxnNoBuckets-1713946626176/warehouse/acidtbl
2024-04-24T01:18:59,220  INFO [main] metadata.Hive: Dumping metastore api call timing information for : execution phase
2024-04-24T01:18:59,220  INFO [main] metadata.Hive: Total time spent in each metastore function (ms): {isCompatibleWith_(Configuration)=0, createTable_(Table)=74}
2024-04-24T01:18:59,221  INFO [main] ql.Driver: Completed executing command(queryId=alex_20240424011859_88ed0a9b-7b49-46e1-b0e3-49315d79d9e4); Time taken: 0.075 seconds
2024-04-24T01:18:59,221  INFO [main] lockmgr.DbTxnManager: Stopped heartbeat for query: alex_20240424011859_88ed0a9b-7b49-46e1-b0e3-49315d79d9e4
2024-04-24T01:18:59,227  INFO [main] txn.TxnHandler: Expected to move at least one record from txn_components to completed_txn_components when committing txn! txnid:7
2024-04-24T01:18:59,237  INFO [main] txn.TxnHandler: Removed transactions: ([7]) from MIN_HISTORY_LEVEL
2024-04-24T01:18:59,237  WARN [main] txn.CompactionTxnHandler: No compaction queue record found for Compaction type transaction commit. txnId:7
2024-04-24T01:18:59,238  INFO [main] ql.TxnCommandsBaseForTests: Running the query: create table acidTblPart(a int, b int) partitioned by (p string) clustered by (a) into 2 buckets stored as orc TBLPROPERTIES ('transactional'='true')
2024-04-24T01:18:59,238  INFO [main] ql.Driver: Compiling command(queryId=alex_20240424011859_c2cf91c0-981f-4c7e-a8e4-c3ab9de17c04): create table acidTblPart(a int, b int) partitioned by (p string) clustered by (a) into 2 buckets stored as orc TBLPROPERTIES ('transactional'='true')
2024-04-24T01:18:59,242  INFO [main] txn.TxnHandler: Added entries to MIN_HISTORY_LEVEL for current txns: ([8]) with min_open_txn: 1
2024-04-24T01:18:59,242  INFO [main] lockmgr.DbTxnManager: Opened txnid:8
2024-04-24T01:18:59,243  INFO [main] parse.CalcitePlanner: Starting caching scope for: 
2024-04-24T01:18:59,243  INFO [main] parse.CalcitePlanner: Starting Semantic Analysis
2024-04-24T01:18:59,246  INFO [main] parse.CalcitePlanner: Creating table default.acidTblPart position=13
2024-04-24T01:18:59,246  INFO [main] HiveMetaStore.audit: ugi=alex	ip=unknown-ip-addr	cmd=get_database: default	
2024-04-24T01:18:59,249  INFO [main] parse.CalcitePlanner: Ending caching scope for: 
2024-04-24T01:18:59,249  INFO [main] ql.Driver: Semantic Analysis Completed (retrial = false)
2024-04-24T01:18:59,249  INFO [main] ql.Driver: Created Hive schema: Schema(fieldSchemas:null, properties:null)
2024-04-24T01:18:59,249  INFO [main] metadata.Hive: Dumping metastore api call timing information for : compilation phase
2024-04-24T01:18:59,249  INFO [main] metadata.Hive: Total time spent in each metastore function (ms): {getValidWriteIds_(List, String)=3, getDatabase_(String)=3, getValidTxns_(long)=1, commitTxn_(CommitTxnRequest)=16, openTxn_(String, TxnType)=3, isCompatibleWith_(Configuration)=0, flushCache_()=0}
2024-04-24T01:18:59,249  INFO [main] ql.Driver: Completed compiling command(queryId=alex_20240424011859_c2cf91c0-981f-4c7e-a8e4-c3ab9de17c04); Time taken: 0.011 seconds
2024-04-24T01:18:59,249  INFO [main] lockmgr.DbTxnManager: Setting lock request transaction to txnid:8 for queryId=alex_20240424011859_c2cf91c0-981f-4c7e-a8e4-c3ab9de17c04
2024-04-24T01:18:59,250  INFO [main] lockmgr.DbLockManager: Requesting lock for queryId=alex_20240424011859_c2cf91c0-981f-4c7e-a8e4-c3ab9de17c04
2024-04-24T01:18:59,273  INFO [main] lockmgr.DbLockManager: Response to queryId=alex_20240424011859_c2cf91c0-981f-4c7e-a8e4-c3ab9de17c04 LockResponse(lockid:2, state:ACQUIRED)
2024-04-24T01:18:59,273  INFO [main] ql.Driver: Operation CREATETABLE obtained 1 locks
2024-04-24T01:18:59,274  INFO [main] ql.Driver: Executing command(queryId=alex_20240424011859_c2cf91c0-981f-4c7e-a8e4-c3ab9de17c04): create table acidTblPart(a int, b int) partitioned by (p string) clustered by (a) into 2 buckets stored as orc TBLPROPERTIES ('transactional'='true')
2024-04-24T01:18:59,274  INFO [main] ql.Driver: Starting task [Stage-0:DDL] in serial mode
2024-04-24T01:18:59,275  INFO [main] HiveMetaStore.audit: ugi=alex	ip=unknown-ip-addr	cmd=create_table_req: Table(tableName:acidTblPart, dbName:default, owner:alex, createTime:1713946739, lastAccessTime:0, retention:0, sd:StorageDescriptor(cols:[FieldSchema(name:a, type:int, comment:null), FieldSchema(name:b, type:int, comment:null)], location:null, inputFormat:org.apache.hadoop.hive.ql.io.orc.OrcInputFormat, outputFormat:org.apache.hadoop.hive.ql.io.orc.OrcOutputFormat, compressed:false, numBuckets:2, serdeInfo:SerDeInfo(name:null, serializationLib:org.apache.hadoop.hive.ql.io.orc.OrcSerde, parameters:{serialization.format=1}), bucketCols:[a], sortCols:[], parameters:{}, skewedInfo:SkewedInfo(skewedColNames:[], skewedColValues:[], skewedColValueLocationMaps:{}), storedAsSubDirectories:false), partitionKeys:[FieldSchema(name:p, type:string, comment:null)], parameters:{transactional=true, bucketing_version=2}, viewOriginalText:null, viewExpandedText:null, tableType:MANAGED_TABLE, privileges:PrincipalPrivilegeSet(userPrivileges:{alex=[PrivilegeGrantInfo(privilege:INSERT, createTime:-1, grantor:alex, grantorType:USER, grantOption:true), PrivilegeGrantInfo(privilege:SELECT, createTime:-1, grantor:alex, grantorType:USER, grantOption:true), PrivilegeGrantInfo(privilege:UPDATE, createTime:-1, grantor:alex, grantorType:USER, grantOption:true), PrivilegeGrantInfo(privilege:DELETE, createTime:-1, grantor:alex, grantorType:USER, grantOption:true)]}, groupPrivileges:null, rolePrivileges:null), temporary:false, catName:hive, ownerType:USER, writeId:0)	
2024-04-24T01:18:59,285  INFO [main] utils.FileUtils: Creating directory if it doesn't exist: file:/home/alex/Repositories/hive/ql/target/tmp/org.apache.hadoop.hive.ql.TestTxnNoBuckets-1713946626176/warehouse/acidtblpart
2024-04-24T01:18:59,309  INFO [main] metadata.Hive: Dumping metastore api call timing information for : execution phase
2024-04-24T01:18:59,309  INFO [main] metadata.Hive: Total time spent in each metastore function (ms): {isCompatibleWith_(Configuration)=0, createTable_(Table)=34}
2024-04-24T01:18:59,309  INFO [main] ql.Driver: Completed executing command(queryId=alex_20240424011859_c2cf91c0-981f-4c7e-a8e4-c3ab9de17c04); Time taken: 0.035 seconds
2024-04-24T01:18:59,309  INFO [main] lockmgr.DbTxnManager: Stopped heartbeat for query: alex_20240424011859_c2cf91c0-981f-4c7e-a8e4-c3ab9de17c04
2024-04-24T01:18:59,316  INFO [main] txn.TxnHandler: Expected to move at least one record from txn_components to completed_txn_components when committing txn! txnid:8
2024-04-24T01:18:59,326  INFO [main] txn.TxnHandler: Removed transactions: ([8]) from MIN_HISTORY_LEVEL
2024-04-24T01:18:59,326  WARN [main] txn.CompactionTxnHandler: No compaction queue record found for Compaction type transaction commit. txnId:8
2024-04-24T01:18:59,327  INFO [main] ql.TxnCommandsBaseForTests: Running the query: create table nonAcidOrcTbl(a int, b int) clustered by (a) into 2 buckets stored as orc TBLPROPERTIES ('transactional'='false')
2024-04-24T01:18:59,328  INFO [main] ql.Driver: Compiling command(queryId=alex_20240424011859_2e2bdd65-8b6a-403a-a77b-f50f2689efaa): create table nonAcidOrcTbl(a int, b int) clustered by (a) into 2 buckets stored as orc TBLPROPERTIES ('transactional'='false')
2024-04-24T01:18:59,331  INFO [main] txn.TxnHandler: Added entries to MIN_HISTORY_LEVEL for current txns: ([9]) with min_open_txn: 1
2024-04-24T01:18:59,332  INFO [main] lockmgr.DbTxnManager: Opened txnid:9
2024-04-24T01:18:59,332  INFO [main] parse.CalcitePlanner: Starting caching scope for: 
2024-04-24T01:18:59,332  INFO [main] parse.CalcitePlanner: Starting Semantic Analysis
2024-04-24T01:18:59,336  INFO [main] parse.CalcitePlanner: Creating table default.nonAcidOrcTbl position=13
2024-04-24T01:18:59,336  INFO [main] HiveMetaStore.audit: ugi=alex	ip=unknown-ip-addr	cmd=get_database: default	
2024-04-24T01:18:59,339  INFO [main] parse.CalcitePlanner: Ending caching scope for: 
2024-04-24T01:18:59,339  INFO [main] ql.Driver: Semantic Analysis Completed (retrial = false)
2024-04-24T01:18:59,339  INFO [main] ql.Driver: Created Hive schema: Schema(fieldSchemas:null, properties:null)
2024-04-24T01:18:59,339  INFO [main] metadata.Hive: Dumping metastore api call timing information for : compilation phase
2024-04-24T01:18:59,339  INFO [main] metadata.Hive: Total time spent in each metastore function (ms): {getDatabase_(String)=3, isCompatibleWith_(Configuration)=0, getValidWriteIds_(List, String)=3, flushCache_()=0, getValidTxns_(long)=0, commitTxn_(CommitTxnRequest)=17, openTxn_(String, TxnType)=4}
2024-04-24T01:18:59,340  INFO [main] ql.Driver: Completed compiling command(queryId=alex_20240424011859_2e2bdd65-8b6a-403a-a77b-f50f2689efaa); Time taken: 0.012 seconds
2024-04-24T01:18:59,340  INFO [main] lockmgr.DbTxnManager: Setting lock request transaction to txnid:9 for queryId=alex_20240424011859_2e2bdd65-8b6a-403a-a77b-f50f2689efaa
2024-04-24T01:18:59,340  INFO [main] lockmgr.DbLockManager: Requesting lock for queryId=alex_20240424011859_2e2bdd65-8b6a-403a-a77b-f50f2689efaa
2024-04-24T01:18:59,364  INFO [main] lockmgr.DbLockManager: Response to queryId=alex_20240424011859_2e2bdd65-8b6a-403a-a77b-f50f2689efaa LockResponse(lockid:3, state:ACQUIRED)
2024-04-24T01:18:59,364  INFO [main] ql.Driver: Operation CREATETABLE obtained 1 locks
2024-04-24T01:18:59,364  INFO [main] ql.Driver: Executing command(queryId=alex_20240424011859_2e2bdd65-8b6a-403a-a77b-f50f2689efaa): create table nonAcidOrcTbl(a int, b int) clustered by (a) into 2 buckets stored as orc TBLPROPERTIES ('transactional'='false')
2024-04-24T01:18:59,364  INFO [main] ql.Driver: Starting task [Stage-0:DDL] in serial mode
2024-04-24T01:18:59,366  INFO [main] HiveMetaStore.audit: ugi=alex	ip=unknown-ip-addr	cmd=create_table_req: Table(tableName:nonAcidOrcTbl, dbName:default, owner:alex, createTime:1713946739, lastAccessTime:0, retention:0, sd:StorageDescriptor(cols:[FieldSchema(name:a, type:int, comment:null), FieldSchema(name:b, type:int, comment:null)], location:null, inputFormat:org.apache.hadoop.hive.ql.io.orc.OrcInputFormat, outputFormat:org.apache.hadoop.hive.ql.io.orc.OrcOutputFormat, compressed:false, numBuckets:2, serdeInfo:SerDeInfo(name:null, serializationLib:org.apache.hadoop.hive.ql.io.orc.OrcSerde, parameters:{serialization.format=1}), bucketCols:[a], sortCols:[], parameters:{}, skewedInfo:SkewedInfo(skewedColNames:[], skewedColValues:[], skewedColValueLocationMaps:{}), storedAsSubDirectories:false), partitionKeys:[], parameters:{numRows=0, bucketing_version=2, transactional=false, numFiles=0, numFilesErasureCoded=0, rawDataSize=0, totalSize=0, COLUMN_STATS_ACCURATE={"BASIC_STATS":"true","COLUMN_STATS":{"a":"true","b":"true"}}}, viewOriginalText:null, viewExpandedText:null, tableType:MANAGED_TABLE, privileges:PrincipalPrivilegeSet(userPrivileges:{alex=[PrivilegeGrantInfo(privilege:INSERT, createTime:-1, grantor:alex, grantorType:USER, grantOption:true), PrivilegeGrantInfo(privilege:SELECT, createTime:-1, grantor:alex, grantorType:USER, grantOption:true), PrivilegeGrantInfo(privilege:UPDATE, createTime:-1, grantor:alex, grantorType:USER, grantOption:true), PrivilegeGrantInfo(privilege:DELETE, createTime:-1, grantor:alex, grantorType:USER, grantOption:true)]}, groupPrivileges:null, rolePrivileges:null), temporary:false, catName:hive, ownerType:USER)	
2024-04-24T01:18:59,375  INFO [main] utils.FileUtils: Creating directory if it doesn't exist: file:/home/alex/Repositories/hive/ql/target/tmp/org.apache.hadoop.hive.ql.TestTxnNoBuckets-1713946626176/warehouse/nonacidorctbl
2024-04-24T01:18:59,399  INFO [main] metadata.Hive: Dumping metastore api call timing information for : execution phase
2024-04-24T01:18:59,399  INFO [main] metadata.Hive: Total time spent in each metastore function (ms): {isCompatibleWith_(Configuration)=1, createTable_(Table)=33}
2024-04-24T01:18:59,399  INFO [main] ql.Driver: Completed executing command(queryId=alex_20240424011859_2e2bdd65-8b6a-403a-a77b-f50f2689efaa); Time taken: 0.035 seconds
2024-04-24T01:18:59,399  INFO [main] lockmgr.DbTxnManager: Stopped heartbeat for query: alex_20240424011859_2e2bdd65-8b6a-403a-a77b-f50f2689efaa
2024-04-24T01:18:59,406  INFO [main] txn.TxnHandler: Expected to move at least one record from txn_components to completed_txn_components when committing txn! txnid:9
2024-04-24T01:18:59,417  INFO [main] txn.TxnHandler: Removed transactions: ([9]) from MIN_HISTORY_LEVEL
2024-04-24T01:18:59,417  WARN [main] txn.CompactionTxnHandler: No compaction queue record found for Compaction type transaction commit. txnId:9
2024-04-24T01:18:59,418  INFO [main] ql.TxnCommandsBaseForTests: Running the query: create table nonAcidOrcTbl2(a int, b int) clustered by (a) into 2 buckets stored as orc TBLPROPERTIES ('transactional'='false')
2024-04-24T01:18:59,419  INFO [main] ql.Driver: Compiling command(queryId=alex_20240424011859_6b0d7420-136f-4e1f-a3e7-1525d8ebc949): create table nonAcidOrcTbl2(a int, b int) clustered by (a) into 2 buckets stored as orc TBLPROPERTIES ('transactional'='false')
2024-04-24T01:18:59,422  INFO [main] txn.TxnHandler: Added entries to MIN_HISTORY_LEVEL for current txns: ([10]) with min_open_txn: 1
2024-04-24T01:18:59,423  INFO [main] lockmgr.DbTxnManager: Opened txnid:10
2024-04-24T01:18:59,423  INFO [main] parse.CalcitePlanner: Starting caching scope for: 
2024-04-24T01:18:59,424  INFO [main] parse.CalcitePlanner: Starting Semantic Analysis
2024-04-24T01:18:59,427  INFO [main] parse.CalcitePlanner: Creating table default.nonAcidOrcTbl2 position=13
2024-04-24T01:18:59,428  INFO [main] HiveMetaStore.audit: ugi=alex	ip=unknown-ip-addr	cmd=get_database: default	
2024-04-24T01:18:59,430  INFO [main] parse.CalcitePlanner: Ending caching scope for: 
2024-04-24T01:18:59,430  INFO [main] ql.Driver: Semantic Analysis Completed (retrial = false)
2024-04-24T01:18:59,430  INFO [main] ql.Driver: Created Hive schema: Schema(fieldSchemas:null, properties:null)
2024-04-24T01:18:59,430  INFO [main] metadata.Hive: Dumping metastore api call timing information for : compilation phase
2024-04-24T01:18:59,431  INFO [main] metadata.Hive: Total time spent in each metastore function (ms): {commitTxn_(CommitTxnRequest)=19, getValidTxns_(long)=0, flushCache_()=0, getDatabase_(String)=2, openTxn_(String, TxnType)=3, isCompatibleWith_(Configuration)=1, getValidWriteIds_(List, String)=3}
2024-04-24T01:18:59,431  INFO [main] ql.Driver: Completed compiling command(queryId=alex_20240424011859_6b0d7420-136f-4e1f-a3e7-1525d8ebc949); Time taken: 0.011 seconds
2024-04-24T01:18:59,431  INFO [main] lockmgr.DbTxnManager: Setting lock request transaction to txnid:10 for queryId=alex_20240424011859_6b0d7420-136f-4e1f-a3e7-1525d8ebc949
2024-04-24T01:18:59,432  INFO [main] lockmgr.DbLockManager: Requesting lock for queryId=alex_20240424011859_6b0d7420-136f-4e1f-a3e7-1525d8ebc949
2024-04-24T01:18:59,455  INFO [main] lockmgr.DbLockManager: Response to queryId=alex_20240424011859_6b0d7420-136f-4e1f-a3e7-1525d8ebc949 LockResponse(lockid:4, state:ACQUIRED)
2024-04-24T01:18:59,455  INFO [main] ql.Driver: Operation CREATETABLE obtained 1 locks
2024-04-24T01:18:59,455  INFO [main] ql.Driver: Executing command(queryId=alex_20240424011859_6b0d7420-136f-4e1f-a3e7-1525d8ebc949): create table nonAcidOrcTbl2(a int, b int) clustered by (a) into 2 buckets stored as orc TBLPROPERTIES ('transactional'='false')
2024-04-24T01:18:59,456  INFO [main] ql.Driver: Starting task [Stage-0:DDL] in serial mode
2024-04-24T01:18:59,457  INFO [main] HiveMetaStore.audit: ugi=alex	ip=unknown-ip-addr	cmd=create_table_req: Table(tableName:nonAcidOrcTbl2, dbName:default, owner:alex, createTime:1713946739, lastAccessTime:0, retention:0, sd:StorageDescriptor(cols:[FieldSchema(name:a, type:int, comment:null), FieldSchema(name:b, type:int, comment:null)], location:null, inputFormat:org.apache.hadoop.hive.ql.io.orc.OrcInputFormat, outputFormat:org.apache.hadoop.hive.ql.io.orc.OrcOutputFormat, compressed:false, numBuckets:2, serdeInfo:SerDeInfo(name:null, serializationLib:org.apache.hadoop.hive.ql.io.orc.OrcSerde, parameters:{serialization.format=1}), bucketCols:[a], sortCols:[], parameters:{}, skewedInfo:SkewedInfo(skewedColNames:[], skewedColValues:[], skewedColValueLocationMaps:{}), storedAsSubDirectories:false), partitionKeys:[], parameters:{numRows=0, numFilesErasureCoded=0, COLUMN_STATS_ACCURATE={"BASIC_STATS":"true","COLUMN_STATS":{"a":"true","b":"true"}}, numFiles=0, bucketing_version=2, totalSize=0, rawDataSize=0, transactional=false}, viewOriginalText:null, viewExpandedText:null, tableType:MANAGED_TABLE, privileges:PrincipalPrivilegeSet(userPrivileges:{alex=[PrivilegeGrantInfo(privilege:INSERT, createTime:-1, grantor:alex, grantorType:USER, grantOption:true), PrivilegeGrantInfo(privilege:SELECT, createTime:-1, grantor:alex, grantorType:USER, grantOption:true), PrivilegeGrantInfo(privilege:UPDATE, createTime:-1, grantor:alex, grantorType:USER, grantOption:true), PrivilegeGrantInfo(privilege:DELETE, createTime:-1, grantor:alex, grantorType:USER, grantOption:true)]}, groupPrivileges:null, rolePrivileges:null), temporary:false, catName:hive, ownerType:USER)	
2024-04-24T01:18:59,466  INFO [main] utils.FileUtils: Creating directory if it doesn't exist: file:/home/alex/Repositories/hive/ql/target/tmp/org.apache.hadoop.hive.ql.TestTxnNoBuckets-1713946626176/warehouse/nonacidorctbl2
2024-04-24T01:18:59,491  INFO [main] metadata.Hive: Dumping metastore api call timing information for : execution phase
2024-04-24T01:18:59,492  INFO [main] metadata.Hive: Total time spent in each metastore function (ms): {isCompatibleWith_(Configuration)=0, createTable_(Table)=34}
2024-04-24T01:18:59,492  INFO [main] ql.Driver: Completed executing command(queryId=alex_20240424011859_6b0d7420-136f-4e1f-a3e7-1525d8ebc949); Time taken: 0.036 seconds
2024-04-24T01:18:59,492  INFO [main] lockmgr.DbTxnManager: Stopped heartbeat for query: alex_20240424011859_6b0d7420-136f-4e1f-a3e7-1525d8ebc949
2024-04-24T01:18:59,498  INFO [main] txn.TxnHandler: Expected to move at least one record from txn_components to completed_txn_components when committing txn! txnid:10
2024-04-24T01:18:59,508  INFO [main] txn.TxnHandler: Removed transactions: ([10]) from MIN_HISTORY_LEVEL
2024-04-24T01:18:59,508  WARN [main] txn.CompactionTxnHandler: No compaction queue record found for Compaction type transaction commit. txnId:10
2024-04-24T01:18:59,509  INFO [main] ql.TxnCommandsBaseForTests: Running the query: create temporary  table acidTbl2(a int, b int, c int) clustered by (c) into 2 buckets stored as orc TBLPROPERTIES ('transactional'='true')
2024-04-24T01:18:59,509  INFO [main] ql.Driver: Compiling command(queryId=alex_20240424011859_994af482-8963-40b4-aa8d-ed58bff5f3a7): create temporary  table acidTbl2(a int, b int, c int) clustered by (c) into 2 buckets stored as orc TBLPROPERTIES ('transactional'='true')
2024-04-24T01:18:59,512  INFO [main] txn.TxnHandler: Added entries to MIN_HISTORY_LEVEL for current txns: ([11]) with min_open_txn: 1
2024-04-24T01:18:59,513  INFO [main] lockmgr.DbTxnManager: Opened txnid:11
2024-04-24T01:18:59,513  INFO [main] parse.CalcitePlanner: Starting caching scope for: 
2024-04-24T01:18:59,513  INFO [main] parse.CalcitePlanner: Starting Semantic Analysis
2024-04-24T01:18:59,517  INFO [main] parse.CalcitePlanner: Creating table default.acidTbl2 position=24
2024-04-24T01:18:59,517  INFO [main] HiveMetaStore.audit: ugi=alex	ip=unknown-ip-addr	cmd=get_database: default	
2024-04-24T01:18:59,520  INFO [main] parse.CalcitePlanner: Ending caching scope for: 
2024-04-24T01:18:59,520  INFO [main] ql.Driver: Semantic Analysis Completed (retrial = false)
2024-04-24T01:18:59,520  INFO [main] ql.Driver: Created Hive schema: Schema(fieldSchemas:null, properties:null)
2024-04-24T01:18:59,520  INFO [main] metadata.Hive: Dumping metastore api call timing information for : compilation phase
2024-04-24T01:18:59,520  INFO [main] metadata.Hive: Total time spent in each metastore function (ms): {flushCache_()=0, getDatabase_(String)=2, commitTxn_(CommitTxnRequest)=17, getValidWriteIds_(List, String)=3, getValidTxns_(long)=0, isCompatibleWith_(Configuration)=1, openTxn_(String, TxnType)=3}
2024-04-24T01:18:59,520  INFO [main] ql.Driver: Completed compiling command(queryId=alex_20240424011859_994af482-8963-40b4-aa8d-ed58bff5f3a7); Time taken: 0.011 seconds
2024-04-24T01:18:59,520  INFO [main] lockmgr.DbTxnManager: Setting lock request transaction to txnid:11 for queryId=alex_20240424011859_994af482-8963-40b4-aa8d-ed58bff5f3a7
2024-04-24T01:18:59,521  INFO [main] lockmgr.DbLockManager: Requesting lock for queryId=alex_20240424011859_994af482-8963-40b4-aa8d-ed58bff5f3a7
2024-04-24T01:18:59,543  INFO [main] lockmgr.DbLockManager: Response to queryId=alex_20240424011859_994af482-8963-40b4-aa8d-ed58bff5f3a7 LockResponse(lockid:5, state:ACQUIRED)
2024-04-24T01:18:59,543  INFO [main] ql.Driver: Operation CREATETABLE obtained 1 locks
2024-04-24T01:18:59,544  INFO [main] ql.Driver: Executing command(queryId=alex_20240424011859_994af482-8963-40b4-aa8d-ed58bff5f3a7): create temporary  table acidTbl2(a int, b int, c int) clustered by (c) into 2 buckets stored as orc TBLPROPERTIES ('transactional'='true')
2024-04-24T01:18:59,544  INFO [main] ql.Driver: Starting task [Stage-0:DDL] in serial mode
2024-04-24T01:18:59,545  INFO [main] utils.FileUtils: Creating directory if it doesn't exist: file:/home/alex/Repositories/hive/ql/target/tmp/scratchdir/alex/e00dbb5c-6c74-4674-b714-4428495d65b6/_tmp_space.db/d8a6f62c-c141-492e-af3f-4f5dc6b59332
2024-04-24T01:18:59,549  INFO [main] metadata.Hive: Dumping metastore api call timing information for : execution phase
2024-04-24T01:18:59,549  INFO [main] metadata.Hive: Total time spent in each metastore function (ms): {isCompatibleWith_(Configuration)=0, createTable_(Table)=3}
2024-04-24T01:18:59,549  INFO [main] ql.Driver: Completed executing command(queryId=alex_20240424011859_994af482-8963-40b4-aa8d-ed58bff5f3a7); Time taken: 0.005 seconds
2024-04-24T01:18:59,549  INFO [main] lockmgr.DbTxnManager: Stopped heartbeat for query: alex_20240424011859_994af482-8963-40b4-aa8d-ed58bff5f3a7
2024-04-24T01:18:59,555  INFO [main] txn.TxnHandler: Expected to move at least one record from txn_components to completed_txn_components when committing txn! txnid:11
2024-04-24T01:18:59,565  INFO [main] txn.TxnHandler: Removed transactions: ([11]) from MIN_HISTORY_LEVEL
2024-04-24T01:18:59,565  WARN [main] txn.CompactionTxnHandler: No compaction queue record found for Compaction type transaction commit. txnId:11
2024-04-24T01:18:59,566  INFO [main] ql.TxnCommandsBaseForTests: Running the query: create table nonAcidNonBucket(a int, b int) stored as orc TBLPROPERTIES ('transactional'='false')
2024-04-24T01:18:59,566  INFO [main] ql.Driver: Compiling command(queryId=alex_20240424011859_95a5867c-ef7f-46fe-8e29-5808e7d43f78): create table nonAcidNonBucket(a int, b int) stored as orc TBLPROPERTIES ('transactional'='false')
2024-04-24T01:18:59,569  INFO [main] txn.TxnHandler: Added entries to MIN_HISTORY_LEVEL for current txns: ([12]) with min_open_txn: 1
2024-04-24T01:18:59,570  INFO [main] lockmgr.DbTxnManager: Opened txnid:12
2024-04-24T01:18:59,571  INFO [main] parse.CalcitePlanner: Starting caching scope for: 
2024-04-24T01:18:59,571  INFO [main] parse.CalcitePlanner: Starting Semantic Analysis
2024-04-24T01:18:59,574  INFO [main] parse.CalcitePlanner: Creating table default.nonAcidNonBucket position=13
2024-04-24T01:18:59,574  INFO [main] HiveMetaStore.audit: ugi=alex	ip=unknown-ip-addr	cmd=get_database: default	
2024-04-24T01:18:59,577  INFO [main] parse.CalcitePlanner: Ending caching scope for: 
2024-04-24T01:18:59,577  INFO [main] ql.Driver: Semantic Analysis Completed (retrial = false)
2024-04-24T01:18:59,577  INFO [main] ql.Driver: Created Hive schema: Schema(fieldSchemas:null, properties:null)
2024-04-24T01:18:59,577  INFO [main] metadata.Hive: Dumping metastore api call timing information for : compilation phase
2024-04-24T01:18:59,577  INFO [main] metadata.Hive: Total time spent in each metastore function (ms): {isCompatibleWith_(Configuration)=0, getValidWriteIds_(List, String)=3, getDatabase_(String)=3, commitTxn_(CommitTxnRequest)=17, flushCache_()=0, getValidTxns_(long)=1, openTxn_(String, TxnType)=3}
2024-04-24T01:18:59,577  INFO [main] ql.Driver: Completed compiling command(queryId=alex_20240424011859_95a5867c-ef7f-46fe-8e29-5808e7d43f78); Time taken: 0.011 seconds
2024-04-24T01:18:59,578  INFO [main] lockmgr.DbTxnManager: Setting lock request transaction to txnid:12 for queryId=alex_20240424011859_95a5867c-ef7f-46fe-8e29-5808e7d43f78
2024-04-24T01:18:59,578  INFO [main] lockmgr.DbLockManager: Requesting lock for queryId=alex_20240424011859_95a5867c-ef7f-46fe-8e29-5808e7d43f78
2024-04-24T01:18:59,828  INFO [main] lockmgr.DbLockManager: Response to queryId=alex_20240424011859_95a5867c-ef7f-46fe-8e29-5808e7d43f78 LockResponse(lockid:6, state:ACQUIRED)
2024-04-24T01:18:59,828  INFO [main] ql.Driver: Operation CREATETABLE obtained 1 locks
2024-04-24T01:18:59,828  INFO [main] ql.Driver: Executing command(queryId=alex_20240424011859_95a5867c-ef7f-46fe-8e29-5808e7d43f78): create table nonAcidNonBucket(a int, b int) stored as orc TBLPROPERTIES ('transactional'='false')
2024-04-24T01:18:59,829  INFO [main] ql.Driver: Starting task [Stage-0:DDL] in serial mode
2024-04-24T01:18:59,830  INFO [main] HiveMetaStore.audit: ugi=alex	ip=unknown-ip-addr	cmd=create_table_req: Table(tableName:nonAcidNonBucket, dbName:default, owner:alex, createTime:1713946739, lastAccessTime:0, retention:0, sd:StorageDescriptor(cols:[FieldSchema(name:a, type:int, comment:null), FieldSchema(name:b, type:int, comment:null)], location:null, inputFormat:org.apache.hadoop.hive.ql.io.orc.OrcInputFormat, outputFormat:org.apache.hadoop.hive.ql.io.orc.OrcOutputFormat, compressed:false, numBuckets:-1, serdeInfo:SerDeInfo(name:null, serializationLib:org.apache.hadoop.hive.ql.io.orc.OrcSerde, parameters:{serialization.format=1}), bucketCols:[], sortCols:[], parameters:{}, skewedInfo:SkewedInfo(skewedColNames:[], skewedColValues:[], skewedColValueLocationMaps:{}), storedAsSubDirectories:false), partitionKeys:[], parameters:{numFilesErasureCoded=0, COLUMN_STATS_ACCURATE={"BASIC_STATS":"true","COLUMN_STATS":{"a":"true","b":"true"}}, transactional=false, bucketing_version=2, numFiles=0, rawDataSize=0, numRows=0, totalSize=0}, viewOriginalText:null, viewExpandedText:null, tableType:MANAGED_TABLE, privileges:PrincipalPrivilegeSet(userPrivileges:{alex=[PrivilegeGrantInfo(privilege:INSERT, createTime:-1, grantor:alex, grantorType:USER, grantOption:true), PrivilegeGrantInfo(privilege:SELECT, createTime:-1, grantor:alex, grantorType:USER, grantOption:true), PrivilegeGrantInfo(privilege:UPDATE, createTime:-1, grantor:alex, grantorType:USER, grantOption:true), PrivilegeGrantInfo(privilege:DELETE, createTime:-1, grantor:alex, grantorType:USER, grantOption:true)]}, groupPrivileges:null, rolePrivileges:null), temporary:false, catName:hive, ownerType:USER)	
2024-04-24T01:18:59,837  INFO [main] utils.FileUtils: Creating directory if it doesn't exist: file:/home/alex/Repositories/hive/ql/target/tmp/org.apache.hadoop.hive.ql.TestTxnNoBuckets-1713946626176/warehouse/nonacidnonbucket
2024-04-24T01:18:59,857  INFO [main] metadata.Hive: Dumping metastore api call timing information for : execution phase
2024-04-24T01:18:59,857  INFO [main] metadata.Hive: Total time spent in each metastore function (ms): {createTable_(Table)=27, isCompatibleWith_(Configuration)=0}
2024-04-24T01:18:59,857  INFO [main] ql.Driver: Completed executing command(queryId=alex_20240424011859_95a5867c-ef7f-46fe-8e29-5808e7d43f78); Time taken: 0.029 seconds
2024-04-24T01:18:59,857  INFO [main] lockmgr.DbTxnManager: Stopped heartbeat for query: alex_20240424011859_95a5867c-ef7f-46fe-8e29-5808e7d43f78
2024-04-24T01:18:59,863  INFO [main] txn.TxnHandler: Expected to move at least one record from txn_components to completed_txn_components when committing txn! txnid:12
2024-04-24T01:18:59,870  INFO [main] txn.TxnHandler: Removed transactions: ([12]) from MIN_HISTORY_LEVEL
2024-04-24T01:18:59,870  WARN [main] txn.CompactionTxnHandler: No compaction queue record found for Compaction type transaction commit. txnId:12
2024-04-24T01:18:59,872  INFO [main] ql.TxnCommandsBaseForTests: Running the query: insert into acidTbl values(1,2),(2,4),(5,6),(6,8),(9,10)
2024-04-24T01:18:59,872  INFO [main] ql.Driver: Compiling command(queryId=alex_20240424011859_2c2c3c7d-eff6-4e45-822f-b62ad37a46a0): insert into acidTbl values(1,2),(2,4),(5,6),(6,8),(9,10)
2024-04-24T01:18:59,876  INFO [main] txn.TxnHandler: Added entries to MIN_HISTORY_LEVEL for current txns: ([13]) with min_open_txn: 2
2024-04-24T01:18:59,876  INFO [main] lockmgr.DbTxnManager: Opened txnid:13
2024-04-24T01:18:59,877  INFO [main] parse.CalcitePlanner: Starting caching scope for: alex_20240424011859_2c2c3c7d-eff6-4e45-822f-b62ad37a46a0
2024-04-24T01:18:59,877  INFO [main] parse.CalcitePlanner: Starting Semantic Analysis
2024-04-24T01:18:59,882  INFO [main] HiveMetaStore.audit: ugi=alex	ip=unknown-ip-addr	cmd=get_table : tbl=hive.default.acidTbl	
2024-04-24T01:18:59,903  INFO [main] metastore.HMSHandler: Skipping translation for processor with null
2024-04-24T01:18:59,903  INFO [main] parse.CalcitePlanner: Completed phase 1 of Semantic Analysis
2024-04-24T01:18:59,903  INFO [main] parse.CalcitePlanner: Get metadata for source tables
2024-04-24T01:18:59,903  INFO [main] parse.CalcitePlanner: Get metadata for subqueries
2024-04-24T01:18:59,903  INFO [main] parse.CalcitePlanner: Get metadata for destination tables
2024-04-24T01:18:59,903  INFO [main] HiveMetaStore.audit: ugi=alex	ip=unknown-ip-addr	cmd=get_table : tbl=hive.default.acidTbl	
2024-04-24T01:18:59,911  INFO [main] metastore.HMSHandler: Skipping translation for processor with null
2024-04-24T01:18:59,911  INFO [main] parse.CalcitePlanner: Completed getting MetaData in Semantic Analysis
2024-04-24T01:18:59,911  INFO [main] parse.CalcitePlanner: Disabling LLAP IO encode as ETL query is detected
2024-04-24T01:18:59,936  INFO [main] HiveMetaStore.audit: ugi=alex	ip=unknown-ip-addr	cmd=get_all_table_constraints : tbl=hive._dummy_database._dummy_table	
2024-04-24T01:19:00,025  INFO [main] parse.CalcitePlanner: Get metadata for source tables
2024-04-24T01:19:00,025  INFO [main] parse.CalcitePlanner: Get metadata for subqueries
2024-04-24T01:19:00,025  INFO [main] parse.CalcitePlanner: Get metadata for source tables
2024-04-24T01:19:00,026  INFO [main] HiveMetaStore.audit: ugi=alex	ip=unknown-ip-addr	cmd=get_table : tbl=hive._dummy_database._dummy_table	
2024-04-24T01:19:00,028  INFO [main] parse.CalcitePlanner: Get metadata for subqueries
2024-04-24T01:19:00,028  INFO [main] parse.CalcitePlanner: Get metadata for destination tables
2024-04-24T01:19:00,028  INFO [main] parse.CalcitePlanner: Get metadata for destination tables
2024-04-24T01:19:00,031  INFO [main] HiveMetaStore.audit: ugi=alex	ip=unknown-ip-addr	cmd=get_not_null_constraints : tbl=hive.default.acidtbl	
2024-04-24T01:19:00,033  INFO [main] HiveMetaStore.audit: ugi=alex	ip=unknown-ip-addr	cmd=get_check_constraints : tbl=hive.default.acidtbl	
2024-04-24T01:19:00,042  INFO [main] txn.TxnHandler: Allocated writeId: 1 for txnId: 13
2024-04-24T01:19:00,042  INFO [main] txn.TxnHandler: Allocated write ids for dbName=default, tblName=acidtbl (txnIds: [13])
2024-04-24T01:19:00,043  INFO [main] parse.CalcitePlanner: CBO Succeeded; optimized logical plan.
2024-04-24T01:19:00,047  INFO [main] optimizer.ColumnPrunerProcFactory: RS 4 oldColExprMap: {VALUE._col0=Column[_col1], KEY.reducesinkkey0=Column[_col0]}
2024-04-24T01:19:00,047  INFO [main] optimizer.ColumnPrunerProcFactory: RS 4 newColExprMap: {KEY.reducesinkkey0=Column[_col0], VALUE._col0=Column[_col1]}
2024-04-24T01:19:00,048  INFO [main] optimizer.BucketVersionPopulator: not considering bucketingVersion for: TS[0] because it has -1<2 buckets 
2024-04-24T01:19:00,048  INFO [main] optimizer.SortedDynPartitionOptimizer: Sorted dynamic partitioning optimization kicked in..
2024-04-24T01:19:00,058  INFO [main] HiveMetaStore.audit: ugi=alex	ip=unknown-ip-addr	cmd=get_table : tbl=hive.default.acidtbl	
2024-04-24T01:19:00,068  INFO [main] metastore.HMSHandler: Skipping translation for processor with null
2024-04-24T01:19:00,069  INFO [main] parse.CalcitePlanner: Completed plan generation
2024-04-24T01:19:00,069  INFO [main] parse.CalcitePlanner: Ending caching scope for: alex_20240424011859_2c2c3c7d-eff6-4e45-822f-b62ad37a46a0
2024-04-24T01:19:00,069  INFO [main] ql.Driver: Semantic Analysis Completed (retrial = false)
2024-04-24T01:19:00,069  INFO [main] ql.Driver: Created Hive schema: Schema(fieldSchemas:[FieldSchema(name:col1, type:int, comment:null), FieldSchema(name:col2, type:int, comment:null)], properties:null)
2024-04-24T01:19:00,069  INFO [main] metadata.Hive: Dumping metastore api call timing information for : compilation phase
2024-04-24T01:19:00,069  INFO [main] metadata.Hive: Total time spent in each metastore function (ms): {flushCache_()=0, getAllTableConstraints_(AllTableConstraintsRequest)=27, getValidWriteIds_(List, String)=4, getTable_(GetTableRequest)=40, isCompatibleWith_(Configuration)=4, commitTxn_(CommitTxnRequest)=13, getValidTxns_(long)=0, getNotNullConstraints_(NotNullConstraintsRequest)=2, allocateTableWriteId_(long, String, String)=8, openTxn_(String, TxnType)=2, getCheckConstraints_(CheckConstraintsRequest)=1}
2024-04-24T01:19:00,070  INFO [main] ql.Driver: Completed compiling command(queryId=alex_20240424011859_2c2c3c7d-eff6-4e45-822f-b62ad37a46a0); Time taken: 0.197 seconds
2024-04-24T01:19:00,070  INFO [main] lockmgr.DbTxnManager: Setting lock request transaction to txnid:13 for queryId=alex_20240424011859_2c2c3c7d-eff6-4e45-822f-b62ad37a46a0
2024-04-24T01:19:00,070  INFO [main] lockmgr.DbLockManager: Requesting lock for queryId=alex_20240424011859_2c2c3c7d-eff6-4e45-822f-b62ad37a46a0
2024-04-24T01:19:00,093  INFO [main] lockmgr.DbLockManager: Response to queryId=alex_20240424011859_2c2c3c7d-eff6-4e45-822f-b62ad37a46a0 LockResponse(lockid:7, state:ACQUIRED)
2024-04-24T01:19:00,093  INFO [main] ql.Driver: Operation QUERY obtained 1 locks
2024-04-24T01:19:00,096  INFO [main] ql.Driver: Executing command(queryId=alex_20240424011859_2c2c3c7d-eff6-4e45-822f-b62ad37a46a0): insert into acidTbl values(1,2),(2,4),(5,6),(6,8),(9,10)
2024-04-24T01:19:00,096  WARN [main] ql.Driver: Hive-on-MR is deprecated in Hive 2 and may not be available in the future versions. Consider using a different execution engine (i.e. spark, tez) or using Hive 1.X releases.
Query ID = alex_20240424011859_2c2c3c7d-eff6-4e45-822f-b62ad37a46a0
2024-04-24T01:19:00,096  INFO [main] ql.Driver: Query ID = alex_20240424011859_2c2c3c7d-eff6-4e45-822f-b62ad37a46a0
Total jobs = 1
2024-04-24T01:19:00,096  INFO [main] ql.Driver: Total jobs = 1
Launching Job 1 out of 1
2024-04-24T01:19:00,096  INFO [main] ql.Driver: Launching Job 1 out of 1
2024-04-24T01:19:00,237  INFO [main] ql.Driver: Starting task [Stage-1:MAPRED] in serial mode
Number of reduce tasks determined at compile time: 2
2024-04-24T01:19:00,237  INFO [main] exec.Task: Number of reduce tasks determined at compile time: 2
In order to change the average load for a reducer (in bytes):
2024-04-24T01:19:00,237  INFO [main] exec.Task: In order to change the average load for a reducer (in bytes):
  set hive.exec.reducers.bytes.per.reducer=<number>
2024-04-24T01:19:00,237  INFO [main] exec.Task:   set hive.exec.reducers.bytes.per.reducer=<number>
In order to limit the maximum number of reducers:
2024-04-24T01:19:00,237  INFO [main] exec.Task: In order to limit the maximum number of reducers:
  set hive.exec.reducers.max=<number>
2024-04-24T01:19:00,237  INFO [main] exec.Task:   set hive.exec.reducers.max=<number>
In order to set a constant number of reducers:
2024-04-24T01:19:00,237  INFO [main] exec.Task: In order to set a constant number of reducers:
  set mapreduce.job.reduces=<number>
2024-04-24T01:19:00,237  INFO [main] exec.Task:   set mapreduce.job.reduces=<number>
2024-04-24T01:19:00,240  INFO [main] mr.ExecDriver: Using org.apache.hadoop.hive.ql.io.HiveInputFormat
2024-04-24T01:19:00,240  INFO [main] exec.Utilities: Processing alias $hdt$_0:_dummy_table
2024-04-24T01:19:00,240  INFO [main] exec.Utilities: Adding 1 inputs; the first input is file:/home/alex/Repositories/hive/ql/target/tmp/localscratchdir/e00dbb5c-6c74-4674-b714-4428495d65b6/hive_2024-04-24_01-18-59_872_2484711655334070832-1/dummy_path
2024-04-24T01:19:00,251  INFO [main] exec.SerializationUtilities: Serializing MapWork using kryo
2024-04-24T01:19:00,253  INFO [main] exec.Utilities: Serialized plan (via FILE) - name: null size: 5,03KB
2024-04-24T01:19:00,258  INFO [main] exec.SerializationUtilities: Serializing ReduceWork using kryo
2024-04-24T01:19:00,259  INFO [main] exec.Utilities: Serialized plan (via FILE) - name: null size: 5,99KB
2024-04-24T01:19:00,260  WARN [main] impl.MetricsSystemImpl: JobTracker metrics system already initialized!
2024-04-24T01:19:00,264  INFO [main] fs.FSStatsPublisher: created : file:/home/alex/Repositories/hive/ql/target/tmp/localscratchdir/e00dbb5c-6c74-4674-b714-4428495d65b6/hive_2024-04-24_01-18-59_872_2484711655334070832-1/-mr-10000
2024-04-24T01:19:00,266  WARN [main] impl.MetricsSystemImpl: JobTracker metrics system already initialized!
2024-04-24T01:19:00,273  WARN [main] mapreduce.JobResourceUploader: Hadoop command-line option parsing not performed. Implement the Tool interface and execute your application with ToolRunner to remedy this.
2024-04-24T01:19:00,278  WARN [main] mapreduce.JobResourceUploader: No job jar file set.  User classes may not be found. See Job or Job#setJar(String).
2024-04-24T01:19:00,279  INFO [main] io.HiveInputFormat: hive.io.file.readcolumn.ids = 
2024-04-24T01:19:00,279  INFO [main] io.HiveInputFormat: hive.io.file.readcolumn.names = 
2024-04-24T01:19:00,279  INFO [main] io.HiveInputFormat: Generating splits for dirs: file:/home/alex/Repositories/hive/ql/target/tmp/localscratchdir/e00dbb5c-6c74-4674-b714-4428495d65b6/hive_2024-04-24_01-18-59_872_2484711655334070832-1/dummy_path
2024-04-24T01:19:00,279  INFO [main] io.HiveInputFormat: number of splits 1
2024-04-24T01:19:00,298  INFO [main] mapreduce.JobSubmitter: number of splits:1
2024-04-24T01:19:00,319  INFO [main] mapreduce.JobSubmitter: Submitting tokens for job: job_local1042325547_0045
2024-04-24T01:19:00,319  INFO [main] mapreduce.JobSubmitter: Executing with tokens: []
2024-04-24T01:19:00,409  INFO [main] mapreduce.Job: The url to track the job: http://localhost:8080/
Job running in-process (local Hadoop)
2024-04-24T01:19:00,409  INFO [main] exec.Task: Job running in-process (local Hadoop)
2024-04-24T01:19:00,410  INFO [Thread-2958] mapred.LocalJobRunner: OutputCommitter set in config org.apache.hadoop.hive.ql.io.HiveFileFormatUtils$NullOutputCommitter
2024-04-24T01:19:00,411  INFO [Thread-2958] mapred.LocalJobRunner: OutputCommitter is org.apache.hadoop.hive.ql.io.HiveFileFormatUtils$NullOutputCommitter
2024-04-24T01:19:00,423  INFO [Thread-2958] mapred.LocalJobRunner: Waiting for map tasks
2024-04-24T01:19:00,424  INFO [LocalJobRunner Map Task Executor #0] mapred.LocalJobRunner: Starting task: attempt_local1042325547_0045_m_000000_0
2024-04-24T01:19:00,428  INFO [LocalJobRunner Map Task Executor #0] mapred.Task:  Using ResourceCalculatorProcessTree : [ ]
2024-04-24T01:19:00,429  INFO [LocalJobRunner Map Task Executor #0] mapred.MapTask: Processing split: org.apache.hadoop.hive.ql.io.NullRowsInputFormat:file:/home/alex/Repositories/hive/ql/target/tmp/localscratchdir/e00dbb5c-6c74-4674-b714-4428495d65b6/hive_2024-04-24_01-18-59_872_2484711655334070832-1/dummy_path/null:0+1
2024-04-24T01:19:00,432  INFO [LocalJobRunner Map Task Executor #0] exec.SerializationUtilities: Deserializing MapWork using kryo
2024-04-24T01:19:00,433  INFO [LocalJobRunner Map Task Executor #0] exec.Utilities: Deserialized plan (via FILE) - name: null size: 5,03KB
2024-04-24T01:19:00,433  INFO [LocalJobRunner Map Task Executor #0] mapred.MapTask: numReduceTasks: 2
2024-04-24T01:19:00,440  INFO [LocalJobRunner Map Task Executor #0] mapred.MapTask: (EQUATOR) 0 kvi 26214396(104857584)
2024-04-24T01:19:00,440  INFO [LocalJobRunner Map Task Executor #0] mapred.MapTask: mapreduce.task.io.sort.mb: 100
2024-04-24T01:19:00,440  INFO [LocalJobRunner Map Task Executor #0] mapred.MapTask: soft limit at 83886080
2024-04-24T01:19:00,440  INFO [LocalJobRunner Map Task Executor #0] mapred.MapTask: bufstart = 0; bufvoid = 104857600
2024-04-24T01:19:00,440  INFO [LocalJobRunner Map Task Executor #0] mapred.MapTask: kvstart = 26214396; length = 6553600
2024-04-24T01:19:00,441  INFO [LocalJobRunner Map Task Executor #0] mapred.MapTask: Map output collector class = org.apache.hadoop.mapred.MapTask$MapOutputBuffer
2024-04-24T01:19:00,441  INFO [LocalJobRunner Map Task Executor #0] exec.MapOperator: Initializing Operator: MAP[0]
2024-04-24T01:19:00,441  INFO [LocalJobRunner Map Task Executor #0] mr.ExecMapper: 
<MAP>Id =0
  <Children>null
  <\Children>
  <Parent><\Parent>
<\MAP>
2024-04-24T01:19:00,442  INFO [LocalJobRunner Map Task Executor #0] exec.TableScanOperator: Initializing Operator: TS[0]
2024-04-24T01:19:00,443  INFO [LocalJobRunner Map Task Executor #0] exec.SelectOperator: Initializing Operator: SEL[1]
2024-04-24T01:19:00,443  INFO [LocalJobRunner Map Task Executor #0] exec.SelectOperator: SELECT null
2024-04-24T01:19:00,443  INFO [LocalJobRunner Map Task Executor #0] exec.UDTFOperator: Initializing Operator: UDTF[2]
2024-04-24T01:19:00,443  INFO [LocalJobRunner Map Task Executor #0] exec.SelectOperator: Initializing Operator: SEL[3]
2024-04-24T01:19:00,443  INFO [LocalJobRunner Map Task Executor #0] exec.SelectOperator: SELECT struct<col1:int,col2:int>
2024-04-24T01:19:00,443  INFO [LocalJobRunner Map Task Executor #0] exec.ReduceSinkOperator: Initializing Operator: RS[4]
2024-04-24T01:19:00,444  INFO [LocalJobRunner Map Task Executor #0] exec.ReduceSinkOperator: Using tag = -1
2024-04-24T01:19:00,445  INFO [LocalJobRunner Map Task Executor #0] exec.ReduceSinkOperator: keys are [reducesinkkey0] num distributions: 1
2024-04-24T01:19:00,447  INFO [LocalJobRunner Map Task Executor #0] exec.ReduceSinkOperator: RS[4]: records written - 1
2024-04-24T01:19:00,447  INFO [LocalJobRunner Map Task Executor #0] exec.MapOperator: MAP[0]: records read - 1
2024-04-24T01:19:00,448  INFO [LocalJobRunner Map Task Executor #0] exec.MapOperator: Closing Operator: MAP[0]
2024-04-24T01:19:00,448  INFO [LocalJobRunner Map Task Executor #0] exec.MapOperator: MAP[0]: Total records read - 3. abort - false
2024-04-24T01:19:00,448  INFO [LocalJobRunner Map Task Executor #0] exec.MapOperator: RECORDS_IN:3, DESERIALIZE_ERRORS:0, RECORDS_OUT_INTERMEDIATE:0, RECORDS_OUT_OPERATOR_MAP_0:0, 
2024-04-24T01:19:00,448  INFO [LocalJobRunner Map Task Executor #0] exec.TableScanOperator: Closing Operator: TS[0]
2024-04-24T01:19:00,448  INFO [LocalJobRunner Map Task Executor #0] exec.TableScanOperator: RECORDS_OUT_OPERATOR_TS_0:1, RECORDS_OUT_INTERMEDIATE:0, 
2024-04-24T01:19:00,448  INFO [LocalJobRunner Map Task Executor #0] exec.SelectOperator: Closing Operator: SEL[1]
2024-04-24T01:19:00,448  INFO [LocalJobRunner Map Task Executor #0] exec.SelectOperator: RECORDS_OUT_INTERMEDIATE:0, RECORDS_OUT_OPERATOR_SEL_1:1, 
2024-04-24T01:19:00,448  INFO [LocalJobRunner Map Task Executor #0] exec.UDTFOperator: Closing Operator: UDTF[2]
2024-04-24T01:19:00,449  INFO [LocalJobRunner Map Task Executor #0] exec.UDTFOperator: RECORDS_OUT_OPERATOR_UDTF_2:5, RECORDS_OUT_INTERMEDIATE:0, 
2024-04-24T01:19:00,449  INFO [LocalJobRunner Map Task Executor #0] exec.SelectOperator: Closing Operator: SEL[3]
2024-04-24T01:19:00,449  INFO [LocalJobRunner Map Task Executor #0] exec.SelectOperator: RECORDS_OUT_INTERMEDIATE:0, RECORDS_OUT_OPERATOR_SEL_3:5, 
2024-04-24T01:19:00,449  INFO [LocalJobRunner Map Task Executor #0] exec.ReduceSinkOperator: Closing Operator: RS[4]
2024-04-24T01:19:00,449  INFO [LocalJobRunner Map Task Executor #0] exec.ReduceSinkOperator: RS[4]: Total records written - 5. abort - false
2024-04-24T01:19:00,449  INFO [LocalJobRunner Map Task Executor #0] exec.ReduceSinkOperator: RECORDS_OUT_OPERATOR_RS_4:5, RECORDS_OUT_INTERMEDIATE:5, 
2024-04-24T01:19:00,454  INFO [LocalJobRunner Map Task Executor #0] mapred.LocalJobRunner: 
2024-04-24T01:19:00,454  INFO [LocalJobRunner Map Task Executor #0] mapred.MapTask: Starting flush of map output
2024-04-24T01:19:00,454  INFO [LocalJobRunner Map Task Executor #0] mapred.MapTask: Spilling map output
2024-04-24T01:19:00,454  INFO [LocalJobRunner Map Task Executor #0] mapred.MapTask: bufstart = 0; bufend = 80; bufvoid = 104857600
2024-04-24T01:19:00,454  INFO [LocalJobRunner Map Task Executor #0] mapred.MapTask: kvstart = 26214396(104857584); kvend = 26214380(104857520); length = 17/6553600
2024-04-24T01:19:00,468  INFO [LocalJobRunner Map Task Executor #0] mapred.MapTask: Finished spill 0
2024-04-24T01:19:00,475  INFO [LocalJobRunner Map Task Executor #0] mapred.Task: Task:attempt_local1042325547_0045_m_000000_0 is done. And is in the process of committing
2024-04-24T01:19:00,476  INFO [LocalJobRunner Map Task Executor #0] mapred.LocalJobRunner: map
2024-04-24T01:19:00,476  INFO [LocalJobRunner Map Task Executor #0] mapred.Task: Task 'attempt_local1042325547_0045_m_000000_0' done.
2024-04-24T01:19:00,476  INFO [LocalJobRunner Map Task Executor #0] mapred.Task: Final Counters for attempt_local1042325547_0045_m_000000_0: Counters: 26
	File System Counters
		FILE: Number of bytes read=1012310
		FILE: Number of bytes written=53040404
		FILE: Number of read operations=0
		FILE: Number of large read operations=0
		FILE: Number of write operations=0
	Map-Reduce Framework
		Map input records=4
		Map output records=5
		Map output bytes=80
		Map output materialized bytes=102
		Input split bytes=361
		Combine input records=0
		Spilled Records=5
		Failed Shuffles=0
		Merged Map outputs=0
		GC time elapsed (ms)=0
		Total committed heap usage (bytes)=1350041600
	HIVE
		DESERIALIZE_ERRORS=0
		RECORDS_IN=3
		RECORDS_OUT_INTERMEDIATE=5
		RECORDS_OUT_OPERATOR_MAP_0=0
		RECORDS_OUT_OPERATOR_RS_4=5
		RECORDS_OUT_OPERATOR_SEL_1=1
		RECORDS_OUT_OPERATOR_SEL_3=5
		RECORDS_OUT_OPERATOR_TS_0=1
		RECORDS_OUT_OPERATOR_UDTF_2=5
	File Input Format Counters 
		Bytes Read=5080
2024-04-24T01:19:00,476  INFO [LocalJobRunner Map Task Executor #0] mapred.LocalJobRunner: Finishing task: attempt_local1042325547_0045_m_000000_0
2024-04-24T01:19:00,476  INFO [Thread-2958] mapred.LocalJobRunner: map task executor complete.
2024-04-24T01:19:00,478  INFO [Thread-2958] mapred.LocalJobRunner: Waiting for reduce tasks
2024-04-24T01:19:00,478  INFO [pool-197-thread-1] mapred.LocalJobRunner: Starting task: attempt_local1042325547_0045_r_000000_0
2024-04-24T01:19:00,481  INFO [pool-197-thread-1] mapred.Task:  Using ResourceCalculatorProcessTree : [ ]
2024-04-24T01:19:00,481  INFO [pool-197-thread-1] mapred.ReduceTask: Using ShuffleConsumerPlugin: org.apache.hadoop.mapreduce.task.reduce.Shuffle@6efae4ab
2024-04-24T01:19:00,481  WARN [pool-197-thread-1] impl.MetricsSystemImpl: JobTracker metrics system already initialized!
2024-04-24T01:19:00,482  INFO [pool-197-thread-1] reduce.MergeManagerImpl: MergerManager: memoryLimit=1336252800, maxSingleShuffleLimit=334063200, mergeThreshold=881926912, ioSortFactor=10, memToMemMergeOutputsThreshold=10
2024-04-24T01:19:00,483  INFO [EventFetcher for fetching Map Completion Events] reduce.EventFetcher: attempt_local1042325547_0045_r_000000_0 Thread started: EventFetcher for fetching Map Completion Events
2024-04-24T01:19:00,487  INFO [localfetcher#27] reduce.LocalFetcher: localfetcher#27 about to shuffle output of map attempt_local1042325547_0045_m_000000_0 decomp: 38 len: 42 to MEMORY
2024-04-24T01:19:00,487  INFO [localfetcher#27] reduce.InMemoryMapOutput: Read 38 bytes from map-output for attempt_local1042325547_0045_m_000000_0
2024-04-24T01:19:00,487  INFO [localfetcher#27] reduce.MergeManagerImpl: closeInMemoryFile -> map-output of size: 38, inMemoryMapOutputs.size() -> 1, commitMemory -> 0, usedMemory ->38
2024-04-24T01:19:00,488  INFO [EventFetcher for fetching Map Completion Events] reduce.EventFetcher: EventFetcher is interrupted.. Returning
2024-04-24T01:19:00,488  INFO [pool-197-thread-1] mapred.LocalJobRunner: 1 / 1 copied.
2024-04-24T01:19:00,488  INFO [pool-197-thread-1] reduce.MergeManagerImpl: finalMerge called with 1 in-memory map-outputs and 0 on-disk map-outputs
2024-04-24T01:19:00,494  INFO [pool-197-thread-1] mapred.Merger: Merging 1 sorted segments
2024-04-24T01:19:00,495  INFO [pool-197-thread-1] mapred.Merger: Down to the last merge-pass, with 1 segments left of total size: 26 bytes
2024-04-24T01:19:00,498  INFO [pool-197-thread-1] reduce.MergeManagerImpl: Merged 1 segments, 38 bytes to disk to satisfy reduce memory limit
2024-04-24T01:19:00,498  INFO [pool-197-thread-1] reduce.MergeManagerImpl: Merging 1 files, 42 bytes from disk
2024-04-24T01:19:00,498  INFO [pool-197-thread-1] reduce.MergeManagerImpl: Merging 0 segments, 0 bytes from memory into reduce
2024-04-24T01:19:00,498  INFO [pool-197-thread-1] mapred.Merger: Merging 1 sorted segments
2024-04-24T01:19:00,498  INFO [pool-197-thread-1] mapred.Merger: Down to the last merge-pass, with 1 segments left of total size: 26 bytes
2024-04-24T01:19:00,499  INFO [pool-197-thread-1] mapred.LocalJobRunner: 1 / 1 copied.
2024-04-24T01:19:00,499  INFO [pool-197-thread-1] exec.SerializationUtilities: Deserializing ReduceWork using kryo
2024-04-24T01:19:00,500  INFO [pool-197-thread-1] exec.Utilities: Deserialized plan (via FILE) - name: null size: 5,99KB
2024-04-24T01:19:00,501  INFO [pool-197-thread-1] ExecReducer: 
<SEL>Id =5
  <Children>
    <FS>Id =6
      <Children>
      <\Children>
      <Parent>Id = 5 null<\Parent>
    <\FS>
  <\Children>
  <Parent><\Parent>
<\SEL>
2024-04-24T01:19:00,501  INFO [pool-197-thread-1] exec.SelectOperator: Initializing Operator: SEL[5]
2024-04-24T01:19:00,501  INFO [pool-197-thread-1] exec.SelectOperator: SELECT struct<key:struct<reducesinkkey0:int>,value:struct<_col0:int>>
2024-04-24T01:19:00,501  INFO [pool-197-thread-1] exec.FileSinkOperator: Initializing Operator: FS[6]
2024-04-24T01:19:00,502  INFO [pool-197-thread-1] exec.FileSinkOperator: Using serializer : AbstractSerDe [log=org.apache.logging.slf4j.Log4jLogger@48b320a7, configuration=Optional[Configuration: core-default.xml, core-site.xml, mapred-default.xml, mapred-site.xml, yarn-default.xml, yarn-site.xml, hdfs-default.xml, hdfs-site.xml, file:/home/alex/Repositories/hive/ql/target/tmp/TestTxnNoBuckets/mapred/local/localRunner/alex/job_local1042325547_0045/job_local1042325547_0045.xml], properties={transactional_properties=default, name=default.acidtbl, transactional=true, columns.types=int:int, bucket_field_name=a, columns=a,b, numFilesErasureCoded=0, columns.comments=&amp#0;, bucketing_version=2, bucket_count=2, serialization.lib=org.apache.hadoop.hive.ql.io.orc.OrcSerde, file.inputformat=org.apache.hadoop.hive.ql.io.orc.OrcInputFormat, file.outputformat=org.apache.hadoop.hive.ql.io.orc.OrcOutputFormat, location=file:/home/alex/Repositories/hive/ql/target/tmp/org.apache.hadoop.hive.ql.TestTxnNoBuckets-1713946626176/warehouse/acidtbl, column.name.delimiter=,}, tableProperties={transactional_properties=default, name=default.acidtbl, transactional=true, columns.types=int:int, bucket_field_name=a, columns=a,b, numFilesErasureCoded=0, columns.comments=&amp#0;, bucketing_version=2, bucket_count=2, serialization.lib=org.apache.hadoop.hive.ql.io.orc.OrcSerde, file.inputformat=org.apache.hadoop.hive.ql.io.orc.OrcInputFormat, location=file:/home/alex/Repositories/hive/ql/target/tmp/org.apache.hadoop.hive.ql.TestTxnNoBuckets-1713946626176/warehouse/acidtbl, file.outputformat=org.apache.hadoop.hive.ql.io.orc.OrcOutputFormat, column.name.delimiter=,}, partitionProperties=Optional.empty, columnNames=[a, b], columnTypes=[int, int], getClass()=class org.apache.hadoop.hive.ql.io.orc.OrcSerde] and formatter : org.apache.hadoop.hive.ql.io.orc.OrcOutputFormat@524db406
2024-04-24T01:19:00,502  INFO [pool-197-thread-1] exec.FileSinkOperator: Final Path: FS file:/home/alex/Repositories/hive/ql/target/tmp/org.apache.hadoop.hive.ql.TestTxnNoBuckets-1713946626176/warehouse/acidtbl
2024-04-24T01:19:00,502  INFO [pool-197-thread-1] exec.FileSinkOperator: New Final Path: FS file:/home/alex/Repositories/hive/ql/target/tmp/org.apache.hadoop.hive.ql.TestTxnNoBuckets-1713946626176/warehouse/acidtbl
2024-04-24T01:19:00,502  INFO [pool-197-thread-1] common.FileUtils: Creating directory if it doesn't exist: file:/home/alex/Repositories/hive/ql/target/tmp/org.apache.hadoop.hive.ql.TestTxnNoBuckets-1713946626176/warehouse
2024-04-24T01:19:00,503  INFO [pool-197-thread-1] exec.FileSinkOperator: FS[6]: records written - 1
2024-04-24T01:19:00,503  INFO [pool-197-thread-1] impl.PhysicalFsWriter: ORC writer created for path: file:/home/alex/Repositories/hive/ql/target/tmp/org.apache.hadoop.hive.ql.TestTxnNoBuckets-1713946626176/warehouse/acidtbl/delta_0000001_0000001_0000/bucket_00000_0 with stripeSize: 8388608 blockSize: 268435456 compression: Compress: ZLIB buffer: 32768
2024-04-24T01:19:00,511  INFO [pool-197-thread-1] impl.WriterImpl: ORC writer created for path: file:/home/alex/Repositories/hive/ql/target/tmp/org.apache.hadoop.hive.ql.TestTxnNoBuckets-1713946626176/warehouse/acidtbl/delta_0000001_0000001_0000/bucket_00000_0 with stripeSize: 8388608 options: Compress: ZLIB buffer: 32768
2024-04-24T01:19:00,516  INFO [pool-197-thread-1] exec.SelectOperator: Closing Operator: SEL[5]
2024-04-24T01:19:00,516  INFO [pool-197-thread-1] exec.SelectOperator: RECORDS_OUT_OPERATOR_SEL_5:2, RECORDS_OUT_INTERMEDIATE:0, 
2024-04-24T01:19:00,516  INFO [pool-197-thread-1] exec.FileSinkOperator: Closing Operator: FS[6]
2024-04-24T01:19:00,516  INFO [pool-197-thread-1] exec.FileSinkOperator: FS[6]: records written - 2
2024-04-24T01:19:00,518  INFO [pool-197-thread-1] FileOperations: Writing manifest to file:/home/alex/Repositories/hive/ql/target/tmp/org.apache.hadoop.hive.ql.TestTxnNoBuckets-1713946626176/warehouse/acidtbl/_tmp.delta_0000001_0000001_0000/000000_0.manifest with [file:/home/alex/Repositories/hive/ql/target/tmp/org.apache.hadoop.hive.ql.TestTxnNoBuckets-1713946626176/warehouse/acidtbl/delta_0000001_0000001_0000/bucket_00000_0]
2024-04-24T01:19:00,531  INFO [pool-197-thread-1] exec.FileSinkOperator: RECORDS_OUT_INTERMEDIATE:0, TOTAL_TABLE_ROWS_WRITTEN:2, RECORDS_OUT_OPERATOR_FS_6:2, RECORDS_OUT_1_default.acidtbl:2, 
2024-04-24T01:19:00,532  INFO [pool-197-thread-1] mapred.Task: Task:attempt_local1042325547_0045_r_000000_0 is done. And is in the process of committing
2024-04-24T01:19:00,532  INFO [pool-197-thread-1] mapred.LocalJobRunner: reduce > reduce
2024-04-24T01:19:00,532  INFO [pool-197-thread-1] mapred.Task: Task 'attempt_local1042325547_0045_r_000000_0' done.
2024-04-24T01:19:00,532  INFO [pool-197-thread-1] mapred.Task: Final Counters for attempt_local1042325547_0045_r_000000_0: Counters: 30
	File System Counters
		FILE: Number of bytes read=1018555
		FILE: Number of bytes written=53041479
		FILE: Number of read operations=0
		FILE: Number of large read operations=0
		FILE: Number of write operations=0
	Map-Reduce Framework
		Combine input records=0
		Combine output records=0
		Reduce input groups=2
		Reduce shuffle bytes=42
		Reduce input records=2
		Reduce output records=0
		Spilled Records=2
		Shuffled Maps =1
		Failed Shuffles=0
		Merged Map outputs=1
		GC time elapsed (ms)=0
		Total committed heap usage (bytes)=1350041600
	HIVE
		CREATED_FILES=1
		RECORDS_OUT_1_default.acidtbl=2
		RECORDS_OUT_INTERMEDIATE=0
		RECORDS_OUT_OPERATOR_FS_6=2
		RECORDS_OUT_OPERATOR_SEL_5=2
		TOTAL_TABLE_ROWS_WRITTEN=2
	Shuffle Errors
		BAD_ID=0
		CONNECTION=0
		IO_ERROR=0
		WRONG_LENGTH=0
		WRONG_MAP=0
		WRONG_REDUCE=0
	File Output Format Counters 
		Bytes Written=0
2024-04-24T01:19:00,532  INFO [pool-197-thread-1] mapred.LocalJobRunner: Finishing task: attempt_local1042325547_0045_r_000000_0
2024-04-24T01:19:00,532  INFO [pool-197-thread-1] mapred.LocalJobRunner: Starting task: attempt_local1042325547_0045_r_000001_0
2024-04-24T01:19:00,533  INFO [pool-197-thread-1] mapred.Task:  Using ResourceCalculatorProcessTree : [ ]
2024-04-24T01:19:00,533  INFO [pool-197-thread-1] mapred.ReduceTask: Using ShuffleConsumerPlugin: org.apache.hadoop.mapreduce.task.reduce.Shuffle@2d3a9a69
2024-04-24T01:19:00,533  WARN [pool-197-thread-1] impl.MetricsSystemImpl: JobTracker metrics system already initialized!
2024-04-24T01:19:00,534  INFO [pool-197-thread-1] reduce.MergeManagerImpl: MergerManager: memoryLimit=1336252800, maxSingleShuffleLimit=334063200, mergeThreshold=881926912, ioSortFactor=10, memToMemMergeOutputsThreshold=10
2024-04-24T01:19:00,535  INFO [EventFetcher for fetching Map Completion Events] reduce.EventFetcher: attempt_local1042325547_0045_r_000001_0 Thread started: EventFetcher for fetching Map Completion Events
2024-04-24T01:19:00,542  INFO [localfetcher#28] reduce.LocalFetcher: localfetcher#28 about to shuffle output of map attempt_local1042325547_0045_m_000000_0 decomp: 56 len: 60 to MEMORY
2024-04-24T01:19:00,542  INFO [localfetcher#28] reduce.InMemoryMapOutput: Read 56 bytes from map-output for attempt_local1042325547_0045_m_000000_0
2024-04-24T01:19:00,542  INFO [localfetcher#28] reduce.MergeManagerImpl: closeInMemoryFile -> map-output of size: 56, inMemoryMapOutputs.size() -> 1, commitMemory -> 0, usedMemory ->56
2024-04-24T01:19:00,543  INFO [EventFetcher for fetching Map Completion Events] reduce.EventFetcher: EventFetcher is interrupted.. Returning
2024-04-24T01:19:00,544  INFO [pool-197-thread-1] mapred.LocalJobRunner: 1 / 1 copied.
2024-04-24T01:19:00,544  INFO [pool-197-thread-1] reduce.MergeManagerImpl: finalMerge called with 1 in-memory map-outputs and 0 on-disk map-outputs
2024-04-24T01:19:00,554  INFO [pool-197-thread-1] mapred.Merger: Merging 1 sorted segments
2024-04-24T01:19:00,554  INFO [pool-197-thread-1] mapred.Merger: Down to the last merge-pass, with 1 segments left of total size: 44 bytes
2024-04-24T01:19:00,557  INFO [pool-197-thread-1] reduce.MergeManagerImpl: Merged 1 segments, 56 bytes to disk to satisfy reduce memory limit
2024-04-24T01:19:00,557  INFO [pool-197-thread-1] reduce.MergeManagerImpl: Merging 1 files, 60 bytes from disk
2024-04-24T01:19:00,557  INFO [pool-197-thread-1] reduce.MergeManagerImpl: Merging 0 segments, 0 bytes from memory into reduce
2024-04-24T01:19:00,557  INFO [pool-197-thread-1] mapred.Merger: Merging 1 sorted segments
2024-04-24T01:19:00,558  INFO [pool-197-thread-1] mapred.Merger: Down to the last merge-pass, with 1 segments left of total size: 44 bytes
2024-04-24T01:19:00,558  INFO [pool-197-thread-1] mapred.LocalJobRunner: 1 / 1 copied.
2024-04-24T01:19:00,558  INFO [pool-197-thread-1] exec.SerializationUtilities: Deserializing ReduceWork using kryo
2024-04-24T01:19:00,559  INFO [pool-197-thread-1] exec.Utilities: Deserialized plan (via FILE) - name: null size: 5,99KB
2024-04-24T01:19:00,560  INFO [pool-197-thread-1] ExecReducer: 
<SEL>Id =5
  <Children>
    <FS>Id =6
      <Children>
      <\Children>
      <Parent>Id = 5 null<\Parent>
    <\FS>
  <\Children>
  <Parent><\Parent>
<\SEL>
2024-04-24T01:19:00,560  INFO [pool-197-thread-1] exec.SelectOperator: Initializing Operator: SEL[5]
2024-04-24T01:19:00,560  INFO [pool-197-thread-1] exec.SelectOperator: SELECT struct<key:struct<reducesinkkey0:int>,value:struct<_col0:int>>
2024-04-24T01:19:00,560  INFO [pool-197-thread-1] exec.FileSinkOperator: Initializing Operator: FS[6]
2024-04-24T01:19:00,561  INFO [pool-197-thread-1] exec.FileSinkOperator: Using serializer : AbstractSerDe [log=org.apache.logging.slf4j.Log4jLogger@48b320a7, configuration=Optional[Configuration: core-default.xml, core-site.xml, mapred-default.xml, mapred-site.xml, yarn-default.xml, yarn-site.xml, hdfs-default.xml, hdfs-site.xml, file:/home/alex/Repositories/hive/ql/target/tmp/TestTxnNoBuckets/mapred/local/localRunner/alex/job_local1042325547_0045/job_local1042325547_0045.xml], properties={transactional_properties=default, name=default.acidtbl, transactional=true, columns.types=int:int, bucket_field_name=a, columns=a,b, numFilesErasureCoded=0, columns.comments=&amp#0;, bucketing_version=2, bucket_count=2, serialization.lib=org.apache.hadoop.hive.ql.io.orc.OrcSerde, file.inputformat=org.apache.hadoop.hive.ql.io.orc.OrcInputFormat, file.outputformat=org.apache.hadoop.hive.ql.io.orc.OrcOutputFormat, location=file:/home/alex/Repositories/hive/ql/target/tmp/org.apache.hadoop.hive.ql.TestTxnNoBuckets-1713946626176/warehouse/acidtbl, column.name.delimiter=,}, tableProperties={transactional_properties=default, name=default.acidtbl, transactional=true, columns.types=int:int, bucket_field_name=a, columns=a,b, numFilesErasureCoded=0, columns.comments=&amp#0;, bucketing_version=2, bucket_count=2, serialization.lib=org.apache.hadoop.hive.ql.io.orc.OrcSerde, file.inputformat=org.apache.hadoop.hive.ql.io.orc.OrcInputFormat, location=file:/home/alex/Repositories/hive/ql/target/tmp/org.apache.hadoop.hive.ql.TestTxnNoBuckets-1713946626176/warehouse/acidtbl, file.outputformat=org.apache.hadoop.hive.ql.io.orc.OrcOutputFormat, column.name.delimiter=,}, partitionProperties=Optional.empty, columnNames=[a, b], columnTypes=[int, int], getClass()=class org.apache.hadoop.hive.ql.io.orc.OrcSerde] and formatter : org.apache.hadoop.hive.ql.io.orc.OrcOutputFormat@369506e
2024-04-24T01:19:00,561  INFO [pool-197-thread-1] exec.FileSinkOperator: Final Path: FS file:/home/alex/Repositories/hive/ql/target/tmp/org.apache.hadoop.hive.ql.TestTxnNoBuckets-1713946626176/warehouse/acidtbl
2024-04-24T01:19:00,561  INFO [pool-197-thread-1] exec.FileSinkOperator: New Final Path: FS file:/home/alex/Repositories/hive/ql/target/tmp/org.apache.hadoop.hive.ql.TestTxnNoBuckets-1713946626176/warehouse/acidtbl
2024-04-24T01:19:00,562  INFO [pool-197-thread-1] common.FileUtils: Creating directory if it doesn't exist: file:/home/alex/Repositories/hive/ql/target/tmp/org.apache.hadoop.hive.ql.TestTxnNoBuckets-1713946626176/warehouse
2024-04-24T01:19:00,562  INFO [pool-197-thread-1] exec.FileSinkOperator: FS[6]: records written - 1
2024-04-24T01:19:00,562  INFO [pool-197-thread-1] impl.PhysicalFsWriter: ORC writer created for path: file:/home/alex/Repositories/hive/ql/target/tmp/org.apache.hadoop.hive.ql.TestTxnNoBuckets-1713946626176/warehouse/acidtbl/delta_0000001_0000001_0000/bucket_00001_0 with stripeSize: 8388608 blockSize: 268435456 compression: Compress: ZLIB buffer: 32768
2024-04-24T01:19:00,568  INFO [pool-197-thread-1] impl.WriterImpl: ORC writer created for path: file:/home/alex/Repositories/hive/ql/target/tmp/org.apache.hadoop.hive.ql.TestTxnNoBuckets-1713946626176/warehouse/acidtbl/delta_0000001_0000001_0000/bucket_00001_0 with stripeSize: 8388608 options: Compress: ZLIB buffer: 32768
2024-04-24T01:19:00,568  INFO [pool-197-thread-1] exec.SelectOperator: Closing Operator: SEL[5]
2024-04-24T01:19:00,568  INFO [pool-197-thread-1] exec.SelectOperator: RECORDS_OUT_OPERATOR_SEL_5:3, RECORDS_OUT_INTERMEDIATE:0, 
2024-04-24T01:19:00,568  INFO [pool-197-thread-1] exec.FileSinkOperator: Closing Operator: FS[6]
2024-04-24T01:19:00,568  INFO [pool-197-thread-1] exec.FileSinkOperator: FS[6]: records written - 3
2024-04-24T01:19:00,570  INFO [pool-197-thread-1] FileOperations: Writing manifest to file:/home/alex/Repositories/hive/ql/target/tmp/org.apache.hadoop.hive.ql.TestTxnNoBuckets-1713946626176/warehouse/acidtbl/_tmp.delta_0000001_0000001_0000/000001_0.manifest with [file:/home/alex/Repositories/hive/ql/target/tmp/org.apache.hadoop.hive.ql.TestTxnNoBuckets-1713946626176/warehouse/acidtbl/delta_0000001_0000001_0000/bucket_00001_0]
2024-04-24T01:19:00,583  INFO [pool-197-thread-1] exec.FileSinkOperator: RECORDS_OUT_1_default.acidtbl:3, RECORDS_OUT_OPERATOR_FS_6:3, RECORDS_OUT_INTERMEDIATE:0, TOTAL_TABLE_ROWS_WRITTEN:3, 
2024-04-24T01:19:00,583  INFO [pool-197-thread-1] mapred.Task: Task:attempt_local1042325547_0045_r_000001_0 is done. And is in the process of committing
2024-04-24T01:19:00,583  INFO [pool-197-thread-1] mapred.LocalJobRunner: reduce > reduce
2024-04-24T01:19:00,584  INFO [pool-197-thread-1] mapred.Task: Task 'attempt_local1042325547_0045_r_000001_0' done.
2024-04-24T01:19:00,584  INFO [pool-197-thread-1] mapred.Task: Final Counters for attempt_local1042325547_0045_r_000001_0: Counters: 30
	File System Counters
		FILE: Number of bytes read=1024776
		FILE: Number of bytes written=53042575
		FILE: Number of read operations=0
		FILE: Number of large read operations=0
		FILE: Number of write operations=0
	Map-Reduce Framework
		Combine input records=0
		Combine output records=0
		Reduce input groups=3
		Reduce shuffle bytes=60
		Reduce input records=3
		Reduce output records=0
		Spilled Records=3
		Shuffled Maps =1
		Failed Shuffles=0
		Merged Map outputs=1
		GC time elapsed (ms)=0
		Total committed heap usage (bytes)=1350041600
	HIVE
		CREATED_FILES=1
		RECORDS_OUT_1_default.acidtbl=3
		RECORDS_OUT_INTERMEDIATE=0
		RECORDS_OUT_OPERATOR_FS_6=3
		RECORDS_OUT_OPERATOR_SEL_5=3
		TOTAL_TABLE_ROWS_WRITTEN=3
	Shuffle Errors
		BAD_ID=0
		CONNECTION=0
		IO_ERROR=0
		WRONG_LENGTH=0
		WRONG_MAP=0
		WRONG_REDUCE=0
	File Output Format Counters 
		Bytes Written=0
2024-04-24T01:19:00,584  INFO [pool-197-thread-1] mapred.LocalJobRunner: Finishing task: attempt_local1042325547_0045_r_000001_0
2024-04-24T01:19:00,584  INFO [Thread-2958] mapred.LocalJobRunner: reduce task executor complete.
2024-04-24 01:19:01,410 Stage-1 map = 100%,  reduce = 100%
2024-04-24T01:19:01,410  INFO [main] exec.Task: 2024-04-24 01:19:01,410 Stage-1 map = 100%,  reduce = 100%
Ended Job = job_local1042325547_0045
2024-04-24T01:19:01,411  INFO [main] exec.Task: Ended Job = job_local1042325547_0045
2024-04-24T01:19:01,412  INFO [main] FileOperations: Found manifest file file:/home/alex/Repositories/hive/ql/target/tmp/org.apache.hadoop.hive.ql.TestTxnNoBuckets-1713946626176/warehouse/acidtbl/_tmp.delta_0000001_0000001_0000/000001_0.manifest with attemptId 0.
2024-04-24T01:19:01,412  INFO [main] FileOperations: Found manifest file file:/home/alex/Repositories/hive/ql/target/tmp/org.apache.hadoop.hive.ql.TestTxnNoBuckets-1713946626176/warehouse/acidtbl/_tmp.delta_0000001_0000001_0000/000000_0.manifest with attemptId 0.
2024-04-24T01:19:01,412  INFO [main] FileOperations: Looking at manifest file: file:/home/alex/Repositories/hive/ql/target/tmp/org.apache.hadoop.hive.ql.TestTxnNoBuckets-1713946626176/warehouse/acidtbl/_tmp.delta_0000001_0000001_0000/000000_0.manifest
2024-04-24T01:19:01,412  INFO [main] FileOperations: Looking at manifest file: file:/home/alex/Repositories/hive/ql/target/tmp/org.apache.hadoop.hive.ql.TestTxnNoBuckets-1713946626176/warehouse/acidtbl/_tmp.delta_0000001_0000001_0000/000001_0.manifest
2024-04-24T01:19:01,412  INFO [main] FileOperations: Deleting manifest directory file:/home/alex/Repositories/hive/ql/target/tmp/org.apache.hadoop.hive.ql.TestTxnNoBuckets-1713946626176/warehouse/acidtbl/_tmp.delta_0000001_0000001_0000
2024-04-24T01:19:01,413  INFO [main] ql.Driver: Starting task [Stage-0:MOVE] in serial mode
Loading data to table default.acidtbl
2024-04-24T01:19:01,414  INFO [main] exec.Task: Loading data to table default.acidtbl from file:/home/alex/Repositories/hive/ql/target/tmp/org.apache.hadoop.hive.ql.TestTxnNoBuckets-1713946626176/warehouse/acidtbl
2024-04-24T01:19:01,414  INFO [main] HiveMetaStore.audit: ugi=alex	ip=unknown-ip-addr	cmd=get_table : tbl=hive.default.acidtbl	
2024-04-24T01:19:01,421  INFO [main] metastore.HMSHandler: Skipping translation for processor with null
2024-04-24T01:19:01,421  INFO [main] HiveMetaStore.audit: ugi=alex	ip=unknown-ip-addr	cmd=get_table : tbl=hive.default.acidtbl	
2024-04-24T01:19:01,427  INFO [main] metastore.HMSHandler: Skipping translation for processor with null
2024-04-24T01:19:01,428  INFO [main] HiveMetaStore.audit: ugi=alex	ip=unknown-ip-addr	cmd=alter_table: hive.default.acidtbl newtbl=acidtbl	
2024-04-24T01:19:01,463  INFO [main] ql.Driver: Starting task [Stage-2:STATS] in serial mode
2024-04-24T01:19:01,463  INFO [main] HiveMetaStore.audit: ugi=alex	ip=unknown-ip-addr	cmd=get_table : tbl=hive.default.acidtbl	
2024-04-24T01:19:01,469  INFO [main] metastore.HMSHandler: Skipping translation for processor with null
2024-04-24T01:19:01,469  INFO [main] stats.BasicStatsTask: Executing stats task
2024-04-24T01:19:01,470  INFO [main] fs.FSStatsPublisher: created : file:/home/alex/Repositories/hive/ql/target/tmp/localscratchdir/e00dbb5c-6c74-4674-b714-4428495d65b6/hive_2024-04-24_01-18-59_872_2484711655334070832-1/-mr-10000
2024-04-24T01:19:01,471  INFO [main] HiveMetaStore.audit: ugi=alex	ip=unknown-ip-addr	cmd=get_table : tbl=hive.default.acidtbl	
2024-04-24T01:19:01,479  INFO [main] metastore.HMSHandler: Skipping translation for processor with null
2024-04-24T01:19:01,491  WARN [main] FileOperations: Computing stats for an ACID table; stats may be inaccurate
2024-04-24T01:19:01,491  INFO [main] FileOperations: Read stats for default.acidtbl/, numRows, true, 5, false: 
2024-04-24T01:19:01,491  INFO [main] FileOperations: Read stats for default.acidtbl/, rawDataSize, true, 0, false: 
2024-04-24T01:19:01,492  INFO [main] HiveMetaStore.audit: ugi=alex	ip=unknown-ip-addr	cmd=alter_table: hive.default.acidtbl newtbl=acidtbl	
2024-04-24T01:19:01,513  INFO [main] FileOperations: Read stats for default.acidtbl/, insertCount, true, 5, false: 
2024-04-24T01:19:01,513  INFO [main] FileOperations: Read stats for default.acidtbl/, updateCount, true, 0, false: 
2024-04-24T01:19:01,513  INFO [main] FileOperations: Read stats for default.acidtbl/, deleteCount, true, 0, false: 
2024-04-24T01:19:01,516  INFO [main] stats.BasicStatsTask: Table default.acidtbl stats: [numFiles=2, numRows=5, totalSize=1392, rawDataSize=0, numFilesErasureCoded=0]
2024-04-24T01:19:01,516  INFO [main] metadata.Hive: Dumping metastore api call timing information for : execution phase
2024-04-24T01:19:01,517  INFO [main] metadata.Hive: Total time spent in each metastore function (ms): {updateTransactionalStatistics_(UpdateTransactionalStatsRequest)=3, alter_table_(String, String, String, Table, EnvironmentContext, String)=55, getTable_(GetTableRequest)=27, isCompatibleWith_(Configuration)=0}
MapReduce Jobs Launched: 
2024-04-24T01:19:01,517  INFO [main] ql.Driver: MapReduce Jobs Launched: 
Stage-Stage-1:  HDFS Read: 0 HDFS Write: 0 SUCCESS
2024-04-24T01:19:01,517  INFO [main] ql.Driver: Stage-Stage-1:  HDFS Read: 0 HDFS Write: 0 SUCCESS
Total MapReduce CPU Time Spent: 0 msec
2024-04-24T01:19:01,517  INFO [main] ql.Driver: Total MapReduce CPU Time Spent: 0 msec
2024-04-24T01:19:01,517  INFO [main] ql.Driver: Completed executing command(queryId=alex_20240424011859_2c2c3c7d-eff6-4e45-822f-b62ad37a46a0); Time taken: 1.42 seconds
2024-04-24T01:19:01,517  INFO [main] lockmgr.DbTxnManager: Stopped heartbeat for query: alex_20240424011859_2c2c3c7d-eff6-4e45-822f-b62ad37a46a0
2024-04-24T01:19:01,527  INFO [main] txn.TxnHandler: Removed transactions: ([13]) from MIN_HISTORY_LEVEL
2024-04-24T01:19:01,528  WARN [main] txn.CompactionTxnHandler: No compaction queue record found for Compaction type transaction commit. txnId:13
2024-04-24T01:19:01,529  INFO [main] ql.TxnCommandsBaseForTests: Running the query: drop table if exists T
2024-04-24T01:19:01,529  INFO [main] ql.Context: Deleting scratch dir: file:/home/alex/Repositories/hive/ql/target/tmp/localscratchdir/e00dbb5c-6c74-4674-b714-4428495d65b6/hive_2024-04-24_01-18-59_872_2484711655334070832-1
2024-04-24T01:19:01,529  INFO [main] cleanup.SyncCleanupService: Deleted directory: file:/home/alex/Repositories/hive/ql/target/tmp/localscratchdir/e00dbb5c-6c74-4674-b714-4428495d65b6/hive_2024-04-24_01-18-59_872_2484711655334070832-1 on fs with scheme file
2024-04-24T01:19:01,530  INFO [main] ql.Driver: Compiling command(queryId=alex_20240424011859_2c2c3c7d-eff6-4e45-822f-b62ad37a46a0): drop table if exists T
2024-04-24T01:19:01,532  INFO [main] txn.TxnHandler: Added entries to MIN_HISTORY_LEVEL for current txns: ([14]) with min_open_txn: 14
2024-04-24T01:19:01,532  INFO [main] lockmgr.DbTxnManager: Opened txnid:14
2024-04-24T01:19:01,532  INFO [main] HiveMetaStore.audit: ugi=alex	ip=unknown-ip-addr	cmd=get_table : tbl=hive.default.T	
2024-04-24T01:19:01,539  INFO [main] metastore.HMSHandler: Skipping translation for processor with null
2024-04-24T01:19:01,539  INFO [main] ql.Driver: Semantic Analysis Completed (retrial = false)
2024-04-24T01:19:01,539  INFO [main] ql.Driver: Created Hive schema: Schema(fieldSchemas:null, properties:null)
2024-04-24T01:19:01,539  INFO [main] metadata.Hive: Dumping metastore api call timing information for : compilation phase
2024-04-24T01:19:01,539  INFO [main] metadata.Hive: Total time spent in each metastore function (ms): {openTxn_(String, TxnType)=2, commitTxn_(CommitTxnRequest)=11, flushCache_()=0, getTable_(GetTableRequest)=7, getValidTxns_(long)=0, isCompatibleWith_(Configuration)=0}
2024-04-24T01:19:01,540  INFO [main] ql.Driver: Completed compiling command(queryId=alex_20240424011859_2c2c3c7d-eff6-4e45-822f-b62ad37a46a0); Time taken: 0.009 seconds
2024-04-24T01:19:01,540  INFO [main] lockmgr.DbTxnManager: Setting lock request transaction to txnid:14 for queryId=alex_20240424011859_2c2c3c7d-eff6-4e45-822f-b62ad37a46a0
2024-04-24T01:19:01,540  INFO [main] lockmgr.DbLockManager: Requesting lock for queryId=alex_20240424011859_2c2c3c7d-eff6-4e45-822f-b62ad37a46a0
2024-04-24T01:19:01,553  INFO [main] lockmgr.DbLockManager: Response to queryId=alex_20240424011859_2c2c3c7d-eff6-4e45-822f-b62ad37a46a0 LockResponse(lockid:8, state:ACQUIRED)
2024-04-24T01:19:01,553  INFO [main] ql.Driver: Operation DROPTABLE obtained 1 locks
2024-04-24T01:19:01,553  INFO [main] ql.Driver: Executing command(queryId=alex_20240424011859_2c2c3c7d-eff6-4e45-822f-b62ad37a46a0): drop table if exists T
2024-04-24T01:19:01,553  INFO [main] ql.Driver: Starting task [Stage-0:DDL] in serial mode
2024-04-24T01:19:01,554  INFO [main] HiveMetaStore.audit: ugi=alex	ip=unknown-ip-addr	cmd=get_table : tbl=hive.default.T	
2024-04-24T01:19:01,561  INFO [main] metastore.HMSHandler: Skipping translation for processor with null
2024-04-24T01:19:01,561  INFO [main] HiveMetaStore.audit: ugi=alex	ip=unknown-ip-addr	cmd=get_table : tbl=hive.default.T	
2024-04-24T01:19:01,570  INFO [main] metastore.HMSHandler: Skipping translation for processor with null
2024-04-24T01:19:01,570  INFO [main] HiveMetaStore.audit: ugi=alex	ip=unknown-ip-addr	cmd=drop_table : tbl=hive.default.T	
2024-04-24T01:19:01,679  INFO [Heartbeater-1] lockmgr.DbTxnManager: Sending heartbeat for txnid:14 and lockid:0 queryId=null txnid:0
2024-04-24T01:19:01,680  INFO [Heartbeater-1] metastore.HiveMetaStoreClient: HMS client filtering is enabled.
2024-04-24T01:19:01,681  INFO [Heartbeater-1] metastore.HMSHandler: 13: Opening raw store with implementation class:org.apache.hadoop.hive.metastore.ObjectStore
2024-04-24T01:19:01,681  INFO [Heartbeater-1] metastore.PersistenceManagerProvider: Configuration datanucleus.autoStartMechanismMode is not set. Defaulting to 'ignored'
2024-04-24T01:19:01,682  INFO [Heartbeater-1] metastore.ObjectStore: RawStore: org.apache.hadoop.hive.metastore.ObjectStore@50011a02, with PersistenceManager: null will be shutdown
2024-04-24T01:19:01,682  INFO [Heartbeater-1] metastore.ObjectStore: RawStore: org.apache.hadoop.hive.metastore.ObjectStore@50011a02, with PersistenceManager: org.datanucleus.api.jdo.JDOPersistenceManager@7fd6f78c created in the thread with id: 51
2024-04-24T01:19:01,712  WARN [main] utils.FileUtils: File file:/home/alex/Repositories/hive/ql/target/tmp/org.apache.hadoop.hive.ql.TestTxnNoBuckets-1713946626176/warehouse/t does not exist; Force to delete it.
2024-04-24T01:19:01,712 ERROR [main] utils.FileUtils: Failed to delete file:/home/alex/Repositories/hive/ql/target/tmp/org.apache.hadoop.hive.ql.TestTxnNoBuckets-1713946626176/warehouse/t
2024-04-24T01:19:01,713  INFO [main] metadata.Hive: Dumping metastore api call timing information for : execution phase
2024-04-24T01:19:01,713  INFO [main] metadata.Hive: Total time spent in each metastore function (ms): {getTable_(GetTableRequest)=7, isCompatibleWith_(Configuration)=0, dropTable_(String, String, boolean, boolean, boolean)=151}
2024-04-24T01:19:01,714  INFO [main] ql.Driver: Completed executing command(queryId=alex_20240424011859_2c2c3c7d-eff6-4e45-822f-b62ad37a46a0); Time taken: 0.159 seconds
2024-04-24T01:19:01,714  INFO [main] lockmgr.DbTxnManager: Stopped heartbeat for query: alex_20240424011859_2c2c3c7d-eff6-4e45-822f-b62ad37a46a0
2024-04-24T01:19:01,719  INFO [main] txn.TxnHandler: Expected to move at least one record from txn_components to completed_txn_components when committing txn! txnid:14
2024-04-24T01:19:01,731  INFO [main] txn.TxnHandler: Removed transactions: ([14]) from MIN_HISTORY_LEVEL
2024-04-24T01:19:01,731  WARN [main] txn.CompactionTxnHandler: No compaction queue record found for Compaction type transaction commit. txnId:14
2024-04-24T01:19:01,732  INFO [main] ql.TxnCommandsBaseForTests: Running the query: create table T (a int, b int) stored as ORC  TBLPROPERTIES ('transactional'='false')
2024-04-24T01:19:01,732  INFO [main] ql.Driver: Compiling command(queryId=alex_20240424011859_2c2c3c7d-eff6-4e45-822f-b62ad37a46a0): create table T (a int, b int) stored as ORC  TBLPROPERTIES ('transactional'='false')
2024-04-24T01:19:01,750  INFO [main] txn.TxnHandler: Added entries to MIN_HISTORY_LEVEL for current txns: ([15]) with min_open_txn: 14
2024-04-24T01:19:01,750  INFO [main] lockmgr.DbTxnManager: Opened txnid:15
2024-04-24T01:19:01,753  INFO [main] parse.CalcitePlanner: Starting caching scope for: alex_20240424011859_2c2c3c7d-eff6-4e45-822f-b62ad37a46a0
2024-04-24T01:19:01,753  INFO [main] parse.CalcitePlanner: Starting Semantic Analysis
2024-04-24T01:19:01,753  WARN [Heartbeater-1] pool.ProxyConnection: HikariPool-3 - Connection org.apache.derby.impl.jdbc.EmbedConnection@1839801388 (XID = 1166), (SESSIONID = 21), (DATABASE = memory:/home/alex/Repositories/hive/ql/target/tmp/junit_metastore_db), (DRDAID = null)  marked as broken because of SQLSTATE(08000), ErrorCode(40000)
java.sql.SQLNonTransientConnectionException: Connection closed by unknown interrupt.
	at org.apache.derby.impl.jdbc.SQLExceptionFactory.getSQLException(Unknown Source) ~[derby-10.14.1.0.jar:?]
	at org.apache.derby.impl.jdbc.Util.generateCsSQLException(Unknown Source) ~[derby-10.14.1.0.jar:?]
	at org.apache.derby.impl.jdbc.TransactionResourceImpl.wrapInSQLException(Unknown Source) ~[derby-10.14.1.0.jar:?]
	at org.apache.derby.impl.jdbc.TransactionResourceImpl.handleException(Unknown Source) ~[derby-10.14.1.0.jar:?]
	at org.apache.derby.impl.jdbc.EmbedConnection.handleException(Unknown Source) ~[derby-10.14.1.0.jar:?]
	at org.apache.derby.impl.jdbc.ConnectionChild.handleException(Unknown Source) ~[derby-10.14.1.0.jar:?]
	at org.apache.derby.impl.jdbc.EmbedStatement.executeStatement(Unknown Source) ~[derby-10.14.1.0.jar:?]
	at org.apache.derby.impl.jdbc.EmbedPreparedStatement.executeStatement(Unknown Source) ~[derby-10.14.1.0.jar:?]
	at org.apache.derby.impl.jdbc.EmbedPreparedStatement.executeQuery(Unknown Source) ~[derby-10.14.1.0.jar:?]
	at com.zaxxer.hikari.pool.ProxyPreparedStatement.executeQuery(ProxyPreparedStatement.java:52) ~[HikariCP-2.6.1.jar:?]
	at com.zaxxer.hikari.pool.HikariProxyPreparedStatement.executeQuery(HikariProxyPreparedStatement.java) ~[HikariCP-2.6.1.jar:?]
	at org.datanucleus.store.rdbms.ParamLoggingPreparedStatement.executeQuery(ParamLoggingPreparedStatement.java:375) ~[datanucleus-rdbms-5.2.4.jar:?]
	at org.datanucleus.store.rdbms.SQLController.executeStatementQuery(SQLController.java:553) ~[datanucleus-rdbms-5.2.4.jar:?]
	at org.datanucleus.store.rdbms.query.JDOQLQuery.performExecute(JDOQLQuery.java:637) ~[datanucleus-rdbms-5.2.4.jar:?]
	at org.datanucleus.store.query.Query.executeQuery(Query.java:1975) ~[datanucleus-core-5.2.4.jar:?]
	at org.datanucleus.store.query.Query.executeWithArray(Query.java:1864) ~[datanucleus-core-5.2.4.jar:?]
	at org.datanucleus.store.query.Query.execute(Query.java:1846) ~[datanucleus-core-5.2.4.jar:?]
	at org.datanucleus.api.jdo.JDOQuery.executeInternal(JDOQuery.java:439) ~[datanucleus-api-jdo-5.2.4.jar:?]
	at org.datanucleus.api.jdo.JDOQuery.execute(JDOQuery.java:263) ~[datanucleus-api-jdo-5.2.4.jar:?]
	at org.apache.hadoop.hive.metastore.MetaStoreDirectSql.ensureDbInit(MetaStoreDirectSql.java:293) ~[classes/:?]
	at org.apache.hadoop.hive.metastore.MetaStoreDirectSql.<init>(MetaStoreDirectSql.java:214) ~[classes/:?]
	at org.apache.hadoop.hive.metastore.ObjectStore.initialize(ObjectStore.java:415) ~[classes/:?]
	at org.apache.hadoop.hive.metastore.ObjectStore.setConf(ObjectStore.java:370) ~[classes/:?]
	at org.apache.hadoop.util.ReflectionUtils.setConf(ReflectionUtils.java:77) ~[hadoop-common-3.1.0.jar:?]
	at org.apache.hadoop.util.ReflectionUtils.newInstance(ReflectionUtils.java:137) ~[hadoop-common-3.1.0.jar:?]
	at org.apache.hadoop.hive.metastore.RawStoreProxy.<init>(RawStoreProxy.java:59) ~[classes/:?]
	at org.apache.hadoop.hive.metastore.RawStoreProxy.getProxy(RawStoreProxy.java:67) ~[classes/:?]
	at org.apache.hadoop.hive.metastore.HMSHandler.newRawStoreForConf(HMSHandler.java:727) ~[classes/:?]
	at org.apache.hadoop.hive.metastore.HMSHandler.getMSForConf(HMSHandler.java:695) ~[classes/:?]
	at org.apache.hadoop.hive.metastore.HMSHandler.getMS(HMSHandler.java:689) ~[classes/:?]
	at org.apache.hadoop.hive.metastore.HMSHandler.init(HMSHandler.java:499) ~[classes/:?]
	at sun.reflect.NativeMethodAccessorImpl.invoke0(Native Method) ~[?:1.8.0_402]
	at sun.reflect.NativeMethodAccessorImpl.invoke(NativeMethodAccessorImpl.java:62) ~[?:1.8.0_402]
	at sun.reflect.DelegatingMethodAccessorImpl.invoke(DelegatingMethodAccessorImpl.java:43) ~[?:1.8.0_402]
	at java.lang.reflect.Method.invoke(Method.java:498) ~[?:1.8.0_402]
	at org.apache.hadoop.hive.metastore.RetryingHMSHandler.invokeInternal(RetryingHMSHandler.java:147) ~[classes/:?]
	at org.apache.hadoop.hive.metastore.RetryingHMSHandler.invoke(RetryingHMSHandler.java:108) ~[classes/:?]
	at org.apache.hadoop.hive.metastore.RetryingHMSHandler.<init>(RetryingHMSHandler.java:80) ~[classes/:?]
	at org.apache.hadoop.hive.metastore.RetryingHMSHandler.getProxy(RetryingHMSHandler.java:93) ~[classes/:?]
	at org.apache.hadoop.hive.metastore.HiveMetaStore.newRetryingHMSHandler(HiveMetaStore.java:133) ~[classes/:?]
	at sun.reflect.NativeMethodAccessorImpl.invoke0(Native Method) ~[?:1.8.0_402]
	at sun.reflect.NativeMethodAccessorImpl.invoke(NativeMethodAccessorImpl.java:62) ~[?:1.8.0_402]
	at sun.reflect.DelegatingMethodAccessorImpl.invoke(DelegatingMethodAccessorImpl.java:43) ~[?:1.8.0_402]
	at java.lang.reflect.Method.invoke(Method.java:498) ~[?:1.8.0_402]
	at org.apache.hadoop.hive.metastore.HiveMetaStoreClient.callEmbeddedMetastore(HiveMetaStoreClient.java:293) ~[classes/:?]
	at org.apache.hadoop.hive.metastore.HiveMetaStoreClient.<init>(HiveMetaStoreClient.java:207) ~[classes/:?]
	at org.apache.hadoop.hive.metastore.HiveMetaStoreClientWithLocalCache.<init>(HiveMetaStoreClientWithLocalCache.java:113) ~[classes/:?]
	at org.apache.hadoop.hive.ql.metadata.SessionHiveMetaStoreClient.<init>(SessionHiveMetaStoreClient.java:155) ~[classes/:?]
	at sun.reflect.NativeConstructorAccessorImpl.newInstance0(Native Method) ~[?:1.8.0_402]
	at sun.reflect.NativeConstructorAccessorImpl.newInstance(NativeConstructorAccessorImpl.java:62) ~[?:1.8.0_402]
	at sun.reflect.DelegatingConstructorAccessorImpl.newInstance(DelegatingConstructorAccessorImpl.java:45) ~[?:1.8.0_402]
	at java.lang.reflect.Constructor.newInstance(Constructor.java:423) ~[?:1.8.0_402]
	at org.apache.hadoop.hive.metastore.utils.JavaUtils.newInstance(JavaUtils.java:84) ~[classes/:?]
	at org.apache.hadoop.hive.metastore.RetryingMetaStoreClient.<init>(RetryingMetaStoreClient.java:101) ~[classes/:?]
	at org.apache.hadoop.hive.metastore.RetryingMetaStoreClient.getProxy(RetryingMetaStoreClient.java:154) ~[classes/:?]
	at org.apache.hadoop.hive.metastore.RetryingMetaStoreClient.getProxy(RetryingMetaStoreClient.java:125) ~[classes/:?]
	at org.apache.hadoop.hive.ql.metadata.Hive.createMetaStoreClient(Hive.java:5466) ~[classes/:?]
	at org.apache.hadoop.hive.ql.metadata.Hive.getMSC(Hive.java:5544) ~[classes/:?]
	at org.apache.hadoop.hive.ql.metadata.Hive.getMSC(Hive.java:5524) ~[classes/:?]
	at org.apache.hadoop.hive.ql.lockmgr.DbTxnManager.getMS(DbTxnManager.java:193) ~[classes/:?]
	at org.apache.hadoop.hive.ql.lockmgr.DbTxnManager.heartbeat(DbTxnManager.java:647) ~[classes/:?]
	at org.apache.hadoop.hive.ql.lockmgr.DbTxnManager$Heartbeater.lambda$run$0(DbTxnManager.java:1101) ~[classes/:?]
	at java.security.AccessController.doPrivileged(Native Method) ~[?:1.8.0_402]
	at javax.security.auth.Subject.doAs(Subject.java:422) [?:1.8.0_402]
	at org.apache.hadoop.security.UserGroupInformation.doAs(UserGroupInformation.java:1682) [hadoop-common-3.1.0.jar:?]
	at org.apache.hadoop.hive.ql.lockmgr.DbTxnManager$Heartbeater.run(DbTxnManager.java:1100) [classes/:?]
	at java.util.concurrent.Executors$RunnableAdapter.call(Executors.java:511) [?:1.8.0_402]
	at java.util.concurrent.FutureTask.runAndReset(FutureTask.java:308) [?:1.8.0_402]
	at java.util.concurrent.ScheduledThreadPoolExecutor$ScheduledFutureTask.access$301(ScheduledThreadPoolExecutor.java:180) [?:1.8.0_402]
	at java.util.concurrent.ScheduledThreadPoolExecutor$ScheduledFutureTask.run(ScheduledThreadPoolExecutor.java:294) [?:1.8.0_402]
	at java.util.concurrent.ThreadPoolExecutor.runWorker(ThreadPoolExecutor.java:1149) [?:1.8.0_402]
	at java.util.concurrent.ThreadPoolExecutor$Worker.run(ThreadPoolExecutor.java:624) [?:1.8.0_402]
	at java.lang.Thread.run(Thread.java:750) [?:1.8.0_402]
Caused by: org.apache.derby.iapi.error.StandardException: Connection closed by unknown interrupt.
	at org.apache.derby.iapi.error.StandardException.newException(Unknown Source) ~[derby-10.14.1.0.jar:?]
	at org.apache.derby.iapi.error.StandardException.newException(Unknown Source) ~[derby-10.14.1.0.jar:?]
	at org.apache.derby.iapi.util.InterruptStatus.setInterrupted(Unknown Source) ~[derby-10.14.1.0.jar:?]
	at org.apache.derby.iapi.util.InterruptStatus.throwIf(Unknown Source) ~[derby-10.14.1.0.jar:?]
	at org.apache.derby.impl.sql.execute.BasicNoPutResultSetImpl.checkCancellationFlag(Unknown Source) ~[derby-10.14.1.0.jar:?]
	at org.apache.derby.impl.sql.execute.BulkTableScanResultSet.getNextRowCore(Unknown Source) ~[derby-10.14.1.0.jar:?]
	at org.apache.derby.impl.sql.execute.JoinResultSet.openCore(Unknown Source) ~[derby-10.14.1.0.jar:?]
	at org.apache.derby.impl.sql.execute.ProjectRestrictResultSet.openCore(Unknown Source) ~[derby-10.14.1.0.jar:?]
	at org.apache.derby.impl.sql.execute.BasicNoPutResultSetImpl.open(Unknown Source) ~[derby-10.14.1.0.jar:?]
	at org.apache.derby.impl.sql.GenericPreparedStatement.executeStmt(Unknown Source) ~[derby-10.14.1.0.jar:?]
	at org.apache.derby.impl.sql.GenericPreparedStatement.execute(Unknown Source) ~[derby-10.14.1.0.jar:?]
	... 67 more
2024-04-24T01:19:01,759  WARN [Heartbeater-1] metastore.MetaStoreDirectSql: Database initialization failed; direct SQL is disabled
javax.jdo.JDOException: Exception thrown when executing query : SELECT 'org.apache.hadoop.hive.metastore.model.MConstraint' AS DN_TYPE,A0.CHILD_INTEGER_IDX,A0."CONSTRAINT_NAME",A0.CONSTRAINT_TYPE,A0.DEFAULT_VALUE,A0.DELETE_RULE,A0.ENABLE_VALIDATE_RELY,A0.PARENT_INTEGER_IDX,B0.CREATE_TIME,B0.TBL_ID,B0.LAST_ACCESS_TIME,B0.OWNER,B0.OWNER_TYPE,B0.RETENTION,B0.IS_REWRITE_ENABLED,B0.TBL_NAME,B0.TBL_TYPE,B0.WRITE_ID,A0."POSITION",A0.UPDATE_RULE FROM KEY_CONSTRAINTS A0 INNER JOIN TBLS B0 ON A0.PARENT_TBL_ID = B0.TBL_ID WHERE A0.CHILD_INTEGER_IDX < 0
	at org.datanucleus.api.jdo.NucleusJDOHelper.getJDOExceptionForNucleusException(NucleusJDOHelper.java:676) ~[datanucleus-api-jdo-5.2.4.jar:?]
	at org.datanucleus.api.jdo.JDOQuery.executeInternal(JDOQuery.java:456) ~[datanucleus-api-jdo-5.2.4.jar:?]
	at org.datanucleus.api.jdo.JDOQuery.execute(JDOQuery.java:263) ~[datanucleus-api-jdo-5.2.4.jar:?]
	at org.apache.hadoop.hive.metastore.MetaStoreDirectSql.ensureDbInit(MetaStoreDirectSql.java:293) ~[classes/:?]
	at org.apache.hadoop.hive.metastore.MetaStoreDirectSql.<init>(MetaStoreDirectSql.java:214) ~[classes/:?]
	at org.apache.hadoop.hive.metastore.ObjectStore.initialize(ObjectStore.java:415) ~[classes/:?]
	at org.apache.hadoop.hive.metastore.ObjectStore.setConf(ObjectStore.java:370) ~[classes/:?]
	at org.apache.hadoop.util.ReflectionUtils.setConf(ReflectionUtils.java:77) ~[hadoop-common-3.1.0.jar:?]
	at org.apache.hadoop.util.ReflectionUtils.newInstance(ReflectionUtils.java:137) ~[hadoop-common-3.1.0.jar:?]
	at org.apache.hadoop.hive.metastore.RawStoreProxy.<init>(RawStoreProxy.java:59) ~[classes/:?]
	at org.apache.hadoop.hive.metastore.RawStoreProxy.getProxy(RawStoreProxy.java:67) ~[classes/:?]
	at org.apache.hadoop.hive.metastore.HMSHandler.newRawStoreForConf(HMSHandler.java:727) ~[classes/:?]
	at org.apache.hadoop.hive.metastore.HMSHandler.getMSForConf(HMSHandler.java:695) ~[classes/:?]
	at org.apache.hadoop.hive.metastore.HMSHandler.getMS(HMSHandler.java:689) ~[classes/:?]
	at org.apache.hadoop.hive.metastore.HMSHandler.init(HMSHandler.java:499) ~[classes/:?]
	at sun.reflect.NativeMethodAccessorImpl.invoke0(Native Method) ~[?:1.8.0_402]
	at sun.reflect.NativeMethodAccessorImpl.invoke(NativeMethodAccessorImpl.java:62) ~[?:1.8.0_402]
	at sun.reflect.DelegatingMethodAccessorImpl.invoke(DelegatingMethodAccessorImpl.java:43) ~[?:1.8.0_402]
	at java.lang.reflect.Method.invoke(Method.java:498) ~[?:1.8.0_402]
	at org.apache.hadoop.hive.metastore.RetryingHMSHandler.invokeInternal(RetryingHMSHandler.java:147) ~[classes/:?]
	at org.apache.hadoop.hive.metastore.RetryingHMSHandler.invoke(RetryingHMSHandler.java:108) ~[classes/:?]
	at org.apache.hadoop.hive.metastore.RetryingHMSHandler.<init>(RetryingHMSHandler.java:80) ~[classes/:?]
	at org.apache.hadoop.hive.metastore.RetryingHMSHandler.getProxy(RetryingHMSHandler.java:93) ~[classes/:?]
	at org.apache.hadoop.hive.metastore.HiveMetaStore.newRetryingHMSHandler(HiveMetaStore.java:133) ~[classes/:?]
	at sun.reflect.NativeMethodAccessorImpl.invoke0(Native Method) ~[?:1.8.0_402]
	at sun.reflect.NativeMethodAccessorImpl.invoke(NativeMethodAccessorImpl.java:62) ~[?:1.8.0_402]
	at sun.reflect.DelegatingMethodAccessorImpl.invoke(DelegatingMethodAccessorImpl.java:43) ~[?:1.8.0_402]
	at java.lang.reflect.Method.invoke(Method.java:498) ~[?:1.8.0_402]
	at org.apache.hadoop.hive.metastore.HiveMetaStoreClient.callEmbeddedMetastore(HiveMetaStoreClient.java:293) ~[classes/:?]
	at org.apache.hadoop.hive.metastore.HiveMetaStoreClient.<init>(HiveMetaStoreClient.java:207) ~[classes/:?]
	at org.apache.hadoop.hive.metastore.HiveMetaStoreClientWithLocalCache.<init>(HiveMetaStoreClientWithLocalCache.java:113) ~[classes/:?]
	at org.apache.hadoop.hive.ql.metadata.SessionHiveMetaStoreClient.<init>(SessionHiveMetaStoreClient.java:155) ~[classes/:?]
	at sun.reflect.NativeConstructorAccessorImpl.newInstance0(Native Method) ~[?:1.8.0_402]
	at sun.reflect.NativeConstructorAccessorImpl.newInstance(NativeConstructorAccessorImpl.java:62) ~[?:1.8.0_402]
	at sun.reflect.DelegatingConstructorAccessorImpl.newInstance(DelegatingConstructorAccessorImpl.java:45) ~[?:1.8.0_402]
	at java.lang.reflect.Constructor.newInstance(Constructor.java:423) ~[?:1.8.0_402]
	at org.apache.hadoop.hive.metastore.utils.JavaUtils.newInstance(JavaUtils.java:84) ~[classes/:?]
	at org.apache.hadoop.hive.metastore.RetryingMetaStoreClient.<init>(RetryingMetaStoreClient.java:101) ~[classes/:?]
	at org.apache.hadoop.hive.metastore.RetryingMetaStoreClient.getProxy(RetryingMetaStoreClient.java:154) ~[classes/:?]
	at org.apache.hadoop.hive.metastore.RetryingMetaStoreClient.getProxy(RetryingMetaStoreClient.java:125) ~[classes/:?]
	at org.apache.hadoop.hive.ql.metadata.Hive.createMetaStoreClient(Hive.java:5466) ~[classes/:?]
	at org.apache.hadoop.hive.ql.metadata.Hive.getMSC(Hive.java:5544) ~[classes/:?]
	at org.apache.hadoop.hive.ql.metadata.Hive.getMSC(Hive.java:5524) ~[classes/:?]
	at org.apache.hadoop.hive.ql.lockmgr.DbTxnManager.getMS(DbTxnManager.java:193) ~[classes/:?]
	at org.apache.hadoop.hive.ql.lockmgr.DbTxnManager.heartbeat(DbTxnManager.java:647) ~[classes/:?]
	at org.apache.hadoop.hive.ql.lockmgr.DbTxnManager$Heartbeater.lambda$run$0(DbTxnManager.java:1101) ~[classes/:?]
	at java.security.AccessController.doPrivileged(Native Method) ~[?:1.8.0_402]
	at javax.security.auth.Subject.doAs(Subject.java:422) [?:1.8.0_402]
	at org.apache.hadoop.security.UserGroupInformation.doAs(UserGroupInformation.java:1682) [hadoop-common-3.1.0.jar:?]
	at org.apache.hadoop.hive.ql.lockmgr.DbTxnManager$Heartbeater.run(DbTxnManager.java:1100) [classes/:?]
	at java.util.concurrent.Executors$RunnableAdapter.call(Executors.java:511) [?:1.8.0_402]
	at java.util.concurrent.FutureTask.runAndReset(FutureTask.java:308) [?:1.8.0_402]
	at java.util.concurrent.ScheduledThreadPoolExecutor$ScheduledFutureTask.access$301(ScheduledThreadPoolExecutor.java:180) [?:1.8.0_402]
	at java.util.concurrent.ScheduledThreadPoolExecutor$ScheduledFutureTask.run(ScheduledThreadPoolExecutor.java:294) [?:1.8.0_402]
	at java.util.concurrent.ThreadPoolExecutor.runWorker(ThreadPoolExecutor.java:1149) [?:1.8.0_402]
	at java.util.concurrent.ThreadPoolExecutor$Worker.run(ThreadPoolExecutor.java:624) [?:1.8.0_402]
	at java.lang.Thread.run(Thread.java:750) [?:1.8.0_402]
Caused by: java.sql.SQLNonTransientConnectionException: Connection closed by unknown interrupt.
	at org.apache.derby.impl.jdbc.SQLExceptionFactory.getSQLException(Unknown Source) ~[derby-10.14.1.0.jar:?]
	at org.apache.derby.impl.jdbc.Util.generateCsSQLException(Unknown Source) ~[derby-10.14.1.0.jar:?]
	at org.apache.derby.impl.jdbc.TransactionResourceImpl.wrapInSQLException(Unknown Source) ~[derby-10.14.1.0.jar:?]
	at org.apache.derby.impl.jdbc.TransactionResourceImpl.handleException(Unknown Source) ~[derby-10.14.1.0.jar:?]
	at org.apache.derby.impl.jdbc.EmbedConnection.handleException(Unknown Source) ~[derby-10.14.1.0.jar:?]
	at org.apache.derby.impl.jdbc.ConnectionChild.handleException(Unknown Source) ~[derby-10.14.1.0.jar:?]
	at org.apache.derby.impl.jdbc.EmbedStatement.executeStatement(Unknown Source) ~[derby-10.14.1.0.jar:?]
	at org.apache.derby.impl.jdbc.EmbedPreparedStatement.executeStatement(Unknown Source) ~[derby-10.14.1.0.jar:?]
	at org.apache.derby.impl.jdbc.EmbedPreparedStatement.executeQuery(Unknown Source) ~[derby-10.14.1.0.jar:?]
	at com.zaxxer.hikari.pool.ProxyPreparedStatement.executeQuery(ProxyPreparedStatement.java:52) ~[HikariCP-2.6.1.jar:?]
	at com.zaxxer.hikari.pool.HikariProxyPreparedStatement.executeQuery(HikariProxyPreparedStatement.java) ~[HikariCP-2.6.1.jar:?]
	at org.datanucleus.store.rdbms.ParamLoggingPreparedStatement.executeQuery(ParamLoggingPreparedStatement.java:375) ~[datanucleus-rdbms-5.2.4.jar:?]
	at org.datanucleus.store.rdbms.SQLController.executeStatementQuery(SQLController.java:553) ~[datanucleus-rdbms-5.2.4.jar:?]
	at org.datanucleus.store.rdbms.query.JDOQLQuery.performExecute(JDOQLQuery.java:637) ~[datanucleus-rdbms-5.2.4.jar:?]
	at org.datanucleus.store.query.Query.executeQuery(Query.java:1975) ~[datanucleus-core-5.2.4.jar:?]
	at org.datanucleus.store.query.Query.executeWithArray(Query.java:1864) ~[datanucleus-core-5.2.4.jar:?]
	at org.datanucleus.store.query.Query.execute(Query.java:1846) ~[datanucleus-core-5.2.4.jar:?]
	at org.datanucleus.api.jdo.JDOQuery.executeInternal(JDOQuery.java:439) ~[datanucleus-api-jdo-5.2.4.jar:?]
	... 55 more
Caused by: org.apache.derby.iapi.error.StandardException: Connection closed by unknown interrupt.
	at org.apache.derby.iapi.error.StandardException.newException(Unknown Source) ~[derby-10.14.1.0.jar:?]
	at org.apache.derby.iapi.error.StandardException.newException(Unknown Source) ~[derby-10.14.1.0.jar:?]
	at org.apache.derby.iapi.util.InterruptStatus.setInterrupted(Unknown Source) ~[derby-10.14.1.0.jar:?]
	at org.apache.derby.iapi.util.InterruptStatus.throwIf(Unknown Source) ~[derby-10.14.1.0.jar:?]
	at org.apache.derby.impl.sql.execute.BasicNoPutResultSetImpl.checkCancellationFlag(Unknown Source) ~[derby-10.14.1.0.jar:?]
	at org.apache.derby.impl.sql.execute.BulkTableScanResultSet.getNextRowCore(Unknown Source) ~[derby-10.14.1.0.jar:?]
	at org.apache.derby.impl.sql.execute.JoinResultSet.openCore(Unknown Source) ~[derby-10.14.1.0.jar:?]
	at org.apache.derby.impl.sql.execute.ProjectRestrictResultSet.openCore(Unknown Source) ~[derby-10.14.1.0.jar:?]
	at org.apache.derby.impl.sql.execute.BasicNoPutResultSetImpl.open(Unknown Source) ~[derby-10.14.1.0.jar:?]
	at org.apache.derby.impl.sql.GenericPreparedStatement.executeStmt(Unknown Source) ~[derby-10.14.1.0.jar:?]
	at org.apache.derby.impl.sql.GenericPreparedStatement.execute(Unknown Source) ~[derby-10.14.1.0.jar:?]
	at org.apache.derby.impl.jdbc.EmbedStatement.executeStatement(Unknown Source) ~[derby-10.14.1.0.jar:?]
	at org.apache.derby.impl.jdbc.EmbedPreparedStatement.executeStatement(Unknown Source) ~[derby-10.14.1.0.jar:?]
	at org.apache.derby.impl.jdbc.EmbedPreparedStatement.executeQuery(Unknown Source) ~[derby-10.14.1.0.jar:?]
	at com.zaxxer.hikari.pool.ProxyPreparedStatement.executeQuery(ProxyPreparedStatement.java:52) ~[HikariCP-2.6.1.jar:?]
	at com.zaxxer.hikari.pool.HikariProxyPreparedStatement.executeQuery(HikariProxyPreparedStatement.java) ~[HikariCP-2.6.1.jar:?]
	at org.datanucleus.store.rdbms.ParamLoggingPreparedStatement.executeQuery(ParamLoggingPreparedStatement.java:375) ~[datanucleus-rdbms-5.2.4.jar:?]
	at org.datanucleus.store.rdbms.SQLController.executeStatementQuery(SQLController.java:553) ~[datanucleus-rdbms-5.2.4.jar:?]
	at org.datanucleus.store.rdbms.query.JDOQLQuery.performExecute(JDOQLQuery.java:637) ~[datanucleus-rdbms-5.2.4.jar:?]
	at org.datanucleus.store.query.Query.executeQuery(Query.java:1975) ~[datanucleus-core-5.2.4.jar:?]
	at org.datanucleus.store.query.Query.executeWithArray(Query.java:1864) ~[datanucleus-core-5.2.4.jar:?]
	at org.datanucleus.store.query.Query.execute(Query.java:1846) ~[datanucleus-core-5.2.4.jar:?]
	at org.datanucleus.api.jdo.JDOQuery.executeInternal(JDOQuery.java:439) ~[datanucleus-api-jdo-5.2.4.jar:?]
	... 55 more
2024-04-24T01:19:01,761  INFO [Heartbeater-1] metastore.HMSHandler: Created RawStore: org.apache.hadoop.hive.metastore.ObjectStore@50011a02 from thread id: 51
2024-04-24T01:19:01,762  INFO [Heartbeater-1] metastore.HMSHandler: HMS server filtering is disabled by configuration
2024-04-24T01:19:01,762  INFO [Heartbeater-1] metastore.RetryingMetaStoreClient: RetryingMetaStoreClient proxy=class org.apache.hadoop.hive.ql.metadata.SessionHiveMetaStoreClient ugi=alex (auth:SIMPLE) retries=1 delay=1 lifetime=0
2024-04-24T01:19:01,764  INFO [main] parse.CalcitePlanner: Creating table default.T position=13
2024-04-24T01:19:01,764  INFO [main] HiveMetaStore.audit: ugi=alex	ip=unknown-ip-addr	cmd=get_database: default	
2024-04-24T01:19:01,767  INFO [main] parse.CalcitePlanner: Ending caching scope for: alex_20240424011859_2c2c3c7d-eff6-4e45-822f-b62ad37a46a0
2024-04-24T01:19:01,767  INFO [main] ql.Driver: Semantic Analysis Completed (retrial = false)
2024-04-24T01:19:01,767  INFO [main] ql.Driver: Created Hive schema: Schema(fieldSchemas:null, properties:null)
2024-04-24T01:19:01,767  INFO [main] metadata.Hive: Dumping metastore api call timing information for : compilation phase
2024-04-24T01:19:01,768  INFO [main] metadata.Hive: Total time spent in each metastore function (ms): {getValidWriteIds_(List, String)=10, openTxn_(String, TxnType)=16, getValidTxns_(long)=3, commitTxn_(CommitTxnRequest)=18, flushCache_()=0, isCompatibleWith_(Configuration)=0, getDatabase_(String)=3}
2024-04-24T01:19:01,768  INFO [main] ql.Driver: Completed compiling command(queryId=alex_20240424011859_2c2c3c7d-eff6-4e45-822f-b62ad37a46a0); Time taken: 0.035 seconds
2024-04-24T01:19:01,768  INFO [main] lockmgr.DbTxnManager: Setting lock request transaction to txnid:15 for queryId=alex_20240424011859_2c2c3c7d-eff6-4e45-822f-b62ad37a46a0
2024-04-24T01:19:01,769  INFO [main] lockmgr.DbLockManager: Requesting lock for queryId=alex_20240424011859_2c2c3c7d-eff6-4e45-822f-b62ad37a46a0
2024-04-24T01:19:01,786  WARN [Heartbeater-1] pool.ProxyConnection: HikariPool-1 - Connection org.apache.derby.impl.jdbc.EmbedConnection@185062072 (XID = 170), (SESSIONID = 5), (DATABASE = memory:/home/alex/Repositories/hive/ql/target/tmp/junit_metastore_db), (DRDAID = null)  marked as broken because of SQLSTATE(08000), ErrorCode(40000)
java.sql.SQLNonTransientConnectionException: Connection closed by unknown interrupt.
	at org.apache.derby.impl.jdbc.SQLExceptionFactory.getSQLException(Unknown Source) ~[derby-10.14.1.0.jar:?]
	at org.apache.derby.impl.jdbc.Util.generateCsSQLException(Unknown Source) ~[derby-10.14.1.0.jar:?]
	at org.apache.derby.impl.jdbc.TransactionResourceImpl.wrapInSQLException(Unknown Source) ~[derby-10.14.1.0.jar:?]
	at org.apache.derby.impl.jdbc.TransactionResourceImpl.handleException(Unknown Source) ~[derby-10.14.1.0.jar:?]
	at org.apache.derby.impl.jdbc.EmbedConnection.handleException(Unknown Source) ~[derby-10.14.1.0.jar:?]
	at org.apache.derby.impl.jdbc.ConnectionChild.handleException(Unknown Source) ~[derby-10.14.1.0.jar:?]
	at org.apache.derby.impl.jdbc.EmbedResultSet.closeOnTransactionError(Unknown Source) ~[derby-10.14.1.0.jar:?]
	at org.apache.derby.impl.jdbc.EmbedResultSet.movePosition(Unknown Source) ~[derby-10.14.1.0.jar:?]
	at org.apache.derby.impl.jdbc.EmbedResultSet.next(Unknown Source) ~[derby-10.14.1.0.jar:?]
	at com.zaxxer.hikari.pool.HikariProxyResultSet.next(HikariProxyResultSet.java) ~[HikariCP-2.6.1.jar:?]
	at org.apache.hadoop.hive.metastore.txn.TxnHandler.checkMinHistoryLevelTable(TxnHandler.java:457) ~[classes/:?]
	at org.apache.hadoop.hive.metastore.txn.TxnHandler.setConf(TxnHandler.java:422) ~[classes/:?]
	at org.apache.hadoop.hive.metastore.txn.TxnUtils.getTxnStore(TxnUtils.java:124) ~[classes/:?]
	at org.apache.hadoop.hive.metastore.HMSHandler.getMsThreadTxnHandler(HMSHandler.java:717) ~[classes/:?]
	at org.apache.hadoop.hive.metastore.HMSHandler.getTxnHandler(HMSHandler.java:711) ~[classes/:?]
	at org.apache.hadoop.hive.metastore.HMSHandler.heartbeat(HMSHandler.java:8959) ~[classes/:?]
	at sun.reflect.NativeMethodAccessorImpl.invoke0(Native Method) ~[?:1.8.0_402]
	at sun.reflect.NativeMethodAccessorImpl.invoke(NativeMethodAccessorImpl.java:62) ~[?:1.8.0_402]
	at sun.reflect.DelegatingMethodAccessorImpl.invoke(DelegatingMethodAccessorImpl.java:43) ~[?:1.8.0_402]
	at java.lang.reflect.Method.invoke(Method.java:498) ~[?:1.8.0_402]
	at org.apache.hadoop.hive.metastore.RetryingHMSHandler.invokeInternal(RetryingHMSHandler.java:147) ~[classes/:?]
	at org.apache.hadoop.hive.metastore.RetryingHMSHandler.invoke(RetryingHMSHandler.java:108) ~[classes/:?]
	at com.sun.proxy.$Proxy39.heartbeat(Unknown Source) ~[?:?]
	at org.apache.hadoop.hive.metastore.HiveMetaStoreClient.heartbeat(HiveMetaStoreClient.java:4088) ~[classes/:?]
	at sun.reflect.NativeMethodAccessorImpl.invoke0(Native Method) ~[?:1.8.0_402]
	at sun.reflect.NativeMethodAccessorImpl.invoke(NativeMethodAccessorImpl.java:62) ~[?:1.8.0_402]
	at sun.reflect.DelegatingMethodAccessorImpl.invoke(DelegatingMethodAccessorImpl.java:43) ~[?:1.8.0_402]
	at java.lang.reflect.Method.invoke(Method.java:498) ~[?:1.8.0_402]
	at org.apache.hadoop.hive.metastore.RetryingMetaStoreClient.invoke(RetryingMetaStoreClient.java:218) ~[classes/:?]
	at com.sun.proxy.$Proxy40.heartbeat(Unknown Source) ~[?:?]
	at org.apache.hadoop.hive.ql.lockmgr.DbTxnManager.heartbeat(DbTxnManager.java:647) ~[classes/:?]
	at org.apache.hadoop.hive.ql.lockmgr.DbTxnManager$Heartbeater.lambda$run$0(DbTxnManager.java:1101) ~[classes/:?]
	at java.security.AccessController.doPrivileged(Native Method) ~[?:1.8.0_402]
	at javax.security.auth.Subject.doAs(Subject.java:422) [?:1.8.0_402]
	at org.apache.hadoop.security.UserGroupInformation.doAs(UserGroupInformation.java:1682) [hadoop-common-3.1.0.jar:?]
	at org.apache.hadoop.hive.ql.lockmgr.DbTxnManager$Heartbeater.run(DbTxnManager.java:1100) [classes/:?]
	at java.util.concurrent.Executors$RunnableAdapter.call(Executors.java:511) [?:1.8.0_402]
	at java.util.concurrent.FutureTask.runAndReset(FutureTask.java:308) [?:1.8.0_402]
	at java.util.concurrent.ScheduledThreadPoolExecutor$ScheduledFutureTask.access$301(ScheduledThreadPoolExecutor.java:180) [?:1.8.0_402]
	at java.util.concurrent.ScheduledThreadPoolExecutor$ScheduledFutureTask.run(ScheduledThreadPoolExecutor.java:294) [?:1.8.0_402]
	at java.util.concurrent.ThreadPoolExecutor.runWorker(ThreadPoolExecutor.java:1149) [?:1.8.0_402]
	at java.util.concurrent.ThreadPoolExecutor$Worker.run(ThreadPoolExecutor.java:624) [?:1.8.0_402]
	at java.lang.Thread.run(Thread.java:750) [?:1.8.0_402]
Caused by: org.apache.derby.iapi.error.StandardException: Connection closed by unknown interrupt.
	at org.apache.derby.iapi.error.StandardException.newException(Unknown Source) ~[derby-10.14.1.0.jar:?]
	at org.apache.derby.iapi.error.StandardException.newException(Unknown Source) ~[derby-10.14.1.0.jar:?]
	at org.apache.derby.iapi.util.InterruptStatus.setInterrupted(Unknown Source) ~[derby-10.14.1.0.jar:?]
	at org.apache.derby.iapi.util.InterruptStatus.throwIf(Unknown Source) ~[derby-10.14.1.0.jar:?]
	at org.apache.derby.impl.sql.execute.BasicNoPutResultSetImpl.checkCancellationFlag(Unknown Source) ~[derby-10.14.1.0.jar:?]
	at org.apache.derby.impl.sql.execute.BulkTableScanResultSet.getNextRowCore(Unknown Source) ~[derby-10.14.1.0.jar:?]
	at org.apache.derby.impl.sql.execute.ProjectRestrictResultSet.getNextRowCore(Unknown Source) ~[derby-10.14.1.0.jar:?]
	at org.apache.derby.impl.sql.execute.BasicNoPutResultSetImpl.getNextRow(Unknown Source) ~[derby-10.14.1.0.jar:?]
	... 36 more
2024-04-24T01:19:01,793 ERROR [Heartbeater-1] txn.TxnHandler: Error during TxnHandler startup, Unable to select from transaction database: Connection closed by unknown interrupt. (SQLState=08000, ErrorCode=40000)java.sql.SQLNonTransientConnectionException: Connection closed by unknown interrupt.
	at org.apache.derby.impl.jdbc.SQLExceptionFactory.getSQLException(Unknown Source)
	at org.apache.derby.impl.jdbc.Util.generateCsSQLException(Unknown Source)
	at org.apache.derby.impl.jdbc.TransactionResourceImpl.wrapInSQLException(Unknown Source)
	at org.apache.derby.impl.jdbc.TransactionResourceImpl.handleException(Unknown Source)
	at org.apache.derby.impl.jdbc.EmbedConnection.handleException(Unknown Source)
	at org.apache.derby.impl.jdbc.ConnectionChild.handleException(Unknown Source)
	at org.apache.derby.impl.jdbc.EmbedResultSet.closeOnTransactionError(Unknown Source)
	at org.apache.derby.impl.jdbc.EmbedResultSet.movePosition(Unknown Source)
	at org.apache.derby.impl.jdbc.EmbedResultSet.next(Unknown Source)
	at com.zaxxer.hikari.pool.HikariProxyResultSet.next(HikariProxyResultSet.java)
	at org.apache.hadoop.hive.metastore.txn.TxnHandler.checkMinHistoryLevelTable(TxnHandler.java:457)
	at org.apache.hadoop.hive.metastore.txn.TxnHandler.setConf(TxnHandler.java:422)
	at org.apache.hadoop.hive.metastore.txn.TxnUtils.getTxnStore(TxnUtils.java:124)
	at org.apache.hadoop.hive.metastore.HMSHandler.getMsThreadTxnHandler(HMSHandler.java:717)
	at org.apache.hadoop.hive.metastore.HMSHandler.getTxnHandler(HMSHandler.java:711)
	at org.apache.hadoop.hive.metastore.HMSHandler.heartbeat(HMSHandler.java:8959)
	at sun.reflect.NativeMethodAccessorImpl.invoke0(Native Method)
	at sun.reflect.NativeMethodAccessorImpl.invoke(NativeMethodAccessorImpl.java:62)
	at sun.reflect.DelegatingMethodAccessorImpl.invoke(DelegatingMethodAccessorImpl.java:43)
	at java.lang.reflect.Method.invoke(Method.java:498)
	at org.apache.hadoop.hive.metastore.RetryingHMSHandler.invokeInternal(RetryingHMSHandler.java:147)
	at org.apache.hadoop.hive.metastore.RetryingHMSHandler.invoke(RetryingHMSHandler.java:108)
	at com.sun.proxy.$Proxy39.heartbeat(Unknown Source)
	at org.apache.hadoop.hive.metastore.HiveMetaStoreClient.heartbeat(HiveMetaStoreClient.java:4088)
	at sun.reflect.NativeMethodAccessorImpl.invoke0(Native Method)
	at sun.reflect.NativeMethodAccessorImpl.invoke(NativeMethodAccessorImpl.java:62)
	at sun.reflect.DelegatingMethodAccessorImpl.invoke(DelegatingMethodAccessorImpl.java:43)
	at java.lang.reflect.Method.invoke(Method.java:498)
	at org.apache.hadoop.hive.metastore.RetryingMetaStoreClient.invoke(RetryingMetaStoreClient.java:218)
	at com.sun.proxy.$Proxy40.heartbeat(Unknown Source)
	at org.apache.hadoop.hive.ql.lockmgr.DbTxnManager.heartbeat(DbTxnManager.java:647)
	at org.apache.hadoop.hive.ql.lockmgr.DbTxnManager$Heartbeater.lambda$run$0(DbTxnManager.java:1101)
	at java.security.AccessController.doPrivileged(Native Method)
	at javax.security.auth.Subject.doAs(Subject.java:422)
	at org.apache.hadoop.security.UserGroupInformation.doAs(UserGroupInformation.java:1682)
	at org.apache.hadoop.hive.ql.lockmgr.DbTxnManager$Heartbeater.run(DbTxnManager.java:1100)
	at java.util.concurrent.Executors$RunnableAdapter.call(Executors.java:511)
	at java.util.concurrent.FutureTask.runAndReset(FutureTask.java:308)
	at java.util.concurrent.ScheduledThreadPoolExecutor$ScheduledFutureTask.access$301(ScheduledThreadPoolExecutor.java:180)
	at java.util.concurrent.ScheduledThreadPoolExecutor$ScheduledFutureTask.run(ScheduledThreadPoolExecutor.java:294)
	at java.util.concurrent.ThreadPoolExecutor.runWorker(ThreadPoolExecutor.java:1149)
	at java.util.concurrent.ThreadPoolExecutor$Worker.run(ThreadPoolExecutor.java:624)
	at java.lang.Thread.run(Thread.java:750)
Caused by: ERROR 08000: Connection closed by unknown interrupt.
	at org.apache.derby.iapi.error.StandardException.newException(Unknown Source)
	at org.apache.derby.iapi.error.StandardException.newException(Unknown Source)
	at org.apache.derby.iapi.util.InterruptStatus.setInterrupted(Unknown Source)
	at org.apache.derby.iapi.util.InterruptStatus.throwIf(Unknown Source)
	at org.apache.derby.impl.sql.execute.BasicNoPutResultSetImpl.checkCancellationFlag(Unknown Source)
	at org.apache.derby.impl.sql.execute.BulkTableScanResultSet.getNextRowCore(Unknown Source)
	at org.apache.derby.impl.sql.execute.ProjectRestrictResultSet.getNextRowCore(Unknown Source)
	at org.apache.derby.impl.sql.execute.BasicNoPutResultSetImpl.getNextRow(Unknown Source)
	... 36 more

2024-04-24T01:19:01,794 ERROR [Heartbeater-1] txn.TxnUtils: Unable to instantiate raw store directly in fastpath mode
java.lang.RuntimeException: MetaException(message:Unable to select from transaction database: Connection closed by unknown interrupt. (SQLState=08000, ErrorCode=40000)java.sql.SQLNonTransientConnectionException: Connection closed by unknown interrupt.
	at org.apache.derby.impl.jdbc.SQLExceptionFactory.getSQLException(Unknown Source)
	at org.apache.derby.impl.jdbc.Util.generateCsSQLException(Unknown Source)
	at org.apache.derby.impl.jdbc.TransactionResourceImpl.wrapInSQLException(Unknown Source)
	at org.apache.derby.impl.jdbc.TransactionResourceImpl.handleException(Unknown Source)
	at org.apache.derby.impl.jdbc.EmbedConnection.handleException(Unknown Source)
	at org.apache.derby.impl.jdbc.ConnectionChild.handleException(Unknown Source)
	at org.apache.derby.impl.jdbc.EmbedResultSet.closeOnTransactionError(Unknown Source)
	at org.apache.derby.impl.jdbc.EmbedResultSet.movePosition(Unknown Source)
	at org.apache.derby.impl.jdbc.EmbedResultSet.next(Unknown Source)
	at com.zaxxer.hikari.pool.HikariProxyResultSet.next(HikariProxyResultSet.java)
	at org.apache.hadoop.hive.metastore.txn.TxnHandler.checkMinHistoryLevelTable(TxnHandler.java:457)
	at org.apache.hadoop.hive.metastore.txn.TxnHandler.setConf(TxnHandler.java:422)
	at org.apache.hadoop.hive.metastore.txn.TxnUtils.getTxnStore(TxnUtils.java:124)
	at org.apache.hadoop.hive.metastore.HMSHandler.getMsThreadTxnHandler(HMSHandler.java:717)
	at org.apache.hadoop.hive.metastore.HMSHandler.getTxnHandler(HMSHandler.java:711)
	at org.apache.hadoop.hive.metastore.HMSHandler.heartbeat(HMSHandler.java:8959)
	at sun.reflect.NativeMethodAccessorImpl.invoke0(Native Method)
	at sun.reflect.NativeMethodAccessorImpl.invoke(NativeMethodAccessorImpl.java:62)
	at sun.reflect.DelegatingMethodAccessorImpl.invoke(DelegatingMethodAccessorImpl.java:43)
	at java.lang.reflect.Method.invoke(Method.java:498)
	at org.apache.hadoop.hive.metastore.RetryingHMSHandler.invokeInternal(RetryingHMSHandler.java:147)
	at org.apache.hadoop.hive.metastore.RetryingHMSHandler.invoke(RetryingHMSHandler.java:108)
	at com.sun.proxy.$Proxy39.heartbeat(Unknown Source)
	at org.apache.hadoop.hive.metastore.HiveMetaStoreClient.heartbeat(HiveMetaStoreClient.java:4088)
	at sun.reflect.NativeMethodAccessorImpl.invoke0(Native Method)
	at sun.reflect.NativeMethodAccessorImpl.invoke(NativeMethodAccessorImpl.java:62)
	at sun.reflect.DelegatingMethodAccessorImpl.invoke(DelegatingMethodAccessorImpl.java:43)
	at java.lang.reflect.Method.invoke(Method.java:498)
	at org.apache.hadoop.hive.metastore.RetryingMetaStoreClient.invoke(RetryingMetaStoreClient.java:218)
	at com.sun.proxy.$Proxy40.heartbeat(Unknown Source)
	at org.apache.hadoop.hive.ql.lockmgr.DbTxnManager.heartbeat(DbTxnManager.java:647)
	at org.apache.hadoop.hive.ql.lockmgr.DbTxnManager$Heartbeater.lambda$run$0(DbTxnManager.java:1101)
	at java.security.AccessController.doPrivileged(Native Method)
	at javax.security.auth.Subject.doAs(Subject.java:422)
	at org.apache.hadoop.security.UserGroupInformation.doAs(UserGroupInformation.java:1682)
	at org.apache.hadoop.hive.ql.lockmgr.DbTxnManager$Heartbeater.run(DbTxnManager.java:1100)
	at java.util.concurrent.Executors$RunnableAdapter.call(Executors.java:511)
	at java.util.concurrent.FutureTask.runAndReset(FutureTask.java:308)
	at java.util.concurrent.ScheduledThreadPoolExecutor$ScheduledFutureTask.access$301(ScheduledThreadPoolExecutor.java:180)
	at java.util.concurrent.ScheduledThreadPoolExecutor$ScheduledFutureTask.run(ScheduledThreadPoolExecutor.java:294)
	at java.util.concurrent.ThreadPoolExecutor.runWorker(ThreadPoolExecutor.java:1149)
	at java.util.concurrent.ThreadPoolExecutor$Worker.run(ThreadPoolExecutor.java:624)
	at java.lang.Thread.run(Thread.java:750)
Caused by: ERROR 08000: Connection closed by unknown interrupt.
	at org.apache.derby.iapi.error.StandardException.newException(Unknown Source)
	at org.apache.derby.iapi.error.StandardException.newException(Unknown Source)
	at org.apache.derby.iapi.util.InterruptStatus.setInterrupted(Unknown Source)
	at org.apache.derby.iapi.util.InterruptStatus.throwIf(Unknown Source)
	at org.apache.derby.impl.sql.execute.BasicNoPutResultSetImpl.checkCancellationFlag(Unknown Source)
	at org.apache.derby.impl.sql.execute.BulkTableScanResultSet.getNextRowCore(Unknown Source)
	at org.apache.derby.impl.sql.execute.ProjectRestrictResultSet.getNextRowCore(Unknown Source)
	at org.apache.derby.impl.sql.execute.BasicNoPutResultSetImpl.getNextRow(Unknown Source)
	... 36 more
)
	at org.apache.hadoop.hive.metastore.txn.TxnHandler.setConf(TxnHandler.java:426) ~[classes/:?]
	at org.apache.hadoop.hive.metastore.txn.TxnUtils.getTxnStore(TxnUtils.java:124) ~[classes/:?]
	at org.apache.hadoop.hive.metastore.HMSHandler.getMsThreadTxnHandler(HMSHandler.java:717) ~[classes/:?]
	at org.apache.hadoop.hive.metastore.HMSHandler.getTxnHandler(HMSHandler.java:711) ~[classes/:?]
	at org.apache.hadoop.hive.metastore.HMSHandler.heartbeat(HMSHandler.java:8959) ~[classes/:?]
	at sun.reflect.NativeMethodAccessorImpl.invoke0(Native Method) ~[?:1.8.0_402]
	at sun.reflect.NativeMethodAccessorImpl.invoke(NativeMethodAccessorImpl.java:62) ~[?:1.8.0_402]
	at sun.reflect.DelegatingMethodAccessorImpl.invoke(DelegatingMethodAccessorImpl.java:43) ~[?:1.8.0_402]
	at java.lang.reflect.Method.invoke(Method.java:498) ~[?:1.8.0_402]
	at org.apache.hadoop.hive.metastore.RetryingHMSHandler.invokeInternal(RetryingHMSHandler.java:147) ~[classes/:?]
	at org.apache.hadoop.hive.metastore.RetryingHMSHandler.invoke(RetryingHMSHandler.java:108) ~[classes/:?]
	at com.sun.proxy.$Proxy39.heartbeat(Unknown Source) ~[?:?]
	at org.apache.hadoop.hive.metastore.HiveMetaStoreClient.heartbeat(HiveMetaStoreClient.java:4088) ~[classes/:?]
	at sun.reflect.NativeMethodAccessorImpl.invoke0(Native Method) ~[?:1.8.0_402]
	at sun.reflect.NativeMethodAccessorImpl.invoke(NativeMethodAccessorImpl.java:62) ~[?:1.8.0_402]
	at sun.reflect.DelegatingMethodAccessorImpl.invoke(DelegatingMethodAccessorImpl.java:43) ~[?:1.8.0_402]
	at java.lang.reflect.Method.invoke(Method.java:498) ~[?:1.8.0_402]
	at org.apache.hadoop.hive.metastore.RetryingMetaStoreClient.invoke(RetryingMetaStoreClient.java:218) ~[classes/:?]
	at com.sun.proxy.$Proxy40.heartbeat(Unknown Source) ~[?:?]
	at org.apache.hadoop.hive.ql.lockmgr.DbTxnManager.heartbeat(DbTxnManager.java:647) ~[classes/:?]
	at org.apache.hadoop.hive.ql.lockmgr.DbTxnManager$Heartbeater.lambda$run$0(DbTxnManager.java:1101) ~[classes/:?]
	at java.security.AccessController.doPrivileged(Native Method) ~[?:1.8.0_402]
	at javax.security.auth.Subject.doAs(Subject.java:422) [?:1.8.0_402]
	at org.apache.hadoop.security.UserGroupInformation.doAs(UserGroupInformation.java:1682) [hadoop-common-3.1.0.jar:?]
	at org.apache.hadoop.hive.ql.lockmgr.DbTxnManager$Heartbeater.run(DbTxnManager.java:1100) [classes/:?]
	at java.util.concurrent.Executors$RunnableAdapter.call(Executors.java:511) [?:1.8.0_402]
	at java.util.concurrent.FutureTask.runAndReset(FutureTask.java:308) [?:1.8.0_402]
	at java.util.concurrent.ScheduledThreadPoolExecutor$ScheduledFutureTask.access$301(ScheduledThreadPoolExecutor.java:180) [?:1.8.0_402]
	at java.util.concurrent.ScheduledThreadPoolExecutor$ScheduledFutureTask.run(ScheduledThreadPoolExecutor.java:294) [?:1.8.0_402]
	at java.util.concurrent.ThreadPoolExecutor.runWorker(ThreadPoolExecutor.java:1149) [?:1.8.0_402]
	at java.util.concurrent.ThreadPoolExecutor$Worker.run(ThreadPoolExecutor.java:624) [?:1.8.0_402]
	at java.lang.Thread.run(Thread.java:750) [?:1.8.0_402]
Caused by: org.apache.hadoop.hive.metastore.api.MetaException: Unable to select from transaction database: Connection closed by unknown interrupt. (SQLState=08000, ErrorCode=40000)java.sql.SQLNonTransientConnectionException: Connection closed by unknown interrupt.
	at org.apache.derby.impl.jdbc.SQLExceptionFactory.getSQLException(Unknown Source)
	at org.apache.derby.impl.jdbc.Util.generateCsSQLException(Unknown Source)
	at org.apache.derby.impl.jdbc.TransactionResourceImpl.wrapInSQLException(Unknown Source)
	at org.apache.derby.impl.jdbc.TransactionResourceImpl.handleException(Unknown Source)
	at org.apache.derby.impl.jdbc.EmbedConnection.handleException(Unknown Source)
	at org.apache.derby.impl.jdbc.ConnectionChild.handleException(Unknown Source)
	at org.apache.derby.impl.jdbc.EmbedResultSet.closeOnTransactionError(Unknown Source)
	at org.apache.derby.impl.jdbc.EmbedResultSet.movePosition(Unknown Source)
	at org.apache.derby.impl.jdbc.EmbedResultSet.next(Unknown Source)
	at com.zaxxer.hikari.pool.HikariProxyResultSet.next(HikariProxyResultSet.java)
	at org.apache.hadoop.hive.metastore.txn.TxnHandler.checkMinHistoryLevelTable(TxnHandler.java:457)
	at org.apache.hadoop.hive.metastore.txn.TxnHandler.setConf(TxnHandler.java:422)
	at org.apache.hadoop.hive.metastore.txn.TxnUtils.getTxnStore(TxnUtils.java:124)
	at org.apache.hadoop.hive.metastore.HMSHandler.getMsThreadTxnHandler(HMSHandler.java:717)
	at org.apache.hadoop.hive.metastore.HMSHandler.getTxnHandler(HMSHandler.java:711)
	at org.apache.hadoop.hive.metastore.HMSHandler.heartbeat(HMSHandler.java:8959)
	at sun.reflect.NativeMethodAccessorImpl.invoke0(Native Method)
	at sun.reflect.NativeMethodAccessorImpl.invoke(NativeMethodAccessorImpl.java:62)
	at sun.reflect.DelegatingMethodAccessorImpl.invoke(DelegatingMethodAccessorImpl.java:43)
	at java.lang.reflect.Method.invoke(Method.java:498)
	at org.apache.hadoop.hive.metastore.RetryingHMSHandler.invokeInternal(RetryingHMSHandler.java:147)
	at org.apache.hadoop.hive.metastore.RetryingHMSHandler.invoke(RetryingHMSHandler.java:108)
	at com.sun.proxy.$Proxy39.heartbeat(Unknown Source)
	at org.apache.hadoop.hive.metastore.HiveMetaStoreClient.heartbeat(HiveMetaStoreClient.java:4088)
	at sun.reflect.NativeMethodAccessorImpl.invoke0(Native Method)
	at sun.reflect.NativeMethodAccessorImpl.invoke(NativeMethodAccessorImpl.java:62)
	at sun.reflect.DelegatingMethodAccessorImpl.invoke(DelegatingMethodAccessorImpl.java:43)
	at java.lang.reflect.Method.invoke(Method.java:498)
	at org.apache.hadoop.hive.metastore.RetryingMetaStoreClient.invoke(RetryingMetaStoreClient.java:218)
	at com.sun.proxy.$Proxy40.heartbeat(Unknown Source)
	at org.apache.hadoop.hive.ql.lockmgr.DbTxnManager.heartbeat(DbTxnManager.java:647)
	at org.apache.hadoop.hive.ql.lockmgr.DbTxnManager$Heartbeater.lambda$run$0(DbTxnManager.java:1101)
	at java.security.AccessController.doPrivileged(Native Method)
	at javax.security.auth.Subject.doAs(Subject.java:422)
	at org.apache.hadoop.security.UserGroupInformation.doAs(UserGroupInformation.java:1682)
	at org.apache.hadoop.hive.ql.lockmgr.DbTxnManager$Heartbeater.run(DbTxnManager.java:1100)
	at java.util.concurrent.Executors$RunnableAdapter.call(Executors.java:511)
	at java.util.concurrent.FutureTask.runAndReset(FutureTask.java:308)
	at java.util.concurrent.ScheduledThreadPoolExecutor$ScheduledFutureTask.access$301(ScheduledThreadPoolExecutor.java:180)
	at java.util.concurrent.ScheduledThreadPoolExecutor$ScheduledFutureTask.run(ScheduledThreadPoolExecutor.java:294)
	at java.util.concurrent.ThreadPoolExecutor.runWorker(ThreadPoolExecutor.java:1149)
	at java.util.concurrent.ThreadPoolExecutor$Worker.run(ThreadPoolExecutor.java:624)
	at java.lang.Thread.run(Thread.java:750)
Caused by: ERROR 08000: Connection closed by unknown interrupt.
	at org.apache.derby.iapi.error.StandardException.newException(Unknown Source)
	at org.apache.derby.iapi.error.StandardException.newException(Unknown Source)
	at org.apache.derby.iapi.util.InterruptStatus.setInterrupted(Unknown Source)
	at org.apache.derby.iapi.util.InterruptStatus.throwIf(Unknown Source)
	at org.apache.derby.impl.sql.execute.BasicNoPutResultSetImpl.checkCancellationFlag(Unknown Source)
	at org.apache.derby.impl.sql.execute.BulkTableScanResultSet.getNextRowCore(Unknown Source)
	at org.apache.derby.impl.sql.execute.ProjectRestrictResultSet.getNextRowCore(Unknown Source)
	at org.apache.derby.impl.sql.execute.BasicNoPutResultSetImpl.getNextRow(Unknown Source)
	... 36 more

	at org.apache.hadoop.hive.metastore.txn.TxnHandler.checkMinHistoryLevelTable(TxnHandler.java:466) ~[classes/:?]
	at org.apache.hadoop.hive.metastore.txn.TxnHandler.setConf(TxnHandler.java:422) ~[classes/:?]
	... 31 more
2024-04-24T01:19:01,799 ERROR [Heartbeater-1] metastore.RetryingHMSHandler: java.lang.RuntimeException: java.lang.RuntimeException: MetaException(message:Unable to select from transaction database: Connection closed by unknown interrupt. (SQLState=08000, ErrorCode=40000)java.sql.SQLNonTransientConnectionException: Connection closed by unknown interrupt.
	at org.apache.derby.impl.jdbc.SQLExceptionFactory.getSQLException(Unknown Source)
	at org.apache.derby.impl.jdbc.Util.generateCsSQLException(Unknown Source)
	at org.apache.derby.impl.jdbc.TransactionResourceImpl.wrapInSQLException(Unknown Source)
	at org.apache.derby.impl.jdbc.TransactionResourceImpl.handleException(Unknown Source)
	at org.apache.derby.impl.jdbc.EmbedConnection.handleException(Unknown Source)
	at org.apache.derby.impl.jdbc.ConnectionChild.handleException(Unknown Source)
	at org.apache.derby.impl.jdbc.EmbedResultSet.closeOnTransactionError(Unknown Source)
	at org.apache.derby.impl.jdbc.EmbedResultSet.movePosition(Unknown Source)
	at org.apache.derby.impl.jdbc.EmbedResultSet.next(Unknown Source)
	at com.zaxxer.hikari.pool.HikariProxyResultSet.next(HikariProxyResultSet.java)
	at org.apache.hadoop.hive.metastore.txn.TxnHandler.checkMinHistoryLevelTable(TxnHandler.java:457)
	at org.apache.hadoop.hive.metastore.txn.TxnHandler.setConf(TxnHandler.java:422)
	at org.apache.hadoop.hive.metastore.txn.TxnUtils.getTxnStore(TxnUtils.java:124)
	at org.apache.hadoop.hive.metastore.HMSHandler.getMsThreadTxnHandler(HMSHandler.java:717)
	at org.apache.hadoop.hive.metastore.HMSHandler.getTxnHandler(HMSHandler.java:711)
	at org.apache.hadoop.hive.metastore.HMSHandler.heartbeat(HMSHandler.java:8959)
	at sun.reflect.NativeMethodAccessorImpl.invoke0(Native Method)
	at sun.reflect.NativeMethodAccessorImpl.invoke(NativeMethodAccessorImpl.java:62)
	at sun.reflect.DelegatingMethodAccessorImpl.invoke(DelegatingMethodAccessorImpl.java:43)
	at java.lang.reflect.Method.invoke(Method.java:498)
	at org.apache.hadoop.hive.metastore.RetryingHMSHandler.invokeInternal(RetryingHMSHandler.java:147)
	at org.apache.hadoop.hive.metastore.RetryingHMSHandler.invoke(RetryingHMSHandler.java:108)
	at com.sun.proxy.$Proxy39.heartbeat(Unknown Source)
	at org.apache.hadoop.hive.metastore.HiveMetaStoreClient.heartbeat(HiveMetaStoreClient.java:4088)
	at sun.reflect.NativeMethodAccessorImpl.invoke0(Native Method)
	at sun.reflect.NativeMethodAccessorImpl.invoke(NativeMethodAccessorImpl.java:62)
	at sun.reflect.DelegatingMethodAccessorImpl.invoke(DelegatingMethodAccessorImpl.java:43)
	at java.lang.reflect.Method.invoke(Method.java:498)
	at org.apache.hadoop.hive.metastore.RetryingMetaStoreClient.invoke(RetryingMetaStoreClient.java:218)
	at com.sun.proxy.$Proxy40.heartbeat(Unknown Source)
	at org.apache.hadoop.hive.ql.lockmgr.DbTxnManager.heartbeat(DbTxnManager.java:647)
	at org.apache.hadoop.hive.ql.lockmgr.DbTxnManager$Heartbeater.lambda$run$0(DbTxnManager.java:1101)
	at java.security.AccessController.doPrivileged(Native Method)
	at javax.security.auth.Subject.doAs(Subject.java:422)
	at org.apache.hadoop.security.UserGroupInformation.doAs(UserGroupInformation.java:1682)
	at org.apache.hadoop.hive.ql.lockmgr.DbTxnManager$Heartbeater.run(DbTxnManager.java:1100)
	at java.util.concurrent.Executors$RunnableAdapter.call(Executors.java:511)
	at java.util.concurrent.FutureTask.runAndReset(FutureTask.java:308)
	at java.util.concurrent.ScheduledThreadPoolExecutor$ScheduledFutureTask.access$301(ScheduledThreadPoolExecutor.java:180)
	at java.util.concurrent.ScheduledThreadPoolExecutor$ScheduledFutureTask.run(ScheduledThreadPoolExecutor.java:294)
	at java.util.concurrent.ThreadPoolExecutor.runWorker(ThreadPoolExecutor.java:1149)
	at java.util.concurrent.ThreadPoolExecutor$Worker.run(ThreadPoolExecutor.java:624)
	at java.lang.Thread.run(Thread.java:750)
Caused by: ERROR 08000: Connection closed by unknown interrupt.
	at org.apache.derby.iapi.error.StandardException.newException(Unknown Source)
	at org.apache.derby.iapi.error.StandardException.newException(Unknown Source)
	at org.apache.derby.iapi.util.InterruptStatus.setInterrupted(Unknown Source)
	at org.apache.derby.iapi.util.InterruptStatus.throwIf(Unknown Source)
	at org.apache.derby.impl.sql.execute.BasicNoPutResultSetImpl.checkCancellationFlag(Unknown Source)
	at org.apache.derby.impl.sql.execute.BulkTableScanResultSet.getNextRowCore(Unknown Source)
	at org.apache.derby.impl.sql.execute.ProjectRestrictResultSet.getNextRowCore(Unknown Source)
	at org.apache.derby.impl.sql.execute.BasicNoPutResultSetImpl.getNextRow(Unknown Source)
	... 36 more
)
	at org.apache.hadoop.hive.metastore.txn.TxnUtils.getTxnStore(TxnUtils.java:128)
	at org.apache.hadoop.hive.metastore.HMSHandler.getMsThreadTxnHandler(HMSHandler.java:717)
	at org.apache.hadoop.hive.metastore.HMSHandler.getTxnHandler(HMSHandler.java:711)
	at org.apache.hadoop.hive.metastore.HMSHandler.heartbeat(HMSHandler.java:8959)
	at sun.reflect.NativeMethodAccessorImpl.invoke0(Native Method)
	at sun.reflect.NativeMethodAccessorImpl.invoke(NativeMethodAccessorImpl.java:62)
	at sun.reflect.DelegatingMethodAccessorImpl.invoke(DelegatingMethodAccessorImpl.java:43)
	at java.lang.reflect.Method.invoke(Method.java:498)
	at org.apache.hadoop.hive.metastore.RetryingHMSHandler.invokeInternal(RetryingHMSHandler.java:147)
	at org.apache.hadoop.hive.metastore.RetryingHMSHandler.invoke(RetryingHMSHandler.java:108)
	at com.sun.proxy.$Proxy39.heartbeat(Unknown Source)
	at org.apache.hadoop.hive.metastore.HiveMetaStoreClient.heartbeat(HiveMetaStoreClient.java:4088)
	at sun.reflect.NativeMethodAccessorImpl.invoke0(Native Method)
	at sun.reflect.NativeMethodAccessorImpl.invoke(NativeMethodAccessorImpl.java:62)
	at sun.reflect.DelegatingMethodAccessorImpl.invoke(DelegatingMethodAccessorImpl.java:43)
	at java.lang.reflect.Method.invoke(Method.java:498)
	at org.apache.hadoop.hive.metastore.RetryingMetaStoreClient.invoke(RetryingMetaStoreClient.java:218)
	at com.sun.proxy.$Proxy40.heartbeat(Unknown Source)
	at org.apache.hadoop.hive.ql.lockmgr.DbTxnManager.heartbeat(DbTxnManager.java:647)
	at org.apache.hadoop.hive.ql.lockmgr.DbTxnManager$Heartbeater.lambda$run$0(DbTxnManager.java:1101)
	at java.security.AccessController.doPrivileged(Native Method)
	at javax.security.auth.Subject.doAs(Subject.java:422)
	at org.apache.hadoop.security.UserGroupInformation.doAs(UserGroupInformation.java:1682)
	at org.apache.hadoop.hive.ql.lockmgr.DbTxnManager$Heartbeater.run(DbTxnManager.java:1100)
	at java.util.concurrent.Executors$RunnableAdapter.call(Executors.java:511)
	at java.util.concurrent.FutureTask.runAndReset(FutureTask.java:308)
	at java.util.concurrent.ScheduledThreadPoolExecutor$ScheduledFutureTask.access$301(ScheduledThreadPoolExecutor.java:180)
	at java.util.concurrent.ScheduledThreadPoolExecutor$ScheduledFutureTask.run(ScheduledThreadPoolExecutor.java:294)
	at java.util.concurrent.ThreadPoolExecutor.runWorker(ThreadPoolExecutor.java:1149)
	at java.util.concurrent.ThreadPoolExecutor$Worker.run(ThreadPoolExecutor.java:624)
	at java.lang.Thread.run(Thread.java:750)
Caused by: java.lang.RuntimeException: MetaException(message:Unable to select from transaction database: Connection closed by unknown interrupt. (SQLState=08000, ErrorCode=40000)java.sql.SQLNonTransientConnectionException: Connection closed by unknown interrupt.
	at org.apache.derby.impl.jdbc.SQLExceptionFactory.getSQLException(Unknown Source)
	at org.apache.derby.impl.jdbc.Util.generateCsSQLException(Unknown Source)
	at org.apache.derby.impl.jdbc.TransactionResourceImpl.wrapInSQLException(Unknown Source)
	at org.apache.derby.impl.jdbc.TransactionResourceImpl.handleException(Unknown Source)
	at org.apache.derby.impl.jdbc.EmbedConnection.handleException(Unknown Source)
	at org.apache.derby.impl.jdbc.ConnectionChild.handleException(Unknown Source)
	at org.apache.derby.impl.jdbc.EmbedResultSet.closeOnTransactionError(Unknown Source)
	at org.apache.derby.impl.jdbc.EmbedResultSet.movePosition(Unknown Source)
	at org.apache.derby.impl.jdbc.EmbedResultSet.next(Unknown Source)
	at com.zaxxer.hikari.pool.HikariProxyResultSet.next(HikariProxyResultSet.java)
	at org.apache.hadoop.hive.metastore.txn.TxnHandler.checkMinHistoryLevelTable(TxnHandler.java:457)
	at org.apache.hadoop.hive.metastore.txn.TxnHandler.setConf(TxnHandler.java:422)
	at org.apache.hadoop.hive.metastore.txn.TxnUtils.getTxnStore(TxnUtils.java:124)
	at org.apache.hadoop.hive.metastore.HMSHandler.getMsThreadTxnHandler(HMSHandler.java:717)
	at org.apache.hadoop.hive.metastore.HMSHandler.getTxnHandler(HMSHandler.java:711)
	at org.apache.hadoop.hive.metastore.HMSHandler.heartbeat(HMSHandler.java:8959)
	at sun.reflect.NativeMethodAccessorImpl.invoke0(Native Method)
	at sun.reflect.NativeMethodAccessorImpl.invoke(NativeMethodAccessorImpl.java:62)
	at sun.reflect.DelegatingMethodAccessorImpl.invoke(DelegatingMethodAccessorImpl.java:43)
	at java.lang.reflect.Method.invoke(Method.java:498)
	at org.apache.hadoop.hive.metastore.RetryingHMSHandler.invokeInternal(RetryingHMSHandler.java:147)
	at org.apache.hadoop.hive.metastore.RetryingHMSHandler.invoke(RetryingHMSHandler.java:108)
	at com.sun.proxy.$Proxy39.heartbeat(Unknown Source)
	at org.apache.hadoop.hive.metastore.HiveMetaStoreClient.heartbeat(HiveMetaStoreClient.java:4088)
	at sun.reflect.NativeMethodAccessorImpl.invoke0(Native Method)
	at sun.reflect.NativeMethodAccessorImpl.invoke(NativeMethodAccessorImpl.java:62)
	at sun.reflect.DelegatingMethodAccessorImpl.invoke(DelegatingMethodAccessorImpl.java:43)
	at java.lang.reflect.Method.invoke(Method.java:498)
	at org.apache.hadoop.hive.metastore.RetryingMetaStoreClient.invoke(RetryingMetaStoreClient.java:218)
	at com.sun.proxy.$Proxy40.heartbeat(Unknown Source)
	at org.apache.hadoop.hive.ql.lockmgr.DbTxnManager.heartbeat(DbTxnManager.java:647)
	at org.apache.hadoop.hive.ql.lockmgr.DbTxnManager$Heartbeater.lambda$run$0(DbTxnManager.java:1101)
	at java.security.AccessController.doPrivileged(Native Method)
	at javax.security.auth.Subject.doAs(Subject.java:422)
	at org.apache.hadoop.security.UserGroupInformation.doAs(UserGroupInformation.java:1682)
	at org.apache.hadoop.hive.ql.lockmgr.DbTxnManager$Heartbeater.run(DbTxnManager.java:1100)
	at java.util.concurrent.Executors$RunnableAdapter.call(Executors.java:511)
	at java.util.concurrent.FutureTask.runAndReset(FutureTask.java:308)
	at java.util.concurrent.ScheduledThreadPoolExecutor$ScheduledFutureTask.access$301(ScheduledThreadPoolExecutor.java:180)
	at java.util.concurrent.ScheduledThreadPoolExecutor$ScheduledFutureTask.run(ScheduledThreadPoolExecutor.java:294)
	at java.util.concurrent.ThreadPoolExecutor.runWorker(ThreadPoolExecutor.java:1149)
	at java.util.concurrent.ThreadPoolExecutor$Worker.run(ThreadPoolExecutor.java:624)
	at java.lang.Thread.run(Thread.java:750)
Caused by: ERROR 08000: Connection closed by unknown interrupt.
	at org.apache.derby.iapi.error.StandardException.newException(Unknown Source)
	at org.apache.derby.iapi.error.StandardException.newException(Unknown Source)
	at org.apache.derby.iapi.util.InterruptStatus.setInterrupted(Unknown Source)
	at org.apache.derby.iapi.util.InterruptStatus.throwIf(Unknown Source)
	at org.apache.derby.impl.sql.execute.BasicNoPutResultSetImpl.checkCancellationFlag(Unknown Source)
	at org.apache.derby.impl.sql.execute.BulkTableScanResultSet.getNextRowCore(Unknown Source)
	at org.apache.derby.impl.sql.execute.ProjectRestrictResultSet.getNextRowCore(Unknown Source)
	at org.apache.derby.impl.sql.execute.BasicNoPutResultSetImpl.getNextRow(Unknown Source)
	... 36 more
)
	at org.apache.hadoop.hive.metastore.txn.TxnHandler.setConf(TxnHandler.java:426)
	at org.apache.hadoop.hive.metastore.txn.TxnUtils.getTxnStore(TxnUtils.java:124)
	... 30 more
Caused by: MetaException(message:Unable to select from transaction database: Connection closed by unknown interrupt. (SQLState=08000, ErrorCode=40000)java.sql.SQLNonTransientConnectionException: Connection closed by unknown interrupt.
	at org.apache.derby.impl.jdbc.SQLExceptionFactory.getSQLException(Unknown Source)
	at org.apache.derby.impl.jdbc.Util.generateCsSQLException(Unknown Source)
	at org.apache.derby.impl.jdbc.TransactionResourceImpl.wrapInSQLException(Unknown Source)
	at org.apache.derby.impl.jdbc.TransactionResourceImpl.handleException(Unknown Source)
	at org.apache.derby.impl.jdbc.EmbedConnection.handleException(Unknown Source)
	at org.apache.derby.impl.jdbc.ConnectionChild.handleException(Unknown Source)
	at org.apache.derby.impl.jdbc.EmbedResultSet.closeOnTransactionError(Unknown Source)
	at org.apache.derby.impl.jdbc.EmbedResultSet.movePosition(Unknown Source)
	at org.apache.derby.impl.jdbc.EmbedResultSet.next(Unknown Source)
	at com.zaxxer.hikari.pool.HikariProxyResultSet.next(HikariProxyResultSet.java)
	at org.apache.hadoop.hive.metastore.txn.TxnHandler.checkMinHistoryLevelTable(TxnHandler.java:457)
	at org.apache.hadoop.hive.metastore.txn.TxnHandler.setConf(TxnHandler.java:422)
	at org.apache.hadoop.hive.metastore.txn.TxnUtils.getTxnStore(TxnUtils.java:124)
	at org.apache.hadoop.hive.metastore.HMSHandler.getMsThreadTxnHandler(HMSHandler.java:717)
	at org.apache.hadoop.hive.metastore.HMSHandler.getTxnHandler(HMSHandler.java:711)
	at org.apache.hadoop.hive.metastore.HMSHandler.heartbeat(HMSHandler.java:8959)
	at sun.reflect.NativeMethodAccessorImpl.invoke0(Native Method)
	at sun.reflect.NativeMethodAccessorImpl.invoke(NativeMethodAccessorImpl.java:62)
	at sun.reflect.DelegatingMethodAccessorImpl.invoke(DelegatingMethodAccessorImpl.java:43)
	at java.lang.reflect.Method.invoke(Method.java:498)
	at org.apache.hadoop.hive.metastore.RetryingHMSHandler.invokeInternal(RetryingHMSHandler.java:147)
	at org.apache.hadoop.hive.metastore.RetryingHMSHandler.invoke(RetryingHMSHandler.java:108)
	at com.sun.proxy.$Proxy39.heartbeat(Unknown Source)
	at org.apache.hadoop.hive.metastore.HiveMetaStoreClient.heartbeat(HiveMetaStoreClient.java:4088)
	at sun.reflect.NativeMethodAccessorImpl.invoke0(Native Method)
	at sun.reflect.NativeMethodAccessorImpl.invoke(NativeMethodAccessorImpl.java:62)
	at sun.reflect.DelegatingMethodAccessorImpl.invoke(DelegatingMethodAccessorImpl.java:43)
	at java.lang.reflect.Method.invoke(Method.java:498)
	at org.apache.hadoop.hive.metastore.RetryingMetaStoreClient.invoke(RetryingMetaStoreClient.java:218)
	at com.sun.proxy.$Proxy40.heartbeat(Unknown Source)
	at org.apache.hadoop.hive.ql.lockmgr.DbTxnManager.heartbeat(DbTxnManager.java:647)
	at org.apache.hadoop.hive.ql.lockmgr.DbTxnManager$Heartbeater.lambda$run$0(DbTxnManager.java:1101)
	at java.security.AccessController.doPrivileged(Native Method)
	at javax.security.auth.Subject.doAs(Subject.java:422)
	at org.apache.hadoop.security.UserGroupInformation.doAs(UserGroupInformation.java:1682)
	at org.apache.hadoop.hive.ql.lockmgr.DbTxnManager$Heartbeater.run(DbTxnManager.java:1100)
	at java.util.concurrent.Executors$RunnableAdapter.call(Executors.java:511)
	at java.util.concurrent.FutureTask.runAndReset(FutureTask.java:308)
	at java.util.concurrent.ScheduledThreadPoolExecutor$ScheduledFutureTask.access$301(ScheduledThreadPoolExecutor.java:180)
	at java.util.concurrent.ScheduledThreadPoolExecutor$ScheduledFutureTask.run(ScheduledThreadPoolExecutor.java:294)
	at java.util.concurrent.ThreadPoolExecutor.runWorker(ThreadPoolExecutor.java:1149)
	at java.util.concurrent.ThreadPoolExecutor$Worker.run(ThreadPoolExecutor.java:624)
	at java.lang.Thread.run(Thread.java:750)
Caused by: ERROR 08000: Connection closed by unknown interrupt.
	at org.apache.derby.iapi.error.StandardException.newException(Unknown Source)
	at org.apache.derby.iapi.error.StandardException.newException(Unknown Source)
	at org.apache.derby.iapi.util.InterruptStatus.setInterrupted(Unknown Source)
	at org.apache.derby.iapi.util.InterruptStatus.throwIf(Unknown Source)
	at org.apache.derby.impl.sql.execute.BasicNoPutResultSetImpl.checkCancellationFlag(Unknown Source)
	at org.apache.derby.impl.sql.execute.BulkTableScanResultSet.getNextRowCore(Unknown Source)
	at org.apache.derby.impl.sql.execute.ProjectRestrictResultSet.getNextRowCore(Unknown Source)
	at org.apache.derby.impl.sql.execute.BasicNoPutResultSetImpl.getNextRow(Unknown Source)
	... 36 more
)
	at org.apache.hadoop.hive.metastore.txn.TxnHandler.checkMinHistoryLevelTable(TxnHandler.java:466)
	at org.apache.hadoop.hive.metastore.txn.TxnHandler.setConf(TxnHandler.java:422)
	... 31 more

2024-04-24T01:19:01,800 ERROR [Heartbeater-1] lockmgr.DbTxnManager: Failed trying to heartbeat queryId=alex_20240424011859_2c2c3c7d-eff6-4e45-822f-b62ad37a46a0, currentUser: alex (auth:SIMPLE): java.lang.RuntimeException: MetaException(message:Unable to select from transaction database: Connection closed by unknown interrupt. (SQLState=08000, ErrorCode=40000)java.sql.SQLNonTransientConnectionException: Connection closed by unknown interrupt.
	at org.apache.derby.impl.jdbc.SQLExceptionFactory.getSQLException(Unknown Source)
	at org.apache.derby.impl.jdbc.Util.generateCsSQLException(Unknown Source)
	at org.apache.derby.impl.jdbc.TransactionResourceImpl.wrapInSQLException(Unknown Source)
	at org.apache.derby.impl.jdbc.TransactionResourceImpl.handleException(Unknown Source)
	at org.apache.derby.impl.jdbc.EmbedConnection.handleException(Unknown Source)
	at org.apache.derby.impl.jdbc.ConnectionChild.handleException(Unknown Source)
	at org.apache.derby.impl.jdbc.EmbedResultSet.closeOnTransactionError(Unknown Source)
	at org.apache.derby.impl.jdbc.EmbedResultSet.movePosition(Unknown Source)
	at org.apache.derby.impl.jdbc.EmbedResultSet.next(Unknown Source)
	at com.zaxxer.hikari.pool.HikariProxyResultSet.next(HikariProxyResultSet.java)
	at org.apache.hadoop.hive.metastore.txn.TxnHandler.checkMinHistoryLevelTable(TxnHandler.java:457)
	at org.apache.hadoop.hive.metastore.txn.TxnHandler.setConf(TxnHandler.java:422)
	at org.apache.hadoop.hive.metastore.txn.TxnUtils.getTxnStore(TxnUtils.java:124)
	at org.apache.hadoop.hive.metastore.HMSHandler.getMsThreadTxnHandler(HMSHandler.java:717)
	at org.apache.hadoop.hive.metastore.HMSHandler.getTxnHandler(HMSHandler.java:711)
	at org.apache.hadoop.hive.metastore.HMSHandler.heartbeat(HMSHandler.java:8959)
	at sun.reflect.NativeMethodAccessorImpl.invoke0(Native Method)
	at sun.reflect.NativeMethodAccessorImpl.invoke(NativeMethodAccessorImpl.java:62)
	at sun.reflect.DelegatingMethodAccessorImpl.invoke(DelegatingMethodAccessorImpl.java:43)
	at java.lang.reflect.Method.invoke(Method.java:498)
	at org.apache.hadoop.hive.metastore.RetryingHMSHandler.invokeInternal(RetryingHMSHandler.java:147)
	at org.apache.hadoop.hive.metastore.RetryingHMSHandler.invoke(RetryingHMSHandler.java:108)
	at com.sun.proxy.$Proxy39.heartbeat(Unknown Source)
	at org.apache.hadoop.hive.metastore.HiveMetaStoreClient.heartbeat(HiveMetaStoreClient.java:4088)
	at sun.reflect.NativeMethodAccessorImpl.invoke0(Native Method)
	at sun.reflect.NativeMethodAccessorImpl.invoke(NativeMethodAccessorImpl.java:62)
	at sun.reflect.DelegatingMethodAccessorImpl.invoke(DelegatingMethodAccessorImpl.java:43)
	at java.lang.reflect.Method.invoke(Method.java:498)
	at org.apache.hadoop.hive.metastore.RetryingMetaStoreClient.invoke(RetryingMetaStoreClient.java:218)
	at com.sun.proxy.$Proxy40.heartbeat(Unknown Source)
	at org.apache.hadoop.hive.ql.lockmgr.DbTxnManager.heartbeat(DbTxnManager.java:647)
	at org.apache.hadoop.hive.ql.lockmgr.DbTxnManager$Heartbeater.lambda$run$0(DbTxnManager.java:1101)
	at java.security.AccessController.doPrivileged(Native Method)
	at javax.security.auth.Subject.doAs(Subject.java:422)
	at org.apache.hadoop.security.UserGroupInformation.doAs(UserGroupInformation.java:1682)
	at org.apache.hadoop.hive.ql.lockmgr.DbTxnManager$Heartbeater.run(DbTxnManager.java:1100)
	at java.util.concurrent.Executors$RunnableAdapter.call(Executors.java:511)
	at java.util.concurrent.FutureTask.runAndReset(FutureTask.java:308)
	at java.util.concurrent.ScheduledThreadPoolExecutor$ScheduledFutureTask.access$301(ScheduledThreadPoolExecutor.java:180)
	at java.util.concurrent.ScheduledThreadPoolExecutor$ScheduledFutureTask.run(ScheduledThreadPoolExecutor.java:294)
	at java.util.concurrent.ThreadPoolExecutor.runWorker(ThreadPoolExecutor.java:1149)
	at java.util.concurrent.ThreadPoolExecutor$Worker.run(ThreadPoolExecutor.java:624)
	at java.lang.Thread.run(Thread.java:750)
Caused by: ERROR 08000: Connection closed by unknown interrupt.
	at org.apache.derby.iapi.error.StandardException.newException(Unknown Source)
	at org.apache.derby.iapi.error.StandardException.newException(Unknown Source)
	at org.apache.derby.iapi.util.InterruptStatus.setInterrupted(Unknown Source)
	at org.apache.derby.iapi.util.InterruptStatus.throwIf(Unknown Source)
	at org.apache.derby.impl.sql.execute.BasicNoPutResultSetImpl.checkCancellationFlag(Unknown Source)
	at org.apache.derby.impl.sql.execute.BulkTableScanResultSet.getNextRowCore(Unknown Source)
	at org.apache.derby.impl.sql.execute.ProjectRestrictResultSet.getNextRowCore(Unknown Source)
	at org.apache.derby.impl.sql.execute.BasicNoPutResultSetImpl.getNextRow(Unknown Source)
	... 36 more
)
java.lang.RuntimeException: java.lang.RuntimeException: MetaException(message:Unable to select from transaction database: Connection closed by unknown interrupt. (SQLState=08000, ErrorCode=40000)java.sql.SQLNonTransientConnectionException: Connection closed by unknown interrupt.
	at org.apache.derby.impl.jdbc.SQLExceptionFactory.getSQLException(Unknown Source)
	at org.apache.derby.impl.jdbc.Util.generateCsSQLException(Unknown Source)
	at org.apache.derby.impl.jdbc.TransactionResourceImpl.wrapInSQLException(Unknown Source)
	at org.apache.derby.impl.jdbc.TransactionResourceImpl.handleException(Unknown Source)
	at org.apache.derby.impl.jdbc.EmbedConnection.handleException(Unknown Source)
	at org.apache.derby.impl.jdbc.ConnectionChild.handleException(Unknown Source)
	at org.apache.derby.impl.jdbc.EmbedResultSet.closeOnTransactionError(Unknown Source)
	at org.apache.derby.impl.jdbc.EmbedResultSet.movePosition(Unknown Source)
	at org.apache.derby.impl.jdbc.EmbedResultSet.next(Unknown Source)
	at com.zaxxer.hikari.pool.HikariProxyResultSet.next(HikariProxyResultSet.java)
	at org.apache.hadoop.hive.metastore.txn.TxnHandler.checkMinHistoryLevelTable(TxnHandler.java:457)
	at org.apache.hadoop.hive.metastore.txn.TxnHandler.setConf(TxnHandler.java:422)
	at org.apache.hadoop.hive.metastore.txn.TxnUtils.getTxnStore(TxnUtils.java:124)
	at org.apache.hadoop.hive.metastore.HMSHandler.getMsThreadTxnHandler(HMSHandler.java:717)
	at org.apache.hadoop.hive.metastore.HMSHandler.getTxnHandler(HMSHandler.java:711)
	at org.apache.hadoop.hive.metastore.HMSHandler.heartbeat(HMSHandler.java:8959)
	at sun.reflect.NativeMethodAccessorImpl.invoke0(Native Method)
	at sun.reflect.NativeMethodAccessorImpl.invoke(NativeMethodAccessorImpl.java:62)
	at sun.reflect.DelegatingMethodAccessorImpl.invoke(DelegatingMethodAccessorImpl.java:43)
	at java.lang.reflect.Method.invoke(Method.java:498)
	at org.apache.hadoop.hive.metastore.RetryingHMSHandler.invokeInternal(RetryingHMSHandler.java:147)
	at org.apache.hadoop.hive.metastore.RetryingHMSHandler.invoke(RetryingHMSHandler.java:108)
	at com.sun.proxy.$Proxy39.heartbeat(Unknown Source)
	at org.apache.hadoop.hive.metastore.HiveMetaStoreClient.heartbeat(HiveMetaStoreClient.java:4088)
	at sun.reflect.NativeMethodAccessorImpl.invoke0(Native Method)
	at sun.reflect.NativeMethodAccessorImpl.invoke(NativeMethodAccessorImpl.java:62)
	at sun.reflect.DelegatingMethodAccessorImpl.invoke(DelegatingMethodAccessorImpl.java:43)
	at java.lang.reflect.Method.invoke(Method.java:498)
	at org.apache.hadoop.hive.metastore.RetryingMetaStoreClient.invoke(RetryingMetaStoreClient.java:218)
	at com.sun.proxy.$Proxy40.heartbeat(Unknown Source)
	at org.apache.hadoop.hive.ql.lockmgr.DbTxnManager.heartbeat(DbTxnManager.java:647)
	at org.apache.hadoop.hive.ql.lockmgr.DbTxnManager$Heartbeater.lambda$run$0(DbTxnManager.java:1101)
	at java.security.AccessController.doPrivileged(Native Method)
	at javax.security.auth.Subject.doAs(Subject.java:422)
	at org.apache.hadoop.security.UserGroupInformation.doAs(UserGroupInformation.java:1682)
	at org.apache.hadoop.hive.ql.lockmgr.DbTxnManager$Heartbeater.run(DbTxnManager.java:1100)
	at java.util.concurrent.Executors$RunnableAdapter.call(Executors.java:511)
	at java.util.concurrent.FutureTask.runAndReset(FutureTask.java:308)
	at java.util.concurrent.ScheduledThreadPoolExecutor$ScheduledFutureTask.access$301(ScheduledThreadPoolExecutor.java:180)
	at java.util.concurrent.ScheduledThreadPoolExecutor$ScheduledFutureTask.run(ScheduledThreadPoolExecutor.java:294)
	at java.util.concurrent.ThreadPoolExecutor.runWorker(ThreadPoolExecutor.java:1149)
	at java.util.concurrent.ThreadPoolExecutor$Worker.run(ThreadPoolExecutor.java:624)
	at java.lang.Thread.run(Thread.java:750)
Caused by: ERROR 08000: Connection closed by unknown interrupt.
	at org.apache.derby.iapi.error.StandardException.newException(Unknown Source)
	at org.apache.derby.iapi.error.StandardException.newException(Unknown Source)
	at org.apache.derby.iapi.util.InterruptStatus.setInterrupted(Unknown Source)
	at org.apache.derby.iapi.util.InterruptStatus.throwIf(Unknown Source)
	at org.apache.derby.impl.sql.execute.BasicNoPutResultSetImpl.checkCancellationFlag(Unknown Source)
	at org.apache.derby.impl.sql.execute.BulkTableScanResultSet.getNextRowCore(Unknown Source)
	at org.apache.derby.impl.sql.execute.ProjectRestrictResultSet.getNextRowCore(Unknown Source)
	at org.apache.derby.impl.sql.execute.BasicNoPutResultSetImpl.getNextRow(Unknown Source)
	... 36 more
)
	at org.apache.hadoop.hive.metastore.txn.TxnUtils.getTxnStore(TxnUtils.java:128) ~[classes/:?]
	at org.apache.hadoop.hive.metastore.HMSHandler.getMsThreadTxnHandler(HMSHandler.java:717) ~[classes/:?]
	at org.apache.hadoop.hive.metastore.HMSHandler.getTxnHandler(HMSHandler.java:711) ~[classes/:?]
	at org.apache.hadoop.hive.metastore.HMSHandler.heartbeat(HMSHandler.java:8959) ~[classes/:?]
	at sun.reflect.NativeMethodAccessorImpl.invoke0(Native Method) ~[?:1.8.0_402]
	at sun.reflect.NativeMethodAccessorImpl.invoke(NativeMethodAccessorImpl.java:62) ~[?:1.8.0_402]
	at sun.reflect.DelegatingMethodAccessorImpl.invoke(DelegatingMethodAccessorImpl.java:43) ~[?:1.8.0_402]
	at java.lang.reflect.Method.invoke(Method.java:498) ~[?:1.8.0_402]
	at org.apache.hadoop.hive.metastore.RetryingHMSHandler.invokeInternal(RetryingHMSHandler.java:147) ~[classes/:?]
	at org.apache.hadoop.hive.metastore.RetryingHMSHandler.invoke(RetryingHMSHandler.java:108) ~[classes/:?]
	at com.sun.proxy.$Proxy39.heartbeat(Unknown Source) ~[?:?]
	at org.apache.hadoop.hive.metastore.HiveMetaStoreClient.heartbeat(HiveMetaStoreClient.java:4088) ~[classes/:?]
	at sun.reflect.NativeMethodAccessorImpl.invoke0(Native Method) ~[?:1.8.0_402]
	at sun.reflect.NativeMethodAccessorImpl.invoke(NativeMethodAccessorImpl.java:62) ~[?:1.8.0_402]
	at sun.reflect.DelegatingMethodAccessorImpl.invoke(DelegatingMethodAccessorImpl.java:43) ~[?:1.8.0_402]
	at java.lang.reflect.Method.invoke(Method.java:498) ~[?:1.8.0_402]
	at org.apache.hadoop.hive.metastore.RetryingMetaStoreClient.invoke(RetryingMetaStoreClient.java:218) ~[classes/:?]
	at com.sun.proxy.$Proxy40.heartbeat(Unknown Source) ~[?:?]
	at org.apache.hadoop.hive.ql.lockmgr.DbTxnManager.heartbeat(DbTxnManager.java:647) ~[classes/:?]
	at org.apache.hadoop.hive.ql.lockmgr.DbTxnManager$Heartbeater.lambda$run$0(DbTxnManager.java:1101) ~[classes/:?]
	at java.security.AccessController.doPrivileged(Native Method) ~[?:1.8.0_402]
	at javax.security.auth.Subject.doAs(Subject.java:422) ~[?:1.8.0_402]
	at org.apache.hadoop.security.UserGroupInformation.doAs(UserGroupInformation.java:1682) ~[hadoop-common-3.1.0.jar:?]
	at org.apache.hadoop.hive.ql.lockmgr.DbTxnManager$Heartbeater.run(DbTxnManager.java:1100) [classes/:?]
	at java.util.concurrent.Executors$RunnableAdapter.call(Executors.java:511) [?:1.8.0_402]
	at java.util.concurrent.FutureTask.runAndReset(FutureTask.java:308) [?:1.8.0_402]
	at java.util.concurrent.ScheduledThreadPoolExecutor$ScheduledFutureTask.access$301(ScheduledThreadPoolExecutor.java:180) [?:1.8.0_402]
	at java.util.concurrent.ScheduledThreadPoolExecutor$ScheduledFutureTask.run(ScheduledThreadPoolExecutor.java:294) [?:1.8.0_402]
	at java.util.concurrent.ThreadPoolExecutor.runWorker(ThreadPoolExecutor.java:1149) [?:1.8.0_402]
	at java.util.concurrent.ThreadPoolExecutor$Worker.run(ThreadPoolExecutor.java:624) [?:1.8.0_402]
	at java.lang.Thread.run(Thread.java:750) [?:1.8.0_402]
Caused by: java.lang.RuntimeException: MetaException(message:Unable to select from transaction database: Connection closed by unknown interrupt. (SQLState=08000, ErrorCode=40000)java.sql.SQLNonTransientConnectionException: Connection closed by unknown interrupt.
	at org.apache.derby.impl.jdbc.SQLExceptionFactory.getSQLException(Unknown Source)
	at org.apache.derby.impl.jdbc.Util.generateCsSQLException(Unknown Source)
	at org.apache.derby.impl.jdbc.TransactionResourceImpl.wrapInSQLException(Unknown Source)
	at org.apache.derby.impl.jdbc.TransactionResourceImpl.handleException(Unknown Source)
	at org.apache.derby.impl.jdbc.EmbedConnection.handleException(Unknown Source)
	at org.apache.derby.impl.jdbc.ConnectionChild.handleException(Unknown Source)
	at org.apache.derby.impl.jdbc.EmbedResultSet.closeOnTransactionError(Unknown Source)
	at org.apache.derby.impl.jdbc.EmbedResultSet.movePosition(Unknown Source)
	at org.apache.derby.impl.jdbc.EmbedResultSet.next(Unknown Source)
	at com.zaxxer.hikari.pool.HikariProxyResultSet.next(HikariProxyResultSet.java)
	at org.apache.hadoop.hive.metastore.txn.TxnHandler.checkMinHistoryLevelTable(TxnHandler.java:457)
	at org.apache.hadoop.hive.metastore.txn.TxnHandler.setConf(TxnHandler.java:422)
	at org.apache.hadoop.hive.metastore.txn.TxnUtils.getTxnStore(TxnUtils.java:124)
	at org.apache.hadoop.hive.metastore.HMSHandler.getMsThreadTxnHandler(HMSHandler.java:717)
	at org.apache.hadoop.hive.metastore.HMSHandler.getTxnHandler(HMSHandler.java:711)
	at org.apache.hadoop.hive.metastore.HMSHandler.heartbeat(HMSHandler.java:8959)
	at sun.reflect.NativeMethodAccessorImpl.invoke0(Native Method)
	at sun.reflect.NativeMethodAccessorImpl.invoke(NativeMethodAccessorImpl.java:62)
	at sun.reflect.DelegatingMethodAccessorImpl.invoke(DelegatingMethodAccessorImpl.java:43)
	at java.lang.reflect.Method.invoke(Method.java:498)
	at org.apache.hadoop.hive.metastore.RetryingHMSHandler.invokeInternal(RetryingHMSHandler.java:147)
	at org.apache.hadoop.hive.metastore.RetryingHMSHandler.invoke(RetryingHMSHandler.java:108)
	at com.sun.proxy.$Proxy39.heartbeat(Unknown Source)
	at org.apache.hadoop.hive.metastore.HiveMetaStoreClient.heartbeat(HiveMetaStoreClient.java:4088)
	at sun.reflect.NativeMethodAccessorImpl.invoke0(Native Method)
	at sun.reflect.NativeMethodAccessorImpl.invoke(NativeMethodAccessorImpl.java:62)
	at sun.reflect.DelegatingMethodAccessorImpl.invoke(DelegatingMethodAccessorImpl.java:43)
	at java.lang.reflect.Method.invoke(Method.java:498)
	at org.apache.hadoop.hive.metastore.RetryingMetaStoreClient.invoke(RetryingMetaStoreClient.java:218)
	at com.sun.proxy.$Proxy40.heartbeat(Unknown Source)
	at org.apache.hadoop.hive.ql.lockmgr.DbTxnManager.heartbeat(DbTxnManager.java:647)
	at org.apache.hadoop.hive.ql.lockmgr.DbTxnManager$Heartbeater.lambda$run$0(DbTxnManager.java:1101)
	at java.security.AccessController.doPrivileged(Native Method)
	at javax.security.auth.Subject.doAs(Subject.java:422)
	at org.apache.hadoop.security.UserGroupInformation.doAs(UserGroupInformation.java:1682)
	at org.apache.hadoop.hive.ql.lockmgr.DbTxnManager$Heartbeater.run(DbTxnManager.java:1100)
	at java.util.concurrent.Executors$RunnableAdapter.call(Executors.java:511)
	at java.util.concurrent.FutureTask.runAndReset(FutureTask.java:308)
	at java.util.concurrent.ScheduledThreadPoolExecutor$ScheduledFutureTask.access$301(ScheduledThreadPoolExecutor.java:180)
	at java.util.concurrent.ScheduledThreadPoolExecutor$ScheduledFutureTask.run(ScheduledThreadPoolExecutor.java:294)
	at java.util.concurrent.ThreadPoolExecutor.runWorker(ThreadPoolExecutor.java:1149)
	at java.util.concurrent.ThreadPoolExecutor$Worker.run(ThreadPoolExecutor.java:624)
	at java.lang.Thread.run(Thread.java:750)
Caused by: ERROR 08000: Connection closed by unknown interrupt.
	at org.apache.derby.iapi.error.StandardException.newException(Unknown Source)
	at org.apache.derby.iapi.error.StandardException.newException(Unknown Source)
	at org.apache.derby.iapi.util.InterruptStatus.setInterrupted(Unknown Source)
	at org.apache.derby.iapi.util.InterruptStatus.throwIf(Unknown Source)
	at org.apache.derby.impl.sql.execute.BasicNoPutResultSetImpl.checkCancellationFlag(Unknown Source)
	at org.apache.derby.impl.sql.execute.BulkTableScanResultSet.getNextRowCore(Unknown Source)
	at org.apache.derby.impl.sql.execute.ProjectRestrictResultSet.getNextRowCore(Unknown Source)
	at org.apache.derby.impl.sql.execute.BasicNoPutResultSetImpl.getNextRow(Unknown Source)
	... 36 more
)
	at org.apache.hadoop.hive.metastore.txn.TxnHandler.setConf(TxnHandler.java:426) ~[classes/:?]
	at org.apache.hadoop.hive.metastore.txn.TxnUtils.getTxnStore(TxnUtils.java:124) ~[classes/:?]
	... 30 more
Caused by: org.apache.hadoop.hive.metastore.api.MetaException: Unable to select from transaction database: Connection closed by unknown interrupt. (SQLState=08000, ErrorCode=40000)java.sql.SQLNonTransientConnectionException: Connection closed by unknown interrupt.
	at org.apache.derby.impl.jdbc.SQLExceptionFactory.getSQLException(Unknown Source)
	at org.apache.derby.impl.jdbc.Util.generateCsSQLException(Unknown Source)
	at org.apache.derby.impl.jdbc.TransactionResourceImpl.wrapInSQLException(Unknown Source)
	at org.apache.derby.impl.jdbc.TransactionResourceImpl.handleException(Unknown Source)
	at org.apache.derby.impl.jdbc.EmbedConnection.handleException(Unknown Source)
	at org.apache.derby.impl.jdbc.ConnectionChild.handleException(Unknown Source)
	at org.apache.derby.impl.jdbc.EmbedResultSet.closeOnTransactionError(Unknown Source)
	at org.apache.derby.impl.jdbc.EmbedResultSet.movePosition(Unknown Source)
	at org.apache.derby.impl.jdbc.EmbedResultSet.next(Unknown Source)
	at com.zaxxer.hikari.pool.HikariProxyResultSet.next(HikariProxyResultSet.java)
	at org.apache.hadoop.hive.metastore.txn.TxnHandler.checkMinHistoryLevelTable(TxnHandler.java:457)
	at org.apache.hadoop.hive.metastore.txn.TxnHandler.setConf(TxnHandler.java:422)
	at org.apache.hadoop.hive.metastore.txn.TxnUtils.getTxnStore(TxnUtils.java:124)
	at org.apache.hadoop.hive.metastore.HMSHandler.getMsThreadTxnHandler(HMSHandler.java:717)
	at org.apache.hadoop.hive.metastore.HMSHandler.getTxnHandler(HMSHandler.java:711)
	at org.apache.hadoop.hive.metastore.HMSHandler.heartbeat(HMSHandler.java:8959)
	at sun.reflect.NativeMethodAccessorImpl.invoke0(Native Method)
	at sun.reflect.NativeMethodAccessorImpl.invoke(NativeMethodAccessorImpl.java:62)
	at sun.reflect.DelegatingMethodAccessorImpl.invoke(DelegatingMethodAccessorImpl.java:43)
	at java.lang.reflect.Method.invoke(Method.java:498)
	at org.apache.hadoop.hive.metastore.RetryingHMSHandler.invokeInternal(RetryingHMSHandler.java:147)
	at org.apache.hadoop.hive.metastore.RetryingHMSHandler.invoke(RetryingHMSHandler.java:108)
	at com.sun.proxy.$Proxy39.heartbeat(Unknown Source)
	at org.apache.hadoop.hive.metastore.HiveMetaStoreClient.heartbeat(HiveMetaStoreClient.java:4088)
	at sun.reflect.NativeMethodAccessorImpl.invoke0(Native Method)
	at sun.reflect.NativeMethodAccessorImpl.invoke(NativeMethodAccessorImpl.java:62)
	at sun.reflect.DelegatingMethodAccessorImpl.invoke(DelegatingMethodAccessorImpl.java:43)
	at java.lang.reflect.Method.invoke(Method.java:498)
	at org.apache.hadoop.hive.metastore.RetryingMetaStoreClient.invoke(RetryingMetaStoreClient.java:218)
	at com.sun.proxy.$Proxy40.heartbeat(Unknown Source)
	at org.apache.hadoop.hive.ql.lockmgr.DbTxnManager.heartbeat(DbTxnManager.java:647)
	at org.apache.hadoop.hive.ql.lockmgr.DbTxnManager$Heartbeater.lambda$run$0(DbTxnManager.java:1101)
	at java.security.AccessController.doPrivileged(Native Method)
	at javax.security.auth.Subject.doAs(Subject.java:422)
	at org.apache.hadoop.security.UserGroupInformation.doAs(UserGroupInformation.java:1682)
	at org.apache.hadoop.hive.ql.lockmgr.DbTxnManager$Heartbeater.run(DbTxnManager.java:1100)
	at java.util.concurrent.Executors$RunnableAdapter.call(Executors.java:511)
	at java.util.concurrent.FutureTask.runAndReset(FutureTask.java:308)
	at java.util.concurrent.ScheduledThreadPoolExecutor$ScheduledFutureTask.access$301(ScheduledThreadPoolExecutor.java:180)
	at java.util.concurrent.ScheduledThreadPoolExecutor$ScheduledFutureTask.run(ScheduledThreadPoolExecutor.java:294)
	at java.util.concurrent.ThreadPoolExecutor.runWorker(ThreadPoolExecutor.java:1149)
	at java.util.concurrent.ThreadPoolExecutor$Worker.run(ThreadPoolExecutor.java:624)
	at java.lang.Thread.run(Thread.java:750)
Caused by: ERROR 08000: Connection closed by unknown interrupt.
	at org.apache.derby.iapi.error.StandardException.newException(Unknown Source)
	at org.apache.derby.iapi.error.StandardException.newException(Unknown Source)
	at org.apache.derby.iapi.util.InterruptStatus.setInterrupted(Unknown Source)
	at org.apache.derby.iapi.util.InterruptStatus.throwIf(Unknown Source)
	at org.apache.derby.impl.sql.execute.BasicNoPutResultSetImpl.checkCancellationFlag(Unknown Source)
	at org.apache.derby.impl.sql.execute.BulkTableScanResultSet.getNextRowCore(Unknown Source)
	at org.apache.derby.impl.sql.execute.ProjectRestrictResultSet.getNextRowCore(Unknown Source)
	at org.apache.derby.impl.sql.execute.BasicNoPutResultSetImpl.getNextRow(Unknown Source)
	... 36 more

	at org.apache.hadoop.hive.metastore.txn.TxnHandler.checkMinHistoryLevelTable(TxnHandler.java:466) ~[classes/:?]
	at org.apache.hadoop.hive.metastore.txn.TxnHandler.setConf(TxnHandler.java:422) ~[classes/:?]
	at org.apache.hadoop.hive.metastore.txn.TxnUtils.getTxnStore(TxnUtils.java:124) ~[classes/:?]
	... 30 more
2024-04-24T01:19:01,802  INFO [main] lockmgr.DbLockManager: Response to queryId=alex_20240424011859_2c2c3c7d-eff6-4e45-822f-b62ad37a46a0 LockResponse(lockid:9, state:ACQUIRED)
2024-04-24T01:19:01,802  INFO [main] ql.Driver: Operation CREATETABLE obtained 1 locks
2024-04-24T01:19:01,802  INFO [main] ql.Driver: Executing command(queryId=alex_20240424011859_2c2c3c7d-eff6-4e45-822f-b62ad37a46a0): create table T (a int, b int) stored as ORC  TBLPROPERTIES ('transactional'='false')
2024-04-24T01:19:01,802  INFO [main] ql.Driver: Starting task [Stage-0:DDL] in serial mode
2024-04-24T01:19:01,803  INFO [main] HiveMetaStore.audit: ugi=alex	ip=unknown-ip-addr	cmd=create_table_req: Table(tableName:T, dbName:default, owner:alex, createTime:1713946741, lastAccessTime:0, retention:0, sd:StorageDescriptor(cols:[FieldSchema(name:a, type:int, comment:null), FieldSchema(name:b, type:int, comment:null)], location:null, inputFormat:org.apache.hadoop.hive.ql.io.orc.OrcInputFormat, outputFormat:org.apache.hadoop.hive.ql.io.orc.OrcOutputFormat, compressed:false, numBuckets:-1, serdeInfo:SerDeInfo(name:null, serializationLib:org.apache.hadoop.hive.ql.io.orc.OrcSerde, parameters:{serialization.format=1}), bucketCols:[], sortCols:[], parameters:{}, skewedInfo:SkewedInfo(skewedColNames:[], skewedColValues:[], skewedColValueLocationMaps:{}), storedAsSubDirectories:false), partitionKeys:[], parameters:{totalSize=0, transactional=false, numFiles=0, bucketing_version=2, numFilesErasureCoded=0, COLUMN_STATS_ACCURATE={"BASIC_STATS":"true","COLUMN_STATS":{"a":"true","b":"true"}}, numRows=0, rawDataSize=0}, viewOriginalText:null, viewExpandedText:null, tableType:MANAGED_TABLE, privileges:PrincipalPrivilegeSet(userPrivileges:{alex=[PrivilegeGrantInfo(privilege:INSERT, createTime:-1, grantor:alex, grantorType:USER, grantOption:true), PrivilegeGrantInfo(privilege:SELECT, createTime:-1, grantor:alex, grantorType:USER, grantOption:true), PrivilegeGrantInfo(privilege:UPDATE, createTime:-1, grantor:alex, grantorType:USER, grantOption:true), PrivilegeGrantInfo(privilege:DELETE, createTime:-1, grantor:alex, grantorType:USER, grantOption:true)]}, groupPrivileges:null, rolePrivileges:null), temporary:false, catName:hive, ownerType:USER)	
2024-04-24T01:19:01,810  INFO [main] utils.FileUtils: Creating directory if it doesn't exist: file:/home/alex/Repositories/hive/ql/target/tmp/org.apache.hadoop.hive.ql.TestTxnNoBuckets-1713946626176/warehouse/t
2024-04-24T01:19:01,842  INFO [main] metadata.Hive: Dumping metastore api call timing information for : execution phase
2024-04-24T01:19:01,842  INFO [main] metadata.Hive: Total time spent in each metastore function (ms): {isCompatibleWith_(Configuration)=0, createTable_(Table)=38}
2024-04-24T01:19:01,842  INFO [main] ql.Driver: Completed executing command(queryId=alex_20240424011859_2c2c3c7d-eff6-4e45-822f-b62ad37a46a0); Time taken: 0.039 seconds
2024-04-24T01:19:01,842  INFO [main] lockmgr.DbTxnManager: Stopped heartbeat for query: alex_20240424011859_2c2c3c7d-eff6-4e45-822f-b62ad37a46a0
2024-04-24T01:19:01,846  INFO [main] txn.TxnHandler: Expected to move at least one record from txn_components to completed_txn_components when committing txn! txnid:15
2024-04-24T01:19:01,852  INFO [main] txn.TxnHandler: Removed transactions: ([15]) from MIN_HISTORY_LEVEL
2024-04-24T01:19:01,852  WARN [main] txn.CompactionTxnHandler: No compaction queue record found for Compaction type transaction commit. txnId:15
2024-04-24T01:19:01,853  INFO [main] ql.TxnCommandsBaseForTests: Running the query: insert into T(a,b) select a, b from acidTbl where a between 1 and 3 group by a, b union all select a, b from acidTbl where a between 5 and 7 union all select a, b from acidTbl where a >= 9
2024-04-24T01:19:01,853  INFO [main] ql.Driver: Compiling command(queryId=alex_20240424011859_2c2c3c7d-eff6-4e45-822f-b62ad37a46a0): insert into T(a,b) select a, b from acidTbl where a between 1 and 3 group by a, b union all select a, b from acidTbl where a between 5 and 7 union all select a, b from acidTbl where a >= 9
2024-04-24T01:19:01,857  INFO [main] txn.TxnHandler: Added entries to MIN_HISTORY_LEVEL for current txns: ([16]) with min_open_txn: 14
2024-04-24T01:19:01,857  INFO [main] lockmgr.DbTxnManager: Opened txnid:16
2024-04-24T01:19:01,858  INFO [main] parse.CalcitePlanner: Starting caching scope for: alex_20240424011859_2c2c3c7d-eff6-4e45-822f-b62ad37a46a0
2024-04-24T01:19:01,858  INFO [main] parse.CalcitePlanner: Starting Semantic Analysis
2024-04-24T01:19:01,863  INFO [main] HiveMetaStore.audit: ugi=alex	ip=unknown-ip-addr	cmd=get_table : tbl=hive.default.T	
2024-04-24T01:19:01,901  INFO [main] metastore.HMSHandler: Skipping translation for processor with null
2024-04-24T01:19:01,901  INFO [main] parse.CalcitePlanner: Completed phase 1 of Semantic Analysis
2024-04-24T01:19:01,901  INFO [main] parse.CalcitePlanner: Get metadata for source tables
2024-04-24T01:19:01,901  INFO [main] parse.CalcitePlanner: Get metadata for subqueries
2024-04-24T01:19:01,901  INFO [main] parse.CalcitePlanner: Get metadata for source tables
2024-04-24T01:19:01,904  INFO [main] HiveMetaStore.audit: ugi=alex	ip=unknown-ip-addr	cmd=get_table : tbl=hive.default.acidtbl	
2024-04-24T01:19:01,916  INFO [main] metastore.HMSHandler: Skipping translation for processor with null
2024-04-24T01:19:01,916  INFO [main] parse.CalcitePlanner: Get metadata for subqueries
2024-04-24T01:19:01,916  INFO [main] parse.CalcitePlanner: Get metadata for destination tables
2024-04-24T01:19:01,916  INFO [main] parse.CalcitePlanner: Get metadata for source tables
2024-04-24T01:19:01,916  INFO [main] parse.CalcitePlanner: Get metadata for subqueries
2024-04-24T01:19:01,916  INFO [main] parse.CalcitePlanner: Get metadata for destination tables
2024-04-24T01:19:01,916  INFO [main] parse.CalcitePlanner: Get metadata for source tables
2024-04-24T01:19:01,916  INFO [main] parse.CalcitePlanner: Get metadata for subqueries
2024-04-24T01:19:01,916  INFO [main] parse.CalcitePlanner: Get metadata for destination tables
2024-04-24T01:19:01,916  INFO [main] parse.CalcitePlanner: Get metadata for destination tables
2024-04-24T01:19:01,917  INFO [main] HiveMetaStore.audit: ugi=alex	ip=unknown-ip-addr	cmd=get_table : tbl=hive.default.T	
2024-04-24T01:19:01,929  INFO [main] metastore.HMSHandler: Skipping translation for processor with null
2024-04-24T01:19:01,929  INFO [main] parse.CalcitePlanner: Completed getting MetaData in Semantic Analysis
2024-04-24T01:19:01,929  INFO [main] parse.CalcitePlanner: Disabling LLAP IO encode as ETL query is detected
2024-04-24T01:19:01,941  INFO [main] HiveMetaStore.audit: ugi=alex	ip=unknown-ip-addr	cmd=get_all_table_constraints : tbl=hive.default.acidtbl	
2024-04-24T01:19:01,976  INFO [main] HiveMetaStore.audit: ugi=alex	ip=unknown-ip-addr	cmd=get_all_table_constraints : tbl=hive.default.acidtbl	
2024-04-24T01:19:01,987  INFO [main] HiveMetaStore.audit: ugi=alex	ip=unknown-ip-addr	cmd=get_all_table_constraints : tbl=hive.default.acidtbl	
2024-04-24T01:19:02,025  INFO [main] calcite.RelOptHiveTable: Calculating column statistics for default.acidtbl, projIndxSet: [0, 1], allowMissingStats: true
2024-04-24T01:19:02,026  INFO [main] HiveMetaStore.audit: ugi=alex	ip=unknown-ip-addr	cmd=get_table_statistics_req: table=hive.default.acidtbl	
2024-04-24T01:19:02,037  WARN [main] calcite.RelOptHiveTable: No Stats for default@acidtbl, Columns: a, b
No Stats for default@acidtbl, Columns: a, b
2024-04-24T01:19:02,037  INFO [main] SessionState: No Stats for default@acidtbl, Columns: a, b
2024-04-24T01:19:02,124  INFO [main] parse.CalcitePlanner: Get metadata for source tables
2024-04-24T01:19:02,124  INFO [main] parse.CalcitePlanner: Get metadata for subqueries
2024-04-24T01:19:02,124  INFO [main] parse.CalcitePlanner: Get metadata for source tables
2024-04-24T01:19:02,124  INFO [main] parse.CalcitePlanner: Get metadata for subqueries
2024-04-24T01:19:02,124  INFO [main] parse.CalcitePlanner: Get metadata for destination tables
2024-04-24T01:19:02,124  INFO [main] parse.CalcitePlanner: Get metadata for source tables
2024-04-24T01:19:02,125  INFO [main] parse.CalcitePlanner: Get metadata for subqueries
2024-04-24T01:19:02,125  INFO [main] parse.CalcitePlanner: Get metadata for destination tables
2024-04-24T01:19:02,125  INFO [main] parse.CalcitePlanner: Get metadata for source tables
2024-04-24T01:19:02,125  INFO [main] parse.CalcitePlanner: Get metadata for subqueries
2024-04-24T01:19:02,125  INFO [main] parse.CalcitePlanner: Get metadata for destination tables
2024-04-24T01:19:02,125  INFO [main] parse.CalcitePlanner: Get metadata for destination tables
2024-04-24T01:19:02,130  INFO [main] common.FileUtils: Creating directory if it doesn't exist: file:/home/alex/Repositories/hive/ql/target/tmp/org.apache.hadoop.hive.ql.TestTxnNoBuckets-1713946626176/warehouse/t/.hive-staging_hive_2024-04-24_01-19-01_853_6007923438357583105-1
2024-04-24T01:19:02,132  INFO [main] HiveMetaStore.audit: ugi=alex	ip=unknown-ip-addr	cmd=get_not_null_constraints : tbl=hive.default.t	
2024-04-24T01:19:02,133  INFO [main] HiveMetaStore.audit: ugi=alex	ip=unknown-ip-addr	cmd=get_check_constraints : tbl=hive.default.t	
2024-04-24T01:19:02,137  INFO [main] parse.CalcitePlanner: CBO Succeeded; optimized logical plan.
2024-04-24T01:19:02,143  INFO [main] optimizer.ColumnPrunerProcFactory: RS 4 oldColExprMap: {KEY._col0=Column[_col0], KEY._col1=Column[_col1]}
2024-04-24T01:19:02,144  INFO [main] optimizer.ColumnPrunerProcFactory: RS 4 newColExprMap: {KEY._col0=Column[_col0], KEY._col1=Column[_col1]}
2024-04-24T01:19:02,146  INFO [main] optimizer.SortedDynPartitionOptimizer: Sorted dynamic partitioning optimization kicked in..
2024-04-24T01:19:02,162  INFO [main] HiveMetaStore.audit: ugi=alex	ip=unknown-ip-addr	cmd=get_table : tbl=hive.default.t	
2024-04-24T01:19:02,171  INFO [main] metastore.HMSHandler: Skipping translation for processor with null
2024-04-24T01:19:02,188  INFO [main] parse.CalcitePlanner: Completed plan generation
2024-04-24T01:19:02,188  INFO [main] parse.CalcitePlanner: Ending caching scope for: alex_20240424011859_2c2c3c7d-eff6-4e45-822f-b62ad37a46a0
2024-04-24T01:19:02,188  INFO [main] ql.Driver: Semantic Analysis Completed (retrial = false)
2024-04-24T01:19:02,188  INFO [main] ql.Driver: Created Hive schema: Schema(fieldSchemas:[FieldSchema(name:_col0, type:int, comment:null), FieldSchema(name:_col1, type:int, comment:null)], properties:null)
2024-04-24T01:19:02,188  INFO [main] metadata.Hive: Dumping metastore api call timing information for : compilation phase
2024-04-24T01:19:02,188  INFO [main] metadata.Hive: Total time spent in each metastore function (ms): {getValidWriteIds_(List, String)=7, getCheckConstraints_(CheckConstraintsRequest)=1, getValidTxns_(long)=0, flushCache_()=0, getAllTableConstraints_(AllTableConstraintsRequest)=48, getTableColumnStatistics_(String, String, List, String)=10, commitTxn_(CommitTxnRequest)=10, openTxn_(String, TxnType)=2, getNotNullConstraints_(NotNullConstraintsRequest)=1, getTable_(GetTableRequest)=71, isCompatibleWith_(Configuration)=0}
2024-04-24T01:19:02,189  INFO [main] ql.Driver: Completed compiling command(queryId=alex_20240424011859_2c2c3c7d-eff6-4e45-822f-b62ad37a46a0); Time taken: 0.335 seconds
2024-04-24T01:19:02,189  INFO [main] lockmgr.DbTxnManager: Setting lock request transaction to txnid:16 for queryId=alex_20240424011859_2c2c3c7d-eff6-4e45-822f-b62ad37a46a0
2024-04-24T01:19:02,189  INFO [main] lockmgr.DbLockManager: Requesting lock for queryId=alex_20240424011859_2c2c3c7d-eff6-4e45-822f-b62ad37a46a0
2024-04-24T01:19:02,202  INFO [main] lockmgr.DbLockManager: Response to queryId=alex_20240424011859_2c2c3c7d-eff6-4e45-822f-b62ad37a46a0 LockResponse(lockid:10, state:ACQUIRED)
2024-04-24T01:19:02,202  INFO [main] ql.Driver: Operation QUERY obtained 1 locks
2024-04-24T01:19:02,205  INFO [main] ql.Driver: Executing command(queryId=alex_20240424011859_2c2c3c7d-eff6-4e45-822f-b62ad37a46a0): insert into T(a,b) select a, b from acidTbl where a between 1 and 3 group by a, b union all select a, b from acidTbl where a between 5 and 7 union all select a, b from acidTbl where a >= 9
2024-04-24T01:19:02,206  WARN [main] ql.Driver: Hive-on-MR is deprecated in Hive 2 and may not be available in the future versions. Consider using a different execution engine (i.e. tez, spark) or using Hive 1.X releases.
Query ID = alex_20240424011859_2c2c3c7d-eff6-4e45-822f-b62ad37a46a0
2024-04-24T01:19:02,206  INFO [main] ql.Driver: Query ID = alex_20240424011859_2c2c3c7d-eff6-4e45-822f-b62ad37a46a0
Total jobs = 2
2024-04-24T01:19:02,206  INFO [main] ql.Driver: Total jobs = 2
Launching Job 1 out of 2
2024-04-24T01:19:02,206  INFO [main] ql.Driver: Launching Job 1 out of 2
2024-04-24T01:19:02,340  INFO [main] ql.Driver: Starting task [Stage-1:MAPRED] in serial mode
2024-04-24T01:19:02,340  INFO [main] exec.Utilities: Not using thread pool for getContentSummary
2024-04-24T01:19:02,341  INFO [main] exec.Utilities: BytesPerReducer=256000000 maxReducers=1009 totalInputFileSize=1393
Number of reduce tasks not specified. Estimated from input data size: 1
2024-04-24T01:19:02,341  INFO [main] exec.Task: Number of reduce tasks not specified. Estimated from input data size: 1
In order to change the average load for a reducer (in bytes):
2024-04-24T01:19:02,341  INFO [main] exec.Task: In order to change the average load for a reducer (in bytes):
  set hive.exec.reducers.bytes.per.reducer=<number>
2024-04-24T01:19:02,341  INFO [main] exec.Task:   set hive.exec.reducers.bytes.per.reducer=<number>
In order to limit the maximum number of reducers:
2024-04-24T01:19:02,341  INFO [main] exec.Task: In order to limit the maximum number of reducers:
  set hive.exec.reducers.max=<number>
2024-04-24T01:19:02,341  INFO [main] exec.Task:   set hive.exec.reducers.max=<number>
In order to set a constant number of reducers:
2024-04-24T01:19:02,341  INFO [main] exec.Task: In order to set a constant number of reducers:
  set mapreduce.job.reduces=<number>
2024-04-24T01:19:02,341  INFO [main] exec.Task:   set mapreduce.job.reduces=<number>
2024-04-24T01:19:02,344  INFO [main] mr.ExecDriver: Using org.apache.hadoop.hive.ql.io.HiveInputFormat
2024-04-24T01:19:02,344  INFO [main] exec.Utilities: Processing alias $hdt$_1-subquery1-subquery1:acidtbl
2024-04-24T01:19:02,344  INFO [main] exec.Utilities: Adding 1 inputs; the first input is file:/home/alex/Repositories/hive/ql/target/tmp/org.apache.hadoop.hive.ql.TestTxnNoBuckets-1713946626176/warehouse/acidtbl
2024-04-24T01:19:02,353  INFO [main] exec.SerializationUtilities: Serializing MapWork using kryo
2024-04-24T01:19:02,355  INFO [main] exec.Utilities: Serialized plan (via FILE) - name: null size: 5,29KB
2024-04-24T01:19:02,360  INFO [main] exec.SerializationUtilities: Serializing ReduceWork using kryo
2024-04-24T01:19:02,361  INFO [main] exec.Utilities: Serialized plan (via FILE) - name: null size: 5,30KB
2024-04-24T01:19:02,362  WARN [main] impl.MetricsSystemImpl: JobTracker metrics system already initialized!
2024-04-24T01:19:02,368  WARN [main] impl.MetricsSystemImpl: JobTracker metrics system already initialized!
2024-04-24T01:19:02,374  WARN [main] mapreduce.JobResourceUploader: Hadoop command-line option parsing not performed. Implement the Tool interface and execute your application with ToolRunner to remedy this.
2024-04-24T01:19:02,379  WARN [main] mapreduce.JobResourceUploader: No job jar file set.  User classes may not be found. See Job or Job#setJar(String).
2024-04-24T01:19:02,380  INFO [main] io.HiveInputFormat: hive.io.file.readcolumn.ids = 0,1
2024-04-24T01:19:02,380  INFO [main] io.HiveInputFormat: hive.io.file.readcolumn.names = a,b
2024-04-24T01:19:02,380  INFO [main] io.HiveInputFormat: Generating splits for dirs: file:/home/alex/Repositories/hive/ql/target/tmp/org.apache.hadoop.hive.ql.TestTxnNoBuckets-1713946626176/warehouse/acidtbl
2024-04-24T01:19:02,380  INFO [main] orc.OrcInputFormat: getSplits started
2024-04-24T01:19:02,381  INFO [main] orc.OrcInputFormat: Context:: isAcid: true isVectorMode: false sarg: leaf-(BETWEEN a 1 3) minSplitSize: 1 maxSplitSize: 256000000 splitStrategy: HYBRID footerInSplits: false numBuckets: 2 numThreads: 10 cacheMemSize: 268435456 cacheStripeDetails: true useSoftReference: false writeIdList: default.acidtbl:1:9223372036854775807:: isTransactionalTable: true txnProperties: default 
2024-04-24T01:19:02,381  INFO [main] orc.OrcInputFormat: ORC pushdown predicate: leaf-(BETWEEN a 1 3)
2024-04-24T01:19:02,392  INFO [main] orc.OrcInputFormat: FooterCacheHitRatio: 0/2
2024-04-24T01:19:02,393  INFO [main] orc.OrcInputFormat: getSplits finished (#splits: 2). duration: 13 ms
2024-04-24T01:19:02,393  INFO [main] io.HiveInputFormat: number of splits 2
2024-04-24T01:19:02,411  INFO [main] mapreduce.JobSubmitter: number of splits:2
2024-04-24T01:19:02,431  INFO [main] mapreduce.JobSubmitter: Submitting tokens for job: job_local907650889_0046
2024-04-24T01:19:02,431  INFO [main] mapreduce.JobSubmitter: Executing with tokens: []
2024-04-24T01:19:02,491  INFO [main] mapreduce.Job: The url to track the job: http://localhost:8080/
Job running in-process (local Hadoop)
2024-04-24T01:19:02,491  INFO [main] exec.Task: Job running in-process (local Hadoop)
2024-04-24T01:19:02,492  INFO [Thread-3039] mapred.LocalJobRunner: OutputCommitter set in config org.apache.hadoop.hive.ql.io.HiveFileFormatUtils$NullOutputCommitter
2024-04-24T01:19:02,492  INFO [Thread-3039] mapred.LocalJobRunner: OutputCommitter is org.apache.hadoop.hive.ql.io.HiveFileFormatUtils$NullOutputCommitter
2024-04-24T01:19:02,494  INFO [Thread-3039] mapred.LocalJobRunner: Waiting for map tasks
2024-04-24T01:19:02,494  INFO [LocalJobRunner Map Task Executor #0] mapred.LocalJobRunner: Starting task: attempt_local907650889_0046_m_000000_0
2024-04-24T01:19:02,494  INFO [LocalJobRunner Map Task Executor #0] mapred.Task:  Using ResourceCalculatorProcessTree : [ ]
2024-04-24T01:19:02,495  INFO [LocalJobRunner Map Task Executor #0] mapred.MapTask: Processing split: org.apache.hadoop.hive.ql.io.orc.OrcInputFormat:OrcSplit [file:/home/alex/Repositories/hive/ql/target/tmp/org.apache.hadoop.hive.ql.TestTxnNoBuckets-1713946626176/warehouse/acidtbl/delta_0000001_0000001_0000/bucket_00001_0, start=0, length=704, isOriginal=false, fileLength=704, hasFooter=false, hasBase=true, deltas=0]
2024-04-24T01:19:02,495  INFO [LocalJobRunner Map Task Executor #0] exec.SerializationUtilities: Deserializing MapWork using kryo
2024-04-24T01:19:02,496  INFO [LocalJobRunner Map Task Executor #0] exec.Utilities: Deserialized plan (via FILE) - name: null size: 5,29KB
2024-04-24T01:19:02,497  INFO [LocalJobRunner Map Task Executor #0] orc.OrcInputFormat: ORC pushdown predicate: leaf-(BETWEEN a 1 3)
2024-04-24T01:19:02,497  INFO [LocalJobRunner Map Task Executor #0] orc.OrcRawRecordMerger: min key = null, max key = null
2024-04-24T01:19:02,497  INFO [LocalJobRunner Map Task Executor #0] orc.ReaderImpl: Reading ORC rows from file:/home/alex/Repositories/hive/ql/target/tmp/org.apache.hadoop.hive.ql.TestTxnNoBuckets-1713946626176/warehouse/acidtbl/delta_0000001_0000001_0000/bucket_00001_0 with {include: [true, true, true], offset: 0, length: 704, sarg: leaf-(BETWEEN a 1 3), schema: struct<a:int,b:int>, includeAcidColumns: true}
2024-04-24T01:19:02,498  INFO [LocalJobRunner Map Task Executor #0] orc.OrcRawRecordMerger: updated min key = null, max key = null
2024-04-24T01:19:02,498  INFO [LocalJobRunner Map Task Executor #0] mapred.MapTask: numReduceTasks: 1
2024-04-24T01:19:02,511  INFO [LocalJobRunner Map Task Executor #0] mapred.MapTask: (EQUATOR) 0 kvi 26214396(104857584)
2024-04-24T01:19:02,511  INFO [LocalJobRunner Map Task Executor #0] mapred.MapTask: mapreduce.task.io.sort.mb: 100
2024-04-24T01:19:02,511  INFO [LocalJobRunner Map Task Executor #0] mapred.MapTask: soft limit at 83886080
2024-04-24T01:19:02,511  INFO [LocalJobRunner Map Task Executor #0] mapred.MapTask: bufstart = 0; bufvoid = 104857600
2024-04-24T01:19:02,511  INFO [LocalJobRunner Map Task Executor #0] mapred.MapTask: kvstart = 26214396; length = 6553600
2024-04-24T01:19:02,511  INFO [LocalJobRunner Map Task Executor #0] mapred.MapTask: Map output collector class = org.apache.hadoop.mapred.MapTask$MapOutputBuffer
2024-04-24T01:19:02,512  INFO [LocalJobRunner Map Task Executor #0] exec.MapOperator: Initializing Operator: MAP[0]
2024-04-24T01:19:02,513  INFO [LocalJobRunner Map Task Executor #0] mr.ExecMapper: 
<MAP>Id =0
  <Children>null
  <\Children>
  <Parent><\Parent>
<\MAP>
2024-04-24T01:19:02,513  INFO [LocalJobRunner Map Task Executor #0] exec.TableScanOperator: Initializing Operator: TS[0]
2024-04-24T01:19:02,513  INFO [LocalJobRunner Map Task Executor #0] exec.FilterOperator: Initializing Operator: FIL[16]
2024-04-24T01:19:02,513  INFO [LocalJobRunner Map Task Executor #0] exec.GroupByOperator: Initializing Operator: GBY[3]
2024-04-24T01:19:02,514  INFO [LocalJobRunner Map Task Executor #0] exec.GroupByOperator: Max hash table memory: 954466304 bytes
2024-04-24T01:19:02,514  INFO [LocalJobRunner Map Task Executor #0] exec.GroupByOperator: isTez: false isLlap: false numExecutors: 1 maxMemory: 1908932608
2024-04-24T01:19:02,514  INFO [LocalJobRunner Map Task Executor #0] exec.ReduceSinkOperator: Initializing Operator: RS[4]
2024-04-24T01:19:02,514  INFO [LocalJobRunner Map Task Executor #0] exec.ReduceSinkOperator: Using tag = -1
2024-04-24T01:19:02,514  INFO [LocalJobRunner Map Task Executor #0] exec.MapOperator: MAP[0]: records read - 1
2024-04-24T01:19:02,514  INFO [LocalJobRunner Map Task Executor #0] exec.MapOperator: Closing Operator: MAP[0]
2024-04-24T01:19:02,514  INFO [LocalJobRunner Map Task Executor #0] exec.MapOperator: MAP[0]: Total records read - 3. abort - false
2024-04-24T01:19:02,515  INFO [LocalJobRunner Map Task Executor #0] exec.MapOperator: RECORDS_OUT_INTERMEDIATE:0, RECORDS_OUT_OPERATOR_MAP_0:0, RECORDS_IN:3, DESERIALIZE_ERRORS:0, 
2024-04-24T01:19:02,515  INFO [LocalJobRunner Map Task Executor #0] exec.TableScanOperator: Closing Operator: TS[0]
2024-04-24T01:19:02,515  INFO [LocalJobRunner Map Task Executor #0] exec.TableScanOperator: RECORDS_OUT_INTERMEDIATE:0, RECORDS_OUT_OPERATOR_TS_0:3, 
2024-04-24T01:19:02,515  INFO [LocalJobRunner Map Task Executor #0] exec.FilterOperator: Closing Operator: FIL[16]
2024-04-24T01:19:02,515  INFO [LocalJobRunner Map Task Executor #0] exec.FilterOperator: RECORDS_OUT_OPERATOR_FIL_16:1, RECORDS_OUT_INTERMEDIATE:0, 
2024-04-24T01:19:02,515  INFO [LocalJobRunner Map Task Executor #0] exec.GroupByOperator: Closing Operator: GBY[3]
2024-04-24T01:19:02,515  INFO [LocalJobRunner Map Task Executor #0] exec.GroupByOperator: Begin Hash Table flush: size = 1
2024-04-24T01:19:02,515  INFO [LocalJobRunner Map Task Executor #0] exec.ReduceSinkOperator: keys are [_col0, _col1] num distributions: 2
2024-04-24T01:19:02,515  INFO [LocalJobRunner Map Task Executor #0] exec.ReduceSinkOperator: RS[4]: records written - 1
2024-04-24T01:19:02,515  INFO [LocalJobRunner Map Task Executor #0] exec.GroupByOperator: RECORDS_OUT_INTERMEDIATE:0, RECORDS_OUT_OPERATOR_GBY_3:1, 
2024-04-24T01:19:02,515  INFO [LocalJobRunner Map Task Executor #0] exec.ReduceSinkOperator: Closing Operator: RS[4]
2024-04-24T01:19:02,515  INFO [LocalJobRunner Map Task Executor #0] exec.ReduceSinkOperator: RS[4]: Total records written - 1. abort - false
2024-04-24T01:19:02,515  INFO [LocalJobRunner Map Task Executor #0] exec.ReduceSinkOperator: RECORDS_OUT_INTERMEDIATE:1, RECORDS_OUT_OPERATOR_RS_4:1, 
2024-04-24T01:19:02,516  INFO [LocalJobRunner Map Task Executor #0] mapred.LocalJobRunner: 
2024-04-24T01:19:02,516  INFO [LocalJobRunner Map Task Executor #0] mapred.MapTask: Starting flush of map output
2024-04-24T01:19:02,516  INFO [LocalJobRunner Map Task Executor #0] mapred.MapTask: Spilling map output
2024-04-24T01:19:02,516  INFO [LocalJobRunner Map Task Executor #0] mapred.MapTask: bufstart = 0; bufend = 19; bufvoid = 104857600
2024-04-24T01:19:02,516  INFO [LocalJobRunner Map Task Executor #0] mapred.MapTask: kvstart = 26214396(104857584); kvend = 26214396(104857584); length = 1/6553600
2024-04-24T01:19:02,527  INFO [LocalJobRunner Map Task Executor #0] mapred.MapTask: Finished spill 0
2024-04-24T01:19:02,530  INFO [LocalJobRunner Map Task Executor #0] mapred.Task: Task:attempt_local907650889_0046_m_000000_0 is done. And is in the process of committing
2024-04-24T01:19:02,531  INFO [LocalJobRunner Map Task Executor #0] mapred.LocalJobRunner: OrcSplit [file:/home/alex/Repositories/hive/ql/target/tmp/org.apache.hadoop.hive.ql.TestTxnNoBuckets-1713946626176/warehouse/acidtbl/delta_0000001_0000001_0000/bucket_00001_0, start=0, length=704, isOriginal=false, fileLength=704, hasFooter=false, hasBase=true, deltas=0]
2024-04-24T01:19:02,531  INFO [LocalJobRunner Map Task Executor #0] mapred.Task: Task 'attempt_local907650889_0046_m_000000_0' done.
2024-04-24T01:19:02,531  INFO [LocalJobRunner Map Task Executor #0] mapred.Task: Final Counters for attempt_local907650889_0046_m_000000_0: Counters: 25
	File System Counters
		FILE: Number of bytes read=1035445
		FILE: Number of bytes written=54218211
		FILE: Number of read operations=0
		FILE: Number of large read operations=0
		FILE: Number of write operations=0
	Map-Reduce Framework
		Map input records=3
		Map output records=1
		Map output bytes=19
		Map output materialized bytes=27
		Input split bytes=497
		Combine input records=0
		Spilled Records=1
		Failed Shuffles=0
		Merged Map outputs=0
		GC time elapsed (ms)=8
		Total committed heap usage (bytes)=1350041600
	HIVE
		DESERIALIZE_ERRORS=0
		RECORDS_IN=3
		RECORDS_OUT_INTERMEDIATE=1
		RECORDS_OUT_OPERATOR_FIL_16=1
		RECORDS_OUT_OPERATOR_GBY_3=1
		RECORDS_OUT_OPERATOR_MAP_0=0
		RECORDS_OUT_OPERATOR_RS_4=1
		RECORDS_OUT_OPERATOR_TS_0=3
	File Input Format Counters 
		Bytes Read=8958
2024-04-24T01:19:02,531  INFO [LocalJobRunner Map Task Executor #0] mapred.LocalJobRunner: Finishing task: attempt_local907650889_0046_m_000000_0
2024-04-24T01:19:02,531  INFO [LocalJobRunner Map Task Executor #0] mapred.LocalJobRunner: Starting task: attempt_local907650889_0046_m_000001_0
2024-04-24T01:19:02,531  INFO [LocalJobRunner Map Task Executor #0] mapred.Task:  Using ResourceCalculatorProcessTree : [ ]
2024-04-24T01:19:02,532  INFO [LocalJobRunner Map Task Executor #0] mapred.MapTask: Processing split: org.apache.hadoop.hive.ql.io.orc.OrcInputFormat:OrcSplit [file:/home/alex/Repositories/hive/ql/target/tmp/org.apache.hadoop.hive.ql.TestTxnNoBuckets-1713946626176/warehouse/acidtbl/delta_0000001_0000001_0000/bucket_00000_0, start=0, length=688, isOriginal=false, fileLength=688, hasFooter=false, hasBase=true, deltas=0]
2024-04-24T01:19:02,532  INFO [LocalJobRunner Map Task Executor #0] exec.SerializationUtilities: Deserializing MapWork using kryo
2024-04-24T01:19:02,533  INFO [LocalJobRunner Map Task Executor #0] exec.Utilities: Deserialized plan (via FILE) - name: null size: 5,29KB
2024-04-24T01:19:02,534  INFO [LocalJobRunner Map Task Executor #0] orc.OrcInputFormat: ORC pushdown predicate: leaf-(BETWEEN a 1 3)
2024-04-24T01:19:02,534  INFO [LocalJobRunner Map Task Executor #0] orc.OrcRawRecordMerger: min key = null, max key = null
2024-04-24T01:19:02,534  INFO [LocalJobRunner Map Task Executor #0] orc.ReaderImpl: Reading ORC rows from file:/home/alex/Repositories/hive/ql/target/tmp/org.apache.hadoop.hive.ql.TestTxnNoBuckets-1713946626176/warehouse/acidtbl/delta_0000001_0000001_0000/bucket_00000_0 with {include: [true, true, true], offset: 0, length: 688, sarg: leaf-(BETWEEN a 1 3), schema: struct<a:int,b:int>, includeAcidColumns: true}
2024-04-24T01:19:02,535  INFO [LocalJobRunner Map Task Executor #0] orc.OrcRawRecordMerger: updated min key = null, max key = null
2024-04-24T01:19:02,535  INFO [LocalJobRunner Map Task Executor #0] mapred.MapTask: numReduceTasks: 1
2024-04-24T01:19:02,540  INFO [LocalJobRunner Map Task Executor #0] mapred.MapTask: (EQUATOR) 0 kvi 26214396(104857584)
2024-04-24T01:19:02,540  INFO [LocalJobRunner Map Task Executor #0] mapred.MapTask: mapreduce.task.io.sort.mb: 100
2024-04-24T01:19:02,540  INFO [LocalJobRunner Map Task Executor #0] mapred.MapTask: soft limit at 83886080
2024-04-24T01:19:02,540  INFO [LocalJobRunner Map Task Executor #0] mapred.MapTask: bufstart = 0; bufvoid = 104857600
2024-04-24T01:19:02,540  INFO [LocalJobRunner Map Task Executor #0] mapred.MapTask: kvstart = 26214396; length = 6553600
2024-04-24T01:19:02,540  INFO [LocalJobRunner Map Task Executor #0] mapred.MapTask: Map output collector class = org.apache.hadoop.mapred.MapTask$MapOutputBuffer
2024-04-24T01:19:02,540  INFO [LocalJobRunner Map Task Executor #0] exec.MapOperator: Initializing Operator: MAP[0]
2024-04-24T01:19:02,541  INFO [LocalJobRunner Map Task Executor #0] mr.ExecMapper: 
<MAP>Id =0
  <Children>null
  <\Children>
  <Parent><\Parent>
<\MAP>
2024-04-24T01:19:02,542  INFO [LocalJobRunner Map Task Executor #0] exec.TableScanOperator: Initializing Operator: TS[0]
2024-04-24T01:19:02,542  INFO [LocalJobRunner Map Task Executor #0] exec.FilterOperator: Initializing Operator: FIL[16]
2024-04-24T01:19:02,542  INFO [LocalJobRunner Map Task Executor #0] exec.GroupByOperator: Initializing Operator: GBY[3]
2024-04-24T01:19:02,542  INFO [LocalJobRunner Map Task Executor #0] exec.GroupByOperator: Max hash table memory: 954466304 bytes
2024-04-24T01:19:02,543  INFO [LocalJobRunner Map Task Executor #0] exec.GroupByOperator: isTez: false isLlap: false numExecutors: 1 maxMemory: 1908932608
2024-04-24T01:19:02,543  INFO [LocalJobRunner Map Task Executor #0] exec.ReduceSinkOperator: Initializing Operator: RS[4]
2024-04-24T01:19:02,543  INFO [LocalJobRunner Map Task Executor #0] exec.ReduceSinkOperator: Using tag = -1
2024-04-24T01:19:02,543  INFO [LocalJobRunner Map Task Executor #0] exec.MapOperator: MAP[0]: records read - 1
2024-04-24T01:19:02,543  INFO [LocalJobRunner Map Task Executor #0] exec.MapOperator: Closing Operator: MAP[0]
2024-04-24T01:19:02,543  INFO [LocalJobRunner Map Task Executor #0] exec.MapOperator: MAP[0]: Total records read - 2. abort - false
2024-04-24T01:19:02,543  INFO [LocalJobRunner Map Task Executor #0] exec.MapOperator: RECORDS_OUT_OPERATOR_MAP_0:0, RECORDS_OUT_INTERMEDIATE:0, DESERIALIZE_ERRORS:0, RECORDS_IN:2, 
2024-04-24T01:19:02,543  INFO [LocalJobRunner Map Task Executor #0] exec.TableScanOperator: Closing Operator: TS[0]
2024-04-24T01:19:02,543  INFO [LocalJobRunner Map Task Executor #0] exec.TableScanOperator: RECORDS_OUT_OPERATOR_TS_0:2, RECORDS_OUT_INTERMEDIATE:0, 
2024-04-24T01:19:02,543  INFO [LocalJobRunner Map Task Executor #0] exec.FilterOperator: Closing Operator: FIL[16]
2024-04-24T01:19:02,543  INFO [LocalJobRunner Map Task Executor #0] exec.FilterOperator: RECORDS_OUT_OPERATOR_FIL_16:1, RECORDS_OUT_INTERMEDIATE:0, 
2024-04-24T01:19:02,543  INFO [LocalJobRunner Map Task Executor #0] exec.GroupByOperator: Closing Operator: GBY[3]
2024-04-24T01:19:02,543  INFO [LocalJobRunner Map Task Executor #0] exec.GroupByOperator: Begin Hash Table flush: size = 1
2024-04-24T01:19:02,543  INFO [LocalJobRunner Map Task Executor #0] exec.ReduceSinkOperator: keys are [_col0, _col1] num distributions: 2
2024-04-24T01:19:02,544  INFO [LocalJobRunner Map Task Executor #0] exec.ReduceSinkOperator: RS[4]: records written - 1
2024-04-24T01:19:02,544  INFO [LocalJobRunner Map Task Executor #0] exec.GroupByOperator: RECORDS_OUT_OPERATOR_GBY_3:1, RECORDS_OUT_INTERMEDIATE:0, 
2024-04-24T01:19:02,544  INFO [LocalJobRunner Map Task Executor #0] exec.ReduceSinkOperator: Closing Operator: RS[4]
2024-04-24T01:19:02,544  INFO [LocalJobRunner Map Task Executor #0] exec.ReduceSinkOperator: RS[4]: Total records written - 1. abort - false
2024-04-24T01:19:02,544  INFO [LocalJobRunner Map Task Executor #0] exec.ReduceSinkOperator: RECORDS_OUT_OPERATOR_RS_4:1, RECORDS_OUT_INTERMEDIATE:1, 
2024-04-24T01:19:02,544  INFO [LocalJobRunner Map Task Executor #0] mapred.LocalJobRunner: 
2024-04-24T01:19:02,544  INFO [LocalJobRunner Map Task Executor #0] mapred.MapTask: Starting flush of map output
2024-04-24T01:19:02,544  INFO [LocalJobRunner Map Task Executor #0] mapred.MapTask: Spilling map output
2024-04-24T01:19:02,544  INFO [LocalJobRunner Map Task Executor #0] mapred.MapTask: bufstart = 0; bufend = 19; bufvoid = 104857600
2024-04-24T01:19:02,544  INFO [LocalJobRunner Map Task Executor #0] mapred.MapTask: kvstart = 26214396(104857584); kvend = 26214396(104857584); length = 1/6553600
2024-04-24T01:19:02,552  INFO [LocalJobRunner Map Task Executor #0] mapred.MapTask: Finished spill 0
2024-04-24T01:19:02,555  INFO [LocalJobRunner Map Task Executor #0] mapred.Task: Task:attempt_local907650889_0046_m_000001_0 is done. And is in the process of committing
2024-04-24T01:19:02,555  INFO [LocalJobRunner Map Task Executor #0] mapred.LocalJobRunner: OrcSplit [file:/home/alex/Repositories/hive/ql/target/tmp/org.apache.hadoop.hive.ql.TestTxnNoBuckets-1713946626176/warehouse/acidtbl/delta_0000001_0000001_0000/bucket_00000_0, start=0, length=688, isOriginal=false, fileLength=688, hasFooter=false, hasBase=true, deltas=0]
2024-04-24T01:19:02,555  INFO [LocalJobRunner Map Task Executor #0] mapred.Task: Task 'attempt_local907650889_0046_m_000001_0' done.
2024-04-24T01:19:02,556  INFO [LocalJobRunner Map Task Executor #0] mapred.Task: Final Counters for attempt_local907650889_0046_m_000001_0: Counters: 25
	File System Counters
		FILE: Number of bytes read=1045340
		FILE: Number of bytes written=54218270
		FILE: Number of read operations=0
		FILE: Number of large read operations=0
		FILE: Number of write operations=0
	Map-Reduce Framework
		Map input records=2
		Map output records=1
		Map output bytes=19
		Map output materialized bytes=27
		Input split bytes=497
		Combine input records=0
		Spilled Records=1
		Failed Shuffles=0
		Merged Map outputs=0
		GC time elapsed (ms)=0
		Total committed heap usage (bytes)=1350041600
	HIVE
		DESERIALIZE_ERRORS=0
		RECORDS_IN=2
		RECORDS_OUT_INTERMEDIATE=1
		RECORDS_OUT_OPERATOR_FIL_16=1
		RECORDS_OUT_OPERATOR_GBY_3=1
		RECORDS_OUT_OPERATOR_MAP_0=0
		RECORDS_OUT_OPERATOR_RS_4=1
		RECORDS_OUT_OPERATOR_TS_0=2
	File Input Format Counters 
		Bytes Read=8878
2024-04-24T01:19:02,556  INFO [LocalJobRunner Map Task Executor #0] mapred.LocalJobRunner: Finishing task: attempt_local907650889_0046_m_000001_0
2024-04-24T01:19:02,556  INFO [Thread-3039] mapred.LocalJobRunner: map task executor complete.
2024-04-24T01:19:02,556  INFO [Thread-3039] mapred.LocalJobRunner: Waiting for reduce tasks
2024-04-24T01:19:02,557  INFO [pool-203-thread-1] mapred.LocalJobRunner: Starting task: attempt_local907650889_0046_r_000000_0
2024-04-24T01:19:02,557  INFO [pool-203-thread-1] mapred.Task:  Using ResourceCalculatorProcessTree : [ ]
2024-04-24T01:19:02,557  INFO [pool-203-thread-1] mapred.ReduceTask: Using ShuffleConsumerPlugin: org.apache.hadoop.mapreduce.task.reduce.Shuffle@539ea28d
2024-04-24T01:19:02,557  WARN [pool-203-thread-1] impl.MetricsSystemImpl: JobTracker metrics system already initialized!
2024-04-24T01:19:02,558  INFO [pool-203-thread-1] reduce.MergeManagerImpl: MergerManager: memoryLimit=1336252800, maxSingleShuffleLimit=334063200, mergeThreshold=881926912, ioSortFactor=10, memToMemMergeOutputsThreshold=10
2024-04-24T01:19:02,558  INFO [EventFetcher for fetching Map Completion Events] reduce.EventFetcher: attempt_local907650889_0046_r_000000_0 Thread started: EventFetcher for fetching Map Completion Events
2024-04-24T01:19:02,559  INFO [localfetcher#29] reduce.LocalFetcher: localfetcher#29 about to shuffle output of map attempt_local907650889_0046_m_000001_0 decomp: 23 len: 27 to MEMORY
2024-04-24T01:19:02,560  INFO [localfetcher#29] reduce.InMemoryMapOutput: Read 23 bytes from map-output for attempt_local907650889_0046_m_000001_0
2024-04-24T01:19:02,560  INFO [localfetcher#29] reduce.MergeManagerImpl: closeInMemoryFile -> map-output of size: 23, inMemoryMapOutputs.size() -> 1, commitMemory -> 0, usedMemory ->23
2024-04-24T01:19:02,562  INFO [localfetcher#29] reduce.LocalFetcher: localfetcher#29 about to shuffle output of map attempt_local907650889_0046_m_000000_0 decomp: 23 len: 27 to MEMORY
2024-04-24T01:19:02,562  INFO [localfetcher#29] reduce.InMemoryMapOutput: Read 23 bytes from map-output for attempt_local907650889_0046_m_000000_0
2024-04-24T01:19:02,562  INFO [localfetcher#29] reduce.MergeManagerImpl: closeInMemoryFile -> map-output of size: 23, inMemoryMapOutputs.size() -> 2, commitMemory -> 23, usedMemory ->46
2024-04-24T01:19:02,562  INFO [EventFetcher for fetching Map Completion Events] reduce.EventFetcher: EventFetcher is interrupted.. Returning
2024-04-24T01:19:02,562  INFO [pool-203-thread-1] mapred.LocalJobRunner: 2 / 2 copied.
2024-04-24T01:19:02,563  INFO [pool-203-thread-1] reduce.MergeManagerImpl: finalMerge called with 2 in-memory map-outputs and 0 on-disk map-outputs
2024-04-24T01:19:02,569  INFO [pool-203-thread-1] mapred.Merger: Merging 2 sorted segments
2024-04-24T01:19:02,569  INFO [pool-203-thread-1] mapred.Merger: Down to the last merge-pass, with 2 segments left of total size: 12 bytes
2024-04-24T01:19:02,571  INFO [pool-203-thread-1] reduce.MergeManagerImpl: Merged 2 segments, 46 bytes to disk to satisfy reduce memory limit
2024-04-24T01:19:02,571  INFO [pool-203-thread-1] reduce.MergeManagerImpl: Merging 1 files, 48 bytes from disk
2024-04-24T01:19:02,571  INFO [pool-203-thread-1] reduce.MergeManagerImpl: Merging 0 segments, 0 bytes from memory into reduce
2024-04-24T01:19:02,571  INFO [pool-203-thread-1] mapred.Merger: Merging 1 sorted segments
2024-04-24T01:19:02,572  INFO [pool-203-thread-1] mapred.Merger: Down to the last merge-pass, with 1 segments left of total size: 27 bytes
2024-04-24T01:19:02,572  INFO [pool-203-thread-1] mapred.LocalJobRunner: 2 / 2 copied.
2024-04-24T01:19:02,572  INFO [pool-203-thread-1] exec.SerializationUtilities: Deserializing ReduceWork using kryo
2024-04-24T01:19:02,573  INFO [pool-203-thread-1] exec.Utilities: Deserialized plan (via FILE) - name: null size: 5,30KB
2024-04-24T01:19:02,574  INFO [pool-203-thread-1] ExecReducer: 
<GBY>Id =5
  <Children>
    <FS>Id =19
      <Children>
      <\Children>
      <Parent>Id = 5 null<\Parent>
    <\FS>
  <\Children>
  <Parent><\Parent>
<\GBY>
2024-04-24T01:19:02,574  INFO [pool-203-thread-1] exec.GroupByOperator: Initializing Operator: GBY[5]
2024-04-24T01:19:02,574  INFO [pool-203-thread-1] exec.GroupByOperator: isTez: false isLlap: false numExecutors: 1 maxMemory: 1908932608
2024-04-24T01:19:02,574  INFO [pool-203-thread-1] exec.FileSinkOperator: Initializing Operator: FS[19]
2024-04-24T01:19:02,574  INFO [pool-203-thread-1] exec.FileSinkOperator: Using serializer : AbstractSerDe [log=org.apache.logging.slf4j.Log4jLogger@75c73a95, configuration=Optional[Configuration: core-default.xml, core-site.xml, mapred-default.xml, mapred-site.xml, yarn-default.xml, yarn-site.xml, hdfs-default.xml, hdfs-site.xml, file:/home/alex/Repositories/hive/ql/target/tmp/TestTxnNoBuckets/mapred/local/localRunner/alex/job_local907650889_0046/job_local907650889_0046.xml], properties={columns=_col0,_col1, serialization.lib=org.apache.hadoop.hive.serde2.lazybinary.LazyBinarySerDe, columns.types=int,int, escape.delim=\, column.name.delimiter=,}, tableProperties={columns=_col0,_col1, serialization.lib=org.apache.hadoop.hive.serde2.lazybinary.LazyBinarySerDe, columns.types=int,int, column.name.delimiter=,, escape.delim=\}, partitionProperties=Optional.empty, columnNames=[_col0, _col1], columnTypes=[int, int], getClass()=class org.apache.hadoop.hive.serde2.lazybinary.LazyBinarySerDe] and formatter : org.apache.hadoop.hive.ql.io.HiveSequenceFileOutputFormat@597087a7
2024-04-24T01:19:02,575  INFO [pool-203-thread-1] exec.FileSinkOperator: Final Path: FS file:/home/alex/Repositories/hive/ql/target/tmp/localscratchdir/e00dbb5c-6c74-4674-b714-4428495d65b6/hive_2024-04-24_01-19-01_853_6007923438357583105-1/_tmp.-mr-10002/000000_0
2024-04-24T01:19:02,575  INFO [pool-203-thread-1] exec.FileSinkOperator: Writing to temp file: FS file:/home/alex/Repositories/hive/ql/target/tmp/localscratchdir/e00dbb5c-6c74-4674-b714-4428495d65b6/hive_2024-04-24_01-19-01_853_6007923438357583105-1/_task_tmp.-mr-10002/_tmp.000000_0
2024-04-24T01:19:02,575  INFO [pool-203-thread-1] exec.FileSinkOperator: New Final Path: FS file:/home/alex/Repositories/hive/ql/target/tmp/localscratchdir/e00dbb5c-6c74-4674-b714-4428495d65b6/hive_2024-04-24_01-19-01_853_6007923438357583105-1/_tmp.-mr-10002/000000_0
2024-04-24T01:19:02,582  INFO [pool-203-thread-1] exec.FileSinkOperator: FS[19]: records written - 1
2024-04-24T01:19:02,582  INFO [pool-203-thread-1] exec.GroupByOperator: Closing Operator: GBY[5]
2024-04-24T01:19:02,582  INFO [pool-203-thread-1] exec.GroupByOperator: RECORDS_OUT_INTERMEDIATE:0, RECORDS_OUT_OPERATOR_GBY_5:2, 
2024-04-24T01:19:02,582  INFO [pool-203-thread-1] exec.FileSinkOperator: Closing Operator: FS[19]
2024-04-24T01:19:02,582  INFO [pool-203-thread-1] exec.FileSinkOperator: FS[19]: records written - 2
2024-04-24T01:19:02,582  INFO [pool-203-thread-1] exec.FileSinkOperator: RECORDS_OUT_OPERATOR_FS_19:2, RECORDS_OUT_INTERMEDIATE:0, RECORDS_OUT_0:2, 
2024-04-24T01:19:02,583  INFO [pool-203-thread-1] mapred.Task: Task:attempt_local907650889_0046_r_000000_0 is done. And is in the process of committing
2024-04-24T01:19:02,583  INFO [pool-203-thread-1] mapred.LocalJobRunner: reduce > reduce
2024-04-24T01:19:02,583  INFO [pool-203-thread-1] mapred.Task: Task 'attempt_local907650889_0046_r_000000_0' done.
2024-04-24T01:19:02,583  INFO [pool-203-thread-1] mapred.Task: Final Counters for attempt_local907650889_0046_r_000000_0: Counters: 29
	File System Counters
		FILE: Number of bytes read=1050858
		FILE: Number of bytes written=54218464
		FILE: Number of read operations=0
		FILE: Number of large read operations=0
		FILE: Number of write operations=0
	Map-Reduce Framework
		Combine input records=0
		Combine output records=0
		Reduce input groups=2
		Reduce shuffle bytes=54
		Reduce input records=2
		Reduce output records=0
		Spilled Records=2
		Shuffled Maps =2
		Failed Shuffles=0
		Merged Map outputs=2
		GC time elapsed (ms)=0
		Total committed heap usage (bytes)=1350041600
	HIVE
		CREATED_FILES=1
		RECORDS_OUT_0=2
		RECORDS_OUT_INTERMEDIATE=0
		RECORDS_OUT_OPERATOR_FS_19=2
		RECORDS_OUT_OPERATOR_GBY_5=2
	Shuffle Errors
		BAD_ID=0
		CONNECTION=0
		IO_ERROR=0
		WRONG_LENGTH=0
		WRONG_MAP=0
		WRONG_REDUCE=0
	File Output Format Counters 
		Bytes Written=0
2024-04-24T01:19:02,583  INFO [pool-203-thread-1] mapred.LocalJobRunner: Finishing task: attempt_local907650889_0046_r_000000_0
2024-04-24T01:19:02,583  INFO [Thread-3039] mapred.LocalJobRunner: reduce task executor complete.
2024-04-24 01:19:03,492 Stage-1 map = 100%,  reduce = 100%
2024-04-24T01:19:03,492  INFO [main] exec.Task: 2024-04-24 01:19:03,492 Stage-1 map = 100%,  reduce = 100%
Ended Job = job_local907650889_0046
2024-04-24T01:19:03,493  INFO [main] exec.Task: Ended Job = job_local907650889_0046
Launching Job 2 out of 2
2024-04-24T01:19:03,495  INFO [main] ql.Driver: Launching Job 2 out of 2
2024-04-24T01:19:03,627  INFO [main] ql.Driver: Starting task [Stage-2:MAPRED] in serial mode
Number of reduce tasks is set to 0 since there's no reduce operator
2024-04-24T01:19:03,627  INFO [main] exec.Task: Number of reduce tasks is set to 0 since there's no reduce operator
2024-04-24T01:19:03,629  INFO [main] mr.ExecDriver: Using org.apache.hadoop.hive.ql.io.HiveInputFormat
2024-04-24T01:19:03,630  INFO [main] exec.Utilities: Processing alias file:/home/alex/Repositories/hive/ql/target/tmp/localscratchdir/e00dbb5c-6c74-4674-b714-4428495d65b6/hive_2024-04-24_01-19-01_853_6007923438357583105-1/-mr-10002
2024-04-24T01:19:03,630  INFO [main] exec.Utilities: Adding 2 inputs; the first input is file:/home/alex/Repositories/hive/ql/target/tmp/localscratchdir/e00dbb5c-6c74-4674-b714-4428495d65b6/hive_2024-04-24_01-19-01_853_6007923438357583105-1/-mr-10002
2024-04-24T01:19:03,630  INFO [main] exec.Utilities: Processing alias $hdt$_1-subquery1-subquery2:acidtbl
2024-04-24T01:19:03,630  INFO [main] exec.Utilities: Adding 2 inputs; the first input is file:/home/alex/Repositories/hive/ql/target/tmp/org.apache.hadoop.hive.ql.TestTxnNoBuckets-1713946626176/warehouse/acidtbl
2024-04-24T01:19:03,630  INFO [main] exec.Utilities: Processing alias $hdt$_1-subquery2:acidtbl
2024-04-24T01:19:03,639  INFO [main] exec.SerializationUtilities: Serializing MapWork using kryo
2024-04-24T01:19:03,641  INFO [main] exec.Utilities: Serialized plan (via FILE) - name: null size: 7,60KB
2024-04-24T01:19:03,642  WARN [main] impl.MetricsSystemImpl: JobTracker metrics system already initialized!
2024-04-24T01:19:03,645  INFO [main] fs.FSStatsPublisher: created : file:/home/alex/Repositories/hive/ql/target/tmp/localscratchdir/e00dbb5c-6c74-4674-b714-4428495d65b6/hive_2024-04-24_01-19-01_853_6007923438357583105-1/-mr-10001
2024-04-24T01:19:03,652  WARN [main] impl.MetricsSystemImpl: JobTracker metrics system already initialized!
2024-04-24T01:19:03,660  WARN [main] mapreduce.JobResourceUploader: Hadoop command-line option parsing not performed. Implement the Tool interface and execute your application with ToolRunner to remedy this.
2024-04-24T01:19:03,665  WARN [main] mapreduce.JobResourceUploader: No job jar file set.  User classes may not be found. See Job or Job#setJar(String).
2024-04-24T01:19:03,666  INFO [main] exec.Utilities: schema.evolution.columns and schema.evolution.columns.types not available
2024-04-24T01:19:03,666  INFO [main] io.HiveInputFormat: Generating splits as currentDirs is not empty. currentDirs: [file:/home/alex/Repositories/hive/ql/target/tmp/localscratchdir/e00dbb5c-6c74-4674-b714-4428495d65b6/hive_2024-04-24_01-19-01_853_6007923438357583105-1/-mr-10002]
2024-04-24T01:19:03,666  INFO [main] io.HiveInputFormat: hive.io.file.readcolumn.ids = 0,1
2024-04-24T01:19:03,666  INFO [main] io.HiveInputFormat: hive.io.file.readcolumn.names = _col0,_col1
2024-04-24T01:19:03,667  INFO [main] exec.Utilities: schema.evolution.columns and schema.evolution.columns.types not available
2024-04-24T01:19:03,670  INFO [main] mapred.FileInputFormat: Total input files to process : 1
2024-04-24T01:19:03,670  INFO [main] io.HiveInputFormat: hive.io.file.readcolumn.ids = 0,1
2024-04-24T01:19:03,670  INFO [main] io.HiveInputFormat: hive.io.file.readcolumn.names = _col0,_col1
2024-04-24T01:19:03,670  INFO [main] io.HiveInputFormat: Generating splits for dirs: file:/home/alex/Repositories/hive/ql/target/tmp/localscratchdir/e00dbb5c-6c74-4674-b714-4428495d65b6/hive_2024-04-24_01-19-01_853_6007923438357583105-1/-mr-10002
2024-04-24T01:19:03,670  INFO [main] orc.OrcInputFormat: getSplits started
2024-04-24T01:19:03,670  INFO [main] orc.OrcInputFormat: Context:: isAcid: false isVectorMode: false sarg: null minSplitSize: 1 maxSplitSize: 256000000 splitStrategy: HYBRID footerInSplits: false numBuckets: 2 numThreads: 10 cacheMemSize: 268435456 cacheStripeDetails: true useSoftReference: false writeIdList: null:9223372036854775807:9223372036854775807:: isTransactionalTable: true txnProperties: default 
2024-04-24T01:19:03,670  INFO [main] orc.OrcInputFormat: ORC pushdown predicate: null
2024-04-24T01:19:03,684  INFO [main] orc.OrcInputFormat: FooterCacheHitRatio: 0/2
2024-04-24T01:19:03,684  INFO [main] orc.OrcInputFormat: getSplits finished (#splits: 2). duration: 14 ms
2024-04-24T01:19:03,685  INFO [main] io.HiveInputFormat: number of splits 3
2024-04-24T01:19:03,703  INFO [main] mapreduce.JobSubmitter: number of splits:3
2024-04-24T01:19:03,722  INFO [main] mapreduce.JobSubmitter: Submitting tokens for job: job_local2044762991_0047
2024-04-24T01:19:03,722  INFO [main] mapreduce.JobSubmitter: Executing with tokens: []
2024-04-24T01:19:03,785  INFO [main] mapreduce.Job: The url to track the job: http://localhost:8080/
Job running in-process (local Hadoop)
2024-04-24T01:19:03,785  INFO [main] exec.Task: Job running in-process (local Hadoop)
2024-04-24T01:19:03,786  INFO [Thread-3091] mapred.LocalJobRunner: OutputCommitter set in config org.apache.hadoop.hive.ql.io.HiveFileFormatUtils$NullOutputCommitter
2024-04-24T01:19:03,786  INFO [Thread-3091] mapred.LocalJobRunner: OutputCommitter is org.apache.hadoop.hive.ql.io.HiveFileFormatUtils$NullOutputCommitter
2024-04-24T01:19:03,788  INFO [Thread-3091] mapred.LocalJobRunner: Waiting for map tasks
2024-04-24T01:19:03,788  INFO [LocalJobRunner Map Task Executor #0] mapred.LocalJobRunner: Starting task: attempt_local2044762991_0047_m_000000_0
2024-04-24T01:19:03,788  INFO [LocalJobRunner Map Task Executor #0] mapred.Task:  Using ResourceCalculatorProcessTree : [ ]
2024-04-24T01:19:03,789  INFO [LocalJobRunner Map Task Executor #0] mapred.MapTask: Processing split: org.apache.hadoop.hive.ql.io.orc.OrcInputFormat:OrcSplit [file:/home/alex/Repositories/hive/ql/target/tmp/org.apache.hadoop.hive.ql.TestTxnNoBuckets-1713946626176/warehouse/acidtbl/delta_0000001_0000001_0000/bucket_00001_0, start=3, length=317, isOriginal=false, fileLength=704, hasFooter=false, hasBase=true, deltas=0]
2024-04-24T01:19:03,789  INFO [LocalJobRunner Map Task Executor #0] exec.SerializationUtilities: Deserializing MapWork using kryo
2024-04-24T01:19:03,790  INFO [LocalJobRunner Map Task Executor #0] exec.Utilities: Deserialized plan (via FILE) - name: null size: 7,60KB
2024-04-24T01:19:03,791  INFO [LocalJobRunner Map Task Executor #0] orc.OrcRawRecordMerger: min key = null, max key = null
2024-04-24T01:19:03,791  INFO [LocalJobRunner Map Task Executor #0] orc.ReaderImpl: Reading ORC rows from file:/home/alex/Repositories/hive/ql/target/tmp/org.apache.hadoop.hive.ql.TestTxnNoBuckets-1713946626176/warehouse/acidtbl/delta_0000001_0000001_0000/bucket_00001_0 with {include: [true, true, true], offset: 3, length: 317, schema: struct<a:int,b:int>, includeAcidColumns: true}
2024-04-24T01:19:03,791  INFO [LocalJobRunner Map Task Executor #0] orc.OrcRawRecordMerger: updated min key = null, max key = null
2024-04-24T01:19:03,791  INFO [LocalJobRunner Map Task Executor #0] mapred.MapTask: numReduceTasks: 0
2024-04-24T01:19:03,792  INFO [LocalJobRunner Map Task Executor #0] exec.MapOperator: Initializing Operator: MAP[0]
2024-04-24T01:19:03,793  INFO [LocalJobRunner Map Task Executor #0] mr.ExecMapper: 
<MAP>Id =0
  <Children>
    <TS>Id =20
      <Children>
        <UNION>Id =10
          <Children>
            <FS>Id =15
              <Children>
              <\Children>
              <Parent>Id = 10 null<\Parent>
            <\FS>
          <\Children>
          <Parent>Id = 20 nullId = 9 
        <SEL>Id =9
          <Children>null
          <\Children>
          <Parent>Id = 17 
        <FIL>Id =17
          <Children>null
          <\Children>
          <Parent>Id = 7 
        <TS>Id =7
          <Children>null
          <\Children>
          <Parent>Id = 0 null<\Parent>
        <\TS><\Parent>
        <\FIL><\Parent>
        <\SEL>Id = 13 
        <SEL>Id =13
          <Children>null
          <\Children>
          <Parent>Id = 18 
        <FIL>Id =18
          <Children>null
          <\Children>
          <Parent>Id = 11 
        <TS>Id =11
          <Children>null
          <\Children>
          <Parent>Id = 0 null<\Parent>
        <\TS><\Parent>
        <\FIL><\Parent>
        <\SEL><\Parent>
        <\UNION>
      <\Children>
      <Parent>Id = 0 null<\Parent>
    <\TS>nullnull
  <\Children>
  <Parent><\Parent>
<\MAP>
2024-04-24T01:19:03,794  INFO [LocalJobRunner Map Task Executor #0] exec.TableScanOperator: Initializing Operator: TS[11]
2024-04-24T01:19:03,794  INFO [LocalJobRunner Map Task Executor #0] exec.FilterOperator: Initializing Operator: FIL[18]
2024-04-24T01:19:03,794  INFO [LocalJobRunner Map Task Executor #0] exec.SelectOperator: Initializing Operator: SEL[13]
2024-04-24T01:19:03,794  INFO [LocalJobRunner Map Task Executor #0] exec.SelectOperator: SELECT struct<a:int,b:int>
2024-04-24T01:19:03,794  INFO [LocalJobRunner Map Task Executor #0] exec.TableScanOperator: Initializing Operator: TS[20]
2024-04-24T01:19:03,794  INFO [LocalJobRunner Map Task Executor #0] exec.TableScanOperator: Initializing Operator: TS[7]
2024-04-24T01:19:03,794  INFO [LocalJobRunner Map Task Executor #0] exec.FilterOperator: Initializing Operator: FIL[17]
2024-04-24T01:19:03,794  INFO [LocalJobRunner Map Task Executor #0] exec.SelectOperator: Initializing Operator: SEL[9]
2024-04-24T01:19:03,794  INFO [LocalJobRunner Map Task Executor #0] exec.SelectOperator: SELECT struct<a:int,b:int>
2024-04-24T01:19:03,794  INFO [LocalJobRunner Map Task Executor #0] exec.UnionOperator: Initializing Operator: UNION[10]
2024-04-24T01:19:03,794  INFO [LocalJobRunner Map Task Executor #0] exec.UnionOperator: Union Operator needs to transform row from parent[0] from org.apache.hadoop.hive.serde2.lazybinary.objectinspector.LazyBinaryStructObjectInspector<org.apache.hadoop.hive.serde2.objectinspector.primitive.WritableIntObjectInspector@16cbba0f,org.apache.hadoop.hive.serde2.objectinspector.primitive.WritableIntObjectInspector@16cbba0f> to org.apache.hadoop.hive.serde2.objectinspector.StandardStructObjectInspector<org.apache.hadoop.hive.serde2.objectinspector.primitive.WritableIntObjectInspector@16cbba0f,org.apache.hadoop.hive.serde2.objectinspector.primitive.WritableIntObjectInspector@16cbba0f>
2024-04-24T01:19:03,794  INFO [LocalJobRunner Map Task Executor #0] exec.FileSinkOperator: Initializing Operator: FS[15]
2024-04-24T01:19:03,795  INFO [LocalJobRunner Map Task Executor #0] exec.FileSinkOperator: Using serializer : AbstractSerDe [log=org.apache.logging.slf4j.Log4jLogger@48b320a7, configuration=Optional[Configuration: core-default.xml, core-site.xml, mapred-default.xml, mapred-site.xml, yarn-default.xml, yarn-site.xml, hdfs-default.xml, hdfs-site.xml, file:/home/alex/Repositories/hive/ql/target/tmp/TestTxnNoBuckets/mapred/local/localRunner/alex/job_local2044762991_0047/job_local2044762991_0047.xml], properties={name=default.t, columns.types=int:int, serialization.format=1, columns=a,b, numFilesErasureCoded=0, columns.comments=&amp#0;, bucketing_version=2, serialization.lib=org.apache.hadoop.hive.ql.io.orc.OrcSerde, file.inputformat=org.apache.hadoop.hive.ql.io.orc.OrcInputFormat, file.outputformat=org.apache.hadoop.hive.ql.io.orc.OrcOutputFormat, location=file:/home/alex/Repositories/hive/ql/target/tmp/org.apache.hadoop.hive.ql.TestTxnNoBuckets-1713946626176/warehouse/t, column.name.delimiter=,}, tableProperties={name=default.t, columns.types=int:int, serialization.format=1, columns=a,b, numFilesErasureCoded=0, columns.comments=&amp#0;, bucketing_version=2, serialization.lib=org.apache.hadoop.hive.ql.io.orc.OrcSerde, file.inputformat=org.apache.hadoop.hive.ql.io.orc.OrcInputFormat, location=file:/home/alex/Repositories/hive/ql/target/tmp/org.apache.hadoop.hive.ql.TestTxnNoBuckets-1713946626176/warehouse/t, file.outputformat=org.apache.hadoop.hive.ql.io.orc.OrcOutputFormat, column.name.delimiter=,}, partitionProperties=Optional.empty, columnNames=[a, b], columnTypes=[int, int], getClass()=class org.apache.hadoop.hive.ql.io.orc.OrcSerde] and formatter : org.apache.hadoop.hive.ql.io.orc.OrcOutputFormat@423b8ed
2024-04-24T01:19:03,796  INFO [LocalJobRunner Map Task Executor #0] exec.MapOperator: MAP[0]: records read - 1
2024-04-24T01:19:03,796  INFO [LocalJobRunner Map Task Executor #0] exec.FileSinkOperator: Final Path: FS file:/home/alex/Repositories/hive/ql/target/tmp/org.apache.hadoop.hive.ql.TestTxnNoBuckets-1713946626176/warehouse/t/.hive-staging_hive_2024-04-24_01-19-01_853_6007923438357583105-1/_tmp.-ext-10000/000000_0
2024-04-24T01:19:03,796  INFO [LocalJobRunner Map Task Executor #0] exec.FileSinkOperator: Writing to temp file: FS file:/home/alex/Repositories/hive/ql/target/tmp/org.apache.hadoop.hive.ql.TestTxnNoBuckets-1713946626176/warehouse/t/.hive-staging_hive_2024-04-24_01-19-01_853_6007923438357583105-1/_task_tmp.-ext-10000/_tmp.000000_0
2024-04-24T01:19:03,796  INFO [LocalJobRunner Map Task Executor #0] exec.FileSinkOperator: New Final Path: FS file:/home/alex/Repositories/hive/ql/target/tmp/org.apache.hadoop.hive.ql.TestTxnNoBuckets-1713946626176/warehouse/t/.hive-staging_hive_2024-04-24_01-19-01_853_6007923438357583105-1/_tmp.-ext-10000/000000_0
2024-04-24T01:19:03,796  INFO [LocalJobRunner Map Task Executor #0] exec.FileSinkOperator: FS[15]: records written - 1
2024-04-24T01:19:03,796  INFO [LocalJobRunner Map Task Executor #0] impl.PhysicalFsWriter: ORC writer created for path: file:/home/alex/Repositories/hive/ql/target/tmp/org.apache.hadoop.hive.ql.TestTxnNoBuckets-1713946626176/warehouse/t/.hive-staging_hive_2024-04-24_01-19-01_853_6007923438357583105-1/_task_tmp.-ext-10000/_tmp.000000_0 with stripeSize: 67108864 blockSize: 268435456 compression: Compress: ZLIB buffer: 262144
2024-04-24T01:19:03,803  INFO [LocalJobRunner Map Task Executor #0] impl.WriterImpl: ORC writer created for path: file:/home/alex/Repositories/hive/ql/target/tmp/org.apache.hadoop.hive.ql.TestTxnNoBuckets-1713946626176/warehouse/t/.hive-staging_hive_2024-04-24_01-19-01_853_6007923438357583105-1/_task_tmp.-ext-10000/_tmp.000000_0 with stripeSize: 67108864 options: Compress: ZLIB buffer: 262144
2024-04-24T01:19:03,804  INFO [LocalJobRunner Map Task Executor #0] exec.MapOperator: Closing Operator: MAP[0]
2024-04-24T01:19:03,804  INFO [LocalJobRunner Map Task Executor #0] exec.MapOperator: MAP[0]: Total records read - 3. abort - false
2024-04-24T01:19:03,804  INFO [LocalJobRunner Map Task Executor #0] exec.MapOperator: DESERIALIZE_ERRORS:0, RECORDS_IN:3, RECORDS_OUT_INTERMEDIATE:0, RECORDS_OUT_OPERATOR_MAP_0:0, 
2024-04-24T01:19:03,804  INFO [LocalJobRunner Map Task Executor #0] exec.TableScanOperator: Closing Operator: TS[20]
2024-04-24T01:19:03,804  INFO [LocalJobRunner Map Task Executor #0] exec.TableScanOperator: RECORDS_OUT_OPERATOR_TS_20:0, RECORDS_OUT_INTERMEDIATE:0, 
2024-04-24T01:19:03,804  INFO [LocalJobRunner Map Task Executor #0] exec.TableScanOperator: Closing Operator: TS[7]
2024-04-24T01:19:03,804  INFO [LocalJobRunner Map Task Executor #0] exec.TableScanOperator: RECORDS_OUT_OPERATOR_TS_7:3, RECORDS_OUT_INTERMEDIATE:0, 
2024-04-24T01:19:03,804  INFO [LocalJobRunner Map Task Executor #0] exec.FilterOperator: Closing Operator: FIL[17]
2024-04-24T01:19:03,804  INFO [LocalJobRunner Map Task Executor #0] exec.FilterOperator: RECORDS_OUT_OPERATOR_FIL_17:1, RECORDS_OUT_INTERMEDIATE:0, 
2024-04-24T01:19:03,804  INFO [LocalJobRunner Map Task Executor #0] exec.SelectOperator: Closing Operator: SEL[9]
2024-04-24T01:19:03,804  INFO [LocalJobRunner Map Task Executor #0] exec.SelectOperator: RECORDS_OUT_OPERATOR_SEL_9:1, RECORDS_OUT_INTERMEDIATE:0, 
2024-04-24T01:19:03,804  INFO [LocalJobRunner Map Task Executor #0] exec.TableScanOperator: Closing Operator: TS[11]
2024-04-24T01:19:03,804  INFO [LocalJobRunner Map Task Executor #0] exec.TableScanOperator: RECORDS_OUT_OPERATOR_TS_11:3, RECORDS_OUT_INTERMEDIATE:0, 
2024-04-24T01:19:03,804  INFO [LocalJobRunner Map Task Executor #0] exec.FilterOperator: Closing Operator: FIL[18]
2024-04-24T01:19:03,804  INFO [LocalJobRunner Map Task Executor #0] exec.FilterOperator: RECORDS_OUT_OPERATOR_FIL_18:1, RECORDS_OUT_INTERMEDIATE:0, 
2024-04-24T01:19:03,804  INFO [LocalJobRunner Map Task Executor #0] exec.SelectOperator: Closing Operator: SEL[13]
2024-04-24T01:19:03,804  INFO [LocalJobRunner Map Task Executor #0] exec.SelectOperator: RECORDS_OUT_INTERMEDIATE:0, RECORDS_OUT_OPERATOR_SEL_13:1, 
2024-04-24T01:19:03,804  INFO [LocalJobRunner Map Task Executor #0] exec.UnionOperator: Closing Operator: UNION[10]
2024-04-24T01:19:03,804  INFO [LocalJobRunner Map Task Executor #0] exec.UnionOperator: RECORDS_OUT_INTERMEDIATE:0, RECORDS_OUT_OPERATOR_UNION_10:2, 
2024-04-24T01:19:03,804  INFO [LocalJobRunner Map Task Executor #0] exec.FileSinkOperator: Closing Operator: FS[15]
2024-04-24T01:19:03,804  INFO [LocalJobRunner Map Task Executor #0] exec.FileSinkOperator: FS[15]: records written - 2
2024-04-24T01:19:03,811  INFO [LocalJobRunner Map Task Executor #0] exec.FileSinkOperator: TOTAL_TABLE_ROWS_WRITTEN:2, RECORDS_OUT_1_default.t:2, RECORDS_OUT_OPERATOR_FS_15:2, RECORDS_OUT_INTERMEDIATE:0, 
2024-04-24T01:19:03,812  INFO [LocalJobRunner Map Task Executor #0] mapred.LocalJobRunner: 
2024-04-24T01:19:03,812  INFO [LocalJobRunner Map Task Executor #0] mapred.Task: Task:attempt_local2044762991_0047_m_000000_0 is done. And is in the process of committing
2024-04-24T01:19:03,812  INFO [LocalJobRunner Map Task Executor #0] mapred.LocalJobRunner: OrcSplit [file:/home/alex/Repositories/hive/ql/target/tmp/org.apache.hadoop.hive.ql.TestTxnNoBuckets-1713946626176/warehouse/acidtbl/delta_0000001_0000001_0000/bucket_00001_0, start=3, length=317, isOriginal=false, fileLength=704, hasFooter=false, hasBase=true, deltas=0]
2024-04-24T01:19:03,812  INFO [LocalJobRunner Map Task Executor #0] mapred.Task: Task 'attempt_local2044762991_0047_m_000000_0' done.
2024-04-24T01:19:03,812  INFO [LocalJobRunner Map Task Executor #0] mapred.Task: Final Counters for attempt_local2044762991_0047_m_000000_0: Counters: 31
	File System Counters
		FILE: Number of bytes read=1064307
		FILE: Number of bytes written=55399616
		FILE: Number of read operations=0
		FILE: Number of large read operations=0
		FILE: Number of write operations=0
	Map-Reduce Framework
		Map input records=3
		Map output records=0
		Input split bytes=497
		Spilled Records=0
		Failed Shuffles=0
		Merged Map outputs=0
		GC time elapsed (ms)=0
		Total committed heap usage (bytes)=1350041600
	HIVE
		CREATED_FILES=1
		DESERIALIZE_ERRORS=0
		RECORDS_IN=3
		RECORDS_OUT_1_default.t=6
		RECORDS_OUT_INTERMEDIATE=0
		RECORDS_OUT_OPERATOR_FIL_17=1
		RECORDS_OUT_OPERATOR_FIL_18=1
		RECORDS_OUT_OPERATOR_FS_15=6
		RECORDS_OUT_OPERATOR_MAP_0=0
		RECORDS_OUT_OPERATOR_SEL_13=1
		RECORDS_OUT_OPERATOR_SEL_9=1
		RECORDS_OUT_OPERATOR_TS_11=3
		RECORDS_OUT_OPERATOR_TS_20=0
		RECORDS_OUT_OPERATOR_TS_7=3
		RECORDS_OUT_OPERATOR_UNION_10=6
		TOTAL_TABLE_ROWS_WRITTEN=6
	File Input Format Counters 
		Bytes Read=10568
	File Output Format Counters 
		Bytes Written=0
2024-04-24T01:19:03,812  INFO [LocalJobRunner Map Task Executor #0] mapred.LocalJobRunner: Finishing task: attempt_local2044762991_0047_m_000000_0
2024-04-24T01:19:03,813  INFO [LocalJobRunner Map Task Executor #0] mapred.LocalJobRunner: Starting task: attempt_local2044762991_0047_m_000001_0
2024-04-24T01:19:03,813  INFO [LocalJobRunner Map Task Executor #0] mapred.Task:  Using ResourceCalculatorProcessTree : [ ]
2024-04-24T01:19:03,813  INFO [LocalJobRunner Map Task Executor #0] mapred.MapTask: Processing split: org.apache.hadoop.hive.ql.io.orc.OrcInputFormat:OrcSplit [file:/home/alex/Repositories/hive/ql/target/tmp/org.apache.hadoop.hive.ql.TestTxnNoBuckets-1713946626176/warehouse/acidtbl/delta_0000001_0000001_0000/bucket_00000_0, start=3, length=315, isOriginal=false, fileLength=688, hasFooter=false, hasBase=true, deltas=0]
2024-04-24T01:19:03,814  INFO [LocalJobRunner Map Task Executor #0] exec.SerializationUtilities: Deserializing MapWork using kryo
2024-04-24T01:19:03,814  INFO [LocalJobRunner Map Task Executor #0] exec.Utilities: Deserialized plan (via FILE) - name: null size: 7,60KB
2024-04-24T01:19:03,815  INFO [LocalJobRunner Map Task Executor #0] orc.OrcRawRecordMerger: min key = null, max key = null
2024-04-24T01:19:03,815  INFO [LocalJobRunner Map Task Executor #0] orc.ReaderImpl: Reading ORC rows from file:/home/alex/Repositories/hive/ql/target/tmp/org.apache.hadoop.hive.ql.TestTxnNoBuckets-1713946626176/warehouse/acidtbl/delta_0000001_0000001_0000/bucket_00000_0 with {include: [true, true, true], offset: 3, length: 315, schema: struct<a:int,b:int>, includeAcidColumns: true}
2024-04-24T01:19:03,816  INFO [LocalJobRunner Map Task Executor #0] orc.OrcRawRecordMerger: updated min key = null, max key = null
2024-04-24T01:19:03,816  INFO [LocalJobRunner Map Task Executor #0] mapred.MapTask: numReduceTasks: 0
2024-04-24T01:19:03,817  INFO [LocalJobRunner Map Task Executor #0] exec.MapOperator: Initializing Operator: MAP[0]
2024-04-24T01:19:03,818  INFO [LocalJobRunner Map Task Executor #0] mr.ExecMapper: 
<MAP>Id =0
  <Children>
    <TS>Id =20
      <Children>
        <UNION>Id =10
          <Children>
            <FS>Id =15
              <Children>
              <\Children>
              <Parent>Id = 10 null<\Parent>
            <\FS>
          <\Children>
          <Parent>Id = 20 nullId = 9 
        <SEL>Id =9
          <Children>null
          <\Children>
          <Parent>Id = 17 
        <FIL>Id =17
          <Children>null
          <\Children>
          <Parent>Id = 7 
        <TS>Id =7
          <Children>null
          <\Children>
          <Parent>Id = 0 null<\Parent>
        <\TS><\Parent>
        <\FIL><\Parent>
        <\SEL>Id = 13 
        <SEL>Id =13
          <Children>null
          <\Children>
          <Parent>Id = 18 
        <FIL>Id =18
          <Children>null
          <\Children>
          <Parent>Id = 11 
        <TS>Id =11
          <Children>null
          <\Children>
          <Parent>Id = 0 null<\Parent>
        <\TS><\Parent>
        <\FIL><\Parent>
        <\SEL><\Parent>
        <\UNION>
      <\Children>
      <Parent>Id = 0 null<\Parent>
    <\TS>nullnull
  <\Children>
  <Parent><\Parent>
<\MAP>
2024-04-24T01:19:03,819  INFO [LocalJobRunner Map Task Executor #0] exec.TableScanOperator: Initializing Operator: TS[11]
2024-04-24T01:19:03,819  INFO [LocalJobRunner Map Task Executor #0] exec.FilterOperator: Initializing Operator: FIL[18]
2024-04-24T01:19:03,819  INFO [LocalJobRunner Map Task Executor #0] exec.SelectOperator: Initializing Operator: SEL[13]
2024-04-24T01:19:03,819  INFO [LocalJobRunner Map Task Executor #0] exec.SelectOperator: SELECT struct<a:int,b:int>
2024-04-24T01:19:03,819  INFO [LocalJobRunner Map Task Executor #0] exec.TableScanOperator: Initializing Operator: TS[7]
2024-04-24T01:19:03,819  INFO [LocalJobRunner Map Task Executor #0] exec.FilterOperator: Initializing Operator: FIL[17]
2024-04-24T01:19:03,819  INFO [LocalJobRunner Map Task Executor #0] exec.SelectOperator: Initializing Operator: SEL[9]
2024-04-24T01:19:03,819  INFO [LocalJobRunner Map Task Executor #0] exec.SelectOperator: SELECT struct<a:int,b:int>
2024-04-24T01:19:03,819  INFO [LocalJobRunner Map Task Executor #0] exec.TableScanOperator: Initializing Operator: TS[20]
2024-04-24T01:19:03,819  INFO [LocalJobRunner Map Task Executor #0] exec.UnionOperator: Initializing Operator: UNION[10]
2024-04-24T01:19:03,819  INFO [LocalJobRunner Map Task Executor #0] exec.UnionOperator: Union Operator needs to transform row from parent[0] from org.apache.hadoop.hive.serde2.lazybinary.objectinspector.LazyBinaryStructObjectInspector<org.apache.hadoop.hive.serde2.objectinspector.primitive.WritableIntObjectInspector@16cbba0f,org.apache.hadoop.hive.serde2.objectinspector.primitive.WritableIntObjectInspector@16cbba0f> to org.apache.hadoop.hive.serde2.objectinspector.StandardStructObjectInspector<org.apache.hadoop.hive.serde2.objectinspector.primitive.WritableIntObjectInspector@16cbba0f,org.apache.hadoop.hive.serde2.objectinspector.primitive.WritableIntObjectInspector@16cbba0f>
2024-04-24T01:19:03,819  INFO [LocalJobRunner Map Task Executor #0] exec.FileSinkOperator: Initializing Operator: FS[15]
2024-04-24T01:19:03,820  INFO [LocalJobRunner Map Task Executor #0] exec.FileSinkOperator: Using serializer : AbstractSerDe [log=org.apache.logging.slf4j.Log4jLogger@48b320a7, configuration=Optional[Configuration: core-default.xml, core-site.xml, mapred-default.xml, mapred-site.xml, yarn-default.xml, yarn-site.xml, hdfs-default.xml, hdfs-site.xml, file:/home/alex/Repositories/hive/ql/target/tmp/TestTxnNoBuckets/mapred/local/localRunner/alex/job_local2044762991_0047/job_local2044762991_0047.xml], properties={name=default.t, columns.types=int:int, serialization.format=1, columns=a,b, numFilesErasureCoded=0, columns.comments=&amp#0;, bucketing_version=2, serialization.lib=org.apache.hadoop.hive.ql.io.orc.OrcSerde, file.inputformat=org.apache.hadoop.hive.ql.io.orc.OrcInputFormat, file.outputformat=org.apache.hadoop.hive.ql.io.orc.OrcOutputFormat, location=file:/home/alex/Repositories/hive/ql/target/tmp/org.apache.hadoop.hive.ql.TestTxnNoBuckets-1713946626176/warehouse/t, column.name.delimiter=,}, tableProperties={name=default.t, columns.types=int:int, serialization.format=1, columns=a,b, numFilesErasureCoded=0, columns.comments=&amp#0;, bucketing_version=2, serialization.lib=org.apache.hadoop.hive.ql.io.orc.OrcSerde, file.inputformat=org.apache.hadoop.hive.ql.io.orc.OrcInputFormat, location=file:/home/alex/Repositories/hive/ql/target/tmp/org.apache.hadoop.hive.ql.TestTxnNoBuckets-1713946626176/warehouse/t, file.outputformat=org.apache.hadoop.hive.ql.io.orc.OrcOutputFormat, column.name.delimiter=,}, partitionProperties=Optional.empty, columnNames=[a, b], columnTypes=[int, int], getClass()=class org.apache.hadoop.hive.ql.io.orc.OrcSerde] and formatter : org.apache.hadoop.hive.ql.io.orc.OrcOutputFormat@2de45c7
2024-04-24T01:19:03,820  INFO [LocalJobRunner Map Task Executor #0] exec.MapOperator: MAP[0]: records read - 1
2024-04-24T01:19:03,821  INFO [LocalJobRunner Map Task Executor #0] exec.FileSinkOperator: Final Path: FS file:/home/alex/Repositories/hive/ql/target/tmp/org.apache.hadoop.hive.ql.TestTxnNoBuckets-1713946626176/warehouse/t/.hive-staging_hive_2024-04-24_01-19-01_853_6007923438357583105-1/_tmp.-ext-10000/000001_0
2024-04-24T01:19:03,821  INFO [LocalJobRunner Map Task Executor #0] exec.FileSinkOperator: Writing to temp file: FS file:/home/alex/Repositories/hive/ql/target/tmp/org.apache.hadoop.hive.ql.TestTxnNoBuckets-1713946626176/warehouse/t/.hive-staging_hive_2024-04-24_01-19-01_853_6007923438357583105-1/_task_tmp.-ext-10000/_tmp.000001_0
2024-04-24T01:19:03,821  INFO [LocalJobRunner Map Task Executor #0] exec.FileSinkOperator: New Final Path: FS file:/home/alex/Repositories/hive/ql/target/tmp/org.apache.hadoop.hive.ql.TestTxnNoBuckets-1713946626176/warehouse/t/.hive-staging_hive_2024-04-24_01-19-01_853_6007923438357583105-1/_tmp.-ext-10000/000001_0
2024-04-24T01:19:03,821  INFO [LocalJobRunner Map Task Executor #0] exec.FileSinkOperator: FS[15]: records written - 1
2024-04-24T01:19:03,821  INFO [LocalJobRunner Map Task Executor #0] impl.PhysicalFsWriter: ORC writer created for path: file:/home/alex/Repositories/hive/ql/target/tmp/org.apache.hadoop.hive.ql.TestTxnNoBuckets-1713946626176/warehouse/t/.hive-staging_hive_2024-04-24_01-19-01_853_6007923438357583105-1/_task_tmp.-ext-10000/_tmp.000001_0 with stripeSize: 67108864 blockSize: 268435456 compression: Compress: ZLIB buffer: 262144
2024-04-24T01:19:03,826  INFO [LocalJobRunner Map Task Executor #0] impl.WriterImpl: ORC writer created for path: file:/home/alex/Repositories/hive/ql/target/tmp/org.apache.hadoop.hive.ql.TestTxnNoBuckets-1713946626176/warehouse/t/.hive-staging_hive_2024-04-24_01-19-01_853_6007923438357583105-1/_task_tmp.-ext-10000/_tmp.000001_0 with stripeSize: 67108864 options: Compress: ZLIB buffer: 262144
2024-04-24T01:19:03,826  INFO [LocalJobRunner Map Task Executor #0] exec.MapOperator: Closing Operator: MAP[0]
2024-04-24T01:19:03,826  INFO [LocalJobRunner Map Task Executor #0] exec.MapOperator: MAP[0]: Total records read - 2. abort - false
2024-04-24T01:19:03,826  INFO [LocalJobRunner Map Task Executor #0] exec.MapOperator: DESERIALIZE_ERRORS:0, RECORDS_OUT_OPERATOR_MAP_0:0, RECORDS_OUT_INTERMEDIATE:0, RECORDS_IN:2, 
2024-04-24T01:19:03,826  INFO [LocalJobRunner Map Task Executor #0] exec.TableScanOperator: Closing Operator: TS[20]
2024-04-24T01:19:03,826  INFO [LocalJobRunner Map Task Executor #0] exec.TableScanOperator: RECORDS_OUT_OPERATOR_TS_20:0, RECORDS_OUT_INTERMEDIATE:0, 
2024-04-24T01:19:03,826  INFO [LocalJobRunner Map Task Executor #0] exec.TableScanOperator: Closing Operator: TS[7]
2024-04-24T01:19:03,826  INFO [LocalJobRunner Map Task Executor #0] exec.TableScanOperator: RECORDS_OUT_OPERATOR_TS_7:2, RECORDS_OUT_INTERMEDIATE:0, 
2024-04-24T01:19:03,826  INFO [LocalJobRunner Map Task Executor #0] exec.FilterOperator: Closing Operator: FIL[17]
2024-04-24T01:19:03,826  INFO [LocalJobRunner Map Task Executor #0] exec.FilterOperator: RECORDS_OUT_OPERATOR_FIL_17:1, RECORDS_OUT_INTERMEDIATE:0, 
2024-04-24T01:19:03,826  INFO [LocalJobRunner Map Task Executor #0] exec.SelectOperator: Closing Operator: SEL[9]
2024-04-24T01:19:03,826  INFO [LocalJobRunner Map Task Executor #0] exec.SelectOperator: RECORDS_OUT_OPERATOR_SEL_9:1, RECORDS_OUT_INTERMEDIATE:0, 
2024-04-24T01:19:03,826  INFO [LocalJobRunner Map Task Executor #0] exec.TableScanOperator: Closing Operator: TS[11]
2024-04-24T01:19:03,826  INFO [LocalJobRunner Map Task Executor #0] exec.TableScanOperator: RECORDS_OUT_INTERMEDIATE:0, RECORDS_OUT_OPERATOR_TS_11:2, 
2024-04-24T01:19:03,827  INFO [LocalJobRunner Map Task Executor #0] exec.FilterOperator: Closing Operator: FIL[18]
2024-04-24T01:19:03,827  INFO [LocalJobRunner Map Task Executor #0] exec.FilterOperator: RECORDS_OUT_INTERMEDIATE:0, RECORDS_OUT_OPERATOR_FIL_18:0, 
2024-04-24T01:19:03,827  INFO [LocalJobRunner Map Task Executor #0] exec.SelectOperator: Closing Operator: SEL[13]
2024-04-24T01:19:03,827  INFO [LocalJobRunner Map Task Executor #0] exec.SelectOperator: RECORDS_OUT_INTERMEDIATE:0, RECORDS_OUT_OPERATOR_SEL_13:0, 
2024-04-24T01:19:03,827  INFO [LocalJobRunner Map Task Executor #0] exec.UnionOperator: Closing Operator: UNION[10]
2024-04-24T01:19:03,827  INFO [LocalJobRunner Map Task Executor #0] exec.UnionOperator: RECORDS_OUT_INTERMEDIATE:0, RECORDS_OUT_OPERATOR_UNION_10:1, 
2024-04-24T01:19:03,827  INFO [LocalJobRunner Map Task Executor #0] exec.FileSinkOperator: Closing Operator: FS[15]
2024-04-24T01:19:03,827  INFO [LocalJobRunner Map Task Executor #0] exec.FileSinkOperator: FS[15]: records written - 1
2024-04-24T01:19:03,834  INFO [LocalJobRunner Map Task Executor #0] exec.FileSinkOperator: TOTAL_TABLE_ROWS_WRITTEN:1, RECORDS_OUT_1_default.t:1, RECORDS_OUT_INTERMEDIATE:0, RECORDS_OUT_OPERATOR_FS_15:1, 
2024-04-24T01:19:03,835  INFO [LocalJobRunner Map Task Executor #0] mapred.LocalJobRunner: 
2024-04-24T01:19:03,835  INFO [LocalJobRunner Map Task Executor #0] mapred.Task: Task:attempt_local2044762991_0047_m_000001_0 is done. And is in the process of committing
2024-04-24T01:19:03,836  INFO [LocalJobRunner Map Task Executor #0] mapred.LocalJobRunner: OrcSplit [file:/home/alex/Repositories/hive/ql/target/tmp/org.apache.hadoop.hive.ql.TestTxnNoBuckets-1713946626176/warehouse/acidtbl/delta_0000001_0000001_0000/bucket_00000_0, start=3, length=315, isOriginal=false, fileLength=688, hasFooter=false, hasBase=true, deltas=0]
2024-04-24T01:19:03,836  INFO [LocalJobRunner Map Task Executor #0] mapred.Task: Task 'attempt_local2044762991_0047_m_000001_0' done.
2024-04-24T01:19:03,836  INFO [LocalJobRunner Map Task Executor #0] mapred.Task: Final Counters for attempt_local2044762991_0047_m_000001_0: Counters: 31
	File System Counters
		FILE: Number of bytes read=1076166
		FILE: Number of bytes written=55399959
		FILE: Number of read operations=0
		FILE: Number of large read operations=0
		FILE: Number of write operations=0
	Map-Reduce Framework
		Map input records=2
		Map output records=0
		Input split bytes=497
		Spilled Records=0
		Failed Shuffles=0
		Merged Map outputs=0
		GC time elapsed (ms)=0
		Total committed heap usage (bytes)=1350041600
	HIVE
		CREATED_FILES=1
		DESERIALIZE_ERRORS=0
		RECORDS_IN=2
		RECORDS_OUT_1_default.t=3
		RECORDS_OUT_INTERMEDIATE=0
		RECORDS_OUT_OPERATOR_FIL_17=1
		RECORDS_OUT_OPERATOR_FIL_18=0
		RECORDS_OUT_OPERATOR_FS_15=3
		RECORDS_OUT_OPERATOR_MAP_0=0
		RECORDS_OUT_OPERATOR_SEL_13=0
		RECORDS_OUT_OPERATOR_SEL_9=1
		RECORDS_OUT_OPERATOR_TS_11=2
		RECORDS_OUT_OPERATOR_TS_20=0
		RECORDS_OUT_OPERATOR_TS_7=2
		RECORDS_OUT_OPERATOR_UNION_10=3
		TOTAL_TABLE_ROWS_WRITTEN=3
	File Input Format Counters 
		Bytes Read=10504
	File Output Format Counters 
		Bytes Written=0
2024-04-24T01:19:03,836  INFO [LocalJobRunner Map Task Executor #0] mapred.LocalJobRunner: Finishing task: attempt_local2044762991_0047_m_000001_0
2024-04-24T01:19:03,836  INFO [LocalJobRunner Map Task Executor #0] mapred.LocalJobRunner: Starting task: attempt_local2044762991_0047_m_000002_0
2024-04-24T01:19:03,836  INFO [LocalJobRunner Map Task Executor #0] mapred.Task:  Using ResourceCalculatorProcessTree : [ ]
2024-04-24T01:19:03,837  INFO [LocalJobRunner Map Task Executor #0] mapred.MapTask: Processing split: org.apache.hadoop.mapred.SequenceFileInputFormat:file:/home/alex/Repositories/hive/ql/target/tmp/localscratchdir/e00dbb5c-6c74-4674-b714-4428495d65b6/hive_2024-04-24_01-19-01_853_6007923438357583105-1/-mr-10002/000000_0:0+134
2024-04-24T01:19:03,837  INFO [LocalJobRunner Map Task Executor #0] exec.SerializationUtilities: Deserializing MapWork using kryo
2024-04-24T01:19:03,838  INFO [LocalJobRunner Map Task Executor #0] exec.Utilities: Deserialized plan (via FILE) - name: null size: 7,60KB
2024-04-24T01:19:03,838  INFO [LocalJobRunner Map Task Executor #0] exec.Utilities: schema.evolution.columns and schema.evolution.columns.types not available
2024-04-24T01:19:03,839  INFO [LocalJobRunner Map Task Executor #0] mapred.MapTask: numReduceTasks: 0
2024-04-24T01:19:03,839  INFO [LocalJobRunner Map Task Executor #0] exec.MapOperator: Initializing Operator: MAP[0]
2024-04-24T01:19:03,840  INFO [LocalJobRunner Map Task Executor #0] mr.ExecMapper: 
<MAP>Id =0
  <Children>
    <TS>Id =20
      <Children>
        <UNION>Id =10
          <Children>
            <FS>Id =15
              <Children>
              <\Children>
              <Parent>Id = 10 null<\Parent>
            <\FS>
          <\Children>
          <Parent>Id = 20 nullId = 9 
        <SEL>Id =9
          <Children>null
          <\Children>
          <Parent>Id = 17 
        <FIL>Id =17
          <Children>null
          <\Children>
          <Parent>Id = 7 
        <TS>Id =7
          <Children>null
          <\Children>
          <Parent>Id = 0 null<\Parent>
        <\TS><\Parent>
        <\FIL><\Parent>
        <\SEL>Id = 13 
        <SEL>Id =13
          <Children>null
          <\Children>
          <Parent>Id = 18 
        <FIL>Id =18
          <Children>null
          <\Children>
          <Parent>Id = 11 
        <TS>Id =11
          <Children>null
          <\Children>
          <Parent>Id = 0 null<\Parent>
        <\TS><\Parent>
        <\FIL><\Parent>
        <\SEL><\Parent>
        <\UNION>
      <\Children>
      <Parent>Id = 0 null<\Parent>
    <\TS>nullnull
  <\Children>
  <Parent><\Parent>
<\MAP>
2024-04-24T01:19:03,841  INFO [LocalJobRunner Map Task Executor #0] exec.TableScanOperator: Initializing Operator: TS[11]
2024-04-24T01:19:03,841  INFO [LocalJobRunner Map Task Executor #0] exec.FilterOperator: Initializing Operator: FIL[18]
2024-04-24T01:19:03,841  INFO [LocalJobRunner Map Task Executor #0] exec.SelectOperator: Initializing Operator: SEL[13]
2024-04-24T01:19:03,841  INFO [LocalJobRunner Map Task Executor #0] exec.SelectOperator: SELECT struct<a:int,b:int>
2024-04-24T01:19:03,841  INFO [LocalJobRunner Map Task Executor #0] exec.TableScanOperator: Initializing Operator: TS[7]
2024-04-24T01:19:03,841  INFO [LocalJobRunner Map Task Executor #0] exec.FilterOperator: Initializing Operator: FIL[17]
2024-04-24T01:19:03,841  INFO [LocalJobRunner Map Task Executor #0] exec.SelectOperator: Initializing Operator: SEL[9]
2024-04-24T01:19:03,841  INFO [LocalJobRunner Map Task Executor #0] exec.SelectOperator: SELECT struct<a:int,b:int>
2024-04-24T01:19:03,841  INFO [LocalJobRunner Map Task Executor #0] exec.TableScanOperator: Initializing Operator: TS[20]
2024-04-24T01:19:03,841  INFO [LocalJobRunner Map Task Executor #0] exec.UnionOperator: Initializing Operator: UNION[10]
2024-04-24T01:19:03,842  INFO [LocalJobRunner Map Task Executor #0] exec.UnionOperator: Union Operator needs to transform row from parent[0] from org.apache.hadoop.hive.serde2.lazybinary.objectinspector.LazyBinaryStructObjectInspector<org.apache.hadoop.hive.serde2.objectinspector.primitive.WritableIntObjectInspector@16cbba0f,org.apache.hadoop.hive.serde2.objectinspector.primitive.WritableIntObjectInspector@16cbba0f> to org.apache.hadoop.hive.serde2.objectinspector.StandardStructObjectInspector<org.apache.hadoop.hive.serde2.objectinspector.primitive.WritableIntObjectInspector@16cbba0f,org.apache.hadoop.hive.serde2.objectinspector.primitive.WritableIntObjectInspector@16cbba0f>
2024-04-24T01:19:03,842  INFO [LocalJobRunner Map Task Executor #0] exec.FileSinkOperator: Initializing Operator: FS[15]
2024-04-24T01:19:03,842  INFO [LocalJobRunner Map Task Executor #0] exec.FileSinkOperator: Using serializer : AbstractSerDe [log=org.apache.logging.slf4j.Log4jLogger@48b320a7, configuration=Optional[Configuration: core-default.xml, core-site.xml, mapred-default.xml, mapred-site.xml, yarn-default.xml, yarn-site.xml, hdfs-default.xml, hdfs-site.xml, file:/home/alex/Repositories/hive/ql/target/tmp/TestTxnNoBuckets/mapred/local/localRunner/alex/job_local2044762991_0047/job_local2044762991_0047.xml], properties={name=default.t, columns.types=int:int, serialization.format=1, columns=a,b, numFilesErasureCoded=0, columns.comments=&amp#0;, bucketing_version=2, serialization.lib=org.apache.hadoop.hive.ql.io.orc.OrcSerde, file.inputformat=org.apache.hadoop.hive.ql.io.orc.OrcInputFormat, file.outputformat=org.apache.hadoop.hive.ql.io.orc.OrcOutputFormat, location=file:/home/alex/Repositories/hive/ql/target/tmp/org.apache.hadoop.hive.ql.TestTxnNoBuckets-1713946626176/warehouse/t, column.name.delimiter=,}, tableProperties={name=default.t, columns.types=int:int, serialization.format=1, columns=a,b, numFilesErasureCoded=0, columns.comments=&amp#0;, bucketing_version=2, serialization.lib=org.apache.hadoop.hive.ql.io.orc.OrcSerde, file.inputformat=org.apache.hadoop.hive.ql.io.orc.OrcInputFormat, location=file:/home/alex/Repositories/hive/ql/target/tmp/org.apache.hadoop.hive.ql.TestTxnNoBuckets-1713946626176/warehouse/t, file.outputformat=org.apache.hadoop.hive.ql.io.orc.OrcOutputFormat, column.name.delimiter=,}, partitionProperties=Optional.empty, columnNames=[a, b], columnTypes=[int, int], getClass()=class org.apache.hadoop.hive.ql.io.orc.OrcSerde] and formatter : org.apache.hadoop.hive.ql.io.orc.OrcOutputFormat@237b3e24
2024-04-24T01:19:03,842  INFO [LocalJobRunner Map Task Executor #0] exec.FileSinkOperator: Final Path: FS file:/home/alex/Repositories/hive/ql/target/tmp/org.apache.hadoop.hive.ql.TestTxnNoBuckets-1713946626176/warehouse/t/.hive-staging_hive_2024-04-24_01-19-01_853_6007923438357583105-1/_tmp.-ext-10000/000002_0
2024-04-24T01:19:03,842  INFO [LocalJobRunner Map Task Executor #0] exec.FileSinkOperator: Writing to temp file: FS file:/home/alex/Repositories/hive/ql/target/tmp/org.apache.hadoop.hive.ql.TestTxnNoBuckets-1713946626176/warehouse/t/.hive-staging_hive_2024-04-24_01-19-01_853_6007923438357583105-1/_task_tmp.-ext-10000/_tmp.000002_0
2024-04-24T01:19:03,842  INFO [LocalJobRunner Map Task Executor #0] exec.FileSinkOperator: New Final Path: FS file:/home/alex/Repositories/hive/ql/target/tmp/org.apache.hadoop.hive.ql.TestTxnNoBuckets-1713946626176/warehouse/t/.hive-staging_hive_2024-04-24_01-19-01_853_6007923438357583105-1/_tmp.-ext-10000/000002_0
2024-04-24T01:19:03,842  INFO [LocalJobRunner Map Task Executor #0] exec.FileSinkOperator: FS[15]: records written - 1
2024-04-24T01:19:03,842  INFO [LocalJobRunner Map Task Executor #0] impl.PhysicalFsWriter: ORC writer created for path: file:/home/alex/Repositories/hive/ql/target/tmp/org.apache.hadoop.hive.ql.TestTxnNoBuckets-1713946626176/warehouse/t/.hive-staging_hive_2024-04-24_01-19-01_853_6007923438357583105-1/_task_tmp.-ext-10000/_tmp.000002_0 with stripeSize: 67108864 blockSize: 268435456 compression: Compress: ZLIB buffer: 262144
2024-04-24T01:19:03,847  INFO [LocalJobRunner Map Task Executor #0] impl.WriterImpl: ORC writer created for path: file:/home/alex/Repositories/hive/ql/target/tmp/org.apache.hadoop.hive.ql.TestTxnNoBuckets-1713946626176/warehouse/t/.hive-staging_hive_2024-04-24_01-19-01_853_6007923438357583105-1/_task_tmp.-ext-10000/_tmp.000002_0 with stripeSize: 67108864 options: Compress: ZLIB buffer: 262144
2024-04-24T01:19:03,847  INFO [LocalJobRunner Map Task Executor #0] exec.MapOperator: MAP[0]: records read - 1
2024-04-24T01:19:03,847  INFO [LocalJobRunner Map Task Executor #0] exec.MapOperator: Closing Operator: MAP[0]
2024-04-24T01:19:03,847  INFO [LocalJobRunner Map Task Executor #0] exec.MapOperator: MAP[0]: Total records read - 2. abort - false
2024-04-24T01:19:03,847  INFO [LocalJobRunner Map Task Executor #0] exec.MapOperator: DESERIALIZE_ERRORS:0, RECORDS_IN:2, RECORDS_OUT_INTERMEDIATE:0, RECORDS_OUT_OPERATOR_MAP_0:0, 
2024-04-24T01:19:03,847  INFO [LocalJobRunner Map Task Executor #0] exec.TableScanOperator: Closing Operator: TS[20]
2024-04-24T01:19:03,847  INFO [LocalJobRunner Map Task Executor #0] exec.TableScanOperator: RECORDS_OUT_INTERMEDIATE:0, RECORDS_OUT_OPERATOR_TS_20:2, 
2024-04-24T01:19:03,848  INFO [LocalJobRunner Map Task Executor #0] exec.TableScanOperator: Closing Operator: TS[7]
2024-04-24T01:19:03,848  INFO [LocalJobRunner Map Task Executor #0] exec.TableScanOperator: RECORDS_OUT_INTERMEDIATE:0, RECORDS_OUT_OPERATOR_TS_7:0, 
2024-04-24T01:19:03,848  INFO [LocalJobRunner Map Task Executor #0] exec.FilterOperator: Closing Operator: FIL[17]
2024-04-24T01:19:03,848  INFO [LocalJobRunner Map Task Executor #0] exec.FilterOperator: RECORDS_OUT_INTERMEDIATE:0, RECORDS_OUT_OPERATOR_FIL_17:0, 
2024-04-24T01:19:03,848  INFO [LocalJobRunner Map Task Executor #0] exec.SelectOperator: Closing Operator: SEL[9]
2024-04-24T01:19:03,848  INFO [LocalJobRunner Map Task Executor #0] exec.SelectOperator: RECORDS_OUT_OPERATOR_SEL_9:0, RECORDS_OUT_INTERMEDIATE:0, 
2024-04-24T01:19:03,848  INFO [LocalJobRunner Map Task Executor #0] exec.TableScanOperator: Closing Operator: TS[11]
2024-04-24T01:19:03,848  INFO [LocalJobRunner Map Task Executor #0] exec.TableScanOperator: RECORDS_OUT_INTERMEDIATE:0, RECORDS_OUT_OPERATOR_TS_11:0, 
2024-04-24T01:19:03,848  INFO [LocalJobRunner Map Task Executor #0] exec.FilterOperator: Closing Operator: FIL[18]
2024-04-24T01:19:03,848  INFO [LocalJobRunner Map Task Executor #0] exec.FilterOperator: RECORDS_OUT_OPERATOR_FIL_18:0, RECORDS_OUT_INTERMEDIATE:0, 
2024-04-24T01:19:03,848  INFO [LocalJobRunner Map Task Executor #0] exec.SelectOperator: Closing Operator: SEL[13]
2024-04-24T01:19:03,848  INFO [LocalJobRunner Map Task Executor #0] exec.SelectOperator: RECORDS_OUT_INTERMEDIATE:0, RECORDS_OUT_OPERATOR_SEL_13:0, 
2024-04-24T01:19:03,848  INFO [LocalJobRunner Map Task Executor #0] exec.UnionOperator: Closing Operator: UNION[10]
2024-04-24T01:19:03,848  INFO [LocalJobRunner Map Task Executor #0] exec.UnionOperator: RECORDS_OUT_INTERMEDIATE:0, RECORDS_OUT_OPERATOR_UNION_10:2, 
2024-04-24T01:19:03,848  INFO [LocalJobRunner Map Task Executor #0] exec.FileSinkOperator: Closing Operator: FS[15]
2024-04-24T01:19:03,848  INFO [LocalJobRunner Map Task Executor #0] exec.FileSinkOperator: FS[15]: records written - 2
2024-04-24T01:19:03,854  INFO [LocalJobRunner Map Task Executor #0] exec.FileSinkOperator: RECORDS_OUT_OPERATOR_FS_15:2, RECORDS_OUT_INTERMEDIATE:0, TOTAL_TABLE_ROWS_WRITTEN:2, RECORDS_OUT_1_default.t:2, 
2024-04-24T01:19:03,855  INFO [LocalJobRunner Map Task Executor #0] mapred.LocalJobRunner: 
2024-04-24T01:19:03,855  INFO [LocalJobRunner Map Task Executor #0] mapred.Task: Task:attempt_local2044762991_0047_m_000002_0 is done. And is in the process of committing
2024-04-24T01:19:03,856  INFO [LocalJobRunner Map Task Executor #0] mapred.LocalJobRunner: file:/home/alex/Repositories/hive/ql/target/tmp/localscratchdir/e00dbb5c-6c74-4674-b714-4428495d65b6/hive_2024-04-24_01-19-01_853_6007923438357583105-1/-mr-10002/000000_0:0+134
2024-04-24T01:19:03,856  INFO [LocalJobRunner Map Task Executor #0] mapred.Task: Task 'attempt_local2044762991_0047_m_000002_0' done.
2024-04-24T01:19:03,856  INFO [LocalJobRunner Map Task Executor #0] mapred.Task: Final Counters for attempt_local2044762991_0047_m_000002_0: Counters: 31
	File System Counters
		FILE: Number of bytes read=1084973
		FILE: Number of bytes written=55400302
		FILE: Number of read operations=0
		FILE: Number of large read operations=0
		FILE: Number of write operations=0
	Map-Reduce Framework
		Map input records=2
		Map output records=0
		Input split bytes=334
		Spilled Records=0
		Failed Shuffles=0
		Merged Map outputs=0
		GC time elapsed (ms)=0
		Total committed heap usage (bytes)=1350041600
	HIVE
		CREATED_FILES=1
		DESERIALIZE_ERRORS=0
		RECORDS_IN=2
		RECORDS_OUT_1_default.t=6
		RECORDS_OUT_INTERMEDIATE=0
		RECORDS_OUT_OPERATOR_FIL_17=0
		RECORDS_OUT_OPERATOR_FIL_18=0
		RECORDS_OUT_OPERATOR_FS_15=6
		RECORDS_OUT_OPERATOR_MAP_0=0
		RECORDS_OUT_OPERATOR_SEL_13=0
		RECORDS_OUT_OPERATOR_SEL_9=0
		RECORDS_OUT_OPERATOR_TS_11=0
		RECORDS_OUT_OPERATOR_TS_20=2
		RECORDS_OUT_OPERATOR_TS_7=0
		RECORDS_OUT_OPERATOR_UNION_10=6
		TOTAL_TABLE_ROWS_WRITTEN=6
	File Input Format Counters 
		Bytes Read=7964
	File Output Format Counters 
		Bytes Written=0
2024-04-24T01:19:03,856  INFO [LocalJobRunner Map Task Executor #0] mapred.LocalJobRunner: Finishing task: attempt_local2044762991_0047_m_000002_0
2024-04-24T01:19:03,856  INFO [Thread-3091] mapred.LocalJobRunner: map task executor complete.
2024-04-24 01:19:04,786 Stage-2 map = 100%,  reduce = 0%
2024-04-24T01:19:04,787  INFO [main] exec.Task: 2024-04-24 01:19:04,786 Stage-2 map = 100%,  reduce = 0%
Ended Job = job_local2044762991_0047
2024-04-24T01:19:04,787  INFO [main] exec.Task: Ended Job = job_local2044762991_0047
2024-04-24T01:19:04,789  INFO [main] ql.Driver: Starting task [Stage-0:MOVE] in serial mode
Loading data to table default.t
2024-04-24T01:19:04,789  INFO [main] exec.Task: Loading data to table default.t from file:/home/alex/Repositories/hive/ql/target/tmp/org.apache.hadoop.hive.ql.TestTxnNoBuckets-1713946626176/warehouse/t/.hive-staging_hive_2024-04-24_01-19-01_853_6007923438357583105-1/-ext-10000
2024-04-24T01:19:04,789  INFO [main] HiveMetaStore.audit: ugi=alex	ip=unknown-ip-addr	cmd=get_table : tbl=hive.default.t	
2024-04-24T01:19:04,799  INFO [main] metastore.HMSHandler: Skipping translation for processor with null
2024-04-24T01:19:04,799  INFO [main] HiveMetaStore.audit: ugi=alex	ip=unknown-ip-addr	cmd=get_table : tbl=hive.default.t	
2024-04-24T01:19:04,808  INFO [main] metastore.HMSHandler: Skipping translation for processor with null
2024-04-24T01:19:04,810  WARN [main] metadata.Hive: Cannot get a table snapshot for t
2024-04-24T01:19:04,810  INFO [main] HiveMetaStore.audit: ugi=alex	ip=unknown-ip-addr	cmd=alter_table: hive.default.t newtbl=t	
2024-04-24T01:19:04,836  INFO [main] ql.Driver: Starting task [Stage-3:STATS] in serial mode
2024-04-24T01:19:04,836  INFO [main] HiveMetaStore.audit: ugi=alex	ip=unknown-ip-addr	cmd=get_table : tbl=hive.default.t	
2024-04-24T01:19:04,845  INFO [main] metastore.HMSHandler: Skipping translation for processor with null
2024-04-24T01:19:04,845  INFO [main] stats.BasicStatsTask: Executing stats task
2024-04-24T01:19:04,846  INFO [main] fs.FSStatsPublisher: created : file:/home/alex/Repositories/hive/ql/target/tmp/localscratchdir/e00dbb5c-6c74-4674-b714-4428495d65b6/hive_2024-04-24_01-19-01_853_6007923438357583105-1/-mr-10001
2024-04-24T01:19:04,847  INFO [main] HiveMetaStore.audit: ugi=alex	ip=unknown-ip-addr	cmd=get_table : tbl=hive.default.t	
2024-04-24T01:19:04,857  INFO [main] metastore.HMSHandler: Skipping translation for processor with null
2024-04-24T01:19:04,858  INFO [main] FileOperations: Read stats for default.t/, numRows, true, 5, false: 
2024-04-24T01:19:04,858  INFO [main] FileOperations: Read stats for default.t/, rawDataSize, true, 40, false: 
2024-04-24T01:19:04,858  WARN [main] metadata.Hive: Cannot get a table snapshot for t
2024-04-24T01:19:04,859  INFO [main] HiveMetaStore.audit: ugi=alex	ip=unknown-ip-addr	cmd=alter_table: hive.default.t newtbl=t	
2024-04-24T01:19:04,882  INFO [main] stats.BasicStatsTask: Table default.t stats: [numFiles=3, numRows=5, totalSize=764, rawDataSize=40, numFilesErasureCoded=0]
2024-04-24T01:19:04,883  INFO [main] metadata.Hive: Dumping metastore api call timing information for : execution phase
2024-04-24T01:19:04,883  INFO [main] metadata.Hive: Total time spent in each metastore function (ms): {getTable_(GetTableRequest)=38, alter_table_(String, String, String, Table, EnvironmentContext, String)=50, isCompatibleWith_(Configuration)=0}
MapReduce Jobs Launched: 
2024-04-24T01:19:04,883  INFO [main] ql.Driver: MapReduce Jobs Launched: 
Stage-Stage-1:  HDFS Read: 0 HDFS Write: 0 SUCCESS
2024-04-24T01:19:04,883  INFO [main] ql.Driver: Stage-Stage-1:  HDFS Read: 0 HDFS Write: 0 SUCCESS
Stage-Stage-2:  HDFS Read: 0 HDFS Write: 0 SUCCESS
2024-04-24T01:19:04,883  INFO [main] ql.Driver: Stage-Stage-2:  HDFS Read: 0 HDFS Write: 0 SUCCESS
Total MapReduce CPU Time Spent: 0 msec
2024-04-24T01:19:04,883  INFO [main] ql.Driver: Total MapReduce CPU Time Spent: 0 msec
2024-04-24T01:19:04,884  INFO [main] ql.Driver: Completed executing command(queryId=alex_20240424011859_2c2c3c7d-eff6-4e45-822f-b62ad37a46a0); Time taken: 2.678 seconds
2024-04-24T01:19:04,884  INFO [main] lockmgr.DbTxnManager: Stopped heartbeat for query: alex_20240424011859_2c2c3c7d-eff6-4e45-822f-b62ad37a46a0
2024-04-24T01:19:04,887  INFO [main] txn.TxnHandler: Expected to move at least one record from txn_components to completed_txn_components when committing txn! txnid:16
2024-04-24T01:19:04,892  INFO [main] txn.TxnHandler: Removed transactions: ([16]) from MIN_HISTORY_LEVEL
2024-04-24T01:19:04,893  WARN [main] txn.CompactionTxnHandler: No compaction queue record found for Compaction type transaction commit. txnId:16
2024-04-24T01:19:04,893  INFO [main] ql.TxnCommandsBaseForTests: Running the query: insert into T values(12,12)
2024-04-24T01:19:04,893  INFO [main] ql.Context: Deleting scratch dir: file:/home/alex/Repositories/hive/ql/target/tmp/org.apache.hadoop.hive.ql.TestTxnNoBuckets-1713946626176/warehouse/t/.hive-staging_hive_2024-04-24_01-19-01_853_6007923438357583105-1
2024-04-24T01:19:04,894  INFO [main] cleanup.SyncCleanupService: Deleted directory: file:/home/alex/Repositories/hive/ql/target/tmp/org.apache.hadoop.hive.ql.TestTxnNoBuckets-1713946626176/warehouse/t/.hive-staging_hive_2024-04-24_01-19-01_853_6007923438357583105-1 on fs with scheme file
2024-04-24T01:19:04,894  INFO [main] ql.Context: Deleting scratch dir: file:/home/alex/Repositories/hive/ql/target/tmp/localscratchdir/e00dbb5c-6c74-4674-b714-4428495d65b6/hive_2024-04-24_01-19-01_853_6007923438357583105-1
2024-04-24T01:19:04,894  INFO [main] cleanup.SyncCleanupService: Deleted directory: file:/home/alex/Repositories/hive/ql/target/tmp/localscratchdir/e00dbb5c-6c74-4674-b714-4428495d65b6/hive_2024-04-24_01-19-01_853_6007923438357583105-1 on fs with scheme file
2024-04-24T01:19:04,895  INFO [main] ql.Driver: Compiling command(queryId=alex_20240424011859_2c2c3c7d-eff6-4e45-822f-b62ad37a46a0): insert into T values(12,12)
2024-04-24T01:19:04,898  INFO [main] txn.TxnHandler: Added entries to MIN_HISTORY_LEVEL for current txns: ([17]) with min_open_txn: 17
2024-04-24T01:19:04,898  INFO [main] lockmgr.DbTxnManager: Opened txnid:17
2024-04-24T01:19:04,899  INFO [main] parse.CalcitePlanner: Starting caching scope for: alex_20240424011859_2c2c3c7d-eff6-4e45-822f-b62ad37a46a0
2024-04-24T01:19:04,899  INFO [main] parse.CalcitePlanner: Starting Semantic Analysis
2024-04-24T01:19:04,902  INFO [main] HiveMetaStore.audit: ugi=alex	ip=unknown-ip-addr	cmd=get_table : tbl=hive.default.T	
2024-04-24T01:19:04,911  INFO [main] metastore.HMSHandler: Skipping translation for processor with null
2024-04-24T01:19:04,911  INFO [main] parse.CalcitePlanner: Completed phase 1 of Semantic Analysis
2024-04-24T01:19:04,911  INFO [main] parse.CalcitePlanner: Get metadata for source tables
2024-04-24T01:19:04,911  INFO [main] parse.CalcitePlanner: Get metadata for subqueries
2024-04-24T01:19:04,911  INFO [main] parse.CalcitePlanner: Get metadata for destination tables
2024-04-24T01:19:04,911  INFO [main] HiveMetaStore.audit: ugi=alex	ip=unknown-ip-addr	cmd=get_table : tbl=hive.default.T	
2024-04-24T01:19:04,920  INFO [main] metastore.HMSHandler: Skipping translation for processor with null
2024-04-24T01:19:04,921  INFO [main] parse.CalcitePlanner: Completed getting MetaData in Semantic Analysis
2024-04-24T01:19:04,921  INFO [main] parse.CalcitePlanner: Disabling LLAP IO encode as ETL query is detected
2024-04-24T01:19:04,942  INFO [main] HiveMetaStore.audit: ugi=alex	ip=unknown-ip-addr	cmd=get_all_table_constraints : tbl=hive._dummy_database._dummy_table	
2024-04-24T01:19:04,990  INFO [main] parse.CalcitePlanner: Get metadata for source tables
2024-04-24T01:19:04,990  INFO [main] parse.CalcitePlanner: Get metadata for subqueries
2024-04-24T01:19:04,990  INFO [main] parse.CalcitePlanner: Get metadata for source tables
2024-04-24T01:19:04,990  INFO [main] HiveMetaStore.audit: ugi=alex	ip=unknown-ip-addr	cmd=get_table : tbl=hive._dummy_database._dummy_table	
2024-04-24T01:19:04,993  INFO [main] parse.CalcitePlanner: Get metadata for subqueries
2024-04-24T01:19:04,993  INFO [main] parse.CalcitePlanner: Get metadata for destination tables
2024-04-24T01:19:04,993  INFO [main] parse.CalcitePlanner: Get metadata for destination tables
2024-04-24T01:19:04,994  INFO [main] common.FileUtils: Creating directory if it doesn't exist: file:/home/alex/Repositories/hive/ql/target/tmp/org.apache.hadoop.hive.ql.TestTxnNoBuckets-1713946626176/warehouse/t/.hive-staging_hive_2024-04-24_01-19-04_895_3224493715146418919-1
2024-04-24T01:19:04,996  INFO [main] HiveMetaStore.audit: ugi=alex	ip=unknown-ip-addr	cmd=get_not_null_constraints : tbl=hive.default.t	
2024-04-24T01:19:04,998  INFO [main] HiveMetaStore.audit: ugi=alex	ip=unknown-ip-addr	cmd=get_check_constraints : tbl=hive.default.t	
2024-04-24T01:19:04,999  INFO [main] parse.CalcitePlanner: CBO Succeeded; optimized logical plan.
2024-04-24T01:19:05,002  INFO [main] optimizer.BucketVersionPopulator: not considering bucketingVersion for: TS[0] because it has -1<2 buckets 
2024-04-24T01:19:05,003  INFO [main] optimizer.SortedDynPartitionOptimizer: Sorted dynamic partitioning optimization kicked in..
2024-04-24T01:19:05,011  INFO [main] HiveMetaStore.audit: ugi=alex	ip=unknown-ip-addr	cmd=get_table : tbl=hive.default.t	
2024-04-24T01:19:05,021  INFO [main] metastore.HMSHandler: Skipping translation for processor with null
2024-04-24T01:19:05,022  INFO [main] parse.CalcitePlanner: Completed plan generation
2024-04-24T01:19:05,022  INFO [main] parse.CalcitePlanner: Ending caching scope for: alex_20240424011859_2c2c3c7d-eff6-4e45-822f-b62ad37a46a0
2024-04-24T01:19:05,022  INFO [main] ql.Driver: Semantic Analysis Completed (retrial = false)
2024-04-24T01:19:05,022  INFO [main] ql.Driver: Created Hive schema: Schema(fieldSchemas:[FieldSchema(name:col1, type:int, comment:null), FieldSchema(name:col2, type:int, comment:null)], properties:null)
2024-04-24T01:19:05,022  INFO [main] metadata.Hive: Dumping metastore api call timing information for : compilation phase
2024-04-24T01:19:05,022  INFO [main] metadata.Hive: Total time spent in each metastore function (ms): {flushCache_()=0, getValidTxns_(long)=0, getAllTableConstraints_(AllTableConstraintsRequest)=5, openTxn_(String, TxnType)=2, getCheckConstraints_(CheckConstraintsRequest)=0, getTable_(GetTableRequest)=28, getNotNullConstraints_(NotNullConstraintsRequest)=1, commitTxn_(CommitTxnRequest)=9, getValidWriteIds_(List, String)=4, isCompatibleWith_(Configuration)=0}
2024-04-24T01:19:05,023  INFO [main] ql.Driver: Completed compiling command(queryId=alex_20240424011859_2c2c3c7d-eff6-4e45-822f-b62ad37a46a0); Time taken: 0.127 seconds
2024-04-24T01:19:05,023  INFO [main] lockmgr.DbTxnManager: Setting lock request transaction to txnid:17 for queryId=alex_20240424011859_2c2c3c7d-eff6-4e45-822f-b62ad37a46a0
2024-04-24T01:19:05,023  INFO [main] lockmgr.DbLockManager: Requesting lock for queryId=alex_20240424011859_2c2c3c7d-eff6-4e45-822f-b62ad37a46a0
2024-04-24T01:19:05,036  INFO [main] lockmgr.DbLockManager: Response to queryId=alex_20240424011859_2c2c3c7d-eff6-4e45-822f-b62ad37a46a0 LockResponse(lockid:11, state:ACQUIRED)
2024-04-24T01:19:05,036  INFO [main] ql.Driver: Operation QUERY obtained 1 locks
2024-04-24T01:19:05,036  INFO [main] ql.Driver: Executing command(queryId=alex_20240424011859_2c2c3c7d-eff6-4e45-822f-b62ad37a46a0): insert into T values(12,12)
2024-04-24T01:19:05,036  WARN [main] ql.Driver: Hive-on-MR is deprecated in Hive 2 and may not be available in the future versions. Consider using a different execution engine (i.e. spark, tez) or using Hive 1.X releases.
Query ID = alex_20240424011859_2c2c3c7d-eff6-4e45-822f-b62ad37a46a0
2024-04-24T01:19:05,036  INFO [main] ql.Driver: Query ID = alex_20240424011859_2c2c3c7d-eff6-4e45-822f-b62ad37a46a0
Total jobs = 1
2024-04-24T01:19:05,036  INFO [main] ql.Driver: Total jobs = 1
Launching Job 1 out of 1
2024-04-24T01:19:05,036  INFO [main] ql.Driver: Launching Job 1 out of 1
2024-04-24T01:19:05,171  INFO [main] ql.Driver: Starting task [Stage-1:MAPRED] in serial mode
Number of reduce tasks is set to 0 since there's no reduce operator
2024-04-24T01:19:05,171  INFO [main] exec.Task: Number of reduce tasks is set to 0 since there's no reduce operator
2024-04-24T01:19:05,173  INFO [main] mr.ExecDriver: Using org.apache.hadoop.hive.ql.io.HiveInputFormat
2024-04-24T01:19:05,173  INFO [main] exec.Utilities: Processing alias $hdt$_0:_dummy_table
2024-04-24T01:19:05,173  INFO [main] exec.Utilities: Adding 1 inputs; the first input is file:/home/alex/Repositories/hive/ql/target/tmp/localscratchdir/e00dbb5c-6c74-4674-b714-4428495d65b6/hive_2024-04-24_01-19-04_895_3224493715146418919-1/dummy_path
2024-04-24T01:19:05,184  INFO [main] exec.SerializationUtilities: Serializing MapWork using kryo
2024-04-24T01:19:05,185  INFO [main] exec.Utilities: Serialized plan (via FILE) - name: null size: 5,71KB
2024-04-24T01:19:05,186  WARN [main] impl.MetricsSystemImpl: JobTracker metrics system already initialized!
2024-04-24T01:19:05,191  INFO [main] fs.FSStatsPublisher: created : file:/home/alex/Repositories/hive/ql/target/tmp/localscratchdir/e00dbb5c-6c74-4674-b714-4428495d65b6/hive_2024-04-24_01-19-04_895_3224493715146418919-1/-mr-10001
2024-04-24T01:19:05,197  WARN [main] impl.MetricsSystemImpl: JobTracker metrics system already initialized!
2024-04-24T01:19:05,207  WARN [main] mapreduce.JobResourceUploader: Hadoop command-line option parsing not performed. Implement the Tool interface and execute your application with ToolRunner to remedy this.
2024-04-24T01:19:05,213  WARN [main] mapreduce.JobResourceUploader: No job jar file set.  User classes may not be found. See Job or Job#setJar(String).
2024-04-24T01:19:05,214  INFO [main] io.HiveInputFormat: hive.io.file.readcolumn.ids = 
2024-04-24T01:19:05,214  INFO [main] io.HiveInputFormat: hive.io.file.readcolumn.names = 
2024-04-24T01:19:05,214  INFO [main] io.HiveInputFormat: Generating splits for dirs: file:/home/alex/Repositories/hive/ql/target/tmp/localscratchdir/e00dbb5c-6c74-4674-b714-4428495d65b6/hive_2024-04-24_01-19-04_895_3224493715146418919-1/dummy_path
2024-04-24T01:19:05,215  INFO [main] io.HiveInputFormat: number of splits 1
2024-04-24T01:19:05,234  INFO [main] mapreduce.JobSubmitter: number of splits:1
2024-04-24T01:19:05,265  INFO [main] mapreduce.JobSubmitter: Submitting tokens for job: job_local1169753698_0048
2024-04-24T01:19:05,265  INFO [main] mapreduce.JobSubmitter: Executing with tokens: []
2024-04-24T01:19:05,343  INFO [main] mapreduce.Job: The url to track the job: http://localhost:8080/
Job running in-process (local Hadoop)
2024-04-24T01:19:05,343  INFO [main] exec.Task: Job running in-process (local Hadoop)
2024-04-24T01:19:05,343  INFO [Thread-3139] mapred.LocalJobRunner: OutputCommitter set in config org.apache.hadoop.hive.ql.io.HiveFileFormatUtils$NullOutputCommitter
2024-04-24T01:19:05,343  INFO [Thread-3139] mapred.LocalJobRunner: OutputCommitter is org.apache.hadoop.hive.ql.io.HiveFileFormatUtils$NullOutputCommitter
2024-04-24T01:19:05,345  INFO [Thread-3139] mapred.LocalJobRunner: Waiting for map tasks
2024-04-24T01:19:05,345  INFO [LocalJobRunner Map Task Executor #0] mapred.LocalJobRunner: Starting task: attempt_local1169753698_0048_m_000000_0
2024-04-24T01:19:05,345  INFO [LocalJobRunner Map Task Executor #0] mapred.Task:  Using ResourceCalculatorProcessTree : [ ]
2024-04-24T01:19:05,346  INFO [LocalJobRunner Map Task Executor #0] mapred.MapTask: Processing split: org.apache.hadoop.hive.ql.io.NullRowsInputFormat:file:/home/alex/Repositories/hive/ql/target/tmp/localscratchdir/e00dbb5c-6c74-4674-b714-4428495d65b6/hive_2024-04-24_01-19-04_895_3224493715146418919-1/dummy_path/null:0+1
2024-04-24T01:19:05,347  INFO [LocalJobRunner Map Task Executor #0] exec.SerializationUtilities: Deserializing MapWork using kryo
2024-04-24T01:19:05,347  INFO [LocalJobRunner Map Task Executor #0] exec.Utilities: Deserialized plan (via FILE) - name: null size: 5,71KB
2024-04-24T01:19:05,348  INFO [LocalJobRunner Map Task Executor #0] mapred.MapTask: numReduceTasks: 0
2024-04-24T01:19:05,348  INFO [LocalJobRunner Map Task Executor #0] exec.MapOperator: Initializing Operator: MAP[0]
2024-04-24T01:19:05,348  INFO [LocalJobRunner Map Task Executor #0] mr.ExecMapper: 
<MAP>Id =0
  <Children>null
  <\Children>
  <Parent><\Parent>
<\MAP>
2024-04-24T01:19:05,349  INFO [LocalJobRunner Map Task Executor #0] exec.TableScanOperator: Initializing Operator: TS[0]
2024-04-24T01:19:05,349  INFO [LocalJobRunner Map Task Executor #0] exec.SelectOperator: Initializing Operator: SEL[1]
2024-04-24T01:19:05,349  INFO [LocalJobRunner Map Task Executor #0] exec.SelectOperator: SELECT null
2024-04-24T01:19:05,350  INFO [LocalJobRunner Map Task Executor #0] exec.UDTFOperator: Initializing Operator: UDTF[2]
2024-04-24T01:19:05,350  INFO [LocalJobRunner Map Task Executor #0] exec.SelectOperator: Initializing Operator: SEL[3]
2024-04-24T01:19:05,350  INFO [LocalJobRunner Map Task Executor #0] exec.SelectOperator: SELECT struct<col1:int,col2:int>
2024-04-24T01:19:05,350  INFO [LocalJobRunner Map Task Executor #0] exec.FileSinkOperator: Initializing Operator: FS[4]
2024-04-24T01:19:05,350  INFO [LocalJobRunner Map Task Executor #0] exec.FileSinkOperator: Using serializer : AbstractSerDe [log=org.apache.logging.slf4j.Log4jLogger@48b320a7, configuration=Optional[Configuration: core-default.xml, core-site.xml, mapred-default.xml, mapred-site.xml, yarn-default.xml, yarn-site.xml, hdfs-default.xml, hdfs-site.xml, file:/home/alex/Repositories/hive/ql/target/tmp/TestTxnNoBuckets/mapred/local/localRunner/alex/job_local1169753698_0048/job_local1169753698_0048.xml], properties={name=default.t, columns.types=int:int, serialization.format=1, columns=a,b, numFilesErasureCoded=0, columns.comments=&amp#0;, bucketing_version=2, serialization.lib=org.apache.hadoop.hive.ql.io.orc.OrcSerde, file.inputformat=org.apache.hadoop.hive.ql.io.orc.OrcInputFormat, file.outputformat=org.apache.hadoop.hive.ql.io.orc.OrcOutputFormat, location=file:/home/alex/Repositories/hive/ql/target/tmp/org.apache.hadoop.hive.ql.TestTxnNoBuckets-1713946626176/warehouse/t, column.name.delimiter=,}, tableProperties={name=default.t, columns.types=int:int, serialization.format=1, columns=a,b, numFilesErasureCoded=0, columns.comments=&amp#0;, bucketing_version=2, serialization.lib=org.apache.hadoop.hive.ql.io.orc.OrcSerde, file.inputformat=org.apache.hadoop.hive.ql.io.orc.OrcInputFormat, location=file:/home/alex/Repositories/hive/ql/target/tmp/org.apache.hadoop.hive.ql.TestTxnNoBuckets-1713946626176/warehouse/t, file.outputformat=org.apache.hadoop.hive.ql.io.orc.OrcOutputFormat, column.name.delimiter=,}, partitionProperties=Optional.empty, columnNames=[a, b], columnTypes=[int, int], getClass()=class org.apache.hadoop.hive.ql.io.orc.OrcSerde] and formatter : org.apache.hadoop.hive.ql.io.orc.OrcOutputFormat@6a2425cc
2024-04-24T01:19:05,351  INFO [LocalJobRunner Map Task Executor #0] exec.FileSinkOperator: Final Path: FS file:/home/alex/Repositories/hive/ql/target/tmp/org.apache.hadoop.hive.ql.TestTxnNoBuckets-1713946626176/warehouse/t/.hive-staging_hive_2024-04-24_01-19-04_895_3224493715146418919-1/_tmp.-ext-10000/000000_0
2024-04-24T01:19:05,351  INFO [LocalJobRunner Map Task Executor #0] exec.FileSinkOperator: Writing to temp file: FS file:/home/alex/Repositories/hive/ql/target/tmp/org.apache.hadoop.hive.ql.TestTxnNoBuckets-1713946626176/warehouse/t/.hive-staging_hive_2024-04-24_01-19-04_895_3224493715146418919-1/_task_tmp.-ext-10000/_tmp.000000_0
2024-04-24T01:19:05,351  INFO [LocalJobRunner Map Task Executor #0] exec.FileSinkOperator: New Final Path: FS file:/home/alex/Repositories/hive/ql/target/tmp/org.apache.hadoop.hive.ql.TestTxnNoBuckets-1713946626176/warehouse/t/.hive-staging_hive_2024-04-24_01-19-04_895_3224493715146418919-1/_tmp.-ext-10000/000000_0
2024-04-24T01:19:05,351  INFO [LocalJobRunner Map Task Executor #0] exec.FileSinkOperator: FS[4]: records written - 1
2024-04-24T01:19:05,351  INFO [LocalJobRunner Map Task Executor #0] impl.PhysicalFsWriter: ORC writer created for path: file:/home/alex/Repositories/hive/ql/target/tmp/org.apache.hadoop.hive.ql.TestTxnNoBuckets-1713946626176/warehouse/t/.hive-staging_hive_2024-04-24_01-19-04_895_3224493715146418919-1/_task_tmp.-ext-10000/_tmp.000000_0 with stripeSize: 67108864 blockSize: 268435456 compression: Compress: ZLIB buffer: 262144
2024-04-24T01:19:05,360  INFO [LocalJobRunner Map Task Executor #0] impl.WriterImpl: ORC writer created for path: file:/home/alex/Repositories/hive/ql/target/tmp/org.apache.hadoop.hive.ql.TestTxnNoBuckets-1713946626176/warehouse/t/.hive-staging_hive_2024-04-24_01-19-04_895_3224493715146418919-1/_task_tmp.-ext-10000/_tmp.000000_0 with stripeSize: 67108864 options: Compress: ZLIB buffer: 262144
2024-04-24T01:19:05,360  INFO [LocalJobRunner Map Task Executor #0] exec.MapOperator: MAP[0]: records read - 1
2024-04-24T01:19:05,360  INFO [LocalJobRunner Map Task Executor #0] exec.MapOperator: Closing Operator: MAP[0]
2024-04-24T01:19:05,360  INFO [LocalJobRunner Map Task Executor #0] exec.MapOperator: MAP[0]: Total records read - 3. abort - false
2024-04-24T01:19:05,360  INFO [LocalJobRunner Map Task Executor #0] exec.MapOperator: RECORDS_OUT_OPERATOR_MAP_0:0, RECORDS_OUT_INTERMEDIATE:0, RECORDS_IN:3, DESERIALIZE_ERRORS:0, 
2024-04-24T01:19:05,360  INFO [LocalJobRunner Map Task Executor #0] exec.TableScanOperator: Closing Operator: TS[0]
2024-04-24T01:19:05,360  INFO [LocalJobRunner Map Task Executor #0] exec.TableScanOperator: RECORDS_OUT_OPERATOR_TS_0:1, RECORDS_OUT_INTERMEDIATE:0, 
2024-04-24T01:19:05,360  INFO [LocalJobRunner Map Task Executor #0] exec.SelectOperator: Closing Operator: SEL[1]
2024-04-24T01:19:05,360  INFO [LocalJobRunner Map Task Executor #0] exec.SelectOperator: RECORDS_OUT_INTERMEDIATE:0, RECORDS_OUT_OPERATOR_SEL_1:1, 
2024-04-24T01:19:05,360  INFO [LocalJobRunner Map Task Executor #0] exec.UDTFOperator: Closing Operator: UDTF[2]
2024-04-24T01:19:05,360  INFO [LocalJobRunner Map Task Executor #0] exec.UDTFOperator: RECORDS_OUT_OPERATOR_UDTF_2:1, RECORDS_OUT_INTERMEDIATE:0, 
2024-04-24T01:19:05,360  INFO [LocalJobRunner Map Task Executor #0] exec.SelectOperator: Closing Operator: SEL[3]
2024-04-24T01:19:05,360  INFO [LocalJobRunner Map Task Executor #0] exec.SelectOperator: RECORDS_OUT_INTERMEDIATE:0, RECORDS_OUT_OPERATOR_SEL_3:1, 
2024-04-24T01:19:05,360  INFO [LocalJobRunner Map Task Executor #0] exec.FileSinkOperator: Closing Operator: FS[4]
2024-04-24T01:19:05,360  INFO [LocalJobRunner Map Task Executor #0] exec.FileSinkOperator: FS[4]: records written - 1
2024-04-24T01:19:05,368  INFO [LocalJobRunner Map Task Executor #0] exec.FileSinkOperator: RECORDS_OUT_INTERMEDIATE:0, RECORDS_OUT_OPERATOR_FS_4:1, TOTAL_TABLE_ROWS_WRITTEN:1, RECORDS_OUT_1_default.t:1, 
2024-04-24T01:19:05,369  INFO [LocalJobRunner Map Task Executor #0] mapred.LocalJobRunner: 
2024-04-24T01:19:05,369  INFO [LocalJobRunner Map Task Executor #0] mapred.Task: Task:attempt_local1169753698_0048_m_000000_0 is done. And is in the process of committing
2024-04-24T01:19:05,370  INFO [LocalJobRunner Map Task Executor #0] mapred.LocalJobRunner: map
2024-04-24T01:19:05,370  INFO [LocalJobRunner Map Task Executor #0] mapred.Task: Task 'attempt_local1169753698_0048_m_000000_0' done.
2024-04-24T01:19:05,370  INFO [LocalJobRunner Map Task Executor #0] mapred.Task: Final Counters for attempt_local1169753698_0048_m_000000_0: Counters: 27
	File System Counters
		FILE: Number of bytes read=1091391
		FILE: Number of bytes written=56577389
		FILE: Number of read operations=0
		FILE: Number of large read operations=0
		FILE: Number of write operations=0
	Map-Reduce Framework
		Map input records=4
		Map output records=0
		Input split bytes=361
		Spilled Records=0
		Failed Shuffles=0
		Merged Map outputs=0
		GC time elapsed (ms)=0
		Total committed heap usage (bytes)=1350041600
	HIVE
		CREATED_FILES=1
		DESERIALIZE_ERRORS=0
		RECORDS_IN=3
		RECORDS_OUT_1_default.t=1
		RECORDS_OUT_INTERMEDIATE=0
		RECORDS_OUT_OPERATOR_FS_4=1
		RECORDS_OUT_OPERATOR_MAP_0=0
		RECORDS_OUT_OPERATOR_SEL_1=1
		RECORDS_OUT_OPERATOR_SEL_3=1
		RECORDS_OUT_OPERATOR_TS_0=1
		RECORDS_OUT_OPERATOR_UDTF_2=1
		TOTAL_TABLE_ROWS_WRITTEN=1
	File Input Format Counters 
		Bytes Read=5770
	File Output Format Counters 
		Bytes Written=0
2024-04-24T01:19:05,370  INFO [LocalJobRunner Map Task Executor #0] mapred.LocalJobRunner: Finishing task: attempt_local1169753698_0048_m_000000_0
2024-04-24T01:19:05,370  INFO [Thread-3139] mapred.LocalJobRunner: map task executor complete.
2024-04-24 01:19:06,344 Stage-1 map = 100%,  reduce = 0%
2024-04-24T01:19:06,344  INFO [main] exec.Task: 2024-04-24 01:19:06,344 Stage-1 map = 100%,  reduce = 0%
Ended Job = job_local1169753698_0048
2024-04-24T01:19:06,344  INFO [main] exec.Task: Ended Job = job_local1169753698_0048
2024-04-24T01:19:06,345  INFO [main] ql.Driver: Starting task [Stage-0:MOVE] in serial mode
Loading data to table default.t
2024-04-24T01:19:06,346  INFO [main] exec.Task: Loading data to table default.t from file:/home/alex/Repositories/hive/ql/target/tmp/org.apache.hadoop.hive.ql.TestTxnNoBuckets-1713946626176/warehouse/t/.hive-staging_hive_2024-04-24_01-19-04_895_3224493715146418919-1/-ext-10000
2024-04-24T01:19:06,346  INFO [main] HiveMetaStore.audit: ugi=alex	ip=unknown-ip-addr	cmd=get_table : tbl=hive.default.t	
2024-04-24T01:19:06,355  INFO [main] metastore.HMSHandler: Skipping translation for processor with null
2024-04-24T01:19:06,355  INFO [main] HiveMetaStore.audit: ugi=alex	ip=unknown-ip-addr	cmd=get_table : tbl=hive.default.t	
2024-04-24T01:19:06,365  INFO [main] metastore.HMSHandler: Skipping translation for processor with null
2024-04-24T01:19:06,367  WARN [main] metadata.Hive: Cannot get a table snapshot for t
2024-04-24T01:19:06,367  INFO [main] HiveMetaStore.audit: ugi=alex	ip=unknown-ip-addr	cmd=alter_table: hive.default.t newtbl=t	
2024-04-24T01:19:06,394  INFO [main] ql.Driver: Starting task [Stage-2:STATS] in serial mode
2024-04-24T01:19:06,394  INFO [main] HiveMetaStore.audit: ugi=alex	ip=unknown-ip-addr	cmd=get_table : tbl=hive.default.t	
2024-04-24T01:19:06,403  INFO [main] metastore.HMSHandler: Skipping translation for processor with null
2024-04-24T01:19:06,403  INFO [main] stats.BasicStatsTask: Executing stats task
2024-04-24T01:19:06,404  INFO [main] fs.FSStatsPublisher: created : file:/home/alex/Repositories/hive/ql/target/tmp/localscratchdir/e00dbb5c-6c74-4674-b714-4428495d65b6/hive_2024-04-24_01-19-04_895_3224493715146418919-1/-mr-10001
2024-04-24T01:19:06,405  INFO [main] HiveMetaStore.audit: ugi=alex	ip=unknown-ip-addr	cmd=get_table : tbl=hive.default.t	
2024-04-24T01:19:06,415  INFO [main] metastore.HMSHandler: Skipping translation for processor with null
2024-04-24T01:19:06,416  INFO [main] FileOperations: Read stats for default.t/, numRows, true, 1, false: 
2024-04-24T01:19:06,416  INFO [main] FileOperations: Read stats for default.t/, rawDataSize, true, 8, false: 
2024-04-24T01:19:06,416  WARN [main] metadata.Hive: Cannot get a table snapshot for t
2024-04-24T01:19:06,416  INFO [main] HiveMetaStore.audit: ugi=alex	ip=unknown-ip-addr	cmd=alter_table: hive.default.t newtbl=t	
2024-04-24T01:19:06,442  INFO [main] stats.BasicStatsTask: Table default.t stats: [numFiles=4, numRows=6, totalSize=1005, rawDataSize=48, numFilesErasureCoded=0]
2024-04-24T01:19:06,443  INFO [main] metadata.Hive: Dumping metastore api call timing information for : execution phase
2024-04-24T01:19:06,443  INFO [main] metadata.Hive: Total time spent in each metastore function (ms): {alter_table_(String, String, String, Table, EnvironmentContext, String)=52, isCompatibleWith_(Configuration)=1, getTable_(GetTableRequest)=40}
MapReduce Jobs Launched: 
2024-04-24T01:19:06,443  INFO [main] ql.Driver: MapReduce Jobs Launched: 
Stage-Stage-1:  HDFS Read: 0 HDFS Write: 0 SUCCESS
2024-04-24T01:19:06,443  INFO [main] ql.Driver: Stage-Stage-1:  HDFS Read: 0 HDFS Write: 0 SUCCESS
Total MapReduce CPU Time Spent: 0 msec
2024-04-24T01:19:06,443  INFO [main] ql.Driver: Total MapReduce CPU Time Spent: 0 msec
2024-04-24T01:19:06,443  INFO [main] ql.Driver: Completed executing command(queryId=alex_20240424011859_2c2c3c7d-eff6-4e45-822f-b62ad37a46a0); Time taken: 1.407 seconds
2024-04-24T01:19:06,443  INFO [main] lockmgr.DbTxnManager: Stopped heartbeat for query: alex_20240424011859_2c2c3c7d-eff6-4e45-822f-b62ad37a46a0
2024-04-24T01:19:06,447  INFO [main] txn.TxnHandler: Expected to move at least one record from txn_components to completed_txn_components when committing txn! txnid:17
2024-04-24T01:19:06,454  INFO [main] txn.TxnHandler: Removed transactions: ([17]) from MIN_HISTORY_LEVEL
2024-04-24T01:19:06,454  WARN [main] txn.CompactionTxnHandler: No compaction queue record found for Compaction type transaction commit. txnId:17
2024-04-24T01:19:06,455  INFO [main] ql.TxnCommandsBaseForTests: Running the query: select a, b, INPUT__FILE__NAME from T order by a, b, INPUT__FILE__NAME
2024-04-24T01:19:06,455  INFO [main] ql.Context: Deleting scratch dir: file:/home/alex/Repositories/hive/ql/target/tmp/localscratchdir/e00dbb5c-6c74-4674-b714-4428495d65b6/hive_2024-04-24_01-19-04_895_3224493715146418919-1
2024-04-24T01:19:06,456  INFO [main] cleanup.SyncCleanupService: Deleted directory: file:/home/alex/Repositories/hive/ql/target/tmp/localscratchdir/e00dbb5c-6c74-4674-b714-4428495d65b6/hive_2024-04-24_01-19-04_895_3224493715146418919-1 on fs with scheme file
2024-04-24T01:19:06,456  INFO [main] ql.Context: Deleting scratch dir: file:/home/alex/Repositories/hive/ql/target/tmp/org.apache.hadoop.hive.ql.TestTxnNoBuckets-1713946626176/warehouse/t/.hive-staging_hive_2024-04-24_01-19-04_895_3224493715146418919-1
2024-04-24T01:19:06,456  INFO [main] cleanup.SyncCleanupService: Deleted directory: file:/home/alex/Repositories/hive/ql/target/tmp/org.apache.hadoop.hive.ql.TestTxnNoBuckets-1713946626176/warehouse/t/.hive-staging_hive_2024-04-24_01-19-04_895_3224493715146418919-1 on fs with scheme file
2024-04-24T01:19:06,456  INFO [main] ql.Driver: Compiling command(queryId=alex_20240424011859_2c2c3c7d-eff6-4e45-822f-b62ad37a46a0): select a, b, INPUT__FILE__NAME from T order by a, b, INPUT__FILE__NAME
2024-04-24T01:19:06,459  INFO [main] txn.TxnHandler: Added entries to MIN_HISTORY_LEVEL for current txns: ([18]) with min_open_txn: 18
2024-04-24T01:19:06,459  INFO [main] lockmgr.DbTxnManager: Opened txnid:18
2024-04-24T01:19:06,460  INFO [main] parse.CalcitePlanner: Starting caching scope for: alex_20240424011859_2c2c3c7d-eff6-4e45-822f-b62ad37a46a0
2024-04-24T01:19:06,460  INFO [main] parse.CalcitePlanner: Starting Semantic Analysis
2024-04-24T01:19:06,462  INFO [main] parse.CalcitePlanner: Completed phase 1 of Semantic Analysis
2024-04-24T01:19:06,462  INFO [main] parse.CalcitePlanner: Get metadata for source tables
2024-04-24T01:19:06,463  INFO [main] HiveMetaStore.audit: ugi=alex	ip=unknown-ip-addr	cmd=get_table : tbl=hive.default.t	
2024-04-24T01:19:06,472  INFO [main] metastore.HMSHandler: Skipping translation for processor with null
2024-04-24T01:19:06,473  INFO [main] parse.CalcitePlanner: Get metadata for subqueries
2024-04-24T01:19:06,473  INFO [main] parse.CalcitePlanner: Get metadata for destination tables
2024-04-24T01:19:06,473  INFO [main] parse.CalcitePlanner: Completed getting MetaData in Semantic Analysis
2024-04-24T01:19:06,484  INFO [main] HiveMetaStore.audit: ugi=alex	ip=unknown-ip-addr	cmd=get_all_table_constraints : tbl=hive.default.t	
2024-04-24T01:19:06,495  INFO [main] calcite.RelOptHiveTable: Calculating column statistics for default.t, projIndxSet: [0, 1], allowMissingStats: true
2024-04-24T01:19:06,496  INFO [main] HiveMetaStore.audit: ugi=alex	ip=unknown-ip-addr	cmd=get_table_statistics_req: table=hive.default.t	
2024-04-24T01:19:06,514  WARN [main] calcite.RelOptHiveTable: No Stats for default@t, Columns: a, b
No Stats for default@t, Columns: a, b
2024-04-24T01:19:06,514  INFO [main] SessionState: No Stats for default@t, Columns: a, b
2024-04-24T01:19:06,565  INFO [main] parse.CalcitePlanner: Get metadata for source tables
2024-04-24T01:19:06,565  INFO [main] parse.CalcitePlanner: Get metadata for subqueries
2024-04-24T01:19:06,565  INFO [main] parse.CalcitePlanner: Get metadata for destination tables
2024-04-24T01:19:06,566  INFO [main] common.FileUtils: Creating directory if it doesn't exist: file:/home/alex/Repositories/hive/ql/target/tmp/localscratchdir/e00dbb5c-6c74-4674-b714-4428495d65b6/hive_2024-04-24_01-19-06_456_4908770039637835736-1/-mr-10001/.hive-staging_hive_2024-04-24_01-19-06_456_4908770039637835736-1
2024-04-24T01:19:06,574  INFO [main] parse.CalcitePlanner: CBO Succeeded; optimized logical plan.
2024-04-24T01:19:06,576  INFO [main] optimizer.ColumnPrunerProcFactory: RS 2 oldColExprMap: {KEY.reducesinkkey0=Column[_col0], KEY.reducesinkkey2=Column[_col2], KEY.reducesinkkey1=Column[_col1]}
2024-04-24T01:19:06,576  INFO [main] optimizer.ColumnPrunerProcFactory: RS 2 newColExprMap: {KEY.reducesinkkey2=Column[_col2], KEY.reducesinkkey1=Column[_col1], KEY.reducesinkkey0=Column[_col0]}
2024-04-24T01:19:06,577  INFO [main] optimizer.BucketVersionPopulator: not considering bucketingVersion for: TS[0] because it has -1<2 buckets 
2024-04-24T01:19:06,577  INFO [main] optimizer.SortedDynPartitionOptimizer: Sorted dynamic partitioning optimization kicked in..
2024-04-24T01:19:06,587  INFO [main] parse.CalcitePlanner: Completed plan generation
2024-04-24T01:19:06,587  INFO [main] parse.CalcitePlanner: Ending caching scope for: alex_20240424011859_2c2c3c7d-eff6-4e45-822f-b62ad37a46a0
2024-04-24T01:19:06,587  INFO [main] ql.Driver: Semantic Analysis Completed (retrial = false)
2024-04-24T01:19:06,587  INFO [main] ql.Driver: Created Hive schema: Schema(fieldSchemas:[FieldSchema(name:a, type:int, comment:null), FieldSchema(name:b, type:int, comment:null), FieldSchema(name:input__file__name, type:string, comment:null)], properties:null)
2024-04-24T01:19:06,588  INFO [main] exec.ListSinkOperator: Initializing Operator: LIST_SINK[5]
2024-04-24T01:19:06,588  INFO [main] metadata.Hive: Dumping metastore api call timing information for : compilation phase
2024-04-24T01:19:06,588  INFO [main] metadata.Hive: Total time spent in each metastore function (ms): {isCompatibleWith_(Configuration)=0, getValidWriteIds_(List, String)=3, getValidTxns_(long)=1, getAllTableConstraints_(AllTableConstraintsRequest)=6, getTable_(GetTableRequest)=9, openTxn_(String, TxnType)=2, getTableColumnStatistics_(String, String, List, String)=17, flushCache_()=0, commitTxn_(CommitTxnRequest)=12}
2024-04-24T01:19:06,588  INFO [main] ql.Driver: Completed compiling command(queryId=alex_20240424011859_2c2c3c7d-eff6-4e45-822f-b62ad37a46a0); Time taken: 0.132 seconds
2024-04-24T01:19:06,589  INFO [main] lockmgr.DbTxnManager: Setting lock request transaction to txnid:18 for queryId=alex_20240424011859_2c2c3c7d-eff6-4e45-822f-b62ad37a46a0
2024-04-24T01:19:06,589  INFO [main] lockmgr.DbLockManager: Requesting lock for queryId=alex_20240424011859_2c2c3c7d-eff6-4e45-822f-b62ad37a46a0
2024-04-24T01:19:06,604  INFO [main] lockmgr.DbLockManager: Response to queryId=alex_20240424011859_2c2c3c7d-eff6-4e45-822f-b62ad37a46a0 LockResponse(lockid:12, state:ACQUIRED)
2024-04-24T01:19:06,604  INFO [main] ql.Driver: Operation QUERY obtained 1 locks
2024-04-24T01:19:06,604  INFO [main] ql.Driver: Executing command(queryId=alex_20240424011859_2c2c3c7d-eff6-4e45-822f-b62ad37a46a0): select a, b, INPUT__FILE__NAME from T order by a, b, INPUT__FILE__NAME
2024-04-24T01:19:06,604  WARN [main] ql.Driver: Hive-on-MR is deprecated in Hive 2 and may not be available in the future versions. Consider using a different execution engine (i.e. spark, tez) or using Hive 1.X releases.
Query ID = alex_20240424011859_2c2c3c7d-eff6-4e45-822f-b62ad37a46a0
2024-04-24T01:19:06,604  INFO [main] ql.Driver: Query ID = alex_20240424011859_2c2c3c7d-eff6-4e45-822f-b62ad37a46a0
Total jobs = 1
2024-04-24T01:19:06,604  INFO [main] ql.Driver: Total jobs = 1
Launching Job 1 out of 1
2024-04-24T01:19:06,604  INFO [main] ql.Driver: Launching Job 1 out of 1
2024-04-24T01:19:06,763  INFO [main] ql.Driver: Starting task [Stage-1:MAPRED] in serial mode
Number of reduce tasks determined at compile time: 1
2024-04-24T01:19:06,763  INFO [main] exec.Task: Number of reduce tasks determined at compile time: 1
In order to change the average load for a reducer (in bytes):
2024-04-24T01:19:06,763  INFO [main] exec.Task: In order to change the average load for a reducer (in bytes):
  set hive.exec.reducers.bytes.per.reducer=<number>
2024-04-24T01:19:06,763  INFO [main] exec.Task:   set hive.exec.reducers.bytes.per.reducer=<number>
In order to limit the maximum number of reducers:
2024-04-24T01:19:06,763  INFO [main] exec.Task: In order to limit the maximum number of reducers:
  set hive.exec.reducers.max=<number>
2024-04-24T01:19:06,763  INFO [main] exec.Task:   set hive.exec.reducers.max=<number>
In order to set a constant number of reducers:
2024-04-24T01:19:06,763  INFO [main] exec.Task: In order to set a constant number of reducers:
  set mapreduce.job.reduces=<number>
2024-04-24T01:19:06,763  INFO [main] exec.Task:   set mapreduce.job.reduces=<number>
2024-04-24T01:19:06,766  INFO [main] mr.ExecDriver: Using org.apache.hadoop.hive.ql.io.HiveInputFormat
2024-04-24T01:19:06,766  INFO [main] exec.Utilities: Processing alias t
2024-04-24T01:19:06,766  INFO [main] exec.Utilities: Adding 1 inputs; the first input is file:/home/alex/Repositories/hive/ql/target/tmp/org.apache.hadoop.hive.ql.TestTxnNoBuckets-1713946626176/warehouse/t
2024-04-24T01:19:06,775  INFO [main] exec.SerializationUtilities: Serializing MapWork using kryo
2024-04-24T01:19:06,776  INFO [main] exec.Utilities: Serialized plan (via FILE) - name: null size: 4,60KB
2024-04-24T01:19:06,781  INFO [main] exec.SerializationUtilities: Serializing ReduceWork using kryo
2024-04-24T01:19:06,781  INFO [main] exec.Utilities: Serialized plan (via FILE) - name: null size: 5,69KB
2024-04-24T01:19:06,782  WARN [main] impl.MetricsSystemImpl: JobTracker metrics system already initialized!
2024-04-24T01:19:06,788  WARN [main] impl.MetricsSystemImpl: JobTracker metrics system already initialized!
2024-04-24T01:19:06,796  WARN [main] mapreduce.JobResourceUploader: Hadoop command-line option parsing not performed. Implement the Tool interface and execute your application with ToolRunner to remedy this.
2024-04-24T01:19:06,801  WARN [main] mapreduce.JobResourceUploader: No job jar file set.  User classes may not be found. See Job or Job#setJar(String).
2024-04-24T01:19:06,802  INFO [main] io.HiveInputFormat: hive.io.file.readcolumn.ids = 0,1
2024-04-24T01:19:06,802  INFO [main] io.HiveInputFormat: hive.io.file.readcolumn.names = a,b
2024-04-24T01:19:06,802  INFO [main] io.HiveInputFormat: Generating splits for dirs: file:/home/alex/Repositories/hive/ql/target/tmp/org.apache.hadoop.hive.ql.TestTxnNoBuckets-1713946626176/warehouse/t
2024-04-24T01:19:06,802  INFO [main] orc.OrcInputFormat: getSplits started
2024-04-24T01:19:06,802  INFO [main] orc.OrcInputFormat: Context:: isAcid: false isVectorMode: false sarg: null minSplitSize: 1 maxSplitSize: 256000000 splitStrategy: HYBRID footerInSplits: false numBuckets: 0 numThreads: 10 cacheMemSize: 268435456 cacheStripeDetails: true useSoftReference: false writeIdList: null:9223372036854775807:9223372036854775807:: isTransactionalTable: false txnProperties: null 
2024-04-24T01:19:06,802  INFO [main] orc.OrcInputFormat: ORC pushdown predicate: null
2024-04-24T01:19:06,813  INFO [main] orc.OrcInputFormat: FooterCacheHitRatio: 0/4
2024-04-24T01:19:06,813  INFO [main] orc.OrcInputFormat: getSplits finished (#splits: 4). duration: 11 ms
2024-04-24T01:19:06,814  INFO [main] io.HiveInputFormat: number of splits 4
2024-04-24T01:19:06,832  INFO [main] mapreduce.JobSubmitter: number of splits:4
2024-04-24T01:19:06,850  INFO [main] mapreduce.JobSubmitter: Submitting tokens for job: job_local1486012248_0049
2024-04-24T01:19:06,850  INFO [main] mapreduce.JobSubmitter: Executing with tokens: []
2024-04-24T01:19:06,930  INFO [main] mapreduce.Job: The url to track the job: http://localhost:8080/
Job running in-process (local Hadoop)
2024-04-24T01:19:06,930  INFO [main] exec.Task: Job running in-process (local Hadoop)
2024-04-24T01:19:06,931  INFO [Thread-3182] mapred.LocalJobRunner: OutputCommitter set in config org.apache.hadoop.hive.ql.io.HiveFileFormatUtils$NullOutputCommitter
2024-04-24T01:19:06,931  INFO [Thread-3182] mapred.LocalJobRunner: OutputCommitter is org.apache.hadoop.hive.ql.io.HiveFileFormatUtils$NullOutputCommitter
2024-04-24T01:19:06,933  INFO [Thread-3182] mapred.LocalJobRunner: Waiting for map tasks
2024-04-24T01:19:06,933  INFO [LocalJobRunner Map Task Executor #0] mapred.LocalJobRunner: Starting task: attempt_local1486012248_0049_m_000000_0
2024-04-24T01:19:06,934  INFO [LocalJobRunner Map Task Executor #0] mapred.Task:  Using ResourceCalculatorProcessTree : [ ]
2024-04-24T01:19:06,934  INFO [LocalJobRunner Map Task Executor #0] mapred.MapTask: Processing split: org.apache.hadoop.hive.ql.io.orc.OrcInputFormat:OrcSplit [file:/home/alex/Repositories/hive/ql/target/tmp/org.apache.hadoop.hive.ql.TestTxnNoBuckets-1713946626176/warehouse/t/000000_0, start=0, length=256, isOriginal=true, fileLength=256, hasFooter=false, hasBase=true, deltas=0]
2024-04-24T01:19:06,935  INFO [LocalJobRunner Map Task Executor #0] exec.SerializationUtilities: Deserializing MapWork using kryo
2024-04-24T01:19:06,935  INFO [LocalJobRunner Map Task Executor #0] exec.Utilities: Deserialized plan (via FILE) - name: null size: 4,60KB
2024-04-24T01:19:06,936  INFO [LocalJobRunner Map Task Executor #0] orc.ReaderImpl: Reading ORC rows from file:/home/alex/Repositories/hive/ql/target/tmp/org.apache.hadoop.hive.ql.TestTxnNoBuckets-1713946626176/warehouse/t/000000_0 with {include: [true, true, true], offset: 0, length: 256, schema: struct<a:int,b:int>, includeAcidColumns: true}
2024-04-24T01:19:06,936  INFO [LocalJobRunner Map Task Executor #0] mapred.MapTask: numReduceTasks: 1
2024-04-24T01:19:06,941  INFO [LocalJobRunner Map Task Executor #0] mapred.MapTask: (EQUATOR) 0 kvi 26214396(104857584)
2024-04-24T01:19:06,941  INFO [LocalJobRunner Map Task Executor #0] mapred.MapTask: mapreduce.task.io.sort.mb: 100
2024-04-24T01:19:06,941  INFO [LocalJobRunner Map Task Executor #0] mapred.MapTask: soft limit at 83886080
2024-04-24T01:19:06,941  INFO [LocalJobRunner Map Task Executor #0] mapred.MapTask: bufstart = 0; bufvoid = 104857600
2024-04-24T01:19:06,941  INFO [LocalJobRunner Map Task Executor #0] mapred.MapTask: kvstart = 26214396; length = 6553600
2024-04-24T01:19:06,942  INFO [LocalJobRunner Map Task Executor #0] mapred.MapTask: Map output collector class = org.apache.hadoop.mapred.MapTask$MapOutputBuffer
2024-04-24T01:19:06,942  INFO [LocalJobRunner Map Task Executor #0] exec.MapOperator: Initializing Operator: MAP[0]
2024-04-24T01:19:06,943  INFO [LocalJobRunner Map Task Executor #0] mr.ExecMapper: 
<MAP>Id =0
  <Children>null
  <\Children>
  <Parent><\Parent>
<\MAP>
2024-04-24T01:19:06,944  INFO [LocalJobRunner Map Task Executor #0] exec.TableScanOperator: Initializing Operator: TS[0]
2024-04-24T01:19:06,944  INFO [LocalJobRunner Map Task Executor #0] exec.SelectOperator: Initializing Operator: SEL[1]
2024-04-24T01:19:06,944  INFO [LocalJobRunner Map Task Executor #0] exec.SelectOperator: SELECT struct<a:int,b:int,input__file__name:string>
2024-04-24T01:19:06,944  INFO [LocalJobRunner Map Task Executor #0] exec.ReduceSinkOperator: Initializing Operator: RS[2]
2024-04-24T01:19:06,944  INFO [LocalJobRunner Map Task Executor #0] exec.ReduceSinkOperator: Using tag = -1
2024-04-24T01:19:06,944  INFO [LocalJobRunner Map Task Executor #0] exec.ReduceSinkOperator: keys are [reducesinkkey0, reducesinkkey1, reducesinkkey2] num distributions: 3
2024-04-24T01:19:06,944  INFO [LocalJobRunner Map Task Executor #0] exec.ReduceSinkOperator: RS[2]: records written - 1
2024-04-24T01:19:06,944  INFO [LocalJobRunner Map Task Executor #0] exec.MapOperator: MAP[0]: records read - 1
2024-04-24T01:19:06,945  INFO [LocalJobRunner Map Task Executor #0] exec.MapOperator: Closing Operator: MAP[0]
2024-04-24T01:19:06,945  INFO [LocalJobRunner Map Task Executor #0] exec.MapOperator: MAP[0]: Total records read - 2. abort - false
2024-04-24T01:19:06,945  INFO [LocalJobRunner Map Task Executor #0] exec.MapOperator: RECORDS_IN:2, RECORDS_OUT_INTERMEDIATE:0, DESERIALIZE_ERRORS:0, RECORDS_OUT_OPERATOR_MAP_0:0, 
2024-04-24T01:19:06,945  INFO [LocalJobRunner Map Task Executor #0] exec.TableScanOperator: Closing Operator: TS[0]
2024-04-24T01:19:06,945  INFO [LocalJobRunner Map Task Executor #0] exec.TableScanOperator: RECORDS_OUT_INTERMEDIATE:0, RECORDS_OUT_OPERATOR_TS_0:2, 
2024-04-24T01:19:06,945  INFO [LocalJobRunner Map Task Executor #0] exec.SelectOperator: Closing Operator: SEL[1]
2024-04-24T01:19:06,945  INFO [LocalJobRunner Map Task Executor #0] exec.SelectOperator: RECORDS_OUT_OPERATOR_SEL_1:2, RECORDS_OUT_INTERMEDIATE:0, 
2024-04-24T01:19:06,945  INFO [LocalJobRunner Map Task Executor #0] exec.ReduceSinkOperator: Closing Operator: RS[2]
2024-04-24T01:19:06,945  INFO [LocalJobRunner Map Task Executor #0] exec.ReduceSinkOperator: RS[2]: Total records written - 2. abort - false
2024-04-24T01:19:06,945  INFO [LocalJobRunner Map Task Executor #0] exec.ReduceSinkOperator: RECORDS_OUT_INTERMEDIATE:2, RECORDS_OUT_OPERATOR_RS_2:2, 
2024-04-24T01:19:06,946  INFO [LocalJobRunner Map Task Executor #0] mapred.LocalJobRunner: 
2024-04-24T01:19:06,946  INFO [LocalJobRunner Map Task Executor #0] mapred.MapTask: Starting flush of map output
2024-04-24T01:19:06,946  INFO [LocalJobRunner Map Task Executor #0] mapred.MapTask: Spilling map output
2024-04-24T01:19:06,946  INFO [LocalJobRunner Map Task Executor #0] mapred.MapTask: bufstart = 0; bufend = 292; bufvoid = 104857600
2024-04-24T01:19:06,946  INFO [LocalJobRunner Map Task Executor #0] mapred.MapTask: kvstart = 26214396(104857584); kvend = 26214392(104857568); length = 5/6553600
2024-04-24T01:19:06,955  INFO [LocalJobRunner Map Task Executor #0] mapred.MapTask: Finished spill 0
2024-04-24T01:19:06,958  INFO [LocalJobRunner Map Task Executor #0] mapred.Task: Task:attempt_local1486012248_0049_m_000000_0 is done. And is in the process of committing
2024-04-24T01:19:06,959  INFO [LocalJobRunner Map Task Executor #0] mapred.LocalJobRunner: map
2024-04-24T01:19:06,959  INFO [LocalJobRunner Map Task Executor #0] mapred.Task: Task 'attempt_local1486012248_0049_m_000000_0' done.
2024-04-24T01:19:06,959  INFO [LocalJobRunner Map Task Executor #0] mapred.Task: Final Counters for attempt_local1486012248_0049_m_000000_0: Counters: 24
	File System Counters
		FILE: Number of bytes read=1099131
		FILE: Number of bytes written=57759196
		FILE: Number of read operations=0
		FILE: Number of large read operations=0
		FILE: Number of write operations=0
	Map-Reduce Framework
		Map input records=2
		Map output records=2
		Map output bytes=292
		Map output materialized bytes=304
		Input split bytes=451
		Combine input records=0
		Spilled Records=2
		Failed Shuffles=0
		Merged Map outputs=0
		GC time elapsed (ms)=0
		Total committed heap usage (bytes)=1350565888
	HIVE
		DESERIALIZE_ERRORS=0
		RECORDS_IN=2
		RECORDS_OUT_INTERMEDIATE=2
		RECORDS_OUT_OPERATOR_MAP_0=0
		RECORDS_OUT_OPERATOR_RS_2=2
		RECORDS_OUT_OPERATOR_SEL_1=2
		RECORDS_OUT_OPERATOR_TS_0=2
	File Input Format Counters 
		Bytes Read=5731
2024-04-24T01:19:06,959  INFO [LocalJobRunner Map Task Executor #0] mapred.LocalJobRunner: Finishing task: attempt_local1486012248_0049_m_000000_0
2024-04-24T01:19:06,959  INFO [LocalJobRunner Map Task Executor #0] mapred.LocalJobRunner: Starting task: attempt_local1486012248_0049_m_000001_0
2024-04-24T01:19:06,960  INFO [LocalJobRunner Map Task Executor #0] mapred.Task:  Using ResourceCalculatorProcessTree : [ ]
2024-04-24T01:19:06,960  INFO [LocalJobRunner Map Task Executor #0] mapred.MapTask: Processing split: org.apache.hadoop.hive.ql.io.orc.OrcInputFormat:OrcSplit [file:/home/alex/Repositories/hive/ql/target/tmp/org.apache.hadoop.hive.ql.TestTxnNoBuckets-1713946626176/warehouse/t/000001_0, start=0, length=254, isOriginal=true, fileLength=254, hasFooter=false, hasBase=true, deltas=0]
2024-04-24T01:19:06,961  INFO [LocalJobRunner Map Task Executor #0] exec.SerializationUtilities: Deserializing MapWork using kryo
2024-04-24T01:19:06,961  INFO [LocalJobRunner Map Task Executor #0] exec.Utilities: Deserialized plan (via FILE) - name: null size: 4,60KB
2024-04-24T01:19:06,962  INFO [LocalJobRunner Map Task Executor #0] orc.ReaderImpl: Reading ORC rows from file:/home/alex/Repositories/hive/ql/target/tmp/org.apache.hadoop.hive.ql.TestTxnNoBuckets-1713946626176/warehouse/t/000001_0 with {include: [true, true, true], offset: 0, length: 254, schema: struct<a:int,b:int>, includeAcidColumns: true}
2024-04-24T01:19:06,963  INFO [LocalJobRunner Map Task Executor #0] mapred.MapTask: numReduceTasks: 1
2024-04-24T01:19:06,967  INFO [LocalJobRunner Map Task Executor #0] mapred.MapTask: (EQUATOR) 0 kvi 26214396(104857584)
2024-04-24T01:19:06,967  INFO [LocalJobRunner Map Task Executor #0] mapred.MapTask: mapreduce.task.io.sort.mb: 100
2024-04-24T01:19:06,967  INFO [LocalJobRunner Map Task Executor #0] mapred.MapTask: soft limit at 83886080
2024-04-24T01:19:06,967  INFO [LocalJobRunner Map Task Executor #0] mapred.MapTask: bufstart = 0; bufvoid = 104857600
2024-04-24T01:19:06,967  INFO [LocalJobRunner Map Task Executor #0] mapred.MapTask: kvstart = 26214396; length = 6553600
2024-04-24T01:19:06,968  INFO [LocalJobRunner Map Task Executor #0] mapred.MapTask: Map output collector class = org.apache.hadoop.mapred.MapTask$MapOutputBuffer
2024-04-24T01:19:06,968  INFO [LocalJobRunner Map Task Executor #0] exec.MapOperator: Initializing Operator: MAP[0]
2024-04-24T01:19:06,969  INFO [LocalJobRunner Map Task Executor #0] mr.ExecMapper: 
<MAP>Id =0
  <Children>null
  <\Children>
  <Parent><\Parent>
<\MAP>
2024-04-24T01:19:06,970  INFO [LocalJobRunner Map Task Executor #0] exec.TableScanOperator: Initializing Operator: TS[0]
2024-04-24T01:19:06,970  INFO [LocalJobRunner Map Task Executor #0] exec.SelectOperator: Initializing Operator: SEL[1]
2024-04-24T01:19:06,970  INFO [LocalJobRunner Map Task Executor #0] exec.SelectOperator: SELECT struct<a:int,b:int,input__file__name:string>
2024-04-24T01:19:06,970  INFO [LocalJobRunner Map Task Executor #0] exec.ReduceSinkOperator: Initializing Operator: RS[2]
2024-04-24T01:19:06,970  INFO [LocalJobRunner Map Task Executor #0] exec.ReduceSinkOperator: Using tag = -1
2024-04-24T01:19:06,970  INFO [LocalJobRunner Map Task Executor #0] exec.ReduceSinkOperator: keys are [reducesinkkey0, reducesinkkey1, reducesinkkey2] num distributions: 3
2024-04-24T01:19:06,971  INFO [LocalJobRunner Map Task Executor #0] exec.ReduceSinkOperator: RS[2]: records written - 1
2024-04-24T01:19:06,971  INFO [LocalJobRunner Map Task Executor #0] exec.MapOperator: MAP[0]: records read - 1
2024-04-24T01:19:06,971  INFO [LocalJobRunner Map Task Executor #0] exec.MapOperator: Closing Operator: MAP[0]
2024-04-24T01:19:06,971  INFO [LocalJobRunner Map Task Executor #0] exec.MapOperator: MAP[0]: Total records read - 1. abort - false
2024-04-24T01:19:06,971  INFO [LocalJobRunner Map Task Executor #0] exec.MapOperator: RECORDS_OUT_OPERATOR_MAP_0:0, RECORDS_OUT_INTERMEDIATE:0, RECORDS_IN:1, DESERIALIZE_ERRORS:0, 
2024-04-24T01:19:06,971  INFO [LocalJobRunner Map Task Executor #0] exec.TableScanOperator: Closing Operator: TS[0]
2024-04-24T01:19:06,971  INFO [LocalJobRunner Map Task Executor #0] exec.TableScanOperator: RECORDS_OUT_INTERMEDIATE:0, RECORDS_OUT_OPERATOR_TS_0:1, 
2024-04-24T01:19:06,971  INFO [LocalJobRunner Map Task Executor #0] exec.SelectOperator: Closing Operator: SEL[1]
2024-04-24T01:19:06,971  INFO [LocalJobRunner Map Task Executor #0] exec.SelectOperator: RECORDS_OUT_INTERMEDIATE:0, RECORDS_OUT_OPERATOR_SEL_1:1, 
2024-04-24T01:19:06,971  INFO [LocalJobRunner Map Task Executor #0] exec.ReduceSinkOperator: Closing Operator: RS[2]
2024-04-24T01:19:06,971  INFO [LocalJobRunner Map Task Executor #0] exec.ReduceSinkOperator: RS[2]: Total records written - 1. abort - false
2024-04-24T01:19:06,971  INFO [LocalJobRunner Map Task Executor #0] exec.ReduceSinkOperator: RECORDS_OUT_OPERATOR_RS_2:1, RECORDS_OUT_INTERMEDIATE:1, 
2024-04-24T01:19:06,971  INFO [LocalJobRunner Map Task Executor #0] mapred.LocalJobRunner: 
2024-04-24T01:19:06,972  INFO [LocalJobRunner Map Task Executor #0] mapred.MapTask: Starting flush of map output
2024-04-24T01:19:06,972  INFO [LocalJobRunner Map Task Executor #0] mapred.MapTask: Spilling map output
2024-04-24T01:19:06,972  INFO [LocalJobRunner Map Task Executor #0] mapred.MapTask: bufstart = 0; bufend = 146; bufvoid = 104857600
2024-04-24T01:19:06,972  INFO [LocalJobRunner Map Task Executor #0] mapred.MapTask: kvstart = 26214396(104857584); kvend = 26214396(104857584); length = 1/6553600
2024-04-24T01:19:06,979  INFO [LocalJobRunner Map Task Executor #0] mapred.MapTask: Finished spill 0
2024-04-24T01:19:06,983  INFO [LocalJobRunner Map Task Executor #0] mapred.Task: Task:attempt_local1486012248_0049_m_000001_0 is done. And is in the process of committing
2024-04-24T01:19:06,983  INFO [LocalJobRunner Map Task Executor #0] mapred.LocalJobRunner: map
2024-04-24T01:19:06,983  INFO [LocalJobRunner Map Task Executor #0] mapred.Task: Task 'attempt_local1486012248_0049_m_000001_0' done.
2024-04-24T01:19:06,983  INFO [LocalJobRunner Map Task Executor #0] mapred.Task: Final Counters for attempt_local1486012248_0049_m_000001_0: Counters: 24
	File System Counters
		FILE: Number of bytes read=1106697
		FILE: Number of bytes written=57759383
		FILE: Number of read operations=0
		FILE: Number of large read operations=0
		FILE: Number of write operations=0
	Map-Reduce Framework
		Map input records=1
		Map output records=1
		Map output bytes=146
		Map output materialized bytes=155
		Input split bytes=451
		Combine input records=0
		Spilled Records=1
		Failed Shuffles=0
		Merged Map outputs=0
		GC time elapsed (ms)=0
		Total committed heap usage (bytes)=1350565888
	HIVE
		DESERIALIZE_ERRORS=0
		RECORDS_IN=1
		RECORDS_OUT_INTERMEDIATE=1
		RECORDS_OUT_OPERATOR_MAP_0=0
		RECORDS_OUT_OPERATOR_RS_2=1
		RECORDS_OUT_OPERATOR_SEL_1=1
		RECORDS_OUT_OPERATOR_TS_0=1
	File Input Format Counters 
		Bytes Read=5723
2024-04-24T01:19:06,983  INFO [LocalJobRunner Map Task Executor #0] mapred.LocalJobRunner: Finishing task: attempt_local1486012248_0049_m_000001_0
2024-04-24T01:19:06,983  INFO [LocalJobRunner Map Task Executor #0] mapred.LocalJobRunner: Starting task: attempt_local1486012248_0049_m_000002_0
2024-04-24T01:19:06,984  INFO [LocalJobRunner Map Task Executor #0] mapred.Task:  Using ResourceCalculatorProcessTree : [ ]
2024-04-24T01:19:06,985  INFO [LocalJobRunner Map Task Executor #0] mapred.MapTask: Processing split: org.apache.hadoop.hive.ql.io.orc.OrcInputFormat:OrcSplit [file:/home/alex/Repositories/hive/ql/target/tmp/org.apache.hadoop.hive.ql.TestTxnNoBuckets-1713946626176/warehouse/t/000002_0, start=0, length=254, isOriginal=true, fileLength=254, hasFooter=false, hasBase=true, deltas=0]
2024-04-24T01:19:06,985  INFO [LocalJobRunner Map Task Executor #0] exec.SerializationUtilities: Deserializing MapWork using kryo
2024-04-24T01:19:06,986  INFO [LocalJobRunner Map Task Executor #0] exec.Utilities: Deserialized plan (via FILE) - name: null size: 4,60KB
2024-04-24T01:19:06,987  INFO [LocalJobRunner Map Task Executor #0] orc.ReaderImpl: Reading ORC rows from file:/home/alex/Repositories/hive/ql/target/tmp/org.apache.hadoop.hive.ql.TestTxnNoBuckets-1713946626176/warehouse/t/000002_0 with {include: [true, true, true], offset: 0, length: 254, schema: struct<a:int,b:int>, includeAcidColumns: true}
2024-04-24T01:19:06,987  INFO [LocalJobRunner Map Task Executor #0] mapred.MapTask: numReduceTasks: 1
2024-04-24T01:19:06,993  INFO [LocalJobRunner Map Task Executor #0] mapred.MapTask: (EQUATOR) 0 kvi 26214396(104857584)
2024-04-24T01:19:06,993  INFO [LocalJobRunner Map Task Executor #0] mapred.MapTask: mapreduce.task.io.sort.mb: 100
2024-04-24T01:19:06,993  INFO [LocalJobRunner Map Task Executor #0] mapred.MapTask: soft limit at 83886080
2024-04-24T01:19:06,993  INFO [LocalJobRunner Map Task Executor #0] mapred.MapTask: bufstart = 0; bufvoid = 104857600
2024-04-24T01:19:06,993  INFO [LocalJobRunner Map Task Executor #0] mapred.MapTask: kvstart = 26214396; length = 6553600
2024-04-24T01:19:06,994  INFO [LocalJobRunner Map Task Executor #0] mapred.MapTask: Map output collector class = org.apache.hadoop.mapred.MapTask$MapOutputBuffer
2024-04-24T01:19:06,994  INFO [LocalJobRunner Map Task Executor #0] exec.MapOperator: Initializing Operator: MAP[0]
2024-04-24T01:19:06,996  INFO [LocalJobRunner Map Task Executor #0] mr.ExecMapper: 
<MAP>Id =0
  <Children>null
  <\Children>
  <Parent><\Parent>
<\MAP>
2024-04-24T01:19:06,996  INFO [LocalJobRunner Map Task Executor #0] exec.TableScanOperator: Initializing Operator: TS[0]
2024-04-24T01:19:06,997  INFO [LocalJobRunner Map Task Executor #0] exec.SelectOperator: Initializing Operator: SEL[1]
2024-04-24T01:19:06,997  INFO [LocalJobRunner Map Task Executor #0] exec.SelectOperator: SELECT struct<a:int,b:int,input__file__name:string>
2024-04-24T01:19:06,997  INFO [LocalJobRunner Map Task Executor #0] exec.ReduceSinkOperator: Initializing Operator: RS[2]
2024-04-24T01:19:06,997  INFO [LocalJobRunner Map Task Executor #0] exec.ReduceSinkOperator: Using tag = -1
2024-04-24T01:19:06,997  INFO [LocalJobRunner Map Task Executor #0] exec.ReduceSinkOperator: keys are [reducesinkkey0, reducesinkkey1, reducesinkkey2] num distributions: 3
2024-04-24T01:19:06,998  INFO [LocalJobRunner Map Task Executor #0] exec.ReduceSinkOperator: RS[2]: records written - 1
2024-04-24T01:19:06,998  INFO [LocalJobRunner Map Task Executor #0] exec.MapOperator: MAP[0]: records read - 1
2024-04-24T01:19:06,998  INFO [LocalJobRunner Map Task Executor #0] exec.MapOperator: Closing Operator: MAP[0]
2024-04-24T01:19:06,998  INFO [LocalJobRunner Map Task Executor #0] exec.MapOperator: MAP[0]: Total records read - 2. abort - false
2024-04-24T01:19:06,998  INFO [LocalJobRunner Map Task Executor #0] exec.MapOperator: RECORDS_OUT_OPERATOR_MAP_0:0, DESERIALIZE_ERRORS:0, RECORDS_IN:2, RECORDS_OUT_INTERMEDIATE:0, 
2024-04-24T01:19:06,998  INFO [LocalJobRunner Map Task Executor #0] exec.TableScanOperator: Closing Operator: TS[0]
2024-04-24T01:19:06,998  INFO [LocalJobRunner Map Task Executor #0] exec.TableScanOperator: RECORDS_OUT_INTERMEDIATE:0, RECORDS_OUT_OPERATOR_TS_0:2, 
2024-04-24T01:19:06,998  INFO [LocalJobRunner Map Task Executor #0] exec.SelectOperator: Closing Operator: SEL[1]
2024-04-24T01:19:06,998  INFO [LocalJobRunner Map Task Executor #0] exec.SelectOperator: RECORDS_OUT_OPERATOR_SEL_1:2, RECORDS_OUT_INTERMEDIATE:0, 
2024-04-24T01:19:06,998  INFO [LocalJobRunner Map Task Executor #0] exec.ReduceSinkOperator: Closing Operator: RS[2]
2024-04-24T01:19:06,998  INFO [LocalJobRunner Map Task Executor #0] exec.ReduceSinkOperator: RS[2]: Total records written - 2. abort - false
2024-04-24T01:19:06,998  INFO [LocalJobRunner Map Task Executor #0] exec.ReduceSinkOperator: RECORDS_OUT_OPERATOR_RS_2:2, RECORDS_OUT_INTERMEDIATE:2, 
2024-04-24T01:19:06,999  INFO [LocalJobRunner Map Task Executor #0] mapred.LocalJobRunner: 
2024-04-24T01:19:06,999  INFO [LocalJobRunner Map Task Executor #0] mapred.MapTask: Starting flush of map output
2024-04-24T01:19:06,999  INFO [LocalJobRunner Map Task Executor #0] mapred.MapTask: Spilling map output
2024-04-24T01:19:06,999  INFO [LocalJobRunner Map Task Executor #0] mapred.MapTask: bufstart = 0; bufend = 292; bufvoid = 104857600
2024-04-24T01:19:06,999  INFO [LocalJobRunner Map Task Executor #0] mapred.MapTask: kvstart = 26214396(104857584); kvend = 26214392(104857568); length = 5/6553600
2024-04-24T01:19:07,008  INFO [LocalJobRunner Map Task Executor #0] mapred.MapTask: Finished spill 0
2024-04-24T01:19:07,011  INFO [LocalJobRunner Map Task Executor #0] mapred.Task: Task:attempt_local1486012248_0049_m_000002_0 is done. And is in the process of committing
2024-04-24T01:19:07,011  INFO [LocalJobRunner Map Task Executor #0] mapred.LocalJobRunner: map
2024-04-24T01:19:07,011  INFO [LocalJobRunner Map Task Executor #0] mapred.Task: Task 'attempt_local1486012248_0049_m_000002_0' done.
2024-04-24T01:19:07,012  INFO [LocalJobRunner Map Task Executor #0] mapred.Task: Final Counters for attempt_local1486012248_0049_m_000002_0: Counters: 24
	File System Counters
		FILE: Number of bytes read=1113751
		FILE: Number of bytes written=57759719
		FILE: Number of read operations=0
		FILE: Number of large read operations=0
		FILE: Number of write operations=0
	Map-Reduce Framework
		Map input records=2
		Map output records=2
		Map output bytes=292
		Map output materialized bytes=304
		Input split bytes=451
		Combine input records=0
		Spilled Records=2
		Failed Shuffles=0
		Merged Map outputs=0
		GC time elapsed (ms)=0
		Total committed heap usage (bytes)=1350565888
	HIVE
		DESERIALIZE_ERRORS=0
		RECORDS_IN=2
		RECORDS_OUT_INTERMEDIATE=2
		RECORDS_OUT_OPERATOR_MAP_0=0
		RECORDS_OUT_OPERATOR_RS_2=2
		RECORDS_OUT_OPERATOR_SEL_1=2
		RECORDS_OUT_OPERATOR_TS_0=2
	File Input Format Counters 
		Bytes Read=5723
2024-04-24T01:19:07,012  INFO [LocalJobRunner Map Task Executor #0] mapred.LocalJobRunner: Finishing task: attempt_local1486012248_0049_m_000002_0
2024-04-24T01:19:07,012  INFO [LocalJobRunner Map Task Executor #0] mapred.LocalJobRunner: Starting task: attempt_local1486012248_0049_m_000003_0
2024-04-24T01:19:07,012  INFO [LocalJobRunner Map Task Executor #0] mapred.Task:  Using ResourceCalculatorProcessTree : [ ]
2024-04-24T01:19:07,013  INFO [LocalJobRunner Map Task Executor #0] mapred.MapTask: Processing split: org.apache.hadoop.hive.ql.io.orc.OrcInputFormat:OrcSplit [file:/home/alex/Repositories/hive/ql/target/tmp/org.apache.hadoop.hive.ql.TestTxnNoBuckets-1713946626176/warehouse/t/000000_0_copy_1, start=0, length=241, isOriginal=true, fileLength=241, hasFooter=false, hasBase=true, deltas=0]
2024-04-24T01:19:07,013  INFO [LocalJobRunner Map Task Executor #0] exec.SerializationUtilities: Deserializing MapWork using kryo
2024-04-24T01:19:07,014  INFO [LocalJobRunner Map Task Executor #0] exec.Utilities: Deserialized plan (via FILE) - name: null size: 4,60KB
2024-04-24T01:19:07,015  INFO [LocalJobRunner Map Task Executor #0] orc.ReaderImpl: Reading ORC rows from file:/home/alex/Repositories/hive/ql/target/tmp/org.apache.hadoop.hive.ql.TestTxnNoBuckets-1713946626176/warehouse/t/000000_0_copy_1 with {include: [true, true, true], offset: 0, length: 241, schema: struct<a:int,b:int>, includeAcidColumns: true}
2024-04-24T01:19:07,016  INFO [LocalJobRunner Map Task Executor #0] mapred.MapTask: numReduceTasks: 1
2024-04-24T01:19:07,020  INFO [LocalJobRunner Map Task Executor #0] mapred.MapTask: (EQUATOR) 0 kvi 26214396(104857584)
2024-04-24T01:19:07,020  INFO [LocalJobRunner Map Task Executor #0] mapred.MapTask: mapreduce.task.io.sort.mb: 100
2024-04-24T01:19:07,020  INFO [LocalJobRunner Map Task Executor #0] mapred.MapTask: soft limit at 83886080
2024-04-24T01:19:07,020  INFO [LocalJobRunner Map Task Executor #0] mapred.MapTask: bufstart = 0; bufvoid = 104857600
2024-04-24T01:19:07,020  INFO [LocalJobRunner Map Task Executor #0] mapred.MapTask: kvstart = 26214396; length = 6553600
2024-04-24T01:19:07,021  INFO [LocalJobRunner Map Task Executor #0] mapred.MapTask: Map output collector class = org.apache.hadoop.mapred.MapTask$MapOutputBuffer
2024-04-24T01:19:07,021  INFO [LocalJobRunner Map Task Executor #0] exec.MapOperator: Initializing Operator: MAP[0]
2024-04-24T01:19:07,022  INFO [LocalJobRunner Map Task Executor #0] mr.ExecMapper: 
<MAP>Id =0
  <Children>null
  <\Children>
  <Parent><\Parent>
<\MAP>
2024-04-24T01:19:07,023  INFO [LocalJobRunner Map Task Executor #0] exec.TableScanOperator: Initializing Operator: TS[0]
2024-04-24T01:19:07,023  INFO [LocalJobRunner Map Task Executor #0] exec.SelectOperator: Initializing Operator: SEL[1]
2024-04-24T01:19:07,023  INFO [LocalJobRunner Map Task Executor #0] exec.SelectOperator: SELECT struct<a:int,b:int,input__file__name:string>
2024-04-24T01:19:07,023  INFO [LocalJobRunner Map Task Executor #0] exec.ReduceSinkOperator: Initializing Operator: RS[2]
2024-04-24T01:19:07,023  INFO [LocalJobRunner Map Task Executor #0] exec.ReduceSinkOperator: Using tag = -1
2024-04-24T01:19:07,023  INFO [LocalJobRunner Map Task Executor #0] exec.ReduceSinkOperator: keys are [reducesinkkey0, reducesinkkey1, reducesinkkey2] num distributions: 3
2024-04-24T01:19:07,023  INFO [LocalJobRunner Map Task Executor #0] exec.ReduceSinkOperator: RS[2]: records written - 1
2024-04-24T01:19:07,023  INFO [LocalJobRunner Map Task Executor #0] exec.MapOperator: MAP[0]: records read - 1
2024-04-24T01:19:07,023  INFO [LocalJobRunner Map Task Executor #0] exec.MapOperator: Closing Operator: MAP[0]
2024-04-24T01:19:07,023  INFO [LocalJobRunner Map Task Executor #0] exec.MapOperator: MAP[0]: Total records read - 1. abort - false
2024-04-24T01:19:07,023  INFO [LocalJobRunner Map Task Executor #0] exec.MapOperator: DESERIALIZE_ERRORS:0, RECORDS_OUT_OPERATOR_MAP_0:0, RECORDS_OUT_INTERMEDIATE:0, RECORDS_IN:1, 
2024-04-24T01:19:07,023  INFO [LocalJobRunner Map Task Executor #0] exec.TableScanOperator: Closing Operator: TS[0]
2024-04-24T01:19:07,023  INFO [LocalJobRunner Map Task Executor #0] exec.TableScanOperator: RECORDS_OUT_OPERATOR_TS_0:1, RECORDS_OUT_INTERMEDIATE:0, 
2024-04-24T01:19:07,024  INFO [LocalJobRunner Map Task Executor #0] exec.SelectOperator: Closing Operator: SEL[1]
2024-04-24T01:19:07,024  INFO [LocalJobRunner Map Task Executor #0] exec.SelectOperator: RECORDS_OUT_INTERMEDIATE:0, RECORDS_OUT_OPERATOR_SEL_1:1, 
2024-04-24T01:19:07,024  INFO [LocalJobRunner Map Task Executor #0] exec.ReduceSinkOperator: Closing Operator: RS[2]
2024-04-24T01:19:07,024  INFO [LocalJobRunner Map Task Executor #0] exec.ReduceSinkOperator: RS[2]: Total records written - 1. abort - false
2024-04-24T01:19:07,024  INFO [LocalJobRunner Map Task Executor #0] exec.ReduceSinkOperator: RECORDS_OUT_INTERMEDIATE:1, RECORDS_OUT_OPERATOR_RS_2:1, 
2024-04-24T01:19:07,024  INFO [LocalJobRunner Map Task Executor #0] mapred.LocalJobRunner: 
2024-04-24T01:19:07,024  INFO [LocalJobRunner Map Task Executor #0] mapred.MapTask: Starting flush of map output
2024-04-24T01:19:07,024  INFO [LocalJobRunner Map Task Executor #0] mapred.MapTask: Spilling map output
2024-04-24T01:19:07,024  INFO [LocalJobRunner Map Task Executor #0] mapred.MapTask: bufstart = 0; bufend = 153; bufvoid = 104857600
2024-04-24T01:19:07,024  INFO [LocalJobRunner Map Task Executor #0] mapred.MapTask: kvstart = 26214396(104857584); kvend = 26214396(104857584); length = 1/6553600
2024-04-24T01:19:07,032  INFO [LocalJobRunner Map Task Executor #0] mapred.MapTask: Finished spill 0
2024-04-24T01:19:07,035  INFO [LocalJobRunner Map Task Executor #0] mapred.Task: Task:attempt_local1486012248_0049_m_000003_0 is done. And is in the process of committing
2024-04-24T01:19:07,036  INFO [LocalJobRunner Map Task Executor #0] mapred.LocalJobRunner: map
2024-04-24T01:19:07,036  INFO [LocalJobRunner Map Task Executor #0] mapred.Task: Task 'attempt_local1486012248_0049_m_000003_0' done.
2024-04-24T01:19:07,036  INFO [LocalJobRunner Map Task Executor #0] mapred.Task: Final Counters for attempt_local1486012248_0049_m_000003_0: Counters: 24
	File System Counters
		FILE: Number of bytes read=1120241
		FILE: Number of bytes written=57759913
		FILE: Number of read operations=0
		FILE: Number of large read operations=0
		FILE: Number of write operations=0
	Map-Reduce Framework
		Map input records=1
		Map output records=1
		Map output bytes=153
		Map output materialized bytes=162
		Input split bytes=459
		Combine input records=0
		Spilled Records=1
		Failed Shuffles=0
		Merged Map outputs=0
		GC time elapsed (ms)=0
		Total committed heap usage (bytes)=1350565888
	HIVE
		DESERIALIZE_ERRORS=0
		RECORDS_IN=1
		RECORDS_OUT_INTERMEDIATE=1
		RECORDS_OUT_OPERATOR_MAP_0=0
		RECORDS_OUT_OPERATOR_RS_2=1
		RECORDS_OUT_OPERATOR_SEL_1=1
		RECORDS_OUT_OPERATOR_TS_0=1
	File Input Format Counters 
		Bytes Read=5671
2024-04-24T01:19:07,036  INFO [LocalJobRunner Map Task Executor #0] mapred.LocalJobRunner: Finishing task: attempt_local1486012248_0049_m_000003_0
2024-04-24T01:19:07,036  INFO [Thread-3182] mapred.LocalJobRunner: map task executor complete.
2024-04-24T01:19:07,037  INFO [Thread-3182] mapred.LocalJobRunner: Waiting for reduce tasks
2024-04-24T01:19:07,037  INFO [pool-214-thread-1] mapred.LocalJobRunner: Starting task: attempt_local1486012248_0049_r_000000_0
2024-04-24T01:19:07,038  INFO [pool-214-thread-1] mapred.Task:  Using ResourceCalculatorProcessTree : [ ]
2024-04-24T01:19:07,038  INFO [pool-214-thread-1] mapred.ReduceTask: Using ShuffleConsumerPlugin: org.apache.hadoop.mapreduce.task.reduce.Shuffle@32739d12
2024-04-24T01:19:07,038  WARN [pool-214-thread-1] impl.MetricsSystemImpl: JobTracker metrics system already initialized!
2024-04-24T01:19:07,039  INFO [pool-214-thread-1] reduce.MergeManagerImpl: MergerManager: memoryLimit=1336252800, maxSingleShuffleLimit=334063200, mergeThreshold=881926912, ioSortFactor=10, memToMemMergeOutputsThreshold=10
2024-04-24T01:19:07,039  INFO [EventFetcher for fetching Map Completion Events] reduce.EventFetcher: attempt_local1486012248_0049_r_000000_0 Thread started: EventFetcher for fetching Map Completion Events
2024-04-24T01:19:07,040  INFO [localfetcher#30] reduce.LocalFetcher: localfetcher#30 about to shuffle output of map attempt_local1486012248_0049_m_000003_0 decomp: 158 len: 162 to MEMORY
2024-04-24T01:19:07,040  INFO [localfetcher#30] reduce.InMemoryMapOutput: Read 158 bytes from map-output for attempt_local1486012248_0049_m_000003_0
2024-04-24T01:19:07,040  INFO [localfetcher#30] reduce.MergeManagerImpl: closeInMemoryFile -> map-output of size: 158, inMemoryMapOutputs.size() -> 1, commitMemory -> 0, usedMemory ->158
2024-04-24T01:19:07,042  INFO [localfetcher#30] reduce.LocalFetcher: localfetcher#30 about to shuffle output of map attempt_local1486012248_0049_m_000000_0 decomp: 300 len: 304 to MEMORY
2024-04-24T01:19:07,042  INFO [localfetcher#30] reduce.InMemoryMapOutput: Read 300 bytes from map-output for attempt_local1486012248_0049_m_000000_0
2024-04-24T01:19:07,042  INFO [localfetcher#30] reduce.MergeManagerImpl: closeInMemoryFile -> map-output of size: 300, inMemoryMapOutputs.size() -> 2, commitMemory -> 158, usedMemory ->458
2024-04-24T01:19:07,045  INFO [localfetcher#30] reduce.LocalFetcher: localfetcher#30 about to shuffle output of map attempt_local1486012248_0049_m_000002_0 decomp: 300 len: 304 to MEMORY
2024-04-24T01:19:07,045  INFO [localfetcher#30] reduce.InMemoryMapOutput: Read 300 bytes from map-output for attempt_local1486012248_0049_m_000002_0
2024-04-24T01:19:07,045  INFO [localfetcher#30] reduce.MergeManagerImpl: closeInMemoryFile -> map-output of size: 300, inMemoryMapOutputs.size() -> 3, commitMemory -> 458, usedMemory ->758
2024-04-24T01:19:07,048  INFO [localfetcher#30] reduce.LocalFetcher: localfetcher#30 about to shuffle output of map attempt_local1486012248_0049_m_000001_0 decomp: 151 len: 155 to MEMORY
2024-04-24T01:19:07,048  INFO [localfetcher#30] reduce.InMemoryMapOutput: Read 151 bytes from map-output for attempt_local1486012248_0049_m_000001_0
2024-04-24T01:19:07,048  INFO [localfetcher#30] reduce.MergeManagerImpl: closeInMemoryFile -> map-output of size: 151, inMemoryMapOutputs.size() -> 4, commitMemory -> 758, usedMemory ->909
2024-04-24T01:19:07,048  INFO [EventFetcher for fetching Map Completion Events] reduce.EventFetcher: EventFetcher is interrupted.. Returning
2024-04-24T01:19:07,049  INFO [pool-214-thread-1] mapred.LocalJobRunner: 4 / 4 copied.
2024-04-24T01:19:07,049  INFO [pool-214-thread-1] reduce.MergeManagerImpl: finalMerge called with 4 in-memory map-outputs and 0 on-disk map-outputs
2024-04-24T01:19:07,055  INFO [pool-214-thread-1] mapred.Merger: Merging 4 sorted segments
2024-04-24T01:19:07,055  INFO [pool-214-thread-1] mapred.Merger: Down to the last merge-pass, with 4 segments left of total size: 322 bytes
2024-04-24T01:19:07,057  INFO [pool-214-thread-1] reduce.MergeManagerImpl: Merged 4 segments, 909 bytes to disk to satisfy reduce memory limit
2024-04-24T01:19:07,057  INFO [pool-214-thread-1] reduce.MergeManagerImpl: Merging 1 files, 907 bytes from disk
2024-04-24T01:19:07,058  INFO [pool-214-thread-1] reduce.MergeManagerImpl: Merging 0 segments, 0 bytes from memory into reduce
2024-04-24T01:19:07,058  INFO [pool-214-thread-1] mapred.Merger: Merging 1 sorted segments
2024-04-24T01:19:07,058  INFO [pool-214-thread-1] mapred.Merger: Down to the last merge-pass, with 1 segments left of total size: 758 bytes
2024-04-24T01:19:07,058  INFO [pool-214-thread-1] mapred.LocalJobRunner: 4 / 4 copied.
2024-04-24T01:19:07,058  INFO [pool-214-thread-1] exec.SerializationUtilities: Deserializing ReduceWork using kryo
2024-04-24T01:19:07,059  INFO [pool-214-thread-1] exec.Utilities: Deserialized plan (via FILE) - name: null size: 5,69KB
2024-04-24T01:19:07,060  INFO [pool-214-thread-1] ExecReducer: 
<SEL>Id =3
  <Children>
    <FS>Id =4
      <Children>
      <\Children>
      <Parent>Id = 3 null<\Parent>
    <\FS>
  <\Children>
  <Parent><\Parent>
<\SEL>
2024-04-24T01:19:07,060  INFO [pool-214-thread-1] exec.SelectOperator: Initializing Operator: SEL[3]
2024-04-24T01:19:07,060  INFO [pool-214-thread-1] exec.SelectOperator: SELECT struct<key:struct<reducesinkkey0:int,reducesinkkey1:int,reducesinkkey2:string>,value:struct<>>
2024-04-24T01:19:07,060  INFO [pool-214-thread-1] exec.FileSinkOperator: Initializing Operator: FS[4]
2024-04-24T01:19:07,060  INFO [pool-214-thread-1] exec.FileSinkOperator: Using serializer : class org.apache.hadoop.hive.serde2.lazy.LazySimpleSerDe [serdeParams=org.apache.hadoop.hive.serde2.lazy.LazySerDeParameters@291bb47b, cachedObjectInspector=org.apache.hadoop.hive.serde2.lazy.objectinspector.LazySimpleStructObjectInspector<org.apache.hadoop.hive.serde2.lazy.objectinspector.primitive.LazyIntObjectInspector@6ddeeb78,org.apache.hadoop.hive.serde2.lazy.objectinspector.primitive.LazyIntObjectInspector@6ddeeb78,org.apache.hadoop.hive.serde2.lazy.objectinspector.primitive.LazyStringObjectInspector@266b7d1>, serializedSize=0, stats=org.apache.hadoop.hive.serde2.SerDeStats@12b9f463, lastOperationSerialize=false, lastOperationDeserialize=false [1, 2, 3, 4, 5, 6, 7, 8, 11, 14, 15, 16, 17, 18, 19, 20, 21, 22, 23, 24, 25, 26, 28, 29, 30, 31, -128, -127, -126, -125, -124, -123, -122, -121, -120, -119, -118, -117, -116, -115, -114, -113, -112, -111, -110, -109, -108, -107, -106, -105, -104, -103, -102, -101, -100, -99, -98, -97, -96, -95, -94, -93, -92, -91, -90, -89, -88, -87, -86, -85, -84, -83, -82, -81, -80, -79, -78, -77, -76, -75, -74, -73, -72, -71, -70, -69, -68, -67, -66, -65, -64, -63, -62, -61, -60, -59, -58, -57, -56, -55, -54, -53, -52, -51, -50, -49, -48, -47, -46, -45, -44, -43, -42, -41, -40, -39, -38, -37, -36, -35, -34, -33, -32, -31, -30, -29, -28, -27, -26, -25, -24, -23, -22, -21, -20, -19, -18, -17, -16, -15, -14, -13, -12, -11, -10, -9, -8, -7, -6, -5, -4, -3, -2, -1] : [_col0, _col1, _col2] : [int, int, string]] and formatter : org.apache.hadoop.hive.ql.io.HiveSequenceFileOutputFormat@30e58b43
2024-04-24T01:19:07,061  INFO [pool-214-thread-1] exec.FileSinkOperator: Final Path: FS file:/home/alex/Repositories/hive/ql/target/tmp/localscratchdir/e00dbb5c-6c74-4674-b714-4428495d65b6/hive_2024-04-24_01-19-06_456_4908770039637835736-1/-mr-10001/.hive-staging_hive_2024-04-24_01-19-06_456_4908770039637835736-1/_tmp.-ext-10002/000000_0
2024-04-24T01:19:07,061  INFO [pool-214-thread-1] exec.FileSinkOperator: Writing to temp file: FS file:/home/alex/Repositories/hive/ql/target/tmp/localscratchdir/e00dbb5c-6c74-4674-b714-4428495d65b6/hive_2024-04-24_01-19-06_456_4908770039637835736-1/-mr-10001/.hive-staging_hive_2024-04-24_01-19-06_456_4908770039637835736-1/_task_tmp.-ext-10002/_tmp.000000_0
2024-04-24T01:19:07,061  INFO [pool-214-thread-1] exec.FileSinkOperator: New Final Path: FS file:/home/alex/Repositories/hive/ql/target/tmp/localscratchdir/e00dbb5c-6c74-4674-b714-4428495d65b6/hive_2024-04-24_01-19-06_456_4908770039637835736-1/-mr-10001/.hive-staging_hive_2024-04-24_01-19-06_456_4908770039637835736-1/_tmp.-ext-10002/000000_0
2024-04-24T01:19:07,068  INFO [pool-214-thread-1] exec.FileSinkOperator: FS[4]: records written - 1
2024-04-24T01:19:07,068  INFO [pool-214-thread-1] exec.SelectOperator: Closing Operator: SEL[3]
2024-04-24T01:19:07,068  INFO [pool-214-thread-1] exec.SelectOperator: RECORDS_OUT_OPERATOR_SEL_3:6, RECORDS_OUT_INTERMEDIATE:0, 
2024-04-24T01:19:07,069  INFO [pool-214-thread-1] exec.FileSinkOperator: Closing Operator: FS[4]
2024-04-24T01:19:07,069  INFO [pool-214-thread-1] exec.FileSinkOperator: FS[4]: records written - 6
2024-04-24T01:19:07,069  INFO [pool-214-thread-1] exec.FileSinkOperator: RECORDS_OUT_INTERMEDIATE:0, RECORDS_OUT_OPERATOR_FS_4:6, RECORDS_OUT_0:6, 
2024-04-24T01:19:07,069  INFO [pool-214-thread-1] mapred.Task: Task:attempt_local1486012248_0049_r_000000_0 is done. And is in the process of committing
2024-04-24T01:19:07,070  INFO [pool-214-thread-1] mapred.LocalJobRunner: reduce > reduce
2024-04-24T01:19:07,070  INFO [pool-214-thread-1] mapred.Task: Task 'attempt_local1486012248_0049_r_000000_0' done.
2024-04-24T01:19:07,070  INFO [pool-214-thread-1] mapred.Task: Final Counters for attempt_local1486012248_0049_r_000000_0: Counters: 29
	File System Counters
		FILE: Number of bytes read=1127953
		FILE: Number of bytes written=57761791
		FILE: Number of read operations=0
		FILE: Number of large read operations=0
		FILE: Number of write operations=0
	Map-Reduce Framework
		Combine input records=0
		Combine output records=0
		Reduce input groups=6
		Reduce shuffle bytes=925
		Reduce input records=6
		Reduce output records=0
		Spilled Records=6
		Shuffled Maps =4
		Failed Shuffles=0
		Merged Map outputs=4
		GC time elapsed (ms)=0
		Total committed heap usage (bytes)=1350565888
	HIVE
		CREATED_FILES=1
		RECORDS_OUT_0=6
		RECORDS_OUT_INTERMEDIATE=0
		RECORDS_OUT_OPERATOR_FS_4=6
		RECORDS_OUT_OPERATOR_SEL_3=6
	Shuffle Errors
		BAD_ID=0
		CONNECTION=0
		IO_ERROR=0
		WRONG_LENGTH=0
		WRONG_MAP=0
		WRONG_REDUCE=0
	File Output Format Counters 
		Bytes Written=0
2024-04-24T01:19:07,070  INFO [pool-214-thread-1] mapred.LocalJobRunner: Finishing task: attempt_local1486012248_0049_r_000000_0
2024-04-24T01:19:07,070  INFO [Thread-3182] mapred.LocalJobRunner: reduce task executor complete.
2024-04-24 01:19:07,931 Stage-1 map = 100%,  reduce = 100%
2024-04-24T01:19:07,932  INFO [main] exec.Task: 2024-04-24 01:19:07,931 Stage-1 map = 100%,  reduce = 100%
Ended Job = job_local1486012248_0049
2024-04-24T01:19:07,932  INFO [main] exec.Task: Ended Job = job_local1486012248_0049
2024-04-24T01:19:07,934  INFO [main] metadata.Hive: Dumping metastore api call timing information for : execution phase
2024-04-24T01:19:07,934  INFO [main] metadata.Hive: Total time spent in each metastore function (ms): {}
MapReduce Jobs Launched: 
2024-04-24T01:19:07,934  INFO [main] ql.Driver: MapReduce Jobs Launched: 
Stage-Stage-1:  HDFS Read: 0 HDFS Write: 0 SUCCESS
2024-04-24T01:19:07,935  INFO [main] ql.Driver: Stage-Stage-1:  HDFS Read: 0 HDFS Write: 0 SUCCESS
Total MapReduce CPU Time Spent: 0 msec
2024-04-24T01:19:07,935  INFO [main] ql.Driver: Total MapReduce CPU Time Spent: 0 msec
2024-04-24T01:19:07,935  INFO [main] ql.Driver: Completed executing command(queryId=alex_20240424011859_2c2c3c7d-eff6-4e45-822f-b62ad37a46a0); Time taken: 1.33 seconds
2024-04-24T01:19:07,935  INFO [main] lockmgr.DbTxnManager: Stopped heartbeat for query: alex_20240424011859_2c2c3c7d-eff6-4e45-822f-b62ad37a46a0
2024-04-24T01:19:07,939  INFO [main] txn.TxnHandler: Expected to move at least one record from txn_components to completed_txn_components when committing txn! txnid:18
2024-04-24T01:19:07,944  INFO [main] txn.TxnHandler: Removed transactions: ([18]) from MIN_HISTORY_LEVEL
2024-04-24T01:19:07,944  WARN [main] txn.CompactionTxnHandler: No compaction queue record found for Compaction type transaction commit. txnId:18
2024-04-24T01:19:07,948  INFO [main] mapred.FileInputFormat: Total input files to process : 1
2024-04-24T01:19:07,949  INFO [main] exec.ListSinkOperator: Closing Operator: LIST_SINK[5]
2024-04-24T01:19:07,949  INFO [main] exec.ListSinkOperator: RECORDS_OUT_INTERMEDIATE:0, RECORDS_OUT_OPERATOR_LIST_SINK_5:6, 
2024-04-24T01:19:07,949  WARN [main] ql.TestTxnNoBuckets: null: read data(before converting to acid): 
2024-04-24T01:19:07,949  INFO [main] ql.TestTxnNoBuckets: 1	2	file:/home/alex/Repositories/hive/ql/target/tmp/org.apache.hadoop.hive.ql.TestTxnNoBuckets-1713946626176/warehouse/t/000002_0
2	4	file:/home/alex/Repositories/hive/ql/target/tmp/org.apache.hadoop.hive.ql.TestTxnNoBuckets-1713946626176/warehouse/t/000002_0
5	6	file:/home/alex/Repositories/hive/ql/target/tmp/org.apache.hadoop.hive.ql.TestTxnNoBuckets-1713946626176/warehouse/t/000000_0
6	8	file:/home/alex/Repositories/hive/ql/target/tmp/org.apache.hadoop.hive.ql.TestTxnNoBuckets-1713946626176/warehouse/t/000001_0
9	10	file:/home/alex/Repositories/hive/ql/target/tmp/org.apache.hadoop.hive.ql.TestTxnNoBuckets-1713946626176/warehouse/t/000000_0
12	12	file:/home/alex/Repositories/hive/ql/target/tmp/org.apache.hadoop.hive.ql.TestTxnNoBuckets-1713946626176/warehouse/t/000000_0_copy_1

2024-04-24T01:19:07,950  INFO [main] ql.Context: Deleting scratch dir: file:/home/alex/Repositories/hive/ql/target/tmp/localscratchdir/e00dbb5c-6c74-4674-b714-4428495d65b6/hive_2024-04-24_01-19-06_456_4908770039637835736-1
2024-04-24T01:19:07,951  INFO [main] cleanup.SyncCleanupService: Deleted directory: file:/home/alex/Repositories/hive/ql/target/tmp/localscratchdir/e00dbb5c-6c74-4674-b714-4428495d65b6/hive_2024-04-24_01-19-06_456_4908770039637835736-1 on fs with scheme file
2024-04-24T01:19:07,952  INFO [main] ql.TxnCommandsBaseForTests: Running the query: insert into T(a,b) select a * 10, b * 10 from acidTbl where a between 1 and 3 group by a, b union all select a * 10, b * 10 from acidTbl where a between 5 and 7
2024-04-24T01:19:07,952  INFO [main] ql.Driver: Compiling command(queryId=alex_20240424011907_56259c43-9c60-4850-b2f9-05774aff0ecd): insert into T(a,b) select a * 10, b * 10 from acidTbl where a between 1 and 3 group by a, b union all select a * 10, b * 10 from acidTbl where a between 5 and 7
2024-04-24T01:19:07,955  INFO [main] txn.TxnHandler: Added entries to MIN_HISTORY_LEVEL for current txns: ([19]) with min_open_txn: 19
2024-04-24T01:19:07,956  INFO [main] lockmgr.DbTxnManager: Opened txnid:19
2024-04-24T01:19:07,956  INFO [main] parse.CalcitePlanner: Starting caching scope for: alex_20240424011907_56259c43-9c60-4850-b2f9-05774aff0ecd
2024-04-24T01:19:07,956  INFO [main] parse.CalcitePlanner: Starting Semantic Analysis
2024-04-24T01:19:07,960  INFO [main] HiveMetaStore.audit: ugi=alex	ip=unknown-ip-addr	cmd=get_table : tbl=hive.default.T	
2024-04-24T01:19:07,969  INFO [main] metastore.HMSHandler: Skipping translation for processor with null
2024-04-24T01:19:07,969  INFO [main] parse.CalcitePlanner: Completed phase 1 of Semantic Analysis
2024-04-24T01:19:07,969  INFO [main] parse.CalcitePlanner: Get metadata for source tables
2024-04-24T01:19:07,969  INFO [main] parse.CalcitePlanner: Get metadata for subqueries
2024-04-24T01:19:07,969  INFO [main] parse.CalcitePlanner: Get metadata for source tables
2024-04-24T01:19:07,969  INFO [main] HiveMetaStore.audit: ugi=alex	ip=unknown-ip-addr	cmd=get_table : tbl=hive.default.acidtbl	
2024-04-24T01:19:07,976  INFO [main] metastore.HMSHandler: Skipping translation for processor with null
2024-04-24T01:19:07,976  INFO [main] parse.CalcitePlanner: Get metadata for subqueries
2024-04-24T01:19:07,976  INFO [main] parse.CalcitePlanner: Get metadata for destination tables
2024-04-24T01:19:07,976  INFO [main] parse.CalcitePlanner: Get metadata for source tables
2024-04-24T01:19:07,976  INFO [main] parse.CalcitePlanner: Get metadata for subqueries
2024-04-24T01:19:07,976  INFO [main] parse.CalcitePlanner: Get metadata for destination tables
2024-04-24T01:19:07,976  INFO [main] parse.CalcitePlanner: Get metadata for destination tables
2024-04-24T01:19:07,977  INFO [main] HiveMetaStore.audit: ugi=alex	ip=unknown-ip-addr	cmd=get_table : tbl=hive.default.T	
2024-04-24T01:19:07,987  INFO [main] metastore.HMSHandler: Skipping translation for processor with null
2024-04-24T01:19:07,987  INFO [main] parse.CalcitePlanner: Completed getting MetaData in Semantic Analysis
2024-04-24T01:19:07,987  INFO [main] parse.CalcitePlanner: Disabling LLAP IO encode as ETL query is detected
2024-04-24T01:19:07,998  INFO [main] HiveMetaStore.audit: ugi=alex	ip=unknown-ip-addr	cmd=get_all_table_constraints : tbl=hive.default.acidtbl	
2024-04-24T01:19:08,006  INFO [main] HiveMetaStore.audit: ugi=alex	ip=unknown-ip-addr	cmd=get_all_table_constraints : tbl=hive.default.acidtbl	
2024-04-24T01:19:08,036  INFO [main] calcite.RelOptHiveTable: Calculating column statistics for default.acidtbl, projIndxSet: [0, 1], allowMissingStats: true
2024-04-24T01:19:08,037  INFO [main] HiveMetaStore.audit: ugi=alex	ip=unknown-ip-addr	cmd=get_table_statistics_req: table=hive.default.acidtbl	
2024-04-24T01:19:08,050  WARN [main] calcite.RelOptHiveTable: No Stats for default@acidtbl, Columns: a, b
No Stats for default@acidtbl, Columns: a, b
2024-04-24T01:19:08,051  INFO [main] SessionState: No Stats for default@acidtbl, Columns: a, b
2024-04-24T01:19:08,136  INFO [main] parse.CalcitePlanner: Get metadata for source tables
2024-04-24T01:19:08,136  INFO [main] parse.CalcitePlanner: Get metadata for subqueries
2024-04-24T01:19:08,136  INFO [main] parse.CalcitePlanner: Get metadata for source tables
2024-04-24T01:19:08,136  INFO [main] parse.CalcitePlanner: Get metadata for subqueries
2024-04-24T01:19:08,136  INFO [main] parse.CalcitePlanner: Get metadata for destination tables
2024-04-24T01:19:08,136  INFO [main] parse.CalcitePlanner: Get metadata for source tables
2024-04-24T01:19:08,136  INFO [main] parse.CalcitePlanner: Get metadata for subqueries
2024-04-24T01:19:08,136  INFO [main] parse.CalcitePlanner: Get metadata for destination tables
2024-04-24T01:19:08,136  INFO [main] parse.CalcitePlanner: Get metadata for destination tables
2024-04-24T01:19:08,140  INFO [main] common.FileUtils: Creating directory if it doesn't exist: file:/home/alex/Repositories/hive/ql/target/tmp/org.apache.hadoop.hive.ql.TestTxnNoBuckets-1713946626176/warehouse/t/.hive-staging_hive_2024-04-24_01-19-07_952_2564775686913420274-1
2024-04-24T01:19:08,142  INFO [main] HiveMetaStore.audit: ugi=alex	ip=unknown-ip-addr	cmd=get_not_null_constraints : tbl=hive.default.t	
2024-04-24T01:19:08,143  INFO [main] HiveMetaStore.audit: ugi=alex	ip=unknown-ip-addr	cmd=get_check_constraints : tbl=hive.default.t	
2024-04-24T01:19:08,147  INFO [main] parse.CalcitePlanner: CBO Succeeded; optimized logical plan.
2024-04-24T01:19:08,152  INFO [main] optimizer.ColumnPrunerProcFactory: RS 4 oldColExprMap: {KEY._col1=Column[_col1], KEY._col0=Column[_col0]}
2024-04-24T01:19:08,153  INFO [main] optimizer.ColumnPrunerProcFactory: RS 4 newColExprMap: {KEY._col1=Column[_col1], KEY._col0=Column[_col0]}
2024-04-24T01:19:08,156  INFO [main] optimizer.SortedDynPartitionOptimizer: Sorted dynamic partitioning optimization kicked in..
2024-04-24T01:19:08,156  INFO [main] optimizer.SortedDynPartitionOptimizer: Sorted dynamic partitioning optimization kicked in..
2024-04-24T01:19:08,165  INFO [main] HiveMetaStore.audit: ugi=alex	ip=unknown-ip-addr	cmd=get_table : tbl=hive.default.t	
2024-04-24T01:19:08,174  INFO [main] metastore.HMSHandler: Skipping translation for processor with null
2024-04-24T01:19:08,184  INFO [main] parse.CalcitePlanner: Completed plan generation
2024-04-24T01:19:08,184  INFO [main] parse.CalcitePlanner: Ending caching scope for: alex_20240424011907_56259c43-9c60-4850-b2f9-05774aff0ecd
2024-04-24T01:19:08,184  INFO [main] ql.Driver: Semantic Analysis Completed (retrial = false)
2024-04-24T01:19:08,184  INFO [main] ql.Driver: Created Hive schema: Schema(fieldSchemas:[FieldSchema(name:_col0, type:int, comment:null), FieldSchema(name:_col1, type:int, comment:null)], properties:null)
2024-04-24T01:19:08,184  INFO [main] metadata.Hive: Dumping metastore api call timing information for : compilation phase
2024-04-24T01:19:08,184  INFO [main] metadata.Hive: Total time spent in each metastore function (ms): {openTxn_(String, TxnType)=3, getTable_(GetTableRequest)=36, getValidTxns_(long)=0, getValidWriteIds_(List, String)=4, flushCache_()=0, getAllTableConstraints_(AllTableConstraintsRequest)=10, isCompatibleWith_(Configuration)=0, getCheckConstraints_(CheckConstraintsRequest)=1, getTableColumnStatistics_(String, String, List, String)=12, getNotNullConstraints_(NotNullConstraintsRequest)=1, commitTxn_(CommitTxnRequest)=10}
2024-04-24T01:19:08,184  INFO [main] ql.Driver: Completed compiling command(queryId=alex_20240424011907_56259c43-9c60-4850-b2f9-05774aff0ecd); Time taken: 0.232 seconds
2024-04-24T01:19:08,184  INFO [main] lockmgr.DbTxnManager: Setting lock request transaction to txnid:19 for queryId=alex_20240424011907_56259c43-9c60-4850-b2f9-05774aff0ecd
2024-04-24T01:19:08,185  INFO [main] lockmgr.DbLockManager: Requesting lock for queryId=alex_20240424011907_56259c43-9c60-4850-b2f9-05774aff0ecd
2024-04-24T01:19:08,198  INFO [main] lockmgr.DbLockManager: Response to queryId=alex_20240424011907_56259c43-9c60-4850-b2f9-05774aff0ecd LockResponse(lockid:13, state:ACQUIRED)
2024-04-24T01:19:08,198  INFO [main] ql.Driver: Operation QUERY obtained 1 locks
2024-04-24T01:19:08,201  INFO [main] ql.Driver: Executing command(queryId=alex_20240424011907_56259c43-9c60-4850-b2f9-05774aff0ecd): insert into T(a,b) select a * 10, b * 10 from acidTbl where a between 1 and 3 group by a, b union all select a * 10, b * 10 from acidTbl where a between 5 and 7
2024-04-24T01:19:08,202  WARN [main] ql.Driver: Hive-on-MR is deprecated in Hive 2 and may not be available in the future versions. Consider using a different execution engine (i.e. spark, tez) or using Hive 1.X releases.
Query ID = alex_20240424011907_56259c43-9c60-4850-b2f9-05774aff0ecd
2024-04-24T01:19:08,202  INFO [main] ql.Driver: Query ID = alex_20240424011907_56259c43-9c60-4850-b2f9-05774aff0ecd
Total jobs = 2
2024-04-24T01:19:08,202  INFO [main] ql.Driver: Total jobs = 2
Launching Job 1 out of 2
2024-04-24T01:19:08,202  INFO [main] ql.Driver: Launching Job 1 out of 2
2024-04-24T01:19:08,367  INFO [main] ql.Driver: Starting task [Stage-1:MAPRED] in serial mode
2024-04-24T01:19:08,367  INFO [main] exec.Utilities: Not using thread pool for getContentSummary
2024-04-24T01:19:08,368  INFO [main] exec.Utilities: BytesPerReducer=256000000 maxReducers=1009 totalInputFileSize=1393
Number of reduce tasks not specified. Estimated from input data size: 1
2024-04-24T01:19:08,368  INFO [main] exec.Task: Number of reduce tasks not specified. Estimated from input data size: 1
In order to change the average load for a reducer (in bytes):
2024-04-24T01:19:08,368  INFO [main] exec.Task: In order to change the average load for a reducer (in bytes):
  set hive.exec.reducers.bytes.per.reducer=<number>
2024-04-24T01:19:08,368  INFO [main] exec.Task:   set hive.exec.reducers.bytes.per.reducer=<number>
In order to limit the maximum number of reducers:
2024-04-24T01:19:08,368  INFO [main] exec.Task: In order to limit the maximum number of reducers:
  set hive.exec.reducers.max=<number>
2024-04-24T01:19:08,368  INFO [main] exec.Task:   set hive.exec.reducers.max=<number>
In order to set a constant number of reducers:
2024-04-24T01:19:08,368  INFO [main] exec.Task: In order to set a constant number of reducers:
  set mapreduce.job.reduces=<number>
2024-04-24T01:19:08,368  INFO [main] exec.Task:   set mapreduce.job.reduces=<number>
2024-04-24T01:19:08,371  INFO [main] mr.ExecDriver: Using org.apache.hadoop.hive.ql.io.HiveInputFormat
2024-04-24T01:19:08,371  INFO [main] exec.Utilities: Processing alias $hdt$_0-subquery1:acidtbl
2024-04-24T01:19:08,371  INFO [main] exec.Utilities: Adding 1 inputs; the first input is file:/home/alex/Repositories/hive/ql/target/tmp/org.apache.hadoop.hive.ql.TestTxnNoBuckets-1713946626176/warehouse/acidtbl
2024-04-24T01:19:08,380  INFO [main] exec.SerializationUtilities: Serializing MapWork using kryo
2024-04-24T01:19:08,381  INFO [main] exec.Utilities: Serialized plan (via FILE) - name: null size: 5,28KB
2024-04-24T01:19:08,386  INFO [main] exec.SerializationUtilities: Serializing ReduceWork using kryo
2024-04-24T01:19:08,387  INFO [main] exec.Utilities: Serialized plan (via FILE) - name: null size: 6,89KB
2024-04-24T01:19:08,388  WARN [main] impl.MetricsSystemImpl: JobTracker metrics system already initialized!
2024-04-24T01:19:08,391  INFO [main] fs.FSStatsPublisher: created : file:/home/alex/Repositories/hive/ql/target/tmp/localscratchdir/e00dbb5c-6c74-4674-b714-4428495d65b6/hive_2024-04-24_01-19-07_952_2564775686913420274-1/-mr-10001
2024-04-24T01:19:08,398  WARN [main] impl.MetricsSystemImpl: JobTracker metrics system already initialized!
2024-04-24T01:19:08,404  WARN [main] mapreduce.JobResourceUploader: Hadoop command-line option parsing not performed. Implement the Tool interface and execute your application with ToolRunner to remedy this.
2024-04-24T01:19:08,409  WARN [main] mapreduce.JobResourceUploader: No job jar file set.  User classes may not be found. See Job or Job#setJar(String).
2024-04-24T01:19:08,411  INFO [main] io.HiveInputFormat: hive.io.file.readcolumn.ids = 0,1
2024-04-24T01:19:08,411  INFO [main] io.HiveInputFormat: hive.io.file.readcolumn.names = a,b
2024-04-24T01:19:08,411  INFO [main] io.HiveInputFormat: Generating splits for dirs: file:/home/alex/Repositories/hive/ql/target/tmp/org.apache.hadoop.hive.ql.TestTxnNoBuckets-1713946626176/warehouse/acidtbl
2024-04-24T01:19:08,411  INFO [main] orc.OrcInputFormat: getSplits started
2024-04-24T01:19:08,411  INFO [main] orc.OrcInputFormat: Context:: isAcid: true isVectorMode: false sarg: leaf-(BETWEEN a 1 3) minSplitSize: 1 maxSplitSize: 256000000 splitStrategy: HYBRID footerInSplits: false numBuckets: 2 numThreads: 10 cacheMemSize: 268435456 cacheStripeDetails: true useSoftReference: false writeIdList: default.acidtbl:1:9223372036854775807:: isTransactionalTable: true txnProperties: default 
2024-04-24T01:19:08,411  INFO [main] orc.OrcInputFormat: ORC pushdown predicate: leaf-(BETWEEN a 1 3)
2024-04-24T01:19:08,424  INFO [main] orc.OrcInputFormat: FooterCacheHitRatio: 0/2
2024-04-24T01:19:08,424  INFO [main] orc.OrcInputFormat: getSplits finished (#splits: 2). duration: 13 ms
2024-04-24T01:19:08,424  INFO [main] io.HiveInputFormat: number of splits 2
2024-04-24T01:19:08,442  INFO [main] mapreduce.JobSubmitter: number of splits:2
2024-04-24T01:19:08,461  INFO [main] mapreduce.JobSubmitter: Submitting tokens for job: job_local1368713955_0050
2024-04-24T01:19:08,461  INFO [main] mapreduce.JobSubmitter: Executing with tokens: []
2024-04-24T01:19:08,539  INFO [main] mapreduce.Job: The url to track the job: http://localhost:8080/
Job running in-process (local Hadoop)
2024-04-24T01:19:08,539  INFO [main] exec.Task: Job running in-process (local Hadoop)
2024-04-24T01:19:08,540  INFO [Thread-3247] mapred.LocalJobRunner: OutputCommitter set in config org.apache.hadoop.hive.ql.io.HiveFileFormatUtils$NullOutputCommitter
2024-04-24T01:19:08,540  INFO [Thread-3247] mapred.LocalJobRunner: OutputCommitter is org.apache.hadoop.hive.ql.io.HiveFileFormatUtils$NullOutputCommitter
2024-04-24T01:19:08,542  INFO [Thread-3247] mapred.LocalJobRunner: Waiting for map tasks
2024-04-24T01:19:08,542  INFO [LocalJobRunner Map Task Executor #0] mapred.LocalJobRunner: Starting task: attempt_local1368713955_0050_m_000000_0
2024-04-24T01:19:08,542  INFO [LocalJobRunner Map Task Executor #0] mapred.Task:  Using ResourceCalculatorProcessTree : [ ]
2024-04-24T01:19:08,543  INFO [LocalJobRunner Map Task Executor #0] mapred.MapTask: Processing split: org.apache.hadoop.hive.ql.io.orc.OrcInputFormat:OrcSplit [file:/home/alex/Repositories/hive/ql/target/tmp/org.apache.hadoop.hive.ql.TestTxnNoBuckets-1713946626176/warehouse/acidtbl/delta_0000001_0000001_0000/bucket_00001_0, start=0, length=704, isOriginal=false, fileLength=704, hasFooter=false, hasBase=true, deltas=0]
2024-04-24T01:19:08,543  INFO [LocalJobRunner Map Task Executor #0] exec.SerializationUtilities: Deserializing MapWork using kryo
2024-04-24T01:19:08,543  INFO [LocalJobRunner Map Task Executor #0] exec.Utilities: Deserialized plan (via FILE) - name: null size: 5,28KB
2024-04-24T01:19:08,545  INFO [LocalJobRunner Map Task Executor #0] orc.OrcInputFormat: ORC pushdown predicate: leaf-(BETWEEN a 1 3)
2024-04-24T01:19:08,545  INFO [LocalJobRunner Map Task Executor #0] orc.OrcRawRecordMerger: min key = null, max key = null
2024-04-24T01:19:08,545  INFO [LocalJobRunner Map Task Executor #0] orc.ReaderImpl: Reading ORC rows from file:/home/alex/Repositories/hive/ql/target/tmp/org.apache.hadoop.hive.ql.TestTxnNoBuckets-1713946626176/warehouse/acidtbl/delta_0000001_0000001_0000/bucket_00001_0 with {include: [true, true, true], offset: 0, length: 704, sarg: leaf-(BETWEEN a 1 3), schema: struct<a:int,b:int>, includeAcidColumns: true}
2024-04-24T01:19:08,545  INFO [LocalJobRunner Map Task Executor #0] orc.OrcRawRecordMerger: updated min key = null, max key = null
2024-04-24T01:19:08,546  INFO [LocalJobRunner Map Task Executor #0] mapred.MapTask: numReduceTasks: 1
2024-04-24T01:19:08,559  INFO [LocalJobRunner Map Task Executor #0] mapred.MapTask: (EQUATOR) 0 kvi 26214396(104857584)
2024-04-24T01:19:08,559  INFO [LocalJobRunner Map Task Executor #0] mapred.MapTask: mapreduce.task.io.sort.mb: 100
2024-04-24T01:19:08,559  INFO [LocalJobRunner Map Task Executor #0] mapred.MapTask: soft limit at 83886080
2024-04-24T01:19:08,559  INFO [LocalJobRunner Map Task Executor #0] mapred.MapTask: bufstart = 0; bufvoid = 104857600
2024-04-24T01:19:08,559  INFO [LocalJobRunner Map Task Executor #0] mapred.MapTask: kvstart = 26214396; length = 6553600
2024-04-24T01:19:08,560  INFO [LocalJobRunner Map Task Executor #0] mapred.MapTask: Map output collector class = org.apache.hadoop.mapred.MapTask$MapOutputBuffer
2024-04-24T01:19:08,560  INFO [LocalJobRunner Map Task Executor #0] exec.MapOperator: Initializing Operator: MAP[0]
2024-04-24T01:19:08,561  INFO [LocalJobRunner Map Task Executor #0] mr.ExecMapper: 
<MAP>Id =0
  <Children>null
  <\Children>
  <Parent><\Parent>
<\MAP>
2024-04-24T01:19:08,562  INFO [LocalJobRunner Map Task Executor #0] exec.TableScanOperator: Initializing Operator: TS[0]
2024-04-24T01:19:08,562  INFO [LocalJobRunner Map Task Executor #0] exec.FilterOperator: Initializing Operator: FIL[13]
2024-04-24T01:19:08,562  INFO [LocalJobRunner Map Task Executor #0] exec.GroupByOperator: Initializing Operator: GBY[3]
2024-04-24T01:19:08,562  INFO [LocalJobRunner Map Task Executor #0] exec.GroupByOperator: Max hash table memory: 954466304 bytes
2024-04-24T01:19:08,562  INFO [LocalJobRunner Map Task Executor #0] exec.GroupByOperator: isTez: false isLlap: false numExecutors: 1 maxMemory: 1908932608
2024-04-24T01:19:08,562  INFO [LocalJobRunner Map Task Executor #0] exec.ReduceSinkOperator: Initializing Operator: RS[4]
2024-04-24T01:19:08,562  INFO [LocalJobRunner Map Task Executor #0] exec.ReduceSinkOperator: Using tag = -1
2024-04-24T01:19:08,563  INFO [LocalJobRunner Map Task Executor #0] exec.MapOperator: MAP[0]: records read - 1
2024-04-24T01:19:08,563  INFO [LocalJobRunner Map Task Executor #0] exec.MapOperator: Closing Operator: MAP[0]
2024-04-24T01:19:08,563  INFO [LocalJobRunner Map Task Executor #0] exec.MapOperator: MAP[0]: Total records read - 3. abort - false
2024-04-24T01:19:08,563  INFO [LocalJobRunner Map Task Executor #0] exec.MapOperator: DESERIALIZE_ERRORS:0, RECORDS_OUT_INTERMEDIATE:0, RECORDS_IN:3, RECORDS_OUT_OPERATOR_MAP_0:0, 
2024-04-24T01:19:08,563  INFO [LocalJobRunner Map Task Executor #0] exec.TableScanOperator: Closing Operator: TS[0]
2024-04-24T01:19:08,563  INFO [LocalJobRunner Map Task Executor #0] exec.TableScanOperator: RECORDS_OUT_OPERATOR_TS_0:3, RECORDS_OUT_INTERMEDIATE:0, 
2024-04-24T01:19:08,564  INFO [LocalJobRunner Map Task Executor #0] exec.FilterOperator: Closing Operator: FIL[13]
2024-04-24T01:19:08,564  INFO [LocalJobRunner Map Task Executor #0] exec.FilterOperator: RECORDS_OUT_INTERMEDIATE:0, RECORDS_OUT_OPERATOR_FIL_13:1, 
2024-04-24T01:19:08,564  INFO [LocalJobRunner Map Task Executor #0] exec.GroupByOperator: Closing Operator: GBY[3]
2024-04-24T01:19:08,564  INFO [LocalJobRunner Map Task Executor #0] exec.GroupByOperator: Begin Hash Table flush: size = 1
2024-04-24T01:19:08,564  INFO [LocalJobRunner Map Task Executor #0] exec.ReduceSinkOperator: keys are [_col0, _col1] num distributions: 2
2024-04-24T01:19:08,564  INFO [LocalJobRunner Map Task Executor #0] exec.ReduceSinkOperator: RS[4]: records written - 1
2024-04-24T01:19:08,564  INFO [LocalJobRunner Map Task Executor #0] exec.GroupByOperator: RECORDS_OUT_OPERATOR_GBY_3:1, RECORDS_OUT_INTERMEDIATE:0, 
2024-04-24T01:19:08,564  INFO [LocalJobRunner Map Task Executor #0] exec.ReduceSinkOperator: Closing Operator: RS[4]
2024-04-24T01:19:08,564  INFO [LocalJobRunner Map Task Executor #0] exec.ReduceSinkOperator: RS[4]: Total records written - 1. abort - false
2024-04-24T01:19:08,564  INFO [LocalJobRunner Map Task Executor #0] exec.ReduceSinkOperator: RECORDS_OUT_INTERMEDIATE:1, RECORDS_OUT_OPERATOR_RS_4:1, 
2024-04-24T01:19:08,565  INFO [LocalJobRunner Map Task Executor #0] mapred.LocalJobRunner: 
2024-04-24T01:19:08,565  INFO [LocalJobRunner Map Task Executor #0] mapred.MapTask: Starting flush of map output
2024-04-24T01:19:08,565  INFO [LocalJobRunner Map Task Executor #0] mapred.MapTask: Spilling map output
2024-04-24T01:19:08,565  INFO [LocalJobRunner Map Task Executor #0] mapred.MapTask: bufstart = 0; bufend = 19; bufvoid = 104857600
2024-04-24T01:19:08,565  INFO [LocalJobRunner Map Task Executor #0] mapred.MapTask: kvstart = 26214396(104857584); kvend = 26214396(104857584); length = 1/6553600
2024-04-24T01:19:08,575  INFO [LocalJobRunner Map Task Executor #0] mapred.MapTask: Finished spill 0
2024-04-24T01:19:08,578  INFO [LocalJobRunner Map Task Executor #0] mapred.Task: Task:attempt_local1368713955_0050_m_000000_0 is done. And is in the process of committing
2024-04-24T01:19:08,579  INFO [LocalJobRunner Map Task Executor #0] mapred.LocalJobRunner: OrcSplit [file:/home/alex/Repositories/hive/ql/target/tmp/org.apache.hadoop.hive.ql.TestTxnNoBuckets-1713946626176/warehouse/acidtbl/delta_0000001_0000001_0000/bucket_00001_0, start=0, length=704, isOriginal=false, fileLength=704, hasFooter=false, hasBase=true, deltas=0]
2024-04-24T01:19:08,579  INFO [LocalJobRunner Map Task Executor #0] mapred.Task: Task 'attempt_local1368713955_0050_m_000000_0' done.
2024-04-24T01:19:08,579  INFO [LocalJobRunner Map Task Executor #0] mapred.Task: Final Counters for attempt_local1368713955_0050_m_000000_0: Counters: 25
	File System Counters
		FILE: Number of bytes read=1138949
		FILE: Number of bytes written=58946328
		FILE: Number of read operations=0
		FILE: Number of large read operations=0
		FILE: Number of write operations=0
	Map-Reduce Framework
		Map input records=3
		Map output records=1
		Map output bytes=19
		Map output materialized bytes=27
		Input split bytes=497
		Combine input records=0
		Spilled Records=1
		Failed Shuffles=0
		Merged Map outputs=0
		GC time elapsed (ms)=8
		Total committed heap usage (bytes)=1351090176
	HIVE
		DESERIALIZE_ERRORS=0
		RECORDS_IN=3
		RECORDS_OUT_INTERMEDIATE=1
		RECORDS_OUT_OPERATOR_FIL_13=1
		RECORDS_OUT_OPERATOR_GBY_3=1
		RECORDS_OUT_OPERATOR_MAP_0=0
		RECORDS_OUT_OPERATOR_RS_4=1
		RECORDS_OUT_OPERATOR_TS_0=3
	File Input Format Counters 
		Bytes Read=8954
2024-04-24T01:19:08,579  INFO [LocalJobRunner Map Task Executor #0] mapred.LocalJobRunner: Finishing task: attempt_local1368713955_0050_m_000000_0
2024-04-24T01:19:08,579  INFO [LocalJobRunner Map Task Executor #0] mapred.LocalJobRunner: Starting task: attempt_local1368713955_0050_m_000001_0
2024-04-24T01:19:08,580  INFO [LocalJobRunner Map Task Executor #0] mapred.Task:  Using ResourceCalculatorProcessTree : [ ]
2024-04-24T01:19:08,580  INFO [LocalJobRunner Map Task Executor #0] mapred.MapTask: Processing split: org.apache.hadoop.hive.ql.io.orc.OrcInputFormat:OrcSplit [file:/home/alex/Repositories/hive/ql/target/tmp/org.apache.hadoop.hive.ql.TestTxnNoBuckets-1713946626176/warehouse/acidtbl/delta_0000001_0000001_0000/bucket_00000_0, start=0, length=688, isOriginal=false, fileLength=688, hasFooter=false, hasBase=true, deltas=0]
2024-04-24T01:19:08,581  INFO [LocalJobRunner Map Task Executor #0] exec.SerializationUtilities: Deserializing MapWork using kryo
2024-04-24T01:19:08,581  INFO [LocalJobRunner Map Task Executor #0] exec.Utilities: Deserialized plan (via FILE) - name: null size: 5,28KB
2024-04-24T01:19:08,583  INFO [LocalJobRunner Map Task Executor #0] orc.OrcInputFormat: ORC pushdown predicate: leaf-(BETWEEN a 1 3)
2024-04-24T01:19:08,583  INFO [LocalJobRunner Map Task Executor #0] orc.OrcRawRecordMerger: min key = null, max key = null
2024-04-24T01:19:08,583  INFO [LocalJobRunner Map Task Executor #0] orc.ReaderImpl: Reading ORC rows from file:/home/alex/Repositories/hive/ql/target/tmp/org.apache.hadoop.hive.ql.TestTxnNoBuckets-1713946626176/warehouse/acidtbl/delta_0000001_0000001_0000/bucket_00000_0 with {include: [true, true, true], offset: 0, length: 688, sarg: leaf-(BETWEEN a 1 3), schema: struct<a:int,b:int>, includeAcidColumns: true}
2024-04-24T01:19:08,584  INFO [LocalJobRunner Map Task Executor #0] orc.OrcRawRecordMerger: updated min key = null, max key = null
2024-04-24T01:19:08,584  INFO [LocalJobRunner Map Task Executor #0] mapred.MapTask: numReduceTasks: 1
2024-04-24T01:19:08,590  INFO [LocalJobRunner Map Task Executor #0] mapred.MapTask: (EQUATOR) 0 kvi 26214396(104857584)
2024-04-24T01:19:08,590  INFO [LocalJobRunner Map Task Executor #0] mapred.MapTask: mapreduce.task.io.sort.mb: 100
2024-04-24T01:19:08,590  INFO [LocalJobRunner Map Task Executor #0] mapred.MapTask: soft limit at 83886080
2024-04-24T01:19:08,590  INFO [LocalJobRunner Map Task Executor #0] mapred.MapTask: bufstart = 0; bufvoid = 104857600
2024-04-24T01:19:08,590  INFO [LocalJobRunner Map Task Executor #0] mapred.MapTask: kvstart = 26214396; length = 6553600
2024-04-24T01:19:08,591  INFO [LocalJobRunner Map Task Executor #0] mapred.MapTask: Map output collector class = org.apache.hadoop.mapred.MapTask$MapOutputBuffer
2024-04-24T01:19:08,591  INFO [LocalJobRunner Map Task Executor #0] exec.MapOperator: Initializing Operator: MAP[0]
2024-04-24T01:19:08,593  INFO [LocalJobRunner Map Task Executor #0] mr.ExecMapper: 
<MAP>Id =0
  <Children>null
  <\Children>
  <Parent><\Parent>
<\MAP>
2024-04-24T01:19:08,593  INFO [LocalJobRunner Map Task Executor #0] exec.TableScanOperator: Initializing Operator: TS[0]
2024-04-24T01:19:08,594  INFO [LocalJobRunner Map Task Executor #0] exec.FilterOperator: Initializing Operator: FIL[13]
2024-04-24T01:19:08,594  INFO [LocalJobRunner Map Task Executor #0] exec.GroupByOperator: Initializing Operator: GBY[3]
2024-04-24T01:19:08,594  INFO [LocalJobRunner Map Task Executor #0] exec.GroupByOperator: Max hash table memory: 954466304 bytes
2024-04-24T01:19:08,594  INFO [LocalJobRunner Map Task Executor #0] exec.GroupByOperator: isTez: false isLlap: false numExecutors: 1 maxMemory: 1908932608
2024-04-24T01:19:08,594  INFO [LocalJobRunner Map Task Executor #0] exec.ReduceSinkOperator: Initializing Operator: RS[4]
2024-04-24T01:19:08,594  INFO [LocalJobRunner Map Task Executor #0] exec.ReduceSinkOperator: Using tag = -1
2024-04-24T01:19:08,594  INFO [LocalJobRunner Map Task Executor #0] exec.MapOperator: MAP[0]: records read - 1
2024-04-24T01:19:08,595  INFO [LocalJobRunner Map Task Executor #0] exec.MapOperator: Closing Operator: MAP[0]
2024-04-24T01:19:08,595  INFO [LocalJobRunner Map Task Executor #0] exec.MapOperator: MAP[0]: Total records read - 2. abort - false
2024-04-24T01:19:08,595  INFO [LocalJobRunner Map Task Executor #0] exec.MapOperator: DESERIALIZE_ERRORS:0, RECORDS_OUT_INTERMEDIATE:0, RECORDS_OUT_OPERATOR_MAP_0:0, RECORDS_IN:2, 
2024-04-24T01:19:08,595  INFO [LocalJobRunner Map Task Executor #0] exec.TableScanOperator: Closing Operator: TS[0]
2024-04-24T01:19:08,595  INFO [LocalJobRunner Map Task Executor #0] exec.TableScanOperator: RECORDS_OUT_INTERMEDIATE:0, RECORDS_OUT_OPERATOR_TS_0:2, 
2024-04-24T01:19:08,595  INFO [LocalJobRunner Map Task Executor #0] exec.FilterOperator: Closing Operator: FIL[13]
2024-04-24T01:19:08,595  INFO [LocalJobRunner Map Task Executor #0] exec.FilterOperator: RECORDS_OUT_OPERATOR_FIL_13:1, RECORDS_OUT_INTERMEDIATE:0, 
2024-04-24T01:19:08,595  INFO [LocalJobRunner Map Task Executor #0] exec.GroupByOperator: Closing Operator: GBY[3]
2024-04-24T01:19:08,595  INFO [LocalJobRunner Map Task Executor #0] exec.GroupByOperator: Begin Hash Table flush: size = 1
2024-04-24T01:19:08,595  INFO [LocalJobRunner Map Task Executor #0] exec.ReduceSinkOperator: keys are [_col0, _col1] num distributions: 2
2024-04-24T01:19:08,595  INFO [LocalJobRunner Map Task Executor #0] exec.ReduceSinkOperator: RS[4]: records written - 1
2024-04-24T01:19:08,595  INFO [LocalJobRunner Map Task Executor #0] exec.GroupByOperator: RECORDS_OUT_OPERATOR_GBY_3:1, RECORDS_OUT_INTERMEDIATE:0, 
2024-04-24T01:19:08,595  INFO [LocalJobRunner Map Task Executor #0] exec.ReduceSinkOperator: Closing Operator: RS[4]
2024-04-24T01:19:08,595  INFO [LocalJobRunner Map Task Executor #0] exec.ReduceSinkOperator: RS[4]: Total records written - 1. abort - false
2024-04-24T01:19:08,595  INFO [LocalJobRunner Map Task Executor #0] exec.ReduceSinkOperator: RECORDS_OUT_INTERMEDIATE:1, RECORDS_OUT_OPERATOR_RS_4:1, 
2024-04-24T01:19:08,596  INFO [LocalJobRunner Map Task Executor #0] mapred.LocalJobRunner: 
2024-04-24T01:19:08,596  INFO [LocalJobRunner Map Task Executor #0] mapred.MapTask: Starting flush of map output
2024-04-24T01:19:08,596  INFO [LocalJobRunner Map Task Executor #0] mapred.MapTask: Spilling map output
2024-04-24T01:19:08,596  INFO [LocalJobRunner Map Task Executor #0] mapred.MapTask: bufstart = 0; bufend = 19; bufvoid = 104857600
2024-04-24T01:19:08,596  INFO [LocalJobRunner Map Task Executor #0] mapred.MapTask: kvstart = 26214396(104857584); kvend = 26214396(104857584); length = 1/6553600
2024-04-24T01:19:08,604  INFO [LocalJobRunner Map Task Executor #0] mapred.MapTask: Finished spill 0
2024-04-24T01:19:08,607  INFO [LocalJobRunner Map Task Executor #0] mapred.Task: Task:attempt_local1368713955_0050_m_000001_0 is done. And is in the process of committing
2024-04-24T01:19:08,608  INFO [LocalJobRunner Map Task Executor #0] mapred.LocalJobRunner: OrcSplit [file:/home/alex/Repositories/hive/ql/target/tmp/org.apache.hadoop.hive.ql.TestTxnNoBuckets-1713946626176/warehouse/acidtbl/delta_0000001_0000001_0000/bucket_00000_0, start=0, length=688, isOriginal=false, fileLength=688, hasFooter=false, hasBase=true, deltas=0]
2024-04-24T01:19:08,608  INFO [LocalJobRunner Map Task Executor #0] mapred.Task: Task 'attempt_local1368713955_0050_m_000001_0' done.
2024-04-24T01:19:08,608  INFO [LocalJobRunner Map Task Executor #0] mapred.Task: Final Counters for attempt_local1368713955_0050_m_000001_0: Counters: 25
	File System Counters
		FILE: Number of bytes read=1148840
		FILE: Number of bytes written=58946387
		FILE: Number of read operations=0
		FILE: Number of large read operations=0
		FILE: Number of write operations=0
	Map-Reduce Framework
		Map input records=2
		Map output records=1
		Map output bytes=19
		Map output materialized bytes=27
		Input split bytes=497
		Combine input records=0
		Spilled Records=1
		Failed Shuffles=0
		Merged Map outputs=0
		GC time elapsed (ms)=0
		Total committed heap usage (bytes)=1351090176
	HIVE
		DESERIALIZE_ERRORS=0
		RECORDS_IN=2
		RECORDS_OUT_INTERMEDIATE=1
		RECORDS_OUT_OPERATOR_FIL_13=1
		RECORDS_OUT_OPERATOR_GBY_3=1
		RECORDS_OUT_OPERATOR_MAP_0=0
		RECORDS_OUT_OPERATOR_RS_4=1
		RECORDS_OUT_OPERATOR_TS_0=2
	File Input Format Counters 
		Bytes Read=8874
2024-04-24T01:19:08,608  INFO [LocalJobRunner Map Task Executor #0] mapred.LocalJobRunner: Finishing task: attempt_local1368713955_0050_m_000001_0
2024-04-24T01:19:08,608  INFO [Thread-3247] mapred.LocalJobRunner: map task executor complete.
2024-04-24T01:19:08,609  INFO [Thread-3247] mapred.LocalJobRunner: Waiting for reduce tasks
2024-04-24T01:19:08,609  INFO [pool-217-thread-1] mapred.LocalJobRunner: Starting task: attempt_local1368713955_0050_r_000000_0
2024-04-24T01:19:08,610  INFO [pool-217-thread-1] mapred.Task:  Using ResourceCalculatorProcessTree : [ ]
2024-04-24T01:19:08,610  INFO [pool-217-thread-1] mapred.ReduceTask: Using ShuffleConsumerPlugin: org.apache.hadoop.mapreduce.task.reduce.Shuffle@55eb10e3
2024-04-24T01:19:08,610  WARN [pool-217-thread-1] impl.MetricsSystemImpl: JobTracker metrics system already initialized!
2024-04-24T01:19:08,610  INFO [pool-217-thread-1] reduce.MergeManagerImpl: MergerManager: memoryLimit=1336252800, maxSingleShuffleLimit=334063200, mergeThreshold=881926912, ioSortFactor=10, memToMemMergeOutputsThreshold=10
2024-04-24T01:19:08,611  INFO [EventFetcher for fetching Map Completion Events] reduce.EventFetcher: attempt_local1368713955_0050_r_000000_0 Thread started: EventFetcher for fetching Map Completion Events
2024-04-24T01:19:08,614  INFO [localfetcher#31] reduce.LocalFetcher: localfetcher#31 about to shuffle output of map attempt_local1368713955_0050_m_000000_0 decomp: 23 len: 27 to MEMORY
2024-04-24T01:19:08,615  INFO [localfetcher#31] reduce.InMemoryMapOutput: Read 23 bytes from map-output for attempt_local1368713955_0050_m_000000_0
2024-04-24T01:19:08,615  INFO [localfetcher#31] reduce.MergeManagerImpl: closeInMemoryFile -> map-output of size: 23, inMemoryMapOutputs.size() -> 1, commitMemory -> 0, usedMemory ->23
2024-04-24T01:19:08,617  INFO [localfetcher#31] reduce.LocalFetcher: localfetcher#31 about to shuffle output of map attempt_local1368713955_0050_m_000001_0 decomp: 23 len: 27 to MEMORY
2024-04-24T01:19:08,617  INFO [localfetcher#31] reduce.InMemoryMapOutput: Read 23 bytes from map-output for attempt_local1368713955_0050_m_000001_0
2024-04-24T01:19:08,617  INFO [localfetcher#31] reduce.MergeManagerImpl: closeInMemoryFile -> map-output of size: 23, inMemoryMapOutputs.size() -> 2, commitMemory -> 23, usedMemory ->46
2024-04-24T01:19:08,618  INFO [EventFetcher for fetching Map Completion Events] reduce.EventFetcher: EventFetcher is interrupted.. Returning
2024-04-24T01:19:08,618  INFO [pool-217-thread-1] mapred.LocalJobRunner: 2 / 2 copied.
2024-04-24T01:19:08,618  INFO [pool-217-thread-1] reduce.MergeManagerImpl: finalMerge called with 2 in-memory map-outputs and 0 on-disk map-outputs
2024-04-24T01:19:08,624  INFO [pool-217-thread-1] mapred.Merger: Merging 2 sorted segments
2024-04-24T01:19:08,624  INFO [pool-217-thread-1] mapred.Merger: Down to the last merge-pass, with 2 segments left of total size: 12 bytes
2024-04-24T01:19:08,627  INFO [pool-217-thread-1] reduce.MergeManagerImpl: Merged 2 segments, 46 bytes to disk to satisfy reduce memory limit
2024-04-24T01:19:08,627  INFO [pool-217-thread-1] reduce.MergeManagerImpl: Merging 1 files, 48 bytes from disk
2024-04-24T01:19:08,627  INFO [pool-217-thread-1] reduce.MergeManagerImpl: Merging 0 segments, 0 bytes from memory into reduce
2024-04-24T01:19:08,627  INFO [pool-217-thread-1] mapred.Merger: Merging 1 sorted segments
2024-04-24T01:19:08,627  INFO [pool-217-thread-1] mapred.Merger: Down to the last merge-pass, with 1 segments left of total size: 27 bytes
2024-04-24T01:19:08,627  INFO [pool-217-thread-1] mapred.LocalJobRunner: 2 / 2 copied.
2024-04-24T01:19:08,628  INFO [pool-217-thread-1] exec.SerializationUtilities: Deserializing ReduceWork using kryo
2024-04-24T01:19:08,629  INFO [pool-217-thread-1] exec.Utilities: Deserialized plan (via FILE) - name: null size: 6,89KB
2024-04-24T01:19:08,631  INFO [pool-217-thread-1] ExecReducer: 
<GBY>Id =5
  <Children>
    <SEL>Id =6
      <Children>
        <FS>Id =17
          <Children>
          <\Children>
          <Parent>Id = 6 null<\Parent>
        <\FS>
      <\Children>
      <Parent>Id = 5 null<\Parent>
    <\SEL>
  <\Children>
  <Parent><\Parent>
<\GBY>
2024-04-24T01:19:08,631  INFO [pool-217-thread-1] exec.GroupByOperator: Initializing Operator: GBY[5]
2024-04-24T01:19:08,631  INFO [pool-217-thread-1] exec.GroupByOperator: isTez: false isLlap: false numExecutors: 1 maxMemory: 1908932608
2024-04-24T01:19:08,631  INFO [pool-217-thread-1] exec.SelectOperator: Initializing Operator: SEL[6]
2024-04-24T01:19:08,631  INFO [pool-217-thread-1] exec.SelectOperator: SELECT struct<_col0:int,_col1:int>
2024-04-24T01:19:08,631  INFO [pool-217-thread-1] exec.FileSinkOperator: Initializing Operator: FS[17]
2024-04-24T01:19:08,632  INFO [pool-217-thread-1] exec.FileSinkOperator: Using serializer : AbstractSerDe [log=org.apache.logging.slf4j.Log4jLogger@48b320a7, configuration=Optional[Configuration: core-default.xml, core-site.xml, mapred-default.xml, mapred-site.xml, yarn-default.xml, yarn-site.xml, hdfs-default.xml, hdfs-site.xml, file:/home/alex/Repositories/hive/ql/target/tmp/TestTxnNoBuckets/mapred/local/localRunner/alex/job_local1368713955_0050/job_local1368713955_0050.xml], properties={name=default.t, columns.types=int:int, serialization.format=1, columns=a,b, numFilesErasureCoded=0, columns.comments=&amp#0;, bucketing_version=2, serialization.lib=org.apache.hadoop.hive.ql.io.orc.OrcSerde, file.inputformat=org.apache.hadoop.hive.ql.io.orc.OrcInputFormat, file.outputformat=org.apache.hadoop.hive.ql.io.orc.OrcOutputFormat, location=file:/home/alex/Repositories/hive/ql/target/tmp/org.apache.hadoop.hive.ql.TestTxnNoBuckets-1713946626176/warehouse/t, column.name.delimiter=,}, tableProperties={name=default.t, columns.types=int:int, serialization.format=1, columns=a,b, numFilesErasureCoded=0, columns.comments=&amp#0;, bucketing_version=2, serialization.lib=org.apache.hadoop.hive.ql.io.orc.OrcSerde, file.inputformat=org.apache.hadoop.hive.ql.io.orc.OrcInputFormat, location=file:/home/alex/Repositories/hive/ql/target/tmp/org.apache.hadoop.hive.ql.TestTxnNoBuckets-1713946626176/warehouse/t, file.outputformat=org.apache.hadoop.hive.ql.io.orc.OrcOutputFormat, column.name.delimiter=,}, partitionProperties=Optional.empty, columnNames=[a, b], columnTypes=[int, int], getClass()=class org.apache.hadoop.hive.ql.io.orc.OrcSerde] and formatter : org.apache.hadoop.hive.ql.io.orc.OrcOutputFormat@69105ad8
2024-04-24T01:19:08,632  INFO [pool-217-thread-1] exec.FileSinkOperator: Final Path: FS file:/home/alex/Repositories/hive/ql/target/tmp/org.apache.hadoop.hive.ql.TestTxnNoBuckets-1713946626176/warehouse/t/.hive-staging_hive_2024-04-24_01-19-07_952_2564775686913420274-1/-ext-10000/_tmp.HIVE_UNION_SUBDIR_15/000000_0
2024-04-24T01:19:08,633  INFO [pool-217-thread-1] exec.FileSinkOperator: Writing to temp file: FS file:/home/alex/Repositories/hive/ql/target/tmp/org.apache.hadoop.hive.ql.TestTxnNoBuckets-1713946626176/warehouse/t/.hive-staging_hive_2024-04-24_01-19-07_952_2564775686913420274-1/-ext-10000/_task_tmp.HIVE_UNION_SUBDIR_15/_tmp.000000_0
2024-04-24T01:19:08,633  INFO [pool-217-thread-1] exec.FileSinkOperator: New Final Path: FS file:/home/alex/Repositories/hive/ql/target/tmp/org.apache.hadoop.hive.ql.TestTxnNoBuckets-1713946626176/warehouse/t/.hive-staging_hive_2024-04-24_01-19-07_952_2564775686913420274-1/-ext-10000/_tmp.HIVE_UNION_SUBDIR_15/000000_0
2024-04-24T01:19:08,633  INFO [pool-217-thread-1] exec.FileSinkOperator: FS[17]: records written - 1
2024-04-24T01:19:08,633  INFO [pool-217-thread-1] impl.PhysicalFsWriter: ORC writer created for path: file:/home/alex/Repositories/hive/ql/target/tmp/org.apache.hadoop.hive.ql.TestTxnNoBuckets-1713946626176/warehouse/t/.hive-staging_hive_2024-04-24_01-19-07_952_2564775686913420274-1/-ext-10000/_task_tmp.HIVE_UNION_SUBDIR_15/_tmp.000000_0 with stripeSize: 67108864 blockSize: 268435456 compression: Compress: ZLIB buffer: 262144
2024-04-24T01:19:08,640  INFO [pool-217-thread-1] impl.WriterImpl: ORC writer created for path: file:/home/alex/Repositories/hive/ql/target/tmp/org.apache.hadoop.hive.ql.TestTxnNoBuckets-1713946626176/warehouse/t/.hive-staging_hive_2024-04-24_01-19-07_952_2564775686913420274-1/-ext-10000/_task_tmp.HIVE_UNION_SUBDIR_15/_tmp.000000_0 with stripeSize: 67108864 options: Compress: ZLIB buffer: 262144
2024-04-24T01:19:08,640  INFO [pool-217-thread-1] exec.GroupByOperator: Closing Operator: GBY[5]
2024-04-24T01:19:08,640  INFO [pool-217-thread-1] exec.GroupByOperator: RECORDS_OUT_OPERATOR_GBY_5:2, RECORDS_OUT_INTERMEDIATE:0, 
2024-04-24T01:19:08,641  INFO [pool-217-thread-1] exec.SelectOperator: Closing Operator: SEL[6]
2024-04-24T01:19:08,641  INFO [pool-217-thread-1] exec.SelectOperator: RECORDS_OUT_OPERATOR_SEL_6:2, RECORDS_OUT_INTERMEDIATE:0, 
2024-04-24T01:19:08,641  INFO [pool-217-thread-1] exec.FileSinkOperator: Closing Operator: FS[17]
2024-04-24T01:19:08,641  INFO [pool-217-thread-1] exec.FileSinkOperator: FS[17]: records written - 2
2024-04-24T01:19:08,648  INFO [pool-217-thread-1] exec.FileSinkOperator: RECORDS_OUT_INTERMEDIATE:0, TOTAL_TABLE_ROWS_WRITTEN:2, RECORDS_OUT_1_default.t:2, RECORDS_OUT_OPERATOR_FS_17:2, 
2024-04-24T01:19:08,648  INFO [pool-217-thread-1] mapred.Task: Task:attempt_local1368713955_0050_r_000000_0 is done. And is in the process of committing
2024-04-24T01:19:08,649  INFO [pool-217-thread-1] mapred.LocalJobRunner: reduce > reduce
2024-04-24T01:19:08,649  INFO [pool-217-thread-1] mapred.Task: Task 'attempt_local1368713955_0050_r_000000_0' done.
2024-04-24T01:19:08,649  INFO [pool-217-thread-1] mapred.Task: Final Counters for attempt_local1368713955_0050_r_000000_0: Counters: 31
	File System Counters
		FILE: Number of bytes read=1155961
		FILE: Number of bytes written=58946780
		FILE: Number of read operations=0
		FILE: Number of large read operations=0
		FILE: Number of write operations=0
	Map-Reduce Framework
		Combine input records=0
		Combine output records=0
		Reduce input groups=2
		Reduce shuffle bytes=54
		Reduce input records=2
		Reduce output records=0
		Spilled Records=2
		Shuffled Maps =2
		Failed Shuffles=0
		Merged Map outputs=2
		GC time elapsed (ms)=0
		Total committed heap usage (bytes)=1351090176
	HIVE
		CREATED_FILES=1
		RECORDS_OUT_1_default.t=2
		RECORDS_OUT_INTERMEDIATE=0
		RECORDS_OUT_OPERATOR_FS_17=2
		RECORDS_OUT_OPERATOR_GBY_5=2
		RECORDS_OUT_OPERATOR_SEL_6=2
		TOTAL_TABLE_ROWS_WRITTEN=2
	Shuffle Errors
		BAD_ID=0
		CONNECTION=0
		IO_ERROR=0
		WRONG_LENGTH=0
		WRONG_MAP=0
		WRONG_REDUCE=0
	File Output Format Counters 
		Bytes Written=0
2024-04-24T01:19:08,649  INFO [pool-217-thread-1] mapred.LocalJobRunner: Finishing task: attempt_local1368713955_0050_r_000000_0
2024-04-24T01:19:08,649  INFO [Thread-3247] mapred.LocalJobRunner: reduce task executor complete.
2024-04-24 01:19:09,541 Stage-1 map = 100%,  reduce = 100%
2024-04-24T01:19:09,541  INFO [main] exec.Task: 2024-04-24 01:19:09,541 Stage-1 map = 100%,  reduce = 100%
Ended Job = job_local1368713955_0050
2024-04-24T01:19:09,542  INFO [main] exec.Task: Ended Job = job_local1368713955_0050
Launching Job 2 out of 2
2024-04-24T01:19:09,544  INFO [main] ql.Driver: Launching Job 2 out of 2
2024-04-24T01:19:09,700  INFO [main] ql.Driver: Starting task [Stage-3:MAPRED] in serial mode
Number of reduce tasks is set to 0 since there's no reduce operator
2024-04-24T01:19:09,700  INFO [main] exec.Task: Number of reduce tasks is set to 0 since there's no reduce operator
2024-04-24T01:19:09,703  INFO [main] mr.ExecDriver: Using org.apache.hadoop.hive.ql.io.HiveInputFormat
2024-04-24T01:19:09,703  INFO [main] exec.Utilities: Processing alias $hdt$_0-subquery2:acidtbl
2024-04-24T01:19:09,703  INFO [main] exec.Utilities: Adding 1 inputs; the first input is file:/home/alex/Repositories/hive/ql/target/tmp/org.apache.hadoop.hive.ql.TestTxnNoBuckets-1713946626176/warehouse/acidtbl
2024-04-24T01:19:09,712  INFO [main] exec.SerializationUtilities: Serializing MapWork using kryo
2024-04-24T01:19:09,713  INFO [main] exec.Utilities: Serialized plan (via FILE) - name: null size: 6,14KB
2024-04-24T01:19:09,714  WARN [main] impl.MetricsSystemImpl: JobTracker metrics system already initialized!
2024-04-24T01:19:09,720  WARN [main] impl.MetricsSystemImpl: JobTracker metrics system already initialized!
2024-04-24T01:19:09,729  WARN [main] mapreduce.JobResourceUploader: Hadoop command-line option parsing not performed. Implement the Tool interface and execute your application with ToolRunner to remedy this.
2024-04-24T01:19:09,734  WARN [main] mapreduce.JobResourceUploader: No job jar file set.  User classes may not be found. See Job or Job#setJar(String).
2024-04-24T01:19:09,736  INFO [main] io.HiveInputFormat: hive.io.file.readcolumn.ids = 0,1
2024-04-24T01:19:09,736  INFO [main] io.HiveInputFormat: hive.io.file.readcolumn.names = a,b
2024-04-24T01:19:09,736  INFO [main] io.HiveInputFormat: Generating splits for dirs: file:/home/alex/Repositories/hive/ql/target/tmp/org.apache.hadoop.hive.ql.TestTxnNoBuckets-1713946626176/warehouse/acidtbl
2024-04-24T01:19:09,736  INFO [main] orc.OrcInputFormat: getSplits started
2024-04-24T01:19:09,736  INFO [main] orc.OrcInputFormat: Context:: isAcid: true isVectorMode: false sarg: leaf-(BETWEEN a 5 7) minSplitSize: 1 maxSplitSize: 256000000 splitStrategy: HYBRID footerInSplits: false numBuckets: 2 numThreads: 10 cacheMemSize: 268435456 cacheStripeDetails: true useSoftReference: false writeIdList: default.acidtbl:1:9223372036854775807:: isTransactionalTable: true txnProperties: default 
2024-04-24T01:19:09,736  INFO [main] orc.OrcInputFormat: ORC pushdown predicate: leaf-(BETWEEN a 5 7)
2024-04-24T01:19:09,748  INFO [main] orc.OrcInputFormat: FooterCacheHitRatio: 0/2
2024-04-24T01:19:09,748  INFO [main] orc.OrcInputFormat: getSplits finished (#splits: 2). duration: 12 ms
2024-04-24T01:19:09,748  INFO [main] io.HiveInputFormat: number of splits 2
2024-04-24T01:19:09,767  INFO [main] mapreduce.JobSubmitter: number of splits:2
2024-04-24T01:19:09,787  INFO [main] mapreduce.JobSubmitter: Submitting tokens for job: job_local799606843_0051
2024-04-24T01:19:09,787  INFO [main] mapreduce.JobSubmitter: Executing with tokens: []
2024-04-24T01:19:09,887  INFO [main] mapreduce.Job: The url to track the job: http://localhost:8080/
Job running in-process (local Hadoop)
2024-04-24T01:19:09,887  INFO [main] exec.Task: Job running in-process (local Hadoop)
2024-04-24T01:19:09,888  INFO [Thread-3299] mapred.LocalJobRunner: OutputCommitter set in config org.apache.hadoop.hive.ql.io.HiveFileFormatUtils$NullOutputCommitter
2024-04-24T01:19:09,888  INFO [Thread-3299] mapred.LocalJobRunner: OutputCommitter is org.apache.hadoop.hive.ql.io.HiveFileFormatUtils$NullOutputCommitter
2024-04-24T01:19:09,890  INFO [Thread-3299] mapred.LocalJobRunner: Waiting for map tasks
2024-04-24T01:19:09,890  INFO [LocalJobRunner Map Task Executor #0] mapred.LocalJobRunner: Starting task: attempt_local799606843_0051_m_000000_0
2024-04-24T01:19:09,890  INFO [LocalJobRunner Map Task Executor #0] mapred.Task:  Using ResourceCalculatorProcessTree : [ ]
2024-04-24T01:19:09,891  INFO [LocalJobRunner Map Task Executor #0] mapred.MapTask: Processing split: org.apache.hadoop.hive.ql.io.orc.OrcInputFormat:OrcSplit [file:/home/alex/Repositories/hive/ql/target/tmp/org.apache.hadoop.hive.ql.TestTxnNoBuckets-1713946626176/warehouse/acidtbl/delta_0000001_0000001_0000/bucket_00001_0, start=0, length=704, isOriginal=false, fileLength=704, hasFooter=false, hasBase=true, deltas=0]
2024-04-24T01:19:09,891  INFO [LocalJobRunner Map Task Executor #0] exec.SerializationUtilities: Deserializing MapWork using kryo
2024-04-24T01:19:09,892  INFO [LocalJobRunner Map Task Executor #0] exec.Utilities: Deserialized plan (via FILE) - name: null size: 6,14KB
2024-04-24T01:19:09,893  INFO [LocalJobRunner Map Task Executor #0] orc.OrcInputFormat: ORC pushdown predicate: leaf-(BETWEEN a 5 7)
2024-04-24T01:19:09,893  INFO [LocalJobRunner Map Task Executor #0] orc.OrcRawRecordMerger: min key = null, max key = null
2024-04-24T01:19:09,893  INFO [LocalJobRunner Map Task Executor #0] orc.ReaderImpl: Reading ORC rows from file:/home/alex/Repositories/hive/ql/target/tmp/org.apache.hadoop.hive.ql.TestTxnNoBuckets-1713946626176/warehouse/acidtbl/delta_0000001_0000001_0000/bucket_00001_0 with {include: [true, true, true], offset: 0, length: 704, sarg: leaf-(BETWEEN a 5 7), schema: struct<a:int,b:int>, includeAcidColumns: true}
2024-04-24T01:19:09,894  INFO [LocalJobRunner Map Task Executor #0] orc.OrcRawRecordMerger: updated min key = null, max key = null
2024-04-24T01:19:09,894  INFO [LocalJobRunner Map Task Executor #0] mapred.MapTask: numReduceTasks: 0
2024-04-24T01:19:09,894  INFO [LocalJobRunner Map Task Executor #0] exec.MapOperator: Initializing Operator: MAP[0]
2024-04-24T01:19:09,895  INFO [LocalJobRunner Map Task Executor #0] mr.ExecMapper: 
<MAP>Id =0
  <Children>
    <TS>Id =7
      <Children>
        <FIL>Id =14
          <Children>
            <SEL>Id =9
              <Children>
                <FS>Id =18
                  <Children>
                  <\Children>
                  <Parent>Id = 9 null<\Parent>
                <\FS>
              <\Children>
              <Parent>Id = 14 null<\Parent>
            <\SEL>
          <\Children>
          <Parent>Id = 7 null<\Parent>
        <\FIL>
      <\Children>
      <Parent>Id = 0 null<\Parent>
    <\TS>
  <\Children>
  <Parent><\Parent>
<\MAP>
2024-04-24T01:19:09,896  INFO [LocalJobRunner Map Task Executor #0] exec.TableScanOperator: Initializing Operator: TS[7]
2024-04-24T01:19:09,896  INFO [LocalJobRunner Map Task Executor #0] exec.FilterOperator: Initializing Operator: FIL[14]
2024-04-24T01:19:09,896  INFO [LocalJobRunner Map Task Executor #0] exec.SelectOperator: Initializing Operator: SEL[9]
2024-04-24T01:19:09,896  INFO [LocalJobRunner Map Task Executor #0] exec.SelectOperator: SELECT struct<a:int,b:int>
2024-04-24T01:19:09,896  INFO [LocalJobRunner Map Task Executor #0] exec.FileSinkOperator: Initializing Operator: FS[18]
2024-04-24T01:19:09,897  INFO [LocalJobRunner Map Task Executor #0] exec.FileSinkOperator: Using serializer : AbstractSerDe [log=org.apache.logging.slf4j.Log4jLogger@48b320a7, configuration=Optional[Configuration: core-default.xml, core-site.xml, mapred-default.xml, mapred-site.xml, yarn-default.xml, yarn-site.xml, hdfs-default.xml, hdfs-site.xml, file:/home/alex/Repositories/hive/ql/target/tmp/TestTxnNoBuckets/mapred/local/localRunner/alex/job_local799606843_0051/job_local799606843_0051.xml], properties={name=default.t, columns.types=int:int, serialization.format=1, columns=a,b, numFilesErasureCoded=0, columns.comments=&amp#0;, bucketing_version=2, serialization.lib=org.apache.hadoop.hive.ql.io.orc.OrcSerde, file.inputformat=org.apache.hadoop.hive.ql.io.orc.OrcInputFormat, file.outputformat=org.apache.hadoop.hive.ql.io.orc.OrcOutputFormat, location=file:/home/alex/Repositories/hive/ql/target/tmp/org.apache.hadoop.hive.ql.TestTxnNoBuckets-1713946626176/warehouse/t, column.name.delimiter=,}, tableProperties={name=default.t, columns.types=int:int, serialization.format=1, columns=a,b, numFilesErasureCoded=0, columns.comments=&amp#0;, bucketing_version=2, serialization.lib=org.apache.hadoop.hive.ql.io.orc.OrcSerde, file.inputformat=org.apache.hadoop.hive.ql.io.orc.OrcInputFormat, location=file:/home/alex/Repositories/hive/ql/target/tmp/org.apache.hadoop.hive.ql.TestTxnNoBuckets-1713946626176/warehouse/t, file.outputformat=org.apache.hadoop.hive.ql.io.orc.OrcOutputFormat, column.name.delimiter=,}, partitionProperties=Optional.empty, columnNames=[a, b], columnTypes=[int, int], getClass()=class org.apache.hadoop.hive.ql.io.orc.OrcSerde] and formatter : org.apache.hadoop.hive.ql.io.orc.OrcOutputFormat@33971102
2024-04-24T01:19:09,897  INFO [LocalJobRunner Map Task Executor #0] exec.MapOperator: MAP[0]: records read - 1
2024-04-24T01:19:09,897  INFO [LocalJobRunner Map Task Executor #0] exec.FileSinkOperator: Final Path: FS file:/home/alex/Repositories/hive/ql/target/tmp/org.apache.hadoop.hive.ql.TestTxnNoBuckets-1713946626176/warehouse/t/.hive-staging_hive_2024-04-24_01-19-07_952_2564775686913420274-1/-ext-10000/_tmp.HIVE_UNION_SUBDIR_16/000000_0
2024-04-24T01:19:09,897  INFO [LocalJobRunner Map Task Executor #0] exec.FileSinkOperator: Writing to temp file: FS file:/home/alex/Repositories/hive/ql/target/tmp/org.apache.hadoop.hive.ql.TestTxnNoBuckets-1713946626176/warehouse/t/.hive-staging_hive_2024-04-24_01-19-07_952_2564775686913420274-1/-ext-10000/_task_tmp.HIVE_UNION_SUBDIR_16/_tmp.000000_0
2024-04-24T01:19:09,897  INFO [LocalJobRunner Map Task Executor #0] exec.FileSinkOperator: New Final Path: FS file:/home/alex/Repositories/hive/ql/target/tmp/org.apache.hadoop.hive.ql.TestTxnNoBuckets-1713946626176/warehouse/t/.hive-staging_hive_2024-04-24_01-19-07_952_2564775686913420274-1/-ext-10000/_tmp.HIVE_UNION_SUBDIR_16/000000_0
2024-04-24T01:19:09,897  INFO [LocalJobRunner Map Task Executor #0] exec.FileSinkOperator: FS[18]: records written - 1
2024-04-24T01:19:09,898  INFO [LocalJobRunner Map Task Executor #0] impl.PhysicalFsWriter: ORC writer created for path: file:/home/alex/Repositories/hive/ql/target/tmp/org.apache.hadoop.hive.ql.TestTxnNoBuckets-1713946626176/warehouse/t/.hive-staging_hive_2024-04-24_01-19-07_952_2564775686913420274-1/-ext-10000/_task_tmp.HIVE_UNION_SUBDIR_16/_tmp.000000_0 with stripeSize: 67108864 blockSize: 268435456 compression: Compress: ZLIB buffer: 262144
2024-04-24T01:19:09,906  INFO [LocalJobRunner Map Task Executor #0] impl.WriterImpl: ORC writer created for path: file:/home/alex/Repositories/hive/ql/target/tmp/org.apache.hadoop.hive.ql.TestTxnNoBuckets-1713946626176/warehouse/t/.hive-staging_hive_2024-04-24_01-19-07_952_2564775686913420274-1/-ext-10000/_task_tmp.HIVE_UNION_SUBDIR_16/_tmp.000000_0 with stripeSize: 67108864 options: Compress: ZLIB buffer: 262144
2024-04-24T01:19:09,906  INFO [LocalJobRunner Map Task Executor #0] exec.MapOperator: Closing Operator: MAP[0]
2024-04-24T01:19:09,906  INFO [LocalJobRunner Map Task Executor #0] exec.MapOperator: MAP[0]: Total records read - 3. abort - false
2024-04-24T01:19:09,906  INFO [LocalJobRunner Map Task Executor #0] exec.MapOperator: RECORDS_IN:3, DESERIALIZE_ERRORS:0, RECORDS_OUT_INTERMEDIATE:0, RECORDS_OUT_OPERATOR_MAP_0:0, 
2024-04-24T01:19:09,906  INFO [LocalJobRunner Map Task Executor #0] exec.TableScanOperator: Closing Operator: TS[7]
2024-04-24T01:19:09,906  INFO [LocalJobRunner Map Task Executor #0] exec.TableScanOperator: RECORDS_OUT_INTERMEDIATE:0, RECORDS_OUT_OPERATOR_TS_7:3, 
2024-04-24T01:19:09,906  INFO [LocalJobRunner Map Task Executor #0] exec.FilterOperator: Closing Operator: FIL[14]
2024-04-24T01:19:09,906  INFO [LocalJobRunner Map Task Executor #0] exec.FilterOperator: RECORDS_OUT_INTERMEDIATE:0, RECORDS_OUT_OPERATOR_FIL_14:1, 
2024-04-24T01:19:09,906  INFO [LocalJobRunner Map Task Executor #0] exec.SelectOperator: Closing Operator: SEL[9]
2024-04-24T01:19:09,906  INFO [LocalJobRunner Map Task Executor #0] exec.SelectOperator: RECORDS_OUT_OPERATOR_SEL_9:1, RECORDS_OUT_INTERMEDIATE:0, 
2024-04-24T01:19:09,906  INFO [LocalJobRunner Map Task Executor #0] exec.FileSinkOperator: Closing Operator: FS[18]
2024-04-24T01:19:09,906  INFO [LocalJobRunner Map Task Executor #0] exec.FileSinkOperator: FS[18]: records written - 1
2024-04-24T01:19:09,908  INFO [LocalJobRunner Map Task Executor #0] exec.FileSinkOperator: TOTAL_TABLE_ROWS_WRITTEN:1, RECORDS_OUT_INTERMEDIATE:0, RECORDS_OUT_OPERATOR_FS_18:1, RECORDS_OUT_1_default.t:1, 
2024-04-24T01:19:09,909  INFO [LocalJobRunner Map Task Executor #0] mapred.LocalJobRunner: 
2024-04-24T01:19:09,909  INFO [LocalJobRunner Map Task Executor #0] mapred.Task: Task:attempt_local799606843_0051_m_000000_0 is done. And is in the process of committing
2024-04-24T01:19:09,909  INFO [LocalJobRunner Map Task Executor #0] mapred.LocalJobRunner: OrcSplit [file:/home/alex/Repositories/hive/ql/target/tmp/org.apache.hadoop.hive.ql.TestTxnNoBuckets-1713946626176/warehouse/acidtbl/delta_0000001_0000001_0000/bucket_00001_0, start=0, length=704, isOriginal=false, fileLength=704, hasFooter=false, hasBase=true, deltas=0]
2024-04-24T01:19:09,909  INFO [LocalJobRunner Map Task Executor #0] mapred.Task: Task 'attempt_local799606843_0051_m_000000_0' done.
2024-04-24T01:19:09,909  INFO [LocalJobRunner Map Task Executor #0] mapred.Task: Final Counters for attempt_local799606843_0051_m_000000_0: Counters: 26
	File System Counters
		FILE: Number of bytes read=1166850
		FILE: Number of bytes written=60120220
		FILE: Number of read operations=0
		FILE: Number of large read operations=0
		FILE: Number of write operations=0
	Map-Reduce Framework
		Map input records=3
		Map output records=0
		Input split bytes=497
		Spilled Records=0
		Failed Shuffles=0
		Merged Map outputs=0
		GC time elapsed (ms)=0
		Total committed heap usage (bytes)=1351090176
	HIVE
		CREATED_FILES=1
		DESERIALIZE_ERRORS=0
		RECORDS_IN=3
		RECORDS_OUT_1_default.t=1
		RECORDS_OUT_INTERMEDIATE=0
		RECORDS_OUT_OPERATOR_FIL_14=1
		RECORDS_OUT_OPERATOR_FS_18=1
		RECORDS_OUT_OPERATOR_MAP_0=0
		RECORDS_OUT_OPERATOR_SEL_9=1
		RECORDS_OUT_OPERATOR_TS_7=3
		TOTAL_TABLE_ROWS_WRITTEN=1
	File Input Format Counters 
		Bytes Read=9818
	File Output Format Counters 
		Bytes Written=0
2024-04-24T01:19:09,909  INFO [LocalJobRunner Map Task Executor #0] mapred.LocalJobRunner: Finishing task: attempt_local799606843_0051_m_000000_0
2024-04-24T01:19:09,909  INFO [LocalJobRunner Map Task Executor #0] mapred.LocalJobRunner: Starting task: attempt_local799606843_0051_m_000001_0
2024-04-24T01:19:09,910  INFO [LocalJobRunner Map Task Executor #0] mapred.Task:  Using ResourceCalculatorProcessTree : [ ]
2024-04-24T01:19:09,910  INFO [LocalJobRunner Map Task Executor #0] mapred.MapTask: Processing split: org.apache.hadoop.hive.ql.io.orc.OrcInputFormat:OrcSplit [file:/home/alex/Repositories/hive/ql/target/tmp/org.apache.hadoop.hive.ql.TestTxnNoBuckets-1713946626176/warehouse/acidtbl/delta_0000001_0000001_0000/bucket_00000_0, start=0, length=688, isOriginal=false, fileLength=688, hasFooter=false, hasBase=true, deltas=0]
2024-04-24T01:19:09,911  INFO [LocalJobRunner Map Task Executor #0] exec.SerializationUtilities: Deserializing MapWork using kryo
2024-04-24T01:19:09,911  INFO [LocalJobRunner Map Task Executor #0] exec.Utilities: Deserialized plan (via FILE) - name: null size: 6,14KB
2024-04-24T01:19:09,912  INFO [LocalJobRunner Map Task Executor #0] orc.OrcInputFormat: ORC pushdown predicate: leaf-(BETWEEN a 5 7)
2024-04-24T01:19:09,913  INFO [LocalJobRunner Map Task Executor #0] orc.OrcRawRecordMerger: min key = null, max key = null
2024-04-24T01:19:09,913  INFO [LocalJobRunner Map Task Executor #0] orc.ReaderImpl: Reading ORC rows from file:/home/alex/Repositories/hive/ql/target/tmp/org.apache.hadoop.hive.ql.TestTxnNoBuckets-1713946626176/warehouse/acidtbl/delta_0000001_0000001_0000/bucket_00000_0 with {include: [true, true, true], offset: 0, length: 688, sarg: leaf-(BETWEEN a 5 7), schema: struct<a:int,b:int>, includeAcidColumns: true}
2024-04-24T01:19:09,914  INFO [LocalJobRunner Map Task Executor #0] orc.OrcRawRecordMerger: updated min key = null, max key = null
2024-04-24T01:19:09,914  INFO [LocalJobRunner Map Task Executor #0] mapred.MapTask: numReduceTasks: 0
2024-04-24T01:19:09,914  INFO [LocalJobRunner Map Task Executor #0] exec.MapOperator: Initializing Operator: MAP[0]
2024-04-24T01:19:09,916  INFO [LocalJobRunner Map Task Executor #0] mr.ExecMapper: 
<MAP>Id =0
  <Children>
    <TS>Id =7
      <Children>
        <FIL>Id =14
          <Children>
            <SEL>Id =9
              <Children>
                <FS>Id =18
                  <Children>
                  <\Children>
                  <Parent>Id = 9 null<\Parent>
                <\FS>
              <\Children>
              <Parent>Id = 14 null<\Parent>
            <\SEL>
          <\Children>
          <Parent>Id = 7 null<\Parent>
        <\FIL>
      <\Children>
      <Parent>Id = 0 null<\Parent>
    <\TS>
  <\Children>
  <Parent><\Parent>
<\MAP>
2024-04-24T01:19:09,916  INFO [LocalJobRunner Map Task Executor #0] exec.TableScanOperator: Initializing Operator: TS[7]
2024-04-24T01:19:09,917  INFO [LocalJobRunner Map Task Executor #0] exec.FilterOperator: Initializing Operator: FIL[14]
2024-04-24T01:19:09,917  INFO [LocalJobRunner Map Task Executor #0] exec.SelectOperator: Initializing Operator: SEL[9]
2024-04-24T01:19:09,917  INFO [LocalJobRunner Map Task Executor #0] exec.SelectOperator: SELECT struct<a:int,b:int>
2024-04-24T01:19:09,917  INFO [LocalJobRunner Map Task Executor #0] exec.FileSinkOperator: Initializing Operator: FS[18]
2024-04-24T01:19:09,918  INFO [LocalJobRunner Map Task Executor #0] exec.FileSinkOperator: Using serializer : AbstractSerDe [log=org.apache.logging.slf4j.Log4jLogger@48b320a7, configuration=Optional[Configuration: core-default.xml, core-site.xml, mapred-default.xml, mapred-site.xml, yarn-default.xml, yarn-site.xml, hdfs-default.xml, hdfs-site.xml, file:/home/alex/Repositories/hive/ql/target/tmp/TestTxnNoBuckets/mapred/local/localRunner/alex/job_local799606843_0051/job_local799606843_0051.xml], properties={name=default.t, columns.types=int:int, serialization.format=1, columns=a,b, numFilesErasureCoded=0, columns.comments=&amp#0;, bucketing_version=2, serialization.lib=org.apache.hadoop.hive.ql.io.orc.OrcSerde, file.inputformat=org.apache.hadoop.hive.ql.io.orc.OrcInputFormat, file.outputformat=org.apache.hadoop.hive.ql.io.orc.OrcOutputFormat, location=file:/home/alex/Repositories/hive/ql/target/tmp/org.apache.hadoop.hive.ql.TestTxnNoBuckets-1713946626176/warehouse/t, column.name.delimiter=,}, tableProperties={name=default.t, columns.types=int:int, serialization.format=1, columns=a,b, numFilesErasureCoded=0, columns.comments=&amp#0;, bucketing_version=2, serialization.lib=org.apache.hadoop.hive.ql.io.orc.OrcSerde, file.inputformat=org.apache.hadoop.hive.ql.io.orc.OrcInputFormat, location=file:/home/alex/Repositories/hive/ql/target/tmp/org.apache.hadoop.hive.ql.TestTxnNoBuckets-1713946626176/warehouse/t, file.outputformat=org.apache.hadoop.hive.ql.io.orc.OrcOutputFormat, column.name.delimiter=,}, partitionProperties=Optional.empty, columnNames=[a, b], columnTypes=[int, int], getClass()=class org.apache.hadoop.hive.ql.io.orc.OrcSerde] and formatter : org.apache.hadoop.hive.ql.io.orc.OrcOutputFormat@3d6fd1aa
2024-04-24T01:19:09,918  INFO [LocalJobRunner Map Task Executor #0] exec.MapOperator: MAP[0]: records read - 1
2024-04-24T01:19:09,918  INFO [LocalJobRunner Map Task Executor #0] exec.FileSinkOperator: Final Path: FS file:/home/alex/Repositories/hive/ql/target/tmp/org.apache.hadoop.hive.ql.TestTxnNoBuckets-1713946626176/warehouse/t/.hive-staging_hive_2024-04-24_01-19-07_952_2564775686913420274-1/-ext-10000/_tmp.HIVE_UNION_SUBDIR_16/000001_0
2024-04-24T01:19:09,918  INFO [LocalJobRunner Map Task Executor #0] exec.FileSinkOperator: Writing to temp file: FS file:/home/alex/Repositories/hive/ql/target/tmp/org.apache.hadoop.hive.ql.TestTxnNoBuckets-1713946626176/warehouse/t/.hive-staging_hive_2024-04-24_01-19-07_952_2564775686913420274-1/-ext-10000/_task_tmp.HIVE_UNION_SUBDIR_16/_tmp.000001_0
2024-04-24T01:19:09,918  INFO [LocalJobRunner Map Task Executor #0] exec.FileSinkOperator: New Final Path: FS file:/home/alex/Repositories/hive/ql/target/tmp/org.apache.hadoop.hive.ql.TestTxnNoBuckets-1713946626176/warehouse/t/.hive-staging_hive_2024-04-24_01-19-07_952_2564775686913420274-1/-ext-10000/_tmp.HIVE_UNION_SUBDIR_16/000001_0
2024-04-24T01:19:09,919  INFO [LocalJobRunner Map Task Executor #0] exec.FileSinkOperator: FS[18]: records written - 1
2024-04-24T01:19:09,919  INFO [LocalJobRunner Map Task Executor #0] impl.PhysicalFsWriter: ORC writer created for path: file:/home/alex/Repositories/hive/ql/target/tmp/org.apache.hadoop.hive.ql.TestTxnNoBuckets-1713946626176/warehouse/t/.hive-staging_hive_2024-04-24_01-19-07_952_2564775686913420274-1/-ext-10000/_task_tmp.HIVE_UNION_SUBDIR_16/_tmp.000001_0 with stripeSize: 67108864 blockSize: 268435456 compression: Compress: ZLIB buffer: 262144
2024-04-24T01:19:09,924  INFO [LocalJobRunner Map Task Executor #0] impl.WriterImpl: ORC writer created for path: file:/home/alex/Repositories/hive/ql/target/tmp/org.apache.hadoop.hive.ql.TestTxnNoBuckets-1713946626176/warehouse/t/.hive-staging_hive_2024-04-24_01-19-07_952_2564775686913420274-1/-ext-10000/_task_tmp.HIVE_UNION_SUBDIR_16/_tmp.000001_0 with stripeSize: 67108864 options: Compress: ZLIB buffer: 262144
2024-04-24T01:19:09,924  INFO [LocalJobRunner Map Task Executor #0] exec.MapOperator: Closing Operator: MAP[0]
2024-04-24T01:19:09,924  INFO [LocalJobRunner Map Task Executor #0] exec.MapOperator: MAP[0]: Total records read - 2. abort - false
2024-04-24T01:19:09,924  INFO [LocalJobRunner Map Task Executor #0] exec.MapOperator: RECORDS_OUT_OPERATOR_MAP_0:0, DESERIALIZE_ERRORS:0, RECORDS_OUT_INTERMEDIATE:0, RECORDS_IN:2, 
2024-04-24T01:19:09,924  INFO [LocalJobRunner Map Task Executor #0] exec.TableScanOperator: Closing Operator: TS[7]
2024-04-24T01:19:09,924  INFO [LocalJobRunner Map Task Executor #0] exec.TableScanOperator: RECORDS_OUT_OPERATOR_TS_7:2, RECORDS_OUT_INTERMEDIATE:0, 
2024-04-24T01:19:09,924  INFO [LocalJobRunner Map Task Executor #0] exec.FilterOperator: Closing Operator: FIL[14]
2024-04-24T01:19:09,924  INFO [LocalJobRunner Map Task Executor #0] exec.FilterOperator: RECORDS_OUT_OPERATOR_FIL_14:1, RECORDS_OUT_INTERMEDIATE:0, 
2024-04-24T01:19:09,924  INFO [LocalJobRunner Map Task Executor #0] exec.SelectOperator: Closing Operator: SEL[9]
2024-04-24T01:19:09,924  INFO [LocalJobRunner Map Task Executor #0] exec.SelectOperator: RECORDS_OUT_INTERMEDIATE:0, RECORDS_OUT_OPERATOR_SEL_9:1, 
2024-04-24T01:19:09,924  INFO [LocalJobRunner Map Task Executor #0] exec.FileSinkOperator: Closing Operator: FS[18]
2024-04-24T01:19:09,924  INFO [LocalJobRunner Map Task Executor #0] exec.FileSinkOperator: FS[18]: records written - 1
2024-04-24T01:19:09,926  INFO [LocalJobRunner Map Task Executor #0] exec.FileSinkOperator: RECORDS_OUT_INTERMEDIATE:0, RECORDS_OUT_1_default.t:1, TOTAL_TABLE_ROWS_WRITTEN:1, RECORDS_OUT_OPERATOR_FS_18:1, 
2024-04-24T01:19:09,927  INFO [LocalJobRunner Map Task Executor #0] mapred.LocalJobRunner: 
2024-04-24T01:19:09,927  INFO [LocalJobRunner Map Task Executor #0] mapred.Task: Task:attempt_local799606843_0051_m_000001_0 is done. And is in the process of committing
2024-04-24T01:19:09,928  INFO [LocalJobRunner Map Task Executor #0] mapred.LocalJobRunner: OrcSplit [file:/home/alex/Repositories/hive/ql/target/tmp/org.apache.hadoop.hive.ql.TestTxnNoBuckets-1713946626176/warehouse/acidtbl/delta_0000001_0000001_0000/bucket_00000_0, start=0, length=688, isOriginal=false, fileLength=688, hasFooter=false, hasBase=true, deltas=0]
2024-04-24T01:19:09,928  INFO [LocalJobRunner Map Task Executor #0] mapred.Task: Task 'attempt_local799606843_0051_m_000001_0' done.
2024-04-24T01:19:09,928  INFO [LocalJobRunner Map Task Executor #0] mapred.Task: Final Counters for attempt_local799606843_0051_m_000001_0: Counters: 26
	File System Counters
		FILE: Number of bytes read=1177605
		FILE: Number of bytes written=60120506
		FILE: Number of read operations=0
		FILE: Number of large read operations=0
		FILE: Number of write operations=0
	Map-Reduce Framework
		Map input records=2
		Map output records=0
		Input split bytes=497
		Spilled Records=0
		Failed Shuffles=0
		Merged Map outputs=0
		GC time elapsed (ms)=0
		Total committed heap usage (bytes)=1351090176
	HIVE
		CREATED_FILES=1
		DESERIALIZE_ERRORS=0
		RECORDS_IN=2
		RECORDS_OUT_1_default.t=1
		RECORDS_OUT_INTERMEDIATE=0
		RECORDS_OUT_OPERATOR_FIL_14=1
		RECORDS_OUT_OPERATOR_FS_18=1
		RECORDS_OUT_OPERATOR_MAP_0=0
		RECORDS_OUT_OPERATOR_SEL_9=1
		RECORDS_OUT_OPERATOR_TS_7=2
		TOTAL_TABLE_ROWS_WRITTEN=1
	File Input Format Counters 
		Bytes Read=9738
	File Output Format Counters 
		Bytes Written=0
2024-04-24T01:19:09,928  INFO [LocalJobRunner Map Task Executor #0] mapred.LocalJobRunner: Finishing task: attempt_local799606843_0051_m_000001_0
2024-04-24T01:19:09,928  INFO [Thread-3299] mapred.LocalJobRunner: map task executor complete.
2024-04-24 01:19:10,888 Stage-3 map = 100%,  reduce = 0%
2024-04-24T01:19:10,888  INFO [main] exec.Task: 2024-04-24 01:19:10,888 Stage-3 map = 100%,  reduce = 0%
Ended Job = job_local799606843_0051
2024-04-24T01:19:10,889  INFO [main] exec.Task: Ended Job = job_local799606843_0051
2024-04-24T01:19:10,890  INFO [main] ql.Driver: Starting task [Stage-0:MOVE] in serial mode
Loading data to table default.t
2024-04-24T01:19:10,890  INFO [main] exec.Task: Loading data to table default.t from file:/home/alex/Repositories/hive/ql/target/tmp/org.apache.hadoop.hive.ql.TestTxnNoBuckets-1713946626176/warehouse/t/.hive-staging_hive_2024-04-24_01-19-07_952_2564775686913420274-1/-ext-10000
2024-04-24T01:19:10,891  INFO [main] HiveMetaStore.audit: ugi=alex	ip=unknown-ip-addr	cmd=get_table : tbl=hive.default.t	
2024-04-24T01:19:10,899  INFO [main] metastore.HMSHandler: Skipping translation for processor with null
2024-04-24T01:19:10,899  INFO [main] HiveMetaStore.audit: ugi=alex	ip=unknown-ip-addr	cmd=get_table : tbl=hive.default.t	
2024-04-24T01:19:10,908  INFO [main] metastore.HMSHandler: Skipping translation for processor with null
2024-04-24T01:19:10,910  WARN [main] metadata.Hive: Cannot get a table snapshot for t
2024-04-24T01:19:10,910  INFO [main] HiveMetaStore.audit: ugi=alex	ip=unknown-ip-addr	cmd=alter_table: hive.default.t newtbl=t	
2024-04-24T01:19:10,933  INFO [main] ql.Driver: Starting task [Stage-2:STATS] in serial mode
2024-04-24T01:19:10,933  INFO [main] HiveMetaStore.audit: ugi=alex	ip=unknown-ip-addr	cmd=get_table : tbl=hive.default.t	
2024-04-24T01:19:10,941  INFO [main] metastore.HMSHandler: Skipping translation for processor with null
2024-04-24T01:19:10,942  INFO [main] stats.BasicStatsTask: Executing stats task
2024-04-24T01:19:10,942  INFO [main] fs.FSStatsPublisher: created : file:/home/alex/Repositories/hive/ql/target/tmp/localscratchdir/e00dbb5c-6c74-4674-b714-4428495d65b6/hive_2024-04-24_01-19-07_952_2564775686913420274-1/-mr-10001
2024-04-24T01:19:10,943  INFO [main] HiveMetaStore.audit: ugi=alex	ip=unknown-ip-addr	cmd=get_table : tbl=hive.default.t	
2024-04-24T01:19:10,953  INFO [main] metastore.HMSHandler: Skipping translation for processor with null
2024-04-24T01:19:10,954  INFO [main] FileOperations: Read stats for default.t/, numRows, true, 2, false: 
2024-04-24T01:19:10,954  INFO [main] FileOperations: Read stats for default.t/, rawDataSize, true, 16, false: 
2024-04-24T01:19:10,954  WARN [main] metadata.Hive: Cannot get a table snapshot for t
2024-04-24T01:19:10,954  INFO [main] HiveMetaStore.audit: ugi=alex	ip=unknown-ip-addr	cmd=alter_table: hive.default.t newtbl=t	
2024-04-24T01:19:10,978  INFO [main] stats.BasicStatsTask: Table default.t stats: [numFiles=7, numRows=8, totalSize=1789, rawDataSize=64, numFilesErasureCoded=0]
2024-04-24T01:19:10,978  INFO [main] metadata.Hive: Dumping metastore api call timing information for : execution phase
2024-04-24T01:19:10,979  INFO [main] metadata.Hive: Total time spent in each metastore function (ms): {isCompatibleWith_(Configuration)=0, alter_table_(String, String, String, Table, EnvironmentContext, String)=47, getTable_(GetTableRequest)=37}
MapReduce Jobs Launched: 
2024-04-24T01:19:10,979  INFO [main] ql.Driver: MapReduce Jobs Launched: 
Stage-Stage-1:  HDFS Read: 0 HDFS Write: 0 SUCCESS
2024-04-24T01:19:10,979  INFO [main] ql.Driver: Stage-Stage-1:  HDFS Read: 0 HDFS Write: 0 SUCCESS
Stage-Stage-3:  HDFS Read: 0 HDFS Write: 0 SUCCESS
2024-04-24T01:19:10,979  INFO [main] ql.Driver: Stage-Stage-3:  HDFS Read: 0 HDFS Write: 0 SUCCESS
Total MapReduce CPU Time Spent: 0 msec
2024-04-24T01:19:10,979  INFO [main] ql.Driver: Total MapReduce CPU Time Spent: 0 msec
2024-04-24T01:19:10,979  INFO [main] ql.Driver: Completed executing command(queryId=alex_20240424011907_56259c43-9c60-4850-b2f9-05774aff0ecd); Time taken: 2.777 seconds
2024-04-24T01:19:10,979  INFO [main] lockmgr.DbTxnManager: Stopped heartbeat for query: alex_20240424011907_56259c43-9c60-4850-b2f9-05774aff0ecd
2024-04-24T01:19:10,983  INFO [main] txn.TxnHandler: Expected to move at least one record from txn_components to completed_txn_components when committing txn! txnid:19
2024-04-24T01:19:10,989  INFO [main] txn.TxnHandler: Removed transactions: ([19]) from MIN_HISTORY_LEVEL
2024-04-24T01:19:10,989  WARN [main] txn.CompactionTxnHandler: No compaction queue record found for Compaction type transaction commit. txnId:19
2024-04-24T01:19:10,989  INFO [main] ql.TxnCommandsBaseForTests: Running the query: select a, b, INPUT__FILE__NAME from T order by a, b, INPUT__FILE__NAME
2024-04-24T01:19:10,990  INFO [main] ql.Context: Deleting scratch dir: file:/home/alex/Repositories/hive/ql/target/tmp/org.apache.hadoop.hive.ql.TestTxnNoBuckets-1713946626176/warehouse/t/.hive-staging_hive_2024-04-24_01-19-07_952_2564775686913420274-1
2024-04-24T01:19:10,990  INFO [main] cleanup.SyncCleanupService: Deleted directory: file:/home/alex/Repositories/hive/ql/target/tmp/org.apache.hadoop.hive.ql.TestTxnNoBuckets-1713946626176/warehouse/t/.hive-staging_hive_2024-04-24_01-19-07_952_2564775686913420274-1 on fs with scheme file
2024-04-24T01:19:10,990  INFO [main] ql.Context: Deleting scratch dir: file:/home/alex/Repositories/hive/ql/target/tmp/localscratchdir/e00dbb5c-6c74-4674-b714-4428495d65b6/hive_2024-04-24_01-19-07_952_2564775686913420274-1
2024-04-24T01:19:10,991  INFO [main] cleanup.SyncCleanupService: Deleted directory: file:/home/alex/Repositories/hive/ql/target/tmp/localscratchdir/e00dbb5c-6c74-4674-b714-4428495d65b6/hive_2024-04-24_01-19-07_952_2564775686913420274-1 on fs with scheme file
2024-04-24T01:19:10,991  INFO [main] ql.Driver: Compiling command(queryId=alex_20240424011907_56259c43-9c60-4850-b2f9-05774aff0ecd): select a, b, INPUT__FILE__NAME from T order by a, b, INPUT__FILE__NAME
2024-04-24T01:19:10,994  INFO [main] txn.TxnHandler: Added entries to MIN_HISTORY_LEVEL for current txns: ([20]) with min_open_txn: 20
2024-04-24T01:19:10,995  INFO [main] lockmgr.DbTxnManager: Opened txnid:20
2024-04-24T01:19:10,995  INFO [main] parse.CalcitePlanner: Starting caching scope for: alex_20240424011907_56259c43-9c60-4850-b2f9-05774aff0ecd
2024-04-24T01:19:10,995  INFO [main] parse.CalcitePlanner: Starting Semantic Analysis
2024-04-24T01:19:10,998  INFO [main] parse.CalcitePlanner: Completed phase 1 of Semantic Analysis
2024-04-24T01:19:10,998  INFO [main] parse.CalcitePlanner: Get metadata for source tables
2024-04-24T01:19:10,998  INFO [main] HiveMetaStore.audit: ugi=alex	ip=unknown-ip-addr	cmd=get_table : tbl=hive.default.t	
2024-04-24T01:19:11,007  INFO [main] metastore.HMSHandler: Skipping translation for processor with null
2024-04-24T01:19:11,007  INFO [main] parse.CalcitePlanner: Get metadata for subqueries
2024-04-24T01:19:11,007  INFO [main] parse.CalcitePlanner: Get metadata for destination tables
2024-04-24T01:19:11,007  INFO [main] parse.CalcitePlanner: Completed getting MetaData in Semantic Analysis
2024-04-24T01:19:11,018  INFO [main] HiveMetaStore.audit: ugi=alex	ip=unknown-ip-addr	cmd=get_all_table_constraints : tbl=hive.default.t	
2024-04-24T01:19:11,027  INFO [main] calcite.RelOptHiveTable: Calculating column statistics for default.t, projIndxSet: [0, 1], allowMissingStats: true
2024-04-24T01:19:11,027  INFO [main] HiveMetaStore.audit: ugi=alex	ip=unknown-ip-addr	cmd=get_table_statistics_req: table=hive.default.t	
2024-04-24T01:19:11,038  WARN [main] calcite.RelOptHiveTable: No Stats for default@t, Columns: a, b
No Stats for default@t, Columns: a, b
2024-04-24T01:19:11,038  INFO [main] SessionState: No Stats for default@t, Columns: a, b
2024-04-24T01:19:11,081  INFO [main] parse.CalcitePlanner: Get metadata for source tables
2024-04-24T01:19:11,081  INFO [main] parse.CalcitePlanner: Get metadata for subqueries
2024-04-24T01:19:11,081  INFO [main] parse.CalcitePlanner: Get metadata for destination tables
2024-04-24T01:19:11,082  INFO [main] common.FileUtils: Creating directory if it doesn't exist: file:/home/alex/Repositories/hive/ql/target/tmp/localscratchdir/e00dbb5c-6c74-4674-b714-4428495d65b6/hive_2024-04-24_01-19-10_991_1484606026501639605-1/-mr-10001/.hive-staging_hive_2024-04-24_01-19-10_991_1484606026501639605-1
2024-04-24T01:19:11,089  INFO [main] parse.CalcitePlanner: CBO Succeeded; optimized logical plan.
2024-04-24T01:19:11,092  INFO [main] optimizer.ColumnPrunerProcFactory: RS 2 oldColExprMap: {KEY.reducesinkkey1=Column[_col1], KEY.reducesinkkey2=Column[_col2], KEY.reducesinkkey0=Column[_col0]}
2024-04-24T01:19:11,092  INFO [main] optimizer.ColumnPrunerProcFactory: RS 2 newColExprMap: {KEY.reducesinkkey0=Column[_col0], KEY.reducesinkkey2=Column[_col2], KEY.reducesinkkey1=Column[_col1]}
2024-04-24T01:19:11,094  INFO [main] optimizer.BucketVersionPopulator: not considering bucketingVersion for: TS[0] because it has -1<2 buckets 
2024-04-24T01:19:11,094  INFO [main] optimizer.SortedDynPartitionOptimizer: Sorted dynamic partitioning optimization kicked in..
2024-04-24T01:19:11,103  INFO [main] parse.CalcitePlanner: Completed plan generation
2024-04-24T01:19:11,103  INFO [main] parse.CalcitePlanner: Ending caching scope for: alex_20240424011907_56259c43-9c60-4850-b2f9-05774aff0ecd
2024-04-24T01:19:11,103  INFO [main] ql.Driver: Semantic Analysis Completed (retrial = false)
2024-04-24T01:19:11,103  INFO [main] ql.Driver: Created Hive schema: Schema(fieldSchemas:[FieldSchema(name:a, type:int, comment:null), FieldSchema(name:b, type:int, comment:null), FieldSchema(name:input__file__name, type:string, comment:null)], properties:null)
2024-04-24T01:19:11,104  INFO [main] exec.ListSinkOperator: Initializing Operator: LIST_SINK[5]
2024-04-24T01:19:11,105  INFO [main] metadata.Hive: Dumping metastore api call timing information for : compilation phase
2024-04-24T01:19:11,105  INFO [main] metadata.Hive: Total time spent in each metastore function (ms): {commitTxn_(CommitTxnRequest)=10, openTxn_(String, TxnType)=3, flushCache_()=0, getValidTxns_(long)=0, getTableColumnStatistics_(String, String, List, String)=11, getTable_(GetTableRequest)=9, getAllTableConstraints_(AllTableConstraintsRequest)=5, getValidWriteIds_(List, String)=3, isCompatibleWith_(Configuration)=0}
2024-04-24T01:19:11,105  INFO [main] ql.Driver: Completed compiling command(queryId=alex_20240424011907_56259c43-9c60-4850-b2f9-05774aff0ecd); Time taken: 0.113 seconds
2024-04-24T01:19:11,105  INFO [main] lockmgr.DbTxnManager: Setting lock request transaction to txnid:20 for queryId=alex_20240424011907_56259c43-9c60-4850-b2f9-05774aff0ecd
2024-04-24T01:19:11,105  INFO [main] lockmgr.DbLockManager: Requesting lock for queryId=alex_20240424011907_56259c43-9c60-4850-b2f9-05774aff0ecd
2024-04-24T01:19:11,119  INFO [main] lockmgr.DbLockManager: Response to queryId=alex_20240424011907_56259c43-9c60-4850-b2f9-05774aff0ecd LockResponse(lockid:14, state:ACQUIRED)
2024-04-24T01:19:11,119  INFO [main] ql.Driver: Operation QUERY obtained 1 locks
2024-04-24T01:19:11,119  INFO [main] ql.Driver: Executing command(queryId=alex_20240424011907_56259c43-9c60-4850-b2f9-05774aff0ecd): select a, b, INPUT__FILE__NAME from T order by a, b, INPUT__FILE__NAME
2024-04-24T01:19:11,119  WARN [main] ql.Driver: Hive-on-MR is deprecated in Hive 2 and may not be available in the future versions. Consider using a different execution engine (i.e. spark, tez) or using Hive 1.X releases.
Query ID = alex_20240424011907_56259c43-9c60-4850-b2f9-05774aff0ecd
2024-04-24T01:19:11,119  INFO [main] ql.Driver: Query ID = alex_20240424011907_56259c43-9c60-4850-b2f9-05774aff0ecd
Total jobs = 1
2024-04-24T01:19:11,119  INFO [main] ql.Driver: Total jobs = 1
Launching Job 1 out of 1
2024-04-24T01:19:11,119  INFO [main] ql.Driver: Launching Job 1 out of 1
2024-04-24T01:19:11,254  INFO [main] ql.Driver: Starting task [Stage-1:MAPRED] in serial mode
Number of reduce tasks determined at compile time: 1
2024-04-24T01:19:11,254  INFO [main] exec.Task: Number of reduce tasks determined at compile time: 1
In order to change the average load for a reducer (in bytes):
2024-04-24T01:19:11,254  INFO [main] exec.Task: In order to change the average load for a reducer (in bytes):
  set hive.exec.reducers.bytes.per.reducer=<number>
2024-04-24T01:19:11,254  INFO [main] exec.Task:   set hive.exec.reducers.bytes.per.reducer=<number>
In order to limit the maximum number of reducers:
2024-04-24T01:19:11,254  INFO [main] exec.Task: In order to limit the maximum number of reducers:
  set hive.exec.reducers.max=<number>
2024-04-24T01:19:11,254  INFO [main] exec.Task:   set hive.exec.reducers.max=<number>
In order to set a constant number of reducers:
2024-04-24T01:19:11,254  INFO [main] exec.Task: In order to set a constant number of reducers:
  set mapreduce.job.reduces=<number>
2024-04-24T01:19:11,254  INFO [main] exec.Task:   set mapreduce.job.reduces=<number>
2024-04-24T01:19:11,257  INFO [main] mr.ExecDriver: Using org.apache.hadoop.hive.ql.io.HiveInputFormat
2024-04-24T01:19:11,257  INFO [main] exec.Utilities: Processing alias t
2024-04-24T01:19:11,257  INFO [main] exec.Utilities: Adding 1 inputs; the first input is file:/home/alex/Repositories/hive/ql/target/tmp/org.apache.hadoop.hive.ql.TestTxnNoBuckets-1713946626176/warehouse/t
2024-04-24T01:19:11,267  INFO [main] exec.SerializationUtilities: Serializing MapWork using kryo
2024-04-24T01:19:11,268  INFO [main] exec.Utilities: Serialized plan (via FILE) - name: null size: 4,60KB
2024-04-24T01:19:11,272  INFO [main] exec.SerializationUtilities: Serializing ReduceWork using kryo
2024-04-24T01:19:11,273  INFO [main] exec.Utilities: Serialized plan (via FILE) - name: null size: 5,69KB
2024-04-24T01:19:11,274  WARN [main] impl.MetricsSystemImpl: JobTracker metrics system already initialized!
2024-04-24T01:19:11,280  WARN [main] impl.MetricsSystemImpl: JobTracker metrics system already initialized!
2024-04-24T01:19:11,288  WARN [main] mapreduce.JobResourceUploader: Hadoop command-line option parsing not performed. Implement the Tool interface and execute your application with ToolRunner to remedy this.
2024-04-24T01:19:11,292  WARN [main] mapreduce.JobResourceUploader: No job jar file set.  User classes may not be found. See Job or Job#setJar(String).
2024-04-24T01:19:11,293  INFO [main] io.HiveInputFormat: hive.io.file.readcolumn.ids = 0,1
2024-04-24T01:19:11,293  INFO [main] io.HiveInputFormat: hive.io.file.readcolumn.names = a,b
2024-04-24T01:19:11,293  INFO [main] io.HiveInputFormat: Generating splits for dirs: file:/home/alex/Repositories/hive/ql/target/tmp/org.apache.hadoop.hive.ql.TestTxnNoBuckets-1713946626176/warehouse/t
2024-04-24T01:19:11,294  INFO [main] orc.OrcInputFormat: getSplits started
2024-04-24T01:19:11,294  INFO [main] orc.OrcInputFormat: Context:: isAcid: false isVectorMode: false sarg: null minSplitSize: 1 maxSplitSize: 256000000 splitStrategy: HYBRID footerInSplits: false numBuckets: 0 numThreads: 10 cacheMemSize: 268435456 cacheStripeDetails: true useSoftReference: false writeIdList: null:9223372036854775807:9223372036854775807:: isTransactionalTable: false txnProperties: null 
2024-04-24T01:19:11,294  INFO [main] orc.OrcInputFormat: ORC pushdown predicate: null
2024-04-24T01:19:11,320  INFO [main] orc.OrcInputFormat: FooterCacheHitRatio: 0/7
2024-04-24T01:19:11,320  INFO [main] orc.OrcInputFormat: getSplits finished (#splits: 7). duration: 26 ms
2024-04-24T01:19:11,320  INFO [main] io.HiveInputFormat: number of splits 7
2024-04-24T01:19:11,340  INFO [main] mapreduce.JobSubmitter: number of splits:7
2024-04-24T01:19:11,359  INFO [main] mapreduce.JobSubmitter: Submitting tokens for job: job_local2133208227_0052
2024-04-24T01:19:11,359  INFO [main] mapreduce.JobSubmitter: Executing with tokens: []
2024-04-24T01:19:11,424  INFO [main] mapreduce.Job: The url to track the job: http://localhost:8080/
Job running in-process (local Hadoop)
2024-04-24T01:19:11,424  INFO [main] exec.Task: Job running in-process (local Hadoop)
2024-04-24T01:19:11,425  INFO [Thread-3347] mapred.LocalJobRunner: OutputCommitter set in config org.apache.hadoop.hive.ql.io.HiveFileFormatUtils$NullOutputCommitter
2024-04-24T01:19:11,425  INFO [Thread-3347] mapred.LocalJobRunner: OutputCommitter is org.apache.hadoop.hive.ql.io.HiveFileFormatUtils$NullOutputCommitter
2024-04-24T01:19:11,428  INFO [Thread-3347] mapred.LocalJobRunner: Waiting for map tasks
2024-04-24T01:19:11,428  INFO [LocalJobRunner Map Task Executor #0] mapred.LocalJobRunner: Starting task: attempt_local2133208227_0052_m_000000_0
2024-04-24T01:19:11,429  INFO [LocalJobRunner Map Task Executor #0] mapred.Task:  Using ResourceCalculatorProcessTree : [ ]
2024-04-24T01:19:11,429  INFO [LocalJobRunner Map Task Executor #0] mapred.MapTask: Processing split: org.apache.hadoop.hive.ql.io.orc.OrcInputFormat:OrcSplit [file:/home/alex/Repositories/hive/ql/target/tmp/org.apache.hadoop.hive.ql.TestTxnNoBuckets-1713946626176/warehouse/t/HIVE_UNION_SUBDIR_16/000001_0, start=0, length=274, isOriginal=true, fileLength=274, hasFooter=false, hasBase=true, deltas=0]
2024-04-24T01:19:11,430  INFO [LocalJobRunner Map Task Executor #0] exec.SerializationUtilities: Deserializing MapWork using kryo
2024-04-24T01:19:11,430  INFO [LocalJobRunner Map Task Executor #0] exec.Utilities: Deserialized plan (via FILE) - name: null size: 4,60KB
2024-04-24T01:19:11,431  INFO [LocalJobRunner Map Task Executor #0] orc.ReaderImpl: Reading ORC rows from file:/home/alex/Repositories/hive/ql/target/tmp/org.apache.hadoop.hive.ql.TestTxnNoBuckets-1713946626176/warehouse/t/HIVE_UNION_SUBDIR_16/000001_0 with {include: [true, true, true], offset: 0, length: 274, schema: struct<a:int,b:int>, includeAcidColumns: true}
2024-04-24T01:19:11,431  INFO [LocalJobRunner Map Task Executor #0] mapred.MapTask: numReduceTasks: 1
2024-04-24T01:19:11,436  INFO [LocalJobRunner Map Task Executor #0] mapred.MapTask: (EQUATOR) 0 kvi 26214396(104857584)
2024-04-24T01:19:11,436  INFO [LocalJobRunner Map Task Executor #0] mapred.MapTask: mapreduce.task.io.sort.mb: 100
2024-04-24T01:19:11,436  INFO [LocalJobRunner Map Task Executor #0] mapred.MapTask: soft limit at 83886080
2024-04-24T01:19:11,436  INFO [LocalJobRunner Map Task Executor #0] mapred.MapTask: bufstart = 0; bufvoid = 104857600
2024-04-24T01:19:11,436  INFO [LocalJobRunner Map Task Executor #0] mapred.MapTask: kvstart = 26214396; length = 6553600
2024-04-24T01:19:11,436  INFO [LocalJobRunner Map Task Executor #0] mapred.MapTask: Map output collector class = org.apache.hadoop.mapred.MapTask$MapOutputBuffer
2024-04-24T01:19:11,437  INFO [LocalJobRunner Map Task Executor #0] exec.MapOperator: Initializing Operator: MAP[0]
2024-04-24T01:19:11,438  INFO [LocalJobRunner Map Task Executor #0] mr.ExecMapper: 
<MAP>Id =0
  <Children>null
  <\Children>
  <Parent><\Parent>
<\MAP>
2024-04-24T01:19:11,438  INFO [LocalJobRunner Map Task Executor #0] exec.TableScanOperator: Initializing Operator: TS[0]
2024-04-24T01:19:11,438  INFO [LocalJobRunner Map Task Executor #0] exec.SelectOperator: Initializing Operator: SEL[1]
2024-04-24T01:19:11,438  INFO [LocalJobRunner Map Task Executor #0] exec.SelectOperator: SELECT struct<a:int,b:int,input__file__name:string>
2024-04-24T01:19:11,438  INFO [LocalJobRunner Map Task Executor #0] exec.ReduceSinkOperator: Initializing Operator: RS[2]
2024-04-24T01:19:11,438  INFO [LocalJobRunner Map Task Executor #0] exec.ReduceSinkOperator: Using tag = -1
2024-04-24T01:19:11,439  INFO [LocalJobRunner Map Task Executor #0] exec.ReduceSinkOperator: keys are [reducesinkkey0, reducesinkkey1, reducesinkkey2] num distributions: 3
2024-04-24T01:19:11,439  INFO [LocalJobRunner Map Task Executor #0] exec.ReduceSinkOperator: RS[2]: records written - 1
2024-04-24T01:19:11,439  INFO [LocalJobRunner Map Task Executor #0] exec.MapOperator: MAP[0]: records read - 1
2024-04-24T01:19:11,439  INFO [LocalJobRunner Map Task Executor #0] exec.MapOperator: Closing Operator: MAP[0]
2024-04-24T01:19:11,439  INFO [LocalJobRunner Map Task Executor #0] exec.MapOperator: MAP[0]: Total records read - 1. abort - false
2024-04-24T01:19:11,439  INFO [LocalJobRunner Map Task Executor #0] exec.MapOperator: RECORDS_OUT_INTERMEDIATE:0, DESERIALIZE_ERRORS:0, RECORDS_OUT_OPERATOR_MAP_0:0, RECORDS_IN:1, 
2024-04-24T01:19:11,439  INFO [LocalJobRunner Map Task Executor #0] exec.TableScanOperator: Closing Operator: TS[0]
2024-04-24T01:19:11,439  INFO [LocalJobRunner Map Task Executor #0] exec.TableScanOperator: RECORDS_OUT_OPERATOR_TS_0:1, RECORDS_OUT_INTERMEDIATE:0, 
2024-04-24T01:19:11,439  INFO [LocalJobRunner Map Task Executor #0] exec.SelectOperator: Closing Operator: SEL[1]
2024-04-24T01:19:11,439  INFO [LocalJobRunner Map Task Executor #0] exec.SelectOperator: RECORDS_OUT_INTERMEDIATE:0, RECORDS_OUT_OPERATOR_SEL_1:1, 
2024-04-24T01:19:11,439  INFO [LocalJobRunner Map Task Executor #0] exec.ReduceSinkOperator: Closing Operator: RS[2]
2024-04-24T01:19:11,439  INFO [LocalJobRunner Map Task Executor #0] exec.ReduceSinkOperator: RS[2]: Total records written - 1. abort - false
2024-04-24T01:19:11,439  INFO [LocalJobRunner Map Task Executor #0] exec.ReduceSinkOperator: RECORDS_OUT_INTERMEDIATE:1, RECORDS_OUT_OPERATOR_RS_2:1, 
2024-04-24T01:19:11,440  INFO [LocalJobRunner Map Task Executor #0] mapred.LocalJobRunner: 
2024-04-24T01:19:11,440  INFO [LocalJobRunner Map Task Executor #0] mapred.MapTask: Starting flush of map output
2024-04-24T01:19:11,440  INFO [LocalJobRunner Map Task Executor #0] mapred.MapTask: Spilling map output
2024-04-24T01:19:11,440  INFO [LocalJobRunner Map Task Executor #0] mapred.MapTask: bufstart = 0; bufend = 167; bufvoid = 104857600
2024-04-24T01:19:11,440  INFO [LocalJobRunner Map Task Executor #0] mapred.MapTask: kvstart = 26214396(104857584); kvend = 26214396(104857584); length = 1/6553600
2024-04-24T01:19:11,450  INFO [LocalJobRunner Map Task Executor #0] mapred.MapTask: Finished spill 0
2024-04-24T01:19:11,453  INFO [LocalJobRunner Map Task Executor #0] mapred.Task: Task:attempt_local2133208227_0052_m_000000_0 is done. And is in the process of committing
2024-04-24T01:19:11,454  INFO [LocalJobRunner Map Task Executor #0] mapred.LocalJobRunner: map
2024-04-24T01:19:11,454  INFO [LocalJobRunner Map Task Executor #0] mapred.Task: Task 'attempt_local2133208227_0052_m_000000_0' done.
2024-04-24T01:19:11,454  INFO [LocalJobRunner Map Task Executor #0] mapred.Task: Final Counters for attempt_local2133208227_0052_m_000000_0: Counters: 24
	File System Counters
		FILE: Number of bytes read=1186898
		FILE: Number of bytes written=61303075
		FILE: Number of read operations=0
		FILE: Number of large read operations=0
		FILE: Number of write operations=0
	Map-Reduce Framework
		Map input records=1
		Map output records=1
		Map output bytes=167
		Map output materialized bytes=176
		Input split bytes=473
		Combine input records=0
		Spilled Records=1
		Failed Shuffles=0
		Merged Map outputs=0
		GC time elapsed (ms)=0
		Total committed heap usage (bytes)=1351090176
	HIVE
		DESERIALIZE_ERRORS=0
		RECORDS_IN=1
		RECORDS_OUT_INTERMEDIATE=1
		RECORDS_OUT_OPERATOR_MAP_0=0
		RECORDS_OUT_OPERATOR_RS_2=1
		RECORDS_OUT_OPERATOR_SEL_1=1
		RECORDS_OUT_OPERATOR_TS_0=1
	File Input Format Counters 
		Bytes Read=5803
2024-04-24T01:19:11,454  INFO [LocalJobRunner Map Task Executor #0] mapred.LocalJobRunner: Finishing task: attempt_local2133208227_0052_m_000000_0
2024-04-24T01:19:11,454  INFO [LocalJobRunner Map Task Executor #0] mapred.LocalJobRunner: Starting task: attempt_local2133208227_0052_m_000001_0
2024-04-24T01:19:11,454  INFO [LocalJobRunner Map Task Executor #0] mapred.Task:  Using ResourceCalculatorProcessTree : [ ]
2024-04-24T01:19:11,455  INFO [LocalJobRunner Map Task Executor #0] mapred.MapTask: Processing split: org.apache.hadoop.hive.ql.io.orc.OrcInputFormat:OrcSplit [file:/home/alex/Repositories/hive/ql/target/tmp/org.apache.hadoop.hive.ql.TestTxnNoBuckets-1713946626176/warehouse/t/000000_0, start=0, length=256, isOriginal=true, fileLength=256, hasFooter=false, hasBase=true, deltas=0]
2024-04-24T01:19:11,455  INFO [LocalJobRunner Map Task Executor #0] exec.SerializationUtilities: Deserializing MapWork using kryo
2024-04-24T01:19:11,455  INFO [LocalJobRunner Map Task Executor #0] exec.Utilities: Deserialized plan (via FILE) - name: null size: 4,60KB
2024-04-24T01:19:11,456  INFO [LocalJobRunner Map Task Executor #0] orc.ReaderImpl: Reading ORC rows from file:/home/alex/Repositories/hive/ql/target/tmp/org.apache.hadoop.hive.ql.TestTxnNoBuckets-1713946626176/warehouse/t/000000_0 with {include: [true, true, true], offset: 0, length: 256, schema: struct<a:int,b:int>, includeAcidColumns: true}
2024-04-24T01:19:11,457  INFO [LocalJobRunner Map Task Executor #0] mapred.MapTask: numReduceTasks: 1
2024-04-24T01:19:11,469  INFO [LocalJobRunner Map Task Executor #0] mapred.MapTask: (EQUATOR) 0 kvi 26214396(104857584)
2024-04-24T01:19:11,469  INFO [LocalJobRunner Map Task Executor #0] mapred.MapTask: mapreduce.task.io.sort.mb: 100
2024-04-24T01:19:11,469  INFO [LocalJobRunner Map Task Executor #0] mapred.MapTask: soft limit at 83886080
2024-04-24T01:19:11,469  INFO [LocalJobRunner Map Task Executor #0] mapred.MapTask: bufstart = 0; bufvoid = 104857600
2024-04-24T01:19:11,469  INFO [LocalJobRunner Map Task Executor #0] mapred.MapTask: kvstart = 26214396; length = 6553600
2024-04-24T01:19:11,470  INFO [LocalJobRunner Map Task Executor #0] mapred.MapTask: Map output collector class = org.apache.hadoop.mapred.MapTask$MapOutputBuffer
2024-04-24T01:19:11,470  INFO [LocalJobRunner Map Task Executor #0] exec.MapOperator: Initializing Operator: MAP[0]
2024-04-24T01:19:11,471  INFO [LocalJobRunner Map Task Executor #0] mr.ExecMapper: 
<MAP>Id =0
  <Children>null
  <\Children>
  <Parent><\Parent>
<\MAP>
2024-04-24T01:19:11,472  INFO [LocalJobRunner Map Task Executor #0] exec.TableScanOperator: Initializing Operator: TS[0]
2024-04-24T01:19:11,472  INFO [LocalJobRunner Map Task Executor #0] exec.SelectOperator: Initializing Operator: SEL[1]
2024-04-24T01:19:11,472  INFO [LocalJobRunner Map Task Executor #0] exec.SelectOperator: SELECT struct<a:int,b:int,input__file__name:string>
2024-04-24T01:19:11,472  INFO [LocalJobRunner Map Task Executor #0] exec.ReduceSinkOperator: Initializing Operator: RS[2]
2024-04-24T01:19:11,472  INFO [LocalJobRunner Map Task Executor #0] exec.ReduceSinkOperator: Using tag = -1
2024-04-24T01:19:11,472  INFO [LocalJobRunner Map Task Executor #0] exec.ReduceSinkOperator: keys are [reducesinkkey0, reducesinkkey1, reducesinkkey2] num distributions: 3
2024-04-24T01:19:11,472  INFO [LocalJobRunner Map Task Executor #0] exec.ReduceSinkOperator: RS[2]: records written - 1
2024-04-24T01:19:11,472  INFO [LocalJobRunner Map Task Executor #0] exec.MapOperator: MAP[0]: records read - 1
2024-04-24T01:19:11,473  INFO [LocalJobRunner Map Task Executor #0] exec.MapOperator: Closing Operator: MAP[0]
2024-04-24T01:19:11,473  INFO [LocalJobRunner Map Task Executor #0] exec.MapOperator: MAP[0]: Total records read - 2. abort - false
2024-04-24T01:19:11,473  INFO [LocalJobRunner Map Task Executor #0] exec.MapOperator: RECORDS_OUT_OPERATOR_MAP_0:0, RECORDS_OUT_INTERMEDIATE:0, RECORDS_IN:2, DESERIALIZE_ERRORS:0, 
2024-04-24T01:19:11,473  INFO [LocalJobRunner Map Task Executor #0] exec.TableScanOperator: Closing Operator: TS[0]
2024-04-24T01:19:11,473  INFO [LocalJobRunner Map Task Executor #0] exec.TableScanOperator: RECORDS_OUT_OPERATOR_TS_0:2, RECORDS_OUT_INTERMEDIATE:0, 
2024-04-24T01:19:11,473  INFO [LocalJobRunner Map Task Executor #0] exec.SelectOperator: Closing Operator: SEL[1]
2024-04-24T01:19:11,473  INFO [LocalJobRunner Map Task Executor #0] exec.SelectOperator: RECORDS_OUT_OPERATOR_SEL_1:2, RECORDS_OUT_INTERMEDIATE:0, 
2024-04-24T01:19:11,473  INFO [LocalJobRunner Map Task Executor #0] exec.ReduceSinkOperator: Closing Operator: RS[2]
2024-04-24T01:19:11,473  INFO [LocalJobRunner Map Task Executor #0] exec.ReduceSinkOperator: RS[2]: Total records written - 2. abort - false
2024-04-24T01:19:11,473  INFO [LocalJobRunner Map Task Executor #0] exec.ReduceSinkOperator: RECORDS_OUT_OPERATOR_RS_2:2, RECORDS_OUT_INTERMEDIATE:2, 
2024-04-24T01:19:11,473  INFO [LocalJobRunner Map Task Executor #0] mapred.LocalJobRunner: 
2024-04-24T01:19:11,473  INFO [LocalJobRunner Map Task Executor #0] mapred.MapTask: Starting flush of map output
2024-04-24T01:19:11,473  INFO [LocalJobRunner Map Task Executor #0] mapred.MapTask: Spilling map output
2024-04-24T01:19:11,473  INFO [LocalJobRunner Map Task Executor #0] mapred.MapTask: bufstart = 0; bufend = 292; bufvoid = 104857600
2024-04-24T01:19:11,473  INFO [LocalJobRunner Map Task Executor #0] mapred.MapTask: kvstart = 26214396(104857584); kvend = 26214392(104857568); length = 5/6553600
2024-04-24T01:19:11,481  INFO [LocalJobRunner Map Task Executor #0] mapred.MapTask: Finished spill 0
2024-04-24T01:19:11,484  INFO [LocalJobRunner Map Task Executor #0] mapred.Task: Task:attempt_local2133208227_0052_m_000001_0 is done. And is in the process of committing
2024-04-24T01:19:11,484  INFO [LocalJobRunner Map Task Executor #0] mapred.LocalJobRunner: map
2024-04-24T01:19:11,484  INFO [LocalJobRunner Map Task Executor #0] mapred.Task: Task 'attempt_local2133208227_0052_m_000001_0' done.
2024-04-24T01:19:11,484  INFO [LocalJobRunner Map Task Executor #0] mapred.Task: Final Counters for attempt_local2133208227_0052_m_000001_0: Counters: 24
	File System Counters
		FILE: Number of bytes read=1195903
		FILE: Number of bytes written=61303411
		FILE: Number of read operations=0
		FILE: Number of large read operations=0
		FILE: Number of write operations=0
	Map-Reduce Framework
		Map input records=2
		Map output records=2
		Map output bytes=292
		Map output materialized bytes=304
		Input split bytes=451
		Combine input records=0
		Spilled Records=2
		Failed Shuffles=0
		Merged Map outputs=0
		GC time elapsed (ms)=7
		Total committed heap usage (bytes)=1351090176
	HIVE
		DESERIALIZE_ERRORS=0
		RECORDS_IN=2
		RECORDS_OUT_INTERMEDIATE=2
		RECORDS_OUT_OPERATOR_MAP_0=0
		RECORDS_OUT_OPERATOR_RS_2=2
		RECORDS_OUT_OPERATOR_SEL_1=2
		RECORDS_OUT_OPERATOR_TS_0=2
	File Input Format Counters 
		Bytes Read=5731
2024-04-24T01:19:11,484  INFO [LocalJobRunner Map Task Executor #0] mapred.LocalJobRunner: Finishing task: attempt_local2133208227_0052_m_000001_0
2024-04-24T01:19:11,485  INFO [LocalJobRunner Map Task Executor #0] mapred.LocalJobRunner: Starting task: attempt_local2133208227_0052_m_000002_0
2024-04-24T01:19:11,485  INFO [LocalJobRunner Map Task Executor #0] mapred.Task:  Using ResourceCalculatorProcessTree : [ ]
2024-04-24T01:19:11,486  INFO [LocalJobRunner Map Task Executor #0] mapred.MapTask: Processing split: org.apache.hadoop.hive.ql.io.orc.OrcInputFormat:OrcSplit [file:/home/alex/Repositories/hive/ql/target/tmp/org.apache.hadoop.hive.ql.TestTxnNoBuckets-1713946626176/warehouse/t/HIVE_UNION_SUBDIR_15/000000_0, start=0, length=256, isOriginal=true, fileLength=256, hasFooter=false, hasBase=true, deltas=0]
2024-04-24T01:19:11,486  INFO [LocalJobRunner Map Task Executor #0] exec.SerializationUtilities: Deserializing MapWork using kryo
2024-04-24T01:19:11,487  INFO [LocalJobRunner Map Task Executor #0] exec.Utilities: Deserialized plan (via FILE) - name: null size: 4,60KB
2024-04-24T01:19:11,488  INFO [LocalJobRunner Map Task Executor #0] orc.ReaderImpl: Reading ORC rows from file:/home/alex/Repositories/hive/ql/target/tmp/org.apache.hadoop.hive.ql.TestTxnNoBuckets-1713946626176/warehouse/t/HIVE_UNION_SUBDIR_15/000000_0 with {include: [true, true, true], offset: 0, length: 256, schema: struct<a:int,b:int>, includeAcidColumns: true}
2024-04-24T01:19:11,489  INFO [LocalJobRunner Map Task Executor #0] mapred.MapTask: numReduceTasks: 1
2024-04-24T01:19:11,494  INFO [LocalJobRunner Map Task Executor #0] mapred.MapTask: (EQUATOR) 0 kvi 26214396(104857584)
2024-04-24T01:19:11,494  INFO [LocalJobRunner Map Task Executor #0] mapred.MapTask: mapreduce.task.io.sort.mb: 100
2024-04-24T01:19:11,494  INFO [LocalJobRunner Map Task Executor #0] mapred.MapTask: soft limit at 83886080
2024-04-24T01:19:11,494  INFO [LocalJobRunner Map Task Executor #0] mapred.MapTask: bufstart = 0; bufvoid = 104857600
2024-04-24T01:19:11,494  INFO [LocalJobRunner Map Task Executor #0] mapred.MapTask: kvstart = 26214396; length = 6553600
2024-04-24T01:19:11,494  INFO [LocalJobRunner Map Task Executor #0] mapred.MapTask: Map output collector class = org.apache.hadoop.mapred.MapTask$MapOutputBuffer
2024-04-24T01:19:11,495  INFO [LocalJobRunner Map Task Executor #0] exec.MapOperator: Initializing Operator: MAP[0]
2024-04-24T01:19:11,496  INFO [LocalJobRunner Map Task Executor #0] mr.ExecMapper: 
<MAP>Id =0
  <Children>null
  <\Children>
  <Parent><\Parent>
<\MAP>
2024-04-24T01:19:11,497  INFO [LocalJobRunner Map Task Executor #0] exec.TableScanOperator: Initializing Operator: TS[0]
2024-04-24T01:19:11,497  INFO [LocalJobRunner Map Task Executor #0] exec.SelectOperator: Initializing Operator: SEL[1]
2024-04-24T01:19:11,497  INFO [LocalJobRunner Map Task Executor #0] exec.SelectOperator: SELECT struct<a:int,b:int,input__file__name:string>
2024-04-24T01:19:11,497  INFO [LocalJobRunner Map Task Executor #0] exec.ReduceSinkOperator: Initializing Operator: RS[2]
2024-04-24T01:19:11,497  INFO [LocalJobRunner Map Task Executor #0] exec.ReduceSinkOperator: Using tag = -1
2024-04-24T01:19:11,498  INFO [LocalJobRunner Map Task Executor #0] exec.ReduceSinkOperator: keys are [reducesinkkey0, reducesinkkey1, reducesinkkey2] num distributions: 3
2024-04-24T01:19:11,498  INFO [LocalJobRunner Map Task Executor #0] exec.ReduceSinkOperator: RS[2]: records written - 1
2024-04-24T01:19:11,498  INFO [LocalJobRunner Map Task Executor #0] exec.MapOperator: MAP[0]: records read - 1
2024-04-24T01:19:11,498  INFO [LocalJobRunner Map Task Executor #0] exec.MapOperator: Closing Operator: MAP[0]
2024-04-24T01:19:11,498  INFO [LocalJobRunner Map Task Executor #0] exec.MapOperator: MAP[0]: Total records read - 2. abort - false
2024-04-24T01:19:11,498  INFO [LocalJobRunner Map Task Executor #0] exec.MapOperator: RECORDS_OUT_INTERMEDIATE:0, DESERIALIZE_ERRORS:0, RECORDS_IN:2, RECORDS_OUT_OPERATOR_MAP_0:0, 
2024-04-24T01:19:11,498  INFO [LocalJobRunner Map Task Executor #0] exec.TableScanOperator: Closing Operator: TS[0]
2024-04-24T01:19:11,498  INFO [LocalJobRunner Map Task Executor #0] exec.TableScanOperator: RECORDS_OUT_OPERATOR_TS_0:2, RECORDS_OUT_INTERMEDIATE:0, 
2024-04-24T01:19:11,498  INFO [LocalJobRunner Map Task Executor #0] exec.SelectOperator: Closing Operator: SEL[1]
2024-04-24T01:19:11,498  INFO [LocalJobRunner Map Task Executor #0] exec.SelectOperator: RECORDS_OUT_OPERATOR_SEL_1:2, RECORDS_OUT_INTERMEDIATE:0, 
2024-04-24T01:19:11,498  INFO [LocalJobRunner Map Task Executor #0] exec.ReduceSinkOperator: Closing Operator: RS[2]
2024-04-24T01:19:11,498  INFO [LocalJobRunner Map Task Executor #0] exec.ReduceSinkOperator: RS[2]: Total records written - 2. abort - false
2024-04-24T01:19:11,498  INFO [LocalJobRunner Map Task Executor #0] exec.ReduceSinkOperator: RECORDS_OUT_OPERATOR_RS_2:2, RECORDS_OUT_INTERMEDIATE:2, 
2024-04-24T01:19:11,498  INFO [LocalJobRunner Map Task Executor #0] mapred.LocalJobRunner: 
2024-04-24T01:19:11,498  INFO [LocalJobRunner Map Task Executor #0] mapred.MapTask: Starting flush of map output
2024-04-24T01:19:11,498  INFO [LocalJobRunner Map Task Executor #0] mapred.MapTask: Spilling map output
2024-04-24T01:19:11,498  INFO [LocalJobRunner Map Task Executor #0] mapred.MapTask: bufstart = 0; bufend = 334; bufvoid = 104857600
2024-04-24T01:19:11,498  INFO [LocalJobRunner Map Task Executor #0] mapred.MapTask: kvstart = 26214396(104857584); kvend = 26214392(104857568); length = 5/6553600
2024-04-24T01:19:11,506  INFO [LocalJobRunner Map Task Executor #0] mapred.MapTask: Finished spill 0
2024-04-24T01:19:11,509  INFO [LocalJobRunner Map Task Executor #0] mapred.Task: Task:attempt_local2133208227_0052_m_000002_0 is done. And is in the process of committing
2024-04-24T01:19:11,509  INFO [LocalJobRunner Map Task Executor #0] mapred.LocalJobRunner: map
2024-04-24T01:19:11,510  INFO [LocalJobRunner Map Task Executor #0] mapred.Task: Task 'attempt_local2133208227_0052_m_000002_0' done.
2024-04-24T01:19:11,510  INFO [LocalJobRunner Map Task Executor #0] mapred.Task: Final Counters for attempt_local2133208227_0052_m_000002_0: Counters: 24
	File System Counters
		FILE: Number of bytes read=1204396
		FILE: Number of bytes written=61303789
		FILE: Number of read operations=0
		FILE: Number of large read operations=0
		FILE: Number of write operations=0
	Map-Reduce Framework
		Map input records=2
		Map output records=2
		Map output bytes=334
		Map output materialized bytes=346
		Input split bytes=473
		Combine input records=0
		Spilled Records=2
		Failed Shuffles=0
		Merged Map outputs=0
		GC time elapsed (ms)=0
		Total committed heap usage (bytes)=1351090176
	HIVE
		DESERIALIZE_ERRORS=0
		RECORDS_IN=2
		RECORDS_OUT_INTERMEDIATE=2
		RECORDS_OUT_OPERATOR_MAP_0=0
		RECORDS_OUT_OPERATOR_RS_2=2
		RECORDS_OUT_OPERATOR_SEL_1=2
		RECORDS_OUT_OPERATOR_TS_0=2
	File Input Format Counters 
		Bytes Read=5731
2024-04-24T01:19:11,510  INFO [LocalJobRunner Map Task Executor #0] mapred.LocalJobRunner: Finishing task: attempt_local2133208227_0052_m_000002_0
2024-04-24T01:19:11,510  INFO [LocalJobRunner Map Task Executor #0] mapred.LocalJobRunner: Starting task: attempt_local2133208227_0052_m_000003_0
2024-04-24T01:19:11,510  INFO [LocalJobRunner Map Task Executor #0] mapred.Task:  Using ResourceCalculatorProcessTree : [ ]
2024-04-24T01:19:11,510  INFO [LocalJobRunner Map Task Executor #0] mapred.MapTask: Processing split: org.apache.hadoop.hive.ql.io.orc.OrcInputFormat:OrcSplit [file:/home/alex/Repositories/hive/ql/target/tmp/org.apache.hadoop.hive.ql.TestTxnNoBuckets-1713946626176/warehouse/t/000001_0, start=0, length=254, isOriginal=true, fileLength=254, hasFooter=false, hasBase=true, deltas=0]
2024-04-24T01:19:11,511  INFO [LocalJobRunner Map Task Executor #0] exec.SerializationUtilities: Deserializing MapWork using kryo
2024-04-24T01:19:11,511  INFO [LocalJobRunner Map Task Executor #0] exec.Utilities: Deserialized plan (via FILE) - name: null size: 4,60KB
2024-04-24T01:19:11,512  INFO [LocalJobRunner Map Task Executor #0] orc.ReaderImpl: Reading ORC rows from file:/home/alex/Repositories/hive/ql/target/tmp/org.apache.hadoop.hive.ql.TestTxnNoBuckets-1713946626176/warehouse/t/000001_0 with {include: [true, true, true], offset: 0, length: 254, schema: struct<a:int,b:int>, includeAcidColumns: true}
2024-04-24T01:19:11,513  INFO [LocalJobRunner Map Task Executor #0] mapred.MapTask: numReduceTasks: 1
2024-04-24T01:19:11,517  INFO [LocalJobRunner Map Task Executor #0] mapred.MapTask: (EQUATOR) 0 kvi 26214396(104857584)
2024-04-24T01:19:11,517  INFO [LocalJobRunner Map Task Executor #0] mapred.MapTask: mapreduce.task.io.sort.mb: 100
2024-04-24T01:19:11,517  INFO [LocalJobRunner Map Task Executor #0] mapred.MapTask: soft limit at 83886080
2024-04-24T01:19:11,517  INFO [LocalJobRunner Map Task Executor #0] mapred.MapTask: bufstart = 0; bufvoid = 104857600
2024-04-24T01:19:11,517  INFO [LocalJobRunner Map Task Executor #0] mapred.MapTask: kvstart = 26214396; length = 6553600
2024-04-24T01:19:11,518  INFO [LocalJobRunner Map Task Executor #0] mapred.MapTask: Map output collector class = org.apache.hadoop.mapred.MapTask$MapOutputBuffer
2024-04-24T01:19:11,518  INFO [LocalJobRunner Map Task Executor #0] exec.MapOperator: Initializing Operator: MAP[0]
2024-04-24T01:19:11,519  INFO [LocalJobRunner Map Task Executor #0] mr.ExecMapper: 
<MAP>Id =0
  <Children>null
  <\Children>
  <Parent><\Parent>
<\MAP>
2024-04-24T01:19:11,520  INFO [LocalJobRunner Map Task Executor #0] exec.TableScanOperator: Initializing Operator: TS[0]
2024-04-24T01:19:11,520  INFO [LocalJobRunner Map Task Executor #0] exec.SelectOperator: Initializing Operator: SEL[1]
2024-04-24T01:19:11,520  INFO [LocalJobRunner Map Task Executor #0] exec.SelectOperator: SELECT struct<a:int,b:int,input__file__name:string>
2024-04-24T01:19:11,520  INFO [LocalJobRunner Map Task Executor #0] exec.ReduceSinkOperator: Initializing Operator: RS[2]
2024-04-24T01:19:11,520  INFO [LocalJobRunner Map Task Executor #0] exec.ReduceSinkOperator: Using tag = -1
2024-04-24T01:19:11,520  INFO [LocalJobRunner Map Task Executor #0] exec.ReduceSinkOperator: keys are [reducesinkkey0, reducesinkkey1, reducesinkkey2] num distributions: 3
2024-04-24T01:19:11,520  INFO [LocalJobRunner Map Task Executor #0] exec.ReduceSinkOperator: RS[2]: records written - 1
2024-04-24T01:19:11,520  INFO [LocalJobRunner Map Task Executor #0] exec.MapOperator: MAP[0]: records read - 1
2024-04-24T01:19:11,520  INFO [LocalJobRunner Map Task Executor #0] exec.MapOperator: Closing Operator: MAP[0]
2024-04-24T01:19:11,520  INFO [LocalJobRunner Map Task Executor #0] exec.MapOperator: MAP[0]: Total records read - 1. abort - false
2024-04-24T01:19:11,520  INFO [LocalJobRunner Map Task Executor #0] exec.MapOperator: DESERIALIZE_ERRORS:0, RECORDS_IN:1, RECORDS_OUT_INTERMEDIATE:0, RECORDS_OUT_OPERATOR_MAP_0:0, 
2024-04-24T01:19:11,520  INFO [LocalJobRunner Map Task Executor #0] exec.TableScanOperator: Closing Operator: TS[0]
2024-04-24T01:19:11,520  INFO [LocalJobRunner Map Task Executor #0] exec.TableScanOperator: RECORDS_OUT_OPERATOR_TS_0:1, RECORDS_OUT_INTERMEDIATE:0, 
2024-04-24T01:19:11,520  INFO [LocalJobRunner Map Task Executor #0] exec.SelectOperator: Closing Operator: SEL[1]
2024-04-24T01:19:11,520  INFO [LocalJobRunner Map Task Executor #0] exec.SelectOperator: RECORDS_OUT_OPERATOR_SEL_1:1, RECORDS_OUT_INTERMEDIATE:0, 
2024-04-24T01:19:11,521  INFO [LocalJobRunner Map Task Executor #0] exec.ReduceSinkOperator: Closing Operator: RS[2]
2024-04-24T01:19:11,521  INFO [LocalJobRunner Map Task Executor #0] exec.ReduceSinkOperator: RS[2]: Total records written - 1. abort - false
2024-04-24T01:19:11,521  INFO [LocalJobRunner Map Task Executor #0] exec.ReduceSinkOperator: RECORDS_OUT_OPERATOR_RS_2:1, RECORDS_OUT_INTERMEDIATE:1, 
2024-04-24T01:19:11,521  INFO [LocalJobRunner Map Task Executor #0] mapred.LocalJobRunner: 
2024-04-24T01:19:11,521  INFO [LocalJobRunner Map Task Executor #0] mapred.MapTask: Starting flush of map output
2024-04-24T01:19:11,521  INFO [LocalJobRunner Map Task Executor #0] mapred.MapTask: Spilling map output
2024-04-24T01:19:11,521  INFO [LocalJobRunner Map Task Executor #0] mapred.MapTask: bufstart = 0; bufend = 146; bufvoid = 104857600
2024-04-24T01:19:11,521  INFO [LocalJobRunner Map Task Executor #0] mapred.MapTask: kvstart = 26214396(104857584); kvend = 26214396(104857584); length = 1/6553600
2024-04-24T01:19:11,529  INFO [LocalJobRunner Map Task Executor #0] mapred.MapTask: Finished spill 0
2024-04-24T01:19:11,532  INFO [LocalJobRunner Map Task Executor #0] mapred.Task: Task:attempt_local2133208227_0052_m_000003_0 is done. And is in the process of committing
2024-04-24T01:19:11,532  INFO [LocalJobRunner Map Task Executor #0] mapred.LocalJobRunner: map
2024-04-24T01:19:11,532  INFO [LocalJobRunner Map Task Executor #0] mapred.Task: Task 'attempt_local2133208227_0052_m_000003_0' done.
2024-04-24T01:19:11,532  INFO [LocalJobRunner Map Task Executor #0] mapred.Task: Final Counters for attempt_local2133208227_0052_m_000003_0: Counters: 24
	File System Counters
		FILE: Number of bytes read=1212369
		FILE: Number of bytes written=61303976
		FILE: Number of read operations=0
		FILE: Number of large read operations=0
		FILE: Number of write operations=0
	Map-Reduce Framework
		Map input records=1
		Map output records=1
		Map output bytes=146
		Map output materialized bytes=155
		Input split bytes=451
		Combine input records=0
		Spilled Records=1
		Failed Shuffles=0
		Merged Map outputs=0
		GC time elapsed (ms)=0
		Total committed heap usage (bytes)=1351090176
	HIVE
		DESERIALIZE_ERRORS=0
		RECORDS_IN=1
		RECORDS_OUT_INTERMEDIATE=1
		RECORDS_OUT_OPERATOR_MAP_0=0
		RECORDS_OUT_OPERATOR_RS_2=1
		RECORDS_OUT_OPERATOR_SEL_1=1
		RECORDS_OUT_OPERATOR_TS_0=1
	File Input Format Counters 
		Bytes Read=5723
2024-04-24T01:19:11,533  INFO [LocalJobRunner Map Task Executor #0] mapred.LocalJobRunner: Finishing task: attempt_local2133208227_0052_m_000003_0
2024-04-24T01:19:11,533  INFO [LocalJobRunner Map Task Executor #0] mapred.LocalJobRunner: Starting task: attempt_local2133208227_0052_m_000004_0
2024-04-24T01:19:11,533  INFO [LocalJobRunner Map Task Executor #0] mapred.Task:  Using ResourceCalculatorProcessTree : [ ]
2024-04-24T01:19:11,533  INFO [LocalJobRunner Map Task Executor #0] mapred.MapTask: Processing split: org.apache.hadoop.hive.ql.io.orc.OrcInputFormat:OrcSplit [file:/home/alex/Repositories/hive/ql/target/tmp/org.apache.hadoop.hive.ql.TestTxnNoBuckets-1713946626176/warehouse/t/HIVE_UNION_SUBDIR_16/000000_0, start=0, length=254, isOriginal=true, fileLength=254, hasFooter=false, hasBase=true, deltas=0]
2024-04-24T01:19:11,534  INFO [LocalJobRunner Map Task Executor #0] exec.SerializationUtilities: Deserializing MapWork using kryo
2024-04-24T01:19:11,534  INFO [LocalJobRunner Map Task Executor #0] exec.Utilities: Deserialized plan (via FILE) - name: null size: 4,60KB
2024-04-24T01:19:11,535  INFO [LocalJobRunner Map Task Executor #0] orc.ReaderImpl: Reading ORC rows from file:/home/alex/Repositories/hive/ql/target/tmp/org.apache.hadoop.hive.ql.TestTxnNoBuckets-1713946626176/warehouse/t/HIVE_UNION_SUBDIR_16/000000_0 with {include: [true, true, true], offset: 0, length: 254, schema: struct<a:int,b:int>, includeAcidColumns: true}
2024-04-24T01:19:11,535  INFO [LocalJobRunner Map Task Executor #0] mapred.MapTask: numReduceTasks: 1
2024-04-24T01:19:11,540  INFO [LocalJobRunner Map Task Executor #0] mapred.MapTask: (EQUATOR) 0 kvi 26214396(104857584)
2024-04-24T01:19:11,540  INFO [LocalJobRunner Map Task Executor #0] mapred.MapTask: mapreduce.task.io.sort.mb: 100
2024-04-24T01:19:11,540  INFO [LocalJobRunner Map Task Executor #0] mapred.MapTask: soft limit at 83886080
2024-04-24T01:19:11,540  INFO [LocalJobRunner Map Task Executor #0] mapred.MapTask: bufstart = 0; bufvoid = 104857600
2024-04-24T01:19:11,540  INFO [LocalJobRunner Map Task Executor #0] mapred.MapTask: kvstart = 26214396; length = 6553600
2024-04-24T01:19:11,541  INFO [LocalJobRunner Map Task Executor #0] mapred.MapTask: Map output collector class = org.apache.hadoop.mapred.MapTask$MapOutputBuffer
2024-04-24T01:19:11,541  INFO [LocalJobRunner Map Task Executor #0] exec.MapOperator: Initializing Operator: MAP[0]
2024-04-24T01:19:11,542  INFO [LocalJobRunner Map Task Executor #0] mr.ExecMapper: 
<MAP>Id =0
  <Children>null
  <\Children>
  <Parent><\Parent>
<\MAP>
2024-04-24T01:19:11,542  INFO [LocalJobRunner Map Task Executor #0] exec.TableScanOperator: Initializing Operator: TS[0]
2024-04-24T01:19:11,543  INFO [LocalJobRunner Map Task Executor #0] exec.SelectOperator: Initializing Operator: SEL[1]
2024-04-24T01:19:11,543  INFO [LocalJobRunner Map Task Executor #0] exec.SelectOperator: SELECT struct<a:int,b:int,input__file__name:string>
2024-04-24T01:19:11,543  INFO [LocalJobRunner Map Task Executor #0] exec.ReduceSinkOperator: Initializing Operator: RS[2]
2024-04-24T01:19:11,543  INFO [LocalJobRunner Map Task Executor #0] exec.ReduceSinkOperator: Using tag = -1
2024-04-24T01:19:11,543  INFO [LocalJobRunner Map Task Executor #0] exec.ReduceSinkOperator: keys are [reducesinkkey0, reducesinkkey1, reducesinkkey2] num distributions: 3
2024-04-24T01:19:11,543  INFO [LocalJobRunner Map Task Executor #0] exec.ReduceSinkOperator: RS[2]: records written - 1
2024-04-24T01:19:11,543  INFO [LocalJobRunner Map Task Executor #0] exec.MapOperator: MAP[0]: records read - 1
2024-04-24T01:19:11,543  INFO [LocalJobRunner Map Task Executor #0] exec.MapOperator: Closing Operator: MAP[0]
2024-04-24T01:19:11,543  INFO [LocalJobRunner Map Task Executor #0] exec.MapOperator: MAP[0]: Total records read - 1. abort - false
2024-04-24T01:19:11,543  INFO [LocalJobRunner Map Task Executor #0] exec.MapOperator: RECORDS_OUT_OPERATOR_MAP_0:0, RECORDS_OUT_INTERMEDIATE:0, DESERIALIZE_ERRORS:0, RECORDS_IN:1, 
2024-04-24T01:19:11,543  INFO [LocalJobRunner Map Task Executor #0] exec.TableScanOperator: Closing Operator: TS[0]
2024-04-24T01:19:11,543  INFO [LocalJobRunner Map Task Executor #0] exec.TableScanOperator: RECORDS_OUT_INTERMEDIATE:0, RECORDS_OUT_OPERATOR_TS_0:1, 
2024-04-24T01:19:11,544  INFO [LocalJobRunner Map Task Executor #0] exec.SelectOperator: Closing Operator: SEL[1]
2024-04-24T01:19:11,544  INFO [LocalJobRunner Map Task Executor #0] exec.SelectOperator: RECORDS_OUT_INTERMEDIATE:0, RECORDS_OUT_OPERATOR_SEL_1:1, 
2024-04-24T01:19:11,544  INFO [LocalJobRunner Map Task Executor #0] exec.ReduceSinkOperator: Closing Operator: RS[2]
2024-04-24T01:19:11,544  INFO [LocalJobRunner Map Task Executor #0] exec.ReduceSinkOperator: RS[2]: Total records written - 1. abort - false
2024-04-24T01:19:11,544  INFO [LocalJobRunner Map Task Executor #0] exec.ReduceSinkOperator: RECORDS_OUT_INTERMEDIATE:1, RECORDS_OUT_OPERATOR_RS_2:1, 
2024-04-24T01:19:11,544  INFO [LocalJobRunner Map Task Executor #0] mapred.LocalJobRunner: 
2024-04-24T01:19:11,544  INFO [LocalJobRunner Map Task Executor #0] mapred.MapTask: Starting flush of map output
2024-04-24T01:19:11,544  INFO [LocalJobRunner Map Task Executor #0] mapred.MapTask: Spilling map output
2024-04-24T01:19:11,544  INFO [LocalJobRunner Map Task Executor #0] mapred.MapTask: bufstart = 0; bufend = 167; bufvoid = 104857600
2024-04-24T01:19:11,544  INFO [LocalJobRunner Map Task Executor #0] mapred.MapTask: kvstart = 26214396(104857584); kvend = 26214396(104857584); length = 1/6553600
2024-04-24T01:19:11,552  INFO [LocalJobRunner Map Task Executor #0] mapred.MapTask: Finished spill 0
2024-04-24T01:19:11,555  INFO [LocalJobRunner Map Task Executor #0] mapred.Task: Task:attempt_local2133208227_0052_m_000004_0 is done. And is in the process of committing
2024-04-24T01:19:11,555  INFO [LocalJobRunner Map Task Executor #0] mapred.LocalJobRunner: map
2024-04-24T01:19:11,555  INFO [LocalJobRunner Map Task Executor #0] mapred.Task: Task 'attempt_local2133208227_0052_m_000004_0' done.
2024-04-24T01:19:11,555  INFO [LocalJobRunner Map Task Executor #0] mapred.Task: Final Counters for attempt_local2133208227_0052_m_000004_0: Counters: 24
	File System Counters
		FILE: Number of bytes read=1219830
		FILE: Number of bytes written=61304184
		FILE: Number of read operations=0
		FILE: Number of large read operations=0
		FILE: Number of write operations=0
	Map-Reduce Framework
		Map input records=1
		Map output records=1
		Map output bytes=167
		Map output materialized bytes=176
		Input split bytes=473
		Combine input records=0
		Spilled Records=1
		Failed Shuffles=0
		Merged Map outputs=0
		GC time elapsed (ms)=0
		Total committed heap usage (bytes)=1351090176
	HIVE
		DESERIALIZE_ERRORS=0
		RECORDS_IN=1
		RECORDS_OUT_INTERMEDIATE=1
		RECORDS_OUT_OPERATOR_MAP_0=0
		RECORDS_OUT_OPERATOR_RS_2=1
		RECORDS_OUT_OPERATOR_SEL_1=1
		RECORDS_OUT_OPERATOR_TS_0=1
	File Input Format Counters 
		Bytes Read=5723
2024-04-24T01:19:11,555  INFO [LocalJobRunner Map Task Executor #0] mapred.LocalJobRunner: Finishing task: attempt_local2133208227_0052_m_000004_0
2024-04-24T01:19:11,555  INFO [LocalJobRunner Map Task Executor #0] mapred.LocalJobRunner: Starting task: attempt_local2133208227_0052_m_000005_0
2024-04-24T01:19:11,556  INFO [LocalJobRunner Map Task Executor #0] mapred.Task:  Using ResourceCalculatorProcessTree : [ ]
2024-04-24T01:19:11,556  INFO [LocalJobRunner Map Task Executor #0] mapred.MapTask: Processing split: org.apache.hadoop.hive.ql.io.orc.OrcInputFormat:OrcSplit [file:/home/alex/Repositories/hive/ql/target/tmp/org.apache.hadoop.hive.ql.TestTxnNoBuckets-1713946626176/warehouse/t/000002_0, start=0, length=254, isOriginal=true, fileLength=254, hasFooter=false, hasBase=true, deltas=0]
2024-04-24T01:19:11,557  INFO [LocalJobRunner Map Task Executor #0] exec.SerializationUtilities: Deserializing MapWork using kryo
2024-04-24T01:19:11,557  INFO [LocalJobRunner Map Task Executor #0] exec.Utilities: Deserialized plan (via FILE) - name: null size: 4,60KB
2024-04-24T01:19:11,558  INFO [LocalJobRunner Map Task Executor #0] orc.ReaderImpl: Reading ORC rows from file:/home/alex/Repositories/hive/ql/target/tmp/org.apache.hadoop.hive.ql.TestTxnNoBuckets-1713946626176/warehouse/t/000002_0 with {include: [true, true, true], offset: 0, length: 254, schema: struct<a:int,b:int>, includeAcidColumns: true}
2024-04-24T01:19:11,558  INFO [LocalJobRunner Map Task Executor #0] mapred.MapTask: numReduceTasks: 1
2024-04-24T01:19:11,563  INFO [LocalJobRunner Map Task Executor #0] mapred.MapTask: (EQUATOR) 0 kvi 26214396(104857584)
2024-04-24T01:19:11,563  INFO [LocalJobRunner Map Task Executor #0] mapred.MapTask: mapreduce.task.io.sort.mb: 100
2024-04-24T01:19:11,563  INFO [LocalJobRunner Map Task Executor #0] mapred.MapTask: soft limit at 83886080
2024-04-24T01:19:11,563  INFO [LocalJobRunner Map Task Executor #0] mapred.MapTask: bufstart = 0; bufvoid = 104857600
2024-04-24T01:19:11,563  INFO [LocalJobRunner Map Task Executor #0] mapred.MapTask: kvstart = 26214396; length = 6553600
2024-04-24T01:19:11,563  INFO [LocalJobRunner Map Task Executor #0] mapred.MapTask: Map output collector class = org.apache.hadoop.mapred.MapTask$MapOutputBuffer
2024-04-24T01:19:11,564  INFO [LocalJobRunner Map Task Executor #0] exec.MapOperator: Initializing Operator: MAP[0]
2024-04-24T01:19:11,565  INFO [LocalJobRunner Map Task Executor #0] mr.ExecMapper: 
<MAP>Id =0
  <Children>null
  <\Children>
  <Parent><\Parent>
<\MAP>
2024-04-24T01:19:11,565  INFO [LocalJobRunner Map Task Executor #0] exec.TableScanOperator: Initializing Operator: TS[0]
2024-04-24T01:19:11,565  INFO [LocalJobRunner Map Task Executor #0] exec.SelectOperator: Initializing Operator: SEL[1]
2024-04-24T01:19:11,565  INFO [LocalJobRunner Map Task Executor #0] exec.SelectOperator: SELECT struct<a:int,b:int,input__file__name:string>
2024-04-24T01:19:11,565  INFO [LocalJobRunner Map Task Executor #0] exec.ReduceSinkOperator: Initializing Operator: RS[2]
2024-04-24T01:19:11,565  INFO [LocalJobRunner Map Task Executor #0] exec.ReduceSinkOperator: Using tag = -1
2024-04-24T01:19:11,566  INFO [LocalJobRunner Map Task Executor #0] exec.ReduceSinkOperator: keys are [reducesinkkey0, reducesinkkey1, reducesinkkey2] num distributions: 3
2024-04-24T01:19:11,566  INFO [LocalJobRunner Map Task Executor #0] exec.ReduceSinkOperator: RS[2]: records written - 1
2024-04-24T01:19:11,566  INFO [LocalJobRunner Map Task Executor #0] exec.MapOperator: MAP[0]: records read - 1
2024-04-24T01:19:11,566  INFO [LocalJobRunner Map Task Executor #0] exec.MapOperator: Closing Operator: MAP[0]
2024-04-24T01:19:11,566  INFO [LocalJobRunner Map Task Executor #0] exec.MapOperator: MAP[0]: Total records read - 2. abort - false
2024-04-24T01:19:11,566  INFO [LocalJobRunner Map Task Executor #0] exec.MapOperator: RECORDS_IN:2, RECORDS_OUT_OPERATOR_MAP_0:0, RECORDS_OUT_INTERMEDIATE:0, DESERIALIZE_ERRORS:0, 
2024-04-24T01:19:11,566  INFO [LocalJobRunner Map Task Executor #0] exec.TableScanOperator: Closing Operator: TS[0]
2024-04-24T01:19:11,566  INFO [LocalJobRunner Map Task Executor #0] exec.TableScanOperator: RECORDS_OUT_INTERMEDIATE:0, RECORDS_OUT_OPERATOR_TS_0:2, 
2024-04-24T01:19:11,566  INFO [LocalJobRunner Map Task Executor #0] exec.SelectOperator: Closing Operator: SEL[1]
2024-04-24T01:19:11,566  INFO [LocalJobRunner Map Task Executor #0] exec.SelectOperator: RECORDS_OUT_INTERMEDIATE:0, RECORDS_OUT_OPERATOR_SEL_1:2, 
2024-04-24T01:19:11,566  INFO [LocalJobRunner Map Task Executor #0] exec.ReduceSinkOperator: Closing Operator: RS[2]
2024-04-24T01:19:11,566  INFO [LocalJobRunner Map Task Executor #0] exec.ReduceSinkOperator: RS[2]: Total records written - 2. abort - false
2024-04-24T01:19:11,566  INFO [LocalJobRunner Map Task Executor #0] exec.ReduceSinkOperator: RECORDS_OUT_OPERATOR_RS_2:2, RECORDS_OUT_INTERMEDIATE:2, 
2024-04-24T01:19:11,566  INFO [LocalJobRunner Map Task Executor #0] mapred.LocalJobRunner: 
2024-04-24T01:19:11,566  INFO [LocalJobRunner Map Task Executor #0] mapred.MapTask: Starting flush of map output
2024-04-24T01:19:11,566  INFO [LocalJobRunner Map Task Executor #0] mapred.MapTask: Spilling map output
2024-04-24T01:19:11,566  INFO [LocalJobRunner Map Task Executor #0] mapred.MapTask: bufstart = 0; bufend = 292; bufvoid = 104857600
2024-04-24T01:19:11,566  INFO [LocalJobRunner Map Task Executor #0] mapred.MapTask: kvstart = 26214396(104857584); kvend = 26214392(104857568); length = 5/6553600
2024-04-24T01:19:11,574  INFO [LocalJobRunner Map Task Executor #0] mapred.MapTask: Finished spill 0
2024-04-24T01:19:11,577  INFO [LocalJobRunner Map Task Executor #0] mapred.Task: Task:attempt_local2133208227_0052_m_000005_0 is done. And is in the process of committing
2024-04-24T01:19:11,577  INFO [LocalJobRunner Map Task Executor #0] mapred.LocalJobRunner: map
2024-04-24T01:19:11,577  INFO [LocalJobRunner Map Task Executor #0] mapred.Task: Task 'attempt_local2133208227_0052_m_000005_0' done.
2024-04-24T01:19:11,578  INFO [LocalJobRunner Map Task Executor #0] mapred.Task: Final Counters for attempt_local2133208227_0052_m_000005_0: Counters: 24
	File System Counters
		FILE: Number of bytes read=1226779
		FILE: Number of bytes written=61304520
		FILE: Number of read operations=0
		FILE: Number of large read operations=0
		FILE: Number of write operations=0
	Map-Reduce Framework
		Map input records=2
		Map output records=2
		Map output bytes=292
		Map output materialized bytes=304
		Input split bytes=451
		Combine input records=0
		Spilled Records=2
		Failed Shuffles=0
		Merged Map outputs=0
		GC time elapsed (ms)=0
		Total committed heap usage (bytes)=1351090176
	HIVE
		DESERIALIZE_ERRORS=0
		RECORDS_IN=2
		RECORDS_OUT_INTERMEDIATE=2
		RECORDS_OUT_OPERATOR_MAP_0=0
		RECORDS_OUT_OPERATOR_RS_2=2
		RECORDS_OUT_OPERATOR_SEL_1=2
		RECORDS_OUT_OPERATOR_TS_0=2
	File Input Format Counters 
		Bytes Read=5723
2024-04-24T01:19:11,578  INFO [LocalJobRunner Map Task Executor #0] mapred.LocalJobRunner: Finishing task: attempt_local2133208227_0052_m_000005_0
2024-04-24T01:19:11,578  INFO [LocalJobRunner Map Task Executor #0] mapred.LocalJobRunner: Starting task: attempt_local2133208227_0052_m_000006_0
2024-04-24T01:19:11,578  INFO [LocalJobRunner Map Task Executor #0] mapred.Task:  Using ResourceCalculatorProcessTree : [ ]
2024-04-24T01:19:11,579  INFO [LocalJobRunner Map Task Executor #0] mapred.MapTask: Processing split: org.apache.hadoop.hive.ql.io.orc.OrcInputFormat:OrcSplit [file:/home/alex/Repositories/hive/ql/target/tmp/org.apache.hadoop.hive.ql.TestTxnNoBuckets-1713946626176/warehouse/t/000000_0_copy_1, start=0, length=241, isOriginal=true, fileLength=241, hasFooter=false, hasBase=true, deltas=0]
2024-04-24T01:19:11,579  INFO [LocalJobRunner Map Task Executor #0] exec.SerializationUtilities: Deserializing MapWork using kryo
2024-04-24T01:19:11,579  INFO [LocalJobRunner Map Task Executor #0] exec.Utilities: Deserialized plan (via FILE) - name: null size: 4,60KB
2024-04-24T01:19:11,580  INFO [LocalJobRunner Map Task Executor #0] orc.ReaderImpl: Reading ORC rows from file:/home/alex/Repositories/hive/ql/target/tmp/org.apache.hadoop.hive.ql.TestTxnNoBuckets-1713946626176/warehouse/t/000000_0_copy_1 with {include: [true, true, true], offset: 0, length: 241, schema: struct<a:int,b:int>, includeAcidColumns: true}
2024-04-24T01:19:11,580  INFO [LocalJobRunner Map Task Executor #0] mapred.MapTask: numReduceTasks: 1
2024-04-24T01:19:11,595  INFO [LocalJobRunner Map Task Executor #0] mapred.MapTask: (EQUATOR) 0 kvi 26214396(104857584)
2024-04-24T01:19:11,595  INFO [LocalJobRunner Map Task Executor #0] mapred.MapTask: mapreduce.task.io.sort.mb: 100
2024-04-24T01:19:11,595  INFO [LocalJobRunner Map Task Executor #0] mapred.MapTask: soft limit at 83886080
2024-04-24T01:19:11,595  INFO [LocalJobRunner Map Task Executor #0] mapred.MapTask: bufstart = 0; bufvoid = 104857600
2024-04-24T01:19:11,595  INFO [LocalJobRunner Map Task Executor #0] mapred.MapTask: kvstart = 26214396; length = 6553600
2024-04-24T01:19:11,596  INFO [LocalJobRunner Map Task Executor #0] mapred.MapTask: Map output collector class = org.apache.hadoop.mapred.MapTask$MapOutputBuffer
2024-04-24T01:19:11,596  INFO [LocalJobRunner Map Task Executor #0] exec.MapOperator: Initializing Operator: MAP[0]
2024-04-24T01:19:11,597  INFO [LocalJobRunner Map Task Executor #0] mr.ExecMapper: 
<MAP>Id =0
  <Children>null
  <\Children>
  <Parent><\Parent>
<\MAP>
2024-04-24T01:19:11,598  INFO [LocalJobRunner Map Task Executor #0] exec.TableScanOperator: Initializing Operator: TS[0]
2024-04-24T01:19:11,598  INFO [LocalJobRunner Map Task Executor #0] exec.SelectOperator: Initializing Operator: SEL[1]
2024-04-24T01:19:11,598  INFO [LocalJobRunner Map Task Executor #0] exec.SelectOperator: SELECT struct<a:int,b:int,input__file__name:string>
2024-04-24T01:19:11,598  INFO [LocalJobRunner Map Task Executor #0] exec.ReduceSinkOperator: Initializing Operator: RS[2]
2024-04-24T01:19:11,598  INFO [LocalJobRunner Map Task Executor #0] exec.ReduceSinkOperator: Using tag = -1
2024-04-24T01:19:11,598  INFO [LocalJobRunner Map Task Executor #0] exec.ReduceSinkOperator: keys are [reducesinkkey0, reducesinkkey1, reducesinkkey2] num distributions: 3
2024-04-24T01:19:11,598  INFO [LocalJobRunner Map Task Executor #0] exec.ReduceSinkOperator: RS[2]: records written - 1
2024-04-24T01:19:11,598  INFO [LocalJobRunner Map Task Executor #0] exec.MapOperator: MAP[0]: records read - 1
2024-04-24T01:19:11,598  INFO [LocalJobRunner Map Task Executor #0] exec.MapOperator: Closing Operator: MAP[0]
2024-04-24T01:19:11,598  INFO [LocalJobRunner Map Task Executor #0] exec.MapOperator: MAP[0]: Total records read - 1. abort - false
2024-04-24T01:19:11,598  INFO [LocalJobRunner Map Task Executor #0] exec.MapOperator: RECORDS_IN:1, RECORDS_OUT_OPERATOR_MAP_0:0, DESERIALIZE_ERRORS:0, RECORDS_OUT_INTERMEDIATE:0, 
2024-04-24T01:19:11,598  INFO [LocalJobRunner Map Task Executor #0] exec.TableScanOperator: Closing Operator: TS[0]
2024-04-24T01:19:11,599  INFO [LocalJobRunner Map Task Executor #0] exec.TableScanOperator: RECORDS_OUT_OPERATOR_TS_0:1, RECORDS_OUT_INTERMEDIATE:0, 
2024-04-24T01:19:11,599  INFO [LocalJobRunner Map Task Executor #0] exec.SelectOperator: Closing Operator: SEL[1]
2024-04-24T01:19:11,599  INFO [LocalJobRunner Map Task Executor #0] exec.SelectOperator: RECORDS_OUT_OPERATOR_SEL_1:1, RECORDS_OUT_INTERMEDIATE:0, 
2024-04-24T01:19:11,599  INFO [LocalJobRunner Map Task Executor #0] exec.ReduceSinkOperator: Closing Operator: RS[2]
2024-04-24T01:19:11,599  INFO [LocalJobRunner Map Task Executor #0] exec.ReduceSinkOperator: RS[2]: Total records written - 1. abort - false
2024-04-24T01:19:11,599  INFO [LocalJobRunner Map Task Executor #0] exec.ReduceSinkOperator: RECORDS_OUT_INTERMEDIATE:1, RECORDS_OUT_OPERATOR_RS_2:1, 
2024-04-24T01:19:11,599  INFO [LocalJobRunner Map Task Executor #0] mapred.LocalJobRunner: 
2024-04-24T01:19:11,599  INFO [LocalJobRunner Map Task Executor #0] mapred.MapTask: Starting flush of map output
2024-04-24T01:19:11,599  INFO [LocalJobRunner Map Task Executor #0] mapred.MapTask: Spilling map output
2024-04-24T01:19:11,599  INFO [LocalJobRunner Map Task Executor #0] mapred.MapTask: bufstart = 0; bufend = 153; bufvoid = 104857600
2024-04-24T01:19:11,599  INFO [LocalJobRunner Map Task Executor #0] mapred.MapTask: kvstart = 26214396(104857584); kvend = 26214396(104857584); length = 1/6553600
2024-04-24T01:19:11,607  INFO [LocalJobRunner Map Task Executor #0] mapred.MapTask: Finished spill 0
2024-04-24T01:19:11,610  INFO [LocalJobRunner Map Task Executor #0] mapred.Task: Task:attempt_local2133208227_0052_m_000006_0 is done. And is in the process of committing
2024-04-24T01:19:11,610  INFO [LocalJobRunner Map Task Executor #0] mapred.LocalJobRunner: map
2024-04-24T01:19:11,610  INFO [LocalJobRunner Map Task Executor #0] mapred.Task: Task 'attempt_local2133208227_0052_m_000006_0' done.
2024-04-24T01:19:11,610  INFO [LocalJobRunner Map Task Executor #0] mapred.Task: Final Counters for attempt_local2133208227_0052_m_000006_0: Counters: 24
	File System Counters
		FILE: Number of bytes read=1233164
		FILE: Number of bytes written=61304714
		FILE: Number of read operations=0
		FILE: Number of large read operations=0
		FILE: Number of write operations=0
	Map-Reduce Framework
		Map input records=1
		Map output records=1
		Map output bytes=153
		Map output materialized bytes=162
		Input split bytes=459
		Combine input records=0
		Spilled Records=1
		Failed Shuffles=0
		Merged Map outputs=0
		GC time elapsed (ms)=10
		Total committed heap usage (bytes)=1350041600
	HIVE
		DESERIALIZE_ERRORS=0
		RECORDS_IN=1
		RECORDS_OUT_INTERMEDIATE=1
		RECORDS_OUT_OPERATOR_MAP_0=0
		RECORDS_OUT_OPERATOR_RS_2=1
		RECORDS_OUT_OPERATOR_SEL_1=1
		RECORDS_OUT_OPERATOR_TS_0=1
	File Input Format Counters 
		Bytes Read=5671
2024-04-24T01:19:11,610  INFO [LocalJobRunner Map Task Executor #0] mapred.LocalJobRunner: Finishing task: attempt_local2133208227_0052_m_000006_0
2024-04-24T01:19:11,610  INFO [Thread-3347] mapred.LocalJobRunner: map task executor complete.
2024-04-24T01:19:11,611  INFO [Thread-3347] mapred.LocalJobRunner: Waiting for reduce tasks
2024-04-24T01:19:11,611  INFO [pool-224-thread-1] mapred.LocalJobRunner: Starting task: attempt_local2133208227_0052_r_000000_0
2024-04-24T01:19:11,612  INFO [pool-224-thread-1] mapred.Task:  Using ResourceCalculatorProcessTree : [ ]
2024-04-24T01:19:11,612  INFO [pool-224-thread-1] mapred.ReduceTask: Using ShuffleConsumerPlugin: org.apache.hadoop.mapreduce.task.reduce.Shuffle@61142850
2024-04-24T01:19:11,612  WARN [pool-224-thread-1] impl.MetricsSystemImpl: JobTracker metrics system already initialized!
2024-04-24T01:19:11,613  INFO [pool-224-thread-1] reduce.MergeManagerImpl: MergerManager: memoryLimit=1336252800, maxSingleShuffleLimit=334063200, mergeThreshold=881926912, ioSortFactor=10, memToMemMergeOutputsThreshold=10
2024-04-24T01:19:11,614  INFO [EventFetcher for fetching Map Completion Events] reduce.EventFetcher: attempt_local2133208227_0052_r_000000_0 Thread started: EventFetcher for fetching Map Completion Events
2024-04-24T01:19:11,616  INFO [localfetcher#32] reduce.LocalFetcher: localfetcher#32 about to shuffle output of map attempt_local2133208227_0052_m_000004_0 decomp: 172 len: 176 to MEMORY
2024-04-24T01:19:11,616  INFO [localfetcher#32] reduce.InMemoryMapOutput: Read 172 bytes from map-output for attempt_local2133208227_0052_m_000004_0
2024-04-24T01:19:11,617  INFO [localfetcher#32] reduce.MergeManagerImpl: closeInMemoryFile -> map-output of size: 172, inMemoryMapOutputs.size() -> 1, commitMemory -> 0, usedMemory ->172
2024-04-24T01:19:11,619  INFO [localfetcher#32] reduce.LocalFetcher: localfetcher#32 about to shuffle output of map attempt_local2133208227_0052_m_000003_0 decomp: 151 len: 155 to MEMORY
2024-04-24T01:19:11,619  INFO [localfetcher#32] reduce.InMemoryMapOutput: Read 151 bytes from map-output for attempt_local2133208227_0052_m_000003_0
2024-04-24T01:19:11,619  INFO [localfetcher#32] reduce.MergeManagerImpl: closeInMemoryFile -> map-output of size: 151, inMemoryMapOutputs.size() -> 2, commitMemory -> 172, usedMemory ->323
2024-04-24T01:19:11,621  INFO [localfetcher#32] reduce.LocalFetcher: localfetcher#32 about to shuffle output of map attempt_local2133208227_0052_m_000000_0 decomp: 172 len: 176 to MEMORY
2024-04-24T01:19:11,621  INFO [localfetcher#32] reduce.InMemoryMapOutput: Read 172 bytes from map-output for attempt_local2133208227_0052_m_000000_0
2024-04-24T01:19:11,621  INFO [localfetcher#32] reduce.MergeManagerImpl: closeInMemoryFile -> map-output of size: 172, inMemoryMapOutputs.size() -> 3, commitMemory -> 323, usedMemory ->495
2024-04-24T01:19:11,623  INFO [localfetcher#32] reduce.LocalFetcher: localfetcher#32 about to shuffle output of map attempt_local2133208227_0052_m_000002_0 decomp: 342 len: 346 to MEMORY
2024-04-24T01:19:11,623  INFO [localfetcher#32] reduce.InMemoryMapOutput: Read 342 bytes from map-output for attempt_local2133208227_0052_m_000002_0
2024-04-24T01:19:11,623  INFO [localfetcher#32] reduce.MergeManagerImpl: closeInMemoryFile -> map-output of size: 342, inMemoryMapOutputs.size() -> 4, commitMemory -> 495, usedMemory ->837
2024-04-24T01:19:11,625  INFO [localfetcher#32] reduce.LocalFetcher: localfetcher#32 about to shuffle output of map attempt_local2133208227_0052_m_000005_0 decomp: 300 len: 304 to MEMORY
2024-04-24T01:19:11,625  INFO [localfetcher#32] reduce.InMemoryMapOutput: Read 300 bytes from map-output for attempt_local2133208227_0052_m_000005_0
2024-04-24T01:19:11,625  INFO [localfetcher#32] reduce.MergeManagerImpl: closeInMemoryFile -> map-output of size: 300, inMemoryMapOutputs.size() -> 5, commitMemory -> 837, usedMemory ->1137
2024-04-24T01:19:11,627  INFO [localfetcher#32] reduce.LocalFetcher: localfetcher#32 about to shuffle output of map attempt_local2133208227_0052_m_000006_0 decomp: 158 len: 162 to MEMORY
2024-04-24T01:19:11,627  INFO [localfetcher#32] reduce.InMemoryMapOutput: Read 158 bytes from map-output for attempt_local2133208227_0052_m_000006_0
2024-04-24T01:19:11,628  INFO [localfetcher#32] reduce.MergeManagerImpl: closeInMemoryFile -> map-output of size: 158, inMemoryMapOutputs.size() -> 6, commitMemory -> 1137, usedMemory ->1295
2024-04-24T01:19:11,630  INFO [localfetcher#32] reduce.LocalFetcher: localfetcher#32 about to shuffle output of map attempt_local2133208227_0052_m_000001_0 decomp: 300 len: 304 to MEMORY
2024-04-24T01:19:11,630  INFO [localfetcher#32] reduce.InMemoryMapOutput: Read 300 bytes from map-output for attempt_local2133208227_0052_m_000001_0
2024-04-24T01:19:11,630  INFO [localfetcher#32] reduce.MergeManagerImpl: closeInMemoryFile -> map-output of size: 300, inMemoryMapOutputs.size() -> 7, commitMemory -> 1295, usedMemory ->1595
2024-04-24T01:19:11,630  INFO [EventFetcher for fetching Map Completion Events] reduce.EventFetcher: EventFetcher is interrupted.. Returning
2024-04-24T01:19:11,630  INFO [pool-224-thread-1] mapred.LocalJobRunner: 7 / 7 copied.
2024-04-24T01:19:11,630  INFO [pool-224-thread-1] reduce.MergeManagerImpl: finalMerge called with 7 in-memory map-outputs and 0 on-disk map-outputs
2024-04-24T01:19:11,637  INFO [pool-224-thread-1] mapred.Merger: Merging 7 sorted segments
2024-04-24T01:19:11,637  INFO [pool-224-thread-1] mapred.Merger: Down to the last merge-pass, with 7 segments left of total size: 510 bytes
2024-04-24T01:19:11,639  INFO [pool-224-thread-1] reduce.MergeManagerImpl: Merged 7 segments, 1595 bytes to disk to satisfy reduce memory limit
2024-04-24T01:19:11,640  INFO [pool-224-thread-1] reduce.MergeManagerImpl: Merging 1 files, 1587 bytes from disk
2024-04-24T01:19:11,640  INFO [pool-224-thread-1] reduce.MergeManagerImpl: Merging 0 segments, 0 bytes from memory into reduce
2024-04-24T01:19:11,640  INFO [pool-224-thread-1] mapred.Merger: Merging 1 sorted segments
2024-04-24T01:19:11,640  INFO [pool-224-thread-1] mapred.Merger: Down to the last merge-pass, with 1 segments left of total size: 1438 bytes
2024-04-24T01:19:11,640  INFO [pool-224-thread-1] mapred.LocalJobRunner: 7 / 7 copied.
2024-04-24T01:19:11,641  INFO [pool-224-thread-1] exec.SerializationUtilities: Deserializing ReduceWork using kryo
2024-04-24T01:19:11,641  INFO [pool-224-thread-1] exec.Utilities: Deserialized plan (via FILE) - name: null size: 5,69KB
2024-04-24T01:19:11,643  INFO [pool-224-thread-1] ExecReducer: 
<SEL>Id =3
  <Children>
    <FS>Id =4
      <Children>
      <\Children>
      <Parent>Id = 3 null<\Parent>
    <\FS>
  <\Children>
  <Parent><\Parent>
<\SEL>
2024-04-24T01:19:11,643  INFO [pool-224-thread-1] exec.SelectOperator: Initializing Operator: SEL[3]
2024-04-24T01:19:11,643  INFO [pool-224-thread-1] exec.SelectOperator: SELECT struct<key:struct<reducesinkkey0:int,reducesinkkey1:int,reducesinkkey2:string>,value:struct<>>
2024-04-24T01:19:11,643  INFO [pool-224-thread-1] exec.FileSinkOperator: Initializing Operator: FS[4]
2024-04-24T01:19:11,643  INFO [pool-224-thread-1] exec.FileSinkOperator: Using serializer : class org.apache.hadoop.hive.serde2.lazy.LazySimpleSerDe [serdeParams=org.apache.hadoop.hive.serde2.lazy.LazySerDeParameters@61ce5d69, cachedObjectInspector=org.apache.hadoop.hive.serde2.lazy.objectinspector.LazySimpleStructObjectInspector<org.apache.hadoop.hive.serde2.lazy.objectinspector.primitive.LazyIntObjectInspector@6ddeeb78,org.apache.hadoop.hive.serde2.lazy.objectinspector.primitive.LazyIntObjectInspector@6ddeeb78,org.apache.hadoop.hive.serde2.lazy.objectinspector.primitive.LazyStringObjectInspector@266b7d1>, serializedSize=0, stats=org.apache.hadoop.hive.serde2.SerDeStats@2974946c, lastOperationSerialize=false, lastOperationDeserialize=false [1, 2, 3, 4, 5, 6, 7, 8, 11, 14, 15, 16, 17, 18, 19, 20, 21, 22, 23, 24, 25, 26, 28, 29, 30, 31, -128, -127, -126, -125, -124, -123, -122, -121, -120, -119, -118, -117, -116, -115, -114, -113, -112, -111, -110, -109, -108, -107, -106, -105, -104, -103, -102, -101, -100, -99, -98, -97, -96, -95, -94, -93, -92, -91, -90, -89, -88, -87, -86, -85, -84, -83, -82, -81, -80, -79, -78, -77, -76, -75, -74, -73, -72, -71, -70, -69, -68, -67, -66, -65, -64, -63, -62, -61, -60, -59, -58, -57, -56, -55, -54, -53, -52, -51, -50, -49, -48, -47, -46, -45, -44, -43, -42, -41, -40, -39, -38, -37, -36, -35, -34, -33, -32, -31, -30, -29, -28, -27, -26, -25, -24, -23, -22, -21, -20, -19, -18, -17, -16, -15, -14, -13, -12, -11, -10, -9, -8, -7, -6, -5, -4, -3, -2, -1] : [_col0, _col1, _col2] : [int, int, string]] and formatter : org.apache.hadoop.hive.ql.io.HiveSequenceFileOutputFormat@d722159
2024-04-24T01:19:11,644  INFO [pool-224-thread-1] exec.FileSinkOperator: Final Path: FS file:/home/alex/Repositories/hive/ql/target/tmp/localscratchdir/e00dbb5c-6c74-4674-b714-4428495d65b6/hive_2024-04-24_01-19-10_991_1484606026501639605-1/-mr-10001/.hive-staging_hive_2024-04-24_01-19-10_991_1484606026501639605-1/_tmp.-ext-10002/000000_0
2024-04-24T01:19:11,644  INFO [pool-224-thread-1] exec.FileSinkOperator: Writing to temp file: FS file:/home/alex/Repositories/hive/ql/target/tmp/localscratchdir/e00dbb5c-6c74-4674-b714-4428495d65b6/hive_2024-04-24_01-19-10_991_1484606026501639605-1/-mr-10001/.hive-staging_hive_2024-04-24_01-19-10_991_1484606026501639605-1/_task_tmp.-ext-10002/_tmp.000000_0
2024-04-24T01:19:11,644  INFO [pool-224-thread-1] exec.FileSinkOperator: New Final Path: FS file:/home/alex/Repositories/hive/ql/target/tmp/localscratchdir/e00dbb5c-6c74-4674-b714-4428495d65b6/hive_2024-04-24_01-19-10_991_1484606026501639605-1/-mr-10001/.hive-staging_hive_2024-04-24_01-19-10_991_1484606026501639605-1/_tmp.-ext-10002/000000_0
2024-04-24T01:19:11,651  INFO [pool-224-thread-1] exec.FileSinkOperator: FS[4]: records written - 1
2024-04-24T01:19:11,653  INFO [pool-224-thread-1] exec.FileSinkOperator: FS[4]: records written - 10
2024-04-24T01:19:11,653  INFO [pool-224-thread-1] exec.SelectOperator: Closing Operator: SEL[3]
2024-04-24T01:19:11,653  INFO [pool-224-thread-1] exec.SelectOperator: RECORDS_OUT_INTERMEDIATE:0, RECORDS_OUT_OPERATOR_SEL_3:10, 
2024-04-24T01:19:11,653  INFO [pool-224-thread-1] exec.FileSinkOperator: Closing Operator: FS[4]
2024-04-24T01:19:11,653  INFO [pool-224-thread-1] exec.FileSinkOperator: FS[4]: records written - 10
2024-04-24T01:19:11,654  INFO [pool-224-thread-1] exec.FileSinkOperator: RECORDS_OUT_INTERMEDIATE:0, RECORDS_OUT_0:10, RECORDS_OUT_OPERATOR_FS_4:10, 
2024-04-24T01:19:11,654  INFO [pool-224-thread-1] mapred.Task: Task:attempt_local2133208227_0052_r_000000_0 is done. And is in the process of committing
2024-04-24T01:19:11,655  INFO [pool-224-thread-1] mapred.LocalJobRunner: reduce > reduce
2024-04-24T01:19:11,655  INFO [pool-224-thread-1] mapred.Task: Task 'attempt_local2133208227_0052_r_000000_0' done.
2024-04-24T01:19:11,655  INFO [pool-224-thread-1] mapred.Task: Final Counters for attempt_local2133208227_0052_r_000000_0: Counters: 29
	File System Counters
		FILE: Number of bytes read=1242350
		FILE: Number of bytes written=61307944
		FILE: Number of read operations=0
		FILE: Number of large read operations=0
		FILE: Number of write operations=0
	Map-Reduce Framework
		Combine input records=0
		Combine output records=0
		Reduce input groups=10
		Reduce shuffle bytes=1623
		Reduce input records=10
		Reduce output records=0
		Spilled Records=10
		Shuffled Maps =7
		Failed Shuffles=0
		Merged Map outputs=7
		GC time elapsed (ms)=0
		Total committed heap usage (bytes)=1350041600
	HIVE
		CREATED_FILES=1
		RECORDS_OUT_0=10
		RECORDS_OUT_INTERMEDIATE=0
		RECORDS_OUT_OPERATOR_FS_4=10
		RECORDS_OUT_OPERATOR_SEL_3=10
	Shuffle Errors
		BAD_ID=0
		CONNECTION=0
		IO_ERROR=0
		WRONG_LENGTH=0
		WRONG_MAP=0
		WRONG_REDUCE=0
	File Output Format Counters 
		Bytes Written=0
2024-04-24T01:19:11,655  INFO [pool-224-thread-1] mapred.LocalJobRunner: Finishing task: attempt_local2133208227_0052_r_000000_0
2024-04-24T01:19:11,655  INFO [Thread-3347] mapred.LocalJobRunner: reduce task executor complete.
2024-04-24T01:19:12,109  INFO [Heartbeater-1] lockmgr.DbTxnManager: Sending heartbeat for txnid:20 and lockid:0 queryId=null txnid:0
2024-04-24 01:19:12,426 Stage-1 map = 100%,  reduce = 100%
2024-04-24T01:19:12,426  INFO [main] exec.Task: 2024-04-24 01:19:12,426 Stage-1 map = 100%,  reduce = 100%
Ended Job = job_local2133208227_0052
2024-04-24T01:19:12,428  INFO [main] exec.Task: Ended Job = job_local2133208227_0052
2024-04-24T01:19:12,430  INFO [main] metadata.Hive: Dumping metastore api call timing information for : execution phase
2024-04-24T01:19:12,430  INFO [main] metadata.Hive: Total time spent in each metastore function (ms): {}
MapReduce Jobs Launched: 
2024-04-24T01:19:12,430  INFO [main] ql.Driver: MapReduce Jobs Launched: 
Stage-Stage-1:  HDFS Read: 0 HDFS Write: 0 SUCCESS
2024-04-24T01:19:12,430  INFO [main] ql.Driver: Stage-Stage-1:  HDFS Read: 0 HDFS Write: 0 SUCCESS
Total MapReduce CPU Time Spent: 0 msec
2024-04-24T01:19:12,430  INFO [main] ql.Driver: Total MapReduce CPU Time Spent: 0 msec
2024-04-24T01:19:12,430  INFO [main] ql.Driver: Completed executing command(queryId=alex_20240424011907_56259c43-9c60-4850-b2f9-05774aff0ecd); Time taken: 1.311 seconds
2024-04-24T01:19:12,430  INFO [main] lockmgr.DbTxnManager: Stopped heartbeat for query: alex_20240424011907_56259c43-9c60-4850-b2f9-05774aff0ecd
2024-04-24T01:19:12,435  INFO [main] txn.TxnHandler: Expected to move at least one record from txn_components to completed_txn_components when committing txn! txnid:20
2024-04-24T01:19:12,442  INFO [main] txn.TxnHandler: Removed transactions: ([20]) from MIN_HISTORY_LEVEL
2024-04-24T01:19:12,442  WARN [main] txn.CompactionTxnHandler: No compaction queue record found for Compaction type transaction commit. txnId:20
2024-04-24T01:19:12,447  INFO [main] mapred.FileInputFormat: Total input files to process : 1
2024-04-24T01:19:12,448  INFO [main] exec.ListSinkOperator: Closing Operator: LIST_SINK[5]
2024-04-24T01:19:12,448  INFO [main] exec.ListSinkOperator: RECORDS_OUT_OPERATOR_LIST_SINK_5:10, RECORDS_OUT_INTERMEDIATE:0, 
2024-04-24T01:19:12,448  WARN [main] ql.TestTxnNoBuckets: null: read data(before converting to acid (with multi level data layout)): 
2024-04-24T01:19:12,448  INFO [main] ql.TestTxnNoBuckets: 1	2	file:/home/alex/Repositories/hive/ql/target/tmp/org.apache.hadoop.hive.ql.TestTxnNoBuckets-1713946626176/warehouse/t/000002_0
2	4	file:/home/alex/Repositories/hive/ql/target/tmp/org.apache.hadoop.hive.ql.TestTxnNoBuckets-1713946626176/warehouse/t/000002_0
5	6	file:/home/alex/Repositories/hive/ql/target/tmp/org.apache.hadoop.hive.ql.TestTxnNoBuckets-1713946626176/warehouse/t/000000_0
6	8	file:/home/alex/Repositories/hive/ql/target/tmp/org.apache.hadoop.hive.ql.TestTxnNoBuckets-1713946626176/warehouse/t/000001_0
9	10	file:/home/alex/Repositories/hive/ql/target/tmp/org.apache.hadoop.hive.ql.TestTxnNoBuckets-1713946626176/warehouse/t/000000_0
10	20	file:/home/alex/Repositories/hive/ql/target/tmp/org.apache.hadoop.hive.ql.TestTxnNoBuckets-1713946626176/warehouse/t/HIVE_UNION_SUBDIR_15/000000_0
12	12	file:/home/alex/Repositories/hive/ql/target/tmp/org.apache.hadoop.hive.ql.TestTxnNoBuckets-1713946626176/warehouse/t/000000_0_copy_1
20	40	file:/home/alex/Repositories/hive/ql/target/tmp/org.apache.hadoop.hive.ql.TestTxnNoBuckets-1713946626176/warehouse/t/HIVE_UNION_SUBDIR_15/000000_0
50	60	file:/home/alex/Repositories/hive/ql/target/tmp/org.apache.hadoop.hive.ql.TestTxnNoBuckets-1713946626176/warehouse/t/HIVE_UNION_SUBDIR_16/000000_0
60	80	file:/home/alex/Repositories/hive/ql/target/tmp/org.apache.hadoop.hive.ql.TestTxnNoBuckets-1713946626176/warehouse/t/HIVE_UNION_SUBDIR_16/000001_0

2024-04-24T01:19:12,448  INFO [main] ql.TxnCommandsBaseForTests: Running the query: alter table T SET TBLPROPERTIES ('transactional'='true')
2024-04-24T01:19:12,448  INFO [main] ql.Context: Deleting scratch dir: file:/home/alex/Repositories/hive/ql/target/tmp/localscratchdir/e00dbb5c-6c74-4674-b714-4428495d65b6/hive_2024-04-24_01-19-10_991_1484606026501639605-1
2024-04-24T01:19:12,449  INFO [main] cleanup.SyncCleanupService: Deleted directory: file:/home/alex/Repositories/hive/ql/target/tmp/localscratchdir/e00dbb5c-6c74-4674-b714-4428495d65b6/hive_2024-04-24_01-19-10_991_1484606026501639605-1 on fs with scheme file
2024-04-24T01:19:12,450  INFO [main] ql.Driver: Compiling command(queryId=alex_20240424011907_56259c43-9c60-4850-b2f9-05774aff0ecd): alter table T SET TBLPROPERTIES ('transactional'='true')
2024-04-24T01:19:12,453  INFO [main] txn.TxnHandler: Added entries to MIN_HISTORY_LEVEL for current txns: ([21]) with min_open_txn: 21
2024-04-24T01:19:12,453  INFO [main] lockmgr.DbTxnManager: Opened txnid:21
2024-04-24T01:19:12,455  INFO [main] HiveMetaStore.audit: ugi=alex	ip=unknown-ip-addr	cmd=get_table : tbl=hive.default.T	
2024-04-24T01:19:12,467  INFO [main] metastore.HMSHandler: Skipping translation for processor with null
2024-04-24T01:19:12,468  INFO [main] HiveMetaStore.audit: ugi=alex	ip=unknown-ip-addr	cmd=get_table : tbl=hive.default.T	
2024-04-24T01:19:12,480  INFO [main] metastore.HMSHandler: Skipping translation for processor with null
2024-04-24T01:19:12,480  INFO [main] ql.Driver: Semantic Analysis Completed (retrial = false)
2024-04-24T01:19:12,480  INFO [main] ql.Driver: Created Hive schema: Schema(fieldSchemas:null, properties:null)
2024-04-24T01:19:12,480  INFO [main] metadata.Hive: Dumping metastore api call timing information for : compilation phase
2024-04-24T01:19:12,480  INFO [main] metadata.Hive: Total time spent in each metastore function (ms): {commitTxn_(CommitTxnRequest)=12, getTable_(GetTableRequest)=25, isCompatibleWith_(Configuration)=0, flushCache_()=0, getValidTxns_(long)=2, openTxn_(String, TxnType)=2}
2024-04-24T01:19:12,480  INFO [main] ql.Driver: Completed compiling command(queryId=alex_20240424011907_56259c43-9c60-4850-b2f9-05774aff0ecd); Time taken: 0.03 seconds
2024-04-24T01:19:12,481  INFO [main] lockmgr.DbTxnManager: Setting lock request transaction to txnid:21 for queryId=alex_20240424011907_56259c43-9c60-4850-b2f9-05774aff0ecd
2024-04-24T01:19:12,481  INFO [main] lockmgr.DbLockManager: Requesting lock for queryId=alex_20240424011907_56259c43-9c60-4850-b2f9-05774aff0ecd
2024-04-24T01:19:12,500  INFO [main] lockmgr.DbLockManager: Response to queryId=alex_20240424011907_56259c43-9c60-4850-b2f9-05774aff0ecd LockResponse(lockid:15, state:ACQUIRED)
2024-04-24T01:19:12,500  INFO [main] ql.Driver: Operation ALTERTABLE_PROPERTIES obtained 1 locks
2024-04-24T01:19:12,500  INFO [main] ql.Driver: Executing command(queryId=alex_20240424011907_56259c43-9c60-4850-b2f9-05774aff0ecd): alter table T SET TBLPROPERTIES ('transactional'='true')
2024-04-24T01:19:12,500  INFO [main] ql.Driver: Starting task [Stage-0:DDL] in serial mode
2024-04-24T01:19:12,500  INFO [main] HiveMetaStore.audit: ugi=alex	ip=unknown-ip-addr	cmd=get_table : tbl=hive.default.T	
2024-04-24T01:19:12,514  INFO [main] metastore.HMSHandler: Skipping translation for processor with null
2024-04-24T01:19:12,518  INFO [main] HiveMetaStore.audit: ugi=alex	ip=unknown-ip-addr	cmd=alter_table: hive.default.T newtbl=t	
2024-04-24T01:19:12,578  INFO [main] metadata.Hive: Dumping metastore api call timing information for : execution phase
2024-04-24T01:19:12,579  INFO [main] metadata.Hive: Total time spent in each metastore function (ms): {alter_table_(String, String, String, Table, EnvironmentContext, String)=60, getValidWriteIds_(List, String)=3, isCompatibleWith_(Configuration)=0, getTable_(GetTableRequest)=14}
2024-04-24T01:19:12,579  INFO [main] ql.Driver: Completed executing command(queryId=alex_20240424011907_56259c43-9c60-4850-b2f9-05774aff0ecd); Time taken: 0.078 seconds
2024-04-24T01:19:12,579  INFO [main] lockmgr.DbTxnManager: Stopped heartbeat for query: alex_20240424011907_56259c43-9c60-4850-b2f9-05774aff0ecd
2024-04-24T01:19:12,582  INFO [main] txn.TxnHandler: Expected to move at least one record from txn_components to completed_txn_components when committing txn! txnid:21
2024-04-24T01:19:12,588  INFO [main] txn.TxnHandler: Removed transactions: ([21]) from MIN_HISTORY_LEVEL
2024-04-24T01:19:12,588  WARN [main] txn.CompactionTxnHandler: No compaction queue record found for Compaction type transaction commit. txnId:21
2024-04-24T01:19:12,589  INFO [main] ql.TxnCommandsBaseForTests: Running the query: select ROW__ID, a, b, INPUT__FILE__NAME from T order by a, b, INPUT__FILE__NAME
2024-04-24T01:19:12,589  INFO [main] ql.Driver: Compiling command(queryId=alex_20240424011907_56259c43-9c60-4850-b2f9-05774aff0ecd): select ROW__ID, a, b, INPUT__FILE__NAME from T order by a, b, INPUT__FILE__NAME
2024-04-24T01:19:12,591  INFO [main] txn.TxnHandler: Added entries to MIN_HISTORY_LEVEL for current txns: ([22]) with min_open_txn: 21
2024-04-24T01:19:12,592  INFO [main] lockmgr.DbTxnManager: Opened txnid:22
2024-04-24T01:19:12,592  INFO [main] parse.CalcitePlanner: Starting caching scope for: alex_20240424011907_56259c43-9c60-4850-b2f9-05774aff0ecd
2024-04-24T01:19:12,592  INFO [main] parse.CalcitePlanner: Starting Semantic Analysis
2024-04-24T01:19:12,595  INFO [main] parse.CalcitePlanner: Completed phase 1 of Semantic Analysis
2024-04-24T01:19:12,595  INFO [main] parse.CalcitePlanner: Get metadata for source tables
2024-04-24T01:19:12,597  INFO [main] HiveMetaStore.audit: ugi=alex	ip=unknown-ip-addr	cmd=get_table : tbl=hive.default.t	
2024-04-24T01:19:12,605  INFO [main] metastore.HMSHandler: Skipping translation for processor with null
2024-04-24T01:19:12,605  INFO [main] parse.CalcitePlanner: Get metadata for subqueries
2024-04-24T01:19:12,605  INFO [main] parse.CalcitePlanner: Get metadata for destination tables
2024-04-24T01:19:12,605  INFO [main] parse.CalcitePlanner: Completed getting MetaData in Semantic Analysis
2024-04-24T01:19:12,619  INFO [main] HiveMetaStore.audit: ugi=alex	ip=unknown-ip-addr	cmd=get_all_table_constraints : tbl=hive.default.t	
2024-04-24T01:19:12,648  INFO [main] calcite.RelOptHiveTable: Calculating column statistics for default.t, projIndxSet: [0, 1], allowMissingStats: true
2024-04-24T01:19:12,648  INFO [main] HiveMetaStore.audit: ugi=alex	ip=unknown-ip-addr	cmd=get_table_statistics_req: table=hive.default.t	
2024-04-24T01:19:12,658  WARN [main] calcite.RelOptHiveTable: No Stats for default@t, Columns: b, a
No Stats for default@t, Columns: b, a
2024-04-24T01:19:12,658  INFO [main] SessionState: No Stats for default@t, Columns: b, a
2024-04-24T01:19:12,737  INFO [main] parse.CalcitePlanner: Get metadata for source tables
2024-04-24T01:19:12,738  INFO [main] parse.CalcitePlanner: Get metadata for subqueries
2024-04-24T01:19:12,738  INFO [main] parse.CalcitePlanner: Get metadata for destination tables
2024-04-24T01:19:12,739  INFO [main] common.FileUtils: Creating directory if it doesn't exist: file:/home/alex/Repositories/hive/ql/target/tmp/localscratchdir/e00dbb5c-6c74-4674-b714-4428495d65b6/hive_2024-04-24_01-19-12_589_6438392138143283227-1/-mr-10001/.hive-staging_hive_2024-04-24_01-19-12_589_6438392138143283227-1
2024-04-24T01:19:12,748  INFO [main] parse.CalcitePlanner: CBO Succeeded; optimized logical plan.
2024-04-24T01:19:12,752  INFO [main] optimizer.ColumnPrunerProcFactory: RS 2 oldColExprMap: {VALUE._col0=Column[_col0], KEY.reducesinkkey0=Column[_col1], KEY.reducesinkkey1=Column[_col2], KEY.reducesinkkey2=Column[_col3]}
2024-04-24T01:19:12,752  INFO [main] optimizer.ColumnPrunerProcFactory: RS 2 newColExprMap: {KEY.reducesinkkey1=Column[_col2], KEY.reducesinkkey0=Column[_col1], KEY.reducesinkkey2=Column[_col3], VALUE._col0=Column[_col0]}
2024-04-24T01:19:12,754  INFO [main] optimizer.BucketVersionPopulator: not considering bucketingVersion for: TS[0] because it has -1<2 buckets 
2024-04-24T01:19:12,755  INFO [main] optimizer.SortedDynPartitionOptimizer: Sorted dynamic partitioning optimization kicked in..
2024-04-24T01:19:12,770  INFO [main] parse.CalcitePlanner: Completed plan generation
2024-04-24T01:19:12,770  INFO [main] parse.CalcitePlanner: Ending caching scope for: alex_20240424011907_56259c43-9c60-4850-b2f9-05774aff0ecd
2024-04-24T01:19:12,770  INFO [main] ql.Driver: Semantic Analysis Completed (retrial = false)
2024-04-24T01:19:12,770  INFO [main] ql.Driver: Created Hive schema: Schema(fieldSchemas:[FieldSchema(name:row__id, type:struct<writeid:bigint,bucketid:int,rowid:bigint>, comment:null), FieldSchema(name:a, type:int, comment:null), FieldSchema(name:b, type:int, comment:null), FieldSchema(name:input__file__name, type:string, comment:null)], properties:null)
2024-04-24T01:19:12,772  INFO [main] exec.ListSinkOperator: Initializing Operator: LIST_SINK[5]
2024-04-24T01:19:12,772  INFO [main] metadata.Hive: Dumping metastore api call timing information for : compilation phase
2024-04-24T01:19:12,772  INFO [main] metadata.Hive: Total time spent in each metastore function (ms): {getTableColumnStatistics_(String, String, List, String)=9, getValidWriteIds_(List, String)=5, isCompatibleWith_(Configuration)=0, getTable_(GetTableRequest)=8, openTxn_(String, TxnType)=3, commitTxn_(CommitTxnRequest)=9, getAllTableConstraints_(AllTableConstraintsRequest)=25, getValidTxns_(long)=0, flushCache_()=0}
2024-04-24T01:19:12,773  INFO [main] ql.Driver: Completed compiling command(queryId=alex_20240424011907_56259c43-9c60-4850-b2f9-05774aff0ecd); Time taken: 0.183 seconds
2024-04-24T01:19:12,773  INFO [main] lockmgr.DbTxnManager: Setting lock request transaction to txnid:22 for queryId=alex_20240424011907_56259c43-9c60-4850-b2f9-05774aff0ecd
2024-04-24T01:19:12,774  INFO [main] lockmgr.DbLockManager: Requesting lock for queryId=alex_20240424011907_56259c43-9c60-4850-b2f9-05774aff0ecd
2024-04-24T01:19:12,798  INFO [main] lockmgr.DbLockManager: Response to queryId=alex_20240424011907_56259c43-9c60-4850-b2f9-05774aff0ecd LockResponse(lockid:16, state:ACQUIRED)
2024-04-24T01:19:12,798  INFO [main] ql.Driver: Operation QUERY obtained 1 locks
2024-04-24T01:19:12,799  INFO [main] ql.Driver: Executing command(queryId=alex_20240424011907_56259c43-9c60-4850-b2f9-05774aff0ecd): select ROW__ID, a, b, INPUT__FILE__NAME from T order by a, b, INPUT__FILE__NAME
2024-04-24T01:19:12,800  WARN [main] ql.Driver: Hive-on-MR is deprecated in Hive 2 and may not be available in the future versions. Consider using a different execution engine (i.e. tez, spark) or using Hive 1.X releases.
Query ID = alex_20240424011907_56259c43-9c60-4850-b2f9-05774aff0ecd
2024-04-24T01:19:12,800  INFO [main] ql.Driver: Query ID = alex_20240424011907_56259c43-9c60-4850-b2f9-05774aff0ecd
Total jobs = 1
2024-04-24T01:19:12,800  INFO [main] ql.Driver: Total jobs = 1
Launching Job 1 out of 1
2024-04-24T01:19:12,800  INFO [main] ql.Driver: Launching Job 1 out of 1
2024-04-24T01:19:12,957  INFO [main] ql.Driver: Starting task [Stage-1:MAPRED] in serial mode
Number of reduce tasks determined at compile time: 1
2024-04-24T01:19:12,957  INFO [main] exec.Task: Number of reduce tasks determined at compile time: 1
In order to change the average load for a reducer (in bytes):
2024-04-24T01:19:12,957  INFO [main] exec.Task: In order to change the average load for a reducer (in bytes):
  set hive.exec.reducers.bytes.per.reducer=<number>
2024-04-24T01:19:12,957  INFO [main] exec.Task:   set hive.exec.reducers.bytes.per.reducer=<number>
In order to limit the maximum number of reducers:
2024-04-24T01:19:12,957  INFO [main] exec.Task: In order to limit the maximum number of reducers:
  set hive.exec.reducers.max=<number>
2024-04-24T01:19:12,957  INFO [main] exec.Task:   set hive.exec.reducers.max=<number>
In order to set a constant number of reducers:
2024-04-24T01:19:12,957  INFO [main] exec.Task: In order to set a constant number of reducers:
  set mapreduce.job.reduces=<number>
2024-04-24T01:19:12,957  INFO [main] exec.Task:   set mapreduce.job.reduces=<number>
2024-04-24T01:19:12,959  INFO [main] mr.ExecDriver: Using org.apache.hadoop.hive.ql.io.HiveInputFormat
2024-04-24T01:19:12,959  INFO [main] exec.Utilities: Processing alias t
2024-04-24T01:19:12,959  INFO [main] exec.Utilities: Adding 1 inputs; the first input is file:/home/alex/Repositories/hive/ql/target/tmp/org.apache.hadoop.hive.ql.TestTxnNoBuckets-1713946626176/warehouse/t
2024-04-24T01:19:12,970  INFO [main] exec.SerializationUtilities: Serializing MapWork using kryo
2024-04-24T01:19:12,971  INFO [main] exec.Utilities: Serialized plan (via FILE) - name: null size: 4,98KB
2024-04-24T01:19:12,976  INFO [main] exec.SerializationUtilities: Serializing ReduceWork using kryo
2024-04-24T01:19:12,976  INFO [main] exec.Utilities: Serialized plan (via FILE) - name: null size: 6,14KB
2024-04-24T01:19:12,977  WARN [main] impl.MetricsSystemImpl: JobTracker metrics system already initialized!
2024-04-24T01:19:12,984  WARN [main] impl.MetricsSystemImpl: JobTracker metrics system already initialized!
2024-04-24T01:19:12,993  WARN [main] mapreduce.JobResourceUploader: Hadoop command-line option parsing not performed. Implement the Tool interface and execute your application with ToolRunner to remedy this.
2024-04-24T01:19:12,998  WARN [main] mapreduce.JobResourceUploader: No job jar file set.  User classes may not be found. See Job or Job#setJar(String).
2024-04-24T01:19:13,000  INFO [main] io.HiveInputFormat: hive.io.file.readcolumn.ids = 0,1
2024-04-24T01:19:13,000  INFO [main] io.HiveInputFormat: hive.io.file.readcolumn.names = a,b
2024-04-24T01:19:13,000  INFO [main] io.HiveInputFormat: Generating splits for dirs: file:/home/alex/Repositories/hive/ql/target/tmp/org.apache.hadoop.hive.ql.TestTxnNoBuckets-1713946626176/warehouse/t
2024-04-24T01:19:13,000  INFO [main] orc.OrcInputFormat: getSplits started
2024-04-24T01:19:13,000  INFO [main] orc.OrcInputFormat: Context:: isAcid: true isVectorMode: false sarg: null minSplitSize: 1 maxSplitSize: 256000000 splitStrategy: HYBRID footerInSplits: false numBuckets: 0 numThreads: 10 cacheMemSize: 268435456 cacheStripeDetails: true useSoftReference: false writeIdList: default.t:10000000:9223372036854775807:: isTransactionalTable: true txnProperties: default 
2024-04-24T01:19:13,000  INFO [main] orc.OrcInputFormat: ORC pushdown predicate: null
2024-04-24T01:19:13,029  INFO [main] orc.OrcInputFormat: FooterCacheHitRatio: 0/7
2024-04-24T01:19:13,029  INFO [main] orc.OrcInputFormat: getSplits finished (#splits: 7). duration: 29 ms
2024-04-24T01:19:13,029  INFO [main] io.HiveInputFormat: number of splits 7
2024-04-24T01:19:13,048  INFO [main] mapreduce.JobSubmitter: number of splits:7
2024-04-24T01:19:13,068  INFO [main] mapreduce.JobSubmitter: Submitting tokens for job: job_local2071280093_0053
2024-04-24T01:19:13,068  INFO [main] mapreduce.JobSubmitter: Executing with tokens: []
2024-04-24T01:19:13,131  INFO [main] mapreduce.Job: The url to track the job: http://localhost:8080/
Job running in-process (local Hadoop)
2024-04-24T01:19:13,131  INFO [main] exec.Task: Job running in-process (local Hadoop)
2024-04-24T01:19:13,132  INFO [Thread-3438] mapred.LocalJobRunner: OutputCommitter set in config org.apache.hadoop.hive.ql.io.HiveFileFormatUtils$NullOutputCommitter
2024-04-24T01:19:13,132  INFO [Thread-3438] mapred.LocalJobRunner: OutputCommitter is org.apache.hadoop.hive.ql.io.HiveFileFormatUtils$NullOutputCommitter
2024-04-24T01:19:13,135  INFO [Thread-3438] mapred.LocalJobRunner: Waiting for map tasks
2024-04-24T01:19:13,135  INFO [LocalJobRunner Map Task Executor #0] mapred.LocalJobRunner: Starting task: attempt_local2071280093_0053_m_000000_0
2024-04-24T01:19:13,136  INFO [LocalJobRunner Map Task Executor #0] mapred.Task:  Using ResourceCalculatorProcessTree : [ ]
2024-04-24T01:19:13,136  INFO [LocalJobRunner Map Task Executor #0] mapred.MapTask: Processing split: org.apache.hadoop.hive.ql.io.orc.OrcInputFormat:OrcSplit [file:/home/alex/Repositories/hive/ql/target/tmp/org.apache.hadoop.hive.ql.TestTxnNoBuckets-1713946626176/warehouse/t/HIVE_UNION_SUBDIR_16/000001_0, start=0, length=274, isOriginal=true, fileLength=274, hasFooter=false, hasBase=true, deltas=0]
2024-04-24T01:19:13,136  INFO [LocalJobRunner Map Task Executor #0] exec.SerializationUtilities: Deserializing MapWork using kryo
2024-04-24T01:19:13,137  INFO [LocalJobRunner Map Task Executor #0] exec.Utilities: Deserialized plan (via FILE) - name: null size: 4,98KB
2024-04-24T01:19:13,138  INFO [LocalJobRunner Map Task Executor #0] orc.OrcRawRecordMerger: min key = null, max key = null
2024-04-24T01:19:13,138  INFO [LocalJobRunner Map Task Executor #0] orc.ReaderImpl: Reading ORC rows from file:/home/alex/Repositories/hive/ql/target/tmp/org.apache.hadoop.hive.ql.TestTxnNoBuckets-1713946626176/warehouse/t/HIVE_UNION_SUBDIR_16/000001_0 with {include: [true, true, true], offset: 0, length: 274, schema: struct<a:int,b:int>, includeAcidColumns: true}
2024-04-24T01:19:13,165  INFO [LocalJobRunner Map Task Executor #0] orc.OrcRawRecordMerger: updated min key = null, max key = null
2024-04-24T01:19:13,165  INFO [LocalJobRunner Map Task Executor #0] mapred.MapTask: numReduceTasks: 1
2024-04-24T01:19:13,169  INFO [LocalJobRunner Map Task Executor #0] mapred.MapTask: (EQUATOR) 0 kvi 26214396(104857584)
2024-04-24T01:19:13,169  INFO [LocalJobRunner Map Task Executor #0] mapred.MapTask: mapreduce.task.io.sort.mb: 100
2024-04-24T01:19:13,169  INFO [LocalJobRunner Map Task Executor #0] mapred.MapTask: soft limit at 83886080
2024-04-24T01:19:13,169  INFO [LocalJobRunner Map Task Executor #0] mapred.MapTask: bufstart = 0; bufvoid = 104857600
2024-04-24T01:19:13,169  INFO [LocalJobRunner Map Task Executor #0] mapred.MapTask: kvstart = 26214396; length = 6553600
2024-04-24T01:19:13,170  INFO [LocalJobRunner Map Task Executor #0] mapred.MapTask: Map output collector class = org.apache.hadoop.mapred.MapTask$MapOutputBuffer
2024-04-24T01:19:13,170  INFO [LocalJobRunner Map Task Executor #0] exec.MapOperator: Initializing Operator: MAP[0]
2024-04-24T01:19:13,171  INFO [LocalJobRunner Map Task Executor #0] mr.ExecMapper: 
<MAP>Id =0
  <Children>null
  <\Children>
  <Parent><\Parent>
<\MAP>
2024-04-24T01:19:13,172  INFO [LocalJobRunner Map Task Executor #0] exec.TableScanOperator: Initializing Operator: TS[0]
2024-04-24T01:19:13,172  INFO [LocalJobRunner Map Task Executor #0] exec.SelectOperator: Initializing Operator: SEL[1]
2024-04-24T01:19:13,172  INFO [LocalJobRunner Map Task Executor #0] exec.SelectOperator: SELECT struct<a:int,b:int,row__id:struct<writeid:bigint,bucketid:int,rowid:bigint>,input__file__name:string>
2024-04-24T01:19:13,172  INFO [LocalJobRunner Map Task Executor #0] exec.ReduceSinkOperator: Initializing Operator: RS[2]
2024-04-24T01:19:13,172  INFO [LocalJobRunner Map Task Executor #0] exec.ReduceSinkOperator: Using tag = -1
2024-04-24T01:19:13,172  INFO [LocalJobRunner Map Task Executor #0] exec.ReduceSinkOperator: keys are [reducesinkkey0, reducesinkkey1, reducesinkkey2] num distributions: 3
2024-04-24T01:19:13,173  INFO [LocalJobRunner Map Task Executor #0] exec.ReduceSinkOperator: RS[2]: records written - 1
2024-04-24T01:19:13,173  INFO [LocalJobRunner Map Task Executor #0] exec.MapOperator: MAP[0]: records read - 1
2024-04-24T01:19:13,173  INFO [LocalJobRunner Map Task Executor #0] exec.MapOperator: Closing Operator: MAP[0]
2024-04-24T01:19:13,173  INFO [LocalJobRunner Map Task Executor #0] exec.MapOperator: MAP[0]: Total records read - 1. abort - false
2024-04-24T01:19:13,173  INFO [LocalJobRunner Map Task Executor #0] exec.MapOperator: RECORDS_OUT_INTERMEDIATE:0, RECORDS_OUT_OPERATOR_MAP_0:0, DESERIALIZE_ERRORS:0, RECORDS_IN:1, 
2024-04-24T01:19:13,173  INFO [LocalJobRunner Map Task Executor #0] exec.TableScanOperator: Closing Operator: TS[0]
2024-04-24T01:19:13,173  INFO [LocalJobRunner Map Task Executor #0] exec.TableScanOperator: RECORDS_OUT_OPERATOR_TS_0:1, RECORDS_OUT_INTERMEDIATE:0, 
2024-04-24T01:19:13,173  INFO [LocalJobRunner Map Task Executor #0] exec.SelectOperator: Closing Operator: SEL[1]
2024-04-24T01:19:13,173  INFO [LocalJobRunner Map Task Executor #0] exec.SelectOperator: RECORDS_OUT_OPERATOR_SEL_1:1, RECORDS_OUT_INTERMEDIATE:0, 
2024-04-24T01:19:13,173  INFO [LocalJobRunner Map Task Executor #0] exec.ReduceSinkOperator: Closing Operator: RS[2]
2024-04-24T01:19:13,173  INFO [LocalJobRunner Map Task Executor #0] exec.ReduceSinkOperator: RS[2]: Total records written - 1. abort - false
2024-04-24T01:19:13,173  INFO [LocalJobRunner Map Task Executor #0] exec.ReduceSinkOperator: RECORDS_OUT_INTERMEDIATE:1, RECORDS_OUT_OPERATOR_RS_2:1, 
2024-04-24T01:19:13,173  INFO [LocalJobRunner Map Task Executor #0] mapred.LocalJobRunner: 
2024-04-24T01:19:13,173  INFO [LocalJobRunner Map Task Executor #0] mapred.MapTask: Starting flush of map output
2024-04-24T01:19:13,173  INFO [LocalJobRunner Map Task Executor #0] mapred.MapTask: Spilling map output
2024-04-24T01:19:13,173  INFO [LocalJobRunner Map Task Executor #0] mapred.MapTask: bufstart = 0; bufend = 180; bufvoid = 104857600
2024-04-24T01:19:13,173  INFO [LocalJobRunner Map Task Executor #0] mapred.MapTask: kvstart = 26214396(104857584); kvend = 26214396(104857584); length = 1/6553600
2024-04-24T01:19:13,183  INFO [LocalJobRunner Map Task Executor #0] mapred.MapTask: Finished spill 0
2024-04-24T01:19:13,186  INFO [LocalJobRunner Map Task Executor #0] mapred.Task: Task:attempt_local2071280093_0053_m_000000_0 is done. And is in the process of committing
2024-04-24T01:19:13,187  INFO [LocalJobRunner Map Task Executor #0] mapred.LocalJobRunner: OrcSplit [file:/home/alex/Repositories/hive/ql/target/tmp/org.apache.hadoop.hive.ql.TestTxnNoBuckets-1713946626176/warehouse/t/HIVE_UNION_SUBDIR_16/000001_0, start=0, length=274, isOriginal=true, fileLength=274, hasFooter=false, hasBase=true, deltas=0]
2024-04-24T01:19:13,187  INFO [LocalJobRunner Map Task Executor #0] mapred.Task: Task 'attempt_local2071280093_0053_m_000000_0' done.
2024-04-24T01:19:13,187  INFO [LocalJobRunner Map Task Executor #0] mapred.Task: Final Counters for attempt_local2071280093_0053_m_000000_0: Counters: 24
	File System Counters
		FILE: Number of bytes read=1253871
		FILE: Number of bytes written=62492014
		FILE: Number of read operations=0
		FILE: Number of large read operations=0
		FILE: Number of write operations=0
	Map-Reduce Framework
		Map input records=1
		Map output records=1
		Map output bytes=180
		Map output materialized bytes=189
		Input split bytes=473
		Combine input records=0
		Spilled Records=1
		Failed Shuffles=0
		Merged Map outputs=0
		GC time elapsed (ms)=0
		Total committed heap usage (bytes)=1350041600
	HIVE
		DESERIALIZE_ERRORS=0
		RECORDS_IN=1
		RECORDS_OUT_INTERMEDIATE=1
		RECORDS_OUT_OPERATOR_MAP_0=0
		RECORDS_OUT_OPERATOR_RS_2=1
		RECORDS_OUT_OPERATOR_SEL_1=1
		RECORDS_OUT_OPERATOR_TS_0=1
	File Input Format Counters 
		Bytes Read=6469
2024-04-24T01:19:13,187  INFO [LocalJobRunner Map Task Executor #0] mapred.LocalJobRunner: Finishing task: attempt_local2071280093_0053_m_000000_0
2024-04-24T01:19:13,187  INFO [LocalJobRunner Map Task Executor #0] mapred.LocalJobRunner: Starting task: attempt_local2071280093_0053_m_000001_0
2024-04-24T01:19:13,187  INFO [LocalJobRunner Map Task Executor #0] mapred.Task:  Using ResourceCalculatorProcessTree : [ ]
2024-04-24T01:19:13,188  INFO [LocalJobRunner Map Task Executor #0] mapred.MapTask: Processing split: org.apache.hadoop.hive.ql.io.orc.OrcInputFormat:OrcSplit [file:/home/alex/Repositories/hive/ql/target/tmp/org.apache.hadoop.hive.ql.TestTxnNoBuckets-1713946626176/warehouse/t/000000_0, start=0, length=256, isOriginal=true, fileLength=256, hasFooter=false, hasBase=true, deltas=0]
2024-04-24T01:19:13,188  INFO [LocalJobRunner Map Task Executor #0] exec.SerializationUtilities: Deserializing MapWork using kryo
2024-04-24T01:19:13,188  INFO [LocalJobRunner Map Task Executor #0] exec.Utilities: Deserialized plan (via FILE) - name: null size: 4,98KB
2024-04-24T01:19:13,189  INFO [LocalJobRunner Map Task Executor #0] orc.OrcRawRecordMerger: min key = null, max key = null
2024-04-24T01:19:13,189  INFO [LocalJobRunner Map Task Executor #0] orc.ReaderImpl: Reading ORC rows from file:/home/alex/Repositories/hive/ql/target/tmp/org.apache.hadoop.hive.ql.TestTxnNoBuckets-1713946626176/warehouse/t/000000_0 with {include: [true, true, true], offset: 0, length: 256, schema: struct<a:int,b:int>, includeAcidColumns: true}
2024-04-24T01:19:13,216  INFO [LocalJobRunner Map Task Executor #0] orc.OrcRawRecordMerger: updated min key = null, max key = null
2024-04-24T01:19:13,216  INFO [LocalJobRunner Map Task Executor #0] mapred.MapTask: numReduceTasks: 1
2024-04-24T01:19:13,221  INFO [LocalJobRunner Map Task Executor #0] mapred.MapTask: (EQUATOR) 0 kvi 26214396(104857584)
2024-04-24T01:19:13,222  INFO [LocalJobRunner Map Task Executor #0] mapred.MapTask: mapreduce.task.io.sort.mb: 100
2024-04-24T01:19:13,222  INFO [LocalJobRunner Map Task Executor #0] mapred.MapTask: soft limit at 83886080
2024-04-24T01:19:13,222  INFO [LocalJobRunner Map Task Executor #0] mapred.MapTask: bufstart = 0; bufvoid = 104857600
2024-04-24T01:19:13,222  INFO [LocalJobRunner Map Task Executor #0] mapred.MapTask: kvstart = 26214396; length = 6553600
2024-04-24T01:19:13,222  INFO [LocalJobRunner Map Task Executor #0] mapred.MapTask: Map output collector class = org.apache.hadoop.mapred.MapTask$MapOutputBuffer
2024-04-24T01:19:13,222  INFO [LocalJobRunner Map Task Executor #0] exec.MapOperator: Initializing Operator: MAP[0]
2024-04-24T01:19:13,224  INFO [LocalJobRunner Map Task Executor #0] mr.ExecMapper: 
<MAP>Id =0
  <Children>null
  <\Children>
  <Parent><\Parent>
<\MAP>
2024-04-24T01:19:13,225  INFO [LocalJobRunner Map Task Executor #0] exec.TableScanOperator: Initializing Operator: TS[0]
2024-04-24T01:19:13,225  INFO [LocalJobRunner Map Task Executor #0] exec.SelectOperator: Initializing Operator: SEL[1]
2024-04-24T01:19:13,225  INFO [LocalJobRunner Map Task Executor #0] exec.SelectOperator: SELECT struct<a:int,b:int,row__id:struct<writeid:bigint,bucketid:int,rowid:bigint>,input__file__name:string>
2024-04-24T01:19:13,225  INFO [LocalJobRunner Map Task Executor #0] exec.ReduceSinkOperator: Initializing Operator: RS[2]
2024-04-24T01:19:13,225  INFO [LocalJobRunner Map Task Executor #0] exec.ReduceSinkOperator: Using tag = -1
2024-04-24T01:19:13,225  INFO [LocalJobRunner Map Task Executor #0] exec.ReduceSinkOperator: keys are [reducesinkkey0, reducesinkkey1, reducesinkkey2] num distributions: 3
2024-04-24T01:19:13,226  INFO [LocalJobRunner Map Task Executor #0] exec.ReduceSinkOperator: RS[2]: records written - 1
2024-04-24T01:19:13,226  INFO [LocalJobRunner Map Task Executor #0] exec.MapOperator: MAP[0]: records read - 1
2024-04-24T01:19:13,226  INFO [LocalJobRunner Map Task Executor #0] exec.MapOperator: Closing Operator: MAP[0]
2024-04-24T01:19:13,226  INFO [LocalJobRunner Map Task Executor #0] exec.MapOperator: MAP[0]: Total records read - 2. abort - false
2024-04-24T01:19:13,226  INFO [LocalJobRunner Map Task Executor #0] exec.MapOperator: DESERIALIZE_ERRORS:0, RECORDS_OUT_OPERATOR_MAP_0:0, RECORDS_OUT_INTERMEDIATE:0, RECORDS_IN:2, 
2024-04-24T01:19:13,226  INFO [LocalJobRunner Map Task Executor #0] exec.TableScanOperator: Closing Operator: TS[0]
2024-04-24T01:19:13,226  INFO [LocalJobRunner Map Task Executor #0] exec.TableScanOperator: RECORDS_OUT_INTERMEDIATE:0, RECORDS_OUT_OPERATOR_TS_0:2, 
2024-04-24T01:19:13,226  INFO [LocalJobRunner Map Task Executor #0] exec.SelectOperator: Closing Operator: SEL[1]
2024-04-24T01:19:13,226  INFO [LocalJobRunner Map Task Executor #0] exec.SelectOperator: RECORDS_OUT_OPERATOR_SEL_1:2, RECORDS_OUT_INTERMEDIATE:0, 
2024-04-24T01:19:13,226  INFO [LocalJobRunner Map Task Executor #0] exec.ReduceSinkOperator: Closing Operator: RS[2]
2024-04-24T01:19:13,226  INFO [LocalJobRunner Map Task Executor #0] exec.ReduceSinkOperator: RS[2]: Total records written - 2. abort - false
2024-04-24T01:19:13,226  INFO [LocalJobRunner Map Task Executor #0] exec.ReduceSinkOperator: RECORDS_OUT_OPERATOR_RS_2:2, RECORDS_OUT_INTERMEDIATE:2, 
2024-04-24T01:19:13,227  INFO [LocalJobRunner Map Task Executor #0] mapred.LocalJobRunner: 
2024-04-24T01:19:13,227  INFO [LocalJobRunner Map Task Executor #0] mapred.MapTask: Starting flush of map output
2024-04-24T01:19:13,227  INFO [LocalJobRunner Map Task Executor #0] mapred.MapTask: Spilling map output
2024-04-24T01:19:13,227  INFO [LocalJobRunner Map Task Executor #0] mapred.MapTask: bufstart = 0; bufend = 318; bufvoid = 104857600
2024-04-24T01:19:13,227  INFO [LocalJobRunner Map Task Executor #0] mapred.MapTask: kvstart = 26214396(104857584); kvend = 26214392(104857568); length = 5/6553600
2024-04-24T01:19:13,231  INFO [Metastore Scheduled Worker 2] metastore.HMSHandler: 14: Opening raw store with implementation class:org.apache.hadoop.hive.metastore.ObjectStore
2024-04-24T01:19:13,231  INFO [Metastore Scheduled Worker 2] metastore.ObjectStore: RawStore: org.apache.hadoop.hive.metastore.ObjectStore@1055e627, with PersistenceManager: null will be shutdown
2024-04-24T01:19:13,231  INFO [Metastore Scheduled Worker 2] metastore.ObjectStore: RawStore: org.apache.hadoop.hive.metastore.ObjectStore@1055e627, with PersistenceManager: org.datanucleus.api.jdo.JDOPersistenceManager@5fa88b87 created in the thread with id: 46
2024-04-24T01:19:13,235  INFO [LocalJobRunner Map Task Executor #0] mapred.MapTask: Finished spill 0
2024-04-24T01:19:13,238  INFO [LocalJobRunner Map Task Executor #0] mapred.Task: Task:attempt_local2071280093_0053_m_000001_0 is done. And is in the process of committing
2024-04-24T01:19:13,239  INFO [LocalJobRunner Map Task Executor #0] mapred.LocalJobRunner: OrcSplit [file:/home/alex/Repositories/hive/ql/target/tmp/org.apache.hadoop.hive.ql.TestTxnNoBuckets-1713946626176/warehouse/t/000000_0, start=0, length=256, isOriginal=true, fileLength=256, hasFooter=false, hasBase=true, deltas=0]
2024-04-24T01:19:13,239  INFO [LocalJobRunner Map Task Executor #0] mapred.Task: Task 'attempt_local2071280093_0053_m_000001_0' done.
2024-04-24T01:19:13,239  INFO [LocalJobRunner Map Task Executor #0] mapred.Task: Final Counters for attempt_local2071280093_0053_m_000001_0: Counters: 24
	File System Counters
		FILE: Number of bytes read=1263264
		FILE: Number of bytes written=62492376
		FILE: Number of read operations=0
		FILE: Number of large read operations=0
		FILE: Number of write operations=0
	Map-Reduce Framework
		Map input records=2
		Map output records=2
		Map output bytes=318
		Map output materialized bytes=330
		Input split bytes=451
		Combine input records=0
		Spilled Records=2
		Failed Shuffles=0
		Merged Map outputs=0
		GC time elapsed (ms)=0
		Total committed heap usage (bytes)=1350041600
	HIVE
		DESERIALIZE_ERRORS=0
		RECORDS_IN=2
		RECORDS_OUT_INTERMEDIATE=2
		RECORDS_OUT_OPERATOR_MAP_0=0
		RECORDS_OUT_OPERATOR_RS_2=2
		RECORDS_OUT_OPERATOR_SEL_1=2
		RECORDS_OUT_OPERATOR_TS_0=2
	File Input Format Counters 
		Bytes Read=6119
2024-04-24T01:19:13,239  INFO [LocalJobRunner Map Task Executor #0] mapred.LocalJobRunner: Finishing task: attempt_local2071280093_0053_m_000001_0
2024-04-24T01:19:13,239  INFO [LocalJobRunner Map Task Executor #0] mapred.LocalJobRunner: Starting task: attempt_local2071280093_0053_m_000002_0
2024-04-24T01:19:13,240  INFO [LocalJobRunner Map Task Executor #0] mapred.Task:  Using ResourceCalculatorProcessTree : [ ]
2024-04-24T01:19:13,241  INFO [LocalJobRunner Map Task Executor #0] mapred.MapTask: Processing split: org.apache.hadoop.hive.ql.io.orc.OrcInputFormat:OrcSplit [file:/home/alex/Repositories/hive/ql/target/tmp/org.apache.hadoop.hive.ql.TestTxnNoBuckets-1713946626176/warehouse/t/HIVE_UNION_SUBDIR_15/000000_0, start=0, length=256, isOriginal=true, fileLength=256, hasFooter=false, hasBase=true, deltas=0]
2024-04-24T01:19:13,241  INFO [LocalJobRunner Map Task Executor #0] exec.SerializationUtilities: Deserializing MapWork using kryo
2024-04-24T01:19:13,242  INFO [LocalJobRunner Map Task Executor #0] exec.Utilities: Deserialized plan (via FILE) - name: null size: 4,98KB
2024-04-24T01:19:13,243  INFO [LocalJobRunner Map Task Executor #0] orc.OrcRawRecordMerger: min key = null, max key = null
2024-04-24T01:19:13,243  INFO [LocalJobRunner Map Task Executor #0] orc.ReaderImpl: Reading ORC rows from file:/home/alex/Repositories/hive/ql/target/tmp/org.apache.hadoop.hive.ql.TestTxnNoBuckets-1713946626176/warehouse/t/HIVE_UNION_SUBDIR_15/000000_0 with {include: [true, true, true], offset: 0, length: 256, schema: struct<a:int,b:int>, includeAcidColumns: true}
2024-04-24T01:19:13,252  INFO [Metastore Scheduled Worker 2] metastore.HMSHandler: Created RawStore: org.apache.hadoop.hive.metastore.ObjectStore@1055e627 from thread id: 46
2024-04-24T01:19:13,273  INFO [LocalJobRunner Map Task Executor #0] orc.OrcRawRecordMerger: updated min key = null, max key = null
2024-04-24T01:19:13,273  INFO [LocalJobRunner Map Task Executor #0] mapred.MapTask: numReduceTasks: 1
2024-04-24T01:19:13,286  INFO [LocalJobRunner Map Task Executor #0] mapred.MapTask: (EQUATOR) 0 kvi 26214396(104857584)
2024-04-24T01:19:13,286  INFO [LocalJobRunner Map Task Executor #0] mapred.MapTask: mapreduce.task.io.sort.mb: 100
2024-04-24T01:19:13,286  INFO [LocalJobRunner Map Task Executor #0] mapred.MapTask: soft limit at 83886080
2024-04-24T01:19:13,286  INFO [LocalJobRunner Map Task Executor #0] mapred.MapTask: bufstart = 0; bufvoid = 104857600
2024-04-24T01:19:13,286  INFO [LocalJobRunner Map Task Executor #0] mapred.MapTask: kvstart = 26214396; length = 6553600
2024-04-24T01:19:13,286  INFO [LocalJobRunner Map Task Executor #0] mapred.MapTask: Map output collector class = org.apache.hadoop.mapred.MapTask$MapOutputBuffer
2024-04-24T01:19:13,287  INFO [LocalJobRunner Map Task Executor #0] exec.MapOperator: Initializing Operator: MAP[0]
2024-04-24T01:19:13,288  INFO [LocalJobRunner Map Task Executor #0] mr.ExecMapper: 
<MAP>Id =0
  <Children>null
  <\Children>
  <Parent><\Parent>
<\MAP>
2024-04-24T01:19:13,288  INFO [LocalJobRunner Map Task Executor #0] exec.TableScanOperator: Initializing Operator: TS[0]
2024-04-24T01:19:13,288  INFO [LocalJobRunner Map Task Executor #0] exec.SelectOperator: Initializing Operator: SEL[1]
2024-04-24T01:19:13,288  INFO [LocalJobRunner Map Task Executor #0] exec.SelectOperator: SELECT struct<a:int,b:int,row__id:struct<writeid:bigint,bucketid:int,rowid:bigint>,input__file__name:string>
2024-04-24T01:19:13,288  INFO [LocalJobRunner Map Task Executor #0] exec.ReduceSinkOperator: Initializing Operator: RS[2]
2024-04-24T01:19:13,289  INFO [LocalJobRunner Map Task Executor #0] exec.ReduceSinkOperator: Using tag = -1
2024-04-24T01:19:13,289  INFO [LocalJobRunner Map Task Executor #0] exec.ReduceSinkOperator: keys are [reducesinkkey0, reducesinkkey1, reducesinkkey2] num distributions: 3
2024-04-24T01:19:13,289  INFO [LocalJobRunner Map Task Executor #0] exec.ReduceSinkOperator: RS[2]: records written - 1
2024-04-24T01:19:13,289  INFO [LocalJobRunner Map Task Executor #0] exec.MapOperator: MAP[0]: records read - 1
2024-04-24T01:19:13,289  INFO [LocalJobRunner Map Task Executor #0] exec.MapOperator: Closing Operator: MAP[0]
2024-04-24T01:19:13,289  INFO [LocalJobRunner Map Task Executor #0] exec.MapOperator: MAP[0]: Total records read - 2. abort - false
2024-04-24T01:19:13,289  INFO [LocalJobRunner Map Task Executor #0] exec.MapOperator: RECORDS_OUT_OPERATOR_MAP_0:0, DESERIALIZE_ERRORS:0, RECORDS_IN:2, RECORDS_OUT_INTERMEDIATE:0, 
2024-04-24T01:19:13,290  INFO [LocalJobRunner Map Task Executor #0] exec.TableScanOperator: Closing Operator: TS[0]
2024-04-24T01:19:13,290  INFO [LocalJobRunner Map Task Executor #0] exec.TableScanOperator: RECORDS_OUT_INTERMEDIATE:0, RECORDS_OUT_OPERATOR_TS_0:2, 
2024-04-24T01:19:13,290  INFO [LocalJobRunner Map Task Executor #0] exec.SelectOperator: Closing Operator: SEL[1]
2024-04-24T01:19:13,290  INFO [LocalJobRunner Map Task Executor #0] exec.SelectOperator: RECORDS_OUT_INTERMEDIATE:0, RECORDS_OUT_OPERATOR_SEL_1:2, 
2024-04-24T01:19:13,290  INFO [LocalJobRunner Map Task Executor #0] exec.ReduceSinkOperator: Closing Operator: RS[2]
2024-04-24T01:19:13,290  INFO [LocalJobRunner Map Task Executor #0] exec.ReduceSinkOperator: RS[2]: Total records written - 2. abort - false
2024-04-24T01:19:13,290  INFO [LocalJobRunner Map Task Executor #0] exec.ReduceSinkOperator: RECORDS_OUT_OPERATOR_RS_2:2, RECORDS_OUT_INTERMEDIATE:2, 
2024-04-24T01:19:13,290  INFO [LocalJobRunner Map Task Executor #0] mapred.LocalJobRunner: 
2024-04-24T01:19:13,290  INFO [LocalJobRunner Map Task Executor #0] mapred.MapTask: Starting flush of map output
2024-04-24T01:19:13,290  INFO [LocalJobRunner Map Task Executor #0] mapred.MapTask: Spilling map output
2024-04-24T01:19:13,290  INFO [LocalJobRunner Map Task Executor #0] mapred.MapTask: bufstart = 0; bufend = 360; bufvoid = 104857600
2024-04-24T01:19:13,290  INFO [LocalJobRunner Map Task Executor #0] mapred.MapTask: kvstart = 26214396(104857584); kvend = 26214392(104857568); length = 5/6553600
2024-04-24T01:19:13,299  INFO [LocalJobRunner Map Task Executor #0] mapred.MapTask: Finished spill 0
2024-04-24T01:19:13,302  INFO [LocalJobRunner Map Task Executor #0] mapred.Task: Task:attempt_local2071280093_0053_m_000002_0 is done. And is in the process of committing
2024-04-24T01:19:13,303  INFO [LocalJobRunner Map Task Executor #0] mapred.LocalJobRunner: OrcSplit [file:/home/alex/Repositories/hive/ql/target/tmp/org.apache.hadoop.hive.ql.TestTxnNoBuckets-1713946626176/warehouse/t/HIVE_UNION_SUBDIR_15/000000_0, start=0, length=256, isOriginal=true, fileLength=256, hasFooter=false, hasBase=true, deltas=0]
2024-04-24T01:19:13,303  INFO [LocalJobRunner Map Task Executor #0] mapred.Task: Task 'attempt_local2071280093_0053_m_000002_0' done.
2024-04-24T01:19:13,303  INFO [LocalJobRunner Map Task Executor #0] mapred.Task: Final Counters for attempt_local2071280093_0053_m_000002_0: Counters: 24
	File System Counters
		FILE: Number of bytes read=1272690
		FILE: Number of bytes written=62492780
		FILE: Number of read operations=0
		FILE: Number of large read operations=0
		FILE: Number of write operations=0
	Map-Reduce Framework
		Map input records=2
		Map output records=2
		Map output bytes=360
		Map output materialized bytes=372
		Input split bytes=473
		Combine input records=0
		Spilled Records=2
		Failed Shuffles=0
		Merged Map outputs=0
		GC time elapsed (ms)=7
		Total committed heap usage (bytes)=1350565888
	HIVE
		DESERIALIZE_ERRORS=0
		RECORDS_IN=2
		RECORDS_OUT_INTERMEDIATE=2
		RECORDS_OUT_OPERATOR_MAP_0=0
		RECORDS_OUT_OPERATOR_RS_2=2
		RECORDS_OUT_OPERATOR_SEL_1=2
		RECORDS_OUT_OPERATOR_TS_0=2
	File Input Format Counters 
		Bytes Read=6664
2024-04-24T01:19:13,303  INFO [LocalJobRunner Map Task Executor #0] mapred.LocalJobRunner: Finishing task: attempt_local2071280093_0053_m_000002_0
2024-04-24T01:19:13,303  INFO [LocalJobRunner Map Task Executor #0] mapred.LocalJobRunner: Starting task: attempt_local2071280093_0053_m_000003_0
2024-04-24T01:19:13,304  INFO [LocalJobRunner Map Task Executor #0] mapred.Task:  Using ResourceCalculatorProcessTree : [ ]
2024-04-24T01:19:13,304  INFO [LocalJobRunner Map Task Executor #0] mapred.MapTask: Processing split: org.apache.hadoop.hive.ql.io.orc.OrcInputFormat:OrcSplit [file:/home/alex/Repositories/hive/ql/target/tmp/org.apache.hadoop.hive.ql.TestTxnNoBuckets-1713946626176/warehouse/t/000001_0, start=0, length=254, isOriginal=true, fileLength=254, hasFooter=false, hasBase=true, deltas=0]
2024-04-24T01:19:13,305  INFO [LocalJobRunner Map Task Executor #0] exec.SerializationUtilities: Deserializing MapWork using kryo
2024-04-24T01:19:13,305  INFO [LocalJobRunner Map Task Executor #0] exec.Utilities: Deserialized plan (via FILE) - name: null size: 4,98KB
2024-04-24T01:19:13,306  INFO [LocalJobRunner Map Task Executor #0] orc.OrcRawRecordMerger: min key = null, max key = null
2024-04-24T01:19:13,306  INFO [LocalJobRunner Map Task Executor #0] orc.ReaderImpl: Reading ORC rows from file:/home/alex/Repositories/hive/ql/target/tmp/org.apache.hadoop.hive.ql.TestTxnNoBuckets-1713946626176/warehouse/t/000001_0 with {include: [true, true, true], offset: 0, length: 254, schema: struct<a:int,b:int>, includeAcidColumns: true}
2024-04-24T01:19:13,333  INFO [LocalJobRunner Map Task Executor #0] orc.OrcRawRecordMerger: updated min key = null, max key = null
2024-04-24T01:19:13,333  INFO [LocalJobRunner Map Task Executor #0] mapred.MapTask: numReduceTasks: 1
2024-04-24T01:19:13,337  INFO [LocalJobRunner Map Task Executor #0] mapred.MapTask: (EQUATOR) 0 kvi 26214396(104857584)
2024-04-24T01:19:13,337  INFO [LocalJobRunner Map Task Executor #0] mapred.MapTask: mapreduce.task.io.sort.mb: 100
2024-04-24T01:19:13,337  INFO [LocalJobRunner Map Task Executor #0] mapred.MapTask: soft limit at 83886080
2024-04-24T01:19:13,337  INFO [LocalJobRunner Map Task Executor #0] mapred.MapTask: bufstart = 0; bufvoid = 104857600
2024-04-24T01:19:13,337  INFO [LocalJobRunner Map Task Executor #0] mapred.MapTask: kvstart = 26214396; length = 6553600
2024-04-24T01:19:13,338  INFO [LocalJobRunner Map Task Executor #0] mapred.MapTask: Map output collector class = org.apache.hadoop.mapred.MapTask$MapOutputBuffer
2024-04-24T01:19:13,338  INFO [LocalJobRunner Map Task Executor #0] exec.MapOperator: Initializing Operator: MAP[0]
2024-04-24T01:19:13,339  INFO [LocalJobRunner Map Task Executor #0] mr.ExecMapper: 
<MAP>Id =0
  <Children>null
  <\Children>
  <Parent><\Parent>
<\MAP>
2024-04-24T01:19:13,340  INFO [LocalJobRunner Map Task Executor #0] exec.TableScanOperator: Initializing Operator: TS[0]
2024-04-24T01:19:13,340  INFO [LocalJobRunner Map Task Executor #0] exec.SelectOperator: Initializing Operator: SEL[1]
2024-04-24T01:19:13,340  INFO [LocalJobRunner Map Task Executor #0] exec.SelectOperator: SELECT struct<a:int,b:int,row__id:struct<writeid:bigint,bucketid:int,rowid:bigint>,input__file__name:string>
2024-04-24T01:19:13,340  INFO [LocalJobRunner Map Task Executor #0] exec.ReduceSinkOperator: Initializing Operator: RS[2]
2024-04-24T01:19:13,340  INFO [LocalJobRunner Map Task Executor #0] exec.ReduceSinkOperator: Using tag = -1
2024-04-24T01:19:13,340  INFO [LocalJobRunner Map Task Executor #0] exec.ReduceSinkOperator: keys are [reducesinkkey0, reducesinkkey1, reducesinkkey2] num distributions: 3
2024-04-24T01:19:13,340  INFO [LocalJobRunner Map Task Executor #0] exec.ReduceSinkOperator: RS[2]: records written - 1
2024-04-24T01:19:13,340  INFO [LocalJobRunner Map Task Executor #0] exec.MapOperator: MAP[0]: records read - 1
2024-04-24T01:19:13,341  INFO [LocalJobRunner Map Task Executor #0] exec.MapOperator: Closing Operator: MAP[0]
2024-04-24T01:19:13,341  INFO [LocalJobRunner Map Task Executor #0] exec.MapOperator: MAP[0]: Total records read - 1. abort - false
2024-04-24T01:19:13,341  INFO [LocalJobRunner Map Task Executor #0] exec.MapOperator: DESERIALIZE_ERRORS:0, RECORDS_IN:1, RECORDS_OUT_INTERMEDIATE:0, RECORDS_OUT_OPERATOR_MAP_0:0, 
2024-04-24T01:19:13,341  INFO [LocalJobRunner Map Task Executor #0] exec.TableScanOperator: Closing Operator: TS[0]
2024-04-24T01:19:13,341  INFO [LocalJobRunner Map Task Executor #0] exec.TableScanOperator: RECORDS_OUT_OPERATOR_TS_0:1, RECORDS_OUT_INTERMEDIATE:0, 
2024-04-24T01:19:13,341  INFO [LocalJobRunner Map Task Executor #0] exec.SelectOperator: Closing Operator: SEL[1]
2024-04-24T01:19:13,341  INFO [LocalJobRunner Map Task Executor #0] exec.SelectOperator: RECORDS_OUT_OPERATOR_SEL_1:1, RECORDS_OUT_INTERMEDIATE:0, 
2024-04-24T01:19:13,341  INFO [LocalJobRunner Map Task Executor #0] exec.ReduceSinkOperator: Closing Operator: RS[2]
2024-04-24T01:19:13,341  INFO [LocalJobRunner Map Task Executor #0] exec.ReduceSinkOperator: RS[2]: Total records written - 1. abort - false
2024-04-24T01:19:13,341  INFO [LocalJobRunner Map Task Executor #0] exec.ReduceSinkOperator: RECORDS_OUT_OPERATOR_RS_2:1, RECORDS_OUT_INTERMEDIATE:1, 
2024-04-24T01:19:13,341  INFO [LocalJobRunner Map Task Executor #0] mapred.LocalJobRunner: 
2024-04-24T01:19:13,341  INFO [LocalJobRunner Map Task Executor #0] mapred.MapTask: Starting flush of map output
2024-04-24T01:19:13,341  INFO [LocalJobRunner Map Task Executor #0] mapred.MapTask: Spilling map output
2024-04-24T01:19:13,341  INFO [LocalJobRunner Map Task Executor #0] mapred.MapTask: bufstart = 0; bufend = 159; bufvoid = 104857600
2024-04-24T01:19:13,341  INFO [LocalJobRunner Map Task Executor #0] mapred.MapTask: kvstart = 26214396(104857584); kvend = 26214396(104857584); length = 1/6553600
2024-04-24T01:19:13,349  INFO [LocalJobRunner Map Task Executor #0] mapred.MapTask: Finished spill 0
2024-04-24T01:19:13,352  INFO [LocalJobRunner Map Task Executor #0] mapred.Task: Task:attempt_local2071280093_0053_m_000003_0 is done. And is in the process of committing
2024-04-24T01:19:13,353  INFO [LocalJobRunner Map Task Executor #0] mapred.LocalJobRunner: OrcSplit [file:/home/alex/Repositories/hive/ql/target/tmp/org.apache.hadoop.hive.ql.TestTxnNoBuckets-1713946626176/warehouse/t/000001_0, start=0, length=254, isOriginal=true, fileLength=254, hasFooter=false, hasBase=true, deltas=0]
2024-04-24T01:19:13,353  INFO [LocalJobRunner Map Task Executor #0] mapred.Task: Task 'attempt_local2071280093_0053_m_000003_0' done.
2024-04-24T01:19:13,353  INFO [LocalJobRunner Map Task Executor #0] mapred.Task: Final Counters for attempt_local2071280093_0053_m_000003_0: Counters: 24
	File System Counters
		FILE: Number of bytes read=1281051
		FILE: Number of bytes written=62492980
		FILE: Number of read operations=0
		FILE: Number of large read operations=0
		FILE: Number of write operations=0
	Map-Reduce Framework
		Map input records=1
		Map output records=1
		Map output bytes=159
		Map output materialized bytes=168
		Input split bytes=451
		Combine input records=0
		Spilled Records=1
		Failed Shuffles=0
		Merged Map outputs=0
		GC time elapsed (ms)=0
		Total committed heap usage (bytes)=1350565888
	HIVE
		DESERIALIZE_ERRORS=0
		RECORDS_IN=1
		RECORDS_OUT_INTERMEDIATE=1
		RECORDS_OUT_OPERATOR_MAP_0=0
		RECORDS_OUT_OPERATOR_RS_2=1
		RECORDS_OUT_OPERATOR_SEL_1=1
		RECORDS_OUT_OPERATOR_TS_0=1
	File Input Format Counters 
		Bytes Read=6111
2024-04-24T01:19:13,353  INFO [LocalJobRunner Map Task Executor #0] mapred.LocalJobRunner: Finishing task: attempt_local2071280093_0053_m_000003_0
2024-04-24T01:19:13,353  INFO [LocalJobRunner Map Task Executor #0] mapred.LocalJobRunner: Starting task: attempt_local2071280093_0053_m_000004_0
2024-04-24T01:19:13,354  INFO [LocalJobRunner Map Task Executor #0] mapred.Task:  Using ResourceCalculatorProcessTree : [ ]
2024-04-24T01:19:13,354  INFO [LocalJobRunner Map Task Executor #0] mapred.MapTask: Processing split: org.apache.hadoop.hive.ql.io.orc.OrcInputFormat:OrcSplit [file:/home/alex/Repositories/hive/ql/target/tmp/org.apache.hadoop.hive.ql.TestTxnNoBuckets-1713946626176/warehouse/t/000002_0, start=0, length=254, isOriginal=true, fileLength=254, hasFooter=false, hasBase=true, deltas=0]
2024-04-24T01:19:13,354  INFO [LocalJobRunner Map Task Executor #0] exec.SerializationUtilities: Deserializing MapWork using kryo
2024-04-24T01:19:13,355  INFO [LocalJobRunner Map Task Executor #0] exec.Utilities: Deserialized plan (via FILE) - name: null size: 4,98KB
2024-04-24T01:19:13,356  INFO [LocalJobRunner Map Task Executor #0] orc.OrcRawRecordMerger: min key = null, max key = null
2024-04-24T01:19:13,356  INFO [LocalJobRunner Map Task Executor #0] orc.ReaderImpl: Reading ORC rows from file:/home/alex/Repositories/hive/ql/target/tmp/org.apache.hadoop.hive.ql.TestTxnNoBuckets-1713946626176/warehouse/t/000002_0 with {include: [true, true, true], offset: 0, length: 254, schema: struct<a:int,b:int>, includeAcidColumns: true}
2024-04-24T01:19:13,386  INFO [LocalJobRunner Map Task Executor #0] orc.OrcRawRecordMerger: updated min key = null, max key = null
2024-04-24T01:19:13,386  INFO [LocalJobRunner Map Task Executor #0] mapred.MapTask: numReduceTasks: 1
2024-04-24T01:19:13,390  INFO [LocalJobRunner Map Task Executor #0] mapred.MapTask: (EQUATOR) 0 kvi 26214396(104857584)
2024-04-24T01:19:13,390  INFO [LocalJobRunner Map Task Executor #0] mapred.MapTask: mapreduce.task.io.sort.mb: 100
2024-04-24T01:19:13,390  INFO [LocalJobRunner Map Task Executor #0] mapred.MapTask: soft limit at 83886080
2024-04-24T01:19:13,390  INFO [LocalJobRunner Map Task Executor #0] mapred.MapTask: bufstart = 0; bufvoid = 104857600
2024-04-24T01:19:13,390  INFO [LocalJobRunner Map Task Executor #0] mapred.MapTask: kvstart = 26214396; length = 6553600
2024-04-24T01:19:13,391  INFO [LocalJobRunner Map Task Executor #0] mapred.MapTask: Map output collector class = org.apache.hadoop.mapred.MapTask$MapOutputBuffer
2024-04-24T01:19:13,391  INFO [LocalJobRunner Map Task Executor #0] exec.MapOperator: Initializing Operator: MAP[0]
2024-04-24T01:19:13,392  INFO [LocalJobRunner Map Task Executor #0] mr.ExecMapper: 
<MAP>Id =0
  <Children>null
  <\Children>
  <Parent><\Parent>
<\MAP>
2024-04-24T01:19:13,393  INFO [LocalJobRunner Map Task Executor #0] exec.TableScanOperator: Initializing Operator: TS[0]
2024-04-24T01:19:13,393  INFO [LocalJobRunner Map Task Executor #0] exec.SelectOperator: Initializing Operator: SEL[1]
2024-04-24T01:19:13,393  INFO [LocalJobRunner Map Task Executor #0] exec.SelectOperator: SELECT struct<a:int,b:int,row__id:struct<writeid:bigint,bucketid:int,rowid:bigint>,input__file__name:string>
2024-04-24T01:19:13,393  INFO [LocalJobRunner Map Task Executor #0] exec.ReduceSinkOperator: Initializing Operator: RS[2]
2024-04-24T01:19:13,393  INFO [LocalJobRunner Map Task Executor #0] exec.ReduceSinkOperator: Using tag = -1
2024-04-24T01:19:13,393  INFO [LocalJobRunner Map Task Executor #0] exec.ReduceSinkOperator: keys are [reducesinkkey0, reducesinkkey1, reducesinkkey2] num distributions: 3
2024-04-24T01:19:13,393  INFO [LocalJobRunner Map Task Executor #0] exec.ReduceSinkOperator: RS[2]: records written - 1
2024-04-24T01:19:13,393  INFO [LocalJobRunner Map Task Executor #0] exec.MapOperator: MAP[0]: records read - 1
2024-04-24T01:19:13,394  INFO [LocalJobRunner Map Task Executor #0] exec.MapOperator: Closing Operator: MAP[0]
2024-04-24T01:19:13,394  INFO [LocalJobRunner Map Task Executor #0] exec.MapOperator: MAP[0]: Total records read - 2. abort - false
2024-04-24T01:19:13,394  INFO [LocalJobRunner Map Task Executor #0] exec.MapOperator: RECORDS_OUT_OPERATOR_MAP_0:0, RECORDS_OUT_INTERMEDIATE:0, DESERIALIZE_ERRORS:0, RECORDS_IN:2, 
2024-04-24T01:19:13,394  INFO [LocalJobRunner Map Task Executor #0] exec.TableScanOperator: Closing Operator: TS[0]
2024-04-24T01:19:13,394  INFO [LocalJobRunner Map Task Executor #0] exec.TableScanOperator: RECORDS_OUT_OPERATOR_TS_0:2, RECORDS_OUT_INTERMEDIATE:0, 
2024-04-24T01:19:13,394  INFO [LocalJobRunner Map Task Executor #0] exec.SelectOperator: Closing Operator: SEL[1]
2024-04-24T01:19:13,394  INFO [LocalJobRunner Map Task Executor #0] exec.SelectOperator: RECORDS_OUT_OPERATOR_SEL_1:2, RECORDS_OUT_INTERMEDIATE:0, 
2024-04-24T01:19:13,394  INFO [LocalJobRunner Map Task Executor #0] exec.ReduceSinkOperator: Closing Operator: RS[2]
2024-04-24T01:19:13,394  INFO [LocalJobRunner Map Task Executor #0] exec.ReduceSinkOperator: RS[2]: Total records written - 2. abort - false
2024-04-24T01:19:13,394  INFO [LocalJobRunner Map Task Executor #0] exec.ReduceSinkOperator: RECORDS_OUT_INTERMEDIATE:2, RECORDS_OUT_OPERATOR_RS_2:2, 
2024-04-24T01:19:13,394  INFO [LocalJobRunner Map Task Executor #0] mapred.LocalJobRunner: 
2024-04-24T01:19:13,394  INFO [LocalJobRunner Map Task Executor #0] mapred.MapTask: Starting flush of map output
2024-04-24T01:19:13,394  INFO [LocalJobRunner Map Task Executor #0] mapred.MapTask: Spilling map output
2024-04-24T01:19:13,394  INFO [LocalJobRunner Map Task Executor #0] mapred.MapTask: bufstart = 0; bufend = 318; bufvoid = 104857600
2024-04-24T01:19:13,394  INFO [LocalJobRunner Map Task Executor #0] mapred.MapTask: kvstart = 26214396(104857584); kvend = 26214392(104857568); length = 5/6553600
2024-04-24T01:19:13,403  INFO [LocalJobRunner Map Task Executor #0] mapred.MapTask: Finished spill 0
2024-04-24T01:19:13,405  INFO [LocalJobRunner Map Task Executor #0] mapred.Task: Task:attempt_local2071280093_0053_m_000004_0 is done. And is in the process of committing
2024-04-24T01:19:13,406  INFO [LocalJobRunner Map Task Executor #0] mapred.LocalJobRunner: OrcSplit [file:/home/alex/Repositories/hive/ql/target/tmp/org.apache.hadoop.hive.ql.TestTxnNoBuckets-1713946626176/warehouse/t/000002_0, start=0, length=254, isOriginal=true, fileLength=254, hasFooter=false, hasBase=true, deltas=0]
2024-04-24T01:19:13,406  INFO [LocalJobRunner Map Task Executor #0] mapred.Task: Task 'attempt_local2071280093_0053_m_000004_0' done.
2024-04-24T01:19:13,406  INFO [LocalJobRunner Map Task Executor #0] mapred.Task: Final Counters for attempt_local2071280093_0053_m_000004_0: Counters: 24
	File System Counters
		FILE: Number of bytes read=1288900
		FILE: Number of bytes written=62493342
		FILE: Number of read operations=0
		FILE: Number of large read operations=0
		FILE: Number of write operations=0
	Map-Reduce Framework
		Map input records=2
		Map output records=2
		Map output bytes=318
		Map output materialized bytes=330
		Input split bytes=451
		Combine input records=0
		Spilled Records=2
		Failed Shuffles=0
		Merged Map outputs=0
		GC time elapsed (ms)=0
		Total committed heap usage (bytes)=1350565888
	HIVE
		DESERIALIZE_ERRORS=0
		RECORDS_IN=2
		RECORDS_OUT_INTERMEDIATE=2
		RECORDS_OUT_OPERATOR_MAP_0=0
		RECORDS_OUT_OPERATOR_RS_2=2
		RECORDS_OUT_OPERATOR_SEL_1=2
		RECORDS_OUT_OPERATOR_TS_0=2
	File Input Format Counters 
		Bytes Read=6111
2024-04-24T01:19:13,406  INFO [LocalJobRunner Map Task Executor #0] mapred.LocalJobRunner: Finishing task: attempt_local2071280093_0053_m_000004_0
2024-04-24T01:19:13,406  INFO [LocalJobRunner Map Task Executor #0] mapred.LocalJobRunner: Starting task: attempt_local2071280093_0053_m_000005_0
2024-04-24T01:19:13,406  INFO [LocalJobRunner Map Task Executor #0] mapred.Task:  Using ResourceCalculatorProcessTree : [ ]
2024-04-24T01:19:13,407  INFO [LocalJobRunner Map Task Executor #0] mapred.MapTask: Processing split: org.apache.hadoop.hive.ql.io.orc.OrcInputFormat:OrcSplit [file:/home/alex/Repositories/hive/ql/target/tmp/org.apache.hadoop.hive.ql.TestTxnNoBuckets-1713946626176/warehouse/t/HIVE_UNION_SUBDIR_16/000000_0, start=0, length=254, isOriginal=true, fileLength=254, hasFooter=false, hasBase=true, deltas=0]
2024-04-24T01:19:13,407  INFO [LocalJobRunner Map Task Executor #0] exec.SerializationUtilities: Deserializing MapWork using kryo
2024-04-24T01:19:13,408  INFO [LocalJobRunner Map Task Executor #0] exec.Utilities: Deserialized plan (via FILE) - name: null size: 4,98KB
2024-04-24T01:19:13,409  INFO [LocalJobRunner Map Task Executor #0] orc.OrcRawRecordMerger: min key = null, max key = null
2024-04-24T01:19:13,409  INFO [LocalJobRunner Map Task Executor #0] orc.ReaderImpl: Reading ORC rows from file:/home/alex/Repositories/hive/ql/target/tmp/org.apache.hadoop.hive.ql.TestTxnNoBuckets-1713946626176/warehouse/t/HIVE_UNION_SUBDIR_16/000000_0 with {include: [true, true, true], offset: 0, length: 254, schema: struct<a:int,b:int>, includeAcidColumns: true}
2024-04-24T01:19:13,438  INFO [LocalJobRunner Map Task Executor #0] orc.OrcRawRecordMerger: updated min key = null, max key = null
2024-04-24T01:19:13,438  INFO [LocalJobRunner Map Task Executor #0] mapred.MapTask: numReduceTasks: 1
2024-04-24T01:19:13,445  INFO [LocalJobRunner Map Task Executor #0] mapred.MapTask: (EQUATOR) 0 kvi 26214396(104857584)
2024-04-24T01:19:13,445  INFO [LocalJobRunner Map Task Executor #0] mapred.MapTask: mapreduce.task.io.sort.mb: 100
2024-04-24T01:19:13,445  INFO [LocalJobRunner Map Task Executor #0] mapred.MapTask: soft limit at 83886080
2024-04-24T01:19:13,445  INFO [LocalJobRunner Map Task Executor #0] mapred.MapTask: bufstart = 0; bufvoid = 104857600
2024-04-24T01:19:13,445  INFO [LocalJobRunner Map Task Executor #0] mapred.MapTask: kvstart = 26214396; length = 6553600
2024-04-24T01:19:13,446  INFO [LocalJobRunner Map Task Executor #0] mapred.MapTask: Map output collector class = org.apache.hadoop.mapred.MapTask$MapOutputBuffer
2024-04-24T01:19:13,446  INFO [LocalJobRunner Map Task Executor #0] exec.MapOperator: Initializing Operator: MAP[0]
2024-04-24T01:19:13,448  INFO [LocalJobRunner Map Task Executor #0] mr.ExecMapper: 
<MAP>Id =0
  <Children>null
  <\Children>
  <Parent><\Parent>
<\MAP>
2024-04-24T01:19:13,449  INFO [LocalJobRunner Map Task Executor #0] exec.TableScanOperator: Initializing Operator: TS[0]
2024-04-24T01:19:13,449  INFO [LocalJobRunner Map Task Executor #0] exec.SelectOperator: Initializing Operator: SEL[1]
2024-04-24T01:19:13,449  INFO [LocalJobRunner Map Task Executor #0] exec.SelectOperator: SELECT struct<a:int,b:int,row__id:struct<writeid:bigint,bucketid:int,rowid:bigint>,input__file__name:string>
2024-04-24T01:19:13,449  INFO [LocalJobRunner Map Task Executor #0] exec.ReduceSinkOperator: Initializing Operator: RS[2]
2024-04-24T01:19:13,449  INFO [LocalJobRunner Map Task Executor #0] exec.ReduceSinkOperator: Using tag = -1
2024-04-24T01:19:13,450  INFO [LocalJobRunner Map Task Executor #0] exec.ReduceSinkOperator: keys are [reducesinkkey0, reducesinkkey1, reducesinkkey2] num distributions: 3
2024-04-24T01:19:13,450  INFO [LocalJobRunner Map Task Executor #0] exec.ReduceSinkOperator: RS[2]: records written - 1
2024-04-24T01:19:13,450  INFO [LocalJobRunner Map Task Executor #0] exec.MapOperator: MAP[0]: records read - 1
2024-04-24T01:19:13,450  INFO [LocalJobRunner Map Task Executor #0] exec.MapOperator: Closing Operator: MAP[0]
2024-04-24T01:19:13,450  INFO [LocalJobRunner Map Task Executor #0] exec.MapOperator: MAP[0]: Total records read - 1. abort - false
2024-04-24T01:19:13,450  INFO [LocalJobRunner Map Task Executor #0] exec.MapOperator: RECORDS_IN:1, RECORDS_OUT_INTERMEDIATE:0, DESERIALIZE_ERRORS:0, RECORDS_OUT_OPERATOR_MAP_0:0, 
2024-04-24T01:19:13,450  INFO [LocalJobRunner Map Task Executor #0] exec.TableScanOperator: Closing Operator: TS[0]
2024-04-24T01:19:13,450  INFO [LocalJobRunner Map Task Executor #0] exec.TableScanOperator: RECORDS_OUT_OPERATOR_TS_0:1, RECORDS_OUT_INTERMEDIATE:0, 
2024-04-24T01:19:13,450  INFO [LocalJobRunner Map Task Executor #0] exec.SelectOperator: Closing Operator: SEL[1]
2024-04-24T01:19:13,450  INFO [LocalJobRunner Map Task Executor #0] exec.SelectOperator: RECORDS_OUT_OPERATOR_SEL_1:1, RECORDS_OUT_INTERMEDIATE:0, 
2024-04-24T01:19:13,450  INFO [LocalJobRunner Map Task Executor #0] exec.ReduceSinkOperator: Closing Operator: RS[2]
2024-04-24T01:19:13,451  INFO [LocalJobRunner Map Task Executor #0] exec.ReduceSinkOperator: RS[2]: Total records written - 1. abort - false
2024-04-24T01:19:13,451  INFO [LocalJobRunner Map Task Executor #0] exec.ReduceSinkOperator: RECORDS_OUT_OPERATOR_RS_2:1, RECORDS_OUT_INTERMEDIATE:1, 
2024-04-24T01:19:13,451  INFO [LocalJobRunner Map Task Executor #0] mapred.LocalJobRunner: 
2024-04-24T01:19:13,451  INFO [LocalJobRunner Map Task Executor #0] mapred.MapTask: Starting flush of map output
2024-04-24T01:19:13,451  INFO [LocalJobRunner Map Task Executor #0] mapred.MapTask: Spilling map output
2024-04-24T01:19:13,451  INFO [LocalJobRunner Map Task Executor #0] mapred.MapTask: bufstart = 0; bufend = 180; bufvoid = 104857600
2024-04-24T01:19:13,451  INFO [LocalJobRunner Map Task Executor #0] mapred.MapTask: kvstart = 26214396(104857584); kvend = 26214396(104857584); length = 1/6553600
2024-04-24T01:19:13,460  INFO [LocalJobRunner Map Task Executor #0] mapred.MapTask: Finished spill 0
2024-04-24T01:19:13,463  INFO [LocalJobRunner Map Task Executor #0] mapred.Task: Task:attempt_local2071280093_0053_m_000005_0 is done. And is in the process of committing
2024-04-24T01:19:13,464  INFO [LocalJobRunner Map Task Executor #0] mapred.LocalJobRunner: OrcSplit [file:/home/alex/Repositories/hive/ql/target/tmp/org.apache.hadoop.hive.ql.TestTxnNoBuckets-1713946626176/warehouse/t/HIVE_UNION_SUBDIR_16/000000_0, start=0, length=254, isOriginal=true, fileLength=254, hasFooter=false, hasBase=true, deltas=0]
2024-04-24T01:19:13,464  INFO [LocalJobRunner Map Task Executor #0] mapred.Task: Task 'attempt_local2071280093_0053_m_000005_0' done.
2024-04-24T01:19:13,464  INFO [LocalJobRunner Map Task Executor #0] mapred.Task: Final Counters for attempt_local2071280093_0053_m_000005_0: Counters: 24
	File System Counters
		FILE: Number of bytes read=1297062
		FILE: Number of bytes written=62493563
		FILE: Number of read operations=0
		FILE: Number of large read operations=0
		FILE: Number of write operations=0
	Map-Reduce Framework
		Map input records=1
		Map output records=1
		Map output bytes=180
		Map output materialized bytes=189
		Input split bytes=473
		Combine input records=0
		Spilled Records=1
		Failed Shuffles=0
		Merged Map outputs=0
		GC time elapsed (ms)=0
		Total committed heap usage (bytes)=1350565888
	HIVE
		DESERIALIZE_ERRORS=0
		RECORDS_IN=1
		RECORDS_OUT_INTERMEDIATE=1
		RECORDS_OUT_OPERATOR_MAP_0=0
		RECORDS_OUT_OPERATOR_RS_2=1
		RECORDS_OUT_OPERATOR_SEL_1=1
		RECORDS_OUT_OPERATOR_TS_0=1
	File Input Format Counters 
		Bytes Read=6936
2024-04-24T01:19:13,464  INFO [LocalJobRunner Map Task Executor #0] mapred.LocalJobRunner: Finishing task: attempt_local2071280093_0053_m_000005_0
2024-04-24T01:19:13,464  INFO [LocalJobRunner Map Task Executor #0] mapred.LocalJobRunner: Starting task: attempt_local2071280093_0053_m_000006_0
2024-04-24T01:19:13,465  INFO [LocalJobRunner Map Task Executor #0] mapred.Task:  Using ResourceCalculatorProcessTree : [ ]
2024-04-24T01:19:13,465  INFO [LocalJobRunner Map Task Executor #0] mapred.MapTask: Processing split: org.apache.hadoop.hive.ql.io.orc.OrcInputFormat:OrcSplit [file:/home/alex/Repositories/hive/ql/target/tmp/org.apache.hadoop.hive.ql.TestTxnNoBuckets-1713946626176/warehouse/t/000000_0_copy_1, start=0, length=241, isOriginal=true, fileLength=241, hasFooter=false, hasBase=true, deltas=0]
2024-04-24T01:19:13,466  INFO [LocalJobRunner Map Task Executor #0] exec.SerializationUtilities: Deserializing MapWork using kryo
2024-04-24T01:19:13,468  INFO [LocalJobRunner Map Task Executor #0] exec.Utilities: Deserialized plan (via FILE) - name: null size: 4,98KB
2024-04-24T01:19:13,469  INFO [LocalJobRunner Map Task Executor #0] orc.OrcRawRecordMerger: min key = null, max key = null
2024-04-24T01:19:13,469  INFO [LocalJobRunner Map Task Executor #0] orc.ReaderImpl: Reading ORC rows from file:/home/alex/Repositories/hive/ql/target/tmp/org.apache.hadoop.hive.ql.TestTxnNoBuckets-1713946626176/warehouse/t/000000_0_copy_1 with {include: [true, true, true], offset: 0, length: 241, schema: struct<a:int,b:int>, includeAcidColumns: true}
2024-04-24T01:19:13,498  INFO [LocalJobRunner Map Task Executor #0] orc.OrcRawRecordMerger: updated min key = null, max key = null
2024-04-24T01:19:13,499  INFO [LocalJobRunner Map Task Executor #0] mapred.MapTask: numReduceTasks: 1
2024-04-24T01:19:13,505  INFO [LocalJobRunner Map Task Executor #0] mapred.MapTask: (EQUATOR) 0 kvi 26214396(104857584)
2024-04-24T01:19:13,505  INFO [LocalJobRunner Map Task Executor #0] mapred.MapTask: mapreduce.task.io.sort.mb: 100
2024-04-24T01:19:13,505  INFO [LocalJobRunner Map Task Executor #0] mapred.MapTask: soft limit at 83886080
2024-04-24T01:19:13,505  INFO [LocalJobRunner Map Task Executor #0] mapred.MapTask: bufstart = 0; bufvoid = 104857600
2024-04-24T01:19:13,505  INFO [LocalJobRunner Map Task Executor #0] mapred.MapTask: kvstart = 26214396; length = 6553600
2024-04-24T01:19:13,506  INFO [LocalJobRunner Map Task Executor #0] mapred.MapTask: Map output collector class = org.apache.hadoop.mapred.MapTask$MapOutputBuffer
2024-04-24T01:19:13,506  INFO [LocalJobRunner Map Task Executor #0] exec.MapOperator: Initializing Operator: MAP[0]
2024-04-24T01:19:13,507  INFO [LocalJobRunner Map Task Executor #0] mr.ExecMapper: 
<MAP>Id =0
  <Children>null
  <\Children>
  <Parent><\Parent>
<\MAP>
2024-04-24T01:19:13,508  INFO [LocalJobRunner Map Task Executor #0] exec.TableScanOperator: Initializing Operator: TS[0]
2024-04-24T01:19:13,508  INFO [LocalJobRunner Map Task Executor #0] exec.SelectOperator: Initializing Operator: SEL[1]
2024-04-24T01:19:13,508  INFO [LocalJobRunner Map Task Executor #0] exec.SelectOperator: SELECT struct<a:int,b:int,row__id:struct<writeid:bigint,bucketid:int,rowid:bigint>,input__file__name:string>
2024-04-24T01:19:13,508  INFO [LocalJobRunner Map Task Executor #0] exec.ReduceSinkOperator: Initializing Operator: RS[2]
2024-04-24T01:19:13,508  INFO [LocalJobRunner Map Task Executor #0] exec.ReduceSinkOperator: Using tag = -1
2024-04-24T01:19:13,508  INFO [LocalJobRunner Map Task Executor #0] exec.ReduceSinkOperator: keys are [reducesinkkey0, reducesinkkey1, reducesinkkey2] num distributions: 3
2024-04-24T01:19:13,508  INFO [LocalJobRunner Map Task Executor #0] exec.ReduceSinkOperator: RS[2]: records written - 1
2024-04-24T01:19:13,508  INFO [LocalJobRunner Map Task Executor #0] exec.MapOperator: MAP[0]: records read - 1
2024-04-24T01:19:13,509  INFO [LocalJobRunner Map Task Executor #0] exec.MapOperator: Closing Operator: MAP[0]
2024-04-24T01:19:13,509  INFO [LocalJobRunner Map Task Executor #0] exec.MapOperator: MAP[0]: Total records read - 1. abort - false
2024-04-24T01:19:13,509  INFO [LocalJobRunner Map Task Executor #0] exec.MapOperator: RECORDS_OUT_INTERMEDIATE:0, RECORDS_IN:1, RECORDS_OUT_OPERATOR_MAP_0:0, DESERIALIZE_ERRORS:0, 
2024-04-24T01:19:13,509  INFO [LocalJobRunner Map Task Executor #0] exec.TableScanOperator: Closing Operator: TS[0]
2024-04-24T01:19:13,509  INFO [LocalJobRunner Map Task Executor #0] exec.TableScanOperator: RECORDS_OUT_INTERMEDIATE:0, RECORDS_OUT_OPERATOR_TS_0:1, 
2024-04-24T01:19:13,509  INFO [LocalJobRunner Map Task Executor #0] exec.SelectOperator: Closing Operator: SEL[1]
2024-04-24T01:19:13,509  INFO [LocalJobRunner Map Task Executor #0] exec.SelectOperator: RECORDS_OUT_OPERATOR_SEL_1:1, RECORDS_OUT_INTERMEDIATE:0, 
2024-04-24T01:19:13,509  INFO [LocalJobRunner Map Task Executor #0] exec.ReduceSinkOperator: Closing Operator: RS[2]
2024-04-24T01:19:13,509  INFO [LocalJobRunner Map Task Executor #0] exec.ReduceSinkOperator: RS[2]: Total records written - 1. abort - false
2024-04-24T01:19:13,509  INFO [LocalJobRunner Map Task Executor #0] exec.ReduceSinkOperator: RECORDS_OUT_INTERMEDIATE:1, RECORDS_OUT_OPERATOR_RS_2:1, 
2024-04-24T01:19:13,509  INFO [LocalJobRunner Map Task Executor #0] mapred.LocalJobRunner: 
2024-04-24T01:19:13,509  INFO [LocalJobRunner Map Task Executor #0] mapred.MapTask: Starting flush of map output
2024-04-24T01:19:13,509  INFO [LocalJobRunner Map Task Executor #0] mapred.MapTask: Spilling map output
2024-04-24T01:19:13,509  INFO [LocalJobRunner Map Task Executor #0] mapred.MapTask: bufstart = 0; bufend = 166; bufvoid = 104857600
2024-04-24T01:19:13,509  INFO [LocalJobRunner Map Task Executor #0] mapred.MapTask: kvstart = 26214396(104857584); kvend = 26214396(104857584); length = 1/6553600
2024-04-24T01:19:13,518  INFO [LocalJobRunner Map Task Executor #0] mapred.MapTask: Finished spill 0
2024-04-24T01:19:13,521  INFO [LocalJobRunner Map Task Executor #0] mapred.Task: Task:attempt_local2071280093_0053_m_000006_0 is done. And is in the process of committing
2024-04-24T01:19:13,521  INFO [LocalJobRunner Map Task Executor #0] mapred.LocalJobRunner: OrcSplit [file:/home/alex/Repositories/hive/ql/target/tmp/org.apache.hadoop.hive.ql.TestTxnNoBuckets-1713946626176/warehouse/t/000000_0_copy_1, start=0, length=241, isOriginal=true, fileLength=241, hasFooter=false, hasBase=true, deltas=0]
2024-04-24T01:19:13,521  INFO [LocalJobRunner Map Task Executor #0] mapred.Task: Task 'attempt_local2071280093_0053_m_000006_0' done.
2024-04-24T01:19:13,521  INFO [LocalJobRunner Map Task Executor #0] mapred.Task: Final Counters for attempt_local2071280093_0053_m_000006_0: Counters: 24
	File System Counters
		FILE: Number of bytes read=1304115
		FILE: Number of bytes written=62493770
		FILE: Number of read operations=0
		FILE: Number of large read operations=0
		FILE: Number of write operations=0
	Map-Reduce Framework
		Map input records=1
		Map output records=1
		Map output bytes=166
		Map output materialized bytes=175
		Input split bytes=459
		Combine input records=0
		Spilled Records=1
		Failed Shuffles=0
		Merged Map outputs=0
		GC time elapsed (ms)=0
		Total committed heap usage (bytes)=1350565888
	HIVE
		DESERIALIZE_ERRORS=0
		RECORDS_IN=1
		RECORDS_OUT_INTERMEDIATE=1
		RECORDS_OUT_OPERATOR_MAP_0=0
		RECORDS_OUT_OPERATOR_RS_2=1
		RECORDS_OUT_OPERATOR_SEL_1=1
		RECORDS_OUT_OPERATOR_TS_0=1
	File Input Format Counters 
		Bytes Read=6339
2024-04-24T01:19:13,521  INFO [LocalJobRunner Map Task Executor #0] mapred.LocalJobRunner: Finishing task: attempt_local2071280093_0053_m_000006_0
2024-04-24T01:19:13,521  INFO [Thread-3438] mapred.LocalJobRunner: map task executor complete.
2024-04-24T01:19:13,522  INFO [Thread-3438] mapred.LocalJobRunner: Waiting for reduce tasks
2024-04-24T01:19:13,522  INFO [pool-227-thread-1] mapred.LocalJobRunner: Starting task: attempt_local2071280093_0053_r_000000_0
2024-04-24T01:19:13,523  INFO [pool-227-thread-1] mapred.Task:  Using ResourceCalculatorProcessTree : [ ]
2024-04-24T01:19:13,523  INFO [pool-227-thread-1] mapred.ReduceTask: Using ShuffleConsumerPlugin: org.apache.hadoop.mapreduce.task.reduce.Shuffle@50fd3cc9
2024-04-24T01:19:13,523  WARN [pool-227-thread-1] impl.MetricsSystemImpl: JobTracker metrics system already initialized!
2024-04-24T01:19:13,524  INFO [pool-227-thread-1] reduce.MergeManagerImpl: MergerManager: memoryLimit=1336252800, maxSingleShuffleLimit=334063200, mergeThreshold=881926912, ioSortFactor=10, memToMemMergeOutputsThreshold=10
2024-04-24T01:19:13,524  INFO [EventFetcher for fetching Map Completion Events] reduce.EventFetcher: attempt_local2071280093_0053_r_000000_0 Thread started: EventFetcher for fetching Map Completion Events
2024-04-24T01:19:13,527  INFO [localfetcher#33] reduce.LocalFetcher: localfetcher#33 about to shuffle output of map attempt_local2071280093_0053_m_000000_0 decomp: 185 len: 189 to MEMORY
2024-04-24T01:19:13,527  INFO [localfetcher#33] reduce.InMemoryMapOutput: Read 185 bytes from map-output for attempt_local2071280093_0053_m_000000_0
2024-04-24T01:19:13,527  INFO [localfetcher#33] reduce.MergeManagerImpl: closeInMemoryFile -> map-output of size: 185, inMemoryMapOutputs.size() -> 1, commitMemory -> 0, usedMemory ->185
2024-04-24T01:19:13,530  INFO [localfetcher#33] reduce.LocalFetcher: localfetcher#33 about to shuffle output of map attempt_local2071280093_0053_m_000002_0 decomp: 368 len: 372 to MEMORY
2024-04-24T01:19:13,530  INFO [localfetcher#33] reduce.InMemoryMapOutput: Read 368 bytes from map-output for attempt_local2071280093_0053_m_000002_0
2024-04-24T01:19:13,530  INFO [localfetcher#33] reduce.MergeManagerImpl: closeInMemoryFile -> map-output of size: 368, inMemoryMapOutputs.size() -> 2, commitMemory -> 185, usedMemory ->553
2024-04-24T01:19:13,532  INFO [localfetcher#33] reduce.LocalFetcher: localfetcher#33 about to shuffle output of map attempt_local2071280093_0053_m_000001_0 decomp: 326 len: 330 to MEMORY
2024-04-24T01:19:13,532  INFO [localfetcher#33] reduce.InMemoryMapOutput: Read 326 bytes from map-output for attempt_local2071280093_0053_m_000001_0
2024-04-24T01:19:13,532  INFO [localfetcher#33] reduce.MergeManagerImpl: closeInMemoryFile -> map-output of size: 326, inMemoryMapOutputs.size() -> 3, commitMemory -> 553, usedMemory ->879
2024-04-24T01:19:13,535  INFO [localfetcher#33] reduce.LocalFetcher: localfetcher#33 about to shuffle output of map attempt_local2071280093_0053_m_000004_0 decomp: 326 len: 330 to MEMORY
2024-04-24T01:19:13,535  INFO [localfetcher#33] reduce.InMemoryMapOutput: Read 326 bytes from map-output for attempt_local2071280093_0053_m_000004_0
2024-04-24T01:19:13,535  INFO [localfetcher#33] reduce.MergeManagerImpl: closeInMemoryFile -> map-output of size: 326, inMemoryMapOutputs.size() -> 4, commitMemory -> 879, usedMemory ->1205
2024-04-24T01:19:13,537  INFO [localfetcher#33] reduce.LocalFetcher: localfetcher#33 about to shuffle output of map attempt_local2071280093_0053_m_000006_0 decomp: 171 len: 175 to MEMORY
2024-04-24T01:19:13,537  INFO [localfetcher#33] reduce.InMemoryMapOutput: Read 171 bytes from map-output for attempt_local2071280093_0053_m_000006_0
2024-04-24T01:19:13,537  INFO [localfetcher#33] reduce.MergeManagerImpl: closeInMemoryFile -> map-output of size: 171, inMemoryMapOutputs.size() -> 5, commitMemory -> 1205, usedMemory ->1376
2024-04-24T01:19:13,540  INFO [localfetcher#33] reduce.LocalFetcher: localfetcher#33 about to shuffle output of map attempt_local2071280093_0053_m_000003_0 decomp: 164 len: 168 to MEMORY
2024-04-24T01:19:13,540  INFO [localfetcher#33] reduce.InMemoryMapOutput: Read 164 bytes from map-output for attempt_local2071280093_0053_m_000003_0
2024-04-24T01:19:13,540  INFO [localfetcher#33] reduce.MergeManagerImpl: closeInMemoryFile -> map-output of size: 164, inMemoryMapOutputs.size() -> 6, commitMemory -> 1376, usedMemory ->1540
2024-04-24T01:19:13,542  INFO [localfetcher#33] reduce.LocalFetcher: localfetcher#33 about to shuffle output of map attempt_local2071280093_0053_m_000005_0 decomp: 185 len: 189 to MEMORY
2024-04-24T01:19:13,542  INFO [localfetcher#33] reduce.InMemoryMapOutput: Read 185 bytes from map-output for attempt_local2071280093_0053_m_000005_0
2024-04-24T01:19:13,542  INFO [localfetcher#33] reduce.MergeManagerImpl: closeInMemoryFile -> map-output of size: 185, inMemoryMapOutputs.size() -> 7, commitMemory -> 1540, usedMemory ->1725
2024-04-24T01:19:13,543  INFO [EventFetcher for fetching Map Completion Events] reduce.EventFetcher: EventFetcher is interrupted.. Returning
2024-04-24T01:19:13,543  INFO [pool-227-thread-1] mapred.LocalJobRunner: 7 / 7 copied.
2024-04-24T01:19:13,543  INFO [pool-227-thread-1] reduce.MergeManagerImpl: finalMerge called with 7 in-memory map-outputs and 0 on-disk map-outputs
2024-04-24T01:19:13,549  INFO [pool-227-thread-1] mapred.Merger: Merging 7 sorted segments
2024-04-24T01:19:13,549  INFO [pool-227-thread-1] mapred.Merger: Down to the last merge-pass, with 7 segments left of total size: 640 bytes
2024-04-24T01:19:13,552  INFO [pool-227-thread-1] reduce.MergeManagerImpl: Merged 7 segments, 1725 bytes to disk to satisfy reduce memory limit
2024-04-24T01:19:13,552  INFO [pool-227-thread-1] reduce.MergeManagerImpl: Merging 1 files, 1717 bytes from disk
2024-04-24T01:19:13,552  INFO [pool-227-thread-1] reduce.MergeManagerImpl: Merging 0 segments, 0 bytes from memory into reduce
2024-04-24T01:19:13,552  INFO [pool-227-thread-1] mapred.Merger: Merging 1 sorted segments
2024-04-24T01:19:13,552  INFO [pool-227-thread-1] mapred.Merger: Down to the last merge-pass, with 1 segments left of total size: 1568 bytes
2024-04-24T01:19:13,552  INFO [pool-227-thread-1] mapred.LocalJobRunner: 7 / 7 copied.
2024-04-24T01:19:13,552  INFO [pool-227-thread-1] exec.SerializationUtilities: Deserializing ReduceWork using kryo
2024-04-24T01:19:13,553  INFO [pool-227-thread-1] exec.Utilities: Deserialized plan (via FILE) - name: null size: 6,14KB
2024-04-24T01:19:13,554  INFO [pool-227-thread-1] ExecReducer: 
<SEL>Id =3
  <Children>
    <FS>Id =4
      <Children>
      <\Children>
      <Parent>Id = 3 null<\Parent>
    <\FS>
  <\Children>
  <Parent><\Parent>
<\SEL>
2024-04-24T01:19:13,554  INFO [pool-227-thread-1] exec.SelectOperator: Initializing Operator: SEL[3]
2024-04-24T01:19:13,554  INFO [pool-227-thread-1] exec.SelectOperator: SELECT struct<key:struct<reducesinkkey0:int,reducesinkkey1:int,reducesinkkey2:string>,value:struct<_col0:struct<writeid:bigint,bucketid:int,rowid:bigint>>>
2024-04-24T01:19:13,554  INFO [pool-227-thread-1] exec.FileSinkOperator: Initializing Operator: FS[4]
2024-04-24T01:19:13,554  INFO [pool-227-thread-1] exec.FileSinkOperator: Using serializer : class org.apache.hadoop.hive.serde2.lazy.LazySimpleSerDe [serdeParams=org.apache.hadoop.hive.serde2.lazy.LazySerDeParameters@459e5597, cachedObjectInspector=org.apache.hadoop.hive.serde2.lazy.objectinspector.LazySimpleStructObjectInspector<org.apache.hadoop.hive.serde2.lazy.objectinspector.LazySimpleStructObjectInspector<org.apache.hadoop.hive.serde2.lazy.objectinspector.primitive.LazyLongObjectInspector@4ae93e38,org.apache.hadoop.hive.serde2.lazy.objectinspector.primitive.LazyIntObjectInspector@6ddeeb78,org.apache.hadoop.hive.serde2.lazy.objectinspector.primitive.LazyLongObjectInspector@4ae93e38>,org.apache.hadoop.hive.serde2.lazy.objectinspector.primitive.LazyIntObjectInspector@6ddeeb78,org.apache.hadoop.hive.serde2.lazy.objectinspector.primitive.LazyIntObjectInspector@6ddeeb78,org.apache.hadoop.hive.serde2.lazy.objectinspector.primitive.LazyStringObjectInspector@266b7d1>, serializedSize=0, stats=org.apache.hadoop.hive.serde2.SerDeStats@7b66b64b, lastOperationSerialize=false, lastOperationDeserialize=false [1, 2, 3, 4, 5, 6, 7, 8, 11, 14, 15, 16, 17, 18, 19, 20, 21, 22, 23, 24, 25, 26, 28, 29, 30, 31, -128, -127, -126, -125, -124, -123, -122, -121, -120, -119, -118, -117, -116, -115, -114, -113, -112, -111, -110, -109, -108, -107, -106, -105, -104, -103, -102, -101, -100, -99, -98, -97, -96, -95, -94, -93, -92, -91, -90, -89, -88, -87, -86, -85, -84, -83, -82, -81, -80, -79, -78, -77, -76, -75, -74, -73, -72, -71, -70, -69, -68, -67, -66, -65, -64, -63, -62, -61, -60, -59, -58, -57, -56, -55, -54, -53, -52, -51, -50, -49, -48, -47, -46, -45, -44, -43, -42, -41, -40, -39, -38, -37, -36, -35, -34, -33, -32, -31, -30, -29, -28, -27, -26, -25, -24, -23, -22, -21, -20, -19, -18, -17, -16, -15, -14, -13, -12, -11, -10, -9, -8, -7, -6, -5, -4, -3, -2, -1] : [_col0, _col1, _col2, _col3] : [struct<writeid:bigint,bucketid:int,rowid:bigint>, int, int, string]] and formatter : org.apache.hadoop.hive.ql.io.HiveSequenceFileOutputFormat@d1aa479
2024-04-24T01:19:13,554  INFO [pool-227-thread-1] exec.FileSinkOperator: Final Path: FS file:/home/alex/Repositories/hive/ql/target/tmp/localscratchdir/e00dbb5c-6c74-4674-b714-4428495d65b6/hive_2024-04-24_01-19-12_589_6438392138143283227-1/-mr-10001/.hive-staging_hive_2024-04-24_01-19-12_589_6438392138143283227-1/_tmp.-ext-10002/000000_0
2024-04-24T01:19:13,554  INFO [pool-227-thread-1] exec.FileSinkOperator: Writing to temp file: FS file:/home/alex/Repositories/hive/ql/target/tmp/localscratchdir/e00dbb5c-6c74-4674-b714-4428495d65b6/hive_2024-04-24_01-19-12_589_6438392138143283227-1/-mr-10001/.hive-staging_hive_2024-04-24_01-19-12_589_6438392138143283227-1/_task_tmp.-ext-10002/_tmp.000000_0
2024-04-24T01:19:13,554  INFO [pool-227-thread-1] exec.FileSinkOperator: New Final Path: FS file:/home/alex/Repositories/hive/ql/target/tmp/localscratchdir/e00dbb5c-6c74-4674-b714-4428495d65b6/hive_2024-04-24_01-19-12_589_6438392138143283227-1/-mr-10001/.hive-staging_hive_2024-04-24_01-19-12_589_6438392138143283227-1/_tmp.-ext-10002/000000_0
2024-04-24T01:19:13,562  INFO [pool-227-thread-1] exec.FileSinkOperator: FS[4]: records written - 1
2024-04-24T01:19:13,563  INFO [pool-227-thread-1] exec.FileSinkOperator: FS[4]: records written - 10
2024-04-24T01:19:13,563  INFO [pool-227-thread-1] exec.SelectOperator: Closing Operator: SEL[3]
2024-04-24T01:19:13,563  INFO [pool-227-thread-1] exec.SelectOperator: RECORDS_OUT_INTERMEDIATE:0, RECORDS_OUT_OPERATOR_SEL_3:10, 
2024-04-24T01:19:13,563  INFO [pool-227-thread-1] exec.FileSinkOperator: Closing Operator: FS[4]
2024-04-24T01:19:13,563  INFO [pool-227-thread-1] exec.FileSinkOperator: FS[4]: records written - 10
2024-04-24T01:19:13,563  INFO [pool-227-thread-1] exec.FileSinkOperator: RECORDS_OUT_INTERMEDIATE:0, RECORDS_OUT_OPERATOR_FS_4:10, RECORDS_OUT_0:10, 
2024-04-24T01:19:13,563  INFO [pool-227-thread-1] mapred.Task: Task:attempt_local2071280093_0053_r_000000_0 is done. And is in the process of committing
2024-04-24T01:19:13,564  INFO [pool-227-thread-1] mapred.LocalJobRunner: reduce > reduce
2024-04-24T01:19:13,564  INFO [pool-227-thread-1] mapred.Task: Task 'attempt_local2071280093_0053_r_000000_0' done.
2024-04-24T01:19:13,564  INFO [pool-227-thread-1] mapred.Task: Final Counters for attempt_local2071280093_0053_r_000000_0: Counters: 29
	File System Counters
		FILE: Number of bytes read=1314004
		FILE: Number of bytes written=62497270
		FILE: Number of read operations=0
		FILE: Number of large read operations=0
		FILE: Number of write operations=0
	Map-Reduce Framework
		Combine input records=0
		Combine output records=0
		Reduce input groups=10
		Reduce shuffle bytes=1753
		Reduce input records=10
		Reduce output records=0
		Spilled Records=10
		Shuffled Maps =7
		Failed Shuffles=0
		Merged Map outputs=7
		GC time elapsed (ms)=0
		Total committed heap usage (bytes)=1350565888
	HIVE
		CREATED_FILES=1
		RECORDS_OUT_0=10
		RECORDS_OUT_INTERMEDIATE=0
		RECORDS_OUT_OPERATOR_FS_4=10
		RECORDS_OUT_OPERATOR_SEL_3=10
	Shuffle Errors
		BAD_ID=0
		CONNECTION=0
		IO_ERROR=0
		WRONG_LENGTH=0
		WRONG_MAP=0
		WRONG_REDUCE=0
	File Output Format Counters 
		Bytes Written=0
2024-04-24T01:19:13,564  INFO [pool-227-thread-1] mapred.LocalJobRunner: Finishing task: attempt_local2071280093_0053_r_000000_0
2024-04-24T01:19:13,564  INFO [Thread-3438] mapred.LocalJobRunner: reduce task executor complete.
2024-04-24 01:19:14,133 Stage-1 map = 100%,  reduce = 100%
2024-04-24T01:19:14,133  INFO [main] exec.Task: 2024-04-24 01:19:14,133 Stage-1 map = 100%,  reduce = 100%
Ended Job = job_local2071280093_0053
2024-04-24T01:19:14,135  INFO [main] exec.Task: Ended Job = job_local2071280093_0053
2024-04-24T01:19:14,137  INFO [main] metadata.Hive: Dumping metastore api call timing information for : execution phase
2024-04-24T01:19:14,137  INFO [main] metadata.Hive: Total time spent in each metastore function (ms): {}
MapReduce Jobs Launched: 
2024-04-24T01:19:14,137  INFO [main] ql.Driver: MapReduce Jobs Launched: 
Stage-Stage-1:  HDFS Read: 0 HDFS Write: 0 SUCCESS
2024-04-24T01:19:14,138  INFO [main] ql.Driver: Stage-Stage-1:  HDFS Read: 0 HDFS Write: 0 SUCCESS
Total MapReduce CPU Time Spent: 0 msec
2024-04-24T01:19:14,138  INFO [main] ql.Driver: Total MapReduce CPU Time Spent: 0 msec
2024-04-24T01:19:14,138  INFO [main] ql.Driver: Completed executing command(queryId=alex_20240424011907_56259c43-9c60-4850-b2f9-05774aff0ecd); Time taken: 1.338 seconds
2024-04-24T01:19:14,138  INFO [main] lockmgr.DbTxnManager: Stopped heartbeat for query: alex_20240424011907_56259c43-9c60-4850-b2f9-05774aff0ecd
2024-04-24T01:19:14,141  INFO [main] txn.TxnHandler: Expected to move at least one record from txn_components to completed_txn_components when committing txn! txnid:22
2024-04-24T01:19:14,146  INFO [main] txn.TxnHandler: Removed transactions: ([22]) from MIN_HISTORY_LEVEL
2024-04-24T01:19:14,146  WARN [main] txn.CompactionTxnHandler: No compaction queue record found for Compaction type transaction commit. txnId:22
2024-04-24T01:19:14,155  INFO [main] mapred.FileInputFormat: Total input files to process : 1
2024-04-24T01:19:14,156  INFO [main] exec.ListSinkOperator: Closing Operator: LIST_SINK[5]
2024-04-24T01:19:14,157  INFO [main] exec.ListSinkOperator: RECORDS_OUT_OPERATOR_LIST_SINK_5:10, RECORDS_OUT_INTERMEDIATE:0, 
2024-04-24T01:19:14,157  WARN [main] ql.TestTxnNoBuckets: null: read data(after converting to acid (no compaction)): 
2024-04-24T01:19:14,157  INFO [main] ql.TestTxnNoBuckets: {"writeid":0,"bucketid":537001984,"rowid":0}	1	2	file:/home/alex/Repositories/hive/ql/target/tmp/org.apache.hadoop.hive.ql.TestTxnNoBuckets-1713946626176/warehouse/t/000002_0
{"writeid":0,"bucketid":537001984,"rowid":1}	2	4	file:/home/alex/Repositories/hive/ql/target/tmp/org.apache.hadoop.hive.ql.TestTxnNoBuckets-1713946626176/warehouse/t/000002_0
{"writeid":0,"bucketid":536870912,"rowid":0}	5	6	file:/home/alex/Repositories/hive/ql/target/tmp/org.apache.hadoop.hive.ql.TestTxnNoBuckets-1713946626176/warehouse/t/000000_0
{"writeid":0,"bucketid":536936448,"rowid":0}	6	8	file:/home/alex/Repositories/hive/ql/target/tmp/org.apache.hadoop.hive.ql.TestTxnNoBuckets-1713946626176/warehouse/t/000001_0
{"writeid":0,"bucketid":536870912,"rowid":1}	9	10	file:/home/alex/Repositories/hive/ql/target/tmp/org.apache.hadoop.hive.ql.TestTxnNoBuckets-1713946626176/warehouse/t/000000_0
{"writeid":0,"bucketid":536870912,"rowid":3}	10	20	file:/home/alex/Repositories/hive/ql/target/tmp/org.apache.hadoop.hive.ql.TestTxnNoBuckets-1713946626176/warehouse/t/HIVE_UNION_SUBDIR_15/000000_0
{"writeid":0,"bucketid":536870912,"rowid":2}	12	12	file:/home/alex/Repositories/hive/ql/target/tmp/org.apache.hadoop.hive.ql.TestTxnNoBuckets-1713946626176/warehouse/t/000000_0_copy_1
{"writeid":0,"bucketid":536870912,"rowid":4}	20	40	file:/home/alex/Repositories/hive/ql/target/tmp/org.apache.hadoop.hive.ql.TestTxnNoBuckets-1713946626176/warehouse/t/HIVE_UNION_SUBDIR_15/000000_0
{"writeid":0,"bucketid":536870912,"rowid":5}	50	60	file:/home/alex/Repositories/hive/ql/target/tmp/org.apache.hadoop.hive.ql.TestTxnNoBuckets-1713946626176/warehouse/t/HIVE_UNION_SUBDIR_16/000000_0
{"writeid":0,"bucketid":536936448,"rowid":1}	60	80	file:/home/alex/Repositories/hive/ql/target/tmp/org.apache.hadoop.hive.ql.TestTxnNoBuckets-1713946626176/warehouse/t/HIVE_UNION_SUBDIR_16/000001_0

2024-04-24T01:19:14,157  INFO [main] ql.TxnCommandsBaseForTests: Running the query: EXPLAIN VECTORIZATION DETAIL update T set b = 88 where b = 80
2024-04-24T01:19:14,157  INFO [main] ql.Context: Deleting scratch dir: file:/home/alex/Repositories/hive/ql/target/tmp/localscratchdir/e00dbb5c-6c74-4674-b714-4428495d65b6/hive_2024-04-24_01-19-12_589_6438392138143283227-1
2024-04-24T01:19:14,158  INFO [main] cleanup.SyncCleanupService: Deleted directory: file:/home/alex/Repositories/hive/ql/target/tmp/localscratchdir/e00dbb5c-6c74-4674-b714-4428495d65b6/hive_2024-04-24_01-19-12_589_6438392138143283227-1 on fs with scheme file
2024-04-24T01:19:14,158  INFO [main] ql.Driver: Compiling command(queryId=alex_20240424011907_56259c43-9c60-4850-b2f9-05774aff0ecd): EXPLAIN VECTORIZATION DETAIL update T set b = 88 where b = 80
2024-04-24T01:19:14,163  INFO [main] txn.TxnHandler: Added entries to MIN_HISTORY_LEVEL for current txns: ([23]) with min_open_txn: 23
2024-04-24T01:19:14,163  INFO [main] lockmgr.DbTxnManager: Opened txnid:23
2024-04-24T01:19:14,164  INFO [main] HiveMetaStore.audit: ugi=alex	ip=unknown-ip-addr	cmd=get_table : tbl=hive.default.T	
2024-04-24T01:19:14,171  INFO [main] metastore.HMSHandler: Skipping translation for processor with null
2024-04-24T01:19:14,171  INFO [main] parse.RewriteSemanticAnalyzer: Going to reparse <EXPLAIN VECTORIZATION DETAIL update T set b = 88 where b = 80> as 
<insert into table `default`.`T` select ROW__ID,`a`,`b` from `default`.`T` sort by ROW__ID >
2024-04-24T01:19:14,172  INFO [main] parse.UpdateDeleteSemanticAnalyzer: Starting Semantic Analysis
2024-04-24T01:19:14,175  INFO [main] HiveMetaStore.audit: ugi=alex	ip=unknown-ip-addr	cmd=get_table : tbl=hive.default.T	
2024-04-24T01:19:14,181  INFO [main] metastore.HMSHandler: Skipping translation for processor with null
2024-04-24T01:19:14,181  INFO [main] parse.UpdateDeleteSemanticAnalyzer: Completed phase 1 of Semantic Analysis
2024-04-24T01:19:14,181  INFO [main] parse.UpdateDeleteSemanticAnalyzer: Get metadata for source tables
2024-04-24T01:19:14,182  INFO [main] HiveMetaStore.audit: ugi=alex	ip=unknown-ip-addr	cmd=get_table : tbl=hive.default.t	
2024-04-24T01:19:14,190  INFO [main] metastore.HMSHandler: Skipping translation for processor with null
2024-04-24T01:19:14,190  INFO [main] parse.UpdateDeleteSemanticAnalyzer: Get metadata for subqueries
2024-04-24T01:19:14,190  INFO [main] parse.UpdateDeleteSemanticAnalyzer: Get metadata for destination tables
2024-04-24T01:19:14,190  INFO [main] HiveMetaStore.audit: ugi=alex	ip=unknown-ip-addr	cmd=get_table : tbl=hive.default.T	
2024-04-24T01:19:14,197  INFO [main] metastore.HMSHandler: Skipping translation for processor with null
2024-04-24T01:19:14,198  INFO [main] parse.UpdateDeleteSemanticAnalyzer: Completed getting MetaData in Semantic Analysis
2024-04-24T01:19:14,198  INFO [main] parse.UpdateDeleteSemanticAnalyzer: Disabling LLAP IO encode as ETL query is detected
2024-04-24T01:19:14,211  INFO [main] HiveMetaStore.audit: ugi=alex	ip=unknown-ip-addr	cmd=get_all_table_constraints : tbl=hive.default.t	
2024-04-24T01:19:14,222  INFO [main] HiveMetaStore.audit: ugi=alex	ip=unknown-ip-addr	cmd=get_not_null_constraints : tbl=hive.default.t	
2024-04-24T01:19:14,224  INFO [main] HiveMetaStore.audit: ugi=alex	ip=unknown-ip-addr	cmd=get_check_constraints : tbl=hive.default.t	
2024-04-24T01:19:14,247  INFO [main] calcite.RelOptHiveTable: Calculating column statistics for default.t, projIndxSet: [0, 1], allowMissingStats: true
2024-04-24T01:19:14,247  INFO [main] HiveMetaStore.audit: ugi=alex	ip=unknown-ip-addr	cmd=get_table_statistics_req: table=hive.default.t	
2024-04-24T01:19:14,257  WARN [main] calcite.RelOptHiveTable: No Stats for default@t, Columns: a, b
No Stats for default@t, Columns: a, b
2024-04-24T01:19:14,257  INFO [main] SessionState: No Stats for default@t, Columns: a, b
2024-04-24T01:19:14,336  INFO [main] parse.UpdateDeleteSemanticAnalyzer: Get metadata for source tables
2024-04-24T01:19:14,336  INFO [main] parse.UpdateDeleteSemanticAnalyzer: Get metadata for subqueries
2024-04-24T01:19:14,336  INFO [main] parse.UpdateDeleteSemanticAnalyzer: Get metadata for destination tables
2024-04-24T01:19:14,337  INFO [main] HiveMetaStore.audit: ugi=alex	ip=unknown-ip-addr	cmd=get_table : tbl=hive.default.T	
2024-04-24T01:19:14,350  INFO [main] metastore.HMSHandler: Skipping translation for processor with null
2024-04-24T01:19:14,354 ERROR [main] parse.UpdateDeleteSemanticAnalyzer: CBO failed, skipping CBO. 
org.apache.hadoop.hive.ql.exec.NoMatchingMethodException: No matching method for class org.apache.hadoop.hive.ql.udf.UDFToInteger with (struct<writeid:bigint,bucketid:int,rowid:bigint>). Possible choices: _FUNC_(bigint)  _FUNC_(boolean)  _FUNC_(decimal(38,18))  _FUNC_(double)  _FUNC_(float)  _FUNC_(smallint)  _FUNC_(string)  _FUNC_(struct<writeid:int,rowid:bigint,bucketid:bigint>)  _FUNC_(timestamp)  _FUNC_(tinyint)  _FUNC_(void)  
	at org.apache.hadoop.hive.ql.exec.MethodUtils.getMethodInternal(MethodUtils.java:130) ~[classes/:?]
	at org.apache.hadoop.hive.ql.exec.MethodUtils.getMethodInternal(MethodUtils.java:60) ~[classes/:?]
	at org.apache.hadoop.hive.ql.exec.DefaultUDFMethodResolver.getEvalMethod(DefaultUDFMethodResolver.java:59) ~[classes/:?]
	at org.apache.hadoop.hive.ql.udf.TimestampCastRestrictorResolver.getEvalMethod(TimestampCastRestrictorResolver.java:68) ~[classes/:?]
	at org.apache.hadoop.hive.ql.udf.generic.GenericUDFBridge.initialize(GenericUDFBridge.java:168) ~[classes/:?]
	at org.apache.hadoop.hive.ql.udf.generic.GenericUDF.initializeAndFoldConstants(GenericUDF.java:149) ~[classes/:?]
	at org.apache.hadoop.hive.ql.plan.ExprNodeGenericFuncDesc.newInstance(ExprNodeGenericFuncDesc.java:235) ~[classes/:?]
	at org.apache.hadoop.hive.ql.parse.type.ExprNodeDescExprFactory.createFuncCallExpr(ExprNodeDescExprFactory.java:584) ~[classes/:?]
	at org.apache.hadoop.hive.ql.parse.type.ExprNodeDescExprFactory.createFuncCallExpr(ExprNodeDescExprFactory.java:97) ~[classes/:?]
	at org.apache.hadoop.hive.ql.parse.type.TypeCheckProcFactory$DefaultExprProcessor.getFuncExprNodeDescWithUdfData(TypeCheckProcFactory.java:762) ~[classes/:?]
	at org.apache.hadoop.hive.ql.parse.type.TypeCheckProcFactory$DefaultExprProcessor.createConversionCast(TypeCheckProcFactory.java:783) ~[classes/:?]
	at org.apache.hadoop.hive.ql.parse.SemanticAnalyzer.getPartitionColsFromBucketColsForUpdateDelete(SemanticAnalyzer.java:8725) ~[classes/:?]
	at org.apache.hadoop.hive.ql.parse.SemanticAnalyzer.genBucketingSortingDest(SemanticAnalyzer.java:6914) ~[classes/:?]
	at org.apache.hadoop.hive.ql.parse.SemanticAnalyzer.genFileSinkPlan(SemanticAnalyzer.java:7335) ~[classes/:?]
	at org.apache.hadoop.hive.ql.parse.SemanticAnalyzer.genPostGroupByBodyPlan(SemanticAnalyzer.java:11063) ~[classes/:?]
	at org.apache.hadoop.hive.ql.parse.SemanticAnalyzer.genBodyPlan(SemanticAnalyzer.java:10938) ~[classes/:?]
	at org.apache.hadoop.hive.ql.parse.SemanticAnalyzer.genPlan(SemanticAnalyzer.java:11853) ~[classes/:?]
	at org.apache.hadoop.hive.ql.parse.SemanticAnalyzer.genPlan(SemanticAnalyzer.java:11723) ~[classes/:?]
	at org.apache.hadoop.hive.ql.parse.CalcitePlanner.genOPTree(CalcitePlanner.java:626) ~[classes/:?]
	at org.apache.hadoop.hive.ql.parse.SemanticAnalyzer.analyzeInternal(SemanticAnalyzer.java:12558) ~[classes/:?]
	at org.apache.hadoop.hive.ql.parse.CalcitePlanner.analyzeInternal(CalcitePlanner.java:456) ~[classes/:?]
	at org.apache.hadoop.hive.ql.parse.RewriteSemanticAnalyzer.analyzeInternal(RewriteSemanticAnalyzer.java:67) ~[classes/:?]
	at org.apache.hadoop.hive.ql.parse.BaseSemanticAnalyzer.analyze(BaseSemanticAnalyzer.java:317) ~[classes/:?]
	at org.apache.hadoop.hive.ql.parse.UpdateDeleteSemanticAnalyzer.reparseAndSuperAnalyze(UpdateDeleteSemanticAnalyzer.java:208) ~[classes/:?]
	at org.apache.hadoop.hive.ql.parse.UpdateDeleteSemanticAnalyzer.analyzeUpdate(UpdateDeleteSemanticAnalyzer.java:63) ~[classes/:?]
	at org.apache.hadoop.hive.ql.parse.UpdateDeleteSemanticAnalyzer.analyze(UpdateDeleteSemanticAnalyzer.java:53) ~[classes/:?]
	at org.apache.hadoop.hive.ql.parse.RewriteSemanticAnalyzer.analyzeInternal(RewriteSemanticAnalyzer.java:72) ~[classes/:?]
	at org.apache.hadoop.hive.ql.parse.BaseSemanticAnalyzer.analyze(BaseSemanticAnalyzer.java:317) ~[classes/:?]
	at org.apache.hadoop.hive.ql.parse.ExplainSemanticAnalyzer.analyzeInternal(ExplainSemanticAnalyzer.java:175) ~[classes/:?]
	at org.apache.hadoop.hive.ql.parse.BaseSemanticAnalyzer.analyze(BaseSemanticAnalyzer.java:317) ~[classes/:?]
	at org.apache.hadoop.hive.ql.Compiler.analyze(Compiler.java:223) ~[classes/:?]
	at org.apache.hadoop.hive.ql.Compiler.compile(Compiler.java:105) ~[classes/:?]
	at org.apache.hadoop.hive.ql.Driver.compile(Driver.java:500) ~[classes/:?]
	at org.apache.hadoop.hive.ql.Driver.compileInternal(Driver.java:453) ~[classes/:?]
	at org.apache.hadoop.hive.ql.Driver.runInternal(Driver.java:181) ~[classes/:?]
	at org.apache.hadoop.hive.ql.Driver.run(Driver.java:153) ~[classes/:?]
	at org.apache.hadoop.hive.ql.Driver.run(Driver.java:140) ~[classes/:?]
	at org.apache.hadoop.hive.ql.TxnCommandsBaseForTests.runStatementOnDriver(TxnCommandsBaseForTests.java:245) ~[test-classes/:?]
	at org.apache.hadoop.hive.ql.TxnCommandsBaseForTests.assertVectorized(TxnCommandsBaseForTests.java:268) ~[test-classes/:?]
	at org.apache.hadoop.hive.ql.TestTxnNoBuckets.testToAcidConversionMultiBucket(TestTxnNoBuckets.java:454) ~[test-classes/:?]
	at sun.reflect.NativeMethodAccessorImpl.invoke0(Native Method) ~[?:1.8.0_402]
	at sun.reflect.NativeMethodAccessorImpl.invoke(NativeMethodAccessorImpl.java:62) ~[?:1.8.0_402]
	at sun.reflect.DelegatingMethodAccessorImpl.invoke(DelegatingMethodAccessorImpl.java:43) ~[?:1.8.0_402]
	at java.lang.reflect.Method.invoke(Method.java:498) ~[?:1.8.0_402]
	at org.junit.runners.model.FrameworkMethod$1.runReflectiveCall(FrameworkMethod.java:59) ~[junit-4.13.jar:4.13]
	at org.junit.internal.runners.model.ReflectiveCallable.run(ReflectiveCallable.java:12) ~[junit-4.13.jar:4.13]
	at org.junit.runners.model.FrameworkMethod.invokeExplosively(FrameworkMethod.java:56) ~[junit-4.13.jar:4.13]
	at org.junit.internal.runners.statements.InvokeMethod.evaluate(InvokeMethod.java:17) ~[junit-4.13.jar:4.13]
	at org.junit.internal.runners.statements.RunBefores.evaluate(RunBefores.java:26) ~[junit-4.13.jar:4.13]
	at org.junit.internal.runners.statements.RunAfters.evaluate(RunAfters.java:27) ~[junit-4.13.jar:4.13]
	at org.junit.rules.TestWatcher$1.evaluate(TestWatcher.java:61) ~[junit-4.13.jar:4.13]
	at org.junit.runners.ParentRunner$3.evaluate(ParentRunner.java:306) ~[junit-4.13.jar:4.13]
	at org.junit.runners.BlockJUnit4ClassRunner$1.evaluate(BlockJUnit4ClassRunner.java:100) ~[junit-4.13.jar:4.13]
	at org.junit.runners.ParentRunner.runLeaf(ParentRunner.java:366) ~[junit-4.13.jar:4.13]
	at org.junit.runners.BlockJUnit4ClassRunner.runChild(BlockJUnit4ClassRunner.java:103) ~[junit-4.13.jar:4.13]
	at org.junit.runners.BlockJUnit4ClassRunner.runChild(BlockJUnit4ClassRunner.java:63) ~[junit-4.13.jar:4.13]
	at org.junit.runners.ParentRunner$4.run(ParentRunner.java:331) ~[junit-4.13.jar:4.13]
	at org.junit.runners.ParentRunner$1.schedule(ParentRunner.java:79) ~[junit-4.13.jar:4.13]
	at org.junit.runners.ParentRunner.runChildren(ParentRunner.java:329) ~[junit-4.13.jar:4.13]
	at org.junit.runners.ParentRunner.access$100(ParentRunner.java:66) ~[junit-4.13.jar:4.13]
	at org.junit.runners.ParentRunner$2.evaluate(ParentRunner.java:293) ~[junit-4.13.jar:4.13]
	at org.junit.runners.ParentRunner$3.evaluate(ParentRunner.java:306) ~[junit-4.13.jar:4.13]
	at org.junit.runners.ParentRunner.run(ParentRunner.java:413) ~[junit-4.13.jar:4.13]
	at org.junit.runner.JUnitCore.run(JUnitCore.java:137) ~[junit-4.13.jar:4.13]
	at org.junit.runner.JUnitCore.run(JUnitCore.java:115) ~[junit-4.13.jar:4.13]
	at org.junit.vintage.engine.execution.RunnerExecutor.execute(RunnerExecutor.java:43) ~[junit-vintage-engine-5.6.2.jar:5.6.2]
	at java.util.stream.ForEachOps$ForEachOp$OfRef.accept(ForEachOps.java:183) ~[?:1.8.0_402]
	at java.util.stream.ReferencePipeline$3$1.accept(ReferencePipeline.java:193) ~[?:1.8.0_402]
	at java.util.Iterator.forEachRemaining(Iterator.java:116) ~[?:1.8.0_402]
	at java.util.Spliterators$IteratorSpliterator.forEachRemaining(Spliterators.java:1801) ~[?:1.8.0_402]
	at java.util.stream.AbstractPipeline.copyInto(AbstractPipeline.java:482) ~[?:1.8.0_402]
	at java.util.stream.AbstractPipeline.wrapAndCopyInto(AbstractPipeline.java:472) ~[?:1.8.0_402]
	at java.util.stream.ForEachOps$ForEachOp.evaluateSequential(ForEachOps.java:150) ~[?:1.8.0_402]
	at java.util.stream.ForEachOps$ForEachOp$OfRef.evaluateSequential(ForEachOps.java:173) ~[?:1.8.0_402]
	at java.util.stream.AbstractPipeline.evaluate(AbstractPipeline.java:234) ~[?:1.8.0_402]
	at java.util.stream.ReferencePipeline.forEach(ReferencePipeline.java:485) ~[?:1.8.0_402]
	at org.junit.vintage.engine.VintageTestEngine.executeAllChildren(VintageTestEngine.java:82) ~[junit-vintage-engine-5.6.2.jar:5.6.2]
	at org.junit.vintage.engine.VintageTestEngine.execute(VintageTestEngine.java:73) ~[junit-vintage-engine-5.6.2.jar:5.6.2]
	at org.junit.platform.launcher.core.DefaultLauncher.execute(DefaultLauncher.java:248) ~[junit-platform-launcher-1.6.2.jar:1.6.2]
	at org.junit.platform.launcher.core.DefaultLauncher.lambda$execute$5(DefaultLauncher.java:211) ~[junit-platform-launcher-1.6.2.jar:1.6.2]
	at org.junit.platform.launcher.core.DefaultLauncher.withInterceptedStreams(DefaultLauncher.java:226) [junit-platform-launcher-1.6.2.jar:1.6.2]
	at org.junit.platform.launcher.core.DefaultLauncher.execute(DefaultLauncher.java:199) [junit-platform-launcher-1.6.2.jar:1.6.2]
	at org.junit.platform.launcher.core.DefaultLauncher.execute(DefaultLauncher.java:132) [junit-platform-launcher-1.6.2.jar:1.6.2]
	at org.apache.maven.surefire.junitplatform.JUnitPlatformProvider.invokeAllTests(JUnitPlatformProvider.java:154) [surefire-junit-platform-3.0.0-M4.jar:3.0.0-M4]
	at org.apache.maven.surefire.junitplatform.JUnitPlatformProvider.invoke(JUnitPlatformProvider.java:123) [surefire-junit-platform-3.0.0-M4.jar:3.0.0-M4]
	at org.apache.maven.surefire.booter.ForkedBooter.runSuitesInProcess(ForkedBooter.java:377) [surefire-booter-3.0.0-M4.jar:3.0.0-M4]
	at org.apache.maven.surefire.booter.ForkedBooter.execute(ForkedBooter.java:138) [surefire-booter-3.0.0-M4.jar:3.0.0-M4]
	at org.apache.maven.surefire.booter.ForkedBooter.run(ForkedBooter.java:465) [surefire-booter-3.0.0-M4.jar:3.0.0-M4]
	at org.apache.maven.surefire.booter.ForkedBooter.main(ForkedBooter.java:451) [surefire-booter-3.0.0-M4.jar:3.0.0-M4]
2024-04-24T01:19:14,355 ERROR [main] parse.UpdateDeleteSemanticAnalyzer: CBO failed due to missing column stats (see previous errors), skipping CBO
FAILED: NoMatchingMethodException No matching method for class org.apache.hadoop.hive.ql.udf.UDFToInteger with (struct<writeid:bigint,bucketid:int,rowid:bigint>). Possible choices: _FUNC_(bigint)  _FUNC_(boolean)  _FUNC_(decimal(38,18))  _FUNC_(double)  _FUNC_(float)  _FUNC_(smallint)  _FUNC_(string)  _FUNC_(struct<writeid:int,rowid:bigint,bucketid:bigint>)  _FUNC_(timestamp)  _FUNC_(tinyint)  _FUNC_(void)  
2024-04-24T01:19:14,355 ERROR [main] ql.Driver: FAILED: NoMatchingMethodException No matching method for class org.apache.hadoop.hive.ql.udf.UDFToInteger with (struct<writeid:bigint,bucketid:int,rowid:bigint>). Possible choices: _FUNC_(bigint)  _FUNC_(boolean)  _FUNC_(decimal(38,18))  _FUNC_(double)  _FUNC_(float)  _FUNC_(smallint)  _FUNC_(string)  _FUNC_(struct<writeid:int,rowid:bigint,bucketid:bigint>)  _FUNC_(timestamp)  _FUNC_(tinyint)  _FUNC_(void)  
org.apache.hadoop.hive.ql.exec.NoMatchingMethodException: No matching method for class org.apache.hadoop.hive.ql.udf.UDFToInteger with (struct<writeid:bigint,bucketid:int,rowid:bigint>). Possible choices: _FUNC_(bigint)  _FUNC_(boolean)  _FUNC_(decimal(38,18))  _FUNC_(double)  _FUNC_(float)  _FUNC_(smallint)  _FUNC_(string)  _FUNC_(struct<writeid:int,rowid:bigint,bucketid:bigint>)  _FUNC_(timestamp)  _FUNC_(tinyint)  _FUNC_(void)  
	at org.apache.hadoop.hive.ql.exec.MethodUtils.getMethodInternal(MethodUtils.java:130)
	at org.apache.hadoop.hive.ql.exec.MethodUtils.getMethodInternal(MethodUtils.java:60)
	at org.apache.hadoop.hive.ql.exec.DefaultUDFMethodResolver.getEvalMethod(DefaultUDFMethodResolver.java:59)
	at org.apache.hadoop.hive.ql.udf.TimestampCastRestrictorResolver.getEvalMethod(TimestampCastRestrictorResolver.java:68)
	at org.apache.hadoop.hive.ql.udf.generic.GenericUDFBridge.initialize(GenericUDFBridge.java:168)
	at org.apache.hadoop.hive.ql.udf.generic.GenericUDF.initializeAndFoldConstants(GenericUDF.java:149)
	at org.apache.hadoop.hive.ql.plan.ExprNodeGenericFuncDesc.newInstance(ExprNodeGenericFuncDesc.java:235)
	at org.apache.hadoop.hive.ql.parse.type.ExprNodeDescExprFactory.createFuncCallExpr(ExprNodeDescExprFactory.java:584)
	at org.apache.hadoop.hive.ql.parse.type.ExprNodeDescExprFactory.createFuncCallExpr(ExprNodeDescExprFactory.java:97)
	at org.apache.hadoop.hive.ql.parse.type.TypeCheckProcFactory$DefaultExprProcessor.getFuncExprNodeDescWithUdfData(TypeCheckProcFactory.java:762)
	at org.apache.hadoop.hive.ql.parse.type.TypeCheckProcFactory$DefaultExprProcessor.createConversionCast(TypeCheckProcFactory.java:783)
	at org.apache.hadoop.hive.ql.parse.SemanticAnalyzer.getPartitionColsFromBucketColsForUpdateDelete(SemanticAnalyzer.java:8725)
	at org.apache.hadoop.hive.ql.parse.SemanticAnalyzer.genBucketingSortingDest(SemanticAnalyzer.java:6914)
	at org.apache.hadoop.hive.ql.parse.SemanticAnalyzer.genFileSinkPlan(SemanticAnalyzer.java:7335)
	at org.apache.hadoop.hive.ql.parse.SemanticAnalyzer.genPostGroupByBodyPlan(SemanticAnalyzer.java:11063)
	at org.apache.hadoop.hive.ql.parse.SemanticAnalyzer.genBodyPlan(SemanticAnalyzer.java:10938)
	at org.apache.hadoop.hive.ql.parse.SemanticAnalyzer.genPlan(SemanticAnalyzer.java:11853)
	at org.apache.hadoop.hive.ql.parse.SemanticAnalyzer.genPlan(SemanticAnalyzer.java:11723)
	at org.apache.hadoop.hive.ql.parse.CalcitePlanner.genOPTree(CalcitePlanner.java:626)
	at org.apache.hadoop.hive.ql.parse.SemanticAnalyzer.analyzeInternal(SemanticAnalyzer.java:12558)
	at org.apache.hadoop.hive.ql.parse.CalcitePlanner.analyzeInternal(CalcitePlanner.java:456)
	at org.apache.hadoop.hive.ql.parse.RewriteSemanticAnalyzer.analyzeInternal(RewriteSemanticAnalyzer.java:67)
	at org.apache.hadoop.hive.ql.parse.BaseSemanticAnalyzer.analyze(BaseSemanticAnalyzer.java:317)
	at org.apache.hadoop.hive.ql.parse.UpdateDeleteSemanticAnalyzer.reparseAndSuperAnalyze(UpdateDeleteSemanticAnalyzer.java:208)
	at org.apache.hadoop.hive.ql.parse.UpdateDeleteSemanticAnalyzer.analyzeUpdate(UpdateDeleteSemanticAnalyzer.java:63)
	at org.apache.hadoop.hive.ql.parse.UpdateDeleteSemanticAnalyzer.analyze(UpdateDeleteSemanticAnalyzer.java:53)
	at org.apache.hadoop.hive.ql.parse.RewriteSemanticAnalyzer.analyzeInternal(RewriteSemanticAnalyzer.java:72)
	at org.apache.hadoop.hive.ql.parse.BaseSemanticAnalyzer.analyze(BaseSemanticAnalyzer.java:317)
	at org.apache.hadoop.hive.ql.parse.ExplainSemanticAnalyzer.analyzeInternal(ExplainSemanticAnalyzer.java:175)
	at org.apache.hadoop.hive.ql.parse.BaseSemanticAnalyzer.analyze(BaseSemanticAnalyzer.java:317)
	at org.apache.hadoop.hive.ql.Compiler.analyze(Compiler.java:223)
	at org.apache.hadoop.hive.ql.Compiler.compile(Compiler.java:105)
	at org.apache.hadoop.hive.ql.Driver.compile(Driver.java:500)
	at org.apache.hadoop.hive.ql.Driver.compileInternal(Driver.java:453)
	at org.apache.hadoop.hive.ql.Driver.runInternal(Driver.java:181)
	at org.apache.hadoop.hive.ql.Driver.run(Driver.java:153)
	at org.apache.hadoop.hive.ql.Driver.run(Driver.java:140)
	at org.apache.hadoop.hive.ql.TxnCommandsBaseForTests.runStatementOnDriver(TxnCommandsBaseForTests.java:245)
	at org.apache.hadoop.hive.ql.TxnCommandsBaseForTests.assertVectorized(TxnCommandsBaseForTests.java:268)
	at org.apache.hadoop.hive.ql.TestTxnNoBuckets.testToAcidConversionMultiBucket(TestTxnNoBuckets.java:454)
	at sun.reflect.NativeMethodAccessorImpl.invoke0(Native Method)
	at sun.reflect.NativeMethodAccessorImpl.invoke(NativeMethodAccessorImpl.java:62)
	at sun.reflect.DelegatingMethodAccessorImpl.invoke(DelegatingMethodAccessorImpl.java:43)
	at java.lang.reflect.Method.invoke(Method.java:498)
	at org.junit.runners.model.FrameworkMethod$1.runReflectiveCall(FrameworkMethod.java:59)
	at org.junit.internal.runners.model.ReflectiveCallable.run(ReflectiveCallable.java:12)
	at org.junit.runners.model.FrameworkMethod.invokeExplosively(FrameworkMethod.java:56)
	at org.junit.internal.runners.statements.InvokeMethod.evaluate(InvokeMethod.java:17)
	at org.junit.internal.runners.statements.RunBefores.evaluate(RunBefores.java:26)
	at org.junit.internal.runners.statements.RunAfters.evaluate(RunAfters.java:27)
	at org.junit.rules.TestWatcher$1.evaluate(TestWatcher.java:61)
	at org.junit.runners.ParentRunner$3.evaluate(ParentRunner.java:306)
	at org.junit.runners.BlockJUnit4ClassRunner$1.evaluate(BlockJUnit4ClassRunner.java:100)
	at org.junit.runners.ParentRunner.runLeaf(ParentRunner.java:366)
	at org.junit.runners.BlockJUnit4ClassRunner.runChild(BlockJUnit4ClassRunner.java:103)
	at org.junit.runners.BlockJUnit4ClassRunner.runChild(BlockJUnit4ClassRunner.java:63)
	at org.junit.runners.ParentRunner$4.run(ParentRunner.java:331)
	at org.junit.runners.ParentRunner$1.schedule(ParentRunner.java:79)
	at org.junit.runners.ParentRunner.runChildren(ParentRunner.java:329)
	at org.junit.runners.ParentRunner.access$100(ParentRunner.java:66)
	at org.junit.runners.ParentRunner$2.evaluate(ParentRunner.java:293)
	at org.junit.runners.ParentRunner$3.evaluate(ParentRunner.java:306)
	at org.junit.runners.ParentRunner.run(ParentRunner.java:413)
	at org.junit.runner.JUnitCore.run(JUnitCore.java:137)
	at org.junit.runner.JUnitCore.run(JUnitCore.java:115)
	at org.junit.vintage.engine.execution.RunnerExecutor.execute(RunnerExecutor.java:43)
	at java.util.stream.ForEachOps$ForEachOp$OfRef.accept(ForEachOps.java:183)
	at java.util.stream.ReferencePipeline$3$1.accept(ReferencePipeline.java:193)
	at java.util.Iterator.forEachRemaining(Iterator.java:116)
	at java.util.Spliterators$IteratorSpliterator.forEachRemaining(Spliterators.java:1801)
	at java.util.stream.AbstractPipeline.copyInto(AbstractPipeline.java:482)
	at java.util.stream.AbstractPipeline.wrapAndCopyInto(AbstractPipeline.java:472)
	at java.util.stream.ForEachOps$ForEachOp.evaluateSequential(ForEachOps.java:150)
	at java.util.stream.ForEachOps$ForEachOp$OfRef.evaluateSequential(ForEachOps.java:173)
	at java.util.stream.AbstractPipeline.evaluate(AbstractPipeline.java:234)
	at java.util.stream.ReferencePipeline.forEach(ReferencePipeline.java:485)
	at org.junit.vintage.engine.VintageTestEngine.executeAllChildren(VintageTestEngine.java:82)
	at org.junit.vintage.engine.VintageTestEngine.execute(VintageTestEngine.java:73)
	at org.junit.platform.launcher.core.DefaultLauncher.execute(DefaultLauncher.java:248)
	at org.junit.platform.launcher.core.DefaultLauncher.lambda$execute$5(DefaultLauncher.java:211)
	at org.junit.platform.launcher.core.DefaultLauncher.withInterceptedStreams(DefaultLauncher.java:226)
	at org.junit.platform.launcher.core.DefaultLauncher.execute(DefaultLauncher.java:199)
	at org.junit.platform.launcher.core.DefaultLauncher.execute(DefaultLauncher.java:132)
	at org.apache.maven.surefire.junitplatform.JUnitPlatformProvider.invokeAllTests(JUnitPlatformProvider.java:154)
	at org.apache.maven.surefire.junitplatform.JUnitPlatformProvider.invoke(JUnitPlatformProvider.java:123)
	at org.apache.maven.surefire.booter.ForkedBooter.runSuitesInProcess(ForkedBooter.java:377)
	at org.apache.maven.surefire.booter.ForkedBooter.execute(ForkedBooter.java:138)
	at org.apache.maven.surefire.booter.ForkedBooter.run(ForkedBooter.java:465)
	at org.apache.maven.surefire.booter.ForkedBooter.main(ForkedBooter.java:451)

2024-04-24T01:19:14,356  INFO [main] metadata.Hive: Dumping metastore api call timing information for : compilation phase
2024-04-24T01:19:14,356  INFO [main] metadata.Hive: Total time spent in each metastore function (ms): {flushCache_()=0, getNotNullConstraints_(NotNullConstraintsRequest)=1, openTxn_(String, TxnType)=2, commitTxn_(CommitTxnRequest)=9, getTable_(GetTableRequest)=44, getValidTxns_(long)=0, getAllTableConstraints_(AllTableConstraintsRequest)=9, getValidWriteIds_(List, String)=3, isCompatibleWith_(Configuration)=0, getTableColumnStatistics_(String, String, List, String)=9, getCheckConstraints_(CheckConstraintsRequest)=2}
2024-04-24T01:19:14,356  INFO [main] ql.Driver: Completed compiling command(queryId=alex_20240424011907_56259c43-9c60-4850-b2f9-05774aff0ecd); Time taken: 0.198 seconds
2024-04-24T01:19:14,356  INFO [main] lockmgr.DbTxnManager: Stopped heartbeat for query: alex_20240424011907_56259c43-9c60-4850-b2f9-05774aff0ecd
2024-04-24T01:19:14,361  INFO [main] txn.TxnHandler: Removed transactions: ([23]) from MIN_HISTORY_LEVEL
2024-04-24T01:19:14,369  INFO [main] ql.TxnCommandsBaseForTests: Running the query: drop table if exists acidTbl
2024-04-24T01:19:14,369  INFO [main] ql.Driver: Compiling command(queryId=alex_20240424011907_56259c43-9c60-4850-b2f9-05774aff0ecd): drop table if exists acidTbl
2024-04-24T01:19:14,372  INFO [main] txn.TxnHandler: Added entries to MIN_HISTORY_LEVEL for current txns: ([24]) with min_open_txn: 23
2024-04-24T01:19:14,372  INFO [main] lockmgr.DbTxnManager: Opened txnid:24
2024-04-24T01:19:14,373  INFO [main] HiveMetaStore.audit: ugi=alex	ip=unknown-ip-addr	cmd=get_table : tbl=hive.default.acidTbl	
2024-04-24T01:19:14,384  INFO [main] metastore.HMSHandler: Skipping translation for processor with null
2024-04-24T01:19:14,385  INFO [main] ql.Driver: Semantic Analysis Completed (retrial = false)
2024-04-24T01:19:14,385  INFO [main] ql.Driver: Created Hive schema: Schema(fieldSchemas:null, properties:null)
2024-04-24T01:19:14,385  INFO [main] metadata.Hive: Dumping metastore api call timing information for : compilation phase
2024-04-24T01:19:14,385  INFO [main] metadata.Hive: Total time spent in each metastore function (ms): {openTxn_(String, TxnType)=2, flushCache_()=0, getValidTxns_(long)=0, isCompatibleWith_(Configuration)=1, getTable_(GetTableRequest)=12, rollbackTxn_(long)=12}
2024-04-24T01:19:14,385  INFO [main] ql.Driver: Completed compiling command(queryId=alex_20240424011907_56259c43-9c60-4850-b2f9-05774aff0ecd); Time taken: 0.016 seconds
2024-04-24T01:19:14,385  INFO [main] lockmgr.DbTxnManager: Setting lock request transaction to txnid:24 for queryId=alex_20240424011907_56259c43-9c60-4850-b2f9-05774aff0ecd
2024-04-24T01:19:14,386  INFO [main] lockmgr.DbLockManager: Requesting lock for queryId=alex_20240424011907_56259c43-9c60-4850-b2f9-05774aff0ecd
2024-04-24T01:19:14,408  INFO [main] lockmgr.DbLockManager: Response to queryId=alex_20240424011907_56259c43-9c60-4850-b2f9-05774aff0ecd LockResponse(lockid:17, state:ACQUIRED)
2024-04-24T01:19:14,408  INFO [main] ql.Driver: Operation DROPTABLE obtained 1 locks
2024-04-24T01:19:14,408  INFO [main] ql.Driver: Executing command(queryId=alex_20240424011907_56259c43-9c60-4850-b2f9-05774aff0ecd): drop table if exists acidTbl
2024-04-24T01:19:14,409  INFO [main] ql.Driver: Starting task [Stage-0:DDL] in serial mode
2024-04-24T01:19:14,409  INFO [main] HiveMetaStore.audit: ugi=alex	ip=unknown-ip-addr	cmd=get_table : tbl=hive.default.acidTbl	
2024-04-24T01:19:14,421  INFO [main] metastore.HMSHandler: Skipping translation for processor with null
2024-04-24T01:19:14,422  INFO [main] HiveMetaStore.audit: ugi=alex	ip=unknown-ip-addr	cmd=get_table : tbl=hive.default.acidTbl	
2024-04-24T01:19:14,433  INFO [main] metastore.HMSHandler: Skipping translation for processor with null
2024-04-24T01:19:14,433  INFO [main] HiveMetaStore.audit: ugi=alex	ip=unknown-ip-addr	cmd=drop_table : tbl=hive.default.acidTbl	
2024-04-24T01:19:14,569  INFO [main] metadata.Hive: Dumping metastore api call timing information for : execution phase
2024-04-24T01:19:14,570  INFO [main] metadata.Hive: Total time spent in each metastore function (ms): {getTable_(GetTableRequest)=12, dropTable_(String, String, boolean, boolean, boolean)=148, isCompatibleWith_(Configuration)=0}
2024-04-24T01:19:14,570  INFO [main] ql.Driver: Completed executing command(queryId=alex_20240424011907_56259c43-9c60-4850-b2f9-05774aff0ecd); Time taken: 0.161 seconds
2024-04-24T01:19:14,570  INFO [main] lockmgr.DbTxnManager: Stopped heartbeat for query: alex_20240424011907_56259c43-9c60-4850-b2f9-05774aff0ecd
2024-04-24T01:19:14,575  INFO [main] txn.TxnHandler: Expected to move at least one record from txn_components to completed_txn_components when committing txn! txnid:24
2024-04-24T01:19:14,583  INFO [main] txn.TxnHandler: Removed transactions: ([24]) from MIN_HISTORY_LEVEL
2024-04-24T01:19:14,583  WARN [main] txn.CompactionTxnHandler: No compaction queue record found for Compaction type transaction commit. txnId:24
2024-04-24T01:19:14,584  INFO [main] ql.TxnCommandsBaseForTests: Running the query: drop table if exists acidTblPart
2024-04-24T01:19:14,584  INFO [main] ql.Driver: Compiling command(queryId=alex_20240424011907_56259c43-9c60-4850-b2f9-05774aff0ecd): drop table if exists acidTblPart
2024-04-24T01:19:14,587  INFO [main] txn.TxnHandler: Added entries to MIN_HISTORY_LEVEL for current txns: ([25]) with min_open_txn: 23
2024-04-24T01:19:14,588  INFO [main] lockmgr.DbTxnManager: Opened txnid:25
2024-04-24T01:19:14,589  INFO [main] HiveMetaStore.audit: ugi=alex	ip=unknown-ip-addr	cmd=get_table : tbl=hive.default.acidTblPart	
2024-04-24T01:19:14,599  INFO [main] metastore.HMSHandler: Skipping translation for processor with null
2024-04-24T01:19:14,599  INFO [main] ql.Driver: Semantic Analysis Completed (retrial = false)
2024-04-24T01:19:14,599  INFO [main] ql.Driver: Created Hive schema: Schema(fieldSchemas:null, properties:null)
2024-04-24T01:19:14,599  INFO [main] metadata.Hive: Dumping metastore api call timing information for : compilation phase
2024-04-24T01:19:14,599  INFO [main] metadata.Hive: Total time spent in each metastore function (ms): {flushCache_()=0, isCompatibleWith_(Configuration)=0, getTable_(GetTableRequest)=10, commitTxn_(CommitTxnRequest)=14, openTxn_(String, TxnType)=3, getValidTxns_(long)=0}
2024-04-24T01:19:14,600  INFO [main] ql.Driver: Completed compiling command(queryId=alex_20240424011907_56259c43-9c60-4850-b2f9-05774aff0ecd); Time taken: 0.015 seconds
2024-04-24T01:19:14,600  INFO [main] lockmgr.DbTxnManager: Setting lock request transaction to txnid:25 for queryId=alex_20240424011907_56259c43-9c60-4850-b2f9-05774aff0ecd
2024-04-24T01:19:14,601  INFO [main] lockmgr.DbLockManager: Requesting lock for queryId=alex_20240424011907_56259c43-9c60-4850-b2f9-05774aff0ecd
2024-04-24T01:19:14,619  INFO [main] lockmgr.DbLockManager: Response to queryId=alex_20240424011907_56259c43-9c60-4850-b2f9-05774aff0ecd LockResponse(lockid:18, state:ACQUIRED)
2024-04-24T01:19:14,619  INFO [main] ql.Driver: Operation DROPTABLE obtained 1 locks
2024-04-24T01:19:14,619  INFO [main] ql.Driver: Executing command(queryId=alex_20240424011907_56259c43-9c60-4850-b2f9-05774aff0ecd): drop table if exists acidTblPart
2024-04-24T01:19:14,620  INFO [main] ql.Driver: Starting task [Stage-0:DDL] in serial mode
2024-04-24T01:19:14,620  INFO [main] HiveMetaStore.audit: ugi=alex	ip=unknown-ip-addr	cmd=get_table : tbl=hive.default.acidTblPart	
2024-04-24T01:19:14,629  INFO [main] metastore.HMSHandler: Skipping translation for processor with null
2024-04-24T01:19:14,629  INFO [main] HiveMetaStore.audit: ugi=alex	ip=unknown-ip-addr	cmd=get_table : tbl=hive.default.acidTblPart	
2024-04-24T01:19:14,635  INFO [main] metastore.HMSHandler: Skipping translation for processor with null
2024-04-24T01:19:14,635  INFO [main] HiveMetaStore.audit: ugi=alex	ip=unknown-ip-addr	cmd=drop_table : tbl=hive.default.acidTblPart	
2024-04-24T01:19:14,675  INFO [main] metadata.Hive: Dumping metastore api call timing information for : execution phase
2024-04-24T01:19:14,676  INFO [main] metadata.Hive: Total time spent in each metastore function (ms): {getTable_(GetTableRequest)=9, isCompatibleWith_(Configuration)=0, dropTable_(String, String, boolean, boolean, boolean)=46}
2024-04-24T01:19:14,676  INFO [main] ql.Driver: Completed executing command(queryId=alex_20240424011907_56259c43-9c60-4850-b2f9-05774aff0ecd); Time taken: 0.056 seconds
2024-04-24T01:19:14,676  INFO [main] lockmgr.DbTxnManager: Stopped heartbeat for query: alex_20240424011907_56259c43-9c60-4850-b2f9-05774aff0ecd
2024-04-24T01:19:14,679  INFO [main] txn.TxnHandler: Expected to move at least one record from txn_components to completed_txn_components when committing txn! txnid:25
2024-04-24T01:19:14,685  INFO [main] txn.TxnHandler: Removed transactions: ([25]) from MIN_HISTORY_LEVEL
2024-04-24T01:19:14,685  WARN [main] txn.CompactionTxnHandler: No compaction queue record found for Compaction type transaction commit. txnId:25
2024-04-24T01:19:14,686  INFO [main] ql.TxnCommandsBaseForTests: Running the query: drop table if exists acidTbl2
2024-04-24T01:19:14,686  INFO [main] ql.Driver: Compiling command(queryId=alex_20240424011907_56259c43-9c60-4850-b2f9-05774aff0ecd): drop table if exists acidTbl2
2024-04-24T01:19:14,688  INFO [main] txn.TxnHandler: Added entries to MIN_HISTORY_LEVEL for current txns: ([26]) with min_open_txn: 23
2024-04-24T01:19:14,688  INFO [main] lockmgr.DbTxnManager: Opened txnid:26
2024-04-24T01:19:14,689  INFO [main] ql.Driver: Semantic Analysis Completed (retrial = false)
2024-04-24T01:19:14,689  INFO [main] ql.Driver: Created Hive schema: Schema(fieldSchemas:null, properties:null)
2024-04-24T01:19:14,689  INFO [main] metadata.Hive: Dumping metastore api call timing information for : compilation phase
2024-04-24T01:19:14,689  INFO [main] metadata.Hive: Total time spent in each metastore function (ms): {getValidTxns_(long)=1, getTable_(GetTableRequest)=0, openTxn_(String, TxnType)=2, flushCache_()=0, commitTxn_(CommitTxnRequest)=9, isCompatibleWith_(Configuration)=0}
2024-04-24T01:19:14,689  INFO [main] ql.Driver: Completed compiling command(queryId=alex_20240424011907_56259c43-9c60-4850-b2f9-05774aff0ecd); Time taken: 0.003 seconds
2024-04-24T01:19:14,689  INFO [main] lockmgr.DbTxnManager: Setting lock request transaction to txnid:26 for queryId=alex_20240424011907_56259c43-9c60-4850-b2f9-05774aff0ecd
2024-04-24T01:19:14,690  INFO [main] ql.Driver: Operation DROPTABLE obtained 0 locks
2024-04-24T01:19:14,690  INFO [main] ql.Driver: Executing command(queryId=alex_20240424011907_56259c43-9c60-4850-b2f9-05774aff0ecd): drop table if exists acidTbl2
2024-04-24T01:19:14,690  INFO [main] ql.Driver: Starting task [Stage-0:DDL] in serial mode
2024-04-24T01:19:14,690  INFO [main] metadata.SessionHiveMetaStoreClient: Column stats doesn't exist for db=default temp table=acidTbl2
2024-04-24T01:19:14,691  INFO [main] metadata.Hive: Dumping metastore api call timing information for : execution phase
2024-04-24T01:19:14,691  INFO [main] metadata.Hive: Total time spent in each metastore function (ms): {getTable_(GetTableRequest)=0, isCompatibleWith_(Configuration)=0, dropTable_(String, String, boolean, boolean, boolean)=1}
2024-04-24T01:19:14,691  INFO [main] ql.Driver: Completed executing command(queryId=alex_20240424011907_56259c43-9c60-4850-b2f9-05774aff0ecd); Time taken: 0.001 seconds
2024-04-24T01:19:14,691  INFO [main] lockmgr.DbTxnManager: Stopped heartbeat for query: alex_20240424011907_56259c43-9c60-4850-b2f9-05774aff0ecd
2024-04-24T01:19:14,696  INFO [main] txn.TxnHandler: Expected to move at least one record from txn_components to completed_txn_components when committing txn! txnid:26
2024-04-24T01:19:14,702  INFO [main] txn.TxnHandler: Removed transactions: ([26]) from MIN_HISTORY_LEVEL
2024-04-24T01:19:14,702  WARN [main] txn.CompactionTxnHandler: No compaction queue record found for Compaction type transaction commit. txnId:26
2024-04-24T01:19:14,702  INFO [main] ql.TxnCommandsBaseForTests: Running the query: drop table if exists nonAcidOrcTbl
2024-04-24T01:19:14,702  INFO [main] ql.Driver: Compiling command(queryId=alex_20240424011907_56259c43-9c60-4850-b2f9-05774aff0ecd): drop table if exists nonAcidOrcTbl
2024-04-24T01:19:14,705  INFO [main] txn.TxnHandler: Added entries to MIN_HISTORY_LEVEL for current txns: ([27]) with min_open_txn: 23
2024-04-24T01:19:14,705  INFO [main] lockmgr.DbTxnManager: Opened txnid:27
2024-04-24T01:19:14,706  INFO [main] HiveMetaStore.audit: ugi=alex	ip=unknown-ip-addr	cmd=get_table : tbl=hive.default.nonAcidOrcTbl	
2024-04-24T01:19:14,725  INFO [main] metastore.HMSHandler: Skipping translation for processor with null
2024-04-24T01:19:14,725  INFO [main] ql.Driver: Semantic Analysis Completed (retrial = false)
2024-04-24T01:19:14,725  INFO [main] ql.Driver: Created Hive schema: Schema(fieldSchemas:null, properties:null)
2024-04-24T01:19:14,725  INFO [main] metadata.Hive: Dumping metastore api call timing information for : compilation phase
2024-04-24T01:19:14,725  INFO [main] metadata.Hive: Total time spent in each metastore function (ms): {commitTxn_(CommitTxnRequest)=11, flushCache_()=0, isCompatibleWith_(Configuration)=1, getValidTxns_(long)=0, openTxn_(String, TxnType)=2, getTable_(GetTableRequest)=19}
2024-04-24T01:19:14,725  INFO [main] ql.Driver: Completed compiling command(queryId=alex_20240424011907_56259c43-9c60-4850-b2f9-05774aff0ecd); Time taken: 0.023 seconds
2024-04-24T01:19:14,725  INFO [main] lockmgr.DbTxnManager: Setting lock request transaction to txnid:27 for queryId=alex_20240424011907_56259c43-9c60-4850-b2f9-05774aff0ecd
2024-04-24T01:19:14,726  INFO [main] lockmgr.DbLockManager: Requesting lock for queryId=alex_20240424011907_56259c43-9c60-4850-b2f9-05774aff0ecd
2024-04-24T01:19:14,749  INFO [main] lockmgr.DbLockManager: Response to queryId=alex_20240424011907_56259c43-9c60-4850-b2f9-05774aff0ecd LockResponse(lockid:19, state:ACQUIRED)
2024-04-24T01:19:14,749  INFO [main] ql.Driver: Operation DROPTABLE obtained 1 locks
2024-04-24T01:19:14,749  INFO [main] ql.Driver: Executing command(queryId=alex_20240424011907_56259c43-9c60-4850-b2f9-05774aff0ecd): drop table if exists nonAcidOrcTbl
2024-04-24T01:19:14,750  INFO [main] ql.Driver: Starting task [Stage-0:DDL] in serial mode
2024-04-24T01:19:14,750  INFO [main] HiveMetaStore.audit: ugi=alex	ip=unknown-ip-addr	cmd=get_table : tbl=hive.default.nonAcidOrcTbl	
2024-04-24T01:19:14,764  INFO [main] metastore.HMSHandler: Skipping translation for processor with null
2024-04-24T01:19:14,764  INFO [main] HiveMetaStore.audit: ugi=alex	ip=unknown-ip-addr	cmd=get_table : tbl=hive.default.nonAcidOrcTbl	
2024-04-24T01:19:14,778  INFO [main] metastore.HMSHandler: Skipping translation for processor with null
2024-04-24T01:19:14,778  INFO [main] HiveMetaStore.audit: ugi=alex	ip=unknown-ip-addr	cmd=drop_table : tbl=hive.default.nonAcidOrcTbl	
2024-04-24T01:19:14,900  INFO [main] metadata.Hive: Dumping metastore api call timing information for : execution phase
2024-04-24T01:19:14,901  INFO [main] metadata.Hive: Total time spent in each metastore function (ms): {isCompatibleWith_(Configuration)=0, dropTable_(String, String, boolean, boolean, boolean)=136, getTable_(GetTableRequest)=14}
2024-04-24T01:19:14,901  INFO [main] ql.Driver: Completed executing command(queryId=alex_20240424011907_56259c43-9c60-4850-b2f9-05774aff0ecd); Time taken: 0.151 seconds
2024-04-24T01:19:14,901  INFO [main] lockmgr.DbTxnManager: Stopped heartbeat for query: alex_20240424011907_56259c43-9c60-4850-b2f9-05774aff0ecd
2024-04-24T01:19:14,906  INFO [main] txn.TxnHandler: Expected to move at least one record from txn_components to completed_txn_components when committing txn! txnid:27
2024-04-24T01:19:14,913  INFO [main] txn.TxnHandler: Removed transactions: ([27]) from MIN_HISTORY_LEVEL
2024-04-24T01:19:14,914  WARN [main] txn.CompactionTxnHandler: No compaction queue record found for Compaction type transaction commit. txnId:27
2024-04-24T01:19:14,914  INFO [main] ql.TxnCommandsBaseForTests: Running the query: drop table if exists nonAcidOrcTbl2
2024-04-24T01:19:14,915  INFO [main] ql.Driver: Compiling command(queryId=alex_20240424011907_56259c43-9c60-4850-b2f9-05774aff0ecd): drop table if exists nonAcidOrcTbl2
2024-04-24T01:19:14,918  INFO [main] txn.TxnHandler: Added entries to MIN_HISTORY_LEVEL for current txns: ([28]) with min_open_txn: 23
2024-04-24T01:19:14,918  INFO [main] lockmgr.DbTxnManager: Opened txnid:28
2024-04-24T01:19:14,919  INFO [main] HiveMetaStore.audit: ugi=alex	ip=unknown-ip-addr	cmd=get_table : tbl=hive.default.nonAcidOrcTbl2	
2024-04-24T01:19:14,932  INFO [main] metastore.HMSHandler: Skipping translation for processor with null
2024-04-24T01:19:14,933  INFO [main] ql.Driver: Semantic Analysis Completed (retrial = false)
2024-04-24T01:19:14,933  INFO [main] ql.Driver: Created Hive schema: Schema(fieldSchemas:null, properties:null)
2024-04-24T01:19:14,933  INFO [main] metadata.Hive: Dumping metastore api call timing information for : compilation phase
2024-04-24T01:19:14,933  INFO [main] metadata.Hive: Total time spent in each metastore function (ms): {isCompatibleWith_(Configuration)=0, flushCache_()=0, getValidTxns_(long)=1, getTable_(GetTableRequest)=14, openTxn_(String, TxnType)=3, commitTxn_(CommitTxnRequest)=13}
2024-04-24T01:19:14,933  INFO [main] ql.Driver: Completed compiling command(queryId=alex_20240424011907_56259c43-9c60-4850-b2f9-05774aff0ecd); Time taken: 0.018 seconds
2024-04-24T01:19:14,933  INFO [main] lockmgr.DbTxnManager: Setting lock request transaction to txnid:28 for queryId=alex_20240424011907_56259c43-9c60-4850-b2f9-05774aff0ecd
2024-04-24T01:19:14,934  INFO [main] lockmgr.DbLockManager: Requesting lock for queryId=alex_20240424011907_56259c43-9c60-4850-b2f9-05774aff0ecd
2024-04-24T01:19:14,955  INFO [main] lockmgr.DbLockManager: Response to queryId=alex_20240424011907_56259c43-9c60-4850-b2f9-05774aff0ecd LockResponse(lockid:20, state:ACQUIRED)
2024-04-24T01:19:14,955  INFO [main] ql.Driver: Operation DROPTABLE obtained 1 locks
2024-04-24T01:19:14,955  INFO [main] ql.Driver: Executing command(queryId=alex_20240424011907_56259c43-9c60-4850-b2f9-05774aff0ecd): drop table if exists nonAcidOrcTbl2
2024-04-24T01:19:14,955  INFO [main] ql.Driver: Starting task [Stage-0:DDL] in serial mode
2024-04-24T01:19:14,956  INFO [main] HiveMetaStore.audit: ugi=alex	ip=unknown-ip-addr	cmd=get_table : tbl=hive.default.nonAcidOrcTbl2	
2024-04-24T01:19:14,970  INFO [main] metastore.HMSHandler: Skipping translation for processor with null
2024-04-24T01:19:14,970  INFO [main] HiveMetaStore.audit: ugi=alex	ip=unknown-ip-addr	cmd=get_table : tbl=hive.default.nonAcidOrcTbl2	
2024-04-24T01:19:14,982  INFO [main] metastore.HMSHandler: Skipping translation for processor with null
2024-04-24T01:19:14,982  INFO [main] HiveMetaStore.audit: ugi=alex	ip=unknown-ip-addr	cmd=drop_table : tbl=hive.default.nonAcidOrcTbl2	
2024-04-24T01:19:15,017  INFO [main] metadata.Hive: Dumping metastore api call timing information for : execution phase
2024-04-24T01:19:15,017  INFO [main] metadata.Hive: Total time spent in each metastore function (ms): {getTable_(GetTableRequest)=15, dropTable_(String, String, boolean, boolean, boolean)=47, isCompatibleWith_(Configuration)=0}
2024-04-24T01:19:15,018  INFO [main] ql.Driver: Completed executing command(queryId=alex_20240424011907_56259c43-9c60-4850-b2f9-05774aff0ecd); Time taken: 0.062 seconds
2024-04-24T01:19:15,018  INFO [main] lockmgr.DbTxnManager: Stopped heartbeat for query: alex_20240424011907_56259c43-9c60-4850-b2f9-05774aff0ecd
2024-04-24T01:19:15,021  INFO [main] txn.TxnHandler: Expected to move at least one record from txn_components to completed_txn_components when committing txn! txnid:28
2024-04-24T01:19:15,027  INFO [main] txn.TxnHandler: Removed transactions: ([28]) from MIN_HISTORY_LEVEL
2024-04-24T01:19:15,027  WARN [main] txn.CompactionTxnHandler: No compaction queue record found for Compaction type transaction commit. txnId:28
2024-04-24T01:19:15,028  INFO [main] ql.TxnCommandsBaseForTests: Running the query: drop table if exists nonAcidNonBucket
2024-04-24T01:19:15,028  INFO [main] ql.Driver: Compiling command(queryId=alex_20240424011907_56259c43-9c60-4850-b2f9-05774aff0ecd): drop table if exists nonAcidNonBucket
2024-04-24T01:19:15,031  INFO [main] txn.TxnHandler: Added entries to MIN_HISTORY_LEVEL for current txns: ([29]) with min_open_txn: 23
2024-04-24T01:19:15,031  INFO [main] lockmgr.DbTxnManager: Opened txnid:29
2024-04-24T01:19:15,032  INFO [main] HiveMetaStore.audit: ugi=alex	ip=unknown-ip-addr	cmd=get_table : tbl=hive.default.nonAcidNonBucket	
2024-04-24T01:19:15,041  INFO [main] metastore.HMSHandler: Skipping translation for processor with null
2024-04-24T01:19:15,041  INFO [main] ql.Driver: Semantic Analysis Completed (retrial = false)
2024-04-24T01:19:15,042  INFO [main] ql.Driver: Created Hive schema: Schema(fieldSchemas:null, properties:null)
2024-04-24T01:19:15,042  INFO [main] metadata.Hive: Dumping metastore api call timing information for : compilation phase
2024-04-24T01:19:15,042  INFO [main] metadata.Hive: Total time spent in each metastore function (ms): {commitTxn_(CommitTxnRequest)=10, openTxn_(String, TxnType)=2, isCompatibleWith_(Configuration)=1, getTable_(GetTableRequest)=9, flushCache_()=0, getValidTxns_(long)=1}
2024-04-24T01:19:15,042  INFO [main] ql.Driver: Completed compiling command(queryId=alex_20240424011907_56259c43-9c60-4850-b2f9-05774aff0ecd); Time taken: 0.014 seconds
2024-04-24T01:19:15,042  INFO [main] lockmgr.DbTxnManager: Setting lock request transaction to txnid:29 for queryId=alex_20240424011907_56259c43-9c60-4850-b2f9-05774aff0ecd
2024-04-24T01:19:15,043  INFO [main] lockmgr.DbLockManager: Requesting lock for queryId=alex_20240424011907_56259c43-9c60-4850-b2f9-05774aff0ecd
2024-04-24T01:19:15,057  INFO [main] lockmgr.DbLockManager: Response to queryId=alex_20240424011907_56259c43-9c60-4850-b2f9-05774aff0ecd LockResponse(lockid:21, state:ACQUIRED)
2024-04-24T01:19:15,057  INFO [main] ql.Driver: Operation DROPTABLE obtained 1 locks
2024-04-24T01:19:15,057  INFO [main] ql.Driver: Executing command(queryId=alex_20240424011907_56259c43-9c60-4850-b2f9-05774aff0ecd): drop table if exists nonAcidNonBucket
2024-04-24T01:19:15,057  INFO [main] ql.Driver: Starting task [Stage-0:DDL] in serial mode
2024-04-24T01:19:15,058  INFO [main] HiveMetaStore.audit: ugi=alex	ip=unknown-ip-addr	cmd=get_table : tbl=hive.default.nonAcidNonBucket	
2024-04-24T01:19:15,067  INFO [main] metastore.HMSHandler: Skipping translation for processor with null
2024-04-24T01:19:15,067  INFO [main] HiveMetaStore.audit: ugi=alex	ip=unknown-ip-addr	cmd=get_table : tbl=hive.default.nonAcidNonBucket	
2024-04-24T01:19:15,076  INFO [main] metastore.HMSHandler: Skipping translation for processor with null
2024-04-24T01:19:15,076  INFO [main] HiveMetaStore.audit: ugi=alex	ip=unknown-ip-addr	cmd=drop_table : tbl=hive.default.nonAcidNonBucket	
2024-04-24T01:19:15,110  INFO [main] metadata.Hive: Dumping metastore api call timing information for : execution phase
2024-04-24T01:19:15,111  INFO [main] metadata.Hive: Total time spent in each metastore function (ms): {isCompatibleWith_(Configuration)=1, dropTable_(String, String, boolean, boolean, boolean)=43, getTable_(GetTableRequest)=9}
2024-04-24T01:19:15,111  INFO [main] ql.Driver: Completed executing command(queryId=alex_20240424011907_56259c43-9c60-4850-b2f9-05774aff0ecd); Time taken: 0.053 seconds
2024-04-24T01:19:15,111  INFO [main] lockmgr.DbTxnManager: Stopped heartbeat for query: alex_20240424011907_56259c43-9c60-4850-b2f9-05774aff0ecd
2024-04-24T01:19:15,115  INFO [main] txn.TxnHandler: Expected to move at least one record from txn_components to completed_txn_components when committing txn! txnid:29
2024-04-24T01:19:15,120  INFO [main] txn.TxnHandler: Removed transactions: ([29]) from MIN_HISTORY_LEVEL
2024-04-24T01:19:15,120  WARN [main] txn.CompactionTxnHandler: No compaction queue record found for Compaction type transaction commit. txnId:29
2024-04-24T01:19:15,121  INFO [main] utils.TestTxnDbUtil: Cleaning transactional tables
]]></system-err>
  </testcase>
  <testcase name="testDefault" classname="org.apache.hadoop.hive.ql.TestTxnNoBuckets" time="4.735"/>
  <testcase name="testInsertToAcidWithUnionRemove" classname="org.apache.hadoop.hive.ql.TestTxnNoBuckets" time="9.152"/>
  <testcase name="testNoBuckets" classname="org.apache.hadoop.hive.ql.TestTxnNoBuckets" time="8.631">
    <error type="java.lang.RuntimeException"><![CDATA[java.lang.RuntimeException: explain  update nobuckets set c3 = 17 where c3 in(0,1) failed: (responseCode = 40000, errorMessage = FAILED: NoMatchingMethodException No matching method for class org.apache.hadoop.hive.ql.udf.UDFToInteger with (struct<writeid:bigint,bucketid:int,rowid:bigint>). Possible choices: _FUNC_(bigint)  _FUNC_(boolean)  _FUNC_(decimal(38,18))  _FUNC_(double)  _FUNC_(float)  _FUNC_(smallint)  _FUNC_(string)  _FUNC_(struct<writeid:int,rowid:bigint,bucketid:bigint>)  _FUNC_(timestamp)  _FUNC_(tinyint)  _FUNC_(void)  , hiveErrorCode = 40000, SQLState = 42000, exception = No matching method for class org.apache.hadoop.hive.ql.udf.UDFToInteger with (struct<writeid:bigint,bucketid:int,rowid:bigint>). Possible choices: _FUNC_(bigint)  _FUNC_(boolean)  _FUNC_(decimal(38,18))  _FUNC_(double)  _FUNC_(float)  _FUNC_(smallint)  _FUNC_(string)  _FUNC_(struct<writeid:int,rowid:bigint,bucketid:bigint>)  _FUNC_(timestamp)  _FUNC_(tinyint)  _FUNC_(void)  )
	at org.apache.hadoop.hive.ql.TxnCommandsBaseForTests.runStatementOnDriver(TxnCommandsBaseForTests.java:247)
	at org.apache.hadoop.hive.ql.TestTxnNoBuckets.testNoBuckets(TestTxnNoBuckets.java:109)
	at sun.reflect.NativeMethodAccessorImpl.invoke0(Native Method)
	at sun.reflect.NativeMethodAccessorImpl.invoke(NativeMethodAccessorImpl.java:62)
	at sun.reflect.DelegatingMethodAccessorImpl.invoke(DelegatingMethodAccessorImpl.java:43)
	at java.lang.reflect.Method.invoke(Method.java:498)
	at org.junit.runners.model.FrameworkMethod$1.runReflectiveCall(FrameworkMethod.java:59)
	at org.junit.internal.runners.model.ReflectiveCallable.run(ReflectiveCallable.java:12)
	at org.junit.runners.model.FrameworkMethod.invokeExplosively(FrameworkMethod.java:56)
	at org.junit.internal.runners.statements.InvokeMethod.evaluate(InvokeMethod.java:17)
	at org.junit.internal.runners.statements.RunBefores.evaluate(RunBefores.java:26)
	at org.junit.internal.runners.statements.RunAfters.evaluate(RunAfters.java:27)
	at org.junit.rules.TestWatcher$1.evaluate(TestWatcher.java:61)
	at org.junit.runners.ParentRunner$3.evaluate(ParentRunner.java:306)
	at org.junit.runners.BlockJUnit4ClassRunner$1.evaluate(BlockJUnit4ClassRunner.java:100)
	at org.junit.runners.ParentRunner.runLeaf(ParentRunner.java:366)
	at org.junit.runners.BlockJUnit4ClassRunner.runChild(BlockJUnit4ClassRunner.java:103)
	at org.junit.runners.BlockJUnit4ClassRunner.runChild(BlockJUnit4ClassRunner.java:63)
	at org.junit.runners.ParentRunner$4.run(ParentRunner.java:331)
	at org.junit.runners.ParentRunner$1.schedule(ParentRunner.java:79)
	at org.junit.runners.ParentRunner.runChildren(ParentRunner.java:329)
	at org.junit.runners.ParentRunner.access$100(ParentRunner.java:66)
	at org.junit.runners.ParentRunner$2.evaluate(ParentRunner.java:293)
	at org.junit.runners.ParentRunner$3.evaluate(ParentRunner.java:306)
	at org.junit.runners.ParentRunner.run(ParentRunner.java:413)
	at org.junit.runner.JUnitCore.run(JUnitCore.java:137)
	at org.junit.runner.JUnitCore.run(JUnitCore.java:115)
	at org.junit.vintage.engine.execution.RunnerExecutor.execute(RunnerExecutor.java:43)
	at java.util.stream.ForEachOps$ForEachOp$OfRef.accept(ForEachOps.java:183)
	at java.util.stream.ReferencePipeline$3$1.accept(ReferencePipeline.java:193)
	at java.util.Iterator.forEachRemaining(Iterator.java:116)
	at java.util.Spliterators$IteratorSpliterator.forEachRemaining(Spliterators.java:1801)
	at java.util.stream.AbstractPipeline.copyInto(AbstractPipeline.java:482)
	at java.util.stream.AbstractPipeline.wrapAndCopyInto(AbstractPipeline.java:472)
	at java.util.stream.ForEachOps$ForEachOp.evaluateSequential(ForEachOps.java:150)
	at java.util.stream.ForEachOps$ForEachOp$OfRef.evaluateSequential(ForEachOps.java:173)
	at java.util.stream.AbstractPipeline.evaluate(AbstractPipeline.java:234)
	at java.util.stream.ReferencePipeline.forEach(ReferencePipeline.java:485)
	at org.junit.vintage.engine.VintageTestEngine.executeAllChildren(VintageTestEngine.java:82)
	at org.junit.vintage.engine.VintageTestEngine.execute(VintageTestEngine.java:73)
	at org.junit.platform.launcher.core.DefaultLauncher.execute(DefaultLauncher.java:248)
	at org.junit.platform.launcher.core.DefaultLauncher.lambda$execute$5(DefaultLauncher.java:211)
	at org.junit.platform.launcher.core.DefaultLauncher.withInterceptedStreams(DefaultLauncher.java:226)
	at org.junit.platform.launcher.core.DefaultLauncher.execute(DefaultLauncher.java:199)
	at org.junit.platform.launcher.core.DefaultLauncher.execute(DefaultLauncher.java:132)
	at org.apache.maven.surefire.junitplatform.JUnitPlatformProvider.invokeAllTests(JUnitPlatformProvider.java:154)
	at org.apache.maven.surefire.junitplatform.JUnitPlatformProvider.invoke(JUnitPlatformProvider.java:123)
	at org.apache.maven.surefire.booter.ForkedBooter.runSuitesInProcess(ForkedBooter.java:377)
	at org.apache.maven.surefire.booter.ForkedBooter.execute(ForkedBooter.java:138)
	at org.apache.maven.surefire.booter.ForkedBooter.run(ForkedBooter.java:465)
	at org.apache.maven.surefire.booter.ForkedBooter.main(ForkedBooter.java:451)
]]></error>
    <system-err><![CDATA[2024-04-24T01:19:29,077  WARN [main] conf.HiveConf: HiveConf of name hive.metastore.metadb.dir does not exist
2024-04-24T01:19:29,077  WARN [main] conf.HiveConf: HiveConf of name hive.dummyparam.test.server.specific.config.override does not exist
2024-04-24T01:19:29,078  WARN [main] conf.HiveConf: HiveConf of name hive.dummyparam.test.server.specific.config.hivesite does not exist
2024-04-24T01:19:29,078  WARN [main] conf.HiveConf: HiveConf of name hive.metastore.client.cache.recordStats does not exist
2024-04-24T01:19:29,078  WARN [main] conf.HiveConf: HiveConf of name hive.llap.io.cache.orc.size does not exist
2024-04-24T01:19:29,078  WARN [main] conf.HiveConf: HiveConf of name hive.stats.key.prefix.reserve.length does not exist
2024-04-24T01:19:29,078  WARN [main] conf.HiveConf: HiveConf of name hive.dummyparam.test.server.specific.config.metastoresite does not exist
2024-04-24T01:19:29,078  WARN [main] conf.HiveConf: HiveConf of name hive.llap.io.cache.orc.arena.size does not exist
2024-04-24T01:19:29,078  WARN [main] conf.HiveConf: HiveConf of name hive.llap.io.cache.orc.alloc.min does not exist
2024-04-24T01:19:29,078  WARN [main] conf.HiveConf: HiveConf of name hive.llap.io.cache.orc.alloc.max does not exist
2024-04-24T01:19:29,078  WARN [main] conf.HiveConf: HiveConf of name hive.metastore.client.cache.maxSize does not exist
2024-04-24T01:19:29,080  INFO [main] utils.TestTxnDbUtil: Creating transactional tables
Hive Session ID = bdc7588d-5ad3-4d18-a389-f8043e3102cc
2024-04-24T01:19:29,082  INFO [main] SessionState: Hive Session ID = bdc7588d-5ad3-4d18-a389-f8043e3102cc
ivysettings.xml file not found in HIVE_HOME or HIVE_CONF_DIR,/home/alex/Repositories/hive/conf/ivysettings.xml will be used
2024-04-24T01:19:29,083  INFO [main] DependencyResolver: ivysettings.xml file not found in HIVE_HOME or HIVE_CONF_DIR,/home/alex/Repositories/hive/conf/ivysettings.xml will be used
2024-04-24T01:19:29,088  INFO [main] session.SessionState: Created HDFS directory: /home/alex/Repositories/hive/ql/target/tmp/scratchdir/alex/bdc7588d-5ad3-4d18-a389-f8043e3102cc
2024-04-24T01:19:29,090  INFO [main] session.SessionState: Created local directory: /home/alex/Repositories/hive/ql/target/tmp/localscratchdir/bdc7588d-5ad3-4d18-a389-f8043e3102cc
2024-04-24T01:19:29,092  INFO [main] session.SessionState: Created HDFS directory: /home/alex/Repositories/hive/ql/target/tmp/scratchdir/alex/bdc7588d-5ad3-4d18-a389-f8043e3102cc/_tmp_space.db
2024-04-24T01:19:29,093  INFO [main] sqlstd.SQLStdHiveAccessController: Created SQLStdHiveAccessController for session context : HiveAuthzSessionContext [sessionString=bdc7588d-5ad3-4d18-a389-f8043e3102cc, clientType=HIVECLI]
2024-04-24T01:19:29,093  INFO [main] ql.TxnCommandsBaseForTests: Running the query: drop table if exists acidTbl
2024-04-24T01:19:29,093  INFO [main] ql.Driver: Compiling command(queryId=alex_20240424011929_84cd8a3d-f59e-4862-9e53-200b7ce4924d): drop table if exists acidTbl
2024-04-24T01:19:29,101  INFO [main] txn.TxnHandler: Added entries to MIN_HISTORY_LEVEL for current txns: ([1]) with min_open_txn: 1
2024-04-24T01:19:29,101  INFO [main] lockmgr.DbTxnManager: Opened txnid:1
2024-04-24T01:19:29,103  INFO [main] HiveMetaStore.audit: ugi=alex	ip=unknown-ip-addr	cmd=get_table : tbl=hive.default.acidTbl	
2024-04-24T01:19:29,111  INFO [main] ql.Driver: Semantic Analysis Completed (retrial = false)
2024-04-24T01:19:29,111  INFO [main] ql.Driver: Created Hive schema: Schema(fieldSchemas:null, properties:null)
2024-04-24T01:19:29,111  INFO [main] metadata.Hive: Dumping metastore api call timing information for : compilation phase
2024-04-24T01:19:29,112  INFO [main] metadata.Hive: Total time spent in each metastore function (ms): {flushCache_()=0, openTxn_(String, TxnType)=7, getValidTxns_(long)=1, isCompatibleWith_(Configuration)=1, commitTxn_(CommitTxnRequest)=13}
2024-04-24T01:19:29,112  INFO [main] ql.Driver: Completed compiling command(queryId=alex_20240424011929_84cd8a3d-f59e-4862-9e53-200b7ce4924d); Time taken: 0.018 seconds
2024-04-24T01:19:29,112  INFO [main] lockmgr.DbTxnManager: Setting lock request transaction to txnid:1 for queryId=alex_20240424011929_84cd8a3d-f59e-4862-9e53-200b7ce4924d
2024-04-24T01:19:29,112  INFO [main] ql.Driver: Operation DROPTABLE obtained 0 locks
2024-04-24T01:19:29,112  INFO [main] ql.Driver: Executing command(queryId=alex_20240424011929_84cd8a3d-f59e-4862-9e53-200b7ce4924d): drop table if exists acidTbl
2024-04-24T01:19:29,112  INFO [main] ql.Driver: Starting task [Stage-0:DDL] in serial mode
2024-04-24T01:19:29,112  INFO [main] HiveMetaStore.audit: ugi=alex	ip=unknown-ip-addr	cmd=get_table : tbl=hive.default.acidTbl	
2024-04-24T01:19:29,115  INFO [main] metadata.Hive: Dumping metastore api call timing information for : execution phase
2024-04-24T01:19:29,115  INFO [main] metadata.Hive: Total time spent in each metastore function (ms): {isCompatibleWith_(Configuration)=0}
2024-04-24T01:19:29,116  INFO [main] ql.Driver: Completed executing command(queryId=alex_20240424011929_84cd8a3d-f59e-4862-9e53-200b7ce4924d); Time taken: 0.003 seconds
2024-04-24T01:19:29,116  INFO [main] lockmgr.DbTxnManager: Stopped heartbeat for query: alex_20240424011929_84cd8a3d-f59e-4862-9e53-200b7ce4924d
2024-04-24T01:19:29,121  INFO [main] txn.TxnHandler: Expected to move at least one record from txn_components to completed_txn_components when committing txn! txnid:1
2024-04-24T01:19:29,127  INFO [main] txn.TxnHandler: Removed transactions: ([1]) from MIN_HISTORY_LEVEL
2024-04-24T01:19:29,127  WARN [main] txn.CompactionTxnHandler: No compaction queue record found for Compaction type transaction commit. txnId:1
2024-04-24T01:19:29,127  INFO [main] ql.TxnCommandsBaseForTests: Running the query: drop table if exists acidTblPart
2024-04-24T01:19:29,127  INFO [main] ql.Driver: Compiling command(queryId=alex_20240424011929_c9300248-e9a9-4069-8c7e-c49e47de6acb): drop table if exists acidTblPart
2024-04-24T01:19:29,130  INFO [main] txn.TxnHandler: Added entries to MIN_HISTORY_LEVEL for current txns: ([2]) with min_open_txn: 1
2024-04-24T01:19:29,130  INFO [main] lockmgr.DbTxnManager: Opened txnid:2
2024-04-24T01:19:29,130  INFO [main] HiveMetaStore.audit: ugi=alex	ip=unknown-ip-addr	cmd=get_table : tbl=hive.default.acidTblPart	
2024-04-24T01:19:29,133  INFO [main] ql.Driver: Semantic Analysis Completed (retrial = false)
2024-04-24T01:19:29,133  INFO [main] ql.Driver: Created Hive schema: Schema(fieldSchemas:null, properties:null)
2024-04-24T01:19:29,133  INFO [main] metadata.Hive: Dumping metastore api call timing information for : compilation phase
2024-04-24T01:19:29,134  INFO [main] metadata.Hive: Total time spent in each metastore function (ms): {getValidTxns_(long)=0, commitTxn_(CommitTxnRequest)=11, openTxn_(String, TxnType)=2, isCompatibleWith_(Configuration)=0, flushCache_()=0}
2024-04-24T01:19:29,134  INFO [main] ql.Driver: Completed compiling command(queryId=alex_20240424011929_c9300248-e9a9-4069-8c7e-c49e47de6acb); Time taken: 0.006 seconds
2024-04-24T01:19:29,134  INFO [main] lockmgr.DbTxnManager: Setting lock request transaction to txnid:2 for queryId=alex_20240424011929_c9300248-e9a9-4069-8c7e-c49e47de6acb
2024-04-24T01:19:29,134  INFO [main] ql.Driver: Operation DROPTABLE obtained 0 locks
2024-04-24T01:19:29,134  INFO [main] ql.Driver: Executing command(queryId=alex_20240424011929_c9300248-e9a9-4069-8c7e-c49e47de6acb): drop table if exists acidTblPart
2024-04-24T01:19:29,134  INFO [main] ql.Driver: Starting task [Stage-0:DDL] in serial mode
2024-04-24T01:19:29,134  INFO [main] HiveMetaStore.audit: ugi=alex	ip=unknown-ip-addr	cmd=get_table : tbl=hive.default.acidTblPart	
2024-04-24T01:19:29,137  INFO [main] metadata.Hive: Dumping metastore api call timing information for : execution phase
2024-04-24T01:19:29,137  INFO [main] metadata.Hive: Total time spent in each metastore function (ms): {isCompatibleWith_(Configuration)=0}
2024-04-24T01:19:29,137  INFO [main] ql.Driver: Completed executing command(queryId=alex_20240424011929_c9300248-e9a9-4069-8c7e-c49e47de6acb); Time taken: 0.003 seconds
2024-04-24T01:19:29,138  INFO [main] lockmgr.DbTxnManager: Stopped heartbeat for query: alex_20240424011929_c9300248-e9a9-4069-8c7e-c49e47de6acb
2024-04-24T01:19:29,143  INFO [main] txn.TxnHandler: Expected to move at least one record from txn_components to completed_txn_components when committing txn! txnid:2
2024-04-24T01:19:29,148  INFO [main] txn.TxnHandler: Removed transactions: ([2]) from MIN_HISTORY_LEVEL
2024-04-24T01:19:29,148  WARN [main] txn.CompactionTxnHandler: No compaction queue record found for Compaction type transaction commit. txnId:2
2024-04-24T01:19:29,149  INFO [main] ql.TxnCommandsBaseForTests: Running the query: drop table if exists acidTbl2
2024-04-24T01:19:29,149  INFO [main] ql.Driver: Compiling command(queryId=alex_20240424011929_e5750798-e999-4135-bb76-a7af47581b38): drop table if exists acidTbl2
2024-04-24T01:19:29,151  INFO [main] txn.TxnHandler: Added entries to MIN_HISTORY_LEVEL for current txns: ([3]) with min_open_txn: 1
2024-04-24T01:19:29,152  INFO [main] lockmgr.DbTxnManager: Opened txnid:3
2024-04-24T01:19:29,152  INFO [main] HiveMetaStore.audit: ugi=alex	ip=unknown-ip-addr	cmd=get_table : tbl=hive.default.acidTbl2	
2024-04-24T01:19:29,156  INFO [main] ql.Driver: Semantic Analysis Completed (retrial = false)
2024-04-24T01:19:29,156  INFO [main] ql.Driver: Created Hive schema: Schema(fieldSchemas:null, properties:null)
2024-04-24T01:19:29,156  INFO [main] metadata.Hive: Dumping metastore api call timing information for : compilation phase
2024-04-24T01:19:29,156  INFO [main] metadata.Hive: Total time spent in each metastore function (ms): {openTxn_(String, TxnType)=1, getValidTxns_(long)=0, commitTxn_(CommitTxnRequest)=11, flushCache_()=0, isCompatibleWith_(Configuration)=0}
2024-04-24T01:19:29,156  INFO [main] ql.Driver: Completed compiling command(queryId=alex_20240424011929_e5750798-e999-4135-bb76-a7af47581b38); Time taken: 0.007 seconds
2024-04-24T01:19:29,157  INFO [main] lockmgr.DbTxnManager: Setting lock request transaction to txnid:3 for queryId=alex_20240424011929_e5750798-e999-4135-bb76-a7af47581b38
2024-04-24T01:19:29,157  INFO [main] ql.Driver: Operation DROPTABLE obtained 0 locks
2024-04-24T01:19:29,157  INFO [main] ql.Driver: Executing command(queryId=alex_20240424011929_e5750798-e999-4135-bb76-a7af47581b38): drop table if exists acidTbl2
2024-04-24T01:19:29,157  INFO [main] ql.Driver: Starting task [Stage-0:DDL] in serial mode
2024-04-24T01:19:29,157  INFO [main] HiveMetaStore.audit: ugi=alex	ip=unknown-ip-addr	cmd=get_table : tbl=hive.default.acidTbl2	
2024-04-24T01:19:29,160  INFO [main] metadata.Hive: Dumping metastore api call timing information for : execution phase
2024-04-24T01:19:29,160  INFO [main] metadata.Hive: Total time spent in each metastore function (ms): {isCompatibleWith_(Configuration)=0}
2024-04-24T01:19:29,160  INFO [main] ql.Driver: Completed executing command(queryId=alex_20240424011929_e5750798-e999-4135-bb76-a7af47581b38); Time taken: 0.003 seconds
2024-04-24T01:19:29,160  INFO [main] lockmgr.DbTxnManager: Stopped heartbeat for query: alex_20240424011929_e5750798-e999-4135-bb76-a7af47581b38
2024-04-24T01:19:29,166  INFO [main] txn.TxnHandler: Expected to move at least one record from txn_components to completed_txn_components when committing txn! txnid:3
2024-04-24T01:19:29,172  INFO [main] txn.TxnHandler: Removed transactions: ([3]) from MIN_HISTORY_LEVEL
2024-04-24T01:19:29,172  WARN [main] txn.CompactionTxnHandler: No compaction queue record found for Compaction type transaction commit. txnId:3
2024-04-24T01:19:29,172  INFO [main] ql.TxnCommandsBaseForTests: Running the query: drop table if exists nonAcidOrcTbl
2024-04-24T01:19:29,172  INFO [main] ql.Driver: Compiling command(queryId=alex_20240424011929_11ce8722-7704-4fc6-a5e9-e4b0daafc580): drop table if exists nonAcidOrcTbl
2024-04-24T01:19:29,174  INFO [main] txn.TxnHandler: Added entries to MIN_HISTORY_LEVEL for current txns: ([4]) with min_open_txn: 1
2024-04-24T01:19:29,175  INFO [main] lockmgr.DbTxnManager: Opened txnid:4
2024-04-24T01:19:29,175  INFO [main] HiveMetaStore.audit: ugi=alex	ip=unknown-ip-addr	cmd=get_table : tbl=hive.default.nonAcidOrcTbl	
2024-04-24T01:19:29,178  INFO [main] ql.Driver: Semantic Analysis Completed (retrial = false)
2024-04-24T01:19:29,178  INFO [main] ql.Driver: Created Hive schema: Schema(fieldSchemas:null, properties:null)
2024-04-24T01:19:29,178  INFO [main] metadata.Hive: Dumping metastore api call timing information for : compilation phase
2024-04-24T01:19:29,179  INFO [main] metadata.Hive: Total time spent in each metastore function (ms): {commitTxn_(CommitTxnRequest)=11, flushCache_()=0, openTxn_(String, TxnType)=2, getValidTxns_(long)=0, isCompatibleWith_(Configuration)=1}
2024-04-24T01:19:29,179  INFO [main] ql.Driver: Completed compiling command(queryId=alex_20240424011929_11ce8722-7704-4fc6-a5e9-e4b0daafc580); Time taken: 0.006 seconds
2024-04-24T01:19:29,179  INFO [main] lockmgr.DbTxnManager: Setting lock request transaction to txnid:4 for queryId=alex_20240424011929_11ce8722-7704-4fc6-a5e9-e4b0daafc580
2024-04-24T01:19:29,179  INFO [main] ql.Driver: Operation DROPTABLE obtained 0 locks
2024-04-24T01:19:29,179  INFO [main] ql.Driver: Executing command(queryId=alex_20240424011929_11ce8722-7704-4fc6-a5e9-e4b0daafc580): drop table if exists nonAcidOrcTbl
2024-04-24T01:19:29,179  INFO [main] ql.Driver: Starting task [Stage-0:DDL] in serial mode
2024-04-24T01:19:29,180  INFO [main] HiveMetaStore.audit: ugi=alex	ip=unknown-ip-addr	cmd=get_table : tbl=hive.default.nonAcidOrcTbl	
2024-04-24T01:19:29,184  INFO [main] metadata.Hive: Dumping metastore api call timing information for : execution phase
2024-04-24T01:19:29,184  INFO [main] metadata.Hive: Total time spent in each metastore function (ms): {isCompatibleWith_(Configuration)=1}
2024-04-24T01:19:29,185  INFO [main] ql.Driver: Completed executing command(queryId=alex_20240424011929_11ce8722-7704-4fc6-a5e9-e4b0daafc580); Time taken: 0.005 seconds
2024-04-24T01:19:29,185  INFO [main] lockmgr.DbTxnManager: Stopped heartbeat for query: alex_20240424011929_11ce8722-7704-4fc6-a5e9-e4b0daafc580
2024-04-24T01:19:29,191  INFO [main] txn.TxnHandler: Expected to move at least one record from txn_components to completed_txn_components when committing txn! txnid:4
2024-04-24T01:19:29,198  INFO [main] txn.TxnHandler: Removed transactions: ([4]) from MIN_HISTORY_LEVEL
2024-04-24T01:19:29,198  WARN [main] txn.CompactionTxnHandler: No compaction queue record found for Compaction type transaction commit. txnId:4
2024-04-24T01:19:29,199  INFO [main] ql.TxnCommandsBaseForTests: Running the query: drop table if exists nonAcidOrcTbl2
2024-04-24T01:19:29,199  INFO [main] ql.Driver: Compiling command(queryId=alex_20240424011929_f7caa88b-fa3c-453d-b097-c8ec2a8628a4): drop table if exists nonAcidOrcTbl2
2024-04-24T01:19:29,202  INFO [main] txn.TxnHandler: Added entries to MIN_HISTORY_LEVEL for current txns: ([5]) with min_open_txn: 1
2024-04-24T01:19:29,202  INFO [main] lockmgr.DbTxnManager: Opened txnid:5
2024-04-24T01:19:29,203  INFO [main] HiveMetaStore.audit: ugi=alex	ip=unknown-ip-addr	cmd=get_table : tbl=hive.default.nonAcidOrcTbl2	
2024-04-24T01:19:29,207  INFO [main] ql.Driver: Semantic Analysis Completed (retrial = false)
2024-04-24T01:19:29,207  INFO [main] ql.Driver: Created Hive schema: Schema(fieldSchemas:null, properties:null)
2024-04-24T01:19:29,207  INFO [main] metadata.Hive: Dumping metastore api call timing information for : compilation phase
2024-04-24T01:19:29,207  INFO [main] metadata.Hive: Total time spent in each metastore function (ms): {isCompatibleWith_(Configuration)=0, commitTxn_(CommitTxnRequest)=13, openTxn_(String, TxnType)=2, getValidTxns_(long)=1, flushCache_()=0}
2024-04-24T01:19:29,208  INFO [main] ql.Driver: Completed compiling command(queryId=alex_20240424011929_f7caa88b-fa3c-453d-b097-c8ec2a8628a4); Time taken: 0.008 seconds
2024-04-24T01:19:29,208  INFO [main] lockmgr.DbTxnManager: Setting lock request transaction to txnid:5 for queryId=alex_20240424011929_f7caa88b-fa3c-453d-b097-c8ec2a8628a4
2024-04-24T01:19:29,208  INFO [main] ql.Driver: Operation DROPTABLE obtained 0 locks
2024-04-24T01:19:29,208  INFO [main] ql.Driver: Executing command(queryId=alex_20240424011929_f7caa88b-fa3c-453d-b097-c8ec2a8628a4): drop table if exists nonAcidOrcTbl2
2024-04-24T01:19:29,208  INFO [main] ql.Driver: Starting task [Stage-0:DDL] in serial mode
2024-04-24T01:19:29,209  INFO [main] HiveMetaStore.audit: ugi=alex	ip=unknown-ip-addr	cmd=get_table : tbl=hive.default.nonAcidOrcTbl2	
2024-04-24T01:19:29,213  INFO [main] metadata.Hive: Dumping metastore api call timing information for : execution phase
2024-04-24T01:19:29,213  INFO [main] metadata.Hive: Total time spent in each metastore function (ms): {isCompatibleWith_(Configuration)=0}
2024-04-24T01:19:29,213  INFO [main] ql.Driver: Completed executing command(queryId=alex_20240424011929_f7caa88b-fa3c-453d-b097-c8ec2a8628a4); Time taken: 0.005 seconds
2024-04-24T01:19:29,213  INFO [main] lockmgr.DbTxnManager: Stopped heartbeat for query: alex_20240424011929_f7caa88b-fa3c-453d-b097-c8ec2a8628a4
2024-04-24T01:19:29,220  INFO [main] txn.TxnHandler: Expected to move at least one record from txn_components to completed_txn_components when committing txn! txnid:5
2024-04-24T01:19:29,225  INFO [main] txn.TxnHandler: Removed transactions: ([5]) from MIN_HISTORY_LEVEL
2024-04-24T01:19:29,226  WARN [main] txn.CompactionTxnHandler: No compaction queue record found for Compaction type transaction commit. txnId:5
2024-04-24T01:19:29,226  INFO [main] ql.TxnCommandsBaseForTests: Running the query: drop table if exists nonAcidNonBucket
2024-04-24T01:19:29,226  INFO [main] ql.Driver: Compiling command(queryId=alex_20240424011929_9ba9f0e6-b016-4d55-8af4-84bd20124ae4): drop table if exists nonAcidNonBucket
2024-04-24T01:19:29,228  INFO [main] txn.TxnHandler: Added entries to MIN_HISTORY_LEVEL for current txns: ([6]) with min_open_txn: 1
2024-04-24T01:19:29,228  INFO [main] lockmgr.DbTxnManager: Opened txnid:6
2024-04-24T01:19:29,229  INFO [main] HiveMetaStore.audit: ugi=alex	ip=unknown-ip-addr	cmd=get_table : tbl=hive.default.nonAcidNonBucket	
2024-04-24T01:19:29,232  INFO [main] ql.Driver: Semantic Analysis Completed (retrial = false)
2024-04-24T01:19:29,232  INFO [main] ql.Driver: Created Hive schema: Schema(fieldSchemas:null, properties:null)
2024-04-24T01:19:29,232  INFO [main] metadata.Hive: Dumping metastore api call timing information for : compilation phase
2024-04-24T01:19:29,232  INFO [main] metadata.Hive: Total time spent in each metastore function (ms): {isCompatibleWith_(Configuration)=1, getValidTxns_(long)=0, commitTxn_(CommitTxnRequest)=12, openTxn_(String, TxnType)=1, flushCache_()=1}
2024-04-24T01:19:29,232  INFO [main] ql.Driver: Completed compiling command(queryId=alex_20240424011929_9ba9f0e6-b016-4d55-8af4-84bd20124ae4); Time taken: 0.006 seconds
2024-04-24T01:19:29,232  INFO [main] lockmgr.DbTxnManager: Setting lock request transaction to txnid:6 for queryId=alex_20240424011929_9ba9f0e6-b016-4d55-8af4-84bd20124ae4
2024-04-24T01:19:29,232  INFO [main] ql.Driver: Operation DROPTABLE obtained 0 locks
2024-04-24T01:19:29,232  INFO [main] ql.Driver: Executing command(queryId=alex_20240424011929_9ba9f0e6-b016-4d55-8af4-84bd20124ae4): drop table if exists nonAcidNonBucket
2024-04-24T01:19:29,233  INFO [main] ql.Driver: Starting task [Stage-0:DDL] in serial mode
2024-04-24T01:19:29,233  INFO [main] HiveMetaStore.audit: ugi=alex	ip=unknown-ip-addr	cmd=get_table : tbl=hive.default.nonAcidNonBucket	
2024-04-24T01:19:29,236  INFO [main] metadata.Hive: Dumping metastore api call timing information for : execution phase
2024-04-24T01:19:29,236  INFO [main] metadata.Hive: Total time spent in each metastore function (ms): {isCompatibleWith_(Configuration)=0}
2024-04-24T01:19:29,236  INFO [main] ql.Driver: Completed executing command(queryId=alex_20240424011929_9ba9f0e6-b016-4d55-8af4-84bd20124ae4); Time taken: 0.004 seconds
2024-04-24T01:19:29,236  INFO [main] lockmgr.DbTxnManager: Stopped heartbeat for query: alex_20240424011929_9ba9f0e6-b016-4d55-8af4-84bd20124ae4
2024-04-24T01:19:29,242  INFO [main] txn.TxnHandler: Expected to move at least one record from txn_components to completed_txn_components when committing txn! txnid:6
2024-04-24T01:19:29,248  INFO [main] txn.TxnHandler: Removed transactions: ([6]) from MIN_HISTORY_LEVEL
2024-04-24T01:19:29,249  WARN [main] txn.CompactionTxnHandler: No compaction queue record found for Compaction type transaction commit. txnId:6
2024-04-24T01:19:29,249  INFO [main] ql.TxnCommandsBaseForTests: Running the query: create table acidTbl(a int, b int) clustered by (a) into 2 buckets stored as orc TBLPROPERTIES ('transactional'='true')
2024-04-24T01:19:29,250  INFO [main] ql.Driver: Compiling command(queryId=alex_20240424011929_0569822a-bea7-4e2c-ab4b-f7b70a7e084e): create table acidTbl(a int, b int) clustered by (a) into 2 buckets stored as orc TBLPROPERTIES ('transactional'='true')
2024-04-24T01:19:29,252  INFO [main] txn.TxnHandler: Added entries to MIN_HISTORY_LEVEL for current txns: ([7]) with min_open_txn: 1
2024-04-24T01:19:29,253  INFO [main] lockmgr.DbTxnManager: Opened txnid:7
2024-04-24T01:19:29,253  INFO [main] parse.CalcitePlanner: Starting caching scope for: 
2024-04-24T01:19:29,253  INFO [main] parse.CalcitePlanner: Starting Semantic Analysis
2024-04-24T01:19:29,260  INFO [main] parse.CalcitePlanner: Creating table default.acidTbl position=13
2024-04-24T01:19:29,261  INFO [main] HiveMetaStore.audit: ugi=alex	ip=unknown-ip-addr	cmd=get_database: default	
2024-04-24T01:19:29,263  INFO [main] parse.CalcitePlanner: Ending caching scope for: 
2024-04-24T01:19:29,263  INFO [main] ql.Driver: Semantic Analysis Completed (retrial = false)
2024-04-24T01:19:29,263  INFO [main] ql.Driver: Created Hive schema: Schema(fieldSchemas:null, properties:null)
2024-04-24T01:19:29,263  INFO [main] metadata.Hive: Dumping metastore api call timing information for : compilation phase
2024-04-24T01:19:29,263  INFO [main] metadata.Hive: Total time spent in each metastore function (ms): {getValidWriteIds_(List, String)=7, getValidTxns_(long)=0, openTxn_(String, TxnType)=3, getDatabase_(String)=2, flushCache_()=0, isCompatibleWith_(Configuration)=0, commitTxn_(CommitTxnRequest)=13}
2024-04-24T01:19:29,263  INFO [main] ql.Driver: Completed compiling command(queryId=alex_20240424011929_0569822a-bea7-4e2c-ab4b-f7b70a7e084e); Time taken: 0.013 seconds
2024-04-24T01:19:29,263  INFO [main] lockmgr.DbTxnManager: Setting lock request transaction to txnid:7 for queryId=alex_20240424011929_0569822a-bea7-4e2c-ab4b-f7b70a7e084e
2024-04-24T01:19:29,264  INFO [main] lockmgr.DbLockManager: Requesting lock for queryId=alex_20240424011929_0569822a-bea7-4e2c-ab4b-f7b70a7e084e
2024-04-24T01:19:29,282  INFO [main] lockmgr.DbLockManager: Response to queryId=alex_20240424011929_0569822a-bea7-4e2c-ab4b-f7b70a7e084e LockResponse(lockid:1, state:ACQUIRED)
2024-04-24T01:19:29,282  INFO [main] ql.Driver: Operation CREATETABLE obtained 1 locks
2024-04-24T01:19:29,283  INFO [main] ql.Driver: Executing command(queryId=alex_20240424011929_0569822a-bea7-4e2c-ab4b-f7b70a7e084e): create table acidTbl(a int, b int) clustered by (a) into 2 buckets stored as orc TBLPROPERTIES ('transactional'='true')
2024-04-24T01:19:29,283  INFO [main] ql.Driver: Starting task [Stage-0:DDL] in serial mode
2024-04-24T01:19:29,284  INFO [main] HiveMetaStore.audit: ugi=alex	ip=unknown-ip-addr	cmd=create_table_req: Table(tableName:acidTbl, dbName:default, owner:alex, createTime:1713946769, lastAccessTime:0, retention:0, sd:StorageDescriptor(cols:[FieldSchema(name:a, type:int, comment:null), FieldSchema(name:b, type:int, comment:null)], location:null, inputFormat:org.apache.hadoop.hive.ql.io.orc.OrcInputFormat, outputFormat:org.apache.hadoop.hive.ql.io.orc.OrcOutputFormat, compressed:false, numBuckets:2, serdeInfo:SerDeInfo(name:null, serializationLib:org.apache.hadoop.hive.ql.io.orc.OrcSerde, parameters:{serialization.format=1}), bucketCols:[a], sortCols:[], parameters:{}, skewedInfo:SkewedInfo(skewedColNames:[], skewedColValues:[], skewedColValueLocationMaps:{}), storedAsSubDirectories:false), partitionKeys:[], parameters:{rawDataSize=0, numFilesErasureCoded=0, totalSize=0, numFiles=0, bucketing_version=2, COLUMN_STATS_ACCURATE={"BASIC_STATS":"true","COLUMN_STATS":{"a":"true","b":"true"}}, numRows=0, transactional=true}, viewOriginalText:null, viewExpandedText:null, tableType:MANAGED_TABLE, privileges:PrincipalPrivilegeSet(userPrivileges:{alex=[PrivilegeGrantInfo(privilege:INSERT, createTime:-1, grantor:alex, grantorType:USER, grantOption:true), PrivilegeGrantInfo(privilege:SELECT, createTime:-1, grantor:alex, grantorType:USER, grantOption:true), PrivilegeGrantInfo(privilege:UPDATE, createTime:-1, grantor:alex, grantorType:USER, grantOption:true), PrivilegeGrantInfo(privilege:DELETE, createTime:-1, grantor:alex, grantorType:USER, grantOption:true)]}, groupPrivileges:null, rolePrivileges:null), temporary:false, catName:hive, ownerType:USER, writeId:0)	
2024-04-24T01:19:29,289  INFO [main] utils.FileUtils: Creating directory if it doesn't exist: file:/home/alex/Repositories/hive/ql/target/tmp/org.apache.hadoop.hive.ql.TestTxnNoBuckets-1713946626176/warehouse/acidtbl
2024-04-24T01:19:29,325  INFO [main] metadata.Hive: Dumping metastore api call timing information for : execution phase
2024-04-24T01:19:29,325  INFO [main] metadata.Hive: Total time spent in each metastore function (ms): {isCompatibleWith_(Configuration)=0, createTable_(Table)=41}
2024-04-24T01:19:29,325  INFO [main] ql.Driver: Completed executing command(queryId=alex_20240424011929_0569822a-bea7-4e2c-ab4b-f7b70a7e084e); Time taken: 0.042 seconds
2024-04-24T01:19:29,325  INFO [main] lockmgr.DbTxnManager: Stopped heartbeat for query: alex_20240424011929_0569822a-bea7-4e2c-ab4b-f7b70a7e084e
2024-04-24T01:19:29,330  INFO [main] txn.TxnHandler: Expected to move at least one record from txn_components to completed_txn_components when committing txn! txnid:7
2024-04-24T01:19:29,336  INFO [main] txn.TxnHandler: Removed transactions: ([7]) from MIN_HISTORY_LEVEL
2024-04-24T01:19:29,337  WARN [main] txn.CompactionTxnHandler: No compaction queue record found for Compaction type transaction commit. txnId:7
2024-04-24T01:19:29,338  INFO [main] ql.TxnCommandsBaseForTests: Running the query: create table acidTblPart(a int, b int) partitioned by (p string) clustered by (a) into 2 buckets stored as orc TBLPROPERTIES ('transactional'='true')
2024-04-24T01:19:29,338  INFO [main] ql.Driver: Compiling command(queryId=alex_20240424011929_93812047-6774-4462-89fe-0c022ec137e2): create table acidTblPart(a int, b int) partitioned by (p string) clustered by (a) into 2 buckets stored as orc TBLPROPERTIES ('transactional'='true')
2024-04-24T01:19:29,345  INFO [main] txn.TxnHandler: Added entries to MIN_HISTORY_LEVEL for current txns: ([8]) with min_open_txn: 1
2024-04-24T01:19:29,345  INFO [main] lockmgr.DbTxnManager: Opened txnid:8
2024-04-24T01:19:29,346  INFO [main] parse.CalcitePlanner: Starting caching scope for: 
2024-04-24T01:19:29,346  INFO [main] parse.CalcitePlanner: Starting Semantic Analysis
2024-04-24T01:19:29,348  INFO [main] parse.CalcitePlanner: Creating table default.acidTblPart position=13
2024-04-24T01:19:29,348  INFO [main] HiveMetaStore.audit: ugi=alex	ip=unknown-ip-addr	cmd=get_database: default	
2024-04-24T01:19:29,350  INFO [main] parse.CalcitePlanner: Ending caching scope for: 
2024-04-24T01:19:29,350  INFO [main] ql.Driver: Semantic Analysis Completed (retrial = false)
2024-04-24T01:19:29,350  INFO [main] ql.Driver: Created Hive schema: Schema(fieldSchemas:null, properties:null)
2024-04-24T01:19:29,350  INFO [main] metadata.Hive: Dumping metastore api call timing information for : compilation phase
2024-04-24T01:19:29,350  INFO [main] metadata.Hive: Total time spent in each metastore function (ms): {isCompatibleWith_(Configuration)=0, getValidWriteIds_(List, String)=2, commitTxn_(CommitTxnRequest)=12, openTxn_(String, TxnType)=7, getDatabase_(String)=2, flushCache_()=0, getValidTxns_(long)=1}
2024-04-24T01:19:29,350  INFO [main] ql.Driver: Completed compiling command(queryId=alex_20240424011929_93812047-6774-4462-89fe-0c022ec137e2); Time taken: 0.012 seconds
2024-04-24T01:19:29,350  INFO [main] lockmgr.DbTxnManager: Setting lock request transaction to txnid:8 for queryId=alex_20240424011929_93812047-6774-4462-89fe-0c022ec137e2
2024-04-24T01:19:29,351  INFO [main] lockmgr.DbLockManager: Requesting lock for queryId=alex_20240424011929_93812047-6774-4462-89fe-0c022ec137e2
2024-04-24T01:19:29,364  INFO [main] lockmgr.DbLockManager: Response to queryId=alex_20240424011929_93812047-6774-4462-89fe-0c022ec137e2 LockResponse(lockid:2, state:ACQUIRED)
2024-04-24T01:19:29,364  INFO [main] ql.Driver: Operation CREATETABLE obtained 1 locks
2024-04-24T01:19:29,364  INFO [main] ql.Driver: Executing command(queryId=alex_20240424011929_93812047-6774-4462-89fe-0c022ec137e2): create table acidTblPart(a int, b int) partitioned by (p string) clustered by (a) into 2 buckets stored as orc TBLPROPERTIES ('transactional'='true')
2024-04-24T01:19:29,364  INFO [main] ql.Driver: Starting task [Stage-0:DDL] in serial mode
2024-04-24T01:19:29,365  INFO [main] HiveMetaStore.audit: ugi=alex	ip=unknown-ip-addr	cmd=create_table_req: Table(tableName:acidTblPart, dbName:default, owner:alex, createTime:1713946769, lastAccessTime:0, retention:0, sd:StorageDescriptor(cols:[FieldSchema(name:a, type:int, comment:null), FieldSchema(name:b, type:int, comment:null)], location:null, inputFormat:org.apache.hadoop.hive.ql.io.orc.OrcInputFormat, outputFormat:org.apache.hadoop.hive.ql.io.orc.OrcOutputFormat, compressed:false, numBuckets:2, serdeInfo:SerDeInfo(name:null, serializationLib:org.apache.hadoop.hive.ql.io.orc.OrcSerde, parameters:{serialization.format=1}), bucketCols:[a], sortCols:[], parameters:{}, skewedInfo:SkewedInfo(skewedColNames:[], skewedColValues:[], skewedColValueLocationMaps:{}), storedAsSubDirectories:false), partitionKeys:[FieldSchema(name:p, type:string, comment:null)], parameters:{transactional=true, bucketing_version=2}, viewOriginalText:null, viewExpandedText:null, tableType:MANAGED_TABLE, privileges:PrincipalPrivilegeSet(userPrivileges:{alex=[PrivilegeGrantInfo(privilege:INSERT, createTime:-1, grantor:alex, grantorType:USER, grantOption:true), PrivilegeGrantInfo(privilege:SELECT, createTime:-1, grantor:alex, grantorType:USER, grantOption:true), PrivilegeGrantInfo(privilege:UPDATE, createTime:-1, grantor:alex, grantorType:USER, grantOption:true), PrivilegeGrantInfo(privilege:DELETE, createTime:-1, grantor:alex, grantorType:USER, grantOption:true)]}, groupPrivileges:null, rolePrivileges:null), temporary:false, catName:hive, ownerType:USER, writeId:0)	
2024-04-24T01:19:29,373  INFO [main] utils.FileUtils: Creating directory if it doesn't exist: file:/home/alex/Repositories/hive/ql/target/tmp/org.apache.hadoop.hive.ql.TestTxnNoBuckets-1713946626176/warehouse/acidtblpart
2024-04-24T01:19:29,388  INFO [main] metadata.Hive: Dumping metastore api call timing information for : execution phase
2024-04-24T01:19:29,388  INFO [main] metadata.Hive: Total time spent in each metastore function (ms): {createTable_(Table)=23, isCompatibleWith_(Configuration)=0}
2024-04-24T01:19:29,388  INFO [main] ql.Driver: Completed executing command(queryId=alex_20240424011929_93812047-6774-4462-89fe-0c022ec137e2); Time taken: 0.024 seconds
2024-04-24T01:19:29,388  INFO [main] lockmgr.DbTxnManager: Stopped heartbeat for query: alex_20240424011929_93812047-6774-4462-89fe-0c022ec137e2
2024-04-24T01:19:29,392  INFO [main] txn.TxnHandler: Expected to move at least one record from txn_components to completed_txn_components when committing txn! txnid:8
2024-04-24T01:19:29,397  INFO [main] txn.TxnHandler: Removed transactions: ([8]) from MIN_HISTORY_LEVEL
2024-04-24T01:19:29,397  WARN [main] txn.CompactionTxnHandler: No compaction queue record found for Compaction type transaction commit. txnId:8
2024-04-24T01:19:29,398  INFO [main] ql.TxnCommandsBaseForTests: Running the query: create table nonAcidOrcTbl(a int, b int) clustered by (a) into 2 buckets stored as orc TBLPROPERTIES ('transactional'='false')
2024-04-24T01:19:29,398  INFO [main] ql.Driver: Compiling command(queryId=alex_20240424011929_5359b7c4-77d6-4a6b-af67-a0ca807d9d8d): create table nonAcidOrcTbl(a int, b int) clustered by (a) into 2 buckets stored as orc TBLPROPERTIES ('transactional'='false')
2024-04-24T01:19:29,400  INFO [main] txn.TxnHandler: Added entries to MIN_HISTORY_LEVEL for current txns: ([9]) with min_open_txn: 1
2024-04-24T01:19:29,400  INFO [main] lockmgr.DbTxnManager: Opened txnid:9
2024-04-24T01:19:29,401  INFO [main] parse.CalcitePlanner: Starting caching scope for: 
2024-04-24T01:19:29,401  INFO [main] parse.CalcitePlanner: Starting Semantic Analysis
2024-04-24T01:19:29,403  INFO [main] parse.CalcitePlanner: Creating table default.nonAcidOrcTbl position=13
2024-04-24T01:19:29,404  INFO [main] HiveMetaStore.audit: ugi=alex	ip=unknown-ip-addr	cmd=get_database: default	
2024-04-24T01:19:29,405  INFO [main] parse.CalcitePlanner: Ending caching scope for: 
2024-04-24T01:19:29,405  INFO [main] ql.Driver: Semantic Analysis Completed (retrial = false)
2024-04-24T01:19:29,405  INFO [main] ql.Driver: Created Hive schema: Schema(fieldSchemas:null, properties:null)
2024-04-24T01:19:29,405  INFO [main] metadata.Hive: Dumping metastore api call timing information for : compilation phase
2024-04-24T01:19:29,405  INFO [main] metadata.Hive: Total time spent in each metastore function (ms): {getValidWriteIds_(List, String)=2, commitTxn_(CommitTxnRequest)=9, isCompatibleWith_(Configuration)=2, openTxn_(String, TxnType)=1, getDatabase_(String)=2, flushCache_()=0, getValidTxns_(long)=0}
2024-04-24T01:19:29,405  INFO [main] ql.Driver: Completed compiling command(queryId=alex_20240424011929_5359b7c4-77d6-4a6b-af67-a0ca807d9d8d); Time taken: 0.007 seconds
2024-04-24T01:19:29,406  INFO [main] lockmgr.DbTxnManager: Setting lock request transaction to txnid:9 for queryId=alex_20240424011929_5359b7c4-77d6-4a6b-af67-a0ca807d9d8d
2024-04-24T01:19:29,406  INFO [main] lockmgr.DbLockManager: Requesting lock for queryId=alex_20240424011929_5359b7c4-77d6-4a6b-af67-a0ca807d9d8d
2024-04-24T01:19:29,421  INFO [main] lockmgr.DbLockManager: Response to queryId=alex_20240424011929_5359b7c4-77d6-4a6b-af67-a0ca807d9d8d LockResponse(lockid:3, state:ACQUIRED)
2024-04-24T01:19:29,421  INFO [main] ql.Driver: Operation CREATETABLE obtained 1 locks
2024-04-24T01:19:29,421  INFO [main] ql.Driver: Executing command(queryId=alex_20240424011929_5359b7c4-77d6-4a6b-af67-a0ca807d9d8d): create table nonAcidOrcTbl(a int, b int) clustered by (a) into 2 buckets stored as orc TBLPROPERTIES ('transactional'='false')
2024-04-24T01:19:29,421  INFO [main] ql.Driver: Starting task [Stage-0:DDL] in serial mode
2024-04-24T01:19:29,422  INFO [main] HiveMetaStore.audit: ugi=alex	ip=unknown-ip-addr	cmd=create_table_req: Table(tableName:nonAcidOrcTbl, dbName:default, owner:alex, createTime:1713946769, lastAccessTime:0, retention:0, sd:StorageDescriptor(cols:[FieldSchema(name:a, type:int, comment:null), FieldSchema(name:b, type:int, comment:null)], location:null, inputFormat:org.apache.hadoop.hive.ql.io.orc.OrcInputFormat, outputFormat:org.apache.hadoop.hive.ql.io.orc.OrcOutputFormat, compressed:false, numBuckets:2, serdeInfo:SerDeInfo(name:null, serializationLib:org.apache.hadoop.hive.ql.io.orc.OrcSerde, parameters:{serialization.format=1}), bucketCols:[a], sortCols:[], parameters:{}, skewedInfo:SkewedInfo(skewedColNames:[], skewedColValues:[], skewedColValueLocationMaps:{}), storedAsSubDirectories:false), partitionKeys:[], parameters:{numFiles=0, totalSize=0, bucketing_version=2, rawDataSize=0, transactional=false, numRows=0, numFilesErasureCoded=0, COLUMN_STATS_ACCURATE={"BASIC_STATS":"true","COLUMN_STATS":{"a":"true","b":"true"}}}, viewOriginalText:null, viewExpandedText:null, tableType:MANAGED_TABLE, privileges:PrincipalPrivilegeSet(userPrivileges:{alex=[PrivilegeGrantInfo(privilege:INSERT, createTime:-1, grantor:alex, grantorType:USER, grantOption:true), PrivilegeGrantInfo(privilege:SELECT, createTime:-1, grantor:alex, grantorType:USER, grantOption:true), PrivilegeGrantInfo(privilege:UPDATE, createTime:-1, grantor:alex, grantorType:USER, grantOption:true), PrivilegeGrantInfo(privilege:DELETE, createTime:-1, grantor:alex, grantorType:USER, grantOption:true)]}, groupPrivileges:null, rolePrivileges:null), temporary:false, catName:hive, ownerType:USER)	
2024-04-24T01:19:29,427  INFO [main] utils.FileUtils: Creating directory if it doesn't exist: file:/home/alex/Repositories/hive/ql/target/tmp/org.apache.hadoop.hive.ql.TestTxnNoBuckets-1713946626176/warehouse/nonacidorctbl
2024-04-24T01:19:29,443  INFO [main] metadata.Hive: Dumping metastore api call timing information for : execution phase
2024-04-24T01:19:29,443  INFO [main] metadata.Hive: Total time spent in each metastore function (ms): {createTable_(Table)=20, isCompatibleWith_(Configuration)=0}
2024-04-24T01:19:29,443  INFO [main] ql.Driver: Completed executing command(queryId=alex_20240424011929_5359b7c4-77d6-4a6b-af67-a0ca807d9d8d); Time taken: 0.022 seconds
2024-04-24T01:19:29,443  INFO [main] lockmgr.DbTxnManager: Stopped heartbeat for query: alex_20240424011929_5359b7c4-77d6-4a6b-af67-a0ca807d9d8d
2024-04-24T01:19:29,447  INFO [main] txn.TxnHandler: Expected to move at least one record from txn_components to completed_txn_components when committing txn! txnid:9
2024-04-24T01:19:29,453  INFO [main] txn.TxnHandler: Removed transactions: ([9]) from MIN_HISTORY_LEVEL
2024-04-24T01:19:29,453  WARN [main] txn.CompactionTxnHandler: No compaction queue record found for Compaction type transaction commit. txnId:9
2024-04-24T01:19:29,454  INFO [main] ql.TxnCommandsBaseForTests: Running the query: create table nonAcidOrcTbl2(a int, b int) clustered by (a) into 2 buckets stored as orc TBLPROPERTIES ('transactional'='false')
2024-04-24T01:19:29,454  INFO [main] ql.Driver: Compiling command(queryId=alex_20240424011929_caf9b6ce-f637-47c1-8dd7-b2aa3e4f9d6c): create table nonAcidOrcTbl2(a int, b int) clustered by (a) into 2 buckets stored as orc TBLPROPERTIES ('transactional'='false')
2024-04-24T01:19:29,456  INFO [main] txn.TxnHandler: Added entries to MIN_HISTORY_LEVEL for current txns: ([10]) with min_open_txn: 1
2024-04-24T01:19:29,456  INFO [main] lockmgr.DbTxnManager: Opened txnid:10
2024-04-24T01:19:29,456  INFO [main] parse.CalcitePlanner: Starting caching scope for: 
2024-04-24T01:19:29,456  INFO [main] parse.CalcitePlanner: Starting Semantic Analysis
2024-04-24T01:19:29,459  INFO [main] parse.CalcitePlanner: Creating table default.nonAcidOrcTbl2 position=13
2024-04-24T01:19:29,459  INFO [main] HiveMetaStore.audit: ugi=alex	ip=unknown-ip-addr	cmd=get_database: default	
2024-04-24T01:19:29,461  INFO [main] parse.CalcitePlanner: Ending caching scope for: 
2024-04-24T01:19:29,461  INFO [main] ql.Driver: Semantic Analysis Completed (retrial = false)
2024-04-24T01:19:29,462  INFO [main] ql.Driver: Created Hive schema: Schema(fieldSchemas:null, properties:null)
2024-04-24T01:19:29,462  INFO [main] metadata.Hive: Dumping metastore api call timing information for : compilation phase
2024-04-24T01:19:29,462  INFO [main] metadata.Hive: Total time spent in each metastore function (ms): {getDatabase_(String)=2, openTxn_(String, TxnType)=2, getValidWriteIds_(List, String)=2, isCompatibleWith_(Configuration)=0, flushCache_()=0, getValidTxns_(long)=0, commitTxn_(CommitTxnRequest)=10}
2024-04-24T01:19:29,462  INFO [main] ql.Driver: Completed compiling command(queryId=alex_20240424011929_caf9b6ce-f637-47c1-8dd7-b2aa3e4f9d6c); Time taken: 0.008 seconds
2024-04-24T01:19:29,462  INFO [main] lockmgr.DbTxnManager: Setting lock request transaction to txnid:10 for queryId=alex_20240424011929_caf9b6ce-f637-47c1-8dd7-b2aa3e4f9d6c
2024-04-24T01:19:29,463  INFO [main] lockmgr.DbLockManager: Requesting lock for queryId=alex_20240424011929_caf9b6ce-f637-47c1-8dd7-b2aa3e4f9d6c
2024-04-24T01:19:29,476  INFO [main] lockmgr.DbLockManager: Response to queryId=alex_20240424011929_caf9b6ce-f637-47c1-8dd7-b2aa3e4f9d6c LockResponse(lockid:4, state:ACQUIRED)
2024-04-24T01:19:29,476  INFO [main] ql.Driver: Operation CREATETABLE obtained 1 locks
2024-04-24T01:19:29,476  INFO [main] ql.Driver: Executing command(queryId=alex_20240424011929_caf9b6ce-f637-47c1-8dd7-b2aa3e4f9d6c): create table nonAcidOrcTbl2(a int, b int) clustered by (a) into 2 buckets stored as orc TBLPROPERTIES ('transactional'='false')
2024-04-24T01:19:29,476  INFO [main] ql.Driver: Starting task [Stage-0:DDL] in serial mode
2024-04-24T01:19:29,477  INFO [main] HiveMetaStore.audit: ugi=alex	ip=unknown-ip-addr	cmd=create_table_req: Table(tableName:nonAcidOrcTbl2, dbName:default, owner:alex, createTime:1713946769, lastAccessTime:0, retention:0, sd:StorageDescriptor(cols:[FieldSchema(name:a, type:int, comment:null), FieldSchema(name:b, type:int, comment:null)], location:null, inputFormat:org.apache.hadoop.hive.ql.io.orc.OrcInputFormat, outputFormat:org.apache.hadoop.hive.ql.io.orc.OrcOutputFormat, compressed:false, numBuckets:2, serdeInfo:SerDeInfo(name:null, serializationLib:org.apache.hadoop.hive.ql.io.orc.OrcSerde, parameters:{serialization.format=1}), bucketCols:[a], sortCols:[], parameters:{}, skewedInfo:SkewedInfo(skewedColNames:[], skewedColValues:[], skewedColValueLocationMaps:{}), storedAsSubDirectories:false), partitionKeys:[], parameters:{numFiles=0, COLUMN_STATS_ACCURATE={"BASIC_STATS":"true","COLUMN_STATS":{"a":"true","b":"true"}}, rawDataSize=0, numFilesErasureCoded=0, totalSize=0, transactional=false, numRows=0, bucketing_version=2}, viewOriginalText:null, viewExpandedText:null, tableType:MANAGED_TABLE, privileges:PrincipalPrivilegeSet(userPrivileges:{alex=[PrivilegeGrantInfo(privilege:INSERT, createTime:-1, grantor:alex, grantorType:USER, grantOption:true), PrivilegeGrantInfo(privilege:SELECT, createTime:-1, grantor:alex, grantorType:USER, grantOption:true), PrivilegeGrantInfo(privilege:UPDATE, createTime:-1, grantor:alex, grantorType:USER, grantOption:true), PrivilegeGrantInfo(privilege:DELETE, createTime:-1, grantor:alex, grantorType:USER, grantOption:true)]}, groupPrivileges:null, rolePrivileges:null), temporary:false, catName:hive, ownerType:USER)	
2024-04-24T01:19:29,483  INFO [main] utils.FileUtils: Creating directory if it doesn't exist: file:/home/alex/Repositories/hive/ql/target/tmp/org.apache.hadoop.hive.ql.TestTxnNoBuckets-1713946626176/warehouse/nonacidorctbl2
2024-04-24T01:19:29,497  INFO [main] metadata.Hive: Dumping metastore api call timing information for : execution phase
2024-04-24T01:19:29,497  INFO [main] metadata.Hive: Total time spent in each metastore function (ms): {createTable_(Table)=20, isCompatibleWith_(Configuration)=0}
2024-04-24T01:19:29,497  INFO [main] ql.Driver: Completed executing command(queryId=alex_20240424011929_caf9b6ce-f637-47c1-8dd7-b2aa3e4f9d6c); Time taken: 0.021 seconds
2024-04-24T01:19:29,497  INFO [main] lockmgr.DbTxnManager: Stopped heartbeat for query: alex_20240424011929_caf9b6ce-f637-47c1-8dd7-b2aa3e4f9d6c
2024-04-24T01:19:29,501  INFO [main] txn.TxnHandler: Expected to move at least one record from txn_components to completed_txn_components when committing txn! txnid:10
2024-04-24T01:19:29,506  INFO [main] txn.TxnHandler: Removed transactions: ([10]) from MIN_HISTORY_LEVEL
2024-04-24T01:19:29,506  WARN [main] txn.CompactionTxnHandler: No compaction queue record found for Compaction type transaction commit. txnId:10
2024-04-24T01:19:29,507  INFO [main] ql.TxnCommandsBaseForTests: Running the query: create temporary  table acidTbl2(a int, b int, c int) clustered by (c) into 2 buckets stored as orc TBLPROPERTIES ('transactional'='true')
2024-04-24T01:19:29,507  INFO [main] ql.Driver: Compiling command(queryId=alex_20240424011929_9fe8f690-7637-4cc2-a0e7-e4fbfbbc4757): create temporary  table acidTbl2(a int, b int, c int) clustered by (c) into 2 buckets stored as orc TBLPROPERTIES ('transactional'='true')
2024-04-24T01:19:29,509  INFO [main] txn.TxnHandler: Added entries to MIN_HISTORY_LEVEL for current txns: ([11]) with min_open_txn: 1
2024-04-24T01:19:29,510  INFO [main] lockmgr.DbTxnManager: Opened txnid:11
2024-04-24T01:19:29,510  INFO [main] parse.CalcitePlanner: Starting caching scope for: 
2024-04-24T01:19:29,510  INFO [main] parse.CalcitePlanner: Starting Semantic Analysis
2024-04-24T01:19:29,513  INFO [main] parse.CalcitePlanner: Creating table default.acidTbl2 position=24
2024-04-24T01:19:29,513  INFO [main] HiveMetaStore.audit: ugi=alex	ip=unknown-ip-addr	cmd=get_database: default	
2024-04-24T01:19:29,515  INFO [main] parse.CalcitePlanner: Ending caching scope for: 
2024-04-24T01:19:29,515  INFO [main] ql.Driver: Semantic Analysis Completed (retrial = false)
2024-04-24T01:19:29,515  INFO [main] ql.Driver: Created Hive schema: Schema(fieldSchemas:null, properties:null)
2024-04-24T01:19:29,515  INFO [main] metadata.Hive: Dumping metastore api call timing information for : compilation phase
2024-04-24T01:19:29,515  INFO [main] metadata.Hive: Total time spent in each metastore function (ms): {commitTxn_(CommitTxnRequest)=9, flushCache_()=1, openTxn_(String, TxnType)=2, getValidTxns_(long)=0, isCompatibleWith_(Configuration)=1, getDatabase_(String)=2, getValidWriteIds_(List, String)=3}
2024-04-24T01:19:29,515  INFO [main] ql.Driver: Completed compiling command(queryId=alex_20240424011929_9fe8f690-7637-4cc2-a0e7-e4fbfbbc4757); Time taken: 0.008 seconds
2024-04-24T01:19:29,515  INFO [main] lockmgr.DbTxnManager: Setting lock request transaction to txnid:11 for queryId=alex_20240424011929_9fe8f690-7637-4cc2-a0e7-e4fbfbbc4757
2024-04-24T01:19:29,516  INFO [main] lockmgr.DbLockManager: Requesting lock for queryId=alex_20240424011929_9fe8f690-7637-4cc2-a0e7-e4fbfbbc4757
2024-04-24T01:19:29,529  INFO [main] lockmgr.DbLockManager: Response to queryId=alex_20240424011929_9fe8f690-7637-4cc2-a0e7-e4fbfbbc4757 LockResponse(lockid:5, state:ACQUIRED)
2024-04-24T01:19:29,529  INFO [main] ql.Driver: Operation CREATETABLE obtained 1 locks
2024-04-24T01:19:29,529  INFO [main] ql.Driver: Executing command(queryId=alex_20240424011929_9fe8f690-7637-4cc2-a0e7-e4fbfbbc4757): create temporary  table acidTbl2(a int, b int, c int) clustered by (c) into 2 buckets stored as orc TBLPROPERTIES ('transactional'='true')
2024-04-24T01:19:29,529  INFO [main] ql.Driver: Starting task [Stage-0:DDL] in serial mode
2024-04-24T01:19:29,531  INFO [main] utils.FileUtils: Creating directory if it doesn't exist: file:/home/alex/Repositories/hive/ql/target/tmp/scratchdir/alex/bdc7588d-5ad3-4d18-a389-f8043e3102cc/_tmp_space.db/629a2912-3a96-4149-88b0-25237a3336e5
2024-04-24T01:19:29,534  INFO [main] metadata.Hive: Dumping metastore api call timing information for : execution phase
2024-04-24T01:19:29,534  INFO [main] metadata.Hive: Total time spent in each metastore function (ms): {createTable_(Table)=3, isCompatibleWith_(Configuration)=0}
2024-04-24T01:19:29,534  INFO [main] ql.Driver: Completed executing command(queryId=alex_20240424011929_9fe8f690-7637-4cc2-a0e7-e4fbfbbc4757); Time taken: 0.005 seconds
2024-04-24T01:19:29,535  INFO [main] lockmgr.DbTxnManager: Stopped heartbeat for query: alex_20240424011929_9fe8f690-7637-4cc2-a0e7-e4fbfbbc4757
2024-04-24T01:19:29,538  INFO [main] txn.TxnHandler: Expected to move at least one record from txn_components to completed_txn_components when committing txn! txnid:11
2024-04-24T01:19:29,543  INFO [main] txn.TxnHandler: Removed transactions: ([11]) from MIN_HISTORY_LEVEL
2024-04-24T01:19:29,543  WARN [main] txn.CompactionTxnHandler: No compaction queue record found for Compaction type transaction commit. txnId:11
2024-04-24T01:19:29,544  INFO [main] ql.TxnCommandsBaseForTests: Running the query: create table nonAcidNonBucket(a int, b int) stored as orc TBLPROPERTIES ('transactional'='false')
2024-04-24T01:19:29,544  INFO [main] ql.Driver: Compiling command(queryId=alex_20240424011929_7562e6b9-790e-4bca-bb93-b5b9f45c6f8c): create table nonAcidNonBucket(a int, b int) stored as orc TBLPROPERTIES ('transactional'='false')
2024-04-24T01:19:29,547  INFO [main] txn.TxnHandler: Added entries to MIN_HISTORY_LEVEL for current txns: ([12]) with min_open_txn: 1
2024-04-24T01:19:29,547  INFO [main] lockmgr.DbTxnManager: Opened txnid:12
2024-04-24T01:19:29,547  INFO [main] parse.CalcitePlanner: Starting caching scope for: 
2024-04-24T01:19:29,548  INFO [main] parse.CalcitePlanner: Starting Semantic Analysis
2024-04-24T01:19:29,551  INFO [main] parse.CalcitePlanner: Creating table default.nonAcidNonBucket position=13
2024-04-24T01:19:29,551  INFO [main] HiveMetaStore.audit: ugi=alex	ip=unknown-ip-addr	cmd=get_database: default	
2024-04-24T01:19:29,553  INFO [main] parse.CalcitePlanner: Ending caching scope for: 
2024-04-24T01:19:29,553  INFO [main] ql.Driver: Semantic Analysis Completed (retrial = false)
2024-04-24T01:19:29,553  INFO [main] ql.Driver: Created Hive schema: Schema(fieldSchemas:null, properties:null)
2024-04-24T01:19:29,553  INFO [main] metadata.Hive: Dumping metastore api call timing information for : compilation phase
2024-04-24T01:19:29,553  INFO [main] metadata.Hive: Total time spent in each metastore function (ms): {commitTxn_(CommitTxnRequest)=9, flushCache_()=0, getValidWriteIds_(List, String)=3, getDatabase_(String)=2, openTxn_(String, TxnType)=2, isCompatibleWith_(Configuration)=0, getValidTxns_(long)=0}
2024-04-24T01:19:29,553  INFO [main] ql.Driver: Completed compiling command(queryId=alex_20240424011929_7562e6b9-790e-4bca-bb93-b5b9f45c6f8c); Time taken: 0.009 seconds
2024-04-24T01:19:29,553  INFO [main] lockmgr.DbTxnManager: Setting lock request transaction to txnid:12 for queryId=alex_20240424011929_7562e6b9-790e-4bca-bb93-b5b9f45c6f8c
2024-04-24T01:19:29,554  INFO [main] lockmgr.DbLockManager: Requesting lock for queryId=alex_20240424011929_7562e6b9-790e-4bca-bb93-b5b9f45c6f8c
2024-04-24T01:19:29,569  INFO [main] lockmgr.DbLockManager: Response to queryId=alex_20240424011929_7562e6b9-790e-4bca-bb93-b5b9f45c6f8c LockResponse(lockid:6, state:ACQUIRED)
2024-04-24T01:19:29,569  INFO [main] ql.Driver: Operation CREATETABLE obtained 1 locks
2024-04-24T01:19:29,569  INFO [main] ql.Driver: Executing command(queryId=alex_20240424011929_7562e6b9-790e-4bca-bb93-b5b9f45c6f8c): create table nonAcidNonBucket(a int, b int) stored as orc TBLPROPERTIES ('transactional'='false')
2024-04-24T01:19:29,569  INFO [main] ql.Driver: Starting task [Stage-0:DDL] in serial mode
2024-04-24T01:19:29,570  INFO [main] HiveMetaStore.audit: ugi=alex	ip=unknown-ip-addr	cmd=create_table_req: Table(tableName:nonAcidNonBucket, dbName:default, owner:alex, createTime:1713946769, lastAccessTime:0, retention:0, sd:StorageDescriptor(cols:[FieldSchema(name:a, type:int, comment:null), FieldSchema(name:b, type:int, comment:null)], location:null, inputFormat:org.apache.hadoop.hive.ql.io.orc.OrcInputFormat, outputFormat:org.apache.hadoop.hive.ql.io.orc.OrcOutputFormat, compressed:false, numBuckets:-1, serdeInfo:SerDeInfo(name:null, serializationLib:org.apache.hadoop.hive.ql.io.orc.OrcSerde, parameters:{serialization.format=1}), bucketCols:[], sortCols:[], parameters:{}, skewedInfo:SkewedInfo(skewedColNames:[], skewedColValues:[], skewedColValueLocationMaps:{}), storedAsSubDirectories:false), partitionKeys:[], parameters:{numFiles=0, totalSize=0, transactional=false, COLUMN_STATS_ACCURATE={"BASIC_STATS":"true","COLUMN_STATS":{"a":"true","b":"true"}}, numRows=0, rawDataSize=0, bucketing_version=2, numFilesErasureCoded=0}, viewOriginalText:null, viewExpandedText:null, tableType:MANAGED_TABLE, privileges:PrincipalPrivilegeSet(userPrivileges:{alex=[PrivilegeGrantInfo(privilege:INSERT, createTime:-1, grantor:alex, grantorType:USER, grantOption:true), PrivilegeGrantInfo(privilege:SELECT, createTime:-1, grantor:alex, grantorType:USER, grantOption:true), PrivilegeGrantInfo(privilege:UPDATE, createTime:-1, grantor:alex, grantorType:USER, grantOption:true), PrivilegeGrantInfo(privilege:DELETE, createTime:-1, grantor:alex, grantorType:USER, grantOption:true)]}, groupPrivileges:null, rolePrivileges:null), temporary:false, catName:hive, ownerType:USER)	
2024-04-24T01:19:29,576  INFO [main] utils.FileUtils: Creating directory if it doesn't exist: file:/home/alex/Repositories/hive/ql/target/tmp/org.apache.hadoop.hive.ql.TestTxnNoBuckets-1713946626176/warehouse/nonacidnonbucket
2024-04-24T01:19:29,596  INFO [main] metadata.Hive: Dumping metastore api call timing information for : execution phase
2024-04-24T01:19:29,596  INFO [main] metadata.Hive: Total time spent in each metastore function (ms): {isCompatibleWith_(Configuration)=0, createTable_(Table)=26}
2024-04-24T01:19:29,597  INFO [main] ql.Driver: Completed executing command(queryId=alex_20240424011929_7562e6b9-790e-4bca-bb93-b5b9f45c6f8c); Time taken: 0.027 seconds
2024-04-24T01:19:29,597  INFO [main] lockmgr.DbTxnManager: Stopped heartbeat for query: alex_20240424011929_7562e6b9-790e-4bca-bb93-b5b9f45c6f8c
2024-04-24T01:19:29,602  INFO [main] txn.TxnHandler: Expected to move at least one record from txn_components to completed_txn_components when committing txn! txnid:12
2024-04-24T01:19:29,609  INFO [main] txn.TxnHandler: Removed transactions: ([12]) from MIN_HISTORY_LEVEL
2024-04-24T01:19:29,609  WARN [main] txn.CompactionTxnHandler: No compaction queue record found for Compaction type transaction commit. txnId:12
2024-04-24T01:19:29,610  INFO [main] ql.TxnCommandsBaseForTests: Running the query: drop table if exists tmp
2024-04-24T01:19:29,610  INFO [main] ql.Driver: Compiling command(queryId=alex_20240424011929_d0de70e9-c66b-448a-bd34-690fa9269158): drop table if exists tmp
2024-04-24T01:19:29,612  INFO [main] txn.TxnHandler: Added entries to MIN_HISTORY_LEVEL for current txns: ([13]) with min_open_txn: 1
2024-04-24T01:19:29,612  INFO [main] lockmgr.DbTxnManager: Opened txnid:13
2024-04-24T01:19:29,613  INFO [main] HiveMetaStore.audit: ugi=alex	ip=unknown-ip-addr	cmd=get_table : tbl=hive.default.tmp	
2024-04-24T01:19:29,649  INFO [main] metastore.HMSHandler: Skipping translation for processor with null
2024-04-24T01:19:29,649  INFO [main] ql.Driver: Semantic Analysis Completed (retrial = false)
2024-04-24T01:19:29,649  INFO [main] ql.Driver: Created Hive schema: Schema(fieldSchemas:null, properties:null)
2024-04-24T01:19:29,649  INFO [main] metadata.Hive: Dumping metastore api call timing information for : compilation phase
2024-04-24T01:19:29,649  INFO [main] metadata.Hive: Total time spent in each metastore function (ms): {getValidTxns_(long)=0, isCompatibleWith_(Configuration)=0, commitTxn_(CommitTxnRequest)=13, getTable_(GetTableRequest)=36, flushCache_()=0, openTxn_(String, TxnType)=2}
2024-04-24T01:19:29,649  INFO [main] ql.Driver: Completed compiling command(queryId=alex_20240424011929_d0de70e9-c66b-448a-bd34-690fa9269158); Time taken: 0.039 seconds
2024-04-24T01:19:29,650  INFO [main] lockmgr.DbTxnManager: Setting lock request transaction to txnid:13 for queryId=alex_20240424011929_d0de70e9-c66b-448a-bd34-690fa9269158
2024-04-24T01:19:29,650  INFO [main] lockmgr.DbLockManager: Requesting lock for queryId=alex_20240424011929_d0de70e9-c66b-448a-bd34-690fa9269158
2024-04-24T01:19:29,670  INFO [main] lockmgr.DbLockManager: Response to queryId=alex_20240424011929_d0de70e9-c66b-448a-bd34-690fa9269158 LockResponse(lockid:7, state:ACQUIRED)
2024-04-24T01:19:29,670  INFO [main] ql.Driver: Operation DROPTABLE obtained 1 locks
2024-04-24T01:19:29,670  INFO [main] ql.Driver: Executing command(queryId=alex_20240424011929_d0de70e9-c66b-448a-bd34-690fa9269158): drop table if exists tmp
2024-04-24T01:19:29,670  INFO [main] ql.Driver: Starting task [Stage-0:DDL] in serial mode
2024-04-24T01:19:29,671  INFO [main] HiveMetaStore.audit: ugi=alex	ip=unknown-ip-addr	cmd=get_table : tbl=hive.default.tmp	
2024-04-24T01:19:29,681  INFO [main] metastore.HMSHandler: Skipping translation for processor with null
2024-04-24T01:19:29,681  INFO [main] HiveMetaStore.audit: ugi=alex	ip=unknown-ip-addr	cmd=get_table : tbl=hive.default.tmp	
2024-04-24T01:19:29,695  INFO [main] metastore.HMSHandler: Skipping translation for processor with null
2024-04-24T01:19:29,696  INFO [main] HiveMetaStore.audit: ugi=alex	ip=unknown-ip-addr	cmd=drop_table : tbl=hive.default.tmp	
2024-04-24T01:19:29,904  WARN [main] utils.FileUtils: File file:/home/alex/Repositories/hive/ql/target/tmp/org.apache.hadoop.hive.ql.TestTxnNoBuckets-1713946626176/warehouse/tmp does not exist; Force to delete it.
2024-04-24T01:19:29,904 ERROR [main] utils.FileUtils: Failed to delete file:/home/alex/Repositories/hive/ql/target/tmp/org.apache.hadoop.hive.ql.TestTxnNoBuckets-1713946626176/warehouse/tmp
2024-04-24T01:19:29,904  INFO [main] metadata.Hive: Dumping metastore api call timing information for : execution phase
2024-04-24T01:19:29,904  INFO [main] metadata.Hive: Total time spent in each metastore function (ms): {dropTable_(String, String, boolean, boolean, boolean)=223, getTable_(GetTableRequest)=10, isCompatibleWith_(Configuration)=1}
2024-04-24T01:19:29,905  INFO [main] ql.Driver: Completed executing command(queryId=alex_20240424011929_d0de70e9-c66b-448a-bd34-690fa9269158); Time taken: 0.234 seconds
2024-04-24T01:19:29,905  INFO [main] lockmgr.DbTxnManager: Stopped heartbeat for query: alex_20240424011929_d0de70e9-c66b-448a-bd34-690fa9269158
2024-04-24T01:19:29,908  INFO [main] txn.TxnHandler: Expected to move at least one record from txn_components to completed_txn_components when committing txn! txnid:13
2024-04-24T01:19:29,914  INFO [main] txn.TxnHandler: Removed transactions: ([13]) from MIN_HISTORY_LEVEL
2024-04-24T01:19:29,914  WARN [main] txn.CompactionTxnHandler: No compaction queue record found for Compaction type transaction commit. txnId:13
2024-04-24T01:19:29,915  INFO [main] ql.TxnCommandsBaseForTests: Running the query: create table tmp (c1 integer, c2 integer, c3 integer) stored as orc tblproperties('transactional'='false')
2024-04-24T01:19:29,915  INFO [main] ql.Driver: Compiling command(queryId=alex_20240424011929_d9cb7ba6-601e-4bd4-b78b-cea4b501fb2d): create table tmp (c1 integer, c2 integer, c3 integer) stored as orc tblproperties('transactional'='false')
2024-04-24T01:19:29,917  INFO [main] txn.TxnHandler: Added entries to MIN_HISTORY_LEVEL for current txns: ([14]) with min_open_txn: 1
2024-04-24T01:19:29,917  INFO [main] lockmgr.DbTxnManager: Opened txnid:14
2024-04-24T01:19:29,918  INFO [main] parse.CalcitePlanner: Starting caching scope for: 
2024-04-24T01:19:29,918  INFO [main] parse.CalcitePlanner: Starting Semantic Analysis
2024-04-24T01:19:29,923  INFO [main] parse.CalcitePlanner: Creating table default.tmp position=13
2024-04-24T01:19:29,923  INFO [main] HiveMetaStore.audit: ugi=alex	ip=unknown-ip-addr	cmd=get_database: default	
2024-04-24T01:19:29,925  INFO [main] parse.CalcitePlanner: Ending caching scope for: 
2024-04-24T01:19:29,925  INFO [main] ql.Driver: Semantic Analysis Completed (retrial = false)
2024-04-24T01:19:29,925  INFO [main] ql.Driver: Created Hive schema: Schema(fieldSchemas:null, properties:null)
2024-04-24T01:19:29,925  INFO [main] metadata.Hive: Dumping metastore api call timing information for : compilation phase
2024-04-24T01:19:29,925  INFO [main] metadata.Hive: Total time spent in each metastore function (ms): {getValidWriteIds_(List, String)=5, getDatabase_(String)=2, getValidTxns_(long)=1, openTxn_(String, TxnType)=2, commitTxn_(CommitTxnRequest)=9, isCompatibleWith_(Configuration)=0, flushCache_()=0}
2024-04-24T01:19:29,925  INFO [main] ql.Driver: Completed compiling command(queryId=alex_20240424011929_d9cb7ba6-601e-4bd4-b78b-cea4b501fb2d); Time taken: 0.01 seconds
2024-04-24T01:19:29,925  INFO [main] lockmgr.DbTxnManager: Setting lock request transaction to txnid:14 for queryId=alex_20240424011929_d9cb7ba6-601e-4bd4-b78b-cea4b501fb2d
2024-04-24T01:19:29,926  INFO [main] lockmgr.DbLockManager: Requesting lock for queryId=alex_20240424011929_d9cb7ba6-601e-4bd4-b78b-cea4b501fb2d
2024-04-24T01:19:29,940  INFO [main] lockmgr.DbLockManager: Response to queryId=alex_20240424011929_d9cb7ba6-601e-4bd4-b78b-cea4b501fb2d LockResponse(lockid:8, state:ACQUIRED)
2024-04-24T01:19:29,940  INFO [main] ql.Driver: Operation CREATETABLE obtained 1 locks
2024-04-24T01:19:29,940  INFO [main] ql.Driver: Executing command(queryId=alex_20240424011929_d9cb7ba6-601e-4bd4-b78b-cea4b501fb2d): create table tmp (c1 integer, c2 integer, c3 integer) stored as orc tblproperties('transactional'='false')
2024-04-24T01:19:29,940  INFO [main] ql.Driver: Starting task [Stage-0:DDL] in serial mode
2024-04-24T01:19:29,941  INFO [main] HiveMetaStore.audit: ugi=alex	ip=unknown-ip-addr	cmd=create_table_req: Table(tableName:tmp, dbName:default, owner:alex, createTime:1713946769, lastAccessTime:0, retention:0, sd:StorageDescriptor(cols:[FieldSchema(name:c1, type:int, comment:null), FieldSchema(name:c2, type:int, comment:null), FieldSchema(name:c3, type:int, comment:null)], location:null, inputFormat:org.apache.hadoop.hive.ql.io.orc.OrcInputFormat, outputFormat:org.apache.hadoop.hive.ql.io.orc.OrcOutputFormat, compressed:false, numBuckets:-1, serdeInfo:SerDeInfo(name:null, serializationLib:org.apache.hadoop.hive.ql.io.orc.OrcSerde, parameters:{serialization.format=1}), bucketCols:[], sortCols:[], parameters:{}, skewedInfo:SkewedInfo(skewedColNames:[], skewedColValues:[], skewedColValueLocationMaps:{}), storedAsSubDirectories:false), partitionKeys:[], parameters:{numFiles=0, numFilesErasureCoded=0, COLUMN_STATS_ACCURATE={"BASIC_STATS":"true","COLUMN_STATS":{"c1":"true","c2":"true","c3":"true"}}, transactional=false, rawDataSize=0, numRows=0, bucketing_version=2, totalSize=0}, viewOriginalText:null, viewExpandedText:null, tableType:MANAGED_TABLE, privileges:PrincipalPrivilegeSet(userPrivileges:{alex=[PrivilegeGrantInfo(privilege:INSERT, createTime:-1, grantor:alex, grantorType:USER, grantOption:true), PrivilegeGrantInfo(privilege:SELECT, createTime:-1, grantor:alex, grantorType:USER, grantOption:true), PrivilegeGrantInfo(privilege:UPDATE, createTime:-1, grantor:alex, grantorType:USER, grantOption:true), PrivilegeGrantInfo(privilege:DELETE, createTime:-1, grantor:alex, grantorType:USER, grantOption:true)]}, groupPrivileges:null, rolePrivileges:null), temporary:false, catName:hive, ownerType:USER)	
2024-04-24T01:19:29,946  INFO [main] utils.FileUtils: Creating directory if it doesn't exist: file:/home/alex/Repositories/hive/ql/target/tmp/org.apache.hadoop.hive.ql.TestTxnNoBuckets-1713946626176/warehouse/tmp
2024-04-24T01:19:29,980  INFO [main] metadata.Hive: Dumping metastore api call timing information for : execution phase
2024-04-24T01:19:29,980  INFO [main] metadata.Hive: Total time spent in each metastore function (ms): {createTable_(Table)=39, isCompatibleWith_(Configuration)=0}
2024-04-24T01:19:29,980  INFO [main] ql.Driver: Completed executing command(queryId=alex_20240424011929_d9cb7ba6-601e-4bd4-b78b-cea4b501fb2d); Time taken: 0.04 seconds
2024-04-24T01:19:29,980  INFO [main] lockmgr.DbTxnManager: Stopped heartbeat for query: alex_20240424011929_d9cb7ba6-601e-4bd4-b78b-cea4b501fb2d
2024-04-24T01:19:29,984  INFO [main] txn.TxnHandler: Expected to move at least one record from txn_components to completed_txn_components when committing txn! txnid:14
2024-04-24T01:19:29,990  INFO [main] txn.TxnHandler: Removed transactions: ([14]) from MIN_HISTORY_LEVEL
2024-04-24T01:19:29,992  WARN [main] txn.CompactionTxnHandler: No compaction queue record found for Compaction type transaction commit. txnId:14
2024-04-24T01:19:29,992  INFO [main] ql.TxnCommandsBaseForTests: Running the query: insert into tmp  values(0,0,0),(3,3,3)
2024-04-24T01:19:29,992  INFO [main] ql.Driver: Compiling command(queryId=alex_20240424011929_83892de4-b9e8-4efa-aa5a-aaa7286ce967): insert into tmp  values(0,0,0),(3,3,3)
2024-04-24T01:19:29,996  INFO [main] txn.TxnHandler: Added entries to MIN_HISTORY_LEVEL for current txns: ([15]) with min_open_txn: 1
2024-04-24T01:19:29,996  INFO [main] lockmgr.DbTxnManager: Opened txnid:15
2024-04-24T01:19:29,997  INFO [main] parse.CalcitePlanner: Starting caching scope for: 
2024-04-24T01:19:29,997  INFO [main] parse.CalcitePlanner: Starting Semantic Analysis
2024-04-24T01:19:29,999  INFO [main] HiveMetaStore.audit: ugi=alex	ip=unknown-ip-addr	cmd=get_table : tbl=hive.default.tmp	
2024-04-24T01:19:30,039  INFO [main] metastore.HMSHandler: Skipping translation for processor with null
2024-04-24T01:19:30,039  INFO [main] parse.CalcitePlanner: Completed phase 1 of Semantic Analysis
2024-04-24T01:19:30,039  INFO [main] parse.CalcitePlanner: Get metadata for source tables
2024-04-24T01:19:30,040  INFO [main] parse.CalcitePlanner: Get metadata for subqueries
2024-04-24T01:19:30,040  INFO [main] parse.CalcitePlanner: Get metadata for destination tables
2024-04-24T01:19:30,040  INFO [main] HiveMetaStore.audit: ugi=alex	ip=unknown-ip-addr	cmd=get_table : tbl=hive.default.tmp	
2024-04-24T01:19:30,050  INFO [main] metastore.HMSHandler: Skipping translation for processor with null
2024-04-24T01:19:30,050  INFO [main] parse.CalcitePlanner: Completed getting MetaData in Semantic Analysis
2024-04-24T01:19:30,050  INFO [main] parse.CalcitePlanner: Disabling LLAP IO encode as ETL query is detected
2024-04-24T01:19:30,073  INFO [main] HiveMetaStore.audit: ugi=alex	ip=unknown-ip-addr	cmd=get_all_table_constraints : tbl=hive._dummy_database._dummy_table	
2024-04-24T01:19:30,145  INFO [main] parse.CalcitePlanner: Get metadata for source tables
2024-04-24T01:19:30,146  INFO [main] parse.CalcitePlanner: Get metadata for subqueries
2024-04-24T01:19:30,146  INFO [main] parse.CalcitePlanner: Get metadata for source tables
2024-04-24T01:19:30,146  INFO [main] HiveMetaStore.audit: ugi=alex	ip=unknown-ip-addr	cmd=get_table : tbl=hive._dummy_database._dummy_table	
2024-04-24T01:19:30,148  INFO [main] parse.CalcitePlanner: Get metadata for subqueries
2024-04-24T01:19:30,148  INFO [main] parse.CalcitePlanner: Get metadata for destination tables
2024-04-24T01:19:30,148  INFO [main] parse.CalcitePlanner: Get metadata for destination tables
2024-04-24T01:19:30,148  INFO [main] HiveMetaStore.audit: ugi=alex	ip=unknown-ip-addr	cmd=get_table : tbl=hive.default.tmp	
2024-04-24T01:19:30,157  INFO [main] metastore.HMSHandler: Skipping translation for processor with null
2024-04-24T01:19:30,159  INFO [main] common.FileUtils: Creating directory if it doesn't exist: file:/home/alex/Repositories/hive/ql/target/tmp/org.apache.hadoop.hive.ql.TestTxnNoBuckets-1713946626176/warehouse/tmp/.hive-staging_hive_2024-04-24_01-19-29_992_5365334665072785590-1
2024-04-24T01:19:30,161  INFO [main] HiveMetaStore.audit: ugi=alex	ip=unknown-ip-addr	cmd=get_not_null_constraints : tbl=hive.default.tmp	
2024-04-24T01:19:30,162  INFO [main] HiveMetaStore.audit: ugi=alex	ip=unknown-ip-addr	cmd=get_check_constraints : tbl=hive.default.tmp	
2024-04-24T01:19:30,164  INFO [main] parse.CalcitePlanner: CBO Succeeded; optimized logical plan.
2024-04-24T01:19:30,166  INFO [main] optimizer.BucketVersionPopulator: not considering bucketingVersion for: TS[0] because it has -1<2 buckets 
2024-04-24T01:19:30,166  INFO [main] optimizer.SortedDynPartitionOptimizer: Sorted dynamic partitioning optimization kicked in..
2024-04-24T01:19:30,176  INFO [main] HiveMetaStore.audit: ugi=alex	ip=unknown-ip-addr	cmd=get_table : tbl=hive.default.tmp	
2024-04-24T01:19:30,185  INFO [main] metastore.HMSHandler: Skipping translation for processor with null
2024-04-24T01:19:30,186  INFO [main] optimizer.GenMRFileSink1: using CombineHiveInputformat for the merge job
2024-04-24T01:19:30,186  INFO [main] HiveMetaStore.audit: ugi=alex	ip=unknown-ip-addr	cmd=get_table : tbl=hive.default.tmp	
2024-04-24T01:19:30,198  INFO [main] metastore.HMSHandler: Skipping translation for processor with null
2024-04-24T01:19:30,200  INFO [main] parse.CalcitePlanner: Completed plan generation
2024-04-24T01:19:30,200  INFO [main] parse.CalcitePlanner: Ending caching scope for: 
2024-04-24T01:19:30,200  INFO [main] ql.Driver: Semantic Analysis Completed (retrial = false)
2024-04-24T01:19:30,200  INFO [main] ql.Driver: Created Hive schema: Schema(fieldSchemas:[FieldSchema(name:col1, type:int, comment:null), FieldSchema(name:col2, type:int, comment:null), FieldSchema(name:col3, type:int, comment:null)], properties:null)
2024-04-24T01:19:30,200  INFO [main] metadata.Hive: Dumping metastore api call timing information for : compilation phase
2024-04-24T01:19:30,200  INFO [main] metadata.Hive: Total time spent in each metastore function (ms): {openTxn_(String, TxnType)=3, getTable_(GetTableRequest)=80, isCompatibleWith_(Configuration)=0, commitTxn_(CommitTxnRequest)=12, getValidTxns_(long)=1, getValidWriteIds_(List, String)=2, flushCache_()=0, getNotNullConstraints_(NotNullConstraintsRequest)=1, getCheckConstraints_(CheckConstraintsRequest)=1, getAllTableConstraints_(AllTableConstraintsRequest)=27}
2024-04-24T01:19:30,200  INFO [main] ql.Driver: Completed compiling command(queryId=alex_20240424011929_83892de4-b9e8-4efa-aa5a-aaa7286ce967); Time taken: 0.208 seconds
2024-04-24T01:19:30,201  INFO [main] lockmgr.DbTxnManager: Setting lock request transaction to txnid:15 for queryId=alex_20240424011929_83892de4-b9e8-4efa-aa5a-aaa7286ce967
2024-04-24T01:19:30,201  INFO [main] lockmgr.DbLockManager: Requesting lock for queryId=alex_20240424011929_83892de4-b9e8-4efa-aa5a-aaa7286ce967
2024-04-24T01:19:30,226  INFO [main] lockmgr.DbLockManager: Response to queryId=alex_20240424011929_83892de4-b9e8-4efa-aa5a-aaa7286ce967 LockResponse(lockid:9, state:ACQUIRED)
2024-04-24T01:19:30,226  INFO [main] ql.Driver: Operation QUERY obtained 1 locks
2024-04-24T01:19:30,226  INFO [main] ql.Driver: Executing command(queryId=alex_20240424011929_83892de4-b9e8-4efa-aa5a-aaa7286ce967): insert into tmp  values(0,0,0),(3,3,3)
2024-04-24T01:19:30,227  WARN [main] ql.Driver: Hive-on-MR is deprecated in Hive 2 and may not be available in the future versions. Consider using a different execution engine (i.e. spark, tez) or using Hive 1.X releases.
Query ID = alex_20240424011929_83892de4-b9e8-4efa-aa5a-aaa7286ce967
2024-04-24T01:19:30,227  INFO [main] ql.Driver: Query ID = alex_20240424011929_83892de4-b9e8-4efa-aa5a-aaa7286ce967
Total jobs = 1
2024-04-24T01:19:30,227  INFO [main] ql.Driver: Total jobs = 1
Launching Job 1 out of 1
2024-04-24T01:19:30,227  INFO [main] ql.Driver: Launching Job 1 out of 1
2024-04-24T01:19:30,386  INFO [main] ql.Driver: Starting task [Stage-1:MAPRED] in serial mode
Number of reduce tasks is set to 0 since there's no reduce operator
2024-04-24T01:19:30,386  INFO [main] exec.Task: Number of reduce tasks is set to 0 since there's no reduce operator
2024-04-24T01:19:30,389  INFO [main] mr.ExecDriver: Using org.apache.hadoop.hive.ql.io.HiveInputFormat
2024-04-24T01:19:30,389  INFO [main] exec.Utilities: Processing alias $hdt$_0:_dummy_table
2024-04-24T01:19:30,389  INFO [main] exec.Utilities: Adding 1 inputs; the first input is file:/home/alex/Repositories/hive/ql/target/tmp/localscratchdir/bdc7588d-5ad3-4d18-a389-f8043e3102cc/hive_2024-04-24_01-19-29_992_5365334665072785590-1/dummy_path
2024-04-24T01:19:30,399  INFO [main] exec.SerializationUtilities: Serializing MapWork using kryo
2024-04-24T01:19:30,399  INFO [main] exec.Utilities: Serialized plan (via FILE) - name: null size: 5,84KB
2024-04-24T01:19:30,400  WARN [main] impl.MetricsSystemImpl: JobTracker metrics system already initialized!
2024-04-24T01:19:30,405  INFO [main] fs.FSStatsPublisher: created : file:/home/alex/Repositories/hive/ql/target/tmp/localscratchdir/bdc7588d-5ad3-4d18-a389-f8043e3102cc/hive_2024-04-24_01-19-29_992_5365334665072785590-1/-mr-10001
2024-04-24T01:19:30,410  WARN [main] impl.MetricsSystemImpl: JobTracker metrics system already initialized!
2024-04-24T01:19:30,419  WARN [main] mapreduce.JobResourceUploader: Hadoop command-line option parsing not performed. Implement the Tool interface and execute your application with ToolRunner to remedy this.
2024-04-24T01:19:30,423  WARN [main] mapreduce.JobResourceUploader: No job jar file set.  User classes may not be found. See Job or Job#setJar(String).
2024-04-24T01:19:30,425  INFO [main] io.HiveInputFormat: hive.io.file.readcolumn.ids = 
2024-04-24T01:19:30,425  INFO [main] io.HiveInputFormat: hive.io.file.readcolumn.names = 
2024-04-24T01:19:30,425  INFO [main] io.HiveInputFormat: Generating splits for dirs: file:/home/alex/Repositories/hive/ql/target/tmp/localscratchdir/bdc7588d-5ad3-4d18-a389-f8043e3102cc/hive_2024-04-24_01-19-29_992_5365334665072785590-1/dummy_path
2024-04-24T01:19:30,425  INFO [main] io.HiveInputFormat: number of splits 1
2024-04-24T01:19:30,443  INFO [main] mapreduce.JobSubmitter: number of splits:1
2024-04-24T01:19:30,468  INFO [main] mapreduce.JobSubmitter: Submitting tokens for job: job_local1702626375_0061
2024-04-24T01:19:30,468  INFO [main] mapreduce.JobSubmitter: Executing with tokens: []
2024-04-24T01:19:30,541  INFO [main] mapreduce.Job: The url to track the job: http://localhost:8080/
Job running in-process (local Hadoop)
2024-04-24T01:19:30,541  INFO [main] exec.Task: Job running in-process (local Hadoop)
2024-04-24T01:19:30,541  INFO [Thread-4066] mapred.LocalJobRunner: OutputCommitter set in config org.apache.hadoop.hive.ql.io.HiveFileFormatUtils$NullOutputCommitter
2024-04-24T01:19:30,542  INFO [Thread-4066] mapred.LocalJobRunner: OutputCommitter is org.apache.hadoop.hive.ql.io.HiveFileFormatUtils$NullOutputCommitter
2024-04-24T01:19:30,543  INFO [Thread-4066] mapred.LocalJobRunner: Waiting for map tasks
2024-04-24T01:19:30,543  INFO [LocalJobRunner Map Task Executor #0] mapred.LocalJobRunner: Starting task: attempt_local1702626375_0061_m_000000_0
2024-04-24T01:19:30,547  INFO [LocalJobRunner Map Task Executor #0] mapred.Task:  Using ResourceCalculatorProcessTree : [ ]
2024-04-24T01:19:30,547  INFO [LocalJobRunner Map Task Executor #0] mapred.MapTask: Processing split: org.apache.hadoop.hive.ql.io.NullRowsInputFormat:file:/home/alex/Repositories/hive/ql/target/tmp/localscratchdir/bdc7588d-5ad3-4d18-a389-f8043e3102cc/hive_2024-04-24_01-19-29_992_5365334665072785590-1/dummy_path/null:0+1
2024-04-24T01:19:30,550  INFO [LocalJobRunner Map Task Executor #0] exec.SerializationUtilities: Deserializing MapWork using kryo
2024-04-24T01:19:30,550  INFO [LocalJobRunner Map Task Executor #0] exec.Utilities: Deserialized plan (via FILE) - name: null size: 5,84KB
2024-04-24T01:19:30,551  INFO [LocalJobRunner Map Task Executor #0] mapred.MapTask: numReduceTasks: 0
2024-04-24T01:19:30,553  INFO [LocalJobRunner Map Task Executor #0] exec.MapOperator: Initializing Operator: MAP[0]
2024-04-24T01:19:30,553  INFO [LocalJobRunner Map Task Executor #0] mr.ExecMapper: 
<MAP>Id =0
  <Children>null
  <\Children>
  <Parent><\Parent>
<\MAP>
2024-04-24T01:19:30,554  INFO [LocalJobRunner Map Task Executor #0] exec.TableScanOperator: Initializing Operator: TS[0]
2024-04-24T01:19:30,554  INFO [LocalJobRunner Map Task Executor #0] exec.SelectOperator: Initializing Operator: SEL[1]
2024-04-24T01:19:30,554  INFO [LocalJobRunner Map Task Executor #0] exec.SelectOperator: SELECT null
2024-04-24T01:19:30,554  INFO [LocalJobRunner Map Task Executor #0] exec.UDTFOperator: Initializing Operator: UDTF[2]
2024-04-24T01:19:30,554  INFO [LocalJobRunner Map Task Executor #0] exec.SelectOperator: Initializing Operator: SEL[3]
2024-04-24T01:19:30,554  INFO [LocalJobRunner Map Task Executor #0] exec.SelectOperator: SELECT struct<col1:int,col2:int,col3:int>
2024-04-24T01:19:30,554  INFO [LocalJobRunner Map Task Executor #0] exec.FileSinkOperator: Initializing Operator: FS[4]
2024-04-24T01:19:30,555  INFO [LocalJobRunner Map Task Executor #0] exec.FileSinkOperator: Using serializer : AbstractSerDe [log=org.apache.logging.slf4j.Log4jLogger@48b320a7, configuration=Optional[Configuration: core-default.xml, core-site.xml, mapred-default.xml, mapred-site.xml, yarn-default.xml, yarn-site.xml, hdfs-default.xml, hdfs-site.xml, file:/home/alex/Repositories/hive/ql/target/tmp/TestTxnNoBuckets/mapred/local/localRunner/alex/job_local1702626375_0061/job_local1702626375_0061.xml], properties={name=default.tmp, columns.types=int:int:int, serialization.format=1, columns=c1,c2,c3, numFilesErasureCoded=0, columns.comments=&amp#0;&amp#0;, bucketing_version=2, serialization.lib=org.apache.hadoop.hive.ql.io.orc.OrcSerde, file.inputformat=org.apache.hadoop.hive.ql.io.orc.OrcInputFormat, file.outputformat=org.apache.hadoop.hive.ql.io.orc.OrcOutputFormat, location=file:/home/alex/Repositories/hive/ql/target/tmp/org.apache.hadoop.hive.ql.TestTxnNoBuckets-1713946626176/warehouse/tmp, column.name.delimiter=,}, tableProperties={name=default.tmp, columns.types=int:int:int, serialization.format=1, columns=c1,c2,c3, numFilesErasureCoded=0, columns.comments=&amp#0;&amp#0;, bucketing_version=2, serialization.lib=org.apache.hadoop.hive.ql.io.orc.OrcSerde, file.inputformat=org.apache.hadoop.hive.ql.io.orc.OrcInputFormat, location=file:/home/alex/Repositories/hive/ql/target/tmp/org.apache.hadoop.hive.ql.TestTxnNoBuckets-1713946626176/warehouse/tmp, file.outputformat=org.apache.hadoop.hive.ql.io.orc.OrcOutputFormat, column.name.delimiter=,}, partitionProperties=Optional.empty, columnNames=[c1, c2, c3], columnTypes=[int, int, int], getClass()=class org.apache.hadoop.hive.ql.io.orc.OrcSerde] and formatter : org.apache.hadoop.hive.ql.io.orc.OrcOutputFormat@5468074b
2024-04-24T01:19:30,555  INFO [LocalJobRunner Map Task Executor #0] exec.FileSinkOperator: Final Path: FS file:/home/alex/Repositories/hive/ql/target/tmp/org.apache.hadoop.hive.ql.TestTxnNoBuckets-1713946626176/warehouse/tmp/.hive-staging_hive_2024-04-24_01-19-29_992_5365334665072785590-1/_tmp.-ext-10002/000000_0
2024-04-24T01:19:30,555  INFO [LocalJobRunner Map Task Executor #0] exec.FileSinkOperator: Writing to temp file: FS file:/home/alex/Repositories/hive/ql/target/tmp/org.apache.hadoop.hive.ql.TestTxnNoBuckets-1713946626176/warehouse/tmp/.hive-staging_hive_2024-04-24_01-19-29_992_5365334665072785590-1/_task_tmp.-ext-10002/_tmp.000000_0
2024-04-24T01:19:30,555  INFO [LocalJobRunner Map Task Executor #0] exec.FileSinkOperator: New Final Path: FS file:/home/alex/Repositories/hive/ql/target/tmp/org.apache.hadoop.hive.ql.TestTxnNoBuckets-1713946626176/warehouse/tmp/.hive-staging_hive_2024-04-24_01-19-29_992_5365334665072785590-1/_tmp.-ext-10002/000000_0
2024-04-24T01:19:30,558  INFO [LocalJobRunner Map Task Executor #0] exec.FileSinkOperator: FS[4]: records written - 1
2024-04-24T01:19:30,558  INFO [LocalJobRunner Map Task Executor #0] impl.PhysicalFsWriter: ORC writer created for path: file:/home/alex/Repositories/hive/ql/target/tmp/org.apache.hadoop.hive.ql.TestTxnNoBuckets-1713946626176/warehouse/tmp/.hive-staging_hive_2024-04-24_01-19-29_992_5365334665072785590-1/_task_tmp.-ext-10002/_tmp.000000_0 with stripeSize: 67108864 blockSize: 268435456 compression: Compress: ZLIB buffer: 262144
2024-04-24T01:19:30,565  INFO [LocalJobRunner Map Task Executor #0] impl.WriterImpl: ORC writer created for path: file:/home/alex/Repositories/hive/ql/target/tmp/org.apache.hadoop.hive.ql.TestTxnNoBuckets-1713946626176/warehouse/tmp/.hive-staging_hive_2024-04-24_01-19-29_992_5365334665072785590-1/_task_tmp.-ext-10002/_tmp.000000_0 with stripeSize: 67108864 options: Compress: ZLIB buffer: 262144
2024-04-24T01:19:30,565  INFO [LocalJobRunner Map Task Executor #0] exec.MapOperator: MAP[0]: records read - 1
2024-04-24T01:19:30,566  INFO [LocalJobRunner Map Task Executor #0] exec.MapOperator: Closing Operator: MAP[0]
2024-04-24T01:19:30,566  INFO [LocalJobRunner Map Task Executor #0] exec.MapOperator: MAP[0]: Total records read - 3. abort - false
2024-04-24T01:19:30,566  INFO [LocalJobRunner Map Task Executor #0] exec.MapOperator: RECORDS_IN:3, RECORDS_OUT_INTERMEDIATE:0, RECORDS_OUT_OPERATOR_MAP_0:0, DESERIALIZE_ERRORS:0, 
2024-04-24T01:19:30,566  INFO [LocalJobRunner Map Task Executor #0] exec.TableScanOperator: Closing Operator: TS[0]
2024-04-24T01:19:30,566  INFO [LocalJobRunner Map Task Executor #0] exec.TableScanOperator: RECORDS_OUT_OPERATOR_TS_0:1, RECORDS_OUT_INTERMEDIATE:0, 
2024-04-24T01:19:30,566  INFO [LocalJobRunner Map Task Executor #0] exec.SelectOperator: Closing Operator: SEL[1]
2024-04-24T01:19:30,566  INFO [LocalJobRunner Map Task Executor #0] exec.SelectOperator: RECORDS_OUT_INTERMEDIATE:0, RECORDS_OUT_OPERATOR_SEL_1:1, 
2024-04-24T01:19:30,566  INFO [LocalJobRunner Map Task Executor #0] exec.UDTFOperator: Closing Operator: UDTF[2]
2024-04-24T01:19:30,566  INFO [LocalJobRunner Map Task Executor #0] exec.UDTFOperator: RECORDS_OUT_OPERATOR_UDTF_2:2, RECORDS_OUT_INTERMEDIATE:0, 
2024-04-24T01:19:30,566  INFO [LocalJobRunner Map Task Executor #0] exec.SelectOperator: Closing Operator: SEL[3]
2024-04-24T01:19:30,566  INFO [LocalJobRunner Map Task Executor #0] exec.SelectOperator: RECORDS_OUT_INTERMEDIATE:0, RECORDS_OUT_OPERATOR_SEL_3:2, 
2024-04-24T01:19:30,566  INFO [LocalJobRunner Map Task Executor #0] exec.FileSinkOperator: Closing Operator: FS[4]
2024-04-24T01:19:30,566  INFO [LocalJobRunner Map Task Executor #0] exec.FileSinkOperator: FS[4]: records written - 2
2024-04-24T01:19:30,573  INFO [LocalJobRunner Map Task Executor #0] exec.FileSinkOperator: RECORDS_OUT_OPERATOR_FS_4:2, RECORDS_OUT_INTERMEDIATE:0, TOTAL_TABLE_ROWS_WRITTEN:2, RECORDS_OUT_1_default.tmp:2, 
2024-04-24T01:19:30,574  INFO [LocalJobRunner Map Task Executor #0] mapred.LocalJobRunner: 
2024-04-24T01:19:30,576  INFO [LocalJobRunner Map Task Executor #0] mapred.Task: Task:attempt_local1702626375_0061_m_000000_0 is done. And is in the process of committing
2024-04-24T01:19:30,576  INFO [LocalJobRunner Map Task Executor #0] mapred.LocalJobRunner: map
2024-04-24T01:19:30,576  INFO [LocalJobRunner Map Task Executor #0] mapred.Task: Task 'attempt_local1702626375_0061_m_000000_0' done.
2024-04-24T01:19:30,576  INFO [LocalJobRunner Map Task Executor #0] mapred.Task: Final Counters for attempt_local1702626375_0061_m_000000_0: Counters: 27
	File System Counters
		FILE: Number of bytes read=1476955
		FILE: Number of bytes written=71937480
		FILE: Number of read operations=0
		FILE: Number of large read operations=0
		FILE: Number of write operations=0
	Map-Reduce Framework
		Map input records=4
		Map output records=0
		Input split bytes=361
		Spilled Records=0
		Failed Shuffles=0
		Merged Map outputs=0
		GC time elapsed (ms)=0
		Total committed heap usage (bytes)=1352138752
	HIVE
		CREATED_FILES=1
		DESERIALIZE_ERRORS=0
		RECORDS_IN=3
		RECORDS_OUT_1_default.tmp=2
		RECORDS_OUT_INTERMEDIATE=0
		RECORDS_OUT_OPERATOR_FS_4=2
		RECORDS_OUT_OPERATOR_MAP_0=0
		RECORDS_OUT_OPERATOR_SEL_1=1
		RECORDS_OUT_OPERATOR_SEL_3=2
		RECORDS_OUT_OPERATOR_TS_0=1
		RECORDS_OUT_OPERATOR_UDTF_2=2
		TOTAL_TABLE_ROWS_WRITTEN=2
	File Input Format Counters 
		Bytes Read=5898
	File Output Format Counters 
		Bytes Written=0
2024-04-24T01:19:30,576  INFO [LocalJobRunner Map Task Executor #0] mapred.LocalJobRunner: Finishing task: attempt_local1702626375_0061_m_000000_0
2024-04-24T01:19:30,576  INFO [Thread-4066] mapred.LocalJobRunner: map task executor complete.
2024-04-24 01:19:31,542 Stage-1 map = 100%,  reduce = 0%
2024-04-24T01:19:31,542  INFO [main] exec.Task: 2024-04-24 01:19:31,542 Stage-1 map = 100%,  reduce = 0%
Ended Job = job_local1702626375_0061
2024-04-24T01:19:31,542  INFO [main] exec.Task: Ended Job = job_local1702626375_0061
2024-04-24T01:19:31,544  INFO [main] ql.Driver: Starting task [Stage-7:CONDITIONAL] in serial mode
Stage-4 is selected by condition resolver.
2024-04-24T01:19:31,544  INFO [main] exec.Task: Stage-4 is selected by condition resolver.
Stage-3 is filtered out by condition resolver.
2024-04-24T01:19:31,544  INFO [main] exec.Task: Stage-3 is filtered out by condition resolver.
Stage-5 is filtered out by condition resolver.
2024-04-24T01:19:31,544  INFO [main] exec.Task: Stage-5 is filtered out by condition resolver.
2024-04-24T01:19:31,544  INFO [main] ql.Driver: Starting task [Stage-4:MOVE] in serial mode
Moving data to directory file:/home/alex/Repositories/hive/ql/target/tmp/org.apache.hadoop.hive.ql.TestTxnNoBuckets-1713946626176/warehouse/tmp/.hive-staging_hive_2024-04-24_01-19-29_992_5365334665072785590-1/-ext-10000
2024-04-24T01:19:31,544  INFO [main] exec.Task: Moving data to directory file:/home/alex/Repositories/hive/ql/target/tmp/org.apache.hadoop.hive.ql.TestTxnNoBuckets-1713946626176/warehouse/tmp/.hive-staging_hive_2024-04-24_01-19-29_992_5365334665072785590-1/-ext-10000 from file:/home/alex/Repositories/hive/ql/target/tmp/org.apache.hadoop.hive.ql.TestTxnNoBuckets-1713946626176/warehouse/tmp/.hive-staging_hive_2024-04-24_01-19-29_992_5365334665072785590-1/-ext-10002
2024-04-24T01:19:31,545  INFO [main] ql.Driver: Starting task [Stage-0:MOVE] in serial mode
Loading data to table default.tmp
2024-04-24T01:19:31,545  INFO [main] exec.Task: Loading data to table default.tmp from file:/home/alex/Repositories/hive/ql/target/tmp/org.apache.hadoop.hive.ql.TestTxnNoBuckets-1713946626176/warehouse/tmp/.hive-staging_hive_2024-04-24_01-19-29_992_5365334665072785590-1/-ext-10000
2024-04-24T01:19:31,545  INFO [main] HiveMetaStore.audit: ugi=alex	ip=unknown-ip-addr	cmd=get_table : tbl=hive.default.tmp	
2024-04-24T01:19:31,553  INFO [main] metastore.HMSHandler: Skipping translation for processor with null
2024-04-24T01:19:31,553  INFO [main] HiveMetaStore.audit: ugi=alex	ip=unknown-ip-addr	cmd=get_table : tbl=hive.default.tmp	
2024-04-24T01:19:31,562  INFO [main] metastore.HMSHandler: Skipping translation for processor with null
2024-04-24T01:19:31,563  WARN [main] metadata.Hive: Cannot get a table snapshot for tmp
2024-04-24T01:19:31,563  INFO [main] HiveMetaStore.audit: ugi=alex	ip=unknown-ip-addr	cmd=alter_table: hive.default.tmp newtbl=tmp	
2024-04-24T01:19:31,592  INFO [main] ql.Driver: Starting task [Stage-2:STATS] in serial mode
2024-04-24T01:19:31,592  INFO [main] HiveMetaStore.audit: ugi=alex	ip=unknown-ip-addr	cmd=get_table : tbl=hive.default.tmp	
2024-04-24T01:19:31,600  INFO [main] metastore.HMSHandler: Skipping translation for processor with null
2024-04-24T01:19:31,600  INFO [main] stats.BasicStatsTask: Executing stats task
2024-04-24T01:19:31,600  INFO [main] fs.FSStatsPublisher: created : file:/home/alex/Repositories/hive/ql/target/tmp/localscratchdir/bdc7588d-5ad3-4d18-a389-f8043e3102cc/hive_2024-04-24_01-19-29_992_5365334665072785590-1/-mr-10001
2024-04-24T01:19:31,601  INFO [main] HiveMetaStore.audit: ugi=alex	ip=unknown-ip-addr	cmd=get_table : tbl=hive.default.tmp	
2024-04-24T01:19:31,611  INFO [main] metastore.HMSHandler: Skipping translation for processor with null
2024-04-24T01:19:31,612  INFO [main] FileOperations: Read stats for default.tmp/, numRows, true, 2, false: 
2024-04-24T01:19:31,612  INFO [main] FileOperations: Read stats for default.tmp/, rawDataSize, true, 24, false: 
2024-04-24T01:19:31,612  WARN [main] metadata.Hive: Cannot get a table snapshot for tmp
2024-04-24T01:19:31,612  INFO [main] HiveMetaStore.audit: ugi=alex	ip=unknown-ip-addr	cmd=alter_table: hive.default.tmp newtbl=tmp	
2024-04-24T01:19:31,640  INFO [main] stats.BasicStatsTask: Table default.tmp stats: [numFiles=1, numRows=2, totalSize=281, rawDataSize=24, numFilesErasureCoded=0]
2024-04-24T01:19:31,640  INFO [main] metadata.Hive: Dumping metastore api call timing information for : execution phase
2024-04-24T01:19:31,640  INFO [main] metadata.Hive: Total time spent in each metastore function (ms): {alter_table_(String, String, String, Table, EnvironmentContext, String)=57, isCompatibleWith_(Configuration)=0, getTable_(GetTableRequest)=35}
MapReduce Jobs Launched: 
2024-04-24T01:19:31,641  INFO [main] ql.Driver: MapReduce Jobs Launched: 
Stage-Stage-1:  HDFS Read: 0 HDFS Write: 0 SUCCESS
2024-04-24T01:19:31,641  INFO [main] ql.Driver: Stage-Stage-1:  HDFS Read: 0 HDFS Write: 0 SUCCESS
Total MapReduce CPU Time Spent: 0 msec
2024-04-24T01:19:31,641  INFO [main] ql.Driver: Total MapReduce CPU Time Spent: 0 msec
2024-04-24T01:19:31,641  INFO [main] ql.Driver: Completed executing command(queryId=alex_20240424011929_83892de4-b9e8-4efa-aa5a-aaa7286ce967); Time taken: 1.414 seconds
2024-04-24T01:19:31,641  INFO [main] lockmgr.DbTxnManager: Stopped heartbeat for query: alex_20240424011929_83892de4-b9e8-4efa-aa5a-aaa7286ce967
2024-04-24T01:19:31,645  INFO [main] txn.TxnHandler: Expected to move at least one record from txn_components to completed_txn_components when committing txn! txnid:15
2024-04-24T01:19:31,650  INFO [main] txn.TxnHandler: Removed transactions: ([15]) from MIN_HISTORY_LEVEL
2024-04-24T01:19:31,650  WARN [main] txn.CompactionTxnHandler: No compaction queue record found for Compaction type transaction commit. txnId:15
2024-04-24T01:19:31,651  INFO [main] ql.TxnCommandsBaseForTests: Running the query: insert into tmp  values(1,1,1),(2,2,2)
2024-04-24T01:19:31,651  INFO [main] ql.Context: Deleting scratch dir: file:/home/alex/Repositories/hive/ql/target/tmp/org.apache.hadoop.hive.ql.TestTxnNoBuckets-1713946626176/warehouse/tmp/.hive-staging_hive_2024-04-24_01-19-29_992_5365334665072785590-1
2024-04-24T01:19:31,651  INFO [main] cleanup.SyncCleanupService: Deleted directory: file:/home/alex/Repositories/hive/ql/target/tmp/org.apache.hadoop.hive.ql.TestTxnNoBuckets-1713946626176/warehouse/tmp/.hive-staging_hive_2024-04-24_01-19-29_992_5365334665072785590-1 on fs with scheme file
2024-04-24T01:19:31,651  INFO [main] ql.Context: Deleting scratch dir: file:/home/alex/Repositories/hive/ql/target/tmp/localscratchdir/bdc7588d-5ad3-4d18-a389-f8043e3102cc/hive_2024-04-24_01-19-29_992_5365334665072785590-1
2024-04-24T01:19:31,652  INFO [main] cleanup.SyncCleanupService: Deleted directory: file:/home/alex/Repositories/hive/ql/target/tmp/localscratchdir/bdc7588d-5ad3-4d18-a389-f8043e3102cc/hive_2024-04-24_01-19-29_992_5365334665072785590-1 on fs with scheme file
2024-04-24T01:19:31,652  INFO [main] ql.Driver: Compiling command(queryId=alex_20240424011931_db84b9b2-7579-47e1-8822-2e24da3b5f9b): insert into tmp  values(1,1,1),(2,2,2)
2024-04-24T01:19:31,655  INFO [main] txn.TxnHandler: Added entries to MIN_HISTORY_LEVEL for current txns: ([16]) with min_open_txn: 16
2024-04-24T01:19:31,655  INFO [main] lockmgr.DbTxnManager: Opened txnid:16
2024-04-24T01:19:31,656  INFO [main] parse.CalcitePlanner: Starting caching scope for: 
2024-04-24T01:19:31,656  INFO [main] parse.CalcitePlanner: Starting Semantic Analysis
2024-04-24T01:19:31,659  INFO [main] HiveMetaStore.audit: ugi=alex	ip=unknown-ip-addr	cmd=get_table : tbl=hive.default.tmp	
2024-04-24T01:19:31,669  INFO [main] metastore.HMSHandler: Skipping translation for processor with null
2024-04-24T01:19:31,669  INFO [main] parse.CalcitePlanner: Completed phase 1 of Semantic Analysis
2024-04-24T01:19:31,669  INFO [main] parse.CalcitePlanner: Get metadata for source tables
2024-04-24T01:19:31,669  INFO [main] parse.CalcitePlanner: Get metadata for subqueries
2024-04-24T01:19:31,669  INFO [main] parse.CalcitePlanner: Get metadata for destination tables
2024-04-24T01:19:31,669  INFO [main] HiveMetaStore.audit: ugi=alex	ip=unknown-ip-addr	cmd=get_table : tbl=hive.default.tmp	
2024-04-24T01:19:31,678  INFO [main] metastore.HMSHandler: Skipping translation for processor with null
2024-04-24T01:19:31,678  INFO [main] parse.CalcitePlanner: Completed getting MetaData in Semantic Analysis
2024-04-24T01:19:31,678  INFO [main] parse.CalcitePlanner: Disabling LLAP IO encode as ETL query is detected
2024-04-24T01:19:31,699  INFO [main] HiveMetaStore.audit: ugi=alex	ip=unknown-ip-addr	cmd=get_all_table_constraints : tbl=hive._dummy_database._dummy_table	
2024-04-24T01:19:31,780  INFO [main] parse.CalcitePlanner: Get metadata for source tables
2024-04-24T01:19:31,780  INFO [main] parse.CalcitePlanner: Get metadata for subqueries
2024-04-24T01:19:31,780  INFO [main] parse.CalcitePlanner: Get metadata for source tables
2024-04-24T01:19:31,781  INFO [main] HiveMetaStore.audit: ugi=alex	ip=unknown-ip-addr	cmd=get_table : tbl=hive._dummy_database._dummy_table	
2024-04-24T01:19:31,784  INFO [main] parse.CalcitePlanner: Get metadata for subqueries
2024-04-24T01:19:31,784  INFO [main] parse.CalcitePlanner: Get metadata for destination tables
2024-04-24T01:19:31,784  INFO [main] parse.CalcitePlanner: Get metadata for destination tables
2024-04-24T01:19:31,785  INFO [main] HiveMetaStore.audit: ugi=alex	ip=unknown-ip-addr	cmd=get_table : tbl=hive.default.tmp	
2024-04-24T01:19:31,802  INFO [main] metastore.HMSHandler: Skipping translation for processor with null
2024-04-24T01:19:31,805  INFO [main] common.FileUtils: Creating directory if it doesn't exist: file:/home/alex/Repositories/hive/ql/target/tmp/org.apache.hadoop.hive.ql.TestTxnNoBuckets-1713946626176/warehouse/tmp/.hive-staging_hive_2024-04-24_01-19-31_652_5705965696377337738-1
2024-04-24T01:19:31,807  INFO [main] HiveMetaStore.audit: ugi=alex	ip=unknown-ip-addr	cmd=get_not_null_constraints : tbl=hive.default.tmp	
2024-04-24T01:19:31,809  INFO [main] HiveMetaStore.audit: ugi=alex	ip=unknown-ip-addr	cmd=get_check_constraints : tbl=hive.default.tmp	
2024-04-24T01:19:31,811  INFO [main] parse.CalcitePlanner: CBO Succeeded; optimized logical plan.
2024-04-24T01:19:31,815  INFO [main] optimizer.BucketVersionPopulator: not considering bucketingVersion for: TS[0] because it has -1<2 buckets 
2024-04-24T01:19:31,816  INFO [main] optimizer.SortedDynPartitionOptimizer: Sorted dynamic partitioning optimization kicked in..
2024-04-24T01:19:31,828  INFO [main] HiveMetaStore.audit: ugi=alex	ip=unknown-ip-addr	cmd=get_table : tbl=hive.default.tmp	
2024-04-24T01:19:31,843  INFO [main] metastore.HMSHandler: Skipping translation for processor with null
2024-04-24T01:19:31,844  INFO [main] optimizer.GenMRFileSink1: using CombineHiveInputformat for the merge job
2024-04-24T01:19:31,844  INFO [main] HiveMetaStore.audit: ugi=alex	ip=unknown-ip-addr	cmd=get_table : tbl=hive.default.tmp	
2024-04-24T01:19:31,858  INFO [main] metastore.HMSHandler: Skipping translation for processor with null
2024-04-24T01:19:31,860  INFO [main] parse.CalcitePlanner: Completed plan generation
2024-04-24T01:19:31,860  INFO [main] parse.CalcitePlanner: Ending caching scope for: 
2024-04-24T01:19:31,860  INFO [main] ql.Driver: Semantic Analysis Completed (retrial = false)
2024-04-24T01:19:31,860  INFO [main] ql.Driver: Created Hive schema: Schema(fieldSchemas:[FieldSchema(name:col1, type:int, comment:null), FieldSchema(name:col2, type:int, comment:null), FieldSchema(name:col3, type:int, comment:null)], properties:null)
2024-04-24T01:19:31,860  INFO [main] metadata.Hive: Dumping metastore api call timing information for : compilation phase
2024-04-24T01:19:31,861  INFO [main] metadata.Hive: Total time spent in each metastore function (ms): {getCheckConstraints_(CheckConstraintsRequest)=2, getValidTxns_(long)=0, flushCache_()=0, openTxn_(String, TxnType)=2, commitTxn_(CommitTxnRequest)=10, isCompatibleWith_(Configuration)=1, getValidWriteIds_(List, String)=4, getTable_(GetTableRequest)=65, getNotNullConstraints_(NotNullConstraintsRequest)=2, getAllTableConstraints_(AllTableConstraintsRequest)=6}
2024-04-24T01:19:31,861  INFO [main] ql.Driver: Completed compiling command(queryId=alex_20240424011931_db84b9b2-7579-47e1-8822-2e24da3b5f9b); Time taken: 0.208 seconds
2024-04-24T01:19:31,861  INFO [main] lockmgr.DbTxnManager: Setting lock request transaction to txnid:16 for queryId=alex_20240424011931_db84b9b2-7579-47e1-8822-2e24da3b5f9b
2024-04-24T01:19:31,861  INFO [main] lockmgr.DbLockManager: Requesting lock for queryId=alex_20240424011931_db84b9b2-7579-47e1-8822-2e24da3b5f9b
2024-04-24T01:19:31,882  INFO [main] lockmgr.DbLockManager: Response to queryId=alex_20240424011931_db84b9b2-7579-47e1-8822-2e24da3b5f9b LockResponse(lockid:10, state:ACQUIRED)
2024-04-24T01:19:31,882  INFO [main] ql.Driver: Operation QUERY obtained 1 locks
2024-04-24T01:19:31,882  INFO [main] ql.Driver: Executing command(queryId=alex_20240424011931_db84b9b2-7579-47e1-8822-2e24da3b5f9b): insert into tmp  values(1,1,1),(2,2,2)
2024-04-24T01:19:31,883  WARN [main] ql.Driver: Hive-on-MR is deprecated in Hive 2 and may not be available in the future versions. Consider using a different execution engine (i.e. tez, spark) or using Hive 1.X releases.
Query ID = alex_20240424011931_db84b9b2-7579-47e1-8822-2e24da3b5f9b
2024-04-24T01:19:31,883  INFO [main] ql.Driver: Query ID = alex_20240424011931_db84b9b2-7579-47e1-8822-2e24da3b5f9b
Total jobs = 1
2024-04-24T01:19:31,883  INFO [main] ql.Driver: Total jobs = 1
Launching Job 1 out of 1
2024-04-24T01:19:31,883  INFO [main] ql.Driver: Launching Job 1 out of 1
2024-04-24T01:19:32,091  INFO [main] ql.Driver: Starting task [Stage-1:MAPRED] in serial mode
Number of reduce tasks is set to 0 since there's no reduce operator
2024-04-24T01:19:32,091  INFO [main] exec.Task: Number of reduce tasks is set to 0 since there's no reduce operator
2024-04-24T01:19:32,094  INFO [main] mr.ExecDriver: Using org.apache.hadoop.hive.ql.io.HiveInputFormat
2024-04-24T01:19:32,094  INFO [main] exec.Utilities: Processing alias $hdt$_0:_dummy_table
2024-04-24T01:19:32,094  INFO [main] exec.Utilities: Adding 1 inputs; the first input is file:/home/alex/Repositories/hive/ql/target/tmp/localscratchdir/bdc7588d-5ad3-4d18-a389-f8043e3102cc/hive_2024-04-24_01-19-31_652_5705965696377337738-1/dummy_path
2024-04-24T01:19:32,104  INFO [main] exec.SerializationUtilities: Serializing MapWork using kryo
2024-04-24T01:19:32,105  INFO [main] exec.Utilities: Serialized plan (via FILE) - name: null size: 5,86KB
2024-04-24T01:19:32,106  WARN [main] impl.MetricsSystemImpl: JobTracker metrics system already initialized!
2024-04-24T01:19:32,109  INFO [main] fs.FSStatsPublisher: created : file:/home/alex/Repositories/hive/ql/target/tmp/localscratchdir/bdc7588d-5ad3-4d18-a389-f8043e3102cc/hive_2024-04-24_01-19-31_652_5705965696377337738-1/-mr-10001
2024-04-24T01:19:32,114  WARN [main] impl.MetricsSystemImpl: JobTracker metrics system already initialized!
2024-04-24T01:19:32,121  WARN [main] mapreduce.JobResourceUploader: Hadoop command-line option parsing not performed. Implement the Tool interface and execute your application with ToolRunner to remedy this.
2024-04-24T01:19:32,125  WARN [main] mapreduce.JobResourceUploader: No job jar file set.  User classes may not be found. See Job or Job#setJar(String).
2024-04-24T01:19:32,126  INFO [main] io.HiveInputFormat: hive.io.file.readcolumn.ids = 
2024-04-24T01:19:32,126  INFO [main] io.HiveInputFormat: hive.io.file.readcolumn.names = 
2024-04-24T01:19:32,126  INFO [main] io.HiveInputFormat: Generating splits for dirs: file:/home/alex/Repositories/hive/ql/target/tmp/localscratchdir/bdc7588d-5ad3-4d18-a389-f8043e3102cc/hive_2024-04-24_01-19-31_652_5705965696377337738-1/dummy_path
2024-04-24T01:19:32,127  INFO [main] io.HiveInputFormat: number of splits 1
2024-04-24T01:19:32,145  INFO [main] mapreduce.JobSubmitter: number of splits:1
2024-04-24T01:19:32,168  INFO [main] mapreduce.JobSubmitter: Submitting tokens for job: job_local1468865680_0062
2024-04-24T01:19:32,168  INFO [main] mapreduce.JobSubmitter: Executing with tokens: []
2024-04-24T01:19:32,228  INFO [main] mapreduce.Job: The url to track the job: http://localhost:8080/
Job running in-process (local Hadoop)
2024-04-24T01:19:32,228  INFO [main] exec.Task: Job running in-process (local Hadoop)
2024-04-24T01:19:32,229  INFO [Thread-4108] mapred.LocalJobRunner: OutputCommitter set in config org.apache.hadoop.hive.ql.io.HiveFileFormatUtils$NullOutputCommitter
2024-04-24T01:19:32,229  INFO [Thread-4108] mapred.LocalJobRunner: OutputCommitter is org.apache.hadoop.hive.ql.io.HiveFileFormatUtils$NullOutputCommitter
2024-04-24T01:19:32,230  INFO [Thread-4108] mapred.LocalJobRunner: Waiting for map tasks
2024-04-24T01:19:32,230  INFO [LocalJobRunner Map Task Executor #0] mapred.LocalJobRunner: Starting task: attempt_local1468865680_0062_m_000000_0
2024-04-24T01:19:32,231  INFO [LocalJobRunner Map Task Executor #0] mapred.Task:  Using ResourceCalculatorProcessTree : [ ]
2024-04-24T01:19:32,231  INFO [LocalJobRunner Map Task Executor #0] mapred.MapTask: Processing split: org.apache.hadoop.hive.ql.io.NullRowsInputFormat:file:/home/alex/Repositories/hive/ql/target/tmp/localscratchdir/bdc7588d-5ad3-4d18-a389-f8043e3102cc/hive_2024-04-24_01-19-31_652_5705965696377337738-1/dummy_path/null:0+1
2024-04-24T01:19:32,232  INFO [LocalJobRunner Map Task Executor #0] exec.SerializationUtilities: Deserializing MapWork using kryo
2024-04-24T01:19:32,232  INFO [LocalJobRunner Map Task Executor #0] exec.Utilities: Deserialized plan (via FILE) - name: null size: 5,86KB
2024-04-24T01:19:32,232  INFO [LocalJobRunner Map Task Executor #0] mapred.MapTask: numReduceTasks: 0
2024-04-24T01:19:32,233  INFO [LocalJobRunner Map Task Executor #0] exec.MapOperator: Initializing Operator: MAP[0]
2024-04-24T01:19:32,233  INFO [LocalJobRunner Map Task Executor #0] mr.ExecMapper: 
<MAP>Id =0
  <Children>null
  <\Children>
  <Parent><\Parent>
<\MAP>
2024-04-24T01:19:32,233  INFO [LocalJobRunner Map Task Executor #0] exec.TableScanOperator: Initializing Operator: TS[0]
2024-04-24T01:19:32,233  INFO [LocalJobRunner Map Task Executor #0] exec.SelectOperator: Initializing Operator: SEL[1]
2024-04-24T01:19:32,233  INFO [LocalJobRunner Map Task Executor #0] exec.SelectOperator: SELECT null
2024-04-24T01:19:32,234  INFO [LocalJobRunner Map Task Executor #0] exec.UDTFOperator: Initializing Operator: UDTF[2]
2024-04-24T01:19:32,234  INFO [LocalJobRunner Map Task Executor #0] exec.SelectOperator: Initializing Operator: SEL[3]
2024-04-24T01:19:32,234  INFO [LocalJobRunner Map Task Executor #0] exec.SelectOperator: SELECT struct<col1:int,col2:int,col3:int>
2024-04-24T01:19:32,234  INFO [LocalJobRunner Map Task Executor #0] exec.FileSinkOperator: Initializing Operator: FS[4]
2024-04-24T01:19:32,234  INFO [LocalJobRunner Map Task Executor #0] exec.FileSinkOperator: Using serializer : AbstractSerDe [log=org.apache.logging.slf4j.Log4jLogger@48b320a7, configuration=Optional[Configuration: core-default.xml, core-site.xml, mapred-default.xml, mapred-site.xml, yarn-default.xml, yarn-site.xml, hdfs-default.xml, hdfs-site.xml, file:/home/alex/Repositories/hive/ql/target/tmp/TestTxnNoBuckets/mapred/local/localRunner/alex/job_local1468865680_0062/job_local1468865680_0062.xml], properties={name=default.tmp, columns.types=int:int:int, serialization.format=1, columns=c1,c2,c3, numFilesErasureCoded=0, columns.comments=&amp#0;&amp#0;, bucketing_version=2, serialization.lib=org.apache.hadoop.hive.ql.io.orc.OrcSerde, file.inputformat=org.apache.hadoop.hive.ql.io.orc.OrcInputFormat, file.outputformat=org.apache.hadoop.hive.ql.io.orc.OrcOutputFormat, location=file:/home/alex/Repositories/hive/ql/target/tmp/org.apache.hadoop.hive.ql.TestTxnNoBuckets-1713946626176/warehouse/tmp, column.name.delimiter=,}, tableProperties={name=default.tmp, columns.types=int:int:int, serialization.format=1, columns=c1,c2,c3, numFilesErasureCoded=0, columns.comments=&amp#0;&amp#0;, bucketing_version=2, serialization.lib=org.apache.hadoop.hive.ql.io.orc.OrcSerde, file.inputformat=org.apache.hadoop.hive.ql.io.orc.OrcInputFormat, location=file:/home/alex/Repositories/hive/ql/target/tmp/org.apache.hadoop.hive.ql.TestTxnNoBuckets-1713946626176/warehouse/tmp, file.outputformat=org.apache.hadoop.hive.ql.io.orc.OrcOutputFormat, column.name.delimiter=,}, partitionProperties=Optional.empty, columnNames=[c1, c2, c3], columnTypes=[int, int, int], getClass()=class org.apache.hadoop.hive.ql.io.orc.OrcSerde] and formatter : org.apache.hadoop.hive.ql.io.orc.OrcOutputFormat@587b196f
2024-04-24T01:19:32,234  INFO [LocalJobRunner Map Task Executor #0] exec.FileSinkOperator: Final Path: FS file:/home/alex/Repositories/hive/ql/target/tmp/org.apache.hadoop.hive.ql.TestTxnNoBuckets-1713946626176/warehouse/tmp/.hive-staging_hive_2024-04-24_01-19-31_652_5705965696377337738-1/_tmp.-ext-10002/000000_0
2024-04-24T01:19:32,234  INFO [LocalJobRunner Map Task Executor #0] exec.FileSinkOperator: Writing to temp file: FS file:/home/alex/Repositories/hive/ql/target/tmp/org.apache.hadoop.hive.ql.TestTxnNoBuckets-1713946626176/warehouse/tmp/.hive-staging_hive_2024-04-24_01-19-31_652_5705965696377337738-1/_task_tmp.-ext-10002/_tmp.000000_0
2024-04-24T01:19:32,234  INFO [LocalJobRunner Map Task Executor #0] exec.FileSinkOperator: New Final Path: FS file:/home/alex/Repositories/hive/ql/target/tmp/org.apache.hadoop.hive.ql.TestTxnNoBuckets-1713946626176/warehouse/tmp/.hive-staging_hive_2024-04-24_01-19-31_652_5705965696377337738-1/_tmp.-ext-10002/000000_0
2024-04-24T01:19:32,235  INFO [LocalJobRunner Map Task Executor #0] exec.FileSinkOperator: FS[4]: records written - 1
2024-04-24T01:19:32,235  INFO [LocalJobRunner Map Task Executor #0] impl.PhysicalFsWriter: ORC writer created for path: file:/home/alex/Repositories/hive/ql/target/tmp/org.apache.hadoop.hive.ql.TestTxnNoBuckets-1713946626176/warehouse/tmp/.hive-staging_hive_2024-04-24_01-19-31_652_5705965696377337738-1/_task_tmp.-ext-10002/_tmp.000000_0 with stripeSize: 67108864 blockSize: 268435456 compression: Compress: ZLIB buffer: 262144
2024-04-24T01:19:32,241  INFO [LocalJobRunner Map Task Executor #0] impl.WriterImpl: ORC writer created for path: file:/home/alex/Repositories/hive/ql/target/tmp/org.apache.hadoop.hive.ql.TestTxnNoBuckets-1713946626176/warehouse/tmp/.hive-staging_hive_2024-04-24_01-19-31_652_5705965696377337738-1/_task_tmp.-ext-10002/_tmp.000000_0 with stripeSize: 67108864 options: Compress: ZLIB buffer: 262144
2024-04-24T01:19:32,241  INFO [LocalJobRunner Map Task Executor #0] exec.MapOperator: MAP[0]: records read - 1
2024-04-24T01:19:32,242  INFO [LocalJobRunner Map Task Executor #0] exec.MapOperator: Closing Operator: MAP[0]
2024-04-24T01:19:32,242  INFO [LocalJobRunner Map Task Executor #0] exec.MapOperator: MAP[0]: Total records read - 3. abort - false
2024-04-24T01:19:32,242  INFO [LocalJobRunner Map Task Executor #0] exec.MapOperator: RECORDS_OUT_INTERMEDIATE:0, RECORDS_OUT_OPERATOR_MAP_0:0, RECORDS_IN:3, DESERIALIZE_ERRORS:0, 
2024-04-24T01:19:32,242  INFO [LocalJobRunner Map Task Executor #0] exec.TableScanOperator: Closing Operator: TS[0]
2024-04-24T01:19:32,242  INFO [LocalJobRunner Map Task Executor #0] exec.TableScanOperator: RECORDS_OUT_OPERATOR_TS_0:1, RECORDS_OUT_INTERMEDIATE:0, 
2024-04-24T01:19:32,242  INFO [LocalJobRunner Map Task Executor #0] exec.SelectOperator: Closing Operator: SEL[1]
2024-04-24T01:19:32,242  INFO [LocalJobRunner Map Task Executor #0] exec.SelectOperator: RECORDS_OUT_OPERATOR_SEL_1:1, RECORDS_OUT_INTERMEDIATE:0, 
2024-04-24T01:19:32,242  INFO [LocalJobRunner Map Task Executor #0] exec.UDTFOperator: Closing Operator: UDTF[2]
2024-04-24T01:19:32,242  INFO [LocalJobRunner Map Task Executor #0] exec.UDTFOperator: RECORDS_OUT_OPERATOR_UDTF_2:2, RECORDS_OUT_INTERMEDIATE:0, 
2024-04-24T01:19:32,242  INFO [LocalJobRunner Map Task Executor #0] exec.SelectOperator: Closing Operator: SEL[3]
2024-04-24T01:19:32,242  INFO [LocalJobRunner Map Task Executor #0] exec.SelectOperator: RECORDS_OUT_INTERMEDIATE:0, RECORDS_OUT_OPERATOR_SEL_3:2, 
2024-04-24T01:19:32,242  INFO [LocalJobRunner Map Task Executor #0] exec.FileSinkOperator: Closing Operator: FS[4]
2024-04-24T01:19:32,242  INFO [LocalJobRunner Map Task Executor #0] exec.FileSinkOperator: FS[4]: records written - 2
2024-04-24T01:19:32,248  INFO [LocalJobRunner Map Task Executor #0] exec.FileSinkOperator: RECORDS_OUT_OPERATOR_FS_4:2, TOTAL_TABLE_ROWS_WRITTEN:2, RECORDS_OUT_1_default.tmp:2, RECORDS_OUT_INTERMEDIATE:0, 
2024-04-24T01:19:32,249  INFO [LocalJobRunner Map Task Executor #0] mapred.LocalJobRunner: 
2024-04-24T01:19:32,249  INFO [LocalJobRunner Map Task Executor #0] mapred.Task: Task:attempt_local1468865680_0062_m_000000_0 is done. And is in the process of committing
2024-04-24T01:19:32,250  INFO [LocalJobRunner Map Task Executor #0] mapred.LocalJobRunner: map
2024-04-24T01:19:32,250  INFO [LocalJobRunner Map Task Executor #0] mapred.Task: Task 'attempt_local1468865680_0062_m_000000_0' done.
2024-04-24T01:19:32,250  INFO [LocalJobRunner Map Task Executor #0] mapred.Task: Final Counters for attempt_local1468865680_0062_m_000000_0: Counters: 27
	File System Counters
		FILE: Number of bytes read=1483361
		FILE: Number of bytes written=73112686
		FILE: Number of read operations=0
		FILE: Number of large read operations=0
		FILE: Number of write operations=0
	Map-Reduce Framework
		Map input records=4
		Map output records=0
		Input split bytes=361
		Spilled Records=0
		Failed Shuffles=0
		Merged Map outputs=0
		GC time elapsed (ms)=0
		Total committed heap usage (bytes)=1352138752
	HIVE
		CREATED_FILES=1
		DESERIALIZE_ERRORS=0
		RECORDS_IN=3
		RECORDS_OUT_1_default.tmp=2
		RECORDS_OUT_INTERMEDIATE=0
		RECORDS_OUT_OPERATOR_FS_4=2
		RECORDS_OUT_OPERATOR_MAP_0=0
		RECORDS_OUT_OPERATOR_SEL_1=1
		RECORDS_OUT_OPERATOR_SEL_3=2
		RECORDS_OUT_OPERATOR_TS_0=1
		RECORDS_OUT_OPERATOR_UDTF_2=2
		TOTAL_TABLE_ROWS_WRITTEN=2
	File Input Format Counters 
		Bytes Read=5918
	File Output Format Counters 
		Bytes Written=0
2024-04-24T01:19:32,250  INFO [LocalJobRunner Map Task Executor #0] mapred.LocalJobRunner: Finishing task: attempt_local1468865680_0062_m_000000_0
2024-04-24T01:19:32,250  INFO [Thread-4108] mapred.LocalJobRunner: map task executor complete.
2024-04-24 01:19:33,229 Stage-1 map = 100%,  reduce = 0%
2024-04-24T01:19:33,229  INFO [main] exec.Task: 2024-04-24 01:19:33,229 Stage-1 map = 100%,  reduce = 0%
Ended Job = job_local1468865680_0062
2024-04-24T01:19:33,230  INFO [main] exec.Task: Ended Job = job_local1468865680_0062
2024-04-24T01:19:33,231  INFO [main] ql.Driver: Starting task [Stage-7:CONDITIONAL] in serial mode
Stage-4 is selected by condition resolver.
2024-04-24T01:19:33,232  INFO [main] exec.Task: Stage-4 is selected by condition resolver.
Stage-3 is filtered out by condition resolver.
2024-04-24T01:19:33,232  INFO [main] exec.Task: Stage-3 is filtered out by condition resolver.
Stage-5 is filtered out by condition resolver.
2024-04-24T01:19:33,232  INFO [main] exec.Task: Stage-5 is filtered out by condition resolver.
2024-04-24T01:19:33,232  INFO [main] ql.Driver: Starting task [Stage-4:MOVE] in serial mode
Moving data to directory file:/home/alex/Repositories/hive/ql/target/tmp/org.apache.hadoop.hive.ql.TestTxnNoBuckets-1713946626176/warehouse/tmp/.hive-staging_hive_2024-04-24_01-19-31_652_5705965696377337738-1/-ext-10000
2024-04-24T01:19:33,232  INFO [main] exec.Task: Moving data to directory file:/home/alex/Repositories/hive/ql/target/tmp/org.apache.hadoop.hive.ql.TestTxnNoBuckets-1713946626176/warehouse/tmp/.hive-staging_hive_2024-04-24_01-19-31_652_5705965696377337738-1/-ext-10000 from file:/home/alex/Repositories/hive/ql/target/tmp/org.apache.hadoop.hive.ql.TestTxnNoBuckets-1713946626176/warehouse/tmp/.hive-staging_hive_2024-04-24_01-19-31_652_5705965696377337738-1/-ext-10002
2024-04-24T01:19:33,232  INFO [main] ql.Driver: Starting task [Stage-0:MOVE] in serial mode
Loading data to table default.tmp
2024-04-24T01:19:33,233  INFO [main] exec.Task: Loading data to table default.tmp from file:/home/alex/Repositories/hive/ql/target/tmp/org.apache.hadoop.hive.ql.TestTxnNoBuckets-1713946626176/warehouse/tmp/.hive-staging_hive_2024-04-24_01-19-31_652_5705965696377337738-1/-ext-10000
2024-04-24T01:19:33,233  INFO [main] HiveMetaStore.audit: ugi=alex	ip=unknown-ip-addr	cmd=get_table : tbl=hive.default.tmp	
2024-04-24T01:19:33,245  INFO [main] metastore.HMSHandler: Skipping translation for processor with null
2024-04-24T01:19:33,246  INFO [main] HiveMetaStore.audit: ugi=alex	ip=unknown-ip-addr	cmd=get_table : tbl=hive.default.tmp	
2024-04-24T01:19:33,258  INFO [main] metastore.HMSHandler: Skipping translation for processor with null
2024-04-24T01:19:33,260  WARN [main] metadata.Hive: Cannot get a table snapshot for tmp
2024-04-24T01:19:33,260  INFO [main] HiveMetaStore.audit: ugi=alex	ip=unknown-ip-addr	cmd=alter_table: hive.default.tmp newtbl=tmp	
2024-04-24T01:19:33,289  INFO [main] ql.Driver: Starting task [Stage-2:STATS] in serial mode
2024-04-24T01:19:33,289  INFO [main] HiveMetaStore.audit: ugi=alex	ip=unknown-ip-addr	cmd=get_table : tbl=hive.default.tmp	
2024-04-24T01:19:33,304  INFO [main] metastore.HMSHandler: Skipping translation for processor with null
2024-04-24T01:19:33,304  INFO [main] stats.BasicStatsTask: Executing stats task
2024-04-24T01:19:33,304  INFO [main] fs.FSStatsPublisher: created : file:/home/alex/Repositories/hive/ql/target/tmp/localscratchdir/bdc7588d-5ad3-4d18-a389-f8043e3102cc/hive_2024-04-24_01-19-31_652_5705965696377337738-1/-mr-10001
2024-04-24T01:19:33,306  INFO [main] HiveMetaStore.audit: ugi=alex	ip=unknown-ip-addr	cmd=get_table : tbl=hive.default.tmp	
2024-04-24T01:19:33,320  INFO [main] metastore.HMSHandler: Skipping translation for processor with null
2024-04-24T01:19:33,321  INFO [main] FileOperations: Read stats for default.tmp/, numRows, true, 2, false: 
2024-04-24T01:19:33,321  INFO [main] FileOperations: Read stats for default.tmp/, rawDataSize, true, 24, false: 
2024-04-24T01:19:33,322  WARN [main] metadata.Hive: Cannot get a table snapshot for tmp
2024-04-24T01:19:33,322  INFO [main] HiveMetaStore.audit: ugi=alex	ip=unknown-ip-addr	cmd=alter_table: hive.default.tmp newtbl=tmp	
2024-04-24T01:19:33,360  INFO [main] stats.BasicStatsTask: Table default.tmp stats: [numFiles=2, numRows=4, totalSize=562, rawDataSize=48, numFilesErasureCoded=0]
2024-04-24T01:19:33,361  INFO [main] metadata.Hive: Dumping metastore api call timing information for : execution phase
2024-04-24T01:19:33,361  INFO [main] metadata.Hive: Total time spent in each metastore function (ms): {getTable_(GetTableRequest)=56, alter_table_(String, String, String, Table, EnvironmentContext, String)=67, isCompatibleWith_(Configuration)=0}
MapReduce Jobs Launched: 
2024-04-24T01:19:33,361  INFO [main] ql.Driver: MapReduce Jobs Launched: 
Stage-Stage-1:  HDFS Read: 0 HDFS Write: 0 SUCCESS
2024-04-24T01:19:33,361  INFO [main] ql.Driver: Stage-Stage-1:  HDFS Read: 0 HDFS Write: 0 SUCCESS
Total MapReduce CPU Time Spent: 0 msec
2024-04-24T01:19:33,361  INFO [main] ql.Driver: Total MapReduce CPU Time Spent: 0 msec
2024-04-24T01:19:33,361  INFO [main] ql.Driver: Completed executing command(queryId=alex_20240424011931_db84b9b2-7579-47e1-8822-2e24da3b5f9b); Time taken: 1.479 seconds
2024-04-24T01:19:33,361  INFO [main] lockmgr.DbTxnManager: Stopped heartbeat for query: alex_20240424011931_db84b9b2-7579-47e1-8822-2e24da3b5f9b
2024-04-24T01:19:33,366  INFO [main] txn.TxnHandler: Expected to move at least one record from txn_components to completed_txn_components when committing txn! txnid:16
2024-04-24T01:19:33,375  INFO [main] txn.TxnHandler: Removed transactions: ([16]) from MIN_HISTORY_LEVEL
2024-04-24T01:19:33,375  WARN [main] txn.CompactionTxnHandler: No compaction queue record found for Compaction type transaction commit. txnId:16
2024-04-24T01:19:33,376  INFO [main] ql.TxnCommandsBaseForTests: Running the query: drop table if exists nobuckets
2024-04-24T01:19:33,376  INFO [main] ql.Context: Deleting scratch dir: file:/home/alex/Repositories/hive/ql/target/tmp/org.apache.hadoop.hive.ql.TestTxnNoBuckets-1713946626176/warehouse/tmp/.hive-staging_hive_2024-04-24_01-19-31_652_5705965696377337738-1
2024-04-24T01:19:33,376  INFO [main] cleanup.SyncCleanupService: Deleted directory: file:/home/alex/Repositories/hive/ql/target/tmp/org.apache.hadoop.hive.ql.TestTxnNoBuckets-1713946626176/warehouse/tmp/.hive-staging_hive_2024-04-24_01-19-31_652_5705965696377337738-1 on fs with scheme file
2024-04-24T01:19:33,377  INFO [main] ql.Context: Deleting scratch dir: file:/home/alex/Repositories/hive/ql/target/tmp/localscratchdir/bdc7588d-5ad3-4d18-a389-f8043e3102cc/hive_2024-04-24_01-19-31_652_5705965696377337738-1
2024-04-24T01:19:33,377  INFO [main] cleanup.SyncCleanupService: Deleted directory: file:/home/alex/Repositories/hive/ql/target/tmp/localscratchdir/bdc7588d-5ad3-4d18-a389-f8043e3102cc/hive_2024-04-24_01-19-31_652_5705965696377337738-1 on fs with scheme file
2024-04-24T01:19:33,378  INFO [main] ql.Driver: Compiling command(queryId=alex_20240424011933_9f0f64cb-0642-4a0b-acad-68e759b3af95): drop table if exists nobuckets
2024-04-24T01:19:33,381  INFO [main] txn.TxnHandler: Added entries to MIN_HISTORY_LEVEL for current txns: ([17]) with min_open_txn: 17
2024-04-24T01:19:33,381  INFO [main] lockmgr.DbTxnManager: Opened txnid:17
2024-04-24T01:19:33,382  INFO [main] HiveMetaStore.audit: ugi=alex	ip=unknown-ip-addr	cmd=get_table : tbl=hive.default.nobuckets	
2024-04-24T01:19:33,392  INFO [main] metastore.HMSHandler: Skipping translation for processor with null
2024-04-24T01:19:33,392  INFO [main] ql.Driver: Semantic Analysis Completed (retrial = false)
2024-04-24T01:19:33,392  INFO [main] ql.Driver: Created Hive schema: Schema(fieldSchemas:null, properties:null)
2024-04-24T01:19:33,392  INFO [main] metadata.Hive: Dumping metastore api call timing information for : compilation phase
2024-04-24T01:19:33,393  INFO [main] metadata.Hive: Total time spent in each metastore function (ms): {getTable_(GetTableRequest)=10, commitTxn_(CommitTxnRequest)=13, isCompatibleWith_(Configuration)=1, getValidTxns_(long)=1, openTxn_(String, TxnType)=3, flushCache_()=0}
2024-04-24T01:19:33,393  INFO [main] ql.Driver: Completed compiling command(queryId=alex_20240424011933_9f0f64cb-0642-4a0b-acad-68e759b3af95); Time taken: 0.014 seconds
2024-04-24T01:19:33,393  INFO [main] lockmgr.DbTxnManager: Setting lock request transaction to txnid:17 for queryId=alex_20240424011933_9f0f64cb-0642-4a0b-acad-68e759b3af95
2024-04-24T01:19:33,394  INFO [main] lockmgr.DbLockManager: Requesting lock for queryId=alex_20240424011933_9f0f64cb-0642-4a0b-acad-68e759b3af95
2024-04-24T01:19:33,415  INFO [main] lockmgr.DbLockManager: Response to queryId=alex_20240424011933_9f0f64cb-0642-4a0b-acad-68e759b3af95 LockResponse(lockid:11, state:ACQUIRED)
2024-04-24T01:19:33,415  INFO [main] ql.Driver: Operation DROPTABLE obtained 1 locks
2024-04-24T01:19:33,415  INFO [main] ql.Driver: Executing command(queryId=alex_20240424011933_9f0f64cb-0642-4a0b-acad-68e759b3af95): drop table if exists nobuckets
2024-04-24T01:19:33,415  INFO [main] ql.Driver: Starting task [Stage-0:DDL] in serial mode
2024-04-24T01:19:33,415  INFO [main] HiveMetaStore.audit: ugi=alex	ip=unknown-ip-addr	cmd=get_table : tbl=hive.default.nobuckets	
2024-04-24T01:19:33,426  INFO [main] metastore.HMSHandler: Skipping translation for processor with null
2024-04-24T01:19:33,426  INFO [main] HiveMetaStore.audit: ugi=alex	ip=unknown-ip-addr	cmd=get_table : tbl=hive.default.nobuckets	
2024-04-24T01:19:33,436  INFO [main] metastore.HMSHandler: Skipping translation for processor with null
2024-04-24T01:19:33,436  INFO [main] HiveMetaStore.audit: ugi=alex	ip=unknown-ip-addr	cmd=drop_table : tbl=hive.default.nobuckets	
2024-04-24T01:19:33,628  WARN [main] utils.FileUtils: File file:/home/alex/Repositories/hive/ql/target/tmp/org.apache.hadoop.hive.ql.TestTxnNoBuckets-1713946626176/warehouse/nobuckets does not exist; Force to delete it.
2024-04-24T01:19:33,628 ERROR [main] utils.FileUtils: Failed to delete file:/home/alex/Repositories/hive/ql/target/tmp/org.apache.hadoop.hive.ql.TestTxnNoBuckets-1713946626176/warehouse/nobuckets
2024-04-24T01:19:33,628  INFO [main] metadata.Hive: Dumping metastore api call timing information for : execution phase
2024-04-24T01:19:33,628  INFO [main] metadata.Hive: Total time spent in each metastore function (ms): {dropTable_(String, String, boolean, boolean, boolean)=202, isCompatibleWith_(Configuration)=0, getTable_(GetTableRequest)=11}
2024-04-24T01:19:33,628  INFO [main] ql.Driver: Completed executing command(queryId=alex_20240424011933_9f0f64cb-0642-4a0b-acad-68e759b3af95); Time taken: 0.213 seconds
2024-04-24T01:19:33,629  INFO [main] lockmgr.DbTxnManager: Stopped heartbeat for query: alex_20240424011933_9f0f64cb-0642-4a0b-acad-68e759b3af95
2024-04-24T01:19:33,633  INFO [main] txn.TxnHandler: Expected to move at least one record from txn_components to completed_txn_components when committing txn! txnid:17
2024-04-24T01:19:33,640  INFO [main] txn.TxnHandler: Removed transactions: ([17]) from MIN_HISTORY_LEVEL
2024-04-24T01:19:33,642  WARN [main] txn.CompactionTxnHandler: No compaction queue record found for Compaction type transaction commit. txnId:17
2024-04-24T01:19:33,642  INFO [main] ql.TxnCommandsBaseForTests: Running the query: create table nobuckets (c1 integer, c2 integer, c3 integer) stored as orc tblproperties('transactional'='true', 'transactional_properties'='default')
2024-04-24T01:19:33,642  INFO [main] ql.Driver: Compiling command(queryId=alex_20240424011933_6de6e5fc-30a0-41b0-897a-a4f4c985df9f): create table nobuckets (c1 integer, c2 integer, c3 integer) stored as orc tblproperties('transactional'='true', 'transactional_properties'='default')
2024-04-24T01:19:33,652  INFO [main] txn.TxnHandler: Added entries to MIN_HISTORY_LEVEL for current txns: ([18]) with min_open_txn: 17
2024-04-24T01:19:33,653  INFO [main] lockmgr.DbTxnManager: Opened txnid:18
2024-04-24T01:19:33,655  INFO [main] parse.CalcitePlanner: Starting caching scope for: 
2024-04-24T01:19:33,655  INFO [main] parse.CalcitePlanner: Starting Semantic Analysis
2024-04-24T01:19:33,660  INFO [main] parse.CalcitePlanner: Creating table default.nobuckets position=13
2024-04-24T01:19:33,660  INFO [main] HiveMetaStore.audit: ugi=alex	ip=unknown-ip-addr	cmd=get_database: default	
2024-04-24T01:19:33,665  INFO [main] parse.CalcitePlanner: Ending caching scope for: 
2024-04-24T01:19:33,665  INFO [main] ql.Driver: Semantic Analysis Completed (retrial = false)
2024-04-24T01:19:33,665  INFO [main] ql.Driver: Created Hive schema: Schema(fieldSchemas:null, properties:null)
2024-04-24T01:19:33,665  INFO [main] metadata.Hive: Dumping metastore api call timing information for : compilation phase
2024-04-24T01:19:33,665  INFO [main] metadata.Hive: Total time spent in each metastore function (ms): {isCompatibleWith_(Configuration)=0, getValidWriteIds_(List, String)=5, openTxn_(String, TxnType)=10, flushCache_()=0, getValidTxns_(long)=2, getDatabase_(String)=5, commitTxn_(CommitTxnRequest)=13}
2024-04-24T01:19:33,666  INFO [main] ql.Driver: Completed compiling command(queryId=alex_20240424011933_6de6e5fc-30a0-41b0-897a-a4f4c985df9f); Time taken: 0.023 seconds
2024-04-24T01:19:33,666  INFO [main] lockmgr.DbTxnManager: Setting lock request transaction to txnid:18 for queryId=alex_20240424011933_6de6e5fc-30a0-41b0-897a-a4f4c985df9f
2024-04-24T01:19:33,666  INFO [main] lockmgr.DbLockManager: Requesting lock for queryId=alex_20240424011933_6de6e5fc-30a0-41b0-897a-a4f4c985df9f
2024-04-24T01:19:33,687  INFO [main] lockmgr.DbLockManager: Response to queryId=alex_20240424011933_6de6e5fc-30a0-41b0-897a-a4f4c985df9f LockResponse(lockid:12, state:ACQUIRED)
2024-04-24T01:19:33,687  INFO [main] ql.Driver: Operation CREATETABLE obtained 1 locks
2024-04-24T01:19:33,688  INFO [main] ql.Driver: Executing command(queryId=alex_20240424011933_6de6e5fc-30a0-41b0-897a-a4f4c985df9f): create table nobuckets (c1 integer, c2 integer, c3 integer) stored as orc tblproperties('transactional'='true', 'transactional_properties'='default')
2024-04-24T01:19:33,688  INFO [main] ql.Driver: Starting task [Stage-0:DDL] in serial mode
2024-04-24T01:19:33,690  INFO [main] HiveMetaStore.audit: ugi=alex	ip=unknown-ip-addr	cmd=create_table_req: Table(tableName:nobuckets, dbName:default, owner:alex, createTime:1713946773, lastAccessTime:0, retention:0, sd:StorageDescriptor(cols:[FieldSchema(name:c1, type:int, comment:null), FieldSchema(name:c2, type:int, comment:null), FieldSchema(name:c3, type:int, comment:null)], location:null, inputFormat:org.apache.hadoop.hive.ql.io.orc.OrcInputFormat, outputFormat:org.apache.hadoop.hive.ql.io.orc.OrcOutputFormat, compressed:false, numBuckets:-1, serdeInfo:SerDeInfo(name:null, serializationLib:org.apache.hadoop.hive.ql.io.orc.OrcSerde, parameters:{serialization.format=1}), bucketCols:[], sortCols:[], parameters:{}, skewedInfo:SkewedInfo(skewedColNames:[], skewedColValues:[], skewedColValueLocationMaps:{}), storedAsSubDirectories:false), partitionKeys:[], parameters:{COLUMN_STATS_ACCURATE={"BASIC_STATS":"true","COLUMN_STATS":{"c1":"true","c2":"true","c3":"true"}}, bucketing_version=2, rawDataSize=0, totalSize=0, transactional=true, numFilesErasureCoded=0, numFiles=0, transactional_properties=default, numRows=0}, viewOriginalText:null, viewExpandedText:null, tableType:MANAGED_TABLE, privileges:PrincipalPrivilegeSet(userPrivileges:{alex=[PrivilegeGrantInfo(privilege:INSERT, createTime:-1, grantor:alex, grantorType:USER, grantOption:true), PrivilegeGrantInfo(privilege:SELECT, createTime:-1, grantor:alex, grantorType:USER, grantOption:true), PrivilegeGrantInfo(privilege:UPDATE, createTime:-1, grantor:alex, grantorType:USER, grantOption:true), PrivilegeGrantInfo(privilege:DELETE, createTime:-1, grantor:alex, grantorType:USER, grantOption:true)]}, groupPrivileges:null, rolePrivileges:null), temporary:false, catName:hive, ownerType:USER, writeId:0)	
2024-04-24T01:19:33,696  INFO [main] utils.FileUtils: Creating directory if it doesn't exist: file:/home/alex/Repositories/hive/ql/target/tmp/org.apache.hadoop.hive.ql.TestTxnNoBuckets-1713946626176/warehouse/nobuckets
2024-04-24T01:19:33,742  INFO [main] metadata.Hive: Dumping metastore api call timing information for : execution phase
2024-04-24T01:19:33,742  INFO [main] metadata.Hive: Total time spent in each metastore function (ms): {isCompatibleWith_(Configuration)=0, createTable_(Table)=53}
2024-04-24T01:19:33,742  INFO [main] ql.Driver: Completed executing command(queryId=alex_20240424011933_6de6e5fc-30a0-41b0-897a-a4f4c985df9f); Time taken: 0.054 seconds
2024-04-24T01:19:33,742  INFO [main] lockmgr.DbTxnManager: Stopped heartbeat for query: alex_20240424011933_6de6e5fc-30a0-41b0-897a-a4f4c985df9f
2024-04-24T01:19:33,748  INFO [main] txn.TxnHandler: Expected to move at least one record from txn_components to completed_txn_components when committing txn! txnid:18
2024-04-24T01:19:33,757  INFO [main] txn.TxnHandler: Removed transactions: ([18]) from MIN_HISTORY_LEVEL
2024-04-24T01:19:33,757  WARN [main] txn.CompactionTxnHandler: No compaction queue record found for Compaction type transaction commit. txnId:18
2024-04-24T01:19:33,757  INFO [main] ql.TxnCommandsBaseForTests: Running the query: insert into nobuckets select * from tmp
2024-04-24T01:19:33,758  INFO [main] ql.Driver: Compiling command(queryId=alex_20240424011933_7db7e063-59a5-4ebd-b4c4-41d5bbd78043): insert into nobuckets select * from tmp
2024-04-24T01:19:33,761  INFO [main] txn.TxnHandler: Added entries to MIN_HISTORY_LEVEL for current txns: ([19]) with min_open_txn: 17
2024-04-24T01:19:33,761  INFO [main] lockmgr.DbTxnManager: Opened txnid:19
2024-04-24T01:19:33,762  INFO [main] parse.CalcitePlanner: Starting caching scope for: 
2024-04-24T01:19:33,762  INFO [main] parse.CalcitePlanner: Starting Semantic Analysis
2024-04-24T01:19:33,765  INFO [main] parse.CalcitePlanner: Completed phase 1 of Semantic Analysis
2024-04-24T01:19:33,765  INFO [main] parse.CalcitePlanner: Get metadata for source tables
2024-04-24T01:19:33,766  INFO [main] HiveMetaStore.audit: ugi=alex	ip=unknown-ip-addr	cmd=get_table : tbl=hive.default.tmp	
2024-04-24T01:19:33,808  INFO [main] metastore.HMSHandler: Skipping translation for processor with null
2024-04-24T01:19:33,808  INFO [main] parse.CalcitePlanner: Get metadata for subqueries
2024-04-24T01:19:33,808  INFO [main] parse.CalcitePlanner: Get metadata for destination tables
2024-04-24T01:19:33,808  INFO [main] HiveMetaStore.audit: ugi=alex	ip=unknown-ip-addr	cmd=get_table : tbl=hive.default.nobuckets	
2024-04-24T01:19:33,817  INFO [main] metastore.HMSHandler: Skipping translation for processor with null
2024-04-24T01:19:33,817  INFO [main] parse.CalcitePlanner: Completed getting MetaData in Semantic Analysis
2024-04-24T01:19:33,817  INFO [main] parse.CalcitePlanner: Disabling LLAP IO encode as ETL query is detected
2024-04-24T01:19:33,836  INFO [main] HiveMetaStore.audit: ugi=alex	ip=unknown-ip-addr	cmd=get_all_table_constraints : tbl=hive.default.tmp	
2024-04-24T01:19:33,874  INFO [main] calcite.RelOptHiveTable: Calculating column statistics for default.tmp, projIndxSet: [0, 1, 2], allowMissingStats: true
2024-04-24T01:19:33,875  INFO [main] HiveMetaStore.audit: ugi=alex	ip=unknown-ip-addr	cmd=get_table_statistics_req: table=hive.default.tmp	
2024-04-24T01:19:33,886  WARN [main] calcite.RelOptHiveTable: No Stats for default@tmp, Columns: c1, c3, c2
No Stats for default@tmp, Columns: c1, c3, c2
2024-04-24T01:19:33,886  INFO [main] SessionState: No Stats for default@tmp, Columns: c1, c3, c2
2024-04-24T01:19:33,928  INFO [main] parse.CalcitePlanner: Get metadata for source tables
2024-04-24T01:19:33,928  INFO [main] parse.CalcitePlanner: Get metadata for subqueries
2024-04-24T01:19:33,928  INFO [main] parse.CalcitePlanner: Get metadata for destination tables
2024-04-24T01:19:33,929  INFO [main] HiveMetaStore.audit: ugi=alex	ip=unknown-ip-addr	cmd=get_table : tbl=hive.default.nobuckets	
2024-04-24T01:19:33,935  INFO [main] metastore.HMSHandler: Skipping translation for processor with null
2024-04-24T01:19:33,936  INFO [main] HiveMetaStore.audit: ugi=alex	ip=unknown-ip-addr	cmd=get_not_null_constraints : tbl=hive.default.nobuckets	
2024-04-24T01:19:33,937  INFO [main] HiveMetaStore.audit: ugi=alex	ip=unknown-ip-addr	cmd=get_check_constraints : tbl=hive.default.nobuckets	
2024-04-24T01:19:33,945  INFO [main] txn.TxnHandler: Allocated writeId: 1 for txnId: 19
2024-04-24T01:19:33,945  INFO [main] txn.TxnHandler: Allocated write ids for dbName=default, tblName=nobuckets (txnIds: [19])
2024-04-24T01:19:33,948  INFO [main] parse.CalcitePlanner: CBO Succeeded; optimized logical plan.
2024-04-24T01:19:33,950  INFO [main] optimizer.BucketVersionPopulator: not considering bucketingVersion for: TS[0] because it has -1<2 buckets 
2024-04-24T01:19:33,951  INFO [main] optimizer.SortedDynPartitionOptimizer: Sorted dynamic partitioning optimization kicked in..
2024-04-24T01:19:33,958  INFO [main] HiveMetaStore.audit: ugi=alex	ip=unknown-ip-addr	cmd=get_table : tbl=hive.default.nobuckets	
2024-04-24T01:19:33,965  INFO [main] metastore.HMSHandler: Skipping translation for processor with null
2024-04-24T01:19:33,966  INFO [main] parse.CalcitePlanner: Completed plan generation
2024-04-24T01:19:33,966  INFO [main] parse.CalcitePlanner: Ending caching scope for: 
2024-04-24T01:19:33,966  INFO [main] ql.Driver: Semantic Analysis Completed (retrial = false)
2024-04-24T01:19:33,966  INFO [main] ql.Driver: Created Hive schema: Schema(fieldSchemas:[FieldSchema(name:tmp.c1, type:int, comment:null), FieldSchema(name:tmp.c2, type:int, comment:null), FieldSchema(name:tmp.c3, type:int, comment:null)], properties:null)
2024-04-24T01:19:33,966  INFO [main] metadata.Hive: Dumping metastore api call timing information for : compilation phase
2024-04-24T01:19:33,966  INFO [main] metadata.Hive: Total time spent in each metastore function (ms): {getTableColumnStatistics_(String, String, List, String)=11, openTxn_(String, TxnType)=3, commitTxn_(CommitTxnRequest)=14, flushCache_()=0, getAllTableConstraints_(AllTableConstraintsRequest)=37, getNotNullConstraints_(NotNullConstraintsRequest)=1, isCompatibleWith_(Configuration)=2, getValidWriteIds_(List, String)=3, getValidTxns_(long)=1, getTable_(GetTableRequest)=64, getCheckConstraints_(CheckConstraintsRequest)=1, allocateTableWriteId_(long, String, String)=7}
2024-04-24T01:19:33,967  INFO [main] ql.Driver: Completed compiling command(queryId=alex_20240424011933_7db7e063-59a5-4ebd-b4c4-41d5bbd78043); Time taken: 0.208 seconds
2024-04-24T01:19:33,967  INFO [main] lockmgr.DbTxnManager: Setting lock request transaction to txnid:19 for queryId=alex_20240424011933_7db7e063-59a5-4ebd-b4c4-41d5bbd78043
2024-04-24T01:19:33,967  INFO [main] lockmgr.DbLockManager: Requesting lock for queryId=alex_20240424011933_7db7e063-59a5-4ebd-b4c4-41d5bbd78043
2024-04-24T01:19:33,982  INFO [main] lockmgr.DbLockManager: Response to queryId=alex_20240424011933_7db7e063-59a5-4ebd-b4c4-41d5bbd78043 LockResponse(lockid:13, state:ACQUIRED)
2024-04-24T01:19:33,982  INFO [main] ql.Driver: Operation QUERY obtained 1 locks
2024-04-24T01:19:33,984  INFO [main] ql.Driver: Executing command(queryId=alex_20240424011933_7db7e063-59a5-4ebd-b4c4-41d5bbd78043): insert into nobuckets select * from tmp
2024-04-24T01:19:33,985  WARN [main] ql.Driver: Hive-on-MR is deprecated in Hive 2 and may not be available in the future versions. Consider using a different execution engine (i.e. spark, tez) or using Hive 1.X releases.
Query ID = alex_20240424011933_7db7e063-59a5-4ebd-b4c4-41d5bbd78043
2024-04-24T01:19:33,985  INFO [main] ql.Driver: Query ID = alex_20240424011933_7db7e063-59a5-4ebd-b4c4-41d5bbd78043
Total jobs = 1
2024-04-24T01:19:33,985  INFO [main] ql.Driver: Total jobs = 1
Launching Job 1 out of 1
2024-04-24T01:19:33,985  INFO [main] ql.Driver: Launching Job 1 out of 1
2024-04-24T01:19:34,121  INFO [main] ql.Driver: Starting task [Stage-1:MAPRED] in serial mode
Number of reduce tasks is set to 0 since there's no reduce operator
2024-04-24T01:19:34,122  INFO [main] exec.Task: Number of reduce tasks is set to 0 since there's no reduce operator
2024-04-24T01:19:34,124  INFO [main] mr.ExecDriver: Using org.apache.hadoop.hive.ql.io.HiveInputFormat
2024-04-24T01:19:34,124  INFO [main] exec.Utilities: Processing alias tmp
2024-04-24T01:19:34,124  INFO [main] exec.Utilities: Adding 1 inputs; the first input is file:/home/alex/Repositories/hive/ql/target/tmp/org.apache.hadoop.hive.ql.TestTxnNoBuckets-1713946626176/warehouse/tmp
2024-04-24T01:19:34,133  INFO [main] exec.SerializationUtilities: Serializing MapWork using kryo
2024-04-24T01:19:34,134  INFO [main] exec.Utilities: Serialized plan (via FILE) - name: null size: 4,80KB
2024-04-24T01:19:34,135  WARN [main] impl.MetricsSystemImpl: JobTracker metrics system already initialized!
2024-04-24T01:19:34,139  INFO [main] fs.FSStatsPublisher: created : file:/home/alex/Repositories/hive/ql/target/tmp/localscratchdir/bdc7588d-5ad3-4d18-a389-f8043e3102cc/hive_2024-04-24_01-19-33_758_1885905253712437126-1/-mr-10000
2024-04-24T01:19:34,141  WARN [main] impl.MetricsSystemImpl: JobTracker metrics system already initialized!
2024-04-24T01:19:34,147  WARN [main] mapreduce.JobResourceUploader: Hadoop command-line option parsing not performed. Implement the Tool interface and execute your application with ToolRunner to remedy this.
2024-04-24T01:19:34,152  WARN [main] mapreduce.JobResourceUploader: No job jar file set.  User classes may not be found. See Job or Job#setJar(String).
2024-04-24T01:19:34,153  INFO [main] io.HiveInputFormat: hive.io.file.readcolumn.ids = 0,1,2
2024-04-24T01:19:34,153  INFO [main] io.HiveInputFormat: hive.io.file.readcolumn.names = c1,c2,c3
2024-04-24T01:19:34,153  INFO [main] io.HiveInputFormat: Generating splits for dirs: file:/home/alex/Repositories/hive/ql/target/tmp/org.apache.hadoop.hive.ql.TestTxnNoBuckets-1713946626176/warehouse/tmp
2024-04-24T01:19:34,153  INFO [main] orc.OrcInputFormat: getSplits started
2024-04-24T01:19:34,153  INFO [main] orc.OrcInputFormat: Context:: isAcid: false isVectorMode: false sarg: null minSplitSize: 1 maxSplitSize: 256000000 splitStrategy: HYBRID footerInSplits: false numBuckets: 0 numThreads: 10 cacheMemSize: 268435456 cacheStripeDetails: true useSoftReference: false writeIdList: null:9223372036854775807:9223372036854775807:: isTransactionalTable: true txnProperties: default 
2024-04-24T01:19:34,153  INFO [main] orc.OrcInputFormat: ORC pushdown predicate: null
2024-04-24T01:19:34,160  INFO [main] orc.OrcInputFormat: FooterCacheHitRatio: 0/2
2024-04-24T01:19:34,160  INFO [main] orc.OrcInputFormat: getSplits finished (#splits: 2). duration: 7 ms
2024-04-24T01:19:34,161  INFO [main] io.HiveInputFormat: number of splits 2
2024-04-24T01:19:34,180  INFO [main] mapreduce.JobSubmitter: number of splits:2
2024-04-24T01:19:34,198  INFO [main] mapreduce.JobSubmitter: Submitting tokens for job: job_local1563400155_0063
2024-04-24T01:19:34,198  INFO [main] mapreduce.JobSubmitter: Executing with tokens: []
2024-04-24T01:19:34,261  INFO [main] mapreduce.Job: The url to track the job: http://localhost:8080/
Job running in-process (local Hadoop)
2024-04-24T01:19:34,261  INFO [main] exec.Task: Job running in-process (local Hadoop)
2024-04-24T01:19:34,261  INFO [Thread-4150] mapred.LocalJobRunner: OutputCommitter set in config org.apache.hadoop.hive.ql.io.HiveFileFormatUtils$NullOutputCommitter
2024-04-24T01:19:34,261  INFO [Thread-4150] mapred.LocalJobRunner: OutputCommitter is org.apache.hadoop.hive.ql.io.HiveFileFormatUtils$NullOutputCommitter
2024-04-24T01:19:34,263  INFO [Thread-4150] mapred.LocalJobRunner: Waiting for map tasks
2024-04-24T01:19:34,263  INFO [LocalJobRunner Map Task Executor #0] mapred.LocalJobRunner: Starting task: attempt_local1563400155_0063_m_000000_0
2024-04-24T01:19:34,264  INFO [LocalJobRunner Map Task Executor #0] mapred.Task:  Using ResourceCalculatorProcessTree : [ ]
2024-04-24T01:19:34,264  INFO [LocalJobRunner Map Task Executor #0] mapred.MapTask: Processing split: org.apache.hadoop.hive.ql.io.orc.OrcInputFormat:OrcSplit [file:/home/alex/Repositories/hive/ql/target/tmp/org.apache.hadoop.hive.ql.TestTxnNoBuckets-1713946626176/warehouse/tmp/000000_0, start=0, length=281, isOriginal=true, fileLength=281, hasFooter=false, hasBase=true, deltas=0]
2024-04-24T01:19:34,265  INFO [LocalJobRunner Map Task Executor #0] exec.SerializationUtilities: Deserializing MapWork using kryo
2024-04-24T01:19:34,265  INFO [LocalJobRunner Map Task Executor #0] exec.Utilities: Deserialized plan (via FILE) - name: null size: 4,80KB
2024-04-24T01:19:34,266  INFO [LocalJobRunner Map Task Executor #0] orc.ReaderImpl: Reading ORC rows from file:/home/alex/Repositories/hive/ql/target/tmp/org.apache.hadoop.hive.ql.TestTxnNoBuckets-1713946626176/warehouse/tmp/000000_0 with {include: [true, true, true, true], offset: 0, length: 281, schema: struct<c1:int,c2:int,c3:int>, includeAcidColumns: true}
2024-04-24T01:19:34,267  INFO [LocalJobRunner Map Task Executor #0] mapred.MapTask: numReduceTasks: 0
2024-04-24T01:19:34,268  INFO [LocalJobRunner Map Task Executor #0] exec.MapOperator: Initializing Operator: MAP[0]
2024-04-24T01:19:34,269  INFO [LocalJobRunner Map Task Executor #0] mr.ExecMapper: 
<MAP>Id =0
  <Children>null
  <\Children>
  <Parent><\Parent>
<\MAP>
2024-04-24T01:19:34,269  INFO [LocalJobRunner Map Task Executor #0] exec.TableScanOperator: Initializing Operator: TS[0]
2024-04-24T01:19:34,269  INFO [LocalJobRunner Map Task Executor #0] exec.SelectOperator: Initializing Operator: SEL[1]
2024-04-24T01:19:34,269  INFO [LocalJobRunner Map Task Executor #0] exec.SelectOperator: SELECT struct<c1:int,c2:int,c3:int>
2024-04-24T01:19:34,269  INFO [LocalJobRunner Map Task Executor #0] exec.FileSinkOperator: Initializing Operator: FS[2]
2024-04-24T01:19:34,270  INFO [LocalJobRunner Map Task Executor #0] exec.FileSinkOperator: Using serializer : AbstractSerDe [log=org.apache.logging.slf4j.Log4jLogger@48b320a7, configuration=Optional[Configuration: core-default.xml, core-site.xml, mapred-default.xml, mapred-site.xml, yarn-default.xml, yarn-site.xml, hdfs-default.xml, hdfs-site.xml, file:/home/alex/Repositories/hive/ql/target/tmp/TestTxnNoBuckets/mapred/local/localRunner/alex/job_local1563400155_0063/job_local1563400155_0063.xml], properties={transactional_properties=default, name=default.nobuckets, transactional=true, columns.types=int:int:int, columns=c1,c2,c3, numFilesErasureCoded=0, columns.comments=&amp#0;&amp#0;, bucketing_version=2, serialization.lib=org.apache.hadoop.hive.ql.io.orc.OrcSerde, file.inputformat=org.apache.hadoop.hive.ql.io.orc.OrcInputFormat, file.outputformat=org.apache.hadoop.hive.ql.io.orc.OrcOutputFormat, location=file:/home/alex/Repositories/hive/ql/target/tmp/org.apache.hadoop.hive.ql.TestTxnNoBuckets-1713946626176/warehouse/nobuckets, column.name.delimiter=,}, tableProperties={transactional_properties=default, name=default.nobuckets, transactional=true, columns.types=int:int:int, columns=c1,c2,c3, numFilesErasureCoded=0, columns.comments=&amp#0;&amp#0;, bucketing_version=2, serialization.lib=org.apache.hadoop.hive.ql.io.orc.OrcSerde, file.inputformat=org.apache.hadoop.hive.ql.io.orc.OrcInputFormat, location=file:/home/alex/Repositories/hive/ql/target/tmp/org.apache.hadoop.hive.ql.TestTxnNoBuckets-1713946626176/warehouse/nobuckets, file.outputformat=org.apache.hadoop.hive.ql.io.orc.OrcOutputFormat, column.name.delimiter=,}, partitionProperties=Optional.empty, columnNames=[c1, c2, c3], columnTypes=[int, int, int], getClass()=class org.apache.hadoop.hive.ql.io.orc.OrcSerde] and formatter : org.apache.hadoop.hive.ql.io.orc.OrcOutputFormat@541ae83f
2024-04-24T01:19:34,270  INFO [LocalJobRunner Map Task Executor #0] exec.FileSinkOperator: Final Path: FS file:/home/alex/Repositories/hive/ql/target/tmp/org.apache.hadoop.hive.ql.TestTxnNoBuckets-1713946626176/warehouse/nobuckets
2024-04-24T01:19:34,270  INFO [LocalJobRunner Map Task Executor #0] exec.FileSinkOperator: New Final Path: FS file:/home/alex/Repositories/hive/ql/target/tmp/org.apache.hadoop.hive.ql.TestTxnNoBuckets-1713946626176/warehouse/nobuckets
2024-04-24T01:19:34,271  INFO [LocalJobRunner Map Task Executor #0] common.FileUtils: Creating directory if it doesn't exist: file:/home/alex/Repositories/hive/ql/target/tmp/org.apache.hadoop.hive.ql.TestTxnNoBuckets-1713946626176/warehouse
2024-04-24T01:19:34,271  INFO [LocalJobRunner Map Task Executor #0] exec.FileSinkOperator: FS[2]: records written - 1
2024-04-24T01:19:34,271  INFO [LocalJobRunner Map Task Executor #0] impl.PhysicalFsWriter: ORC writer created for path: file:/home/alex/Repositories/hive/ql/target/tmp/org.apache.hadoop.hive.ql.TestTxnNoBuckets-1713946626176/warehouse/nobuckets/delta_0000001_0000001_0000/bucket_00000_0 with stripeSize: 8388608 blockSize: 268435456 compression: Compress: ZLIB buffer: 32768
2024-04-24T01:19:34,278  INFO [LocalJobRunner Map Task Executor #0] impl.WriterImpl: ORC writer created for path: file:/home/alex/Repositories/hive/ql/target/tmp/org.apache.hadoop.hive.ql.TestTxnNoBuckets-1713946626176/warehouse/nobuckets/delta_0000001_0000001_0000/bucket_00000_0 with stripeSize: 8388608 options: Compress: ZLIB buffer: 32768
2024-04-24T01:19:34,283  INFO [LocalJobRunner Map Task Executor #0] exec.MapOperator: MAP[0]: records read - 1
2024-04-24T01:19:34,283  INFO [LocalJobRunner Map Task Executor #0] exec.MapOperator: Closing Operator: MAP[0]
2024-04-24T01:19:34,283  INFO [LocalJobRunner Map Task Executor #0] exec.MapOperator: MAP[0]: Total records read - 2. abort - false
2024-04-24T01:19:34,283  INFO [LocalJobRunner Map Task Executor #0] exec.MapOperator: RECORDS_OUT_INTERMEDIATE:0, RECORDS_IN:2, DESERIALIZE_ERRORS:0, RECORDS_OUT_OPERATOR_MAP_0:0, 
2024-04-24T01:19:34,283  INFO [LocalJobRunner Map Task Executor #0] exec.TableScanOperator: Closing Operator: TS[0]
2024-04-24T01:19:34,283  INFO [LocalJobRunner Map Task Executor #0] exec.TableScanOperator: RECORDS_OUT_INTERMEDIATE:0, RECORDS_OUT_OPERATOR_TS_0:2, 
2024-04-24T01:19:34,283  INFO [LocalJobRunner Map Task Executor #0] exec.SelectOperator: Closing Operator: SEL[1]
2024-04-24T01:19:34,283  INFO [LocalJobRunner Map Task Executor #0] exec.SelectOperator: RECORDS_OUT_INTERMEDIATE:0, RECORDS_OUT_OPERATOR_SEL_1:2, 
2024-04-24T01:19:34,283  INFO [LocalJobRunner Map Task Executor #0] exec.FileSinkOperator: Closing Operator: FS[2]
2024-04-24T01:19:34,283  INFO [LocalJobRunner Map Task Executor #0] exec.FileSinkOperator: FS[2]: records written - 2
2024-04-24T01:19:34,285  INFO [LocalJobRunner Map Task Executor #0] FileOperations: Writing manifest to file:/home/alex/Repositories/hive/ql/target/tmp/org.apache.hadoop.hive.ql.TestTxnNoBuckets-1713946626176/warehouse/nobuckets/_tmp.delta_0000001_0000001_0000/000000_0.manifest with [file:/home/alex/Repositories/hive/ql/target/tmp/org.apache.hadoop.hive.ql.TestTxnNoBuckets-1713946626176/warehouse/nobuckets/delta_0000001_0000001_0000/bucket_00000_0]
2024-04-24T01:19:34,296  INFO [LocalJobRunner Map Task Executor #0] exec.FileSinkOperator: RECORDS_OUT_1_default.nobuckets:2, RECORDS_OUT_INTERMEDIATE:0, RECORDS_OUT_OPERATOR_FS_2:2, TOTAL_TABLE_ROWS_WRITTEN:2, 
2024-04-24T01:19:34,297  INFO [LocalJobRunner Map Task Executor #0] mapred.LocalJobRunner: 
2024-04-24T01:19:34,297  INFO [LocalJobRunner Map Task Executor #0] mapred.Task: Task:attempt_local1563400155_0063_m_000000_0 is done. And is in the process of committing
2024-04-24T01:19:34,297  INFO [LocalJobRunner Map Task Executor #0] mapred.LocalJobRunner: map
2024-04-24T01:19:34,297  INFO [LocalJobRunner Map Task Executor #0] mapred.Task: Task 'attempt_local1563400155_0063_m_000000_0' done.
2024-04-24T01:19:34,297  INFO [LocalJobRunner Map Task Executor #0] mapred.Task: Final Counters for attempt_local1563400155_0063_m_000000_0: Counters: 25
	File System Counters
		FILE: Number of bytes read=1490472
		FILE: Number of bytes written=74289324
		FILE: Number of read operations=0
		FILE: Number of large read operations=0
		FILE: Number of write operations=0
	Map-Reduce Framework
		Map input records=2
		Map output records=0
		Input split bytes=455
		Spilled Records=0
		Failed Shuffles=0
		Merged Map outputs=0
		GC time elapsed (ms)=0
		Total committed heap usage (bytes)=1352138752
	HIVE
		CREATED_FILES=1
		DESERIALIZE_ERRORS=0
		RECORDS_IN=2
		RECORDS_OUT_1_default.nobuckets=2
		RECORDS_OUT_INTERMEDIATE=0
		RECORDS_OUT_OPERATOR_FS_2=2
		RECORDS_OUT_OPERATOR_MAP_0=0
		RECORDS_OUT_OPERATOR_SEL_1=2
		RECORDS_OUT_OPERATOR_TS_0=2
		TOTAL_TABLE_ROWS_WRITTEN=2
	File Input Format Counters 
		Bytes Read=6033
	File Output Format Counters 
		Bytes Written=0
2024-04-24T01:19:34,297  INFO [LocalJobRunner Map Task Executor #0] mapred.LocalJobRunner: Finishing task: attempt_local1563400155_0063_m_000000_0
2024-04-24T01:19:34,298  INFO [LocalJobRunner Map Task Executor #0] mapred.LocalJobRunner: Starting task: attempt_local1563400155_0063_m_000001_0
2024-04-24T01:19:34,298  INFO [LocalJobRunner Map Task Executor #0] mapred.Task:  Using ResourceCalculatorProcessTree : [ ]
2024-04-24T01:19:34,298  INFO [LocalJobRunner Map Task Executor #0] mapred.MapTask: Processing split: org.apache.hadoop.hive.ql.io.orc.OrcInputFormat:OrcSplit [file:/home/alex/Repositories/hive/ql/target/tmp/org.apache.hadoop.hive.ql.TestTxnNoBuckets-1713946626176/warehouse/tmp/000000_0_copy_1, start=0, length=281, isOriginal=true, fileLength=281, hasFooter=false, hasBase=true, deltas=0]
2024-04-24T01:19:34,299  INFO [LocalJobRunner Map Task Executor #0] exec.SerializationUtilities: Deserializing MapWork using kryo
2024-04-24T01:19:34,299  INFO [LocalJobRunner Map Task Executor #0] exec.Utilities: Deserialized plan (via FILE) - name: null size: 4,80KB
2024-04-24T01:19:34,300  INFO [LocalJobRunner Map Task Executor #0] orc.ReaderImpl: Reading ORC rows from file:/home/alex/Repositories/hive/ql/target/tmp/org.apache.hadoop.hive.ql.TestTxnNoBuckets-1713946626176/warehouse/tmp/000000_0_copy_1 with {include: [true, true, true, true], offset: 0, length: 281, schema: struct<c1:int,c2:int,c3:int>, includeAcidColumns: true}
2024-04-24T01:19:34,301  INFO [LocalJobRunner Map Task Executor #0] mapred.MapTask: numReduceTasks: 0
2024-04-24T01:19:34,301  INFO [LocalJobRunner Map Task Executor #0] exec.MapOperator: Initializing Operator: MAP[0]
2024-04-24T01:19:34,302  INFO [LocalJobRunner Map Task Executor #0] mr.ExecMapper: 
<MAP>Id =0
  <Children>null
  <\Children>
  <Parent><\Parent>
<\MAP>
2024-04-24T01:19:34,303  INFO [LocalJobRunner Map Task Executor #0] exec.TableScanOperator: Initializing Operator: TS[0]
2024-04-24T01:19:34,303  INFO [LocalJobRunner Map Task Executor #0] exec.SelectOperator: Initializing Operator: SEL[1]
2024-04-24T01:19:34,303  INFO [LocalJobRunner Map Task Executor #0] exec.SelectOperator: SELECT struct<c1:int,c2:int,c3:int>
2024-04-24T01:19:34,303  INFO [LocalJobRunner Map Task Executor #0] exec.FileSinkOperator: Initializing Operator: FS[2]
2024-04-24T01:19:34,304  INFO [LocalJobRunner Map Task Executor #0] exec.FileSinkOperator: Using serializer : AbstractSerDe [log=org.apache.logging.slf4j.Log4jLogger@48b320a7, configuration=Optional[Configuration: core-default.xml, core-site.xml, mapred-default.xml, mapred-site.xml, yarn-default.xml, yarn-site.xml, hdfs-default.xml, hdfs-site.xml, file:/home/alex/Repositories/hive/ql/target/tmp/TestTxnNoBuckets/mapred/local/localRunner/alex/job_local1563400155_0063/job_local1563400155_0063.xml], properties={transactional_properties=default, name=default.nobuckets, transactional=true, columns.types=int:int:int, columns=c1,c2,c3, numFilesErasureCoded=0, columns.comments=&amp#0;&amp#0;, bucketing_version=2, serialization.lib=org.apache.hadoop.hive.ql.io.orc.OrcSerde, file.inputformat=org.apache.hadoop.hive.ql.io.orc.OrcInputFormat, file.outputformat=org.apache.hadoop.hive.ql.io.orc.OrcOutputFormat, location=file:/home/alex/Repositories/hive/ql/target/tmp/org.apache.hadoop.hive.ql.TestTxnNoBuckets-1713946626176/warehouse/nobuckets, column.name.delimiter=,}, tableProperties={transactional_properties=default, name=default.nobuckets, transactional=true, columns.types=int:int:int, columns=c1,c2,c3, numFilesErasureCoded=0, columns.comments=&amp#0;&amp#0;, bucketing_version=2, serialization.lib=org.apache.hadoop.hive.ql.io.orc.OrcSerde, file.inputformat=org.apache.hadoop.hive.ql.io.orc.OrcInputFormat, location=file:/home/alex/Repositories/hive/ql/target/tmp/org.apache.hadoop.hive.ql.TestTxnNoBuckets-1713946626176/warehouse/nobuckets, file.outputformat=org.apache.hadoop.hive.ql.io.orc.OrcOutputFormat, column.name.delimiter=,}, partitionProperties=Optional.empty, columnNames=[c1, c2, c3], columnTypes=[int, int, int], getClass()=class org.apache.hadoop.hive.ql.io.orc.OrcSerde] and formatter : org.apache.hadoop.hive.ql.io.orc.OrcOutputFormat@2c73c282
2024-04-24T01:19:34,305  INFO [LocalJobRunner Map Task Executor #0] exec.FileSinkOperator: Final Path: FS file:/home/alex/Repositories/hive/ql/target/tmp/org.apache.hadoop.hive.ql.TestTxnNoBuckets-1713946626176/warehouse/nobuckets
2024-04-24T01:19:34,305  INFO [LocalJobRunner Map Task Executor #0] exec.FileSinkOperator: New Final Path: FS file:/home/alex/Repositories/hive/ql/target/tmp/org.apache.hadoop.hive.ql.TestTxnNoBuckets-1713946626176/warehouse/nobuckets
2024-04-24T01:19:34,305  INFO [LocalJobRunner Map Task Executor #0] common.FileUtils: Creating directory if it doesn't exist: file:/home/alex/Repositories/hive/ql/target/tmp/org.apache.hadoop.hive.ql.TestTxnNoBuckets-1713946626176/warehouse
2024-04-24T01:19:34,305  INFO [LocalJobRunner Map Task Executor #0] exec.FileSinkOperator: FS[2]: records written - 1
2024-04-24T01:19:34,305  INFO [LocalJobRunner Map Task Executor #0] impl.PhysicalFsWriter: ORC writer created for path: file:/home/alex/Repositories/hive/ql/target/tmp/org.apache.hadoop.hive.ql.TestTxnNoBuckets-1713946626176/warehouse/nobuckets/delta_0000001_0000001_0000/bucket_00001_0 with stripeSize: 8388608 blockSize: 268435456 compression: Compress: ZLIB buffer: 32768
2024-04-24T01:19:34,310  INFO [LocalJobRunner Map Task Executor #0] impl.WriterImpl: ORC writer created for path: file:/home/alex/Repositories/hive/ql/target/tmp/org.apache.hadoop.hive.ql.TestTxnNoBuckets-1713946626176/warehouse/nobuckets/delta_0000001_0000001_0000/bucket_00001_0 with stripeSize: 8388608 options: Compress: ZLIB buffer: 32768
2024-04-24T01:19:34,310  INFO [LocalJobRunner Map Task Executor #0] exec.MapOperator: MAP[0]: records read - 1
2024-04-24T01:19:34,310  INFO [LocalJobRunner Map Task Executor #0] exec.MapOperator: Closing Operator: MAP[0]
2024-04-24T01:19:34,310  INFO [LocalJobRunner Map Task Executor #0] exec.MapOperator: MAP[0]: Total records read - 2. abort - false
2024-04-24T01:19:34,310  INFO [LocalJobRunner Map Task Executor #0] exec.MapOperator: RECORDS_OUT_OPERATOR_MAP_0:0, DESERIALIZE_ERRORS:0, RECORDS_OUT_INTERMEDIATE:0, RECORDS_IN:2, 
2024-04-24T01:19:34,310  INFO [LocalJobRunner Map Task Executor #0] exec.TableScanOperator: Closing Operator: TS[0]
2024-04-24T01:19:34,310  INFO [LocalJobRunner Map Task Executor #0] exec.TableScanOperator: RECORDS_OUT_OPERATOR_TS_0:2, RECORDS_OUT_INTERMEDIATE:0, 
2024-04-24T01:19:34,310  INFO [LocalJobRunner Map Task Executor #0] exec.SelectOperator: Closing Operator: SEL[1]
2024-04-24T01:19:34,310  INFO [LocalJobRunner Map Task Executor #0] exec.SelectOperator: RECORDS_OUT_OPERATOR_SEL_1:2, RECORDS_OUT_INTERMEDIATE:0, 
2024-04-24T01:19:34,310  INFO [LocalJobRunner Map Task Executor #0] exec.FileSinkOperator: Closing Operator: FS[2]
2024-04-24T01:19:34,310  INFO [LocalJobRunner Map Task Executor #0] exec.FileSinkOperator: FS[2]: records written - 2
2024-04-24T01:19:34,312  INFO [LocalJobRunner Map Task Executor #0] FileOperations: Writing manifest to file:/home/alex/Repositories/hive/ql/target/tmp/org.apache.hadoop.hive.ql.TestTxnNoBuckets-1713946626176/warehouse/nobuckets/_tmp.delta_0000001_0000001_0000/000001_0.manifest with [file:/home/alex/Repositories/hive/ql/target/tmp/org.apache.hadoop.hive.ql.TestTxnNoBuckets-1713946626176/warehouse/nobuckets/delta_0000001_0000001_0000/bucket_00001_0]
2024-04-24T01:19:34,321  INFO [LocalJobRunner Map Task Executor #0] exec.FileSinkOperator: RECORDS_OUT_OPERATOR_FS_2:2, TOTAL_TABLE_ROWS_WRITTEN:2, RECORDS_OUT_1_default.nobuckets:2, RECORDS_OUT_INTERMEDIATE:0, 
2024-04-24T01:19:34,321  INFO [LocalJobRunner Map Task Executor #0] mapred.LocalJobRunner: 
2024-04-24T01:19:34,321  INFO [LocalJobRunner Map Task Executor #0] mapred.Task: Task:attempt_local1563400155_0063_m_000001_0 is done. And is in the process of committing
2024-04-24T01:19:34,322  INFO [LocalJobRunner Map Task Executor #0] mapred.LocalJobRunner: map
2024-04-24T01:19:34,322  INFO [LocalJobRunner Map Task Executor #0] mapred.Task: Task 'attempt_local1563400155_0063_m_000001_0' done.
2024-04-24T01:19:34,322  INFO [LocalJobRunner Map Task Executor #0] mapred.Task: Final Counters for attempt_local1563400155_0063_m_000001_0: Counters: 25
	File System Counters
		FILE: Number of bytes read=1497446
		FILE: Number of bytes written=74290389
		FILE: Number of read operations=0
		FILE: Number of large read operations=0
		FILE: Number of write operations=0
	Map-Reduce Framework
		Map input records=2
		Map output records=0
		Input split bytes=463
		Spilled Records=0
		Failed Shuffles=0
		Merged Map outputs=0
		GC time elapsed (ms)=0
		Total committed heap usage (bytes)=1352138752
	HIVE
		CREATED_FILES=1
		DESERIALIZE_ERRORS=0
		RECORDS_IN=2
		RECORDS_OUT_1_default.nobuckets=2
		RECORDS_OUT_INTERMEDIATE=0
		RECORDS_OUT_OPERATOR_FS_2=2
		RECORDS_OUT_OPERATOR_MAP_0=0
		RECORDS_OUT_OPERATOR_SEL_1=2
		RECORDS_OUT_OPERATOR_TS_0=2
		TOTAL_TABLE_ROWS_WRITTEN=2
	File Input Format Counters 
		Bytes Read=6033
	File Output Format Counters 
		Bytes Written=0
2024-04-24T01:19:34,322  INFO [LocalJobRunner Map Task Executor #0] mapred.LocalJobRunner: Finishing task: attempt_local1563400155_0063_m_000001_0
2024-04-24T01:19:34,322  INFO [Thread-4150] mapred.LocalJobRunner: map task executor complete.
2024-04-24 01:19:35,261 Stage-1 map = 100%,  reduce = 0%
2024-04-24T01:19:35,262  INFO [main] exec.Task: 2024-04-24 01:19:35,261 Stage-1 map = 100%,  reduce = 0%
Ended Job = job_local1563400155_0063
2024-04-24T01:19:35,262  INFO [main] exec.Task: Ended Job = job_local1563400155_0063
2024-04-24T01:19:35,263  INFO [main] FileOperations: Found manifest file file:/home/alex/Repositories/hive/ql/target/tmp/org.apache.hadoop.hive.ql.TestTxnNoBuckets-1713946626176/warehouse/nobuckets/_tmp.delta_0000001_0000001_0000/000000_0.manifest with attemptId 0.
2024-04-24T01:19:35,263  INFO [main] FileOperations: Found manifest file file:/home/alex/Repositories/hive/ql/target/tmp/org.apache.hadoop.hive.ql.TestTxnNoBuckets-1713946626176/warehouse/nobuckets/_tmp.delta_0000001_0000001_0000/000001_0.manifest with attemptId 0.
2024-04-24T01:19:35,263  INFO [main] FileOperations: Looking at manifest file: file:/home/alex/Repositories/hive/ql/target/tmp/org.apache.hadoop.hive.ql.TestTxnNoBuckets-1713946626176/warehouse/nobuckets/_tmp.delta_0000001_0000001_0000/000001_0.manifest
2024-04-24T01:19:35,263  INFO [main] FileOperations: Looking at manifest file: file:/home/alex/Repositories/hive/ql/target/tmp/org.apache.hadoop.hive.ql.TestTxnNoBuckets-1713946626176/warehouse/nobuckets/_tmp.delta_0000001_0000001_0000/000000_0.manifest
2024-04-24T01:19:35,263  INFO [main] FileOperations: Deleting manifest directory file:/home/alex/Repositories/hive/ql/target/tmp/org.apache.hadoop.hive.ql.TestTxnNoBuckets-1713946626176/warehouse/nobuckets/_tmp.delta_0000001_0000001_0000
2024-04-24T01:19:35,264  INFO [main] ql.Driver: Starting task [Stage-0:MOVE] in serial mode
Loading data to table default.nobuckets
2024-04-24T01:19:35,264  INFO [main] exec.Task: Loading data to table default.nobuckets from file:/home/alex/Repositories/hive/ql/target/tmp/org.apache.hadoop.hive.ql.TestTxnNoBuckets-1713946626176/warehouse/nobuckets
2024-04-24T01:19:35,265  INFO [main] HiveMetaStore.audit: ugi=alex	ip=unknown-ip-addr	cmd=get_table : tbl=hive.default.nobuckets	
2024-04-24T01:19:35,272  INFO [main] metastore.HMSHandler: Skipping translation for processor with null
2024-04-24T01:19:35,272  INFO [main] HiveMetaStore.audit: ugi=alex	ip=unknown-ip-addr	cmd=get_table : tbl=hive.default.nobuckets	
2024-04-24T01:19:35,279  INFO [main] metastore.HMSHandler: Skipping translation for processor with null
2024-04-24T01:19:35,280  INFO [main] HiveMetaStore.audit: ugi=alex	ip=unknown-ip-addr	cmd=alter_table: hive.default.nobuckets newtbl=nobuckets	
2024-04-24T01:19:35,306  INFO [main] ql.Driver: Starting task [Stage-2:STATS] in serial mode
2024-04-24T01:19:35,307  INFO [main] HiveMetaStore.audit: ugi=alex	ip=unknown-ip-addr	cmd=get_table : tbl=hive.default.nobuckets	
2024-04-24T01:19:35,313  INFO [main] metastore.HMSHandler: Skipping translation for processor with null
2024-04-24T01:19:35,313  INFO [main] stats.BasicStatsTask: Executing stats task
2024-04-24T01:19:35,313  INFO [main] fs.FSStatsPublisher: created : file:/home/alex/Repositories/hive/ql/target/tmp/localscratchdir/bdc7588d-5ad3-4d18-a389-f8043e3102cc/hive_2024-04-24_01-19-33_758_1885905253712437126-1/-mr-10000
2024-04-24T01:19:35,315  INFO [main] HiveMetaStore.audit: ugi=alex	ip=unknown-ip-addr	cmd=get_table : tbl=hive.default.nobuckets	
2024-04-24T01:19:35,321  INFO [main] metastore.HMSHandler: Skipping translation for processor with null
2024-04-24T01:19:35,332  WARN [main] FileOperations: Computing stats for an ACID table; stats may be inaccurate
2024-04-24T01:19:35,333  INFO [main] FileOperations: Read stats for default.nobuckets/, numRows, true, 4, false: 
2024-04-24T01:19:35,333  INFO [main] FileOperations: Read stats for default.nobuckets/, rawDataSize, true, 0, false: 
2024-04-24T01:19:35,333  INFO [main] HiveMetaStore.audit: ugi=alex	ip=unknown-ip-addr	cmd=alter_table: hive.default.nobuckets newtbl=nobuckets	
2024-04-24T01:19:35,356  INFO [main] FileOperations: Read stats for default.nobuckets/, insertCount, true, 4, false: 
2024-04-24T01:19:35,356  INFO [main] FileOperations: Read stats for default.nobuckets/, updateCount, true, 0, false: 
2024-04-24T01:19:35,356  INFO [main] FileOperations: Read stats for default.nobuckets/, deleteCount, true, 0, false: 
2024-04-24T01:19:35,358  INFO [main] stats.BasicStatsTask: Table default.nobuckets stats: [numFiles=2, numRows=4, totalSize=1443, rawDataSize=0, numFilesErasureCoded=0]
2024-04-24T01:19:35,359  INFO [main] metadata.Hive: Dumping metastore api call timing information for : execution phase
2024-04-24T01:19:35,359  INFO [main] metadata.Hive: Total time spent in each metastore function (ms): {updateTransactionalStatistics_(UpdateTransactionalStatsRequest)=2, alter_table_(String, String, String, Table, EnvironmentContext, String)=49, getTable_(GetTableRequest)=29, isCompatibleWith_(Configuration)=1}
MapReduce Jobs Launched: 
2024-04-24T01:19:35,359  INFO [main] ql.Driver: MapReduce Jobs Launched: 
Stage-Stage-1:  HDFS Read: 0 HDFS Write: 0 SUCCESS
2024-04-24T01:19:35,359  INFO [main] ql.Driver: Stage-Stage-1:  HDFS Read: 0 HDFS Write: 0 SUCCESS
Total MapReduce CPU Time Spent: 0 msec
2024-04-24T01:19:35,359  INFO [main] ql.Driver: Total MapReduce CPU Time Spent: 0 msec
2024-04-24T01:19:35,359  INFO [main] ql.Driver: Completed executing command(queryId=alex_20240424011933_7db7e063-59a5-4ebd-b4c4-41d5bbd78043); Time taken: 1.374 seconds
2024-04-24T01:19:35,359  INFO [main] lockmgr.DbTxnManager: Stopped heartbeat for query: alex_20240424011933_7db7e063-59a5-4ebd-b4c4-41d5bbd78043
2024-04-24T01:19:35,369  INFO [main] txn.TxnHandler: Removed transactions: ([19]) from MIN_HISTORY_LEVEL
2024-04-24T01:19:35,369  WARN [main] txn.CompactionTxnHandler: No compaction queue record found for Compaction type transaction commit. txnId:19
2024-04-24T01:19:35,370  INFO [main] ql.TxnCommandsBaseForTests: Running the query: select ROW__ID, c1, c2, c3, INPUT__FILE__NAME from nobuckets order by ROW__ID
2024-04-24T01:19:35,370  INFO [main] ql.Context: Deleting scratch dir: file:/home/alex/Repositories/hive/ql/target/tmp/localscratchdir/bdc7588d-5ad3-4d18-a389-f8043e3102cc/hive_2024-04-24_01-19-33_758_1885905253712437126-1
2024-04-24T01:19:35,370  INFO [main] cleanup.SyncCleanupService: Deleted directory: file:/home/alex/Repositories/hive/ql/target/tmp/localscratchdir/bdc7588d-5ad3-4d18-a389-f8043e3102cc/hive_2024-04-24_01-19-33_758_1885905253712437126-1 on fs with scheme file
2024-04-24T01:19:35,370  INFO [main] ql.Driver: Compiling command(queryId=alex_20240424011935_fb6b0d5c-d80b-4d68-82a1-721c8e45ae84): select ROW__ID, c1, c2, c3, INPUT__FILE__NAME from nobuckets order by ROW__ID
2024-04-24T01:19:35,372  INFO [main] txn.TxnHandler: Added entries to MIN_HISTORY_LEVEL for current txns: ([20]) with min_open_txn: 20
2024-04-24T01:19:35,373  INFO [main] lockmgr.DbTxnManager: Opened txnid:20
2024-04-24T01:19:35,373  INFO [main] parse.CalcitePlanner: Starting caching scope for: 
2024-04-24T01:19:35,373  INFO [main] parse.CalcitePlanner: Starting Semantic Analysis
2024-04-24T01:19:35,376  INFO [main] parse.CalcitePlanner: Completed phase 1 of Semantic Analysis
2024-04-24T01:19:35,376  INFO [main] parse.CalcitePlanner: Get metadata for source tables
2024-04-24T01:19:35,376  INFO [main] HiveMetaStore.audit: ugi=alex	ip=unknown-ip-addr	cmd=get_table : tbl=hive.default.nobuckets	
2024-04-24T01:19:35,383  INFO [main] metastore.HMSHandler: Skipping translation for processor with null
2024-04-24T01:19:35,383  INFO [main] parse.CalcitePlanner: Get metadata for subqueries
2024-04-24T01:19:35,383  INFO [main] parse.CalcitePlanner: Get metadata for destination tables
2024-04-24T01:19:35,383  INFO [main] parse.CalcitePlanner: Completed getting MetaData in Semantic Analysis
2024-04-24T01:19:35,394  INFO [main] HiveMetaStore.audit: ugi=alex	ip=unknown-ip-addr	cmd=get_all_table_constraints : tbl=hive.default.nobuckets	
2024-04-24T01:19:35,404  INFO [main] calcite.RelOptHiveTable: Calculating column statistics for default.nobuckets, projIndxSet: [0, 1, 2], allowMissingStats: true
2024-04-24T01:19:35,405  INFO [main] HiveMetaStore.audit: ugi=alex	ip=unknown-ip-addr	cmd=get_table_statistics_req: table=hive.default.nobuckets	
2024-04-24T01:19:35,419  WARN [main] calcite.RelOptHiveTable: No Stats for default@nobuckets, Columns: c2, c1, c3
No Stats for default@nobuckets, Columns: c2, c1, c3
2024-04-24T01:19:35,419  INFO [main] SessionState: No Stats for default@nobuckets, Columns: c2, c1, c3
2024-04-24T01:19:35,479  INFO [main] parse.CalcitePlanner: Get metadata for source tables
2024-04-24T01:19:35,479  INFO [main] parse.CalcitePlanner: Get metadata for subqueries
2024-04-24T01:19:35,479  INFO [main] parse.CalcitePlanner: Get metadata for destination tables
2024-04-24T01:19:35,480  INFO [main] common.FileUtils: Creating directory if it doesn't exist: file:/home/alex/Repositories/hive/ql/target/tmp/localscratchdir/bdc7588d-5ad3-4d18-a389-f8043e3102cc/hive_2024-04-24_01-19-35_370_644782860815783338-1/-mr-10001/.hive-staging_hive_2024-04-24_01-19-35_370_644782860815783338-1
2024-04-24T01:19:35,487  INFO [main] parse.CalcitePlanner: CBO Succeeded; optimized logical plan.
2024-04-24T01:19:35,490  INFO [main] optimizer.ColumnPrunerProcFactory: RS 2 oldColExprMap: {VALUE._col0=Column[_col1], VALUE._col1=Column[_col2], VALUE._col2=Column[_col3], KEY.reducesinkkey0=Column[_col0], VALUE._col3=Column[_col4]}
2024-04-24T01:19:35,490  INFO [main] optimizer.ColumnPrunerProcFactory: RS 2 newColExprMap: {VALUE._col2=Column[_col3], VALUE._col0=Column[_col1], VALUE._col1=Column[_col2], VALUE._col3=Column[_col4], KEY.reducesinkkey0=Column[_col0]}
2024-04-24T01:19:35,490  INFO [main] optimizer.BucketVersionPopulator: not considering bucketingVersion for: TS[0] because it has -1<2 buckets 
2024-04-24T01:19:35,491  INFO [main] optimizer.SortedDynPartitionOptimizer: Sorted dynamic partitioning optimization kicked in..
2024-04-24T01:19:35,499  INFO [main] parse.CalcitePlanner: Completed plan generation
2024-04-24T01:19:35,499  INFO [main] parse.CalcitePlanner: Ending caching scope for: 
2024-04-24T01:19:35,499  INFO [main] ql.Driver: Semantic Analysis Completed (retrial = false)
2024-04-24T01:19:35,499  INFO [main] ql.Driver: Created Hive schema: Schema(fieldSchemas:[FieldSchema(name:row__id, type:struct<writeid:bigint,bucketid:int,rowid:bigint>, comment:null), FieldSchema(name:c1, type:int, comment:null), FieldSchema(name:c2, type:int, comment:null), FieldSchema(name:c3, type:int, comment:null), FieldSchema(name:input__file__name, type:string, comment:null)], properties:null)
2024-04-24T01:19:35,500  INFO [main] exec.ListSinkOperator: Initializing Operator: LIST_SINK[5]
2024-04-24T01:19:35,500  INFO [main] metadata.Hive: Dumping metastore api call timing information for : compilation phase
2024-04-24T01:19:35,500  INFO [main] metadata.Hive: Total time spent in each metastore function (ms): {isCompatibleWith_(Configuration)=0, getTableColumnStatistics_(String, String, List, String)=13, getValidTxns_(long)=0, openTxn_(String, TxnType)=2, getTable_(GetTableRequest)=7, getAllTableConstraints_(AllTableConstraintsRequest)=5, getValidWriteIds_(List, String)=2, commitTxn_(CommitTxnRequest)=10, flushCache_()=0}
2024-04-24T01:19:35,501  INFO [main] ql.Driver: Completed compiling command(queryId=alex_20240424011935_fb6b0d5c-d80b-4d68-82a1-721c8e45ae84); Time taken: 0.13 seconds
2024-04-24T01:19:35,501  INFO [main] lockmgr.DbTxnManager: Setting lock request transaction to txnid:20 for queryId=alex_20240424011935_fb6b0d5c-d80b-4d68-82a1-721c8e45ae84
2024-04-24T01:19:35,501  INFO [main] lockmgr.DbLockManager: Requesting lock for queryId=alex_20240424011935_fb6b0d5c-d80b-4d68-82a1-721c8e45ae84
2024-04-24T01:19:35,515  INFO [main] lockmgr.DbLockManager: Response to queryId=alex_20240424011935_fb6b0d5c-d80b-4d68-82a1-721c8e45ae84 LockResponse(lockid:14, state:ACQUIRED)
2024-04-24T01:19:35,515  INFO [main] ql.Driver: Operation QUERY obtained 1 locks
2024-04-24T01:19:35,515  INFO [main] ql.Driver: Executing command(queryId=alex_20240424011935_fb6b0d5c-d80b-4d68-82a1-721c8e45ae84): select ROW__ID, c1, c2, c3, INPUT__FILE__NAME from nobuckets order by ROW__ID
2024-04-24T01:19:35,515  WARN [main] ql.Driver: Hive-on-MR is deprecated in Hive 2 and may not be available in the future versions. Consider using a different execution engine (i.e. tez, spark) or using Hive 1.X releases.
Query ID = alex_20240424011935_fb6b0d5c-d80b-4d68-82a1-721c8e45ae84
2024-04-24T01:19:35,515  INFO [main] ql.Driver: Query ID = alex_20240424011935_fb6b0d5c-d80b-4d68-82a1-721c8e45ae84
Total jobs = 1
2024-04-24T01:19:35,515  INFO [main] ql.Driver: Total jobs = 1
Launching Job 1 out of 1
2024-04-24T01:19:35,515  INFO [main] ql.Driver: Launching Job 1 out of 1
2024-04-24T01:19:35,656  INFO [main] ql.Driver: Starting task [Stage-1:MAPRED] in serial mode
Number of reduce tasks determined at compile time: 1
2024-04-24T01:19:35,656  INFO [main] exec.Task: Number of reduce tasks determined at compile time: 1
In order to change the average load for a reducer (in bytes):
2024-04-24T01:19:35,656  INFO [main] exec.Task: In order to change the average load for a reducer (in bytes):
  set hive.exec.reducers.bytes.per.reducer=<number>
2024-04-24T01:19:35,656  INFO [main] exec.Task:   set hive.exec.reducers.bytes.per.reducer=<number>
In order to limit the maximum number of reducers:
2024-04-24T01:19:35,656  INFO [main] exec.Task: In order to limit the maximum number of reducers:
  set hive.exec.reducers.max=<number>
2024-04-24T01:19:35,656  INFO [main] exec.Task:   set hive.exec.reducers.max=<number>
In order to set a constant number of reducers:
2024-04-24T01:19:35,656  INFO [main] exec.Task: In order to set a constant number of reducers:
  set mapreduce.job.reduces=<number>
2024-04-24T01:19:35,656  INFO [main] exec.Task:   set mapreduce.job.reduces=<number>
2024-04-24T01:19:35,658  INFO [main] mr.ExecDriver: Using org.apache.hadoop.hive.ql.io.HiveInputFormat
2024-04-24T01:19:35,658  INFO [main] exec.Utilities: Processing alias nobuckets
2024-04-24T01:19:35,658  INFO [main] exec.Utilities: Adding 1 inputs; the first input is file:/home/alex/Repositories/hive/ql/target/tmp/org.apache.hadoop.hive.ql.TestTxnNoBuckets-1713946626176/warehouse/nobuckets
2024-04-24T01:19:35,667  INFO [main] exec.SerializationUtilities: Serializing MapWork using kryo
2024-04-24T01:19:35,668  INFO [main] exec.Utilities: Serialized plan (via FILE) - name: null size: 5,12KB
2024-04-24T01:19:35,673  INFO [main] exec.SerializationUtilities: Serializing ReduceWork using kryo
2024-04-24T01:19:35,674  INFO [main] exec.Utilities: Serialized plan (via FILE) - name: null size: 6,32KB
2024-04-24T01:19:35,675  WARN [main] impl.MetricsSystemImpl: JobTracker metrics system already initialized!
2024-04-24T01:19:35,680  WARN [main] impl.MetricsSystemImpl: JobTracker metrics system already initialized!
2024-04-24T01:19:35,698  WARN [main] mapreduce.JobResourceUploader: Hadoop command-line option parsing not performed. Implement the Tool interface and execute your application with ToolRunner to remedy this.
2024-04-24T01:19:35,702  WARN [main] mapreduce.JobResourceUploader: No job jar file set.  User classes may not be found. See Job or Job#setJar(String).
2024-04-24T01:19:35,703  INFO [main] io.HiveInputFormat: hive.io.file.readcolumn.ids = 0,1,2
2024-04-24T01:19:35,703  INFO [main] io.HiveInputFormat: hive.io.file.readcolumn.names = c1,c2,c3
2024-04-24T01:19:35,703  INFO [main] io.HiveInputFormat: Generating splits for dirs: file:/home/alex/Repositories/hive/ql/target/tmp/org.apache.hadoop.hive.ql.TestTxnNoBuckets-1713946626176/warehouse/nobuckets
2024-04-24T01:19:35,703  INFO [main] orc.OrcInputFormat: getSplits started
2024-04-24T01:19:35,703  INFO [main] orc.OrcInputFormat: Context:: isAcid: true isVectorMode: false sarg: null minSplitSize: 1 maxSplitSize: 256000000 splitStrategy: HYBRID footerInSplits: false numBuckets: 0 numThreads: 10 cacheMemSize: 268435456 cacheStripeDetails: true useSoftReference: false writeIdList: default.nobuckets:1:9223372036854775807:: isTransactionalTable: true txnProperties: default 
2024-04-24T01:19:35,703  INFO [main] orc.OrcInputFormat: ORC pushdown predicate: null
2024-04-24T01:19:35,717  INFO [main] orc.OrcInputFormat: FooterCacheHitRatio: 0/2
2024-04-24T01:19:35,717  INFO [main] orc.OrcInputFormat: getSplits finished (#splits: 2). duration: 14 ms
2024-04-24T01:19:35,717  INFO [main] io.HiveInputFormat: number of splits 2
2024-04-24T01:19:35,734  INFO [main] mapreduce.JobSubmitter: number of splits:2
2024-04-24T01:19:35,753  INFO [main] mapreduce.JobSubmitter: Submitting tokens for job: job_local164645960_0064
2024-04-24T01:19:35,753  INFO [main] mapreduce.JobSubmitter: Executing with tokens: []
2024-04-24T01:19:35,812  INFO [main] mapreduce.Job: The url to track the job: http://localhost:8080/
Job running in-process (local Hadoop)
2024-04-24T01:19:35,812  INFO [main] exec.Task: Job running in-process (local Hadoop)
2024-04-24T01:19:35,812  INFO [Thread-4208] mapred.LocalJobRunner: OutputCommitter set in config org.apache.hadoop.hive.ql.io.HiveFileFormatUtils$NullOutputCommitter
2024-04-24T01:19:35,812  INFO [Thread-4208] mapred.LocalJobRunner: OutputCommitter is org.apache.hadoop.hive.ql.io.HiveFileFormatUtils$NullOutputCommitter
2024-04-24T01:19:35,814  INFO [Thread-4208] mapred.LocalJobRunner: Waiting for map tasks
2024-04-24T01:19:35,814  INFO [LocalJobRunner Map Task Executor #0] mapred.LocalJobRunner: Starting task: attempt_local164645960_0064_m_000000_0
2024-04-24T01:19:35,814  INFO [LocalJobRunner Map Task Executor #0] mapred.Task:  Using ResourceCalculatorProcessTree : [ ]
2024-04-24T01:19:35,815  INFO [LocalJobRunner Map Task Executor #0] mapred.MapTask: Processing split: org.apache.hadoop.hive.ql.io.orc.OrcInputFormat:OrcSplit [file:/home/alex/Repositories/hive/ql/target/tmp/org.apache.hadoop.hive.ql.TestTxnNoBuckets-1713946626176/warehouse/nobuckets/delta_0000001_0000001_0000/bucket_00001_0, start=0, length=729, isOriginal=false, fileLength=729, hasFooter=false, hasBase=true, deltas=0]
2024-04-24T01:19:35,815  INFO [LocalJobRunner Map Task Executor #0] exec.SerializationUtilities: Deserializing MapWork using kryo
2024-04-24T01:19:35,816  INFO [LocalJobRunner Map Task Executor #0] exec.Utilities: Deserialized plan (via FILE) - name: null size: 5,12KB
2024-04-24T01:19:35,816  INFO [LocalJobRunner Map Task Executor #0] orc.OrcRawRecordMerger: min key = null, max key = null
2024-04-24T01:19:35,816  INFO [LocalJobRunner Map Task Executor #0] orc.ReaderImpl: Reading ORC rows from file:/home/alex/Repositories/hive/ql/target/tmp/org.apache.hadoop.hive.ql.TestTxnNoBuckets-1713946626176/warehouse/nobuckets/delta_0000001_0000001_0000/bucket_00001_0 with {include: [true, true, true, true], offset: 0, length: 729, schema: struct<c1:int,c2:int,c3:int>, includeAcidColumns: true}
2024-04-24T01:19:35,817  INFO [LocalJobRunner Map Task Executor #0] orc.OrcRawRecordMerger: updated min key = null, max key = null
2024-04-24T01:19:35,817  INFO [LocalJobRunner Map Task Executor #0] mapred.MapTask: numReduceTasks: 1
2024-04-24T01:19:35,822  INFO [LocalJobRunner Map Task Executor #0] mapred.MapTask: (EQUATOR) 0 kvi 26214396(104857584)
2024-04-24T01:19:35,822  INFO [LocalJobRunner Map Task Executor #0] mapred.MapTask: mapreduce.task.io.sort.mb: 100
2024-04-24T01:19:35,822  INFO [LocalJobRunner Map Task Executor #0] mapred.MapTask: soft limit at 83886080
2024-04-24T01:19:35,822  INFO [LocalJobRunner Map Task Executor #0] mapred.MapTask: bufstart = 0; bufvoid = 104857600
2024-04-24T01:19:35,822  INFO [LocalJobRunner Map Task Executor #0] mapred.MapTask: kvstart = 26214396; length = 6553600
2024-04-24T01:19:35,822  INFO [LocalJobRunner Map Task Executor #0] mapred.MapTask: Map output collector class = org.apache.hadoop.mapred.MapTask$MapOutputBuffer
2024-04-24T01:19:35,822  INFO [LocalJobRunner Map Task Executor #0] exec.MapOperator: Initializing Operator: MAP[0]
2024-04-24T01:19:35,824  INFO [LocalJobRunner Map Task Executor #0] mr.ExecMapper: 
<MAP>Id =0
  <Children>null
  <\Children>
  <Parent><\Parent>
<\MAP>
2024-04-24T01:19:35,824  INFO [LocalJobRunner Map Task Executor #0] exec.TableScanOperator: Initializing Operator: TS[0]
2024-04-24T01:19:35,824  INFO [LocalJobRunner Map Task Executor #0] exec.SelectOperator: Initializing Operator: SEL[1]
2024-04-24T01:19:35,824  INFO [LocalJobRunner Map Task Executor #0] exec.SelectOperator: SELECT struct<c1:int,c2:int,c3:int,row__id:struct<writeid:bigint,bucketid:int,rowid:bigint>,input__file__name:string>
2024-04-24T01:19:35,824  INFO [LocalJobRunner Map Task Executor #0] exec.ReduceSinkOperator: Initializing Operator: RS[2]
2024-04-24T01:19:35,824  INFO [LocalJobRunner Map Task Executor #0] exec.ReduceSinkOperator: Using tag = -1
2024-04-24T01:19:35,825  INFO [LocalJobRunner Map Task Executor #0] exec.ReduceSinkOperator: keys are [reducesinkkey0] num distributions: 1
2024-04-24T01:19:35,825  INFO [LocalJobRunner Map Task Executor #0] exec.ReduceSinkOperator: RS[2]: records written - 1
2024-04-24T01:19:35,825  INFO [LocalJobRunner Map Task Executor #0] exec.MapOperator: MAP[0]: records read - 1
2024-04-24T01:19:35,825  INFO [LocalJobRunner Map Task Executor #0] exec.MapOperator: Closing Operator: MAP[0]
2024-04-24T01:19:35,825  INFO [LocalJobRunner Map Task Executor #0] exec.MapOperator: MAP[0]: Total records read - 2. abort - false
2024-04-24T01:19:35,825  INFO [LocalJobRunner Map Task Executor #0] exec.MapOperator: RECORDS_OUT_INTERMEDIATE:0, DESERIALIZE_ERRORS:0, RECORDS_IN:2, RECORDS_OUT_OPERATOR_MAP_0:0, 
2024-04-24T01:19:35,825  INFO [LocalJobRunner Map Task Executor #0] exec.TableScanOperator: Closing Operator: TS[0]
2024-04-24T01:19:35,825  INFO [LocalJobRunner Map Task Executor #0] exec.TableScanOperator: RECORDS_OUT_INTERMEDIATE:0, RECORDS_OUT_OPERATOR_TS_0:2, 
2024-04-24T01:19:35,825  INFO [LocalJobRunner Map Task Executor #0] exec.SelectOperator: Closing Operator: SEL[1]
2024-04-24T01:19:35,825  INFO [LocalJobRunner Map Task Executor #0] exec.SelectOperator: RECORDS_OUT_OPERATOR_SEL_1:2, RECORDS_OUT_INTERMEDIATE:0, 
2024-04-24T01:19:35,825  INFO [LocalJobRunner Map Task Executor #0] exec.ReduceSinkOperator: Closing Operator: RS[2]
2024-04-24T01:19:35,825  INFO [LocalJobRunner Map Task Executor #0] exec.ReduceSinkOperator: RS[2]: Total records written - 2. abort - false
2024-04-24T01:19:35,825  INFO [LocalJobRunner Map Task Executor #0] exec.ReduceSinkOperator: RECORDS_OUT_OPERATOR_RS_2:2, RECORDS_OUT_INTERMEDIATE:2, 
2024-04-24T01:19:35,826  INFO [LocalJobRunner Map Task Executor #0] mapred.LocalJobRunner: 
2024-04-24T01:19:35,826  INFO [LocalJobRunner Map Task Executor #0] mapred.MapTask: Starting flush of map output
2024-04-24T01:19:35,826  INFO [LocalJobRunner Map Task Executor #0] mapred.MapTask: Spilling map output
2024-04-24T01:19:35,826  INFO [LocalJobRunner Map Task Executor #0] mapred.MapTask: bufstart = 0; bufend = 410; bufvoid = 104857600
2024-04-24T01:19:35,826  INFO [LocalJobRunner Map Task Executor #0] mapred.MapTask: kvstart = 26214396(104857584); kvend = 26214392(104857568); length = 5/6553600
2024-04-24T01:19:35,836  INFO [LocalJobRunner Map Task Executor #0] mapred.MapTask: Finished spill 0
2024-04-24T01:19:35,839  INFO [LocalJobRunner Map Task Executor #0] mapred.Task: Task:attempt_local164645960_0064_m_000000_0 is done. And is in the process of committing
2024-04-24T01:19:35,839  INFO [LocalJobRunner Map Task Executor #0] mapred.LocalJobRunner: OrcSplit [file:/home/alex/Repositories/hive/ql/target/tmp/org.apache.hadoop.hive.ql.TestTxnNoBuckets-1713946626176/warehouse/nobuckets/delta_0000001_0000001_0000/bucket_00001_0, start=0, length=729, isOriginal=false, fileLength=729, hasFooter=false, hasBase=true, deltas=0]
2024-04-24T01:19:35,839  INFO [LocalJobRunner Map Task Executor #0] mapred.Task: Task 'attempt_local164645960_0064_m_000000_0' done.
2024-04-24T01:19:35,839  INFO [LocalJobRunner Map Task Executor #0] mapred.Task: Final Counters for attempt_local164645960_0064_m_000000_0: Counters: 24
	File System Counters
		FILE: Number of bytes read=1507347
		FILE: Number of bytes written=75466723
		FILE: Number of read operations=0
		FILE: Number of large read operations=0
		FILE: Number of write operations=0
	Map-Reduce Framework
		Map input records=2
		Map output records=2
		Map output bytes=410
		Map output materialized bytes=422
		Input split bytes=501
		Combine input records=0
		Spilled Records=2
		Failed Shuffles=0
		Merged Map outputs=0
		GC time elapsed (ms)=0
		Total committed heap usage (bytes)=1353187328
	HIVE
		DESERIALIZE_ERRORS=0
		RECORDS_IN=2
		RECORDS_OUT_INTERMEDIATE=2
		RECORDS_OUT_OPERATOR_MAP_0=0
		RECORDS_OUT_OPERATOR_RS_2=2
		RECORDS_OUT_OPERATOR_SEL_1=2
		RECORDS_OUT_OPERATOR_TS_0=2
	File Input Format Counters 
		Bytes Read=8174
2024-04-24T01:19:35,839  INFO [LocalJobRunner Map Task Executor #0] mapred.LocalJobRunner: Finishing task: attempt_local164645960_0064_m_000000_0
2024-04-24T01:19:35,839  INFO [LocalJobRunner Map Task Executor #0] mapred.LocalJobRunner: Starting task: attempt_local164645960_0064_m_000001_0
2024-04-24T01:19:35,840  INFO [LocalJobRunner Map Task Executor #0] mapred.Task:  Using ResourceCalculatorProcessTree : [ ]
2024-04-24T01:19:35,840  INFO [LocalJobRunner Map Task Executor #0] mapred.MapTask: Processing split: org.apache.hadoop.hive.ql.io.orc.OrcInputFormat:OrcSplit [file:/home/alex/Repositories/hive/ql/target/tmp/org.apache.hadoop.hive.ql.TestTxnNoBuckets-1713946626176/warehouse/nobuckets/delta_0000001_0000001_0000/bucket_00000_0, start=0, length=714, isOriginal=false, fileLength=714, hasFooter=false, hasBase=true, deltas=0]
2024-04-24T01:19:35,841  INFO [LocalJobRunner Map Task Executor #0] exec.SerializationUtilities: Deserializing MapWork using kryo
2024-04-24T01:19:35,841  INFO [LocalJobRunner Map Task Executor #0] exec.Utilities: Deserialized plan (via FILE) - name: null size: 5,12KB
2024-04-24T01:19:35,842  INFO [LocalJobRunner Map Task Executor #0] orc.OrcRawRecordMerger: min key = null, max key = null
2024-04-24T01:19:35,842  INFO [LocalJobRunner Map Task Executor #0] orc.ReaderImpl: Reading ORC rows from file:/home/alex/Repositories/hive/ql/target/tmp/org.apache.hadoop.hive.ql.TestTxnNoBuckets-1713946626176/warehouse/nobuckets/delta_0000001_0000001_0000/bucket_00000_0 with {include: [true, true, true, true], offset: 0, length: 714, schema: struct<c1:int,c2:int,c3:int>, includeAcidColumns: true}
2024-04-24T01:19:35,842  INFO [LocalJobRunner Map Task Executor #0] orc.OrcRawRecordMerger: updated min key = null, max key = null
2024-04-24T01:19:35,843  INFO [LocalJobRunner Map Task Executor #0] mapred.MapTask: numReduceTasks: 1
2024-04-24T01:19:35,847  INFO [LocalJobRunner Map Task Executor #0] mapred.MapTask: (EQUATOR) 0 kvi 26214396(104857584)
2024-04-24T01:19:35,847  INFO [LocalJobRunner Map Task Executor #0] mapred.MapTask: mapreduce.task.io.sort.mb: 100
2024-04-24T01:19:35,847  INFO [LocalJobRunner Map Task Executor #0] mapred.MapTask: soft limit at 83886080
2024-04-24T01:19:35,847  INFO [LocalJobRunner Map Task Executor #0] mapred.MapTask: bufstart = 0; bufvoid = 104857600
2024-04-24T01:19:35,847  INFO [LocalJobRunner Map Task Executor #0] mapred.MapTask: kvstart = 26214396; length = 6553600
2024-04-24T01:19:35,848  INFO [LocalJobRunner Map Task Executor #0] mapred.MapTask: Map output collector class = org.apache.hadoop.mapred.MapTask$MapOutputBuffer
2024-04-24T01:19:35,848  INFO [LocalJobRunner Map Task Executor #0] exec.MapOperator: Initializing Operator: MAP[0]
2024-04-24T01:19:35,849  INFO [LocalJobRunner Map Task Executor #0] mr.ExecMapper: 
<MAP>Id =0
  <Children>null
  <\Children>
  <Parent><\Parent>
<\MAP>
2024-04-24T01:19:35,850  INFO [LocalJobRunner Map Task Executor #0] exec.TableScanOperator: Initializing Operator: TS[0]
2024-04-24T01:19:35,850  INFO [LocalJobRunner Map Task Executor #0] exec.SelectOperator: Initializing Operator: SEL[1]
2024-04-24T01:19:35,850  INFO [LocalJobRunner Map Task Executor #0] exec.SelectOperator: SELECT struct<c1:int,c2:int,c3:int,row__id:struct<writeid:bigint,bucketid:int,rowid:bigint>,input__file__name:string>
2024-04-24T01:19:35,850  INFO [LocalJobRunner Map Task Executor #0] exec.ReduceSinkOperator: Initializing Operator: RS[2]
2024-04-24T01:19:35,850  INFO [LocalJobRunner Map Task Executor #0] exec.ReduceSinkOperator: Using tag = -1
2024-04-24T01:19:35,850  INFO [LocalJobRunner Map Task Executor #0] exec.ReduceSinkOperator: keys are [reducesinkkey0] num distributions: 1
2024-04-24T01:19:35,850  INFO [LocalJobRunner Map Task Executor #0] exec.ReduceSinkOperator: RS[2]: records written - 1
2024-04-24T01:19:35,850  INFO [LocalJobRunner Map Task Executor #0] exec.MapOperator: MAP[0]: records read - 1
2024-04-24T01:19:35,850  INFO [LocalJobRunner Map Task Executor #0] exec.MapOperator: Closing Operator: MAP[0]
2024-04-24T01:19:35,850  INFO [LocalJobRunner Map Task Executor #0] exec.MapOperator: MAP[0]: Total records read - 2. abort - false
2024-04-24T01:19:35,850  INFO [LocalJobRunner Map Task Executor #0] exec.MapOperator: RECORDS_IN:2, DESERIALIZE_ERRORS:0, RECORDS_OUT_OPERATOR_MAP_0:0, RECORDS_OUT_INTERMEDIATE:0, 
2024-04-24T01:19:35,851  INFO [LocalJobRunner Map Task Executor #0] exec.TableScanOperator: Closing Operator: TS[0]
2024-04-24T01:19:35,851  INFO [LocalJobRunner Map Task Executor #0] exec.TableScanOperator: RECORDS_OUT_INTERMEDIATE:0, RECORDS_OUT_OPERATOR_TS_0:2, 
2024-04-24T01:19:35,851  INFO [LocalJobRunner Map Task Executor #0] exec.SelectOperator: Closing Operator: SEL[1]
2024-04-24T01:19:35,851  INFO [LocalJobRunner Map Task Executor #0] exec.SelectOperator: RECORDS_OUT_INTERMEDIATE:0, RECORDS_OUT_OPERATOR_SEL_1:2, 
2024-04-24T01:19:35,851  INFO [LocalJobRunner Map Task Executor #0] exec.ReduceSinkOperator: Closing Operator: RS[2]
2024-04-24T01:19:35,851  INFO [LocalJobRunner Map Task Executor #0] exec.ReduceSinkOperator: RS[2]: Total records written - 2. abort - false
2024-04-24T01:19:35,851  INFO [LocalJobRunner Map Task Executor #0] exec.ReduceSinkOperator: RECORDS_OUT_INTERMEDIATE:2, RECORDS_OUT_OPERATOR_RS_2:2, 
2024-04-24T01:19:35,851  INFO [LocalJobRunner Map Task Executor #0] mapred.LocalJobRunner: 
2024-04-24T01:19:35,851  INFO [LocalJobRunner Map Task Executor #0] mapred.MapTask: Starting flush of map output
2024-04-24T01:19:35,851  INFO [LocalJobRunner Map Task Executor #0] mapred.MapTask: Spilling map output
2024-04-24T01:19:35,851  INFO [LocalJobRunner Map Task Executor #0] mapred.MapTask: bufstart = 0; bufend = 410; bufvoid = 104857600
2024-04-24T01:19:35,851  INFO [LocalJobRunner Map Task Executor #0] mapred.MapTask: kvstart = 26214396(104857584); kvend = 26214392(104857568); length = 5/6553600
2024-04-24T01:19:35,859  INFO [LocalJobRunner Map Task Executor #0] mapred.MapTask: Finished spill 0
2024-04-24T01:19:35,862  INFO [LocalJobRunner Map Task Executor #0] mapred.Task: Task:attempt_local164645960_0064_m_000001_0 is done. And is in the process of committing
2024-04-24T01:19:35,862  INFO [LocalJobRunner Map Task Executor #0] mapred.LocalJobRunner: OrcSplit [file:/home/alex/Repositories/hive/ql/target/tmp/org.apache.hadoop.hive.ql.TestTxnNoBuckets-1713946626176/warehouse/nobuckets/delta_0000001_0000001_0000/bucket_00000_0, start=0, length=714, isOriginal=false, fileLength=714, hasFooter=false, hasBase=true, deltas=0]
2024-04-24T01:19:35,862  INFO [LocalJobRunner Map Task Executor #0] mapred.Task: Task 'attempt_local164645960_0064_m_000001_0' done.
2024-04-24T01:19:35,862  INFO [LocalJobRunner Map Task Executor #0] mapred.Task: Final Counters for attempt_local164645960_0064_m_000001_0: Counters: 24
	File System Counters
		FILE: Number of bytes read=1516486
		FILE: Number of bytes written=75467177
		FILE: Number of read operations=0
		FILE: Number of large read operations=0
		FILE: Number of write operations=0
	Map-Reduce Framework
		Map input records=2
		Map output records=2
		Map output bytes=410
		Map output materialized bytes=422
		Input split bytes=501
		Combine input records=0
		Spilled Records=2
		Failed Shuffles=0
		Merged Map outputs=0
		GC time elapsed (ms)=0
		Total committed heap usage (bytes)=1353187328
	HIVE
		DESERIALIZE_ERRORS=0
		RECORDS_IN=2
		RECORDS_OUT_INTERMEDIATE=2
		RECORDS_OUT_OPERATOR_MAP_0=0
		RECORDS_OUT_OPERATOR_RS_2=2
		RECORDS_OUT_OPERATOR_SEL_1=2
		RECORDS_OUT_OPERATOR_TS_0=2
	File Input Format Counters 
		Bytes Read=8114
2024-04-24T01:19:35,862  INFO [LocalJobRunner Map Task Executor #0] mapred.LocalJobRunner: Finishing task: attempt_local164645960_0064_m_000001_0
2024-04-24T01:19:35,862  INFO [Thread-4208] mapred.LocalJobRunner: map task executor complete.
2024-04-24T01:19:35,863  INFO [Thread-4208] mapred.LocalJobRunner: Waiting for reduce tasks
2024-04-24T01:19:35,863  INFO [pool-268-thread-1] mapred.LocalJobRunner: Starting task: attempt_local164645960_0064_r_000000_0
2024-04-24T01:19:35,864  INFO [pool-268-thread-1] mapred.Task:  Using ResourceCalculatorProcessTree : [ ]
2024-04-24T01:19:35,864  INFO [pool-268-thread-1] mapred.ReduceTask: Using ShuffleConsumerPlugin: org.apache.hadoop.mapreduce.task.reduce.Shuffle@324ab364
2024-04-24T01:19:35,864  WARN [pool-268-thread-1] impl.MetricsSystemImpl: JobTracker metrics system already initialized!
2024-04-24T01:19:35,865  INFO [pool-268-thread-1] reduce.MergeManagerImpl: MergerManager: memoryLimit=1336252800, maxSingleShuffleLimit=334063200, mergeThreshold=881926912, ioSortFactor=10, memToMemMergeOutputsThreshold=10
2024-04-24T01:19:35,865  INFO [EventFetcher for fetching Map Completion Events] reduce.EventFetcher: attempt_local164645960_0064_r_000000_0 Thread started: EventFetcher for fetching Map Completion Events
2024-04-24T01:19:35,870  INFO [localfetcher#39] reduce.LocalFetcher: localfetcher#39 about to shuffle output of map attempt_local164645960_0064_m_000000_0 decomp: 418 len: 422 to MEMORY
2024-04-24T01:19:35,870  INFO [localfetcher#39] reduce.InMemoryMapOutput: Read 418 bytes from map-output for attempt_local164645960_0064_m_000000_0
2024-04-24T01:19:35,870  INFO [localfetcher#39] reduce.MergeManagerImpl: closeInMemoryFile -> map-output of size: 418, inMemoryMapOutputs.size() -> 1, commitMemory -> 0, usedMemory ->418
2024-04-24T01:19:35,872  INFO [localfetcher#39] reduce.LocalFetcher: localfetcher#39 about to shuffle output of map attempt_local164645960_0064_m_000001_0 decomp: 418 len: 422 to MEMORY
2024-04-24T01:19:35,872  INFO [localfetcher#39] reduce.InMemoryMapOutput: Read 418 bytes from map-output for attempt_local164645960_0064_m_000001_0
2024-04-24T01:19:35,872  INFO [localfetcher#39] reduce.MergeManagerImpl: closeInMemoryFile -> map-output of size: 418, inMemoryMapOutputs.size() -> 2, commitMemory -> 418, usedMemory ->836
2024-04-24T01:19:35,872  INFO [EventFetcher for fetching Map Completion Events] reduce.EventFetcher: EventFetcher is interrupted.. Returning
2024-04-24T01:19:35,873  INFO [pool-268-thread-1] mapred.LocalJobRunner: 2 / 2 copied.
2024-04-24T01:19:35,873  INFO [pool-268-thread-1] reduce.MergeManagerImpl: finalMerge called with 2 in-memory map-outputs and 0 on-disk map-outputs
2024-04-24T01:19:35,879  INFO [pool-268-thread-1] mapred.Merger: Merging 2 sorted segments
2024-04-24T01:19:35,879  INFO [pool-268-thread-1] mapred.Merger: Down to the last merge-pass, with 2 segments left of total size: 772 bytes
2024-04-24T01:19:35,882  INFO [pool-268-thread-1] reduce.MergeManagerImpl: Merged 2 segments, 836 bytes to disk to satisfy reduce memory limit
2024-04-24T01:19:35,882  INFO [pool-268-thread-1] reduce.MergeManagerImpl: Merging 1 files, 838 bytes from disk
2024-04-24T01:19:35,882  INFO [pool-268-thread-1] reduce.MergeManagerImpl: Merging 0 segments, 0 bytes from memory into reduce
2024-04-24T01:19:35,882  INFO [pool-268-thread-1] mapred.Merger: Merging 1 sorted segments
2024-04-24T01:19:35,882  INFO [pool-268-thread-1] mapred.Merger: Down to the last merge-pass, with 1 segments left of total size: 802 bytes
2024-04-24T01:19:35,883  INFO [pool-268-thread-1] mapred.LocalJobRunner: 2 / 2 copied.
2024-04-24T01:19:35,883  INFO [pool-268-thread-1] exec.SerializationUtilities: Deserializing ReduceWork using kryo
2024-04-24T01:19:35,884  INFO [pool-268-thread-1] exec.Utilities: Deserialized plan (via FILE) - name: null size: 6,32KB
2024-04-24T01:19:35,885  INFO [pool-268-thread-1] ExecReducer: 
<SEL>Id =3
  <Children>
    <FS>Id =4
      <Children>
      <\Children>
      <Parent>Id = 3 null<\Parent>
    <\FS>
  <\Children>
  <Parent><\Parent>
<\SEL>
2024-04-24T01:19:35,885  INFO [pool-268-thread-1] exec.SelectOperator: Initializing Operator: SEL[3]
2024-04-24T01:19:35,885  INFO [pool-268-thread-1] exec.SelectOperator: SELECT struct<key:struct<reducesinkkey0:struct<writeid:bigint,bucketid:int,rowid:bigint>>,value:struct<_col0:int,_col1:int,_col2:int,_col3:string>>
2024-04-24T01:19:35,885  INFO [pool-268-thread-1] exec.FileSinkOperator: Initializing Operator: FS[4]
2024-04-24T01:19:35,886  INFO [pool-268-thread-1] exec.FileSinkOperator: Using serializer : class org.apache.hadoop.hive.serde2.lazy.LazySimpleSerDe [serdeParams=org.apache.hadoop.hive.serde2.lazy.LazySerDeParameters@795f50f3, cachedObjectInspector=org.apache.hadoop.hive.serde2.lazy.objectinspector.LazySimpleStructObjectInspector<org.apache.hadoop.hive.serde2.lazy.objectinspector.LazySimpleStructObjectInspector<org.apache.hadoop.hive.serde2.lazy.objectinspector.primitive.LazyLongObjectInspector@4ae93e38,org.apache.hadoop.hive.serde2.lazy.objectinspector.primitive.LazyIntObjectInspector@6ddeeb78,org.apache.hadoop.hive.serde2.lazy.objectinspector.primitive.LazyLongObjectInspector@4ae93e38>,org.apache.hadoop.hive.serde2.lazy.objectinspector.primitive.LazyIntObjectInspector@6ddeeb78,org.apache.hadoop.hive.serde2.lazy.objectinspector.primitive.LazyIntObjectInspector@6ddeeb78,org.apache.hadoop.hive.serde2.lazy.objectinspector.primitive.LazyIntObjectInspector@6ddeeb78,org.apache.hadoop.hive.serde2.lazy.objectinspector.primitive.LazyStringObjectInspector@266b7d1>, serializedSize=0, stats=org.apache.hadoop.hive.serde2.SerDeStats@19d15717, lastOperationSerialize=false, lastOperationDeserialize=false [1, 2, 3, 4, 5, 6, 7, 8, 11, 14, 15, 16, 17, 18, 19, 20, 21, 22, 23, 24, 25, 26, 28, 29, 30, 31, -128, -127, -126, -125, -124, -123, -122, -121, -120, -119, -118, -117, -116, -115, -114, -113, -112, -111, -110, -109, -108, -107, -106, -105, -104, -103, -102, -101, -100, -99, -98, -97, -96, -95, -94, -93, -92, -91, -90, -89, -88, -87, -86, -85, -84, -83, -82, -81, -80, -79, -78, -77, -76, -75, -74, -73, -72, -71, -70, -69, -68, -67, -66, -65, -64, -63, -62, -61, -60, -59, -58, -57, -56, -55, -54, -53, -52, -51, -50, -49, -48, -47, -46, -45, -44, -43, -42, -41, -40, -39, -38, -37, -36, -35, -34, -33, -32, -31, -30, -29, -28, -27, -26, -25, -24, -23, -22, -21, -20, -19, -18, -17, -16, -15, -14, -13, -12, -11, -10, -9, -8, -7, -6, -5, -4, -3, -2, -1] : [_col0, _col1, _col2, _col3, _col4] : [struct<writeid:bigint,bucketid:int,rowid:bigint>, int, int, int, string]] and formatter : org.apache.hadoop.hive.ql.io.HiveSequenceFileOutputFormat@39d7c482
2024-04-24T01:19:35,886  INFO [pool-268-thread-1] exec.FileSinkOperator: Final Path: FS file:/home/alex/Repositories/hive/ql/target/tmp/localscratchdir/bdc7588d-5ad3-4d18-a389-f8043e3102cc/hive_2024-04-24_01-19-35_370_644782860815783338-1/-mr-10001/.hive-staging_hive_2024-04-24_01-19-35_370_644782860815783338-1/_tmp.-ext-10002/000000_0
2024-04-24T01:19:35,886  INFO [pool-268-thread-1] exec.FileSinkOperator: Writing to temp file: FS file:/home/alex/Repositories/hive/ql/target/tmp/localscratchdir/bdc7588d-5ad3-4d18-a389-f8043e3102cc/hive_2024-04-24_01-19-35_370_644782860815783338-1/-mr-10001/.hive-staging_hive_2024-04-24_01-19-35_370_644782860815783338-1/_task_tmp.-ext-10002/_tmp.000000_0
2024-04-24T01:19:35,886  INFO [pool-268-thread-1] exec.FileSinkOperator: New Final Path: FS file:/home/alex/Repositories/hive/ql/target/tmp/localscratchdir/bdc7588d-5ad3-4d18-a389-f8043e3102cc/hive_2024-04-24_01-19-35_370_644782860815783338-1/-mr-10001/.hive-staging_hive_2024-04-24_01-19-35_370_644782860815783338-1/_tmp.-ext-10002/000000_0
2024-04-24T01:19:35,894  INFO [pool-268-thread-1] exec.FileSinkOperator: FS[4]: records written - 1
2024-04-24T01:19:35,894  INFO [pool-268-thread-1] exec.SelectOperator: Closing Operator: SEL[3]
2024-04-24T01:19:35,894  INFO [pool-268-thread-1] exec.SelectOperator: RECORDS_OUT_OPERATOR_SEL_3:4, RECORDS_OUT_INTERMEDIATE:0, 
2024-04-24T01:19:35,894  INFO [pool-268-thread-1] exec.FileSinkOperator: Closing Operator: FS[4]
2024-04-24T01:19:35,894  INFO [pool-268-thread-1] exec.FileSinkOperator: FS[4]: records written - 4
2024-04-24T01:19:35,895  INFO [pool-268-thread-1] exec.FileSinkOperator: RECORDS_OUT_0:4, RECORDS_OUT_INTERMEDIATE:0, RECORDS_OUT_OPERATOR_FS_4:4, 
2024-04-24T01:19:35,895  INFO [pool-268-thread-1] mapred.Task: Task:attempt_local164645960_0064_r_000000_0 is done. And is in the process of committing
2024-04-24T01:19:35,896  INFO [pool-268-thread-1] mapred.LocalJobRunner: reduce > reduce
2024-04-24T01:19:35,896  INFO [pool-268-thread-1] mapred.Task: Task 'attempt_local164645960_0064_r_000000_0' done.
2024-04-24T01:19:35,896  INFO [pool-268-thread-1] mapred.Task: Final Counters for attempt_local164645960_0064_r_000000_0: Counters: 29
	File System Counters
		FILE: Number of bytes read=1524616
		FILE: Number of bytes written=75468918
		FILE: Number of read operations=0
		FILE: Number of large read operations=0
		FILE: Number of write operations=0
	Map-Reduce Framework
		Combine input records=0
		Combine output records=0
		Reduce input groups=4
		Reduce shuffle bytes=844
		Reduce input records=4
		Reduce output records=0
		Spilled Records=4
		Shuffled Maps =2
		Failed Shuffles=0
		Merged Map outputs=2
		GC time elapsed (ms)=0
		Total committed heap usage (bytes)=1353187328
	HIVE
		CREATED_FILES=1
		RECORDS_OUT_0=4
		RECORDS_OUT_INTERMEDIATE=0
		RECORDS_OUT_OPERATOR_FS_4=4
		RECORDS_OUT_OPERATOR_SEL_3=4
	Shuffle Errors
		BAD_ID=0
		CONNECTION=0
		IO_ERROR=0
		WRONG_LENGTH=0
		WRONG_MAP=0
		WRONG_REDUCE=0
	File Output Format Counters 
		Bytes Written=0
2024-04-24T01:19:35,896  INFO [pool-268-thread-1] mapred.LocalJobRunner: Finishing task: attempt_local164645960_0064_r_000000_0
2024-04-24T01:19:35,896  INFO [Thread-4208] mapred.LocalJobRunner: reduce task executor complete.
2024-04-24 01:19:36,813 Stage-1 map = 100%,  reduce = 100%
2024-04-24T01:19:36,813  INFO [main] exec.Task: 2024-04-24 01:19:36,813 Stage-1 map = 100%,  reduce = 100%
Ended Job = job_local164645960_0064
2024-04-24T01:19:36,814  INFO [main] exec.Task: Ended Job = job_local164645960_0064
2024-04-24T01:19:36,815  INFO [main] metadata.Hive: Dumping metastore api call timing information for : execution phase
2024-04-24T01:19:36,815  INFO [main] metadata.Hive: Total time spent in each metastore function (ms): {}
MapReduce Jobs Launched: 
2024-04-24T01:19:36,815  INFO [main] ql.Driver: MapReduce Jobs Launched: 
Stage-Stage-1:  HDFS Read: 0 HDFS Write: 0 SUCCESS
2024-04-24T01:19:36,815  INFO [main] ql.Driver: Stage-Stage-1:  HDFS Read: 0 HDFS Write: 0 SUCCESS
Total MapReduce CPU Time Spent: 0 msec
2024-04-24T01:19:36,815  INFO [main] ql.Driver: Total MapReduce CPU Time Spent: 0 msec
2024-04-24T01:19:36,815  INFO [main] ql.Driver: Completed executing command(queryId=alex_20240424011935_fb6b0d5c-d80b-4d68-82a1-721c8e45ae84); Time taken: 1.3 seconds
2024-04-24T01:19:36,815  INFO [main] lockmgr.DbTxnManager: Stopped heartbeat for query: alex_20240424011935_fb6b0d5c-d80b-4d68-82a1-721c8e45ae84
2024-04-24T01:19:36,819  INFO [main] txn.TxnHandler: Expected to move at least one record from txn_components to completed_txn_components when committing txn! txnid:20
2024-04-24T01:19:36,824  INFO [main] txn.TxnHandler: Removed transactions: ([20]) from MIN_HISTORY_LEVEL
2024-04-24T01:19:36,825  WARN [main] txn.CompactionTxnHandler: No compaction queue record found for Compaction type transaction commit. txnId:20
2024-04-24T01:19:36,828  INFO [main] mapred.FileInputFormat: Total input files to process : 1
2024-04-24T01:19:36,829  INFO [main] exec.ListSinkOperator: Closing Operator: LIST_SINK[5]
2024-04-24T01:19:36,829  INFO [main] exec.ListSinkOperator: RECORDS_OUT_INTERMEDIATE:0, RECORDS_OUT_OPERATOR_LIST_SINK_5:4, 
2024-04-24T01:19:36,829  WARN [main] ql.TestTxnNoBuckets: after insert
2024-04-24T01:19:36,829  WARN [main] ql.TestTxnNoBuckets: {"writeid":1,"bucketid":536870912,"rowid":0}	0	0	0	file:/home/alex/Repositories/hive/ql/target/tmp/org.apache.hadoop.hive.ql.TestTxnNoBuckets-1713946626176/warehouse/nobuckets/delta_0000001_0000001_0000/bucket_00000_0
2024-04-24T01:19:36,829  WARN [main] ql.TestTxnNoBuckets: {"writeid":1,"bucketid":536870912,"rowid":1}	3	3	3	file:/home/alex/Repositories/hive/ql/target/tmp/org.apache.hadoop.hive.ql.TestTxnNoBuckets-1713946626176/warehouse/nobuckets/delta_0000001_0000001_0000/bucket_00000_0
2024-04-24T01:19:36,829  WARN [main] ql.TestTxnNoBuckets: {"writeid":1,"bucketid":536936448,"rowid":0}	1	1	1	file:/home/alex/Repositories/hive/ql/target/tmp/org.apache.hadoop.hive.ql.TestTxnNoBuckets-1713946626176/warehouse/nobuckets/delta_0000001_0000001_0000/bucket_00001_0
2024-04-24T01:19:36,829  WARN [main] ql.TestTxnNoBuckets: {"writeid":1,"bucketid":536936448,"rowid":1}	2	2	2	file:/home/alex/Repositories/hive/ql/target/tmp/org.apache.hadoop.hive.ql.TestTxnNoBuckets-1713946626176/warehouse/nobuckets/delta_0000001_0000001_0000/bucket_00001_0
2024-04-24T01:19:36,829  INFO [main] ql.TxnCommandsBaseForTests: Running the query: explain  update nobuckets set c3 = 17 where c3 in(0,1)
2024-04-24T01:19:36,829  INFO [main] ql.Context: Deleting scratch dir: file:/home/alex/Repositories/hive/ql/target/tmp/localscratchdir/bdc7588d-5ad3-4d18-a389-f8043e3102cc/hive_2024-04-24_01-19-35_370_644782860815783338-1
2024-04-24T01:19:36,830  INFO [main] cleanup.SyncCleanupService: Deleted directory: file:/home/alex/Repositories/hive/ql/target/tmp/localscratchdir/bdc7588d-5ad3-4d18-a389-f8043e3102cc/hive_2024-04-24_01-19-35_370_644782860815783338-1 on fs with scheme file
2024-04-24T01:19:36,830  INFO [main] ql.Driver: Compiling command(queryId=alex_20240424011936_e9a92213-cc74-4522-a4cc-973538a82be8): explain  update nobuckets set c3 = 17 where c3 in(0,1)
2024-04-24T01:19:36,833  INFO [main] txn.TxnHandler: Added entries to MIN_HISTORY_LEVEL for current txns: ([21]) with min_open_txn: 21
2024-04-24T01:19:36,833  INFO [main] lockmgr.DbTxnManager: Opened txnid:21
2024-04-24T01:19:36,834  INFO [main] HiveMetaStore.audit: ugi=alex	ip=unknown-ip-addr	cmd=get_table : tbl=hive.default.nobuckets	
2024-04-24T01:19:36,841  INFO [main] metastore.HMSHandler: Skipping translation for processor with null
2024-04-24T01:19:36,842  INFO [main] parse.RewriteSemanticAnalyzer: Going to reparse <explain  update nobuckets set c3 = 17 where c3 in(0,1)> as 
<insert into table `default`.`nobuckets` select ROW__ID,`c1`,`c2`,`c3` from `default`.`nobuckets` sort by ROW__ID >
2024-04-24T01:19:36,842  INFO [main] parse.UpdateDeleteSemanticAnalyzer: Starting Semantic Analysis
2024-04-24T01:19:36,845  INFO [main] HiveMetaStore.audit: ugi=alex	ip=unknown-ip-addr	cmd=get_table : tbl=hive.default.nobuckets	
2024-04-24T01:19:36,853  INFO [main] metastore.HMSHandler: Skipping translation for processor with null
2024-04-24T01:19:36,853  INFO [main] parse.UpdateDeleteSemanticAnalyzer: Completed phase 1 of Semantic Analysis
2024-04-24T01:19:36,853  INFO [main] parse.UpdateDeleteSemanticAnalyzer: Get metadata for source tables
2024-04-24T01:19:36,853  INFO [main] parse.UpdateDeleteSemanticAnalyzer: Get metadata for subqueries
2024-04-24T01:19:36,853  INFO [main] parse.UpdateDeleteSemanticAnalyzer: Get metadata for destination tables
2024-04-24T01:19:36,854  INFO [main] HiveMetaStore.audit: ugi=alex	ip=unknown-ip-addr	cmd=get_table : tbl=hive.default.nobuckets	
2024-04-24T01:19:36,864  INFO [main] metastore.HMSHandler: Skipping translation for processor with null
2024-04-24T01:19:36,864  INFO [main] parse.UpdateDeleteSemanticAnalyzer: Completed getting MetaData in Semantic Analysis
2024-04-24T01:19:36,864  INFO [main] parse.UpdateDeleteSemanticAnalyzer: Disabling LLAP IO encode as ETL query is detected
2024-04-24T01:19:36,885  INFO [main] HiveMetaStore.audit: ugi=alex	ip=unknown-ip-addr	cmd=get_all_table_constraints : tbl=hive.default.nobuckets	
2024-04-24T01:19:36,895  INFO [main] HiveMetaStore.audit: ugi=alex	ip=unknown-ip-addr	cmd=get_not_null_constraints : tbl=hive.default.nobuckets	
2024-04-24T01:19:36,896  INFO [main] HiveMetaStore.audit: ugi=alex	ip=unknown-ip-addr	cmd=get_check_constraints : tbl=hive.default.nobuckets	
2024-04-24T01:19:36,920  INFO [main] calcite.RelOptHiveTable: Calculating column statistics for default.nobuckets, projIndxSet: [0, 1, 2], allowMissingStats: true
2024-04-24T01:19:36,920  INFO [main] HiveMetaStore.audit: ugi=alex	ip=unknown-ip-addr	cmd=get_table_statistics_req: table=hive.default.nobuckets	
2024-04-24T01:19:36,930  WARN [main] calcite.RelOptHiveTable: No Stats for default@nobuckets, Columns: c1, c3, c2
No Stats for default@nobuckets, Columns: c1, c3, c2
2024-04-24T01:19:36,930  INFO [main] SessionState: No Stats for default@nobuckets, Columns: c1, c3, c2
2024-04-24T01:19:37,001  INFO [main] parse.UpdateDeleteSemanticAnalyzer: Get metadata for source tables
2024-04-24T01:19:37,001  INFO [main] parse.UpdateDeleteSemanticAnalyzer: Get metadata for subqueries
2024-04-24T01:19:37,001  INFO [main] parse.UpdateDeleteSemanticAnalyzer: Get metadata for destination tables
2024-04-24T01:19:37,001  INFO [main] HiveMetaStore.audit: ugi=alex	ip=unknown-ip-addr	cmd=get_table : tbl=hive.default.nobuckets	
2024-04-24T01:19:37,010  INFO [main] metastore.HMSHandler: Skipping translation for processor with null
2024-04-24T01:19:37,012 ERROR [main] parse.UpdateDeleteSemanticAnalyzer: CBO failed, skipping CBO. 
org.apache.hadoop.hive.ql.exec.NoMatchingMethodException: No matching method for class org.apache.hadoop.hive.ql.udf.UDFToInteger with (struct<writeid:bigint,bucketid:int,rowid:bigint>). Possible choices: _FUNC_(bigint)  _FUNC_(boolean)  _FUNC_(decimal(38,18))  _FUNC_(double)  _FUNC_(float)  _FUNC_(smallint)  _FUNC_(string)  _FUNC_(struct<writeid:int,rowid:bigint,bucketid:bigint>)  _FUNC_(timestamp)  _FUNC_(tinyint)  _FUNC_(void)  
	at org.apache.hadoop.hive.ql.exec.MethodUtils.getMethodInternal(MethodUtils.java:130) ~[classes/:?]
	at org.apache.hadoop.hive.ql.exec.MethodUtils.getMethodInternal(MethodUtils.java:60) ~[classes/:?]
	at org.apache.hadoop.hive.ql.exec.DefaultUDFMethodResolver.getEvalMethod(DefaultUDFMethodResolver.java:59) ~[classes/:?]
	at org.apache.hadoop.hive.ql.udf.TimestampCastRestrictorResolver.getEvalMethod(TimestampCastRestrictorResolver.java:68) ~[classes/:?]
	at org.apache.hadoop.hive.ql.udf.generic.GenericUDFBridge.initialize(GenericUDFBridge.java:168) ~[classes/:?]
	at org.apache.hadoop.hive.ql.udf.generic.GenericUDF.initializeAndFoldConstants(GenericUDF.java:149) ~[classes/:?]
	at org.apache.hadoop.hive.ql.plan.ExprNodeGenericFuncDesc.newInstance(ExprNodeGenericFuncDesc.java:235) ~[classes/:?]
	at org.apache.hadoop.hive.ql.parse.type.ExprNodeDescExprFactory.createFuncCallExpr(ExprNodeDescExprFactory.java:584) ~[classes/:?]
	at org.apache.hadoop.hive.ql.parse.type.ExprNodeDescExprFactory.createFuncCallExpr(ExprNodeDescExprFactory.java:97) ~[classes/:?]
	at org.apache.hadoop.hive.ql.parse.type.TypeCheckProcFactory$DefaultExprProcessor.getFuncExprNodeDescWithUdfData(TypeCheckProcFactory.java:762) ~[classes/:?]
	at org.apache.hadoop.hive.ql.parse.type.TypeCheckProcFactory$DefaultExprProcessor.createConversionCast(TypeCheckProcFactory.java:783) ~[classes/:?]
	at org.apache.hadoop.hive.ql.parse.SemanticAnalyzer.getPartitionColsFromBucketColsForUpdateDelete(SemanticAnalyzer.java:8725) ~[classes/:?]
	at org.apache.hadoop.hive.ql.parse.SemanticAnalyzer.genBucketingSortingDest(SemanticAnalyzer.java:6914) ~[classes/:?]
	at org.apache.hadoop.hive.ql.parse.SemanticAnalyzer.genFileSinkPlan(SemanticAnalyzer.java:7335) ~[classes/:?]
	at org.apache.hadoop.hive.ql.parse.SemanticAnalyzer.genPostGroupByBodyPlan(SemanticAnalyzer.java:11063) ~[classes/:?]
	at org.apache.hadoop.hive.ql.parse.SemanticAnalyzer.genBodyPlan(SemanticAnalyzer.java:10938) ~[classes/:?]
	at org.apache.hadoop.hive.ql.parse.SemanticAnalyzer.genPlan(SemanticAnalyzer.java:11853) ~[classes/:?]
	at org.apache.hadoop.hive.ql.parse.SemanticAnalyzer.genPlan(SemanticAnalyzer.java:11723) ~[classes/:?]
	at org.apache.hadoop.hive.ql.parse.CalcitePlanner.genOPTree(CalcitePlanner.java:626) ~[classes/:?]
	at org.apache.hadoop.hive.ql.parse.SemanticAnalyzer.analyzeInternal(SemanticAnalyzer.java:12558) ~[classes/:?]
	at org.apache.hadoop.hive.ql.parse.CalcitePlanner.analyzeInternal(CalcitePlanner.java:456) ~[classes/:?]
	at org.apache.hadoop.hive.ql.parse.RewriteSemanticAnalyzer.analyzeInternal(RewriteSemanticAnalyzer.java:67) ~[classes/:?]
	at org.apache.hadoop.hive.ql.parse.BaseSemanticAnalyzer.analyze(BaseSemanticAnalyzer.java:317) ~[classes/:?]
	at org.apache.hadoop.hive.ql.parse.UpdateDeleteSemanticAnalyzer.reparseAndSuperAnalyze(UpdateDeleteSemanticAnalyzer.java:208) ~[classes/:?]
	at org.apache.hadoop.hive.ql.parse.UpdateDeleteSemanticAnalyzer.analyzeUpdate(UpdateDeleteSemanticAnalyzer.java:63) ~[classes/:?]
	at org.apache.hadoop.hive.ql.parse.UpdateDeleteSemanticAnalyzer.analyze(UpdateDeleteSemanticAnalyzer.java:53) ~[classes/:?]
	at org.apache.hadoop.hive.ql.parse.RewriteSemanticAnalyzer.analyzeInternal(RewriteSemanticAnalyzer.java:72) ~[classes/:?]
	at org.apache.hadoop.hive.ql.parse.BaseSemanticAnalyzer.analyze(BaseSemanticAnalyzer.java:317) ~[classes/:?]
	at org.apache.hadoop.hive.ql.parse.ExplainSemanticAnalyzer.analyzeInternal(ExplainSemanticAnalyzer.java:175) ~[classes/:?]
	at org.apache.hadoop.hive.ql.parse.BaseSemanticAnalyzer.analyze(BaseSemanticAnalyzer.java:317) ~[classes/:?]
	at org.apache.hadoop.hive.ql.Compiler.analyze(Compiler.java:223) ~[classes/:?]
	at org.apache.hadoop.hive.ql.Compiler.compile(Compiler.java:105) ~[classes/:?]
	at org.apache.hadoop.hive.ql.Driver.compile(Driver.java:500) ~[classes/:?]
	at org.apache.hadoop.hive.ql.Driver.compileInternal(Driver.java:453) ~[classes/:?]
	at org.apache.hadoop.hive.ql.Driver.runInternal(Driver.java:181) ~[classes/:?]
	at org.apache.hadoop.hive.ql.Driver.run(Driver.java:153) ~[classes/:?]
	at org.apache.hadoop.hive.ql.Driver.run(Driver.java:140) ~[classes/:?]
	at org.apache.hadoop.hive.ql.TxnCommandsBaseForTests.runStatementOnDriver(TxnCommandsBaseForTests.java:245) ~[test-classes/:?]
	at org.apache.hadoop.hive.ql.TestTxnNoBuckets.testNoBuckets(TestTxnNoBuckets.java:109) ~[test-classes/:?]
	at sun.reflect.NativeMethodAccessorImpl.invoke0(Native Method) ~[?:1.8.0_402]
	at sun.reflect.NativeMethodAccessorImpl.invoke(NativeMethodAccessorImpl.java:62) ~[?:1.8.0_402]
	at sun.reflect.DelegatingMethodAccessorImpl.invoke(DelegatingMethodAccessorImpl.java:43) ~[?:1.8.0_402]
	at java.lang.reflect.Method.invoke(Method.java:498) ~[?:1.8.0_402]
	at org.junit.runners.model.FrameworkMethod$1.runReflectiveCall(FrameworkMethod.java:59) ~[junit-4.13.jar:4.13]
	at org.junit.internal.runners.model.ReflectiveCallable.run(ReflectiveCallable.java:12) ~[junit-4.13.jar:4.13]
	at org.junit.runners.model.FrameworkMethod.invokeExplosively(FrameworkMethod.java:56) ~[junit-4.13.jar:4.13]
	at org.junit.internal.runners.statements.InvokeMethod.evaluate(InvokeMethod.java:17) ~[junit-4.13.jar:4.13]
	at org.junit.internal.runners.statements.RunBefores.evaluate(RunBefores.java:26) ~[junit-4.13.jar:4.13]
	at org.junit.internal.runners.statements.RunAfters.evaluate(RunAfters.java:27) ~[junit-4.13.jar:4.13]
	at org.junit.rules.TestWatcher$1.evaluate(TestWatcher.java:61) ~[junit-4.13.jar:4.13]
	at org.junit.runners.ParentRunner$3.evaluate(ParentRunner.java:306) ~[junit-4.13.jar:4.13]
	at org.junit.runners.BlockJUnit4ClassRunner$1.evaluate(BlockJUnit4ClassRunner.java:100) ~[junit-4.13.jar:4.13]
	at org.junit.runners.ParentRunner.runLeaf(ParentRunner.java:366) ~[junit-4.13.jar:4.13]
	at org.junit.runners.BlockJUnit4ClassRunner.runChild(BlockJUnit4ClassRunner.java:103) ~[junit-4.13.jar:4.13]
	at org.junit.runners.BlockJUnit4ClassRunner.runChild(BlockJUnit4ClassRunner.java:63) ~[junit-4.13.jar:4.13]
	at org.junit.runners.ParentRunner$4.run(ParentRunner.java:331) ~[junit-4.13.jar:4.13]
	at org.junit.runners.ParentRunner$1.schedule(ParentRunner.java:79) ~[junit-4.13.jar:4.13]
	at org.junit.runners.ParentRunner.runChildren(ParentRunner.java:329) ~[junit-4.13.jar:4.13]
	at org.junit.runners.ParentRunner.access$100(ParentRunner.java:66) ~[junit-4.13.jar:4.13]
	at org.junit.runners.ParentRunner$2.evaluate(ParentRunner.java:293) ~[junit-4.13.jar:4.13]
	at org.junit.runners.ParentRunner$3.evaluate(ParentRunner.java:306) ~[junit-4.13.jar:4.13]
	at org.junit.runners.ParentRunner.run(ParentRunner.java:413) ~[junit-4.13.jar:4.13]
	at org.junit.runner.JUnitCore.run(JUnitCore.java:137) ~[junit-4.13.jar:4.13]
	at org.junit.runner.JUnitCore.run(JUnitCore.java:115) ~[junit-4.13.jar:4.13]
	at org.junit.vintage.engine.execution.RunnerExecutor.execute(RunnerExecutor.java:43) ~[junit-vintage-engine-5.6.2.jar:5.6.2]
	at java.util.stream.ForEachOps$ForEachOp$OfRef.accept(ForEachOps.java:183) ~[?:1.8.0_402]
	at java.util.stream.ReferencePipeline$3$1.accept(ReferencePipeline.java:193) ~[?:1.8.0_402]
	at java.util.Iterator.forEachRemaining(Iterator.java:116) ~[?:1.8.0_402]
	at java.util.Spliterators$IteratorSpliterator.forEachRemaining(Spliterators.java:1801) ~[?:1.8.0_402]
	at java.util.stream.AbstractPipeline.copyInto(AbstractPipeline.java:482) ~[?:1.8.0_402]
	at java.util.stream.AbstractPipeline.wrapAndCopyInto(AbstractPipeline.java:472) ~[?:1.8.0_402]
	at java.util.stream.ForEachOps$ForEachOp.evaluateSequential(ForEachOps.java:150) ~[?:1.8.0_402]
	at java.util.stream.ForEachOps$ForEachOp$OfRef.evaluateSequential(ForEachOps.java:173) ~[?:1.8.0_402]
	at java.util.stream.AbstractPipeline.evaluate(AbstractPipeline.java:234) ~[?:1.8.0_402]
	at java.util.stream.ReferencePipeline.forEach(ReferencePipeline.java:485) ~[?:1.8.0_402]
	at org.junit.vintage.engine.VintageTestEngine.executeAllChildren(VintageTestEngine.java:82) ~[junit-vintage-engine-5.6.2.jar:5.6.2]
	at org.junit.vintage.engine.VintageTestEngine.execute(VintageTestEngine.java:73) ~[junit-vintage-engine-5.6.2.jar:5.6.2]
	at org.junit.platform.launcher.core.DefaultLauncher.execute(DefaultLauncher.java:248) ~[junit-platform-launcher-1.6.2.jar:1.6.2]
	at org.junit.platform.launcher.core.DefaultLauncher.lambda$execute$5(DefaultLauncher.java:211) ~[junit-platform-launcher-1.6.2.jar:1.6.2]
	at org.junit.platform.launcher.core.DefaultLauncher.withInterceptedStreams(DefaultLauncher.java:226) [junit-platform-launcher-1.6.2.jar:1.6.2]
	at org.junit.platform.launcher.core.DefaultLauncher.execute(DefaultLauncher.java:199) [junit-platform-launcher-1.6.2.jar:1.6.2]
	at org.junit.platform.launcher.core.DefaultLauncher.execute(DefaultLauncher.java:132) [junit-platform-launcher-1.6.2.jar:1.6.2]
	at org.apache.maven.surefire.junitplatform.JUnitPlatformProvider.invokeAllTests(JUnitPlatformProvider.java:154) [surefire-junit-platform-3.0.0-M4.jar:3.0.0-M4]
	at org.apache.maven.surefire.junitplatform.JUnitPlatformProvider.invoke(JUnitPlatformProvider.java:123) [surefire-junit-platform-3.0.0-M4.jar:3.0.0-M4]
	at org.apache.maven.surefire.booter.ForkedBooter.runSuitesInProcess(ForkedBooter.java:377) [surefire-booter-3.0.0-M4.jar:3.0.0-M4]
	at org.apache.maven.surefire.booter.ForkedBooter.execute(ForkedBooter.java:138) [surefire-booter-3.0.0-M4.jar:3.0.0-M4]
	at org.apache.maven.surefire.booter.ForkedBooter.run(ForkedBooter.java:465) [surefire-booter-3.0.0-M4.jar:3.0.0-M4]
	at org.apache.maven.surefire.booter.ForkedBooter.main(ForkedBooter.java:451) [surefire-booter-3.0.0-M4.jar:3.0.0-M4]
2024-04-24T01:19:37,013 ERROR [main] parse.UpdateDeleteSemanticAnalyzer: CBO failed due to missing column stats (see previous errors), skipping CBO
FAILED: NoMatchingMethodException No matching method for class org.apache.hadoop.hive.ql.udf.UDFToInteger with (struct<writeid:bigint,bucketid:int,rowid:bigint>). Possible choices: _FUNC_(bigint)  _FUNC_(boolean)  _FUNC_(decimal(38,18))  _FUNC_(double)  _FUNC_(float)  _FUNC_(smallint)  _FUNC_(string)  _FUNC_(struct<writeid:int,rowid:bigint,bucketid:bigint>)  _FUNC_(timestamp)  _FUNC_(tinyint)  _FUNC_(void)  
2024-04-24T01:19:37,014 ERROR [main] ql.Driver: FAILED: NoMatchingMethodException No matching method for class org.apache.hadoop.hive.ql.udf.UDFToInteger with (struct<writeid:bigint,bucketid:int,rowid:bigint>). Possible choices: _FUNC_(bigint)  _FUNC_(boolean)  _FUNC_(decimal(38,18))  _FUNC_(double)  _FUNC_(float)  _FUNC_(smallint)  _FUNC_(string)  _FUNC_(struct<writeid:int,rowid:bigint,bucketid:bigint>)  _FUNC_(timestamp)  _FUNC_(tinyint)  _FUNC_(void)  
org.apache.hadoop.hive.ql.exec.NoMatchingMethodException: No matching method for class org.apache.hadoop.hive.ql.udf.UDFToInteger with (struct<writeid:bigint,bucketid:int,rowid:bigint>). Possible choices: _FUNC_(bigint)  _FUNC_(boolean)  _FUNC_(decimal(38,18))  _FUNC_(double)  _FUNC_(float)  _FUNC_(smallint)  _FUNC_(string)  _FUNC_(struct<writeid:int,rowid:bigint,bucketid:bigint>)  _FUNC_(timestamp)  _FUNC_(tinyint)  _FUNC_(void)  
	at org.apache.hadoop.hive.ql.exec.MethodUtils.getMethodInternal(MethodUtils.java:130)
	at org.apache.hadoop.hive.ql.exec.MethodUtils.getMethodInternal(MethodUtils.java:60)
	at org.apache.hadoop.hive.ql.exec.DefaultUDFMethodResolver.getEvalMethod(DefaultUDFMethodResolver.java:59)
	at org.apache.hadoop.hive.ql.udf.TimestampCastRestrictorResolver.getEvalMethod(TimestampCastRestrictorResolver.java:68)
	at org.apache.hadoop.hive.ql.udf.generic.GenericUDFBridge.initialize(GenericUDFBridge.java:168)
	at org.apache.hadoop.hive.ql.udf.generic.GenericUDF.initializeAndFoldConstants(GenericUDF.java:149)
	at org.apache.hadoop.hive.ql.plan.ExprNodeGenericFuncDesc.newInstance(ExprNodeGenericFuncDesc.java:235)
	at org.apache.hadoop.hive.ql.parse.type.ExprNodeDescExprFactory.createFuncCallExpr(ExprNodeDescExprFactory.java:584)
	at org.apache.hadoop.hive.ql.parse.type.ExprNodeDescExprFactory.createFuncCallExpr(ExprNodeDescExprFactory.java:97)
	at org.apache.hadoop.hive.ql.parse.type.TypeCheckProcFactory$DefaultExprProcessor.getFuncExprNodeDescWithUdfData(TypeCheckProcFactory.java:762)
	at org.apache.hadoop.hive.ql.parse.type.TypeCheckProcFactory$DefaultExprProcessor.createConversionCast(TypeCheckProcFactory.java:783)
	at org.apache.hadoop.hive.ql.parse.SemanticAnalyzer.getPartitionColsFromBucketColsForUpdateDelete(SemanticAnalyzer.java:8725)
	at org.apache.hadoop.hive.ql.parse.SemanticAnalyzer.genBucketingSortingDest(SemanticAnalyzer.java:6914)
	at org.apache.hadoop.hive.ql.parse.SemanticAnalyzer.genFileSinkPlan(SemanticAnalyzer.java:7335)
	at org.apache.hadoop.hive.ql.parse.SemanticAnalyzer.genPostGroupByBodyPlan(SemanticAnalyzer.java:11063)
	at org.apache.hadoop.hive.ql.parse.SemanticAnalyzer.genBodyPlan(SemanticAnalyzer.java:10938)
	at org.apache.hadoop.hive.ql.parse.SemanticAnalyzer.genPlan(SemanticAnalyzer.java:11853)
	at org.apache.hadoop.hive.ql.parse.SemanticAnalyzer.genPlan(SemanticAnalyzer.java:11723)
	at org.apache.hadoop.hive.ql.parse.CalcitePlanner.genOPTree(CalcitePlanner.java:626)
	at org.apache.hadoop.hive.ql.parse.SemanticAnalyzer.analyzeInternal(SemanticAnalyzer.java:12558)
	at org.apache.hadoop.hive.ql.parse.CalcitePlanner.analyzeInternal(CalcitePlanner.java:456)
	at org.apache.hadoop.hive.ql.parse.RewriteSemanticAnalyzer.analyzeInternal(RewriteSemanticAnalyzer.java:67)
	at org.apache.hadoop.hive.ql.parse.BaseSemanticAnalyzer.analyze(BaseSemanticAnalyzer.java:317)
	at org.apache.hadoop.hive.ql.parse.UpdateDeleteSemanticAnalyzer.reparseAndSuperAnalyze(UpdateDeleteSemanticAnalyzer.java:208)
	at org.apache.hadoop.hive.ql.parse.UpdateDeleteSemanticAnalyzer.analyzeUpdate(UpdateDeleteSemanticAnalyzer.java:63)
	at org.apache.hadoop.hive.ql.parse.UpdateDeleteSemanticAnalyzer.analyze(UpdateDeleteSemanticAnalyzer.java:53)
	at org.apache.hadoop.hive.ql.parse.RewriteSemanticAnalyzer.analyzeInternal(RewriteSemanticAnalyzer.java:72)
	at org.apache.hadoop.hive.ql.parse.BaseSemanticAnalyzer.analyze(BaseSemanticAnalyzer.java:317)
	at org.apache.hadoop.hive.ql.parse.ExplainSemanticAnalyzer.analyzeInternal(ExplainSemanticAnalyzer.java:175)
	at org.apache.hadoop.hive.ql.parse.BaseSemanticAnalyzer.analyze(BaseSemanticAnalyzer.java:317)
	at org.apache.hadoop.hive.ql.Compiler.analyze(Compiler.java:223)
	at org.apache.hadoop.hive.ql.Compiler.compile(Compiler.java:105)
	at org.apache.hadoop.hive.ql.Driver.compile(Driver.java:500)
	at org.apache.hadoop.hive.ql.Driver.compileInternal(Driver.java:453)
	at org.apache.hadoop.hive.ql.Driver.runInternal(Driver.java:181)
	at org.apache.hadoop.hive.ql.Driver.run(Driver.java:153)
	at org.apache.hadoop.hive.ql.Driver.run(Driver.java:140)
	at org.apache.hadoop.hive.ql.TxnCommandsBaseForTests.runStatementOnDriver(TxnCommandsBaseForTests.java:245)
	at org.apache.hadoop.hive.ql.TestTxnNoBuckets.testNoBuckets(TestTxnNoBuckets.java:109)
	at sun.reflect.NativeMethodAccessorImpl.invoke0(Native Method)
	at sun.reflect.NativeMethodAccessorImpl.invoke(NativeMethodAccessorImpl.java:62)
	at sun.reflect.DelegatingMethodAccessorImpl.invoke(DelegatingMethodAccessorImpl.java:43)
	at java.lang.reflect.Method.invoke(Method.java:498)
	at org.junit.runners.model.FrameworkMethod$1.runReflectiveCall(FrameworkMethod.java:59)
	at org.junit.internal.runners.model.ReflectiveCallable.run(ReflectiveCallable.java:12)
	at org.junit.runners.model.FrameworkMethod.invokeExplosively(FrameworkMethod.java:56)
	at org.junit.internal.runners.statements.InvokeMethod.evaluate(InvokeMethod.java:17)
	at org.junit.internal.runners.statements.RunBefores.evaluate(RunBefores.java:26)
	at org.junit.internal.runners.statements.RunAfters.evaluate(RunAfters.java:27)
	at org.junit.rules.TestWatcher$1.evaluate(TestWatcher.java:61)
	at org.junit.runners.ParentRunner$3.evaluate(ParentRunner.java:306)
	at org.junit.runners.BlockJUnit4ClassRunner$1.evaluate(BlockJUnit4ClassRunner.java:100)
	at org.junit.runners.ParentRunner.runLeaf(ParentRunner.java:366)
	at org.junit.runners.BlockJUnit4ClassRunner.runChild(BlockJUnit4ClassRunner.java:103)
	at org.junit.runners.BlockJUnit4ClassRunner.runChild(BlockJUnit4ClassRunner.java:63)
	at org.junit.runners.ParentRunner$4.run(ParentRunner.java:331)
	at org.junit.runners.ParentRunner$1.schedule(ParentRunner.java:79)
	at org.junit.runners.ParentRunner.runChildren(ParentRunner.java:329)
	at org.junit.runners.ParentRunner.access$100(ParentRunner.java:66)
	at org.junit.runners.ParentRunner$2.evaluate(ParentRunner.java:293)
	at org.junit.runners.ParentRunner$3.evaluate(ParentRunner.java:306)
	at org.junit.runners.ParentRunner.run(ParentRunner.java:413)
	at org.junit.runner.JUnitCore.run(JUnitCore.java:137)
	at org.junit.runner.JUnitCore.run(JUnitCore.java:115)
	at org.junit.vintage.engine.execution.RunnerExecutor.execute(RunnerExecutor.java:43)
	at java.util.stream.ForEachOps$ForEachOp$OfRef.accept(ForEachOps.java:183)
	at java.util.stream.ReferencePipeline$3$1.accept(ReferencePipeline.java:193)
	at java.util.Iterator.forEachRemaining(Iterator.java:116)
	at java.util.Spliterators$IteratorSpliterator.forEachRemaining(Spliterators.java:1801)
	at java.util.stream.AbstractPipeline.copyInto(AbstractPipeline.java:482)
	at java.util.stream.AbstractPipeline.wrapAndCopyInto(AbstractPipeline.java:472)
	at java.util.stream.ForEachOps$ForEachOp.evaluateSequential(ForEachOps.java:150)
	at java.util.stream.ForEachOps$ForEachOp$OfRef.evaluateSequential(ForEachOps.java:173)
	at java.util.stream.AbstractPipeline.evaluate(AbstractPipeline.java:234)
	at java.util.stream.ReferencePipeline.forEach(ReferencePipeline.java:485)
	at org.junit.vintage.engine.VintageTestEngine.executeAllChildren(VintageTestEngine.java:82)
	at org.junit.vintage.engine.VintageTestEngine.execute(VintageTestEngine.java:73)
	at org.junit.platform.launcher.core.DefaultLauncher.execute(DefaultLauncher.java:248)
	at org.junit.platform.launcher.core.DefaultLauncher.lambda$execute$5(DefaultLauncher.java:211)
	at org.junit.platform.launcher.core.DefaultLauncher.withInterceptedStreams(DefaultLauncher.java:226)
	at org.junit.platform.launcher.core.DefaultLauncher.execute(DefaultLauncher.java:199)
	at org.junit.platform.launcher.core.DefaultLauncher.execute(DefaultLauncher.java:132)
	at org.apache.maven.surefire.junitplatform.JUnitPlatformProvider.invokeAllTests(JUnitPlatformProvider.java:154)
	at org.apache.maven.surefire.junitplatform.JUnitPlatformProvider.invoke(JUnitPlatformProvider.java:123)
	at org.apache.maven.surefire.booter.ForkedBooter.runSuitesInProcess(ForkedBooter.java:377)
	at org.apache.maven.surefire.booter.ForkedBooter.execute(ForkedBooter.java:138)
	at org.apache.maven.surefire.booter.ForkedBooter.run(ForkedBooter.java:465)
	at org.apache.maven.surefire.booter.ForkedBooter.main(ForkedBooter.java:451)

2024-04-24T01:19:37,014  INFO [main] metadata.Hive: Dumping metastore api call timing information for : compilation phase
2024-04-24T01:19:37,014  INFO [main] metadata.Hive: Total time spent in each metastore function (ms): {getAllTableConstraints_(AllTableConstraintsRequest)=8, isCompatibleWith_(Configuration)=0, getTable_(GetTableRequest)=35, getNotNullConstraints_(NotNullConstraintsRequest)=2, commitTxn_(CommitTxnRequest)=10, getValidTxns_(long)=0, getCheckConstraints_(CheckConstraintsRequest)=1, getValidWriteIds_(List, String)=2, getTableColumnStatistics_(String, String, List, String)=9, flushCache_()=0, openTxn_(String, TxnType)=2}
2024-04-24T01:19:37,014  INFO [main] ql.Driver: Completed compiling command(queryId=alex_20240424011936_e9a92213-cc74-4522-a4cc-973538a82be8); Time taken: 0.184 seconds
2024-04-24T01:19:37,014  INFO [main] lockmgr.DbTxnManager: Stopped heartbeat for query: null
2024-04-24T01:19:37,019  INFO [main] txn.TxnHandler: Removed transactions: ([21]) from MIN_HISTORY_LEVEL
2024-04-24T01:19:37,029  INFO [main] ql.TxnCommandsBaseForTests: Running the query: drop table if exists acidTbl
2024-04-24T01:19:37,030  INFO [main] ql.Driver: Compiling command(queryId=alex_20240424011937_ac137b39-b41a-447b-af22-ef735343240a): drop table if exists acidTbl
2024-04-24T01:19:37,032  INFO [main] txn.TxnHandler: Added entries to MIN_HISTORY_LEVEL for current txns: ([22]) with min_open_txn: 21
2024-04-24T01:19:37,033  INFO [main] lockmgr.DbTxnManager: Opened txnid:22
2024-04-24T01:19:37,034  INFO [main] HiveMetaStore.audit: ugi=alex	ip=unknown-ip-addr	cmd=get_table : tbl=hive.default.acidTbl	
2024-04-24T01:19:37,043  INFO [main] metastore.HMSHandler: Skipping translation for processor with null
2024-04-24T01:19:37,043  INFO [main] ql.Driver: Semantic Analysis Completed (retrial = false)
2024-04-24T01:19:37,044  INFO [main] ql.Driver: Created Hive schema: Schema(fieldSchemas:null, properties:null)
2024-04-24T01:19:37,044  INFO [main] metadata.Hive: Dumping metastore api call timing information for : compilation phase
2024-04-24T01:19:37,044  INFO [main] metadata.Hive: Total time spent in each metastore function (ms): {flushCache_()=0, openTxn_(String, TxnType)=3, isCompatibleWith_(Configuration)=1, rollbackTxn_(long)=14, getTable_(GetTableRequest)=10, getValidTxns_(long)=0}
2024-04-24T01:19:37,044  INFO [main] ql.Driver: Completed compiling command(queryId=alex_20240424011937_ac137b39-b41a-447b-af22-ef735343240a); Time taken: 0.014 seconds
2024-04-24T01:19:37,044  INFO [main] lockmgr.DbTxnManager: Setting lock request transaction to txnid:22 for queryId=alex_20240424011937_ac137b39-b41a-447b-af22-ef735343240a
2024-04-24T01:19:37,045  INFO [main] lockmgr.DbLockManager: Requesting lock for queryId=alex_20240424011937_ac137b39-b41a-447b-af22-ef735343240a
2024-04-24T01:19:37,064  INFO [main] lockmgr.DbLockManager: Response to queryId=alex_20240424011937_ac137b39-b41a-447b-af22-ef735343240a LockResponse(lockid:15, state:ACQUIRED)
2024-04-24T01:19:37,064  INFO [main] ql.Driver: Operation DROPTABLE obtained 1 locks
2024-04-24T01:19:37,064  INFO [main] ql.Driver: Executing command(queryId=alex_20240424011937_ac137b39-b41a-447b-af22-ef735343240a): drop table if exists acidTbl
2024-04-24T01:19:37,064  INFO [main] ql.Driver: Starting task [Stage-0:DDL] in serial mode
2024-04-24T01:19:37,064  INFO [main] HiveMetaStore.audit: ugi=alex	ip=unknown-ip-addr	cmd=get_table : tbl=hive.default.acidTbl	
2024-04-24T01:19:37,071  INFO [main] metastore.HMSHandler: Skipping translation for processor with null
2024-04-24T01:19:37,072  INFO [main] HiveMetaStore.audit: ugi=alex	ip=unknown-ip-addr	cmd=get_table : tbl=hive.default.acidTbl	
2024-04-24T01:19:37,079  INFO [main] metastore.HMSHandler: Skipping translation for processor with null
2024-04-24T01:19:37,079  INFO [main] HiveMetaStore.audit: ugi=alex	ip=unknown-ip-addr	cmd=drop_table : tbl=hive.default.acidTbl	
2024-04-24T01:19:37,183  INFO [main] metadata.Hive: Dumping metastore api call timing information for : execution phase
2024-04-24T01:19:37,183  INFO [main] metadata.Hive: Total time spent in each metastore function (ms): {isCompatibleWith_(Configuration)=0, getTable_(GetTableRequest)=7, dropTable_(String, String, boolean, boolean, boolean)=112}
2024-04-24T01:19:37,184  INFO [main] ql.Driver: Completed executing command(queryId=alex_20240424011937_ac137b39-b41a-447b-af22-ef735343240a); Time taken: 0.119 seconds
2024-04-24T01:19:37,184  INFO [main] lockmgr.DbTxnManager: Stopped heartbeat for query: alex_20240424011937_ac137b39-b41a-447b-af22-ef735343240a
2024-04-24T01:19:37,187  INFO [main] txn.TxnHandler: Expected to move at least one record from txn_components to completed_txn_components when committing txn! txnid:22
2024-04-24T01:19:37,192  INFO [main] txn.TxnHandler: Removed transactions: ([22]) from MIN_HISTORY_LEVEL
2024-04-24T01:19:37,192  WARN [main] txn.CompactionTxnHandler: No compaction queue record found for Compaction type transaction commit. txnId:22
2024-04-24T01:19:37,193  INFO [main] ql.TxnCommandsBaseForTests: Running the query: drop table if exists acidTblPart
2024-04-24T01:19:37,193  INFO [main] ql.Driver: Compiling command(queryId=alex_20240424011937_71e58942-430e-492f-abd2-5baaf3c9eac4): drop table if exists acidTblPart
2024-04-24T01:19:37,195  INFO [main] txn.TxnHandler: Added entries to MIN_HISTORY_LEVEL for current txns: ([23]) with min_open_txn: 21
2024-04-24T01:19:37,195  INFO [main] lockmgr.DbTxnManager: Opened txnid:23
2024-04-24T01:19:37,196  INFO [main] HiveMetaStore.audit: ugi=alex	ip=unknown-ip-addr	cmd=get_table : tbl=hive.default.acidTblPart	
2024-04-24T01:19:37,208  INFO [main] metastore.HMSHandler: Skipping translation for processor with null
2024-04-24T01:19:37,208  INFO [main] ql.Driver: Semantic Analysis Completed (retrial = false)
2024-04-24T01:19:37,208  INFO [main] ql.Driver: Created Hive schema: Schema(fieldSchemas:null, properties:null)
2024-04-24T01:19:37,208  INFO [main] metadata.Hive: Dumping metastore api call timing information for : compilation phase
2024-04-24T01:19:37,208  INFO [main] metadata.Hive: Total time spent in each metastore function (ms): {getTable_(GetTableRequest)=12, openTxn_(String, TxnType)=2, flushCache_()=0, getValidTxns_(long)=1, isCompatibleWith_(Configuration)=0, commitTxn_(CommitTxnRequest)=9}
2024-04-24T01:19:37,208  INFO [main] ql.Driver: Completed compiling command(queryId=alex_20240424011937_71e58942-430e-492f-abd2-5baaf3c9eac4); Time taken: 0.015 seconds
2024-04-24T01:19:37,209  INFO [main] lockmgr.DbTxnManager: Setting lock request transaction to txnid:23 for queryId=alex_20240424011937_71e58942-430e-492f-abd2-5baaf3c9eac4
2024-04-24T01:19:37,209  INFO [main] lockmgr.DbLockManager: Requesting lock for queryId=alex_20240424011937_71e58942-430e-492f-abd2-5baaf3c9eac4
2024-04-24T01:19:37,222  INFO [main] lockmgr.DbLockManager: Response to queryId=alex_20240424011937_71e58942-430e-492f-abd2-5baaf3c9eac4 LockResponse(lockid:16, state:ACQUIRED)
2024-04-24T01:19:37,222  INFO [main] ql.Driver: Operation DROPTABLE obtained 1 locks
2024-04-24T01:19:37,222  INFO [main] ql.Driver: Executing command(queryId=alex_20240424011937_71e58942-430e-492f-abd2-5baaf3c9eac4): drop table if exists acidTblPart
2024-04-24T01:19:37,222  INFO [main] ql.Driver: Starting task [Stage-0:DDL] in serial mode
2024-04-24T01:19:37,223  INFO [main] HiveMetaStore.audit: ugi=alex	ip=unknown-ip-addr	cmd=get_table : tbl=hive.default.acidTblPart	
2024-04-24T01:19:37,229  INFO [main] metastore.HMSHandler: Skipping translation for processor with null
2024-04-24T01:19:37,229  INFO [main] HiveMetaStore.audit: ugi=alex	ip=unknown-ip-addr	cmd=get_table : tbl=hive.default.acidTblPart	
2024-04-24T01:19:37,235  INFO [main] metastore.HMSHandler: Skipping translation for processor with null
2024-04-24T01:19:37,235  INFO [main] HiveMetaStore.audit: ugi=alex	ip=unknown-ip-addr	cmd=drop_table : tbl=hive.default.acidTblPart	
2024-04-24T01:19:37,273  INFO [main] metadata.Hive: Dumping metastore api call timing information for : execution phase
2024-04-24T01:19:37,273  INFO [main] metadata.Hive: Total time spent in each metastore function (ms): {dropTable_(String, String, boolean, boolean, boolean)=44, isCompatibleWith_(Configuration)=0, getTable_(GetTableRequest)=6}
2024-04-24T01:19:37,273  INFO [main] ql.Driver: Completed executing command(queryId=alex_20240424011937_71e58942-430e-492f-abd2-5baaf3c9eac4); Time taken: 0.051 seconds
2024-04-24T01:19:37,273  INFO [main] lockmgr.DbTxnManager: Stopped heartbeat for query: alex_20240424011937_71e58942-430e-492f-abd2-5baaf3c9eac4
2024-04-24T01:19:37,277  INFO [main] txn.TxnHandler: Expected to move at least one record from txn_components to completed_txn_components when committing txn! txnid:23
2024-04-24T01:19:37,282  INFO [main] txn.TxnHandler: Removed transactions: ([23]) from MIN_HISTORY_LEVEL
2024-04-24T01:19:37,283  WARN [main] txn.CompactionTxnHandler: No compaction queue record found for Compaction type transaction commit. txnId:23
2024-04-24T01:19:37,283  INFO [main] ql.TxnCommandsBaseForTests: Running the query: drop table if exists acidTbl2
2024-04-24T01:19:37,283  INFO [main] ql.Driver: Compiling command(queryId=alex_20240424011937_54ae9e20-4c10-40a3-8723-f4744f41ab13): drop table if exists acidTbl2
2024-04-24T01:19:37,286  INFO [main] txn.TxnHandler: Added entries to MIN_HISTORY_LEVEL for current txns: ([24]) with min_open_txn: 21
2024-04-24T01:19:37,286  INFO [main] lockmgr.DbTxnManager: Opened txnid:24
2024-04-24T01:19:37,287  INFO [main] ql.Driver: Semantic Analysis Completed (retrial = false)
2024-04-24T01:19:37,287  INFO [main] ql.Driver: Created Hive schema: Schema(fieldSchemas:null, properties:null)
2024-04-24T01:19:37,287  INFO [main] metadata.Hive: Dumping metastore api call timing information for : compilation phase
2024-04-24T01:19:37,287  INFO [main] metadata.Hive: Total time spent in each metastore function (ms): {isCompatibleWith_(Configuration)=0, getTable_(GetTableRequest)=0, getValidTxns_(long)=0, commitTxn_(CommitTxnRequest)=9, flushCache_()=0, openTxn_(String, TxnType)=2}
2024-04-24T01:19:37,288  INFO [main] ql.Driver: Completed compiling command(queryId=alex_20240424011937_54ae9e20-4c10-40a3-8723-f4744f41ab13); Time taken: 0.004 seconds
2024-04-24T01:19:37,288  INFO [main] lockmgr.DbTxnManager: Setting lock request transaction to txnid:24 for queryId=alex_20240424011937_54ae9e20-4c10-40a3-8723-f4744f41ab13
2024-04-24T01:19:37,288  INFO [main] ql.Driver: Operation DROPTABLE obtained 0 locks
2024-04-24T01:19:37,288  INFO [main] ql.Driver: Executing command(queryId=alex_20240424011937_54ae9e20-4c10-40a3-8723-f4744f41ab13): drop table if exists acidTbl2
2024-04-24T01:19:37,288  INFO [main] ql.Driver: Starting task [Stage-0:DDL] in serial mode
2024-04-24T01:19:37,289  INFO [main] metadata.SessionHiveMetaStoreClient: Column stats doesn't exist for db=default temp table=acidTbl2
2024-04-24T01:19:37,289  INFO [main] metadata.Hive: Dumping metastore api call timing information for : execution phase
2024-04-24T01:19:37,289  INFO [main] metadata.Hive: Total time spent in each metastore function (ms): {getTable_(GetTableRequest)=0, dropTable_(String, String, boolean, boolean, boolean)=1, isCompatibleWith_(Configuration)=0}
2024-04-24T01:19:37,289  INFO [main] ql.Driver: Completed executing command(queryId=alex_20240424011937_54ae9e20-4c10-40a3-8723-f4744f41ab13); Time taken: 0.001 seconds
2024-04-24T01:19:37,289  INFO [main] lockmgr.DbTxnManager: Stopped heartbeat for query: alex_20240424011937_54ae9e20-4c10-40a3-8723-f4744f41ab13
2024-04-24T01:19:37,294  INFO [main] txn.TxnHandler: Expected to move at least one record from txn_components to completed_txn_components when committing txn! txnid:24
2024-04-24T01:19:37,300  INFO [main] txn.TxnHandler: Removed transactions: ([24]) from MIN_HISTORY_LEVEL
2024-04-24T01:19:37,300  WARN [main] txn.CompactionTxnHandler: No compaction queue record found for Compaction type transaction commit. txnId:24
2024-04-24T01:19:37,300  INFO [main] ql.TxnCommandsBaseForTests: Running the query: drop table if exists nonAcidOrcTbl
2024-04-24T01:19:37,300  INFO [main] ql.Driver: Compiling command(queryId=alex_20240424011937_8e941581-e764-4d83-a341-32deaf2988a9): drop table if exists nonAcidOrcTbl
2024-04-24T01:19:37,302  INFO [main] txn.TxnHandler: Added entries to MIN_HISTORY_LEVEL for current txns: ([25]) with min_open_txn: 21
2024-04-24T01:19:37,303  INFO [main] lockmgr.DbTxnManager: Opened txnid:25
2024-04-24T01:19:37,303  INFO [main] HiveMetaStore.audit: ugi=alex	ip=unknown-ip-addr	cmd=get_table : tbl=hive.default.nonAcidOrcTbl	
2024-04-24T01:19:37,322  INFO [main] metastore.HMSHandler: Skipping translation for processor with null
2024-04-24T01:19:37,322  INFO [main] ql.Driver: Semantic Analysis Completed (retrial = false)
2024-04-24T01:19:37,322  INFO [main] ql.Driver: Created Hive schema: Schema(fieldSchemas:null, properties:null)
2024-04-24T01:19:37,322  INFO [main] metadata.Hive: Dumping metastore api call timing information for : compilation phase
2024-04-24T01:19:37,322  INFO [main] metadata.Hive: Total time spent in each metastore function (ms): {openTxn_(String, TxnType)=2, flushCache_()=0, getValidTxns_(long)=0, getTable_(GetTableRequest)=19, isCompatibleWith_(Configuration)=0, commitTxn_(CommitTxnRequest)=11}
2024-04-24T01:19:37,323  INFO [main] ql.Driver: Completed compiling command(queryId=alex_20240424011937_8e941581-e764-4d83-a341-32deaf2988a9); Time taken: 0.022 seconds
2024-04-24T01:19:37,323  INFO [main] lockmgr.DbTxnManager: Setting lock request transaction to txnid:25 for queryId=alex_20240424011937_8e941581-e764-4d83-a341-32deaf2988a9
2024-04-24T01:19:37,323  INFO [main] lockmgr.DbLockManager: Requesting lock for queryId=alex_20240424011937_8e941581-e764-4d83-a341-32deaf2988a9
2024-04-24T01:19:37,337  INFO [main] lockmgr.DbLockManager: Response to queryId=alex_20240424011937_8e941581-e764-4d83-a341-32deaf2988a9 LockResponse(lockid:17, state:ACQUIRED)
2024-04-24T01:19:37,337  INFO [main] ql.Driver: Operation DROPTABLE obtained 1 locks
2024-04-24T01:19:37,337  INFO [main] ql.Driver: Executing command(queryId=alex_20240424011937_8e941581-e764-4d83-a341-32deaf2988a9): drop table if exists nonAcidOrcTbl
2024-04-24T01:19:37,337  INFO [main] ql.Driver: Starting task [Stage-0:DDL] in serial mode
2024-04-24T01:19:37,337  INFO [main] HiveMetaStore.audit: ugi=alex	ip=unknown-ip-addr	cmd=get_table : tbl=hive.default.nonAcidOrcTbl	
2024-04-24T01:19:37,345  INFO [main] metastore.HMSHandler: Skipping translation for processor with null
2024-04-24T01:19:37,346  INFO [main] HiveMetaStore.audit: ugi=alex	ip=unknown-ip-addr	cmd=get_table : tbl=hive.default.nonAcidOrcTbl	
2024-04-24T01:19:37,354  INFO [main] metastore.HMSHandler: Skipping translation for processor with null
2024-04-24T01:19:37,354  INFO [main] HiveMetaStore.audit: ugi=alex	ip=unknown-ip-addr	cmd=drop_table : tbl=hive.default.nonAcidOrcTbl	
2024-04-24T01:19:37,426  INFO [main] metadata.Hive: Dumping metastore api call timing information for : execution phase
2024-04-24T01:19:37,426  INFO [main] metadata.Hive: Total time spent in each metastore function (ms): {dropTable_(String, String, boolean, boolean, boolean)=80, getTable_(GetTableRequest)=9, isCompatibleWith_(Configuration)=0}
2024-04-24T01:19:37,426  INFO [main] ql.Driver: Completed executing command(queryId=alex_20240424011937_8e941581-e764-4d83-a341-32deaf2988a9); Time taken: 0.089 seconds
2024-04-24T01:19:37,426  INFO [main] lockmgr.DbTxnManager: Stopped heartbeat for query: alex_20240424011937_8e941581-e764-4d83-a341-32deaf2988a9
2024-04-24T01:19:37,430  INFO [main] txn.TxnHandler: Expected to move at least one record from txn_components to completed_txn_components when committing txn! txnid:25
2024-04-24T01:19:37,436  INFO [main] txn.TxnHandler: Removed transactions: ([25]) from MIN_HISTORY_LEVEL
2024-04-24T01:19:37,436  WARN [main] txn.CompactionTxnHandler: No compaction queue record found for Compaction type transaction commit. txnId:25
2024-04-24T01:19:37,437  INFO [main] ql.TxnCommandsBaseForTests: Running the query: drop table if exists nonAcidOrcTbl2
2024-04-24T01:19:37,437  INFO [main] ql.Driver: Compiling command(queryId=alex_20240424011937_a510bc0e-7630-4b29-afa2-92c2d961ec9e): drop table if exists nonAcidOrcTbl2
2024-04-24T01:19:37,439  INFO [main] txn.TxnHandler: Added entries to MIN_HISTORY_LEVEL for current txns: ([26]) with min_open_txn: 21
2024-04-24T01:19:37,440  INFO [main] lockmgr.DbTxnManager: Opened txnid:26
2024-04-24T01:19:37,440  INFO [main] HiveMetaStore.audit: ugi=alex	ip=unknown-ip-addr	cmd=get_table : tbl=hive.default.nonAcidOrcTbl2	
2024-04-24T01:19:37,448  INFO [main] metastore.HMSHandler: Skipping translation for processor with null
2024-04-24T01:19:37,448  INFO [main] ql.Driver: Semantic Analysis Completed (retrial = false)
2024-04-24T01:19:37,449  INFO [main] ql.Driver: Created Hive schema: Schema(fieldSchemas:null, properties:null)
2024-04-24T01:19:37,449  INFO [main] metadata.Hive: Dumping metastore api call timing information for : compilation phase
2024-04-24T01:19:37,449  INFO [main] metadata.Hive: Total time spent in each metastore function (ms): {getValidTxns_(long)=0, isCompatibleWith_(Configuration)=1, flushCache_()=0, getTable_(GetTableRequest)=8, commitTxn_(CommitTxnRequest)=10, openTxn_(String, TxnType)=3}
2024-04-24T01:19:37,449  INFO [main] ql.Driver: Completed compiling command(queryId=alex_20240424011937_a510bc0e-7630-4b29-afa2-92c2d961ec9e); Time taken: 0.012 seconds
2024-04-24T01:19:37,449  INFO [main] lockmgr.DbTxnManager: Setting lock request transaction to txnid:26 for queryId=alex_20240424011937_a510bc0e-7630-4b29-afa2-92c2d961ec9e
2024-04-24T01:19:37,449  INFO [main] lockmgr.DbLockManager: Requesting lock for queryId=alex_20240424011937_a510bc0e-7630-4b29-afa2-92c2d961ec9e
2024-04-24T01:19:37,463  INFO [main] lockmgr.DbLockManager: Response to queryId=alex_20240424011937_a510bc0e-7630-4b29-afa2-92c2d961ec9e LockResponse(lockid:18, state:ACQUIRED)
2024-04-24T01:19:37,463  INFO [main] ql.Driver: Operation DROPTABLE obtained 1 locks
2024-04-24T01:19:37,463  INFO [main] ql.Driver: Executing command(queryId=alex_20240424011937_a510bc0e-7630-4b29-afa2-92c2d961ec9e): drop table if exists nonAcidOrcTbl2
2024-04-24T01:19:37,463  INFO [main] ql.Driver: Starting task [Stage-0:DDL] in serial mode
2024-04-24T01:19:37,464  INFO [main] HiveMetaStore.audit: ugi=alex	ip=unknown-ip-addr	cmd=get_table : tbl=hive.default.nonAcidOrcTbl2	
2024-04-24T01:19:37,472  INFO [main] metastore.HMSHandler: Skipping translation for processor with null
2024-04-24T01:19:37,472  INFO [main] HiveMetaStore.audit: ugi=alex	ip=unknown-ip-addr	cmd=get_table : tbl=hive.default.nonAcidOrcTbl2	
2024-04-24T01:19:37,482  INFO [main] metastore.HMSHandler: Skipping translation for processor with null
2024-04-24T01:19:37,482  INFO [main] HiveMetaStore.audit: ugi=alex	ip=unknown-ip-addr	cmd=drop_table : tbl=hive.default.nonAcidOrcTbl2	
2024-04-24T01:19:37,529  INFO [main] metadata.Hive: Dumping metastore api call timing information for : execution phase
2024-04-24T01:19:37,529  INFO [main] metadata.Hive: Total time spent in each metastore function (ms): {getTable_(GetTableRequest)=9, dropTable_(String, String, boolean, boolean, boolean)=57, isCompatibleWith_(Configuration)=0}
2024-04-24T01:19:37,529  INFO [main] ql.Driver: Completed executing command(queryId=alex_20240424011937_a510bc0e-7630-4b29-afa2-92c2d961ec9e); Time taken: 0.066 seconds
2024-04-24T01:19:37,529  INFO [main] lockmgr.DbTxnManager: Stopped heartbeat for query: alex_20240424011937_a510bc0e-7630-4b29-afa2-92c2d961ec9e
2024-04-24T01:19:37,535  INFO [main] txn.TxnHandler: Expected to move at least one record from txn_components to completed_txn_components when committing txn! txnid:26
2024-04-24T01:19:37,543  INFO [main] txn.TxnHandler: Removed transactions: ([26]) from MIN_HISTORY_LEVEL
2024-04-24T01:19:37,543  WARN [main] txn.CompactionTxnHandler: No compaction queue record found for Compaction type transaction commit. txnId:26
2024-04-24T01:19:37,544  INFO [main] ql.TxnCommandsBaseForTests: Running the query: drop table if exists nonAcidNonBucket
2024-04-24T01:19:37,544  INFO [main] ql.Driver: Compiling command(queryId=alex_20240424011937_794e882e-7a5f-4ed6-9540-f1cc1a77cedc): drop table if exists nonAcidNonBucket
2024-04-24T01:19:37,547  INFO [main] txn.TxnHandler: Added entries to MIN_HISTORY_LEVEL for current txns: ([27]) with min_open_txn: 21
2024-04-24T01:19:37,547  INFO [main] lockmgr.DbTxnManager: Opened txnid:27
2024-04-24T01:19:37,548  INFO [main] HiveMetaStore.audit: ugi=alex	ip=unknown-ip-addr	cmd=get_table : tbl=hive.default.nonAcidNonBucket	
2024-04-24T01:19:37,558  INFO [main] metastore.HMSHandler: Skipping translation for processor with null
2024-04-24T01:19:37,558  INFO [main] ql.Driver: Semantic Analysis Completed (retrial = false)
2024-04-24T01:19:37,558  INFO [main] ql.Driver: Created Hive schema: Schema(fieldSchemas:null, properties:null)
2024-04-24T01:19:37,558  INFO [main] metadata.Hive: Dumping metastore api call timing information for : compilation phase
2024-04-24T01:19:37,558  INFO [main] metadata.Hive: Total time spent in each metastore function (ms): {commitTxn_(CommitTxnRequest)=14, openTxn_(String, TxnType)=2, isCompatibleWith_(Configuration)=0, flushCache_()=0, getValidTxns_(long)=0, getTable_(GetTableRequest)=10}
2024-04-24T01:19:37,558  INFO [main] ql.Driver: Completed compiling command(queryId=alex_20240424011937_794e882e-7a5f-4ed6-9540-f1cc1a77cedc); Time taken: 0.014 seconds
2024-04-24T01:19:37,558  INFO [main] lockmgr.DbTxnManager: Setting lock request transaction to txnid:27 for queryId=alex_20240424011937_794e882e-7a5f-4ed6-9540-f1cc1a77cedc
2024-04-24T01:19:37,559  INFO [main] lockmgr.DbLockManager: Requesting lock for queryId=alex_20240424011937_794e882e-7a5f-4ed6-9540-f1cc1a77cedc
2024-04-24T01:19:37,574  INFO [main] lockmgr.DbLockManager: Response to queryId=alex_20240424011937_794e882e-7a5f-4ed6-9540-f1cc1a77cedc LockResponse(lockid:19, state:ACQUIRED)
2024-04-24T01:19:37,574  INFO [main] ql.Driver: Operation DROPTABLE obtained 1 locks
2024-04-24T01:19:37,574  INFO [main] ql.Driver: Executing command(queryId=alex_20240424011937_794e882e-7a5f-4ed6-9540-f1cc1a77cedc): drop table if exists nonAcidNonBucket
2024-04-24T01:19:37,574  INFO [main] ql.Driver: Starting task [Stage-0:DDL] in serial mode
2024-04-24T01:19:37,575  INFO [main] HiveMetaStore.audit: ugi=alex	ip=unknown-ip-addr	cmd=get_table : tbl=hive.default.nonAcidNonBucket	
2024-04-24T01:19:37,583  INFO [main] metastore.HMSHandler: Skipping translation for processor with null
2024-04-24T01:19:37,583  INFO [main] HiveMetaStore.audit: ugi=alex	ip=unknown-ip-addr	cmd=get_table : tbl=hive.default.nonAcidNonBucket	
2024-04-24T01:19:37,592  INFO [main] metastore.HMSHandler: Skipping translation for processor with null
2024-04-24T01:19:37,592  INFO [main] HiveMetaStore.audit: ugi=alex	ip=unknown-ip-addr	cmd=drop_table : tbl=hive.default.nonAcidNonBucket	
2024-04-24T01:19:37,623  INFO [main] metadata.Hive: Dumping metastore api call timing information for : execution phase
2024-04-24T01:19:37,623  INFO [main] metadata.Hive: Total time spent in each metastore function (ms): {dropTable_(String, String, boolean, boolean, boolean)=40, isCompatibleWith_(Configuration)=0, getTable_(GetTableRequest)=8}
2024-04-24T01:19:37,623  INFO [main] ql.Driver: Completed executing command(queryId=alex_20240424011937_794e882e-7a5f-4ed6-9540-f1cc1a77cedc); Time taken: 0.049 seconds
2024-04-24T01:19:37,623  INFO [main] lockmgr.DbTxnManager: Stopped heartbeat for query: alex_20240424011937_794e882e-7a5f-4ed6-9540-f1cc1a77cedc
2024-04-24T01:19:37,627  INFO [main] txn.TxnHandler: Expected to move at least one record from txn_components to completed_txn_components when committing txn! txnid:27
2024-04-24T01:19:37,632  INFO [main] txn.TxnHandler: Removed transactions: ([27]) from MIN_HISTORY_LEVEL
2024-04-24T01:19:37,632  WARN [main] txn.CompactionTxnHandler: No compaction queue record found for Compaction type transaction commit. txnId:27
2024-04-24T01:19:37,633  INFO [main] utils.TestTxnDbUtil: Cleaning transactional tables
]]></system-err>
  </testcase>
  <testcase name="testCtasEmpty" classname="org.apache.hadoop.hive.ql.TestTxnNoBuckets" time="4.581"/>
  <testcase name="testNonAcidToAcidVectorzied" classname="org.apache.hadoop.hive.ql.TestTxnNoBuckets" time="10.28">
    <error type="java.lang.RuntimeException"><![CDATA[java.lang.RuntimeException: update T set b = 17 where a = 1 failed: (responseCode = 40000, errorMessage = FAILED: NoMatchingMethodException No matching method for class org.apache.hadoop.hive.ql.udf.UDFToInteger with (struct<writeid:bigint,bucketid:int,rowid:bigint>). Possible choices: _FUNC_(bigint)  _FUNC_(boolean)  _FUNC_(decimal(38,18))  _FUNC_(double)  _FUNC_(float)  _FUNC_(smallint)  _FUNC_(string)  _FUNC_(struct<writeid:int,rowid:bigint,bucketid:bigint>)  _FUNC_(timestamp)  _FUNC_(tinyint)  _FUNC_(void)  , hiveErrorCode = 40000, SQLState = 42000, exception = No matching method for class org.apache.hadoop.hive.ql.udf.UDFToInteger with (struct<writeid:bigint,bucketid:int,rowid:bigint>). Possible choices: _FUNC_(bigint)  _FUNC_(boolean)  _FUNC_(decimal(38,18))  _FUNC_(double)  _FUNC_(float)  _FUNC_(smallint)  _FUNC_(string)  _FUNC_(struct<writeid:int,rowid:bigint,bucketid:bigint>)  _FUNC_(timestamp)  _FUNC_(tinyint)  _FUNC_(void)  )
	at org.apache.hadoop.hive.ql.TxnCommandsBaseForTests.runStatementOnDriver(TxnCommandsBaseForTests.java:247)
	at org.apache.hadoop.hive.ql.TestTxnNoBuckets.testNonAcidToAcidVectorzied(TestTxnNoBuckets.java:726)
	at sun.reflect.NativeMethodAccessorImpl.invoke0(Native Method)
	at sun.reflect.NativeMethodAccessorImpl.invoke(NativeMethodAccessorImpl.java:62)
	at sun.reflect.DelegatingMethodAccessorImpl.invoke(DelegatingMethodAccessorImpl.java:43)
	at java.lang.reflect.Method.invoke(Method.java:498)
	at org.junit.runners.model.FrameworkMethod$1.runReflectiveCall(FrameworkMethod.java:59)
	at org.junit.internal.runners.model.ReflectiveCallable.run(ReflectiveCallable.java:12)
	at org.junit.runners.model.FrameworkMethod.invokeExplosively(FrameworkMethod.java:56)
	at org.junit.internal.runners.statements.InvokeMethod.evaluate(InvokeMethod.java:17)
	at org.junit.internal.runners.statements.RunBefores.evaluate(RunBefores.java:26)
	at org.junit.internal.runners.statements.RunAfters.evaluate(RunAfters.java:27)
	at org.junit.rules.TestWatcher$1.evaluate(TestWatcher.java:61)
	at org.junit.runners.ParentRunner$3.evaluate(ParentRunner.java:306)
	at org.junit.runners.BlockJUnit4ClassRunner$1.evaluate(BlockJUnit4ClassRunner.java:100)
	at org.junit.runners.ParentRunner.runLeaf(ParentRunner.java:366)
	at org.junit.runners.BlockJUnit4ClassRunner.runChild(BlockJUnit4ClassRunner.java:103)
	at org.junit.runners.BlockJUnit4ClassRunner.runChild(BlockJUnit4ClassRunner.java:63)
	at org.junit.runners.ParentRunner$4.run(ParentRunner.java:331)
	at org.junit.runners.ParentRunner$1.schedule(ParentRunner.java:79)
	at org.junit.runners.ParentRunner.runChildren(ParentRunner.java:329)
	at org.junit.runners.ParentRunner.access$100(ParentRunner.java:66)
	at org.junit.runners.ParentRunner$2.evaluate(ParentRunner.java:293)
	at org.junit.runners.ParentRunner$3.evaluate(ParentRunner.java:306)
	at org.junit.runners.ParentRunner.run(ParentRunner.java:413)
	at org.junit.runner.JUnitCore.run(JUnitCore.java:137)
	at org.junit.runner.JUnitCore.run(JUnitCore.java:115)
	at org.junit.vintage.engine.execution.RunnerExecutor.execute(RunnerExecutor.java:43)
	at java.util.stream.ForEachOps$ForEachOp$OfRef.accept(ForEachOps.java:183)
	at java.util.stream.ReferencePipeline$3$1.accept(ReferencePipeline.java:193)
	at java.util.Iterator.forEachRemaining(Iterator.java:116)
	at java.util.Spliterators$IteratorSpliterator.forEachRemaining(Spliterators.java:1801)
	at java.util.stream.AbstractPipeline.copyInto(AbstractPipeline.java:482)
	at java.util.stream.AbstractPipeline.wrapAndCopyInto(AbstractPipeline.java:472)
	at java.util.stream.ForEachOps$ForEachOp.evaluateSequential(ForEachOps.java:150)
	at java.util.stream.ForEachOps$ForEachOp$OfRef.evaluateSequential(ForEachOps.java:173)
	at java.util.stream.AbstractPipeline.evaluate(AbstractPipeline.java:234)
	at java.util.stream.ReferencePipeline.forEach(ReferencePipeline.java:485)
	at org.junit.vintage.engine.VintageTestEngine.executeAllChildren(VintageTestEngine.java:82)
	at org.junit.vintage.engine.VintageTestEngine.execute(VintageTestEngine.java:73)
	at org.junit.platform.launcher.core.DefaultLauncher.execute(DefaultLauncher.java:248)
	at org.junit.platform.launcher.core.DefaultLauncher.lambda$execute$5(DefaultLauncher.java:211)
	at org.junit.platform.launcher.core.DefaultLauncher.withInterceptedStreams(DefaultLauncher.java:226)
	at org.junit.platform.launcher.core.DefaultLauncher.execute(DefaultLauncher.java:199)
	at org.junit.platform.launcher.core.DefaultLauncher.execute(DefaultLauncher.java:132)
	at org.apache.maven.surefire.junitplatform.JUnitPlatformProvider.invokeAllTests(JUnitPlatformProvider.java:154)
	at org.apache.maven.surefire.junitplatform.JUnitPlatformProvider.invoke(JUnitPlatformProvider.java:123)
	at org.apache.maven.surefire.booter.ForkedBooter.runSuitesInProcess(ForkedBooter.java:377)
	at org.apache.maven.surefire.booter.ForkedBooter.execute(ForkedBooter.java:138)
	at org.apache.maven.surefire.booter.ForkedBooter.run(ForkedBooter.java:465)
	at org.apache.maven.surefire.booter.ForkedBooter.main(ForkedBooter.java:451)
]]></error>
    <system-err><![CDATA[2024-04-24T01:19:42,291  WARN [main] conf.HiveConf: HiveConf of name hive.llap.io.cache.orc.alloc.max does not exist
2024-04-24T01:19:42,292  WARN [main] conf.HiveConf: HiveConf of name hive.llap.io.cache.orc.arena.size does not exist
2024-04-24T01:19:42,292  WARN [main] conf.HiveConf: HiveConf of name hive.metastore.client.cache.maxSize does not exist
2024-04-24T01:19:42,292  WARN [main] conf.HiveConf: HiveConf of name hive.llap.io.cache.orc.size does not exist
2024-04-24T01:19:42,292  WARN [main] conf.HiveConf: HiveConf of name hive.llap.io.cache.orc.alloc.min does not exist
2024-04-24T01:19:42,292  WARN [main] conf.HiveConf: HiveConf of name hive.dummyparam.test.server.specific.config.hivesite does not exist
2024-04-24T01:19:42,292  WARN [main] conf.HiveConf: HiveConf of name hive.dummyparam.test.server.specific.config.override does not exist
2024-04-24T01:19:42,292  WARN [main] conf.HiveConf: HiveConf of name hive.stats.key.prefix.reserve.length does not exist
2024-04-24T01:19:42,292  WARN [main] conf.HiveConf: HiveConf of name hive.metastore.metadb.dir does not exist
2024-04-24T01:19:42,292  WARN [main] conf.HiveConf: HiveConf of name hive.metastore.client.cache.recordStats does not exist
2024-04-24T01:19:42,292  WARN [main] conf.HiveConf: HiveConf of name hive.dummyparam.test.server.specific.config.metastoresite does not exist
2024-04-24T01:19:42,294  INFO [main] utils.TestTxnDbUtil: Creating transactional tables
Hive Session ID = f3b94205-d5f4-414f-8908-21b0f24cd7cb
2024-04-24T01:19:42,296  INFO [main] SessionState: Hive Session ID = f3b94205-d5f4-414f-8908-21b0f24cd7cb
ivysettings.xml file not found in HIVE_HOME or HIVE_CONF_DIR,/home/alex/Repositories/hive/conf/ivysettings.xml will be used
2024-04-24T01:19:42,296  INFO [main] DependencyResolver: ivysettings.xml file not found in HIVE_HOME or HIVE_CONF_DIR,/home/alex/Repositories/hive/conf/ivysettings.xml will be used
2024-04-24T01:19:42,302  INFO [main] session.SessionState: Created HDFS directory: /home/alex/Repositories/hive/ql/target/tmp/scratchdir/alex/f3b94205-d5f4-414f-8908-21b0f24cd7cb
2024-04-24T01:19:42,304  INFO [main] session.SessionState: Created local directory: /home/alex/Repositories/hive/ql/target/tmp/localscratchdir/f3b94205-d5f4-414f-8908-21b0f24cd7cb
2024-04-24T01:19:42,307  INFO [main] session.SessionState: Created HDFS directory: /home/alex/Repositories/hive/ql/target/tmp/scratchdir/alex/f3b94205-d5f4-414f-8908-21b0f24cd7cb/_tmp_space.db
2024-04-24T01:19:42,307  INFO [main] sqlstd.SQLStdHiveAccessController: Created SQLStdHiveAccessController for session context : HiveAuthzSessionContext [sessionString=f3b94205-d5f4-414f-8908-21b0f24cd7cb, clientType=HIVECLI]
2024-04-24T01:19:42,307  INFO [main] ql.TxnCommandsBaseForTests: Running the query: drop table if exists acidTbl
2024-04-24T01:19:42,307  INFO [main] ql.Driver: Compiling command(queryId=alex_20240424011942_11eb530c-00d6-439c-91f5-8042e42bd29f): drop table if exists acidTbl
2024-04-24T01:19:42,314  INFO [main] txn.TxnHandler: Added entries to MIN_HISTORY_LEVEL for current txns: ([1]) with min_open_txn: 1
2024-04-24T01:19:42,315  INFO [main] lockmgr.DbTxnManager: Opened txnid:1
2024-04-24T01:19:42,317  INFO [main] HiveMetaStore.audit: ugi=alex	ip=unknown-ip-addr	cmd=get_table : tbl=hive.default.acidTbl	
2024-04-24T01:19:42,323  INFO [main] ql.Driver: Semantic Analysis Completed (retrial = false)
2024-04-24T01:19:42,323  INFO [main] ql.Driver: Created Hive schema: Schema(fieldSchemas:null, properties:null)
2024-04-24T01:19:42,323  INFO [main] metadata.Hive: Dumping metastore api call timing information for : compilation phase
2024-04-24T01:19:42,323  INFO [main] metadata.Hive: Total time spent in each metastore function (ms): {flushCache_()=0, getValidTxns_(long)=2, commitTxn_(CommitTxnRequest)=10, isCompatibleWith_(Configuration)=0, openTxn_(String, TxnType)=7}
2024-04-24T01:19:42,324  INFO [main] ql.Driver: Completed compiling command(queryId=alex_20240424011942_11eb530c-00d6-439c-91f5-8042e42bd29f); Time taken: 0.016 seconds
2024-04-24T01:19:42,324  INFO [main] lockmgr.DbTxnManager: Setting lock request transaction to txnid:1 for queryId=alex_20240424011942_11eb530c-00d6-439c-91f5-8042e42bd29f
2024-04-24T01:19:42,324  INFO [main] ql.Driver: Operation DROPTABLE obtained 0 locks
2024-04-24T01:19:42,324  INFO [main] ql.Driver: Executing command(queryId=alex_20240424011942_11eb530c-00d6-439c-91f5-8042e42bd29f): drop table if exists acidTbl
2024-04-24T01:19:42,324  INFO [main] ql.Driver: Starting task [Stage-0:DDL] in serial mode
2024-04-24T01:19:42,324  INFO [main] HiveMetaStore.audit: ugi=alex	ip=unknown-ip-addr	cmd=get_table : tbl=hive.default.acidTbl	
2024-04-24T01:19:42,327  INFO [main] metadata.Hive: Dumping metastore api call timing information for : execution phase
2024-04-24T01:19:42,328  INFO [main] metadata.Hive: Total time spent in each metastore function (ms): {isCompatibleWith_(Configuration)=0}
2024-04-24T01:19:42,328  INFO [main] ql.Driver: Completed executing command(queryId=alex_20240424011942_11eb530c-00d6-439c-91f5-8042e42bd29f); Time taken: 0.003 seconds
2024-04-24T01:19:42,328  INFO [main] lockmgr.DbTxnManager: Stopped heartbeat for query: alex_20240424011942_11eb530c-00d6-439c-91f5-8042e42bd29f
2024-04-24T01:19:42,335  INFO [main] txn.TxnHandler: Expected to move at least one record from txn_components to completed_txn_components when committing txn! txnid:1
2024-04-24T01:19:42,342  INFO [main] txn.TxnHandler: Removed transactions: ([1]) from MIN_HISTORY_LEVEL
2024-04-24T01:19:42,342  WARN [main] txn.CompactionTxnHandler: No compaction queue record found for Compaction type transaction commit. txnId:1
2024-04-24T01:19:42,343  INFO [main] ql.TxnCommandsBaseForTests: Running the query: drop table if exists acidTblPart
2024-04-24T01:19:42,343  INFO [main] ql.Driver: Compiling command(queryId=alex_20240424011942_9900917a-2fc4-4e2f-811c-847da377bb72): drop table if exists acidTblPart
2024-04-24T01:19:42,345  INFO [main] txn.TxnHandler: Added entries to MIN_HISTORY_LEVEL for current txns: ([2]) with min_open_txn: 1
2024-04-24T01:19:42,345  INFO [main] lockmgr.DbTxnManager: Opened txnid:2
2024-04-24T01:19:42,346  INFO [main] HiveMetaStore.audit: ugi=alex	ip=unknown-ip-addr	cmd=get_table : tbl=hive.default.acidTblPart	
2024-04-24T01:19:42,349  INFO [main] ql.Driver: Semantic Analysis Completed (retrial = false)
2024-04-24T01:19:42,349  INFO [main] ql.Driver: Created Hive schema: Schema(fieldSchemas:null, properties:null)
2024-04-24T01:19:42,349  INFO [main] metadata.Hive: Dumping metastore api call timing information for : compilation phase
2024-04-24T01:19:42,349  INFO [main] metadata.Hive: Total time spent in each metastore function (ms): {flushCache_()=0, getValidTxns_(long)=1, isCompatibleWith_(Configuration)=0, commitTxn_(CommitTxnRequest)=14, openTxn_(String, TxnType)=2}
2024-04-24T01:19:42,349  INFO [main] ql.Driver: Completed compiling command(queryId=alex_20240424011942_9900917a-2fc4-4e2f-811c-847da377bb72); Time taken: 0.006 seconds
2024-04-24T01:19:42,349  INFO [main] lockmgr.DbTxnManager: Setting lock request transaction to txnid:2 for queryId=alex_20240424011942_9900917a-2fc4-4e2f-811c-847da377bb72
2024-04-24T01:19:42,349  INFO [main] ql.Driver: Operation DROPTABLE obtained 0 locks
2024-04-24T01:19:42,349  INFO [main] ql.Driver: Executing command(queryId=alex_20240424011942_9900917a-2fc4-4e2f-811c-847da377bb72): drop table if exists acidTblPart
2024-04-24T01:19:42,350  INFO [main] ql.Driver: Starting task [Stage-0:DDL] in serial mode
2024-04-24T01:19:42,350  INFO [main] HiveMetaStore.audit: ugi=alex	ip=unknown-ip-addr	cmd=get_table : tbl=hive.default.acidTblPart	
2024-04-24T01:19:42,353  INFO [main] metadata.Hive: Dumping metastore api call timing information for : execution phase
2024-04-24T01:19:42,353  INFO [main] metadata.Hive: Total time spent in each metastore function (ms): {isCompatibleWith_(Configuration)=0}
2024-04-24T01:19:42,353  INFO [main] ql.Driver: Completed executing command(queryId=alex_20240424011942_9900917a-2fc4-4e2f-811c-847da377bb72); Time taken: 0.004 seconds
2024-04-24T01:19:42,353  INFO [main] lockmgr.DbTxnManager: Stopped heartbeat for query: alex_20240424011942_9900917a-2fc4-4e2f-811c-847da377bb72
2024-04-24T01:19:42,359  INFO [main] txn.TxnHandler: Expected to move at least one record from txn_components to completed_txn_components when committing txn! txnid:2
2024-04-24T01:19:42,365  INFO [main] txn.TxnHandler: Removed transactions: ([2]) from MIN_HISTORY_LEVEL
2024-04-24T01:19:42,365  WARN [main] txn.CompactionTxnHandler: No compaction queue record found for Compaction type transaction commit. txnId:2
2024-04-24T01:19:42,365  INFO [main] ql.TxnCommandsBaseForTests: Running the query: drop table if exists acidTbl2
2024-04-24T01:19:42,366  INFO [main] ql.Driver: Compiling command(queryId=alex_20240424011942_cdec6118-de67-413e-9469-b95aa17b1c9e): drop table if exists acidTbl2
2024-04-24T01:19:42,368  INFO [main] txn.TxnHandler: Added entries to MIN_HISTORY_LEVEL for current txns: ([3]) with min_open_txn: 1
2024-04-24T01:19:42,368  INFO [main] lockmgr.DbTxnManager: Opened txnid:3
2024-04-24T01:19:42,369  INFO [main] HiveMetaStore.audit: ugi=alex	ip=unknown-ip-addr	cmd=get_table : tbl=hive.default.acidTbl2	
2024-04-24T01:19:42,372  INFO [main] ql.Driver: Semantic Analysis Completed (retrial = false)
2024-04-24T01:19:42,372  INFO [main] ql.Driver: Created Hive schema: Schema(fieldSchemas:null, properties:null)
2024-04-24T01:19:42,372  INFO [main] metadata.Hive: Dumping metastore api call timing information for : compilation phase
2024-04-24T01:19:42,372  INFO [main] metadata.Hive: Total time spent in each metastore function (ms): {commitTxn_(CommitTxnRequest)=12, openTxn_(String, TxnType)=2, getValidTxns_(long)=1, isCompatibleWith_(Configuration)=0, flushCache_()=0}
2024-04-24T01:19:42,373  INFO [main] ql.Driver: Completed compiling command(queryId=alex_20240424011942_cdec6118-de67-413e-9469-b95aa17b1c9e); Time taken: 0.006 seconds
2024-04-24T01:19:42,373  INFO [main] lockmgr.DbTxnManager: Setting lock request transaction to txnid:3 for queryId=alex_20240424011942_cdec6118-de67-413e-9469-b95aa17b1c9e
2024-04-24T01:19:42,373  INFO [main] ql.Driver: Operation DROPTABLE obtained 0 locks
2024-04-24T01:19:42,373  INFO [main] ql.Driver: Executing command(queryId=alex_20240424011942_cdec6118-de67-413e-9469-b95aa17b1c9e): drop table if exists acidTbl2
2024-04-24T01:19:42,373  INFO [main] ql.Driver: Starting task [Stage-0:DDL] in serial mode
2024-04-24T01:19:42,373  INFO [main] HiveMetaStore.audit: ugi=alex	ip=unknown-ip-addr	cmd=get_table : tbl=hive.default.acidTbl2	
2024-04-24T01:19:42,376  INFO [main] metadata.Hive: Dumping metastore api call timing information for : execution phase
2024-04-24T01:19:42,376  INFO [main] metadata.Hive: Total time spent in each metastore function (ms): {isCompatibleWith_(Configuration)=0}
2024-04-24T01:19:42,377  INFO [main] ql.Driver: Completed executing command(queryId=alex_20240424011942_cdec6118-de67-413e-9469-b95aa17b1c9e); Time taken: 0.003 seconds
2024-04-24T01:19:42,377  INFO [main] lockmgr.DbTxnManager: Stopped heartbeat for query: alex_20240424011942_cdec6118-de67-413e-9469-b95aa17b1c9e
2024-04-24T01:19:42,382  INFO [main] txn.TxnHandler: Expected to move at least one record from txn_components to completed_txn_components when committing txn! txnid:3
2024-04-24T01:19:42,387  INFO [main] txn.TxnHandler: Removed transactions: ([3]) from MIN_HISTORY_LEVEL
2024-04-24T01:19:42,388  WARN [main] txn.CompactionTxnHandler: No compaction queue record found for Compaction type transaction commit. txnId:3
2024-04-24T01:19:42,388  INFO [main] ql.TxnCommandsBaseForTests: Running the query: drop table if exists nonAcidOrcTbl
2024-04-24T01:19:42,389  INFO [main] ql.Driver: Compiling command(queryId=alex_20240424011942_172042c9-feab-4011-83bf-f323facc9395): drop table if exists nonAcidOrcTbl
2024-04-24T01:19:42,391  INFO [main] txn.TxnHandler: Added entries to MIN_HISTORY_LEVEL for current txns: ([4]) with min_open_txn: 1
2024-04-24T01:19:42,391  INFO [main] lockmgr.DbTxnManager: Opened txnid:4
2024-04-24T01:19:42,392  INFO [main] HiveMetaStore.audit: ugi=alex	ip=unknown-ip-addr	cmd=get_table : tbl=hive.default.nonAcidOrcTbl	
2024-04-24T01:19:42,394  INFO [main] ql.Driver: Semantic Analysis Completed (retrial = false)
2024-04-24T01:19:42,394  INFO [main] ql.Driver: Created Hive schema: Schema(fieldSchemas:null, properties:null)
2024-04-24T01:19:42,394  INFO [main] metadata.Hive: Dumping metastore api call timing information for : compilation phase
2024-04-24T01:19:42,395  INFO [main] metadata.Hive: Total time spent in each metastore function (ms): {getValidTxns_(long)=0, isCompatibleWith_(Configuration)=0, commitTxn_(CommitTxnRequest)=11, openTxn_(String, TxnType)=2, flushCache_()=0}
2024-04-24T01:19:42,395  INFO [main] ql.Driver: Completed compiling command(queryId=alex_20240424011942_172042c9-feab-4011-83bf-f323facc9395); Time taken: 0.006 seconds
2024-04-24T01:19:42,395  INFO [main] lockmgr.DbTxnManager: Setting lock request transaction to txnid:4 for queryId=alex_20240424011942_172042c9-feab-4011-83bf-f323facc9395
2024-04-24T01:19:42,395  INFO [main] ql.Driver: Operation DROPTABLE obtained 0 locks
2024-04-24T01:19:42,395  INFO [main] ql.Driver: Executing command(queryId=alex_20240424011942_172042c9-feab-4011-83bf-f323facc9395): drop table if exists nonAcidOrcTbl
2024-04-24T01:19:42,395  INFO [main] ql.Driver: Starting task [Stage-0:DDL] in serial mode
2024-04-24T01:19:42,396  INFO [main] HiveMetaStore.audit: ugi=alex	ip=unknown-ip-addr	cmd=get_table : tbl=hive.default.nonAcidOrcTbl	
2024-04-24T01:19:42,398  INFO [main] metadata.Hive: Dumping metastore api call timing information for : execution phase
2024-04-24T01:19:42,398  INFO [main] metadata.Hive: Total time spent in each metastore function (ms): {isCompatibleWith_(Configuration)=0}
2024-04-24T01:19:42,399  INFO [main] ql.Driver: Completed executing command(queryId=alex_20240424011942_172042c9-feab-4011-83bf-f323facc9395); Time taken: 0.003 seconds
2024-04-24T01:19:42,399  INFO [main] lockmgr.DbTxnManager: Stopped heartbeat for query: alex_20240424011942_172042c9-feab-4011-83bf-f323facc9395
2024-04-24T01:19:42,403  INFO [main] txn.TxnHandler: Expected to move at least one record from txn_components to completed_txn_components when committing txn! txnid:4
2024-04-24T01:19:42,409  INFO [main] txn.TxnHandler: Removed transactions: ([4]) from MIN_HISTORY_LEVEL
2024-04-24T01:19:42,409  WARN [main] txn.CompactionTxnHandler: No compaction queue record found for Compaction type transaction commit. txnId:4
2024-04-24T01:19:42,409  INFO [main] ql.TxnCommandsBaseForTests: Running the query: drop table if exists nonAcidOrcTbl2
2024-04-24T01:19:42,410  INFO [main] ql.Driver: Compiling command(queryId=alex_20240424011942_0ff34b23-0001-44ae-85ea-38f28fe6e5bf): drop table if exists nonAcidOrcTbl2
2024-04-24T01:19:42,412  INFO [main] txn.TxnHandler: Added entries to MIN_HISTORY_LEVEL for current txns: ([5]) with min_open_txn: 1
2024-04-24T01:19:42,412  INFO [main] lockmgr.DbTxnManager: Opened txnid:5
2024-04-24T01:19:42,413  INFO [main] HiveMetaStore.audit: ugi=alex	ip=unknown-ip-addr	cmd=get_table : tbl=hive.default.nonAcidOrcTbl2	
2024-04-24T01:19:42,416  INFO [main] ql.Driver: Semantic Analysis Completed (retrial = false)
2024-04-24T01:19:42,416  INFO [main] ql.Driver: Created Hive schema: Schema(fieldSchemas:null, properties:null)
2024-04-24T01:19:42,416  INFO [main] metadata.Hive: Dumping metastore api call timing information for : compilation phase
2024-04-24T01:19:42,416  INFO [main] metadata.Hive: Total time spent in each metastore function (ms): {isCompatibleWith_(Configuration)=0, commitTxn_(CommitTxnRequest)=10, flushCache_()=0, getValidTxns_(long)=1, openTxn_(String, TxnType)=2}
2024-04-24T01:19:42,417  INFO [main] ql.Driver: Completed compiling command(queryId=alex_20240424011942_0ff34b23-0001-44ae-85ea-38f28fe6e5bf); Time taken: 0.006 seconds
2024-04-24T01:19:42,417  INFO [main] lockmgr.DbTxnManager: Setting lock request transaction to txnid:5 for queryId=alex_20240424011942_0ff34b23-0001-44ae-85ea-38f28fe6e5bf
2024-04-24T01:19:42,417  INFO [main] ql.Driver: Operation DROPTABLE obtained 0 locks
2024-04-24T01:19:42,417  INFO [main] ql.Driver: Executing command(queryId=alex_20240424011942_0ff34b23-0001-44ae-85ea-38f28fe6e5bf): drop table if exists nonAcidOrcTbl2
2024-04-24T01:19:42,417  INFO [main] ql.Driver: Starting task [Stage-0:DDL] in serial mode
2024-04-24T01:19:42,417  INFO [main] HiveMetaStore.audit: ugi=alex	ip=unknown-ip-addr	cmd=get_table : tbl=hive.default.nonAcidOrcTbl2	
2024-04-24T01:19:42,420  INFO [main] metadata.Hive: Dumping metastore api call timing information for : execution phase
2024-04-24T01:19:42,420  INFO [main] metadata.Hive: Total time spent in each metastore function (ms): {isCompatibleWith_(Configuration)=0}
2024-04-24T01:19:42,421  INFO [main] ql.Driver: Completed executing command(queryId=alex_20240424011942_0ff34b23-0001-44ae-85ea-38f28fe6e5bf); Time taken: 0.003 seconds
2024-04-24T01:19:42,421  INFO [main] lockmgr.DbTxnManager: Stopped heartbeat for query: alex_20240424011942_0ff34b23-0001-44ae-85ea-38f28fe6e5bf
2024-04-24T01:19:42,425  INFO [main] txn.TxnHandler: Expected to move at least one record from txn_components to completed_txn_components when committing txn! txnid:5
2024-04-24T01:19:42,431  INFO [main] txn.TxnHandler: Removed transactions: ([5]) from MIN_HISTORY_LEVEL
2024-04-24T01:19:42,431  WARN [main] txn.CompactionTxnHandler: No compaction queue record found for Compaction type transaction commit. txnId:5
2024-04-24T01:19:42,431  INFO [main] ql.TxnCommandsBaseForTests: Running the query: drop table if exists nonAcidNonBucket
2024-04-24T01:19:42,432  INFO [main] ql.Driver: Compiling command(queryId=alex_20240424011942_400aa9e4-6ece-455b-a038-edbec11c7bb1): drop table if exists nonAcidNonBucket
2024-04-24T01:19:42,434  INFO [main] txn.TxnHandler: Added entries to MIN_HISTORY_LEVEL for current txns: ([6]) with min_open_txn: 1
2024-04-24T01:19:42,434  INFO [main] lockmgr.DbTxnManager: Opened txnid:6
2024-04-24T01:19:42,435  INFO [main] HiveMetaStore.audit: ugi=alex	ip=unknown-ip-addr	cmd=get_table : tbl=hive.default.nonAcidNonBucket	
2024-04-24T01:19:42,437  INFO [main] ql.Driver: Semantic Analysis Completed (retrial = false)
2024-04-24T01:19:42,437  INFO [main] ql.Driver: Created Hive schema: Schema(fieldSchemas:null, properties:null)
2024-04-24T01:19:42,438  INFO [main] metadata.Hive: Dumping metastore api call timing information for : compilation phase
2024-04-24T01:19:42,438  INFO [main] metadata.Hive: Total time spent in each metastore function (ms): {openTxn_(String, TxnType)=2, commitTxn_(CommitTxnRequest)=10, getValidTxns_(long)=1, isCompatibleWith_(Configuration)=0, flushCache_()=0}
2024-04-24T01:19:42,438  INFO [main] ql.Driver: Completed compiling command(queryId=alex_20240424011942_400aa9e4-6ece-455b-a038-edbec11c7bb1); Time taken: 0.005 seconds
2024-04-24T01:19:42,438  INFO [main] lockmgr.DbTxnManager: Setting lock request transaction to txnid:6 for queryId=alex_20240424011942_400aa9e4-6ece-455b-a038-edbec11c7bb1
2024-04-24T01:19:42,438  INFO [main] ql.Driver: Operation DROPTABLE obtained 0 locks
2024-04-24T01:19:42,438  INFO [main] ql.Driver: Executing command(queryId=alex_20240424011942_400aa9e4-6ece-455b-a038-edbec11c7bb1): drop table if exists nonAcidNonBucket
2024-04-24T01:19:42,438  INFO [main] ql.Driver: Starting task [Stage-0:DDL] in serial mode
2024-04-24T01:19:42,439  INFO [main] HiveMetaStore.audit: ugi=alex	ip=unknown-ip-addr	cmd=get_table : tbl=hive.default.nonAcidNonBucket	
2024-04-24T01:19:42,441  INFO [main] metadata.Hive: Dumping metastore api call timing information for : execution phase
2024-04-24T01:19:42,442  INFO [main] metadata.Hive: Total time spent in each metastore function (ms): {isCompatibleWith_(Configuration)=1}
2024-04-24T01:19:42,442  INFO [main] ql.Driver: Completed executing command(queryId=alex_20240424011942_400aa9e4-6ece-455b-a038-edbec11c7bb1); Time taken: 0.003 seconds
2024-04-24T01:19:42,442  INFO [main] lockmgr.DbTxnManager: Stopped heartbeat for query: alex_20240424011942_400aa9e4-6ece-455b-a038-edbec11c7bb1
2024-04-24T01:19:42,447  INFO [main] txn.TxnHandler: Expected to move at least one record from txn_components to completed_txn_components when committing txn! txnid:6
2024-04-24T01:19:42,454  INFO [main] txn.TxnHandler: Removed transactions: ([6]) from MIN_HISTORY_LEVEL
2024-04-24T01:19:42,454  WARN [main] txn.CompactionTxnHandler: No compaction queue record found for Compaction type transaction commit. txnId:6
2024-04-24T01:19:42,454  INFO [main] ql.TxnCommandsBaseForTests: Running the query: create table acidTbl(a int, b int) clustered by (a) into 2 buckets stored as orc TBLPROPERTIES ('transactional'='true')
2024-04-24T01:19:42,455  INFO [main] ql.Driver: Compiling command(queryId=alex_20240424011942_4f0cc9fb-66b1-47aa-87a3-0f050e1eab7f): create table acidTbl(a int, b int) clustered by (a) into 2 buckets stored as orc TBLPROPERTIES ('transactional'='true')
2024-04-24T01:19:42,457  INFO [main] txn.TxnHandler: Added entries to MIN_HISTORY_LEVEL for current txns: ([7]) with min_open_txn: 1
2024-04-24T01:19:42,457  INFO [main] lockmgr.DbTxnManager: Opened txnid:7
2024-04-24T01:19:42,457  INFO [main] parse.CalcitePlanner: Starting caching scope for: 
2024-04-24T01:19:42,458  INFO [main] parse.CalcitePlanner: Starting Semantic Analysis
2024-04-24T01:19:42,462  INFO [main] parse.CalcitePlanner: Creating table default.acidTbl position=13
2024-04-24T01:19:42,463  INFO [main] HiveMetaStore.audit: ugi=alex	ip=unknown-ip-addr	cmd=get_database: default	
2024-04-24T01:19:42,464  INFO [main] parse.CalcitePlanner: Ending caching scope for: 
2024-04-24T01:19:42,464  INFO [main] ql.Driver: Semantic Analysis Completed (retrial = false)
2024-04-24T01:19:42,464  INFO [main] ql.Driver: Created Hive schema: Schema(fieldSchemas:null, properties:null)
2024-04-24T01:19:42,464  INFO [main] metadata.Hive: Dumping metastore api call timing information for : compilation phase
2024-04-24T01:19:42,465  INFO [main] metadata.Hive: Total time spent in each metastore function (ms): {commitTxn_(CommitTxnRequest)=12, flushCache_()=0, getValidWriteIds_(List, String)=4, openTxn_(String, TxnType)=2, isCompatibleWith_(Configuration)=0, getDatabase_(String)=1, getValidTxns_(long)=0}
2024-04-24T01:19:42,465  INFO [main] ql.Driver: Completed compiling command(queryId=alex_20240424011942_4f0cc9fb-66b1-47aa-87a3-0f050e1eab7f); Time taken: 0.009 seconds
2024-04-24T01:19:42,465  INFO [main] lockmgr.DbTxnManager: Setting lock request transaction to txnid:7 for queryId=alex_20240424011942_4f0cc9fb-66b1-47aa-87a3-0f050e1eab7f
2024-04-24T01:19:42,465  INFO [main] lockmgr.DbLockManager: Requesting lock for queryId=alex_20240424011942_4f0cc9fb-66b1-47aa-87a3-0f050e1eab7f
2024-04-24T01:19:42,483  INFO [main] lockmgr.DbLockManager: Response to queryId=alex_20240424011942_4f0cc9fb-66b1-47aa-87a3-0f050e1eab7f LockResponse(lockid:1, state:ACQUIRED)
2024-04-24T01:19:42,483  INFO [main] ql.Driver: Operation CREATETABLE obtained 1 locks
2024-04-24T01:19:42,483  INFO [main] ql.Driver: Executing command(queryId=alex_20240424011942_4f0cc9fb-66b1-47aa-87a3-0f050e1eab7f): create table acidTbl(a int, b int) clustered by (a) into 2 buckets stored as orc TBLPROPERTIES ('transactional'='true')
2024-04-24T01:19:42,483  INFO [main] ql.Driver: Starting task [Stage-0:DDL] in serial mode
2024-04-24T01:19:42,484  INFO [main] HiveMetaStore.audit: ugi=alex	ip=unknown-ip-addr	cmd=create_table_req: Table(tableName:acidTbl, dbName:default, owner:alex, createTime:1713946782, lastAccessTime:0, retention:0, sd:StorageDescriptor(cols:[FieldSchema(name:a, type:int, comment:null), FieldSchema(name:b, type:int, comment:null)], location:null, inputFormat:org.apache.hadoop.hive.ql.io.orc.OrcInputFormat, outputFormat:org.apache.hadoop.hive.ql.io.orc.OrcOutputFormat, compressed:false, numBuckets:2, serdeInfo:SerDeInfo(name:null, serializationLib:org.apache.hadoop.hive.ql.io.orc.OrcSerde, parameters:{serialization.format=1}), bucketCols:[a], sortCols:[], parameters:{}, skewedInfo:SkewedInfo(skewedColNames:[], skewedColValues:[], skewedColValueLocationMaps:{}), storedAsSubDirectories:false), partitionKeys:[], parameters:{rawDataSize=0, COLUMN_STATS_ACCURATE={"BASIC_STATS":"true","COLUMN_STATS":{"a":"true","b":"true"}}, numFilesErasureCoded=0, bucketing_version=2, numFiles=0, totalSize=0, numRows=0, transactional=true}, viewOriginalText:null, viewExpandedText:null, tableType:MANAGED_TABLE, privileges:PrincipalPrivilegeSet(userPrivileges:{alex=[PrivilegeGrantInfo(privilege:INSERT, createTime:-1, grantor:alex, grantorType:USER, grantOption:true), PrivilegeGrantInfo(privilege:SELECT, createTime:-1, grantor:alex, grantorType:USER, grantOption:true), PrivilegeGrantInfo(privilege:UPDATE, createTime:-1, grantor:alex, grantorType:USER, grantOption:true), PrivilegeGrantInfo(privilege:DELETE, createTime:-1, grantor:alex, grantorType:USER, grantOption:true)]}, groupPrivileges:null, rolePrivileges:null), temporary:false, catName:hive, ownerType:USER, writeId:0)	
2024-04-24T01:19:42,490  INFO [main] utils.FileUtils: Creating directory if it doesn't exist: file:/home/alex/Repositories/hive/ql/target/tmp/org.apache.hadoop.hive.ql.TestTxnNoBuckets-1713946626176/warehouse/acidtbl
2024-04-24T01:19:42,526  INFO [main] metadata.Hive: Dumping metastore api call timing information for : execution phase
2024-04-24T01:19:42,526  INFO [main] metadata.Hive: Total time spent in each metastore function (ms): {isCompatibleWith_(Configuration)=0, createTable_(Table)=42}
2024-04-24T01:19:42,527  INFO [main] ql.Driver: Completed executing command(queryId=alex_20240424011942_4f0cc9fb-66b1-47aa-87a3-0f050e1eab7f); Time taken: 0.043 seconds
2024-04-24T01:19:42,527  INFO [main] lockmgr.DbTxnManager: Stopped heartbeat for query: alex_20240424011942_4f0cc9fb-66b1-47aa-87a3-0f050e1eab7f
2024-04-24T01:19:42,530  INFO [main] txn.TxnHandler: Expected to move at least one record from txn_components to completed_txn_components when committing txn! txnid:7
2024-04-24T01:19:42,535  INFO [main] txn.TxnHandler: Removed transactions: ([7]) from MIN_HISTORY_LEVEL
2024-04-24T01:19:42,537  WARN [main] txn.CompactionTxnHandler: No compaction queue record found for Compaction type transaction commit. txnId:7
2024-04-24T01:19:42,537  INFO [main] ql.TxnCommandsBaseForTests: Running the query: create table acidTblPart(a int, b int) partitioned by (p string) clustered by (a) into 2 buckets stored as orc TBLPROPERTIES ('transactional'='true')
2024-04-24T01:19:42,537  INFO [main] ql.Driver: Compiling command(queryId=alex_20240424011942_1ca4fa8f-62bc-4f18-b9e3-709c0ad673f6): create table acidTblPart(a int, b int) partitioned by (p string) clustered by (a) into 2 buckets stored as orc TBLPROPERTIES ('transactional'='true')
2024-04-24T01:19:42,540  INFO [main] txn.TxnHandler: Added entries to MIN_HISTORY_LEVEL for current txns: ([8]) with min_open_txn: 1
2024-04-24T01:19:42,541  INFO [main] lockmgr.DbTxnManager: Opened txnid:8
2024-04-24T01:19:42,541  INFO [main] parse.CalcitePlanner: Starting caching scope for: 
2024-04-24T01:19:42,541  INFO [main] parse.CalcitePlanner: Starting Semantic Analysis
2024-04-24T01:19:42,543  INFO [main] parse.CalcitePlanner: Creating table default.acidTblPart position=13
2024-04-24T01:19:42,544  INFO [main] HiveMetaStore.audit: ugi=alex	ip=unknown-ip-addr	cmd=get_database: default	
2024-04-24T01:19:42,546  INFO [main] parse.CalcitePlanner: Ending caching scope for: 
2024-04-24T01:19:42,546  INFO [main] ql.Driver: Semantic Analysis Completed (retrial = false)
2024-04-24T01:19:42,546  INFO [main] ql.Driver: Created Hive schema: Schema(fieldSchemas:null, properties:null)
2024-04-24T01:19:42,546  INFO [main] metadata.Hive: Dumping metastore api call timing information for : compilation phase
2024-04-24T01:19:42,546  INFO [main] metadata.Hive: Total time spent in each metastore function (ms): {getValidTxns_(long)=0, openTxn_(String, TxnType)=3, commitTxn_(CommitTxnRequest)=10, getDatabase_(String)=3, isCompatibleWith_(Configuration)=0, getValidWriteIds_(List, String)=2, flushCache_()=0}
2024-04-24T01:19:42,546  INFO [main] ql.Driver: Completed compiling command(queryId=alex_20240424011942_1ca4fa8f-62bc-4f18-b9e3-709c0ad673f6); Time taken: 0.009 seconds
2024-04-24T01:19:42,546  INFO [main] lockmgr.DbTxnManager: Setting lock request transaction to txnid:8 for queryId=alex_20240424011942_1ca4fa8f-62bc-4f18-b9e3-709c0ad673f6
2024-04-24T01:19:42,547  INFO [main] lockmgr.DbLockManager: Requesting lock for queryId=alex_20240424011942_1ca4fa8f-62bc-4f18-b9e3-709c0ad673f6
2024-04-24T01:19:42,560  INFO [main] lockmgr.DbLockManager: Response to queryId=alex_20240424011942_1ca4fa8f-62bc-4f18-b9e3-709c0ad673f6 LockResponse(lockid:2, state:ACQUIRED)
2024-04-24T01:19:42,560  INFO [main] ql.Driver: Operation CREATETABLE obtained 1 locks
2024-04-24T01:19:42,561  INFO [main] ql.Driver: Executing command(queryId=alex_20240424011942_1ca4fa8f-62bc-4f18-b9e3-709c0ad673f6): create table acidTblPart(a int, b int) partitioned by (p string) clustered by (a) into 2 buckets stored as orc TBLPROPERTIES ('transactional'='true')
2024-04-24T01:19:42,561  INFO [main] ql.Driver: Starting task [Stage-0:DDL] in serial mode
2024-04-24T01:19:42,562  INFO [main] HiveMetaStore.audit: ugi=alex	ip=unknown-ip-addr	cmd=create_table_req: Table(tableName:acidTblPart, dbName:default, owner:alex, createTime:1713946782, lastAccessTime:0, retention:0, sd:StorageDescriptor(cols:[FieldSchema(name:a, type:int, comment:null), FieldSchema(name:b, type:int, comment:null)], location:null, inputFormat:org.apache.hadoop.hive.ql.io.orc.OrcInputFormat, outputFormat:org.apache.hadoop.hive.ql.io.orc.OrcOutputFormat, compressed:false, numBuckets:2, serdeInfo:SerDeInfo(name:null, serializationLib:org.apache.hadoop.hive.ql.io.orc.OrcSerde, parameters:{serialization.format=1}), bucketCols:[a], sortCols:[], parameters:{}, skewedInfo:SkewedInfo(skewedColNames:[], skewedColValues:[], skewedColValueLocationMaps:{}), storedAsSubDirectories:false), partitionKeys:[FieldSchema(name:p, type:string, comment:null)], parameters:{bucketing_version=2, transactional=true}, viewOriginalText:null, viewExpandedText:null, tableType:MANAGED_TABLE, privileges:PrincipalPrivilegeSet(userPrivileges:{alex=[PrivilegeGrantInfo(privilege:INSERT, createTime:-1, grantor:alex, grantorType:USER, grantOption:true), PrivilegeGrantInfo(privilege:SELECT, createTime:-1, grantor:alex, grantorType:USER, grantOption:true), PrivilegeGrantInfo(privilege:UPDATE, createTime:-1, grantor:alex, grantorType:USER, grantOption:true), PrivilegeGrantInfo(privilege:DELETE, createTime:-1, grantor:alex, grantorType:USER, grantOption:true)]}, groupPrivileges:null, rolePrivileges:null), temporary:false, catName:hive, ownerType:USER, writeId:0)	
2024-04-24T01:19:42,568  INFO [main] utils.FileUtils: Creating directory if it doesn't exist: file:/home/alex/Repositories/hive/ql/target/tmp/org.apache.hadoop.hive.ql.TestTxnNoBuckets-1713946626176/warehouse/acidtblpart
2024-04-24T01:19:42,583  INFO [main] metadata.Hive: Dumping metastore api call timing information for : execution phase
2024-04-24T01:19:42,583  INFO [main] metadata.Hive: Total time spent in each metastore function (ms): {isCompatibleWith_(Configuration)=0, createTable_(Table)=21}
2024-04-24T01:19:42,583  INFO [main] ql.Driver: Completed executing command(queryId=alex_20240424011942_1ca4fa8f-62bc-4f18-b9e3-709c0ad673f6); Time taken: 0.022 seconds
2024-04-24T01:19:42,583  INFO [main] lockmgr.DbTxnManager: Stopped heartbeat for query: alex_20240424011942_1ca4fa8f-62bc-4f18-b9e3-709c0ad673f6
2024-04-24T01:19:42,587  INFO [main] txn.TxnHandler: Expected to move at least one record from txn_components to completed_txn_components when committing txn! txnid:8
2024-04-24T01:19:42,593  INFO [main] txn.TxnHandler: Removed transactions: ([8]) from MIN_HISTORY_LEVEL
2024-04-24T01:19:42,593  WARN [main] txn.CompactionTxnHandler: No compaction queue record found for Compaction type transaction commit. txnId:8
2024-04-24T01:19:42,594  INFO [main] ql.TxnCommandsBaseForTests: Running the query: create table nonAcidOrcTbl(a int, b int) clustered by (a) into 2 buckets stored as orc TBLPROPERTIES ('transactional'='false')
2024-04-24T01:19:42,594  INFO [main] ql.Driver: Compiling command(queryId=alex_20240424011942_a394e41f-4c6f-4071-81c7-3440f265704c): create table nonAcidOrcTbl(a int, b int) clustered by (a) into 2 buckets stored as orc TBLPROPERTIES ('transactional'='false')
2024-04-24T01:19:42,596  INFO [main] txn.TxnHandler: Added entries to MIN_HISTORY_LEVEL for current txns: ([9]) with min_open_txn: 1
2024-04-24T01:19:42,597  INFO [main] lockmgr.DbTxnManager: Opened txnid:9
2024-04-24T01:19:42,597  INFO [main] parse.CalcitePlanner: Starting caching scope for: 
2024-04-24T01:19:42,597  INFO [main] parse.CalcitePlanner: Starting Semantic Analysis
2024-04-24T01:19:42,600  INFO [main] parse.CalcitePlanner: Creating table default.nonAcidOrcTbl position=13
2024-04-24T01:19:42,600  INFO [main] HiveMetaStore.audit: ugi=alex	ip=unknown-ip-addr	cmd=get_database: default	
2024-04-24T01:19:42,602  INFO [main] parse.CalcitePlanner: Ending caching scope for: 
2024-04-24T01:19:42,602  INFO [main] ql.Driver: Semantic Analysis Completed (retrial = false)
2024-04-24T01:19:42,602  INFO [main] ql.Driver: Created Hive schema: Schema(fieldSchemas:null, properties:null)
2024-04-24T01:19:42,602  INFO [main] metadata.Hive: Dumping metastore api call timing information for : compilation phase
2024-04-24T01:19:42,602  INFO [main] metadata.Hive: Total time spent in each metastore function (ms): {openTxn_(String, TxnType)=2, commitTxn_(CommitTxnRequest)=11, getValidWriteIds_(List, String)=2, flushCache_()=0, getDatabase_(String)=2, getValidTxns_(long)=0, isCompatibleWith_(Configuration)=0}
2024-04-24T01:19:42,602  INFO [main] ql.Driver: Completed compiling command(queryId=alex_20240424011942_a394e41f-4c6f-4071-81c7-3440f265704c); Time taken: 0.008 seconds
2024-04-24T01:19:42,602  INFO [main] lockmgr.DbTxnManager: Setting lock request transaction to txnid:9 for queryId=alex_20240424011942_a394e41f-4c6f-4071-81c7-3440f265704c
2024-04-24T01:19:42,603  INFO [main] lockmgr.DbLockManager: Requesting lock for queryId=alex_20240424011942_a394e41f-4c6f-4071-81c7-3440f265704c
2024-04-24T01:19:42,622  INFO [main] lockmgr.DbLockManager: Response to queryId=alex_20240424011942_a394e41f-4c6f-4071-81c7-3440f265704c LockResponse(lockid:3, state:ACQUIRED)
2024-04-24T01:19:42,622  INFO [main] ql.Driver: Operation CREATETABLE obtained 1 locks
2024-04-24T01:19:42,622  INFO [main] ql.Driver: Executing command(queryId=alex_20240424011942_a394e41f-4c6f-4071-81c7-3440f265704c): create table nonAcidOrcTbl(a int, b int) clustered by (a) into 2 buckets stored as orc TBLPROPERTIES ('transactional'='false')
2024-04-24T01:19:42,623  INFO [main] ql.Driver: Starting task [Stage-0:DDL] in serial mode
2024-04-24T01:19:42,624  INFO [main] HiveMetaStore.audit: ugi=alex	ip=unknown-ip-addr	cmd=create_table_req: Table(tableName:nonAcidOrcTbl, dbName:default, owner:alex, createTime:1713946782, lastAccessTime:0, retention:0, sd:StorageDescriptor(cols:[FieldSchema(name:a, type:int, comment:null), FieldSchema(name:b, type:int, comment:null)], location:null, inputFormat:org.apache.hadoop.hive.ql.io.orc.OrcInputFormat, outputFormat:org.apache.hadoop.hive.ql.io.orc.OrcOutputFormat, compressed:false, numBuckets:2, serdeInfo:SerDeInfo(name:null, serializationLib:org.apache.hadoop.hive.ql.io.orc.OrcSerde, parameters:{serialization.format=1}), bucketCols:[a], sortCols:[], parameters:{}, skewedInfo:SkewedInfo(skewedColNames:[], skewedColValues:[], skewedColValueLocationMaps:{}), storedAsSubDirectories:false), partitionKeys:[], parameters:{rawDataSize=0, numRows=0, transactional=false, numFilesErasureCoded=0, totalSize=0, bucketing_version=2, numFiles=0, COLUMN_STATS_ACCURATE={"BASIC_STATS":"true","COLUMN_STATS":{"a":"true","b":"true"}}}, viewOriginalText:null, viewExpandedText:null, tableType:MANAGED_TABLE, privileges:PrincipalPrivilegeSet(userPrivileges:{alex=[PrivilegeGrantInfo(privilege:INSERT, createTime:-1, grantor:alex, grantorType:USER, grantOption:true), PrivilegeGrantInfo(privilege:SELECT, createTime:-1, grantor:alex, grantorType:USER, grantOption:true), PrivilegeGrantInfo(privilege:UPDATE, createTime:-1, grantor:alex, grantorType:USER, grantOption:true), PrivilegeGrantInfo(privilege:DELETE, createTime:-1, grantor:alex, grantorType:USER, grantOption:true)]}, groupPrivileges:null, rolePrivileges:null), temporary:false, catName:hive, ownerType:USER)	
2024-04-24T01:19:42,629  INFO [main] utils.FileUtils: Creating directory if it doesn't exist: file:/home/alex/Repositories/hive/ql/target/tmp/org.apache.hadoop.hive.ql.TestTxnNoBuckets-1713946626176/warehouse/nonacidorctbl
2024-04-24T01:19:42,647  INFO [main] metadata.Hive: Dumping metastore api call timing information for : execution phase
2024-04-24T01:19:42,647  INFO [main] metadata.Hive: Total time spent in each metastore function (ms): {createTable_(Table)=24, isCompatibleWith_(Configuration)=0}
2024-04-24T01:19:42,647  INFO [main] ql.Driver: Completed executing command(queryId=alex_20240424011942_a394e41f-4c6f-4071-81c7-3440f265704c); Time taken: 0.025 seconds
2024-04-24T01:19:42,647  INFO [main] lockmgr.DbTxnManager: Stopped heartbeat for query: alex_20240424011942_a394e41f-4c6f-4071-81c7-3440f265704c
2024-04-24T01:19:42,651  INFO [main] txn.TxnHandler: Expected to move at least one record from txn_components to completed_txn_components when committing txn! txnid:9
2024-04-24T01:19:42,657  INFO [main] txn.TxnHandler: Removed transactions: ([9]) from MIN_HISTORY_LEVEL
2024-04-24T01:19:42,657  WARN [main] txn.CompactionTxnHandler: No compaction queue record found for Compaction type transaction commit. txnId:9
2024-04-24T01:19:42,658  INFO [main] ql.TxnCommandsBaseForTests: Running the query: create table nonAcidOrcTbl2(a int, b int) clustered by (a) into 2 buckets stored as orc TBLPROPERTIES ('transactional'='false')
2024-04-24T01:19:42,658  INFO [main] ql.Driver: Compiling command(queryId=alex_20240424011942_1178bde9-eb41-4968-95e1-9a8060b5a27c): create table nonAcidOrcTbl2(a int, b int) clustered by (a) into 2 buckets stored as orc TBLPROPERTIES ('transactional'='false')
2024-04-24T01:19:42,660  INFO [main] txn.TxnHandler: Added entries to MIN_HISTORY_LEVEL for current txns: ([10]) with min_open_txn: 1
2024-04-24T01:19:42,660  INFO [main] lockmgr.DbTxnManager: Opened txnid:10
2024-04-24T01:19:42,661  INFO [main] parse.CalcitePlanner: Starting caching scope for: 
2024-04-24T01:19:42,661  INFO [main] parse.CalcitePlanner: Starting Semantic Analysis
2024-04-24T01:19:42,663  INFO [main] parse.CalcitePlanner: Creating table default.nonAcidOrcTbl2 position=13
2024-04-24T01:19:42,663  INFO [main] HiveMetaStore.audit: ugi=alex	ip=unknown-ip-addr	cmd=get_database: default	
2024-04-24T01:19:42,665  INFO [main] parse.CalcitePlanner: Ending caching scope for: 
2024-04-24T01:19:42,665  INFO [main] ql.Driver: Semantic Analysis Completed (retrial = false)
2024-04-24T01:19:42,665  INFO [main] ql.Driver: Created Hive schema: Schema(fieldSchemas:null, properties:null)
2024-04-24T01:19:42,665  INFO [main] metadata.Hive: Dumping metastore api call timing information for : compilation phase
2024-04-24T01:19:42,665  INFO [main] metadata.Hive: Total time spent in each metastore function (ms): {getValidTxns_(long)=0, openTxn_(String, TxnType)=2, getValidWriteIds_(List, String)=2, getDatabase_(String)=2, flushCache_()=0, isCompatibleWith_(Configuration)=1, commitTxn_(CommitTxnRequest)=10}
2024-04-24T01:19:42,666  INFO [main] ql.Driver: Completed compiling command(queryId=alex_20240424011942_1178bde9-eb41-4968-95e1-9a8060b5a27c); Time taken: 0.007 seconds
2024-04-24T01:19:42,666  INFO [main] lockmgr.DbTxnManager: Setting lock request transaction to txnid:10 for queryId=alex_20240424011942_1178bde9-eb41-4968-95e1-9a8060b5a27c
2024-04-24T01:19:42,666  INFO [main] lockmgr.DbLockManager: Requesting lock for queryId=alex_20240424011942_1178bde9-eb41-4968-95e1-9a8060b5a27c
2024-04-24T01:19:42,680  INFO [main] lockmgr.DbLockManager: Response to queryId=alex_20240424011942_1178bde9-eb41-4968-95e1-9a8060b5a27c LockResponse(lockid:4, state:ACQUIRED)
2024-04-24T01:19:42,680  INFO [main] ql.Driver: Operation CREATETABLE obtained 1 locks
2024-04-24T01:19:42,680  INFO [main] ql.Driver: Executing command(queryId=alex_20240424011942_1178bde9-eb41-4968-95e1-9a8060b5a27c): create table nonAcidOrcTbl2(a int, b int) clustered by (a) into 2 buckets stored as orc TBLPROPERTIES ('transactional'='false')
2024-04-24T01:19:42,680  INFO [main] ql.Driver: Starting task [Stage-0:DDL] in serial mode
2024-04-24T01:19:42,681  INFO [main] HiveMetaStore.audit: ugi=alex	ip=unknown-ip-addr	cmd=create_table_req: Table(tableName:nonAcidOrcTbl2, dbName:default, owner:alex, createTime:1713946782, lastAccessTime:0, retention:0, sd:StorageDescriptor(cols:[FieldSchema(name:a, type:int, comment:null), FieldSchema(name:b, type:int, comment:null)], location:null, inputFormat:org.apache.hadoop.hive.ql.io.orc.OrcInputFormat, outputFormat:org.apache.hadoop.hive.ql.io.orc.OrcOutputFormat, compressed:false, numBuckets:2, serdeInfo:SerDeInfo(name:null, serializationLib:org.apache.hadoop.hive.ql.io.orc.OrcSerde, parameters:{serialization.format=1}), bucketCols:[a], sortCols:[], parameters:{}, skewedInfo:SkewedInfo(skewedColNames:[], skewedColValues:[], skewedColValueLocationMaps:{}), storedAsSubDirectories:false), partitionKeys:[], parameters:{COLUMN_STATS_ACCURATE={"BASIC_STATS":"true","COLUMN_STATS":{"a":"true","b":"true"}}, rawDataSize=0, bucketing_version=2, numFilesErasureCoded=0, numFiles=0, totalSize=0, numRows=0, transactional=false}, viewOriginalText:null, viewExpandedText:null, tableType:MANAGED_TABLE, privileges:PrincipalPrivilegeSet(userPrivileges:{alex=[PrivilegeGrantInfo(privilege:INSERT, createTime:-1, grantor:alex, grantorType:USER, grantOption:true), PrivilegeGrantInfo(privilege:SELECT, createTime:-1, grantor:alex, grantorType:USER, grantOption:true), PrivilegeGrantInfo(privilege:UPDATE, createTime:-1, grantor:alex, grantorType:USER, grantOption:true), PrivilegeGrantInfo(privilege:DELETE, createTime:-1, grantor:alex, grantorType:USER, grantOption:true)]}, groupPrivileges:null, rolePrivileges:null), temporary:false, catName:hive, ownerType:USER)	
2024-04-24T01:19:42,687  INFO [main] utils.FileUtils: Creating directory if it doesn't exist: file:/home/alex/Repositories/hive/ql/target/tmp/org.apache.hadoop.hive.ql.TestTxnNoBuckets-1713946626176/warehouse/nonacidorctbl2
2024-04-24T01:19:42,700  INFO [main] metadata.Hive: Dumping metastore api call timing information for : execution phase
2024-04-24T01:19:42,700  INFO [main] metadata.Hive: Total time spent in each metastore function (ms): {isCompatibleWith_(Configuration)=0, createTable_(Table)=19}
2024-04-24T01:19:42,701  INFO [main] ql.Driver: Completed executing command(queryId=alex_20240424011942_1178bde9-eb41-4968-95e1-9a8060b5a27c); Time taken: 0.02 seconds
2024-04-24T01:19:42,701  INFO [main] lockmgr.DbTxnManager: Stopped heartbeat for query: alex_20240424011942_1178bde9-eb41-4968-95e1-9a8060b5a27c
2024-04-24T01:19:42,704  INFO [main] txn.TxnHandler: Expected to move at least one record from txn_components to completed_txn_components when committing txn! txnid:10
2024-04-24T01:19:42,710  INFO [main] txn.TxnHandler: Removed transactions: ([10]) from MIN_HISTORY_LEVEL
2024-04-24T01:19:42,710  WARN [main] txn.CompactionTxnHandler: No compaction queue record found for Compaction type transaction commit. txnId:10
2024-04-24T01:19:42,710  INFO [main] ql.TxnCommandsBaseForTests: Running the query: create temporary  table acidTbl2(a int, b int, c int) clustered by (c) into 2 buckets stored as orc TBLPROPERTIES ('transactional'='true')
2024-04-24T01:19:42,710  INFO [main] ql.Driver: Compiling command(queryId=alex_20240424011942_b6510044-2865-42f8-967b-e5e1eaad1f79): create temporary  table acidTbl2(a int, b int, c int) clustered by (c) into 2 buckets stored as orc TBLPROPERTIES ('transactional'='true')
2024-04-24T01:19:42,713  INFO [main] txn.TxnHandler: Added entries to MIN_HISTORY_LEVEL for current txns: ([11]) with min_open_txn: 1
2024-04-24T01:19:42,713  INFO [main] lockmgr.DbTxnManager: Opened txnid:11
2024-04-24T01:19:42,714  INFO [main] parse.CalcitePlanner: Starting caching scope for: 
2024-04-24T01:19:42,714  INFO [main] parse.CalcitePlanner: Starting Semantic Analysis
2024-04-24T01:19:42,716  INFO [main] parse.CalcitePlanner: Creating table default.acidTbl2 position=24
2024-04-24T01:19:42,716  INFO [main] HiveMetaStore.audit: ugi=alex	ip=unknown-ip-addr	cmd=get_database: default	
2024-04-24T01:19:42,717  INFO [main] parse.CalcitePlanner: Ending caching scope for: 
2024-04-24T01:19:42,717  INFO [main] ql.Driver: Semantic Analysis Completed (retrial = false)
2024-04-24T01:19:42,717  INFO [main] ql.Driver: Created Hive schema: Schema(fieldSchemas:null, properties:null)
2024-04-24T01:19:42,718  INFO [main] metadata.Hive: Dumping metastore api call timing information for : compilation phase
2024-04-24T01:19:42,718  INFO [main] metadata.Hive: Total time spent in each metastore function (ms): {isCompatibleWith_(Configuration)=0, commitTxn_(CommitTxnRequest)=9, getValidTxns_(long)=1, getDatabase_(String)=1, openTxn_(String, TxnType)=2, flushCache_()=0, getValidWriteIds_(List, String)=2}
2024-04-24T01:19:42,718  INFO [main] ql.Driver: Completed compiling command(queryId=alex_20240424011942_b6510044-2865-42f8-967b-e5e1eaad1f79); Time taken: 0.008 seconds
2024-04-24T01:19:42,718  INFO [main] lockmgr.DbTxnManager: Setting lock request transaction to txnid:11 for queryId=alex_20240424011942_b6510044-2865-42f8-967b-e5e1eaad1f79
2024-04-24T01:19:42,718  INFO [main] lockmgr.DbLockManager: Requesting lock for queryId=alex_20240424011942_b6510044-2865-42f8-967b-e5e1eaad1f79
2024-04-24T01:19:42,732  INFO [main] lockmgr.DbLockManager: Response to queryId=alex_20240424011942_b6510044-2865-42f8-967b-e5e1eaad1f79 LockResponse(lockid:5, state:ACQUIRED)
2024-04-24T01:19:42,732  INFO [main] ql.Driver: Operation CREATETABLE obtained 1 locks
2024-04-24T01:19:42,732  INFO [main] ql.Driver: Executing command(queryId=alex_20240424011942_b6510044-2865-42f8-967b-e5e1eaad1f79): create temporary  table acidTbl2(a int, b int, c int) clustered by (c) into 2 buckets stored as orc TBLPROPERTIES ('transactional'='true')
2024-04-24T01:19:42,732  INFO [main] ql.Driver: Starting task [Stage-0:DDL] in serial mode
2024-04-24T01:19:42,733  INFO [main] utils.FileUtils: Creating directory if it doesn't exist: file:/home/alex/Repositories/hive/ql/target/tmp/scratchdir/alex/f3b94205-d5f4-414f-8908-21b0f24cd7cb/_tmp_space.db/eec196b4-6866-44b6-a143-124b3f3961a5
2024-04-24T01:19:42,736  INFO [main] metadata.Hive: Dumping metastore api call timing information for : execution phase
2024-04-24T01:19:42,736  INFO [main] metadata.Hive: Total time spent in each metastore function (ms): {isCompatibleWith_(Configuration)=0, createTable_(Table)=3}
2024-04-24T01:19:42,736  INFO [main] ql.Driver: Completed executing command(queryId=alex_20240424011942_b6510044-2865-42f8-967b-e5e1eaad1f79); Time taken: 0.004 seconds
2024-04-24T01:19:42,736  INFO [main] lockmgr.DbTxnManager: Stopped heartbeat for query: alex_20240424011942_b6510044-2865-42f8-967b-e5e1eaad1f79
2024-04-24T01:19:42,740  INFO [main] txn.TxnHandler: Expected to move at least one record from txn_components to completed_txn_components when committing txn! txnid:11
2024-04-24T01:19:42,745  INFO [main] txn.TxnHandler: Removed transactions: ([11]) from MIN_HISTORY_LEVEL
2024-04-24T01:19:42,745  WARN [main] txn.CompactionTxnHandler: No compaction queue record found for Compaction type transaction commit. txnId:11
2024-04-24T01:19:42,746  INFO [main] ql.TxnCommandsBaseForTests: Running the query: create table nonAcidNonBucket(a int, b int) stored as orc TBLPROPERTIES ('transactional'='false')
2024-04-24T01:19:42,746  INFO [main] ql.Driver: Compiling command(queryId=alex_20240424011942_d61ce2a8-aca6-430c-866b-50fbe83a1b61): create table nonAcidNonBucket(a int, b int) stored as orc TBLPROPERTIES ('transactional'='false')
2024-04-24T01:19:42,748  INFO [main] txn.TxnHandler: Added entries to MIN_HISTORY_LEVEL for current txns: ([12]) with min_open_txn: 1
2024-04-24T01:19:42,748  INFO [main] lockmgr.DbTxnManager: Opened txnid:12
2024-04-24T01:19:42,748  INFO [main] parse.CalcitePlanner: Starting caching scope for: 
2024-04-24T01:19:42,749  INFO [main] parse.CalcitePlanner: Starting Semantic Analysis
2024-04-24T01:19:42,751  INFO [main] parse.CalcitePlanner: Creating table default.nonAcidNonBucket position=13
2024-04-24T01:19:42,751  INFO [main] HiveMetaStore.audit: ugi=alex	ip=unknown-ip-addr	cmd=get_database: default	
2024-04-24T01:19:42,752  INFO [main] parse.CalcitePlanner: Ending caching scope for: 
2024-04-24T01:19:42,752  INFO [main] ql.Driver: Semantic Analysis Completed (retrial = false)
2024-04-24T01:19:42,752  INFO [main] ql.Driver: Created Hive schema: Schema(fieldSchemas:null, properties:null)
2024-04-24T01:19:42,752  INFO [main] metadata.Hive: Dumping metastore api call timing information for : compilation phase
2024-04-24T01:19:42,752  INFO [main] metadata.Hive: Total time spent in each metastore function (ms): {commitTxn_(CommitTxnRequest)=10, flushCache_()=0, getValidWriteIds_(List, String)=2, openTxn_(String, TxnType)=2, getDatabase_(String)=1, getValidTxns_(long)=0, isCompatibleWith_(Configuration)=0}
2024-04-24T01:19:42,753  INFO [main] ql.Driver: Completed compiling command(queryId=alex_20240424011942_d61ce2a8-aca6-430c-866b-50fbe83a1b61); Time taken: 0.006 seconds
2024-04-24T01:19:42,753  INFO [main] lockmgr.DbTxnManager: Setting lock request transaction to txnid:12 for queryId=alex_20240424011942_d61ce2a8-aca6-430c-866b-50fbe83a1b61
2024-04-24T01:19:42,753  INFO [main] lockmgr.DbLockManager: Requesting lock for queryId=alex_20240424011942_d61ce2a8-aca6-430c-866b-50fbe83a1b61
2024-04-24T01:19:42,766  INFO [main] lockmgr.DbLockManager: Response to queryId=alex_20240424011942_d61ce2a8-aca6-430c-866b-50fbe83a1b61 LockResponse(lockid:6, state:ACQUIRED)
2024-04-24T01:19:42,766  INFO [main] ql.Driver: Operation CREATETABLE obtained 1 locks
2024-04-24T01:19:42,766  INFO [main] ql.Driver: Executing command(queryId=alex_20240424011942_d61ce2a8-aca6-430c-866b-50fbe83a1b61): create table nonAcidNonBucket(a int, b int) stored as orc TBLPROPERTIES ('transactional'='false')
2024-04-24T01:19:42,766  INFO [main] ql.Driver: Starting task [Stage-0:DDL] in serial mode
2024-04-24T01:19:42,767  INFO [main] HiveMetaStore.audit: ugi=alex	ip=unknown-ip-addr	cmd=create_table_req: Table(tableName:nonAcidNonBucket, dbName:default, owner:alex, createTime:1713946782, lastAccessTime:0, retention:0, sd:StorageDescriptor(cols:[FieldSchema(name:a, type:int, comment:null), FieldSchema(name:b, type:int, comment:null)], location:null, inputFormat:org.apache.hadoop.hive.ql.io.orc.OrcInputFormat, outputFormat:org.apache.hadoop.hive.ql.io.orc.OrcOutputFormat, compressed:false, numBuckets:-1, serdeInfo:SerDeInfo(name:null, serializationLib:org.apache.hadoop.hive.ql.io.orc.OrcSerde, parameters:{serialization.format=1}), bucketCols:[], sortCols:[], parameters:{}, skewedInfo:SkewedInfo(skewedColNames:[], skewedColValues:[], skewedColValueLocationMaps:{}), storedAsSubDirectories:false), partitionKeys:[], parameters:{bucketing_version=2, transactional=false, rawDataSize=0, numFilesErasureCoded=0, totalSize=0, numRows=0, COLUMN_STATS_ACCURATE={"BASIC_STATS":"true","COLUMN_STATS":{"a":"true","b":"true"}}, numFiles=0}, viewOriginalText:null, viewExpandedText:null, tableType:MANAGED_TABLE, privileges:PrincipalPrivilegeSet(userPrivileges:{alex=[PrivilegeGrantInfo(privilege:INSERT, createTime:-1, grantor:alex, grantorType:USER, grantOption:true), PrivilegeGrantInfo(privilege:SELECT, createTime:-1, grantor:alex, grantorType:USER, grantOption:true), PrivilegeGrantInfo(privilege:UPDATE, createTime:-1, grantor:alex, grantorType:USER, grantOption:true), PrivilegeGrantInfo(privilege:DELETE, createTime:-1, grantor:alex, grantorType:USER, grantOption:true)]}, groupPrivileges:null, rolePrivileges:null), temporary:false, catName:hive, ownerType:USER)	
2024-04-24T01:19:42,773  INFO [main] utils.FileUtils: Creating directory if it doesn't exist: file:/home/alex/Repositories/hive/ql/target/tmp/org.apache.hadoop.hive.ql.TestTxnNoBuckets-1713946626176/warehouse/nonacidnonbucket
2024-04-24T01:19:42,786  INFO [main] metadata.Hive: Dumping metastore api call timing information for : execution phase
2024-04-24T01:19:42,786  INFO [main] metadata.Hive: Total time spent in each metastore function (ms): {createTable_(Table)=19, isCompatibleWith_(Configuration)=0}
2024-04-24T01:19:42,786  INFO [main] ql.Driver: Completed executing command(queryId=alex_20240424011942_d61ce2a8-aca6-430c-866b-50fbe83a1b61); Time taken: 0.02 seconds
2024-04-24T01:19:42,787  INFO [main] lockmgr.DbTxnManager: Stopped heartbeat for query: alex_20240424011942_d61ce2a8-aca6-430c-866b-50fbe83a1b61
2024-04-24T01:19:42,790  INFO [main] txn.TxnHandler: Expected to move at least one record from txn_components to completed_txn_components when committing txn! txnid:12
2024-04-24T01:19:42,796  INFO [main] txn.TxnHandler: Removed transactions: ([12]) from MIN_HISTORY_LEVEL
2024-04-24T01:19:42,796  WARN [main] txn.CompactionTxnHandler: No compaction queue record found for Compaction type transaction commit. txnId:12
2024-04-24T01:19:42,796  INFO [main] ql.TxnCommandsBaseForTests: Running the query: drop table if exists T
2024-04-24T01:19:42,797  INFO [main] ql.Driver: Compiling command(queryId=alex_20240424011942_c8d3ae6d-8133-4785-a62d-f7b6156f7204): drop table if exists T
2024-04-24T01:19:42,799  INFO [main] txn.TxnHandler: Added entries to MIN_HISTORY_LEVEL for current txns: ([13]) with min_open_txn: 1
2024-04-24T01:19:42,799  INFO [main] lockmgr.DbTxnManager: Opened txnid:13
2024-04-24T01:19:42,799  INFO [main] HiveMetaStore.audit: ugi=alex	ip=unknown-ip-addr	cmd=get_table : tbl=hive.default.T	
2024-04-24T01:19:42,818  INFO [main] metastore.HMSHandler: Skipping translation for processor with null
2024-04-24T01:19:42,818  INFO [main] ql.Driver: Semantic Analysis Completed (retrial = false)
2024-04-24T01:19:42,818  INFO [main] ql.Driver: Created Hive schema: Schema(fieldSchemas:null, properties:null)
2024-04-24T01:19:42,818  INFO [main] metadata.Hive: Dumping metastore api call timing information for : compilation phase
2024-04-24T01:19:42,818  INFO [main] metadata.Hive: Total time spent in each metastore function (ms): {getTable_(GetTableRequest)=19, commitTxn_(CommitTxnRequest)=9, openTxn_(String, TxnType)=2, isCompatibleWith_(Configuration)=0, getValidTxns_(long)=0, flushCache_()=0}
2024-04-24T01:19:42,818  INFO [main] ql.Driver: Completed compiling command(queryId=alex_20240424011942_c8d3ae6d-8133-4785-a62d-f7b6156f7204); Time taken: 0.021 seconds
2024-04-24T01:19:42,819  INFO [main] lockmgr.DbTxnManager: Setting lock request transaction to txnid:13 for queryId=alex_20240424011942_c8d3ae6d-8133-4785-a62d-f7b6156f7204
2024-04-24T01:19:42,819  INFO [main] lockmgr.DbLockManager: Requesting lock for queryId=alex_20240424011942_c8d3ae6d-8133-4785-a62d-f7b6156f7204
2024-04-24T01:19:42,837  INFO [main] lockmgr.DbLockManager: Response to queryId=alex_20240424011942_c8d3ae6d-8133-4785-a62d-f7b6156f7204 LockResponse(lockid:7, state:ACQUIRED)
2024-04-24T01:19:42,837  INFO [main] ql.Driver: Operation DROPTABLE obtained 1 locks
2024-04-24T01:19:42,837  INFO [main] ql.Driver: Executing command(queryId=alex_20240424011942_c8d3ae6d-8133-4785-a62d-f7b6156f7204): drop table if exists T
2024-04-24T01:19:42,837  INFO [main] ql.Driver: Starting task [Stage-0:DDL] in serial mode
2024-04-24T01:19:42,837  INFO [main] HiveMetaStore.audit: ugi=alex	ip=unknown-ip-addr	cmd=get_table : tbl=hive.default.T	
2024-04-24T01:19:42,844  INFO [main] metastore.HMSHandler: Skipping translation for processor with null
2024-04-24T01:19:42,844  INFO [main] HiveMetaStore.audit: ugi=alex	ip=unknown-ip-addr	cmd=get_table : tbl=hive.default.T	
2024-04-24T01:19:42,850  INFO [main] metastore.HMSHandler: Skipping translation for processor with null
2024-04-24T01:19:42,850  INFO [main] HiveMetaStore.audit: ugi=alex	ip=unknown-ip-addr	cmd=drop_table : tbl=hive.default.T	
2024-04-24T01:19:42,952  WARN [main] utils.FileUtils: File file:/home/alex/Repositories/hive/ql/target/tmp/org.apache.hadoop.hive.ql.TestTxnNoBuckets-1713946626176/warehouse/t does not exist; Force to delete it.
2024-04-24T01:19:42,952 ERROR [main] utils.FileUtils: Failed to delete file:/home/alex/Repositories/hive/ql/target/tmp/org.apache.hadoop.hive.ql.TestTxnNoBuckets-1713946626176/warehouse/t
2024-04-24T01:19:42,953  INFO [main] metadata.Hive: Dumping metastore api call timing information for : execution phase
2024-04-24T01:19:42,953  INFO [main] metadata.Hive: Total time spent in each metastore function (ms): {isCompatibleWith_(Configuration)=0, dropTable_(String, String, boolean, boolean, boolean)=108, getTable_(GetTableRequest)=7}
2024-04-24T01:19:42,953  INFO [main] ql.Driver: Completed executing command(queryId=alex_20240424011942_c8d3ae6d-8133-4785-a62d-f7b6156f7204); Time taken: 0.116 seconds
2024-04-24T01:19:42,953  INFO [main] lockmgr.DbTxnManager: Stopped heartbeat for query: alex_20240424011942_c8d3ae6d-8133-4785-a62d-f7b6156f7204
2024-04-24T01:19:42,957  INFO [main] txn.TxnHandler: Expected to move at least one record from txn_components to completed_txn_components when committing txn! txnid:13
2024-04-24T01:19:42,965  INFO [main] txn.TxnHandler: Removed transactions: ([13]) from MIN_HISTORY_LEVEL
2024-04-24T01:19:42,965  WARN [main] txn.CompactionTxnHandler: No compaction queue record found for Compaction type transaction commit. txnId:13
2024-04-24T01:19:42,965  INFO [main] ql.TxnCommandsBaseForTests: Running the query: create table T(a int, b int) stored as orc tblproperties('transactional'='false')
2024-04-24T01:19:42,965  INFO [main] ql.Driver: Compiling command(queryId=alex_20240424011942_97d2c273-3216-46c2-9742-414b443eff1d): create table T(a int, b int) stored as orc tblproperties('transactional'='false')
2024-04-24T01:19:42,968  INFO [main] txn.TxnHandler: Added entries to MIN_HISTORY_LEVEL for current txns: ([14]) with min_open_txn: 1
2024-04-24T01:19:42,968  INFO [main] lockmgr.DbTxnManager: Opened txnid:14
2024-04-24T01:19:42,968  INFO [main] parse.CalcitePlanner: Starting caching scope for: 
2024-04-24T01:19:42,968  INFO [main] parse.CalcitePlanner: Starting Semantic Analysis
2024-04-24T01:19:42,974  INFO [main] parse.CalcitePlanner: Creating table default.T position=13
2024-04-24T01:19:42,974  INFO [main] HiveMetaStore.audit: ugi=alex	ip=unknown-ip-addr	cmd=get_database: default	
2024-04-24T01:19:42,975  INFO [main] parse.CalcitePlanner: Ending caching scope for: 
2024-04-24T01:19:42,975  INFO [main] ql.Driver: Semantic Analysis Completed (retrial = false)
2024-04-24T01:19:42,975  INFO [main] ql.Driver: Created Hive schema: Schema(fieldSchemas:null, properties:null)
2024-04-24T01:19:42,976  INFO [main] metadata.Hive: Dumping metastore api call timing information for : compilation phase
2024-04-24T01:19:42,976  INFO [main] metadata.Hive: Total time spent in each metastore function (ms): {openTxn_(String, TxnType)=2, getValidWriteIds_(List, String)=5, getDatabase_(String)=1, isCompatibleWith_(Configuration)=0, flushCache_()=0, commitTxn_(CommitTxnRequest)=12, getValidTxns_(long)=0}
2024-04-24T01:19:42,976  INFO [main] ql.Driver: Completed compiling command(queryId=alex_20240424011942_97d2c273-3216-46c2-9742-414b443eff1d); Time taken: 0.011 seconds
2024-04-24T01:19:42,976  INFO [main] lockmgr.DbTxnManager: Setting lock request transaction to txnid:14 for queryId=alex_20240424011942_97d2c273-3216-46c2-9742-414b443eff1d
2024-04-24T01:19:42,976  INFO [main] lockmgr.DbLockManager: Requesting lock for queryId=alex_20240424011942_97d2c273-3216-46c2-9742-414b443eff1d
2024-04-24T01:19:42,990  INFO [main] lockmgr.DbLockManager: Response to queryId=alex_20240424011942_97d2c273-3216-46c2-9742-414b443eff1d LockResponse(lockid:8, state:ACQUIRED)
2024-04-24T01:19:42,990  INFO [main] ql.Driver: Operation CREATETABLE obtained 1 locks
2024-04-24T01:19:42,990  INFO [main] ql.Driver: Executing command(queryId=alex_20240424011942_97d2c273-3216-46c2-9742-414b443eff1d): create table T(a int, b int) stored as orc tblproperties('transactional'='false')
2024-04-24T01:19:42,990  INFO [main] ql.Driver: Starting task [Stage-0:DDL] in serial mode
2024-04-24T01:19:42,991  INFO [main] HiveMetaStore.audit: ugi=alex	ip=unknown-ip-addr	cmd=create_table_req: Table(tableName:T, dbName:default, owner:alex, createTime:1713946782, lastAccessTime:0, retention:0, sd:StorageDescriptor(cols:[FieldSchema(name:a, type:int, comment:null), FieldSchema(name:b, type:int, comment:null)], location:null, inputFormat:org.apache.hadoop.hive.ql.io.orc.OrcInputFormat, outputFormat:org.apache.hadoop.hive.ql.io.orc.OrcOutputFormat, compressed:false, numBuckets:-1, serdeInfo:SerDeInfo(name:null, serializationLib:org.apache.hadoop.hive.ql.io.orc.OrcSerde, parameters:{serialization.format=1}), bucketCols:[], sortCols:[], parameters:{}, skewedInfo:SkewedInfo(skewedColNames:[], skewedColValues:[], skewedColValueLocationMaps:{}), storedAsSubDirectories:false), partitionKeys:[], parameters:{numFiles=0, totalSize=0, rawDataSize=0, COLUMN_STATS_ACCURATE={"BASIC_STATS":"true","COLUMN_STATS":{"a":"true","b":"true"}}, numFilesErasureCoded=0, transactional=false, bucketing_version=2, numRows=0}, viewOriginalText:null, viewExpandedText:null, tableType:MANAGED_TABLE, privileges:PrincipalPrivilegeSet(userPrivileges:{alex=[PrivilegeGrantInfo(privilege:INSERT, createTime:-1, grantor:alex, grantorType:USER, grantOption:true), PrivilegeGrantInfo(privilege:SELECT, createTime:-1, grantor:alex, grantorType:USER, grantOption:true), PrivilegeGrantInfo(privilege:UPDATE, createTime:-1, grantor:alex, grantorType:USER, grantOption:true), PrivilegeGrantInfo(privilege:DELETE, createTime:-1, grantor:alex, grantorType:USER, grantOption:true)]}, groupPrivileges:null, rolePrivileges:null), temporary:false, catName:hive, ownerType:USER)	
2024-04-24T01:19:42,996  INFO [main] utils.FileUtils: Creating directory if it doesn't exist: file:/home/alex/Repositories/hive/ql/target/tmp/org.apache.hadoop.hive.ql.TestTxnNoBuckets-1713946626176/warehouse/t
2024-04-24T01:19:43,031  INFO [main] metadata.Hive: Dumping metastore api call timing information for : execution phase
2024-04-24T01:19:43,031  INFO [main] metadata.Hive: Total time spent in each metastore function (ms): {createTable_(Table)=40, isCompatibleWith_(Configuration)=0}
2024-04-24T01:19:43,032  INFO [main] ql.Driver: Completed executing command(queryId=alex_20240424011942_97d2c273-3216-46c2-9742-414b443eff1d); Time taken: 0.041 seconds
2024-04-24T01:19:43,032  INFO [main] lockmgr.DbTxnManager: Stopped heartbeat for query: alex_20240424011942_97d2c273-3216-46c2-9742-414b443eff1d
2024-04-24T01:19:43,035  INFO [main] txn.TxnHandler: Expected to move at least one record from txn_components to completed_txn_components when committing txn! txnid:14
2024-04-24T01:19:43,041  INFO [main] txn.TxnHandler: Removed transactions: ([14]) from MIN_HISTORY_LEVEL
2024-04-24T01:19:43,041  WARN [main] txn.CompactionTxnHandler: No compaction queue record found for Compaction type transaction commit. txnId:14
2024-04-24T01:19:43,042  INFO [main] ql.TxnCommandsBaseForTests: Running the query: insert into T(a, b)  values(1,2),(2,4),(5,6),(6,8),(9,10)
2024-04-24T01:19:43,042  INFO [main] ql.Driver: Compiling command(queryId=alex_20240424011943_8f47a8ef-2b85-4664-a47a-3efff07e5543): insert into T(a, b)  values(1,2),(2,4),(5,6),(6,8),(9,10)
2024-04-24T01:19:43,044  INFO [main] txn.TxnHandler: Added entries to MIN_HISTORY_LEVEL for current txns: ([15]) with min_open_txn: 1
2024-04-24T01:19:43,044  INFO [main] lockmgr.DbTxnManager: Opened txnid:15
2024-04-24T01:19:43,045  INFO [main] parse.CalcitePlanner: Starting caching scope for: 
2024-04-24T01:19:43,045  INFO [main] parse.CalcitePlanner: Starting Semantic Analysis
2024-04-24T01:19:43,048  INFO [main] HiveMetaStore.audit: ugi=alex	ip=unknown-ip-addr	cmd=get_table : tbl=hive.default.T	
2024-04-24T01:19:43,070  INFO [main] metastore.HMSHandler: Skipping translation for processor with null
2024-04-24T01:19:43,071  INFO [main] parse.CalcitePlanner: Completed phase 1 of Semantic Analysis
2024-04-24T01:19:43,071  INFO [main] parse.CalcitePlanner: Get metadata for source tables
2024-04-24T01:19:43,071  INFO [main] parse.CalcitePlanner: Get metadata for subqueries
2024-04-24T01:19:43,071  INFO [main] parse.CalcitePlanner: Get metadata for destination tables
2024-04-24T01:19:43,071  INFO [main] HiveMetaStore.audit: ugi=alex	ip=unknown-ip-addr	cmd=get_table : tbl=hive.default.T	
2024-04-24T01:19:43,079  INFO [main] metastore.HMSHandler: Skipping translation for processor with null
2024-04-24T01:19:43,079  INFO [main] parse.CalcitePlanner: Completed getting MetaData in Semantic Analysis
2024-04-24T01:19:43,079  INFO [main] parse.CalcitePlanner: Disabling LLAP IO encode as ETL query is detected
2024-04-24T01:19:43,099  INFO [main] HiveMetaStore.audit: ugi=alex	ip=unknown-ip-addr	cmd=get_all_table_constraints : tbl=hive._dummy_database._dummy_table	
2024-04-24T01:19:43,174  INFO [main] parse.CalcitePlanner: Get metadata for source tables
2024-04-24T01:19:43,174  INFO [main] parse.CalcitePlanner: Get metadata for subqueries
2024-04-24T01:19:43,174  INFO [main] parse.CalcitePlanner: Get metadata for source tables
2024-04-24T01:19:43,175  INFO [main] HiveMetaStore.audit: ugi=alex	ip=unknown-ip-addr	cmd=get_table : tbl=hive._dummy_database._dummy_table	
2024-04-24T01:19:43,177  INFO [main] parse.CalcitePlanner: Get metadata for subqueries
2024-04-24T01:19:43,177  INFO [main] parse.CalcitePlanner: Get metadata for destination tables
2024-04-24T01:19:43,177  INFO [main] parse.CalcitePlanner: Get metadata for destination tables
2024-04-24T01:19:43,177  INFO [main] HiveMetaStore.audit: ugi=alex	ip=unknown-ip-addr	cmd=get_table : tbl=hive.default.T	
2024-04-24T01:19:43,186  INFO [main] metastore.HMSHandler: Skipping translation for processor with null
2024-04-24T01:19:43,187  INFO [main] common.FileUtils: Creating directory if it doesn't exist: file:/home/alex/Repositories/hive/ql/target/tmp/org.apache.hadoop.hive.ql.TestTxnNoBuckets-1713946626176/warehouse/t/.hive-staging_hive_2024-04-24_01-19-43_042_2359448103232395545-1
2024-04-24T01:19:43,190  INFO [main] HiveMetaStore.audit: ugi=alex	ip=unknown-ip-addr	cmd=get_not_null_constraints : tbl=hive.default.t	
2024-04-24T01:19:43,192  INFO [main] HiveMetaStore.audit: ugi=alex	ip=unknown-ip-addr	cmd=get_check_constraints : tbl=hive.default.t	
2024-04-24T01:19:43,193  INFO [main] parse.CalcitePlanner: CBO Succeeded; optimized logical plan.
2024-04-24T01:19:43,195  INFO [main] optimizer.BucketVersionPopulator: not considering bucketingVersion for: TS[0] because it has -1<2 buckets 
2024-04-24T01:19:43,195  INFO [main] optimizer.SortedDynPartitionOptimizer: Sorted dynamic partitioning optimization kicked in..
2024-04-24T01:19:43,203  INFO [main] HiveMetaStore.audit: ugi=alex	ip=unknown-ip-addr	cmd=get_table : tbl=hive.default.t	
2024-04-24T01:19:43,213  INFO [main] metastore.HMSHandler: Skipping translation for processor with null
2024-04-24T01:19:43,213  INFO [main] optimizer.GenMRFileSink1: using CombineHiveInputformat for the merge job
2024-04-24T01:19:43,213  INFO [main] HiveMetaStore.audit: ugi=alex	ip=unknown-ip-addr	cmd=get_table : tbl=hive.default.t	
2024-04-24T01:19:43,223  INFO [main] metastore.HMSHandler: Skipping translation for processor with null
2024-04-24T01:19:43,244  INFO [main] physical.Vectorizer: Examining input format to see if vectorization is enabled.
2024-04-24T01:19:43,246  INFO [main] physical.Vectorizer: Map vectorization enabled: false
2024-04-24T01:19:43,246  INFO [main] physical.Vectorizer: Map vectorized: false
2024-04-24T01:19:43,246  INFO [main] physical.Vectorizer: Map vectorizedVertexNum: 0
2024-04-24T01:19:43,246  INFO [main] physical.Vectorizer: Map enabledConditionsMet: [hive.vectorized.use.vectorized.input.format IS true]
2024-04-24T01:19:43,246  INFO [main] physical.Vectorizer: Map enabledConditionsNotMet: [Could not enable vectorization due to partition column names size 1 is greater than the number of table column names size 0 IS false]
2024-04-24T01:19:43,246  INFO [main] physical.Vectorizer: Map inputFileFormatClassNameSet: [org.apache.hadoop.hive.ql.io.NullRowsInputFormat]
2024-04-24T01:19:43,247  INFO [main] parse.CalcitePlanner: Completed plan generation
2024-04-24T01:19:43,247  INFO [main] parse.CalcitePlanner: Ending caching scope for: 
2024-04-24T01:19:43,247  INFO [main] ql.Driver: Semantic Analysis Completed (retrial = false)
2024-04-24T01:19:43,247  INFO [main] ql.Driver: Created Hive schema: Schema(fieldSchemas:[FieldSchema(name:_col0, type:int, comment:null), FieldSchema(name:_col1, type:int, comment:null)], properties:null)
2024-04-24T01:19:43,247  INFO [main] metadata.Hive: Dumping metastore api call timing information for : compilation phase
2024-04-24T01:19:43,247  INFO [main] metadata.Hive: Total time spent in each metastore function (ms): {isCompatibleWith_(Configuration)=0, openTxn_(String, TxnType)=2, flushCache_()=0, getValidTxns_(long)=0, getTable_(GetTableRequest)=59, getAllTableConstraints_(AllTableConstraintsRequest)=28, getValidWriteIds_(List, String)=4, commitTxn_(CommitTxnRequest)=9, getCheckConstraints_(CheckConstraintsRequest)=0, getNotNullConstraints_(NotNullConstraintsRequest)=2}
2024-04-24T01:19:43,248  INFO [main] ql.Driver: Completed compiling command(queryId=alex_20240424011943_8f47a8ef-2b85-4664-a47a-3efff07e5543); Time taken: 0.205 seconds
2024-04-24T01:19:43,248  INFO [main] lockmgr.DbTxnManager: Setting lock request transaction to txnid:15 for queryId=alex_20240424011943_8f47a8ef-2b85-4664-a47a-3efff07e5543
2024-04-24T01:19:43,248  INFO [main] lockmgr.DbLockManager: Requesting lock for queryId=alex_20240424011943_8f47a8ef-2b85-4664-a47a-3efff07e5543
2024-04-24T01:19:43,267  INFO [main] lockmgr.DbLockManager: Response to queryId=alex_20240424011943_8f47a8ef-2b85-4664-a47a-3efff07e5543 LockResponse(lockid:9, state:ACQUIRED)
2024-04-24T01:19:43,267  INFO [main] ql.Driver: Operation QUERY obtained 1 locks
2024-04-24T01:19:43,267  INFO [main] ql.Driver: Executing command(queryId=alex_20240424011943_8f47a8ef-2b85-4664-a47a-3efff07e5543): insert into T(a, b)  values(1,2),(2,4),(5,6),(6,8),(9,10)
2024-04-24T01:19:43,269  WARN [main] ql.Driver: Hive-on-MR is deprecated in Hive 2 and may not be available in the future versions. Consider using a different execution engine (i.e. spark, tez) or using Hive 1.X releases.
Query ID = alex_20240424011943_8f47a8ef-2b85-4664-a47a-3efff07e5543
2024-04-24T01:19:43,269  INFO [main] ql.Driver: Query ID = alex_20240424011943_8f47a8ef-2b85-4664-a47a-3efff07e5543
Total jobs = 1
2024-04-24T01:19:43,269  INFO [main] ql.Driver: Total jobs = 1
Launching Job 1 out of 1
2024-04-24T01:19:43,269  INFO [main] ql.Driver: Launching Job 1 out of 1
2024-04-24T01:19:43,474  INFO [main] ql.Driver: Starting task [Stage-1:MAPRED] in serial mode
Number of reduce tasks is set to 0 since there's no reduce operator
2024-04-24T01:19:43,475  INFO [main] exec.Task: Number of reduce tasks is set to 0 since there's no reduce operator
2024-04-24T01:19:43,477  INFO [main] mr.ExecDriver: Using org.apache.hadoop.hive.ql.io.HiveInputFormat
2024-04-24T01:19:43,477  INFO [main] exec.Utilities: Processing alias $hdt$_0:_dummy_table
2024-04-24T01:19:43,477  INFO [main] exec.Utilities: Adding 1 inputs; the first input is file:/home/alex/Repositories/hive/ql/target/tmp/localscratchdir/f3b94205-d5f4-414f-8908-21b0f24cd7cb/hive_2024-04-24_01-19-43_042_2359448103232395545-1/dummy_path
2024-04-24T01:19:43,487  INFO [main] exec.SerializationUtilities: Serializing MapWork using kryo
2024-04-24T01:19:43,488  INFO [main] exec.Utilities: Serialized plan (via FILE) - name: null size: 6,13KB
2024-04-24T01:19:43,489  WARN [main] impl.MetricsSystemImpl: JobTracker metrics system already initialized!
2024-04-24T01:19:43,493  INFO [main] fs.FSStatsPublisher: created : file:/home/alex/Repositories/hive/ql/target/tmp/localscratchdir/f3b94205-d5f4-414f-8908-21b0f24cd7cb/hive_2024-04-24_01-19-43_042_2359448103232395545-1/-mr-10001
2024-04-24T01:19:43,497  WARN [main] impl.MetricsSystemImpl: JobTracker metrics system already initialized!
2024-04-24T01:19:43,505  WARN [main] mapreduce.JobResourceUploader: Hadoop command-line option parsing not performed. Implement the Tool interface and execute your application with ToolRunner to remedy this.
2024-04-24T01:19:43,509  WARN [main] mapreduce.JobResourceUploader: No job jar file set.  User classes may not be found. See Job or Job#setJar(String).
2024-04-24T01:19:43,510  INFO [main] io.HiveInputFormat: hive.io.file.readcolumn.ids = 
2024-04-24T01:19:43,510  INFO [main] io.HiveInputFormat: hive.io.file.readcolumn.names = 
2024-04-24T01:19:43,510  INFO [main] io.HiveInputFormat: Generating splits for dirs: file:/home/alex/Repositories/hive/ql/target/tmp/localscratchdir/f3b94205-d5f4-414f-8908-21b0f24cd7cb/hive_2024-04-24_01-19-43_042_2359448103232395545-1/dummy_path
2024-04-24T01:19:43,511  INFO [main] io.HiveInputFormat: number of splits 1
2024-04-24T01:19:43,529  INFO [main] mapreduce.JobSubmitter: number of splits:1
2024-04-24T01:19:43,558  INFO [main] mapreduce.JobSubmitter: Submitting tokens for job: job_local147952770_0067
2024-04-24T01:19:43,558  INFO [main] mapreduce.JobSubmitter: Executing with tokens: []
2024-04-24T01:19:43,632  INFO [main] mapreduce.Job: The url to track the job: http://localhost:8080/
Job running in-process (local Hadoop)
2024-04-24T01:19:43,632  INFO [main] exec.Task: Job running in-process (local Hadoop)
2024-04-24T01:19:43,633  INFO [Thread-4408] mapred.LocalJobRunner: OutputCommitter set in config org.apache.hadoop.hive.ql.io.HiveFileFormatUtils$NullOutputCommitter
2024-04-24T01:19:43,633  INFO [Thread-4408] mapred.LocalJobRunner: OutputCommitter is org.apache.hadoop.hive.ql.io.HiveFileFormatUtils$NullOutputCommitter
2024-04-24T01:19:43,635  INFO [Thread-4408] mapred.LocalJobRunner: Waiting for map tasks
2024-04-24T01:19:43,635  INFO [LocalJobRunner Map Task Executor #0] mapred.LocalJobRunner: Starting task: attempt_local147952770_0067_m_000000_0
2024-04-24T01:19:43,638  INFO [LocalJobRunner Map Task Executor #0] mapred.Task:  Using ResourceCalculatorProcessTree : [ ]
2024-04-24T01:19:43,639  INFO [LocalJobRunner Map Task Executor #0] mapred.MapTask: Processing split: org.apache.hadoop.hive.ql.io.NullRowsInputFormat:file:/home/alex/Repositories/hive/ql/target/tmp/localscratchdir/f3b94205-d5f4-414f-8908-21b0f24cd7cb/hive_2024-04-24_01-19-43_042_2359448103232395545-1/dummy_path/null:0+1
2024-04-24T01:19:43,641  INFO [LocalJobRunner Map Task Executor #0] exec.SerializationUtilities: Deserializing MapWork using kryo
2024-04-24T01:19:43,642  INFO [LocalJobRunner Map Task Executor #0] exec.Utilities: Deserialized plan (via FILE) - name: null size: 6,13KB
2024-04-24T01:19:43,643  INFO [LocalJobRunner Map Task Executor #0] mapred.MapTask: numReduceTasks: 0
2024-04-24T01:19:43,645  INFO [LocalJobRunner Map Task Executor #0] exec.MapOperator: Initializing Operator: MAP[0]
2024-04-24T01:19:43,645  INFO [LocalJobRunner Map Task Executor #0] mr.ExecMapper: 
<MAP>Id =0
  <Children>null
  <\Children>
  <Parent><\Parent>
<\MAP>
2024-04-24T01:19:43,646  INFO [LocalJobRunner Map Task Executor #0] exec.TableScanOperator: Initializing Operator: TS[0]
2024-04-24T01:19:43,646  INFO [LocalJobRunner Map Task Executor #0] exec.SelectOperator: Initializing Operator: SEL[1]
2024-04-24T01:19:43,646  INFO [LocalJobRunner Map Task Executor #0] exec.SelectOperator: SELECT null
2024-04-24T01:19:43,646  INFO [LocalJobRunner Map Task Executor #0] exec.UDTFOperator: Initializing Operator: UDTF[2]
2024-04-24T01:19:43,646  INFO [LocalJobRunner Map Task Executor #0] exec.SelectOperator: Initializing Operator: SEL[3]
2024-04-24T01:19:43,647  INFO [LocalJobRunner Map Task Executor #0] exec.SelectOperator: SELECT struct<col1:int,col2:int>
2024-04-24T01:19:43,647  INFO [LocalJobRunner Map Task Executor #0] exec.FileSinkOperator: Initializing Operator: FS[4]
2024-04-24T01:19:43,647  INFO [LocalJobRunner Map Task Executor #0] exec.FileSinkOperator: Using serializer : AbstractSerDe [log=org.apache.logging.slf4j.Log4jLogger@48b320a7, configuration=Optional[Configuration: core-default.xml, core-site.xml, mapred-default.xml, mapred-site.xml, yarn-default.xml, yarn-site.xml, hdfs-default.xml, hdfs-site.xml, file:/home/alex/Repositories/hive/ql/target/tmp/TestTxnNoBuckets/mapred/local/localRunner/alex/job_local147952770_0067/job_local147952770_0067.xml], properties={name=default.t, columns.types=int:int, serialization.format=1, columns=a,b, numFilesErasureCoded=0, columns.comments=&amp#0;, bucketing_version=2, serialization.lib=org.apache.hadoop.hive.ql.io.orc.OrcSerde, file.inputformat=org.apache.hadoop.hive.ql.io.orc.OrcInputFormat, file.outputformat=org.apache.hadoop.hive.ql.io.orc.OrcOutputFormat, location=file:/home/alex/Repositories/hive/ql/target/tmp/org.apache.hadoop.hive.ql.TestTxnNoBuckets-1713946626176/warehouse/t, column.name.delimiter=,}, tableProperties={name=default.t, columns.types=int:int, serialization.format=1, columns=a,b, numFilesErasureCoded=0, columns.comments=&amp#0;, bucketing_version=2, serialization.lib=org.apache.hadoop.hive.ql.io.orc.OrcSerde, file.inputformat=org.apache.hadoop.hive.ql.io.orc.OrcInputFormat, location=file:/home/alex/Repositories/hive/ql/target/tmp/org.apache.hadoop.hive.ql.TestTxnNoBuckets-1713946626176/warehouse/t, file.outputformat=org.apache.hadoop.hive.ql.io.orc.OrcOutputFormat, column.name.delimiter=,}, partitionProperties=Optional.empty, columnNames=[a, b], columnTypes=[int, int], getClass()=class org.apache.hadoop.hive.ql.io.orc.OrcSerde] and formatter : org.apache.hadoop.hive.ql.io.orc.OrcOutputFormat@fc14666
2024-04-24T01:19:43,647  INFO [LocalJobRunner Map Task Executor #0] exec.FileSinkOperator: Final Path: FS file:/home/alex/Repositories/hive/ql/target/tmp/org.apache.hadoop.hive.ql.TestTxnNoBuckets-1713946626176/warehouse/t/.hive-staging_hive_2024-04-24_01-19-43_042_2359448103232395545-1/_tmp.-ext-10002/000000_0
2024-04-24T01:19:43,647  INFO [LocalJobRunner Map Task Executor #0] exec.FileSinkOperator: Writing to temp file: FS file:/home/alex/Repositories/hive/ql/target/tmp/org.apache.hadoop.hive.ql.TestTxnNoBuckets-1713946626176/warehouse/t/.hive-staging_hive_2024-04-24_01-19-43_042_2359448103232395545-1/_task_tmp.-ext-10002/_tmp.000000_0
2024-04-24T01:19:43,647  INFO [LocalJobRunner Map Task Executor #0] exec.FileSinkOperator: New Final Path: FS file:/home/alex/Repositories/hive/ql/target/tmp/org.apache.hadoop.hive.ql.TestTxnNoBuckets-1713946626176/warehouse/t/.hive-staging_hive_2024-04-24_01-19-43_042_2359448103232395545-1/_tmp.-ext-10002/000000_0
2024-04-24T01:19:43,649  INFO [LocalJobRunner Map Task Executor #0] exec.FileSinkOperator: FS[4]: records written - 1
2024-04-24T01:19:43,649  INFO [LocalJobRunner Map Task Executor #0] impl.PhysicalFsWriter: ORC writer created for path: file:/home/alex/Repositories/hive/ql/target/tmp/org.apache.hadoop.hive.ql.TestTxnNoBuckets-1713946626176/warehouse/t/.hive-staging_hive_2024-04-24_01-19-43_042_2359448103232395545-1/_task_tmp.-ext-10002/_tmp.000000_0 with stripeSize: 67108864 blockSize: 268435456 compression: Compress: ZLIB buffer: 262144
2024-04-24T01:19:43,656  INFO [LocalJobRunner Map Task Executor #0] impl.WriterImpl: ORC writer created for path: file:/home/alex/Repositories/hive/ql/target/tmp/org.apache.hadoop.hive.ql.TestTxnNoBuckets-1713946626176/warehouse/t/.hive-staging_hive_2024-04-24_01-19-43_042_2359448103232395545-1/_task_tmp.-ext-10002/_tmp.000000_0 with stripeSize: 67108864 options: Compress: ZLIB buffer: 262144
2024-04-24T01:19:43,656  INFO [LocalJobRunner Map Task Executor #0] exec.MapOperator: MAP[0]: records read - 1
2024-04-24T01:19:43,657  INFO [LocalJobRunner Map Task Executor #0] exec.MapOperator: Closing Operator: MAP[0]
2024-04-24T01:19:43,657  INFO [LocalJobRunner Map Task Executor #0] exec.MapOperator: MAP[0]: Total records read - 3. abort - false
2024-04-24T01:19:43,657  INFO [LocalJobRunner Map Task Executor #0] exec.MapOperator: RECORDS_OUT_OPERATOR_MAP_0:0, RECORDS_OUT_INTERMEDIATE:0, DESERIALIZE_ERRORS:0, RECORDS_IN:3, 
2024-04-24T01:19:43,657  INFO [LocalJobRunner Map Task Executor #0] exec.TableScanOperator: Closing Operator: TS[0]
2024-04-24T01:19:43,657  INFO [LocalJobRunner Map Task Executor #0] exec.TableScanOperator: RECORDS_OUT_INTERMEDIATE:0, RECORDS_OUT_OPERATOR_TS_0:1, 
2024-04-24T01:19:43,657  INFO [LocalJobRunner Map Task Executor #0] exec.SelectOperator: Closing Operator: SEL[1]
2024-04-24T01:19:43,657  INFO [LocalJobRunner Map Task Executor #0] exec.SelectOperator: RECORDS_OUT_INTERMEDIATE:0, RECORDS_OUT_OPERATOR_SEL_1:1, 
2024-04-24T01:19:43,657  INFO [LocalJobRunner Map Task Executor #0] exec.UDTFOperator: Closing Operator: UDTF[2]
2024-04-24T01:19:43,657  INFO [LocalJobRunner Map Task Executor #0] exec.UDTFOperator: RECORDS_OUT_OPERATOR_UDTF_2:5, RECORDS_OUT_INTERMEDIATE:0, 
2024-04-24T01:19:43,657  INFO [LocalJobRunner Map Task Executor #0] exec.SelectOperator: Closing Operator: SEL[3]
2024-04-24T01:19:43,657  INFO [LocalJobRunner Map Task Executor #0] exec.SelectOperator: RECORDS_OUT_INTERMEDIATE:0, RECORDS_OUT_OPERATOR_SEL_3:5, 
2024-04-24T01:19:43,657  INFO [LocalJobRunner Map Task Executor #0] exec.FileSinkOperator: Closing Operator: FS[4]
2024-04-24T01:19:43,657  INFO [LocalJobRunner Map Task Executor #0] exec.FileSinkOperator: FS[4]: records written - 5
2024-04-24T01:19:43,664  INFO [LocalJobRunner Map Task Executor #0] exec.FileSinkOperator: TOTAL_TABLE_ROWS_WRITTEN:5, RECORDS_OUT_OPERATOR_FS_4:5, RECORDS_OUT_INTERMEDIATE:0, RECORDS_OUT_1_default.t:5, 
2024-04-24T01:19:43,664  INFO [LocalJobRunner Map Task Executor #0] mapred.LocalJobRunner: 
2024-04-24T01:19:43,666  INFO [LocalJobRunner Map Task Executor #0] mapred.Task: Task:attempt_local147952770_0067_m_000000_0 is done. And is in the process of committing
2024-04-24T01:19:43,667  INFO [LocalJobRunner Map Task Executor #0] mapred.LocalJobRunner: map
2024-04-24T01:19:43,667  INFO [LocalJobRunner Map Task Executor #0] mapred.Task: Task 'attempt_local147952770_0067_m_000000_0' done.
2024-04-24T01:19:43,667  INFO [LocalJobRunner Map Task Executor #0] mapred.Task: Final Counters for attempt_local147952770_0067_m_000000_0: Counters: 27
	File System Counters
		FILE: Number of bytes read=1538372
		FILE: Number of bytes written=78982330
		FILE: Number of read operations=0
		FILE: Number of large read operations=0
		FILE: Number of write operations=0
	Map-Reduce Framework
		Map input records=4
		Map output records=0
		Input split bytes=361
		Spilled Records=0
		Failed Shuffles=0
		Merged Map outputs=0
		GC time elapsed (ms)=0
		Total committed heap usage (bytes)=1356333056
	HIVE
		CREATED_FILES=1
		DESERIALIZE_ERRORS=0
		RECORDS_IN=3
		RECORDS_OUT_1_default.t=5
		RECORDS_OUT_INTERMEDIATE=0
		RECORDS_OUT_OPERATOR_FS_4=5
		RECORDS_OUT_OPERATOR_MAP_0=0
		RECORDS_OUT_OPERATOR_SEL_1=1
		RECORDS_OUT_OPERATOR_SEL_3=5
		RECORDS_OUT_OPERATOR_TS_0=1
		RECORDS_OUT_OPERATOR_UDTF_2=5
		TOTAL_TABLE_ROWS_WRITTEN=5
	File Input Format Counters 
		Bytes Read=6187
	File Output Format Counters 
		Bytes Written=0
2024-04-24T01:19:43,667  INFO [LocalJobRunner Map Task Executor #0] mapred.LocalJobRunner: Finishing task: attempt_local147952770_0067_m_000000_0
2024-04-24T01:19:43,667  INFO [Thread-4408] mapred.LocalJobRunner: map task executor complete.
2024-04-24 01:19:44,633 Stage-1 map = 100%,  reduce = 0%
2024-04-24T01:19:44,633  INFO [main] exec.Task: 2024-04-24 01:19:44,633 Stage-1 map = 100%,  reduce = 0%
Ended Job = job_local147952770_0067
2024-04-24T01:19:44,633  INFO [main] exec.Task: Ended Job = job_local147952770_0067
2024-04-24T01:19:44,635  INFO [main] ql.Driver: Starting task [Stage-7:CONDITIONAL] in serial mode
Stage-4 is selected by condition resolver.
2024-04-24T01:19:44,635  INFO [main] exec.Task: Stage-4 is selected by condition resolver.
Stage-3 is filtered out by condition resolver.
2024-04-24T01:19:44,635  INFO [main] exec.Task: Stage-3 is filtered out by condition resolver.
Stage-5 is filtered out by condition resolver.
2024-04-24T01:19:44,636  INFO [main] exec.Task: Stage-5 is filtered out by condition resolver.
2024-04-24T01:19:44,636  INFO [main] ql.Driver: Starting task [Stage-4:MOVE] in serial mode
Moving data to directory file:/home/alex/Repositories/hive/ql/target/tmp/org.apache.hadoop.hive.ql.TestTxnNoBuckets-1713946626176/warehouse/t/.hive-staging_hive_2024-04-24_01-19-43_042_2359448103232395545-1/-ext-10000
2024-04-24T01:19:44,636  INFO [main] exec.Task: Moving data to directory file:/home/alex/Repositories/hive/ql/target/tmp/org.apache.hadoop.hive.ql.TestTxnNoBuckets-1713946626176/warehouse/t/.hive-staging_hive_2024-04-24_01-19-43_042_2359448103232395545-1/-ext-10000 from file:/home/alex/Repositories/hive/ql/target/tmp/org.apache.hadoop.hive.ql.TestTxnNoBuckets-1713946626176/warehouse/t/.hive-staging_hive_2024-04-24_01-19-43_042_2359448103232395545-1/-ext-10002
2024-04-24T01:19:44,636  INFO [main] ql.Driver: Starting task [Stage-0:MOVE] in serial mode
Loading data to table default.t
2024-04-24T01:19:44,636  INFO [main] exec.Task: Loading data to table default.t from file:/home/alex/Repositories/hive/ql/target/tmp/org.apache.hadoop.hive.ql.TestTxnNoBuckets-1713946626176/warehouse/t/.hive-staging_hive_2024-04-24_01-19-43_042_2359448103232395545-1/-ext-10000
2024-04-24T01:19:44,636  INFO [main] HiveMetaStore.audit: ugi=alex	ip=unknown-ip-addr	cmd=get_table : tbl=hive.default.t	
2024-04-24T01:19:44,648  INFO [main] metastore.HMSHandler: Skipping translation for processor with null
2024-04-24T01:19:44,648  INFO [main] HiveMetaStore.audit: ugi=alex	ip=unknown-ip-addr	cmd=get_table : tbl=hive.default.t	
2024-04-24T01:19:44,660  INFO [main] metastore.HMSHandler: Skipping translation for processor with null
2024-04-24T01:19:44,661  WARN [main] metadata.Hive: Cannot get a table snapshot for t
2024-04-24T01:19:44,661  INFO [main] HiveMetaStore.audit: ugi=alex	ip=unknown-ip-addr	cmd=alter_table: hive.default.t newtbl=t	
2024-04-24T01:19:44,688  INFO [main] ql.Driver: Starting task [Stage-2:STATS] in serial mode
2024-04-24T01:19:44,688  INFO [main] HiveMetaStore.audit: ugi=alex	ip=unknown-ip-addr	cmd=get_table : tbl=hive.default.t	
2024-04-24T01:19:44,696  INFO [main] metastore.HMSHandler: Skipping translation for processor with null
2024-04-24T01:19:44,696  INFO [main] stats.BasicStatsTask: Executing stats task
2024-04-24T01:19:44,696  INFO [main] fs.FSStatsPublisher: created : file:/home/alex/Repositories/hive/ql/target/tmp/localscratchdir/f3b94205-d5f4-414f-8908-21b0f24cd7cb/hive_2024-04-24_01-19-43_042_2359448103232395545-1/-mr-10001
2024-04-24T01:19:44,697  INFO [main] HiveMetaStore.audit: ugi=alex	ip=unknown-ip-addr	cmd=get_table : tbl=hive.default.t	
2024-04-24T01:19:44,706  INFO [main] metastore.HMSHandler: Skipping translation for processor with null
2024-04-24T01:19:44,707  INFO [main] FileOperations: Read stats for default.t/, numRows, true, 5, false: 
2024-04-24T01:19:44,707  INFO [main] FileOperations: Read stats for default.t/, rawDataSize, true, 40, false: 
2024-04-24T01:19:44,707  WARN [main] metadata.Hive: Cannot get a table snapshot for t
2024-04-24T01:19:44,707  INFO [main] HiveMetaStore.audit: ugi=alex	ip=unknown-ip-addr	cmd=alter_table: hive.default.t newtbl=t	
2024-04-24T01:19:44,733  INFO [main] stats.BasicStatsTask: Table default.t stats: [numFiles=1, numRows=5, totalSize=259, rawDataSize=40, numFilesErasureCoded=0]
2024-04-24T01:19:44,733  INFO [main] metadata.Hive: Dumping metastore api call timing information for : execution phase
2024-04-24T01:19:44,733  INFO [main] metadata.Hive: Total time spent in each metastore function (ms): {alter_table_(String, String, String, Table, EnvironmentContext, String)=53, isCompatibleWith_(Configuration)=0, getTable_(GetTableRequest)=41}
MapReduce Jobs Launched: 
2024-04-24T01:19:44,734  INFO [main] ql.Driver: MapReduce Jobs Launched: 
Stage-Stage-1:  HDFS Read: 0 HDFS Write: 0 SUCCESS
2024-04-24T01:19:44,734  INFO [main] ql.Driver: Stage-Stage-1:  HDFS Read: 0 HDFS Write: 0 SUCCESS
Total MapReduce CPU Time Spent: 0 msec
2024-04-24T01:19:44,734  INFO [main] ql.Driver: Total MapReduce CPU Time Spent: 0 msec
2024-04-24T01:19:44,734  INFO [main] ql.Driver: Completed executing command(queryId=alex_20240424011943_8f47a8ef-2b85-4664-a47a-3efff07e5543); Time taken: 1.466 seconds
2024-04-24T01:19:44,734  INFO [main] lockmgr.DbTxnManager: Stopped heartbeat for query: alex_20240424011943_8f47a8ef-2b85-4664-a47a-3efff07e5543
2024-04-24T01:19:44,738  INFO [main] txn.TxnHandler: Expected to move at least one record from txn_components to completed_txn_components when committing txn! txnid:15
2024-04-24T01:19:44,744  INFO [main] txn.TxnHandler: Removed transactions: ([15]) from MIN_HISTORY_LEVEL
2024-04-24T01:19:44,745  WARN [main] txn.CompactionTxnHandler: No compaction queue record found for Compaction type transaction commit. txnId:15
2024-04-24T01:19:44,746  INFO [main] ql.TxnCommandsBaseForTests: Running the query: alter table T SET TBLPROPERTIES ('transactional'='true')
2024-04-24T01:19:44,746  INFO [main] ql.Context: Deleting scratch dir: file:/home/alex/Repositories/hive/ql/target/tmp/org.apache.hadoop.hive.ql.TestTxnNoBuckets-1713946626176/warehouse/t/.hive-staging_hive_2024-04-24_01-19-43_042_2359448103232395545-1
2024-04-24T01:19:44,746  INFO [main] cleanup.SyncCleanupService: Deleted directory: file:/home/alex/Repositories/hive/ql/target/tmp/org.apache.hadoop.hive.ql.TestTxnNoBuckets-1713946626176/warehouse/t/.hive-staging_hive_2024-04-24_01-19-43_042_2359448103232395545-1 on fs with scheme file
2024-04-24T01:19:44,746  INFO [main] ql.Context: Deleting scratch dir: file:/home/alex/Repositories/hive/ql/target/tmp/localscratchdir/f3b94205-d5f4-414f-8908-21b0f24cd7cb/hive_2024-04-24_01-19-43_042_2359448103232395545-1
2024-04-24T01:19:44,747  INFO [main] cleanup.SyncCleanupService: Deleted directory: file:/home/alex/Repositories/hive/ql/target/tmp/localscratchdir/f3b94205-d5f4-414f-8908-21b0f24cd7cb/hive_2024-04-24_01-19-43_042_2359448103232395545-1 on fs with scheme file
2024-04-24T01:19:44,747  INFO [main] ql.Driver: Compiling command(queryId=alex_20240424011944_7d0a5b80-762d-4774-9b35-9029e3d59a06): alter table T SET TBLPROPERTIES ('transactional'='true')
2024-04-24T01:19:44,750  INFO [main] txn.TxnHandler: Added entries to MIN_HISTORY_LEVEL for current txns: ([16]) with min_open_txn: 16
2024-04-24T01:19:44,750  INFO [main] lockmgr.DbTxnManager: Opened txnid:16
2024-04-24T01:19:44,751  INFO [main] HiveMetaStore.audit: ugi=alex	ip=unknown-ip-addr	cmd=get_table : tbl=hive.default.T	
2024-04-24T01:19:44,760  INFO [main] metastore.HMSHandler: Skipping translation for processor with null
2024-04-24T01:19:44,760  INFO [main] HiveMetaStore.audit: ugi=alex	ip=unknown-ip-addr	cmd=get_table : tbl=hive.default.T	
2024-04-24T01:19:44,772  INFO [main] metastore.HMSHandler: Skipping translation for processor with null
2024-04-24T01:19:44,772  INFO [main] ql.Driver: Semantic Analysis Completed (retrial = false)
2024-04-24T01:19:44,772  INFO [main] ql.Driver: Created Hive schema: Schema(fieldSchemas:null, properties:null)
2024-04-24T01:19:44,772  INFO [main] metadata.Hive: Dumping metastore api call timing information for : compilation phase
2024-04-24T01:19:44,772  INFO [main] metadata.Hive: Total time spent in each metastore function (ms): {getValidTxns_(long)=0, isCompatibleWith_(Configuration)=0, flushCache_()=0, getTable_(GetTableRequest)=21, commitTxn_(CommitTxnRequest)=11, openTxn_(String, TxnType)=3}
2024-04-24T01:19:44,772  INFO [main] ql.Driver: Completed compiling command(queryId=alex_20240424011944_7d0a5b80-762d-4774-9b35-9029e3d59a06); Time taken: 0.025 seconds
2024-04-24T01:19:44,773  INFO [main] lockmgr.DbTxnManager: Setting lock request transaction to txnid:16 for queryId=alex_20240424011944_7d0a5b80-762d-4774-9b35-9029e3d59a06
2024-04-24T01:19:44,773  INFO [main] lockmgr.DbLockManager: Requesting lock for queryId=alex_20240424011944_7d0a5b80-762d-4774-9b35-9029e3d59a06
2024-04-24T01:19:44,793  INFO [main] lockmgr.DbLockManager: Response to queryId=alex_20240424011944_7d0a5b80-762d-4774-9b35-9029e3d59a06 LockResponse(lockid:10, state:ACQUIRED)
2024-04-24T01:19:44,793  INFO [main] ql.Driver: Operation ALTERTABLE_PROPERTIES obtained 1 locks
2024-04-24T01:19:44,793  INFO [main] ql.Driver: Executing command(queryId=alex_20240424011944_7d0a5b80-762d-4774-9b35-9029e3d59a06): alter table T SET TBLPROPERTIES ('transactional'='true')
2024-04-24T01:19:44,793  INFO [main] ql.Driver: Starting task [Stage-0:DDL] in serial mode
2024-04-24T01:19:44,793  INFO [main] HiveMetaStore.audit: ugi=alex	ip=unknown-ip-addr	cmd=get_table : tbl=hive.default.T	
2024-04-24T01:19:44,803  INFO [main] metastore.HMSHandler: Skipping translation for processor with null
2024-04-24T01:19:44,806  INFO [main] HiveMetaStore.audit: ugi=alex	ip=unknown-ip-addr	cmd=alter_table: hive.default.T newtbl=t	
2024-04-24T01:19:44,845  INFO [main] metadata.Hive: Dumping metastore api call timing information for : execution phase
2024-04-24T01:19:44,845  INFO [main] metadata.Hive: Total time spent in each metastore function (ms): {alter_table_(String, String, String, Table, EnvironmentContext, String)=38, isCompatibleWith_(Configuration)=0, getTable_(GetTableRequest)=11, getValidWriteIds_(List, String)=2}
2024-04-24T01:19:44,845  INFO [main] ql.Driver: Completed executing command(queryId=alex_20240424011944_7d0a5b80-762d-4774-9b35-9029e3d59a06); Time taken: 0.052 seconds
2024-04-24T01:19:44,845  INFO [main] lockmgr.DbTxnManager: Stopped heartbeat for query: alex_20240424011944_7d0a5b80-762d-4774-9b35-9029e3d59a06
2024-04-24T01:19:44,849  INFO [main] txn.TxnHandler: Expected to move at least one record from txn_components to completed_txn_components when committing txn! txnid:16
2024-04-24T01:19:44,855  INFO [main] txn.TxnHandler: Removed transactions: ([16]) from MIN_HISTORY_LEVEL
2024-04-24T01:19:44,855  WARN [main] txn.CompactionTxnHandler: No compaction queue record found for Compaction type transaction commit. txnId:16
2024-04-24T01:19:44,856  INFO [main] ql.TxnCommandsBaseForTests: Running the query: select a from T where b > 6 order by a
2024-04-24T01:19:44,856  INFO [main] ql.Driver: Compiling command(queryId=alex_20240424011944_274b4eff-4982-4173-961b-ef802d854b91): select a from T where b > 6 order by a
2024-04-24T01:19:44,858  INFO [main] txn.TxnHandler: Added entries to MIN_HISTORY_LEVEL for current txns: ([17]) with min_open_txn: 16
2024-04-24T01:19:44,858  INFO [main] lockmgr.DbTxnManager: Opened txnid:17
2024-04-24T01:19:44,859  INFO [main] parse.CalcitePlanner: Starting caching scope for: 
2024-04-24T01:19:44,859  INFO [main] parse.CalcitePlanner: Starting Semantic Analysis
2024-04-24T01:19:44,861  INFO [main] parse.CalcitePlanner: Completed phase 1 of Semantic Analysis
2024-04-24T01:19:44,861  INFO [main] parse.CalcitePlanner: Get metadata for source tables
2024-04-24T01:19:44,864  INFO [main] HiveMetaStore.audit: ugi=alex	ip=unknown-ip-addr	cmd=get_table : tbl=hive.default.t	
2024-04-24T01:19:44,870  INFO [main] metastore.HMSHandler: Skipping translation for processor with null
2024-04-24T01:19:44,871  INFO [main] parse.CalcitePlanner: Get metadata for subqueries
2024-04-24T01:19:44,871  INFO [main] parse.CalcitePlanner: Get metadata for destination tables
2024-04-24T01:19:44,871  INFO [main] parse.CalcitePlanner: Completed getting MetaData in Semantic Analysis
2024-04-24T01:19:44,882  INFO [main] HiveMetaStore.audit: ugi=alex	ip=unknown-ip-addr	cmd=get_all_table_constraints : tbl=hive.default.t	
2024-04-24T01:19:44,923  INFO [main] calcite.RelOptHiveTable: Calculating column statistics for default.t, projIndxSet: [0, 1], allowMissingStats: true
2024-04-24T01:19:44,923  INFO [main] HiveMetaStore.audit: ugi=alex	ip=unknown-ip-addr	cmd=get_table_statistics_req: table=hive.default.t	
2024-04-24T01:19:44,934  WARN [main] calcite.RelOptHiveTable: No Stats for default@t, Columns: a, b
No Stats for default@t, Columns: a, b
2024-04-24T01:19:44,934  INFO [main] SessionState: No Stats for default@t, Columns: a, b
2024-04-24T01:19:44,993  INFO [main] parse.CalcitePlanner: Get metadata for source tables
2024-04-24T01:19:44,993  INFO [main] parse.CalcitePlanner: Get metadata for subqueries
2024-04-24T01:19:44,993  INFO [main] parse.CalcitePlanner: Get metadata for destination tables
2024-04-24T01:19:44,994  INFO [main] common.FileUtils: Creating directory if it doesn't exist: file:/home/alex/Repositories/hive/ql/target/tmp/localscratchdir/f3b94205-d5f4-414f-8908-21b0f24cd7cb/hive_2024-04-24_01-19-44_856_280361259557412202-1/-mr-10001/.hive-staging_hive_2024-04-24_01-19-44_856_280361259557412202-1
2024-04-24T01:19:45,001  INFO [main] parse.CalcitePlanner: CBO Succeeded; optimized logical plan.
2024-04-24T01:19:45,004  INFO [main] optimizer.ColumnPrunerProcFactory: RS 3 oldColExprMap: {KEY.reducesinkkey0=Column[_col0]}
2024-04-24T01:19:45,004  INFO [main] optimizer.ColumnPrunerProcFactory: RS 3 newColExprMap: {KEY.reducesinkkey0=Column[_col0]}
2024-04-24T01:19:45,004  INFO [main] optimizer.BucketVersionPopulator: not considering bucketingVersion for: TS[0] because it has -1<2 buckets 
2024-04-24T01:19:45,005  INFO [main] optimizer.SortedDynPartitionOptimizer: Sorted dynamic partitioning optimization kicked in..
2024-04-24T01:19:45,013  INFO [main] physical.Vectorizer: Examining input format to see if vectorization is enabled.
2024-04-24T01:19:45,014  INFO [main] physical.Vectorizer: Vectorization is enabled for input format(s) [org.apache.hadoop.hive.ql.io.orc.OrcInputFormat]
2024-04-24T01:19:45,014  INFO [main] physical.Vectorizer: Validating and vectorizing MapWork... (vectorizedVertexNum 0)
2024-04-24T01:19:45,034  INFO [main] physical.Vectorizer: Map vectorization enabled: true
2024-04-24T01:19:45,034  INFO [main] physical.Vectorizer: Map vectorized: true
2024-04-24T01:19:45,034  INFO [main] physical.Vectorizer: Map vectorizedVertexNum: 0
2024-04-24T01:19:45,035  INFO [main] physical.Vectorizer: Map enabledConditionsMet: [hive.vectorized.use.vectorized.input.format IS true]
2024-04-24T01:19:45,035  INFO [main] physical.Vectorizer: Map inputFileFormatClassNameSet: [org.apache.hadoop.hive.ql.io.orc.OrcInputFormat]
2024-04-24T01:19:45,035  INFO [main] physical.Vectorizer: Reduce vectorization enabled: false
2024-04-24T01:19:45,035  INFO [main] physical.Vectorizer: Reduce vectorized: false
2024-04-24T01:19:45,035  INFO [main] physical.Vectorizer: Reduce vectorizedVertexNum: 1
2024-04-24T01:19:45,035  INFO [main] physical.Vectorizer: Reducer hive.vectorized.execution.reduce.enabled: true
2024-04-24T01:19:45,035  INFO [main] physical.Vectorizer: Reducer engine: mr
2024-04-24T01:19:45,035  INFO [main] parse.CalcitePlanner: Completed plan generation
2024-04-24T01:19:45,035  INFO [main] parse.CalcitePlanner: Ending caching scope for: 
2024-04-24T01:19:45,035  INFO [main] ql.Driver: Semantic Analysis Completed (retrial = false)
2024-04-24T01:19:45,035  INFO [main] ql.Driver: Created Hive schema: Schema(fieldSchemas:[FieldSchema(name:a, type:int, comment:null)], properties:null)
2024-04-24T01:19:45,036  INFO [main] exec.ListSinkOperator: Initializing Operator: LIST_SINK[10]
2024-04-24T01:19:45,037  INFO [main] metadata.Hive: Dumping metastore api call timing information for : compilation phase
2024-04-24T01:19:45,037  INFO [main] metadata.Hive: Total time spent in each metastore function (ms): {commitTxn_(CommitTxnRequest)=10, getTable_(GetTableRequest)=7, flushCache_()=0, isCompatibleWith_(Configuration)=0, getTableColumnStatistics_(String, String, List, String)=10, getAllTableConstraints_(AllTableConstraintsRequest)=5, openTxn_(String, TxnType)=2, getValidWriteIds_(List, String)=5, getValidTxns_(long)=0}
2024-04-24T01:19:45,037  INFO [main] ql.Driver: Completed compiling command(queryId=alex_20240424011944_274b4eff-4982-4173-961b-ef802d854b91); Time taken: 0.18 seconds
2024-04-24T01:19:45,037  INFO [main] lockmgr.DbTxnManager: Setting lock request transaction to txnid:17 for queryId=alex_20240424011944_274b4eff-4982-4173-961b-ef802d854b91
2024-04-24T01:19:45,037  INFO [main] lockmgr.DbLockManager: Requesting lock for queryId=alex_20240424011944_274b4eff-4982-4173-961b-ef802d854b91
2024-04-24T01:19:45,052  INFO [main] lockmgr.DbLockManager: Response to queryId=alex_20240424011944_274b4eff-4982-4173-961b-ef802d854b91 LockResponse(lockid:11, state:ACQUIRED)
2024-04-24T01:19:45,052  INFO [main] ql.Driver: Operation QUERY obtained 1 locks
2024-04-24T01:19:45,053  INFO [main] ql.Driver: Executing command(queryId=alex_20240424011944_274b4eff-4982-4173-961b-ef802d854b91): select a from T where b > 6 order by a
2024-04-24T01:19:45,053  WARN [main] ql.Driver: Hive-on-MR is deprecated in Hive 2 and may not be available in the future versions. Consider using a different execution engine (i.e. tez, spark) or using Hive 1.X releases.
Query ID = alex_20240424011944_274b4eff-4982-4173-961b-ef802d854b91
2024-04-24T01:19:45,053  INFO [main] ql.Driver: Query ID = alex_20240424011944_274b4eff-4982-4173-961b-ef802d854b91
Total jobs = 1
2024-04-24T01:19:45,053  INFO [main] ql.Driver: Total jobs = 1
Launching Job 1 out of 1
2024-04-24T01:19:45,053  INFO [main] ql.Driver: Launching Job 1 out of 1
2024-04-24T01:19:45,187  INFO [main] ql.Driver: Starting task [Stage-1:MAPRED] in serial mode
Number of reduce tasks determined at compile time: 1
2024-04-24T01:19:45,187  INFO [main] exec.Task: Number of reduce tasks determined at compile time: 1
In order to change the average load for a reducer (in bytes):
2024-04-24T01:19:45,187  INFO [main] exec.Task: In order to change the average load for a reducer (in bytes):
  set hive.exec.reducers.bytes.per.reducer=<number>
2024-04-24T01:19:45,187  INFO [main] exec.Task:   set hive.exec.reducers.bytes.per.reducer=<number>
In order to limit the maximum number of reducers:
2024-04-24T01:19:45,187  INFO [main] exec.Task: In order to limit the maximum number of reducers:
  set hive.exec.reducers.max=<number>
2024-04-24T01:19:45,187  INFO [main] exec.Task:   set hive.exec.reducers.max=<number>
In order to set a constant number of reducers:
2024-04-24T01:19:45,187  INFO [main] exec.Task: In order to set a constant number of reducers:
  set mapreduce.job.reduces=<number>
2024-04-24T01:19:45,187  INFO [main] exec.Task:   set mapreduce.job.reduces=<number>
2024-04-24T01:19:45,190  INFO [main] mr.ExecDriver: Using org.apache.hadoop.hive.ql.io.HiveInputFormat
2024-04-24T01:19:45,190  INFO [main] exec.Utilities: Processing alias t
2024-04-24T01:19:45,190  INFO [main] exec.Utilities: Adding 1 inputs; the first input is file:/home/alex/Repositories/hive/ql/target/tmp/org.apache.hadoop.hive.ql.TestTxnNoBuckets-1713946626176/warehouse/t
2024-04-24T01:19:45,200  INFO [main] exec.SerializationUtilities: Serializing MapWork using kryo
2024-04-24T01:19:45,207  INFO [main] exec.Utilities: Serialized plan (via FILE) - name: null size: 6,49KB
2024-04-24T01:19:45,212  INFO [main] exec.SerializationUtilities: Serializing ReduceWork using kryo
2024-04-24T01:19:45,216  INFO [main] exec.Utilities: Serialized plan (via FILE) - name: null size: 7,43KB
2024-04-24T01:19:45,217  WARN [main] impl.MetricsSystemImpl: JobTracker metrics system already initialized!
2024-04-24T01:19:45,225  WARN [main] impl.MetricsSystemImpl: JobTracker metrics system already initialized!
2024-04-24T01:19:45,233  WARN [main] mapreduce.JobResourceUploader: Hadoop command-line option parsing not performed. Implement the Tool interface and execute your application with ToolRunner to remedy this.
2024-04-24T01:19:45,238  WARN [main] mapreduce.JobResourceUploader: No job jar file set.  User classes may not be found. See Job or Job#setJar(String).
2024-04-24T01:19:45,240  INFO [main] io.HiveInputFormat: hive.io.file.readcolumn.ids = 0,1
2024-04-24T01:19:45,240  INFO [main] io.HiveInputFormat: hive.io.file.readcolumn.names = a,b
2024-04-24T01:19:45,240  INFO [main] io.HiveInputFormat: Generating splits for dirs: file:/home/alex/Repositories/hive/ql/target/tmp/org.apache.hadoop.hive.ql.TestTxnNoBuckets-1713946626176/warehouse/t
2024-04-24T01:19:45,241  INFO [main] orc.OrcInputFormat: getSplits started
2024-04-24T01:19:45,241  INFO [main] orc.OrcInputFormat: Context:: isAcid: true isVectorMode: true sarg: (not leaf-(LESS_THAN_EQUALS b 6)) minSplitSize: 1 maxSplitSize: 256000000 splitStrategy: HYBRID footerInSplits: false numBuckets: 0 numThreads: 10 cacheMemSize: 268435456 cacheStripeDetails: true useSoftReference: false writeIdList: default.t:10000000:9223372036854775807:: isTransactionalTable: true txnProperties: default 
2024-04-24T01:19:45,241  INFO [main] orc.OrcInputFormat: ORC pushdown predicate: (not leaf-(LESS_THAN_EQUALS b 6))
2024-04-24T01:19:45,246  INFO [main] orc.OrcInputFormat: FooterCacheHitRatio: 0/1
2024-04-24T01:19:45,246  INFO [main] orc.OrcInputFormat: getSplits finished (#splits: 1). duration: 5 ms
2024-04-24T01:19:45,246  INFO [main] io.HiveInputFormat: number of splits 1
2024-04-24T01:19:45,264  INFO [main] mapreduce.JobSubmitter: number of splits:1
2024-04-24T01:19:45,283  INFO [main] mapreduce.JobSubmitter: Submitting tokens for job: job_local291328267_0068
2024-04-24T01:19:45,283  INFO [main] mapreduce.JobSubmitter: Executing with tokens: []
2024-04-24T01:19:45,358  INFO [main] mapreduce.Job: The url to track the job: http://localhost:8080/
Job running in-process (local Hadoop)
2024-04-24T01:19:45,358  INFO [main] exec.Task: Job running in-process (local Hadoop)
2024-04-24T01:19:45,358  INFO [Thread-4452] mapred.LocalJobRunner: OutputCommitter set in config org.apache.hadoop.hive.ql.io.HiveFileFormatUtils$NullOutputCommitter
2024-04-24T01:19:45,358  INFO [Thread-4452] mapred.LocalJobRunner: OutputCommitter is org.apache.hadoop.hive.ql.io.HiveFileFormatUtils$NullOutputCommitter
2024-04-24T01:19:45,360  INFO [Thread-4452] mapred.LocalJobRunner: Waiting for map tasks
2024-04-24T01:19:45,360  INFO [LocalJobRunner Map Task Executor #0] mapred.LocalJobRunner: Starting task: attempt_local291328267_0068_m_000000_0
2024-04-24T01:19:45,360  INFO [LocalJobRunner Map Task Executor #0] mapred.Task:  Using ResourceCalculatorProcessTree : [ ]
2024-04-24T01:19:45,361  INFO [LocalJobRunner Map Task Executor #0] mapred.MapTask: Processing split: org.apache.hadoop.hive.ql.io.orc.OrcInputFormat:OrcSplit [file:/home/alex/Repositories/hive/ql/target/tmp/org.apache.hadoop.hive.ql.TestTxnNoBuckets-1713946626176/warehouse/t/000000_0, start=3, length=113, isOriginal=true, fileLength=259, hasFooter=false, hasBase=true, deltas=0]
2024-04-24T01:19:45,361  INFO [LocalJobRunner Map Task Executor #0] exec.SerializationUtilities: Deserializing MapWork using kryo
2024-04-24T01:19:45,370  INFO [LocalJobRunner Map Task Executor #0] exec.Utilities: Deserialized plan (via FILE) - name: null size: 6,49KB
2024-04-24T01:19:45,371  INFO [LocalJobRunner Map Task Executor #0] orc.OrcInputFormat: ORC pushdown predicate: (not leaf-(LESS_THAN_EQUALS b 6))
2024-04-24T01:19:45,371  INFO [LocalJobRunner Map Task Executor #0] orc.VectorizedOrcAcidRowBatchReader: Read ValidWriteIdList: default.t:10000000:9223372036854775807:::OrcSplit [file:/home/alex/Repositories/hive/ql/target/tmp/org.apache.hadoop.hive.ql.TestTxnNoBuckets-1713946626176/warehouse/t/000000_0, start=3, length=113, isOriginal=true, fileLength=259, hasFooter=false, hasBase=true, deltas=0]
2024-04-24T01:19:45,375  INFO [LocalJobRunner Map Task Executor #0] orc.ReaderImpl: Reading ORC rows from file:/home/alex/Repositories/hive/ql/target/tmp/org.apache.hadoop.hive.ql.TestTxnNoBuckets-1713946626176/warehouse/t/000000_0 with {include: [true, true, true], offset: 3, length: 113, sarg: (not leaf-(LESS_THAN_EQUALS b 6)), schema: struct<a:int,b:int>, includeAcidColumns: true}
2024-04-24T01:19:45,376  INFO [LocalJobRunner Map Task Executor #0] mapred.MapTask: numReduceTasks: 1
2024-04-24T01:19:45,382  INFO [LocalJobRunner Map Task Executor #0] mapred.MapTask: (EQUATOR) 0 kvi 26214396(104857584)
2024-04-24T01:19:45,382  INFO [LocalJobRunner Map Task Executor #0] mapred.MapTask: mapreduce.task.io.sort.mb: 100
2024-04-24T01:19:45,382  INFO [LocalJobRunner Map Task Executor #0] mapred.MapTask: soft limit at 83886080
2024-04-24T01:19:45,382  INFO [LocalJobRunner Map Task Executor #0] mapred.MapTask: bufstart = 0; bufvoid = 104857600
2024-04-24T01:19:45,382  INFO [LocalJobRunner Map Task Executor #0] mapred.MapTask: kvstart = 26214396; length = 6553600
2024-04-24T01:19:45,382  INFO [LocalJobRunner Map Task Executor #0] mapred.MapTask: Map output collector class = org.apache.hadoop.mapred.MapTask$MapOutputBuffer
2024-04-24T01:19:45,384  INFO [LocalJobRunner Map Task Executor #0] vector.VectorMapOperator: Initializing Operator: MAP[0]
2024-04-24T01:19:45,388  INFO [LocalJobRunner Map Task Executor #0] mr.ExecMapper: 
<MAP>Id =0
  <Children>null
  <\Children>
  <Parent><\Parent>
<\MAP>
2024-04-24T01:19:45,389  INFO [LocalJobRunner Map Task Executor #0] exec.TableScanOperator: Initializing Operator: TS[0]
2024-04-24T01:19:45,389  INFO [LocalJobRunner Map Task Executor #0] vector.VectorFilterOperator: Initializing Operator: FIL[7]
2024-04-24T01:19:45,389  INFO [LocalJobRunner Map Task Executor #0] vector.VectorSelectOperator: Initializing Operator: SEL[8]
2024-04-24T01:19:45,391  INFO [LocalJobRunner Map Task Executor #0] vector.VectorReduceSinkOperator: Initializing Operator: RS[9]
2024-04-24T01:19:45,391  INFO [LocalJobRunner Map Task Executor #0] vector.VectorReduceSinkOperator: Using tag = -1
2024-04-24T01:19:45,393  INFO [LocalJobRunner Map Task Executor #0] vector.VectorReduceSinkOperator: keys are [reducesinkkey0] num distributions: 1
2024-04-24T01:19:45,393  INFO [LocalJobRunner Map Task Executor #0] vector.VectorReduceSinkOperator: RS[9]: records written - 1
2024-04-24T01:19:45,393  INFO [LocalJobRunner Map Task Executor #0] vector.VectorMapOperator: Closing Operator: MAP[0]
2024-04-24T01:19:45,393  INFO [LocalJobRunner Map Task Executor #0] vector.VectorMapOperator: RECORDS_OUT_OPERATOR_MAP_0:0, RECORDS_IN:5, RECORDS_OUT_INTERMEDIATE:0, DESERIALIZE_ERRORS:0, 
2024-04-24T01:19:45,393  INFO [LocalJobRunner Map Task Executor #0] exec.TableScanOperator: Closing Operator: TS[0]
2024-04-24T01:19:45,393  INFO [LocalJobRunner Map Task Executor #0] exec.TableScanOperator: RECORDS_OUT_OPERATOR_TS_0:5, RECORDS_OUT_INTERMEDIATE:0, 
2024-04-24T01:19:45,393  INFO [LocalJobRunner Map Task Executor #0] vector.VectorFilterOperator: Closing Operator: FIL[7]
2024-04-24T01:19:45,393  INFO [LocalJobRunner Map Task Executor #0] vector.VectorFilterOperator: RECORDS_OUT_OPERATOR_FIL_7:2, RECORDS_OUT_INTERMEDIATE:0, 
2024-04-24T01:19:45,393  INFO [LocalJobRunner Map Task Executor #0] vector.VectorSelectOperator: Closing Operator: SEL[8]
2024-04-24T01:19:45,393  INFO [LocalJobRunner Map Task Executor #0] vector.VectorSelectOperator: RECORDS_OUT_OPERATOR_SEL_8:2, RECORDS_OUT_INTERMEDIATE:0, 
2024-04-24T01:19:45,393  INFO [LocalJobRunner Map Task Executor #0] vector.VectorReduceSinkOperator: Closing Operator: RS[9]
2024-04-24T01:19:45,393  INFO [LocalJobRunner Map Task Executor #0] vector.VectorReduceSinkOperator: RS[9]: Total records written - 2. abort - false
2024-04-24T01:19:45,393  INFO [LocalJobRunner Map Task Executor #0] vector.VectorReduceSinkOperator: RECORDS_OUT_INTERMEDIATE:2, RECORDS_OUT_OPERATOR_RS_9:2, 
2024-04-24T01:19:45,394  INFO [LocalJobRunner Map Task Executor #0] mapred.LocalJobRunner: 
2024-04-24T01:19:45,394  INFO [LocalJobRunner Map Task Executor #0] mapred.MapTask: Starting flush of map output
2024-04-24T01:19:45,394  INFO [LocalJobRunner Map Task Executor #0] mapred.MapTask: Spilling map output
2024-04-24T01:19:45,394  INFO [LocalJobRunner Map Task Executor #0] mapred.MapTask: bufstart = 0; bufend = 28; bufvoid = 104857600
2024-04-24T01:19:45,394  INFO [LocalJobRunner Map Task Executor #0] mapred.MapTask: kvstart = 26214396(104857584); kvend = 26214392(104857568); length = 5/6553600
2024-04-24T01:19:45,404  INFO [LocalJobRunner Map Task Executor #0] mapred.MapTask: Finished spill 0
2024-04-24T01:19:45,408  INFO [LocalJobRunner Map Task Executor #0] mapred.Task: Task:attempt_local291328267_0068_m_000000_0 is done. And is in the process of committing
2024-04-24T01:19:45,408  INFO [LocalJobRunner Map Task Executor #0] mapred.LocalJobRunner: OrcSplit [file:/home/alex/Repositories/hive/ql/target/tmp/org.apache.hadoop.hive.ql.TestTxnNoBuckets-1713946626176/warehouse/t/000000_0, start=3, length=113, isOriginal=true, fileLength=259, hasFooter=false, hasBase=true, deltas=0]
2024-04-24T01:19:45,409  INFO [LocalJobRunner Map Task Executor #0] mapred.Task: Task 'attempt_local291328267_0068_m_000000_0' done.
2024-04-24T01:19:45,409  INFO [LocalJobRunner Map Task Executor #0] mapred.Task: Final Counters for attempt_local291328267_0068_m_000000_0: Counters: 25
	File System Counters
		FILE: Number of bytes read=1547177
		FILE: Number of bytes written=80159320
		FILE: Number of read operations=0
		FILE: Number of large read operations=0
		FILE: Number of write operations=0
	Map-Reduce Framework
		Map input records=1
		Map output records=2
		Map output bytes=28
		Map output materialized bytes=38
		Input split bytes=471
		Combine input records=0
		Spilled Records=2
		Failed Shuffles=0
		Merged Map outputs=0
		GC time elapsed (ms)=0
		Total committed heap usage (bytes)=1356333056
	HIVE
		DESERIALIZE_ERRORS=0
		RECORDS_IN=5
		RECORDS_OUT_INTERMEDIATE=2
		RECORDS_OUT_OPERATOR_FIL_7=2
		RECORDS_OUT_OPERATOR_MAP_0=0
		RECORDS_OUT_OPERATOR_RS_9=2
		RECORDS_OUT_OPERATOR_SEL_8=2
		RECORDS_OUT_OPERATOR_TS_0=5
	File Input Format Counters 
		Bytes Read=7916
2024-04-24T01:19:45,409  INFO [LocalJobRunner Map Task Executor #0] mapred.LocalJobRunner: Finishing task: attempt_local291328267_0068_m_000000_0
2024-04-24T01:19:45,409  INFO [Thread-4452] mapred.LocalJobRunner: map task executor complete.
2024-04-24T01:19:45,410  INFO [Thread-4452] mapred.LocalJobRunner: Waiting for reduce tasks
2024-04-24T01:19:45,410  INFO [pool-281-thread-1] mapred.LocalJobRunner: Starting task: attempt_local291328267_0068_r_000000_0
2024-04-24T01:19:45,410  INFO [pool-281-thread-1] mapred.Task:  Using ResourceCalculatorProcessTree : [ ]
2024-04-24T01:19:45,410  INFO [pool-281-thread-1] mapred.ReduceTask: Using ShuffleConsumerPlugin: org.apache.hadoop.mapreduce.task.reduce.Shuffle@70bda185
2024-04-24T01:19:45,410  WARN [pool-281-thread-1] impl.MetricsSystemImpl: JobTracker metrics system already initialized!
2024-04-24T01:19:45,411  INFO [pool-281-thread-1] reduce.MergeManagerImpl: MergerManager: memoryLimit=1336252800, maxSingleShuffleLimit=334063200, mergeThreshold=881926912, ioSortFactor=10, memToMemMergeOutputsThreshold=10
2024-04-24T01:19:45,412  INFO [EventFetcher for fetching Map Completion Events] reduce.EventFetcher: attempt_local291328267_0068_r_000000_0 Thread started: EventFetcher for fetching Map Completion Events
2024-04-24T01:19:45,414  INFO [localfetcher#41] reduce.LocalFetcher: localfetcher#41 about to shuffle output of map attempt_local291328267_0068_m_000000_0 decomp: 34 len: 38 to MEMORY
2024-04-24T01:19:45,415  INFO [localfetcher#41] reduce.InMemoryMapOutput: Read 34 bytes from map-output for attempt_local291328267_0068_m_000000_0
2024-04-24T01:19:45,415  INFO [localfetcher#41] reduce.MergeManagerImpl: closeInMemoryFile -> map-output of size: 34, inMemoryMapOutputs.size() -> 1, commitMemory -> 0, usedMemory ->34
2024-04-24T01:19:45,415  INFO [EventFetcher for fetching Map Completion Events] reduce.EventFetcher: EventFetcher is interrupted.. Returning
2024-04-24T01:19:45,415  INFO [pool-281-thread-1] mapred.LocalJobRunner: 1 / 1 copied.
2024-04-24T01:19:45,416  INFO [pool-281-thread-1] reduce.MergeManagerImpl: finalMerge called with 1 in-memory map-outputs and 0 on-disk map-outputs
2024-04-24T01:19:45,421  INFO [pool-281-thread-1] mapred.Merger: Merging 1 sorted segments
2024-04-24T01:19:45,421  INFO [pool-281-thread-1] mapred.Merger: Down to the last merge-pass, with 1 segments left of total size: 22 bytes
2024-04-24T01:19:45,424  INFO [pool-281-thread-1] reduce.MergeManagerImpl: Merged 1 segments, 34 bytes to disk to satisfy reduce memory limit
2024-04-24T01:19:45,424  INFO [pool-281-thread-1] reduce.MergeManagerImpl: Merging 1 files, 38 bytes from disk
2024-04-24T01:19:45,424  INFO [pool-281-thread-1] reduce.MergeManagerImpl: Merging 0 segments, 0 bytes from memory into reduce
2024-04-24T01:19:45,424  INFO [pool-281-thread-1] mapred.Merger: Merging 1 sorted segments
2024-04-24T01:19:45,424  INFO [pool-281-thread-1] mapred.Merger: Down to the last merge-pass, with 1 segments left of total size: 22 bytes
2024-04-24T01:19:45,424  INFO [pool-281-thread-1] mapred.LocalJobRunner: 1 / 1 copied.
2024-04-24T01:19:45,425  INFO [pool-281-thread-1] exec.SerializationUtilities: Deserializing ReduceWork using kryo
2024-04-24T01:19:45,426  INFO [pool-281-thread-1] exec.Utilities: Deserialized plan (via FILE) - name: null size: 7,43KB
2024-04-24T01:19:45,427  INFO [pool-281-thread-1] ExecReducer: 
<SEL>Id =4
  <Children>
    <FS>Id =5
      <Children>
      <\Children>
      <Parent>Id = 4 null<\Parent>
    <\FS>
  <\Children>
  <Parent><\Parent>
<\SEL>
2024-04-24T01:19:45,427  INFO [pool-281-thread-1] exec.SelectOperator: Initializing Operator: SEL[4]
2024-04-24T01:19:45,427  INFO [pool-281-thread-1] exec.SelectOperator: SELECT struct<key:struct<reducesinkkey0:int>,value:struct<>>
2024-04-24T01:19:45,427  INFO [pool-281-thread-1] exec.FileSinkOperator: Initializing Operator: FS[5]
2024-04-24T01:19:45,428  INFO [pool-281-thread-1] exec.FileSinkOperator: Using serializer : class org.apache.hadoop.hive.serde2.lazy.LazySimpleSerDe [serdeParams=org.apache.hadoop.hive.serde2.lazy.LazySerDeParameters@4170dff3, cachedObjectInspector=org.apache.hadoop.hive.serde2.lazy.objectinspector.LazySimpleStructObjectInspector<org.apache.hadoop.hive.serde2.lazy.objectinspector.primitive.LazyIntObjectInspector@6ddeeb78>, serializedSize=0, stats=org.apache.hadoop.hive.serde2.SerDeStats@5b260f4f, lastOperationSerialize=false, lastOperationDeserialize=false [1, 2, 3, 4, 5, 6, 7, 8, 11, 14, 15, 16, 17, 18, 19, 20, 21, 22, 23, 24, 25, 26, 28, 29, 30, 31, -128, -127, -126, -125, -124, -123, -122, -121, -120, -119, -118, -117, -116, -115, -114, -113, -112, -111, -110, -109, -108, -107, -106, -105, -104, -103, -102, -101, -100, -99, -98, -97, -96, -95, -94, -93, -92, -91, -90, -89, -88, -87, -86, -85, -84, -83, -82, -81, -80, -79, -78, -77, -76, -75, -74, -73, -72, -71, -70, -69, -68, -67, -66, -65, -64, -63, -62, -61, -60, -59, -58, -57, -56, -55, -54, -53, -52, -51, -50, -49, -48, -47, -46, -45, -44, -43, -42, -41, -40, -39, -38, -37, -36, -35, -34, -33, -32, -31, -30, -29, -28, -27, -26, -25, -24, -23, -22, -21, -20, -19, -18, -17, -16, -15, -14, -13, -12, -11, -10, -9, -8, -7, -6, -5, -4, -3, -2, -1] : [_col0] : [int]] and formatter : org.apache.hadoop.hive.ql.io.HiveSequenceFileOutputFormat@26ce3858
2024-04-24T01:19:45,428  INFO [pool-281-thread-1] exec.FileSinkOperator: Final Path: FS file:/home/alex/Repositories/hive/ql/target/tmp/localscratchdir/f3b94205-d5f4-414f-8908-21b0f24cd7cb/hive_2024-04-24_01-19-44_856_280361259557412202-1/-mr-10001/.hive-staging_hive_2024-04-24_01-19-44_856_280361259557412202-1/_tmp.-ext-10002/000000_0
2024-04-24T01:19:45,428  INFO [pool-281-thread-1] exec.FileSinkOperator: Writing to temp file: FS file:/home/alex/Repositories/hive/ql/target/tmp/localscratchdir/f3b94205-d5f4-414f-8908-21b0f24cd7cb/hive_2024-04-24_01-19-44_856_280361259557412202-1/-mr-10001/.hive-staging_hive_2024-04-24_01-19-44_856_280361259557412202-1/_task_tmp.-ext-10002/_tmp.000000_0
2024-04-24T01:19:45,428  INFO [pool-281-thread-1] exec.FileSinkOperator: New Final Path: FS file:/home/alex/Repositories/hive/ql/target/tmp/localscratchdir/f3b94205-d5f4-414f-8908-21b0f24cd7cb/hive_2024-04-24_01-19-44_856_280361259557412202-1/-mr-10001/.hive-staging_hive_2024-04-24_01-19-44_856_280361259557412202-1/_tmp.-ext-10002/000000_0
2024-04-24T01:19:45,435  INFO [pool-281-thread-1] exec.FileSinkOperator: FS[5]: records written - 1
2024-04-24T01:19:45,435  INFO [pool-281-thread-1] exec.SelectOperator: Closing Operator: SEL[4]
2024-04-24T01:19:45,436  INFO [pool-281-thread-1] exec.SelectOperator: RECORDS_OUT_INTERMEDIATE:0, RECORDS_OUT_OPERATOR_SEL_4:2, 
2024-04-24T01:19:45,436  INFO [pool-281-thread-1] exec.FileSinkOperator: Closing Operator: FS[5]
2024-04-24T01:19:45,436  INFO [pool-281-thread-1] exec.FileSinkOperator: FS[5]: records written - 2
2024-04-24T01:19:45,436  INFO [pool-281-thread-1] exec.FileSinkOperator: RECORDS_OUT_INTERMEDIATE:0, RECORDS_OUT_0:2, RECORDS_OUT_OPERATOR_FS_5:2, 
2024-04-24T01:19:45,437  INFO [pool-281-thread-1] mapred.Task: Task:attempt_local291328267_0068_r_000000_0 is done. And is in the process of committing
2024-04-24T01:19:45,437  INFO [pool-281-thread-1] mapred.LocalJobRunner: reduce > reduce
2024-04-24T01:19:45,437  INFO [pool-281-thread-1] mapred.Task: Task 'attempt_local291328267_0068_r_000000_0' done.
2024-04-24T01:19:45,437  INFO [pool-281-thread-1] mapred.Task: Final Counters for attempt_local291328267_0068_r_000000_0: Counters: 29
	File System Counters
		FILE: Number of bytes read=1554785
		FILE: Number of bytes written=80159485
		FILE: Number of read operations=0
		FILE: Number of large read operations=0
		FILE: Number of write operations=0
	Map-Reduce Framework
		Combine input records=0
		Combine output records=0
		Reduce input groups=2
		Reduce shuffle bytes=38
		Reduce input records=2
		Reduce output records=0
		Spilled Records=2
		Shuffled Maps =1
		Failed Shuffles=0
		Merged Map outputs=1
		GC time elapsed (ms)=0
		Total committed heap usage (bytes)=1356333056
	HIVE
		CREATED_FILES=1
		RECORDS_OUT_0=2
		RECORDS_OUT_INTERMEDIATE=0
		RECORDS_OUT_OPERATOR_FS_5=2
		RECORDS_OUT_OPERATOR_SEL_4=2
	Shuffle Errors
		BAD_ID=0
		CONNECTION=0
		IO_ERROR=0
		WRONG_LENGTH=0
		WRONG_MAP=0
		WRONG_REDUCE=0
	File Output Format Counters 
		Bytes Written=0
2024-04-24T01:19:45,437  INFO [pool-281-thread-1] mapred.LocalJobRunner: Finishing task: attempt_local291328267_0068_r_000000_0
2024-04-24T01:19:45,437  INFO [Thread-4452] mapred.LocalJobRunner: reduce task executor complete.
2024-04-24 01:19:46,359 Stage-1 map = 100%,  reduce = 100%
2024-04-24T01:19:46,359  INFO [main] exec.Task: 2024-04-24 01:19:46,359 Stage-1 map = 100%,  reduce = 100%
Ended Job = job_local291328267_0068
2024-04-24T01:19:46,359  INFO [main] exec.Task: Ended Job = job_local291328267_0068
2024-04-24T01:19:46,360  INFO [main] metadata.Hive: Dumping metastore api call timing information for : execution phase
2024-04-24T01:19:46,361  INFO [main] metadata.Hive: Total time spent in each metastore function (ms): {}
MapReduce Jobs Launched: 
2024-04-24T01:19:46,361  INFO [main] ql.Driver: MapReduce Jobs Launched: 
Stage-Stage-1:  HDFS Read: 0 HDFS Write: 0 SUCCESS
2024-04-24T01:19:46,361  INFO [main] ql.Driver: Stage-Stage-1:  HDFS Read: 0 HDFS Write: 0 SUCCESS
Total MapReduce CPU Time Spent: 0 msec
2024-04-24T01:19:46,361  INFO [main] ql.Driver: Total MapReduce CPU Time Spent: 0 msec
2024-04-24T01:19:46,361  INFO [main] ql.Driver: Completed executing command(queryId=alex_20240424011944_274b4eff-4982-4173-961b-ef802d854b91); Time taken: 1.307 seconds
2024-04-24T01:19:46,361  INFO [main] lockmgr.DbTxnManager: Stopped heartbeat for query: alex_20240424011944_274b4eff-4982-4173-961b-ef802d854b91
2024-04-24T01:19:46,365  INFO [main] txn.TxnHandler: Expected to move at least one record from txn_components to completed_txn_components when committing txn! txnid:17
2024-04-24T01:19:46,371  INFO [main] txn.TxnHandler: Removed transactions: ([17]) from MIN_HISTORY_LEVEL
2024-04-24T01:19:46,371  WARN [main] txn.CompactionTxnHandler: No compaction queue record found for Compaction type transaction commit. txnId:17
2024-04-24T01:19:46,374  INFO [main] mapred.FileInputFormat: Total input files to process : 1
2024-04-24T01:19:46,375  INFO [main] exec.ListSinkOperator: Closing Operator: LIST_SINK[10]
2024-04-24T01:19:46,375  INFO [main] exec.ListSinkOperator: RECORDS_OUT_OPERATOR_LIST_SINK_10:2, RECORDS_OUT_INTERMEDIATE:0, 
2024-04-24T01:19:46,375  WARN [main] ql.TestTxnNoBuckets: null: read data(After conversion): 
2024-04-24T01:19:46,375  INFO [main] ql.TestTxnNoBuckets: 6
9

2024-04-24T01:19:46,375  INFO [main] ql.TxnCommandsBaseForTests: Running the query: EXPLAIN VECTORIZATION DETAIL select a from T where b > 6 order by a
2024-04-24T01:19:46,375  INFO [main] ql.Context: Deleting scratch dir: file:/home/alex/Repositories/hive/ql/target/tmp/localscratchdir/f3b94205-d5f4-414f-8908-21b0f24cd7cb/hive_2024-04-24_01-19-44_856_280361259557412202-1
2024-04-24T01:19:46,376  INFO [main] cleanup.SyncCleanupService: Deleted directory: file:/home/alex/Repositories/hive/ql/target/tmp/localscratchdir/f3b94205-d5f4-414f-8908-21b0f24cd7cb/hive_2024-04-24_01-19-44_856_280361259557412202-1 on fs with scheme file
2024-04-24T01:19:46,376  INFO [main] ql.Driver: Compiling command(queryId=alex_20240424011946_4a249ac3-e5ce-47b2-8bae-5140d5a7ebb5): EXPLAIN VECTORIZATION DETAIL select a from T where b > 6 order by a
2024-04-24T01:19:46,378  INFO [main] txn.TxnHandler: Added entries to MIN_HISTORY_LEVEL for current txns: ([18]) with min_open_txn: 18
2024-04-24T01:19:46,379  INFO [main] lockmgr.DbTxnManager: Opened txnid:18
2024-04-24T01:19:46,379  INFO [main] parse.CalcitePlanner: Starting Semantic Analysis
2024-04-24T01:19:46,381  INFO [main] parse.CalcitePlanner: Completed phase 1 of Semantic Analysis
2024-04-24T01:19:46,381  INFO [main] parse.CalcitePlanner: Get metadata for source tables
2024-04-24T01:19:46,382  INFO [main] HiveMetaStore.audit: ugi=alex	ip=unknown-ip-addr	cmd=get_table : tbl=hive.default.t	
2024-04-24T01:19:46,388  INFO [main] metastore.HMSHandler: Skipping translation for processor with null
2024-04-24T01:19:46,389  INFO [main] parse.CalcitePlanner: Get metadata for subqueries
2024-04-24T01:19:46,389  INFO [main] parse.CalcitePlanner: Get metadata for destination tables
2024-04-24T01:19:46,389  INFO [main] parse.CalcitePlanner: Completed getting MetaData in Semantic Analysis
2024-04-24T01:19:46,400  INFO [main] HiveMetaStore.audit: ugi=alex	ip=unknown-ip-addr	cmd=get_all_table_constraints : tbl=hive.default.t	
2024-04-24T01:19:46,438  INFO [main] calcite.RelOptHiveTable: Calculating column statistics for default.t, projIndxSet: [0, 1], allowMissingStats: true
2024-04-24T01:19:46,439  INFO [main] HiveMetaStore.audit: ugi=alex	ip=unknown-ip-addr	cmd=get_table_statistics_req: table=hive.default.t	
2024-04-24T01:19:46,447  WARN [main] calcite.RelOptHiveTable: No Stats for default@t, Columns: b, a
No Stats for default@t, Columns: b, a
2024-04-24T01:19:46,447  INFO [main] SessionState: No Stats for default@t, Columns: b, a
2024-04-24T01:19:46,508  INFO [main] parse.CalcitePlanner: Get metadata for source tables
2024-04-24T01:19:46,509  INFO [main] parse.CalcitePlanner: Get metadata for subqueries
2024-04-24T01:19:46,509  INFO [main] parse.CalcitePlanner: Get metadata for destination tables
2024-04-24T01:19:46,511  INFO [main] parse.CalcitePlanner: CBO Succeeded; optimized logical plan.
2024-04-24T01:19:46,515  INFO [main] optimizer.ColumnPrunerProcFactory: RS 3 oldColExprMap: {KEY.reducesinkkey0=Column[_col0]}
2024-04-24T01:19:46,515  INFO [main] optimizer.ColumnPrunerProcFactory: RS 3 newColExprMap: {KEY.reducesinkkey0=Column[_col0]}
2024-04-24T01:19:46,515  INFO [main] optimizer.BucketVersionPopulator: not considering bucketingVersion for: TS[0] because it has -1<2 buckets 
2024-04-24T01:19:46,532  INFO [main] optimizer.SortedDynPartitionOptimizer: Sorted dynamic partitioning optimization kicked in..
2024-04-24T01:19:46,541  INFO [main] physical.Vectorizer: Examining input format to see if vectorization is enabled.
2024-04-24T01:19:46,541  INFO [main] physical.Vectorizer: Vectorization is enabled for input format(s) [org.apache.hadoop.hive.ql.io.orc.OrcInputFormat]
2024-04-24T01:19:46,541  INFO [main] physical.Vectorizer: Validating and vectorizing MapWork... (vectorizedVertexNum 0)
2024-04-24T01:19:46,543  INFO [main] physical.Vectorizer: Map vectorization enabled: true
2024-04-24T01:19:46,543  INFO [main] physical.Vectorizer: Map vectorized: true
2024-04-24T01:19:46,543  INFO [main] physical.Vectorizer: Map vectorizedVertexNum: 0
2024-04-24T01:19:46,543  INFO [main] physical.Vectorizer: Map enabledConditionsMet: [hive.vectorized.use.vectorized.input.format IS true]
2024-04-24T01:19:46,543  INFO [main] physical.Vectorizer: Map inputFileFormatClassNameSet: [org.apache.hadoop.hive.ql.io.orc.OrcInputFormat]
2024-04-24T01:19:46,543  INFO [main] physical.Vectorizer: Reduce vectorization enabled: false
2024-04-24T01:19:46,543  INFO [main] physical.Vectorizer: Reduce vectorized: false
2024-04-24T01:19:46,543  INFO [main] physical.Vectorizer: Reduce vectorizedVertexNum: 1
2024-04-24T01:19:46,543  INFO [main] physical.Vectorizer: Reducer hive.vectorized.execution.reduce.enabled: true
2024-04-24T01:19:46,543  INFO [main] physical.Vectorizer: Reducer engine: mr
2024-04-24T01:19:46,543  INFO [main] parse.CalcitePlanner: Completed plan generation
2024-04-24T01:19:46,545  INFO [main] ql.Driver: Semantic Analysis Completed (retrial = false)
2024-04-24T01:19:46,545  INFO [main] ql.Driver: Created Hive schema: Schema(fieldSchemas:[FieldSchema(name:Explain, type:string, comment:null)], properties:null)
2024-04-24T01:19:46,545  INFO [main] metadata.Hive: Dumping metastore api call timing information for : compilation phase
2024-04-24T01:19:46,545  INFO [main] metadata.Hive: Total time spent in each metastore function (ms): {getAllTableConstraints_(AllTableConstraintsRequest)=5, getValidTxns_(long)=0, flushCache_()=1, getTableColumnStatistics_(String, String, List, String)=7, commitTxn_(CommitTxnRequest)=10, getValidWriteIds_(List, String)=2, getTable_(GetTableRequest)=6, isCompatibleWith_(Configuration)=0, openTxn_(String, TxnType)=2}
2024-04-24T01:19:46,546  INFO [main] ql.Driver: Completed compiling command(queryId=alex_20240424011946_4a249ac3-e5ce-47b2-8bae-5140d5a7ebb5); Time taken: 0.169 seconds
2024-04-24T01:19:46,546  INFO [main] ql.Driver: Executing command(queryId=alex_20240424011946_4a249ac3-e5ce-47b2-8bae-5140d5a7ebb5): EXPLAIN VECTORIZATION DETAIL select a from T where b > 6 order by a
2024-04-24T01:19:46,546  INFO [main] ql.Driver: Starting task [Stage-2:EXPLAIN] in serial mode
2024-04-24T01:19:46,579  INFO [main] metadata.Hive: Dumping metastore api call timing information for : execution phase
2024-04-24T01:19:46,579  INFO [main] metadata.Hive: Total time spent in each metastore function (ms): {}
2024-04-24T01:19:46,579  INFO [main] ql.Driver: Completed executing command(queryId=alex_20240424011946_4a249ac3-e5ce-47b2-8bae-5140d5a7ebb5); Time taken: 0.033 seconds
2024-04-24T01:19:46,579  INFO [main] lockmgr.DbTxnManager: Stopped heartbeat for query: null
2024-04-24T01:19:46,584  INFO [main] txn.TxnHandler: Expected to move at least one record from txn_components to completed_txn_components when committing txn! txnid:18
2024-04-24T01:19:46,590  INFO [main] txn.TxnHandler: Removed transactions: ([18]) from MIN_HISTORY_LEVEL
2024-04-24T01:19:46,590  WARN [main] txn.CompactionTxnHandler: No compaction queue record found for Compaction type transaction commit. txnId:18
2024-04-24T01:19:46,591  INFO [main] ql.TxnCommandsBaseForTests: Running the query: select ROW__ID, a from T where b > 6 order by a
2024-04-24T01:19:46,592  INFO [main] ql.Context: Deleting scratch dir: file:/home/alex/Repositories/hive/ql/target/tmp/localscratchdir/f3b94205-d5f4-414f-8908-21b0f24cd7cb/hive_2024-04-24_01-19-46_376_6791057304843151031-1
2024-04-24T01:19:46,592  INFO [main] cleanup.SyncCleanupService: Deleted directory: file:/home/alex/Repositories/hive/ql/target/tmp/localscratchdir/f3b94205-d5f4-414f-8908-21b0f24cd7cb/hive_2024-04-24_01-19-46_376_6791057304843151031-1 on fs with scheme file
2024-04-24T01:19:46,592  INFO [main] ql.Driver: Compiling command(queryId=alex_20240424011946_99ff54f0-90db-41a4-aaea-876deadba866): select ROW__ID, a from T where b > 6 order by a
2024-04-24T01:19:46,595  INFO [main] txn.TxnHandler: Added entries to MIN_HISTORY_LEVEL for current txns: ([19]) with min_open_txn: 18
2024-04-24T01:19:46,595  INFO [main] lockmgr.DbTxnManager: Opened txnid:19
2024-04-24T01:19:46,595  INFO [main] parse.CalcitePlanner: Starting caching scope for: 
2024-04-24T01:19:46,595  INFO [main] parse.CalcitePlanner: Starting Semantic Analysis
2024-04-24T01:19:46,598  INFO [main] parse.CalcitePlanner: Completed phase 1 of Semantic Analysis
2024-04-24T01:19:46,598  INFO [main] parse.CalcitePlanner: Get metadata for source tables
2024-04-24T01:19:46,598  INFO [main] HiveMetaStore.audit: ugi=alex	ip=unknown-ip-addr	cmd=get_table : tbl=hive.default.t	
2024-04-24T01:19:46,604  INFO [main] metastore.HMSHandler: Skipping translation for processor with null
2024-04-24T01:19:46,604  INFO [main] parse.CalcitePlanner: Get metadata for subqueries
2024-04-24T01:19:46,605  INFO [main] parse.CalcitePlanner: Get metadata for destination tables
2024-04-24T01:19:46,605  INFO [main] parse.CalcitePlanner: Completed getting MetaData in Semantic Analysis
2024-04-24T01:19:46,617  INFO [main] HiveMetaStore.audit: ugi=alex	ip=unknown-ip-addr	cmd=get_all_table_constraints : tbl=hive.default.t	
2024-04-24T01:19:46,657  INFO [main] calcite.RelOptHiveTable: Calculating column statistics for default.t, projIndxSet: [0, 1], allowMissingStats: true
2024-04-24T01:19:46,658  INFO [main] HiveMetaStore.audit: ugi=alex	ip=unknown-ip-addr	cmd=get_table_statistics_req: table=hive.default.t	
2024-04-24T01:19:46,666  WARN [main] calcite.RelOptHiveTable: No Stats for default@t, Columns: b, a
No Stats for default@t, Columns: b, a
2024-04-24T01:19:46,666  INFO [main] SessionState: No Stats for default@t, Columns: b, a
2024-04-24T01:19:46,729  INFO [main] parse.CalcitePlanner: Get metadata for source tables
2024-04-24T01:19:46,729  INFO [main] parse.CalcitePlanner: Get metadata for subqueries
2024-04-24T01:19:46,729  INFO [main] parse.CalcitePlanner: Get metadata for destination tables
2024-04-24T01:19:46,730  INFO [main] common.FileUtils: Creating directory if it doesn't exist: file:/home/alex/Repositories/hive/ql/target/tmp/localscratchdir/f3b94205-d5f4-414f-8908-21b0f24cd7cb/hive_2024-04-24_01-19-46_592_6348004133305714675-1/-mr-10001/.hive-staging_hive_2024-04-24_01-19-46_592_6348004133305714675-1
2024-04-24T01:19:46,738  INFO [main] parse.CalcitePlanner: CBO Succeeded; optimized logical plan.
2024-04-24T01:19:46,741  INFO [main] optimizer.ColumnPrunerProcFactory: RS 3 oldColExprMap: {KEY.reducesinkkey0=Column[_col1], VALUE._col0=Column[_col0]}
2024-04-24T01:19:46,741  INFO [main] optimizer.ColumnPrunerProcFactory: RS 3 newColExprMap: {KEY.reducesinkkey0=Column[_col1], VALUE._col0=Column[_col0]}
2024-04-24T01:19:46,741  INFO [main] optimizer.BucketVersionPopulator: not considering bucketingVersion for: TS[0] because it has -1<2 buckets 
2024-04-24T01:19:46,742  INFO [main] optimizer.SortedDynPartitionOptimizer: Sorted dynamic partitioning optimization kicked in..
2024-04-24T01:19:46,752  INFO [main] physical.Vectorizer: Examining input format to see if vectorization is enabled.
2024-04-24T01:19:46,752  INFO [main] physical.Vectorizer: Vectorization is enabled for input format(s) [org.apache.hadoop.hive.ql.io.orc.OrcInputFormat]
2024-04-24T01:19:46,752  INFO [main] physical.Vectorizer: Validating and vectorizing MapWork... (vectorizedVertexNum 0)
2024-04-24T01:19:46,755  INFO [main] physical.Vectorizer: Map vectorization enabled: true
2024-04-24T01:19:46,755  INFO [main] physical.Vectorizer: Map vectorized: true
2024-04-24T01:19:46,755  INFO [main] physical.Vectorizer: Map vectorizedVertexNum: 0
2024-04-24T01:19:46,755  INFO [main] physical.Vectorizer: Map enabledConditionsMet: [hive.vectorized.use.vectorized.input.format IS true]
2024-04-24T01:19:46,755  INFO [main] physical.Vectorizer: Map inputFileFormatClassNameSet: [org.apache.hadoop.hive.ql.io.orc.OrcInputFormat]
2024-04-24T01:19:46,755  INFO [main] physical.Vectorizer: Reduce vectorization enabled: false
2024-04-24T01:19:46,755  INFO [main] physical.Vectorizer: Reduce vectorized: false
2024-04-24T01:19:46,755  INFO [main] physical.Vectorizer: Reduce vectorizedVertexNum: 1
2024-04-24T01:19:46,755  INFO [main] physical.Vectorizer: Reducer hive.vectorized.execution.reduce.enabled: true
2024-04-24T01:19:46,755  INFO [main] physical.Vectorizer: Reducer engine: mr
2024-04-24T01:19:46,755  INFO [main] parse.CalcitePlanner: Completed plan generation
2024-04-24T01:19:46,755  INFO [main] parse.CalcitePlanner: Ending caching scope for: 
2024-04-24T01:19:46,755  INFO [main] ql.Driver: Semantic Analysis Completed (retrial = false)
2024-04-24T01:19:46,755  INFO [main] ql.Driver: Created Hive schema: Schema(fieldSchemas:[FieldSchema(name:row__id, type:struct<writeid:bigint,bucketid:int,rowid:bigint>, comment:null), FieldSchema(name:a, type:int, comment:null)], properties:null)
2024-04-24T01:19:46,757  INFO [main] exec.ListSinkOperator: Initializing Operator: LIST_SINK[10]
2024-04-24T01:19:46,757  INFO [main] metadata.Hive: Dumping metastore api call timing information for : compilation phase
2024-04-24T01:19:46,757  INFO [main] metadata.Hive: Total time spent in each metastore function (ms): {getTableColumnStatistics_(String, String, List, String)=7, getValidTxns_(long)=0, getAllTableConstraints_(AllTableConstraintsRequest)=5, commitTxn_(CommitTxnRequest)=11, getTable_(GetTableRequest)=6, flushCache_()=1, isCompatibleWith_(Configuration)=0, openTxn_(String, TxnType)=2, getValidWriteIds_(List, String)=3}
2024-04-24T01:19:46,757  INFO [main] ql.Driver: Completed compiling command(queryId=alex_20240424011946_99ff54f0-90db-41a4-aaea-876deadba866); Time taken: 0.165 seconds
2024-04-24T01:19:46,757  INFO [main] lockmgr.DbTxnManager: Setting lock request transaction to txnid:19 for queryId=alex_20240424011946_99ff54f0-90db-41a4-aaea-876deadba866
2024-04-24T01:19:46,758  INFO [main] lockmgr.DbLockManager: Requesting lock for queryId=alex_20240424011946_99ff54f0-90db-41a4-aaea-876deadba866
2024-04-24T01:19:46,773  INFO [main] lockmgr.DbLockManager: Response to queryId=alex_20240424011946_99ff54f0-90db-41a4-aaea-876deadba866 LockResponse(lockid:12, state:ACQUIRED)
2024-04-24T01:19:46,773  INFO [main] ql.Driver: Operation QUERY obtained 1 locks
2024-04-24T01:19:46,774  INFO [main] ql.Driver: Executing command(queryId=alex_20240424011946_99ff54f0-90db-41a4-aaea-876deadba866): select ROW__ID, a from T where b > 6 order by a
2024-04-24T01:19:46,774  WARN [main] ql.Driver: Hive-on-MR is deprecated in Hive 2 and may not be available in the future versions. Consider using a different execution engine (i.e. tez, spark) or using Hive 1.X releases.
Query ID = alex_20240424011946_99ff54f0-90db-41a4-aaea-876deadba866
2024-04-24T01:19:46,774  INFO [main] ql.Driver: Query ID = alex_20240424011946_99ff54f0-90db-41a4-aaea-876deadba866
Total jobs = 1
2024-04-24T01:19:46,774  INFO [main] ql.Driver: Total jobs = 1
Launching Job 1 out of 1
2024-04-24T01:19:46,774  INFO [main] ql.Driver: Launching Job 1 out of 1
2024-04-24T01:19:46,916  INFO [main] ql.Driver: Starting task [Stage-1:MAPRED] in serial mode
Number of reduce tasks determined at compile time: 1
2024-04-24T01:19:46,916  INFO [main] exec.Task: Number of reduce tasks determined at compile time: 1
In order to change the average load for a reducer (in bytes):
2024-04-24T01:19:46,916  INFO [main] exec.Task: In order to change the average load for a reducer (in bytes):
  set hive.exec.reducers.bytes.per.reducer=<number>
2024-04-24T01:19:46,916  INFO [main] exec.Task:   set hive.exec.reducers.bytes.per.reducer=<number>
In order to limit the maximum number of reducers:
2024-04-24T01:19:46,916  INFO [main] exec.Task: In order to limit the maximum number of reducers:
  set hive.exec.reducers.max=<number>
2024-04-24T01:19:46,916  INFO [main] exec.Task:   set hive.exec.reducers.max=<number>
In order to set a constant number of reducers:
2024-04-24T01:19:46,916  INFO [main] exec.Task: In order to set a constant number of reducers:
  set mapreduce.job.reduces=<number>
2024-04-24T01:19:46,916  INFO [main] exec.Task:   set mapreduce.job.reduces=<number>
2024-04-24T01:19:46,919  INFO [main] mr.ExecDriver: Using org.apache.hadoop.hive.ql.io.HiveInputFormat
2024-04-24T01:19:46,919  INFO [main] exec.Utilities: Processing alias t
2024-04-24T01:19:46,919  INFO [main] exec.Utilities: Adding 1 inputs; the first input is file:/home/alex/Repositories/hive/ql/target/tmp/org.apache.hadoop.hive.ql.TestTxnNoBuckets-1713946626176/warehouse/t
2024-04-24T01:19:46,929  INFO [main] exec.SerializationUtilities: Serializing MapWork using kryo
2024-04-24T01:19:46,930  INFO [main] exec.Utilities: Serialized plan (via FILE) - name: null size: 6,73KB
2024-04-24T01:19:46,934  INFO [main] exec.SerializationUtilities: Serializing ReduceWork using kryo
2024-04-24T01:19:46,936  INFO [main] exec.Utilities: Serialized plan (via FILE) - name: null size: 7,73KB
2024-04-24T01:19:46,937  WARN [main] impl.MetricsSystemImpl: JobTracker metrics system already initialized!
2024-04-24T01:19:46,943  WARN [main] impl.MetricsSystemImpl: JobTracker metrics system already initialized!
2024-04-24T01:19:46,950  WARN [main] mapreduce.JobResourceUploader: Hadoop command-line option parsing not performed. Implement the Tool interface and execute your application with ToolRunner to remedy this.
2024-04-24T01:19:46,955  WARN [main] mapreduce.JobResourceUploader: No job jar file set.  User classes may not be found. See Job or Job#setJar(String).
2024-04-24T01:19:46,956  INFO [main] io.HiveInputFormat: hive.io.file.readcolumn.ids = 0,1
2024-04-24T01:19:46,956  INFO [main] io.HiveInputFormat: hive.io.file.readcolumn.names = a,b
2024-04-24T01:19:46,956  INFO [main] io.HiveInputFormat: Generating splits for dirs: file:/home/alex/Repositories/hive/ql/target/tmp/org.apache.hadoop.hive.ql.TestTxnNoBuckets-1713946626176/warehouse/t
2024-04-24T01:19:46,956  INFO [main] orc.OrcInputFormat: getSplits started
2024-04-24T01:19:46,956  INFO [main] orc.OrcInputFormat: Context:: isAcid: true isVectorMode: true sarg: (not leaf-(LESS_THAN_EQUALS b 6)) minSplitSize: 1 maxSplitSize: 256000000 splitStrategy: HYBRID footerInSplits: false numBuckets: 0 numThreads: 10 cacheMemSize: 268435456 cacheStripeDetails: true useSoftReference: false writeIdList: default.t:10000000:9223372036854775807:: isTransactionalTable: true txnProperties: default 
2024-04-24T01:19:46,956  INFO [main] orc.OrcInputFormat: ORC pushdown predicate: (not leaf-(LESS_THAN_EQUALS b 6))
2024-04-24T01:19:46,964  INFO [main] orc.OrcInputFormat: FooterCacheHitRatio: 1/1
2024-04-24T01:19:46,965  INFO [main] orc.OrcInputFormat: getSplits finished (#splits: 1). duration: 9 ms
2024-04-24T01:19:46,965  INFO [main] io.HiveInputFormat: number of splits 1
2024-04-24T01:19:46,984  INFO [main] mapreduce.JobSubmitter: number of splits:1
2024-04-24T01:19:47,004  INFO [main] mapreduce.JobSubmitter: Submitting tokens for job: job_local1703527897_0069
2024-04-24T01:19:47,004  INFO [main] mapreduce.JobSubmitter: Executing with tokens: []
2024-04-24T01:19:47,069  INFO [main] mapreduce.Job: The url to track the job: http://localhost:8080/
Job running in-process (local Hadoop)
2024-04-24T01:19:47,069  INFO [main] exec.Task: Job running in-process (local Hadoop)
2024-04-24T01:19:47,070  INFO [Thread-4506] mapred.LocalJobRunner: OutputCommitter set in config org.apache.hadoop.hive.ql.io.HiveFileFormatUtils$NullOutputCommitter
2024-04-24T01:19:47,070  INFO [Thread-4506] mapred.LocalJobRunner: OutputCommitter is org.apache.hadoop.hive.ql.io.HiveFileFormatUtils$NullOutputCommitter
2024-04-24T01:19:47,072  INFO [Thread-4506] mapred.LocalJobRunner: Waiting for map tasks
2024-04-24T01:19:47,072  INFO [LocalJobRunner Map Task Executor #0] mapred.LocalJobRunner: Starting task: attempt_local1703527897_0069_m_000000_0
2024-04-24T01:19:47,072  INFO [LocalJobRunner Map Task Executor #0] mapred.Task:  Using ResourceCalculatorProcessTree : [ ]
2024-04-24T01:19:47,073  INFO [LocalJobRunner Map Task Executor #0] mapred.MapTask: Processing split: org.apache.hadoop.hive.ql.io.orc.OrcInputFormat:OrcSplit [file:/home/alex/Repositories/hive/ql/target/tmp/org.apache.hadoop.hive.ql.TestTxnNoBuckets-1713946626176/warehouse/t/000000_0, start=3, length=113, isOriginal=true, fileLength=259, hasFooter=false, hasBase=true, deltas=0]
2024-04-24T01:19:47,073  INFO [LocalJobRunner Map Task Executor #0] exec.SerializationUtilities: Deserializing MapWork using kryo
2024-04-24T01:19:47,075  INFO [LocalJobRunner Map Task Executor #0] exec.Utilities: Deserialized plan (via FILE) - name: null size: 6,73KB
2024-04-24T01:19:47,076  INFO [LocalJobRunner Map Task Executor #0] orc.OrcInputFormat: ORC pushdown predicate: (not leaf-(LESS_THAN_EQUALS b 6))
2024-04-24T01:19:47,076  INFO [LocalJobRunner Map Task Executor #0] orc.VectorizedOrcAcidRowBatchReader: Read ValidWriteIdList: default.t:10000000:9223372036854775807:::OrcSplit [file:/home/alex/Repositories/hive/ql/target/tmp/org.apache.hadoop.hive.ql.TestTxnNoBuckets-1713946626176/warehouse/t/000000_0, start=3, length=113, isOriginal=true, fileLength=259, hasFooter=false, hasBase=true, deltas=0]
2024-04-24T01:19:47,077  INFO [LocalJobRunner Map Task Executor #0] orc.ReaderImpl: Reading ORC rows from file:/home/alex/Repositories/hive/ql/target/tmp/org.apache.hadoop.hive.ql.TestTxnNoBuckets-1713946626176/warehouse/t/000000_0 with {include: [true, true, true], offset: 3, length: 113, sarg: (not leaf-(LESS_THAN_EQUALS b 6)), schema: struct<a:int,b:int>, includeAcidColumns: true}
2024-04-24T01:19:47,078  INFO [LocalJobRunner Map Task Executor #0] mapred.MapTask: numReduceTasks: 1
2024-04-24T01:19:47,084  INFO [LocalJobRunner Map Task Executor #0] mapred.MapTask: (EQUATOR) 0 kvi 26214396(104857584)
2024-04-24T01:19:47,084  INFO [LocalJobRunner Map Task Executor #0] mapred.MapTask: mapreduce.task.io.sort.mb: 100
2024-04-24T01:19:47,084  INFO [LocalJobRunner Map Task Executor #0] mapred.MapTask: soft limit at 83886080
2024-04-24T01:19:47,084  INFO [LocalJobRunner Map Task Executor #0] mapred.MapTask: bufstart = 0; bufvoid = 104857600
2024-04-24T01:19:47,084  INFO [LocalJobRunner Map Task Executor #0] mapred.MapTask: kvstart = 26214396; length = 6553600
2024-04-24T01:19:47,085  INFO [LocalJobRunner Map Task Executor #0] mapred.MapTask: Map output collector class = org.apache.hadoop.mapred.MapTask$MapOutputBuffer
2024-04-24T01:19:47,085  INFO [LocalJobRunner Map Task Executor #0] vector.VectorMapOperator: Initializing Operator: MAP[0]
2024-04-24T01:19:47,085  INFO [LocalJobRunner Map Task Executor #0] mr.ExecMapper: 
<MAP>Id =0
  <Children>null
  <\Children>
  <Parent><\Parent>
<\MAP>
2024-04-24T01:19:47,086  INFO [LocalJobRunner Map Task Executor #0] exec.TableScanOperator: Initializing Operator: TS[0]
2024-04-24T01:19:47,086  INFO [LocalJobRunner Map Task Executor #0] vector.VectorFilterOperator: Initializing Operator: FIL[7]
2024-04-24T01:19:47,086  INFO [LocalJobRunner Map Task Executor #0] vector.VectorSelectOperator: Initializing Operator: SEL[8]
2024-04-24T01:19:47,087  INFO [LocalJobRunner Map Task Executor #0] vector.VectorReduceSinkOperator: Initializing Operator: RS[9]
2024-04-24T01:19:47,087  INFO [LocalJobRunner Map Task Executor #0] vector.VectorReduceSinkOperator: Using tag = -1
2024-04-24T01:19:47,088  INFO [LocalJobRunner Map Task Executor #0] vector.VectorReduceSinkOperator: keys are [reducesinkkey0] num distributions: 1
2024-04-24T01:19:47,088  INFO [LocalJobRunner Map Task Executor #0] vector.VectorReduceSinkOperator: RS[9]: records written - 1
2024-04-24T01:19:47,088  INFO [LocalJobRunner Map Task Executor #0] vector.VectorMapOperator: Closing Operator: MAP[0]
2024-04-24T01:19:47,089  INFO [LocalJobRunner Map Task Executor #0] vector.VectorMapOperator: RECORDS_OUT_INTERMEDIATE:0, RECORDS_IN:5, DESERIALIZE_ERRORS:0, RECORDS_OUT_OPERATOR_MAP_0:0, 
2024-04-24T01:19:47,089  INFO [LocalJobRunner Map Task Executor #0] exec.TableScanOperator: Closing Operator: TS[0]
2024-04-24T01:19:47,089  INFO [LocalJobRunner Map Task Executor #0] exec.TableScanOperator: RECORDS_OUT_OPERATOR_TS_0:5, RECORDS_OUT_INTERMEDIATE:0, 
2024-04-24T01:19:47,089  INFO [LocalJobRunner Map Task Executor #0] vector.VectorFilterOperator: Closing Operator: FIL[7]
2024-04-24T01:19:47,089  INFO [LocalJobRunner Map Task Executor #0] vector.VectorFilterOperator: RECORDS_OUT_INTERMEDIATE:0, RECORDS_OUT_OPERATOR_FIL_7:2, 
2024-04-24T01:19:47,089  INFO [LocalJobRunner Map Task Executor #0] vector.VectorSelectOperator: Closing Operator: SEL[8]
2024-04-24T01:19:47,089  INFO [LocalJobRunner Map Task Executor #0] vector.VectorSelectOperator: RECORDS_OUT_OPERATOR_SEL_8:2, RECORDS_OUT_INTERMEDIATE:0, 
2024-04-24T01:19:47,089  INFO [LocalJobRunner Map Task Executor #0] vector.VectorReduceSinkOperator: Closing Operator: RS[9]
2024-04-24T01:19:47,089  INFO [LocalJobRunner Map Task Executor #0] vector.VectorReduceSinkOperator: RS[9]: Total records written - 2. abort - false
2024-04-24T01:19:47,089  INFO [LocalJobRunner Map Task Executor #0] vector.VectorReduceSinkOperator: RECORDS_OUT_OPERATOR_RS_9:2, RECORDS_OUT_INTERMEDIATE:2, 
2024-04-24T01:19:47,090  INFO [LocalJobRunner Map Task Executor #0] mapred.LocalJobRunner: 
2024-04-24T01:19:47,090  INFO [LocalJobRunner Map Task Executor #0] mapred.MapTask: Starting flush of map output
2024-04-24T01:19:47,090  INFO [LocalJobRunner Map Task Executor #0] mapred.MapTask: Spilling map output
2024-04-24T01:19:47,090  INFO [LocalJobRunner Map Task Executor #0] mapred.MapTask: bufstart = 0; bufend = 54; bufvoid = 104857600
2024-04-24T01:19:47,090  INFO [LocalJobRunner Map Task Executor #0] mapred.MapTask: kvstart = 26214396(104857584); kvend = 26214392(104857568); length = 5/6553600
2024-04-24T01:19:47,101  INFO [LocalJobRunner Map Task Executor #0] mapred.MapTask: Finished spill 0
2024-04-24T01:19:47,104  INFO [LocalJobRunner Map Task Executor #0] mapred.Task: Task:attempt_local1703527897_0069_m_000000_0 is done. And is in the process of committing
2024-04-24T01:19:47,105  INFO [LocalJobRunner Map Task Executor #0] mapred.LocalJobRunner: OrcSplit [file:/home/alex/Repositories/hive/ql/target/tmp/org.apache.hadoop.hive.ql.TestTxnNoBuckets-1713946626176/warehouse/t/000000_0, start=3, length=113, isOriginal=true, fileLength=259, hasFooter=false, hasBase=true, deltas=0]
2024-04-24T01:19:47,105  INFO [LocalJobRunner Map Task Executor #0] mapred.Task: Task 'attempt_local1703527897_0069_m_000000_0' done.
2024-04-24T01:19:47,105  INFO [LocalJobRunner Map Task Executor #0] mapred.Task: Final Counters for attempt_local1703527897_0069_m_000000_0: Counters: 25
	File System Counters
		FILE: Number of bytes read=1567368
		FILE: Number of bytes written=81345790
		FILE: Number of read operations=0
		FILE: Number of large read operations=0
		FILE: Number of write operations=0
	Map-Reduce Framework
		Map input records=1
		Map output records=2
		Map output bytes=54
		Map output materialized bytes=64
		Input split bytes=471
		Combine input records=0
		Spilled Records=2
		Failed Shuffles=0
		Merged Map outputs=0
		GC time elapsed (ms)=0
		Total committed heap usage (bytes)=1356333056
	HIVE
		DESERIALIZE_ERRORS=0
		RECORDS_IN=5
		RECORDS_OUT_INTERMEDIATE=2
		RECORDS_OUT_OPERATOR_FIL_7=2
		RECORDS_OUT_OPERATOR_MAP_0=0
		RECORDS_OUT_OPERATOR_RS_9=2
		RECORDS_OUT_OPERATOR_SEL_8=2
		RECORDS_OUT_OPERATOR_TS_0=5
	File Input Format Counters 
		Bytes Read=8164
2024-04-24T01:19:47,105  INFO [LocalJobRunner Map Task Executor #0] mapred.LocalJobRunner: Finishing task: attempt_local1703527897_0069_m_000000_0
2024-04-24T01:19:47,105  INFO [Thread-4506] mapred.LocalJobRunner: map task executor complete.
2024-04-24T01:19:47,106  INFO [Thread-4506] mapred.LocalJobRunner: Waiting for reduce tasks
2024-04-24T01:19:47,106  INFO [pool-284-thread-1] mapred.LocalJobRunner: Starting task: attempt_local1703527897_0069_r_000000_0
2024-04-24T01:19:47,107  INFO [pool-284-thread-1] mapred.Task:  Using ResourceCalculatorProcessTree : [ ]
2024-04-24T01:19:47,107  INFO [pool-284-thread-1] mapred.ReduceTask: Using ShuffleConsumerPlugin: org.apache.hadoop.mapreduce.task.reduce.Shuffle@8417ba6
2024-04-24T01:19:47,107  WARN [pool-284-thread-1] impl.MetricsSystemImpl: JobTracker metrics system already initialized!
2024-04-24T01:19:47,108  INFO [pool-284-thread-1] reduce.MergeManagerImpl: MergerManager: memoryLimit=1336252800, maxSingleShuffleLimit=334063200, mergeThreshold=881926912, ioSortFactor=10, memToMemMergeOutputsThreshold=10
2024-04-24T01:19:47,108  INFO [EventFetcher for fetching Map Completion Events] reduce.EventFetcher: attempt_local1703527897_0069_r_000000_0 Thread started: EventFetcher for fetching Map Completion Events
2024-04-24T01:19:47,109  INFO [localfetcher#42] reduce.LocalFetcher: localfetcher#42 about to shuffle output of map attempt_local1703527897_0069_m_000000_0 decomp: 60 len: 64 to MEMORY
2024-04-24T01:19:47,109  INFO [localfetcher#42] reduce.InMemoryMapOutput: Read 60 bytes from map-output for attempt_local1703527897_0069_m_000000_0
2024-04-24T01:19:47,109  INFO [localfetcher#42] reduce.MergeManagerImpl: closeInMemoryFile -> map-output of size: 60, inMemoryMapOutputs.size() -> 1, commitMemory -> 0, usedMemory ->60
2024-04-24T01:19:47,110  INFO [EventFetcher for fetching Map Completion Events] reduce.EventFetcher: EventFetcher is interrupted.. Returning
2024-04-24T01:19:47,110  INFO [pool-284-thread-1] mapred.LocalJobRunner: 1 / 1 copied.
2024-04-24T01:19:47,110  INFO [pool-284-thread-1] reduce.MergeManagerImpl: finalMerge called with 1 in-memory map-outputs and 0 on-disk map-outputs
2024-04-24T01:19:47,116  INFO [pool-284-thread-1] mapred.Merger: Merging 1 sorted segments
2024-04-24T01:19:47,116  INFO [pool-284-thread-1] mapred.Merger: Down to the last merge-pass, with 1 segments left of total size: 48 bytes
2024-04-24T01:19:47,119  INFO [pool-284-thread-1] reduce.MergeManagerImpl: Merged 1 segments, 60 bytes to disk to satisfy reduce memory limit
2024-04-24T01:19:47,119  INFO [pool-284-thread-1] reduce.MergeManagerImpl: Merging 1 files, 64 bytes from disk
2024-04-24T01:19:47,119  INFO [pool-284-thread-1] reduce.MergeManagerImpl: Merging 0 segments, 0 bytes from memory into reduce
2024-04-24T01:19:47,119  INFO [pool-284-thread-1] mapred.Merger: Merging 1 sorted segments
2024-04-24T01:19:47,119  INFO [pool-284-thread-1] mapred.Merger: Down to the last merge-pass, with 1 segments left of total size: 48 bytes
2024-04-24T01:19:47,119  INFO [pool-284-thread-1] mapred.LocalJobRunner: 1 / 1 copied.
2024-04-24T01:19:47,120  INFO [pool-284-thread-1] exec.SerializationUtilities: Deserializing ReduceWork using kryo
2024-04-24T01:19:47,121  INFO [pool-284-thread-1] exec.Utilities: Deserialized plan (via FILE) - name: null size: 7,73KB
2024-04-24T01:19:47,122  INFO [pool-284-thread-1] ExecReducer: 
<SEL>Id =4
  <Children>
    <FS>Id =5
      <Children>
      <\Children>
      <Parent>Id = 4 null<\Parent>
    <\FS>
  <\Children>
  <Parent><\Parent>
<\SEL>
2024-04-24T01:19:47,122  INFO [pool-284-thread-1] exec.SelectOperator: Initializing Operator: SEL[4]
2024-04-24T01:19:47,122  INFO [pool-284-thread-1] exec.SelectOperator: SELECT struct<key:struct<reducesinkkey0:int>,value:struct<_col0:struct<writeid:bigint,bucketid:int,rowid:bigint>>>
2024-04-24T01:19:47,122  INFO [pool-284-thread-1] exec.FileSinkOperator: Initializing Operator: FS[5]
2024-04-24T01:19:47,123  INFO [pool-284-thread-1] exec.FileSinkOperator: Using serializer : class org.apache.hadoop.hive.serde2.lazy.LazySimpleSerDe [serdeParams=org.apache.hadoop.hive.serde2.lazy.LazySerDeParameters@274716ec, cachedObjectInspector=org.apache.hadoop.hive.serde2.lazy.objectinspector.LazySimpleStructObjectInspector<org.apache.hadoop.hive.serde2.lazy.objectinspector.LazySimpleStructObjectInspector<org.apache.hadoop.hive.serde2.lazy.objectinspector.primitive.LazyLongObjectInspector@4ae93e38,org.apache.hadoop.hive.serde2.lazy.objectinspector.primitive.LazyIntObjectInspector@6ddeeb78,org.apache.hadoop.hive.serde2.lazy.objectinspector.primitive.LazyLongObjectInspector@4ae93e38>,org.apache.hadoop.hive.serde2.lazy.objectinspector.primitive.LazyIntObjectInspector@6ddeeb78>, serializedSize=0, stats=org.apache.hadoop.hive.serde2.SerDeStats@23da2a8f, lastOperationSerialize=false, lastOperationDeserialize=false [1, 2, 3, 4, 5, 6, 7, 8, 11, 14, 15, 16, 17, 18, 19, 20, 21, 22, 23, 24, 25, 26, 28, 29, 30, 31, -128, -127, -126, -125, -124, -123, -122, -121, -120, -119, -118, -117, -116, -115, -114, -113, -112, -111, -110, -109, -108, -107, -106, -105, -104, -103, -102, -101, -100, -99, -98, -97, -96, -95, -94, -93, -92, -91, -90, -89, -88, -87, -86, -85, -84, -83, -82, -81, -80, -79, -78, -77, -76, -75, -74, -73, -72, -71, -70, -69, -68, -67, -66, -65, -64, -63, -62, -61, -60, -59, -58, -57, -56, -55, -54, -53, -52, -51, -50, -49, -48, -47, -46, -45, -44, -43, -42, -41, -40, -39, -38, -37, -36, -35, -34, -33, -32, -31, -30, -29, -28, -27, -26, -25, -24, -23, -22, -21, -20, -19, -18, -17, -16, -15, -14, -13, -12, -11, -10, -9, -8, -7, -6, -5, -4, -3, -2, -1] : [_col0, _col1] : [struct<writeid:bigint,bucketid:int,rowid:bigint>, int]] and formatter : org.apache.hadoop.hive.ql.io.HiveSequenceFileOutputFormat@2db548fd
2024-04-24T01:19:47,123  INFO [pool-284-thread-1] exec.FileSinkOperator: Final Path: FS file:/home/alex/Repositories/hive/ql/target/tmp/localscratchdir/f3b94205-d5f4-414f-8908-21b0f24cd7cb/hive_2024-04-24_01-19-46_592_6348004133305714675-1/-mr-10001/.hive-staging_hive_2024-04-24_01-19-46_592_6348004133305714675-1/_tmp.-ext-10002/000000_0
2024-04-24T01:19:47,123  INFO [pool-284-thread-1] exec.FileSinkOperator: Writing to temp file: FS file:/home/alex/Repositories/hive/ql/target/tmp/localscratchdir/f3b94205-d5f4-414f-8908-21b0f24cd7cb/hive_2024-04-24_01-19-46_592_6348004133305714675-1/-mr-10001/.hive-staging_hive_2024-04-24_01-19-46_592_6348004133305714675-1/_task_tmp.-ext-10002/_tmp.000000_0
2024-04-24T01:19:47,123  INFO [pool-284-thread-1] exec.FileSinkOperator: New Final Path: FS file:/home/alex/Repositories/hive/ql/target/tmp/localscratchdir/f3b94205-d5f4-414f-8908-21b0f24cd7cb/hive_2024-04-24_01-19-46_592_6348004133305714675-1/-mr-10001/.hive-staging_hive_2024-04-24_01-19-46_592_6348004133305714675-1/_tmp.-ext-10002/000000_0
2024-04-24T01:19:47,131  INFO [pool-284-thread-1] exec.FileSinkOperator: FS[5]: records written - 1
2024-04-24T01:19:47,131  INFO [pool-284-thread-1] exec.SelectOperator: Closing Operator: SEL[4]
2024-04-24T01:19:47,131  INFO [pool-284-thread-1] exec.SelectOperator: RECORDS_OUT_OPERATOR_SEL_4:2, RECORDS_OUT_INTERMEDIATE:0, 
2024-04-24T01:19:47,131  INFO [pool-284-thread-1] exec.FileSinkOperator: Closing Operator: FS[5]
2024-04-24T01:19:47,131  INFO [pool-284-thread-1] exec.FileSinkOperator: FS[5]: records written - 2
2024-04-24T01:19:47,131  INFO [pool-284-thread-1] exec.FileSinkOperator: RECORDS_OUT_OPERATOR_FS_5:2, RECORDS_OUT_INTERMEDIATE:0, RECORDS_OUT_0:2, 
2024-04-24T01:19:47,132  INFO [pool-284-thread-1] mapred.Task: Task:attempt_local1703527897_0069_r_000000_0 is done. And is in the process of committing
2024-04-24T01:19:47,132  INFO [pool-284-thread-1] mapred.LocalJobRunner: reduce > reduce
2024-04-24T01:19:47,132  INFO [pool-284-thread-1] mapred.Task: Task 'attempt_local1703527897_0069_r_000000_0' done.
2024-04-24T01:19:47,132  INFO [pool-284-thread-1] mapred.Task: Final Counters for attempt_local1703527897_0069_r_000000_0: Counters: 29
	File System Counters
		FILE: Number of bytes read=1575332
		FILE: Number of bytes written=81346009
		FILE: Number of read operations=0
		FILE: Number of large read operations=0
		FILE: Number of write operations=0
	Map-Reduce Framework
		Combine input records=0
		Combine output records=0
		Reduce input groups=2
		Reduce shuffle bytes=64
		Reduce input records=2
		Reduce output records=0
		Spilled Records=2
		Shuffled Maps =1
		Failed Shuffles=0
		Merged Map outputs=1
		GC time elapsed (ms)=0
		Total committed heap usage (bytes)=1356333056
	HIVE
		CREATED_FILES=1
		RECORDS_OUT_0=2
		RECORDS_OUT_INTERMEDIATE=0
		RECORDS_OUT_OPERATOR_FS_5=2
		RECORDS_OUT_OPERATOR_SEL_4=2
	Shuffle Errors
		BAD_ID=0
		CONNECTION=0
		IO_ERROR=0
		WRONG_LENGTH=0
		WRONG_MAP=0
		WRONG_REDUCE=0
	File Output Format Counters 
		Bytes Written=0
2024-04-24T01:19:47,132  INFO [pool-284-thread-1] mapred.LocalJobRunner: Finishing task: attempt_local1703527897_0069_r_000000_0
2024-04-24T01:19:47,132  INFO [Thread-4506] mapred.LocalJobRunner: reduce task executor complete.
2024-04-24 01:19:48,071 Stage-1 map = 100%,  reduce = 100%
2024-04-24T01:19:48,071  INFO [main] exec.Task: 2024-04-24 01:19:48,071 Stage-1 map = 100%,  reduce = 100%
Ended Job = job_local1703527897_0069
2024-04-24T01:19:48,072  INFO [main] exec.Task: Ended Job = job_local1703527897_0069
2024-04-24T01:19:48,074  INFO [main] metadata.Hive: Dumping metastore api call timing information for : execution phase
2024-04-24T01:19:48,074  INFO [main] metadata.Hive: Total time spent in each metastore function (ms): {}
MapReduce Jobs Launched: 
2024-04-24T01:19:48,074  INFO [main] ql.Driver: MapReduce Jobs Launched: 
Stage-Stage-1:  HDFS Read: 0 HDFS Write: 0 SUCCESS
2024-04-24T01:19:48,074  INFO [main] ql.Driver: Stage-Stage-1:  HDFS Read: 0 HDFS Write: 0 SUCCESS
Total MapReduce CPU Time Spent: 0 msec
2024-04-24T01:19:48,075  INFO [main] ql.Driver: Total MapReduce CPU Time Spent: 0 msec
2024-04-24T01:19:48,075  INFO [main] ql.Driver: Completed executing command(queryId=alex_20240424011946_99ff54f0-90db-41a4-aaea-876deadba866); Time taken: 1.3 seconds
2024-04-24T01:19:48,075  INFO [main] lockmgr.DbTxnManager: Stopped heartbeat for query: alex_20240424011946_99ff54f0-90db-41a4-aaea-876deadba866
2024-04-24T01:19:48,081  INFO [main] txn.TxnHandler: Expected to move at least one record from txn_components to completed_txn_components when committing txn! txnid:19
2024-04-24T01:19:48,089  INFO [main] txn.TxnHandler: Removed transactions: ([19]) from MIN_HISTORY_LEVEL
2024-04-24T01:19:48,089  WARN [main] txn.CompactionTxnHandler: No compaction queue record found for Compaction type transaction commit. txnId:19
2024-04-24T01:19:48,093  INFO [main] mapred.FileInputFormat: Total input files to process : 1
2024-04-24T01:19:48,094  INFO [main] exec.ListSinkOperator: Closing Operator: LIST_SINK[10]
2024-04-24T01:19:48,094  INFO [main] exec.ListSinkOperator: RECORDS_OUT_INTERMEDIATE:0, RECORDS_OUT_OPERATOR_LIST_SINK_10:2, 
2024-04-24T01:19:48,095  WARN [main] ql.TestTxnNoBuckets: null: read data(After conversion with VC1): 
2024-04-24T01:19:48,095  INFO [main] ql.TestTxnNoBuckets: {"writeid":0,"bucketid":536870912,"rowid":3}	6
{"writeid":0,"bucketid":536870912,"rowid":4}	9

2024-04-24T01:19:48,095  INFO [main] ql.TxnCommandsBaseForTests: Running the query: EXPLAIN VECTORIZATION DETAIL select ROW__ID, a from T where b > 6 order by a
2024-04-24T01:19:48,095  INFO [main] ql.Context: Deleting scratch dir: file:/home/alex/Repositories/hive/ql/target/tmp/localscratchdir/f3b94205-d5f4-414f-8908-21b0f24cd7cb/hive_2024-04-24_01-19-46_592_6348004133305714675-1
2024-04-24T01:19:48,096  INFO [main] cleanup.SyncCleanupService: Deleted directory: file:/home/alex/Repositories/hive/ql/target/tmp/localscratchdir/f3b94205-d5f4-414f-8908-21b0f24cd7cb/hive_2024-04-24_01-19-46_592_6348004133305714675-1 on fs with scheme file
2024-04-24T01:19:48,096  INFO [main] ql.Driver: Compiling command(queryId=alex_20240424011948_c2e6d5c8-89b9-494f-9903-f1dc054d0e8d): EXPLAIN VECTORIZATION DETAIL select ROW__ID, a from T where b > 6 order by a
2024-04-24T01:19:48,100  INFO [main] txn.TxnHandler: Added entries to MIN_HISTORY_LEVEL for current txns: ([20]) with min_open_txn: 20
2024-04-24T01:19:48,100  INFO [main] lockmgr.DbTxnManager: Opened txnid:20
2024-04-24T01:19:48,101  INFO [main] parse.CalcitePlanner: Starting Semantic Analysis
2024-04-24T01:19:48,105  INFO [main] parse.CalcitePlanner: Completed phase 1 of Semantic Analysis
2024-04-24T01:19:48,105  INFO [main] parse.CalcitePlanner: Get metadata for source tables
2024-04-24T01:19:48,106  INFO [main] HiveMetaStore.audit: ugi=alex	ip=unknown-ip-addr	cmd=get_table : tbl=hive.default.t	
2024-04-24T01:19:48,116  INFO [main] metastore.HMSHandler: Skipping translation for processor with null
2024-04-24T01:19:48,116  INFO [main] parse.CalcitePlanner: Get metadata for subqueries
2024-04-24T01:19:48,116  INFO [main] parse.CalcitePlanner: Get metadata for destination tables
2024-04-24T01:19:48,116  INFO [main] parse.CalcitePlanner: Completed getting MetaData in Semantic Analysis
2024-04-24T01:19:48,129  INFO [main] HiveMetaStore.audit: ugi=alex	ip=unknown-ip-addr	cmd=get_all_table_constraints : tbl=hive.default.t	
2024-04-24T01:19:48,170  INFO [main] calcite.RelOptHiveTable: Calculating column statistics for default.t, projIndxSet: [0, 1], allowMissingStats: true
2024-04-24T01:19:48,171  INFO [main] HiveMetaStore.audit: ugi=alex	ip=unknown-ip-addr	cmd=get_table_statistics_req: table=hive.default.t	
2024-04-24T01:19:48,180  WARN [main] calcite.RelOptHiveTable: No Stats for default@t, Columns: b, a
No Stats for default@t, Columns: b, a
2024-04-24T01:19:48,180  INFO [main] SessionState: No Stats for default@t, Columns: b, a
2024-04-24T01:19:48,252  INFO [main] parse.CalcitePlanner: Get metadata for source tables
2024-04-24T01:19:48,252  INFO [main] parse.CalcitePlanner: Get metadata for subqueries
2024-04-24T01:19:48,252  INFO [main] parse.CalcitePlanner: Get metadata for destination tables
2024-04-24T01:19:48,254  INFO [main] parse.CalcitePlanner: CBO Succeeded; optimized logical plan.
2024-04-24T01:19:48,257  INFO [main] optimizer.ColumnPrunerProcFactory: RS 3 oldColExprMap: {VALUE._col0=Column[_col0], KEY.reducesinkkey0=Column[_col1]}
2024-04-24T01:19:48,257  INFO [main] optimizer.ColumnPrunerProcFactory: RS 3 newColExprMap: {VALUE._col0=Column[_col0], KEY.reducesinkkey0=Column[_col1]}
2024-04-24T01:19:48,257  INFO [main] optimizer.BucketVersionPopulator: not considering bucketingVersion for: TS[0] because it has -1<2 buckets 
2024-04-24T01:19:48,261  INFO [main] optimizer.SortedDynPartitionOptimizer: Sorted dynamic partitioning optimization kicked in..
2024-04-24T01:19:48,272  INFO [main] physical.Vectorizer: Examining input format to see if vectorization is enabled.
2024-04-24T01:19:48,272  INFO [main] physical.Vectorizer: Vectorization is enabled for input format(s) [org.apache.hadoop.hive.ql.io.orc.OrcInputFormat]
2024-04-24T01:19:48,272  INFO [main] physical.Vectorizer: Validating and vectorizing MapWork... (vectorizedVertexNum 0)
2024-04-24T01:19:48,274  INFO [main] physical.Vectorizer: Map vectorization enabled: true
2024-04-24T01:19:48,274  INFO [main] physical.Vectorizer: Map vectorized: true
2024-04-24T01:19:48,274  INFO [main] physical.Vectorizer: Map vectorizedVertexNum: 0
2024-04-24T01:19:48,274  INFO [main] physical.Vectorizer: Map enabledConditionsMet: [hive.vectorized.use.vectorized.input.format IS true]
2024-04-24T01:19:48,274  INFO [main] physical.Vectorizer: Map inputFileFormatClassNameSet: [org.apache.hadoop.hive.ql.io.orc.OrcInputFormat]
2024-04-24T01:19:48,274  INFO [main] physical.Vectorizer: Reduce vectorization enabled: false
2024-04-24T01:19:48,274  INFO [main] physical.Vectorizer: Reduce vectorized: false
2024-04-24T01:19:48,274  INFO [main] physical.Vectorizer: Reduce vectorizedVertexNum: 1
2024-04-24T01:19:48,274  INFO [main] physical.Vectorizer: Reducer hive.vectorized.execution.reduce.enabled: true
2024-04-24T01:19:48,274  INFO [main] physical.Vectorizer: Reducer engine: mr
2024-04-24T01:19:48,274  INFO [main] parse.CalcitePlanner: Completed plan generation
2024-04-24T01:19:48,274  INFO [main] ql.Driver: Semantic Analysis Completed (retrial = false)
2024-04-24T01:19:48,274  INFO [main] ql.Driver: Created Hive schema: Schema(fieldSchemas:[FieldSchema(name:Explain, type:string, comment:null)], properties:null)
2024-04-24T01:19:48,274  INFO [main] metadata.Hive: Dumping metastore api call timing information for : compilation phase
2024-04-24T01:19:48,274  INFO [main] metadata.Hive: Total time spent in each metastore function (ms): {getValidWriteIds_(List, String)=3, getTable_(GetTableRequest)=11, getTableColumnStatistics_(String, String, List, String)=9, isCompatibleWith_(Configuration)=2, getAllTableConstraints_(AllTableConstraintsRequest)=6, commitTxn_(CommitTxnRequest)=14, flushCache_()=0, getValidTxns_(long)=0, openTxn_(String, TxnType)=3}
2024-04-24T01:19:48,275  INFO [main] ql.Driver: Completed compiling command(queryId=alex_20240424011948_c2e6d5c8-89b9-494f-9903-f1dc054d0e8d); Time taken: 0.178 seconds
2024-04-24T01:19:48,275  INFO [main] ql.Driver: Executing command(queryId=alex_20240424011948_c2e6d5c8-89b9-494f-9903-f1dc054d0e8d): EXPLAIN VECTORIZATION DETAIL select ROW__ID, a from T where b > 6 order by a
2024-04-24T01:19:48,275  INFO [main] ql.Driver: Starting task [Stage-2:EXPLAIN] in serial mode
2024-04-24T01:19:48,287  INFO [main] metadata.Hive: Dumping metastore api call timing information for : execution phase
2024-04-24T01:19:48,288  INFO [main] metadata.Hive: Total time spent in each metastore function (ms): {}
2024-04-24T01:19:48,288  INFO [main] ql.Driver: Completed executing command(queryId=alex_20240424011948_c2e6d5c8-89b9-494f-9903-f1dc054d0e8d); Time taken: 0.012 seconds
2024-04-24T01:19:48,288  INFO [main] lockmgr.DbTxnManager: Stopped heartbeat for query: null
2024-04-24T01:19:48,293  INFO [main] txn.TxnHandler: Expected to move at least one record from txn_components to completed_txn_components when committing txn! txnid:20
2024-04-24T01:19:48,300  INFO [main] txn.TxnHandler: Removed transactions: ([20]) from MIN_HISTORY_LEVEL
2024-04-24T01:19:48,300  WARN [main] txn.CompactionTxnHandler: No compaction queue record found for Compaction type transaction commit. txnId:20
2024-04-24T01:19:48,301  INFO [main] ql.TxnCommandsBaseForTests: Running the query: select ROW__ID, a from T where b > 0 order by a
2024-04-24T01:19:48,301  INFO [main] ql.Context: Deleting scratch dir: file:/home/alex/Repositories/hive/ql/target/tmp/localscratchdir/f3b94205-d5f4-414f-8908-21b0f24cd7cb/hive_2024-04-24_01-19-48_096_7947645624825085277-1
2024-04-24T01:19:48,301  INFO [main] cleanup.SyncCleanupService: Deleted directory: file:/home/alex/Repositories/hive/ql/target/tmp/localscratchdir/f3b94205-d5f4-414f-8908-21b0f24cd7cb/hive_2024-04-24_01-19-48_096_7947645624825085277-1 on fs with scheme file
2024-04-24T01:19:48,302  INFO [main] ql.Driver: Compiling command(queryId=alex_20240424011948_ae212d58-2f86-49e3-bdf9-181de1c03cb2): select ROW__ID, a from T where b > 0 order by a
2024-04-24T01:19:48,304  INFO [main] txn.TxnHandler: Added entries to MIN_HISTORY_LEVEL for current txns: ([21]) with min_open_txn: 20
2024-04-24T01:19:48,304  INFO [main] lockmgr.DbTxnManager: Opened txnid:21
2024-04-24T01:19:48,305  INFO [main] parse.CalcitePlanner: Starting caching scope for: 
2024-04-24T01:19:48,305  INFO [main] parse.CalcitePlanner: Starting Semantic Analysis
2024-04-24T01:19:48,307  INFO [main] parse.CalcitePlanner: Completed phase 1 of Semantic Analysis
2024-04-24T01:19:48,307  INFO [main] parse.CalcitePlanner: Get metadata for source tables
2024-04-24T01:19:48,308  INFO [main] HiveMetaStore.audit: ugi=alex	ip=unknown-ip-addr	cmd=get_table : tbl=hive.default.t	
2024-04-24T01:19:48,314  INFO [main] metastore.HMSHandler: Skipping translation for processor with null
2024-04-24T01:19:48,314  INFO [main] parse.CalcitePlanner: Get metadata for subqueries
2024-04-24T01:19:48,314  INFO [main] parse.CalcitePlanner: Get metadata for destination tables
2024-04-24T01:19:48,314  INFO [main] parse.CalcitePlanner: Completed getting MetaData in Semantic Analysis
2024-04-24T01:19:48,327  INFO [main] HiveMetaStore.audit: ugi=alex	ip=unknown-ip-addr	cmd=get_all_table_constraints : tbl=hive.default.t	
2024-04-24T01:19:48,364  INFO [main] calcite.RelOptHiveTable: Calculating column statistics for default.t, projIndxSet: [0, 1], allowMissingStats: true
2024-04-24T01:19:48,364  INFO [main] HiveMetaStore.audit: ugi=alex	ip=unknown-ip-addr	cmd=get_table_statistics_req: table=hive.default.t	
2024-04-24T01:19:48,373  WARN [main] calcite.RelOptHiveTable: No Stats for default@t, Columns: b, a
No Stats for default@t, Columns: b, a
2024-04-24T01:19:48,374  INFO [main] SessionState: No Stats for default@t, Columns: b, a
2024-04-24T01:19:48,438  INFO [main] parse.CalcitePlanner: Get metadata for source tables
2024-04-24T01:19:48,438  INFO [main] parse.CalcitePlanner: Get metadata for subqueries
2024-04-24T01:19:48,438  INFO [main] parse.CalcitePlanner: Get metadata for destination tables
2024-04-24T01:19:48,440  INFO [main] common.FileUtils: Creating directory if it doesn't exist: file:/home/alex/Repositories/hive/ql/target/tmp/localscratchdir/f3b94205-d5f4-414f-8908-21b0f24cd7cb/hive_2024-04-24_01-19-48_301_2310080647514963695-1/-mr-10001/.hive-staging_hive_2024-04-24_01-19-48_301_2310080647514963695-1
2024-04-24T01:19:48,447  INFO [main] parse.CalcitePlanner: CBO Succeeded; optimized logical plan.
2024-04-24T01:19:48,451  INFO [main] optimizer.ColumnPrunerProcFactory: RS 3 oldColExprMap: {VALUE._col0=Column[_col0], KEY.reducesinkkey0=Column[_col1]}
2024-04-24T01:19:48,451  INFO [main] optimizer.ColumnPrunerProcFactory: RS 3 newColExprMap: {VALUE._col0=Column[_col0], KEY.reducesinkkey0=Column[_col1]}
2024-04-24T01:19:48,452  INFO [main] optimizer.BucketVersionPopulator: not considering bucketingVersion for: TS[0] because it has -1<2 buckets 
2024-04-24T01:19:48,453  INFO [main] optimizer.SortedDynPartitionOptimizer: Sorted dynamic partitioning optimization kicked in..
2024-04-24T01:19:48,462  INFO [main] physical.Vectorizer: Examining input format to see if vectorization is enabled.
2024-04-24T01:19:48,462  INFO [main] physical.Vectorizer: Vectorization is enabled for input format(s) [org.apache.hadoop.hive.ql.io.orc.OrcInputFormat]
2024-04-24T01:19:48,462  INFO [main] physical.Vectorizer: Validating and vectorizing MapWork... (vectorizedVertexNum 0)
2024-04-24T01:19:48,464  INFO [main] physical.Vectorizer: Map vectorization enabled: true
2024-04-24T01:19:48,464  INFO [main] physical.Vectorizer: Map vectorized: true
2024-04-24T01:19:48,464  INFO [main] physical.Vectorizer: Map vectorizedVertexNum: 0
2024-04-24T01:19:48,464  INFO [main] physical.Vectorizer: Map enabledConditionsMet: [hive.vectorized.use.vectorized.input.format IS true]
2024-04-24T01:19:48,464  INFO [main] physical.Vectorizer: Map inputFileFormatClassNameSet: [org.apache.hadoop.hive.ql.io.orc.OrcInputFormat]
2024-04-24T01:19:48,464  INFO [main] physical.Vectorizer: Reduce vectorization enabled: false
2024-04-24T01:19:48,464  INFO [main] physical.Vectorizer: Reduce vectorized: false
2024-04-24T01:19:48,464  INFO [main] physical.Vectorizer: Reduce vectorizedVertexNum: 1
2024-04-24T01:19:48,464  INFO [main] physical.Vectorizer: Reducer hive.vectorized.execution.reduce.enabled: true
2024-04-24T01:19:48,464  INFO [main] physical.Vectorizer: Reducer engine: mr
2024-04-24T01:19:48,464  INFO [main] parse.CalcitePlanner: Completed plan generation
2024-04-24T01:19:48,464  INFO [main] parse.CalcitePlanner: Ending caching scope for: 
2024-04-24T01:19:48,464  INFO [main] ql.Driver: Semantic Analysis Completed (retrial = false)
2024-04-24T01:19:48,464  INFO [main] ql.Driver: Created Hive schema: Schema(fieldSchemas:[FieldSchema(name:row__id, type:struct<writeid:bigint,bucketid:int,rowid:bigint>, comment:null), FieldSchema(name:a, type:int, comment:null)], properties:null)
2024-04-24T01:19:48,465  INFO [main] exec.ListSinkOperator: Initializing Operator: LIST_SINK[10]
2024-04-24T01:19:48,466  INFO [main] metadata.Hive: Dumping metastore api call timing information for : compilation phase
2024-04-24T01:19:48,466  INFO [main] metadata.Hive: Total time spent in each metastore function (ms): {openTxn_(String, TxnType)=2, isCompatibleWith_(Configuration)=0, getValidWriteIds_(List, String)=4, commitTxn_(CommitTxnRequest)=12, getValidTxns_(long)=1, flushCache_()=0, getAllTableConstraints_(AllTableConstraintsRequest)=4, getTable_(GetTableRequest)=6, getTableColumnStatistics_(String, String, List, String)=9}
2024-04-24T01:19:48,466  INFO [main] ql.Driver: Completed compiling command(queryId=alex_20240424011948_ae212d58-2f86-49e3-bdf9-181de1c03cb2); Time taken: 0.165 seconds
2024-04-24T01:19:48,466  INFO [main] lockmgr.DbTxnManager: Setting lock request transaction to txnid:21 for queryId=alex_20240424011948_ae212d58-2f86-49e3-bdf9-181de1c03cb2
2024-04-24T01:19:48,467  INFO [main] lockmgr.DbLockManager: Requesting lock for queryId=alex_20240424011948_ae212d58-2f86-49e3-bdf9-181de1c03cb2
2024-04-24T01:19:48,485  INFO [main] lockmgr.DbLockManager: Response to queryId=alex_20240424011948_ae212d58-2f86-49e3-bdf9-181de1c03cb2 LockResponse(lockid:13, state:ACQUIRED)
2024-04-24T01:19:48,485  INFO [main] ql.Driver: Operation QUERY obtained 1 locks
2024-04-24T01:19:48,486  INFO [main] ql.Driver: Executing command(queryId=alex_20240424011948_ae212d58-2f86-49e3-bdf9-181de1c03cb2): select ROW__ID, a from T where b > 0 order by a
2024-04-24T01:19:48,486  WARN [main] ql.Driver: Hive-on-MR is deprecated in Hive 2 and may not be available in the future versions. Consider using a different execution engine (i.e. spark, tez) or using Hive 1.X releases.
Query ID = alex_20240424011948_ae212d58-2f86-49e3-bdf9-181de1c03cb2
2024-04-24T01:19:48,486  INFO [main] ql.Driver: Query ID = alex_20240424011948_ae212d58-2f86-49e3-bdf9-181de1c03cb2
Total jobs = 1
2024-04-24T01:19:48,486  INFO [main] ql.Driver: Total jobs = 1
Launching Job 1 out of 1
2024-04-24T01:19:48,486  INFO [main] ql.Driver: Launching Job 1 out of 1
2024-04-24T01:19:48,624  INFO [main] ql.Driver: Starting task [Stage-1:MAPRED] in serial mode
Number of reduce tasks determined at compile time: 1
2024-04-24T01:19:48,624  INFO [main] exec.Task: Number of reduce tasks determined at compile time: 1
In order to change the average load for a reducer (in bytes):
2024-04-24T01:19:48,624  INFO [main] exec.Task: In order to change the average load for a reducer (in bytes):
  set hive.exec.reducers.bytes.per.reducer=<number>
2024-04-24T01:19:48,624  INFO [main] exec.Task:   set hive.exec.reducers.bytes.per.reducer=<number>
In order to limit the maximum number of reducers:
2024-04-24T01:19:48,624  INFO [main] exec.Task: In order to limit the maximum number of reducers:
  set hive.exec.reducers.max=<number>
2024-04-24T01:19:48,624  INFO [main] exec.Task:   set hive.exec.reducers.max=<number>
In order to set a constant number of reducers:
2024-04-24T01:19:48,624  INFO [main] exec.Task: In order to set a constant number of reducers:
  set mapreduce.job.reduces=<number>
2024-04-24T01:19:48,624  INFO [main] exec.Task:   set mapreduce.job.reduces=<number>
2024-04-24T01:19:48,627  INFO [main] mr.ExecDriver: Using org.apache.hadoop.hive.ql.io.HiveInputFormat
2024-04-24T01:19:48,627  INFO [main] exec.Utilities: Processing alias t
2024-04-24T01:19:48,627  INFO [main] exec.Utilities: Adding 1 inputs; the first input is file:/home/alex/Repositories/hive/ql/target/tmp/org.apache.hadoop.hive.ql.TestTxnNoBuckets-1713946626176/warehouse/t
2024-04-24T01:19:48,637  INFO [main] exec.SerializationUtilities: Serializing MapWork using kryo
2024-04-24T01:19:48,639  INFO [main] exec.Utilities: Serialized plan (via FILE) - name: null size: 6,73KB
2024-04-24T01:19:48,643  INFO [main] exec.SerializationUtilities: Serializing ReduceWork using kryo
2024-04-24T01:19:48,645  INFO [main] exec.Utilities: Serialized plan (via FILE) - name: null size: 7,73KB
2024-04-24T01:19:48,646  WARN [main] impl.MetricsSystemImpl: JobTracker metrics system already initialized!
2024-04-24T01:19:48,653  WARN [main] impl.MetricsSystemImpl: JobTracker metrics system already initialized!
2024-04-24T01:19:48,661  WARN [main] mapreduce.JobResourceUploader: Hadoop command-line option parsing not performed. Implement the Tool interface and execute your application with ToolRunner to remedy this.
2024-04-24T01:19:48,665  WARN [main] mapreduce.JobResourceUploader: No job jar file set.  User classes may not be found. See Job or Job#setJar(String).
2024-04-24T01:19:48,666  INFO [main] io.HiveInputFormat: hive.io.file.readcolumn.ids = 0,1
2024-04-24T01:19:48,666  INFO [main] io.HiveInputFormat: hive.io.file.readcolumn.names = a,b
2024-04-24T01:19:48,666  INFO [main] io.HiveInputFormat: Generating splits for dirs: file:/home/alex/Repositories/hive/ql/target/tmp/org.apache.hadoop.hive.ql.TestTxnNoBuckets-1713946626176/warehouse/t
2024-04-24T01:19:48,667  INFO [main] orc.OrcInputFormat: getSplits started
2024-04-24T01:19:48,667  INFO [main] orc.OrcInputFormat: Context:: isAcid: true isVectorMode: true sarg: (not leaf-(LESS_THAN_EQUALS b 0)) minSplitSize: 1 maxSplitSize: 256000000 splitStrategy: HYBRID footerInSplits: false numBuckets: 0 numThreads: 10 cacheMemSize: 268435456 cacheStripeDetails: true useSoftReference: false writeIdList: default.t:10000000:9223372036854775807:: isTransactionalTable: true txnProperties: default 
2024-04-24T01:19:48,667  INFO [main] orc.OrcInputFormat: ORC pushdown predicate: (not leaf-(LESS_THAN_EQUALS b 0))
2024-04-24T01:19:48,675  INFO [main] orc.OrcInputFormat: FooterCacheHitRatio: 1/1
2024-04-24T01:19:48,675  INFO [main] orc.OrcInputFormat: getSplits finished (#splits: 1). duration: 8 ms
2024-04-24T01:19:48,675  INFO [main] io.HiveInputFormat: number of splits 1
2024-04-24T01:19:48,693  INFO [main] mapreduce.JobSubmitter: number of splits:1
2024-04-24T01:19:48,713  INFO [main] mapreduce.JobSubmitter: Submitting tokens for job: job_local1048021613_0070
2024-04-24T01:19:48,713  INFO [main] mapreduce.JobSubmitter: Executing with tokens: []
2024-04-24T01:19:48,781  INFO [main] mapreduce.Job: The url to track the job: http://localhost:8080/
Job running in-process (local Hadoop)
2024-04-24T01:19:48,781  INFO [main] exec.Task: Job running in-process (local Hadoop)
2024-04-24T01:19:48,781  INFO [Thread-4560] mapred.LocalJobRunner: OutputCommitter set in config org.apache.hadoop.hive.ql.io.HiveFileFormatUtils$NullOutputCommitter
2024-04-24T01:19:48,781  INFO [Thread-4560] mapred.LocalJobRunner: OutputCommitter is org.apache.hadoop.hive.ql.io.HiveFileFormatUtils$NullOutputCommitter
2024-04-24T01:19:48,782  INFO [Thread-4560] mapred.LocalJobRunner: Waiting for map tasks
2024-04-24T01:19:48,783  INFO [LocalJobRunner Map Task Executor #0] mapred.LocalJobRunner: Starting task: attempt_local1048021613_0070_m_000000_0
2024-04-24T01:19:48,783  INFO [LocalJobRunner Map Task Executor #0] mapred.Task:  Using ResourceCalculatorProcessTree : [ ]
2024-04-24T01:19:48,783  INFO [LocalJobRunner Map Task Executor #0] mapred.MapTask: Processing split: org.apache.hadoop.hive.ql.io.orc.OrcInputFormat:OrcSplit [file:/home/alex/Repositories/hive/ql/target/tmp/org.apache.hadoop.hive.ql.TestTxnNoBuckets-1713946626176/warehouse/t/000000_0, start=3, length=113, isOriginal=true, fileLength=259, hasFooter=false, hasBase=true, deltas=0]
2024-04-24T01:19:48,784  INFO [LocalJobRunner Map Task Executor #0] exec.SerializationUtilities: Deserializing MapWork using kryo
2024-04-24T01:19:48,784  INFO [LocalJobRunner Map Task Executor #0] exec.Utilities: Deserialized plan (via FILE) - name: null size: 6,73KB
2024-04-24T01:19:48,785  INFO [LocalJobRunner Map Task Executor #0] orc.OrcInputFormat: ORC pushdown predicate: (not leaf-(LESS_THAN_EQUALS b 0))
2024-04-24T01:19:48,785  INFO [LocalJobRunner Map Task Executor #0] orc.VectorizedOrcAcidRowBatchReader: Read ValidWriteIdList: default.t:10000000:9223372036854775807:::OrcSplit [file:/home/alex/Repositories/hive/ql/target/tmp/org.apache.hadoop.hive.ql.TestTxnNoBuckets-1713946626176/warehouse/t/000000_0, start=3, length=113, isOriginal=true, fileLength=259, hasFooter=false, hasBase=true, deltas=0]
2024-04-24T01:19:48,785  INFO [LocalJobRunner Map Task Executor #0] orc.ReaderImpl: Reading ORC rows from file:/home/alex/Repositories/hive/ql/target/tmp/org.apache.hadoop.hive.ql.TestTxnNoBuckets-1713946626176/warehouse/t/000000_0 with {include: [true, true, true], offset: 3, length: 113, sarg: (not leaf-(LESS_THAN_EQUALS b 0)), schema: struct<a:int,b:int>, includeAcidColumns: true}
2024-04-24T01:19:48,786  INFO [LocalJobRunner Map Task Executor #0] mapred.MapTask: numReduceTasks: 1
2024-04-24T01:19:48,801  INFO [LocalJobRunner Map Task Executor #0] mapred.MapTask: (EQUATOR) 0 kvi 26214396(104857584)
2024-04-24T01:19:48,801  INFO [LocalJobRunner Map Task Executor #0] mapred.MapTask: mapreduce.task.io.sort.mb: 100
2024-04-24T01:19:48,801  INFO [LocalJobRunner Map Task Executor #0] mapred.MapTask: soft limit at 83886080
2024-04-24T01:19:48,801  INFO [LocalJobRunner Map Task Executor #0] mapred.MapTask: bufstart = 0; bufvoid = 104857600
2024-04-24T01:19:48,801  INFO [LocalJobRunner Map Task Executor #0] mapred.MapTask: kvstart = 26214396; length = 6553600
2024-04-24T01:19:48,802  INFO [LocalJobRunner Map Task Executor #0] mapred.MapTask: Map output collector class = org.apache.hadoop.mapred.MapTask$MapOutputBuffer
2024-04-24T01:19:48,802  INFO [LocalJobRunner Map Task Executor #0] vector.VectorMapOperator: Initializing Operator: MAP[0]
2024-04-24T01:19:48,802  INFO [LocalJobRunner Map Task Executor #0] mr.ExecMapper: 
<MAP>Id =0
  <Children>null
  <\Children>
  <Parent><\Parent>
<\MAP>
2024-04-24T01:19:48,803  INFO [LocalJobRunner Map Task Executor #0] exec.TableScanOperator: Initializing Operator: TS[0]
2024-04-24T01:19:48,803  INFO [LocalJobRunner Map Task Executor #0] vector.VectorFilterOperator: Initializing Operator: FIL[7]
2024-04-24T01:19:48,803  INFO [LocalJobRunner Map Task Executor #0] vector.VectorSelectOperator: Initializing Operator: SEL[8]
2024-04-24T01:19:48,803  INFO [LocalJobRunner Map Task Executor #0] vector.VectorReduceSinkOperator: Initializing Operator: RS[9]
2024-04-24T01:19:48,803  INFO [LocalJobRunner Map Task Executor #0] vector.VectorReduceSinkOperator: Using tag = -1
2024-04-24T01:19:48,803  INFO [LocalJobRunner Map Task Executor #0] vector.VectorReduceSinkOperator: keys are [reducesinkkey0] num distributions: 1
2024-04-24T01:19:48,803  INFO [LocalJobRunner Map Task Executor #0] vector.VectorReduceSinkOperator: RS[9]: records written - 1
2024-04-24T01:19:48,803  INFO [LocalJobRunner Map Task Executor #0] vector.VectorMapOperator: Closing Operator: MAP[0]
2024-04-24T01:19:48,803  INFO [LocalJobRunner Map Task Executor #0] vector.VectorMapOperator: RECORDS_OUT_INTERMEDIATE:0, RECORDS_OUT_OPERATOR_MAP_0:0, DESERIALIZE_ERRORS:0, RECORDS_IN:5, 
2024-04-24T01:19:48,803  INFO [LocalJobRunner Map Task Executor #0] exec.TableScanOperator: Closing Operator: TS[0]
2024-04-24T01:19:48,804  INFO [LocalJobRunner Map Task Executor #0] exec.TableScanOperator: RECORDS_OUT_OPERATOR_TS_0:5, RECORDS_OUT_INTERMEDIATE:0, 
2024-04-24T01:19:48,804  INFO [LocalJobRunner Map Task Executor #0] vector.VectorFilterOperator: Closing Operator: FIL[7]
2024-04-24T01:19:48,804  INFO [LocalJobRunner Map Task Executor #0] vector.VectorFilterOperator: RECORDS_OUT_INTERMEDIATE:0, RECORDS_OUT_OPERATOR_FIL_7:5, 
2024-04-24T01:19:48,804  INFO [LocalJobRunner Map Task Executor #0] vector.VectorSelectOperator: Closing Operator: SEL[8]
2024-04-24T01:19:48,804  INFO [LocalJobRunner Map Task Executor #0] vector.VectorSelectOperator: RECORDS_OUT_OPERATOR_SEL_8:5, RECORDS_OUT_INTERMEDIATE:0, 
2024-04-24T01:19:48,804  INFO [LocalJobRunner Map Task Executor #0] vector.VectorReduceSinkOperator: Closing Operator: RS[9]
2024-04-24T01:19:48,804  INFO [LocalJobRunner Map Task Executor #0] vector.VectorReduceSinkOperator: RS[9]: Total records written - 5. abort - false
2024-04-24T01:19:48,804  INFO [LocalJobRunner Map Task Executor #0] vector.VectorReduceSinkOperator: RECORDS_OUT_INTERMEDIATE:5, RECORDS_OUT_OPERATOR_RS_9:5, 
2024-04-24T01:19:48,804  INFO [LocalJobRunner Map Task Executor #0] mapred.LocalJobRunner: 
2024-04-24T01:19:48,804  INFO [LocalJobRunner Map Task Executor #0] mapred.MapTask: Starting flush of map output
2024-04-24T01:19:48,804  INFO [LocalJobRunner Map Task Executor #0] mapred.MapTask: Spilling map output
2024-04-24T01:19:48,804  INFO [LocalJobRunner Map Task Executor #0] mapred.MapTask: bufstart = 0; bufend = 135; bufvoid = 104857600
2024-04-24T01:19:48,804  INFO [LocalJobRunner Map Task Executor #0] mapred.MapTask: kvstart = 26214396(104857584); kvend = 26214380(104857520); length = 17/6553600
2024-04-24T01:19:48,814  INFO [LocalJobRunner Map Task Executor #0] mapred.MapTask: Finished spill 0
2024-04-24T01:19:48,817  INFO [LocalJobRunner Map Task Executor #0] mapred.Task: Task:attempt_local1048021613_0070_m_000000_0 is done. And is in the process of committing
2024-04-24T01:19:48,818  INFO [LocalJobRunner Map Task Executor #0] mapred.LocalJobRunner: OrcSplit [file:/home/alex/Repositories/hive/ql/target/tmp/org.apache.hadoop.hive.ql.TestTxnNoBuckets-1713946626176/warehouse/t/000000_0, start=3, length=113, isOriginal=true, fileLength=259, hasFooter=false, hasBase=true, deltas=0]
2024-04-24T01:19:48,818  INFO [LocalJobRunner Map Task Executor #0] mapred.Task: Task 'attempt_local1048021613_0070_m_000000_0' done.
2024-04-24T01:19:48,818  INFO [LocalJobRunner Map Task Executor #0] mapred.Task: Final Counters for attempt_local1048021613_0070_m_000000_0: Counters: 25
	File System Counters
		FILE: Number of bytes read=1588240
		FILE: Number of bytes written=82532698
		FILE: Number of read operations=0
		FILE: Number of large read operations=0
		FILE: Number of write operations=0
	Map-Reduce Framework
		Map input records=1
		Map output records=5
		Map output bytes=135
		Map output materialized bytes=151
		Input split bytes=471
		Combine input records=0
		Spilled Records=5
		Failed Shuffles=0
		Merged Map outputs=0
		GC time elapsed (ms)=11
		Total committed heap usage (bytes)=1348993024
	HIVE
		DESERIALIZE_ERRORS=0
		RECORDS_IN=5
		RECORDS_OUT_INTERMEDIATE=5
		RECORDS_OUT_OPERATOR_FIL_7=5
		RECORDS_OUT_OPERATOR_MAP_0=0
		RECORDS_OUT_OPERATOR_RS_9=5
		RECORDS_OUT_OPERATOR_SEL_8=5
		RECORDS_OUT_OPERATOR_TS_0=5
	File Input Format Counters 
		Bytes Read=8164
2024-04-24T01:19:48,818  INFO [LocalJobRunner Map Task Executor #0] mapred.LocalJobRunner: Finishing task: attempt_local1048021613_0070_m_000000_0
2024-04-24T01:19:48,818  INFO [Thread-4560] mapred.LocalJobRunner: map task executor complete.
2024-04-24T01:19:48,819  INFO [Thread-4560] mapred.LocalJobRunner: Waiting for reduce tasks
2024-04-24T01:19:48,819  INFO [pool-287-thread-1] mapred.LocalJobRunner: Starting task: attempt_local1048021613_0070_r_000000_0
2024-04-24T01:19:48,819  INFO [pool-287-thread-1] mapred.Task:  Using ResourceCalculatorProcessTree : [ ]
2024-04-24T01:19:48,819  INFO [pool-287-thread-1] mapred.ReduceTask: Using ShuffleConsumerPlugin: org.apache.hadoop.mapreduce.task.reduce.Shuffle@7b0fd133
2024-04-24T01:19:48,819  WARN [pool-287-thread-1] impl.MetricsSystemImpl: JobTracker metrics system already initialized!
2024-04-24T01:19:48,820  INFO [pool-287-thread-1] reduce.MergeManagerImpl: MergerManager: memoryLimit=1336252800, maxSingleShuffleLimit=334063200, mergeThreshold=881926912, ioSortFactor=10, memToMemMergeOutputsThreshold=10
2024-04-24T01:19:48,821  INFO [EventFetcher for fetching Map Completion Events] reduce.EventFetcher: attempt_local1048021613_0070_r_000000_0 Thread started: EventFetcher for fetching Map Completion Events
2024-04-24T01:19:48,821  INFO [localfetcher#43] reduce.LocalFetcher: localfetcher#43 about to shuffle output of map attempt_local1048021613_0070_m_000000_0 decomp: 147 len: 151 to MEMORY
2024-04-24T01:19:48,821  INFO [localfetcher#43] reduce.InMemoryMapOutput: Read 147 bytes from map-output for attempt_local1048021613_0070_m_000000_0
2024-04-24T01:19:48,822  INFO [localfetcher#43] reduce.MergeManagerImpl: closeInMemoryFile -> map-output of size: 147, inMemoryMapOutputs.size() -> 1, commitMemory -> 0, usedMemory ->147
2024-04-24T01:19:48,822  INFO [EventFetcher for fetching Map Completion Events] reduce.EventFetcher: EventFetcher is interrupted.. Returning
2024-04-24T01:19:48,822  INFO [pool-287-thread-1] mapred.LocalJobRunner: 1 / 1 copied.
2024-04-24T01:19:48,822  INFO [pool-287-thread-1] reduce.MergeManagerImpl: finalMerge called with 1 in-memory map-outputs and 0 on-disk map-outputs
2024-04-24T01:19:48,828  INFO [pool-287-thread-1] mapred.Merger: Merging 1 sorted segments
2024-04-24T01:19:48,828  INFO [pool-287-thread-1] mapred.Merger: Down to the last merge-pass, with 1 segments left of total size: 135 bytes
2024-04-24T01:19:48,831  INFO [pool-287-thread-1] reduce.MergeManagerImpl: Merged 1 segments, 147 bytes to disk to satisfy reduce memory limit
2024-04-24T01:19:48,831  INFO [pool-287-thread-1] reduce.MergeManagerImpl: Merging 1 files, 151 bytes from disk
2024-04-24T01:19:48,831  INFO [pool-287-thread-1] reduce.MergeManagerImpl: Merging 0 segments, 0 bytes from memory into reduce
2024-04-24T01:19:48,831  INFO [pool-287-thread-1] mapred.Merger: Merging 1 sorted segments
2024-04-24T01:19:48,831  INFO [pool-287-thread-1] mapred.Merger: Down to the last merge-pass, with 1 segments left of total size: 135 bytes
2024-04-24T01:19:48,831  INFO [pool-287-thread-1] mapred.LocalJobRunner: 1 / 1 copied.
2024-04-24T01:19:48,831  INFO [pool-287-thread-1] exec.SerializationUtilities: Deserializing ReduceWork using kryo
2024-04-24T01:19:48,832  INFO [pool-287-thread-1] exec.Utilities: Deserialized plan (via FILE) - name: null size: 7,73KB
2024-04-24T01:19:48,833  INFO [pool-287-thread-1] ExecReducer: 
<SEL>Id =4
  <Children>
    <FS>Id =5
      <Children>
      <\Children>
      <Parent>Id = 4 null<\Parent>
    <\FS>
  <\Children>
  <Parent><\Parent>
<\SEL>
2024-04-24T01:19:48,833  INFO [pool-287-thread-1] exec.SelectOperator: Initializing Operator: SEL[4]
2024-04-24T01:19:48,833  INFO [pool-287-thread-1] exec.SelectOperator: SELECT struct<key:struct<reducesinkkey0:int>,value:struct<_col0:struct<writeid:bigint,bucketid:int,rowid:bigint>>>
2024-04-24T01:19:48,833  INFO [pool-287-thread-1] exec.FileSinkOperator: Initializing Operator: FS[5]
2024-04-24T01:19:48,833  INFO [pool-287-thread-1] exec.FileSinkOperator: Using serializer : class org.apache.hadoop.hive.serde2.lazy.LazySimpleSerDe [serdeParams=org.apache.hadoop.hive.serde2.lazy.LazySerDeParameters@5266f25a, cachedObjectInspector=org.apache.hadoop.hive.serde2.lazy.objectinspector.LazySimpleStructObjectInspector<org.apache.hadoop.hive.serde2.lazy.objectinspector.LazySimpleStructObjectInspector<org.apache.hadoop.hive.serde2.lazy.objectinspector.primitive.LazyLongObjectInspector@4ae93e38,org.apache.hadoop.hive.serde2.lazy.objectinspector.primitive.LazyIntObjectInspector@6ddeeb78,org.apache.hadoop.hive.serde2.lazy.objectinspector.primitive.LazyLongObjectInspector@4ae93e38>,org.apache.hadoop.hive.serde2.lazy.objectinspector.primitive.LazyIntObjectInspector@6ddeeb78>, serializedSize=0, stats=org.apache.hadoop.hive.serde2.SerDeStats@5094ed25, lastOperationSerialize=false, lastOperationDeserialize=false [1, 2, 3, 4, 5, 6, 7, 8, 11, 14, 15, 16, 17, 18, 19, 20, 21, 22, 23, 24, 25, 26, 28, 29, 30, 31, -128, -127, -126, -125, -124, -123, -122, -121, -120, -119, -118, -117, -116, -115, -114, -113, -112, -111, -110, -109, -108, -107, -106, -105, -104, -103, -102, -101, -100, -99, -98, -97, -96, -95, -94, -93, -92, -91, -90, -89, -88, -87, -86, -85, -84, -83, -82, -81, -80, -79, -78, -77, -76, -75, -74, -73, -72, -71, -70, -69, -68, -67, -66, -65, -64, -63, -62, -61, -60, -59, -58, -57, -56, -55, -54, -53, -52, -51, -50, -49, -48, -47, -46, -45, -44, -43, -42, -41, -40, -39, -38, -37, -36, -35, -34, -33, -32, -31, -30, -29, -28, -27, -26, -25, -24, -23, -22, -21, -20, -19, -18, -17, -16, -15, -14, -13, -12, -11, -10, -9, -8, -7, -6, -5, -4, -3, -2, -1] : [_col0, _col1] : [struct<writeid:bigint,bucketid:int,rowid:bigint>, int]] and formatter : org.apache.hadoop.hive.ql.io.HiveSequenceFileOutputFormat@2b33de69
2024-04-24T01:19:48,834  INFO [pool-287-thread-1] exec.FileSinkOperator: Final Path: FS file:/home/alex/Repositories/hive/ql/target/tmp/localscratchdir/f3b94205-d5f4-414f-8908-21b0f24cd7cb/hive_2024-04-24_01-19-48_301_2310080647514963695-1/-mr-10001/.hive-staging_hive_2024-04-24_01-19-48_301_2310080647514963695-1/_tmp.-ext-10002/000000_0
2024-04-24T01:19:48,834  INFO [pool-287-thread-1] exec.FileSinkOperator: Writing to temp file: FS file:/home/alex/Repositories/hive/ql/target/tmp/localscratchdir/f3b94205-d5f4-414f-8908-21b0f24cd7cb/hive_2024-04-24_01-19-48_301_2310080647514963695-1/-mr-10001/.hive-staging_hive_2024-04-24_01-19-48_301_2310080647514963695-1/_task_tmp.-ext-10002/_tmp.000000_0
2024-04-24T01:19:48,834  INFO [pool-287-thread-1] exec.FileSinkOperator: New Final Path: FS file:/home/alex/Repositories/hive/ql/target/tmp/localscratchdir/f3b94205-d5f4-414f-8908-21b0f24cd7cb/hive_2024-04-24_01-19-48_301_2310080647514963695-1/-mr-10001/.hive-staging_hive_2024-04-24_01-19-48_301_2310080647514963695-1/_tmp.-ext-10002/000000_0
2024-04-24T01:19:48,841  INFO [pool-287-thread-1] exec.FileSinkOperator: FS[5]: records written - 1
2024-04-24T01:19:48,841  INFO [pool-287-thread-1] exec.SelectOperator: Closing Operator: SEL[4]
2024-04-24T01:19:48,841  INFO [pool-287-thread-1] exec.SelectOperator: RECORDS_OUT_INTERMEDIATE:0, RECORDS_OUT_OPERATOR_SEL_4:5, 
2024-04-24T01:19:48,841  INFO [pool-287-thread-1] exec.FileSinkOperator: Closing Operator: FS[5]
2024-04-24T01:19:48,841  INFO [pool-287-thread-1] exec.FileSinkOperator: FS[5]: records written - 5
2024-04-24T01:19:48,841  INFO [pool-287-thread-1] exec.FileSinkOperator: RECORDS_OUT_OPERATOR_FS_5:5, RECORDS_OUT_0:5, RECORDS_OUT_INTERMEDIATE:0, 
2024-04-24T01:19:48,842  INFO [pool-287-thread-1] mapred.Task: Task:attempt_local1048021613_0070_r_000000_0 is done. And is in the process of committing
2024-04-24T01:19:48,842  INFO [pool-287-thread-1] mapred.LocalJobRunner: reduce > reduce
2024-04-24T01:19:48,842  INFO [pool-287-thread-1] mapred.Task: Task 'attempt_local1048021613_0070_r_000000_0' done.
2024-04-24T01:19:48,842  INFO [pool-287-thread-1] mapred.Task: Final Counters for attempt_local1048021613_0070_r_000000_0: Counters: 29
	File System Counters
		FILE: Number of bytes read=1596378
		FILE: Number of bytes written=82533088
		FILE: Number of read operations=0
		FILE: Number of large read operations=0
		FILE: Number of write operations=0
	Map-Reduce Framework
		Combine input records=0
		Combine output records=0
		Reduce input groups=5
		Reduce shuffle bytes=151
		Reduce input records=5
		Reduce output records=0
		Spilled Records=5
		Shuffled Maps =1
		Failed Shuffles=0
		Merged Map outputs=1
		GC time elapsed (ms)=0
		Total committed heap usage (bytes)=1348993024
	HIVE
		CREATED_FILES=1
		RECORDS_OUT_0=5
		RECORDS_OUT_INTERMEDIATE=0
		RECORDS_OUT_OPERATOR_FS_5=5
		RECORDS_OUT_OPERATOR_SEL_4=5
	Shuffle Errors
		BAD_ID=0
		CONNECTION=0
		IO_ERROR=0
		WRONG_LENGTH=0
		WRONG_MAP=0
		WRONG_REDUCE=0
	File Output Format Counters 
		Bytes Written=0
2024-04-24T01:19:48,842  INFO [pool-287-thread-1] mapred.LocalJobRunner: Finishing task: attempt_local1048021613_0070_r_000000_0
2024-04-24T01:19:48,842  INFO [Thread-4560] mapred.LocalJobRunner: reduce task executor complete.
2024-04-24 01:19:49,782 Stage-1 map = 100%,  reduce = 100%
2024-04-24T01:19:49,782  INFO [main] exec.Task: 2024-04-24 01:19:49,782 Stage-1 map = 100%,  reduce = 100%
Ended Job = job_local1048021613_0070
2024-04-24T01:19:49,782  INFO [main] exec.Task: Ended Job = job_local1048021613_0070
2024-04-24T01:19:49,783  INFO [main] metadata.Hive: Dumping metastore api call timing information for : execution phase
2024-04-24T01:19:49,784  INFO [main] metadata.Hive: Total time spent in each metastore function (ms): {}
MapReduce Jobs Launched: 
2024-04-24T01:19:49,784  INFO [main] ql.Driver: MapReduce Jobs Launched: 
Stage-Stage-1:  HDFS Read: 0 HDFS Write: 0 SUCCESS
2024-04-24T01:19:49,784  INFO [main] ql.Driver: Stage-Stage-1:  HDFS Read: 0 HDFS Write: 0 SUCCESS
Total MapReduce CPU Time Spent: 0 msec
2024-04-24T01:19:49,784  INFO [main] ql.Driver: Total MapReduce CPU Time Spent: 0 msec
2024-04-24T01:19:49,784  INFO [main] ql.Driver: Completed executing command(queryId=alex_20240424011948_ae212d58-2f86-49e3-bdf9-181de1c03cb2); Time taken: 1.297 seconds
2024-04-24T01:19:49,784  INFO [main] lockmgr.DbTxnManager: Stopped heartbeat for query: alex_20240424011948_ae212d58-2f86-49e3-bdf9-181de1c03cb2
2024-04-24T01:19:49,788  INFO [main] txn.TxnHandler: Expected to move at least one record from txn_components to completed_txn_components when committing txn! txnid:21
2024-04-24T01:19:49,793  INFO [main] txn.TxnHandler: Removed transactions: ([21]) from MIN_HISTORY_LEVEL
2024-04-24T01:19:49,793  WARN [main] txn.CompactionTxnHandler: No compaction queue record found for Compaction type transaction commit. txnId:21
2024-04-24T01:19:49,797  INFO [main] mapred.FileInputFormat: Total input files to process : 1
2024-04-24T01:19:49,798  INFO [main] exec.ListSinkOperator: Closing Operator: LIST_SINK[10]
2024-04-24T01:19:49,798  INFO [main] exec.ListSinkOperator: RECORDS_OUT_INTERMEDIATE:0, RECORDS_OUT_OPERATOR_LIST_SINK_10:5, 
2024-04-24T01:19:49,798  WARN [main] ql.TestTxnNoBuckets: null: read data(After conversion with VC2): 
2024-04-24T01:19:49,798  INFO [main] ql.TestTxnNoBuckets: {"writeid":0,"bucketid":536870912,"rowid":0}	1
{"writeid":0,"bucketid":536870912,"rowid":1}	2
{"writeid":0,"bucketid":536870912,"rowid":2}	5
{"writeid":0,"bucketid":536870912,"rowid":3}	6
{"writeid":0,"bucketid":536870912,"rowid":4}	9

2024-04-24T01:19:49,798  INFO [main] ql.TxnCommandsBaseForTests: Running the query: EXPLAIN VECTORIZATION DETAIL select ROW__ID, a from T where b > 0 order by a
2024-04-24T01:19:49,798  INFO [main] ql.Context: Deleting scratch dir: file:/home/alex/Repositories/hive/ql/target/tmp/localscratchdir/f3b94205-d5f4-414f-8908-21b0f24cd7cb/hive_2024-04-24_01-19-48_301_2310080647514963695-1
2024-04-24T01:19:49,799  INFO [main] cleanup.SyncCleanupService: Deleted directory: file:/home/alex/Repositories/hive/ql/target/tmp/localscratchdir/f3b94205-d5f4-414f-8908-21b0f24cd7cb/hive_2024-04-24_01-19-48_301_2310080647514963695-1 on fs with scheme file
2024-04-24T01:19:49,800  INFO [main] ql.Driver: Compiling command(queryId=alex_20240424011949_c04dec0d-3057-45e8-a1ba-7ef1fccd73d8): EXPLAIN VECTORIZATION DETAIL select ROW__ID, a from T where b > 0 order by a
2024-04-24T01:19:49,802  INFO [main] txn.TxnHandler: Added entries to MIN_HISTORY_LEVEL for current txns: ([22]) with min_open_txn: 22
2024-04-24T01:19:49,803  INFO [main] lockmgr.DbTxnManager: Opened txnid:22
2024-04-24T01:19:49,803  INFO [main] parse.CalcitePlanner: Starting Semantic Analysis
2024-04-24T01:19:49,806  INFO [main] parse.CalcitePlanner: Completed phase 1 of Semantic Analysis
2024-04-24T01:19:49,806  INFO [main] parse.CalcitePlanner: Get metadata for source tables
2024-04-24T01:19:49,807  INFO [main] HiveMetaStore.audit: ugi=alex	ip=unknown-ip-addr	cmd=get_table : tbl=hive.default.t	
2024-04-24T01:19:49,813  INFO [main] metastore.HMSHandler: Skipping translation for processor with null
2024-04-24T01:19:49,813  INFO [main] parse.CalcitePlanner: Get metadata for subqueries
2024-04-24T01:19:49,813  INFO [main] parse.CalcitePlanner: Get metadata for destination tables
2024-04-24T01:19:49,813  INFO [main] parse.CalcitePlanner: Completed getting MetaData in Semantic Analysis
2024-04-24T01:19:49,826  INFO [main] HiveMetaStore.audit: ugi=alex	ip=unknown-ip-addr	cmd=get_all_table_constraints : tbl=hive.default.t	
2024-04-24T01:19:49,864  INFO [main] calcite.RelOptHiveTable: Calculating column statistics for default.t, projIndxSet: [0, 1], allowMissingStats: true
2024-04-24T01:19:49,864  INFO [main] HiveMetaStore.audit: ugi=alex	ip=unknown-ip-addr	cmd=get_table_statistics_req: table=hive.default.t	
2024-04-24T01:19:49,873  WARN [main] calcite.RelOptHiveTable: No Stats for default@t, Columns: a, b
No Stats for default@t, Columns: a, b
2024-04-24T01:19:49,873  INFO [main] SessionState: No Stats for default@t, Columns: a, b
2024-04-24T01:19:49,937  INFO [main] parse.CalcitePlanner: Get metadata for source tables
2024-04-24T01:19:49,937  INFO [main] parse.CalcitePlanner: Get metadata for subqueries
2024-04-24T01:19:49,937  INFO [main] parse.CalcitePlanner: Get metadata for destination tables
2024-04-24T01:19:49,940  INFO [main] parse.CalcitePlanner: CBO Succeeded; optimized logical plan.
2024-04-24T01:19:49,943  INFO [main] optimizer.ColumnPrunerProcFactory: RS 3 oldColExprMap: {VALUE._col0=Column[_col0], KEY.reducesinkkey0=Column[_col1]}
2024-04-24T01:19:49,943  INFO [main] optimizer.ColumnPrunerProcFactory: RS 3 newColExprMap: {VALUE._col0=Column[_col0], KEY.reducesinkkey0=Column[_col1]}
2024-04-24T01:19:49,944  INFO [main] optimizer.BucketVersionPopulator: not considering bucketingVersion for: TS[0] because it has -1<2 buckets 
2024-04-24T01:19:49,948  INFO [main] optimizer.SortedDynPartitionOptimizer: Sorted dynamic partitioning optimization kicked in..
2024-04-24T01:19:49,956  INFO [main] physical.Vectorizer: Examining input format to see if vectorization is enabled.
2024-04-24T01:19:49,957  INFO [main] physical.Vectorizer: Vectorization is enabled for input format(s) [org.apache.hadoop.hive.ql.io.orc.OrcInputFormat]
2024-04-24T01:19:49,957  INFO [main] physical.Vectorizer: Validating and vectorizing MapWork... (vectorizedVertexNum 0)
2024-04-24T01:19:49,959  INFO [main] physical.Vectorizer: Map vectorization enabled: true
2024-04-24T01:19:49,959  INFO [main] physical.Vectorizer: Map vectorized: true
2024-04-24T01:19:49,959  INFO [main] physical.Vectorizer: Map vectorizedVertexNum: 0
2024-04-24T01:19:49,959  INFO [main] physical.Vectorizer: Map enabledConditionsMet: [hive.vectorized.use.vectorized.input.format IS true]
2024-04-24T01:19:49,959  INFO [main] physical.Vectorizer: Map inputFileFormatClassNameSet: [org.apache.hadoop.hive.ql.io.orc.OrcInputFormat]
2024-04-24T01:19:49,959  INFO [main] physical.Vectorizer: Reduce vectorization enabled: false
2024-04-24T01:19:49,959  INFO [main] physical.Vectorizer: Reduce vectorized: false
2024-04-24T01:19:49,959  INFO [main] physical.Vectorizer: Reduce vectorizedVertexNum: 1
2024-04-24T01:19:49,959  INFO [main] physical.Vectorizer: Reducer hive.vectorized.execution.reduce.enabled: true
2024-04-24T01:19:49,959  INFO [main] physical.Vectorizer: Reducer engine: mr
2024-04-24T01:19:49,959  INFO [main] parse.CalcitePlanner: Completed plan generation
2024-04-24T01:19:49,959  INFO [main] ql.Driver: Semantic Analysis Completed (retrial = false)
2024-04-24T01:19:49,959  INFO [main] ql.Driver: Created Hive schema: Schema(fieldSchemas:[FieldSchema(name:Explain, type:string, comment:null)], properties:null)
2024-04-24T01:19:49,959  INFO [main] metadata.Hive: Dumping metastore api call timing information for : compilation phase
2024-04-24T01:19:49,959  INFO [main] metadata.Hive: Total time spent in each metastore function (ms): {isCompatibleWith_(Configuration)=0, getTable_(GetTableRequest)=6, flushCache_()=0, getTableColumnStatistics_(String, String, List, String)=9, openTxn_(String, TxnType)=3, getValidWriteIds_(List, String)=5, getAllTableConstraints_(AllTableConstraintsRequest)=4, getValidTxns_(long)=0, commitTxn_(CommitTxnRequest)=9}
2024-04-24T01:19:49,960  INFO [main] ql.Driver: Completed compiling command(queryId=alex_20240424011949_c04dec0d-3057-45e8-a1ba-7ef1fccd73d8); Time taken: 0.159 seconds
2024-04-24T01:19:49,960  INFO [main] ql.Driver: Executing command(queryId=alex_20240424011949_c04dec0d-3057-45e8-a1ba-7ef1fccd73d8): EXPLAIN VECTORIZATION DETAIL select ROW__ID, a from T where b > 0 order by a
2024-04-24T01:19:49,960  INFO [main] ql.Driver: Starting task [Stage-2:EXPLAIN] in serial mode
2024-04-24T01:19:49,972  INFO [main] metadata.Hive: Dumping metastore api call timing information for : execution phase
2024-04-24T01:19:49,972  INFO [main] metadata.Hive: Total time spent in each metastore function (ms): {}
2024-04-24T01:19:49,972  INFO [main] ql.Driver: Completed executing command(queryId=alex_20240424011949_c04dec0d-3057-45e8-a1ba-7ef1fccd73d8); Time taken: 0.012 seconds
2024-04-24T01:19:49,972  INFO [main] lockmgr.DbTxnManager: Stopped heartbeat for query: null
2024-04-24T01:19:49,978  INFO [main] txn.TxnHandler: Expected to move at least one record from txn_components to completed_txn_components when committing txn! txnid:22
2024-04-24T01:19:49,985  INFO [main] txn.TxnHandler: Removed transactions: ([22]) from MIN_HISTORY_LEVEL
2024-04-24T01:19:49,985  WARN [main] txn.CompactionTxnHandler: No compaction queue record found for Compaction type transaction commit. txnId:22
2024-04-24T01:19:49,986  INFO [main] ql.TxnCommandsBaseForTests: Running the query: select ROW__ID, a, INPUT__FILE__NAME from T where b > 6 order by a
2024-04-24T01:19:49,987  INFO [main] ql.Context: Deleting scratch dir: file:/home/alex/Repositories/hive/ql/target/tmp/localscratchdir/f3b94205-d5f4-414f-8908-21b0f24cd7cb/hive_2024-04-24_01-19-49_800_5962883960309176662-1
2024-04-24T01:19:49,987  INFO [main] cleanup.SyncCleanupService: Deleted directory: file:/home/alex/Repositories/hive/ql/target/tmp/localscratchdir/f3b94205-d5f4-414f-8908-21b0f24cd7cb/hive_2024-04-24_01-19-49_800_5962883960309176662-1 on fs with scheme file
2024-04-24T01:19:49,987  INFO [main] ql.Driver: Compiling command(queryId=alex_20240424011949_3a16ebc8-88b2-4eda-9011-dd8c2e1bc2f1): select ROW__ID, a, INPUT__FILE__NAME from T where b > 6 order by a
2024-04-24T01:19:49,990  INFO [main] txn.TxnHandler: Added entries to MIN_HISTORY_LEVEL for current txns: ([23]) with min_open_txn: 22
2024-04-24T01:19:49,990  INFO [main] lockmgr.DbTxnManager: Opened txnid:23
2024-04-24T01:19:49,991  INFO [main] parse.CalcitePlanner: Starting caching scope for: 
2024-04-24T01:19:49,991  INFO [main] parse.CalcitePlanner: Starting Semantic Analysis
2024-04-24T01:19:49,994  INFO [main] parse.CalcitePlanner: Completed phase 1 of Semantic Analysis
2024-04-24T01:19:49,994  INFO [main] parse.CalcitePlanner: Get metadata for source tables
2024-04-24T01:19:49,994  INFO [main] HiveMetaStore.audit: ugi=alex	ip=unknown-ip-addr	cmd=get_table : tbl=hive.default.t	
2024-04-24T01:19:50,001  INFO [main] metastore.HMSHandler: Skipping translation for processor with null
2024-04-24T01:19:50,001  INFO [main] parse.CalcitePlanner: Get metadata for subqueries
2024-04-24T01:19:50,001  INFO [main] parse.CalcitePlanner: Get metadata for destination tables
2024-04-24T01:19:50,001  INFO [main] parse.CalcitePlanner: Completed getting MetaData in Semantic Analysis
2024-04-24T01:19:50,013  INFO [main] HiveMetaStore.audit: ugi=alex	ip=unknown-ip-addr	cmd=get_all_table_constraints : tbl=hive.default.t	
2024-04-24T01:19:50,053  INFO [main] calcite.RelOptHiveTable: Calculating column statistics for default.t, projIndxSet: [0, 1], allowMissingStats: true
2024-04-24T01:19:50,053  INFO [main] HiveMetaStore.audit: ugi=alex	ip=unknown-ip-addr	cmd=get_table_statistics_req: table=hive.default.t	
2024-04-24T01:19:50,063  WARN [main] calcite.RelOptHiveTable: No Stats for default@t, Columns: a, b
No Stats for default@t, Columns: a, b
2024-04-24T01:19:50,063  INFO [main] SessionState: No Stats for default@t, Columns: a, b
2024-04-24T01:19:50,123  INFO [main] parse.CalcitePlanner: Get metadata for source tables
2024-04-24T01:19:50,123  INFO [main] parse.CalcitePlanner: Get metadata for subqueries
2024-04-24T01:19:50,124  INFO [main] parse.CalcitePlanner: Get metadata for destination tables
2024-04-24T01:19:50,125  INFO [main] common.FileUtils: Creating directory if it doesn't exist: file:/home/alex/Repositories/hive/ql/target/tmp/localscratchdir/f3b94205-d5f4-414f-8908-21b0f24cd7cb/hive_2024-04-24_01-19-49_987_6842535280466315253-1/-mr-10001/.hive-staging_hive_2024-04-24_01-19-49_987_6842535280466315253-1
2024-04-24T01:19:50,132  INFO [main] parse.CalcitePlanner: CBO Succeeded; optimized logical plan.
2024-04-24T01:19:50,134  INFO [main] optimizer.ColumnPrunerProcFactory: RS 3 oldColExprMap: {VALUE._col1=Column[_col2], VALUE._col0=Column[_col0], KEY.reducesinkkey0=Column[_col1]}
2024-04-24T01:19:50,134  INFO [main] optimizer.ColumnPrunerProcFactory: RS 3 newColExprMap: {VALUE._col0=Column[_col0], VALUE._col1=Column[_col2], KEY.reducesinkkey0=Column[_col1]}
2024-04-24T01:19:50,135  INFO [main] optimizer.BucketVersionPopulator: not considering bucketingVersion for: TS[0] because it has -1<2 buckets 
2024-04-24T01:19:50,136  INFO [main] optimizer.SortedDynPartitionOptimizer: Sorted dynamic partitioning optimization kicked in..
2024-04-24T01:19:50,145  INFO [main] physical.Vectorizer: Examining input format to see if vectorization is enabled.
2024-04-24T01:19:50,145  INFO [main] physical.Vectorizer: Vectorization is enabled for input format(s) [org.apache.hadoop.hive.ql.io.orc.OrcInputFormat]
2024-04-24T01:19:50,145  INFO [main] physical.Vectorizer: Validating and vectorizing MapWork... (vectorizedVertexNum 0)
2024-04-24T01:19:50,147  INFO [main] physical.Vectorizer: Map vectorization enabled: true
2024-04-24T01:19:50,147  INFO [main] physical.Vectorizer: Map vectorized: false
2024-04-24T01:19:50,148  INFO [main] physical.Vectorizer: Map notVectorizedReason: Select expression for SELECT operator: Virtual column INPUT__FILE__NAME is not supported
2024-04-24T01:19:50,148  INFO [main] physical.Vectorizer: Map vectorizedVertexNum: 0
2024-04-24T01:19:50,148  INFO [main] physical.Vectorizer: Map enabledConditionsMet: [hive.vectorized.use.vectorized.input.format IS true]
2024-04-24T01:19:50,148  INFO [main] physical.Vectorizer: Map inputFileFormatClassNameSet: [org.apache.hadoop.hive.ql.io.orc.OrcInputFormat]
2024-04-24T01:19:50,148  INFO [main] physical.Vectorizer: Reduce vectorization enabled: false
2024-04-24T01:19:50,148  INFO [main] physical.Vectorizer: Reduce vectorized: false
2024-04-24T01:19:50,148  INFO [main] physical.Vectorizer: Reduce vectorizedVertexNum: 1
2024-04-24T01:19:50,148  INFO [main] physical.Vectorizer: Reducer hive.vectorized.execution.reduce.enabled: true
2024-04-24T01:19:50,148  INFO [main] physical.Vectorizer: Reducer engine: mr
2024-04-24T01:19:50,148  INFO [main] parse.CalcitePlanner: Completed plan generation
2024-04-24T01:19:50,148  INFO [main] parse.CalcitePlanner: Ending caching scope for: 
2024-04-24T01:19:50,148  INFO [main] ql.Driver: Semantic Analysis Completed (retrial = false)
2024-04-24T01:19:50,148  INFO [main] ql.Driver: Created Hive schema: Schema(fieldSchemas:[FieldSchema(name:row__id, type:struct<writeid:bigint,bucketid:int,rowid:bigint>, comment:null), FieldSchema(name:a, type:int, comment:null), FieldSchema(name:input__file__name, type:string, comment:null)], properties:null)
2024-04-24T01:19:50,149  INFO [main] exec.ListSinkOperator: Initializing Operator: LIST_SINK[8]
2024-04-24T01:19:50,149  INFO [main] metadata.Hive: Dumping metastore api call timing information for : compilation phase
2024-04-24T01:19:50,149  INFO [main] metadata.Hive: Total time spent in each metastore function (ms): {getTableColumnStatistics_(String, String, List, String)=9, flushCache_()=0, getAllTableConstraints_(AllTableConstraintsRequest)=4, commitTxn_(CommitTxnRequest)=14, openTxn_(String, TxnType)=2, getTable_(GetTableRequest)=7, isCompatibleWith_(Configuration)=1, getValidWriteIds_(List, String)=3, getValidTxns_(long)=1}
2024-04-24T01:19:50,149  INFO [main] ql.Driver: Completed compiling command(queryId=alex_20240424011949_3a16ebc8-88b2-4eda-9011-dd8c2e1bc2f1); Time taken: 0.162 seconds
2024-04-24T01:19:50,150  INFO [main] lockmgr.DbTxnManager: Setting lock request transaction to txnid:23 for queryId=alex_20240424011949_3a16ebc8-88b2-4eda-9011-dd8c2e1bc2f1
2024-04-24T01:19:50,150  INFO [main] lockmgr.DbLockManager: Requesting lock for queryId=alex_20240424011949_3a16ebc8-88b2-4eda-9011-dd8c2e1bc2f1
2024-04-24T01:19:50,166  INFO [main] lockmgr.DbLockManager: Response to queryId=alex_20240424011949_3a16ebc8-88b2-4eda-9011-dd8c2e1bc2f1 LockResponse(lockid:14, state:ACQUIRED)
2024-04-24T01:19:50,166  INFO [main] ql.Driver: Operation QUERY obtained 1 locks
2024-04-24T01:19:50,167  INFO [main] ql.Driver: Executing command(queryId=alex_20240424011949_3a16ebc8-88b2-4eda-9011-dd8c2e1bc2f1): select ROW__ID, a, INPUT__FILE__NAME from T where b > 6 order by a
2024-04-24T01:19:50,167  WARN [main] ql.Driver: Hive-on-MR is deprecated in Hive 2 and may not be available in the future versions. Consider using a different execution engine (i.e. tez, spark) or using Hive 1.X releases.
Query ID = alex_20240424011949_3a16ebc8-88b2-4eda-9011-dd8c2e1bc2f1
2024-04-24T01:19:50,167  INFO [main] ql.Driver: Query ID = alex_20240424011949_3a16ebc8-88b2-4eda-9011-dd8c2e1bc2f1
Total jobs = 1
2024-04-24T01:19:50,167  INFO [main] ql.Driver: Total jobs = 1
Launching Job 1 out of 1
2024-04-24T01:19:50,167  INFO [main] ql.Driver: Launching Job 1 out of 1
2024-04-24T01:19:50,327  INFO [main] ql.Driver: Starting task [Stage-1:MAPRED] in serial mode
Number of reduce tasks determined at compile time: 1
2024-04-24T01:19:50,327  INFO [main] exec.Task: Number of reduce tasks determined at compile time: 1
In order to change the average load for a reducer (in bytes):
2024-04-24T01:19:50,327  INFO [main] exec.Task: In order to change the average load for a reducer (in bytes):
  set hive.exec.reducers.bytes.per.reducer=<number>
2024-04-24T01:19:50,327  INFO [main] exec.Task:   set hive.exec.reducers.bytes.per.reducer=<number>
In order to limit the maximum number of reducers:
2024-04-24T01:19:50,327  INFO [main] exec.Task: In order to limit the maximum number of reducers:
  set hive.exec.reducers.max=<number>
2024-04-24T01:19:50,327  INFO [main] exec.Task:   set hive.exec.reducers.max=<number>
In order to set a constant number of reducers:
2024-04-24T01:19:50,327  INFO [main] exec.Task: In order to set a constant number of reducers:
  set mapreduce.job.reduces=<number>
2024-04-24T01:19:50,328  INFO [main] exec.Task:   set mapreduce.job.reduces=<number>
2024-04-24T01:19:50,330  INFO [main] mr.ExecDriver: Using org.apache.hadoop.hive.ql.io.HiveInputFormat
2024-04-24T01:19:50,330  INFO [main] exec.Utilities: Processing alias t
2024-04-24T01:19:50,330  INFO [main] exec.Utilities: Adding 1 inputs; the first input is file:/home/alex/Repositories/hive/ql/target/tmp/org.apache.hadoop.hive.ql.TestTxnNoBuckets-1713946626176/warehouse/t
2024-04-24T01:19:50,339  INFO [main] exec.SerializationUtilities: Serializing MapWork using kryo
2024-04-24T01:19:50,339  INFO [main] exec.Utilities: Serialized plan (via FILE) - name: null size: 5,59KB
2024-04-24T01:19:50,344  INFO [main] exec.SerializationUtilities: Serializing ReduceWork using kryo
2024-04-24T01:19:50,345  INFO [main] exec.Utilities: Serialized plan (via FILE) - name: null size: 6,35KB
2024-04-24T01:19:50,345  WARN [main] impl.MetricsSystemImpl: JobTracker metrics system already initialized!
2024-04-24T01:19:50,351  WARN [main] impl.MetricsSystemImpl: JobTracker metrics system already initialized!
2024-04-24T01:19:50,358  WARN [main] mapreduce.JobResourceUploader: Hadoop command-line option parsing not performed. Implement the Tool interface and execute your application with ToolRunner to remedy this.
2024-04-24T01:19:50,362  WARN [main] mapreduce.JobResourceUploader: No job jar file set.  User classes may not be found. See Job or Job#setJar(String).
2024-04-24T01:19:50,363  INFO [main] io.HiveInputFormat: hive.io.file.readcolumn.ids = 0,1
2024-04-24T01:19:50,363  INFO [main] io.HiveInputFormat: hive.io.file.readcolumn.names = a,b
2024-04-24T01:19:50,363  INFO [main] io.HiveInputFormat: Generating splits for dirs: file:/home/alex/Repositories/hive/ql/target/tmp/org.apache.hadoop.hive.ql.TestTxnNoBuckets-1713946626176/warehouse/t
2024-04-24T01:19:50,363  INFO [main] orc.OrcInputFormat: getSplits started
2024-04-24T01:19:50,364  INFO [main] orc.OrcInputFormat: Context:: isAcid: true isVectorMode: false sarg: (not leaf-(LESS_THAN_EQUALS b 6)) minSplitSize: 1 maxSplitSize: 256000000 splitStrategy: HYBRID footerInSplits: false numBuckets: 0 numThreads: 10 cacheMemSize: 268435456 cacheStripeDetails: true useSoftReference: false writeIdList: default.t:10000000:9223372036854775807:: isTransactionalTable: true txnProperties: default 
2024-04-24T01:19:50,364  INFO [main] orc.OrcInputFormat: ORC pushdown predicate: (not leaf-(LESS_THAN_EQUALS b 6))
2024-04-24T01:19:50,367  INFO [main] orc.OrcInputFormat: FooterCacheHitRatio: 1/1
2024-04-24T01:19:50,368  INFO [main] orc.OrcInputFormat: getSplits finished (#splits: 1). duration: 5 ms
2024-04-24T01:19:50,368  INFO [main] io.HiveInputFormat: number of splits 1
2024-04-24T01:19:50,386  INFO [main] mapreduce.JobSubmitter: number of splits:1
2024-04-24T01:19:50,404  INFO [main] mapreduce.JobSubmitter: Submitting tokens for job: job_local1039477581_0071
2024-04-24T01:19:50,404  INFO [main] mapreduce.JobSubmitter: Executing with tokens: []
2024-04-24T01:19:50,465  INFO [main] mapreduce.Job: The url to track the job: http://localhost:8080/
Job running in-process (local Hadoop)
2024-04-24T01:19:50,465  INFO [main] exec.Task: Job running in-process (local Hadoop)
2024-04-24T01:19:50,465  INFO [Thread-4613] mapred.LocalJobRunner: OutputCommitter set in config org.apache.hadoop.hive.ql.io.HiveFileFormatUtils$NullOutputCommitter
2024-04-24T01:19:50,465  INFO [Thread-4613] mapred.LocalJobRunner: OutputCommitter is org.apache.hadoop.hive.ql.io.HiveFileFormatUtils$NullOutputCommitter
2024-04-24T01:19:50,466  INFO [Thread-4613] mapred.LocalJobRunner: Waiting for map tasks
2024-04-24T01:19:50,466  INFO [LocalJobRunner Map Task Executor #0] mapred.LocalJobRunner: Starting task: attempt_local1039477581_0071_m_000000_0
2024-04-24T01:19:50,467  INFO [LocalJobRunner Map Task Executor #0] mapred.Task:  Using ResourceCalculatorProcessTree : [ ]
2024-04-24T01:19:50,467  INFO [LocalJobRunner Map Task Executor #0] mapred.MapTask: Processing split: org.apache.hadoop.hive.ql.io.orc.OrcInputFormat:OrcSplit [file:/home/alex/Repositories/hive/ql/target/tmp/org.apache.hadoop.hive.ql.TestTxnNoBuckets-1713946626176/warehouse/t/000000_0, start=3, length=113, isOriginal=true, fileLength=259, hasFooter=false, hasBase=true, deltas=0]
2024-04-24T01:19:50,468  INFO [LocalJobRunner Map Task Executor #0] exec.SerializationUtilities: Deserializing MapWork using kryo
2024-04-24T01:19:50,468  INFO [LocalJobRunner Map Task Executor #0] exec.Utilities: Deserialized plan (via FILE) - name: null size: 5,59KB
2024-04-24T01:19:50,469  INFO [LocalJobRunner Map Task Executor #0] orc.OrcInputFormat: ORC pushdown predicate: (not leaf-(LESS_THAN_EQUALS b 6))
2024-04-24T01:19:50,469  INFO [LocalJobRunner Map Task Executor #0] orc.OrcRawRecordMerger: min key = null, max key = null
2024-04-24T01:19:50,469  INFO [LocalJobRunner Map Task Executor #0] orc.ReaderImpl: Reading ORC rows from file:/home/alex/Repositories/hive/ql/target/tmp/org.apache.hadoop.hive.ql.TestTxnNoBuckets-1713946626176/warehouse/t/000000_0 with {include: [true, true, true], offset: 3, length: 113, sarg: (not leaf-(LESS_THAN_EQUALS b 6)), schema: struct<a:int,b:int>, includeAcidColumns: true}
2024-04-24T01:19:50,473  INFO [LocalJobRunner Map Task Executor #0] orc.OrcRawRecordMerger: updated min key = null, max key = null
2024-04-24T01:19:50,473  INFO [LocalJobRunner Map Task Executor #0] mapred.MapTask: numReduceTasks: 1
2024-04-24T01:19:50,477  INFO [LocalJobRunner Map Task Executor #0] mapred.MapTask: (EQUATOR) 0 kvi 26214396(104857584)
2024-04-24T01:19:50,477  INFO [LocalJobRunner Map Task Executor #0] mapred.MapTask: mapreduce.task.io.sort.mb: 100
2024-04-24T01:19:50,477  INFO [LocalJobRunner Map Task Executor #0] mapred.MapTask: soft limit at 83886080
2024-04-24T01:19:50,477  INFO [LocalJobRunner Map Task Executor #0] mapred.MapTask: bufstart = 0; bufvoid = 104857600
2024-04-24T01:19:50,477  INFO [LocalJobRunner Map Task Executor #0] mapred.MapTask: kvstart = 26214396; length = 6553600
2024-04-24T01:19:50,478  INFO [LocalJobRunner Map Task Executor #0] mapred.MapTask: Map output collector class = org.apache.hadoop.mapred.MapTask$MapOutputBuffer
2024-04-24T01:19:50,478  INFO [LocalJobRunner Map Task Executor #0] exec.MapOperator: Initializing Operator: MAP[0]
2024-04-24T01:19:50,479  INFO [LocalJobRunner Map Task Executor #0] mr.ExecMapper: 
<MAP>Id =0
  <Children>null
  <\Children>
  <Parent><\Parent>
<\MAP>
2024-04-24T01:19:50,480  INFO [LocalJobRunner Map Task Executor #0] exec.TableScanOperator: Initializing Operator: TS[0]
2024-04-24T01:19:50,480  INFO [LocalJobRunner Map Task Executor #0] exec.FilterOperator: Initializing Operator: FIL[6]
2024-04-24T01:19:50,480  INFO [LocalJobRunner Map Task Executor #0] exec.SelectOperator: Initializing Operator: SEL[2]
2024-04-24T01:19:50,480  INFO [LocalJobRunner Map Task Executor #0] exec.SelectOperator: SELECT struct<a:int,b:int,input__file__name:string,row__id:struct<writeid:bigint,bucketid:int,rowid:bigint>>
2024-04-24T01:19:50,480  INFO [LocalJobRunner Map Task Executor #0] exec.ReduceSinkOperator: Initializing Operator: RS[3]
2024-04-24T01:19:50,480  INFO [LocalJobRunner Map Task Executor #0] exec.ReduceSinkOperator: Using tag = -1
2024-04-24T01:19:50,480  INFO [LocalJobRunner Map Task Executor #0] exec.MapOperator: MAP[0]: records read - 1
2024-04-24T01:19:50,480  INFO [LocalJobRunner Map Task Executor #0] exec.ReduceSinkOperator: keys are [reducesinkkey0] num distributions: 1
2024-04-24T01:19:50,480  INFO [LocalJobRunner Map Task Executor #0] exec.ReduceSinkOperator: RS[3]: records written - 1
2024-04-24T01:19:50,481  INFO [LocalJobRunner Map Task Executor #0] exec.MapOperator: Closing Operator: MAP[0]
2024-04-24T01:19:50,481  INFO [LocalJobRunner Map Task Executor #0] exec.MapOperator: MAP[0]: Total records read - 5. abort - false
2024-04-24T01:19:50,481  INFO [LocalJobRunner Map Task Executor #0] exec.MapOperator: RECORDS_OUT_INTERMEDIATE:0, DESERIALIZE_ERRORS:0, RECORDS_OUT_OPERATOR_MAP_0:0, RECORDS_IN:5, 
2024-04-24T01:19:50,481  INFO [LocalJobRunner Map Task Executor #0] exec.TableScanOperator: Closing Operator: TS[0]
2024-04-24T01:19:50,481  INFO [LocalJobRunner Map Task Executor #0] exec.TableScanOperator: RECORDS_OUT_OPERATOR_TS_0:5, RECORDS_OUT_INTERMEDIATE:0, 
2024-04-24T01:19:50,481  INFO [LocalJobRunner Map Task Executor #0] exec.FilterOperator: Closing Operator: FIL[6]
2024-04-24T01:19:50,481  INFO [LocalJobRunner Map Task Executor #0] exec.FilterOperator: RECORDS_OUT_INTERMEDIATE:0, RECORDS_OUT_OPERATOR_FIL_6:2, 
2024-04-24T01:19:50,481  INFO [LocalJobRunner Map Task Executor #0] exec.SelectOperator: Closing Operator: SEL[2]
2024-04-24T01:19:50,481  INFO [LocalJobRunner Map Task Executor #0] exec.SelectOperator: RECORDS_OUT_INTERMEDIATE:0, RECORDS_OUT_OPERATOR_SEL_2:2, 
2024-04-24T01:19:50,481  INFO [LocalJobRunner Map Task Executor #0] exec.ReduceSinkOperator: Closing Operator: RS[3]
2024-04-24T01:19:50,481  INFO [LocalJobRunner Map Task Executor #0] exec.ReduceSinkOperator: RS[3]: Total records written - 2. abort - false
2024-04-24T01:19:50,481  INFO [LocalJobRunner Map Task Executor #0] exec.ReduceSinkOperator: RECORDS_OUT_INTERMEDIATE:2, RECORDS_OUT_OPERATOR_RS_3:2, 
2024-04-24T01:19:50,481  INFO [LocalJobRunner Map Task Executor #0] mapred.LocalJobRunner: 
2024-04-24T01:19:50,481  INFO [LocalJobRunner Map Task Executor #0] mapred.MapTask: Starting flush of map output
2024-04-24T01:19:50,481  INFO [LocalJobRunner Map Task Executor #0] mapred.MapTask: Spilling map output
2024-04-24T01:19:50,481  INFO [LocalJobRunner Map Task Executor #0] mapred.MapTask: bufstart = 0; bufend = 306; bufvoid = 104857600
2024-04-24T01:19:50,481  INFO [LocalJobRunner Map Task Executor #0] mapred.MapTask: kvstart = 26214396(104857584); kvend = 26214392(104857568); length = 5/6553600
2024-04-24T01:19:50,491  INFO [LocalJobRunner Map Task Executor #0] mapred.MapTask: Finished spill 0
2024-04-24T01:19:50,494  INFO [LocalJobRunner Map Task Executor #0] mapred.Task: Task:attempt_local1039477581_0071_m_000000_0 is done. And is in the process of committing
2024-04-24T01:19:50,494  INFO [LocalJobRunner Map Task Executor #0] mapred.LocalJobRunner: OrcSplit [file:/home/alex/Repositories/hive/ql/target/tmp/org.apache.hadoop.hive.ql.TestTxnNoBuckets-1713946626176/warehouse/t/000000_0, start=3, length=113, isOriginal=true, fileLength=259, hasFooter=false, hasBase=true, deltas=0]
2024-04-24T01:19:50,494  INFO [LocalJobRunner Map Task Executor #0] mapred.Task: Task 'attempt_local1039477581_0071_m_000000_0' done.
2024-04-24T01:19:50,494  INFO [LocalJobRunner Map Task Executor #0] mapred.Task: Final Counters for attempt_local1039477581_0071_m_000000_0: Counters: 25
	File System Counters
		FILE: Number of bytes read=1608203
		FILE: Number of bytes written=83717454
		FILE: Number of read operations=0
		FILE: Number of large read operations=0
		FILE: Number of write operations=0
	Map-Reduce Framework
		Map input records=5
		Map output records=2
		Map output bytes=306
		Map output materialized bytes=318
		Input split bytes=451
		Combine input records=0
		Spilled Records=2
		Failed Shuffles=0
		Merged Map outputs=0
		GC time elapsed (ms)=0
		Total committed heap usage (bytes)=1348993024
	HIVE
		DESERIALIZE_ERRORS=0
		RECORDS_IN=5
		RECORDS_OUT_INTERMEDIATE=2
		RECORDS_OUT_OPERATOR_FIL_6=2
		RECORDS_OUT_OPERATOR_MAP_0=0
		RECORDS_OUT_OPERATOR_RS_3=2
		RECORDS_OUT_OPERATOR_SEL_2=2
		RECORDS_OUT_OPERATOR_TS_0=5
	File Input Format Counters 
		Bytes Read=7017
2024-04-24T01:19:50,495  INFO [LocalJobRunner Map Task Executor #0] mapred.LocalJobRunner: Finishing task: attempt_local1039477581_0071_m_000000_0
2024-04-24T01:19:50,495  INFO [Thread-4613] mapred.LocalJobRunner: map task executor complete.
2024-04-24T01:19:50,496  INFO [Thread-4613] mapred.LocalJobRunner: Waiting for reduce tasks
2024-04-24T01:19:50,496  INFO [pool-290-thread-1] mapred.LocalJobRunner: Starting task: attempt_local1039477581_0071_r_000000_0
2024-04-24T01:19:50,496  INFO [pool-290-thread-1] mapred.Task:  Using ResourceCalculatorProcessTree : [ ]
2024-04-24T01:19:50,497  INFO [pool-290-thread-1] mapred.ReduceTask: Using ShuffleConsumerPlugin: org.apache.hadoop.mapreduce.task.reduce.Shuffle@68c7c3f3
2024-04-24T01:19:50,497  WARN [pool-290-thread-1] impl.MetricsSystemImpl: JobTracker metrics system already initialized!
2024-04-24T01:19:50,497  INFO [pool-290-thread-1] reduce.MergeManagerImpl: MergerManager: memoryLimit=1336252800, maxSingleShuffleLimit=334063200, mergeThreshold=881926912, ioSortFactor=10, memToMemMergeOutputsThreshold=10
2024-04-24T01:19:50,498  INFO [EventFetcher for fetching Map Completion Events] reduce.EventFetcher: attempt_local1039477581_0071_r_000000_0 Thread started: EventFetcher for fetching Map Completion Events
2024-04-24T01:19:50,498  INFO [localfetcher#44] reduce.LocalFetcher: localfetcher#44 about to shuffle output of map attempt_local1039477581_0071_m_000000_0 decomp: 314 len: 318 to MEMORY
2024-04-24T01:19:50,499  INFO [localfetcher#44] reduce.InMemoryMapOutput: Read 314 bytes from map-output for attempt_local1039477581_0071_m_000000_0
2024-04-24T01:19:50,499  INFO [localfetcher#44] reduce.MergeManagerImpl: closeInMemoryFile -> map-output of size: 314, inMemoryMapOutputs.size() -> 1, commitMemory -> 0, usedMemory ->314
2024-04-24T01:19:50,499  INFO [EventFetcher for fetching Map Completion Events] reduce.EventFetcher: EventFetcher is interrupted.. Returning
2024-04-24T01:19:50,499  INFO [pool-290-thread-1] mapred.LocalJobRunner: 1 / 1 copied.
2024-04-24T01:19:50,499  INFO [pool-290-thread-1] reduce.MergeManagerImpl: finalMerge called with 1 in-memory map-outputs and 0 on-disk map-outputs
2024-04-24T01:19:50,505  INFO [pool-290-thread-1] mapred.Merger: Merging 1 sorted segments
2024-04-24T01:19:50,505  INFO [pool-290-thread-1] mapred.Merger: Down to the last merge-pass, with 1 segments left of total size: 301 bytes
2024-04-24T01:19:50,508  INFO [pool-290-thread-1] reduce.MergeManagerImpl: Merged 1 segments, 314 bytes to disk to satisfy reduce memory limit
2024-04-24T01:19:50,508  INFO [pool-290-thread-1] reduce.MergeManagerImpl: Merging 1 files, 318 bytes from disk
2024-04-24T01:19:50,508  INFO [pool-290-thread-1] reduce.MergeManagerImpl: Merging 0 segments, 0 bytes from memory into reduce
2024-04-24T01:19:50,508  INFO [pool-290-thread-1] mapred.Merger: Merging 1 sorted segments
2024-04-24T01:19:50,508  INFO [pool-290-thread-1] mapred.Merger: Down to the last merge-pass, with 1 segments left of total size: 301 bytes
2024-04-24T01:19:50,508  INFO [pool-290-thread-1] mapred.LocalJobRunner: 1 / 1 copied.
2024-04-24T01:19:50,509  INFO [pool-290-thread-1] exec.SerializationUtilities: Deserializing ReduceWork using kryo
2024-04-24T01:19:50,509  INFO [pool-290-thread-1] exec.Utilities: Deserialized plan (via FILE) - name: null size: 6,35KB
2024-04-24T01:19:50,510  INFO [pool-290-thread-1] ExecReducer: 
<SEL>Id =4
  <Children>
    <FS>Id =5
      <Children>
      <\Children>
      <Parent>Id = 4 null<\Parent>
    <\FS>
  <\Children>
  <Parent><\Parent>
<\SEL>
2024-04-24T01:19:50,510  INFO [pool-290-thread-1] exec.SelectOperator: Initializing Operator: SEL[4]
2024-04-24T01:19:50,510  INFO [pool-290-thread-1] exec.SelectOperator: SELECT struct<key:struct<reducesinkkey0:int>,value:struct<_col0:struct<writeid:bigint,bucketid:int,rowid:bigint>,_col1:string>>
2024-04-24T01:19:50,510  INFO [pool-290-thread-1] exec.FileSinkOperator: Initializing Operator: FS[5]
2024-04-24T01:19:50,510  INFO [pool-290-thread-1] exec.FileSinkOperator: Using serializer : class org.apache.hadoop.hive.serde2.lazy.LazySimpleSerDe [serdeParams=org.apache.hadoop.hive.serde2.lazy.LazySerDeParameters@12b07c58, cachedObjectInspector=org.apache.hadoop.hive.serde2.lazy.objectinspector.LazySimpleStructObjectInspector<org.apache.hadoop.hive.serde2.lazy.objectinspector.LazySimpleStructObjectInspector<org.apache.hadoop.hive.serde2.lazy.objectinspector.primitive.LazyLongObjectInspector@4ae93e38,org.apache.hadoop.hive.serde2.lazy.objectinspector.primitive.LazyIntObjectInspector@6ddeeb78,org.apache.hadoop.hive.serde2.lazy.objectinspector.primitive.LazyLongObjectInspector@4ae93e38>,org.apache.hadoop.hive.serde2.lazy.objectinspector.primitive.LazyIntObjectInspector@6ddeeb78,org.apache.hadoop.hive.serde2.lazy.objectinspector.primitive.LazyStringObjectInspector@266b7d1>, serializedSize=0, stats=org.apache.hadoop.hive.serde2.SerDeStats@435c6e4c, lastOperationSerialize=false, lastOperationDeserialize=false [1, 2, 3, 4, 5, 6, 7, 8, 11, 14, 15, 16, 17, 18, 19, 20, 21, 22, 23, 24, 25, 26, 28, 29, 30, 31, -128, -127, -126, -125, -124, -123, -122, -121, -120, -119, -118, -117, -116, -115, -114, -113, -112, -111, -110, -109, -108, -107, -106, -105, -104, -103, -102, -101, -100, -99, -98, -97, -96, -95, -94, -93, -92, -91, -90, -89, -88, -87, -86, -85, -84, -83, -82, -81, -80, -79, -78, -77, -76, -75, -74, -73, -72, -71, -70, -69, -68, -67, -66, -65, -64, -63, -62, -61, -60, -59, -58, -57, -56, -55, -54, -53, -52, -51, -50, -49, -48, -47, -46, -45, -44, -43, -42, -41, -40, -39, -38, -37, -36, -35, -34, -33, -32, -31, -30, -29, -28, -27, -26, -25, -24, -23, -22, -21, -20, -19, -18, -17, -16, -15, -14, -13, -12, -11, -10, -9, -8, -7, -6, -5, -4, -3, -2, -1] : [_col0, _col1, _col2] : [struct<writeid:bigint,bucketid:int,rowid:bigint>, int, string]] and formatter : org.apache.hadoop.hive.ql.io.HiveSequenceFileOutputFormat@7ae699ec
2024-04-24T01:19:50,511  INFO [pool-290-thread-1] exec.FileSinkOperator: Final Path: FS file:/home/alex/Repositories/hive/ql/target/tmp/localscratchdir/f3b94205-d5f4-414f-8908-21b0f24cd7cb/hive_2024-04-24_01-19-49_987_6842535280466315253-1/-mr-10001/.hive-staging_hive_2024-04-24_01-19-49_987_6842535280466315253-1/_tmp.-ext-10002/000000_0
2024-04-24T01:19:50,511  INFO [pool-290-thread-1] exec.FileSinkOperator: Writing to temp file: FS file:/home/alex/Repositories/hive/ql/target/tmp/localscratchdir/f3b94205-d5f4-414f-8908-21b0f24cd7cb/hive_2024-04-24_01-19-49_987_6842535280466315253-1/-mr-10001/.hive-staging_hive_2024-04-24_01-19-49_987_6842535280466315253-1/_task_tmp.-ext-10002/_tmp.000000_0
2024-04-24T01:19:50,511  INFO [pool-290-thread-1] exec.FileSinkOperator: New Final Path: FS file:/home/alex/Repositories/hive/ql/target/tmp/localscratchdir/f3b94205-d5f4-414f-8908-21b0f24cd7cb/hive_2024-04-24_01-19-49_987_6842535280466315253-1/-mr-10001/.hive-staging_hive_2024-04-24_01-19-49_987_6842535280466315253-1/_tmp.-ext-10002/000000_0
2024-04-24T01:19:50,518  INFO [pool-290-thread-1] exec.FileSinkOperator: FS[5]: records written - 1
2024-04-24T01:19:50,519  INFO [pool-290-thread-1] exec.SelectOperator: Closing Operator: SEL[4]
2024-04-24T01:19:50,519  INFO [pool-290-thread-1] exec.SelectOperator: RECORDS_OUT_OPERATOR_SEL_4:2, RECORDS_OUT_INTERMEDIATE:0, 
2024-04-24T01:19:50,519  INFO [pool-290-thread-1] exec.FileSinkOperator: Closing Operator: FS[5]
2024-04-24T01:19:50,519  INFO [pool-290-thread-1] exec.FileSinkOperator: FS[5]: records written - 2
2024-04-24T01:19:50,519  INFO [pool-290-thread-1] exec.FileSinkOperator: RECORDS_OUT_OPERATOR_FS_5:2, RECORDS_OUT_0:2, RECORDS_OUT_INTERMEDIATE:0, 
2024-04-24T01:19:50,519  INFO [pool-290-thread-1] mapred.Task: Task:attempt_local1039477581_0071_r_000000_0 is done. And is in the process of committing
2024-04-24T01:19:50,520  INFO [pool-290-thread-1] mapred.LocalJobRunner: reduce > reduce
2024-04-24T01:19:50,520  INFO [pool-290-thread-1] mapred.Task: Task 'attempt_local1039477581_0071_r_000000_0' done.
2024-04-24T01:19:50,520  INFO [pool-290-thread-1] mapred.Task: Final Counters for attempt_local1039477581_0071_r_000000_0: Counters: 29
	File System Counters
		FILE: Number of bytes read=1615284
		FILE: Number of bytes written=83718181
		FILE: Number of read operations=0
		FILE: Number of large read operations=0
		FILE: Number of write operations=0
	Map-Reduce Framework
		Combine input records=0
		Combine output records=0
		Reduce input groups=2
		Reduce shuffle bytes=318
		Reduce input records=2
		Reduce output records=0
		Spilled Records=2
		Shuffled Maps =1
		Failed Shuffles=0
		Merged Map outputs=1
		GC time elapsed (ms)=0
		Total committed heap usage (bytes)=1348993024
	HIVE
		CREATED_FILES=1
		RECORDS_OUT_0=2
		RECORDS_OUT_INTERMEDIATE=0
		RECORDS_OUT_OPERATOR_FS_5=2
		RECORDS_OUT_OPERATOR_SEL_4=2
	Shuffle Errors
		BAD_ID=0
		CONNECTION=0
		IO_ERROR=0
		WRONG_LENGTH=0
		WRONG_MAP=0
		WRONG_REDUCE=0
	File Output Format Counters 
		Bytes Written=0
2024-04-24T01:19:50,520  INFO [pool-290-thread-1] mapred.LocalJobRunner: Finishing task: attempt_local1039477581_0071_r_000000_0
2024-04-24T01:19:50,520  INFO [Thread-4613] mapred.LocalJobRunner: reduce task executor complete.
2024-04-24 01:19:51,465 Stage-1 map = 100%,  reduce = 100%
2024-04-24T01:19:51,465  INFO [main] exec.Task: 2024-04-24 01:19:51,465 Stage-1 map = 100%,  reduce = 100%
Ended Job = job_local1039477581_0071
2024-04-24T01:19:51,466  INFO [main] exec.Task: Ended Job = job_local1039477581_0071
2024-04-24T01:19:51,468  INFO [main] metadata.Hive: Dumping metastore api call timing information for : execution phase
2024-04-24T01:19:51,468  INFO [main] metadata.Hive: Total time spent in each metastore function (ms): {}
MapReduce Jobs Launched: 
2024-04-24T01:19:51,468  INFO [main] ql.Driver: MapReduce Jobs Launched: 
Stage-Stage-1:  HDFS Read: 0 HDFS Write: 0 SUCCESS
2024-04-24T01:19:51,468  INFO [main] ql.Driver: Stage-Stage-1:  HDFS Read: 0 HDFS Write: 0 SUCCESS
Total MapReduce CPU Time Spent: 0 msec
2024-04-24T01:19:51,468  INFO [main] ql.Driver: Total MapReduce CPU Time Spent: 0 msec
2024-04-24T01:19:51,468  INFO [main] ql.Driver: Completed executing command(queryId=alex_20240424011949_3a16ebc8-88b2-4eda-9011-dd8c2e1bc2f1); Time taken: 1.301 seconds
2024-04-24T01:19:51,468  INFO [main] lockmgr.DbTxnManager: Stopped heartbeat for query: alex_20240424011949_3a16ebc8-88b2-4eda-9011-dd8c2e1bc2f1
2024-04-24T01:19:51,472  INFO [main] txn.TxnHandler: Expected to move at least one record from txn_components to completed_txn_components when committing txn! txnid:23
2024-04-24T01:19:51,478  INFO [main] txn.TxnHandler: Removed transactions: ([23]) from MIN_HISTORY_LEVEL
2024-04-24T01:19:51,478  WARN [main] txn.CompactionTxnHandler: No compaction queue record found for Compaction type transaction commit. txnId:23
2024-04-24T01:19:51,482  INFO [main] mapred.FileInputFormat: Total input files to process : 1
2024-04-24T01:19:51,483  INFO [main] exec.ListSinkOperator: Closing Operator: LIST_SINK[8]
2024-04-24T01:19:51,483  INFO [main] exec.ListSinkOperator: RECORDS_OUT_INTERMEDIATE:0, RECORDS_OUT_OPERATOR_LIST_SINK_8:2, 
2024-04-24T01:19:51,483  WARN [main] ql.TestTxnNoBuckets: null: read data(After non-vectorized read): 
2024-04-24T01:19:51,483  INFO [main] ql.TestTxnNoBuckets: {"writeid":0,"bucketid":536870912,"rowid":3}	6	file:/home/alex/Repositories/hive/ql/target/tmp/org.apache.hadoop.hive.ql.TestTxnNoBuckets-1713946626176/warehouse/t/000000_0
{"writeid":0,"bucketid":536870912,"rowid":4}	9	file:/home/alex/Repositories/hive/ql/target/tmp/org.apache.hadoop.hive.ql.TestTxnNoBuckets-1713946626176/warehouse/t/000000_0

2024-04-24T01:19:51,483  INFO [main] ql.TxnCommandsBaseForTests: Running the query: EXPLAIN VECTORIZATION DETAIL select ROW__ID, a, INPUT__FILE__NAME from T where b > 6 order by a
2024-04-24T01:19:51,483  INFO [main] ql.Context: Deleting scratch dir: file:/home/alex/Repositories/hive/ql/target/tmp/localscratchdir/f3b94205-d5f4-414f-8908-21b0f24cd7cb/hive_2024-04-24_01-19-49_987_6842535280466315253-1
2024-04-24T01:19:51,484  INFO [main] cleanup.SyncCleanupService: Deleted directory: file:/home/alex/Repositories/hive/ql/target/tmp/localscratchdir/f3b94205-d5f4-414f-8908-21b0f24cd7cb/hive_2024-04-24_01-19-49_987_6842535280466315253-1 on fs with scheme file
2024-04-24T01:19:51,484  INFO [main] ql.Driver: Compiling command(queryId=alex_20240424011951_3776ed61-7506-47ec-af5c-cb24a1bbe230): EXPLAIN VECTORIZATION DETAIL select ROW__ID, a, INPUT__FILE__NAME from T where b > 6 order by a
2024-04-24T01:19:51,486  INFO [main] txn.TxnHandler: Added entries to MIN_HISTORY_LEVEL for current txns: ([24]) with min_open_txn: 24
2024-04-24T01:19:51,487  INFO [main] lockmgr.DbTxnManager: Opened txnid:24
2024-04-24T01:19:51,487  INFO [main] parse.CalcitePlanner: Starting Semantic Analysis
2024-04-24T01:19:51,490  INFO [main] parse.CalcitePlanner: Completed phase 1 of Semantic Analysis
2024-04-24T01:19:51,490  INFO [main] parse.CalcitePlanner: Get metadata for source tables
2024-04-24T01:19:51,490  INFO [main] HiveMetaStore.audit: ugi=alex	ip=unknown-ip-addr	cmd=get_table : tbl=hive.default.t	
2024-04-24T01:19:51,496  INFO [main] metastore.HMSHandler: Skipping translation for processor with null
2024-04-24T01:19:51,497  INFO [main] parse.CalcitePlanner: Get metadata for subqueries
2024-04-24T01:19:51,497  INFO [main] parse.CalcitePlanner: Get metadata for destination tables
2024-04-24T01:19:51,497  INFO [main] parse.CalcitePlanner: Completed getting MetaData in Semantic Analysis
2024-04-24T01:19:51,509  INFO [main] HiveMetaStore.audit: ugi=alex	ip=unknown-ip-addr	cmd=get_all_table_constraints : tbl=hive.default.t	
2024-04-24T01:19:51,547  INFO [main] calcite.RelOptHiveTable: Calculating column statistics for default.t, projIndxSet: [0, 1], allowMissingStats: true
2024-04-24T01:19:51,547  INFO [main] HiveMetaStore.audit: ugi=alex	ip=unknown-ip-addr	cmd=get_table_statistics_req: table=hive.default.t	
2024-04-24T01:19:51,556  WARN [main] calcite.RelOptHiveTable: No Stats for default@t, Columns: b, a
No Stats for default@t, Columns: b, a
2024-04-24T01:19:51,556  INFO [main] SessionState: No Stats for default@t, Columns: b, a
2024-04-24T01:19:51,618  INFO [main] parse.CalcitePlanner: Get metadata for source tables
2024-04-24T01:19:51,618  INFO [main] parse.CalcitePlanner: Get metadata for subqueries
2024-04-24T01:19:51,618  INFO [main] parse.CalcitePlanner: Get metadata for destination tables
2024-04-24T01:19:51,620  INFO [main] parse.CalcitePlanner: CBO Succeeded; optimized logical plan.
2024-04-24T01:19:51,623  INFO [main] optimizer.ColumnPrunerProcFactory: RS 3 oldColExprMap: {KEY.reducesinkkey0=Column[_col1], VALUE._col1=Column[_col2], VALUE._col0=Column[_col0]}
2024-04-24T01:19:51,623  INFO [main] optimizer.ColumnPrunerProcFactory: RS 3 newColExprMap: {KEY.reducesinkkey0=Column[_col1], VALUE._col1=Column[_col2], VALUE._col0=Column[_col0]}
2024-04-24T01:19:51,624  INFO [main] optimizer.BucketVersionPopulator: not considering bucketingVersion for: TS[0] because it has -1<2 buckets 
2024-04-24T01:19:51,627  INFO [main] optimizer.SortedDynPartitionOptimizer: Sorted dynamic partitioning optimization kicked in..
2024-04-24T01:19:51,637  INFO [main] physical.Vectorizer: Examining input format to see if vectorization is enabled.
2024-04-24T01:19:51,637  INFO [main] physical.Vectorizer: Vectorization is enabled for input format(s) [org.apache.hadoop.hive.ql.io.orc.OrcInputFormat]
2024-04-24T01:19:51,638  INFO [main] physical.Vectorizer: Validating and vectorizing MapWork... (vectorizedVertexNum 0)
2024-04-24T01:19:51,639  INFO [main] physical.Vectorizer: Map vectorization enabled: true
2024-04-24T01:19:51,639  INFO [main] physical.Vectorizer: Map vectorized: false
2024-04-24T01:19:51,639  INFO [main] physical.Vectorizer: Map notVectorizedReason: Select expression for SELECT operator: Virtual column INPUT__FILE__NAME is not supported
2024-04-24T01:19:51,639  INFO [main] physical.Vectorizer: Map vectorizedVertexNum: 0
2024-04-24T01:19:51,639  INFO [main] physical.Vectorizer: Map enabledConditionsMet: [hive.vectorized.use.vectorized.input.format IS true]
2024-04-24T01:19:51,639  INFO [main] physical.Vectorizer: Map inputFileFormatClassNameSet: [org.apache.hadoop.hive.ql.io.orc.OrcInputFormat]
2024-04-24T01:19:51,639  INFO [main] physical.Vectorizer: Reduce vectorization enabled: false
2024-04-24T01:19:51,639  INFO [main] physical.Vectorizer: Reduce vectorized: false
2024-04-24T01:19:51,639  INFO [main] physical.Vectorizer: Reduce vectorizedVertexNum: 1
2024-04-24T01:19:51,639  INFO [main] physical.Vectorizer: Reducer hive.vectorized.execution.reduce.enabled: true
2024-04-24T01:19:51,639  INFO [main] physical.Vectorizer: Reducer engine: mr
2024-04-24T01:19:51,639  INFO [main] parse.CalcitePlanner: Completed plan generation
2024-04-24T01:19:51,639  INFO [main] ql.Driver: Semantic Analysis Completed (retrial = false)
2024-04-24T01:19:51,639  INFO [main] ql.Driver: Created Hive schema: Schema(fieldSchemas:[FieldSchema(name:Explain, type:string, comment:null)], properties:null)
2024-04-24T01:19:51,639  INFO [main] metadata.Hive: Dumping metastore api call timing information for : compilation phase
2024-04-24T01:19:51,639  INFO [main] metadata.Hive: Total time spent in each metastore function (ms): {getTable_(GetTableRequest)=7, commitTxn_(CommitTxnRequest)=11, getValidWriteIds_(List, String)=2, isCompatibleWith_(Configuration)=1, openTxn_(String, TxnType)=3, getAllTableConstraints_(AllTableConstraintsRequest)=5, getValidTxns_(long)=0, getTableColumnStatistics_(String, String, List, String)=8, flushCache_()=0}
2024-04-24T01:19:51,639  INFO [main] ql.Driver: Completed compiling command(queryId=alex_20240424011951_3776ed61-7506-47ec-af5c-cb24a1bbe230); Time taken: 0.155 seconds
2024-04-24T01:19:51,640  INFO [main] ql.Driver: Executing command(queryId=alex_20240424011951_3776ed61-7506-47ec-af5c-cb24a1bbe230): EXPLAIN VECTORIZATION DETAIL select ROW__ID, a, INPUT__FILE__NAME from T where b > 6 order by a
2024-04-24T01:19:51,640  INFO [main] ql.Driver: Starting task [Stage-2:EXPLAIN] in serial mode
2024-04-24T01:19:51,650  INFO [main] metadata.Hive: Dumping metastore api call timing information for : execution phase
2024-04-24T01:19:51,650  INFO [main] metadata.Hive: Total time spent in each metastore function (ms): {}
2024-04-24T01:19:51,650  INFO [main] ql.Driver: Completed executing command(queryId=alex_20240424011951_3776ed61-7506-47ec-af5c-cb24a1bbe230); Time taken: 0.01 seconds
2024-04-24T01:19:51,651  INFO [main] lockmgr.DbTxnManager: Stopped heartbeat for query: null
2024-04-24T01:19:51,658  INFO [main] txn.TxnHandler: Expected to move at least one record from txn_components to completed_txn_components when committing txn! txnid:24
2024-04-24T01:19:51,664  INFO [main] txn.TxnHandler: Removed transactions: ([24]) from MIN_HISTORY_LEVEL
2024-04-24T01:19:51,664  WARN [main] txn.CompactionTxnHandler: No compaction queue record found for Compaction type transaction commit. txnId:24
2024-04-24T01:19:51,665  INFO [main] ql.TxnCommandsBaseForTests: Running the query: update T set b = 17 where a = 1
2024-04-24T01:19:51,666  INFO [main] ql.Context: Deleting scratch dir: file:/home/alex/Repositories/hive/ql/target/tmp/localscratchdir/f3b94205-d5f4-414f-8908-21b0f24cd7cb/hive_2024-04-24_01-19-51_484_6376478186286589977-1
2024-04-24T01:19:51,666  INFO [main] cleanup.SyncCleanupService: Deleted directory: file:/home/alex/Repositories/hive/ql/target/tmp/localscratchdir/f3b94205-d5f4-414f-8908-21b0f24cd7cb/hive_2024-04-24_01-19-51_484_6376478186286589977-1 on fs with scheme file
2024-04-24T01:19:51,666  INFO [main] ql.Driver: Compiling command(queryId=alex_20240424011951_403e352d-4300-4d70-b9ec-3de19df02aec): update T set b = 17 where a = 1
2024-04-24T01:19:51,669  INFO [main] txn.TxnHandler: Added entries to MIN_HISTORY_LEVEL for current txns: ([25]) with min_open_txn: 24
2024-04-24T01:19:51,669  INFO [main] lockmgr.DbTxnManager: Opened txnid:25
2024-04-24T01:19:51,670  INFO [main] parse.UpdateDeleteSemanticAnalyzer: Starting caching scope for: 
2024-04-24T01:19:51,670  INFO [main] HiveMetaStore.audit: ugi=alex	ip=unknown-ip-addr	cmd=get_table : tbl=hive.default.T	
2024-04-24T01:19:51,679  INFO [main] metastore.HMSHandler: Skipping translation for processor with null
2024-04-24T01:19:51,679  INFO [main] parse.RewriteSemanticAnalyzer: Going to reparse <update T set b = 17 where a = 1> as 
<insert into table `default`.`T` select ROW__ID,`a`,`b` from `default`.`T` sort by ROW__ID >
2024-04-24T01:19:51,679  INFO [main] parse.UpdateDeleteSemanticAnalyzer: Starting Semantic Analysis
2024-04-24T01:19:51,683  INFO [main] HiveMetaStore.audit: ugi=alex	ip=unknown-ip-addr	cmd=get_table : tbl=hive.default.T	
2024-04-24T01:19:51,691  INFO [main] metastore.HMSHandler: Skipping translation for processor with null
2024-04-24T01:19:51,691  INFO [main] parse.UpdateDeleteSemanticAnalyzer: Completed phase 1 of Semantic Analysis
2024-04-24T01:19:51,691  INFO [main] parse.UpdateDeleteSemanticAnalyzer: Get metadata for source tables
2024-04-24T01:19:51,692  INFO [main] HiveMetaStore.audit: ugi=alex	ip=unknown-ip-addr	cmd=get_table : tbl=hive.default.t	
2024-04-24T01:19:51,699  INFO [main] metastore.HMSHandler: Skipping translation for processor with null
2024-04-24T01:19:51,700  INFO [main] parse.UpdateDeleteSemanticAnalyzer: Get metadata for subqueries
2024-04-24T01:19:51,700  INFO [main] parse.UpdateDeleteSemanticAnalyzer: Get metadata for destination tables
2024-04-24T01:19:51,700  INFO [main] HiveMetaStore.audit: ugi=alex	ip=unknown-ip-addr	cmd=get_table : tbl=hive.default.T	
2024-04-24T01:19:51,708  INFO [main] metastore.HMSHandler: Skipping translation for processor with null
2024-04-24T01:19:51,708  INFO [main] parse.UpdateDeleteSemanticAnalyzer: Completed getting MetaData in Semantic Analysis
2024-04-24T01:19:51,708  INFO [main] parse.UpdateDeleteSemanticAnalyzer: Disabling LLAP IO encode as ETL query is detected
2024-04-24T01:19:51,724  INFO [main] HiveMetaStore.audit: ugi=alex	ip=unknown-ip-addr	cmd=get_all_table_constraints : tbl=hive.default.t	
2024-04-24T01:19:51,731  INFO [main] HiveMetaStore.audit: ugi=alex	ip=unknown-ip-addr	cmd=get_not_null_constraints : tbl=hive.default.t	
2024-04-24T01:19:51,732  INFO [main] HiveMetaStore.audit: ugi=alex	ip=unknown-ip-addr	cmd=get_check_constraints : tbl=hive.default.t	
2024-04-24T01:19:51,754  INFO [main] calcite.RelOptHiveTable: Calculating column statistics for default.t, projIndxSet: [0], allowMissingStats: true
2024-04-24T01:19:51,754  INFO [main] HiveMetaStore.audit: ugi=alex	ip=unknown-ip-addr	cmd=get_table_statistics_req: table=hive.default.t	
2024-04-24T01:19:51,766  WARN [main] calcite.RelOptHiveTable: No Stats for default@t, Columns: a
No Stats for default@t, Columns: a
2024-04-24T01:19:51,766  INFO [main] SessionState: No Stats for default@t, Columns: a
2024-04-24T01:19:51,836  INFO [main] parse.UpdateDeleteSemanticAnalyzer: Get metadata for source tables
2024-04-24T01:19:51,837  INFO [main] parse.UpdateDeleteSemanticAnalyzer: Get metadata for subqueries
2024-04-24T01:19:51,837  INFO [main] parse.UpdateDeleteSemanticAnalyzer: Get metadata for destination tables
2024-04-24T01:19:51,837  INFO [main] HiveMetaStore.audit: ugi=alex	ip=unknown-ip-addr	cmd=get_table : tbl=hive.default.T	
2024-04-24T01:19:51,844  INFO [main] metastore.HMSHandler: Skipping translation for processor with null
2024-04-24T01:19:51,846 ERROR [main] parse.UpdateDeleteSemanticAnalyzer: CBO failed, skipping CBO. 
org.apache.hadoop.hive.ql.exec.NoMatchingMethodException: No matching method for class org.apache.hadoop.hive.ql.udf.UDFToInteger with (struct<writeid:bigint,bucketid:int,rowid:bigint>). Possible choices: _FUNC_(bigint)  _FUNC_(boolean)  _FUNC_(decimal(38,18))  _FUNC_(double)  _FUNC_(float)  _FUNC_(smallint)  _FUNC_(string)  _FUNC_(struct<writeid:int,rowid:bigint,bucketid:bigint>)  _FUNC_(timestamp)  _FUNC_(tinyint)  _FUNC_(void)  
	at org.apache.hadoop.hive.ql.exec.MethodUtils.getMethodInternal(MethodUtils.java:130) ~[classes/:?]
	at org.apache.hadoop.hive.ql.exec.MethodUtils.getMethodInternal(MethodUtils.java:60) ~[classes/:?]
	at org.apache.hadoop.hive.ql.exec.DefaultUDFMethodResolver.getEvalMethod(DefaultUDFMethodResolver.java:59) ~[classes/:?]
	at org.apache.hadoop.hive.ql.udf.TimestampCastRestrictorResolver.getEvalMethod(TimestampCastRestrictorResolver.java:68) ~[classes/:?]
	at org.apache.hadoop.hive.ql.udf.generic.GenericUDFBridge.initialize(GenericUDFBridge.java:168) ~[classes/:?]
	at org.apache.hadoop.hive.ql.udf.generic.GenericUDF.initializeAndFoldConstants(GenericUDF.java:149) ~[classes/:?]
	at org.apache.hadoop.hive.ql.plan.ExprNodeGenericFuncDesc.newInstance(ExprNodeGenericFuncDesc.java:235) ~[classes/:?]
	at org.apache.hadoop.hive.ql.parse.type.ExprNodeDescExprFactory.createFuncCallExpr(ExprNodeDescExprFactory.java:584) ~[classes/:?]
	at org.apache.hadoop.hive.ql.parse.type.ExprNodeDescExprFactory.createFuncCallExpr(ExprNodeDescExprFactory.java:97) ~[classes/:?]
	at org.apache.hadoop.hive.ql.parse.type.TypeCheckProcFactory$DefaultExprProcessor.getFuncExprNodeDescWithUdfData(TypeCheckProcFactory.java:762) ~[classes/:?]
	at org.apache.hadoop.hive.ql.parse.type.TypeCheckProcFactory$DefaultExprProcessor.createConversionCast(TypeCheckProcFactory.java:783) ~[classes/:?]
	at org.apache.hadoop.hive.ql.parse.SemanticAnalyzer.getPartitionColsFromBucketColsForUpdateDelete(SemanticAnalyzer.java:8725) ~[classes/:?]
	at org.apache.hadoop.hive.ql.parse.SemanticAnalyzer.genBucketingSortingDest(SemanticAnalyzer.java:6914) ~[classes/:?]
	at org.apache.hadoop.hive.ql.parse.SemanticAnalyzer.genFileSinkPlan(SemanticAnalyzer.java:7335) ~[classes/:?]
	at org.apache.hadoop.hive.ql.parse.SemanticAnalyzer.genPostGroupByBodyPlan(SemanticAnalyzer.java:11063) ~[classes/:?]
	at org.apache.hadoop.hive.ql.parse.SemanticAnalyzer.genBodyPlan(SemanticAnalyzer.java:10938) ~[classes/:?]
	at org.apache.hadoop.hive.ql.parse.SemanticAnalyzer.genPlan(SemanticAnalyzer.java:11853) ~[classes/:?]
	at org.apache.hadoop.hive.ql.parse.SemanticAnalyzer.genPlan(SemanticAnalyzer.java:11723) ~[classes/:?]
	at org.apache.hadoop.hive.ql.parse.CalcitePlanner.genOPTree(CalcitePlanner.java:626) ~[classes/:?]
	at org.apache.hadoop.hive.ql.parse.SemanticAnalyzer.analyzeInternal(SemanticAnalyzer.java:12558) ~[classes/:?]
	at org.apache.hadoop.hive.ql.parse.CalcitePlanner.analyzeInternal(CalcitePlanner.java:456) ~[classes/:?]
	at org.apache.hadoop.hive.ql.parse.RewriteSemanticAnalyzer.analyzeInternal(RewriteSemanticAnalyzer.java:67) ~[classes/:?]
	at org.apache.hadoop.hive.ql.parse.BaseSemanticAnalyzer.analyze(BaseSemanticAnalyzer.java:317) ~[classes/:?]
	at org.apache.hadoop.hive.ql.parse.UpdateDeleteSemanticAnalyzer.reparseAndSuperAnalyze(UpdateDeleteSemanticAnalyzer.java:208) ~[classes/:?]
	at org.apache.hadoop.hive.ql.parse.UpdateDeleteSemanticAnalyzer.analyzeUpdate(UpdateDeleteSemanticAnalyzer.java:63) ~[classes/:?]
	at org.apache.hadoop.hive.ql.parse.UpdateDeleteSemanticAnalyzer.analyze(UpdateDeleteSemanticAnalyzer.java:53) ~[classes/:?]
	at org.apache.hadoop.hive.ql.parse.RewriteSemanticAnalyzer.analyzeInternal(RewriteSemanticAnalyzer.java:72) ~[classes/:?]
	at org.apache.hadoop.hive.ql.parse.BaseSemanticAnalyzer.analyze(BaseSemanticAnalyzer.java:317) ~[classes/:?]
	at org.apache.hadoop.hive.ql.Compiler.analyze(Compiler.java:223) ~[classes/:?]
	at org.apache.hadoop.hive.ql.Compiler.compile(Compiler.java:105) ~[classes/:?]
	at org.apache.hadoop.hive.ql.Driver.compile(Driver.java:500) ~[classes/:?]
	at org.apache.hadoop.hive.ql.Driver.compileInternal(Driver.java:453) ~[classes/:?]
	at org.apache.hadoop.hive.ql.Driver.runInternal(Driver.java:181) ~[classes/:?]
	at org.apache.hadoop.hive.ql.Driver.run(Driver.java:153) ~[classes/:?]
	at org.apache.hadoop.hive.ql.Driver.run(Driver.java:140) ~[classes/:?]
	at org.apache.hadoop.hive.ql.TxnCommandsBaseForTests.runStatementOnDriver(TxnCommandsBaseForTests.java:245) ~[test-classes/:?]
	at org.apache.hadoop.hive.ql.TestTxnNoBuckets.testNonAcidToAcidVectorzied(TestTxnNoBuckets.java:726) ~[test-classes/:?]
	at sun.reflect.NativeMethodAccessorImpl.invoke0(Native Method) ~[?:1.8.0_402]
	at sun.reflect.NativeMethodAccessorImpl.invoke(NativeMethodAccessorImpl.java:62) ~[?:1.8.0_402]
	at sun.reflect.DelegatingMethodAccessorImpl.invoke(DelegatingMethodAccessorImpl.java:43) ~[?:1.8.0_402]
	at java.lang.reflect.Method.invoke(Method.java:498) ~[?:1.8.0_402]
	at org.junit.runners.model.FrameworkMethod$1.runReflectiveCall(FrameworkMethod.java:59) ~[junit-4.13.jar:4.13]
	at org.junit.internal.runners.model.ReflectiveCallable.run(ReflectiveCallable.java:12) ~[junit-4.13.jar:4.13]
	at org.junit.runners.model.FrameworkMethod.invokeExplosively(FrameworkMethod.java:56) ~[junit-4.13.jar:4.13]
	at org.junit.internal.runners.statements.InvokeMethod.evaluate(InvokeMethod.java:17) ~[junit-4.13.jar:4.13]
	at org.junit.internal.runners.statements.RunBefores.evaluate(RunBefores.java:26) ~[junit-4.13.jar:4.13]
	at org.junit.internal.runners.statements.RunAfters.evaluate(RunAfters.java:27) ~[junit-4.13.jar:4.13]
	at org.junit.rules.TestWatcher$1.evaluate(TestWatcher.java:61) ~[junit-4.13.jar:4.13]
	at org.junit.runners.ParentRunner$3.evaluate(ParentRunner.java:306) ~[junit-4.13.jar:4.13]
	at org.junit.runners.BlockJUnit4ClassRunner$1.evaluate(BlockJUnit4ClassRunner.java:100) ~[junit-4.13.jar:4.13]
	at org.junit.runners.ParentRunner.runLeaf(ParentRunner.java:366) ~[junit-4.13.jar:4.13]
	at org.junit.runners.BlockJUnit4ClassRunner.runChild(BlockJUnit4ClassRunner.java:103) ~[junit-4.13.jar:4.13]
	at org.junit.runners.BlockJUnit4ClassRunner.runChild(BlockJUnit4ClassRunner.java:63) ~[junit-4.13.jar:4.13]
	at org.junit.runners.ParentRunner$4.run(ParentRunner.java:331) ~[junit-4.13.jar:4.13]
	at org.junit.runners.ParentRunner$1.schedule(ParentRunner.java:79) ~[junit-4.13.jar:4.13]
	at org.junit.runners.ParentRunner.runChildren(ParentRunner.java:329) ~[junit-4.13.jar:4.13]
	at org.junit.runners.ParentRunner.access$100(ParentRunner.java:66) ~[junit-4.13.jar:4.13]
	at org.junit.runners.ParentRunner$2.evaluate(ParentRunner.java:293) ~[junit-4.13.jar:4.13]
	at org.junit.runners.ParentRunner$3.evaluate(ParentRunner.java:306) ~[junit-4.13.jar:4.13]
	at org.junit.runners.ParentRunner.run(ParentRunner.java:413) ~[junit-4.13.jar:4.13]
	at org.junit.runner.JUnitCore.run(JUnitCore.java:137) ~[junit-4.13.jar:4.13]
	at org.junit.runner.JUnitCore.run(JUnitCore.java:115) ~[junit-4.13.jar:4.13]
	at org.junit.vintage.engine.execution.RunnerExecutor.execute(RunnerExecutor.java:43) ~[junit-vintage-engine-5.6.2.jar:5.6.2]
	at java.util.stream.ForEachOps$ForEachOp$OfRef.accept(ForEachOps.java:183) ~[?:1.8.0_402]
	at java.util.stream.ReferencePipeline$3$1.accept(ReferencePipeline.java:193) ~[?:1.8.0_402]
	at java.util.Iterator.forEachRemaining(Iterator.java:116) ~[?:1.8.0_402]
	at java.util.Spliterators$IteratorSpliterator.forEachRemaining(Spliterators.java:1801) ~[?:1.8.0_402]
	at java.util.stream.AbstractPipeline.copyInto(AbstractPipeline.java:482) ~[?:1.8.0_402]
	at java.util.stream.AbstractPipeline.wrapAndCopyInto(AbstractPipeline.java:472) ~[?:1.8.0_402]
	at java.util.stream.ForEachOps$ForEachOp.evaluateSequential(ForEachOps.java:150) ~[?:1.8.0_402]
	at java.util.stream.ForEachOps$ForEachOp$OfRef.evaluateSequential(ForEachOps.java:173) ~[?:1.8.0_402]
	at java.util.stream.AbstractPipeline.evaluate(AbstractPipeline.java:234) ~[?:1.8.0_402]
	at java.util.stream.ReferencePipeline.forEach(ReferencePipeline.java:485) ~[?:1.8.0_402]
	at org.junit.vintage.engine.VintageTestEngine.executeAllChildren(VintageTestEngine.java:82) ~[junit-vintage-engine-5.6.2.jar:5.6.2]
	at org.junit.vintage.engine.VintageTestEngine.execute(VintageTestEngine.java:73) ~[junit-vintage-engine-5.6.2.jar:5.6.2]
	at org.junit.platform.launcher.core.DefaultLauncher.execute(DefaultLauncher.java:248) ~[junit-platform-launcher-1.6.2.jar:1.6.2]
	at org.junit.platform.launcher.core.DefaultLauncher.lambda$execute$5(DefaultLauncher.java:211) ~[junit-platform-launcher-1.6.2.jar:1.6.2]
	at org.junit.platform.launcher.core.DefaultLauncher.withInterceptedStreams(DefaultLauncher.java:226) [junit-platform-launcher-1.6.2.jar:1.6.2]
	at org.junit.platform.launcher.core.DefaultLauncher.execute(DefaultLauncher.java:199) [junit-platform-launcher-1.6.2.jar:1.6.2]
	at org.junit.platform.launcher.core.DefaultLauncher.execute(DefaultLauncher.java:132) [junit-platform-launcher-1.6.2.jar:1.6.2]
	at org.apache.maven.surefire.junitplatform.JUnitPlatformProvider.invokeAllTests(JUnitPlatformProvider.java:154) [surefire-junit-platform-3.0.0-M4.jar:3.0.0-M4]
	at org.apache.maven.surefire.junitplatform.JUnitPlatformProvider.invoke(JUnitPlatformProvider.java:123) [surefire-junit-platform-3.0.0-M4.jar:3.0.0-M4]
	at org.apache.maven.surefire.booter.ForkedBooter.runSuitesInProcess(ForkedBooter.java:377) [surefire-booter-3.0.0-M4.jar:3.0.0-M4]
	at org.apache.maven.surefire.booter.ForkedBooter.execute(ForkedBooter.java:138) [surefire-booter-3.0.0-M4.jar:3.0.0-M4]
	at org.apache.maven.surefire.booter.ForkedBooter.run(ForkedBooter.java:465) [surefire-booter-3.0.0-M4.jar:3.0.0-M4]
	at org.apache.maven.surefire.booter.ForkedBooter.main(ForkedBooter.java:451) [surefire-booter-3.0.0-M4.jar:3.0.0-M4]
2024-04-24T01:19:51,847 ERROR [main] parse.UpdateDeleteSemanticAnalyzer: CBO failed due to missing column stats (see previous errors), skipping CBO
2024-04-24T01:19:51,847  INFO [main] parse.UpdateDeleteSemanticAnalyzer: Ending caching scope for: 
FAILED: NoMatchingMethodException No matching method for class org.apache.hadoop.hive.ql.udf.UDFToInteger with (struct<writeid:bigint,bucketid:int,rowid:bigint>). Possible choices: _FUNC_(bigint)  _FUNC_(boolean)  _FUNC_(decimal(38,18))  _FUNC_(double)  _FUNC_(float)  _FUNC_(smallint)  _FUNC_(string)  _FUNC_(struct<writeid:int,rowid:bigint,bucketid:bigint>)  _FUNC_(timestamp)  _FUNC_(tinyint)  _FUNC_(void)  
2024-04-24T01:19:51,848 ERROR [main] ql.Driver: FAILED: NoMatchingMethodException No matching method for class org.apache.hadoop.hive.ql.udf.UDFToInteger with (struct<writeid:bigint,bucketid:int,rowid:bigint>). Possible choices: _FUNC_(bigint)  _FUNC_(boolean)  _FUNC_(decimal(38,18))  _FUNC_(double)  _FUNC_(float)  _FUNC_(smallint)  _FUNC_(string)  _FUNC_(struct<writeid:int,rowid:bigint,bucketid:bigint>)  _FUNC_(timestamp)  _FUNC_(tinyint)  _FUNC_(void)  
org.apache.hadoop.hive.ql.exec.NoMatchingMethodException: No matching method for class org.apache.hadoop.hive.ql.udf.UDFToInteger with (struct<writeid:bigint,bucketid:int,rowid:bigint>). Possible choices: _FUNC_(bigint)  _FUNC_(boolean)  _FUNC_(decimal(38,18))  _FUNC_(double)  _FUNC_(float)  _FUNC_(smallint)  _FUNC_(string)  _FUNC_(struct<writeid:int,rowid:bigint,bucketid:bigint>)  _FUNC_(timestamp)  _FUNC_(tinyint)  _FUNC_(void)  
	at org.apache.hadoop.hive.ql.exec.MethodUtils.getMethodInternal(MethodUtils.java:130)
	at org.apache.hadoop.hive.ql.exec.MethodUtils.getMethodInternal(MethodUtils.java:60)
	at org.apache.hadoop.hive.ql.exec.DefaultUDFMethodResolver.getEvalMethod(DefaultUDFMethodResolver.java:59)
	at org.apache.hadoop.hive.ql.udf.TimestampCastRestrictorResolver.getEvalMethod(TimestampCastRestrictorResolver.java:68)
	at org.apache.hadoop.hive.ql.udf.generic.GenericUDFBridge.initialize(GenericUDFBridge.java:168)
	at org.apache.hadoop.hive.ql.udf.generic.GenericUDF.initializeAndFoldConstants(GenericUDF.java:149)
	at org.apache.hadoop.hive.ql.plan.ExprNodeGenericFuncDesc.newInstance(ExprNodeGenericFuncDesc.java:235)
	at org.apache.hadoop.hive.ql.parse.type.ExprNodeDescExprFactory.createFuncCallExpr(ExprNodeDescExprFactory.java:584)
	at org.apache.hadoop.hive.ql.parse.type.ExprNodeDescExprFactory.createFuncCallExpr(ExprNodeDescExprFactory.java:97)
	at org.apache.hadoop.hive.ql.parse.type.TypeCheckProcFactory$DefaultExprProcessor.getFuncExprNodeDescWithUdfData(TypeCheckProcFactory.java:762)
	at org.apache.hadoop.hive.ql.parse.type.TypeCheckProcFactory$DefaultExprProcessor.createConversionCast(TypeCheckProcFactory.java:783)
	at org.apache.hadoop.hive.ql.parse.SemanticAnalyzer.getPartitionColsFromBucketColsForUpdateDelete(SemanticAnalyzer.java:8725)
	at org.apache.hadoop.hive.ql.parse.SemanticAnalyzer.genBucketingSortingDest(SemanticAnalyzer.java:6914)
	at org.apache.hadoop.hive.ql.parse.SemanticAnalyzer.genFileSinkPlan(SemanticAnalyzer.java:7335)
	at org.apache.hadoop.hive.ql.parse.SemanticAnalyzer.genPostGroupByBodyPlan(SemanticAnalyzer.java:11063)
	at org.apache.hadoop.hive.ql.parse.SemanticAnalyzer.genBodyPlan(SemanticAnalyzer.java:10938)
	at org.apache.hadoop.hive.ql.parse.SemanticAnalyzer.genPlan(SemanticAnalyzer.java:11853)
	at org.apache.hadoop.hive.ql.parse.SemanticAnalyzer.genPlan(SemanticAnalyzer.java:11723)
	at org.apache.hadoop.hive.ql.parse.CalcitePlanner.genOPTree(CalcitePlanner.java:626)
	at org.apache.hadoop.hive.ql.parse.SemanticAnalyzer.analyzeInternal(SemanticAnalyzer.java:12558)
	at org.apache.hadoop.hive.ql.parse.CalcitePlanner.analyzeInternal(CalcitePlanner.java:456)
	at org.apache.hadoop.hive.ql.parse.RewriteSemanticAnalyzer.analyzeInternal(RewriteSemanticAnalyzer.java:67)
	at org.apache.hadoop.hive.ql.parse.BaseSemanticAnalyzer.analyze(BaseSemanticAnalyzer.java:317)
	at org.apache.hadoop.hive.ql.parse.UpdateDeleteSemanticAnalyzer.reparseAndSuperAnalyze(UpdateDeleteSemanticAnalyzer.java:208)
	at org.apache.hadoop.hive.ql.parse.UpdateDeleteSemanticAnalyzer.analyzeUpdate(UpdateDeleteSemanticAnalyzer.java:63)
	at org.apache.hadoop.hive.ql.parse.UpdateDeleteSemanticAnalyzer.analyze(UpdateDeleteSemanticAnalyzer.java:53)
	at org.apache.hadoop.hive.ql.parse.RewriteSemanticAnalyzer.analyzeInternal(RewriteSemanticAnalyzer.java:72)
	at org.apache.hadoop.hive.ql.parse.BaseSemanticAnalyzer.analyze(BaseSemanticAnalyzer.java:317)
	at org.apache.hadoop.hive.ql.Compiler.analyze(Compiler.java:223)
	at org.apache.hadoop.hive.ql.Compiler.compile(Compiler.java:105)
	at org.apache.hadoop.hive.ql.Driver.compile(Driver.java:500)
	at org.apache.hadoop.hive.ql.Driver.compileInternal(Driver.java:453)
	at org.apache.hadoop.hive.ql.Driver.runInternal(Driver.java:181)
	at org.apache.hadoop.hive.ql.Driver.run(Driver.java:153)
	at org.apache.hadoop.hive.ql.Driver.run(Driver.java:140)
	at org.apache.hadoop.hive.ql.TxnCommandsBaseForTests.runStatementOnDriver(TxnCommandsBaseForTests.java:245)
	at org.apache.hadoop.hive.ql.TestTxnNoBuckets.testNonAcidToAcidVectorzied(TestTxnNoBuckets.java:726)
	at sun.reflect.NativeMethodAccessorImpl.invoke0(Native Method)
	at sun.reflect.NativeMethodAccessorImpl.invoke(NativeMethodAccessorImpl.java:62)
	at sun.reflect.DelegatingMethodAccessorImpl.invoke(DelegatingMethodAccessorImpl.java:43)
	at java.lang.reflect.Method.invoke(Method.java:498)
	at org.junit.runners.model.FrameworkMethod$1.runReflectiveCall(FrameworkMethod.java:59)
	at org.junit.internal.runners.model.ReflectiveCallable.run(ReflectiveCallable.java:12)
	at org.junit.runners.model.FrameworkMethod.invokeExplosively(FrameworkMethod.java:56)
	at org.junit.internal.runners.statements.InvokeMethod.evaluate(InvokeMethod.java:17)
	at org.junit.internal.runners.statements.RunBefores.evaluate(RunBefores.java:26)
	at org.junit.internal.runners.statements.RunAfters.evaluate(RunAfters.java:27)
	at org.junit.rules.TestWatcher$1.evaluate(TestWatcher.java:61)
	at org.junit.runners.ParentRunner$3.evaluate(ParentRunner.java:306)
	at org.junit.runners.BlockJUnit4ClassRunner$1.evaluate(BlockJUnit4ClassRunner.java:100)
	at org.junit.runners.ParentRunner.runLeaf(ParentRunner.java:366)
	at org.junit.runners.BlockJUnit4ClassRunner.runChild(BlockJUnit4ClassRunner.java:103)
	at org.junit.runners.BlockJUnit4ClassRunner.runChild(BlockJUnit4ClassRunner.java:63)
	at org.junit.runners.ParentRunner$4.run(ParentRunner.java:331)
	at org.junit.runners.ParentRunner$1.schedule(ParentRunner.java:79)
	at org.junit.runners.ParentRunner.runChildren(ParentRunner.java:329)
	at org.junit.runners.ParentRunner.access$100(ParentRunner.java:66)
	at org.junit.runners.ParentRunner$2.evaluate(ParentRunner.java:293)
	at org.junit.runners.ParentRunner$3.evaluate(ParentRunner.java:306)
	at org.junit.runners.ParentRunner.run(ParentRunner.java:413)
	at org.junit.runner.JUnitCore.run(JUnitCore.java:137)
	at org.junit.runner.JUnitCore.run(JUnitCore.java:115)
	at org.junit.vintage.engine.execution.RunnerExecutor.execute(RunnerExecutor.java:43)
	at java.util.stream.ForEachOps$ForEachOp$OfRef.accept(ForEachOps.java:183)
	at java.util.stream.ReferencePipeline$3$1.accept(ReferencePipeline.java:193)
	at java.util.Iterator.forEachRemaining(Iterator.java:116)
	at java.util.Spliterators$IteratorSpliterator.forEachRemaining(Spliterators.java:1801)
	at java.util.stream.AbstractPipeline.copyInto(AbstractPipeline.java:482)
	at java.util.stream.AbstractPipeline.wrapAndCopyInto(AbstractPipeline.java:472)
	at java.util.stream.ForEachOps$ForEachOp.evaluateSequential(ForEachOps.java:150)
	at java.util.stream.ForEachOps$ForEachOp$OfRef.evaluateSequential(ForEachOps.java:173)
	at java.util.stream.AbstractPipeline.evaluate(AbstractPipeline.java:234)
	at java.util.stream.ReferencePipeline.forEach(ReferencePipeline.java:485)
	at org.junit.vintage.engine.VintageTestEngine.executeAllChildren(VintageTestEngine.java:82)
	at org.junit.vintage.engine.VintageTestEngine.execute(VintageTestEngine.java:73)
	at org.junit.platform.launcher.core.DefaultLauncher.execute(DefaultLauncher.java:248)
	at org.junit.platform.launcher.core.DefaultLauncher.lambda$execute$5(DefaultLauncher.java:211)
	at org.junit.platform.launcher.core.DefaultLauncher.withInterceptedStreams(DefaultLauncher.java:226)
	at org.junit.platform.launcher.core.DefaultLauncher.execute(DefaultLauncher.java:199)
	at org.junit.platform.launcher.core.DefaultLauncher.execute(DefaultLauncher.java:132)
	at org.apache.maven.surefire.junitplatform.JUnitPlatformProvider.invokeAllTests(JUnitPlatformProvider.java:154)
	at org.apache.maven.surefire.junitplatform.JUnitPlatformProvider.invoke(JUnitPlatformProvider.java:123)
	at org.apache.maven.surefire.booter.ForkedBooter.runSuitesInProcess(ForkedBooter.java:377)
	at org.apache.maven.surefire.booter.ForkedBooter.execute(ForkedBooter.java:138)
	at org.apache.maven.surefire.booter.ForkedBooter.run(ForkedBooter.java:465)
	at org.apache.maven.surefire.booter.ForkedBooter.main(ForkedBooter.java:451)

2024-04-24T01:19:51,848  INFO [main] metadata.Hive: Dumping metastore api call timing information for : compilation phase
2024-04-24T01:19:51,848  INFO [main] metadata.Hive: Total time spent in each metastore function (ms): {getTable_(GetTableRequest)=41, getTableColumnStatistics_(String, String, List, String)=12, getCheckConstraints_(CheckConstraintsRequest)=1, isCompatibleWith_(Configuration)=2, getValidWriteIds_(List, String)=4, getValidTxns_(long)=0, openTxn_(String, TxnType)=2, commitTxn_(CommitTxnRequest)=14, flushCache_()=0, getAllTableConstraints_(AllTableConstraintsRequest)=5, getNotNullConstraints_(NotNullConstraintsRequest)=1}
2024-04-24T01:19:51,848  INFO [main] ql.Driver: Completed compiling command(queryId=alex_20240424011951_403e352d-4300-4d70-b9ec-3de19df02aec); Time taken: 0.182 seconds
2024-04-24T01:19:51,849  INFO [main] lockmgr.DbTxnManager: Stopped heartbeat for query: null
2024-04-24T01:19:51,852  INFO [main] txn.TxnHandler: Removed transactions: ([25]) from MIN_HISTORY_LEVEL
2024-04-24T01:19:51,859  INFO [main] ql.TxnCommandsBaseForTests: Running the query: drop table if exists acidTbl
2024-04-24T01:19:51,859  INFO [main] ql.Driver: Compiling command(queryId=alex_20240424011951_b0ac5777-64ec-4589-8668-b39b2c5dd72b): drop table if exists acidTbl
2024-04-24T01:19:51,861  INFO [main] txn.TxnHandler: Added entries to MIN_HISTORY_LEVEL for current txns: ([26]) with min_open_txn: 24
2024-04-24T01:19:51,861  INFO [main] lockmgr.DbTxnManager: Opened txnid:26
2024-04-24T01:19:51,862  INFO [main] HiveMetaStore.audit: ugi=alex	ip=unknown-ip-addr	cmd=get_table : tbl=hive.default.acidTbl	
2024-04-24T01:19:51,869  INFO [main] metastore.HMSHandler: Skipping translation for processor with null
2024-04-24T01:19:51,869  INFO [main] ql.Driver: Semantic Analysis Completed (retrial = false)
2024-04-24T01:19:51,869  INFO [main] ql.Driver: Created Hive schema: Schema(fieldSchemas:null, properties:null)
2024-04-24T01:19:51,869  INFO [main] metadata.Hive: Dumping metastore api call timing information for : compilation phase
2024-04-24T01:19:51,870  INFO [main] metadata.Hive: Total time spent in each metastore function (ms): {openTxn_(String, TxnType)=2, getValidTxns_(long)=1, rollbackTxn_(long)=9, flushCache_()=0, isCompatibleWith_(Configuration)=0, getTable_(GetTableRequest)=7}
2024-04-24T01:19:51,870  INFO [main] ql.Driver: Completed compiling command(queryId=alex_20240424011951_b0ac5777-64ec-4589-8668-b39b2c5dd72b); Time taken: 0.01 seconds
2024-04-24T01:19:51,870  INFO [main] lockmgr.DbTxnManager: Setting lock request transaction to txnid:26 for queryId=alex_20240424011951_b0ac5777-64ec-4589-8668-b39b2c5dd72b
2024-04-24T01:19:51,870  INFO [main] lockmgr.DbLockManager: Requesting lock for queryId=alex_20240424011951_b0ac5777-64ec-4589-8668-b39b2c5dd72b
2024-04-24T01:19:51,884  INFO [main] lockmgr.DbLockManager: Response to queryId=alex_20240424011951_b0ac5777-64ec-4589-8668-b39b2c5dd72b LockResponse(lockid:15, state:ACQUIRED)
2024-04-24T01:19:51,884  INFO [main] ql.Driver: Operation DROPTABLE obtained 1 locks
2024-04-24T01:19:51,884  INFO [main] ql.Driver: Executing command(queryId=alex_20240424011951_b0ac5777-64ec-4589-8668-b39b2c5dd72b): drop table if exists acidTbl
2024-04-24T01:19:51,884  INFO [main] ql.Driver: Starting task [Stage-0:DDL] in serial mode
2024-04-24T01:19:51,885  INFO [main] HiveMetaStore.audit: ugi=alex	ip=unknown-ip-addr	cmd=get_table : tbl=hive.default.acidTbl	
2024-04-24T01:19:51,891  INFO [main] metastore.HMSHandler: Skipping translation for processor with null
2024-04-24T01:19:51,891  INFO [main] HiveMetaStore.audit: ugi=alex	ip=unknown-ip-addr	cmd=get_table : tbl=hive.default.acidTbl	
2024-04-24T01:19:51,897  INFO [main] metastore.HMSHandler: Skipping translation for processor with null
2024-04-24T01:19:51,897  INFO [main] HiveMetaStore.audit: ugi=alex	ip=unknown-ip-addr	cmd=drop_table : tbl=hive.default.acidTbl	
2024-04-24T01:19:51,992  INFO [main] metadata.Hive: Dumping metastore api call timing information for : execution phase
2024-04-24T01:19:51,992  INFO [main] metadata.Hive: Total time spent in each metastore function (ms): {getTable_(GetTableRequest)=7, dropTable_(String, String, boolean, boolean, boolean)=101, isCompatibleWith_(Configuration)=0}
2024-04-24T01:19:51,992  INFO [main] ql.Driver: Completed executing command(queryId=alex_20240424011951_b0ac5777-64ec-4589-8668-b39b2c5dd72b); Time taken: 0.108 seconds
2024-04-24T01:19:51,992  INFO [main] lockmgr.DbTxnManager: Stopped heartbeat for query: alex_20240424011951_b0ac5777-64ec-4589-8668-b39b2c5dd72b
2024-04-24T01:19:51,996  INFO [main] txn.TxnHandler: Expected to move at least one record from txn_components to completed_txn_components when committing txn! txnid:26
2024-04-24T01:19:52,001  INFO [main] txn.TxnHandler: Removed transactions: ([26]) from MIN_HISTORY_LEVEL
2024-04-24T01:19:52,003  WARN [main] txn.CompactionTxnHandler: No compaction queue record found for Compaction type transaction commit. txnId:26
2024-04-24T01:19:52,003  INFO [main] ql.TxnCommandsBaseForTests: Running the query: drop table if exists acidTblPart
2024-04-24T01:19:52,004  INFO [main] ql.Driver: Compiling command(queryId=alex_20240424011952_8c923ce1-b568-4948-b7b0-f94b6ffb66bd): drop table if exists acidTblPart
2024-04-24T01:19:52,006  INFO [main] txn.TxnHandler: Added entries to MIN_HISTORY_LEVEL for current txns: ([27]) with min_open_txn: 24
2024-04-24T01:19:52,006  INFO [main] lockmgr.DbTxnManager: Opened txnid:27
2024-04-24T01:19:52,007  INFO [main] HiveMetaStore.audit: ugi=alex	ip=unknown-ip-addr	cmd=get_table : tbl=hive.default.acidTblPart	
2024-04-24T01:19:52,013  INFO [main] metastore.HMSHandler: Skipping translation for processor with null
2024-04-24T01:19:52,013  INFO [main] ql.Driver: Semantic Analysis Completed (retrial = false)
2024-04-24T01:19:52,013  INFO [main] ql.Driver: Created Hive schema: Schema(fieldSchemas:null, properties:null)
2024-04-24T01:19:52,013  INFO [main] metadata.Hive: Dumping metastore api call timing information for : compilation phase
2024-04-24T01:19:52,014  INFO [main] metadata.Hive: Total time spent in each metastore function (ms): {openTxn_(String, TxnType)=2, commitTxn_(CommitTxnRequest)=11, getValidTxns_(long)=0, getTable_(GetTableRequest)=6, flushCache_()=0, isCompatibleWith_(Configuration)=1}
2024-04-24T01:19:52,014  INFO [main] ql.Driver: Completed compiling command(queryId=alex_20240424011952_8c923ce1-b568-4948-b7b0-f94b6ffb66bd); Time taken: 0.009 seconds
2024-04-24T01:19:52,014  INFO [main] lockmgr.DbTxnManager: Setting lock request transaction to txnid:27 for queryId=alex_20240424011952_8c923ce1-b568-4948-b7b0-f94b6ffb66bd
2024-04-24T01:19:52,014  INFO [main] lockmgr.DbLockManager: Requesting lock for queryId=alex_20240424011952_8c923ce1-b568-4948-b7b0-f94b6ffb66bd
2024-04-24T01:19:52,032  INFO [main] lockmgr.DbLockManager: Response to queryId=alex_20240424011952_8c923ce1-b568-4948-b7b0-f94b6ffb66bd LockResponse(lockid:16, state:ACQUIRED)
2024-04-24T01:19:52,032  INFO [main] ql.Driver: Operation DROPTABLE obtained 1 locks
2024-04-24T01:19:52,032  INFO [main] ql.Driver: Executing command(queryId=alex_20240424011952_8c923ce1-b568-4948-b7b0-f94b6ffb66bd): drop table if exists acidTblPart
2024-04-24T01:19:52,032  INFO [main] ql.Driver: Starting task [Stage-0:DDL] in serial mode
2024-04-24T01:19:52,032  INFO [main] HiveMetaStore.audit: ugi=alex	ip=unknown-ip-addr	cmd=get_table : tbl=hive.default.acidTblPart	
2024-04-24T01:19:52,039  INFO [main] metastore.HMSHandler: Skipping translation for processor with null
2024-04-24T01:19:52,039  INFO [main] HiveMetaStore.audit: ugi=alex	ip=unknown-ip-addr	cmd=get_table : tbl=hive.default.acidTblPart	
2024-04-24T01:19:52,045  INFO [main] metastore.HMSHandler: Skipping translation for processor with null
2024-04-24T01:19:52,045  INFO [main] HiveMetaStore.audit: ugi=alex	ip=unknown-ip-addr	cmd=drop_table : tbl=hive.default.acidTblPart	
2024-04-24T01:19:52,087  INFO [main] metadata.Hive: Dumping metastore api call timing information for : execution phase
2024-04-24T01:19:52,087  INFO [main] metadata.Hive: Total time spent in each metastore function (ms): {isCompatibleWith_(Configuration)=0, getTable_(GetTableRequest)=7, dropTable_(String, String, boolean, boolean, boolean)=48}
2024-04-24T01:19:52,087  INFO [main] ql.Driver: Completed executing command(queryId=alex_20240424011952_8c923ce1-b568-4948-b7b0-f94b6ffb66bd); Time taken: 0.055 seconds
2024-04-24T01:19:52,087  INFO [main] lockmgr.DbTxnManager: Stopped heartbeat for query: alex_20240424011952_8c923ce1-b568-4948-b7b0-f94b6ffb66bd
2024-04-24T01:19:52,091  INFO [main] txn.TxnHandler: Expected to move at least one record from txn_components to completed_txn_components when committing txn! txnid:27
2024-04-24T01:19:52,097  INFO [main] txn.TxnHandler: Removed transactions: ([27]) from MIN_HISTORY_LEVEL
2024-04-24T01:19:52,097  WARN [main] txn.CompactionTxnHandler: No compaction queue record found for Compaction type transaction commit. txnId:27
2024-04-24T01:19:52,098  INFO [main] ql.TxnCommandsBaseForTests: Running the query: drop table if exists acidTbl2
2024-04-24T01:19:52,098  INFO [main] ql.Driver: Compiling command(queryId=alex_20240424011952_4c3c7e86-ae72-420a-a7f3-72be92c07139): drop table if exists acidTbl2
2024-04-24T01:19:52,101  INFO [main] txn.TxnHandler: Added entries to MIN_HISTORY_LEVEL for current txns: ([28]) with min_open_txn: 24
2024-04-24T01:19:52,101  INFO [main] lockmgr.DbTxnManager: Opened txnid:28
2024-04-24T01:19:52,102  INFO [main] ql.Driver: Semantic Analysis Completed (retrial = false)
2024-04-24T01:19:52,102  INFO [main] ql.Driver: Created Hive schema: Schema(fieldSchemas:null, properties:null)
2024-04-24T01:19:52,102  INFO [main] metadata.Hive: Dumping metastore api call timing information for : compilation phase
2024-04-24T01:19:52,102  INFO [main] metadata.Hive: Total time spent in each metastore function (ms): {commitTxn_(CommitTxnRequest)=10, getValidTxns_(long)=1, flushCache_()=0, isCompatibleWith_(Configuration)=1, getTable_(GetTableRequest)=0, openTxn_(String, TxnType)=2}
2024-04-24T01:19:52,102  INFO [main] ql.Driver: Completed compiling command(queryId=alex_20240424011952_4c3c7e86-ae72-420a-a7f3-72be92c07139); Time taken: 0.004 seconds
2024-04-24T01:19:52,103  INFO [main] lockmgr.DbTxnManager: Setting lock request transaction to txnid:28 for queryId=alex_20240424011952_4c3c7e86-ae72-420a-a7f3-72be92c07139
2024-04-24T01:19:52,103  INFO [main] ql.Driver: Operation DROPTABLE obtained 0 locks
2024-04-24T01:19:52,103  INFO [main] ql.Driver: Executing command(queryId=alex_20240424011952_4c3c7e86-ae72-420a-a7f3-72be92c07139): drop table if exists acidTbl2
2024-04-24T01:19:52,103  INFO [main] ql.Driver: Starting task [Stage-0:DDL] in serial mode
2024-04-24T01:19:52,103  INFO [main] metadata.SessionHiveMetaStoreClient: Column stats doesn't exist for db=default temp table=acidTbl2
2024-04-24T01:19:52,104  INFO [main] metadata.Hive: Dumping metastore api call timing information for : execution phase
2024-04-24T01:19:52,104  INFO [main] metadata.Hive: Total time spent in each metastore function (ms): {dropTable_(String, String, boolean, boolean, boolean)=0, getTable_(GetTableRequest)=0, isCompatibleWith_(Configuration)=0}
2024-04-24T01:19:52,104  INFO [main] ql.Driver: Completed executing command(queryId=alex_20240424011952_4c3c7e86-ae72-420a-a7f3-72be92c07139); Time taken: 0.001 seconds
2024-04-24T01:19:52,104  INFO [main] lockmgr.DbTxnManager: Stopped heartbeat for query: alex_20240424011952_4c3c7e86-ae72-420a-a7f3-72be92c07139
2024-04-24T01:19:52,109  INFO [main] txn.TxnHandler: Expected to move at least one record from txn_components to completed_txn_components when committing txn! txnid:28
2024-04-24T01:19:52,115  INFO [main] txn.TxnHandler: Removed transactions: ([28]) from MIN_HISTORY_LEVEL
2024-04-24T01:19:52,115  WARN [main] txn.CompactionTxnHandler: No compaction queue record found for Compaction type transaction commit. txnId:28
2024-04-24T01:19:52,115  INFO [main] ql.TxnCommandsBaseForTests: Running the query: drop table if exists nonAcidOrcTbl
2024-04-24T01:19:52,116  INFO [main] ql.Driver: Compiling command(queryId=alex_20240424011952_d08c96fb-59e9-4aad-9ea3-37d39008f8ed): drop table if exists nonAcidOrcTbl
2024-04-24T01:19:52,118  INFO [main] txn.TxnHandler: Added entries to MIN_HISTORY_LEVEL for current txns: ([29]) with min_open_txn: 24
2024-04-24T01:19:52,118  INFO [main] lockmgr.DbTxnManager: Opened txnid:29
2024-04-24T01:19:52,119  INFO [main] HiveMetaStore.audit: ugi=alex	ip=unknown-ip-addr	cmd=get_table : tbl=hive.default.nonAcidOrcTbl	
2024-04-24T01:19:52,141  INFO [main] metastore.HMSHandler: Skipping translation for processor with null
2024-04-24T01:19:52,141  INFO [main] ql.Driver: Semantic Analysis Completed (retrial = false)
2024-04-24T01:19:52,141  INFO [main] ql.Driver: Created Hive schema: Schema(fieldSchemas:null, properties:null)
2024-04-24T01:19:52,141  INFO [main] metadata.Hive: Dumping metastore api call timing information for : compilation phase
2024-04-24T01:19:52,141  INFO [main] metadata.Hive: Total time spent in each metastore function (ms): {commitTxn_(CommitTxnRequest)=11, getValidTxns_(long)=1, getTable_(GetTableRequest)=22, openTxn_(String, TxnType)=2, flushCache_()=0, isCompatibleWith_(Configuration)=0}
2024-04-24T01:19:52,141  INFO [main] ql.Driver: Completed compiling command(queryId=alex_20240424011952_d08c96fb-59e9-4aad-9ea3-37d39008f8ed); Time taken: 0.025 seconds
2024-04-24T01:19:52,142  INFO [main] lockmgr.DbTxnManager: Setting lock request transaction to txnid:29 for queryId=alex_20240424011952_d08c96fb-59e9-4aad-9ea3-37d39008f8ed
2024-04-24T01:19:52,142  INFO [main] lockmgr.DbLockManager: Requesting lock for queryId=alex_20240424011952_d08c96fb-59e9-4aad-9ea3-37d39008f8ed
2024-04-24T01:19:52,157  INFO [main] lockmgr.DbLockManager: Response to queryId=alex_20240424011952_d08c96fb-59e9-4aad-9ea3-37d39008f8ed LockResponse(lockid:17, state:ACQUIRED)
2024-04-24T01:19:52,157  INFO [main] ql.Driver: Operation DROPTABLE obtained 1 locks
2024-04-24T01:19:52,157  INFO [main] ql.Driver: Executing command(queryId=alex_20240424011952_d08c96fb-59e9-4aad-9ea3-37d39008f8ed): drop table if exists nonAcidOrcTbl
2024-04-24T01:19:52,157  INFO [main] ql.Driver: Starting task [Stage-0:DDL] in serial mode
2024-04-24T01:19:52,157  INFO [main] HiveMetaStore.audit: ugi=alex	ip=unknown-ip-addr	cmd=get_table : tbl=hive.default.nonAcidOrcTbl	
2024-04-24T01:19:52,174  INFO [main] metastore.HMSHandler: Skipping translation for processor with null
2024-04-24T01:19:52,174  INFO [main] HiveMetaStore.audit: ugi=alex	ip=unknown-ip-addr	cmd=get_table : tbl=hive.default.nonAcidOrcTbl	
2024-04-24T01:19:52,184  INFO [main] metastore.HMSHandler: Skipping translation for processor with null
2024-04-24T01:19:52,184  INFO [main] HiveMetaStore.audit: ugi=alex	ip=unknown-ip-addr	cmd=drop_table : tbl=hive.default.nonAcidOrcTbl	
2024-04-24T01:19:52,278  INFO [main] metadata.Hive: Dumping metastore api call timing information for : execution phase
2024-04-24T01:19:52,279  INFO [main] metadata.Hive: Total time spent in each metastore function (ms): {isCompatibleWith_(Configuration)=0, dropTable_(String, String, boolean, boolean, boolean)=104, getTable_(GetTableRequest)=17}
2024-04-24T01:19:52,279  INFO [main] ql.Driver: Completed executing command(queryId=alex_20240424011952_d08c96fb-59e9-4aad-9ea3-37d39008f8ed); Time taken: 0.121 seconds
2024-04-24T01:19:52,279  INFO [main] lockmgr.DbTxnManager: Stopped heartbeat for query: alex_20240424011952_d08c96fb-59e9-4aad-9ea3-37d39008f8ed
2024-04-24T01:19:52,283  INFO [main] txn.TxnHandler: Expected to move at least one record from txn_components to completed_txn_components when committing txn! txnid:29
2024-04-24T01:19:52,289  INFO [main] txn.TxnHandler: Removed transactions: ([29]) from MIN_HISTORY_LEVEL
2024-04-24T01:19:52,289  WARN [main] txn.CompactionTxnHandler: No compaction queue record found for Compaction type transaction commit. txnId:29
2024-04-24T01:19:52,290  INFO [main] ql.TxnCommandsBaseForTests: Running the query: drop table if exists nonAcidOrcTbl2
2024-04-24T01:19:52,290  INFO [main] ql.Driver: Compiling command(queryId=alex_20240424011952_a07b4c9e-4fff-43cd-971d-f650d7366d0d): drop table if exists nonAcidOrcTbl2
2024-04-24T01:19:52,292  INFO [main] txn.TxnHandler: Added entries to MIN_HISTORY_LEVEL for current txns: ([30]) with min_open_txn: 24
2024-04-24T01:19:52,292  INFO [main] lockmgr.DbTxnManager: Opened txnid:30
2024-04-24T01:19:52,293  INFO [main] HiveMetaStore.audit: ugi=alex	ip=unknown-ip-addr	cmd=get_table : tbl=hive.default.nonAcidOrcTbl2	
2024-04-24T01:19:52,301  INFO [main] metastore.HMSHandler: Skipping translation for processor with null
2024-04-24T01:19:52,301  INFO [main] ql.Driver: Semantic Analysis Completed (retrial = false)
2024-04-24T01:19:52,302  INFO [main] ql.Driver: Created Hive schema: Schema(fieldSchemas:null, properties:null)
2024-04-24T01:19:52,302  INFO [main] metadata.Hive: Dumping metastore api call timing information for : compilation phase
2024-04-24T01:19:52,302  INFO [main] metadata.Hive: Total time spent in each metastore function (ms): {commitTxn_(CommitTxnRequest)=10, flushCache_()=0, getValidTxns_(long)=0, openTxn_(String, TxnType)=2, getTable_(GetTableRequest)=8, isCompatibleWith_(Configuration)=0}
2024-04-24T01:19:52,302  INFO [main] ql.Driver: Completed compiling command(queryId=alex_20240424011952_a07b4c9e-4fff-43cd-971d-f650d7366d0d); Time taken: 0.012 seconds
2024-04-24T01:19:52,302  INFO [main] lockmgr.DbTxnManager: Setting lock request transaction to txnid:30 for queryId=alex_20240424011952_a07b4c9e-4fff-43cd-971d-f650d7366d0d
2024-04-24T01:19:52,303  INFO [main] lockmgr.DbLockManager: Requesting lock for queryId=alex_20240424011952_a07b4c9e-4fff-43cd-971d-f650d7366d0d
2024-04-24T01:19:52,317  INFO [main] lockmgr.DbLockManager: Response to queryId=alex_20240424011952_a07b4c9e-4fff-43cd-971d-f650d7366d0d LockResponse(lockid:18, state:ACQUIRED)
2024-04-24T01:19:52,318  INFO [main] ql.Driver: Operation DROPTABLE obtained 1 locks
2024-04-24T01:19:52,318  INFO [main] ql.Driver: Executing command(queryId=alex_20240424011952_a07b4c9e-4fff-43cd-971d-f650d7366d0d): drop table if exists nonAcidOrcTbl2
2024-04-24T01:19:52,318  INFO [main] ql.Driver: Starting task [Stage-0:DDL] in serial mode
2024-04-24T01:19:52,318  INFO [main] HiveMetaStore.audit: ugi=alex	ip=unknown-ip-addr	cmd=get_table : tbl=hive.default.nonAcidOrcTbl2	
2024-04-24T01:19:52,326  INFO [main] metastore.HMSHandler: Skipping translation for processor with null
2024-04-24T01:19:52,327  INFO [main] HiveMetaStore.audit: ugi=alex	ip=unknown-ip-addr	cmd=get_table : tbl=hive.default.nonAcidOrcTbl2	
2024-04-24T01:19:52,335  INFO [main] metastore.HMSHandler: Skipping translation for processor with null
2024-04-24T01:19:52,335  INFO [main] HiveMetaStore.audit: ugi=alex	ip=unknown-ip-addr	cmd=drop_table : tbl=hive.default.nonAcidOrcTbl2	
2024-04-24T01:19:52,365  INFO [main] metadata.Hive: Dumping metastore api call timing information for : execution phase
2024-04-24T01:19:52,365  INFO [main] metadata.Hive: Total time spent in each metastore function (ms): {isCompatibleWith_(Configuration)=0, getTable_(GetTableRequest)=9, dropTable_(String, String, boolean, boolean, boolean)=38}
2024-04-24T01:19:52,366  INFO [main] ql.Driver: Completed executing command(queryId=alex_20240424011952_a07b4c9e-4fff-43cd-971d-f650d7366d0d); Time taken: 0.047 seconds
2024-04-24T01:19:52,366  INFO [main] lockmgr.DbTxnManager: Stopped heartbeat for query: alex_20240424011952_a07b4c9e-4fff-43cd-971d-f650d7366d0d
2024-04-24T01:19:52,369  INFO [main] txn.TxnHandler: Expected to move at least one record from txn_components to completed_txn_components when committing txn! txnid:30
2024-04-24T01:19:52,375  INFO [main] txn.TxnHandler: Removed transactions: ([30]) from MIN_HISTORY_LEVEL
2024-04-24T01:19:52,375  WARN [main] txn.CompactionTxnHandler: No compaction queue record found for Compaction type transaction commit. txnId:30
2024-04-24T01:19:52,376  INFO [main] ql.TxnCommandsBaseForTests: Running the query: drop table if exists nonAcidNonBucket
2024-04-24T01:19:52,376  INFO [main] ql.Driver: Compiling command(queryId=alex_20240424011952_8d0af839-cb07-4785-9b8e-13cb13b7c9be): drop table if exists nonAcidNonBucket
2024-04-24T01:19:52,379  INFO [main] txn.TxnHandler: Added entries to MIN_HISTORY_LEVEL for current txns: ([31]) with min_open_txn: 24
2024-04-24T01:19:52,379  INFO [main] lockmgr.DbTxnManager: Opened txnid:31
2024-04-24T01:19:52,380  INFO [main] HiveMetaStore.audit: ugi=alex	ip=unknown-ip-addr	cmd=get_table : tbl=hive.default.nonAcidNonBucket	
2024-04-24T01:19:52,388  INFO [main] metastore.HMSHandler: Skipping translation for processor with null
2024-04-24T01:19:52,388  INFO [main] ql.Driver: Semantic Analysis Completed (retrial = false)
2024-04-24T01:19:52,389  INFO [main] ql.Driver: Created Hive schema: Schema(fieldSchemas:null, properties:null)
2024-04-24T01:19:52,389  INFO [main] metadata.Hive: Dumping metastore api call timing information for : compilation phase
2024-04-24T01:19:52,389  INFO [main] metadata.Hive: Total time spent in each metastore function (ms): {flushCache_()=0, commitTxn_(CommitTxnRequest)=10, openTxn_(String, TxnType)=2, getValidTxns_(long)=1, isCompatibleWith_(Configuration)=1, getTable_(GetTableRequest)=8}
2024-04-24T01:19:52,389  INFO [main] ql.Driver: Completed compiling command(queryId=alex_20240424011952_8d0af839-cb07-4785-9b8e-13cb13b7c9be); Time taken: 0.013 seconds
2024-04-24T01:19:52,389  INFO [main] lockmgr.DbTxnManager: Setting lock request transaction to txnid:31 for queryId=alex_20240424011952_8d0af839-cb07-4785-9b8e-13cb13b7c9be
2024-04-24T01:19:52,390  INFO [main] lockmgr.DbLockManager: Requesting lock for queryId=alex_20240424011952_8d0af839-cb07-4785-9b8e-13cb13b7c9be
2024-04-24T01:19:52,404  INFO [main] lockmgr.DbLockManager: Response to queryId=alex_20240424011952_8d0af839-cb07-4785-9b8e-13cb13b7c9be LockResponse(lockid:19, state:ACQUIRED)
2024-04-24T01:19:52,404  INFO [main] ql.Driver: Operation DROPTABLE obtained 1 locks
2024-04-24T01:19:52,404  INFO [main] ql.Driver: Executing command(queryId=alex_20240424011952_8d0af839-cb07-4785-9b8e-13cb13b7c9be): drop table if exists nonAcidNonBucket
2024-04-24T01:19:52,404  INFO [main] ql.Driver: Starting task [Stage-0:DDL] in serial mode
2024-04-24T01:19:52,405  INFO [main] HiveMetaStore.audit: ugi=alex	ip=unknown-ip-addr	cmd=get_table : tbl=hive.default.nonAcidNonBucket	
2024-04-24T01:19:52,416  INFO [main] metastore.HMSHandler: Skipping translation for processor with null
2024-04-24T01:19:52,416  INFO [main] HiveMetaStore.audit: ugi=alex	ip=unknown-ip-addr	cmd=get_table : tbl=hive.default.nonAcidNonBucket	
2024-04-24T01:19:52,431  INFO [main] metastore.HMSHandler: Skipping translation for processor with null
2024-04-24T01:19:52,431  INFO [main] HiveMetaStore.audit: ugi=alex	ip=unknown-ip-addr	cmd=drop_table : tbl=hive.default.nonAcidNonBucket	
2024-04-24T01:19:52,473  INFO [main] metadata.Hive: Dumping metastore api call timing information for : execution phase
2024-04-24T01:19:52,473  INFO [main] metadata.Hive: Total time spent in each metastore function (ms): {isCompatibleWith_(Configuration)=0, getTable_(GetTableRequest)=12, dropTable_(String, String, boolean, boolean, boolean)=57}
2024-04-24T01:19:52,473  INFO [main] ql.Driver: Completed executing command(queryId=alex_20240424011952_8d0af839-cb07-4785-9b8e-13cb13b7c9be); Time taken: 0.069 seconds
2024-04-24T01:19:52,473  INFO [main] lockmgr.DbTxnManager: Stopped heartbeat for query: alex_20240424011952_8d0af839-cb07-4785-9b8e-13cb13b7c9be
2024-04-24T01:19:52,477  INFO [main] txn.TxnHandler: Expected to move at least one record from txn_components to completed_txn_components when committing txn! txnid:31
2024-04-24T01:19:52,484  INFO [main] txn.TxnHandler: Removed transactions: ([31]) from MIN_HISTORY_LEVEL
2024-04-24T01:19:52,484  WARN [main] txn.CompactionTxnHandler: No compaction queue record found for Compaction type transaction commit. txnId:31
2024-04-24T01:19:52,484  INFO [main] utils.TestTxnDbUtil: Cleaning transactional tables
]]></system-err>
  </testcase>
  <testcase name="testInsertOverwriteToAcidWithUnionRemove" classname="org.apache.hadoop.hive.ql.TestTxnNoBuckets" time="1.969"/>
  <testcase name="testCtasBucketed" classname="org.apache.hadoop.hive.ql.TestTxnNoBuckets" time="2.992"/>
</testsuite>