<?xml version="1.0" encoding="UTF-8"?>
<testsuite xmlns:xsi="http://www.w3.org/2001/XMLSchema-instance" xsi:noNamespaceSchemaLocation="https://maven.apache.org/surefire/maven-surefire-plugin/xsd/surefire-test-report-3.0.xsd" version="3.0" name="org.apache.hadoop.hive.ql.util.TestHiveStrictManagedMigration" time="29.556" tests="6" errors="4" skipped="0" failures="2">
  <properties>
    <property name="build.test.dir" value="/home/alex/Repositories/hive/ql/target/tmp"/>
    <property name="awt.toolkit" value="sun.awt.X11.XToolkit"/>
    <property name="test.tmp.dir.uri" value="file:///home/alex/Repositories/hive/ql/target/tmp"/>
    <property name="java.specification.version" value="1.8"/>
    <property name="qfile" value=""/>
    <property name="sun.cpu.isalist" value=""/>
    <property name="test.warehouse.dir" value="pfile:///home/alex/Repositories/hive/ql/target/warehouse"/>
    <property name="Log4jContextSelector" value="org.apache.logging.log4j.core.async.AsyncLoggerContextSelector"/>
    <property name="sun.jnu.encoding" value="UTF-8"/>
    <property name="run_disabled" value=""/>
    <property name="nondexPrintstack" value="false"/>
    <property name="sun.arch.data.model" value="64"/>
    <property name="java.vendor.url" value="http://java.oracle.com/"/>
    <property name="user.country.format" value="PT"/>
    <property name="test.tmp.dir" value="/home/alex/Repositories/hive/ql/target/tmp"/>
    <property name="sun.boot.library.path" value="/usr/lib/jvm/java-8-openjdk-amd64/jre/lib/amd64"/>
    <property name="sun.java.command" value="/home/alex/Repositories/hive/ql/target/surefire/surefirebooter7791114984471455201.jar /home/alex/Repositories/hive/ql/target/surefire 2024-04-23T21-59-46_173-jvmRun1 surefire416815075416458507tmp surefire_23736451464425416465100tmp"/>
    <property name="nondexExecid" value="oUi5h03YaAsr1zYbyWcL7OlHtDlCKFQ0UmQw8pMP1CI="/>
    <property name="java.specification.vendor" value="Oracle Corporation"/>
    <property name="java.home" value="/usr/lib/jvm/java-8-openjdk-amd64/jre"/>
    <property name="file.separator" value="/"/>
    <property name="basedir" value="/home/alex/Repositories/hive/ql"/>
    <property name="line.separator" value="&#10;"/>
    <property name="nondexEnd" value="9223372036854775807"/>
    <property name="derby.stream.error.file" value="/home/alex/Repositories/hive/ql/target/tmp/derby.log"/>
    <property name="java.vm.specification.vendor" value="Oracle Corporation"/>
    <property name="java.specification.name" value="Java Platform API Specification"/>
    <property name="isThreadContextMapInheritable" value="true"/>
    <property name="log4j.debug" value="true"/>
    <property name="sun.boot.class.path" value="/home/alex/Repositories/hive/ql/.nondex/nondex-instr.jar:/home/alex/.m2/repository/edu/illinois/nondex-common/2.1.7/nondex-common-2.1.7.jar:/home/alex/.m2/repository/edu/illinois/nondex-annotations/2.1.7/nondex-annotations-2.1.7.jar:/usr/lib/jvm/java-8-openjdk-amd64/jre/lib/resources.jar:/usr/lib/jvm/java-8-openjdk-amd64/jre/lib/rt.jar:/usr/lib/jvm/java-8-openjdk-amd64/jre/lib/sunrsasign.jar:/usr/lib/jvm/java-8-openjdk-amd64/jre/lib/jsse.jar:/usr/lib/jvm/java-8-openjdk-amd64/jre/lib/jce.jar:/usr/lib/jvm/java-8-openjdk-amd64/jre/lib/charsets.jar:/usr/lib/jvm/java-8-openjdk-amd64/jre/lib/jfr.jar:/usr/lib/jvm/java-8-openjdk-amd64/jre/classes"/>
    <property name="sun.management.compiler" value="HotSpot 64-Bit Tiered Compilers"/>
    <property name="spark.home" value=""/>
    <property name="java.runtime.version" value="1.8.0_402-8u402-ga-2ubuntu1~22.04-b06"/>
    <property name="user.name" value="alex"/>
    <property name="test.src.tables" value=""/>
    <property name="file.encoding" value="UTF-8"/>
    <property name="qfile_regex" value=""/>
    <property name="hadoop.bin.path" value="/home/alex/Repositories/hive/ql/../testutils/hadoop"/>
    <property name="localRepository" value="/home/alex/.m2/repository"/>
    <property name="nondexDir" value="/home/alex/Repositories/hive/ql/.nondex"/>
    <property name="build.dir" value="/home/alex/Repositories/hive/ql/target"/>
    <property name="nondexJarDir" value="/home/alex/Repositories/hive/ql/.nondex"/>
    <property name="mapred.job.tracker" value="local"/>
    <property name="java.io.tmpdir" value="/home/alex/Repositories/hive/ql/target/tmp"/>
    <property name="com.zaxxer.hikari.pool_number" value="3"/>
    <property name="java.version" value="1.8.0_402"/>
    <property name="hive.version" value="4.0.0-SNAPSHOT"/>
    <property name="java.vm.specification.name" value="Java Virtual Machine Specification"/>
    <property name="java.awt.printerjob" value="sun.print.PSPrinterJob"/>
    <property name="sun.os.patch.level" value="unknown"/>
    <property name="java.library.path" value="/usr/java/packages/lib/amd64:/usr/lib/x86_64-linux-gnu/jni:/lib/x86_64-linux-gnu:/usr/lib/x86_64-linux-gnu:/usr/lib/jni:/lib:/usr/lib"/>
    <property name="test.data.dir" value="/home/alex/Repositories/hive/ql/../data/files"/>
    <property name="java.vendor" value="Private Build"/>
    <property name="java.specification.maintenance.version" value="5"/>
    <property name="sun.io.unicode.encoding" value="UnicodeLittle"/>
    <property name="initScript" value=""/>
    <property name="sun.desktop" value="gnome"/>
    <property name="calcite.enable.rexnode.digest.normalize" value="false"/>
    <property name="file.encoding.pkg" value="sun.io"/>
    <property name="nondexStart" value="0"/>
    <property name="log4j.configurationFile" value="file:///home/alex/Repositories/hive/ql/target/testconf/hive-log4j2.properties"/>
    <property name="java.class.path" value="/home/alex/Repositories/hive/ql/target/test-classes:/home/alex/Repositories/hive/ql/target/classes:/home/alex/.m2/repository/org/apache/atlas/atlas-client-v2/2.1.0/atlas-client-v2-2.1.0.jar:/home/alex/.m2/repository/cglib/cglib/2.2.2/cglib-2.2.2.jar:/home/alex/.m2/repository/asm/asm/3.3.1/asm-3.3.1.jar:/home/alex/.m2/repository/org/apache/atlas/atlas-client-common/2.1.0/atlas-client-common-2.1.0.jar:/home/alex/.m2/repository/org/apache/httpcomponents/httpclient/4.5.13/httpclient-4.5.13.jar:/home/alex/.m2/repository/com/sun/jersey/jersey-client/1.19/jersey-client-1.19.jar:/home/alex/.m2/repository/org/apache/atlas/atlas-intg/2.1.0/atlas-intg-2.1.0.jar:/home/alex/.m2/repository/commons-collections/commons-collections/3.2.2/commons-collections-3.2.2.jar:/home/alex/.m2/repository/commons-validator/commons-validator/1.6/commons-validator-1.6.jar:/home/alex/.m2/repository/commons-digester/commons-digester/1.8.1/commons-digester-1.8.1.jar:/home/alex/.m2/repository/com/fasterxml/jackson/jaxrs/jackson-jaxrs-base/2.12.0/jackson-jaxrs-base-2.12.0.jar:/home/alex/.m2/repository/com/fasterxml/jackson/jaxrs/jackson-jaxrs-json-provider/2.12.0/jackson-jaxrs-json-provider-2.12.0.jar:/home/alex/.m2/repository/javax/inject/javax.inject/1/javax.inject-1.jar:/home/alex/.m2/repository/org/springframework/spring-context/4.3.20.RELEASE/spring-context-4.3.20.RELEASE.jar:/home/alex/.m2/repository/org/springframework/spring-aop/4.3.20.RELEASE/spring-aop-4.3.20.RELEASE.jar:/home/alex/.m2/repository/org/springframework/spring-beans/4.3.20.RELEASE/spring-beans-4.3.20.RELEASE.jar:/home/alex/.m2/repository/org/springframework/spring-core/4.3.20.RELEASE/spring-core-4.3.20.RELEASE.jar:/home/alex/.m2/repository/org/springframework/spring-expression/4.3.20.RELEASE/spring-expression-4.3.20.RELEASE.jar:/home/alex/.m2/repository/commons-configuration/commons-configuration/1.10/commons-configuration-1.10.jar:/home/alex/.m2/repository/commons-lang/commons-lang/2.6/commons-lang-2.6.jar:/home/alex/.m2/repository/commons-logging/commons-logging/1.1.1/commons-logging-1.1.1.jar:/home/alex/.m2/repository/org/apache/commons/commons-math3/3.6.1/commons-math3-3.6.1.jar:/home/alex/Repositories/hive/vector-code-gen/target/classes:/home/alex/.m2/repository/org/apache/velocity/velocity/1.5/velocity-1.5.jar:/home/alex/Repositories/hive/common/target/classes:/home/alex/Repositories/hive/classification/target/classes:/home/alex/Repositories/hive/standalone-metastore/metastore-common/target/classes:/home/alex/.m2/repository/commons-cli/commons-cli/1.4/commons-cli-1.4.jar:/home/alex/.m2/repository/org/apache/orc/orc-core/1.6.9/orc-core-1.6.9.jar:/home/alex/.m2/repository/org/apache/orc/orc-shims/1.6.9/orc-shims-1.6.9.jar:/home/alex/.m2/repository/io/airlift/aircompressor/0.19/aircompressor-0.19.jar:/home/alex/.m2/repository/org/jetbrains/annotations/17.0.0/annotations-17.0.0.jar:/home/alex/.m2/repository/org/threeten/threeten-extra/1.5.0/threeten-extra-1.5.0.jar:/home/alex/.m2/repository/jline/jline/2.14.6/jline-2.14.6.jar:/home/alex/.m2/repository/javax/servlet/javax.servlet-api/3.1.0/javax.servlet-api-3.1.0.jar:/home/alex/.m2/repository/org/eclipse/jetty/jetty-http/9.3.27.v20190418/jetty-http-9.3.27.v20190418.jar:/home/alex/.m2/repository/org/eclipse/jetty/jetty-rewrite/9.3.27.v20190418/jetty-rewrite-9.3.27.v20190418.jar:/home/alex/.m2/repository/org/eclipse/jetty/jetty-client/9.3.27.v20190418/jetty-client-9.3.27.v20190418.jar:/home/alex/.m2/repository/org/eclipse/jetty/jetty-server/9.3.27.v20190418/jetty-server-9.3.27.v20190418.jar:/home/alex/.m2/repository/org/eclipse/jetty/jetty-io/9.3.27.v20190418/jetty-io-9.3.27.v20190418.jar:/home/alex/.m2/repository/org/eclipse/jetty/jetty-servlet/9.3.27.v20190418/jetty-servlet-9.3.27.v20190418.jar:/home/alex/.m2/repository/org/eclipse/jetty/jetty-security/9.3.27.v20190418/jetty-security-9.3.27.v20190418.jar:/home/alex/.m2/repository/org/eclipse/jetty/jetty-webapp/9.3.27.v20190418/jetty-webapp-9.3.27.v20190418.jar:/home/alex/.m2/repository/org/eclipse/jetty/jetty-xml/9.3.27.v20190418/jetty-xml-9.3.27.v20190418.jar:/home/alex/.m2/repository/joda-time/joda-time/2.9.9/joda-time-2.9.9.jar:/home/alex/.m2/repository/org/apache/logging/log4j/log4j-web/2.13.2/log4j-web-2.13.2.jar:/home/alex/.m2/repository/net/sf/jpam/jpam/1.1/jpam-1.1.jar:/home/alex/.m2/repository/io/dropwizard/metrics/metrics-core/3.1.0/metrics-core-3.1.0.jar:/home/alex/.m2/repository/io/dropwizard/metrics/metrics-jvm/3.1.0/metrics-jvm-3.1.0.jar:/home/alex/.m2/repository/io/dropwizard/metrics/metrics-json/3.1.0/metrics-json-3.1.0.jar:/home/alex/.m2/repository/com/github/joshelser/dropwizard-metrics-hadoop-metrics2-reporter/0.1.2/dropwizard-metrics-hadoop-metrics2-reporter-0.1.2.jar:/home/alex/Repositories/hive/metastore/target/classes:/home/alex/.m2/repository/org/apache/derby/derby/10.14.1.0/derby-10.14.1.0.jar:/home/alex/Repositories/hive/serde/target/classes:/home/alex/.m2/repository/com/google/code/findbugs/jsr305/3.0.0/jsr305-3.0.0.jar:/home/alex/.m2/repository/org/apache/arrow/arrow-vector/0.15.1/arrow-vector-0.15.1.jar:/home/alex/.m2/repository/org/apache/arrow/arrow-format/0.15.1/arrow-format-0.15.1.jar:/home/alex/.m2/repository/org/apache/arrow/arrow-memory/0.15.1/arrow-memory-0.15.1.jar:/home/alex/.m2/repository/com/google/flatbuffers/flatbuffers-java/1.9.0/flatbuffers-java-1.9.0.jar:/home/alex/.m2/repository/com/carrotsearch/hppc/0.7.2/hppc-0.7.2.jar:/home/alex/.m2/repository/com/github/davidmoten/flatbuffers-java/1.6.0.1/flatbuffers-java-1.6.0.1.jar:/home/alex/Repositories/hive/parser/target/classes:/home/alex/Repositories/hive/udf/target/classes:/home/alex/Repositories/hive/service-rpc/target/classes:/home/alex/Repositories/hive/llap-client/target/classes:/home/alex/Repositories/hive/llap-common/target/classes:/home/alex/.m2/repository/io/jsonwebtoken/jjwt-api/0.10.5/jjwt-api-0.10.5.jar:/home/alex/.m2/repository/io/jsonwebtoken/jjwt-impl/0.10.5/jjwt-impl-0.10.5.jar:/home/alex/.m2/repository/io/jsonwebtoken/jjwt-jackson/0.10.5/jjwt-jackson-0.10.5.jar:/home/alex/Repositories/hive/llap-tez/target/classes:/home/alex/Repositories/hive/shims/aggregator/target/classes:/home/alex/Repositories/hive/shims/common/target/classes:/home/alex/Repositories/hive/shims/0.23/target/classes:/home/alex/.m2/repository/org/apache/hadoop/hadoop-yarn-server-resourcemanager/3.1.0/hadoop-yarn-server-resourcemanager-3.1.0.jar:/home/alex/.m2/repository/org/apache/hadoop/hadoop-yarn-server-applicationhistoryservice/3.1.0/hadoop-yarn-server-applicationhistoryservice-3.1.0.jar:/home/alex/.m2/repository/de/ruedigermoeller/fst/2.50/fst-2.50.jar:/home/alex/.m2/repository/com/cedarsoftware/java-util/1.9.0/java-util-1.9.0.jar:/home/alex/.m2/repository/com/cedarsoftware/json-io/2.5.1/json-io-2.5.1.jar:/home/alex/Repositories/hive/shims/scheduler/target/classes:/home/alex/Repositories/hive/spark-client/target/classes:/home/alex/.m2/repository/io/netty/netty-all/4.1.65.Final/netty-all-4.1.65.Final.jar:/home/alex/.m2/repository/com/fasterxml/jackson/module/jackson-module-scala_2.12/2.12.0/jackson-module-scala_2.12-2.12.0.jar:/home/alex/.m2/repository/org/apache/spark/spark-yarn_2.12/2.4.5/spark-yarn_2.12-2.4.5.jar:/home/alex/Repositories/hive/storage-api/target/classes:/home/alex/.m2/repository/com/amazonaws/aws-java-sdk-bundle/1.11.901/aws-java-sdk-bundle-1.11.901.jar:/home/alex/.m2/repository/com/amazonaws/secretsmanager/aws-secretsmanager-caching-java/1.0.1/aws-secretsmanager-caching-java-1.0.1.jar:/home/alex/.m2/repository/com/esotericsoftware/kryo/5.0.3/kryo-5.0.3.jar:/home/alex/.m2/repository/org/objenesis/objenesis/3.1/objenesis-3.1.jar:/home/alex/.m2/repository/com/esotericsoftware/minlog/1.3.1/minlog-1.3.1.jar:/home/alex/.m2/repository/com/esotericsoftware/reflectasm/1.11.9/reflectasm-1.11.9.jar:/home/alex/.m2/repository/com/google/protobuf/protobuf-java/2.5.0/protobuf-java-2.5.0.jar:/home/alex/.m2/repository/org/apache/hbase/hbase-common/2.0.0-alpha4/hbase-common-2.0.0-alpha4.jar:/home/alex/.m2/repository/org/apache/hbase/thirdparty/hbase-shaded-miscellaneous/1.0.1/hbase-shaded-miscellaneous-1.0.1.jar:/home/alex/.m2/repository/org/apache/htrace/htrace-core/3.2.0-incubating/htrace-core-3.2.0-incubating.jar:/home/alex/.m2/repository/org/apache/commons/commons-crypto/1.0.0/commons-crypto-1.0.0.jar:/home/alex/.m2/repository/com/github/stephenc/findbugs/findbugs-annotations/1.3.9-1/findbugs-annotations-1.3.9-1.jar:/home/alex/.m2/repository/log4j/log4j/1.2.17/log4j-1.2.17.jar:/home/alex/.m2/repository/org/apache/yetus/audience-annotations/0.5.0/audience-annotations-0.5.0.jar:/home/alex/.m2/repository/org/apache/parquet/parquet-hadoop-bundle/1.11.1/parquet-hadoop-bundle-1.11.1.jar:/home/alex/.m2/repository/commons-codec/commons-codec/1.15/commons-codec-1.15.jar:/home/alex/.m2/repository/commons-io/commons-io/2.6/commons-io-2.6.jar:/home/alex/.m2/repository/org/apache/commons/commons-collections4/4.1/commons-collections4-4.1.jar:/home/alex/.m2/repository/org/apache/commons/commons-lang3/3.9/commons-lang3-3.9.jar:/home/alex/.m2/repository/org/apache/commons/commons-text/1.8/commons-text-1.8.jar:/home/alex/.m2/repository/javolution/javolution/5.5.1/javolution-5.5.1.jar:/home/alex/.m2/repository/org/apache/logging/log4j/log4j-1.2-api/2.13.2/log4j-1.2-api-2.13.2.jar:/home/alex/.m2/repository/org/apache/logging/log4j/log4j-api/2.13.2/log4j-api-2.13.2.jar:/home/alex/.m2/repository/org/apache/logging/log4j/log4j-core/2.13.2/log4j-core-2.13.2.jar:/home/alex/.m2/repository/org/apache/logging/log4j/log4j-slf4j-impl/2.13.2/log4j-slf4j-impl-2.13.2.jar:/home/alex/.m2/repository/org/antlr/antlr-runtime/3.5.2/antlr-runtime-3.5.2.jar:/home/alex/.m2/repository/org/antlr/ST4/4.0.4/ST4-4.0.4.jar:/home/alex/.m2/repository/org/apache/avro/avro/1.8.2/avro-1.8.2.jar:/home/alex/.m2/repository/org/codehaus/jackson/jackson-core-asl/1.9.13/jackson-core-asl-1.9.13.jar:/home/alex/.m2/repository/org/codehaus/jackson/jackson-mapper-asl/1.9.13/jackson-mapper-asl-1.9.13.jar:/home/alex/.m2/repository/com/thoughtworks/paranamer/paranamer/2.8/paranamer-2.8.jar:/home/alex/.m2/repository/org/xerial/snappy/snappy-java/1.1.4/snappy-java-1.1.4.jar:/home/alex/.m2/repository/org/tukaani/xz/1.5/xz-1.5.jar:/home/alex/.m2/repository/org/apache/avro/avro-mapred/1.8.2/avro-mapred-1.8.2-hadoop2.jar:/home/alex/.m2/repository/org/apache/avro/avro-ipc/1.8.2/avro-ipc-1.8.2.jar:/home/alex/.m2/repository/org/mortbay/jetty/jetty/6.1.26/jetty-6.1.26.jar:/home/alex/.m2/repository/org/apache/ant/ant/1.9.1/ant-1.9.1.jar:/home/alex/.m2/repository/org/apache/ant/ant-launcher/1.9.1/ant-launcher-1.9.1.jar:/home/alex/.m2/repository/org/apache/commons/commons-compress/1.21/commons-compress-1.21.jar:/home/alex/.m2/repository/org/apache/thrift/libfb303/0.9.3/libfb303-0.9.3.jar:/home/alex/.m2/repository/org/apache/hadoop/hadoop-common/3.1.0/hadoop-common-3.1.0.jar:/home/alex/.m2/repository/org/apache/hadoop/hadoop-annotations/3.1.0/hadoop-annotations-3.1.0.jar:/home/alex/.m2/repository/commons-net/commons-net/3.6/commons-net-3.6.jar:/home/alex/.m2/repository/org/eclipse/jetty/jetty-util/9.3.27.v20190418/jetty-util-9.3.27.v20190418.jar:/home/alex/.m2/repository/javax/servlet/jsp/jsp-api/2.1/jsp-api-2.1.jar:/home/alex/.m2/repository/com/sun/jersey/jersey-core/1.19/jersey-core-1.19.jar:/home/alex/.m2/repository/javax/ws/rs/jsr311-api/1.1.1/jsr311-api-1.1.1.jar:/home/alex/.m2/repository/com/sun/jersey/jersey-json/1.19/jersey-json-1.19.jar:/home/alex/.m2/repository/com/sun/xml/bind/jaxb-impl/2.2.3-1/jaxb-impl-2.2.3-1.jar:/home/alex/.m2/repository/org/codehaus/jackson/jackson-jaxrs/1.9.2/jackson-jaxrs-1.9.2.jar:/home/alex/.m2/repository/org/codehaus/jackson/jackson-xc/1.9.2/jackson-xc-1.9.2.jar:/home/alex/.m2/repository/com/sun/jersey/jersey-server/1.19/jersey-server-1.19.jar:/home/alex/.m2/repository/org/apache/commons/commons-configuration2/2.1.1/commons-configuration2-2.1.1.jar:/home/alex/.m2/repository/org/apache/hadoop/hadoop-auth/3.1.0/hadoop-auth-3.1.0.jar:/home/alex/.m2/repository/com/nimbusds/nimbus-jose-jwt/4.41.1/nimbus-jose-jwt-4.41.1.jar:/home/alex/.m2/repository/com/github/stephenc/jcip/jcip-annotations/1.0-1/jcip-annotations-1.0-1.jar:/home/alex/.m2/repository/com/jcraft/jsch/0.1.54/jsch-0.1.54.jar:/home/alex/.m2/repository/org/apache/htrace/htrace-core4/4.1.0-incubating/htrace-core4-4.1.0-incubating.jar:/home/alex/.m2/repository/org/apache/kerby/kerb-simplekdc/1.0.1/kerb-simplekdc-1.0.1.jar:/home/alex/.m2/repository/org/apache/kerby/kerb-client/1.0.1/kerb-client-1.0.1.jar:/home/alex/.m2/repository/org/apache/kerby/kerby-config/1.0.1/kerby-config-1.0.1.jar:/home/alex/.m2/repository/org/apache/kerby/kerb-core/1.0.1/kerb-core-1.0.1.jar:/home/alex/.m2/repository/org/apache/kerby/kerby-pkix/1.0.1/kerby-pkix-1.0.1.jar:/home/alex/.m2/repository/org/apache/kerby/kerby-asn1/1.0.1/kerby-asn1-1.0.1.jar:/home/alex/.m2/repository/org/apache/kerby/kerby-util/1.0.1/kerby-util-1.0.1.jar:/home/alex/.m2/repository/org/apache/kerby/kerb-common/1.0.1/kerb-common-1.0.1.jar:/home/alex/.m2/repository/org/apache/kerby/kerb-crypto/1.0.1/kerb-crypto-1.0.1.jar:/home/alex/.m2/repository/org/apache/kerby/kerb-util/1.0.1/kerb-util-1.0.1.jar:/home/alex/.m2/repository/org/apache/kerby/token-provider/1.0.1/token-provider-1.0.1.jar:/home/alex/.m2/repository/org/apache/kerby/kerb-admin/1.0.1/kerb-admin-1.0.1.jar:/home/alex/.m2/repository/org/apache/kerby/kerb-server/1.0.1/kerb-server-1.0.1.jar:/home/alex/.m2/repository/org/apache/kerby/kerb-identity/1.0.1/kerb-identity-1.0.1.jar:/home/alex/.m2/repository/org/apache/kerby/kerby-xdr/1.0.1/kerby-xdr-1.0.1.jar:/home/alex/.m2/repository/org/codehaus/woodstox/stax2-api/3.1.4/stax2-api-3.1.4.jar:/home/alex/.m2/repository/com/fasterxml/woodstox/woodstox-core/5.0.3/woodstox-core-5.0.3.jar:/home/alex/.m2/repository/org/apache/hadoop/hadoop-archives/3.1.0/hadoop-archives-3.1.0.jar:/home/alex/.m2/repository/org/apache/hadoop/hadoop-yarn-registry/3.1.0/hadoop-yarn-registry-3.1.0.jar:/home/alex/.m2/repository/org/apache/curator/curator-client/4.2.0/curator-client-4.2.0.jar:/home/alex/.m2/repository/org/apache/curator/curator-recipes/4.2.0/curator-recipes-4.2.0.jar:/home/alex/.m2/repository/commons-daemon/commons-daemon/1.0.13/commons-daemon-1.0.13.jar:/home/alex/.m2/repository/dnsjava/dnsjava/2.1.7/dnsjava-2.1.7.jar:/home/alex/.m2/repository/org/apache/hadoop/hadoop-mapreduce-client-core/3.1.0/hadoop-mapreduce-client-core-3.1.0.jar:/home/alex/.m2/repository/org/apache/hadoop/hadoop-hdfs-client/3.1.0/hadoop-hdfs-client-3.1.0.jar:/home/alex/.m2/repository/com/squareup/okhttp/okhttp/2.7.5/okhttp-2.7.5.jar:/home/alex/.m2/repository/com/squareup/okio/okio/1.6.0/okio-1.6.0.jar:/home/alex/.m2/repository/com/google/inject/extensions/guice-servlet/4.0/guice-servlet-4.0.jar:/home/alex/.m2/repository/org/apache/hadoop/hadoop-mapreduce-client-common/3.1.0/hadoop-mapreduce-client-common-3.1.0.jar:/home/alex/.m2/repository/org/apache/hadoop/hadoop-hdfs/3.1.0/hadoop-hdfs-3.1.0.jar:/home/alex/.m2/repository/org/eclipse/jetty/jetty-util-ajax/9.3.19.v20170502/jetty-util-ajax-9.3.19.v20170502.jar:/home/alex/.m2/repository/org/fusesource/leveldbjni/leveldbjni-all/1.8/leveldbjni-all-1.8.jar:/home/alex/.m2/repository/org/apache/hadoop/hadoop-yarn-api/3.1.0/hadoop-yarn-api-3.1.0.jar:/home/alex/.m2/repository/javax/xml/bind/jaxb-api/2.2.11/jaxb-api-2.2.11.jar:/home/alex/.m2/repository/org/apache/hadoop/hadoop-yarn-common/3.1.0/hadoop-yarn-common-3.1.0.jar:/home/alex/.m2/repository/com/google/inject/guice/4.0/guice-4.0.jar:/home/alex/.m2/repository/aopalliance/aopalliance/1.0/aopalliance-1.0.jar:/home/alex/.m2/repository/com/sun/jersey/contribs/jersey-guice/1.19/jersey-guice-1.19.jar:/home/alex/.m2/repository/com/fasterxml/jackson/module/jackson-module-jaxb-annotations/2.12.0/jackson-module-jaxb-annotations-2.12.0.jar:/home/alex/.m2/repository/jakarta/xml/bind/jakarta.xml.bind-api/2.3.2/jakarta.xml.bind-api-2.3.2.jar:/home/alex/.m2/repository/jakarta/activation/jakarta.activation-api/1.2.1/jakarta.activation-api-1.2.1.jar:/home/alex/.m2/repository/org/apache/hadoop/hadoop-yarn-client/3.1.0/hadoop-yarn-client-3.1.0.jar:/home/alex/.m2/repository/org/apache/orc/orc-tools/1.6.9/orc-tools-1.6.9.jar:/home/alex/.m2/repository/com/opencsv/opencsv/3.9/opencsv-3.9.jar:/home/alex/.m2/repository/org/codehaus/jettison/jettison/1.1/jettison-1.1.jar:/home/alex/.m2/repository/org/threeten/threetenbp/1.3.5/threetenbp-1.3.5.jar:/home/alex/.m2/repository/org/apache/ivy/ivy/2.4.0/ivy-2.4.0.jar:/home/alex/.m2/repository/org/apache/thrift/libthrift/0.14.1/libthrift-0.14.1.jar:/home/alex/.m2/repository/org/apache/httpcomponents/httpcore/4.4.13/httpcore-4.4.13.jar:/home/alex/.m2/repository/org/apache/tomcat/embed/tomcat-embed-core/8.5.46/tomcat-embed-core-8.5.46.jar:/home/alex/.m2/repository/org/apache/tomcat/tomcat-annotations-api/8.5.46/tomcat-annotations-api-8.5.46.jar:/home/alex/.m2/repository/javax/annotation/javax.annotation-api/1.3.2/javax.annotation-api-1.3.2.jar:/home/alex/.m2/repository/org/apache/zookeeper/zookeeper/3.5.5/zookeeper-3.5.5.jar:/home/alex/.m2/repository/org/apache/zookeeper/zookeeper-jute/3.5.5/zookeeper-jute-3.5.5.jar:/home/alex/.m2/repository/org/apache/curator/curator-framework/4.2.0/curator-framework-4.2.0.jar:/home/alex/.m2/repository/org/apache/curator/curator-test/4.2.0/curator-test-4.2.0.jar:/home/alex/.m2/repository/org/apache/datasketches/datasketches-hive/1.1.0-incubating/datasketches-hive-1.1.0-incubating.jar:/home/alex/.m2/repository/org/apache/datasketches/datasketches-java/1.3.0-incubating/datasketches-java-1.3.0-incubating.jar:/home/alex/.m2/repository/org/apache/datasketches/datasketches-memory/1.2.0-incubating/datasketches-memory-1.2.0-incubating.jar:/home/alex/.m2/repository/org/slf4j/slf4j-simple/1.7.27/slf4j-simple-1.7.27.jar:/home/alex/.m2/repository/com/lmax/disruptor/3.3.7/disruptor-3.3.7.jar:/home/alex/.m2/repository/org/codehaus/groovy/groovy-all/2.4.11/groovy-all-2.4.11.jar:/home/alex/.m2/repository/org/jodd/jodd-util/6.0.0/jodd-util-6.0.0.jar:/home/alex/.m2/repository/com/fasterxml/jackson/core/jackson-annotations/2.12.0/jackson-annotations-2.12.0.jar:/home/alex/.m2/repository/com/fasterxml/jackson/core/jackson-core/2.12.0/jackson-core-2.12.0.jar:/home/alex/.m2/repository/com/fasterxml/jackson/core/jackson-databind/2.12.0/jackson-databind-2.12.0.jar:/home/alex/.m2/repository/com/fasterxml/jackson/dataformat/jackson-dataformat-yaml/2.12.0/jackson-dataformat-yaml-2.12.0.jar:/home/alex/.m2/repository/org/yaml/snakeyaml/1.27/snakeyaml-1.27.jar:/home/alex/.m2/repository/org/datanucleus/datanucleus-core/5.2.4/datanucleus-core-5.2.4.jar:/home/alex/.m2/repository/org/apache/calcite/calcite-core/1.25.0/calcite-core-1.25.0.jar:/home/alex/.m2/repository/org/apache/calcite/calcite-linq4j/1.25.0/calcite-linq4j-1.25.0.jar:/home/alex/.m2/repository/org/apiguardian/apiguardian-api/1.1.0/apiguardian-api-1.1.0.jar:/home/alex/.m2/repository/com/esri/geometry/esri-geometry-api/2.2.0/esri-geometry-api-2.2.0.jar:/home/alex/.m2/repository/com/yahoo/datasketches/sketches-core/0.9.0/sketches-core-0.9.0.jar:/home/alex/.m2/repository/com/yahoo/datasketches/memory/0.9.0/memory-0.9.0.jar:/home/alex/.m2/repository/org/apache/commons/commons-dbcp2/2.7.0/commons-dbcp2-2.7.0.jar:/home/alex/.m2/repository/org/apache/commons/commons-pool2/2.7.0/commons-pool2-2.7.0.jar:/home/alex/.m2/repository/org/apache/calcite/calcite-druid/1.25.0/calcite-druid-1.25.0.jar:/home/alex/.m2/repository/org/apache/calcite/avatica/avatica/1.12.0/avatica-1.12.0.jar:/home/alex/.m2/repository/com/google/guava/guava/19.0/guava-19.0.jar:/home/alex/.m2/repository/com/googlecode/javaewah/JavaEWAH/0.3.2/JavaEWAH-0.3.2.jar:/home/alex/.m2/repository/com/google/code/gson/gson/2.2.4/gson-2.2.4.jar:/home/alex/.m2/repository/com/tdunning/json/1.8/json-1.8.jar:/home/alex/.m2/repository/stax/stax-api/1.0.1/stax-api-1.0.1.jar:/home/alex/.m2/repository/net/sf/opencsv/opencsv/2.3/opencsv-2.3.jar:/home/alex/Repositories/hive/standalone-metastore/metastore-server/target/classes:/home/alex/.m2/repository/com/zaxxer/HikariCP/2.6.1/HikariCP-2.6.1.jar:/home/alex/.m2/repository/commons-beanutils/commons-beanutils/1.9.4/commons-beanutils-1.9.4.jar:/home/alex/.m2/repository/org/datanucleus/datanucleus-api-jdo/5.2.4/datanucleus-api-jdo-5.2.4.jar:/home/alex/.m2/repository/org/datanucleus/datanucleus-rdbms/5.2.4/datanucleus-rdbms-5.2.4.jar:/home/alex/.m2/repository/org/datanucleus/javax.jdo/3.2.0-release/javax.jdo-3.2.0-release.jar:/home/alex/.m2/repository/javax/transaction/javax.transaction-api/1.3/javax.transaction-api-1.3.jar:/home/alex/.m2/repository/org/glassfish/corba/glassfish-corba-omgapi/4.2.2/glassfish-corba-omgapi-4.2.2.jar:/home/alex/.m2/repository/sqlline/sqlline/1.9.0/sqlline-1.9.0.jar:/home/alex/.m2/repository/org/jline/jline-terminal/3.12.1/jline-terminal-3.12.1.jar:/home/alex/.m2/repository/org/jline/jline-reader/3.12.1/jline-reader-3.12.1.jar:/home/alex/.m2/repository/org/jline/jline-terminal-jansi/3.12.1/jline-terminal-jansi-3.12.1.jar:/home/alex/.m2/repository/org/fusesource/jansi/jansi/1.18/jansi-1.18.jar:/home/alex/.m2/repository/org/jline/jline-terminal-jna/3.12.1/jline-terminal-jna-3.12.1.jar:/home/alex/.m2/repository/net/java/dev/jna/jna/5.3.1/jna-5.3.1.jar:/home/alex/.m2/repository/org/jline/jline-builtins/3.12.1/jline-builtins-3.12.1.jar:/home/alex/.m2/repository/org/jline/jline-style/3.12.1/jline-style-3.12.1.jar:/home/alex/.m2/repository/com/cronutils/cron-utils/9.1.3/cron-utils-9.1.3.jar:/home/alex/.m2/repository/org/glassfish/javax.el/3.0.0/javax.el-3.0.0.jar:/home/alex/.m2/repository/com/oracle/database/jdbc/ojdbc8/21.3.0.0/ojdbc8-21.3.0.0.jar:/home/alex/.m2/repository/mysql/mysql-connector-java/8.0.27/mysql-connector-java-8.0.27.jar:/home/alex/.m2/repository/com/microsoft/sqlserver/mssql-jdbc/6.2.1.jre8/mssql-jdbc-6.2.1.jre8.jar:/home/alex/.m2/repository/org/postgresql/postgresql/42.2.14/postgresql-42.2.14.jar:/home/alex/Repositories/hive/common/target/test-classes:/home/alex/Repositories/hive/standalone-metastore/metastore-common/target/test-classes:/home/alex/.m2/repository/com/github/ben-manes/caffeine/caffeine/2.8.4/caffeine-2.8.4.jar:/home/alex/.m2/repository/org/checkerframework/checker-qual/3.4.0/checker-qual-3.4.0.jar:/home/alex/Repositories/hive/standalone-metastore/metastore-server/target/test-classes:/home/alex/.m2/repository/org/apache/parquet/parquet-column/1.11.1/parquet-column-1.11.1-tests.jar:/home/alex/.m2/repository/org/apache/parquet/parquet-common/1.11.1/parquet-common-1.11.1.jar:/home/alex/.m2/repository/org/apache/parquet/parquet-format-structures/1.11.1/parquet-format-structures-1.11.1.jar:/home/alex/.m2/repository/org/apache/parquet/parquet-encoding/1.11.1/parquet-encoding-1.11.1.jar:/home/alex/.m2/repository/junit/junit/4.13/junit-4.13.jar:/home/alex/.m2/repository/org/hamcrest/hamcrest-core/1.3/hamcrest-core-1.3.jar:/home/alex/.m2/repository/org/junit/jupiter/junit-jupiter-engine/5.6.2/junit-jupiter-engine-5.6.2.jar:/home/alex/.m2/repository/org/junit/platform/junit-platform-engine/1.6.2/junit-platform-engine-1.6.2.jar:/home/alex/.m2/repository/org/opentest4j/opentest4j/1.2.0/opentest4j-1.2.0.jar:/home/alex/.m2/repository/org/junit/platform/junit-platform-commons/1.6.2/junit-platform-commons-1.6.2.jar:/home/alex/.m2/repository/org/junit/jupiter/junit-jupiter-api/5.6.2/junit-jupiter-api-5.6.2.jar:/home/alex/.m2/repository/org/junit/jupiter/junit-jupiter-params/5.6.2/junit-jupiter-params-5.6.2.jar:/home/alex/.m2/repository/org/junit/vintage/junit-vintage-engine/5.6.2/junit-vintage-engine-5.6.2.jar:/home/alex/.m2/repository/org/apache/tez/tez-api/0.10.1/tez-api-0.10.1.jar:/usr/lib/jvm/java-8-openjdk-amd64/jre/../lib/tools.jar:/home/alex/.m2/repository/org/apache/tez/tez-runtime-library/0.10.1/tez-runtime-library-0.10.1.jar:/home/alex/.m2/repository/org/roaringbitmap/RoaringBitmap/0.5.21/RoaringBitmap-0.5.21.jar:/home/alex/.m2/repository/org/asynchttpclient/async-http-client/2.12.1/async-http-client-2.12.1.jar:/home/alex/.m2/repository/org/asynchttpclient/async-http-client-netty-utils/2.12.1/async-http-client-netty-utils-2.12.1.jar:/home/alex/.m2/repository/io/netty/netty-buffer/4.1.48.Final/netty-buffer-4.1.48.Final.jar:/home/alex/.m2/repository/io/netty/netty-codec-http/4.1.48.Final/netty-codec-http-4.1.48.Final.jar:/home/alex/.m2/repository/io/netty/netty-common/4.1.48.Final/netty-common-4.1.48.Final.jar:/home/alex/.m2/repository/io/netty/netty-transport/4.1.48.Final/netty-transport-4.1.48.Final.jar:/home/alex/.m2/repository/io/netty/netty-codec/4.1.48.Final/netty-codec-4.1.48.Final.jar:/home/alex/.m2/repository/io/netty/netty-handler/4.1.48.Final/netty-handler-4.1.48.Final.jar:/home/alex/.m2/repository/io/netty/netty-resolver/4.1.48.Final/netty-resolver-4.1.48.Final.jar:/home/alex/.m2/repository/io/netty/netty-codec-socks/4.1.48.Final/netty-codec-socks-4.1.48.Final.jar:/home/alex/.m2/repository/io/netty/netty-handler-proxy/4.1.48.Final/netty-handler-proxy-4.1.48.Final.jar:/home/alex/.m2/repository/io/netty/netty-transport-native-epoll/4.1.48.Final/netty-transport-native-epoll-4.1.48.Final-linux-x86_64.jar:/home/alex/.m2/repository/io/netty/netty-transport-native-unix-common/4.1.48.Final/netty-transport-native-unix-common-4.1.48.Final.jar:/home/alex/.m2/repository/io/netty/netty-transport-native-kqueue/4.1.48.Final/netty-transport-native-kqueue-4.1.48.Final-osx-x86_64.jar:/home/alex/.m2/repository/org/reactivestreams/reactive-streams/1.0.3/reactive-streams-1.0.3.jar:/home/alex/.m2/repository/com/typesafe/netty/netty-reactive-streams/2.0.4/netty-reactive-streams-2.0.4.jar:/home/alex/.m2/repository/com/sun/activation/javax.activation/1.2.0/javax.activation-1.2.0.jar:/home/alex/.m2/repository/org/apache/tez/tez-common/0.10.1/tez-common-0.10.1.jar:/home/alex/.m2/repository/org/apache/tez/tez-runtime-internals/0.10.1/tez-runtime-internals-0.10.1.jar:/home/alex/.m2/repository/org/apache/tez/hadoop-shim/0.10.1/hadoop-shim-0.10.1.jar:/home/alex/.m2/repository/org/apache/tez/tez-mapreduce/0.10.1/tez-mapreduce-0.10.1.jar:/home/alex/.m2/repository/org/apache/tez/tez-dag/0.10.1/tez-dag-0.10.1.jar:/home/alex/.m2/repository/org/apache/hadoop/hadoop-yarn-server-web-proxy/3.1.0/hadoop-yarn-server-web-proxy-3.1.0.jar:/home/alex/.m2/repository/org/apache/hadoop/hadoop-yarn-server-common/3.1.0/hadoop-yarn-server-common-3.1.0.jar:/home/alex/.m2/repository/org/apache/geronimo/specs/geronimo-jcache_1.0_spec/1.0-alpha-1/geronimo-jcache_1.0_spec-1.0-alpha-1.jar:/home/alex/.m2/repository/org/ehcache/ehcache/3.3.1/ehcache-3.3.1.jar:/home/alex/.m2/repository/com/zaxxer/HikariCP-java7/2.4.12/HikariCP-java7-2.4.12.jar:/home/alex/.m2/repository/org/apache/spark/spark-core_2.12/2.4.5/spark-core_2.12-2.4.5.jar:/home/alex/.m2/repository/com/twitter/chill_2.12/0.9.3/chill_2.12-0.9.3.jar:/home/alex/.m2/repository/com/twitter/chill-java/0.9.3/chill-java-0.9.3.jar:/home/alex/.m2/repository/org/apache/xbean/xbean-asm6-shaded/4.8/xbean-asm6-shaded-4.8.jar:/home/alex/.m2/repository/org/apache/hadoop/hadoop-client/3.1.0/hadoop-client-3.1.0.jar:/home/alex/.m2/repository/org/apache/hadoop/hadoop-mapreduce-client-jobclient/3.1.0/hadoop-mapreduce-client-jobclient-3.1.0.jar:/home/alex/.m2/repository/org/apache/spark/spark-launcher_2.12/2.4.5/spark-launcher_2.12-2.4.5.jar:/home/alex/.m2/repository/org/apache/spark/spark-kvstore_2.12/2.4.5/spark-kvstore_2.12-2.4.5.jar:/home/alex/.m2/repository/org/apache/spark/spark-network-common_2.12/2.4.5/spark-network-common_2.12-2.4.5.jar:/home/alex/.m2/repository/org/apache/spark/spark-network-shuffle_2.12/2.4.5/spark-network-shuffle_2.12-2.4.5.jar:/home/alex/.m2/repository/org/apache/spark/spark-unsafe_2.12/2.4.5/spark-unsafe_2.12-2.4.5.jar:/home/alex/.m2/repository/javax/activation/activation/1.1.1/activation-1.1.1.jar:/home/alex/.m2/repository/org/slf4j/jul-to-slf4j/1.7.16/jul-to-slf4j-1.7.16.jar:/home/alex/.m2/repository/org/slf4j/jcl-over-slf4j/1.7.16/jcl-over-slf4j-1.7.16.jar:/home/alex/.m2/repository/com/ning/compress-lzf/1.0.3/compress-lzf-1.0.3.jar:/home/alex/.m2/repository/org/lz4/lz4-java/1.4.0/lz4-java-1.4.0.jar:/home/alex/.m2/repository/com/github/luben/zstd-jni/1.3.2-2/zstd-jni-1.3.2-2.jar:/home/alex/.m2/repository/org/scala-lang/scala-library/2.12.10/scala-library-2.12.10.jar:/home/alex/.m2/repository/org/json4s/json4s-jackson_2.12/3.5.3/json4s-jackson_2.12-3.5.3.jar:/home/alex/.m2/repository/org/json4s/json4s-core_2.12/3.5.3/json4s-core_2.12-3.5.3.jar:/home/alex/.m2/repository/org/json4s/json4s-ast_2.12/3.5.3/json4s-ast_2.12-3.5.3.jar:/home/alex/.m2/repository/org/json4s/json4s-scalap_2.12/3.5.3/json4s-scalap_2.12-3.5.3.jar:/home/alex/.m2/repository/org/scala-lang/modules/scala-xml_2.12/1.0.6/scala-xml_2.12-1.0.6.jar:/home/alex/.m2/repository/com/clearspring/analytics/stream/2.7.0/stream-2.7.0.jar:/home/alex/.m2/repository/io/dropwizard/metrics/metrics-graphite/3.1.5/metrics-graphite-3.1.5.jar:/home/alex/.m2/repository/oro/oro/2.0.8/oro-2.0.8.jar:/home/alex/.m2/repository/net/razorvine/pyrolite/4.13/pyrolite-4.13.jar:/home/alex/.m2/repository/net/sf/py4j/py4j/0.10.7/py4j-0.10.7.jar:/home/alex/.m2/repository/org/apache/spark/spark-tags_2.12/2.4.5/spark-tags_2.12-2.4.5.jar:/home/alex/.m2/repository/org/spark-project/spark/unused/1.0.0/unused-1.0.0.jar:/home/alex/.m2/repository/com/sun/jersey/jersey-servlet/1.19/jersey-servlet-1.19.jar:/home/alex/.m2/repository/org/glassfish/jersey/core/jersey-server/2.22.2/jersey-server-2.22.2.jar:/home/alex/.m2/repository/org/glassfish/jersey/core/jersey-common/2.22.2/jersey-common-2.22.2.jar:/home/alex/.m2/repository/org/glassfish/jersey/bundles/repackaged/jersey-guava/2.22.2/jersey-guava-2.22.2.jar:/home/alex/.m2/repository/org/glassfish/hk2/osgi-resource-locator/1.0.1/osgi-resource-locator-1.0.1.jar:/home/alex/.m2/repository/org/glassfish/jersey/core/jersey-client/2.22.2/jersey-client-2.22.2.jar:/home/alex/.m2/repository/javax/ws/rs/javax.ws.rs-api/2.0.1/javax.ws.rs-api-2.0.1.jar:/home/alex/.m2/repository/org/glassfish/jersey/media/jersey-media-jaxb/2.22.2/jersey-media-jaxb-2.22.2.jar:/home/alex/.m2/repository/org/glassfish/hk2/hk2-api/2.4.0-b34/hk2-api-2.4.0-b34.jar:/home/alex/.m2/repository/org/glassfish/hk2/hk2-utils/2.4.0-b34/hk2-utils-2.4.0-b34.jar:/home/alex/.m2/repository/org/glassfish/hk2/external/aopalliance-repackaged/2.4.0-b34/aopalliance-repackaged-2.4.0-b34.jar:/home/alex/.m2/repository/org/glassfish/hk2/external/javax.inject/2.4.0-b34/javax.inject-2.4.0-b34.jar:/home/alex/.m2/repository/org/glassfish/hk2/hk2-locator/2.4.0-b34/hk2-locator-2.4.0-b34.jar:/home/alex/.m2/repository/javax/validation/validation-api/1.1.0.Final/validation-api-1.1.0.Final.jar:/home/alex/.m2/repository/org/glassfish/jersey/containers/jersey-container-servlet-core/2.22.2/jersey-container-servlet-core-2.22.2.jar:/home/alex/.m2/repository/org/hamcrest/hamcrest-all/1.3/hamcrest-all-1.3.jar:/home/alex/.m2/repository/org/powermock/powermock-module-junit4/2.0.2/powermock-module-junit4-2.0.2.jar:/home/alex/.m2/repository/org/powermock/powermock-module-junit4-common/2.0.2/powermock-module-junit4-common-2.0.2.jar:/home/alex/.m2/repository/org/powermock/powermock-reflect/2.0.2/powermock-reflect-2.0.2.jar:/home/alex/.m2/repository/org/powermock/powermock-core/2.0.2/powermock-core-2.0.2.jar:/home/alex/.m2/repository/org/powermock/powermock-api-mockito2/2.0.2/powermock-api-mockito2-2.0.2.jar:/home/alex/.m2/repository/org/powermock/powermock-api-support/2.0.2/powermock-api-support-2.0.2.jar:/home/alex/.m2/repository/com/google/guava/guava-testlib/19.0/guava-testlib-19.0.jar:/home/alex/.m2/repository/com/google/errorprone/error_prone_annotations/2.0.2/error_prone_annotations-2.0.2.jar:/home/alex/.m2/repository/com/google/re2j/re2j/1.2/re2j-1.2.jar:/home/alex/.m2/repository/org/reflections/reflections/0.9.10/reflections-0.9.10.jar:/home/alex/.m2/repository/org/javassist/javassist/3.19.0-GA/javassist-3.19.0-GA.jar:/home/alex/.m2/repository/com/jayway/jsonpath/json-path/2.4.0/json-path-2.4.0.jar:/home/alex/.m2/repository/net/minidev/json-smart/2.3/json-smart-2.3.jar:/home/alex/.m2/repository/net/minidev/accessors-smart/1.2/accessors-smart-1.2.jar:/home/alex/.m2/repository/org/ow2/asm/asm/5.0.4/asm-5.0.4.jar:/home/alex/.m2/repository/org/codehaus/janino/commons-compiler/3.0.11/commons-compiler-3.0.11.jar:/home/alex/.m2/repository/org/codehaus/janino/janino/3.0.11/janino-3.0.11.jar:/home/alex/.m2/repository/com/sun/jersey/contribs/jersey-multipart/1.19/jersey-multipart-1.19.jar:/home/alex/.m2/repository/org/jvnet/mimepull/mimepull/1.9.3/mimepull-1.9.3.jar:/home/alex/.m2/repository/org/apache/kafka/kafka-clients/2.5.0/kafka-clients-2.5.0.jar:/home/alex/.m2/repository/org/slf4j/slf4j-api/1.7.30/slf4j-api-1.7.30.jar:/home/alex/.m2/repository/org/mockito/mockito-core/3.4.4/mockito-core-3.4.4.jar:/home/alex/.m2/repository/net/bytebuddy/byte-buddy/1.10.13/byte-buddy-1.10.13.jar:/home/alex/.m2/repository/net/bytebuddy/byte-buddy-agent/1.10.13/byte-buddy-agent-1.10.13.jar:/home/alex/Repositories/hive/ql/target/testconf:/home/alex/Repositories/hive/ql/../conf:"/>
    <property name="java.vm.vendor" value="Private Build"/>
    <property name="hadoop.version" value="3.1.0"/>
    <property name="hive.strict.managed.tables" value="true"/>
    <property name="user.timezone" value="US/Pacific"/>
    <property name="test.local.warehouse.dir" value="pfile:///home/alex/Repositories/hive/ql/target/localfs/warehouse"/>
    <property name="os.name" value="Linux"/>
    <property name="java.vm.specification.version" value="1.8"/>
    <property name="clustermode" value=""/>
    <property name="test.build.data" value="/home/alex/Repositories/hive/ql/target/tmp"/>
    <property name="sun.java.launcher" value="SUN_STANDARD"/>
    <property name="user.country" value="US"/>
    <property name="test.data.files" value="/home/alex/Repositories/hive/ql/../data/files"/>
    <property name="nondexLogging" value="CONFIG"/>
    <property name="surefire.test.class.path" value="/home/alex/Repositories/hive/ql/target/test-classes:/home/alex/Repositories/hive/ql/target/classes:/home/alex/.m2/repository/org/apache/atlas/atlas-client-v2/2.1.0/atlas-client-v2-2.1.0.jar:/home/alex/.m2/repository/cglib/cglib/2.2.2/cglib-2.2.2.jar:/home/alex/.m2/repository/asm/asm/3.3.1/asm-3.3.1.jar:/home/alex/.m2/repository/org/apache/atlas/atlas-client-common/2.1.0/atlas-client-common-2.1.0.jar:/home/alex/.m2/repository/org/apache/httpcomponents/httpclient/4.5.13/httpclient-4.5.13.jar:/home/alex/.m2/repository/com/sun/jersey/jersey-client/1.19/jersey-client-1.19.jar:/home/alex/.m2/repository/org/apache/atlas/atlas-intg/2.1.0/atlas-intg-2.1.0.jar:/home/alex/.m2/repository/commons-collections/commons-collections/3.2.2/commons-collections-3.2.2.jar:/home/alex/.m2/repository/commons-validator/commons-validator/1.6/commons-validator-1.6.jar:/home/alex/.m2/repository/commons-digester/commons-digester/1.8.1/commons-digester-1.8.1.jar:/home/alex/.m2/repository/com/fasterxml/jackson/jaxrs/jackson-jaxrs-base/2.12.0/jackson-jaxrs-base-2.12.0.jar:/home/alex/.m2/repository/com/fasterxml/jackson/jaxrs/jackson-jaxrs-json-provider/2.12.0/jackson-jaxrs-json-provider-2.12.0.jar:/home/alex/.m2/repository/javax/inject/javax.inject/1/javax.inject-1.jar:/home/alex/.m2/repository/org/springframework/spring-context/4.3.20.RELEASE/spring-context-4.3.20.RELEASE.jar:/home/alex/.m2/repository/org/springframework/spring-aop/4.3.20.RELEASE/spring-aop-4.3.20.RELEASE.jar:/home/alex/.m2/repository/org/springframework/spring-beans/4.3.20.RELEASE/spring-beans-4.3.20.RELEASE.jar:/home/alex/.m2/repository/org/springframework/spring-core/4.3.20.RELEASE/spring-core-4.3.20.RELEASE.jar:/home/alex/.m2/repository/org/springframework/spring-expression/4.3.20.RELEASE/spring-expression-4.3.20.RELEASE.jar:/home/alex/.m2/repository/commons-configuration/commons-configuration/1.10/commons-configuration-1.10.jar:/home/alex/.m2/repository/commons-lang/commons-lang/2.6/commons-lang-2.6.jar:/home/alex/.m2/repository/commons-logging/commons-logging/1.1.1/commons-logging-1.1.1.jar:/home/alex/.m2/repository/org/apache/commons/commons-math3/3.6.1/commons-math3-3.6.1.jar:/home/alex/Repositories/hive/vector-code-gen/target/classes:/home/alex/.m2/repository/org/apache/velocity/velocity/1.5/velocity-1.5.jar:/home/alex/Repositories/hive/common/target/classes:/home/alex/Repositories/hive/classification/target/classes:/home/alex/Repositories/hive/standalone-metastore/metastore-common/target/classes:/home/alex/.m2/repository/commons-cli/commons-cli/1.4/commons-cli-1.4.jar:/home/alex/.m2/repository/org/apache/orc/orc-core/1.6.9/orc-core-1.6.9.jar:/home/alex/.m2/repository/org/apache/orc/orc-shims/1.6.9/orc-shims-1.6.9.jar:/home/alex/.m2/repository/io/airlift/aircompressor/0.19/aircompressor-0.19.jar:/home/alex/.m2/repository/org/jetbrains/annotations/17.0.0/annotations-17.0.0.jar:/home/alex/.m2/repository/org/threeten/threeten-extra/1.5.0/threeten-extra-1.5.0.jar:/home/alex/.m2/repository/jline/jline/2.14.6/jline-2.14.6.jar:/home/alex/.m2/repository/javax/servlet/javax.servlet-api/3.1.0/javax.servlet-api-3.1.0.jar:/home/alex/.m2/repository/org/eclipse/jetty/jetty-http/9.3.27.v20190418/jetty-http-9.3.27.v20190418.jar:/home/alex/.m2/repository/org/eclipse/jetty/jetty-rewrite/9.3.27.v20190418/jetty-rewrite-9.3.27.v20190418.jar:/home/alex/.m2/repository/org/eclipse/jetty/jetty-client/9.3.27.v20190418/jetty-client-9.3.27.v20190418.jar:/home/alex/.m2/repository/org/eclipse/jetty/jetty-server/9.3.27.v20190418/jetty-server-9.3.27.v20190418.jar:/home/alex/.m2/repository/org/eclipse/jetty/jetty-io/9.3.27.v20190418/jetty-io-9.3.27.v20190418.jar:/home/alex/.m2/repository/org/eclipse/jetty/jetty-servlet/9.3.27.v20190418/jetty-servlet-9.3.27.v20190418.jar:/home/alex/.m2/repository/org/eclipse/jetty/jetty-security/9.3.27.v20190418/jetty-security-9.3.27.v20190418.jar:/home/alex/.m2/repository/org/eclipse/jetty/jetty-webapp/9.3.27.v20190418/jetty-webapp-9.3.27.v20190418.jar:/home/alex/.m2/repository/org/eclipse/jetty/jetty-xml/9.3.27.v20190418/jetty-xml-9.3.27.v20190418.jar:/home/alex/.m2/repository/joda-time/joda-time/2.9.9/joda-time-2.9.9.jar:/home/alex/.m2/repository/org/apache/logging/log4j/log4j-web/2.13.2/log4j-web-2.13.2.jar:/home/alex/.m2/repository/net/sf/jpam/jpam/1.1/jpam-1.1.jar:/home/alex/.m2/repository/io/dropwizard/metrics/metrics-core/3.1.0/metrics-core-3.1.0.jar:/home/alex/.m2/repository/io/dropwizard/metrics/metrics-jvm/3.1.0/metrics-jvm-3.1.0.jar:/home/alex/.m2/repository/io/dropwizard/metrics/metrics-json/3.1.0/metrics-json-3.1.0.jar:/home/alex/.m2/repository/com/github/joshelser/dropwizard-metrics-hadoop-metrics2-reporter/0.1.2/dropwizard-metrics-hadoop-metrics2-reporter-0.1.2.jar:/home/alex/Repositories/hive/metastore/target/classes:/home/alex/.m2/repository/org/apache/derby/derby/10.14.1.0/derby-10.14.1.0.jar:/home/alex/Repositories/hive/serde/target/classes:/home/alex/.m2/repository/com/google/code/findbugs/jsr305/3.0.0/jsr305-3.0.0.jar:/home/alex/.m2/repository/org/apache/arrow/arrow-vector/0.15.1/arrow-vector-0.15.1.jar:/home/alex/.m2/repository/org/apache/arrow/arrow-format/0.15.1/arrow-format-0.15.1.jar:/home/alex/.m2/repository/org/apache/arrow/arrow-memory/0.15.1/arrow-memory-0.15.1.jar:/home/alex/.m2/repository/com/google/flatbuffers/flatbuffers-java/1.9.0/flatbuffers-java-1.9.0.jar:/home/alex/.m2/repository/com/carrotsearch/hppc/0.7.2/hppc-0.7.2.jar:/home/alex/.m2/repository/com/github/davidmoten/flatbuffers-java/1.6.0.1/flatbuffers-java-1.6.0.1.jar:/home/alex/Repositories/hive/parser/target/classes:/home/alex/Repositories/hive/udf/target/classes:/home/alex/Repositories/hive/service-rpc/target/classes:/home/alex/Repositories/hive/llap-client/target/classes:/home/alex/Repositories/hive/llap-common/target/classes:/home/alex/.m2/repository/io/jsonwebtoken/jjwt-api/0.10.5/jjwt-api-0.10.5.jar:/home/alex/.m2/repository/io/jsonwebtoken/jjwt-impl/0.10.5/jjwt-impl-0.10.5.jar:/home/alex/.m2/repository/io/jsonwebtoken/jjwt-jackson/0.10.5/jjwt-jackson-0.10.5.jar:/home/alex/Repositories/hive/llap-tez/target/classes:/home/alex/Repositories/hive/shims/aggregator/target/classes:/home/alex/Repositories/hive/shims/common/target/classes:/home/alex/Repositories/hive/shims/0.23/target/classes:/home/alex/.m2/repository/org/apache/hadoop/hadoop-yarn-server-resourcemanager/3.1.0/hadoop-yarn-server-resourcemanager-3.1.0.jar:/home/alex/.m2/repository/org/apache/hadoop/hadoop-yarn-server-applicationhistoryservice/3.1.0/hadoop-yarn-server-applicationhistoryservice-3.1.0.jar:/home/alex/.m2/repository/de/ruedigermoeller/fst/2.50/fst-2.50.jar:/home/alex/.m2/repository/com/cedarsoftware/java-util/1.9.0/java-util-1.9.0.jar:/home/alex/.m2/repository/com/cedarsoftware/json-io/2.5.1/json-io-2.5.1.jar:/home/alex/Repositories/hive/shims/scheduler/target/classes:/home/alex/Repositories/hive/spark-client/target/classes:/home/alex/.m2/repository/io/netty/netty-all/4.1.65.Final/netty-all-4.1.65.Final.jar:/home/alex/.m2/repository/com/fasterxml/jackson/module/jackson-module-scala_2.12/2.12.0/jackson-module-scala_2.12-2.12.0.jar:/home/alex/.m2/repository/org/apache/spark/spark-yarn_2.12/2.4.5/spark-yarn_2.12-2.4.5.jar:/home/alex/Repositories/hive/storage-api/target/classes:/home/alex/.m2/repository/com/amazonaws/aws-java-sdk-bundle/1.11.901/aws-java-sdk-bundle-1.11.901.jar:/home/alex/.m2/repository/com/amazonaws/secretsmanager/aws-secretsmanager-caching-java/1.0.1/aws-secretsmanager-caching-java-1.0.1.jar:/home/alex/.m2/repository/com/esotericsoftware/kryo/5.0.3/kryo-5.0.3.jar:/home/alex/.m2/repository/org/objenesis/objenesis/3.1/objenesis-3.1.jar:/home/alex/.m2/repository/com/esotericsoftware/minlog/1.3.1/minlog-1.3.1.jar:/home/alex/.m2/repository/com/esotericsoftware/reflectasm/1.11.9/reflectasm-1.11.9.jar:/home/alex/.m2/repository/com/google/protobuf/protobuf-java/2.5.0/protobuf-java-2.5.0.jar:/home/alex/.m2/repository/org/apache/hbase/hbase-common/2.0.0-alpha4/hbase-common-2.0.0-alpha4.jar:/home/alex/.m2/repository/org/apache/hbase/thirdparty/hbase-shaded-miscellaneous/1.0.1/hbase-shaded-miscellaneous-1.0.1.jar:/home/alex/.m2/repository/org/apache/htrace/htrace-core/3.2.0-incubating/htrace-core-3.2.0-incubating.jar:/home/alex/.m2/repository/org/apache/commons/commons-crypto/1.0.0/commons-crypto-1.0.0.jar:/home/alex/.m2/repository/com/github/stephenc/findbugs/findbugs-annotations/1.3.9-1/findbugs-annotations-1.3.9-1.jar:/home/alex/.m2/repository/log4j/log4j/1.2.17/log4j-1.2.17.jar:/home/alex/.m2/repository/org/apache/yetus/audience-annotations/0.5.0/audience-annotations-0.5.0.jar:/home/alex/.m2/repository/org/apache/parquet/parquet-hadoop-bundle/1.11.1/parquet-hadoop-bundle-1.11.1.jar:/home/alex/.m2/repository/commons-codec/commons-codec/1.15/commons-codec-1.15.jar:/home/alex/.m2/repository/commons-io/commons-io/2.6/commons-io-2.6.jar:/home/alex/.m2/repository/org/apache/commons/commons-collections4/4.1/commons-collections4-4.1.jar:/home/alex/.m2/repository/org/apache/commons/commons-lang3/3.9/commons-lang3-3.9.jar:/home/alex/.m2/repository/org/apache/commons/commons-text/1.8/commons-text-1.8.jar:/home/alex/.m2/repository/javolution/javolution/5.5.1/javolution-5.5.1.jar:/home/alex/.m2/repository/org/apache/logging/log4j/log4j-1.2-api/2.13.2/log4j-1.2-api-2.13.2.jar:/home/alex/.m2/repository/org/apache/logging/log4j/log4j-api/2.13.2/log4j-api-2.13.2.jar:/home/alex/.m2/repository/org/apache/logging/log4j/log4j-core/2.13.2/log4j-core-2.13.2.jar:/home/alex/.m2/repository/org/apache/logging/log4j/log4j-slf4j-impl/2.13.2/log4j-slf4j-impl-2.13.2.jar:/home/alex/.m2/repository/org/antlr/antlr-runtime/3.5.2/antlr-runtime-3.5.2.jar:/home/alex/.m2/repository/org/antlr/ST4/4.0.4/ST4-4.0.4.jar:/home/alex/.m2/repository/org/apache/avro/avro/1.8.2/avro-1.8.2.jar:/home/alex/.m2/repository/org/codehaus/jackson/jackson-core-asl/1.9.13/jackson-core-asl-1.9.13.jar:/home/alex/.m2/repository/org/codehaus/jackson/jackson-mapper-asl/1.9.13/jackson-mapper-asl-1.9.13.jar:/home/alex/.m2/repository/com/thoughtworks/paranamer/paranamer/2.8/paranamer-2.8.jar:/home/alex/.m2/repository/org/xerial/snappy/snappy-java/1.1.4/snappy-java-1.1.4.jar:/home/alex/.m2/repository/org/tukaani/xz/1.5/xz-1.5.jar:/home/alex/.m2/repository/org/apache/avro/avro-mapred/1.8.2/avro-mapred-1.8.2-hadoop2.jar:/home/alex/.m2/repository/org/apache/avro/avro-ipc/1.8.2/avro-ipc-1.8.2.jar:/home/alex/.m2/repository/org/mortbay/jetty/jetty/6.1.26/jetty-6.1.26.jar:/home/alex/.m2/repository/org/apache/ant/ant/1.9.1/ant-1.9.1.jar:/home/alex/.m2/repository/org/apache/ant/ant-launcher/1.9.1/ant-launcher-1.9.1.jar:/home/alex/.m2/repository/org/apache/commons/commons-compress/1.21/commons-compress-1.21.jar:/home/alex/.m2/repository/org/apache/thrift/libfb303/0.9.3/libfb303-0.9.3.jar:/home/alex/.m2/repository/org/apache/hadoop/hadoop-common/3.1.0/hadoop-common-3.1.0.jar:/home/alex/.m2/repository/org/apache/hadoop/hadoop-annotations/3.1.0/hadoop-annotations-3.1.0.jar:/home/alex/.m2/repository/commons-net/commons-net/3.6/commons-net-3.6.jar:/home/alex/.m2/repository/org/eclipse/jetty/jetty-util/9.3.27.v20190418/jetty-util-9.3.27.v20190418.jar:/home/alex/.m2/repository/javax/servlet/jsp/jsp-api/2.1/jsp-api-2.1.jar:/home/alex/.m2/repository/com/sun/jersey/jersey-core/1.19/jersey-core-1.19.jar:/home/alex/.m2/repository/javax/ws/rs/jsr311-api/1.1.1/jsr311-api-1.1.1.jar:/home/alex/.m2/repository/com/sun/jersey/jersey-json/1.19/jersey-json-1.19.jar:/home/alex/.m2/repository/com/sun/xml/bind/jaxb-impl/2.2.3-1/jaxb-impl-2.2.3-1.jar:/home/alex/.m2/repository/org/codehaus/jackson/jackson-jaxrs/1.9.2/jackson-jaxrs-1.9.2.jar:/home/alex/.m2/repository/org/codehaus/jackson/jackson-xc/1.9.2/jackson-xc-1.9.2.jar:/home/alex/.m2/repository/com/sun/jersey/jersey-server/1.19/jersey-server-1.19.jar:/home/alex/.m2/repository/org/apache/commons/commons-configuration2/2.1.1/commons-configuration2-2.1.1.jar:/home/alex/.m2/repository/org/apache/hadoop/hadoop-auth/3.1.0/hadoop-auth-3.1.0.jar:/home/alex/.m2/repository/com/nimbusds/nimbus-jose-jwt/4.41.1/nimbus-jose-jwt-4.41.1.jar:/home/alex/.m2/repository/com/github/stephenc/jcip/jcip-annotations/1.0-1/jcip-annotations-1.0-1.jar:/home/alex/.m2/repository/com/jcraft/jsch/0.1.54/jsch-0.1.54.jar:/home/alex/.m2/repository/org/apache/htrace/htrace-core4/4.1.0-incubating/htrace-core4-4.1.0-incubating.jar:/home/alex/.m2/repository/org/apache/kerby/kerb-simplekdc/1.0.1/kerb-simplekdc-1.0.1.jar:/home/alex/.m2/repository/org/apache/kerby/kerb-client/1.0.1/kerb-client-1.0.1.jar:/home/alex/.m2/repository/org/apache/kerby/kerby-config/1.0.1/kerby-config-1.0.1.jar:/home/alex/.m2/repository/org/apache/kerby/kerb-core/1.0.1/kerb-core-1.0.1.jar:/home/alex/.m2/repository/org/apache/kerby/kerby-pkix/1.0.1/kerby-pkix-1.0.1.jar:/home/alex/.m2/repository/org/apache/kerby/kerby-asn1/1.0.1/kerby-asn1-1.0.1.jar:/home/alex/.m2/repository/org/apache/kerby/kerby-util/1.0.1/kerby-util-1.0.1.jar:/home/alex/.m2/repository/org/apache/kerby/kerb-common/1.0.1/kerb-common-1.0.1.jar:/home/alex/.m2/repository/org/apache/kerby/kerb-crypto/1.0.1/kerb-crypto-1.0.1.jar:/home/alex/.m2/repository/org/apache/kerby/kerb-util/1.0.1/kerb-util-1.0.1.jar:/home/alex/.m2/repository/org/apache/kerby/token-provider/1.0.1/token-provider-1.0.1.jar:/home/alex/.m2/repository/org/apache/kerby/kerb-admin/1.0.1/kerb-admin-1.0.1.jar:/home/alex/.m2/repository/org/apache/kerby/kerb-server/1.0.1/kerb-server-1.0.1.jar:/home/alex/.m2/repository/org/apache/kerby/kerb-identity/1.0.1/kerb-identity-1.0.1.jar:/home/alex/.m2/repository/org/apache/kerby/kerby-xdr/1.0.1/kerby-xdr-1.0.1.jar:/home/alex/.m2/repository/org/codehaus/woodstox/stax2-api/3.1.4/stax2-api-3.1.4.jar:/home/alex/.m2/repository/com/fasterxml/woodstox/woodstox-core/5.0.3/woodstox-core-5.0.3.jar:/home/alex/.m2/repository/org/apache/hadoop/hadoop-archives/3.1.0/hadoop-archives-3.1.0.jar:/home/alex/.m2/repository/org/apache/hadoop/hadoop-yarn-registry/3.1.0/hadoop-yarn-registry-3.1.0.jar:/home/alex/.m2/repository/org/apache/curator/curator-client/4.2.0/curator-client-4.2.0.jar:/home/alex/.m2/repository/org/apache/curator/curator-recipes/4.2.0/curator-recipes-4.2.0.jar:/home/alex/.m2/repository/commons-daemon/commons-daemon/1.0.13/commons-daemon-1.0.13.jar:/home/alex/.m2/repository/dnsjava/dnsjava/2.1.7/dnsjava-2.1.7.jar:/home/alex/.m2/repository/org/apache/hadoop/hadoop-mapreduce-client-core/3.1.0/hadoop-mapreduce-client-core-3.1.0.jar:/home/alex/.m2/repository/org/apache/hadoop/hadoop-hdfs-client/3.1.0/hadoop-hdfs-client-3.1.0.jar:/home/alex/.m2/repository/com/squareup/okhttp/okhttp/2.7.5/okhttp-2.7.5.jar:/home/alex/.m2/repository/com/squareup/okio/okio/1.6.0/okio-1.6.0.jar:/home/alex/.m2/repository/com/google/inject/extensions/guice-servlet/4.0/guice-servlet-4.0.jar:/home/alex/.m2/repository/org/apache/hadoop/hadoop-mapreduce-client-common/3.1.0/hadoop-mapreduce-client-common-3.1.0.jar:/home/alex/.m2/repository/org/apache/hadoop/hadoop-hdfs/3.1.0/hadoop-hdfs-3.1.0.jar:/home/alex/.m2/repository/org/eclipse/jetty/jetty-util-ajax/9.3.19.v20170502/jetty-util-ajax-9.3.19.v20170502.jar:/home/alex/.m2/repository/org/fusesource/leveldbjni/leveldbjni-all/1.8/leveldbjni-all-1.8.jar:/home/alex/.m2/repository/org/apache/hadoop/hadoop-yarn-api/3.1.0/hadoop-yarn-api-3.1.0.jar:/home/alex/.m2/repository/javax/xml/bind/jaxb-api/2.2.11/jaxb-api-2.2.11.jar:/home/alex/.m2/repository/org/apache/hadoop/hadoop-yarn-common/3.1.0/hadoop-yarn-common-3.1.0.jar:/home/alex/.m2/repository/com/google/inject/guice/4.0/guice-4.0.jar:/home/alex/.m2/repository/aopalliance/aopalliance/1.0/aopalliance-1.0.jar:/home/alex/.m2/repository/com/sun/jersey/contribs/jersey-guice/1.19/jersey-guice-1.19.jar:/home/alex/.m2/repository/com/fasterxml/jackson/module/jackson-module-jaxb-annotations/2.12.0/jackson-module-jaxb-annotations-2.12.0.jar:/home/alex/.m2/repository/jakarta/xml/bind/jakarta.xml.bind-api/2.3.2/jakarta.xml.bind-api-2.3.2.jar:/home/alex/.m2/repository/jakarta/activation/jakarta.activation-api/1.2.1/jakarta.activation-api-1.2.1.jar:/home/alex/.m2/repository/org/apache/hadoop/hadoop-yarn-client/3.1.0/hadoop-yarn-client-3.1.0.jar:/home/alex/.m2/repository/org/apache/orc/orc-tools/1.6.9/orc-tools-1.6.9.jar:/home/alex/.m2/repository/com/opencsv/opencsv/3.9/opencsv-3.9.jar:/home/alex/.m2/repository/org/codehaus/jettison/jettison/1.1/jettison-1.1.jar:/home/alex/.m2/repository/org/threeten/threetenbp/1.3.5/threetenbp-1.3.5.jar:/home/alex/.m2/repository/org/apache/ivy/ivy/2.4.0/ivy-2.4.0.jar:/home/alex/.m2/repository/org/apache/thrift/libthrift/0.14.1/libthrift-0.14.1.jar:/home/alex/.m2/repository/org/apache/httpcomponents/httpcore/4.4.13/httpcore-4.4.13.jar:/home/alex/.m2/repository/org/apache/tomcat/embed/tomcat-embed-core/8.5.46/tomcat-embed-core-8.5.46.jar:/home/alex/.m2/repository/org/apache/tomcat/tomcat-annotations-api/8.5.46/tomcat-annotations-api-8.5.46.jar:/home/alex/.m2/repository/javax/annotation/javax.annotation-api/1.3.2/javax.annotation-api-1.3.2.jar:/home/alex/.m2/repository/org/apache/zookeeper/zookeeper/3.5.5/zookeeper-3.5.5.jar:/home/alex/.m2/repository/org/apache/zookeeper/zookeeper-jute/3.5.5/zookeeper-jute-3.5.5.jar:/home/alex/.m2/repository/org/apache/curator/curator-framework/4.2.0/curator-framework-4.2.0.jar:/home/alex/.m2/repository/org/apache/curator/curator-test/4.2.0/curator-test-4.2.0.jar:/home/alex/.m2/repository/org/apache/datasketches/datasketches-hive/1.1.0-incubating/datasketches-hive-1.1.0-incubating.jar:/home/alex/.m2/repository/org/apache/datasketches/datasketches-java/1.3.0-incubating/datasketches-java-1.3.0-incubating.jar:/home/alex/.m2/repository/org/apache/datasketches/datasketches-memory/1.2.0-incubating/datasketches-memory-1.2.0-incubating.jar:/home/alex/.m2/repository/org/slf4j/slf4j-simple/1.7.27/slf4j-simple-1.7.27.jar:/home/alex/.m2/repository/com/lmax/disruptor/3.3.7/disruptor-3.3.7.jar:/home/alex/.m2/repository/org/codehaus/groovy/groovy-all/2.4.11/groovy-all-2.4.11.jar:/home/alex/.m2/repository/org/jodd/jodd-util/6.0.0/jodd-util-6.0.0.jar:/home/alex/.m2/repository/com/fasterxml/jackson/core/jackson-annotations/2.12.0/jackson-annotations-2.12.0.jar:/home/alex/.m2/repository/com/fasterxml/jackson/core/jackson-core/2.12.0/jackson-core-2.12.0.jar:/home/alex/.m2/repository/com/fasterxml/jackson/core/jackson-databind/2.12.0/jackson-databind-2.12.0.jar:/home/alex/.m2/repository/com/fasterxml/jackson/dataformat/jackson-dataformat-yaml/2.12.0/jackson-dataformat-yaml-2.12.0.jar:/home/alex/.m2/repository/org/yaml/snakeyaml/1.27/snakeyaml-1.27.jar:/home/alex/.m2/repository/org/datanucleus/datanucleus-core/5.2.4/datanucleus-core-5.2.4.jar:/home/alex/.m2/repository/org/apache/calcite/calcite-core/1.25.0/calcite-core-1.25.0.jar:/home/alex/.m2/repository/org/apache/calcite/calcite-linq4j/1.25.0/calcite-linq4j-1.25.0.jar:/home/alex/.m2/repository/org/apiguardian/apiguardian-api/1.1.0/apiguardian-api-1.1.0.jar:/home/alex/.m2/repository/com/esri/geometry/esri-geometry-api/2.2.0/esri-geometry-api-2.2.0.jar:/home/alex/.m2/repository/com/yahoo/datasketches/sketches-core/0.9.0/sketches-core-0.9.0.jar:/home/alex/.m2/repository/com/yahoo/datasketches/memory/0.9.0/memory-0.9.0.jar:/home/alex/.m2/repository/org/apache/commons/commons-dbcp2/2.7.0/commons-dbcp2-2.7.0.jar:/home/alex/.m2/repository/org/apache/commons/commons-pool2/2.7.0/commons-pool2-2.7.0.jar:/home/alex/.m2/repository/org/apache/calcite/calcite-druid/1.25.0/calcite-druid-1.25.0.jar:/home/alex/.m2/repository/org/apache/calcite/avatica/avatica/1.12.0/avatica-1.12.0.jar:/home/alex/.m2/repository/com/google/guava/guava/19.0/guava-19.0.jar:/home/alex/.m2/repository/com/googlecode/javaewah/JavaEWAH/0.3.2/JavaEWAH-0.3.2.jar:/home/alex/.m2/repository/com/google/code/gson/gson/2.2.4/gson-2.2.4.jar:/home/alex/.m2/repository/com/tdunning/json/1.8/json-1.8.jar:/home/alex/.m2/repository/stax/stax-api/1.0.1/stax-api-1.0.1.jar:/home/alex/.m2/repository/net/sf/opencsv/opencsv/2.3/opencsv-2.3.jar:/home/alex/Repositories/hive/standalone-metastore/metastore-server/target/classes:/home/alex/.m2/repository/com/zaxxer/HikariCP/2.6.1/HikariCP-2.6.1.jar:/home/alex/.m2/repository/commons-beanutils/commons-beanutils/1.9.4/commons-beanutils-1.9.4.jar:/home/alex/.m2/repository/org/datanucleus/datanucleus-api-jdo/5.2.4/datanucleus-api-jdo-5.2.4.jar:/home/alex/.m2/repository/org/datanucleus/datanucleus-rdbms/5.2.4/datanucleus-rdbms-5.2.4.jar:/home/alex/.m2/repository/org/datanucleus/javax.jdo/3.2.0-release/javax.jdo-3.2.0-release.jar:/home/alex/.m2/repository/javax/transaction/javax.transaction-api/1.3/javax.transaction-api-1.3.jar:/home/alex/.m2/repository/org/glassfish/corba/glassfish-corba-omgapi/4.2.2/glassfish-corba-omgapi-4.2.2.jar:/home/alex/.m2/repository/sqlline/sqlline/1.9.0/sqlline-1.9.0.jar:/home/alex/.m2/repository/org/jline/jline-terminal/3.12.1/jline-terminal-3.12.1.jar:/home/alex/.m2/repository/org/jline/jline-reader/3.12.1/jline-reader-3.12.1.jar:/home/alex/.m2/repository/org/jline/jline-terminal-jansi/3.12.1/jline-terminal-jansi-3.12.1.jar:/home/alex/.m2/repository/org/fusesource/jansi/jansi/1.18/jansi-1.18.jar:/home/alex/.m2/repository/org/jline/jline-terminal-jna/3.12.1/jline-terminal-jna-3.12.1.jar:/home/alex/.m2/repository/net/java/dev/jna/jna/5.3.1/jna-5.3.1.jar:/home/alex/.m2/repository/org/jline/jline-builtins/3.12.1/jline-builtins-3.12.1.jar:/home/alex/.m2/repository/org/jline/jline-style/3.12.1/jline-style-3.12.1.jar:/home/alex/.m2/repository/com/cronutils/cron-utils/9.1.3/cron-utils-9.1.3.jar:/home/alex/.m2/repository/org/glassfish/javax.el/3.0.0/javax.el-3.0.0.jar:/home/alex/.m2/repository/com/oracle/database/jdbc/ojdbc8/21.3.0.0/ojdbc8-21.3.0.0.jar:/home/alex/.m2/repository/mysql/mysql-connector-java/8.0.27/mysql-connector-java-8.0.27.jar:/home/alex/.m2/repository/com/microsoft/sqlserver/mssql-jdbc/6.2.1.jre8/mssql-jdbc-6.2.1.jre8.jar:/home/alex/.m2/repository/org/postgresql/postgresql/42.2.14/postgresql-42.2.14.jar:/home/alex/Repositories/hive/common/target/test-classes:/home/alex/Repositories/hive/standalone-metastore/metastore-common/target/test-classes:/home/alex/.m2/repository/com/github/ben-manes/caffeine/caffeine/2.8.4/caffeine-2.8.4.jar:/home/alex/.m2/repository/org/checkerframework/checker-qual/3.4.0/checker-qual-3.4.0.jar:/home/alex/Repositories/hive/standalone-metastore/metastore-server/target/test-classes:/home/alex/.m2/repository/org/apache/parquet/parquet-column/1.11.1/parquet-column-1.11.1-tests.jar:/home/alex/.m2/repository/org/apache/parquet/parquet-common/1.11.1/parquet-common-1.11.1.jar:/home/alex/.m2/repository/org/apache/parquet/parquet-format-structures/1.11.1/parquet-format-structures-1.11.1.jar:/home/alex/.m2/repository/org/apache/parquet/parquet-encoding/1.11.1/parquet-encoding-1.11.1.jar:/home/alex/.m2/repository/junit/junit/4.13/junit-4.13.jar:/home/alex/.m2/repository/org/hamcrest/hamcrest-core/1.3/hamcrest-core-1.3.jar:/home/alex/.m2/repository/org/junit/jupiter/junit-jupiter-engine/5.6.2/junit-jupiter-engine-5.6.2.jar:/home/alex/.m2/repository/org/junit/platform/junit-platform-engine/1.6.2/junit-platform-engine-1.6.2.jar:/home/alex/.m2/repository/org/opentest4j/opentest4j/1.2.0/opentest4j-1.2.0.jar:/home/alex/.m2/repository/org/junit/platform/junit-platform-commons/1.6.2/junit-platform-commons-1.6.2.jar:/home/alex/.m2/repository/org/junit/jupiter/junit-jupiter-api/5.6.2/junit-jupiter-api-5.6.2.jar:/home/alex/.m2/repository/org/junit/jupiter/junit-jupiter-params/5.6.2/junit-jupiter-params-5.6.2.jar:/home/alex/.m2/repository/org/junit/vintage/junit-vintage-engine/5.6.2/junit-vintage-engine-5.6.2.jar:/home/alex/.m2/repository/org/apache/tez/tez-api/0.10.1/tez-api-0.10.1.jar:/usr/lib/jvm/java-8-openjdk-amd64/jre/../lib/tools.jar:/home/alex/.m2/repository/org/apache/tez/tez-runtime-library/0.10.1/tez-runtime-library-0.10.1.jar:/home/alex/.m2/repository/org/roaringbitmap/RoaringBitmap/0.5.21/RoaringBitmap-0.5.21.jar:/home/alex/.m2/repository/org/asynchttpclient/async-http-client/2.12.1/async-http-client-2.12.1.jar:/home/alex/.m2/repository/org/asynchttpclient/async-http-client-netty-utils/2.12.1/async-http-client-netty-utils-2.12.1.jar:/home/alex/.m2/repository/io/netty/netty-buffer/4.1.48.Final/netty-buffer-4.1.48.Final.jar:/home/alex/.m2/repository/io/netty/netty-codec-http/4.1.48.Final/netty-codec-http-4.1.48.Final.jar:/home/alex/.m2/repository/io/netty/netty-common/4.1.48.Final/netty-common-4.1.48.Final.jar:/home/alex/.m2/repository/io/netty/netty-transport/4.1.48.Final/netty-transport-4.1.48.Final.jar:/home/alex/.m2/repository/io/netty/netty-codec/4.1.48.Final/netty-codec-4.1.48.Final.jar:/home/alex/.m2/repository/io/netty/netty-handler/4.1.48.Final/netty-handler-4.1.48.Final.jar:/home/alex/.m2/repository/io/netty/netty-resolver/4.1.48.Final/netty-resolver-4.1.48.Final.jar:/home/alex/.m2/repository/io/netty/netty-codec-socks/4.1.48.Final/netty-codec-socks-4.1.48.Final.jar:/home/alex/.m2/repository/io/netty/netty-handler-proxy/4.1.48.Final/netty-handler-proxy-4.1.48.Final.jar:/home/alex/.m2/repository/io/netty/netty-transport-native-epoll/4.1.48.Final/netty-transport-native-epoll-4.1.48.Final-linux-x86_64.jar:/home/alex/.m2/repository/io/netty/netty-transport-native-unix-common/4.1.48.Final/netty-transport-native-unix-common-4.1.48.Final.jar:/home/alex/.m2/repository/io/netty/netty-transport-native-kqueue/4.1.48.Final/netty-transport-native-kqueue-4.1.48.Final-osx-x86_64.jar:/home/alex/.m2/repository/org/reactivestreams/reactive-streams/1.0.3/reactive-streams-1.0.3.jar:/home/alex/.m2/repository/com/typesafe/netty/netty-reactive-streams/2.0.4/netty-reactive-streams-2.0.4.jar:/home/alex/.m2/repository/com/sun/activation/javax.activation/1.2.0/javax.activation-1.2.0.jar:/home/alex/.m2/repository/org/apache/tez/tez-common/0.10.1/tez-common-0.10.1.jar:/home/alex/.m2/repository/org/apache/tez/tez-runtime-internals/0.10.1/tez-runtime-internals-0.10.1.jar:/home/alex/.m2/repository/org/apache/tez/hadoop-shim/0.10.1/hadoop-shim-0.10.1.jar:/home/alex/.m2/repository/org/apache/tez/tez-mapreduce/0.10.1/tez-mapreduce-0.10.1.jar:/home/alex/.m2/repository/org/apache/tez/tez-dag/0.10.1/tez-dag-0.10.1.jar:/home/alex/.m2/repository/org/apache/hadoop/hadoop-yarn-server-web-proxy/3.1.0/hadoop-yarn-server-web-proxy-3.1.0.jar:/home/alex/.m2/repository/org/apache/hadoop/hadoop-yarn-server-common/3.1.0/hadoop-yarn-server-common-3.1.0.jar:/home/alex/.m2/repository/org/apache/geronimo/specs/geronimo-jcache_1.0_spec/1.0-alpha-1/geronimo-jcache_1.0_spec-1.0-alpha-1.jar:/home/alex/.m2/repository/org/ehcache/ehcache/3.3.1/ehcache-3.3.1.jar:/home/alex/.m2/repository/com/zaxxer/HikariCP-java7/2.4.12/HikariCP-java7-2.4.12.jar:/home/alex/.m2/repository/org/apache/spark/spark-core_2.12/2.4.5/spark-core_2.12-2.4.5.jar:/home/alex/.m2/repository/com/twitter/chill_2.12/0.9.3/chill_2.12-0.9.3.jar:/home/alex/.m2/repository/com/twitter/chill-java/0.9.3/chill-java-0.9.3.jar:/home/alex/.m2/repository/org/apache/xbean/xbean-asm6-shaded/4.8/xbean-asm6-shaded-4.8.jar:/home/alex/.m2/repository/org/apache/hadoop/hadoop-client/3.1.0/hadoop-client-3.1.0.jar:/home/alex/.m2/repository/org/apache/hadoop/hadoop-mapreduce-client-jobclient/3.1.0/hadoop-mapreduce-client-jobclient-3.1.0.jar:/home/alex/.m2/repository/org/apache/spark/spark-launcher_2.12/2.4.5/spark-launcher_2.12-2.4.5.jar:/home/alex/.m2/repository/org/apache/spark/spark-kvstore_2.12/2.4.5/spark-kvstore_2.12-2.4.5.jar:/home/alex/.m2/repository/org/apache/spark/spark-network-common_2.12/2.4.5/spark-network-common_2.12-2.4.5.jar:/home/alex/.m2/repository/org/apache/spark/spark-network-shuffle_2.12/2.4.5/spark-network-shuffle_2.12-2.4.5.jar:/home/alex/.m2/repository/org/apache/spark/spark-unsafe_2.12/2.4.5/spark-unsafe_2.12-2.4.5.jar:/home/alex/.m2/repository/javax/activation/activation/1.1.1/activation-1.1.1.jar:/home/alex/.m2/repository/org/slf4j/jul-to-slf4j/1.7.16/jul-to-slf4j-1.7.16.jar:/home/alex/.m2/repository/org/slf4j/jcl-over-slf4j/1.7.16/jcl-over-slf4j-1.7.16.jar:/home/alex/.m2/repository/com/ning/compress-lzf/1.0.3/compress-lzf-1.0.3.jar:/home/alex/.m2/repository/org/lz4/lz4-java/1.4.0/lz4-java-1.4.0.jar:/home/alex/.m2/repository/com/github/luben/zstd-jni/1.3.2-2/zstd-jni-1.3.2-2.jar:/home/alex/.m2/repository/org/scala-lang/scala-library/2.12.10/scala-library-2.12.10.jar:/home/alex/.m2/repository/org/json4s/json4s-jackson_2.12/3.5.3/json4s-jackson_2.12-3.5.3.jar:/home/alex/.m2/repository/org/json4s/json4s-core_2.12/3.5.3/json4s-core_2.12-3.5.3.jar:/home/alex/.m2/repository/org/json4s/json4s-ast_2.12/3.5.3/json4s-ast_2.12-3.5.3.jar:/home/alex/.m2/repository/org/json4s/json4s-scalap_2.12/3.5.3/json4s-scalap_2.12-3.5.3.jar:/home/alex/.m2/repository/org/scala-lang/modules/scala-xml_2.12/1.0.6/scala-xml_2.12-1.0.6.jar:/home/alex/.m2/repository/com/clearspring/analytics/stream/2.7.0/stream-2.7.0.jar:/home/alex/.m2/repository/io/dropwizard/metrics/metrics-graphite/3.1.5/metrics-graphite-3.1.5.jar:/home/alex/.m2/repository/oro/oro/2.0.8/oro-2.0.8.jar:/home/alex/.m2/repository/net/razorvine/pyrolite/4.13/pyrolite-4.13.jar:/home/alex/.m2/repository/net/sf/py4j/py4j/0.10.7/py4j-0.10.7.jar:/home/alex/.m2/repository/org/apache/spark/spark-tags_2.12/2.4.5/spark-tags_2.12-2.4.5.jar:/home/alex/.m2/repository/org/spark-project/spark/unused/1.0.0/unused-1.0.0.jar:/home/alex/.m2/repository/com/sun/jersey/jersey-servlet/1.19/jersey-servlet-1.19.jar:/home/alex/.m2/repository/org/glassfish/jersey/core/jersey-server/2.22.2/jersey-server-2.22.2.jar:/home/alex/.m2/repository/org/glassfish/jersey/core/jersey-common/2.22.2/jersey-common-2.22.2.jar:/home/alex/.m2/repository/org/glassfish/jersey/bundles/repackaged/jersey-guava/2.22.2/jersey-guava-2.22.2.jar:/home/alex/.m2/repository/org/glassfish/hk2/osgi-resource-locator/1.0.1/osgi-resource-locator-1.0.1.jar:/home/alex/.m2/repository/org/glassfish/jersey/core/jersey-client/2.22.2/jersey-client-2.22.2.jar:/home/alex/.m2/repository/javax/ws/rs/javax.ws.rs-api/2.0.1/javax.ws.rs-api-2.0.1.jar:/home/alex/.m2/repository/org/glassfish/jersey/media/jersey-media-jaxb/2.22.2/jersey-media-jaxb-2.22.2.jar:/home/alex/.m2/repository/org/glassfish/hk2/hk2-api/2.4.0-b34/hk2-api-2.4.0-b34.jar:/home/alex/.m2/repository/org/glassfish/hk2/hk2-utils/2.4.0-b34/hk2-utils-2.4.0-b34.jar:/home/alex/.m2/repository/org/glassfish/hk2/external/aopalliance-repackaged/2.4.0-b34/aopalliance-repackaged-2.4.0-b34.jar:/home/alex/.m2/repository/org/glassfish/hk2/external/javax.inject/2.4.0-b34/javax.inject-2.4.0-b34.jar:/home/alex/.m2/repository/org/glassfish/hk2/hk2-locator/2.4.0-b34/hk2-locator-2.4.0-b34.jar:/home/alex/.m2/repository/javax/validation/validation-api/1.1.0.Final/validation-api-1.1.0.Final.jar:/home/alex/.m2/repository/org/glassfish/jersey/containers/jersey-container-servlet-core/2.22.2/jersey-container-servlet-core-2.22.2.jar:/home/alex/.m2/repository/org/hamcrest/hamcrest-all/1.3/hamcrest-all-1.3.jar:/home/alex/.m2/repository/org/powermock/powermock-module-junit4/2.0.2/powermock-module-junit4-2.0.2.jar:/home/alex/.m2/repository/org/powermock/powermock-module-junit4-common/2.0.2/powermock-module-junit4-common-2.0.2.jar:/home/alex/.m2/repository/org/powermock/powermock-reflect/2.0.2/powermock-reflect-2.0.2.jar:/home/alex/.m2/repository/org/powermock/powermock-core/2.0.2/powermock-core-2.0.2.jar:/home/alex/.m2/repository/org/powermock/powermock-api-mockito2/2.0.2/powermock-api-mockito2-2.0.2.jar:/home/alex/.m2/repository/org/powermock/powermock-api-support/2.0.2/powermock-api-support-2.0.2.jar:/home/alex/.m2/repository/com/google/guava/guava-testlib/19.0/guava-testlib-19.0.jar:/home/alex/.m2/repository/com/google/errorprone/error_prone_annotations/2.0.2/error_prone_annotations-2.0.2.jar:/home/alex/.m2/repository/com/google/re2j/re2j/1.2/re2j-1.2.jar:/home/alex/.m2/repository/org/reflections/reflections/0.9.10/reflections-0.9.10.jar:/home/alex/.m2/repository/org/javassist/javassist/3.19.0-GA/javassist-3.19.0-GA.jar:/home/alex/.m2/repository/com/jayway/jsonpath/json-path/2.4.0/json-path-2.4.0.jar:/home/alex/.m2/repository/net/minidev/json-smart/2.3/json-smart-2.3.jar:/home/alex/.m2/repository/net/minidev/accessors-smart/1.2/accessors-smart-1.2.jar:/home/alex/.m2/repository/org/ow2/asm/asm/5.0.4/asm-5.0.4.jar:/home/alex/.m2/repository/org/codehaus/janino/commons-compiler/3.0.11/commons-compiler-3.0.11.jar:/home/alex/.m2/repository/org/codehaus/janino/janino/3.0.11/janino-3.0.11.jar:/home/alex/.m2/repository/com/sun/jersey/contribs/jersey-multipart/1.19/jersey-multipart-1.19.jar:/home/alex/.m2/repository/org/jvnet/mimepull/mimepull/1.9.3/mimepull-1.9.3.jar:/home/alex/.m2/repository/org/apache/kafka/kafka-clients/2.5.0/kafka-clients-2.5.0.jar:/home/alex/.m2/repository/org/slf4j/slf4j-api/1.7.30/slf4j-api-1.7.30.jar:/home/alex/.m2/repository/org/mockito/mockito-core/3.4.4/mockito-core-3.4.4.jar:/home/alex/.m2/repository/net/bytebuddy/byte-buddy/1.10.13/byte-buddy-1.10.13.jar:/home/alex/.m2/repository/net/bytebuddy/byte-buddy-agent/1.10.13/byte-buddy-agent-1.10.13.jar:/home/alex/Repositories/hive/ql/target/testconf:/home/alex/Repositories/hive/ql/../conf:"/>
    <property name="sun.cpu.endian" value="little"/>
    <property name="user.home" value="/home/alex"/>
    <property name="user.language" value="en"/>
    <property name="java.security.krb5.conf" value="/home/alex/Repositories/hive/ql/target/testconf/krb5.conf"/>
    <property name="test.dfs.mkdir" value=""/>
    <property name="java.awt.graphicsenv" value="sun.awt.X11GraphicsEnvironment"/>
    <property name="nondexFilter" value=".*"/>
    <property name="nondexSeed" value="974622"/>
    <property name="surefire.real.class.path" value="/home/alex/Repositories/hive/ql/target/surefire/surefirebooter7791114984471455201.jar"/>
    <property name="hadoop.log.dir" value="/home/alex/Repositories/hive/ql/target/tmp"/>
    <property name="java.net.preferIPv4Stack" value="true"/>
    <property name="path.separator" value=":"/>
    <property name="os.version" value="6.5.0-28-generic"/>
    <property name="java.endorsed.dirs" value="/usr/lib/jvm/java-8-openjdk-amd64/jre/lib/endorsed"/>
    <property name="java.runtime.name" value="OpenJDK Runtime Environment"/>
    <property name="hive.test.console.log.level" value="INFO"/>
    <property name="java.vm.name" value="OpenJDK 64-Bit Server VM"/>
    <property name="java.vendor.url.bug" value="http://bugreport.sun.com/bugreport/"/>
    <property name="maven.local.repository" value="/home/alex/.m2/repository"/>
    <property name="user.dir" value="/home/alex/Repositories/hive/ql"/>
    <property name="os.arch" value="amd64"/>
    <property name="nondexMode" value="FULL"/>
    <property name="user.language.format" value="pt"/>
    <property name="antlr.version" value="3.5.2"/>
    <property name="derby.version" value="10.14.1.0"/>
    <property name="java.vm.info" value="mixed mode"/>
    <property name="java.vm.version" value="25.402-b06"/>
    <property name="java.ext.dirs" value="/usr/lib/jvm/java-8-openjdk-amd64/jre/lib/ext:/usr/java/packages/lib/ext"/>
    <property name="test.output.overwrite" value=""/>
    <property name="java.class.version" value="52.0"/>
    <property name="hive.root" value="/home/alex/Repositories/hive/ql/../"/>
  </properties>
  <testcase name="testUpgrade" classname="org.apache.hadoop.hive.ql.util.TestHiveStrictManagedMigration" time="18.803">
    <failure type="java.lang.AssertionError"><![CDATA[java.lang.AssertionError
	at org.junit.Assert.fail(Assert.java:87)
	at org.junit.Assert.assertTrue(Assert.java:42)
	at org.junit.Assert.assertTrue(Assert.java:53)
	at org.apache.hadoop.hive.ql.util.TestHiveStrictManagedMigration.testUpgrade(TestHiveStrictManagedMigration.java:92)
	at sun.reflect.NativeMethodAccessorImpl.invoke0(Native Method)
	at sun.reflect.NativeMethodAccessorImpl.invoke(NativeMethodAccessorImpl.java:62)
	at sun.reflect.DelegatingMethodAccessorImpl.invoke(DelegatingMethodAccessorImpl.java:43)
	at java.lang.reflect.Method.invoke(Method.java:498)
	at org.junit.runners.model.FrameworkMethod$1.runReflectiveCall(FrameworkMethod.java:59)
	at org.junit.internal.runners.model.ReflectiveCallable.run(ReflectiveCallable.java:12)
	at org.junit.runners.model.FrameworkMethod.invokeExplosively(FrameworkMethod.java:56)
	at org.junit.internal.runners.statements.InvokeMethod.evaluate(InvokeMethod.java:17)
	at org.junit.internal.runners.statements.RunBefores.evaluate(RunBefores.java:26)
	at org.junit.internal.runners.statements.RunAfters.evaluate(RunAfters.java:27)
	at org.junit.rules.TestWatcher$1.evaluate(TestWatcher.java:61)
	at org.junit.runners.ParentRunner$3.evaluate(ParentRunner.java:306)
	at org.junit.runners.BlockJUnit4ClassRunner$1.evaluate(BlockJUnit4ClassRunner.java:100)
	at org.junit.runners.ParentRunner.runLeaf(ParentRunner.java:366)
	at org.junit.runners.BlockJUnit4ClassRunner.runChild(BlockJUnit4ClassRunner.java:103)
	at org.junit.runners.BlockJUnit4ClassRunner.runChild(BlockJUnit4ClassRunner.java:63)
	at org.junit.runners.ParentRunner$4.run(ParentRunner.java:331)
	at org.junit.runners.ParentRunner$1.schedule(ParentRunner.java:79)
	at org.junit.runners.ParentRunner.runChildren(ParentRunner.java:329)
	at org.junit.runners.ParentRunner.access$100(ParentRunner.java:66)
	at org.junit.runners.ParentRunner$2.evaluate(ParentRunner.java:293)
	at org.junit.runners.ParentRunner$3.evaluate(ParentRunner.java:306)
	at org.junit.runners.ParentRunner.run(ParentRunner.java:413)
	at org.junit.runner.JUnitCore.run(JUnitCore.java:137)
	at org.junit.runner.JUnitCore.run(JUnitCore.java:115)
	at org.junit.vintage.engine.execution.RunnerExecutor.execute(RunnerExecutor.java:43)
	at java.util.stream.ForEachOps$ForEachOp$OfRef.accept(ForEachOps.java:183)
	at java.util.stream.ReferencePipeline$3$1.accept(ReferencePipeline.java:193)
	at java.util.Iterator.forEachRemaining(Iterator.java:116)
	at java.util.Spliterators$IteratorSpliterator.forEachRemaining(Spliterators.java:1801)
	at java.util.stream.AbstractPipeline.copyInto(AbstractPipeline.java:482)
	at java.util.stream.AbstractPipeline.wrapAndCopyInto(AbstractPipeline.java:472)
	at java.util.stream.ForEachOps$ForEachOp.evaluateSequential(ForEachOps.java:150)
	at java.util.stream.ForEachOps$ForEachOp$OfRef.evaluateSequential(ForEachOps.java:173)
	at java.util.stream.AbstractPipeline.evaluate(AbstractPipeline.java:234)
	at java.util.stream.ReferencePipeline.forEach(ReferencePipeline.java:485)
	at org.junit.vintage.engine.VintageTestEngine.executeAllChildren(VintageTestEngine.java:82)
	at org.junit.vintage.engine.VintageTestEngine.execute(VintageTestEngine.java:73)
	at org.junit.platform.launcher.core.DefaultLauncher.execute(DefaultLauncher.java:248)
	at org.junit.platform.launcher.core.DefaultLauncher.lambda$execute$5(DefaultLauncher.java:211)
	at org.junit.platform.launcher.core.DefaultLauncher.withInterceptedStreams(DefaultLauncher.java:226)
	at org.junit.platform.launcher.core.DefaultLauncher.execute(DefaultLauncher.java:199)
	at org.junit.platform.launcher.core.DefaultLauncher.execute(DefaultLauncher.java:132)
	at org.apache.maven.surefire.junitplatform.JUnitPlatformProvider.invokeAllTests(JUnitPlatformProvider.java:154)
	at org.apache.maven.surefire.junitplatform.JUnitPlatformProvider.invoke(JUnitPlatformProvider.java:123)
	at org.apache.maven.surefire.booter.ForkedBooter.runSuitesInProcess(ForkedBooter.java:377)
	at org.apache.maven.surefire.booter.ForkedBooter.execute(ForkedBooter.java:138)
	at org.apache.maven.surefire.booter.ForkedBooter.run(ForkedBooter.java:465)
	at org.apache.maven.surefire.booter.ForkedBooter.main(ForkedBooter.java:451)
]]></failure>
    <system-out><![CDATA[log4j: Trying to find [log4j.xml] using context classloader org.apache.hadoop.hive.ql.exec.UDFClassLoader@2b9f74d0.
log4j: Trying to find [log4j.xml] using sun.misc.Launcher$AppClassLoader@330bedb4 class loader.
log4j: Trying to find [log4j.xml] using ClassLoader.getSystemResource().
log4j: Trying to find [log4j.properties] using context classloader org.apache.hadoop.hive.ql.exec.UDFClassLoader@2b9f74d0.
log4j: Trying to find [log4j.properties] using sun.misc.Launcher$AppClassLoader@330bedb4 class loader.
log4j: Trying to find [log4j.properties] using ClassLoader.getSystemResource().
log4j: Could not find resource: [null].
]]></system-out>
    <system-err><![CDATA[SLF4J: Class path contains multiple SLF4J bindings.
SLF4J: Found binding in [jar:file:/home/alex/.m2/repository/org/apache/logging/log4j/log4j-slf4j-impl/2.13.2/log4j-slf4j-impl-2.13.2.jar!/org/slf4j/impl/StaticLoggerBinder.class]
SLF4J: Found binding in [jar:file:/home/alex/.m2/repository/org/slf4j/slf4j-simple/1.7.27/slf4j-simple-1.7.27.jar!/org/slf4j/impl/StaticLoggerBinder.class]
SLF4J: See http://www.slf4j.org/codes.html#multiple_bindings for an explanation.
SLF4J: Actual binding is of type [org.apache.logging.slf4j.Log4jLoggerFactory]
DEBUG StatusLogger Using ShutdownCallbackRegistry class org.apache.logging.log4j.core.util.DefaultShutdownCallbackRegistry
DEBUG StatusLogger Took 0,125286 seconds to load 250 plugins from sun.misc.Launcher$AppClassLoader@330bedb4
DEBUG StatusLogger PluginManager 'Converter' found 46 plugins
DEBUG StatusLogger Starting OutputStreamManager SYSTEM_OUT.false.false-1
DEBUG StatusLogger Starting LoggerContext[name=330bedb4, org.apache.logging.log4j.core.LoggerContext@609e8838]...
DEBUG StatusLogger Reconfiguration started for context[name=330bedb4] at URI null (org.apache.logging.log4j.core.LoggerContext@609e8838) with optional ClassLoader: null
DEBUG StatusLogger PluginManager 'ConfigurationFactory' found 6 plugins
DEBUG StatusLogger Using configurationFactory org.apache.logging.log4j.core.config.ConfigurationFactory$Factory@2de56eb2
DEBUG StatusLogger Apache Log4j Core 2.13.2 initializing configuration org.apache.logging.log4j.core.config.properties.PropertiesConfiguration@2657d4dd
DEBUG StatusLogger Installed 2 script engines
DEBUG StatusLogger Oracle Nashorn version: 1.8.0_402, language: ECMAScript, threading: Not Thread Safe, compile: true, names: [nashorn, Nashorn, js, JS, JavaScript, javascript, ECMAScript, ecmascript], factory class: jdk.nashorn.api.scripting.NashornScriptEngineFactory
DEBUG StatusLogger Groovy Scripting Engine version: 2.0, language: Groovy, threading: MULTITHREADED, compile: true, names: [groovy, Groovy], factory class: org.codehaus.groovy.jsr223.GroovyScriptEngineFactory
INFO StatusLogger Scanning for classes in '/home/alex/Repositories/hive/ql/target/test-classes/org/apache/hadoop/hive/ql/log' matching criteria annotated with @Plugin
DEBUG StatusLogger Checking to see if class org.apache.hadoop.hive.ql.log.TestSlidingFilenameRolloverStrategy matches criteria annotated with @Plugin
DEBUG StatusLogger Checking to see if class org.apache.hadoop.hive.ql.log.TestLog4j2Appenders matches criteria annotated with @Plugin
DEBUG StatusLogger Checking to see if class org.apache.hadoop.hive.ql.log.TestSyslogInputFormat matches criteria annotated with @Plugin
INFO StatusLogger Scanning for classes in '/home/alex/Repositories/hive/ql/target/classes/org/apache/hadoop/hive/ql/log' matching criteria annotated with @Plugin
DEBUG StatusLogger Checking to see if class org.apache.hadoop.hive.ql.log.HushableRandomAccessFileAppender$1 matches criteria annotated with @Plugin
DEBUG StatusLogger Checking to see if class org.apache.hadoop.hive.ql.log.SlidingFilenameRolloverStrategy$1 matches criteria annotated with @Plugin
DEBUG StatusLogger Checking to see if class org.apache.hadoop.hive.ql.log.HiveEventCounter$1 matches criteria annotated with @Plugin
DEBUG StatusLogger Checking to see if class org.apache.hadoop.hive.ql.log.LogDivertAppender$NameFilter matches criteria annotated with @Plugin
DEBUG StatusLogger Checking to see if class org.apache.hadoop.hive.ql.log.LogDivertAppenderForTest matches criteria annotated with @Plugin
DEBUG StatusLogger Checking to see if class org.apache.hadoop.hive.ql.log.LogDivertAppenderForTest$TestFilter matches criteria annotated with @Plugin
DEBUG StatusLogger Checking to see if class org.apache.hadoop.hive.ql.log.HiveEventCounter$EventCounts matches criteria annotated with @Plugin
DEBUG StatusLogger Checking to see if class org.apache.hadoop.hive.ql.log.NullAppender matches criteria annotated with @Plugin
DEBUG StatusLogger Checking to see if class org.apache.hadoop.hive.ql.log.LogDivertAppender matches criteria annotated with @Plugin
DEBUG StatusLogger Checking to see if class org.apache.hadoop.hive.ql.log.SlidingFilenameRolloverStrategy matches criteria annotated with @Plugin
DEBUG StatusLogger Checking to see if class org.apache.hadoop.hive.ql.log.PidFilePatternConverter matches criteria annotated with @Plugin
DEBUG StatusLogger Checking to see if class org.apache.hadoop.hive.ql.log.HiveEventCounter matches criteria annotated with @Plugin
DEBUG StatusLogger Checking to see if class org.apache.hadoop.hive.ql.log.syslog.SyslogInputFormat matches criteria annotated with @Plugin
DEBUG StatusLogger Checking to see if class org.apache.hadoop.hive.ql.log.syslog.SyslogParser matches criteria annotated with @Plugin
DEBUG StatusLogger Checking to see if class org.apache.hadoop.hive.ql.log.syslog.SyslogSerDe matches criteria annotated with @Plugin
DEBUG StatusLogger Checking to see if class org.apache.hadoop.hive.ql.log.syslog.SyslogInputFormat$Location matches criteria annotated with @Plugin
DEBUG StatusLogger Checking to see if class org.apache.hadoop.hive.ql.log.syslog.SyslogStorageHandler matches criteria annotated with @Plugin
DEBUG StatusLogger Checking to see if class org.apache.hadoop.hive.ql.log.HushableRandomAccessFileAppender matches criteria annotated with @Plugin
INFO StatusLogger Scanning for classes in '/home/alex/Repositories/hive/common/target/classes/org/apache/hadoop/hive/ql/log' matching criteria annotated with @Plugin
DEBUG StatusLogger Checking to see if class org.apache.hadoop.hive.ql.log.PerfLogger matches criteria annotated with @Plugin
DEBUG StatusLogger Took 0,026958 seconds to load 7 plugins from package org.apache.hadoop.hive.ql.log
DEBUG StatusLogger PluginManager 'Core' found 132 plugins
DEBUG StatusLogger PluginManager 'Level' found 0 plugins
DEBUG StatusLogger Building Plugin[name=property, class=org.apache.logging.log4j.core.config.Property].
TRACE StatusLogger TypeConverterRegistry initializing.
DEBUG StatusLogger PluginManager 'TypeConverter' found 26 plugins
DEBUG StatusLogger createProperty(name="hive.log.file", value="hive.log")
DEBUG StatusLogger Building Plugin[name=property, class=org.apache.logging.log4j.core.config.Property].
DEBUG StatusLogger createProperty(name="hive.log.dir", value="/home/alex/Repositories/hive/ql/target/tmp/log")
DEBUG StatusLogger Building Plugin[name=property, class=org.apache.logging.log4j.core.config.Property].
DEBUG StatusLogger createProperty(name="hive.root.logger", value="DRFA")
DEBUG StatusLogger Building Plugin[name=property, class=org.apache.logging.log4j.core.config.Property].
DEBUG StatusLogger createProperty(name="hive.log.level", value="DEBUG")
DEBUG StatusLogger Building Plugin[name=property, class=org.apache.logging.log4j.core.config.Property].
DEBUG StatusLogger createProperty(name="hive.test.console.log.level", value="INFO")
DEBUG StatusLogger Building Plugin[name=properties, class=org.apache.logging.log4j.core.config.PropertiesPlugin].
DEBUG StatusLogger configureSubstitutor(={hive.log.file=hive.log, hive.log.dir=/home/alex/Repositories/hive/ql/target/tmp/log, hive.root.logger=DRFA, hive.log.level=DEBUG, hive.test.console.log.level=INFO}, Configuration(HiveLog4j2Test))
DEBUG StatusLogger PluginManager 'Lookup' found 17 plugins
DEBUG StatusLogger Building Plugin[name=logger, class=org.apache.logging.log4j.core.config.LoggerConfig].
DEBUG StatusLogger createLogger(additivity="true", level="WARN", name="org.apache.hadoop.ipc", includeLocation="null", ={}, ={}, Configuration(HiveLog4j2Test), Filter=null)
DEBUG StatusLogger Building Plugin[name=logger, class=org.apache.logging.log4j.core.config.LoggerConfig].
DEBUG StatusLogger createLogger(additivity="true", level="INFO", name="org.apache.hadoop.security", includeLocation="null", ={}, ={}, Configuration(HiveLog4j2Test), Filter=null)
DEBUG StatusLogger Building Plugin[name=logger, class=org.apache.logging.log4j.core.config.LoggerConfig].
DEBUG StatusLogger createLogger(additivity="true", level="INFO", name="org.apache.hadoop.hdfs", includeLocation="null", ={}, ={}, Configuration(HiveLog4j2Test), Filter=null)
DEBUG StatusLogger Building Plugin[name=logger, class=org.apache.logging.log4j.core.config.LoggerConfig].
DEBUG StatusLogger createLogger(additivity="true", level="WARN", name="org.apache.hadoop.hdfs.server", includeLocation="null", ={}, ={}, Configuration(HiveLog4j2Test), Filter=null)
DEBUG StatusLogger Building Plugin[name=logger, class=org.apache.logging.log4j.core.config.LoggerConfig].
DEBUG StatusLogger createLogger(additivity="true", level="INFO", name="org.apache.hadoop.metrics2", includeLocation="null", ={}, ={}, Configuration(HiveLog4j2Test), Filter=null)
DEBUG StatusLogger Building Plugin[name=logger, class=org.apache.logging.log4j.core.config.LoggerConfig].
DEBUG StatusLogger createLogger(additivity="true", level="INFO", name="org.mortbay", includeLocation="null", ={}, ={}, Configuration(HiveLog4j2Test), Filter=null)
DEBUG StatusLogger Building Plugin[name=logger, class=org.apache.logging.log4j.core.config.LoggerConfig].
DEBUG StatusLogger createLogger(additivity="true", level="INFO", name="org.apache.hadoop.yarn", includeLocation="null", ={}, ={}, Configuration(HiveLog4j2Test), Filter=null)
DEBUG StatusLogger Building Plugin[name=logger, class=org.apache.logging.log4j.core.config.LoggerConfig].
DEBUG StatusLogger createLogger(additivity="true", level="WARN", name="org.apache.hadoop.yarn.server", includeLocation="null", ={}, ={}, Configuration(HiveLog4j2Test), Filter=null)
DEBUG StatusLogger Building Plugin[name=logger, class=org.apache.logging.log4j.core.config.LoggerConfig].
DEBUG StatusLogger createLogger(additivity="true", level="INFO", name="org.apache.tez", includeLocation="null", ={}, ={}, Configuration(HiveLog4j2Test), Filter=null)
DEBUG StatusLogger Building Plugin[name=logger, class=org.apache.logging.log4j.core.config.LoggerConfig].
DEBUG StatusLogger createLogger(additivity="true", level="ERROR", name="org.apache.hadoop.conf.Configuration", includeLocation="null", ={}, ={}, Configuration(HiveLog4j2Test), Filter=null)
DEBUG StatusLogger Building Plugin[name=logger, class=org.apache.logging.log4j.core.config.LoggerConfig].
DEBUG StatusLogger createLogger(additivity="true", level="INFO", name="org.apache.zookeeper", includeLocation="null", ={}, ={}, Configuration(HiveLog4j2Test), Filter=null)
DEBUG StatusLogger Building Plugin[name=logger, class=org.apache.logging.log4j.core.config.LoggerConfig].
DEBUG StatusLogger createLogger(additivity="true", level="WARN", name="org.apache.zookeeper.server.ServerCnxn", includeLocation="null", ={}, ={}, Configuration(HiveLog4j2Test), Filter=null)
DEBUG StatusLogger Building Plugin[name=logger, class=org.apache.logging.log4j.core.config.LoggerConfig].
DEBUG StatusLogger createLogger(additivity="true", level="WARN", name="org.apache.zookeeper.server.NIOServerCnxn", includeLocation="null", ={}, ={}, Configuration(HiveLog4j2Test), Filter=null)
DEBUG StatusLogger Building Plugin[name=logger, class=org.apache.logging.log4j.core.config.LoggerConfig].
DEBUG StatusLogger createLogger(additivity="true", level="WARN", name="org.apache.zookeeper.ClientCnxn", includeLocation="null", ={}, ={}, Configuration(HiveLog4j2Test), Filter=null)
DEBUG StatusLogger Building Plugin[name=logger, class=org.apache.logging.log4j.core.config.LoggerConfig].
DEBUG StatusLogger createLogger(additivity="true", level="WARN", name="org.apache.zookeeper.ClientCnxnSocket", includeLocation="null", ={}, ={}, Configuration(HiveLog4j2Test), Filter=null)
DEBUG StatusLogger Building Plugin[name=logger, class=org.apache.logging.log4j.core.config.LoggerConfig].
DEBUG StatusLogger createLogger(additivity="true", level="WARN", name="org.apache.zookeeper.ClientCnxnSocketNIO", includeLocation="null", ={}, ={}, Configuration(HiveLog4j2Test), Filter=null)
DEBUG StatusLogger Building Plugin[name=logger, class=org.apache.logging.log4j.core.config.LoggerConfig].
DEBUG StatusLogger createLogger(additivity="true", level="ERROR", name="DataNucleus", includeLocation="null", ={}, ={}, Configuration(HiveLog4j2Test), Filter=null)
DEBUG StatusLogger Building Plugin[name=logger, class=org.apache.logging.log4j.core.config.LoggerConfig].
DEBUG StatusLogger createLogger(additivity="true", level="ERROR", name="Datastore", includeLocation="null", ={}, ={}, Configuration(HiveLog4j2Test), Filter=null)
DEBUG StatusLogger Building Plugin[name=logger, class=org.apache.logging.log4j.core.config.LoggerConfig].
DEBUG StatusLogger createLogger(additivity="true", level="ERROR", name="JPOX", includeLocation="null", ={}, ={}, Configuration(HiveLog4j2Test), Filter=null)
DEBUG StatusLogger Building Plugin[name=logger, class=org.apache.logging.log4j.core.config.LoggerConfig].
DEBUG StatusLogger createLogger(additivity="true", level="INFO", name="org.apache.hadoop.hive.ql.exec.Operator", includeLocation="null", ={}, ={}, Configuration(HiveLog4j2Test), Filter=null)
DEBUG StatusLogger Building Plugin[name=logger, class=org.apache.logging.log4j.core.config.LoggerConfig].
DEBUG StatusLogger createLogger(additivity="true", level="INFO", name="org.apache.hadoop.hive.serde2.lazy", includeLocation="null", ={}, ={}, Configuration(HiveLog4j2Test), Filter=null)
DEBUG StatusLogger Building Plugin[name=logger, class=org.apache.logging.log4j.core.config.LoggerConfig].
DEBUG StatusLogger createLogger(additivity="true", level="INFO", name="org.apache.hadoop.hive.metastore.ObjectStore", includeLocation="null", ={}, ={}, Configuration(HiveLog4j2Test), Filter=null)
DEBUG StatusLogger Building Plugin[name=logger, class=org.apache.logging.log4j.core.config.LoggerConfig].
DEBUG StatusLogger createLogger(additivity="true", level="INFO", name="org.apache.calcite.plan.RelOptPlanner", includeLocation="null", ={}, ={}, Configuration(HiveLog4j2Test), Filter=null)
DEBUG StatusLogger Building Plugin[name=logger, class=org.apache.logging.log4j.core.config.LoggerConfig].
DEBUG StatusLogger createLogger(additivity="true", level="INFO", name="com.amazonaws", includeLocation="null", ={}, ={}, Configuration(HiveLog4j2Test), Filter=null)
DEBUG StatusLogger Building Plugin[name=logger, class=org.apache.logging.log4j.core.config.LoggerConfig].
DEBUG StatusLogger createLogger(additivity="true", level="INFO", name="org.apache.http", includeLocation="null", ={}, ={}, Configuration(HiveLog4j2Test), Filter=null)
DEBUG StatusLogger Building Plugin[name=logger, class=org.apache.logging.log4j.core.config.LoggerConfig].
DEBUG StatusLogger createLogger(additivity="true", level="WARN", name="org.apache.thrift", includeLocation="null", ={}, ={}, Configuration(HiveLog4j2Test), Filter=null)
DEBUG StatusLogger Building Plugin[name=logger, class=org.apache.logging.log4j.core.config.LoggerConfig].
DEBUG StatusLogger createLogger(additivity="true", level="WARN", name="org.eclipse.jetty", includeLocation="null", ={}, ={}, Configuration(HiveLog4j2Test), Filter=null)
DEBUG StatusLogger Building Plugin[name=logger, class=org.apache.logging.log4j.core.config.LoggerConfig].
DEBUG StatusLogger createLogger(additivity="true", level="WARN", name="BlockStateChange", includeLocation="null", ={}, ={}, Configuration(HiveLog4j2Test), Filter=null)
DEBUG StatusLogger Building Plugin[name=logger, class=org.apache.logging.log4j.core.config.LoggerConfig].
DEBUG StatusLogger createLogger(additivity="true", level="DEBUG", name="org.apache.hadoop.hive.ql.optimizer.SharedWorkOptimizer", includeLocation="null", ={}, ={}, Configuration(HiveLog4j2Test), Filter=null)
DEBUG StatusLogger Building Plugin[name=AppenderRef, class=org.apache.logging.log4j.core.config.AppenderRef].
DEBUG StatusLogger createAppenderRef(ref="DRFA", level="null", Filter=null)
DEBUG StatusLogger Building Plugin[name=AppenderRef, class=org.apache.logging.log4j.core.config.AppenderRef].
DEBUG StatusLogger createAppenderRef(ref="console", level="INFO", Filter=null)
DEBUG StatusLogger Building Plugin[name=root, class=org.apache.logging.log4j.core.config.LoggerConfig$RootLogger].
DEBUG StatusLogger createLogger(additivity="null", level="DEBUG", includeLocation="null", ={DRFA, console}, ={}, Configuration(HiveLog4j2Test), Filter=null)
DEBUG StatusLogger Building Plugin[name=loggers, class=org.apache.logging.log4j.core.config.LoggersPlugin].
DEBUG StatusLogger createLoggers(={org.apache.hadoop.ipc, org.apache.hadoop.security, org.apache.hadoop.hdfs, org.apache.hadoop.hdfs.server, org.apache.hadoop.metrics2, org.mortbay, org.apache.hadoop.yarn, org.apache.hadoop.yarn.server, org.apache.tez, org.apache.hadoop.conf.Configuration, org.apache.zookeeper, org.apache.zookeeper.server.ServerCnxn, org.apache.zookeeper.server.NIOServerCnxn, org.apache.zookeeper.ClientCnxn, org.apache.zookeeper.ClientCnxnSocket, org.apache.zookeeper.ClientCnxnSocketNIO, DataNucleus, Datastore, JPOX, org.apache.hadoop.hive.ql.exec.Operator, org.apache.hadoop.hive.serde2.lazy, org.apache.hadoop.hive.metastore.ObjectStore, org.apache.calcite.plan.RelOptPlanner, com.amazonaws, org.apache.http, org.apache.thrift, org.eclipse.jetty, BlockStateChange, org.apache.hadoop.hive.ql.optimizer.SharedWorkOptimizer, root})
DEBUG StatusLogger Building Plugin[name=layout, class=org.apache.logging.log4j.core.layout.PatternLayout].
DEBUG StatusLogger PatternLayout$Builder(noConsoleNoAnsi="null", PatternSelector=null, header="null", pattern="%d{ISO8601} %5p [%t] %c{2}: %m%n", Replace=null, disableAnsi="null", alwaysWriteExceptions="null", charset="null", Configuration(HiveLog4j2Test), footer="null")
DEBUG StatusLogger PluginManager 'Converter' found 46 plugins
DEBUG StatusLogger Building Plugin[name=appender, class=org.apache.logging.log4j.core.appender.ConsoleAppender].
DEBUG StatusLogger ConsoleAppender$Builder(direct="null", follow="null", target="SYSTEM_ERR", immediateFlush="null", bufferSize="null", bufferedIo="null", Configuration(HiveLog4j2Test), ignoreExceptions="null", PatternLayout(%d{ISO8601} %5p [%t] %c{2}: %m%n), name="console", Filter=null, ={})
DEBUG StatusLogger Starting OutputStreamManager SYSTEM_ERR.false.false
DEBUG StatusLogger Building Plugin[name=layout, class=org.apache.logging.log4j.core.layout.PatternLayout].
DEBUG StatusLogger PatternLayout$Builder(Replace=null, footer="null", header="null", charset="null", Configuration(HiveLog4j2Test), pattern="%d{ISO8601} %5p [%t] %c{2}: %m%n", alwaysWriteExceptions="null", disableAnsi="null", PatternSelector=null, noConsoleNoAnsi="null")
DEBUG StatusLogger Building Plugin[name=TimeBasedTriggeringPolicy, class=org.apache.logging.log4j.core.appender.rolling.TimeBasedTriggeringPolicy].
DEBUG StatusLogger TimeBasedTriggeringPolicy$Builder(maxRandomDelay="null", interval="1", modulate="true")
DEBUG StatusLogger Building Plugin[name=Policies, class=org.apache.logging.log4j.core.appender.rolling.CompositeTriggeringPolicy].
DEBUG StatusLogger createPolicy(={TimeBasedTriggeringPolicy(nextRolloverMillis=0, interval=1, modulate=true)})
DEBUG StatusLogger Building Plugin[name=DefaultRolloverStrategy, class=org.apache.logging.log4j.core.appender.rolling.DefaultRolloverStrategy].
DEBUG StatusLogger DefaultRolloverStrategy$Builder(={}, min="null", tempCompressedFilePattern="null", Configuration(HiveLog4j2Test), max="30", stopCustomActionsOnError="null", fileIndex="null", compressionLevel="null")
DEBUG StatusLogger Building Plugin[name=appender, class=org.apache.logging.log4j.core.appender.RollingRandomAccessFileAppender].
DEBUG StatusLogger RollingRandomAccessFileAppender$Builder(DefaultRolloverStrategy(DefaultRolloverStrategy(min=1, max=30, useMax=true)), append="null", fileGroup="null", filePermissions="null", advertiseURI="null", filePattern="/home/alex/Repositories/hive/ql/target/tmp/log/hive.log.%d{yyyy-MM-dd}", Policies(CompositeTriggeringPolicy(policies=[TimeBasedTriggeringPolicy(nextRolloverMillis=0, interval=1, modulate=true)])), fileName="/home/alex/Repositories/hive/ql/target/tmp/log/hive.log", fileOwner="null", advertise="null", immediateFlush="null", bufferedIo="null", bufferSize="null", PatternLayout(%d{ISO8601} %5p [%t] %c{2}: %m%n), Configuration(HiveLog4j2Test), name="DRFA", ignoreExceptions="null", ={}, Filter=null)
TRACE StatusLogger RandomAccessFile /home/alex/Repositories/hive/ql/target/tmp/log/hive.log seek to 956062666
DEBUG StatusLogger Starting RollingRandomAccessFileManager /home/alex/Repositories/hive/ql/target/tmp/log/hive.log
DEBUG StatusLogger PluginManager 'FileConverter' found 3 plugins
DEBUG StatusLogger Setting prev file time to 2024-04-24T01:28:55.590-0700
DEBUG StatusLogger Initializing triggering policy CompositeTriggeringPolicy(policies=[TimeBasedTriggeringPolicy(nextRolloverMillis=0, interval=1, modulate=true)])
DEBUG StatusLogger Initializing triggering policy TimeBasedTriggeringPolicy(nextRolloverMillis=0, interval=1, modulate=true)
TRACE StatusLogger PatternProcessor.getNextTime returning 2024/04/25-00:00:00.000, nextFileTime=2024/04/24-00:00:00.000, prevFileTime=1969/12/31-16:00:00.000, current=2024/04/24-01:28:58.984, freq=DAILY
TRACE StatusLogger PatternProcessor.getNextTime returning 2024/04/25-00:00:00.000, nextFileTime=2024/04/24-00:00:00.000, prevFileTime=2024/04/24-00:00:00.000, current=2024/04/24-01:28:58.984, freq=DAILY
DEBUG StatusLogger Building Plugin[name=appenders, class=org.apache.logging.log4j.core.config.AppendersPlugin].
DEBUG StatusLogger createAppenders(={console, DRFA})
DEBUG StatusLogger Configuration org.apache.logging.log4j.core.config.properties.PropertiesConfiguration@2657d4dd initialized
DEBUG StatusLogger Starting configuration org.apache.logging.log4j.core.config.properties.PropertiesConfiguration@2657d4dd
DEBUG StatusLogger Started configuration org.apache.logging.log4j.core.config.properties.PropertiesConfiguration@2657d4dd OK.
TRACE StatusLogger Stopping org.apache.logging.log4j.core.config.DefaultConfiguration@6a2b953e...
TRACE StatusLogger DefaultConfiguration notified 1 ReliabilityStrategies that config will be stopped.
TRACE StatusLogger DefaultConfiguration stopping root LoggerConfig.
TRACE StatusLogger DefaultConfiguration notifying ReliabilityStrategies that appenders will be stopped.
TRACE StatusLogger DefaultConfiguration stopping remaining Appenders.
DEBUG StatusLogger Shutting down OutputStreamManager SYSTEM_OUT.false.false-1
DEBUG StatusLogger OutputStream closed
DEBUG StatusLogger Shut down OutputStreamManager SYSTEM_OUT.false.false-1, all resources released: true
DEBUG StatusLogger Appender DefaultConsole-1 stopped with status true
TRACE StatusLogger DefaultConfiguration stopped 1 remaining Appenders.
TRACE StatusLogger DefaultConfiguration cleaning Appenders from 1 LoggerConfigs.
DEBUG StatusLogger Stopped org.apache.logging.log4j.core.config.DefaultConfiguration@6a2b953e OK
TRACE StatusLogger Reregistering MBeans after reconfigure. Selector=org.apache.logging.log4j.core.selector.ClassLoaderContextSelector@4097cac
TRACE StatusLogger Reregistering context (1/1): '330bedb4' org.apache.logging.log4j.core.LoggerContext@609e8838
TRACE StatusLogger Unregistering but no MBeans found matching 'org.apache.logging.log4j2:type=330bedb4'
TRACE StatusLogger Unregistering but no MBeans found matching 'org.apache.logging.log4j2:type=330bedb4,component=StatusLogger'
TRACE StatusLogger Unregistering but no MBeans found matching 'org.apache.logging.log4j2:type=330bedb4,component=ContextSelector'
TRACE StatusLogger Unregistering but no MBeans found matching 'org.apache.logging.log4j2:type=330bedb4,component=Loggers,name=*'
TRACE StatusLogger Unregistering but no MBeans found matching 'org.apache.logging.log4j2:type=330bedb4,component=Appenders,name=*'
TRACE StatusLogger Unregistering but no MBeans found matching 'org.apache.logging.log4j2:type=330bedb4,component=AsyncAppenders,name=*'
TRACE StatusLogger Unregistering but no MBeans found matching 'org.apache.logging.log4j2:type=330bedb4,component=AsyncLoggerRingBuffer'
TRACE StatusLogger Unregistering but no MBeans found matching 'org.apache.logging.log4j2:type=330bedb4,component=Loggers,name=*,subtype=RingBuffer'
DEBUG StatusLogger Registering MBean org.apache.logging.log4j2:type=330bedb4
DEBUG StatusLogger Registering MBean org.apache.logging.log4j2:type=330bedb4,component=StatusLogger
DEBUG StatusLogger Registering MBean org.apache.logging.log4j2:type=330bedb4,component=ContextSelector
DEBUG StatusLogger Registering MBean org.apache.logging.log4j2:type=330bedb4,component=Loggers,name=org.apache.zookeeper
DEBUG StatusLogger Registering MBean org.apache.logging.log4j2:type=330bedb4,component=Loggers,name=
DEBUG StatusLogger Registering MBean org.apache.logging.log4j2:type=330bedb4,component=Loggers,name=com.amazonaws
DEBUG StatusLogger Registering MBean org.apache.logging.log4j2:type=330bedb4,component=Loggers,name=org.apache.thrift
DEBUG StatusLogger Registering MBean org.apache.logging.log4j2:type=330bedb4,component=Loggers,name=Datastore
DEBUG StatusLogger Registering MBean org.apache.logging.log4j2:type=330bedb4,component=Loggers,name=org.apache.hadoop.hive.metastore.ObjectStore
DEBUG StatusLogger Registering MBean org.apache.logging.log4j2:type=330bedb4,component=Loggers,name=org.mortbay
DEBUG StatusLogger Registering MBean org.apache.logging.log4j2:type=330bedb4,component=Loggers,name=org.apache.zookeeper.ClientCnxnSocket
DEBUG StatusLogger Registering MBean org.apache.logging.log4j2:type=330bedb4,component=Loggers,name=org.apache.hadoop.conf.Configuration
DEBUG StatusLogger Registering MBean org.apache.logging.log4j2:type=330bedb4,component=Loggers,name=org.apache.hadoop.ipc
DEBUG StatusLogger Registering MBean org.apache.logging.log4j2:type=330bedb4,component=Loggers,name=org.apache.http
DEBUG StatusLogger Registering MBean org.apache.logging.log4j2:type=330bedb4,component=Loggers,name=org.apache.zookeeper.server.NIOServerCnxn
DEBUG StatusLogger Registering MBean org.apache.logging.log4j2:type=330bedb4,component=Loggers,name=org.apache.hadoop.hdfs
DEBUG StatusLogger Registering MBean org.apache.logging.log4j2:type=330bedb4,component=Loggers,name=org.apache.hadoop.yarn.server
DEBUG StatusLogger Registering MBean org.apache.logging.log4j2:type=330bedb4,component=Loggers,name=DataNucleus
DEBUG StatusLogger Registering MBean org.apache.logging.log4j2:type=330bedb4,component=Loggers,name=org.apache.zookeeper.server.ServerCnxn
DEBUG StatusLogger Registering MBean org.apache.logging.log4j2:type=330bedb4,component=Loggers,name=org.apache.hadoop.security
DEBUG StatusLogger Registering MBean org.apache.logging.log4j2:type=330bedb4,component=Loggers,name=JPOX
DEBUG StatusLogger Registering MBean org.apache.logging.log4j2:type=330bedb4,component=Loggers,name=org.eclipse.jetty
DEBUG StatusLogger Registering MBean org.apache.logging.log4j2:type=330bedb4,component=Loggers,name=BlockStateChange
DEBUG StatusLogger Registering MBean org.apache.logging.log4j2:type=330bedb4,component=Loggers,name=org.apache.hadoop.yarn
DEBUG StatusLogger Registering MBean org.apache.logging.log4j2:type=330bedb4,component=Loggers,name=org.apache.zookeeper.ClientCnxnSocketNIO
DEBUG StatusLogger Registering MBean org.apache.logging.log4j2:type=330bedb4,component=Loggers,name=org.apache.hadoop.hdfs.server
DEBUG StatusLogger Registering MBean org.apache.logging.log4j2:type=330bedb4,component=Loggers,name=org.apache.hadoop.hive.serde2.lazy
DEBUG StatusLogger Registering MBean org.apache.logging.log4j2:type=330bedb4,component=Loggers,name=org.apache.calcite.plan.RelOptPlanner
DEBUG StatusLogger Registering MBean org.apache.logging.log4j2:type=330bedb4,component=Loggers,name=org.apache.hadoop.metrics2
DEBUG StatusLogger Registering MBean org.apache.logging.log4j2:type=330bedb4,component=Loggers,name=org.apache.zookeeper.ClientCnxn
DEBUG StatusLogger Registering MBean org.apache.logging.log4j2:type=330bedb4,component=Loggers,name=org.apache.tez
DEBUG StatusLogger Registering MBean org.apache.logging.log4j2:type=330bedb4,component=Loggers,name=org.apache.hadoop.hive.ql.exec.Operator
DEBUG StatusLogger Registering MBean org.apache.logging.log4j2:type=330bedb4,component=Loggers,name=org.apache.hadoop.hive.ql.optimizer.SharedWorkOptimizer
DEBUG StatusLogger Registering MBean org.apache.logging.log4j2:type=330bedb4,component=Appenders,name=console
DEBUG StatusLogger Registering MBean org.apache.logging.log4j2:type=330bedb4,component=Appenders,name=DRFA
TRACE StatusLogger Using default SystemClock for timestamps.
DEBUG StatusLogger org.apache.logging.log4j.core.util.SystemClock does not support precise timestamps.
TRACE StatusLogger Using DummyNanoClock for nanosecond timestamps.
DEBUG StatusLogger Reconfiguration complete for context[name=330bedb4] at URI /home/alex/Repositories/hive/ql/target/testconf/hive-log4j2.properties (org.apache.logging.log4j.core.LoggerContext@609e8838) with optional ClassLoader: null
DEBUG StatusLogger Shutdown hook enabled. Registering a new one.
DEBUG StatusLogger LoggerContext[name=330bedb4, org.apache.logging.log4j.core.LoggerContext@609e8838] started OK.
2024-04-24T01:28:59,101  INFO [main] conf.HiveConf: Found configuration file file:/home/alex/Repositories/hive/ql/target/testconf/hive-site.xml
DEBUG StatusLogger AsyncLogger.ThreadNameStrategy=UNCACHED (user specified null, default is UNCACHED)
TRACE StatusLogger Using default SystemClock for timestamps.
DEBUG StatusLogger org.apache.logging.log4j.core.util.SystemClock does not support precise timestamps.
2024-04-24T01:28:59,539  WARN [main] util.NativeCodeLoader: Unable to load native-hadoop library for your platform... using builtin-java classes where applicable
2024-04-24T01:28:59,599  WARN [main] conf.HiveConf: HiveConf of name hive.metastore.client.cache.recordStats does not exist
2024-04-24T01:28:59,600  WARN [main] conf.HiveConf: HiveConf of name hive.metastore.client.cache.maxSize does not exist
2024-04-24T01:28:59,600  WARN [main] conf.HiveConf: HiveConf of name hive.dummyparam.test.server.specific.config.hivesite does not exist
2024-04-24T01:28:59,600  WARN [main] conf.HiveConf: HiveConf of name hive.llap.io.cache.orc.alloc.max does not exist
2024-04-24T01:28:59,601  WARN [main] conf.HiveConf: HiveConf of name hive.metastore.metadb.dir does not exist
2024-04-24T01:28:59,601  WARN [main] conf.HiveConf: HiveConf of name hive.dummyparam.test.server.specific.config.override does not exist
2024-04-24T01:28:59,602  WARN [main] conf.HiveConf: HiveConf of name hive.stats.key.prefix.reserve.length does not exist
2024-04-24T01:28:59,602  WARN [main] conf.HiveConf: HiveConf of name hive.llap.io.cache.orc.size does not exist
2024-04-24T01:28:59,603  WARN [main] conf.HiveConf: HiveConf of name hive.dummyparam.test.server.specific.config.metastoresite does not exist
2024-04-24T01:28:59,603  WARN [main] conf.HiveConf: HiveConf of name hive.llap.io.cache.orc.alloc.min does not exist
2024-04-24T01:28:59,603  WARN [main] conf.HiveConf: HiveConf of name hive.llap.io.cache.orc.arena.size does not exist
2024-04-24T01:28:59,693  WARN [main] hikari.HikariConfig: HikariPool-1 - leakDetectionThreshold is less than 2000ms or more than maxLifetime, disabling it.
2024-04-24T01:28:59,701  INFO [main] hikari.HikariDataSource: HikariPool-1 - Starting...
2024-04-24T01:29:00,356  INFO [main] pool.PoolBase: HikariPool-1 - Driver does not support get/set network timeout for connections. (Feature not implemented: No details.)
2024-04-24T01:29:00,360  INFO [main] hikari.HikariDataSource: HikariPool-1 - Start completed.
2024-04-24T01:29:00,362  WARN [main] hikari.HikariConfig: HikariPool-2 - leakDetectionThreshold is less than 2000ms or more than maxLifetime, disabling it.
2024-04-24T01:29:00,366  INFO [main] hikari.HikariDataSource: HikariPool-2 - Starting...
2024-04-24T01:29:00,370  INFO [main] pool.PoolBase: HikariPool-2 - Driver does not support get/set network timeout for connections. (Feature not implemented: No details.)
2024-04-24T01:29:00,370  INFO [main] hikari.HikariDataSource: HikariPool-2 - Start completed.
2024-04-24T01:29:00,612  INFO [main] utils.TestTxnDbUtil: Creating transactional tables
2024-04-24T01:29:00,623  INFO [main] utils.TestTxnDbUtil: Reinitializing the metastore db with hive-schema-4.0.0.derby.sql on the database jdbc:derby:memory:/home/alex/Repositories/hive/ql/target/tmp/junit_metastore_db;create=true
Hive Session ID = ceaf7aac-49ac-4a40-9402-33af821de1a6
2024-04-24T01:29:01,717  INFO [main] SessionState: Hive Session ID = ceaf7aac-49ac-4a40-9402-33af821de1a6
ivysettings.xml file not found in HIVE_HOME or HIVE_CONF_DIR,/home/alex/Repositories/hive/conf/ivysettings.xml will be used
2024-04-24T01:29:01,729  INFO [main] DependencyResolver: ivysettings.xml file not found in HIVE_HOME or HIVE_CONF_DIR,/home/alex/Repositories/hive/conf/ivysettings.xml will be used
log4j:WARN No appenders could be found for logger (org.apache.htrace.core.Tracer).
log4j:WARN Please initialize the log4j system properly.
log4j:WARN See http://logging.apache.org/log4j/1.2/faq.html#noconfig for more info.
2024-04-24T01:29:02,289  INFO [main] session.SessionState: Created HDFS directory: /home/alex/Repositories/hive/ql/target/tmp/scratchdir/alex/ceaf7aac-49ac-4a40-9402-33af821de1a6
2024-04-24T01:29:02,292  INFO [main] session.SessionState: Created local directory: /home/alex/Repositories/hive/ql/target/tmp/localscratchdir/ceaf7aac-49ac-4a40-9402-33af821de1a6
2024-04-24T01:29:02,296  INFO [main] session.SessionState: Created HDFS directory: /home/alex/Repositories/hive/ql/target/tmp/scratchdir/alex/ceaf7aac-49ac-4a40-9402-33af821de1a6/_tmp_space.db
2024-04-24T01:29:02,321  INFO [main] sqlstd.SQLStdHiveAccessController: Created SQLStdHiveAccessController for session context : HiveAuthzSessionContext [sessionString=ceaf7aac-49ac-4a40-9402-33af821de1a6, clientType=HIVECLI]
2024-04-24T01:29:02,385  INFO [main] metastore.HiveMetaStoreClient: HMS client filtering is enabled.
2024-04-24T01:29:02,533  INFO [main] metastore.HMSHandler: 0: Opening raw store with implementation class:org.apache.hadoop.hive.metastore.ObjectStore
2024-04-24T01:29:02,571  INFO [main] metastore.PersistenceManagerProvider: Configuration datanucleus.autoStartMechanismMode is not set. Defaulting to 'ignored'
2024-04-24T01:29:02,574  INFO [main] metastore.PersistenceManagerProvider: Updating the pmf due to property change
2024-04-24T01:29:02,574  INFO [main] metastore.PersistenceManagerProvider: Current pmf properties are uninitialized
2024-04-24T01:29:02,577  WARN [main] hikari.HikariConfig: HikariPool-3 - leakDetectionThreshold is less than 2000ms or more than maxLifetime, disabling it.
2024-04-24T01:29:02,581  INFO [main] hikari.HikariDataSource: HikariPool-3 - Starting...
2024-04-24T01:29:02,583  INFO [main] pool.PoolBase: HikariPool-3 - Driver does not support get/set network timeout for connections. (Feature not implemented: No details.)
2024-04-24T01:29:02,584  INFO [main] hikari.HikariDataSource: HikariPool-3 - Start completed.
2024-04-24T01:29:03,168  INFO [main] metastore.PersistenceManagerProvider: Setting MetaStore object pin classes with hive.metastore.cache.pinobjtypes="Table,StorageDescriptor,SerDeInfo,Partition,Database,Type,FieldSchema,Order"
2024-04-24T01:29:03,169  INFO [main] metastore.ObjectStore: RawStore: org.apache.hadoop.hive.metastore.ObjectStore@4a481728, with PersistenceManager: null will be shutdown
2024-04-24T01:29:03,209  INFO [main] metastore.ObjectStore: RawStore: org.apache.hadoop.hive.metastore.ObjectStore@4a481728, with PersistenceManager: org.datanucleus.api.jdo.JDOPersistenceManager@63300c4b created in the thread with id: 1
2024-04-24T01:29:05,667  INFO [main] metastore.HMSHandler: Created RawStore: org.apache.hadoop.hive.metastore.ObjectStore@4a481728 from thread id: 1
2024-04-24T01:29:05,686  INFO [main] metastore.HMSHandler: Setting location of default catalog, as it hasn't been done after upgrade
2024-04-24T01:29:05,724  INFO [main] metastore.HMSHandler: Started creating a default database with name: default
2024-04-24T01:29:05,797  INFO [main] metastore.HMSHandler: Successfully created a default database with name: default
2024-04-24T01:29:05,832  INFO [main] metastore.HMSHandler: Added admin role in metastore
2024-04-24T01:29:05,837  INFO [main] metastore.HMSHandler: Added public role in metastore
2024-04-24T01:29:05,953  INFO [main] metastore.HMSHandler: Added hive_admin_user to admin role
2024-04-24T01:29:05,967  INFO [main] metastore.HMSHandler: Scheduling for org.apache.hadoop.hive.metastore.metrics.AcidMetricService service with frequency 300000ms.
2024-04-24T01:29:05,971  INFO [main] metastore.HMSHandler: Scheduling for org.apache.hadoop.hive.metastore.ScheduledQueryExecutionsMaintTask service with frequency 60000ms.
2024-04-24T01:29:05,972  INFO [main] metastore.HMSHandler: Scheduling for org.apache.hadoop.hive.metastore.ReplicationMetricsMaintTask service with frequency 86400000ms.
2024-04-24T01:29:05,973  INFO [main] metastore.HMSHandler: Scheduling for org.apache.hadoop.hive.metastore.RuntimeStatsCleanerTask service with frequency 3600000ms.
2024-04-24T01:29:05,977  INFO [main] metastore.HMSHandler: Scheduling for org.apache.hadoop.hive.metastore.HiveProtoEventsCleanerTask service with frequency 86400000ms.
2024-04-24T01:29:05,978  INFO [main] metastore.HMSHandler: Scheduling for org.apache.hadoop.hive.metastore.events.EventCleanerTask service with frequency 0ms.
2024-04-24T01:29:05,982  INFO [main] metastore.HMSHandler: HMS server filtering is disabled by configuration
2024-04-24T01:29:06,151  INFO [main] metastore.RetryingMetaStoreClient: RetryingMetaStoreClient proxy=class org.apache.hadoop.hive.ql.metadata.SessionHiveMetaStoreClient ugi=alex (auth:SIMPLE) retries=1 delay=1 lifetime=0
2024-04-24T01:29:06,196  INFO [main] ql.TxnCommandsBaseForTests: Running the query: drop table if exists acidTbl
2024-04-24T01:29:06,230  INFO [main] ql.Driver: Compiling command(queryId=alex_20240424012906_cecc80ca-8c4c-422a-a64a-d4e6a3cbc65d): drop table if exists acidTbl
2024-04-24T01:29:07,291  INFO [main] reflections.Reflections: Reflections took 218 ms to scan 2 urls, producing 53 keys and 784 values 
2024-04-24T01:29:07,456  INFO [main] reflections.Reflections: Reflections took 132 ms to scan 2 urls, producing 53 keys and 784 values 
2024-04-24T01:29:07,662  INFO [main] reflections.Reflections: Reflections took 199 ms to scan 2 urls, producing 53 keys and 784 values 
2024-04-24T01:29:07,692  INFO [main] txn.TxnHandler: Added entries to MIN_HISTORY_LEVEL for current txns: ([1]) with min_open_txn: 1
2024-04-24T01:29:07,706  INFO [main] lockmgr.DbTxnManager: Opened txnid:1
2024-04-24T01:29:07,717  INFO [main] HiveMetaStore.audit: ugi=alex	ip=unknown-ip-addr	cmd=get_table : tbl=hive.default.acidTbl	
2024-04-24T01:29:07,894  INFO [main] reflections.Reflections: Reflections took 157 ms to scan 2 urls, producing 53 keys and 784 values 
2024-04-24T01:29:07,949  INFO [main] ql.Driver: Semantic Analysis Completed (retrial = false)
2024-04-24T01:29:07,950  INFO [main] ql.Driver: Created Hive schema: Schema(fieldSchemas:null, properties:null)
2024-04-24T01:29:07,954  INFO [main] metadata.Hive: Dumping metastore api call timing information for : compilation phase
2024-04-24T01:29:07,954  INFO [main] metadata.Hive: Total time spent in each metastore function (ms): {flushCache_()=0, openTxn_(String, TxnType)=35, getValidTxns_(long)=8, isCompatibleWith_(Configuration)=0}
2024-04-24T01:29:07,954  INFO [main] ql.Driver: Completed compiling command(queryId=alex_20240424012906_cecc80ca-8c4c-422a-a64a-d4e6a3cbc65d); Time taken: 1.725 seconds
2024-04-24T01:29:07,957  INFO [main] lockmgr.DbTxnManager: Setting lock request transaction to txnid:1 for queryId=alex_20240424012906_cecc80ca-8c4c-422a-a64a-d4e6a3cbc65d
2024-04-24T01:29:07,957  INFO [main] ql.Driver: Operation DROPTABLE obtained 0 locks
2024-04-24T01:29:07,960  INFO [main] ql.Driver: Executing command(queryId=alex_20240424012906_cecc80ca-8c4c-422a-a64a-d4e6a3cbc65d): drop table if exists acidTbl
2024-04-24T01:29:07,963  INFO [main] ql.Driver: Starting task [Stage-0:DDL] in serial mode
2024-04-24T01:29:07,965  INFO [main] HiveMetaStore.audit: ugi=alex	ip=unknown-ip-addr	cmd=get_table : tbl=hive.default.acidTbl	
2024-04-24T01:29:07,981  INFO [main] metadata.Hive: Dumping metastore api call timing information for : execution phase
2024-04-24T01:29:07,982  INFO [main] metadata.Hive: Total time spent in each metastore function (ms): {isCompatibleWith_(Configuration)=0}
2024-04-24T01:29:07,982  INFO [main] ql.Driver: Completed executing command(queryId=alex_20240424012906_cecc80ca-8c4c-422a-a64a-d4e6a3cbc65d); Time taken: 0.021 seconds
2024-04-24T01:29:07,982  INFO [main] lockmgr.DbTxnManager: Stopped heartbeat for query: alex_20240424012906_cecc80ca-8c4c-422a-a64a-d4e6a3cbc65d
2024-04-24T01:29:07,993  INFO [main] txn.TxnHandler: Expected to move at least one record from txn_components to completed_txn_components when committing txn! txnid:1
2024-04-24T01:29:08,012  INFO [main] txn.TxnHandler: Removed transactions: ([1]) from MIN_HISTORY_LEVEL
2024-04-24T01:29:08,015  WARN [main] txn.CompactionTxnHandler: No compaction queue record found for Compaction type transaction commit. txnId:1
2024-04-24T01:29:08,017  INFO [main] ql.TxnCommandsBaseForTests: Running the query: drop table if exists acidTblPart
2024-04-24T01:29:08,017  INFO [main] ql.Driver: Compiling command(queryId=alex_20240424012908_63cc4118-0f28-4dac-9d9e-a9f1c27744cc): drop table if exists acidTblPart
2024-04-24T01:29:08,022  INFO [main] txn.TxnHandler: Added entries to MIN_HISTORY_LEVEL for current txns: ([2]) with min_open_txn: 1
2024-04-24T01:29:08,023  INFO [main] lockmgr.DbTxnManager: Opened txnid:2
2024-04-24T01:29:08,025  INFO [main] HiveMetaStore.audit: ugi=alex	ip=unknown-ip-addr	cmd=get_table : tbl=hive.default.acidTblPart	
2024-04-24T01:29:08,029  INFO [main] ql.Driver: Semantic Analysis Completed (retrial = false)
2024-04-24T01:29:08,029  INFO [main] ql.Driver: Created Hive schema: Schema(fieldSchemas:null, properties:null)
2024-04-24T01:29:08,030  INFO [main] metadata.Hive: Dumping metastore api call timing information for : compilation phase
2024-04-24T01:29:08,030  INFO [main] metadata.Hive: Total time spent in each metastore function (ms): {openTxn_(String, TxnType)=4, isCompatibleWith_(Configuration)=1, getValidTxns_(long)=1, flushCache_()=0, commitTxn_(CommitTxnRequest)=34}
2024-04-24T01:29:08,030  INFO [main] ql.Driver: Completed compiling command(queryId=alex_20240424012908_63cc4118-0f28-4dac-9d9e-a9f1c27744cc); Time taken: 0.013 seconds
2024-04-24T01:29:08,030  INFO [main] lockmgr.DbTxnManager: Setting lock request transaction to txnid:2 for queryId=alex_20240424012908_63cc4118-0f28-4dac-9d9e-a9f1c27744cc
2024-04-24T01:29:08,030  INFO [main] ql.Driver: Operation DROPTABLE obtained 0 locks
2024-04-24T01:29:08,031  INFO [main] ql.Driver: Executing command(queryId=alex_20240424012908_63cc4118-0f28-4dac-9d9e-a9f1c27744cc): drop table if exists acidTblPart
2024-04-24T01:29:08,031  INFO [main] ql.Driver: Starting task [Stage-0:DDL] in serial mode
2024-04-24T01:29:08,031  INFO [main] HiveMetaStore.audit: ugi=alex	ip=unknown-ip-addr	cmd=get_table : tbl=hive.default.acidTblPart	
2024-04-24T01:29:08,037  INFO [main] metadata.Hive: Dumping metastore api call timing information for : execution phase
2024-04-24T01:29:08,037  INFO [main] metadata.Hive: Total time spent in each metastore function (ms): {isCompatibleWith_(Configuration)=0}
2024-04-24T01:29:08,038  INFO [main] ql.Driver: Completed executing command(queryId=alex_20240424012908_63cc4118-0f28-4dac-9d9e-a9f1c27744cc); Time taken: 0.006 seconds
2024-04-24T01:29:08,038  INFO [main] lockmgr.DbTxnManager: Stopped heartbeat for query: alex_20240424012908_63cc4118-0f28-4dac-9d9e-a9f1c27744cc
2024-04-24T01:29:08,046  INFO [main] txn.TxnHandler: Expected to move at least one record from txn_components to completed_txn_components when committing txn! txnid:2
2024-04-24T01:29:08,059  INFO [main] txn.TxnHandler: Removed transactions: ([2]) from MIN_HISTORY_LEVEL
2024-04-24T01:29:08,059  WARN [main] txn.CompactionTxnHandler: No compaction queue record found for Compaction type transaction commit. txnId:2
2024-04-24T01:29:08,061  INFO [main] ql.TxnCommandsBaseForTests: Running the query: drop table if exists acidTbl2
2024-04-24T01:29:08,062  INFO [main] ql.Driver: Compiling command(queryId=alex_20240424012908_ef33f783-56ae-42be-88d0-8d1fe31094e9): drop table if exists acidTbl2
2024-04-24T01:29:08,067  INFO [main] txn.TxnHandler: Added entries to MIN_HISTORY_LEVEL for current txns: ([3]) with min_open_txn: 1
2024-04-24T01:29:08,068  INFO [main] lockmgr.DbTxnManager: Opened txnid:3
2024-04-24T01:29:08,070  INFO [main] HiveMetaStore.audit: ugi=alex	ip=unknown-ip-addr	cmd=get_table : tbl=hive.default.acidTbl2	
2024-04-24T01:29:08,074  INFO [main] ql.Driver: Semantic Analysis Completed (retrial = false)
2024-04-24T01:29:08,074  INFO [main] ql.Driver: Created Hive schema: Schema(fieldSchemas:null, properties:null)
2024-04-24T01:29:08,074  INFO [main] metadata.Hive: Dumping metastore api call timing information for : compilation phase
2024-04-24T01:29:08,074  INFO [main] metadata.Hive: Total time spent in each metastore function (ms): {commitTxn_(CommitTxnRequest)=22, flushCache_()=0, isCompatibleWith_(Configuration)=0, openTxn_(String, TxnType)=5, getValidTxns_(long)=1}
2024-04-24T01:29:08,074  INFO [main] ql.Driver: Completed compiling command(queryId=alex_20240424012908_ef33f783-56ae-42be-88d0-8d1fe31094e9); Time taken: 0.013 seconds
2024-04-24T01:29:08,075  INFO [main] lockmgr.DbTxnManager: Setting lock request transaction to txnid:3 for queryId=alex_20240424012908_ef33f783-56ae-42be-88d0-8d1fe31094e9
2024-04-24T01:29:08,075  INFO [main] ql.Driver: Operation DROPTABLE obtained 0 locks
2024-04-24T01:29:08,075  INFO [main] ql.Driver: Executing command(queryId=alex_20240424012908_ef33f783-56ae-42be-88d0-8d1fe31094e9): drop table if exists acidTbl2
2024-04-24T01:29:08,075  INFO [main] ql.Driver: Starting task [Stage-0:DDL] in serial mode
2024-04-24T01:29:08,075  INFO [main] HiveMetaStore.audit: ugi=alex	ip=unknown-ip-addr	cmd=get_table : tbl=hive.default.acidTbl2	
2024-04-24T01:29:08,080  INFO [main] metadata.Hive: Dumping metastore api call timing information for : execution phase
2024-04-24T01:29:08,080  INFO [main] metadata.Hive: Total time spent in each metastore function (ms): {isCompatibleWith_(Configuration)=0}
2024-04-24T01:29:08,080  INFO [main] ql.Driver: Completed executing command(queryId=alex_20240424012908_ef33f783-56ae-42be-88d0-8d1fe31094e9); Time taken: 0.005 seconds
2024-04-24T01:29:08,080  INFO [main] lockmgr.DbTxnManager: Stopped heartbeat for query: alex_20240424012908_ef33f783-56ae-42be-88d0-8d1fe31094e9
2024-04-24T01:29:08,091  INFO [main] txn.TxnHandler: Expected to move at least one record from txn_components to completed_txn_components when committing txn! txnid:3
2024-04-24T01:29:08,103  INFO [main] txn.TxnHandler: Removed transactions: ([3]) from MIN_HISTORY_LEVEL
2024-04-24T01:29:08,104  WARN [main] txn.CompactionTxnHandler: No compaction queue record found for Compaction type transaction commit. txnId:3
2024-04-24T01:29:08,105  INFO [main] ql.TxnCommandsBaseForTests: Running the query: drop table if exists nonAcidOrcTbl
2024-04-24T01:29:08,106  INFO [main] ql.Driver: Compiling command(queryId=alex_20240424012908_a31b6f3d-a649-4093-8f6d-e966238c16d2): drop table if exists nonAcidOrcTbl
2024-04-24T01:29:08,110  INFO [main] txn.TxnHandler: Added entries to MIN_HISTORY_LEVEL for current txns: ([4]) with min_open_txn: 1
2024-04-24T01:29:08,111  INFO [main] lockmgr.DbTxnManager: Opened txnid:4
2024-04-24T01:29:08,112  INFO [main] HiveMetaStore.audit: ugi=alex	ip=unknown-ip-addr	cmd=get_table : tbl=hive.default.nonAcidOrcTbl	
2024-04-24T01:29:08,116  INFO [main] ql.Driver: Semantic Analysis Completed (retrial = false)
2024-04-24T01:29:08,116  INFO [main] ql.Driver: Created Hive schema: Schema(fieldSchemas:null, properties:null)
2024-04-24T01:29:08,116  INFO [main] metadata.Hive: Dumping metastore api call timing information for : compilation phase
2024-04-24T01:29:08,117  INFO [main] metadata.Hive: Total time spent in each metastore function (ms): {isCompatibleWith_(Configuration)=1, flushCache_()=0, openTxn_(String, TxnType)=3, commitTxn_(CommitTxnRequest)=23, getValidTxns_(long)=1}
2024-04-24T01:29:08,117  INFO [main] ql.Driver: Completed compiling command(queryId=alex_20240424012908_a31b6f3d-a649-4093-8f6d-e966238c16d2); Time taken: 0.01 seconds
2024-04-24T01:29:08,117  INFO [main] lockmgr.DbTxnManager: Setting lock request transaction to txnid:4 for queryId=alex_20240424012908_a31b6f3d-a649-4093-8f6d-e966238c16d2
2024-04-24T01:29:08,117  INFO [main] ql.Driver: Operation DROPTABLE obtained 0 locks
2024-04-24T01:29:08,117  INFO [main] ql.Driver: Executing command(queryId=alex_20240424012908_a31b6f3d-a649-4093-8f6d-e966238c16d2): drop table if exists nonAcidOrcTbl
2024-04-24T01:29:08,118  INFO [main] ql.Driver: Starting task [Stage-0:DDL] in serial mode
2024-04-24T01:29:08,118  INFO [main] HiveMetaStore.audit: ugi=alex	ip=unknown-ip-addr	cmd=get_table : tbl=hive.default.nonAcidOrcTbl	
2024-04-24T01:29:08,122  INFO [main] metadata.Hive: Dumping metastore api call timing information for : execution phase
2024-04-24T01:29:08,123  INFO [main] metadata.Hive: Total time spent in each metastore function (ms): {isCompatibleWith_(Configuration)=0}
2024-04-24T01:29:08,123  INFO [main] ql.Driver: Completed executing command(queryId=alex_20240424012908_a31b6f3d-a649-4093-8f6d-e966238c16d2); Time taken: 0.005 seconds
2024-04-24T01:29:08,123  INFO [main] lockmgr.DbTxnManager: Stopped heartbeat for query: alex_20240424012908_a31b6f3d-a649-4093-8f6d-e966238c16d2
2024-04-24T01:29:08,131  INFO [main] txn.TxnHandler: Expected to move at least one record from txn_components to completed_txn_components when committing txn! txnid:4
2024-04-24T01:29:08,141  INFO [main] txn.TxnHandler: Removed transactions: ([4]) from MIN_HISTORY_LEVEL
2024-04-24T01:29:08,141  WARN [main] txn.CompactionTxnHandler: No compaction queue record found for Compaction type transaction commit. txnId:4
2024-04-24T01:29:08,142  INFO [main] ql.TxnCommandsBaseForTests: Running the query: drop table if exists nonAcidOrcTbl2
2024-04-24T01:29:08,143  INFO [main] ql.Driver: Compiling command(queryId=alex_20240424012908_6ec3c0d9-3a4f-4546-825c-15b5d575ccfd): drop table if exists nonAcidOrcTbl2
2024-04-24T01:29:08,147  INFO [main] txn.TxnHandler: Added entries to MIN_HISTORY_LEVEL for current txns: ([5]) with min_open_txn: 1
2024-04-24T01:29:08,147  INFO [main] lockmgr.DbTxnManager: Opened txnid:5
2024-04-24T01:29:08,149  INFO [main] HiveMetaStore.audit: ugi=alex	ip=unknown-ip-addr	cmd=get_table : tbl=hive.default.nonAcidOrcTbl2	
2024-04-24T01:29:08,153  INFO [main] ql.Driver: Semantic Analysis Completed (retrial = false)
2024-04-24T01:29:08,153  INFO [main] ql.Driver: Created Hive schema: Schema(fieldSchemas:null, properties:null)
2024-04-24T01:29:08,153  INFO [main] metadata.Hive: Dumping metastore api call timing information for : compilation phase
2024-04-24T01:29:08,153  INFO [main] metadata.Hive: Total time spent in each metastore function (ms): {commitTxn_(CommitTxnRequest)=18, isCompatibleWith_(Configuration)=1, getValidTxns_(long)=1, openTxn_(String, TxnType)=3, flushCache_()=0}
2024-04-24T01:29:08,154  INFO [main] ql.Driver: Completed compiling command(queryId=alex_20240424012908_6ec3c0d9-3a4f-4546-825c-15b5d575ccfd); Time taken: 0.01 seconds
2024-04-24T01:29:08,154  INFO [main] lockmgr.DbTxnManager: Setting lock request transaction to txnid:5 for queryId=alex_20240424012908_6ec3c0d9-3a4f-4546-825c-15b5d575ccfd
2024-04-24T01:29:08,154  INFO [main] ql.Driver: Operation DROPTABLE obtained 0 locks
2024-04-24T01:29:08,154  INFO [main] ql.Driver: Executing command(queryId=alex_20240424012908_6ec3c0d9-3a4f-4546-825c-15b5d575ccfd): drop table if exists nonAcidOrcTbl2
2024-04-24T01:29:08,154  INFO [main] ql.Driver: Starting task [Stage-0:DDL] in serial mode
2024-04-24T01:29:08,155  INFO [main] HiveMetaStore.audit: ugi=alex	ip=unknown-ip-addr	cmd=get_table : tbl=hive.default.nonAcidOrcTbl2	
2024-04-24T01:29:08,159  INFO [main] metadata.Hive: Dumping metastore api call timing information for : execution phase
2024-04-24T01:29:08,159  INFO [main] metadata.Hive: Total time spent in each metastore function (ms): {isCompatibleWith_(Configuration)=1}
2024-04-24T01:29:08,159  INFO [main] ql.Driver: Completed executing command(queryId=alex_20240424012908_6ec3c0d9-3a4f-4546-825c-15b5d575ccfd); Time taken: 0.005 seconds
2024-04-24T01:29:08,159  INFO [main] lockmgr.DbTxnManager: Stopped heartbeat for query: alex_20240424012908_6ec3c0d9-3a4f-4546-825c-15b5d575ccfd
2024-04-24T01:29:08,170  INFO [main] txn.TxnHandler: Expected to move at least one record from txn_components to completed_txn_components when committing txn! txnid:5
2024-04-24T01:29:08,180  INFO [main] txn.TxnHandler: Removed transactions: ([5]) from MIN_HISTORY_LEVEL
2024-04-24T01:29:08,180  WARN [main] txn.CompactionTxnHandler: No compaction queue record found for Compaction type transaction commit. txnId:5
2024-04-24T01:29:08,181  INFO [main] ql.TxnCommandsBaseForTests: Running the query: drop table if exists nonAcidNonBucket
2024-04-24T01:29:08,182  INFO [main] ql.Driver: Compiling command(queryId=alex_20240424012908_1c972c21-9b0f-4f5a-96d7-6deed0b27ca4): drop table if exists nonAcidNonBucket
2024-04-24T01:29:08,188  INFO [main] txn.TxnHandler: Added entries to MIN_HISTORY_LEVEL for current txns: ([6]) with min_open_txn: 1
2024-04-24T01:29:08,188  INFO [main] lockmgr.DbTxnManager: Opened txnid:6
2024-04-24T01:29:08,190  INFO [main] HiveMetaStore.audit: ugi=alex	ip=unknown-ip-addr	cmd=get_table : tbl=hive.default.nonAcidNonBucket	
2024-04-24T01:29:08,197  INFO [main] ql.Driver: Semantic Analysis Completed (retrial = false)
2024-04-24T01:29:08,197  INFO [main] ql.Driver: Created Hive schema: Schema(fieldSchemas:null, properties:null)
2024-04-24T01:29:08,197  INFO [main] metadata.Hive: Dumping metastore api call timing information for : compilation phase
2024-04-24T01:29:08,197  INFO [main] metadata.Hive: Total time spent in each metastore function (ms): {flushCache_()=0, openTxn_(String, TxnType)=5, commitTxn_(CommitTxnRequest)=21, getValidTxns_(long)=1, isCompatibleWith_(Configuration)=2}
2024-04-24T01:29:08,198  INFO [main] ql.Driver: Completed compiling command(queryId=alex_20240424012908_1c972c21-9b0f-4f5a-96d7-6deed0b27ca4); Time taken: 0.015 seconds
2024-04-24T01:29:08,198  INFO [main] lockmgr.DbTxnManager: Setting lock request transaction to txnid:6 for queryId=alex_20240424012908_1c972c21-9b0f-4f5a-96d7-6deed0b27ca4
2024-04-24T01:29:08,198  INFO [main] ql.Driver: Operation DROPTABLE obtained 0 locks
2024-04-24T01:29:08,198  INFO [main] ql.Driver: Executing command(queryId=alex_20240424012908_1c972c21-9b0f-4f5a-96d7-6deed0b27ca4): drop table if exists nonAcidNonBucket
2024-04-24T01:29:08,199  INFO [main] ql.Driver: Starting task [Stage-0:DDL] in serial mode
2024-04-24T01:29:08,199  INFO [main] HiveMetaStore.audit: ugi=alex	ip=unknown-ip-addr	cmd=get_table : tbl=hive.default.nonAcidNonBucket	
2024-04-24T01:29:08,206  INFO [main] metadata.Hive: Dumping metastore api call timing information for : execution phase
2024-04-24T01:29:08,206  INFO [main] metadata.Hive: Total time spent in each metastore function (ms): {isCompatibleWith_(Configuration)=0}
2024-04-24T01:29:08,207  INFO [main] ql.Driver: Completed executing command(queryId=alex_20240424012908_1c972c21-9b0f-4f5a-96d7-6deed0b27ca4); Time taken: 0.008 seconds
2024-04-24T01:29:08,207  INFO [main] lockmgr.DbTxnManager: Stopped heartbeat for query: alex_20240424012908_1c972c21-9b0f-4f5a-96d7-6deed0b27ca4
2024-04-24T01:29:08,218  INFO [main] txn.TxnHandler: Expected to move at least one record from txn_components to completed_txn_components when committing txn! txnid:6
2024-04-24T01:29:08,230  INFO [main] txn.TxnHandler: Removed transactions: ([6]) from MIN_HISTORY_LEVEL
2024-04-24T01:29:08,230  WARN [main] txn.CompactionTxnHandler: No compaction queue record found for Compaction type transaction commit. txnId:6
2024-04-24T01:29:08,231  INFO [main] ql.TxnCommandsBaseForTests: Running the query: create table acidTbl(a int, b int) clustered by (a) into 2 buckets stored as orc TBLPROPERTIES ('transactional'='true')
2024-04-24T01:29:08,232  INFO [main] ql.Driver: Compiling command(queryId=alex_20240424012908_98e104de-1336-446a-9c5d-d45894ddfcdc): create table acidTbl(a int, b int) clustered by (a) into 2 buckets stored as orc TBLPROPERTIES ('transactional'='true')
2024-04-24T01:29:08,313  INFO [main] txn.TxnHandler: Added entries to MIN_HISTORY_LEVEL for current txns: ([7]) with min_open_txn: 1
2024-04-24T01:29:08,314  INFO [main] lockmgr.DbTxnManager: Opened txnid:7
2024-04-24T01:29:08,315  INFO [main] parse.CalcitePlanner: Starting caching scope for: 
2024-04-24T01:29:08,319  INFO [main] parse.CalcitePlanner: Starting Semantic Analysis
2024-04-24T01:29:08,342  INFO [main] parse.CalcitePlanner: Creating table default.acidTbl position=13
2024-04-24T01:29:08,388  INFO [main] HiveMetaStore.audit: ugi=alex	ip=unknown-ip-addr	cmd=get_database: default	
2024-04-24T01:29:08,400  INFO [main] parse.CalcitePlanner: Ending caching scope for: 
2024-04-24T01:29:08,400  INFO [main] ql.Driver: Semantic Analysis Completed (retrial = false)
2024-04-24T01:29:08,400  INFO [main] ql.Driver: Created Hive schema: Schema(fieldSchemas:null, properties:null)
2024-04-24T01:29:08,400  INFO [main] metadata.Hive: Dumping metastore api call timing information for : compilation phase
2024-04-24T01:29:08,400  INFO [main] metadata.Hive: Total time spent in each metastore function (ms): {openTxn_(String, TxnType)=4, getValidWriteIds_(List, String)=16, isCompatibleWith_(Configuration)=1, getValidTxns_(long)=1, getDatabase_(String)=5, commitTxn_(CommitTxnRequest)=24, flushCache_()=0}
2024-04-24T01:29:08,401  INFO [main] ql.Driver: Completed compiling command(queryId=alex_20240424012908_98e104de-1336-446a-9c5d-d45894ddfcdc); Time taken: 0.168 seconds
2024-04-24T01:29:08,401  INFO [main] lockmgr.DbTxnManager: Setting lock request transaction to txnid:7 for queryId=alex_20240424012908_98e104de-1336-446a-9c5d-d45894ddfcdc
2024-04-24T01:29:08,409  INFO [main] lockmgr.DbLockManager: Requesting lock for queryId=alex_20240424012908_98e104de-1336-446a-9c5d-d45894ddfcdc
2024-04-24T01:29:08,471  INFO [main] lockmgr.DbLockManager: Response to queryId=alex_20240424012908_98e104de-1336-446a-9c5d-d45894ddfcdc LockResponse(lockid:1, state:ACQUIRED)
2024-04-24T01:29:08,471  INFO [main] ql.Driver: Operation CREATETABLE obtained 1 locks
2024-04-24T01:29:08,474  INFO [main] ql.Driver: Executing command(queryId=alex_20240424012908_98e104de-1336-446a-9c5d-d45894ddfcdc): create table acidTbl(a int, b int) clustered by (a) into 2 buckets stored as orc TBLPROPERTIES ('transactional'='true')
2024-04-24T01:29:08,475  INFO [main] ql.Driver: Starting task [Stage-0:DDL] in serial mode
2024-04-24T01:29:08,607  INFO [main] HiveMetaStore.audit: ugi=alex	ip=unknown-ip-addr	cmd=create_table_req: Table(tableName:acidTbl, dbName:default, owner:alex, createTime:1713947348, lastAccessTime:0, retention:0, sd:StorageDescriptor(cols:[FieldSchema(name:a, type:int, comment:null), FieldSchema(name:b, type:int, comment:null)], location:null, inputFormat:org.apache.hadoop.hive.ql.io.orc.OrcInputFormat, outputFormat:org.apache.hadoop.hive.ql.io.orc.OrcOutputFormat, compressed:false, numBuckets:2, serdeInfo:SerDeInfo(name:null, serializationLib:org.apache.hadoop.hive.ql.io.orc.OrcSerde, parameters:{serialization.format=1}), bucketCols:[a], sortCols:[], parameters:{}, skewedInfo:SkewedInfo(skewedColNames:[], skewedColValues:[], skewedColValueLocationMaps:{}), storedAsSubDirectories:false), partitionKeys:[], parameters:{COLUMN_STATS_ACCURATE={"BASIC_STATS":"true","COLUMN_STATS":{"a":"true","b":"true"}}, numRows=0, numFiles=0, transactional=true, rawDataSize=0, totalSize=0, bucketing_version=2, numFilesErasureCoded=0}, viewOriginalText:null, viewExpandedText:null, tableType:MANAGED_TABLE, privileges:PrincipalPrivilegeSet(userPrivileges:{alex=[PrivilegeGrantInfo(privilege:INSERT, createTime:-1, grantor:alex, grantorType:USER, grantOption:true), PrivilegeGrantInfo(privilege:SELECT, createTime:-1, grantor:alex, grantorType:USER, grantOption:true), PrivilegeGrantInfo(privilege:UPDATE, createTime:-1, grantor:alex, grantorType:USER, grantOption:true), PrivilegeGrantInfo(privilege:DELETE, createTime:-1, grantor:alex, grantorType:USER, grantOption:true)]}, groupPrivileges:null, rolePrivileges:null), temporary:false, catName:hive, ownerType:USER, writeId:0)	
2024-04-24T01:29:08,622  INFO [main] utils.FileUtils: Creating directory if it doesn't exist: file:/home/alex/Repositories/hive/ql/target/tmp/org.apache.hadoop.hive.ql.util.TestHiveStrictManagedMigration-1713947339080/warehouse/acidtbl
2024-04-24T01:29:08,750  INFO [main] metadata.Hive: Dumping metastore api call timing information for : execution phase
2024-04-24T01:29:08,750  INFO [main] metadata.Hive: Total time spent in each metastore function (ms): {createTable_(Table)=143, isCompatibleWith_(Configuration)=0}
2024-04-24T01:29:08,751  INFO [main] ql.Driver: Completed executing command(queryId=alex_20240424012908_98e104de-1336-446a-9c5d-d45894ddfcdc); Time taken: 0.276 seconds
2024-04-24T01:29:08,751  INFO [main] lockmgr.DbTxnManager: Stopped heartbeat for query: alex_20240424012908_98e104de-1336-446a-9c5d-d45894ddfcdc
2024-04-24T01:29:08,756  INFO [main] txn.TxnHandler: Expected to move at least one record from txn_components to completed_txn_components when committing txn! txnid:7
2024-04-24T01:29:08,765  INFO [main] txn.TxnHandler: Removed transactions: ([7]) from MIN_HISTORY_LEVEL
2024-04-24T01:29:08,766  WARN [main] txn.CompactionTxnHandler: No compaction queue record found for Compaction type transaction commit. txnId:7
2024-04-24T01:29:08,767  INFO [main] ql.TxnCommandsBaseForTests: Running the query: create table acidTblPart(a int, b int) partitioned by (p string) clustered by (a) into 2 buckets stored as orc TBLPROPERTIES ('transactional'='true')
2024-04-24T01:29:08,767  INFO [main] ql.Driver: Compiling command(queryId=alex_20240424012908_6906a644-d5cd-4d53-bdf0-d704436fbb30): create table acidTblPart(a int, b int) partitioned by (p string) clustered by (a) into 2 buckets stored as orc TBLPROPERTIES ('transactional'='true')
2024-04-24T01:29:08,772  INFO [main] txn.TxnHandler: Added entries to MIN_HISTORY_LEVEL for current txns: ([8]) with min_open_txn: 2
2024-04-24T01:29:08,773  INFO [main] lockmgr.DbTxnManager: Opened txnid:8
2024-04-24T01:29:08,774  INFO [main] parse.CalcitePlanner: Starting caching scope for: 
2024-04-24T01:29:08,774  INFO [main] parse.CalcitePlanner: Starting Semantic Analysis
2024-04-24T01:29:08,778  INFO [main] parse.CalcitePlanner: Creating table default.acidTblPart position=13
2024-04-24T01:29:08,779  INFO [main] HiveMetaStore.audit: ugi=alex	ip=unknown-ip-addr	cmd=get_database: default	
2024-04-24T01:29:08,781  INFO [main] parse.CalcitePlanner: Ending caching scope for: 
2024-04-24T01:29:08,781  INFO [main] ql.Driver: Semantic Analysis Completed (retrial = false)
2024-04-24T01:29:08,782  INFO [main] ql.Driver: Created Hive schema: Schema(fieldSchemas:null, properties:null)
2024-04-24T01:29:08,782  INFO [main] metadata.Hive: Dumping metastore api call timing information for : compilation phase
2024-04-24T01:29:08,782  INFO [main] metadata.Hive: Total time spent in each metastore function (ms): {openTxn_(String, TxnType)=4, commitTxn_(CommitTxnRequest)=15, getDatabase_(String)=3, flushCache_()=0, isCompatibleWith_(Configuration)=0, getValidTxns_(long)=1, getValidWriteIds_(List, String)=4}
2024-04-24T01:29:08,782  INFO [main] ql.Driver: Completed compiling command(queryId=alex_20240424012908_6906a644-d5cd-4d53-bdf0-d704436fbb30); Time taken: 0.015 seconds
2024-04-24T01:29:08,783  INFO [main] lockmgr.DbTxnManager: Setting lock request transaction to txnid:8 for queryId=alex_20240424012908_6906a644-d5cd-4d53-bdf0-d704436fbb30
2024-04-24T01:29:08,783  INFO [main] lockmgr.DbLockManager: Requesting lock for queryId=alex_20240424012908_6906a644-d5cd-4d53-bdf0-d704436fbb30
2024-04-24T01:29:08,809  INFO [main] lockmgr.DbLockManager: Response to queryId=alex_20240424012908_6906a644-d5cd-4d53-bdf0-d704436fbb30 LockResponse(lockid:2, state:ACQUIRED)
2024-04-24T01:29:08,809  INFO [main] ql.Driver: Operation CREATETABLE obtained 1 locks
2024-04-24T01:29:08,811  INFO [main] ql.Driver: Executing command(queryId=alex_20240424012908_6906a644-d5cd-4d53-bdf0-d704436fbb30): create table acidTblPart(a int, b int) partitioned by (p string) clustered by (a) into 2 buckets stored as orc TBLPROPERTIES ('transactional'='true')
2024-04-24T01:29:08,811  INFO [main] ql.Driver: Starting task [Stage-0:DDL] in serial mode
2024-04-24T01:29:08,812  INFO [main] HiveMetaStore.audit: ugi=alex	ip=unknown-ip-addr	cmd=create_table_req: Table(tableName:acidTblPart, dbName:default, owner:alex, createTime:1713947348, lastAccessTime:0, retention:0, sd:StorageDescriptor(cols:[FieldSchema(name:a, type:int, comment:null), FieldSchema(name:b, type:int, comment:null)], location:null, inputFormat:org.apache.hadoop.hive.ql.io.orc.OrcInputFormat, outputFormat:org.apache.hadoop.hive.ql.io.orc.OrcOutputFormat, compressed:false, numBuckets:2, serdeInfo:SerDeInfo(name:null, serializationLib:org.apache.hadoop.hive.ql.io.orc.OrcSerde, parameters:{serialization.format=1}), bucketCols:[a], sortCols:[], parameters:{}, skewedInfo:SkewedInfo(skewedColNames:[], skewedColValues:[], skewedColValueLocationMaps:{}), storedAsSubDirectories:false), partitionKeys:[FieldSchema(name:p, type:string, comment:null)], parameters:{bucketing_version=2, transactional=true}, viewOriginalText:null, viewExpandedText:null, tableType:MANAGED_TABLE, privileges:PrincipalPrivilegeSet(userPrivileges:{alex=[PrivilegeGrantInfo(privilege:INSERT, createTime:-1, grantor:alex, grantorType:USER, grantOption:true), PrivilegeGrantInfo(privilege:SELECT, createTime:-1, grantor:alex, grantorType:USER, grantOption:true), PrivilegeGrantInfo(privilege:UPDATE, createTime:-1, grantor:alex, grantorType:USER, grantOption:true), PrivilegeGrantInfo(privilege:DELETE, createTime:-1, grantor:alex, grantorType:USER, grantOption:true)]}, groupPrivileges:null, rolePrivileges:null), temporary:false, catName:hive, ownerType:USER, writeId:0)	
2024-04-24T01:29:08,821  INFO [main] utils.FileUtils: Creating directory if it doesn't exist: file:/home/alex/Repositories/hive/ql/target/tmp/org.apache.hadoop.hive.ql.util.TestHiveStrictManagedMigration-1713947339080/warehouse/acidtblpart
2024-04-24T01:29:08,849  INFO [main] metadata.Hive: Dumping metastore api call timing information for : execution phase
2024-04-24T01:29:08,849  INFO [main] metadata.Hive: Total time spent in each metastore function (ms): {createTable_(Table)=37, isCompatibleWith_(Configuration)=0}
2024-04-24T01:29:08,849  INFO [main] ql.Driver: Completed executing command(queryId=alex_20240424012908_6906a644-d5cd-4d53-bdf0-d704436fbb30); Time taken: 0.038 seconds
2024-04-24T01:29:08,850  INFO [main] lockmgr.DbTxnManager: Stopped heartbeat for query: alex_20240424012908_6906a644-d5cd-4d53-bdf0-d704436fbb30
2024-04-24T01:29:08,856  INFO [main] txn.TxnHandler: Expected to move at least one record from txn_components to completed_txn_components when committing txn! txnid:8
2024-04-24T01:29:08,864  INFO [main] txn.TxnHandler: Removed transactions: ([8]) from MIN_HISTORY_LEVEL
2024-04-24T01:29:08,867  WARN [main] txn.CompactionTxnHandler: No compaction queue record found for Compaction type transaction commit. txnId:8
2024-04-24T01:29:08,867  INFO [main] ql.TxnCommandsBaseForTests: Running the query: create table nonAcidOrcTbl(a int, b int) clustered by (a) into 2 buckets stored as orc TBLPROPERTIES ('transactional'='false')
2024-04-24T01:29:08,868  INFO [main] ql.Driver: Compiling command(queryId=alex_20240424012908_e43bbbfe-bbe6-4eae-a383-fea27a04f659): create table nonAcidOrcTbl(a int, b int) clustered by (a) into 2 buckets stored as orc TBLPROPERTIES ('transactional'='false')
2024-04-24T01:29:08,872  INFO [main] txn.TxnHandler: Added entries to MIN_HISTORY_LEVEL for current txns: ([9]) with min_open_txn: 2
2024-04-24T01:29:08,872  INFO [main] lockmgr.DbTxnManager: Opened txnid:9
2024-04-24T01:29:08,874  INFO [main] parse.CalcitePlanner: Starting caching scope for: 
2024-04-24T01:29:08,874  INFO [main] parse.CalcitePlanner: Starting Semantic Analysis
2024-04-24T01:29:08,877  INFO [main] parse.CalcitePlanner: Creating table default.nonAcidOrcTbl position=13
2024-04-24T01:29:08,877  INFO [main] HiveMetaStore.audit: ugi=alex	ip=unknown-ip-addr	cmd=get_database: default	
2024-04-24T01:29:08,880  INFO [main] parse.CalcitePlanner: Ending caching scope for: 
2024-04-24T01:29:08,880  INFO [main] ql.Driver: Semantic Analysis Completed (retrial = false)
2024-04-24T01:29:08,880  INFO [main] ql.Driver: Created Hive schema: Schema(fieldSchemas:null, properties:null)
2024-04-24T01:29:08,880  INFO [main] metadata.Hive: Dumping metastore api call timing information for : compilation phase
2024-04-24T01:29:08,880  INFO [main] metadata.Hive: Total time spent in each metastore function (ms): {commitTxn_(CommitTxnRequest)=17, flushCache_()=0, getValidWriteIds_(List, String)=3, openTxn_(String, TxnType)=3, getDatabase_(String)=3, getValidTxns_(long)=1, isCompatibleWith_(Configuration)=0}
2024-04-24T01:29:08,880  INFO [main] ql.Driver: Completed compiling command(queryId=alex_20240424012908_e43bbbfe-bbe6-4eae-a383-fea27a04f659); Time taken: 0.012 seconds
2024-04-24T01:29:08,881  INFO [main] lockmgr.DbTxnManager: Setting lock request transaction to txnid:9 for queryId=alex_20240424012908_e43bbbfe-bbe6-4eae-a383-fea27a04f659
2024-04-24T01:29:08,881  INFO [main] lockmgr.DbLockManager: Requesting lock for queryId=alex_20240424012908_e43bbbfe-bbe6-4eae-a383-fea27a04f659
2024-04-24T01:29:08,915  INFO [main] lockmgr.DbLockManager: Response to queryId=alex_20240424012908_e43bbbfe-bbe6-4eae-a383-fea27a04f659 LockResponse(lockid:3, state:ACQUIRED)
2024-04-24T01:29:08,915  INFO [main] ql.Driver: Operation CREATETABLE obtained 1 locks
2024-04-24T01:29:08,915  INFO [main] ql.Driver: Executing command(queryId=alex_20240424012908_e43bbbfe-bbe6-4eae-a383-fea27a04f659): create table nonAcidOrcTbl(a int, b int) clustered by (a) into 2 buckets stored as orc TBLPROPERTIES ('transactional'='false')
2024-04-24T01:29:08,915  INFO [main] ql.Driver: Starting task [Stage-0:DDL] in serial mode
2024-04-24T01:29:08,917  INFO [main] HiveMetaStore.audit: ugi=alex	ip=unknown-ip-addr	cmd=create_table_req: Table(tableName:nonAcidOrcTbl, dbName:default, owner:alex, createTime:1713947348, lastAccessTime:0, retention:0, sd:StorageDescriptor(cols:[FieldSchema(name:a, type:int, comment:null), FieldSchema(name:b, type:int, comment:null)], location:null, inputFormat:org.apache.hadoop.hive.ql.io.orc.OrcInputFormat, outputFormat:org.apache.hadoop.hive.ql.io.orc.OrcOutputFormat, compressed:false, numBuckets:2, serdeInfo:SerDeInfo(name:null, serializationLib:org.apache.hadoop.hive.ql.io.orc.OrcSerde, parameters:{serialization.format=1}), bucketCols:[a], sortCols:[], parameters:{}, skewedInfo:SkewedInfo(skewedColNames:[], skewedColValues:[], skewedColValueLocationMaps:{}), storedAsSubDirectories:false), partitionKeys:[], parameters:{transactional=false, bucketing_version=2, rawDataSize=0, numFiles=0, COLUMN_STATS_ACCURATE={"BASIC_STATS":"true","COLUMN_STATS":{"a":"true","b":"true"}}, numFilesErasureCoded=0, numRows=0, totalSize=0}, viewOriginalText:null, viewExpandedText:null, tableType:MANAGED_TABLE, privileges:PrincipalPrivilegeSet(userPrivileges:{alex=[PrivilegeGrantInfo(privilege:INSERT, createTime:-1, grantor:alex, grantorType:USER, grantOption:true), PrivilegeGrantInfo(privilege:SELECT, createTime:-1, grantor:alex, grantorType:USER, grantOption:true), PrivilegeGrantInfo(privilege:UPDATE, createTime:-1, grantor:alex, grantorType:USER, grantOption:true), PrivilegeGrantInfo(privilege:DELETE, createTime:-1, grantor:alex, grantorType:USER, grantOption:true)]}, groupPrivileges:null, rolePrivileges:null), temporary:false, catName:hive, ownerType:USER)	
2024-04-24T01:29:08,930  INFO [main] utils.FileUtils: Creating directory if it doesn't exist: file:/home/alex/Repositories/hive/ql/target/tmp/org.apache.hadoop.hive.ql.util.TestHiveStrictManagedMigration-1713947339080/warehouse/nonacidorctbl
2024-04-24T01:29:08,977  INFO [main] metadata.Hive: Dumping metastore api call timing information for : execution phase
2024-04-24T01:29:08,977  INFO [main] metadata.Hive: Total time spent in each metastore function (ms): {isCompatibleWith_(Configuration)=1, createTable_(Table)=60}
2024-04-24T01:29:08,977  INFO [main] ql.Driver: Completed executing command(queryId=alex_20240424012908_e43bbbfe-bbe6-4eae-a383-fea27a04f659); Time taken: 0.062 seconds
2024-04-24T01:29:08,978  INFO [main] lockmgr.DbTxnManager: Stopped heartbeat for query: alex_20240424012908_e43bbbfe-bbe6-4eae-a383-fea27a04f659
2024-04-24T01:29:08,984  INFO [main] txn.TxnHandler: Expected to move at least one record from txn_components to completed_txn_components when committing txn! txnid:9
2024-04-24T01:29:08,996  INFO [main] txn.TxnHandler: Removed transactions: ([9]) from MIN_HISTORY_LEVEL
2024-04-24T01:29:08,996  WARN [main] txn.CompactionTxnHandler: No compaction queue record found for Compaction type transaction commit. txnId:9
2024-04-24T01:29:08,997  INFO [main] ql.TxnCommandsBaseForTests: Running the query: create table nonAcidOrcTbl2(a int, b int) clustered by (a) into 2 buckets stored as orc TBLPROPERTIES ('transactional'='false')
2024-04-24T01:29:08,998  INFO [main] ql.Driver: Compiling command(queryId=alex_20240424012908_4ceac386-33e9-49b3-8c16-7b2beed253a3): create table nonAcidOrcTbl2(a int, b int) clustered by (a) into 2 buckets stored as orc TBLPROPERTIES ('transactional'='false')
2024-04-24T01:29:09,004  INFO [main] txn.TxnHandler: Added entries to MIN_HISTORY_LEVEL for current txns: ([10]) with min_open_txn: 2
2024-04-24T01:29:09,004  INFO [main] lockmgr.DbTxnManager: Opened txnid:10
2024-04-24T01:29:09,006  INFO [main] parse.CalcitePlanner: Starting caching scope for: 
2024-04-24T01:29:09,006  INFO [main] parse.CalcitePlanner: Starting Semantic Analysis
2024-04-24T01:29:09,012  INFO [main] parse.CalcitePlanner: Creating table default.nonAcidOrcTbl2 position=13
2024-04-24T01:29:09,012  INFO [main] HiveMetaStore.audit: ugi=alex	ip=unknown-ip-addr	cmd=get_database: default	
2024-04-24T01:29:09,017  INFO [main] parse.CalcitePlanner: Ending caching scope for: 
2024-04-24T01:29:09,017  INFO [main] ql.Driver: Semantic Analysis Completed (retrial = false)
2024-04-24T01:29:09,017  INFO [main] ql.Driver: Created Hive schema: Schema(fieldSchemas:null, properties:null)
2024-04-24T01:29:09,017  INFO [main] metadata.Hive: Dumping metastore api call timing information for : compilation phase
2024-04-24T01:29:09,017  INFO [main] metadata.Hive: Total time spent in each metastore function (ms): {commitTxn_(CommitTxnRequest)=19, getDatabase_(String)=4, isCompatibleWith_(Configuration)=0, openTxn_(String, TxnType)=4, getValidWriteIds_(List, String)=6, flushCache_()=1, getValidTxns_(long)=1}
2024-04-24T01:29:09,018  INFO [main] ql.Driver: Completed compiling command(queryId=alex_20240424012908_4ceac386-33e9-49b3-8c16-7b2beed253a3); Time taken: 0.019 seconds
2024-04-24T01:29:09,018  INFO [main] lockmgr.DbTxnManager: Setting lock request transaction to txnid:10 for queryId=alex_20240424012908_4ceac386-33e9-49b3-8c16-7b2beed253a3
2024-04-24T01:29:09,019  INFO [main] lockmgr.DbLockManager: Requesting lock for queryId=alex_20240424012908_4ceac386-33e9-49b3-8c16-7b2beed253a3
2024-04-24T01:29:09,061  INFO [main] lockmgr.DbLockManager: Response to queryId=alex_20240424012908_4ceac386-33e9-49b3-8c16-7b2beed253a3 LockResponse(lockid:4, state:ACQUIRED)
2024-04-24T01:29:09,061  INFO [main] ql.Driver: Operation CREATETABLE obtained 1 locks
2024-04-24T01:29:09,061  INFO [main] ql.Driver: Executing command(queryId=alex_20240424012908_4ceac386-33e9-49b3-8c16-7b2beed253a3): create table nonAcidOrcTbl2(a int, b int) clustered by (a) into 2 buckets stored as orc TBLPROPERTIES ('transactional'='false')
2024-04-24T01:29:09,062  INFO [main] ql.Driver: Starting task [Stage-0:DDL] in serial mode
2024-04-24T01:29:09,064  INFO [main] HiveMetaStore.audit: ugi=alex	ip=unknown-ip-addr	cmd=create_table_req: Table(tableName:nonAcidOrcTbl2, dbName:default, owner:alex, createTime:1713947349, lastAccessTime:0, retention:0, sd:StorageDescriptor(cols:[FieldSchema(name:a, type:int, comment:null), FieldSchema(name:b, type:int, comment:null)], location:null, inputFormat:org.apache.hadoop.hive.ql.io.orc.OrcInputFormat, outputFormat:org.apache.hadoop.hive.ql.io.orc.OrcOutputFormat, compressed:false, numBuckets:2, serdeInfo:SerDeInfo(name:null, serializationLib:org.apache.hadoop.hive.ql.io.orc.OrcSerde, parameters:{serialization.format=1}), bucketCols:[a], sortCols:[], parameters:{}, skewedInfo:SkewedInfo(skewedColNames:[], skewedColValues:[], skewedColValueLocationMaps:{}), storedAsSubDirectories:false), partitionKeys:[], parameters:{numRows=0, transactional=false, numFilesErasureCoded=0, totalSize=0, COLUMN_STATS_ACCURATE={"BASIC_STATS":"true","COLUMN_STATS":{"a":"true","b":"true"}}, bucketing_version=2, numFiles=0, rawDataSize=0}, viewOriginalText:null, viewExpandedText:null, tableType:MANAGED_TABLE, privileges:PrincipalPrivilegeSet(userPrivileges:{alex=[PrivilegeGrantInfo(privilege:INSERT, createTime:-1, grantor:alex, grantorType:USER, grantOption:true), PrivilegeGrantInfo(privilege:SELECT, createTime:-1, grantor:alex, grantorType:USER, grantOption:true), PrivilegeGrantInfo(privilege:UPDATE, createTime:-1, grantor:alex, grantorType:USER, grantOption:true), PrivilegeGrantInfo(privilege:DELETE, createTime:-1, grantor:alex, grantorType:USER, grantOption:true)]}, groupPrivileges:null, rolePrivileges:null), temporary:false, catName:hive, ownerType:USER)	
2024-04-24T01:29:09,076  INFO [main] utils.FileUtils: Creating directory if it doesn't exist: file:/home/alex/Repositories/hive/ql/target/tmp/org.apache.hadoop.hive.ql.util.TestHiveStrictManagedMigration-1713947339080/warehouse/nonacidorctbl2
2024-04-24T01:29:09,106  INFO [main] metadata.Hive: Dumping metastore api call timing information for : execution phase
2024-04-24T01:29:09,106  INFO [main] metadata.Hive: Total time spent in each metastore function (ms): {createTable_(Table)=42, isCompatibleWith_(Configuration)=0}
2024-04-24T01:29:09,106  INFO [main] ql.Driver: Completed executing command(queryId=alex_20240424012908_4ceac386-33e9-49b3-8c16-7b2beed253a3); Time taken: 0.045 seconds
2024-04-24T01:29:09,106  INFO [main] lockmgr.DbTxnManager: Stopped heartbeat for query: alex_20240424012908_4ceac386-33e9-49b3-8c16-7b2beed253a3
2024-04-24T01:29:09,112  INFO [main] txn.TxnHandler: Expected to move at least one record from txn_components to completed_txn_components when committing txn! txnid:10
2024-04-24T01:29:09,122  INFO [main] txn.TxnHandler: Removed transactions: ([10]) from MIN_HISTORY_LEVEL
2024-04-24T01:29:09,123  WARN [main] txn.CompactionTxnHandler: No compaction queue record found for Compaction type transaction commit. txnId:10
2024-04-24T01:29:09,124  INFO [main] ql.TxnCommandsBaseForTests: Running the query: create temporary  table acidTbl2(a int, b int, c int) clustered by (c) into 2 buckets stored as orc TBLPROPERTIES ('transactional'='true')
2024-04-24T01:29:09,124  INFO [main] ql.Driver: Compiling command(queryId=alex_20240424012909_585f0a01-ae82-4b71-87f5-989b218a3de5): create temporary  table acidTbl2(a int, b int, c int) clustered by (c) into 2 buckets stored as orc TBLPROPERTIES ('transactional'='true')
2024-04-24T01:29:09,130  INFO [main] txn.TxnHandler: Added entries to MIN_HISTORY_LEVEL for current txns: ([11]) with min_open_txn: 5
2024-04-24T01:29:09,130  INFO [main] lockmgr.DbTxnManager: Opened txnid:11
2024-04-24T01:29:09,132  INFO [main] parse.CalcitePlanner: Starting caching scope for: 
2024-04-24T01:29:09,132  INFO [main] parse.CalcitePlanner: Starting Semantic Analysis
2024-04-24T01:29:09,137  INFO [main] parse.CalcitePlanner: Creating table default.acidTbl2 position=24
2024-04-24T01:29:09,137  INFO [main] HiveMetaStore.audit: ugi=alex	ip=unknown-ip-addr	cmd=get_database: default	
2024-04-24T01:29:09,139  INFO [main] parse.CalcitePlanner: Ending caching scope for: 
2024-04-24T01:29:09,139  INFO [main] ql.Driver: Semantic Analysis Completed (retrial = false)
2024-04-24T01:29:09,139  INFO [main] ql.Driver: Created Hive schema: Schema(fieldSchemas:null, properties:null)
2024-04-24T01:29:09,140  INFO [main] metadata.Hive: Dumping metastore api call timing information for : compilation phase
2024-04-24T01:29:09,140  INFO [main] metadata.Hive: Total time spent in each metastore function (ms): {commitTxn_(CommitTxnRequest)=17, getValidTxns_(long)=1, getDatabase_(String)=2, getValidWriteIds_(List, String)=3, flushCache_()=0, openTxn_(String, TxnType)=4, isCompatibleWith_(Configuration)=2}
2024-04-24T01:29:09,140  INFO [main] ql.Driver: Completed compiling command(queryId=alex_20240424012909_585f0a01-ae82-4b71-87f5-989b218a3de5); Time taken: 0.015 seconds
2024-04-24T01:29:09,140  INFO [main] lockmgr.DbTxnManager: Setting lock request transaction to txnid:11 for queryId=alex_20240424012909_585f0a01-ae82-4b71-87f5-989b218a3de5
2024-04-24T01:29:09,140  INFO [main] lockmgr.DbLockManager: Requesting lock for queryId=alex_20240424012909_585f0a01-ae82-4b71-87f5-989b218a3de5
2024-04-24T01:29:09,171  INFO [main] lockmgr.DbLockManager: Response to queryId=alex_20240424012909_585f0a01-ae82-4b71-87f5-989b218a3de5 LockResponse(lockid:5, state:ACQUIRED)
2024-04-24T01:29:09,171  INFO [main] ql.Driver: Operation CREATETABLE obtained 1 locks
2024-04-24T01:29:09,173  INFO [main] ql.Driver: Executing command(queryId=alex_20240424012909_585f0a01-ae82-4b71-87f5-989b218a3de5): create temporary  table acidTbl2(a int, b int, c int) clustered by (c) into 2 buckets stored as orc TBLPROPERTIES ('transactional'='true')
2024-04-24T01:29:09,173  INFO [main] ql.Driver: Starting task [Stage-0:DDL] in serial mode
2024-04-24T01:29:09,175  INFO [main] utils.FileUtils: Creating directory if it doesn't exist: file:/home/alex/Repositories/hive/ql/target/tmp/scratchdir/alex/ceaf7aac-49ac-4a40-9402-33af821de1a6/_tmp_space.db/c20d7e80-224c-43b7-99bb-23d92166950f
2024-04-24T01:29:09,179  INFO [main] metadata.Hive: Dumping metastore api call timing information for : execution phase
2024-04-24T01:29:09,179  INFO [main] metadata.Hive: Total time spent in each metastore function (ms): {createTable_(Table)=4, isCompatibleWith_(Configuration)=0}
2024-04-24T01:29:09,180  INFO [main] ql.Driver: Completed executing command(queryId=alex_20240424012909_585f0a01-ae82-4b71-87f5-989b218a3de5); Time taken: 0.006 seconds
2024-04-24T01:29:09,180  INFO [main] lockmgr.DbTxnManager: Stopped heartbeat for query: alex_20240424012909_585f0a01-ae82-4b71-87f5-989b218a3de5
2024-04-24T01:29:09,187  INFO [main] txn.TxnHandler: Expected to move at least one record from txn_components to completed_txn_components when committing txn! txnid:11
2024-04-24T01:29:09,196  INFO [main] txn.TxnHandler: Removed transactions: ([11]) from MIN_HISTORY_LEVEL
2024-04-24T01:29:09,197  WARN [main] txn.CompactionTxnHandler: No compaction queue record found for Compaction type transaction commit. txnId:11
2024-04-24T01:29:09,198  INFO [main] ql.TxnCommandsBaseForTests: Running the query: create table nonAcidNonBucket(a int, b int) stored as orc TBLPROPERTIES ('transactional'='false')
2024-04-24T01:29:09,198  INFO [main] ql.Driver: Compiling command(queryId=alex_20240424012909_ca50bf88-9cf3-4e1a-8614-cc2cd41520b5): create table nonAcidNonBucket(a int, b int) stored as orc TBLPROPERTIES ('transactional'='false')
2024-04-24T01:29:09,203  INFO [main] txn.TxnHandler: Added entries to MIN_HISTORY_LEVEL for current txns: ([12]) with min_open_txn: 7
2024-04-24T01:29:09,203  INFO [main] lockmgr.DbTxnManager: Opened txnid:12
2024-04-24T01:29:09,205  INFO [main] parse.CalcitePlanner: Starting caching scope for: 
2024-04-24T01:29:09,205  INFO [main] parse.CalcitePlanner: Starting Semantic Analysis
2024-04-24T01:29:09,208  INFO [main] parse.CalcitePlanner: Creating table default.nonAcidNonBucket position=13
2024-04-24T01:29:09,209  INFO [main] HiveMetaStore.audit: ugi=alex	ip=unknown-ip-addr	cmd=get_database: default	
2024-04-24T01:29:09,211  INFO [main] parse.CalcitePlanner: Ending caching scope for: 
2024-04-24T01:29:09,211  INFO [main] ql.Driver: Semantic Analysis Completed (retrial = false)
2024-04-24T01:29:09,211  INFO [main] ql.Driver: Created Hive schema: Schema(fieldSchemas:null, properties:null)
2024-04-24T01:29:09,212  INFO [main] metadata.Hive: Dumping metastore api call timing information for : compilation phase
2024-04-24T01:29:09,212  INFO [main] metadata.Hive: Total time spent in each metastore function (ms): {flushCache_()=0, commitTxn_(CommitTxnRequest)=17, getValidTxns_(long)=1, getDatabase_(String)=3, isCompatibleWith_(Configuration)=1, getValidWriteIds_(List, String)=3, openTxn_(String, TxnType)=3}
2024-04-24T01:29:09,212  INFO [main] ql.Driver: Completed compiling command(queryId=alex_20240424012909_ca50bf88-9cf3-4e1a-8614-cc2cd41520b5); Time taken: 0.013 seconds
2024-04-24T01:29:09,212  INFO [main] lockmgr.DbTxnManager: Setting lock request transaction to txnid:12 for queryId=alex_20240424012909_ca50bf88-9cf3-4e1a-8614-cc2cd41520b5
2024-04-24T01:29:09,213  INFO [main] lockmgr.DbLockManager: Requesting lock for queryId=alex_20240424012909_ca50bf88-9cf3-4e1a-8614-cc2cd41520b5
2024-04-24T01:29:09,246  INFO [main] lockmgr.DbLockManager: Response to queryId=alex_20240424012909_ca50bf88-9cf3-4e1a-8614-cc2cd41520b5 LockResponse(lockid:6, state:ACQUIRED)
2024-04-24T01:29:09,246  INFO [main] ql.Driver: Operation CREATETABLE obtained 1 locks
2024-04-24T01:29:09,246  INFO [main] ql.Driver: Executing command(queryId=alex_20240424012909_ca50bf88-9cf3-4e1a-8614-cc2cd41520b5): create table nonAcidNonBucket(a int, b int) stored as orc TBLPROPERTIES ('transactional'='false')
2024-04-24T01:29:09,246  INFO [main] ql.Driver: Starting task [Stage-0:DDL] in serial mode
2024-04-24T01:29:09,247  INFO [main] HiveMetaStore.audit: ugi=alex	ip=unknown-ip-addr	cmd=create_table_req: Table(tableName:nonAcidNonBucket, dbName:default, owner:alex, createTime:1713947349, lastAccessTime:0, retention:0, sd:StorageDescriptor(cols:[FieldSchema(name:a, type:int, comment:null), FieldSchema(name:b, type:int, comment:null)], location:null, inputFormat:org.apache.hadoop.hive.ql.io.orc.OrcInputFormat, outputFormat:org.apache.hadoop.hive.ql.io.orc.OrcOutputFormat, compressed:false, numBuckets:-1, serdeInfo:SerDeInfo(name:null, serializationLib:org.apache.hadoop.hive.ql.io.orc.OrcSerde, parameters:{serialization.format=1}), bucketCols:[], sortCols:[], parameters:{}, skewedInfo:SkewedInfo(skewedColNames:[], skewedColValues:[], skewedColValueLocationMaps:{}), storedAsSubDirectories:false), partitionKeys:[], parameters:{COLUMN_STATS_ACCURATE={"BASIC_STATS":"true","COLUMN_STATS":{"a":"true","b":"true"}}, rawDataSize=0, numFilesErasureCoded=0, numRows=0, totalSize=0, numFiles=0, bucketing_version=2, transactional=false}, viewOriginalText:null, viewExpandedText:null, tableType:MANAGED_TABLE, privileges:PrincipalPrivilegeSet(userPrivileges:{alex=[PrivilegeGrantInfo(privilege:INSERT, createTime:-1, grantor:alex, grantorType:USER, grantOption:true), PrivilegeGrantInfo(privilege:SELECT, createTime:-1, grantor:alex, grantorType:USER, grantOption:true), PrivilegeGrantInfo(privilege:UPDATE, createTime:-1, grantor:alex, grantorType:USER, grantOption:true), PrivilegeGrantInfo(privilege:DELETE, createTime:-1, grantor:alex, grantorType:USER, grantOption:true)]}, groupPrivileges:null, rolePrivileges:null), temporary:false, catName:hive, ownerType:USER)	
2024-04-24T01:29:09,258  INFO [main] utils.FileUtils: Creating directory if it doesn't exist: file:/home/alex/Repositories/hive/ql/target/tmp/org.apache.hadoop.hive.ql.util.TestHiveStrictManagedMigration-1713947339080/warehouse/nonacidnonbucket
2024-04-24T01:29:09,292  INFO [main] metadata.Hive: Dumping metastore api call timing information for : execution phase
2024-04-24T01:29:09,292  INFO [main] metadata.Hive: Total time spent in each metastore function (ms): {isCompatibleWith_(Configuration)=0, createTable_(Table)=44}
2024-04-24T01:29:09,292  INFO [main] ql.Driver: Completed executing command(queryId=alex_20240424012909_ca50bf88-9cf3-4e1a-8614-cc2cd41520b5); Time taken: 0.046 seconds
2024-04-24T01:29:09,292  INFO [main] lockmgr.DbTxnManager: Stopped heartbeat for query: alex_20240424012909_ca50bf88-9cf3-4e1a-8614-cc2cd41520b5
2024-04-24T01:29:09,301  INFO [main] txn.TxnHandler: Expected to move at least one record from txn_components to completed_txn_components when committing txn! txnid:12
2024-04-24T01:29:09,313  INFO [main] txn.TxnHandler: Removed transactions: ([12]) from MIN_HISTORY_LEVEL
2024-04-24T01:29:09,314  WARN [main] txn.CompactionTxnHandler: No compaction queue record found for Compaction type transaction commit. txnId:12
2024-04-24T01:29:09,315  INFO [main] metastore.HiveMetaStoreClientWithLocalCache: Initializing local cache in HiveMetaStoreClient...
2024-04-24T01:29:09,343  INFO [main] metastore.HiveMetaStoreClientWithLocalCache: Local cache initialized in HiveMetaStoreClient: com.github.benmanes.caffeine.cache.BoundedLocalCache$BoundedLocalManualCache@1686ed85
2024-04-24T01:29:09,344  INFO [main] ql.TxnCommandsBaseForTests: Running the query: DROP TABLE IF EXISTS test.TAcid
2024-04-24T01:29:09,344  INFO [main] ql.Driver: Compiling command(queryId=alex_20240424012909_af0c9315-287a-482b-8e1d-2f1c3293d094): DROP TABLE IF EXISTS test.TAcid
2024-04-24T01:29:09,349  INFO [main] txn.TxnHandler: Added entries to MIN_HISTORY_LEVEL for current txns: ([13]) with min_open_txn: 8
2024-04-24T01:29:09,349  INFO [main] lockmgr.DbTxnManager: Opened txnid:13
2024-04-24T01:29:09,351  INFO [main] HiveMetaStore.audit: ugi=alex	ip=unknown-ip-addr	cmd=get_table : tbl=hive.test.TAcid	
2024-04-24T01:29:09,354  INFO [main] ql.Driver: Semantic Analysis Completed (retrial = false)
2024-04-24T01:29:09,354  INFO [main] ql.Driver: Created Hive schema: Schema(fieldSchemas:null, properties:null)
2024-04-24T01:29:09,355  INFO [main] metadata.Hive: Dumping metastore api call timing information for : compilation phase
2024-04-24T01:29:09,355  INFO [main] metadata.Hive: Total time spent in each metastore function (ms): {getValidTxns_(long)=1, openTxn_(String, TxnType)=3, flushCache_()=0, isCompatibleWith_(Configuration)=1, commitTxn_(CommitTxnRequest)=22}
2024-04-24T01:29:09,355  INFO [main] ql.Driver: Completed compiling command(queryId=alex_20240424012909_af0c9315-287a-482b-8e1d-2f1c3293d094); Time taken: 0.011 seconds
2024-04-24T01:29:09,356  INFO [main] lockmgr.DbTxnManager: Setting lock request transaction to txnid:13 for queryId=alex_20240424012909_af0c9315-287a-482b-8e1d-2f1c3293d094
2024-04-24T01:29:09,356  INFO [main] ql.Driver: Operation DROPTABLE obtained 0 locks
2024-04-24T01:29:09,356  INFO [main] ql.Driver: Executing command(queryId=alex_20240424012909_af0c9315-287a-482b-8e1d-2f1c3293d094): DROP TABLE IF EXISTS test.TAcid
2024-04-24T01:29:09,356  INFO [main] ql.Driver: Starting task [Stage-0:DDL] in serial mode
2024-04-24T01:29:09,356  INFO [main] HiveMetaStore.audit: ugi=alex	ip=unknown-ip-addr	cmd=get_table : tbl=hive.test.TAcid	
2024-04-24T01:29:09,360  INFO [main] metadata.Hive: Dumping metastore api call timing information for : execution phase
2024-04-24T01:29:09,360  INFO [main] metadata.Hive: Total time spent in each metastore function (ms): {isCompatibleWith_(Configuration)=0}
2024-04-24T01:29:09,360  INFO [main] ql.Driver: Completed executing command(queryId=alex_20240424012909_af0c9315-287a-482b-8e1d-2f1c3293d094); Time taken: 0.004 seconds
2024-04-24T01:29:09,360  INFO [main] lockmgr.DbTxnManager: Stopped heartbeat for query: alex_20240424012909_af0c9315-287a-482b-8e1d-2f1c3293d094
2024-04-24T01:29:09,368  INFO [main] txn.TxnHandler: Expected to move at least one record from txn_components to completed_txn_components when committing txn! txnid:13
2024-04-24T01:29:09,378  INFO [main] txn.TxnHandler: Removed transactions: ([13]) from MIN_HISTORY_LEVEL
2024-04-24T01:29:09,379  WARN [main] txn.CompactionTxnHandler: No compaction queue record found for Compaction type transaction commit. txnId:13
2024-04-24T01:29:09,379  INFO [main] ql.TxnCommandsBaseForTests: Running the query: DROP DATABASE IF EXISTS test
2024-04-24T01:29:09,380  INFO [main] ql.Driver: Compiling command(queryId=alex_20240424012909_b3986672-e819-4544-ad79-efa2ac1ae42a): DROP DATABASE IF EXISTS test
2024-04-24T01:29:09,384  INFO [main] txn.TxnHandler: Added entries to MIN_HISTORY_LEVEL for current txns: ([14]) with min_open_txn: 8
2024-04-24T01:29:09,384  INFO [main] lockmgr.DbTxnManager: Opened txnid:14
2024-04-24T01:29:09,386  INFO [main] HiveMetaStore.audit: ugi=alex	ip=unknown-ip-addr	cmd=get_database: test	
2024-04-24T01:29:09,387  INFO [main] ql.Driver: Semantic Analysis Completed (retrial = false)
2024-04-24T01:29:09,387  INFO [main] ql.Driver: Created Hive schema: Schema(fieldSchemas:null, properties:null)
2024-04-24T01:29:09,387  INFO [main] metadata.Hive: Dumping metastore api call timing information for : compilation phase
2024-04-24T01:29:09,387  INFO [main] metadata.Hive: Total time spent in each metastore function (ms): {isCompatibleWith_(Configuration)=0, getValidTxns_(long)=1, openTxn_(String, TxnType)=3, flushCache_()=1, commitTxn_(CommitTxnRequest)=18}
2024-04-24T01:29:09,388  INFO [main] ql.Driver: Completed compiling command(queryId=alex_20240424012909_b3986672-e819-4544-ad79-efa2ac1ae42a); Time taken: 0.007 seconds
2024-04-24T01:29:09,388  INFO [main] lockmgr.DbTxnManager: Setting lock request transaction to txnid:14 for queryId=alex_20240424012909_b3986672-e819-4544-ad79-efa2ac1ae42a
2024-04-24T01:29:09,388  INFO [main] ql.Driver: Operation DROPDATABASE obtained 0 locks
2024-04-24T01:29:09,388  INFO [main] ql.Driver: Executing command(queryId=alex_20240424012909_b3986672-e819-4544-ad79-efa2ac1ae42a): DROP DATABASE IF EXISTS test
2024-04-24T01:29:09,388  INFO [main] metadata.Hive: Dumping metastore api call timing information for : execution phase
2024-04-24T01:29:09,388  INFO [main] metadata.Hive: Total time spent in each metastore function (ms): {}
2024-04-24T01:29:09,390  INFO [main] ql.Driver: Completed executing command(queryId=alex_20240424012909_b3986672-e819-4544-ad79-efa2ac1ae42a); Time taken: 0.0 seconds
2024-04-24T01:29:09,390  INFO [main] lockmgr.DbTxnManager: Stopped heartbeat for query: alex_20240424012909_b3986672-e819-4544-ad79-efa2ac1ae42a
2024-04-24T01:29:09,397  INFO [main] txn.TxnHandler: Expected to move at least one record from txn_components to completed_txn_components when committing txn! txnid:14
2024-04-24T01:29:09,405  INFO [main] txn.TxnHandler: Removed transactions: ([14]) from MIN_HISTORY_LEVEL
2024-04-24T01:29:09,405  WARN [main] txn.CompactionTxnHandler: No compaction queue record found for Compaction type transaction commit. txnId:14
2024-04-24T01:29:09,406  INFO [main] ql.TxnCommandsBaseForTests: Running the query: CREATE DATABASE test
2024-04-24T01:29:09,407  INFO [main] ql.Driver: Compiling command(queryId=alex_20240424012909_ea3d26aa-2542-41bb-91eb-08135a9ecafe): CREATE DATABASE test
2024-04-24T01:29:09,411  INFO [main] txn.TxnHandler: Added entries to MIN_HISTORY_LEVEL for current txns: ([15]) with min_open_txn: 8
2024-04-24T01:29:09,412  INFO [main] lockmgr.DbTxnManager: Opened txnid:15
2024-04-24T01:29:09,413  INFO [main] ql.Driver: Semantic Analysis Completed (retrial = false)
2024-04-24T01:29:09,413  INFO [main] ql.Driver: Created Hive schema: Schema(fieldSchemas:null, properties:null)
2024-04-24T01:29:09,414  INFO [main] metadata.Hive: Dumping metastore api call timing information for : compilation phase
2024-04-24T01:29:09,414  INFO [main] metadata.Hive: Total time spent in each metastore function (ms): {isCompatibleWith_(Configuration)=0, getValidTxns_(long)=1, flushCache_()=1, openTxn_(String, TxnType)=4, commitTxn_(CommitTxnRequest)=16}
2024-04-24T01:29:09,414  INFO [main] ql.Driver: Completed compiling command(queryId=alex_20240424012909_ea3d26aa-2542-41bb-91eb-08135a9ecafe); Time taken: 0.007 seconds
2024-04-24T01:29:09,414  INFO [main] lockmgr.DbTxnManager: Setting lock request transaction to txnid:15 for queryId=alex_20240424012909_ea3d26aa-2542-41bb-91eb-08135a9ecafe
2024-04-24T01:29:09,414  INFO [main] ql.Driver: Operation CREATEDATABASE obtained 0 locks
2024-04-24T01:29:09,415  INFO [main] ql.Driver: Executing command(queryId=alex_20240424012909_ea3d26aa-2542-41bb-91eb-08135a9ecafe): CREATE DATABASE test
2024-04-24T01:29:09,415  INFO [main] ql.Driver: Starting task [Stage-0:DDL] in serial mode
2024-04-24T01:29:09,415  WARN [main] exec.DDLTask: metastore.warehouse.external.dir is not set, falling back to metastore.warehouse.dir. This could cause external tables to use to managed tablespace.
2024-04-24T01:29:09,416  INFO [main] HiveMetaStore.audit: ugi=alex	ip=unknown-ip-addr	cmd=create_database: Database(name:test, description:null, locationUri:file:/home/alex/Repositories/hive/ql/target/tmp/org.apache.hadoop.hive.ql.util.TestHiveStrictManagedMigration-1713947339080/warehouse/test.db, parameters:null, ownerName:alex, ownerType:USER, catalogName:hive, type:NATIVE)	
2024-04-24T01:29:09,425  INFO [main] metastore.HMSHandler: Creating database path in external directory file:/home/alex/Repositories/hive/ql/target/tmp/org.apache.hadoop.hive.ql.util.TestHiveStrictManagedMigration-1713947339080/warehouse/test.db
2024-04-24T01:29:09,425  INFO [main] utils.FileUtils: Creating directory if it doesn't exist: file:/home/alex/Repositories/hive/ql/target/tmp/org.apache.hadoop.hive.ql.util.TestHiveStrictManagedMigration-1713947339080/warehouse/test.db
2024-04-24T01:29:09,428  INFO [main] metastore.HMSHandler: Created database path in external directory file:/home/alex/Repositories/hive/ql/target/tmp/org.apache.hadoop.hive.ql.util.TestHiveStrictManagedMigration-1713947339080/warehouse/test.db
2024-04-24T01:29:09,434  INFO [main] metadata.Hive: Dumping metastore api call timing information for : execution phase
2024-04-24T01:29:09,434  INFO [main] metadata.Hive: Total time spent in each metastore function (ms): {createDatabase_(Database)=17, isCompatibleWith_(Configuration)=0}
2024-04-24T01:29:09,434  INFO [main] ql.Driver: Completed executing command(queryId=alex_20240424012909_ea3d26aa-2542-41bb-91eb-08135a9ecafe); Time taken: 0.018 seconds
2024-04-24T01:29:09,434  INFO [main] lockmgr.DbTxnManager: Stopped heartbeat for query: alex_20240424012909_ea3d26aa-2542-41bb-91eb-08135a9ecafe
2024-04-24T01:29:09,441  INFO [main] txn.TxnHandler: Expected to move at least one record from txn_components to completed_txn_components when committing txn! txnid:15
2024-04-24T01:29:09,448  INFO [main] txn.TxnHandler: Removed transactions: ([15]) from MIN_HISTORY_LEVEL
2024-04-24T01:29:09,449  WARN [main] txn.CompactionTxnHandler: No compaction queue record found for Compaction type transaction commit. txnId:15
2024-04-24T01:29:09,450  INFO [main] ql.TxnCommandsBaseForTests: Running the query: CREATE TABLE test.TAcid (a int, b int) CLUSTERED BY (b) INTO 2 BUCKETS STORED AS orc TBLPROPERTIES ('transactional'='true')
2024-04-24T01:29:09,451  INFO [main] ql.Driver: Compiling command(queryId=alex_20240424012909_d0653730-ddd0-4000-a6cc-c7b784c0281e): CREATE TABLE test.TAcid (a int, b int) CLUSTERED BY (b) INTO 2 BUCKETS STORED AS orc TBLPROPERTIES ('transactional'='true')
2024-04-24T01:29:09,456  INFO [main] txn.TxnHandler: Added entries to MIN_HISTORY_LEVEL for current txns: ([16]) with min_open_txn: 8
2024-04-24T01:29:09,457  INFO [main] lockmgr.DbTxnManager: Opened txnid:16
2024-04-24T01:29:09,459  INFO [main] parse.CalcitePlanner: Starting caching scope for: 
2024-04-24T01:29:09,459  INFO [main] parse.CalcitePlanner: Starting Semantic Analysis
2024-04-24T01:29:09,463  INFO [main] parse.CalcitePlanner: Creating table test.TAcid position=13
2024-04-24T01:29:09,464  INFO [main] HiveMetaStore.audit: ugi=alex	ip=unknown-ip-addr	cmd=get_database: test	
2024-04-24T01:29:09,469  INFO [main] parse.CalcitePlanner: Ending caching scope for: 
2024-04-24T01:29:09,469  INFO [main] ql.Driver: Semantic Analysis Completed (retrial = false)
2024-04-24T01:29:09,469  INFO [main] ql.Driver: Created Hive schema: Schema(fieldSchemas:null, properties:null)
2024-04-24T01:29:09,469  INFO [main] metadata.Hive: Dumping metastore api call timing information for : compilation phase
2024-04-24T01:29:09,469  INFO [main] metadata.Hive: Total time spent in each metastore function (ms): {isCompatibleWith_(Configuration)=0, getValidTxns_(long)=2, commitTxn_(CommitTxnRequest)=16, openTxn_(String, TxnType)=5, getValidWriteIds_(List, String)=4, flushCache_()=1, getDatabase_(String)=6}
2024-04-24T01:29:09,470  INFO [main] ql.Driver: Completed compiling command(queryId=alex_20240424012909_d0653730-ddd0-4000-a6cc-c7b784c0281e); Time taken: 0.018 seconds
2024-04-24T01:29:09,470  INFO [main] lockmgr.DbTxnManager: Setting lock request transaction to txnid:16 for queryId=alex_20240424012909_d0653730-ddd0-4000-a6cc-c7b784c0281e
2024-04-24T01:29:09,470  INFO [main] lockmgr.DbLockManager: Requesting lock for queryId=alex_20240424012909_d0653730-ddd0-4000-a6cc-c7b784c0281e
2024-04-24T01:29:09,492  INFO [main] lockmgr.DbLockManager: Response to queryId=alex_20240424012909_d0653730-ddd0-4000-a6cc-c7b784c0281e LockResponse(lockid:7, state:ACQUIRED)
2024-04-24T01:29:09,492  INFO [main] ql.Driver: Operation CREATETABLE obtained 1 locks
2024-04-24T01:29:09,493  INFO [main] ql.Driver: Executing command(queryId=alex_20240424012909_d0653730-ddd0-4000-a6cc-c7b784c0281e): CREATE TABLE test.TAcid (a int, b int) CLUSTERED BY (b) INTO 2 BUCKETS STORED AS orc TBLPROPERTIES ('transactional'='true')
2024-04-24T01:29:09,494  INFO [main] ql.Driver: Starting task [Stage-0:DDL] in serial mode
2024-04-24T01:29:09,495  INFO [main] HiveMetaStore.audit: ugi=alex	ip=unknown-ip-addr	cmd=create_table_req: Table(tableName:TAcid, dbName:test, owner:alex, createTime:1713947349, lastAccessTime:0, retention:0, sd:StorageDescriptor(cols:[FieldSchema(name:a, type:int, comment:null), FieldSchema(name:b, type:int, comment:null)], location:null, inputFormat:org.apache.hadoop.hive.ql.io.orc.OrcInputFormat, outputFormat:org.apache.hadoop.hive.ql.io.orc.OrcOutputFormat, compressed:false, numBuckets:2, serdeInfo:SerDeInfo(name:null, serializationLib:org.apache.hadoop.hive.ql.io.orc.OrcSerde, parameters:{serialization.format=1}), bucketCols:[b], sortCols:[], parameters:{}, skewedInfo:SkewedInfo(skewedColNames:[], skewedColValues:[], skewedColValueLocationMaps:{}), storedAsSubDirectories:false), partitionKeys:[], parameters:{bucketing_version=2, totalSize=0, numFiles=0, rawDataSize=0, transactional=true, COLUMN_STATS_ACCURATE={"BASIC_STATS":"true","COLUMN_STATS":{"a":"true","b":"true"}}, numFilesErasureCoded=0, numRows=0}, viewOriginalText:null, viewExpandedText:null, tableType:MANAGED_TABLE, privileges:PrincipalPrivilegeSet(userPrivileges:{alex=[PrivilegeGrantInfo(privilege:INSERT, createTime:-1, grantor:alex, grantorType:USER, grantOption:true), PrivilegeGrantInfo(privilege:SELECT, createTime:-1, grantor:alex, grantorType:USER, grantOption:true), PrivilegeGrantInfo(privilege:UPDATE, createTime:-1, grantor:alex, grantorType:USER, grantOption:true), PrivilegeGrantInfo(privilege:DELETE, createTime:-1, grantor:alex, grantorType:USER, grantOption:true)]}, groupPrivileges:null, rolePrivileges:null), temporary:false, catName:hive, ownerType:USER, writeId:0)	
2024-04-24T01:29:09,508  INFO [main] utils.FileUtils: Creating directory if it doesn't exist: file:/home/alex/Repositories/hive/ql/target/tmp/org.apache.hadoop.hive.ql.util.TestHiveStrictManagedMigration-1713947339080/warehouse/test.db/tacid
2024-04-24T01:29:09,540  INFO [main] metadata.Hive: Dumping metastore api call timing information for : execution phase
2024-04-24T01:29:09,540  INFO [main] metadata.Hive: Total time spent in each metastore function (ms): {createTable_(Table)=45, isCompatibleWith_(Configuration)=0}
2024-04-24T01:29:09,541  INFO [main] ql.Driver: Completed executing command(queryId=alex_20240424012909_d0653730-ddd0-4000-a6cc-c7b784c0281e); Time taken: 0.047 seconds
2024-04-24T01:29:09,541  INFO [main] lockmgr.DbTxnManager: Stopped heartbeat for query: alex_20240424012909_d0653730-ddd0-4000-a6cc-c7b784c0281e
2024-04-24T01:29:09,547  INFO [main] txn.TxnHandler: Expected to move at least one record from txn_components to completed_txn_components when committing txn! txnid:16
2024-04-24T01:29:09,555  INFO [main] txn.TxnHandler: Removed transactions: ([16]) from MIN_HISTORY_LEVEL
2024-04-24T01:29:09,555  WARN [main] txn.CompactionTxnHandler: No compaction queue record found for Compaction type transaction commit. txnId:16
2024-04-24T01:29:09,563  INFO [main] ql.TxnCommandsBaseForTests: Running the query: INSERT INTO test.TAcid values(1,2),(3,4),(5,6)
2024-04-24T01:29:09,563  INFO [main] ql.Driver: Compiling command(queryId=alex_20240424012909_a3d0e9e1-c39e-45a7-a267-aec4cf60649d): INSERT INTO test.TAcid values(1,2),(3,4),(5,6)
2024-04-24T01:29:09,571  INFO [main] txn.TxnHandler: Added entries to MIN_HISTORY_LEVEL for current txns: ([17]) with min_open_txn: 8
2024-04-24T01:29:09,571  INFO [main] lockmgr.DbTxnManager: Opened txnid:17
2024-04-24T01:29:09,573  INFO [main] parse.CalcitePlanner: Starting caching scope for: 
2024-04-24T01:29:09,573  INFO [main] parse.CalcitePlanner: Starting Semantic Analysis
2024-04-24T01:29:10,236  WARN [main] exec.FunctionRegistry: UDF Class org.apache.datasketches.hive.tuple.ArrayOfDoublesSketchToValuesUDTF does not have description. Please annotate the class with the org.apache.hadoop.hive.ql.exec.Description annotation and provide the description of the function.
2024-04-24T01:29:10,243  WARN [main] exec.FunctionRegistry: UDF Class org.apache.datasketches.hive.hll.UnionSketchUDF does not have description. Please annotate the class with the org.apache.hadoop.hive.ql.exec.Description annotation and provide the description of the function.
2024-04-24T01:29:10,247  WARN [main] exec.FunctionRegistry: UDF Class org.apache.datasketches.hive.cpc.UnionSketchUDF does not have description. Please annotate the class with the org.apache.hadoop.hive.ql.exec.Description annotation and provide the description of the function.
2024-04-24T01:29:10,249  WARN [main] exec.FunctionRegistry: UDF Class org.apache.datasketches.hive.theta.IntersectSketchUDF does not have description. Please annotate the class with the org.apache.hadoop.hive.ql.exec.Description annotation and provide the description of the function.
2024-04-24T01:29:10,250  WARN [main] exec.FunctionRegistry: UDF Class org.apache.datasketches.hive.theta.UnionSketchUDF does not have description. Please annotate the class with the org.apache.hadoop.hive.ql.exec.Description annotation and provide the description of the function.
2024-04-24T01:29:10,250  WARN [main] exec.FunctionRegistry: UDF Class org.apache.datasketches.hive.theta.EstimateSketchUDF does not have description. Please annotate the class with the org.apache.hadoop.hive.ql.exec.Description annotation and provide the description of the function.
2024-04-24T01:29:10,251  WARN [main] exec.FunctionRegistry: UDF Class org.apache.datasketches.hive.theta.ExcludeSketchUDF does not have description. Please annotate the class with the org.apache.hadoop.hive.ql.exec.Description annotation and provide the description of the function.
2024-04-24T01:29:10,322  INFO [main] HiveMetaStore.audit: ugi=alex	ip=unknown-ip-addr	cmd=get_table : tbl=hive.test.TAcid	
2024-04-24T01:29:10,383  INFO [main] metastore.HMSHandler: Skipping translation for processor with null
2024-04-24T01:29:10,384  INFO [main] parse.CalcitePlanner: Completed phase 1 of Semantic Analysis
2024-04-24T01:29:10,384  INFO [main] parse.CalcitePlanner: Get metadata for source tables
2024-04-24T01:29:10,384  INFO [main] parse.CalcitePlanner: Get metadata for subqueries
2024-04-24T01:29:10,384  INFO [main] parse.CalcitePlanner: Get metadata for destination tables
2024-04-24T01:29:10,389  INFO [main] HiveMetaStore.audit: ugi=alex	ip=unknown-ip-addr	cmd=get_table : tbl=hive.test.TAcid	
2024-04-24T01:29:10,407  INFO [main] metastore.HMSHandler: Skipping translation for processor with null
2024-04-24T01:29:10,408  INFO [main] parse.CalcitePlanner: Completed getting MetaData in Semantic Analysis
2024-04-24T01:29:10,408  INFO [main] parse.CalcitePlanner: Disabling LLAP IO encode as ETL query is detected
2024-04-24T01:29:11,694  INFO [main] HiveMetaStore.audit: ugi=alex	ip=unknown-ip-addr	cmd=get_all_table_constraints : tbl=hive._dummy_database._dummy_table	
2024-04-24T01:29:12,533  INFO [main] parse.CalcitePlanner: Get metadata for source tables
2024-04-24T01:29:12,533  INFO [main] parse.CalcitePlanner: Get metadata for subqueries
2024-04-24T01:29:12,533  INFO [main] parse.CalcitePlanner: Get metadata for source tables
2024-04-24T01:29:12,535  INFO [main] HiveMetaStore.audit: ugi=alex	ip=unknown-ip-addr	cmd=get_table : tbl=hive._dummy_database._dummy_table	
2024-04-24T01:29:12,538  INFO [main] parse.CalcitePlanner: Get metadata for subqueries
2024-04-24T01:29:12,538  INFO [main] parse.CalcitePlanner: Get metadata for destination tables
2024-04-24T01:29:12,541  INFO [main] parse.CalcitePlanner: Get metadata for destination tables
2024-04-24T01:29:12,541  INFO [main] HiveMetaStore.audit: ugi=alex	ip=unknown-ip-addr	cmd=get_table : tbl=hive.test.TAcid	
2024-04-24T01:29:12,553  INFO [main] metastore.HMSHandler: Skipping translation for processor with null
2024-04-24T01:29:12,595  INFO [main] HiveMetaStore.audit: ugi=alex	ip=unknown-ip-addr	cmd=get_not_null_constraints : tbl=hive.test.tacid	
2024-04-24T01:29:12,598  INFO [main] HiveMetaStore.audit: ugi=alex	ip=unknown-ip-addr	cmd=get_check_constraints : tbl=hive.test.tacid	
2024-04-24T01:29:12,619  INFO [main] txn.TxnHandler: Allocated writeId: 1 for txnId: 17
2024-04-24T01:29:12,620  INFO [main] txn.TxnHandler: Allocated write ids for dbName=test, tblName=tacid (txnIds: [17])
2024-04-24T01:29:12,627  INFO [main] parse.CalcitePlanner: CBO Succeeded; optimized logical plan.
2024-04-24T01:29:12,686  INFO [main] optimizer.ColumnPrunerProcFactory: RS 4 oldColExprMap: {VALUE._col0=Column[_col0], KEY.reducesinkkey0=Column[_col1]}
2024-04-24T01:29:12,686  INFO [main] optimizer.ColumnPrunerProcFactory: RS 4 newColExprMap: {VALUE._col0=Column[_col0], KEY.reducesinkkey0=Column[_col1]}
2024-04-24T01:29:12,695  INFO [main] optimizer.BucketVersionPopulator: not considering bucketingVersion for: TS[0] because it has -1<2 buckets 
2024-04-24T01:29:12,708  INFO [main] optimizer.SortedDynPartitionOptimizer: Sorted dynamic partitioning optimization kicked in..
2024-04-24T01:29:12,751  INFO [main] HiveMetaStore.audit: ugi=alex	ip=unknown-ip-addr	cmd=get_table : tbl=hive.test.tacid	
2024-04-24T01:29:12,770  INFO [main] metastore.HMSHandler: Skipping translation for processor with null
2024-04-24T01:29:12,809  INFO [main] physical.Vectorizer: Examining input format to see if vectorization is enabled.
2024-04-24T01:29:12,817  INFO [main] physical.Vectorizer: Map vectorization enabled: false
2024-04-24T01:29:12,817  INFO [main] physical.Vectorizer: Map vectorized: false
2024-04-24T01:29:12,817  INFO [main] physical.Vectorizer: Map vectorizedVertexNum: 0
2024-04-24T01:29:12,817  INFO [main] physical.Vectorizer: Map enabledConditionsMet: [hive.vectorized.use.vectorized.input.format IS true]
2024-04-24T01:29:12,817  INFO [main] physical.Vectorizer: Map enabledConditionsNotMet: [Could not enable vectorization due to partition column names size 1 is greater than the number of table column names size 0 IS false]
2024-04-24T01:29:12,817  INFO [main] physical.Vectorizer: Map inputFileFormatClassNameSet: [org.apache.hadoop.hive.ql.io.NullRowsInputFormat]
2024-04-24T01:29:12,817  INFO [main] physical.Vectorizer: Reduce vectorization enabled: false
2024-04-24T01:29:12,817  INFO [main] physical.Vectorizer: Reduce vectorized: false
2024-04-24T01:29:12,817  INFO [main] physical.Vectorizer: Reduce vectorizedVertexNum: 1
2024-04-24T01:29:12,817  INFO [main] physical.Vectorizer: Reducer hive.vectorized.execution.reduce.enabled: true
2024-04-24T01:29:12,818  INFO [main] physical.Vectorizer: Reducer engine: mr
2024-04-24T01:29:12,820  INFO [main] parse.CalcitePlanner: Completed plan generation
2024-04-24T01:29:12,820  INFO [main] parse.CalcitePlanner: Ending caching scope for: 
2024-04-24T01:29:12,820  INFO [main] ql.Driver: Semantic Analysis Completed (retrial = false)
2024-04-24T01:29:12,820  INFO [main] ql.Driver: Created Hive schema: Schema(fieldSchemas:[FieldSchema(name:col1, type:int, comment:null), FieldSchema(name:col2, type:int, comment:null)], properties:null)
2024-04-24T01:29:12,820  INFO [main] metadata.Hive: Dumping metastore api call timing information for : compilation phase
2024-04-24T01:29:12,820  INFO [main] metadata.Hive: Total time spent in each metastore function (ms): {getValidTxns_(long)=1, getValidWriteIds_(List, String)=6, getNotNullConstraints_(NotNullConstraintsRequest)=3, commitTxn_(CommitTxnRequest)=15, getTable_(GetTableRequest)=112, allocateTableWriteId_(long, String, String)=14, isCompatibleWith_(Configuration)=1, openTxn_(String, TxnType)=3, getAllTableConstraints_(AllTableConstraintsRequest)=72, flushCache_()=0, getCheckConstraints_(CheckConstraintsRequest)=3}
2024-04-24T01:29:12,821  INFO [main] ql.Driver: Completed compiling command(queryId=alex_20240424012909_a3d0e9e1-c39e-45a7-a267-aec4cf60649d); Time taken: 3.257 seconds
2024-04-24T01:29:12,822  INFO [main] lockmgr.DbTxnManager: Setting lock request transaction to txnid:17 for queryId=alex_20240424012909_a3d0e9e1-c39e-45a7-a267-aec4cf60649d
2024-04-24T01:29:12,822  INFO [main] lockmgr.DbLockManager: Requesting lock for queryId=alex_20240424012909_a3d0e9e1-c39e-45a7-a267-aec4cf60649d
2024-04-24T01:29:12,858  INFO [main] lockmgr.DbLockManager: Response to queryId=alex_20240424012909_a3d0e9e1-c39e-45a7-a267-aec4cf60649d LockResponse(lockid:8, state:ACQUIRED)
2024-04-24T01:29:12,858  INFO [main] ql.Driver: Operation QUERY obtained 1 locks
2024-04-24T01:29:12,863  INFO [main] ql.Driver: Executing command(queryId=alex_20240424012909_a3d0e9e1-c39e-45a7-a267-aec4cf60649d): INSERT INTO test.TAcid values(1,2),(3,4),(5,6)
2024-04-24T01:29:12,864  WARN [main] ql.Driver: Hive-on-MR is deprecated in Hive 2 and may not be available in the future versions. Consider using a different execution engine (i.e. tez, spark) or using Hive 1.X releases.
Query ID = alex_20240424012909_a3d0e9e1-c39e-45a7-a267-aec4cf60649d
2024-04-24T01:29:12,864  INFO [main] ql.Driver: Query ID = alex_20240424012909_a3d0e9e1-c39e-45a7-a267-aec4cf60649d
Total jobs = 1
2024-04-24T01:29:12,864  INFO [main] ql.Driver: Total jobs = 1
Launching Job 1 out of 1
2024-04-24T01:29:12,864  INFO [main] ql.Driver: Launching Job 1 out of 1
2024-04-24T01:29:13,119  INFO [main] ql.Driver: Starting task [Stage-1:MAPRED] in serial mode
Number of reduce tasks determined at compile time: 2
2024-04-24T01:29:13,119  INFO [main] exec.Task: Number of reduce tasks determined at compile time: 2
In order to change the average load for a reducer (in bytes):
2024-04-24T01:29:13,119  INFO [main] exec.Task: In order to change the average load for a reducer (in bytes):
  set hive.exec.reducers.bytes.per.reducer=<number>
2024-04-24T01:29:13,119  INFO [main] exec.Task:   set hive.exec.reducers.bytes.per.reducer=<number>
In order to limit the maximum number of reducers:
2024-04-24T01:29:13,119  INFO [main] exec.Task: In order to limit the maximum number of reducers:
  set hive.exec.reducers.max=<number>
2024-04-24T01:29:13,119  INFO [main] exec.Task:   set hive.exec.reducers.max=<number>
In order to set a constant number of reducers:
2024-04-24T01:29:13,119  INFO [main] exec.Task: In order to set a constant number of reducers:
  set mapreduce.job.reduces=<number>
2024-04-24T01:29:13,119  INFO [main] exec.Task:   set mapreduce.job.reduces=<number>
2024-04-24T01:29:13,129  INFO [main] mr.ExecDriver: Using org.apache.hadoop.hive.ql.io.HiveInputFormat
2024-04-24T01:29:13,133  INFO [main] exec.Utilities: Processing alias $hdt$_0:_dummy_table
2024-04-24T01:29:13,133  INFO [main] exec.Utilities: Adding 1 inputs; the first input is file:/home/alex/Repositories/hive/ql/target/tmp/localscratchdir/ceaf7aac-49ac-4a40-9402-33af821de1a6/hive_2024-04-24_01-29-09_563_4011160904667076831-1/dummy_path
2024-04-24T01:29:13,212  INFO [main] exec.SerializationUtilities: Serializing MapWork using kryo
2024-04-24T01:29:13,245  INFO [main] exec.Utilities: Serialized plan (via FILE) - name: null size: 5,30KB
2024-04-24T01:29:13,251  INFO [main] exec.SerializationUtilities: Serializing ReduceWork using kryo
2024-04-24T01:29:13,260  INFO [main] exec.Utilities: Serialized plan (via FILE) - name: null size: 6,01KB
2024-04-24T01:29:13,385  INFO [main] beanutils.FluentPropertyBeanIntrospector: Error when creating PropertyDescriptor for public final void org.apache.commons.configuration2.AbstractConfiguration.setProperty(java.lang.String,java.lang.Object)! Ignoring this property.
2024-04-24T01:29:13,401  WARN [main] impl.MetricsConfig: Cannot locate configuration: tried hadoop-metrics2-jobtracker.properties,hadoop-metrics2.properties
2024-04-24T01:29:13,418  INFO [main] impl.MetricsSystemImpl: Scheduled Metric snapshot period at 10 second(s).
2024-04-24T01:29:13,418  INFO [main] impl.MetricsSystemImpl: JobTracker metrics system started
2024-04-24T01:29:13,431  INFO [main] fs.FSStatsPublisher: created : file:/home/alex/Repositories/hive/ql/target/tmp/localscratchdir/ceaf7aac-49ac-4a40-9402-33af821de1a6/hive_2024-04-24_01-29-09_563_4011160904667076831-1/-mr-10000
2024-04-24T01:29:13,443  WARN [main] impl.MetricsSystemImpl: JobTracker metrics system already initialized!
2024-04-24T01:29:13,487  WARN [main] mapreduce.JobResourceUploader: Hadoop command-line option parsing not performed. Implement the Tool interface and execute your application with ToolRunner to remedy this.
2024-04-24T01:29:13,496  WARN [main] mapreduce.JobResourceUploader: No job jar file set.  User classes may not be found. See Job or Job#setJar(String).
2024-04-24T01:29:13,503  INFO [main] io.HiveInputFormat: hive.io.file.readcolumn.ids = 
2024-04-24T01:29:13,503  INFO [main] io.HiveInputFormat: hive.io.file.readcolumn.names = 
2024-04-24T01:29:13,503  INFO [main] io.HiveInputFormat: Generating splits for dirs: file:/home/alex/Repositories/hive/ql/target/tmp/localscratchdir/ceaf7aac-49ac-4a40-9402-33af821de1a6/hive_2024-04-24_01-29-09_563_4011160904667076831-1/dummy_path
2024-04-24T01:29:13,503  INFO [main] io.NullRowsInputFormat$NullRowsRecordReader: Using null rows input format
2024-04-24T01:29:13,510  INFO [main] io.HiveInputFormat: number of splits 1
2024-04-24T01:29:13,542  INFO [main] mapreduce.JobSubmitter: number of splits:1
2024-04-24T01:29:13,615  INFO [main] mapreduce.JobSubmitter: Submitting tokens for job: job_local1296931494_0001
2024-04-24T01:29:13,615  INFO [main] mapreduce.JobSubmitter: Executing with tokens: []
2024-04-24T01:29:13,837  INFO [main] mapreduce.Job: The url to track the job: http://localhost:8080/
Job running in-process (local Hadoop)
2024-04-24T01:29:13,838  INFO [main] exec.Task: Job running in-process (local Hadoop)
2024-04-24T01:29:13,840  INFO [Thread-77] mapred.LocalJobRunner: OutputCommitter set in config org.apache.hadoop.hive.ql.io.HiveFileFormatUtils$NullOutputCommitter
2024-04-24T01:29:13,841  INFO [Thread-77] mapred.LocalJobRunner: OutputCommitter is org.apache.hadoop.hive.ql.io.HiveFileFormatUtils$NullOutputCommitter
2024-04-24T01:29:13,854  INFO [Thread-77] mapred.LocalJobRunner: Waiting for map tasks
2024-04-24T01:29:13,857  INFO [LocalJobRunner Map Task Executor #0] mapred.LocalJobRunner: Starting task: attempt_local1296931494_0001_m_000000_0
2024-04-24T01:29:13,893  INFO [LocalJobRunner Map Task Executor #0] mapred.Task:  Using ResourceCalculatorProcessTree : [ ]
2024-04-24T01:29:13,901  INFO [LocalJobRunner Map Task Executor #0] mapred.MapTask: Processing split: org.apache.hadoop.hive.ql.io.NullRowsInputFormat:file:/home/alex/Repositories/hive/ql/target/tmp/localscratchdir/ceaf7aac-49ac-4a40-9402-33af821de1a6/hive_2024-04-24_01-29-09_563_4011160904667076831-1/dummy_path/null:0+1
2024-04-24T01:29:13,906  INFO [LocalJobRunner Map Task Executor #0] exec.SerializationUtilities: Deserializing MapWork using kryo
2024-04-24T01:29:13,930  INFO [LocalJobRunner Map Task Executor #0] exec.Utilities: Deserialized plan (via FILE) - name: null size: 5,30KB
2024-04-24T01:29:13,937  INFO [LocalJobRunner Map Task Executor #0] mapred.MapTask: numReduceTasks: 2
2024-04-24T01:29:13,952  INFO [LocalJobRunner Map Task Executor #0] mapred.MapTask: (EQUATOR) 0 kvi 26214396(104857584)
2024-04-24T01:29:13,952  INFO [LocalJobRunner Map Task Executor #0] mapred.MapTask: mapreduce.task.io.sort.mb: 100
2024-04-24T01:29:13,952  INFO [LocalJobRunner Map Task Executor #0] mapred.MapTask: soft limit at 83886080
2024-04-24T01:29:13,952  INFO [LocalJobRunner Map Task Executor #0] mapred.MapTask: bufstart = 0; bufvoid = 104857600
2024-04-24T01:29:13,952  INFO [LocalJobRunner Map Task Executor #0] mapred.MapTask: kvstart = 26214396; length = 6553600
2024-04-24T01:29:13,954  INFO [LocalJobRunner Map Task Executor #0] mapred.MapTask: Map output collector class = org.apache.hadoop.mapred.MapTask$MapOutputBuffer
2024-04-24T01:29:13,958  INFO [LocalJobRunner Map Task Executor #0] exec.MapOperator: Initializing Operator: MAP[0]
2024-04-24T01:29:13,959  INFO [LocalJobRunner Map Task Executor #0] mr.ExecMapper: 
<MAP>Id =0
  <Children>null
  <\Children>
  <Parent><\Parent>
<\MAP>
2024-04-24T01:29:13,962  INFO [LocalJobRunner Map Task Executor #0] exec.TableScanOperator: Initializing Operator: TS[0]
2024-04-24T01:29:13,962  INFO [LocalJobRunner Map Task Executor #0] exec.SelectOperator: Initializing Operator: SEL[1]
2024-04-24T01:29:13,965  INFO [LocalJobRunner Map Task Executor #0] exec.SelectOperator: SELECT null
2024-04-24T01:29:13,965  INFO [LocalJobRunner Map Task Executor #0] exec.UDTFOperator: Initializing Operator: UDTF[2]
2024-04-24T01:29:13,966  INFO [LocalJobRunner Map Task Executor #0] exec.SelectOperator: Initializing Operator: SEL[3]
2024-04-24T01:29:13,966  INFO [LocalJobRunner Map Task Executor #0] exec.SelectOperator: SELECT struct<col1:int,col2:int>
2024-04-24T01:29:13,966  INFO [LocalJobRunner Map Task Executor #0] exec.ReduceSinkOperator: Initializing Operator: RS[4]
2024-04-24T01:29:13,966  INFO [LocalJobRunner Map Task Executor #0] exec.ReduceSinkOperator: Using tag = -1
2024-04-24T01:29:13,987  INFO [LocalJobRunner Map Task Executor #0] exec.ReduceSinkOperator: keys are [reducesinkkey0] num distributions: 1
2024-04-24T01:29:13,989  INFO [LocalJobRunner Map Task Executor #0] exec.ReduceSinkOperator: RS[4]: records written - 1
2024-04-24T01:29:13,989  INFO [LocalJobRunner Map Task Executor #0] exec.MapOperator: MAP[0]: records read - 1
2024-04-24T01:29:13,989  INFO [LocalJobRunner Map Task Executor #0] exec.MapOperator: Closing Operator: MAP[0]
2024-04-24T01:29:13,989  INFO [LocalJobRunner Map Task Executor #0] exec.MapOperator: MAP[0]: Total records read - 3. abort - false
2024-04-24T01:29:13,990  INFO [LocalJobRunner Map Task Executor #0] exec.MapOperator: RECORDS_OUT_OPERATOR_MAP_0:0, DESERIALIZE_ERRORS:0, RECORDS_OUT_INTERMEDIATE:0, RECORDS_IN:3, 
2024-04-24T01:29:13,990  INFO [LocalJobRunner Map Task Executor #0] exec.TableScanOperator: Closing Operator: TS[0]
2024-04-24T01:29:13,990  INFO [LocalJobRunner Map Task Executor #0] exec.TableScanOperator: RECORDS_OUT_OPERATOR_TS_0:1, RECORDS_OUT_INTERMEDIATE:0, 
2024-04-24T01:29:13,990  INFO [LocalJobRunner Map Task Executor #0] exec.SelectOperator: Closing Operator: SEL[1]
2024-04-24T01:29:13,990  INFO [LocalJobRunner Map Task Executor #0] exec.SelectOperator: RECORDS_OUT_OPERATOR_SEL_1:1, RECORDS_OUT_INTERMEDIATE:0, 
2024-04-24T01:29:13,990  INFO [LocalJobRunner Map Task Executor #0] exec.UDTFOperator: Closing Operator: UDTF[2]
2024-04-24T01:29:13,990  INFO [LocalJobRunner Map Task Executor #0] exec.UDTFOperator: RECORDS_OUT_OPERATOR_UDTF_2:3, RECORDS_OUT_INTERMEDIATE:0, 
2024-04-24T01:29:13,990  INFO [LocalJobRunner Map Task Executor #0] exec.SelectOperator: Closing Operator: SEL[3]
2024-04-24T01:29:13,990  INFO [LocalJobRunner Map Task Executor #0] exec.SelectOperator: RECORDS_OUT_OPERATOR_SEL_3:3, RECORDS_OUT_INTERMEDIATE:0, 
2024-04-24T01:29:13,990  INFO [LocalJobRunner Map Task Executor #0] exec.ReduceSinkOperator: Closing Operator: RS[4]
2024-04-24T01:29:13,990  INFO [LocalJobRunner Map Task Executor #0] exec.ReduceSinkOperator: RS[4]: Total records written - 3. abort - false
2024-04-24T01:29:13,991  INFO [LocalJobRunner Map Task Executor #0] exec.ReduceSinkOperator: RECORDS_OUT_INTERMEDIATE:3, RECORDS_OUT_OPERATOR_RS_4:3, 
2024-04-24T01:29:13,997  INFO [LocalJobRunner Map Task Executor #0] mapred.LocalJobRunner: 
2024-04-24T01:29:13,998  INFO [LocalJobRunner Map Task Executor #0] mapred.MapTask: Starting flush of map output
2024-04-24T01:29:13,998  INFO [LocalJobRunner Map Task Executor #0] mapred.MapTask: Spilling map output
2024-04-24T01:29:13,998  INFO [LocalJobRunner Map Task Executor #0] mapred.MapTask: bufstart = 0; bufend = 48; bufvoid = 104857600
2024-04-24T01:29:13,998  INFO [LocalJobRunner Map Task Executor #0] mapred.MapTask: kvstart = 26214396(104857584); kvend = 26214388(104857552); length = 9/6553600
2024-04-24T01:29:14,026  INFO [LocalJobRunner Map Task Executor #0] mapred.MapTask: Finished spill 0
2024-04-24T01:29:14,046  INFO [LocalJobRunner Map Task Executor #0] mapred.Task: Task:attempt_local1296931494_0001_m_000000_0 is done. And is in the process of committing
2024-04-24T01:29:14,049  INFO [LocalJobRunner Map Task Executor #0] mapred.LocalJobRunner: map
2024-04-24T01:29:14,049  INFO [LocalJobRunner Map Task Executor #0] mapred.Task: Task 'attempt_local1296931494_0001_m_000000_0' done.
2024-04-24T01:29:14,051  INFO [LocalJobRunner Map Task Executor #0] mapred.Task: Final Counters for attempt_local1296931494_0001_m_000000_0: Counters: 26
	File System Counters
		FILE: Number of bytes read=5759
		FILE: Number of bytes written=1217453
		FILE: Number of read operations=0
		FILE: Number of large read operations=0
		FILE: Number of write operations=0
	Map-Reduce Framework
		Map input records=4
		Map output records=3
		Map output bytes=48
		Map output materialized bytes=66
		Input split bytes=361
		Combine input records=0
		Spilled Records=3
		Failed Shuffles=0
		Merged Map outputs=0
		GC time elapsed (ms)=0
		Total committed heap usage (bytes)=904921088
	HIVE
		DESERIALIZE_ERRORS=0
		RECORDS_IN=3
		RECORDS_OUT_INTERMEDIATE=3
		RECORDS_OUT_OPERATOR_MAP_0=0
		RECORDS_OUT_OPERATOR_RS_4=3
		RECORDS_OUT_OPERATOR_SEL_1=1
		RECORDS_OUT_OPERATOR_SEL_3=3
		RECORDS_OUT_OPERATOR_TS_0=1
		RECORDS_OUT_OPERATOR_UDTF_2=3
	File Input Format Counters 
		Bytes Read=5354
2024-04-24T01:29:14,052  INFO [LocalJobRunner Map Task Executor #0] mapred.LocalJobRunner: Finishing task: attempt_local1296931494_0001_m_000000_0
2024-04-24T01:29:14,053  INFO [Thread-77] mapred.LocalJobRunner: map task executor complete.
2024-04-24T01:29:14,059  INFO [Thread-77] mapred.LocalJobRunner: Waiting for reduce tasks
2024-04-24T01:29:14,060  INFO [pool-8-thread-1] mapred.LocalJobRunner: Starting task: attempt_local1296931494_0001_r_000000_0
2024-04-24T01:29:14,069  INFO [pool-8-thread-1] mapred.Task:  Using ResourceCalculatorProcessTree : [ ]
2024-04-24T01:29:14,073  INFO [pool-8-thread-1] mapred.ReduceTask: Using ShuffleConsumerPlugin: org.apache.hadoop.mapreduce.task.reduce.Shuffle@2b1e0d86
2024-04-24T01:29:14,075  WARN [pool-8-thread-1] impl.MetricsSystemImpl: JobTracker metrics system already initialized!
2024-04-24T01:29:14,104  INFO [pool-8-thread-1] reduce.MergeManagerImpl: MergerManager: memoryLimit=1336252800, maxSingleShuffleLimit=334063200, mergeThreshold=881926912, ioSortFactor=10, memToMemMergeOutputsThreshold=10
2024-04-24T01:29:14,107  INFO [EventFetcher for fetching Map Completion Events] reduce.EventFetcher: attempt_local1296931494_0001_r_000000_0 Thread started: EventFetcher for fetching Map Completion Events
2024-04-24T01:29:14,136  INFO [localfetcher#1] reduce.LocalFetcher: localfetcher#1 about to shuffle output of map attempt_local1296931494_0001_m_000000_0 decomp: 38 len: 42 to MEMORY
2024-04-24T01:29:14,138  INFO [localfetcher#1] reduce.InMemoryMapOutput: Read 38 bytes from map-output for attempt_local1296931494_0001_m_000000_0
2024-04-24T01:29:14,140  INFO [localfetcher#1] reduce.MergeManagerImpl: closeInMemoryFile -> map-output of size: 38, inMemoryMapOutputs.size() -> 1, commitMemory -> 0, usedMemory ->38
2024-04-24T01:29:14,142  INFO [EventFetcher for fetching Map Completion Events] reduce.EventFetcher: EventFetcher is interrupted.. Returning
2024-04-24T01:29:14,143  INFO [pool-8-thread-1] mapred.LocalJobRunner: 1 / 1 copied.
2024-04-24T01:29:14,143  INFO [pool-8-thread-1] reduce.MergeManagerImpl: finalMerge called with 1 in-memory map-outputs and 0 on-disk map-outputs
2024-04-24T01:29:14,157  INFO [pool-8-thread-1] mapred.Merger: Merging 1 sorted segments
2024-04-24T01:29:14,158  INFO [pool-8-thread-1] mapred.Merger: Down to the last merge-pass, with 1 segments left of total size: 26 bytes
2024-04-24T01:29:14,161  INFO [pool-8-thread-1] reduce.MergeManagerImpl: Merged 1 segments, 38 bytes to disk to satisfy reduce memory limit
2024-04-24T01:29:14,161  INFO [pool-8-thread-1] reduce.MergeManagerImpl: Merging 1 files, 42 bytes from disk
2024-04-24T01:29:14,162  INFO [pool-8-thread-1] reduce.MergeManagerImpl: Merging 0 segments, 0 bytes from memory into reduce
2024-04-24T01:29:14,163  INFO [pool-8-thread-1] mapred.Merger: Merging 1 sorted segments
2024-04-24T01:29:14,163  INFO [pool-8-thread-1] mapred.Merger: Down to the last merge-pass, with 1 segments left of total size: 26 bytes
2024-04-24T01:29:14,163  INFO [pool-8-thread-1] mapred.LocalJobRunner: 1 / 1 copied.
2024-04-24T01:29:14,166  INFO [pool-8-thread-1] exec.SerializationUtilities: Deserializing ReduceWork using kryo
2024-04-24T01:29:14,170  INFO [pool-8-thread-1] exec.Utilities: Deserialized plan (via FILE) - name: null size: 6,01KB
2024-04-24T01:29:14,172  INFO [pool-8-thread-1] ExecReducer: 
<SEL>Id =5
  <Children>
    <FS>Id =6
      <Children>
      <\Children>
      <Parent>Id = 5 null<\Parent>
    <\FS>
  <\Children>
  <Parent><\Parent>
<\SEL>
2024-04-24T01:29:14,173  INFO [pool-8-thread-1] exec.SelectOperator: Initializing Operator: SEL[5]
2024-04-24T01:29:14,173  INFO [pool-8-thread-1] exec.SelectOperator: SELECT struct<key:struct<reducesinkkey0:int>,value:struct<_col0:int>>
2024-04-24T01:29:14,173  INFO [pool-8-thread-1] exec.FileSinkOperator: Initializing Operator: FS[6]
2024-04-24T01:29:14,174  INFO [pool-8-thread-1] exec.FileSinkOperator: Using serializer : AbstractSerDe [log=org.apache.logging.slf4j.Log4jLogger@2258ded1, configuration=Optional[Configuration: core-default.xml, core-site.xml, mapred-default.xml, mapred-site.xml, yarn-default.xml, yarn-site.xml, hdfs-default.xml, hdfs-site.xml, file:/home/alex/Repositories/hive/ql/target/tmp/TestHiveStrictManagedMigration/mapred/local/localRunner/alex/job_local1296931494_0001/job_local1296931494_0001.xml], properties={transactional_properties=default, name=test.tacid, transactional=true, columns.types=int:int, bucket_field_name=b, columns=a,b, numFilesErasureCoded=0, columns.comments=&amp#0;, bucketing_version=2, bucket_count=2, serialization.lib=org.apache.hadoop.hive.ql.io.orc.OrcSerde, file.inputformat=org.apache.hadoop.hive.ql.io.orc.OrcInputFormat, file.outputformat=org.apache.hadoop.hive.ql.io.orc.OrcOutputFormat, location=file:/home/alex/Repositories/hive/ql/target/tmp/org.apache.hadoop.hive.ql.util.TestHiveStrictManagedMigration-1713947339080/warehouse/test.db/tacid, column.name.delimiter=,}, tableProperties={transactional_properties=default, name=test.tacid, transactional=true, columns.types=int:int, bucket_field_name=b, columns=a,b, numFilesErasureCoded=0, columns.comments=&amp#0;, bucketing_version=2, bucket_count=2, serialization.lib=org.apache.hadoop.hive.ql.io.orc.OrcSerde, file.inputformat=org.apache.hadoop.hive.ql.io.orc.OrcInputFormat, location=file:/home/alex/Repositories/hive/ql/target/tmp/org.apache.hadoop.hive.ql.util.TestHiveStrictManagedMigration-1713947339080/warehouse/test.db/tacid, file.outputformat=org.apache.hadoop.hive.ql.io.orc.OrcOutputFormat, column.name.delimiter=,}, partitionProperties=Optional.empty, columnNames=[a, b], columnTypes=[int, int], getClass()=class org.apache.hadoop.hive.ql.io.orc.OrcSerde] and formatter : org.apache.hadoop.hive.ql.io.orc.OrcOutputFormat@51dbf2ca
2024-04-24T01:29:14,181  INFO [pool-8-thread-1] exec.FileSinkOperator: Final Path: FS file:/home/alex/Repositories/hive/ql/target/tmp/org.apache.hadoop.hive.ql.util.TestHiveStrictManagedMigration-1713947339080/warehouse/test.db/tacid
2024-04-24T01:29:14,181  INFO [pool-8-thread-1] exec.FileSinkOperator: New Final Path: FS file:/home/alex/Repositories/hive/ql/target/tmp/org.apache.hadoop.hive.ql.util.TestHiveStrictManagedMigration-1713947339080/warehouse/test.db/tacid
2024-04-24T01:29:14,181  INFO [pool-8-thread-1] common.FileUtils: Creating directory if it doesn't exist: file:/home/alex/Repositories/hive/ql/target/tmp/org.apache.hadoop.hive.ql.util.TestHiveStrictManagedMigration-1713947339080/warehouse/test.db
2024-04-24T01:29:14,201  INFO [pool-8-thread-1] exec.FileSinkOperator: FS[6]: records written - 1
2024-04-24T01:29:14,216  INFO [pool-8-thread-1] impl.HadoopShimsPre2_7: Can't get KeyProvider for ORC encryption from hadoop.security.key.provider.path.
2024-04-24T01:29:14,221  INFO [pool-8-thread-1] impl.PhysicalFsWriter: ORC writer created for path: file:/home/alex/Repositories/hive/ql/target/tmp/org.apache.hadoop.hive.ql.util.TestHiveStrictManagedMigration-1713947339080/warehouse/test.db/tacid/delta_0000001_0000001_0000/bucket_00000_0 with stripeSize: 8388608 blockSize: 268435456 compression: Compress: ZLIB buffer: 32768
2024-04-24T01:29:14,279  INFO [pool-8-thread-1] impl.WriterImpl: ORC writer created for path: file:/home/alex/Repositories/hive/ql/target/tmp/org.apache.hadoop.hive.ql.util.TestHiveStrictManagedMigration-1713947339080/warehouse/test.db/tacid/delta_0000001_0000001_0000/bucket_00000_0 with stripeSize: 8388608 options: Compress: ZLIB buffer: 32768
2024-04-24T01:29:14,297  INFO [pool-8-thread-1] exec.SelectOperator: Closing Operator: SEL[5]
2024-04-24T01:29:14,298  INFO [pool-8-thread-1] exec.SelectOperator: RECORDS_OUT_OPERATOR_SEL_5:2, RECORDS_OUT_INTERMEDIATE:0, 
2024-04-24T01:29:14,298  INFO [pool-8-thread-1] exec.FileSinkOperator: Closing Operator: FS[6]
2024-04-24T01:29:14,298  INFO [pool-8-thread-1] exec.FileSinkOperator: FS[6]: records written - 2
2024-04-24T01:29:14,360  INFO [pool-8-thread-1] FileOperations: Writing manifest to file:/home/alex/Repositories/hive/ql/target/tmp/org.apache.hadoop.hive.ql.util.TestHiveStrictManagedMigration-1713947339080/warehouse/test.db/tacid/_tmp.delta_0000001_0000001_0000/000000_0.manifest with [file:/home/alex/Repositories/hive/ql/target/tmp/org.apache.hadoop.hive.ql.util.TestHiveStrictManagedMigration-1713947339080/warehouse/test.db/tacid/delta_0000001_0000001_0000/bucket_00000_0]
2024-04-24T01:29:14,374  INFO [pool-8-thread-1] exec.FileSinkOperator: TOTAL_TABLE_ROWS_WRITTEN:2, RECORDS_OUT_1_test.tacid:2, RECORDS_OUT_OPERATOR_FS_6:2, RECORDS_OUT_INTERMEDIATE:0, 
2024-04-24T01:29:14,374  INFO [pool-8-thread-1] mapred.Task: Task:attempt_local1296931494_0001_r_000000_0 is done. And is in the process of committing
2024-04-24T01:29:14,375  INFO [pool-8-thread-1] mapred.LocalJobRunner: reduce > reduce
2024-04-24T01:29:14,375  INFO [pool-8-thread-1] mapred.Task: Task 'attempt_local1296931494_0001_r_000000_0' done.
2024-04-24T01:29:14,375  INFO [pool-8-thread-1] mapred.Task: Final Counters for attempt_local1296931494_0001_r_000000_0: Counters: 30
	File System Counters
		FILE: Number of bytes read=11993
		FILE: Number of bytes written=1218547
		FILE: Number of read operations=0
		FILE: Number of large read operations=0
		FILE: Number of write operations=0
	Map-Reduce Framework
		Combine input records=0
		Combine output records=0
		Reduce input groups=2
		Reduce shuffle bytes=42
		Reduce input records=2
		Reduce output records=0
		Spilled Records=2
		Shuffled Maps =1
		Failed Shuffles=0
		Merged Map outputs=1
		GC time elapsed (ms)=15
		Total committed heap usage (bytes)=907018240
	HIVE
		CREATED_FILES=1
		RECORDS_OUT_1_test.tacid=2
		RECORDS_OUT_INTERMEDIATE=0
		RECORDS_OUT_OPERATOR_FS_6=2
		RECORDS_OUT_OPERATOR_SEL_5=2
		TOTAL_TABLE_ROWS_WRITTEN=2
	Shuffle Errors
		BAD_ID=0
		CONNECTION=0
		IO_ERROR=0
		WRONG_LENGTH=0
		WRONG_MAP=0
		WRONG_REDUCE=0
	File Output Format Counters 
		Bytes Written=0
2024-04-24T01:29:14,375  INFO [pool-8-thread-1] mapred.LocalJobRunner: Finishing task: attempt_local1296931494_0001_r_000000_0
2024-04-24T01:29:14,375  INFO [pool-8-thread-1] mapred.LocalJobRunner: Starting task: attempt_local1296931494_0001_r_000001_0
2024-04-24T01:29:14,376  INFO [pool-8-thread-1] mapred.Task:  Using ResourceCalculatorProcessTree : [ ]
2024-04-24T01:29:14,377  INFO [pool-8-thread-1] mapred.ReduceTask: Using ShuffleConsumerPlugin: org.apache.hadoop.mapreduce.task.reduce.Shuffle@1c67a8ee
2024-04-24T01:29:14,377  WARN [pool-8-thread-1] impl.MetricsSystemImpl: JobTracker metrics system already initialized!
2024-04-24T01:29:14,378  INFO [pool-8-thread-1] reduce.MergeManagerImpl: MergerManager: memoryLimit=1336252800, maxSingleShuffleLimit=334063200, mergeThreshold=881926912, ioSortFactor=10, memToMemMergeOutputsThreshold=10
2024-04-24T01:29:14,379  INFO [EventFetcher for fetching Map Completion Events] reduce.EventFetcher: attempt_local1296931494_0001_r_000001_0 Thread started: EventFetcher for fetching Map Completion Events
2024-04-24T01:29:14,382  INFO [localfetcher#2] reduce.LocalFetcher: localfetcher#2 about to shuffle output of map attempt_local1296931494_0001_m_000000_0 decomp: 20 len: 24 to MEMORY
2024-04-24T01:29:14,383  INFO [localfetcher#2] reduce.InMemoryMapOutput: Read 20 bytes from map-output for attempt_local1296931494_0001_m_000000_0
2024-04-24T01:29:14,383  INFO [localfetcher#2] reduce.MergeManagerImpl: closeInMemoryFile -> map-output of size: 20, inMemoryMapOutputs.size() -> 1, commitMemory -> 0, usedMemory ->20
2024-04-24T01:29:14,383  INFO [EventFetcher for fetching Map Completion Events] reduce.EventFetcher: EventFetcher is interrupted.. Returning
2024-04-24T01:29:14,384  INFO [pool-8-thread-1] mapred.LocalJobRunner: 1 / 1 copied.
2024-04-24T01:29:14,384  INFO [pool-8-thread-1] reduce.MergeManagerImpl: finalMerge called with 1 in-memory map-outputs and 0 on-disk map-outputs
2024-04-24T01:29:14,390  INFO [pool-8-thread-1] mapred.Merger: Merging 1 sorted segments
2024-04-24T01:29:14,390  INFO [pool-8-thread-1] mapred.Merger: Down to the last merge-pass, with 1 segments left of total size: 8 bytes
2024-04-24T01:29:14,393  INFO [pool-8-thread-1] reduce.MergeManagerImpl: Merged 1 segments, 20 bytes to disk to satisfy reduce memory limit
2024-04-24T01:29:14,393  INFO [pool-8-thread-1] reduce.MergeManagerImpl: Merging 1 files, 24 bytes from disk
2024-04-24T01:29:14,393  INFO [pool-8-thread-1] reduce.MergeManagerImpl: Merging 0 segments, 0 bytes from memory into reduce
2024-04-24T01:29:14,393  INFO [pool-8-thread-1] mapred.Merger: Merging 1 sorted segments
2024-04-24T01:29:14,393  INFO [pool-8-thread-1] mapred.Merger: Down to the last merge-pass, with 1 segments left of total size: 8 bytes
2024-04-24T01:29:14,394  INFO [pool-8-thread-1] mapred.LocalJobRunner: 1 / 1 copied.
2024-04-24T01:29:14,394  INFO [pool-8-thread-1] exec.SerializationUtilities: Deserializing ReduceWork using kryo
2024-04-24T01:29:14,397  INFO [pool-8-thread-1] exec.Utilities: Deserialized plan (via FILE) - name: null size: 6,01KB
2024-04-24T01:29:14,399  INFO [pool-8-thread-1] ExecReducer: 
<SEL>Id =5
  <Children>
    <FS>Id =6
      <Children>
      <\Children>
      <Parent>Id = 5 null<\Parent>
    <\FS>
  <\Children>
  <Parent><\Parent>
<\SEL>
2024-04-24T01:29:14,399  INFO [pool-8-thread-1] exec.SelectOperator: Initializing Operator: SEL[5]
2024-04-24T01:29:14,399  INFO [pool-8-thread-1] exec.SelectOperator: SELECT struct<key:struct<reducesinkkey0:int>,value:struct<_col0:int>>
2024-04-24T01:29:14,399  INFO [pool-8-thread-1] exec.FileSinkOperator: Initializing Operator: FS[6]
2024-04-24T01:29:14,400  INFO [pool-8-thread-1] exec.FileSinkOperator: Using serializer : AbstractSerDe [log=org.apache.logging.slf4j.Log4jLogger@2258ded1, configuration=Optional[Configuration: core-default.xml, core-site.xml, mapred-default.xml, mapred-site.xml, yarn-default.xml, yarn-site.xml, hdfs-default.xml, hdfs-site.xml, file:/home/alex/Repositories/hive/ql/target/tmp/TestHiveStrictManagedMigration/mapred/local/localRunner/alex/job_local1296931494_0001/job_local1296931494_0001.xml], properties={transactional_properties=default, name=test.tacid, transactional=true, columns.types=int:int, bucket_field_name=b, columns=a,b, numFilesErasureCoded=0, columns.comments=&amp#0;, bucketing_version=2, bucket_count=2, serialization.lib=org.apache.hadoop.hive.ql.io.orc.OrcSerde, file.inputformat=org.apache.hadoop.hive.ql.io.orc.OrcInputFormat, file.outputformat=org.apache.hadoop.hive.ql.io.orc.OrcOutputFormat, location=file:/home/alex/Repositories/hive/ql/target/tmp/org.apache.hadoop.hive.ql.util.TestHiveStrictManagedMigration-1713947339080/warehouse/test.db/tacid, column.name.delimiter=,}, tableProperties={transactional_properties=default, name=test.tacid, transactional=true, columns.types=int:int, bucket_field_name=b, columns=a,b, numFilesErasureCoded=0, columns.comments=&amp#0;, bucketing_version=2, bucket_count=2, serialization.lib=org.apache.hadoop.hive.ql.io.orc.OrcSerde, file.inputformat=org.apache.hadoop.hive.ql.io.orc.OrcInputFormat, location=file:/home/alex/Repositories/hive/ql/target/tmp/org.apache.hadoop.hive.ql.util.TestHiveStrictManagedMigration-1713947339080/warehouse/test.db/tacid, file.outputformat=org.apache.hadoop.hive.ql.io.orc.OrcOutputFormat, column.name.delimiter=,}, partitionProperties=Optional.empty, columnNames=[a, b], columnTypes=[int, int], getClass()=class org.apache.hadoop.hive.ql.io.orc.OrcSerde] and formatter : org.apache.hadoop.hive.ql.io.orc.OrcOutputFormat@6e68a0db
2024-04-24T01:29:14,400  INFO [pool-8-thread-1] exec.FileSinkOperator: Final Path: FS file:/home/alex/Repositories/hive/ql/target/tmp/org.apache.hadoop.hive.ql.util.TestHiveStrictManagedMigration-1713947339080/warehouse/test.db/tacid
2024-04-24T01:29:14,400  INFO [pool-8-thread-1] exec.FileSinkOperator: New Final Path: FS file:/home/alex/Repositories/hive/ql/target/tmp/org.apache.hadoop.hive.ql.util.TestHiveStrictManagedMigration-1713947339080/warehouse/test.db/tacid
2024-04-24T01:29:14,400  INFO [pool-8-thread-1] common.FileUtils: Creating directory if it doesn't exist: file:/home/alex/Repositories/hive/ql/target/tmp/org.apache.hadoop.hive.ql.util.TestHiveStrictManagedMigration-1713947339080/warehouse/test.db
2024-04-24T01:29:14,401  INFO [pool-8-thread-1] exec.FileSinkOperator: FS[6]: records written - 1
2024-04-24T01:29:14,402  INFO [pool-8-thread-1] impl.PhysicalFsWriter: ORC writer created for path: file:/home/alex/Repositories/hive/ql/target/tmp/org.apache.hadoop.hive.ql.util.TestHiveStrictManagedMigration-1713947339080/warehouse/test.db/tacid/delta_0000001_0000001_0000/bucket_00001_0 with stripeSize: 8388608 blockSize: 268435456 compression: Compress: ZLIB buffer: 32768
2024-04-24T01:29:14,408  INFO [pool-8-thread-1] impl.WriterImpl: ORC writer created for path: file:/home/alex/Repositories/hive/ql/target/tmp/org.apache.hadoop.hive.ql.util.TestHiveStrictManagedMigration-1713947339080/warehouse/test.db/tacid/delta_0000001_0000001_0000/bucket_00001_0 with stripeSize: 8388608 options: Compress: ZLIB buffer: 32768
2024-04-24T01:29:14,408  INFO [pool-8-thread-1] exec.SelectOperator: Closing Operator: SEL[5]
2024-04-24T01:29:14,408  INFO [pool-8-thread-1] exec.SelectOperator: RECORDS_OUT_OPERATOR_SEL_5:1, RECORDS_OUT_INTERMEDIATE:0, 
2024-04-24T01:29:14,408  INFO [pool-8-thread-1] exec.FileSinkOperator: Closing Operator: FS[6]
2024-04-24T01:29:14,408  INFO [pool-8-thread-1] exec.FileSinkOperator: FS[6]: records written - 1
2024-04-24T01:29:14,412  INFO [pool-8-thread-1] FileOperations: Writing manifest to file:/home/alex/Repositories/hive/ql/target/tmp/org.apache.hadoop.hive.ql.util.TestHiveStrictManagedMigration-1713947339080/warehouse/test.db/tacid/_tmp.delta_0000001_0000001_0000/000001_0.manifest with [file:/home/alex/Repositories/hive/ql/target/tmp/org.apache.hadoop.hive.ql.util.TestHiveStrictManagedMigration-1713947339080/warehouse/test.db/tacid/delta_0000001_0000001_0000/bucket_00001_0]
2024-04-24T01:29:14,423  INFO [pool-8-thread-1] exec.FileSinkOperator: RECORDS_OUT_1_test.tacid:1, RECORDS_OUT_INTERMEDIATE:0, RECORDS_OUT_OPERATOR_FS_6:1, TOTAL_TABLE_ROWS_WRITTEN:1, 
2024-04-24T01:29:14,424  INFO [pool-8-thread-1] mapred.Task: Task:attempt_local1296931494_0001_r_000001_0 is done. And is in the process of committing
2024-04-24T01:29:14,425  INFO [pool-8-thread-1] mapred.LocalJobRunner: reduce > reduce
2024-04-24T01:29:14,425  INFO [pool-8-thread-1] mapred.Task: Task 'attempt_local1296931494_0001_r_000001_0' done.
2024-04-24T01:29:14,425  INFO [pool-8-thread-1] mapred.Task: Final Counters for attempt_local1296931494_0001_r_000001_0: Counters: 30
	File System Counters
		FILE: Number of bytes read=18167
		FILE: Number of bytes written=1219601
		FILE: Number of read operations=0
		FILE: Number of large read operations=0
		FILE: Number of write operations=0
	Map-Reduce Framework
		Combine input records=0
		Combine output records=0
		Reduce input groups=1
		Reduce shuffle bytes=24
		Reduce input records=1
		Reduce output records=0
		Spilled Records=1
		Shuffled Maps =1
		Failed Shuffles=0
		Merged Map outputs=1
		GC time elapsed (ms)=0
		Total committed heap usage (bytes)=907018240
	HIVE
		CREATED_FILES=1
		RECORDS_OUT_1_test.tacid=1
		RECORDS_OUT_INTERMEDIATE=0
		RECORDS_OUT_OPERATOR_FS_6=1
		RECORDS_OUT_OPERATOR_SEL_5=1
		TOTAL_TABLE_ROWS_WRITTEN=1
	Shuffle Errors
		BAD_ID=0
		CONNECTION=0
		IO_ERROR=0
		WRONG_LENGTH=0
		WRONG_MAP=0
		WRONG_REDUCE=0
	File Output Format Counters 
		Bytes Written=0
2024-04-24T01:29:14,425  INFO [pool-8-thread-1] mapred.LocalJobRunner: Finishing task: attempt_local1296931494_0001_r_000001_0
2024-04-24T01:29:14,425  INFO [Thread-77] mapred.LocalJobRunner: reduce task executor complete.
2024-04-24 01:29:14,857 Stage-1 map = 100%,  reduce = 100%
2024-04-24T01:29:14,857  INFO [main] exec.Task: 2024-04-24 01:29:14,857 Stage-1 map = 100%,  reduce = 100%
Ended Job = job_local1296931494_0001
2024-04-24T01:29:14,862  INFO [main] exec.Task: Ended Job = job_local1296931494_0001
2024-04-24T01:29:14,864  INFO [main] FileOperations: Found manifest file file:/home/alex/Repositories/hive/ql/target/tmp/org.apache.hadoop.hive.ql.util.TestHiveStrictManagedMigration-1713947339080/warehouse/test.db/tacid/_tmp.delta_0000001_0000001_0000/000000_0.manifest with attemptId 0.
2024-04-24T01:29:14,864  INFO [main] FileOperations: Found manifest file file:/home/alex/Repositories/hive/ql/target/tmp/org.apache.hadoop.hive.ql.util.TestHiveStrictManagedMigration-1713947339080/warehouse/test.db/tacid/_tmp.delta_0000001_0000001_0000/000001_0.manifest with attemptId 0.
2024-04-24T01:29:14,864  INFO [main] FileOperations: Looking at manifest file: file:/home/alex/Repositories/hive/ql/target/tmp/org.apache.hadoop.hive.ql.util.TestHiveStrictManagedMigration-1713947339080/warehouse/test.db/tacid/_tmp.delta_0000001_0000001_0000/000001_0.manifest
2024-04-24T01:29:14,865  INFO [main] FileOperations: Looking at manifest file: file:/home/alex/Repositories/hive/ql/target/tmp/org.apache.hadoop.hive.ql.util.TestHiveStrictManagedMigration-1713947339080/warehouse/test.db/tacid/_tmp.delta_0000001_0000001_0000/000000_0.manifest
2024-04-24T01:29:14,866  INFO [main] FileOperations: Deleting manifest directory file:/home/alex/Repositories/hive/ql/target/tmp/org.apache.hadoop.hive.ql.util.TestHiveStrictManagedMigration-1713947339080/warehouse/test.db/tacid/_tmp.delta_0000001_0000001_0000
2024-04-24T01:29:14,869  INFO [main] ql.Driver: Starting task [Stage-0:MOVE] in serial mode
Loading data to table test.tacid
2024-04-24T01:29:14,869  INFO [main] exec.Task: Loading data to table test.tacid from file:/home/alex/Repositories/hive/ql/target/tmp/org.apache.hadoop.hive.ql.util.TestHiveStrictManagedMigration-1713947339080/warehouse/test.db/tacid
2024-04-24T01:29:14,870  INFO [main] HiveMetaStore.audit: ugi=alex	ip=unknown-ip-addr	cmd=get_table : tbl=hive.test.tacid	
2024-04-24T01:29:14,882  INFO [main] metastore.HMSHandler: Skipping translation for processor with null
2024-04-24T01:29:14,882  INFO [main] HiveMetaStore.audit: ugi=alex	ip=unknown-ip-addr	cmd=get_table : tbl=hive.test.tacid	
2024-04-24T01:29:14,893  INFO [main] metastore.HMSHandler: Skipping translation for processor with null
2024-04-24T01:29:14,894  INFO [main] HiveMetaStore.audit: ugi=alex	ip=unknown-ip-addr	cmd=alter_table: hive.test.tacid newtbl=tacid	
2024-04-24T01:29:14,965  INFO [main] ql.Driver: Starting task [Stage-2:STATS] in serial mode
2024-04-24T01:29:14,966  INFO [main] HiveMetaStore.audit: ugi=alex	ip=unknown-ip-addr	cmd=get_table : tbl=hive.test.tacid	
2024-04-24T01:29:14,976  INFO [main] metastore.HMSHandler: Skipping translation for processor with null
2024-04-24T01:29:14,976  INFO [main] stats.BasicStatsTask: Executing stats task
2024-04-24T01:29:14,976  INFO [main] fs.FSStatsPublisher: created : file:/home/alex/Repositories/hive/ql/target/tmp/localscratchdir/ceaf7aac-49ac-4a40-9402-33af821de1a6/hive_2024-04-24_01-29-09_563_4011160904667076831-1/-mr-10000
2024-04-24T01:29:14,981  INFO [main] HiveMetaStore.audit: ugi=alex	ip=unknown-ip-addr	cmd=get_table : tbl=hive.test.tacid	
2024-04-24T01:29:14,991  INFO [main] metastore.HMSHandler: Skipping translation for processor with null
2024-04-24T01:29:15,010  WARN [main] FileOperations: Computing stats for an ACID table; stats may be inaccurate
2024-04-24T01:29:15,011  INFO [main] FileOperations: Read stats for test.tacid/, numRows, true, 3, false: 
2024-04-24T01:29:15,011  INFO [main] FileOperations: Read stats for test.tacid/, rawDataSize, true, 0, false: 
2024-04-24T01:29:15,012  INFO [main] HiveMetaStore.audit: ugi=alex	ip=unknown-ip-addr	cmd=alter_table: hive.test.tacid newtbl=tacid	
2024-04-24T01:29:15,045  INFO [main] FileOperations: Read stats for test.tacid/, insertCount, true, 3, false: 
2024-04-24T01:29:15,045  INFO [main] FileOperations: Read stats for test.tacid/, updateCount, true, 0, false: 
2024-04-24T01:29:15,045  INFO [main] FileOperations: Read stats for test.tacid/, deleteCount, true, 0, false: 
2024-04-24T01:29:15,048  INFO [main] stats.BasicStatsTask: Table test.tacid stats: [numFiles=2, numRows=3, totalSize=1365, rawDataSize=0, numFilesErasureCoded=0]
2024-04-24T01:29:15,049  INFO [main] metadata.Hive: Dumping metastore api call timing information for : execution phase
2024-04-24T01:29:15,049  INFO [main] metadata.Hive: Total time spent in each metastore function (ms): {isCompatibleWith_(Configuration)=0, alter_table_(String, String, String, Table, EnvironmentContext, String)=102, updateTransactionalStatistics_(UpdateTransactionalStatsRequest)=3, getTable_(GetTableRequest)=44}
MapReduce Jobs Launched: 
2024-04-24T01:29:15,049  INFO [main] ql.Driver: MapReduce Jobs Launched: 
Stage-Stage-1:  HDFS Read: 0 HDFS Write: 0 SUCCESS
2024-04-24T01:29:15,056  INFO [main] ql.Driver: Stage-Stage-1:  HDFS Read: 0 HDFS Write: 0 SUCCESS
Total MapReduce CPU Time Spent: 0 msec
2024-04-24T01:29:15,056  INFO [main] ql.Driver: Total MapReduce CPU Time Spent: 0 msec
2024-04-24T01:29:15,056  INFO [main] ql.Driver: Completed executing command(queryId=alex_20240424012909_a3d0e9e1-c39e-45a7-a267-aec4cf60649d); Time taken: 2.186 seconds
2024-04-24T01:29:15,056  INFO [main] lockmgr.DbTxnManager: Stopped heartbeat for query: alex_20240424012909_a3d0e9e1-c39e-45a7-a267-aec4cf60649d
2024-04-24T01:29:15,071  INFO [main] txn.TxnHandler: Removed transactions: ([17]) from MIN_HISTORY_LEVEL
2024-04-24T01:29:15,071  WARN [main] txn.CompactionTxnHandler: No compaction queue record found for Compaction type transaction commit. txnId:17
2024-04-24T01:29:15,072  INFO [main] ql.TxnCommandsBaseForTests: Running the query: CREATE EXTERNAL TABLE texternal (a int, b int)
2024-04-24T01:29:15,072  INFO [main] ql.Context: Deleting scratch dir: file:/home/alex/Repositories/hive/ql/target/tmp/localscratchdir/ceaf7aac-49ac-4a40-9402-33af821de1a6/hive_2024-04-24_01-29-09_563_4011160904667076831-1
2024-04-24T01:29:15,073  INFO [main] cleanup.SyncCleanupService: Deleted directory: file:/home/alex/Repositories/hive/ql/target/tmp/localscratchdir/ceaf7aac-49ac-4a40-9402-33af821de1a6/hive_2024-04-24_01-29-09_563_4011160904667076831-1 on fs with scheme file
2024-04-24T01:29:15,074  INFO [main] ql.Driver: Compiling command(queryId=alex_20240424012915_386fe294-bca4-4fd9-a1ab-b7d1857ad1a8): CREATE EXTERNAL TABLE texternal (a int, b int)
2024-04-24T01:29:15,079  INFO [main] txn.TxnHandler: Added entries to MIN_HISTORY_LEVEL for current txns: ([18]) with min_open_txn: 18
2024-04-24T01:29:15,080  INFO [main] lockmgr.DbTxnManager: Opened txnid:18
2024-04-24T01:29:15,082  INFO [main] parse.CalcitePlanner: Starting caching scope for: 
2024-04-24T01:29:15,082  INFO [main] parse.CalcitePlanner: Starting Semantic Analysis
2024-04-24T01:29:15,086  INFO [main] parse.CalcitePlanner: Creating table default.texternal position=22
2024-04-24T01:29:15,090  INFO [main] HiveMetaStore.audit: ugi=alex	ip=unknown-ip-addr	cmd=get_database: default	
2024-04-24T01:29:15,093  INFO [main] parse.CalcitePlanner: Ending caching scope for: 
2024-04-24T01:29:15,093  INFO [main] ql.Driver: Semantic Analysis Completed (retrial = false)
2024-04-24T01:29:15,093  INFO [main] ql.Driver: Created Hive schema: Schema(fieldSchemas:null, properties:null)
2024-04-24T01:29:15,093  INFO [main] metadata.Hive: Dumping metastore api call timing information for : compilation phase
2024-04-24T01:29:15,093  INFO [main] metadata.Hive: Total time spent in each metastore function (ms): {getValidTxns_(long)=2, isCompatibleWith_(Configuration)=0, flushCache_()=0, getDatabase_(String)=2, openTxn_(String, TxnType)=5, commitTxn_(CommitTxnRequest)=16, getValidWriteIds_(List, String)=4}
2024-04-24T01:29:15,093  INFO [main] ql.Driver: Completed compiling command(queryId=alex_20240424012915_386fe294-bca4-4fd9-a1ab-b7d1857ad1a8); Time taken: 0.019 seconds
2024-04-24T01:29:15,094  INFO [main] lockmgr.DbTxnManager: Setting lock request transaction to txnid:18 for queryId=alex_20240424012915_386fe294-bca4-4fd9-a1ab-b7d1857ad1a8
2024-04-24T01:29:15,094  INFO [main] lockmgr.DbLockManager: Requesting lock for queryId=alex_20240424012915_386fe294-bca4-4fd9-a1ab-b7d1857ad1a8
2024-04-24T01:29:15,115  INFO [main] lockmgr.DbLockManager: Response to queryId=alex_20240424012915_386fe294-bca4-4fd9-a1ab-b7d1857ad1a8 LockResponse(lockid:9, state:ACQUIRED)
2024-04-24T01:29:15,115  INFO [main] ql.Driver: Operation CREATETABLE obtained 1 locks
2024-04-24T01:29:15,115  INFO [main] ql.Driver: Executing command(queryId=alex_20240424012915_386fe294-bca4-4fd9-a1ab-b7d1857ad1a8): CREATE EXTERNAL TABLE texternal (a int, b int)
2024-04-24T01:29:15,116  INFO [main] ql.Driver: Starting task [Stage-0:DDL] in serial mode
2024-04-24T01:29:15,137  INFO [main] HiveMetaStore.audit: ugi=alex	ip=unknown-ip-addr	cmd=create_table_req: Table(tableName:texternal, dbName:default, owner:alex, createTime:1713947355, lastAccessTime:0, retention:0, sd:StorageDescriptor(cols:[FieldSchema(name:a, type:int, comment:null), FieldSchema(name:b, type:int, comment:null)], location:null, inputFormat:org.apache.hadoop.mapred.TextInputFormat, outputFormat:org.apache.hadoop.hive.ql.io.HiveIgnoreKeyTextOutputFormat, compressed:false, numBuckets:-1, serdeInfo:SerDeInfo(name:null, serializationLib:org.apache.hadoop.hive.serde2.lazy.LazySimpleSerDe, parameters:{serialization.format=1}), bucketCols:[], sortCols:[], parameters:{}, skewedInfo:SkewedInfo(skewedColNames:[], skewedColValues:[], skewedColValueLocationMaps:{}), storedAsSubDirectories:false), partitionKeys:[], parameters:{numRows=0, numFilesErasureCoded=0, bucketing_version=2, numFiles=0, rawDataSize=0, COLUMN_STATS_ACCURATE={"BASIC_STATS":"true","COLUMN_STATS":{"a":"true","b":"true"}}, EXTERNAL=TRUE, totalSize=0}, viewOriginalText:null, viewExpandedText:null, tableType:EXTERNAL_TABLE, privileges:PrincipalPrivilegeSet(userPrivileges:{alex=[PrivilegeGrantInfo(privilege:INSERT, createTime:-1, grantor:alex, grantorType:USER, grantOption:true), PrivilegeGrantInfo(privilege:SELECT, createTime:-1, grantor:alex, grantorType:USER, grantOption:true), PrivilegeGrantInfo(privilege:UPDATE, createTime:-1, grantor:alex, grantorType:USER, grantOption:true), PrivilegeGrantInfo(privilege:DELETE, createTime:-1, grantor:alex, grantorType:USER, grantOption:true)]}, groupPrivileges:null, rolePrivileges:null), temporary:false, catName:hive, ownerType:USER)	
2024-04-24T01:29:15,144  INFO [main] utils.FileUtils: Creating directory if it doesn't exist: file:/home/alex/Repositories/hive/ql/target/tmp/org.apache.hadoop.hive.ql.util.TestHiveStrictManagedMigration-1713947339080/warehouse/texternal
2024-04-24T01:29:15,170  INFO [main] metadata.Hive: Dumping metastore api call timing information for : execution phase
2024-04-24T01:29:15,170  INFO [main] metadata.Hive: Total time spent in each metastore function (ms): {createTable_(Table)=33, isCompatibleWith_(Configuration)=0}
2024-04-24T01:29:15,170  INFO [main] ql.Driver: Completed executing command(queryId=alex_20240424012915_386fe294-bca4-4fd9-a1ab-b7d1857ad1a8); Time taken: 0.055 seconds
2024-04-24T01:29:15,170  INFO [main] lockmgr.DbTxnManager: Stopped heartbeat for query: alex_20240424012915_386fe294-bca4-4fd9-a1ab-b7d1857ad1a8
2024-04-24T01:29:15,176  INFO [main] txn.TxnHandler: Expected to move at least one record from txn_components to completed_txn_components when committing txn! txnid:18
2024-04-24T01:29:15,184  INFO [main] txn.TxnHandler: Removed transactions: ([18]) from MIN_HISTORY_LEVEL
2024-04-24T01:29:15,186  WARN [main] txn.CompactionTxnHandler: No compaction queue record found for Compaction type transaction commit. txnId:18
2024-04-24T01:29:15,187  INFO [main] ql.TxnCommandsBaseForTests: Running the query: CREATE EXTERNAL TABLE test.sysdbtest(tbl_id bigint)
2024-04-24T01:29:15,188  INFO [main] ql.Driver: Compiling command(queryId=alex_20240424012915_aea1ee73-0d8d-4564-864a-4cba08ac6283): CREATE EXTERNAL TABLE test.sysdbtest(tbl_id bigint)
2024-04-24T01:29:15,191  INFO [main] txn.TxnHandler: Added entries to MIN_HISTORY_LEVEL for current txns: ([19]) with min_open_txn: 18
2024-04-24T01:29:15,192  INFO [main] lockmgr.DbTxnManager: Opened txnid:19
2024-04-24T01:29:15,193  INFO [main] parse.CalcitePlanner: Starting caching scope for: 
2024-04-24T01:29:15,193  INFO [main] parse.CalcitePlanner: Starting Semantic Analysis
2024-04-24T01:29:15,196  INFO [main] parse.CalcitePlanner: Creating table test.sysdbtest position=22
2024-04-24T01:29:15,197  INFO [main] HiveMetaStore.audit: ugi=alex	ip=unknown-ip-addr	cmd=get_database: test	
2024-04-24T01:29:15,199  INFO [main] parse.CalcitePlanner: Ending caching scope for: 
2024-04-24T01:29:15,199  INFO [main] ql.Driver: Semantic Analysis Completed (retrial = false)
2024-04-24T01:29:15,199  INFO [main] ql.Driver: Created Hive schema: Schema(fieldSchemas:null, properties:null)
2024-04-24T01:29:15,199  INFO [main] metadata.Hive: Dumping metastore api call timing information for : compilation phase
2024-04-24T01:29:15,199  INFO [main] metadata.Hive: Total time spent in each metastore function (ms): {flushCache_()=0, openTxn_(String, TxnType)=3, getValidTxns_(long)=1, getDatabase_(String)=3, getValidWriteIds_(List, String)=3, commitTxn_(CommitTxnRequest)=16, isCompatibleWith_(Configuration)=1}
2024-04-24T01:29:15,200  INFO [main] ql.Driver: Completed compiling command(queryId=alex_20240424012915_aea1ee73-0d8d-4564-864a-4cba08ac6283); Time taken: 0.011 seconds
2024-04-24T01:29:15,200  INFO [main] lockmgr.DbTxnManager: Setting lock request transaction to txnid:19 for queryId=alex_20240424012915_aea1ee73-0d8d-4564-864a-4cba08ac6283
2024-04-24T01:29:15,200  INFO [main] lockmgr.DbLockManager: Requesting lock for queryId=alex_20240424012915_aea1ee73-0d8d-4564-864a-4cba08ac6283
2024-04-24T01:29:15,222  INFO [main] lockmgr.DbLockManager: Response to queryId=alex_20240424012915_aea1ee73-0d8d-4564-864a-4cba08ac6283 LockResponse(lockid:10, state:ACQUIRED)
2024-04-24T01:29:15,222  INFO [main] ql.Driver: Operation CREATETABLE obtained 1 locks
2024-04-24T01:29:15,222  INFO [main] ql.Driver: Executing command(queryId=alex_20240424012915_aea1ee73-0d8d-4564-864a-4cba08ac6283): CREATE EXTERNAL TABLE test.sysdbtest(tbl_id bigint)
2024-04-24T01:29:15,222  INFO [main] ql.Driver: Starting task [Stage-0:DDL] in serial mode
2024-04-24T01:29:15,224  INFO [main] HiveMetaStore.audit: ugi=alex	ip=unknown-ip-addr	cmd=create_table_req: Table(tableName:sysdbtest, dbName:test, owner:alex, createTime:1713947355, lastAccessTime:0, retention:0, sd:StorageDescriptor(cols:[FieldSchema(name:tbl_id, type:bigint, comment:null)], location:null, inputFormat:org.apache.hadoop.mapred.TextInputFormat, outputFormat:org.apache.hadoop.hive.ql.io.HiveIgnoreKeyTextOutputFormat, compressed:false, numBuckets:-1, serdeInfo:SerDeInfo(name:null, serializationLib:org.apache.hadoop.hive.serde2.lazy.LazySimpleSerDe, parameters:{serialization.format=1}), bucketCols:[], sortCols:[], parameters:{}, skewedInfo:SkewedInfo(skewedColNames:[], skewedColValues:[], skewedColValueLocationMaps:{}), storedAsSubDirectories:false), partitionKeys:[], parameters:{numFilesErasureCoded=0, totalSize=0, bucketing_version=2, numRows=0, numFiles=0, rawDataSize=0, COLUMN_STATS_ACCURATE={"BASIC_STATS":"true","COLUMN_STATS":{"tbl_id":"true"}}, EXTERNAL=TRUE}, viewOriginalText:null, viewExpandedText:null, tableType:EXTERNAL_TABLE, privileges:PrincipalPrivilegeSet(userPrivileges:{alex=[PrivilegeGrantInfo(privilege:INSERT, createTime:-1, grantor:alex, grantorType:USER, grantOption:true), PrivilegeGrantInfo(privilege:SELECT, createTime:-1, grantor:alex, grantorType:USER, grantOption:true), PrivilegeGrantInfo(privilege:UPDATE, createTime:-1, grantor:alex, grantorType:USER, grantOption:true), PrivilegeGrantInfo(privilege:DELETE, createTime:-1, grantor:alex, grantorType:USER, grantOption:true)]}, groupPrivileges:null, rolePrivileges:null), temporary:false, catName:hive, ownerType:USER)	
2024-04-24T01:29:15,233  INFO [main] utils.FileUtils: Creating directory if it doesn't exist: file:/home/alex/Repositories/hive/ql/target/tmp/org.apache.hadoop.hive.ql.util.TestHiveStrictManagedMigration-1713947339080/warehouse/test.db/sysdbtest
2024-04-24T01:29:15,260  INFO [main] metadata.Hive: Dumping metastore api call timing information for : execution phase
2024-04-24T01:29:15,260  INFO [main] metadata.Hive: Total time spent in each metastore function (ms): {createTable_(Table)=36, isCompatibleWith_(Configuration)=0}
2024-04-24T01:29:15,260  INFO [main] ql.Driver: Completed executing command(queryId=alex_20240424012915_aea1ee73-0d8d-4564-864a-4cba08ac6283); Time taken: 0.038 seconds
2024-04-24T01:29:15,260  INFO [main] lockmgr.DbTxnManager: Stopped heartbeat for query: alex_20240424012915_aea1ee73-0d8d-4564-864a-4cba08ac6283
2024-04-24T01:29:15,267  INFO [main] txn.TxnHandler: Expected to move at least one record from txn_components to completed_txn_components when committing txn! txnid:19
2024-04-24T01:29:15,275  INFO [main] txn.TxnHandler: Removed transactions: ([19]) from MIN_HISTORY_LEVEL
2024-04-24T01:29:15,275  WARN [main] txn.CompactionTxnHandler: No compaction queue record found for Compaction type transaction commit. txnId:19
2024-04-24T01:29:15,276  INFO [main] HiveMetaStore.audit: ugi=alex	ip=unknown-ip-addr	cmd=get_table : tbl=hive.test.sysdbtest	
2024-04-24T01:29:15,317  INFO [main] metastore.HMSHandler: Skipping translation for processor with null
2024-04-24T01:29:15,318  INFO [main] HiveMetaStore.audit: ugi=alex	ip=unknown-ip-addr	cmd=alter_table: hive.test.sysdbtest newtbl=sysdbtest	
2024-04-24T01:29:15,366  INFO [main] util.HiveStrictManagedMigration: Setting hive.strict.managed.tables=true
2024-04-24T01:29:15,410  WARN [main] conf.HiveConf: HiveConf of name hive.dummyparam.test.server.specific.config.metastoresite does not exist
2024-04-24T01:29:15,410  WARN [main] conf.HiveConf: HiveConf of name hive.dummyparam.test.server.specific.config.hivesite does not exist
2024-04-24T01:29:15,410  WARN [main] conf.HiveConf: HiveConf of name hive.stats.key.prefix.reserve.length does not exist
2024-04-24T01:29:15,411  WARN [main] conf.HiveConf: HiveConf of name hive.llap.io.cache.orc.alloc.max does not exist
2024-04-24T01:29:15,411  WARN [main] conf.HiveConf: HiveConf of name hive.llap.io.cache.orc.arena.size does not exist
2024-04-24T01:29:15,411  WARN [main] conf.HiveConf: HiveConf of name hive.llap.io.cache.orc.alloc.min does not exist
2024-04-24T01:29:15,411  WARN [main] conf.HiveConf: HiveConf of name hive.metastore.metadb.dir does not exist
2024-04-24T01:29:15,411  WARN [main] conf.HiveConf: HiveConf of name hive.llap.io.cache.orc.size does not exist
2024-04-24T01:29:15,411  WARN [main] conf.HiveConf: HiveConf of name hive.metastore.client.cache.maxSize does not exist
2024-04-24T01:29:15,411  WARN [main] conf.HiveConf: HiveConf of name hive.metastore.client.cache.recordStats does not exist
2024-04-24T01:29:15,412  WARN [main] conf.HiveConf: HiveConf of name hive.dummyparam.test.server.specific.config.override does not exist
DEBUG StatusLogger Using ShutdownCallbackRegistry class org.apache.logging.log4j.core.util.DefaultShutdownCallbackRegistry
DEBUG StatusLogger PluginManager 'Converter' found 46 plugins
DEBUG StatusLogger Starting OutputStreamManager SYSTEM_OUT.false.false-2
DEBUG StatusLogger Using configurationFactory org.apache.logging.log4j.core.config.ConfigurationFactory$Factory@2de56eb2
DEBUG StatusLogger Starting LoggerContext[name=AsyncContext@330bedb4] from configuration at file:/home/alex/Repositories/hive/common/target/classes/hive-log4j2.properties
TRACE StatusLogger [AsyncContext@330bedb4] AsyncLoggerDisruptor creating new disruptor for this context.
TRACE StatusLogger property AsyncLogger.WaitStrategy=TIMEOUT
DEBUG StatusLogger [AsyncContext@330bedb4] Starting AsyncLogger disruptor for this context with ringbufferSize=262144, waitStrategy=TimeoutBlockingWaitStrategy, exceptionHandler=org.apache.logging.log4j.core.async.AsyncLoggerDefaultExceptionHandler@69b436a7...
TRACE StatusLogger [AsyncContext@330bedb4] AsyncLoggers use a threadlocal translator
DEBUG StatusLogger Starting LoggerContext[name=AsyncContext@330bedb4, org.apache.logging.log4j.core.async.AsyncLoggerContext@5dfd4fac] with configuration org.apache.logging.log4j.core.config.properties.PropertiesConfiguration@1d2aa638...
DEBUG StatusLogger Shutdown hook enabled. Registering a new one.
DEBUG StatusLogger Apache Log4j Core 2.13.2 initializing configuration org.apache.logging.log4j.core.config.properties.PropertiesConfiguration@1d2aa638
DEBUG StatusLogger Installed 2 script engines
DEBUG StatusLogger Oracle Nashorn version: 1.8.0_402, language: ECMAScript, threading: Not Thread Safe, compile: true, names: [nashorn, Nashorn, js, JS, JavaScript, javascript, ECMAScript, ecmascript], factory class: jdk.nashorn.api.scripting.NashornScriptEngineFactory
DEBUG StatusLogger Groovy Scripting Engine version: 2.0, language: Groovy, threading: MULTITHREADED, compile: true, names: [groovy, Groovy], factory class: org.codehaus.groovy.jsr223.GroovyScriptEngineFactory
DEBUG StatusLogger PluginManager 'Core' found 132 plugins
DEBUG StatusLogger PluginManager 'Level' found 0 plugins
DEBUG StatusLogger Building Plugin[name=property, class=org.apache.logging.log4j.core.config.Property].
DEBUG StatusLogger createProperty(name="hive.log.file", value="hive.log")
DEBUG StatusLogger Building Plugin[name=property, class=org.apache.logging.log4j.core.config.Property].
DEBUG StatusLogger createProperty(name="hive.log.dir", value="/home/alex/Repositories/hive/ql/target/tmp/alex")
DEBUG StatusLogger Building Plugin[name=property, class=org.apache.logging.log4j.core.config.Property].
DEBUG StatusLogger createProperty(name="hive.log.level", value="INFO")
DEBUG StatusLogger Building Plugin[name=property, class=org.apache.logging.log4j.core.config.Property].
DEBUG StatusLogger createProperty(name="hive.root.logger", value="DRFA")
DEBUG StatusLogger Building Plugin[name=property, class=org.apache.logging.log4j.core.config.Property].
DEBUG StatusLogger createProperty(name="hive.perflogger.log.level", value="INFO")
DEBUG StatusLogger Building Plugin[name=properties, class=org.apache.logging.log4j.core.config.PropertiesPlugin].
DEBUG StatusLogger configureSubstitutor(={hive.log.file=hive.log, hive.log.dir=/home/alex/Repositories/hive/ql/target/tmp/alex, hive.log.level=INFO, hive.root.logger=DRFA, hive.perflogger.log.level=INFO}, Configuration(HiveLog4j2))
DEBUG StatusLogger PluginManager 'Lookup' found 17 plugins
DEBUG StatusLogger Building Plugin[name=logger, class=org.apache.logging.log4j.core.config.LoggerConfig].
DEBUG StatusLogger createLogger(additivity="true", level="WARN", name="org.apache.zookeeper.server.NIOServerCnxn", includeLocation="null", ={}, ={}, Configuration(HiveLog4j2), Filter=null)
DEBUG StatusLogger Building Plugin[name=logger, class=org.apache.logging.log4j.core.config.LoggerConfig].
DEBUG StatusLogger createLogger(additivity="true", level="WARN", name="org.apache.zookeeper.ClientCnxnSocketNIO", includeLocation="null", ={}, ={}, Configuration(HiveLog4j2), Filter=null)
DEBUG StatusLogger Building Plugin[name=logger, class=org.apache.logging.log4j.core.config.LoggerConfig].
DEBUG StatusLogger createLogger(additivity="true", level="ERROR", name="DataNucleus", includeLocation="null", ={}, ={}, Configuration(HiveLog4j2), Filter=null)
DEBUG StatusLogger Building Plugin[name=logger, class=org.apache.logging.log4j.core.config.LoggerConfig].
DEBUG StatusLogger createLogger(additivity="true", level="ERROR", name="Datastore", includeLocation="null", ={}, ={}, Configuration(HiveLog4j2), Filter=null)
DEBUG StatusLogger Building Plugin[name=logger, class=org.apache.logging.log4j.core.config.LoggerConfig].
DEBUG StatusLogger createLogger(additivity="true", level="ERROR", name="JPOX", includeLocation="null", ={}, ={}, Configuration(HiveLog4j2), Filter=null)
DEBUG StatusLogger Building Plugin[name=logger, class=org.apache.logging.log4j.core.config.LoggerConfig].
DEBUG StatusLogger createLogger(additivity="true", level="INFO", name="org.apache.hadoop.hive.ql.log.PerfLogger", includeLocation="null", ={}, ={}, Configuration(HiveLog4j2), Filter=null)
DEBUG StatusLogger Building Plugin[name=logger, class=org.apache.logging.log4j.core.config.LoggerConfig].
DEBUG StatusLogger createLogger(additivity="true", level="INFO", name="com.amazonaws", includeLocation="null", ={}, ={}, Configuration(HiveLog4j2), Filter=null)
DEBUG StatusLogger Building Plugin[name=logger, class=org.apache.logging.log4j.core.config.LoggerConfig].
DEBUG StatusLogger createLogger(additivity="true", level="INFO", name="org.apache.http", includeLocation="null", ={}, ={}, Configuration(HiveLog4j2), Filter=null)
DEBUG StatusLogger Building Plugin[name=AppenderRef, class=org.apache.logging.log4j.core.config.AppenderRef].
DEBUG StatusLogger createAppenderRef(ref="DRFA", level="null", Filter=null)
DEBUG StatusLogger Building Plugin[name=root, class=org.apache.logging.log4j.core.config.LoggerConfig$RootLogger].
DEBUG StatusLogger createLogger(additivity="null", level="INFO", includeLocation="null", ={DRFA}, ={}, Configuration(HiveLog4j2), Filter=null)
DEBUG StatusLogger Building Plugin[name=loggers, class=org.apache.logging.log4j.core.config.LoggersPlugin].
DEBUG StatusLogger createLoggers(={org.apache.zookeeper.server.NIOServerCnxn, org.apache.zookeeper.ClientCnxnSocketNIO, DataNucleus, Datastore, JPOX, org.apache.hadoop.hive.ql.log.PerfLogger, com.amazonaws, org.apache.http, root})
DEBUG StatusLogger Building Plugin[name=layout, class=org.apache.logging.log4j.core.layout.PatternLayout].
DEBUG StatusLogger PatternLayout$Builder(header="null", PatternSelector=null, alwaysWriteExceptions="null", pattern="%d{ISO8601} %5p [%t] %c{2}: %m%n", charset="null", Configuration(HiveLog4j2), disableAnsi="null", Replace=null, footer="null", noConsoleNoAnsi="null")
DEBUG StatusLogger PluginManager 'Converter' found 46 plugins
DEBUG StatusLogger Building Plugin[name=appender, class=org.apache.logging.log4j.core.appender.ConsoleAppender].
DEBUG StatusLogger ConsoleAppender$Builder(direct="null", target="SYSTEM_ERR", follow="null", bufferedIo="null", bufferSize="null", immediateFlush="null", name="console", Configuration(HiveLog4j2), ignoreExceptions="null", PatternLayout(%d{ISO8601} %5p [%t] %c{2}: %m%n), Filter=null, ={})
DEBUG StatusLogger Building Plugin[name=layout, class=org.apache.logging.log4j.core.layout.PatternLayout].
DEBUG StatusLogger PatternLayout$Builder(alwaysWriteExceptions="null", charset="null", footer="null", header="null", PatternSelector=null, Replace=null, Configuration(HiveLog4j2), pattern="%d{ISO8601} %5p [%t] %c{2}: %m%n", disableAnsi="null", noConsoleNoAnsi="null")
DEBUG StatusLogger Building Plugin[name=TimeBasedTriggeringPolicy, class=org.apache.logging.log4j.core.appender.rolling.TimeBasedTriggeringPolicy].
DEBUG StatusLogger TimeBasedTriggeringPolicy$Builder(maxRandomDelay="null", interval="1", modulate="true")
DEBUG StatusLogger Building Plugin[name=Policies, class=org.apache.logging.log4j.core.appender.rolling.CompositeTriggeringPolicy].
DEBUG StatusLogger createPolicy(={TimeBasedTriggeringPolicy(nextRolloverMillis=0, interval=1, modulate=true)})
DEBUG StatusLogger Building Plugin[name=DefaultRolloverStrategy, class=org.apache.logging.log4j.core.appender.rolling.DefaultRolloverStrategy].
DEBUG StatusLogger DefaultRolloverStrategy$Builder(min="null", stopCustomActionsOnError="null", fileIndex="null", Configuration(HiveLog4j2), compressionLevel="null", max="30", ={}, tempCompressedFilePattern="null")
DEBUG StatusLogger Building Plugin[name=appender, class=org.apache.logging.log4j.core.appender.RollingRandomAccessFileAppender].
DEBUG StatusLogger RollingRandomAccessFileAppender$Builder(fileGroup="null", advertise="null", advertiseURI="null", fileName="/home/alex/Repositories/hive/ql/target/tmp/alex/hive.log", Policies(CompositeTriggeringPolicy(policies=[TimeBasedTriggeringPolicy(nextRolloverMillis=0, interval=1, modulate=true)])), append="null", filePermissions="null", filePattern="/home/alex/Repositories/hive/ql/target/tmp/alex/hive.log.%d{yyyy-MM-dd}", fileOwner="null", DefaultRolloverStrategy(DefaultRolloverStrategy(min=1, max=30, useMax=true)), bufferedIo="null", immediateFlush="null", bufferSize="null", name="DRFA", ignoreExceptions="null", Configuration(HiveLog4j2), PatternLayout(%d{ISO8601} %5p [%t] %c{2}: %m%n), Filter=null, ={})
TRACE StatusLogger RandomAccessFile /home/alex/Repositories/hive/ql/target/tmp/alex/hive.log seek to 42374
DEBUG StatusLogger Starting RollingRandomAccessFileManager /home/alex/Repositories/hive/ql/target/tmp/alex/hive.log
DEBUG StatusLogger PluginManager 'FileConverter' found 3 plugins
DEBUG StatusLogger Setting prev file time to 2024-04-23T21:25:12.001-0700
DEBUG StatusLogger Initializing triggering policy CompositeTriggeringPolicy(policies=[TimeBasedTriggeringPolicy(nextRolloverMillis=0, interval=1, modulate=true)])
DEBUG StatusLogger Initializing triggering policy TimeBasedTriggeringPolicy(nextRolloverMillis=0, interval=1, modulate=true)
TRACE StatusLogger PatternProcessor.getNextTime returning 2024/04/24-00:00:00.000, nextFileTime=2024/04/23-00:00:00.000, prevFileTime=1969/12/31-16:00:00.000, current=2024/04/24-01:29:15.511, freq=DAILY
TRACE StatusLogger PatternProcessor.getNextTime returning 2024/04/24-00:00:00.000, nextFileTime=2024/04/23-00:00:00.000, prevFileTime=2024/04/23-00:00:00.000, current=2024/04/24-01:29:15.511, freq=DAILY
DEBUG StatusLogger Building Plugin[name=appenders, class=org.apache.logging.log4j.core.config.AppendersPlugin].
DEBUG StatusLogger createAppenders(={console, DRFA})
DEBUG StatusLogger Configuration org.apache.logging.log4j.core.config.properties.PropertiesConfiguration@1d2aa638 initialized
DEBUG StatusLogger Starting configuration org.apache.logging.log4j.core.config.properties.PropertiesConfiguration@1d2aa638
DEBUG StatusLogger Started configuration org.apache.logging.log4j.core.config.properties.PropertiesConfiguration@1d2aa638 OK.
TRACE StatusLogger Stopping org.apache.logging.log4j.core.config.DefaultConfiguration@7915111a...
TRACE StatusLogger DefaultConfiguration notified 1 ReliabilityStrategies that config will be stopped.
TRACE StatusLogger DefaultConfiguration stopping root LoggerConfig.
TRACE StatusLogger DefaultConfiguration notifying ReliabilityStrategies that appenders will be stopped.
TRACE StatusLogger DefaultConfiguration stopping remaining Appenders.
DEBUG StatusLogger Shutting down OutputStreamManager SYSTEM_OUT.false.false-2
DEBUG StatusLogger OutputStream closed
DEBUG StatusLogger Shut down OutputStreamManager SYSTEM_OUT.false.false-2, all resources released: true
DEBUG StatusLogger Appender DefaultConsole-2 stopped with status true
TRACE StatusLogger DefaultConfiguration stopped 1 remaining Appenders.
TRACE StatusLogger DefaultConfiguration cleaning Appenders from 1 LoggerConfigs.
DEBUG StatusLogger Stopped org.apache.logging.log4j.core.config.DefaultConfiguration@7915111a OK
TRACE StatusLogger Reregistering MBeans after reconfigure. Selector=org.apache.logging.log4j.core.async.AsyncLoggerContextSelector@789d45f7
TRACE StatusLogger Reregistering context (1/2): 'AsyncContext@330bedb4' org.apache.logging.log4j.core.async.AsyncLoggerContext@5dfd4fac
TRACE StatusLogger Unregistering but no MBeans found matching 'org.apache.logging.log4j2:type=AsyncContext@330bedb4'
TRACE StatusLogger Unregistering but no MBeans found matching 'org.apache.logging.log4j2:type=AsyncContext@330bedb4,component=StatusLogger'
TRACE StatusLogger Unregistering but no MBeans found matching 'org.apache.logging.log4j2:type=AsyncContext@330bedb4,component=ContextSelector'
TRACE StatusLogger Unregistering but no MBeans found matching 'org.apache.logging.log4j2:type=AsyncContext@330bedb4,component=Loggers,name=*'
TRACE StatusLogger Unregistering but no MBeans found matching 'org.apache.logging.log4j2:type=AsyncContext@330bedb4,component=Appenders,name=*'
TRACE StatusLogger Unregistering but no MBeans found matching 'org.apache.logging.log4j2:type=AsyncContext@330bedb4,component=AsyncAppenders,name=*'
TRACE StatusLogger Unregistering but no MBeans found matching 'org.apache.logging.log4j2:type=AsyncContext@330bedb4,component=AsyncLoggerRingBuffer'
TRACE StatusLogger Unregistering but no MBeans found matching 'org.apache.logging.log4j2:type=AsyncContext@330bedb4,component=Loggers,name=*,subtype=RingBuffer'
DEBUG StatusLogger Registering MBean org.apache.logging.log4j2:type=AsyncContext@330bedb4
DEBUG StatusLogger Registering MBean org.apache.logging.log4j2:type=AsyncContext@330bedb4,component=AsyncLoggerRingBuffer
DEBUG StatusLogger Registering MBean org.apache.logging.log4j2:type=AsyncContext@330bedb4,component=StatusLogger
DEBUG StatusLogger Registering MBean org.apache.logging.log4j2:type=AsyncContext@330bedb4,component=ContextSelector
DEBUG StatusLogger Registering MBean org.apache.logging.log4j2:type=AsyncContext@330bedb4,component=Loggers,name=JPOX
DEBUG StatusLogger Registering MBean org.apache.logging.log4j2:type=AsyncContext@330bedb4,component=Loggers,name=com.amazonaws
DEBUG StatusLogger Registering MBean org.apache.logging.log4j2:type=AsyncContext@330bedb4,component=Loggers,name=org.apache.zookeeper.server.NIOServerCnxn
DEBUG StatusLogger Registering MBean org.apache.logging.log4j2:type=AsyncContext@330bedb4,component=Loggers,name=Datastore
DEBUG StatusLogger Registering MBean org.apache.logging.log4j2:type=AsyncContext@330bedb4,component=Loggers,name=org.apache.zookeeper.ClientCnxnSocketNIO
DEBUG StatusLogger Registering MBean org.apache.logging.log4j2:type=AsyncContext@330bedb4,component=Loggers,name=org.apache.hadoop.hive.ql.log.PerfLogger
DEBUG StatusLogger Registering MBean org.apache.logging.log4j2:type=AsyncContext@330bedb4,component=Loggers,name=
DEBUG StatusLogger Registering MBean org.apache.logging.log4j2:type=AsyncContext@330bedb4,component=Loggers,name=org.apache.http
DEBUG StatusLogger Registering MBean org.apache.logging.log4j2:type=AsyncContext@330bedb4,component=Loggers,name=DataNucleus
DEBUG StatusLogger Registering MBean org.apache.logging.log4j2:type=AsyncContext@330bedb4,component=Appenders,name=console
DEBUG StatusLogger Registering MBean org.apache.logging.log4j2:type=AsyncContext@330bedb4,component=Appenders,name=DRFA
TRACE StatusLogger Reregistering context (2/2): '330bedb4' org.apache.logging.log4j.core.LoggerContext@609e8838
TRACE StatusLogger Unregistering 1 MBeans: [org.apache.logging.log4j2:type=330bedb4]
TRACE StatusLogger Unregistering 1 MBeans: [org.apache.logging.log4j2:type=330bedb4,component=StatusLogger]
TRACE StatusLogger Unregistering 1 MBeans: [org.apache.logging.log4j2:type=330bedb4,component=ContextSelector]
TRACE StatusLogger Unregistering 30 MBeans: [org.apache.logging.log4j2:type=330bedb4,component=Loggers,name=org.apache.hadoop.metrics2, org.apache.logging.log4j2:type=330bedb4,component=Loggers,name=org.apache.thrift, org.apache.logging.log4j2:type=330bedb4,component=Loggers,name=org.apache.hadoop.conf.Configuration, org.apache.logging.log4j2:type=330bedb4,component=Loggers,name=org.apache.http, org.apache.logging.log4j2:type=330bedb4,component=Loggers,name=BlockStateChange, org.apache.logging.log4j2:type=330bedb4,component=Loggers,name=org.apache.hadoop.yarn, org.apache.logging.log4j2:type=330bedb4,component=Loggers,name=org.apache.hadoop.ipc, org.apache.logging.log4j2:type=330bedb4,component=Loggers,name=org.apache.hadoop.security, org.apache.logging.log4j2:type=330bedb4,component=Loggers,name=org.apache.calcite.plan.RelOptPlanner, org.apache.logging.log4j2:type=330bedb4,component=Loggers,name=org.apache.zookeeper.server.ServerCnxn, org.apache.logging.log4j2:type=330bedb4,component=Loggers,name=DataNucleus, org.apache.logging.log4j2:type=330bedb4,component=Loggers,name=Datastore, org.apache.logging.log4j2:type=330bedb4,component=Loggers,name=JPOX, org.apache.logging.log4j2:type=330bedb4,component=Loggers,name=org.apache.hadoop.hive.metastore.ObjectStore, org.apache.logging.log4j2:type=330bedb4,component=Loggers,name=org.mortbay, org.apache.logging.log4j2:type=330bedb4,component=Loggers,name=org.apache.zookeeper, org.apache.logging.log4j2:type=330bedb4,component=Loggers,name=org.eclipse.jetty, org.apache.logging.log4j2:type=330bedb4,component=Loggers,name=org.apache.tez, org.apache.logging.log4j2:type=330bedb4,component=Loggers,name=org.apache.hadoop.hdfs, org.apache.logging.log4j2:type=330bedb4,component=Loggers,name=, org.apache.logging.log4j2:type=330bedb4,component=Loggers,name=org.apache.zookeeper.ClientCnxnSocket, org.apache.logging.log4j2:type=330bedb4,component=Loggers,name=org.apache.zookeeper.ClientCnxn, org.apache.logging.log4j2:type=330bedb4,component=Loggers,name=com.amazonaws, org.apache.logging.log4j2:type=330bedb4,component=Loggers,name=org.apache.hadoop.hive.ql.optimizer.SharedWorkOptimizer, org.apache.logging.log4j2:type=330bedb4,component=Loggers,name=org.apache.zookeeper.server.NIOServerCnxn, org.apache.logging.log4j2:type=330bedb4,component=Loggers,name=org.apache.zookeeper.ClientCnxnSocketNIO, org.apache.logging.log4j2:type=330bedb4,component=Loggers,name=org.apache.hadoop.hdfs.server, org.apache.logging.log4j2:type=330bedb4,component=Loggers,name=org.apache.hadoop.yarn.server, org.apache.logging.log4j2:type=330bedb4,component=Loggers,name=org.apache.hadoop.hive.serde2.lazy, org.apache.logging.log4j2:type=330bedb4,component=Loggers,name=org.apache.hadoop.hive.ql.exec.Operator]
TRACE StatusLogger Unregistering 2 MBeans: [org.apache.logging.log4j2:type=330bedb4,component=Appenders,name=console, org.apache.logging.log4j2:type=330bedb4,component=Appenders,name=DRFA]
TRACE StatusLogger Unregistering but no MBeans found matching 'org.apache.logging.log4j2:type=330bedb4,component=AsyncAppenders,name=*'
TRACE StatusLogger Unregistering but no MBeans found matching 'org.apache.logging.log4j2:type=330bedb4,component=AsyncLoggerRingBuffer'
TRACE StatusLogger Unregistering but no MBeans found matching 'org.apache.logging.log4j2:type=330bedb4,component=Loggers,name=*,subtype=RingBuffer'
DEBUG StatusLogger Registering MBean org.apache.logging.log4j2:type=330bedb4
DEBUG StatusLogger Registering MBean org.apache.logging.log4j2:type=330bedb4,component=StatusLogger
DEBUG StatusLogger Registering MBean org.apache.logging.log4j2:type=330bedb4,component=ContextSelector
DEBUG StatusLogger Registering MBean org.apache.logging.log4j2:type=330bedb4,component=Loggers,name=org.apache.hadoop.hdfs.server
DEBUG StatusLogger Registering MBean org.apache.logging.log4j2:type=330bedb4,component=Loggers,name=org.apache.hadoop.hive.serde2.lazy
DEBUG StatusLogger Registering MBean org.apache.logging.log4j2:type=330bedb4,component=Loggers,name=org.apache.hadoop.hive.ql.optimizer.SharedWorkOptimizer
DEBUG StatusLogger Registering MBean org.apache.logging.log4j2:type=330bedb4,component=Loggers,name=org.apache.hadoop.conf.Configuration
DEBUG StatusLogger Registering MBean org.apache.logging.log4j2:type=330bedb4,component=Loggers,name=com.amazonaws
DEBUG StatusLogger Registering MBean org.apache.logging.log4j2:type=330bedb4,component=Loggers,name=org.apache.thrift
DEBUG StatusLogger Registering MBean org.apache.logging.log4j2:type=330bedb4,component=Loggers,name=org.apache.hadoop.security
DEBUG StatusLogger Registering MBean org.apache.logging.log4j2:type=330bedb4,component=Loggers,name=JPOX
DEBUG StatusLogger Registering MBean org.apache.logging.log4j2:type=330bedb4,component=Loggers,name=org.apache.hadoop.yarn.server
DEBUG StatusLogger Registering MBean org.apache.logging.log4j2:type=330bedb4,component=Loggers,name=Datastore
DEBUG StatusLogger Registering MBean org.apache.logging.log4j2:type=330bedb4,component=Loggers,name=org.apache.hadoop.hive.metastore.ObjectStore
DEBUG StatusLogger Registering MBean org.apache.logging.log4j2:type=330bedb4,component=Loggers,name=org.apache.hadoop.yarn
DEBUG StatusLogger Registering MBean org.apache.logging.log4j2:type=330bedb4,component=Loggers,name=org.apache.zookeeper.ClientCnxnSocketNIO
DEBUG StatusLogger Registering MBean org.apache.logging.log4j2:type=330bedb4,component=Loggers,name=
DEBUG StatusLogger Registering MBean org.apache.logging.log4j2:type=330bedb4,component=Loggers,name=org.eclipse.jetty
DEBUG StatusLogger Registering MBean org.apache.logging.log4j2:type=330bedb4,component=Loggers,name=BlockStateChange
DEBUG StatusLogger Registering MBean org.apache.logging.log4j2:type=330bedb4,component=Loggers,name=org.apache.calcite.plan.RelOptPlanner
DEBUG StatusLogger Registering MBean org.apache.logging.log4j2:type=330bedb4,component=Loggers,name=org.apache.hadoop.hdfs
DEBUG StatusLogger Registering MBean org.apache.logging.log4j2:type=330bedb4,component=Loggers,name=org.apache.http
DEBUG StatusLogger Registering MBean org.apache.logging.log4j2:type=330bedb4,component=Loggers,name=org.apache.tez
DEBUG StatusLogger Registering MBean org.apache.logging.log4j2:type=330bedb4,component=Loggers,name=org.apache.hadoop.hive.ql.exec.Operator
DEBUG StatusLogger Registering MBean org.apache.logging.log4j2:type=330bedb4,component=Loggers,name=org.apache.hadoop.metrics2
DEBUG StatusLogger Registering MBean org.apache.logging.log4j2:type=330bedb4,component=Loggers,name=org.apache.zookeeper.ClientCnxn
DEBUG StatusLogger Registering MBean org.apache.logging.log4j2:type=330bedb4,component=Loggers,name=DataNucleus
DEBUG StatusLogger Registering MBean org.apache.logging.log4j2:type=330bedb4,component=Loggers,name=org.apache.zookeeper
DEBUG StatusLogger Registering MBean org.apache.logging.log4j2:type=330bedb4,component=Loggers,name=org.apache.zookeeper.server.ServerCnxn
DEBUG StatusLogger Registering MBean org.apache.logging.log4j2:type=330bedb4,component=Loggers,name=org.apache.zookeeper.server.NIOServerCnxn
DEBUG StatusLogger Registering MBean org.apache.logging.log4j2:type=330bedb4,component=Loggers,name=org.apache.zookeeper.ClientCnxnSocket
DEBUG StatusLogger Registering MBean org.apache.logging.log4j2:type=330bedb4,component=Loggers,name=org.apache.hadoop.ipc
DEBUG StatusLogger Registering MBean org.apache.logging.log4j2:type=330bedb4,component=Loggers,name=org.mortbay
DEBUG StatusLogger Registering MBean org.apache.logging.log4j2:type=330bedb4,component=Appenders,name=console
DEBUG StatusLogger Registering MBean org.apache.logging.log4j2:type=330bedb4,component=Appenders,name=DRFA
TRACE StatusLogger Using DummyNanoClock for nanosecond timestamps.
DEBUG StatusLogger LoggerContext[name=AsyncContext@330bedb4, org.apache.logging.log4j.core.async.AsyncLoggerContext@5dfd4fac] started OK with configuration org.apache.logging.log4j.core.config.properties.PropertiesConfiguration@1d2aa638.
TRACE StatusLogger Using default SystemClock for timestamps.
DEBUG StatusLogger org.apache.logging.log4j.core.util.SystemClock does not support precise timestamps.
DEBUG StatusLogger AsyncLogger.ThreadNameStrategy=UNCACHED (user specified null, default is UNCACHED)
2024-04-24T01:29:15,584  INFO [main] util.HiveStrictManagedMigration: Starting with RunOptions{dbRegex='.*', tableRegex='.*', oldWarehouseRoot='/home/alex/Repositories/hive/ql/target/tmp/org.apache.hadoop.hive.ql.util.TestHiveStrictManagedMigration-1713947339080/warehouse', migrationOption=AUTOMATIC, confProps={hive.strict.managed.tables=true}, shouldModifyManagedTableLocation=true, shouldModifyManagedTableOwner=true, shouldModifyManagedTablePermissions=true, shouldMoveExternal=false, dryRun=false, tableType=null, tablePoolSize=4, fsOperationUser=null, controlFileUrl=}
2024-04-24T01:29:15,586  INFO [main] metastore.HiveMetaStoreClient: HMS client filtering is enabled.
2024-04-24T01:29:15,586  INFO [main] metastore.PersistenceManagerProvider: Configuration datanucleus.autoStartMechanismMode is not set. Defaulting to 'ignored'
2024-04-24T01:29:15,586  INFO [main] metastore.ObjectStore: RawStore: org.apache.hadoop.hive.metastore.ObjectStore@4a481728, with PersistenceManager: org.datanucleus.api.jdo.JDOPersistenceManager@63300c4b will be shutdown
2024-04-24T01:29:15,587  INFO [main] metastore.ObjectStore: RawStore: org.apache.hadoop.hive.metastore.ObjectStore@4a481728, with PersistenceManager: org.datanucleus.api.jdo.JDOPersistenceManager@1f41f259 created in the thread with id: 1
2024-04-24T01:29:15,622  INFO [main] metastore.HMSHandler: HMS server filtering is disabled by configuration
ivysettings.xml file not found in HIVE_HOME or HIVE_CONF_DIR,/home/alex/Repositories/hive/conf/ivysettings.xml will be used
2024-04-24T01:29:15,623  INFO [main] DependencyResolver: ivysettings.xml file not found in HIVE_HOME or HIVE_CONF_DIR,/home/alex/Repositories/hive/conf/ivysettings.xml will be used
2024-04-24T01:29:15,628  INFO [main] sqlstd.SQLStdHiveAccessController: Created SQLStdHiveAccessController for session context : HiveAuthzSessionContext [sessionString=ceaf7aac-49ac-4a40-9402-33af821de1a6, clientType=HIVECLI]
2024-04-24T01:29:15,628  INFO [main] HiveMetaStore.audit: ugi=alex	ip=unknown-ip-addr	cmd=get_databases: @hive#.*	
2024-04-24T01:29:15,645  INFO [main] util.HiveStrictManagedMigration: Found 2 databases
2024-04-24T01:29:15,645  INFO [main] util.HiveStrictManagedMigration: Processing database default
2024-04-24T01:29:15,645  INFO [main] HiveMetaStore.audit: ugi=alex	ip=unknown-ip-addr	cmd=get_database: default	
2024-04-24T01:29:15,648  INFO [main] util.HiveStrictManagedMigration: Changing location of database default to file:/home/alex/Repositories/hive/ql/target/tmp/org.apache.hadoop.hive.ql.util.TestHiveStrictManagedMigration-1713947339080/newWarehouse
2024-04-24T01:29:15,649  INFO [main] common.FileUtils: Creating directory if it doesn't exist: file:/home/alex/Repositories/hive/ql/target/tmp/org.apache.hadoop.hive.ql.util.TestHiveStrictManagedMigration-1713947339080/newWarehouse
2024-04-24T01:29:15,661  INFO [main] HiveMetaStore.audit: ugi=alex	ip=unknown-ip-addr	cmd=get_multi_table : db=default tbls=null	
2024-04-24T01:29:15,673  INFO [main] metastore.HiveMetaStoreClient: Mestastore configuration metastore.warehouse.dir changed from /home/alex/Repositories/hive/ql/target/tmp/org.apache.hadoop.hive.ql.util.TestHiveStrictManagedMigration-1713947339080/warehouse to /home/alex/Repositories/hive/ql/target/tmp/org.apache.hadoop.hive.ql.util.TestHiveStrictManagedMigration-1713947339080/newWarehouse
2024-04-24T01:29:15,675  INFO [main] HiveMetaStore.audit: ugi=alex	ip=unknown-ip-addr	cmd=Cleaning up thread local RawStore...	
2024-04-24T01:29:15,675  INFO [main] metastore.ObjectStore: RawStore: org.apache.hadoop.hive.metastore.ObjectStore@4a481728, with PersistenceManager: org.datanucleus.api.jdo.JDOPersistenceManager@1f41f259 will be shutdown
2024-04-24T01:29:15,675  INFO [main] HiveMetaStore.audit: ugi=alex	ip=unknown-ip-addr	cmd=Done cleaning up thread local RawStore	
2024-04-24T01:29:15,675  INFO [main] metastore.HiveMetaStoreClient: Closed a connection to metastore, current connections: -1
2024-04-24T01:29:15,677  INFO [main] metastore.HiveMetaStoreClient: HMS client filtering is enabled.
2024-04-24T01:29:15,679  INFO [main] metastore.HMSHandler: 0: Opening raw store with implementation class:org.apache.hadoop.hive.metastore.ObjectStore
2024-04-24T01:29:15,679  INFO [main] metastore.PersistenceManagerProvider: Configuration datanucleus.autoStartMechanismMode is not set. Defaulting to 'ignored'
2024-04-24T01:29:15,680  INFO [main] metastore.ObjectStore: RawStore: org.apache.hadoop.hive.metastore.ObjectStore@3be60847, with PersistenceManager: null will be shutdown
2024-04-24T01:29:15,680  INFO [main] metastore.ObjectStore: RawStore: org.apache.hadoop.hive.metastore.ObjectStore@3be60847, with PersistenceManager: org.datanucleus.api.jdo.JDOPersistenceManager@3dfe2797 created in the thread with id: 1
2024-04-24T01:29:15,685  INFO [main] metastore.HMSHandler: Created RawStore: org.apache.hadoop.hive.metastore.ObjectStore@3be60847 from thread id: 1
2024-04-24T01:29:15,685  INFO [main] metastore.HMSHandler: HMS server filtering is disabled by configuration
2024-04-24T01:29:15,685  INFO [main] metastore.RetryingMetaStoreClient: RetryingMetaStoreClient proxy=class org.apache.hadoop.hive.ql.metadata.SessionHiveMetaStoreClient ugi=alex (auth:SIMPLE) retries=1 delay=1 lifetime=0
2024-04-24T01:29:15,688  INFO [main] HiveMetaStore.audit: ugi=alex	ip=unknown-ip-addr	cmd=get_all_functions	
2024-04-24T01:29:15,724  INFO [main] util.HiveStrictManagedMigration: ALTER DATABASE default SET LOCATION 'file:/home/alex/Repositories/hive/ql/target/tmp/org.apache.hadoop.hive.ql.util.TestHiveStrictManagedMigration-1713947339080/newWarehouse'
2024-04-24T01:29:15,724  INFO [main] HiveMetaStore.audit: ugi=alex	ip=unknown-ip-addr	cmd=alter_database @hive#default	
2024-04-24T01:29:15,731  INFO [main] util.HiveStrictManagedMigration: Processing database test
2024-04-24T01:29:15,731  INFO [main] HiveMetaStore.audit: ugi=alex	ip=unknown-ip-addr	cmd=get_database: test	
2024-04-24T01:29:15,733  INFO [main] util.HiveStrictManagedMigration: Changing location of database test to file:/home/alex/Repositories/hive/ql/target/tmp/org.apache.hadoop.hive.ql.util.TestHiveStrictManagedMigration-1713947339080/newWarehouse/test.db
2024-04-24T01:29:15,733  INFO [main] common.FileUtils: Creating directory if it doesn't exist: file:/home/alex/Repositories/hive/ql/target/tmp/org.apache.hadoop.hive.ql.util.TestHiveStrictManagedMigration-1713947339080/newWarehouse/test.db
2024-04-24T01:29:15,744  INFO [main] HiveMetaStore.audit: ugi=alex	ip=unknown-ip-addr	cmd=get_multi_table : db=test tbls=null	
2024-04-24T01:29:15,749  INFO [main] util.HiveStrictManagedMigration: ALTER DATABASE test SET LOCATION 'file:/home/alex/Repositories/hive/ql/target/tmp/org.apache.hadoop.hive.ql.util.TestHiveStrictManagedMigration-1713947339080/newWarehouse/test.db'
2024-04-24T01:29:15,749  INFO [main] HiveMetaStore.audit: ugi=alex	ip=unknown-ip-addr	cmd=alter_database @hive#test	
2024-04-24T01:29:15,754  INFO [main] util.HiveStrictManagedMigration: Done processing databases.
2024-04-24T01:29:15,755  INFO [main] HiveMetaStore.audit: ugi=alex	ip=unknown-ip-addr	cmd=Cleaning up thread local RawStore...	
2024-04-24T01:29:15,755  INFO [main] metastore.ObjectStore: RawStore: org.apache.hadoop.hive.metastore.ObjectStore@3be60847, with PersistenceManager: org.datanucleus.api.jdo.JDOPersistenceManager@3dfe2797 will be shutdown
2024-04-24T01:29:15,755  INFO [main] HiveMetaStore.audit: ugi=alex	ip=unknown-ip-addr	cmd=Done cleaning up thread local RawStore	
2024-04-24T01:29:15,755  INFO [main] metastore.HiveMetaStoreClient: Closed a connection to metastore, current connections: -2
2024-04-24T01:29:15,756  INFO [main] HiveMetaStore.audit: ugi=alex	ip=unknown-ip-addr	cmd=Done cleaning up thread local RawStore	
2024-04-24T01:29:15,756  INFO [main] metastore.HiveMetaStoreClient: Closed a connection to metastore, current connections: -3
2024-04-24T01:29:15,756  INFO [main] ql.TxnCommandsBaseForTests: Running the query: drop table if exists acidTbl
2024-04-24T01:29:15,757  INFO [main] ql.Driver: Compiling command(queryId=alex_20240424012915_04a9d372-97db-40e0-94e7-2ce602ecc8ec): drop table if exists acidTbl
2024-04-24T01:29:15,759  INFO [main] metastore.HiveMetaStoreClient: HMS client filtering is enabled.
2024-04-24T01:29:15,761  INFO [main] metastore.HMSHandler: 0: Opening raw store with implementation class:org.apache.hadoop.hive.metastore.ObjectStore
2024-04-24T01:29:15,761  INFO [main] metastore.PersistenceManagerProvider: Configuration datanucleus.autoStartMechanismMode is not set. Defaulting to 'ignored'
2024-04-24T01:29:15,761  INFO [main] metastore.ObjectStore: RawStore: org.apache.hadoop.hive.metastore.ObjectStore@593db293, with PersistenceManager: null will be shutdown
2024-04-24T01:29:15,762  INFO [main] metastore.ObjectStore: RawStore: org.apache.hadoop.hive.metastore.ObjectStore@593db293, with PersistenceManager: org.datanucleus.api.jdo.JDOPersistenceManager@602d5417 created in the thread with id: 1
2024-04-24T01:29:15,766  INFO [main] metastore.HMSHandler: Created RawStore: org.apache.hadoop.hive.metastore.ObjectStore@593db293 from thread id: 1
2024-04-24T01:29:15,766  INFO [main] metastore.HMSHandler: HMS server filtering is disabled by configuration
2024-04-24T01:29:15,767  INFO [main] metastore.RetryingMetaStoreClient: RetryingMetaStoreClient proxy=class org.apache.hadoop.hive.ql.metadata.SessionHiveMetaStoreClient ugi=alex (auth:SIMPLE) retries=1 delay=1 lifetime=0
2024-04-24T01:29:15,767  INFO [main] metastore.HiveMetaStoreClient: Mestastore configuration metastore.warehouse.dir changed from /home/alex/Repositories/hive/ql/target/tmp/org.apache.hadoop.hive.ql.util.TestHiveStrictManagedMigration-1713947339080/newWarehouse to /home/alex/Repositories/hive/ql/target/tmp/org.apache.hadoop.hive.ql.util.TestHiveStrictManagedMigration-1713947339080/warehouse
2024-04-24T01:29:15,767  INFO [main] HiveMetaStore.audit: ugi=alex	ip=unknown-ip-addr	cmd=Cleaning up thread local RawStore...	
2024-04-24T01:29:15,767  INFO [main] metastore.ObjectStore: RawStore: org.apache.hadoop.hive.metastore.ObjectStore@593db293, with PersistenceManager: org.datanucleus.api.jdo.JDOPersistenceManager@602d5417 will be shutdown
2024-04-24T01:29:15,768  INFO [main] HiveMetaStore.audit: ugi=alex	ip=unknown-ip-addr	cmd=Done cleaning up thread local RawStore	
2024-04-24T01:29:15,768  INFO [main] metastore.HiveMetaStoreClient: Closed a connection to metastore, current connections: -4
2024-04-24T01:29:15,769  INFO [main] metastore.HiveMetaStoreClient: HMS client filtering is enabled.
2024-04-24T01:29:15,771  INFO [main] metastore.HMSHandler: 0: Opening raw store with implementation class:org.apache.hadoop.hive.metastore.ObjectStore
2024-04-24T01:29:15,771  INFO [main] metastore.PersistenceManagerProvider: Configuration datanucleus.autoStartMechanismMode is not set. Defaulting to 'ignored'
2024-04-24T01:29:15,772  INFO [main] metastore.ObjectStore: RawStore: org.apache.hadoop.hive.metastore.ObjectStore@279e4506, with PersistenceManager: null will be shutdown
2024-04-24T01:29:15,772  INFO [main] metastore.ObjectStore: RawStore: org.apache.hadoop.hive.metastore.ObjectStore@279e4506, with PersistenceManager: org.datanucleus.api.jdo.JDOPersistenceManager@523e019c created in the thread with id: 1
2024-04-24T01:29:15,776  INFO [main] metastore.HMSHandler: Created RawStore: org.apache.hadoop.hive.metastore.ObjectStore@279e4506 from thread id: 1
2024-04-24T01:29:15,777  INFO [main] metastore.HMSHandler: HMS server filtering is disabled by configuration
2024-04-24T01:29:15,777  INFO [main] metastore.RetryingMetaStoreClient: RetryingMetaStoreClient proxy=class org.apache.hadoop.hive.ql.metadata.SessionHiveMetaStoreClient ugi=alex (auth:SIMPLE) retries=1 delay=1 lifetime=0
2024-04-24T01:29:15,781  INFO [main] txn.TxnHandler: Added entries to MIN_HISTORY_LEVEL for current txns: ([20]) with min_open_txn: 18
2024-04-24T01:29:15,781  INFO [main] lockmgr.DbTxnManager: Opened txnid:20
2024-04-24T01:29:15,783  INFO [main] HiveMetaStore.audit: ugi=alex	ip=unknown-ip-addr	cmd=get_table : tbl=hive.default.acidTbl	
2024-04-24T01:29:15,800  INFO [main] metastore.HMSHandler: Skipping translation for processor with null
2024-04-24T01:29:15,800  INFO [main] ql.Driver: Semantic Analysis Completed (retrial = false)
2024-04-24T01:29:15,801  INFO [main] ql.Driver: Created Hive schema: Schema(fieldSchemas:null, properties:null)
2024-04-24T01:29:15,801  INFO [main] metadata.Hive: Dumping metastore api call timing information for : compilation phase
2024-04-24T01:29:15,801  INFO [main] metadata.Hive: Total time spent in each metastore function (ms): {openTxn_(String, TxnType)=4, getValidTxns_(long)=2, getTable_(GetTableRequest)=17, isCompatibleWith_(Configuration)=0}
2024-04-24T01:29:15,801  INFO [main] ql.Driver: Completed compiling command(queryId=alex_20240424012915_04a9d372-97db-40e0-94e7-2ce602ecc8ec); Time taken: 0.044 seconds
2024-04-24T01:29:15,801  INFO [main] lockmgr.DbTxnManager: Setting lock request transaction to txnid:20 for queryId=alex_20240424012915_04a9d372-97db-40e0-94e7-2ce602ecc8ec
2024-04-24T01:29:15,802  INFO [main] lockmgr.DbLockManager: Requesting lock for queryId=alex_20240424012915_04a9d372-97db-40e0-94e7-2ce602ecc8ec
2024-04-24T01:29:15,829  INFO [main] lockmgr.DbLockManager: Response to queryId=alex_20240424012915_04a9d372-97db-40e0-94e7-2ce602ecc8ec LockResponse(lockid:11, state:ACQUIRED)
2024-04-24T01:29:15,829  INFO [main] ql.Driver: Operation DROPTABLE obtained 1 locks
2024-04-24T01:29:15,829  INFO [main] ql.Driver: Executing command(queryId=alex_20240424012915_04a9d372-97db-40e0-94e7-2ce602ecc8ec): drop table if exists acidTbl
2024-04-24T01:29:15,830  INFO [main] ql.Driver: Starting task [Stage-0:DDL] in serial mode
2024-04-24T01:29:15,830  INFO [main] HiveMetaStore.audit: ugi=alex	ip=unknown-ip-addr	cmd=get_table : tbl=hive.default.acidTbl	
2024-04-24T01:29:15,848  INFO [main] metastore.HMSHandler: Skipping translation for processor with null
2024-04-24T01:29:15,848  INFO [main] HiveMetaStore.audit: ugi=alex	ip=unknown-ip-addr	cmd=get_table : tbl=hive.default.acidTbl	
2024-04-24T01:29:15,865  INFO [main] metastore.HMSHandler: Skipping translation for processor with null
2024-04-24T01:29:15,866  INFO [main] HiveMetaStore.audit: ugi=alex	ip=unknown-ip-addr	cmd=drop_table : tbl=hive.default.acidTbl	
2024-04-24T01:29:16,142  INFO [main] metadata.Hive: Dumping metastore api call timing information for : execution phase
2024-04-24T01:29:16,142  INFO [main] metadata.Hive: Total time spent in each metastore function (ms): {getTable_(GetTableRequest)=18, dropTable_(String, String, boolean, boolean, boolean)=293, isCompatibleWith_(Configuration)=0}
2024-04-24T01:29:16,143  INFO [main] ql.Driver: Completed executing command(queryId=alex_20240424012915_04a9d372-97db-40e0-94e7-2ce602ecc8ec); Time taken: 0.313 seconds
2024-04-24T01:29:16,143  INFO [main] lockmgr.DbTxnManager: Stopped heartbeat for query: alex_20240424012915_04a9d372-97db-40e0-94e7-2ce602ecc8ec
2024-04-24T01:29:16,150  INFO [main] txn.TxnHandler: Expected to move at least one record from txn_components to completed_txn_components when committing txn! txnid:20
2024-04-24T01:29:16,161  INFO [main] txn.TxnHandler: Removed transactions: ([20]) from MIN_HISTORY_LEVEL
2024-04-24T01:29:16,163  WARN [main] txn.CompactionTxnHandler: No compaction queue record found for Compaction type transaction commit. txnId:20
2024-04-24T01:29:16,164  INFO [main] ql.TxnCommandsBaseForTests: Running the query: drop table if exists acidTblPart
2024-04-24T01:29:16,165  INFO [main] ql.Driver: Compiling command(queryId=alex_20240424012916_ca7b2d23-c3e3-45b1-bc7d-89664b7a312b): drop table if exists acidTblPart
2024-04-24T01:29:16,180  INFO [main] txn.TxnHandler: Added entries to MIN_HISTORY_LEVEL for current txns: ([21]) with min_open_txn: 19
2024-04-24T01:29:16,180  INFO [main] lockmgr.DbTxnManager: Opened txnid:21
2024-04-24T01:29:16,185  INFO [main] HiveMetaStore.audit: ugi=alex	ip=unknown-ip-addr	cmd=get_table : tbl=hive.default.acidTblPart	
2024-04-24T01:29:16,207  INFO [main] metastore.HMSHandler: Skipping translation for processor with null
2024-04-24T01:29:16,207  INFO [main] ql.Driver: Semantic Analysis Completed (retrial = false)
2024-04-24T01:29:16,207  INFO [main] ql.Driver: Created Hive schema: Schema(fieldSchemas:null, properties:null)
2024-04-24T01:29:16,207  INFO [main] metadata.Hive: Dumping metastore api call timing information for : compilation phase
2024-04-24T01:29:16,207  INFO [main] metadata.Hive: Total time spent in each metastore function (ms): {getValidTxns_(long)=4, flushCache_()=0, commitTxn_(CommitTxnRequest)=21, isCompatibleWith_(Configuration)=1, openTxn_(String, TxnType)=14, getTable_(GetTableRequest)=23}
2024-04-24T01:29:16,208  INFO [main] ql.Driver: Completed compiling command(queryId=alex_20240424012916_ca7b2d23-c3e3-45b1-bc7d-89664b7a312b); Time taken: 0.042 seconds
2024-04-24T01:29:16,208  INFO [main] lockmgr.DbTxnManager: Setting lock request transaction to txnid:21 for queryId=alex_20240424012916_ca7b2d23-c3e3-45b1-bc7d-89664b7a312b
2024-04-24T01:29:16,209  INFO [main] lockmgr.DbLockManager: Requesting lock for queryId=alex_20240424012916_ca7b2d23-c3e3-45b1-bc7d-89664b7a312b
2024-04-24T01:29:16,237  INFO [main] lockmgr.DbLockManager: Response to queryId=alex_20240424012916_ca7b2d23-c3e3-45b1-bc7d-89664b7a312b LockResponse(lockid:12, state:ACQUIRED)
2024-04-24T01:29:16,237  INFO [main] ql.Driver: Operation DROPTABLE obtained 1 locks
2024-04-24T01:29:16,237  INFO [main] ql.Driver: Executing command(queryId=alex_20240424012916_ca7b2d23-c3e3-45b1-bc7d-89664b7a312b): drop table if exists acidTblPart
2024-04-24T01:29:16,238  INFO [main] ql.Driver: Starting task [Stage-0:DDL] in serial mode
2024-04-24T01:29:16,238  INFO [main] HiveMetaStore.audit: ugi=alex	ip=unknown-ip-addr	cmd=get_table : tbl=hive.default.acidTblPart	
2024-04-24T01:29:16,252  INFO [main] metastore.HMSHandler: Skipping translation for processor with null
2024-04-24T01:29:16,253  INFO [main] HiveMetaStore.audit: ugi=alex	ip=unknown-ip-addr	cmd=get_table : tbl=hive.default.acidTblPart	
2024-04-24T01:29:16,266  INFO [main] metastore.HMSHandler: Skipping translation for processor with null
2024-04-24T01:29:16,266  INFO [main] HiveMetaStore.audit: ugi=alex	ip=unknown-ip-addr	cmd=drop_table : tbl=hive.default.acidTblPart	
2024-04-24T01:29:16,354  INFO [main] metadata.Hive: Dumping metastore api call timing information for : execution phase
2024-04-24T01:29:16,354  INFO [main] metadata.Hive: Total time spent in each metastore function (ms): {isCompatibleWith_(Configuration)=0, getTable_(GetTableRequest)=14, dropTable_(String, String, boolean, boolean, boolean)=102}
2024-04-24T01:29:16,355  INFO [main] ql.Driver: Completed executing command(queryId=alex_20240424012916_ca7b2d23-c3e3-45b1-bc7d-89664b7a312b); Time taken: 0.117 seconds
2024-04-24T01:29:16,355  INFO [main] lockmgr.DbTxnManager: Stopped heartbeat for query: alex_20240424012916_ca7b2d23-c3e3-45b1-bc7d-89664b7a312b
2024-04-24T01:29:16,361  INFO [main] txn.TxnHandler: Expected to move at least one record from txn_components to completed_txn_components when committing txn! txnid:21
2024-04-24T01:29:16,372  INFO [main] txn.TxnHandler: Removed transactions: ([21]) from MIN_HISTORY_LEVEL
2024-04-24T01:29:16,373  WARN [main] txn.CompactionTxnHandler: No compaction queue record found for Compaction type transaction commit. txnId:21
2024-04-24T01:29:16,374  INFO [main] ql.TxnCommandsBaseForTests: Running the query: drop table if exists acidTbl2
2024-04-24T01:29:16,375  INFO [main] ql.Driver: Compiling command(queryId=alex_20240424012916_cac23e32-ec96-4232-931a-686650e2ac43): drop table if exists acidTbl2
2024-04-24T01:29:16,379  INFO [main] txn.TxnHandler: Added entries to MIN_HISTORY_LEVEL for current txns: ([22]) with min_open_txn: 20
2024-04-24T01:29:16,379  INFO [main] lockmgr.DbTxnManager: Opened txnid:22
2024-04-24T01:29:16,381  INFO [main] HiveMetaStore.audit: ugi=alex	ip=unknown-ip-addr	cmd=get_table : tbl=hive.default.acidTbl2	
2024-04-24T01:29:16,387  INFO [main] ql.Driver: Semantic Analysis Completed (retrial = false)
2024-04-24T01:29:16,387  INFO [main] ql.Driver: Created Hive schema: Schema(fieldSchemas:null, properties:null)
2024-04-24T01:29:16,387  INFO [main] metadata.Hive: Dumping metastore api call timing information for : compilation phase
2024-04-24T01:29:16,387  INFO [main] metadata.Hive: Total time spent in each metastore function (ms): {openTxn_(String, TxnType)=4, isCompatibleWith_(Configuration)=0, commitTxn_(CommitTxnRequest)=19, flushCache_()=0, getValidTxns_(long)=1}
2024-04-24T01:29:16,388  INFO [main] ql.Driver: Completed compiling command(queryId=alex_20240424012916_cac23e32-ec96-4232-931a-686650e2ac43); Time taken: 0.012 seconds
2024-04-24T01:29:16,388  INFO [main] lockmgr.DbTxnManager: Setting lock request transaction to txnid:22 for queryId=alex_20240424012916_cac23e32-ec96-4232-931a-686650e2ac43
2024-04-24T01:29:16,388  INFO [main] ql.Driver: Operation DROPTABLE obtained 0 locks
2024-04-24T01:29:16,388  INFO [main] ql.Driver: Executing command(queryId=alex_20240424012916_cac23e32-ec96-4232-931a-686650e2ac43): drop table if exists acidTbl2
2024-04-24T01:29:16,389  INFO [main] ql.Driver: Starting task [Stage-0:DDL] in serial mode
2024-04-24T01:29:16,389  INFO [main] HiveMetaStore.audit: ugi=alex	ip=unknown-ip-addr	cmd=get_table : tbl=hive.default.acidTbl2	
2024-04-24T01:29:16,395  INFO [main] metadata.Hive: Dumping metastore api call timing information for : execution phase
2024-04-24T01:29:16,395  INFO [main] metadata.Hive: Total time spent in each metastore function (ms): {isCompatibleWith_(Configuration)=0}
2024-04-24T01:29:16,395  INFO [main] ql.Driver: Completed executing command(queryId=alex_20240424012916_cac23e32-ec96-4232-931a-686650e2ac43); Time taken: 0.007 seconds
2024-04-24T01:29:16,395  INFO [main] lockmgr.DbTxnManager: Stopped heartbeat for query: alex_20240424012916_cac23e32-ec96-4232-931a-686650e2ac43
2024-04-24T01:29:16,404  INFO [main] txn.TxnHandler: Expected to move at least one record from txn_components to completed_txn_components when committing txn! txnid:22
2024-04-24T01:29:16,414  INFO [main] txn.TxnHandler: Removed transactions: ([22]) from MIN_HISTORY_LEVEL
2024-04-24T01:29:16,414  WARN [main] txn.CompactionTxnHandler: No compaction queue record found for Compaction type transaction commit. txnId:22
2024-04-24T01:29:16,415  INFO [main] ql.TxnCommandsBaseForTests: Running the query: drop table if exists nonAcidOrcTbl
2024-04-24T01:29:16,416  INFO [main] ql.Driver: Compiling command(queryId=alex_20240424012916_ffd27ed2-6db2-42f8-8c01-e28cad5e2f4b): drop table if exists nonAcidOrcTbl
2024-04-24T01:29:16,420  INFO [main] txn.TxnHandler: Added entries to MIN_HISTORY_LEVEL for current txns: ([23]) with min_open_txn: 20
2024-04-24T01:29:16,421  INFO [main] lockmgr.DbTxnManager: Opened txnid:23
2024-04-24T01:29:16,423  INFO [main] HiveMetaStore.audit: ugi=alex	ip=unknown-ip-addr	cmd=get_table : tbl=hive.default.nonAcidOrcTbl	
2024-04-24T01:29:16,463  INFO [main] metastore.HMSHandler: Skipping translation for processor with null
2024-04-24T01:29:16,463  INFO [main] ql.Driver: Semantic Analysis Completed (retrial = false)
2024-04-24T01:29:16,463  INFO [main] ql.Driver: Created Hive schema: Schema(fieldSchemas:null, properties:null)
2024-04-24T01:29:16,463  INFO [main] metadata.Hive: Dumping metastore api call timing information for : compilation phase
2024-04-24T01:29:16,463  INFO [main] metadata.Hive: Total time spent in each metastore function (ms): {flushCache_()=0, getValidTxns_(long)=1, getTable_(GetTableRequest)=41, commitTxn_(CommitTxnRequest)=20, openTxn_(String, TxnType)=4, isCompatibleWith_(Configuration)=0}
2024-04-24T01:29:16,463  INFO [main] ql.Driver: Completed compiling command(queryId=alex_20240424012916_ffd27ed2-6db2-42f8-8c01-e28cad5e2f4b); Time taken: 0.047 seconds
2024-04-24T01:29:16,464  INFO [main] lockmgr.DbTxnManager: Setting lock request transaction to txnid:23 for queryId=alex_20240424012916_ffd27ed2-6db2-42f8-8c01-e28cad5e2f4b
2024-04-24T01:29:16,465  INFO [main] lockmgr.DbLockManager: Requesting lock for queryId=alex_20240424012916_ffd27ed2-6db2-42f8-8c01-e28cad5e2f4b
2024-04-24T01:29:16,495  INFO [main] lockmgr.DbLockManager: Response to queryId=alex_20240424012916_ffd27ed2-6db2-42f8-8c01-e28cad5e2f4b LockResponse(lockid:13, state:ACQUIRED)
2024-04-24T01:29:16,495  INFO [main] ql.Driver: Operation DROPTABLE obtained 1 locks
2024-04-24T01:29:16,495  INFO [main] ql.Driver: Executing command(queryId=alex_20240424012916_ffd27ed2-6db2-42f8-8c01-e28cad5e2f4b): drop table if exists nonAcidOrcTbl
2024-04-24T01:29:16,495  INFO [main] ql.Driver: Starting task [Stage-0:DDL] in serial mode
2024-04-24T01:29:16,496  INFO [main] HiveMetaStore.audit: ugi=alex	ip=unknown-ip-addr	cmd=get_table : tbl=hive.default.nonAcidOrcTbl	
2024-04-24T01:29:16,515  INFO [main] metastore.HMSHandler: Skipping translation for processor with null
2024-04-24T01:29:16,515  INFO [main] HiveMetaStore.audit: ugi=alex	ip=unknown-ip-addr	cmd=get_table : tbl=hive.default.nonAcidOrcTbl	
2024-04-24T01:29:16,536  INFO [main] metastore.HMSHandler: Skipping translation for processor with null
2024-04-24T01:29:16,537  INFO [main] HiveMetaStore.audit: ugi=alex	ip=unknown-ip-addr	cmd=drop_table : tbl=hive.default.nonAcidOrcTbl	
2024-04-24T01:29:16,634  INFO [main] metadata.Hive: Dumping metastore api call timing information for : execution phase
2024-04-24T01:29:16,634  INFO [main] metadata.Hive: Total time spent in each metastore function (ms): {getTable_(GetTableRequest)=19, dropTable_(String, String, boolean, boolean, boolean)=118, isCompatibleWith_(Configuration)=1}
2024-04-24T01:29:16,634  INFO [main] ql.Driver: Completed executing command(queryId=alex_20240424012916_ffd27ed2-6db2-42f8-8c01-e28cad5e2f4b); Time taken: 0.139 seconds
2024-04-24T01:29:16,634  INFO [main] lockmgr.DbTxnManager: Stopped heartbeat for query: alex_20240424012916_ffd27ed2-6db2-42f8-8c01-e28cad5e2f4b
2024-04-24T01:29:16,641  INFO [main] txn.TxnHandler: Expected to move at least one record from txn_components to completed_txn_components when committing txn! txnid:23
2024-04-24T01:29:16,651  INFO [main] txn.TxnHandler: Removed transactions: ([23]) from MIN_HISTORY_LEVEL
2024-04-24T01:29:16,651  WARN [main] txn.CompactionTxnHandler: No compaction queue record found for Compaction type transaction commit. txnId:23
2024-04-24T01:29:16,652  INFO [main] ql.TxnCommandsBaseForTests: Running the query: drop table if exists nonAcidOrcTbl2
2024-04-24T01:29:16,653  INFO [main] ql.Driver: Compiling command(queryId=alex_20240424012916_d7d799f8-9d35-4cb1-8b8d-4d90063a4475): drop table if exists nonAcidOrcTbl2
2024-04-24T01:29:16,657  INFO [main] txn.TxnHandler: Added entries to MIN_HISTORY_LEVEL for current txns: ([24]) with min_open_txn: 20
2024-04-24T01:29:16,658  INFO [main] lockmgr.DbTxnManager: Opened txnid:24
2024-04-24T01:29:16,659  INFO [main] HiveMetaStore.audit: ugi=alex	ip=unknown-ip-addr	cmd=get_table : tbl=hive.default.nonAcidOrcTbl2	
2024-04-24T01:29:16,674  INFO [main] metastore.HMSHandler: Skipping translation for processor with null
2024-04-24T01:29:16,674  INFO [main] ql.Driver: Semantic Analysis Completed (retrial = false)
2024-04-24T01:29:16,675  INFO [main] ql.Driver: Created Hive schema: Schema(fieldSchemas:null, properties:null)
2024-04-24T01:29:16,675  INFO [main] metadata.Hive: Dumping metastore api call timing information for : compilation phase
2024-04-24T01:29:16,675  INFO [main] metadata.Hive: Total time spent in each metastore function (ms): {commitTxn_(CommitTxnRequest)=18, getTable_(GetTableRequest)=15, openTxn_(String, TxnType)=4, flushCache_()=1, getValidTxns_(long)=1, isCompatibleWith_(Configuration)=0}
2024-04-24T01:29:16,675  INFO [main] ql.Driver: Completed compiling command(queryId=alex_20240424012916_d7d799f8-9d35-4cb1-8b8d-4d90063a4475); Time taken: 0.022 seconds
2024-04-24T01:29:16,675  INFO [main] lockmgr.DbTxnManager: Setting lock request transaction to txnid:24 for queryId=alex_20240424012916_d7d799f8-9d35-4cb1-8b8d-4d90063a4475
2024-04-24T01:29:16,676  INFO [main] lockmgr.DbLockManager: Requesting lock for queryId=alex_20240424012916_d7d799f8-9d35-4cb1-8b8d-4d90063a4475
2024-04-24T01:29:16,696  INFO [main] lockmgr.DbLockManager: Response to queryId=alex_20240424012916_d7d799f8-9d35-4cb1-8b8d-4d90063a4475 LockResponse(lockid:14, state:ACQUIRED)
2024-04-24T01:29:16,696  INFO [main] ql.Driver: Operation DROPTABLE obtained 1 locks
2024-04-24T01:29:16,696  INFO [main] ql.Driver: Executing command(queryId=alex_20240424012916_d7d799f8-9d35-4cb1-8b8d-4d90063a4475): drop table if exists nonAcidOrcTbl2
2024-04-24T01:29:16,696  INFO [main] ql.Driver: Starting task [Stage-0:DDL] in serial mode
2024-04-24T01:29:16,696  INFO [main] HiveMetaStore.audit: ugi=alex	ip=unknown-ip-addr	cmd=get_table : tbl=hive.default.nonAcidOrcTbl2	
2024-04-24T01:29:16,711  INFO [main] metastore.HMSHandler: Skipping translation for processor with null
2024-04-24T01:29:16,711  INFO [main] HiveMetaStore.audit: ugi=alex	ip=unknown-ip-addr	cmd=get_table : tbl=hive.default.nonAcidOrcTbl2	
2024-04-24T01:29:16,725  INFO [main] metastore.HMSHandler: Skipping translation for processor with null
2024-04-24T01:29:16,725  INFO [main] HiveMetaStore.audit: ugi=alex	ip=unknown-ip-addr	cmd=drop_table : tbl=hive.default.nonAcidOrcTbl2	
2024-04-24T01:29:16,774  INFO [main] metadata.Hive: Dumping metastore api call timing information for : execution phase
2024-04-24T01:29:16,774  INFO [main] metadata.Hive: Total time spent in each metastore function (ms): {isCompatibleWith_(Configuration)=0, getTable_(GetTableRequest)=15, dropTable_(String, String, boolean, boolean, boolean)=62}
2024-04-24T01:29:16,774  INFO [main] ql.Driver: Completed executing command(queryId=alex_20240424012916_d7d799f8-9d35-4cb1-8b8d-4d90063a4475); Time taken: 0.078 seconds
2024-04-24T01:29:16,774  INFO [main] lockmgr.DbTxnManager: Stopped heartbeat for query: alex_20240424012916_d7d799f8-9d35-4cb1-8b8d-4d90063a4475
2024-04-24T01:29:16,779  INFO [main] txn.TxnHandler: Expected to move at least one record from txn_components to completed_txn_components when committing txn! txnid:24
2024-04-24T01:29:16,785  INFO [main] txn.TxnHandler: Removed transactions: ([24]) from MIN_HISTORY_LEVEL
2024-04-24T01:29:16,786  WARN [main] txn.CompactionTxnHandler: No compaction queue record found for Compaction type transaction commit. txnId:24
2024-04-24T01:29:16,786  INFO [main] ql.TxnCommandsBaseForTests: Running the query: drop table if exists nonAcidNonBucket
2024-04-24T01:29:16,787  INFO [main] ql.Driver: Compiling command(queryId=alex_20240424012916_75ba51d5-115e-4e13-872c-dfdee465f8bf): drop table if exists nonAcidNonBucket
2024-04-24T01:29:16,790  INFO [main] txn.TxnHandler: Added entries to MIN_HISTORY_LEVEL for current txns: ([25]) with min_open_txn: 21
2024-04-24T01:29:16,790  INFO [main] lockmgr.DbTxnManager: Opened txnid:25
2024-04-24T01:29:16,791  INFO [main] HiveMetaStore.audit: ugi=alex	ip=unknown-ip-addr	cmd=get_table : tbl=hive.default.nonAcidNonBucket	
2024-04-24T01:29:16,803  INFO [main] metastore.HMSHandler: Skipping translation for processor with null
2024-04-24T01:29:16,803  INFO [main] ql.Driver: Semantic Analysis Completed (retrial = false)
2024-04-24T01:29:16,804  INFO [main] ql.Driver: Created Hive schema: Schema(fieldSchemas:null, properties:null)
2024-04-24T01:29:16,804  INFO [main] metadata.Hive: Dumping metastore api call timing information for : compilation phase
2024-04-24T01:29:16,804  INFO [main] metadata.Hive: Total time spent in each metastore function (ms): {getTable_(GetTableRequest)=12, isCompatibleWith_(Configuration)=0, getValidTxns_(long)=1, openTxn_(String, TxnType)=3, commitTxn_(CommitTxnRequest)=12, flushCache_()=0}
2024-04-24T01:29:16,804  INFO [main] ql.Driver: Completed compiling command(queryId=alex_20240424012916_75ba51d5-115e-4e13-872c-dfdee465f8bf); Time taken: 0.017 seconds
2024-04-24T01:29:16,804  INFO [main] lockmgr.DbTxnManager: Setting lock request transaction to txnid:25 for queryId=alex_20240424012916_75ba51d5-115e-4e13-872c-dfdee465f8bf
2024-04-24T01:29:16,805  INFO [main] lockmgr.DbLockManager: Requesting lock for queryId=alex_20240424012916_75ba51d5-115e-4e13-872c-dfdee465f8bf
2024-04-24T01:29:16,826  INFO [main] lockmgr.DbLockManager: Response to queryId=alex_20240424012916_75ba51d5-115e-4e13-872c-dfdee465f8bf LockResponse(lockid:15, state:ACQUIRED)
2024-04-24T01:29:16,826  INFO [main] ql.Driver: Operation DROPTABLE obtained 1 locks
2024-04-24T01:29:16,826  INFO [main] ql.Driver: Executing command(queryId=alex_20240424012916_75ba51d5-115e-4e13-872c-dfdee465f8bf): drop table if exists nonAcidNonBucket
2024-04-24T01:29:16,826  INFO [main] ql.Driver: Starting task [Stage-0:DDL] in serial mode
2024-04-24T01:29:16,826  INFO [main] HiveMetaStore.audit: ugi=alex	ip=unknown-ip-addr	cmd=get_table : tbl=hive.default.nonAcidNonBucket	
2024-04-24T01:29:16,844  INFO [main] metastore.HMSHandler: Skipping translation for processor with null
2024-04-24T01:29:16,844  INFO [main] HiveMetaStore.audit: ugi=alex	ip=unknown-ip-addr	cmd=get_table : tbl=hive.default.nonAcidNonBucket	
2024-04-24T01:29:16,859  INFO [main] metastore.HMSHandler: Skipping translation for processor with null
2024-04-24T01:29:16,860  INFO [main] HiveMetaStore.audit: ugi=alex	ip=unknown-ip-addr	cmd=drop_table : tbl=hive.default.nonAcidNonBucket	
2024-04-24T01:29:16,909  INFO [main] metadata.Hive: Dumping metastore api call timing information for : execution phase
2024-04-24T01:29:16,909  INFO [main] metadata.Hive: Total time spent in each metastore function (ms): {isCompatibleWith_(Configuration)=0, getTable_(GetTableRequest)=18, dropTable_(String, String, boolean, boolean, boolean)=65}
2024-04-24T01:29:16,910  INFO [main] ql.Driver: Completed executing command(queryId=alex_20240424012916_75ba51d5-115e-4e13-872c-dfdee465f8bf); Time taken: 0.083 seconds
2024-04-24T01:29:16,910  INFO [main] lockmgr.DbTxnManager: Stopped heartbeat for query: alex_20240424012916_75ba51d5-115e-4e13-872c-dfdee465f8bf
2024-04-24T01:29:16,914  INFO [main] txn.TxnHandler: Expected to move at least one record from txn_components to completed_txn_components when committing txn! txnid:25
2024-04-24T01:29:16,921  INFO [main] txn.TxnHandler: Removed transactions: ([25]) from MIN_HISTORY_LEVEL
2024-04-24T01:29:16,922  WARN [main] txn.CompactionTxnHandler: No compaction queue record found for Compaction type transaction commit. txnId:25
2024-04-24T01:29:16,922  INFO [main] utils.TestTxnDbUtil: Cleaning transactional tables
]]></system-err>
  </testcase>
  <testcase name="testUsingControlDirUrl" classname="org.apache.hadoop.hive.ql.util.TestHiveStrictManagedMigration" time="6.541">
    <failure type="java.lang.AssertionError"><![CDATA[java.lang.AssertionError: expected:<EXTERNAL_TABLE> but was:<MANAGED_TABLE>
	at org.junit.Assert.fail(Assert.java:89)
	at org.junit.Assert.failNotEquals(Assert.java:835)
	at org.junit.Assert.assertEquals(Assert.java:120)
	at org.junit.Assert.assertEquals(Assert.java:146)
	at org.apache.hadoop.hive.ql.util.TestHiveStrictManagedMigration.verifySubsetOfTablesBecameExternal(TestHiveStrictManagedMigration.java:193)
	at org.apache.hadoop.hive.ql.util.TestHiveStrictManagedMigration.testUsingControlDirUrl(TestHiveStrictManagedMigration.java:183)
	at sun.reflect.NativeMethodAccessorImpl.invoke0(Native Method)
	at sun.reflect.NativeMethodAccessorImpl.invoke(NativeMethodAccessorImpl.java:62)
	at sun.reflect.DelegatingMethodAccessorImpl.invoke(DelegatingMethodAccessorImpl.java:43)
	at java.lang.reflect.Method.invoke(Method.java:498)
	at org.junit.runners.model.FrameworkMethod$1.runReflectiveCall(FrameworkMethod.java:59)
	at org.junit.internal.runners.model.ReflectiveCallable.run(ReflectiveCallable.java:12)
	at org.junit.runners.model.FrameworkMethod.invokeExplosively(FrameworkMethod.java:56)
	at org.junit.internal.runners.statements.InvokeMethod.evaluate(InvokeMethod.java:17)
	at org.junit.internal.runners.statements.RunBefores.evaluate(RunBefores.java:26)
	at org.junit.internal.runners.statements.RunAfters.evaluate(RunAfters.java:27)
	at org.junit.rules.TestWatcher$1.evaluate(TestWatcher.java:61)
	at org.junit.runners.ParentRunner$3.evaluate(ParentRunner.java:306)
	at org.junit.runners.BlockJUnit4ClassRunner$1.evaluate(BlockJUnit4ClassRunner.java:100)
	at org.junit.runners.ParentRunner.runLeaf(ParentRunner.java:366)
	at org.junit.runners.BlockJUnit4ClassRunner.runChild(BlockJUnit4ClassRunner.java:103)
	at org.junit.runners.BlockJUnit4ClassRunner.runChild(BlockJUnit4ClassRunner.java:63)
	at org.junit.runners.ParentRunner$4.run(ParentRunner.java:331)
	at org.junit.runners.ParentRunner$1.schedule(ParentRunner.java:79)
	at org.junit.runners.ParentRunner.runChildren(ParentRunner.java:329)
	at org.junit.runners.ParentRunner.access$100(ParentRunner.java:66)
	at org.junit.runners.ParentRunner$2.evaluate(ParentRunner.java:293)
	at org.junit.runners.ParentRunner$3.evaluate(ParentRunner.java:306)
	at org.junit.runners.ParentRunner.run(ParentRunner.java:413)
	at org.junit.runner.JUnitCore.run(JUnitCore.java:137)
	at org.junit.runner.JUnitCore.run(JUnitCore.java:115)
	at org.junit.vintage.engine.execution.RunnerExecutor.execute(RunnerExecutor.java:43)
	at java.util.stream.ForEachOps$ForEachOp$OfRef.accept(ForEachOps.java:183)
	at java.util.stream.ReferencePipeline$3$1.accept(ReferencePipeline.java:193)
	at java.util.Iterator.forEachRemaining(Iterator.java:116)
	at java.util.Spliterators$IteratorSpliterator.forEachRemaining(Spliterators.java:1801)
	at java.util.stream.AbstractPipeline.copyInto(AbstractPipeline.java:482)
	at java.util.stream.AbstractPipeline.wrapAndCopyInto(AbstractPipeline.java:472)
	at java.util.stream.ForEachOps$ForEachOp.evaluateSequential(ForEachOps.java:150)
	at java.util.stream.ForEachOps$ForEachOp$OfRef.evaluateSequential(ForEachOps.java:173)
	at java.util.stream.AbstractPipeline.evaluate(AbstractPipeline.java:234)
	at java.util.stream.ReferencePipeline.forEach(ReferencePipeline.java:485)
	at org.junit.vintage.engine.VintageTestEngine.executeAllChildren(VintageTestEngine.java:82)
	at org.junit.vintage.engine.VintageTestEngine.execute(VintageTestEngine.java:73)
	at org.junit.platform.launcher.core.DefaultLauncher.execute(DefaultLauncher.java:248)
	at org.junit.platform.launcher.core.DefaultLauncher.lambda$execute$5(DefaultLauncher.java:211)
	at org.junit.platform.launcher.core.DefaultLauncher.withInterceptedStreams(DefaultLauncher.java:226)
	at org.junit.platform.launcher.core.DefaultLauncher.execute(DefaultLauncher.java:199)
	at org.junit.platform.launcher.core.DefaultLauncher.execute(DefaultLauncher.java:132)
	at org.apache.maven.surefire.junitplatform.JUnitPlatformProvider.invokeAllTests(JUnitPlatformProvider.java:154)
	at org.apache.maven.surefire.junitplatform.JUnitPlatformProvider.invoke(JUnitPlatformProvider.java:123)
	at org.apache.maven.surefire.booter.ForkedBooter.runSuitesInProcess(ForkedBooter.java:377)
	at org.apache.maven.surefire.booter.ForkedBooter.execute(ForkedBooter.java:138)
	at org.apache.maven.surefire.booter.ForkedBooter.run(ForkedBooter.java:465)
	at org.apache.maven.surefire.booter.ForkedBooter.main(ForkedBooter.java:451)
]]></failure>
    <system-err><![CDATA[2024-04-24T01:29:17,027  WARN [main] conf.HiveConf: HiveConf of name hive.dummyparam.test.server.specific.config.override does not exist
2024-04-24T01:29:17,027  WARN [main] conf.HiveConf: HiveConf of name hive.stats.key.prefix.reserve.length does not exist
2024-04-24T01:29:17,027  WARN [main] conf.HiveConf: HiveConf of name hive.metastore.client.cache.maxSize does not exist
2024-04-24T01:29:17,027  WARN [main] conf.HiveConf: HiveConf of name hive.dummyparam.test.server.specific.config.metastoresite does not exist
2024-04-24T01:29:17,027  WARN [main] conf.HiveConf: HiveConf of name hive.llap.io.cache.orc.alloc.max does not exist
2024-04-24T01:29:17,028  WARN [main] conf.HiveConf: HiveConf of name hive.llap.io.cache.orc.alloc.min does not exist
2024-04-24T01:29:17,028  WARN [main] conf.HiveConf: HiveConf of name hive.dummyparam.test.server.specific.config.hivesite does not exist
2024-04-24T01:29:17,028  WARN [main] conf.HiveConf: HiveConf of name hive.llap.io.cache.orc.size does not exist
2024-04-24T01:29:17,028  WARN [main] conf.HiveConf: HiveConf of name hive.llap.io.cache.orc.arena.size does not exist
2024-04-24T01:29:17,028  WARN [main] conf.HiveConf: HiveConf of name hive.metastore.metadb.dir does not exist
2024-04-24T01:29:17,028  WARN [main] conf.HiveConf: HiveConf of name hive.metastore.client.cache.recordStats does not exist
2024-04-24T01:29:17,031  INFO [main] utils.TestTxnDbUtil: Creating transactional tables
Hive Session ID = 09bd2cb3-f852-4709-8d13-6a7afed6bdbb
2024-04-24T01:29:17,036  INFO [main] SessionState: Hive Session ID = 09bd2cb3-f852-4709-8d13-6a7afed6bdbb
ivysettings.xml file not found in HIVE_HOME or HIVE_CONF_DIR,/home/alex/Repositories/hive/conf/ivysettings.xml will be used
2024-04-24T01:29:17,036  INFO [main] DependencyResolver: ivysettings.xml file not found in HIVE_HOME or HIVE_CONF_DIR,/home/alex/Repositories/hive/conf/ivysettings.xml will be used
2024-04-24T01:29:17,042  INFO [main] session.SessionState: Created HDFS directory: /home/alex/Repositories/hive/ql/target/tmp/scratchdir/alex/09bd2cb3-f852-4709-8d13-6a7afed6bdbb
2024-04-24T01:29:17,044  INFO [main] session.SessionState: Created local directory: /home/alex/Repositories/hive/ql/target/tmp/localscratchdir/09bd2cb3-f852-4709-8d13-6a7afed6bdbb
2024-04-24T01:29:17,047  INFO [main] session.SessionState: Created HDFS directory: /home/alex/Repositories/hive/ql/target/tmp/scratchdir/alex/09bd2cb3-f852-4709-8d13-6a7afed6bdbb/_tmp_space.db
2024-04-24T01:29:17,047  INFO [main] sqlstd.SQLStdHiveAccessController: Created SQLStdHiveAccessController for session context : HiveAuthzSessionContext [sessionString=09bd2cb3-f852-4709-8d13-6a7afed6bdbb, clientType=HIVECLI]
2024-04-24T01:29:17,048  INFO [main] ql.TxnCommandsBaseForTests: Running the query: drop table if exists acidTbl
2024-04-24T01:29:17,048  INFO [main] ql.Driver: Compiling command(queryId=alex_20240424012917_237ca151-0097-424e-ab12-27af3b872fd8): drop table if exists acidTbl
2024-04-24T01:29:17,058  INFO [main] txn.TxnHandler: Added entries to MIN_HISTORY_LEVEL for current txns: ([1]) with min_open_txn: 1
2024-04-24T01:29:17,059  INFO [main] lockmgr.DbTxnManager: Opened txnid:1
2024-04-24T01:29:17,062  INFO [main] HiveMetaStore.audit: ugi=alex	ip=unknown-ip-addr	cmd=get_table : tbl=hive.default.acidTbl	
2024-04-24T01:29:17,069  INFO [main] ql.Driver: Semantic Analysis Completed (retrial = false)
2024-04-24T01:29:17,069  INFO [main] ql.Driver: Created Hive schema: Schema(fieldSchemas:null, properties:null)
2024-04-24T01:29:17,069  INFO [main] metadata.Hive: Dumping metastore api call timing information for : compilation phase
2024-04-24T01:29:17,069  INFO [main] metadata.Hive: Total time spent in each metastore function (ms): {getValidTxns_(long)=3, openTxn_(String, TxnType)=10, commitTxn_(CommitTxnRequest)=12, flushCache_()=0, isCompatibleWith_(Configuration)=0}
2024-04-24T01:29:17,069  INFO [main] ql.Driver: Completed compiling command(queryId=alex_20240424012917_237ca151-0097-424e-ab12-27af3b872fd8); Time taken: 0.021 seconds
2024-04-24T01:29:17,070  INFO [main] lockmgr.DbTxnManager: Setting lock request transaction to txnid:1 for queryId=alex_20240424012917_237ca151-0097-424e-ab12-27af3b872fd8
2024-04-24T01:29:17,070  INFO [main] ql.Driver: Operation DROPTABLE obtained 0 locks
2024-04-24T01:29:17,070  INFO [main] ql.Driver: Executing command(queryId=alex_20240424012917_237ca151-0097-424e-ab12-27af3b872fd8): drop table if exists acidTbl
2024-04-24T01:29:17,070  INFO [main] ql.Driver: Starting task [Stage-0:DDL] in serial mode
2024-04-24T01:29:17,071  INFO [main] HiveMetaStore.audit: ugi=alex	ip=unknown-ip-addr	cmd=get_table : tbl=hive.default.acidTbl	
2024-04-24T01:29:17,074  INFO [main] metadata.Hive: Dumping metastore api call timing information for : execution phase
2024-04-24T01:29:17,075  INFO [main] metadata.Hive: Total time spent in each metastore function (ms): {isCompatibleWith_(Configuration)=1}
2024-04-24T01:29:17,075  INFO [main] ql.Driver: Completed executing command(queryId=alex_20240424012917_237ca151-0097-424e-ab12-27af3b872fd8); Time taken: 0.004 seconds
2024-04-24T01:29:17,075  INFO [main] lockmgr.DbTxnManager: Stopped heartbeat for query: alex_20240424012917_237ca151-0097-424e-ab12-27af3b872fd8
2024-04-24T01:29:17,084  INFO [main] txn.TxnHandler: Expected to move at least one record from txn_components to completed_txn_components when committing txn! txnid:1
2024-04-24T01:29:17,095  INFO [main] txn.TxnHandler: Removed transactions: ([1]) from MIN_HISTORY_LEVEL
2024-04-24T01:29:17,095  WARN [main] txn.CompactionTxnHandler: No compaction queue record found for Compaction type transaction commit. txnId:1
2024-04-24T01:29:17,097  INFO [main] ql.TxnCommandsBaseForTests: Running the query: drop table if exists acidTblPart
2024-04-24T01:29:17,097  INFO [main] ql.Driver: Compiling command(queryId=alex_20240424012917_248ded2f-a164-4cca-b7c7-e040bb3c38bb): drop table if exists acidTblPart
2024-04-24T01:29:17,101  INFO [main] txn.TxnHandler: Added entries to MIN_HISTORY_LEVEL for current txns: ([2]) with min_open_txn: 1
2024-04-24T01:29:17,102  INFO [main] lockmgr.DbTxnManager: Opened txnid:2
2024-04-24T01:29:17,103  INFO [main] HiveMetaStore.audit: ugi=alex	ip=unknown-ip-addr	cmd=get_table : tbl=hive.default.acidTblPart	
2024-04-24T01:29:17,108  INFO [main] ql.Driver: Semantic Analysis Completed (retrial = false)
2024-04-24T01:29:17,108  INFO [main] ql.Driver: Created Hive schema: Schema(fieldSchemas:null, properties:null)
2024-04-24T01:29:17,108  INFO [main] metadata.Hive: Dumping metastore api call timing information for : compilation phase
2024-04-24T01:29:17,109  INFO [main] metadata.Hive: Total time spent in each metastore function (ms): {flushCache_()=0, commitTxn_(CommitTxnRequest)=21, openTxn_(String, TxnType)=4, isCompatibleWith_(Configuration)=0, getValidTxns_(long)=1}
2024-04-24T01:29:17,109  INFO [main] ql.Driver: Completed compiling command(queryId=alex_20240424012917_248ded2f-a164-4cca-b7c7-e040bb3c38bb); Time taken: 0.011 seconds
2024-04-24T01:29:17,109  INFO [main] lockmgr.DbTxnManager: Setting lock request transaction to txnid:2 for queryId=alex_20240424012917_248ded2f-a164-4cca-b7c7-e040bb3c38bb
2024-04-24T01:29:17,109  INFO [main] ql.Driver: Operation DROPTABLE obtained 0 locks
2024-04-24T01:29:17,109  INFO [main] ql.Driver: Executing command(queryId=alex_20240424012917_248ded2f-a164-4cca-b7c7-e040bb3c38bb): drop table if exists acidTblPart
2024-04-24T01:29:17,109  INFO [main] ql.Driver: Starting task [Stage-0:DDL] in serial mode
2024-04-24T01:29:17,110  INFO [main] HiveMetaStore.audit: ugi=alex	ip=unknown-ip-addr	cmd=get_table : tbl=hive.default.acidTblPart	
2024-04-24T01:29:17,115  INFO [main] metadata.Hive: Dumping metastore api call timing information for : execution phase
2024-04-24T01:29:17,115  INFO [main] metadata.Hive: Total time spent in each metastore function (ms): {isCompatibleWith_(Configuration)=1}
2024-04-24T01:29:17,116  INFO [main] ql.Driver: Completed executing command(queryId=alex_20240424012917_248ded2f-a164-4cca-b7c7-e040bb3c38bb); Time taken: 0.006 seconds
2024-04-24T01:29:17,116  INFO [main] lockmgr.DbTxnManager: Stopped heartbeat for query: alex_20240424012917_248ded2f-a164-4cca-b7c7-e040bb3c38bb
2024-04-24T01:29:17,124  INFO [main] txn.TxnHandler: Expected to move at least one record from txn_components to completed_txn_components when committing txn! txnid:2
2024-04-24T01:29:17,133  INFO [main] txn.TxnHandler: Removed transactions: ([2]) from MIN_HISTORY_LEVEL
2024-04-24T01:29:17,133  WARN [main] txn.CompactionTxnHandler: No compaction queue record found for Compaction type transaction commit. txnId:2
2024-04-24T01:29:17,135  INFO [main] ql.TxnCommandsBaseForTests: Running the query: drop table if exists acidTbl2
2024-04-24T01:29:17,135  INFO [main] ql.Driver: Compiling command(queryId=alex_20240424012917_a24ccf9b-fb4e-4981-a975-6e14af42df26): drop table if exists acidTbl2
2024-04-24T01:29:17,139  INFO [main] txn.TxnHandler: Added entries to MIN_HISTORY_LEVEL for current txns: ([3]) with min_open_txn: 1
2024-04-24T01:29:17,140  INFO [main] lockmgr.DbTxnManager: Opened txnid:3
2024-04-24T01:29:17,141  INFO [main] HiveMetaStore.audit: ugi=alex	ip=unknown-ip-addr	cmd=get_table : tbl=hive.default.acidTbl2	
2024-04-24T01:29:17,146  INFO [main] ql.Driver: Semantic Analysis Completed (retrial = false)
2024-04-24T01:29:17,146  INFO [main] ql.Driver: Created Hive schema: Schema(fieldSchemas:null, properties:null)
2024-04-24T01:29:17,147  INFO [main] metadata.Hive: Dumping metastore api call timing information for : compilation phase
2024-04-24T01:29:17,147  INFO [main] metadata.Hive: Total time spent in each metastore function (ms): {commitTxn_(CommitTxnRequest)=18, openTxn_(String, TxnType)=3, isCompatibleWith_(Configuration)=0, getValidTxns_(long)=0, flushCache_()=1}
2024-04-24T01:29:17,147  INFO [main] ql.Driver: Completed compiling command(queryId=alex_20240424012917_a24ccf9b-fb4e-4981-a975-6e14af42df26); Time taken: 0.012 seconds
2024-04-24T01:29:17,147  INFO [main] lockmgr.DbTxnManager: Setting lock request transaction to txnid:3 for queryId=alex_20240424012917_a24ccf9b-fb4e-4981-a975-6e14af42df26
2024-04-24T01:29:17,147  INFO [main] ql.Driver: Operation DROPTABLE obtained 0 locks
2024-04-24T01:29:17,148  INFO [main] ql.Driver: Executing command(queryId=alex_20240424012917_a24ccf9b-fb4e-4981-a975-6e14af42df26): drop table if exists acidTbl2
2024-04-24T01:29:17,148  INFO [main] ql.Driver: Starting task [Stage-0:DDL] in serial mode
2024-04-24T01:29:17,149  INFO [main] HiveMetaStore.audit: ugi=alex	ip=unknown-ip-addr	cmd=get_table : tbl=hive.default.acidTbl2	
2024-04-24T01:29:17,154  INFO [main] metadata.Hive: Dumping metastore api call timing information for : execution phase
2024-04-24T01:29:17,155  INFO [main] metadata.Hive: Total time spent in each metastore function (ms): {isCompatibleWith_(Configuration)=0}
2024-04-24T01:29:17,155  INFO [main] ql.Driver: Completed executing command(queryId=alex_20240424012917_a24ccf9b-fb4e-4981-a975-6e14af42df26); Time taken: 0.006 seconds
2024-04-24T01:29:17,155  INFO [main] lockmgr.DbTxnManager: Stopped heartbeat for query: alex_20240424012917_a24ccf9b-fb4e-4981-a975-6e14af42df26
2024-04-24T01:29:17,165  INFO [main] txn.TxnHandler: Expected to move at least one record from txn_components to completed_txn_components when committing txn! txnid:3
2024-04-24T01:29:17,176  INFO [main] txn.TxnHandler: Removed transactions: ([3]) from MIN_HISTORY_LEVEL
2024-04-24T01:29:17,177  WARN [main] txn.CompactionTxnHandler: No compaction queue record found for Compaction type transaction commit. txnId:3
2024-04-24T01:29:17,178  INFO [main] ql.TxnCommandsBaseForTests: Running the query: drop table if exists nonAcidOrcTbl
2024-04-24T01:29:17,178  INFO [main] ql.Driver: Compiling command(queryId=alex_20240424012917_dd44da26-ce54-4710-af1f-57d57b2ef485): drop table if exists nonAcidOrcTbl
2024-04-24T01:29:17,183  INFO [main] txn.TxnHandler: Added entries to MIN_HISTORY_LEVEL for current txns: ([4]) with min_open_txn: 1
2024-04-24T01:29:17,183  INFO [main] lockmgr.DbTxnManager: Opened txnid:4
2024-04-24T01:29:17,185  INFO [main] HiveMetaStore.audit: ugi=alex	ip=unknown-ip-addr	cmd=get_table : tbl=hive.default.nonAcidOrcTbl	
2024-04-24T01:29:17,192  INFO [main] ql.Driver: Semantic Analysis Completed (retrial = false)
2024-04-24T01:29:17,192  INFO [main] ql.Driver: Created Hive schema: Schema(fieldSchemas:null, properties:null)
2024-04-24T01:29:17,192  INFO [main] metadata.Hive: Dumping metastore api call timing information for : compilation phase
2024-04-24T01:29:17,192  INFO [main] metadata.Hive: Total time spent in each metastore function (ms): {openTxn_(String, TxnType)=4, isCompatibleWith_(Configuration)=0, getValidTxns_(long)=0, flushCache_()=0, commitTxn_(CommitTxnRequest)=22}
2024-04-24T01:29:17,193  INFO [main] ql.Driver: Completed compiling command(queryId=alex_20240424012917_dd44da26-ce54-4710-af1f-57d57b2ef485); Time taken: 0.014 seconds
2024-04-24T01:29:17,193  INFO [main] lockmgr.DbTxnManager: Setting lock request transaction to txnid:4 for queryId=alex_20240424012917_dd44da26-ce54-4710-af1f-57d57b2ef485
2024-04-24T01:29:17,194  INFO [main] ql.Driver: Operation DROPTABLE obtained 0 locks
2024-04-24T01:29:17,194  INFO [main] ql.Driver: Executing command(queryId=alex_20240424012917_dd44da26-ce54-4710-af1f-57d57b2ef485): drop table if exists nonAcidOrcTbl
2024-04-24T01:29:17,194  INFO [main] ql.Driver: Starting task [Stage-0:DDL] in serial mode
2024-04-24T01:29:17,194  INFO [main] HiveMetaStore.audit: ugi=alex	ip=unknown-ip-addr	cmd=get_table : tbl=hive.default.nonAcidOrcTbl	
2024-04-24T01:29:17,201  INFO [main] metadata.Hive: Dumping metastore api call timing information for : execution phase
2024-04-24T01:29:17,202  INFO [main] metadata.Hive: Total time spent in each metastore function (ms): {isCompatibleWith_(Configuration)=0}
2024-04-24T01:29:17,202  INFO [main] ql.Driver: Completed executing command(queryId=alex_20240424012917_dd44da26-ce54-4710-af1f-57d57b2ef485); Time taken: 0.007 seconds
2024-04-24T01:29:17,202  INFO [main] lockmgr.DbTxnManager: Stopped heartbeat for query: alex_20240424012917_dd44da26-ce54-4710-af1f-57d57b2ef485
2024-04-24T01:29:17,212  INFO [main] txn.TxnHandler: Expected to move at least one record from txn_components to completed_txn_components when committing txn! txnid:4
2024-04-24T01:29:17,224  INFO [main] txn.TxnHandler: Removed transactions: ([4]) from MIN_HISTORY_LEVEL
2024-04-24T01:29:17,225  WARN [main] txn.CompactionTxnHandler: No compaction queue record found for Compaction type transaction commit. txnId:4
2024-04-24T01:29:17,226  INFO [main] ql.TxnCommandsBaseForTests: Running the query: drop table if exists nonAcidOrcTbl2
2024-04-24T01:29:17,226  INFO [main] ql.Driver: Compiling command(queryId=alex_20240424012917_1552e672-8c83-4ff1-b365-672be2d041d0): drop table if exists nonAcidOrcTbl2
2024-04-24T01:29:17,231  INFO [main] txn.TxnHandler: Added entries to MIN_HISTORY_LEVEL for current txns: ([5]) with min_open_txn: 1
2024-04-24T01:29:17,231  INFO [main] lockmgr.DbTxnManager: Opened txnid:5
2024-04-24T01:29:17,232  INFO [main] HiveMetaStore.audit: ugi=alex	ip=unknown-ip-addr	cmd=get_table : tbl=hive.default.nonAcidOrcTbl2	
2024-04-24T01:29:17,239  INFO [main] ql.Driver: Semantic Analysis Completed (retrial = false)
2024-04-24T01:29:17,239  INFO [main] ql.Driver: Created Hive schema: Schema(fieldSchemas:null, properties:null)
2024-04-24T01:29:17,240  INFO [main] metadata.Hive: Dumping metastore api call timing information for : compilation phase
2024-04-24T01:29:17,240  INFO [main] metadata.Hive: Total time spent in each metastore function (ms): {flushCache_()=0, openTxn_(String, TxnType)=4, isCompatibleWith_(Configuration)=0, commitTxn_(CommitTxnRequest)=23, getValidTxns_(long)=1}
2024-04-24T01:29:17,240  INFO [main] ql.Driver: Completed compiling command(queryId=alex_20240424012917_1552e672-8c83-4ff1-b365-672be2d041d0); Time taken: 0.013 seconds
2024-04-24T01:29:17,241  INFO [main] lockmgr.DbTxnManager: Setting lock request transaction to txnid:5 for queryId=alex_20240424012917_1552e672-8c83-4ff1-b365-672be2d041d0
2024-04-24T01:29:17,241  INFO [main] ql.Driver: Operation DROPTABLE obtained 0 locks
2024-04-24T01:29:17,241  INFO [main] ql.Driver: Executing command(queryId=alex_20240424012917_1552e672-8c83-4ff1-b365-672be2d041d0): drop table if exists nonAcidOrcTbl2
2024-04-24T01:29:17,241  INFO [main] ql.Driver: Starting task [Stage-0:DDL] in serial mode
2024-04-24T01:29:17,242  INFO [main] HiveMetaStore.audit: ugi=alex	ip=unknown-ip-addr	cmd=get_table : tbl=hive.default.nonAcidOrcTbl2	
2024-04-24T01:29:17,248  INFO [main] metadata.Hive: Dumping metastore api call timing information for : execution phase
2024-04-24T01:29:17,248  INFO [main] metadata.Hive: Total time spent in each metastore function (ms): {isCompatibleWith_(Configuration)=0}
2024-04-24T01:29:17,249  INFO [main] ql.Driver: Completed executing command(queryId=alex_20240424012917_1552e672-8c83-4ff1-b365-672be2d041d0); Time taken: 0.007 seconds
2024-04-24T01:29:17,249  INFO [main] lockmgr.DbTxnManager: Stopped heartbeat for query: alex_20240424012917_1552e672-8c83-4ff1-b365-672be2d041d0
2024-04-24T01:29:17,259  INFO [main] txn.TxnHandler: Expected to move at least one record from txn_components to completed_txn_components when committing txn! txnid:5
2024-04-24T01:29:17,269  INFO [main] txn.TxnHandler: Removed transactions: ([5]) from MIN_HISTORY_LEVEL
2024-04-24T01:29:17,270  WARN [main] txn.CompactionTxnHandler: No compaction queue record found for Compaction type transaction commit. txnId:5
2024-04-24T01:29:17,271  INFO [main] ql.TxnCommandsBaseForTests: Running the query: drop table if exists nonAcidNonBucket
2024-04-24T01:29:17,272  INFO [main] ql.Driver: Compiling command(queryId=alex_20240424012917_972b17ff-cf4b-45b6-8183-eece9451d3b0): drop table if exists nonAcidNonBucket
2024-04-24T01:29:17,277  INFO [main] txn.TxnHandler: Added entries to MIN_HISTORY_LEVEL for current txns: ([6]) with min_open_txn: 1
2024-04-24T01:29:17,277  INFO [main] lockmgr.DbTxnManager: Opened txnid:6
2024-04-24T01:29:17,279  INFO [main] HiveMetaStore.audit: ugi=alex	ip=unknown-ip-addr	cmd=get_table : tbl=hive.default.nonAcidNonBucket	
2024-04-24T01:29:17,285  INFO [main] ql.Driver: Semantic Analysis Completed (retrial = false)
2024-04-24T01:29:17,286  INFO [main] ql.Driver: Created Hive schema: Schema(fieldSchemas:null, properties:null)
2024-04-24T01:29:17,286  INFO [main] metadata.Hive: Dumping metastore api call timing information for : compilation phase
2024-04-24T01:29:17,286  INFO [main] metadata.Hive: Total time spent in each metastore function (ms): {flushCache_()=1, getValidTxns_(long)=0, isCompatibleWith_(Configuration)=0, commitTxn_(CommitTxnRequest)=22, openTxn_(String, TxnType)=4}
2024-04-24T01:29:17,286  INFO [main] ql.Driver: Completed compiling command(queryId=alex_20240424012917_972b17ff-cf4b-45b6-8183-eece9451d3b0); Time taken: 0.014 seconds
2024-04-24T01:29:17,287  INFO [main] lockmgr.DbTxnManager: Setting lock request transaction to txnid:6 for queryId=alex_20240424012917_972b17ff-cf4b-45b6-8183-eece9451d3b0
2024-04-24T01:29:17,287  INFO [main] ql.Driver: Operation DROPTABLE obtained 0 locks
2024-04-24T01:29:17,287  INFO [main] ql.Driver: Executing command(queryId=alex_20240424012917_972b17ff-cf4b-45b6-8183-eece9451d3b0): drop table if exists nonAcidNonBucket
2024-04-24T01:29:17,287  INFO [main] ql.Driver: Starting task [Stage-0:DDL] in serial mode
2024-04-24T01:29:17,287  INFO [main] HiveMetaStore.audit: ugi=alex	ip=unknown-ip-addr	cmd=get_table : tbl=hive.default.nonAcidNonBucket	
2024-04-24T01:29:17,293  INFO [main] metadata.Hive: Dumping metastore api call timing information for : execution phase
2024-04-24T01:29:17,294  INFO [main] metadata.Hive: Total time spent in each metastore function (ms): {isCompatibleWith_(Configuration)=0}
2024-04-24T01:29:17,294  INFO [main] ql.Driver: Completed executing command(queryId=alex_20240424012917_972b17ff-cf4b-45b6-8183-eece9451d3b0); Time taken: 0.006 seconds
2024-04-24T01:29:17,294  INFO [main] lockmgr.DbTxnManager: Stopped heartbeat for query: alex_20240424012917_972b17ff-cf4b-45b6-8183-eece9451d3b0
2024-04-24T01:29:17,303  INFO [main] txn.TxnHandler: Expected to move at least one record from txn_components to completed_txn_components when committing txn! txnid:6
2024-04-24T01:29:17,314  INFO [main] txn.TxnHandler: Removed transactions: ([6]) from MIN_HISTORY_LEVEL
2024-04-24T01:29:17,315  WARN [main] txn.CompactionTxnHandler: No compaction queue record found for Compaction type transaction commit. txnId:6
2024-04-24T01:29:17,316  INFO [main] ql.TxnCommandsBaseForTests: Running the query: create table acidTbl(a int, b int) clustered by (a) into 2 buckets stored as orc TBLPROPERTIES ('transactional'='true')
2024-04-24T01:29:17,316  INFO [main] ql.Driver: Compiling command(queryId=alex_20240424012917_29fe8cec-a080-4481-9327-535823eeed25): create table acidTbl(a int, b int) clustered by (a) into 2 buckets stored as orc TBLPROPERTIES ('transactional'='true')
2024-04-24T01:29:17,322  INFO [main] txn.TxnHandler: Added entries to MIN_HISTORY_LEVEL for current txns: ([7]) with min_open_txn: 1
2024-04-24T01:29:17,322  INFO [main] lockmgr.DbTxnManager: Opened txnid:7
TRACE StatusLogger PatternProcessor.getNextTime returning 2024/04/25-00:00:00.000, nextFileTime=2024/04/24-00:00:00.000, prevFileTime=2024/04/23-00:00:00.000, current=2024/04/24-01:29:17.328, freq=DAILY
DEBUG StatusLogger Formatting file name. useCurrentTime=false. currentFileTime=1713947357328, prevFileTime=1713855600000
DEBUG StatusLogger Formatting file name. useCurrentTime=false. currentFileTime=1713947357328, prevFileTime=1713855600000
TRACE StatusLogger DefaultRolloverStrategy.purge() took 2.0 milliseconds
DEBUG StatusLogger RollingFileManager executing synchronous FileRenameAction[/home/alex/Repositories/hive/ql/target/tmp/alex/hive.log to /home/alex/Repositories/hive/ql/target/tmp/alex/hive.log.2024-04-23, renameEmptyFiles=false]
TRACE StatusLogger Renamed file /home/alex/Repositories/hive/ql/target/tmp/alex/hive.log to /home/alex/Repositories/hive/ql/target/tmp/alex/hive.log.2024-04-23 with Files.move
2024-04-24T01:29:17,337  INFO [main] HiveMetaStore.audit: ugi=alex	ip=unknown-ip-addr	cmd=get_database: default	
2024-04-24T01:29:17,340  INFO [main] ql.Driver: Semantic Analysis Completed (retrial = false)
2024-04-24T01:29:17,340  INFO [main] ql.Driver: Created Hive schema: Schema(fieldSchemas:null, properties:null)
2024-04-24T01:29:17,340  INFO [main] metadata.Hive: Dumping metastore api call timing information for : compilation phase
2024-04-24T01:29:17,341  INFO [main] metadata.Hive: Total time spent in each metastore function (ms): {getValidWriteIds_(List, String)=8, getDatabase_(String)=3, commitTxn_(CommitTxnRequest)=21, flushCache_()=0, getValidTxns_(long)=1, openTxn_(String, TxnType)=3, isCompatibleWith_(Configuration)=0}
2024-04-24T01:29:17,341  INFO [main] ql.Driver: Completed compiling command(queryId=alex_20240424012917_29fe8cec-a080-4481-9327-535823eeed25); Time taken: 0.024 seconds
2024-04-24T01:29:17,341  INFO [main] lockmgr.DbTxnManager: Setting lock request transaction to txnid:7 for queryId=alex_20240424012917_29fe8cec-a080-4481-9327-535823eeed25
2024-04-24T01:29:17,342  INFO [main] lockmgr.DbLockManager: Requesting lock for queryId=alex_20240424012917_29fe8cec-a080-4481-9327-535823eeed25
2024-04-24T01:29:17,376  INFO [main] lockmgr.DbLockManager: Response to queryId=alex_20240424012917_29fe8cec-a080-4481-9327-535823eeed25 LockResponse(lockid:1, state:ACQUIRED)
2024-04-24T01:29:17,376  INFO [main] ql.Driver: Operation CREATETABLE obtained 1 locks
2024-04-24T01:29:17,378  INFO [main] ql.Driver: Executing command(queryId=alex_20240424012917_29fe8cec-a080-4481-9327-535823eeed25): create table acidTbl(a int, b int) clustered by (a) into 2 buckets stored as orc TBLPROPERTIES ('transactional'='true')
2024-04-24T01:29:17,378  INFO [main] ql.Driver: Starting task [Stage-0:DDL] in serial mode
2024-04-24T01:29:17,380  INFO [main] HiveMetaStore.audit: ugi=alex	ip=unknown-ip-addr	cmd=create_table_req: Table(tableName:acidTbl, dbName:default, owner:alex, createTime:1713947357, lastAccessTime:0, retention:0, sd:StorageDescriptor(cols:[FieldSchema(name:a, type:int, comment:null), FieldSchema(name:b, type:int, comment:null)], location:null, inputFormat:org.apache.hadoop.hive.ql.io.orc.OrcInputFormat, outputFormat:org.apache.hadoop.hive.ql.io.orc.OrcOutputFormat, compressed:false, numBuckets:2, serdeInfo:SerDeInfo(name:null, serializationLib:org.apache.hadoop.hive.ql.io.orc.OrcSerde, parameters:{serialization.format=1}), bucketCols:[a], sortCols:[], parameters:{}, skewedInfo:SkewedInfo(skewedColNames:[], skewedColValues:[], skewedColValueLocationMaps:{}), storedAsSubDirectories:false), partitionKeys:[], parameters:{COLUMN_STATS_ACCURATE={"BASIC_STATS":"true","COLUMN_STATS":{"a":"true","b":"true"}}, numRows=0, numFiles=0, rawDataSize=0, transactional=true, totalSize=0, numFilesErasureCoded=0, bucketing_version=2}, viewOriginalText:null, viewExpandedText:null, tableType:MANAGED_TABLE, privileges:PrincipalPrivilegeSet(userPrivileges:{alex=[PrivilegeGrantInfo(privilege:INSERT, createTime:-1, grantor:alex, grantorType:USER, grantOption:true), PrivilegeGrantInfo(privilege:SELECT, createTime:-1, grantor:alex, grantorType:USER, grantOption:true), PrivilegeGrantInfo(privilege:UPDATE, createTime:-1, grantor:alex, grantorType:USER, grantOption:true), PrivilegeGrantInfo(privilege:DELETE, createTime:-1, grantor:alex, grantorType:USER, grantOption:true)]}, groupPrivileges:null, rolePrivileges:null), temporary:false, catName:hive, ownerType:USER, writeId:0)	
2024-04-24T01:29:17,392  INFO [main] utils.FileUtils: Creating directory if it doesn't exist: file:/home/alex/Repositories/hive/ql/target/tmp/org.apache.hadoop.hive.ql.util.TestHiveStrictManagedMigration-1713947339080/warehouse/acidtbl
2024-04-24T01:29:17,451  INFO [main] metadata.Hive: Dumping metastore api call timing information for : execution phase
2024-04-24T01:29:17,451  INFO [main] metadata.Hive: Total time spent in each metastore function (ms): {createTable_(Table)=71, isCompatibleWith_(Configuration)=0}
2024-04-24T01:29:17,451  INFO [main] ql.Driver: Completed executing command(queryId=alex_20240424012917_29fe8cec-a080-4481-9327-535823eeed25); Time taken: 0.073 seconds
2024-04-24T01:29:17,451  INFO [main] lockmgr.DbTxnManager: Stopped heartbeat for query: alex_20240424012917_29fe8cec-a080-4481-9327-535823eeed25
2024-04-24T01:29:17,456  INFO [main] txn.TxnHandler: Expected to move at least one record from txn_components to completed_txn_components when committing txn! txnid:7
2024-04-24T01:29:17,463  INFO [main] txn.TxnHandler: Removed transactions: ([7]) from MIN_HISTORY_LEVEL
2024-04-24T01:29:17,463  WARN [main] txn.CompactionTxnHandler: No compaction queue record found for Compaction type transaction commit. txnId:7
2024-04-24T01:29:17,464  INFO [main] ql.TxnCommandsBaseForTests: Running the query: create table acidTblPart(a int, b int) partitioned by (p string) clustered by (a) into 2 buckets stored as orc TBLPROPERTIES ('transactional'='true')
2024-04-24T01:29:17,464  INFO [main] ql.Driver: Compiling command(queryId=alex_20240424012917_0bbbb30a-8c39-40e8-bd2d-3aaad183b30e): create table acidTblPart(a int, b int) partitioned by (p string) clustered by (a) into 2 buckets stored as orc TBLPROPERTIES ('transactional'='true')
2024-04-24T01:29:17,468  INFO [main] txn.TxnHandler: Added entries to MIN_HISTORY_LEVEL for current txns: ([8]) with min_open_txn: 1
2024-04-24T01:29:17,468  INFO [main] lockmgr.DbTxnManager: Opened txnid:8
2024-04-24T01:29:17,472  INFO [main] HiveMetaStore.audit: ugi=alex	ip=unknown-ip-addr	cmd=get_database: default	
2024-04-24T01:29:17,475  INFO [main] ql.Driver: Semantic Analysis Completed (retrial = false)
2024-04-24T01:29:17,475  INFO [main] ql.Driver: Created Hive schema: Schema(fieldSchemas:null, properties:null)
2024-04-24T01:29:17,475  INFO [main] metadata.Hive: Dumping metastore api call timing information for : compilation phase
2024-04-24T01:29:17,475  INFO [main] metadata.Hive: Total time spent in each metastore function (ms): {isCompatibleWith_(Configuration)=1, getValidTxns_(long)=0, getValidWriteIds_(List, String)=3, getDatabase_(String)=3, openTxn_(String, TxnType)=3, flushCache_()=0, commitTxn_(CommitTxnRequest)=12}
2024-04-24T01:29:17,475  INFO [main] ql.Driver: Completed compiling command(queryId=alex_20240424012917_0bbbb30a-8c39-40e8-bd2d-3aaad183b30e); Time taken: 0.011 seconds
2024-04-24T01:29:17,476  INFO [main] lockmgr.DbTxnManager: Setting lock request transaction to txnid:8 for queryId=alex_20240424012917_0bbbb30a-8c39-40e8-bd2d-3aaad183b30e
2024-04-24T01:29:17,476  INFO [main] lockmgr.DbLockManager: Requesting lock for queryId=alex_20240424012917_0bbbb30a-8c39-40e8-bd2d-3aaad183b30e
2024-04-24T01:29:17,497  INFO [main] lockmgr.DbLockManager: Response to queryId=alex_20240424012917_0bbbb30a-8c39-40e8-bd2d-3aaad183b30e LockResponse(lockid:2, state:ACQUIRED)
2024-04-24T01:29:17,498  INFO [main] ql.Driver: Operation CREATETABLE obtained 1 locks
2024-04-24T01:29:17,498  INFO [main] ql.Driver: Executing command(queryId=alex_20240424012917_0bbbb30a-8c39-40e8-bd2d-3aaad183b30e): create table acidTblPart(a int, b int) partitioned by (p string) clustered by (a) into 2 buckets stored as orc TBLPROPERTIES ('transactional'='true')
2024-04-24T01:29:17,499  INFO [main] ql.Driver: Starting task [Stage-0:DDL] in serial mode
2024-04-24T01:29:17,500  INFO [main] HiveMetaStore.audit: ugi=alex	ip=unknown-ip-addr	cmd=create_table_req: Table(tableName:acidTblPart, dbName:default, owner:alex, createTime:1713947357, lastAccessTime:0, retention:0, sd:StorageDescriptor(cols:[FieldSchema(name:a, type:int, comment:null), FieldSchema(name:b, type:int, comment:null)], location:null, inputFormat:org.apache.hadoop.hive.ql.io.orc.OrcInputFormat, outputFormat:org.apache.hadoop.hive.ql.io.orc.OrcOutputFormat, compressed:false, numBuckets:2, serdeInfo:SerDeInfo(name:null, serializationLib:org.apache.hadoop.hive.ql.io.orc.OrcSerde, parameters:{serialization.format=1}), bucketCols:[a], sortCols:[], parameters:{}, skewedInfo:SkewedInfo(skewedColNames:[], skewedColValues:[], skewedColValueLocationMaps:{}), storedAsSubDirectories:false), partitionKeys:[FieldSchema(name:p, type:string, comment:null)], parameters:{bucketing_version=2, transactional=true}, viewOriginalText:null, viewExpandedText:null, tableType:MANAGED_TABLE, privileges:PrincipalPrivilegeSet(userPrivileges:{alex=[PrivilegeGrantInfo(privilege:INSERT, createTime:-1, grantor:alex, grantorType:USER, grantOption:true), PrivilegeGrantInfo(privilege:SELECT, createTime:-1, grantor:alex, grantorType:USER, grantOption:true), PrivilegeGrantInfo(privilege:UPDATE, createTime:-1, grantor:alex, grantorType:USER, grantOption:true), PrivilegeGrantInfo(privilege:DELETE, createTime:-1, grantor:alex, grantorType:USER, grantOption:true)]}, groupPrivileges:null, rolePrivileges:null), temporary:false, catName:hive, ownerType:USER, writeId:0)	
2024-04-24T01:29:17,507  INFO [main] utils.FileUtils: Creating directory if it doesn't exist: file:/home/alex/Repositories/hive/ql/target/tmp/org.apache.hadoop.hive.ql.util.TestHiveStrictManagedMigration-1713947339080/warehouse/acidtblpart
2024-04-24T01:29:17,529  INFO [main] metadata.Hive: Dumping metastore api call timing information for : execution phase
2024-04-24T01:29:17,529  INFO [main] metadata.Hive: Total time spent in each metastore function (ms): {createTable_(Table)=30, isCompatibleWith_(Configuration)=0}
2024-04-24T01:29:17,529  INFO [main] ql.Driver: Completed executing command(queryId=alex_20240424012917_0bbbb30a-8c39-40e8-bd2d-3aaad183b30e); Time taken: 0.031 seconds
2024-04-24T01:29:17,529  INFO [main] lockmgr.DbTxnManager: Stopped heartbeat for query: alex_20240424012917_0bbbb30a-8c39-40e8-bd2d-3aaad183b30e
2024-04-24T01:29:17,535  INFO [main] txn.TxnHandler: Expected to move at least one record from txn_components to completed_txn_components when committing txn! txnid:8
2024-04-24T01:29:17,544  INFO [main] txn.TxnHandler: Removed transactions: ([8]) from MIN_HISTORY_LEVEL
2024-04-24T01:29:17,544  WARN [main] txn.CompactionTxnHandler: No compaction queue record found for Compaction type transaction commit. txnId:8
2024-04-24T01:29:17,545  INFO [main] ql.TxnCommandsBaseForTests: Running the query: create table nonAcidOrcTbl(a int, b int) clustered by (a) into 2 buckets stored as orc TBLPROPERTIES ('transactional'='false')
2024-04-24T01:29:17,545  INFO [main] ql.Driver: Compiling command(queryId=alex_20240424012917_b18c978c-70e3-414d-b247-79c0afe74621): create table nonAcidOrcTbl(a int, b int) clustered by (a) into 2 buckets stored as orc TBLPROPERTIES ('transactional'='false')
2024-04-24T01:29:17,549  INFO [main] txn.TxnHandler: Added entries to MIN_HISTORY_LEVEL for current txns: ([9]) with min_open_txn: 1
2024-04-24T01:29:17,549  INFO [main] lockmgr.DbTxnManager: Opened txnid:9
2024-04-24T01:29:17,554  INFO [main] HiveMetaStore.audit: ugi=alex	ip=unknown-ip-addr	cmd=get_database: default	
2024-04-24T01:29:17,557  INFO [main] ql.Driver: Semantic Analysis Completed (retrial = false)
2024-04-24T01:29:17,557  INFO [main] ql.Driver: Created Hive schema: Schema(fieldSchemas:null, properties:null)
2024-04-24T01:29:17,557  INFO [main] metadata.Hive: Dumping metastore api call timing information for : compilation phase
2024-04-24T01:29:17,557  INFO [main] metadata.Hive: Total time spent in each metastore function (ms): {openTxn_(String, TxnType)=3, getValidTxns_(long)=1, isCompatibleWith_(Configuration)=0, commitTxn_(CommitTxnRequest)=16, getDatabase_(String)=3, getValidWriteIds_(List, String)=3, flushCache_()=0}
2024-04-24T01:29:17,558  INFO [main] ql.Driver: Completed compiling command(queryId=alex_20240424012917_b18c978c-70e3-414d-b247-79c0afe74621); Time taken: 0.012 seconds
2024-04-24T01:29:17,558  INFO [main] lockmgr.DbTxnManager: Setting lock request transaction to txnid:9 for queryId=alex_20240424012917_b18c978c-70e3-414d-b247-79c0afe74621
2024-04-24T01:29:17,558  INFO [main] lockmgr.DbLockManager: Requesting lock for queryId=alex_20240424012917_b18c978c-70e3-414d-b247-79c0afe74621
2024-04-24T01:29:17,581  INFO [main] lockmgr.DbLockManager: Response to queryId=alex_20240424012917_b18c978c-70e3-414d-b247-79c0afe74621 LockResponse(lockid:3, state:ACQUIRED)
2024-04-24T01:29:17,581  INFO [main] ql.Driver: Operation CREATETABLE obtained 1 locks
2024-04-24T01:29:17,581  INFO [main] ql.Driver: Executing command(queryId=alex_20240424012917_b18c978c-70e3-414d-b247-79c0afe74621): create table nonAcidOrcTbl(a int, b int) clustered by (a) into 2 buckets stored as orc TBLPROPERTIES ('transactional'='false')
2024-04-24T01:29:17,581  INFO [main] ql.Driver: Starting task [Stage-0:DDL] in serial mode
2024-04-24T01:29:17,582  INFO [main] HiveMetaStore.audit: ugi=alex	ip=unknown-ip-addr	cmd=create_table_req: Table(tableName:nonAcidOrcTbl, dbName:default, owner:alex, createTime:1713947357, lastAccessTime:0, retention:0, sd:StorageDescriptor(cols:[FieldSchema(name:a, type:int, comment:null), FieldSchema(name:b, type:int, comment:null)], location:null, inputFormat:org.apache.hadoop.hive.ql.io.orc.OrcInputFormat, outputFormat:org.apache.hadoop.hive.ql.io.orc.OrcOutputFormat, compressed:false, numBuckets:2, serdeInfo:SerDeInfo(name:null, serializationLib:org.apache.hadoop.hive.ql.io.orc.OrcSerde, parameters:{serialization.format=1}), bucketCols:[a], sortCols:[], parameters:{}, skewedInfo:SkewedInfo(skewedColNames:[], skewedColValues:[], skewedColValueLocationMaps:{}), storedAsSubDirectories:false), partitionKeys:[], parameters:{COLUMN_STATS_ACCURATE={"BASIC_STATS":"true","COLUMN_STATS":{"a":"true","b":"true"}}, rawDataSize=0, numRows=0, totalSize=0, bucketing_version=2, transactional=false, numFilesErasureCoded=0, numFiles=0}, viewOriginalText:null, viewExpandedText:null, tableType:MANAGED_TABLE, privileges:PrincipalPrivilegeSet(userPrivileges:{alex=[PrivilegeGrantInfo(privilege:INSERT, createTime:-1, grantor:alex, grantorType:USER, grantOption:true), PrivilegeGrantInfo(privilege:SELECT, createTime:-1, grantor:alex, grantorType:USER, grantOption:true), PrivilegeGrantInfo(privilege:UPDATE, createTime:-1, grantor:alex, grantorType:USER, grantOption:true), PrivilegeGrantInfo(privilege:DELETE, createTime:-1, grantor:alex, grantorType:USER, grantOption:true)]}, groupPrivileges:null, rolePrivileges:null), temporary:false, catName:hive, ownerType:USER)	
2024-04-24T01:29:17,589  INFO [main] utils.FileUtils: Creating directory if it doesn't exist: file:/home/alex/Repositories/hive/ql/target/tmp/org.apache.hadoop.hive.ql.util.TestHiveStrictManagedMigration-1713947339080/warehouse/nonacidorctbl
2024-04-24T01:29:17,621  INFO [main] metadata.Hive: Dumping metastore api call timing information for : execution phase
2024-04-24T01:29:17,621  INFO [main] metadata.Hive: Total time spent in each metastore function (ms): {createTable_(Table)=39, isCompatibleWith_(Configuration)=0}
2024-04-24T01:29:17,621  INFO [main] ql.Driver: Completed executing command(queryId=alex_20240424012917_b18c978c-70e3-414d-b247-79c0afe74621); Time taken: 0.04 seconds
2024-04-24T01:29:17,621  INFO [main] lockmgr.DbTxnManager: Stopped heartbeat for query: alex_20240424012917_b18c978c-70e3-414d-b247-79c0afe74621
2024-04-24T01:29:17,626  INFO [main] txn.TxnHandler: Expected to move at least one record from txn_components to completed_txn_components when committing txn! txnid:9
2024-04-24T01:29:17,633  INFO [main] txn.TxnHandler: Removed transactions: ([9]) from MIN_HISTORY_LEVEL
2024-04-24T01:29:17,634  WARN [main] txn.CompactionTxnHandler: No compaction queue record found for Compaction type transaction commit. txnId:9
2024-04-24T01:29:17,634  INFO [main] ql.TxnCommandsBaseForTests: Running the query: create table nonAcidOrcTbl2(a int, b int) clustered by (a) into 2 buckets stored as orc TBLPROPERTIES ('transactional'='false')
2024-04-24T01:29:17,635  INFO [main] ql.Driver: Compiling command(queryId=alex_20240424012917_e13e779c-3199-4c78-a2b5-2b7e0adec9c1): create table nonAcidOrcTbl2(a int, b int) clustered by (a) into 2 buckets stored as orc TBLPROPERTIES ('transactional'='false')
2024-04-24T01:29:17,639  INFO [main] txn.TxnHandler: Added entries to MIN_HISTORY_LEVEL for current txns: ([10]) with min_open_txn: 1
2024-04-24T01:29:17,639  INFO [main] lockmgr.DbTxnManager: Opened txnid:10
2024-04-24T01:29:17,644  INFO [main] HiveMetaStore.audit: ugi=alex	ip=unknown-ip-addr	cmd=get_database: default	
2024-04-24T01:29:17,646  INFO [main] ql.Driver: Semantic Analysis Completed (retrial = false)
2024-04-24T01:29:17,646  INFO [main] ql.Driver: Created Hive schema: Schema(fieldSchemas:null, properties:null)
2024-04-24T01:29:17,647  INFO [main] metadata.Hive: Dumping metastore api call timing information for : compilation phase
2024-04-24T01:29:17,647  INFO [main] metadata.Hive: Total time spent in each metastore function (ms): {commitTxn_(CommitTxnRequest)=13, isCompatibleWith_(Configuration)=0, flushCache_()=0, getValidTxns_(long)=1, getValidWriteIds_(List, String)=4, getDatabase_(String)=2, openTxn_(String, TxnType)=3}
2024-04-24T01:29:17,647  INFO [main] ql.Driver: Completed compiling command(queryId=alex_20240424012917_e13e779c-3199-4c78-a2b5-2b7e0adec9c1); Time taken: 0.012 seconds
2024-04-24T01:29:17,647  INFO [main] lockmgr.DbTxnManager: Setting lock request transaction to txnid:10 for queryId=alex_20240424012917_e13e779c-3199-4c78-a2b5-2b7e0adec9c1
2024-04-24T01:29:17,647  INFO [main] lockmgr.DbLockManager: Requesting lock for queryId=alex_20240424012917_e13e779c-3199-4c78-a2b5-2b7e0adec9c1
2024-04-24T01:29:17,665  INFO [main] lockmgr.DbLockManager: Response to queryId=alex_20240424012917_e13e779c-3199-4c78-a2b5-2b7e0adec9c1 LockResponse(lockid:4, state:ACQUIRED)
2024-04-24T01:29:17,665  INFO [main] ql.Driver: Operation CREATETABLE obtained 1 locks
2024-04-24T01:29:17,665  INFO [main] ql.Driver: Executing command(queryId=alex_20240424012917_e13e779c-3199-4c78-a2b5-2b7e0adec9c1): create table nonAcidOrcTbl2(a int, b int) clustered by (a) into 2 buckets stored as orc TBLPROPERTIES ('transactional'='false')
2024-04-24T01:29:17,665  INFO [main] ql.Driver: Starting task [Stage-0:DDL] in serial mode
2024-04-24T01:29:17,666  INFO [main] HiveMetaStore.audit: ugi=alex	ip=unknown-ip-addr	cmd=create_table_req: Table(tableName:nonAcidOrcTbl2, dbName:default, owner:alex, createTime:1713947357, lastAccessTime:0, retention:0, sd:StorageDescriptor(cols:[FieldSchema(name:a, type:int, comment:null), FieldSchema(name:b, type:int, comment:null)], location:null, inputFormat:org.apache.hadoop.hive.ql.io.orc.OrcInputFormat, outputFormat:org.apache.hadoop.hive.ql.io.orc.OrcOutputFormat, compressed:false, numBuckets:2, serdeInfo:SerDeInfo(name:null, serializationLib:org.apache.hadoop.hive.ql.io.orc.OrcSerde, parameters:{serialization.format=1}), bucketCols:[a], sortCols:[], parameters:{}, skewedInfo:SkewedInfo(skewedColNames:[], skewedColValues:[], skewedColValueLocationMaps:{}), storedAsSubDirectories:false), partitionKeys:[], parameters:{COLUMN_STATS_ACCURATE={"BASIC_STATS":"true","COLUMN_STATS":{"a":"true","b":"true"}}, numFilesErasureCoded=0, bucketing_version=2, transactional=false, numRows=0, totalSize=0, numFiles=0, rawDataSize=0}, viewOriginalText:null, viewExpandedText:null, tableType:MANAGED_TABLE, privileges:PrincipalPrivilegeSet(userPrivileges:{alex=[PrivilegeGrantInfo(privilege:INSERT, createTime:-1, grantor:alex, grantorType:USER, grantOption:true), PrivilegeGrantInfo(privilege:SELECT, createTime:-1, grantor:alex, grantorType:USER, grantOption:true), PrivilegeGrantInfo(privilege:UPDATE, createTime:-1, grantor:alex, grantorType:USER, grantOption:true), PrivilegeGrantInfo(privilege:DELETE, createTime:-1, grantor:alex, grantorType:USER, grantOption:true)]}, groupPrivileges:null, rolePrivileges:null), temporary:false, catName:hive, ownerType:USER)	
2024-04-24T01:29:17,674  INFO [main] utils.FileUtils: Creating directory if it doesn't exist: file:/home/alex/Repositories/hive/ql/target/tmp/org.apache.hadoop.hive.ql.util.TestHiveStrictManagedMigration-1713947339080/warehouse/nonacidorctbl2
2024-04-24T01:29:17,696  INFO [main] metadata.Hive: Dumping metastore api call timing information for : execution phase
2024-04-24T01:29:17,696  INFO [main] metadata.Hive: Total time spent in each metastore function (ms): {isCompatibleWith_(Configuration)=0, createTable_(Table)=30}
2024-04-24T01:29:17,696  INFO [main] ql.Driver: Completed executing command(queryId=alex_20240424012917_e13e779c-3199-4c78-a2b5-2b7e0adec9c1); Time taken: 0.031 seconds
2024-04-24T01:29:17,696  INFO [main] lockmgr.DbTxnManager: Stopped heartbeat for query: alex_20240424012917_e13e779c-3199-4c78-a2b5-2b7e0adec9c1
2024-04-24T01:29:17,701  INFO [main] txn.TxnHandler: Expected to move at least one record from txn_components to completed_txn_components when committing txn! txnid:10
2024-04-24T01:29:17,709  INFO [main] txn.TxnHandler: Removed transactions: ([10]) from MIN_HISTORY_LEVEL
2024-04-24T01:29:17,709  WARN [main] txn.CompactionTxnHandler: No compaction queue record found for Compaction type transaction commit. txnId:10
2024-04-24T01:29:17,710  INFO [main] ql.TxnCommandsBaseForTests: Running the query: create temporary  table acidTbl2(a int, b int, c int) clustered by (c) into 2 buckets stored as orc TBLPROPERTIES ('transactional'='true')
2024-04-24T01:29:17,710  INFO [main] ql.Driver: Compiling command(queryId=alex_20240424012917_1c1232e8-7891-4d24-a3d3-b8d1b6e1fbfb): create temporary  table acidTbl2(a int, b int, c int) clustered by (c) into 2 buckets stored as orc TBLPROPERTIES ('transactional'='true')
2024-04-24T01:29:17,714  INFO [main] txn.TxnHandler: Added entries to MIN_HISTORY_LEVEL for current txns: ([11]) with min_open_txn: 1
2024-04-24T01:29:17,715  INFO [main] lockmgr.DbTxnManager: Opened txnid:11
2024-04-24T01:29:17,719  INFO [main] HiveMetaStore.audit: ugi=alex	ip=unknown-ip-addr	cmd=get_database: default	
2024-04-24T01:29:17,721  INFO [main] ql.Driver: Semantic Analysis Completed (retrial = false)
2024-04-24T01:29:17,721  INFO [main] ql.Driver: Created Hive schema: Schema(fieldSchemas:null, properties:null)
2024-04-24T01:29:17,721  INFO [main] metadata.Hive: Dumping metastore api call timing information for : compilation phase
2024-04-24T01:29:17,721  INFO [main] metadata.Hive: Total time spent in each metastore function (ms): {openTxn_(String, TxnType)=4, commitTxn_(CommitTxnRequest)=14, getValidTxns_(long)=1, flushCache_()=0, getValidWriteIds_(List, String)=2, getDatabase_(String)=2, isCompatibleWith_(Configuration)=0}
2024-04-24T01:29:17,721  INFO [main] ql.Driver: Completed compiling command(queryId=alex_20240424012917_1c1232e8-7891-4d24-a3d3-b8d1b6e1fbfb); Time taken: 0.011 seconds
2024-04-24T01:29:17,721  INFO [main] lockmgr.DbTxnManager: Setting lock request transaction to txnid:11 for queryId=alex_20240424012917_1c1232e8-7891-4d24-a3d3-b8d1b6e1fbfb
2024-04-24T01:29:17,722  INFO [main] lockmgr.DbLockManager: Requesting lock for queryId=alex_20240424012917_1c1232e8-7891-4d24-a3d3-b8d1b6e1fbfb
2024-04-24T01:29:17,739  INFO [main] lockmgr.DbLockManager: Response to queryId=alex_20240424012917_1c1232e8-7891-4d24-a3d3-b8d1b6e1fbfb LockResponse(lockid:5, state:ACQUIRED)
2024-04-24T01:29:17,739  INFO [main] ql.Driver: Operation CREATETABLE obtained 1 locks
2024-04-24T01:29:17,740  INFO [main] ql.Driver: Executing command(queryId=alex_20240424012917_1c1232e8-7891-4d24-a3d3-b8d1b6e1fbfb): create temporary  table acidTbl2(a int, b int, c int) clustered by (c) into 2 buckets stored as orc TBLPROPERTIES ('transactional'='true')
2024-04-24T01:29:17,740  INFO [main] ql.Driver: Starting task [Stage-0:DDL] in serial mode
2024-04-24T01:29:17,742  INFO [main] utils.FileUtils: Creating directory if it doesn't exist: file:/home/alex/Repositories/hive/ql/target/tmp/scratchdir/alex/09bd2cb3-f852-4709-8d13-6a7afed6bdbb/_tmp_space.db/0e288d2a-91ca-4546-89fc-0ad86d1e16b9
2024-04-24T01:29:17,745  INFO [main] metadata.Hive: Dumping metastore api call timing information for : execution phase
2024-04-24T01:29:17,745  INFO [main] metadata.Hive: Total time spent in each metastore function (ms): {isCompatibleWith_(Configuration)=1, createTable_(Table)=3}
2024-04-24T01:29:17,745  INFO [main] ql.Driver: Completed executing command(queryId=alex_20240424012917_1c1232e8-7891-4d24-a3d3-b8d1b6e1fbfb); Time taken: 0.005 seconds
2024-04-24T01:29:17,746  INFO [main] lockmgr.DbTxnManager: Stopped heartbeat for query: alex_20240424012917_1c1232e8-7891-4d24-a3d3-b8d1b6e1fbfb
2024-04-24T01:29:17,750  INFO [main] txn.TxnHandler: Expected to move at least one record from txn_components to completed_txn_components when committing txn! txnid:11
2024-04-24T01:29:17,757  INFO [main] txn.TxnHandler: Removed transactions: ([11]) from MIN_HISTORY_LEVEL
2024-04-24T01:29:17,758  WARN [main] txn.CompactionTxnHandler: No compaction queue record found for Compaction type transaction commit. txnId:11
2024-04-24T01:29:17,758  INFO [main] ql.TxnCommandsBaseForTests: Running the query: create table nonAcidNonBucket(a int, b int) stored as orc TBLPROPERTIES ('transactional'='false')
2024-04-24T01:29:17,759  INFO [main] ql.Driver: Compiling command(queryId=alex_20240424012917_346b5400-e499-4e51-b5c6-6e4c40612a91): create table nonAcidNonBucket(a int, b int) stored as orc TBLPROPERTIES ('transactional'='false')
2024-04-24T01:29:17,761  INFO [main] txn.TxnHandler: Added entries to MIN_HISTORY_LEVEL for current txns: ([12]) with min_open_txn: 1
2024-04-24T01:29:17,762  INFO [main] lockmgr.DbTxnManager: Opened txnid:12
2024-04-24T01:29:17,766  INFO [main] HiveMetaStore.audit: ugi=alex	ip=unknown-ip-addr	cmd=get_database: default	
2024-04-24T01:29:17,768  INFO [main] ql.Driver: Semantic Analysis Completed (retrial = false)
2024-04-24T01:29:17,768  INFO [main] ql.Driver: Created Hive schema: Schema(fieldSchemas:null, properties:null)
2024-04-24T01:29:17,768  INFO [main] metadata.Hive: Dumping metastore api call timing information for : compilation phase
2024-04-24T01:29:17,768  INFO [main] metadata.Hive: Total time spent in each metastore function (ms): {getValidTxns_(long)=1, getDatabase_(String)=3, isCompatibleWith_(Configuration)=0, commitTxn_(CommitTxnRequest)=12, openTxn_(String, TxnType)=3, getValidWriteIds_(List, String)=2, flushCache_()=0}
2024-04-24T01:29:17,768  INFO [main] ql.Driver: Completed compiling command(queryId=alex_20240424012917_346b5400-e499-4e51-b5c6-6e4c40612a91); Time taken: 0.009 seconds
2024-04-24T01:29:17,769  INFO [main] lockmgr.DbTxnManager: Setting lock request transaction to txnid:12 for queryId=alex_20240424012917_346b5400-e499-4e51-b5c6-6e4c40612a91
2024-04-24T01:29:17,769  INFO [main] lockmgr.DbLockManager: Requesting lock for queryId=alex_20240424012917_346b5400-e499-4e51-b5c6-6e4c40612a91
2024-04-24T01:29:17,787  INFO [main] lockmgr.DbLockManager: Response to queryId=alex_20240424012917_346b5400-e499-4e51-b5c6-6e4c40612a91 LockResponse(lockid:6, state:ACQUIRED)
2024-04-24T01:29:17,787  INFO [main] ql.Driver: Operation CREATETABLE obtained 1 locks
2024-04-24T01:29:17,787  INFO [main] ql.Driver: Executing command(queryId=alex_20240424012917_346b5400-e499-4e51-b5c6-6e4c40612a91): create table nonAcidNonBucket(a int, b int) stored as orc TBLPROPERTIES ('transactional'='false')
2024-04-24T01:29:17,787  INFO [main] ql.Driver: Starting task [Stage-0:DDL] in serial mode
2024-04-24T01:29:17,788  INFO [main] HiveMetaStore.audit: ugi=alex	ip=unknown-ip-addr	cmd=create_table_req: Table(tableName:nonAcidNonBucket, dbName:default, owner:alex, createTime:1713947357, lastAccessTime:0, retention:0, sd:StorageDescriptor(cols:[FieldSchema(name:a, type:int, comment:null), FieldSchema(name:b, type:int, comment:null)], location:null, inputFormat:org.apache.hadoop.hive.ql.io.orc.OrcInputFormat, outputFormat:org.apache.hadoop.hive.ql.io.orc.OrcOutputFormat, compressed:false, numBuckets:-1, serdeInfo:SerDeInfo(name:null, serializationLib:org.apache.hadoop.hive.ql.io.orc.OrcSerde, parameters:{serialization.format=1}), bucketCols:[], sortCols:[], parameters:{}, skewedInfo:SkewedInfo(skewedColNames:[], skewedColValues:[], skewedColValueLocationMaps:{}), storedAsSubDirectories:false), partitionKeys:[], parameters:{rawDataSize=0, numRows=0, bucketing_version=2, transactional=false, COLUMN_STATS_ACCURATE={"BASIC_STATS":"true","COLUMN_STATS":{"a":"true","b":"true"}}, totalSize=0, numFilesErasureCoded=0, numFiles=0}, viewOriginalText:null, viewExpandedText:null, tableType:MANAGED_TABLE, privileges:PrincipalPrivilegeSet(userPrivileges:{alex=[PrivilegeGrantInfo(privilege:INSERT, createTime:-1, grantor:alex, grantorType:USER, grantOption:true), PrivilegeGrantInfo(privilege:SELECT, createTime:-1, grantor:alex, grantorType:USER, grantOption:true), PrivilegeGrantInfo(privilege:UPDATE, createTime:-1, grantor:alex, grantorType:USER, grantOption:true), PrivilegeGrantInfo(privilege:DELETE, createTime:-1, grantor:alex, grantorType:USER, grantOption:true)]}, groupPrivileges:null, rolePrivileges:null), temporary:false, catName:hive, ownerType:USER)	
2024-04-24T01:29:17,796  INFO [main] utils.FileUtils: Creating directory if it doesn't exist: file:/home/alex/Repositories/hive/ql/target/tmp/org.apache.hadoop.hive.ql.util.TestHiveStrictManagedMigration-1713947339080/warehouse/nonacidnonbucket
2024-04-24T01:29:17,815  INFO [main] metadata.Hive: Dumping metastore api call timing information for : execution phase
2024-04-24T01:29:17,815  INFO [main] metadata.Hive: Total time spent in each metastore function (ms): {createTable_(Table)=26, isCompatibleWith_(Configuration)=0}
2024-04-24T01:29:17,815  INFO [main] ql.Driver: Completed executing command(queryId=alex_20240424012917_346b5400-e499-4e51-b5c6-6e4c40612a91); Time taken: 0.028 seconds
2024-04-24T01:29:17,815  INFO [main] lockmgr.DbTxnManager: Stopped heartbeat for query: alex_20240424012917_346b5400-e499-4e51-b5c6-6e4c40612a91
2024-04-24T01:29:17,820  INFO [main] txn.TxnHandler: Expected to move at least one record from txn_components to completed_txn_components when committing txn! txnid:12
2024-04-24T01:29:17,828  INFO [main] txn.TxnHandler: Removed transactions: ([12]) from MIN_HISTORY_LEVEL
2024-04-24T01:29:17,828  WARN [main] txn.CompactionTxnHandler: No compaction queue record found for Compaction type transaction commit. txnId:12
2024-04-24T01:29:17,829  INFO [main] ql.TxnCommandsBaseForTests: Running the query: drop table if exists manwhnone
2024-04-24T01:29:17,829  INFO [main] ql.Driver: Compiling command(queryId=alex_20240424012917_8ebc835d-6395-41a5-9ae8-850c360b98b4): drop table if exists manwhnone
2024-04-24T01:29:17,832  INFO [main] txn.TxnHandler: Added entries to MIN_HISTORY_LEVEL for current txns: ([13]) with min_open_txn: 1
2024-04-24T01:29:17,832  INFO [main] lockmgr.DbTxnManager: Opened txnid:13
2024-04-24T01:29:17,833  INFO [main] HiveMetaStore.audit: ugi=alex	ip=unknown-ip-addr	cmd=get_table : tbl=hive.default.manwhnone	
2024-04-24T01:29:17,837  INFO [main] ql.Driver: Semantic Analysis Completed (retrial = false)
2024-04-24T01:29:17,837  INFO [main] ql.Driver: Created Hive schema: Schema(fieldSchemas:null, properties:null)
2024-04-24T01:29:17,837  INFO [main] metadata.Hive: Dumping metastore api call timing information for : compilation phase
2024-04-24T01:29:17,837  INFO [main] metadata.Hive: Total time spent in each metastore function (ms): {commitTxn_(CommitTxnRequest)=14, getValidTxns_(long)=0, flushCache_()=0, isCompatibleWith_(Configuration)=1, openTxn_(String, TxnType)=2}
2024-04-24T01:29:17,838  INFO [main] ql.Driver: Completed compiling command(queryId=alex_20240424012917_8ebc835d-6395-41a5-9ae8-850c360b98b4); Time taken: 0.008 seconds
2024-04-24T01:29:17,838  INFO [main] lockmgr.DbTxnManager: Setting lock request transaction to txnid:13 for queryId=alex_20240424012917_8ebc835d-6395-41a5-9ae8-850c360b98b4
2024-04-24T01:29:17,838  INFO [main] ql.Driver: Operation DROPTABLE obtained 0 locks
2024-04-24T01:29:17,838  INFO [main] ql.Driver: Executing command(queryId=alex_20240424012917_8ebc835d-6395-41a5-9ae8-850c360b98b4): drop table if exists manwhnone
2024-04-24T01:29:17,838  INFO [main] ql.Driver: Starting task [Stage-0:DDL] in serial mode
2024-04-24T01:29:17,839  INFO [main] HiveMetaStore.audit: ugi=alex	ip=unknown-ip-addr	cmd=get_table : tbl=hive.default.manwhnone	
2024-04-24T01:29:17,843  INFO [main] metadata.Hive: Dumping metastore api call timing information for : execution phase
2024-04-24T01:29:17,843  INFO [main] metadata.Hive: Total time spent in each metastore function (ms): {isCompatibleWith_(Configuration)=0}
2024-04-24T01:29:17,843  INFO [main] ql.Driver: Completed executing command(queryId=alex_20240424012917_8ebc835d-6395-41a5-9ae8-850c360b98b4); Time taken: 0.005 seconds
2024-04-24T01:29:17,843  INFO [main] lockmgr.DbTxnManager: Stopped heartbeat for query: alex_20240424012917_8ebc835d-6395-41a5-9ae8-850c360b98b4
2024-04-24T01:29:17,850  INFO [main] txn.TxnHandler: Expected to move at least one record from txn_components to completed_txn_components when committing txn! txnid:13
2024-04-24T01:29:17,857  INFO [main] txn.TxnHandler: Removed transactions: ([13]) from MIN_HISTORY_LEVEL
2024-04-24T01:29:17,857  WARN [main] txn.CompactionTxnHandler: No compaction queue record found for Compaction type transaction commit. txnId:13
2024-04-24T01:29:17,858  INFO [main] ql.TxnCommandsBaseForTests: Running the query: drop table if exists manoutnone
2024-04-24T01:29:17,858  INFO [main] ql.Driver: Compiling command(queryId=alex_20240424012917_6d4b83d6-6d03-4d5d-a1ac-86ca22d515b8): drop table if exists manoutnone
2024-04-24T01:29:17,861  INFO [main] txn.TxnHandler: Added entries to MIN_HISTORY_LEVEL for current txns: ([14]) with min_open_txn: 1
2024-04-24T01:29:17,862  INFO [main] lockmgr.DbTxnManager: Opened txnid:14
2024-04-24T01:29:17,863  INFO [main] HiveMetaStore.audit: ugi=alex	ip=unknown-ip-addr	cmd=get_table : tbl=hive.default.manoutnone	
2024-04-24T01:29:17,867  INFO [main] ql.Driver: Semantic Analysis Completed (retrial = false)
2024-04-24T01:29:17,867  INFO [main] ql.Driver: Created Hive schema: Schema(fieldSchemas:null, properties:null)
2024-04-24T01:29:17,867  INFO [main] metadata.Hive: Dumping metastore api call timing information for : compilation phase
2024-04-24T01:29:17,867  INFO [main] metadata.Hive: Total time spent in each metastore function (ms): {commitTxn_(CommitTxnRequest)=14, flushCache_()=0, getValidTxns_(long)=0, openTxn_(String, TxnType)=3, isCompatibleWith_(Configuration)=0}
2024-04-24T01:29:17,867  INFO [main] ql.Driver: Completed compiling command(queryId=alex_20240424012917_6d4b83d6-6d03-4d5d-a1ac-86ca22d515b8); Time taken: 0.009 seconds
2024-04-24T01:29:17,867  INFO [main] lockmgr.DbTxnManager: Setting lock request transaction to txnid:14 for queryId=alex_20240424012917_6d4b83d6-6d03-4d5d-a1ac-86ca22d515b8
2024-04-24T01:29:17,867  INFO [main] ql.Driver: Operation DROPTABLE obtained 0 locks
2024-04-24T01:29:17,867  INFO [main] ql.Driver: Executing command(queryId=alex_20240424012917_6d4b83d6-6d03-4d5d-a1ac-86ca22d515b8): drop table if exists manoutnone
2024-04-24T01:29:17,868  INFO [main] ql.Driver: Starting task [Stage-0:DDL] in serial mode
2024-04-24T01:29:17,868  INFO [main] HiveMetaStore.audit: ugi=alex	ip=unknown-ip-addr	cmd=get_table : tbl=hive.default.manoutnone	
2024-04-24T01:29:17,872  INFO [main] metadata.Hive: Dumping metastore api call timing information for : execution phase
2024-04-24T01:29:17,872  INFO [main] metadata.Hive: Total time spent in each metastore function (ms): {isCompatibleWith_(Configuration)=0}
2024-04-24T01:29:17,873  INFO [main] ql.Driver: Completed executing command(queryId=alex_20240424012917_6d4b83d6-6d03-4d5d-a1ac-86ca22d515b8); Time taken: 0.005 seconds
2024-04-24T01:29:17,873  INFO [main] lockmgr.DbTxnManager: Stopped heartbeat for query: alex_20240424012917_6d4b83d6-6d03-4d5d-a1ac-86ca22d515b8
2024-04-24T01:29:17,879  INFO [main] txn.TxnHandler: Expected to move at least one record from txn_components to completed_txn_components when committing txn! txnid:14
2024-04-24T01:29:17,887  INFO [main] txn.TxnHandler: Removed transactions: ([14]) from MIN_HISTORY_LEVEL
2024-04-24T01:29:17,887  WARN [main] txn.CompactionTxnHandler: No compaction queue record found for Compaction type transaction commit. txnId:14
2024-04-24T01:29:17,887  INFO [main] ql.TxnCommandsBaseForTests: Running the query: drop table if exists manwhwh
2024-04-24T01:29:17,888  INFO [main] ql.Driver: Compiling command(queryId=alex_20240424012917_e9b0f75f-a726-4b92-be47-ed244bdc5997): drop table if exists manwhwh
2024-04-24T01:29:17,891  INFO [main] txn.TxnHandler: Added entries to MIN_HISTORY_LEVEL for current txns: ([15]) with min_open_txn: 1
2024-04-24T01:29:17,891  INFO [main] lockmgr.DbTxnManager: Opened txnid:15
2024-04-24T01:29:17,892  INFO [main] HiveMetaStore.audit: ugi=alex	ip=unknown-ip-addr	cmd=get_table : tbl=hive.default.manwhwh	
2024-04-24T01:29:17,897  INFO [main] ql.Driver: Semantic Analysis Completed (retrial = false)
2024-04-24T01:29:17,897  INFO [main] ql.Driver: Created Hive schema: Schema(fieldSchemas:null, properties:null)
2024-04-24T01:29:17,897  INFO [main] metadata.Hive: Dumping metastore api call timing information for : compilation phase
2024-04-24T01:29:17,898  INFO [main] metadata.Hive: Total time spent in each metastore function (ms): {isCompatibleWith_(Configuration)=0, getValidTxns_(long)=1, commitTxn_(CommitTxnRequest)=14, openTxn_(String, TxnType)=3, flushCache_()=0}
2024-04-24T01:29:17,898  INFO [main] ql.Driver: Completed compiling command(queryId=alex_20240424012917_e9b0f75f-a726-4b92-be47-ed244bdc5997); Time taken: 0.009 seconds
2024-04-24T01:29:17,898  INFO [main] lockmgr.DbTxnManager: Setting lock request transaction to txnid:15 for queryId=alex_20240424012917_e9b0f75f-a726-4b92-be47-ed244bdc5997
2024-04-24T01:29:17,898  INFO [main] ql.Driver: Operation DROPTABLE obtained 0 locks
2024-04-24T01:29:17,898  INFO [main] ql.Driver: Executing command(queryId=alex_20240424012917_e9b0f75f-a726-4b92-be47-ed244bdc5997): drop table if exists manwhwh
2024-04-24T01:29:17,898  INFO [main] ql.Driver: Starting task [Stage-0:DDL] in serial mode
2024-04-24T01:29:17,899  INFO [main] HiveMetaStore.audit: ugi=alex	ip=unknown-ip-addr	cmd=get_table : tbl=hive.default.manwhwh	
2024-04-24T01:29:17,903  INFO [main] metadata.Hive: Dumping metastore api call timing information for : execution phase
2024-04-24T01:29:17,903  INFO [main] metadata.Hive: Total time spent in each metastore function (ms): {isCompatibleWith_(Configuration)=0}
2024-04-24T01:29:17,903  INFO [main] ql.Driver: Completed executing command(queryId=alex_20240424012917_e9b0f75f-a726-4b92-be47-ed244bdc5997); Time taken: 0.005 seconds
2024-04-24T01:29:17,903  INFO [main] lockmgr.DbTxnManager: Stopped heartbeat for query: alex_20240424012917_e9b0f75f-a726-4b92-be47-ed244bdc5997
2024-04-24T01:29:17,910  INFO [main] txn.TxnHandler: Expected to move at least one record from txn_components to completed_txn_components when committing txn! txnid:15
2024-04-24T01:29:17,917  INFO [main] txn.TxnHandler: Removed transactions: ([15]) from MIN_HISTORY_LEVEL
2024-04-24T01:29:17,917  WARN [main] txn.CompactionTxnHandler: No compaction queue record found for Compaction type transaction commit. txnId:15
2024-04-24T01:29:17,918  INFO [main] ql.TxnCommandsBaseForTests: Running the query: drop table if exists manwhout
2024-04-24T01:29:17,918  INFO [main] ql.Driver: Compiling command(queryId=alex_20240424012917_57703d78-2c7f-44c7-b09a-6e5546d0f749): drop table if exists manwhout
2024-04-24T01:29:17,922  INFO [main] txn.TxnHandler: Added entries to MIN_HISTORY_LEVEL for current txns: ([16]) with min_open_txn: 1
2024-04-24T01:29:17,923  INFO [main] lockmgr.DbTxnManager: Opened txnid:16
2024-04-24T01:29:17,924  INFO [main] HiveMetaStore.audit: ugi=alex	ip=unknown-ip-addr	cmd=get_table : tbl=hive.default.manwhout	
2024-04-24T01:29:17,928  INFO [main] ql.Driver: Semantic Analysis Completed (retrial = false)
2024-04-24T01:29:17,928  INFO [main] ql.Driver: Created Hive schema: Schema(fieldSchemas:null, properties:null)
2024-04-24T01:29:17,928  INFO [main] metadata.Hive: Dumping metastore api call timing information for : compilation phase
2024-04-24T01:29:17,928  INFO [main] metadata.Hive: Total time spent in each metastore function (ms): {openTxn_(String, TxnType)=4, getValidTxns_(long)=1, commitTxn_(CommitTxnRequest)=14, flushCache_()=0, isCompatibleWith_(Configuration)=0}
2024-04-24T01:29:17,928  INFO [main] ql.Driver: Completed compiling command(queryId=alex_20240424012917_57703d78-2c7f-44c7-b09a-6e5546d0f749); Time taken: 0.01 seconds
2024-04-24T01:29:17,928  INFO [main] lockmgr.DbTxnManager: Setting lock request transaction to txnid:16 for queryId=alex_20240424012917_57703d78-2c7f-44c7-b09a-6e5546d0f749
2024-04-24T01:29:17,928  INFO [main] ql.Driver: Operation DROPTABLE obtained 0 locks
2024-04-24T01:29:17,929  INFO [main] ql.Driver: Executing command(queryId=alex_20240424012917_57703d78-2c7f-44c7-b09a-6e5546d0f749): drop table if exists manwhout
2024-04-24T01:29:17,929  INFO [main] ql.Driver: Starting task [Stage-0:DDL] in serial mode
2024-04-24T01:29:17,929  INFO [main] HiveMetaStore.audit: ugi=alex	ip=unknown-ip-addr	cmd=get_table : tbl=hive.default.manwhout	
2024-04-24T01:29:17,934  INFO [main] metadata.Hive: Dumping metastore api call timing information for : execution phase
2024-04-24T01:29:17,934  INFO [main] metadata.Hive: Total time spent in each metastore function (ms): {isCompatibleWith_(Configuration)=0}
2024-04-24T01:29:17,934  INFO [main] ql.Driver: Completed executing command(queryId=alex_20240424012917_57703d78-2c7f-44c7-b09a-6e5546d0f749); Time taken: 0.005 seconds
2024-04-24T01:29:17,934  INFO [main] lockmgr.DbTxnManager: Stopped heartbeat for query: alex_20240424012917_57703d78-2c7f-44c7-b09a-6e5546d0f749
2024-04-24T01:29:17,941  INFO [main] txn.TxnHandler: Expected to move at least one record from txn_components to completed_txn_components when committing txn! txnid:16
2024-04-24T01:29:17,950  INFO [main] txn.TxnHandler: Removed transactions: ([16]) from MIN_HISTORY_LEVEL
2024-04-24T01:29:17,951  WARN [main] txn.CompactionTxnHandler: No compaction queue record found for Compaction type transaction commit. txnId:16
2024-04-24T01:29:17,951  INFO [main] ql.TxnCommandsBaseForTests: Running the query: drop table if exists manwhmixed
2024-04-24T01:29:17,952  INFO [main] ql.Driver: Compiling command(queryId=alex_20240424012917_48617cb9-d374-4f5c-8b3f-b23b2ba307e0): drop table if exists manwhmixed
2024-04-24T01:29:17,955  INFO [main] txn.TxnHandler: Added entries to MIN_HISTORY_LEVEL for current txns: ([17]) with min_open_txn: 1
2024-04-24T01:29:17,956  INFO [main] lockmgr.DbTxnManager: Opened txnid:17
2024-04-24T01:29:17,957  INFO [main] HiveMetaStore.audit: ugi=alex	ip=unknown-ip-addr	cmd=get_table : tbl=hive.default.manwhmixed	
2024-04-24T01:29:17,962  INFO [main] ql.Driver: Semantic Analysis Completed (retrial = false)
2024-04-24T01:29:17,962  INFO [main] ql.Driver: Created Hive schema: Schema(fieldSchemas:null, properties:null)
2024-04-24T01:29:17,962  INFO [main] metadata.Hive: Dumping metastore api call timing information for : compilation phase
2024-04-24T01:29:17,963  INFO [main] metadata.Hive: Total time spent in each metastore function (ms): {openTxn_(String, TxnType)=3, getValidTxns_(long)=1, isCompatibleWith_(Configuration)=1, commitTxn_(CommitTxnRequest)=17, flushCache_()=0}
2024-04-24T01:29:17,963  INFO [main] ql.Driver: Completed compiling command(queryId=alex_20240424012917_48617cb9-d374-4f5c-8b3f-b23b2ba307e0); Time taken: 0.01 seconds
2024-04-24T01:29:17,963  INFO [main] lockmgr.DbTxnManager: Setting lock request transaction to txnid:17 for queryId=alex_20240424012917_48617cb9-d374-4f5c-8b3f-b23b2ba307e0
2024-04-24T01:29:17,963  INFO [main] ql.Driver: Operation DROPTABLE obtained 0 locks
2024-04-24T01:29:17,963  INFO [main] ql.Driver: Executing command(queryId=alex_20240424012917_48617cb9-d374-4f5c-8b3f-b23b2ba307e0): drop table if exists manwhmixed
2024-04-24T01:29:17,964  INFO [main] ql.Driver: Starting task [Stage-0:DDL] in serial mode
2024-04-24T01:29:17,964  INFO [main] HiveMetaStore.audit: ugi=alex	ip=unknown-ip-addr	cmd=get_table : tbl=hive.default.manwhmixed	
2024-04-24T01:29:17,969  INFO [main] metadata.Hive: Dumping metastore api call timing information for : execution phase
2024-04-24T01:29:17,969  INFO [main] metadata.Hive: Total time spent in each metastore function (ms): {isCompatibleWith_(Configuration)=0}
2024-04-24T01:29:17,969  INFO [main] ql.Driver: Completed executing command(queryId=alex_20240424012917_48617cb9-d374-4f5c-8b3f-b23b2ba307e0); Time taken: 0.006 seconds
2024-04-24T01:29:17,969  INFO [main] lockmgr.DbTxnManager: Stopped heartbeat for query: alex_20240424012917_48617cb9-d374-4f5c-8b3f-b23b2ba307e0
2024-04-24T01:29:17,976  INFO [main] txn.TxnHandler: Expected to move at least one record from txn_components to completed_txn_components when committing txn! txnid:17
2024-04-24T01:29:17,984  INFO [main] txn.TxnHandler: Removed transactions: ([17]) from MIN_HISTORY_LEVEL
2024-04-24T01:29:17,984  WARN [main] txn.CompactionTxnHandler: No compaction queue record found for Compaction type transaction commit. txnId:17
2024-04-24T01:29:17,985  INFO [main] ql.TxnCommandsBaseForTests: Running the query: drop table if exists manoutout
2024-04-24T01:29:17,985  INFO [main] ql.Driver: Compiling command(queryId=alex_20240424012917_913df72d-c6c5-47f1-a206-4c2eda2864e1): drop table if exists manoutout
2024-04-24T01:29:17,989  INFO [main] txn.TxnHandler: Added entries to MIN_HISTORY_LEVEL for current txns: ([18]) with min_open_txn: 1
2024-04-24T01:29:17,989  INFO [main] lockmgr.DbTxnManager: Opened txnid:18
2024-04-24T01:29:17,990  INFO [main] HiveMetaStore.audit: ugi=alex	ip=unknown-ip-addr	cmd=get_table : tbl=hive.default.manoutout	
2024-04-24T01:29:17,994  INFO [main] ql.Driver: Semantic Analysis Completed (retrial = false)
2024-04-24T01:29:17,994  INFO [main] ql.Driver: Created Hive schema: Schema(fieldSchemas:null, properties:null)
2024-04-24T01:29:17,994  INFO [main] metadata.Hive: Dumping metastore api call timing information for : compilation phase
2024-04-24T01:29:17,995  INFO [main] metadata.Hive: Total time spent in each metastore function (ms): {flushCache_()=0, openTxn_(String, TxnType)=3, isCompatibleWith_(Configuration)=1, getValidTxns_(long)=0, commitTxn_(CommitTxnRequest)=15}
2024-04-24T01:29:17,995  INFO [main] ql.Driver: Completed compiling command(queryId=alex_20240424012917_913df72d-c6c5-47f1-a206-4c2eda2864e1); Time taken: 0.009 seconds
2024-04-24T01:29:17,995  INFO [main] lockmgr.DbTxnManager: Setting lock request transaction to txnid:18 for queryId=alex_20240424012917_913df72d-c6c5-47f1-a206-4c2eda2864e1
2024-04-24T01:29:17,995  INFO [main] ql.Driver: Operation DROPTABLE obtained 0 locks
2024-04-24T01:29:17,995  INFO [main] ql.Driver: Executing command(queryId=alex_20240424012917_913df72d-c6c5-47f1-a206-4c2eda2864e1): drop table if exists manoutout
2024-04-24T01:29:17,995  INFO [main] ql.Driver: Starting task [Stage-0:DDL] in serial mode
2024-04-24T01:29:17,996  INFO [main] HiveMetaStore.audit: ugi=alex	ip=unknown-ip-addr	cmd=get_table : tbl=hive.default.manoutout	
2024-04-24T01:29:18,002  INFO [main] metadata.Hive: Dumping metastore api call timing information for : execution phase
2024-04-24T01:29:18,002  INFO [main] metadata.Hive: Total time spent in each metastore function (ms): {isCompatibleWith_(Configuration)=0}
2024-04-24T01:29:18,002  INFO [main] ql.Driver: Completed executing command(queryId=alex_20240424012917_913df72d-c6c5-47f1-a206-4c2eda2864e1); Time taken: 0.007 seconds
2024-04-24T01:29:18,002  INFO [main] lockmgr.DbTxnManager: Stopped heartbeat for query: alex_20240424012917_913df72d-c6c5-47f1-a206-4c2eda2864e1
2024-04-24T01:29:18,009  INFO [main] txn.TxnHandler: Expected to move at least one record from txn_components to completed_txn_components when committing txn! txnid:18
2024-04-24T01:29:18,019  INFO [main] txn.TxnHandler: Removed transactions: ([18]) from MIN_HISTORY_LEVEL
2024-04-24T01:29:18,019  WARN [main] txn.CompactionTxnHandler: No compaction queue record found for Compaction type transaction commit. txnId:18
2024-04-24T01:29:18,020  INFO [main] ql.TxnCommandsBaseForTests: Running the query: drop table if exists extwhnone
2024-04-24T01:29:18,020  INFO [main] ql.Driver: Compiling command(queryId=alex_20240424012918_2f4c76e1-252c-4bed-8a55-b08857c57647): drop table if exists extwhnone
2024-04-24T01:29:18,024  INFO [main] txn.TxnHandler: Added entries to MIN_HISTORY_LEVEL for current txns: ([19]) with min_open_txn: 1
2024-04-24T01:29:18,024  INFO [main] lockmgr.DbTxnManager: Opened txnid:19
2024-04-24T01:29:18,025  INFO [main] HiveMetaStore.audit: ugi=alex	ip=unknown-ip-addr	cmd=get_table : tbl=hive.default.extwhnone	
2024-04-24T01:29:18,029  INFO [main] ql.Driver: Semantic Analysis Completed (retrial = false)
2024-04-24T01:29:18,029  INFO [main] ql.Driver: Created Hive schema: Schema(fieldSchemas:null, properties:null)
2024-04-24T01:29:18,029  INFO [main] metadata.Hive: Dumping metastore api call timing information for : compilation phase
2024-04-24T01:29:18,029  INFO [main] metadata.Hive: Total time spent in each metastore function (ms): {getValidTxns_(long)=1, commitTxn_(CommitTxnRequest)=18, openTxn_(String, TxnType)=3, isCompatibleWith_(Configuration)=0, flushCache_()=0}
2024-04-24T01:29:18,030  INFO [main] ql.Driver: Completed compiling command(queryId=alex_20240424012918_2f4c76e1-252c-4bed-8a55-b08857c57647); Time taken: 0.009 seconds
2024-04-24T01:29:18,030  INFO [main] lockmgr.DbTxnManager: Setting lock request transaction to txnid:19 for queryId=alex_20240424012918_2f4c76e1-252c-4bed-8a55-b08857c57647
2024-04-24T01:29:18,030  INFO [main] ql.Driver: Operation DROPTABLE obtained 0 locks
2024-04-24T01:29:18,030  INFO [main] ql.Driver: Executing command(queryId=alex_20240424012918_2f4c76e1-252c-4bed-8a55-b08857c57647): drop table if exists extwhnone
2024-04-24T01:29:18,031  INFO [main] ql.Driver: Starting task [Stage-0:DDL] in serial mode
2024-04-24T01:29:18,031  INFO [main] HiveMetaStore.audit: ugi=alex	ip=unknown-ip-addr	cmd=get_table : tbl=hive.default.extwhnone	
2024-04-24T01:29:18,037  INFO [main] metadata.Hive: Dumping metastore api call timing information for : execution phase
2024-04-24T01:29:18,037  INFO [main] metadata.Hive: Total time spent in each metastore function (ms): {isCompatibleWith_(Configuration)=0}
2024-04-24T01:29:18,038  INFO [main] ql.Driver: Completed executing command(queryId=alex_20240424012918_2f4c76e1-252c-4bed-8a55-b08857c57647); Time taken: 0.007 seconds
2024-04-24T01:29:18,038  INFO [main] lockmgr.DbTxnManager: Stopped heartbeat for query: alex_20240424012918_2f4c76e1-252c-4bed-8a55-b08857c57647
2024-04-24T01:29:18,045  INFO [main] txn.TxnHandler: Expected to move at least one record from txn_components to completed_txn_components when committing txn! txnid:19
2024-04-24T01:29:18,052  INFO [main] txn.TxnHandler: Removed transactions: ([19]) from MIN_HISTORY_LEVEL
2024-04-24T01:29:18,052  WARN [main] txn.CompactionTxnHandler: No compaction queue record found for Compaction type transaction commit. txnId:19
2024-04-24T01:29:18,053  INFO [main] ql.TxnCommandsBaseForTests: Running the query: drop table if exists extoutnone
2024-04-24T01:29:18,053  INFO [main] ql.Driver: Compiling command(queryId=alex_20240424012918_b11926c0-5932-4af7-b1ab-2b1aab43d957): drop table if exists extoutnone
2024-04-24T01:29:18,056  INFO [main] txn.TxnHandler: Added entries to MIN_HISTORY_LEVEL for current txns: ([20]) with min_open_txn: 1
2024-04-24T01:29:18,057  INFO [main] lockmgr.DbTxnManager: Opened txnid:20
2024-04-24T01:29:18,058  INFO [main] HiveMetaStore.audit: ugi=alex	ip=unknown-ip-addr	cmd=get_table : tbl=hive.default.extoutnone	
2024-04-24T01:29:18,063  INFO [main] ql.Driver: Semantic Analysis Completed (retrial = false)
2024-04-24T01:29:18,063  INFO [main] ql.Driver: Created Hive schema: Schema(fieldSchemas:null, properties:null)
2024-04-24T01:29:18,063  INFO [main] metadata.Hive: Dumping metastore api call timing information for : compilation phase
2024-04-24T01:29:18,064  INFO [main] metadata.Hive: Total time spent in each metastore function (ms): {openTxn_(String, TxnType)=3, flushCache_()=0, isCompatibleWith_(Configuration)=0, commitTxn_(CommitTxnRequest)=15, getValidTxns_(long)=1}
2024-04-24T01:29:18,064  INFO [main] ql.Driver: Completed compiling command(queryId=alex_20240424012918_b11926c0-5932-4af7-b1ab-2b1aab43d957); Time taken: 0.01 seconds
2024-04-24T01:29:18,064  INFO [main] lockmgr.DbTxnManager: Setting lock request transaction to txnid:20 for queryId=alex_20240424012918_b11926c0-5932-4af7-b1ab-2b1aab43d957
2024-04-24T01:29:18,064  INFO [main] ql.Driver: Operation DROPTABLE obtained 0 locks
2024-04-24T01:29:18,064  INFO [main] ql.Driver: Executing command(queryId=alex_20240424012918_b11926c0-5932-4af7-b1ab-2b1aab43d957): drop table if exists extoutnone
2024-04-24T01:29:18,064  INFO [main] ql.Driver: Starting task [Stage-0:DDL] in serial mode
2024-04-24T01:29:18,065  INFO [main] HiveMetaStore.audit: ugi=alex	ip=unknown-ip-addr	cmd=get_table : tbl=hive.default.extoutnone	
2024-04-24T01:29:18,069  INFO [main] metadata.Hive: Dumping metastore api call timing information for : execution phase
2024-04-24T01:29:18,069  INFO [main] metadata.Hive: Total time spent in each metastore function (ms): {isCompatibleWith_(Configuration)=0}
2024-04-24T01:29:18,070  INFO [main] ql.Driver: Completed executing command(queryId=alex_20240424012918_b11926c0-5932-4af7-b1ab-2b1aab43d957); Time taken: 0.005 seconds
2024-04-24T01:29:18,070  INFO [main] lockmgr.DbTxnManager: Stopped heartbeat for query: alex_20240424012918_b11926c0-5932-4af7-b1ab-2b1aab43d957
2024-04-24T01:29:18,077  INFO [main] txn.TxnHandler: Expected to move at least one record from txn_components to completed_txn_components when committing txn! txnid:20
2024-04-24T01:29:18,085  INFO [main] txn.TxnHandler: Removed transactions: ([20]) from MIN_HISTORY_LEVEL
2024-04-24T01:29:18,085  WARN [main] txn.CompactionTxnHandler: No compaction queue record found for Compaction type transaction commit. txnId:20
2024-04-24T01:29:18,086  INFO [main] ql.TxnCommandsBaseForTests: Running the query: drop table if exists extwhwh
2024-04-24T01:29:18,086  INFO [main] ql.Driver: Compiling command(queryId=alex_20240424012918_65aff960-eadb-499e-b14a-b790ee906ab4): drop table if exists extwhwh
2024-04-24T01:29:18,090  INFO [main] txn.TxnHandler: Added entries to MIN_HISTORY_LEVEL for current txns: ([21]) with min_open_txn: 2
2024-04-24T01:29:18,090  INFO [main] lockmgr.DbTxnManager: Opened txnid:21
2024-04-24T01:29:18,092  INFO [main] HiveMetaStore.audit: ugi=alex	ip=unknown-ip-addr	cmd=get_table : tbl=hive.default.extwhwh	
2024-04-24T01:29:18,097  INFO [main] ql.Driver: Semantic Analysis Completed (retrial = false)
2024-04-24T01:29:18,097  INFO [main] ql.Driver: Created Hive schema: Schema(fieldSchemas:null, properties:null)
2024-04-24T01:29:18,097  INFO [main] metadata.Hive: Dumping metastore api call timing information for : compilation phase
2024-04-24T01:29:18,097  INFO [main] metadata.Hive: Total time spent in each metastore function (ms): {openTxn_(String, TxnType)=3, commitTxn_(CommitTxnRequest)=16, flushCache_()=0, getValidTxns_(long)=0, isCompatibleWith_(Configuration)=1}
2024-04-24T01:29:18,098  INFO [main] ql.Driver: Completed compiling command(queryId=alex_20240424012918_65aff960-eadb-499e-b14a-b790ee906ab4); Time taken: 0.011 seconds
2024-04-24T01:29:18,098  INFO [main] lockmgr.DbTxnManager: Setting lock request transaction to txnid:21 for queryId=alex_20240424012918_65aff960-eadb-499e-b14a-b790ee906ab4
2024-04-24T01:29:18,098  INFO [main] ql.Driver: Operation DROPTABLE obtained 0 locks
2024-04-24T01:29:18,098  INFO [main] ql.Driver: Executing command(queryId=alex_20240424012918_65aff960-eadb-499e-b14a-b790ee906ab4): drop table if exists extwhwh
2024-04-24T01:29:18,099  INFO [main] ql.Driver: Starting task [Stage-0:DDL] in serial mode
2024-04-24T01:29:18,099  INFO [main] HiveMetaStore.audit: ugi=alex	ip=unknown-ip-addr	cmd=get_table : tbl=hive.default.extwhwh	
2024-04-24T01:29:18,106  INFO [main] metadata.Hive: Dumping metastore api call timing information for : execution phase
2024-04-24T01:29:18,106  INFO [main] metadata.Hive: Total time spent in each metastore function (ms): {isCompatibleWith_(Configuration)=0}
2024-04-24T01:29:18,106  INFO [main] ql.Driver: Completed executing command(queryId=alex_20240424012918_65aff960-eadb-499e-b14a-b790ee906ab4); Time taken: 0.008 seconds
2024-04-24T01:29:18,106  INFO [main] lockmgr.DbTxnManager: Stopped heartbeat for query: alex_20240424012918_65aff960-eadb-499e-b14a-b790ee906ab4
2024-04-24T01:29:18,114  INFO [main] txn.TxnHandler: Expected to move at least one record from txn_components to completed_txn_components when committing txn! txnid:21
2024-04-24T01:29:18,126  INFO [main] txn.TxnHandler: Removed transactions: ([21]) from MIN_HISTORY_LEVEL
2024-04-24T01:29:18,126  WARN [main] txn.CompactionTxnHandler: No compaction queue record found for Compaction type transaction commit. txnId:21
2024-04-24T01:29:18,127  INFO [main] ql.TxnCommandsBaseForTests: Running the query: drop table if exists extwhout
2024-04-24T01:29:18,127  INFO [main] ql.Driver: Compiling command(queryId=alex_20240424012918_b81cd2fe-f772-4305-92e7-7dc88b0a77fd): drop table if exists extwhout
2024-04-24T01:29:18,130  INFO [main] txn.TxnHandler: Added entries to MIN_HISTORY_LEVEL for current txns: ([22]) with min_open_txn: 3
2024-04-24T01:29:18,131  INFO [main] lockmgr.DbTxnManager: Opened txnid:22
2024-04-24T01:29:18,131  INFO [main] HiveMetaStore.audit: ugi=alex	ip=unknown-ip-addr	cmd=get_table : tbl=hive.default.extwhout	
2024-04-24T01:29:18,135  INFO [main] ql.Driver: Semantic Analysis Completed (retrial = false)
2024-04-24T01:29:18,135  INFO [main] ql.Driver: Created Hive schema: Schema(fieldSchemas:null, properties:null)
2024-04-24T01:29:18,135  INFO [main] metadata.Hive: Dumping metastore api call timing information for : compilation phase
2024-04-24T01:29:18,136  INFO [main] metadata.Hive: Total time spent in each metastore function (ms): {isCompatibleWith_(Configuration)=1, flushCache_()=0, openTxn_(String, TxnType)=3, getValidTxns_(long)=0, commitTxn_(CommitTxnRequest)=20}
2024-04-24T01:29:18,136  INFO [main] ql.Driver: Completed compiling command(queryId=alex_20240424012918_b81cd2fe-f772-4305-92e7-7dc88b0a77fd); Time taken: 0.008 seconds
2024-04-24T01:29:18,136  INFO [main] lockmgr.DbTxnManager: Setting lock request transaction to txnid:22 for queryId=alex_20240424012918_b81cd2fe-f772-4305-92e7-7dc88b0a77fd
2024-04-24T01:29:18,136  INFO [main] ql.Driver: Operation DROPTABLE obtained 0 locks
2024-04-24T01:29:18,136  INFO [main] ql.Driver: Executing command(queryId=alex_20240424012918_b81cd2fe-f772-4305-92e7-7dc88b0a77fd): drop table if exists extwhout
2024-04-24T01:29:18,136  INFO [main] ql.Driver: Starting task [Stage-0:DDL] in serial mode
2024-04-24T01:29:18,137  INFO [main] HiveMetaStore.audit: ugi=alex	ip=unknown-ip-addr	cmd=get_table : tbl=hive.default.extwhout	
2024-04-24T01:29:18,140  INFO [main] metadata.Hive: Dumping metastore api call timing information for : execution phase
2024-04-24T01:29:18,140  INFO [main] metadata.Hive: Total time spent in each metastore function (ms): {isCompatibleWith_(Configuration)=0}
2024-04-24T01:29:18,141  INFO [main] ql.Driver: Completed executing command(queryId=alex_20240424012918_b81cd2fe-f772-4305-92e7-7dc88b0a77fd); Time taken: 0.004 seconds
2024-04-24T01:29:18,141  INFO [main] lockmgr.DbTxnManager: Stopped heartbeat for query: alex_20240424012918_b81cd2fe-f772-4305-92e7-7dc88b0a77fd
2024-04-24T01:29:18,147  INFO [main] txn.TxnHandler: Expected to move at least one record from txn_components to completed_txn_components when committing txn! txnid:22
2024-04-24T01:29:18,155  INFO [main] txn.TxnHandler: Removed transactions: ([22]) from MIN_HISTORY_LEVEL
2024-04-24T01:29:18,155  WARN [main] txn.CompactionTxnHandler: No compaction queue record found for Compaction type transaction commit. txnId:22
2024-04-24T01:29:18,156  INFO [main] ql.TxnCommandsBaseForTests: Running the query: drop table if exists extwhmixed
2024-04-24T01:29:18,156  INFO [main] ql.Driver: Compiling command(queryId=alex_20240424012918_8af7e347-5eb1-41de-b7e4-eb07c105da16): drop table if exists extwhmixed
2024-04-24T01:29:18,159  INFO [main] txn.TxnHandler: Added entries to MIN_HISTORY_LEVEL for current txns: ([23]) with min_open_txn: 4
2024-04-24T01:29:18,159  INFO [main] lockmgr.DbTxnManager: Opened txnid:23
2024-04-24T01:29:18,161  INFO [main] HiveMetaStore.audit: ugi=alex	ip=unknown-ip-addr	cmd=get_table : tbl=hive.default.extwhmixed	
2024-04-24T01:29:18,164  INFO [main] ql.Driver: Semantic Analysis Completed (retrial = false)
2024-04-24T01:29:18,165  INFO [main] ql.Driver: Created Hive schema: Schema(fieldSchemas:null, properties:null)
2024-04-24T01:29:18,165  INFO [main] metadata.Hive: Dumping metastore api call timing information for : compilation phase
2024-04-24T01:29:18,165  INFO [main] metadata.Hive: Total time spent in each metastore function (ms): {flushCache_()=0, getValidTxns_(long)=0, commitTxn_(CommitTxnRequest)=14, isCompatibleWith_(Configuration)=1, openTxn_(String, TxnType)=2}
2024-04-24T01:29:18,165  INFO [main] ql.Driver: Completed compiling command(queryId=alex_20240424012918_8af7e347-5eb1-41de-b7e4-eb07c105da16); Time taken: 0.009 seconds
2024-04-24T01:29:18,165  INFO [main] lockmgr.DbTxnManager: Setting lock request transaction to txnid:23 for queryId=alex_20240424012918_8af7e347-5eb1-41de-b7e4-eb07c105da16
2024-04-24T01:29:18,165  INFO [main] ql.Driver: Operation DROPTABLE obtained 0 locks
2024-04-24T01:29:18,165  INFO [main] ql.Driver: Executing command(queryId=alex_20240424012918_8af7e347-5eb1-41de-b7e4-eb07c105da16): drop table if exists extwhmixed
2024-04-24T01:29:18,165  INFO [main] ql.Driver: Starting task [Stage-0:DDL] in serial mode
2024-04-24T01:29:18,166  INFO [main] HiveMetaStore.audit: ugi=alex	ip=unknown-ip-addr	cmd=get_table : tbl=hive.default.extwhmixed	
2024-04-24T01:29:18,170  INFO [main] metadata.Hive: Dumping metastore api call timing information for : execution phase
2024-04-24T01:29:18,170  INFO [main] metadata.Hive: Total time spent in each metastore function (ms): {isCompatibleWith_(Configuration)=1}
2024-04-24T01:29:18,170  INFO [main] ql.Driver: Completed executing command(queryId=alex_20240424012918_8af7e347-5eb1-41de-b7e4-eb07c105da16); Time taken: 0.005 seconds
2024-04-24T01:29:18,170  INFO [main] lockmgr.DbTxnManager: Stopped heartbeat for query: alex_20240424012918_8af7e347-5eb1-41de-b7e4-eb07c105da16
2024-04-24T01:29:18,178  INFO [main] txn.TxnHandler: Expected to move at least one record from txn_components to completed_txn_components when committing txn! txnid:23
2024-04-24T01:29:18,186  INFO [main] txn.TxnHandler: Removed transactions: ([23]) from MIN_HISTORY_LEVEL
2024-04-24T01:29:18,186  WARN [main] txn.CompactionTxnHandler: No compaction queue record found for Compaction type transaction commit. txnId:23
2024-04-24T01:29:18,187  INFO [main] ql.TxnCommandsBaseForTests: Running the query: drop table if exists extoutout
2024-04-24T01:29:18,188  INFO [main] ql.Driver: Compiling command(queryId=alex_20240424012918_c0bed848-8d67-4e24-9674-3b61b3670192): drop table if exists extoutout
2024-04-24T01:29:18,191  INFO [main] txn.TxnHandler: Added entries to MIN_HISTORY_LEVEL for current txns: ([24]) with min_open_txn: 5
2024-04-24T01:29:18,191  INFO [main] lockmgr.DbTxnManager: Opened txnid:24
2024-04-24T01:29:18,192  INFO [main] HiveMetaStore.audit: ugi=alex	ip=unknown-ip-addr	cmd=get_table : tbl=hive.default.extoutout	
2024-04-24T01:29:18,197  INFO [main] ql.Driver: Semantic Analysis Completed (retrial = false)
2024-04-24T01:29:18,197  INFO [main] ql.Driver: Created Hive schema: Schema(fieldSchemas:null, properties:null)
2024-04-24T01:29:18,197  INFO [main] metadata.Hive: Dumping metastore api call timing information for : compilation phase
2024-04-24T01:29:18,197  INFO [main] metadata.Hive: Total time spent in each metastore function (ms): {commitTxn_(CommitTxnRequest)=16, getValidTxns_(long)=1, isCompatibleWith_(Configuration)=0, flushCache_()=0, openTxn_(String, TxnType)=3}
2024-04-24T01:29:18,197  INFO [main] ql.Driver: Completed compiling command(queryId=alex_20240424012918_c0bed848-8d67-4e24-9674-3b61b3670192); Time taken: 0.009 seconds
2024-04-24T01:29:18,197  INFO [main] lockmgr.DbTxnManager: Setting lock request transaction to txnid:24 for queryId=alex_20240424012918_c0bed848-8d67-4e24-9674-3b61b3670192
2024-04-24T01:29:18,197  INFO [main] ql.Driver: Operation DROPTABLE obtained 0 locks
2024-04-24T01:29:18,198  INFO [main] ql.Driver: Executing command(queryId=alex_20240424012918_c0bed848-8d67-4e24-9674-3b61b3670192): drop table if exists extoutout
2024-04-24T01:29:18,198  INFO [main] ql.Driver: Starting task [Stage-0:DDL] in serial mode
2024-04-24T01:29:18,198  INFO [main] HiveMetaStore.audit: ugi=alex	ip=unknown-ip-addr	cmd=get_table : tbl=hive.default.extoutout	
2024-04-24T01:29:18,202  INFO [main] metadata.Hive: Dumping metastore api call timing information for : execution phase
2024-04-24T01:29:18,202  INFO [main] metadata.Hive: Total time spent in each metastore function (ms): {isCompatibleWith_(Configuration)=0}
2024-04-24T01:29:18,203  INFO [main] ql.Driver: Completed executing command(queryId=alex_20240424012918_c0bed848-8d67-4e24-9674-3b61b3670192); Time taken: 0.004 seconds
2024-04-24T01:29:18,203  INFO [main] lockmgr.DbTxnManager: Stopped heartbeat for query: alex_20240424012918_c0bed848-8d67-4e24-9674-3b61b3670192
2024-04-24T01:29:18,210  INFO [main] txn.TxnHandler: Expected to move at least one record from txn_components to completed_txn_components when committing txn! txnid:24
2024-04-24T01:29:18,217  INFO [main] txn.TxnHandler: Removed transactions: ([24]) from MIN_HISTORY_LEVEL
2024-04-24T01:29:18,217  WARN [main] txn.CompactionTxnHandler: No compaction queue record found for Compaction type transaction commit. txnId:24
2024-04-24T01:29:18,218  INFO [main] ql.TxnCommandsBaseForTests: Running the query: drop table if exists custdb.custmanwhwh
2024-04-24T01:29:18,219  INFO [main] ql.Driver: Compiling command(queryId=alex_20240424012918_6f6b122e-b70b-4113-b1b2-93550414c2ce): drop table if exists custdb.custmanwhwh
2024-04-24T01:29:18,222  INFO [main] txn.TxnHandler: Added entries to MIN_HISTORY_LEVEL for current txns: ([25]) with min_open_txn: 5
2024-04-24T01:29:18,223  INFO [main] lockmgr.DbTxnManager: Opened txnid:25
2024-04-24T01:29:18,224  INFO [main] HiveMetaStore.audit: ugi=alex	ip=unknown-ip-addr	cmd=get_table : tbl=hive.custdb.custmanwhwh	
2024-04-24T01:29:18,227  INFO [main] ql.Driver: Semantic Analysis Completed (retrial = false)
2024-04-24T01:29:18,227  INFO [main] ql.Driver: Created Hive schema: Schema(fieldSchemas:null, properties:null)
2024-04-24T01:29:18,227  INFO [main] metadata.Hive: Dumping metastore api call timing information for : compilation phase
2024-04-24T01:29:18,227  INFO [main] metadata.Hive: Total time spent in each metastore function (ms): {flushCache_()=0, commitTxn_(CommitTxnRequest)=15, getValidTxns_(long)=1, openTxn_(String, TxnType)=4, isCompatibleWith_(Configuration)=0}
2024-04-24T01:29:18,228  INFO [main] ql.Driver: Completed compiling command(queryId=alex_20240424012918_6f6b122e-b70b-4113-b1b2-93550414c2ce); Time taken: 0.008 seconds
2024-04-24T01:29:18,228  INFO [main] lockmgr.DbTxnManager: Setting lock request transaction to txnid:25 for queryId=alex_20240424012918_6f6b122e-b70b-4113-b1b2-93550414c2ce
2024-04-24T01:29:18,228  INFO [main] ql.Driver: Operation DROPTABLE obtained 0 locks
2024-04-24T01:29:18,228  INFO [main] ql.Driver: Executing command(queryId=alex_20240424012918_6f6b122e-b70b-4113-b1b2-93550414c2ce): drop table if exists custdb.custmanwhwh
2024-04-24T01:29:18,228  INFO [main] ql.Driver: Starting task [Stage-0:DDL] in serial mode
2024-04-24T01:29:18,228  INFO [main] HiveMetaStore.audit: ugi=alex	ip=unknown-ip-addr	cmd=get_table : tbl=hive.custdb.custmanwhwh	
2024-04-24T01:29:18,231  INFO [main] metadata.Hive: Dumping metastore api call timing information for : execution phase
2024-04-24T01:29:18,232  INFO [main] metadata.Hive: Total time spent in each metastore function (ms): {isCompatibleWith_(Configuration)=0}
2024-04-24T01:29:18,232  INFO [main] ql.Driver: Completed executing command(queryId=alex_20240424012918_6f6b122e-b70b-4113-b1b2-93550414c2ce); Time taken: 0.003 seconds
2024-04-24T01:29:18,232  INFO [main] lockmgr.DbTxnManager: Stopped heartbeat for query: alex_20240424012918_6f6b122e-b70b-4113-b1b2-93550414c2ce
2024-04-24T01:29:18,239  INFO [main] txn.TxnHandler: Expected to move at least one record from txn_components to completed_txn_components when committing txn! txnid:25
2024-04-24T01:29:18,247  INFO [main] txn.TxnHandler: Removed transactions: ([25]) from MIN_HISTORY_LEVEL
2024-04-24T01:29:18,247  WARN [main] txn.CompactionTxnHandler: No compaction queue record found for Compaction type transaction commit. txnId:25
2024-04-24T01:29:18,248  INFO [main] ql.TxnCommandsBaseForTests: Running the query: drop table if exists custdb.custextwhwh
2024-04-24T01:29:18,249  INFO [main] ql.Driver: Compiling command(queryId=alex_20240424012918_373825ae-73db-4e03-bcd5-e9e2d3bfbaa1): drop table if exists custdb.custextwhwh
2024-04-24T01:29:18,252  INFO [main] txn.TxnHandler: Added entries to MIN_HISTORY_LEVEL for current txns: ([26]) with min_open_txn: 6
2024-04-24T01:29:18,253  INFO [main] lockmgr.DbTxnManager: Opened txnid:26
2024-04-24T01:29:18,254  INFO [main] HiveMetaStore.audit: ugi=alex	ip=unknown-ip-addr	cmd=get_table : tbl=hive.custdb.custextwhwh	
2024-04-24T01:29:18,256  INFO [main] ql.Driver: Semantic Analysis Completed (retrial = false)
2024-04-24T01:29:18,257  INFO [main] ql.Driver: Created Hive schema: Schema(fieldSchemas:null, properties:null)
2024-04-24T01:29:18,257  INFO [main] metadata.Hive: Dumping metastore api call timing information for : compilation phase
2024-04-24T01:29:18,257  INFO [main] metadata.Hive: Total time spent in each metastore function (ms): {openTxn_(String, TxnType)=3, flushCache_()=0, commitTxn_(CommitTxnRequest)=16, isCompatibleWith_(Configuration)=1, getValidTxns_(long)=0}
2024-04-24T01:29:18,257  INFO [main] ql.Driver: Completed compiling command(queryId=alex_20240424012918_373825ae-73db-4e03-bcd5-e9e2d3bfbaa1); Time taken: 0.008 seconds
2024-04-24T01:29:18,257  INFO [main] lockmgr.DbTxnManager: Setting lock request transaction to txnid:26 for queryId=alex_20240424012918_373825ae-73db-4e03-bcd5-e9e2d3bfbaa1
2024-04-24T01:29:18,257  INFO [main] ql.Driver: Operation DROPTABLE obtained 0 locks
2024-04-24T01:29:18,257  INFO [main] ql.Driver: Executing command(queryId=alex_20240424012918_373825ae-73db-4e03-bcd5-e9e2d3bfbaa1): drop table if exists custdb.custextwhwh
2024-04-24T01:29:18,258  INFO [main] ql.Driver: Starting task [Stage-0:DDL] in serial mode
2024-04-24T01:29:18,258  INFO [main] HiveMetaStore.audit: ugi=alex	ip=unknown-ip-addr	cmd=get_table : tbl=hive.custdb.custextwhwh	
2024-04-24T01:29:18,261  INFO [main] metadata.Hive: Dumping metastore api call timing information for : execution phase
2024-04-24T01:29:18,261  INFO [main] metadata.Hive: Total time spent in each metastore function (ms): {isCompatibleWith_(Configuration)=0}
2024-04-24T01:29:18,261  INFO [main] ql.Driver: Completed executing command(queryId=alex_20240424012918_373825ae-73db-4e03-bcd5-e9e2d3bfbaa1); Time taken: 0.004 seconds
2024-04-24T01:29:18,262  INFO [main] lockmgr.DbTxnManager: Stopped heartbeat for query: alex_20240424012918_373825ae-73db-4e03-bcd5-e9e2d3bfbaa1
2024-04-24T01:29:18,269  INFO [main] txn.TxnHandler: Expected to move at least one record from txn_components to completed_txn_components when committing txn! txnid:26
2024-04-24T01:29:18,276  INFO [main] txn.TxnHandler: Removed transactions: ([26]) from MIN_HISTORY_LEVEL
2024-04-24T01:29:18,276  WARN [main] txn.CompactionTxnHandler: No compaction queue record found for Compaction type transaction commit. txnId:26
2024-04-24T01:29:18,277  INFO [main] ql.TxnCommandsBaseForTests: Running the query: create table manwhnone (a string)
2024-04-24T01:29:18,277  INFO [main] ql.Driver: Compiling command(queryId=alex_20240424012918_93a4bbe1-481a-4d9d-a59c-03b4eefa9524): create table manwhnone (a string)
2024-04-24T01:29:18,281  INFO [main] txn.TxnHandler: Added entries to MIN_HISTORY_LEVEL for current txns: ([27]) with min_open_txn: 7
2024-04-24T01:29:18,282  INFO [main] lockmgr.DbTxnManager: Opened txnid:27
2024-04-24T01:29:18,291  INFO [main] HiveMetaStore.audit: ugi=alex	ip=unknown-ip-addr	cmd=get_database: default	
2024-04-24T01:29:18,294  INFO [main] ql.Driver: Semantic Analysis Completed (retrial = false)
2024-04-24T01:29:18,294  INFO [main] ql.Driver: Created Hive schema: Schema(fieldSchemas:null, properties:null)
2024-04-24T01:29:18,294  INFO [main] metadata.Hive: Dumping metastore api call timing information for : compilation phase
2024-04-24T01:29:18,294  INFO [main] metadata.Hive: Total time spent in each metastore function (ms): {isCompatibleWith_(Configuration)=0, openTxn_(String, TxnType)=4, commitTxn_(CommitTxnRequest)=15, getDatabase_(String)=2, getValidWriteIds_(List, String)=8, flushCache_()=0, getValidTxns_(long)=1}
2024-04-24T01:29:18,294  INFO [main] ql.Driver: Completed compiling command(queryId=alex_20240424012918_93a4bbe1-481a-4d9d-a59c-03b4eefa9524); Time taken: 0.017 seconds
2024-04-24T01:29:18,294  INFO [main] lockmgr.DbTxnManager: Setting lock request transaction to txnid:27 for queryId=alex_20240424012918_93a4bbe1-481a-4d9d-a59c-03b4eefa9524
2024-04-24T01:29:18,295  INFO [main] lockmgr.DbLockManager: Requesting lock for queryId=alex_20240424012918_93a4bbe1-481a-4d9d-a59c-03b4eefa9524
2024-04-24T01:29:18,322  INFO [main] lockmgr.DbLockManager: Response to queryId=alex_20240424012918_93a4bbe1-481a-4d9d-a59c-03b4eefa9524 LockResponse(lockid:7, state:ACQUIRED)
2024-04-24T01:29:18,322  INFO [main] ql.Driver: Operation CREATETABLE obtained 1 locks
2024-04-24T01:29:18,322  INFO [main] ql.Driver: Executing command(queryId=alex_20240424012918_93a4bbe1-481a-4d9d-a59c-03b4eefa9524): create table manwhnone (a string)
2024-04-24T01:29:18,322  INFO [main] ql.Driver: Starting task [Stage-0:DDL] in serial mode
2024-04-24T01:29:18,325  INFO [main] HiveMetaStore.audit: ugi=alex	ip=unknown-ip-addr	cmd=create_table_req: Table(tableName:manwhnone, dbName:default, owner:alex, createTime:1713947358, lastAccessTime:0, retention:0, sd:StorageDescriptor(cols:[FieldSchema(name:a, type:string, comment:null)], location:null, inputFormat:org.apache.hadoop.mapred.TextInputFormat, outputFormat:org.apache.hadoop.hive.ql.io.HiveIgnoreKeyTextOutputFormat, compressed:false, numBuckets:-1, serdeInfo:SerDeInfo(name:null, serializationLib:org.apache.hadoop.hive.serde2.lazy.LazySimpleSerDe, parameters:{serialization.format=1}), bucketCols:[], sortCols:[], parameters:{}, skewedInfo:SkewedInfo(skewedColNames:[], skewedColValues:[], skewedColValueLocationMaps:{}), storedAsSubDirectories:false), partitionKeys:[], parameters:{bucketing_version=2, numFilesErasureCoded=0, numRows=0, COLUMN_STATS_ACCURATE={"BASIC_STATS":"true","COLUMN_STATS":{"a":"true"}}, totalSize=0, numFiles=0, rawDataSize=0}, viewOriginalText:null, viewExpandedText:null, tableType:MANAGED_TABLE, privileges:PrincipalPrivilegeSet(userPrivileges:{alex=[PrivilegeGrantInfo(privilege:INSERT, createTime:-1, grantor:alex, grantorType:USER, grantOption:true), PrivilegeGrantInfo(privilege:SELECT, createTime:-1, grantor:alex, grantorType:USER, grantOption:true), PrivilegeGrantInfo(privilege:UPDATE, createTime:-1, grantor:alex, grantorType:USER, grantOption:true), PrivilegeGrantInfo(privilege:DELETE, createTime:-1, grantor:alex, grantorType:USER, grantOption:true)]}, groupPrivileges:null, rolePrivileges:null), temporary:false, catName:hive, ownerType:USER)	
2024-04-24T01:29:18,333  INFO [main] utils.FileUtils: Creating directory if it doesn't exist: file:/home/alex/Repositories/hive/ql/target/tmp/org.apache.hadoop.hive.ql.util.TestHiveStrictManagedMigration-1713947339080/warehouse/manwhnone
2024-04-24T01:29:18,370  INFO [main] metadata.Hive: Dumping metastore api call timing information for : execution phase
2024-04-24T01:29:18,370  INFO [main] metadata.Hive: Total time spent in each metastore function (ms): {createTable_(Table)=46, isCompatibleWith_(Configuration)=0}
2024-04-24T01:29:18,370  INFO [main] ql.Driver: Completed executing command(queryId=alex_20240424012918_93a4bbe1-481a-4d9d-a59c-03b4eefa9524); Time taken: 0.048 seconds
2024-04-24T01:29:18,370  INFO [main] lockmgr.DbTxnManager: Stopped heartbeat for query: alex_20240424012918_93a4bbe1-481a-4d9d-a59c-03b4eefa9524
2024-04-24T01:29:18,375  INFO [main] txn.TxnHandler: Expected to move at least one record from txn_components to completed_txn_components when committing txn! txnid:27
2024-04-24T01:29:18,383  INFO [main] txn.TxnHandler: Removed transactions: ([27]) from MIN_HISTORY_LEVEL
2024-04-24T01:29:18,384  WARN [main] txn.CompactionTxnHandler: No compaction queue record found for Compaction type transaction commit. txnId:27
2024-04-24T01:29:18,384  INFO [main] ql.TxnCommandsBaseForTests: Running the query: create table manoutnone (a string) location '/home/alex/Repositories/hive/ql/target/tmp/org.apache.hadoop.hive.ql.util.TestHiveStrictManagedMigration-1713947339080/tmp/manoutnone'
2024-04-24T01:29:18,385  INFO [main] ql.Driver: Compiling command(queryId=alex_20240424012918_fc4dc852-dc03-4644-a579-2fc2378c83b5): create table manoutnone (a string) location '/home/alex/Repositories/hive/ql/target/tmp/org.apache.hadoop.hive.ql.util.TestHiveStrictManagedMigration-1713947339080/tmp/manoutnone'
2024-04-24T01:29:18,388  INFO [main] txn.TxnHandler: Added entries to MIN_HISTORY_LEVEL for current txns: ([28]) with min_open_txn: 8
2024-04-24T01:29:18,388  INFO [main] lockmgr.DbTxnManager: Opened txnid:28
2024-04-24T01:29:18,394  INFO [main] HiveMetaStore.audit: ugi=alex	ip=unknown-ip-addr	cmd=get_database: default	
2024-04-24T01:29:18,396  INFO [main] ql.Driver: Semantic Analysis Completed (retrial = false)
2024-04-24T01:29:18,396  INFO [main] ql.Driver: Created Hive schema: Schema(fieldSchemas:null, properties:null)
2024-04-24T01:29:18,396  INFO [main] metadata.Hive: Dumping metastore api call timing information for : compilation phase
2024-04-24T01:29:18,396  INFO [main] metadata.Hive: Total time spent in each metastore function (ms): {commitTxn_(CommitTxnRequest)=13, openTxn_(String, TxnType)=2, isCompatibleWith_(Configuration)=1, getDatabase_(String)=3, getValidWriteIds_(List, String)=3, flushCache_()=0, getValidTxns_(long)=1}
2024-04-24T01:29:18,396  INFO [main] ql.Driver: Completed compiling command(queryId=alex_20240424012918_fc4dc852-dc03-4644-a579-2fc2378c83b5); Time taken: 0.011 seconds
2024-04-24T01:29:18,397  INFO [main] lockmgr.DbTxnManager: Setting lock request transaction to txnid:28 for queryId=alex_20240424012918_fc4dc852-dc03-4644-a579-2fc2378c83b5
2024-04-24T01:29:18,397  INFO [main] lockmgr.DbLockManager: Requesting lock for queryId=alex_20240424012918_fc4dc852-dc03-4644-a579-2fc2378c83b5
2024-04-24T01:29:18,416  INFO [main] lockmgr.DbLockManager: Response to queryId=alex_20240424012918_fc4dc852-dc03-4644-a579-2fc2378c83b5 LockResponse(lockid:8, state:ACQUIRED)
2024-04-24T01:29:18,416  INFO [main] ql.Driver: Operation CREATETABLE obtained 1 locks
2024-04-24T01:29:18,416  INFO [main] ql.Driver: Executing command(queryId=alex_20240424012918_fc4dc852-dc03-4644-a579-2fc2378c83b5): create table manoutnone (a string) location '/home/alex/Repositories/hive/ql/target/tmp/org.apache.hadoop.hive.ql.util.TestHiveStrictManagedMigration-1713947339080/tmp/manoutnone'
2024-04-24T01:29:18,416  INFO [main] ql.Driver: Starting task [Stage-0:DDL] in serial mode
2024-04-24T01:29:18,417  INFO [main] HiveMetaStore.audit: ugi=alex	ip=unknown-ip-addr	cmd=create_table_req: Table(tableName:manoutnone, dbName:default, owner:alex, createTime:1713947358, lastAccessTime:0, retention:0, sd:StorageDescriptor(cols:[FieldSchema(name:a, type:string, comment:null)], location:file:/home/alex/Repositories/hive/ql/target/tmp/org.apache.hadoop.hive.ql.util.TestHiveStrictManagedMigration-1713947339080/tmp/manoutnone, inputFormat:org.apache.hadoop.mapred.TextInputFormat, outputFormat:org.apache.hadoop.hive.ql.io.HiveIgnoreKeyTextOutputFormat, compressed:false, numBuckets:-1, serdeInfo:SerDeInfo(name:null, serializationLib:org.apache.hadoop.hive.serde2.lazy.LazySimpleSerDe, parameters:{serialization.format=1}), bucketCols:[], sortCols:[], parameters:{}, skewedInfo:SkewedInfo(skewedColNames:[], skewedColValues:[], skewedColValueLocationMaps:{}), storedAsSubDirectories:false), partitionKeys:[], parameters:{numRows=0, rawDataSize=0, totalSize=0, bucketing_version=2, numFiles=0, numFilesErasureCoded=0, COLUMN_STATS_ACCURATE={"BASIC_STATS":"true","COLUMN_STATS":{"a":"true"}}}, viewOriginalText:null, viewExpandedText:null, tableType:MANAGED_TABLE, privileges:PrincipalPrivilegeSet(userPrivileges:{alex=[PrivilegeGrantInfo(privilege:INSERT, createTime:-1, grantor:alex, grantorType:USER, grantOption:true), PrivilegeGrantInfo(privilege:SELECT, createTime:-1, grantor:alex, grantorType:USER, grantOption:true), PrivilegeGrantInfo(privilege:UPDATE, createTime:-1, grantor:alex, grantorType:USER, grantOption:true), PrivilegeGrantInfo(privilege:DELETE, createTime:-1, grantor:alex, grantorType:USER, grantOption:true)]}, groupPrivileges:null, rolePrivileges:null), temporary:false, catName:hive, ownerType:USER)	
2024-04-24T01:29:18,424  WARN [main] metastore.HMSHandler: Location: file:/home/alex/Repositories/hive/ql/target/tmp/org.apache.hadoop.hive.ql.util.TestHiveStrictManagedMigration-1713947339080/tmp/manoutnone specified for non-external table:manoutnone
2024-04-24T01:29:18,424  INFO [main] utils.FileUtils: Creating directory if it doesn't exist: file:/home/alex/Repositories/hive/ql/target/tmp/org.apache.hadoop.hive.ql.util.TestHiveStrictManagedMigration-1713947339080/tmp/manoutnone
2024-04-24T01:29:18,446  INFO [main] metadata.Hive: Dumping metastore api call timing information for : execution phase
2024-04-24T01:29:18,446  INFO [main] metadata.Hive: Total time spent in each metastore function (ms): {isCompatibleWith_(Configuration)=0, createTable_(Table)=28}
2024-04-24T01:29:18,446  INFO [main] ql.Driver: Completed executing command(queryId=alex_20240424012918_fc4dc852-dc03-4644-a579-2fc2378c83b5); Time taken: 0.03 seconds
2024-04-24T01:29:18,446  INFO [main] lockmgr.DbTxnManager: Stopped heartbeat for query: alex_20240424012918_fc4dc852-dc03-4644-a579-2fc2378c83b5
2024-04-24T01:29:18,451  INFO [main] txn.TxnHandler: Expected to move at least one record from txn_components to completed_txn_components when committing txn! txnid:28
2024-04-24T01:29:18,460  INFO [main] txn.TxnHandler: Removed transactions: ([28]) from MIN_HISTORY_LEVEL
2024-04-24T01:29:18,460  WARN [main] txn.CompactionTxnHandler: No compaction queue record found for Compaction type transaction commit. txnId:28
2024-04-24T01:29:18,461  INFO [main] ql.TxnCommandsBaseForTests: Running the query: create table manwhwh (a string) partitioned by (p string)
2024-04-24T01:29:18,461  INFO [main] ql.Driver: Compiling command(queryId=alex_20240424012918_b30178a8-38be-4615-a596-506ef683a00d): create table manwhwh (a string) partitioned by (p string)
2024-04-24T01:29:18,464  INFO [main] txn.TxnHandler: Added entries to MIN_HISTORY_LEVEL for current txns: ([29]) with min_open_txn: 8
2024-04-24T01:29:18,464  INFO [main] lockmgr.DbTxnManager: Opened txnid:29
2024-04-24T01:29:18,468  INFO [main] HiveMetaStore.audit: ugi=alex	ip=unknown-ip-addr	cmd=get_database: default	
2024-04-24T01:29:18,470  INFO [main] ql.Driver: Semantic Analysis Completed (retrial = false)
2024-04-24T01:29:18,470  INFO [main] ql.Driver: Created Hive schema: Schema(fieldSchemas:null, properties:null)
2024-04-24T01:29:18,471  INFO [main] metadata.Hive: Dumping metastore api call timing information for : compilation phase
2024-04-24T01:29:18,471  INFO [main] metadata.Hive: Total time spent in each metastore function (ms): {getValidWriteIds_(List, String)=3, getValidTxns_(long)=1, flushCache_()=0, isCompatibleWith_(Configuration)=0, openTxn_(String, TxnType)=2, commitTxn_(CommitTxnRequest)=14, getDatabase_(String)=2}
2024-04-24T01:29:18,471  INFO [main] ql.Driver: Completed compiling command(queryId=alex_20240424012918_b30178a8-38be-4615-a596-506ef683a00d); Time taken: 0.01 seconds
2024-04-24T01:29:18,471  INFO [main] lockmgr.DbTxnManager: Setting lock request transaction to txnid:29 for queryId=alex_20240424012918_b30178a8-38be-4615-a596-506ef683a00d
2024-04-24T01:29:18,472  INFO [main] lockmgr.DbLockManager: Requesting lock for queryId=alex_20240424012918_b30178a8-38be-4615-a596-506ef683a00d
2024-04-24T01:29:18,489  INFO [main] lockmgr.DbLockManager: Response to queryId=alex_20240424012918_b30178a8-38be-4615-a596-506ef683a00d LockResponse(lockid:9, state:ACQUIRED)
2024-04-24T01:29:18,490  INFO [main] ql.Driver: Operation CREATETABLE obtained 1 locks
2024-04-24T01:29:18,490  INFO [main] ql.Driver: Executing command(queryId=alex_20240424012918_b30178a8-38be-4615-a596-506ef683a00d): create table manwhwh (a string) partitioned by (p string)
2024-04-24T01:29:18,490  INFO [main] ql.Driver: Starting task [Stage-0:DDL] in serial mode
2024-04-24T01:29:18,491  INFO [main] HiveMetaStore.audit: ugi=alex	ip=unknown-ip-addr	cmd=create_table_req: Table(tableName:manwhwh, dbName:default, owner:alex, createTime:1713947358, lastAccessTime:0, retention:0, sd:StorageDescriptor(cols:[FieldSchema(name:a, type:string, comment:null)], location:null, inputFormat:org.apache.hadoop.mapred.TextInputFormat, outputFormat:org.apache.hadoop.hive.ql.io.HiveIgnoreKeyTextOutputFormat, compressed:false, numBuckets:-1, serdeInfo:SerDeInfo(name:null, serializationLib:org.apache.hadoop.hive.serde2.lazy.LazySimpleSerDe, parameters:{serialization.format=1}), bucketCols:[], sortCols:[], parameters:{}, skewedInfo:SkewedInfo(skewedColNames:[], skewedColValues:[], skewedColValueLocationMaps:{}), storedAsSubDirectories:false), partitionKeys:[FieldSchema(name:p, type:string, comment:null)], parameters:{bucketing_version=2}, viewOriginalText:null, viewExpandedText:null, tableType:MANAGED_TABLE, privileges:PrincipalPrivilegeSet(userPrivileges:{alex=[PrivilegeGrantInfo(privilege:INSERT, createTime:-1, grantor:alex, grantorType:USER, grantOption:true), PrivilegeGrantInfo(privilege:SELECT, createTime:-1, grantor:alex, grantorType:USER, grantOption:true), PrivilegeGrantInfo(privilege:UPDATE, createTime:-1, grantor:alex, grantorType:USER, grantOption:true), PrivilegeGrantInfo(privilege:DELETE, createTime:-1, grantor:alex, grantorType:USER, grantOption:true)]}, groupPrivileges:null, rolePrivileges:null), temporary:false, catName:hive, ownerType:USER)	
2024-04-24T01:29:18,498  INFO [main] utils.FileUtils: Creating directory if it doesn't exist: file:/home/alex/Repositories/hive/ql/target/tmp/org.apache.hadoop.hive.ql.util.TestHiveStrictManagedMigration-1713947339080/warehouse/manwhwh
2024-04-24T01:29:18,524  INFO [main] metadata.Hive: Dumping metastore api call timing information for : execution phase
2024-04-24T01:29:18,524  INFO [main] metadata.Hive: Total time spent in each metastore function (ms): {createTable_(Table)=33, isCompatibleWith_(Configuration)=0}
2024-04-24T01:29:18,524  INFO [main] ql.Driver: Completed executing command(queryId=alex_20240424012918_b30178a8-38be-4615-a596-506ef683a00d); Time taken: 0.034 seconds
2024-04-24T01:29:18,524  INFO [main] lockmgr.DbTxnManager: Stopped heartbeat for query: alex_20240424012918_b30178a8-38be-4615-a596-506ef683a00d
2024-04-24T01:29:18,529  INFO [main] txn.TxnHandler: Expected to move at least one record from txn_components to completed_txn_components when committing txn! txnid:29
2024-04-24T01:29:18,538  INFO [main] txn.TxnHandler: Removed transactions: ([29]) from MIN_HISTORY_LEVEL
2024-04-24T01:29:18,538  WARN [main] txn.CompactionTxnHandler: No compaction queue record found for Compaction type transaction commit. txnId:29
2024-04-24T01:29:18,539  INFO [main] ql.TxnCommandsBaseForTests: Running the query: alter table manwhwh add partition (p='p1')
2024-04-24T01:29:18,539  INFO [main] ql.Driver: Compiling command(queryId=alex_20240424012918_c5d449de-79ae-4cac-b935-5cd0e533119e): alter table manwhwh add partition (p='p1')
2024-04-24T01:29:18,545  INFO [main] txn.TxnHandler: Added entries to MIN_HISTORY_LEVEL for current txns: ([30]) with min_open_txn: 9
2024-04-24T01:29:18,546  INFO [main] lockmgr.DbTxnManager: Opened txnid:30
2024-04-24T01:29:18,547  INFO [main] HiveMetaStore.audit: ugi=alex	ip=unknown-ip-addr	cmd=get_table : tbl=hive.default.manwhwh	
2024-04-24T01:29:18,602  INFO [main] metastore.HMSHandler: Skipping translation for processor with null
2024-04-24T01:29:18,606  INFO [main] ql.Driver: Semantic Analysis Completed (retrial = false)
2024-04-24T01:29:18,606  INFO [main] ql.Driver: Created Hive schema: Schema(fieldSchemas:null, properties:null)
2024-04-24T01:29:18,606  INFO [main] metadata.Hive: Dumping metastore api call timing information for : compilation phase
2024-04-24T01:29:18,607  INFO [main] metadata.Hive: Total time spent in each metastore function (ms): {getValidTxns_(long)=1, getTable_(GetTableRequest)=55, openTxn_(String, TxnType)=4, commitTxn_(CommitTxnRequest)=13, isCompatibleWith_(Configuration)=1, flushCache_()=0}
2024-04-24T01:29:18,607  INFO [main] ql.Driver: Completed compiling command(queryId=alex_20240424012918_c5d449de-79ae-4cac-b935-5cd0e533119e); Time taken: 0.067 seconds
2024-04-24T01:29:18,607  INFO [main] lockmgr.DbTxnManager: Setting lock request transaction to txnid:30 for queryId=alex_20240424012918_c5d449de-79ae-4cac-b935-5cd0e533119e
2024-04-24T01:29:18,607  INFO [main] lockmgr.DbLockManager: Requesting lock for queryId=alex_20240424012918_c5d449de-79ae-4cac-b935-5cd0e533119e
2024-04-24T01:29:18,638  INFO [main] lockmgr.DbLockManager: Response to queryId=alex_20240424012918_c5d449de-79ae-4cac-b935-5cd0e533119e LockResponse(lockid:10, state:ACQUIRED)
2024-04-24T01:29:18,638  INFO [main] ql.Driver: Operation ALTERTABLE_ADDPARTS obtained 1 locks
2024-04-24T01:29:18,638  INFO [main] ql.Driver: Executing command(queryId=alex_20240424012918_c5d449de-79ae-4cac-b935-5cd0e533119e): alter table manwhwh add partition (p='p1')
2024-04-24T01:29:18,639  INFO [main] ql.Driver: Starting task [Stage-0:DDL] in serial mode
2024-04-24T01:29:18,640  INFO [main] HiveMetaStore.audit: ugi=alex	ip=unknown-ip-addr	cmd=get_table : tbl=hive.default.manwhwh	
2024-04-24T01:29:18,662  INFO [main] metastore.HMSHandler: Skipping translation for processor with null
2024-04-24T01:29:18,666  INFO [main] HiveMetaStore.audit: ugi=alex	ip=unknown-ip-addr	cmd=add_partitions	
2024-04-24T01:29:18,761  INFO [HMSHandler #0] utils.FileUtils: Creating directory if it doesn't exist: file:/home/alex/Repositories/hive/ql/target/tmp/org.apache.hadoop.hive.ql.util.TestHiveStrictManagedMigration-1713947339080/warehouse/manwhwh/p=p1
2024-04-24T01:29:18,811  INFO [main] metadata.Hive: Dumping metastore api call timing information for : execution phase
2024-04-24T01:29:18,811  INFO [main] metadata.Hive: Total time spent in each metastore function (ms): {isCompatibleWith_(Configuration)=0, add_partitions_(List, boolean, boolean)=148, getTable_(GetTableRequest)=23}
2024-04-24T01:29:18,811  INFO [main] ql.Driver: Completed executing command(queryId=alex_20240424012918_c5d449de-79ae-4cac-b935-5cd0e533119e); Time taken: 0.173 seconds
2024-04-24T01:29:18,812  INFO [main] lockmgr.DbTxnManager: Stopped heartbeat for query: alex_20240424012918_c5d449de-79ae-4cac-b935-5cd0e533119e
2024-04-24T01:29:18,818  INFO [main] txn.TxnHandler: Expected to move at least one record from txn_components to completed_txn_components when committing txn! txnid:30
2024-04-24T01:29:18,828  INFO [main] txn.TxnHandler: Removed transactions: ([30]) from MIN_HISTORY_LEVEL
2024-04-24T01:29:18,828  WARN [main] txn.CompactionTxnHandler: No compaction queue record found for Compaction type transaction commit. txnId:30
2024-04-24T01:29:18,829  INFO [main] ql.TxnCommandsBaseForTests: Running the query: alter table manwhwh add partition (p='p2')
2024-04-24T01:29:18,830  INFO [main] ql.Driver: Compiling command(queryId=alex_20240424012918_46e9e6f5-f4f4-48b8-aba2-a3f95d46b68a): alter table manwhwh add partition (p='p2')
2024-04-24T01:29:18,833  INFO [main] txn.TxnHandler: Added entries to MIN_HISTORY_LEVEL for current txns: ([31]) with min_open_txn: 14
2024-04-24T01:29:18,834  INFO [main] lockmgr.DbTxnManager: Opened txnid:31
2024-04-24T01:29:18,835  INFO [main] HiveMetaStore.audit: ugi=alex	ip=unknown-ip-addr	cmd=get_table : tbl=hive.default.manwhwh	
2024-04-24T01:29:18,853  INFO [main] metastore.HMSHandler: Skipping translation for processor with null
2024-04-24T01:29:18,854  INFO [main] ql.Driver: Semantic Analysis Completed (retrial = false)
2024-04-24T01:29:18,854  INFO [main] ql.Driver: Created Hive schema: Schema(fieldSchemas:null, properties:null)
2024-04-24T01:29:18,854  INFO [main] metadata.Hive: Dumping metastore api call timing information for : compilation phase
2024-04-24T01:29:18,854  INFO [main] metadata.Hive: Total time spent in each metastore function (ms): {commitTxn_(CommitTxnRequest)=17, flushCache_()=0, getValidTxns_(long)=1, getTable_(GetTableRequest)=18, openTxn_(String, TxnType)=3, isCompatibleWith_(Configuration)=0}
2024-04-24T01:29:18,854  INFO [main] ql.Driver: Completed compiling command(queryId=alex_20240424012918_46e9e6f5-f4f4-48b8-aba2-a3f95d46b68a); Time taken: 0.024 seconds
2024-04-24T01:29:18,855  INFO [main] lockmgr.DbTxnManager: Setting lock request transaction to txnid:31 for queryId=alex_20240424012918_46e9e6f5-f4f4-48b8-aba2-a3f95d46b68a
2024-04-24T01:29:18,855  INFO [main] lockmgr.DbLockManager: Requesting lock for queryId=alex_20240424012918_46e9e6f5-f4f4-48b8-aba2-a3f95d46b68a
2024-04-24T01:29:18,880  INFO [main] lockmgr.DbLockManager: Response to queryId=alex_20240424012918_46e9e6f5-f4f4-48b8-aba2-a3f95d46b68a LockResponse(lockid:11, state:ACQUIRED)
2024-04-24T01:29:18,880  INFO [main] ql.Driver: Operation ALTERTABLE_ADDPARTS obtained 1 locks
2024-04-24T01:29:18,880  INFO [main] ql.Driver: Executing command(queryId=alex_20240424012918_46e9e6f5-f4f4-48b8-aba2-a3f95d46b68a): alter table manwhwh add partition (p='p2')
2024-04-24T01:29:18,880  INFO [main] ql.Driver: Starting task [Stage-0:DDL] in serial mode
2024-04-24T01:29:18,881  INFO [main] HiveMetaStore.audit: ugi=alex	ip=unknown-ip-addr	cmd=get_table : tbl=hive.default.manwhwh	
2024-04-24T01:29:18,898  INFO [main] metastore.HMSHandler: Skipping translation for processor with null
2024-04-24T01:29:18,898  INFO [main] HiveMetaStore.audit: ugi=alex	ip=unknown-ip-addr	cmd=add_partitions	
2024-04-24T01:29:18,916  INFO [HMSHandler #1] utils.FileUtils: Creating directory if it doesn't exist: file:/home/alex/Repositories/hive/ql/target/tmp/org.apache.hadoop.hive.ql.util.TestHiveStrictManagedMigration-1713947339080/warehouse/manwhwh/p=p2
2024-04-24T01:29:18,938  INFO [main] metadata.Hive: Dumping metastore api call timing information for : execution phase
2024-04-24T01:29:18,939  INFO [main] metadata.Hive: Total time spent in each metastore function (ms): {isCompatibleWith_(Configuration)=1, getTable_(GetTableRequest)=17, add_partitions_(List, boolean, boolean)=40}
2024-04-24T01:29:18,939  INFO [main] ql.Driver: Completed executing command(queryId=alex_20240424012918_46e9e6f5-f4f4-48b8-aba2-a3f95d46b68a); Time taken: 0.058 seconds
2024-04-24T01:29:18,939  INFO [main] lockmgr.DbTxnManager: Stopped heartbeat for query: alex_20240424012918_46e9e6f5-f4f4-48b8-aba2-a3f95d46b68a
2024-04-24T01:29:18,946  INFO [main] txn.TxnHandler: Expected to move at least one record from txn_components to completed_txn_components when committing txn! txnid:31
2024-04-24T01:29:18,955  INFO [main] txn.TxnHandler: Removed transactions: ([31]) from MIN_HISTORY_LEVEL
2024-04-24T01:29:18,955  WARN [main] txn.CompactionTxnHandler: No compaction queue record found for Compaction type transaction commit. txnId:31
2024-04-24T01:29:18,956  INFO [main] ql.TxnCommandsBaseForTests: Running the query: create table manwhout (a string) partitioned by (p string)
2024-04-24T01:29:18,957  INFO [main] ql.Driver: Compiling command(queryId=alex_20240424012918_d1c87bd9-5830-47ef-82b3-8d0169d27ff9): create table manwhout (a string) partitioned by (p string)
2024-04-24T01:29:18,960  INFO [main] txn.TxnHandler: Added entries to MIN_HISTORY_LEVEL for current txns: ([32]) with min_open_txn: 18
2024-04-24T01:29:18,961  INFO [main] lockmgr.DbTxnManager: Opened txnid:32
2024-04-24T01:29:18,970  INFO [main] HiveMetaStore.audit: ugi=alex	ip=unknown-ip-addr	cmd=get_database: default	
2024-04-24T01:29:18,973  INFO [main] ql.Driver: Semantic Analysis Completed (retrial = false)
2024-04-24T01:29:18,973  INFO [main] ql.Driver: Created Hive schema: Schema(fieldSchemas:null, properties:null)
2024-04-24T01:29:18,973  INFO [main] metadata.Hive: Dumping metastore api call timing information for : compilation phase
2024-04-24T01:29:18,973  INFO [main] metadata.Hive: Total time spent in each metastore function (ms): {getValidTxns_(long)=1, commitTxn_(CommitTxnRequest)=17, getValidWriteIds_(List, String)=8, isCompatibleWith_(Configuration)=1, getDatabase_(String)=3, flushCache_()=0, openTxn_(String, TxnType)=3}
2024-04-24T01:29:18,974  INFO [main] ql.Driver: Completed compiling command(queryId=alex_20240424012918_d1c87bd9-5830-47ef-82b3-8d0169d27ff9); Time taken: 0.016 seconds
2024-04-24T01:29:18,974  INFO [main] lockmgr.DbTxnManager: Setting lock request transaction to txnid:32 for queryId=alex_20240424012918_d1c87bd9-5830-47ef-82b3-8d0169d27ff9
2024-04-24T01:29:18,974  INFO [main] lockmgr.DbLockManager: Requesting lock for queryId=alex_20240424012918_d1c87bd9-5830-47ef-82b3-8d0169d27ff9
2024-04-24T01:29:18,999  INFO [main] lockmgr.DbLockManager: Response to queryId=alex_20240424012918_d1c87bd9-5830-47ef-82b3-8d0169d27ff9 LockResponse(lockid:12, state:ACQUIRED)
2024-04-24T01:29:18,999  INFO [main] ql.Driver: Operation CREATETABLE obtained 1 locks
2024-04-24T01:29:18,999  INFO [main] ql.Driver: Executing command(queryId=alex_20240424012918_d1c87bd9-5830-47ef-82b3-8d0169d27ff9): create table manwhout (a string) partitioned by (p string)
2024-04-24T01:29:18,999  INFO [main] ql.Driver: Starting task [Stage-0:DDL] in serial mode
2024-04-24T01:29:19,000  INFO [main] HiveMetaStore.audit: ugi=alex	ip=unknown-ip-addr	cmd=create_table_req: Table(tableName:manwhout, dbName:default, owner:alex, createTime:1713947359, lastAccessTime:0, retention:0, sd:StorageDescriptor(cols:[FieldSchema(name:a, type:string, comment:null)], location:null, inputFormat:org.apache.hadoop.mapred.TextInputFormat, outputFormat:org.apache.hadoop.hive.ql.io.HiveIgnoreKeyTextOutputFormat, compressed:false, numBuckets:-1, serdeInfo:SerDeInfo(name:null, serializationLib:org.apache.hadoop.hive.serde2.lazy.LazySimpleSerDe, parameters:{serialization.format=1}), bucketCols:[], sortCols:[], parameters:{}, skewedInfo:SkewedInfo(skewedColNames:[], skewedColValues:[], skewedColValueLocationMaps:{}), storedAsSubDirectories:false), partitionKeys:[FieldSchema(name:p, type:string, comment:null)], parameters:{bucketing_version=2}, viewOriginalText:null, viewExpandedText:null, tableType:MANAGED_TABLE, privileges:PrincipalPrivilegeSet(userPrivileges:{alex=[PrivilegeGrantInfo(privilege:INSERT, createTime:-1, grantor:alex, grantorType:USER, grantOption:true), PrivilegeGrantInfo(privilege:SELECT, createTime:-1, grantor:alex, grantorType:USER, grantOption:true), PrivilegeGrantInfo(privilege:UPDATE, createTime:-1, grantor:alex, grantorType:USER, grantOption:true), PrivilegeGrantInfo(privilege:DELETE, createTime:-1, grantor:alex, grantorType:USER, grantOption:true)]}, groupPrivileges:null, rolePrivileges:null), temporary:false, catName:hive, ownerType:USER)	
2024-04-24T01:29:19,009  INFO [main] utils.FileUtils: Creating directory if it doesn't exist: file:/home/alex/Repositories/hive/ql/target/tmp/org.apache.hadoop.hive.ql.util.TestHiveStrictManagedMigration-1713947339080/warehouse/manwhout
2024-04-24T01:29:19,045  INFO [main] metadata.Hive: Dumping metastore api call timing information for : execution phase
2024-04-24T01:29:19,045  INFO [main] metadata.Hive: Total time spent in each metastore function (ms): {createTable_(Table)=44, isCompatibleWith_(Configuration)=1}
2024-04-24T01:29:19,045  INFO [main] ql.Driver: Completed executing command(queryId=alex_20240424012918_d1c87bd9-5830-47ef-82b3-8d0169d27ff9); Time taken: 0.046 seconds
2024-04-24T01:29:19,045  INFO [main] lockmgr.DbTxnManager: Stopped heartbeat for query: alex_20240424012918_d1c87bd9-5830-47ef-82b3-8d0169d27ff9
2024-04-24T01:29:19,051  INFO [main] txn.TxnHandler: Expected to move at least one record from txn_components to completed_txn_components when committing txn! txnid:32
2024-04-24T01:29:19,061  INFO [main] txn.TxnHandler: Removed transactions: ([32]) from MIN_HISTORY_LEVEL
2024-04-24T01:29:19,061  WARN [main] txn.CompactionTxnHandler: No compaction queue record found for Compaction type transaction commit. txnId:32
2024-04-24T01:29:19,062  INFO [main] ql.TxnCommandsBaseForTests: Running the query: alter table manwhout add partition (p='p1') location '/home/alex/Repositories/hive/ql/target/tmp/org.apache.hadoop.hive.ql.util.TestHiveStrictManagedMigration-1713947339080/tmp/manwhoutp1'
2024-04-24T01:29:19,062  INFO [main] ql.Driver: Compiling command(queryId=alex_20240424012919_89748371-cb23-4536-a07d-fcd7b139c933): alter table manwhout add partition (p='p1') location '/home/alex/Repositories/hive/ql/target/tmp/org.apache.hadoop.hive.ql.util.TestHiveStrictManagedMigration-1713947339080/tmp/manwhoutp1'
2024-04-24T01:29:19,066  INFO [main] txn.TxnHandler: Added entries to MIN_HISTORY_LEVEL for current txns: ([33]) with min_open_txn: 21
2024-04-24T01:29:19,067  INFO [main] lockmgr.DbTxnManager: Opened txnid:33
2024-04-24T01:29:19,068  INFO [main] HiveMetaStore.audit: ugi=alex	ip=unknown-ip-addr	cmd=get_table : tbl=hive.default.manwhout	
2024-04-24T01:29:19,085  INFO [main] metastore.HMSHandler: Skipping translation for processor with null
2024-04-24T01:29:19,086  INFO [main] ql.Driver: Semantic Analysis Completed (retrial = false)
2024-04-24T01:29:19,086  INFO [main] ql.Driver: Created Hive schema: Schema(fieldSchemas:null, properties:null)
2024-04-24T01:29:19,086  INFO [main] metadata.Hive: Dumping metastore api call timing information for : compilation phase
2024-04-24T01:29:19,086  INFO [main] metadata.Hive: Total time spent in each metastore function (ms): {isCompatibleWith_(Configuration)=0, openTxn_(String, TxnType)=4, getValidTxns_(long)=1, commitTxn_(CommitTxnRequest)=16, getTable_(GetTableRequest)=17, flushCache_()=0}
2024-04-24T01:29:19,086  INFO [main] ql.Driver: Completed compiling command(queryId=alex_20240424012919_89748371-cb23-4536-a07d-fcd7b139c933); Time taken: 0.024 seconds
2024-04-24T01:29:19,087  INFO [main] lockmgr.DbTxnManager: Setting lock request transaction to txnid:33 for queryId=alex_20240424012919_89748371-cb23-4536-a07d-fcd7b139c933
2024-04-24T01:29:19,087  INFO [main] lockmgr.DbLockManager: Requesting lock for queryId=alex_20240424012919_89748371-cb23-4536-a07d-fcd7b139c933
2024-04-24T01:29:19,112  INFO [main] lockmgr.DbLockManager: Response to queryId=alex_20240424012919_89748371-cb23-4536-a07d-fcd7b139c933 LockResponse(lockid:13, state:ACQUIRED)
2024-04-24T01:29:19,112  INFO [main] ql.Driver: Operation ALTERTABLE_ADDPARTS obtained 1 locks
2024-04-24T01:29:19,112  INFO [main] ql.Driver: Executing command(queryId=alex_20240424012919_89748371-cb23-4536-a07d-fcd7b139c933): alter table manwhout add partition (p='p1') location '/home/alex/Repositories/hive/ql/target/tmp/org.apache.hadoop.hive.ql.util.TestHiveStrictManagedMigration-1713947339080/tmp/manwhoutp1'
2024-04-24T01:29:19,113  INFO [main] ql.Driver: Starting task [Stage-0:DDL] in serial mode
2024-04-24T01:29:19,113  INFO [main] HiveMetaStore.audit: ugi=alex	ip=unknown-ip-addr	cmd=get_table : tbl=hive.default.manwhout	
2024-04-24T01:29:19,130  INFO [main] metastore.HMSHandler: Skipping translation for processor with null
2024-04-24T01:29:19,131  INFO [main] HiveMetaStore.audit: ugi=alex	ip=unknown-ip-addr	cmd=add_partitions	
2024-04-24T01:29:19,150  INFO [HMSHandler #2] utils.FileUtils: Creating directory if it doesn't exist: file:/home/alex/Repositories/hive/ql/target/tmp/org.apache.hadoop.hive.ql.util.TestHiveStrictManagedMigration-1713947339080/tmp/manwhoutp1
2024-04-24T01:29:19,169  INFO [main] metadata.Hive: Dumping metastore api call timing information for : execution phase
2024-04-24T01:29:19,170  INFO [main] metadata.Hive: Total time spent in each metastore function (ms): {add_partitions_(List, boolean, boolean)=38, getTable_(GetTableRequest)=17, isCompatibleWith_(Configuration)=0}
2024-04-24T01:29:19,170  INFO [main] ql.Driver: Completed executing command(queryId=alex_20240424012919_89748371-cb23-4536-a07d-fcd7b139c933); Time taken: 0.057 seconds
2024-04-24T01:29:19,170  INFO [main] lockmgr.DbTxnManager: Stopped heartbeat for query: alex_20240424012919_89748371-cb23-4536-a07d-fcd7b139c933
2024-04-24T01:29:19,176  INFO [main] txn.TxnHandler: Expected to move at least one record from txn_components to completed_txn_components when committing txn! txnid:33
2024-04-24T01:29:19,186  INFO [main] txn.TxnHandler: Removed transactions: ([33]) from MIN_HISTORY_LEVEL
2024-04-24T01:29:19,186  WARN [main] txn.CompactionTxnHandler: No compaction queue record found for Compaction type transaction commit. txnId:33
2024-04-24T01:29:19,187  INFO [main] ql.TxnCommandsBaseForTests: Running the query: alter table manwhout add partition (p='p2') location '/home/alex/Repositories/hive/ql/target/tmp/org.apache.hadoop.hive.ql.util.TestHiveStrictManagedMigration-1713947339080/tmp/manwhoutp2'
2024-04-24T01:29:19,188  INFO [main] ql.Driver: Compiling command(queryId=alex_20240424012919_f58ee5a8-9d35-46d6-8177-94b4632f1b94): alter table manwhout add partition (p='p2') location '/home/alex/Repositories/hive/ql/target/tmp/org.apache.hadoop.hive.ql.util.TestHiveStrictManagedMigration-1713947339080/tmp/manwhoutp2'
2024-04-24T01:29:19,191  INFO [main] txn.TxnHandler: Added entries to MIN_HISTORY_LEVEL for current txns: ([34]) with min_open_txn: 24
2024-04-24T01:29:19,192  INFO [main] lockmgr.DbTxnManager: Opened txnid:34
2024-04-24T01:29:19,193  INFO [main] HiveMetaStore.audit: ugi=alex	ip=unknown-ip-addr	cmd=get_table : tbl=hive.default.manwhout	
2024-04-24T01:29:19,212  INFO [main] metastore.HMSHandler: Skipping translation for processor with null
2024-04-24T01:29:19,213  INFO [main] ql.Driver: Semantic Analysis Completed (retrial = false)
2024-04-24T01:29:19,213  INFO [main] ql.Driver: Created Hive schema: Schema(fieldSchemas:null, properties:null)
2024-04-24T01:29:19,213  INFO [main] metadata.Hive: Dumping metastore api call timing information for : compilation phase
2024-04-24T01:29:19,213  INFO [main] metadata.Hive: Total time spent in each metastore function (ms): {flushCache_()=0, commitTxn_(CommitTxnRequest)=17, isCompatibleWith_(Configuration)=0, getValidTxns_(long)=1, getTable_(GetTableRequest)=19, openTxn_(String, TxnType)=3}
2024-04-24T01:29:19,213  INFO [main] ql.Driver: Completed compiling command(queryId=alex_20240424012919_f58ee5a8-9d35-46d6-8177-94b4632f1b94); Time taken: 0.025 seconds
2024-04-24T01:29:19,214  INFO [main] lockmgr.DbTxnManager: Setting lock request transaction to txnid:34 for queryId=alex_20240424012919_f58ee5a8-9d35-46d6-8177-94b4632f1b94
2024-04-24T01:29:19,214  INFO [main] lockmgr.DbLockManager: Requesting lock for queryId=alex_20240424012919_f58ee5a8-9d35-46d6-8177-94b4632f1b94
2024-04-24T01:29:19,240  INFO [main] lockmgr.DbLockManager: Response to queryId=alex_20240424012919_f58ee5a8-9d35-46d6-8177-94b4632f1b94 LockResponse(lockid:14, state:ACQUIRED)
2024-04-24T01:29:19,240  INFO [main] ql.Driver: Operation ALTERTABLE_ADDPARTS obtained 1 locks
2024-04-24T01:29:19,240  INFO [main] ql.Driver: Executing command(queryId=alex_20240424012919_f58ee5a8-9d35-46d6-8177-94b4632f1b94): alter table manwhout add partition (p='p2') location '/home/alex/Repositories/hive/ql/target/tmp/org.apache.hadoop.hive.ql.util.TestHiveStrictManagedMigration-1713947339080/tmp/manwhoutp2'
2024-04-24T01:29:19,240  INFO [main] ql.Driver: Starting task [Stage-0:DDL] in serial mode
2024-04-24T01:29:19,241  INFO [main] HiveMetaStore.audit: ugi=alex	ip=unknown-ip-addr	cmd=get_table : tbl=hive.default.manwhout	
2024-04-24T01:29:19,259  INFO [main] metastore.HMSHandler: Skipping translation for processor with null
2024-04-24T01:29:19,260  INFO [main] HiveMetaStore.audit: ugi=alex	ip=unknown-ip-addr	cmd=add_partitions	
2024-04-24T01:29:19,279  INFO [HMSHandler #3] utils.FileUtils: Creating directory if it doesn't exist: file:/home/alex/Repositories/hive/ql/target/tmp/org.apache.hadoop.hive.ql.util.TestHiveStrictManagedMigration-1713947339080/tmp/manwhoutp2
2024-04-24T01:29:19,307  INFO [main] metadata.Hive: Dumping metastore api call timing information for : execution phase
2024-04-24T01:29:19,307  INFO [main] metadata.Hive: Total time spent in each metastore function (ms): {add_partitions_(List, boolean, boolean)=47, isCompatibleWith_(Configuration)=1, getTable_(GetTableRequest)=19}
2024-04-24T01:29:19,308  INFO [main] ql.Driver: Completed executing command(queryId=alex_20240424012919_f58ee5a8-9d35-46d6-8177-94b4632f1b94); Time taken: 0.067 seconds
2024-04-24T01:29:19,308  INFO [main] lockmgr.DbTxnManager: Stopped heartbeat for query: alex_20240424012919_f58ee5a8-9d35-46d6-8177-94b4632f1b94
2024-04-24T01:29:19,314  INFO [main] txn.TxnHandler: Expected to move at least one record from txn_components to completed_txn_components when committing txn! txnid:34
2024-04-24T01:29:19,324  INFO [main] txn.TxnHandler: Removed transactions: ([34]) from MIN_HISTORY_LEVEL
2024-04-24T01:29:19,324  WARN [main] txn.CompactionTxnHandler: No compaction queue record found for Compaction type transaction commit. txnId:34
2024-04-24T01:29:19,325  INFO [main] ql.TxnCommandsBaseForTests: Running the query: create table manwhmixed (a string) partitioned by (p string)
2024-04-24T01:29:19,325  INFO [main] ql.Driver: Compiling command(queryId=alex_20240424012919_ba34e373-9d01-44d9-83bc-0b5b806de4fa): create table manwhmixed (a string) partitioned by (p string)
2024-04-24T01:29:19,328  INFO [main] txn.TxnHandler: Added entries to MIN_HISTORY_LEVEL for current txns: ([35]) with min_open_txn: 28
2024-04-24T01:29:19,329  INFO [main] lockmgr.DbTxnManager: Opened txnid:35
2024-04-24T01:29:19,333  INFO [main] HiveMetaStore.audit: ugi=alex	ip=unknown-ip-addr	cmd=get_database: default	
2024-04-24T01:29:19,335  INFO [main] ql.Driver: Semantic Analysis Completed (retrial = false)
2024-04-24T01:29:19,335  INFO [main] ql.Driver: Created Hive schema: Schema(fieldSchemas:null, properties:null)
2024-04-24T01:29:19,335  INFO [main] metadata.Hive: Dumping metastore api call timing information for : compilation phase
2024-04-24T01:29:19,335  INFO [main] metadata.Hive: Total time spent in each metastore function (ms): {flushCache_()=0, getValidTxns_(long)=0, getDatabase_(String)=3, commitTxn_(CommitTxnRequest)=17, isCompatibleWith_(Configuration)=0, openTxn_(String, TxnType)=3, getValidWriteIds_(List, String)=2}
2024-04-24T01:29:19,335  INFO [main] ql.Driver: Completed compiling command(queryId=alex_20240424012919_ba34e373-9d01-44d9-83bc-0b5b806de4fa); Time taken: 0.01 seconds
2024-04-24T01:29:19,336  INFO [main] lockmgr.DbTxnManager: Setting lock request transaction to txnid:35 for queryId=alex_20240424012919_ba34e373-9d01-44d9-83bc-0b5b806de4fa
2024-04-24T01:29:19,336  INFO [main] lockmgr.DbLockManager: Requesting lock for queryId=alex_20240424012919_ba34e373-9d01-44d9-83bc-0b5b806de4fa
2024-04-24T01:29:19,354  INFO [main] lockmgr.DbLockManager: Response to queryId=alex_20240424012919_ba34e373-9d01-44d9-83bc-0b5b806de4fa LockResponse(lockid:15, state:ACQUIRED)
2024-04-24T01:29:19,354  INFO [main] ql.Driver: Operation CREATETABLE obtained 1 locks
2024-04-24T01:29:19,354  INFO [main] ql.Driver: Executing command(queryId=alex_20240424012919_ba34e373-9d01-44d9-83bc-0b5b806de4fa): create table manwhmixed (a string) partitioned by (p string)
2024-04-24T01:29:19,354  INFO [main] ql.Driver: Starting task [Stage-0:DDL] in serial mode
2024-04-24T01:29:19,355  INFO [main] HiveMetaStore.audit: ugi=alex	ip=unknown-ip-addr	cmd=create_table_req: Table(tableName:manwhmixed, dbName:default, owner:alex, createTime:1713947359, lastAccessTime:0, retention:0, sd:StorageDescriptor(cols:[FieldSchema(name:a, type:string, comment:null)], location:null, inputFormat:org.apache.hadoop.mapred.TextInputFormat, outputFormat:org.apache.hadoop.hive.ql.io.HiveIgnoreKeyTextOutputFormat, compressed:false, numBuckets:-1, serdeInfo:SerDeInfo(name:null, serializationLib:org.apache.hadoop.hive.serde2.lazy.LazySimpleSerDe, parameters:{serialization.format=1}), bucketCols:[], sortCols:[], parameters:{}, skewedInfo:SkewedInfo(skewedColNames:[], skewedColValues:[], skewedColValueLocationMaps:{}), storedAsSubDirectories:false), partitionKeys:[FieldSchema(name:p, type:string, comment:null)], parameters:{bucketing_version=2}, viewOriginalText:null, viewExpandedText:null, tableType:MANAGED_TABLE, privileges:PrincipalPrivilegeSet(userPrivileges:{alex=[PrivilegeGrantInfo(privilege:INSERT, createTime:-1, grantor:alex, grantorType:USER, grantOption:true), PrivilegeGrantInfo(privilege:SELECT, createTime:-1, grantor:alex, grantorType:USER, grantOption:true), PrivilegeGrantInfo(privilege:UPDATE, createTime:-1, grantor:alex, grantorType:USER, grantOption:true), PrivilegeGrantInfo(privilege:DELETE, createTime:-1, grantor:alex, grantorType:USER, grantOption:true)]}, groupPrivileges:null, rolePrivileges:null), temporary:false, catName:hive, ownerType:USER)	
2024-04-24T01:29:19,362  INFO [main] utils.FileUtils: Creating directory if it doesn't exist: file:/home/alex/Repositories/hive/ql/target/tmp/org.apache.hadoop.hive.ql.util.TestHiveStrictManagedMigration-1713947339080/warehouse/manwhmixed
2024-04-24T01:29:19,381  INFO [main] metadata.Hive: Dumping metastore api call timing information for : execution phase
2024-04-24T01:29:19,381  INFO [main] metadata.Hive: Total time spent in each metastore function (ms): {createTable_(Table)=26, isCompatibleWith_(Configuration)=0}
2024-04-24T01:29:19,382  INFO [main] ql.Driver: Completed executing command(queryId=alex_20240424012919_ba34e373-9d01-44d9-83bc-0b5b806de4fa); Time taken: 0.027 seconds
2024-04-24T01:29:19,382  INFO [main] lockmgr.DbTxnManager: Stopped heartbeat for query: alex_20240424012919_ba34e373-9d01-44d9-83bc-0b5b806de4fa
2024-04-24T01:29:19,387  INFO [main] txn.TxnHandler: Expected to move at least one record from txn_components to completed_txn_components when committing txn! txnid:35
2024-04-24T01:29:19,396  INFO [main] txn.TxnHandler: Removed transactions: ([35]) from MIN_HISTORY_LEVEL
2024-04-24T01:29:19,396  WARN [main] txn.CompactionTxnHandler: No compaction queue record found for Compaction type transaction commit. txnId:35
2024-04-24T01:29:19,397  INFO [main] ql.TxnCommandsBaseForTests: Running the query: alter table manwhmixed add partition (p='p1') location '/home/alex/Repositories/hive/ql/target/tmp/org.apache.hadoop.hive.ql.util.TestHiveStrictManagedMigration-1713947339080/tmp/manwhmixedp1'
2024-04-24T01:29:19,397  INFO [main] ql.Driver: Compiling command(queryId=alex_20240424012919_12c84e1c-a18b-4748-a125-e5163c6cbe94): alter table manwhmixed add partition (p='p1') location '/home/alex/Repositories/hive/ql/target/tmp/org.apache.hadoop.hive.ql.util.TestHiveStrictManagedMigration-1713947339080/tmp/manwhmixedp1'
2024-04-24T01:29:19,400  INFO [main] txn.TxnHandler: Added entries to MIN_HISTORY_LEVEL for current txns: ([36]) with min_open_txn: 29
2024-04-24T01:29:19,401  INFO [main] lockmgr.DbTxnManager: Opened txnid:36
2024-04-24T01:29:19,402  INFO [main] HiveMetaStore.audit: ugi=alex	ip=unknown-ip-addr	cmd=get_table : tbl=hive.default.manwhmixed	
2024-04-24T01:29:19,414  INFO [main] metastore.HMSHandler: Skipping translation for processor with null
2024-04-24T01:29:19,414  INFO [main] ql.Driver: Semantic Analysis Completed (retrial = false)
2024-04-24T01:29:19,415  INFO [main] ql.Driver: Created Hive schema: Schema(fieldSchemas:null, properties:null)
2024-04-24T01:29:19,415  INFO [main] metadata.Hive: Dumping metastore api call timing information for : compilation phase
2024-04-24T01:29:19,415  INFO [main] metadata.Hive: Total time spent in each metastore function (ms): {commitTxn_(CommitTxnRequest)=15, isCompatibleWith_(Configuration)=0, flushCache_()=0, getTable_(GetTableRequest)=12, getValidTxns_(long)=1, openTxn_(String, TxnType)=3}
2024-04-24T01:29:19,415  INFO [main] ql.Driver: Completed compiling command(queryId=alex_20240424012919_12c84e1c-a18b-4748-a125-e5163c6cbe94); Time taken: 0.018 seconds
2024-04-24T01:29:19,415  INFO [main] lockmgr.DbTxnManager: Setting lock request transaction to txnid:36 for queryId=alex_20240424012919_12c84e1c-a18b-4748-a125-e5163c6cbe94
2024-04-24T01:29:19,416  INFO [main] lockmgr.DbLockManager: Requesting lock for queryId=alex_20240424012919_12c84e1c-a18b-4748-a125-e5163c6cbe94
2024-04-24T01:29:19,434  INFO [main] lockmgr.DbLockManager: Response to queryId=alex_20240424012919_12c84e1c-a18b-4748-a125-e5163c6cbe94 LockResponse(lockid:16, state:ACQUIRED)
2024-04-24T01:29:19,434  INFO [main] ql.Driver: Operation ALTERTABLE_ADDPARTS obtained 1 locks
2024-04-24T01:29:19,434  INFO [main] ql.Driver: Executing command(queryId=alex_20240424012919_12c84e1c-a18b-4748-a125-e5163c6cbe94): alter table manwhmixed add partition (p='p1') location '/home/alex/Repositories/hive/ql/target/tmp/org.apache.hadoop.hive.ql.util.TestHiveStrictManagedMigration-1713947339080/tmp/manwhmixedp1'
2024-04-24T01:29:19,434  INFO [main] ql.Driver: Starting task [Stage-0:DDL] in serial mode
2024-04-24T01:29:19,434  INFO [main] HiveMetaStore.audit: ugi=alex	ip=unknown-ip-addr	cmd=get_table : tbl=hive.default.manwhmixed	
2024-04-24T01:29:19,446  INFO [main] metastore.HMSHandler: Skipping translation for processor with null
2024-04-24T01:29:19,447  INFO [main] HiveMetaStore.audit: ugi=alex	ip=unknown-ip-addr	cmd=add_partitions	
2024-04-24T01:29:19,458  INFO [HMSHandler #4] utils.FileUtils: Creating directory if it doesn't exist: file:/home/alex/Repositories/hive/ql/target/tmp/org.apache.hadoop.hive.ql.util.TestHiveStrictManagedMigration-1713947339080/tmp/manwhmixedp1
2024-04-24T01:29:19,472  INFO [main] metadata.Hive: Dumping metastore api call timing information for : execution phase
2024-04-24T01:29:19,472  INFO [main] metadata.Hive: Total time spent in each metastore function (ms): {add_partitions_(List, boolean, boolean)=25, isCompatibleWith_(Configuration)=0, getTable_(GetTableRequest)=12}
2024-04-24T01:29:19,472  INFO [main] ql.Driver: Completed executing command(queryId=alex_20240424012919_12c84e1c-a18b-4748-a125-e5163c6cbe94); Time taken: 0.038 seconds
2024-04-24T01:29:19,473  INFO [main] lockmgr.DbTxnManager: Stopped heartbeat for query: alex_20240424012919_12c84e1c-a18b-4748-a125-e5163c6cbe94
2024-04-24T01:29:19,477  INFO [main] txn.TxnHandler: Expected to move at least one record from txn_components to completed_txn_components when committing txn! txnid:36
2024-04-24T01:29:19,483  INFO [main] txn.TxnHandler: Removed transactions: ([36]) from MIN_HISTORY_LEVEL
2024-04-24T01:29:19,484  WARN [main] txn.CompactionTxnHandler: No compaction queue record found for Compaction type transaction commit. txnId:36
2024-04-24T01:29:19,484  INFO [main] ql.TxnCommandsBaseForTests: Running the query: alter table manwhmixed add partition (p='p2')
2024-04-24T01:29:19,485  INFO [main] ql.Driver: Compiling command(queryId=alex_20240424012919_54d30536-e960-4ec5-bb22-428d53f791bd): alter table manwhmixed add partition (p='p2')
2024-04-24T01:29:19,488  INFO [main] txn.TxnHandler: Added entries to MIN_HISTORY_LEVEL for current txns: ([37]) with min_open_txn: 30
2024-04-24T01:29:19,488  INFO [main] lockmgr.DbTxnManager: Opened txnid:37
2024-04-24T01:29:19,489  INFO [main] HiveMetaStore.audit: ugi=alex	ip=unknown-ip-addr	cmd=get_table : tbl=hive.default.manwhmixed	
2024-04-24T01:29:19,504  INFO [main] metastore.HMSHandler: Skipping translation for processor with null
2024-04-24T01:29:19,504  INFO [main] ql.Driver: Semantic Analysis Completed (retrial = false)
2024-04-24T01:29:19,504  INFO [main] ql.Driver: Created Hive schema: Schema(fieldSchemas:null, properties:null)
2024-04-24T01:29:19,504  INFO [main] metadata.Hive: Dumping metastore api call timing information for : compilation phase
2024-04-24T01:29:19,505  INFO [main] metadata.Hive: Total time spent in each metastore function (ms): {getValidTxns_(long)=1, isCompatibleWith_(Configuration)=0, openTxn_(String, TxnType)=3, flushCache_()=0, commitTxn_(CommitTxnRequest)=11, getTable_(GetTableRequest)=15}
2024-04-24T01:29:19,505  INFO [main] ql.Driver: Completed compiling command(queryId=alex_20240424012919_54d30536-e960-4ec5-bb22-428d53f791bd); Time taken: 0.019 seconds
2024-04-24T01:29:19,505  INFO [main] lockmgr.DbTxnManager: Setting lock request transaction to txnid:37 for queryId=alex_20240424012919_54d30536-e960-4ec5-bb22-428d53f791bd
2024-04-24T01:29:19,505  INFO [main] lockmgr.DbLockManager: Requesting lock for queryId=alex_20240424012919_54d30536-e960-4ec5-bb22-428d53f791bd
2024-04-24T01:29:19,523  INFO [main] lockmgr.DbLockManager: Response to queryId=alex_20240424012919_54d30536-e960-4ec5-bb22-428d53f791bd LockResponse(lockid:17, state:ACQUIRED)
2024-04-24T01:29:19,523  INFO [main] ql.Driver: Operation ALTERTABLE_ADDPARTS obtained 1 locks
2024-04-24T01:29:19,523  INFO [main] ql.Driver: Executing command(queryId=alex_20240424012919_54d30536-e960-4ec5-bb22-428d53f791bd): alter table manwhmixed add partition (p='p2')
2024-04-24T01:29:19,523  INFO [main] ql.Driver: Starting task [Stage-0:DDL] in serial mode
2024-04-24T01:29:19,524  INFO [main] HiveMetaStore.audit: ugi=alex	ip=unknown-ip-addr	cmd=get_table : tbl=hive.default.manwhmixed	
2024-04-24T01:29:19,537  INFO [main] metastore.HMSHandler: Skipping translation for processor with null
2024-04-24T01:29:19,537  INFO [main] HiveMetaStore.audit: ugi=alex	ip=unknown-ip-addr	cmd=add_partitions	
2024-04-24T01:29:19,550  INFO [HMSHandler #5] utils.FileUtils: Creating directory if it doesn't exist: file:/home/alex/Repositories/hive/ql/target/tmp/org.apache.hadoop.hive.ql.util.TestHiveStrictManagedMigration-1713947339080/warehouse/manwhmixed/p=p2
2024-04-24T01:29:19,567  INFO [main] metadata.Hive: Dumping metastore api call timing information for : execution phase
2024-04-24T01:29:19,567  INFO [main] metadata.Hive: Total time spent in each metastore function (ms): {getTable_(GetTableRequest)=14, isCompatibleWith_(Configuration)=0, add_partitions_(List, boolean, boolean)=30}
2024-04-24T01:29:19,567  INFO [main] ql.Driver: Completed executing command(queryId=alex_20240424012919_54d30536-e960-4ec5-bb22-428d53f791bd); Time taken: 0.044 seconds
2024-04-24T01:29:19,567  INFO [main] lockmgr.DbTxnManager: Stopped heartbeat for query: alex_20240424012919_54d30536-e960-4ec5-bb22-428d53f791bd
2024-04-24T01:29:19,572  INFO [main] txn.TxnHandler: Expected to move at least one record from txn_components to completed_txn_components when committing txn! txnid:37
2024-04-24T01:29:19,580  INFO [main] txn.TxnHandler: Removed transactions: ([37]) from MIN_HISTORY_LEVEL
2024-04-24T01:29:19,580  WARN [main] txn.CompactionTxnHandler: No compaction queue record found for Compaction type transaction commit. txnId:37
2024-04-24T01:29:19,581  INFO [main] ql.TxnCommandsBaseForTests: Running the query: create table manoutout (a string) partitioned by (p string) location '/home/alex/Repositories/hive/ql/target/tmp/org.apache.hadoop.hive.ql.util.TestHiveStrictManagedMigration-1713947339080/tmp/manoutout'
2024-04-24T01:29:19,581  INFO [main] ql.Driver: Compiling command(queryId=alex_20240424012919_dd16eb74-cb88-4ebd-920f-be4067565663): create table manoutout (a string) partitioned by (p string) location '/home/alex/Repositories/hive/ql/target/tmp/org.apache.hadoop.hive.ql.util.TestHiveStrictManagedMigration-1713947339080/tmp/manoutout'
2024-04-24T01:29:19,585  INFO [main] txn.TxnHandler: Added entries to MIN_HISTORY_LEVEL for current txns: ([38]) with min_open_txn: 31
2024-04-24T01:29:19,585  INFO [main] lockmgr.DbTxnManager: Opened txnid:38
2024-04-24T01:29:19,591  INFO [main] HiveMetaStore.audit: ugi=alex	ip=unknown-ip-addr	cmd=get_database: default	
2024-04-24T01:29:19,594  INFO [main] ql.Driver: Semantic Analysis Completed (retrial = false)
2024-04-24T01:29:19,594  INFO [main] ql.Driver: Created Hive schema: Schema(fieldSchemas:null, properties:null)
2024-04-24T01:29:19,594  INFO [main] metadata.Hive: Dumping metastore api call timing information for : compilation phase
2024-04-24T01:29:19,594  INFO [main] metadata.Hive: Total time spent in each metastore function (ms): {commitTxn_(CommitTxnRequest)=12, isCompatibleWith_(Configuration)=1, flushCache_()=0, getValidTxns_(long)=0, openTxn_(String, TxnType)=3, getValidWriteIds_(List, String)=3, getDatabase_(String)=3}
2024-04-24T01:29:19,595  INFO [main] ql.Driver: Completed compiling command(queryId=alex_20240424012919_dd16eb74-cb88-4ebd-920f-be4067565663); Time taken: 0.013 seconds
2024-04-24T01:29:19,595  INFO [main] lockmgr.DbTxnManager: Setting lock request transaction to txnid:38 for queryId=alex_20240424012919_dd16eb74-cb88-4ebd-920f-be4067565663
2024-04-24T01:29:19,595  INFO [main] lockmgr.DbLockManager: Requesting lock for queryId=alex_20240424012919_dd16eb74-cb88-4ebd-920f-be4067565663
2024-04-24T01:29:19,621  INFO [main] lockmgr.DbLockManager: Response to queryId=alex_20240424012919_dd16eb74-cb88-4ebd-920f-be4067565663 LockResponse(lockid:18, state:ACQUIRED)
2024-04-24T01:29:19,621  INFO [main] ql.Driver: Operation CREATETABLE obtained 1 locks
2024-04-24T01:29:19,621  INFO [main] ql.Driver: Executing command(queryId=alex_20240424012919_dd16eb74-cb88-4ebd-920f-be4067565663): create table manoutout (a string) partitioned by (p string) location '/home/alex/Repositories/hive/ql/target/tmp/org.apache.hadoop.hive.ql.util.TestHiveStrictManagedMigration-1713947339080/tmp/manoutout'
2024-04-24T01:29:19,622  INFO [main] ql.Driver: Starting task [Stage-0:DDL] in serial mode
2024-04-24T01:29:19,623  INFO [main] HiveMetaStore.audit: ugi=alex	ip=unknown-ip-addr	cmd=create_table_req: Table(tableName:manoutout, dbName:default, owner:alex, createTime:1713947359, lastAccessTime:0, retention:0, sd:StorageDescriptor(cols:[FieldSchema(name:a, type:string, comment:null)], location:file:/home/alex/Repositories/hive/ql/target/tmp/org.apache.hadoop.hive.ql.util.TestHiveStrictManagedMigration-1713947339080/tmp/manoutout, inputFormat:org.apache.hadoop.mapred.TextInputFormat, outputFormat:org.apache.hadoop.hive.ql.io.HiveIgnoreKeyTextOutputFormat, compressed:false, numBuckets:-1, serdeInfo:SerDeInfo(name:null, serializationLib:org.apache.hadoop.hive.serde2.lazy.LazySimpleSerDe, parameters:{serialization.format=1}), bucketCols:[], sortCols:[], parameters:{}, skewedInfo:SkewedInfo(skewedColNames:[], skewedColValues:[], skewedColValueLocationMaps:{}), storedAsSubDirectories:false), partitionKeys:[FieldSchema(name:p, type:string, comment:null)], parameters:{bucketing_version=2}, viewOriginalText:null, viewExpandedText:null, tableType:MANAGED_TABLE, privileges:PrincipalPrivilegeSet(userPrivileges:{alex=[PrivilegeGrantInfo(privilege:INSERT, createTime:-1, grantor:alex, grantorType:USER, grantOption:true), PrivilegeGrantInfo(privilege:SELECT, createTime:-1, grantor:alex, grantorType:USER, grantOption:true), PrivilegeGrantInfo(privilege:UPDATE, createTime:-1, grantor:alex, grantorType:USER, grantOption:true), PrivilegeGrantInfo(privilege:DELETE, createTime:-1, grantor:alex, grantorType:USER, grantOption:true)]}, groupPrivileges:null, rolePrivileges:null), temporary:false, catName:hive, ownerType:USER)	
2024-04-24T01:29:19,633  WARN [main] metastore.HMSHandler: Location: file:/home/alex/Repositories/hive/ql/target/tmp/org.apache.hadoop.hive.ql.util.TestHiveStrictManagedMigration-1713947339080/tmp/manoutout specified for non-external table:manoutout
2024-04-24T01:29:19,633  INFO [main] utils.FileUtils: Creating directory if it doesn't exist: file:/home/alex/Repositories/hive/ql/target/tmp/org.apache.hadoop.hive.ql.util.TestHiveStrictManagedMigration-1713947339080/tmp/manoutout
2024-04-24T01:29:19,673  INFO [main] metadata.Hive: Dumping metastore api call timing information for : execution phase
2024-04-24T01:29:19,673  INFO [main] metadata.Hive: Total time spent in each metastore function (ms): {isCompatibleWith_(Configuration)=0, createTable_(Table)=50}
2024-04-24T01:29:19,674  INFO [main] ql.Driver: Completed executing command(queryId=alex_20240424012919_dd16eb74-cb88-4ebd-920f-be4067565663); Time taken: 0.052 seconds
2024-04-24T01:29:19,674  INFO [main] lockmgr.DbTxnManager: Stopped heartbeat for query: alex_20240424012919_dd16eb74-cb88-4ebd-920f-be4067565663
2024-04-24T01:29:19,680  INFO [main] txn.TxnHandler: Expected to move at least one record from txn_components to completed_txn_components when committing txn! txnid:38
2024-04-24T01:29:19,691  INFO [main] txn.TxnHandler: Removed transactions: ([38]) from MIN_HISTORY_LEVEL
2024-04-24T01:29:19,691  WARN [main] txn.CompactionTxnHandler: No compaction queue record found for Compaction type transaction commit. txnId:38
2024-04-24T01:29:19,692  INFO [main] ql.TxnCommandsBaseForTests: Running the query: alter table manoutout add partition (p='p1')
2024-04-24T01:29:19,692  INFO [main] ql.Driver: Compiling command(queryId=alex_20240424012919_2b6482b3-62bf-4b6f-89ab-8ec97548a375): alter table manoutout add partition (p='p1')
2024-04-24T01:29:19,696  INFO [main] txn.TxnHandler: Added entries to MIN_HISTORY_LEVEL for current txns: ([39]) with min_open_txn: 31
2024-04-24T01:29:19,697  INFO [main] lockmgr.DbTxnManager: Opened txnid:39
2024-04-24T01:29:19,698  INFO [main] HiveMetaStore.audit: ugi=alex	ip=unknown-ip-addr	cmd=get_table : tbl=hive.default.manoutout	
2024-04-24T01:29:19,744  INFO [main] metastore.HMSHandler: Skipping translation for processor with null
2024-04-24T01:29:19,745  INFO [main] ql.Driver: Semantic Analysis Completed (retrial = false)
2024-04-24T01:29:19,745  INFO [main] ql.Driver: Created Hive schema: Schema(fieldSchemas:null, properties:null)
2024-04-24T01:29:19,745  INFO [main] metadata.Hive: Dumping metastore api call timing information for : compilation phase
2024-04-24T01:29:19,745  INFO [main] metadata.Hive: Total time spent in each metastore function (ms): {getTable_(GetTableRequest)=46, getValidTxns_(long)=1, flushCache_()=0, openTxn_(String, TxnType)=4, isCompatibleWith_(Configuration)=0, commitTxn_(CommitTxnRequest)=18}
2024-04-24T01:29:19,745  INFO [main] ql.Driver: Completed compiling command(queryId=alex_20240424012919_2b6482b3-62bf-4b6f-89ab-8ec97548a375); Time taken: 0.053 seconds
2024-04-24T01:29:19,746  INFO [main] lockmgr.DbTxnManager: Setting lock request transaction to txnid:39 for queryId=alex_20240424012919_2b6482b3-62bf-4b6f-89ab-8ec97548a375
2024-04-24T01:29:19,746  INFO [main] lockmgr.DbLockManager: Requesting lock for queryId=alex_20240424012919_2b6482b3-62bf-4b6f-89ab-8ec97548a375
2024-04-24T01:29:19,772  INFO [main] lockmgr.DbLockManager: Response to queryId=alex_20240424012919_2b6482b3-62bf-4b6f-89ab-8ec97548a375 LockResponse(lockid:19, state:ACQUIRED)
2024-04-24T01:29:19,772  INFO [main] ql.Driver: Operation ALTERTABLE_ADDPARTS obtained 1 locks
2024-04-24T01:29:19,772  INFO [main] ql.Driver: Executing command(queryId=alex_20240424012919_2b6482b3-62bf-4b6f-89ab-8ec97548a375): alter table manoutout add partition (p='p1')
2024-04-24T01:29:19,772  INFO [main] ql.Driver: Starting task [Stage-0:DDL] in serial mode
2024-04-24T01:29:19,772  INFO [main] HiveMetaStore.audit: ugi=alex	ip=unknown-ip-addr	cmd=get_table : tbl=hive.default.manoutout	
2024-04-24T01:29:19,790  INFO [main] metastore.HMSHandler: Skipping translation for processor with null
2024-04-24T01:29:19,790  INFO [main] HiveMetaStore.audit: ugi=alex	ip=unknown-ip-addr	cmd=add_partitions	
2024-04-24T01:29:19,816  INFO [HMSHandler #6] utils.FileUtils: Creating directory if it doesn't exist: file:/home/alex/Repositories/hive/ql/target/tmp/org.apache.hadoop.hive.ql.util.TestHiveStrictManagedMigration-1713947339080/tmp/manoutout/p=p1
2024-04-24T01:29:19,852  INFO [main] metadata.Hive: Dumping metastore api call timing information for : execution phase
2024-04-24T01:29:19,853  INFO [main] metadata.Hive: Total time spent in each metastore function (ms): {getTable_(GetTableRequest)=18, add_partitions_(List, boolean, boolean)=62, isCompatibleWith_(Configuration)=0}
2024-04-24T01:29:19,853  INFO [main] ql.Driver: Completed executing command(queryId=alex_20240424012919_2b6482b3-62bf-4b6f-89ab-8ec97548a375); Time taken: 0.08 seconds
2024-04-24T01:29:19,853  INFO [main] lockmgr.DbTxnManager: Stopped heartbeat for query: alex_20240424012919_2b6482b3-62bf-4b6f-89ab-8ec97548a375
2024-04-24T01:29:19,859  INFO [main] txn.TxnHandler: Expected to move at least one record from txn_components to completed_txn_components when committing txn! txnid:39
2024-04-24T01:29:19,870  INFO [main] txn.TxnHandler: Removed transactions: ([39]) from MIN_HISTORY_LEVEL
2024-04-24T01:29:19,870  WARN [main] txn.CompactionTxnHandler: No compaction queue record found for Compaction type transaction commit. txnId:39
2024-04-24T01:29:19,871  INFO [main] ql.TxnCommandsBaseForTests: Running the query: alter table manoutout add partition (p='p2')
2024-04-24T01:29:19,872  INFO [main] ql.Driver: Compiling command(queryId=alex_20240424012919_c4429d19-6605-4e78-b151-c2f7b150a1da): alter table manoutout add partition (p='p2')
2024-04-24T01:29:19,877  INFO [main] txn.TxnHandler: Added entries to MIN_HISTORY_LEVEL for current txns: ([40]) with min_open_txn: 32
2024-04-24T01:29:19,877  INFO [main] lockmgr.DbTxnManager: Opened txnid:40
2024-04-24T01:29:19,878  INFO [main] HiveMetaStore.audit: ugi=alex	ip=unknown-ip-addr	cmd=get_table : tbl=hive.default.manoutout	
2024-04-24T01:29:19,897  INFO [main] metastore.HMSHandler: Skipping translation for processor with null
2024-04-24T01:29:19,898  INFO [main] ql.Driver: Semantic Analysis Completed (retrial = false)
2024-04-24T01:29:19,898  INFO [main] ql.Driver: Created Hive schema: Schema(fieldSchemas:null, properties:null)
2024-04-24T01:29:19,898  INFO [main] metadata.Hive: Dumping metastore api call timing information for : compilation phase
2024-04-24T01:29:19,898  INFO [main] metadata.Hive: Total time spent in each metastore function (ms): {commitTxn_(CommitTxnRequest)=18, isCompatibleWith_(Configuration)=0, getValidTxns_(long)=1, openTxn_(String, TxnType)=4, getTable_(GetTableRequest)=19, flushCache_()=0}
2024-04-24T01:29:19,899  INFO [main] ql.Driver: Completed compiling command(queryId=alex_20240424012919_c4429d19-6605-4e78-b151-c2f7b150a1da); Time taken: 0.026 seconds
2024-04-24T01:29:19,899  INFO [main] lockmgr.DbTxnManager: Setting lock request transaction to txnid:40 for queryId=alex_20240424012919_c4429d19-6605-4e78-b151-c2f7b150a1da
2024-04-24T01:29:19,899  INFO [main] lockmgr.DbLockManager: Requesting lock for queryId=alex_20240424012919_c4429d19-6605-4e78-b151-c2f7b150a1da
2024-04-24T01:29:19,925  INFO [main] lockmgr.DbLockManager: Response to queryId=alex_20240424012919_c4429d19-6605-4e78-b151-c2f7b150a1da LockResponse(lockid:20, state:ACQUIRED)
2024-04-24T01:29:19,925  INFO [main] ql.Driver: Operation ALTERTABLE_ADDPARTS obtained 1 locks
2024-04-24T01:29:19,926  INFO [main] ql.Driver: Executing command(queryId=alex_20240424012919_c4429d19-6605-4e78-b151-c2f7b150a1da): alter table manoutout add partition (p='p2')
2024-04-24T01:29:19,926  INFO [main] ql.Driver: Starting task [Stage-0:DDL] in serial mode
2024-04-24T01:29:19,926  INFO [main] HiveMetaStore.audit: ugi=alex	ip=unknown-ip-addr	cmd=get_table : tbl=hive.default.manoutout	
2024-04-24T01:29:19,945  INFO [main] metastore.HMSHandler: Skipping translation for processor with null
2024-04-24T01:29:19,946  INFO [main] HiveMetaStore.audit: ugi=alex	ip=unknown-ip-addr	cmd=add_partitions	
2024-04-24T01:29:19,965  INFO [HMSHandler #7] utils.FileUtils: Creating directory if it doesn't exist: file:/home/alex/Repositories/hive/ql/target/tmp/org.apache.hadoop.hive.ql.util.TestHiveStrictManagedMigration-1713947339080/tmp/manoutout/p=p2
2024-04-24T01:29:19,984  INFO [main] metadata.Hive: Dumping metastore api call timing information for : execution phase
2024-04-24T01:29:19,984  INFO [main] metadata.Hive: Total time spent in each metastore function (ms): {getTable_(GetTableRequest)=19, isCompatibleWith_(Configuration)=0, add_partitions_(List, boolean, boolean)=38}
2024-04-24T01:29:19,984  INFO [main] ql.Driver: Completed executing command(queryId=alex_20240424012919_c4429d19-6605-4e78-b151-c2f7b150a1da); Time taken: 0.058 seconds
2024-04-24T01:29:19,984  INFO [main] lockmgr.DbTxnManager: Stopped heartbeat for query: alex_20240424012919_c4429d19-6605-4e78-b151-c2f7b150a1da
2024-04-24T01:29:19,989  INFO [main] txn.TxnHandler: Expected to move at least one record from txn_components to completed_txn_components when committing txn! txnid:40
2024-04-24T01:29:19,998  INFO [main] txn.TxnHandler: Removed transactions: ([40]) from MIN_HISTORY_LEVEL
2024-04-24T01:29:19,998  WARN [main] txn.CompactionTxnHandler: No compaction queue record found for Compaction type transaction commit. txnId:40
2024-04-24T01:29:19,999  INFO [main] ql.TxnCommandsBaseForTests: Running the query: create external table extwhnone (a string)
2024-04-24T01:29:19,999  INFO [main] ql.Driver: Compiling command(queryId=alex_20240424012919_58a57ec5-e9a5-4bb8-92e0-8b20aa6e1bb8): create external table extwhnone (a string)
2024-04-24T01:29:20,003  INFO [main] txn.TxnHandler: Added entries to MIN_HISTORY_LEVEL for current txns: ([41]) with min_open_txn: 33
2024-04-24T01:29:20,004  INFO [main] lockmgr.DbTxnManager: Opened txnid:41
2024-04-24T01:29:20,013  INFO [main] HiveMetaStore.audit: ugi=alex	ip=unknown-ip-addr	cmd=get_database: default	
2024-04-24T01:29:20,016  INFO [main] ql.Driver: Semantic Analysis Completed (retrial = false)
2024-04-24T01:29:20,016  INFO [main] ql.Driver: Created Hive schema: Schema(fieldSchemas:null, properties:null)
2024-04-24T01:29:20,016  INFO [main] metadata.Hive: Dumping metastore api call timing information for : compilation phase
2024-04-24T01:29:20,017  INFO [main] metadata.Hive: Total time spent in each metastore function (ms): {flushCache_()=0, commitTxn_(CommitTxnRequest)=15, isCompatibleWith_(Configuration)=0, getValidTxns_(long)=1, openTxn_(String, TxnType)=4, getDatabase_(String)=3, getValidWriteIds_(List, String)=8}
2024-04-24T01:29:20,017  INFO [main] ql.Driver: Completed compiling command(queryId=alex_20240424012919_58a57ec5-e9a5-4bb8-92e0-8b20aa6e1bb8); Time taken: 0.017 seconds
2024-04-24T01:29:20,017  INFO [main] lockmgr.DbTxnManager: Setting lock request transaction to txnid:41 for queryId=alex_20240424012919_58a57ec5-e9a5-4bb8-92e0-8b20aa6e1bb8
2024-04-24T01:29:20,018  INFO [main] lockmgr.DbLockManager: Requesting lock for queryId=alex_20240424012919_58a57ec5-e9a5-4bb8-92e0-8b20aa6e1bb8
2024-04-24T01:29:20,043  INFO [main] lockmgr.DbLockManager: Response to queryId=alex_20240424012919_58a57ec5-e9a5-4bb8-92e0-8b20aa6e1bb8 LockResponse(lockid:21, state:ACQUIRED)
2024-04-24T01:29:20,043  INFO [main] ql.Driver: Operation CREATETABLE obtained 1 locks
2024-04-24T01:29:20,043  INFO [main] ql.Driver: Executing command(queryId=alex_20240424012919_58a57ec5-e9a5-4bb8-92e0-8b20aa6e1bb8): create external table extwhnone (a string)
2024-04-24T01:29:20,043  INFO [main] ql.Driver: Starting task [Stage-0:DDL] in serial mode
2024-04-24T01:29:20,045  INFO [main] HiveMetaStore.audit: ugi=alex	ip=unknown-ip-addr	cmd=create_table_req: Table(tableName:extwhnone, dbName:default, owner:alex, createTime:1713947360, lastAccessTime:0, retention:0, sd:StorageDescriptor(cols:[FieldSchema(name:a, type:string, comment:null)], location:null, inputFormat:org.apache.hadoop.mapred.TextInputFormat, outputFormat:org.apache.hadoop.hive.ql.io.HiveIgnoreKeyTextOutputFormat, compressed:false, numBuckets:-1, serdeInfo:SerDeInfo(name:null, serializationLib:org.apache.hadoop.hive.serde2.lazy.LazySimpleSerDe, parameters:{serialization.format=1}), bucketCols:[], sortCols:[], parameters:{}, skewedInfo:SkewedInfo(skewedColNames:[], skewedColValues:[], skewedColValueLocationMaps:{}), storedAsSubDirectories:false), partitionKeys:[], parameters:{bucketing_version=2, rawDataSize=0, numRows=0, COLUMN_STATS_ACCURATE={"BASIC_STATS":"true","COLUMN_STATS":{"a":"true"}}, numFiles=0, totalSize=0, EXTERNAL=TRUE, numFilesErasureCoded=0}, viewOriginalText:null, viewExpandedText:null, tableType:EXTERNAL_TABLE, privileges:PrincipalPrivilegeSet(userPrivileges:{alex=[PrivilegeGrantInfo(privilege:INSERT, createTime:-1, grantor:alex, grantorType:USER, grantOption:true), PrivilegeGrantInfo(privilege:SELECT, createTime:-1, grantor:alex, grantorType:USER, grantOption:true), PrivilegeGrantInfo(privilege:UPDATE, createTime:-1, grantor:alex, grantorType:USER, grantOption:true), PrivilegeGrantInfo(privilege:DELETE, createTime:-1, grantor:alex, grantorType:USER, grantOption:true)]}, groupPrivileges:null, rolePrivileges:null), temporary:false, catName:hive, ownerType:USER)	
2024-04-24T01:29:20,055  INFO [main] utils.FileUtils: Creating directory if it doesn't exist: file:/home/alex/Repositories/hive/ql/target/tmp/org.apache.hadoop.hive.ql.util.TestHiveStrictManagedMigration-1713947339080/newWarehouse/extwhnone
2024-04-24T01:29:20,081  INFO [main] metadata.Hive: Dumping metastore api call timing information for : execution phase
2024-04-24T01:29:20,081  INFO [main] metadata.Hive: Total time spent in each metastore function (ms): {isCompatibleWith_(Configuration)=0, createTable_(Table)=35}
2024-04-24T01:29:20,081  INFO [main] ql.Driver: Completed executing command(queryId=alex_20240424012919_58a57ec5-e9a5-4bb8-92e0-8b20aa6e1bb8); Time taken: 0.038 seconds
2024-04-24T01:29:20,081  INFO [main] lockmgr.DbTxnManager: Stopped heartbeat for query: alex_20240424012919_58a57ec5-e9a5-4bb8-92e0-8b20aa6e1bb8
2024-04-24T01:29:20,087  INFO [main] txn.TxnHandler: Expected to move at least one record from txn_components to completed_txn_components when committing txn! txnid:41
2024-04-24T01:29:20,096  INFO [main] txn.TxnHandler: Removed transactions: ([41]) from MIN_HISTORY_LEVEL
2024-04-24T01:29:20,096  WARN [main] txn.CompactionTxnHandler: No compaction queue record found for Compaction type transaction commit. txnId:41
2024-04-24T01:29:20,097  INFO [main] ql.TxnCommandsBaseForTests: Running the query: create external table extoutnone (a string) location '/home/alex/Repositories/hive/ql/target/tmp/org.apache.hadoop.hive.ql.util.TestHiveStrictManagedMigration-1713947339080/tmp/extoutnone'
2024-04-24T01:29:20,097  INFO [main] ql.Driver: Compiling command(queryId=alex_20240424012920_67e949dc-28b6-4490-92bf-56f139a3b65b): create external table extoutnone (a string) location '/home/alex/Repositories/hive/ql/target/tmp/org.apache.hadoop.hive.ql.util.TestHiveStrictManagedMigration-1713947339080/tmp/extoutnone'
2024-04-24T01:29:20,101  INFO [main] txn.TxnHandler: Added entries to MIN_HISTORY_LEVEL for current txns: ([42]) with min_open_txn: 34
2024-04-24T01:29:20,101  INFO [main] lockmgr.DbTxnManager: Opened txnid:42
2024-04-24T01:29:20,107  INFO [main] HiveMetaStore.audit: ugi=alex	ip=unknown-ip-addr	cmd=get_database: default	
2024-04-24T01:29:20,109  INFO [main] ql.Driver: Semantic Analysis Completed (retrial = false)
2024-04-24T01:29:20,109  INFO [main] ql.Driver: Created Hive schema: Schema(fieldSchemas:null, properties:null)
2024-04-24T01:29:20,109  INFO [main] metadata.Hive: Dumping metastore api call timing information for : compilation phase
2024-04-24T01:29:20,110  INFO [main] metadata.Hive: Total time spent in each metastore function (ms): {getValidWriteIds_(List, String)=3, isCompatibleWith_(Configuration)=0, commitTxn_(CommitTxnRequest)=16, openTxn_(String, TxnType)=3, flushCache_()=0, getValidTxns_(long)=1, getDatabase_(String)=2}
2024-04-24T01:29:20,110  INFO [main] ql.Driver: Completed compiling command(queryId=alex_20240424012920_67e949dc-28b6-4490-92bf-56f139a3b65b); Time taken: 0.012 seconds
2024-04-24T01:29:20,110  INFO [main] lockmgr.DbTxnManager: Setting lock request transaction to txnid:42 for queryId=alex_20240424012920_67e949dc-28b6-4490-92bf-56f139a3b65b
2024-04-24T01:29:20,110  INFO [main] lockmgr.DbLockManager: Requesting lock for queryId=alex_20240424012920_67e949dc-28b6-4490-92bf-56f139a3b65b
2024-04-24T01:29:20,132  INFO [main] lockmgr.DbLockManager: Response to queryId=alex_20240424012920_67e949dc-28b6-4490-92bf-56f139a3b65b LockResponse(lockid:22, state:ACQUIRED)
2024-04-24T01:29:20,132  INFO [main] ql.Driver: Operation CREATETABLE obtained 1 locks
2024-04-24T01:29:20,132  INFO [main] ql.Driver: Executing command(queryId=alex_20240424012920_67e949dc-28b6-4490-92bf-56f139a3b65b): create external table extoutnone (a string) location '/home/alex/Repositories/hive/ql/target/tmp/org.apache.hadoop.hive.ql.util.TestHiveStrictManagedMigration-1713947339080/tmp/extoutnone'
2024-04-24T01:29:20,132  INFO [main] ql.Driver: Starting task [Stage-0:DDL] in serial mode
2024-04-24T01:29:20,134  INFO [main] HiveMetaStore.audit: ugi=alex	ip=unknown-ip-addr	cmd=create_table_req: Table(tableName:extoutnone, dbName:default, owner:alex, createTime:1713947360, lastAccessTime:0, retention:0, sd:StorageDescriptor(cols:[FieldSchema(name:a, type:string, comment:null)], location:file:/home/alex/Repositories/hive/ql/target/tmp/org.apache.hadoop.hive.ql.util.TestHiveStrictManagedMigration-1713947339080/tmp/extoutnone, inputFormat:org.apache.hadoop.mapred.TextInputFormat, outputFormat:org.apache.hadoop.hive.ql.io.HiveIgnoreKeyTextOutputFormat, compressed:false, numBuckets:-1, serdeInfo:SerDeInfo(name:null, serializationLib:org.apache.hadoop.hive.serde2.lazy.LazySimpleSerDe, parameters:{serialization.format=1}), bucketCols:[], sortCols:[], parameters:{}, skewedInfo:SkewedInfo(skewedColNames:[], skewedColValues:[], skewedColValueLocationMaps:{}), storedAsSubDirectories:false), partitionKeys:[], parameters:{EXTERNAL=TRUE, bucketing_version=2}, viewOriginalText:null, viewExpandedText:null, tableType:EXTERNAL_TABLE, privileges:PrincipalPrivilegeSet(userPrivileges:{alex=[PrivilegeGrantInfo(privilege:INSERT, createTime:-1, grantor:alex, grantorType:USER, grantOption:true), PrivilegeGrantInfo(privilege:SELECT, createTime:-1, grantor:alex, grantorType:USER, grantOption:true), PrivilegeGrantInfo(privilege:UPDATE, createTime:-1, grantor:alex, grantorType:USER, grantOption:true), PrivilegeGrantInfo(privilege:DELETE, createTime:-1, grantor:alex, grantorType:USER, grantOption:true)]}, groupPrivileges:null, rolePrivileges:null), temporary:false, catName:hive, ownerType:USER)	
2024-04-24T01:29:20,140  INFO [main] utils.FileUtils: Creating directory if it doesn't exist: file:/home/alex/Repositories/hive/ql/target/tmp/org.apache.hadoop.hive.ql.util.TestHiveStrictManagedMigration-1713947339080/tmp/extoutnone
2024-04-24T01:29:20,165  INFO [main] metadata.Hive: Dumping metastore api call timing information for : execution phase
2024-04-24T01:29:20,165  INFO [main] metadata.Hive: Total time spent in each metastore function (ms): {createTable_(Table)=31, isCompatibleWith_(Configuration)=1}
2024-04-24T01:29:20,165  INFO [main] ql.Driver: Completed executing command(queryId=alex_20240424012920_67e949dc-28b6-4490-92bf-56f139a3b65b); Time taken: 0.033 seconds
2024-04-24T01:29:20,165  INFO [main] lockmgr.DbTxnManager: Stopped heartbeat for query: alex_20240424012920_67e949dc-28b6-4490-92bf-56f139a3b65b
2024-04-24T01:29:20,170  INFO [main] txn.TxnHandler: Expected to move at least one record from txn_components to completed_txn_components when committing txn! txnid:42
2024-04-24T01:29:20,177  INFO [main] txn.TxnHandler: Removed transactions: ([42]) from MIN_HISTORY_LEVEL
2024-04-24T01:29:20,177  WARN [main] txn.CompactionTxnHandler: No compaction queue record found for Compaction type transaction commit. txnId:42
2024-04-24T01:29:20,178  INFO [main] ql.TxnCommandsBaseForTests: Running the query: create external table extwhwh (a string) partitioned by (p string)
2024-04-24T01:29:20,178  INFO [main] ql.Driver: Compiling command(queryId=alex_20240424012920_51144b2c-2730-4e63-891d-f4feaae47cf4): create external table extwhwh (a string) partitioned by (p string)
2024-04-24T01:29:20,181  INFO [main] txn.TxnHandler: Added entries to MIN_HISTORY_LEVEL for current txns: ([43]) with min_open_txn: 34
2024-04-24T01:29:20,181  INFO [main] lockmgr.DbTxnManager: Opened txnid:43
2024-04-24T01:29:20,185  INFO [main] HiveMetaStore.audit: ugi=alex	ip=unknown-ip-addr	cmd=get_database: default	
2024-04-24T01:29:20,187  INFO [main] ql.Driver: Semantic Analysis Completed (retrial = false)
2024-04-24T01:29:20,187  INFO [main] ql.Driver: Created Hive schema: Schema(fieldSchemas:null, properties:null)
2024-04-24T01:29:20,187  INFO [main] metadata.Hive: Dumping metastore api call timing information for : compilation phase
2024-04-24T01:29:20,188  INFO [main] metadata.Hive: Total time spent in each metastore function (ms): {flushCache_()=0, isCompatibleWith_(Configuration)=0, getDatabase_(String)=2, getValidTxns_(long)=1, commitTxn_(CommitTxnRequest)=12, openTxn_(String, TxnType)=2, getValidWriteIds_(List, String)=3}
2024-04-24T01:29:20,188  INFO [main] ql.Driver: Completed compiling command(queryId=alex_20240424012920_51144b2c-2730-4e63-891d-f4feaae47cf4); Time taken: 0.009 seconds
2024-04-24T01:29:20,188  INFO [main] lockmgr.DbTxnManager: Setting lock request transaction to txnid:43 for queryId=alex_20240424012920_51144b2c-2730-4e63-891d-f4feaae47cf4
2024-04-24T01:29:20,188  INFO [main] lockmgr.DbLockManager: Requesting lock for queryId=alex_20240424012920_51144b2c-2730-4e63-891d-f4feaae47cf4
2024-04-24T01:29:20,211  INFO [main] lockmgr.DbLockManager: Response to queryId=alex_20240424012920_51144b2c-2730-4e63-891d-f4feaae47cf4 LockResponse(lockid:23, state:ACQUIRED)
2024-04-24T01:29:20,212  INFO [main] ql.Driver: Operation CREATETABLE obtained 1 locks
2024-04-24T01:29:20,212  INFO [main] ql.Driver: Executing command(queryId=alex_20240424012920_51144b2c-2730-4e63-891d-f4feaae47cf4): create external table extwhwh (a string) partitioned by (p string)
2024-04-24T01:29:20,212  INFO [main] ql.Driver: Starting task [Stage-0:DDL] in serial mode
2024-04-24T01:29:20,213  INFO [main] HiveMetaStore.audit: ugi=alex	ip=unknown-ip-addr	cmd=create_table_req: Table(tableName:extwhwh, dbName:default, owner:alex, createTime:1713947360, lastAccessTime:0, retention:0, sd:StorageDescriptor(cols:[FieldSchema(name:a, type:string, comment:null)], location:null, inputFormat:org.apache.hadoop.mapred.TextInputFormat, outputFormat:org.apache.hadoop.hive.ql.io.HiveIgnoreKeyTextOutputFormat, compressed:false, numBuckets:-1, serdeInfo:SerDeInfo(name:null, serializationLib:org.apache.hadoop.hive.serde2.lazy.LazySimpleSerDe, parameters:{serialization.format=1}), bucketCols:[], sortCols:[], parameters:{}, skewedInfo:SkewedInfo(skewedColNames:[], skewedColValues:[], skewedColValueLocationMaps:{}), storedAsSubDirectories:false), partitionKeys:[FieldSchema(name:p, type:string, comment:null)], parameters:{bucketing_version=2, EXTERNAL=TRUE}, viewOriginalText:null, viewExpandedText:null, tableType:EXTERNAL_TABLE, privileges:PrincipalPrivilegeSet(userPrivileges:{alex=[PrivilegeGrantInfo(privilege:INSERT, createTime:-1, grantor:alex, grantorType:USER, grantOption:true), PrivilegeGrantInfo(privilege:SELECT, createTime:-1, grantor:alex, grantorType:USER, grantOption:true), PrivilegeGrantInfo(privilege:UPDATE, createTime:-1, grantor:alex, grantorType:USER, grantOption:true), PrivilegeGrantInfo(privilege:DELETE, createTime:-1, grantor:alex, grantorType:USER, grantOption:true)]}, groupPrivileges:null, rolePrivileges:null), temporary:false, catName:hive, ownerType:USER)	
2024-04-24T01:29:20,222  INFO [main] utils.FileUtils: Creating directory if it doesn't exist: file:/home/alex/Repositories/hive/ql/target/tmp/org.apache.hadoop.hive.ql.util.TestHiveStrictManagedMigration-1713947339080/newWarehouse/extwhwh
2024-04-24T01:29:20,247  INFO [main] metadata.Hive: Dumping metastore api call timing information for : execution phase
2024-04-24T01:29:20,247  INFO [main] metadata.Hive: Total time spent in each metastore function (ms): {isCompatibleWith_(Configuration)=0, createTable_(Table)=34}
2024-04-24T01:29:20,247  INFO [main] ql.Driver: Completed executing command(queryId=alex_20240424012920_51144b2c-2730-4e63-891d-f4feaae47cf4); Time taken: 0.035 seconds
2024-04-24T01:29:20,248  INFO [main] lockmgr.DbTxnManager: Stopped heartbeat for query: alex_20240424012920_51144b2c-2730-4e63-891d-f4feaae47cf4
2024-04-24T01:29:20,253  INFO [main] txn.TxnHandler: Expected to move at least one record from txn_components to completed_txn_components when committing txn! txnid:43
2024-04-24T01:29:20,263  INFO [main] txn.TxnHandler: Removed transactions: ([43]) from MIN_HISTORY_LEVEL
2024-04-24T01:29:20,263  WARN [main] txn.CompactionTxnHandler: No compaction queue record found for Compaction type transaction commit. txnId:43
2024-04-24T01:29:20,264  INFO [main] ql.TxnCommandsBaseForTests: Running the query: alter table extwhwh add partition (p='p1')
2024-04-24T01:29:20,264  INFO [main] ql.Driver: Compiling command(queryId=alex_20240424012920_b22c2fd4-4e77-43c2-9d2c-71eb35caf5a4): alter table extwhwh add partition (p='p1')
2024-04-24T01:29:20,268  INFO [main] txn.TxnHandler: Added entries to MIN_HISTORY_LEVEL for current txns: ([44]) with min_open_txn: 35
2024-04-24T01:29:20,269  INFO [main] lockmgr.DbTxnManager: Opened txnid:44
2024-04-24T01:29:20,270  INFO [main] HiveMetaStore.audit: ugi=alex	ip=unknown-ip-addr	cmd=get_table : tbl=hive.default.extwhwh	
2024-04-24T01:29:20,323  INFO [main] metastore.HMSHandler: Skipping translation for processor with null
2024-04-24T01:29:20,324  INFO [main] ql.Driver: Semantic Analysis Completed (retrial = false)
2024-04-24T01:29:20,324  INFO [main] ql.Driver: Created Hive schema: Schema(fieldSchemas:null, properties:null)
2024-04-24T01:29:20,324  INFO [main] metadata.Hive: Dumping metastore api call timing information for : compilation phase
2024-04-24T01:29:20,324  INFO [main] metadata.Hive: Total time spent in each metastore function (ms): {commitTxn_(CommitTxnRequest)=15, flushCache_()=0, getTable_(GetTableRequest)=53, isCompatibleWith_(Configuration)=0, openTxn_(String, TxnType)=4, getValidTxns_(long)=1}
2024-04-24T01:29:20,325  INFO [main] ql.Driver: Completed compiling command(queryId=alex_20240424012920_b22c2fd4-4e77-43c2-9d2c-71eb35caf5a4); Time taken: 0.06 seconds
2024-04-24T01:29:20,325  INFO [main] lockmgr.DbTxnManager: Setting lock request transaction to txnid:44 for queryId=alex_20240424012920_b22c2fd4-4e77-43c2-9d2c-71eb35caf5a4
2024-04-24T01:29:20,325  INFO [main] ql.Driver: Operation ALTERTABLE_ADDPARTS obtained 0 locks
2024-04-24T01:29:20,325  INFO [main] ql.Driver: Executing command(queryId=alex_20240424012920_b22c2fd4-4e77-43c2-9d2c-71eb35caf5a4): alter table extwhwh add partition (p='p1')
2024-04-24T01:29:20,325  INFO [main] ql.Driver: Starting task [Stage-0:DDL] in serial mode
2024-04-24T01:29:20,326  INFO [main] HiveMetaStore.audit: ugi=alex	ip=unknown-ip-addr	cmd=get_table : tbl=hive.default.extwhwh	
2024-04-24T01:29:20,341  INFO [main] metastore.HMSHandler: Skipping translation for processor with null
2024-04-24T01:29:20,342  INFO [main] HiveMetaStore.audit: ugi=alex	ip=unknown-ip-addr	cmd=add_partitions	
2024-04-24T01:29:20,362  INFO [HMSHandler #8] utils.FileUtils: Creating directory if it doesn't exist: file:/home/alex/Repositories/hive/ql/target/tmp/org.apache.hadoop.hive.ql.util.TestHiveStrictManagedMigration-1713947339080/newWarehouse/extwhwh/p=p1
2024-04-24T01:29:20,386  INFO [main] metadata.Hive: Dumping metastore api call timing information for : execution phase
2024-04-24T01:29:20,386  INFO [main] metadata.Hive: Total time spent in each metastore function (ms): {isCompatibleWith_(Configuration)=1, getTable_(GetTableRequest)=16, add_partitions_(List, boolean, boolean)=44}
2024-04-24T01:29:20,386  INFO [main] ql.Driver: Completed executing command(queryId=alex_20240424012920_b22c2fd4-4e77-43c2-9d2c-71eb35caf5a4); Time taken: 0.061 seconds
2024-04-24T01:29:20,386  INFO [main] lockmgr.DbTxnManager: Stopped heartbeat for query: alex_20240424012920_b22c2fd4-4e77-43c2-9d2c-71eb35caf5a4
2024-04-24T01:29:20,392  INFO [main] txn.TxnHandler: Expected to move at least one record from txn_components to completed_txn_components when committing txn! txnid:44
2024-04-24T01:29:20,401  INFO [main] txn.TxnHandler: Removed transactions: ([44]) from MIN_HISTORY_LEVEL
2024-04-24T01:29:20,401  WARN [main] txn.CompactionTxnHandler: No compaction queue record found for Compaction type transaction commit. txnId:44
2024-04-24T01:29:20,402  INFO [main] ql.TxnCommandsBaseForTests: Running the query: alter table extwhwh add partition (p='p2')
2024-04-24T01:29:20,402  INFO [main] ql.Driver: Compiling command(queryId=alex_20240424012920_1e9c6887-7661-4ec1-bcdf-c7387696ccb1): alter table extwhwh add partition (p='p2')
2024-04-24T01:29:20,406  INFO [main] txn.TxnHandler: Added entries to MIN_HISTORY_LEVEL for current txns: ([45]) with min_open_txn: 37
2024-04-24T01:29:20,406  INFO [main] lockmgr.DbTxnManager: Opened txnid:45
2024-04-24T01:29:20,408  INFO [main] HiveMetaStore.audit: ugi=alex	ip=unknown-ip-addr	cmd=get_table : tbl=hive.default.extwhwh	
2024-04-24T01:29:20,424  INFO [main] metastore.HMSHandler: Skipping translation for processor with null
2024-04-24T01:29:20,424  INFO [main] ql.Driver: Semantic Analysis Completed (retrial = false)
2024-04-24T01:29:20,424  INFO [main] ql.Driver: Created Hive schema: Schema(fieldSchemas:null, properties:null)
2024-04-24T01:29:20,425  INFO [main] metadata.Hive: Dumping metastore api call timing information for : compilation phase
2024-04-24T01:29:20,425  INFO [main] metadata.Hive: Total time spent in each metastore function (ms): {getTable_(GetTableRequest)=16, isCompatibleWith_(Configuration)=0, commitTxn_(CommitTxnRequest)=16, flushCache_()=0, getValidTxns_(long)=1, openTxn_(String, TxnType)=3}
2024-04-24T01:29:20,425  INFO [main] ql.Driver: Completed compiling command(queryId=alex_20240424012920_1e9c6887-7661-4ec1-bcdf-c7387696ccb1); Time taken: 0.022 seconds
2024-04-24T01:29:20,425  INFO [main] lockmgr.DbTxnManager: Setting lock request transaction to txnid:45 for queryId=alex_20240424012920_1e9c6887-7661-4ec1-bcdf-c7387696ccb1
2024-04-24T01:29:20,426  INFO [main] ql.Driver: Operation ALTERTABLE_ADDPARTS obtained 0 locks
2024-04-24T01:29:20,426  INFO [main] ql.Driver: Executing command(queryId=alex_20240424012920_1e9c6887-7661-4ec1-bcdf-c7387696ccb1): alter table extwhwh add partition (p='p2')
2024-04-24T01:29:20,426  INFO [main] ql.Driver: Starting task [Stage-0:DDL] in serial mode
2024-04-24T01:29:20,426  INFO [main] HiveMetaStore.audit: ugi=alex	ip=unknown-ip-addr	cmd=get_table : tbl=hive.default.extwhwh	
2024-04-24T01:29:20,442  INFO [main] metastore.HMSHandler: Skipping translation for processor with null
2024-04-24T01:29:20,443  INFO [main] HiveMetaStore.audit: ugi=alex	ip=unknown-ip-addr	cmd=add_partitions	
2024-04-24T01:29:20,459  INFO [HMSHandler #9] utils.FileUtils: Creating directory if it doesn't exist: file:/home/alex/Repositories/hive/ql/target/tmp/org.apache.hadoop.hive.ql.util.TestHiveStrictManagedMigration-1713947339080/newWarehouse/extwhwh/p=p2
2024-04-24T01:29:20,478  INFO [main] metadata.Hive: Dumping metastore api call timing information for : execution phase
2024-04-24T01:29:20,478  INFO [main] metadata.Hive: Total time spent in each metastore function (ms): {isCompatibleWith_(Configuration)=0, getTable_(GetTableRequest)=16, add_partitions_(List, boolean, boolean)=36}
2024-04-24T01:29:20,478  INFO [main] ql.Driver: Completed executing command(queryId=alex_20240424012920_1e9c6887-7661-4ec1-bcdf-c7387696ccb1); Time taken: 0.052 seconds
2024-04-24T01:29:20,478  INFO [main] lockmgr.DbTxnManager: Stopped heartbeat for query: alex_20240424012920_1e9c6887-7661-4ec1-bcdf-c7387696ccb1
2024-04-24T01:29:20,484  INFO [main] txn.TxnHandler: Expected to move at least one record from txn_components to completed_txn_components when committing txn! txnid:45
2024-04-24T01:29:20,491  INFO [main] txn.TxnHandler: Removed transactions: ([45]) from MIN_HISTORY_LEVEL
2024-04-24T01:29:20,492  WARN [main] txn.CompactionTxnHandler: No compaction queue record found for Compaction type transaction commit. txnId:45
2024-04-24T01:29:20,492  INFO [main] ql.TxnCommandsBaseForTests: Running the query: create external table extwhout (a string) partitioned by (p string)
2024-04-24T01:29:20,493  INFO [main] ql.Driver: Compiling command(queryId=alex_20240424012920_5fd4eba1-24e0-4855-9347-e3f17297a249): create external table extwhout (a string) partitioned by (p string)
2024-04-24T01:29:20,495  INFO [main] txn.TxnHandler: Added entries to MIN_HISTORY_LEVEL for current txns: ([46]) with min_open_txn: 38
2024-04-24T01:29:20,496  INFO [main] lockmgr.DbTxnManager: Opened txnid:46
2024-04-24T01:29:20,499  INFO [main] HiveMetaStore.audit: ugi=alex	ip=unknown-ip-addr	cmd=get_database: default	
2024-04-24T01:29:20,501  INFO [main] ql.Driver: Semantic Analysis Completed (retrial = false)
2024-04-24T01:29:20,501  INFO [main] ql.Driver: Created Hive schema: Schema(fieldSchemas:null, properties:null)
2024-04-24T01:29:20,501  INFO [main] metadata.Hive: Dumping metastore api call timing information for : compilation phase
2024-04-24T01:29:20,502  INFO [main] metadata.Hive: Total time spent in each metastore function (ms): {getValidWriteIds_(List, String)=2, openTxn_(String, TxnType)=3, getDatabase_(String)=2, isCompatibleWith_(Configuration)=0, getValidTxns_(long)=0, commitTxn_(CommitTxnRequest)=14, flushCache_()=0}
2024-04-24T01:29:20,502  INFO [main] ql.Driver: Completed compiling command(queryId=alex_20240424012920_5fd4eba1-24e0-4855-9347-e3f17297a249); Time taken: 0.009 seconds
2024-04-24T01:29:20,502  INFO [main] lockmgr.DbTxnManager: Setting lock request transaction to txnid:46 for queryId=alex_20240424012920_5fd4eba1-24e0-4855-9347-e3f17297a249
2024-04-24T01:29:20,502  INFO [main] lockmgr.DbLockManager: Requesting lock for queryId=alex_20240424012920_5fd4eba1-24e0-4855-9347-e3f17297a249
2024-04-24T01:29:20,523  INFO [main] lockmgr.DbLockManager: Response to queryId=alex_20240424012920_5fd4eba1-24e0-4855-9347-e3f17297a249 LockResponse(lockid:24, state:ACQUIRED)
2024-04-24T01:29:20,523  INFO [main] ql.Driver: Operation CREATETABLE obtained 1 locks
2024-04-24T01:29:20,523  INFO [main] ql.Driver: Executing command(queryId=alex_20240424012920_5fd4eba1-24e0-4855-9347-e3f17297a249): create external table extwhout (a string) partitioned by (p string)
2024-04-24T01:29:20,523  INFO [main] ql.Driver: Starting task [Stage-0:DDL] in serial mode
2024-04-24T01:29:20,524  INFO [main] HiveMetaStore.audit: ugi=alex	ip=unknown-ip-addr	cmd=create_table_req: Table(tableName:extwhout, dbName:default, owner:alex, createTime:1713947360, lastAccessTime:0, retention:0, sd:StorageDescriptor(cols:[FieldSchema(name:a, type:string, comment:null)], location:null, inputFormat:org.apache.hadoop.mapred.TextInputFormat, outputFormat:org.apache.hadoop.hive.ql.io.HiveIgnoreKeyTextOutputFormat, compressed:false, numBuckets:-1, serdeInfo:SerDeInfo(name:null, serializationLib:org.apache.hadoop.hive.serde2.lazy.LazySimpleSerDe, parameters:{serialization.format=1}), bucketCols:[], sortCols:[], parameters:{}, skewedInfo:SkewedInfo(skewedColNames:[], skewedColValues:[], skewedColValueLocationMaps:{}), storedAsSubDirectories:false), partitionKeys:[FieldSchema(name:p, type:string, comment:null)], parameters:{bucketing_version=2, EXTERNAL=TRUE}, viewOriginalText:null, viewExpandedText:null, tableType:EXTERNAL_TABLE, privileges:PrincipalPrivilegeSet(userPrivileges:{alex=[PrivilegeGrantInfo(privilege:INSERT, createTime:-1, grantor:alex, grantorType:USER, grantOption:true), PrivilegeGrantInfo(privilege:SELECT, createTime:-1, grantor:alex, grantorType:USER, grantOption:true), PrivilegeGrantInfo(privilege:UPDATE, createTime:-1, grantor:alex, grantorType:USER, grantOption:true), PrivilegeGrantInfo(privilege:DELETE, createTime:-1, grantor:alex, grantorType:USER, grantOption:true)]}, groupPrivileges:null, rolePrivileges:null), temporary:false, catName:hive, ownerType:USER)	
2024-04-24T01:29:20,536  INFO [main] utils.FileUtils: Creating directory if it doesn't exist: file:/home/alex/Repositories/hive/ql/target/tmp/org.apache.hadoop.hive.ql.util.TestHiveStrictManagedMigration-1713947339080/newWarehouse/extwhout
2024-04-24T01:29:20,553  INFO [main] metadata.Hive: Dumping metastore api call timing information for : execution phase
2024-04-24T01:29:20,553  INFO [main] metadata.Hive: Total time spent in each metastore function (ms): {createTable_(Table)=28, isCompatibleWith_(Configuration)=0}
2024-04-24T01:29:20,553  INFO [main] ql.Driver: Completed executing command(queryId=alex_20240424012920_5fd4eba1-24e0-4855-9347-e3f17297a249); Time taken: 0.03 seconds
2024-04-24T01:29:20,553  INFO [main] lockmgr.DbTxnManager: Stopped heartbeat for query: alex_20240424012920_5fd4eba1-24e0-4855-9347-e3f17297a249
2024-04-24T01:29:20,558  INFO [main] txn.TxnHandler: Expected to move at least one record from txn_components to completed_txn_components when committing txn! txnid:46
2024-04-24T01:29:20,565  INFO [main] txn.TxnHandler: Removed transactions: ([46]) from MIN_HISTORY_LEVEL
2024-04-24T01:29:20,565  WARN [main] txn.CompactionTxnHandler: No compaction queue record found for Compaction type transaction commit. txnId:46
2024-04-24T01:29:20,566  INFO [main] ql.TxnCommandsBaseForTests: Running the query: alter table extwhout add partition (p='p1') location '/home/alex/Repositories/hive/ql/target/tmp/org.apache.hadoop.hive.ql.util.TestHiveStrictManagedMigration-1713947339080/tmp/extwhoutp1'
2024-04-24T01:29:20,566  INFO [main] ql.Driver: Compiling command(queryId=alex_20240424012920_d407fbfc-3101-4e31-80c3-89089c8ba88d): alter table extwhout add partition (p='p1') location '/home/alex/Repositories/hive/ql/target/tmp/org.apache.hadoop.hive.ql.util.TestHiveStrictManagedMigration-1713947339080/tmp/extwhoutp1'
2024-04-24T01:29:20,569  INFO [main] txn.TxnHandler: Added entries to MIN_HISTORY_LEVEL for current txns: ([47]) with min_open_txn: 38
2024-04-24T01:29:20,570  INFO [main] lockmgr.DbTxnManager: Opened txnid:47
2024-04-24T01:29:20,571  INFO [main] HiveMetaStore.audit: ugi=alex	ip=unknown-ip-addr	cmd=get_table : tbl=hive.default.extwhout	
2024-04-24T01:29:20,582  INFO [main] metastore.HMSHandler: Skipping translation for processor with null
2024-04-24T01:29:20,583  INFO [main] ql.Driver: Semantic Analysis Completed (retrial = false)
2024-04-24T01:29:20,583  INFO [main] ql.Driver: Created Hive schema: Schema(fieldSchemas:null, properties:null)
2024-04-24T01:29:20,583  INFO [main] metadata.Hive: Dumping metastore api call timing information for : compilation phase
2024-04-24T01:29:20,583  INFO [main] metadata.Hive: Total time spent in each metastore function (ms): {getTable_(GetTableRequest)=11, commitTxn_(CommitTxnRequest)=12, openTxn_(String, TxnType)=3, getValidTxns_(long)=1, flushCache_()=0, isCompatibleWith_(Configuration)=0}
2024-04-24T01:29:20,583  INFO [main] ql.Driver: Completed compiling command(queryId=alex_20240424012920_d407fbfc-3101-4e31-80c3-89089c8ba88d); Time taken: 0.017 seconds
2024-04-24T01:29:20,583  INFO [main] lockmgr.DbTxnManager: Setting lock request transaction to txnid:47 for queryId=alex_20240424012920_d407fbfc-3101-4e31-80c3-89089c8ba88d
2024-04-24T01:29:20,584  INFO [main] ql.Driver: Operation ALTERTABLE_ADDPARTS obtained 0 locks
2024-04-24T01:29:20,584  INFO [main] ql.Driver: Executing command(queryId=alex_20240424012920_d407fbfc-3101-4e31-80c3-89089c8ba88d): alter table extwhout add partition (p='p1') location '/home/alex/Repositories/hive/ql/target/tmp/org.apache.hadoop.hive.ql.util.TestHiveStrictManagedMigration-1713947339080/tmp/extwhoutp1'
2024-04-24T01:29:20,584  INFO [main] ql.Driver: Starting task [Stage-0:DDL] in serial mode
2024-04-24T01:29:20,584  INFO [main] HiveMetaStore.audit: ugi=alex	ip=unknown-ip-addr	cmd=get_table : tbl=hive.default.extwhout	
2024-04-24T01:29:20,595  INFO [main] metastore.HMSHandler: Skipping translation for processor with null
2024-04-24T01:29:20,595  INFO [main] HiveMetaStore.audit: ugi=alex	ip=unknown-ip-addr	cmd=add_partitions	
2024-04-24T01:29:20,607  INFO [HMSHandler #10] utils.FileUtils: Creating directory if it doesn't exist: file:/home/alex/Repositories/hive/ql/target/tmp/org.apache.hadoop.hive.ql.util.TestHiveStrictManagedMigration-1713947339080/tmp/extwhoutp1
2024-04-24T01:29:20,621  INFO [main] metadata.Hive: Dumping metastore api call timing information for : execution phase
2024-04-24T01:29:20,622  INFO [main] metadata.Hive: Total time spent in each metastore function (ms): {getTable_(GetTableRequest)=11, isCompatibleWith_(Configuration)=0, add_partitions_(List, boolean, boolean)=26}
2024-04-24T01:29:20,622  INFO [main] ql.Driver: Completed executing command(queryId=alex_20240424012920_d407fbfc-3101-4e31-80c3-89089c8ba88d); Time taken: 0.037 seconds
2024-04-24T01:29:20,622  INFO [main] lockmgr.DbTxnManager: Stopped heartbeat for query: alex_20240424012920_d407fbfc-3101-4e31-80c3-89089c8ba88d
2024-04-24T01:29:20,628  INFO [main] txn.TxnHandler: Expected to move at least one record from txn_components to completed_txn_components when committing txn! txnid:47
2024-04-24T01:29:20,636  INFO [main] txn.TxnHandler: Removed transactions: ([47]) from MIN_HISTORY_LEVEL
2024-04-24T01:29:20,636  WARN [main] txn.CompactionTxnHandler: No compaction queue record found for Compaction type transaction commit. txnId:47
2024-04-24T01:29:20,637  INFO [main] ql.TxnCommandsBaseForTests: Running the query: alter table extwhout add partition (p='p2') location '/home/alex/Repositories/hive/ql/target/tmp/org.apache.hadoop.hive.ql.util.TestHiveStrictManagedMigration-1713947339080/tmp/extwhoutp2'
2024-04-24T01:29:20,637  INFO [main] ql.Driver: Compiling command(queryId=alex_20240424012920_334f343c-6c70-4fbd-83bc-d6cc5075be41): alter table extwhout add partition (p='p2') location '/home/alex/Repositories/hive/ql/target/tmp/org.apache.hadoop.hive.ql.util.TestHiveStrictManagedMigration-1713947339080/tmp/extwhoutp2'
2024-04-24T01:29:20,640  INFO [main] txn.TxnHandler: Added entries to MIN_HISTORY_LEVEL for current txns: ([48]) with min_open_txn: 39
2024-04-24T01:29:20,641  INFO [main] lockmgr.DbTxnManager: Opened txnid:48
2024-04-24T01:29:20,642  INFO [main] HiveMetaStore.audit: ugi=alex	ip=unknown-ip-addr	cmd=get_table : tbl=hive.default.extwhout	
2024-04-24T01:29:20,654  INFO [main] metastore.HMSHandler: Skipping translation for processor with null
2024-04-24T01:29:20,655  INFO [main] ql.Driver: Semantic Analysis Completed (retrial = false)
2024-04-24T01:29:20,655  INFO [main] ql.Driver: Created Hive schema: Schema(fieldSchemas:null, properties:null)
2024-04-24T01:29:20,655  INFO [main] metadata.Hive: Dumping metastore api call timing information for : compilation phase
2024-04-24T01:29:20,655  INFO [main] metadata.Hive: Total time spent in each metastore function (ms): {isCompatibleWith_(Configuration)=0, getTable_(GetTableRequest)=12, commitTxn_(CommitTxnRequest)=15, flushCache_()=0, getValidTxns_(long)=1, openTxn_(String, TxnType)=3}
2024-04-24T01:29:20,655  INFO [main] ql.Driver: Completed compiling command(queryId=alex_20240424012920_334f343c-6c70-4fbd-83bc-d6cc5075be41); Time taken: 0.018 seconds
2024-04-24T01:29:20,656  INFO [main] lockmgr.DbTxnManager: Setting lock request transaction to txnid:48 for queryId=alex_20240424012920_334f343c-6c70-4fbd-83bc-d6cc5075be41
2024-04-24T01:29:20,656  INFO [main] ql.Driver: Operation ALTERTABLE_ADDPARTS obtained 0 locks
2024-04-24T01:29:20,656  INFO [main] ql.Driver: Executing command(queryId=alex_20240424012920_334f343c-6c70-4fbd-83bc-d6cc5075be41): alter table extwhout add partition (p='p2') location '/home/alex/Repositories/hive/ql/target/tmp/org.apache.hadoop.hive.ql.util.TestHiveStrictManagedMigration-1713947339080/tmp/extwhoutp2'
2024-04-24T01:29:20,656  INFO [main] ql.Driver: Starting task [Stage-0:DDL] in serial mode
2024-04-24T01:29:20,656  INFO [main] HiveMetaStore.audit: ugi=alex	ip=unknown-ip-addr	cmd=get_table : tbl=hive.default.extwhout	
2024-04-24T01:29:20,670  INFO [main] metastore.HMSHandler: Skipping translation for processor with null
2024-04-24T01:29:20,670  INFO [main] HiveMetaStore.audit: ugi=alex	ip=unknown-ip-addr	cmd=add_partitions	
2024-04-24T01:29:20,684  INFO [HMSHandler #11] utils.FileUtils: Creating directory if it doesn't exist: file:/home/alex/Repositories/hive/ql/target/tmp/org.apache.hadoop.hive.ql.util.TestHiveStrictManagedMigration-1713947339080/tmp/extwhoutp2
2024-04-24T01:29:20,698  INFO [main] metadata.Hive: Dumping metastore api call timing information for : execution phase
2024-04-24T01:29:20,698  INFO [main] metadata.Hive: Total time spent in each metastore function (ms): {getTable_(GetTableRequest)=14, add_partitions_(List, boolean, boolean)=28, isCompatibleWith_(Configuration)=0}
2024-04-24T01:29:20,698  INFO [main] ql.Driver: Completed executing command(queryId=alex_20240424012920_334f343c-6c70-4fbd-83bc-d6cc5075be41); Time taken: 0.042 seconds
2024-04-24T01:29:20,699  INFO [main] lockmgr.DbTxnManager: Stopped heartbeat for query: alex_20240424012920_334f343c-6c70-4fbd-83bc-d6cc5075be41
2024-04-24T01:29:20,705  INFO [main] txn.TxnHandler: Expected to move at least one record from txn_components to completed_txn_components when committing txn! txnid:48
2024-04-24T01:29:20,712  INFO [main] txn.TxnHandler: Removed transactions: ([48]) from MIN_HISTORY_LEVEL
2024-04-24T01:29:20,712  WARN [main] txn.CompactionTxnHandler: No compaction queue record found for Compaction type transaction commit. txnId:48
2024-04-24T01:29:20,713  INFO [main] ql.TxnCommandsBaseForTests: Running the query: create external table extwhmixed (a string) partitioned by (p string)
2024-04-24T01:29:20,713  INFO [main] ql.Driver: Compiling command(queryId=alex_20240424012920_ec8d811a-c04e-4644-859b-efdc79d923cb): create external table extwhmixed (a string) partitioned by (p string)
2024-04-24T01:29:20,716  INFO [main] txn.TxnHandler: Added entries to MIN_HISTORY_LEVEL for current txns: ([49]) with min_open_txn: 40
2024-04-24T01:29:20,716  INFO [main] lockmgr.DbTxnManager: Opened txnid:49
2024-04-24T01:29:20,720  INFO [main] HiveMetaStore.audit: ugi=alex	ip=unknown-ip-addr	cmd=get_database: default	
2024-04-24T01:29:20,723  INFO [main] ql.Driver: Semantic Analysis Completed (retrial = false)
2024-04-24T01:29:20,723  INFO [main] ql.Driver: Created Hive schema: Schema(fieldSchemas:null, properties:null)
2024-04-24T01:29:20,723  INFO [main] metadata.Hive: Dumping metastore api call timing information for : compilation phase
2024-04-24T01:29:20,723  INFO [main] metadata.Hive: Total time spent in each metastore function (ms): {getValidTxns_(long)=0, openTxn_(String, TxnType)=2, getValidWriteIds_(List, String)=2, isCompatibleWith_(Configuration)=1, flushCache_()=0, commitTxn_(CommitTxnRequest)=14, getDatabase_(String)=3}
2024-04-24T01:29:20,723  INFO [main] ql.Driver: Completed compiling command(queryId=alex_20240424012920_ec8d811a-c04e-4644-859b-efdc79d923cb); Time taken: 0.01 seconds
2024-04-24T01:29:20,723  INFO [main] lockmgr.DbTxnManager: Setting lock request transaction to txnid:49 for queryId=alex_20240424012920_ec8d811a-c04e-4644-859b-efdc79d923cb
2024-04-24T01:29:20,724  INFO [main] lockmgr.DbLockManager: Requesting lock for queryId=alex_20240424012920_ec8d811a-c04e-4644-859b-efdc79d923cb
2024-04-24T01:29:21,018  INFO [main] lockmgr.DbLockManager: Response to queryId=alex_20240424012920_ec8d811a-c04e-4644-859b-efdc79d923cb LockResponse(lockid:25, state:ACQUIRED)
2024-04-24T01:29:21,018  INFO [main] ql.Driver: Operation CREATETABLE obtained 1 locks
2024-04-24T01:29:21,018  INFO [main] ql.Driver: Executing command(queryId=alex_20240424012920_ec8d811a-c04e-4644-859b-efdc79d923cb): create external table extwhmixed (a string) partitioned by (p string)
2024-04-24T01:29:21,018  INFO [main] ql.Driver: Starting task [Stage-0:DDL] in serial mode
2024-04-24T01:29:21,020  INFO [main] HiveMetaStore.audit: ugi=alex	ip=unknown-ip-addr	cmd=create_table_req: Table(tableName:extwhmixed, dbName:default, owner:alex, createTime:1713947361, lastAccessTime:0, retention:0, sd:StorageDescriptor(cols:[FieldSchema(name:a, type:string, comment:null)], location:null, inputFormat:org.apache.hadoop.mapred.TextInputFormat, outputFormat:org.apache.hadoop.hive.ql.io.HiveIgnoreKeyTextOutputFormat, compressed:false, numBuckets:-1, serdeInfo:SerDeInfo(name:null, serializationLib:org.apache.hadoop.hive.serde2.lazy.LazySimpleSerDe, parameters:{serialization.format=1}), bucketCols:[], sortCols:[], parameters:{}, skewedInfo:SkewedInfo(skewedColNames:[], skewedColValues:[], skewedColValueLocationMaps:{}), storedAsSubDirectories:false), partitionKeys:[FieldSchema(name:p, type:string, comment:null)], parameters:{bucketing_version=2, EXTERNAL=TRUE}, viewOriginalText:null, viewExpandedText:null, tableType:EXTERNAL_TABLE, privileges:PrincipalPrivilegeSet(userPrivileges:{alex=[PrivilegeGrantInfo(privilege:INSERT, createTime:-1, grantor:alex, grantorType:USER, grantOption:true), PrivilegeGrantInfo(privilege:SELECT, createTime:-1, grantor:alex, grantorType:USER, grantOption:true), PrivilegeGrantInfo(privilege:UPDATE, createTime:-1, grantor:alex, grantorType:USER, grantOption:true), PrivilegeGrantInfo(privilege:DELETE, createTime:-1, grantor:alex, grantorType:USER, grantOption:true)]}, groupPrivileges:null, rolePrivileges:null), temporary:false, catName:hive, ownerType:USER)	
2024-04-24T01:29:21,031  INFO [main] utils.FileUtils: Creating directory if it doesn't exist: file:/home/alex/Repositories/hive/ql/target/tmp/org.apache.hadoop.hive.ql.util.TestHiveStrictManagedMigration-1713947339080/newWarehouse/extwhmixed
2024-04-24T01:29:21,058  INFO [main] metadata.Hive: Dumping metastore api call timing information for : execution phase
2024-04-24T01:29:21,059  INFO [main] metadata.Hive: Total time spent in each metastore function (ms): {isCompatibleWith_(Configuration)=1, createTable_(Table)=38}
2024-04-24T01:29:21,059  INFO [main] ql.Driver: Completed executing command(queryId=alex_20240424012920_ec8d811a-c04e-4644-859b-efdc79d923cb); Time taken: 0.04 seconds
2024-04-24T01:29:21,059  INFO [main] lockmgr.DbTxnManager: Stopped heartbeat for query: alex_20240424012920_ec8d811a-c04e-4644-859b-efdc79d923cb
2024-04-24T01:29:21,066  INFO [main] txn.TxnHandler: Expected to move at least one record from txn_components to completed_txn_components when committing txn! txnid:49
2024-04-24T01:29:21,076  INFO [main] txn.TxnHandler: Removed transactions: ([49]) from MIN_HISTORY_LEVEL
2024-04-24T01:29:21,076  WARN [main] txn.CompactionTxnHandler: No compaction queue record found for Compaction type transaction commit. txnId:49
2024-04-24T01:29:21,077  INFO [main] ql.TxnCommandsBaseForTests: Running the query: alter table extwhmixed add partition (p='p1') location '/home/alex/Repositories/hive/ql/target/tmp/org.apache.hadoop.hive.ql.util.TestHiveStrictManagedMigration-1713947339080/tmp/extwhmixedp1'
2024-04-24T01:29:21,077  INFO [main] ql.Driver: Compiling command(queryId=alex_20240424012921_26874cf4-e23b-4621-bfcc-483f920f2956): alter table extwhmixed add partition (p='p1') location '/home/alex/Repositories/hive/ql/target/tmp/org.apache.hadoop.hive.ql.util.TestHiveStrictManagedMigration-1713947339080/tmp/extwhmixedp1'
2024-04-24T01:29:21,081  INFO [main] txn.TxnHandler: Added entries to MIN_HISTORY_LEVEL for current txns: ([50]) with min_open_txn: 42
2024-04-24T01:29:21,082  INFO [main] lockmgr.DbTxnManager: Opened txnid:50
2024-04-24T01:29:21,083  INFO [main] HiveMetaStore.audit: ugi=alex	ip=unknown-ip-addr	cmd=get_table : tbl=hive.default.extwhmixed	
2024-04-24T01:29:21,102  INFO [main] metastore.HMSHandler: Skipping translation for processor with null
2024-04-24T01:29:21,102  INFO [main] ql.Driver: Semantic Analysis Completed (retrial = false)
2024-04-24T01:29:21,102  INFO [main] ql.Driver: Created Hive schema: Schema(fieldSchemas:null, properties:null)
2024-04-24T01:29:21,102  INFO [main] metadata.Hive: Dumping metastore api call timing information for : compilation phase
2024-04-24T01:29:21,103  INFO [main] metadata.Hive: Total time spent in each metastore function (ms): {commitTxn_(CommitTxnRequest)=17, openTxn_(String, TxnType)=4, isCompatibleWith_(Configuration)=0, getValidTxns_(long)=1, getTable_(GetTableRequest)=19, flushCache_()=0}
2024-04-24T01:29:21,103  INFO [main] ql.Driver: Completed compiling command(queryId=alex_20240424012921_26874cf4-e23b-4621-bfcc-483f920f2956); Time taken: 0.025 seconds
2024-04-24T01:29:21,103  INFO [main] lockmgr.DbTxnManager: Setting lock request transaction to txnid:50 for queryId=alex_20240424012921_26874cf4-e23b-4621-bfcc-483f920f2956
2024-04-24T01:29:21,104  INFO [main] ql.Driver: Operation ALTERTABLE_ADDPARTS obtained 0 locks
2024-04-24T01:29:21,104  INFO [main] ql.Driver: Executing command(queryId=alex_20240424012921_26874cf4-e23b-4621-bfcc-483f920f2956): alter table extwhmixed add partition (p='p1') location '/home/alex/Repositories/hive/ql/target/tmp/org.apache.hadoop.hive.ql.util.TestHiveStrictManagedMigration-1713947339080/tmp/extwhmixedp1'
2024-04-24T01:29:21,104  INFO [main] ql.Driver: Starting task [Stage-0:DDL] in serial mode
2024-04-24T01:29:21,104  INFO [main] HiveMetaStore.audit: ugi=alex	ip=unknown-ip-addr	cmd=get_table : tbl=hive.default.extwhmixed	
2024-04-24T01:29:21,122  INFO [main] metastore.HMSHandler: Skipping translation for processor with null
2024-04-24T01:29:21,123  INFO [main] HiveMetaStore.audit: ugi=alex	ip=unknown-ip-addr	cmd=add_partitions	
2024-04-24T01:29:21,144  INFO [HMSHandler #12] utils.FileUtils: Creating directory if it doesn't exist: file:/home/alex/Repositories/hive/ql/target/tmp/org.apache.hadoop.hive.ql.util.TestHiveStrictManagedMigration-1713947339080/tmp/extwhmixedp1
2024-04-24T01:29:21,166  INFO [main] metadata.Hive: Dumping metastore api call timing information for : execution phase
2024-04-24T01:29:21,166  INFO [main] metadata.Hive: Total time spent in each metastore function (ms): {getTable_(GetTableRequest)=18, add_partitions_(List, boolean, boolean)=43, isCompatibleWith_(Configuration)=0}
2024-04-24T01:29:21,167  INFO [main] ql.Driver: Completed executing command(queryId=alex_20240424012921_26874cf4-e23b-4621-bfcc-483f920f2956); Time taken: 0.062 seconds
2024-04-24T01:29:21,167  INFO [main] lockmgr.DbTxnManager: Stopped heartbeat for query: alex_20240424012921_26874cf4-e23b-4621-bfcc-483f920f2956
2024-04-24T01:29:21,174  INFO [main] txn.TxnHandler: Expected to move at least one record from txn_components to completed_txn_components when committing txn! txnid:50
2024-04-24T01:29:21,183  INFO [main] txn.TxnHandler: Removed transactions: ([50]) from MIN_HISTORY_LEVEL
2024-04-24T01:29:21,183  WARN [main] txn.CompactionTxnHandler: No compaction queue record found for Compaction type transaction commit. txnId:50
2024-04-24T01:29:21,184  INFO [main] ql.TxnCommandsBaseForTests: Running the query: alter table extwhmixed add partition (p='p2')
2024-04-24T01:29:21,184  INFO [main] ql.Driver: Compiling command(queryId=alex_20240424012921_997a2769-907e-4a55-9f16-6a9221b10cef): alter table extwhmixed add partition (p='p2')
2024-04-24T01:29:21,187  INFO [main] txn.TxnHandler: Added entries to MIN_HISTORY_LEVEL for current txns: ([51]) with min_open_txn: 44
2024-04-24T01:29:21,188  INFO [main] lockmgr.DbTxnManager: Opened txnid:51
2024-04-24T01:29:21,189  INFO [main] HiveMetaStore.audit: ugi=alex	ip=unknown-ip-addr	cmd=get_table : tbl=hive.default.extwhmixed	
2024-04-24T01:29:21,205  INFO [main] metastore.HMSHandler: Skipping translation for processor with null
2024-04-24T01:29:21,206  INFO [main] ql.Driver: Semantic Analysis Completed (retrial = false)
2024-04-24T01:29:21,206  INFO [main] ql.Driver: Created Hive schema: Schema(fieldSchemas:null, properties:null)
2024-04-24T01:29:21,206  INFO [main] metadata.Hive: Dumping metastore api call timing information for : compilation phase
2024-04-24T01:29:21,206  INFO [main] metadata.Hive: Total time spent in each metastore function (ms): {flushCache_()=0, getTable_(GetTableRequest)=16, getValidTxns_(long)=1, isCompatibleWith_(Configuration)=0, commitTxn_(CommitTxnRequest)=16, openTxn_(String, TxnType)=3}
2024-04-24T01:29:21,206  INFO [main] ql.Driver: Completed compiling command(queryId=alex_20240424012921_997a2769-907e-4a55-9f16-6a9221b10cef); Time taken: 0.022 seconds
2024-04-24T01:29:21,207  INFO [main] lockmgr.DbTxnManager: Setting lock request transaction to txnid:51 for queryId=alex_20240424012921_997a2769-907e-4a55-9f16-6a9221b10cef
2024-04-24T01:29:21,207  INFO [main] ql.Driver: Operation ALTERTABLE_ADDPARTS obtained 0 locks
2024-04-24T01:29:21,207  INFO [main] ql.Driver: Executing command(queryId=alex_20240424012921_997a2769-907e-4a55-9f16-6a9221b10cef): alter table extwhmixed add partition (p='p2')
2024-04-24T01:29:21,207  INFO [main] ql.Driver: Starting task [Stage-0:DDL] in serial mode
2024-04-24T01:29:21,207  INFO [main] HiveMetaStore.audit: ugi=alex	ip=unknown-ip-addr	cmd=get_table : tbl=hive.default.extwhmixed	
2024-04-24T01:29:21,220  INFO [main] metastore.HMSHandler: Skipping translation for processor with null
2024-04-24T01:29:21,220  INFO [main] HiveMetaStore.audit: ugi=alex	ip=unknown-ip-addr	cmd=add_partitions	
2024-04-24T01:29:21,234  INFO [HMSHandler #13] utils.FileUtils: Creating directory if it doesn't exist: file:/home/alex/Repositories/hive/ql/target/tmp/org.apache.hadoop.hive.ql.util.TestHiveStrictManagedMigration-1713947339080/newWarehouse/extwhmixed/p=p2
2024-04-24T01:29:21,249  INFO [main] metadata.Hive: Dumping metastore api call timing information for : execution phase
2024-04-24T01:29:21,249  INFO [main] metadata.Hive: Total time spent in each metastore function (ms): {add_partitions_(List, boolean, boolean)=29, isCompatibleWith_(Configuration)=0, getTable_(GetTableRequest)=13}
2024-04-24T01:29:21,249  INFO [main] ql.Driver: Completed executing command(queryId=alex_20240424012921_997a2769-907e-4a55-9f16-6a9221b10cef); Time taken: 0.042 seconds
2024-04-24T01:29:21,249  INFO [main] lockmgr.DbTxnManager: Stopped heartbeat for query: alex_20240424012921_997a2769-907e-4a55-9f16-6a9221b10cef
2024-04-24T01:29:21,255  INFO [main] txn.TxnHandler: Expected to move at least one record from txn_components to completed_txn_components when committing txn! txnid:51
2024-04-24T01:29:21,262  INFO [main] txn.TxnHandler: Removed transactions: ([51]) from MIN_HISTORY_LEVEL
2024-04-24T01:29:21,262  WARN [main] txn.CompactionTxnHandler: No compaction queue record found for Compaction type transaction commit. txnId:51
2024-04-24T01:29:21,263  INFO [main] ql.TxnCommandsBaseForTests: Running the query: create external table extoutout (a string) partitioned by (p string) location '/home/alex/Repositories/hive/ql/target/tmp/org.apache.hadoop.hive.ql.util.TestHiveStrictManagedMigration-1713947339080/tmp/extoutout'
2024-04-24T01:29:21,263  INFO [main] ql.Driver: Compiling command(queryId=alex_20240424012921_763eeb6e-e71a-4426-9444-947c898d83bc): create external table extoutout (a string) partitioned by (p string) location '/home/alex/Repositories/hive/ql/target/tmp/org.apache.hadoop.hive.ql.util.TestHiveStrictManagedMigration-1713947339080/tmp/extoutout'
2024-04-24T01:29:21,266  INFO [main] txn.TxnHandler: Added entries to MIN_HISTORY_LEVEL for current txns: ([52]) with min_open_txn: 44
2024-04-24T01:29:21,267  INFO [main] lockmgr.DbTxnManager: Opened txnid:52
2024-04-24T01:29:21,271  INFO [main] HiveMetaStore.audit: ugi=alex	ip=unknown-ip-addr	cmd=get_database: default	
2024-04-24T01:29:21,273  INFO [main] ql.Driver: Semantic Analysis Completed (retrial = false)
2024-04-24T01:29:21,273  INFO [main] ql.Driver: Created Hive schema: Schema(fieldSchemas:null, properties:null)
2024-04-24T01:29:21,273  INFO [main] metadata.Hive: Dumping metastore api call timing information for : compilation phase
2024-04-24T01:29:21,273  INFO [main] metadata.Hive: Total time spent in each metastore function (ms): {flushCache_()=0, commitTxn_(CommitTxnRequest)=12, getValidWriteIds_(List, String)=2, isCompatibleWith_(Configuration)=0, getValidTxns_(long)=0, getDatabase_(String)=1, openTxn_(String, TxnType)=3}
2024-04-24T01:29:21,273  INFO [main] ql.Driver: Completed compiling command(queryId=alex_20240424012921_763eeb6e-e71a-4426-9444-947c898d83bc); Time taken: 0.01 seconds
2024-04-24T01:29:21,273  INFO [main] lockmgr.DbTxnManager: Setting lock request transaction to txnid:52 for queryId=alex_20240424012921_763eeb6e-e71a-4426-9444-947c898d83bc
2024-04-24T01:29:21,274  INFO [main] lockmgr.DbLockManager: Requesting lock for queryId=alex_20240424012921_763eeb6e-e71a-4426-9444-947c898d83bc
2024-04-24T01:29:21,293  INFO [main] lockmgr.DbLockManager: Response to queryId=alex_20240424012921_763eeb6e-e71a-4426-9444-947c898d83bc LockResponse(lockid:26, state:ACQUIRED)
2024-04-24T01:29:21,293  INFO [main] ql.Driver: Operation CREATETABLE obtained 1 locks
2024-04-24T01:29:21,293  INFO [main] ql.Driver: Executing command(queryId=alex_20240424012921_763eeb6e-e71a-4426-9444-947c898d83bc): create external table extoutout (a string) partitioned by (p string) location '/home/alex/Repositories/hive/ql/target/tmp/org.apache.hadoop.hive.ql.util.TestHiveStrictManagedMigration-1713947339080/tmp/extoutout'
2024-04-24T01:29:21,293  INFO [main] ql.Driver: Starting task [Stage-0:DDL] in serial mode
2024-04-24T01:29:21,294  INFO [main] HiveMetaStore.audit: ugi=alex	ip=unknown-ip-addr	cmd=create_table_req: Table(tableName:extoutout, dbName:default, owner:alex, createTime:1713947361, lastAccessTime:0, retention:0, sd:StorageDescriptor(cols:[FieldSchema(name:a, type:string, comment:null)], location:file:/home/alex/Repositories/hive/ql/target/tmp/org.apache.hadoop.hive.ql.util.TestHiveStrictManagedMigration-1713947339080/tmp/extoutout, inputFormat:org.apache.hadoop.mapred.TextInputFormat, outputFormat:org.apache.hadoop.hive.ql.io.HiveIgnoreKeyTextOutputFormat, compressed:false, numBuckets:-1, serdeInfo:SerDeInfo(name:null, serializationLib:org.apache.hadoop.hive.serde2.lazy.LazySimpleSerDe, parameters:{serialization.format=1}), bucketCols:[], sortCols:[], parameters:{}, skewedInfo:SkewedInfo(skewedColNames:[], skewedColValues:[], skewedColValueLocationMaps:{}), storedAsSubDirectories:false), partitionKeys:[FieldSchema(name:p, type:string, comment:null)], parameters:{EXTERNAL=TRUE, bucketing_version=2}, viewOriginalText:null, viewExpandedText:null, tableType:EXTERNAL_TABLE, privileges:PrincipalPrivilegeSet(userPrivileges:{alex=[PrivilegeGrantInfo(privilege:INSERT, createTime:-1, grantor:alex, grantorType:USER, grantOption:true), PrivilegeGrantInfo(privilege:SELECT, createTime:-1, grantor:alex, grantorType:USER, grantOption:true), PrivilegeGrantInfo(privilege:UPDATE, createTime:-1, grantor:alex, grantorType:USER, grantOption:true), PrivilegeGrantInfo(privilege:DELETE, createTime:-1, grantor:alex, grantorType:USER, grantOption:true)]}, groupPrivileges:null, rolePrivileges:null), temporary:false, catName:hive, ownerType:USER)	
2024-04-24T01:29:21,302  INFO [main] utils.FileUtils: Creating directory if it doesn't exist: file:/home/alex/Repositories/hive/ql/target/tmp/org.apache.hadoop.hive.ql.util.TestHiveStrictManagedMigration-1713947339080/tmp/extoutout
2024-04-24T01:29:21,322  INFO [main] metadata.Hive: Dumping metastore api call timing information for : execution phase
2024-04-24T01:29:21,322  INFO [main] metadata.Hive: Total time spent in each metastore function (ms): {isCompatibleWith_(Configuration)=0, createTable_(Table)=28}
2024-04-24T01:29:21,322  INFO [main] ql.Driver: Completed executing command(queryId=alex_20240424012921_763eeb6e-e71a-4426-9444-947c898d83bc); Time taken: 0.029 seconds
2024-04-24T01:29:21,322  INFO [main] lockmgr.DbTxnManager: Stopped heartbeat for query: alex_20240424012921_763eeb6e-e71a-4426-9444-947c898d83bc
2024-04-24T01:29:21,327  INFO [main] txn.TxnHandler: Expected to move at least one record from txn_components to completed_txn_components when committing txn! txnid:52
2024-04-24T01:29:21,334  INFO [main] txn.TxnHandler: Removed transactions: ([52]) from MIN_HISTORY_LEVEL
2024-04-24T01:29:21,334  WARN [main] txn.CompactionTxnHandler: No compaction queue record found for Compaction type transaction commit. txnId:52
2024-04-24T01:29:21,334  INFO [main] ql.TxnCommandsBaseForTests: Running the query: alter table extoutout add partition (p='p1')
2024-04-24T01:29:21,335  INFO [main] ql.Driver: Compiling command(queryId=alex_20240424012921_af4e558c-f3a0-4774-a8b4-4ec67738e99f): alter table extoutout add partition (p='p1')
2024-04-24T01:29:21,338  INFO [main] txn.TxnHandler: Added entries to MIN_HISTORY_LEVEL for current txns: ([53]) with min_open_txn: 45
2024-04-24T01:29:21,339  INFO [main] lockmgr.DbTxnManager: Opened txnid:53
2024-04-24T01:29:21,340  INFO [main] HiveMetaStore.audit: ugi=alex	ip=unknown-ip-addr	cmd=get_table : tbl=hive.default.extoutout	
2024-04-24T01:29:21,352  INFO [main] metastore.HMSHandler: Skipping translation for processor with null
2024-04-24T01:29:21,352  INFO [main] ql.Driver: Semantic Analysis Completed (retrial = false)
2024-04-24T01:29:21,352  INFO [main] ql.Driver: Created Hive schema: Schema(fieldSchemas:null, properties:null)
2024-04-24T01:29:21,352  INFO [main] metadata.Hive: Dumping metastore api call timing information for : compilation phase
2024-04-24T01:29:21,353  INFO [main] metadata.Hive: Total time spent in each metastore function (ms): {commitTxn_(CommitTxnRequest)=12, getValidTxns_(long)=1, openTxn_(String, TxnType)=4, flushCache_()=0, isCompatibleWith_(Configuration)=0, getTable_(GetTableRequest)=12}
2024-04-24T01:29:21,353  INFO [main] ql.Driver: Completed compiling command(queryId=alex_20240424012921_af4e558c-f3a0-4774-a8b4-4ec67738e99f); Time taken: 0.017 seconds
2024-04-24T01:29:21,353  INFO [main] lockmgr.DbTxnManager: Setting lock request transaction to txnid:53 for queryId=alex_20240424012921_af4e558c-f3a0-4774-a8b4-4ec67738e99f
2024-04-24T01:29:21,353  INFO [main] ql.Driver: Operation ALTERTABLE_ADDPARTS obtained 0 locks
2024-04-24T01:29:21,353  INFO [main] ql.Driver: Executing command(queryId=alex_20240424012921_af4e558c-f3a0-4774-a8b4-4ec67738e99f): alter table extoutout add partition (p='p1')
2024-04-24T01:29:21,353  INFO [main] ql.Driver: Starting task [Stage-0:DDL] in serial mode
2024-04-24T01:29:21,354  INFO [main] HiveMetaStore.audit: ugi=alex	ip=unknown-ip-addr	cmd=get_table : tbl=hive.default.extoutout	
2024-04-24T01:29:21,366  INFO [main] metastore.HMSHandler: Skipping translation for processor with null
2024-04-24T01:29:21,366  INFO [main] HiveMetaStore.audit: ugi=alex	ip=unknown-ip-addr	cmd=add_partitions	
2024-04-24T01:29:21,382  INFO [HMSHandler #14] utils.FileUtils: Creating directory if it doesn't exist: file:/home/alex/Repositories/hive/ql/target/tmp/org.apache.hadoop.hive.ql.util.TestHiveStrictManagedMigration-1713947339080/tmp/extoutout/p=p1
2024-04-24T01:29:21,405  INFO [main] metadata.Hive: Dumping metastore api call timing information for : execution phase
2024-04-24T01:29:21,405  INFO [main] metadata.Hive: Total time spent in each metastore function (ms): {getTable_(GetTableRequest)=13, add_partitions_(List, boolean, boolean)=38, isCompatibleWith_(Configuration)=0}
2024-04-24T01:29:21,405  INFO [main] ql.Driver: Completed executing command(queryId=alex_20240424012921_af4e558c-f3a0-4774-a8b4-4ec67738e99f); Time taken: 0.052 seconds
2024-04-24T01:29:21,405  INFO [main] lockmgr.DbTxnManager: Stopped heartbeat for query: alex_20240424012921_af4e558c-f3a0-4774-a8b4-4ec67738e99f
2024-04-24T01:29:21,412  INFO [main] txn.TxnHandler: Expected to move at least one record from txn_components to completed_txn_components when committing txn! txnid:53
2024-04-24T01:29:21,420  INFO [main] txn.TxnHandler: Removed transactions: ([53]) from MIN_HISTORY_LEVEL
2024-04-24T01:29:21,420  WARN [main] txn.CompactionTxnHandler: No compaction queue record found for Compaction type transaction commit. txnId:53
2024-04-24T01:29:21,421  INFO [main] ql.TxnCommandsBaseForTests: Running the query: alter table extoutout add partition (p='p2')
2024-04-24T01:29:21,422  INFO [main] ql.Driver: Compiling command(queryId=alex_20240424012921_9731be00-79fa-4714-a976-e98a16802d86): alter table extoutout add partition (p='p2')
2024-04-24T01:29:21,426  INFO [main] txn.TxnHandler: Added entries to MIN_HISTORY_LEVEL for current txns: ([54]) with min_open_txn: 46
2024-04-24T01:29:21,426  INFO [main] lockmgr.DbTxnManager: Opened txnid:54
2024-04-24T01:29:21,428  INFO [main] HiveMetaStore.audit: ugi=alex	ip=unknown-ip-addr	cmd=get_table : tbl=hive.default.extoutout	
2024-04-24T01:29:21,443  INFO [main] metastore.HMSHandler: Skipping translation for processor with null
2024-04-24T01:29:21,444  INFO [main] ql.Driver: Semantic Analysis Completed (retrial = false)
2024-04-24T01:29:21,444  INFO [main] ql.Driver: Created Hive schema: Schema(fieldSchemas:null, properties:null)
2024-04-24T01:29:21,444  INFO [main] metadata.Hive: Dumping metastore api call timing information for : compilation phase
2024-04-24T01:29:21,444  INFO [main] metadata.Hive: Total time spent in each metastore function (ms): {isCompatibleWith_(Configuration)=1, getTable_(GetTableRequest)=15, openTxn_(String, TxnType)=3, getValidTxns_(long)=0, commitTxn_(CommitTxnRequest)=16, flushCache_()=0}
2024-04-24T01:29:21,444  INFO [main] ql.Driver: Completed compiling command(queryId=alex_20240424012921_9731be00-79fa-4714-a976-e98a16802d86); Time taken: 0.022 seconds
2024-04-24T01:29:21,444  INFO [main] lockmgr.DbTxnManager: Setting lock request transaction to txnid:54 for queryId=alex_20240424012921_9731be00-79fa-4714-a976-e98a16802d86
2024-04-24T01:29:21,445  INFO [main] ql.Driver: Operation ALTERTABLE_ADDPARTS obtained 0 locks
2024-04-24T01:29:21,445  INFO [main] ql.Driver: Executing command(queryId=alex_20240424012921_9731be00-79fa-4714-a976-e98a16802d86): alter table extoutout add partition (p='p2')
2024-04-24T01:29:21,445  INFO [main] ql.Driver: Starting task [Stage-0:DDL] in serial mode
2024-04-24T01:29:21,445  INFO [main] HiveMetaStore.audit: ugi=alex	ip=unknown-ip-addr	cmd=get_table : tbl=hive.default.extoutout	
2024-04-24T01:29:21,455  INFO [main] metastore.HMSHandler: Skipping translation for processor with null
2024-04-24T01:29:21,456  INFO [main] HiveMetaStore.audit: ugi=alex	ip=unknown-ip-addr	cmd=add_partitions	
2024-04-24T01:29:21,467  INFO [HMSHandler #0] utils.FileUtils: Creating directory if it doesn't exist: file:/home/alex/Repositories/hive/ql/target/tmp/org.apache.hadoop.hive.ql.util.TestHiveStrictManagedMigration-1713947339080/tmp/extoutout/p=p2
2024-04-24T01:29:21,490  INFO [main] metadata.Hive: Dumping metastore api call timing information for : execution phase
2024-04-24T01:29:21,490  INFO [main] metadata.Hive: Total time spent in each metastore function (ms): {isCompatibleWith_(Configuration)=0, getTable_(GetTableRequest)=10, add_partitions_(List, boolean, boolean)=35}
2024-04-24T01:29:21,491  INFO [main] ql.Driver: Completed executing command(queryId=alex_20240424012921_9731be00-79fa-4714-a976-e98a16802d86); Time taken: 0.045 seconds
2024-04-24T01:29:21,491  INFO [main] lockmgr.DbTxnManager: Stopped heartbeat for query: alex_20240424012921_9731be00-79fa-4714-a976-e98a16802d86
2024-04-24T01:29:21,498  INFO [main] txn.TxnHandler: Expected to move at least one record from txn_components to completed_txn_components when committing txn! txnid:54
2024-04-24T01:29:21,507  INFO [main] txn.TxnHandler: Removed transactions: ([54]) from MIN_HISTORY_LEVEL
2024-04-24T01:29:21,507  WARN [main] txn.CompactionTxnHandler: No compaction queue record found for Compaction type transaction commit. txnId:54
2024-04-24T01:29:21,508  INFO [main] ql.TxnCommandsBaseForTests: Running the query: drop database if exists custdb
2024-04-24T01:29:21,509  INFO [main] ql.Driver: Compiling command(queryId=alex_20240424012921_ea486d3d-b20f-40b3-80f9-9e28436803b4): drop database if exists custdb
2024-04-24T01:29:21,515  INFO [main] txn.TxnHandler: Added entries to MIN_HISTORY_LEVEL for current txns: ([55]) with min_open_txn: 47
2024-04-24T01:29:21,516  INFO [main] lockmgr.DbTxnManager: Opened txnid:55
2024-04-24T01:29:21,517  INFO [main] HiveMetaStore.audit: ugi=alex	ip=unknown-ip-addr	cmd=get_database: custdb	
2024-04-24T01:29:21,519  INFO [main] ql.Driver: Semantic Analysis Completed (retrial = false)
2024-04-24T01:29:21,519  INFO [main] ql.Driver: Created Hive schema: Schema(fieldSchemas:null, properties:null)
2024-04-24T01:29:21,520  INFO [main] metadata.Hive: Dumping metastore api call timing information for : compilation phase
2024-04-24T01:29:21,520  INFO [main] metadata.Hive: Total time spent in each metastore function (ms): {isCompatibleWith_(Configuration)=0, flushCache_()=0, openTxn_(String, TxnType)=7, commitTxn_(CommitTxnRequest)=17, getValidTxns_(long)=1}
2024-04-24T01:29:21,520  INFO [main] ql.Driver: Completed compiling command(queryId=alex_20240424012921_ea486d3d-b20f-40b3-80f9-9e28436803b4); Time taken: 0.012 seconds
2024-04-24T01:29:21,520  INFO [main] lockmgr.DbTxnManager: Setting lock request transaction to txnid:55 for queryId=alex_20240424012921_ea486d3d-b20f-40b3-80f9-9e28436803b4
2024-04-24T01:29:21,522  INFO [main] ql.Driver: Operation DROPDATABASE obtained 0 locks
2024-04-24T01:29:21,522  INFO [main] ql.Driver: Executing command(queryId=alex_20240424012921_ea486d3d-b20f-40b3-80f9-9e28436803b4): drop database if exists custdb
2024-04-24T01:29:21,522  INFO [main] metadata.Hive: Dumping metastore api call timing information for : execution phase
2024-04-24T01:29:21,522  INFO [main] metadata.Hive: Total time spent in each metastore function (ms): {}
2024-04-24T01:29:21,522  INFO [main] ql.Driver: Completed executing command(queryId=alex_20240424012921_ea486d3d-b20f-40b3-80f9-9e28436803b4); Time taken: 0.0 seconds
2024-04-24T01:29:21,523  INFO [main] lockmgr.DbTxnManager: Stopped heartbeat for query: alex_20240424012921_ea486d3d-b20f-40b3-80f9-9e28436803b4
2024-04-24T01:29:21,531  INFO [main] txn.TxnHandler: Expected to move at least one record from txn_components to completed_txn_components when committing txn! txnid:55
2024-04-24T01:29:21,540  INFO [main] txn.TxnHandler: Removed transactions: ([55]) from MIN_HISTORY_LEVEL
2024-04-24T01:29:21,540  WARN [main] txn.CompactionTxnHandler: No compaction queue record found for Compaction type transaction commit. txnId:55
2024-04-24T01:29:21,541  INFO [main] ql.TxnCommandsBaseForTests: Running the query: create database custdb
2024-04-24T01:29:21,542  INFO [main] ql.Driver: Compiling command(queryId=alex_20240424012921_9451eb38-cb85-4e73-8589-12375713d090): create database custdb
2024-04-24T01:29:21,545  INFO [main] txn.TxnHandler: Added entries to MIN_HISTORY_LEVEL for current txns: ([56]) with min_open_txn: 47
2024-04-24T01:29:21,546  INFO [main] lockmgr.DbTxnManager: Opened txnid:56
2024-04-24T01:29:21,547  INFO [main] ql.Driver: Semantic Analysis Completed (retrial = false)
2024-04-24T01:29:21,547  INFO [main] ql.Driver: Created Hive schema: Schema(fieldSchemas:null, properties:null)
2024-04-24T01:29:21,548  INFO [main] metadata.Hive: Dumping metastore api call timing information for : compilation phase
2024-04-24T01:29:21,548  INFO [main] metadata.Hive: Total time spent in each metastore function (ms): {flushCache_()=0, isCompatibleWith_(Configuration)=0, commitTxn_(CommitTxnRequest)=18, getValidTxns_(long)=1, openTxn_(String, TxnType)=4}
2024-04-24T01:29:21,548  INFO [main] ql.Driver: Completed compiling command(queryId=alex_20240424012921_9451eb38-cb85-4e73-8589-12375713d090); Time taken: 0.006 seconds
2024-04-24T01:29:21,548  INFO [main] lockmgr.DbTxnManager: Setting lock request transaction to txnid:56 for queryId=alex_20240424012921_9451eb38-cb85-4e73-8589-12375713d090
2024-04-24T01:29:21,549  INFO [main] ql.Driver: Operation CREATEDATABASE obtained 0 locks
2024-04-24T01:29:21,549  INFO [main] ql.Driver: Executing command(queryId=alex_20240424012921_9451eb38-cb85-4e73-8589-12375713d090): create database custdb
2024-04-24T01:29:21,549  INFO [main] ql.Driver: Starting task [Stage-0:DDL] in serial mode
2024-04-24T01:29:21,549  WARN [main] exec.DDLTask: metastore.warehouse.external.dir is not set, falling back to metastore.warehouse.dir. This could cause external tables to use to managed tablespace.
2024-04-24T01:29:21,549  INFO [main] HiveMetaStore.audit: ugi=alex	ip=unknown-ip-addr	cmd=create_database: Database(name:custdb, description:null, locationUri:file:/home/alex/Repositories/hive/ql/target/tmp/org.apache.hadoop.hive.ql.util.TestHiveStrictManagedMigration-1713947339080/warehouse/custdb.db, parameters:null, ownerName:alex, ownerType:USER, catalogName:hive, type:NATIVE)	
2024-04-24T01:29:21,556  INFO [main] metastore.HMSHandler: Creating database path in external directory file:/home/alex/Repositories/hive/ql/target/tmp/org.apache.hadoop.hive.ql.util.TestHiveStrictManagedMigration-1713947339080/warehouse/custdb.db
2024-04-24T01:29:21,557  INFO [main] utils.FileUtils: Creating directory if it doesn't exist: file:/home/alex/Repositories/hive/ql/target/tmp/org.apache.hadoop.hive.ql.util.TestHiveStrictManagedMigration-1713947339080/warehouse/custdb.db
2024-04-24T01:29:21,573  INFO [main] metastore.HMSHandler: Created database path in external directory file:/home/alex/Repositories/hive/ql/target/tmp/org.apache.hadoop.hive.ql.util.TestHiveStrictManagedMigration-1713947339080/warehouse/custdb.db
2024-04-24T01:29:21,589  INFO [main] metadata.Hive: Dumping metastore api call timing information for : execution phase
2024-04-24T01:29:21,589  INFO [main] metadata.Hive: Total time spent in each metastore function (ms): {createDatabase_(Database)=40, isCompatibleWith_(Configuration)=0}
2024-04-24T01:29:21,590  INFO [main] ql.Driver: Completed executing command(queryId=alex_20240424012921_9451eb38-cb85-4e73-8589-12375713d090); Time taken: 0.04 seconds
2024-04-24T01:29:21,590  INFO [main] lockmgr.DbTxnManager: Stopped heartbeat for query: alex_20240424012921_9451eb38-cb85-4e73-8589-12375713d090
2024-04-24T01:29:21,598  INFO [main] txn.TxnHandler: Expected to move at least one record from txn_components to completed_txn_components when committing txn! txnid:56
2024-04-24T01:29:21,611  INFO [main] txn.TxnHandler: Removed transactions: ([56]) from MIN_HISTORY_LEVEL
2024-04-24T01:29:21,612  WARN [main] txn.CompactionTxnHandler: No compaction queue record found for Compaction type transaction commit. txnId:56
2024-04-24T01:29:21,613  INFO [main] ql.TxnCommandsBaseForTests: Running the query: create table custdb.custmanwhwh (a string) partitioned by (p string)
2024-04-24T01:29:21,613  INFO [main] ql.Driver: Compiling command(queryId=alex_20240424012921_b0925c34-47ff-4e25-99fa-bcb7976444e0): create table custdb.custmanwhwh (a string) partitioned by (p string)
2024-04-24T01:29:21,617  INFO [main] txn.TxnHandler: Added entries to MIN_HISTORY_LEVEL for current txns: ([57]) with min_open_txn: 48
2024-04-24T01:29:21,618  INFO [main] lockmgr.DbTxnManager: Opened txnid:57
2024-04-24T01:29:21,623  INFO [main] HiveMetaStore.audit: ugi=alex	ip=unknown-ip-addr	cmd=get_database: custdb	
2024-04-24T01:29:21,626  INFO [main] ql.Driver: Semantic Analysis Completed (retrial = false)
2024-04-24T01:29:21,626  INFO [main] ql.Driver: Created Hive schema: Schema(fieldSchemas:null, properties:null)
2024-04-24T01:29:21,627  INFO [main] metadata.Hive: Dumping metastore api call timing information for : compilation phase
2024-04-24T01:29:21,627  INFO [main] metadata.Hive: Total time spent in each metastore function (ms): {isCompatibleWith_(Configuration)=0, getDatabase_(String)=3, getValidTxns_(long)=1, getValidWriteIds_(List, String)=4, commitTxn_(CommitTxnRequest)=22, flushCache_()=0, openTxn_(String, TxnType)=4}
2024-04-24T01:29:21,627  INFO [main] ql.Driver: Completed compiling command(queryId=alex_20240424012921_b0925c34-47ff-4e25-99fa-bcb7976444e0); Time taken: 0.013 seconds
2024-04-24T01:29:21,627  INFO [main] lockmgr.DbTxnManager: Setting lock request transaction to txnid:57 for queryId=alex_20240424012921_b0925c34-47ff-4e25-99fa-bcb7976444e0
2024-04-24T01:29:21,628  INFO [main] lockmgr.DbLockManager: Requesting lock for queryId=alex_20240424012921_b0925c34-47ff-4e25-99fa-bcb7976444e0
2024-04-24T01:29:21,658  INFO [main] lockmgr.DbLockManager: Response to queryId=alex_20240424012921_b0925c34-47ff-4e25-99fa-bcb7976444e0 LockResponse(lockid:27, state:ACQUIRED)
2024-04-24T01:29:21,658  INFO [main] ql.Driver: Operation CREATETABLE obtained 1 locks
2024-04-24T01:29:21,658  INFO [main] ql.Driver: Executing command(queryId=alex_20240424012921_b0925c34-47ff-4e25-99fa-bcb7976444e0): create table custdb.custmanwhwh (a string) partitioned by (p string)
2024-04-24T01:29:21,659  INFO [main] ql.Driver: Starting task [Stage-0:DDL] in serial mode
2024-04-24T01:29:21,660  INFO [main] HiveMetaStore.audit: ugi=alex	ip=unknown-ip-addr	cmd=create_table_req: Table(tableName:custmanwhwh, dbName:custdb, owner:alex, createTime:1713947361, lastAccessTime:0, retention:0, sd:StorageDescriptor(cols:[FieldSchema(name:a, type:string, comment:null)], location:null, inputFormat:org.apache.hadoop.mapred.TextInputFormat, outputFormat:org.apache.hadoop.hive.ql.io.HiveIgnoreKeyTextOutputFormat, compressed:false, numBuckets:-1, serdeInfo:SerDeInfo(name:null, serializationLib:org.apache.hadoop.hive.serde2.lazy.LazySimpleSerDe, parameters:{serialization.format=1}), bucketCols:[], sortCols:[], parameters:{}, skewedInfo:SkewedInfo(skewedColNames:[], skewedColValues:[], skewedColValueLocationMaps:{}), storedAsSubDirectories:false), partitionKeys:[FieldSchema(name:p, type:string, comment:null)], parameters:{bucketing_version=2}, viewOriginalText:null, viewExpandedText:null, tableType:MANAGED_TABLE, privileges:PrincipalPrivilegeSet(userPrivileges:{alex=[PrivilegeGrantInfo(privilege:INSERT, createTime:-1, grantor:alex, grantorType:USER, grantOption:true), PrivilegeGrantInfo(privilege:SELECT, createTime:-1, grantor:alex, grantorType:USER, grantOption:true), PrivilegeGrantInfo(privilege:UPDATE, createTime:-1, grantor:alex, grantorType:USER, grantOption:true), PrivilegeGrantInfo(privilege:DELETE, createTime:-1, grantor:alex, grantorType:USER, grantOption:true)]}, groupPrivileges:null, rolePrivileges:null), temporary:false, catName:hive, ownerType:USER)	
2024-04-24T01:29:21,670  INFO [main] utils.FileUtils: Creating directory if it doesn't exist: file:/home/alex/Repositories/hive/ql/target/tmp/org.apache.hadoop.hive.ql.util.TestHiveStrictManagedMigration-1713947339080/warehouse/custdb.db/custmanwhwh
2024-04-24T01:29:21,723  INFO [main] metadata.Hive: Dumping metastore api call timing information for : execution phase
2024-04-24T01:29:21,723  INFO [main] metadata.Hive: Total time spent in each metastore function (ms): {createTable_(Table)=63, isCompatibleWith_(Configuration)=0}
2024-04-24T01:29:21,723  INFO [main] ql.Driver: Completed executing command(queryId=alex_20240424012921_b0925c34-47ff-4e25-99fa-bcb7976444e0); Time taken: 0.064 seconds
2024-04-24T01:29:21,723  INFO [main] lockmgr.DbTxnManager: Stopped heartbeat for query: alex_20240424012921_b0925c34-47ff-4e25-99fa-bcb7976444e0
2024-04-24T01:29:21,730  INFO [main] txn.TxnHandler: Expected to move at least one record from txn_components to completed_txn_components when committing txn! txnid:57
2024-04-24T01:29:21,741  INFO [main] txn.TxnHandler: Removed transactions: ([57]) from MIN_HISTORY_LEVEL
2024-04-24T01:29:21,742  WARN [main] txn.CompactionTxnHandler: No compaction queue record found for Compaction type transaction commit. txnId:57
2024-04-24T01:29:21,743  INFO [main] ql.TxnCommandsBaseForTests: Running the query: alter table custdb.custmanwhwh add partition (p='p1')
2024-04-24T01:29:21,743  INFO [main] ql.Driver: Compiling command(queryId=alex_20240424012921_8806295e-2bdd-447a-91e7-2c75077498ad): alter table custdb.custmanwhwh add partition (p='p1')
2024-04-24T01:29:21,748  INFO [main] txn.TxnHandler: Added entries to MIN_HISTORY_LEVEL for current txns: ([58]) with min_open_txn: 50
2024-04-24T01:29:21,749  INFO [main] lockmgr.DbTxnManager: Opened txnid:58
2024-04-24T01:29:21,750  INFO [main] HiveMetaStore.audit: ugi=alex	ip=unknown-ip-addr	cmd=get_table : tbl=hive.custdb.custmanwhwh	
2024-04-24T01:29:21,771  INFO [main] metastore.HMSHandler: Skipping translation for processor with null
2024-04-24T01:29:21,772  INFO [main] ql.Driver: Semantic Analysis Completed (retrial = false)
2024-04-24T01:29:21,772  INFO [main] ql.Driver: Created Hive schema: Schema(fieldSchemas:null, properties:null)
2024-04-24T01:29:21,772  INFO [main] metadata.Hive: Dumping metastore api call timing information for : compilation phase
2024-04-24T01:29:21,772  INFO [main] metadata.Hive: Total time spent in each metastore function (ms): {getValidTxns_(long)=1, getTable_(GetTableRequest)=22, isCompatibleWith_(Configuration)=0, flushCache_()=1, openTxn_(String, TxnType)=5, commitTxn_(CommitTxnRequest)=19}
2024-04-24T01:29:21,773  INFO [main] ql.Driver: Completed compiling command(queryId=alex_20240424012921_8806295e-2bdd-447a-91e7-2c75077498ad); Time taken: 0.029 seconds
2024-04-24T01:29:21,773  INFO [main] lockmgr.DbTxnManager: Setting lock request transaction to txnid:58 for queryId=alex_20240424012921_8806295e-2bdd-447a-91e7-2c75077498ad
2024-04-24T01:29:21,773  INFO [main] lockmgr.DbLockManager: Requesting lock for queryId=alex_20240424012921_8806295e-2bdd-447a-91e7-2c75077498ad
2024-04-24T01:29:21,799  INFO [main] lockmgr.DbLockManager: Response to queryId=alex_20240424012921_8806295e-2bdd-447a-91e7-2c75077498ad LockResponse(lockid:28, state:ACQUIRED)
2024-04-24T01:29:21,799  INFO [main] ql.Driver: Operation ALTERTABLE_ADDPARTS obtained 1 locks
2024-04-24T01:29:21,799  INFO [main] ql.Driver: Executing command(queryId=alex_20240424012921_8806295e-2bdd-447a-91e7-2c75077498ad): alter table custdb.custmanwhwh add partition (p='p1')
2024-04-24T01:29:21,799  INFO [main] ql.Driver: Starting task [Stage-0:DDL] in serial mode
2024-04-24T01:29:21,800  INFO [main] HiveMetaStore.audit: ugi=alex	ip=unknown-ip-addr	cmd=get_table : tbl=hive.custdb.custmanwhwh	
2024-04-24T01:29:21,818  INFO [main] metastore.HMSHandler: Skipping translation for processor with null
2024-04-24T01:29:21,819  INFO [main] HiveMetaStore.audit: ugi=alex	ip=unknown-ip-addr	cmd=add_partitions	
2024-04-24T01:29:21,865  INFO [HMSHandler #1] utils.FileUtils: Creating directory if it doesn't exist: file:/home/alex/Repositories/hive/ql/target/tmp/org.apache.hadoop.hive.ql.util.TestHiveStrictManagedMigration-1713947339080/warehouse/custdb.db/custmanwhwh/p=p1
2024-04-24T01:29:21,900  INFO [main] metadata.Hive: Dumping metastore api call timing information for : execution phase
2024-04-24T01:29:21,900  INFO [main] metadata.Hive: Total time spent in each metastore function (ms): {isCompatibleWith_(Configuration)=0, add_partitions_(List, boolean, boolean)=81, getTable_(GetTableRequest)=18}
2024-04-24T01:29:21,900  INFO [main] ql.Driver: Completed executing command(queryId=alex_20240424012921_8806295e-2bdd-447a-91e7-2c75077498ad); Time taken: 0.101 seconds
2024-04-24T01:29:21,901  INFO [main] lockmgr.DbTxnManager: Stopped heartbeat for query: alex_20240424012921_8806295e-2bdd-447a-91e7-2c75077498ad
2024-04-24T01:29:21,906  INFO [main] txn.TxnHandler: Expected to move at least one record from txn_components to completed_txn_components when committing txn! txnid:58
2024-04-24T01:29:21,916  INFO [main] txn.TxnHandler: Removed transactions: ([58]) from MIN_HISTORY_LEVEL
2024-04-24T01:29:21,916  WARN [main] txn.CompactionTxnHandler: No compaction queue record found for Compaction type transaction commit. txnId:58
2024-04-24T01:29:21,917  INFO [main] ql.TxnCommandsBaseForTests: Running the query: alter table custdb.custmanwhwh add partition (p='p2')
2024-04-24T01:29:21,918  INFO [main] ql.Driver: Compiling command(queryId=alex_20240424012921_04bba47a-6626-4916-b436-ad2520752f14): alter table custdb.custmanwhwh add partition (p='p2')
2024-04-24T01:29:21,921  INFO [main] txn.TxnHandler: Added entries to MIN_HISTORY_LEVEL for current txns: ([59]) with min_open_txn: 50
2024-04-24T01:29:21,922  INFO [main] lockmgr.DbTxnManager: Opened txnid:59
2024-04-24T01:29:21,923  INFO [main] HiveMetaStore.audit: ugi=alex	ip=unknown-ip-addr	cmd=get_table : tbl=hive.custdb.custmanwhwh	
2024-04-24T01:29:21,938  INFO [main] metastore.HMSHandler: Skipping translation for processor with null
2024-04-24T01:29:21,939  INFO [main] ql.Driver: Semantic Analysis Completed (retrial = false)
2024-04-24T01:29:21,939  INFO [main] ql.Driver: Created Hive schema: Schema(fieldSchemas:null, properties:null)
2024-04-24T01:29:21,939  INFO [main] metadata.Hive: Dumping metastore api call timing information for : compilation phase
2024-04-24T01:29:21,939  INFO [main] metadata.Hive: Total time spent in each metastore function (ms): {isCompatibleWith_(Configuration)=0, getTable_(GetTableRequest)=16, openTxn_(String, TxnType)=4, commitTxn_(CommitTxnRequest)=16, flushCache_()=0, getValidTxns_(long)=1}
2024-04-24T01:29:21,940  INFO [main] ql.Driver: Completed compiling command(queryId=alex_20240424012921_04bba47a-6626-4916-b436-ad2520752f14); Time taken: 0.022 seconds
2024-04-24T01:29:21,940  INFO [main] lockmgr.DbTxnManager: Setting lock request transaction to txnid:59 for queryId=alex_20240424012921_04bba47a-6626-4916-b436-ad2520752f14
2024-04-24T01:29:21,940  INFO [main] lockmgr.DbLockManager: Requesting lock for queryId=alex_20240424012921_04bba47a-6626-4916-b436-ad2520752f14
2024-04-24T01:29:21,961  INFO [main] lockmgr.DbLockManager: Response to queryId=alex_20240424012921_04bba47a-6626-4916-b436-ad2520752f14 LockResponse(lockid:29, state:ACQUIRED)
2024-04-24T01:29:21,961  INFO [main] ql.Driver: Operation ALTERTABLE_ADDPARTS obtained 1 locks
2024-04-24T01:29:21,962  INFO [main] ql.Driver: Executing command(queryId=alex_20240424012921_04bba47a-6626-4916-b436-ad2520752f14): alter table custdb.custmanwhwh add partition (p='p2')
2024-04-24T01:29:21,962  INFO [main] ql.Driver: Starting task [Stage-0:DDL] in serial mode
2024-04-24T01:29:21,962  INFO [main] HiveMetaStore.audit: ugi=alex	ip=unknown-ip-addr	cmd=get_table : tbl=hive.custdb.custmanwhwh	
2024-04-24T01:29:21,975  INFO [main] metastore.HMSHandler: Skipping translation for processor with null
2024-04-24T01:29:21,976  INFO [main] HiveMetaStore.audit: ugi=alex	ip=unknown-ip-addr	cmd=add_partitions	
2024-04-24T01:29:21,988  INFO [HMSHandler #2] utils.FileUtils: Creating directory if it doesn't exist: file:/home/alex/Repositories/hive/ql/target/tmp/org.apache.hadoop.hive.ql.util.TestHiveStrictManagedMigration-1713947339080/warehouse/custdb.db/custmanwhwh/p=p2
2024-04-24T01:29:22,002  INFO [main] metadata.Hive: Dumping metastore api call timing information for : execution phase
2024-04-24T01:29:22,002  INFO [main] metadata.Hive: Total time spent in each metastore function (ms): {add_partitions_(List, boolean, boolean)=26, getTable_(GetTableRequest)=14, isCompatibleWith_(Configuration)=0}
2024-04-24T01:29:22,002  INFO [main] ql.Driver: Completed executing command(queryId=alex_20240424012921_04bba47a-6626-4916-b436-ad2520752f14); Time taken: 0.041 seconds
2024-04-24T01:29:22,002  INFO [main] lockmgr.DbTxnManager: Stopped heartbeat for query: alex_20240424012921_04bba47a-6626-4916-b436-ad2520752f14
2024-04-24T01:29:22,006  INFO [main] txn.TxnHandler: Expected to move at least one record from txn_components to completed_txn_components when committing txn! txnid:59
2024-04-24T01:29:22,013  INFO [main] txn.TxnHandler: Removed transactions: ([59]) from MIN_HISTORY_LEVEL
2024-04-24T01:29:22,013  WARN [main] txn.CompactionTxnHandler: No compaction queue record found for Compaction type transaction commit. txnId:59
2024-04-24T01:29:22,014  INFO [main] ql.TxnCommandsBaseForTests: Running the query: create external table custdb.custextwhwh (a string) partitioned by (p string)
2024-04-24T01:29:22,014  INFO [main] ql.Driver: Compiling command(queryId=alex_20240424012922_6e5c03d0-b66e-4fd4-bcb9-fc7896163211): create external table custdb.custextwhwh (a string) partitioned by (p string)
2024-04-24T01:29:22,017  INFO [main] txn.TxnHandler: Added entries to MIN_HISTORY_LEVEL for current txns: ([60]) with min_open_txn: 50
2024-04-24T01:29:22,017  INFO [main] lockmgr.DbTxnManager: Opened txnid:60
2024-04-24T01:29:22,026  INFO [main] HiveMetaStore.audit: ugi=alex	ip=unknown-ip-addr	cmd=get_database: custdb	
2024-04-24T01:29:22,028  INFO [main] ql.Driver: Semantic Analysis Completed (retrial = false)
2024-04-24T01:29:22,028  INFO [main] ql.Driver: Created Hive schema: Schema(fieldSchemas:null, properties:null)
2024-04-24T01:29:22,028  INFO [main] metadata.Hive: Dumping metastore api call timing information for : compilation phase
2024-04-24T01:29:22,028  INFO [main] metadata.Hive: Total time spent in each metastore function (ms): {getValidTxns_(long)=0, getValidWriteIds_(List, String)=6, getDatabase_(String)=2, flushCache_()=0, openTxn_(String, TxnType)=2, isCompatibleWith_(Configuration)=0, commitTxn_(CommitTxnRequest)=11}
2024-04-24T01:29:22,029  INFO [main] ql.Driver: Completed compiling command(queryId=alex_20240424012922_6e5c03d0-b66e-4fd4-bcb9-fc7896163211); Time taken: 0.014 seconds
2024-04-24T01:29:22,029  INFO [main] lockmgr.DbTxnManager: Setting lock request transaction to txnid:60 for queryId=alex_20240424012922_6e5c03d0-b66e-4fd4-bcb9-fc7896163211
2024-04-24T01:29:22,029  INFO [main] lockmgr.DbLockManager: Requesting lock for queryId=alex_20240424012922_6e5c03d0-b66e-4fd4-bcb9-fc7896163211
2024-04-24T01:29:22,046  INFO [main] lockmgr.DbLockManager: Response to queryId=alex_20240424012922_6e5c03d0-b66e-4fd4-bcb9-fc7896163211 LockResponse(lockid:30, state:ACQUIRED)
2024-04-24T01:29:22,046  INFO [main] ql.Driver: Operation CREATETABLE obtained 1 locks
2024-04-24T01:29:22,046  INFO [main] ql.Driver: Executing command(queryId=alex_20240424012922_6e5c03d0-b66e-4fd4-bcb9-fc7896163211): create external table custdb.custextwhwh (a string) partitioned by (p string)
2024-04-24T01:29:22,046  INFO [main] ql.Driver: Starting task [Stage-0:DDL] in serial mode
2024-04-24T01:29:22,047  INFO [main] HiveMetaStore.audit: ugi=alex	ip=unknown-ip-addr	cmd=create_table_req: Table(tableName:custextwhwh, dbName:custdb, owner:alex, createTime:1713947362, lastAccessTime:0, retention:0, sd:StorageDescriptor(cols:[FieldSchema(name:a, type:string, comment:null)], location:null, inputFormat:org.apache.hadoop.mapred.TextInputFormat, outputFormat:org.apache.hadoop.hive.ql.io.HiveIgnoreKeyTextOutputFormat, compressed:false, numBuckets:-1, serdeInfo:SerDeInfo(name:null, serializationLib:org.apache.hadoop.hive.serde2.lazy.LazySimpleSerDe, parameters:{serialization.format=1}), bucketCols:[], sortCols:[], parameters:{}, skewedInfo:SkewedInfo(skewedColNames:[], skewedColValues:[], skewedColValueLocationMaps:{}), storedAsSubDirectories:false), partitionKeys:[FieldSchema(name:p, type:string, comment:null)], parameters:{EXTERNAL=TRUE, bucketing_version=2}, viewOriginalText:null, viewExpandedText:null, tableType:EXTERNAL_TABLE, privileges:PrincipalPrivilegeSet(userPrivileges:{alex=[PrivilegeGrantInfo(privilege:INSERT, createTime:-1, grantor:alex, grantorType:USER, grantOption:true), PrivilegeGrantInfo(privilege:SELECT, createTime:-1, grantor:alex, grantorType:USER, grantOption:true), PrivilegeGrantInfo(privilege:UPDATE, createTime:-1, grantor:alex, grantorType:USER, grantOption:true), PrivilegeGrantInfo(privilege:DELETE, createTime:-1, grantor:alex, grantorType:USER, grantOption:true)]}, groupPrivileges:null, rolePrivileges:null), temporary:false, catName:hive, ownerType:USER)	
2024-04-24T01:29:22,057  INFO [main] utils.FileUtils: Creating directory if it doesn't exist: file:/home/alex/Repositories/hive/ql/target/tmp/org.apache.hadoop.hive.ql.util.TestHiveStrictManagedMigration-1713947339080/warehouse/custdb.db/custextwhwh
2024-04-24T01:29:22,084  INFO [main] metadata.Hive: Dumping metastore api call timing information for : execution phase
2024-04-24T01:29:22,084  INFO [main] metadata.Hive: Total time spent in each metastore function (ms): {createTable_(Table)=37, isCompatibleWith_(Configuration)=0}
2024-04-24T01:29:22,085  INFO [main] ql.Driver: Completed executing command(queryId=alex_20240424012922_6e5c03d0-b66e-4fd4-bcb9-fc7896163211); Time taken: 0.038 seconds
2024-04-24T01:29:22,085  INFO [main] lockmgr.DbTxnManager: Stopped heartbeat for query: alex_20240424012922_6e5c03d0-b66e-4fd4-bcb9-fc7896163211
2024-04-24T01:29:22,090  INFO [main] txn.TxnHandler: Expected to move at least one record from txn_components to completed_txn_components when committing txn! txnid:60
2024-04-24T01:29:22,098  INFO [main] txn.TxnHandler: Removed transactions: ([60]) from MIN_HISTORY_LEVEL
2024-04-24T01:29:22,098  WARN [main] txn.CompactionTxnHandler: No compaction queue record found for Compaction type transaction commit. txnId:60
2024-04-24T01:29:22,099  INFO [main] ql.TxnCommandsBaseForTests: Running the query: alter table custdb.custextwhwh add partition (p='p1')
2024-04-24T01:29:22,099  INFO [main] ql.Driver: Compiling command(queryId=alex_20240424012922_c5506794-f7d2-449f-8d0b-ae6f7ee1953a): alter table custdb.custextwhwh add partition (p='p1')
2024-04-24T01:29:22,102  INFO [main] txn.TxnHandler: Added entries to MIN_HISTORY_LEVEL for current txns: ([61]) with min_open_txn: 51
2024-04-24T01:29:22,102  INFO [main] lockmgr.DbTxnManager: Opened txnid:61
2024-04-24T01:29:22,103  INFO [main] HiveMetaStore.audit: ugi=alex	ip=unknown-ip-addr	cmd=get_table : tbl=hive.custdb.custextwhwh	
2024-04-24T01:29:22,114  INFO [main] metastore.HMSHandler: Skipping translation for processor with null
2024-04-24T01:29:22,115  INFO [main] ql.Driver: Semantic Analysis Completed (retrial = false)
2024-04-24T01:29:22,115  INFO [main] ql.Driver: Created Hive schema: Schema(fieldSchemas:null, properties:null)
2024-04-24T01:29:22,115  INFO [main] metadata.Hive: Dumping metastore api call timing information for : compilation phase
2024-04-24T01:29:22,115  INFO [main] metadata.Hive: Total time spent in each metastore function (ms): {commitTxn_(CommitTxnRequest)=14, getValidTxns_(long)=1, getTable_(GetTableRequest)=11, openTxn_(String, TxnType)=2, isCompatibleWith_(Configuration)=0, flushCache_()=1}
2024-04-24T01:29:22,115  INFO [main] ql.Driver: Completed compiling command(queryId=alex_20240424012922_c5506794-f7d2-449f-8d0b-ae6f7ee1953a); Time taken: 0.016 seconds
2024-04-24T01:29:22,116  INFO [main] lockmgr.DbTxnManager: Setting lock request transaction to txnid:61 for queryId=alex_20240424012922_c5506794-f7d2-449f-8d0b-ae6f7ee1953a
2024-04-24T01:29:22,116  INFO [main] ql.Driver: Operation ALTERTABLE_ADDPARTS obtained 0 locks
2024-04-24T01:29:22,116  INFO [main] ql.Driver: Executing command(queryId=alex_20240424012922_c5506794-f7d2-449f-8d0b-ae6f7ee1953a): alter table custdb.custextwhwh add partition (p='p1')
2024-04-24T01:29:22,116  INFO [main] ql.Driver: Starting task [Stage-0:DDL] in serial mode
2024-04-24T01:29:22,116  INFO [main] HiveMetaStore.audit: ugi=alex	ip=unknown-ip-addr	cmd=get_table : tbl=hive.custdb.custextwhwh	
2024-04-24T01:29:22,127  INFO [main] metastore.HMSHandler: Skipping translation for processor with null
2024-04-24T01:29:22,128  INFO [main] HiveMetaStore.audit: ugi=alex	ip=unknown-ip-addr	cmd=add_partitions	
2024-04-24T01:29:22,139  INFO [HMSHandler #3] utils.FileUtils: Creating directory if it doesn't exist: file:/home/alex/Repositories/hive/ql/target/tmp/org.apache.hadoop.hive.ql.util.TestHiveStrictManagedMigration-1713947339080/warehouse/custdb.db/custextwhwh/p=p1
2024-04-24T01:29:22,162  INFO [main] metadata.Hive: Dumping metastore api call timing information for : execution phase
2024-04-24T01:29:22,162  INFO [main] metadata.Hive: Total time spent in each metastore function (ms): {isCompatibleWith_(Configuration)=0, add_partitions_(List, boolean, boolean)=34, getTable_(GetTableRequest)=11}
2024-04-24T01:29:22,163  INFO [main] ql.Driver: Completed executing command(queryId=alex_20240424012922_c5506794-f7d2-449f-8d0b-ae6f7ee1953a); Time taken: 0.046 seconds
2024-04-24T01:29:22,163  INFO [main] lockmgr.DbTxnManager: Stopped heartbeat for query: alex_20240424012922_c5506794-f7d2-449f-8d0b-ae6f7ee1953a
2024-04-24T01:29:22,169  INFO [main] txn.TxnHandler: Expected to move at least one record from txn_components to completed_txn_components when committing txn! txnid:61
2024-04-24T01:29:22,176  INFO [main] txn.TxnHandler: Removed transactions: ([61]) from MIN_HISTORY_LEVEL
2024-04-24T01:29:22,176  WARN [main] txn.CompactionTxnHandler: No compaction queue record found for Compaction type transaction commit. txnId:61
2024-04-24T01:29:22,177  INFO [main] ql.TxnCommandsBaseForTests: Running the query: alter table custdb.custextwhwh add partition (p='p2')
2024-04-24T01:29:22,177  INFO [main] ql.Driver: Compiling command(queryId=alex_20240424012922_3f01053f-7298-4572-9c56-2ca8f3e087cf): alter table custdb.custextwhwh add partition (p='p2')
2024-04-24T01:29:22,180  INFO [main] txn.TxnHandler: Added entries to MIN_HISTORY_LEVEL for current txns: ([62]) with min_open_txn: 51
2024-04-24T01:29:22,180  INFO [main] lockmgr.DbTxnManager: Opened txnid:62
2024-04-24T01:29:22,181  INFO [main] HiveMetaStore.audit: ugi=alex	ip=unknown-ip-addr	cmd=get_table : tbl=hive.custdb.custextwhwh	
2024-04-24T01:29:22,196  INFO [main] metastore.HMSHandler: Skipping translation for processor with null
2024-04-24T01:29:22,197  INFO [main] ql.Driver: Semantic Analysis Completed (retrial = false)
2024-04-24T01:29:22,197  INFO [main] ql.Driver: Created Hive schema: Schema(fieldSchemas:null, properties:null)
2024-04-24T01:29:22,197  INFO [main] metadata.Hive: Dumping metastore api call timing information for : compilation phase
2024-04-24T01:29:22,197  INFO [main] metadata.Hive: Total time spent in each metastore function (ms): {getValidTxns_(long)=0, openTxn_(String, TxnType)=2, commitTxn_(CommitTxnRequest)=14, isCompatibleWith_(Configuration)=1, flushCache_()=0, getTable_(GetTableRequest)=15}
2024-04-24T01:29:22,198  INFO [main] ql.Driver: Completed compiling command(queryId=alex_20240424012922_3f01053f-7298-4572-9c56-2ca8f3e087cf); Time taken: 0.02 seconds
2024-04-24T01:29:22,198  INFO [main] lockmgr.DbTxnManager: Setting lock request transaction to txnid:62 for queryId=alex_20240424012922_3f01053f-7298-4572-9c56-2ca8f3e087cf
2024-04-24T01:29:22,198  INFO [main] ql.Driver: Operation ALTERTABLE_ADDPARTS obtained 0 locks
2024-04-24T01:29:22,198  INFO [main] ql.Driver: Executing command(queryId=alex_20240424012922_3f01053f-7298-4572-9c56-2ca8f3e087cf): alter table custdb.custextwhwh add partition (p='p2')
2024-04-24T01:29:22,198  INFO [main] ql.Driver: Starting task [Stage-0:DDL] in serial mode
2024-04-24T01:29:22,198  INFO [main] HiveMetaStore.audit: ugi=alex	ip=unknown-ip-addr	cmd=get_table : tbl=hive.custdb.custextwhwh	
2024-04-24T01:29:22,210  INFO [main] metastore.HMSHandler: Skipping translation for processor with null
2024-04-24T01:29:22,210  INFO [main] HiveMetaStore.audit: ugi=alex	ip=unknown-ip-addr	cmd=add_partitions	
2024-04-24T01:29:22,223  INFO [HMSHandler #4] utils.FileUtils: Creating directory if it doesn't exist: file:/home/alex/Repositories/hive/ql/target/tmp/org.apache.hadoop.hive.ql.util.TestHiveStrictManagedMigration-1713947339080/warehouse/custdb.db/custextwhwh/p=p2
2024-04-24T01:29:22,238  INFO [main] metadata.Hive: Dumping metastore api call timing information for : execution phase
2024-04-24T01:29:22,238  INFO [main] metadata.Hive: Total time spent in each metastore function (ms): {getTable_(GetTableRequest)=12, isCompatibleWith_(Configuration)=0, add_partitions_(List, boolean, boolean)=28}
2024-04-24T01:29:22,239  INFO [main] ql.Driver: Completed executing command(queryId=alex_20240424012922_3f01053f-7298-4572-9c56-2ca8f3e087cf); Time taken: 0.04 seconds
2024-04-24T01:29:22,239  INFO [main] lockmgr.DbTxnManager: Stopped heartbeat for query: alex_20240424012922_3f01053f-7298-4572-9c56-2ca8f3e087cf
2024-04-24T01:29:22,244  INFO [main] txn.TxnHandler: Expected to move at least one record from txn_components to completed_txn_components when committing txn! txnid:62
2024-04-24T01:29:22,252  INFO [main] txn.TxnHandler: Removed transactions: ([62]) from MIN_HISTORY_LEVEL
2024-04-24T01:29:22,252  WARN [main] txn.CompactionTxnHandler: No compaction queue record found for Compaction type transaction commit. txnId:62
2024-04-24T01:29:22,300  WARN [main] conf.HiveConf: HiveConf of name hive.metastore.metadb.dir does not exist
2024-04-24T01:29:22,300  WARN [main] conf.HiveConf: HiveConf of name hive.stats.key.prefix.reserve.length does not exist
2024-04-24T01:29:22,300  WARN [main] conf.HiveConf: HiveConf of name hive.dummyparam.test.server.specific.config.hivesite does not exist
2024-04-24T01:29:22,301  WARN [main] conf.HiveConf: HiveConf of name hive.llap.io.cache.orc.alloc.max does not exist
2024-04-24T01:29:22,301  WARN [main] conf.HiveConf: HiveConf of name hive.metastore.client.cache.recordStats does not exist
2024-04-24T01:29:22,301  WARN [main] conf.HiveConf: HiveConf of name hive.dummyparam.test.server.specific.config.override does not exist
2024-04-24T01:29:22,301  WARN [main] conf.HiveConf: HiveConf of name hive.llap.io.cache.orc.arena.size does not exist
2024-04-24T01:29:22,301  WARN [main] conf.HiveConf: HiveConf of name hive.dummyparam.test.server.specific.config.metastoresite does not exist
2024-04-24T01:29:22,301  WARN [main] conf.HiveConf: HiveConf of name hive.llap.io.cache.orc.alloc.min does not exist
2024-04-24T01:29:22,301  WARN [main] conf.HiveConf: HiveConf of name hive.metastore.client.cache.maxSize does not exist
2024-04-24T01:29:22,301  WARN [main] conf.HiveConf: HiveConf of name hive.llap.io.cache.orc.size does not exist
DEBUG StatusLogger Using ShutdownCallbackRegistry class org.apache.logging.log4j.core.util.DefaultShutdownCallbackRegistry
2024-04-24T01:29:22,337  INFO [main] util.HiveStrictManagedMigration: Control configs have been read in from file:/home/alex/Repositories/hive/ql/src/test/resources/hsmm/hsmm_cfg_02.yaml
2024-04-24T01:29:22,339  INFO [main] util.HiveStrictManagedMigration: Control configs have been read in from file:/home/alex/Repositories/hive/ql/src/test/resources/hsmm/hsmm_cfg_01.yaml
2024-04-24T01:29:22,339  INFO [main] util.HiveStrictManagedMigration: Starting with RunOptions{dbRegex='.*', tableRegex='.*', oldWarehouseRoot='/home/alex/Repositories/hive/ql/target/tmp/org.apache.hadoop.hive.ql.util.TestHiveStrictManagedMigration-1713947339080/warehouse', migrationOption=EXTERNAL, confProps={}, shouldModifyManagedTableLocation=false, shouldModifyManagedTableOwner=false, shouldModifyManagedTablePermissions=false, shouldMoveExternal=false, dryRun=false, tableType=null, tablePoolSize=4, fsOperationUser=null, controlFileUrl=src/test/resources/hsmm}
2024-04-24T01:29:22,340  INFO [main] metastore.HiveMetaStoreClient: HMS client filtering is enabled.
2024-04-24T01:29:22,340  INFO [main] metastore.PersistenceManagerProvider: Configuration datanucleus.autoStartMechanismMode is not set. Defaulting to 'ignored'
2024-04-24T01:29:22,340  INFO [main] metastore.ObjectStore: RawStore: org.apache.hadoop.hive.metastore.ObjectStore@279e4506, with PersistenceManager: org.datanucleus.api.jdo.JDOPersistenceManager@523e019c will be shutdown
2024-04-24T01:29:22,341  INFO [main] metastore.ObjectStore: RawStore: org.apache.hadoop.hive.metastore.ObjectStore@279e4506, with PersistenceManager: org.datanucleus.api.jdo.JDOPersistenceManager@7a6ccc46 created in the thread with id: 1
2024-04-24T01:29:22,370  INFO [main] metastore.HMSHandler: HMS server filtering is disabled by configuration
ivysettings.xml file not found in HIVE_HOME or HIVE_CONF_DIR,/home/alex/Repositories/hive/conf/ivysettings.xml will be used
2024-04-24T01:29:22,371  INFO [main] DependencyResolver: ivysettings.xml file not found in HIVE_HOME or HIVE_CONF_DIR,/home/alex/Repositories/hive/conf/ivysettings.xml will be used
2024-04-24T01:29:22,375  INFO [main] sqlstd.SQLStdHiveAccessController: Created SQLStdHiveAccessController for session context : HiveAuthzSessionContext [sessionString=09bd2cb3-f852-4709-8d13-6a7afed6bdbb, clientType=HIVECLI]
2024-04-24T01:29:22,375  INFO [main] HiveMetaStore.audit: ugi=alex	ip=unknown-ip-addr	cmd=get_databases: @hive#	
2024-04-24T01:29:22,379  INFO [main] util.HiveStrictManagedMigration: Found 2 databases
2024-04-24T01:29:22,379  INFO [main] util.HiveStrictManagedMigration: Processing database custdb
2024-04-24T01:29:22,379  INFO [main] HiveMetaStore.audit: ugi=alex	ip=unknown-ip-addr	cmd=get_database: custdb	
2024-04-24T01:29:22,381  INFO [main] HiveMetaStore.audit: ugi=alex	ip=unknown-ip-addr	cmd=get_multi_table : db=custdb tbls=null	
2024-04-24T01:29:22,401  INFO [Table-ForkJoinPool-2-worker-2] metastore.HiveMetaStoreClient: HMS client filtering is enabled.
2024-04-24T01:29:22,402  INFO [Table-ForkJoinPool-2-worker-1] metastore.HiveMetaStoreClient: HMS client filtering is enabled.
2024-04-24T01:29:22,406  INFO [Table-ForkJoinPool-2-worker-2] metastore.HMSHandler: 1: Opening raw store with implementation class:org.apache.hadoop.hive.metastore.ObjectStore
2024-04-24T01:29:22,406  INFO [Table-ForkJoinPool-2-worker-2] metastore.PersistenceManagerProvider: Configuration datanucleus.autoStartMechanismMode is not set. Defaulting to 'ignored'
2024-04-24T01:29:22,406  INFO [Table-ForkJoinPool-2-worker-1] metastore.HMSHandler: 2: Opening raw store with implementation class:org.apache.hadoop.hive.metastore.ObjectStore
2024-04-24T01:29:22,406  INFO [Table-ForkJoinPool-2-worker-1] metastore.PersistenceManagerProvider: Configuration datanucleus.autoStartMechanismMode is not set. Defaulting to 'ignored'
2024-04-24T01:29:22,407  INFO [Table-ForkJoinPool-2-worker-1] metastore.ObjectStore: RawStore: org.apache.hadoop.hive.metastore.ObjectStore@229db908, with PersistenceManager: null will be shutdown
2024-04-24T01:29:22,407  INFO [Table-ForkJoinPool-2-worker-2] metastore.ObjectStore: RawStore: org.apache.hadoop.hive.metastore.ObjectStore@774c162d, with PersistenceManager: null will be shutdown
2024-04-24T01:29:22,412  INFO [Table-ForkJoinPool-2-worker-1] metastore.ObjectStore: RawStore: org.apache.hadoop.hive.metastore.ObjectStore@229db908, with PersistenceManager: org.datanucleus.api.jdo.JDOPersistenceManager@da8eb03 created in the thread with id: 308
2024-04-24T01:29:22,412  INFO [Table-ForkJoinPool-2-worker-2] metastore.ObjectStore: RawStore: org.apache.hadoop.hive.metastore.ObjectStore@774c162d, with PersistenceManager: org.datanucleus.api.jdo.JDOPersistenceManager@97a30 created in the thread with id: 309
2024-04-24T01:29:22,420  INFO [Table-ForkJoinPool-2-worker-2] metastore.HMSHandler: Created RawStore: org.apache.hadoop.hive.metastore.ObjectStore@774c162d from thread id: 309
2024-04-24T01:29:22,420  INFO [Table-ForkJoinPool-2-worker-1] metastore.HMSHandler: Created RawStore: org.apache.hadoop.hive.metastore.ObjectStore@229db908 from thread id: 308
2024-04-24T01:29:22,420  INFO [Table-ForkJoinPool-2-worker-2] metastore.HMSHandler: HMS server filtering is disabled by configuration
2024-04-24T01:29:22,420  INFO [Table-ForkJoinPool-2-worker-1] metastore.HMSHandler: HMS server filtering is disabled by configuration
ivysettings.xml file not found in HIVE_HOME or HIVE_CONF_DIR,/home/alex/Repositories/hive/conf/ivysettings.xml will be used
ivysettings.xml file not found in HIVE_HOME or HIVE_CONF_DIR,/home/alex/Repositories/hive/conf/ivysettings.xml will be used
2024-04-24T01:29:22,421  INFO [Table-ForkJoinPool-2-worker-1] DependencyResolver: ivysettings.xml file not found in HIVE_HOME or HIVE_CONF_DIR,/home/alex/Repositories/hive/conf/ivysettings.xml will be used
2024-04-24T01:29:22,421  INFO [Table-ForkJoinPool-2-worker-2] DependencyResolver: ivysettings.xml file not found in HIVE_HOME or HIVE_CONF_DIR,/home/alex/Repositories/hive/conf/ivysettings.xml will be used
2024-04-24T01:29:22,427  INFO [Table-ForkJoinPool-2-worker-1] sqlstd.SQLStdHiveAccessController: Created SQLStdHiveAccessController for session context : HiveAuthzSessionContext [sessionString=09bd2cb3-f852-4709-8d13-6a7afed6bdbb, clientType=HIVECLI]
2024-04-24T01:29:22,427  INFO [Table-ForkJoinPool-2-worker-2] sqlstd.SQLStdHiveAccessController: Created SQLStdHiveAccessController for session context : HiveAuthzSessionContext [sessionString=09bd2cb3-f852-4709-8d13-6a7afed6bdbb, clientType=HIVECLI]
2024-04-24T01:29:22,428  INFO [Table-ForkJoinPool-2-worker-2] HiveMetaStore.audit: ugi=alex	ip=unknown-ip-addr	cmd=get_table : tbl=hive.custdb.custmanwhwh	
2024-04-24T01:29:22,428  INFO [Table-ForkJoinPool-2-worker-1] HiveMetaStore.audit: ugi=alex	ip=unknown-ip-addr	cmd=get_table : tbl=hive.custdb.custextwhwh	
2024-04-24T01:29:22,450  INFO [Table-ForkJoinPool-2-worker-2] metastore.HMSHandler: Skipping translation for processor with null
2024-04-24T01:29:22,450  INFO [Table-ForkJoinPool-2-worker-1] metastore.HMSHandler: Skipping translation for processor with null
2024-04-24T01:29:22,452  INFO [Table-ForkJoinPool-2-worker-2] util.HiveStrictManagedMigration: Converting `custdb`.`custmanwhwh` to external table ...
2024-04-24T01:29:22,452  INFO [Table-ForkJoinPool-2-worker-2] util.HiveStrictManagedMigration: ALTER TABLE `custdb`.`custmanwhwh` SET TBLPROPERTIES ('external.table.purge'='true', 'EXTERNAL'='TRUE')
2024-04-24T01:29:22,454  INFO [Table-ForkJoinPool-2-worker-2] metastore.HiveMetaStoreClient: HMS client filtering is enabled.
2024-04-24T01:29:22,454  INFO [Table-ForkJoinPool-2-worker-2] metastore.PersistenceManagerProvider: Configuration datanucleus.autoStartMechanismMode is not set. Defaulting to 'ignored'
2024-04-24T01:29:22,455  INFO [Table-ForkJoinPool-2-worker-2] metastore.ObjectStore: RawStore: org.apache.hadoop.hive.metastore.ObjectStore@774c162d, with PersistenceManager: org.datanucleus.api.jdo.JDOPersistenceManager@97a30 will be shutdown
2024-04-24T01:29:22,455  INFO [Table-ForkJoinPool-2-worker-2] metastore.ObjectStore: RawStore: org.apache.hadoop.hive.metastore.ObjectStore@774c162d, with PersistenceManager: org.datanucleus.api.jdo.JDOPersistenceManager@236f0ef7 created in the thread with id: 309
2024-04-24T01:29:22,457  INFO [Table-ForkJoinPool-2-worker-2] metastore.HMSHandler: HMS server filtering is disabled by configuration
2024-04-24T01:29:22,457  INFO [Table-ForkJoinPool-2-worker-2] metastore.RetryingMetaStoreClient: RetryingMetaStoreClient proxy=class org.apache.hadoop.hive.ql.metadata.SessionHiveMetaStoreClient ugi=alex (auth:SIMPLE) retries=1 delay=1 lifetime=0
2024-04-24T01:29:22,457  INFO [Table-ForkJoinPool-2-worker-2] HiveMetaStore.audit: ugi=alex	ip=unknown-ip-addr	cmd=alter_table: hive.custdb.custmanwhwh newtbl=custmanwhwh	
2024-04-24T01:29:22,473  WARN [Table-ForkJoinPool-2-worker-2] metastore.HiveAlterHandler: Alter table not cascaded to partitions.
2024-04-24T01:29:22,495  INFO [main] util.HiveStrictManagedMigration: Processing database default
2024-04-24T01:29:22,495  INFO [main] HiveMetaStore.audit: ugi=alex	ip=unknown-ip-addr	cmd=get_database: default	
2024-04-24T01:29:22,498  INFO [main] HiveMetaStore.audit: ugi=alex	ip=unknown-ip-addr	cmd=get_multi_table : db=default tbls=null	
2024-04-24T01:29:22,502  INFO [main] util.HiveStrictManagedMigration: Done processing databases.
2024-04-24T01:29:22,502  INFO [main] HiveMetaStore.audit: ugi=alex	ip=unknown-ip-addr	cmd=Cleaning up thread local RawStore...	
2024-04-24T01:29:22,503  INFO [main] metastore.ObjectStore: RawStore: org.apache.hadoop.hive.metastore.ObjectStore@279e4506, with PersistenceManager: org.datanucleus.api.jdo.JDOPersistenceManager@7a6ccc46 will be shutdown
2024-04-24T01:29:22,503  INFO [main] HiveMetaStore.audit: ugi=alex	ip=unknown-ip-addr	cmd=Done cleaning up thread local RawStore	
2024-04-24T01:29:22,503  INFO [main] metastore.HiveMetaStoreClient: Closed a connection to metastore, current connections: -5
2024-04-24T01:29:22,503  INFO [main] HiveMetaStore.audit: ugi=alex	ip=unknown-ip-addr	cmd=Done cleaning up thread local RawStore	
2024-04-24T01:29:22,503  INFO [main] metastore.HiveMetaStoreClient: Closed a connection to metastore, current connections: -6
2024-04-24T01:29:22,503  INFO [main] HiveMetaStore.audit: ugi=alex	ip=unknown-ip-addr	cmd=Done cleaning up thread local RawStore	
2024-04-24T01:29:22,503  INFO [main] metastore.HiveMetaStoreClient: Closed a connection to metastore, current connections: -7
2024-04-24T01:29:22,503  INFO [main] HiveMetaStore.audit: ugi=alex	ip=unknown-ip-addr	cmd=Done cleaning up thread local RawStore	
2024-04-24T01:29:22,503  INFO [main] metastore.HiveMetaStoreClient: Closed a connection to metastore, current connections: -8
2024-04-24T01:29:22,505  INFO [main] metastore.HiveMetaStoreClient: HMS client filtering is enabled.
2024-04-24T01:29:22,506  INFO [main] metastore.HMSHandler: 0: Opening raw store with implementation class:org.apache.hadoop.hive.metastore.ObjectStore
2024-04-24T01:29:22,506  INFO [main] metastore.PersistenceManagerProvider: Configuration datanucleus.autoStartMechanismMode is not set. Defaulting to 'ignored'
2024-04-24T01:29:22,507  INFO [main] metastore.ObjectStore: RawStore: org.apache.hadoop.hive.metastore.ObjectStore@263121b, with PersistenceManager: null will be shutdown
2024-04-24T01:29:22,507  INFO [main] metastore.ObjectStore: RawStore: org.apache.hadoop.hive.metastore.ObjectStore@263121b, with PersistenceManager: org.datanucleus.api.jdo.JDOPersistenceManager@2d01bc46 created in the thread with id: 1
2024-04-24T01:29:22,510  INFO [main] metastore.HMSHandler: Created RawStore: org.apache.hadoop.hive.metastore.ObjectStore@263121b from thread id: 1
2024-04-24T01:29:22,510  INFO [main] metastore.HMSHandler: HMS server filtering is disabled by configuration
2024-04-24T01:29:22,510  INFO [main] metastore.RetryingMetaStoreClient: RetryingMetaStoreClient proxy=class org.apache.hadoop.hive.ql.metadata.SessionHiveMetaStoreClient ugi=alex (auth:SIMPLE) retries=1 delay=1 lifetime=0
2024-04-24T01:29:22,510  INFO [main] HiveMetaStore.audit: ugi=alex	ip=unknown-ip-addr	cmd=get_table : tbl=hive.custdb.custmanwhwh	
2024-04-24T01:29:22,526  INFO [main] metastore.HMSHandler: Skipping translation for processor with null
2024-04-24T01:29:22,527  INFO [main] HiveMetaStore.audit: ugi=alex	ip=unknown-ip-addr	cmd=get_table : tbl=hive.default.manwhwh	
2024-04-24T01:29:22,543  INFO [main] metastore.HMSHandler: Skipping translation for processor with null
2024-04-24T01:29:22,543  INFO [main] ql.TxnCommandsBaseForTests: Running the query: drop table if exists acidTbl
2024-04-24T01:29:22,544  INFO [main] ql.Driver: Compiling command(queryId=alex_20240424012922_33deb3dd-ed1d-4039-9eb1-29b953e5026d): drop table if exists acidTbl
2024-04-24T01:29:22,548  INFO [main] txn.TxnHandler: Added entries to MIN_HISTORY_LEVEL for current txns: ([63]) with min_open_txn: 57
2024-04-24T01:29:22,549  INFO [main] lockmgr.DbTxnManager: Opened txnid:63
2024-04-24T01:29:22,550  INFO [main] HiveMetaStore.audit: ugi=alex	ip=unknown-ip-addr	cmd=get_table : tbl=hive.default.acidTbl	
2024-04-24T01:29:22,563  INFO [main] metastore.HMSHandler: Skipping translation for processor with null
2024-04-24T01:29:22,563  INFO [main] ql.Driver: Semantic Analysis Completed (retrial = false)
2024-04-24T01:29:22,563  INFO [main] ql.Driver: Created Hive schema: Schema(fieldSchemas:null, properties:null)
2024-04-24T01:29:22,563  INFO [main] metadata.Hive: Dumping metastore api call timing information for : compilation phase
2024-04-24T01:29:22,564  INFO [main] metadata.Hive: Total time spent in each metastore function (ms): {isCompatibleWith_(Configuration)=0, flushCache_()=1, openTxn_(String, TxnType)=4, getTable_(GetTableRequest)=45, getValidTxns_(long)=1}
2024-04-24T01:29:22,564  INFO [main] ql.Driver: Completed compiling command(queryId=alex_20240424012922_33deb3dd-ed1d-4039-9eb1-29b953e5026d); Time taken: 0.019 seconds
2024-04-24T01:29:22,564  INFO [main] lockmgr.DbTxnManager: Setting lock request transaction to txnid:63 for queryId=alex_20240424012922_33deb3dd-ed1d-4039-9eb1-29b953e5026d
2024-04-24T01:29:22,565  INFO [main] lockmgr.DbLockManager: Requesting lock for queryId=alex_20240424012922_33deb3dd-ed1d-4039-9eb1-29b953e5026d
2024-04-24T01:29:22,595  INFO [main] lockmgr.DbLockManager: Response to queryId=alex_20240424012922_33deb3dd-ed1d-4039-9eb1-29b953e5026d LockResponse(lockid:31, state:ACQUIRED)
2024-04-24T01:29:22,595  INFO [main] ql.Driver: Operation DROPTABLE obtained 1 locks
2024-04-24T01:29:22,595  INFO [main] ql.Driver: Executing command(queryId=alex_20240424012922_33deb3dd-ed1d-4039-9eb1-29b953e5026d): drop table if exists acidTbl
2024-04-24T01:29:22,595  INFO [main] ql.Driver: Starting task [Stage-0:DDL] in serial mode
2024-04-24T01:29:22,596  INFO [main] HiveMetaStore.audit: ugi=alex	ip=unknown-ip-addr	cmd=get_table : tbl=hive.default.acidTbl	
2024-04-24T01:29:22,609  INFO [main] metastore.HMSHandler: Skipping translation for processor with null
2024-04-24T01:29:22,609  INFO [main] HiveMetaStore.audit: ugi=alex	ip=unknown-ip-addr	cmd=get_table : tbl=hive.default.acidTbl	
2024-04-24T01:29:22,619  INFO [main] metastore.HMSHandler: Skipping translation for processor with null
2024-04-24T01:29:22,620  INFO [main] HiveMetaStore.audit: ugi=alex	ip=unknown-ip-addr	cmd=drop_table : tbl=hive.default.acidTbl	
2024-04-24T01:29:22,774  INFO [main] metadata.Hive: Dumping metastore api call timing information for : execution phase
2024-04-24T01:29:22,774  INFO [main] metadata.Hive: Total time spent in each metastore function (ms): {dropTable_(String, String, boolean, boolean, boolean)=164, isCompatibleWith_(Configuration)=1, getTable_(GetTableRequest)=13}
2024-04-24T01:29:22,774  INFO [main] ql.Driver: Completed executing command(queryId=alex_20240424012922_33deb3dd-ed1d-4039-9eb1-29b953e5026d); Time taken: 0.179 seconds
2024-04-24T01:29:22,774  INFO [main] lockmgr.DbTxnManager: Stopped heartbeat for query: alex_20240424012922_33deb3dd-ed1d-4039-9eb1-29b953e5026d
2024-04-24T01:29:22,779  INFO [main] txn.TxnHandler: Expected to move at least one record from txn_components to completed_txn_components when committing txn! txnid:63
2024-04-24T01:29:22,787  INFO [main] txn.TxnHandler: Removed transactions: ([63]) from MIN_HISTORY_LEVEL
2024-04-24T01:29:22,787  WARN [main] txn.CompactionTxnHandler: No compaction queue record found for Compaction type transaction commit. txnId:63
2024-04-24T01:29:22,788  INFO [main] ql.TxnCommandsBaseForTests: Running the query: drop table if exists acidTblPart
2024-04-24T01:29:22,788  INFO [main] ql.Driver: Compiling command(queryId=alex_20240424012922_3b86f93f-c884-4917-a22b-e8c7b6e04555): drop table if exists acidTblPart
2024-04-24T01:29:22,791  INFO [main] txn.TxnHandler: Added entries to MIN_HISTORY_LEVEL for current txns: ([64]) with min_open_txn: 59
2024-04-24T01:29:22,791  INFO [main] lockmgr.DbTxnManager: Opened txnid:64
2024-04-24T01:29:22,792  INFO [main] HiveMetaStore.audit: ugi=alex	ip=unknown-ip-addr	cmd=get_table : tbl=hive.default.acidTblPart	
2024-04-24T01:29:22,800  INFO [main] metastore.HMSHandler: Skipping translation for processor with null
2024-04-24T01:29:22,800  INFO [main] ql.Driver: Semantic Analysis Completed (retrial = false)
2024-04-24T01:29:22,800  INFO [main] ql.Driver: Created Hive schema: Schema(fieldSchemas:null, properties:null)
2024-04-24T01:29:22,800  INFO [main] metadata.Hive: Dumping metastore api call timing information for : compilation phase
2024-04-24T01:29:22,800  INFO [main] metadata.Hive: Total time spent in each metastore function (ms): {getValidTxns_(long)=1, flushCache_()=0, getTable_(GetTableRequest)=8, openTxn_(String, TxnType)=3, isCompatibleWith_(Configuration)=0, commitTxn_(CommitTxnRequest)=13}
2024-04-24T01:29:22,800  INFO [main] ql.Driver: Completed compiling command(queryId=alex_20240424012922_3b86f93f-c884-4917-a22b-e8c7b6e04555); Time taken: 0.012 seconds
2024-04-24T01:29:22,800  INFO [main] lockmgr.DbTxnManager: Setting lock request transaction to txnid:64 for queryId=alex_20240424012922_3b86f93f-c884-4917-a22b-e8c7b6e04555
2024-04-24T01:29:22,801  INFO [main] lockmgr.DbLockManager: Requesting lock for queryId=alex_20240424012922_3b86f93f-c884-4917-a22b-e8c7b6e04555
2024-04-24T01:29:22,822  INFO [main] lockmgr.DbLockManager: Response to queryId=alex_20240424012922_3b86f93f-c884-4917-a22b-e8c7b6e04555 LockResponse(lockid:32, state:ACQUIRED)
2024-04-24T01:29:22,822  INFO [main] ql.Driver: Operation DROPTABLE obtained 1 locks
2024-04-24T01:29:22,822  INFO [main] ql.Driver: Executing command(queryId=alex_20240424012922_3b86f93f-c884-4917-a22b-e8c7b6e04555): drop table if exists acidTblPart
2024-04-24T01:29:22,822  INFO [main] ql.Driver: Starting task [Stage-0:DDL] in serial mode
2024-04-24T01:29:22,822  INFO [main] HiveMetaStore.audit: ugi=alex	ip=unknown-ip-addr	cmd=get_table : tbl=hive.default.acidTblPart	
2024-04-24T01:29:22,834  INFO [main] metastore.HMSHandler: Skipping translation for processor with null
2024-04-24T01:29:22,835  INFO [main] HiveMetaStore.audit: ugi=alex	ip=unknown-ip-addr	cmd=get_table : tbl=hive.default.acidTblPart	
2024-04-24T01:29:22,846  INFO [main] metastore.HMSHandler: Skipping translation for processor with null
2024-04-24T01:29:22,846  INFO [main] HiveMetaStore.audit: ugi=alex	ip=unknown-ip-addr	cmd=drop_table : tbl=hive.default.acidTblPart	
2024-04-24T01:29:22,916  INFO [main] metadata.Hive: Dumping metastore api call timing information for : execution phase
2024-04-24T01:29:22,917  INFO [main] metadata.Hive: Total time spent in each metastore function (ms): {getTable_(GetTableRequest)=12, isCompatibleWith_(Configuration)=0, dropTable_(String, String, boolean, boolean, boolean)=82}
2024-04-24T01:29:22,917  INFO [main] ql.Driver: Completed executing command(queryId=alex_20240424012922_3b86f93f-c884-4917-a22b-e8c7b6e04555); Time taken: 0.094 seconds
2024-04-24T01:29:22,917  INFO [main] lockmgr.DbTxnManager: Stopped heartbeat for query: alex_20240424012922_3b86f93f-c884-4917-a22b-e8c7b6e04555
2024-04-24T01:29:22,923  INFO [main] txn.TxnHandler: Expected to move at least one record from txn_components to completed_txn_components when committing txn! txnid:64
2024-04-24T01:29:22,931  INFO [main] txn.TxnHandler: Removed transactions: ([64]) from MIN_HISTORY_LEVEL
2024-04-24T01:29:22,931  WARN [main] txn.CompactionTxnHandler: No compaction queue record found for Compaction type transaction commit. txnId:64
2024-04-24T01:29:22,931  INFO [main] ql.TxnCommandsBaseForTests: Running the query: drop table if exists acidTbl2
2024-04-24T01:29:22,932  INFO [main] ql.Driver: Compiling command(queryId=alex_20240424012922_a8d37a8a-3817-421d-88ff-904cd6606ecc): drop table if exists acidTbl2
2024-04-24T01:29:22,935  INFO [main] txn.TxnHandler: Added entries to MIN_HISTORY_LEVEL for current txns: ([65]) with min_open_txn: 60
2024-04-24T01:29:22,935  INFO [main] lockmgr.DbTxnManager: Opened txnid:65
2024-04-24T01:29:22,936  INFO [main] HiveMetaStore.audit: ugi=alex	ip=unknown-ip-addr	cmd=get_table : tbl=hive.default.acidTbl2	
2024-04-24T01:29:22,939  INFO [main] ql.Driver: Semantic Analysis Completed (retrial = false)
2024-04-24T01:29:22,939  INFO [main] ql.Driver: Created Hive schema: Schema(fieldSchemas:null, properties:null)
2024-04-24T01:29:22,939  INFO [main] metadata.Hive: Dumping metastore api call timing information for : compilation phase
2024-04-24T01:29:22,939  INFO [main] metadata.Hive: Total time spent in each metastore function (ms): {commitTxn_(CommitTxnRequest)=14, getValidTxns_(long)=1, openTxn_(String, TxnType)=3, isCompatibleWith_(Configuration)=0, flushCache_()=0}
2024-04-24T01:29:22,940  INFO [main] ql.Driver: Completed compiling command(queryId=alex_20240424012922_a8d37a8a-3817-421d-88ff-904cd6606ecc); Time taken: 0.007 seconds
2024-04-24T01:29:22,940  INFO [main] lockmgr.DbTxnManager: Setting lock request transaction to txnid:65 for queryId=alex_20240424012922_a8d37a8a-3817-421d-88ff-904cd6606ecc
2024-04-24T01:29:22,940  INFO [main] ql.Driver: Operation DROPTABLE obtained 0 locks
2024-04-24T01:29:22,940  INFO [main] ql.Driver: Executing command(queryId=alex_20240424012922_a8d37a8a-3817-421d-88ff-904cd6606ecc): drop table if exists acidTbl2
2024-04-24T01:29:22,940  INFO [main] ql.Driver: Starting task [Stage-0:DDL] in serial mode
2024-04-24T01:29:22,940  INFO [main] HiveMetaStore.audit: ugi=alex	ip=unknown-ip-addr	cmd=get_table : tbl=hive.default.acidTbl2	
2024-04-24T01:29:22,943  INFO [main] metadata.Hive: Dumping metastore api call timing information for : execution phase
2024-04-24T01:29:22,944  INFO [main] metadata.Hive: Total time spent in each metastore function (ms): {isCompatibleWith_(Configuration)=0}
2024-04-24T01:29:22,944  INFO [main] ql.Driver: Completed executing command(queryId=alex_20240424012922_a8d37a8a-3817-421d-88ff-904cd6606ecc); Time taken: 0.003 seconds
2024-04-24T01:29:22,944  INFO [main] lockmgr.DbTxnManager: Stopped heartbeat for query: alex_20240424012922_a8d37a8a-3817-421d-88ff-904cd6606ecc
2024-04-24T01:29:22,949  INFO [main] txn.TxnHandler: Expected to move at least one record from txn_components to completed_txn_components when committing txn! txnid:65
2024-04-24T01:29:22,956  INFO [main] txn.TxnHandler: Removed transactions: ([65]) from MIN_HISTORY_LEVEL
2024-04-24T01:29:22,956  WARN [main] txn.CompactionTxnHandler: No compaction queue record found for Compaction type transaction commit. txnId:65
2024-04-24T01:29:22,957  INFO [main] ql.TxnCommandsBaseForTests: Running the query: drop table if exists nonAcidOrcTbl
2024-04-24T01:29:22,957  INFO [main] ql.Driver: Compiling command(queryId=alex_20240424012922_e4d1defd-f188-4666-8b49-2a095f050d7e): drop table if exists nonAcidOrcTbl
2024-04-24T01:29:22,959  INFO [main] txn.TxnHandler: Added entries to MIN_HISTORY_LEVEL for current txns: ([66]) with min_open_txn: 60
2024-04-24T01:29:22,960  INFO [main] lockmgr.DbTxnManager: Opened txnid:66
2024-04-24T01:29:22,961  INFO [main] HiveMetaStore.audit: ugi=alex	ip=unknown-ip-addr	cmd=get_table : tbl=hive.default.nonAcidOrcTbl	
2024-04-24T01:29:22,996  INFO [main] metastore.HMSHandler: Skipping translation for processor with null
2024-04-24T01:29:22,996  INFO [main] ql.Driver: Semantic Analysis Completed (retrial = false)
2024-04-24T01:29:22,996  INFO [main] ql.Driver: Created Hive schema: Schema(fieldSchemas:null, properties:null)
2024-04-24T01:29:22,996  INFO [main] metadata.Hive: Dumping metastore api call timing information for : compilation phase
2024-04-24T01:29:22,997  INFO [main] metadata.Hive: Total time spent in each metastore function (ms): {getValidTxns_(long)=1, getTable_(GetTableRequest)=35, commitTxn_(CommitTxnRequest)=12, openTxn_(String, TxnType)=3, isCompatibleWith_(Configuration)=0, flushCache_()=0}
2024-04-24T01:29:22,997  INFO [main] ql.Driver: Completed compiling command(queryId=alex_20240424012922_e4d1defd-f188-4666-8b49-2a095f050d7e); Time taken: 0.039 seconds
2024-04-24T01:29:22,997  INFO [main] lockmgr.DbTxnManager: Setting lock request transaction to txnid:66 for queryId=alex_20240424012922_e4d1defd-f188-4666-8b49-2a095f050d7e
2024-04-24T01:29:22,998  INFO [main] lockmgr.DbLockManager: Requesting lock for queryId=alex_20240424012922_e4d1defd-f188-4666-8b49-2a095f050d7e
2024-04-24T01:29:23,029  INFO [main] lockmgr.DbLockManager: Response to queryId=alex_20240424012922_e4d1defd-f188-4666-8b49-2a095f050d7e LockResponse(lockid:33, state:ACQUIRED)
2024-04-24T01:29:23,029  INFO [main] ql.Driver: Operation DROPTABLE obtained 1 locks
2024-04-24T01:29:23,029  INFO [main] ql.Driver: Executing command(queryId=alex_20240424012922_e4d1defd-f188-4666-8b49-2a095f050d7e): drop table if exists nonAcidOrcTbl
2024-04-24T01:29:23,029  INFO [main] ql.Driver: Starting task [Stage-0:DDL] in serial mode
2024-04-24T01:29:23,029  INFO [main] HiveMetaStore.audit: ugi=alex	ip=unknown-ip-addr	cmd=get_table : tbl=hive.default.nonAcidOrcTbl	
2024-04-24T01:29:23,046  INFO [main] metastore.HMSHandler: Skipping translation for processor with null
2024-04-24T01:29:23,046  INFO [main] HiveMetaStore.audit: ugi=alex	ip=unknown-ip-addr	cmd=get_table : tbl=hive.default.nonAcidOrcTbl	
2024-04-24T01:29:23,061  INFO [main] metastore.HMSHandler: Skipping translation for processor with null
2024-04-24T01:29:23,062  INFO [main] HiveMetaStore.audit: ugi=alex	ip=unknown-ip-addr	cmd=drop_table : tbl=hive.default.nonAcidOrcTbl	
2024-04-24T01:29:23,205  INFO [main] metadata.Hive: Dumping metastore api call timing information for : execution phase
2024-04-24T01:29:23,205  INFO [main] metadata.Hive: Total time spent in each metastore function (ms): {isCompatibleWith_(Configuration)=0, dropTable_(String, String, boolean, boolean, boolean)=159, getTable_(GetTableRequest)=17}
2024-04-24T01:29:23,206  INFO [main] ql.Driver: Completed executing command(queryId=alex_20240424012922_e4d1defd-f188-4666-8b49-2a095f050d7e); Time taken: 0.176 seconds
2024-04-24T01:29:23,206  INFO [main] lockmgr.DbTxnManager: Stopped heartbeat for query: alex_20240424012922_e4d1defd-f188-4666-8b49-2a095f050d7e
2024-04-24T01:29:23,211  INFO [main] txn.TxnHandler: Expected to move at least one record from txn_components to completed_txn_components when committing txn! txnid:66
2024-04-24T01:29:23,219  INFO [main] txn.TxnHandler: Removed transactions: ([66]) from MIN_HISTORY_LEVEL
2024-04-24T01:29:23,220  WARN [main] txn.CompactionTxnHandler: No compaction queue record found for Compaction type transaction commit. txnId:66
2024-04-24T01:29:23,220  INFO [main] ql.TxnCommandsBaseForTests: Running the query: drop table if exists nonAcidOrcTbl2
2024-04-24T01:29:23,221  INFO [main] ql.Driver: Compiling command(queryId=alex_20240424012923_6ada4376-69c7-41e1-bd8d-b4a6cbc4fcbd): drop table if exists nonAcidOrcTbl2
2024-04-24T01:29:23,224  INFO [main] txn.TxnHandler: Added entries to MIN_HISTORY_LEVEL for current txns: ([67]) with min_open_txn: 63
2024-04-24T01:29:23,225  INFO [main] lockmgr.DbTxnManager: Opened txnid:67
2024-04-24T01:29:23,226  INFO [main] HiveMetaStore.audit: ugi=alex	ip=unknown-ip-addr	cmd=get_table : tbl=hive.default.nonAcidOrcTbl2	
2024-04-24T01:29:23,242  INFO [main] metastore.HMSHandler: Skipping translation for processor with null
2024-04-24T01:29:23,242  INFO [main] ql.Driver: Semantic Analysis Completed (retrial = false)
2024-04-24T01:29:23,242  INFO [main] ql.Driver: Created Hive schema: Schema(fieldSchemas:null, properties:null)
2024-04-24T01:29:23,243  INFO [main] metadata.Hive: Dumping metastore api call timing information for : compilation phase
2024-04-24T01:29:23,243  INFO [main] metadata.Hive: Total time spent in each metastore function (ms): {flushCache_()=0, openTxn_(String, TxnType)=4, isCompatibleWith_(Configuration)=0, getTable_(GetTableRequest)=16, commitTxn_(CommitTxnRequest)=14, getValidTxns_(long)=1}
2024-04-24T01:29:23,243  INFO [main] ql.Driver: Completed compiling command(queryId=alex_20240424012923_6ada4376-69c7-41e1-bd8d-b4a6cbc4fcbd); Time taken: 0.021 seconds
2024-04-24T01:29:23,243  INFO [main] lockmgr.DbTxnManager: Setting lock request transaction to txnid:67 for queryId=alex_20240424012923_6ada4376-69c7-41e1-bd8d-b4a6cbc4fcbd
2024-04-24T01:29:23,244  INFO [main] lockmgr.DbLockManager: Requesting lock for queryId=alex_20240424012923_6ada4376-69c7-41e1-bd8d-b4a6cbc4fcbd
2024-04-24T01:29:23,268  INFO [main] lockmgr.DbLockManager: Response to queryId=alex_20240424012923_6ada4376-69c7-41e1-bd8d-b4a6cbc4fcbd LockResponse(lockid:34, state:ACQUIRED)
2024-04-24T01:29:23,268  INFO [main] ql.Driver: Operation DROPTABLE obtained 1 locks
2024-04-24T01:29:23,268  INFO [main] ql.Driver: Executing command(queryId=alex_20240424012923_6ada4376-69c7-41e1-bd8d-b4a6cbc4fcbd): drop table if exists nonAcidOrcTbl2
2024-04-24T01:29:23,268  INFO [main] ql.Driver: Starting task [Stage-0:DDL] in serial mode
2024-04-24T01:29:23,268  INFO [main] HiveMetaStore.audit: ugi=alex	ip=unknown-ip-addr	cmd=get_table : tbl=hive.default.nonAcidOrcTbl2	
2024-04-24T01:29:23,283  INFO [main] metastore.HMSHandler: Skipping translation for processor with null
2024-04-24T01:29:23,284  INFO [main] HiveMetaStore.audit: ugi=alex	ip=unknown-ip-addr	cmd=get_table : tbl=hive.default.nonAcidOrcTbl2	
2024-04-24T01:29:23,298  INFO [main] metastore.HMSHandler: Skipping translation for processor with null
2024-04-24T01:29:23,299  INFO [main] HiveMetaStore.audit: ugi=alex	ip=unknown-ip-addr	cmd=drop_table : tbl=hive.default.nonAcidOrcTbl2	
2024-04-24T01:29:23,340  INFO [main] metadata.Hive: Dumping metastore api call timing information for : execution phase
2024-04-24T01:29:23,340  INFO [main] metadata.Hive: Total time spent in each metastore function (ms): {isCompatibleWith_(Configuration)=0, getTable_(GetTableRequest)=15, dropTable_(String, String, boolean, boolean, boolean)=56}
2024-04-24T01:29:23,341  INFO [main] ql.Driver: Completed executing command(queryId=alex_20240424012923_6ada4376-69c7-41e1-bd8d-b4a6cbc4fcbd); Time taken: 0.072 seconds
2024-04-24T01:29:23,341  INFO [main] lockmgr.DbTxnManager: Stopped heartbeat for query: alex_20240424012923_6ada4376-69c7-41e1-bd8d-b4a6cbc4fcbd
2024-04-24T01:29:23,345  INFO [main] txn.TxnHandler: Expected to move at least one record from txn_components to completed_txn_components when committing txn! txnid:67
2024-04-24T01:29:23,351  INFO [main] txn.TxnHandler: Removed transactions: ([67]) from MIN_HISTORY_LEVEL
2024-04-24T01:29:23,351  WARN [main] txn.CompactionTxnHandler: No compaction queue record found for Compaction type transaction commit. txnId:67
2024-04-24T01:29:23,352  INFO [main] ql.TxnCommandsBaseForTests: Running the query: drop table if exists nonAcidNonBucket
2024-04-24T01:29:23,352  INFO [main] ql.Driver: Compiling command(queryId=alex_20240424012923_f3d1f3d8-7ffe-4720-9caf-62220198f438): drop table if exists nonAcidNonBucket
2024-04-24T01:29:23,355  INFO [main] txn.TxnHandler: Added entries to MIN_HISTORY_LEVEL for current txns: ([68]) with min_open_txn: 63
2024-04-24T01:29:23,356  INFO [main] lockmgr.DbTxnManager: Opened txnid:68
2024-04-24T01:29:23,357  INFO [main] HiveMetaStore.audit: ugi=alex	ip=unknown-ip-addr	cmd=get_table : tbl=hive.default.nonAcidNonBucket	
2024-04-24T01:29:23,372  INFO [main] metastore.HMSHandler: Skipping translation for processor with null
2024-04-24T01:29:23,372  INFO [main] ql.Driver: Semantic Analysis Completed (retrial = false)
2024-04-24T01:29:23,372  INFO [main] ql.Driver: Created Hive schema: Schema(fieldSchemas:null, properties:null)
2024-04-24T01:29:23,372  INFO [main] metadata.Hive: Dumping metastore api call timing information for : compilation phase
2024-04-24T01:29:23,373  INFO [main] metadata.Hive: Total time spent in each metastore function (ms): {getValidTxns_(long)=1, flushCache_()=1, isCompatibleWith_(Configuration)=0, openTxn_(String, TxnType)=3, commitTxn_(CommitTxnRequest)=11, getTable_(GetTableRequest)=15}
2024-04-24T01:29:23,373  INFO [main] ql.Driver: Completed compiling command(queryId=alex_20240424012923_f3d1f3d8-7ffe-4720-9caf-62220198f438); Time taken: 0.02 seconds
2024-04-24T01:29:23,373  INFO [main] lockmgr.DbTxnManager: Setting lock request transaction to txnid:68 for queryId=alex_20240424012923_f3d1f3d8-7ffe-4720-9caf-62220198f438
2024-04-24T01:29:23,374  INFO [main] lockmgr.DbLockManager: Requesting lock for queryId=alex_20240424012923_f3d1f3d8-7ffe-4720-9caf-62220198f438
2024-04-24T01:29:23,397  INFO [main] lockmgr.DbLockManager: Response to queryId=alex_20240424012923_f3d1f3d8-7ffe-4720-9caf-62220198f438 LockResponse(lockid:35, state:ACQUIRED)
2024-04-24T01:29:23,397  INFO [main] ql.Driver: Operation DROPTABLE obtained 1 locks
2024-04-24T01:29:23,397  INFO [main] ql.Driver: Executing command(queryId=alex_20240424012923_f3d1f3d8-7ffe-4720-9caf-62220198f438): drop table if exists nonAcidNonBucket
2024-04-24T01:29:23,397  INFO [main] ql.Driver: Starting task [Stage-0:DDL] in serial mode
2024-04-24T01:29:23,397  INFO [main] HiveMetaStore.audit: ugi=alex	ip=unknown-ip-addr	cmd=get_table : tbl=hive.default.nonAcidNonBucket	
2024-04-24T01:29:23,408  INFO [main] metastore.HMSHandler: Skipping translation for processor with null
2024-04-24T01:29:23,408  INFO [main] HiveMetaStore.audit: ugi=alex	ip=unknown-ip-addr	cmd=get_table : tbl=hive.default.nonAcidNonBucket	
2024-04-24T01:29:23,421  INFO [main] metastore.HMSHandler: Skipping translation for processor with null
2024-04-24T01:29:23,421  INFO [main] HiveMetaStore.audit: ugi=alex	ip=unknown-ip-addr	cmd=drop_table : tbl=hive.default.nonAcidNonBucket	
2024-04-24T01:29:23,466  INFO [main] metadata.Hive: Dumping metastore api call timing information for : execution phase
2024-04-24T01:29:23,466  INFO [main] metadata.Hive: Total time spent in each metastore function (ms): {getTable_(GetTableRequest)=11, isCompatibleWith_(Configuration)=0, dropTable_(String, String, boolean, boolean, boolean)=58}
2024-04-24T01:29:23,467  INFO [main] ql.Driver: Completed executing command(queryId=alex_20240424012923_f3d1f3d8-7ffe-4720-9caf-62220198f438); Time taken: 0.069 seconds
2024-04-24T01:29:23,467  INFO [main] lockmgr.DbTxnManager: Stopped heartbeat for query: alex_20240424012923_f3d1f3d8-7ffe-4720-9caf-62220198f438
2024-04-24T01:29:23,472  INFO [main] txn.TxnHandler: Expected to move at least one record from txn_components to completed_txn_components when committing txn! txnid:68
2024-04-24T01:29:23,479  INFO [main] txn.TxnHandler: Removed transactions: ([68]) from MIN_HISTORY_LEVEL
2024-04-24T01:29:23,480  WARN [main] txn.CompactionTxnHandler: No compaction queue record found for Compaction type transaction commit. txnId:68
2024-04-24T01:29:23,480  INFO [main] utils.TestTxnDbUtil: Cleaning transactional tables
]]></system-err>
  </testcase>
  <testcase name="testExtDbDirOnFsIsCreatedAsHiveIfDbOwnerNull" classname="org.apache.hadoop.hive.ql.util.TestHiveStrictManagedMigration" time="1.072">
    <error type="java.lang.RuntimeException"><![CDATA[java.lang.RuntimeException: create table nonAcidOrcTbl(a int, b int) clustered by (a) into 2 buckets stored as orc TBLPROPERTIES ('transactional'='false') failed: (responseCode = 40000, errorMessage = FAILED: Execution Error, return code 40000 from org.apache.hadoop.hive.ql.ddl.DDLTask. MetaException(message:Table default.nonAcidOrcTbl failed strict managed table checks due to the following reason: Table is marked as a managed table but is not transactional.), hiveErrorCode = 40000, SQLState = 08S01, exception = MetaException(message:Table default.nonAcidOrcTbl failed strict managed table checks due to the following reason: Table is marked as a managed table but is not transactional.))
	at org.apache.hadoop.hive.ql.TxnCommandsBaseForTests.runStatementOnDriver(TxnCommandsBaseForTests.java:247)
	at org.apache.hadoop.hive.ql.TxnCommandsBaseForTests.setUpInternal(TxnCommandsBaseForTests.java:144)
	at org.apache.hadoop.hive.ql.TxnCommandsBaseForTests.setUp(TxnCommandsBaseForTests.java:94)
	at sun.reflect.NativeMethodAccessorImpl.invoke0(Native Method)
	at sun.reflect.NativeMethodAccessorImpl.invoke(NativeMethodAccessorImpl.java:62)
	at sun.reflect.DelegatingMethodAccessorImpl.invoke(DelegatingMethodAccessorImpl.java:43)
	at java.lang.reflect.Method.invoke(Method.java:498)
	at org.junit.runners.model.FrameworkMethod$1.runReflectiveCall(FrameworkMethod.java:59)
	at org.junit.internal.runners.model.ReflectiveCallable.run(ReflectiveCallable.java:12)
	at org.junit.runners.model.FrameworkMethod.invokeExplosively(FrameworkMethod.java:56)
	at org.junit.internal.runners.statements.RunBefores.invokeMethod(RunBefores.java:33)
	at org.junit.internal.runners.statements.RunBefores.evaluate(RunBefores.java:24)
	at org.junit.internal.runners.statements.RunAfters.evaluate(RunAfters.java:27)
	at org.junit.rules.TestWatcher$1.evaluate(TestWatcher.java:61)
	at org.junit.runners.ParentRunner$3.evaluate(ParentRunner.java:306)
	at org.junit.runners.BlockJUnit4ClassRunner$1.evaluate(BlockJUnit4ClassRunner.java:100)
	at org.junit.runners.ParentRunner.runLeaf(ParentRunner.java:366)
	at org.junit.runners.BlockJUnit4ClassRunner.runChild(BlockJUnit4ClassRunner.java:103)
	at org.junit.runners.BlockJUnit4ClassRunner.runChild(BlockJUnit4ClassRunner.java:63)
	at org.junit.runners.ParentRunner$4.run(ParentRunner.java:331)
	at org.junit.runners.ParentRunner$1.schedule(ParentRunner.java:79)
	at org.junit.runners.ParentRunner.runChildren(ParentRunner.java:329)
	at org.junit.runners.ParentRunner.access$100(ParentRunner.java:66)
	at org.junit.runners.ParentRunner$2.evaluate(ParentRunner.java:293)
	at org.junit.runners.ParentRunner$3.evaluate(ParentRunner.java:306)
	at org.junit.runners.ParentRunner.run(ParentRunner.java:413)
	at org.junit.runner.JUnitCore.run(JUnitCore.java:137)
	at org.junit.runner.JUnitCore.run(JUnitCore.java:115)
	at org.junit.vintage.engine.execution.RunnerExecutor.execute(RunnerExecutor.java:43)
	at java.util.stream.ForEachOps$ForEachOp$OfRef.accept(ForEachOps.java:183)
	at java.util.stream.ReferencePipeline$3$1.accept(ReferencePipeline.java:193)
	at java.util.Iterator.forEachRemaining(Iterator.java:116)
	at java.util.Spliterators$IteratorSpliterator.forEachRemaining(Spliterators.java:1801)
	at java.util.stream.AbstractPipeline.copyInto(AbstractPipeline.java:482)
	at java.util.stream.AbstractPipeline.wrapAndCopyInto(AbstractPipeline.java:472)
	at java.util.stream.ForEachOps$ForEachOp.evaluateSequential(ForEachOps.java:150)
	at java.util.stream.ForEachOps$ForEachOp$OfRef.evaluateSequential(ForEachOps.java:173)
	at java.util.stream.AbstractPipeline.evaluate(AbstractPipeline.java:234)
	at java.util.stream.ReferencePipeline.forEach(ReferencePipeline.java:485)
	at org.junit.vintage.engine.VintageTestEngine.executeAllChildren(VintageTestEngine.java:82)
	at org.junit.vintage.engine.VintageTestEngine.execute(VintageTestEngine.java:73)
	at org.junit.platform.launcher.core.DefaultLauncher.execute(DefaultLauncher.java:248)
	at org.junit.platform.launcher.core.DefaultLauncher.lambda$execute$5(DefaultLauncher.java:211)
	at org.junit.platform.launcher.core.DefaultLauncher.withInterceptedStreams(DefaultLauncher.java:226)
	at org.junit.platform.launcher.core.DefaultLauncher.execute(DefaultLauncher.java:199)
	at org.junit.platform.launcher.core.DefaultLauncher.execute(DefaultLauncher.java:132)
	at org.apache.maven.surefire.junitplatform.JUnitPlatformProvider.invokeAllTests(JUnitPlatformProvider.java:154)
	at org.apache.maven.surefire.junitplatform.JUnitPlatformProvider.invoke(JUnitPlatformProvider.java:123)
	at org.apache.maven.surefire.booter.ForkedBooter.runSuitesInProcess(ForkedBooter.java:377)
	at org.apache.maven.surefire.booter.ForkedBooter.execute(ForkedBooter.java:138)
	at org.apache.maven.surefire.booter.ForkedBooter.run(ForkedBooter.java:465)
	at org.apache.maven.surefire.booter.ForkedBooter.main(ForkedBooter.java:451)
]]></error>
    <system-err><![CDATA[2024-04-24T01:29:23,565  WARN [main] conf.HiveConf: HiveConf of name hive.stats.key.prefix.reserve.length does not exist
2024-04-24T01:29:23,565  WARN [main] conf.HiveConf: HiveConf of name hive.dummyparam.test.server.specific.config.override does not exist
2024-04-24T01:29:23,565  WARN [main] conf.HiveConf: HiveConf of name hive.dummyparam.test.server.specific.config.hivesite does not exist
2024-04-24T01:29:23,565  WARN [main] conf.HiveConf: HiveConf of name hive.llap.io.cache.orc.alloc.min does not exist
2024-04-24T01:29:23,566  WARN [main] conf.HiveConf: HiveConf of name hive.llap.io.cache.orc.size does not exist
2024-04-24T01:29:23,566  WARN [main] conf.HiveConf: HiveConf of name hive.metastore.client.cache.recordStats does not exist
2024-04-24T01:29:23,566  WARN [main] conf.HiveConf: HiveConf of name hive.llap.io.cache.orc.arena.size does not exist
2024-04-24T01:29:23,566  WARN [main] conf.HiveConf: HiveConf of name hive.dummyparam.test.server.specific.config.metastoresite does not exist
2024-04-24T01:29:23,566  WARN [main] conf.HiveConf: HiveConf of name hive.metastore.client.cache.maxSize does not exist
2024-04-24T01:29:23,566  WARN [main] conf.HiveConf: HiveConf of name hive.llap.io.cache.orc.alloc.max does not exist
2024-04-24T01:29:23,566  WARN [main] conf.HiveConf: HiveConf of name hive.metastore.metadb.dir does not exist
2024-04-24T01:29:23,576  INFO [main] utils.TestTxnDbUtil: Creating transactional tables
Hive Session ID = 8eeae361-8736-46cb-9cf0-ad17f0cae484
2024-04-24T01:29:23,579  INFO [main] SessionState: Hive Session ID = 8eeae361-8736-46cb-9cf0-ad17f0cae484
ivysettings.xml file not found in HIVE_HOME or HIVE_CONF_DIR,/home/alex/Repositories/hive/conf/ivysettings.xml will be used
2024-04-24T01:29:23,579  INFO [main] DependencyResolver: ivysettings.xml file not found in HIVE_HOME or HIVE_CONF_DIR,/home/alex/Repositories/hive/conf/ivysettings.xml will be used
2024-04-24T01:29:23,586  INFO [main] session.SessionState: Created HDFS directory: /home/alex/Repositories/hive/ql/target/tmp/scratchdir/alex/8eeae361-8736-46cb-9cf0-ad17f0cae484
2024-04-24T01:29:23,588  INFO [main] session.SessionState: Created local directory: /home/alex/Repositories/hive/ql/target/tmp/localscratchdir/8eeae361-8736-46cb-9cf0-ad17f0cae484
2024-04-24T01:29:23,591  INFO [main] session.SessionState: Created HDFS directory: /home/alex/Repositories/hive/ql/target/tmp/scratchdir/alex/8eeae361-8736-46cb-9cf0-ad17f0cae484/_tmp_space.db
2024-04-24T01:29:23,592  INFO [main] sqlstd.SQLStdHiveAccessController: Created SQLStdHiveAccessController for session context : HiveAuthzSessionContext [sessionString=8eeae361-8736-46cb-9cf0-ad17f0cae484, clientType=HIVECLI]
2024-04-24T01:29:23,592  INFO [main] ql.TxnCommandsBaseForTests: Running the query: drop table if exists acidTbl
2024-04-24T01:29:23,592  INFO [main] ql.Driver: Compiling command(queryId=alex_20240424012923_272b4b2f-776a-4fed-b079-7ece45454b2f): drop table if exists acidTbl
2024-04-24T01:29:23,601  INFO [main] txn.TxnHandler: Added entries to MIN_HISTORY_LEVEL for current txns: ([1]) with min_open_txn: 1
2024-04-24T01:29:23,602  INFO [main] lockmgr.DbTxnManager: Opened txnid:1
2024-04-24T01:29:23,604  INFO [main] HiveMetaStore.audit: ugi=alex	ip=unknown-ip-addr	cmd=get_table : tbl=hive.default.acidTbl	
2024-04-24T01:29:23,609  INFO [main] ql.Driver: Semantic Analysis Completed (retrial = false)
2024-04-24T01:29:23,609  INFO [main] ql.Driver: Created Hive schema: Schema(fieldSchemas:null, properties:null)
2024-04-24T01:29:23,609  INFO [main] metadata.Hive: Dumping metastore api call timing information for : compilation phase
2024-04-24T01:29:23,609  INFO [main] metadata.Hive: Total time spent in each metastore function (ms): {flushCache_()=1, isCompatibleWith_(Configuration)=0, getValidTxns_(long)=2, openTxn_(String, TxnType)=9, commitTxn_(CommitTxnRequest)=13}
2024-04-24T01:29:23,609  INFO [main] ql.Driver: Completed compiling command(queryId=alex_20240424012923_272b4b2f-776a-4fed-b079-7ece45454b2f); Time taken: 0.017 seconds
2024-04-24T01:29:23,610  INFO [main] lockmgr.DbTxnManager: Setting lock request transaction to txnid:1 for queryId=alex_20240424012923_272b4b2f-776a-4fed-b079-7ece45454b2f
2024-04-24T01:29:23,610  INFO [main] ql.Driver: Operation DROPTABLE obtained 0 locks
2024-04-24T01:29:23,610  INFO [main] ql.Driver: Executing command(queryId=alex_20240424012923_272b4b2f-776a-4fed-b079-7ece45454b2f): drop table if exists acidTbl
2024-04-24T01:29:23,610  INFO [main] ql.Driver: Starting task [Stage-0:DDL] in serial mode
2024-04-24T01:29:23,610  INFO [main] HiveMetaStore.audit: ugi=alex	ip=unknown-ip-addr	cmd=get_table : tbl=hive.default.acidTbl	
2024-04-24T01:29:23,614  INFO [main] metadata.Hive: Dumping metastore api call timing information for : execution phase
2024-04-24T01:29:23,615  INFO [main] metadata.Hive: Total time spent in each metastore function (ms): {isCompatibleWith_(Configuration)=0}
2024-04-24T01:29:23,615  INFO [main] ql.Driver: Completed executing command(queryId=alex_20240424012923_272b4b2f-776a-4fed-b079-7ece45454b2f); Time taken: 0.004 seconds
2024-04-24T01:29:23,615  INFO [main] lockmgr.DbTxnManager: Stopped heartbeat for query: alex_20240424012923_272b4b2f-776a-4fed-b079-7ece45454b2f
2024-04-24T01:29:23,622  INFO [main] txn.TxnHandler: Expected to move at least one record from txn_components to completed_txn_components when committing txn! txnid:1
2024-04-24T01:29:23,630  INFO [main] txn.TxnHandler: Removed transactions: ([1]) from MIN_HISTORY_LEVEL
2024-04-24T01:29:23,630  WARN [main] txn.CompactionTxnHandler: No compaction queue record found for Compaction type transaction commit. txnId:1
2024-04-24T01:29:23,631  INFO [main] ql.TxnCommandsBaseForTests: Running the query: drop table if exists acidTblPart
2024-04-24T01:29:23,631  INFO [main] ql.Driver: Compiling command(queryId=alex_20240424012923_da94e3f5-6228-4fe6-ad96-b588f39213d6): drop table if exists acidTblPart
2024-04-24T01:29:23,634  INFO [main] txn.TxnHandler: Added entries to MIN_HISTORY_LEVEL for current txns: ([2]) with min_open_txn: 1
2024-04-24T01:29:23,634  INFO [main] lockmgr.DbTxnManager: Opened txnid:2
2024-04-24T01:29:23,635  INFO [main] HiveMetaStore.audit: ugi=alex	ip=unknown-ip-addr	cmd=get_table : tbl=hive.default.acidTblPart	
2024-04-24T01:29:23,638  INFO [main] ql.Driver: Semantic Analysis Completed (retrial = false)
2024-04-24T01:29:23,638  INFO [main] ql.Driver: Created Hive schema: Schema(fieldSchemas:null, properties:null)
2024-04-24T01:29:23,638  INFO [main] metadata.Hive: Dumping metastore api call timing information for : compilation phase
2024-04-24T01:29:23,638  INFO [main] metadata.Hive: Total time spent in each metastore function (ms): {openTxn_(String, TxnType)=2, getValidTxns_(long)=1, isCompatibleWith_(Configuration)=0, commitTxn_(CommitTxnRequest)=15, flushCache_()=0}
2024-04-24T01:29:23,639  INFO [main] ql.Driver: Completed compiling command(queryId=alex_20240424012923_da94e3f5-6228-4fe6-ad96-b588f39213d6); Time taken: 0.007 seconds
2024-04-24T01:29:23,639  INFO [main] lockmgr.DbTxnManager: Setting lock request transaction to txnid:2 for queryId=alex_20240424012923_da94e3f5-6228-4fe6-ad96-b588f39213d6
2024-04-24T01:29:23,639  INFO [main] ql.Driver: Operation DROPTABLE obtained 0 locks
2024-04-24T01:29:23,639  INFO [main] ql.Driver: Executing command(queryId=alex_20240424012923_da94e3f5-6228-4fe6-ad96-b588f39213d6): drop table if exists acidTblPart
2024-04-24T01:29:23,639  INFO [main] ql.Driver: Starting task [Stage-0:DDL] in serial mode
2024-04-24T01:29:23,639  INFO [main] HiveMetaStore.audit: ugi=alex	ip=unknown-ip-addr	cmd=get_table : tbl=hive.default.acidTblPart	
2024-04-24T01:29:23,643  INFO [main] metadata.Hive: Dumping metastore api call timing information for : execution phase
2024-04-24T01:29:23,643  INFO [main] metadata.Hive: Total time spent in each metastore function (ms): {isCompatibleWith_(Configuration)=0}
2024-04-24T01:29:23,643  INFO [main] ql.Driver: Completed executing command(queryId=alex_20240424012923_da94e3f5-6228-4fe6-ad96-b588f39213d6); Time taken: 0.004 seconds
2024-04-24T01:29:23,643  INFO [main] lockmgr.DbTxnManager: Stopped heartbeat for query: alex_20240424012923_da94e3f5-6228-4fe6-ad96-b588f39213d6
2024-04-24T01:29:23,648  INFO [main] txn.TxnHandler: Expected to move at least one record from txn_components to completed_txn_components when committing txn! txnid:2
2024-04-24T01:29:23,657  INFO [main] txn.TxnHandler: Removed transactions: ([2]) from MIN_HISTORY_LEVEL
2024-04-24T01:29:23,657  WARN [main] txn.CompactionTxnHandler: No compaction queue record found for Compaction type transaction commit. txnId:2
2024-04-24T01:29:23,658  INFO [main] ql.TxnCommandsBaseForTests: Running the query: drop table if exists acidTbl2
2024-04-24T01:29:23,658  INFO [main] ql.Driver: Compiling command(queryId=alex_20240424012923_25f3db64-b1a3-4bb2-b178-f87eed7d1d9c): drop table if exists acidTbl2
2024-04-24T01:29:23,662  INFO [main] txn.TxnHandler: Added entries to MIN_HISTORY_LEVEL for current txns: ([3]) with min_open_txn: 1
2024-04-24T01:29:23,662  INFO [main] lockmgr.DbTxnManager: Opened txnid:3
2024-04-24T01:29:23,663  INFO [main] HiveMetaStore.audit: ugi=alex	ip=unknown-ip-addr	cmd=get_table : tbl=hive.default.acidTbl2	
2024-04-24T01:29:23,667  INFO [main] ql.Driver: Semantic Analysis Completed (retrial = false)
2024-04-24T01:29:23,667  INFO [main] ql.Driver: Created Hive schema: Schema(fieldSchemas:null, properties:null)
2024-04-24T01:29:23,667  INFO [main] metadata.Hive: Dumping metastore api call timing information for : compilation phase
2024-04-24T01:29:23,667  INFO [main] metadata.Hive: Total time spent in each metastore function (ms): {commitTxn_(CommitTxnRequest)=15, flushCache_()=0, isCompatibleWith_(Configuration)=0, getValidTxns_(long)=1, openTxn_(String, TxnType)=3}
2024-04-24T01:29:23,667  INFO [main] ql.Driver: Completed compiling command(queryId=alex_20240424012923_25f3db64-b1a3-4bb2-b178-f87eed7d1d9c); Time taken: 0.009 seconds
2024-04-24T01:29:23,668  INFO [main] lockmgr.DbTxnManager: Setting lock request transaction to txnid:3 for queryId=alex_20240424012923_25f3db64-b1a3-4bb2-b178-f87eed7d1d9c
2024-04-24T01:29:23,668  INFO [main] ql.Driver: Operation DROPTABLE obtained 0 locks
2024-04-24T01:29:23,668  INFO [main] ql.Driver: Executing command(queryId=alex_20240424012923_25f3db64-b1a3-4bb2-b178-f87eed7d1d9c): drop table if exists acidTbl2
2024-04-24T01:29:23,668  INFO [main] ql.Driver: Starting task [Stage-0:DDL] in serial mode
2024-04-24T01:29:23,668  INFO [main] HiveMetaStore.audit: ugi=alex	ip=unknown-ip-addr	cmd=get_table : tbl=hive.default.acidTbl2	
2024-04-24T01:29:23,671  INFO [main] metadata.Hive: Dumping metastore api call timing information for : execution phase
2024-04-24T01:29:23,672  INFO [main] metadata.Hive: Total time spent in each metastore function (ms): {isCompatibleWith_(Configuration)=0}
2024-04-24T01:29:23,672  INFO [main] ql.Driver: Completed executing command(queryId=alex_20240424012923_25f3db64-b1a3-4bb2-b178-f87eed7d1d9c); Time taken: 0.003 seconds
2024-04-24T01:29:23,672  INFO [main] lockmgr.DbTxnManager: Stopped heartbeat for query: alex_20240424012923_25f3db64-b1a3-4bb2-b178-f87eed7d1d9c
2024-04-24T01:29:23,679  INFO [main] txn.TxnHandler: Expected to move at least one record from txn_components to completed_txn_components when committing txn! txnid:3
2024-04-24T01:29:23,688  INFO [main] txn.TxnHandler: Removed transactions: ([3]) from MIN_HISTORY_LEVEL
2024-04-24T01:29:23,688  WARN [main] txn.CompactionTxnHandler: No compaction queue record found for Compaction type transaction commit. txnId:3
2024-04-24T01:29:23,688  INFO [main] ql.TxnCommandsBaseForTests: Running the query: drop table if exists nonAcidOrcTbl
2024-04-24T01:29:23,689  INFO [main] ql.Driver: Compiling command(queryId=alex_20240424012923_9bd783f0-c809-4dfc-a162-c7bfaf437cef): drop table if exists nonAcidOrcTbl
2024-04-24T01:29:23,692  INFO [main] txn.TxnHandler: Added entries to MIN_HISTORY_LEVEL for current txns: ([4]) with min_open_txn: 1
2024-04-24T01:29:23,692  INFO [main] lockmgr.DbTxnManager: Opened txnid:4
2024-04-24T01:29:23,693  INFO [main] HiveMetaStore.audit: ugi=alex	ip=unknown-ip-addr	cmd=get_table : tbl=hive.default.nonAcidOrcTbl	
2024-04-24T01:29:23,697  INFO [main] ql.Driver: Semantic Analysis Completed (retrial = false)
2024-04-24T01:29:23,697  INFO [main] ql.Driver: Created Hive schema: Schema(fieldSchemas:null, properties:null)
2024-04-24T01:29:23,697  INFO [main] metadata.Hive: Dumping metastore api call timing information for : compilation phase
2024-04-24T01:29:23,697  INFO [main] metadata.Hive: Total time spent in each metastore function (ms): {flushCache_()=0, openTxn_(String, TxnType)=3, commitTxn_(CommitTxnRequest)=16, isCompatibleWith_(Configuration)=0, getValidTxns_(long)=1}
2024-04-24T01:29:23,697  INFO [main] ql.Driver: Completed compiling command(queryId=alex_20240424012923_9bd783f0-c809-4dfc-a162-c7bfaf437cef); Time taken: 0.008 seconds
2024-04-24T01:29:23,697  INFO [main] lockmgr.DbTxnManager: Setting lock request transaction to txnid:4 for queryId=alex_20240424012923_9bd783f0-c809-4dfc-a162-c7bfaf437cef
2024-04-24T01:29:23,697  INFO [main] ql.Driver: Operation DROPTABLE obtained 0 locks
2024-04-24T01:29:23,697  INFO [main] ql.Driver: Executing command(queryId=alex_20240424012923_9bd783f0-c809-4dfc-a162-c7bfaf437cef): drop table if exists nonAcidOrcTbl
2024-04-24T01:29:23,697  INFO [main] ql.Driver: Starting task [Stage-0:DDL] in serial mode
2024-04-24T01:29:23,698  INFO [main] HiveMetaStore.audit: ugi=alex	ip=unknown-ip-addr	cmd=get_table : tbl=hive.default.nonAcidOrcTbl	
2024-04-24T01:29:23,701  INFO [main] metadata.Hive: Dumping metastore api call timing information for : execution phase
2024-04-24T01:29:23,701  INFO [main] metadata.Hive: Total time spent in each metastore function (ms): {isCompatibleWith_(Configuration)=1}
2024-04-24T01:29:23,701  INFO [main] ql.Driver: Completed executing command(queryId=alex_20240424012923_9bd783f0-c809-4dfc-a162-c7bfaf437cef); Time taken: 0.004 seconds
2024-04-24T01:29:23,701  INFO [main] lockmgr.DbTxnManager: Stopped heartbeat for query: alex_20240424012923_9bd783f0-c809-4dfc-a162-c7bfaf437cef
2024-04-24T01:29:23,708  INFO [main] txn.TxnHandler: Expected to move at least one record from txn_components to completed_txn_components when committing txn! txnid:4
2024-04-24T01:29:23,715  INFO [main] txn.TxnHandler: Removed transactions: ([4]) from MIN_HISTORY_LEVEL
2024-04-24T01:29:23,715  WARN [main] txn.CompactionTxnHandler: No compaction queue record found for Compaction type transaction commit. txnId:4
2024-04-24T01:29:23,716  INFO [main] ql.TxnCommandsBaseForTests: Running the query: drop table if exists nonAcidOrcTbl2
2024-04-24T01:29:23,716  INFO [main] ql.Driver: Compiling command(queryId=alex_20240424012923_36ca4bc1-48e2-4966-ad9f-4c9d634a8366): drop table if exists nonAcidOrcTbl2
2024-04-24T01:29:23,719  INFO [main] txn.TxnHandler: Added entries to MIN_HISTORY_LEVEL for current txns: ([5]) with min_open_txn: 1
2024-04-24T01:29:23,719  INFO [main] lockmgr.DbTxnManager: Opened txnid:5
2024-04-24T01:29:23,720  INFO [main] HiveMetaStore.audit: ugi=alex	ip=unknown-ip-addr	cmd=get_table : tbl=hive.default.nonAcidOrcTbl2	
2024-04-24T01:29:23,724  INFO [main] ql.Driver: Semantic Analysis Completed (retrial = false)
2024-04-24T01:29:23,724  INFO [main] ql.Driver: Created Hive schema: Schema(fieldSchemas:null, properties:null)
2024-04-24T01:29:23,724  INFO [main] metadata.Hive: Dumping metastore api call timing information for : compilation phase
2024-04-24T01:29:23,724  INFO [main] metadata.Hive: Total time spent in each metastore function (ms): {flushCache_()=0, commitTxn_(CommitTxnRequest)=15, openTxn_(String, TxnType)=2, isCompatibleWith_(Configuration)=1, getValidTxns_(long)=0}
2024-04-24T01:29:23,725  INFO [main] ql.Driver: Completed compiling command(queryId=alex_20240424012923_36ca4bc1-48e2-4966-ad9f-4c9d634a8366); Time taken: 0.008 seconds
2024-04-24T01:29:23,725  INFO [main] lockmgr.DbTxnManager: Setting lock request transaction to txnid:5 for queryId=alex_20240424012923_36ca4bc1-48e2-4966-ad9f-4c9d634a8366
2024-04-24T01:29:23,725  INFO [main] ql.Driver: Operation DROPTABLE obtained 0 locks
2024-04-24T01:29:23,725  INFO [main] ql.Driver: Executing command(queryId=alex_20240424012923_36ca4bc1-48e2-4966-ad9f-4c9d634a8366): drop table if exists nonAcidOrcTbl2
2024-04-24T01:29:23,725  INFO [main] ql.Driver: Starting task [Stage-0:DDL] in serial mode
2024-04-24T01:29:23,726  INFO [main] HiveMetaStore.audit: ugi=alex	ip=unknown-ip-addr	cmd=get_table : tbl=hive.default.nonAcidOrcTbl2	
2024-04-24T01:29:23,730  INFO [main] metadata.Hive: Dumping metastore api call timing information for : execution phase
2024-04-24T01:29:23,730  INFO [main] metadata.Hive: Total time spent in each metastore function (ms): {isCompatibleWith_(Configuration)=0}
2024-04-24T01:29:23,730  INFO [main] ql.Driver: Completed executing command(queryId=alex_20240424012923_36ca4bc1-48e2-4966-ad9f-4c9d634a8366); Time taken: 0.005 seconds
2024-04-24T01:29:23,730  INFO [main] lockmgr.DbTxnManager: Stopped heartbeat for query: alex_20240424012923_36ca4bc1-48e2-4966-ad9f-4c9d634a8366
2024-04-24T01:29:23,737  INFO [main] txn.TxnHandler: Expected to move at least one record from txn_components to completed_txn_components when committing txn! txnid:5
2024-04-24T01:29:23,745  INFO [main] txn.TxnHandler: Removed transactions: ([5]) from MIN_HISTORY_LEVEL
2024-04-24T01:29:23,745  WARN [main] txn.CompactionTxnHandler: No compaction queue record found for Compaction type transaction commit. txnId:5
2024-04-24T01:29:23,746  INFO [main] ql.TxnCommandsBaseForTests: Running the query: drop table if exists nonAcidNonBucket
2024-04-24T01:29:23,747  INFO [main] ql.Driver: Compiling command(queryId=alex_20240424012923_8203717f-83fe-4a41-928d-1878c065996c): drop table if exists nonAcidNonBucket
2024-04-24T01:29:23,750  INFO [main] txn.TxnHandler: Added entries to MIN_HISTORY_LEVEL for current txns: ([6]) with min_open_txn: 1
2024-04-24T01:29:23,751  INFO [main] lockmgr.DbTxnManager: Opened txnid:6
2024-04-24T01:29:23,752  INFO [main] HiveMetaStore.audit: ugi=alex	ip=unknown-ip-addr	cmd=get_table : tbl=hive.default.nonAcidNonBucket	
2024-04-24T01:29:23,758  INFO [main] ql.Driver: Semantic Analysis Completed (retrial = false)
2024-04-24T01:29:23,758  INFO [main] ql.Driver: Created Hive schema: Schema(fieldSchemas:null, properties:null)
2024-04-24T01:29:23,758  INFO [main] metadata.Hive: Dumping metastore api call timing information for : compilation phase
2024-04-24T01:29:23,758  INFO [main] metadata.Hive: Total time spent in each metastore function (ms): {isCompatibleWith_(Configuration)=1, openTxn_(String, TxnType)=4, flushCache_()=0, commitTxn_(CommitTxnRequest)=15, getValidTxns_(long)=1}
2024-04-24T01:29:23,758  INFO [main] ql.Driver: Completed compiling command(queryId=alex_20240424012923_8203717f-83fe-4a41-928d-1878c065996c); Time taken: 0.012 seconds
2024-04-24T01:29:23,759  INFO [main] lockmgr.DbTxnManager: Setting lock request transaction to txnid:6 for queryId=alex_20240424012923_8203717f-83fe-4a41-928d-1878c065996c
2024-04-24T01:29:23,759  INFO [main] ql.Driver: Operation DROPTABLE obtained 0 locks
2024-04-24T01:29:23,759  INFO [main] ql.Driver: Executing command(queryId=alex_20240424012923_8203717f-83fe-4a41-928d-1878c065996c): drop table if exists nonAcidNonBucket
2024-04-24T01:29:23,759  INFO [main] ql.Driver: Starting task [Stage-0:DDL] in serial mode
2024-04-24T01:29:23,759  INFO [main] HiveMetaStore.audit: ugi=alex	ip=unknown-ip-addr	cmd=get_table : tbl=hive.default.nonAcidNonBucket	
2024-04-24T01:29:23,765  INFO [main] metadata.Hive: Dumping metastore api call timing information for : execution phase
2024-04-24T01:29:23,766  INFO [main] metadata.Hive: Total time spent in each metastore function (ms): {isCompatibleWith_(Configuration)=0}
2024-04-24T01:29:23,766  INFO [main] ql.Driver: Completed executing command(queryId=alex_20240424012923_8203717f-83fe-4a41-928d-1878c065996c); Time taken: 0.006 seconds
2024-04-24T01:29:23,766  INFO [main] lockmgr.DbTxnManager: Stopped heartbeat for query: alex_20240424012923_8203717f-83fe-4a41-928d-1878c065996c
2024-04-24T01:29:23,775  INFO [main] txn.TxnHandler: Expected to move at least one record from txn_components to completed_txn_components when committing txn! txnid:6
2024-04-24T01:29:23,785  INFO [main] txn.TxnHandler: Removed transactions: ([6]) from MIN_HISTORY_LEVEL
2024-04-24T01:29:23,785  WARN [main] txn.CompactionTxnHandler: No compaction queue record found for Compaction type transaction commit. txnId:6
2024-04-24T01:29:23,786  INFO [main] ql.TxnCommandsBaseForTests: Running the query: create table acidTbl(a int, b int) clustered by (a) into 2 buckets stored as orc TBLPROPERTIES ('transactional'='true')
2024-04-24T01:29:23,786  INFO [main] ql.Driver: Compiling command(queryId=alex_20240424012923_87170fd7-eccf-4f89-96d5-7f819cac5dd9): create table acidTbl(a int, b int) clustered by (a) into 2 buckets stored as orc TBLPROPERTIES ('transactional'='true')
2024-04-24T01:29:23,790  INFO [main] txn.TxnHandler: Added entries to MIN_HISTORY_LEVEL for current txns: ([7]) with min_open_txn: 1
2024-04-24T01:29:23,791  INFO [main] lockmgr.DbTxnManager: Opened txnid:7
2024-04-24T01:29:23,803  INFO [main] HiveMetaStore.audit: ugi=alex	ip=unknown-ip-addr	cmd=get_database: default	
2024-04-24T01:29:23,806  INFO [main] ql.Driver: Semantic Analysis Completed (retrial = false)
2024-04-24T01:29:23,806  INFO [main] ql.Driver: Created Hive schema: Schema(fieldSchemas:null, properties:null)
2024-04-24T01:29:23,806  INFO [main] metadata.Hive: Dumping metastore api call timing information for : compilation phase
2024-04-24T01:29:23,807  INFO [main] metadata.Hive: Total time spent in each metastore function (ms): {getValidWriteIds_(List, String)=10, getValidTxns_(long)=1, flushCache_()=0, isCompatibleWith_(Configuration)=0, getDatabase_(String)=4, commitTxn_(CommitTxnRequest)=19, openTxn_(String, TxnType)=4}
2024-04-24T01:29:23,807  INFO [main] ql.Driver: Completed compiling command(queryId=alex_20240424012923_87170fd7-eccf-4f89-96d5-7f819cac5dd9); Time taken: 0.02 seconds
2024-04-24T01:29:23,807  INFO [main] lockmgr.DbTxnManager: Setting lock request transaction to txnid:7 for queryId=alex_20240424012923_87170fd7-eccf-4f89-96d5-7f819cac5dd9
2024-04-24T01:29:23,808  INFO [main] lockmgr.DbLockManager: Requesting lock for queryId=alex_20240424012923_87170fd7-eccf-4f89-96d5-7f819cac5dd9
2024-04-24T01:29:23,844  INFO [main] lockmgr.DbLockManager: Response to queryId=alex_20240424012923_87170fd7-eccf-4f89-96d5-7f819cac5dd9 LockResponse(lockid:1, state:ACQUIRED)
2024-04-24T01:29:23,844  INFO [main] ql.Driver: Operation CREATETABLE obtained 1 locks
2024-04-24T01:29:23,845  INFO [main] ql.Driver: Executing command(queryId=alex_20240424012923_87170fd7-eccf-4f89-96d5-7f819cac5dd9): create table acidTbl(a int, b int) clustered by (a) into 2 buckets stored as orc TBLPROPERTIES ('transactional'='true')
2024-04-24T01:29:23,846  INFO [main] ql.Driver: Starting task [Stage-0:DDL] in serial mode
2024-04-24T01:29:23,847  INFO [main] HiveMetaStore.audit: ugi=alex	ip=unknown-ip-addr	cmd=create_table_req: Table(tableName:acidTbl, dbName:default, owner:alex, createTime:1713947363, lastAccessTime:0, retention:0, sd:StorageDescriptor(cols:[FieldSchema(name:a, type:int, comment:null), FieldSchema(name:b, type:int, comment:null)], location:null, inputFormat:org.apache.hadoop.hive.ql.io.orc.OrcInputFormat, outputFormat:org.apache.hadoop.hive.ql.io.orc.OrcOutputFormat, compressed:false, numBuckets:2, serdeInfo:SerDeInfo(name:null, serializationLib:org.apache.hadoop.hive.ql.io.orc.OrcSerde, parameters:{serialization.format=1}), bucketCols:[a], sortCols:[], parameters:{}, skewedInfo:SkewedInfo(skewedColNames:[], skewedColValues:[], skewedColValueLocationMaps:{}), storedAsSubDirectories:false), partitionKeys:[], parameters:{COLUMN_STATS_ACCURATE={"BASIC_STATS":"true","COLUMN_STATS":{"a":"true","b":"true"}}, numRows=0, transactional=true, bucketing_version=2, rawDataSize=0, totalSize=0, numFiles=0, numFilesErasureCoded=0}, viewOriginalText:null, viewExpandedText:null, tableType:MANAGED_TABLE, privileges:PrincipalPrivilegeSet(userPrivileges:{alex=[PrivilegeGrantInfo(privilege:INSERT, createTime:-1, grantor:alex, grantorType:USER, grantOption:true), PrivilegeGrantInfo(privilege:SELECT, createTime:-1, grantor:alex, grantorType:USER, grantOption:true), PrivilegeGrantInfo(privilege:UPDATE, createTime:-1, grantor:alex, grantorType:USER, grantOption:true), PrivilegeGrantInfo(privilege:DELETE, createTime:-1, grantor:alex, grantorType:USER, grantOption:true)]}, groupPrivileges:null, rolePrivileges:null), temporary:false, catName:hive, ownerType:USER, writeId:0)	
2024-04-24T01:29:23,860  INFO [main] utils.FileUtils: Creating directory if it doesn't exist: file:/home/alex/Repositories/hive/ql/target/tmp/org.apache.hadoop.hive.ql.util.TestHiveStrictManagedMigration-1713947339080/warehouse/acidtbl
2024-04-24T01:29:23,935  INFO [main] metadata.Hive: Dumping metastore api call timing information for : execution phase
2024-04-24T01:29:23,936  INFO [main] metadata.Hive: Total time spent in each metastore function (ms): {isCompatibleWith_(Configuration)=0, createTable_(Table)=88}
2024-04-24T01:29:23,936  INFO [main] ql.Driver: Completed executing command(queryId=alex_20240424012923_87170fd7-eccf-4f89-96d5-7f819cac5dd9); Time taken: 0.09 seconds
2024-04-24T01:29:23,936  INFO [main] lockmgr.DbTxnManager: Stopped heartbeat for query: alex_20240424012923_87170fd7-eccf-4f89-96d5-7f819cac5dd9
2024-04-24T01:29:23,941  INFO [main] txn.TxnHandler: Expected to move at least one record from txn_components to completed_txn_components when committing txn! txnid:7
2024-04-24T01:29:23,949  INFO [main] txn.TxnHandler: Removed transactions: ([7]) from MIN_HISTORY_LEVEL
2024-04-24T01:29:23,949  WARN [main] txn.CompactionTxnHandler: No compaction queue record found for Compaction type transaction commit. txnId:7
2024-04-24T01:29:23,949  INFO [main] ql.TxnCommandsBaseForTests: Running the query: create table acidTblPart(a int, b int) partitioned by (p string) clustered by (a) into 2 buckets stored as orc TBLPROPERTIES ('transactional'='true')
2024-04-24T01:29:23,950  INFO [main] ql.Driver: Compiling command(queryId=alex_20240424012923_d41271b9-28a9-47cd-ad64-d19e29048e27): create table acidTblPart(a int, b int) partitioned by (p string) clustered by (a) into 2 buckets stored as orc TBLPROPERTIES ('transactional'='true')
2024-04-24T01:29:23,953  INFO [main] txn.TxnHandler: Added entries to MIN_HISTORY_LEVEL for current txns: ([8]) with min_open_txn: 1
2024-04-24T01:29:23,953  INFO [main] lockmgr.DbTxnManager: Opened txnid:8
2024-04-24T01:29:23,958  INFO [main] HiveMetaStore.audit: ugi=alex	ip=unknown-ip-addr	cmd=get_database: default	
2024-04-24T01:29:23,962  INFO [main] ql.Driver: Semantic Analysis Completed (retrial = false)
2024-04-24T01:29:23,962  INFO [main] ql.Driver: Created Hive schema: Schema(fieldSchemas:null, properties:null)
2024-04-24T01:29:23,962  INFO [main] metadata.Hive: Dumping metastore api call timing information for : compilation phase
2024-04-24T01:29:23,962  INFO [main] metadata.Hive: Total time spent in each metastore function (ms): {getValidWriteIds_(List, String)=4, getDatabase_(String)=4, isCompatibleWith_(Configuration)=1, getValidTxns_(long)=0, flushCache_()=0, openTxn_(String, TxnType)=2, commitTxn_(CommitTxnRequest)=13}
2024-04-24T01:29:23,963  INFO [main] ql.Driver: Completed compiling command(queryId=alex_20240424012923_d41271b9-28a9-47cd-ad64-d19e29048e27); Time taken: 0.012 seconds
2024-04-24T01:29:23,963  INFO [main] lockmgr.DbTxnManager: Setting lock request transaction to txnid:8 for queryId=alex_20240424012923_d41271b9-28a9-47cd-ad64-d19e29048e27
2024-04-24T01:29:23,963  INFO [main] lockmgr.DbLockManager: Requesting lock for queryId=alex_20240424012923_d41271b9-28a9-47cd-ad64-d19e29048e27
2024-04-24T01:29:23,987  INFO [main] lockmgr.DbLockManager: Response to queryId=alex_20240424012923_d41271b9-28a9-47cd-ad64-d19e29048e27 LockResponse(lockid:2, state:ACQUIRED)
2024-04-24T01:29:23,987  INFO [main] ql.Driver: Operation CREATETABLE obtained 1 locks
2024-04-24T01:29:23,988  INFO [main] ql.Driver: Executing command(queryId=alex_20240424012923_d41271b9-28a9-47cd-ad64-d19e29048e27): create table acidTblPart(a int, b int) partitioned by (p string) clustered by (a) into 2 buckets stored as orc TBLPROPERTIES ('transactional'='true')
2024-04-24T01:29:23,988  INFO [main] ql.Driver: Starting task [Stage-0:DDL] in serial mode
2024-04-24T01:29:23,989  INFO [main] HiveMetaStore.audit: ugi=alex	ip=unknown-ip-addr	cmd=create_table_req: Table(tableName:acidTblPart, dbName:default, owner:alex, createTime:1713947363, lastAccessTime:0, retention:0, sd:StorageDescriptor(cols:[FieldSchema(name:a, type:int, comment:null), FieldSchema(name:b, type:int, comment:null)], location:null, inputFormat:org.apache.hadoop.hive.ql.io.orc.OrcInputFormat, outputFormat:org.apache.hadoop.hive.ql.io.orc.OrcOutputFormat, compressed:false, numBuckets:2, serdeInfo:SerDeInfo(name:null, serializationLib:org.apache.hadoop.hive.ql.io.orc.OrcSerde, parameters:{serialization.format=1}), bucketCols:[a], sortCols:[], parameters:{}, skewedInfo:SkewedInfo(skewedColNames:[], skewedColValues:[], skewedColValueLocationMaps:{}), storedAsSubDirectories:false), partitionKeys:[FieldSchema(name:p, type:string, comment:null)], parameters:{transactional=true, bucketing_version=2}, viewOriginalText:null, viewExpandedText:null, tableType:MANAGED_TABLE, privileges:PrincipalPrivilegeSet(userPrivileges:{alex=[PrivilegeGrantInfo(privilege:INSERT, createTime:-1, grantor:alex, grantorType:USER, grantOption:true), PrivilegeGrantInfo(privilege:SELECT, createTime:-1, grantor:alex, grantorType:USER, grantOption:true), PrivilegeGrantInfo(privilege:UPDATE, createTime:-1, grantor:alex, grantorType:USER, grantOption:true), PrivilegeGrantInfo(privilege:DELETE, createTime:-1, grantor:alex, grantorType:USER, grantOption:true)]}, groupPrivileges:null, rolePrivileges:null), temporary:false, catName:hive, ownerType:USER, writeId:0)	
2024-04-24T01:29:23,999  INFO [main] utils.FileUtils: Creating directory if it doesn't exist: file:/home/alex/Repositories/hive/ql/target/tmp/org.apache.hadoop.hive.ql.util.TestHiveStrictManagedMigration-1713947339080/warehouse/acidtblpart
2024-04-24T01:29:24,023  INFO [main] metadata.Hive: Dumping metastore api call timing information for : execution phase
2024-04-24T01:29:24,023  INFO [main] metadata.Hive: Total time spent in each metastore function (ms): {createTable_(Table)=34, isCompatibleWith_(Configuration)=0}
2024-04-24T01:29:24,024  INFO [main] ql.Driver: Completed executing command(queryId=alex_20240424012923_d41271b9-28a9-47cd-ad64-d19e29048e27); Time taken: 0.035 seconds
2024-04-24T01:29:24,024  INFO [main] lockmgr.DbTxnManager: Stopped heartbeat for query: alex_20240424012923_d41271b9-28a9-47cd-ad64-d19e29048e27
2024-04-24T01:29:24,029  INFO [main] txn.TxnHandler: Expected to move at least one record from txn_components to completed_txn_components when committing txn! txnid:8
2024-04-24T01:29:24,037  INFO [main] txn.TxnHandler: Removed transactions: ([8]) from MIN_HISTORY_LEVEL
2024-04-24T01:29:24,038  WARN [main] txn.CompactionTxnHandler: No compaction queue record found for Compaction type transaction commit. txnId:8
2024-04-24T01:29:24,038  INFO [main] ql.TxnCommandsBaseForTests: Running the query: create table nonAcidOrcTbl(a int, b int) clustered by (a) into 2 buckets stored as orc TBLPROPERTIES ('transactional'='false')
2024-04-24T01:29:24,039  INFO [main] ql.Driver: Compiling command(queryId=alex_20240424012924_84a47d11-ac54-4a38-8c17-c211f788c377): create table nonAcidOrcTbl(a int, b int) clustered by (a) into 2 buckets stored as orc TBLPROPERTIES ('transactional'='false')
2024-04-24T01:29:24,041  INFO [main] txn.TxnHandler: Added entries to MIN_HISTORY_LEVEL for current txns: ([9]) with min_open_txn: 1
2024-04-24T01:29:24,042  INFO [main] lockmgr.DbTxnManager: Opened txnid:9
2024-04-24T01:29:24,045  INFO [main] HiveMetaStore.audit: ugi=alex	ip=unknown-ip-addr	cmd=get_database: default	
2024-04-24T01:29:24,046  INFO [main] ql.Driver: Semantic Analysis Completed (retrial = false)
2024-04-24T01:29:24,047  INFO [main] ql.Driver: Created Hive schema: Schema(fieldSchemas:null, properties:null)
2024-04-24T01:29:24,047  INFO [main] metadata.Hive: Dumping metastore api call timing information for : compilation phase
2024-04-24T01:29:24,047  INFO [main] metadata.Hive: Total time spent in each metastore function (ms): {commitTxn_(CommitTxnRequest)=14, getValidWriteIds_(List, String)=2, flushCache_()=0, getDatabase_(String)=1, isCompatibleWith_(Configuration)=2, openTxn_(String, TxnType)=2, getValidTxns_(long)=0}
2024-04-24T01:29:24,047  INFO [main] ql.Driver: Completed compiling command(queryId=alex_20240424012924_84a47d11-ac54-4a38-8c17-c211f788c377); Time taken: 0.008 seconds
2024-04-24T01:29:24,047  INFO [main] lockmgr.DbTxnManager: Setting lock request transaction to txnid:9 for queryId=alex_20240424012924_84a47d11-ac54-4a38-8c17-c211f788c377
2024-04-24T01:29:24,048  INFO [main] lockmgr.DbLockManager: Requesting lock for queryId=alex_20240424012924_84a47d11-ac54-4a38-8c17-c211f788c377
2024-04-24T01:29:24,065  INFO [main] lockmgr.DbLockManager: Response to queryId=alex_20240424012924_84a47d11-ac54-4a38-8c17-c211f788c377 LockResponse(lockid:3, state:ACQUIRED)
2024-04-24T01:29:24,065  INFO [main] ql.Driver: Operation CREATETABLE obtained 1 locks
2024-04-24T01:29:24,065  INFO [main] ql.Driver: Executing command(queryId=alex_20240424012924_84a47d11-ac54-4a38-8c17-c211f788c377): create table nonAcidOrcTbl(a int, b int) clustered by (a) into 2 buckets stored as orc TBLPROPERTIES ('transactional'='false')
2024-04-24T01:29:24,066  INFO [main] ql.Driver: Starting task [Stage-0:DDL] in serial mode
2024-04-24T01:29:24,067  INFO [main] HiveMetaStore.audit: ugi=alex	ip=unknown-ip-addr	cmd=create_table_req: Table(tableName:nonAcidOrcTbl, dbName:default, owner:alex, createTime:1713947364, lastAccessTime:0, retention:0, sd:StorageDescriptor(cols:[FieldSchema(name:a, type:int, comment:null), FieldSchema(name:b, type:int, comment:null)], location:null, inputFormat:org.apache.hadoop.hive.ql.io.orc.OrcInputFormat, outputFormat:org.apache.hadoop.hive.ql.io.orc.OrcOutputFormat, compressed:false, numBuckets:2, serdeInfo:SerDeInfo(name:null, serializationLib:org.apache.hadoop.hive.ql.io.orc.OrcSerde, parameters:{serialization.format=1}), bucketCols:[a], sortCols:[], parameters:{}, skewedInfo:SkewedInfo(skewedColNames:[], skewedColValues:[], skewedColValueLocationMaps:{}), storedAsSubDirectories:false), partitionKeys:[], parameters:{bucketing_version=2, numFiles=0, totalSize=0, numFilesErasureCoded=0, numRows=0, COLUMN_STATS_ACCURATE={"BASIC_STATS":"true","COLUMN_STATS":{"a":"true","b":"true"}}, rawDataSize=0, transactional=false}, viewOriginalText:null, viewExpandedText:null, tableType:MANAGED_TABLE, privileges:PrincipalPrivilegeSet(userPrivileges:{alex=[PrivilegeGrantInfo(privilege:INSERT, createTime:-1, grantor:alex, grantorType:USER, grantOption:true), PrivilegeGrantInfo(privilege:SELECT, createTime:-1, grantor:alex, grantorType:USER, grantOption:true), PrivilegeGrantInfo(privilege:UPDATE, createTime:-1, grantor:alex, grantorType:USER, grantOption:true), PrivilegeGrantInfo(privilege:DELETE, createTime:-1, grantor:alex, grantorType:USER, grantOption:true)]}, groupPrivileges:null, rolePrivileges:null), temporary:false, catName:hive, ownerType:USER)	
2024-04-24T01:29:24,073  WARN [main] metastore.HMSHandler: create_table_req got 
org.apache.hadoop.hive.metastore.api.MetaException: Table default.nonAcidOrcTbl failed strict managed table checks due to the following reason: Table is marked as a managed table but is not transactional.
	at org.apache.hadoop.hive.metastore.utils.HiveStrictManagedUtils.validateStrictManagedTableWithThrow(HiveStrictManagedUtils.java:33) ~[classes/:?]
	at org.apache.hadoop.hive.metastore.TransactionalValidationListener.handle(TransactionalValidationListener.java:92) ~[classes/:?]
	at org.apache.hadoop.hive.metastore.TransactionalValidationListener.onEvent(TransactionalValidationListener.java:72) ~[classes/:?]
	at org.apache.hadoop.hive.metastore.HMSHandler.firePreEvent(HMSHandler.java:4033) ~[classes/:?]
	at org.apache.hadoop.hive.metastore.HMSHandler.create_table_core(HMSHandler.java:2392) ~[classes/:?]
	at org.apache.hadoop.hive.metastore.HMSHandler.create_table_req(HMSHandler.java:2598) ~[classes/:?]
	at sun.reflect.GeneratedMethodAccessor105.invoke(Unknown Source) ~[?:?]
	at sun.reflect.DelegatingMethodAccessorImpl.invoke(DelegatingMethodAccessorImpl.java:43) ~[?:1.8.0_402]
	at java.lang.reflect.Method.invoke(Method.java:498) ~[?:1.8.0_402]
	at org.apache.hadoop.hive.metastore.RetryingHMSHandler.invokeInternal(RetryingHMSHandler.java:147) ~[classes/:?]
	at org.apache.hadoop.hive.metastore.RetryingHMSHandler.invoke(RetryingHMSHandler.java:108) ~[classes/:?]
	at com.sun.proxy.$Proxy39.create_table_req(Unknown Source) ~[?:?]
	at org.apache.hadoop.hive.metastore.HiveMetaStoreClient.create_table_with_environment_context(HiveMetaStoreClient.java:4408) ~[classes/:?]
	at org.apache.hadoop.hive.ql.metadata.SessionHiveMetaStoreClient.create_table_with_environment_context(SessionHiveMetaStoreClient.java:182) ~[classes/:?]
	at org.apache.hadoop.hive.metastore.HiveMetaStoreClient.createTable(HiveMetaStoreClient.java:1260) ~[classes/:?]
	at org.apache.hadoop.hive.metastore.HiveMetaStoreClient.createTable(HiveMetaStoreClient.java:1245) ~[classes/:?]
	at sun.reflect.GeneratedMethodAccessor104.invoke(Unknown Source) ~[?:?]
	at sun.reflect.DelegatingMethodAccessorImpl.invoke(DelegatingMethodAccessorImpl.java:43) ~[?:1.8.0_402]
	at java.lang.reflect.Method.invoke(Method.java:498) ~[?:1.8.0_402]
	at org.apache.hadoop.hive.metastore.RetryingMetaStoreClient.invoke(RetryingMetaStoreClient.java:218) ~[classes/:?]
	at com.sun.proxy.$Proxy40.createTable(Unknown Source) ~[?:?]
	at org.apache.hadoop.hive.ql.metadata.Hive.createTable(Hive.java:1290) ~[classes/:?]
	at org.apache.hadoop.hive.ql.metadata.Hive.createTable(Hive.java:1306) ~[classes/:?]
	at org.apache.hadoop.hive.ql.ddl.table.create.CreateTableOperation.createTableNonReplaceMode(CreateTableOperation.java:140) ~[classes/:?]
	at org.apache.hadoop.hive.ql.ddl.table.create.CreateTableOperation.execute(CreateTableOperation.java:98) ~[classes/:?]
	at org.apache.hadoop.hive.ql.ddl.DDLTask.execute(DDLTask.java:84) ~[classes/:?]
	at org.apache.hadoop.hive.ql.exec.Task.executeTask(Task.java:212) ~[classes/:?]
	at org.apache.hadoop.hive.ql.exec.TaskRunner.runSequential(TaskRunner.java:105) ~[classes/:?]
	at org.apache.hadoop.hive.ql.Executor.launchTask(Executor.java:361) ~[classes/:?]
	at org.apache.hadoop.hive.ql.Executor.launchTasks(Executor.java:334) ~[classes/:?]
	at org.apache.hadoop.hive.ql.Executor.runTasks(Executor.java:245) ~[classes/:?]
	at org.apache.hadoop.hive.ql.Executor.execute(Executor.java:108) ~[classes/:?]
	at org.apache.hadoop.hive.ql.Driver.execute(Driver.java:348) ~[classes/:?]
	at org.apache.hadoop.hive.ql.Driver.runInternal(Driver.java:204) ~[classes/:?]
	at org.apache.hadoop.hive.ql.Driver.run(Driver.java:153) ~[classes/:?]
	at org.apache.hadoop.hive.ql.Driver.run(Driver.java:140) ~[classes/:?]
	at org.apache.hadoop.hive.ql.TxnCommandsBaseForTests.runStatementOnDriver(TxnCommandsBaseForTests.java:245) ~[test-classes/:?]
	at org.apache.hadoop.hive.ql.TxnCommandsBaseForTests.setUpInternal(TxnCommandsBaseForTests.java:144) ~[test-classes/:?]
	at org.apache.hadoop.hive.ql.TxnCommandsBaseForTests.setUp(TxnCommandsBaseForTests.java:94) ~[test-classes/:?]
	at sun.reflect.NativeMethodAccessorImpl.invoke0(Native Method) ~[?:1.8.0_402]
	at sun.reflect.NativeMethodAccessorImpl.invoke(NativeMethodAccessorImpl.java:62) ~[?:1.8.0_402]
	at sun.reflect.DelegatingMethodAccessorImpl.invoke(DelegatingMethodAccessorImpl.java:43) ~[?:1.8.0_402]
	at java.lang.reflect.Method.invoke(Method.java:498) ~[?:1.8.0_402]
	at org.junit.runners.model.FrameworkMethod$1.runReflectiveCall(FrameworkMethod.java:59) ~[junit-4.13.jar:4.13]
	at org.junit.internal.runners.model.ReflectiveCallable.run(ReflectiveCallable.java:12) ~[junit-4.13.jar:4.13]
	at org.junit.runners.model.FrameworkMethod.invokeExplosively(FrameworkMethod.java:56) ~[junit-4.13.jar:4.13]
	at org.junit.internal.runners.statements.RunBefores.invokeMethod(RunBefores.java:33) ~[junit-4.13.jar:4.13]
	at org.junit.internal.runners.statements.RunBefores.evaluate(RunBefores.java:24) ~[junit-4.13.jar:4.13]
	at org.junit.internal.runners.statements.RunAfters.evaluate(RunAfters.java:27) ~[junit-4.13.jar:4.13]
	at org.junit.rules.TestWatcher$1.evaluate(TestWatcher.java:61) ~[junit-4.13.jar:4.13]
	at org.junit.runners.ParentRunner$3.evaluate(ParentRunner.java:306) ~[junit-4.13.jar:4.13]
	at org.junit.runners.BlockJUnit4ClassRunner$1.evaluate(BlockJUnit4ClassRunner.java:100) ~[junit-4.13.jar:4.13]
	at org.junit.runners.ParentRunner.runLeaf(ParentRunner.java:366) ~[junit-4.13.jar:4.13]
	at org.junit.runners.BlockJUnit4ClassRunner.runChild(BlockJUnit4ClassRunner.java:103) ~[junit-4.13.jar:4.13]
	at org.junit.runners.BlockJUnit4ClassRunner.runChild(BlockJUnit4ClassRunner.java:63) ~[junit-4.13.jar:4.13]
	at org.junit.runners.ParentRunner$4.run(ParentRunner.java:331) ~[junit-4.13.jar:4.13]
	at org.junit.runners.ParentRunner$1.schedule(ParentRunner.java:79) ~[junit-4.13.jar:4.13]
	at org.junit.runners.ParentRunner.runChildren(ParentRunner.java:329) ~[junit-4.13.jar:4.13]
	at org.junit.runners.ParentRunner.access$100(ParentRunner.java:66) ~[junit-4.13.jar:4.13]
	at org.junit.runners.ParentRunner$2.evaluate(ParentRunner.java:293) ~[junit-4.13.jar:4.13]
	at org.junit.runners.ParentRunner$3.evaluate(ParentRunner.java:306) ~[junit-4.13.jar:4.13]
	at org.junit.runners.ParentRunner.run(ParentRunner.java:413) ~[junit-4.13.jar:4.13]
	at org.junit.runner.JUnitCore.run(JUnitCore.java:137) ~[junit-4.13.jar:4.13]
	at org.junit.runner.JUnitCore.run(JUnitCore.java:115) ~[junit-4.13.jar:4.13]
	at org.junit.vintage.engine.execution.RunnerExecutor.execute(RunnerExecutor.java:43) ~[junit-vintage-engine-5.6.2.jar:5.6.2]
	at java.util.stream.ForEachOps$ForEachOp$OfRef.accept(ForEachOps.java:183) ~[?:1.8.0_402]
	at java.util.stream.ReferencePipeline$3$1.accept(ReferencePipeline.java:193) ~[?:1.8.0_402]
	at java.util.Iterator.forEachRemaining(Iterator.java:116) ~[?:1.8.0_402]
	at java.util.Spliterators$IteratorSpliterator.forEachRemaining(Spliterators.java:1801) ~[?:1.8.0_402]
	at java.util.stream.AbstractPipeline.copyInto(AbstractPipeline.java:482) ~[?:1.8.0_402]
	at java.util.stream.AbstractPipeline.wrapAndCopyInto(AbstractPipeline.java:472) ~[?:1.8.0_402]
	at java.util.stream.ForEachOps$ForEachOp.evaluateSequential(ForEachOps.java:150) ~[?:1.8.0_402]
	at java.util.stream.ForEachOps$ForEachOp$OfRef.evaluateSequential(ForEachOps.java:173) ~[?:1.8.0_402]
	at java.util.stream.AbstractPipeline.evaluate(AbstractPipeline.java:234) ~[?:1.8.0_402]
	at java.util.stream.ReferencePipeline.forEach(ReferencePipeline.java:485) ~[?:1.8.0_402]
	at org.junit.vintage.engine.VintageTestEngine.executeAllChildren(VintageTestEngine.java:82) ~[junit-vintage-engine-5.6.2.jar:5.6.2]
	at org.junit.vintage.engine.VintageTestEngine.execute(VintageTestEngine.java:73) ~[junit-vintage-engine-5.6.2.jar:5.6.2]
	at org.junit.platform.launcher.core.DefaultLauncher.execute(DefaultLauncher.java:248) ~[junit-platform-launcher-1.6.2.jar:1.6.2]
	at org.junit.platform.launcher.core.DefaultLauncher.lambda$execute$5(DefaultLauncher.java:211) ~[junit-platform-launcher-1.6.2.jar:1.6.2]
	at org.junit.platform.launcher.core.DefaultLauncher.withInterceptedStreams(DefaultLauncher.java:226) [junit-platform-launcher-1.6.2.jar:1.6.2]
	at org.junit.platform.launcher.core.DefaultLauncher.execute(DefaultLauncher.java:199) [junit-platform-launcher-1.6.2.jar:1.6.2]
	at org.junit.platform.launcher.core.DefaultLauncher.execute(DefaultLauncher.java:132) [junit-platform-launcher-1.6.2.jar:1.6.2]
	at org.apache.maven.surefire.junitplatform.JUnitPlatformProvider.invokeAllTests(JUnitPlatformProvider.java:154) [surefire-junit-platform-3.0.0-M4.jar:3.0.0-M4]
	at org.apache.maven.surefire.junitplatform.JUnitPlatformProvider.invoke(JUnitPlatformProvider.java:123) [surefire-junit-platform-3.0.0-M4.jar:3.0.0-M4]
	at org.apache.maven.surefire.booter.ForkedBooter.runSuitesInProcess(ForkedBooter.java:377) [surefire-booter-3.0.0-M4.jar:3.0.0-M4]
	at org.apache.maven.surefire.booter.ForkedBooter.execute(ForkedBooter.java:138) [surefire-booter-3.0.0-M4.jar:3.0.0-M4]
	at org.apache.maven.surefire.booter.ForkedBooter.run(ForkedBooter.java:465) [surefire-booter-3.0.0-M4.jar:3.0.0-M4]
	at org.apache.maven.surefire.booter.ForkedBooter.main(ForkedBooter.java:451) [surefire-booter-3.0.0-M4.jar:3.0.0-M4]
2024-04-24T01:29:24,079 ERROR [main] metastore.RetryingHMSHandler: MetaException(message:Table default.nonAcidOrcTbl failed strict managed table checks due to the following reason: Table is marked as a managed table but is not transactional.)
	at org.apache.hadoop.hive.metastore.utils.HiveStrictManagedUtils.validateStrictManagedTableWithThrow(HiveStrictManagedUtils.java:33)
	at org.apache.hadoop.hive.metastore.TransactionalValidationListener.handle(TransactionalValidationListener.java:92)
	at org.apache.hadoop.hive.metastore.TransactionalValidationListener.onEvent(TransactionalValidationListener.java:72)
	at org.apache.hadoop.hive.metastore.HMSHandler.firePreEvent(HMSHandler.java:4033)
	at org.apache.hadoop.hive.metastore.HMSHandler.create_table_core(HMSHandler.java:2392)
	at org.apache.hadoop.hive.metastore.HMSHandler.create_table_req(HMSHandler.java:2598)
	at sun.reflect.GeneratedMethodAccessor105.invoke(Unknown Source)
	at sun.reflect.DelegatingMethodAccessorImpl.invoke(DelegatingMethodAccessorImpl.java:43)
	at java.lang.reflect.Method.invoke(Method.java:498)
	at org.apache.hadoop.hive.metastore.RetryingHMSHandler.invokeInternal(RetryingHMSHandler.java:147)
	at org.apache.hadoop.hive.metastore.RetryingHMSHandler.invoke(RetryingHMSHandler.java:108)
	at com.sun.proxy.$Proxy39.create_table_req(Unknown Source)
	at org.apache.hadoop.hive.metastore.HiveMetaStoreClient.create_table_with_environment_context(HiveMetaStoreClient.java:4408)
	at org.apache.hadoop.hive.ql.metadata.SessionHiveMetaStoreClient.create_table_with_environment_context(SessionHiveMetaStoreClient.java:182)
	at org.apache.hadoop.hive.metastore.HiveMetaStoreClient.createTable(HiveMetaStoreClient.java:1260)
	at org.apache.hadoop.hive.metastore.HiveMetaStoreClient.createTable(HiveMetaStoreClient.java:1245)
	at sun.reflect.GeneratedMethodAccessor104.invoke(Unknown Source)
	at sun.reflect.DelegatingMethodAccessorImpl.invoke(DelegatingMethodAccessorImpl.java:43)
	at java.lang.reflect.Method.invoke(Method.java:498)
	at org.apache.hadoop.hive.metastore.RetryingMetaStoreClient.invoke(RetryingMetaStoreClient.java:218)
	at com.sun.proxy.$Proxy40.createTable(Unknown Source)
	at org.apache.hadoop.hive.ql.metadata.Hive.createTable(Hive.java:1290)
	at org.apache.hadoop.hive.ql.metadata.Hive.createTable(Hive.java:1306)
	at org.apache.hadoop.hive.ql.ddl.table.create.CreateTableOperation.createTableNonReplaceMode(CreateTableOperation.java:140)
	at org.apache.hadoop.hive.ql.ddl.table.create.CreateTableOperation.execute(CreateTableOperation.java:98)
	at org.apache.hadoop.hive.ql.ddl.DDLTask.execute(DDLTask.java:84)
	at org.apache.hadoop.hive.ql.exec.Task.executeTask(Task.java:212)
	at org.apache.hadoop.hive.ql.exec.TaskRunner.runSequential(TaskRunner.java:105)
	at org.apache.hadoop.hive.ql.Executor.launchTask(Executor.java:361)
	at org.apache.hadoop.hive.ql.Executor.launchTasks(Executor.java:334)
	at org.apache.hadoop.hive.ql.Executor.runTasks(Executor.java:245)
	at org.apache.hadoop.hive.ql.Executor.execute(Executor.java:108)
	at org.apache.hadoop.hive.ql.Driver.execute(Driver.java:348)
	at org.apache.hadoop.hive.ql.Driver.runInternal(Driver.java:204)
	at org.apache.hadoop.hive.ql.Driver.run(Driver.java:153)
	at org.apache.hadoop.hive.ql.Driver.run(Driver.java:140)
	at org.apache.hadoop.hive.ql.TxnCommandsBaseForTests.runStatementOnDriver(TxnCommandsBaseForTests.java:245)
	at org.apache.hadoop.hive.ql.TxnCommandsBaseForTests.setUpInternal(TxnCommandsBaseForTests.java:144)
	at org.apache.hadoop.hive.ql.TxnCommandsBaseForTests.setUp(TxnCommandsBaseForTests.java:94)
	at sun.reflect.NativeMethodAccessorImpl.invoke0(Native Method)
	at sun.reflect.NativeMethodAccessorImpl.invoke(NativeMethodAccessorImpl.java:62)
	at sun.reflect.DelegatingMethodAccessorImpl.invoke(DelegatingMethodAccessorImpl.java:43)
	at java.lang.reflect.Method.invoke(Method.java:498)
	at org.junit.runners.model.FrameworkMethod$1.runReflectiveCall(FrameworkMethod.java:59)
	at org.junit.internal.runners.model.ReflectiveCallable.run(ReflectiveCallable.java:12)
	at org.junit.runners.model.FrameworkMethod.invokeExplosively(FrameworkMethod.java:56)
	at org.junit.internal.runners.statements.RunBefores.invokeMethod(RunBefores.java:33)
	at org.junit.internal.runners.statements.RunBefores.evaluate(RunBefores.java:24)
	at org.junit.internal.runners.statements.RunAfters.evaluate(RunAfters.java:27)
	at org.junit.rules.TestWatcher$1.evaluate(TestWatcher.java:61)
	at org.junit.runners.ParentRunner$3.evaluate(ParentRunner.java:306)
	at org.junit.runners.BlockJUnit4ClassRunner$1.evaluate(BlockJUnit4ClassRunner.java:100)
	at org.junit.runners.ParentRunner.runLeaf(ParentRunner.java:366)
	at org.junit.runners.BlockJUnit4ClassRunner.runChild(BlockJUnit4ClassRunner.java:103)
	at org.junit.runners.BlockJUnit4ClassRunner.runChild(BlockJUnit4ClassRunner.java:63)
	at org.junit.runners.ParentRunner$4.run(ParentRunner.java:331)
	at org.junit.runners.ParentRunner$1.schedule(ParentRunner.java:79)
	at org.junit.runners.ParentRunner.runChildren(ParentRunner.java:329)
	at org.junit.runners.ParentRunner.access$100(ParentRunner.java:66)
	at org.junit.runners.ParentRunner$2.evaluate(ParentRunner.java:293)
	at org.junit.runners.ParentRunner$3.evaluate(ParentRunner.java:306)
	at org.junit.runners.ParentRunner.run(ParentRunner.java:413)
	at org.junit.runner.JUnitCore.run(JUnitCore.java:137)
	at org.junit.runner.JUnitCore.run(JUnitCore.java:115)
	at org.junit.vintage.engine.execution.RunnerExecutor.execute(RunnerExecutor.java:43)
	at java.util.stream.ForEachOps$ForEachOp$OfRef.accept(ForEachOps.java:183)
	at java.util.stream.ReferencePipeline$3$1.accept(ReferencePipeline.java:193)
	at java.util.Iterator.forEachRemaining(Iterator.java:116)
	at java.util.Spliterators$IteratorSpliterator.forEachRemaining(Spliterators.java:1801)
	at java.util.stream.AbstractPipeline.copyInto(AbstractPipeline.java:482)
	at java.util.stream.AbstractPipeline.wrapAndCopyInto(AbstractPipeline.java:472)
	at java.util.stream.ForEachOps$ForEachOp.evaluateSequential(ForEachOps.java:150)
	at java.util.stream.ForEachOps$ForEachOp$OfRef.evaluateSequential(ForEachOps.java:173)
	at java.util.stream.AbstractPipeline.evaluate(AbstractPipeline.java:234)
	at java.util.stream.ReferencePipeline.forEach(ReferencePipeline.java:485)
	at org.junit.vintage.engine.VintageTestEngine.executeAllChildren(VintageTestEngine.java:82)
	at org.junit.vintage.engine.VintageTestEngine.execute(VintageTestEngine.java:73)
	at org.junit.platform.launcher.core.DefaultLauncher.execute(DefaultLauncher.java:248)
	at org.junit.platform.launcher.core.DefaultLauncher.lambda$execute$5(DefaultLauncher.java:211)
	at org.junit.platform.launcher.core.DefaultLauncher.withInterceptedStreams(DefaultLauncher.java:226)
	at org.junit.platform.launcher.core.DefaultLauncher.execute(DefaultLauncher.java:199)
	at org.junit.platform.launcher.core.DefaultLauncher.execute(DefaultLauncher.java:132)
	at org.apache.maven.surefire.junitplatform.JUnitPlatformProvider.invokeAllTests(JUnitPlatformProvider.java:154)
	at org.apache.maven.surefire.junitplatform.JUnitPlatformProvider.invoke(JUnitPlatformProvider.java:123)
	at org.apache.maven.surefire.booter.ForkedBooter.runSuitesInProcess(ForkedBooter.java:377)
	at org.apache.maven.surefire.booter.ForkedBooter.execute(ForkedBooter.java:138)
	at org.apache.maven.surefire.booter.ForkedBooter.run(ForkedBooter.java:465)
	at org.apache.maven.surefire.booter.ForkedBooter.main(ForkedBooter.java:451)

2024-04-24T01:29:24,080 ERROR [main] exec.Task: Failed
org.apache.hadoop.hive.ql.metadata.HiveException: MetaException(message:Table default.nonAcidOrcTbl failed strict managed table checks due to the following reason: Table is marked as a managed table but is not transactional.)
	at org.apache.hadoop.hive.ql.metadata.Hive.createTable(Hive.java:1301) ~[classes/:?]
	at org.apache.hadoop.hive.ql.metadata.Hive.createTable(Hive.java:1306) ~[classes/:?]
	at org.apache.hadoop.hive.ql.ddl.table.create.CreateTableOperation.createTableNonReplaceMode(CreateTableOperation.java:140) ~[classes/:?]
	at org.apache.hadoop.hive.ql.ddl.table.create.CreateTableOperation.execute(CreateTableOperation.java:98) ~[classes/:?]
	at org.apache.hadoop.hive.ql.ddl.DDLTask.execute(DDLTask.java:84) ~[classes/:?]
	at org.apache.hadoop.hive.ql.exec.Task.executeTask(Task.java:212) ~[classes/:?]
	at org.apache.hadoop.hive.ql.exec.TaskRunner.runSequential(TaskRunner.java:105) ~[classes/:?]
	at org.apache.hadoop.hive.ql.Executor.launchTask(Executor.java:361) ~[classes/:?]
	at org.apache.hadoop.hive.ql.Executor.launchTasks(Executor.java:334) ~[classes/:?]
	at org.apache.hadoop.hive.ql.Executor.runTasks(Executor.java:245) ~[classes/:?]
	at org.apache.hadoop.hive.ql.Executor.execute(Executor.java:108) ~[classes/:?]
	at org.apache.hadoop.hive.ql.Driver.execute(Driver.java:348) ~[classes/:?]
	at org.apache.hadoop.hive.ql.Driver.runInternal(Driver.java:204) ~[classes/:?]
	at org.apache.hadoop.hive.ql.Driver.run(Driver.java:153) ~[classes/:?]
	at org.apache.hadoop.hive.ql.Driver.run(Driver.java:140) ~[classes/:?]
	at org.apache.hadoop.hive.ql.TxnCommandsBaseForTests.runStatementOnDriver(TxnCommandsBaseForTests.java:245) ~[test-classes/:?]
	at org.apache.hadoop.hive.ql.TxnCommandsBaseForTests.setUpInternal(TxnCommandsBaseForTests.java:144) ~[test-classes/:?]
	at org.apache.hadoop.hive.ql.TxnCommandsBaseForTests.setUp(TxnCommandsBaseForTests.java:94) ~[test-classes/:?]
	at sun.reflect.NativeMethodAccessorImpl.invoke0(Native Method) ~[?:1.8.0_402]
	at sun.reflect.NativeMethodAccessorImpl.invoke(NativeMethodAccessorImpl.java:62) ~[?:1.8.0_402]
	at sun.reflect.DelegatingMethodAccessorImpl.invoke(DelegatingMethodAccessorImpl.java:43) ~[?:1.8.0_402]
	at java.lang.reflect.Method.invoke(Method.java:498) ~[?:1.8.0_402]
	at org.junit.runners.model.FrameworkMethod$1.runReflectiveCall(FrameworkMethod.java:59) ~[junit-4.13.jar:4.13]
	at org.junit.internal.runners.model.ReflectiveCallable.run(ReflectiveCallable.java:12) ~[junit-4.13.jar:4.13]
	at org.junit.runners.model.FrameworkMethod.invokeExplosively(FrameworkMethod.java:56) ~[junit-4.13.jar:4.13]
	at org.junit.internal.runners.statements.RunBefores.invokeMethod(RunBefores.java:33) ~[junit-4.13.jar:4.13]
	at org.junit.internal.runners.statements.RunBefores.evaluate(RunBefores.java:24) ~[junit-4.13.jar:4.13]
	at org.junit.internal.runners.statements.RunAfters.evaluate(RunAfters.java:27) ~[junit-4.13.jar:4.13]
	at org.junit.rules.TestWatcher$1.evaluate(TestWatcher.java:61) ~[junit-4.13.jar:4.13]
	at org.junit.runners.ParentRunner$3.evaluate(ParentRunner.java:306) ~[junit-4.13.jar:4.13]
	at org.junit.runners.BlockJUnit4ClassRunner$1.evaluate(BlockJUnit4ClassRunner.java:100) ~[junit-4.13.jar:4.13]
	at org.junit.runners.ParentRunner.runLeaf(ParentRunner.java:366) ~[junit-4.13.jar:4.13]
	at org.junit.runners.BlockJUnit4ClassRunner.runChild(BlockJUnit4ClassRunner.java:103) ~[junit-4.13.jar:4.13]
	at org.junit.runners.BlockJUnit4ClassRunner.runChild(BlockJUnit4ClassRunner.java:63) ~[junit-4.13.jar:4.13]
	at org.junit.runners.ParentRunner$4.run(ParentRunner.java:331) ~[junit-4.13.jar:4.13]
	at org.junit.runners.ParentRunner$1.schedule(ParentRunner.java:79) ~[junit-4.13.jar:4.13]
	at org.junit.runners.ParentRunner.runChildren(ParentRunner.java:329) ~[junit-4.13.jar:4.13]
	at org.junit.runners.ParentRunner.access$100(ParentRunner.java:66) ~[junit-4.13.jar:4.13]
	at org.junit.runners.ParentRunner$2.evaluate(ParentRunner.java:293) ~[junit-4.13.jar:4.13]
	at org.junit.runners.ParentRunner$3.evaluate(ParentRunner.java:306) ~[junit-4.13.jar:4.13]
	at org.junit.runners.ParentRunner.run(ParentRunner.java:413) ~[junit-4.13.jar:4.13]
	at org.junit.runner.JUnitCore.run(JUnitCore.java:137) ~[junit-4.13.jar:4.13]
	at org.junit.runner.JUnitCore.run(JUnitCore.java:115) ~[junit-4.13.jar:4.13]
	at org.junit.vintage.engine.execution.RunnerExecutor.execute(RunnerExecutor.java:43) ~[junit-vintage-engine-5.6.2.jar:5.6.2]
	at java.util.stream.ForEachOps$ForEachOp$OfRef.accept(ForEachOps.java:183) ~[?:1.8.0_402]
	at java.util.stream.ReferencePipeline$3$1.accept(ReferencePipeline.java:193) ~[?:1.8.0_402]
	at java.util.Iterator.forEachRemaining(Iterator.java:116) ~[?:1.8.0_402]
	at java.util.Spliterators$IteratorSpliterator.forEachRemaining(Spliterators.java:1801) ~[?:1.8.0_402]
	at java.util.stream.AbstractPipeline.copyInto(AbstractPipeline.java:482) ~[?:1.8.0_402]
	at java.util.stream.AbstractPipeline.wrapAndCopyInto(AbstractPipeline.java:472) ~[?:1.8.0_402]
	at java.util.stream.ForEachOps$ForEachOp.evaluateSequential(ForEachOps.java:150) ~[?:1.8.0_402]
	at java.util.stream.ForEachOps$ForEachOp$OfRef.evaluateSequential(ForEachOps.java:173) ~[?:1.8.0_402]
	at java.util.stream.AbstractPipeline.evaluate(AbstractPipeline.java:234) ~[?:1.8.0_402]
	at java.util.stream.ReferencePipeline.forEach(ReferencePipeline.java:485) ~[?:1.8.0_402]
	at org.junit.vintage.engine.VintageTestEngine.executeAllChildren(VintageTestEngine.java:82) ~[junit-vintage-engine-5.6.2.jar:5.6.2]
	at org.junit.vintage.engine.VintageTestEngine.execute(VintageTestEngine.java:73) ~[junit-vintage-engine-5.6.2.jar:5.6.2]
	at org.junit.platform.launcher.core.DefaultLauncher.execute(DefaultLauncher.java:248) ~[junit-platform-launcher-1.6.2.jar:1.6.2]
	at org.junit.platform.launcher.core.DefaultLauncher.lambda$execute$5(DefaultLauncher.java:211) ~[junit-platform-launcher-1.6.2.jar:1.6.2]
	at org.junit.platform.launcher.core.DefaultLauncher.withInterceptedStreams(DefaultLauncher.java:226) [junit-platform-launcher-1.6.2.jar:1.6.2]
	at org.junit.platform.launcher.core.DefaultLauncher.execute(DefaultLauncher.java:199) [junit-platform-launcher-1.6.2.jar:1.6.2]
	at org.junit.platform.launcher.core.DefaultLauncher.execute(DefaultLauncher.java:132) [junit-platform-launcher-1.6.2.jar:1.6.2]
	at org.apache.maven.surefire.junitplatform.JUnitPlatformProvider.invokeAllTests(JUnitPlatformProvider.java:154) [surefire-junit-platform-3.0.0-M4.jar:3.0.0-M4]
	at org.apache.maven.surefire.junitplatform.JUnitPlatformProvider.invoke(JUnitPlatformProvider.java:123) [surefire-junit-platform-3.0.0-M4.jar:3.0.0-M4]
	at org.apache.maven.surefire.booter.ForkedBooter.runSuitesInProcess(ForkedBooter.java:377) [surefire-booter-3.0.0-M4.jar:3.0.0-M4]
	at org.apache.maven.surefire.booter.ForkedBooter.execute(ForkedBooter.java:138) [surefire-booter-3.0.0-M4.jar:3.0.0-M4]
	at org.apache.maven.surefire.booter.ForkedBooter.run(ForkedBooter.java:465) [surefire-booter-3.0.0-M4.jar:3.0.0-M4]
	at org.apache.maven.surefire.booter.ForkedBooter.main(ForkedBooter.java:451) [surefire-booter-3.0.0-M4.jar:3.0.0-M4]
Caused by: org.apache.hadoop.hive.metastore.api.MetaException: Table default.nonAcidOrcTbl failed strict managed table checks due to the following reason: Table is marked as a managed table but is not transactional.
	at org.apache.hadoop.hive.metastore.utils.HiveStrictManagedUtils.validateStrictManagedTableWithThrow(HiveStrictManagedUtils.java:33) ~[classes/:?]
	at org.apache.hadoop.hive.metastore.TransactionalValidationListener.handle(TransactionalValidationListener.java:92) ~[classes/:?]
	at org.apache.hadoop.hive.metastore.TransactionalValidationListener.onEvent(TransactionalValidationListener.java:72) ~[classes/:?]
	at org.apache.hadoop.hive.metastore.HMSHandler.firePreEvent(HMSHandler.java:4033) ~[classes/:?]
	at org.apache.hadoop.hive.metastore.HMSHandler.create_table_core(HMSHandler.java:2392) ~[classes/:?]
	at org.apache.hadoop.hive.metastore.HMSHandler.create_table_req(HMSHandler.java:2598) ~[classes/:?]
	at sun.reflect.GeneratedMethodAccessor105.invoke(Unknown Source) ~[?:?]
	at sun.reflect.DelegatingMethodAccessorImpl.invoke(DelegatingMethodAccessorImpl.java:43) ~[?:1.8.0_402]
	at java.lang.reflect.Method.invoke(Method.java:498) ~[?:1.8.0_402]
	at org.apache.hadoop.hive.metastore.RetryingHMSHandler.invokeInternal(RetryingHMSHandler.java:147) ~[classes/:?]
	at org.apache.hadoop.hive.metastore.RetryingHMSHandler.invoke(RetryingHMSHandler.java:108) ~[classes/:?]
	at com.sun.proxy.$Proxy39.create_table_req(Unknown Source) ~[?:?]
	at org.apache.hadoop.hive.metastore.HiveMetaStoreClient.create_table_with_environment_context(HiveMetaStoreClient.java:4408) ~[classes/:?]
	at org.apache.hadoop.hive.ql.metadata.SessionHiveMetaStoreClient.create_table_with_environment_context(SessionHiveMetaStoreClient.java:182) ~[classes/:?]
	at org.apache.hadoop.hive.metastore.HiveMetaStoreClient.createTable(HiveMetaStoreClient.java:1260) ~[classes/:?]
	at org.apache.hadoop.hive.metastore.HiveMetaStoreClient.createTable(HiveMetaStoreClient.java:1245) ~[classes/:?]
	at sun.reflect.GeneratedMethodAccessor104.invoke(Unknown Source) ~[?:?]
	at sun.reflect.DelegatingMethodAccessorImpl.invoke(DelegatingMethodAccessorImpl.java:43) ~[?:1.8.0_402]
	at java.lang.reflect.Method.invoke(Method.java:498) ~[?:1.8.0_402]
	at org.apache.hadoop.hive.metastore.RetryingMetaStoreClient.invoke(RetryingMetaStoreClient.java:218) ~[classes/:?]
	at com.sun.proxy.$Proxy40.createTable(Unknown Source) ~[?:?]
	at org.apache.hadoop.hive.ql.metadata.Hive.createTable(Hive.java:1290) ~[classes/:?]
	... 66 more
2024-04-24T01:29:24,084 ERROR [main] exec.Task: DDLTask failed, DDL Operation: class org.apache.hadoop.hive.ql.ddl.table.create.CreateTableOperation
org.apache.hadoop.hive.ql.metadata.HiveException: MetaException(message:Table default.nonAcidOrcTbl failed strict managed table checks due to the following reason: Table is marked as a managed table but is not transactional.)
	at org.apache.hadoop.hive.ql.metadata.Hive.createTable(Hive.java:1301) ~[classes/:?]
	at org.apache.hadoop.hive.ql.metadata.Hive.createTable(Hive.java:1306) ~[classes/:?]
	at org.apache.hadoop.hive.ql.ddl.table.create.CreateTableOperation.createTableNonReplaceMode(CreateTableOperation.java:140) ~[classes/:?]
	at org.apache.hadoop.hive.ql.ddl.table.create.CreateTableOperation.execute(CreateTableOperation.java:98) ~[classes/:?]
	at org.apache.hadoop.hive.ql.ddl.DDLTask.execute(DDLTask.java:84) ~[classes/:?]
	at org.apache.hadoop.hive.ql.exec.Task.executeTask(Task.java:212) ~[classes/:?]
	at org.apache.hadoop.hive.ql.exec.TaskRunner.runSequential(TaskRunner.java:105) ~[classes/:?]
	at org.apache.hadoop.hive.ql.Executor.launchTask(Executor.java:361) ~[classes/:?]
	at org.apache.hadoop.hive.ql.Executor.launchTasks(Executor.java:334) ~[classes/:?]
	at org.apache.hadoop.hive.ql.Executor.runTasks(Executor.java:245) ~[classes/:?]
	at org.apache.hadoop.hive.ql.Executor.execute(Executor.java:108) ~[classes/:?]
	at org.apache.hadoop.hive.ql.Driver.execute(Driver.java:348) ~[classes/:?]
	at org.apache.hadoop.hive.ql.Driver.runInternal(Driver.java:204) ~[classes/:?]
	at org.apache.hadoop.hive.ql.Driver.run(Driver.java:153) ~[classes/:?]
	at org.apache.hadoop.hive.ql.Driver.run(Driver.java:140) ~[classes/:?]
	at org.apache.hadoop.hive.ql.TxnCommandsBaseForTests.runStatementOnDriver(TxnCommandsBaseForTests.java:245) ~[test-classes/:?]
	at org.apache.hadoop.hive.ql.TxnCommandsBaseForTests.setUpInternal(TxnCommandsBaseForTests.java:144) ~[test-classes/:?]
	at org.apache.hadoop.hive.ql.TxnCommandsBaseForTests.setUp(TxnCommandsBaseForTests.java:94) ~[test-classes/:?]
	at sun.reflect.NativeMethodAccessorImpl.invoke0(Native Method) ~[?:1.8.0_402]
	at sun.reflect.NativeMethodAccessorImpl.invoke(NativeMethodAccessorImpl.java:62) ~[?:1.8.0_402]
	at sun.reflect.DelegatingMethodAccessorImpl.invoke(DelegatingMethodAccessorImpl.java:43) ~[?:1.8.0_402]
	at java.lang.reflect.Method.invoke(Method.java:498) ~[?:1.8.0_402]
	at org.junit.runners.model.FrameworkMethod$1.runReflectiveCall(FrameworkMethod.java:59) ~[junit-4.13.jar:4.13]
	at org.junit.internal.runners.model.ReflectiveCallable.run(ReflectiveCallable.java:12) ~[junit-4.13.jar:4.13]
	at org.junit.runners.model.FrameworkMethod.invokeExplosively(FrameworkMethod.java:56) ~[junit-4.13.jar:4.13]
	at org.junit.internal.runners.statements.RunBefores.invokeMethod(RunBefores.java:33) ~[junit-4.13.jar:4.13]
	at org.junit.internal.runners.statements.RunBefores.evaluate(RunBefores.java:24) ~[junit-4.13.jar:4.13]
	at org.junit.internal.runners.statements.RunAfters.evaluate(RunAfters.java:27) ~[junit-4.13.jar:4.13]
	at org.junit.rules.TestWatcher$1.evaluate(TestWatcher.java:61) ~[junit-4.13.jar:4.13]
	at org.junit.runners.ParentRunner$3.evaluate(ParentRunner.java:306) ~[junit-4.13.jar:4.13]
	at org.junit.runners.BlockJUnit4ClassRunner$1.evaluate(BlockJUnit4ClassRunner.java:100) ~[junit-4.13.jar:4.13]
	at org.junit.runners.ParentRunner.runLeaf(ParentRunner.java:366) ~[junit-4.13.jar:4.13]
	at org.junit.runners.BlockJUnit4ClassRunner.runChild(BlockJUnit4ClassRunner.java:103) ~[junit-4.13.jar:4.13]
	at org.junit.runners.BlockJUnit4ClassRunner.runChild(BlockJUnit4ClassRunner.java:63) ~[junit-4.13.jar:4.13]
	at org.junit.runners.ParentRunner$4.run(ParentRunner.java:331) ~[junit-4.13.jar:4.13]
	at org.junit.runners.ParentRunner$1.schedule(ParentRunner.java:79) ~[junit-4.13.jar:4.13]
	at org.junit.runners.ParentRunner.runChildren(ParentRunner.java:329) ~[junit-4.13.jar:4.13]
	at org.junit.runners.ParentRunner.access$100(ParentRunner.java:66) ~[junit-4.13.jar:4.13]
	at org.junit.runners.ParentRunner$2.evaluate(ParentRunner.java:293) ~[junit-4.13.jar:4.13]
	at org.junit.runners.ParentRunner$3.evaluate(ParentRunner.java:306) ~[junit-4.13.jar:4.13]
	at org.junit.runners.ParentRunner.run(ParentRunner.java:413) ~[junit-4.13.jar:4.13]
	at org.junit.runner.JUnitCore.run(JUnitCore.java:137) ~[junit-4.13.jar:4.13]
	at org.junit.runner.JUnitCore.run(JUnitCore.java:115) ~[junit-4.13.jar:4.13]
	at org.junit.vintage.engine.execution.RunnerExecutor.execute(RunnerExecutor.java:43) ~[junit-vintage-engine-5.6.2.jar:5.6.2]
	at java.util.stream.ForEachOps$ForEachOp$OfRef.accept(ForEachOps.java:183) ~[?:1.8.0_402]
	at java.util.stream.ReferencePipeline$3$1.accept(ReferencePipeline.java:193) ~[?:1.8.0_402]
	at java.util.Iterator.forEachRemaining(Iterator.java:116) ~[?:1.8.0_402]
	at java.util.Spliterators$IteratorSpliterator.forEachRemaining(Spliterators.java:1801) ~[?:1.8.0_402]
	at java.util.stream.AbstractPipeline.copyInto(AbstractPipeline.java:482) ~[?:1.8.0_402]
	at java.util.stream.AbstractPipeline.wrapAndCopyInto(AbstractPipeline.java:472) ~[?:1.8.0_402]
	at java.util.stream.ForEachOps$ForEachOp.evaluateSequential(ForEachOps.java:150) ~[?:1.8.0_402]
	at java.util.stream.ForEachOps$ForEachOp$OfRef.evaluateSequential(ForEachOps.java:173) ~[?:1.8.0_402]
	at java.util.stream.AbstractPipeline.evaluate(AbstractPipeline.java:234) ~[?:1.8.0_402]
	at java.util.stream.ReferencePipeline.forEach(ReferencePipeline.java:485) ~[?:1.8.0_402]
	at org.junit.vintage.engine.VintageTestEngine.executeAllChildren(VintageTestEngine.java:82) ~[junit-vintage-engine-5.6.2.jar:5.6.2]
	at org.junit.vintage.engine.VintageTestEngine.execute(VintageTestEngine.java:73) ~[junit-vintage-engine-5.6.2.jar:5.6.2]
	at org.junit.platform.launcher.core.DefaultLauncher.execute(DefaultLauncher.java:248) ~[junit-platform-launcher-1.6.2.jar:1.6.2]
	at org.junit.platform.launcher.core.DefaultLauncher.lambda$execute$5(DefaultLauncher.java:211) ~[junit-platform-launcher-1.6.2.jar:1.6.2]
	at org.junit.platform.launcher.core.DefaultLauncher.withInterceptedStreams(DefaultLauncher.java:226) [junit-platform-launcher-1.6.2.jar:1.6.2]
	at org.junit.platform.launcher.core.DefaultLauncher.execute(DefaultLauncher.java:199) [junit-platform-launcher-1.6.2.jar:1.6.2]
	at org.junit.platform.launcher.core.DefaultLauncher.execute(DefaultLauncher.java:132) [junit-platform-launcher-1.6.2.jar:1.6.2]
	at org.apache.maven.surefire.junitplatform.JUnitPlatformProvider.invokeAllTests(JUnitPlatformProvider.java:154) [surefire-junit-platform-3.0.0-M4.jar:3.0.0-M4]
	at org.apache.maven.surefire.junitplatform.JUnitPlatformProvider.invoke(JUnitPlatformProvider.java:123) [surefire-junit-platform-3.0.0-M4.jar:3.0.0-M4]
	at org.apache.maven.surefire.booter.ForkedBooter.runSuitesInProcess(ForkedBooter.java:377) [surefire-booter-3.0.0-M4.jar:3.0.0-M4]
	at org.apache.maven.surefire.booter.ForkedBooter.execute(ForkedBooter.java:138) [surefire-booter-3.0.0-M4.jar:3.0.0-M4]
	at org.apache.maven.surefire.booter.ForkedBooter.run(ForkedBooter.java:465) [surefire-booter-3.0.0-M4.jar:3.0.0-M4]
	at org.apache.maven.surefire.booter.ForkedBooter.main(ForkedBooter.java:451) [surefire-booter-3.0.0-M4.jar:3.0.0-M4]
Caused by: org.apache.hadoop.hive.metastore.api.MetaException: Table default.nonAcidOrcTbl failed strict managed table checks due to the following reason: Table is marked as a managed table but is not transactional.
	at org.apache.hadoop.hive.metastore.utils.HiveStrictManagedUtils.validateStrictManagedTableWithThrow(HiveStrictManagedUtils.java:33) ~[classes/:?]
	at org.apache.hadoop.hive.metastore.TransactionalValidationListener.handle(TransactionalValidationListener.java:92) ~[classes/:?]
	at org.apache.hadoop.hive.metastore.TransactionalValidationListener.onEvent(TransactionalValidationListener.java:72) ~[classes/:?]
	at org.apache.hadoop.hive.metastore.HMSHandler.firePreEvent(HMSHandler.java:4033) ~[classes/:?]
	at org.apache.hadoop.hive.metastore.HMSHandler.create_table_core(HMSHandler.java:2392) ~[classes/:?]
	at org.apache.hadoop.hive.metastore.HMSHandler.create_table_req(HMSHandler.java:2598) ~[classes/:?]
	at sun.reflect.GeneratedMethodAccessor105.invoke(Unknown Source) ~[?:?]
	at sun.reflect.DelegatingMethodAccessorImpl.invoke(DelegatingMethodAccessorImpl.java:43) ~[?:1.8.0_402]
	at java.lang.reflect.Method.invoke(Method.java:498) ~[?:1.8.0_402]
	at org.apache.hadoop.hive.metastore.RetryingHMSHandler.invokeInternal(RetryingHMSHandler.java:147) ~[classes/:?]
	at org.apache.hadoop.hive.metastore.RetryingHMSHandler.invoke(RetryingHMSHandler.java:108) ~[classes/:?]
	at com.sun.proxy.$Proxy39.create_table_req(Unknown Source) ~[?:?]
	at org.apache.hadoop.hive.metastore.HiveMetaStoreClient.create_table_with_environment_context(HiveMetaStoreClient.java:4408) ~[classes/:?]
	at org.apache.hadoop.hive.ql.metadata.SessionHiveMetaStoreClient.create_table_with_environment_context(SessionHiveMetaStoreClient.java:182) ~[classes/:?]
	at org.apache.hadoop.hive.metastore.HiveMetaStoreClient.createTable(HiveMetaStoreClient.java:1260) ~[classes/:?]
	at org.apache.hadoop.hive.metastore.HiveMetaStoreClient.createTable(HiveMetaStoreClient.java:1245) ~[classes/:?]
	at sun.reflect.GeneratedMethodAccessor104.invoke(Unknown Source) ~[?:?]
	at sun.reflect.DelegatingMethodAccessorImpl.invoke(DelegatingMethodAccessorImpl.java:43) ~[?:1.8.0_402]
	at java.lang.reflect.Method.invoke(Method.java:498) ~[?:1.8.0_402]
	at org.apache.hadoop.hive.metastore.RetryingMetaStoreClient.invoke(RetryingMetaStoreClient.java:218) ~[classes/:?]
	at com.sun.proxy.$Proxy40.createTable(Unknown Source) ~[?:?]
	at org.apache.hadoop.hive.ql.metadata.Hive.createTable(Hive.java:1290) ~[classes/:?]
	... 66 more
FAILED: Execution Error, return code 40000 from org.apache.hadoop.hive.ql.ddl.DDLTask. MetaException(message:Table default.nonAcidOrcTbl failed strict managed table checks due to the following reason: Table is marked as a managed table but is not transactional.)
2024-04-24T01:29:24,090 ERROR [main] ql.Driver: FAILED: Execution Error, return code 40000 from org.apache.hadoop.hive.ql.ddl.DDLTask. MetaException(message:Table default.nonAcidOrcTbl failed strict managed table checks due to the following reason: Table is marked as a managed table but is not transactional.)
2024-04-24T01:29:24,091  INFO [main] metadata.Hive: Dumping metastore api call timing information for : execution phase
2024-04-24T01:29:24,091  INFO [main] metadata.Hive: Total time spent in each metastore function (ms): {isCompatibleWith_(Configuration)=0}
2024-04-24T01:29:24,091  INFO [main] ql.Driver: Completed executing command(queryId=alex_20240424012924_84a47d11-ac54-4a38-8c17-c211f788c377); Time taken: 0.025 seconds
2024-04-24T01:29:24,091  INFO [main] lockmgr.DbTxnManager: Stopped heartbeat for query: alex_20240424012924_84a47d11-ac54-4a38-8c17-c211f788c377
2024-04-24T01:29:24,093  INFO [main] txn.TxnHandler: Removed transactions: ([9]) from MIN_HISTORY_LEVEL
2024-04-24T01:29:24,102  INFO [main] ql.TxnCommandsBaseForTests: Running the query: drop table if exists acidTbl
2024-04-24T01:29:24,102  INFO [main] ql.Driver: Compiling command(queryId=alex_20240424012924_e7752cf4-6c66-4303-b3f9-924f500d67c7): drop table if exists acidTbl
2024-04-24T01:29:24,105  INFO [main] txn.TxnHandler: Added entries to MIN_HISTORY_LEVEL for current txns: ([10]) with min_open_txn: 1
2024-04-24T01:29:24,105  INFO [main] lockmgr.DbTxnManager: Opened txnid:10
2024-04-24T01:29:24,106  INFO [main] HiveMetaStore.audit: ugi=alex	ip=unknown-ip-addr	cmd=get_table : tbl=hive.default.acidTbl	
2024-04-24T01:29:24,125  INFO [main] metastore.HMSHandler: Skipping translation for processor with null
2024-04-24T01:29:24,126  INFO [main] ql.Driver: Semantic Analysis Completed (retrial = false)
2024-04-24T01:29:24,126  INFO [main] ql.Driver: Created Hive schema: Schema(fieldSchemas:null, properties:null)
2024-04-24T01:29:24,126  INFO [main] metadata.Hive: Dumping metastore api call timing information for : compilation phase
2024-04-24T01:29:24,126  INFO [main] metadata.Hive: Total time spent in each metastore function (ms): {flushCache_()=0, isCompatibleWith_(Configuration)=0, getTable_(GetTableRequest)=20, openTxn_(String, TxnType)=2, rollbackTxn_(long)=10, getValidTxns_(long)=0}
2024-04-24T01:29:24,126  INFO [main] ql.Driver: Completed compiling command(queryId=alex_20240424012924_e7752cf4-6c66-4303-b3f9-924f500d67c7); Time taken: 0.024 seconds
2024-04-24T01:29:24,126  INFO [main] lockmgr.DbTxnManager: Setting lock request transaction to txnid:10 for queryId=alex_20240424012924_e7752cf4-6c66-4303-b3f9-924f500d67c7
2024-04-24T01:29:24,127  INFO [main] lockmgr.DbLockManager: Requesting lock for queryId=alex_20240424012924_e7752cf4-6c66-4303-b3f9-924f500d67c7
2024-04-24T01:29:24,147  INFO [main] lockmgr.DbLockManager: Response to queryId=alex_20240424012924_e7752cf4-6c66-4303-b3f9-924f500d67c7 LockResponse(lockid:4, state:ACQUIRED)
2024-04-24T01:29:24,147  INFO [main] ql.Driver: Operation DROPTABLE obtained 1 locks
2024-04-24T01:29:24,147  INFO [main] ql.Driver: Executing command(queryId=alex_20240424012924_e7752cf4-6c66-4303-b3f9-924f500d67c7): drop table if exists acidTbl
2024-04-24T01:29:24,147  INFO [main] ql.Driver: Starting task [Stage-0:DDL] in serial mode
2024-04-24T01:29:24,148  INFO [main] HiveMetaStore.audit: ugi=alex	ip=unknown-ip-addr	cmd=get_table : tbl=hive.default.acidTbl	
2024-04-24T01:29:24,157  INFO [main] metastore.HMSHandler: Skipping translation for processor with null
2024-04-24T01:29:24,158  INFO [main] HiveMetaStore.audit: ugi=alex	ip=unknown-ip-addr	cmd=get_table : tbl=hive.default.acidTbl	
2024-04-24T01:29:24,165  INFO [main] metastore.HMSHandler: Skipping translation for processor with null
2024-04-24T01:29:24,165  INFO [main] HiveMetaStore.audit: ugi=alex	ip=unknown-ip-addr	cmd=drop_table : tbl=hive.default.acidTbl	
2024-04-24T01:29:24,322  INFO [main] metadata.Hive: Dumping metastore api call timing information for : execution phase
2024-04-24T01:29:24,322  INFO [main] metadata.Hive: Total time spent in each metastore function (ms): {getTable_(GetTableRequest)=10, isCompatibleWith_(Configuration)=0, dropTable_(String, String, boolean, boolean, boolean)=165}
2024-04-24T01:29:24,323  INFO [main] ql.Driver: Completed executing command(queryId=alex_20240424012924_e7752cf4-6c66-4303-b3f9-924f500d67c7); Time taken: 0.175 seconds
2024-04-24T01:29:24,323  INFO [main] lockmgr.DbTxnManager: Stopped heartbeat for query: alex_20240424012924_e7752cf4-6c66-4303-b3f9-924f500d67c7
2024-04-24T01:29:24,328  INFO [main] txn.TxnHandler: Expected to move at least one record from txn_components to completed_txn_components when committing txn! txnid:10
2024-04-24T01:29:24,335  INFO [main] txn.TxnHandler: Removed transactions: ([10]) from MIN_HISTORY_LEVEL
2024-04-24T01:29:24,336  WARN [main] txn.CompactionTxnHandler: No compaction queue record found for Compaction type transaction commit. txnId:10
2024-04-24T01:29:24,337  INFO [main] ql.TxnCommandsBaseForTests: Running the query: drop table if exists acidTblPart
2024-04-24T01:29:24,338  INFO [main] ql.Driver: Compiling command(queryId=alex_20240424012924_c3d76825-45d2-45e7-b524-6e997e35e8e2): drop table if exists acidTblPart
2024-04-24T01:29:24,348  INFO [main] txn.TxnHandler: Added entries to MIN_HISTORY_LEVEL for current txns: ([11]) with min_open_txn: 1
2024-04-24T01:29:24,348  INFO [main] lockmgr.DbTxnManager: Opened txnid:11
2024-04-24T01:29:24,351  INFO [main] HiveMetaStore.audit: ugi=alex	ip=unknown-ip-addr	cmd=get_table : tbl=hive.default.acidTblPart	
2024-04-24T01:29:24,361  INFO [main] metastore.HMSHandler: Skipping translation for processor with null
2024-04-24T01:29:24,361  INFO [main] ql.Driver: Semantic Analysis Completed (retrial = false)
2024-04-24T01:29:24,361  INFO [main] ql.Driver: Created Hive schema: Schema(fieldSchemas:null, properties:null)
2024-04-24T01:29:24,361  INFO [main] metadata.Hive: Dumping metastore api call timing information for : compilation phase
2024-04-24T01:29:24,361  INFO [main] metadata.Hive: Total time spent in each metastore function (ms): {getTable_(GetTableRequest)=10, commitTxn_(CommitTxnRequest)=14, openTxn_(String, TxnType)=10, flushCache_()=0, getValidTxns_(long)=2, isCompatibleWith_(Configuration)=0}
2024-04-24T01:29:24,362  INFO [main] ql.Driver: Completed compiling command(queryId=alex_20240424012924_c3d76825-45d2-45e7-b524-6e997e35e8e2); Time taken: 0.023 seconds
2024-04-24T01:29:24,362  INFO [main] lockmgr.DbTxnManager: Setting lock request transaction to txnid:11 for queryId=alex_20240424012924_c3d76825-45d2-45e7-b524-6e997e35e8e2
2024-04-24T01:29:24,362  INFO [main] lockmgr.DbLockManager: Requesting lock for queryId=alex_20240424012924_c3d76825-45d2-45e7-b524-6e997e35e8e2
2024-04-24T01:29:24,382  INFO [main] lockmgr.DbLockManager: Response to queryId=alex_20240424012924_c3d76825-45d2-45e7-b524-6e997e35e8e2 LockResponse(lockid:5, state:ACQUIRED)
2024-04-24T01:29:24,382  INFO [main] ql.Driver: Operation DROPTABLE obtained 1 locks
2024-04-24T01:29:24,382  INFO [main] ql.Driver: Executing command(queryId=alex_20240424012924_c3d76825-45d2-45e7-b524-6e997e35e8e2): drop table if exists acidTblPart
2024-04-24T01:29:24,382  INFO [main] ql.Driver: Starting task [Stage-0:DDL] in serial mode
2024-04-24T01:29:24,383  INFO [main] HiveMetaStore.audit: ugi=alex	ip=unknown-ip-addr	cmd=get_table : tbl=hive.default.acidTblPart	
2024-04-24T01:29:24,391  INFO [main] metastore.HMSHandler: Skipping translation for processor with null
2024-04-24T01:29:24,391  INFO [main] HiveMetaStore.audit: ugi=alex	ip=unknown-ip-addr	cmd=get_table : tbl=hive.default.acidTblPart	
2024-04-24T01:29:24,399  INFO [main] metastore.HMSHandler: Skipping translation for processor with null
2024-04-24T01:29:24,400  INFO [main] HiveMetaStore.audit: ugi=alex	ip=unknown-ip-addr	cmd=drop_table : tbl=hive.default.acidTblPart	
2024-04-24T01:29:24,450  INFO [main] metadata.Hive: Dumping metastore api call timing information for : execution phase
2024-04-24T01:29:24,450  INFO [main] metadata.Hive: Total time spent in each metastore function (ms): {dropTable_(String, String, boolean, boolean, boolean)=59, isCompatibleWith_(Configuration)=0, getTable_(GetTableRequest)=8}
2024-04-24T01:29:24,450  INFO [main] ql.Driver: Completed executing command(queryId=alex_20240424012924_c3d76825-45d2-45e7-b524-6e997e35e8e2); Time taken: 0.068 seconds
2024-04-24T01:29:24,451  INFO [main] lockmgr.DbTxnManager: Stopped heartbeat for query: alex_20240424012924_c3d76825-45d2-45e7-b524-6e997e35e8e2
2024-04-24T01:29:24,455  INFO [main] txn.TxnHandler: Expected to move at least one record from txn_components to completed_txn_components when committing txn! txnid:11
2024-04-24T01:29:24,462  INFO [main] txn.TxnHandler: Removed transactions: ([11]) from MIN_HISTORY_LEVEL
2024-04-24T01:29:24,462  WARN [main] txn.CompactionTxnHandler: No compaction queue record found for Compaction type transaction commit. txnId:11
2024-04-24T01:29:24,462  INFO [main] ql.TxnCommandsBaseForTests: Running the query: drop table if exists acidTbl2
2024-04-24T01:29:24,463  INFO [main] ql.Driver: Compiling command(queryId=alex_20240424012924_e539cffc-60cb-486a-95bc-09071c61a4c9): drop table if exists acidTbl2
2024-04-24T01:29:24,466  INFO [main] txn.TxnHandler: Added entries to MIN_HISTORY_LEVEL for current txns: ([12]) with min_open_txn: 1
2024-04-24T01:29:24,466  INFO [main] lockmgr.DbTxnManager: Opened txnid:12
2024-04-24T01:29:24,467  INFO [main] HiveMetaStore.audit: ugi=alex	ip=unknown-ip-addr	cmd=get_table : tbl=hive.default.acidTbl2	
2024-04-24T01:29:24,471  INFO [main] ql.Driver: Semantic Analysis Completed (retrial = false)
2024-04-24T01:29:24,471  INFO [main] ql.Driver: Created Hive schema: Schema(fieldSchemas:null, properties:null)
2024-04-24T01:29:24,471  INFO [main] metadata.Hive: Dumping metastore api call timing information for : compilation phase
2024-04-24T01:29:24,471  INFO [main] metadata.Hive: Total time spent in each metastore function (ms): {commitTxn_(CommitTxnRequest)=11, isCompatibleWith_(Configuration)=0, flushCache_()=0, openTxn_(String, TxnType)=3, getValidTxns_(long)=1}
2024-04-24T01:29:24,472  INFO [main] ql.Driver: Completed compiling command(queryId=alex_20240424012924_e539cffc-60cb-486a-95bc-09071c61a4c9); Time taken: 0.008 seconds
2024-04-24T01:29:24,472  INFO [main] lockmgr.DbTxnManager: Setting lock request transaction to txnid:12 for queryId=alex_20240424012924_e539cffc-60cb-486a-95bc-09071c61a4c9
2024-04-24T01:29:24,472  INFO [main] ql.Driver: Operation DROPTABLE obtained 0 locks
2024-04-24T01:29:24,472  INFO [main] ql.Driver: Executing command(queryId=alex_20240424012924_e539cffc-60cb-486a-95bc-09071c61a4c9): drop table if exists acidTbl2
2024-04-24T01:29:24,472  INFO [main] ql.Driver: Starting task [Stage-0:DDL] in serial mode
2024-04-24T01:29:24,472  INFO [main] HiveMetaStore.audit: ugi=alex	ip=unknown-ip-addr	cmd=get_table : tbl=hive.default.acidTbl2	
2024-04-24T01:29:24,475  INFO [main] metadata.Hive: Dumping metastore api call timing information for : execution phase
2024-04-24T01:29:24,475  INFO [main] metadata.Hive: Total time spent in each metastore function (ms): {isCompatibleWith_(Configuration)=0}
2024-04-24T01:29:24,475  INFO [main] ql.Driver: Completed executing command(queryId=alex_20240424012924_e539cffc-60cb-486a-95bc-09071c61a4c9); Time taken: 0.003 seconds
2024-04-24T01:29:24,475  INFO [main] lockmgr.DbTxnManager: Stopped heartbeat for query: alex_20240424012924_e539cffc-60cb-486a-95bc-09071c61a4c9
2024-04-24T01:29:24,481  INFO [main] txn.TxnHandler: Expected to move at least one record from txn_components to completed_txn_components when committing txn! txnid:12
2024-04-24T01:29:24,487  INFO [main] txn.TxnHandler: Removed transactions: ([12]) from MIN_HISTORY_LEVEL
2024-04-24T01:29:24,487  WARN [main] txn.CompactionTxnHandler: No compaction queue record found for Compaction type transaction commit. txnId:12
2024-04-24T01:29:24,488  INFO [main] ql.TxnCommandsBaseForTests: Running the query: drop table if exists nonAcidOrcTbl
2024-04-24T01:29:24,488  INFO [main] ql.Driver: Compiling command(queryId=alex_20240424012924_426d32ee-471c-4d7a-ae8a-4c77944aee14): drop table if exists nonAcidOrcTbl
2024-04-24T01:29:24,490  INFO [main] txn.TxnHandler: Added entries to MIN_HISTORY_LEVEL for current txns: ([13]) with min_open_txn: 1
2024-04-24T01:29:24,490  INFO [main] lockmgr.DbTxnManager: Opened txnid:13
2024-04-24T01:29:24,491  INFO [main] HiveMetaStore.audit: ugi=alex	ip=unknown-ip-addr	cmd=get_table : tbl=hive.default.nonAcidOrcTbl	
2024-04-24T01:29:24,495  INFO [main] ql.Driver: Semantic Analysis Completed (retrial = false)
2024-04-24T01:29:24,495  INFO [main] ql.Driver: Created Hive schema: Schema(fieldSchemas:null, properties:null)
2024-04-24T01:29:24,495  INFO [main] metadata.Hive: Dumping metastore api call timing information for : compilation phase
2024-04-24T01:29:24,495  INFO [main] metadata.Hive: Total time spent in each metastore function (ms): {getValidTxns_(long)=0, openTxn_(String, TxnType)=2, isCompatibleWith_(Configuration)=0, commitTxn_(CommitTxnRequest)=11, flushCache_()=0}
2024-04-24T01:29:24,495  INFO [main] ql.Driver: Completed compiling command(queryId=alex_20240424012924_426d32ee-471c-4d7a-ae8a-4c77944aee14); Time taken: 0.007 seconds
2024-04-24T01:29:24,495  INFO [main] lockmgr.DbTxnManager: Setting lock request transaction to txnid:13 for queryId=alex_20240424012924_426d32ee-471c-4d7a-ae8a-4c77944aee14
2024-04-24T01:29:24,495  INFO [main] ql.Driver: Operation DROPTABLE obtained 0 locks
2024-04-24T01:29:24,495  INFO [main] ql.Driver: Executing command(queryId=alex_20240424012924_426d32ee-471c-4d7a-ae8a-4c77944aee14): drop table if exists nonAcidOrcTbl
2024-04-24T01:29:24,495  INFO [main] ql.Driver: Starting task [Stage-0:DDL] in serial mode
2024-04-24T01:29:24,496  INFO [main] HiveMetaStore.audit: ugi=alex	ip=unknown-ip-addr	cmd=get_table : tbl=hive.default.nonAcidOrcTbl	
2024-04-24T01:29:24,499  INFO [main] metadata.Hive: Dumping metastore api call timing information for : execution phase
2024-04-24T01:29:24,499  INFO [main] metadata.Hive: Total time spent in each metastore function (ms): {isCompatibleWith_(Configuration)=0}
2024-04-24T01:29:24,499  INFO [main] ql.Driver: Completed executing command(queryId=alex_20240424012924_426d32ee-471c-4d7a-ae8a-4c77944aee14); Time taken: 0.004 seconds
2024-04-24T01:29:24,499  INFO [main] lockmgr.DbTxnManager: Stopped heartbeat for query: alex_20240424012924_426d32ee-471c-4d7a-ae8a-4c77944aee14
2024-04-24T01:29:24,505  INFO [main] txn.TxnHandler: Expected to move at least one record from txn_components to completed_txn_components when committing txn! txnid:13
2024-04-24T01:29:24,511  INFO [main] txn.TxnHandler: Removed transactions: ([13]) from MIN_HISTORY_LEVEL
2024-04-24T01:29:24,511  WARN [main] txn.CompactionTxnHandler: No compaction queue record found for Compaction type transaction commit. txnId:13
2024-04-24T01:29:24,512  INFO [main] ql.TxnCommandsBaseForTests: Running the query: drop table if exists nonAcidOrcTbl2
2024-04-24T01:29:24,512  INFO [main] ql.Driver: Compiling command(queryId=alex_20240424012924_2a3d9488-37f9-425e-84d0-c947e024b30a): drop table if exists nonAcidOrcTbl2
2024-04-24T01:29:24,515  INFO [main] txn.TxnHandler: Added entries to MIN_HISTORY_LEVEL for current txns: ([14]) with min_open_txn: 1
2024-04-24T01:29:24,515  INFO [main] lockmgr.DbTxnManager: Opened txnid:14
2024-04-24T01:29:24,516  INFO [main] HiveMetaStore.audit: ugi=alex	ip=unknown-ip-addr	cmd=get_table : tbl=hive.default.nonAcidOrcTbl2	
2024-04-24T01:29:24,518  INFO [main] ql.Driver: Semantic Analysis Completed (retrial = false)
2024-04-24T01:29:24,519  INFO [main] ql.Driver: Created Hive schema: Schema(fieldSchemas:null, properties:null)
2024-04-24T01:29:24,519  INFO [main] metadata.Hive: Dumping metastore api call timing information for : compilation phase
2024-04-24T01:29:24,519  INFO [main] metadata.Hive: Total time spent in each metastore function (ms): {flushCache_()=1, getValidTxns_(long)=0, openTxn_(String, TxnType)=2, commitTxn_(CommitTxnRequest)=13, isCompatibleWith_(Configuration)=0}
2024-04-24T01:29:24,519  INFO [main] ql.Driver: Completed compiling command(queryId=alex_20240424012924_2a3d9488-37f9-425e-84d0-c947e024b30a); Time taken: 0.007 seconds
2024-04-24T01:29:24,519  INFO [main] lockmgr.DbTxnManager: Setting lock request transaction to txnid:14 for queryId=alex_20240424012924_2a3d9488-37f9-425e-84d0-c947e024b30a
2024-04-24T01:29:24,519  INFO [main] ql.Driver: Operation DROPTABLE obtained 0 locks
2024-04-24T01:29:24,519  INFO [main] ql.Driver: Executing command(queryId=alex_20240424012924_2a3d9488-37f9-425e-84d0-c947e024b30a): drop table if exists nonAcidOrcTbl2
2024-04-24T01:29:24,520  INFO [main] ql.Driver: Starting task [Stage-0:DDL] in serial mode
2024-04-24T01:29:24,520  INFO [main] HiveMetaStore.audit: ugi=alex	ip=unknown-ip-addr	cmd=get_table : tbl=hive.default.nonAcidOrcTbl2	
2024-04-24T01:29:24,523  INFO [main] metadata.Hive: Dumping metastore api call timing information for : execution phase
2024-04-24T01:29:24,523  INFO [main] metadata.Hive: Total time spent in each metastore function (ms): {isCompatibleWith_(Configuration)=0}
2024-04-24T01:29:24,523  INFO [main] ql.Driver: Completed executing command(queryId=alex_20240424012924_2a3d9488-37f9-425e-84d0-c947e024b30a); Time taken: 0.004 seconds
2024-04-24T01:29:24,523  INFO [main] lockmgr.DbTxnManager: Stopped heartbeat for query: alex_20240424012924_2a3d9488-37f9-425e-84d0-c947e024b30a
2024-04-24T01:29:24,530  INFO [main] txn.TxnHandler: Expected to move at least one record from txn_components to completed_txn_components when committing txn! txnid:14
2024-04-24T01:29:24,536  INFO [main] txn.TxnHandler: Removed transactions: ([14]) from MIN_HISTORY_LEVEL
2024-04-24T01:29:24,536  WARN [main] txn.CompactionTxnHandler: No compaction queue record found for Compaction type transaction commit. txnId:14
2024-04-24T01:29:24,537  INFO [main] ql.TxnCommandsBaseForTests: Running the query: drop table if exists nonAcidNonBucket
2024-04-24T01:29:24,537  INFO [main] ql.Driver: Compiling command(queryId=alex_20240424012924_d6a44fbe-0daa-4f59-9fb2-645076d437a0): drop table if exists nonAcidNonBucket
2024-04-24T01:29:24,541  INFO [main] txn.TxnHandler: Added entries to MIN_HISTORY_LEVEL for current txns: ([15]) with min_open_txn: 1
2024-04-24T01:29:24,541  INFO [main] lockmgr.DbTxnManager: Opened txnid:15
2024-04-24T01:29:24,542  INFO [main] HiveMetaStore.audit: ugi=alex	ip=unknown-ip-addr	cmd=get_table : tbl=hive.default.nonAcidNonBucket	
2024-04-24T01:29:24,547  INFO [main] ql.Driver: Semantic Analysis Completed (retrial = false)
2024-04-24T01:29:24,547  INFO [main] ql.Driver: Created Hive schema: Schema(fieldSchemas:null, properties:null)
2024-04-24T01:29:24,547  INFO [main] metadata.Hive: Dumping metastore api call timing information for : compilation phase
2024-04-24T01:29:24,547  INFO [main] metadata.Hive: Total time spent in each metastore function (ms): {isCompatibleWith_(Configuration)=1, openTxn_(String, TxnType)=3, flushCache_()=0, commitTxn_(CommitTxnRequest)=13, getValidTxns_(long)=1}
2024-04-24T01:29:24,548  INFO [main] ql.Driver: Completed compiling command(queryId=alex_20240424012924_d6a44fbe-0daa-4f59-9fb2-645076d437a0); Time taken: 0.01 seconds
2024-04-24T01:29:24,548  INFO [main] lockmgr.DbTxnManager: Setting lock request transaction to txnid:15 for queryId=alex_20240424012924_d6a44fbe-0daa-4f59-9fb2-645076d437a0
2024-04-24T01:29:24,548  INFO [main] ql.Driver: Operation DROPTABLE obtained 0 locks
2024-04-24T01:29:24,548  INFO [main] ql.Driver: Executing command(queryId=alex_20240424012924_d6a44fbe-0daa-4f59-9fb2-645076d437a0): drop table if exists nonAcidNonBucket
2024-04-24T01:29:24,548  INFO [main] ql.Driver: Starting task [Stage-0:DDL] in serial mode
2024-04-24T01:29:24,549  INFO [main] HiveMetaStore.audit: ugi=alex	ip=unknown-ip-addr	cmd=get_table : tbl=hive.default.nonAcidNonBucket	
2024-04-24T01:29:24,553  INFO [main] metadata.Hive: Dumping metastore api call timing information for : execution phase
2024-04-24T01:29:24,553  INFO [main] metadata.Hive: Total time spent in each metastore function (ms): {isCompatibleWith_(Configuration)=0}
2024-04-24T01:29:24,554  INFO [main] ql.Driver: Completed executing command(queryId=alex_20240424012924_d6a44fbe-0daa-4f59-9fb2-645076d437a0); Time taken: 0.005 seconds
2024-04-24T01:29:24,554  INFO [main] lockmgr.DbTxnManager: Stopped heartbeat for query: alex_20240424012924_d6a44fbe-0daa-4f59-9fb2-645076d437a0
2024-04-24T01:29:24,559  INFO [main] txn.TxnHandler: Expected to move at least one record from txn_components to completed_txn_components when committing txn! txnid:15
2024-04-24T01:29:24,564  INFO [main] txn.TxnHandler: Removed transactions: ([15]) from MIN_HISTORY_LEVEL
2024-04-24T01:29:24,565  WARN [main] txn.CompactionTxnHandler: No compaction queue record found for Compaction type transaction commit. txnId:15
2024-04-24T01:29:24,565  INFO [main] utils.TestTxnDbUtil: Cleaning transactional tables
]]></system-err>
  </testcase>
  <testcase name="testExternalMoveFailsForIncorrectOptions" classname="org.apache.hadoop.hive.ql.util.TestHiveStrictManagedMigration" time="1.094">
    <error type="java.lang.RuntimeException"><![CDATA[java.lang.RuntimeException: create table nonAcidOrcTbl(a int, b int) clustered by (a) into 2 buckets stored as orc TBLPROPERTIES ('transactional'='false') failed: (responseCode = 40000, errorMessage = FAILED: Execution Error, return code 40000 from org.apache.hadoop.hive.ql.ddl.DDLTask. MetaException(message:Table default.nonAcidOrcTbl failed strict managed table checks due to the following reason: Table is marked as a managed table but is not transactional.), hiveErrorCode = 40000, SQLState = 08S01, exception = MetaException(message:Table default.nonAcidOrcTbl failed strict managed table checks due to the following reason: Table is marked as a managed table but is not transactional.))
	at org.apache.hadoop.hive.ql.TxnCommandsBaseForTests.runStatementOnDriver(TxnCommandsBaseForTests.java:247)
	at org.apache.hadoop.hive.ql.TxnCommandsBaseForTests.setUpInternal(TxnCommandsBaseForTests.java:144)
	at org.apache.hadoop.hive.ql.TxnCommandsBaseForTests.setUp(TxnCommandsBaseForTests.java:94)
	at sun.reflect.NativeMethodAccessorImpl.invoke0(Native Method)
	at sun.reflect.NativeMethodAccessorImpl.invoke(NativeMethodAccessorImpl.java:62)
	at sun.reflect.DelegatingMethodAccessorImpl.invoke(DelegatingMethodAccessorImpl.java:43)
	at java.lang.reflect.Method.invoke(Method.java:498)
	at org.junit.runners.model.FrameworkMethod$1.runReflectiveCall(FrameworkMethod.java:59)
	at org.junit.internal.runners.model.ReflectiveCallable.run(ReflectiveCallable.java:12)
	at org.junit.runners.model.FrameworkMethod.invokeExplosively(FrameworkMethod.java:56)
	at org.junit.internal.runners.statements.RunBefores.invokeMethod(RunBefores.java:33)
	at org.junit.internal.runners.statements.RunBefores.evaluate(RunBefores.java:24)
	at org.junit.internal.runners.statements.RunAfters.evaluate(RunAfters.java:27)
	at org.junit.rules.TestWatcher$1.evaluate(TestWatcher.java:61)
	at org.junit.runners.ParentRunner$3.evaluate(ParentRunner.java:306)
	at org.junit.runners.BlockJUnit4ClassRunner$1.evaluate(BlockJUnit4ClassRunner.java:100)
	at org.junit.runners.ParentRunner.runLeaf(ParentRunner.java:366)
	at org.junit.runners.BlockJUnit4ClassRunner.runChild(BlockJUnit4ClassRunner.java:103)
	at org.junit.runners.BlockJUnit4ClassRunner.runChild(BlockJUnit4ClassRunner.java:63)
	at org.junit.runners.ParentRunner$4.run(ParentRunner.java:331)
	at org.junit.runners.ParentRunner$1.schedule(ParentRunner.java:79)
	at org.junit.runners.ParentRunner.runChildren(ParentRunner.java:329)
	at org.junit.runners.ParentRunner.access$100(ParentRunner.java:66)
	at org.junit.runners.ParentRunner$2.evaluate(ParentRunner.java:293)
	at org.junit.runners.ParentRunner$3.evaluate(ParentRunner.java:306)
	at org.junit.runners.ParentRunner.run(ParentRunner.java:413)
	at org.junit.runner.JUnitCore.run(JUnitCore.java:137)
	at org.junit.runner.JUnitCore.run(JUnitCore.java:115)
	at org.junit.vintage.engine.execution.RunnerExecutor.execute(RunnerExecutor.java:43)
	at java.util.stream.ForEachOps$ForEachOp$OfRef.accept(ForEachOps.java:183)
	at java.util.stream.ReferencePipeline$3$1.accept(ReferencePipeline.java:193)
	at java.util.Iterator.forEachRemaining(Iterator.java:116)
	at java.util.Spliterators$IteratorSpliterator.forEachRemaining(Spliterators.java:1801)
	at java.util.stream.AbstractPipeline.copyInto(AbstractPipeline.java:482)
	at java.util.stream.AbstractPipeline.wrapAndCopyInto(AbstractPipeline.java:472)
	at java.util.stream.ForEachOps$ForEachOp.evaluateSequential(ForEachOps.java:150)
	at java.util.stream.ForEachOps$ForEachOp$OfRef.evaluateSequential(ForEachOps.java:173)
	at java.util.stream.AbstractPipeline.evaluate(AbstractPipeline.java:234)
	at java.util.stream.ReferencePipeline.forEach(ReferencePipeline.java:485)
	at org.junit.vintage.engine.VintageTestEngine.executeAllChildren(VintageTestEngine.java:82)
	at org.junit.vintage.engine.VintageTestEngine.execute(VintageTestEngine.java:73)
	at org.junit.platform.launcher.core.DefaultLauncher.execute(DefaultLauncher.java:248)
	at org.junit.platform.launcher.core.DefaultLauncher.lambda$execute$5(DefaultLauncher.java:211)
	at org.junit.platform.launcher.core.DefaultLauncher.withInterceptedStreams(DefaultLauncher.java:226)
	at org.junit.platform.launcher.core.DefaultLauncher.execute(DefaultLauncher.java:199)
	at org.junit.platform.launcher.core.DefaultLauncher.execute(DefaultLauncher.java:132)
	at org.apache.maven.surefire.junitplatform.JUnitPlatformProvider.invokeAllTests(JUnitPlatformProvider.java:154)
	at org.apache.maven.surefire.junitplatform.JUnitPlatformProvider.invoke(JUnitPlatformProvider.java:123)
	at org.apache.maven.surefire.booter.ForkedBooter.runSuitesInProcess(ForkedBooter.java:377)
	at org.apache.maven.surefire.booter.ForkedBooter.execute(ForkedBooter.java:138)
	at org.apache.maven.surefire.booter.ForkedBooter.run(ForkedBooter.java:465)
	at org.apache.maven.surefire.booter.ForkedBooter.main(ForkedBooter.java:451)
]]></error>
    <system-err><![CDATA[2024-04-24T01:29:24,645  WARN [main] conf.HiveConf: HiveConf of name hive.dummyparam.test.server.specific.config.hivesite does not exist
2024-04-24T01:29:24,645  WARN [main] conf.HiveConf: HiveConf of name hive.metastore.client.cache.maxSize does not exist
2024-04-24T01:29:24,645  WARN [main] conf.HiveConf: HiveConf of name hive.metastore.client.cache.recordStats does not exist
2024-04-24T01:29:24,645  WARN [main] conf.HiveConf: HiveConf of name hive.dummyparam.test.server.specific.config.override does not exist
2024-04-24T01:29:24,645  WARN [main] conf.HiveConf: HiveConf of name hive.metastore.metadb.dir does not exist
2024-04-24T01:29:24,645  WARN [main] conf.HiveConf: HiveConf of name hive.llap.io.cache.orc.arena.size does not exist
2024-04-24T01:29:24,645  WARN [main] conf.HiveConf: HiveConf of name hive.llap.io.cache.orc.size does not exist
2024-04-24T01:29:24,646  WARN [main] conf.HiveConf: HiveConf of name hive.dummyparam.test.server.specific.config.metastoresite does not exist
2024-04-24T01:29:24,646  WARN [main] conf.HiveConf: HiveConf of name hive.llap.io.cache.orc.alloc.max does not exist
2024-04-24T01:29:24,646  WARN [main] conf.HiveConf: HiveConf of name hive.stats.key.prefix.reserve.length does not exist
2024-04-24T01:29:24,646  WARN [main] conf.HiveConf: HiveConf of name hive.llap.io.cache.orc.alloc.min does not exist
2024-04-24T01:29:24,649  INFO [main] utils.TestTxnDbUtil: Creating transactional tables
Hive Session ID = 68bfcbb0-6ce0-4161-8f42-1b66828e03a6
2024-04-24T01:29:24,660  INFO [main] SessionState: Hive Session ID = 68bfcbb0-6ce0-4161-8f42-1b66828e03a6
ivysettings.xml file not found in HIVE_HOME or HIVE_CONF_DIR,/home/alex/Repositories/hive/conf/ivysettings.xml will be used
2024-04-24T01:29:24,667  INFO [main] DependencyResolver: ivysettings.xml file not found in HIVE_HOME or HIVE_CONF_DIR,/home/alex/Repositories/hive/conf/ivysettings.xml will be used
2024-04-24T01:29:24,683  INFO [main] session.SessionState: Created HDFS directory: /home/alex/Repositories/hive/ql/target/tmp/scratchdir/alex/68bfcbb0-6ce0-4161-8f42-1b66828e03a6
2024-04-24T01:29:24,687  INFO [main] session.SessionState: Created local directory: /home/alex/Repositories/hive/ql/target/tmp/localscratchdir/68bfcbb0-6ce0-4161-8f42-1b66828e03a6
2024-04-24T01:29:24,694  INFO [main] session.SessionState: Created HDFS directory: /home/alex/Repositories/hive/ql/target/tmp/scratchdir/alex/68bfcbb0-6ce0-4161-8f42-1b66828e03a6/_tmp_space.db
2024-04-24T01:29:24,695  INFO [main] sqlstd.SQLStdHiveAccessController: Created SQLStdHiveAccessController for session context : HiveAuthzSessionContext [sessionString=68bfcbb0-6ce0-4161-8f42-1b66828e03a6, clientType=HIVECLI]
2024-04-24T01:29:24,695  INFO [main] ql.TxnCommandsBaseForTests: Running the query: drop table if exists acidTbl
2024-04-24T01:29:24,696  INFO [main] ql.Driver: Compiling command(queryId=alex_20240424012924_83b01a14-9ee6-4509-a8cc-cdbcfee21bde): drop table if exists acidTbl
2024-04-24T01:29:24,706  INFO [main] txn.TxnHandler: Added entries to MIN_HISTORY_LEVEL for current txns: ([1]) with min_open_txn: 1
2024-04-24T01:29:24,707  INFO [main] lockmgr.DbTxnManager: Opened txnid:1
2024-04-24T01:29:24,710  INFO [main] HiveMetaStore.audit: ugi=alex	ip=unknown-ip-addr	cmd=get_table : tbl=hive.default.acidTbl	
2024-04-24T01:29:24,715  INFO [main] ql.Driver: Semantic Analysis Completed (retrial = false)
2024-04-24T01:29:24,715  INFO [main] ql.Driver: Created Hive schema: Schema(fieldSchemas:null, properties:null)
2024-04-24T01:29:24,715  INFO [main] metadata.Hive: Dumping metastore api call timing information for : compilation phase
2024-04-24T01:29:24,715  INFO [main] metadata.Hive: Total time spent in each metastore function (ms): {getValidTxns_(long)=3, isCompatibleWith_(Configuration)=0, commitTxn_(CommitTxnRequest)=11, flushCache_()=0, openTxn_(String, TxnType)=11}
2024-04-24T01:29:24,716  INFO [main] ql.Driver: Completed compiling command(queryId=alex_20240424012924_83b01a14-9ee6-4509-a8cc-cdbcfee21bde); Time taken: 0.019 seconds
2024-04-24T01:29:24,716  INFO [main] lockmgr.DbTxnManager: Setting lock request transaction to txnid:1 for queryId=alex_20240424012924_83b01a14-9ee6-4509-a8cc-cdbcfee21bde
2024-04-24T01:29:24,716  INFO [main] ql.Driver: Operation DROPTABLE obtained 0 locks
2024-04-24T01:29:24,716  INFO [main] ql.Driver: Executing command(queryId=alex_20240424012924_83b01a14-9ee6-4509-a8cc-cdbcfee21bde): drop table if exists acidTbl
2024-04-24T01:29:24,716  INFO [main] ql.Driver: Starting task [Stage-0:DDL] in serial mode
2024-04-24T01:29:24,717  INFO [main] HiveMetaStore.audit: ugi=alex	ip=unknown-ip-addr	cmd=get_table : tbl=hive.default.acidTbl	
2024-04-24T01:29:24,723  INFO [main] metadata.Hive: Dumping metastore api call timing information for : execution phase
2024-04-24T01:29:24,723  INFO [main] metadata.Hive: Total time spent in each metastore function (ms): {isCompatibleWith_(Configuration)=0}
2024-04-24T01:29:24,724  INFO [main] ql.Driver: Completed executing command(queryId=alex_20240424012924_83b01a14-9ee6-4509-a8cc-cdbcfee21bde); Time taken: 0.007 seconds
2024-04-24T01:29:24,724  INFO [main] lockmgr.DbTxnManager: Stopped heartbeat for query: alex_20240424012924_83b01a14-9ee6-4509-a8cc-cdbcfee21bde
2024-04-24T01:29:24,732  INFO [main] txn.TxnHandler: Expected to move at least one record from txn_components to completed_txn_components when committing txn! txnid:1
2024-04-24T01:29:24,742  INFO [main] txn.TxnHandler: Removed transactions: ([1]) from MIN_HISTORY_LEVEL
2024-04-24T01:29:24,742  WARN [main] txn.CompactionTxnHandler: No compaction queue record found for Compaction type transaction commit. txnId:1
2024-04-24T01:29:24,743  INFO [main] ql.TxnCommandsBaseForTests: Running the query: drop table if exists acidTblPart
2024-04-24T01:29:24,744  INFO [main] ql.Driver: Compiling command(queryId=alex_20240424012924_3bc524cb-a391-4a45-8c2f-3358a1dcfe86): drop table if exists acidTblPart
2024-04-24T01:29:24,746  INFO [main] txn.TxnHandler: Added entries to MIN_HISTORY_LEVEL for current txns: ([2]) with min_open_txn: 1
2024-04-24T01:29:24,746  INFO [main] lockmgr.DbTxnManager: Opened txnid:2
2024-04-24T01:29:24,747  INFO [main] HiveMetaStore.audit: ugi=alex	ip=unknown-ip-addr	cmd=get_table : tbl=hive.default.acidTblPart	
2024-04-24T01:29:24,751  INFO [main] ql.Driver: Semantic Analysis Completed (retrial = false)
2024-04-24T01:29:24,751  INFO [main] ql.Driver: Created Hive schema: Schema(fieldSchemas:null, properties:null)
2024-04-24T01:29:24,751  INFO [main] metadata.Hive: Dumping metastore api call timing information for : compilation phase
2024-04-24T01:29:24,751  INFO [main] metadata.Hive: Total time spent in each metastore function (ms): {getValidTxns_(long)=0, openTxn_(String, TxnType)=2, flushCache_()=0, commitTxn_(CommitTxnRequest)=19, isCompatibleWith_(Configuration)=1}
2024-04-24T01:29:24,751  INFO [main] ql.Driver: Completed compiling command(queryId=alex_20240424012924_3bc524cb-a391-4a45-8c2f-3358a1dcfe86); Time taken: 0.008 seconds
2024-04-24T01:29:24,751  INFO [main] lockmgr.DbTxnManager: Setting lock request transaction to txnid:2 for queryId=alex_20240424012924_3bc524cb-a391-4a45-8c2f-3358a1dcfe86
2024-04-24T01:29:24,751  INFO [main] ql.Driver: Operation DROPTABLE obtained 0 locks
2024-04-24T01:29:24,751  INFO [main] ql.Driver: Executing command(queryId=alex_20240424012924_3bc524cb-a391-4a45-8c2f-3358a1dcfe86): drop table if exists acidTblPart
2024-04-24T01:29:24,751  INFO [main] ql.Driver: Starting task [Stage-0:DDL] in serial mode
2024-04-24T01:29:24,752  INFO [main] HiveMetaStore.audit: ugi=alex	ip=unknown-ip-addr	cmd=get_table : tbl=hive.default.acidTblPart	
2024-04-24T01:29:24,756  INFO [main] metadata.Hive: Dumping metastore api call timing information for : execution phase
2024-04-24T01:29:24,756  INFO [main] metadata.Hive: Total time spent in each metastore function (ms): {isCompatibleWith_(Configuration)=0}
2024-04-24T01:29:24,756  INFO [main] ql.Driver: Completed executing command(queryId=alex_20240424012924_3bc524cb-a391-4a45-8c2f-3358a1dcfe86); Time taken: 0.004 seconds
2024-04-24T01:29:24,756  INFO [main] lockmgr.DbTxnManager: Stopped heartbeat for query: alex_20240424012924_3bc524cb-a391-4a45-8c2f-3358a1dcfe86
2024-04-24T01:29:24,763  INFO [main] txn.TxnHandler: Expected to move at least one record from txn_components to completed_txn_components when committing txn! txnid:2
2024-04-24T01:29:24,772  INFO [main] txn.TxnHandler: Removed transactions: ([2]) from MIN_HISTORY_LEVEL
2024-04-24T01:29:24,772  WARN [main] txn.CompactionTxnHandler: No compaction queue record found for Compaction type transaction commit. txnId:2
2024-04-24T01:29:24,774  INFO [main] ql.TxnCommandsBaseForTests: Running the query: drop table if exists acidTbl2
2024-04-24T01:29:24,774  INFO [main] ql.Driver: Compiling command(queryId=alex_20240424012924_e5ab11ab-dbae-44f0-96d6-4a4ad6975290): drop table if exists acidTbl2
2024-04-24T01:29:24,778  INFO [main] txn.TxnHandler: Added entries to MIN_HISTORY_LEVEL for current txns: ([3]) with min_open_txn: 1
2024-04-24T01:29:24,778  INFO [main] lockmgr.DbTxnManager: Opened txnid:3
2024-04-24T01:29:24,779  INFO [main] HiveMetaStore.audit: ugi=alex	ip=unknown-ip-addr	cmd=get_table : tbl=hive.default.acidTbl2	
2024-04-24T01:29:24,784  INFO [main] ql.Driver: Semantic Analysis Completed (retrial = false)
2024-04-24T01:29:24,785  INFO [main] ql.Driver: Created Hive schema: Schema(fieldSchemas:null, properties:null)
2024-04-24T01:29:24,785  INFO [main] metadata.Hive: Dumping metastore api call timing information for : compilation phase
2024-04-24T01:29:24,785  INFO [main] metadata.Hive: Total time spent in each metastore function (ms): {flushCache_()=0, openTxn_(String, TxnType)=3, getValidTxns_(long)=0, isCompatibleWith_(Configuration)=0, commitTxn_(CommitTxnRequest)=17}
2024-04-24T01:29:24,785  INFO [main] ql.Driver: Completed compiling command(queryId=alex_20240424012924_e5ab11ab-dbae-44f0-96d6-4a4ad6975290); Time taken: 0.011 seconds
2024-04-24T01:29:24,786  INFO [main] lockmgr.DbTxnManager: Setting lock request transaction to txnid:3 for queryId=alex_20240424012924_e5ab11ab-dbae-44f0-96d6-4a4ad6975290
2024-04-24T01:29:24,786  INFO [main] ql.Driver: Operation DROPTABLE obtained 0 locks
2024-04-24T01:29:24,786  INFO [main] ql.Driver: Executing command(queryId=alex_20240424012924_e5ab11ab-dbae-44f0-96d6-4a4ad6975290): drop table if exists acidTbl2
2024-04-24T01:29:24,786  INFO [main] ql.Driver: Starting task [Stage-0:DDL] in serial mode
2024-04-24T01:29:24,786  INFO [main] HiveMetaStore.audit: ugi=alex	ip=unknown-ip-addr	cmd=get_table : tbl=hive.default.acidTbl2	
2024-04-24T01:29:24,792  INFO [main] metadata.Hive: Dumping metastore api call timing information for : execution phase
2024-04-24T01:29:24,792  INFO [main] metadata.Hive: Total time spent in each metastore function (ms): {isCompatibleWith_(Configuration)=0}
2024-04-24T01:29:24,792  INFO [main] ql.Driver: Completed executing command(queryId=alex_20240424012924_e5ab11ab-dbae-44f0-96d6-4a4ad6975290); Time taken: 0.005 seconds
2024-04-24T01:29:24,792  INFO [main] lockmgr.DbTxnManager: Stopped heartbeat for query: alex_20240424012924_e5ab11ab-dbae-44f0-96d6-4a4ad6975290
2024-04-24T01:29:24,800  INFO [main] txn.TxnHandler: Expected to move at least one record from txn_components to completed_txn_components when committing txn! txnid:3
2024-04-24T01:29:24,806  INFO [main] txn.TxnHandler: Removed transactions: ([3]) from MIN_HISTORY_LEVEL
2024-04-24T01:29:24,807  WARN [main] txn.CompactionTxnHandler: No compaction queue record found for Compaction type transaction commit. txnId:3
2024-04-24T01:29:24,807  INFO [main] ql.TxnCommandsBaseForTests: Running the query: drop table if exists nonAcidOrcTbl
2024-04-24T01:29:24,807  INFO [main] ql.Driver: Compiling command(queryId=alex_20240424012924_68b34c53-6596-4fce-b959-8a75fed69b84): drop table if exists nonAcidOrcTbl
2024-04-24T01:29:24,810  INFO [main] txn.TxnHandler: Added entries to MIN_HISTORY_LEVEL for current txns: ([4]) with min_open_txn: 1
2024-04-24T01:29:24,810  INFO [main] lockmgr.DbTxnManager: Opened txnid:4
2024-04-24T01:29:24,811  INFO [main] HiveMetaStore.audit: ugi=alex	ip=unknown-ip-addr	cmd=get_table : tbl=hive.default.nonAcidOrcTbl	
2024-04-24T01:29:24,814  INFO [main] ql.Driver: Semantic Analysis Completed (retrial = false)
2024-04-24T01:29:24,814  INFO [main] ql.Driver: Created Hive schema: Schema(fieldSchemas:null, properties:null)
2024-04-24T01:29:24,814  INFO [main] metadata.Hive: Dumping metastore api call timing information for : compilation phase
2024-04-24T01:29:24,814  INFO [main] metadata.Hive: Total time spent in each metastore function (ms): {flushCache_()=0, isCompatibleWith_(Configuration)=0, commitTxn_(CommitTxnRequest)=15, getValidTxns_(long)=1, openTxn_(String, TxnType)=2}
2024-04-24T01:29:24,814  INFO [main] ql.Driver: Completed compiling command(queryId=alex_20240424012924_68b34c53-6596-4fce-b959-8a75fed69b84); Time taken: 0.007 seconds
2024-04-24T01:29:24,815  INFO [main] lockmgr.DbTxnManager: Setting lock request transaction to txnid:4 for queryId=alex_20240424012924_68b34c53-6596-4fce-b959-8a75fed69b84
2024-04-24T01:29:24,815  INFO [main] ql.Driver: Operation DROPTABLE obtained 0 locks
2024-04-24T01:29:24,815  INFO [main] ql.Driver: Executing command(queryId=alex_20240424012924_68b34c53-6596-4fce-b959-8a75fed69b84): drop table if exists nonAcidOrcTbl
2024-04-24T01:29:24,815  INFO [main] ql.Driver: Starting task [Stage-0:DDL] in serial mode
2024-04-24T01:29:24,815  INFO [main] HiveMetaStore.audit: ugi=alex	ip=unknown-ip-addr	cmd=get_table : tbl=hive.default.nonAcidOrcTbl	
2024-04-24T01:29:24,818  INFO [main] metadata.Hive: Dumping metastore api call timing information for : execution phase
2024-04-24T01:29:24,818  INFO [main] metadata.Hive: Total time spent in each metastore function (ms): {isCompatibleWith_(Configuration)=0}
2024-04-24T01:29:24,818  INFO [main] ql.Driver: Completed executing command(queryId=alex_20240424012924_68b34c53-6596-4fce-b959-8a75fed69b84); Time taken: 0.003 seconds
2024-04-24T01:29:24,818  INFO [main] lockmgr.DbTxnManager: Stopped heartbeat for query: alex_20240424012924_68b34c53-6596-4fce-b959-8a75fed69b84
2024-04-24T01:29:24,824  INFO [main] txn.TxnHandler: Expected to move at least one record from txn_components to completed_txn_components when committing txn! txnid:4
2024-04-24T01:29:24,830  INFO [main] txn.TxnHandler: Removed transactions: ([4]) from MIN_HISTORY_LEVEL
2024-04-24T01:29:24,831  WARN [main] txn.CompactionTxnHandler: No compaction queue record found for Compaction type transaction commit. txnId:4
2024-04-24T01:29:24,831  INFO [main] ql.TxnCommandsBaseForTests: Running the query: drop table if exists nonAcidOrcTbl2
2024-04-24T01:29:24,832  INFO [main] ql.Driver: Compiling command(queryId=alex_20240424012924_fa38fc95-d702-419b-9be3-21280e226cbb): drop table if exists nonAcidOrcTbl2
2024-04-24T01:29:24,834  INFO [main] txn.TxnHandler: Added entries to MIN_HISTORY_LEVEL for current txns: ([5]) with min_open_txn: 1
2024-04-24T01:29:24,834  INFO [main] lockmgr.DbTxnManager: Opened txnid:5
2024-04-24T01:29:24,835  INFO [main] HiveMetaStore.audit: ugi=alex	ip=unknown-ip-addr	cmd=get_table : tbl=hive.default.nonAcidOrcTbl2	
2024-04-24T01:29:24,838  INFO [main] ql.Driver: Semantic Analysis Completed (retrial = false)
2024-04-24T01:29:24,838  INFO [main] ql.Driver: Created Hive schema: Schema(fieldSchemas:null, properties:null)
2024-04-24T01:29:24,838  INFO [main] metadata.Hive: Dumping metastore api call timing information for : compilation phase
2024-04-24T01:29:24,838  INFO [main] metadata.Hive: Total time spent in each metastore function (ms): {flushCache_()=0, getValidTxns_(long)=1, commitTxn_(CommitTxnRequest)=12, isCompatibleWith_(Configuration)=0, openTxn_(String, TxnType)=2}
2024-04-24T01:29:24,838  INFO [main] ql.Driver: Completed compiling command(queryId=alex_20240424012924_fa38fc95-d702-419b-9be3-21280e226cbb); Time taken: 0.006 seconds
2024-04-24T01:29:24,839  INFO [main] lockmgr.DbTxnManager: Setting lock request transaction to txnid:5 for queryId=alex_20240424012924_fa38fc95-d702-419b-9be3-21280e226cbb
2024-04-24T01:29:24,839  INFO [main] ql.Driver: Operation DROPTABLE obtained 0 locks
2024-04-24T01:29:24,839  INFO [main] ql.Driver: Executing command(queryId=alex_20240424012924_fa38fc95-d702-419b-9be3-21280e226cbb): drop table if exists nonAcidOrcTbl2
2024-04-24T01:29:24,839  INFO [main] ql.Driver: Starting task [Stage-0:DDL] in serial mode
2024-04-24T01:29:24,839  INFO [main] HiveMetaStore.audit: ugi=alex	ip=unknown-ip-addr	cmd=get_table : tbl=hive.default.nonAcidOrcTbl2	
2024-04-24T01:29:24,842  INFO [main] metadata.Hive: Dumping metastore api call timing information for : execution phase
2024-04-24T01:29:24,842  INFO [main] metadata.Hive: Total time spent in each metastore function (ms): {isCompatibleWith_(Configuration)=0}
2024-04-24T01:29:24,843  INFO [main] ql.Driver: Completed executing command(queryId=alex_20240424012924_fa38fc95-d702-419b-9be3-21280e226cbb); Time taken: 0.003 seconds
2024-04-24T01:29:24,843  INFO [main] lockmgr.DbTxnManager: Stopped heartbeat for query: alex_20240424012924_fa38fc95-d702-419b-9be3-21280e226cbb
2024-04-24T01:29:24,848  INFO [main] txn.TxnHandler: Expected to move at least one record from txn_components to completed_txn_components when committing txn! txnid:5
2024-04-24T01:29:24,857  INFO [main] txn.TxnHandler: Removed transactions: ([5]) from MIN_HISTORY_LEVEL
2024-04-24T01:29:24,857  WARN [main] txn.CompactionTxnHandler: No compaction queue record found for Compaction type transaction commit. txnId:5
2024-04-24T01:29:24,858  INFO [main] ql.TxnCommandsBaseForTests: Running the query: drop table if exists nonAcidNonBucket
2024-04-24T01:29:24,858  INFO [main] ql.Driver: Compiling command(queryId=alex_20240424012924_e342b6da-829c-4057-bf23-4a2c46e873d0): drop table if exists nonAcidNonBucket
2024-04-24T01:29:24,862  INFO [main] txn.TxnHandler: Added entries to MIN_HISTORY_LEVEL for current txns: ([6]) with min_open_txn: 1
2024-04-24T01:29:24,862  INFO [main] lockmgr.DbTxnManager: Opened txnid:6
2024-04-24T01:29:24,863  INFO [main] HiveMetaStore.audit: ugi=alex	ip=unknown-ip-addr	cmd=get_table : tbl=hive.default.nonAcidNonBucket	
2024-04-24T01:29:24,868  INFO [main] ql.Driver: Semantic Analysis Completed (retrial = false)
2024-04-24T01:29:24,868  INFO [main] ql.Driver: Created Hive schema: Schema(fieldSchemas:null, properties:null)
2024-04-24T01:29:24,869  INFO [main] metadata.Hive: Dumping metastore api call timing information for : compilation phase
2024-04-24T01:29:24,869  INFO [main] metadata.Hive: Total time spent in each metastore function (ms): {openTxn_(String, TxnType)=3, flushCache_()=0, commitTxn_(CommitTxnRequest)=14, getValidTxns_(long)=0, isCompatibleWith_(Configuration)=1}
2024-04-24T01:29:24,869  INFO [main] ql.Driver: Completed compiling command(queryId=alex_20240424012924_e342b6da-829c-4057-bf23-4a2c46e873d0); Time taken: 0.011 seconds
2024-04-24T01:29:24,869  INFO [main] lockmgr.DbTxnManager: Setting lock request transaction to txnid:6 for queryId=alex_20240424012924_e342b6da-829c-4057-bf23-4a2c46e873d0
2024-04-24T01:29:24,869  INFO [main] ql.Driver: Operation DROPTABLE obtained 0 locks
2024-04-24T01:29:24,869  INFO [main] ql.Driver: Executing command(queryId=alex_20240424012924_e342b6da-829c-4057-bf23-4a2c46e873d0): drop table if exists nonAcidNonBucket
2024-04-24T01:29:24,870  INFO [main] ql.Driver: Starting task [Stage-0:DDL] in serial mode
2024-04-24T01:29:24,870  INFO [main] HiveMetaStore.audit: ugi=alex	ip=unknown-ip-addr	cmd=get_table : tbl=hive.default.nonAcidNonBucket	
2024-04-24T01:29:24,875  INFO [main] metadata.Hive: Dumping metastore api call timing information for : execution phase
2024-04-24T01:29:24,875  INFO [main] metadata.Hive: Total time spent in each metastore function (ms): {isCompatibleWith_(Configuration)=0}
2024-04-24T01:29:24,876  INFO [main] ql.Driver: Completed executing command(queryId=alex_20240424012924_e342b6da-829c-4057-bf23-4a2c46e873d0); Time taken: 0.006 seconds
2024-04-24T01:29:24,876  INFO [main] lockmgr.DbTxnManager: Stopped heartbeat for query: alex_20240424012924_e342b6da-829c-4057-bf23-4a2c46e873d0
2024-04-24T01:29:24,883  INFO [main] txn.TxnHandler: Expected to move at least one record from txn_components to completed_txn_components when committing txn! txnid:6
2024-04-24T01:29:24,890  INFO [main] txn.TxnHandler: Removed transactions: ([6]) from MIN_HISTORY_LEVEL
2024-04-24T01:29:24,890  WARN [main] txn.CompactionTxnHandler: No compaction queue record found for Compaction type transaction commit. txnId:6
2024-04-24T01:29:24,891  INFO [main] ql.TxnCommandsBaseForTests: Running the query: create table acidTbl(a int, b int) clustered by (a) into 2 buckets stored as orc TBLPROPERTIES ('transactional'='true')
2024-04-24T01:29:24,891  INFO [main] ql.Driver: Compiling command(queryId=alex_20240424012924_93572084-9bd4-4ed6-8c20-44ff1a627cff): create table acidTbl(a int, b int) clustered by (a) into 2 buckets stored as orc TBLPROPERTIES ('transactional'='true')
2024-04-24T01:29:24,894  INFO [main] txn.TxnHandler: Added entries to MIN_HISTORY_LEVEL for current txns: ([7]) with min_open_txn: 1
2024-04-24T01:29:24,895  INFO [main] lockmgr.DbTxnManager: Opened txnid:7
2024-04-24T01:29:24,902  INFO [main] HiveMetaStore.audit: ugi=alex	ip=unknown-ip-addr	cmd=get_database: default	
2024-04-24T01:29:24,904  INFO [main] ql.Driver: Semantic Analysis Completed (retrial = false)
2024-04-24T01:29:24,904  INFO [main] ql.Driver: Created Hive schema: Schema(fieldSchemas:null, properties:null)
2024-04-24T01:29:24,904  INFO [main] metadata.Hive: Dumping metastore api call timing information for : compilation phase
2024-04-24T01:29:24,904  INFO [main] metadata.Hive: Total time spent in each metastore function (ms): {openTxn_(String, TxnType)=3, getValidTxns_(long)=0, getValidWriteIds_(List, String)=6, flushCache_()=0, commitTxn_(CommitTxnRequest)=14, getDatabase_(String)=2, isCompatibleWith_(Configuration)=0}
2024-04-24T01:29:24,904  INFO [main] ql.Driver: Completed compiling command(queryId=alex_20240424012924_93572084-9bd4-4ed6-8c20-44ff1a627cff); Time taken: 0.013 seconds
2024-04-24T01:29:24,904  INFO [main] lockmgr.DbTxnManager: Setting lock request transaction to txnid:7 for queryId=alex_20240424012924_93572084-9bd4-4ed6-8c20-44ff1a627cff
2024-04-24T01:29:24,905  INFO [main] lockmgr.DbLockManager: Requesting lock for queryId=alex_20240424012924_93572084-9bd4-4ed6-8c20-44ff1a627cff
2024-04-24T01:29:24,924  INFO [main] lockmgr.DbLockManager: Response to queryId=alex_20240424012924_93572084-9bd4-4ed6-8c20-44ff1a627cff LockResponse(lockid:1, state:ACQUIRED)
2024-04-24T01:29:24,924  INFO [main] ql.Driver: Operation CREATETABLE obtained 1 locks
2024-04-24T01:29:24,925  INFO [main] ql.Driver: Executing command(queryId=alex_20240424012924_93572084-9bd4-4ed6-8c20-44ff1a627cff): create table acidTbl(a int, b int) clustered by (a) into 2 buckets stored as orc TBLPROPERTIES ('transactional'='true')
2024-04-24T01:29:24,925  INFO [main] ql.Driver: Starting task [Stage-0:DDL] in serial mode
2024-04-24T01:29:24,926  INFO [main] HiveMetaStore.audit: ugi=alex	ip=unknown-ip-addr	cmd=create_table_req: Table(tableName:acidTbl, dbName:default, owner:alex, createTime:1713947364, lastAccessTime:0, retention:0, sd:StorageDescriptor(cols:[FieldSchema(name:a, type:int, comment:null), FieldSchema(name:b, type:int, comment:null)], location:null, inputFormat:org.apache.hadoop.hive.ql.io.orc.OrcInputFormat, outputFormat:org.apache.hadoop.hive.ql.io.orc.OrcOutputFormat, compressed:false, numBuckets:2, serdeInfo:SerDeInfo(name:null, serializationLib:org.apache.hadoop.hive.ql.io.orc.OrcSerde, parameters:{serialization.format=1}), bucketCols:[a], sortCols:[], parameters:{}, skewedInfo:SkewedInfo(skewedColNames:[], skewedColValues:[], skewedColValueLocationMaps:{}), storedAsSubDirectories:false), partitionKeys:[], parameters:{bucketing_version=2, rawDataSize=0, totalSize=0, transactional=true, numFiles=0, numFilesErasureCoded=0, numRows=0, COLUMN_STATS_ACCURATE={"BASIC_STATS":"true","COLUMN_STATS":{"a":"true","b":"true"}}}, viewOriginalText:null, viewExpandedText:null, tableType:MANAGED_TABLE, privileges:PrincipalPrivilegeSet(userPrivileges:{alex=[PrivilegeGrantInfo(privilege:INSERT, createTime:-1, grantor:alex, grantorType:USER, grantOption:true), PrivilegeGrantInfo(privilege:SELECT, createTime:-1, grantor:alex, grantorType:USER, grantOption:true), PrivilegeGrantInfo(privilege:UPDATE, createTime:-1, grantor:alex, grantorType:USER, grantOption:true), PrivilegeGrantInfo(privilege:DELETE, createTime:-1, grantor:alex, grantorType:USER, grantOption:true)]}, groupPrivileges:null, rolePrivileges:null), temporary:false, catName:hive, ownerType:USER, writeId:0)	
2024-04-24T01:29:24,932  INFO [main] utils.FileUtils: Creating directory if it doesn't exist: file:/home/alex/Repositories/hive/ql/target/tmp/org.apache.hadoop.hive.ql.util.TestHiveStrictManagedMigration-1713947339080/warehouse/acidtbl
2024-04-24T01:29:24,988  INFO [main] metadata.Hive: Dumping metastore api call timing information for : execution phase
2024-04-24T01:29:24,988  INFO [main] metadata.Hive: Total time spent in each metastore function (ms): {createTable_(Table)=62, isCompatibleWith_(Configuration)=0}
2024-04-24T01:29:24,988  INFO [main] ql.Driver: Completed executing command(queryId=alex_20240424012924_93572084-9bd4-4ed6-8c20-44ff1a627cff); Time taken: 0.063 seconds
2024-04-24T01:29:24,988  INFO [main] lockmgr.DbTxnManager: Stopped heartbeat for query: alex_20240424012924_93572084-9bd4-4ed6-8c20-44ff1a627cff
2024-04-24T01:29:24,995  INFO [main] txn.TxnHandler: Expected to move at least one record from txn_components to completed_txn_components when committing txn! txnid:7
2024-04-24T01:29:25,004  INFO [main] txn.TxnHandler: Removed transactions: ([7]) from MIN_HISTORY_LEVEL
2024-04-24T01:29:25,004  WARN [main] txn.CompactionTxnHandler: No compaction queue record found for Compaction type transaction commit. txnId:7
2024-04-24T01:29:25,005  INFO [main] ql.TxnCommandsBaseForTests: Running the query: create table acidTblPart(a int, b int) partitioned by (p string) clustered by (a) into 2 buckets stored as orc TBLPROPERTIES ('transactional'='true')
2024-04-24T01:29:25,005  INFO [main] ql.Driver: Compiling command(queryId=alex_20240424012925_a007c7eb-8de0-4745-9531-c7e674327958): create table acidTblPart(a int, b int) partitioned by (p string) clustered by (a) into 2 buckets stored as orc TBLPROPERTIES ('transactional'='true')
2024-04-24T01:29:25,009  INFO [main] txn.TxnHandler: Added entries to MIN_HISTORY_LEVEL for current txns: ([8]) with min_open_txn: 1
2024-04-24T01:29:25,010  INFO [main] lockmgr.DbTxnManager: Opened txnid:8
2024-04-24T01:29:25,014  INFO [main] HiveMetaStore.audit: ugi=alex	ip=unknown-ip-addr	cmd=get_database: default	
2024-04-24T01:29:25,017  INFO [main] ql.Driver: Semantic Analysis Completed (retrial = false)
2024-04-24T01:29:25,017  INFO [main] ql.Driver: Created Hive schema: Schema(fieldSchemas:null, properties:null)
2024-04-24T01:29:25,017  INFO [main] metadata.Hive: Dumping metastore api call timing information for : compilation phase
2024-04-24T01:29:25,018  INFO [main] metadata.Hive: Total time spent in each metastore function (ms): {commitTxn_(CommitTxnRequest)=16, getValidTxns_(long)=0, getValidWriteIds_(List, String)=3, getDatabase_(String)=3, flushCache_()=0, openTxn_(String, TxnType)=3, isCompatibleWith_(Configuration)=1}
2024-04-24T01:29:25,018  INFO [main] ql.Driver: Completed compiling command(queryId=alex_20240424012925_a007c7eb-8de0-4745-9531-c7e674327958); Time taken: 0.012 seconds
2024-04-24T01:29:25,018  INFO [main] lockmgr.DbTxnManager: Setting lock request transaction to txnid:8 for queryId=alex_20240424012925_a007c7eb-8de0-4745-9531-c7e674327958
2024-04-24T01:29:25,018  INFO [main] lockmgr.DbLockManager: Requesting lock for queryId=alex_20240424012925_a007c7eb-8de0-4745-9531-c7e674327958
2024-04-24T01:29:25,042  INFO [main] lockmgr.DbLockManager: Response to queryId=alex_20240424012925_a007c7eb-8de0-4745-9531-c7e674327958 LockResponse(lockid:2, state:ACQUIRED)
2024-04-24T01:29:25,042  INFO [main] ql.Driver: Operation CREATETABLE obtained 1 locks
2024-04-24T01:29:25,043  INFO [main] ql.Driver: Executing command(queryId=alex_20240424012925_a007c7eb-8de0-4745-9531-c7e674327958): create table acidTblPart(a int, b int) partitioned by (p string) clustered by (a) into 2 buckets stored as orc TBLPROPERTIES ('transactional'='true')
2024-04-24T01:29:25,043  INFO [main] ql.Driver: Starting task [Stage-0:DDL] in serial mode
2024-04-24T01:29:25,044  INFO [main] HiveMetaStore.audit: ugi=alex	ip=unknown-ip-addr	cmd=create_table_req: Table(tableName:acidTblPart, dbName:default, owner:alex, createTime:1713947365, lastAccessTime:0, retention:0, sd:StorageDescriptor(cols:[FieldSchema(name:a, type:int, comment:null), FieldSchema(name:b, type:int, comment:null)], location:null, inputFormat:org.apache.hadoop.hive.ql.io.orc.OrcInputFormat, outputFormat:org.apache.hadoop.hive.ql.io.orc.OrcOutputFormat, compressed:false, numBuckets:2, serdeInfo:SerDeInfo(name:null, serializationLib:org.apache.hadoop.hive.ql.io.orc.OrcSerde, parameters:{serialization.format=1}), bucketCols:[a], sortCols:[], parameters:{}, skewedInfo:SkewedInfo(skewedColNames:[], skewedColValues:[], skewedColValueLocationMaps:{}), storedAsSubDirectories:false), partitionKeys:[FieldSchema(name:p, type:string, comment:null)], parameters:{transactional=true, bucketing_version=2}, viewOriginalText:null, viewExpandedText:null, tableType:MANAGED_TABLE, privileges:PrincipalPrivilegeSet(userPrivileges:{alex=[PrivilegeGrantInfo(privilege:INSERT, createTime:-1, grantor:alex, grantorType:USER, grantOption:true), PrivilegeGrantInfo(privilege:SELECT, createTime:-1, grantor:alex, grantorType:USER, grantOption:true), PrivilegeGrantInfo(privilege:UPDATE, createTime:-1, grantor:alex, grantorType:USER, grantOption:true), PrivilegeGrantInfo(privilege:DELETE, createTime:-1, grantor:alex, grantorType:USER, grantOption:true)]}, groupPrivileges:null, rolePrivileges:null), temporary:false, catName:hive, ownerType:USER, writeId:0)	
2024-04-24T01:29:25,054  INFO [main] utils.FileUtils: Creating directory if it doesn't exist: file:/home/alex/Repositories/hive/ql/target/tmp/org.apache.hadoop.hive.ql.util.TestHiveStrictManagedMigration-1713947339080/warehouse/acidtblpart
2024-04-24T01:29:25,086  INFO [main] metadata.Hive: Dumping metastore api call timing information for : execution phase
2024-04-24T01:29:25,086  INFO [main] metadata.Hive: Total time spent in each metastore function (ms): {isCompatibleWith_(Configuration)=0, createTable_(Table)=41}
2024-04-24T01:29:25,086  INFO [main] ql.Driver: Completed executing command(queryId=alex_20240424012925_a007c7eb-8de0-4745-9531-c7e674327958); Time taken: 0.042 seconds
2024-04-24T01:29:25,086  INFO [main] lockmgr.DbTxnManager: Stopped heartbeat for query: alex_20240424012925_a007c7eb-8de0-4745-9531-c7e674327958
2024-04-24T01:29:25,091  INFO [main] txn.TxnHandler: Expected to move at least one record from txn_components to completed_txn_components when committing txn! txnid:8
2024-04-24T01:29:25,098  INFO [main] txn.TxnHandler: Removed transactions: ([8]) from MIN_HISTORY_LEVEL
2024-04-24T01:29:25,098  WARN [main] txn.CompactionTxnHandler: No compaction queue record found for Compaction type transaction commit. txnId:8
2024-04-24T01:29:25,098  INFO [main] ql.TxnCommandsBaseForTests: Running the query: create table nonAcidOrcTbl(a int, b int) clustered by (a) into 2 buckets stored as orc TBLPROPERTIES ('transactional'='false')
2024-04-24T01:29:25,099  INFO [main] ql.Driver: Compiling command(queryId=alex_20240424012925_9ed60280-30a0-4d97-9023-c55a409a8109): create table nonAcidOrcTbl(a int, b int) clustered by (a) into 2 buckets stored as orc TBLPROPERTIES ('transactional'='false')
2024-04-24T01:29:25,102  INFO [main] txn.TxnHandler: Added entries to MIN_HISTORY_LEVEL for current txns: ([9]) with min_open_txn: 1
2024-04-24T01:29:25,102  INFO [main] lockmgr.DbTxnManager: Opened txnid:9
2024-04-24T01:29:25,106  INFO [main] HiveMetaStore.audit: ugi=alex	ip=unknown-ip-addr	cmd=get_database: default	
2024-04-24T01:29:25,108  INFO [main] ql.Driver: Semantic Analysis Completed (retrial = false)
2024-04-24T01:29:25,108  INFO [main] ql.Driver: Created Hive schema: Schema(fieldSchemas:null, properties:null)
2024-04-24T01:29:25,108  INFO [main] metadata.Hive: Dumping metastore api call timing information for : compilation phase
2024-04-24T01:29:25,108  INFO [main] metadata.Hive: Total time spent in each metastore function (ms): {flushCache_()=0, getDatabase_(String)=2, isCompatibleWith_(Configuration)=0, getValidTxns_(long)=1, getValidWriteIds_(List, String)=3, openTxn_(String, TxnType)=3, commitTxn_(CommitTxnRequest)=12}
2024-04-24T01:29:25,109  INFO [main] ql.Driver: Completed compiling command(queryId=alex_20240424012925_9ed60280-30a0-4d97-9023-c55a409a8109); Time taken: 0.009 seconds
2024-04-24T01:29:25,109  INFO [main] lockmgr.DbTxnManager: Setting lock request transaction to txnid:9 for queryId=alex_20240424012925_9ed60280-30a0-4d97-9023-c55a409a8109
2024-04-24T01:29:25,109  INFO [main] lockmgr.DbLockManager: Requesting lock for queryId=alex_20240424012925_9ed60280-30a0-4d97-9023-c55a409a8109
2024-04-24T01:29:25,126  INFO [main] lockmgr.DbLockManager: Response to queryId=alex_20240424012925_9ed60280-30a0-4d97-9023-c55a409a8109 LockResponse(lockid:3, state:ACQUIRED)
2024-04-24T01:29:25,126  INFO [main] ql.Driver: Operation CREATETABLE obtained 1 locks
2024-04-24T01:29:25,126  INFO [main] ql.Driver: Executing command(queryId=alex_20240424012925_9ed60280-30a0-4d97-9023-c55a409a8109): create table nonAcidOrcTbl(a int, b int) clustered by (a) into 2 buckets stored as orc TBLPROPERTIES ('transactional'='false')
2024-04-24T01:29:25,127  INFO [main] ql.Driver: Starting task [Stage-0:DDL] in serial mode
2024-04-24T01:29:25,127  INFO [main] HiveMetaStore.audit: ugi=alex	ip=unknown-ip-addr	cmd=create_table_req: Table(tableName:nonAcidOrcTbl, dbName:default, owner:alex, createTime:1713947365, lastAccessTime:0, retention:0, sd:StorageDescriptor(cols:[FieldSchema(name:a, type:int, comment:null), FieldSchema(name:b, type:int, comment:null)], location:null, inputFormat:org.apache.hadoop.hive.ql.io.orc.OrcInputFormat, outputFormat:org.apache.hadoop.hive.ql.io.orc.OrcOutputFormat, compressed:false, numBuckets:2, serdeInfo:SerDeInfo(name:null, serializationLib:org.apache.hadoop.hive.ql.io.orc.OrcSerde, parameters:{serialization.format=1}), bucketCols:[a], sortCols:[], parameters:{}, skewedInfo:SkewedInfo(skewedColNames:[], skewedColValues:[], skewedColValueLocationMaps:{}), storedAsSubDirectories:false), partitionKeys:[], parameters:{numFilesErasureCoded=0, totalSize=0, bucketing_version=2, numFiles=0, rawDataSize=0, COLUMN_STATS_ACCURATE={"BASIC_STATS":"true","COLUMN_STATS":{"a":"true","b":"true"}}, numRows=0, transactional=false}, viewOriginalText:null, viewExpandedText:null, tableType:MANAGED_TABLE, privileges:PrincipalPrivilegeSet(userPrivileges:{alex=[PrivilegeGrantInfo(privilege:INSERT, createTime:-1, grantor:alex, grantorType:USER, grantOption:true), PrivilegeGrantInfo(privilege:SELECT, createTime:-1, grantor:alex, grantorType:USER, grantOption:true), PrivilegeGrantInfo(privilege:UPDATE, createTime:-1, grantor:alex, grantorType:USER, grantOption:true), PrivilegeGrantInfo(privilege:DELETE, createTime:-1, grantor:alex, grantorType:USER, grantOption:true)]}, groupPrivileges:null, rolePrivileges:null), temporary:false, catName:hive, ownerType:USER)	
2024-04-24T01:29:25,131  WARN [main] metastore.HMSHandler: create_table_req got 
org.apache.hadoop.hive.metastore.api.MetaException: Table default.nonAcidOrcTbl failed strict managed table checks due to the following reason: Table is marked as a managed table but is not transactional.
	at org.apache.hadoop.hive.metastore.utils.HiveStrictManagedUtils.validateStrictManagedTableWithThrow(HiveStrictManagedUtils.java:33) ~[classes/:?]
	at org.apache.hadoop.hive.metastore.TransactionalValidationListener.handle(TransactionalValidationListener.java:92) ~[classes/:?]
	at org.apache.hadoop.hive.metastore.TransactionalValidationListener.onEvent(TransactionalValidationListener.java:72) ~[classes/:?]
	at org.apache.hadoop.hive.metastore.HMSHandler.firePreEvent(HMSHandler.java:4033) ~[classes/:?]
	at org.apache.hadoop.hive.metastore.HMSHandler.create_table_core(HMSHandler.java:2392) ~[classes/:?]
	at org.apache.hadoop.hive.metastore.HMSHandler.create_table_req(HMSHandler.java:2598) ~[classes/:?]
	at sun.reflect.GeneratedMethodAccessor105.invoke(Unknown Source) ~[?:?]
	at sun.reflect.DelegatingMethodAccessorImpl.invoke(DelegatingMethodAccessorImpl.java:43) ~[?:1.8.0_402]
	at java.lang.reflect.Method.invoke(Method.java:498) ~[?:1.8.0_402]
	at org.apache.hadoop.hive.metastore.RetryingHMSHandler.invokeInternal(RetryingHMSHandler.java:147) ~[classes/:?]
	at org.apache.hadoop.hive.metastore.RetryingHMSHandler.invoke(RetryingHMSHandler.java:108) ~[classes/:?]
	at com.sun.proxy.$Proxy39.create_table_req(Unknown Source) ~[?:?]
	at org.apache.hadoop.hive.metastore.HiveMetaStoreClient.create_table_with_environment_context(HiveMetaStoreClient.java:4408) ~[classes/:?]
	at org.apache.hadoop.hive.ql.metadata.SessionHiveMetaStoreClient.create_table_with_environment_context(SessionHiveMetaStoreClient.java:182) ~[classes/:?]
	at org.apache.hadoop.hive.metastore.HiveMetaStoreClient.createTable(HiveMetaStoreClient.java:1260) ~[classes/:?]
	at org.apache.hadoop.hive.metastore.HiveMetaStoreClient.createTable(HiveMetaStoreClient.java:1245) ~[classes/:?]
	at sun.reflect.GeneratedMethodAccessor104.invoke(Unknown Source) ~[?:?]
	at sun.reflect.DelegatingMethodAccessorImpl.invoke(DelegatingMethodAccessorImpl.java:43) ~[?:1.8.0_402]
	at java.lang.reflect.Method.invoke(Method.java:498) ~[?:1.8.0_402]
	at org.apache.hadoop.hive.metastore.RetryingMetaStoreClient.invoke(RetryingMetaStoreClient.java:218) ~[classes/:?]
	at com.sun.proxy.$Proxy40.createTable(Unknown Source) ~[?:?]
	at org.apache.hadoop.hive.ql.metadata.Hive.createTable(Hive.java:1290) ~[classes/:?]
	at org.apache.hadoop.hive.ql.metadata.Hive.createTable(Hive.java:1306) ~[classes/:?]
	at org.apache.hadoop.hive.ql.ddl.table.create.CreateTableOperation.createTableNonReplaceMode(CreateTableOperation.java:140) ~[classes/:?]
	at org.apache.hadoop.hive.ql.ddl.table.create.CreateTableOperation.execute(CreateTableOperation.java:98) ~[classes/:?]
	at org.apache.hadoop.hive.ql.ddl.DDLTask.execute(DDLTask.java:84) ~[classes/:?]
	at org.apache.hadoop.hive.ql.exec.Task.executeTask(Task.java:212) ~[classes/:?]
	at org.apache.hadoop.hive.ql.exec.TaskRunner.runSequential(TaskRunner.java:105) ~[classes/:?]
	at org.apache.hadoop.hive.ql.Executor.launchTask(Executor.java:361) ~[classes/:?]
	at org.apache.hadoop.hive.ql.Executor.launchTasks(Executor.java:334) ~[classes/:?]
	at org.apache.hadoop.hive.ql.Executor.runTasks(Executor.java:245) ~[classes/:?]
	at org.apache.hadoop.hive.ql.Executor.execute(Executor.java:108) ~[classes/:?]
	at org.apache.hadoop.hive.ql.Driver.execute(Driver.java:348) ~[classes/:?]
	at org.apache.hadoop.hive.ql.Driver.runInternal(Driver.java:204) ~[classes/:?]
	at org.apache.hadoop.hive.ql.Driver.run(Driver.java:153) ~[classes/:?]
	at org.apache.hadoop.hive.ql.Driver.run(Driver.java:140) ~[classes/:?]
	at org.apache.hadoop.hive.ql.TxnCommandsBaseForTests.runStatementOnDriver(TxnCommandsBaseForTests.java:245) ~[test-classes/:?]
	at org.apache.hadoop.hive.ql.TxnCommandsBaseForTests.setUpInternal(TxnCommandsBaseForTests.java:144) ~[test-classes/:?]
	at org.apache.hadoop.hive.ql.TxnCommandsBaseForTests.setUp(TxnCommandsBaseForTests.java:94) ~[test-classes/:?]
	at sun.reflect.NativeMethodAccessorImpl.invoke0(Native Method) ~[?:1.8.0_402]
	at sun.reflect.NativeMethodAccessorImpl.invoke(NativeMethodAccessorImpl.java:62) ~[?:1.8.0_402]
	at sun.reflect.DelegatingMethodAccessorImpl.invoke(DelegatingMethodAccessorImpl.java:43) ~[?:1.8.0_402]
	at java.lang.reflect.Method.invoke(Method.java:498) ~[?:1.8.0_402]
	at org.junit.runners.model.FrameworkMethod$1.runReflectiveCall(FrameworkMethod.java:59) ~[junit-4.13.jar:4.13]
	at org.junit.internal.runners.model.ReflectiveCallable.run(ReflectiveCallable.java:12) ~[junit-4.13.jar:4.13]
	at org.junit.runners.model.FrameworkMethod.invokeExplosively(FrameworkMethod.java:56) ~[junit-4.13.jar:4.13]
	at org.junit.internal.runners.statements.RunBefores.invokeMethod(RunBefores.java:33) ~[junit-4.13.jar:4.13]
	at org.junit.internal.runners.statements.RunBefores.evaluate(RunBefores.java:24) ~[junit-4.13.jar:4.13]
	at org.junit.internal.runners.statements.RunAfters.evaluate(RunAfters.java:27) ~[junit-4.13.jar:4.13]
	at org.junit.rules.TestWatcher$1.evaluate(TestWatcher.java:61) ~[junit-4.13.jar:4.13]
	at org.junit.runners.ParentRunner$3.evaluate(ParentRunner.java:306) ~[junit-4.13.jar:4.13]
	at org.junit.runners.BlockJUnit4ClassRunner$1.evaluate(BlockJUnit4ClassRunner.java:100) ~[junit-4.13.jar:4.13]
	at org.junit.runners.ParentRunner.runLeaf(ParentRunner.java:366) ~[junit-4.13.jar:4.13]
	at org.junit.runners.BlockJUnit4ClassRunner.runChild(BlockJUnit4ClassRunner.java:103) ~[junit-4.13.jar:4.13]
	at org.junit.runners.BlockJUnit4ClassRunner.runChild(BlockJUnit4ClassRunner.java:63) ~[junit-4.13.jar:4.13]
	at org.junit.runners.ParentRunner$4.run(ParentRunner.java:331) ~[junit-4.13.jar:4.13]
	at org.junit.runners.ParentRunner$1.schedule(ParentRunner.java:79) ~[junit-4.13.jar:4.13]
	at org.junit.runners.ParentRunner.runChildren(ParentRunner.java:329) ~[junit-4.13.jar:4.13]
	at org.junit.runners.ParentRunner.access$100(ParentRunner.java:66) ~[junit-4.13.jar:4.13]
	at org.junit.runners.ParentRunner$2.evaluate(ParentRunner.java:293) ~[junit-4.13.jar:4.13]
	at org.junit.runners.ParentRunner$3.evaluate(ParentRunner.java:306) ~[junit-4.13.jar:4.13]
	at org.junit.runners.ParentRunner.run(ParentRunner.java:413) ~[junit-4.13.jar:4.13]
	at org.junit.runner.JUnitCore.run(JUnitCore.java:137) ~[junit-4.13.jar:4.13]
	at org.junit.runner.JUnitCore.run(JUnitCore.java:115) ~[junit-4.13.jar:4.13]
	at org.junit.vintage.engine.execution.RunnerExecutor.execute(RunnerExecutor.java:43) ~[junit-vintage-engine-5.6.2.jar:5.6.2]
	at java.util.stream.ForEachOps$ForEachOp$OfRef.accept(ForEachOps.java:183) ~[?:1.8.0_402]
	at java.util.stream.ReferencePipeline$3$1.accept(ReferencePipeline.java:193) ~[?:1.8.0_402]
	at java.util.Iterator.forEachRemaining(Iterator.java:116) ~[?:1.8.0_402]
	at java.util.Spliterators$IteratorSpliterator.forEachRemaining(Spliterators.java:1801) ~[?:1.8.0_402]
	at java.util.stream.AbstractPipeline.copyInto(AbstractPipeline.java:482) ~[?:1.8.0_402]
	at java.util.stream.AbstractPipeline.wrapAndCopyInto(AbstractPipeline.java:472) ~[?:1.8.0_402]
	at java.util.stream.ForEachOps$ForEachOp.evaluateSequential(ForEachOps.java:150) ~[?:1.8.0_402]
	at java.util.stream.ForEachOps$ForEachOp$OfRef.evaluateSequential(ForEachOps.java:173) ~[?:1.8.0_402]
	at java.util.stream.AbstractPipeline.evaluate(AbstractPipeline.java:234) ~[?:1.8.0_402]
	at java.util.stream.ReferencePipeline.forEach(ReferencePipeline.java:485) ~[?:1.8.0_402]
	at org.junit.vintage.engine.VintageTestEngine.executeAllChildren(VintageTestEngine.java:82) ~[junit-vintage-engine-5.6.2.jar:5.6.2]
	at org.junit.vintage.engine.VintageTestEngine.execute(VintageTestEngine.java:73) ~[junit-vintage-engine-5.6.2.jar:5.6.2]
	at org.junit.platform.launcher.core.DefaultLauncher.execute(DefaultLauncher.java:248) ~[junit-platform-launcher-1.6.2.jar:1.6.2]
	at org.junit.platform.launcher.core.DefaultLauncher.lambda$execute$5(DefaultLauncher.java:211) ~[junit-platform-launcher-1.6.2.jar:1.6.2]
	at org.junit.platform.launcher.core.DefaultLauncher.withInterceptedStreams(DefaultLauncher.java:226) [junit-platform-launcher-1.6.2.jar:1.6.2]
	at org.junit.platform.launcher.core.DefaultLauncher.execute(DefaultLauncher.java:199) [junit-platform-launcher-1.6.2.jar:1.6.2]
	at org.junit.platform.launcher.core.DefaultLauncher.execute(DefaultLauncher.java:132) [junit-platform-launcher-1.6.2.jar:1.6.2]
	at org.apache.maven.surefire.junitplatform.JUnitPlatformProvider.invokeAllTests(JUnitPlatformProvider.java:154) [surefire-junit-platform-3.0.0-M4.jar:3.0.0-M4]
	at org.apache.maven.surefire.junitplatform.JUnitPlatformProvider.invoke(JUnitPlatformProvider.java:123) [surefire-junit-platform-3.0.0-M4.jar:3.0.0-M4]
	at org.apache.maven.surefire.booter.ForkedBooter.runSuitesInProcess(ForkedBooter.java:377) [surefire-booter-3.0.0-M4.jar:3.0.0-M4]
	at org.apache.maven.surefire.booter.ForkedBooter.execute(ForkedBooter.java:138) [surefire-booter-3.0.0-M4.jar:3.0.0-M4]
	at org.apache.maven.surefire.booter.ForkedBooter.run(ForkedBooter.java:465) [surefire-booter-3.0.0-M4.jar:3.0.0-M4]
	at org.apache.maven.surefire.booter.ForkedBooter.main(ForkedBooter.java:451) [surefire-booter-3.0.0-M4.jar:3.0.0-M4]
2024-04-24T01:29:25,134 ERROR [main] metastore.RetryingHMSHandler: MetaException(message:Table default.nonAcidOrcTbl failed strict managed table checks due to the following reason: Table is marked as a managed table but is not transactional.)
	at org.apache.hadoop.hive.metastore.utils.HiveStrictManagedUtils.validateStrictManagedTableWithThrow(HiveStrictManagedUtils.java:33)
	at org.apache.hadoop.hive.metastore.TransactionalValidationListener.handle(TransactionalValidationListener.java:92)
	at org.apache.hadoop.hive.metastore.TransactionalValidationListener.onEvent(TransactionalValidationListener.java:72)
	at org.apache.hadoop.hive.metastore.HMSHandler.firePreEvent(HMSHandler.java:4033)
	at org.apache.hadoop.hive.metastore.HMSHandler.create_table_core(HMSHandler.java:2392)
	at org.apache.hadoop.hive.metastore.HMSHandler.create_table_req(HMSHandler.java:2598)
	at sun.reflect.GeneratedMethodAccessor105.invoke(Unknown Source)
	at sun.reflect.DelegatingMethodAccessorImpl.invoke(DelegatingMethodAccessorImpl.java:43)
	at java.lang.reflect.Method.invoke(Method.java:498)
	at org.apache.hadoop.hive.metastore.RetryingHMSHandler.invokeInternal(RetryingHMSHandler.java:147)
	at org.apache.hadoop.hive.metastore.RetryingHMSHandler.invoke(RetryingHMSHandler.java:108)
	at com.sun.proxy.$Proxy39.create_table_req(Unknown Source)
	at org.apache.hadoop.hive.metastore.HiveMetaStoreClient.create_table_with_environment_context(HiveMetaStoreClient.java:4408)
	at org.apache.hadoop.hive.ql.metadata.SessionHiveMetaStoreClient.create_table_with_environment_context(SessionHiveMetaStoreClient.java:182)
	at org.apache.hadoop.hive.metastore.HiveMetaStoreClient.createTable(HiveMetaStoreClient.java:1260)
	at org.apache.hadoop.hive.metastore.HiveMetaStoreClient.createTable(HiveMetaStoreClient.java:1245)
	at sun.reflect.GeneratedMethodAccessor104.invoke(Unknown Source)
	at sun.reflect.DelegatingMethodAccessorImpl.invoke(DelegatingMethodAccessorImpl.java:43)
	at java.lang.reflect.Method.invoke(Method.java:498)
	at org.apache.hadoop.hive.metastore.RetryingMetaStoreClient.invoke(RetryingMetaStoreClient.java:218)
	at com.sun.proxy.$Proxy40.createTable(Unknown Source)
	at org.apache.hadoop.hive.ql.metadata.Hive.createTable(Hive.java:1290)
	at org.apache.hadoop.hive.ql.metadata.Hive.createTable(Hive.java:1306)
	at org.apache.hadoop.hive.ql.ddl.table.create.CreateTableOperation.createTableNonReplaceMode(CreateTableOperation.java:140)
	at org.apache.hadoop.hive.ql.ddl.table.create.CreateTableOperation.execute(CreateTableOperation.java:98)
	at org.apache.hadoop.hive.ql.ddl.DDLTask.execute(DDLTask.java:84)
	at org.apache.hadoop.hive.ql.exec.Task.executeTask(Task.java:212)
	at org.apache.hadoop.hive.ql.exec.TaskRunner.runSequential(TaskRunner.java:105)
	at org.apache.hadoop.hive.ql.Executor.launchTask(Executor.java:361)
	at org.apache.hadoop.hive.ql.Executor.launchTasks(Executor.java:334)
	at org.apache.hadoop.hive.ql.Executor.runTasks(Executor.java:245)
	at org.apache.hadoop.hive.ql.Executor.execute(Executor.java:108)
	at org.apache.hadoop.hive.ql.Driver.execute(Driver.java:348)
	at org.apache.hadoop.hive.ql.Driver.runInternal(Driver.java:204)
	at org.apache.hadoop.hive.ql.Driver.run(Driver.java:153)
	at org.apache.hadoop.hive.ql.Driver.run(Driver.java:140)
	at org.apache.hadoop.hive.ql.TxnCommandsBaseForTests.runStatementOnDriver(TxnCommandsBaseForTests.java:245)
	at org.apache.hadoop.hive.ql.TxnCommandsBaseForTests.setUpInternal(TxnCommandsBaseForTests.java:144)
	at org.apache.hadoop.hive.ql.TxnCommandsBaseForTests.setUp(TxnCommandsBaseForTests.java:94)
	at sun.reflect.NativeMethodAccessorImpl.invoke0(Native Method)
	at sun.reflect.NativeMethodAccessorImpl.invoke(NativeMethodAccessorImpl.java:62)
	at sun.reflect.DelegatingMethodAccessorImpl.invoke(DelegatingMethodAccessorImpl.java:43)
	at java.lang.reflect.Method.invoke(Method.java:498)
	at org.junit.runners.model.FrameworkMethod$1.runReflectiveCall(FrameworkMethod.java:59)
	at org.junit.internal.runners.model.ReflectiveCallable.run(ReflectiveCallable.java:12)
	at org.junit.runners.model.FrameworkMethod.invokeExplosively(FrameworkMethod.java:56)
	at org.junit.internal.runners.statements.RunBefores.invokeMethod(RunBefores.java:33)
	at org.junit.internal.runners.statements.RunBefores.evaluate(RunBefores.java:24)
	at org.junit.internal.runners.statements.RunAfters.evaluate(RunAfters.java:27)
	at org.junit.rules.TestWatcher$1.evaluate(TestWatcher.java:61)
	at org.junit.runners.ParentRunner$3.evaluate(ParentRunner.java:306)
	at org.junit.runners.BlockJUnit4ClassRunner$1.evaluate(BlockJUnit4ClassRunner.java:100)
	at org.junit.runners.ParentRunner.runLeaf(ParentRunner.java:366)
	at org.junit.runners.BlockJUnit4ClassRunner.runChild(BlockJUnit4ClassRunner.java:103)
	at org.junit.runners.BlockJUnit4ClassRunner.runChild(BlockJUnit4ClassRunner.java:63)
	at org.junit.runners.ParentRunner$4.run(ParentRunner.java:331)
	at org.junit.runners.ParentRunner$1.schedule(ParentRunner.java:79)
	at org.junit.runners.ParentRunner.runChildren(ParentRunner.java:329)
	at org.junit.runners.ParentRunner.access$100(ParentRunner.java:66)
	at org.junit.runners.ParentRunner$2.evaluate(ParentRunner.java:293)
	at org.junit.runners.ParentRunner$3.evaluate(ParentRunner.java:306)
	at org.junit.runners.ParentRunner.run(ParentRunner.java:413)
	at org.junit.runner.JUnitCore.run(JUnitCore.java:137)
	at org.junit.runner.JUnitCore.run(JUnitCore.java:115)
	at org.junit.vintage.engine.execution.RunnerExecutor.execute(RunnerExecutor.java:43)
	at java.util.stream.ForEachOps$ForEachOp$OfRef.accept(ForEachOps.java:183)
	at java.util.stream.ReferencePipeline$3$1.accept(ReferencePipeline.java:193)
	at java.util.Iterator.forEachRemaining(Iterator.java:116)
	at java.util.Spliterators$IteratorSpliterator.forEachRemaining(Spliterators.java:1801)
	at java.util.stream.AbstractPipeline.copyInto(AbstractPipeline.java:482)
	at java.util.stream.AbstractPipeline.wrapAndCopyInto(AbstractPipeline.java:472)
	at java.util.stream.ForEachOps$ForEachOp.evaluateSequential(ForEachOps.java:150)
	at java.util.stream.ForEachOps$ForEachOp$OfRef.evaluateSequential(ForEachOps.java:173)
	at java.util.stream.AbstractPipeline.evaluate(AbstractPipeline.java:234)
	at java.util.stream.ReferencePipeline.forEach(ReferencePipeline.java:485)
	at org.junit.vintage.engine.VintageTestEngine.executeAllChildren(VintageTestEngine.java:82)
	at org.junit.vintage.engine.VintageTestEngine.execute(VintageTestEngine.java:73)
	at org.junit.platform.launcher.core.DefaultLauncher.execute(DefaultLauncher.java:248)
	at org.junit.platform.launcher.core.DefaultLauncher.lambda$execute$5(DefaultLauncher.java:211)
	at org.junit.platform.launcher.core.DefaultLauncher.withInterceptedStreams(DefaultLauncher.java:226)
	at org.junit.platform.launcher.core.DefaultLauncher.execute(DefaultLauncher.java:199)
	at org.junit.platform.launcher.core.DefaultLauncher.execute(DefaultLauncher.java:132)
	at org.apache.maven.surefire.junitplatform.JUnitPlatformProvider.invokeAllTests(JUnitPlatformProvider.java:154)
	at org.apache.maven.surefire.junitplatform.JUnitPlatformProvider.invoke(JUnitPlatformProvider.java:123)
	at org.apache.maven.surefire.booter.ForkedBooter.runSuitesInProcess(ForkedBooter.java:377)
	at org.apache.maven.surefire.booter.ForkedBooter.execute(ForkedBooter.java:138)
	at org.apache.maven.surefire.booter.ForkedBooter.run(ForkedBooter.java:465)
	at org.apache.maven.surefire.booter.ForkedBooter.main(ForkedBooter.java:451)

2024-04-24T01:29:25,135 ERROR [main] exec.Task: Failed
org.apache.hadoop.hive.ql.metadata.HiveException: MetaException(message:Table default.nonAcidOrcTbl failed strict managed table checks due to the following reason: Table is marked as a managed table but is not transactional.)
	at org.apache.hadoop.hive.ql.metadata.Hive.createTable(Hive.java:1301) ~[classes/:?]
	at org.apache.hadoop.hive.ql.metadata.Hive.createTable(Hive.java:1306) ~[classes/:?]
	at org.apache.hadoop.hive.ql.ddl.table.create.CreateTableOperation.createTableNonReplaceMode(CreateTableOperation.java:140) ~[classes/:?]
	at org.apache.hadoop.hive.ql.ddl.table.create.CreateTableOperation.execute(CreateTableOperation.java:98) ~[classes/:?]
	at org.apache.hadoop.hive.ql.ddl.DDLTask.execute(DDLTask.java:84) ~[classes/:?]
	at org.apache.hadoop.hive.ql.exec.Task.executeTask(Task.java:212) ~[classes/:?]
	at org.apache.hadoop.hive.ql.exec.TaskRunner.runSequential(TaskRunner.java:105) ~[classes/:?]
	at org.apache.hadoop.hive.ql.Executor.launchTask(Executor.java:361) ~[classes/:?]
	at org.apache.hadoop.hive.ql.Executor.launchTasks(Executor.java:334) ~[classes/:?]
	at org.apache.hadoop.hive.ql.Executor.runTasks(Executor.java:245) ~[classes/:?]
	at org.apache.hadoop.hive.ql.Executor.execute(Executor.java:108) ~[classes/:?]
	at org.apache.hadoop.hive.ql.Driver.execute(Driver.java:348) ~[classes/:?]
	at org.apache.hadoop.hive.ql.Driver.runInternal(Driver.java:204) ~[classes/:?]
	at org.apache.hadoop.hive.ql.Driver.run(Driver.java:153) ~[classes/:?]
	at org.apache.hadoop.hive.ql.Driver.run(Driver.java:140) ~[classes/:?]
	at org.apache.hadoop.hive.ql.TxnCommandsBaseForTests.runStatementOnDriver(TxnCommandsBaseForTests.java:245) ~[test-classes/:?]
	at org.apache.hadoop.hive.ql.TxnCommandsBaseForTests.setUpInternal(TxnCommandsBaseForTests.java:144) ~[test-classes/:?]
	at org.apache.hadoop.hive.ql.TxnCommandsBaseForTests.setUp(TxnCommandsBaseForTests.java:94) ~[test-classes/:?]
	at sun.reflect.NativeMethodAccessorImpl.invoke0(Native Method) ~[?:1.8.0_402]
	at sun.reflect.NativeMethodAccessorImpl.invoke(NativeMethodAccessorImpl.java:62) ~[?:1.8.0_402]
	at sun.reflect.DelegatingMethodAccessorImpl.invoke(DelegatingMethodAccessorImpl.java:43) ~[?:1.8.0_402]
	at java.lang.reflect.Method.invoke(Method.java:498) ~[?:1.8.0_402]
	at org.junit.runners.model.FrameworkMethod$1.runReflectiveCall(FrameworkMethod.java:59) ~[junit-4.13.jar:4.13]
	at org.junit.internal.runners.model.ReflectiveCallable.run(ReflectiveCallable.java:12) ~[junit-4.13.jar:4.13]
	at org.junit.runners.model.FrameworkMethod.invokeExplosively(FrameworkMethod.java:56) ~[junit-4.13.jar:4.13]
	at org.junit.internal.runners.statements.RunBefores.invokeMethod(RunBefores.java:33) ~[junit-4.13.jar:4.13]
	at org.junit.internal.runners.statements.RunBefores.evaluate(RunBefores.java:24) ~[junit-4.13.jar:4.13]
	at org.junit.internal.runners.statements.RunAfters.evaluate(RunAfters.java:27) ~[junit-4.13.jar:4.13]
	at org.junit.rules.TestWatcher$1.evaluate(TestWatcher.java:61) ~[junit-4.13.jar:4.13]
	at org.junit.runners.ParentRunner$3.evaluate(ParentRunner.java:306) ~[junit-4.13.jar:4.13]
	at org.junit.runners.BlockJUnit4ClassRunner$1.evaluate(BlockJUnit4ClassRunner.java:100) ~[junit-4.13.jar:4.13]
	at org.junit.runners.ParentRunner.runLeaf(ParentRunner.java:366) ~[junit-4.13.jar:4.13]
	at org.junit.runners.BlockJUnit4ClassRunner.runChild(BlockJUnit4ClassRunner.java:103) ~[junit-4.13.jar:4.13]
	at org.junit.runners.BlockJUnit4ClassRunner.runChild(BlockJUnit4ClassRunner.java:63) ~[junit-4.13.jar:4.13]
	at org.junit.runners.ParentRunner$4.run(ParentRunner.java:331) ~[junit-4.13.jar:4.13]
	at org.junit.runners.ParentRunner$1.schedule(ParentRunner.java:79) ~[junit-4.13.jar:4.13]
	at org.junit.runners.ParentRunner.runChildren(ParentRunner.java:329) ~[junit-4.13.jar:4.13]
	at org.junit.runners.ParentRunner.access$100(ParentRunner.java:66) ~[junit-4.13.jar:4.13]
	at org.junit.runners.ParentRunner$2.evaluate(ParentRunner.java:293) ~[junit-4.13.jar:4.13]
	at org.junit.runners.ParentRunner$3.evaluate(ParentRunner.java:306) ~[junit-4.13.jar:4.13]
	at org.junit.runners.ParentRunner.run(ParentRunner.java:413) ~[junit-4.13.jar:4.13]
	at org.junit.runner.JUnitCore.run(JUnitCore.java:137) ~[junit-4.13.jar:4.13]
	at org.junit.runner.JUnitCore.run(JUnitCore.java:115) ~[junit-4.13.jar:4.13]
	at org.junit.vintage.engine.execution.RunnerExecutor.execute(RunnerExecutor.java:43) ~[junit-vintage-engine-5.6.2.jar:5.6.2]
	at java.util.stream.ForEachOps$ForEachOp$OfRef.accept(ForEachOps.java:183) ~[?:1.8.0_402]
	at java.util.stream.ReferencePipeline$3$1.accept(ReferencePipeline.java:193) ~[?:1.8.0_402]
	at java.util.Iterator.forEachRemaining(Iterator.java:116) ~[?:1.8.0_402]
	at java.util.Spliterators$IteratorSpliterator.forEachRemaining(Spliterators.java:1801) ~[?:1.8.0_402]
	at java.util.stream.AbstractPipeline.copyInto(AbstractPipeline.java:482) ~[?:1.8.0_402]
	at java.util.stream.AbstractPipeline.wrapAndCopyInto(AbstractPipeline.java:472) ~[?:1.8.0_402]
	at java.util.stream.ForEachOps$ForEachOp.evaluateSequential(ForEachOps.java:150) ~[?:1.8.0_402]
	at java.util.stream.ForEachOps$ForEachOp$OfRef.evaluateSequential(ForEachOps.java:173) ~[?:1.8.0_402]
	at java.util.stream.AbstractPipeline.evaluate(AbstractPipeline.java:234) ~[?:1.8.0_402]
	at java.util.stream.ReferencePipeline.forEach(ReferencePipeline.java:485) ~[?:1.8.0_402]
	at org.junit.vintage.engine.VintageTestEngine.executeAllChildren(VintageTestEngine.java:82) ~[junit-vintage-engine-5.6.2.jar:5.6.2]
	at org.junit.vintage.engine.VintageTestEngine.execute(VintageTestEngine.java:73) ~[junit-vintage-engine-5.6.2.jar:5.6.2]
	at org.junit.platform.launcher.core.DefaultLauncher.execute(DefaultLauncher.java:248) ~[junit-platform-launcher-1.6.2.jar:1.6.2]
	at org.junit.platform.launcher.core.DefaultLauncher.lambda$execute$5(DefaultLauncher.java:211) ~[junit-platform-launcher-1.6.2.jar:1.6.2]
	at org.junit.platform.launcher.core.DefaultLauncher.withInterceptedStreams(DefaultLauncher.java:226) [junit-platform-launcher-1.6.2.jar:1.6.2]
	at org.junit.platform.launcher.core.DefaultLauncher.execute(DefaultLauncher.java:199) [junit-platform-launcher-1.6.2.jar:1.6.2]
	at org.junit.platform.launcher.core.DefaultLauncher.execute(DefaultLauncher.java:132) [junit-platform-launcher-1.6.2.jar:1.6.2]
	at org.apache.maven.surefire.junitplatform.JUnitPlatformProvider.invokeAllTests(JUnitPlatformProvider.java:154) [surefire-junit-platform-3.0.0-M4.jar:3.0.0-M4]
	at org.apache.maven.surefire.junitplatform.JUnitPlatformProvider.invoke(JUnitPlatformProvider.java:123) [surefire-junit-platform-3.0.0-M4.jar:3.0.0-M4]
	at org.apache.maven.surefire.booter.ForkedBooter.runSuitesInProcess(ForkedBooter.java:377) [surefire-booter-3.0.0-M4.jar:3.0.0-M4]
	at org.apache.maven.surefire.booter.ForkedBooter.execute(ForkedBooter.java:138) [surefire-booter-3.0.0-M4.jar:3.0.0-M4]
	at org.apache.maven.surefire.booter.ForkedBooter.run(ForkedBooter.java:465) [surefire-booter-3.0.0-M4.jar:3.0.0-M4]
	at org.apache.maven.surefire.booter.ForkedBooter.main(ForkedBooter.java:451) [surefire-booter-3.0.0-M4.jar:3.0.0-M4]
Caused by: org.apache.hadoop.hive.metastore.api.MetaException: Table default.nonAcidOrcTbl failed strict managed table checks due to the following reason: Table is marked as a managed table but is not transactional.
	at org.apache.hadoop.hive.metastore.utils.HiveStrictManagedUtils.validateStrictManagedTableWithThrow(HiveStrictManagedUtils.java:33) ~[classes/:?]
	at org.apache.hadoop.hive.metastore.TransactionalValidationListener.handle(TransactionalValidationListener.java:92) ~[classes/:?]
	at org.apache.hadoop.hive.metastore.TransactionalValidationListener.onEvent(TransactionalValidationListener.java:72) ~[classes/:?]
	at org.apache.hadoop.hive.metastore.HMSHandler.firePreEvent(HMSHandler.java:4033) ~[classes/:?]
	at org.apache.hadoop.hive.metastore.HMSHandler.create_table_core(HMSHandler.java:2392) ~[classes/:?]
	at org.apache.hadoop.hive.metastore.HMSHandler.create_table_req(HMSHandler.java:2598) ~[classes/:?]
	at sun.reflect.GeneratedMethodAccessor105.invoke(Unknown Source) ~[?:?]
	at sun.reflect.DelegatingMethodAccessorImpl.invoke(DelegatingMethodAccessorImpl.java:43) ~[?:1.8.0_402]
	at java.lang.reflect.Method.invoke(Method.java:498) ~[?:1.8.0_402]
	at org.apache.hadoop.hive.metastore.RetryingHMSHandler.invokeInternal(RetryingHMSHandler.java:147) ~[classes/:?]
	at org.apache.hadoop.hive.metastore.RetryingHMSHandler.invoke(RetryingHMSHandler.java:108) ~[classes/:?]
	at com.sun.proxy.$Proxy39.create_table_req(Unknown Source) ~[?:?]
	at org.apache.hadoop.hive.metastore.HiveMetaStoreClient.create_table_with_environment_context(HiveMetaStoreClient.java:4408) ~[classes/:?]
	at org.apache.hadoop.hive.ql.metadata.SessionHiveMetaStoreClient.create_table_with_environment_context(SessionHiveMetaStoreClient.java:182) ~[classes/:?]
	at org.apache.hadoop.hive.metastore.HiveMetaStoreClient.createTable(HiveMetaStoreClient.java:1260) ~[classes/:?]
	at org.apache.hadoop.hive.metastore.HiveMetaStoreClient.createTable(HiveMetaStoreClient.java:1245) ~[classes/:?]
	at sun.reflect.GeneratedMethodAccessor104.invoke(Unknown Source) ~[?:?]
	at sun.reflect.DelegatingMethodAccessorImpl.invoke(DelegatingMethodAccessorImpl.java:43) ~[?:1.8.0_402]
	at java.lang.reflect.Method.invoke(Method.java:498) ~[?:1.8.0_402]
	at org.apache.hadoop.hive.metastore.RetryingMetaStoreClient.invoke(RetryingMetaStoreClient.java:218) ~[classes/:?]
	at com.sun.proxy.$Proxy40.createTable(Unknown Source) ~[?:?]
	at org.apache.hadoop.hive.ql.metadata.Hive.createTable(Hive.java:1290) ~[classes/:?]
	... 66 more
2024-04-24T01:29:25,140 ERROR [main] exec.Task: DDLTask failed, DDL Operation: class org.apache.hadoop.hive.ql.ddl.table.create.CreateTableOperation
org.apache.hadoop.hive.ql.metadata.HiveException: MetaException(message:Table default.nonAcidOrcTbl failed strict managed table checks due to the following reason: Table is marked as a managed table but is not transactional.)
	at org.apache.hadoop.hive.ql.metadata.Hive.createTable(Hive.java:1301) ~[classes/:?]
	at org.apache.hadoop.hive.ql.metadata.Hive.createTable(Hive.java:1306) ~[classes/:?]
	at org.apache.hadoop.hive.ql.ddl.table.create.CreateTableOperation.createTableNonReplaceMode(CreateTableOperation.java:140) ~[classes/:?]
	at org.apache.hadoop.hive.ql.ddl.table.create.CreateTableOperation.execute(CreateTableOperation.java:98) ~[classes/:?]
	at org.apache.hadoop.hive.ql.ddl.DDLTask.execute(DDLTask.java:84) ~[classes/:?]
	at org.apache.hadoop.hive.ql.exec.Task.executeTask(Task.java:212) ~[classes/:?]
	at org.apache.hadoop.hive.ql.exec.TaskRunner.runSequential(TaskRunner.java:105) ~[classes/:?]
	at org.apache.hadoop.hive.ql.Executor.launchTask(Executor.java:361) ~[classes/:?]
	at org.apache.hadoop.hive.ql.Executor.launchTasks(Executor.java:334) ~[classes/:?]
	at org.apache.hadoop.hive.ql.Executor.runTasks(Executor.java:245) ~[classes/:?]
	at org.apache.hadoop.hive.ql.Executor.execute(Executor.java:108) ~[classes/:?]
	at org.apache.hadoop.hive.ql.Driver.execute(Driver.java:348) ~[classes/:?]
	at org.apache.hadoop.hive.ql.Driver.runInternal(Driver.java:204) ~[classes/:?]
	at org.apache.hadoop.hive.ql.Driver.run(Driver.java:153) ~[classes/:?]
	at org.apache.hadoop.hive.ql.Driver.run(Driver.java:140) ~[classes/:?]
	at org.apache.hadoop.hive.ql.TxnCommandsBaseForTests.runStatementOnDriver(TxnCommandsBaseForTests.java:245) ~[test-classes/:?]
	at org.apache.hadoop.hive.ql.TxnCommandsBaseForTests.setUpInternal(TxnCommandsBaseForTests.java:144) ~[test-classes/:?]
	at org.apache.hadoop.hive.ql.TxnCommandsBaseForTests.setUp(TxnCommandsBaseForTests.java:94) ~[test-classes/:?]
	at sun.reflect.NativeMethodAccessorImpl.invoke0(Native Method) ~[?:1.8.0_402]
	at sun.reflect.NativeMethodAccessorImpl.invoke(NativeMethodAccessorImpl.java:62) ~[?:1.8.0_402]
	at sun.reflect.DelegatingMethodAccessorImpl.invoke(DelegatingMethodAccessorImpl.java:43) ~[?:1.8.0_402]
	at java.lang.reflect.Method.invoke(Method.java:498) ~[?:1.8.0_402]
	at org.junit.runners.model.FrameworkMethod$1.runReflectiveCall(FrameworkMethod.java:59) ~[junit-4.13.jar:4.13]
	at org.junit.internal.runners.model.ReflectiveCallable.run(ReflectiveCallable.java:12) ~[junit-4.13.jar:4.13]
	at org.junit.runners.model.FrameworkMethod.invokeExplosively(FrameworkMethod.java:56) ~[junit-4.13.jar:4.13]
	at org.junit.internal.runners.statements.RunBefores.invokeMethod(RunBefores.java:33) ~[junit-4.13.jar:4.13]
	at org.junit.internal.runners.statements.RunBefores.evaluate(RunBefores.java:24) ~[junit-4.13.jar:4.13]
	at org.junit.internal.runners.statements.RunAfters.evaluate(RunAfters.java:27) ~[junit-4.13.jar:4.13]
	at org.junit.rules.TestWatcher$1.evaluate(TestWatcher.java:61) ~[junit-4.13.jar:4.13]
	at org.junit.runners.ParentRunner$3.evaluate(ParentRunner.java:306) ~[junit-4.13.jar:4.13]
	at org.junit.runners.BlockJUnit4ClassRunner$1.evaluate(BlockJUnit4ClassRunner.java:100) ~[junit-4.13.jar:4.13]
	at org.junit.runners.ParentRunner.runLeaf(ParentRunner.java:366) ~[junit-4.13.jar:4.13]
	at org.junit.runners.BlockJUnit4ClassRunner.runChild(BlockJUnit4ClassRunner.java:103) ~[junit-4.13.jar:4.13]
	at org.junit.runners.BlockJUnit4ClassRunner.runChild(BlockJUnit4ClassRunner.java:63) ~[junit-4.13.jar:4.13]
	at org.junit.runners.ParentRunner$4.run(ParentRunner.java:331) ~[junit-4.13.jar:4.13]
	at org.junit.runners.ParentRunner$1.schedule(ParentRunner.java:79) ~[junit-4.13.jar:4.13]
	at org.junit.runners.ParentRunner.runChildren(ParentRunner.java:329) ~[junit-4.13.jar:4.13]
	at org.junit.runners.ParentRunner.access$100(ParentRunner.java:66) ~[junit-4.13.jar:4.13]
	at org.junit.runners.ParentRunner$2.evaluate(ParentRunner.java:293) ~[junit-4.13.jar:4.13]
	at org.junit.runners.ParentRunner$3.evaluate(ParentRunner.java:306) ~[junit-4.13.jar:4.13]
	at org.junit.runners.ParentRunner.run(ParentRunner.java:413) ~[junit-4.13.jar:4.13]
	at org.junit.runner.JUnitCore.run(JUnitCore.java:137) ~[junit-4.13.jar:4.13]
	at org.junit.runner.JUnitCore.run(JUnitCore.java:115) ~[junit-4.13.jar:4.13]
	at org.junit.vintage.engine.execution.RunnerExecutor.execute(RunnerExecutor.java:43) ~[junit-vintage-engine-5.6.2.jar:5.6.2]
	at java.util.stream.ForEachOps$ForEachOp$OfRef.accept(ForEachOps.java:183) ~[?:1.8.0_402]
	at java.util.stream.ReferencePipeline$3$1.accept(ReferencePipeline.java:193) ~[?:1.8.0_402]
	at java.util.Iterator.forEachRemaining(Iterator.java:116) ~[?:1.8.0_402]
	at java.util.Spliterators$IteratorSpliterator.forEachRemaining(Spliterators.java:1801) ~[?:1.8.0_402]
	at java.util.stream.AbstractPipeline.copyInto(AbstractPipeline.java:482) ~[?:1.8.0_402]
	at java.util.stream.AbstractPipeline.wrapAndCopyInto(AbstractPipeline.java:472) ~[?:1.8.0_402]
	at java.util.stream.ForEachOps$ForEachOp.evaluateSequential(ForEachOps.java:150) ~[?:1.8.0_402]
	at java.util.stream.ForEachOps$ForEachOp$OfRef.evaluateSequential(ForEachOps.java:173) ~[?:1.8.0_402]
	at java.util.stream.AbstractPipeline.evaluate(AbstractPipeline.java:234) ~[?:1.8.0_402]
	at java.util.stream.ReferencePipeline.forEach(ReferencePipeline.java:485) ~[?:1.8.0_402]
	at org.junit.vintage.engine.VintageTestEngine.executeAllChildren(VintageTestEngine.java:82) ~[junit-vintage-engine-5.6.2.jar:5.6.2]
	at org.junit.vintage.engine.VintageTestEngine.execute(VintageTestEngine.java:73) ~[junit-vintage-engine-5.6.2.jar:5.6.2]
	at org.junit.platform.launcher.core.DefaultLauncher.execute(DefaultLauncher.java:248) ~[junit-platform-launcher-1.6.2.jar:1.6.2]
	at org.junit.platform.launcher.core.DefaultLauncher.lambda$execute$5(DefaultLauncher.java:211) ~[junit-platform-launcher-1.6.2.jar:1.6.2]
	at org.junit.platform.launcher.core.DefaultLauncher.withInterceptedStreams(DefaultLauncher.java:226) [junit-platform-launcher-1.6.2.jar:1.6.2]
	at org.junit.platform.launcher.core.DefaultLauncher.execute(DefaultLauncher.java:199) [junit-platform-launcher-1.6.2.jar:1.6.2]
	at org.junit.platform.launcher.core.DefaultLauncher.execute(DefaultLauncher.java:132) [junit-platform-launcher-1.6.2.jar:1.6.2]
	at org.apache.maven.surefire.junitplatform.JUnitPlatformProvider.invokeAllTests(JUnitPlatformProvider.java:154) [surefire-junit-platform-3.0.0-M4.jar:3.0.0-M4]
	at org.apache.maven.surefire.junitplatform.JUnitPlatformProvider.invoke(JUnitPlatformProvider.java:123) [surefire-junit-platform-3.0.0-M4.jar:3.0.0-M4]
	at org.apache.maven.surefire.booter.ForkedBooter.runSuitesInProcess(ForkedBooter.java:377) [surefire-booter-3.0.0-M4.jar:3.0.0-M4]
	at org.apache.maven.surefire.booter.ForkedBooter.execute(ForkedBooter.java:138) [surefire-booter-3.0.0-M4.jar:3.0.0-M4]
	at org.apache.maven.surefire.booter.ForkedBooter.run(ForkedBooter.java:465) [surefire-booter-3.0.0-M4.jar:3.0.0-M4]
	at org.apache.maven.surefire.booter.ForkedBooter.main(ForkedBooter.java:451) [surefire-booter-3.0.0-M4.jar:3.0.0-M4]
Caused by: org.apache.hadoop.hive.metastore.api.MetaException: Table default.nonAcidOrcTbl failed strict managed table checks due to the following reason: Table is marked as a managed table but is not transactional.
	at org.apache.hadoop.hive.metastore.utils.HiveStrictManagedUtils.validateStrictManagedTableWithThrow(HiveStrictManagedUtils.java:33) ~[classes/:?]
	at org.apache.hadoop.hive.metastore.TransactionalValidationListener.handle(TransactionalValidationListener.java:92) ~[classes/:?]
	at org.apache.hadoop.hive.metastore.TransactionalValidationListener.onEvent(TransactionalValidationListener.java:72) ~[classes/:?]
	at org.apache.hadoop.hive.metastore.HMSHandler.firePreEvent(HMSHandler.java:4033) ~[classes/:?]
	at org.apache.hadoop.hive.metastore.HMSHandler.create_table_core(HMSHandler.java:2392) ~[classes/:?]
	at org.apache.hadoop.hive.metastore.HMSHandler.create_table_req(HMSHandler.java:2598) ~[classes/:?]
	at sun.reflect.GeneratedMethodAccessor105.invoke(Unknown Source) ~[?:?]
	at sun.reflect.DelegatingMethodAccessorImpl.invoke(DelegatingMethodAccessorImpl.java:43) ~[?:1.8.0_402]
	at java.lang.reflect.Method.invoke(Method.java:498) ~[?:1.8.0_402]
	at org.apache.hadoop.hive.metastore.RetryingHMSHandler.invokeInternal(RetryingHMSHandler.java:147) ~[classes/:?]
	at org.apache.hadoop.hive.metastore.RetryingHMSHandler.invoke(RetryingHMSHandler.java:108) ~[classes/:?]
	at com.sun.proxy.$Proxy39.create_table_req(Unknown Source) ~[?:?]
	at org.apache.hadoop.hive.metastore.HiveMetaStoreClient.create_table_with_environment_context(HiveMetaStoreClient.java:4408) ~[classes/:?]
	at org.apache.hadoop.hive.ql.metadata.SessionHiveMetaStoreClient.create_table_with_environment_context(SessionHiveMetaStoreClient.java:182) ~[classes/:?]
	at org.apache.hadoop.hive.metastore.HiveMetaStoreClient.createTable(HiveMetaStoreClient.java:1260) ~[classes/:?]
	at org.apache.hadoop.hive.metastore.HiveMetaStoreClient.createTable(HiveMetaStoreClient.java:1245) ~[classes/:?]
	at sun.reflect.GeneratedMethodAccessor104.invoke(Unknown Source) ~[?:?]
	at sun.reflect.DelegatingMethodAccessorImpl.invoke(DelegatingMethodAccessorImpl.java:43) ~[?:1.8.0_402]
	at java.lang.reflect.Method.invoke(Method.java:498) ~[?:1.8.0_402]
	at org.apache.hadoop.hive.metastore.RetryingMetaStoreClient.invoke(RetryingMetaStoreClient.java:218) ~[classes/:?]
	at com.sun.proxy.$Proxy40.createTable(Unknown Source) ~[?:?]
	at org.apache.hadoop.hive.ql.metadata.Hive.createTable(Hive.java:1290) ~[classes/:?]
	... 66 more
FAILED: Execution Error, return code 40000 from org.apache.hadoop.hive.ql.ddl.DDLTask. MetaException(message:Table default.nonAcidOrcTbl failed strict managed table checks due to the following reason: Table is marked as a managed table but is not transactional.)
2024-04-24T01:29:25,145 ERROR [main] ql.Driver: FAILED: Execution Error, return code 40000 from org.apache.hadoop.hive.ql.ddl.DDLTask. MetaException(message:Table default.nonAcidOrcTbl failed strict managed table checks due to the following reason: Table is marked as a managed table but is not transactional.)
2024-04-24T01:29:25,145  INFO [main] metadata.Hive: Dumping metastore api call timing information for : execution phase
2024-04-24T01:29:25,145  INFO [main] metadata.Hive: Total time spent in each metastore function (ms): {isCompatibleWith_(Configuration)=0}
2024-04-24T01:29:25,145  INFO [main] ql.Driver: Completed executing command(queryId=alex_20240424012925_9ed60280-30a0-4d97-9023-c55a409a8109); Time taken: 0.019 seconds
2024-04-24T01:29:25,145  INFO [main] lockmgr.DbTxnManager: Stopped heartbeat for query: alex_20240424012925_9ed60280-30a0-4d97-9023-c55a409a8109
2024-04-24T01:29:25,148  INFO [main] txn.TxnHandler: Removed transactions: ([9]) from MIN_HISTORY_LEVEL
2024-04-24T01:29:25,156  INFO [main] ql.TxnCommandsBaseForTests: Running the query: drop table if exists acidTbl
2024-04-24T01:29:25,156  INFO [main] ql.Driver: Compiling command(queryId=alex_20240424012925_e0af2548-0c3b-4ef2-bf36-76b4b69e31ce): drop table if exists acidTbl
2024-04-24T01:29:25,158  INFO [main] txn.TxnHandler: Added entries to MIN_HISTORY_LEVEL for current txns: ([10]) with min_open_txn: 1
2024-04-24T01:29:25,159  INFO [main] lockmgr.DbTxnManager: Opened txnid:10
2024-04-24T01:29:25,159  INFO [main] HiveMetaStore.audit: ugi=alex	ip=unknown-ip-addr	cmd=get_table : tbl=hive.default.acidTbl	
2024-04-24T01:29:25,179  INFO [main] metastore.HMSHandler: Skipping translation for processor with null
2024-04-24T01:29:25,179  INFO [main] ql.Driver: Semantic Analysis Completed (retrial = false)
2024-04-24T01:29:25,179  INFO [main] ql.Driver: Created Hive schema: Schema(fieldSchemas:null, properties:null)
2024-04-24T01:29:25,179  INFO [main] metadata.Hive: Dumping metastore api call timing information for : compilation phase
2024-04-24T01:29:25,180  INFO [main] metadata.Hive: Total time spent in each metastore function (ms): {openTxn_(String, TxnType)=2, flushCache_()=0, getTable_(GetTableRequest)=20, rollbackTxn_(long)=10, getValidTxns_(long)=0, isCompatibleWith_(Configuration)=1}
2024-04-24T01:29:25,180  INFO [main] ql.Driver: Completed compiling command(queryId=alex_20240424012925_e0af2548-0c3b-4ef2-bf36-76b4b69e31ce); Time taken: 0.023 seconds
2024-04-24T01:29:25,180  INFO [main] lockmgr.DbTxnManager: Setting lock request transaction to txnid:10 for queryId=alex_20240424012925_e0af2548-0c3b-4ef2-bf36-76b4b69e31ce
2024-04-24T01:29:25,180  INFO [main] lockmgr.DbLockManager: Requesting lock for queryId=alex_20240424012925_e0af2548-0c3b-4ef2-bf36-76b4b69e31ce
2024-04-24T01:29:25,196  INFO [main] lockmgr.DbLockManager: Response to queryId=alex_20240424012925_e0af2548-0c3b-4ef2-bf36-76b4b69e31ce LockResponse(lockid:4, state:ACQUIRED)
2024-04-24T01:29:25,196  INFO [main] ql.Driver: Operation DROPTABLE obtained 1 locks
2024-04-24T01:29:25,196  INFO [main] ql.Driver: Executing command(queryId=alex_20240424012925_e0af2548-0c3b-4ef2-bf36-76b4b69e31ce): drop table if exists acidTbl
2024-04-24T01:29:25,197  INFO [main] ql.Driver: Starting task [Stage-0:DDL] in serial mode
2024-04-24T01:29:25,197  INFO [main] HiveMetaStore.audit: ugi=alex	ip=unknown-ip-addr	cmd=get_table : tbl=hive.default.acidTbl	
2024-04-24T01:29:25,204  INFO [main] metastore.HMSHandler: Skipping translation for processor with null
2024-04-24T01:29:25,205  INFO [main] HiveMetaStore.audit: ugi=alex	ip=unknown-ip-addr	cmd=get_table : tbl=hive.default.acidTbl	
2024-04-24T01:29:25,212  INFO [main] metastore.HMSHandler: Skipping translation for processor with null
2024-04-24T01:29:25,212  INFO [main] HiveMetaStore.audit: ugi=alex	ip=unknown-ip-addr	cmd=drop_table : tbl=hive.default.acidTbl	
2024-04-24T01:29:25,345  INFO [main] metadata.Hive: Dumping metastore api call timing information for : execution phase
2024-04-24T01:29:25,346  INFO [main] metadata.Hive: Total time spent in each metastore function (ms): {isCompatibleWith_(Configuration)=0, dropTable_(String, String, boolean, boolean, boolean)=140, getTable_(GetTableRequest)=8}
2024-04-24T01:29:25,346  INFO [main] ql.Driver: Completed executing command(queryId=alex_20240424012925_e0af2548-0c3b-4ef2-bf36-76b4b69e31ce); Time taken: 0.149 seconds
2024-04-24T01:29:25,346  INFO [main] lockmgr.DbTxnManager: Stopped heartbeat for query: alex_20240424012925_e0af2548-0c3b-4ef2-bf36-76b4b69e31ce
2024-04-24T01:29:25,351  INFO [main] txn.TxnHandler: Expected to move at least one record from txn_components to completed_txn_components when committing txn! txnid:10
2024-04-24T01:29:25,361  INFO [main] txn.TxnHandler: Removed transactions: ([10]) from MIN_HISTORY_LEVEL
2024-04-24T01:29:25,364  WARN [main] txn.CompactionTxnHandler: No compaction queue record found for Compaction type transaction commit. txnId:10
2024-04-24T01:29:25,365  INFO [main] ql.TxnCommandsBaseForTests: Running the query: drop table if exists acidTblPart
2024-04-24T01:29:25,365  INFO [main] ql.Driver: Compiling command(queryId=alex_20240424012925_53b7c69a-e4dd-4f11-891e-4e144c9a5218): drop table if exists acidTblPart
2024-04-24T01:29:25,369  INFO [main] txn.TxnHandler: Added entries to MIN_HISTORY_LEVEL for current txns: ([11]) with min_open_txn: 1
2024-04-24T01:29:25,369  INFO [main] lockmgr.DbTxnManager: Opened txnid:11
2024-04-24T01:29:25,370  INFO [main] HiveMetaStore.audit: ugi=alex	ip=unknown-ip-addr	cmd=get_table : tbl=hive.default.acidTblPart	
2024-04-24T01:29:25,383  INFO [main] metastore.HMSHandler: Skipping translation for processor with null
2024-04-24T01:29:25,383  INFO [main] ql.Driver: Semantic Analysis Completed (retrial = false)
2024-04-24T01:29:25,384  INFO [main] ql.Driver: Created Hive schema: Schema(fieldSchemas:null, properties:null)
2024-04-24T01:29:25,384  INFO [main] metadata.Hive: Dumping metastore api call timing information for : compilation phase
2024-04-24T01:29:25,384  INFO [main] metadata.Hive: Total time spent in each metastore function (ms): {isCompatibleWith_(Configuration)=2, flushCache_()=0, getValidTxns_(long)=0, commitTxn_(CommitTxnRequest)=18, openTxn_(String, TxnType)=3, getTable_(GetTableRequest)=13}
2024-04-24T01:29:25,384  INFO [main] ql.Driver: Completed compiling command(queryId=alex_20240424012925_53b7c69a-e4dd-4f11-891e-4e144c9a5218); Time taken: 0.019 seconds
2024-04-24T01:29:25,384  INFO [main] lockmgr.DbTxnManager: Setting lock request transaction to txnid:11 for queryId=alex_20240424012925_53b7c69a-e4dd-4f11-891e-4e144c9a5218
2024-04-24T01:29:25,385  INFO [main] lockmgr.DbLockManager: Requesting lock for queryId=alex_20240424012925_53b7c69a-e4dd-4f11-891e-4e144c9a5218
2024-04-24T01:29:25,417  INFO [main] lockmgr.DbLockManager: Response to queryId=alex_20240424012925_53b7c69a-e4dd-4f11-891e-4e144c9a5218 LockResponse(lockid:5, state:ACQUIRED)
2024-04-24T01:29:25,417  INFO [main] ql.Driver: Operation DROPTABLE obtained 1 locks
2024-04-24T01:29:25,417  INFO [main] ql.Driver: Executing command(queryId=alex_20240424012925_53b7c69a-e4dd-4f11-891e-4e144c9a5218): drop table if exists acidTblPart
2024-04-24T01:29:25,417  INFO [main] ql.Driver: Starting task [Stage-0:DDL] in serial mode
2024-04-24T01:29:25,417  INFO [main] HiveMetaStore.audit: ugi=alex	ip=unknown-ip-addr	cmd=get_table : tbl=hive.default.acidTblPart	
2024-04-24T01:29:25,430  INFO [main] metastore.HMSHandler: Skipping translation for processor with null
2024-04-24T01:29:25,430  INFO [main] HiveMetaStore.audit: ugi=alex	ip=unknown-ip-addr	cmd=get_table : tbl=hive.default.acidTblPart	
2024-04-24T01:29:25,443  INFO [main] metastore.HMSHandler: Skipping translation for processor with null
2024-04-24T01:29:25,443  INFO [main] HiveMetaStore.audit: ugi=alex	ip=unknown-ip-addr	cmd=drop_table : tbl=hive.default.acidTblPart	
2024-04-24T01:29:25,519  INFO [main] metadata.Hive: Dumping metastore api call timing information for : execution phase
2024-04-24T01:29:25,519  INFO [main] metadata.Hive: Total time spent in each metastore function (ms): {getTable_(GetTableRequest)=13, isCompatibleWith_(Configuration)=0, dropTable_(String, String, boolean, boolean, boolean)=89}
2024-04-24T01:29:25,519  INFO [main] ql.Driver: Completed executing command(queryId=alex_20240424012925_53b7c69a-e4dd-4f11-891e-4e144c9a5218); Time taken: 0.102 seconds
2024-04-24T01:29:25,519  INFO [main] lockmgr.DbTxnManager: Stopped heartbeat for query: alex_20240424012925_53b7c69a-e4dd-4f11-891e-4e144c9a5218
2024-04-24T01:29:25,524  INFO [main] txn.TxnHandler: Expected to move at least one record from txn_components to completed_txn_components when committing txn! txnid:11
2024-04-24T01:29:25,531  INFO [main] txn.TxnHandler: Removed transactions: ([11]) from MIN_HISTORY_LEVEL
2024-04-24T01:29:25,531  WARN [main] txn.CompactionTxnHandler: No compaction queue record found for Compaction type transaction commit. txnId:11
2024-04-24T01:29:25,531  INFO [main] ql.TxnCommandsBaseForTests: Running the query: drop table if exists acidTbl2
2024-04-24T01:29:25,532  INFO [main] ql.Driver: Compiling command(queryId=alex_20240424012925_cdd7974b-cfa9-4e88-a467-f4846b58ed44): drop table if exists acidTbl2
2024-04-24T01:29:25,534  INFO [main] txn.TxnHandler: Added entries to MIN_HISTORY_LEVEL for current txns: ([12]) with min_open_txn: 1
2024-04-24T01:29:25,535  INFO [main] lockmgr.DbTxnManager: Opened txnid:12
2024-04-24T01:29:25,535  INFO [main] HiveMetaStore.audit: ugi=alex	ip=unknown-ip-addr	cmd=get_table : tbl=hive.default.acidTbl2	
2024-04-24T01:29:25,538  INFO [main] ql.Driver: Semantic Analysis Completed (retrial = false)
2024-04-24T01:29:25,538  INFO [main] ql.Driver: Created Hive schema: Schema(fieldSchemas:null, properties:null)
2024-04-24T01:29:25,539  INFO [main] metadata.Hive: Dumping metastore api call timing information for : compilation phase
2024-04-24T01:29:25,539  INFO [main] metadata.Hive: Total time spent in each metastore function (ms): {getValidTxns_(long)=0, flushCache_()=0, commitTxn_(CommitTxnRequest)=11, openTxn_(String, TxnType)=3, isCompatibleWith_(Configuration)=1}
2024-04-24T01:29:25,539  INFO [main] ql.Driver: Completed compiling command(queryId=alex_20240424012925_cdd7974b-cfa9-4e88-a467-f4846b58ed44); Time taken: 0.006 seconds
2024-04-24T01:29:25,539  INFO [main] lockmgr.DbTxnManager: Setting lock request transaction to txnid:12 for queryId=alex_20240424012925_cdd7974b-cfa9-4e88-a467-f4846b58ed44
2024-04-24T01:29:25,539  INFO [main] ql.Driver: Operation DROPTABLE obtained 0 locks
2024-04-24T01:29:25,539  INFO [main] ql.Driver: Executing command(queryId=alex_20240424012925_cdd7974b-cfa9-4e88-a467-f4846b58ed44): drop table if exists acidTbl2
2024-04-24T01:29:25,539  INFO [main] ql.Driver: Starting task [Stage-0:DDL] in serial mode
2024-04-24T01:29:25,539  INFO [main] HiveMetaStore.audit: ugi=alex	ip=unknown-ip-addr	cmd=get_table : tbl=hive.default.acidTbl2	
2024-04-24T01:29:25,543  INFO [main] metadata.Hive: Dumping metastore api call timing information for : execution phase
2024-04-24T01:29:25,543  INFO [main] metadata.Hive: Total time spent in each metastore function (ms): {isCompatibleWith_(Configuration)=0}
2024-04-24T01:29:25,543  INFO [main] ql.Driver: Completed executing command(queryId=alex_20240424012925_cdd7974b-cfa9-4e88-a467-f4846b58ed44); Time taken: 0.004 seconds
2024-04-24T01:29:25,543  INFO [main] lockmgr.DbTxnManager: Stopped heartbeat for query: alex_20240424012925_cdd7974b-cfa9-4e88-a467-f4846b58ed44
2024-04-24T01:29:25,552  INFO [main] txn.TxnHandler: Expected to move at least one record from txn_components to completed_txn_components when committing txn! txnid:12
2024-04-24T01:29:25,559  INFO [main] txn.TxnHandler: Removed transactions: ([12]) from MIN_HISTORY_LEVEL
2024-04-24T01:29:25,559  WARN [main] txn.CompactionTxnHandler: No compaction queue record found for Compaction type transaction commit. txnId:12
2024-04-24T01:29:25,560  INFO [main] ql.TxnCommandsBaseForTests: Running the query: drop table if exists nonAcidOrcTbl
2024-04-24T01:29:25,560  INFO [main] ql.Driver: Compiling command(queryId=alex_20240424012925_3efd90b9-6360-4a1e-b66a-aa39ee89e845): drop table if exists nonAcidOrcTbl
2024-04-24T01:29:25,562  INFO [main] txn.TxnHandler: Added entries to MIN_HISTORY_LEVEL for current txns: ([13]) with min_open_txn: 1
2024-04-24T01:29:25,563  INFO [main] lockmgr.DbTxnManager: Opened txnid:13
2024-04-24T01:29:25,563  INFO [main] HiveMetaStore.audit: ugi=alex	ip=unknown-ip-addr	cmd=get_table : tbl=hive.default.nonAcidOrcTbl	
2024-04-24T01:29:25,566  INFO [main] ql.Driver: Semantic Analysis Completed (retrial = false)
2024-04-24T01:29:25,566  INFO [main] ql.Driver: Created Hive schema: Schema(fieldSchemas:null, properties:null)
2024-04-24T01:29:25,566  INFO [main] metadata.Hive: Dumping metastore api call timing information for : compilation phase
2024-04-24T01:29:25,567  INFO [main] metadata.Hive: Total time spent in each metastore function (ms): {getValidTxns_(long)=0, flushCache_()=0, commitTxn_(CommitTxnRequest)=16, isCompatibleWith_(Configuration)=0, openTxn_(String, TxnType)=3}
2024-04-24T01:29:25,567  INFO [main] ql.Driver: Completed compiling command(queryId=alex_20240424012925_3efd90b9-6360-4a1e-b66a-aa39ee89e845); Time taken: 0.006 seconds
2024-04-24T01:29:25,567  INFO [main] lockmgr.DbTxnManager: Setting lock request transaction to txnid:13 for queryId=alex_20240424012925_3efd90b9-6360-4a1e-b66a-aa39ee89e845
2024-04-24T01:29:25,567  INFO [main] ql.Driver: Operation DROPTABLE obtained 0 locks
2024-04-24T01:29:25,567  INFO [main] ql.Driver: Executing command(queryId=alex_20240424012925_3efd90b9-6360-4a1e-b66a-aa39ee89e845): drop table if exists nonAcidOrcTbl
2024-04-24T01:29:25,567  INFO [main] ql.Driver: Starting task [Stage-0:DDL] in serial mode
2024-04-24T01:29:25,568  INFO [main] HiveMetaStore.audit: ugi=alex	ip=unknown-ip-addr	cmd=get_table : tbl=hive.default.nonAcidOrcTbl	
2024-04-24T01:29:25,571  INFO [main] metadata.Hive: Dumping metastore api call timing information for : execution phase
2024-04-24T01:29:25,571  INFO [main] metadata.Hive: Total time spent in each metastore function (ms): {isCompatibleWith_(Configuration)=0}
2024-04-24T01:29:25,572  INFO [main] ql.Driver: Completed executing command(queryId=alex_20240424012925_3efd90b9-6360-4a1e-b66a-aa39ee89e845); Time taken: 0.004 seconds
2024-04-24T01:29:25,572  INFO [main] lockmgr.DbTxnManager: Stopped heartbeat for query: alex_20240424012925_3efd90b9-6360-4a1e-b66a-aa39ee89e845
2024-04-24T01:29:25,579  INFO [main] txn.TxnHandler: Expected to move at least one record from txn_components to completed_txn_components when committing txn! txnid:13
2024-04-24T01:29:25,588  INFO [main] txn.TxnHandler: Removed transactions: ([13]) from MIN_HISTORY_LEVEL
2024-04-24T01:29:25,588  WARN [main] txn.CompactionTxnHandler: No compaction queue record found for Compaction type transaction commit. txnId:13
2024-04-24T01:29:25,589  INFO [main] ql.TxnCommandsBaseForTests: Running the query: drop table if exists nonAcidOrcTbl2
2024-04-24T01:29:25,589  INFO [main] ql.Driver: Compiling command(queryId=alex_20240424012925_1d561361-1432-4634-bbdb-235184a1dc5e): drop table if exists nonAcidOrcTbl2
2024-04-24T01:29:25,592  INFO [main] txn.TxnHandler: Added entries to MIN_HISTORY_LEVEL for current txns: ([14]) with min_open_txn: 1
2024-04-24T01:29:25,592  INFO [main] lockmgr.DbTxnManager: Opened txnid:14
2024-04-24T01:29:25,593  INFO [main] HiveMetaStore.audit: ugi=alex	ip=unknown-ip-addr	cmd=get_table : tbl=hive.default.nonAcidOrcTbl2	
2024-04-24T01:29:25,597  INFO [main] ql.Driver: Semantic Analysis Completed (retrial = false)
2024-04-24T01:29:25,597  INFO [main] ql.Driver: Created Hive schema: Schema(fieldSchemas:null, properties:null)
2024-04-24T01:29:25,597  INFO [main] metadata.Hive: Dumping metastore api call timing information for : compilation phase
2024-04-24T01:29:25,597  INFO [main] metadata.Hive: Total time spent in each metastore function (ms): {commitTxn_(CommitTxnRequest)=16, flushCache_()=0, getValidTxns_(long)=0, isCompatibleWith_(Configuration)=1, openTxn_(String, TxnType)=2}
2024-04-24T01:29:25,597  INFO [main] ql.Driver: Completed compiling command(queryId=alex_20240424012925_1d561361-1432-4634-bbdb-235184a1dc5e); Time taken: 0.008 seconds
2024-04-24T01:29:25,597  INFO [main] lockmgr.DbTxnManager: Setting lock request transaction to txnid:14 for queryId=alex_20240424012925_1d561361-1432-4634-bbdb-235184a1dc5e
2024-04-24T01:29:25,597  INFO [main] ql.Driver: Operation DROPTABLE obtained 0 locks
2024-04-24T01:29:25,598  INFO [main] ql.Driver: Executing command(queryId=alex_20240424012925_1d561361-1432-4634-bbdb-235184a1dc5e): drop table if exists nonAcidOrcTbl2
2024-04-24T01:29:25,598  INFO [main] ql.Driver: Starting task [Stage-0:DDL] in serial mode
2024-04-24T01:29:25,598  INFO [main] HiveMetaStore.audit: ugi=alex	ip=unknown-ip-addr	cmd=get_table : tbl=hive.default.nonAcidOrcTbl2	
2024-04-24T01:29:25,601  INFO [main] metadata.Hive: Dumping metastore api call timing information for : execution phase
2024-04-24T01:29:25,601  INFO [main] metadata.Hive: Total time spent in each metastore function (ms): {isCompatibleWith_(Configuration)=0}
2024-04-24T01:29:25,601  INFO [main] ql.Driver: Completed executing command(queryId=alex_20240424012925_1d561361-1432-4634-bbdb-235184a1dc5e); Time taken: 0.004 seconds
2024-04-24T01:29:25,601  INFO [main] lockmgr.DbTxnManager: Stopped heartbeat for query: alex_20240424012925_1d561361-1432-4634-bbdb-235184a1dc5e
2024-04-24T01:29:25,607  INFO [main] txn.TxnHandler: Expected to move at least one record from txn_components to completed_txn_components when committing txn! txnid:14
2024-04-24T01:29:25,613  INFO [main] txn.TxnHandler: Removed transactions: ([14]) from MIN_HISTORY_LEVEL
2024-04-24T01:29:25,613  WARN [main] txn.CompactionTxnHandler: No compaction queue record found for Compaction type transaction commit. txnId:14
2024-04-24T01:29:25,614  INFO [main] ql.TxnCommandsBaseForTests: Running the query: drop table if exists nonAcidNonBucket
2024-04-24T01:29:25,614  INFO [main] ql.Driver: Compiling command(queryId=alex_20240424012925_d5b31af5-5f3c-4ed0-9de5-c1b93b3c2cf1): drop table if exists nonAcidNonBucket
2024-04-24T01:29:25,617  INFO [main] txn.TxnHandler: Added entries to MIN_HISTORY_LEVEL for current txns: ([15]) with min_open_txn: 1
2024-04-24T01:29:25,617  INFO [main] lockmgr.DbTxnManager: Opened txnid:15
2024-04-24T01:29:25,618  INFO [main] HiveMetaStore.audit: ugi=alex	ip=unknown-ip-addr	cmd=get_table : tbl=hive.default.nonAcidNonBucket	
2024-04-24T01:29:25,621  INFO [main] ql.Driver: Semantic Analysis Completed (retrial = false)
2024-04-24T01:29:25,621  INFO [main] ql.Driver: Created Hive schema: Schema(fieldSchemas:null, properties:null)
2024-04-24T01:29:25,621  INFO [main] metadata.Hive: Dumping metastore api call timing information for : compilation phase
2024-04-24T01:29:25,621  INFO [main] metadata.Hive: Total time spent in each metastore function (ms): {openTxn_(String, TxnType)=2, isCompatibleWith_(Configuration)=0, flushCache_()=0, getValidTxns_(long)=0, commitTxn_(CommitTxnRequest)=12}
2024-04-24T01:29:25,621  INFO [main] ql.Driver: Completed compiling command(queryId=alex_20240424012925_d5b31af5-5f3c-4ed0-9de5-c1b93b3c2cf1); Time taken: 0.007 seconds
2024-04-24T01:29:25,621  INFO [main] lockmgr.DbTxnManager: Setting lock request transaction to txnid:15 for queryId=alex_20240424012925_d5b31af5-5f3c-4ed0-9de5-c1b93b3c2cf1
2024-04-24T01:29:25,621  INFO [main] ql.Driver: Operation DROPTABLE obtained 0 locks
2024-04-24T01:29:25,621  INFO [main] ql.Driver: Executing command(queryId=alex_20240424012925_d5b31af5-5f3c-4ed0-9de5-c1b93b3c2cf1): drop table if exists nonAcidNonBucket
2024-04-24T01:29:25,622  INFO [main] ql.Driver: Starting task [Stage-0:DDL] in serial mode
2024-04-24T01:29:25,622  INFO [main] HiveMetaStore.audit: ugi=alex	ip=unknown-ip-addr	cmd=get_table : tbl=hive.default.nonAcidNonBucket	
2024-04-24T01:29:25,625  INFO [main] metadata.Hive: Dumping metastore api call timing information for : execution phase
2024-04-24T01:29:25,625  INFO [main] metadata.Hive: Total time spent in each metastore function (ms): {isCompatibleWith_(Configuration)=0}
2024-04-24T01:29:25,625  INFO [main] ql.Driver: Completed executing command(queryId=alex_20240424012925_d5b31af5-5f3c-4ed0-9de5-c1b93b3c2cf1); Time taken: 0.004 seconds
2024-04-24T01:29:25,625  INFO [main] lockmgr.DbTxnManager: Stopped heartbeat for query: alex_20240424012925_d5b31af5-5f3c-4ed0-9de5-c1b93b3c2cf1
2024-04-24T01:29:25,632  INFO [main] txn.TxnHandler: Expected to move at least one record from txn_components to completed_txn_components when committing txn! txnid:15
2024-04-24T01:29:25,639  INFO [main] txn.TxnHandler: Removed transactions: ([15]) from MIN_HISTORY_LEVEL
2024-04-24T01:29:25,639  WARN [main] txn.CompactionTxnHandler: No compaction queue record found for Compaction type transaction commit. txnId:15
2024-04-24T01:29:25,640  INFO [main] utils.TestTxnDbUtil: Cleaning transactional tables
]]></system-err>
  </testcase>
  <testcase name="testExceptionForDbRegexPlusControlFile" classname="org.apache.hadoop.hive.ql.util.TestHiveStrictManagedMigration" time="1.088">
    <error type="java.lang.RuntimeException"><![CDATA[java.lang.RuntimeException: create table nonAcidOrcTbl(a int, b int) clustered by (a) into 2 buckets stored as orc TBLPROPERTIES ('transactional'='false') failed: (responseCode = 40000, errorMessage = FAILED: Execution Error, return code 40000 from org.apache.hadoop.hive.ql.ddl.DDLTask. MetaException(message:Table default.nonAcidOrcTbl failed strict managed table checks due to the following reason: Table is marked as a managed table but is not transactional.), hiveErrorCode = 40000, SQLState = 08S01, exception = MetaException(message:Table default.nonAcidOrcTbl failed strict managed table checks due to the following reason: Table is marked as a managed table but is not transactional.))
	at org.apache.hadoop.hive.ql.TxnCommandsBaseForTests.runStatementOnDriver(TxnCommandsBaseForTests.java:247)
	at org.apache.hadoop.hive.ql.TxnCommandsBaseForTests.setUpInternal(TxnCommandsBaseForTests.java:144)
	at org.apache.hadoop.hive.ql.TxnCommandsBaseForTests.setUp(TxnCommandsBaseForTests.java:94)
	at sun.reflect.NativeMethodAccessorImpl.invoke0(Native Method)
	at sun.reflect.NativeMethodAccessorImpl.invoke(NativeMethodAccessorImpl.java:62)
	at sun.reflect.DelegatingMethodAccessorImpl.invoke(DelegatingMethodAccessorImpl.java:43)
	at java.lang.reflect.Method.invoke(Method.java:498)
	at org.junit.runners.model.FrameworkMethod$1.runReflectiveCall(FrameworkMethod.java:59)
	at org.junit.internal.runners.model.ReflectiveCallable.run(ReflectiveCallable.java:12)
	at org.junit.runners.model.FrameworkMethod.invokeExplosively(FrameworkMethod.java:56)
	at org.junit.internal.runners.statements.RunBefores.invokeMethod(RunBefores.java:33)
	at org.junit.internal.runners.statements.RunBefores.evaluate(RunBefores.java:24)
	at org.junit.internal.runners.statements.RunAfters.evaluate(RunAfters.java:27)
	at org.junit.rules.TestWatcher$1.evaluate(TestWatcher.java:61)
	at org.junit.runners.ParentRunner$3.evaluate(ParentRunner.java:306)
	at org.junit.runners.BlockJUnit4ClassRunner$1.evaluate(BlockJUnit4ClassRunner.java:100)
	at org.junit.runners.ParentRunner.runLeaf(ParentRunner.java:366)
	at org.junit.runners.BlockJUnit4ClassRunner.runChild(BlockJUnit4ClassRunner.java:103)
	at org.junit.runners.BlockJUnit4ClassRunner.runChild(BlockJUnit4ClassRunner.java:63)
	at org.junit.runners.ParentRunner$4.run(ParentRunner.java:331)
	at org.junit.runners.ParentRunner$1.schedule(ParentRunner.java:79)
	at org.junit.runners.ParentRunner.runChildren(ParentRunner.java:329)
	at org.junit.runners.ParentRunner.access$100(ParentRunner.java:66)
	at org.junit.runners.ParentRunner$2.evaluate(ParentRunner.java:293)
	at org.junit.runners.ParentRunner$3.evaluate(ParentRunner.java:306)
	at org.junit.runners.ParentRunner.run(ParentRunner.java:413)
	at org.junit.runner.JUnitCore.run(JUnitCore.java:137)
	at org.junit.runner.JUnitCore.run(JUnitCore.java:115)
	at org.junit.vintage.engine.execution.RunnerExecutor.execute(RunnerExecutor.java:43)
	at java.util.stream.ForEachOps$ForEachOp$OfRef.accept(ForEachOps.java:183)
	at java.util.stream.ReferencePipeline$3$1.accept(ReferencePipeline.java:193)
	at java.util.Iterator.forEachRemaining(Iterator.java:116)
	at java.util.Spliterators$IteratorSpliterator.forEachRemaining(Spliterators.java:1801)
	at java.util.stream.AbstractPipeline.copyInto(AbstractPipeline.java:482)
	at java.util.stream.AbstractPipeline.wrapAndCopyInto(AbstractPipeline.java:472)
	at java.util.stream.ForEachOps$ForEachOp.evaluateSequential(ForEachOps.java:150)
	at java.util.stream.ForEachOps$ForEachOp$OfRef.evaluateSequential(ForEachOps.java:173)
	at java.util.stream.AbstractPipeline.evaluate(AbstractPipeline.java:234)
	at java.util.stream.ReferencePipeline.forEach(ReferencePipeline.java:485)
	at org.junit.vintage.engine.VintageTestEngine.executeAllChildren(VintageTestEngine.java:82)
	at org.junit.vintage.engine.VintageTestEngine.execute(VintageTestEngine.java:73)
	at org.junit.platform.launcher.core.DefaultLauncher.execute(DefaultLauncher.java:248)
	at org.junit.platform.launcher.core.DefaultLauncher.lambda$execute$5(DefaultLauncher.java:211)
	at org.junit.platform.launcher.core.DefaultLauncher.withInterceptedStreams(DefaultLauncher.java:226)
	at org.junit.platform.launcher.core.DefaultLauncher.execute(DefaultLauncher.java:199)
	at org.junit.platform.launcher.core.DefaultLauncher.execute(DefaultLauncher.java:132)
	at org.apache.maven.surefire.junitplatform.JUnitPlatformProvider.invokeAllTests(JUnitPlatformProvider.java:154)
	at org.apache.maven.surefire.junitplatform.JUnitPlatformProvider.invoke(JUnitPlatformProvider.java:123)
	at org.apache.maven.surefire.booter.ForkedBooter.runSuitesInProcess(ForkedBooter.java:377)
	at org.apache.maven.surefire.booter.ForkedBooter.execute(ForkedBooter.java:138)
	at org.apache.maven.surefire.booter.ForkedBooter.run(ForkedBooter.java:465)
	at org.apache.maven.surefire.booter.ForkedBooter.main(ForkedBooter.java:451)
]]></error>
    <system-err><![CDATA[2024-04-24T01:29:25,743  WARN [main] conf.HiveConf: HiveConf of name hive.metastore.client.cache.recordStats does not exist
2024-04-24T01:29:25,743  WARN [main] conf.HiveConf: HiveConf of name hive.metastore.metadb.dir does not exist
2024-04-24T01:29:25,743  WARN [main] conf.HiveConf: HiveConf of name hive.stats.key.prefix.reserve.length does not exist
2024-04-24T01:29:25,743  WARN [main] conf.HiveConf: HiveConf of name hive.llap.io.cache.orc.size does not exist
2024-04-24T01:29:25,743  WARN [main] conf.HiveConf: HiveConf of name hive.llap.io.cache.orc.arena.size does not exist
2024-04-24T01:29:25,743  WARN [main] conf.HiveConf: HiveConf of name hive.dummyparam.test.server.specific.config.metastoresite does not exist
2024-04-24T01:29:25,743  WARN [main] conf.HiveConf: HiveConf of name hive.llap.io.cache.orc.alloc.min does not exist
2024-04-24T01:29:25,743  WARN [main] conf.HiveConf: HiveConf of name hive.llap.io.cache.orc.alloc.max does not exist
2024-04-24T01:29:25,743  WARN [main] conf.HiveConf: HiveConf of name hive.dummyparam.test.server.specific.config.hivesite does not exist
2024-04-24T01:29:25,743  WARN [main] conf.HiveConf: HiveConf of name hive.dummyparam.test.server.specific.config.override does not exist
2024-04-24T01:29:25,743  WARN [main] conf.HiveConf: HiveConf of name hive.metastore.client.cache.maxSize does not exist
2024-04-24T01:29:25,744  INFO [main] utils.TestTxnDbUtil: Creating transactional tables
Hive Session ID = 3f69d2bf-ccbd-4a58-be60-89f03cf3378b
2024-04-24T01:29:25,747  INFO [main] SessionState: Hive Session ID = 3f69d2bf-ccbd-4a58-be60-89f03cf3378b
ivysettings.xml file not found in HIVE_HOME or HIVE_CONF_DIR,/home/alex/Repositories/hive/conf/ivysettings.xml will be used
2024-04-24T01:29:25,747  INFO [main] DependencyResolver: ivysettings.xml file not found in HIVE_HOME or HIVE_CONF_DIR,/home/alex/Repositories/hive/conf/ivysettings.xml will be used
2024-04-24T01:29:25,753  INFO [main] session.SessionState: Created HDFS directory: /home/alex/Repositories/hive/ql/target/tmp/scratchdir/alex/3f69d2bf-ccbd-4a58-be60-89f03cf3378b
2024-04-24T01:29:25,755  INFO [main] session.SessionState: Created local directory: /home/alex/Repositories/hive/ql/target/tmp/localscratchdir/3f69d2bf-ccbd-4a58-be60-89f03cf3378b
2024-04-24T01:29:25,758  INFO [main] session.SessionState: Created HDFS directory: /home/alex/Repositories/hive/ql/target/tmp/scratchdir/alex/3f69d2bf-ccbd-4a58-be60-89f03cf3378b/_tmp_space.db
2024-04-24T01:29:25,758  INFO [main] sqlstd.SQLStdHiveAccessController: Created SQLStdHiveAccessController for session context : HiveAuthzSessionContext [sessionString=3f69d2bf-ccbd-4a58-be60-89f03cf3378b, clientType=HIVECLI]
2024-04-24T01:29:25,759  INFO [main] ql.TxnCommandsBaseForTests: Running the query: drop table if exists acidTbl
2024-04-24T01:29:25,759  INFO [main] ql.Driver: Compiling command(queryId=alex_20240424012925_bcaaa92e-03ef-48d9-9eaf-e6af914a9e29): drop table if exists acidTbl
2024-04-24T01:29:25,767  INFO [main] txn.TxnHandler: Added entries to MIN_HISTORY_LEVEL for current txns: ([1]) with min_open_txn: 1
2024-04-24T01:29:25,768  INFO [main] lockmgr.DbTxnManager: Opened txnid:1
2024-04-24T01:29:25,770  INFO [main] HiveMetaStore.audit: ugi=alex	ip=unknown-ip-addr	cmd=get_table : tbl=hive.default.acidTbl	
2024-04-24T01:29:25,773  INFO [main] ql.Driver: Semantic Analysis Completed (retrial = false)
2024-04-24T01:29:25,774  INFO [main] ql.Driver: Created Hive schema: Schema(fieldSchemas:null, properties:null)
2024-04-24T01:29:25,774  INFO [main] metadata.Hive: Dumping metastore api call timing information for : compilation phase
2024-04-24T01:29:25,774  INFO [main] metadata.Hive: Total time spent in each metastore function (ms): {commitTxn_(CommitTxnRequest)=15, flushCache_()=0, openTxn_(String, TxnType)=8, getValidTxns_(long)=2, isCompatibleWith_(Configuration)=0}
2024-04-24T01:29:25,774  INFO [main] ql.Driver: Completed compiling command(queryId=alex_20240424012925_bcaaa92e-03ef-48d9-9eaf-e6af914a9e29); Time taken: 0.015 seconds
2024-04-24T01:29:25,774  INFO [main] lockmgr.DbTxnManager: Setting lock request transaction to txnid:1 for queryId=alex_20240424012925_bcaaa92e-03ef-48d9-9eaf-e6af914a9e29
2024-04-24T01:29:25,774  INFO [main] ql.Driver: Operation DROPTABLE obtained 0 locks
2024-04-24T01:29:25,774  INFO [main] ql.Driver: Executing command(queryId=alex_20240424012925_bcaaa92e-03ef-48d9-9eaf-e6af914a9e29): drop table if exists acidTbl
2024-04-24T01:29:25,774  INFO [main] ql.Driver: Starting task [Stage-0:DDL] in serial mode
2024-04-24T01:29:25,775  INFO [main] HiveMetaStore.audit: ugi=alex	ip=unknown-ip-addr	cmd=get_table : tbl=hive.default.acidTbl	
2024-04-24T01:29:25,778  INFO [main] metadata.Hive: Dumping metastore api call timing information for : execution phase
2024-04-24T01:29:25,778  INFO [main] metadata.Hive: Total time spent in each metastore function (ms): {isCompatibleWith_(Configuration)=0}
2024-04-24T01:29:25,778  INFO [main] ql.Driver: Completed executing command(queryId=alex_20240424012925_bcaaa92e-03ef-48d9-9eaf-e6af914a9e29); Time taken: 0.004 seconds
2024-04-24T01:29:25,778  INFO [main] lockmgr.DbTxnManager: Stopped heartbeat for query: alex_20240424012925_bcaaa92e-03ef-48d9-9eaf-e6af914a9e29
2024-04-24T01:29:25,785  INFO [main] txn.TxnHandler: Expected to move at least one record from txn_components to completed_txn_components when committing txn! txnid:1
2024-04-24T01:29:25,792  INFO [main] txn.TxnHandler: Removed transactions: ([1]) from MIN_HISTORY_LEVEL
2024-04-24T01:29:25,792  WARN [main] txn.CompactionTxnHandler: No compaction queue record found for Compaction type transaction commit. txnId:1
2024-04-24T01:29:25,792  INFO [main] ql.TxnCommandsBaseForTests: Running the query: drop table if exists acidTblPart
2024-04-24T01:29:25,793  INFO [main] ql.Driver: Compiling command(queryId=alex_20240424012925_36ef8b54-4e4d-4194-a869-d91ebc4009ed): drop table if exists acidTblPart
2024-04-24T01:29:25,795  INFO [main] txn.TxnHandler: Added entries to MIN_HISTORY_LEVEL for current txns: ([2]) with min_open_txn: 1
2024-04-24T01:29:25,796  INFO [main] lockmgr.DbTxnManager: Opened txnid:2
2024-04-24T01:29:25,796  INFO [main] HiveMetaStore.audit: ugi=alex	ip=unknown-ip-addr	cmd=get_table : tbl=hive.default.acidTblPart	
2024-04-24T01:29:25,800  INFO [main] ql.Driver: Semantic Analysis Completed (retrial = false)
2024-04-24T01:29:25,800  INFO [main] ql.Driver: Created Hive schema: Schema(fieldSchemas:null, properties:null)
2024-04-24T01:29:25,800  INFO [main] metadata.Hive: Dumping metastore api call timing information for : compilation phase
2024-04-24T01:29:25,800  INFO [main] metadata.Hive: Total time spent in each metastore function (ms): {commitTxn_(CommitTxnRequest)=14, getValidTxns_(long)=0, openTxn_(String, TxnType)=3, isCompatibleWith_(Configuration)=0, flushCache_()=0}
2024-04-24T01:29:25,800  INFO [main] ql.Driver: Completed compiling command(queryId=alex_20240424012925_36ef8b54-4e4d-4194-a869-d91ebc4009ed); Time taken: 0.007 seconds
2024-04-24T01:29:25,800  INFO [main] lockmgr.DbTxnManager: Setting lock request transaction to txnid:2 for queryId=alex_20240424012925_36ef8b54-4e4d-4194-a869-d91ebc4009ed
2024-04-24T01:29:25,800  INFO [main] ql.Driver: Operation DROPTABLE obtained 0 locks
2024-04-24T01:29:25,801  INFO [main] ql.Driver: Executing command(queryId=alex_20240424012925_36ef8b54-4e4d-4194-a869-d91ebc4009ed): drop table if exists acidTblPart
2024-04-24T01:29:25,801  INFO [main] ql.Driver: Starting task [Stage-0:DDL] in serial mode
2024-04-24T01:29:25,801  INFO [main] HiveMetaStore.audit: ugi=alex	ip=unknown-ip-addr	cmd=get_table : tbl=hive.default.acidTblPart	
2024-04-24T01:29:25,805  INFO [main] metadata.Hive: Dumping metastore api call timing information for : execution phase
2024-04-24T01:29:25,805  INFO [main] metadata.Hive: Total time spent in each metastore function (ms): {isCompatibleWith_(Configuration)=0}
2024-04-24T01:29:25,805  INFO [main] ql.Driver: Completed executing command(queryId=alex_20240424012925_36ef8b54-4e4d-4194-a869-d91ebc4009ed); Time taken: 0.005 seconds
2024-04-24T01:29:25,805  INFO [main] lockmgr.DbTxnManager: Stopped heartbeat for query: alex_20240424012925_36ef8b54-4e4d-4194-a869-d91ebc4009ed
2024-04-24T01:29:25,811  INFO [main] txn.TxnHandler: Expected to move at least one record from txn_components to completed_txn_components when committing txn! txnid:2
2024-04-24T01:29:25,817  INFO [main] txn.TxnHandler: Removed transactions: ([2]) from MIN_HISTORY_LEVEL
2024-04-24T01:29:25,817  WARN [main] txn.CompactionTxnHandler: No compaction queue record found for Compaction type transaction commit. txnId:2
2024-04-24T01:29:25,818  INFO [main] ql.TxnCommandsBaseForTests: Running the query: drop table if exists acidTbl2
2024-04-24T01:29:25,819  INFO [main] ql.Driver: Compiling command(queryId=alex_20240424012925_e1512f2e-57c7-4ff3-9d4a-69e9bc39c874): drop table if exists acidTbl2
2024-04-24T01:29:25,821  INFO [main] txn.TxnHandler: Added entries to MIN_HISTORY_LEVEL for current txns: ([3]) with min_open_txn: 1
2024-04-24T01:29:25,822  INFO [main] lockmgr.DbTxnManager: Opened txnid:3
2024-04-24T01:29:25,822  INFO [main] HiveMetaStore.audit: ugi=alex	ip=unknown-ip-addr	cmd=get_table : tbl=hive.default.acidTbl2	
2024-04-24T01:29:25,827  INFO [main] ql.Driver: Semantic Analysis Completed (retrial = false)
2024-04-24T01:29:25,827  INFO [main] ql.Driver: Created Hive schema: Schema(fieldSchemas:null, properties:null)
2024-04-24T01:29:25,827  INFO [main] metadata.Hive: Dumping metastore api call timing information for : compilation phase
2024-04-24T01:29:25,827  INFO [main] metadata.Hive: Total time spent in each metastore function (ms): {isCompatibleWith_(Configuration)=0, openTxn_(String, TxnType)=3, getValidTxns_(long)=0, commitTxn_(CommitTxnRequest)=13, flushCache_()=0}
2024-04-24T01:29:25,827  INFO [main] ql.Driver: Completed compiling command(queryId=alex_20240424012925_e1512f2e-57c7-4ff3-9d4a-69e9bc39c874); Time taken: 0.008 seconds
2024-04-24T01:29:25,828  INFO [main] lockmgr.DbTxnManager: Setting lock request transaction to txnid:3 for queryId=alex_20240424012925_e1512f2e-57c7-4ff3-9d4a-69e9bc39c874
2024-04-24T01:29:25,828  INFO [main] ql.Driver: Operation DROPTABLE obtained 0 locks
2024-04-24T01:29:25,828  INFO [main] ql.Driver: Executing command(queryId=alex_20240424012925_e1512f2e-57c7-4ff3-9d4a-69e9bc39c874): drop table if exists acidTbl2
2024-04-24T01:29:25,828  INFO [main] ql.Driver: Starting task [Stage-0:DDL] in serial mode
2024-04-24T01:29:25,828  INFO [main] HiveMetaStore.audit: ugi=alex	ip=unknown-ip-addr	cmd=get_table : tbl=hive.default.acidTbl2	
2024-04-24T01:29:25,831  INFO [main] metadata.Hive: Dumping metastore api call timing information for : execution phase
2024-04-24T01:29:25,832  INFO [main] metadata.Hive: Total time spent in each metastore function (ms): {isCompatibleWith_(Configuration)=0}
2024-04-24T01:29:25,832  INFO [main] ql.Driver: Completed executing command(queryId=alex_20240424012925_e1512f2e-57c7-4ff3-9d4a-69e9bc39c874); Time taken: 0.003 seconds
2024-04-24T01:29:25,832  INFO [main] lockmgr.DbTxnManager: Stopped heartbeat for query: alex_20240424012925_e1512f2e-57c7-4ff3-9d4a-69e9bc39c874
2024-04-24T01:29:25,837  INFO [main] txn.TxnHandler: Expected to move at least one record from txn_components to completed_txn_components when committing txn! txnid:3
2024-04-24T01:29:25,845  INFO [main] txn.TxnHandler: Removed transactions: ([3]) from MIN_HISTORY_LEVEL
2024-04-24T01:29:25,845  WARN [main] txn.CompactionTxnHandler: No compaction queue record found for Compaction type transaction commit. txnId:3
2024-04-24T01:29:25,846  INFO [main] ql.TxnCommandsBaseForTests: Running the query: drop table if exists nonAcidOrcTbl
2024-04-24T01:29:25,847  INFO [main] ql.Driver: Compiling command(queryId=alex_20240424012925_763832c0-1c23-42e3-b98b-c7730b66de0b): drop table if exists nonAcidOrcTbl
2024-04-24T01:29:25,850  INFO [main] txn.TxnHandler: Added entries to MIN_HISTORY_LEVEL for current txns: ([4]) with min_open_txn: 1
2024-04-24T01:29:25,850  INFO [main] lockmgr.DbTxnManager: Opened txnid:4
2024-04-24T01:29:25,851  INFO [main] HiveMetaStore.audit: ugi=alex	ip=unknown-ip-addr	cmd=get_table : tbl=hive.default.nonAcidOrcTbl	
2024-04-24T01:29:25,856  INFO [main] ql.Driver: Semantic Analysis Completed (retrial = false)
2024-04-24T01:29:25,856  INFO [main] ql.Driver: Created Hive schema: Schema(fieldSchemas:null, properties:null)
2024-04-24T01:29:25,856  INFO [main] metadata.Hive: Dumping metastore api call timing information for : compilation phase
2024-04-24T01:29:25,856  INFO [main] metadata.Hive: Total time spent in each metastore function (ms): {getValidTxns_(long)=0, commitTxn_(CommitTxnRequest)=14, isCompatibleWith_(Configuration)=1, openTxn_(String, TxnType)=3, flushCache_()=0}
2024-04-24T01:29:25,857  INFO [main] ql.Driver: Completed compiling command(queryId=alex_20240424012925_763832c0-1c23-42e3-b98b-c7730b66de0b); Time taken: 0.009 seconds
2024-04-24T01:29:25,857  INFO [main] lockmgr.DbTxnManager: Setting lock request transaction to txnid:4 for queryId=alex_20240424012925_763832c0-1c23-42e3-b98b-c7730b66de0b
2024-04-24T01:29:25,857  INFO [main] ql.Driver: Operation DROPTABLE obtained 0 locks
2024-04-24T01:29:25,857  INFO [main] ql.Driver: Executing command(queryId=alex_20240424012925_763832c0-1c23-42e3-b98b-c7730b66de0b): drop table if exists nonAcidOrcTbl
2024-04-24T01:29:25,857  INFO [main] ql.Driver: Starting task [Stage-0:DDL] in serial mode
2024-04-24T01:29:25,858  INFO [main] HiveMetaStore.audit: ugi=alex	ip=unknown-ip-addr	cmd=get_table : tbl=hive.default.nonAcidOrcTbl	
2024-04-24T01:29:25,862  INFO [main] metadata.Hive: Dumping metastore api call timing information for : execution phase
2024-04-24T01:29:25,863  INFO [main] metadata.Hive: Total time spent in each metastore function (ms): {isCompatibleWith_(Configuration)=0}
2024-04-24T01:29:25,863  INFO [main] ql.Driver: Completed executing command(queryId=alex_20240424012925_763832c0-1c23-42e3-b98b-c7730b66de0b); Time taken: 0.005 seconds
2024-04-24T01:29:25,863  INFO [main] lockmgr.DbTxnManager: Stopped heartbeat for query: alex_20240424012925_763832c0-1c23-42e3-b98b-c7730b66de0b
2024-04-24T01:29:25,870  INFO [main] txn.TxnHandler: Expected to move at least one record from txn_components to completed_txn_components when committing txn! txnid:4
2024-04-24T01:29:25,878  INFO [main] txn.TxnHandler: Removed transactions: ([4]) from MIN_HISTORY_LEVEL
2024-04-24T01:29:25,878  WARN [main] txn.CompactionTxnHandler: No compaction queue record found for Compaction type transaction commit. txnId:4
2024-04-24T01:29:25,879  INFO [main] ql.TxnCommandsBaseForTests: Running the query: drop table if exists nonAcidOrcTbl2
2024-04-24T01:29:25,880  INFO [main] ql.Driver: Compiling command(queryId=alex_20240424012925_dd62af61-1cc6-49ef-8ab4-43e3bb65eb9f): drop table if exists nonAcidOrcTbl2
2024-04-24T01:29:25,883  INFO [main] txn.TxnHandler: Added entries to MIN_HISTORY_LEVEL for current txns: ([5]) with min_open_txn: 1
2024-04-24T01:29:25,884  INFO [main] lockmgr.DbTxnManager: Opened txnid:5
2024-04-24T01:29:25,885  INFO [main] HiveMetaStore.audit: ugi=alex	ip=unknown-ip-addr	cmd=get_table : tbl=hive.default.nonAcidOrcTbl2	
2024-04-24T01:29:25,891  INFO [main] ql.Driver: Semantic Analysis Completed (retrial = false)
2024-04-24T01:29:25,891  INFO [main] ql.Driver: Created Hive schema: Schema(fieldSchemas:null, properties:null)
2024-04-24T01:29:25,891  INFO [main] metadata.Hive: Dumping metastore api call timing information for : compilation phase
2024-04-24T01:29:25,891  INFO [main] metadata.Hive: Total time spent in each metastore function (ms): {isCompatibleWith_(Configuration)=0, getValidTxns_(long)=1, commitTxn_(CommitTxnRequest)=16, flushCache_()=0, openTxn_(String, TxnType)=4}
2024-04-24T01:29:25,892  INFO [main] ql.Driver: Completed compiling command(queryId=alex_20240424012925_dd62af61-1cc6-49ef-8ab4-43e3bb65eb9f); Time taken: 0.011 seconds
2024-04-24T01:29:25,892  INFO [main] lockmgr.DbTxnManager: Setting lock request transaction to txnid:5 for queryId=alex_20240424012925_dd62af61-1cc6-49ef-8ab4-43e3bb65eb9f
2024-04-24T01:29:25,892  INFO [main] ql.Driver: Operation DROPTABLE obtained 0 locks
2024-04-24T01:29:25,892  INFO [main] ql.Driver: Executing command(queryId=alex_20240424012925_dd62af61-1cc6-49ef-8ab4-43e3bb65eb9f): drop table if exists nonAcidOrcTbl2
2024-04-24T01:29:25,892  INFO [main] ql.Driver: Starting task [Stage-0:DDL] in serial mode
2024-04-24T01:29:25,893  INFO [main] HiveMetaStore.audit: ugi=alex	ip=unknown-ip-addr	cmd=get_table : tbl=hive.default.nonAcidOrcTbl2	
2024-04-24T01:29:25,899  INFO [main] metadata.Hive: Dumping metastore api call timing information for : execution phase
2024-04-24T01:29:25,899  INFO [main] metadata.Hive: Total time spent in each metastore function (ms): {isCompatibleWith_(Configuration)=0}
2024-04-24T01:29:25,899  INFO [main] ql.Driver: Completed executing command(queryId=alex_20240424012925_dd62af61-1cc6-49ef-8ab4-43e3bb65eb9f); Time taken: 0.007 seconds
2024-04-24T01:29:25,899  INFO [main] lockmgr.DbTxnManager: Stopped heartbeat for query: alex_20240424012925_dd62af61-1cc6-49ef-8ab4-43e3bb65eb9f
2024-04-24T01:29:25,907  INFO [main] txn.TxnHandler: Expected to move at least one record from txn_components to completed_txn_components when committing txn! txnid:5
2024-04-24T01:29:25,917  INFO [main] txn.TxnHandler: Removed transactions: ([5]) from MIN_HISTORY_LEVEL
2024-04-24T01:29:25,917  WARN [main] txn.CompactionTxnHandler: No compaction queue record found for Compaction type transaction commit. txnId:5
2024-04-24T01:29:25,918  INFO [main] ql.TxnCommandsBaseForTests: Running the query: drop table if exists nonAcidNonBucket
2024-04-24T01:29:25,919  INFO [main] ql.Driver: Compiling command(queryId=alex_20240424012925_e1b0e2db-5af8-4d18-b9b1-ab96a7ee3f39): drop table if exists nonAcidNonBucket
2024-04-24T01:29:25,922  INFO [main] txn.TxnHandler: Added entries to MIN_HISTORY_LEVEL for current txns: ([6]) with min_open_txn: 1
2024-04-24T01:29:25,923  INFO [main] lockmgr.DbTxnManager: Opened txnid:6
2024-04-24T01:29:25,924  INFO [main] HiveMetaStore.audit: ugi=alex	ip=unknown-ip-addr	cmd=get_table : tbl=hive.default.nonAcidNonBucket	
2024-04-24T01:29:25,929  INFO [main] ql.Driver: Semantic Analysis Completed (retrial = false)
2024-04-24T01:29:25,929  INFO [main] ql.Driver: Created Hive schema: Schema(fieldSchemas:null, properties:null)
2024-04-24T01:29:25,929  INFO [main] metadata.Hive: Dumping metastore api call timing information for : compilation phase
2024-04-24T01:29:25,929  INFO [main] metadata.Hive: Total time spent in each metastore function (ms): {getValidTxns_(long)=0, isCompatibleWith_(Configuration)=1, openTxn_(String, TxnType)=3, commitTxn_(CommitTxnRequest)=19, flushCache_()=0}
2024-04-24T01:29:25,930  INFO [main] ql.Driver: Completed compiling command(queryId=alex_20240424012925_e1b0e2db-5af8-4d18-b9b1-ab96a7ee3f39); Time taken: 0.01 seconds
2024-04-24T01:29:25,930  INFO [main] lockmgr.DbTxnManager: Setting lock request transaction to txnid:6 for queryId=alex_20240424012925_e1b0e2db-5af8-4d18-b9b1-ab96a7ee3f39
2024-04-24T01:29:25,930  INFO [main] ql.Driver: Operation DROPTABLE obtained 0 locks
2024-04-24T01:29:25,930  INFO [main] ql.Driver: Executing command(queryId=alex_20240424012925_e1b0e2db-5af8-4d18-b9b1-ab96a7ee3f39): drop table if exists nonAcidNonBucket
2024-04-24T01:29:25,931  INFO [main] ql.Driver: Starting task [Stage-0:DDL] in serial mode
2024-04-24T01:29:25,931  INFO [main] HiveMetaStore.audit: ugi=alex	ip=unknown-ip-addr	cmd=get_table : tbl=hive.default.nonAcidNonBucket	
2024-04-24T01:29:25,937  INFO [main] metadata.Hive: Dumping metastore api call timing information for : execution phase
2024-04-24T01:29:25,937  INFO [main] metadata.Hive: Total time spent in each metastore function (ms): {isCompatibleWith_(Configuration)=0}
2024-04-24T01:29:25,937  INFO [main] ql.Driver: Completed executing command(queryId=alex_20240424012925_e1b0e2db-5af8-4d18-b9b1-ab96a7ee3f39); Time taken: 0.007 seconds
2024-04-24T01:29:25,938  INFO [main] lockmgr.DbTxnManager: Stopped heartbeat for query: alex_20240424012925_e1b0e2db-5af8-4d18-b9b1-ab96a7ee3f39
2024-04-24T01:29:25,947  INFO [main] txn.TxnHandler: Expected to move at least one record from txn_components to completed_txn_components when committing txn! txnid:6
2024-04-24T01:29:25,957  INFO [main] txn.TxnHandler: Removed transactions: ([6]) from MIN_HISTORY_LEVEL
2024-04-24T01:29:25,957  WARN [main] txn.CompactionTxnHandler: No compaction queue record found for Compaction type transaction commit. txnId:6
2024-04-24T01:29:25,958  INFO [main] ql.TxnCommandsBaseForTests: Running the query: create table acidTbl(a int, b int) clustered by (a) into 2 buckets stored as orc TBLPROPERTIES ('transactional'='true')
2024-04-24T01:29:25,959  INFO [main] ql.Driver: Compiling command(queryId=alex_20240424012925_b15ec758-5f58-42cb-b954-cfd8f77c5b7a): create table acidTbl(a int, b int) clustered by (a) into 2 buckets stored as orc TBLPROPERTIES ('transactional'='true')
2024-04-24T01:29:25,963  INFO [main] txn.TxnHandler: Added entries to MIN_HISTORY_LEVEL for current txns: ([7]) with min_open_txn: 1
2024-04-24T01:29:25,963  INFO [main] lockmgr.DbTxnManager: Opened txnid:7
2024-04-24T01:29:25,974  INFO [main] HiveMetaStore.audit: ugi=alex	ip=unknown-ip-addr	cmd=get_database: default	
2024-04-24T01:29:25,977  INFO [main] ql.Driver: Semantic Analysis Completed (retrial = false)
2024-04-24T01:29:25,977  INFO [main] ql.Driver: Created Hive schema: Schema(fieldSchemas:null, properties:null)
2024-04-24T01:29:25,977  INFO [main] metadata.Hive: Dumping metastore api call timing information for : compilation phase
2024-04-24T01:29:25,978  INFO [main] metadata.Hive: Total time spent in each metastore function (ms): {getDatabase_(String)=3, openTxn_(String, TxnType)=3, flushCache_()=0, getValidWriteIds_(List, String)=10, commitTxn_(CommitTxnRequest)=20, isCompatibleWith_(Configuration)=0, getValidTxns_(long)=1}
2024-04-24T01:29:25,978  INFO [main] ql.Driver: Completed compiling command(queryId=alex_20240424012925_b15ec758-5f58-42cb-b954-cfd8f77c5b7a); Time taken: 0.018 seconds
2024-04-24T01:29:25,978  INFO [main] lockmgr.DbTxnManager: Setting lock request transaction to txnid:7 for queryId=alex_20240424012925_b15ec758-5f58-42cb-b954-cfd8f77c5b7a
2024-04-24T01:29:25,979  INFO [main] lockmgr.DbLockManager: Requesting lock for queryId=alex_20240424012925_b15ec758-5f58-42cb-b954-cfd8f77c5b7a
2024-04-24T01:29:26,015  INFO [main] lockmgr.DbLockManager: Response to queryId=alex_20240424012925_b15ec758-5f58-42cb-b954-cfd8f77c5b7a LockResponse(lockid:1, state:ACQUIRED)
2024-04-24T01:29:26,015  INFO [main] ql.Driver: Operation CREATETABLE obtained 1 locks
2024-04-24T01:29:26,016  INFO [main] ql.Driver: Executing command(queryId=alex_20240424012925_b15ec758-5f58-42cb-b954-cfd8f77c5b7a): create table acidTbl(a int, b int) clustered by (a) into 2 buckets stored as orc TBLPROPERTIES ('transactional'='true')
2024-04-24T01:29:26,016  INFO [main] ql.Driver: Starting task [Stage-0:DDL] in serial mode
2024-04-24T01:29:26,018  INFO [main] HiveMetaStore.audit: ugi=alex	ip=unknown-ip-addr	cmd=create_table_req: Table(tableName:acidTbl, dbName:default, owner:alex, createTime:1713947366, lastAccessTime:0, retention:0, sd:StorageDescriptor(cols:[FieldSchema(name:a, type:int, comment:null), FieldSchema(name:b, type:int, comment:null)], location:null, inputFormat:org.apache.hadoop.hive.ql.io.orc.OrcInputFormat, outputFormat:org.apache.hadoop.hive.ql.io.orc.OrcOutputFormat, compressed:false, numBuckets:2, serdeInfo:SerDeInfo(name:null, serializationLib:org.apache.hadoop.hive.ql.io.orc.OrcSerde, parameters:{serialization.format=1}), bucketCols:[a], sortCols:[], parameters:{}, skewedInfo:SkewedInfo(skewedColNames:[], skewedColValues:[], skewedColValueLocationMaps:{}), storedAsSubDirectories:false), partitionKeys:[], parameters:{COLUMN_STATS_ACCURATE={"BASIC_STATS":"true","COLUMN_STATS":{"a":"true","b":"true"}}, rawDataSize=0, bucketing_version=2, totalSize=0, transactional=true, numFilesErasureCoded=0, numFiles=0, numRows=0}, viewOriginalText:null, viewExpandedText:null, tableType:MANAGED_TABLE, privileges:PrincipalPrivilegeSet(userPrivileges:{alex=[PrivilegeGrantInfo(privilege:INSERT, createTime:-1, grantor:alex, grantorType:USER, grantOption:true), PrivilegeGrantInfo(privilege:SELECT, createTime:-1, grantor:alex, grantorType:USER, grantOption:true), PrivilegeGrantInfo(privilege:UPDATE, createTime:-1, grantor:alex, grantorType:USER, grantOption:true), PrivilegeGrantInfo(privilege:DELETE, createTime:-1, grantor:alex, grantorType:USER, grantOption:true)]}, groupPrivileges:null, rolePrivileges:null), temporary:false, catName:hive, ownerType:USER, writeId:0)	
2024-04-24T01:29:26,030  INFO [main] utils.FileUtils: Creating directory if it doesn't exist: file:/home/alex/Repositories/hive/ql/target/tmp/org.apache.hadoop.hive.ql.util.TestHiveStrictManagedMigration-1713947339080/warehouse/acidtbl
2024-04-24T01:29:26,073  INFO [main] metadata.Hive: Dumping metastore api call timing information for : execution phase
2024-04-24T01:29:26,073  INFO [main] metadata.Hive: Total time spent in each metastore function (ms): {isCompatibleWith_(Configuration)=0, createTable_(Table)=56}
2024-04-24T01:29:26,074  INFO [main] ql.Driver: Completed executing command(queryId=alex_20240424012925_b15ec758-5f58-42cb-b954-cfd8f77c5b7a); Time taken: 0.057 seconds
2024-04-24T01:29:26,074  INFO [main] lockmgr.DbTxnManager: Stopped heartbeat for query: alex_20240424012925_b15ec758-5f58-42cb-b954-cfd8f77c5b7a
2024-04-24T01:29:26,078  INFO [main] txn.TxnHandler: Expected to move at least one record from txn_components to completed_txn_components when committing txn! txnid:7
2024-04-24T01:29:26,084  INFO [main] txn.TxnHandler: Removed transactions: ([7]) from MIN_HISTORY_LEVEL
2024-04-24T01:29:26,084  WARN [main] txn.CompactionTxnHandler: No compaction queue record found for Compaction type transaction commit. txnId:7
2024-04-24T01:29:26,085  INFO [main] ql.TxnCommandsBaseForTests: Running the query: create table acidTblPart(a int, b int) partitioned by (p string) clustered by (a) into 2 buckets stored as orc TBLPROPERTIES ('transactional'='true')
2024-04-24T01:29:26,086  INFO [main] ql.Driver: Compiling command(queryId=alex_20240424012926_f24a2dc5-43d2-4757-8907-de6f3bba1ade): create table acidTblPart(a int, b int) partitioned by (p string) clustered by (a) into 2 buckets stored as orc TBLPROPERTIES ('transactional'='true')
2024-04-24T01:29:26,089  INFO [main] txn.TxnHandler: Added entries to MIN_HISTORY_LEVEL for current txns: ([8]) with min_open_txn: 1
2024-04-24T01:29:26,089  INFO [main] lockmgr.DbTxnManager: Opened txnid:8
2024-04-24T01:29:26,093  INFO [main] HiveMetaStore.audit: ugi=alex	ip=unknown-ip-addr	cmd=get_database: default	
2024-04-24T01:29:26,096  INFO [main] ql.Driver: Semantic Analysis Completed (retrial = false)
2024-04-24T01:29:26,096  INFO [main] ql.Driver: Created Hive schema: Schema(fieldSchemas:null, properties:null)
2024-04-24T01:29:26,096  INFO [main] metadata.Hive: Dumping metastore api call timing information for : compilation phase
2024-04-24T01:29:26,096  INFO [main] metadata.Hive: Total time spent in each metastore function (ms): {getDatabase_(String)=3, isCompatibleWith_(Configuration)=1, getValidWriteIds_(List, String)=3, getValidTxns_(long)=0, openTxn_(String, TxnType)=2, commitTxn_(CommitTxnRequest)=11, flushCache_()=0}
2024-04-24T01:29:26,097  INFO [main] ql.Driver: Completed compiling command(queryId=alex_20240424012926_f24a2dc5-43d2-4757-8907-de6f3bba1ade); Time taken: 0.01 seconds
2024-04-24T01:29:26,097  INFO [main] lockmgr.DbTxnManager: Setting lock request transaction to txnid:8 for queryId=alex_20240424012926_f24a2dc5-43d2-4757-8907-de6f3bba1ade
2024-04-24T01:29:26,097  INFO [main] lockmgr.DbLockManager: Requesting lock for queryId=alex_20240424012926_f24a2dc5-43d2-4757-8907-de6f3bba1ade
2024-04-24T01:29:26,122  INFO [main] lockmgr.DbLockManager: Response to queryId=alex_20240424012926_f24a2dc5-43d2-4757-8907-de6f3bba1ade LockResponse(lockid:2, state:ACQUIRED)
2024-04-24T01:29:26,122  INFO [main] ql.Driver: Operation CREATETABLE obtained 1 locks
2024-04-24T01:29:26,123  INFO [main] ql.Driver: Executing command(queryId=alex_20240424012926_f24a2dc5-43d2-4757-8907-de6f3bba1ade): create table acidTblPart(a int, b int) partitioned by (p string) clustered by (a) into 2 buckets stored as orc TBLPROPERTIES ('transactional'='true')
2024-04-24T01:29:26,123  INFO [main] ql.Driver: Starting task [Stage-0:DDL] in serial mode
2024-04-24T01:29:26,124  INFO [main] HiveMetaStore.audit: ugi=alex	ip=unknown-ip-addr	cmd=create_table_req: Table(tableName:acidTblPart, dbName:default, owner:alex, createTime:1713947366, lastAccessTime:0, retention:0, sd:StorageDescriptor(cols:[FieldSchema(name:a, type:int, comment:null), FieldSchema(name:b, type:int, comment:null)], location:null, inputFormat:org.apache.hadoop.hive.ql.io.orc.OrcInputFormat, outputFormat:org.apache.hadoop.hive.ql.io.orc.OrcOutputFormat, compressed:false, numBuckets:2, serdeInfo:SerDeInfo(name:null, serializationLib:org.apache.hadoop.hive.ql.io.orc.OrcSerde, parameters:{serialization.format=1}), bucketCols:[a], sortCols:[], parameters:{}, skewedInfo:SkewedInfo(skewedColNames:[], skewedColValues:[], skewedColValueLocationMaps:{}), storedAsSubDirectories:false), partitionKeys:[FieldSchema(name:p, type:string, comment:null)], parameters:{transactional=true, bucketing_version=2}, viewOriginalText:null, viewExpandedText:null, tableType:MANAGED_TABLE, privileges:PrincipalPrivilegeSet(userPrivileges:{alex=[PrivilegeGrantInfo(privilege:INSERT, createTime:-1, grantor:alex, grantorType:USER, grantOption:true), PrivilegeGrantInfo(privilege:SELECT, createTime:-1, grantor:alex, grantorType:USER, grantOption:true), PrivilegeGrantInfo(privilege:UPDATE, createTime:-1, grantor:alex, grantorType:USER, grantOption:true), PrivilegeGrantInfo(privilege:DELETE, createTime:-1, grantor:alex, grantorType:USER, grantOption:true)]}, groupPrivileges:null, rolePrivileges:null), temporary:false, catName:hive, ownerType:USER, writeId:0)	
2024-04-24T01:29:26,134  INFO [main] utils.FileUtils: Creating directory if it doesn't exist: file:/home/alex/Repositories/hive/ql/target/tmp/org.apache.hadoop.hive.ql.util.TestHiveStrictManagedMigration-1713947339080/warehouse/acidtblpart
2024-04-24T01:29:26,161  INFO [main] metadata.Hive: Dumping metastore api call timing information for : execution phase
2024-04-24T01:29:26,161  INFO [main] metadata.Hive: Total time spent in each metastore function (ms): {createTable_(Table)=37, isCompatibleWith_(Configuration)=0}
2024-04-24T01:29:26,161  INFO [main] ql.Driver: Completed executing command(queryId=alex_20240424012926_f24a2dc5-43d2-4757-8907-de6f3bba1ade); Time taken: 0.038 seconds
2024-04-24T01:29:26,161  INFO [main] lockmgr.DbTxnManager: Stopped heartbeat for query: alex_20240424012926_f24a2dc5-43d2-4757-8907-de6f3bba1ade
2024-04-24T01:29:26,167  INFO [main] txn.TxnHandler: Expected to move at least one record from txn_components to completed_txn_components when committing txn! txnid:8
2024-04-24T01:29:26,176  INFO [main] txn.TxnHandler: Removed transactions: ([8]) from MIN_HISTORY_LEVEL
2024-04-24T01:29:26,176  WARN [main] txn.CompactionTxnHandler: No compaction queue record found for Compaction type transaction commit. txnId:8
2024-04-24T01:29:26,177  INFO [main] ql.TxnCommandsBaseForTests: Running the query: create table nonAcidOrcTbl(a int, b int) clustered by (a) into 2 buckets stored as orc TBLPROPERTIES ('transactional'='false')
2024-04-24T01:29:26,178  INFO [main] ql.Driver: Compiling command(queryId=alex_20240424012926_dbb71aa9-b737-4ab6-8214-87078325f92f): create table nonAcidOrcTbl(a int, b int) clustered by (a) into 2 buckets stored as orc TBLPROPERTIES ('transactional'='false')
2024-04-24T01:29:26,181  INFO [main] txn.TxnHandler: Added entries to MIN_HISTORY_LEVEL for current txns: ([9]) with min_open_txn: 1
2024-04-24T01:29:26,181  INFO [main] lockmgr.DbTxnManager: Opened txnid:9
2024-04-24T01:29:26,186  INFO [main] HiveMetaStore.audit: ugi=alex	ip=unknown-ip-addr	cmd=get_database: default	
2024-04-24T01:29:26,189  INFO [main] ql.Driver: Semantic Analysis Completed (retrial = false)
2024-04-24T01:29:26,189  INFO [main] ql.Driver: Created Hive schema: Schema(fieldSchemas:null, properties:null)
2024-04-24T01:29:26,189  INFO [main] metadata.Hive: Dumping metastore api call timing information for : compilation phase
2024-04-24T01:29:26,189  INFO [main] metadata.Hive: Total time spent in each metastore function (ms): {openTxn_(String, TxnType)=2, flushCache_()=0, isCompatibleWith_(Configuration)=1, commitTxn_(CommitTxnRequest)=15, getValidWriteIds_(List, String)=3, getDatabase_(String)=2, getValidTxns_(long)=0}
2024-04-24T01:29:26,189  INFO [main] ql.Driver: Completed compiling command(queryId=alex_20240424012926_dbb71aa9-b737-4ab6-8214-87078325f92f); Time taken: 0.011 seconds
2024-04-24T01:29:26,189  INFO [main] lockmgr.DbTxnManager: Setting lock request transaction to txnid:9 for queryId=alex_20240424012926_dbb71aa9-b737-4ab6-8214-87078325f92f
2024-04-24T01:29:26,190  INFO [main] lockmgr.DbLockManager: Requesting lock for queryId=alex_20240424012926_dbb71aa9-b737-4ab6-8214-87078325f92f
2024-04-24T01:29:26,213  INFO [main] lockmgr.DbLockManager: Response to queryId=alex_20240424012926_dbb71aa9-b737-4ab6-8214-87078325f92f LockResponse(lockid:3, state:ACQUIRED)
2024-04-24T01:29:26,213  INFO [main] ql.Driver: Operation CREATETABLE obtained 1 locks
2024-04-24T01:29:26,213  INFO [main] ql.Driver: Executing command(queryId=alex_20240424012926_dbb71aa9-b737-4ab6-8214-87078325f92f): create table nonAcidOrcTbl(a int, b int) clustered by (a) into 2 buckets stored as orc TBLPROPERTIES ('transactional'='false')
2024-04-24T01:29:26,213  INFO [main] ql.Driver: Starting task [Stage-0:DDL] in serial mode
2024-04-24T01:29:26,214  INFO [main] HiveMetaStore.audit: ugi=alex	ip=unknown-ip-addr	cmd=create_table_req: Table(tableName:nonAcidOrcTbl, dbName:default, owner:alex, createTime:1713947366, lastAccessTime:0, retention:0, sd:StorageDescriptor(cols:[FieldSchema(name:a, type:int, comment:null), FieldSchema(name:b, type:int, comment:null)], location:null, inputFormat:org.apache.hadoop.hive.ql.io.orc.OrcInputFormat, outputFormat:org.apache.hadoop.hive.ql.io.orc.OrcOutputFormat, compressed:false, numBuckets:2, serdeInfo:SerDeInfo(name:null, serializationLib:org.apache.hadoop.hive.ql.io.orc.OrcSerde, parameters:{serialization.format=1}), bucketCols:[a], sortCols:[], parameters:{}, skewedInfo:SkewedInfo(skewedColNames:[], skewedColValues:[], skewedColValueLocationMaps:{}), storedAsSubDirectories:false), partitionKeys:[], parameters:{numRows=0, rawDataSize=0, bucketing_version=2, numFiles=0, COLUMN_STATS_ACCURATE={"BASIC_STATS":"true","COLUMN_STATS":{"a":"true","b":"true"}}, numFilesErasureCoded=0, totalSize=0, transactional=false}, viewOriginalText:null, viewExpandedText:null, tableType:MANAGED_TABLE, privileges:PrincipalPrivilegeSet(userPrivileges:{alex=[PrivilegeGrantInfo(privilege:INSERT, createTime:-1, grantor:alex, grantorType:USER, grantOption:true), PrivilegeGrantInfo(privilege:SELECT, createTime:-1, grantor:alex, grantorType:USER, grantOption:true), PrivilegeGrantInfo(privilege:UPDATE, createTime:-1, grantor:alex, grantorType:USER, grantOption:true), PrivilegeGrantInfo(privilege:DELETE, createTime:-1, grantor:alex, grantorType:USER, grantOption:true)]}, groupPrivileges:null, rolePrivileges:null), temporary:false, catName:hive, ownerType:USER)	
2024-04-24T01:29:26,220  WARN [main] metastore.HMSHandler: create_table_req got 
org.apache.hadoop.hive.metastore.api.MetaException: Table default.nonAcidOrcTbl failed strict managed table checks due to the following reason: Table is marked as a managed table but is not transactional.
	at org.apache.hadoop.hive.metastore.utils.HiveStrictManagedUtils.validateStrictManagedTableWithThrow(HiveStrictManagedUtils.java:33) ~[classes/:?]
	at org.apache.hadoop.hive.metastore.TransactionalValidationListener.handle(TransactionalValidationListener.java:92) ~[classes/:?]
	at org.apache.hadoop.hive.metastore.TransactionalValidationListener.onEvent(TransactionalValidationListener.java:72) ~[classes/:?]
	at org.apache.hadoop.hive.metastore.HMSHandler.firePreEvent(HMSHandler.java:4033) ~[classes/:?]
	at org.apache.hadoop.hive.metastore.HMSHandler.create_table_core(HMSHandler.java:2392) ~[classes/:?]
	at org.apache.hadoop.hive.metastore.HMSHandler.create_table_req(HMSHandler.java:2598) ~[classes/:?]
	at sun.reflect.GeneratedMethodAccessor105.invoke(Unknown Source) ~[?:?]
	at sun.reflect.DelegatingMethodAccessorImpl.invoke(DelegatingMethodAccessorImpl.java:43) ~[?:1.8.0_402]
	at java.lang.reflect.Method.invoke(Method.java:498) ~[?:1.8.0_402]
	at org.apache.hadoop.hive.metastore.RetryingHMSHandler.invokeInternal(RetryingHMSHandler.java:147) ~[classes/:?]
	at org.apache.hadoop.hive.metastore.RetryingHMSHandler.invoke(RetryingHMSHandler.java:108) ~[classes/:?]
	at com.sun.proxy.$Proxy39.create_table_req(Unknown Source) ~[?:?]
	at org.apache.hadoop.hive.metastore.HiveMetaStoreClient.create_table_with_environment_context(HiveMetaStoreClient.java:4408) ~[classes/:?]
	at org.apache.hadoop.hive.ql.metadata.SessionHiveMetaStoreClient.create_table_with_environment_context(SessionHiveMetaStoreClient.java:182) ~[classes/:?]
	at org.apache.hadoop.hive.metastore.HiveMetaStoreClient.createTable(HiveMetaStoreClient.java:1260) ~[classes/:?]
	at org.apache.hadoop.hive.metastore.HiveMetaStoreClient.createTable(HiveMetaStoreClient.java:1245) ~[classes/:?]
	at sun.reflect.GeneratedMethodAccessor104.invoke(Unknown Source) ~[?:?]
	at sun.reflect.DelegatingMethodAccessorImpl.invoke(DelegatingMethodAccessorImpl.java:43) ~[?:1.8.0_402]
	at java.lang.reflect.Method.invoke(Method.java:498) ~[?:1.8.0_402]
	at org.apache.hadoop.hive.metastore.RetryingMetaStoreClient.invoke(RetryingMetaStoreClient.java:218) ~[classes/:?]
	at com.sun.proxy.$Proxy40.createTable(Unknown Source) ~[?:?]
	at org.apache.hadoop.hive.ql.metadata.Hive.createTable(Hive.java:1290) ~[classes/:?]
	at org.apache.hadoop.hive.ql.metadata.Hive.createTable(Hive.java:1306) ~[classes/:?]
	at org.apache.hadoop.hive.ql.ddl.table.create.CreateTableOperation.createTableNonReplaceMode(CreateTableOperation.java:140) ~[classes/:?]
	at org.apache.hadoop.hive.ql.ddl.table.create.CreateTableOperation.execute(CreateTableOperation.java:98) ~[classes/:?]
	at org.apache.hadoop.hive.ql.ddl.DDLTask.execute(DDLTask.java:84) ~[classes/:?]
	at org.apache.hadoop.hive.ql.exec.Task.executeTask(Task.java:212) ~[classes/:?]
	at org.apache.hadoop.hive.ql.exec.TaskRunner.runSequential(TaskRunner.java:105) ~[classes/:?]
	at org.apache.hadoop.hive.ql.Executor.launchTask(Executor.java:361) ~[classes/:?]
	at org.apache.hadoop.hive.ql.Executor.launchTasks(Executor.java:334) ~[classes/:?]
	at org.apache.hadoop.hive.ql.Executor.runTasks(Executor.java:245) ~[classes/:?]
	at org.apache.hadoop.hive.ql.Executor.execute(Executor.java:108) ~[classes/:?]
	at org.apache.hadoop.hive.ql.Driver.execute(Driver.java:348) ~[classes/:?]
	at org.apache.hadoop.hive.ql.Driver.runInternal(Driver.java:204) ~[classes/:?]
	at org.apache.hadoop.hive.ql.Driver.run(Driver.java:153) ~[classes/:?]
	at org.apache.hadoop.hive.ql.Driver.run(Driver.java:140) ~[classes/:?]
	at org.apache.hadoop.hive.ql.TxnCommandsBaseForTests.runStatementOnDriver(TxnCommandsBaseForTests.java:245) ~[test-classes/:?]
	at org.apache.hadoop.hive.ql.TxnCommandsBaseForTests.setUpInternal(TxnCommandsBaseForTests.java:144) ~[test-classes/:?]
	at org.apache.hadoop.hive.ql.TxnCommandsBaseForTests.setUp(TxnCommandsBaseForTests.java:94) ~[test-classes/:?]
	at sun.reflect.NativeMethodAccessorImpl.invoke0(Native Method) ~[?:1.8.0_402]
	at sun.reflect.NativeMethodAccessorImpl.invoke(NativeMethodAccessorImpl.java:62) ~[?:1.8.0_402]
	at sun.reflect.DelegatingMethodAccessorImpl.invoke(DelegatingMethodAccessorImpl.java:43) ~[?:1.8.0_402]
	at java.lang.reflect.Method.invoke(Method.java:498) ~[?:1.8.0_402]
	at org.junit.runners.model.FrameworkMethod$1.runReflectiveCall(FrameworkMethod.java:59) ~[junit-4.13.jar:4.13]
	at org.junit.internal.runners.model.ReflectiveCallable.run(ReflectiveCallable.java:12) ~[junit-4.13.jar:4.13]
	at org.junit.runners.model.FrameworkMethod.invokeExplosively(FrameworkMethod.java:56) ~[junit-4.13.jar:4.13]
	at org.junit.internal.runners.statements.RunBefores.invokeMethod(RunBefores.java:33) ~[junit-4.13.jar:4.13]
	at org.junit.internal.runners.statements.RunBefores.evaluate(RunBefores.java:24) ~[junit-4.13.jar:4.13]
	at org.junit.internal.runners.statements.RunAfters.evaluate(RunAfters.java:27) ~[junit-4.13.jar:4.13]
	at org.junit.rules.TestWatcher$1.evaluate(TestWatcher.java:61) ~[junit-4.13.jar:4.13]
	at org.junit.runners.ParentRunner$3.evaluate(ParentRunner.java:306) ~[junit-4.13.jar:4.13]
	at org.junit.runners.BlockJUnit4ClassRunner$1.evaluate(BlockJUnit4ClassRunner.java:100) ~[junit-4.13.jar:4.13]
	at org.junit.runners.ParentRunner.runLeaf(ParentRunner.java:366) ~[junit-4.13.jar:4.13]
	at org.junit.runners.BlockJUnit4ClassRunner.runChild(BlockJUnit4ClassRunner.java:103) ~[junit-4.13.jar:4.13]
	at org.junit.runners.BlockJUnit4ClassRunner.runChild(BlockJUnit4ClassRunner.java:63) ~[junit-4.13.jar:4.13]
	at org.junit.runners.ParentRunner$4.run(ParentRunner.java:331) ~[junit-4.13.jar:4.13]
	at org.junit.runners.ParentRunner$1.schedule(ParentRunner.java:79) ~[junit-4.13.jar:4.13]
	at org.junit.runners.ParentRunner.runChildren(ParentRunner.java:329) ~[junit-4.13.jar:4.13]
	at org.junit.runners.ParentRunner.access$100(ParentRunner.java:66) ~[junit-4.13.jar:4.13]
	at org.junit.runners.ParentRunner$2.evaluate(ParentRunner.java:293) ~[junit-4.13.jar:4.13]
	at org.junit.runners.ParentRunner$3.evaluate(ParentRunner.java:306) ~[junit-4.13.jar:4.13]
	at org.junit.runners.ParentRunner.run(ParentRunner.java:413) ~[junit-4.13.jar:4.13]
	at org.junit.runner.JUnitCore.run(JUnitCore.java:137) ~[junit-4.13.jar:4.13]
	at org.junit.runner.JUnitCore.run(JUnitCore.java:115) ~[junit-4.13.jar:4.13]
	at org.junit.vintage.engine.execution.RunnerExecutor.execute(RunnerExecutor.java:43) ~[junit-vintage-engine-5.6.2.jar:5.6.2]
	at java.util.stream.ForEachOps$ForEachOp$OfRef.accept(ForEachOps.java:183) ~[?:1.8.0_402]
	at java.util.stream.ReferencePipeline$3$1.accept(ReferencePipeline.java:193) ~[?:1.8.0_402]
	at java.util.Iterator.forEachRemaining(Iterator.java:116) ~[?:1.8.0_402]
	at java.util.Spliterators$IteratorSpliterator.forEachRemaining(Spliterators.java:1801) ~[?:1.8.0_402]
	at java.util.stream.AbstractPipeline.copyInto(AbstractPipeline.java:482) ~[?:1.8.0_402]
	at java.util.stream.AbstractPipeline.wrapAndCopyInto(AbstractPipeline.java:472) ~[?:1.8.0_402]
	at java.util.stream.ForEachOps$ForEachOp.evaluateSequential(ForEachOps.java:150) ~[?:1.8.0_402]
	at java.util.stream.ForEachOps$ForEachOp$OfRef.evaluateSequential(ForEachOps.java:173) ~[?:1.8.0_402]
	at java.util.stream.AbstractPipeline.evaluate(AbstractPipeline.java:234) ~[?:1.8.0_402]
	at java.util.stream.ReferencePipeline.forEach(ReferencePipeline.java:485) ~[?:1.8.0_402]
	at org.junit.vintage.engine.VintageTestEngine.executeAllChildren(VintageTestEngine.java:82) ~[junit-vintage-engine-5.6.2.jar:5.6.2]
	at org.junit.vintage.engine.VintageTestEngine.execute(VintageTestEngine.java:73) ~[junit-vintage-engine-5.6.2.jar:5.6.2]
	at org.junit.platform.launcher.core.DefaultLauncher.execute(DefaultLauncher.java:248) ~[junit-platform-launcher-1.6.2.jar:1.6.2]
	at org.junit.platform.launcher.core.DefaultLauncher.lambda$execute$5(DefaultLauncher.java:211) ~[junit-platform-launcher-1.6.2.jar:1.6.2]
	at org.junit.platform.launcher.core.DefaultLauncher.withInterceptedStreams(DefaultLauncher.java:226) [junit-platform-launcher-1.6.2.jar:1.6.2]
	at org.junit.platform.launcher.core.DefaultLauncher.execute(DefaultLauncher.java:199) [junit-platform-launcher-1.6.2.jar:1.6.2]
	at org.junit.platform.launcher.core.DefaultLauncher.execute(DefaultLauncher.java:132) [junit-platform-launcher-1.6.2.jar:1.6.2]
	at org.apache.maven.surefire.junitplatform.JUnitPlatformProvider.invokeAllTests(JUnitPlatformProvider.java:154) [surefire-junit-platform-3.0.0-M4.jar:3.0.0-M4]
	at org.apache.maven.surefire.junitplatform.JUnitPlatformProvider.invoke(JUnitPlatformProvider.java:123) [surefire-junit-platform-3.0.0-M4.jar:3.0.0-M4]
	at org.apache.maven.surefire.booter.ForkedBooter.runSuitesInProcess(ForkedBooter.java:377) [surefire-booter-3.0.0-M4.jar:3.0.0-M4]
	at org.apache.maven.surefire.booter.ForkedBooter.execute(ForkedBooter.java:138) [surefire-booter-3.0.0-M4.jar:3.0.0-M4]
	at org.apache.maven.surefire.booter.ForkedBooter.run(ForkedBooter.java:465) [surefire-booter-3.0.0-M4.jar:3.0.0-M4]
	at org.apache.maven.surefire.booter.ForkedBooter.main(ForkedBooter.java:451) [surefire-booter-3.0.0-M4.jar:3.0.0-M4]
2024-04-24T01:29:26,225 ERROR [main] metastore.RetryingHMSHandler: MetaException(message:Table default.nonAcidOrcTbl failed strict managed table checks due to the following reason: Table is marked as a managed table but is not transactional.)
	at org.apache.hadoop.hive.metastore.utils.HiveStrictManagedUtils.validateStrictManagedTableWithThrow(HiveStrictManagedUtils.java:33)
	at org.apache.hadoop.hive.metastore.TransactionalValidationListener.handle(TransactionalValidationListener.java:92)
	at org.apache.hadoop.hive.metastore.TransactionalValidationListener.onEvent(TransactionalValidationListener.java:72)
	at org.apache.hadoop.hive.metastore.HMSHandler.firePreEvent(HMSHandler.java:4033)
	at org.apache.hadoop.hive.metastore.HMSHandler.create_table_core(HMSHandler.java:2392)
	at org.apache.hadoop.hive.metastore.HMSHandler.create_table_req(HMSHandler.java:2598)
	at sun.reflect.GeneratedMethodAccessor105.invoke(Unknown Source)
	at sun.reflect.DelegatingMethodAccessorImpl.invoke(DelegatingMethodAccessorImpl.java:43)
	at java.lang.reflect.Method.invoke(Method.java:498)
	at org.apache.hadoop.hive.metastore.RetryingHMSHandler.invokeInternal(RetryingHMSHandler.java:147)
	at org.apache.hadoop.hive.metastore.RetryingHMSHandler.invoke(RetryingHMSHandler.java:108)
	at com.sun.proxy.$Proxy39.create_table_req(Unknown Source)
	at org.apache.hadoop.hive.metastore.HiveMetaStoreClient.create_table_with_environment_context(HiveMetaStoreClient.java:4408)
	at org.apache.hadoop.hive.ql.metadata.SessionHiveMetaStoreClient.create_table_with_environment_context(SessionHiveMetaStoreClient.java:182)
	at org.apache.hadoop.hive.metastore.HiveMetaStoreClient.createTable(HiveMetaStoreClient.java:1260)
	at org.apache.hadoop.hive.metastore.HiveMetaStoreClient.createTable(HiveMetaStoreClient.java:1245)
	at sun.reflect.GeneratedMethodAccessor104.invoke(Unknown Source)
	at sun.reflect.DelegatingMethodAccessorImpl.invoke(DelegatingMethodAccessorImpl.java:43)
	at java.lang.reflect.Method.invoke(Method.java:498)
	at org.apache.hadoop.hive.metastore.RetryingMetaStoreClient.invoke(RetryingMetaStoreClient.java:218)
	at com.sun.proxy.$Proxy40.createTable(Unknown Source)
	at org.apache.hadoop.hive.ql.metadata.Hive.createTable(Hive.java:1290)
	at org.apache.hadoop.hive.ql.metadata.Hive.createTable(Hive.java:1306)
	at org.apache.hadoop.hive.ql.ddl.table.create.CreateTableOperation.createTableNonReplaceMode(CreateTableOperation.java:140)
	at org.apache.hadoop.hive.ql.ddl.table.create.CreateTableOperation.execute(CreateTableOperation.java:98)
	at org.apache.hadoop.hive.ql.ddl.DDLTask.execute(DDLTask.java:84)
	at org.apache.hadoop.hive.ql.exec.Task.executeTask(Task.java:212)
	at org.apache.hadoop.hive.ql.exec.TaskRunner.runSequential(TaskRunner.java:105)
	at org.apache.hadoop.hive.ql.Executor.launchTask(Executor.java:361)
	at org.apache.hadoop.hive.ql.Executor.launchTasks(Executor.java:334)
	at org.apache.hadoop.hive.ql.Executor.runTasks(Executor.java:245)
	at org.apache.hadoop.hive.ql.Executor.execute(Executor.java:108)
	at org.apache.hadoop.hive.ql.Driver.execute(Driver.java:348)
	at org.apache.hadoop.hive.ql.Driver.runInternal(Driver.java:204)
	at org.apache.hadoop.hive.ql.Driver.run(Driver.java:153)
	at org.apache.hadoop.hive.ql.Driver.run(Driver.java:140)
	at org.apache.hadoop.hive.ql.TxnCommandsBaseForTests.runStatementOnDriver(TxnCommandsBaseForTests.java:245)
	at org.apache.hadoop.hive.ql.TxnCommandsBaseForTests.setUpInternal(TxnCommandsBaseForTests.java:144)
	at org.apache.hadoop.hive.ql.TxnCommandsBaseForTests.setUp(TxnCommandsBaseForTests.java:94)
	at sun.reflect.NativeMethodAccessorImpl.invoke0(Native Method)
	at sun.reflect.NativeMethodAccessorImpl.invoke(NativeMethodAccessorImpl.java:62)
	at sun.reflect.DelegatingMethodAccessorImpl.invoke(DelegatingMethodAccessorImpl.java:43)
	at java.lang.reflect.Method.invoke(Method.java:498)
	at org.junit.runners.model.FrameworkMethod$1.runReflectiveCall(FrameworkMethod.java:59)
	at org.junit.internal.runners.model.ReflectiveCallable.run(ReflectiveCallable.java:12)
	at org.junit.runners.model.FrameworkMethod.invokeExplosively(FrameworkMethod.java:56)
	at org.junit.internal.runners.statements.RunBefores.invokeMethod(RunBefores.java:33)
	at org.junit.internal.runners.statements.RunBefores.evaluate(RunBefores.java:24)
	at org.junit.internal.runners.statements.RunAfters.evaluate(RunAfters.java:27)
	at org.junit.rules.TestWatcher$1.evaluate(TestWatcher.java:61)
	at org.junit.runners.ParentRunner$3.evaluate(ParentRunner.java:306)
	at org.junit.runners.BlockJUnit4ClassRunner$1.evaluate(BlockJUnit4ClassRunner.java:100)
	at org.junit.runners.ParentRunner.runLeaf(ParentRunner.java:366)
	at org.junit.runners.BlockJUnit4ClassRunner.runChild(BlockJUnit4ClassRunner.java:103)
	at org.junit.runners.BlockJUnit4ClassRunner.runChild(BlockJUnit4ClassRunner.java:63)
	at org.junit.runners.ParentRunner$4.run(ParentRunner.java:331)
	at org.junit.runners.ParentRunner$1.schedule(ParentRunner.java:79)
	at org.junit.runners.ParentRunner.runChildren(ParentRunner.java:329)
	at org.junit.runners.ParentRunner.access$100(ParentRunner.java:66)
	at org.junit.runners.ParentRunner$2.evaluate(ParentRunner.java:293)
	at org.junit.runners.ParentRunner$3.evaluate(ParentRunner.java:306)
	at org.junit.runners.ParentRunner.run(ParentRunner.java:413)
	at org.junit.runner.JUnitCore.run(JUnitCore.java:137)
	at org.junit.runner.JUnitCore.run(JUnitCore.java:115)
	at org.junit.vintage.engine.execution.RunnerExecutor.execute(RunnerExecutor.java:43)
	at java.util.stream.ForEachOps$ForEachOp$OfRef.accept(ForEachOps.java:183)
	at java.util.stream.ReferencePipeline$3$1.accept(ReferencePipeline.java:193)
	at java.util.Iterator.forEachRemaining(Iterator.java:116)
	at java.util.Spliterators$IteratorSpliterator.forEachRemaining(Spliterators.java:1801)
	at java.util.stream.AbstractPipeline.copyInto(AbstractPipeline.java:482)
	at java.util.stream.AbstractPipeline.wrapAndCopyInto(AbstractPipeline.java:472)
	at java.util.stream.ForEachOps$ForEachOp.evaluateSequential(ForEachOps.java:150)
	at java.util.stream.ForEachOps$ForEachOp$OfRef.evaluateSequential(ForEachOps.java:173)
	at java.util.stream.AbstractPipeline.evaluate(AbstractPipeline.java:234)
	at java.util.stream.ReferencePipeline.forEach(ReferencePipeline.java:485)
	at org.junit.vintage.engine.VintageTestEngine.executeAllChildren(VintageTestEngine.java:82)
	at org.junit.vintage.engine.VintageTestEngine.execute(VintageTestEngine.java:73)
	at org.junit.platform.launcher.core.DefaultLauncher.execute(DefaultLauncher.java:248)
	at org.junit.platform.launcher.core.DefaultLauncher.lambda$execute$5(DefaultLauncher.java:211)
	at org.junit.platform.launcher.core.DefaultLauncher.withInterceptedStreams(DefaultLauncher.java:226)
	at org.junit.platform.launcher.core.DefaultLauncher.execute(DefaultLauncher.java:199)
	at org.junit.platform.launcher.core.DefaultLauncher.execute(DefaultLauncher.java:132)
	at org.apache.maven.surefire.junitplatform.JUnitPlatformProvider.invokeAllTests(JUnitPlatformProvider.java:154)
	at org.apache.maven.surefire.junitplatform.JUnitPlatformProvider.invoke(JUnitPlatformProvider.java:123)
	at org.apache.maven.surefire.booter.ForkedBooter.runSuitesInProcess(ForkedBooter.java:377)
	at org.apache.maven.surefire.booter.ForkedBooter.execute(ForkedBooter.java:138)
	at org.apache.maven.surefire.booter.ForkedBooter.run(ForkedBooter.java:465)
	at org.apache.maven.surefire.booter.ForkedBooter.main(ForkedBooter.java:451)

2024-04-24T01:29:26,225 ERROR [main] exec.Task: Failed
org.apache.hadoop.hive.ql.metadata.HiveException: MetaException(message:Table default.nonAcidOrcTbl failed strict managed table checks due to the following reason: Table is marked as a managed table but is not transactional.)
	at org.apache.hadoop.hive.ql.metadata.Hive.createTable(Hive.java:1301) ~[classes/:?]
	at org.apache.hadoop.hive.ql.metadata.Hive.createTable(Hive.java:1306) ~[classes/:?]
	at org.apache.hadoop.hive.ql.ddl.table.create.CreateTableOperation.createTableNonReplaceMode(CreateTableOperation.java:140) ~[classes/:?]
	at org.apache.hadoop.hive.ql.ddl.table.create.CreateTableOperation.execute(CreateTableOperation.java:98) ~[classes/:?]
	at org.apache.hadoop.hive.ql.ddl.DDLTask.execute(DDLTask.java:84) ~[classes/:?]
	at org.apache.hadoop.hive.ql.exec.Task.executeTask(Task.java:212) ~[classes/:?]
	at org.apache.hadoop.hive.ql.exec.TaskRunner.runSequential(TaskRunner.java:105) ~[classes/:?]
	at org.apache.hadoop.hive.ql.Executor.launchTask(Executor.java:361) ~[classes/:?]
	at org.apache.hadoop.hive.ql.Executor.launchTasks(Executor.java:334) ~[classes/:?]
	at org.apache.hadoop.hive.ql.Executor.runTasks(Executor.java:245) ~[classes/:?]
	at org.apache.hadoop.hive.ql.Executor.execute(Executor.java:108) ~[classes/:?]
	at org.apache.hadoop.hive.ql.Driver.execute(Driver.java:348) ~[classes/:?]
	at org.apache.hadoop.hive.ql.Driver.runInternal(Driver.java:204) ~[classes/:?]
	at org.apache.hadoop.hive.ql.Driver.run(Driver.java:153) ~[classes/:?]
	at org.apache.hadoop.hive.ql.Driver.run(Driver.java:140) ~[classes/:?]
	at org.apache.hadoop.hive.ql.TxnCommandsBaseForTests.runStatementOnDriver(TxnCommandsBaseForTests.java:245) ~[test-classes/:?]
	at org.apache.hadoop.hive.ql.TxnCommandsBaseForTests.setUpInternal(TxnCommandsBaseForTests.java:144) ~[test-classes/:?]
	at org.apache.hadoop.hive.ql.TxnCommandsBaseForTests.setUp(TxnCommandsBaseForTests.java:94) ~[test-classes/:?]
	at sun.reflect.NativeMethodAccessorImpl.invoke0(Native Method) ~[?:1.8.0_402]
	at sun.reflect.NativeMethodAccessorImpl.invoke(NativeMethodAccessorImpl.java:62) ~[?:1.8.0_402]
	at sun.reflect.DelegatingMethodAccessorImpl.invoke(DelegatingMethodAccessorImpl.java:43) ~[?:1.8.0_402]
	at java.lang.reflect.Method.invoke(Method.java:498) ~[?:1.8.0_402]
	at org.junit.runners.model.FrameworkMethod$1.runReflectiveCall(FrameworkMethod.java:59) ~[junit-4.13.jar:4.13]
	at org.junit.internal.runners.model.ReflectiveCallable.run(ReflectiveCallable.java:12) ~[junit-4.13.jar:4.13]
	at org.junit.runners.model.FrameworkMethod.invokeExplosively(FrameworkMethod.java:56) ~[junit-4.13.jar:4.13]
	at org.junit.internal.runners.statements.RunBefores.invokeMethod(RunBefores.java:33) ~[junit-4.13.jar:4.13]
	at org.junit.internal.runners.statements.RunBefores.evaluate(RunBefores.java:24) ~[junit-4.13.jar:4.13]
	at org.junit.internal.runners.statements.RunAfters.evaluate(RunAfters.java:27) ~[junit-4.13.jar:4.13]
	at org.junit.rules.TestWatcher$1.evaluate(TestWatcher.java:61) ~[junit-4.13.jar:4.13]
	at org.junit.runners.ParentRunner$3.evaluate(ParentRunner.java:306) ~[junit-4.13.jar:4.13]
	at org.junit.runners.BlockJUnit4ClassRunner$1.evaluate(BlockJUnit4ClassRunner.java:100) ~[junit-4.13.jar:4.13]
	at org.junit.runners.ParentRunner.runLeaf(ParentRunner.java:366) ~[junit-4.13.jar:4.13]
	at org.junit.runners.BlockJUnit4ClassRunner.runChild(BlockJUnit4ClassRunner.java:103) ~[junit-4.13.jar:4.13]
	at org.junit.runners.BlockJUnit4ClassRunner.runChild(BlockJUnit4ClassRunner.java:63) ~[junit-4.13.jar:4.13]
	at org.junit.runners.ParentRunner$4.run(ParentRunner.java:331) ~[junit-4.13.jar:4.13]
	at org.junit.runners.ParentRunner$1.schedule(ParentRunner.java:79) ~[junit-4.13.jar:4.13]
	at org.junit.runners.ParentRunner.runChildren(ParentRunner.java:329) ~[junit-4.13.jar:4.13]
	at org.junit.runners.ParentRunner.access$100(ParentRunner.java:66) ~[junit-4.13.jar:4.13]
	at org.junit.runners.ParentRunner$2.evaluate(ParentRunner.java:293) ~[junit-4.13.jar:4.13]
	at org.junit.runners.ParentRunner$3.evaluate(ParentRunner.java:306) ~[junit-4.13.jar:4.13]
	at org.junit.runners.ParentRunner.run(ParentRunner.java:413) ~[junit-4.13.jar:4.13]
	at org.junit.runner.JUnitCore.run(JUnitCore.java:137) ~[junit-4.13.jar:4.13]
	at org.junit.runner.JUnitCore.run(JUnitCore.java:115) ~[junit-4.13.jar:4.13]
	at org.junit.vintage.engine.execution.RunnerExecutor.execute(RunnerExecutor.java:43) ~[junit-vintage-engine-5.6.2.jar:5.6.2]
	at java.util.stream.ForEachOps$ForEachOp$OfRef.accept(ForEachOps.java:183) ~[?:1.8.0_402]
	at java.util.stream.ReferencePipeline$3$1.accept(ReferencePipeline.java:193) ~[?:1.8.0_402]
	at java.util.Iterator.forEachRemaining(Iterator.java:116) ~[?:1.8.0_402]
	at java.util.Spliterators$IteratorSpliterator.forEachRemaining(Spliterators.java:1801) ~[?:1.8.0_402]
	at java.util.stream.AbstractPipeline.copyInto(AbstractPipeline.java:482) ~[?:1.8.0_402]
	at java.util.stream.AbstractPipeline.wrapAndCopyInto(AbstractPipeline.java:472) ~[?:1.8.0_402]
	at java.util.stream.ForEachOps$ForEachOp.evaluateSequential(ForEachOps.java:150) ~[?:1.8.0_402]
	at java.util.stream.ForEachOps$ForEachOp$OfRef.evaluateSequential(ForEachOps.java:173) ~[?:1.8.0_402]
	at java.util.stream.AbstractPipeline.evaluate(AbstractPipeline.java:234) ~[?:1.8.0_402]
	at java.util.stream.ReferencePipeline.forEach(ReferencePipeline.java:485) ~[?:1.8.0_402]
	at org.junit.vintage.engine.VintageTestEngine.executeAllChildren(VintageTestEngine.java:82) ~[junit-vintage-engine-5.6.2.jar:5.6.2]
	at org.junit.vintage.engine.VintageTestEngine.execute(VintageTestEngine.java:73) ~[junit-vintage-engine-5.6.2.jar:5.6.2]
	at org.junit.platform.launcher.core.DefaultLauncher.execute(DefaultLauncher.java:248) ~[junit-platform-launcher-1.6.2.jar:1.6.2]
	at org.junit.platform.launcher.core.DefaultLauncher.lambda$execute$5(DefaultLauncher.java:211) ~[junit-platform-launcher-1.6.2.jar:1.6.2]
	at org.junit.platform.launcher.core.DefaultLauncher.withInterceptedStreams(DefaultLauncher.java:226) [junit-platform-launcher-1.6.2.jar:1.6.2]
	at org.junit.platform.launcher.core.DefaultLauncher.execute(DefaultLauncher.java:199) [junit-platform-launcher-1.6.2.jar:1.6.2]
	at org.junit.platform.launcher.core.DefaultLauncher.execute(DefaultLauncher.java:132) [junit-platform-launcher-1.6.2.jar:1.6.2]
	at org.apache.maven.surefire.junitplatform.JUnitPlatformProvider.invokeAllTests(JUnitPlatformProvider.java:154) [surefire-junit-platform-3.0.0-M4.jar:3.0.0-M4]
	at org.apache.maven.surefire.junitplatform.JUnitPlatformProvider.invoke(JUnitPlatformProvider.java:123) [surefire-junit-platform-3.0.0-M4.jar:3.0.0-M4]
	at org.apache.maven.surefire.booter.ForkedBooter.runSuitesInProcess(ForkedBooter.java:377) [surefire-booter-3.0.0-M4.jar:3.0.0-M4]
	at org.apache.maven.surefire.booter.ForkedBooter.execute(ForkedBooter.java:138) [surefire-booter-3.0.0-M4.jar:3.0.0-M4]
	at org.apache.maven.surefire.booter.ForkedBooter.run(ForkedBooter.java:465) [surefire-booter-3.0.0-M4.jar:3.0.0-M4]
	at org.apache.maven.surefire.booter.ForkedBooter.main(ForkedBooter.java:451) [surefire-booter-3.0.0-M4.jar:3.0.0-M4]
Caused by: org.apache.hadoop.hive.metastore.api.MetaException: Table default.nonAcidOrcTbl failed strict managed table checks due to the following reason: Table is marked as a managed table but is not transactional.
	at org.apache.hadoop.hive.metastore.utils.HiveStrictManagedUtils.validateStrictManagedTableWithThrow(HiveStrictManagedUtils.java:33) ~[classes/:?]
	at org.apache.hadoop.hive.metastore.TransactionalValidationListener.handle(TransactionalValidationListener.java:92) ~[classes/:?]
	at org.apache.hadoop.hive.metastore.TransactionalValidationListener.onEvent(TransactionalValidationListener.java:72) ~[classes/:?]
	at org.apache.hadoop.hive.metastore.HMSHandler.firePreEvent(HMSHandler.java:4033) ~[classes/:?]
	at org.apache.hadoop.hive.metastore.HMSHandler.create_table_core(HMSHandler.java:2392) ~[classes/:?]
	at org.apache.hadoop.hive.metastore.HMSHandler.create_table_req(HMSHandler.java:2598) ~[classes/:?]
	at sun.reflect.GeneratedMethodAccessor105.invoke(Unknown Source) ~[?:?]
	at sun.reflect.DelegatingMethodAccessorImpl.invoke(DelegatingMethodAccessorImpl.java:43) ~[?:1.8.0_402]
	at java.lang.reflect.Method.invoke(Method.java:498) ~[?:1.8.0_402]
	at org.apache.hadoop.hive.metastore.RetryingHMSHandler.invokeInternal(RetryingHMSHandler.java:147) ~[classes/:?]
	at org.apache.hadoop.hive.metastore.RetryingHMSHandler.invoke(RetryingHMSHandler.java:108) ~[classes/:?]
	at com.sun.proxy.$Proxy39.create_table_req(Unknown Source) ~[?:?]
	at org.apache.hadoop.hive.metastore.HiveMetaStoreClient.create_table_with_environment_context(HiveMetaStoreClient.java:4408) ~[classes/:?]
	at org.apache.hadoop.hive.ql.metadata.SessionHiveMetaStoreClient.create_table_with_environment_context(SessionHiveMetaStoreClient.java:182) ~[classes/:?]
	at org.apache.hadoop.hive.metastore.HiveMetaStoreClient.createTable(HiveMetaStoreClient.java:1260) ~[classes/:?]
	at org.apache.hadoop.hive.metastore.HiveMetaStoreClient.createTable(HiveMetaStoreClient.java:1245) ~[classes/:?]
	at sun.reflect.GeneratedMethodAccessor104.invoke(Unknown Source) ~[?:?]
	at sun.reflect.DelegatingMethodAccessorImpl.invoke(DelegatingMethodAccessorImpl.java:43) ~[?:1.8.0_402]
	at java.lang.reflect.Method.invoke(Method.java:498) ~[?:1.8.0_402]
	at org.apache.hadoop.hive.metastore.RetryingMetaStoreClient.invoke(RetryingMetaStoreClient.java:218) ~[classes/:?]
	at com.sun.proxy.$Proxy40.createTable(Unknown Source) ~[?:?]
	at org.apache.hadoop.hive.ql.metadata.Hive.createTable(Hive.java:1290) ~[classes/:?]
	... 66 more
2024-04-24T01:29:26,230 ERROR [main] exec.Task: DDLTask failed, DDL Operation: class org.apache.hadoop.hive.ql.ddl.table.create.CreateTableOperation
org.apache.hadoop.hive.ql.metadata.HiveException: MetaException(message:Table default.nonAcidOrcTbl failed strict managed table checks due to the following reason: Table is marked as a managed table but is not transactional.)
	at org.apache.hadoop.hive.ql.metadata.Hive.createTable(Hive.java:1301) ~[classes/:?]
	at org.apache.hadoop.hive.ql.metadata.Hive.createTable(Hive.java:1306) ~[classes/:?]
	at org.apache.hadoop.hive.ql.ddl.table.create.CreateTableOperation.createTableNonReplaceMode(CreateTableOperation.java:140) ~[classes/:?]
	at org.apache.hadoop.hive.ql.ddl.table.create.CreateTableOperation.execute(CreateTableOperation.java:98) ~[classes/:?]
	at org.apache.hadoop.hive.ql.ddl.DDLTask.execute(DDLTask.java:84) ~[classes/:?]
	at org.apache.hadoop.hive.ql.exec.Task.executeTask(Task.java:212) ~[classes/:?]
	at org.apache.hadoop.hive.ql.exec.TaskRunner.runSequential(TaskRunner.java:105) ~[classes/:?]
	at org.apache.hadoop.hive.ql.Executor.launchTask(Executor.java:361) ~[classes/:?]
	at org.apache.hadoop.hive.ql.Executor.launchTasks(Executor.java:334) ~[classes/:?]
	at org.apache.hadoop.hive.ql.Executor.runTasks(Executor.java:245) ~[classes/:?]
	at org.apache.hadoop.hive.ql.Executor.execute(Executor.java:108) ~[classes/:?]
	at org.apache.hadoop.hive.ql.Driver.execute(Driver.java:348) ~[classes/:?]
	at org.apache.hadoop.hive.ql.Driver.runInternal(Driver.java:204) ~[classes/:?]
	at org.apache.hadoop.hive.ql.Driver.run(Driver.java:153) ~[classes/:?]
	at org.apache.hadoop.hive.ql.Driver.run(Driver.java:140) ~[classes/:?]
	at org.apache.hadoop.hive.ql.TxnCommandsBaseForTests.runStatementOnDriver(TxnCommandsBaseForTests.java:245) ~[test-classes/:?]
	at org.apache.hadoop.hive.ql.TxnCommandsBaseForTests.setUpInternal(TxnCommandsBaseForTests.java:144) ~[test-classes/:?]
	at org.apache.hadoop.hive.ql.TxnCommandsBaseForTests.setUp(TxnCommandsBaseForTests.java:94) ~[test-classes/:?]
	at sun.reflect.NativeMethodAccessorImpl.invoke0(Native Method) ~[?:1.8.0_402]
	at sun.reflect.NativeMethodAccessorImpl.invoke(NativeMethodAccessorImpl.java:62) ~[?:1.8.0_402]
	at sun.reflect.DelegatingMethodAccessorImpl.invoke(DelegatingMethodAccessorImpl.java:43) ~[?:1.8.0_402]
	at java.lang.reflect.Method.invoke(Method.java:498) ~[?:1.8.0_402]
	at org.junit.runners.model.FrameworkMethod$1.runReflectiveCall(FrameworkMethod.java:59) ~[junit-4.13.jar:4.13]
	at org.junit.internal.runners.model.ReflectiveCallable.run(ReflectiveCallable.java:12) ~[junit-4.13.jar:4.13]
	at org.junit.runners.model.FrameworkMethod.invokeExplosively(FrameworkMethod.java:56) ~[junit-4.13.jar:4.13]
	at org.junit.internal.runners.statements.RunBefores.invokeMethod(RunBefores.java:33) ~[junit-4.13.jar:4.13]
	at org.junit.internal.runners.statements.RunBefores.evaluate(RunBefores.java:24) ~[junit-4.13.jar:4.13]
	at org.junit.internal.runners.statements.RunAfters.evaluate(RunAfters.java:27) ~[junit-4.13.jar:4.13]
	at org.junit.rules.TestWatcher$1.evaluate(TestWatcher.java:61) ~[junit-4.13.jar:4.13]
	at org.junit.runners.ParentRunner$3.evaluate(ParentRunner.java:306) ~[junit-4.13.jar:4.13]
	at org.junit.runners.BlockJUnit4ClassRunner$1.evaluate(BlockJUnit4ClassRunner.java:100) ~[junit-4.13.jar:4.13]
	at org.junit.runners.ParentRunner.runLeaf(ParentRunner.java:366) ~[junit-4.13.jar:4.13]
	at org.junit.runners.BlockJUnit4ClassRunner.runChild(BlockJUnit4ClassRunner.java:103) ~[junit-4.13.jar:4.13]
	at org.junit.runners.BlockJUnit4ClassRunner.runChild(BlockJUnit4ClassRunner.java:63) ~[junit-4.13.jar:4.13]
	at org.junit.runners.ParentRunner$4.run(ParentRunner.java:331) ~[junit-4.13.jar:4.13]
	at org.junit.runners.ParentRunner$1.schedule(ParentRunner.java:79) ~[junit-4.13.jar:4.13]
	at org.junit.runners.ParentRunner.runChildren(ParentRunner.java:329) ~[junit-4.13.jar:4.13]
	at org.junit.runners.ParentRunner.access$100(ParentRunner.java:66) ~[junit-4.13.jar:4.13]
	at org.junit.runners.ParentRunner$2.evaluate(ParentRunner.java:293) ~[junit-4.13.jar:4.13]
	at org.junit.runners.ParentRunner$3.evaluate(ParentRunner.java:306) ~[junit-4.13.jar:4.13]
	at org.junit.runners.ParentRunner.run(ParentRunner.java:413) ~[junit-4.13.jar:4.13]
	at org.junit.runner.JUnitCore.run(JUnitCore.java:137) ~[junit-4.13.jar:4.13]
	at org.junit.runner.JUnitCore.run(JUnitCore.java:115) ~[junit-4.13.jar:4.13]
	at org.junit.vintage.engine.execution.RunnerExecutor.execute(RunnerExecutor.java:43) ~[junit-vintage-engine-5.6.2.jar:5.6.2]
	at java.util.stream.ForEachOps$ForEachOp$OfRef.accept(ForEachOps.java:183) ~[?:1.8.0_402]
	at java.util.stream.ReferencePipeline$3$1.accept(ReferencePipeline.java:193) ~[?:1.8.0_402]
	at java.util.Iterator.forEachRemaining(Iterator.java:116) ~[?:1.8.0_402]
	at java.util.Spliterators$IteratorSpliterator.forEachRemaining(Spliterators.java:1801) ~[?:1.8.0_402]
	at java.util.stream.AbstractPipeline.copyInto(AbstractPipeline.java:482) ~[?:1.8.0_402]
	at java.util.stream.AbstractPipeline.wrapAndCopyInto(AbstractPipeline.java:472) ~[?:1.8.0_402]
	at java.util.stream.ForEachOps$ForEachOp.evaluateSequential(ForEachOps.java:150) ~[?:1.8.0_402]
	at java.util.stream.ForEachOps$ForEachOp$OfRef.evaluateSequential(ForEachOps.java:173) ~[?:1.8.0_402]
	at java.util.stream.AbstractPipeline.evaluate(AbstractPipeline.java:234) ~[?:1.8.0_402]
	at java.util.stream.ReferencePipeline.forEach(ReferencePipeline.java:485) ~[?:1.8.0_402]
	at org.junit.vintage.engine.VintageTestEngine.executeAllChildren(VintageTestEngine.java:82) ~[junit-vintage-engine-5.6.2.jar:5.6.2]
	at org.junit.vintage.engine.VintageTestEngine.execute(VintageTestEngine.java:73) ~[junit-vintage-engine-5.6.2.jar:5.6.2]
	at org.junit.platform.launcher.core.DefaultLauncher.execute(DefaultLauncher.java:248) ~[junit-platform-launcher-1.6.2.jar:1.6.2]
	at org.junit.platform.launcher.core.DefaultLauncher.lambda$execute$5(DefaultLauncher.java:211) ~[junit-platform-launcher-1.6.2.jar:1.6.2]
	at org.junit.platform.launcher.core.DefaultLauncher.withInterceptedStreams(DefaultLauncher.java:226) [junit-platform-launcher-1.6.2.jar:1.6.2]
	at org.junit.platform.launcher.core.DefaultLauncher.execute(DefaultLauncher.java:199) [junit-platform-launcher-1.6.2.jar:1.6.2]
	at org.junit.platform.launcher.core.DefaultLauncher.execute(DefaultLauncher.java:132) [junit-platform-launcher-1.6.2.jar:1.6.2]
	at org.apache.maven.surefire.junitplatform.JUnitPlatformProvider.invokeAllTests(JUnitPlatformProvider.java:154) [surefire-junit-platform-3.0.0-M4.jar:3.0.0-M4]
	at org.apache.maven.surefire.junitplatform.JUnitPlatformProvider.invoke(JUnitPlatformProvider.java:123) [surefire-junit-platform-3.0.0-M4.jar:3.0.0-M4]
	at org.apache.maven.surefire.booter.ForkedBooter.runSuitesInProcess(ForkedBooter.java:377) [surefire-booter-3.0.0-M4.jar:3.0.0-M4]
	at org.apache.maven.surefire.booter.ForkedBooter.execute(ForkedBooter.java:138) [surefire-booter-3.0.0-M4.jar:3.0.0-M4]
	at org.apache.maven.surefire.booter.ForkedBooter.run(ForkedBooter.java:465) [surefire-booter-3.0.0-M4.jar:3.0.0-M4]
	at org.apache.maven.surefire.booter.ForkedBooter.main(ForkedBooter.java:451) [surefire-booter-3.0.0-M4.jar:3.0.0-M4]
Caused by: org.apache.hadoop.hive.metastore.api.MetaException: Table default.nonAcidOrcTbl failed strict managed table checks due to the following reason: Table is marked as a managed table but is not transactional.
	at org.apache.hadoop.hive.metastore.utils.HiveStrictManagedUtils.validateStrictManagedTableWithThrow(HiveStrictManagedUtils.java:33) ~[classes/:?]
	at org.apache.hadoop.hive.metastore.TransactionalValidationListener.handle(TransactionalValidationListener.java:92) ~[classes/:?]
	at org.apache.hadoop.hive.metastore.TransactionalValidationListener.onEvent(TransactionalValidationListener.java:72) ~[classes/:?]
	at org.apache.hadoop.hive.metastore.HMSHandler.firePreEvent(HMSHandler.java:4033) ~[classes/:?]
	at org.apache.hadoop.hive.metastore.HMSHandler.create_table_core(HMSHandler.java:2392) ~[classes/:?]
	at org.apache.hadoop.hive.metastore.HMSHandler.create_table_req(HMSHandler.java:2598) ~[classes/:?]
	at sun.reflect.GeneratedMethodAccessor105.invoke(Unknown Source) ~[?:?]
	at sun.reflect.DelegatingMethodAccessorImpl.invoke(DelegatingMethodAccessorImpl.java:43) ~[?:1.8.0_402]
	at java.lang.reflect.Method.invoke(Method.java:498) ~[?:1.8.0_402]
	at org.apache.hadoop.hive.metastore.RetryingHMSHandler.invokeInternal(RetryingHMSHandler.java:147) ~[classes/:?]
	at org.apache.hadoop.hive.metastore.RetryingHMSHandler.invoke(RetryingHMSHandler.java:108) ~[classes/:?]
	at com.sun.proxy.$Proxy39.create_table_req(Unknown Source) ~[?:?]
	at org.apache.hadoop.hive.metastore.HiveMetaStoreClient.create_table_with_environment_context(HiveMetaStoreClient.java:4408) ~[classes/:?]
	at org.apache.hadoop.hive.ql.metadata.SessionHiveMetaStoreClient.create_table_with_environment_context(SessionHiveMetaStoreClient.java:182) ~[classes/:?]
	at org.apache.hadoop.hive.metastore.HiveMetaStoreClient.createTable(HiveMetaStoreClient.java:1260) ~[classes/:?]
	at org.apache.hadoop.hive.metastore.HiveMetaStoreClient.createTable(HiveMetaStoreClient.java:1245) ~[classes/:?]
	at sun.reflect.GeneratedMethodAccessor104.invoke(Unknown Source) ~[?:?]
	at sun.reflect.DelegatingMethodAccessorImpl.invoke(DelegatingMethodAccessorImpl.java:43) ~[?:1.8.0_402]
	at java.lang.reflect.Method.invoke(Method.java:498) ~[?:1.8.0_402]
	at org.apache.hadoop.hive.metastore.RetryingMetaStoreClient.invoke(RetryingMetaStoreClient.java:218) ~[classes/:?]
	at com.sun.proxy.$Proxy40.createTable(Unknown Source) ~[?:?]
	at org.apache.hadoop.hive.ql.metadata.Hive.createTable(Hive.java:1290) ~[classes/:?]
	... 66 more
FAILED: Execution Error, return code 40000 from org.apache.hadoop.hive.ql.ddl.DDLTask. MetaException(message:Table default.nonAcidOrcTbl failed strict managed table checks due to the following reason: Table is marked as a managed table but is not transactional.)
2024-04-24T01:29:26,235 ERROR [main] ql.Driver: FAILED: Execution Error, return code 40000 from org.apache.hadoop.hive.ql.ddl.DDLTask. MetaException(message:Table default.nonAcidOrcTbl failed strict managed table checks due to the following reason: Table is marked as a managed table but is not transactional.)
2024-04-24T01:29:26,235  INFO [main] metadata.Hive: Dumping metastore api call timing information for : execution phase
2024-04-24T01:29:26,235  INFO [main] metadata.Hive: Total time spent in each metastore function (ms): {isCompatibleWith_(Configuration)=0}
2024-04-24T01:29:26,236  INFO [main] ql.Driver: Completed executing command(queryId=alex_20240424012926_dbb71aa9-b737-4ab6-8214-87078325f92f); Time taken: 0.022 seconds
2024-04-24T01:29:26,236  INFO [main] lockmgr.DbTxnManager: Stopped heartbeat for query: alex_20240424012926_dbb71aa9-b737-4ab6-8214-87078325f92f
2024-04-24T01:29:26,238  INFO [main] txn.TxnHandler: Removed transactions: ([9]) from MIN_HISTORY_LEVEL
2024-04-24T01:29:26,246  INFO [main] ql.TxnCommandsBaseForTests: Running the query: drop table if exists acidTbl
2024-04-24T01:29:26,247  INFO [main] ql.Driver: Compiling command(queryId=alex_20240424012926_4fc7b36d-4101-44c7-b2b0-7ed41934a5c3): drop table if exists acidTbl
2024-04-24T01:29:26,249  INFO [main] txn.TxnHandler: Added entries to MIN_HISTORY_LEVEL for current txns: ([10]) with min_open_txn: 1
2024-04-24T01:29:26,249  INFO [main] lockmgr.DbTxnManager: Opened txnid:10
2024-04-24T01:29:26,250  INFO [main] HiveMetaStore.audit: ugi=alex	ip=unknown-ip-addr	cmd=get_table : tbl=hive.default.acidTbl	
2024-04-24T01:29:26,271  INFO [main] metastore.HMSHandler: Skipping translation for processor with null
2024-04-24T01:29:26,271  INFO [main] ql.Driver: Semantic Analysis Completed (retrial = false)
2024-04-24T01:29:26,271  INFO [main] ql.Driver: Created Hive schema: Schema(fieldSchemas:null, properties:null)
2024-04-24T01:29:26,271  INFO [main] metadata.Hive: Dumping metastore api call timing information for : compilation phase
2024-04-24T01:29:26,272  INFO [main] metadata.Hive: Total time spent in each metastore function (ms): {getTable_(GetTableRequest)=21, isCompatibleWith_(Configuration)=0, openTxn_(String, TxnType)=2, rollbackTxn_(long)=10, getValidTxns_(long)=1, flushCache_()=0}
2024-04-24T01:29:26,272  INFO [main] ql.Driver: Completed compiling command(queryId=alex_20240424012926_4fc7b36d-4101-44c7-b2b0-7ed41934a5c3); Time taken: 0.025 seconds
2024-04-24T01:29:26,272  INFO [main] lockmgr.DbTxnManager: Setting lock request transaction to txnid:10 for queryId=alex_20240424012926_4fc7b36d-4101-44c7-b2b0-7ed41934a5c3
2024-04-24T01:29:26,273  INFO [main] lockmgr.DbLockManager: Requesting lock for queryId=alex_20240424012926_4fc7b36d-4101-44c7-b2b0-7ed41934a5c3
2024-04-24T01:29:26,290  INFO [main] lockmgr.DbLockManager: Response to queryId=alex_20240424012926_4fc7b36d-4101-44c7-b2b0-7ed41934a5c3 LockResponse(lockid:4, state:ACQUIRED)
2024-04-24T01:29:26,290  INFO [main] ql.Driver: Operation DROPTABLE obtained 1 locks
2024-04-24T01:29:26,290  INFO [main] ql.Driver: Executing command(queryId=alex_20240424012926_4fc7b36d-4101-44c7-b2b0-7ed41934a5c3): drop table if exists acidTbl
2024-04-24T01:29:26,290  INFO [main] ql.Driver: Starting task [Stage-0:DDL] in serial mode
2024-04-24T01:29:26,291  INFO [main] HiveMetaStore.audit: ugi=alex	ip=unknown-ip-addr	cmd=get_table : tbl=hive.default.acidTbl	
2024-04-24T01:29:26,299  INFO [main] metastore.HMSHandler: Skipping translation for processor with null
2024-04-24T01:29:26,300  INFO [main] HiveMetaStore.audit: ugi=alex	ip=unknown-ip-addr	cmd=get_table : tbl=hive.default.acidTbl	
2024-04-24T01:29:26,311  INFO [main] metastore.HMSHandler: Skipping translation for processor with null
2024-04-24T01:29:26,311  INFO [main] HiveMetaStore.audit: ugi=alex	ip=unknown-ip-addr	cmd=drop_table : tbl=hive.default.acidTbl	
2024-04-24T01:29:26,473  INFO [main] metadata.Hive: Dumping metastore api call timing information for : execution phase
2024-04-24T01:29:26,473  INFO [main] metadata.Hive: Total time spent in each metastore function (ms): {isCompatibleWith_(Configuration)=1, getTable_(GetTableRequest)=8, dropTable_(String, String, boolean, boolean, boolean)=173}
2024-04-24T01:29:26,473  INFO [main] ql.Driver: Completed executing command(queryId=alex_20240424012926_4fc7b36d-4101-44c7-b2b0-7ed41934a5c3); Time taken: 0.183 seconds
2024-04-24T01:29:26,473  INFO [main] lockmgr.DbTxnManager: Stopped heartbeat for query: alex_20240424012926_4fc7b36d-4101-44c7-b2b0-7ed41934a5c3
2024-04-24T01:29:26,480  INFO [main] txn.TxnHandler: Expected to move at least one record from txn_components to completed_txn_components when committing txn! txnid:10
2024-04-24T01:29:26,488  INFO [main] txn.TxnHandler: Removed transactions: ([10]) from MIN_HISTORY_LEVEL
2024-04-24T01:29:26,489  WARN [main] txn.CompactionTxnHandler: No compaction queue record found for Compaction type transaction commit. txnId:10
2024-04-24T01:29:26,490  INFO [main] ql.TxnCommandsBaseForTests: Running the query: drop table if exists acidTblPart
2024-04-24T01:29:26,490  INFO [main] ql.Driver: Compiling command(queryId=alex_20240424012926_7ec94257-66e1-4075-ad3e-42c7e0a33984): drop table if exists acidTblPart
2024-04-24T01:29:26,517  INFO [main] txn.TxnHandler: Added entries to MIN_HISTORY_LEVEL for current txns: ([11]) with min_open_txn: 1
2024-04-24T01:29:26,517  INFO [main] lockmgr.DbTxnManager: Opened txnid:11
2024-04-24T01:29:26,520  INFO [main] HiveMetaStore.audit: ugi=alex	ip=unknown-ip-addr	cmd=get_table : tbl=hive.default.acidTblPart	
2024-04-24T01:29:26,534  INFO [main] metastore.HMSHandler: Skipping translation for processor with null
2024-04-24T01:29:26,535  INFO [main] ql.Driver: Semantic Analysis Completed (retrial = false)
2024-04-24T01:29:26,535  INFO [main] ql.Driver: Created Hive schema: Schema(fieldSchemas:null, properties:null)
2024-04-24T01:29:26,535  INFO [main] metadata.Hive: Dumping metastore api call timing information for : compilation phase
2024-04-24T01:29:26,535  INFO [main] metadata.Hive: Total time spent in each metastore function (ms): {openTxn_(String, TxnType)=26, commitTxn_(CommitTxnRequest)=17, flushCache_()=0, getValidTxns_(long)=3, isCompatibleWith_(Configuration)=0, getTable_(GetTableRequest)=15}
2024-04-24T01:29:26,535  INFO [main] ql.Driver: Completed compiling command(queryId=alex_20240424012926_7ec94257-66e1-4075-ad3e-42c7e0a33984); Time taken: 0.045 seconds
2024-04-24T01:29:26,536  INFO [main] lockmgr.DbTxnManager: Setting lock request transaction to txnid:11 for queryId=alex_20240424012926_7ec94257-66e1-4075-ad3e-42c7e0a33984
2024-04-24T01:29:26,536  INFO [main] lockmgr.DbLockManager: Requesting lock for queryId=alex_20240424012926_7ec94257-66e1-4075-ad3e-42c7e0a33984
2024-04-24T01:29:26,553  INFO [main] lockmgr.DbLockManager: Response to queryId=alex_20240424012926_7ec94257-66e1-4075-ad3e-42c7e0a33984 LockResponse(lockid:5, state:ACQUIRED)
2024-04-24T01:29:26,553  INFO [main] ql.Driver: Operation DROPTABLE obtained 1 locks
2024-04-24T01:29:26,553  INFO [main] ql.Driver: Executing command(queryId=alex_20240424012926_7ec94257-66e1-4075-ad3e-42c7e0a33984): drop table if exists acidTblPart
2024-04-24T01:29:26,553  INFO [main] ql.Driver: Starting task [Stage-0:DDL] in serial mode
2024-04-24T01:29:26,554  INFO [main] HiveMetaStore.audit: ugi=alex	ip=unknown-ip-addr	cmd=get_table : tbl=hive.default.acidTblPart	
2024-04-24T01:29:26,562  INFO [main] metastore.HMSHandler: Skipping translation for processor with null
2024-04-24T01:29:26,563  INFO [main] HiveMetaStore.audit: ugi=alex	ip=unknown-ip-addr	cmd=get_table : tbl=hive.default.acidTblPart	
2024-04-24T01:29:26,570  INFO [main] metastore.HMSHandler: Skipping translation for processor with null
2024-04-24T01:29:26,571  INFO [main] HiveMetaStore.audit: ugi=alex	ip=unknown-ip-addr	cmd=drop_table : tbl=hive.default.acidTblPart	
2024-04-24T01:29:26,624  INFO [main] metadata.Hive: Dumping metastore api call timing information for : execution phase
2024-04-24T01:29:26,624  INFO [main] metadata.Hive: Total time spent in each metastore function (ms): {isCompatibleWith_(Configuration)=0, dropTable_(String, String, boolean, boolean, boolean)=62, getTable_(GetTableRequest)=9}
2024-04-24T01:29:26,625  INFO [main] ql.Driver: Completed executing command(queryId=alex_20240424012926_7ec94257-66e1-4075-ad3e-42c7e0a33984); Time taken: 0.071 seconds
2024-04-24T01:29:26,625  INFO [main] lockmgr.DbTxnManager: Stopped heartbeat for query: alex_20240424012926_7ec94257-66e1-4075-ad3e-42c7e0a33984
2024-04-24T01:29:26,629  INFO [main] txn.TxnHandler: Expected to move at least one record from txn_components to completed_txn_components when committing txn! txnid:11
2024-04-24T01:29:26,636  INFO [main] txn.TxnHandler: Removed transactions: ([11]) from MIN_HISTORY_LEVEL
2024-04-24T01:29:26,636  WARN [main] txn.CompactionTxnHandler: No compaction queue record found for Compaction type transaction commit. txnId:11
2024-04-24T01:29:26,637  INFO [main] ql.TxnCommandsBaseForTests: Running the query: drop table if exists acidTbl2
2024-04-24T01:29:26,637  INFO [main] ql.Driver: Compiling command(queryId=alex_20240424012926_8f4f6a61-8da7-4468-97c5-f3ecbc6eda7a): drop table if exists acidTbl2
2024-04-24T01:29:26,640  INFO [main] txn.TxnHandler: Added entries to MIN_HISTORY_LEVEL for current txns: ([12]) with min_open_txn: 1
2024-04-24T01:29:26,640  INFO [main] lockmgr.DbTxnManager: Opened txnid:12
2024-04-24T01:29:26,641  INFO [main] HiveMetaStore.audit: ugi=alex	ip=unknown-ip-addr	cmd=get_table : tbl=hive.default.acidTbl2	
2024-04-24T01:29:26,644  INFO [main] ql.Driver: Semantic Analysis Completed (retrial = false)
2024-04-24T01:29:26,644  INFO [main] ql.Driver: Created Hive schema: Schema(fieldSchemas:null, properties:null)
2024-04-24T01:29:26,644  INFO [main] metadata.Hive: Dumping metastore api call timing information for : compilation phase
2024-04-24T01:29:26,644  INFO [main] metadata.Hive: Total time spent in each metastore function (ms): {flushCache_()=0, openTxn_(String, TxnType)=2, getValidTxns_(long)=1, commitTxn_(CommitTxnRequest)=11, isCompatibleWith_(Configuration)=0}
2024-04-24T01:29:26,644  INFO [main] ql.Driver: Completed compiling command(queryId=alex_20240424012926_8f4f6a61-8da7-4468-97c5-f3ecbc6eda7a); Time taken: 0.007 seconds
2024-04-24T01:29:26,645  INFO [main] lockmgr.DbTxnManager: Setting lock request transaction to txnid:12 for queryId=alex_20240424012926_8f4f6a61-8da7-4468-97c5-f3ecbc6eda7a
2024-04-24T01:29:26,645  INFO [main] ql.Driver: Operation DROPTABLE obtained 0 locks
2024-04-24T01:29:26,645  INFO [main] ql.Driver: Executing command(queryId=alex_20240424012926_8f4f6a61-8da7-4468-97c5-f3ecbc6eda7a): drop table if exists acidTbl2
2024-04-24T01:29:26,645  INFO [main] ql.Driver: Starting task [Stage-0:DDL] in serial mode
2024-04-24T01:29:26,645  INFO [main] HiveMetaStore.audit: ugi=alex	ip=unknown-ip-addr	cmd=get_table : tbl=hive.default.acidTbl2	
2024-04-24T01:29:26,648  INFO [main] metadata.Hive: Dumping metastore api call timing information for : execution phase
2024-04-24T01:29:26,648  INFO [main] metadata.Hive: Total time spent in each metastore function (ms): {isCompatibleWith_(Configuration)=0}
2024-04-24T01:29:26,649  INFO [main] ql.Driver: Completed executing command(queryId=alex_20240424012926_8f4f6a61-8da7-4468-97c5-f3ecbc6eda7a); Time taken: 0.003 seconds
2024-04-24T01:29:26,649  INFO [main] lockmgr.DbTxnManager: Stopped heartbeat for query: alex_20240424012926_8f4f6a61-8da7-4468-97c5-f3ecbc6eda7a
2024-04-24T01:29:26,654  INFO [main] txn.TxnHandler: Expected to move at least one record from txn_components to completed_txn_components when committing txn! txnid:12
2024-04-24T01:29:26,661  INFO [main] txn.TxnHandler: Removed transactions: ([12]) from MIN_HISTORY_LEVEL
2024-04-24T01:29:26,661  WARN [main] txn.CompactionTxnHandler: No compaction queue record found for Compaction type transaction commit. txnId:12
2024-04-24T01:29:26,661  INFO [main] ql.TxnCommandsBaseForTests: Running the query: drop table if exists nonAcidOrcTbl
2024-04-24T01:29:26,662  INFO [main] ql.Driver: Compiling command(queryId=alex_20240424012926_5cd345e0-9b71-4edf-9720-2c6ac14d2a42): drop table if exists nonAcidOrcTbl
2024-04-24T01:29:26,664  INFO [main] txn.TxnHandler: Added entries to MIN_HISTORY_LEVEL for current txns: ([13]) with min_open_txn: 1
2024-04-24T01:29:26,664  INFO [main] lockmgr.DbTxnManager: Opened txnid:13
2024-04-24T01:29:26,665  INFO [main] HiveMetaStore.audit: ugi=alex	ip=unknown-ip-addr	cmd=get_table : tbl=hive.default.nonAcidOrcTbl	
2024-04-24T01:29:26,669  INFO [main] ql.Driver: Semantic Analysis Completed (retrial = false)
2024-04-24T01:29:26,669  INFO [main] ql.Driver: Created Hive schema: Schema(fieldSchemas:null, properties:null)
2024-04-24T01:29:26,669  INFO [main] metadata.Hive: Dumping metastore api call timing information for : compilation phase
2024-04-24T01:29:26,669  INFO [main] metadata.Hive: Total time spent in each metastore function (ms): {isCompatibleWith_(Configuration)=0, commitTxn_(CommitTxnRequest)=12, getValidTxns_(long)=0, flushCache_()=0, openTxn_(String, TxnType)=2}
2024-04-24T01:29:26,670  INFO [main] ql.Driver: Completed compiling command(queryId=alex_20240424012926_5cd345e0-9b71-4edf-9720-2c6ac14d2a42); Time taken: 0.007 seconds
2024-04-24T01:29:26,670  INFO [main] lockmgr.DbTxnManager: Setting lock request transaction to txnid:13 for queryId=alex_20240424012926_5cd345e0-9b71-4edf-9720-2c6ac14d2a42
2024-04-24T01:29:26,670  INFO [main] ql.Driver: Operation DROPTABLE obtained 0 locks
2024-04-24T01:29:26,670  INFO [main] ql.Driver: Executing command(queryId=alex_20240424012926_5cd345e0-9b71-4edf-9720-2c6ac14d2a42): drop table if exists nonAcidOrcTbl
2024-04-24T01:29:26,670  INFO [main] ql.Driver: Starting task [Stage-0:DDL] in serial mode
2024-04-24T01:29:26,670  INFO [main] HiveMetaStore.audit: ugi=alex	ip=unknown-ip-addr	cmd=get_table : tbl=hive.default.nonAcidOrcTbl	
2024-04-24T01:29:26,674  INFO [main] metadata.Hive: Dumping metastore api call timing information for : execution phase
2024-04-24T01:29:26,674  INFO [main] metadata.Hive: Total time spent in each metastore function (ms): {isCompatibleWith_(Configuration)=0}
2024-04-24T01:29:26,674  INFO [main] ql.Driver: Completed executing command(queryId=alex_20240424012926_5cd345e0-9b71-4edf-9720-2c6ac14d2a42); Time taken: 0.004 seconds
2024-04-24T01:29:26,674  INFO [main] lockmgr.DbTxnManager: Stopped heartbeat for query: alex_20240424012926_5cd345e0-9b71-4edf-9720-2c6ac14d2a42
2024-04-24T01:29:26,680  INFO [main] txn.TxnHandler: Expected to move at least one record from txn_components to completed_txn_components when committing txn! txnid:13
2024-04-24T01:29:26,685  INFO [main] txn.TxnHandler: Removed transactions: ([13]) from MIN_HISTORY_LEVEL
2024-04-24T01:29:26,686  WARN [main] txn.CompactionTxnHandler: No compaction queue record found for Compaction type transaction commit. txnId:13
2024-04-24T01:29:26,686  INFO [main] ql.TxnCommandsBaseForTests: Running the query: drop table if exists nonAcidOrcTbl2
2024-04-24T01:29:26,687  INFO [main] ql.Driver: Compiling command(queryId=alex_20240424012926_59f5d1d6-2766-4420-8df2-ea07d9b824a3): drop table if exists nonAcidOrcTbl2
2024-04-24T01:29:26,689  INFO [main] txn.TxnHandler: Added entries to MIN_HISTORY_LEVEL for current txns: ([14]) with min_open_txn: 1
2024-04-24T01:29:26,690  INFO [main] lockmgr.DbTxnManager: Opened txnid:14
2024-04-24T01:29:26,690  INFO [main] HiveMetaStore.audit: ugi=alex	ip=unknown-ip-addr	cmd=get_table : tbl=hive.default.nonAcidOrcTbl2	
2024-04-24T01:29:26,693  INFO [main] ql.Driver: Semantic Analysis Completed (retrial = false)
2024-04-24T01:29:26,693  INFO [main] ql.Driver: Created Hive schema: Schema(fieldSchemas:null, properties:null)
2024-04-24T01:29:26,694  INFO [main] metadata.Hive: Dumping metastore api call timing information for : compilation phase
2024-04-24T01:29:26,694  INFO [main] metadata.Hive: Total time spent in each metastore function (ms): {commitTxn_(CommitTxnRequest)=12, getValidTxns_(long)=0, isCompatibleWith_(Configuration)=0, openTxn_(String, TxnType)=3, flushCache_()=0}
2024-04-24T01:29:26,694  INFO [main] ql.Driver: Completed compiling command(queryId=alex_20240424012926_59f5d1d6-2766-4420-8df2-ea07d9b824a3); Time taken: 0.006 seconds
2024-04-24T01:29:26,694  INFO [main] lockmgr.DbTxnManager: Setting lock request transaction to txnid:14 for queryId=alex_20240424012926_59f5d1d6-2766-4420-8df2-ea07d9b824a3
2024-04-24T01:29:26,694  INFO [main] ql.Driver: Operation DROPTABLE obtained 0 locks
2024-04-24T01:29:26,694  INFO [main] ql.Driver: Executing command(queryId=alex_20240424012926_59f5d1d6-2766-4420-8df2-ea07d9b824a3): drop table if exists nonAcidOrcTbl2
2024-04-24T01:29:26,694  INFO [main] ql.Driver: Starting task [Stage-0:DDL] in serial mode
2024-04-24T01:29:26,695  INFO [main] HiveMetaStore.audit: ugi=alex	ip=unknown-ip-addr	cmd=get_table : tbl=hive.default.nonAcidOrcTbl2	
2024-04-24T01:29:26,699  INFO [main] metadata.Hive: Dumping metastore api call timing information for : execution phase
2024-04-24T01:29:26,699  INFO [main] metadata.Hive: Total time spent in each metastore function (ms): {isCompatibleWith_(Configuration)=1}
2024-04-24T01:29:26,699  INFO [main] ql.Driver: Completed executing command(queryId=alex_20240424012926_59f5d1d6-2766-4420-8df2-ea07d9b824a3); Time taken: 0.005 seconds
2024-04-24T01:29:26,699  INFO [main] lockmgr.DbTxnManager: Stopped heartbeat for query: alex_20240424012926_59f5d1d6-2766-4420-8df2-ea07d9b824a3
2024-04-24T01:29:26,704  INFO [main] txn.TxnHandler: Expected to move at least one record from txn_components to completed_txn_components when committing txn! txnid:14
2024-04-24T01:29:26,711  INFO [main] txn.TxnHandler: Removed transactions: ([14]) from MIN_HISTORY_LEVEL
2024-04-24T01:29:26,711  WARN [main] txn.CompactionTxnHandler: No compaction queue record found for Compaction type transaction commit. txnId:14
2024-04-24T01:29:26,711  INFO [main] ql.TxnCommandsBaseForTests: Running the query: drop table if exists nonAcidNonBucket
2024-04-24T01:29:26,712  INFO [main] ql.Driver: Compiling command(queryId=alex_20240424012926_6a1a13b3-b380-4af6-a199-9d545c45e026): drop table if exists nonAcidNonBucket
2024-04-24T01:29:26,714  INFO [main] txn.TxnHandler: Added entries to MIN_HISTORY_LEVEL for current txns: ([15]) with min_open_txn: 1
2024-04-24T01:29:26,714  INFO [main] lockmgr.DbTxnManager: Opened txnid:15
2024-04-24T01:29:26,715  INFO [main] HiveMetaStore.audit: ugi=alex	ip=unknown-ip-addr	cmd=get_table : tbl=hive.default.nonAcidNonBucket	
2024-04-24T01:29:26,718  INFO [main] ql.Driver: Semantic Analysis Completed (retrial = false)
2024-04-24T01:29:26,718  INFO [main] ql.Driver: Created Hive schema: Schema(fieldSchemas:null, properties:null)
2024-04-24T01:29:26,718  INFO [main] metadata.Hive: Dumping metastore api call timing information for : compilation phase
2024-04-24T01:29:26,718  INFO [main] metadata.Hive: Total time spent in each metastore function (ms): {getValidTxns_(long)=1, commitTxn_(CommitTxnRequest)=12, flushCache_()=0, openTxn_(String, TxnType)=2, isCompatibleWith_(Configuration)=0}
2024-04-24T01:29:26,719  INFO [main] ql.Driver: Completed compiling command(queryId=alex_20240424012926_6a1a13b3-b380-4af6-a199-9d545c45e026); Time taken: 0.006 seconds
2024-04-24T01:29:26,719  INFO [main] lockmgr.DbTxnManager: Setting lock request transaction to txnid:15 for queryId=alex_20240424012926_6a1a13b3-b380-4af6-a199-9d545c45e026
2024-04-24T01:29:26,719  INFO [main] ql.Driver: Operation DROPTABLE obtained 0 locks
2024-04-24T01:29:26,719  INFO [main] ql.Driver: Executing command(queryId=alex_20240424012926_6a1a13b3-b380-4af6-a199-9d545c45e026): drop table if exists nonAcidNonBucket
2024-04-24T01:29:26,719  INFO [main] ql.Driver: Starting task [Stage-0:DDL] in serial mode
2024-04-24T01:29:26,720  INFO [main] HiveMetaStore.audit: ugi=alex	ip=unknown-ip-addr	cmd=get_table : tbl=hive.default.nonAcidNonBucket	
2024-04-24T01:29:26,724  INFO [main] metadata.Hive: Dumping metastore api call timing information for : execution phase
2024-04-24T01:29:26,724  INFO [main] metadata.Hive: Total time spent in each metastore function (ms): {isCompatibleWith_(Configuration)=1}
2024-04-24T01:29:26,724  INFO [main] ql.Driver: Completed executing command(queryId=alex_20240424012926_6a1a13b3-b380-4af6-a199-9d545c45e026); Time taken: 0.005 seconds
2024-04-24T01:29:26,724  INFO [main] lockmgr.DbTxnManager: Stopped heartbeat for query: alex_20240424012926_6a1a13b3-b380-4af6-a199-9d545c45e026
2024-04-24T01:29:26,730  INFO [main] txn.TxnHandler: Expected to move at least one record from txn_components to completed_txn_components when committing txn! txnid:15
2024-04-24T01:29:26,738  INFO [main] txn.TxnHandler: Removed transactions: ([15]) from MIN_HISTORY_LEVEL
2024-04-24T01:29:26,738  WARN [main] txn.CompactionTxnHandler: No compaction queue record found for Compaction type transaction commit. txnId:15
2024-04-24T01:29:26,738  INFO [main] utils.TestTxnDbUtil: Cleaning transactional tables
]]></system-err>
  </testcase>
  <testcase name="testUsingControlFileUrl" classname="org.apache.hadoop.hive.ql.util.TestHiveStrictManagedMigration" time="0.939">
    <error type="java.lang.RuntimeException"><![CDATA[java.lang.RuntimeException: create table nonAcidOrcTbl(a int, b int) clustered by (a) into 2 buckets stored as orc TBLPROPERTIES ('transactional'='false') failed: (responseCode = 40000, errorMessage = FAILED: Execution Error, return code 40000 from org.apache.hadoop.hive.ql.ddl.DDLTask. MetaException(message:Table default.nonAcidOrcTbl failed strict managed table checks due to the following reason: Table is marked as a managed table but is not transactional.), hiveErrorCode = 40000, SQLState = 08S01, exception = MetaException(message:Table default.nonAcidOrcTbl failed strict managed table checks due to the following reason: Table is marked as a managed table but is not transactional.))
	at org.apache.hadoop.hive.ql.TxnCommandsBaseForTests.runStatementOnDriver(TxnCommandsBaseForTests.java:247)
	at org.apache.hadoop.hive.ql.TxnCommandsBaseForTests.setUpInternal(TxnCommandsBaseForTests.java:144)
	at org.apache.hadoop.hive.ql.TxnCommandsBaseForTests.setUp(TxnCommandsBaseForTests.java:94)
	at sun.reflect.NativeMethodAccessorImpl.invoke0(Native Method)
	at sun.reflect.NativeMethodAccessorImpl.invoke(NativeMethodAccessorImpl.java:62)
	at sun.reflect.DelegatingMethodAccessorImpl.invoke(DelegatingMethodAccessorImpl.java:43)
	at java.lang.reflect.Method.invoke(Method.java:498)
	at org.junit.runners.model.FrameworkMethod$1.runReflectiveCall(FrameworkMethod.java:59)
	at org.junit.internal.runners.model.ReflectiveCallable.run(ReflectiveCallable.java:12)
	at org.junit.runners.model.FrameworkMethod.invokeExplosively(FrameworkMethod.java:56)
	at org.junit.internal.runners.statements.RunBefores.invokeMethod(RunBefores.java:33)
	at org.junit.internal.runners.statements.RunBefores.evaluate(RunBefores.java:24)
	at org.junit.internal.runners.statements.RunAfters.evaluate(RunAfters.java:27)
	at org.junit.rules.TestWatcher$1.evaluate(TestWatcher.java:61)
	at org.junit.runners.ParentRunner$3.evaluate(ParentRunner.java:306)
	at org.junit.runners.BlockJUnit4ClassRunner$1.evaluate(BlockJUnit4ClassRunner.java:100)
	at org.junit.runners.ParentRunner.runLeaf(ParentRunner.java:366)
	at org.junit.runners.BlockJUnit4ClassRunner.runChild(BlockJUnit4ClassRunner.java:103)
	at org.junit.runners.BlockJUnit4ClassRunner.runChild(BlockJUnit4ClassRunner.java:63)
	at org.junit.runners.ParentRunner$4.run(ParentRunner.java:331)
	at org.junit.runners.ParentRunner$1.schedule(ParentRunner.java:79)
	at org.junit.runners.ParentRunner.runChildren(ParentRunner.java:329)
	at org.junit.runners.ParentRunner.access$100(ParentRunner.java:66)
	at org.junit.runners.ParentRunner$2.evaluate(ParentRunner.java:293)
	at org.junit.runners.ParentRunner$3.evaluate(ParentRunner.java:306)
	at org.junit.runners.ParentRunner.run(ParentRunner.java:413)
	at org.junit.runner.JUnitCore.run(JUnitCore.java:137)
	at org.junit.runner.JUnitCore.run(JUnitCore.java:115)
	at org.junit.vintage.engine.execution.RunnerExecutor.execute(RunnerExecutor.java:43)
	at java.util.stream.ForEachOps$ForEachOp$OfRef.accept(ForEachOps.java:183)
	at java.util.stream.ReferencePipeline$3$1.accept(ReferencePipeline.java:193)
	at java.util.Iterator.forEachRemaining(Iterator.java:116)
	at java.util.Spliterators$IteratorSpliterator.forEachRemaining(Spliterators.java:1801)
	at java.util.stream.AbstractPipeline.copyInto(AbstractPipeline.java:482)
	at java.util.stream.AbstractPipeline.wrapAndCopyInto(AbstractPipeline.java:472)
	at java.util.stream.ForEachOps$ForEachOp.evaluateSequential(ForEachOps.java:150)
	at java.util.stream.ForEachOps$ForEachOp$OfRef.evaluateSequential(ForEachOps.java:173)
	at java.util.stream.AbstractPipeline.evaluate(AbstractPipeline.java:234)
	at java.util.stream.ReferencePipeline.forEach(ReferencePipeline.java:485)
	at org.junit.vintage.engine.VintageTestEngine.executeAllChildren(VintageTestEngine.java:82)
	at org.junit.vintage.engine.VintageTestEngine.execute(VintageTestEngine.java:73)
	at org.junit.platform.launcher.core.DefaultLauncher.execute(DefaultLauncher.java:248)
	at org.junit.platform.launcher.core.DefaultLauncher.lambda$execute$5(DefaultLauncher.java:211)
	at org.junit.platform.launcher.core.DefaultLauncher.withInterceptedStreams(DefaultLauncher.java:226)
	at org.junit.platform.launcher.core.DefaultLauncher.execute(DefaultLauncher.java:199)
	at org.junit.platform.launcher.core.DefaultLauncher.execute(DefaultLauncher.java:132)
	at org.apache.maven.surefire.junitplatform.JUnitPlatformProvider.invokeAllTests(JUnitPlatformProvider.java:154)
	at org.apache.maven.surefire.junitplatform.JUnitPlatformProvider.invoke(JUnitPlatformProvider.java:123)
	at org.apache.maven.surefire.booter.ForkedBooter.runSuitesInProcess(ForkedBooter.java:377)
	at org.apache.maven.surefire.booter.ForkedBooter.execute(ForkedBooter.java:138)
	at org.apache.maven.surefire.booter.ForkedBooter.run(ForkedBooter.java:465)
	at org.apache.maven.surefire.booter.ForkedBooter.main(ForkedBooter.java:451)
]]></error>
    <system-err><![CDATA[2024-04-24T01:29:26,820  WARN [main] conf.HiveConf: HiveConf of name hive.dummyparam.test.server.specific.config.override does not exist
2024-04-24T01:29:26,820  WARN [main] conf.HiveConf: HiveConf of name hive.llap.io.cache.orc.arena.size does not exist
2024-04-24T01:29:26,820  WARN [main] conf.HiveConf: HiveConf of name hive.llap.io.cache.orc.alloc.min does not exist
2024-04-24T01:29:26,820  WARN [main] conf.HiveConf: HiveConf of name hive.metastore.client.cache.maxSize does not exist
2024-04-24T01:29:26,820  WARN [main] conf.HiveConf: HiveConf of name hive.llap.io.cache.orc.alloc.max does not exist
2024-04-24T01:29:26,820  WARN [main] conf.HiveConf: HiveConf of name hive.dummyparam.test.server.specific.config.hivesite does not exist
2024-04-24T01:29:26,820  WARN [main] conf.HiveConf: HiveConf of name hive.metastore.metadb.dir does not exist
2024-04-24T01:29:26,820  WARN [main] conf.HiveConf: HiveConf of name hive.metastore.client.cache.recordStats does not exist
2024-04-24T01:29:26,820  WARN [main] conf.HiveConf: HiveConf of name hive.llap.io.cache.orc.size does not exist
2024-04-24T01:29:26,820  WARN [main] conf.HiveConf: HiveConf of name hive.stats.key.prefix.reserve.length does not exist
2024-04-24T01:29:26,820  WARN [main] conf.HiveConf: HiveConf of name hive.dummyparam.test.server.specific.config.metastoresite does not exist
2024-04-24T01:29:26,821  INFO [main] utils.TestTxnDbUtil: Creating transactional tables
Hive Session ID = eb33097d-84fd-49bc-a766-bcf01852f140
2024-04-24T01:29:26,824  INFO [main] SessionState: Hive Session ID = eb33097d-84fd-49bc-a766-bcf01852f140
ivysettings.xml file not found in HIVE_HOME or HIVE_CONF_DIR,/home/alex/Repositories/hive/conf/ivysettings.xml will be used
2024-04-24T01:29:26,824  INFO [main] DependencyResolver: ivysettings.xml file not found in HIVE_HOME or HIVE_CONF_DIR,/home/alex/Repositories/hive/conf/ivysettings.xml will be used
2024-04-24T01:29:26,830  INFO [main] session.SessionState: Created HDFS directory: /home/alex/Repositories/hive/ql/target/tmp/scratchdir/alex/eb33097d-84fd-49bc-a766-bcf01852f140
2024-04-24T01:29:26,833  INFO [main] session.SessionState: Created local directory: /home/alex/Repositories/hive/ql/target/tmp/localscratchdir/eb33097d-84fd-49bc-a766-bcf01852f140
2024-04-24T01:29:26,835  INFO [main] session.SessionState: Created HDFS directory: /home/alex/Repositories/hive/ql/target/tmp/scratchdir/alex/eb33097d-84fd-49bc-a766-bcf01852f140/_tmp_space.db
2024-04-24T01:29:26,836  INFO [main] sqlstd.SQLStdHiveAccessController: Created SQLStdHiveAccessController for session context : HiveAuthzSessionContext [sessionString=eb33097d-84fd-49bc-a766-bcf01852f140, clientType=HIVECLI]
2024-04-24T01:29:26,836  INFO [main] ql.TxnCommandsBaseForTests: Running the query: drop table if exists acidTbl
2024-04-24T01:29:26,836  INFO [main] ql.Driver: Compiling command(queryId=alex_20240424012926_1e198b9a-a252-4dea-8913-6deeb4f57444): drop table if exists acidTbl
2024-04-24T01:29:26,845  INFO [main] txn.TxnHandler: Added entries to MIN_HISTORY_LEVEL for current txns: ([1]) with min_open_txn: 1
2024-04-24T01:29:26,846  INFO [main] lockmgr.DbTxnManager: Opened txnid:1
2024-04-24T01:29:26,849  INFO [main] HiveMetaStore.audit: ugi=alex	ip=unknown-ip-addr	cmd=get_table : tbl=hive.default.acidTbl	
2024-04-24T01:29:26,852  INFO [main] ql.Driver: Semantic Analysis Completed (retrial = false)
2024-04-24T01:29:26,852  INFO [main] ql.Driver: Created Hive schema: Schema(fieldSchemas:null, properties:null)
2024-04-24T01:29:26,852  INFO [main] metadata.Hive: Dumping metastore api call timing information for : compilation phase
2024-04-24T01:29:26,852  INFO [main] metadata.Hive: Total time spent in each metastore function (ms): {isCompatibleWith_(Configuration)=0, openTxn_(String, TxnType)=9, commitTxn_(CommitTxnRequest)=14, flushCache_()=0, getValidTxns_(long)=2}
2024-04-24T01:29:26,853  INFO [main] ql.Driver: Completed compiling command(queryId=alex_20240424012926_1e198b9a-a252-4dea-8913-6deeb4f57444); Time taken: 0.016 seconds
2024-04-24T01:29:26,853  INFO [main] lockmgr.DbTxnManager: Setting lock request transaction to txnid:1 for queryId=alex_20240424012926_1e198b9a-a252-4dea-8913-6deeb4f57444
2024-04-24T01:29:26,853  INFO [main] ql.Driver: Operation DROPTABLE obtained 0 locks
2024-04-24T01:29:26,853  INFO [main] ql.Driver: Executing command(queryId=alex_20240424012926_1e198b9a-a252-4dea-8913-6deeb4f57444): drop table if exists acidTbl
2024-04-24T01:29:26,853  INFO [main] ql.Driver: Starting task [Stage-0:DDL] in serial mode
2024-04-24T01:29:26,854  INFO [main] HiveMetaStore.audit: ugi=alex	ip=unknown-ip-addr	cmd=get_table : tbl=hive.default.acidTbl	
2024-04-24T01:29:26,857  INFO [main] metadata.Hive: Dumping metastore api call timing information for : execution phase
2024-04-24T01:29:26,857  INFO [main] metadata.Hive: Total time spent in each metastore function (ms): {isCompatibleWith_(Configuration)=0}
2024-04-24T01:29:26,857  INFO [main] ql.Driver: Completed executing command(queryId=alex_20240424012926_1e198b9a-a252-4dea-8913-6deeb4f57444); Time taken: 0.004 seconds
2024-04-24T01:29:26,857  INFO [main] lockmgr.DbTxnManager: Stopped heartbeat for query: alex_20240424012926_1e198b9a-a252-4dea-8913-6deeb4f57444
2024-04-24T01:29:26,864  INFO [main] txn.TxnHandler: Expected to move at least one record from txn_components to completed_txn_components when committing txn! txnid:1
2024-04-24T01:29:26,871  INFO [main] txn.TxnHandler: Removed transactions: ([1]) from MIN_HISTORY_LEVEL
2024-04-24T01:29:26,871  WARN [main] txn.CompactionTxnHandler: No compaction queue record found for Compaction type transaction commit. txnId:1
2024-04-24T01:29:26,871  INFO [main] ql.TxnCommandsBaseForTests: Running the query: drop table if exists acidTblPart
2024-04-24T01:29:26,872  INFO [main] ql.Driver: Compiling command(queryId=alex_20240424012926_43cde670-efe2-490c-871d-c0fc0c104d35): drop table if exists acidTblPart
2024-04-24T01:29:26,874  INFO [main] txn.TxnHandler: Added entries to MIN_HISTORY_LEVEL for current txns: ([2]) with min_open_txn: 1
2024-04-24T01:29:26,874  INFO [main] lockmgr.DbTxnManager: Opened txnid:2
2024-04-24T01:29:26,875  INFO [main] HiveMetaStore.audit: ugi=alex	ip=unknown-ip-addr	cmd=get_table : tbl=hive.default.acidTblPart	
2024-04-24T01:29:26,879  INFO [main] ql.Driver: Semantic Analysis Completed (retrial = false)
2024-04-24T01:29:26,879  INFO [main] ql.Driver: Created Hive schema: Schema(fieldSchemas:null, properties:null)
2024-04-24T01:29:26,879  INFO [main] metadata.Hive: Dumping metastore api call timing information for : compilation phase
2024-04-24T01:29:26,880  INFO [main] metadata.Hive: Total time spent in each metastore function (ms): {isCompatibleWith_(Configuration)=1, commitTxn_(CommitTxnRequest)=14, flushCache_()=0, openTxn_(String, TxnType)=2, getValidTxns_(long)=0}
2024-04-24T01:29:26,880  INFO [main] ql.Driver: Completed compiling command(queryId=alex_20240424012926_43cde670-efe2-490c-871d-c0fc0c104d35); Time taken: 0.007 seconds
2024-04-24T01:29:26,880  INFO [main] lockmgr.DbTxnManager: Setting lock request transaction to txnid:2 for queryId=alex_20240424012926_43cde670-efe2-490c-871d-c0fc0c104d35
2024-04-24T01:29:26,880  INFO [main] ql.Driver: Operation DROPTABLE obtained 0 locks
2024-04-24T01:29:26,880  INFO [main] ql.Driver: Executing command(queryId=alex_20240424012926_43cde670-efe2-490c-871d-c0fc0c104d35): drop table if exists acidTblPart
2024-04-24T01:29:26,880  INFO [main] ql.Driver: Starting task [Stage-0:DDL] in serial mode
2024-04-24T01:29:26,881  INFO [main] HiveMetaStore.audit: ugi=alex	ip=unknown-ip-addr	cmd=get_table : tbl=hive.default.acidTblPart	
2024-04-24T01:29:26,884  INFO [main] metadata.Hive: Dumping metastore api call timing information for : execution phase
2024-04-24T01:29:26,885  INFO [main] metadata.Hive: Total time spent in each metastore function (ms): {isCompatibleWith_(Configuration)=1}
2024-04-24T01:29:26,885  INFO [main] ql.Driver: Completed executing command(queryId=alex_20240424012926_43cde670-efe2-490c-871d-c0fc0c104d35); Time taken: 0.004 seconds
2024-04-24T01:29:26,885  INFO [main] lockmgr.DbTxnManager: Stopped heartbeat for query: alex_20240424012926_43cde670-efe2-490c-871d-c0fc0c104d35
2024-04-24T01:29:26,891  INFO [main] txn.TxnHandler: Expected to move at least one record from txn_components to completed_txn_components when committing txn! txnid:2
2024-04-24T01:29:26,898  INFO [main] txn.TxnHandler: Removed transactions: ([2]) from MIN_HISTORY_LEVEL
2024-04-24T01:29:26,898  WARN [main] txn.CompactionTxnHandler: No compaction queue record found for Compaction type transaction commit. txnId:2
2024-04-24T01:29:26,899  INFO [main] ql.TxnCommandsBaseForTests: Running the query: drop table if exists acidTbl2
2024-04-24T01:29:26,899  INFO [main] ql.Driver: Compiling command(queryId=alex_20240424012926_1379abbd-63a7-4b13-bf36-5232b5d29200): drop table if exists acidTbl2
2024-04-24T01:29:26,902  INFO [main] txn.TxnHandler: Added entries to MIN_HISTORY_LEVEL for current txns: ([3]) with min_open_txn: 1
2024-04-24T01:29:26,902  INFO [main] lockmgr.DbTxnManager: Opened txnid:3
2024-04-24T01:29:26,903  INFO [main] HiveMetaStore.audit: ugi=alex	ip=unknown-ip-addr	cmd=get_table : tbl=hive.default.acidTbl2	
2024-04-24T01:29:26,906  INFO [main] ql.Driver: Semantic Analysis Completed (retrial = false)
2024-04-24T01:29:26,906  INFO [main] ql.Driver: Created Hive schema: Schema(fieldSchemas:null, properties:null)
2024-04-24T01:29:26,906  INFO [main] metadata.Hive: Dumping metastore api call timing information for : compilation phase
2024-04-24T01:29:26,906  INFO [main] metadata.Hive: Total time spent in each metastore function (ms): {getValidTxns_(long)=0, openTxn_(String, TxnType)=2, flushCache_()=0, commitTxn_(CommitTxnRequest)=14, isCompatibleWith_(Configuration)=1}
2024-04-24T01:29:26,907  INFO [main] ql.Driver: Completed compiling command(queryId=alex_20240424012926_1379abbd-63a7-4b13-bf36-5232b5d29200); Time taken: 0.007 seconds
2024-04-24T01:29:26,907  INFO [main] lockmgr.DbTxnManager: Setting lock request transaction to txnid:3 for queryId=alex_20240424012926_1379abbd-63a7-4b13-bf36-5232b5d29200
2024-04-24T01:29:26,907  INFO [main] ql.Driver: Operation DROPTABLE obtained 0 locks
2024-04-24T01:29:26,907  INFO [main] ql.Driver: Executing command(queryId=alex_20240424012926_1379abbd-63a7-4b13-bf36-5232b5d29200): drop table if exists acidTbl2
2024-04-24T01:29:26,907  INFO [main] ql.Driver: Starting task [Stage-0:DDL] in serial mode
2024-04-24T01:29:26,907  INFO [main] HiveMetaStore.audit: ugi=alex	ip=unknown-ip-addr	cmd=get_table : tbl=hive.default.acidTbl2	
2024-04-24T01:29:26,910  INFO [main] metadata.Hive: Dumping metastore api call timing information for : execution phase
2024-04-24T01:29:26,910  INFO [main] metadata.Hive: Total time spent in each metastore function (ms): {isCompatibleWith_(Configuration)=0}
2024-04-24T01:29:26,911  INFO [main] ql.Driver: Completed executing command(queryId=alex_20240424012926_1379abbd-63a7-4b13-bf36-5232b5d29200); Time taken: 0.003 seconds
2024-04-24T01:29:26,911  INFO [main] lockmgr.DbTxnManager: Stopped heartbeat for query: alex_20240424012926_1379abbd-63a7-4b13-bf36-5232b5d29200
2024-04-24T01:29:26,917  INFO [main] txn.TxnHandler: Expected to move at least one record from txn_components to completed_txn_components when committing txn! txnid:3
2024-04-24T01:29:26,924  INFO [main] txn.TxnHandler: Removed transactions: ([3]) from MIN_HISTORY_LEVEL
2024-04-24T01:29:26,924  WARN [main] txn.CompactionTxnHandler: No compaction queue record found for Compaction type transaction commit. txnId:3
2024-04-24T01:29:26,924  INFO [main] ql.TxnCommandsBaseForTests: Running the query: drop table if exists nonAcidOrcTbl
2024-04-24T01:29:26,925  INFO [main] ql.Driver: Compiling command(queryId=alex_20240424012926_ecc3aaa8-d2dd-491f-a19c-aba27aeb98a9): drop table if exists nonAcidOrcTbl
2024-04-24T01:29:26,927  INFO [main] txn.TxnHandler: Added entries to MIN_HISTORY_LEVEL for current txns: ([4]) with min_open_txn: 1
2024-04-24T01:29:26,927  INFO [main] lockmgr.DbTxnManager: Opened txnid:4
2024-04-24T01:29:26,928  INFO [main] HiveMetaStore.audit: ugi=alex	ip=unknown-ip-addr	cmd=get_table : tbl=hive.default.nonAcidOrcTbl	
2024-04-24T01:29:26,931  INFO [main] ql.Driver: Semantic Analysis Completed (retrial = false)
2024-04-24T01:29:26,931  INFO [main] ql.Driver: Created Hive schema: Schema(fieldSchemas:null, properties:null)
2024-04-24T01:29:26,932  INFO [main] metadata.Hive: Dumping metastore api call timing information for : compilation phase
2024-04-24T01:29:26,932  INFO [main] metadata.Hive: Total time spent in each metastore function (ms): {isCompatibleWith_(Configuration)=0, commitTxn_(CommitTxnRequest)=13, flushCache_()=0, getValidTxns_(long)=1, openTxn_(String, TxnType)=2}
2024-04-24T01:29:26,932  INFO [main] ql.Driver: Completed compiling command(queryId=alex_20240424012926_ecc3aaa8-d2dd-491f-a19c-aba27aeb98a9); Time taken: 0.007 seconds
2024-04-24T01:29:26,932  INFO [main] lockmgr.DbTxnManager: Setting lock request transaction to txnid:4 for queryId=alex_20240424012926_ecc3aaa8-d2dd-491f-a19c-aba27aeb98a9
2024-04-24T01:29:26,932  INFO [main] ql.Driver: Operation DROPTABLE obtained 0 locks
2024-04-24T01:29:26,932  INFO [main] ql.Driver: Executing command(queryId=alex_20240424012926_ecc3aaa8-d2dd-491f-a19c-aba27aeb98a9): drop table if exists nonAcidOrcTbl
2024-04-24T01:29:26,932  INFO [main] ql.Driver: Starting task [Stage-0:DDL] in serial mode
2024-04-24T01:29:26,933  INFO [main] HiveMetaStore.audit: ugi=alex	ip=unknown-ip-addr	cmd=get_table : tbl=hive.default.nonAcidOrcTbl	
2024-04-24T01:29:26,936  INFO [main] metadata.Hive: Dumping metastore api call timing information for : execution phase
2024-04-24T01:29:26,936  INFO [main] metadata.Hive: Total time spent in each metastore function (ms): {isCompatibleWith_(Configuration)=0}
2024-04-24T01:29:26,937  INFO [main] ql.Driver: Completed executing command(queryId=alex_20240424012926_ecc3aaa8-d2dd-491f-a19c-aba27aeb98a9); Time taken: 0.004 seconds
2024-04-24T01:29:26,937  INFO [main] lockmgr.DbTxnManager: Stopped heartbeat for query: alex_20240424012926_ecc3aaa8-d2dd-491f-a19c-aba27aeb98a9
2024-04-24T01:29:26,942  INFO [main] txn.TxnHandler: Expected to move at least one record from txn_components to completed_txn_components when committing txn! txnid:4
2024-04-24T01:29:26,949  INFO [main] txn.TxnHandler: Removed transactions: ([4]) from MIN_HISTORY_LEVEL
2024-04-24T01:29:26,949  WARN [main] txn.CompactionTxnHandler: No compaction queue record found for Compaction type transaction commit. txnId:4
2024-04-24T01:29:26,950  INFO [main] ql.TxnCommandsBaseForTests: Running the query: drop table if exists nonAcidOrcTbl2
2024-04-24T01:29:26,950  INFO [main] ql.Driver: Compiling command(queryId=alex_20240424012926_882242fa-6143-41fe-8fbc-0af781f1e9af): drop table if exists nonAcidOrcTbl2
2024-04-24T01:29:26,952  INFO [main] txn.TxnHandler: Added entries to MIN_HISTORY_LEVEL for current txns: ([5]) with min_open_txn: 1
2024-04-24T01:29:26,952  INFO [main] lockmgr.DbTxnManager: Opened txnid:5
2024-04-24T01:29:26,953  INFO [main] HiveMetaStore.audit: ugi=alex	ip=unknown-ip-addr	cmd=get_table : tbl=hive.default.nonAcidOrcTbl2	
2024-04-24T01:29:26,956  INFO [main] ql.Driver: Semantic Analysis Completed (retrial = false)
2024-04-24T01:29:26,956  INFO [main] ql.Driver: Created Hive schema: Schema(fieldSchemas:null, properties:null)
2024-04-24T01:29:26,956  INFO [main] metadata.Hive: Dumping metastore api call timing information for : compilation phase
2024-04-24T01:29:26,956  INFO [main] metadata.Hive: Total time spent in each metastore function (ms): {flushCache_()=0, commitTxn_(CommitTxnRequest)=12, isCompatibleWith_(Configuration)=1, openTxn_(String, TxnType)=2, getValidTxns_(long)=0}
2024-04-24T01:29:26,956  INFO [main] ql.Driver: Completed compiling command(queryId=alex_20240424012926_882242fa-6143-41fe-8fbc-0af781f1e9af); Time taken: 0.006 seconds
2024-04-24T01:29:26,957  INFO [main] lockmgr.DbTxnManager: Setting lock request transaction to txnid:5 for queryId=alex_20240424012926_882242fa-6143-41fe-8fbc-0af781f1e9af
2024-04-24T01:29:26,957  INFO [main] ql.Driver: Operation DROPTABLE obtained 0 locks
2024-04-24T01:29:26,957  INFO [main] ql.Driver: Executing command(queryId=alex_20240424012926_882242fa-6143-41fe-8fbc-0af781f1e9af): drop table if exists nonAcidOrcTbl2
2024-04-24T01:29:26,957  INFO [main] ql.Driver: Starting task [Stage-0:DDL] in serial mode
2024-04-24T01:29:26,957  INFO [main] HiveMetaStore.audit: ugi=alex	ip=unknown-ip-addr	cmd=get_table : tbl=hive.default.nonAcidOrcTbl2	
2024-04-24T01:29:26,960  INFO [main] metadata.Hive: Dumping metastore api call timing information for : execution phase
2024-04-24T01:29:26,960  INFO [main] metadata.Hive: Total time spent in each metastore function (ms): {isCompatibleWith_(Configuration)=0}
2024-04-24T01:29:26,960  INFO [main] ql.Driver: Completed executing command(queryId=alex_20240424012926_882242fa-6143-41fe-8fbc-0af781f1e9af); Time taken: 0.003 seconds
2024-04-24T01:29:26,960  INFO [main] lockmgr.DbTxnManager: Stopped heartbeat for query: alex_20240424012926_882242fa-6143-41fe-8fbc-0af781f1e9af
2024-04-24T01:29:26,966  INFO [main] txn.TxnHandler: Expected to move at least one record from txn_components to completed_txn_components when committing txn! txnid:5
2024-04-24T01:29:26,973  INFO [main] txn.TxnHandler: Removed transactions: ([5]) from MIN_HISTORY_LEVEL
2024-04-24T01:29:26,973  WARN [main] txn.CompactionTxnHandler: No compaction queue record found for Compaction type transaction commit. txnId:5
2024-04-24T01:29:26,973  INFO [main] ql.TxnCommandsBaseForTests: Running the query: drop table if exists nonAcidNonBucket
2024-04-24T01:29:26,974  INFO [main] ql.Driver: Compiling command(queryId=alex_20240424012926_e0c820a1-95b6-43e4-bca1-38d43b1ce934): drop table if exists nonAcidNonBucket
2024-04-24T01:29:26,976  INFO [main] txn.TxnHandler: Added entries to MIN_HISTORY_LEVEL for current txns: ([6]) with min_open_txn: 1
2024-04-24T01:29:26,977  INFO [main] lockmgr.DbTxnManager: Opened txnid:6
2024-04-24T01:29:26,978  INFO [main] HiveMetaStore.audit: ugi=alex	ip=unknown-ip-addr	cmd=get_table : tbl=hive.default.nonAcidNonBucket	
2024-04-24T01:29:26,981  INFO [main] ql.Driver: Semantic Analysis Completed (retrial = false)
2024-04-24T01:29:26,981  INFO [main] ql.Driver: Created Hive schema: Schema(fieldSchemas:null, properties:null)
2024-04-24T01:29:26,981  INFO [main] metadata.Hive: Dumping metastore api call timing information for : compilation phase
2024-04-24T01:29:26,982  INFO [main] metadata.Hive: Total time spent in each metastore function (ms): {isCompatibleWith_(Configuration)=1, commitTxn_(CommitTxnRequest)=12, flushCache_()=0, getValidTxns_(long)=0, openTxn_(String, TxnType)=2}
2024-04-24T01:29:26,982  INFO [main] ql.Driver: Completed compiling command(queryId=alex_20240424012926_e0c820a1-95b6-43e4-bca1-38d43b1ce934); Time taken: 0.007 seconds
2024-04-24T01:29:26,982  INFO [main] lockmgr.DbTxnManager: Setting lock request transaction to txnid:6 for queryId=alex_20240424012926_e0c820a1-95b6-43e4-bca1-38d43b1ce934
2024-04-24T01:29:26,982  INFO [main] ql.Driver: Operation DROPTABLE obtained 0 locks
2024-04-24T01:29:26,982  INFO [main] ql.Driver: Executing command(queryId=alex_20240424012926_e0c820a1-95b6-43e4-bca1-38d43b1ce934): drop table if exists nonAcidNonBucket
2024-04-24T01:29:26,982  INFO [main] ql.Driver: Starting task [Stage-0:DDL] in serial mode
2024-04-24T01:29:26,983  INFO [main] HiveMetaStore.audit: ugi=alex	ip=unknown-ip-addr	cmd=get_table : tbl=hive.default.nonAcidNonBucket	
2024-04-24T01:29:26,986  INFO [main] metadata.Hive: Dumping metastore api call timing information for : execution phase
2024-04-24T01:29:26,986  INFO [main] metadata.Hive: Total time spent in each metastore function (ms): {isCompatibleWith_(Configuration)=1}
2024-04-24T01:29:26,986  INFO [main] ql.Driver: Completed executing command(queryId=alex_20240424012926_e0c820a1-95b6-43e4-bca1-38d43b1ce934); Time taken: 0.004 seconds
2024-04-24T01:29:26,986  INFO [main] lockmgr.DbTxnManager: Stopped heartbeat for query: alex_20240424012926_e0c820a1-95b6-43e4-bca1-38d43b1ce934
2024-04-24T01:29:26,993  INFO [main] txn.TxnHandler: Expected to move at least one record from txn_components to completed_txn_components when committing txn! txnid:6
2024-04-24T01:29:27,000  INFO [main] txn.TxnHandler: Removed transactions: ([6]) from MIN_HISTORY_LEVEL
2024-04-24T01:29:27,000  WARN [main] txn.CompactionTxnHandler: No compaction queue record found for Compaction type transaction commit. txnId:6
2024-04-24T01:29:27,001  INFO [main] ql.TxnCommandsBaseForTests: Running the query: create table acidTbl(a int, b int) clustered by (a) into 2 buckets stored as orc TBLPROPERTIES ('transactional'='true')
2024-04-24T01:29:27,001  INFO [main] ql.Driver: Compiling command(queryId=alex_20240424012927_26143713-7d36-4029-8a67-f30b7f1b0dbe): create table acidTbl(a int, b int) clustered by (a) into 2 buckets stored as orc TBLPROPERTIES ('transactional'='true')
2024-04-24T01:29:27,005  INFO [main] txn.TxnHandler: Added entries to MIN_HISTORY_LEVEL for current txns: ([7]) with min_open_txn: 1
2024-04-24T01:29:27,005  INFO [main] lockmgr.DbTxnManager: Opened txnid:7
2024-04-24T01:29:27,013  INFO [main] HiveMetaStore.audit: ugi=alex	ip=unknown-ip-addr	cmd=get_database: default	
2024-04-24T01:29:27,015  INFO [main] ql.Driver: Semantic Analysis Completed (retrial = false)
2024-04-24T01:29:27,015  INFO [main] ql.Driver: Created Hive schema: Schema(fieldSchemas:null, properties:null)
2024-04-24T01:29:27,016  INFO [main] metadata.Hive: Dumping metastore api call timing information for : compilation phase
2024-04-24T01:29:27,016  INFO [main] metadata.Hive: Total time spent in each metastore function (ms): {flushCache_()=0, getDatabase_(String)=2, getValidTxns_(long)=0, commitTxn_(CommitTxnRequest)=14, getValidWriteIds_(List, String)=7, isCompatibleWith_(Configuration)=1, openTxn_(String, TxnType)=3}
2024-04-24T01:29:27,016  INFO [main] ql.Driver: Completed compiling command(queryId=alex_20240424012927_26143713-7d36-4029-8a67-f30b7f1b0dbe); Time taken: 0.015 seconds
2024-04-24T01:29:27,016  INFO [main] lockmgr.DbTxnManager: Setting lock request transaction to txnid:7 for queryId=alex_20240424012927_26143713-7d36-4029-8a67-f30b7f1b0dbe
2024-04-24T01:29:27,016  INFO [main] lockmgr.DbLockManager: Requesting lock for queryId=alex_20240424012927_26143713-7d36-4029-8a67-f30b7f1b0dbe
2024-04-24T01:29:27,039  INFO [main] lockmgr.DbLockManager: Response to queryId=alex_20240424012927_26143713-7d36-4029-8a67-f30b7f1b0dbe LockResponse(lockid:1, state:ACQUIRED)
2024-04-24T01:29:27,039  INFO [main] ql.Driver: Operation CREATETABLE obtained 1 locks
2024-04-24T01:29:27,040  INFO [main] ql.Driver: Executing command(queryId=alex_20240424012927_26143713-7d36-4029-8a67-f30b7f1b0dbe): create table acidTbl(a int, b int) clustered by (a) into 2 buckets stored as orc TBLPROPERTIES ('transactional'='true')
2024-04-24T01:29:27,040  INFO [main] ql.Driver: Starting task [Stage-0:DDL] in serial mode
2024-04-24T01:29:27,041  INFO [main] HiveMetaStore.audit: ugi=alex	ip=unknown-ip-addr	cmd=create_table_req: Table(tableName:acidTbl, dbName:default, owner:alex, createTime:1713947367, lastAccessTime:0, retention:0, sd:StorageDescriptor(cols:[FieldSchema(name:a, type:int, comment:null), FieldSchema(name:b, type:int, comment:null)], location:null, inputFormat:org.apache.hadoop.hive.ql.io.orc.OrcInputFormat, outputFormat:org.apache.hadoop.hive.ql.io.orc.OrcOutputFormat, compressed:false, numBuckets:2, serdeInfo:SerDeInfo(name:null, serializationLib:org.apache.hadoop.hive.ql.io.orc.OrcSerde, parameters:{serialization.format=1}), bucketCols:[a], sortCols:[], parameters:{}, skewedInfo:SkewedInfo(skewedColNames:[], skewedColValues:[], skewedColValueLocationMaps:{}), storedAsSubDirectories:false), partitionKeys:[], parameters:{rawDataSize=0, numRows=0, totalSize=0, numFilesErasureCoded=0, numFiles=0, bucketing_version=2, transactional=true, COLUMN_STATS_ACCURATE={"BASIC_STATS":"true","COLUMN_STATS":{"a":"true","b":"true"}}}, viewOriginalText:null, viewExpandedText:null, tableType:MANAGED_TABLE, privileges:PrincipalPrivilegeSet(userPrivileges:{alex=[PrivilegeGrantInfo(privilege:INSERT, createTime:-1, grantor:alex, grantorType:USER, grantOption:true), PrivilegeGrantInfo(privilege:SELECT, createTime:-1, grantor:alex, grantorType:USER, grantOption:true), PrivilegeGrantInfo(privilege:UPDATE, createTime:-1, grantor:alex, grantorType:USER, grantOption:true), PrivilegeGrantInfo(privilege:DELETE, createTime:-1, grantor:alex, grantorType:USER, grantOption:true)]}, groupPrivileges:null, rolePrivileges:null), temporary:false, catName:hive, ownerType:USER, writeId:0)	
2024-04-24T01:29:27,048  INFO [main] utils.FileUtils: Creating directory if it doesn't exist: file:/home/alex/Repositories/hive/ql/target/tmp/org.apache.hadoop.hive.ql.util.TestHiveStrictManagedMigration-1713947339080/warehouse/acidtbl
2024-04-24T01:29:27,087  INFO [main] metadata.Hive: Dumping metastore api call timing information for : execution phase
2024-04-24T01:29:27,087  INFO [main] metadata.Hive: Total time spent in each metastore function (ms): {isCompatibleWith_(Configuration)=0, createTable_(Table)=46}
2024-04-24T01:29:27,088  INFO [main] ql.Driver: Completed executing command(queryId=alex_20240424012927_26143713-7d36-4029-8a67-f30b7f1b0dbe); Time taken: 0.047 seconds
2024-04-24T01:29:27,088  INFO [main] lockmgr.DbTxnManager: Stopped heartbeat for query: alex_20240424012927_26143713-7d36-4029-8a67-f30b7f1b0dbe
2024-04-24T01:29:27,093  INFO [main] txn.TxnHandler: Expected to move at least one record from txn_components to completed_txn_components when committing txn! txnid:7
2024-04-24T01:29:27,100  INFO [main] txn.TxnHandler: Removed transactions: ([7]) from MIN_HISTORY_LEVEL
2024-04-24T01:29:27,100  WARN [main] txn.CompactionTxnHandler: No compaction queue record found for Compaction type transaction commit. txnId:7
2024-04-24T01:29:27,101  INFO [main] ql.TxnCommandsBaseForTests: Running the query: create table acidTblPart(a int, b int) partitioned by (p string) clustered by (a) into 2 buckets stored as orc TBLPROPERTIES ('transactional'='true')
2024-04-24T01:29:27,102  INFO [main] ql.Driver: Compiling command(queryId=alex_20240424012927_ebfff3d5-412b-489e-ac42-6689f5efabda): create table acidTblPart(a int, b int) partitioned by (p string) clustered by (a) into 2 buckets stored as orc TBLPROPERTIES ('transactional'='true')
2024-04-24T01:29:27,105  INFO [main] txn.TxnHandler: Added entries to MIN_HISTORY_LEVEL for current txns: ([8]) with min_open_txn: 1
2024-04-24T01:29:27,105  INFO [main] lockmgr.DbTxnManager: Opened txnid:8
2024-04-24T01:29:27,109  INFO [main] HiveMetaStore.audit: ugi=alex	ip=unknown-ip-addr	cmd=get_database: default	
2024-04-24T01:29:27,111  INFO [main] ql.Driver: Semantic Analysis Completed (retrial = false)
2024-04-24T01:29:27,111  INFO [main] ql.Driver: Created Hive schema: Schema(fieldSchemas:null, properties:null)
2024-04-24T01:29:27,111  INFO [main] metadata.Hive: Dumping metastore api call timing information for : compilation phase
2024-04-24T01:29:27,111  INFO [main] metadata.Hive: Total time spent in each metastore function (ms): {flushCache_()=0, commitTxn_(CommitTxnRequest)=13, openTxn_(String, TxnType)=2, getValidTxns_(long)=1, isCompatibleWith_(Configuration)=1, getDatabase_(String)=2, getValidWriteIds_(List, String)=3}
2024-04-24T01:29:27,112  INFO [main] ql.Driver: Completed compiling command(queryId=alex_20240424012927_ebfff3d5-412b-489e-ac42-6689f5efabda); Time taken: 0.009 seconds
2024-04-24T01:29:27,112  INFO [main] lockmgr.DbTxnManager: Setting lock request transaction to txnid:8 for queryId=alex_20240424012927_ebfff3d5-412b-489e-ac42-6689f5efabda
2024-04-24T01:29:27,112  INFO [main] lockmgr.DbLockManager: Requesting lock for queryId=alex_20240424012927_ebfff3d5-412b-489e-ac42-6689f5efabda
2024-04-24T01:29:27,128  INFO [main] lockmgr.DbLockManager: Response to queryId=alex_20240424012927_ebfff3d5-412b-489e-ac42-6689f5efabda LockResponse(lockid:2, state:ACQUIRED)
2024-04-24T01:29:27,128  INFO [main] ql.Driver: Operation CREATETABLE obtained 1 locks
2024-04-24T01:29:27,129  INFO [main] ql.Driver: Executing command(queryId=alex_20240424012927_ebfff3d5-412b-489e-ac42-6689f5efabda): create table acidTblPart(a int, b int) partitioned by (p string) clustered by (a) into 2 buckets stored as orc TBLPROPERTIES ('transactional'='true')
2024-04-24T01:29:27,129  INFO [main] ql.Driver: Starting task [Stage-0:DDL] in serial mode
2024-04-24T01:29:27,130  INFO [main] HiveMetaStore.audit: ugi=alex	ip=unknown-ip-addr	cmd=create_table_req: Table(tableName:acidTblPart, dbName:default, owner:alex, createTime:1713947367, lastAccessTime:0, retention:0, sd:StorageDescriptor(cols:[FieldSchema(name:a, type:int, comment:null), FieldSchema(name:b, type:int, comment:null)], location:null, inputFormat:org.apache.hadoop.hive.ql.io.orc.OrcInputFormat, outputFormat:org.apache.hadoop.hive.ql.io.orc.OrcOutputFormat, compressed:false, numBuckets:2, serdeInfo:SerDeInfo(name:null, serializationLib:org.apache.hadoop.hive.ql.io.orc.OrcSerde, parameters:{serialization.format=1}), bucketCols:[a], sortCols:[], parameters:{}, skewedInfo:SkewedInfo(skewedColNames:[], skewedColValues:[], skewedColValueLocationMaps:{}), storedAsSubDirectories:false), partitionKeys:[FieldSchema(name:p, type:string, comment:null)], parameters:{bucketing_version=2, transactional=true}, viewOriginalText:null, viewExpandedText:null, tableType:MANAGED_TABLE, privileges:PrincipalPrivilegeSet(userPrivileges:{alex=[PrivilegeGrantInfo(privilege:INSERT, createTime:-1, grantor:alex, grantorType:USER, grantOption:true), PrivilegeGrantInfo(privilege:SELECT, createTime:-1, grantor:alex, grantorType:USER, grantOption:true), PrivilegeGrantInfo(privilege:UPDATE, createTime:-1, grantor:alex, grantorType:USER, grantOption:true), PrivilegeGrantInfo(privilege:DELETE, createTime:-1, grantor:alex, grantorType:USER, grantOption:true)]}, groupPrivileges:null, rolePrivileges:null), temporary:false, catName:hive, ownerType:USER, writeId:0)	
2024-04-24T01:29:27,137  INFO [main] utils.FileUtils: Creating directory if it doesn't exist: file:/home/alex/Repositories/hive/ql/target/tmp/org.apache.hadoop.hive.ql.util.TestHiveStrictManagedMigration-1713947339080/warehouse/acidtblpart
2024-04-24T01:29:27,158  INFO [main] metadata.Hive: Dumping metastore api call timing information for : execution phase
2024-04-24T01:29:27,158  INFO [main] metadata.Hive: Total time spent in each metastore function (ms): {isCompatibleWith_(Configuration)=0, createTable_(Table)=28}
2024-04-24T01:29:27,159  INFO [main] ql.Driver: Completed executing command(queryId=alex_20240424012927_ebfff3d5-412b-489e-ac42-6689f5efabda); Time taken: 0.029 seconds
2024-04-24T01:29:27,159  INFO [main] lockmgr.DbTxnManager: Stopped heartbeat for query: alex_20240424012927_ebfff3d5-412b-489e-ac42-6689f5efabda
2024-04-24T01:29:27,165  INFO [main] txn.TxnHandler: Expected to move at least one record from txn_components to completed_txn_components when committing txn! txnid:8
2024-04-24T01:29:27,173  INFO [main] txn.TxnHandler: Removed transactions: ([8]) from MIN_HISTORY_LEVEL
2024-04-24T01:29:27,173  WARN [main] txn.CompactionTxnHandler: No compaction queue record found for Compaction type transaction commit. txnId:8
2024-04-24T01:29:27,174  INFO [main] ql.TxnCommandsBaseForTests: Running the query: create table nonAcidOrcTbl(a int, b int) clustered by (a) into 2 buckets stored as orc TBLPROPERTIES ('transactional'='false')
2024-04-24T01:29:27,175  INFO [main] ql.Driver: Compiling command(queryId=alex_20240424012927_51005c68-2239-4df5-9e37-644b0fa49dc0): create table nonAcidOrcTbl(a int, b int) clustered by (a) into 2 buckets stored as orc TBLPROPERTIES ('transactional'='false')
2024-04-24T01:29:27,178  INFO [main] txn.TxnHandler: Added entries to MIN_HISTORY_LEVEL for current txns: ([9]) with min_open_txn: 1
2024-04-24T01:29:27,179  INFO [main] lockmgr.DbTxnManager: Opened txnid:9
2024-04-24T01:29:27,183  INFO [main] HiveMetaStore.audit: ugi=alex	ip=unknown-ip-addr	cmd=get_database: default	
2024-04-24T01:29:27,186  INFO [main] ql.Driver: Semantic Analysis Completed (retrial = false)
2024-04-24T01:29:27,186  INFO [main] ql.Driver: Created Hive schema: Schema(fieldSchemas:null, properties:null)
2024-04-24T01:29:27,186  INFO [main] metadata.Hive: Dumping metastore api call timing information for : compilation phase
2024-04-24T01:29:27,186  INFO [main] metadata.Hive: Total time spent in each metastore function (ms): {commitTxn_(CommitTxnRequest)=15, getValidWriteIds_(List, String)=3, getValidTxns_(long)=0, openTxn_(String, TxnType)=3, getDatabase_(String)=3, isCompatibleWith_(Configuration)=0, flushCache_()=0}
2024-04-24T01:29:27,187  INFO [main] ql.Driver: Completed compiling command(queryId=alex_20240424012927_51005c68-2239-4df5-9e37-644b0fa49dc0); Time taken: 0.011 seconds
2024-04-24T01:29:27,187  INFO [main] lockmgr.DbTxnManager: Setting lock request transaction to txnid:9 for queryId=alex_20240424012927_51005c68-2239-4df5-9e37-644b0fa49dc0
2024-04-24T01:29:27,187  INFO [main] lockmgr.DbLockManager: Requesting lock for queryId=alex_20240424012927_51005c68-2239-4df5-9e37-644b0fa49dc0
2024-04-24T01:29:27,207  INFO [main] lockmgr.DbLockManager: Response to queryId=alex_20240424012927_51005c68-2239-4df5-9e37-644b0fa49dc0 LockResponse(lockid:3, state:ACQUIRED)
2024-04-24T01:29:27,207  INFO [main] ql.Driver: Operation CREATETABLE obtained 1 locks
2024-04-24T01:29:27,207  INFO [main] ql.Driver: Executing command(queryId=alex_20240424012927_51005c68-2239-4df5-9e37-644b0fa49dc0): create table nonAcidOrcTbl(a int, b int) clustered by (a) into 2 buckets stored as orc TBLPROPERTIES ('transactional'='false')
2024-04-24T01:29:27,207  INFO [main] ql.Driver: Starting task [Stage-0:DDL] in serial mode
2024-04-24T01:29:27,208  INFO [main] HiveMetaStore.audit: ugi=alex	ip=unknown-ip-addr	cmd=create_table_req: Table(tableName:nonAcidOrcTbl, dbName:default, owner:alex, createTime:1713947367, lastAccessTime:0, retention:0, sd:StorageDescriptor(cols:[FieldSchema(name:a, type:int, comment:null), FieldSchema(name:b, type:int, comment:null)], location:null, inputFormat:org.apache.hadoop.hive.ql.io.orc.OrcInputFormat, outputFormat:org.apache.hadoop.hive.ql.io.orc.OrcOutputFormat, compressed:false, numBuckets:2, serdeInfo:SerDeInfo(name:null, serializationLib:org.apache.hadoop.hive.ql.io.orc.OrcSerde, parameters:{serialization.format=1}), bucketCols:[a], sortCols:[], parameters:{}, skewedInfo:SkewedInfo(skewedColNames:[], skewedColValues:[], skewedColValueLocationMaps:{}), storedAsSubDirectories:false), partitionKeys:[], parameters:{numFilesErasureCoded=0, transactional=false, totalSize=0, numRows=0, COLUMN_STATS_ACCURATE={"BASIC_STATS":"true","COLUMN_STATS":{"a":"true","b":"true"}}, bucketing_version=2, numFiles=0, rawDataSize=0}, viewOriginalText:null, viewExpandedText:null, tableType:MANAGED_TABLE, privileges:PrincipalPrivilegeSet(userPrivileges:{alex=[PrivilegeGrantInfo(privilege:INSERT, createTime:-1, grantor:alex, grantorType:USER, grantOption:true), PrivilegeGrantInfo(privilege:SELECT, createTime:-1, grantor:alex, grantorType:USER, grantOption:true), PrivilegeGrantInfo(privilege:UPDATE, createTime:-1, grantor:alex, grantorType:USER, grantOption:true), PrivilegeGrantInfo(privilege:DELETE, createTime:-1, grantor:alex, grantorType:USER, grantOption:true)]}, groupPrivileges:null, rolePrivileges:null), temporary:false, catName:hive, ownerType:USER)	
2024-04-24T01:29:27,213  WARN [main] metastore.HMSHandler: create_table_req got 
org.apache.hadoop.hive.metastore.api.MetaException: Table default.nonAcidOrcTbl failed strict managed table checks due to the following reason: Table is marked as a managed table but is not transactional.
	at org.apache.hadoop.hive.metastore.utils.HiveStrictManagedUtils.validateStrictManagedTableWithThrow(HiveStrictManagedUtils.java:33) ~[classes/:?]
	at org.apache.hadoop.hive.metastore.TransactionalValidationListener.handle(TransactionalValidationListener.java:92) ~[classes/:?]
	at org.apache.hadoop.hive.metastore.TransactionalValidationListener.onEvent(TransactionalValidationListener.java:72) ~[classes/:?]
	at org.apache.hadoop.hive.metastore.HMSHandler.firePreEvent(HMSHandler.java:4033) ~[classes/:?]
	at org.apache.hadoop.hive.metastore.HMSHandler.create_table_core(HMSHandler.java:2392) ~[classes/:?]
	at org.apache.hadoop.hive.metastore.HMSHandler.create_table_req(HMSHandler.java:2598) ~[classes/:?]
	at sun.reflect.GeneratedMethodAccessor105.invoke(Unknown Source) ~[?:?]
	at sun.reflect.DelegatingMethodAccessorImpl.invoke(DelegatingMethodAccessorImpl.java:43) ~[?:1.8.0_402]
	at java.lang.reflect.Method.invoke(Method.java:498) ~[?:1.8.0_402]
	at org.apache.hadoop.hive.metastore.RetryingHMSHandler.invokeInternal(RetryingHMSHandler.java:147) ~[classes/:?]
	at org.apache.hadoop.hive.metastore.RetryingHMSHandler.invoke(RetryingHMSHandler.java:108) ~[classes/:?]
	at com.sun.proxy.$Proxy39.create_table_req(Unknown Source) ~[?:?]
	at org.apache.hadoop.hive.metastore.HiveMetaStoreClient.create_table_with_environment_context(HiveMetaStoreClient.java:4408) ~[classes/:?]
	at org.apache.hadoop.hive.ql.metadata.SessionHiveMetaStoreClient.create_table_with_environment_context(SessionHiveMetaStoreClient.java:182) ~[classes/:?]
	at org.apache.hadoop.hive.metastore.HiveMetaStoreClient.createTable(HiveMetaStoreClient.java:1260) ~[classes/:?]
	at org.apache.hadoop.hive.metastore.HiveMetaStoreClient.createTable(HiveMetaStoreClient.java:1245) ~[classes/:?]
	at sun.reflect.GeneratedMethodAccessor104.invoke(Unknown Source) ~[?:?]
	at sun.reflect.DelegatingMethodAccessorImpl.invoke(DelegatingMethodAccessorImpl.java:43) ~[?:1.8.0_402]
	at java.lang.reflect.Method.invoke(Method.java:498) ~[?:1.8.0_402]
	at org.apache.hadoop.hive.metastore.RetryingMetaStoreClient.invoke(RetryingMetaStoreClient.java:218) ~[classes/:?]
	at com.sun.proxy.$Proxy40.createTable(Unknown Source) ~[?:?]
	at org.apache.hadoop.hive.ql.metadata.Hive.createTable(Hive.java:1290) ~[classes/:?]
	at org.apache.hadoop.hive.ql.metadata.Hive.createTable(Hive.java:1306) ~[classes/:?]
	at org.apache.hadoop.hive.ql.ddl.table.create.CreateTableOperation.createTableNonReplaceMode(CreateTableOperation.java:140) ~[classes/:?]
	at org.apache.hadoop.hive.ql.ddl.table.create.CreateTableOperation.execute(CreateTableOperation.java:98) ~[classes/:?]
	at org.apache.hadoop.hive.ql.ddl.DDLTask.execute(DDLTask.java:84) ~[classes/:?]
	at org.apache.hadoop.hive.ql.exec.Task.executeTask(Task.java:212) ~[classes/:?]
	at org.apache.hadoop.hive.ql.exec.TaskRunner.runSequential(TaskRunner.java:105) ~[classes/:?]
	at org.apache.hadoop.hive.ql.Executor.launchTask(Executor.java:361) ~[classes/:?]
	at org.apache.hadoop.hive.ql.Executor.launchTasks(Executor.java:334) ~[classes/:?]
	at org.apache.hadoop.hive.ql.Executor.runTasks(Executor.java:245) ~[classes/:?]
	at org.apache.hadoop.hive.ql.Executor.execute(Executor.java:108) ~[classes/:?]
	at org.apache.hadoop.hive.ql.Driver.execute(Driver.java:348) ~[classes/:?]
	at org.apache.hadoop.hive.ql.Driver.runInternal(Driver.java:204) ~[classes/:?]
	at org.apache.hadoop.hive.ql.Driver.run(Driver.java:153) ~[classes/:?]
	at org.apache.hadoop.hive.ql.Driver.run(Driver.java:140) ~[classes/:?]
	at org.apache.hadoop.hive.ql.TxnCommandsBaseForTests.runStatementOnDriver(TxnCommandsBaseForTests.java:245) ~[test-classes/:?]
	at org.apache.hadoop.hive.ql.TxnCommandsBaseForTests.setUpInternal(TxnCommandsBaseForTests.java:144) ~[test-classes/:?]
	at org.apache.hadoop.hive.ql.TxnCommandsBaseForTests.setUp(TxnCommandsBaseForTests.java:94) ~[test-classes/:?]
	at sun.reflect.NativeMethodAccessorImpl.invoke0(Native Method) ~[?:1.8.0_402]
	at sun.reflect.NativeMethodAccessorImpl.invoke(NativeMethodAccessorImpl.java:62) ~[?:1.8.0_402]
	at sun.reflect.DelegatingMethodAccessorImpl.invoke(DelegatingMethodAccessorImpl.java:43) ~[?:1.8.0_402]
	at java.lang.reflect.Method.invoke(Method.java:498) ~[?:1.8.0_402]
	at org.junit.runners.model.FrameworkMethod$1.runReflectiveCall(FrameworkMethod.java:59) ~[junit-4.13.jar:4.13]
	at org.junit.internal.runners.model.ReflectiveCallable.run(ReflectiveCallable.java:12) ~[junit-4.13.jar:4.13]
	at org.junit.runners.model.FrameworkMethod.invokeExplosively(FrameworkMethod.java:56) ~[junit-4.13.jar:4.13]
	at org.junit.internal.runners.statements.RunBefores.invokeMethod(RunBefores.java:33) ~[junit-4.13.jar:4.13]
	at org.junit.internal.runners.statements.RunBefores.evaluate(RunBefores.java:24) ~[junit-4.13.jar:4.13]
	at org.junit.internal.runners.statements.RunAfters.evaluate(RunAfters.java:27) ~[junit-4.13.jar:4.13]
	at org.junit.rules.TestWatcher$1.evaluate(TestWatcher.java:61) ~[junit-4.13.jar:4.13]
	at org.junit.runners.ParentRunner$3.evaluate(ParentRunner.java:306) ~[junit-4.13.jar:4.13]
	at org.junit.runners.BlockJUnit4ClassRunner$1.evaluate(BlockJUnit4ClassRunner.java:100) ~[junit-4.13.jar:4.13]
	at org.junit.runners.ParentRunner.runLeaf(ParentRunner.java:366) ~[junit-4.13.jar:4.13]
	at org.junit.runners.BlockJUnit4ClassRunner.runChild(BlockJUnit4ClassRunner.java:103) ~[junit-4.13.jar:4.13]
	at org.junit.runners.BlockJUnit4ClassRunner.runChild(BlockJUnit4ClassRunner.java:63) ~[junit-4.13.jar:4.13]
	at org.junit.runners.ParentRunner$4.run(ParentRunner.java:331) ~[junit-4.13.jar:4.13]
	at org.junit.runners.ParentRunner$1.schedule(ParentRunner.java:79) ~[junit-4.13.jar:4.13]
	at org.junit.runners.ParentRunner.runChildren(ParentRunner.java:329) ~[junit-4.13.jar:4.13]
	at org.junit.runners.ParentRunner.access$100(ParentRunner.java:66) ~[junit-4.13.jar:4.13]
	at org.junit.runners.ParentRunner$2.evaluate(ParentRunner.java:293) ~[junit-4.13.jar:4.13]
	at org.junit.runners.ParentRunner$3.evaluate(ParentRunner.java:306) ~[junit-4.13.jar:4.13]
	at org.junit.runners.ParentRunner.run(ParentRunner.java:413) ~[junit-4.13.jar:4.13]
	at org.junit.runner.JUnitCore.run(JUnitCore.java:137) ~[junit-4.13.jar:4.13]
	at org.junit.runner.JUnitCore.run(JUnitCore.java:115) ~[junit-4.13.jar:4.13]
	at org.junit.vintage.engine.execution.RunnerExecutor.execute(RunnerExecutor.java:43) ~[junit-vintage-engine-5.6.2.jar:5.6.2]
	at java.util.stream.ForEachOps$ForEachOp$OfRef.accept(ForEachOps.java:183) ~[?:1.8.0_402]
	at java.util.stream.ReferencePipeline$3$1.accept(ReferencePipeline.java:193) ~[?:1.8.0_402]
	at java.util.Iterator.forEachRemaining(Iterator.java:116) ~[?:1.8.0_402]
	at java.util.Spliterators$IteratorSpliterator.forEachRemaining(Spliterators.java:1801) ~[?:1.8.0_402]
	at java.util.stream.AbstractPipeline.copyInto(AbstractPipeline.java:482) ~[?:1.8.0_402]
	at java.util.stream.AbstractPipeline.wrapAndCopyInto(AbstractPipeline.java:472) ~[?:1.8.0_402]
	at java.util.stream.ForEachOps$ForEachOp.evaluateSequential(ForEachOps.java:150) ~[?:1.8.0_402]
	at java.util.stream.ForEachOps$ForEachOp$OfRef.evaluateSequential(ForEachOps.java:173) ~[?:1.8.0_402]
	at java.util.stream.AbstractPipeline.evaluate(AbstractPipeline.java:234) ~[?:1.8.0_402]
	at java.util.stream.ReferencePipeline.forEach(ReferencePipeline.java:485) ~[?:1.8.0_402]
	at org.junit.vintage.engine.VintageTestEngine.executeAllChildren(VintageTestEngine.java:82) ~[junit-vintage-engine-5.6.2.jar:5.6.2]
	at org.junit.vintage.engine.VintageTestEngine.execute(VintageTestEngine.java:73) ~[junit-vintage-engine-5.6.2.jar:5.6.2]
	at org.junit.platform.launcher.core.DefaultLauncher.execute(DefaultLauncher.java:248) ~[junit-platform-launcher-1.6.2.jar:1.6.2]
	at org.junit.platform.launcher.core.DefaultLauncher.lambda$execute$5(DefaultLauncher.java:211) ~[junit-platform-launcher-1.6.2.jar:1.6.2]
	at org.junit.platform.launcher.core.DefaultLauncher.withInterceptedStreams(DefaultLauncher.java:226) [junit-platform-launcher-1.6.2.jar:1.6.2]
	at org.junit.platform.launcher.core.DefaultLauncher.execute(DefaultLauncher.java:199) [junit-platform-launcher-1.6.2.jar:1.6.2]
	at org.junit.platform.launcher.core.DefaultLauncher.execute(DefaultLauncher.java:132) [junit-platform-launcher-1.6.2.jar:1.6.2]
	at org.apache.maven.surefire.junitplatform.JUnitPlatformProvider.invokeAllTests(JUnitPlatformProvider.java:154) [surefire-junit-platform-3.0.0-M4.jar:3.0.0-M4]
	at org.apache.maven.surefire.junitplatform.JUnitPlatformProvider.invoke(JUnitPlatformProvider.java:123) [surefire-junit-platform-3.0.0-M4.jar:3.0.0-M4]
	at org.apache.maven.surefire.booter.ForkedBooter.runSuitesInProcess(ForkedBooter.java:377) [surefire-booter-3.0.0-M4.jar:3.0.0-M4]
	at org.apache.maven.surefire.booter.ForkedBooter.execute(ForkedBooter.java:138) [surefire-booter-3.0.0-M4.jar:3.0.0-M4]
	at org.apache.maven.surefire.booter.ForkedBooter.run(ForkedBooter.java:465) [surefire-booter-3.0.0-M4.jar:3.0.0-M4]
	at org.apache.maven.surefire.booter.ForkedBooter.main(ForkedBooter.java:451) [surefire-booter-3.0.0-M4.jar:3.0.0-M4]
2024-04-24T01:29:27,217 ERROR [main] metastore.RetryingHMSHandler: MetaException(message:Table default.nonAcidOrcTbl failed strict managed table checks due to the following reason: Table is marked as a managed table but is not transactional.)
	at org.apache.hadoop.hive.metastore.utils.HiveStrictManagedUtils.validateStrictManagedTableWithThrow(HiveStrictManagedUtils.java:33)
	at org.apache.hadoop.hive.metastore.TransactionalValidationListener.handle(TransactionalValidationListener.java:92)
	at org.apache.hadoop.hive.metastore.TransactionalValidationListener.onEvent(TransactionalValidationListener.java:72)
	at org.apache.hadoop.hive.metastore.HMSHandler.firePreEvent(HMSHandler.java:4033)
	at org.apache.hadoop.hive.metastore.HMSHandler.create_table_core(HMSHandler.java:2392)
	at org.apache.hadoop.hive.metastore.HMSHandler.create_table_req(HMSHandler.java:2598)
	at sun.reflect.GeneratedMethodAccessor105.invoke(Unknown Source)
	at sun.reflect.DelegatingMethodAccessorImpl.invoke(DelegatingMethodAccessorImpl.java:43)
	at java.lang.reflect.Method.invoke(Method.java:498)
	at org.apache.hadoop.hive.metastore.RetryingHMSHandler.invokeInternal(RetryingHMSHandler.java:147)
	at org.apache.hadoop.hive.metastore.RetryingHMSHandler.invoke(RetryingHMSHandler.java:108)
	at com.sun.proxy.$Proxy39.create_table_req(Unknown Source)
	at org.apache.hadoop.hive.metastore.HiveMetaStoreClient.create_table_with_environment_context(HiveMetaStoreClient.java:4408)
	at org.apache.hadoop.hive.ql.metadata.SessionHiveMetaStoreClient.create_table_with_environment_context(SessionHiveMetaStoreClient.java:182)
	at org.apache.hadoop.hive.metastore.HiveMetaStoreClient.createTable(HiveMetaStoreClient.java:1260)
	at org.apache.hadoop.hive.metastore.HiveMetaStoreClient.createTable(HiveMetaStoreClient.java:1245)
	at sun.reflect.GeneratedMethodAccessor104.invoke(Unknown Source)
	at sun.reflect.DelegatingMethodAccessorImpl.invoke(DelegatingMethodAccessorImpl.java:43)
	at java.lang.reflect.Method.invoke(Method.java:498)
	at org.apache.hadoop.hive.metastore.RetryingMetaStoreClient.invoke(RetryingMetaStoreClient.java:218)
	at com.sun.proxy.$Proxy40.createTable(Unknown Source)
	at org.apache.hadoop.hive.ql.metadata.Hive.createTable(Hive.java:1290)
	at org.apache.hadoop.hive.ql.metadata.Hive.createTable(Hive.java:1306)
	at org.apache.hadoop.hive.ql.ddl.table.create.CreateTableOperation.createTableNonReplaceMode(CreateTableOperation.java:140)
	at org.apache.hadoop.hive.ql.ddl.table.create.CreateTableOperation.execute(CreateTableOperation.java:98)
	at org.apache.hadoop.hive.ql.ddl.DDLTask.execute(DDLTask.java:84)
	at org.apache.hadoop.hive.ql.exec.Task.executeTask(Task.java:212)
	at org.apache.hadoop.hive.ql.exec.TaskRunner.runSequential(TaskRunner.java:105)
	at org.apache.hadoop.hive.ql.Executor.launchTask(Executor.java:361)
	at org.apache.hadoop.hive.ql.Executor.launchTasks(Executor.java:334)
	at org.apache.hadoop.hive.ql.Executor.runTasks(Executor.java:245)
	at org.apache.hadoop.hive.ql.Executor.execute(Executor.java:108)
	at org.apache.hadoop.hive.ql.Driver.execute(Driver.java:348)
	at org.apache.hadoop.hive.ql.Driver.runInternal(Driver.java:204)
	at org.apache.hadoop.hive.ql.Driver.run(Driver.java:153)
	at org.apache.hadoop.hive.ql.Driver.run(Driver.java:140)
	at org.apache.hadoop.hive.ql.TxnCommandsBaseForTests.runStatementOnDriver(TxnCommandsBaseForTests.java:245)
	at org.apache.hadoop.hive.ql.TxnCommandsBaseForTests.setUpInternal(TxnCommandsBaseForTests.java:144)
	at org.apache.hadoop.hive.ql.TxnCommandsBaseForTests.setUp(TxnCommandsBaseForTests.java:94)
	at sun.reflect.NativeMethodAccessorImpl.invoke0(Native Method)
	at sun.reflect.NativeMethodAccessorImpl.invoke(NativeMethodAccessorImpl.java:62)
	at sun.reflect.DelegatingMethodAccessorImpl.invoke(DelegatingMethodAccessorImpl.java:43)
	at java.lang.reflect.Method.invoke(Method.java:498)
	at org.junit.runners.model.FrameworkMethod$1.runReflectiveCall(FrameworkMethod.java:59)
	at org.junit.internal.runners.model.ReflectiveCallable.run(ReflectiveCallable.java:12)
	at org.junit.runners.model.FrameworkMethod.invokeExplosively(FrameworkMethod.java:56)
	at org.junit.internal.runners.statements.RunBefores.invokeMethod(RunBefores.java:33)
	at org.junit.internal.runners.statements.RunBefores.evaluate(RunBefores.java:24)
	at org.junit.internal.runners.statements.RunAfters.evaluate(RunAfters.java:27)
	at org.junit.rules.TestWatcher$1.evaluate(TestWatcher.java:61)
	at org.junit.runners.ParentRunner$3.evaluate(ParentRunner.java:306)
	at org.junit.runners.BlockJUnit4ClassRunner$1.evaluate(BlockJUnit4ClassRunner.java:100)
	at org.junit.runners.ParentRunner.runLeaf(ParentRunner.java:366)
	at org.junit.runners.BlockJUnit4ClassRunner.runChild(BlockJUnit4ClassRunner.java:103)
	at org.junit.runners.BlockJUnit4ClassRunner.runChild(BlockJUnit4ClassRunner.java:63)
	at org.junit.runners.ParentRunner$4.run(ParentRunner.java:331)
	at org.junit.runners.ParentRunner$1.schedule(ParentRunner.java:79)
	at org.junit.runners.ParentRunner.runChildren(ParentRunner.java:329)
	at org.junit.runners.ParentRunner.access$100(ParentRunner.java:66)
	at org.junit.runners.ParentRunner$2.evaluate(ParentRunner.java:293)
	at org.junit.runners.ParentRunner$3.evaluate(ParentRunner.java:306)
	at org.junit.runners.ParentRunner.run(ParentRunner.java:413)
	at org.junit.runner.JUnitCore.run(JUnitCore.java:137)
	at org.junit.runner.JUnitCore.run(JUnitCore.java:115)
	at org.junit.vintage.engine.execution.RunnerExecutor.execute(RunnerExecutor.java:43)
	at java.util.stream.ForEachOps$ForEachOp$OfRef.accept(ForEachOps.java:183)
	at java.util.stream.ReferencePipeline$3$1.accept(ReferencePipeline.java:193)
	at java.util.Iterator.forEachRemaining(Iterator.java:116)
	at java.util.Spliterators$IteratorSpliterator.forEachRemaining(Spliterators.java:1801)
	at java.util.stream.AbstractPipeline.copyInto(AbstractPipeline.java:482)
	at java.util.stream.AbstractPipeline.wrapAndCopyInto(AbstractPipeline.java:472)
	at java.util.stream.ForEachOps$ForEachOp.evaluateSequential(ForEachOps.java:150)
	at java.util.stream.ForEachOps$ForEachOp$OfRef.evaluateSequential(ForEachOps.java:173)
	at java.util.stream.AbstractPipeline.evaluate(AbstractPipeline.java:234)
	at java.util.stream.ReferencePipeline.forEach(ReferencePipeline.java:485)
	at org.junit.vintage.engine.VintageTestEngine.executeAllChildren(VintageTestEngine.java:82)
	at org.junit.vintage.engine.VintageTestEngine.execute(VintageTestEngine.java:73)
	at org.junit.platform.launcher.core.DefaultLauncher.execute(DefaultLauncher.java:248)
	at org.junit.platform.launcher.core.DefaultLauncher.lambda$execute$5(DefaultLauncher.java:211)
	at org.junit.platform.launcher.core.DefaultLauncher.withInterceptedStreams(DefaultLauncher.java:226)
	at org.junit.platform.launcher.core.DefaultLauncher.execute(DefaultLauncher.java:199)
	at org.junit.platform.launcher.core.DefaultLauncher.execute(DefaultLauncher.java:132)
	at org.apache.maven.surefire.junitplatform.JUnitPlatformProvider.invokeAllTests(JUnitPlatformProvider.java:154)
	at org.apache.maven.surefire.junitplatform.JUnitPlatformProvider.invoke(JUnitPlatformProvider.java:123)
	at org.apache.maven.surefire.booter.ForkedBooter.runSuitesInProcess(ForkedBooter.java:377)
	at org.apache.maven.surefire.booter.ForkedBooter.execute(ForkedBooter.java:138)
	at org.apache.maven.surefire.booter.ForkedBooter.run(ForkedBooter.java:465)
	at org.apache.maven.surefire.booter.ForkedBooter.main(ForkedBooter.java:451)

2024-04-24T01:29:27,217 ERROR [main] exec.Task: Failed
org.apache.hadoop.hive.ql.metadata.HiveException: MetaException(message:Table default.nonAcidOrcTbl failed strict managed table checks due to the following reason: Table is marked as a managed table but is not transactional.)
	at org.apache.hadoop.hive.ql.metadata.Hive.createTable(Hive.java:1301) ~[classes/:?]
	at org.apache.hadoop.hive.ql.metadata.Hive.createTable(Hive.java:1306) ~[classes/:?]
	at org.apache.hadoop.hive.ql.ddl.table.create.CreateTableOperation.createTableNonReplaceMode(CreateTableOperation.java:140) ~[classes/:?]
	at org.apache.hadoop.hive.ql.ddl.table.create.CreateTableOperation.execute(CreateTableOperation.java:98) ~[classes/:?]
	at org.apache.hadoop.hive.ql.ddl.DDLTask.execute(DDLTask.java:84) ~[classes/:?]
	at org.apache.hadoop.hive.ql.exec.Task.executeTask(Task.java:212) ~[classes/:?]
	at org.apache.hadoop.hive.ql.exec.TaskRunner.runSequential(TaskRunner.java:105) ~[classes/:?]
	at org.apache.hadoop.hive.ql.Executor.launchTask(Executor.java:361) ~[classes/:?]
	at org.apache.hadoop.hive.ql.Executor.launchTasks(Executor.java:334) ~[classes/:?]
	at org.apache.hadoop.hive.ql.Executor.runTasks(Executor.java:245) ~[classes/:?]
	at org.apache.hadoop.hive.ql.Executor.execute(Executor.java:108) ~[classes/:?]
	at org.apache.hadoop.hive.ql.Driver.execute(Driver.java:348) ~[classes/:?]
	at org.apache.hadoop.hive.ql.Driver.runInternal(Driver.java:204) ~[classes/:?]
	at org.apache.hadoop.hive.ql.Driver.run(Driver.java:153) ~[classes/:?]
	at org.apache.hadoop.hive.ql.Driver.run(Driver.java:140) ~[classes/:?]
	at org.apache.hadoop.hive.ql.TxnCommandsBaseForTests.runStatementOnDriver(TxnCommandsBaseForTests.java:245) ~[test-classes/:?]
	at org.apache.hadoop.hive.ql.TxnCommandsBaseForTests.setUpInternal(TxnCommandsBaseForTests.java:144) ~[test-classes/:?]
	at org.apache.hadoop.hive.ql.TxnCommandsBaseForTests.setUp(TxnCommandsBaseForTests.java:94) ~[test-classes/:?]
	at sun.reflect.NativeMethodAccessorImpl.invoke0(Native Method) ~[?:1.8.0_402]
	at sun.reflect.NativeMethodAccessorImpl.invoke(NativeMethodAccessorImpl.java:62) ~[?:1.8.0_402]
	at sun.reflect.DelegatingMethodAccessorImpl.invoke(DelegatingMethodAccessorImpl.java:43) ~[?:1.8.0_402]
	at java.lang.reflect.Method.invoke(Method.java:498) ~[?:1.8.0_402]
	at org.junit.runners.model.FrameworkMethod$1.runReflectiveCall(FrameworkMethod.java:59) ~[junit-4.13.jar:4.13]
	at org.junit.internal.runners.model.ReflectiveCallable.run(ReflectiveCallable.java:12) ~[junit-4.13.jar:4.13]
	at org.junit.runners.model.FrameworkMethod.invokeExplosively(FrameworkMethod.java:56) ~[junit-4.13.jar:4.13]
	at org.junit.internal.runners.statements.RunBefores.invokeMethod(RunBefores.java:33) ~[junit-4.13.jar:4.13]
	at org.junit.internal.runners.statements.RunBefores.evaluate(RunBefores.java:24) ~[junit-4.13.jar:4.13]
	at org.junit.internal.runners.statements.RunAfters.evaluate(RunAfters.java:27) ~[junit-4.13.jar:4.13]
	at org.junit.rules.TestWatcher$1.evaluate(TestWatcher.java:61) ~[junit-4.13.jar:4.13]
	at org.junit.runners.ParentRunner$3.evaluate(ParentRunner.java:306) ~[junit-4.13.jar:4.13]
	at org.junit.runners.BlockJUnit4ClassRunner$1.evaluate(BlockJUnit4ClassRunner.java:100) ~[junit-4.13.jar:4.13]
	at org.junit.runners.ParentRunner.runLeaf(ParentRunner.java:366) ~[junit-4.13.jar:4.13]
	at org.junit.runners.BlockJUnit4ClassRunner.runChild(BlockJUnit4ClassRunner.java:103) ~[junit-4.13.jar:4.13]
	at org.junit.runners.BlockJUnit4ClassRunner.runChild(BlockJUnit4ClassRunner.java:63) ~[junit-4.13.jar:4.13]
	at org.junit.runners.ParentRunner$4.run(ParentRunner.java:331) ~[junit-4.13.jar:4.13]
	at org.junit.runners.ParentRunner$1.schedule(ParentRunner.java:79) ~[junit-4.13.jar:4.13]
	at org.junit.runners.ParentRunner.runChildren(ParentRunner.java:329) ~[junit-4.13.jar:4.13]
	at org.junit.runners.ParentRunner.access$100(ParentRunner.java:66) ~[junit-4.13.jar:4.13]
	at org.junit.runners.ParentRunner$2.evaluate(ParentRunner.java:293) ~[junit-4.13.jar:4.13]
	at org.junit.runners.ParentRunner$3.evaluate(ParentRunner.java:306) ~[junit-4.13.jar:4.13]
	at org.junit.runners.ParentRunner.run(ParentRunner.java:413) ~[junit-4.13.jar:4.13]
	at org.junit.runner.JUnitCore.run(JUnitCore.java:137) ~[junit-4.13.jar:4.13]
	at org.junit.runner.JUnitCore.run(JUnitCore.java:115) ~[junit-4.13.jar:4.13]
	at org.junit.vintage.engine.execution.RunnerExecutor.execute(RunnerExecutor.java:43) ~[junit-vintage-engine-5.6.2.jar:5.6.2]
	at java.util.stream.ForEachOps$ForEachOp$OfRef.accept(ForEachOps.java:183) ~[?:1.8.0_402]
	at java.util.stream.ReferencePipeline$3$1.accept(ReferencePipeline.java:193) ~[?:1.8.0_402]
	at java.util.Iterator.forEachRemaining(Iterator.java:116) ~[?:1.8.0_402]
	at java.util.Spliterators$IteratorSpliterator.forEachRemaining(Spliterators.java:1801) ~[?:1.8.0_402]
	at java.util.stream.AbstractPipeline.copyInto(AbstractPipeline.java:482) ~[?:1.8.0_402]
	at java.util.stream.AbstractPipeline.wrapAndCopyInto(AbstractPipeline.java:472) ~[?:1.8.0_402]
	at java.util.stream.ForEachOps$ForEachOp.evaluateSequential(ForEachOps.java:150) ~[?:1.8.0_402]
	at java.util.stream.ForEachOps$ForEachOp$OfRef.evaluateSequential(ForEachOps.java:173) ~[?:1.8.0_402]
	at java.util.stream.AbstractPipeline.evaluate(AbstractPipeline.java:234) ~[?:1.8.0_402]
	at java.util.stream.ReferencePipeline.forEach(ReferencePipeline.java:485) ~[?:1.8.0_402]
	at org.junit.vintage.engine.VintageTestEngine.executeAllChildren(VintageTestEngine.java:82) ~[junit-vintage-engine-5.6.2.jar:5.6.2]
	at org.junit.vintage.engine.VintageTestEngine.execute(VintageTestEngine.java:73) ~[junit-vintage-engine-5.6.2.jar:5.6.2]
	at org.junit.platform.launcher.core.DefaultLauncher.execute(DefaultLauncher.java:248) ~[junit-platform-launcher-1.6.2.jar:1.6.2]
	at org.junit.platform.launcher.core.DefaultLauncher.lambda$execute$5(DefaultLauncher.java:211) ~[junit-platform-launcher-1.6.2.jar:1.6.2]
	at org.junit.platform.launcher.core.DefaultLauncher.withInterceptedStreams(DefaultLauncher.java:226) [junit-platform-launcher-1.6.2.jar:1.6.2]
	at org.junit.platform.launcher.core.DefaultLauncher.execute(DefaultLauncher.java:199) [junit-platform-launcher-1.6.2.jar:1.6.2]
	at org.junit.platform.launcher.core.DefaultLauncher.execute(DefaultLauncher.java:132) [junit-platform-launcher-1.6.2.jar:1.6.2]
	at org.apache.maven.surefire.junitplatform.JUnitPlatformProvider.invokeAllTests(JUnitPlatformProvider.java:154) [surefire-junit-platform-3.0.0-M4.jar:3.0.0-M4]
	at org.apache.maven.surefire.junitplatform.JUnitPlatformProvider.invoke(JUnitPlatformProvider.java:123) [surefire-junit-platform-3.0.0-M4.jar:3.0.0-M4]
	at org.apache.maven.surefire.booter.ForkedBooter.runSuitesInProcess(ForkedBooter.java:377) [surefire-booter-3.0.0-M4.jar:3.0.0-M4]
	at org.apache.maven.surefire.booter.ForkedBooter.execute(ForkedBooter.java:138) [surefire-booter-3.0.0-M4.jar:3.0.0-M4]
	at org.apache.maven.surefire.booter.ForkedBooter.run(ForkedBooter.java:465) [surefire-booter-3.0.0-M4.jar:3.0.0-M4]
	at org.apache.maven.surefire.booter.ForkedBooter.main(ForkedBooter.java:451) [surefire-booter-3.0.0-M4.jar:3.0.0-M4]
Caused by: org.apache.hadoop.hive.metastore.api.MetaException: Table default.nonAcidOrcTbl failed strict managed table checks due to the following reason: Table is marked as a managed table but is not transactional.
	at org.apache.hadoop.hive.metastore.utils.HiveStrictManagedUtils.validateStrictManagedTableWithThrow(HiveStrictManagedUtils.java:33) ~[classes/:?]
	at org.apache.hadoop.hive.metastore.TransactionalValidationListener.handle(TransactionalValidationListener.java:92) ~[classes/:?]
	at org.apache.hadoop.hive.metastore.TransactionalValidationListener.onEvent(TransactionalValidationListener.java:72) ~[classes/:?]
	at org.apache.hadoop.hive.metastore.HMSHandler.firePreEvent(HMSHandler.java:4033) ~[classes/:?]
	at org.apache.hadoop.hive.metastore.HMSHandler.create_table_core(HMSHandler.java:2392) ~[classes/:?]
	at org.apache.hadoop.hive.metastore.HMSHandler.create_table_req(HMSHandler.java:2598) ~[classes/:?]
	at sun.reflect.GeneratedMethodAccessor105.invoke(Unknown Source) ~[?:?]
	at sun.reflect.DelegatingMethodAccessorImpl.invoke(DelegatingMethodAccessorImpl.java:43) ~[?:1.8.0_402]
	at java.lang.reflect.Method.invoke(Method.java:498) ~[?:1.8.0_402]
	at org.apache.hadoop.hive.metastore.RetryingHMSHandler.invokeInternal(RetryingHMSHandler.java:147) ~[classes/:?]
	at org.apache.hadoop.hive.metastore.RetryingHMSHandler.invoke(RetryingHMSHandler.java:108) ~[classes/:?]
	at com.sun.proxy.$Proxy39.create_table_req(Unknown Source) ~[?:?]
	at org.apache.hadoop.hive.metastore.HiveMetaStoreClient.create_table_with_environment_context(HiveMetaStoreClient.java:4408) ~[classes/:?]
	at org.apache.hadoop.hive.ql.metadata.SessionHiveMetaStoreClient.create_table_with_environment_context(SessionHiveMetaStoreClient.java:182) ~[classes/:?]
	at org.apache.hadoop.hive.metastore.HiveMetaStoreClient.createTable(HiveMetaStoreClient.java:1260) ~[classes/:?]
	at org.apache.hadoop.hive.metastore.HiveMetaStoreClient.createTable(HiveMetaStoreClient.java:1245) ~[classes/:?]
	at sun.reflect.GeneratedMethodAccessor104.invoke(Unknown Source) ~[?:?]
	at sun.reflect.DelegatingMethodAccessorImpl.invoke(DelegatingMethodAccessorImpl.java:43) ~[?:1.8.0_402]
	at java.lang.reflect.Method.invoke(Method.java:498) ~[?:1.8.0_402]
	at org.apache.hadoop.hive.metastore.RetryingMetaStoreClient.invoke(RetryingMetaStoreClient.java:218) ~[classes/:?]
	at com.sun.proxy.$Proxy40.createTable(Unknown Source) ~[?:?]
	at org.apache.hadoop.hive.ql.metadata.Hive.createTable(Hive.java:1290) ~[classes/:?]
	... 66 more
2024-04-24T01:29:27,221 ERROR [main] exec.Task: DDLTask failed, DDL Operation: class org.apache.hadoop.hive.ql.ddl.table.create.CreateTableOperation
org.apache.hadoop.hive.ql.metadata.HiveException: MetaException(message:Table default.nonAcidOrcTbl failed strict managed table checks due to the following reason: Table is marked as a managed table but is not transactional.)
	at org.apache.hadoop.hive.ql.metadata.Hive.createTable(Hive.java:1301) ~[classes/:?]
	at org.apache.hadoop.hive.ql.metadata.Hive.createTable(Hive.java:1306) ~[classes/:?]
	at org.apache.hadoop.hive.ql.ddl.table.create.CreateTableOperation.createTableNonReplaceMode(CreateTableOperation.java:140) ~[classes/:?]
	at org.apache.hadoop.hive.ql.ddl.table.create.CreateTableOperation.execute(CreateTableOperation.java:98) ~[classes/:?]
	at org.apache.hadoop.hive.ql.ddl.DDLTask.execute(DDLTask.java:84) ~[classes/:?]
	at org.apache.hadoop.hive.ql.exec.Task.executeTask(Task.java:212) ~[classes/:?]
	at org.apache.hadoop.hive.ql.exec.TaskRunner.runSequential(TaskRunner.java:105) ~[classes/:?]
	at org.apache.hadoop.hive.ql.Executor.launchTask(Executor.java:361) ~[classes/:?]
	at org.apache.hadoop.hive.ql.Executor.launchTasks(Executor.java:334) ~[classes/:?]
	at org.apache.hadoop.hive.ql.Executor.runTasks(Executor.java:245) ~[classes/:?]
	at org.apache.hadoop.hive.ql.Executor.execute(Executor.java:108) ~[classes/:?]
	at org.apache.hadoop.hive.ql.Driver.execute(Driver.java:348) ~[classes/:?]
	at org.apache.hadoop.hive.ql.Driver.runInternal(Driver.java:204) ~[classes/:?]
	at org.apache.hadoop.hive.ql.Driver.run(Driver.java:153) ~[classes/:?]
	at org.apache.hadoop.hive.ql.Driver.run(Driver.java:140) ~[classes/:?]
	at org.apache.hadoop.hive.ql.TxnCommandsBaseForTests.runStatementOnDriver(TxnCommandsBaseForTests.java:245) ~[test-classes/:?]
	at org.apache.hadoop.hive.ql.TxnCommandsBaseForTests.setUpInternal(TxnCommandsBaseForTests.java:144) ~[test-classes/:?]
	at org.apache.hadoop.hive.ql.TxnCommandsBaseForTests.setUp(TxnCommandsBaseForTests.java:94) ~[test-classes/:?]
	at sun.reflect.NativeMethodAccessorImpl.invoke0(Native Method) ~[?:1.8.0_402]
	at sun.reflect.NativeMethodAccessorImpl.invoke(NativeMethodAccessorImpl.java:62) ~[?:1.8.0_402]
	at sun.reflect.DelegatingMethodAccessorImpl.invoke(DelegatingMethodAccessorImpl.java:43) ~[?:1.8.0_402]
	at java.lang.reflect.Method.invoke(Method.java:498) ~[?:1.8.0_402]
	at org.junit.runners.model.FrameworkMethod$1.runReflectiveCall(FrameworkMethod.java:59) ~[junit-4.13.jar:4.13]
	at org.junit.internal.runners.model.ReflectiveCallable.run(ReflectiveCallable.java:12) ~[junit-4.13.jar:4.13]
	at org.junit.runners.model.FrameworkMethod.invokeExplosively(FrameworkMethod.java:56) ~[junit-4.13.jar:4.13]
	at org.junit.internal.runners.statements.RunBefores.invokeMethod(RunBefores.java:33) ~[junit-4.13.jar:4.13]
	at org.junit.internal.runners.statements.RunBefores.evaluate(RunBefores.java:24) ~[junit-4.13.jar:4.13]
	at org.junit.internal.runners.statements.RunAfters.evaluate(RunAfters.java:27) ~[junit-4.13.jar:4.13]
	at org.junit.rules.TestWatcher$1.evaluate(TestWatcher.java:61) ~[junit-4.13.jar:4.13]
	at org.junit.runners.ParentRunner$3.evaluate(ParentRunner.java:306) ~[junit-4.13.jar:4.13]
	at org.junit.runners.BlockJUnit4ClassRunner$1.evaluate(BlockJUnit4ClassRunner.java:100) ~[junit-4.13.jar:4.13]
	at org.junit.runners.ParentRunner.runLeaf(ParentRunner.java:366) ~[junit-4.13.jar:4.13]
	at org.junit.runners.BlockJUnit4ClassRunner.runChild(BlockJUnit4ClassRunner.java:103) ~[junit-4.13.jar:4.13]
	at org.junit.runners.BlockJUnit4ClassRunner.runChild(BlockJUnit4ClassRunner.java:63) ~[junit-4.13.jar:4.13]
	at org.junit.runners.ParentRunner$4.run(ParentRunner.java:331) ~[junit-4.13.jar:4.13]
	at org.junit.runners.ParentRunner$1.schedule(ParentRunner.java:79) ~[junit-4.13.jar:4.13]
	at org.junit.runners.ParentRunner.runChildren(ParentRunner.java:329) ~[junit-4.13.jar:4.13]
	at org.junit.runners.ParentRunner.access$100(ParentRunner.java:66) ~[junit-4.13.jar:4.13]
	at org.junit.runners.ParentRunner$2.evaluate(ParentRunner.java:293) ~[junit-4.13.jar:4.13]
	at org.junit.runners.ParentRunner$3.evaluate(ParentRunner.java:306) ~[junit-4.13.jar:4.13]
	at org.junit.runners.ParentRunner.run(ParentRunner.java:413) ~[junit-4.13.jar:4.13]
	at org.junit.runner.JUnitCore.run(JUnitCore.java:137) ~[junit-4.13.jar:4.13]
	at org.junit.runner.JUnitCore.run(JUnitCore.java:115) ~[junit-4.13.jar:4.13]
	at org.junit.vintage.engine.execution.RunnerExecutor.execute(RunnerExecutor.java:43) ~[junit-vintage-engine-5.6.2.jar:5.6.2]
	at java.util.stream.ForEachOps$ForEachOp$OfRef.accept(ForEachOps.java:183) ~[?:1.8.0_402]
	at java.util.stream.ReferencePipeline$3$1.accept(ReferencePipeline.java:193) ~[?:1.8.0_402]
	at java.util.Iterator.forEachRemaining(Iterator.java:116) ~[?:1.8.0_402]
	at java.util.Spliterators$IteratorSpliterator.forEachRemaining(Spliterators.java:1801) ~[?:1.8.0_402]
	at java.util.stream.AbstractPipeline.copyInto(AbstractPipeline.java:482) ~[?:1.8.0_402]
	at java.util.stream.AbstractPipeline.wrapAndCopyInto(AbstractPipeline.java:472) ~[?:1.8.0_402]
	at java.util.stream.ForEachOps$ForEachOp.evaluateSequential(ForEachOps.java:150) ~[?:1.8.0_402]
	at java.util.stream.ForEachOps$ForEachOp$OfRef.evaluateSequential(ForEachOps.java:173) ~[?:1.8.0_402]
	at java.util.stream.AbstractPipeline.evaluate(AbstractPipeline.java:234) ~[?:1.8.0_402]
	at java.util.stream.ReferencePipeline.forEach(ReferencePipeline.java:485) ~[?:1.8.0_402]
	at org.junit.vintage.engine.VintageTestEngine.executeAllChildren(VintageTestEngine.java:82) ~[junit-vintage-engine-5.6.2.jar:5.6.2]
	at org.junit.vintage.engine.VintageTestEngine.execute(VintageTestEngine.java:73) ~[junit-vintage-engine-5.6.2.jar:5.6.2]
	at org.junit.platform.launcher.core.DefaultLauncher.execute(DefaultLauncher.java:248) ~[junit-platform-launcher-1.6.2.jar:1.6.2]
	at org.junit.platform.launcher.core.DefaultLauncher.lambda$execute$5(DefaultLauncher.java:211) ~[junit-platform-launcher-1.6.2.jar:1.6.2]
	at org.junit.platform.launcher.core.DefaultLauncher.withInterceptedStreams(DefaultLauncher.java:226) [junit-platform-launcher-1.6.2.jar:1.6.2]
	at org.junit.platform.launcher.core.DefaultLauncher.execute(DefaultLauncher.java:199) [junit-platform-launcher-1.6.2.jar:1.6.2]
	at org.junit.platform.launcher.core.DefaultLauncher.execute(DefaultLauncher.java:132) [junit-platform-launcher-1.6.2.jar:1.6.2]
	at org.apache.maven.surefire.junitplatform.JUnitPlatformProvider.invokeAllTests(JUnitPlatformProvider.java:154) [surefire-junit-platform-3.0.0-M4.jar:3.0.0-M4]
	at org.apache.maven.surefire.junitplatform.JUnitPlatformProvider.invoke(JUnitPlatformProvider.java:123) [surefire-junit-platform-3.0.0-M4.jar:3.0.0-M4]
	at org.apache.maven.surefire.booter.ForkedBooter.runSuitesInProcess(ForkedBooter.java:377) [surefire-booter-3.0.0-M4.jar:3.0.0-M4]
	at org.apache.maven.surefire.booter.ForkedBooter.execute(ForkedBooter.java:138) [surefire-booter-3.0.0-M4.jar:3.0.0-M4]
	at org.apache.maven.surefire.booter.ForkedBooter.run(ForkedBooter.java:465) [surefire-booter-3.0.0-M4.jar:3.0.0-M4]
	at org.apache.maven.surefire.booter.ForkedBooter.main(ForkedBooter.java:451) [surefire-booter-3.0.0-M4.jar:3.0.0-M4]
Caused by: org.apache.hadoop.hive.metastore.api.MetaException: Table default.nonAcidOrcTbl failed strict managed table checks due to the following reason: Table is marked as a managed table but is not transactional.
	at org.apache.hadoop.hive.metastore.utils.HiveStrictManagedUtils.validateStrictManagedTableWithThrow(HiveStrictManagedUtils.java:33) ~[classes/:?]
	at org.apache.hadoop.hive.metastore.TransactionalValidationListener.handle(TransactionalValidationListener.java:92) ~[classes/:?]
	at org.apache.hadoop.hive.metastore.TransactionalValidationListener.onEvent(TransactionalValidationListener.java:72) ~[classes/:?]
	at org.apache.hadoop.hive.metastore.HMSHandler.firePreEvent(HMSHandler.java:4033) ~[classes/:?]
	at org.apache.hadoop.hive.metastore.HMSHandler.create_table_core(HMSHandler.java:2392) ~[classes/:?]
	at org.apache.hadoop.hive.metastore.HMSHandler.create_table_req(HMSHandler.java:2598) ~[classes/:?]
	at sun.reflect.GeneratedMethodAccessor105.invoke(Unknown Source) ~[?:?]
	at sun.reflect.DelegatingMethodAccessorImpl.invoke(DelegatingMethodAccessorImpl.java:43) ~[?:1.8.0_402]
	at java.lang.reflect.Method.invoke(Method.java:498) ~[?:1.8.0_402]
	at org.apache.hadoop.hive.metastore.RetryingHMSHandler.invokeInternal(RetryingHMSHandler.java:147) ~[classes/:?]
	at org.apache.hadoop.hive.metastore.RetryingHMSHandler.invoke(RetryingHMSHandler.java:108) ~[classes/:?]
	at com.sun.proxy.$Proxy39.create_table_req(Unknown Source) ~[?:?]
	at org.apache.hadoop.hive.metastore.HiveMetaStoreClient.create_table_with_environment_context(HiveMetaStoreClient.java:4408) ~[classes/:?]
	at org.apache.hadoop.hive.ql.metadata.SessionHiveMetaStoreClient.create_table_with_environment_context(SessionHiveMetaStoreClient.java:182) ~[classes/:?]
	at org.apache.hadoop.hive.metastore.HiveMetaStoreClient.createTable(HiveMetaStoreClient.java:1260) ~[classes/:?]
	at org.apache.hadoop.hive.metastore.HiveMetaStoreClient.createTable(HiveMetaStoreClient.java:1245) ~[classes/:?]
	at sun.reflect.GeneratedMethodAccessor104.invoke(Unknown Source) ~[?:?]
	at sun.reflect.DelegatingMethodAccessorImpl.invoke(DelegatingMethodAccessorImpl.java:43) ~[?:1.8.0_402]
	at java.lang.reflect.Method.invoke(Method.java:498) ~[?:1.8.0_402]
	at org.apache.hadoop.hive.metastore.RetryingMetaStoreClient.invoke(RetryingMetaStoreClient.java:218) ~[classes/:?]
	at com.sun.proxy.$Proxy40.createTable(Unknown Source) ~[?:?]
	at org.apache.hadoop.hive.ql.metadata.Hive.createTable(Hive.java:1290) ~[classes/:?]
	... 66 more
FAILED: Execution Error, return code 40000 from org.apache.hadoop.hive.ql.ddl.DDLTask. MetaException(message:Table default.nonAcidOrcTbl failed strict managed table checks due to the following reason: Table is marked as a managed table but is not transactional.)
2024-04-24T01:29:27,224 ERROR [main] ql.Driver: FAILED: Execution Error, return code 40000 from org.apache.hadoop.hive.ql.ddl.DDLTask. MetaException(message:Table default.nonAcidOrcTbl failed strict managed table checks due to the following reason: Table is marked as a managed table but is not transactional.)
2024-04-24T01:29:27,224  INFO [main] metadata.Hive: Dumping metastore api call timing information for : execution phase
2024-04-24T01:29:27,224  INFO [main] metadata.Hive: Total time spent in each metastore function (ms): {isCompatibleWith_(Configuration)=0}
2024-04-24T01:29:27,224  INFO [main] ql.Driver: Completed executing command(queryId=alex_20240424012927_51005c68-2239-4df5-9e37-644b0fa49dc0); Time taken: 0.017 seconds
2024-04-24T01:29:27,224  INFO [main] lockmgr.DbTxnManager: Stopped heartbeat for query: alex_20240424012927_51005c68-2239-4df5-9e37-644b0fa49dc0
2024-04-24T01:29:27,227  INFO [main] txn.TxnHandler: Removed transactions: ([9]) from MIN_HISTORY_LEVEL
2024-04-24T01:29:27,236  INFO [main] ql.TxnCommandsBaseForTests: Running the query: drop table if exists acidTbl
2024-04-24T01:29:27,236  INFO [main] ql.Driver: Compiling command(queryId=alex_20240424012927_ececb38d-795a-45f7-b1a5-3fb685be12ab): drop table if exists acidTbl
2024-04-24T01:29:27,239  INFO [main] txn.TxnHandler: Added entries to MIN_HISTORY_LEVEL for current txns: ([10]) with min_open_txn: 1
2024-04-24T01:29:27,239  INFO [main] lockmgr.DbTxnManager: Opened txnid:10
2024-04-24T01:29:27,240  INFO [main] HiveMetaStore.audit: ugi=alex	ip=unknown-ip-addr	cmd=get_table : tbl=hive.default.acidTbl	
2024-04-24T01:29:27,269  INFO [main] metastore.HMSHandler: Skipping translation for processor with null
2024-04-24T01:29:27,269  INFO [main] ql.Driver: Semantic Analysis Completed (retrial = false)
2024-04-24T01:29:27,269  INFO [main] ql.Driver: Created Hive schema: Schema(fieldSchemas:null, properties:null)
2024-04-24T01:29:27,269  INFO [main] metadata.Hive: Dumping metastore api call timing information for : compilation phase
2024-04-24T01:29:27,269  INFO [main] metadata.Hive: Total time spent in each metastore function (ms): {flushCache_()=0, rollbackTxn_(long)=10, isCompatibleWith_(Configuration)=0, getValidTxns_(long)=1, openTxn_(String, TxnType)=3, getTable_(GetTableRequest)=29}
2024-04-24T01:29:27,269  INFO [main] ql.Driver: Completed compiling command(queryId=alex_20240424012927_ececb38d-795a-45f7-b1a5-3fb685be12ab); Time taken: 0.033 seconds
2024-04-24T01:29:27,270  INFO [main] lockmgr.DbTxnManager: Setting lock request transaction to txnid:10 for queryId=alex_20240424012927_ececb38d-795a-45f7-b1a5-3fb685be12ab
2024-04-24T01:29:27,270  INFO [main] lockmgr.DbLockManager: Requesting lock for queryId=alex_20240424012927_ececb38d-795a-45f7-b1a5-3fb685be12ab
2024-04-24T01:29:27,293  INFO [main] lockmgr.DbLockManager: Response to queryId=alex_20240424012927_ececb38d-795a-45f7-b1a5-3fb685be12ab LockResponse(lockid:4, state:ACQUIRED)
2024-04-24T01:29:27,293  INFO [main] ql.Driver: Operation DROPTABLE obtained 1 locks
2024-04-24T01:29:27,293  INFO [main] ql.Driver: Executing command(queryId=alex_20240424012927_ececb38d-795a-45f7-b1a5-3fb685be12ab): drop table if exists acidTbl
2024-04-24T01:29:27,293  INFO [main] ql.Driver: Starting task [Stage-0:DDL] in serial mode
2024-04-24T01:29:27,294  INFO [main] HiveMetaStore.audit: ugi=alex	ip=unknown-ip-addr	cmd=get_table : tbl=hive.default.acidTbl	
2024-04-24T01:29:27,304  INFO [main] metastore.HMSHandler: Skipping translation for processor with null
2024-04-24T01:29:27,305  INFO [main] HiveMetaStore.audit: ugi=alex	ip=unknown-ip-addr	cmd=get_table : tbl=hive.default.acidTbl	
2024-04-24T01:29:27,315  INFO [main] metastore.HMSHandler: Skipping translation for processor with null
2024-04-24T01:29:27,316  INFO [main] HiveMetaStore.audit: ugi=alex	ip=unknown-ip-addr	cmd=drop_table : tbl=hive.default.acidTbl	
2024-04-24T01:29:27,456  INFO [main] metadata.Hive: Dumping metastore api call timing information for : execution phase
2024-04-24T01:29:27,456  INFO [main] metadata.Hive: Total time spent in each metastore function (ms): {isCompatibleWith_(Configuration)=0, dropTable_(String, String, boolean, boolean, boolean)=150, getTable_(GetTableRequest)=12}
2024-04-24T01:29:27,456  INFO [main] ql.Driver: Completed executing command(queryId=alex_20240424012927_ececb38d-795a-45f7-b1a5-3fb685be12ab); Time taken: 0.163 seconds
2024-04-24T01:29:27,456  INFO [main] lockmgr.DbTxnManager: Stopped heartbeat for query: alex_20240424012927_ececb38d-795a-45f7-b1a5-3fb685be12ab
2024-04-24T01:29:27,460  INFO [main] txn.TxnHandler: Expected to move at least one record from txn_components to completed_txn_components when committing txn! txnid:10
2024-04-24T01:29:27,466  INFO [main] txn.TxnHandler: Removed transactions: ([10]) from MIN_HISTORY_LEVEL
2024-04-24T01:29:27,468  WARN [main] txn.CompactionTxnHandler: No compaction queue record found for Compaction type transaction commit. txnId:10
2024-04-24T01:29:27,469  INFO [main] ql.TxnCommandsBaseForTests: Running the query: drop table if exists acidTblPart
2024-04-24T01:29:27,469  INFO [main] ql.Driver: Compiling command(queryId=alex_20240424012927_06ab65b1-09f6-4ae6-ba2c-acaab58cfc52): drop table if exists acidTblPart
2024-04-24T01:29:27,480  INFO [main] txn.TxnHandler: Added entries to MIN_HISTORY_LEVEL for current txns: ([11]) with min_open_txn: 1
2024-04-24T01:29:27,480  INFO [main] lockmgr.DbTxnManager: Opened txnid:11
2024-04-24T01:29:27,483  INFO [main] HiveMetaStore.audit: ugi=alex	ip=unknown-ip-addr	cmd=get_table : tbl=hive.default.acidTblPart	
2024-04-24T01:29:27,492  INFO [main] metastore.HMSHandler: Skipping translation for processor with null
2024-04-24T01:29:27,493  INFO [main] ql.Driver: Semantic Analysis Completed (retrial = false)
2024-04-24T01:29:27,493  INFO [main] ql.Driver: Created Hive schema: Schema(fieldSchemas:null, properties:null)
2024-04-24T01:29:27,493  INFO [main] metadata.Hive: Dumping metastore api call timing information for : compilation phase
2024-04-24T01:29:27,493  INFO [main] metadata.Hive: Total time spent in each metastore function (ms): {isCompatibleWith_(Configuration)=0, openTxn_(String, TxnType)=10, flushCache_()=0, getValidTxns_(long)=2, commitTxn_(CommitTxnRequest)=13, getTable_(GetTableRequest)=10}
2024-04-24T01:29:27,493  INFO [main] ql.Driver: Completed compiling command(queryId=alex_20240424012927_06ab65b1-09f6-4ae6-ba2c-acaab58cfc52); Time taken: 0.024 seconds
2024-04-24T01:29:27,493  INFO [main] lockmgr.DbTxnManager: Setting lock request transaction to txnid:11 for queryId=alex_20240424012927_06ab65b1-09f6-4ae6-ba2c-acaab58cfc52
2024-04-24T01:29:27,494  INFO [main] lockmgr.DbLockManager: Requesting lock for queryId=alex_20240424012927_06ab65b1-09f6-4ae6-ba2c-acaab58cfc52
2024-04-24T01:29:27,514  INFO [main] lockmgr.DbLockManager: Response to queryId=alex_20240424012927_06ab65b1-09f6-4ae6-ba2c-acaab58cfc52 LockResponse(lockid:5, state:ACQUIRED)
2024-04-24T01:29:27,514  INFO [main] ql.Driver: Operation DROPTABLE obtained 1 locks
2024-04-24T01:29:27,515  INFO [main] ql.Driver: Executing command(queryId=alex_20240424012927_06ab65b1-09f6-4ae6-ba2c-acaab58cfc52): drop table if exists acidTblPart
2024-04-24T01:29:27,515  INFO [main] ql.Driver: Starting task [Stage-0:DDL] in serial mode
2024-04-24T01:29:27,515  INFO [main] HiveMetaStore.audit: ugi=alex	ip=unknown-ip-addr	cmd=get_table : tbl=hive.default.acidTblPart	
2024-04-24T01:29:27,524  INFO [main] metastore.HMSHandler: Skipping translation for processor with null
2024-04-24T01:29:27,524  INFO [main] HiveMetaStore.audit: ugi=alex	ip=unknown-ip-addr	cmd=get_table : tbl=hive.default.acidTblPart	
2024-04-24T01:29:27,531  INFO [main] metastore.HMSHandler: Skipping translation for processor with null
2024-04-24T01:29:27,531  INFO [main] HiveMetaStore.audit: ugi=alex	ip=unknown-ip-addr	cmd=drop_table : tbl=hive.default.acidTblPart	
2024-04-24T01:29:27,578  INFO [main] metadata.Hive: Dumping metastore api call timing information for : execution phase
2024-04-24T01:29:27,579  INFO [main] metadata.Hive: Total time spent in each metastore function (ms): {dropTable_(String, String, boolean, boolean, boolean)=54, getTable_(GetTableRequest)=9, isCompatibleWith_(Configuration)=0}
2024-04-24T01:29:27,579  INFO [main] ql.Driver: Completed executing command(queryId=alex_20240424012927_06ab65b1-09f6-4ae6-ba2c-acaab58cfc52); Time taken: 0.063 seconds
2024-04-24T01:29:27,579  INFO [main] lockmgr.DbTxnManager: Stopped heartbeat for query: alex_20240424012927_06ab65b1-09f6-4ae6-ba2c-acaab58cfc52
2024-04-24T01:29:27,583  INFO [main] txn.TxnHandler: Expected to move at least one record from txn_components to completed_txn_components when committing txn! txnid:11
2024-04-24T01:29:27,590  INFO [main] txn.TxnHandler: Removed transactions: ([11]) from MIN_HISTORY_LEVEL
2024-04-24T01:29:27,590  WARN [main] txn.CompactionTxnHandler: No compaction queue record found for Compaction type transaction commit. txnId:11
2024-04-24T01:29:27,591  INFO [main] ql.TxnCommandsBaseForTests: Running the query: drop table if exists acidTbl2
2024-04-24T01:29:27,591  INFO [main] ql.Driver: Compiling command(queryId=alex_20240424012927_8480c59b-22c6-4b1a-8668-5d8e59762df4): drop table if exists acidTbl2
2024-04-24T01:29:27,593  INFO [main] txn.TxnHandler: Added entries to MIN_HISTORY_LEVEL for current txns: ([12]) with min_open_txn: 1
2024-04-24T01:29:27,594  INFO [main] lockmgr.DbTxnManager: Opened txnid:12
2024-04-24T01:29:27,594  INFO [main] HiveMetaStore.audit: ugi=alex	ip=unknown-ip-addr	cmd=get_table : tbl=hive.default.acidTbl2	
2024-04-24T01:29:27,597  INFO [main] ql.Driver: Semantic Analysis Completed (retrial = false)
2024-04-24T01:29:27,597  INFO [main] ql.Driver: Created Hive schema: Schema(fieldSchemas:null, properties:null)
2024-04-24T01:29:27,597  INFO [main] metadata.Hive: Dumping metastore api call timing information for : compilation phase
2024-04-24T01:29:27,597  INFO [main] metadata.Hive: Total time spent in each metastore function (ms): {commitTxn_(CommitTxnRequest)=12, openTxn_(String, TxnType)=2, isCompatibleWith_(Configuration)=0, flushCache_()=0, getValidTxns_(long)=0}
2024-04-24T01:29:27,598  INFO [main] ql.Driver: Completed compiling command(queryId=alex_20240424012927_8480c59b-22c6-4b1a-8668-5d8e59762df4); Time taken: 0.006 seconds
2024-04-24T01:29:27,598  INFO [main] lockmgr.DbTxnManager: Setting lock request transaction to txnid:12 for queryId=alex_20240424012927_8480c59b-22c6-4b1a-8668-5d8e59762df4
2024-04-24T01:29:27,598  INFO [main] ql.Driver: Operation DROPTABLE obtained 0 locks
2024-04-24T01:29:27,598  INFO [main] ql.Driver: Executing command(queryId=alex_20240424012927_8480c59b-22c6-4b1a-8668-5d8e59762df4): drop table if exists acidTbl2
2024-04-24T01:29:27,598  INFO [main] ql.Driver: Starting task [Stage-0:DDL] in serial mode
2024-04-24T01:29:27,598  INFO [main] HiveMetaStore.audit: ugi=alex	ip=unknown-ip-addr	cmd=get_table : tbl=hive.default.acidTbl2	
2024-04-24T01:29:27,601  INFO [main] metadata.Hive: Dumping metastore api call timing information for : execution phase
2024-04-24T01:29:27,602  INFO [main] metadata.Hive: Total time spent in each metastore function (ms): {isCompatibleWith_(Configuration)=0}
2024-04-24T01:29:27,602  INFO [main] ql.Driver: Completed executing command(queryId=alex_20240424012927_8480c59b-22c6-4b1a-8668-5d8e59762df4); Time taken: 0.003 seconds
2024-04-24T01:29:27,602  INFO [main] lockmgr.DbTxnManager: Stopped heartbeat for query: alex_20240424012927_8480c59b-22c6-4b1a-8668-5d8e59762df4
2024-04-24T01:29:27,609  INFO [main] txn.TxnHandler: Expected to move at least one record from txn_components to completed_txn_components when committing txn! txnid:12
2024-04-24T01:29:27,615  INFO [main] txn.TxnHandler: Removed transactions: ([12]) from MIN_HISTORY_LEVEL
2024-04-24T01:29:27,615  WARN [main] txn.CompactionTxnHandler: No compaction queue record found for Compaction type transaction commit. txnId:12
2024-04-24T01:29:27,616  INFO [main] ql.TxnCommandsBaseForTests: Running the query: drop table if exists nonAcidOrcTbl
2024-04-24T01:29:27,616  INFO [main] ql.Driver: Compiling command(queryId=alex_20240424012927_616b18e1-8751-4414-bd2c-bb4b92b549a5): drop table if exists nonAcidOrcTbl
2024-04-24T01:29:27,618  INFO [main] txn.TxnHandler: Added entries to MIN_HISTORY_LEVEL for current txns: ([13]) with min_open_txn: 1
2024-04-24T01:29:27,618  INFO [main] lockmgr.DbTxnManager: Opened txnid:13
2024-04-24T01:29:27,619  INFO [main] HiveMetaStore.audit: ugi=alex	ip=unknown-ip-addr	cmd=get_table : tbl=hive.default.nonAcidOrcTbl	
2024-04-24T01:29:27,622  INFO [main] ql.Driver: Semantic Analysis Completed (retrial = false)
2024-04-24T01:29:27,622  INFO [main] ql.Driver: Created Hive schema: Schema(fieldSchemas:null, properties:null)
2024-04-24T01:29:27,622  INFO [main] metadata.Hive: Dumping metastore api call timing information for : compilation phase
2024-04-24T01:29:27,622  INFO [main] metadata.Hive: Total time spent in each metastore function (ms): {openTxn_(String, TxnType)=2, flushCache_()=0, getValidTxns_(long)=0, isCompatibleWith_(Configuration)=0, commitTxn_(CommitTxnRequest)=14}
2024-04-24T01:29:27,622  INFO [main] ql.Driver: Completed compiling command(queryId=alex_20240424012927_616b18e1-8751-4414-bd2c-bb4b92b549a5); Time taken: 0.006 seconds
2024-04-24T01:29:27,623  INFO [main] lockmgr.DbTxnManager: Setting lock request transaction to txnid:13 for queryId=alex_20240424012927_616b18e1-8751-4414-bd2c-bb4b92b549a5
2024-04-24T01:29:27,623  INFO [main] ql.Driver: Operation DROPTABLE obtained 0 locks
2024-04-24T01:29:27,623  INFO [main] ql.Driver: Executing command(queryId=alex_20240424012927_616b18e1-8751-4414-bd2c-bb4b92b549a5): drop table if exists nonAcidOrcTbl
2024-04-24T01:29:27,623  INFO [main] ql.Driver: Starting task [Stage-0:DDL] in serial mode
2024-04-24T01:29:27,623  INFO [main] HiveMetaStore.audit: ugi=alex	ip=unknown-ip-addr	cmd=get_table : tbl=hive.default.nonAcidOrcTbl	
2024-04-24T01:29:27,626  INFO [main] metadata.Hive: Dumping metastore api call timing information for : execution phase
2024-04-24T01:29:27,626  INFO [main] metadata.Hive: Total time spent in each metastore function (ms): {isCompatibleWith_(Configuration)=0}
2024-04-24T01:29:27,626  INFO [main] ql.Driver: Completed executing command(queryId=alex_20240424012927_616b18e1-8751-4414-bd2c-bb4b92b549a5); Time taken: 0.003 seconds
2024-04-24T01:29:27,626  INFO [main] lockmgr.DbTxnManager: Stopped heartbeat for query: alex_20240424012927_616b18e1-8751-4414-bd2c-bb4b92b549a5
2024-04-24T01:29:27,631  INFO [main] txn.TxnHandler: Expected to move at least one record from txn_components to completed_txn_components when committing txn! txnid:13
2024-04-24T01:29:27,637  INFO [main] txn.TxnHandler: Removed transactions: ([13]) from MIN_HISTORY_LEVEL
2024-04-24T01:29:27,637  WARN [main] txn.CompactionTxnHandler: No compaction queue record found for Compaction type transaction commit. txnId:13
2024-04-24T01:29:27,638  INFO [main] ql.TxnCommandsBaseForTests: Running the query: drop table if exists nonAcidOrcTbl2
2024-04-24T01:29:27,638  INFO [main] ql.Driver: Compiling command(queryId=alex_20240424012927_579b8959-5154-4838-8a15-1813811e283c): drop table if exists nonAcidOrcTbl2
2024-04-24T01:29:27,640  INFO [main] txn.TxnHandler: Added entries to MIN_HISTORY_LEVEL for current txns: ([14]) with min_open_txn: 1
2024-04-24T01:29:27,641  INFO [main] lockmgr.DbTxnManager: Opened txnid:14
2024-04-24T01:29:27,641  INFO [main] HiveMetaStore.audit: ugi=alex	ip=unknown-ip-addr	cmd=get_table : tbl=hive.default.nonAcidOrcTbl2	
2024-04-24T01:29:27,644  INFO [main] ql.Driver: Semantic Analysis Completed (retrial = false)
2024-04-24T01:29:27,644  INFO [main] ql.Driver: Created Hive schema: Schema(fieldSchemas:null, properties:null)
2024-04-24T01:29:27,644  INFO [main] metadata.Hive: Dumping metastore api call timing information for : compilation phase
2024-04-24T01:29:27,644  INFO [main] metadata.Hive: Total time spent in each metastore function (ms): {openTxn_(String, TxnType)=2, isCompatibleWith_(Configuration)=1, commitTxn_(CommitTxnRequest)=12, getValidTxns_(long)=0, flushCache_()=0}
2024-04-24T01:29:27,644  INFO [main] ql.Driver: Completed compiling command(queryId=alex_20240424012927_579b8959-5154-4838-8a15-1813811e283c); Time taken: 0.006 seconds
2024-04-24T01:29:27,645  INFO [main] lockmgr.DbTxnManager: Setting lock request transaction to txnid:14 for queryId=alex_20240424012927_579b8959-5154-4838-8a15-1813811e283c
2024-04-24T01:29:27,645  INFO [main] ql.Driver: Operation DROPTABLE obtained 0 locks
2024-04-24T01:29:27,645  INFO [main] ql.Driver: Executing command(queryId=alex_20240424012927_579b8959-5154-4838-8a15-1813811e283c): drop table if exists nonAcidOrcTbl2
2024-04-24T01:29:27,645  INFO [main] ql.Driver: Starting task [Stage-0:DDL] in serial mode
2024-04-24T01:29:27,645  INFO [main] HiveMetaStore.audit: ugi=alex	ip=unknown-ip-addr	cmd=get_table : tbl=hive.default.nonAcidOrcTbl2	
2024-04-24T01:29:27,648  INFO [main] metadata.Hive: Dumping metastore api call timing information for : execution phase
2024-04-24T01:29:27,648  INFO [main] metadata.Hive: Total time spent in each metastore function (ms): {isCompatibleWith_(Configuration)=0}
2024-04-24T01:29:27,648  INFO [main] ql.Driver: Completed executing command(queryId=alex_20240424012927_579b8959-5154-4838-8a15-1813811e283c); Time taken: 0.003 seconds
2024-04-24T01:29:27,649  INFO [main] lockmgr.DbTxnManager: Stopped heartbeat for query: alex_20240424012927_579b8959-5154-4838-8a15-1813811e283c
2024-04-24T01:29:27,655  INFO [main] txn.TxnHandler: Expected to move at least one record from txn_components to completed_txn_components when committing txn! txnid:14
2024-04-24T01:29:27,662  INFO [main] txn.TxnHandler: Removed transactions: ([14]) from MIN_HISTORY_LEVEL
2024-04-24T01:29:27,662  WARN [main] txn.CompactionTxnHandler: No compaction queue record found for Compaction type transaction commit. txnId:14
2024-04-24T01:29:27,663  INFO [main] ql.TxnCommandsBaseForTests: Running the query: drop table if exists nonAcidNonBucket
2024-04-24T01:29:27,663  INFO [main] ql.Driver: Compiling command(queryId=alex_20240424012927_1479ea95-999b-40df-826c-4f7ea6ee5272): drop table if exists nonAcidNonBucket
2024-04-24T01:29:27,665  INFO [main] txn.TxnHandler: Added entries to MIN_HISTORY_LEVEL for current txns: ([15]) with min_open_txn: 1
2024-04-24T01:29:27,665  INFO [main] lockmgr.DbTxnManager: Opened txnid:15
2024-04-24T01:29:27,666  INFO [main] HiveMetaStore.audit: ugi=alex	ip=unknown-ip-addr	cmd=get_table : tbl=hive.default.nonAcidNonBucket	
2024-04-24T01:29:27,669  INFO [main] ql.Driver: Semantic Analysis Completed (retrial = false)
2024-04-24T01:29:27,669  INFO [main] ql.Driver: Created Hive schema: Schema(fieldSchemas:null, properties:null)
2024-04-24T01:29:27,669  INFO [main] metadata.Hive: Dumping metastore api call timing information for : compilation phase
2024-04-24T01:29:27,669  INFO [main] metadata.Hive: Total time spent in each metastore function (ms): {isCompatibleWith_(Configuration)=0, getValidTxns_(long)=1, commitTxn_(CommitTxnRequest)=13, openTxn_(String, TxnType)=2, flushCache_()=0}
2024-04-24T01:29:27,669  INFO [main] ql.Driver: Completed compiling command(queryId=alex_20240424012927_1479ea95-999b-40df-826c-4f7ea6ee5272); Time taken: 0.006 seconds
2024-04-24T01:29:27,669  INFO [main] lockmgr.DbTxnManager: Setting lock request transaction to txnid:15 for queryId=alex_20240424012927_1479ea95-999b-40df-826c-4f7ea6ee5272
2024-04-24T01:29:27,669  INFO [main] ql.Driver: Operation DROPTABLE obtained 0 locks
2024-04-24T01:29:27,669  INFO [main] ql.Driver: Executing command(queryId=alex_20240424012927_1479ea95-999b-40df-826c-4f7ea6ee5272): drop table if exists nonAcidNonBucket
2024-04-24T01:29:27,670  INFO [main] ql.Driver: Starting task [Stage-0:DDL] in serial mode
2024-04-24T01:29:27,670  INFO [main] HiveMetaStore.audit: ugi=alex	ip=unknown-ip-addr	cmd=get_table : tbl=hive.default.nonAcidNonBucket	
2024-04-24T01:29:27,673  INFO [main] metadata.Hive: Dumping metastore api call timing information for : execution phase
2024-04-24T01:29:27,673  INFO [main] metadata.Hive: Total time spent in each metastore function (ms): {isCompatibleWith_(Configuration)=0}
2024-04-24T01:29:27,673  INFO [main] ql.Driver: Completed executing command(queryId=alex_20240424012927_1479ea95-999b-40df-826c-4f7ea6ee5272); Time taken: 0.004 seconds
2024-04-24T01:29:27,673  INFO [main] lockmgr.DbTxnManager: Stopped heartbeat for query: alex_20240424012927_1479ea95-999b-40df-826c-4f7ea6ee5272
2024-04-24T01:29:27,679  INFO [main] txn.TxnHandler: Expected to move at least one record from txn_components to completed_txn_components when committing txn! txnid:15
2024-04-24T01:29:27,685  INFO [main] txn.TxnHandler: Removed transactions: ([15]) from MIN_HISTORY_LEVEL
2024-04-24T01:29:27,685  WARN [main] txn.CompactionTxnHandler: No compaction queue record found for Compaction type transaction commit. txnId:15
2024-04-24T01:29:27,686  INFO [main] utils.TestTxnDbUtil: Cleaning transactional tables
]]></system-err>
  </testcase>
</testsuite>