<?xml version="1.0" encoding="UTF-8"?>
<testsuite xmlns:xsi="http://www.w3.org/2001/XMLSchema-instance" xsi:noNamespaceSchemaLocation="https://maven.apache.org/surefire/maven-surefire-plugin/xsd/surefire-test-report.xsd" name="com.jsoniter.output.TestMap" time="0.111" tests="11" errors="1" skipped="0" failures="0">
  <properties>
    <property name="sun.desktop" value="gnome"/>
    <property name="awt.toolkit" value="sun.awt.X11.XToolkit"/>
    <property name="java.specification.version" value="1.8"/>
    <property name="nondexStart" value="0"/>
    <property name="file.encoding.pkg" value="sun.io"/>
    <property name="sun.cpu.isalist" value=""/>
    <property name="sun.jnu.encoding" value="UTF-8"/>
    <property name="java.class.path" value="/home/alex/Repositories/java/target/test-classes:/home/alex/Repositories/java/target/classes:/home/alex/.m2/repository/junit/junit/4.12/junit-4.12.jar:/home/alex/.m2/repository/org/hamcrest/hamcrest-core/1.3/hamcrest-core-1.3.jar:/home/alex/.m2/repository/org/javassist/javassist/3.22.0-GA/javassist-3.22.0-GA.jar:/home/alex/.m2/repository/com/fasterxml/jackson/core/jackson-annotations/2.9.5/jackson-annotations-2.9.5.jar:/home/alex/.m2/repository/com/fasterxml/jackson/core/jackson-databind/2.9.5/jackson-databind-2.9.5.jar:/home/alex/.m2/repository/com/fasterxml/jackson/core/jackson-core/2.9.5/jackson-core-2.9.5.jar:/home/alex/.m2/repository/com/google/code/gson/gson/2.8.3/gson-2.8.3.jar:/home/alex/.m2/repository/org/openjdk/jmh/jmh-core/1.20/jmh-core-1.20.jar:/home/alex/.m2/repository/net/sf/jopt-simple/jopt-simple/4.6/jopt-simple-4.6.jar:/home/alex/.m2/repository/org/apache/commons/commons-math3/3.2/commons-math3-3.2.jar:/home/alex/.m2/repository/org/openjdk/jmh/jmh-generator-annprocess/1.20/jmh-generator-annprocess-1.20.jar:"/>
    <property name="java.vm.vendor" value="Private Build"/>
    <property name="nondexPrintstack" value="false"/>
    <property name="sun.arch.data.model" value="64"/>
    <property name="java.vendor.url" value="http://java.oracle.com/"/>
    <property name="user.timezone" value=""/>
    <property name="user.country.format" value="PT"/>
    <property name="java.vm.specification.version" value="1.8"/>
    <property name="os.name" value="Linux"/>
    <property name="user.country" value="US"/>
    <property name="sun.java.launcher" value="SUN_STANDARD"/>
    <property name="sun.boot.library.path" value="/usr/lib/jvm/java-8-openjdk-amd64/jre/lib/amd64"/>
    <property name="sun.java.command" value="/home/alex/Repositories/java/target/surefire/surefirebooter1132166781967152981.jar /home/alex/Repositories/java/target/surefire 2024-04-23T17-29-39_390-jvmRun1 surefire877924503523529284tmp surefire_71464130036083024156tmp"/>
    <property name="nondexLogging" value="CONFIG"/>
    <property name="surefire.test.class.path" value="/home/alex/Repositories/java/target/test-classes:/home/alex/Repositories/java/target/classes:/home/alex/.m2/repository/junit/junit/4.12/junit-4.12.jar:/home/alex/.m2/repository/org/hamcrest/hamcrest-core/1.3/hamcrest-core-1.3.jar:/home/alex/.m2/repository/org/javassist/javassist/3.22.0-GA/javassist-3.22.0-GA.jar:/home/alex/.m2/repository/com/fasterxml/jackson/core/jackson-annotations/2.9.5/jackson-annotations-2.9.5.jar:/home/alex/.m2/repository/com/fasterxml/jackson/core/jackson-databind/2.9.5/jackson-databind-2.9.5.jar:/home/alex/.m2/repository/com/fasterxml/jackson/core/jackson-core/2.9.5/jackson-core-2.9.5.jar:/home/alex/.m2/repository/com/google/code/gson/gson/2.8.3/gson-2.8.3.jar:/home/alex/.m2/repository/org/openjdk/jmh/jmh-core/1.20/jmh-core-1.20.jar:/home/alex/.m2/repository/net/sf/jopt-simple/jopt-simple/4.6/jopt-simple-4.6.jar:/home/alex/.m2/repository/org/apache/commons/commons-math3/3.2/commons-math3-3.2.jar:/home/alex/.m2/repository/org/openjdk/jmh/jmh-generator-annprocess/1.20/jmh-generator-annprocess-1.20.jar:"/>
    <property name="sun.cpu.endian" value="little"/>
    <property name="nondexExecid" value="9We80cT2vGJYjVqCknE0PUmGWkdOsY6fRCDFQD1I4="/>
    <property name="user.home" value="/home/alex"/>
    <property name="user.language" value="en"/>
    <property name="java.specification.vendor" value="Oracle Corporation"/>
    <property name="java.home" value="/usr/lib/jvm/java-8-openjdk-amd64/jre"/>
    <property name="basedir" value="/home/alex/Repositories/java"/>
    <property name="file.separator" value="/"/>
    <property name="nondexEnd" value="9223372036854775807"/>
    <property name="line.separator" value="&#10;"/>
    <property name="java.vm.specification.vendor" value="Oracle Corporation"/>
    <property name="java.specification.name" value="Java Platform API Specification"/>
    <property name="java.awt.graphicsenv" value="sun.awt.X11GraphicsEnvironment"/>
    <property name="nondexFilter" value=".*"/>
    <property name="nondexSeed" value="933178"/>
    <property name="surefire.real.class.path" value="/home/alex/Repositories/java/target/surefire/surefirebooter1132166781967152981.jar"/>
    <property name="sun.boot.class.path" value="/home/alex/Repositories/java/.nondex/nondex-instr.jar:/home/alex/.m2/repository/edu/illinois/nondex-common/2.1.7/nondex-common-2.1.7.jar:/home/alex/.m2/repository/edu/illinois/nondex-annotations/2.1.7/nondex-annotations-2.1.7.jar:/usr/lib/jvm/java-8-openjdk-amd64/jre/lib/resources.jar:/usr/lib/jvm/java-8-openjdk-amd64/jre/lib/rt.jar:/usr/lib/jvm/java-8-openjdk-amd64/jre/lib/sunrsasign.jar:/usr/lib/jvm/java-8-openjdk-amd64/jre/lib/jsse.jar:/usr/lib/jvm/java-8-openjdk-amd64/jre/lib/jce.jar:/usr/lib/jvm/java-8-openjdk-amd64/jre/lib/charsets.jar:/usr/lib/jvm/java-8-openjdk-amd64/jre/lib/jfr.jar:/usr/lib/jvm/java-8-openjdk-amd64/jre/classes"/>
    <property name="sun.management.compiler" value="HotSpot 64-Bit Tiered Compilers"/>
    <property name="java.runtime.version" value="1.8.0_402-8u402-ga-2ubuntu1~22.04-b06"/>
    <property name="user.name" value="alex"/>
    <property name="path.separator" value=":"/>
    <property name="os.version" value="6.5.0-28-generic"/>
    <property name="java.endorsed.dirs" value="/usr/lib/jvm/java-8-openjdk-amd64/jre/lib/endorsed"/>
    <property name="java.runtime.name" value="OpenJDK Runtime Environment"/>
    <property name="file.encoding" value="UTF-8"/>
    <property name="java.vm.name" value="OpenJDK 64-Bit Server VM"/>
    <property name="localRepository" value="/home/alex/.m2/repository"/>
    <property name="nondexDir" value="/home/alex/Repositories/java/.nondex"/>
    <property name="nondexJarDir" value="/home/alex/Repositories/java/.nondex"/>
    <property name="java.vendor.url.bug" value="http://bugreport.sun.com/bugreport/"/>
    <property name="java.io.tmpdir" value="/tmp"/>
    <property name="java.version" value="1.8.0_402"/>
    <property name="user.dir" value="/home/alex/Repositories/java"/>
    <property name="os.arch" value="amd64"/>
    <property name="nondexMode" value="FULL"/>
    <property name="java.vm.specification.name" value="Java Virtual Machine Specification"/>
    <property name="user.language.format" value="pt"/>
    <property name="java.awt.printerjob" value="sun.print.PSPrinterJob"/>
    <property name="sun.os.patch.level" value="unknown"/>
    <property name="java.library.path" value="/usr/java/packages/lib/amd64:/usr/lib/x86_64-linux-gnu/jni:/lib/x86_64-linux-gnu:/usr/lib/x86_64-linux-gnu:/usr/lib/jni:/lib:/usr/lib"/>
    <property name="java.vm.info" value="mixed mode"/>
    <property name="java.vendor" value="Private Build"/>
    <property name="java.vm.version" value="25.402-b06"/>
    <property name="java.specification.maintenance.version" value="5"/>
    <property name="sun.io.unicode.encoding" value="UnicodeLittle"/>
    <property name="java.ext.dirs" value="/usr/lib/jvm/java-8-openjdk-amd64/jre/lib/ext:/usr/java/packages/lib/ext"/>
    <property name="java.class.version" value="52.0"/>
  </properties>
  <testcase name="test_value_is_null" classname="com.jsoniter.output.TestMap" time="0.017"/>
  <testcase name="test_value_is_null" classname="com.jsoniter.output.TestMap" time="0.003"/>
  <testcase name="test_value_is_null" classname="com.jsoniter.output.TestMap" time="0.012">
    <error message="failed to generate encoder for: java.util.Map&lt;java.lang.String, int[]&gt; with [class java.lang.String, class [I], exception: javassist.CannotCompileException: by java.lang.ClassFormatError: Illegal class name &quot;jsoniter_codegen/cfg9223372036535405691/encoder/java/util/Map_java/lang/String_int[]&quot; in class file jsoniter_codegen/cfg9223372036535405691/encoder/java/util/Map_java/lang/String_int[]&#10;public static void encode_(java.lang.Object obj, com.jsoniter.output.JsonStream stream) throws java.io.IOException {&#10;if (obj == null) { stream.writeNull(); return; }&#10;java.util.Map map = (java.util.Map)obj;&#10;java.util.Iterator iter = map.entrySet().iterator();&#10;if(!iter.hasNext()) { return; }&#10;java.util.Map.Entry entry = (java.util.Map.Entry)iter.next();&#10;stream.writeVal((java.lang.String)entry.getKey());&#10;stream.write(&apos;:&apos;);&#10;if (entry.getValue() == null) { stream.writeNull(); } else {&#10;stream.write((byte)&apos;[&apos;);&#10;jsoniter_codegen.cfg9223372036535405691.encoder.int_array.encode_((int[])entry.getValue(), stream);&#10;stream.write((byte)&apos;]&apos;);&#10;}&#10;while(iter.hasNext()) {&#10;entry = (java.util.Map.Entry)iter.next();&#10;stream.write(&apos;,&apos;);&#10;stream.writeVal((java.lang.String)entry.getKey());&#10;stream.write(&apos;:&apos;);&#10;if (entry.getValue() == null) { stream.writeNull(); } else {&#10;stream.write((byte)&apos;[&apos;);&#10;jsoniter_codegen.cfg9223372036535405691.encoder.int_array.encode_((int[])entry.getValue(), stream);&#10;stream.write((byte)&apos;]&apos;);&#10;}&#10;}&#10;}&#10;" type="com.jsoniter.spi.JsonException"><![CDATA[com.jsoniter.spi.JsonException: 
failed to generate encoder for: java.util.Map<java.lang.String, int[]> with [class java.lang.String, class [I], exception: javassist.CannotCompileException: by java.lang.ClassFormatError: Illegal class name "jsoniter_codegen/cfg9223372036535405691/encoder/java/util/Map_java/lang/String_int[]" in class file jsoniter_codegen/cfg9223372036535405691/encoder/java/util/Map_java/lang/String_int[]
public static void encode_(java.lang.Object obj, com.jsoniter.output.JsonStream stream) throws java.io.IOException {
if (obj == null) { stream.writeNull(); return; }
java.util.Map map = (java.util.Map)obj;
java.util.Iterator iter = map.entrySet().iterator();
if(!iter.hasNext()) { return; }
java.util.Map.Entry entry = (java.util.Map.Entry)iter.next();
stream.writeVal((java.lang.String)entry.getKey());
stream.write(':');
if (entry.getValue() == null) { stream.writeNull(); } else {
stream.write((byte)'[');
jsoniter_codegen.cfg9223372036535405691.encoder.int_array.encode_((int[])entry.getValue(), stream);
stream.write((byte)']');
}
while(iter.hasNext()) {
entry = (java.util.Map.Entry)iter.next();
stream.write(',');
stream.writeVal((java.lang.String)entry.getKey());
stream.write(':');
if (entry.getValue() == null) { stream.writeNull(); } else {
stream.write((byte)'[');
jsoniter_codegen.cfg9223372036535405691.encoder.int_array.encode_((int[])entry.getValue(), stream);
stream.write((byte)']');
}
}
}

	at com.jsoniter.output.TestMap.test_value_is_null(TestMap.java:54)
Caused by: javassist.CannotCompileException: by java.lang.ClassFormatError: Illegal class name "jsoniter_codegen/cfg9223372036535405691/encoder/java/util/Map_java/lang/String_int[]" in class file jsoniter_codegen/cfg9223372036535405691/encoder/java/util/Map_java/lang/String_int[]
	at com.jsoniter.output.TestMap.test_value_is_null(TestMap.java:54)
Caused by: java.lang.ClassFormatError: Illegal class name "jsoniter_codegen/cfg9223372036535405691/encoder/java/util/Map_java/lang/String_int[]" in class file jsoniter_codegen/cfg9223372036535405691/encoder/java/util/Map_java/lang/String_int[]
	at com.jsoniter.output.TestMap.test_value_is_null(TestMap.java:54)
]]></error>
  </testcase>
  <testcase name="test_value_is_null" classname="com.jsoniter.output.TestMap" time="0.009">
    <error message="failed to generate encoder for: java.util.Map&lt;java.lang.String, int[]&gt; with [class java.lang.String, class [I], exception: javassist.CannotCompileException: by java.lang.ClassFormatError: Illegal class name &quot;jsoniter_codegen/cfg9223372034806973682/encoder/java/util/Map_java/lang/String_int[]&quot; in class file jsoniter_codegen/cfg9223372034806973682/encoder/java/util/Map_java/lang/String_int[]&#10;public static void encode_(java.lang.Object obj, com.jsoniter.output.JsonStream stream) throws java.io.IOException {&#10;if (obj == null) { stream.writeNull(); return; }&#10;java.util.Map map = (java.util.Map)obj;&#10;java.util.Iterator iter = map.entrySet().iterator();&#10;if(!iter.hasNext()) { return; }&#10;java.util.Map.Entry entry = (java.util.Map.Entry)iter.next();&#10;stream.writeVal((java.lang.String)entry.getKey());&#10;stream.write(&apos;:&apos;);&#10;if (entry.getValue() == null) { stream.writeNull(); } else {&#10;stream.write((byte)&apos;[&apos;);&#10;jsoniter_codegen.cfg9223372034806973682.encoder.int_array.encode_((int[])entry.getValue(), stream);&#10;stream.write((byte)&apos;]&apos;);&#10;}&#10;while(iter.hasNext()) {&#10;entry = (java.util.Map.Entry)iter.next();&#10;stream.write(&apos;,&apos;);&#10;stream.writeVal((java.lang.String)entry.getKey());&#10;stream.write(&apos;:&apos;);&#10;if (entry.getValue() == null) { stream.writeNull(); } else {&#10;stream.write((byte)&apos;[&apos;);&#10;jsoniter_codegen.cfg9223372034806973682.encoder.int_array.encode_((int[])entry.getValue(), stream);&#10;stream.write((byte)&apos;]&apos;);&#10;}&#10;}&#10;}&#10;" type="com.jsoniter.spi.JsonException"><![CDATA[com.jsoniter.spi.JsonException: 
failed to generate encoder for: java.util.Map<java.lang.String, int[]> with [class java.lang.String, class [I], exception: javassist.CannotCompileException: by java.lang.ClassFormatError: Illegal class name "jsoniter_codegen/cfg9223372034806973682/encoder/java/util/Map_java/lang/String_int[]" in class file jsoniter_codegen/cfg9223372034806973682/encoder/java/util/Map_java/lang/String_int[]
public static void encode_(java.lang.Object obj, com.jsoniter.output.JsonStream stream) throws java.io.IOException {
if (obj == null) { stream.writeNull(); return; }
java.util.Map map = (java.util.Map)obj;
java.util.Iterator iter = map.entrySet().iterator();
if(!iter.hasNext()) { return; }
java.util.Map.Entry entry = (java.util.Map.Entry)iter.next();
stream.writeVal((java.lang.String)entry.getKey());
stream.write(':');
if (entry.getValue() == null) { stream.writeNull(); } else {
stream.write((byte)'[');
jsoniter_codegen.cfg9223372034806973682.encoder.int_array.encode_((int[])entry.getValue(), stream);
stream.write((byte)']');
}
while(iter.hasNext()) {
entry = (java.util.Map.Entry)iter.next();
stream.write(',');
stream.writeVal((java.lang.String)entry.getKey());
stream.write(':');
if (entry.getValue() == null) { stream.writeNull(); } else {
stream.write((byte)'[');
jsoniter_codegen.cfg9223372034806973682.encoder.int_array.encode_((int[])entry.getValue(), stream);
stream.write((byte)']');
}
}
}

	at com.jsoniter.output.TestMap.test_value_is_null(TestMap.java:54)
Caused by: javassist.CannotCompileException: by java.lang.ClassFormatError: Illegal class name "jsoniter_codegen/cfg9223372034806973682/encoder/java/util/Map_java/lang/String_int[]" in class file jsoniter_codegen/cfg9223372034806973682/encoder/java/util/Map_java/lang/String_int[]
	at com.jsoniter.output.TestMap.test_value_is_null(TestMap.java:54)
Caused by: java.lang.ClassFormatError: Illegal class name "jsoniter_codegen/cfg9223372034806973682/encoder/java/util/Map_java/lang/String_int[]" in class file jsoniter_codegen/cfg9223372034806973682/encoder/java/util/Map_java/lang/String_int[]
	at com.jsoniter.output.TestMap.test_value_is_null(TestMap.java:54)
]]></error>
  </testcase>
  <testcase name="test_multiple_keys" classname="com.jsoniter.output.TestMap" time="0.002"/>
  <testcase name="test_multiple_keys" classname="com.jsoniter.output.TestMap" time="0.003"/>
  <testcase name="test_multiple_keys" classname="com.jsoniter.output.TestMap" time="0.026"/>
  <testcase name="test_multiple_keys" classname="com.jsoniter.output.TestMap" time="0.015"/>
  <testcase name="test_null" classname="com.jsoniter.output.TestMap" time="0"/>
  <testcase name="test_null" classname="com.jsoniter.output.TestMap" time="0"/>
  <testcase name="test_null" classname="com.jsoniter.output.TestMap" time="0.001"/>
  <testcase name="test_null" classname="com.jsoniter.output.TestMap" time="0"/>
  <testcase name="test_indention_with_empty_map" classname="com.jsoniter.output.TestMap" time="0.036"/>
  <testcase name="test_indention_with_empty_map" classname="com.jsoniter.output.TestMap" time="0.017"/>
  <testcase name="test_indention_with_empty_map" classname="com.jsoniter.output.TestMap" time="0.004"/>
  <testcase name="test_indention_with_empty_map" classname="com.jsoniter.output.TestMap" time="0.016"/>
  <testcase name="test_object_key" classname="com.jsoniter.output.TestMap" time="0.001"/>
  <testcase name="test_object_key" classname="com.jsoniter.output.TestMap" time="0"/>
  <testcase name="test_object_key" classname="com.jsoniter.output.TestMap" time="0"/>
  <testcase name="test_object_key" classname="com.jsoniter.output.TestMap" time="0.001"/>
  <testcase name="test" classname="com.jsoniter.output.TestMap" time="0"/>
  <testcase name="test" classname="com.jsoniter.output.TestMap" time="0"/>
  <testcase name="test" classname="com.jsoniter.output.TestMap" time="0"/>
  <testcase name="test" classname="com.jsoniter.output.TestMap" time="0"/>
  <testcase name="test_enum_key" classname="com.jsoniter.output.TestMap" time="0.002"/>
  <testcase name="test_enum_key" classname="com.jsoniter.output.TestMap" time="0.002"/>
  <testcase name="test_enum_key" classname="com.jsoniter.output.TestMap" time="0.049"/>
  <testcase name="test_enum_key" classname="com.jsoniter.output.TestMap" time="0.012"/>
  <testcase name="test_integer_key" classname="com.jsoniter.output.TestMap" time="0.01"/>
  <testcase name="test_integer_key" classname="com.jsoniter.output.TestMap" time="0.001"/>
  <testcase name="test_integer_key" classname="com.jsoniter.output.TestMap" time="0.005"/>
  <testcase name="test_integer_key" classname="com.jsoniter.output.TestMap" time="0.006"/>
  <testcase name="test_int_as_map_key" classname="com.jsoniter.output.TestMap" time="0.003"/>
  <testcase name="test_int_as_map_key" classname="com.jsoniter.output.TestMap" time="0.001"/>
  <testcase name="test_int_as_map_key" classname="com.jsoniter.output.TestMap" time="0.025"/>
  <testcase name="test_int_as_map_key" classname="com.jsoniter.output.TestMap" time="0.007"/>
  <testcase name="test_MapKeyCodec" classname="com.jsoniter.output.TestMap" time="0.002"/>
  <testcase name="test_MapKeyCodec" classname="com.jsoniter.output.TestMap" time="0.002"/>
  <testcase name="test_MapKeyCodec" classname="com.jsoniter.output.TestMap" time="0.053"/>
  <testcase name="test_MapKeyCodec" classname="com.jsoniter.output.TestMap" time="0.045"/>
  <testcase name="test_empty" classname="com.jsoniter.output.TestMap" time="0"/>
  <testcase name="test_empty" classname="com.jsoniter.output.TestMap" time="0"/>
  <testcase name="test_empty" classname="com.jsoniter.output.TestMap" time="0"/>
  <testcase name="test_empty" classname="com.jsoniter.output.TestMap" time="0"/>
</testsuite>