<?xml version="1.0" encoding="UTF-8"?>
<testsuite xmlns:xsi="http://www.w3.org/2001/XMLSchema-instance" xsi:noNamespaceSchemaLocation="https://maven.apache.org/surefire/maven-surefire-plugin/xsd/surefire-test-report.xsd" name="com.jsoniter.TestAnnotation" time="0.108" tests="4" errors="1" skipped="0" failures="0">
  <properties>
    <property name="sun.desktop" value="gnome"/>
    <property name="awt.toolkit" value="sun.awt.X11.XToolkit"/>
    <property name="java.specification.version" value="1.8"/>
    <property name="nondexStart" value="0"/>
    <property name="file.encoding.pkg" value="sun.io"/>
    <property name="sun.cpu.isalist" value=""/>
    <property name="sun.jnu.encoding" value="UTF-8"/>
    <property name="java.class.path" value="/home/alex/Repositories/java/target/test-classes:/home/alex/Repositories/java/target/classes:/home/alex/.m2/repository/junit/junit/4.12/junit-4.12.jar:/home/alex/.m2/repository/org/hamcrest/hamcrest-core/1.3/hamcrest-core-1.3.jar:/home/alex/.m2/repository/org/javassist/javassist/3.22.0-GA/javassist-3.22.0-GA.jar:/home/alex/.m2/repository/com/fasterxml/jackson/core/jackson-annotations/2.9.5/jackson-annotations-2.9.5.jar:/home/alex/.m2/repository/com/fasterxml/jackson/core/jackson-databind/2.9.5/jackson-databind-2.9.5.jar:/home/alex/.m2/repository/com/fasterxml/jackson/core/jackson-core/2.9.5/jackson-core-2.9.5.jar:/home/alex/.m2/repository/com/google/code/gson/gson/2.8.3/gson-2.8.3.jar:/home/alex/.m2/repository/org/openjdk/jmh/jmh-core/1.20/jmh-core-1.20.jar:/home/alex/.m2/repository/net/sf/jopt-simple/jopt-simple/4.6/jopt-simple-4.6.jar:/home/alex/.m2/repository/org/apache/commons/commons-math3/3.2/commons-math3-3.2.jar:/home/alex/.m2/repository/org/openjdk/jmh/jmh-generator-annprocess/1.20/jmh-generator-annprocess-1.20.jar:"/>
    <property name="java.vm.vendor" value="Private Build"/>
    <property name="nondexPrintstack" value="false"/>
    <property name="sun.arch.data.model" value="64"/>
    <property name="java.vendor.url" value="http://java.oracle.com/"/>
    <property name="user.timezone" value=""/>
    <property name="user.country.format" value="PT"/>
    <property name="java.vm.specification.version" value="1.8"/>
    <property name="os.name" value="Linux"/>
    <property name="user.country" value="US"/>
    <property name="sun.java.launcher" value="SUN_STANDARD"/>
    <property name="sun.boot.library.path" value="/usr/lib/jvm/java-8-openjdk-amd64/jre/lib/amd64"/>
    <property name="sun.java.command" value="/home/alex/Repositories/java/target/surefire/surefirebooter5948580187150478907.jar /home/alex/Repositories/java/target/surefire 2024-04-23T17-29-39_390-jvmRun2 surefire6426621940796138486tmp surefire_66933962814569907387tmp"/>
    <property name="nondexLogging" value="CONFIG"/>
    <property name="surefire.test.class.path" value="/home/alex/Repositories/java/target/test-classes:/home/alex/Repositories/java/target/classes:/home/alex/.m2/repository/junit/junit/4.12/junit-4.12.jar:/home/alex/.m2/repository/org/hamcrest/hamcrest-core/1.3/hamcrest-core-1.3.jar:/home/alex/.m2/repository/org/javassist/javassist/3.22.0-GA/javassist-3.22.0-GA.jar:/home/alex/.m2/repository/com/fasterxml/jackson/core/jackson-annotations/2.9.5/jackson-annotations-2.9.5.jar:/home/alex/.m2/repository/com/fasterxml/jackson/core/jackson-databind/2.9.5/jackson-databind-2.9.5.jar:/home/alex/.m2/repository/com/fasterxml/jackson/core/jackson-core/2.9.5/jackson-core-2.9.5.jar:/home/alex/.m2/repository/com/google/code/gson/gson/2.8.3/gson-2.8.3.jar:/home/alex/.m2/repository/org/openjdk/jmh/jmh-core/1.20/jmh-core-1.20.jar:/home/alex/.m2/repository/net/sf/jopt-simple/jopt-simple/4.6/jopt-simple-4.6.jar:/home/alex/.m2/repository/org/apache/commons/commons-math3/3.2/commons-math3-3.2.jar:/home/alex/.m2/repository/org/openjdk/jmh/jmh-generator-annprocess/1.20/jmh-generator-annprocess-1.20.jar:"/>
    <property name="sun.cpu.endian" value="little"/>
    <property name="nondexExecid" value="9We80cT2vGJYjVqCknE0PUmGWkdOsY6fRCDFQD1I4="/>
    <property name="user.home" value="/home/alex"/>
    <property name="user.language" value="en"/>
    <property name="java.specification.vendor" value="Oracle Corporation"/>
    <property name="java.home" value="/usr/lib/jvm/java-8-openjdk-amd64/jre"/>
    <property name="file.separator" value="/"/>
    <property name="basedir" value="/home/alex/Repositories/java"/>
    <property name="line.separator" value="&#10;"/>
    <property name="nondexEnd" value="9223372036854775807"/>
    <property name="java.specification.name" value="Java Platform API Specification"/>
    <property name="java.vm.specification.vendor" value="Oracle Corporation"/>
    <property name="java.awt.graphicsenv" value="sun.awt.X11GraphicsEnvironment"/>
    <property name="nondexFilter" value=".*"/>
    <property name="nondexSeed" value="933178"/>
    <property name="surefire.real.class.path" value="/home/alex/Repositories/java/target/surefire/surefirebooter5948580187150478907.jar"/>
    <property name="sun.boot.class.path" value="/home/alex/Repositories/java/.nondex/nondex-instr.jar:/home/alex/.m2/repository/edu/illinois/nondex-common/2.1.7/nondex-common-2.1.7.jar:/home/alex/.m2/repository/edu/illinois/nondex-annotations/2.1.7/nondex-annotations-2.1.7.jar:/usr/lib/jvm/java-8-openjdk-amd64/jre/lib/resources.jar:/usr/lib/jvm/java-8-openjdk-amd64/jre/lib/rt.jar:/usr/lib/jvm/java-8-openjdk-amd64/jre/lib/sunrsasign.jar:/usr/lib/jvm/java-8-openjdk-amd64/jre/lib/jsse.jar:/usr/lib/jvm/java-8-openjdk-amd64/jre/lib/jce.jar:/usr/lib/jvm/java-8-openjdk-amd64/jre/lib/charsets.jar:/usr/lib/jvm/java-8-openjdk-amd64/jre/lib/jfr.jar:/usr/lib/jvm/java-8-openjdk-amd64/jre/classes"/>
    <property name="sun.management.compiler" value="HotSpot 64-Bit Tiered Compilers"/>
    <property name="java.runtime.version" value="1.8.0_402-8u402-ga-2ubuntu1~22.04-b06"/>
    <property name="user.name" value="alex"/>
    <property name="path.separator" value=":"/>
    <property name="os.version" value="6.5.0-28-generic"/>
    <property name="java.endorsed.dirs" value="/usr/lib/jvm/java-8-openjdk-amd64/jre/lib/endorsed"/>
    <property name="java.runtime.name" value="OpenJDK Runtime Environment"/>
    <property name="file.encoding" value="UTF-8"/>
    <property name="java.vm.name" value="OpenJDK 64-Bit Server VM"/>
    <property name="localRepository" value="/home/alex/.m2/repository"/>
    <property name="nondexDir" value="/home/alex/Repositories/java/.nondex"/>
    <property name="nondexJarDir" value="/home/alex/Repositories/java/.nondex"/>
    <property name="java.vendor.url.bug" value="http://bugreport.sun.com/bugreport/"/>
    <property name="java.io.tmpdir" value="/tmp"/>
    <property name="java.version" value="1.8.0_402"/>
    <property name="user.dir" value="/home/alex/Repositories/java"/>
    <property name="os.arch" value="amd64"/>
    <property name="nondexMode" value="FULL"/>
    <property name="java.vm.specification.name" value="Java Virtual Machine Specification"/>
    <property name="user.language.format" value="pt"/>
    <property name="java.awt.printerjob" value="sun.print.PSPrinterJob"/>
    <property name="sun.os.patch.level" value="unknown"/>
    <property name="java.library.path" value="/usr/java/packages/lib/amd64:/usr/lib/x86_64-linux-gnu/jni:/lib/x86_64-linux-gnu:/usr/lib/x86_64-linux-gnu:/usr/lib/jni:/lib:/usr/lib"/>
    <property name="java.vm.info" value="mixed mode"/>
    <property name="java.vendor" value="Private Build"/>
    <property name="java.vm.version" value="25.402-b06"/>
    <property name="java.specification.maintenance.version" value="5"/>
    <property name="sun.io.unicode.encoding" value="UnicodeLittle"/>
    <property name="java.ext.dirs" value="/usr/lib/jvm/java-8-openjdk-amd64/jre/lib/ext:/usr/java/packages/lib/ext"/>
    <property name="java.class.version" value="52.0"/>
  </properties>
  <testcase name="test_name_conflict" classname="com.jsoniter.TestAnnotation" time="0.008"/>
  <testcase name="test_name_conflict" classname="com.jsoniter.TestAnnotation" time="0.033"/>
  <testcase name="test_name_conflict" classname="com.jsoniter.TestAnnotation" time="0.012"/>
  <testcase name="test_name_conflict" classname="com.jsoniter.TestAnnotation" time="0.026"/>
  <testcase name="test_inherited_setter_is_not_duplicate" classname="com.jsoniter.TestAnnotation" time="0.002"/>
  <testcase name="test_inherited_setter_is_not_duplicate" classname="com.jsoniter.TestAnnotation" time="0.009"/>
  <testcase name="test_inherited_setter_is_not_duplicate" classname="com.jsoniter.TestAnnotation" time="0.005"/>
  <testcase name="test_inherited_setter_is_not_duplicate" classname="com.jsoniter.TestAnnotation" time="0.019">
    <error message="Bad type on operand stack&#10;Exception Details:&#10;  Location:&#10;    jsoniter_codegen/cfg9223372036535405691/decoder/com/jsoniter/TestAnnotation_TestObject18.decode_(Lcom/jsoniter/JsonIterator;)Ljava/lang/Object; @226: invokevirtual&#10;  Reason:&#10;    Type &apos;java/lang/Object&apos; (current frame, stack[1]) is not assignable to &apos;java/lang/Integer&apos;&#10;  Current Frame:&#10;    bci: @226&#10;    flags: { }&#10;    locals: { &apos;com/jsoniter/JsonIterator&apos;, &apos;java/lang/Object&apos;, integer, integer, null, &apos;java/lang/Object&apos;, &apos;com/jsoniter/TestAnnotation$TestObject18&apos; }&#10;    stack: { &apos;com/jsoniter/TestAnnotation$TestObject18&apos;, &apos;java/lang/Object&apos; }&#10;  Bytecode:&#10;    0x0000000: 2ab8 000f 4c2a b800 133d 1c10 7b9f 0022&#10;    0x0000010: 1c10 6ea0 000a 2a06 b800 1701 b02a b800&#10;    0x0000020: 1a3d 1c10 6ea0 000a 2a06 b800 1701 b02a&#10;    0x0000030: b800 133d 1c10 229f 0043 1c10 7da0 0017&#10;    0x0000040: 2b01 a600 0dbb 001c 59b7 0020 a700 072b&#10;    0x0000050: c000 1cb0 2ab8 001a 3d1c 107d a000 172b&#10;    0x0000060: 01a6 000d bb00 1c59 b700 20a7 0007 2bc0&#10;    0x0000070: 001c b02a b800 24a7 0007 2ab8 0024 033e&#10;    0x0000080: 013a 0401 3a05 2ab8 0028 ab00 0000 002e&#10;    0x0000090: 0000 0002 4f9f 2cab 0000 001a 745a e025&#10;    0x00000a0: 0000 0026 2ab6 002e c000 043a 05a7 000f&#10;    0x00000b0: 2ab6 0032 3ea7 0007 2ab6 0035 2ab8 0039&#10;    0x00000c0: 9aff c62b 01a6 000d bb00 1c59 b700 20a7&#10;    0x00000d0: 0007 2bc0 001c 3a06 1906 1db5 003d 1906&#10;    0x00000e0: 1905 b600 4119 0619 05b6 0041 1906 b0  &#10;  Stackmap Table:&#10;    append_frame(@29,Object[#4],Integer)&#10;    same_frame(@47)&#10;    same_frame(@79)&#10;    same_locals_1_stack_item_frame(@83,Object[#28])&#10;    same_frame(@84)&#10;    same_frame(@110)&#10;    same_locals_1_stack_item_frame(@114,Object[#28])&#10;    same_frame(@115)&#10;    same_frame(@122)&#10;    same_frame(@126)&#10;    append_frame(@134,Integer,Null,Object[#4])&#10;    same_frame(@164)&#10;    same_frame(@176)&#10;    same_frame(@184)&#10;    same_frame(@188)&#10;    same_frame(@210)&#10;    same_locals_1_stack_item_frame(@214,Object[#28])&#10;" type="java.lang.VerifyError">java.lang.VerifyError: 
Bad type on operand stack
Exception Details:
  Location:
    jsoniter_codegen/cfg9223372036535405691/decoder/com/jsoniter/TestAnnotation_TestObject18.decode_(Lcom/jsoniter/JsonIterator;)Ljava/lang/Object; @226: invokevirtual
  Reason:
    Type 'java/lang/Object' (current frame, stack[1]) is not assignable to 'java/lang/Integer'
  Current Frame:
    bci: @226
    flags: { }
    locals: { 'com/jsoniter/JsonIterator', 'java/lang/Object', integer, integer, null, 'java/lang/Object', 'com/jsoniter/TestAnnotation$TestObject18' }
    stack: { 'com/jsoniter/TestAnnotation$TestObject18', 'java/lang/Object' }
  Bytecode:
    0x0000000: 2ab8 000f 4c2a b800 133d 1c10 7b9f 0022
    0x0000010: 1c10 6ea0 000a 2a06 b800 1701 b02a b800
    0x0000020: 1a3d 1c10 6ea0 000a 2a06 b800 1701 b02a
    0x0000030: b800 133d 1c10 229f 0043 1c10 7da0 0017
    0x0000040: 2b01 a600 0dbb 001c 59b7 0020 a700 072b
    0x0000050: c000 1cb0 2ab8 001a 3d1c 107d a000 172b
    0x0000060: 01a6 000d bb00 1c59 b700 20a7 0007 2bc0
    0x0000070: 001c b02a b800 24a7 0007 2ab8 0024 033e
    0x0000080: 013a 0401 3a05 2ab8 0028 ab00 0000 002e
    0x0000090: 0000 0002 4f9f 2cab 0000 001a 745a e025
    0x00000a0: 0000 0026 2ab6 002e c000 043a 05a7 000f
    0x00000b0: 2ab6 0032 3ea7 0007 2ab6 0035 2ab8 0039
    0x00000c0: 9aff c62b 01a6 000d bb00 1c59 b700 20a7
    0x00000d0: 0007 2bc0 001c 3a06 1906 1db5 003d 1906
    0x00000e0: 1905 b600 4119 0619 05b6 0041 1906 b0  
  Stackmap Table:
    append_frame(@29,Object[#4],Integer)
    same_frame(@47)
    same_frame(@79)
    same_locals_1_stack_item_frame(@83,Object[#28])
    same_frame(@84)
    same_frame(@110)
    same_locals_1_stack_item_frame(@114,Object[#28])
    same_frame(@115)
    same_frame(@122)
    same_frame(@126)
    append_frame(@134,Integer,Null,Object[#4])
    same_frame(@164)
    same_frame(@176)
    same_frame(@184)
    same_frame(@188)
    same_frame(@210)
    same_locals_1_stack_item_frame(@214,Object[#28])

	at com.jsoniter.TestAnnotation.test_inherited_setter_is_not_duplicate(TestAnnotation.java:103)
</error>
  </testcase>
  <testcase name="test_single_param_setter" classname="com.jsoniter.TestAnnotation" time="0.015"/>
  <testcase name="test_single_param_setter" classname="com.jsoniter.TestAnnotation" time="0.008"/>
  <testcase name="test_single_param_setter" classname="com.jsoniter.TestAnnotation" time="0.003"/>
  <testcase name="test_single_param_setter" classname="com.jsoniter.TestAnnotation" time="0.028"/>
  <testcase name="test_static_factory" classname="com.jsoniter.TestAnnotation" time="0.003"/>
  <testcase name="test_static_factory" classname="com.jsoniter.TestAnnotation" time="0.034"/>
  <testcase name="test_static_factory" classname="com.jsoniter.TestAnnotation" time="0.002"/>
  <testcase name="test_static_factory" classname="com.jsoniter.TestAnnotation" time="0.035"/>
</testsuite>