<?xml version="1.0" encoding="UTF-8"?>
<testsuite xmlns:xsi="http://www.w3.org/2001/XMLSchema-instance" xsi:noNamespaceSchemaLocation="https://maven.apache.org/surefire/maven-surefire-plugin/xsd/surefire-test-report-3.0.xsd" version="3.0" name="org.apache.hadoop.hive.ql.exec.vector.expressions.gen.TestColumnScalarOperationVectorExpressionCheckedEvaluation" time="0.857" tests="430" errors="0" skipped="0" failures="0">
  <properties>
    <property name="sun.desktop" value="gnome"/>
    <property name="build.test.dir" value="/home/alex/Repositories/hive/ql/target/tmp"/>
    <property name="awt.toolkit" value="sun.awt.X11.XToolkit"/>
    <property name="test.tmp.dir.uri" value="file:///home/alex/Repositories/hive/ql/target/tmp"/>
    <property name="file.encoding.pkg" value="sun.io"/>
    <property name="java.specification.version" value="1.8"/>
    <property name="qfile" value=""/>
    <property name="log4j.configurationFile" value="file:///home/alex/Repositories/hive/ql/target/testconf/hive-log4j2.properties"/>
    <property name="sun.cpu.isalist" value=""/>
    <property name="test.warehouse.dir" value="pfile:///home/alex/Repositories/hive/ql/target/warehouse"/>
    <property name="sun.jnu.encoding" value="UTF-8"/>
    <property name="java.class.path" value="/home/alex/Repositories/hive/ql/target/test-classes:/home/alex/Repositories/hive/ql/target/classes:/home/alex/.m2/repository/org/apache/atlas/atlas-client-v2/2.1.0/atlas-client-v2-2.1.0.jar:/home/alex/.m2/repository/cglib/cglib/2.2.2/cglib-2.2.2.jar:/home/alex/.m2/repository/asm/asm/3.3.1/asm-3.3.1.jar:/home/alex/.m2/repository/org/apache/atlas/atlas-client-common/2.1.0/atlas-client-common-2.1.0.jar:/home/alex/.m2/repository/org/apache/httpcomponents/httpclient/4.5.13/httpclient-4.5.13.jar:/home/alex/.m2/repository/com/sun/jersey/jersey-client/1.19/jersey-client-1.19.jar:/home/alex/.m2/repository/org/apache/atlas/atlas-intg/2.1.0/atlas-intg-2.1.0.jar:/home/alex/.m2/repository/commons-collections/commons-collections/3.2.2/commons-collections-3.2.2.jar:/home/alex/.m2/repository/commons-validator/commons-validator/1.6/commons-validator-1.6.jar:/home/alex/.m2/repository/commons-digester/commons-digester/1.8.1/commons-digester-1.8.1.jar:/home/alex/.m2/repository/com/fasterxml/jackson/jaxrs/jackson-jaxrs-base/2.12.0/jackson-jaxrs-base-2.12.0.jar:/home/alex/.m2/repository/com/fasterxml/jackson/jaxrs/jackson-jaxrs-json-provider/2.12.0/jackson-jaxrs-json-provider-2.12.0.jar:/home/alex/.m2/repository/javax/inject/javax.inject/1/javax.inject-1.jar:/home/alex/.m2/repository/org/springframework/spring-context/4.3.20.RELEASE/spring-context-4.3.20.RELEASE.jar:/home/alex/.m2/repository/org/springframework/spring-aop/4.3.20.RELEASE/spring-aop-4.3.20.RELEASE.jar:/home/alex/.m2/repository/org/springframework/spring-beans/4.3.20.RELEASE/spring-beans-4.3.20.RELEASE.jar:/home/alex/.m2/repository/org/springframework/spring-core/4.3.20.RELEASE/spring-core-4.3.20.RELEASE.jar:/home/alex/.m2/repository/org/springframework/spring-expression/4.3.20.RELEASE/spring-expression-4.3.20.RELEASE.jar:/home/alex/.m2/repository/commons-configuration/commons-configuration/1.10/commons-configuration-1.10.jar:/home/alex/.m2/repository/commons-lang/commons-lang/2.6/commons-lang-2.6.jar:/home/alex/.m2/repository/commons-logging/commons-logging/1.1.1/commons-logging-1.1.1.jar:/home/alex/.m2/repository/org/apache/commons/commons-math3/3.6.1/commons-math3-3.6.1.jar:/home/alex/Repositories/hive/vector-code-gen/target/classes:/home/alex/.m2/repository/org/apache/velocity/velocity/1.5/velocity-1.5.jar:/home/alex/Repositories/hive/common/target/classes:/home/alex/Repositories/hive/classification/target/classes:/home/alex/Repositories/hive/standalone-metastore/metastore-common/target/classes:/home/alex/.m2/repository/commons-cli/commons-cli/1.4/commons-cli-1.4.jar:/home/alex/.m2/repository/org/apache/orc/orc-core/1.6.9/orc-core-1.6.9.jar:/home/alex/.m2/repository/org/apache/orc/orc-shims/1.6.9/orc-shims-1.6.9.jar:/home/alex/.m2/repository/io/airlift/aircompressor/0.19/aircompressor-0.19.jar:/home/alex/.m2/repository/org/jetbrains/annotations/17.0.0/annotations-17.0.0.jar:/home/alex/.m2/repository/org/threeten/threeten-extra/1.5.0/threeten-extra-1.5.0.jar:/home/alex/.m2/repository/jline/jline/2.14.6/jline-2.14.6.jar:/home/alex/.m2/repository/javax/servlet/javax.servlet-api/3.1.0/javax.servlet-api-3.1.0.jar:/home/alex/.m2/repository/org/eclipse/jetty/jetty-http/9.3.27.v20190418/jetty-http-9.3.27.v20190418.jar:/home/alex/.m2/repository/org/eclipse/jetty/jetty-rewrite/9.3.27.v20190418/jetty-rewrite-9.3.27.v20190418.jar:/home/alex/.m2/repository/org/eclipse/jetty/jetty-client/9.3.27.v20190418/jetty-client-9.3.27.v20190418.jar:/home/alex/.m2/repository/org/eclipse/jetty/jetty-server/9.3.27.v20190418/jetty-server-9.3.27.v20190418.jar:/home/alex/.m2/repository/org/eclipse/jetty/jetty-io/9.3.27.v20190418/jetty-io-9.3.27.v20190418.jar:/home/alex/.m2/repository/org/eclipse/jetty/jetty-servlet/9.3.27.v20190418/jetty-servlet-9.3.27.v20190418.jar:/home/alex/.m2/repository/org/eclipse/jetty/jetty-security/9.3.27.v20190418/jetty-security-9.3.27.v20190418.jar:/home/alex/.m2/repository/org/eclipse/jetty/jetty-webapp/9.3.27.v20190418/jetty-webapp-9.3.27.v20190418.jar:/home/alex/.m2/repository/org/eclipse/jetty/jetty-xml/9.3.27.v20190418/jetty-xml-9.3.27.v20190418.jar:/home/alex/.m2/repository/joda-time/joda-time/2.9.9/joda-time-2.9.9.jar:/home/alex/.m2/repository/org/apache/logging/log4j/log4j-web/2.13.2/log4j-web-2.13.2.jar:/home/alex/.m2/repository/net/sf/jpam/jpam/1.1/jpam-1.1.jar:/home/alex/.m2/repository/io/dropwizard/metrics/metrics-core/3.1.0/metrics-core-3.1.0.jar:/home/alex/.m2/repository/io/dropwizard/metrics/metrics-jvm/3.1.0/metrics-jvm-3.1.0.jar:/home/alex/.m2/repository/io/dropwizard/metrics/metrics-json/3.1.0/metrics-json-3.1.0.jar:/home/alex/.m2/repository/com/github/joshelser/dropwizard-metrics-hadoop-metrics2-reporter/0.1.2/dropwizard-metrics-hadoop-metrics2-reporter-0.1.2.jar:/home/alex/Repositories/hive/metastore/target/classes:/home/alex/.m2/repository/org/apache/derby/derby/10.14.1.0/derby-10.14.1.0.jar:/home/alex/Repositories/hive/serde/target/classes:/home/alex/.m2/repository/com/google/code/findbugs/jsr305/3.0.0/jsr305-3.0.0.jar:/home/alex/.m2/repository/org/apache/arrow/arrow-vector/0.15.1/arrow-vector-0.15.1.jar:/home/alex/.m2/repository/org/apache/arrow/arrow-format/0.15.1/arrow-format-0.15.1.jar:/home/alex/.m2/repository/org/apache/arrow/arrow-memory/0.15.1/arrow-memory-0.15.1.jar:/home/alex/.m2/repository/com/google/flatbuffers/flatbuffers-java/1.9.0/flatbuffers-java-1.9.0.jar:/home/alex/.m2/repository/com/carrotsearch/hppc/0.7.2/hppc-0.7.2.jar:/home/alex/.m2/repository/com/github/davidmoten/flatbuffers-java/1.6.0.1/flatbuffers-java-1.6.0.1.jar:/home/alex/Repositories/hive/parser/target/classes:/home/alex/Repositories/hive/udf/target/classes:/home/alex/Repositories/hive/service-rpc/target/classes:/home/alex/Repositories/hive/llap-client/target/classes:/home/alex/Repositories/hive/llap-common/target/classes:/home/alex/.m2/repository/io/jsonwebtoken/jjwt-api/0.10.5/jjwt-api-0.10.5.jar:/home/alex/.m2/repository/io/jsonwebtoken/jjwt-impl/0.10.5/jjwt-impl-0.10.5.jar:/home/alex/.m2/repository/io/jsonwebtoken/jjwt-jackson/0.10.5/jjwt-jackson-0.10.5.jar:/home/alex/Repositories/hive/llap-tez/target/classes:/home/alex/Repositories/hive/shims/aggregator/target/classes:/home/alex/Repositories/hive/shims/common/target/classes:/home/alex/Repositories/hive/shims/0.23/target/classes:/home/alex/.m2/repository/org/apache/hadoop/hadoop-yarn-server-resourcemanager/3.1.0/hadoop-yarn-server-resourcemanager-3.1.0.jar:/home/alex/.m2/repository/org/apache/hadoop/hadoop-yarn-server-applicationhistoryservice/3.1.0/hadoop-yarn-server-applicationhistoryservice-3.1.0.jar:/home/alex/.m2/repository/de/ruedigermoeller/fst/2.50/fst-2.50.jar:/home/alex/.m2/repository/com/cedarsoftware/java-util/1.9.0/java-util-1.9.0.jar:/home/alex/.m2/repository/com/cedarsoftware/json-io/2.5.1/json-io-2.5.1.jar:/home/alex/Repositories/hive/shims/scheduler/target/classes:/home/alex/Repositories/hive/spark-client/target/classes:/home/alex/.m2/repository/io/netty/netty-all/4.1.65.Final/netty-all-4.1.65.Final.jar:/home/alex/.m2/repository/com/fasterxml/jackson/module/jackson-module-scala_2.12/2.12.0/jackson-module-scala_2.12-2.12.0.jar:/home/alex/.m2/repository/org/apache/spark/spark-yarn_2.12/2.4.5/spark-yarn_2.12-2.4.5.jar:/home/alex/Repositories/hive/storage-api/target/classes:/home/alex/.m2/repository/com/amazonaws/aws-java-sdk-bundle/1.11.901/aws-java-sdk-bundle-1.11.901.jar:/home/alex/.m2/repository/com/amazonaws/secretsmanager/aws-secretsmanager-caching-java/1.0.1/aws-secretsmanager-caching-java-1.0.1.jar:/home/alex/.m2/repository/com/esotericsoftware/kryo/5.0.3/kryo-5.0.3.jar:/home/alex/.m2/repository/org/objenesis/objenesis/3.1/objenesis-3.1.jar:/home/alex/.m2/repository/com/esotericsoftware/minlog/1.3.1/minlog-1.3.1.jar:/home/alex/.m2/repository/com/esotericsoftware/reflectasm/1.11.9/reflectasm-1.11.9.jar:/home/alex/.m2/repository/com/google/protobuf/protobuf-java/2.5.0/protobuf-java-2.5.0.jar:/home/alex/.m2/repository/org/apache/hbase/hbase-common/2.0.0-alpha4/hbase-common-2.0.0-alpha4.jar:/home/alex/.m2/repository/org/apache/hbase/thirdparty/hbase-shaded-miscellaneous/1.0.1/hbase-shaded-miscellaneous-1.0.1.jar:/home/alex/.m2/repository/org/apache/htrace/htrace-core/3.2.0-incubating/htrace-core-3.2.0-incubating.jar:/home/alex/.m2/repository/org/apache/commons/commons-crypto/1.0.0/commons-crypto-1.0.0.jar:/home/alex/.m2/repository/com/github/stephenc/findbugs/findbugs-annotations/1.3.9-1/findbugs-annotations-1.3.9-1.jar:/home/alex/.m2/repository/log4j/log4j/1.2.17/log4j-1.2.17.jar:/home/alex/.m2/repository/org/apache/yetus/audience-annotations/0.5.0/audience-annotations-0.5.0.jar:/home/alex/.m2/repository/org/apache/parquet/parquet-hadoop-bundle/1.11.1/parquet-hadoop-bundle-1.11.1.jar:/home/alex/.m2/repository/commons-codec/commons-codec/1.15/commons-codec-1.15.jar:/home/alex/.m2/repository/commons-io/commons-io/2.6/commons-io-2.6.jar:/home/alex/.m2/repository/org/apache/commons/commons-collections4/4.1/commons-collections4-4.1.jar:/home/alex/.m2/repository/org/apache/commons/commons-lang3/3.9/commons-lang3-3.9.jar:/home/alex/.m2/repository/org/apache/commons/commons-text/1.8/commons-text-1.8.jar:/home/alex/.m2/repository/javolution/javolution/5.5.1/javolution-5.5.1.jar:/home/alex/.m2/repository/org/apache/logging/log4j/log4j-1.2-api/2.13.2/log4j-1.2-api-2.13.2.jar:/home/alex/.m2/repository/org/apache/logging/log4j/log4j-api/2.13.2/log4j-api-2.13.2.jar:/home/alex/.m2/repository/org/apache/logging/log4j/log4j-core/2.13.2/log4j-core-2.13.2.jar:/home/alex/.m2/repository/org/apache/logging/log4j/log4j-slf4j-impl/2.13.2/log4j-slf4j-impl-2.13.2.jar:/home/alex/.m2/repository/org/antlr/antlr-runtime/3.5.2/antlr-runtime-3.5.2.jar:/home/alex/.m2/repository/org/antlr/ST4/4.0.4/ST4-4.0.4.jar:/home/alex/.m2/repository/org/apache/avro/avro/1.8.2/avro-1.8.2.jar:/home/alex/.m2/repository/org/codehaus/jackson/jackson-core-asl/1.9.13/jackson-core-asl-1.9.13.jar:/home/alex/.m2/repository/org/codehaus/jackson/jackson-mapper-asl/1.9.13/jackson-mapper-asl-1.9.13.jar:/home/alex/.m2/repository/com/thoughtworks/paranamer/paranamer/2.8/paranamer-2.8.jar:/home/alex/.m2/repository/org/xerial/snappy/snappy-java/1.1.4/snappy-java-1.1.4.jar:/home/alex/.m2/repository/org/tukaani/xz/1.5/xz-1.5.jar:/home/alex/.m2/repository/org/apache/avro/avro-mapred/1.8.2/avro-mapred-1.8.2-hadoop2.jar:/home/alex/.m2/repository/org/apache/avro/avro-ipc/1.8.2/avro-ipc-1.8.2.jar:/home/alex/.m2/repository/org/mortbay/jetty/jetty/6.1.26/jetty-6.1.26.jar:/home/alex/.m2/repository/org/apache/ant/ant/1.9.1/ant-1.9.1.jar:/home/alex/.m2/repository/org/apache/ant/ant-launcher/1.9.1/ant-launcher-1.9.1.jar:/home/alex/.m2/repository/org/apache/commons/commons-compress/1.21/commons-compress-1.21.jar:/home/alex/.m2/repository/org/apache/thrift/libfb303/0.9.3/libfb303-0.9.3.jar:/home/alex/.m2/repository/org/apache/hadoop/hadoop-common/3.1.0/hadoop-common-3.1.0.jar:/home/alex/.m2/repository/org/apache/hadoop/hadoop-annotations/3.1.0/hadoop-annotations-3.1.0.jar:/home/alex/.m2/repository/commons-net/commons-net/3.6/commons-net-3.6.jar:/home/alex/.m2/repository/org/eclipse/jetty/jetty-util/9.3.27.v20190418/jetty-util-9.3.27.v20190418.jar:/home/alex/.m2/repository/javax/servlet/jsp/jsp-api/2.1/jsp-api-2.1.jar:/home/alex/.m2/repository/com/sun/jersey/jersey-core/1.19/jersey-core-1.19.jar:/home/alex/.m2/repository/javax/ws/rs/jsr311-api/1.1.1/jsr311-api-1.1.1.jar:/home/alex/.m2/repository/com/sun/jersey/jersey-json/1.19/jersey-json-1.19.jar:/home/alex/.m2/repository/com/sun/xml/bind/jaxb-impl/2.2.3-1/jaxb-impl-2.2.3-1.jar:/home/alex/.m2/repository/org/codehaus/jackson/jackson-jaxrs/1.9.2/jackson-jaxrs-1.9.2.jar:/home/alex/.m2/repository/org/codehaus/jackson/jackson-xc/1.9.2/jackson-xc-1.9.2.jar:/home/alex/.m2/repository/com/sun/jersey/jersey-server/1.19/jersey-server-1.19.jar:/home/alex/.m2/repository/org/apache/commons/commons-configuration2/2.1.1/commons-configuration2-2.1.1.jar:/home/alex/.m2/repository/org/apache/hadoop/hadoop-auth/3.1.0/hadoop-auth-3.1.0.jar:/home/alex/.m2/repository/com/nimbusds/nimbus-jose-jwt/4.41.1/nimbus-jose-jwt-4.41.1.jar:/home/alex/.m2/repository/com/github/stephenc/jcip/jcip-annotations/1.0-1/jcip-annotations-1.0-1.jar:/home/alex/.m2/repository/com/jcraft/jsch/0.1.54/jsch-0.1.54.jar:/home/alex/.m2/repository/org/apache/htrace/htrace-core4/4.1.0-incubating/htrace-core4-4.1.0-incubating.jar:/home/alex/.m2/repository/org/apache/kerby/kerb-simplekdc/1.0.1/kerb-simplekdc-1.0.1.jar:/home/alex/.m2/repository/org/apache/kerby/kerb-client/1.0.1/kerb-client-1.0.1.jar:/home/alex/.m2/repository/org/apache/kerby/kerby-config/1.0.1/kerby-config-1.0.1.jar:/home/alex/.m2/repository/org/apache/kerby/kerb-core/1.0.1/kerb-core-1.0.1.jar:/home/alex/.m2/repository/org/apache/kerby/kerby-pkix/1.0.1/kerby-pkix-1.0.1.jar:/home/alex/.m2/repository/org/apache/kerby/kerby-asn1/1.0.1/kerby-asn1-1.0.1.jar:/home/alex/.m2/repository/org/apache/kerby/kerby-util/1.0.1/kerby-util-1.0.1.jar:/home/alex/.m2/repository/org/apache/kerby/kerb-common/1.0.1/kerb-common-1.0.1.jar:/home/alex/.m2/repository/org/apache/kerby/kerb-crypto/1.0.1/kerb-crypto-1.0.1.jar:/home/alex/.m2/repository/org/apache/kerby/kerb-util/1.0.1/kerb-util-1.0.1.jar:/home/alex/.m2/repository/org/apache/kerby/token-provider/1.0.1/token-provider-1.0.1.jar:/home/alex/.m2/repository/org/apache/kerby/kerb-admin/1.0.1/kerb-admin-1.0.1.jar:/home/alex/.m2/repository/org/apache/kerby/kerb-server/1.0.1/kerb-server-1.0.1.jar:/home/alex/.m2/repository/org/apache/kerby/kerb-identity/1.0.1/kerb-identity-1.0.1.jar:/home/alex/.m2/repository/org/apache/kerby/kerby-xdr/1.0.1/kerby-xdr-1.0.1.jar:/home/alex/.m2/repository/org/codehaus/woodstox/stax2-api/3.1.4/stax2-api-3.1.4.jar:/home/alex/.m2/repository/com/fasterxml/woodstox/woodstox-core/5.0.3/woodstox-core-5.0.3.jar:/home/alex/.m2/repository/org/apache/hadoop/hadoop-archives/3.1.0/hadoop-archives-3.1.0.jar:/home/alex/.m2/repository/org/apache/hadoop/hadoop-yarn-registry/3.1.0/hadoop-yarn-registry-3.1.0.jar:/home/alex/.m2/repository/org/apache/curator/curator-client/4.2.0/curator-client-4.2.0.jar:/home/alex/.m2/repository/org/apache/curator/curator-recipes/4.2.0/curator-recipes-4.2.0.jar:/home/alex/.m2/repository/commons-daemon/commons-daemon/1.0.13/commons-daemon-1.0.13.jar:/home/alex/.m2/repository/dnsjava/dnsjava/2.1.7/dnsjava-2.1.7.jar:/home/alex/.m2/repository/org/apache/hadoop/hadoop-mapreduce-client-core/3.1.0/hadoop-mapreduce-client-core-3.1.0.jar:/home/alex/.m2/repository/org/apache/hadoop/hadoop-hdfs-client/3.1.0/hadoop-hdfs-client-3.1.0.jar:/home/alex/.m2/repository/com/squareup/okhttp/okhttp/2.7.5/okhttp-2.7.5.jar:/home/alex/.m2/repository/com/squareup/okio/okio/1.6.0/okio-1.6.0.jar:/home/alex/.m2/repository/com/google/inject/extensions/guice-servlet/4.0/guice-servlet-4.0.jar:/home/alex/.m2/repository/org/apache/hadoop/hadoop-mapreduce-client-common/3.1.0/hadoop-mapreduce-client-common-3.1.0.jar:/home/alex/.m2/repository/org/apache/hadoop/hadoop-hdfs/3.1.0/hadoop-hdfs-3.1.0.jar:/home/alex/.m2/repository/org/eclipse/jetty/jetty-util-ajax/9.3.19.v20170502/jetty-util-ajax-9.3.19.v20170502.jar:/home/alex/.m2/repository/org/fusesource/leveldbjni/leveldbjni-all/1.8/leveldbjni-all-1.8.jar:/home/alex/.m2/repository/org/apache/hadoop/hadoop-yarn-api/3.1.0/hadoop-yarn-api-3.1.0.jar:/home/alex/.m2/repository/javax/xml/bind/jaxb-api/2.2.11/jaxb-api-2.2.11.jar:/home/alex/.m2/repository/org/apache/hadoop/hadoop-yarn-common/3.1.0/hadoop-yarn-common-3.1.0.jar:/home/alex/.m2/repository/com/google/inject/guice/4.0/guice-4.0.jar:/home/alex/.m2/repository/aopalliance/aopalliance/1.0/aopalliance-1.0.jar:/home/alex/.m2/repository/com/sun/jersey/contribs/jersey-guice/1.19/jersey-guice-1.19.jar:/home/alex/.m2/repository/com/fasterxml/jackson/module/jackson-module-jaxb-annotations/2.12.0/jackson-module-jaxb-annotations-2.12.0.jar:/home/alex/.m2/repository/jakarta/xml/bind/jakarta.xml.bind-api/2.3.2/jakarta.xml.bind-api-2.3.2.jar:/home/alex/.m2/repository/jakarta/activation/jakarta.activation-api/1.2.1/jakarta.activation-api-1.2.1.jar:/home/alex/.m2/repository/org/apache/hadoop/hadoop-yarn-client/3.1.0/hadoop-yarn-client-3.1.0.jar:/home/alex/.m2/repository/org/apache/orc/orc-tools/1.6.9/orc-tools-1.6.9.jar:/home/alex/.m2/repository/com/opencsv/opencsv/3.9/opencsv-3.9.jar:/home/alex/.m2/repository/org/codehaus/jettison/jettison/1.1/jettison-1.1.jar:/home/alex/.m2/repository/org/threeten/threetenbp/1.3.5/threetenbp-1.3.5.jar:/home/alex/.m2/repository/org/apache/ivy/ivy/2.4.0/ivy-2.4.0.jar:/home/alex/.m2/repository/org/apache/thrift/libthrift/0.14.1/libthrift-0.14.1.jar:/home/alex/.m2/repository/org/apache/httpcomponents/httpcore/4.4.13/httpcore-4.4.13.jar:/home/alex/.m2/repository/org/apache/tomcat/embed/tomcat-embed-core/8.5.46/tomcat-embed-core-8.5.46.jar:/home/alex/.m2/repository/org/apache/tomcat/tomcat-annotations-api/8.5.46/tomcat-annotations-api-8.5.46.jar:/home/alex/.m2/repository/javax/annotation/javax.annotation-api/1.3.2/javax.annotation-api-1.3.2.jar:/home/alex/.m2/repository/org/apache/zookeeper/zookeeper/3.5.5/zookeeper-3.5.5.jar:/home/alex/.m2/repository/org/apache/zookeeper/zookeeper-jute/3.5.5/zookeeper-jute-3.5.5.jar:/home/alex/.m2/repository/org/apache/curator/curator-framework/4.2.0/curator-framework-4.2.0.jar:/home/alex/.m2/repository/org/apache/curator/curator-test/4.2.0/curator-test-4.2.0.jar:/home/alex/.m2/repository/org/apache/datasketches/datasketches-hive/1.1.0-incubating/datasketches-hive-1.1.0-incubating.jar:/home/alex/.m2/repository/org/apache/datasketches/datasketches-java/1.3.0-incubating/datasketches-java-1.3.0-incubating.jar:/home/alex/.m2/repository/org/apache/datasketches/datasketches-memory/1.2.0-incubating/datasketches-memory-1.2.0-incubating.jar:/home/alex/.m2/repository/org/slf4j/slf4j-simple/1.7.27/slf4j-simple-1.7.27.jar:/home/alex/.m2/repository/com/lmax/disruptor/3.3.7/disruptor-3.3.7.jar:/home/alex/.m2/repository/org/codehaus/groovy/groovy-all/2.4.11/groovy-all-2.4.11.jar:/home/alex/.m2/repository/org/jodd/jodd-util/6.0.0/jodd-util-6.0.0.jar:/home/alex/.m2/repository/com/fasterxml/jackson/core/jackson-annotations/2.12.0/jackson-annotations-2.12.0.jar:/home/alex/.m2/repository/com/fasterxml/jackson/core/jackson-core/2.12.0/jackson-core-2.12.0.jar:/home/alex/.m2/repository/com/fasterxml/jackson/core/jackson-databind/2.12.0/jackson-databind-2.12.0.jar:/home/alex/.m2/repository/com/fasterxml/jackson/dataformat/jackson-dataformat-yaml/2.12.0/jackson-dataformat-yaml-2.12.0.jar:/home/alex/.m2/repository/org/yaml/snakeyaml/1.27/snakeyaml-1.27.jar:/home/alex/.m2/repository/org/datanucleus/datanucleus-core/5.2.4/datanucleus-core-5.2.4.jar:/home/alex/.m2/repository/org/apache/calcite/calcite-core/1.25.0/calcite-core-1.25.0.jar:/home/alex/.m2/repository/org/apache/calcite/calcite-linq4j/1.25.0/calcite-linq4j-1.25.0.jar:/home/alex/.m2/repository/org/apiguardian/apiguardian-api/1.1.0/apiguardian-api-1.1.0.jar:/home/alex/.m2/repository/com/esri/geometry/esri-geometry-api/2.2.0/esri-geometry-api-2.2.0.jar:/home/alex/.m2/repository/com/yahoo/datasketches/sketches-core/0.9.0/sketches-core-0.9.0.jar:/home/alex/.m2/repository/com/yahoo/datasketches/memory/0.9.0/memory-0.9.0.jar:/home/alex/.m2/repository/org/apache/commons/commons-dbcp2/2.7.0/commons-dbcp2-2.7.0.jar:/home/alex/.m2/repository/org/apache/commons/commons-pool2/2.7.0/commons-pool2-2.7.0.jar:/home/alex/.m2/repository/org/apache/calcite/calcite-druid/1.25.0/calcite-druid-1.25.0.jar:/home/alex/.m2/repository/org/apache/calcite/avatica/avatica/1.12.0/avatica-1.12.0.jar:/home/alex/.m2/repository/com/google/guava/guava/19.0/guava-19.0.jar:/home/alex/.m2/repository/com/googlecode/javaewah/JavaEWAH/0.3.2/JavaEWAH-0.3.2.jar:/home/alex/.m2/repository/com/google/code/gson/gson/2.2.4/gson-2.2.4.jar:/home/alex/.m2/repository/com/tdunning/json/1.8/json-1.8.jar:/home/alex/.m2/repository/stax/stax-api/1.0.1/stax-api-1.0.1.jar:/home/alex/.m2/repository/net/sf/opencsv/opencsv/2.3/opencsv-2.3.jar:/home/alex/Repositories/hive/standalone-metastore/metastore-server/target/classes:/home/alex/.m2/repository/com/zaxxer/HikariCP/2.6.1/HikariCP-2.6.1.jar:/home/alex/.m2/repository/commons-beanutils/commons-beanutils/1.9.4/commons-beanutils-1.9.4.jar:/home/alex/.m2/repository/org/datanucleus/datanucleus-api-jdo/5.2.4/datanucleus-api-jdo-5.2.4.jar:/home/alex/.m2/repository/org/datanucleus/datanucleus-rdbms/5.2.4/datanucleus-rdbms-5.2.4.jar:/home/alex/.m2/repository/org/datanucleus/javax.jdo/3.2.0-release/javax.jdo-3.2.0-release.jar:/home/alex/.m2/repository/javax/transaction/javax.transaction-api/1.3/javax.transaction-api-1.3.jar:/home/alex/.m2/repository/org/glassfish/corba/glassfish-corba-omgapi/4.2.2/glassfish-corba-omgapi-4.2.2.jar:/home/alex/.m2/repository/sqlline/sqlline/1.9.0/sqlline-1.9.0.jar:/home/alex/.m2/repository/org/jline/jline-terminal/3.12.1/jline-terminal-3.12.1.jar:/home/alex/.m2/repository/org/jline/jline-reader/3.12.1/jline-reader-3.12.1.jar:/home/alex/.m2/repository/org/jline/jline-terminal-jansi/3.12.1/jline-terminal-jansi-3.12.1.jar:/home/alex/.m2/repository/org/fusesource/jansi/jansi/1.18/jansi-1.18.jar:/home/alex/.m2/repository/org/jline/jline-terminal-jna/3.12.1/jline-terminal-jna-3.12.1.jar:/home/alex/.m2/repository/net/java/dev/jna/jna/5.3.1/jna-5.3.1.jar:/home/alex/.m2/repository/org/jline/jline-builtins/3.12.1/jline-builtins-3.12.1.jar:/home/alex/.m2/repository/org/jline/jline-style/3.12.1/jline-style-3.12.1.jar:/home/alex/.m2/repository/com/cronutils/cron-utils/9.1.3/cron-utils-9.1.3.jar:/home/alex/.m2/repository/org/glassfish/javax.el/3.0.0/javax.el-3.0.0.jar:/home/alex/.m2/repository/com/oracle/database/jdbc/ojdbc8/21.3.0.0/ojdbc8-21.3.0.0.jar:/home/alex/.m2/repository/mysql/mysql-connector-java/8.0.27/mysql-connector-java-8.0.27.jar:/home/alex/.m2/repository/com/microsoft/sqlserver/mssql-jdbc/6.2.1.jre8/mssql-jdbc-6.2.1.jre8.jar:/home/alex/.m2/repository/org/postgresql/postgresql/42.2.14/postgresql-42.2.14.jar:/home/alex/Repositories/hive/common/target/test-classes:/home/alex/Repositories/hive/standalone-metastore/metastore-common/target/test-classes:/home/alex/.m2/repository/com/github/ben-manes/caffeine/caffeine/2.8.4/caffeine-2.8.4.jar:/home/alex/.m2/repository/org/checkerframework/checker-qual/3.4.0/checker-qual-3.4.0.jar:/home/alex/Repositories/hive/standalone-metastore/metastore-server/target/test-classes:/home/alex/.m2/repository/org/apache/parquet/parquet-column/1.11.1/parquet-column-1.11.1-tests.jar:/home/alex/.m2/repository/org/apache/parquet/parquet-common/1.11.1/parquet-common-1.11.1.jar:/home/alex/.m2/repository/org/apache/parquet/parquet-format-structures/1.11.1/parquet-format-structures-1.11.1.jar:/home/alex/.m2/repository/org/apache/parquet/parquet-encoding/1.11.1/parquet-encoding-1.11.1.jar:/home/alex/.m2/repository/junit/junit/4.13/junit-4.13.jar:/home/alex/.m2/repository/org/hamcrest/hamcrest-core/1.3/hamcrest-core-1.3.jar:/home/alex/.m2/repository/org/junit/jupiter/junit-jupiter-engine/5.6.2/junit-jupiter-engine-5.6.2.jar:/home/alex/.m2/repository/org/junit/platform/junit-platform-engine/1.6.2/junit-platform-engine-1.6.2.jar:/home/alex/.m2/repository/org/opentest4j/opentest4j/1.2.0/opentest4j-1.2.0.jar:/home/alex/.m2/repository/org/junit/platform/junit-platform-commons/1.6.2/junit-platform-commons-1.6.2.jar:/home/alex/.m2/repository/org/junit/jupiter/junit-jupiter-api/5.6.2/junit-jupiter-api-5.6.2.jar:/home/alex/.m2/repository/org/junit/jupiter/junit-jupiter-params/5.6.2/junit-jupiter-params-5.6.2.jar:/home/alex/.m2/repository/org/junit/vintage/junit-vintage-engine/5.6.2/junit-vintage-engine-5.6.2.jar:/home/alex/.m2/repository/org/apache/tez/tez-api/0.10.1/tez-api-0.10.1.jar:/usr/lib/jvm/java-8-openjdk-amd64/jre/../lib/tools.jar:/home/alex/.m2/repository/org/apache/tez/tez-runtime-library/0.10.1/tez-runtime-library-0.10.1.jar:/home/alex/.m2/repository/org/roaringbitmap/RoaringBitmap/0.5.21/RoaringBitmap-0.5.21.jar:/home/alex/.m2/repository/org/asynchttpclient/async-http-client/2.12.1/async-http-client-2.12.1.jar:/home/alex/.m2/repository/org/asynchttpclient/async-http-client-netty-utils/2.12.1/async-http-client-netty-utils-2.12.1.jar:/home/alex/.m2/repository/io/netty/netty-buffer/4.1.48.Final/netty-buffer-4.1.48.Final.jar:/home/alex/.m2/repository/io/netty/netty-codec-http/4.1.48.Final/netty-codec-http-4.1.48.Final.jar:/home/alex/.m2/repository/io/netty/netty-common/4.1.48.Final/netty-common-4.1.48.Final.jar:/home/alex/.m2/repository/io/netty/netty-transport/4.1.48.Final/netty-transport-4.1.48.Final.jar:/home/alex/.m2/repository/io/netty/netty-codec/4.1.48.Final/netty-codec-4.1.48.Final.jar:/home/alex/.m2/repository/io/netty/netty-handler/4.1.48.Final/netty-handler-4.1.48.Final.jar:/home/alex/.m2/repository/io/netty/netty-resolver/4.1.48.Final/netty-resolver-4.1.48.Final.jar:/home/alex/.m2/repository/io/netty/netty-codec-socks/4.1.48.Final/netty-codec-socks-4.1.48.Final.jar:/home/alex/.m2/repository/io/netty/netty-handler-proxy/4.1.48.Final/netty-handler-proxy-4.1.48.Final.jar:/home/alex/.m2/repository/io/netty/netty-transport-native-epoll/4.1.48.Final/netty-transport-native-epoll-4.1.48.Final-linux-x86_64.jar:/home/alex/.m2/repository/io/netty/netty-transport-native-unix-common/4.1.48.Final/netty-transport-native-unix-common-4.1.48.Final.jar:/home/alex/.m2/repository/io/netty/netty-transport-native-kqueue/4.1.48.Final/netty-transport-native-kqueue-4.1.48.Final-osx-x86_64.jar:/home/alex/.m2/repository/org/reactivestreams/reactive-streams/1.0.3/reactive-streams-1.0.3.jar:/home/alex/.m2/repository/com/typesafe/netty/netty-reactive-streams/2.0.4/netty-reactive-streams-2.0.4.jar:/home/alex/.m2/repository/com/sun/activation/javax.activation/1.2.0/javax.activation-1.2.0.jar:/home/alex/.m2/repository/org/apache/tez/tez-common/0.10.1/tez-common-0.10.1.jar:/home/alex/.m2/repository/org/apache/tez/tez-runtime-internals/0.10.1/tez-runtime-internals-0.10.1.jar:/home/alex/.m2/repository/org/apache/tez/hadoop-shim/0.10.1/hadoop-shim-0.10.1.jar:/home/alex/.m2/repository/org/apache/tez/tez-mapreduce/0.10.1/tez-mapreduce-0.10.1.jar:/home/alex/.m2/repository/org/apache/tez/tez-dag/0.10.1/tez-dag-0.10.1.jar:/home/alex/.m2/repository/org/apache/hadoop/hadoop-yarn-server-web-proxy/3.1.0/hadoop-yarn-server-web-proxy-3.1.0.jar:/home/alex/.m2/repository/org/apache/hadoop/hadoop-yarn-server-common/3.1.0/hadoop-yarn-server-common-3.1.0.jar:/home/alex/.m2/repository/org/apache/geronimo/specs/geronimo-jcache_1.0_spec/1.0-alpha-1/geronimo-jcache_1.0_spec-1.0-alpha-1.jar:/home/alex/.m2/repository/org/ehcache/ehcache/3.3.1/ehcache-3.3.1.jar:/home/alex/.m2/repository/com/zaxxer/HikariCP-java7/2.4.12/HikariCP-java7-2.4.12.jar:/home/alex/.m2/repository/org/apache/spark/spark-core_2.12/2.4.5/spark-core_2.12-2.4.5.jar:/home/alex/.m2/repository/com/twitter/chill_2.12/0.9.3/chill_2.12-0.9.3.jar:/home/alex/.m2/repository/com/twitter/chill-java/0.9.3/chill-java-0.9.3.jar:/home/alex/.m2/repository/org/apache/xbean/xbean-asm6-shaded/4.8/xbean-asm6-shaded-4.8.jar:/home/alex/.m2/repository/org/apache/hadoop/hadoop-client/3.1.0/hadoop-client-3.1.0.jar:/home/alex/.m2/repository/org/apache/hadoop/hadoop-mapreduce-client-jobclient/3.1.0/hadoop-mapreduce-client-jobclient-3.1.0.jar:/home/alex/.m2/repository/org/apache/spark/spark-launcher_2.12/2.4.5/spark-launcher_2.12-2.4.5.jar:/home/alex/.m2/repository/org/apache/spark/spark-kvstore_2.12/2.4.5/spark-kvstore_2.12-2.4.5.jar:/home/alex/.m2/repository/org/apache/spark/spark-network-common_2.12/2.4.5/spark-network-common_2.12-2.4.5.jar:/home/alex/.m2/repository/org/apache/spark/spark-network-shuffle_2.12/2.4.5/spark-network-shuffle_2.12-2.4.5.jar:/home/alex/.m2/repository/org/apache/spark/spark-unsafe_2.12/2.4.5/spark-unsafe_2.12-2.4.5.jar:/home/alex/.m2/repository/javax/activation/activation/1.1.1/activation-1.1.1.jar:/home/alex/.m2/repository/org/slf4j/jul-to-slf4j/1.7.16/jul-to-slf4j-1.7.16.jar:/home/alex/.m2/repository/org/slf4j/jcl-over-slf4j/1.7.16/jcl-over-slf4j-1.7.16.jar:/home/alex/.m2/repository/com/ning/compress-lzf/1.0.3/compress-lzf-1.0.3.jar:/home/alex/.m2/repository/org/lz4/lz4-java/1.4.0/lz4-java-1.4.0.jar:/home/alex/.m2/repository/com/github/luben/zstd-jni/1.3.2-2/zstd-jni-1.3.2-2.jar:/home/alex/.m2/repository/org/scala-lang/scala-library/2.12.10/scala-library-2.12.10.jar:/home/alex/.m2/repository/org/json4s/json4s-jackson_2.12/3.5.3/json4s-jackson_2.12-3.5.3.jar:/home/alex/.m2/repository/org/json4s/json4s-core_2.12/3.5.3/json4s-core_2.12-3.5.3.jar:/home/alex/.m2/repository/org/json4s/json4s-ast_2.12/3.5.3/json4s-ast_2.12-3.5.3.jar:/home/alex/.m2/repository/org/json4s/json4s-scalap_2.12/3.5.3/json4s-scalap_2.12-3.5.3.jar:/home/alex/.m2/repository/org/scala-lang/modules/scala-xml_2.12/1.0.6/scala-xml_2.12-1.0.6.jar:/home/alex/.m2/repository/com/clearspring/analytics/stream/2.7.0/stream-2.7.0.jar:/home/alex/.m2/repository/io/dropwizard/metrics/metrics-graphite/3.1.5/metrics-graphite-3.1.5.jar:/home/alex/.m2/repository/oro/oro/2.0.8/oro-2.0.8.jar:/home/alex/.m2/repository/net/razorvine/pyrolite/4.13/pyrolite-4.13.jar:/home/alex/.m2/repository/net/sf/py4j/py4j/0.10.7/py4j-0.10.7.jar:/home/alex/.m2/repository/org/apache/spark/spark-tags_2.12/2.4.5/spark-tags_2.12-2.4.5.jar:/home/alex/.m2/repository/org/spark-project/spark/unused/1.0.0/unused-1.0.0.jar:/home/alex/.m2/repository/com/sun/jersey/jersey-servlet/1.19/jersey-servlet-1.19.jar:/home/alex/.m2/repository/org/glassfish/jersey/core/jersey-server/2.22.2/jersey-server-2.22.2.jar:/home/alex/.m2/repository/org/glassfish/jersey/core/jersey-common/2.22.2/jersey-common-2.22.2.jar:/home/alex/.m2/repository/org/glassfish/jersey/bundles/repackaged/jersey-guava/2.22.2/jersey-guava-2.22.2.jar:/home/alex/.m2/repository/org/glassfish/hk2/osgi-resource-locator/1.0.1/osgi-resource-locator-1.0.1.jar:/home/alex/.m2/repository/org/glassfish/jersey/core/jersey-client/2.22.2/jersey-client-2.22.2.jar:/home/alex/.m2/repository/javax/ws/rs/javax.ws.rs-api/2.0.1/javax.ws.rs-api-2.0.1.jar:/home/alex/.m2/repository/org/glassfish/jersey/media/jersey-media-jaxb/2.22.2/jersey-media-jaxb-2.22.2.jar:/home/alex/.m2/repository/org/glassfish/hk2/hk2-api/2.4.0-b34/hk2-api-2.4.0-b34.jar:/home/alex/.m2/repository/org/glassfish/hk2/hk2-utils/2.4.0-b34/hk2-utils-2.4.0-b34.jar:/home/alex/.m2/repository/org/glassfish/hk2/external/aopalliance-repackaged/2.4.0-b34/aopalliance-repackaged-2.4.0-b34.jar:/home/alex/.m2/repository/org/glassfish/hk2/external/javax.inject/2.4.0-b34/javax.inject-2.4.0-b34.jar:/home/alex/.m2/repository/org/glassfish/hk2/hk2-locator/2.4.0-b34/hk2-locator-2.4.0-b34.jar:/home/alex/.m2/repository/javax/validation/validation-api/1.1.0.Final/validation-api-1.1.0.Final.jar:/home/alex/.m2/repository/org/glassfish/jersey/containers/jersey-container-servlet-core/2.22.2/jersey-container-servlet-core-2.22.2.jar:/home/alex/.m2/repository/org/hamcrest/hamcrest-all/1.3/hamcrest-all-1.3.jar:/home/alex/.m2/repository/org/powermock/powermock-module-junit4/2.0.2/powermock-module-junit4-2.0.2.jar:/home/alex/.m2/repository/org/powermock/powermock-module-junit4-common/2.0.2/powermock-module-junit4-common-2.0.2.jar:/home/alex/.m2/repository/org/powermock/powermock-reflect/2.0.2/powermock-reflect-2.0.2.jar:/home/alex/.m2/repository/org/powermock/powermock-core/2.0.2/powermock-core-2.0.2.jar:/home/alex/.m2/repository/org/powermock/powermock-api-mockito2/2.0.2/powermock-api-mockito2-2.0.2.jar:/home/alex/.m2/repository/org/powermock/powermock-api-support/2.0.2/powermock-api-support-2.0.2.jar:/home/alex/.m2/repository/com/google/guava/guava-testlib/19.0/guava-testlib-19.0.jar:/home/alex/.m2/repository/com/google/errorprone/error_prone_annotations/2.0.2/error_prone_annotations-2.0.2.jar:/home/alex/.m2/repository/com/google/re2j/re2j/1.2/re2j-1.2.jar:/home/alex/.m2/repository/org/reflections/reflections/0.9.10/reflections-0.9.10.jar:/home/alex/.m2/repository/org/javassist/javassist/3.19.0-GA/javassist-3.19.0-GA.jar:/home/alex/.m2/repository/com/jayway/jsonpath/json-path/2.4.0/json-path-2.4.0.jar:/home/alex/.m2/repository/net/minidev/json-smart/2.3/json-smart-2.3.jar:/home/alex/.m2/repository/net/minidev/accessors-smart/1.2/accessors-smart-1.2.jar:/home/alex/.m2/repository/org/ow2/asm/asm/5.0.4/asm-5.0.4.jar:/home/alex/.m2/repository/org/codehaus/janino/commons-compiler/3.0.11/commons-compiler-3.0.11.jar:/home/alex/.m2/repository/org/codehaus/janino/janino/3.0.11/janino-3.0.11.jar:/home/alex/.m2/repository/com/sun/jersey/contribs/jersey-multipart/1.19/jersey-multipart-1.19.jar:/home/alex/.m2/repository/org/jvnet/mimepull/mimepull/1.9.3/mimepull-1.9.3.jar:/home/alex/.m2/repository/org/apache/kafka/kafka-clients/2.5.0/kafka-clients-2.5.0.jar:/home/alex/.m2/repository/org/slf4j/slf4j-api/1.7.30/slf4j-api-1.7.30.jar:/home/alex/.m2/repository/org/mockito/mockito-core/3.4.4/mockito-core-3.4.4.jar:/home/alex/.m2/repository/net/bytebuddy/byte-buddy/1.10.13/byte-buddy-1.10.13.jar:/home/alex/.m2/repository/net/bytebuddy/byte-buddy-agent/1.10.13/byte-buddy-agent-1.10.13.jar:/home/alex/Repositories/hive/ql/target/testconf:/home/alex/Repositories/hive/ql/../conf:"/>
    <property name="run_disabled" value=""/>
    <property name="java.vm.vendor" value="Private Build"/>
    <property name="sun.arch.data.model" value="64"/>
    <property name="hadoop.version" value="3.1.0"/>
    <property name="java.vendor.url" value="http://java.oracle.com/"/>
    <property name="user.timezone" value="US/Pacific"/>
    <property name="user.country.format" value="PT"/>
    <property name="test.local.warehouse.dir" value="pfile:///home/alex/Repositories/hive/ql/target/localfs/warehouse"/>
    <property name="os.name" value="Linux"/>
    <property name="java.vm.specification.version" value="1.8"/>
    <property name="test.tmp.dir" value="/home/alex/Repositories/hive/ql/target/tmp"/>
    <property name="test.build.data" value="/home/alex/Repositories/hive/ql/target/tmp"/>
    <property name="clustermode" value=""/>
    <property name="sun.java.launcher" value="SUN_STANDARD"/>
    <property name="user.country" value="US"/>
    <property name="test.data.files" value="/home/alex/Repositories/hive/ql/../data/files"/>
    <property name="sun.boot.library.path" value="/usr/lib/jvm/java-8-openjdk-amd64/jre/lib/amd64"/>
    <property name="sun.java.command" value="/home/alex/Repositories/hive/ql/target/surefire/surefirebooter5443457807922308861.jar /home/alex/Repositories/hive/ql/target/surefire 2024-05-01T00-40-33_663-jvmRun1 surefire1419693528473545929tmp surefire_4386352156106033642096tmp"/>
    <property name="surefire.test.class.path" value="/home/alex/Repositories/hive/ql/target/test-classes:/home/alex/Repositories/hive/ql/target/classes:/home/alex/.m2/repository/org/apache/atlas/atlas-client-v2/2.1.0/atlas-client-v2-2.1.0.jar:/home/alex/.m2/repository/cglib/cglib/2.2.2/cglib-2.2.2.jar:/home/alex/.m2/repository/asm/asm/3.3.1/asm-3.3.1.jar:/home/alex/.m2/repository/org/apache/atlas/atlas-client-common/2.1.0/atlas-client-common-2.1.0.jar:/home/alex/.m2/repository/org/apache/httpcomponents/httpclient/4.5.13/httpclient-4.5.13.jar:/home/alex/.m2/repository/com/sun/jersey/jersey-client/1.19/jersey-client-1.19.jar:/home/alex/.m2/repository/org/apache/atlas/atlas-intg/2.1.0/atlas-intg-2.1.0.jar:/home/alex/.m2/repository/commons-collections/commons-collections/3.2.2/commons-collections-3.2.2.jar:/home/alex/.m2/repository/commons-validator/commons-validator/1.6/commons-validator-1.6.jar:/home/alex/.m2/repository/commons-digester/commons-digester/1.8.1/commons-digester-1.8.1.jar:/home/alex/.m2/repository/com/fasterxml/jackson/jaxrs/jackson-jaxrs-base/2.12.0/jackson-jaxrs-base-2.12.0.jar:/home/alex/.m2/repository/com/fasterxml/jackson/jaxrs/jackson-jaxrs-json-provider/2.12.0/jackson-jaxrs-json-provider-2.12.0.jar:/home/alex/.m2/repository/javax/inject/javax.inject/1/javax.inject-1.jar:/home/alex/.m2/repository/org/springframework/spring-context/4.3.20.RELEASE/spring-context-4.3.20.RELEASE.jar:/home/alex/.m2/repository/org/springframework/spring-aop/4.3.20.RELEASE/spring-aop-4.3.20.RELEASE.jar:/home/alex/.m2/repository/org/springframework/spring-beans/4.3.20.RELEASE/spring-beans-4.3.20.RELEASE.jar:/home/alex/.m2/repository/org/springframework/spring-core/4.3.20.RELEASE/spring-core-4.3.20.RELEASE.jar:/home/alex/.m2/repository/org/springframework/spring-expression/4.3.20.RELEASE/spring-expression-4.3.20.RELEASE.jar:/home/alex/.m2/repository/commons-configuration/commons-configuration/1.10/commons-configuration-1.10.jar:/home/alex/.m2/repository/commons-lang/commons-lang/2.6/commons-lang-2.6.jar:/home/alex/.m2/repository/commons-logging/commons-logging/1.1.1/commons-logging-1.1.1.jar:/home/alex/.m2/repository/org/apache/commons/commons-math3/3.6.1/commons-math3-3.6.1.jar:/home/alex/Repositories/hive/vector-code-gen/target/classes:/home/alex/.m2/repository/org/apache/velocity/velocity/1.5/velocity-1.5.jar:/home/alex/Repositories/hive/common/target/classes:/home/alex/Repositories/hive/classification/target/classes:/home/alex/Repositories/hive/standalone-metastore/metastore-common/target/classes:/home/alex/.m2/repository/commons-cli/commons-cli/1.4/commons-cli-1.4.jar:/home/alex/.m2/repository/org/apache/orc/orc-core/1.6.9/orc-core-1.6.9.jar:/home/alex/.m2/repository/org/apache/orc/orc-shims/1.6.9/orc-shims-1.6.9.jar:/home/alex/.m2/repository/io/airlift/aircompressor/0.19/aircompressor-0.19.jar:/home/alex/.m2/repository/org/jetbrains/annotations/17.0.0/annotations-17.0.0.jar:/home/alex/.m2/repository/org/threeten/threeten-extra/1.5.0/threeten-extra-1.5.0.jar:/home/alex/.m2/repository/jline/jline/2.14.6/jline-2.14.6.jar:/home/alex/.m2/repository/javax/servlet/javax.servlet-api/3.1.0/javax.servlet-api-3.1.0.jar:/home/alex/.m2/repository/org/eclipse/jetty/jetty-http/9.3.27.v20190418/jetty-http-9.3.27.v20190418.jar:/home/alex/.m2/repository/org/eclipse/jetty/jetty-rewrite/9.3.27.v20190418/jetty-rewrite-9.3.27.v20190418.jar:/home/alex/.m2/repository/org/eclipse/jetty/jetty-client/9.3.27.v20190418/jetty-client-9.3.27.v20190418.jar:/home/alex/.m2/repository/org/eclipse/jetty/jetty-server/9.3.27.v20190418/jetty-server-9.3.27.v20190418.jar:/home/alex/.m2/repository/org/eclipse/jetty/jetty-io/9.3.27.v20190418/jetty-io-9.3.27.v20190418.jar:/home/alex/.m2/repository/org/eclipse/jetty/jetty-servlet/9.3.27.v20190418/jetty-servlet-9.3.27.v20190418.jar:/home/alex/.m2/repository/org/eclipse/jetty/jetty-security/9.3.27.v20190418/jetty-security-9.3.27.v20190418.jar:/home/alex/.m2/repository/org/eclipse/jetty/jetty-webapp/9.3.27.v20190418/jetty-webapp-9.3.27.v20190418.jar:/home/alex/.m2/repository/org/eclipse/jetty/jetty-xml/9.3.27.v20190418/jetty-xml-9.3.27.v20190418.jar:/home/alex/.m2/repository/joda-time/joda-time/2.9.9/joda-time-2.9.9.jar:/home/alex/.m2/repository/org/apache/logging/log4j/log4j-web/2.13.2/log4j-web-2.13.2.jar:/home/alex/.m2/repository/net/sf/jpam/jpam/1.1/jpam-1.1.jar:/home/alex/.m2/repository/io/dropwizard/metrics/metrics-core/3.1.0/metrics-core-3.1.0.jar:/home/alex/.m2/repository/io/dropwizard/metrics/metrics-jvm/3.1.0/metrics-jvm-3.1.0.jar:/home/alex/.m2/repository/io/dropwizard/metrics/metrics-json/3.1.0/metrics-json-3.1.0.jar:/home/alex/.m2/repository/com/github/joshelser/dropwizard-metrics-hadoop-metrics2-reporter/0.1.2/dropwizard-metrics-hadoop-metrics2-reporter-0.1.2.jar:/home/alex/Repositories/hive/metastore/target/classes:/home/alex/.m2/repository/org/apache/derby/derby/10.14.1.0/derby-10.14.1.0.jar:/home/alex/Repositories/hive/serde/target/classes:/home/alex/.m2/repository/com/google/code/findbugs/jsr305/3.0.0/jsr305-3.0.0.jar:/home/alex/.m2/repository/org/apache/arrow/arrow-vector/0.15.1/arrow-vector-0.15.1.jar:/home/alex/.m2/repository/org/apache/arrow/arrow-format/0.15.1/arrow-format-0.15.1.jar:/home/alex/.m2/repository/org/apache/arrow/arrow-memory/0.15.1/arrow-memory-0.15.1.jar:/home/alex/.m2/repository/com/google/flatbuffers/flatbuffers-java/1.9.0/flatbuffers-java-1.9.0.jar:/home/alex/.m2/repository/com/carrotsearch/hppc/0.7.2/hppc-0.7.2.jar:/home/alex/.m2/repository/com/github/davidmoten/flatbuffers-java/1.6.0.1/flatbuffers-java-1.6.0.1.jar:/home/alex/Repositories/hive/parser/target/classes:/home/alex/Repositories/hive/udf/target/classes:/home/alex/Repositories/hive/service-rpc/target/classes:/home/alex/Repositories/hive/llap-client/target/classes:/home/alex/Repositories/hive/llap-common/target/classes:/home/alex/.m2/repository/io/jsonwebtoken/jjwt-api/0.10.5/jjwt-api-0.10.5.jar:/home/alex/.m2/repository/io/jsonwebtoken/jjwt-impl/0.10.5/jjwt-impl-0.10.5.jar:/home/alex/.m2/repository/io/jsonwebtoken/jjwt-jackson/0.10.5/jjwt-jackson-0.10.5.jar:/home/alex/Repositories/hive/llap-tez/target/classes:/home/alex/Repositories/hive/shims/aggregator/target/classes:/home/alex/Repositories/hive/shims/common/target/classes:/home/alex/Repositories/hive/shims/0.23/target/classes:/home/alex/.m2/repository/org/apache/hadoop/hadoop-yarn-server-resourcemanager/3.1.0/hadoop-yarn-server-resourcemanager-3.1.0.jar:/home/alex/.m2/repository/org/apache/hadoop/hadoop-yarn-server-applicationhistoryservice/3.1.0/hadoop-yarn-server-applicationhistoryservice-3.1.0.jar:/home/alex/.m2/repository/de/ruedigermoeller/fst/2.50/fst-2.50.jar:/home/alex/.m2/repository/com/cedarsoftware/java-util/1.9.0/java-util-1.9.0.jar:/home/alex/.m2/repository/com/cedarsoftware/json-io/2.5.1/json-io-2.5.1.jar:/home/alex/Repositories/hive/shims/scheduler/target/classes:/home/alex/Repositories/hive/spark-client/target/classes:/home/alex/.m2/repository/io/netty/netty-all/4.1.65.Final/netty-all-4.1.65.Final.jar:/home/alex/.m2/repository/com/fasterxml/jackson/module/jackson-module-scala_2.12/2.12.0/jackson-module-scala_2.12-2.12.0.jar:/home/alex/.m2/repository/org/apache/spark/spark-yarn_2.12/2.4.5/spark-yarn_2.12-2.4.5.jar:/home/alex/Repositories/hive/storage-api/target/classes:/home/alex/.m2/repository/com/amazonaws/aws-java-sdk-bundle/1.11.901/aws-java-sdk-bundle-1.11.901.jar:/home/alex/.m2/repository/com/amazonaws/secretsmanager/aws-secretsmanager-caching-java/1.0.1/aws-secretsmanager-caching-java-1.0.1.jar:/home/alex/.m2/repository/com/esotericsoftware/kryo/5.0.3/kryo-5.0.3.jar:/home/alex/.m2/repository/org/objenesis/objenesis/3.1/objenesis-3.1.jar:/home/alex/.m2/repository/com/esotericsoftware/minlog/1.3.1/minlog-1.3.1.jar:/home/alex/.m2/repository/com/esotericsoftware/reflectasm/1.11.9/reflectasm-1.11.9.jar:/home/alex/.m2/repository/com/google/protobuf/protobuf-java/2.5.0/protobuf-java-2.5.0.jar:/home/alex/.m2/repository/org/apache/hbase/hbase-common/2.0.0-alpha4/hbase-common-2.0.0-alpha4.jar:/home/alex/.m2/repository/org/apache/hbase/thirdparty/hbase-shaded-miscellaneous/1.0.1/hbase-shaded-miscellaneous-1.0.1.jar:/home/alex/.m2/repository/org/apache/htrace/htrace-core/3.2.0-incubating/htrace-core-3.2.0-incubating.jar:/home/alex/.m2/repository/org/apache/commons/commons-crypto/1.0.0/commons-crypto-1.0.0.jar:/home/alex/.m2/repository/com/github/stephenc/findbugs/findbugs-annotations/1.3.9-1/findbugs-annotations-1.3.9-1.jar:/home/alex/.m2/repository/log4j/log4j/1.2.17/log4j-1.2.17.jar:/home/alex/.m2/repository/org/apache/yetus/audience-annotations/0.5.0/audience-annotations-0.5.0.jar:/home/alex/.m2/repository/org/apache/parquet/parquet-hadoop-bundle/1.11.1/parquet-hadoop-bundle-1.11.1.jar:/home/alex/.m2/repository/commons-codec/commons-codec/1.15/commons-codec-1.15.jar:/home/alex/.m2/repository/commons-io/commons-io/2.6/commons-io-2.6.jar:/home/alex/.m2/repository/org/apache/commons/commons-collections4/4.1/commons-collections4-4.1.jar:/home/alex/.m2/repository/org/apache/commons/commons-lang3/3.9/commons-lang3-3.9.jar:/home/alex/.m2/repository/org/apache/commons/commons-text/1.8/commons-text-1.8.jar:/home/alex/.m2/repository/javolution/javolution/5.5.1/javolution-5.5.1.jar:/home/alex/.m2/repository/org/apache/logging/log4j/log4j-1.2-api/2.13.2/log4j-1.2-api-2.13.2.jar:/home/alex/.m2/repository/org/apache/logging/log4j/log4j-api/2.13.2/log4j-api-2.13.2.jar:/home/alex/.m2/repository/org/apache/logging/log4j/log4j-core/2.13.2/log4j-core-2.13.2.jar:/home/alex/.m2/repository/org/apache/logging/log4j/log4j-slf4j-impl/2.13.2/log4j-slf4j-impl-2.13.2.jar:/home/alex/.m2/repository/org/antlr/antlr-runtime/3.5.2/antlr-runtime-3.5.2.jar:/home/alex/.m2/repository/org/antlr/ST4/4.0.4/ST4-4.0.4.jar:/home/alex/.m2/repository/org/apache/avro/avro/1.8.2/avro-1.8.2.jar:/home/alex/.m2/repository/org/codehaus/jackson/jackson-core-asl/1.9.13/jackson-core-asl-1.9.13.jar:/home/alex/.m2/repository/org/codehaus/jackson/jackson-mapper-asl/1.9.13/jackson-mapper-asl-1.9.13.jar:/home/alex/.m2/repository/com/thoughtworks/paranamer/paranamer/2.8/paranamer-2.8.jar:/home/alex/.m2/repository/org/xerial/snappy/snappy-java/1.1.4/snappy-java-1.1.4.jar:/home/alex/.m2/repository/org/tukaani/xz/1.5/xz-1.5.jar:/home/alex/.m2/repository/org/apache/avro/avro-mapred/1.8.2/avro-mapred-1.8.2-hadoop2.jar:/home/alex/.m2/repository/org/apache/avro/avro-ipc/1.8.2/avro-ipc-1.8.2.jar:/home/alex/.m2/repository/org/mortbay/jetty/jetty/6.1.26/jetty-6.1.26.jar:/home/alex/.m2/repository/org/apache/ant/ant/1.9.1/ant-1.9.1.jar:/home/alex/.m2/repository/org/apache/ant/ant-launcher/1.9.1/ant-launcher-1.9.1.jar:/home/alex/.m2/repository/org/apache/commons/commons-compress/1.21/commons-compress-1.21.jar:/home/alex/.m2/repository/org/apache/thrift/libfb303/0.9.3/libfb303-0.9.3.jar:/home/alex/.m2/repository/org/apache/hadoop/hadoop-common/3.1.0/hadoop-common-3.1.0.jar:/home/alex/.m2/repository/org/apache/hadoop/hadoop-annotations/3.1.0/hadoop-annotations-3.1.0.jar:/home/alex/.m2/repository/commons-net/commons-net/3.6/commons-net-3.6.jar:/home/alex/.m2/repository/org/eclipse/jetty/jetty-util/9.3.27.v20190418/jetty-util-9.3.27.v20190418.jar:/home/alex/.m2/repository/javax/servlet/jsp/jsp-api/2.1/jsp-api-2.1.jar:/home/alex/.m2/repository/com/sun/jersey/jersey-core/1.19/jersey-core-1.19.jar:/home/alex/.m2/repository/javax/ws/rs/jsr311-api/1.1.1/jsr311-api-1.1.1.jar:/home/alex/.m2/repository/com/sun/jersey/jersey-json/1.19/jersey-json-1.19.jar:/home/alex/.m2/repository/com/sun/xml/bind/jaxb-impl/2.2.3-1/jaxb-impl-2.2.3-1.jar:/home/alex/.m2/repository/org/codehaus/jackson/jackson-jaxrs/1.9.2/jackson-jaxrs-1.9.2.jar:/home/alex/.m2/repository/org/codehaus/jackson/jackson-xc/1.9.2/jackson-xc-1.9.2.jar:/home/alex/.m2/repository/com/sun/jersey/jersey-server/1.19/jersey-server-1.19.jar:/home/alex/.m2/repository/org/apache/commons/commons-configuration2/2.1.1/commons-configuration2-2.1.1.jar:/home/alex/.m2/repository/org/apache/hadoop/hadoop-auth/3.1.0/hadoop-auth-3.1.0.jar:/home/alex/.m2/repository/com/nimbusds/nimbus-jose-jwt/4.41.1/nimbus-jose-jwt-4.41.1.jar:/home/alex/.m2/repository/com/github/stephenc/jcip/jcip-annotations/1.0-1/jcip-annotations-1.0-1.jar:/home/alex/.m2/repository/com/jcraft/jsch/0.1.54/jsch-0.1.54.jar:/home/alex/.m2/repository/org/apache/htrace/htrace-core4/4.1.0-incubating/htrace-core4-4.1.0-incubating.jar:/home/alex/.m2/repository/org/apache/kerby/kerb-simplekdc/1.0.1/kerb-simplekdc-1.0.1.jar:/home/alex/.m2/repository/org/apache/kerby/kerb-client/1.0.1/kerb-client-1.0.1.jar:/home/alex/.m2/repository/org/apache/kerby/kerby-config/1.0.1/kerby-config-1.0.1.jar:/home/alex/.m2/repository/org/apache/kerby/kerb-core/1.0.1/kerb-core-1.0.1.jar:/home/alex/.m2/repository/org/apache/kerby/kerby-pkix/1.0.1/kerby-pkix-1.0.1.jar:/home/alex/.m2/repository/org/apache/kerby/kerby-asn1/1.0.1/kerby-asn1-1.0.1.jar:/home/alex/.m2/repository/org/apache/kerby/kerby-util/1.0.1/kerby-util-1.0.1.jar:/home/alex/.m2/repository/org/apache/kerby/kerb-common/1.0.1/kerb-common-1.0.1.jar:/home/alex/.m2/repository/org/apache/kerby/kerb-crypto/1.0.1/kerb-crypto-1.0.1.jar:/home/alex/.m2/repository/org/apache/kerby/kerb-util/1.0.1/kerb-util-1.0.1.jar:/home/alex/.m2/repository/org/apache/kerby/token-provider/1.0.1/token-provider-1.0.1.jar:/home/alex/.m2/repository/org/apache/kerby/kerb-admin/1.0.1/kerb-admin-1.0.1.jar:/home/alex/.m2/repository/org/apache/kerby/kerb-server/1.0.1/kerb-server-1.0.1.jar:/home/alex/.m2/repository/org/apache/kerby/kerb-identity/1.0.1/kerb-identity-1.0.1.jar:/home/alex/.m2/repository/org/apache/kerby/kerby-xdr/1.0.1/kerby-xdr-1.0.1.jar:/home/alex/.m2/repository/org/codehaus/woodstox/stax2-api/3.1.4/stax2-api-3.1.4.jar:/home/alex/.m2/repository/com/fasterxml/woodstox/woodstox-core/5.0.3/woodstox-core-5.0.3.jar:/home/alex/.m2/repository/org/apache/hadoop/hadoop-archives/3.1.0/hadoop-archives-3.1.0.jar:/home/alex/.m2/repository/org/apache/hadoop/hadoop-yarn-registry/3.1.0/hadoop-yarn-registry-3.1.0.jar:/home/alex/.m2/repository/org/apache/curator/curator-client/4.2.0/curator-client-4.2.0.jar:/home/alex/.m2/repository/org/apache/curator/curator-recipes/4.2.0/curator-recipes-4.2.0.jar:/home/alex/.m2/repository/commons-daemon/commons-daemon/1.0.13/commons-daemon-1.0.13.jar:/home/alex/.m2/repository/dnsjava/dnsjava/2.1.7/dnsjava-2.1.7.jar:/home/alex/.m2/repository/org/apache/hadoop/hadoop-mapreduce-client-core/3.1.0/hadoop-mapreduce-client-core-3.1.0.jar:/home/alex/.m2/repository/org/apache/hadoop/hadoop-hdfs-client/3.1.0/hadoop-hdfs-client-3.1.0.jar:/home/alex/.m2/repository/com/squareup/okhttp/okhttp/2.7.5/okhttp-2.7.5.jar:/home/alex/.m2/repository/com/squareup/okio/okio/1.6.0/okio-1.6.0.jar:/home/alex/.m2/repository/com/google/inject/extensions/guice-servlet/4.0/guice-servlet-4.0.jar:/home/alex/.m2/repository/org/apache/hadoop/hadoop-mapreduce-client-common/3.1.0/hadoop-mapreduce-client-common-3.1.0.jar:/home/alex/.m2/repository/org/apache/hadoop/hadoop-hdfs/3.1.0/hadoop-hdfs-3.1.0.jar:/home/alex/.m2/repository/org/eclipse/jetty/jetty-util-ajax/9.3.19.v20170502/jetty-util-ajax-9.3.19.v20170502.jar:/home/alex/.m2/repository/org/fusesource/leveldbjni/leveldbjni-all/1.8/leveldbjni-all-1.8.jar:/home/alex/.m2/repository/org/apache/hadoop/hadoop-yarn-api/3.1.0/hadoop-yarn-api-3.1.0.jar:/home/alex/.m2/repository/javax/xml/bind/jaxb-api/2.2.11/jaxb-api-2.2.11.jar:/home/alex/.m2/repository/org/apache/hadoop/hadoop-yarn-common/3.1.0/hadoop-yarn-common-3.1.0.jar:/home/alex/.m2/repository/com/google/inject/guice/4.0/guice-4.0.jar:/home/alex/.m2/repository/aopalliance/aopalliance/1.0/aopalliance-1.0.jar:/home/alex/.m2/repository/com/sun/jersey/contribs/jersey-guice/1.19/jersey-guice-1.19.jar:/home/alex/.m2/repository/com/fasterxml/jackson/module/jackson-module-jaxb-annotations/2.12.0/jackson-module-jaxb-annotations-2.12.0.jar:/home/alex/.m2/repository/jakarta/xml/bind/jakarta.xml.bind-api/2.3.2/jakarta.xml.bind-api-2.3.2.jar:/home/alex/.m2/repository/jakarta/activation/jakarta.activation-api/1.2.1/jakarta.activation-api-1.2.1.jar:/home/alex/.m2/repository/org/apache/hadoop/hadoop-yarn-client/3.1.0/hadoop-yarn-client-3.1.0.jar:/home/alex/.m2/repository/org/apache/orc/orc-tools/1.6.9/orc-tools-1.6.9.jar:/home/alex/.m2/repository/com/opencsv/opencsv/3.9/opencsv-3.9.jar:/home/alex/.m2/repository/org/codehaus/jettison/jettison/1.1/jettison-1.1.jar:/home/alex/.m2/repository/org/threeten/threetenbp/1.3.5/threetenbp-1.3.5.jar:/home/alex/.m2/repository/org/apache/ivy/ivy/2.4.0/ivy-2.4.0.jar:/home/alex/.m2/repository/org/apache/thrift/libthrift/0.14.1/libthrift-0.14.1.jar:/home/alex/.m2/repository/org/apache/httpcomponents/httpcore/4.4.13/httpcore-4.4.13.jar:/home/alex/.m2/repository/org/apache/tomcat/embed/tomcat-embed-core/8.5.46/tomcat-embed-core-8.5.46.jar:/home/alex/.m2/repository/org/apache/tomcat/tomcat-annotations-api/8.5.46/tomcat-annotations-api-8.5.46.jar:/home/alex/.m2/repository/javax/annotation/javax.annotation-api/1.3.2/javax.annotation-api-1.3.2.jar:/home/alex/.m2/repository/org/apache/zookeeper/zookeeper/3.5.5/zookeeper-3.5.5.jar:/home/alex/.m2/repository/org/apache/zookeeper/zookeeper-jute/3.5.5/zookeeper-jute-3.5.5.jar:/home/alex/.m2/repository/org/apache/curator/curator-framework/4.2.0/curator-framework-4.2.0.jar:/home/alex/.m2/repository/org/apache/curator/curator-test/4.2.0/curator-test-4.2.0.jar:/home/alex/.m2/repository/org/apache/datasketches/datasketches-hive/1.1.0-incubating/datasketches-hive-1.1.0-incubating.jar:/home/alex/.m2/repository/org/apache/datasketches/datasketches-java/1.3.0-incubating/datasketches-java-1.3.0-incubating.jar:/home/alex/.m2/repository/org/apache/datasketches/datasketches-memory/1.2.0-incubating/datasketches-memory-1.2.0-incubating.jar:/home/alex/.m2/repository/org/slf4j/slf4j-simple/1.7.27/slf4j-simple-1.7.27.jar:/home/alex/.m2/repository/com/lmax/disruptor/3.3.7/disruptor-3.3.7.jar:/home/alex/.m2/repository/org/codehaus/groovy/groovy-all/2.4.11/groovy-all-2.4.11.jar:/home/alex/.m2/repository/org/jodd/jodd-util/6.0.0/jodd-util-6.0.0.jar:/home/alex/.m2/repository/com/fasterxml/jackson/core/jackson-annotations/2.12.0/jackson-annotations-2.12.0.jar:/home/alex/.m2/repository/com/fasterxml/jackson/core/jackson-core/2.12.0/jackson-core-2.12.0.jar:/home/alex/.m2/repository/com/fasterxml/jackson/core/jackson-databind/2.12.0/jackson-databind-2.12.0.jar:/home/alex/.m2/repository/com/fasterxml/jackson/dataformat/jackson-dataformat-yaml/2.12.0/jackson-dataformat-yaml-2.12.0.jar:/home/alex/.m2/repository/org/yaml/snakeyaml/1.27/snakeyaml-1.27.jar:/home/alex/.m2/repository/org/datanucleus/datanucleus-core/5.2.4/datanucleus-core-5.2.4.jar:/home/alex/.m2/repository/org/apache/calcite/calcite-core/1.25.0/calcite-core-1.25.0.jar:/home/alex/.m2/repository/org/apache/calcite/calcite-linq4j/1.25.0/calcite-linq4j-1.25.0.jar:/home/alex/.m2/repository/org/apiguardian/apiguardian-api/1.1.0/apiguardian-api-1.1.0.jar:/home/alex/.m2/repository/com/esri/geometry/esri-geometry-api/2.2.0/esri-geometry-api-2.2.0.jar:/home/alex/.m2/repository/com/yahoo/datasketches/sketches-core/0.9.0/sketches-core-0.9.0.jar:/home/alex/.m2/repository/com/yahoo/datasketches/memory/0.9.0/memory-0.9.0.jar:/home/alex/.m2/repository/org/apache/commons/commons-dbcp2/2.7.0/commons-dbcp2-2.7.0.jar:/home/alex/.m2/repository/org/apache/commons/commons-pool2/2.7.0/commons-pool2-2.7.0.jar:/home/alex/.m2/repository/org/apache/calcite/calcite-druid/1.25.0/calcite-druid-1.25.0.jar:/home/alex/.m2/repository/org/apache/calcite/avatica/avatica/1.12.0/avatica-1.12.0.jar:/home/alex/.m2/repository/com/google/guava/guava/19.0/guava-19.0.jar:/home/alex/.m2/repository/com/googlecode/javaewah/JavaEWAH/0.3.2/JavaEWAH-0.3.2.jar:/home/alex/.m2/repository/com/google/code/gson/gson/2.2.4/gson-2.2.4.jar:/home/alex/.m2/repository/com/tdunning/json/1.8/json-1.8.jar:/home/alex/.m2/repository/stax/stax-api/1.0.1/stax-api-1.0.1.jar:/home/alex/.m2/repository/net/sf/opencsv/opencsv/2.3/opencsv-2.3.jar:/home/alex/Repositories/hive/standalone-metastore/metastore-server/target/classes:/home/alex/.m2/repository/com/zaxxer/HikariCP/2.6.1/HikariCP-2.6.1.jar:/home/alex/.m2/repository/commons-beanutils/commons-beanutils/1.9.4/commons-beanutils-1.9.4.jar:/home/alex/.m2/repository/org/datanucleus/datanucleus-api-jdo/5.2.4/datanucleus-api-jdo-5.2.4.jar:/home/alex/.m2/repository/org/datanucleus/datanucleus-rdbms/5.2.4/datanucleus-rdbms-5.2.4.jar:/home/alex/.m2/repository/org/datanucleus/javax.jdo/3.2.0-release/javax.jdo-3.2.0-release.jar:/home/alex/.m2/repository/javax/transaction/javax.transaction-api/1.3/javax.transaction-api-1.3.jar:/home/alex/.m2/repository/org/glassfish/corba/glassfish-corba-omgapi/4.2.2/glassfish-corba-omgapi-4.2.2.jar:/home/alex/.m2/repository/sqlline/sqlline/1.9.0/sqlline-1.9.0.jar:/home/alex/.m2/repository/org/jline/jline-terminal/3.12.1/jline-terminal-3.12.1.jar:/home/alex/.m2/repository/org/jline/jline-reader/3.12.1/jline-reader-3.12.1.jar:/home/alex/.m2/repository/org/jline/jline-terminal-jansi/3.12.1/jline-terminal-jansi-3.12.1.jar:/home/alex/.m2/repository/org/fusesource/jansi/jansi/1.18/jansi-1.18.jar:/home/alex/.m2/repository/org/jline/jline-terminal-jna/3.12.1/jline-terminal-jna-3.12.1.jar:/home/alex/.m2/repository/net/java/dev/jna/jna/5.3.1/jna-5.3.1.jar:/home/alex/.m2/repository/org/jline/jline-builtins/3.12.1/jline-builtins-3.12.1.jar:/home/alex/.m2/repository/org/jline/jline-style/3.12.1/jline-style-3.12.1.jar:/home/alex/.m2/repository/com/cronutils/cron-utils/9.1.3/cron-utils-9.1.3.jar:/home/alex/.m2/repository/org/glassfish/javax.el/3.0.0/javax.el-3.0.0.jar:/home/alex/.m2/repository/com/oracle/database/jdbc/ojdbc8/21.3.0.0/ojdbc8-21.3.0.0.jar:/home/alex/.m2/repository/mysql/mysql-connector-java/8.0.27/mysql-connector-java-8.0.27.jar:/home/alex/.m2/repository/com/microsoft/sqlserver/mssql-jdbc/6.2.1.jre8/mssql-jdbc-6.2.1.jre8.jar:/home/alex/.m2/repository/org/postgresql/postgresql/42.2.14/postgresql-42.2.14.jar:/home/alex/Repositories/hive/common/target/test-classes:/home/alex/Repositories/hive/standalone-metastore/metastore-common/target/test-classes:/home/alex/.m2/repository/com/github/ben-manes/caffeine/caffeine/2.8.4/caffeine-2.8.4.jar:/home/alex/.m2/repository/org/checkerframework/checker-qual/3.4.0/checker-qual-3.4.0.jar:/home/alex/Repositories/hive/standalone-metastore/metastore-server/target/test-classes:/home/alex/.m2/repository/org/apache/parquet/parquet-column/1.11.1/parquet-column-1.11.1-tests.jar:/home/alex/.m2/repository/org/apache/parquet/parquet-common/1.11.1/parquet-common-1.11.1.jar:/home/alex/.m2/repository/org/apache/parquet/parquet-format-structures/1.11.1/parquet-format-structures-1.11.1.jar:/home/alex/.m2/repository/org/apache/parquet/parquet-encoding/1.11.1/parquet-encoding-1.11.1.jar:/home/alex/.m2/repository/junit/junit/4.13/junit-4.13.jar:/home/alex/.m2/repository/org/hamcrest/hamcrest-core/1.3/hamcrest-core-1.3.jar:/home/alex/.m2/repository/org/junit/jupiter/junit-jupiter-engine/5.6.2/junit-jupiter-engine-5.6.2.jar:/home/alex/.m2/repository/org/junit/platform/junit-platform-engine/1.6.2/junit-platform-engine-1.6.2.jar:/home/alex/.m2/repository/org/opentest4j/opentest4j/1.2.0/opentest4j-1.2.0.jar:/home/alex/.m2/repository/org/junit/platform/junit-platform-commons/1.6.2/junit-platform-commons-1.6.2.jar:/home/alex/.m2/repository/org/junit/jupiter/junit-jupiter-api/5.6.2/junit-jupiter-api-5.6.2.jar:/home/alex/.m2/repository/org/junit/jupiter/junit-jupiter-params/5.6.2/junit-jupiter-params-5.6.2.jar:/home/alex/.m2/repository/org/junit/vintage/junit-vintage-engine/5.6.2/junit-vintage-engine-5.6.2.jar:/home/alex/.m2/repository/org/apache/tez/tez-api/0.10.1/tez-api-0.10.1.jar:/usr/lib/jvm/java-8-openjdk-amd64/jre/../lib/tools.jar:/home/alex/.m2/repository/org/apache/tez/tez-runtime-library/0.10.1/tez-runtime-library-0.10.1.jar:/home/alex/.m2/repository/org/roaringbitmap/RoaringBitmap/0.5.21/RoaringBitmap-0.5.21.jar:/home/alex/.m2/repository/org/asynchttpclient/async-http-client/2.12.1/async-http-client-2.12.1.jar:/home/alex/.m2/repository/org/asynchttpclient/async-http-client-netty-utils/2.12.1/async-http-client-netty-utils-2.12.1.jar:/home/alex/.m2/repository/io/netty/netty-buffer/4.1.48.Final/netty-buffer-4.1.48.Final.jar:/home/alex/.m2/repository/io/netty/netty-codec-http/4.1.48.Final/netty-codec-http-4.1.48.Final.jar:/home/alex/.m2/repository/io/netty/netty-common/4.1.48.Final/netty-common-4.1.48.Final.jar:/home/alex/.m2/repository/io/netty/netty-transport/4.1.48.Final/netty-transport-4.1.48.Final.jar:/home/alex/.m2/repository/io/netty/netty-codec/4.1.48.Final/netty-codec-4.1.48.Final.jar:/home/alex/.m2/repository/io/netty/netty-handler/4.1.48.Final/netty-handler-4.1.48.Final.jar:/home/alex/.m2/repository/io/netty/netty-resolver/4.1.48.Final/netty-resolver-4.1.48.Final.jar:/home/alex/.m2/repository/io/netty/netty-codec-socks/4.1.48.Final/netty-codec-socks-4.1.48.Final.jar:/home/alex/.m2/repository/io/netty/netty-handler-proxy/4.1.48.Final/netty-handler-proxy-4.1.48.Final.jar:/home/alex/.m2/repository/io/netty/netty-transport-native-epoll/4.1.48.Final/netty-transport-native-epoll-4.1.48.Final-linux-x86_64.jar:/home/alex/.m2/repository/io/netty/netty-transport-native-unix-common/4.1.48.Final/netty-transport-native-unix-common-4.1.48.Final.jar:/home/alex/.m2/repository/io/netty/netty-transport-native-kqueue/4.1.48.Final/netty-transport-native-kqueue-4.1.48.Final-osx-x86_64.jar:/home/alex/.m2/repository/org/reactivestreams/reactive-streams/1.0.3/reactive-streams-1.0.3.jar:/home/alex/.m2/repository/com/typesafe/netty/netty-reactive-streams/2.0.4/netty-reactive-streams-2.0.4.jar:/home/alex/.m2/repository/com/sun/activation/javax.activation/1.2.0/javax.activation-1.2.0.jar:/home/alex/.m2/repository/org/apache/tez/tez-common/0.10.1/tez-common-0.10.1.jar:/home/alex/.m2/repository/org/apache/tez/tez-runtime-internals/0.10.1/tez-runtime-internals-0.10.1.jar:/home/alex/.m2/repository/org/apache/tez/hadoop-shim/0.10.1/hadoop-shim-0.10.1.jar:/home/alex/.m2/repository/org/apache/tez/tez-mapreduce/0.10.1/tez-mapreduce-0.10.1.jar:/home/alex/.m2/repository/org/apache/tez/tez-dag/0.10.1/tez-dag-0.10.1.jar:/home/alex/.m2/repository/org/apache/hadoop/hadoop-yarn-server-web-proxy/3.1.0/hadoop-yarn-server-web-proxy-3.1.0.jar:/home/alex/.m2/repository/org/apache/hadoop/hadoop-yarn-server-common/3.1.0/hadoop-yarn-server-common-3.1.0.jar:/home/alex/.m2/repository/org/apache/geronimo/specs/geronimo-jcache_1.0_spec/1.0-alpha-1/geronimo-jcache_1.0_spec-1.0-alpha-1.jar:/home/alex/.m2/repository/org/ehcache/ehcache/3.3.1/ehcache-3.3.1.jar:/home/alex/.m2/repository/com/zaxxer/HikariCP-java7/2.4.12/HikariCP-java7-2.4.12.jar:/home/alex/.m2/repository/org/apache/spark/spark-core_2.12/2.4.5/spark-core_2.12-2.4.5.jar:/home/alex/.m2/repository/com/twitter/chill_2.12/0.9.3/chill_2.12-0.9.3.jar:/home/alex/.m2/repository/com/twitter/chill-java/0.9.3/chill-java-0.9.3.jar:/home/alex/.m2/repository/org/apache/xbean/xbean-asm6-shaded/4.8/xbean-asm6-shaded-4.8.jar:/home/alex/.m2/repository/org/apache/hadoop/hadoop-client/3.1.0/hadoop-client-3.1.0.jar:/home/alex/.m2/repository/org/apache/hadoop/hadoop-mapreduce-client-jobclient/3.1.0/hadoop-mapreduce-client-jobclient-3.1.0.jar:/home/alex/.m2/repository/org/apache/spark/spark-launcher_2.12/2.4.5/spark-launcher_2.12-2.4.5.jar:/home/alex/.m2/repository/org/apache/spark/spark-kvstore_2.12/2.4.5/spark-kvstore_2.12-2.4.5.jar:/home/alex/.m2/repository/org/apache/spark/spark-network-common_2.12/2.4.5/spark-network-common_2.12-2.4.5.jar:/home/alex/.m2/repository/org/apache/spark/spark-network-shuffle_2.12/2.4.5/spark-network-shuffle_2.12-2.4.5.jar:/home/alex/.m2/repository/org/apache/spark/spark-unsafe_2.12/2.4.5/spark-unsafe_2.12-2.4.5.jar:/home/alex/.m2/repository/javax/activation/activation/1.1.1/activation-1.1.1.jar:/home/alex/.m2/repository/org/slf4j/jul-to-slf4j/1.7.16/jul-to-slf4j-1.7.16.jar:/home/alex/.m2/repository/org/slf4j/jcl-over-slf4j/1.7.16/jcl-over-slf4j-1.7.16.jar:/home/alex/.m2/repository/com/ning/compress-lzf/1.0.3/compress-lzf-1.0.3.jar:/home/alex/.m2/repository/org/lz4/lz4-java/1.4.0/lz4-java-1.4.0.jar:/home/alex/.m2/repository/com/github/luben/zstd-jni/1.3.2-2/zstd-jni-1.3.2-2.jar:/home/alex/.m2/repository/org/scala-lang/scala-library/2.12.10/scala-library-2.12.10.jar:/home/alex/.m2/repository/org/json4s/json4s-jackson_2.12/3.5.3/json4s-jackson_2.12-3.5.3.jar:/home/alex/.m2/repository/org/json4s/json4s-core_2.12/3.5.3/json4s-core_2.12-3.5.3.jar:/home/alex/.m2/repository/org/json4s/json4s-ast_2.12/3.5.3/json4s-ast_2.12-3.5.3.jar:/home/alex/.m2/repository/org/json4s/json4s-scalap_2.12/3.5.3/json4s-scalap_2.12-3.5.3.jar:/home/alex/.m2/repository/org/scala-lang/modules/scala-xml_2.12/1.0.6/scala-xml_2.12-1.0.6.jar:/home/alex/.m2/repository/com/clearspring/analytics/stream/2.7.0/stream-2.7.0.jar:/home/alex/.m2/repository/io/dropwizard/metrics/metrics-graphite/3.1.5/metrics-graphite-3.1.5.jar:/home/alex/.m2/repository/oro/oro/2.0.8/oro-2.0.8.jar:/home/alex/.m2/repository/net/razorvine/pyrolite/4.13/pyrolite-4.13.jar:/home/alex/.m2/repository/net/sf/py4j/py4j/0.10.7/py4j-0.10.7.jar:/home/alex/.m2/repository/org/apache/spark/spark-tags_2.12/2.4.5/spark-tags_2.12-2.4.5.jar:/home/alex/.m2/repository/org/spark-project/spark/unused/1.0.0/unused-1.0.0.jar:/home/alex/.m2/repository/com/sun/jersey/jersey-servlet/1.19/jersey-servlet-1.19.jar:/home/alex/.m2/repository/org/glassfish/jersey/core/jersey-server/2.22.2/jersey-server-2.22.2.jar:/home/alex/.m2/repository/org/glassfish/jersey/core/jersey-common/2.22.2/jersey-common-2.22.2.jar:/home/alex/.m2/repository/org/glassfish/jersey/bundles/repackaged/jersey-guava/2.22.2/jersey-guava-2.22.2.jar:/home/alex/.m2/repository/org/glassfish/hk2/osgi-resource-locator/1.0.1/osgi-resource-locator-1.0.1.jar:/home/alex/.m2/repository/org/glassfish/jersey/core/jersey-client/2.22.2/jersey-client-2.22.2.jar:/home/alex/.m2/repository/javax/ws/rs/javax.ws.rs-api/2.0.1/javax.ws.rs-api-2.0.1.jar:/home/alex/.m2/repository/org/glassfish/jersey/media/jersey-media-jaxb/2.22.2/jersey-media-jaxb-2.22.2.jar:/home/alex/.m2/repository/org/glassfish/hk2/hk2-api/2.4.0-b34/hk2-api-2.4.0-b34.jar:/home/alex/.m2/repository/org/glassfish/hk2/hk2-utils/2.4.0-b34/hk2-utils-2.4.0-b34.jar:/home/alex/.m2/repository/org/glassfish/hk2/external/aopalliance-repackaged/2.4.0-b34/aopalliance-repackaged-2.4.0-b34.jar:/home/alex/.m2/repository/org/glassfish/hk2/external/javax.inject/2.4.0-b34/javax.inject-2.4.0-b34.jar:/home/alex/.m2/repository/org/glassfish/hk2/hk2-locator/2.4.0-b34/hk2-locator-2.4.0-b34.jar:/home/alex/.m2/repository/javax/validation/validation-api/1.1.0.Final/validation-api-1.1.0.Final.jar:/home/alex/.m2/repository/org/glassfish/jersey/containers/jersey-container-servlet-core/2.22.2/jersey-container-servlet-core-2.22.2.jar:/home/alex/.m2/repository/org/hamcrest/hamcrest-all/1.3/hamcrest-all-1.3.jar:/home/alex/.m2/repository/org/powermock/powermock-module-junit4/2.0.2/powermock-module-junit4-2.0.2.jar:/home/alex/.m2/repository/org/powermock/powermock-module-junit4-common/2.0.2/powermock-module-junit4-common-2.0.2.jar:/home/alex/.m2/repository/org/powermock/powermock-reflect/2.0.2/powermock-reflect-2.0.2.jar:/home/alex/.m2/repository/org/powermock/powermock-core/2.0.2/powermock-core-2.0.2.jar:/home/alex/.m2/repository/org/powermock/powermock-api-mockito2/2.0.2/powermock-api-mockito2-2.0.2.jar:/home/alex/.m2/repository/org/powermock/powermock-api-support/2.0.2/powermock-api-support-2.0.2.jar:/home/alex/.m2/repository/com/google/guava/guava-testlib/19.0/guava-testlib-19.0.jar:/home/alex/.m2/repository/com/google/errorprone/error_prone_annotations/2.0.2/error_prone_annotations-2.0.2.jar:/home/alex/.m2/repository/com/google/re2j/re2j/1.2/re2j-1.2.jar:/home/alex/.m2/repository/org/reflections/reflections/0.9.10/reflections-0.9.10.jar:/home/alex/.m2/repository/org/javassist/javassist/3.19.0-GA/javassist-3.19.0-GA.jar:/home/alex/.m2/repository/com/jayway/jsonpath/json-path/2.4.0/json-path-2.4.0.jar:/home/alex/.m2/repository/net/minidev/json-smart/2.3/json-smart-2.3.jar:/home/alex/.m2/repository/net/minidev/accessors-smart/1.2/accessors-smart-1.2.jar:/home/alex/.m2/repository/org/ow2/asm/asm/5.0.4/asm-5.0.4.jar:/home/alex/.m2/repository/org/codehaus/janino/commons-compiler/3.0.11/commons-compiler-3.0.11.jar:/home/alex/.m2/repository/org/codehaus/janino/janino/3.0.11/janino-3.0.11.jar:/home/alex/.m2/repository/com/sun/jersey/contribs/jersey-multipart/1.19/jersey-multipart-1.19.jar:/home/alex/.m2/repository/org/jvnet/mimepull/mimepull/1.9.3/mimepull-1.9.3.jar:/home/alex/.m2/repository/org/apache/kafka/kafka-clients/2.5.0/kafka-clients-2.5.0.jar:/home/alex/.m2/repository/org/slf4j/slf4j-api/1.7.30/slf4j-api-1.7.30.jar:/home/alex/.m2/repository/org/mockito/mockito-core/3.4.4/mockito-core-3.4.4.jar:/home/alex/.m2/repository/net/bytebuddy/byte-buddy/1.10.13/byte-buddy-1.10.13.jar:/home/alex/.m2/repository/net/bytebuddy/byte-buddy-agent/1.10.13/byte-buddy-agent-1.10.13.jar:/home/alex/Repositories/hive/ql/target/testconf:/home/alex/Repositories/hive/ql/../conf:"/>
    <property name="sun.cpu.endian" value="little"/>
    <property name="user.home" value="/home/alex"/>
    <property name="user.language" value="en"/>
    <property name="java.specification.vendor" value="Oracle Corporation"/>
    <property name="java.home" value="/usr/lib/jvm/java-8-openjdk-amd64/jre"/>
    <property name="java.security.krb5.conf" value="/home/alex/Repositories/hive/ql/target/testconf/krb5.conf"/>
    <property name="file.separator" value="/"/>
    <property name="basedir" value="/home/alex/Repositories/hive/ql"/>
    <property name="line.separator" value="&#10;"/>
    <property name="java.vm.specification.vendor" value="Oracle Corporation"/>
    <property name="java.specification.name" value="Java Platform API Specification"/>
    <property name="test.dfs.mkdir" value=""/>
    <property name="derby.stream.error.file" value="/home/alex/Repositories/hive/ql/target/tmp/derby.log"/>
    <property name="java.awt.graphicsenv" value="sun.awt.X11GraphicsEnvironment"/>
    <property name="surefire.real.class.path" value="/home/alex/Repositories/hive/ql/target/surefire/surefirebooter5443457807922308861.jar"/>
    <property name="sun.boot.class.path" value="/usr/lib/jvm/java-8-openjdk-amd64/jre/lib/resources.jar:/usr/lib/jvm/java-8-openjdk-amd64/jre/lib/rt.jar:/usr/lib/jvm/java-8-openjdk-amd64/jre/lib/sunrsasign.jar:/usr/lib/jvm/java-8-openjdk-amd64/jre/lib/jsse.jar:/usr/lib/jvm/java-8-openjdk-amd64/jre/lib/jce.jar:/usr/lib/jvm/java-8-openjdk-amd64/jre/lib/charsets.jar:/usr/lib/jvm/java-8-openjdk-amd64/jre/lib/jfr.jar:/usr/lib/jvm/java-8-openjdk-amd64/jre/classes"/>
    <property name="hadoop.log.dir" value="/home/alex/Repositories/hive/ql/target/tmp"/>
    <property name="log4j.debug" value="true"/>
    <property name="sun.management.compiler" value="HotSpot 64-Bit Tiered Compilers"/>
    <property name="spark.home" value=""/>
    <property name="java.runtime.version" value="1.8.0_402-8u402-ga-2ubuntu1~22.04-b06"/>
    <property name="user.name" value="alex"/>
    <property name="java.net.preferIPv4Stack" value="true"/>
    <property name="test.src.tables" value=""/>
    <property name="path.separator" value=":"/>
    <property name="os.version" value="6.5.0-28-generic"/>
    <property name="java.endorsed.dirs" value="/usr/lib/jvm/java-8-openjdk-amd64/jre/lib/endorsed"/>
    <property name="java.runtime.name" value="OpenJDK Runtime Environment"/>
    <property name="hive.test.console.log.level" value="INFO"/>
    <property name="file.encoding" value="UTF-8"/>
    <property name="java.vm.name" value="OpenJDK 64-Bit Server VM"/>
    <property name="qfile_regex" value=""/>
    <property name="hadoop.bin.path" value="/home/alex/Repositories/hive/ql/../testutils/hadoop"/>
    <property name="localRepository" value="/home/alex/.m2/repository"/>
    <property name="build.dir" value="/home/alex/Repositories/hive/ql/target"/>
    <property name="mapred.job.tracker" value="local"/>
    <property name="java.vendor.url.bug" value="http://bugreport.sun.com/bugreport/"/>
    <property name="java.io.tmpdir" value="/home/alex/Repositories/hive/ql/target/tmp"/>
    <property name="maven.local.repository" value="/home/alex/.m2/repository"/>
    <property name="java.version" value="1.8.0_402"/>
    <property name="user.dir" value="/home/alex/Repositories/hive/ql"/>
    <property name="os.arch" value="amd64"/>
    <property name="hive.version" value="4.0.0-SNAPSHOT"/>
    <property name="java.vm.specification.name" value="Java Virtual Machine Specification"/>
    <property name="user.language.format" value="pt"/>
    <property name="java.awt.printerjob" value="sun.print.PSPrinterJob"/>
    <property name="antlr.version" value="3.5.2"/>
    <property name="sun.os.patch.level" value="unknown"/>
    <property name="derby.version" value="10.14.1.0"/>
    <property name="test.data.dir" value="/home/alex/Repositories/hive/ql/../data/files"/>
    <property name="java.library.path" value="/usr/java/packages/lib/amd64:/usr/lib/x86_64-linux-gnu/jni:/lib/x86_64-linux-gnu:/usr/lib/x86_64-linux-gnu:/usr/lib/jni:/lib:/usr/lib"/>
    <property name="java.vendor" value="Private Build"/>
    <property name="java.vm.info" value="mixed mode"/>
    <property name="java.vm.version" value="25.402-b06"/>
    <property name="java.specification.maintenance.version" value="5"/>
    <property name="sun.io.unicode.encoding" value="UnicodeLittle"/>
    <property name="java.ext.dirs" value="/usr/lib/jvm/java-8-openjdk-amd64/jre/lib/ext:/usr/java/packages/lib/ext"/>
    <property name="initScript" value=""/>
    <property name="java.class.version" value="52.0"/>
    <property name="test.output.overwrite" value=""/>
    <property name="hive.root" value="/home/alex/Repositories/hive/ql/../"/>
  </properties>
  <testcase name="testDoubleColMultiplyDoubleScalarCheckedOutNullsRepeatsRetFloat" classname="org.apache.hadoop.hive.ql.exec.vector.expressions.gen.TestColumnScalarOperationVectorExpressionCheckedEvaluation" time="0.741"/>
  <testcase name="testLongScalarAddLongColumnRetBigInt" classname="org.apache.hadoop.hive.ql.exec.vector.expressions.gen.TestColumnScalarOperationVectorExpressionCheckedEvaluation" time="0.001"/>
  <testcase name="testLongColAddLongScalarCheckedOutNullsColNullsRetBigInt" classname="org.apache.hadoop.hive.ql.exec.vector.expressions.gen.TestColumnScalarOperationVectorExpressionCheckedEvaluation" time="0.001"/>
  <testcase name="testLongColAddLongScalarCheckedOutNullsColRepeatsRetInt" classname="org.apache.hadoop.hive.ql.exec.vector.expressions.gen.TestColumnScalarOperationVectorExpressionCheckedEvaluation" time="0"/>
  <testcase name="testLongScalarSubtractDoubleColumnOutNullsColNullsRetFloat" classname="org.apache.hadoop.hive.ql.exec.vector.expressions.gen.TestColumnScalarOperationVectorExpressionCheckedEvaluation" time="0.001"/>
  <testcase name="testDoubleColMultiplyDoubleScalarCheckedOutNullsRepeatsRetDouble" classname="org.apache.hadoop.hive.ql.exec.vector.expressions.gen.TestColumnScalarOperationVectorExpressionCheckedEvaluation" time="0"/>
  <testcase name="testLongColModuloDoubleScalarCheckedOutNullsColNullsRetFloat" classname="org.apache.hadoop.hive.ql.exec.vector.expressions.gen.TestColumnScalarOperationVectorExpressionCheckedEvaluation" time="0.001"/>
  <testcase name="testDoubleColMultiplyLongScalarCheckedOutNullsRepeatsRetFloat" classname="org.apache.hadoop.hive.ql.exec.vector.expressions.gen.TestColumnScalarOperationVectorExpressionCheckedEvaluation" time="0.001"/>
  <testcase name="testLongColMultiplyLongScalarCheckedOutRepeatsColNullsRepeatsRetInt" classname="org.apache.hadoop.hive.ql.exec.vector.expressions.gen.TestColumnScalarOperationVectorExpressionCheckedEvaluation" time="0"/>
  <testcase name="testDoubleScalarAddLongColumnOutRepeatsColNullsRepeatsRetDouble" classname="org.apache.hadoop.hive.ql.exec.vector.expressions.gen.TestColumnScalarOperationVectorExpressionCheckedEvaluation" time="0"/>
  <testcase name="testLongColAddLongScalarCheckedOutNullsColRepeatsRetBigInt" classname="org.apache.hadoop.hive.ql.exec.vector.expressions.gen.TestColumnScalarOperationVectorExpressionCheckedEvaluation" time="0.001"/>
  <testcase name="testLongColMultiplyLongScalarCheckedOutNullsColNullsRetInt" classname="org.apache.hadoop.hive.ql.exec.vector.expressions.gen.TestColumnScalarOperationVectorExpressionCheckedEvaluation" time="0"/>
  <testcase name="testDoubleScalarDivideDoubleColumnOutNullsRepeatsRetFloat" classname="org.apache.hadoop.hive.ql.exec.vector.expressions.gen.TestColumnScalarOperationVectorExpressionCheckedEvaluation" time="0.001"/>
  <testcase name="testLongColSubtractDoubleScalarCheckedOutNullsRepeatsRetDouble" classname="org.apache.hadoop.hive.ql.exec.vector.expressions.gen.TestColumnScalarOperationVectorExpressionCheckedEvaluation" time="0.001"/>
  <testcase name="testDoubleScalarAddLongColumnOutNullsColNullsRetDouble" classname="org.apache.hadoop.hive.ql.exec.vector.expressions.gen.TestColumnScalarOperationVectorExpressionCheckedEvaluation" time="0"/>
  <testcase name="testDoubleScalarSubtractDoubleColumnOutRepeatsColNullsRepeatsRetFloat" classname="org.apache.hadoop.hive.ql.exec.vector.expressions.gen.TestColumnScalarOperationVectorExpressionCheckedEvaluation" time="0.001"/>
  <testcase name="testLongScalarMultiplyDoubleColumnOutNullsRepeatsRetDouble" classname="org.apache.hadoop.hive.ql.exec.vector.expressions.gen.TestColumnScalarOperationVectorExpressionCheckedEvaluation" time="0.001"/>
  <testcase name="testDoubleColMultiplyLongScalarCheckedRetDouble" classname="org.apache.hadoop.hive.ql.exec.vector.expressions.gen.TestColumnScalarOperationVectorExpressionCheckedEvaluation" time="0"/>
  <testcase name="testDoubleColSubtractDoubleScalarCheckedRetDouble" classname="org.apache.hadoop.hive.ql.exec.vector.expressions.gen.TestColumnScalarOperationVectorExpressionCheckedEvaluation" time="0.001"/>
  <testcase name="testDoubleScalarDivideDoubleColumnOutRepeatsColNullsRepeatsRetFloat" classname="org.apache.hadoop.hive.ql.exec.vector.expressions.gen.TestColumnScalarOperationVectorExpressionCheckedEvaluation" time="0"/>
  <testcase name="testDoubleScalarSubtractDoubleColumnOutNullsColNullsRetDouble" classname="org.apache.hadoop.hive.ql.exec.vector.expressions.gen.TestColumnScalarOperationVectorExpressionCheckedEvaluation" time="0.001"/>
  <testcase name="testLongScalarMultiplyLongColumnOutNullsColNullsRetBigInt" classname="org.apache.hadoop.hive.ql.exec.vector.expressions.gen.TestColumnScalarOperationVectorExpressionCheckedEvaluation" time="0.001"/>
  <testcase name="testDoubleScalarDivideDoubleColumnOutRepeatsColNullsRepeatsRetDouble" classname="org.apache.hadoop.hive.ql.exec.vector.expressions.gen.TestColumnScalarOperationVectorExpressionCheckedEvaluation" time="0"/>
  <testcase name="testIntervalYearMonthScalarSubtractIntervalYearMonthColumnOutNullsColNullsRetFloat" classname="org.apache.hadoop.hive.ql.exec.vector.expressions.gen.TestColumnScalarOperationVectorExpressionCheckedEvaluation" time="0.001"/>
  <testcase name="testLongColModuloLongScalarCheckedOutNullsColRepeatsRetSmallInt" classname="org.apache.hadoop.hive.ql.exec.vector.expressions.gen.TestColumnScalarOperationVectorExpressionCheckedEvaluation" time="0.001"/>
  <testcase name="testDoubleColModuloDoubleScalarCheckedOutRepeatsColNullsRepeatsRetFloat" classname="org.apache.hadoop.hive.ql.exec.vector.expressions.gen.TestColumnScalarOperationVectorExpressionCheckedEvaluation" time="0.001"/>
  <testcase name="testLongColSubtractLongScalarCheckedOutNullsColNullsRetBigInt" classname="org.apache.hadoop.hive.ql.exec.vector.expressions.gen.TestColumnScalarOperationVectorExpressionCheckedEvaluation" time="0.001"/>
  <testcase name="testIntervalYearMonthScalarAddIntervalYearMonthColumnOutNullsColRepeatsRetDouble" classname="org.apache.hadoop.hive.ql.exec.vector.expressions.gen.TestColumnScalarOperationVectorExpressionCheckedEvaluation" time="0"/>
  <testcase name="testIntervalYearMonthScalarAddIntervalYearMonthColumnRetDouble" classname="org.apache.hadoop.hive.ql.exec.vector.expressions.gen.TestColumnScalarOperationVectorExpressionCheckedEvaluation" time="0"/>
  <testcase name="testLongColMultiplyLongScalarCheckedOutNullsRepeatsRetTinyInt" classname="org.apache.hadoop.hive.ql.exec.vector.expressions.gen.TestColumnScalarOperationVectorExpressionCheckedEvaluation" time="0"/>
  <testcase name="testLongColAddLongScalarCheckedOutNullsColRepeatsRetTinyInt" classname="org.apache.hadoop.hive.ql.exec.vector.expressions.gen.TestColumnScalarOperationVectorExpressionCheckedEvaluation" time="0"/>
  <testcase name="testDoubleScalarSubtractDoubleColumnOutNullsColNullsRetFloat" classname="org.apache.hadoop.hive.ql.exec.vector.expressions.gen.TestColumnScalarOperationVectorExpressionCheckedEvaluation" time="0"/>
  <testcase name="testIntervalYearMonthScalarAddIntervalYearMonthColumnOutNullsColRepeatsRetFloat" classname="org.apache.hadoop.hive.ql.exec.vector.expressions.gen.TestColumnScalarOperationVectorExpressionCheckedEvaluation" time="0"/>
  <testcase name="testLongColAddDoubleScalarCheckedOutRepeatsColNullsRepeatsRetDouble" classname="org.apache.hadoop.hive.ql.exec.vector.expressions.gen.TestColumnScalarOperationVectorExpressionCheckedEvaluation" time="0"/>
  <testcase name="testDoubleColModuloLongScalarCheckedOutNullsColNullsRetFloat" classname="org.apache.hadoop.hive.ql.exec.vector.expressions.gen.TestColumnScalarOperationVectorExpressionCheckedEvaluation" time="0"/>
  <testcase name="testDoubleColAddDoubleScalarCheckedOutNullsColRepeatsRetFloat" classname="org.apache.hadoop.hive.ql.exec.vector.expressions.gen.TestColumnScalarOperationVectorExpressionCheckedEvaluation" time="0"/>
  <testcase name="testDoubleScalarDivideLongColumnOutNullsColRepeatsRetFloat" classname="org.apache.hadoop.hive.ql.exec.vector.expressions.gen.TestColumnScalarOperationVectorExpressionCheckedEvaluation" time="0.001"/>
  <testcase name="testLongScalarSubtractDoubleColumnOutNullsColNullsRetDouble" classname="org.apache.hadoop.hive.ql.exec.vector.expressions.gen.TestColumnScalarOperationVectorExpressionCheckedEvaluation" time="0"/>
  <testcase name="testIntervalYearMonthScalarSubtractIntervalYearMonthColumnOutRepeatsColNullsRepeatsRetDouble" classname="org.apache.hadoop.hive.ql.exec.vector.expressions.gen.TestColumnScalarOperationVectorExpressionCheckedEvaluation" time="0.001"/>
  <testcase name="testLongScalarMultiplyLongColumnRetInt" classname="org.apache.hadoop.hive.ql.exec.vector.expressions.gen.TestColumnScalarOperationVectorExpressionCheckedEvaluation" time="0"/>
  <testcase name="testLongScalarAddLongColumnOutNullsColRepeatsRetInt" classname="org.apache.hadoop.hive.ql.exec.vector.expressions.gen.TestColumnScalarOperationVectorExpressionCheckedEvaluation" time="0"/>
  <testcase name="testDoubleColMultiplyDoubleScalarCheckedOutNullsColRepeatsRetFloat" classname="org.apache.hadoop.hive.ql.exec.vector.expressions.gen.TestColumnScalarOperationVectorExpressionCheckedEvaluation" time="0"/>
  <testcase name="testLongColMultiplyLongScalarCheckedRetSmallInt" classname="org.apache.hadoop.hive.ql.exec.vector.expressions.gen.TestColumnScalarOperationVectorExpressionCheckedEvaluation" time="0"/>
  <testcase name="testLongScalarAddLongColumnOutRepeatsColNullsRepeatsRetInt" classname="org.apache.hadoop.hive.ql.exec.vector.expressions.gen.TestColumnScalarOperationVectorExpressionCheckedEvaluation" time="0"/>
  <testcase name="testDoubleScalarMultiplyDoubleColumnOutNullsRepeatsRetDouble" classname="org.apache.hadoop.hive.ql.exec.vector.expressions.gen.TestColumnScalarOperationVectorExpressionCheckedEvaluation" time="0.001"/>
  <testcase name="testDoubleColAddLongScalarCheckedOutNullsColRepeatsRetDouble" classname="org.apache.hadoop.hive.ql.exec.vector.expressions.gen.TestColumnScalarOperationVectorExpressionCheckedEvaluation" time="0"/>
  <testcase name="testLongScalarSubtractLongColumnRetTinyInt" classname="org.apache.hadoop.hive.ql.exec.vector.expressions.gen.TestColumnScalarOperationVectorExpressionCheckedEvaluation" time="0.001"/>
  <testcase name="testIntervalYearMonthScalarSubtractIntervalYearMonthColumnOutNullsColRepeatsRetDouble" classname="org.apache.hadoop.hive.ql.exec.vector.expressions.gen.TestColumnScalarOperationVectorExpressionCheckedEvaluation" time="0"/>
  <testcase name="testDoubleScalarAddDoubleColumnOutNullsRepeatsRetDouble" classname="org.apache.hadoop.hive.ql.exec.vector.expressions.gen.TestColumnScalarOperationVectorExpressionCheckedEvaluation" time="0"/>
  <testcase name="testDoubleScalarSubtractDoubleColumnOutNullsColRepeatsRetFloat" classname="org.apache.hadoop.hive.ql.exec.vector.expressions.gen.TestColumnScalarOperationVectorExpressionCheckedEvaluation" time="0.001"/>
  <testcase name="testLongScalarSubtractLongColumnOutNullsColNullsRetSmallInt" classname="org.apache.hadoop.hive.ql.exec.vector.expressions.gen.TestColumnScalarOperationVectorExpressionCheckedEvaluation" time="0"/>
  <testcase name="testDoubleColMultiplyLongScalarCheckedOutNullsColRepeatsRetFloat" classname="org.apache.hadoop.hive.ql.exec.vector.expressions.gen.TestColumnScalarOperationVectorExpressionCheckedEvaluation" time="0"/>
  <testcase name="testLongColAddDoubleScalarCheckedOutNullsColRepeatsRetFloat" classname="org.apache.hadoop.hive.ql.exec.vector.expressions.gen.TestColumnScalarOperationVectorExpressionCheckedEvaluation" time="0"/>
  <testcase name="testLongColAddLongScalarCheckedOutNullsRepeatsRetSmallInt" classname="org.apache.hadoop.hive.ql.exec.vector.expressions.gen.TestColumnScalarOperationVectorExpressionCheckedEvaluation" time="0"/>
  <testcase name="testDoubleColSubtractDoubleScalarCheckedOutNullsColNullsRetDouble" classname="org.apache.hadoop.hive.ql.exec.vector.expressions.gen.TestColumnScalarOperationVectorExpressionCheckedEvaluation" time="0"/>
  <testcase name="testLongScalarAddLongColumnOutNullsColNullsRetInt" classname="org.apache.hadoop.hive.ql.exec.vector.expressions.gen.TestColumnScalarOperationVectorExpressionCheckedEvaluation" time="0"/>
  <testcase name="testDoubleColAddLongScalarCheckedOutRepeatsColNullsRepeatsRetDouble" classname="org.apache.hadoop.hive.ql.exec.vector.expressions.gen.TestColumnScalarOperationVectorExpressionCheckedEvaluation" time="0.001"/>
  <testcase name="testDoubleColMultiplyDoubleScalarCheckedOutRepeatsColNullsRepeatsRetFloat" classname="org.apache.hadoop.hive.ql.exec.vector.expressions.gen.TestColumnScalarOperationVectorExpressionCheckedEvaluation" time="0"/>
  <testcase name="testDoubleColModuloDoubleScalarCheckedOutNullsColRepeatsRetFloat" classname="org.apache.hadoop.hive.ql.exec.vector.expressions.gen.TestColumnScalarOperationVectorExpressionCheckedEvaluation" time="0"/>
  <testcase name="testLongColSubtractLongScalarCheckedOutNullsColRepeatsRetTinyInt" classname="org.apache.hadoop.hive.ql.exec.vector.expressions.gen.TestColumnScalarOperationVectorExpressionCheckedEvaluation" time="0.001"/>
  <testcase name="testLongColAddLongScalarCheckedOutRepeatsColNullsRepeatsRetTinyInt" classname="org.apache.hadoop.hive.ql.exec.vector.expressions.gen.TestColumnScalarOperationVectorExpressionCheckedEvaluation" time="0"/>
  <testcase name="testLongScalarAddDoubleColumnOutRepeatsColNullsRepeatsRetDouble" classname="org.apache.hadoop.hive.ql.exec.vector.expressions.gen.TestColumnScalarOperationVectorExpressionCheckedEvaluation" time="0.001"/>
  <testcase name="testDoubleColAddLongScalarCheckedOutNullsRepeatsRetFloat" classname="org.apache.hadoop.hive.ql.exec.vector.expressions.gen.TestColumnScalarOperationVectorExpressionCheckedEvaluation" time="0"/>
  <testcase name="testDoubleScalarMultiplyLongColumnOutRepeatsColNullsRepeatsRetDouble" classname="org.apache.hadoop.hive.ql.exec.vector.expressions.gen.TestColumnScalarOperationVectorExpressionCheckedEvaluation" time="0.001"/>
  <testcase name="testDoubleScalarMultiplyDoubleColumnRetFloat" classname="org.apache.hadoop.hive.ql.exec.vector.expressions.gen.TestColumnScalarOperationVectorExpressionCheckedEvaluation" time="0"/>
  <testcase name="testDoubleScalarMultiplyLongColumnOutNullsRepeatsRetFloat" classname="org.apache.hadoop.hive.ql.exec.vector.expressions.gen.TestColumnScalarOperationVectorExpressionCheckedEvaluation" time="0"/>
  <testcase name="testDoubleColAddLongScalarCheckedRetFloat" classname="org.apache.hadoop.hive.ql.exec.vector.expressions.gen.TestColumnScalarOperationVectorExpressionCheckedEvaluation" time="0.001"/>
  <testcase name="testLongColModuloDoubleScalarCheckedOutNullsColNullsRetDouble" classname="org.apache.hadoop.hive.ql.exec.vector.expressions.gen.TestColumnScalarOperationVectorExpressionCheckedEvaluation" time="0"/>
  <testcase name="testLongColSubtractLongScalarCheckedRetSmallInt" classname="org.apache.hadoop.hive.ql.exec.vector.expressions.gen.TestColumnScalarOperationVectorExpressionCheckedEvaluation" time="0"/>
  <testcase name="testDoubleColSubtractLongScalarCheckedOutNullsColNullsRetDouble" classname="org.apache.hadoop.hive.ql.exec.vector.expressions.gen.TestColumnScalarOperationVectorExpressionCheckedEvaluation" time="0.001"/>
  <testcase name="testDoubleColSubtractLongScalarCheckedRetDouble" classname="org.apache.hadoop.hive.ql.exec.vector.expressions.gen.TestColumnScalarOperationVectorExpressionCheckedEvaluation" time="0"/>
  <testcase name="testDoubleColModuloDoubleScalarCheckedRetFloat" classname="org.apache.hadoop.hive.ql.exec.vector.expressions.gen.TestColumnScalarOperationVectorExpressionCheckedEvaluation" time="0.001"/>
  <testcase name="testLongScalarDivideDoubleColumnOutNullsColNullsRetFloat" classname="org.apache.hadoop.hive.ql.exec.vector.expressions.gen.TestColumnScalarOperationVectorExpressionCheckedEvaluation" time="0"/>
  <testcase name="testLongScalarMultiplyDoubleColumnRetDouble" classname="org.apache.hadoop.hive.ql.exec.vector.expressions.gen.TestColumnScalarOperationVectorExpressionCheckedEvaluation" time="0"/>
  <testcase name="testLongColModuloDoubleScalarCheckedRetDouble" classname="org.apache.hadoop.hive.ql.exec.vector.expressions.gen.TestColumnScalarOperationVectorExpressionCheckedEvaluation" time="0"/>
  <testcase name="testLongScalarSubtractLongColumnOutRepeatsColNullsRepeatsRetInt" classname="org.apache.hadoop.hive.ql.exec.vector.expressions.gen.TestColumnScalarOperationVectorExpressionCheckedEvaluation" time="0"/>
  <testcase name="testDoubleColSubtractLongScalarCheckedRetFloat" classname="org.apache.hadoop.hive.ql.exec.vector.expressions.gen.TestColumnScalarOperationVectorExpressionCheckedEvaluation" time="0"/>
  <testcase name="testLongColMultiplyLongScalarCheckedOutNullsRepeatsRetSmallInt" classname="org.apache.hadoop.hive.ql.exec.vector.expressions.gen.TestColumnScalarOperationVectorExpressionCheckedEvaluation" time="0"/>
  <testcase name="testLongScalarSubtractDoubleColumnOutNullsColRepeatsRetDouble" classname="org.apache.hadoop.hive.ql.exec.vector.expressions.gen.TestColumnScalarOperationVectorExpressionCheckedEvaluation" time="0"/>
  <testcase name="testLongScalarAddLongColumnOutNullsColRepeatsRetTinyInt" classname="org.apache.hadoop.hive.ql.exec.vector.expressions.gen.TestColumnScalarOperationVectorExpressionCheckedEvaluation" time="0"/>
  <testcase name="testLongColModuloDoubleScalarCheckedOutNullsColRepeatsRetDouble" classname="org.apache.hadoop.hive.ql.exec.vector.expressions.gen.TestColumnScalarOperationVectorExpressionCheckedEvaluation" time="0"/>
  <testcase name="testLongColSubtractDoubleScalarCheckedOutNullsColRepeatsRetFloat" classname="org.apache.hadoop.hive.ql.exec.vector.expressions.gen.TestColumnScalarOperationVectorExpressionCheckedEvaluation" time="0"/>
  <testcase name="testLongColModuloLongScalarCheckedOutRepeatsColNullsRepeatsRetSmallInt" classname="org.apache.hadoop.hive.ql.exec.vector.expressions.gen.TestColumnScalarOperationVectorExpressionCheckedEvaluation" time="0.001"/>
  <testcase name="testLongColMultiplyDoubleScalarCheckedOutRepeatsColNullsRepeatsRetDouble" classname="org.apache.hadoop.hive.ql.exec.vector.expressions.gen.TestColumnScalarOperationVectorExpressionCheckedEvaluation" time="0"/>
  <testcase name="testLongScalarSubtractLongColumnOutNullsColRepeatsRetTinyInt" classname="org.apache.hadoop.hive.ql.exec.vector.expressions.gen.TestColumnScalarOperationVectorExpressionCheckedEvaluation" time="0.001"/>
  <testcase name="testDoubleScalarModuloDoubleColumnOutNullsRepeatsRetDouble" classname="org.apache.hadoop.hive.ql.exec.vector.expressions.gen.TestColumnScalarOperationVectorExpressionCheckedEvaluation" time="0"/>
  <testcase name="testLongScalarDivideDoubleColumnOutRepeatsColNullsRepeatsRetDouble" classname="org.apache.hadoop.hive.ql.exec.vector.expressions.gen.TestColumnScalarOperationVectorExpressionCheckedEvaluation" time="0"/>
  <testcase name="testLongColSubtractDoubleScalarCheckedOutRepeatsColNullsRepeatsRetDouble" classname="org.apache.hadoop.hive.ql.exec.vector.expressions.gen.TestColumnScalarOperationVectorExpressionCheckedEvaluation" time="0"/>
  <testcase name="testDoubleScalarAddLongColumnRetDouble" classname="org.apache.hadoop.hive.ql.exec.vector.expressions.gen.TestColumnScalarOperationVectorExpressionCheckedEvaluation" time="0"/>
  <testcase name="testLongColSubtractLongScalarCheckedOutRepeatsColNullsRepeatsRetInt" classname="org.apache.hadoop.hive.ql.exec.vector.expressions.gen.TestColumnScalarOperationVectorExpressionCheckedEvaluation" time="0"/>
  <testcase name="testLongColMultiplyDoubleScalarCheckedOutNullsColNullsRetDouble" classname="org.apache.hadoop.hive.ql.exec.vector.expressions.gen.TestColumnScalarOperationVectorExpressionCheckedEvaluation" time="0.001"/>
  <testcase name="testDoubleScalarModuloLongColumnOutNullsColNullsRetDouble" classname="org.apache.hadoop.hive.ql.exec.vector.expressions.gen.TestColumnScalarOperationVectorExpressionCheckedEvaluation" time="0"/>
  <testcase name="testDoubleScalarAddDoubleColumnRetFloat" classname="org.apache.hadoop.hive.ql.exec.vector.expressions.gen.TestColumnScalarOperationVectorExpressionCheckedEvaluation" time="0.001"/>
  <testcase name="testLongColMultiplyLongScalarCheckedOutNullsColRepeatsRetSmallInt" classname="org.apache.hadoop.hive.ql.exec.vector.expressions.gen.TestColumnScalarOperationVectorExpressionCheckedEvaluation" time="0"/>
  <testcase name="testLongScalarAddLongColumnRetSmallInt" classname="org.apache.hadoop.hive.ql.exec.vector.expressions.gen.TestColumnScalarOperationVectorExpressionCheckedEvaluation" time="0"/>
  <testcase name="testLongScalarMultiplyDoubleColumnRetFloat" classname="org.apache.hadoop.hive.ql.exec.vector.expressions.gen.TestColumnScalarOperationVectorExpressionCheckedEvaluation" time="0"/>
  <testcase name="testLongScalarSubtractLongColumnRetBigInt" classname="org.apache.hadoop.hive.ql.exec.vector.expressions.gen.TestColumnScalarOperationVectorExpressionCheckedEvaluation" time="0"/>
  <testcase name="testDoubleScalarSubtractLongColumnOutNullsColNullsRetDouble" classname="org.apache.hadoop.hive.ql.exec.vector.expressions.gen.TestColumnScalarOperationVectorExpressionCheckedEvaluation" time="0.001"/>
  <testcase name="testDoubleColAddLongScalarCheckedOutNullsColNullsRetFloat" classname="org.apache.hadoop.hive.ql.exec.vector.expressions.gen.TestColumnScalarOperationVectorExpressionCheckedEvaluation" time="0"/>
  <testcase name="testLongColSubtractLongScalarCheckedOutNullsColRepeatsRetSmallInt" classname="org.apache.hadoop.hive.ql.exec.vector.expressions.gen.TestColumnScalarOperationVectorExpressionCheckedEvaluation" time="0"/>
  <testcase name="testDoubleScalarDivideLongColumnOutNullsColNullsRetFloat" classname="org.apache.hadoop.hive.ql.exec.vector.expressions.gen.TestColumnScalarOperationVectorExpressionCheckedEvaluation" time="0"/>
  <testcase name="testDoubleColAddDoubleScalarCheckedOutNullsRepeatsRetDouble" classname="org.apache.hadoop.hive.ql.exec.vector.expressions.gen.TestColumnScalarOperationVectorExpressionCheckedEvaluation" time="0"/>
  <testcase name="testLongScalarAddDoubleColumnOutNullsColRepeatsRetFloat" classname="org.apache.hadoop.hive.ql.exec.vector.expressions.gen.TestColumnScalarOperationVectorExpressionCheckedEvaluation" time="0"/>
  <testcase name="testDoubleColMultiplyDoubleScalarCheckedOutNullsColNullsRetFloat" classname="org.apache.hadoop.hive.ql.exec.vector.expressions.gen.TestColumnScalarOperationVectorExpressionCheckedEvaluation" time="0"/>
  <testcase name="testLongScalarMultiplyLongColumnOutNullsColRepeatsRetSmallInt" classname="org.apache.hadoop.hive.ql.exec.vector.expressions.gen.TestColumnScalarOperationVectorExpressionCheckedEvaluation" time="0.001"/>
  <testcase name="testLongColModuloLongScalarCheckedOutNullsColNullsRetTinyInt" classname="org.apache.hadoop.hive.ql.exec.vector.expressions.gen.TestColumnScalarOperationVectorExpressionCheckedEvaluation" time="0"/>
  <testcase name="testLongColSubtractLongScalarCheckedOutRepeatsColNullsRepeatsRetTinyInt" classname="org.apache.hadoop.hive.ql.exec.vector.expressions.gen.TestColumnScalarOperationVectorExpressionCheckedEvaluation" time="0"/>
  <testcase name="testLongColMultiplyLongScalarCheckedOutNullsRepeatsRetInt" classname="org.apache.hadoop.hive.ql.exec.vector.expressions.gen.TestColumnScalarOperationVectorExpressionCheckedEvaluation" time="0"/>
  <testcase name="testDoubleColAddLongScalarCheckedOutRepeatsColNullsRepeatsRetFloat" classname="org.apache.hadoop.hive.ql.exec.vector.expressions.gen.TestColumnScalarOperationVectorExpressionCheckedEvaluation" time="0"/>
  <testcase name="testLongScalarSubtractDoubleColumnOutNullsColRepeatsRetFloat" classname="org.apache.hadoop.hive.ql.exec.vector.expressions.gen.TestColumnScalarOperationVectorExpressionCheckedEvaluation" time="0"/>
  <testcase name="testDoubleColModuloDoubleScalarCheckedOutNullsColNullsRetDouble" classname="org.apache.hadoop.hive.ql.exec.vector.expressions.gen.TestColumnScalarOperationVectorExpressionCheckedEvaluation" time="0"/>
  <testcase name="testLongColMultiplyDoubleScalarCheckedOutRepeatsColNullsRepeatsRetFloat" classname="org.apache.hadoop.hive.ql.exec.vector.expressions.gen.TestColumnScalarOperationVectorExpressionCheckedEvaluation" time="0.001"/>
  <testcase name="testDoubleScalarDivideDoubleColumnOutNullsColRepeatsRetDouble" classname="org.apache.hadoop.hive.ql.exec.vector.expressions.gen.TestColumnScalarOperationVectorExpressionCheckedEvaluation" time="0"/>
  <testcase name="testLongScalarMultiplyLongColumnOutNullsRepeatsRetSmallInt" classname="org.apache.hadoop.hive.ql.exec.vector.expressions.gen.TestColumnScalarOperationVectorExpressionCheckedEvaluation" time="0"/>
  <testcase name="testLongColSubtractDoubleScalarCheckedOutNullsColNullsRetFloat" classname="org.apache.hadoop.hive.ql.exec.vector.expressions.gen.TestColumnScalarOperationVectorExpressionCheckedEvaluation" time="0"/>
  <testcase name="testLongScalarMultiplyDoubleColumnOutRepeatsColNullsRepeatsRetDouble" classname="org.apache.hadoop.hive.ql.exec.vector.expressions.gen.TestColumnScalarOperationVectorExpressionCheckedEvaluation" time="0.001"/>
  <testcase name="testLongScalarMultiplyLongColumnOutNullsColNullsRetInt" classname="org.apache.hadoop.hive.ql.exec.vector.expressions.gen.TestColumnScalarOperationVectorExpressionCheckedEvaluation" time="0"/>
  <testcase name="testLongScalarMultiplyDoubleColumnOutNullsColNullsRetFloat" classname="org.apache.hadoop.hive.ql.exec.vector.expressions.gen.TestColumnScalarOperationVectorExpressionCheckedEvaluation" time="0"/>
  <testcase name="testDoubleScalarSubtractDoubleColumnRetFloat" classname="org.apache.hadoop.hive.ql.exec.vector.expressions.gen.TestColumnScalarOperationVectorExpressionCheckedEvaluation" time="0"/>
  <testcase name="testDoubleColModuloLongScalarCheckedOutNullsColNullsRetDouble" classname="org.apache.hadoop.hive.ql.exec.vector.expressions.gen.TestColumnScalarOperationVectorExpressionCheckedEvaluation" time="0.001"/>
  <testcase name="testDoubleScalarSubtractDoubleColumnOutNullsColRepeatsRetDouble" classname="org.apache.hadoop.hive.ql.exec.vector.expressions.gen.TestColumnScalarOperationVectorExpressionCheckedEvaluation" time="0"/>
  <testcase name="testDoubleColMultiplyLongScalarCheckedOutNullsRepeatsRetDouble" classname="org.apache.hadoop.hive.ql.exec.vector.expressions.gen.TestColumnScalarOperationVectorExpressionCheckedEvaluation" time="0"/>
  <testcase name="testLongColMultiplyLongScalarCheckedRetBigInt" classname="org.apache.hadoop.hive.ql.exec.vector.expressions.gen.TestColumnScalarOperationVectorExpressionCheckedEvaluation" time="0"/>
  <testcase name="testLongScalarSubtractDoubleColumnOutRepeatsColNullsRepeatsRetDouble" classname="org.apache.hadoop.hive.ql.exec.vector.expressions.gen.TestColumnScalarOperationVectorExpressionCheckedEvaluation" time="0.001"/>
  <testcase name="testDoubleScalarAddLongColumnOutRepeatsColNullsRepeatsRetFloat" classname="org.apache.hadoop.hive.ql.exec.vector.expressions.gen.TestColumnScalarOperationVectorExpressionCheckedEvaluation" time="0"/>
  <testcase name="testLongScalarSubtractLongColumnOutNullsRepeatsRetInt" classname="org.apache.hadoop.hive.ql.exec.vector.expressions.gen.TestColumnScalarOperationVectorExpressionCheckedEvaluation" time="0"/>
  <testcase name="testLongScalarMultiplyLongColumnOutRepeatsColNullsRepeatsRetBigInt" classname="org.apache.hadoop.hive.ql.exec.vector.expressions.gen.TestColumnScalarOperationVectorExpressionCheckedEvaluation" time="0"/>
  <testcase name="testDoubleScalarModuloDoubleColumnOutNullsColRepeatsRetDouble" classname="org.apache.hadoop.hive.ql.exec.vector.expressions.gen.TestColumnScalarOperationVectorExpressionCheckedEvaluation" time="0.001"/>
  <testcase name="testDoubleColAddDoubleScalarCheckedOutNullsColRepeatsRetDouble" classname="org.apache.hadoop.hive.ql.exec.vector.expressions.gen.TestColumnScalarOperationVectorExpressionCheckedEvaluation" time="0"/>
  <testcase name="testLongScalarMultiplyLongColumnRetBigInt" classname="org.apache.hadoop.hive.ql.exec.vector.expressions.gen.TestColumnScalarOperationVectorExpressionCheckedEvaluation" time="0"/>
  <testcase name="testLongColAddLongScalarCheckedOutNullsColRepeatsRetSmallInt" classname="org.apache.hadoop.hive.ql.exec.vector.expressions.gen.TestColumnScalarOperationVectorExpressionCheckedEvaluation" time="0"/>
  <testcase name="testLongScalarAddDoubleColumnOutNullsColNullsRetDouble" classname="org.apache.hadoop.hive.ql.exec.vector.expressions.gen.TestColumnScalarOperationVectorExpressionCheckedEvaluation" time="0"/>
  <testcase name="testLongScalarDivideDoubleColumnOutNullsColRepeatsRetDouble" classname="org.apache.hadoop.hive.ql.exec.vector.expressions.gen.TestColumnScalarOperationVectorExpressionCheckedEvaluation" time="0"/>
  <testcase name="testIntervalYearMonthScalarAddIntervalYearMonthColumnOutNullsRepeatsRetFloat" classname="org.apache.hadoop.hive.ql.exec.vector.expressions.gen.TestColumnScalarOperationVectorExpressionCheckedEvaluation" time="0"/>
  <testcase name="testLongColModuloLongScalarCheckedOutNullsColNullsRetBigInt" classname="org.apache.hadoop.hive.ql.exec.vector.expressions.gen.TestColumnScalarOperationVectorExpressionCheckedEvaluation" time="0"/>
  <testcase name="testLongColModuloLongScalarCheckedOutNullsColNullsRetSmallInt" classname="org.apache.hadoop.hive.ql.exec.vector.expressions.gen.TestColumnScalarOperationVectorExpressionCheckedEvaluation" time="0"/>
  <testcase name="testDoubleScalarDivideLongColumnOutNullsColRepeatsRetDouble" classname="org.apache.hadoop.hive.ql.exec.vector.expressions.gen.TestColumnScalarOperationVectorExpressionCheckedEvaluation" time="0.001"/>
  <testcase name="testLongColAddLongScalarCheckedOutRepeatsColNullsRepeatsRetSmallInt" classname="org.apache.hadoop.hive.ql.exec.vector.expressions.gen.TestColumnScalarOperationVectorExpressionCheckedEvaluation" time="0"/>
  <testcase name="testLongScalarSubtractLongColumnRetSmallInt" classname="org.apache.hadoop.hive.ql.exec.vector.expressions.gen.TestColumnScalarOperationVectorExpressionCheckedEvaluation" time="0"/>
  <testcase name="testDoubleColModuloLongScalarCheckedOutRepeatsColNullsRepeatsRetDouble" classname="org.apache.hadoop.hive.ql.exec.vector.expressions.gen.TestColumnScalarOperationVectorExpressionCheckedEvaluation" time="0"/>
  <testcase name="testLongScalarAddLongColumnOutRepeatsColNullsRepeatsRetSmallInt" classname="org.apache.hadoop.hive.ql.exec.vector.expressions.gen.TestColumnScalarOperationVectorExpressionCheckedEvaluation" time="0"/>
  <testcase name="testLongScalarAddLongColumnOutNullsColNullsRetSmallInt" classname="org.apache.hadoop.hive.ql.exec.vector.expressions.gen.TestColumnScalarOperationVectorExpressionCheckedEvaluation" time="0.001"/>
  <testcase name="testLongScalarModuloDoubleColumnOutNullsColRepeatsRetDouble" classname="org.apache.hadoop.hive.ql.exec.vector.expressions.gen.TestColumnScalarOperationVectorExpressionCheckedEvaluation" time="0"/>
  <testcase name="testDoubleScalarSubtractLongColumnOutNullsRepeatsRetDouble" classname="org.apache.hadoop.hive.ql.exec.vector.expressions.gen.TestColumnScalarOperationVectorExpressionCheckedEvaluation" time="0.001"/>
  <testcase name="testDoubleScalarMultiplyDoubleColumnOutNullsColNullsRetFloat" classname="org.apache.hadoop.hive.ql.exec.vector.expressions.gen.TestColumnScalarOperationVectorExpressionCheckedEvaluation" time="0"/>
  <testcase name="testLongScalarSubtractDoubleColumnRetFloat" classname="org.apache.hadoop.hive.ql.exec.vector.expressions.gen.TestColumnScalarOperationVectorExpressionCheckedEvaluation" time="0"/>
  <testcase name="testLongColMultiplyLongScalarCheckedOutNullsColNullsRetSmallInt" classname="org.apache.hadoop.hive.ql.exec.vector.expressions.gen.TestColumnScalarOperationVectorExpressionCheckedEvaluation" time="0"/>
  <testcase name="testLongColModuloLongScalarCheckedOutRepeatsColNullsRepeatsRetTinyInt" classname="org.apache.hadoop.hive.ql.exec.vector.expressions.gen.TestColumnScalarOperationVectorExpressionCheckedEvaluation" time="0"/>
  <testcase name="testLongColMultiplyDoubleScalarCheckedOutNullsColRepeatsRetDouble" classname="org.apache.hadoop.hive.ql.exec.vector.expressions.gen.TestColumnScalarOperationVectorExpressionCheckedEvaluation" time="0"/>
  <testcase name="testDoubleScalarAddDoubleColumnOutNullsColNullsRetFloat" classname="org.apache.hadoop.hive.ql.exec.vector.expressions.gen.TestColumnScalarOperationVectorExpressionCheckedEvaluation" time="0"/>
  <testcase name="testLongScalarSubtractLongColumnOutNullsColNullsRetBigInt" classname="org.apache.hadoop.hive.ql.exec.vector.expressions.gen.TestColumnScalarOperationVectorExpressionCheckedEvaluation" time="0"/>
  <testcase name="testLongScalarAddLongColumnOutNullsColNullsRetTinyInt" classname="org.apache.hadoop.hive.ql.exec.vector.expressions.gen.TestColumnScalarOperationVectorExpressionCheckedEvaluation" time="0.001"/>
  <testcase name="testDoubleColMultiplyDoubleScalarCheckedRetFloat" classname="org.apache.hadoop.hive.ql.exec.vector.expressions.gen.TestColumnScalarOperationVectorExpressionCheckedEvaluation" time="0"/>
  <testcase name="testDoubleScalarAddLongColumnOutNullsColRepeatsRetDouble" classname="org.apache.hadoop.hive.ql.exec.vector.expressions.gen.TestColumnScalarOperationVectorExpressionCheckedEvaluation" time="0"/>
  <testcase name="testDoubleScalarMultiplyDoubleColumnOutNullsRepeatsRetFloat" classname="org.apache.hadoop.hive.ql.exec.vector.expressions.gen.TestColumnScalarOperationVectorExpressionCheckedEvaluation" time="0"/>
  <testcase name="testDoubleColAddLongScalarCheckedOutNullsColRepeatsRetFloat" classname="org.apache.hadoop.hive.ql.exec.vector.expressions.gen.TestColumnScalarOperationVectorExpressionCheckedEvaluation" time="0"/>
  <testcase name="testDoubleScalarSubtractLongColumnOutRepeatsColNullsRepeatsRetFloat" classname="org.apache.hadoop.hive.ql.exec.vector.expressions.gen.TestColumnScalarOperationVectorExpressionCheckedEvaluation" time="0"/>
  <testcase name="testLongColSubtractDoubleScalarCheckedOutNullsColRepeatsRetDouble" classname="org.apache.hadoop.hive.ql.exec.vector.expressions.gen.TestColumnScalarOperationVectorExpressionCheckedEvaluation" time="0"/>
  <testcase name="testDoubleColAddDoubleScalarCheckedRetFloat" classname="org.apache.hadoop.hive.ql.exec.vector.expressions.gen.TestColumnScalarOperationVectorExpressionCheckedEvaluation" time="0"/>
  <testcase name="testLongScalarSubtractLongColumnRetInt" classname="org.apache.hadoop.hive.ql.exec.vector.expressions.gen.TestColumnScalarOperationVectorExpressionCheckedEvaluation" time="0"/>
  <testcase name="testDoubleScalarMultiplyDoubleColumnRetDouble" classname="org.apache.hadoop.hive.ql.exec.vector.expressions.gen.TestColumnScalarOperationVectorExpressionCheckedEvaluation" time="0"/>
  <testcase name="testDoubleScalarAddLongColumnOutNullsRepeatsRetFloat" classname="org.apache.hadoop.hive.ql.exec.vector.expressions.gen.TestColumnScalarOperationVectorExpressionCheckedEvaluation" time="0"/>
  <testcase name="testDoubleScalarMultiplyDoubleColumnOutNullsColRepeatsRetFloat" classname="org.apache.hadoop.hive.ql.exec.vector.expressions.gen.TestColumnScalarOperationVectorExpressionCheckedEvaluation" time="0"/>
  <testcase name="testDoubleScalarDivideDoubleColumnRetDouble" classname="org.apache.hadoop.hive.ql.exec.vector.expressions.gen.TestColumnScalarOperationVectorExpressionCheckedEvaluation" time="0"/>
  <testcase name="testLongColAddDoubleScalarCheckedOutNullsRepeatsRetDouble" classname="org.apache.hadoop.hive.ql.exec.vector.expressions.gen.TestColumnScalarOperationVectorExpressionCheckedEvaluation" time="0"/>
  <testcase name="testDoubleColSubtractDoubleScalarCheckedRetFloat" classname="org.apache.hadoop.hive.ql.exec.vector.expressions.gen.TestColumnScalarOperationVectorExpressionCheckedEvaluation" time="0.001"/>
  <testcase name="testDoubleScalarMultiplyLongColumnOutNullsRepeatsRetDouble" classname="org.apache.hadoop.hive.ql.exec.vector.expressions.gen.TestColumnScalarOperationVectorExpressionCheckedEvaluation" time="0"/>
  <testcase name="testLongScalarAddLongColumnOutNullsRepeatsRetInt" classname="org.apache.hadoop.hive.ql.exec.vector.expressions.gen.TestColumnScalarOperationVectorExpressionCheckedEvaluation" time="0"/>
  <testcase name="testLongScalarSubtractDoubleColumnOutRepeatsColNullsRepeatsRetFloat" classname="org.apache.hadoop.hive.ql.exec.vector.expressions.gen.TestColumnScalarOperationVectorExpressionCheckedEvaluation" time="0"/>
  <testcase name="testLongColMultiplyLongScalarCheckedOutNullsRepeatsRetBigInt" classname="org.apache.hadoop.hive.ql.exec.vector.expressions.gen.TestColumnScalarOperationVectorExpressionCheckedEvaluation" time="0.001"/>
  <testcase name="testLongScalarMultiplyLongColumnOutNullsRepeatsRetInt" classname="org.apache.hadoop.hive.ql.exec.vector.expressions.gen.TestColumnScalarOperationVectorExpressionCheckedEvaluation" time="0"/>
  <testcase name="testDoubleScalarAddDoubleColumnOutNullsColRepeatsRetFloat" classname="org.apache.hadoop.hive.ql.exec.vector.expressions.gen.TestColumnScalarOperationVectorExpressionCheckedEvaluation" time="0"/>
  <testcase name="testDoubleScalarModuloLongColumnOutRepeatsColNullsRepeatsRetDouble" classname="org.apache.hadoop.hive.ql.exec.vector.expressions.gen.TestColumnScalarOperationVectorExpressionCheckedEvaluation" time="0"/>
  <testcase name="testDoubleColMultiplyLongScalarCheckedOutNullsColRepeatsRetDouble" classname="org.apache.hadoop.hive.ql.exec.vector.expressions.gen.TestColumnScalarOperationVectorExpressionCheckedEvaluation" time="0.001"/>
  <testcase name="testDoubleScalarSubtractLongColumnOutRepeatsColNullsRepeatsRetDouble" classname="org.apache.hadoop.hive.ql.exec.vector.expressions.gen.TestColumnScalarOperationVectorExpressionCheckedEvaluation" time="0"/>
  <testcase name="testDoubleScalarModuloDoubleColumnOutNullsColNullsRetDouble" classname="org.apache.hadoop.hive.ql.exec.vector.expressions.gen.TestColumnScalarOperationVectorExpressionCheckedEvaluation" time="0"/>
  <testcase name="testLongColSubtractLongScalarCheckedRetBigInt" classname="org.apache.hadoop.hive.ql.exec.vector.expressions.gen.TestColumnScalarOperationVectorExpressionCheckedEvaluation" time="0"/>
  <testcase name="testDoubleScalarDivideLongColumnOutNullsRepeatsRetFloat" classname="org.apache.hadoop.hive.ql.exec.vector.expressions.gen.TestColumnScalarOperationVectorExpressionCheckedEvaluation" time="0.001"/>
  <testcase name="testLongColMultiplyLongScalarCheckedOutRepeatsColNullsRepeatsRetSmallInt" classname="org.apache.hadoop.hive.ql.exec.vector.expressions.gen.TestColumnScalarOperationVectorExpressionCheckedEvaluation" time="0"/>
  <testcase name="testLongScalarSubtractLongColumnOutRepeatsColNullsRepeatsRetTinyInt" classname="org.apache.hadoop.hive.ql.exec.vector.expressions.gen.TestColumnScalarOperationVectorExpressionCheckedEvaluation" time="0"/>
  <testcase name="testLongColAddDoubleScalarCheckedOutNullsColRepeatsRetDouble" classname="org.apache.hadoop.hive.ql.exec.vector.expressions.gen.TestColumnScalarOperationVectorExpressionCheckedEvaluation" time="0"/>
  <testcase name="testLongColSubtractLongScalarCheckedOutRepeatsColNullsRepeatsRetSmallInt" classname="org.apache.hadoop.hive.ql.exec.vector.expressions.gen.TestColumnScalarOperationVectorExpressionCheckedEvaluation" time="0"/>
  <testcase name="testLongColAddDoubleScalarCheckedOutNullsRepeatsRetFloat" classname="org.apache.hadoop.hive.ql.exec.vector.expressions.gen.TestColumnScalarOperationVectorExpressionCheckedEvaluation" time="0.001"/>
  <testcase name="testDoubleScalarModuloDoubleColumnOutNullsColNullsRetFloat" classname="org.apache.hadoop.hive.ql.exec.vector.expressions.gen.TestColumnScalarOperationVectorExpressionCheckedEvaluation" time="0"/>
  <testcase name="testDoubleScalarDivideLongColumnRetDouble" classname="org.apache.hadoop.hive.ql.exec.vector.expressions.gen.TestColumnScalarOperationVectorExpressionCheckedEvaluation" time="0"/>
  <testcase name="testLongColMultiplyDoubleScalarCheckedOutNullsRepeatsRetDouble" classname="org.apache.hadoop.hive.ql.exec.vector.expressions.gen.TestColumnScalarOperationVectorExpressionCheckedEvaluation" time="0"/>
  <testcase name="testDoubleScalarSubtractLongColumnOutNullsColRepeatsRetFloat" classname="org.apache.hadoop.hive.ql.exec.vector.expressions.gen.TestColumnScalarOperationVectorExpressionCheckedEvaluation" time="0.001"/>
  <testcase name="testDoubleScalarModuloLongColumnOutNullsRepeatsRetFloat" classname="org.apache.hadoop.hive.ql.exec.vector.expressions.gen.TestColumnScalarOperationVectorExpressionCheckedEvaluation" time="0"/>
  <testcase name="testLongScalarAddLongColumnOutNullsColNullsRetBigInt" classname="org.apache.hadoop.hive.ql.exec.vector.expressions.gen.TestColumnScalarOperationVectorExpressionCheckedEvaluation" time="0"/>
  <testcase name="testIntervalYearMonthScalarSubtractIntervalYearMonthColumnOutNullsColNullsRetDouble" classname="org.apache.hadoop.hive.ql.exec.vector.expressions.gen.TestColumnScalarOperationVectorExpressionCheckedEvaluation" time="0"/>
  <testcase name="testLongScalarMultiplyLongColumnOutRepeatsColNullsRepeatsRetSmallInt" classname="org.apache.hadoop.hive.ql.exec.vector.expressions.gen.TestColumnScalarOperationVectorExpressionCheckedEvaluation" time="0.001"/>
  <testcase name="testDoubleColAddLongScalarCheckedRetDouble" classname="org.apache.hadoop.hive.ql.exec.vector.expressions.gen.TestColumnScalarOperationVectorExpressionCheckedEvaluation" time="0"/>
  <testcase name="testDoubleColModuloLongScalarCheckedOutNullsRepeatsRetFloat" classname="org.apache.hadoop.hive.ql.exec.vector.expressions.gen.TestColumnScalarOperationVectorExpressionCheckedEvaluation" time="0"/>
  <testcase name="testLongScalarMultiplyLongColumnOutNullsColRepeatsRetTinyInt" classname="org.apache.hadoop.hive.ql.exec.vector.expressions.gen.TestColumnScalarOperationVectorExpressionCheckedEvaluation" time="0"/>
  <testcase name="testDoubleScalarAddDoubleColumnOutNullsColRepeatsRetDouble" classname="org.apache.hadoop.hive.ql.exec.vector.expressions.gen.TestColumnScalarOperationVectorExpressionCheckedEvaluation" time="0"/>
  <testcase name="testDoubleScalarAddDoubleColumnOutNullsRepeatsRetFloat" classname="org.apache.hadoop.hive.ql.exec.vector.expressions.gen.TestColumnScalarOperationVectorExpressionCheckedEvaluation" time="0"/>
  <testcase name="testIntervalYearMonthScalarAddIntervalYearMonthColumnOutNullsRepeatsRetDouble" classname="org.apache.hadoop.hive.ql.exec.vector.expressions.gen.TestColumnScalarOperationVectorExpressionCheckedEvaluation" time="0"/>
  <testcase name="testLongColSubtractDoubleScalarCheckedOutNullsColNullsRetDouble" classname="org.apache.hadoop.hive.ql.exec.vector.expressions.gen.TestColumnScalarOperationVectorExpressionCheckedEvaluation" time="0"/>
  <testcase name="testLongScalarSubtractLongColumnOutRepeatsColNullsRepeatsRetSmallInt" classname="org.apache.hadoop.hive.ql.exec.vector.expressions.gen.TestColumnScalarOperationVectorExpressionCheckedEvaluation" time="0"/>
  <testcase name="testDoubleColAddDoubleScalarCheckedRetDouble" classname="org.apache.hadoop.hive.ql.exec.vector.expressions.gen.TestColumnScalarOperationVectorExpressionCheckedEvaluation" time="0"/>
  <testcase name="testDoubleScalarDivideLongColumnRetFloat" classname="org.apache.hadoop.hive.ql.exec.vector.expressions.gen.TestColumnScalarOperationVectorExpressionCheckedEvaluation" time="0"/>
  <testcase name="testDoubleScalarModuloLongColumnRetFloat" classname="org.apache.hadoop.hive.ql.exec.vector.expressions.gen.TestColumnScalarOperationVectorExpressionCheckedEvaluation" time="0"/>
  <testcase name="testLongScalarAddDoubleColumnOutNullsRepeatsRetDouble" classname="org.apache.hadoop.hive.ql.exec.vector.expressions.gen.TestColumnScalarOperationVectorExpressionCheckedEvaluation" time="0"/>
  <testcase name="testDoubleColAddDoubleScalarCheckedOutNullsColNullsRetFloat" classname="org.apache.hadoop.hive.ql.exec.vector.expressions.gen.TestColumnScalarOperationVectorExpressionCheckedEvaluation" time="0"/>
  <testcase name="testLongScalarModuloDoubleColumnOutNullsRepeatsRetFloat" classname="org.apache.hadoop.hive.ql.exec.vector.expressions.gen.TestColumnScalarOperationVectorExpressionCheckedEvaluation" time="0.001"/>
  <testcase name="testLongScalarModuloDoubleColumnOutRepeatsColNullsRepeatsRetFloat" classname="org.apache.hadoop.hive.ql.exec.vector.expressions.gen.TestColumnScalarOperationVectorExpressionCheckedEvaluation" time="0"/>
  <testcase name="testDoubleScalarSubtractLongColumnOutNullsColRepeatsRetDouble" classname="org.apache.hadoop.hive.ql.exec.vector.expressions.gen.TestColumnScalarOperationVectorExpressionCheckedEvaluation" time="0"/>
  <testcase name="testLongColAddLongScalarCheckedRetBigInt" classname="org.apache.hadoop.hive.ql.exec.vector.expressions.gen.TestColumnScalarOperationVectorExpressionCheckedEvaluation" time="0"/>
  <testcase name="testLongScalarAddDoubleColumnRetDouble" classname="org.apache.hadoop.hive.ql.exec.vector.expressions.gen.TestColumnScalarOperationVectorExpressionCheckedEvaluation" time="0"/>
  <testcase name="testLongColAddLongScalarCheckedOutNullsRepeatsRetInt" classname="org.apache.hadoop.hive.ql.exec.vector.expressions.gen.TestColumnScalarOperationVectorExpressionCheckedEvaluation" time="0"/>
  <testcase name="testLongColSubtractDoubleScalarCheckedOutNullsRepeatsRetFloat" classname="org.apache.hadoop.hive.ql.exec.vector.expressions.gen.TestColumnScalarOperationVectorExpressionCheckedEvaluation" time="0"/>
  <testcase name="testLongScalarMultiplyDoubleColumnOutNullsRepeatsRetFloat" classname="org.apache.hadoop.hive.ql.exec.vector.expressions.gen.TestColumnScalarOperationVectorExpressionCheckedEvaluation" time="0"/>
  <testcase name="testLongColSubtractLongScalarCheckedOutNullsColNullsRetTinyInt" classname="org.apache.hadoop.hive.ql.exec.vector.expressions.gen.TestColumnScalarOperationVectorExpressionCheckedEvaluation" time="0.001"/>
  <testcase name="testLongColModuloLongScalarCheckedRetTinyInt" classname="org.apache.hadoop.hive.ql.exec.vector.expressions.gen.TestColumnScalarOperationVectorExpressionCheckedEvaluation" time="0"/>
  <testcase name="testDoubleColSubtractLongScalarCheckedOutNullsRepeatsRetDouble" classname="org.apache.hadoop.hive.ql.exec.vector.expressions.gen.TestColumnScalarOperationVectorExpressionCheckedEvaluation" time="0"/>
  <testcase name="testLongScalarSubtractLongColumnOutNullsColRepeatsRetBigInt" classname="org.apache.hadoop.hive.ql.exec.vector.expressions.gen.TestColumnScalarOperationVectorExpressionCheckedEvaluation" time="0"/>
  <testcase name="testLongScalarMultiplyDoubleColumnOutNullsColRepeatsRetFloat" classname="org.apache.hadoop.hive.ql.exec.vector.expressions.gen.TestColumnScalarOperationVectorExpressionCheckedEvaluation" time="0"/>
  <testcase name="testDoubleColSubtractLongScalarCheckedOutRepeatsColNullsRepeatsRetFloat" classname="org.apache.hadoop.hive.ql.exec.vector.expressions.gen.TestColumnScalarOperationVectorExpressionCheckedEvaluation" time="0"/>
  <testcase name="testDoubleColMultiplyLongScalarCheckedOutNullsColNullsRetFloat" classname="org.apache.hadoop.hive.ql.exec.vector.expressions.gen.TestColumnScalarOperationVectorExpressionCheckedEvaluation" time="0"/>
  <testcase name="testLongScalarMultiplyDoubleColumnOutNullsColRepeatsRetDouble" classname="org.apache.hadoop.hive.ql.exec.vector.expressions.gen.TestColumnScalarOperationVectorExpressionCheckedEvaluation" time="0.001"/>
  <testcase name="testLongColModuloLongScalarCheckedOutNullsColRepeatsRetTinyInt" classname="org.apache.hadoop.hive.ql.exec.vector.expressions.gen.TestColumnScalarOperationVectorExpressionCheckedEvaluation" time="0"/>
  <testcase name="testLongColModuloLongScalarCheckedOutRepeatsColNullsRepeatsRetInt" classname="org.apache.hadoop.hive.ql.exec.vector.expressions.gen.TestColumnScalarOperationVectorExpressionCheckedEvaluation" time="0"/>
  <testcase name="testDoubleScalarModuloLongColumnRetDouble" classname="org.apache.hadoop.hive.ql.exec.vector.expressions.gen.TestColumnScalarOperationVectorExpressionCheckedEvaluation" time="0"/>
  <testcase name="testLongScalarAddLongColumnRetInt" classname="org.apache.hadoop.hive.ql.exec.vector.expressions.gen.TestColumnScalarOperationVectorExpressionCheckedEvaluation" time="0"/>
  <testcase name="testLongColAddDoubleScalarCheckedRetDouble" classname="org.apache.hadoop.hive.ql.exec.vector.expressions.gen.TestColumnScalarOperationVectorExpressionCheckedEvaluation" time="0"/>
  <testcase name="testDoubleScalarMultiplyDoubleColumnOutNullsColNullsRetDouble" classname="org.apache.hadoop.hive.ql.exec.vector.expressions.gen.TestColumnScalarOperationVectorExpressionCheckedEvaluation" time="0"/>
  <testcase name="testDoubleScalarModuloDoubleColumnRetDouble" classname="org.apache.hadoop.hive.ql.exec.vector.expressions.gen.TestColumnScalarOperationVectorExpressionCheckedEvaluation" time="0.001"/>
  <testcase name="testDoubleScalarModuloLongColumnOutNullsRepeatsRetDouble" classname="org.apache.hadoop.hive.ql.exec.vector.expressions.gen.TestColumnScalarOperationVectorExpressionCheckedEvaluation" time="0"/>
  <testcase name="testDoubleScalarModuloDoubleColumnRetFloat" classname="org.apache.hadoop.hive.ql.exec.vector.expressions.gen.TestColumnScalarOperationVectorExpressionCheckedEvaluation" time="0"/>
  <testcase name="testDoubleColMultiplyLongScalarCheckedOutRepeatsColNullsRepeatsRetFloat" classname="org.apache.hadoop.hive.ql.exec.vector.expressions.gen.TestColumnScalarOperationVectorExpressionCheckedEvaluation" time="0"/>
  <testcase name="testLongScalarSubtractLongColumnOutRepeatsColNullsRepeatsRetBigInt" classname="org.apache.hadoop.hive.ql.exec.vector.expressions.gen.TestColumnScalarOperationVectorExpressionCheckedEvaluation" time="0"/>
  <testcase name="testIntervalYearMonthScalarSubtractIntervalYearMonthColumnRetFloat" classname="org.apache.hadoop.hive.ql.exec.vector.expressions.gen.TestColumnScalarOperationVectorExpressionCheckedEvaluation" time="0"/>
  <testcase name="testDoubleScalarMultiplyDoubleColumnOutRepeatsColNullsRepeatsRetFloat" classname="org.apache.hadoop.hive.ql.exec.vector.expressions.gen.TestColumnScalarOperationVectorExpressionCheckedEvaluation" time="0"/>
  <testcase name="testLongScalarModuloDoubleColumnOutNullsColNullsRetDouble" classname="org.apache.hadoop.hive.ql.exec.vector.expressions.gen.TestColumnScalarOperationVectorExpressionCheckedEvaluation" time="0"/>
  <testcase name="testLongColModuloLongScalarCheckedOutNullsRepeatsRetInt" classname="org.apache.hadoop.hive.ql.exec.vector.expressions.gen.TestColumnScalarOperationVectorExpressionCheckedEvaluation" time="0.001"/>
  <testcase name="testLongColMultiplyLongScalarCheckedOutNullsColNullsRetBigInt" classname="org.apache.hadoop.hive.ql.exec.vector.expressions.gen.TestColumnScalarOperationVectorExpressionCheckedEvaluation" time="0"/>
  <testcase name="testDoubleScalarDivideDoubleColumnOutNullsRepeatsRetDouble" classname="org.apache.hadoop.hive.ql.exec.vector.expressions.gen.TestColumnScalarOperationVectorExpressionCheckedEvaluation" time="0"/>
  <testcase name="testLongColAddDoubleScalarCheckedOutNullsColNullsRetDouble" classname="org.apache.hadoop.hive.ql.exec.vector.expressions.gen.TestColumnScalarOperationVectorExpressionCheckedEvaluation" time="0"/>
  <testcase name="testLongColModuloDoubleScalarCheckedOutNullsColRepeatsRetFloat" classname="org.apache.hadoop.hive.ql.exec.vector.expressions.gen.TestColumnScalarOperationVectorExpressionCheckedEvaluation" time="0"/>
  <testcase name="testDoubleScalarAddLongColumnRetFloat" classname="org.apache.hadoop.hive.ql.exec.vector.expressions.gen.TestColumnScalarOperationVectorExpressionCheckedEvaluation" time="0"/>
  <testcase name="testDoubleScalarSubtractLongColumnOutNullsColNullsRetFloat" classname="org.apache.hadoop.hive.ql.exec.vector.expressions.gen.TestColumnScalarOperationVectorExpressionCheckedEvaluation" time="0"/>
  <testcase name="testDoubleScalarAddLongColumnOutNullsRepeatsRetDouble" classname="org.apache.hadoop.hive.ql.exec.vector.expressions.gen.TestColumnScalarOperationVectorExpressionCheckedEvaluation" time="0"/>
  <testcase name="testDoubleColSubtractLongScalarCheckedOutNullsRepeatsRetFloat" classname="org.apache.hadoop.hive.ql.exec.vector.expressions.gen.TestColumnScalarOperationVectorExpressionCheckedEvaluation" time="0"/>
  <testcase name="testLongScalarMultiplyDoubleColumnOutNullsColNullsRetDouble" classname="org.apache.hadoop.hive.ql.exec.vector.expressions.gen.TestColumnScalarOperationVectorExpressionCheckedEvaluation" time="0"/>
  <testcase name="testLongColMultiplyLongScalarCheckedOutNullsColRepeatsRetInt" classname="org.apache.hadoop.hive.ql.exec.vector.expressions.gen.TestColumnScalarOperationVectorExpressionCheckedEvaluation" time="0"/>
  <testcase name="testDoubleColSubtractDoubleScalarCheckedOutNullsRepeatsRetFloat" classname="org.apache.hadoop.hive.ql.exec.vector.expressions.gen.TestColumnScalarOperationVectorExpressionCheckedEvaluation" time="0.001"/>
  <testcase name="testLongScalarSubtractDoubleColumnRetDouble" classname="org.apache.hadoop.hive.ql.exec.vector.expressions.gen.TestColumnScalarOperationVectorExpressionCheckedEvaluation" time="0"/>
  <testcase name="testLongColAddLongScalarCheckedOutNullsRepeatsRetTinyInt" classname="org.apache.hadoop.hive.ql.exec.vector.expressions.gen.TestColumnScalarOperationVectorExpressionCheckedEvaluation" time="0"/>
  <testcase name="testDoubleColSubtractLongScalarCheckedOutRepeatsColNullsRepeatsRetDouble" classname="org.apache.hadoop.hive.ql.exec.vector.expressions.gen.TestColumnScalarOperationVectorExpressionCheckedEvaluation" time="0"/>
  <testcase name="testLongScalarModuloDoubleColumnRetFloat" classname="org.apache.hadoop.hive.ql.exec.vector.expressions.gen.TestColumnScalarOperationVectorExpressionCheckedEvaluation" time="0"/>
  <testcase name="testLongColModuloLongScalarCheckedOutNullsRepeatsRetSmallInt" classname="org.apache.hadoop.hive.ql.exec.vector.expressions.gen.TestColumnScalarOperationVectorExpressionCheckedEvaluation" time="0"/>
  <testcase name="testLongColSubtractLongScalarCheckedOutNullsColNullsRetSmallInt" classname="org.apache.hadoop.hive.ql.exec.vector.expressions.gen.TestColumnScalarOperationVectorExpressionCheckedEvaluation" time="0.001"/>
  <testcase name="testDoubleColMultiplyLongScalarCheckedOutRepeatsColNullsRepeatsRetDouble" classname="org.apache.hadoop.hive.ql.exec.vector.expressions.gen.TestColumnScalarOperationVectorExpressionCheckedEvaluation" time="0"/>
  <testcase name="testDoubleScalarMultiplyDoubleColumnOutNullsColRepeatsRetDouble" classname="org.apache.hadoop.hive.ql.exec.vector.expressions.gen.TestColumnScalarOperationVectorExpressionCheckedEvaluation" time="0"/>
  <testcase name="testLongScalarMultiplyLongColumnOutNullsColNullsRetSmallInt" classname="org.apache.hadoop.hive.ql.exec.vector.expressions.gen.TestColumnScalarOperationVectorExpressionCheckedEvaluation" time="0"/>
  <testcase name="testLongColAddDoubleScalarCheckedOutNullsColNullsRetFloat" classname="org.apache.hadoop.hive.ql.exec.vector.expressions.gen.TestColumnScalarOperationVectorExpressionCheckedEvaluation" time="0"/>
  <testcase name="testLongColAddLongScalarCheckedRetTinyInt" classname="org.apache.hadoop.hive.ql.exec.vector.expressions.gen.TestColumnScalarOperationVectorExpressionCheckedEvaluation" time="0"/>
  <testcase name="testDoubleColAddDoubleScalarCheckedOutRepeatsColNullsRepeatsRetFloat" classname="org.apache.hadoop.hive.ql.exec.vector.expressions.gen.TestColumnScalarOperationVectorExpressionCheckedEvaluation" time="0.001"/>
  <testcase name="testDoubleScalarAddDoubleColumnOutRepeatsColNullsRepeatsRetFloat" classname="org.apache.hadoop.hive.ql.exec.vector.expressions.gen.TestColumnScalarOperationVectorExpressionCheckedEvaluation" time="0"/>
  <testcase name="testIntervalYearMonthScalarSubtractIntervalYearMonthColumnOutNullsRepeatsRetFloat" classname="org.apache.hadoop.hive.ql.exec.vector.expressions.gen.TestColumnScalarOperationVectorExpressionCheckedEvaluation" time="0"/>
  <testcase name="testLongColSubtractLongScalarCheckedOutNullsRepeatsRetBigInt" classname="org.apache.hadoop.hive.ql.exec.vector.expressions.gen.TestColumnScalarOperationVectorExpressionCheckedEvaluation" time="0"/>
  <testcase name="testLongScalarMultiplyLongColumnOutNullsRepeatsRetTinyInt" classname="org.apache.hadoop.hive.ql.exec.vector.expressions.gen.TestColumnScalarOperationVectorExpressionCheckedEvaluation" time="0"/>
  <testcase name="testDoubleScalarMultiplyLongColumnOutNullsColNullsRetFloat" classname="org.apache.hadoop.hive.ql.exec.vector.expressions.gen.TestColumnScalarOperationVectorExpressionCheckedEvaluation" time="0"/>
  <testcase name="testIntervalYearMonthScalarSubtractIntervalYearMonthColumnOutNullsColRepeatsRetFloat" classname="org.apache.hadoop.hive.ql.exec.vector.expressions.gen.TestColumnScalarOperationVectorExpressionCheckedEvaluation" time="0"/>
  <testcase name="testDoubleColAddDoubleScalarCheckedOutNullsColNullsRetDouble" classname="org.apache.hadoop.hive.ql.exec.vector.expressions.gen.TestColumnScalarOperationVectorExpressionCheckedEvaluation" time="0"/>
  <testcase name="testDoubleScalarModuloDoubleColumnOutNullsRepeatsRetFloat" classname="org.apache.hadoop.hive.ql.exec.vector.expressions.gen.TestColumnScalarOperationVectorExpressionCheckedEvaluation" time="0.001"/>
  <testcase name="testDoubleColAddLongScalarCheckedOutNullsColNullsRetDouble" classname="org.apache.hadoop.hive.ql.exec.vector.expressions.gen.TestColumnScalarOperationVectorExpressionCheckedEvaluation" time="0"/>
  <testcase name="testLongScalarAddLongColumnOutNullsColRepeatsRetSmallInt" classname="org.apache.hadoop.hive.ql.exec.vector.expressions.gen.TestColumnScalarOperationVectorExpressionCheckedEvaluation" time="0"/>
  <testcase name="testLongColSubtractLongScalarCheckedOutNullsRepeatsRetTinyInt" classname="org.apache.hadoop.hive.ql.exec.vector.expressions.gen.TestColumnScalarOperationVectorExpressionCheckedEvaluation" time="0"/>
  <testcase name="testLongColMultiplyDoubleScalarCheckedRetDouble" classname="org.apache.hadoop.hive.ql.exec.vector.expressions.gen.TestColumnScalarOperationVectorExpressionCheckedEvaluation" time="0"/>
  <testcase name="testDoubleScalarDivideLongColumnOutRepeatsColNullsRepeatsRetFloat" classname="org.apache.hadoop.hive.ql.exec.vector.expressions.gen.TestColumnScalarOperationVectorExpressionCheckedEvaluation" time="0"/>
  <testcase name="testDoubleColSubtractDoubleScalarCheckedOutNullsColRepeatsRetFloat" classname="org.apache.hadoop.hive.ql.exec.vector.expressions.gen.TestColumnScalarOperationVectorExpressionCheckedEvaluation" time="0"/>
  <testcase name="testDoubleColMultiplyDoubleScalarCheckedOutNullsColRepeatsRetDouble" classname="org.apache.hadoop.hive.ql.exec.vector.expressions.gen.TestColumnScalarOperationVectorExpressionCheckedEvaluation" time="0.001"/>
  <testcase name="testLongScalarModuloDoubleColumnOutNullsRepeatsRetDouble" classname="org.apache.hadoop.hive.ql.exec.vector.expressions.gen.TestColumnScalarOperationVectorExpressionCheckedEvaluation" time="0"/>
  <testcase name="testDoubleScalarDivideLongColumnOutRepeatsColNullsRepeatsRetDouble" classname="org.apache.hadoop.hive.ql.exec.vector.expressions.gen.TestColumnScalarOperationVectorExpressionCheckedEvaluation" time="0"/>
  <testcase name="testDoubleScalarSubtractDoubleColumnOutNullsRepeatsRetFloat" classname="org.apache.hadoop.hive.ql.exec.vector.expressions.gen.TestColumnScalarOperationVectorExpressionCheckedEvaluation" time="0"/>
  <testcase name="testLongColMultiplyLongScalarCheckedOutNullsColRepeatsRetTinyInt" classname="org.apache.hadoop.hive.ql.exec.vector.expressions.gen.TestColumnScalarOperationVectorExpressionCheckedEvaluation" time="0"/>
  <testcase name="testLongColAddLongScalarCheckedOutRepeatsColNullsRepeatsRetInt" classname="org.apache.hadoop.hive.ql.exec.vector.expressions.gen.TestColumnScalarOperationVectorExpressionCheckedEvaluation" time="0"/>
  <testcase name="testLongColMultiplyLongScalarCheckedRetInt" classname="org.apache.hadoop.hive.ql.exec.vector.expressions.gen.TestColumnScalarOperationVectorExpressionCheckedEvaluation" time="0"/>
  <testcase name="testDoubleScalarDivideLongColumnOutNullsColNullsRetDouble" classname="org.apache.hadoop.hive.ql.exec.vector.expressions.gen.TestColumnScalarOperationVectorExpressionCheckedEvaluation" time="0"/>
  <testcase name="testDoubleColMultiplyLongScalarCheckedOutNullsColNullsRetDouble" classname="org.apache.hadoop.hive.ql.exec.vector.expressions.gen.TestColumnScalarOperationVectorExpressionCheckedEvaluation" time="0"/>
  <testcase name="testLongColMultiplyDoubleScalarCheckedOutNullsColNullsRetFloat" classname="org.apache.hadoop.hive.ql.exec.vector.expressions.gen.TestColumnScalarOperationVectorExpressionCheckedEvaluation" time="0"/>
  <testcase name="testDoubleScalarModuloDoubleColumnOutRepeatsColNullsRepeatsRetDouble" classname="org.apache.hadoop.hive.ql.exec.vector.expressions.gen.TestColumnScalarOperationVectorExpressionCheckedEvaluation" time="0"/>
  <testcase name="testDoubleColSubtractLongScalarCheckedOutNullsColRepeatsRetDouble" classname="org.apache.hadoop.hive.ql.exec.vector.expressions.gen.TestColumnScalarOperationVectorExpressionCheckedEvaluation" time="0"/>
  <testcase name="testDoubleColSubtractDoubleScalarCheckedOutNullsColRepeatsRetDouble" classname="org.apache.hadoop.hive.ql.exec.vector.expressions.gen.TestColumnScalarOperationVectorExpressionCheckedEvaluation" time="0"/>
  <testcase name="testDoubleColSubtractDoubleScalarCheckedOutNullsRepeatsRetDouble" classname="org.apache.hadoop.hive.ql.exec.vector.expressions.gen.TestColumnScalarOperationVectorExpressionCheckedEvaluation" time="0"/>
  <testcase name="testDoubleColModuloDoubleScalarCheckedOutNullsRepeatsRetFloat" classname="org.apache.hadoop.hive.ql.exec.vector.expressions.gen.TestColumnScalarOperationVectorExpressionCheckedEvaluation" time="0"/>
  <testcase name="testLongColModuloLongScalarCheckedOutNullsColRepeatsRetBigInt" classname="org.apache.hadoop.hive.ql.exec.vector.expressions.gen.TestColumnScalarOperationVectorExpressionCheckedEvaluation" time="0.001"/>
  <testcase name="testIntervalYearMonthScalarAddIntervalYearMonthColumnOutNullsColNullsRetFloat" classname="org.apache.hadoop.hive.ql.exec.vector.expressions.gen.TestColumnScalarOperationVectorExpressionCheckedEvaluation" time="0"/>
  <testcase name="testDoubleScalarMultiplyLongColumnOutNullsColRepeatsRetFloat" classname="org.apache.hadoop.hive.ql.exec.vector.expressions.gen.TestColumnScalarOperationVectorExpressionCheckedEvaluation" time="0"/>
  <testcase name="testLongColMultiplyLongScalarCheckedOutRepeatsColNullsRepeatsRetTinyInt" classname="org.apache.hadoop.hive.ql.exec.vector.expressions.gen.TestColumnScalarOperationVectorExpressionCheckedEvaluation" time="0"/>
  <testcase name="testIntervalYearMonthScalarSubtractIntervalYearMonthColumnOutRepeatsColNullsRepeatsRetFloat" classname="org.apache.hadoop.hive.ql.exec.vector.expressions.gen.TestColumnScalarOperationVectorExpressionCheckedEvaluation" time="0"/>
  <testcase name="testLongScalarAddLongColumnOutNullsRepeatsRetSmallInt" classname="org.apache.hadoop.hive.ql.exec.vector.expressions.gen.TestColumnScalarOperationVectorExpressionCheckedEvaluation" time="0"/>
  <testcase name="testLongColAddLongScalarCheckedOutNullsColNullsRetSmallInt" classname="org.apache.hadoop.hive.ql.exec.vector.expressions.gen.TestColumnScalarOperationVectorExpressionCheckedEvaluation" time="0.001"/>
  <testcase name="testLongColModuloLongScalarCheckedRetSmallInt" classname="org.apache.hadoop.hive.ql.exec.vector.expressions.gen.TestColumnScalarOperationVectorExpressionCheckedEvaluation" time="0"/>
  <testcase name="testLongScalarAddDoubleColumnOutNullsColNullsRetFloat" classname="org.apache.hadoop.hive.ql.exec.vector.expressions.gen.TestColumnScalarOperationVectorExpressionCheckedEvaluation" time="0"/>
  <testcase name="testDoubleScalarSubtractLongColumnOutNullsRepeatsRetFloat" classname="org.apache.hadoop.hive.ql.exec.vector.expressions.gen.TestColumnScalarOperationVectorExpressionCheckedEvaluation" time="0"/>
  <testcase name="testLongColMultiplyDoubleScalarCheckedOutNullsColRepeatsRetFloat" classname="org.apache.hadoop.hive.ql.exec.vector.expressions.gen.TestColumnScalarOperationVectorExpressionCheckedEvaluation" time="0"/>
  <testcase name="testDoubleScalarAddLongColumnOutNullsColRepeatsRetFloat" classname="org.apache.hadoop.hive.ql.exec.vector.expressions.gen.TestColumnScalarOperationVectorExpressionCheckedEvaluation" time="0.001"/>
  <testcase name="testLongScalarAddLongColumnOutNullsColRepeatsRetBigInt" classname="org.apache.hadoop.hive.ql.exec.vector.expressions.gen.TestColumnScalarOperationVectorExpressionCheckedEvaluation" time="0"/>
  <testcase name="testDoubleColModuloDoubleScalarCheckedOutNullsRepeatsRetDouble" classname="org.apache.hadoop.hive.ql.exec.vector.expressions.gen.TestColumnScalarOperationVectorExpressionCheckedEvaluation" time="0"/>
  <testcase name="testLongColSubtractDoubleScalarCheckedRetDouble" classname="org.apache.hadoop.hive.ql.exec.vector.expressions.gen.TestColumnScalarOperationVectorExpressionCheckedEvaluation" time="0"/>
  <testcase name="testLongColMultiplyLongScalarCheckedRetTinyInt" classname="org.apache.hadoop.hive.ql.exec.vector.expressions.gen.TestColumnScalarOperationVectorExpressionCheckedEvaluation" time="0"/>
  <testcase name="testLongScalarSubtractLongColumnOutNullsColNullsRetTinyInt" classname="org.apache.hadoop.hive.ql.exec.vector.expressions.gen.TestColumnScalarOperationVectorExpressionCheckedEvaluation" time="0"/>
  <testcase name="testLongColModuloDoubleScalarCheckedOutNullsRepeatsRetFloat" classname="org.apache.hadoop.hive.ql.exec.vector.expressions.gen.TestColumnScalarOperationVectorExpressionCheckedEvaluation" time="0"/>
  <testcase name="testLongColMultiplyLongScalarCheckedOutNullsColRepeatsRetBigInt" classname="org.apache.hadoop.hive.ql.exec.vector.expressions.gen.TestColumnScalarOperationVectorExpressionCheckedEvaluation" time="0"/>
  <testcase name="testIntervalYearMonthScalarAddIntervalYearMonthColumnRetFloat" classname="org.apache.hadoop.hive.ql.exec.vector.expressions.gen.TestColumnScalarOperationVectorExpressionCheckedEvaluation" time="0"/>
  <testcase name="testDoubleColSubtractLongScalarCheckedOutNullsColNullsRetFloat" classname="org.apache.hadoop.hive.ql.exec.vector.expressions.gen.TestColumnScalarOperationVectorExpressionCheckedEvaluation" time="0"/>
  <testcase name="testDoubleColModuloLongScalarCheckedOutRepeatsColNullsRepeatsRetFloat" classname="org.apache.hadoop.hive.ql.exec.vector.expressions.gen.TestColumnScalarOperationVectorExpressionCheckedEvaluation" time="0"/>
  <testcase name="testDoubleColSubtractDoubleScalarCheckedOutRepeatsColNullsRepeatsRetFloat" classname="org.apache.hadoop.hive.ql.exec.vector.expressions.gen.TestColumnScalarOperationVectorExpressionCheckedEvaluation" time="0"/>
  <testcase name="testLongColSubtractLongScalarCheckedRetTinyInt" classname="org.apache.hadoop.hive.ql.exec.vector.expressions.gen.TestColumnScalarOperationVectorExpressionCheckedEvaluation" time="0"/>
  <testcase name="testDoubleColModuloDoubleScalarCheckedOutRepeatsColNullsRepeatsRetDouble" classname="org.apache.hadoop.hive.ql.exec.vector.expressions.gen.TestColumnScalarOperationVectorExpressionCheckedEvaluation" time="0"/>
  <testcase name="testLongColSubtractLongScalarCheckedOutNullsColNullsRetInt" classname="org.apache.hadoop.hive.ql.exec.vector.expressions.gen.TestColumnScalarOperationVectorExpressionCheckedEvaluation" time="0"/>
  <testcase name="testLongColAddDoubleScalarCheckedOutRepeatsColNullsRepeatsRetFloat" classname="org.apache.hadoop.hive.ql.exec.vector.expressions.gen.TestColumnScalarOperationVectorExpressionCheckedEvaluation" time="0"/>
  <testcase name="testDoubleScalarSubtractDoubleColumnRetDouble" classname="org.apache.hadoop.hive.ql.exec.vector.expressions.gen.TestColumnScalarOperationVectorExpressionCheckedEvaluation" time="0"/>
  <testcase name="testLongScalarSubtractLongColumnOutNullsRepeatsRetBigInt" classname="org.apache.hadoop.hive.ql.exec.vector.expressions.gen.TestColumnScalarOperationVectorExpressionCheckedEvaluation" time="0"/>
  <testcase name="testDoubleScalarMultiplyLongColumnOutRepeatsColNullsRepeatsRetFloat" classname="org.apache.hadoop.hive.ql.exec.vector.expressions.gen.TestColumnScalarOperationVectorExpressionCheckedEvaluation" time="0"/>
  <testcase name="testLongColModuloDoubleScalarCheckedRetFloat" classname="org.apache.hadoop.hive.ql.exec.vector.expressions.gen.TestColumnScalarOperationVectorExpressionCheckedEvaluation" time="0"/>
  <testcase name="testDoubleScalarModuloLongColumnOutNullsColNullsRetFloat" classname="org.apache.hadoop.hive.ql.exec.vector.expressions.gen.TestColumnScalarOperationVectorExpressionCheckedEvaluation" time="0"/>
  <testcase name="testLongScalarModuloDoubleColumnOutNullsColRepeatsRetFloat" classname="org.apache.hadoop.hive.ql.exec.vector.expressions.gen.TestColumnScalarOperationVectorExpressionCheckedEvaluation" time="0"/>
  <testcase name="testIntervalYearMonthScalarSubtractIntervalYearMonthColumnRetDouble" classname="org.apache.hadoop.hive.ql.exec.vector.expressions.gen.TestColumnScalarOperationVectorExpressionCheckedEvaluation" time="0"/>
  <testcase name="testDoubleScalarMultiplyDoubleColumnOutRepeatsColNullsRepeatsRetDouble" classname="org.apache.hadoop.hive.ql.exec.vector.expressions.gen.TestColumnScalarOperationVectorExpressionCheckedEvaluation" time="0"/>
  <testcase name="testDoubleScalarModuloDoubleColumnOutRepeatsColNullsRepeatsRetFloat" classname="org.apache.hadoop.hive.ql.exec.vector.expressions.gen.TestColumnScalarOperationVectorExpressionCheckedEvaluation" time="0"/>
  <testcase name="testDoubleColSubtractLongScalarCheckedOutNullsColRepeatsRetFloat" classname="org.apache.hadoop.hive.ql.exec.vector.expressions.gen.TestColumnScalarOperationVectorExpressionCheckedEvaluation" time="0"/>
  <testcase name="testDoubleColAddDoubleScalarCheckedOutRepeatsColNullsRepeatsRetDouble" classname="org.apache.hadoop.hive.ql.exec.vector.expressions.gen.TestColumnScalarOperationVectorExpressionCheckedEvaluation" time="0"/>
  <testcase name="testDoubleScalarSubtractLongColumnRetDouble" classname="org.apache.hadoop.hive.ql.exec.vector.expressions.gen.TestColumnScalarOperationVectorExpressionCheckedEvaluation" time="0"/>
  <testcase name="testLongScalarSubtractDoubleColumnOutNullsRepeatsRetFloat" classname="org.apache.hadoop.hive.ql.exec.vector.expressions.gen.TestColumnScalarOperationVectorExpressionCheckedEvaluation" time="0.001"/>
  <testcase name="testDoubleScalarModuloLongColumnOutNullsColRepeatsRetFloat" classname="org.apache.hadoop.hive.ql.exec.vector.expressions.gen.TestColumnScalarOperationVectorExpressionCheckedEvaluation" time="0"/>
  <testcase name="testDoubleColModuloLongScalarCheckedOutNullsColRepeatsRetDouble" classname="org.apache.hadoop.hive.ql.exec.vector.expressions.gen.TestColumnScalarOperationVectorExpressionCheckedEvaluation" time="0"/>
  <testcase name="testDoubleScalarDivideDoubleColumnOutNullsColNullsRetFloat" classname="org.apache.hadoop.hive.ql.exec.vector.expressions.gen.TestColumnScalarOperationVectorExpressionCheckedEvaluation" time="0"/>
  <testcase name="testDoubleScalarAddLongColumnOutNullsColNullsRetFloat" classname="org.apache.hadoop.hive.ql.exec.vector.expressions.gen.TestColumnScalarOperationVectorExpressionCheckedEvaluation" time="0"/>
  <testcase name="testDoubleColMultiplyLongScalarCheckedRetFloat" classname="org.apache.hadoop.hive.ql.exec.vector.expressions.gen.TestColumnScalarOperationVectorExpressionCheckedEvaluation" time="0"/>
  <testcase name="testLongColSubtractLongScalarCheckedOutNullsColRepeatsRetInt" classname="org.apache.hadoop.hive.ql.exec.vector.expressions.gen.TestColumnScalarOperationVectorExpressionCheckedEvaluation" time="0"/>
  <testcase name="testDoubleScalarSubtractDoubleColumnOutRepeatsColNullsRepeatsRetDouble" classname="org.apache.hadoop.hive.ql.exec.vector.expressions.gen.TestColumnScalarOperationVectorExpressionCheckedEvaluation" time="0"/>
  <testcase name="testLongScalarDivideDoubleColumnOutRepeatsColNullsRepeatsRetFloat" classname="org.apache.hadoop.hive.ql.exec.vector.expressions.gen.TestColumnScalarOperationVectorExpressionCheckedEvaluation" time="0"/>
  <testcase name="testLongColAddLongScalarCheckedRetInt" classname="org.apache.hadoop.hive.ql.exec.vector.expressions.gen.TestColumnScalarOperationVectorExpressionCheckedEvaluation" time="0"/>
  <testcase name="testLongScalarModuloDoubleColumnOutRepeatsColNullsRepeatsRetDouble" classname="org.apache.hadoop.hive.ql.exec.vector.expressions.gen.TestColumnScalarOperationVectorExpressionCheckedEvaluation" time="0"/>
  <testcase name="testLongColModuloLongScalarCheckedRetBigInt" classname="org.apache.hadoop.hive.ql.exec.vector.expressions.gen.TestColumnScalarOperationVectorExpressionCheckedEvaluation" time="0"/>
  <testcase name="testDoubleColModuloLongScalarCheckedOutNullsColRepeatsRetFloat" classname="org.apache.hadoop.hive.ql.exec.vector.expressions.gen.TestColumnScalarOperationVectorExpressionCheckedEvaluation" time="0.001"/>
  <testcase name="testLongScalarMultiplyLongColumnOutNullsRepeatsRetBigInt" classname="org.apache.hadoop.hive.ql.exec.vector.expressions.gen.TestColumnScalarOperationVectorExpressionCheckedEvaluation" time="0"/>
  <testcase name="testLongScalarAddLongColumnRetTinyInt" classname="org.apache.hadoop.hive.ql.exec.vector.expressions.gen.TestColumnScalarOperationVectorExpressionCheckedEvaluation" time="0"/>
  <testcase name="testLongColModuloLongScalarCheckedOutNullsRepeatsRetBigInt" classname="org.apache.hadoop.hive.ql.exec.vector.expressions.gen.TestColumnScalarOperationVectorExpressionCheckedEvaluation" time="0"/>
  <testcase name="testDoubleScalarModuloDoubleColumnOutNullsColRepeatsRetFloat" classname="org.apache.hadoop.hive.ql.exec.vector.expressions.gen.TestColumnScalarOperationVectorExpressionCheckedEvaluation" time="0"/>
  <testcase name="testLongColAddLongScalarCheckedOutNullsColNullsRetTinyInt" classname="org.apache.hadoop.hive.ql.exec.vector.expressions.gen.TestColumnScalarOperationVectorExpressionCheckedEvaluation" time="0"/>
  <testcase name="testLongScalarSubtractDoubleColumnOutNullsRepeatsRetDouble" classname="org.apache.hadoop.hive.ql.exec.vector.expressions.gen.TestColumnScalarOperationVectorExpressionCheckedEvaluation" time="0"/>
  <testcase name="testLongColModuloDoubleScalarCheckedOutNullsRepeatsRetDouble" classname="org.apache.hadoop.hive.ql.exec.vector.expressions.gen.TestColumnScalarOperationVectorExpressionCheckedEvaluation" time="0"/>
  <testcase name="testLongColSubtractLongScalarCheckedOutNullsRepeatsRetSmallInt" classname="org.apache.hadoop.hive.ql.exec.vector.expressions.gen.TestColumnScalarOperationVectorExpressionCheckedEvaluation" time="0"/>
  <testcase name="testDoubleScalarModuloLongColumnOutNullsColRepeatsRetDouble" classname="org.apache.hadoop.hive.ql.exec.vector.expressions.gen.TestColumnScalarOperationVectorExpressionCheckedEvaluation" time="0"/>
  <testcase name="testLongColSubtractLongScalarCheckedOutRepeatsColNullsRepeatsRetBigInt" classname="org.apache.hadoop.hive.ql.exec.vector.expressions.gen.TestColumnScalarOperationVectorExpressionCheckedEvaluation" time="0"/>
  <testcase name="testLongColModuloLongScalarCheckedOutRepeatsColNullsRepeatsRetBigInt" classname="org.apache.hadoop.hive.ql.exec.vector.expressions.gen.TestColumnScalarOperationVectorExpressionCheckedEvaluation" time="0.001"/>
  <testcase name="testDoubleColMultiplyDoubleScalarCheckedOutRepeatsColNullsRepeatsRetDouble" classname="org.apache.hadoop.hive.ql.exec.vector.expressions.gen.TestColumnScalarOperationVectorExpressionCheckedEvaluation" time="0"/>
  <testcase name="testDoubleScalarMultiplyLongColumnRetDouble" classname="org.apache.hadoop.hive.ql.exec.vector.expressions.gen.TestColumnScalarOperationVectorExpressionCheckedEvaluation" time="0"/>
  <testcase name="testDoubleColSubtractDoubleScalarCheckedOutRepeatsColNullsRepeatsRetDouble" classname="org.apache.hadoop.hive.ql.exec.vector.expressions.gen.TestColumnScalarOperationVectorExpressionCheckedEvaluation" time="0"/>
  <testcase name="testLongColMultiplyLongScalarCheckedOutRepeatsColNullsRepeatsRetBigInt" classname="org.apache.hadoop.hive.ql.exec.vector.expressions.gen.TestColumnScalarOperationVectorExpressionCheckedEvaluation" time="0"/>
  <testcase name="testLongColSubtractDoubleScalarCheckedOutRepeatsColNullsRepeatsRetFloat" classname="org.apache.hadoop.hive.ql.exec.vector.expressions.gen.TestColumnScalarOperationVectorExpressionCheckedEvaluation" time="0"/>
  <testcase name="testLongColModuloLongScalarCheckedOutNullsRepeatsRetTinyInt" classname="org.apache.hadoop.hive.ql.exec.vector.expressions.gen.TestColumnScalarOperationVectorExpressionCheckedEvaluation" time="0.001"/>
  <testcase name="testDoubleScalarAddDoubleColumnRetDouble" classname="org.apache.hadoop.hive.ql.exec.vector.expressions.gen.TestColumnScalarOperationVectorExpressionCheckedEvaluation" time="0"/>
  <testcase name="testDoubleScalarModuloLongColumnOutRepeatsColNullsRepeatsRetFloat" classname="org.apache.hadoop.hive.ql.exec.vector.expressions.gen.TestColumnScalarOperationVectorExpressionCheckedEvaluation" time="0"/>
  <testcase name="testDoubleScalarAddDoubleColumnOutRepeatsColNullsRepeatsRetDouble" classname="org.apache.hadoop.hive.ql.exec.vector.expressions.gen.TestColumnScalarOperationVectorExpressionCheckedEvaluation" time="0"/>
  <testcase name="testLongColAddLongScalarCheckedOutRepeatsColNullsRepeatsRetBigInt" classname="org.apache.hadoop.hive.ql.exec.vector.expressions.gen.TestColumnScalarOperationVectorExpressionCheckedEvaluation" time="0"/>
  <testcase name="testLongScalarAddDoubleColumnOutNullsRepeatsRetFloat" classname="org.apache.hadoop.hive.ql.exec.vector.expressions.gen.TestColumnScalarOperationVectorExpressionCheckedEvaluation" time="0"/>
  <testcase name="testLongColAddDoubleScalarCheckedRetFloat" classname="org.apache.hadoop.hive.ql.exec.vector.expressions.gen.TestColumnScalarOperationVectorExpressionCheckedEvaluation" time="0"/>
  <testcase name="testLongScalarModuloDoubleColumnOutNullsColNullsRetFloat" classname="org.apache.hadoop.hive.ql.exec.vector.expressions.gen.TestColumnScalarOperationVectorExpressionCheckedEvaluation" time="0.001"/>
  <testcase name="testIntervalYearMonthScalarSubtractIntervalYearMonthColumnOutNullsRepeatsRetDouble" classname="org.apache.hadoop.hive.ql.exec.vector.expressions.gen.TestColumnScalarOperationVectorExpressionCheckedEvaluation" time="0"/>
  <testcase name="testLongColSubtractLongScalarCheckedRetInt" classname="org.apache.hadoop.hive.ql.exec.vector.expressions.gen.TestColumnScalarOperationVectorExpressionCheckedEvaluation" time="0"/>
  <testcase name="testLongColAddLongScalarCheckedOutNullsRepeatsRetBigInt" classname="org.apache.hadoop.hive.ql.exec.vector.expressions.gen.TestColumnScalarOperationVectorExpressionCheckedEvaluation" time="0"/>
  <testcase name="testLongScalarDivideDoubleColumnRetDouble" classname="org.apache.hadoop.hive.ql.exec.vector.expressions.gen.TestColumnScalarOperationVectorExpressionCheckedEvaluation" time="0"/>
  <testcase name="testLongColAddLongScalarCheckedOutNullsColNullsRetInt" classname="org.apache.hadoop.hive.ql.exec.vector.expressions.gen.TestColumnScalarOperationVectorExpressionCheckedEvaluation" time="0.001"/>
  <testcase name="testLongColMultiplyLongScalarCheckedOutNullsColNullsRetTinyInt" classname="org.apache.hadoop.hive.ql.exec.vector.expressions.gen.TestColumnScalarOperationVectorExpressionCheckedEvaluation" time="0"/>
  <testcase name="testLongColModuloLongScalarCheckedOutNullsColNullsRetInt" classname="org.apache.hadoop.hive.ql.exec.vector.expressions.gen.TestColumnScalarOperationVectorExpressionCheckedEvaluation" time="0"/>
  <testcase name="testDoubleColSubtractDoubleScalarCheckedOutNullsColNullsRetFloat" classname="org.apache.hadoop.hive.ql.exec.vector.expressions.gen.TestColumnScalarOperationVectorExpressionCheckedEvaluation" time="0"/>
  <testcase name="testLongScalarAddDoubleColumnOutNullsColRepeatsRetDouble" classname="org.apache.hadoop.hive.ql.exec.vector.expressions.gen.TestColumnScalarOperationVectorExpressionCheckedEvaluation" time="0"/>
  <testcase name="testLongScalarMultiplyDoubleColumnOutRepeatsColNullsRepeatsRetFloat" classname="org.apache.hadoop.hive.ql.exec.vector.expressions.gen.TestColumnScalarOperationVectorExpressionCheckedEvaluation" time="0"/>
  <testcase name="testLongScalarDivideDoubleColumnOutNullsColRepeatsRetFloat" classname="org.apache.hadoop.hive.ql.exec.vector.expressions.gen.TestColumnScalarOperationVectorExpressionCheckedEvaluation" time="0"/>
  <testcase name="testDoubleScalarSubtractDoubleColumnOutNullsRepeatsRetDouble" classname="org.apache.hadoop.hive.ql.exec.vector.expressions.gen.TestColumnScalarOperationVectorExpressionCheckedEvaluation" time="0"/>
  <testcase name="testDoubleColModuloLongScalarCheckedOutNullsRepeatsRetDouble" classname="org.apache.hadoop.hive.ql.exec.vector.expressions.gen.TestColumnScalarOperationVectorExpressionCheckedEvaluation" time="0"/>
  <testcase name="testLongScalarSubtractLongColumnOutNullsRepeatsRetTinyInt" classname="org.apache.hadoop.hive.ql.exec.vector.expressions.gen.TestColumnScalarOperationVectorExpressionCheckedEvaluation" time="0"/>
  <testcase name="testDoubleColModuloDoubleScalarCheckedOutNullsColRepeatsRetDouble" classname="org.apache.hadoop.hive.ql.exec.vector.expressions.gen.TestColumnScalarOperationVectorExpressionCheckedEvaluation" time="0"/>
  <testcase name="testLongScalarDivideDoubleColumnOutNullsRepeatsRetFloat" classname="org.apache.hadoop.hive.ql.exec.vector.expressions.gen.TestColumnScalarOperationVectorExpressionCheckedEvaluation" time="0.001"/>
  <testcase name="testDoubleColModuloLongScalarCheckedRetFloat" classname="org.apache.hadoop.hive.ql.exec.vector.expressions.gen.TestColumnScalarOperationVectorExpressionCheckedEvaluation" time="0"/>
  <testcase name="testDoubleScalarDivideDoubleColumnOutNullsColNullsRetDouble" classname="org.apache.hadoop.hive.ql.exec.vector.expressions.gen.TestColumnScalarOperationVectorExpressionCheckedEvaluation" time="0"/>
  <testcase name="testLongScalarMultiplyLongColumnOutRepeatsColNullsRepeatsRetTinyInt" classname="org.apache.hadoop.hive.ql.exec.vector.expressions.gen.TestColumnScalarOperationVectorExpressionCheckedEvaluation" time="0"/>
  <testcase name="testIntervalYearMonthScalarAddIntervalYearMonthColumnOutNullsColNullsRetDouble" classname="org.apache.hadoop.hive.ql.exec.vector.expressions.gen.TestColumnScalarOperationVectorExpressionCheckedEvaluation" time="0"/>
  <testcase name="testDoubleColMultiplyDoubleScalarCheckedOutNullsColNullsRetDouble" classname="org.apache.hadoop.hive.ql.exec.vector.expressions.gen.TestColumnScalarOperationVectorExpressionCheckedEvaluation" time="0"/>
  <testcase name="testDoubleColModuloDoubleScalarCheckedOutNullsColNullsRetFloat" classname="org.apache.hadoop.hive.ql.exec.vector.expressions.gen.TestColumnScalarOperationVectorExpressionCheckedEvaluation" time="0.001"/>
  <testcase name="testDoubleScalarDivideDoubleColumnRetFloat" classname="org.apache.hadoop.hive.ql.exec.vector.expressions.gen.TestColumnScalarOperationVectorExpressionCheckedEvaluation" time="0"/>
  <testcase name="testLongScalarSubtractLongColumnOutNullsColRepeatsRetInt" classname="org.apache.hadoop.hive.ql.exec.vector.expressions.gen.TestColumnScalarOperationVectorExpressionCheckedEvaluation" time="0"/>
  <testcase name="testLongColModuloDoubleScalarCheckedOutRepeatsColNullsRepeatsRetFloat" classname="org.apache.hadoop.hive.ql.exec.vector.expressions.gen.TestColumnScalarOperationVectorExpressionCheckedEvaluation" time="0"/>
  <testcase name="testDoubleScalarMultiplyLongColumnOutNullsColRepeatsRetDouble" classname="org.apache.hadoop.hive.ql.exec.vector.expressions.gen.TestColumnScalarOperationVectorExpressionCheckedEvaluation" time="0"/>
  <testcase name="testLongScalarAddLongColumnOutNullsRepeatsRetBigInt" classname="org.apache.hadoop.hive.ql.exec.vector.expressions.gen.TestColumnScalarOperationVectorExpressionCheckedEvaluation" time="0"/>
  <testcase name="testLongScalarMultiplyLongColumnOutNullsColNullsRetTinyInt" classname="org.apache.hadoop.hive.ql.exec.vector.expressions.gen.TestColumnScalarOperationVectorExpressionCheckedEvaluation" time="0"/>
  <testcase name="testDoubleScalarDivideDoubleColumnOutNullsColRepeatsRetFloat" classname="org.apache.hadoop.hive.ql.exec.vector.expressions.gen.TestColumnScalarOperationVectorExpressionCheckedEvaluation" time="0"/>
  <testcase name="testLongScalarAddLongColumnOutRepeatsColNullsRepeatsRetBigInt" classname="org.apache.hadoop.hive.ql.exec.vector.expressions.gen.TestColumnScalarOperationVectorExpressionCheckedEvaluation" time="0"/>
  <testcase name="testLongScalarMultiplyLongColumnRetSmallInt" classname="org.apache.hadoop.hive.ql.exec.vector.expressions.gen.TestColumnScalarOperationVectorExpressionCheckedEvaluation" time="0"/>
  <testcase name="testLongColSubtractLongScalarCheckedOutNullsColRepeatsRetBigInt" classname="org.apache.hadoop.hive.ql.exec.vector.expressions.gen.TestColumnScalarOperationVectorExpressionCheckedEvaluation" time="0.001"/>
  <testcase name="testLongColMultiplyDoubleScalarCheckedOutNullsRepeatsRetFloat" classname="org.apache.hadoop.hive.ql.exec.vector.expressions.gen.TestColumnScalarOperationVectorExpressionCheckedEvaluation" time="0"/>
  <testcase name="testLongScalarSubtractLongColumnOutNullsColRepeatsRetSmallInt" classname="org.apache.hadoop.hive.ql.exec.vector.expressions.gen.TestColumnScalarOperationVectorExpressionCheckedEvaluation" time="0"/>
  <testcase name="testDoubleColModuloDoubleScalarCheckedRetDouble" classname="org.apache.hadoop.hive.ql.exec.vector.expressions.gen.TestColumnScalarOperationVectorExpressionCheckedEvaluation" time="0"/>
  <testcase name="testDoubleScalarAddDoubleColumnOutNullsColNullsRetDouble" classname="org.apache.hadoop.hive.ql.exec.vector.expressions.gen.TestColumnScalarOperationVectorExpressionCheckedEvaluation" time="0"/>
  <testcase name="testLongColMultiplyDoubleScalarCheckedRetFloat" classname="org.apache.hadoop.hive.ql.exec.vector.expressions.gen.TestColumnScalarOperationVectorExpressionCheckedEvaluation" time="0"/>
  <testcase name="testLongScalarMultiplyLongColumnOutNullsColRepeatsRetBigInt" classname="org.apache.hadoop.hive.ql.exec.vector.expressions.gen.TestColumnScalarOperationVectorExpressionCheckedEvaluation" time="0.001"/>
  <testcase name="testDoubleScalarMultiplyLongColumnOutNullsColNullsRetDouble" classname="org.apache.hadoop.hive.ql.exec.vector.expressions.gen.TestColumnScalarOperationVectorExpressionCheckedEvaluation" time="0"/>
  <testcase name="testLongScalarDivideDoubleColumnRetFloat" classname="org.apache.hadoop.hive.ql.exec.vector.expressions.gen.TestColumnScalarOperationVectorExpressionCheckedEvaluation" time="0"/>
  <testcase name="testIntervalYearMonthScalarAddIntervalYearMonthColumnOutRepeatsColNullsRepeatsRetFloat" classname="org.apache.hadoop.hive.ql.exec.vector.expressions.gen.TestColumnScalarOperationVectorExpressionCheckedEvaluation" time="0"/>
  <testcase name="testLongScalarSubtractLongColumnOutNullsColNullsRetInt" classname="org.apache.hadoop.hive.ql.exec.vector.expressions.gen.TestColumnScalarOperationVectorExpressionCheckedEvaluation" time="0"/>
  <testcase name="testLongScalarMultiplyLongColumnOutNullsColRepeatsRetInt" classname="org.apache.hadoop.hive.ql.exec.vector.expressions.gen.TestColumnScalarOperationVectorExpressionCheckedEvaluation" time="0"/>
  <testcase name="testIntervalYearMonthScalarAddIntervalYearMonthColumnOutRepeatsColNullsRepeatsRetDouble" classname="org.apache.hadoop.hive.ql.exec.vector.expressions.gen.TestColumnScalarOperationVectorExpressionCheckedEvaluation" time="0"/>
  <testcase name="testLongScalarDivideDoubleColumnOutNullsRepeatsRetDouble" classname="org.apache.hadoop.hive.ql.exec.vector.expressions.gen.TestColumnScalarOperationVectorExpressionCheckedEvaluation" time="0.001"/>
  <testcase name="testLongScalarAddLongColumnOutNullsRepeatsRetTinyInt" classname="org.apache.hadoop.hive.ql.exec.vector.expressions.gen.TestColumnScalarOperationVectorExpressionCheckedEvaluation" time="0"/>
  <testcase name="testLongColModuloLongScalarCheckedOutNullsColRepeatsRetInt" classname="org.apache.hadoop.hive.ql.exec.vector.expressions.gen.TestColumnScalarOperationVectorExpressionCheckedEvaluation" time="0"/>
  <testcase name="testLongScalarMultiplyLongColumnOutRepeatsColNullsRepeatsRetInt" classname="org.apache.hadoop.hive.ql.exec.vector.expressions.gen.TestColumnScalarOperationVectorExpressionCheckedEvaluation" time="0"/>
  <testcase name="testDoubleColModuloLongScalarCheckedRetDouble" classname="org.apache.hadoop.hive.ql.exec.vector.expressions.gen.TestColumnScalarOperationVectorExpressionCheckedEvaluation" time="0"/>
  <testcase name="testLongColSubtractDoubleScalarCheckedRetFloat" classname="org.apache.hadoop.hive.ql.exec.vector.expressions.gen.TestColumnScalarOperationVectorExpressionCheckedEvaluation" time="0"/>
  <testcase name="testDoubleScalarMultiplyLongColumnRetFloat" classname="org.apache.hadoop.hive.ql.exec.vector.expressions.gen.TestColumnScalarOperationVectorExpressionCheckedEvaluation" time="0"/>
  <testcase name="testDoubleColMultiplyDoubleScalarCheckedRetDouble" classname="org.apache.hadoop.hive.ql.exec.vector.expressions.gen.TestColumnScalarOperationVectorExpressionCheckedEvaluation" time="0"/>
  <testcase name="testLongColModuloDoubleScalarCheckedOutRepeatsColNullsRepeatsRetDouble" classname="org.apache.hadoop.hive.ql.exec.vector.expressions.gen.TestColumnScalarOperationVectorExpressionCheckedEvaluation" time="0"/>
  <testcase name="testLongScalarAddDoubleColumnOutRepeatsColNullsRepeatsRetFloat" classname="org.apache.hadoop.hive.ql.exec.vector.expressions.gen.TestColumnScalarOperationVectorExpressionCheckedEvaluation" time="0.001"/>
  <testcase name="testLongColModuloLongScalarCheckedRetInt" classname="org.apache.hadoop.hive.ql.exec.vector.expressions.gen.TestColumnScalarOperationVectorExpressionCheckedEvaluation" time="0"/>
  <testcase name="testDoubleColAddDoubleScalarCheckedOutNullsRepeatsRetFloat" classname="org.apache.hadoop.hive.ql.exec.vector.expressions.gen.TestColumnScalarOperationVectorExpressionCheckedEvaluation" time="0"/>
  <testcase name="testLongColAddLongScalarCheckedRetSmallInt" classname="org.apache.hadoop.hive.ql.exec.vector.expressions.gen.TestColumnScalarOperationVectorExpressionCheckedEvaluation" time="0"/>
  <testcase name="testLongScalarAddDoubleColumnRetFloat" classname="org.apache.hadoop.hive.ql.exec.vector.expressions.gen.TestColumnScalarOperationVectorExpressionCheckedEvaluation" time="0"/>
  <testcase name="testLongScalarModuloDoubleColumnRetDouble" classname="org.apache.hadoop.hive.ql.exec.vector.expressions.gen.TestColumnScalarOperationVectorExpressionCheckedEvaluation" time="0"/>
  <testcase name="testLongScalarMultiplyLongColumnRetTinyInt" classname="org.apache.hadoop.hive.ql.exec.vector.expressions.gen.TestColumnScalarOperationVectorExpressionCheckedEvaluation" time="0"/>
  <testcase name="testDoubleScalarSubtractLongColumnRetFloat" classname="org.apache.hadoop.hive.ql.exec.vector.expressions.gen.TestColumnScalarOperationVectorExpressionCheckedEvaluation" time="0"/>
  <testcase name="testLongColSubtractLongScalarCheckedOutNullsRepeatsRetInt" classname="org.apache.hadoop.hive.ql.exec.vector.expressions.gen.TestColumnScalarOperationVectorExpressionCheckedEvaluation" time="0"/>
  <testcase name="testDoubleColAddLongScalarCheckedOutNullsRepeatsRetDouble" classname="org.apache.hadoop.hive.ql.exec.vector.expressions.gen.TestColumnScalarOperationVectorExpressionCheckedEvaluation" time="0"/>
  <testcase name="testDoubleScalarDivideLongColumnOutNullsRepeatsRetDouble" classname="org.apache.hadoop.hive.ql.exec.vector.expressions.gen.TestColumnScalarOperationVectorExpressionCheckedEvaluation" time="0.001"/>
  <testcase name="testLongScalarDivideDoubleColumnOutNullsColNullsRetDouble" classname="org.apache.hadoop.hive.ql.exec.vector.expressions.gen.TestColumnScalarOperationVectorExpressionCheckedEvaluation" time="0"/>
  <testcase name="testLongScalarAddLongColumnOutRepeatsColNullsRepeatsRetTinyInt" classname="org.apache.hadoop.hive.ql.exec.vector.expressions.gen.TestColumnScalarOperationVectorExpressionCheckedEvaluation" time="0"/>
  <testcase name="testLongScalarSubtractLongColumnOutNullsRepeatsRetSmallInt" classname="org.apache.hadoop.hive.ql.exec.vector.expressions.gen.TestColumnScalarOperationVectorExpressionCheckedEvaluation" time="0"/>
</testsuite>